<?xml version="1.0" encoding="UTF-8"?>
<testsuite name="de.uka.ilkd.key.proof.runallproofs.RunAllProofsFunctional" tests="34" skipped="0" failures="0" errors="0" timestamp="2023-06-12T22:09:44" hostname="fv-az561-464" time="6633.361">
  <properties/>
  <testcase name="newBook" classname="de.uka.ilkd.key.proof.runallproofs.RunAllProofsFunctional" time="77.987"/>
  <testcase name="oldBook" classname="de.uka.ilkd.key.proof.runallproofs.RunAllProofsFunctional" time="22.598"/>
  <testcase name="comprehensions" classname="de.uka.ilkd.key.proof.runallproofs.RunAllProofsFunctional" time="95.231"/>
  <testcase name="performance" classname="de.uka.ilkd.key.proof.runallproofs.RunAllProofsFunctional" time="283.121"/>
  <testcase name="performancePOConstruction" classname="de.uka.ilkd.key.proof.runallproofs.RunAllProofsFunctional" time="96.776"/>
  <testcase name="applicationRestrictions" classname="de.uka.ilkd.key.proof.runallproofs.RunAllProofsFunctional" time="62.283"/>
  <testcase name="blockContracts" classname="de.uka.ilkd.key.proof.runallproofs.RunAllProofsFunctional" time="179.27"/>
  <testcase name="jmlAsserts" classname="de.uka.ilkd.key.proof.runallproofs.RunAllProofsFunctional" time="118.86"/>
  <testcase name="javaCard" classname="de.uka.ilkd.key.proof.runallproofs.RunAllProofsFunctional" time="171.58"/>
  <testcase name="list" classname="de.uka.ilkd.key.proof.runallproofs.RunAllProofsFunctional" time="318.623"/>
  <testcase name="list_ghost" classname="de.uka.ilkd.key.proof.runallproofs.RunAllProofsFunctional" time="80.179"/>
  <testcase name="list_recursive" classname="de.uka.ilkd.key.proof.runallproofs.RunAllProofsFunctional" time="27.746"/>
  <testcase name="list_seq" classname="de.uka.ilkd.key.proof.runallproofs.RunAllProofsFunctional" time="195.295"/>
  <testcase name="observer" classname="de.uka.ilkd.key.proof.runallproofs.RunAllProofsFunctional" time="122.249"/>
  <testcase name="removeDups" classname="de.uka.ilkd.key.proof.runallproofs.RunAllProofsFunctional" time="166.361"/>
  <testcase name="quicksort" classname="de.uka.ilkd.key.proof.runallproofs.RunAllProofsFunctional" time="141.317"/>
  <testcase name="simpleTests" classname="de.uka.ilkd.key.proof.runallproofs.RunAllProofsFunctional" time="193.077"/>
  <testcase name="SmansEtAl" classname="de.uka.ilkd.key.proof.runallproofs.RunAllProofsFunctional" time="243.194"/>
  <testcase name="VACID0" classname="de.uka.ilkd.key.proof.runallproofs.RunAllProofsFunctional" time="99.985"/>
  <testcase name="VSTTE10" classname="de.uka.ilkd.key.proof.runallproofs.RunAllProofsFunctional" time="231.535"/>
  <testcase name="WeideEtAl" classname="de.uka.ilkd.key.proof.runallproofs.RunAllProofsFunctional" time="36.007"/>
  <testcase name="arithmetic" classname="de.uka.ilkd.key.proof.runallproofs.RunAllProofsFunctional" time="623.3"/>
  <testcase name="arrays" classname="de.uka.ilkd.key.proof.runallproofs.RunAllProofsFunctional" time="73.064"/>
  <testcase name="javadl" classname="de.uka.ilkd.key.proof.runallproofs.RunAllProofsFunctional" time="785.184"/>
  <testcase name="FOL" classname="de.uka.ilkd.key.proof.runallproofs.RunAllProofsFunctional" time="346.025"/>
  <testcase name="strings" classname="de.uka.ilkd.key.proof.runallproofs.RunAllProofsFunctional" time="185.944"/>
  <testcase name="simple_info_flow" classname="de.uka.ilkd.key.proof.runallproofs.RunAllProofsFunctional" time="16.723"/>
  <testcase name="modelMethods" classname="de.uka.ilkd.key.proof.runallproofs.RunAllProofsFunctional" time="226.41"/>
  <testcase name="permissionHeap" classname="de.uka.ilkd.key.proof.runallproofs.RunAllProofsFunctional" time="1040.396"/>
  <testcase name="completionScopes" classname="de.uka.ilkd.key.proof.runallproofs.RunAllProofsFunctional" time="62.082"/>
  <testcase name="reload_examples" classname="de.uka.ilkd.key.proof.runallproofs.RunAllProofsFunctional" time="53.648"/>
  <testcase name="proofLoadRepair" classname="de.uka.ilkd.key.proof.runallproofs.RunAllProofsFunctional" time="23.191"/>
  <testcase name="switch" classname="de.uka.ilkd.key.proof.runallproofs.RunAllProofsFunctional" time="78.95"/>
  <testcase name="redux" classname="de.uka.ilkd.key.proof.runallproofs.RunAllProofsFunctional" time="155.144"/>
  <system-out><![CDATA[628        INFO  Test worker     d.u.i.k.p.r.p.StatisticsFile Running test newBook 
491        INFO  Timeout watchdog d.u.i.k.p.r.p.ForkedTestFileRunner Timeout watcher launched (2000 secs.) 
518        WARN  main            d.u.i.k.s.ProofSettings   No proof-settings could be loaded, using defaults java.io.FileNotFoundException: /home/runner/.key/proof-settings.props (No such file or directory)
	at java.base/java.io.FileInputStream.open0(Native Method)

565        INFO  main            d.u.i.k.p.r.p.TestFile    Now processing file /home/runner/work/key/key/key.core/../key.ui/examples/newBook/09.list_modelfield/ArrayList.add.key 
704        INFO  main            d.u.i.k.p.i.AbstractProblemLoader Loading environment from /home/runner/work/key/key/key.core/../key.ui/examples/newBook/09.list_modelfield/ArrayList.add.key 
744        DEBUG main            d.u.i.k.p.i.AbstractProblemLoader Environment load took 2.81ms 
1055       INFO  main            d.u.i.k.p.i.AbstractProblemLoader Creating init config 
2503       DEBUG main            d.u.i.k.j.TypeConverter   No LDT found for Meta 
2504       DEBUG main            d.u.i.k.j.TypeConverter   No LDT found for Meta 
2509       DEBUG main            d.u.i.k.j.TypeConverter   No LDT found for Meta 
2509       DEBUG main            d.u.i.k.j.TypeConverter   No LDT found for Meta 
4355       DEBUG main            d.u.i.k.j.TypeConverter   No LDT found for JavaBigintExpression 
10986      DEBUG main            d.u.i.k.p.i.AbstractProblemLoader Init config took 9.93s 
11159      INFO  main            d.u.i.k.p.i.AbstractProblemLoader Replaying proof ArrayList[List::add(int)].JML normal_behavior operation contract.0 
11208      DEBUG main            d.u.i.k.p.i.IntermediateProofReplayer Proof replay took 37.1ns 
33889      INFO  main            d.u.i.k.p.r.p.TestFile    ... finished proof: closed. 
34231      INFO  main            d.u.i.k.p.i.AbstractProblemLoader Loading environment from /home/runner/work/key/key/key.core/../key.ui/examples/newBook/09.list_modelfield/ArrayList.add.key.proof 
34231      DEBUG main            d.u.i.k.p.i.AbstractProblemLoader Environment load took 221.1ns 
34244      INFO  main            d.u.i.k.p.i.AbstractProblemLoader Creating init config 
37936      DEBUG main            d.u.i.k.p.i.AbstractProblemLoader Init config took 3.69s 
38017      INFO  main            d.u.i.k.p.i.AbstractProblemLoader Replaying proof ArrayList[List::add(int)].JML normal_behavior operation contract.0 
39300      DEBUG main            d.u.i.k.p.i.IntermediateProofReplayer Proof replay took 1.19s 
39314      DEBUG main            d.u.i.k.p.r.p.TestFile    ... success: reloaded. 
39320      INFO  main            d.u.i.k.p.r.p.TestFile    Now processing file /home/runner/work/key/key/key.core/../key.ui/examples/newBook/09.list_modelfield/ArrayList.remFirst.key 
39320      INFO  main            d.u.i.k.p.i.AbstractProblemLoader Loading environment from /home/runner/work/key/key/key.core/../key.ui/examples/newBook/09.list_modelfield/ArrayList.remFirst.key 
39320      DEBUG main            d.u.i.k.p.i.AbstractProblemLoader Environment load took 99.5ns 
39327      INFO  main            d.u.i.k.p.i.AbstractProblemLoader Creating init config 
43059      DEBUG main            d.u.i.k.p.i.AbstractProblemLoader Init config took 3.73s 
43142      INFO  main            d.u.i.k.p.i.AbstractProblemLoader Replaying proof ArrayList[List::remFirst()].JML normal_behavior operation contract.0 
43147      DEBUG main            d.u.i.k.p.i.IntermediateProofReplayer Proof replay took 7.5ns 
48557      INFO  main            d.u.i.k.p.r.p.TestFile    ... finished proof: closed. 
48835      INFO  main            d.u.i.k.p.i.AbstractProblemLoader Loading environment from /home/runner/work/key/key/key.core/../key.ui/examples/newBook/09.list_modelfield/ArrayList.remFirst.key.proof 
48836      DEBUG main            d.u.i.k.p.i.AbstractProblemLoader Environment load took 196.7ns 
48839      INFO  main            d.u.i.k.p.i.AbstractProblemLoader Creating init config 
52319      DEBUG main            d.u.i.k.p.i.AbstractProblemLoader Init config took 3.48s 
52400      INFO  main            d.u.i.k.p.i.AbstractProblemLoader Replaying proof ArrayList[List::remFirst()].JML normal_behavior operation contract.0 
52885      DEBUG main            d.u.i.k.p.i.IntermediateProofReplayer Proof replay took 459.59ms 
52889      DEBUG main            d.u.i.k.p.r.p.TestFile    ... success: reloaded. 
52890      INFO  main            d.u.i.k.p.r.p.TestFile    Now processing file /home/runner/work/key/key/key.core/../key.ui/examples/newBook/09.list_modelfield/ArrayList.empty.key 
52892      INFO  main            d.u.i.k.p.i.AbstractProblemLoader Loading environment from /home/runner/work/key/key/key.core/../key.ui/examples/newBook/09.list_modelfield/ArrayList.empty.key 
52892      DEBUG main            d.u.i.k.p.i.AbstractProblemLoader Environment load took 499.2ns 
52894      INFO  main            d.u.i.k.p.i.AbstractProblemLoader Creating init config 
56264      DEBUG main            d.u.i.k.p.i.AbstractProblemLoader Init config took 3.37s 
56326      INFO  main            d.u.i.k.p.i.AbstractProblemLoader Replaying proof ArrayList[List::empty()].JML normal_behavior operation contract.0 
56328      DEBUG main            d.u.i.k.p.i.IntermediateProofReplayer Proof replay took 6.4ns 
57640      INFO  main            d.u.i.k.p.r.p.TestFile    ... finished proof: closed. 
57879      INFO  main            d.u.i.k.p.i.AbstractProblemLoader Loading environment from /home/runner/work/key/key/key.core/../key.ui/examples/newBook/09.list_modelfield/ArrayList.empty.key.proof 
57879      DEBUG main            d.u.i.k.p.i.AbstractProblemLoader Environment load took 151.8ns 
57881      INFO  main            d.u.i.k.p.i.AbstractProblemLoader Creating init config 
61201      DEBUG main            d.u.i.k.p.i.AbstractProblemLoader Init config took 3.32s 
61264      INFO  main            d.u.i.k.p.i.AbstractProblemLoader Replaying proof ArrayList[List::empty()].JML normal_behavior operation contract.0 
61384      DEBUG main            d.u.i.k.p.i.IntermediateProofReplayer Proof replay took 109.5ms 
61387      DEBUG main            d.u.i.k.p.r.p.TestFile    ... success: reloaded. 
61388      INFO  main            d.u.i.k.p.r.p.TestFile    Now processing file /home/runner/work/key/key/key.core/../key.ui/examples/newBook/09.list_modelfield/ArrayList.size.key 
61390      INFO  main            d.u.i.k.p.i.AbstractProblemLoader Loading environment from /home/runner/work/key/key/key.core/../key.ui/examples/newBook/09.list_modelfield/ArrayList.size.key 
61390      DEBUG main            d.u.i.k.p.i.AbstractProblemLoader Environment load took 704.3ns 
61392      INFO  main            d.u.i.k.p.i.AbstractProblemLoader Creating init config 
64825      DEBUG main            d.u.i.k.p.i.AbstractProblemLoader Init config took 3.43s 
64906      INFO  main            d.u.i.k.p.i.AbstractProblemLoader Replaying proof ArrayList[List::size()].JML normal_behavior operation contract.0 
64910      DEBUG main            d.u.i.k.p.i.IntermediateProofReplayer Proof replay took 5.5ns 
65417      INFO  main            d.u.i.k.p.r.p.TestFile    ... finished proof: closed. 
65642      INFO  main            d.u.i.k.p.i.AbstractProblemLoader Loading environment from /home/runner/work/key/key/key.core/../key.ui/examples/newBook/09.list_modelfield/ArrayList.size.key.proof 
65643      DEBUG main            d.u.i.k.p.i.AbstractProblemLoader Environment load took 4.02ms 
65645      INFO  main            d.u.i.k.p.i.AbstractProblemLoader Creating init config 
68940      DEBUG main            d.u.i.k.p.i.AbstractProblemLoader Init config took 3.29s 
68996      INFO  main            d.u.i.k.p.i.AbstractProblemLoader Replaying proof ArrayList[List::size()].JML normal_behavior operation contract.0 
69044      DEBUG main            d.u.i.k.p.i.IntermediateProofReplayer Proof replay took 42.94ms 
69046      DEBUG main            d.u.i.k.p.r.p.TestFile    ... success: reloaded. 
69047      INFO  main            d.u.i.k.p.r.p.TestFile    Now processing file /home/runner/work/key/key/key.core/../key.ui/examples/newBook/09.list_modelfield/ArrayList.get.key 
69047      INFO  main            d.u.i.k.p.i.AbstractProblemLoader Loading environment from /home/runner/work/key/key/key.core/../key.ui/examples/newBook/09.list_modelfield/ArrayList.get.key 
69048      DEBUG main            d.u.i.k.p.i.AbstractProblemLoader Environment load took 119.8ns 
69049      INFO  main            d.u.i.k.p.i.AbstractProblemLoader Creating init config 
72435      DEBUG main            d.u.i.k.p.i.AbstractProblemLoader Init config took 3.39s 
72498      INFO  main            d.u.i.k.p.i.AbstractProblemLoader Replaying proof ArrayList[List::get(int)].JML normal_behavior operation contract.0 
72499      DEBUG main            d.u.i.k.p.i.IntermediateProofReplayer Proof replay took 5.9ns 
73832      INFO  main            d.u.i.k.p.r.p.TestFile    ... finished proof: closed. 
74048      INFO  main            d.u.i.k.p.i.AbstractProblemLoader Loading environment from /home/runner/work/key/key/key.core/../key.ui/examples/newBook/09.list_modelfield/ArrayList.get.key.proof 
74049      DEBUG main            d.u.i.k.p.i.AbstractProblemLoader Environment load took 1.02ms 
74051      INFO  main            d.u.i.k.p.i.AbstractProblemLoader Creating init config 
77421      DEBUG main            d.u.i.k.p.i.AbstractProblemLoader Init config took 3.37s 
77494      INFO  main            d.u.i.k.p.i.AbstractProblemLoader Replaying proof ArrayList[List::get(int)].JML normal_behavior operation contract.0 
77583      DEBUG main            d.u.i.k.p.i.IntermediateProofReplayer Proof replay took 79.94ms 
77586      DEBUG main            d.u.i.k.p.r.p.TestFile    ... success: reloaded. 
78578      INFO  Test worker     d.u.i.k.p.r.p.StatisticsFile Returning from test newBook 
78612      INFO  Test worker     d.u.i.k.p.r.p.StatisticsFile Running test oldBook 
549        INFO  Timeout watchdog d.u.i.k.p.r.p.ForkedTestFileRunner Timeout watcher launched (2000 secs.) 
561        WARN  main            d.u.i.k.s.ProofSettings   The settings in /home/runner/.key/proof-settings.props are *not* read. 
595        INFO  main            d.u.i.k.p.r.p.TestFile    Now processing file /home/runner/work/key/key/key.core/../key.ui/examples/standard_key/BookExamples/02FirstOrderLogic/Ex2.58.key 
726        INFO  main            d.u.i.k.p.i.AbstractProblemLoader Loading environment from /home/runner/work/key/key/key.core/../key.ui/examples/standard_key/BookExamples/02FirstOrderLogic/Ex2.58.key 
750        DEBUG main            d.u.i.k.p.i.AbstractProblemLoader Environment load took 3.56ms 
1082       INFO  main            d.u.i.k.p.i.AbstractProblemLoader Creating init config 
2471       DEBUG main            d.u.i.k.j.TypeConverter   No LDT found for Meta 
2471       DEBUG main            d.u.i.k.j.TypeConverter   No LDT found for Meta 
2502       DEBUG main            d.u.i.k.j.TypeConverter   No LDT found for Meta 
2502       DEBUG main            d.u.i.k.j.TypeConverter   No LDT found for Meta 
4269       DEBUG main            d.u.i.k.j.TypeConverter   No LDT found for JavaBigintExpression 
10582      DEBUG main            d.u.i.k.p.i.AbstractProblemLoader Init config took 9.5s 
10662      INFO  main            d.u.i.k.p.i.AbstractProblemLoader Replaying proof Ex2.58.key 
10713      DEBUG main            d.u.i.k.p.i.IntermediateProofReplayer Proof replay took 38.7ns 
10921      INFO  main            d.u.i.k.p.r.p.TestFile    ... finished proof: closed. 
11114      INFO  main            d.u.i.k.p.i.AbstractProblemLoader Loading environment from /home/runner/work/key/key/key.core/../key.ui/examples/standard_key/BookExamples/02FirstOrderLogic/Ex2.58.key.proof 
11115      DEBUG main            d.u.i.k.p.i.AbstractProblemLoader Environment load took 198.8ns 
11135      INFO  main            d.u.i.k.p.i.AbstractProblemLoader Creating init config 
14715      DEBUG main            d.u.i.k.p.i.AbstractProblemLoader Init config took 3.58s 
14755      INFO  main            d.u.i.k.p.i.AbstractProblemLoader Replaying proof Ex2.58.key.proof 
14764      DEBUG main            d.u.i.k.p.i.IntermediateProofReplayer Proof replay took 3.62ms 
14783      DEBUG main            d.u.i.k.p.r.p.TestFile    ... success: reloaded. 
14786      INFO  main            d.u.i.k.p.r.p.TestFile    Now processing file /home/runner/work/key/key/key.core/../key.ui/examples/standard_key/BookExamples/03DynamicLogic/Sect3.3.1.key 
14786      INFO  main            d.u.i.k.p.i.AbstractProblemLoader Loading environment from /home/runner/work/key/key/key.core/../key.ui/examples/standard_key/BookExamples/03DynamicLogic/Sect3.3.1.key 
14788      DEBUG main            d.u.i.k.p.i.AbstractProblemLoader Environment load took 1.55ms 
14795      INFO  main            d.u.i.k.p.i.AbstractProblemLoader Creating init config 
18099      DEBUG main            d.u.i.k.p.i.AbstractProblemLoader Init config took 3.3s 
18151      INFO  main            d.u.i.k.p.i.AbstractProblemLoader Replaying proof Sect3.3.1.key 
18156      DEBUG main            d.u.i.k.p.i.IntermediateProofReplayer Proof replay took 7.2ns 
18764      INFO  main            d.u.i.k.p.r.p.TestFile    ... finished proof: closed. 
18930      INFO  main            d.u.i.k.p.i.AbstractProblemLoader Loading environment from /home/runner/work/key/key/key.core/../key.ui/examples/standard_key/BookExamples/03DynamicLogic/Sect3.3.1.key.proof 
18932      DEBUG main            d.u.i.k.p.i.AbstractProblemLoader Environment load took 1.36ms 
18938      INFO  main            d.u.i.k.p.i.AbstractProblemLoader Creating init config 
22247      DEBUG main            d.u.i.k.p.i.AbstractProblemLoader Init config took 3.31s 
22292      INFO  main            d.u.i.k.p.i.AbstractProblemLoader Replaying proof Sect3.3.1.key.proof 
22365      DEBUG main            d.u.i.k.p.i.IntermediateProofReplayer Proof replay took 67.85ms 
22366      DEBUG main            d.u.i.k.p.r.p.TestFile    ... success: reloaded. 
101208     INFO  Test worker     d.u.i.k.p.r.p.StatisticsFile Returning from test oldBook 
101215     INFO  Test worker     d.u.i.k.p.r.p.StatisticsFile Running test comprehensions 
480        INFO  Timeout watchdog d.u.i.k.p.r.p.ForkedTestFileRunner Timeout watcher launched (2000 secs.) 
514        WARN  main            d.u.i.k.s.ProofSettings   The settings in /home/runner/.key/proof-settings.props are *not* read. 
552        INFO  main            d.u.i.k.p.r.p.TestFile    Now processing file /home/runner/work/key/key/key.core/../key.ui/examples/heap/comprehensions/general_sum.key 
688        INFO  main            d.u.i.k.p.i.AbstractProblemLoader Loading environment from /home/runner/work/key/key/key.core/../key.ui/examples/heap/comprehensions/general_sum.key 
710        DEBUG main            d.u.i.k.p.i.AbstractProblemLoader Environment load took 2.55ms 
1050       INFO  main            d.u.i.k.p.i.AbstractProblemLoader Creating init config 
2368       DEBUG main            d.u.i.k.j.TypeConverter   No LDT found for Meta 
2369       DEBUG main            d.u.i.k.j.TypeConverter   No LDT found for Meta 
2371       DEBUG main            d.u.i.k.j.TypeConverter   No LDT found for Meta 
2373       DEBUG main            d.u.i.k.j.TypeConverter   No LDT found for Meta 
4425       DEBUG main            d.u.i.k.j.TypeConverter   No LDT found for JavaBigintExpression 
11185      DEBUG main            d.u.i.k.p.i.AbstractProblemLoader Init config took 10.14s 
11407      INFO  main            d.u.i.k.p.i.AbstractProblemLoader Replaying proof GSum[GSum::doNothing()].JML operation contract.0 
11459      DEBUG main            d.u.i.k.p.i.IntermediateProofReplayer Proof replay took 41.6ns 
11991      INFO  main            d.u.i.k.p.r.p.TestFile    ... finished proof: closed. 
12128      INFO  main            d.u.i.k.p.i.AbstractProblemLoader Loading environment from /home/runner/work/key/key/key.core/../key.ui/examples/heap/comprehensions/general_sum.key.proof 
12128      DEBUG main            d.u.i.k.p.i.AbstractProblemLoader Environment load took 182ns 
12133      INFO  main            d.u.i.k.p.i.AbstractProblemLoader Creating init config 
15808      DEBUG main            d.u.i.k.p.i.AbstractProblemLoader Init config took 3.68s 
15897      INFO  main            d.u.i.k.p.i.AbstractProblemLoader Replaying proof GSum[GSum::doNothing()].JML operation contract.0 
15918      DEBUG main            d.u.i.k.p.i.IntermediateProofReplayer Proof replay took 14.64ms 
15926      DEBUG main            d.u.i.k.p.r.p.TestFile    ... success: reloaded. 
15928      INFO  main            d.u.i.k.p.r.p.TestFile    Now processing file /home/runner/work/key/key/key.core/../key.ui/examples/heap/comprehensions/sum0.key 
15929      INFO  main            d.u.i.k.p.i.AbstractProblemLoader Loading environment from /home/runner/work/key/key/key.core/../key.ui/examples/heap/comprehensions/sum0.key 
15929      DEBUG main            d.u.i.k.p.i.AbstractProblemLoader Environment load took 518.6ns 
15932      INFO  main            d.u.i.k.p.i.AbstractProblemLoader Creating init config 
19681      DEBUG main            d.u.i.k.p.i.AbstractProblemLoader Init config took 3.75s 
19760      INFO  main            d.u.i.k.p.i.AbstractProblemLoader Replaying proof Sum[Sum::sum0([I)].JML normal_behavior operation contract.0 
19763      DEBUG main            d.u.i.k.p.i.IntermediateProofReplayer Proof replay took 7.1ns 
19892      DEBUG Thread-4        d.u.i.k.l.l.OriginTermLabel commonFileName is null! 
19893      DEBUG Thread-4        d.u.i.k.l.l.OriginTermLabel commonFileName is null! 
20209      DEBUG Thread-4        d.u.i.k.l.l.OriginTermLabel commonFileName is null! 
20211      DEBUG Thread-4        d.u.i.k.l.l.OriginTermLabel commonFileName is null! 
20506      DEBUG Thread-4        d.u.i.k.l.l.OriginTermLabel commonFileName is null! 
20775      INFO  main            d.u.i.k.p.r.p.TestFile    ... finished proof: closed. 
20991      INFO  main            d.u.i.k.p.i.AbstractProblemLoader Loading environment from /home/runner/work/key/key/key.core/../key.ui/examples/heap/comprehensions/sum0.key.proof 
20991      DEBUG main            d.u.i.k.p.i.AbstractProblemLoader Environment load took 175.1ns 
20993      INFO  main            d.u.i.k.p.i.AbstractProblemLoader Creating init config 
24430      DEBUG main            d.u.i.k.p.i.AbstractProblemLoader Init config took 3.44s 
24511      INFO  main            d.u.i.k.p.i.AbstractProblemLoader Replaying proof Sum[Sum::sum0([I)].JML normal_behavior operation contract.0 
24572      DEBUG main            d.u.i.k.l.l.OriginTermLabel commonFileName is null! 
24572      DEBUG main            d.u.i.k.l.l.OriginTermLabel commonFileName is null! 
24661      DEBUG main            d.u.i.k.l.l.OriginTermLabel commonFileName is null! 
24723      DEBUG main            d.u.i.k.l.l.OriginTermLabel commonFileName is null! 
24723      DEBUG main            d.u.i.k.l.l.OriginTermLabel commonFileName is null! 
24728      DEBUG main            d.u.i.k.p.i.IntermediateProofReplayer Proof replay took 207ms 
24730      DEBUG main            d.u.i.k.p.r.p.TestFile    ... success: reloaded. 
24733      INFO  main            d.u.i.k.p.r.p.TestFile    Now processing file /home/runner/work/key/key/key.core/../key.ui/examples/heap/comprehensions/sum1.key 
24733      INFO  main            d.u.i.k.p.i.AbstractProblemLoader Loading environment from /home/runner/work/key/key/key.core/../key.ui/examples/heap/comprehensions/sum1.key 
24734      DEBUG main            d.u.i.k.p.i.AbstractProblemLoader Environment load took 394.4ns 
24738      INFO  main            d.u.i.k.p.i.AbstractProblemLoader Creating init config 
28148      DEBUG main            d.u.i.k.p.i.AbstractProblemLoader Init config took 3.41s 
28215      INFO  main            d.u.i.k.p.i.AbstractProblemLoader Replaying proof Sum[Sum::sum1([I)].JML normal_behavior operation contract.0 
28223      DEBUG main            d.u.i.k.p.i.IntermediateProofReplayer Proof replay took 8.1ns 
28327      DEBUG Thread-7        d.u.i.k.l.l.OriginTermLabel commonFileName is null! 
28329      DEBUG Thread-7        d.u.i.k.l.l.OriginTermLabel commonFileName is null! 
28603      DEBUG Thread-7        d.u.i.k.l.l.OriginTermLabel commonFileName is null! 
28604      DEBUG Thread-7        d.u.i.k.l.l.OriginTermLabel commonFileName is null! 
28846      DEBUG Thread-7        d.u.i.k.l.l.OriginTermLabel commonFileName is null! 
29234      INFO  main            d.u.i.k.p.r.p.TestFile    ... finished proof: closed. 
29427      INFO  main            d.u.i.k.p.i.AbstractProblemLoader Loading environment from /home/runner/work/key/key/key.core/../key.ui/examples/heap/comprehensions/sum1.key.proof 
29430      DEBUG main            d.u.i.k.p.i.AbstractProblemLoader Environment load took 2.22ms 
29431      INFO  main            d.u.i.k.p.i.AbstractProblemLoader Creating init config 
33969      DEBUG main            d.u.i.k.p.i.AbstractProblemLoader Init config took 4.54s 
34025      INFO  main            d.u.i.k.p.i.AbstractProblemLoader Replaying proof Sum[Sum::sum1([I)].JML normal_behavior operation contract.0 
34087      DEBUG main            d.u.i.k.l.l.OriginTermLabel commonFileName is null! 
34088      DEBUG main            d.u.i.k.l.l.OriginTermLabel commonFileName is null! 
34151      DEBUG main            d.u.i.k.l.l.OriginTermLabel commonFileName is null! 
34456      DEBUG main            d.u.i.k.l.l.OriginTermLabel commonFileName is null! 
34457      DEBUG main            d.u.i.k.l.l.OriginTermLabel commonFileName is null! 
34472      DEBUG main            d.u.i.k.p.i.IntermediateProofReplayer Proof replay took 419.74ms 
34473      DEBUG main            d.u.i.k.p.r.p.TestFile    ... success: reloaded. 
34482      INFO  main            d.u.i.k.p.r.p.TestFile    Now processing file /home/runner/work/key/key/key.core/../key.ui/examples/heap/comprehensions/sum2.key 
34483      INFO  main            d.u.i.k.p.i.AbstractProblemLoader Loading environment from /home/runner/work/key/key/key.core/../key.ui/examples/heap/comprehensions/sum2.key 
34483      DEBUG main            d.u.i.k.p.i.AbstractProblemLoader Environment load took 102ns 
34484      INFO  main            d.u.i.k.p.i.AbstractProblemLoader Creating init config 
38310      DEBUG main            d.u.i.k.p.i.AbstractProblemLoader Init config took 3.83s 
38554      INFO  main            d.u.i.k.p.i.AbstractProblemLoader Replaying proof Sum[Sum::sum2([I)].JML normal_behavior operation contract.0 
38556      DEBUG main            d.u.i.k.p.i.IntermediateProofReplayer Proof replay took 6.9ns 
38619      DEBUG Thread-10       d.u.i.k.l.l.OriginTermLabel commonFileName is null! 
38620      DEBUG Thread-10       d.u.i.k.l.l.OriginTermLabel commonFileName is null! 
38799      DEBUG Thread-10       d.u.i.k.l.l.OriginTermLabel commonFileName is null! 
38800      DEBUG Thread-10       d.u.i.k.l.l.OriginTermLabel commonFileName is null! 
38904      DEBUG Thread-10       d.u.i.k.l.l.OriginTermLabel commonFileName is null! 
39061      INFO  main            d.u.i.k.p.r.p.TestFile    ... finished proof: closed. 
39261      INFO  main            d.u.i.k.p.i.AbstractProblemLoader Loading environment from /home/runner/work/key/key/key.core/../key.ui/examples/heap/comprehensions/sum2.key.proof 
39262      DEBUG main            d.u.i.k.p.i.AbstractProblemLoader Environment load took 1.1ms 
39264      INFO  main            d.u.i.k.p.i.AbstractProblemLoader Creating init config 
43469      DEBUG main            d.u.i.k.p.i.AbstractProblemLoader Init config took 4.21s 
43548      INFO  main            d.u.i.k.p.i.AbstractProblemLoader Replaying proof Sum[Sum::sum2([I)].JML normal_behavior operation contract.0 
43580      DEBUG main            d.u.i.k.l.l.OriginTermLabel commonFileName is null! 
43580      DEBUG main            d.u.i.k.l.l.OriginTermLabel commonFileName is null! 
43621      DEBUG main            d.u.i.k.l.l.OriginTermLabel commonFileName is null! 
43648      DEBUG main            d.u.i.k.l.l.OriginTermLabel commonFileName is null! 
43648      DEBUG main            d.u.i.k.l.l.OriginTermLabel commonFileName is null! 
43651      DEBUG main            d.u.i.k.p.i.IntermediateProofReplayer Proof replay took 97.76ms 
43652      DEBUG main            d.u.i.k.p.r.p.TestFile    ... success: reloaded. 
43654      INFO  main            d.u.i.k.p.r.p.TestFile    Now processing file /home/runner/work/key/key/key.core/../key.ui/examples/heap/comprehensions/sum3.key 
43655      INFO  main            d.u.i.k.p.i.AbstractProblemLoader Loading environment from /home/runner/work/key/key/key.core/../key.ui/examples/heap/comprehensions/sum3.key 
43655      DEBUG main            d.u.i.k.p.i.AbstractProblemLoader Environment load took 449.5ns 
43657      INFO  main            d.u.i.k.p.i.AbstractProblemLoader Creating init config 
47772      DEBUG main            d.u.i.k.p.i.AbstractProblemLoader Init config took 4.11s 
47856      INFO  main            d.u.i.k.p.i.AbstractProblemLoader Replaying proof Sum[Sum::sum3([I)].JML normal_behavior operation contract.0 
47858      DEBUG main            d.u.i.k.p.i.IntermediateProofReplayer Proof replay took 7.4ns 
47923      DEBUG Thread-13       d.u.i.k.l.l.OriginTermLabel commonFileName is null! 
47925      DEBUG Thread-13       d.u.i.k.l.l.OriginTermLabel commonFileName is null! 
48064      DEBUG Thread-13       d.u.i.k.l.l.OriginTermLabel commonFileName is null! 
48072      DEBUG Thread-13       d.u.i.k.l.l.OriginTermLabel commonFileName is null! 
48176      DEBUG Thread-13       d.u.i.k.l.l.OriginTermLabel commonFileName is null! 
48370      INFO  main            d.u.i.k.p.r.p.TestFile    ... finished proof: closed. 
48777      INFO  main            d.u.i.k.p.i.AbstractProblemLoader Loading environment from /home/runner/work/key/key/key.core/../key.ui/examples/heap/comprehensions/sum3.key.proof 
48782      DEBUG main            d.u.i.k.p.i.AbstractProblemLoader Environment load took 4.88ms 
48787      INFO  main            d.u.i.k.p.i.AbstractProblemLoader Creating init config 
52923      DEBUG main            d.u.i.k.p.i.AbstractProblemLoader Init config took 4.14s 
52977      INFO  main            d.u.i.k.p.i.AbstractProblemLoader Replaying proof Sum[Sum::sum3([I)].JML normal_behavior operation contract.0 
53013      DEBUG main            d.u.i.k.l.l.OriginTermLabel commonFileName is null! 
53014      DEBUG main            d.u.i.k.l.l.OriginTermLabel commonFileName is null! 
53063      DEBUG main            d.u.i.k.l.l.OriginTermLabel commonFileName is null! 
53089      DEBUG main            d.u.i.k.l.l.OriginTermLabel commonFileName is null! 
53089      DEBUG main            d.u.i.k.l.l.OriginTermLabel commonFileName is null! 
53092      DEBUG main            d.u.i.k.p.i.IntermediateProofReplayer Proof replay took 110.36ms 
53093      DEBUG main            d.u.i.k.p.r.p.TestFile    ... success: reloaded. 
53097      INFO  main            d.u.i.k.p.r.p.TestFile    Now processing file /home/runner/work/key/key/key.core/../key.ui/examples/heap/comprehensions/segsum.key 
53098      INFO  main            d.u.i.k.p.i.AbstractProblemLoader Loading environment from /home/runner/work/key/key/key.core/../key.ui/examples/heap/comprehensions/segsum.key 
53099      DEBUG main            d.u.i.k.p.i.AbstractProblemLoader Environment load took 537.9ns 
53101      INFO  main            d.u.i.k.p.i.AbstractProblemLoader Creating init config 
56963      DEBUG main            d.u.i.k.p.i.AbstractProblemLoader Init config took 3.86s 
57017      INFO  main            d.u.i.k.p.i.AbstractProblemLoader Replaying proof SegSum[SegSum::segSum([I,int,int)].JML normal_behavior operation contract.0 
57019      DEBUG main            d.u.i.k.p.i.IntermediateProofReplayer Proof replay took 7.3ns 
57623      INFO  main            d.u.i.k.p.r.p.TestFile    ... finished proof: closed. 
57854      INFO  main            d.u.i.k.p.i.AbstractProblemLoader Loading environment from /home/runner/work/key/key/key.core/../key.ui/examples/heap/comprehensions/segsum.key.proof 
57854      DEBUG main            d.u.i.k.p.i.AbstractProblemLoader Environment load took 237.4ns 
57855      INFO  main            d.u.i.k.p.i.AbstractProblemLoader Creating init config 
61657      DEBUG main            d.u.i.k.p.i.AbstractProblemLoader Init config took 3.8s 
61712      INFO  main            d.u.i.k.p.i.AbstractProblemLoader Replaying proof SegSum[SegSum::segSum([I,int,int)].JML normal_behavior operation contract.0 
61821      DEBUG main            d.u.i.k.p.i.IntermediateProofReplayer Proof replay took 103.99ms 
61823      DEBUG main            d.u.i.k.p.r.p.TestFile    ... success: reloaded. 
61824      INFO  main            d.u.i.k.p.r.p.TestFile    Now processing file /home/runner/work/key/key/key.core/../key.ui/examples/heap/comprehensions/bsum_negative.key 
61825      INFO  main            d.u.i.k.p.i.AbstractProblemLoader Loading environment from /home/runner/work/key/key/key.core/../key.ui/examples/heap/comprehensions/bsum_negative.key 
61825      DEBUG main            d.u.i.k.p.i.AbstractProblemLoader Environment load took 85ns 
61829      INFO  main            d.u.i.k.p.i.AbstractProblemLoader Creating init config 
65804      DEBUG main            d.u.i.k.p.i.AbstractProblemLoader Init config took 3.97s 
65892      INFO  main            d.u.i.k.p.i.AbstractProblemLoader Replaying proof bsum_negative.key 
65895      DEBUG main            d.u.i.k.p.i.IntermediateProofReplayer Proof replay took 8.3ns 
65999      INFO  main            d.u.i.k.p.r.p.TestFile    ... finished proof: closed. 
66251      INFO  main            d.u.i.k.p.i.AbstractProblemLoader Loading environment from /home/runner/work/key/key/key.core/../key.ui/examples/heap/comprehensions/bsum_negative.key.proof 
66251      DEBUG main            d.u.i.k.p.i.AbstractProblemLoader Environment load took 155.2ns 
66255      INFO  main            d.u.i.k.p.i.AbstractProblemLoader Creating init config 
69878      DEBUG main            d.u.i.k.p.i.AbstractProblemLoader Init config took 3.62s 
69902      INFO  main            d.u.i.k.p.i.AbstractProblemLoader Replaying proof bsum_negative.key.proof 
69905      DEBUG main            d.u.i.k.p.i.IntermediateProofReplayer Proof replay took 1.41ms 
69906      DEBUG main            d.u.i.k.p.r.p.TestFile    ... success: reloaded. 
69907      INFO  main            d.u.i.k.p.r.p.TestFile    Now processing file /home/runner/work/key/key/key.core/../key.ui/examples/heap/comprehensions/bsum_neg2.key 
69907      INFO  main            d.u.i.k.p.i.AbstractProblemLoader Loading environment from /home/runner/work/key/key/key.core/../key.ui/examples/heap/comprehensions/bsum_neg2.key 
69908      DEBUG main            d.u.i.k.p.i.AbstractProblemLoader Environment load took 86.7ns 
69909      INFO  main            d.u.i.k.p.i.AbstractProblemLoader Creating init config 
73622      DEBUG main            d.u.i.k.p.i.AbstractProblemLoader Init config took 3.71s 
73645      INFO  main            d.u.i.k.p.i.AbstractProblemLoader Replaying proof bsum_neg2.key 
73647      DEBUG main            d.u.i.k.p.i.IntermediateProofReplayer Proof replay took 8.1ns 
73750      INFO  main            d.u.i.k.p.r.p.TestFile    ... finished proof: closed. 
74017      INFO  main            d.u.i.k.p.i.AbstractProblemLoader Loading environment from /home/runner/work/key/key/key.core/../key.ui/examples/heap/comprehensions/bsum_neg2.key.proof 
74017      DEBUG main            d.u.i.k.p.i.AbstractProblemLoader Environment load took 149.9ns 
74020      INFO  main            d.u.i.k.p.i.AbstractProblemLoader Creating init config 
77691      DEBUG main            d.u.i.k.p.i.AbstractProblemLoader Init config took 3.67s 
77716      INFO  main            d.u.i.k.p.i.AbstractProblemLoader Replaying proof bsum_neg2.key.proof 
77719      DEBUG main            d.u.i.k.p.i.IntermediateProofReplayer Proof replay took 916.51ns 
77720      DEBUG main            d.u.i.k.p.r.p.TestFile    ... success: reloaded. 
77720      INFO  main            d.u.i.k.p.r.p.TestFile    Now processing file /home/runner/work/key/key/key.core/../key.ui/examples/heap/comprehensions/bsumSplit.key 
77721      INFO  main            d.u.i.k.p.i.AbstractProblemLoader Loading environment from /home/runner/work/key/key/key.core/../key.ui/examples/heap/comprehensions/bsumSplit.key 
77721      DEBUG main            d.u.i.k.p.i.AbstractProblemLoader Environment load took 154.7ns 
77722      INFO  main            d.u.i.k.p.i.AbstractProblemLoader Creating init config 
81554      DEBUG main            d.u.i.k.p.i.AbstractProblemLoader Init config took 3.83s 
81573      INFO  main            d.u.i.k.p.i.AbstractProblemLoader Replaying proof bsumSplit.key 
81575      DEBUG main            d.u.i.k.p.i.IntermediateProofReplayer Proof replay took 8ns 
81762      INFO  main            d.u.i.k.p.r.p.TestFile    ... finished proof: closed. 
82066      INFO  main            d.u.i.k.p.i.AbstractProblemLoader Loading environment from /home/runner/work/key/key/key.core/../key.ui/examples/heap/comprehensions/bsumSplit.key.proof 
82067      DEBUG main            d.u.i.k.p.i.AbstractProblemLoader Environment load took 150.9ns 
82068      INFO  main            d.u.i.k.p.i.AbstractProblemLoader Creating init config 
85114      DEBUG main            d.u.i.k.p.i.AbstractProblemLoader Init config took 3.05s 
85137      INFO  main            d.u.i.k.p.i.AbstractProblemLoader Replaying proof bsumSplit.key.proof 
85145      DEBUG main            d.u.i.k.p.i.IntermediateProofReplayer Proof replay took 4.03ms 
85146      DEBUG main            d.u.i.k.p.r.p.TestFile    ... success: reloaded. 
85147      INFO  main            d.u.i.k.p.r.p.TestFile    Now processing file /home/runner/work/key/key/key.core/../key.ui/examples/heap/comprehensions/bprodSplit.key 
85148      INFO  main            d.u.i.k.p.i.AbstractProblemLoader Loading environment from /home/runner/work/key/key/key.core/../key.ui/examples/heap/comprehensions/bprodSplit.key 
85149      DEBUG main            d.u.i.k.p.i.AbstractProblemLoader Environment load took 479.5ns 
85150      INFO  main            d.u.i.k.p.i.AbstractProblemLoader Creating init config 
88174      DEBUG main            d.u.i.k.p.i.AbstractProblemLoader Init config took 3.02s 
88194      INFO  main            d.u.i.k.p.i.AbstractProblemLoader Replaying proof bprodSplit.key 
88202      DEBUG main            d.u.i.k.p.i.IntermediateProofReplayer Proof replay took 7.8ns 
88313      INFO  main            d.u.i.k.p.r.p.TestFile    ... finished proof: closed. 
88584      INFO  main            d.u.i.k.p.i.AbstractProblemLoader Loading environment from /home/runner/work/key/key/key.core/../key.ui/examples/heap/comprehensions/bprodSplit.key.proof 
88584      DEBUG main            d.u.i.k.p.i.AbstractProblemLoader Environment load took 131.5ns 
88590      INFO  main            d.u.i.k.p.i.AbstractProblemLoader Creating init config 
91574      DEBUG main            d.u.i.k.p.i.AbstractProblemLoader Init config took 2.98s 
91593      INFO  main            d.u.i.k.p.i.AbstractProblemLoader Replaying proof bprodSplit.key.proof 
91597      DEBUG main            d.u.i.k.p.i.IntermediateProofReplayer Proof replay took 2.08ms 
91598      DEBUG main            d.u.i.k.p.r.p.TestFile    ... success: reloaded. 
91599      INFO  main            d.u.i.k.p.r.p.TestFile    Now processing file /home/runner/work/key/key/key.core/../key.ui/examples/heap/comprehensions/bsumSplitInvalid.key 
91599      INFO  main            d.u.i.k.p.i.AbstractProblemLoader Loading environment from /home/runner/work/key/key/key.core/../key.ui/examples/heap/comprehensions/bsumSplitInvalid.key 
91599      DEBUG main            d.u.i.k.p.i.AbstractProblemLoader Environment load took 68.3ns 
91600      INFO  main            d.u.i.k.p.i.AbstractProblemLoader Creating init config 
94627      DEBUG main            d.u.i.k.p.i.AbstractProblemLoader Init config took 3.03s 
94645      INFO  main            d.u.i.k.p.i.AbstractProblemLoader Replaying proof bsumSplitInvalid.key 
94647      DEBUG main            d.u.i.k.p.i.IntermediateProofReplayer Proof replay took 8.2ns 
94752      INFO  main            d.u.i.k.p.r.p.TestFile    ... finished proof: open goal(s) 
196435     INFO  Test worker     d.u.i.k.p.r.p.StatisticsFile Returning from test comprehensions 
196442     INFO  Test worker     d.u.i.k.p.r.p.StatisticsFile Running test performance 
449        INFO  Timeout watchdog d.u.i.k.p.r.p.ForkedTestFileRunner Timeout watcher launched (2000 secs.) 
458        WARN  main            d.u.i.k.s.ProofSettings   The settings in /home/runner/.key/proof-settings.props are *not* read. 
509        INFO  main            d.u.i.k.p.r.p.TestFile    Now processing file /home/runner/work/key/key/key.core/../key.ui/examples/performance-test/Disjoint(Disjoint__disjoint_08()).JML_operation_contract.0.key 
635        INFO  main            d.u.i.k.p.i.AbstractProblemLoader Loading environment from /home/runner/work/key/key/key.core/../key.ui/examples/performance-test/Disjoint(Disjoint__disjoint_08()).JML_operation_contract.0.key 
658        DEBUG main            d.u.i.k.p.i.AbstractProblemLoader Environment load took 3.71ms 
1013       INFO  main            d.u.i.k.p.i.AbstractProblemLoader Creating init config 
2321       DEBUG main            d.u.i.k.j.TypeConverter   No LDT found for Meta 
2322       DEBUG main            d.u.i.k.j.TypeConverter   No LDT found for Meta 
2327       DEBUG main            d.u.i.k.j.TypeConverter   No LDT found for Meta 
2327       DEBUG main            d.u.i.k.j.TypeConverter   No LDT found for Meta 
4583       DEBUG main            d.u.i.k.j.TypeConverter   No LDT found for JavaBigintExpression 
12360      DEBUG main            d.u.i.k.j.r.ClassPreparationMethodBuilder clPrepBuilder: Inner Class detected. Reject building class initialisation methods. 
23252      DEBUG main            d.u.i.k.p.i.AbstractProblemLoader Init config took 22.24s 
23626      INFO  main            d.u.i.k.p.i.AbstractProblemLoader Replaying proof Disjoint[Disjoint::disjoint_8()].JML operation contract.0 
23771      DEBUG main            d.u.i.k.p.i.IntermediateProofReplayer Proof replay took 471.8ns 
27225      INFO  main            d.u.i.k.p.r.p.TestFile    ... finished proof: closed. 
27558      INFO  main            d.u.i.k.p.i.AbstractProblemLoader Loading environment from /home/runner/work/key/key/key.core/../key.ui/examples/performance-test/Disjoint(Disjoint__disjoint_08()).JML_operation_contract.0.key.proof 
27559      DEBUG main            d.u.i.k.p.i.AbstractProblemLoader Environment load took 875.11ns 
27562      INFO  main            d.u.i.k.p.i.AbstractProblemLoader Creating init config 
31756      DEBUG main            d.u.i.k.j.r.ClassPreparationMethodBuilder clPrepBuilder: Inner Class detected. Reject building class initialisation methods. 
40819      DEBUG main            d.u.i.k.p.i.AbstractProblemLoader Init config took 13.26s 
41003      INFO  main            d.u.i.k.p.i.AbstractProblemLoader Replaying proof Disjoint[Disjoint::disjoint_8()].JML operation contract.0 
41515      DEBUG main            d.u.i.k.p.i.IntermediateProofReplayer Proof replay took 484.26ms 
41525      DEBUG main            d.u.i.k.p.r.p.TestFile    ... success: reloaded. 
41528      INFO  main            d.u.i.k.p.r.p.TestFile    Now processing file /home/runner/work/key/key/key.core/../key.ui/examples/performance-test/Disjoint(Disjoint__disjoint2_08()).JML_operation_contract.0.key 
41529      INFO  main            d.u.i.k.p.i.AbstractProblemLoader Loading environment from /home/runner/work/key/key/key.core/../key.ui/examples/performance-test/Disjoint(Disjoint__disjoint2_08()).JML_operation_contract.0.key 
41530      DEBUG main            d.u.i.k.p.i.AbstractProblemLoader Environment load took 508.2ns 
41532      INFO  main            d.u.i.k.p.i.AbstractProblemLoader Creating init config 
45456      DEBUG main            d.u.i.k.j.r.ClassPreparationMethodBuilder clPrepBuilder: Inner Class detected. Reject building class initialisation methods. 
54266      DEBUG main            d.u.i.k.p.i.AbstractProblemLoader Init config took 12.73s 
54407      INFO  main            d.u.i.k.p.i.AbstractProblemLoader Replaying proof Disjoint[Disjoint::disjoint2_8()].JML operation contract.0 
54411      DEBUG main            d.u.i.k.p.i.IntermediateProofReplayer Proof replay took 13.4ns 
55921      INFO  main            d.u.i.k.p.r.p.TestFile    ... finished proof: closed. 
56328      INFO  main            d.u.i.k.p.i.AbstractProblemLoader Loading environment from /home/runner/work/key/key/key.core/../key.ui/examples/performance-test/Disjoint(Disjoint__disjoint2_08()).JML_operation_contract.0.key.proof 
56332      DEBUG main            d.u.i.k.p.i.AbstractProblemLoader Environment load took 4.27ms 
56334      INFO  main            d.u.i.k.p.i.AbstractProblemLoader Creating init config 
60189      DEBUG main            d.u.i.k.j.r.ClassPreparationMethodBuilder clPrepBuilder: Inner Class detected. Reject building class initialisation methods. 
68962      DEBUG main            d.u.i.k.p.i.AbstractProblemLoader Init config took 12.63s 
69101      INFO  main            d.u.i.k.p.i.AbstractProblemLoader Replaying proof Disjoint[Disjoint::disjoint2_8()].JML operation contract.0 
69222      DEBUG main            d.u.i.k.p.i.IntermediateProofReplayer Proof replay took 116.79ms 
69224      DEBUG main            d.u.i.k.p.r.p.TestFile    ... success: reloaded. 
69226      INFO  main            d.u.i.k.p.r.p.TestFile    Now processing file /home/runner/work/key/key/key.core/../key.ui/examples/performance-test/AccessChain1(AccessChain1__foo_08()).JML_operation_contract.0.key 
69226      INFO  main            d.u.i.k.p.i.AbstractProblemLoader Loading environment from /home/runner/work/key/key/key.core/../key.ui/examples/performance-test/AccessChain1(AccessChain1__foo_08()).JML_operation_contract.0.key 
69226      DEBUG main            d.u.i.k.p.i.AbstractProblemLoader Environment load took 90.7ns 
69228      INFO  main            d.u.i.k.p.i.AbstractProblemLoader Creating init config 
73224      DEBUG main            d.u.i.k.j.r.ClassPreparationMethodBuilder clPrepBuilder: Inner Class detected. Reject building class initialisation methods. 
81962      DEBUG main            d.u.i.k.p.i.AbstractProblemLoader Init config took 12.73s 
82131      INFO  main            d.u.i.k.p.i.AbstractProblemLoader Replaying proof AccessChain1[AccessChain1::foo_8()].JML operation contract.0 
82138      DEBUG main            d.u.i.k.p.i.IntermediateProofReplayer Proof replay took 13.7ns 
85259      INFO  main            d.u.i.k.p.r.p.TestFile    ... finished proof: closed. 
85721      INFO  main            d.u.i.k.p.i.AbstractProblemLoader Loading environment from /home/runner/work/key/key/key.core/../key.ui/examples/performance-test/AccessChain1(AccessChain1__foo_08()).JML_operation_contract.0.key.proof 
85721      DEBUG main            d.u.i.k.p.i.AbstractProblemLoader Environment load took 197.4ns 
85723      INFO  main            d.u.i.k.p.i.AbstractProblemLoader Creating init config 
89566      DEBUG main            d.u.i.k.j.r.ClassPreparationMethodBuilder clPrepBuilder: Inner Class detected. Reject building class initialisation methods. 
98267      DEBUG main            d.u.i.k.p.i.AbstractProblemLoader Init config took 12.54s 
98392      INFO  main            d.u.i.k.p.i.AbstractProblemLoader Replaying proof AccessChain1[AccessChain1::foo_8()].JML operation contract.0 
98965      DEBUG main            d.u.i.k.p.i.IntermediateProofReplayer Proof replay took 555.13ms 
98967      DEBUG main            d.u.i.k.p.r.p.TestFile    ... success: reloaded. 
98970      INFO  main            d.u.i.k.p.r.p.TestFile    Now processing file /home/runner/work/key/key/key.core/../key.ui/examples/performance-test/AccessChain4(AccessChain4__foo_08()).JML_operation_contract.0.key 
98970      INFO  main            d.u.i.k.p.i.AbstractProblemLoader Loading environment from /home/runner/work/key/key/key.core/../key.ui/examples/performance-test/AccessChain4(AccessChain4__foo_08()).JML_operation_contract.0.key 
98970      DEBUG main            d.u.i.k.p.i.AbstractProblemLoader Environment load took 233.2ns 
98972      INFO  main            d.u.i.k.p.i.AbstractProblemLoader Creating init config 
102795     DEBUG main            d.u.i.k.j.r.ClassPreparationMethodBuilder clPrepBuilder: Inner Class detected. Reject building class initialisation methods. 
111550     DEBUG main            d.u.i.k.p.i.AbstractProblemLoader Init config took 12.58s 
111670     INFO  main            d.u.i.k.p.i.AbstractProblemLoader Replaying proof AccessChain4[AccessChain4::foo_8()].JML operation contract.0 
111672     DEBUG main            d.u.i.k.p.i.IntermediateProofReplayer Proof replay took 12.8ns 
119821     INFO  main            d.u.i.k.p.r.p.TestFile    ... finished proof: closed. 
120287     INFO  main            d.u.i.k.p.i.AbstractProblemLoader Loading environment from /home/runner/work/key/key/key.core/../key.ui/examples/performance-test/AccessChain4(AccessChain4__foo_08()).JML_operation_contract.0.key.proof 
120288     DEBUG main            d.u.i.k.p.i.AbstractProblemLoader Environment load took 883.41ns 
120304     INFO  main            d.u.i.k.p.i.AbstractProblemLoader Creating init config 
124118     DEBUG main            d.u.i.k.j.r.ClassPreparationMethodBuilder clPrepBuilder: Inner Class detected. Reject building class initialisation methods. 
132817     DEBUG main            d.u.i.k.p.i.AbstractProblemLoader Init config took 12.51s 
132941     INFO  main            d.u.i.k.p.i.AbstractProblemLoader Replaying proof AccessChain4[AccessChain4::foo_8()].JML operation contract.0 
133920     DEBUG main            d.u.i.k.p.i.IntermediateProofReplayer Proof replay took 942.57ms 
133923     DEBUG main            d.u.i.k.p.r.p.TestFile    ... success: reloaded. 
133925     INFO  main            d.u.i.k.p.r.p.TestFile    Now processing file /home/runner/work/key/key/key.core/../key.ui/examples/performance-test/Disjoint(Disjoint__xZero_08()).JML_operation_contract.0.key 
133926     INFO  main            d.u.i.k.p.i.AbstractProblemLoader Loading environment from /home/runner/work/key/key/key.core/../key.ui/examples/performance-test/Disjoint(Disjoint__xZero_08()).JML_operation_contract.0.key 
133926     DEBUG main            d.u.i.k.p.i.AbstractProblemLoader Environment load took 163.9ns 
133927     INFO  main            d.u.i.k.p.i.AbstractProblemLoader Creating init config 
137843     DEBUG main            d.u.i.k.j.r.ClassPreparationMethodBuilder clPrepBuilder: Inner Class detected. Reject building class initialisation methods. 
146706     DEBUG main            d.u.i.k.p.i.AbstractProblemLoader Init config took 12.78s 
146822     INFO  main            d.u.i.k.p.i.AbstractProblemLoader Replaying proof Disjoint[Disjoint::xZero_8()].JML operation contract.0 
146825     DEBUG main            d.u.i.k.p.i.IntermediateProofReplayer Proof replay took 13.4ns 
148142     INFO  main            d.u.i.k.p.r.p.TestFile    ... finished proof: closed. 
148616     INFO  main            d.u.i.k.p.i.AbstractProblemLoader Loading environment from /home/runner/work/key/key/key.core/../key.ui/examples/performance-test/Disjoint(Disjoint__xZero_08()).JML_operation_contract.0.key.proof 
148617     DEBUG main            d.u.i.k.p.i.AbstractProblemLoader Environment load took 802.31ns 
148619     INFO  main            d.u.i.k.p.i.AbstractProblemLoader Creating init config 
152314     DEBUG main            d.u.i.k.j.r.ClassPreparationMethodBuilder clPrepBuilder: Inner Class detected. Reject building class initialisation methods. 
160938     DEBUG main            d.u.i.k.p.i.AbstractProblemLoader Init config took 12.32s 
161076     INFO  main            d.u.i.k.p.i.AbstractProblemLoader Replaying proof Disjoint[Disjoint::xZero_8()].JML operation contract.0 
161314     DEBUG main            d.u.i.k.p.i.IntermediateProofReplayer Proof replay took 228.74ms 
161316     DEBUG main            d.u.i.k.p.r.p.TestFile    ... success: reloaded. 
161318     INFO  main            d.u.i.k.p.r.p.TestFile    Now processing file /home/runner/work/key/key/key.core/../key.ui/examples/performance-test/Dynamic(Dynamic__foo_08()).JML_operation_contract.0.key 
161319     INFO  main            d.u.i.k.p.i.AbstractProblemLoader Loading environment from /home/runner/work/key/key/key.core/../key.ui/examples/performance-test/Dynamic(Dynamic__foo_08()).JML_operation_contract.0.key 
161319     DEBUG main            d.u.i.k.p.i.AbstractProblemLoader Environment load took 323.1ns 
161321     INFO  main            d.u.i.k.p.i.AbstractProblemLoader Creating init config 
165078     DEBUG main            d.u.i.k.j.r.ClassPreparationMethodBuilder clPrepBuilder: Inner Class detected. Reject building class initialisation methods. 
173707     DEBUG main            d.u.i.k.p.i.AbstractProblemLoader Init config took 12.38s 
173835     INFO  main            d.u.i.k.p.i.AbstractProblemLoader Replaying proof Dynamic[Dynamic::foo_8()].JML operation contract.0 
173839     DEBUG main            d.u.i.k.p.i.IntermediateProofReplayer Proof replay took 13.9ns 
180253     INFO  main            d.u.i.k.p.r.p.TestFile    ... finished proof: closed. 
180764     INFO  main            d.u.i.k.p.i.AbstractProblemLoader Loading environment from /home/runner/work/key/key/key.core/../key.ui/examples/performance-test/Dynamic(Dynamic__foo_08()).JML_operation_contract.0.key.proof 
180764     DEBUG main            d.u.i.k.p.i.AbstractProblemLoader Environment load took 724.11ns 
180767     INFO  main            d.u.i.k.p.i.AbstractProblemLoader Creating init config 
184413     DEBUG main            d.u.i.k.j.r.ClassPreparationMethodBuilder clPrepBuilder: Inner Class detected. Reject building class initialisation methods. 
193054     DEBUG main            d.u.i.k.p.i.AbstractProblemLoader Init config took 12.29s 
193203     INFO  main            d.u.i.k.p.i.AbstractProblemLoader Replaying proof Dynamic[Dynamic::foo_8()].JML operation contract.0 
193826     DEBUG main            d.u.i.k.p.i.IntermediateProofReplayer Proof replay took 597.5ms 
193829     DEBUG main            d.u.i.k.p.r.p.TestFile    ... success: reloaded. 
193831     INFO  main            d.u.i.k.p.r.p.TestFile    Now processing file /home/runner/work/key/key/key.core/../key.ui/examples/performance-test/DynamicGhost(DynamicGhost__dynamicGhost_08()).JML_normal_behavior_operation_contract.0.key 
193831     INFO  main            d.u.i.k.p.i.AbstractProblemLoader Loading environment from /home/runner/work/key/key/key.core/../key.ui/examples/performance-test/DynamicGhost(DynamicGhost__dynamicGhost_08()).JML_normal_behavior_operation_contract.0.key 
193832     DEBUG main            d.u.i.k.p.i.AbstractProblemLoader Environment load took 392.1ns 
193833     INFO  main            d.u.i.k.p.i.AbstractProblemLoader Creating init config 
197714     DEBUG main            d.u.i.k.j.r.ClassPreparationMethodBuilder clPrepBuilder: Inner Class detected. Reject building class initialisation methods. 
206381     DEBUG main            d.u.i.k.p.i.AbstractProblemLoader Init config took 12.55s 
206500     INFO  main            d.u.i.k.p.i.AbstractProblemLoader Replaying proof DynamicGhost[DynamicGhost::dynamicGhost_8()].JML normal_behavior operation contract.0 
206503     DEBUG main            d.u.i.k.p.i.IntermediateProofReplayer Proof replay took 12.2ns 
211521     INFO  main            d.u.i.k.p.r.p.TestFile    ... finished proof: closed. 
212172     INFO  main            d.u.i.k.p.i.AbstractProblemLoader Loading environment from /home/runner/work/key/key/key.core/../key.ui/examples/performance-test/DynamicGhost(DynamicGhost__dynamicGhost_08()).JML_normal_behavior_operation_contract.0.key.proof 
212173     DEBUG main            d.u.i.k.p.i.AbstractProblemLoader Environment load took 702.11ns 
212176     INFO  main            d.u.i.k.p.i.AbstractProblemLoader Creating init config 
215772     DEBUG main            d.u.i.k.j.r.ClassPreparationMethodBuilder clPrepBuilder: Inner Class detected. Reject building class initialisation methods. 
224396     DEBUG main            d.u.i.k.p.i.AbstractProblemLoader Init config took 12.22s 
224511     INFO  main            d.u.i.k.p.i.AbstractProblemLoader Replaying proof DynamicGhost[DynamicGhost::dynamicGhost_8()].JML normal_behavior operation contract.0 
225241     DEBUG main            d.u.i.k.p.i.IntermediateProofReplayer Proof replay took 692.13ms 
225244     DEBUG main            d.u.i.k.p.r.p.TestFile    ... success: reloaded. 
225245     INFO  main            d.u.i.k.p.r.p.TestFile    Now processing file /home/runner/work/key/key/key.core/../key.ui/examples/performance-test/GhostFrame(GhostFrame__foo_08()).JML_operation_contract.0.key 
225246     INFO  main            d.u.i.k.p.i.AbstractProblemLoader Loading environment from /home/runner/work/key/key/key.core/../key.ui/examples/performance-test/GhostFrame(GhostFrame__foo_08()).JML_operation_contract.0.key 
225246     DEBUG main            d.u.i.k.p.i.AbstractProblemLoader Environment load took 161ns 
225247     INFO  main            d.u.i.k.p.i.AbstractProblemLoader Creating init config 
228905     DEBUG main            d.u.i.k.j.r.ClassPreparationMethodBuilder clPrepBuilder: Inner Class detected. Reject building class initialisation methods. 
237605     DEBUG main            d.u.i.k.p.i.AbstractProblemLoader Init config took 12.36s 
237718     INFO  main            d.u.i.k.p.i.AbstractProblemLoader Replaying proof GhostFrame[GhostFrame::foo_8()].JML operation contract.0 
237721     DEBUG main            d.u.i.k.p.i.IntermediateProofReplayer Proof replay took 45.5ns 
240037     INFO  main            d.u.i.k.p.r.p.TestFile    ... finished proof: closed. 
240601     INFO  main            d.u.i.k.p.i.AbstractProblemLoader Loading environment from /home/runner/work/key/key/key.core/../key.ui/examples/performance-test/GhostFrame(GhostFrame__foo_08()).JML_operation_contract.0.key.proof 
240602     DEBUG main            d.u.i.k.p.i.AbstractProblemLoader Environment load took 804.11ns 
240604     INFO  main            d.u.i.k.p.i.AbstractProblemLoader Creating init config 
244245     DEBUG main            d.u.i.k.j.r.ClassPreparationMethodBuilder clPrepBuilder: Inner Class detected. Reject building class initialisation methods. 
252891     DEBUG main            d.u.i.k.p.i.AbstractProblemLoader Init config took 12.29s 
253003     INFO  main            d.u.i.k.p.i.AbstractProblemLoader Replaying proof GhostFrame[GhostFrame::foo_8()].JML operation contract.0 
253431     DEBUG main            d.u.i.k.p.i.IntermediateProofReplayer Proof replay took 418.68ms 
253434     DEBUG main            d.u.i.k.p.r.p.TestFile    ... success: reloaded. 
253436     INFO  main            d.u.i.k.p.r.p.TestFile    Now processing file /home/runner/work/key/key/key.core/../key.ui/examples/performance-test/Modelfield(Modelfield__foo_08()).JML_operation_contract.0.key 
253436     INFO  main            d.u.i.k.p.i.AbstractProblemLoader Loading environment from /home/runner/work/key/key/key.core/../key.ui/examples/performance-test/Modelfield(Modelfield__foo_08()).JML_operation_contract.0.key 
253437     DEBUG main            d.u.i.k.p.i.AbstractProblemLoader Environment load took 341.2ns 
253438     INFO  main            d.u.i.k.p.i.AbstractProblemLoader Creating init config 
257122     DEBUG main            d.u.i.k.j.r.ClassPreparationMethodBuilder clPrepBuilder: Inner Class detected. Reject building class initialisation methods. 
265736     DEBUG main            d.u.i.k.p.i.AbstractProblemLoader Init config took 12.3s 
265847     INFO  main            d.u.i.k.p.i.AbstractProblemLoader Replaying proof Modelfield[Modelfield::foo_8()].JML operation contract.0 
265849     DEBUG main            d.u.i.k.p.i.IntermediateProofReplayer Proof replay took 6.9ns 
269503     INFO  main            d.u.i.k.p.r.p.TestFile    ... finished proof: closed. 
270091     INFO  main            d.u.i.k.p.i.AbstractProblemLoader Loading environment from /home/runner/work/key/key/key.core/../key.ui/examples/performance-test/Modelfield(Modelfield__foo_08()).JML_operation_contract.0.key.proof 
270092     DEBUG main            d.u.i.k.p.i.AbstractProblemLoader Environment load took 768.01ns 
270095     INFO  main            d.u.i.k.p.i.AbstractProblemLoader Creating init config 
273721     DEBUG main            d.u.i.k.j.r.ClassPreparationMethodBuilder clPrepBuilder: Inner Class detected. Reject building class initialisation methods. 
282316     DEBUG main            d.u.i.k.p.i.AbstractProblemLoader Init config took 12.22s 
282424     INFO  main            d.u.i.k.p.i.AbstractProblemLoader Replaying proof Modelfield[Modelfield::foo_8()].JML operation contract.0 
282871     DEBUG main            d.u.i.k.p.i.IntermediateProofReplayer Proof replay took 428.5ms 
282873     DEBUG main            d.u.i.k.p.r.p.TestFile    ... success: reloaded. 
479560     INFO  Test worker     d.u.i.k.p.r.p.StatisticsFile Returning from test performance 
479565     INFO  Test worker     d.u.i.k.p.r.p.StatisticsFile Running test performancePOConstruction 
509        INFO  Timeout watchdog d.u.i.k.p.r.p.ForkedTestFileRunner Timeout watcher launched (2000 secs.) 
530        WARN  main            d.u.i.k.s.ProofSettings   The settings in /home/runner/.key/proof-settings.props are *not* read. 
593        INFO  main            d.u.i.k.p.r.p.TestFile    Now processing file /home/runner/work/key/key/key.core/../key.ui/examples/performance-test/Test(Test__a0(int)).JML_normal_behavior_operation_contract.0.key 
742        INFO  main            d.u.i.k.p.i.AbstractProblemLoader Loading environment from /home/runner/work/key/key/key.core/../key.ui/examples/performance-test/Test(Test__a0(int)).JML_normal_behavior_operation_contract.0.key 
766        DEBUG main            d.u.i.k.p.i.AbstractProblemLoader Environment load took 4.06ms 
1120       INFO  main            d.u.i.k.p.i.AbstractProblemLoader Creating init config 
2315       DEBUG main            d.u.i.k.j.TypeConverter   No LDT found for Meta 
2316       DEBUG main            d.u.i.k.j.TypeConverter   No LDT found for Meta 
2324       DEBUG main            d.u.i.k.j.TypeConverter   No LDT found for Meta 
2325       DEBUG main            d.u.i.k.j.TypeConverter   No LDT found for Meta 
4229       DEBUG main            d.u.i.k.j.TypeConverter   No LDT found for JavaBigintExpression 
11683      DEBUG main            d.u.i.k.j.r.ClassPreparationMethodBuilder clPrepBuilder: Inner Class detected. Reject building class initialisation methods. 
22224      DEBUG main            d.u.i.k.p.i.AbstractProblemLoader Init config took 21.1s 
23858      INFO  main            d.u.i.k.p.i.AbstractProblemLoader Replaying proof Test[Test::a0(int)].JML normal_behavior operation contract.0 
23965      DEBUG main            d.u.i.k.p.i.IntermediateProofReplayer Proof replay took 39.2ns 
24518      INFO  main            d.u.i.k.p.r.p.TestFile    ... finished proof: closed. 
24724      INFO  main            d.u.i.k.p.i.AbstractProblemLoader Loading environment from /home/runner/work/key/key/key.core/../key.ui/examples/performance-test/Test(Test__a0(int)).JML_normal_behavior_operation_contract.0.key.proof 
24730      DEBUG main            d.u.i.k.p.i.AbstractProblemLoader Environment load took 6.41ms 
24733      INFO  main            d.u.i.k.p.i.AbstractProblemLoader Creating init config 
28987      DEBUG main            d.u.i.k.j.r.ClassPreparationMethodBuilder clPrepBuilder: Inner Class detected. Reject building class initialisation methods. 
38397      DEBUG main            d.u.i.k.p.i.AbstractProblemLoader Init config took 13.66s 
39692      INFO  main            d.u.i.k.p.i.AbstractProblemLoader Replaying proof Test[Test::a0(int)].JML normal_behavior operation contract.0 
39726      DEBUG main            d.u.i.k.p.i.IntermediateProofReplayer Proof replay took 28.1ms 
39736      DEBUG main            d.u.i.k.p.r.p.TestFile    ... success: reloaded. 
39739      INFO  main            d.u.i.k.p.r.p.TestFile    Now processing file /home/runner/work/key/key/key.core/../key.ui/examples/performance-test/Test(Test__a1(int)).JML_normal_behavior_operation_contract.0.key 
39740      INFO  main            d.u.i.k.p.i.AbstractProblemLoader Loading environment from /home/runner/work/key/key/key.core/../key.ui/examples/performance-test/Test(Test__a1(int)).JML_normal_behavior_operation_contract.0.key 
39740      DEBUG main            d.u.i.k.p.i.AbstractProblemLoader Environment load took 427.1ns 
39742      INFO  main            d.u.i.k.p.i.AbstractProblemLoader Creating init config 
43604      DEBUG main            d.u.i.k.j.r.ClassPreparationMethodBuilder clPrepBuilder: Inner Class detected. Reject building class initialisation methods. 
52373      DEBUG main            d.u.i.k.p.i.AbstractProblemLoader Init config took 12.63s 
53653      INFO  main            d.u.i.k.p.i.AbstractProblemLoader Replaying proof Test[Test::a1(int)].JML normal_behavior operation contract.0 
53656      DEBUG main            d.u.i.k.p.i.IntermediateProofReplayer Proof replay took 7.8ns 
54165      INFO  main            d.u.i.k.p.r.p.TestFile    ... finished proof: closed. 
54487      INFO  main            d.u.i.k.p.i.AbstractProblemLoader Loading environment from /home/runner/work/key/key/key.core/../key.ui/examples/performance-test/Test(Test__a1(int)).JML_normal_behavior_operation_contract.0.key.proof 
54496      DEBUG main            d.u.i.k.p.i.AbstractProblemLoader Environment load took 8.63ms 
54500      INFO  main            d.u.i.k.p.i.AbstractProblemLoader Creating init config 
58406      DEBUG main            d.u.i.k.j.r.ClassPreparationMethodBuilder clPrepBuilder: Inner Class detected. Reject building class initialisation methods. 
67097      DEBUG main            d.u.i.k.p.i.AbstractProblemLoader Init config took 12.6s 
68324      INFO  main            d.u.i.k.p.i.AbstractProblemLoader Replaying proof Test[Test::a1(int)].JML normal_behavior operation contract.0 
68443      DEBUG main            d.u.i.k.p.i.IntermediateProofReplayer Proof replay took 114.13ms 
68448      DEBUG main            d.u.i.k.p.r.p.TestFile    ... success: reloaded. 
68452      INFO  main            d.u.i.k.p.r.p.TestFile    Now processing file /home/runner/work/key/key/key.core/../key.ui/examples/performance-test/Test(Test__f1(int)).JML_normal_behavior_operation_contract.0.key 
68453      INFO  main            d.u.i.k.p.i.AbstractProblemLoader Loading environment from /home/runner/work/key/key/key.core/../key.ui/examples/performance-test/Test(Test__f1(int)).JML_normal_behavior_operation_contract.0.key 
68454      DEBUG main            d.u.i.k.p.i.AbstractProblemLoader Environment load took 722.3ns 
68457      INFO  main            d.u.i.k.p.i.AbstractProblemLoader Creating init config 
72238      DEBUG main            d.u.i.k.j.r.ClassPreparationMethodBuilder clPrepBuilder: Inner Class detected. Reject building class initialisation methods. 
80966      DEBUG main            d.u.i.k.p.i.AbstractProblemLoader Init config took 12.51s 
82214      INFO  main            d.u.i.k.p.i.AbstractProblemLoader Replaying proof Test[Test::f1(int)].JML normal_behavior operation contract.0 
82216      DEBUG main            d.u.i.k.p.i.IntermediateProofReplayer Proof replay took 7.4ns 
82523      INFO  main            d.u.i.k.p.r.p.TestFile    ... finished proof: closed. 
82858      INFO  main            d.u.i.k.p.i.AbstractProblemLoader Loading environment from /home/runner/work/key/key/key.core/../key.ui/examples/performance-test/Test(Test__f1(int)).JML_normal_behavior_operation_contract.0.key.proof 
82859      DEBUG main            d.u.i.k.p.i.AbstractProblemLoader Environment load took 1.39ms 
82862      INFO  main            d.u.i.k.p.i.AbstractProblemLoader Creating init config 
86672      DEBUG main            d.u.i.k.j.r.ClassPreparationMethodBuilder clPrepBuilder: Inner Class detected. Reject building class initialisation methods. 
95258      DEBUG main            d.u.i.k.p.i.AbstractProblemLoader Init config took 12.4s 
96481      INFO  main            d.u.i.k.p.i.AbstractProblemLoader Replaying proof Test[Test::f1(int)].JML normal_behavior operation contract.0 
96547      DEBUG main            d.u.i.k.p.i.IntermediateProofReplayer Proof replay took 61.29ms 
96550      DEBUG main            d.u.i.k.p.r.p.TestFile    ... success: reloaded. 
576337     INFO  Test worker     d.u.i.k.p.r.p.StatisticsFile Returning from test performancePOConstruction 
576342     INFO  Test worker     d.u.i.k.p.r.p.StatisticsFile Running test applicationRestrictions 
467        INFO  Timeout watchdog d.u.i.k.p.r.p.ForkedTestFileRunner Timeout watcher launched (2000 secs.) 
494        WARN  main            d.u.i.k.s.ProofSettings   The settings in /home/runner/.key/proof-settings.props are *not* read. 
531        INFO  main            d.u.i.k.p.r.p.TestFile    Now processing file /home/runner/work/key/key/key.core/../key.ui/examples/heap/polarity_tests/wellformed1.key 
663        INFO  main            d.u.i.k.p.i.AbstractProblemLoader Loading environment from /home/runner/work/key/key/key.core/../key.ui/examples/heap/polarity_tests/wellformed1.key 
686        DEBUG main            d.u.i.k.p.i.AbstractProblemLoader Environment load took 3.17ms 
1061       INFO  main            d.u.i.k.p.i.AbstractProblemLoader Creating init config 
2350       DEBUG main            d.u.i.k.j.TypeConverter   No LDT found for Meta 
2351       DEBUG main            d.u.i.k.j.TypeConverter   No LDT found for Meta 
2352       DEBUG main            d.u.i.k.j.TypeConverter   No LDT found for Meta 
2353       DEBUG main            d.u.i.k.j.TypeConverter   No LDT found for Meta 
4015       DEBUG main            d.u.i.k.j.TypeConverter   No LDT found for JavaBigintExpression 
10618      DEBUG main            d.u.i.k.p.i.AbstractProblemLoader Init config took 9.56s 
10698      INFO  main            d.u.i.k.p.i.AbstractProblemLoader Replaying proof wellformed1.key 
10748      DEBUG main            d.u.i.k.p.i.IntermediateProofReplayer Proof replay took 42.2ns 
10929      INFO  main            d.u.i.k.p.r.p.TestFile    ... finished proof: closed. 
11049      INFO  main            d.u.i.k.p.i.AbstractProblemLoader Loading environment from /home/runner/work/key/key/key.core/../key.ui/examples/heap/polarity_tests/wellformed1.key.proof 
11050      DEBUG main            d.u.i.k.p.i.AbstractProblemLoader Environment load took 881.91ns 
11056      INFO  main            d.u.i.k.p.i.AbstractProblemLoader Creating init config 
14686      DEBUG main            d.u.i.k.p.i.AbstractProblemLoader Init config took 3.63s 
14757      INFO  main            d.u.i.k.p.i.AbstractProblemLoader Replaying proof wellformed1.key.proof 
14771      DEBUG main            d.u.i.k.p.i.IntermediateProofReplayer Proof replay took 3.88ms 
14786      DEBUG main            d.u.i.k.p.r.p.TestFile    ... success: reloaded. 
14790      INFO  main            d.u.i.k.p.r.p.TestFile    Now processing file /home/runner/work/key/key/key.core/../key.ui/examples/heap/polarity_tests/wellformed2.key 
14790      INFO  main            d.u.i.k.p.i.AbstractProblemLoader Loading environment from /home/runner/work/key/key/key.core/../key.ui/examples/heap/polarity_tests/wellformed2.key 
14791      DEBUG main            d.u.i.k.p.i.AbstractProblemLoader Environment load took 494.9ns 
14797      INFO  main            d.u.i.k.p.i.AbstractProblemLoader Creating init config 
18161      DEBUG main            d.u.i.k.p.i.AbstractProblemLoader Init config took 3.36s 
18205      INFO  main            d.u.i.k.p.i.AbstractProblemLoader Replaying proof wellformed2.key 
18209      DEBUG main            d.u.i.k.p.i.IntermediateProofReplayer Proof replay took 8ns 
18316      INFO  main            d.u.i.k.p.r.p.TestFile    ... finished proof: open goal(s) 
18499      INFO  main            d.u.i.k.p.r.p.TestFile    Now processing file /home/runner/work/key/key/key.core/../key.ui/examples/heap/polarity_tests/wellformed3.key 
18499      INFO  main            d.u.i.k.p.i.AbstractProblemLoader Loading environment from /home/runner/work/key/key/key.core/../key.ui/examples/heap/polarity_tests/wellformed3.key 
18500      DEBUG main            d.u.i.k.p.i.AbstractProblemLoader Environment load took 172.6ns 
18507      INFO  main            d.u.i.k.p.i.AbstractProblemLoader Creating init config 
21800      DEBUG main            d.u.i.k.p.i.AbstractProblemLoader Init config took 3.29s 
21832      INFO  main            d.u.i.k.p.i.AbstractProblemLoader Replaying proof wellformed3.key 
21835      DEBUG main            d.u.i.k.p.i.IntermediateProofReplayer Proof replay took 7.6ns 
21940      INFO  main            d.u.i.k.p.r.p.TestFile    ... finished proof: closed. 
22112      INFO  main            d.u.i.k.p.i.AbstractProblemLoader Loading environment from /home/runner/work/key/key/key.core/../key.ui/examples/heap/polarity_tests/wellformed3.key.proof 
22113      DEBUG main            d.u.i.k.p.i.AbstractProblemLoader Environment load took 1.05ms 
22115      INFO  main            d.u.i.k.p.i.AbstractProblemLoader Creating init config 
25329      DEBUG main            d.u.i.k.p.i.AbstractProblemLoader Init config took 3.21s 
25359      INFO  main            d.u.i.k.p.i.AbstractProblemLoader Replaying proof wellformed3.key.proof 
25365      DEBUG main            d.u.i.k.p.i.IntermediateProofReplayer Proof replay took 2.2ms 
25366      DEBUG main            d.u.i.k.p.r.p.TestFile    ... success: reloaded. 
25367      INFO  main            d.u.i.k.p.r.p.TestFile    Now processing file /home/runner/work/key/key/key.core/../key.ui/examples/heap/polarity_tests/wellformed4.key 
25367      INFO  main            d.u.i.k.p.i.AbstractProblemLoader Loading environment from /home/runner/work/key/key/key.core/../key.ui/examples/heap/polarity_tests/wellformed4.key 
25368      DEBUG main            d.u.i.k.p.i.AbstractProblemLoader Environment load took 151ns 
25369      INFO  main            d.u.i.k.p.i.AbstractProblemLoader Creating init config 
28551      DEBUG main            d.u.i.k.p.i.AbstractProblemLoader Init config took 3.18s 
28581      INFO  main            d.u.i.k.p.i.AbstractProblemLoader Replaying proof wellformed4.key 
28587      DEBUG main            d.u.i.k.p.i.IntermediateProofReplayer Proof replay took 7.6ns 
28691      INFO  main            d.u.i.k.p.r.p.TestFile    ... finished proof: open goal(s) 
28855      INFO  main            d.u.i.k.p.r.p.TestFile    Now processing file /home/runner/work/key/key/key.core/../key.ui/examples/heap/polarity_tests/wellformed5.key 
28856      INFO  main            d.u.i.k.p.i.AbstractProblemLoader Loading environment from /home/runner/work/key/key/key.core/../key.ui/examples/heap/polarity_tests/wellformed5.key 
28856      DEBUG main            d.u.i.k.p.i.AbstractProblemLoader Environment load took 85.2ns 
28858      INFO  main            d.u.i.k.p.i.AbstractProblemLoader Creating init config 
32019      DEBUG main            d.u.i.k.p.i.AbstractProblemLoader Init config took 3.16s 
32044      INFO  main            d.u.i.k.p.i.AbstractProblemLoader Replaying proof wellformed5.key 
32046      DEBUG main            d.u.i.k.p.i.IntermediateProofReplayer Proof replay took 7.3ns 
32152      INFO  main            d.u.i.k.p.r.p.TestFile    ... finished proof: closed. 
32306      INFO  main            d.u.i.k.p.i.AbstractProblemLoader Loading environment from /home/runner/work/key/key/key.core/../key.ui/examples/heap/polarity_tests/wellformed5.key.proof 
32307      DEBUG main            d.u.i.k.p.i.AbstractProblemLoader Environment load took 718.21ns 
32309      INFO  main            d.u.i.k.p.i.AbstractProblemLoader Creating init config 
35454      DEBUG main            d.u.i.k.p.i.AbstractProblemLoader Init config took 3.15s 
35481      INFO  main            d.u.i.k.p.i.AbstractProblemLoader Replaying proof wellformed5.key.proof 
35485      DEBUG main            d.u.i.k.p.i.IntermediateProofReplayer Proof replay took 1.21ms 
35486      DEBUG main            d.u.i.k.p.r.p.TestFile    ... success: reloaded. 
35487      INFO  main            d.u.i.k.p.r.p.TestFile    Now processing file /home/runner/work/key/key/key.core/../key.ui/examples/heap/polarity_tests/wellformed6.key 
35488      INFO  main            d.u.i.k.p.i.AbstractProblemLoader Loading environment from /home/runner/work/key/key/key.core/../key.ui/examples/heap/polarity_tests/wellformed6.key 
35488      DEBUG main            d.u.i.k.p.i.AbstractProblemLoader Environment load took 311.1ns 
35491      INFO  main            d.u.i.k.p.i.AbstractProblemLoader Creating init config 
38629      DEBUG main            d.u.i.k.p.i.AbstractProblemLoader Init config took 3.14s 
38668      INFO  main            d.u.i.k.p.i.AbstractProblemLoader Replaying proof wellformed6.key 
38670      DEBUG main            d.u.i.k.p.i.IntermediateProofReplayer Proof replay took 7.1ns 
38773      INFO  main            d.u.i.k.p.r.p.TestFile    ... finished proof: open goal(s) 
38968      INFO  main            d.u.i.k.p.r.p.TestFile    Now processing file /home/runner/work/key/key/key.core/../key.ui/examples/heap/polarity_tests/wellformed7.key 
38968      INFO  main            d.u.i.k.p.i.AbstractProblemLoader Loading environment from /home/runner/work/key/key/key.core/../key.ui/examples/heap/polarity_tests/wellformed7.key 
38968      DEBUG main            d.u.i.k.p.i.AbstractProblemLoader Environment load took 83.1ns 
38970      INFO  main            d.u.i.k.p.i.AbstractProblemLoader Creating init config 
42038      DEBUG main            d.u.i.k.p.i.AbstractProblemLoader Init config took 3.07s 
42061      INFO  main            d.u.i.k.p.i.AbstractProblemLoader Replaying proof wellformed7.key 
42063      DEBUG main            d.u.i.k.p.i.IntermediateProofReplayer Proof replay took 8.8ns 
42166      INFO  main            d.u.i.k.p.r.p.TestFile    ... finished proof: closed. 
42344      INFO  main            d.u.i.k.p.i.AbstractProblemLoader Loading environment from /home/runner/work/key/key/key.core/../key.ui/examples/heap/polarity_tests/wellformed7.key.proof 
42344      DEBUG main            d.u.i.k.p.i.AbstractProblemLoader Environment load took 155.3ns 
42347      INFO  main            d.u.i.k.p.i.AbstractProblemLoader Creating init config 
45385      DEBUG main            d.u.i.k.p.i.AbstractProblemLoader Init config took 3.04s 
45408      INFO  main            d.u.i.k.p.i.AbstractProblemLoader Replaying proof wellformed7.key.proof 
45412      DEBUG main            d.u.i.k.p.i.IntermediateProofReplayer Proof replay took 1.6ms 
45413      DEBUG main            d.u.i.k.p.r.p.TestFile    ... success: reloaded. 
45414      INFO  main            d.u.i.k.p.r.p.TestFile    Now processing file /home/runner/work/key/key/key.core/../key.ui/examples/heap/polarity_tests/wellformed8.key 
45415      INFO  main            d.u.i.k.p.i.AbstractProblemLoader Loading environment from /home/runner/work/key/key/key.core/../key.ui/examples/heap/polarity_tests/wellformed8.key 
45415      DEBUG main            d.u.i.k.p.i.AbstractProblemLoader Environment load took 266.7ns 
45416      INFO  main            d.u.i.k.p.i.AbstractProblemLoader Creating init config 
48512      DEBUG main            d.u.i.k.p.i.AbstractProblemLoader Init config took 3.1s 
48537      INFO  main            d.u.i.k.p.i.AbstractProblemLoader Replaying proof wellformed8.key 
48539      DEBUG main            d.u.i.k.p.i.IntermediateProofReplayer Proof replay took 9.3ns 
48644      INFO  main            d.u.i.k.p.r.p.TestFile    ... finished proof: open goal(s) 
48839      INFO  main            d.u.i.k.p.r.p.TestFile    Now processing file /home/runner/work/key/key/key.core/../key.ui/examples/heap/polarity_tests/wellformed9.key 
48839      INFO  main            d.u.i.k.p.i.AbstractProblemLoader Loading environment from /home/runner/work/key/key/key.core/../key.ui/examples/heap/polarity_tests/wellformed9.key 
48839      DEBUG main            d.u.i.k.p.i.AbstractProblemLoader Environment load took 79.1ns 
48844      INFO  main            d.u.i.k.p.i.AbstractProblemLoader Creating init config 
51898      DEBUG main            d.u.i.k.p.i.AbstractProblemLoader Init config took 3.05s 
51920      INFO  main            d.u.i.k.p.i.AbstractProblemLoader Replaying proof wellformed9.key 
51922      DEBUG main            d.u.i.k.p.i.IntermediateProofReplayer Proof replay took 8.4ns 
52042      INFO  main            d.u.i.k.p.r.p.TestFile    ... finished proof: closed. 
52218      INFO  main            d.u.i.k.p.i.AbstractProblemLoader Loading environment from /home/runner/work/key/key/key.core/../key.ui/examples/heap/polarity_tests/wellformed9.key.proof 
52218      DEBUG main            d.u.i.k.p.i.AbstractProblemLoader Environment load took 532.21ns 
52220      INFO  main            d.u.i.k.p.i.AbstractProblemLoader Creating init config 
55273      DEBUG main            d.u.i.k.p.i.AbstractProblemLoader Init config took 3.05s 
55298      INFO  main            d.u.i.k.p.i.AbstractProblemLoader Replaying proof wellformed9.key.proof 
55303      DEBUG main            d.u.i.k.p.i.IntermediateProofReplayer Proof replay took 2.52ms 
55305      DEBUG main            d.u.i.k.p.r.p.TestFile    ... success: reloaded. 
55306      INFO  main            d.u.i.k.p.r.p.TestFile    Now processing file /home/runner/work/key/key/key.core/../key.ui/examples/heap/polarity_tests/wellformed10.key 
55306      INFO  main            d.u.i.k.p.i.AbstractProblemLoader Loading environment from /home/runner/work/key/key/key.core/../key.ui/examples/heap/polarity_tests/wellformed10.key 
55307      DEBUG main            d.u.i.k.p.i.AbstractProblemLoader Environment load took 338.6ns 
55309      INFO  main            d.u.i.k.p.i.AbstractProblemLoader Creating init config 
58393      DEBUG main            d.u.i.k.p.i.AbstractProblemLoader Init config took 3.08s 
58413      INFO  main            d.u.i.k.p.i.AbstractProblemLoader Replaying proof wellformed10.key 
58415      DEBUG main            d.u.i.k.p.i.IntermediateProofReplayer Proof replay took 8.1ns 
58528      INFO  main            d.u.i.k.p.r.p.TestFile    ... finished proof: open goal(s) 
58729      INFO  main            d.u.i.k.p.r.p.TestFile    Now processing file /home/runner/work/key/key/key.core/../key.ui/examples/heap/polarity_tests/wellformed11.key 
58730      INFO  main            d.u.i.k.p.i.AbstractProblemLoader Loading environment from /home/runner/work/key/key/key.core/../key.ui/examples/heap/polarity_tests/wellformed11.key 
58730      DEBUG main            d.u.i.k.p.i.AbstractProblemLoader Environment load took 122ns 
58732      INFO  main            d.u.i.k.p.i.AbstractProblemLoader Creating init config 
61734      DEBUG main            d.u.i.k.p.i.AbstractProblemLoader Init config took 3s 
61757      INFO  main            d.u.i.k.p.i.AbstractProblemLoader Replaying proof wellformed11.key 
61759      DEBUG main            d.u.i.k.p.i.IntermediateProofReplayer Proof replay took 8.5ns 
61862      INFO  main            d.u.i.k.p.r.p.TestFile    ... finished proof: open goal(s) 
638619     INFO  Test worker     d.u.i.k.p.r.p.StatisticsFile Returning from test applicationRestrictions 
638627     INFO  Test worker     d.u.i.k.p.r.p.StatisticsFile Running test blockContracts 
486        INFO  Timeout watchdog d.u.i.k.p.r.p.ForkedTestFileRunner Timeout watcher launched (2000 secs.) 
502        WARN  main            d.u.i.k.s.ProofSettings   The settings in /home/runner/.key/proof-settings.props are *not* read. 
563        INFO  main            d.u.i.k.p.r.p.TestFile    Now processing file /home/runner/work/key/key/key.core/../key.ui/examples/heap/block_contracts/Simple__add.key 
703        INFO  main            d.u.i.k.p.i.AbstractProblemLoader Loading environment from /home/runner/work/key/key/key.core/../key.ui/examples/heap/block_contracts/Simple__add.key 
727        DEBUG main            d.u.i.k.p.i.AbstractProblemLoader Environment load took 2.81ms 
1049       INFO  main            d.u.i.k.p.i.AbstractProblemLoader Creating init config 
2457       DEBUG main            d.u.i.k.j.TypeConverter   No LDT found for Meta 
2458       DEBUG main            d.u.i.k.j.TypeConverter   No LDT found for Meta 
2461       DEBUG main            d.u.i.k.j.TypeConverter   No LDT found for Meta 
2462       DEBUG main            d.u.i.k.j.TypeConverter   No LDT found for Meta 
4384       DEBUG main            d.u.i.k.j.TypeConverter   No LDT found for JavaBigintExpression 
11745      DEBUG main            d.u.i.k.p.i.AbstractProblemLoader Init config took 10.7s 
11901      INFO  main            d.u.i.k.p.i.AbstractProblemLoader Replaying proof Simple[Simple::add(int,int)].JML operation contract.0 
12007      DEBUG main            d.u.i.k.p.i.IntermediateProofReplayer Proof replay took 427.1ns 
12949      INFO  main            d.u.i.k.p.r.p.TestFile    ... finished proof: closed. 
13088      INFO  main            d.u.i.k.p.i.AbstractProblemLoader Loading environment from /home/runner/work/key/key/key.core/../key.ui/examples/heap/block_contracts/Simple__add.key.proof 
13089      DEBUG main            d.u.i.k.p.i.AbstractProblemLoader Environment load took 187.2ns 
13092      INFO  main            d.u.i.k.p.i.AbstractProblemLoader Creating init config 
17513      DEBUG main            d.u.i.k.p.i.AbstractProblemLoader Init config took 4.42s 
17606      INFO  main            d.u.i.k.p.i.AbstractProblemLoader Replaying proof Simple[Simple::add(int,int)].JML operation contract.0 
17701      DEBUG main            d.u.i.k.p.i.IntermediateProofReplayer Proof replay took 87.86ms 
17711      DEBUG main            d.u.i.k.p.r.p.TestFile    ... success: reloaded. 
17714      INFO  main            d.u.i.k.p.r.p.TestFile    Now processing file /home/runner/work/key/key/key.core/../key.ui/examples/heap/block_contracts/Simple__addAbsoluteValues.key 
17714      INFO  main            d.u.i.k.p.i.AbstractProblemLoader Loading environment from /home/runner/work/key/key/key.core/../key.ui/examples/heap/block_contracts/Simple__addAbsoluteValues.key 
17715      DEBUG main            d.u.i.k.p.i.AbstractProblemLoader Environment load took 704.01ns 
17717      INFO  main            d.u.i.k.p.i.AbstractProblemLoader Creating init config 
21888      DEBUG main            d.u.i.k.p.i.AbstractProblemLoader Init config took 4.17s 
21964      INFO  main            d.u.i.k.p.i.AbstractProblemLoader Replaying proof Simple[Simple::addAbsoluteValues(int,int)].JML normal_behavior operation contract.0 
21975      DEBUG main            d.u.i.k.p.i.IntermediateProofReplayer Proof replay took 18.7ns 
23496      INFO  main            d.u.i.k.p.r.p.TestFile    ... finished proof: closed. 
23722      INFO  main            d.u.i.k.p.i.AbstractProblemLoader Loading environment from /home/runner/work/key/key/key.core/../key.ui/examples/heap/block_contracts/Simple__addAbsoluteValues.key.proof 
23725      DEBUG main            d.u.i.k.p.i.AbstractProblemLoader Environment load took 2.62ms 
23727      INFO  main            d.u.i.k.p.i.AbstractProblemLoader Creating init config 
27824      DEBUG main            d.u.i.k.p.i.AbstractProblemLoader Init config took 4.1s 
27924      INFO  main            d.u.i.k.p.i.AbstractProblemLoader Replaying proof Simple[Simple::addAbsoluteValues(int,int)].JML normal_behavior operation contract.0 
28212      DEBUG main            d.u.i.k.p.i.IntermediateProofReplayer Proof replay took 270.65ms 
28214      DEBUG main            d.u.i.k.p.r.p.TestFile    ... success: reloaded. 
28216      INFO  main            d.u.i.k.p.r.p.TestFile    Now processing file /home/runner/work/key/key/key.core/../key.ui/examples/heap/block_contracts/Simple__addWithJump.key 
28217      INFO  main            d.u.i.k.p.i.AbstractProblemLoader Loading environment from /home/runner/work/key/key/key.core/../key.ui/examples/heap/block_contracts/Simple__addWithJump.key 
28217      DEBUG main            d.u.i.k.p.i.AbstractProblemLoader Environment load took 307.3ns 
28219      INFO  main            d.u.i.k.p.i.AbstractProblemLoader Creating init config 
32235      DEBUG main            d.u.i.k.p.i.AbstractProblemLoader Init config took 4.02s 
32309      INFO  main            d.u.i.k.p.i.AbstractProblemLoader Replaying proof Simple[Simple::addWithJump(int,int,int)].JML operation contract.0 
32312      DEBUG main            d.u.i.k.p.i.IntermediateProofReplayer Proof replay took 13.6ns 
32515      INFO  main            d.u.i.k.p.r.p.TestFile    ... finished proof: closed. 
32740      INFO  main            d.u.i.k.p.i.AbstractProblemLoader Loading environment from /home/runner/work/key/key/key.core/../key.ui/examples/heap/block_contracts/Simple__addWithJump.key.proof 
32740      DEBUG main            d.u.i.k.p.i.AbstractProblemLoader Environment load took 597.4ns 
32742      INFO  main            d.u.i.k.p.i.AbstractProblemLoader Creating init config 
36819      DEBUG main            d.u.i.k.p.i.AbstractProblemLoader Init config took 4.08s 
36898      INFO  main            d.u.i.k.p.i.AbstractProblemLoader Replaying proof Simple[Simple::addWithJump(int,int,int)].JML operation contract.0 
36961      DEBUG main            d.u.i.k.p.i.IntermediateProofReplayer Proof replay took 57.26ms 
36964      DEBUG main            d.u.i.k.p.r.p.TestFile    ... success: reloaded. 
36966      INFO  main            d.u.i.k.p.r.p.TestFile    Now processing file /home/runner/work/key/key/key.core/../key.ui/examples/heap/block_contracts/Simple__addWithTwoBlockContracts.key 
36967      INFO  main            d.u.i.k.p.i.AbstractProblemLoader Loading environment from /home/runner/work/key/key/key.core/../key.ui/examples/heap/block_contracts/Simple__addWithTwoBlockContracts.key 
36967      DEBUG main            d.u.i.k.p.i.AbstractProblemLoader Environment load took 191.2ns 
36972      INFO  main            d.u.i.k.p.i.AbstractProblemLoader Creating init config 
40977      DEBUG main            d.u.i.k.p.i.AbstractProblemLoader Init config took 4.01s 
41036      INFO  main            d.u.i.k.p.i.AbstractProblemLoader Replaying proof Simple[Simple::addWithTwoBlockContracts(int,int,int)].JML operation contract.0 
41039      DEBUG main            d.u.i.k.p.i.IntermediateProofReplayer Proof replay took 13.4ns 
41444      INFO  main            d.u.i.k.p.r.p.TestFile    ... finished proof: closed. 
41673      INFO  main            d.u.i.k.p.i.AbstractProblemLoader Loading environment from /home/runner/work/key/key/key.core/../key.ui/examples/heap/block_contracts/Simple__addWithTwoBlockContracts.key.proof 
41674      DEBUG main            d.u.i.k.p.i.AbstractProblemLoader Environment load took 756.61ns 
41676      INFO  main            d.u.i.k.p.i.AbstractProblemLoader Creating init config 
45624      DEBUG main            d.u.i.k.p.i.AbstractProblemLoader Init config took 3.95s 
45686      INFO  main            d.u.i.k.p.i.AbstractProblemLoader Replaying proof Simple[Simple::addWithTwoBlockContracts(int,int,int)].JML operation contract.0 
45757      DEBUG main            d.u.i.k.p.i.IntermediateProofReplayer Proof replay took 66.28ms 
45759      DEBUG main            d.u.i.k.p.r.p.TestFile    ... success: reloaded. 
45760      INFO  main            d.u.i.k.p.r.p.TestFile    Now processing file /home/runner/work/key/key/key.core/../key.ui/examples/heap/block_contracts/Simple__generateByteArray.key 
45761      INFO  main            d.u.i.k.p.i.AbstractProblemLoader Loading environment from /home/runner/work/key/key/key.core/../key.ui/examples/heap/block_contracts/Simple__generateByteArray.key 
45761      DEBUG main            d.u.i.k.p.i.AbstractProblemLoader Environment load took 358.1ns 
45763      INFO  main            d.u.i.k.p.i.AbstractProblemLoader Creating init config 
49769      DEBUG main            d.u.i.k.p.i.AbstractProblemLoader Init config took 4.01s 
49846      INFO  main            d.u.i.k.p.i.AbstractProblemLoader Replaying proof Simple[Simple::generateByteArray()].JML normal_behavior operation contract.0 
49850      DEBUG main            d.u.i.k.p.i.IntermediateProofReplayer Proof replay took 18.3ns 
51988      INFO  main            d.u.i.k.p.r.p.TestFile    ... finished proof: closed. 
52308      INFO  main            d.u.i.k.p.i.AbstractProblemLoader Loading environment from /home/runner/work/key/key/key.core/../key.ui/examples/heap/block_contracts/Simple__generateByteArray.key.proof 
52308      DEBUG main            d.u.i.k.p.i.AbstractProblemLoader Environment load took 200.9ns 
52313      INFO  main            d.u.i.k.p.i.AbstractProblemLoader Creating init config 
56232      DEBUG main            d.u.i.k.p.i.AbstractProblemLoader Init config took 3.92s 
56292      INFO  main            d.u.i.k.p.i.AbstractProblemLoader Replaying proof Simple[Simple::generateByteArray()].JML normal_behavior operation contract.0 
56629      DEBUG main            d.u.i.k.p.i.IntermediateProofReplayer Proof replay took 319.2ms 
56633      DEBUG main            d.u.i.k.p.r.p.TestFile    ... success: reloaded. 
56634      INFO  main            d.u.i.k.p.r.p.TestFile    Now processing file /home/runner/work/key/key/key.core/../key.ui/examples/heap/block_contracts/Simple__getLength.key 
56635      INFO  main            d.u.i.k.p.i.AbstractProblemLoader Loading environment from /home/runner/work/key/key/key.core/../key.ui/examples/heap/block_contracts/Simple__getLength.key 
56635      DEBUG main            d.u.i.k.p.i.AbstractProblemLoader Environment load took 299.6ns 
56637      INFO  main            d.u.i.k.p.i.AbstractProblemLoader Creating init config 
60644      DEBUG main            d.u.i.k.p.i.AbstractProblemLoader Init config took 4.01s 
60702      INFO  main            d.u.i.k.p.i.AbstractProblemLoader Replaying proof Simple[Simple::getLength()].JML normal_behavior operation contract.0 
60706      DEBUG main            d.u.i.k.p.i.IntermediateProofReplayer Proof replay took 52.6ns 
60809      INFO  main            d.u.i.k.p.r.p.TestFile    ... finished proof: closed. 
61072      INFO  main            d.u.i.k.p.i.AbstractProblemLoader Loading environment from /home/runner/work/key/key/key.core/../key.ui/examples/heap/block_contracts/Simple__getLength.key.proof 
61073      DEBUG main            d.u.i.k.p.i.AbstractProblemLoader Environment load took 161.2ns 
61075      INFO  main            d.u.i.k.p.i.AbstractProblemLoader Creating init config 
65105      DEBUG main            d.u.i.k.p.i.AbstractProblemLoader Init config took 4.03s 
65161      INFO  main            d.u.i.k.p.i.AbstractProblemLoader Replaying proof Simple[Simple::getLength()].JML normal_behavior operation contract.0 
65173      DEBUG main            d.u.i.k.p.i.IntermediateProofReplayer Proof replay took 8.68ms 
65174      DEBUG main            d.u.i.k.p.r.p.TestFile    ... success: reloaded. 
65175      INFO  main            d.u.i.k.p.r.p.TestFile    Now processing file /home/runner/work/key/key/key.core/../key.ui/examples/heap/block_contracts/Simple__square.key 
65176      INFO  main            d.u.i.k.p.i.AbstractProblemLoader Loading environment from /home/runner/work/key/key/key.core/../key.ui/examples/heap/block_contracts/Simple__square.key 
65176      DEBUG main            d.u.i.k.p.i.AbstractProblemLoader Environment load took 142.2ns 
65177      INFO  main            d.u.i.k.p.i.AbstractProblemLoader Creating init config 
69261      DEBUG main            d.u.i.k.p.i.AbstractProblemLoader Init config took 4.08s 
69348      INFO  main            d.u.i.k.p.i.AbstractProblemLoader Replaying proof Simple[Simple::square(int)].JML operation contract.0 
69351      DEBUG main            d.u.i.k.p.i.IntermediateProofReplayer Proof replay took 14.3ns 
69855      INFO  main            d.u.i.k.p.r.p.TestFile    ... finished proof: closed. 
70109      INFO  main            d.u.i.k.p.i.AbstractProblemLoader Loading environment from /home/runner/work/key/key/key.core/../key.ui/examples/heap/block_contracts/Simple__square.key.proof 
70109      DEBUG main            d.u.i.k.p.i.AbstractProblemLoader Environment load took 622.69ns 
70111      INFO  main            d.u.i.k.p.i.AbstractProblemLoader Creating init config 
73954      DEBUG main            d.u.i.k.p.i.AbstractProblemLoader Init config took 3.84s 
74007      INFO  main            d.u.i.k.p.i.AbstractProblemLoader Replaying proof Simple[Simple::square(int)].JML operation contract.0 
74117      DEBUG main            d.u.i.k.p.i.IntermediateProofReplayer Proof replay took 105.71ms 
74119      DEBUG main            d.u.i.k.p.r.p.TestFile    ... success: reloaded. 
74120      INFO  main            d.u.i.k.p.r.p.TestFile    Now processing file /home/runner/work/key/key/key.core/../key.ui/examples/heap/block_contracts/Simple__unnecessaryBlockContract.key 
74121      INFO  main            d.u.i.k.p.i.AbstractProblemLoader Loading environment from /home/runner/work/key/key/key.core/../key.ui/examples/heap/block_contracts/Simple__unnecessaryBlockContract.key 
74121      DEBUG main            d.u.i.k.p.i.AbstractProblemLoader Environment load took 285.8ns 
74123      INFO  main            d.u.i.k.p.i.AbstractProblemLoader Creating init config 
78023      DEBUG main            d.u.i.k.p.i.AbstractProblemLoader Init config took 3.9s 
78097      INFO  main            d.u.i.k.p.i.AbstractProblemLoader Replaying proof Simple[Simple::unnecessaryBlockContract()].JML operation contract.0 
78099      DEBUG main            d.u.i.k.p.i.IntermediateProofReplayer Proof replay took 16ns 
78202      INFO  main            d.u.i.k.p.r.p.TestFile    ... finished proof: closed. 
78457      INFO  main            d.u.i.k.p.i.AbstractProblemLoader Loading environment from /home/runner/work/key/key/key.core/../key.ui/examples/heap/block_contracts/Simple__unnecessaryBlockContract.key.proof 
78458      DEBUG main            d.u.i.k.p.i.AbstractProblemLoader Environment load took 950.81ns 
78460      INFO  main            d.u.i.k.p.i.AbstractProblemLoader Creating init config 
82312      DEBUG main            d.u.i.k.p.i.AbstractProblemLoader Init config took 3.85s 
82362      INFO  main            d.u.i.k.p.i.AbstractProblemLoader Replaying proof Simple[Simple::unnecessaryBlockContract()].JML operation contract.0 
82390      DEBUG main            d.u.i.k.p.i.IntermediateProofReplayer Proof replay took 24.97ms 
82391      DEBUG main            d.u.i.k.p.r.p.TestFile    ... success: reloaded. 
82393      INFO  main            d.u.i.k.p.r.p.TestFile    Now processing file /home/runner/work/key/key/key.core/../key.ui/examples/heap/block_contracts/Simple__unnecessaryLoopInvariant.key 
82393      INFO  main            d.u.i.k.p.i.AbstractProblemLoader Loading environment from /home/runner/work/key/key/key.core/../key.ui/examples/heap/block_contracts/Simple__unnecessaryLoopInvariant.key 
82393      DEBUG main            d.u.i.k.p.i.AbstractProblemLoader Environment load took 159.8ns 
82394      INFO  main            d.u.i.k.p.i.AbstractProblemLoader Creating init config 
86271      DEBUG main            d.u.i.k.p.i.AbstractProblemLoader Init config took 3.88s 
86321      INFO  main            d.u.i.k.p.i.AbstractProblemLoader Replaying proof Simple[Simple::unnecessaryLoopInvariant()].JML operation contract.0 
86323      DEBUG main            d.u.i.k.p.i.IntermediateProofReplayer Proof replay took 13.2ns 
86427      INFO  main            d.u.i.k.p.r.p.TestFile    ... finished proof: closed. 
86705      INFO  main            d.u.i.k.p.i.AbstractProblemLoader Loading environment from /home/runner/work/key/key/key.core/../key.ui/examples/heap/block_contracts/Simple__unnecessaryLoopInvariant.key.proof 
86705      DEBUG main            d.u.i.k.p.i.AbstractProblemLoader Environment load took 148.1ns 
86707      INFO  main            d.u.i.k.p.i.AbstractProblemLoader Creating init config 
90419      DEBUG main            d.u.i.k.p.i.AbstractProblemLoader Init config took 3.71s 
90466      INFO  main            d.u.i.k.p.i.AbstractProblemLoader Replaying proof Simple[Simple::unnecessaryLoopInvariant()].JML operation contract.0 
90481      DEBUG main            d.u.i.k.p.i.IntermediateProofReplayer Proof replay took 12.18ms 
90482      DEBUG main            d.u.i.k.p.r.p.TestFile    ... success: reloaded. 
90483      INFO  main            d.u.i.k.p.r.p.TestFile    Now processing file /home/runner/work/key/key/key.core/../key.ui/examples/standard_key/java_dl/jml-assert/assert.key 
90483      INFO  main            d.u.i.k.p.i.AbstractProblemLoader Loading environment from /home/runner/work/key/key/key.core/../key.ui/examples/standard_key/java_dl/jml-assert/assert.key 
90483      DEBUG main            d.u.i.k.p.i.AbstractProblemLoader Environment load took 132.4ns 
90485      INFO  main            d.u.i.k.p.i.AbstractProblemLoader Creating init config 
93875      DEBUG main            d.u.i.k.p.i.AbstractProblemLoader Init config took 3.39s 
93949      INFO  main            d.u.i.k.p.i.AbstractProblemLoader Replaying proof Assert[Assert::createArray(int)].JML normal_behavior operation contract.0 
93951      DEBUG main            d.u.i.k.p.i.IntermediateProofReplayer Proof replay took 8.2ns 
94254      INFO  main            d.u.i.k.p.r.p.TestFile    ... finished proof: closed. 
94492      INFO  main            d.u.i.k.p.i.AbstractProblemLoader Loading environment from /home/runner/work/key/key/key.core/../key.ui/examples/standard_key/java_dl/jml-assert/assert.key.proof 
94492      DEBUG main            d.u.i.k.p.i.AbstractProblemLoader Environment load took 645.11ns 
94494      INFO  main            d.u.i.k.p.i.AbstractProblemLoader Creating init config 
97829      DEBUG main            d.u.i.k.p.i.AbstractProblemLoader Init config took 3.33s 
97877      INFO  main            d.u.i.k.p.i.AbstractProblemLoader Replaying proof Assert[Assert::createArray(int)].JML normal_behavior operation contract.0 
97929      DEBUG main            d.u.i.k.p.i.IntermediateProofReplayer Proof replay took 48.36ms 
97930      DEBUG main            d.u.i.k.p.r.p.TestFile    ... success: reloaded. 
97932      INFO  main            d.u.i.k.p.r.p.TestFile    Now processing file /home/runner/work/key/key/key.core/../key.ui/examples/standard_key/java_dl/jml-assert/assert_assume_order.key 
97933      INFO  main            d.u.i.k.p.i.AbstractProblemLoader Loading environment from /home/runner/work/key/key/key.core/../key.ui/examples/standard_key/java_dl/jml-assert/assert_assume_order.key 
97933      DEBUG main            d.u.i.k.p.i.AbstractProblemLoader Environment load took 278ns 
97934      INFO  main            d.u.i.k.p.i.AbstractProblemLoader Creating init config 
101311     DEBUG main            d.u.i.k.p.i.AbstractProblemLoader Init config took 3.38s 
101357     INFO  main            d.u.i.k.p.i.AbstractProblemLoader Replaying proof AssertAssume[AssertAssume::singleAssumeAssert(int)].JML normal_behavior operation contract.0 
101359     DEBUG main            d.u.i.k.p.i.IntermediateProofReplayer Proof replay took 8ns 
101463     INFO  main            d.u.i.k.p.r.p.TestFile    ... finished proof: closed. 
101718     INFO  main            d.u.i.k.p.i.AbstractProblemLoader Loading environment from /home/runner/work/key/key/key.core/../key.ui/examples/standard_key/java_dl/jml-assert/assert_assume_order.key.proof 
101718     DEBUG main            d.u.i.k.p.i.AbstractProblemLoader Environment load took 156.7ns 
101720     INFO  main            d.u.i.k.p.i.AbstractProblemLoader Creating init config 
105007     DEBUG main            d.u.i.k.p.i.AbstractProblemLoader Init config took 3.29s 
105067     INFO  main            d.u.i.k.p.i.AbstractProblemLoader Replaying proof AssertAssume[AssertAssume::singleAssumeAssert(int)].JML normal_behavior operation contract.0 
105087     DEBUG main            d.u.i.k.p.i.IntermediateProofReplayer Proof replay took 15.06ms 
105090     DEBUG main            d.u.i.k.p.r.p.TestFile    ... success: reloaded. 
105093     INFO  main            d.u.i.k.p.r.p.TestFile    Now processing file /home/runner/work/key/key/key.core/../key.ui/examples/heap/block_loop_contracts/SimpleVariants/sum_onBlock_external.key 
105093     INFO  main            d.u.i.k.p.i.AbstractProblemLoader Loading environment from /home/runner/work/key/key/key.core/../key.ui/examples/heap/block_loop_contracts/SimpleVariants/sum_onBlock_external.key 
105094     DEBUG main            d.u.i.k.p.i.AbstractProblemLoader Environment load took 281.7ns 
105095     INFO  main            d.u.i.k.p.i.AbstractProblemLoader Creating init config 
108865     DEBUG main            d.u.i.k.p.i.AbstractProblemLoader Init config took 3.77s 
108909     INFO  main            d.u.i.k.p.i.AbstractProblemLoader Replaying proof LoopContractExamplesAll[LoopContractExamplesAll::sum_loopContract_onBlock([I)].JML normal_behavior operation contract.0 
108912     DEBUG main            d.u.i.k.p.i.IntermediateProofReplayer Proof replay took 12.9ns 
109116     INFO  main            d.u.i.k.p.r.p.TestFile    ... finished proof: closed. 
109406     INFO  main            d.u.i.k.p.i.AbstractProblemLoader Loading environment from /home/runner/work/key/key/key.core/../key.ui/examples/heap/block_loop_contracts/SimpleVariants/sum_onBlock_external.key.proof 
109406     DEBUG main            d.u.i.k.p.i.AbstractProblemLoader Environment load took 256.4ns 
109407     INFO  main            d.u.i.k.p.i.AbstractProblemLoader Creating init config 
113057     DEBUG main            d.u.i.k.p.i.AbstractProblemLoader Init config took 3.65s 
113104     INFO  main            d.u.i.k.p.i.AbstractProblemLoader Replaying proof LoopContractExamplesAll[LoopContractExamplesAll::sum_loopContract_onBlock([I)].JML normal_behavior operation contract.0 
113145     DEBUG main            d.u.i.k.p.i.IntermediateProofReplayer Proof replay took 38.72ms 
113147     DEBUG main            d.u.i.k.p.r.p.TestFile    ... success: reloaded. 
113148     INFO  main            d.u.i.k.p.r.p.TestFile    Now processing file /home/runner/work/key/key/key.core/../key.ui/examples/heap/block_loop_contracts/SimpleVariants/sum_onBlock_internal.key 
113148     INFO  main            d.u.i.k.p.i.AbstractProblemLoader Loading environment from /home/runner/work/key/key/key.core/../key.ui/examples/heap/block_loop_contracts/SimpleVariants/sum_onBlock_internal.key 
113148     DEBUG main            d.u.i.k.p.i.AbstractProblemLoader Environment load took 153.6ns 
113150     INFO  main            d.u.i.k.p.i.AbstractProblemLoader Creating init config 
116863     DEBUG main            d.u.i.k.p.i.AbstractProblemLoader Init config took 3.71s 
116914     INFO  main            d.u.i.k.p.i.AbstractProblemLoader Replaying proof LoopContractExamplesAll[LoopContractExamplesAll::sum_loopContract_onBlock([I)].JML normal_behavior operation contract.0 
116916     DEBUG main            d.u.i.k.p.i.IntermediateProofReplayer Proof replay took 14.1ns 
117721     INFO  main            d.u.i.k.p.r.p.TestFile    ... finished proof: closed. 
118088     INFO  main            d.u.i.k.p.i.AbstractProblemLoader Loading environment from /home/runner/work/key/key/key.core/../key.ui/examples/heap/block_loop_contracts/SimpleVariants/sum_onBlock_internal.key.proof 
118089     DEBUG main            d.u.i.k.p.i.AbstractProblemLoader Environment load took 775.5ns 
118090     INFO  main            d.u.i.k.p.i.AbstractProblemLoader Creating init config 
121651     DEBUG main            d.u.i.k.p.i.AbstractProblemLoader Init config took 3.56s 
121694     INFO  main            d.u.i.k.p.i.AbstractProblemLoader Replaying proof LoopContractExamplesAll[LoopContractExamplesAll::sum_loopContract_onBlock([I)].JML normal_behavior operation contract.0 
121935     DEBUG main            d.u.i.k.p.i.IntermediateProofReplayer Proof replay took 236.56ms 
121939     DEBUG main            d.u.i.k.p.r.p.TestFile    ... success: reloaded. 
121943     INFO  main            d.u.i.k.p.r.p.TestFile    Now processing file /home/runner/work/key/key/key.core/../key.ui/examples/heap/block_loop_contracts/SimpleVariants/sum_onBlock_loop.key 
121943     INFO  main            d.u.i.k.p.i.AbstractProblemLoader Loading environment from /home/runner/work/key/key/key.core/../key.ui/examples/heap/block_loop_contracts/SimpleVariants/sum_onBlock_loop.key 
121944     DEBUG main            d.u.i.k.p.i.AbstractProblemLoader Environment load took 778.8ns 
121945     INFO  main            d.u.i.k.p.i.AbstractProblemLoader Creating init config 
125618     DEBUG main            d.u.i.k.p.i.AbstractProblemLoader Init config took 3.67s 
125665     INFO  main            d.u.i.k.p.i.AbstractProblemLoader Replaying proof LoopContractExamplesAll[LoopContractExamplesAll::sum_loopContract_onBlock([I)].JML normal_behavior loop contract.0 
125668     DEBUG main            d.u.i.k.p.i.IntermediateProofReplayer Proof replay took 52.1ns 
126673     INFO  main            d.u.i.k.p.r.p.TestFile    ... finished proof: closed. 
127023     INFO  main            d.u.i.k.p.i.AbstractProblemLoader Loading environment from /home/runner/work/key/key/key.core/../key.ui/examples/heap/block_loop_contracts/SimpleVariants/sum_onBlock_loop.key.proof 
127023     DEBUG main            d.u.i.k.p.i.AbstractProblemLoader Environment load took 728.21ns 
127025     INFO  main            d.u.i.k.p.i.AbstractProblemLoader Creating init config 
130525     DEBUG main            d.u.i.k.p.i.AbstractProblemLoader Init config took 3.5s 
130568     INFO  main            d.u.i.k.p.i.AbstractProblemLoader Replaying proof LoopContractExamplesAll[LoopContractExamplesAll::sum_loopContract_onBlock([I)].JML normal_behavior loop contract.0 
130820     DEBUG main            d.u.i.k.p.i.IntermediateProofReplayer Proof replay took 246.34ms 
130821     DEBUG main            d.u.i.k.p.r.p.TestFile    ... success: reloaded. 
130823     INFO  main            d.u.i.k.p.r.p.TestFile    Now processing file /home/runner/work/key/key/key.core/../key.ui/examples/heap/block_loop_contracts/SimpleVariants/sum_onLoop_external.key 
130823     INFO  main            d.u.i.k.p.i.AbstractProblemLoader Loading environment from /home/runner/work/key/key/key.core/../key.ui/examples/heap/block_loop_contracts/SimpleVariants/sum_onLoop_external.key 
130824     DEBUG main            d.u.i.k.p.i.AbstractProblemLoader Environment load took 276.1ns 
130825     INFO  main            d.u.i.k.p.i.AbstractProblemLoader Creating init config 
134502     DEBUG main            d.u.i.k.p.i.AbstractProblemLoader Init config took 3.68s 
134545     INFO  main            d.u.i.k.p.i.AbstractProblemLoader Replaying proof LoopContractExamplesAll[LoopContractExamplesAll::sum_loopContract_onLoop([I)].JML normal_behavior operation contract.0 
134548     DEBUG main            d.u.i.k.p.i.IntermediateProofReplayer Proof replay took 14.7ns 
134751     INFO  main            d.u.i.k.p.r.p.TestFile    ... finished proof: closed. 
135164     INFO  main            d.u.i.k.p.i.AbstractProblemLoader Loading environment from /home/runner/work/key/key/key.core/../key.ui/examples/heap/block_loop_contracts/SimpleVariants/sum_onLoop_external.key.proof 
135164     DEBUG main            d.u.i.k.p.i.AbstractProblemLoader Environment load took 565.5ns 
135166     INFO  main            d.u.i.k.p.i.AbstractProblemLoader Creating init config 
138671     DEBUG main            d.u.i.k.p.i.AbstractProblemLoader Init config took 3.51s 
138713     INFO  main            d.u.i.k.p.i.AbstractProblemLoader Replaying proof LoopContractExamplesAll[LoopContractExamplesAll::sum_loopContract_onLoop([I)].JML normal_behavior operation contract.0 
138772     DEBUG main            d.u.i.k.p.i.IntermediateProofReplayer Proof replay took 56.43ms 
138774     DEBUG main            d.u.i.k.p.r.p.TestFile    ... success: reloaded. 
138775     INFO  main            d.u.i.k.p.r.p.TestFile    Now processing file /home/runner/work/key/key/key.core/../key.ui/examples/heap/block_loop_contracts/SimpleVariants/sum_onLoop_internal.key 
138776     INFO  main            d.u.i.k.p.i.AbstractProblemLoader Loading environment from /home/runner/work/key/key/key.core/../key.ui/examples/heap/block_loop_contracts/SimpleVariants/sum_onLoop_internal.key 
138776     DEBUG main            d.u.i.k.p.i.AbstractProblemLoader Environment load took 306.7ns 
138777     INFO  main            d.u.i.k.p.i.AbstractProblemLoader Creating init config 
142404     DEBUG main            d.u.i.k.p.i.AbstractProblemLoader Init config took 3.63s 
142447     INFO  main            d.u.i.k.p.i.AbstractProblemLoader Replaying proof LoopContractExamplesAll[LoopContractExamplesAll::sum_loopContract_onLoop([I)].JML normal_behavior operation contract.0 
142450     DEBUG main            d.u.i.k.p.i.IntermediateProofReplayer Proof replay took 15.2ns 
143254     INFO  main            d.u.i.k.p.r.p.TestFile    ... finished proof: closed. 
143591     INFO  main            d.u.i.k.p.i.AbstractProblemLoader Loading environment from /home/runner/work/key/key/key.core/../key.ui/examples/heap/block_loop_contracts/SimpleVariants/sum_onLoop_internal.key.proof 
143592     DEBUG main            d.u.i.k.p.i.AbstractProblemLoader Environment load took 571.2ns 
143593     INFO  main            d.u.i.k.p.i.AbstractProblemLoader Creating init config 
147147     DEBUG main            d.u.i.k.p.i.AbstractProblemLoader Init config took 3.55s 
147209     INFO  main            d.u.i.k.p.i.AbstractProblemLoader Replaying proof LoopContractExamplesAll[LoopContractExamplesAll::sum_loopContract_onLoop([I)].JML normal_behavior operation contract.0 
147435     DEBUG main            d.u.i.k.p.i.IntermediateProofReplayer Proof replay took 216.37ms 
147437     DEBUG main            d.u.i.k.p.r.p.TestFile    ... success: reloaded. 
147439     INFO  main            d.u.i.k.p.r.p.TestFile    Now processing file /home/runner/work/key/key/key.core/../key.ui/examples/heap/block_loop_contracts/SimpleVariants/sum_onLoop_loop.key 
147440     INFO  main            d.u.i.k.p.i.AbstractProblemLoader Loading environment from /home/runner/work/key/key/key.core/../key.ui/examples/heap/block_loop_contracts/SimpleVariants/sum_onLoop_loop.key 
147440     DEBUG main            d.u.i.k.p.i.AbstractProblemLoader Environment load took 281.2ns 
147442     INFO  main            d.u.i.k.p.i.AbstractProblemLoader Creating init config 
151104     DEBUG main            d.u.i.k.p.i.AbstractProblemLoader Init config took 3.66s 
151157     INFO  main            d.u.i.k.p.i.AbstractProblemLoader Replaying proof LoopContractExamplesAll[LoopContractExamplesAll::sum_loopContract_onLoop([I)].JML normal_behavior loop contract.0 
151161     DEBUG main            d.u.i.k.p.i.IntermediateProofReplayer Proof replay took 15ns 
152066     INFO  main            d.u.i.k.p.r.p.TestFile    ... finished proof: closed. 
152452     INFO  main            d.u.i.k.p.i.AbstractProblemLoader Loading environment from /home/runner/work/key/key/key.core/../key.ui/examples/heap/block_loop_contracts/SimpleVariants/sum_onLoop_loop.key.proof 
152454     DEBUG main            d.u.i.k.p.i.AbstractProblemLoader Environment load took 1.99ms 
152457     INFO  main            d.u.i.k.p.i.AbstractProblemLoader Creating init config 
155976     DEBUG main            d.u.i.k.p.i.AbstractProblemLoader Init config took 3.52s 
156025     INFO  main            d.u.i.k.p.i.AbstractProblemLoader Replaying proof LoopContractExamplesAll[LoopContractExamplesAll::sum_loopContract_onLoop([I)].JML normal_behavior loop contract.0 
156280     DEBUG main            d.u.i.k.p.i.IntermediateProofReplayer Proof replay took 246.88ms 
156283     DEBUG main            d.u.i.k.p.r.p.TestFile    ... success: reloaded. 
156285     INFO  main            d.u.i.k.p.r.p.TestFile    Now processing file /home/runner/work/key/key/key.core/../key.ui/examples/heap/block_loop_contracts/Free/blockContracts0.key 
156285     INFO  main            d.u.i.k.p.i.AbstractProblemLoader Loading environment from /home/runner/work/key/key/key.core/../key.ui/examples/heap/block_loop_contracts/Free/blockContracts0.key 
156286     DEBUG main            d.u.i.k.p.i.AbstractProblemLoader Environment load took 293.7ns 
156287     INFO  main            d.u.i.k.p.i.AbstractProblemLoader Creating init config 
159524     DEBUG main            d.u.i.k.p.i.AbstractProblemLoader Init config took 3.24s 
159567     INFO  main            d.u.i.k.p.i.AbstractProblemLoader Replaying proof FreeConditions[FreeConditions::blockContract0()].JML normal_behavior operation contract.0 
159569     DEBUG main            d.u.i.k.p.i.IntermediateProofReplayer Proof replay took 26.8ns 
159671     INFO  main            d.u.i.k.p.r.p.TestFile    ... finished proof: closed. 
160062     INFO  main            d.u.i.k.p.i.AbstractProblemLoader Loading environment from /home/runner/work/key/key/key.core/../key.ui/examples/heap/block_loop_contracts/Free/blockContracts0.key.proof 
160062     DEBUG main            d.u.i.k.p.i.AbstractProblemLoader Environment load took 146.8ns 
160063     INFO  main            d.u.i.k.p.i.AbstractProblemLoader Creating init config 
163146     DEBUG main            d.u.i.k.p.i.AbstractProblemLoader Init config took 3.08s 
163190     INFO  main            d.u.i.k.p.i.AbstractProblemLoader Replaying proof FreeConditions[FreeConditions::blockContract0()].JML normal_behavior operation contract.0 
163215     DEBUG main            d.u.i.k.p.i.IntermediateProofReplayer Proof replay took 21.94ms 
163216     DEBUG main            d.u.i.k.p.r.p.TestFile    ... success: reloaded. 
163217     INFO  main            d.u.i.k.p.r.p.TestFile    Now processing file /home/runner/work/key/key/key.core/../key.ui/examples/heap/block_loop_contracts/Free/blockContracts1.key 
163218     INFO  main            d.u.i.k.p.i.AbstractProblemLoader Loading environment from /home/runner/work/key/key/key.core/../key.ui/examples/heap/block_loop_contracts/Free/blockContracts1.key 
163218     DEBUG main            d.u.i.k.p.i.AbstractProblemLoader Environment load took 185.2ns 
163219     INFO  main            d.u.i.k.p.i.AbstractProblemLoader Creating init config 
166436     DEBUG main            d.u.i.k.p.i.AbstractProblemLoader Init config took 3.22s 
166477     INFO  main            d.u.i.k.p.i.AbstractProblemLoader Replaying proof FreeConditions[FreeConditions::blockContract1()].JML normal_behavior operation contract.0 
166479     DEBUG main            d.u.i.k.p.i.IntermediateProofReplayer Proof replay took 14.3ns 
166683     INFO  main            d.u.i.k.p.r.p.TestFile    ... finished proof: closed. 
167014     INFO  main            d.u.i.k.p.i.AbstractProblemLoader Loading environment from /home/runner/work/key/key/key.core/../key.ui/examples/heap/block_loop_contracts/Free/blockContracts1.key.proof 
167014     DEBUG main            d.u.i.k.p.i.AbstractProblemLoader Environment load took 152.8ns 
167015     INFO  main            d.u.i.k.p.i.AbstractProblemLoader Creating init config 
170127     DEBUG main            d.u.i.k.p.i.AbstractProblemLoader Init config took 3.11s 
170170     INFO  main            d.u.i.k.p.i.AbstractProblemLoader Replaying proof FreeConditions[FreeConditions::blockContract1()].JML normal_behavior operation contract.0 
170192     DEBUG main            d.u.i.k.p.i.IntermediateProofReplayer Proof replay took 19.51ms 
170194     DEBUG main            d.u.i.k.p.r.p.TestFile    ... success: reloaded. 
170196     INFO  main            d.u.i.k.p.r.p.TestFile    Now processing file /home/runner/work/key/key/key.core/../key.ui/examples/heap/block_loop_contracts/Finally/block_finally.key 
170196     INFO  main            d.u.i.k.p.i.AbstractProblemLoader Loading environment from /home/runner/work/key/key/key.core/../key.ui/examples/heap/block_loop_contracts/Finally/block_finally.key 
170196     DEBUG main            d.u.i.k.p.i.AbstractProblemLoader Environment load took 172.3ns 
170198     INFO  main            d.u.i.k.p.i.AbstractProblemLoader Creating init config 
173422     DEBUG main            d.u.i.k.p.i.AbstractProblemLoader Init config took 3.22s 
173466     INFO  main            d.u.i.k.p.i.AbstractProblemLoader Replaying proof AuxiliaryContractsFinally[AuxiliaryContractsFinally::breakThrowContinueBlockContract(java.lang.Exception)].JML block contract.0 
173468     DEBUG main            d.u.i.k.p.i.IntermediateProofReplayer Proof replay took 13.8ns 
174175     INFO  main            d.u.i.k.p.r.p.TestFile    ... finished proof: open goal(s) 
174531     INFO  main            d.u.i.k.p.r.p.TestFile    Now processing file /home/runner/work/key/key/key.core/../key.ui/examples/heap/block_loop_contracts/Finally/loop_finally.key 
174531     INFO  main            d.u.i.k.p.i.AbstractProblemLoader Loading environment from /home/runner/work/key/key/key.core/../key.ui/examples/heap/block_loop_contracts/Finally/loop_finally.key 
174531     DEBUG main            d.u.i.k.p.i.AbstractProblemLoader Environment load took 80.1ns 
174536     INFO  main            d.u.i.k.p.i.AbstractProblemLoader Creating init config 
177696     DEBUG main            d.u.i.k.p.i.AbstractProblemLoader Init config took 3.16s 
177742     INFO  main            d.u.i.k.p.i.AbstractProblemLoader Replaying proof AuxiliaryContractsFinally[AuxiliaryContractsFinally::breakThrowContinueLoopContract(java.lang.Exception)].JML normal_behavior loop contract.0 
177744     DEBUG main            d.u.i.k.p.i.IntermediateProofReplayer Proof replay took 13.8ns 
178564     INFO  main            d.u.i.k.p.r.p.TestFile    ... finished proof: open goal(s) 
817892     INFO  Test worker     d.u.i.k.p.r.p.StatisticsFile Returning from test blockContracts 
817897     INFO  Test worker     d.u.i.k.p.r.p.StatisticsFile Running test jmlAsserts 
449        INFO  Timeout watchdog d.u.i.k.p.r.p.ForkedTestFileRunner Timeout watcher launched (2000 secs.) 
485        WARN  main            d.u.i.k.s.ProofSettings   The settings in /home/runner/.key/proof-settings.props are *not* read. 
555        INFO  main            d.u.i.k.p.r.p.TestFile    Now processing file /home/runner/work/key/key/key.core/../key.ui/examples/standard_key/java_dl/jml-assert/assert.key 
713        INFO  main            d.u.i.k.p.i.AbstractProblemLoader Loading environment from /home/runner/work/key/key/key.core/../key.ui/examples/standard_key/java_dl/jml-assert/assert.key 
735        DEBUG main            d.u.i.k.p.i.AbstractProblemLoader Environment load took 2.59ms 
1045       INFO  main            d.u.i.k.p.i.AbstractProblemLoader Creating init config 
2303       DEBUG main            d.u.i.k.j.TypeConverter   No LDT found for Meta 
2304       DEBUG main            d.u.i.k.j.TypeConverter   No LDT found for Meta 
2307       DEBUG main            d.u.i.k.j.TypeConverter   No LDT found for Meta 
2307       DEBUG main            d.u.i.k.j.TypeConverter   No LDT found for Meta 
4076       DEBUG main            d.u.i.k.j.TypeConverter   No LDT found for JavaBigintExpression 
11888      DEBUG main            d.u.i.k.p.i.AbstractProblemLoader Init config took 10.84s 
12072      INFO  main            d.u.i.k.p.i.AbstractProblemLoader Replaying proof Assert[Assert::createArray(int)].JML normal_behavior operation contract.0 
12122      DEBUG main            d.u.i.k.p.i.IntermediateProofReplayer Proof replay took 42ns 
13261      INFO  main            d.u.i.k.p.r.p.TestFile    ... finished proof: closed. 
13412      INFO  main            d.u.i.k.p.i.AbstractProblemLoader Loading environment from /home/runner/work/key/key/key.core/../key.ui/examples/standard_key/java_dl/jml-assert/assert.key.proof 
13413      DEBUG main            d.u.i.k.p.i.AbstractProblemLoader Environment load took 675.11ns 
13420      INFO  main            d.u.i.k.p.i.AbstractProblemLoader Creating init config 
17253      DEBUG main            d.u.i.k.p.i.AbstractProblemLoader Init config took 3.83s 
17377      INFO  main            d.u.i.k.p.i.AbstractProblemLoader Replaying proof Assert[Assert::createArray(int)].JML normal_behavior operation contract.0 
17564      DEBUG main            d.u.i.k.p.i.IntermediateProofReplayer Proof replay took 171.3ms 
17575      DEBUG main            d.u.i.k.p.r.p.TestFile    ... success: reloaded. 
17582      INFO  main            d.u.i.k.p.r.p.TestFile    Now processing file /home/runner/work/key/key/key.core/../key.ui/examples/heap/block_loop_contracts/Free/assertions0.key 
17584      INFO  main            d.u.i.k.p.i.AbstractProblemLoader Loading environment from /home/runner/work/key/key/key.core/../key.ui/examples/heap/block_loop_contracts/Free/assertions0.key 
17584      DEBUG main            d.u.i.k.p.i.AbstractProblemLoader Environment load took 345.6ns 
17589      INFO  main            d.u.i.k.p.i.AbstractProblemLoader Creating init config 
21245      DEBUG main            d.u.i.k.p.i.AbstractProblemLoader Init config took 3.66s 
21319      INFO  main            d.u.i.k.p.i.AbstractProblemLoader Replaying proof FreeConditions[FreeConditions::assertions0()].JML normal_behavior operation contract.0 
21325      DEBUG main            d.u.i.k.p.i.IntermediateProofReplayer Proof replay took 17.2ns 
21528      INFO  main            d.u.i.k.p.r.p.TestFile    ... finished proof: closed. 
21697      INFO  main            d.u.i.k.p.i.AbstractProblemLoader Loading environment from /home/runner/work/key/key/key.core/../key.ui/examples/heap/block_loop_contracts/Free/assertions0.key.proof 
21697      DEBUG main            d.u.i.k.p.i.AbstractProblemLoader Environment load took 659.3ns 
21703      INFO  main            d.u.i.k.p.i.AbstractProblemLoader Creating init config 
25071      DEBUG main            d.u.i.k.p.i.AbstractProblemLoader Init config took 3.37s 
25137      INFO  main            d.u.i.k.p.i.AbstractProblemLoader Replaying proof FreeConditions[FreeConditions::assertions0()].JML normal_behavior operation contract.0 
25168      DEBUG main            d.u.i.k.p.i.IntermediateProofReplayer Proof replay took 28.05ms 
25170      DEBUG main            d.u.i.k.p.r.p.TestFile    ... success: reloaded. 
25172      INFO  main            d.u.i.k.p.r.p.TestFile    Now processing file /home/runner/work/key/key/key.core/../key.ui/examples/heap/block_loop_contracts/Free/assertions1.key 
25172      INFO  main            d.u.i.k.p.i.AbstractProblemLoader Loading environment from /home/runner/work/key/key/key.core/../key.ui/examples/heap/block_loop_contracts/Free/assertions1.key 
25173      DEBUG main            d.u.i.k.p.i.AbstractProblemLoader Environment load took 396.4ns 
25175      INFO  main            d.u.i.k.p.i.AbstractProblemLoader Creating init config 
28498      DEBUG main            d.u.i.k.p.i.AbstractProblemLoader Init config took 3.32s 
28584      INFO  main            d.u.i.k.p.i.AbstractProblemLoader Replaying proof FreeConditions[FreeConditions::assertions1()].JML normal_behavior operation contract.0 
28587      DEBUG main            d.u.i.k.p.i.IntermediateProofReplayer Proof replay took 16.7ns 
28690      INFO  main            d.u.i.k.p.r.p.TestFile    ... finished proof: closed. 
28890      INFO  main            d.u.i.k.p.i.AbstractProblemLoader Loading environment from /home/runner/work/key/key/key.core/../key.ui/examples/heap/block_loop_contracts/Free/assertions1.key.proof 
28890      DEBUG main            d.u.i.k.p.i.AbstractProblemLoader Environment load took 151.5ns 
28892      INFO  main            d.u.i.k.p.i.AbstractProblemLoader Creating init config 
32178      DEBUG main            d.u.i.k.p.i.AbstractProblemLoader Init config took 3.29s 
32250      INFO  main            d.u.i.k.p.i.AbstractProblemLoader Replaying proof FreeConditions[FreeConditions::assertions1()].JML normal_behavior operation contract.0 
32270      DEBUG main            d.u.i.k.p.i.IntermediateProofReplayer Proof replay took 13.37ms 
32272      DEBUG main            d.u.i.k.p.r.p.TestFile    ... success: reloaded. 
32274      INFO  main            d.u.i.k.p.r.p.TestFile    Now processing file /home/runner/work/key/key/key.core/../key.ui/examples/standard_key/java_dl/jml-assert/recursion-assert.key 
32274      INFO  main            d.u.i.k.p.i.AbstractProblemLoader Loading environment from /home/runner/work/key/key/key.core/../key.ui/examples/standard_key/java_dl/jml-assert/recursion-assert.key 
32275      DEBUG main            d.u.i.k.p.i.AbstractProblemLoader Environment load took 266.9ns 
32276      INFO  main            d.u.i.k.p.i.AbstractProblemLoader Creating init config 
35714      DEBUG main            d.u.i.k.p.i.AbstractProblemLoader Init config took 3.44s 
35782      INFO  main            d.u.i.k.p.i.AbstractProblemLoader Replaying proof RecursiveMethod[RecursiveMethod::fac1(int)].JML normal_behavior operation contract.0 
35786      DEBUG main            d.u.i.k.p.i.IntermediateProofReplayer Proof replay took 7ns 
36105      INFO  main            d.u.i.k.p.r.p.TestFile    ... finished proof: closed. 
36301      INFO  main            d.u.i.k.p.i.AbstractProblemLoader Loading environment from /home/runner/work/key/key/key.core/../key.ui/examples/standard_key/java_dl/jml-assert/recursion-assert.key.proof 
36302      DEBUG main            d.u.i.k.p.i.AbstractProblemLoader Environment load took 896.11ns 
36304      INFO  main            d.u.i.k.p.i.AbstractProblemLoader Creating init config 
39706      DEBUG main            d.u.i.k.p.i.AbstractProblemLoader Init config took 3.4s 
39770      INFO  main            d.u.i.k.p.i.AbstractProblemLoader Replaying proof RecursiveMethod[RecursiveMethod::fac1(int)].JML normal_behavior operation contract.0 
39825      DEBUG main            d.u.i.k.p.i.IntermediateProofReplayer Proof replay took 50.02ms 
39826      DEBUG main            d.u.i.k.p.r.p.TestFile    ... success: reloaded. 
39828      INFO  main            d.u.i.k.p.r.p.TestFile    Now processing file /home/runner/work/key/key/key.core/../key.ui/examples/standard_key/java_dl/jml-assert/recursion-assume.key 
39828      INFO  main            d.u.i.k.p.i.AbstractProblemLoader Loading environment from /home/runner/work/key/key/key.core/../key.ui/examples/standard_key/java_dl/jml-assert/recursion-assume.key 
39829      DEBUG main            d.u.i.k.p.i.AbstractProblemLoader Environment load took 263.6ns 
39830      INFO  main            d.u.i.k.p.i.AbstractProblemLoader Creating init config 
43325      DEBUG main            d.u.i.k.p.i.AbstractProblemLoader Init config took 3.5s 
43387      INFO  main            d.u.i.k.p.i.AbstractProblemLoader Replaying proof RecursiveMethod[RecursiveMethod::fac2(int)].JML normal_behavior operation contract.0 
43389      DEBUG main            d.u.i.k.p.i.IntermediateProofReplayer Proof replay took 7.2ns 
43592      INFO  main            d.u.i.k.p.r.p.TestFile    ... finished proof: closed. 
43821      INFO  main            d.u.i.k.p.i.AbstractProblemLoader Loading environment from /home/runner/work/key/key/key.core/../key.ui/examples/standard_key/java_dl/jml-assert/recursion-assume.key.proof 
43822      DEBUG main            d.u.i.k.p.i.AbstractProblemLoader Environment load took 1.03ms 
43823      INFO  main            d.u.i.k.p.i.AbstractProblemLoader Creating init config 
47227      DEBUG main            d.u.i.k.p.i.AbstractProblemLoader Init config took 3.4s 
47287      INFO  main            d.u.i.k.p.i.AbstractProblemLoader Replaying proof RecursiveMethod[RecursiveMethod::fac2(int)].JML normal_behavior operation contract.0 
47336      DEBUG main            d.u.i.k.p.i.IntermediateProofReplayer Proof replay took 45.54ms 
47338      DEBUG main            d.u.i.k.p.r.p.TestFile    ... success: reloaded. 
47339      INFO  main            d.u.i.k.p.r.p.TestFile    Now processing file /home/runner/work/key/key/key.core/../key.ui/examples/standard_key/java_dl/jml-assert/quantor-assert.key 
47340      INFO  main            d.u.i.k.p.i.AbstractProblemLoader Loading environment from /home/runner/work/key/key/key.core/../key.ui/examples/standard_key/java_dl/jml-assert/quantor-assert.key 
47340      DEBUG main            d.u.i.k.p.i.AbstractProblemLoader Environment load took 353.4ns 
47341      INFO  main            d.u.i.k.p.i.AbstractProblemLoader Creating init config 
50799      DEBUG main            d.u.i.k.p.i.AbstractProblemLoader Init config took 3.46s 
50855      INFO  main            d.u.i.k.p.i.AbstractProblemLoader Replaying proof Quantor[Quantor::square1(int)].JML normal_behavior operation contract.0 
50857      DEBUG main            d.u.i.k.p.i.IntermediateProofReplayer Proof replay took 8.6ns 
50960      INFO  main            d.u.i.k.p.r.p.TestFile    ... finished proof: closed. 
51192      INFO  main            d.u.i.k.p.i.AbstractProblemLoader Loading environment from /home/runner/work/key/key/key.core/../key.ui/examples/standard_key/java_dl/jml-assert/quantor-assert.key.proof 
51192      DEBUG main            d.u.i.k.p.i.AbstractProblemLoader Environment load took 152.8ns 
51194      INFO  main            d.u.i.k.p.i.AbstractProblemLoader Creating init config 
54585      DEBUG main            d.u.i.k.p.i.AbstractProblemLoader Init config took 3.39s 
54650      INFO  main            d.u.i.k.p.i.AbstractProblemLoader Replaying proof Quantor[Quantor::square1(int)].JML normal_behavior operation contract.0 
54675      DEBUG main            d.u.i.k.p.i.IntermediateProofReplayer Proof replay took 22.14ms 
54677      DEBUG main            d.u.i.k.p.r.p.TestFile    ... success: reloaded. 
54679      INFO  main            d.u.i.k.p.r.p.TestFile    Now processing file /home/runner/work/key/key/key.core/../key.ui/examples/standard_key/java_dl/jml-assert/quantor-assume.key 
54679      INFO  main            d.u.i.k.p.i.AbstractProblemLoader Loading environment from /home/runner/work/key/key/key.core/../key.ui/examples/standard_key/java_dl/jml-assert/quantor-assume.key 
54680      DEBUG main            d.u.i.k.p.i.AbstractProblemLoader Environment load took 306.2ns 
54681      INFO  main            d.u.i.k.p.i.AbstractProblemLoader Creating init config 
58088      DEBUG main            d.u.i.k.p.i.AbstractProblemLoader Init config took 3.41s 
58147      INFO  main            d.u.i.k.p.i.AbstractProblemLoader Replaying proof Quantor[Quantor::square2(int)].JML normal_behavior operation contract.0 
58150      DEBUG main            d.u.i.k.p.i.IntermediateProofReplayer Proof replay took 8.1ns 
58252      INFO  main            d.u.i.k.p.r.p.TestFile    ... finished proof: closed. 
58488      INFO  main            d.u.i.k.p.i.AbstractProblemLoader Loading environment from /home/runner/work/key/key/key.core/../key.ui/examples/standard_key/java_dl/jml-assert/quantor-assume.key.proof 
58488      DEBUG main            d.u.i.k.p.i.AbstractProblemLoader Environment load took 148.3ns 
58490      INFO  main            d.u.i.k.p.i.AbstractProblemLoader Creating init config 
61809      DEBUG main            d.u.i.k.p.i.AbstractProblemLoader Init config took 3.32s 
61869      INFO  main            d.u.i.k.p.i.AbstractProblemLoader Replaying proof Quantor[Quantor::square2(int)].JML normal_behavior operation contract.0 
61889      DEBUG main            d.u.i.k.p.i.IntermediateProofReplayer Proof replay took 17.14ms 
61891      DEBUG main            d.u.i.k.p.r.p.TestFile    ... success: reloaded. 
61892      INFO  main            d.u.i.k.p.r.p.TestFile    Now processing file /home/runner/work/key/key/key.core/../key.ui/examples/standard_key/java_dl/jml-assert/model-methods-static-static.key 
61893      INFO  main            d.u.i.k.p.i.AbstractProblemLoader Loading environment from /home/runner/work/key/key/key.core/../key.ui/examples/standard_key/java_dl/jml-assert/model-methods-static-static.key 
61893      DEBUG main            d.u.i.k.p.i.AbstractProblemLoader Environment load took 287.4ns 
61894      INFO  main            d.u.i.k.p.i.AbstractProblemLoader Creating init config 
65160      DEBUG main            d.u.i.k.p.i.AbstractProblemLoader Init config took 3.27s 
65217      INFO  main            d.u.i.k.p.i.AbstractProblemLoader Replaying proof ModelMethods[ModelMethods::test1()].JML normal_behavior operation contract.0 
65220      DEBUG main            d.u.i.k.p.i.IntermediateProofReplayer Proof replay took 8.4ns 
65322      INFO  main            d.u.i.k.p.r.p.TestFile    ... finished proof: closed. 
65588      INFO  main            d.u.i.k.p.i.AbstractProblemLoader Loading environment from /home/runner/work/key/key/key.core/../key.ui/examples/standard_key/java_dl/jml-assert/model-methods-static-static.key.proof 
65588      DEBUG main            d.u.i.k.p.i.AbstractProblemLoader Environment load took 289.8ns 
65590      INFO  main            d.u.i.k.p.i.AbstractProblemLoader Creating init config 
68977      DEBUG main            d.u.i.k.p.i.AbstractProblemLoader Init config took 3.39s 
69029      INFO  main            d.u.i.k.p.i.AbstractProblemLoader Replaying proof ModelMethods[ModelMethods::test1()].JML normal_behavior operation contract.0 
69044      DEBUG main            d.u.i.k.p.i.IntermediateProofReplayer Proof replay took 9.89ms 
69047      DEBUG main            d.u.i.k.p.r.p.TestFile    ... success: reloaded. 
69050      INFO  main            d.u.i.k.p.r.p.TestFile    Now processing file /home/runner/work/key/key/key.core/../key.ui/examples/standard_key/java_dl/jml-assert/model-methods-instance-static.key 
69053      INFO  main            d.u.i.k.p.i.AbstractProblemLoader Loading environment from /home/runner/work/key/key/key.core/../key.ui/examples/standard_key/java_dl/jml-assert/model-methods-instance-static.key 
69053      DEBUG main            d.u.i.k.p.i.AbstractProblemLoader Environment load took 551.6ns 
69055      INFO  main            d.u.i.k.p.i.AbstractProblemLoader Creating init config 
72539      DEBUG main            d.u.i.k.p.i.AbstractProblemLoader Init config took 3.48s 
72586      INFO  main            d.u.i.k.p.i.AbstractProblemLoader Replaying proof ModelMethods[ModelMethods::test2()].JML normal_behavior operation contract.0 
72588      DEBUG main            d.u.i.k.p.i.IntermediateProofReplayer Proof replay took 7.1ns 
72692      INFO  main            d.u.i.k.p.r.p.TestFile    ... finished proof: closed. 
72949      INFO  main            d.u.i.k.p.i.AbstractProblemLoader Loading environment from /home/runner/work/key/key/key.core/../key.ui/examples/standard_key/java_dl/jml-assert/model-methods-instance-static.key.proof 
72952      DEBUG main            d.u.i.k.p.i.AbstractProblemLoader Environment load took 3.27ms 
72954      INFO  main            d.u.i.k.p.i.AbstractProblemLoader Creating init config 
76278      DEBUG main            d.u.i.k.p.i.AbstractProblemLoader Init config took 3.32s 
76324      INFO  main            d.u.i.k.p.i.AbstractProblemLoader Replaying proof ModelMethods[ModelMethods::test2()].JML normal_behavior operation contract.0 
76336      DEBUG main            d.u.i.k.p.i.IntermediateProofReplayer Proof replay took 9.61ms 
76338      DEBUG main            d.u.i.k.p.r.p.TestFile    ... success: reloaded. 
76339      INFO  main            d.u.i.k.p.r.p.TestFile    Now processing file /home/runner/work/key/key/key.core/../key.ui/examples/standard_key/java_dl/jml-assert/model-methods-instance-instance.key 
76340      INFO  main            d.u.i.k.p.i.AbstractProblemLoader Loading environment from /home/runner/work/key/key/key.core/../key.ui/examples/standard_key/java_dl/jml-assert/model-methods-instance-instance.key 
76340      DEBUG main            d.u.i.k.p.i.AbstractProblemLoader Environment load took 164.2ns 
76341      INFO  main            d.u.i.k.p.i.AbstractProblemLoader Creating init config 
79641      DEBUG main            d.u.i.k.p.i.AbstractProblemLoader Init config took 3.3s 
79692      INFO  main            d.u.i.k.p.i.AbstractProblemLoader Replaying proof ModelMethods[ModelMethods::test3()].JML normal_behavior operation contract.0 
79694      DEBUG main            d.u.i.k.p.i.IntermediateProofReplayer Proof replay took 7.4ns 
79796      INFO  main            d.u.i.k.p.r.p.TestFile    ... finished proof: closed. 
80064      INFO  main            d.u.i.k.p.i.AbstractProblemLoader Loading environment from /home/runner/work/key/key/key.core/../key.ui/examples/standard_key/java_dl/jml-assert/model-methods-instance-instance.key.proof 
80064      DEBUG main            d.u.i.k.p.i.AbstractProblemLoader Environment load took 167.9ns 
80065      INFO  main            d.u.i.k.p.i.AbstractProblemLoader Creating init config 
83335      DEBUG main            d.u.i.k.p.i.AbstractProblemLoader Init config took 3.27s 
83383      INFO  main            d.u.i.k.p.i.AbstractProblemLoader Replaying proof ModelMethods[ModelMethods::test3()].JML normal_behavior operation contract.0 
83399      DEBUG main            d.u.i.k.p.i.IntermediateProofReplayer Proof replay took 12.77ms 
83401      DEBUG main            d.u.i.k.p.r.p.TestFile    ... success: reloaded. 
83402      INFO  main            d.u.i.k.p.r.p.TestFile    Now processing file /home/runner/work/key/key/key.core/../key.ui/examples/standard_key/java_dl/jml-assert/model-methods-static-instance.key 
83403      INFO  main            d.u.i.k.p.i.AbstractProblemLoader Loading environment from /home/runner/work/key/key/key.core/../key.ui/examples/standard_key/java_dl/jml-assert/model-methods-static-instance.key 
83403      DEBUG main            d.u.i.k.p.i.AbstractProblemLoader Environment load took 234.8ns 
83404      INFO  main            d.u.i.k.p.i.AbstractProblemLoader Creating init config 
86808      DEBUG main            d.u.i.k.p.i.AbstractProblemLoader Init config took 3.4s 
86852      INFO  main            d.u.i.k.p.i.AbstractProblemLoader Replaying proof ModelMethods[ModelMethods::test4()].JML normal_behavior operation contract.0 
86853      DEBUG main            d.u.i.k.p.i.IntermediateProofReplayer Proof replay took 6.9ns 
87060      INFO  main            d.u.i.k.p.r.p.TestFile    ... finished proof: closed. 
87324      INFO  main            d.u.i.k.p.i.AbstractProblemLoader Loading environment from /home/runner/work/key/key/key.core/../key.ui/examples/standard_key/java_dl/jml-assert/model-methods-static-instance.key.proof 
87325      DEBUG main            d.u.i.k.p.i.AbstractProblemLoader Environment load took 627.4ns 
87327      INFO  main            d.u.i.k.p.i.AbstractProblemLoader Creating init config 
90644      DEBUG main            d.u.i.k.p.i.AbstractProblemLoader Init config took 3.32s 
90692      INFO  main            d.u.i.k.p.i.AbstractProblemLoader Replaying proof ModelMethods[ModelMethods::test4()].JML normal_behavior operation contract.0 
90736      DEBUG main            d.u.i.k.p.i.IntermediateProofReplayer Proof replay took 34.95ms 
90739      DEBUG main            d.u.i.k.p.r.p.TestFile    ... success: reloaded. 
90741      INFO  main            d.u.i.k.p.r.p.TestFile    Now processing file /home/runner/work/key/key/key.core/../key.ui/examples/standard_key/java_dl/jml-assert/assert-old/inc-field.key 
90741      INFO  main            d.u.i.k.p.i.AbstractProblemLoader Loading environment from /home/runner/work/key/key/key.core/../key.ui/examples/standard_key/java_dl/jml-assert/assert-old/inc-field.key 
90742      DEBUG main            d.u.i.k.p.i.AbstractProblemLoader Environment load took 259.4ns 
90743      INFO  main            d.u.i.k.p.i.AbstractProblemLoader Creating init config 
93883      DEBUG main            d.u.i.k.p.i.AbstractProblemLoader Init config took 3.14s 
93926      INFO  main            d.u.i.k.p.i.AbstractProblemLoader Replaying proof Inc[Inc::inc_field()].JML normal_behavior operation contract.0 
93927      DEBUG main            d.u.i.k.p.i.IntermediateProofReplayer Proof replay took 7.4ns 
94132      INFO  main            d.u.i.k.p.r.p.TestFile    ... finished proof: closed. 
94509      INFO  main            d.u.i.k.p.i.AbstractProblemLoader Loading environment from /home/runner/work/key/key/key.core/../key.ui/examples/standard_key/java_dl/jml-assert/assert-old/inc-field.key.proof 
94510      DEBUG main            d.u.i.k.p.i.AbstractProblemLoader Environment load took 792.81ns 
94511      INFO  main            d.u.i.k.p.i.AbstractProblemLoader Creating init config 
97739      DEBUG main            d.u.i.k.p.i.AbstractProblemLoader Init config took 3.23s 
97797      INFO  main            d.u.i.k.p.i.AbstractProblemLoader Replaying proof Inc[Inc::inc_field()].JML normal_behavior operation contract.0 
97830      DEBUG main            d.u.i.k.p.i.IntermediateProofReplayer Proof replay took 30.68ms 
97832      DEBUG main            d.u.i.k.p.r.p.TestFile    ... success: reloaded. 
97833      INFO  main            d.u.i.k.p.r.p.TestFile    Now processing file /home/runner/work/key/key/key.core/../key.ui/examples/standard_key/java_dl/jml-assert/assert-old/inc-parameter.key 
97833      INFO  main            d.u.i.k.p.i.AbstractProblemLoader Loading environment from /home/runner/work/key/key/key.core/../key.ui/examples/standard_key/java_dl/jml-assert/assert-old/inc-parameter.key 
97834      DEBUG main            d.u.i.k.p.i.AbstractProblemLoader Environment load took 349ns 
97835      INFO  main            d.u.i.k.p.i.AbstractProblemLoader Creating init config 
101001     DEBUG main            d.u.i.k.p.i.AbstractProblemLoader Init config took 3.17s 
101043     INFO  main            d.u.i.k.p.i.AbstractProblemLoader Replaying proof Inc[Inc::inc_parameter(int)].JML normal_behavior operation contract.0 
101045     DEBUG main            d.u.i.k.p.i.IntermediateProofReplayer Proof replay took 8.6ns 
101147     INFO  main            d.u.i.k.p.r.p.TestFile    ... finished proof: closed. 
101485     INFO  main            d.u.i.k.p.i.AbstractProblemLoader Loading environment from /home/runner/work/key/key/key.core/../key.ui/examples/standard_key/java_dl/jml-assert/assert-old/inc-parameter.key.proof 
101485     DEBUG main            d.u.i.k.p.i.AbstractProblemLoader Environment load took 165ns 
101487     INFO  main            d.u.i.k.p.i.AbstractProblemLoader Creating init config 
104560     DEBUG main            d.u.i.k.p.i.AbstractProblemLoader Init config took 3.07s 
104609     INFO  main            d.u.i.k.p.i.AbstractProblemLoader Replaying proof Inc[Inc::inc_parameter(int)].JML normal_behavior operation contract.0 
104652     DEBUG main            d.u.i.k.p.i.IntermediateProofReplayer Proof replay took 40.67ms 
104654     DEBUG main            d.u.i.k.p.r.p.TestFile    ... success: reloaded. 
104656     INFO  main            d.u.i.k.p.r.p.TestFile    Now processing file /home/runner/work/key/key/key.core/../key.ui/examples/standard_key/java_dl/jml-assert/assert-old/inc-parameter-field.key 
104656     INFO  main            d.u.i.k.p.i.AbstractProblemLoader Loading environment from /home/runner/work/key/key/key.core/../key.ui/examples/standard_key/java_dl/jml-assert/assert-old/inc-parameter-field.key 
104656     DEBUG main            d.u.i.k.p.i.AbstractProblemLoader Environment load took 281.8ns 
104658     INFO  main            d.u.i.k.p.i.AbstractProblemLoader Creating init config 
107859     DEBUG main            d.u.i.k.p.i.AbstractProblemLoader Init config took 3.2s 
107901     INFO  main            d.u.i.k.p.i.AbstractProblemLoader Replaying proof Inc[Inc::inc_parameter_field(Inc)].JML normal_behavior operation contract.0 
107903     DEBUG main            d.u.i.k.p.i.IntermediateProofReplayer Proof replay took 8.2ns 
108108     INFO  main            d.u.i.k.p.r.p.TestFile    ... finished proof: closed. 
108409     INFO  main            d.u.i.k.p.i.AbstractProblemLoader Loading environment from /home/runner/work/key/key/key.core/../key.ui/examples/standard_key/java_dl/jml-assert/assert-old/inc-parameter-field.key.proof 
108410     DEBUG main            d.u.i.k.p.i.AbstractProblemLoader Environment load took 1.09ms 
108412     INFO  main            d.u.i.k.p.i.AbstractProblemLoader Creating init config 
111534     DEBUG main            d.u.i.k.p.i.AbstractProblemLoader Init config took 3.12s 
111578     INFO  main            d.u.i.k.p.i.AbstractProblemLoader Replaying proof Inc[Inc::inc_parameter_field(Inc)].JML normal_behavior operation contract.0 
111615     DEBUG main            d.u.i.k.p.i.IntermediateProofReplayer Proof replay took 34.49ms 
111616     DEBUG main            d.u.i.k.p.r.p.TestFile    ... success: reloaded. 
111617     INFO  main            d.u.i.k.p.r.p.TestFile    Now processing file /home/runner/work/key/key/key.core/../key.ui/examples/standard_key/java_dl/jml-assert/assert-old/inc-ghost-field.key 
111618     INFO  main            d.u.i.k.p.i.AbstractProblemLoader Loading environment from /home/runner/work/key/key/key.core/../key.ui/examples/standard_key/java_dl/jml-assert/assert-old/inc-ghost-field.key 
111618     DEBUG main            d.u.i.k.p.i.AbstractProblemLoader Environment load took 180.6ns 
111619     INFO  main            d.u.i.k.p.i.AbstractProblemLoader Creating init config 
114890     DEBUG main            d.u.i.k.p.i.AbstractProblemLoader Init config took 3.27s 
114939     INFO  main            d.u.i.k.p.i.AbstractProblemLoader Replaying proof Inc[Inc::inc_ghost_field()].JML normal_behavior operation contract.0 
114942     DEBUG main            d.u.i.k.p.i.IntermediateProofReplayer Proof replay took 8.7ns 
115145     INFO  main            d.u.i.k.p.r.p.TestFile    ... finished proof: closed. 
115437     INFO  main            d.u.i.k.p.i.AbstractProblemLoader Loading environment from /home/runner/work/key/key/key.core/../key.ui/examples/standard_key/java_dl/jml-assert/assert-old/inc-ghost-field.key.proof 
115437     DEBUG main            d.u.i.k.p.i.AbstractProblemLoader Environment load took 133.3ns 
115441     INFO  main            d.u.i.k.p.i.AbstractProblemLoader Creating init config 
118555     DEBUG main            d.u.i.k.p.i.AbstractProblemLoader Init config took 3.11s 
118597     INFO  main            d.u.i.k.p.i.AbstractProblemLoader Replaying proof Inc[Inc::inc_ghost_field()].JML normal_behavior operation contract.0 
118629     DEBUG main            d.u.i.k.p.i.IntermediateProofReplayer Proof replay took 29.5ms 
118630     DEBUG main            d.u.i.k.p.r.p.TestFile    ... success: reloaded. 
936752     INFO  Test worker     d.u.i.k.p.r.p.StatisticsFile Returning from test jmlAsserts 
936759     INFO  Test worker     d.u.i.k.p.r.p.StatisticsFile Running test javaCard 
430        INFO  Timeout watchdog d.u.i.k.p.r.p.ForkedTestFileRunner Timeout watcher launched (2000 secs.) 
447        WARN  main            d.u.i.k.s.ProofSettings   The settings in /home/runner/.key/proof-settings.props are *not* read. 
491        INFO  main            d.u.i.k.p.r.p.TestFile    Now processing file /home/runner/work/key/key/key.core/../key.ui/examples/heap/javacard/updateBalance0.key 
631        INFO  main            d.u.i.k.p.i.AbstractProblemLoader Loading environment from /home/runner/work/key/key/key.core/../key.ui/examples/heap/javacard/updateBalance0.key 
654        DEBUG main            d.u.i.k.p.i.AbstractProblemLoader Environment load took 2.41ms 
999        INFO  main            d.u.i.k.p.i.AbstractProblemLoader Creating init config 
2323       DEBUG main            d.u.i.k.j.TypeConverter   No LDT found for Meta 
2324       DEBUG main            d.u.i.k.j.TypeConverter   No LDT found for Meta 
2326       DEBUG main            d.u.i.k.j.TypeConverter   No LDT found for Meta 
2326       DEBUG main            d.u.i.k.j.TypeConverter   No LDT found for Meta 
3879       DEBUG main            d.u.i.k.j.TypeConverter   No LDT found for JavaBigintExpression 
8998       DEBUG main            d.u.i.k.p.i.AbstractProblemLoader Init config took 8s 
9194       INFO  main            d.u.i.k.p.i.AbstractProblemLoader Replaying proof Examples[Examples::updateBalance(short)].JML normal_behavior operation contract.0 
9253       DEBUG main            d.u.i.k.p.i.IntermediateProofReplayer Proof replay took 40.1ns 
11045      INFO  main            d.u.i.k.p.r.p.TestFile    ... finished proof: closed. 
11210      INFO  main            d.u.i.k.p.i.AbstractProblemLoader Loading environment from /home/runner/work/key/key/key.core/../key.ui/examples/heap/javacard/updateBalance0.key.proof 
11217      DEBUG main            d.u.i.k.p.i.AbstractProblemLoader Environment load took 7.36ms 
11220      INFO  main            d.u.i.k.p.i.AbstractProblemLoader Creating init config 
13601      DEBUG main            d.u.i.k.p.i.AbstractProblemLoader Init config took 2.38s 
13679      INFO  main            d.u.i.k.p.i.AbstractProblemLoader Replaying proof Examples[Examples::updateBalance(short)].JML normal_behavior operation contract.0 
13924      DEBUG main            d.u.i.k.p.i.IntermediateProofReplayer Proof replay took 234.79ms 
13934      DEBUG main            d.u.i.k.p.r.p.TestFile    ... success: reloaded. 
13938      INFO  main            d.u.i.k.p.r.p.TestFile    Now processing file /home/runner/work/key/key/key.core/../key.ui/examples/heap/javacard/updateBalance1.key 
13939      INFO  main            d.u.i.k.p.i.AbstractProblemLoader Loading environment from /home/runner/work/key/key/key.core/../key.ui/examples/heap/javacard/updateBalance1.key 
13939      DEBUG main            d.u.i.k.p.i.AbstractProblemLoader Environment load took 405.7ns 
13942      INFO  main            d.u.i.k.p.i.AbstractProblemLoader Creating init config 
16145      DEBUG main            d.u.i.k.p.i.AbstractProblemLoader Init config took 2.2s 
16212      INFO  main            d.u.i.k.p.i.AbstractProblemLoader Replaying proof Examples[Examples::updateBalance(short)].JML normal_behavior operation contract.1 
16216      DEBUG main            d.u.i.k.p.i.IntermediateProofReplayer Proof replay took 8.6ns 
17136      INFO  main            d.u.i.k.p.r.p.TestFile    ... finished proof: closed. 
17275      INFO  main            d.u.i.k.p.i.AbstractProblemLoader Loading environment from /home/runner/work/key/key/key.core/../key.ui/examples/heap/javacard/updateBalance1.key.proof 
17276      DEBUG main            d.u.i.k.p.i.AbstractProblemLoader Environment load took 865.11ns 
17280      INFO  main            d.u.i.k.p.i.AbstractProblemLoader Creating init config 
19404      DEBUG main            d.u.i.k.p.i.AbstractProblemLoader Init config took 2.12s 
19463      INFO  main            d.u.i.k.p.i.AbstractProblemLoader Replaying proof Examples[Examples::updateBalance(short)].JML normal_behavior operation contract.1 
19601      DEBUG main            d.u.i.k.p.i.IntermediateProofReplayer Proof replay took 132.33ms 
19604      DEBUG main            d.u.i.k.p.r.p.TestFile    ... success: reloaded. 
19607      INFO  main            d.u.i.k.p.r.p.TestFile    Now processing file /home/runner/work/key/key/key.core/../key.ui/examples/heap/javacard/setArray1.key 
19608      INFO  main            d.u.i.k.p.i.AbstractProblemLoader Loading environment from /home/runner/work/key/key/key.core/../key.ui/examples/heap/javacard/setArray1.key 
19608      DEBUG main            d.u.i.k.p.i.AbstractProblemLoader Environment load took 326.9ns 
19610      INFO  main            d.u.i.k.p.i.AbstractProblemLoader Creating init config 
21700      DEBUG main            d.u.i.k.p.i.AbstractProblemLoader Init config took 2.09s 
21771      INFO  main            d.u.i.k.p.i.AbstractProblemLoader Replaying proof Examples[Examples::setArray1([B)].JML normal_behavior operation contract.0 
21777      DEBUG main            d.u.i.k.p.i.IntermediateProofReplayer Proof replay took 8.1ns 
23284      INFO  main            d.u.i.k.p.r.p.TestFile    ... finished proof: closed. 
23444      INFO  main            d.u.i.k.p.i.AbstractProblemLoader Loading environment from /home/runner/work/key/key/key.core/../key.ui/examples/heap/javacard/setArray1.key.proof 
23445      DEBUG main            d.u.i.k.p.i.AbstractProblemLoader Environment load took 617.11ns 
23448      INFO  main            d.u.i.k.p.i.AbstractProblemLoader Creating init config 
25512      DEBUG main            d.u.i.k.p.i.AbstractProblemLoader Init config took 2.06s 
25586      INFO  main            d.u.i.k.p.i.AbstractProblemLoader Replaying proof Examples[Examples::setArray1([B)].JML normal_behavior operation contract.0 
25823      DEBUG main            d.u.i.k.p.i.IntermediateProofReplayer Proof replay took 229.24ms 
25826      DEBUG main            d.u.i.k.p.r.p.TestFile    ... success: reloaded. 
25829      INFO  main            d.u.i.k.p.r.p.TestFile    Now processing file /home/runner/work/key/key/key.core/../key.ui/examples/heap/javacard/setArray2.key 
25830      INFO  main            d.u.i.k.p.i.AbstractProblemLoader Loading environment from /home/runner/work/key/key/key.core/../key.ui/examples/heap/javacard/setArray2.key 
25830      DEBUG main            d.u.i.k.p.i.AbstractProblemLoader Environment load took 306.6ns 
25831      INFO  main            d.u.i.k.p.i.AbstractProblemLoader Creating init config 
27912      DEBUG main            d.u.i.k.p.i.AbstractProblemLoader Init config took 2.08s 
27975      INFO  main            d.u.i.k.p.i.AbstractProblemLoader Replaying proof Examples[Examples::setArray2([B)].JML normal_behavior operation contract.0 
27978      DEBUG main            d.u.i.k.p.i.IntermediateProofReplayer Proof replay took 23.8ns 
29405      INFO  main            d.u.i.k.p.r.p.TestFile    ... finished proof: closed. 
29572      INFO  main            d.u.i.k.p.i.AbstractProblemLoader Loading environment from /home/runner/work/key/key/key.core/../key.ui/examples/heap/javacard/setArray2.key.proof 
29573      DEBUG main            d.u.i.k.p.i.AbstractProblemLoader Environment load took 180.8ns 
29574      INFO  main            d.u.i.k.p.i.AbstractProblemLoader Creating init config 
31634      DEBUG main            d.u.i.k.p.i.AbstractProblemLoader Init config took 2.06s 
31689      INFO  main            d.u.i.k.p.i.AbstractProblemLoader Replaying proof Examples[Examples::setArray2([B)].JML normal_behavior operation contract.0 
31936      DEBUG main            d.u.i.k.p.i.IntermediateProofReplayer Proof replay took 240.44ms 
31939      DEBUG main            d.u.i.k.p.r.p.TestFile    ... success: reloaded. 
31942      INFO  main            d.u.i.k.p.r.p.TestFile    Now processing file /home/runner/work/key/key/key.core/../key.ui/examples/heap/javacard/arrayFillNonAtomic.key 
31943      INFO  main            d.u.i.k.p.i.AbstractProblemLoader Loading environment from /home/runner/work/key/key/key.core/../key.ui/examples/heap/javacard/arrayFillNonAtomic.key 
31943      DEBUG main            d.u.i.k.p.i.AbstractProblemLoader Environment load took 267.6ns 
31944      INFO  main            d.u.i.k.p.i.AbstractProblemLoader Creating init config 
33975      DEBUG main            d.u.i.k.p.i.AbstractProblemLoader Init config took 2.03s 
34048      INFO  main            d.u.i.k.p.i.AbstractProblemLoader Replaying proof javacard.framework.Util[javacard.framework.Util::arrayFillNonAtomic([B,short,short,byte)].JML behavior operation contract.0.transaction_inactive 
34051      DEBUG main            d.u.i.k.p.i.IntermediateProofReplayer Proof replay took 28.4ns 
35182      DEBUG Thread-13       d.u.i.k.l.o.ProgramSV     Match failed: Former match of  SchemaVariable incompatible with  the current match. 
35183      DEBUG Thread-13       d.u.i.k.l.o.ProgramSV     Match failed: Former match of  SchemaVariable incompatible with  the current match. 
36889      DEBUG Thread-13       d.u.i.k.l.o.ProgramSV     Match failed: Former match of  SchemaVariable incompatible with  the current match. 
36890      DEBUG Thread-13       d.u.i.k.l.o.ProgramSV     Match failed: Former match of  SchemaVariable incompatible with  the current match. 
38957      INFO  main            d.u.i.k.p.r.p.TestFile    ... finished proof: closed. 
39180      INFO  main            d.u.i.k.p.i.AbstractProblemLoader Loading environment from /home/runner/work/key/key/key.core/../key.ui/examples/heap/javacard/arrayFillNonAtomic.key.proof 
39183      DEBUG main            d.u.i.k.p.i.AbstractProblemLoader Environment load took 3.82ms 
39186      INFO  main            d.u.i.k.p.i.AbstractProblemLoader Creating init config 
41252      DEBUG main            d.u.i.k.p.i.AbstractProblemLoader Init config took 2.07s 
41357      INFO  main            d.u.i.k.p.i.AbstractProblemLoader Replaying proof javacard.framework.Util[javacard.framework.Util::arrayFillNonAtomic([B,short,short,byte)].JML behavior operation contract.0.transaction_inactive 
42272      DEBUG main            d.u.i.k.p.i.IntermediateProofReplayer Proof replay took 884.76ms 
42273      DEBUG main            d.u.i.k.p.r.p.TestFile    ... success: reloaded. 
42275      INFO  main            d.u.i.k.p.r.p.TestFile    Now processing file /home/runner/work/key/key/key.core/../key.ui/examples/heap/coincidence_count/project.key 
42276      INFO  main            d.u.i.k.p.i.AbstractProblemLoader Loading environment from /home/runner/work/key/key/key.core/../key.ui/examples/heap/coincidence_count/project.key 
42276      DEBUG main            d.u.i.k.p.i.AbstractProblemLoader Environment load took 316.2ns 
42277      INFO  main            d.u.i.k.p.i.AbstractProblemLoader Creating init config 
46729      DEBUG main            d.u.i.k.p.i.AbstractProblemLoader Init config took 4.45s 
46795      INFO  main            d.u.i.k.p.i.AbstractProblemLoader Replaying proof CC[CC::calcCoinIndex([I,[I)].JML normal_behavior operation contract.0 
46801      DEBUG main            d.u.i.k.p.i.IntermediateProofReplayer Proof replay took 9.4ns 
69632      INFO  main            d.u.i.k.p.r.p.TestFile    ... finished proof: closed. 
70005      INFO  main            d.u.i.k.p.i.AbstractProblemLoader Loading environment from /home/runner/work/key/key/key.core/../key.ui/examples/heap/coincidence_count/project.key.proof 
70006      DEBUG main            d.u.i.k.p.i.AbstractProblemLoader Environment load took 311.2ns 
70012      INFO  main            d.u.i.k.p.i.AbstractProblemLoader Creating init config 
73476      DEBUG main            d.u.i.k.p.i.AbstractProblemLoader Init config took 3.46s 
73543      INFO  main            d.u.i.k.p.i.AbstractProblemLoader Replaying proof CC[CC::calcCoinIndex([I,[I)].JML normal_behavior operation contract.0 
74619      DEBUG main            d.u.i.k.p.i.IntermediateProofReplayer Proof replay took 1s 
74624      DEBUG main            d.u.i.k.p.r.p.TestFile    ... success: reloaded. 
74625      INFO  main            d.u.i.k.p.r.p.TestFile    Now processing file /home/runner/work/key/key/key.core/../key.ui/examples/heap/verifyThis11_1_Maximum/project.key 
74626      INFO  main            d.u.i.k.p.i.AbstractProblemLoader Loading environment from /home/runner/work/key/key/key.core/../key.ui/examples/heap/verifyThis11_1_Maximum/project.key 
74626      DEBUG main            d.u.i.k.p.i.AbstractProblemLoader Environment load took 267ns 
74627      INFO  main            d.u.i.k.p.i.AbstractProblemLoader Creating init config 
78083      DEBUG main            d.u.i.k.p.i.AbstractProblemLoader Init config took 3.46s 
78139      INFO  main            d.u.i.k.p.i.AbstractProblemLoader Replaying proof Maximum[Maximum::maxIndex([I)].JML normal_behavior operation contract.0 
78141      DEBUG main            d.u.i.k.p.i.IntermediateProofReplayer Proof replay took 8.4ns 
79346      INFO  main            d.u.i.k.p.r.p.TestFile    ... finished proof: closed. 
79739      INFO  main            d.u.i.k.p.i.AbstractProblemLoader Loading environment from /home/runner/work/key/key/key.core/../key.ui/examples/heap/verifyThis11_1_Maximum/project.key.proof 
79741      DEBUG main            d.u.i.k.p.i.AbstractProblemLoader Environment load took 1.39ms 
79742      INFO  main            d.u.i.k.p.i.AbstractProblemLoader Creating init config 
83063      DEBUG main            d.u.i.k.p.i.AbstractProblemLoader Init config took 3.32s 
83118      INFO  main            d.u.i.k.p.i.AbstractProblemLoader Replaying proof Maximum[Maximum::maxIndex([I)].JML normal_behavior operation contract.0 
83305      DEBUG main            d.u.i.k.p.i.IntermediateProofReplayer Proof replay took 179.71ms 
83307      DEBUG main            d.u.i.k.p.r.p.TestFile    ... success: reloaded. 
83309      INFO  main            d.u.i.k.p.r.p.TestFile    Now processing file /home/runner/work/key/key/key.core/../key.ui/examples/heap/fm12_01_LRS/lcp.key 
83309      INFO  main            d.u.i.k.p.i.AbstractProblemLoader Loading environment from /home/runner/work/key/key/key.core/../key.ui/examples/heap/fm12_01_LRS/lcp.key 
83309      DEBUG main            d.u.i.k.p.i.AbstractProblemLoader Environment load took 326.7ns 
83310      INFO  main            d.u.i.k.p.i.AbstractProblemLoader Creating init config 
87481      DEBUG main            d.u.i.k.p.i.AbstractProblemLoader Init config took 4.17s 
87556      INFO  main            d.u.i.k.p.i.AbstractProblemLoader Replaying proof LCP[LCP::lcp([I,int,int)].JML normal_behavior operation contract.0 
87559      DEBUG main            d.u.i.k.p.i.IntermediateProofReplayer Proof replay took 7.8ns 
88768      INFO  main            d.u.i.k.p.r.p.TestFile    ... finished proof: closed. 
89095      INFO  main            d.u.i.k.p.i.AbstractProblemLoader Loading environment from /home/runner/work/key/key/key.core/../key.ui/examples/heap/fm12_01_LRS/lcp.key.proof 
89096      DEBUG main            d.u.i.k.p.i.AbstractProblemLoader Environment load took 680.41ns 
89098      INFO  main            d.u.i.k.p.i.AbstractProblemLoader Creating init config 
93036      DEBUG main            d.u.i.k.p.i.AbstractProblemLoader Init config took 3.94s 
93109      INFO  main            d.u.i.k.p.i.AbstractProblemLoader Replaying proof LCP[LCP::lcp([I,int,int)].JML normal_behavior operation contract.0 
93323      DEBUG main            d.u.i.k.p.i.IntermediateProofReplayer Proof replay took 206.39ms 
93324      DEBUG main            d.u.i.k.p.r.p.TestFile    ... success: reloaded. 
93327      INFO  main            d.u.i.k.p.r.p.TestFile    Now processing file /home/runner/work/key/key/key.core/../key.ui/examples/heap/SemanticSlicing/project.key 
93327      INFO  main            d.u.i.k.p.i.AbstractProblemLoader Loading environment from /home/runner/work/key/key/key.core/../key.ui/examples/heap/SemanticSlicing/project.key 
93327      DEBUG main            d.u.i.k.p.i.AbstractProblemLoader Environment load took 73.4ns 
93329      INFO  main            d.u.i.k.p.i.AbstractProblemLoader Creating init config 
96833      DEBUG main            d.u.i.k.p.i.AbstractProblemLoader Init config took 3.5s 
96907      INFO  main            d.u.i.k.p.i.AbstractProblemLoader Replaying proof unsatcore_after.competition.postcond5.scope333.LRS[unsatcore_after.competition.postcond5.scope333.LRS::doLRS()].JML operation contract.0 
96909      DEBUG main            d.u.i.k.p.i.IntermediateProofReplayer Proof replay took 7.7ns 
101851     INFO  main            d.u.i.k.p.r.p.TestFile    ... finished proof: closed. 
102211     INFO  main            d.u.i.k.p.i.AbstractProblemLoader Loading environment from /home/runner/work/key/key/key.core/../key.ui/examples/heap/SemanticSlicing/project.key.proof 
102212     DEBUG main            d.u.i.k.p.i.AbstractProblemLoader Environment load took 627.2ns 
102214     INFO  main            d.u.i.k.p.i.AbstractProblemLoader Creating init config 
105593     DEBUG main            d.u.i.k.p.i.AbstractProblemLoader Init config took 3.38s 
105666     INFO  main            d.u.i.k.p.i.AbstractProblemLoader Replaying proof unsatcore_after.competition.postcond5.scope333.LRS[unsatcore_after.competition.postcond5.scope333.LRS::doLRS()].JML operation contract.0 
106475     DEBUG main            d.u.i.k.p.i.IntermediateProofReplayer Proof replay took 794.69ms 
106477     DEBUG main            d.u.i.k.p.r.p.TestFile    ... success: reloaded. 
106479     INFO  main            d.u.i.k.p.r.p.TestFile    Now processing file /home/runner/work/key/key/key.core/../key.ui/examples/heap/information_flow/ArrayList_contains.key 
106480     INFO  main            d.u.i.k.p.i.AbstractProblemLoader Loading environment from /home/runner/work/key/key/key.core/../key.ui/examples/heap/information_flow/ArrayList_contains.key 
106480     DEBUG main            d.u.i.k.p.i.AbstractProblemLoader Environment load took 310.2ns 
106481     INFO  main            d.u.i.k.p.i.AbstractProblemLoader Creating init config 
110215     DEBUG main            d.u.i.k.p.i.AbstractProblemLoader Init config took 3.73s 
110271     INFO  main            d.u.i.k.p.i.AbstractProblemLoader Replaying proof ArrayList[ArrayList::get(int)].JML normal_behavior operation contract.0 
110273     DEBUG main            d.u.i.k.p.i.IntermediateProofReplayer Proof replay took 6.7ns 
110676     INFO  main            d.u.i.k.p.r.p.TestFile    ... finished proof: closed. 
111029     INFO  main            d.u.i.k.p.i.AbstractProblemLoader Loading environment from /home/runner/work/key/key/key.core/../key.ui/examples/heap/information_flow/ArrayList_contains.key.proof 
111029     DEBUG main            d.u.i.k.p.i.AbstractProblemLoader Environment load took 685.61ns 
111031     INFO  main            d.u.i.k.p.i.AbstractProblemLoader Creating init config 
114573     DEBUG main            d.u.i.k.p.i.AbstractProblemLoader Init config took 3.54s 
114636     INFO  main            d.u.i.k.p.i.AbstractProblemLoader Replaying proof ArrayList[ArrayList::get(int)].JML normal_behavior operation contract.0 
114700     DEBUG main            d.u.i.k.p.i.IntermediateProofReplayer Proof replay took 59.89ms 
114701     DEBUG main            d.u.i.k.p.r.p.TestFile    ... success: reloaded. 
114702     INFO  main            d.u.i.k.p.r.p.TestFile    Now processing file /home/runner/work/key/key/key.core/../key.ui/examples/heap/information_flow/ArrayList_get.key 
114703     INFO  main            d.u.i.k.p.i.AbstractProblemLoader Loading environment from /home/runner/work/key/key/key.core/../key.ui/examples/heap/information_flow/ArrayList_get.key 
114703     DEBUG main            d.u.i.k.p.i.AbstractProblemLoader Environment load took 145.8ns 
114704     INFO  main            d.u.i.k.p.i.AbstractProblemLoader Creating init config 
118326     DEBUG main            d.u.i.k.p.i.AbstractProblemLoader Init config took 3.62s 
118377     INFO  main            d.u.i.k.p.i.AbstractProblemLoader Replaying proof ArrayList[ArrayList::contains(java.lang.Object)].JML normal_behavior operation contract.0 
118379     DEBUG main            d.u.i.k.p.i.IntermediateProofReplayer Proof replay took 7.4ns 
119484     INFO  main            d.u.i.k.p.r.p.TestFile    ... finished proof: closed. 
119931     INFO  main            d.u.i.k.p.i.AbstractProblemLoader Loading environment from /home/runner/work/key/key/key.core/../key.ui/examples/heap/information_flow/ArrayList_get.key.proof 
119932     DEBUG main            d.u.i.k.p.i.AbstractProblemLoader Environment load took 197.9ns 
119935     INFO  main            d.u.i.k.p.i.AbstractProblemLoader Creating init config 
123434     DEBUG main            d.u.i.k.p.i.AbstractProblemLoader Init config took 3.5s 
123495     INFO  main            d.u.i.k.p.i.AbstractProblemLoader Replaying proof ArrayList[ArrayList::contains(java.lang.Object)].JML normal_behavior operation contract.0 
123715     DEBUG main            d.u.i.k.p.i.IntermediateProofReplayer Proof replay took 209.04ms 
123718     DEBUG main            d.u.i.k.p.r.p.TestFile    ... success: reloaded. 
123719     INFO  main            d.u.i.k.p.r.p.TestFile    Now processing file /home/runner/work/key/key/key.core/../key.ui/examples/heap/information_flow/ArrayList_size.key 
123720     INFO  main            d.u.i.k.p.i.AbstractProblemLoader Loading environment from /home/runner/work/key/key/key.core/../key.ui/examples/heap/information_flow/ArrayList_size.key 
123720     DEBUG main            d.u.i.k.p.i.AbstractProblemLoader Environment load took 561.5ns 
123721     INFO  main            d.u.i.k.p.i.AbstractProblemLoader Creating init config 
127455     DEBUG main            d.u.i.k.p.i.AbstractProblemLoader Init config took 3.73s 
127503     INFO  main            d.u.i.k.p.i.AbstractProblemLoader Replaying proof ArrayList[ArrayList::size()].JML normal_behavior operation contract.0 
127511     DEBUG main            d.u.i.k.p.i.IntermediateProofReplayer Proof replay took 8.2ns 
127614     INFO  main            d.u.i.k.p.r.p.TestFile    ... finished proof: closed. 
127979     INFO  main            d.u.i.k.p.i.AbstractProblemLoader Loading environment from /home/runner/work/key/key/key.core/../key.ui/examples/heap/information_flow/ArrayList_size.key.proof 
127979     DEBUG main            d.u.i.k.p.i.AbstractProblemLoader Environment load took 147.8ns 
127981     INFO  main            d.u.i.k.p.i.AbstractProblemLoader Creating init config 
131490     DEBUG main            d.u.i.k.p.i.AbstractProblemLoader Init config took 3.51s 
131539     INFO  main            d.u.i.k.p.i.AbstractProblemLoader Replaying proof ArrayList[ArrayList::size()].JML normal_behavior operation contract.0 
131555     DEBUG main            d.u.i.k.p.i.IntermediateProofReplayer Proof replay took 14.27ms 
131557     DEBUG main            d.u.i.k.p.r.p.TestFile    ... success: reloaded. 
131558     INFO  main            d.u.i.k.p.r.p.TestFile    Now processing file /home/runner/work/key/key/key.core/../key.ui/examples/heap/information_flow/UpdateAbstraction_ex7_3_secure.key 
131559     INFO  main            d.u.i.k.p.i.AbstractProblemLoader Loading environment from /home/runner/work/key/key/key.core/../key.ui/examples/heap/information_flow/UpdateAbstraction_ex7_3_secure.key 
131559     DEBUG main            d.u.i.k.p.i.AbstractProblemLoader Environment load took 287.9ns 
131560     INFO  main            d.u.i.k.p.i.AbstractProblemLoader Creating init config 
135070     DEBUG main            d.u.i.k.p.i.AbstractProblemLoader Init config took 3.51s 
135119     INFO  main            d.u.i.k.p.i.AbstractProblemLoader Replaying proof UpdateAbstraction[UpdateAbstraction::ex7_3_secure()].JML operation contract.0 
135121     DEBUG main            d.u.i.k.p.i.IntermediateProofReplayer Proof replay took 7.6ns 
135324     INFO  main            d.u.i.k.p.r.p.TestFile    ... finished proof: closed. 
135689     INFO  main            d.u.i.k.p.i.AbstractProblemLoader Loading environment from /home/runner/work/key/key/key.core/../key.ui/examples/heap/information_flow/UpdateAbstraction_ex7_3_secure.key.proof 
135690     DEBUG main            d.u.i.k.p.i.AbstractProblemLoader Environment load took 154.4ns 
135691     INFO  main            d.u.i.k.p.i.AbstractProblemLoader Creating init config 
139181     DEBUG main            d.u.i.k.p.i.AbstractProblemLoader Init config took 3.49s 
139228     INFO  main            d.u.i.k.p.i.AbstractProblemLoader Replaying proof UpdateAbstraction[UpdateAbstraction::ex7_3_secure()].JML operation contract.0 
139266     DEBUG main            d.u.i.k.p.i.IntermediateProofReplayer Proof replay took 34.99ms 
139268     DEBUG main            d.u.i.k.p.r.p.TestFile    ... success: reloaded. 
139270     INFO  main            d.u.i.k.p.r.p.TestFile    Now processing file /home/runner/work/key/key/key.core/../key.ui/examples/heap/information_flow/UpdateAbstraction_ex7_4_secure.key 
139270     INFO  main            d.u.i.k.p.i.AbstractProblemLoader Loading environment from /home/runner/work/key/key/key.core/../key.ui/examples/heap/information_flow/UpdateAbstraction_ex7_4_secure.key 
139271     DEBUG main            d.u.i.k.p.i.AbstractProblemLoader Environment load took 138.7ns 
139272     INFO  main            d.u.i.k.p.i.AbstractProblemLoader Creating init config 
142957     DEBUG main            d.u.i.k.p.i.AbstractProblemLoader Init config took 3.68s 
143002     INFO  main            d.u.i.k.p.i.AbstractProblemLoader Replaying proof UpdateAbstraction[UpdateAbstraction::ex7_4_secure()].JML operation contract.0 
143004     DEBUG main            d.u.i.k.p.i.IntermediateProofReplayer Proof replay took 7.4ns 
143208     INFO  main            d.u.i.k.p.r.p.TestFile    ... finished proof: closed. 
143565     INFO  main            d.u.i.k.p.i.AbstractProblemLoader Loading environment from /home/runner/work/key/key/key.core/../key.ui/examples/heap/information_flow/UpdateAbstraction_ex7_4_secure.key.proof 
143566     DEBUG main            d.u.i.k.p.i.AbstractProblemLoader Environment load took 150.1ns 
143567     INFO  main            d.u.i.k.p.i.AbstractProblemLoader Creating init config 
147057     DEBUG main            d.u.i.k.p.i.AbstractProblemLoader Init config took 3.49s 
147125     INFO  main            d.u.i.k.p.i.AbstractProblemLoader Replaying proof UpdateAbstraction[UpdateAbstraction::ex7_4_secure()].JML operation contract.0 
147181     DEBUG main            d.u.i.k.p.i.IntermediateProofReplayer Proof replay took 52.17ms 
147182     DEBUG main            d.u.i.k.p.r.p.TestFile    ... success: reloaded. 
147183     INFO  main            d.u.i.k.p.r.p.TestFile    Now processing file /home/runner/work/key/key/key.core/../key.ui/examples/heap/information_flow/UpdateAbstraction_ex7_5_secure.key 
147184     INFO  main            d.u.i.k.p.i.AbstractProblemLoader Loading environment from /home/runner/work/key/key/key.core/../key.ui/examples/heap/information_flow/UpdateAbstraction_ex7_5_secure.key 
147184     DEBUG main            d.u.i.k.p.i.AbstractProblemLoader Environment load took 340.2ns 
147185     INFO  main            d.u.i.k.p.i.AbstractProblemLoader Creating init config 
150762     DEBUG main            d.u.i.k.p.i.AbstractProblemLoader Init config took 3.58s 
150809     INFO  main            d.u.i.k.p.i.AbstractProblemLoader Replaying proof UpdateAbstraction[UpdateAbstraction::ex7_5_secure()].JML operation contract.0 
150811     DEBUG main            d.u.i.k.p.i.IntermediateProofReplayer Proof replay took 8.1ns 
150912     INFO  main            d.u.i.k.p.r.p.TestFile    ... finished proof: closed. 
151277     INFO  main            d.u.i.k.p.i.AbstractProblemLoader Loading environment from /home/runner/work/key/key/key.core/../key.ui/examples/heap/information_flow/UpdateAbstraction_ex7_5_secure.key.proof 
151277     DEBUG main            d.u.i.k.p.i.AbstractProblemLoader Environment load took 140.7ns 
151279     INFO  main            d.u.i.k.p.i.AbstractProblemLoader Creating init config 
154667     DEBUG main            d.u.i.k.p.i.AbstractProblemLoader Init config took 3.39s 
154714     INFO  main            d.u.i.k.p.i.AbstractProblemLoader Replaying proof UpdateAbstraction[UpdateAbstraction::ex7_5_secure()].JML operation contract.0 
154737     DEBUG main            d.u.i.k.p.i.IntermediateProofReplayer Proof replay took 20.27ms 
154738     DEBUG main            d.u.i.k.p.r.p.TestFile    ... success: reloaded. 
154739     INFO  main            d.u.i.k.p.r.p.TestFile    Now processing file /home/runner/work/key/key/key.core/../key.ui/examples/heap/information_flow/UpdateAbstraction_ex7_6_secure.key 
154740     INFO  main            d.u.i.k.p.i.AbstractProblemLoader Loading environment from /home/runner/work/key/key/key.core/../key.ui/examples/heap/information_flow/UpdateAbstraction_ex7_6_secure.key 
154740     DEBUG main            d.u.i.k.p.i.AbstractProblemLoader Environment load took 241.9ns 
154742     INFO  main            d.u.i.k.p.i.AbstractProblemLoader Creating init config 
158271     DEBUG main            d.u.i.k.p.i.AbstractProblemLoader Init config took 3.53s 
158318     INFO  main            d.u.i.k.p.i.AbstractProblemLoader Replaying proof UpdateAbstraction[UpdateAbstraction::ex7_6_secure()].JML operation contract.0 
158319     DEBUG main            d.u.i.k.p.i.IntermediateProofReplayer Proof replay took 7.2ns 
158723     INFO  main            d.u.i.k.p.r.p.TestFile    ... finished proof: closed. 
159134     INFO  main            d.u.i.k.p.i.AbstractProblemLoader Loading environment from /home/runner/work/key/key/key.core/../key.ui/examples/heap/information_flow/UpdateAbstraction_ex7_6_secure.key.proof 
159134     DEBUG main            d.u.i.k.p.i.AbstractProblemLoader Environment load took 141.1ns 
159135     INFO  main            d.u.i.k.p.i.AbstractProblemLoader Creating init config 
162610     DEBUG main            d.u.i.k.p.i.AbstractProblemLoader Init config took 3.48s 
162656     INFO  main            d.u.i.k.p.i.AbstractProblemLoader Replaying proof UpdateAbstraction[UpdateAbstraction::ex7_6_secure()].JML operation contract.0 
162725     DEBUG main            d.u.i.k.p.i.IntermediateProofReplayer Proof replay took 65.29ms 
162726     DEBUG main            d.u.i.k.p.r.p.TestFile    ... success: reloaded. 
162733     INFO  main            d.u.i.k.p.r.p.TestFile    Now processing file /home/runner/work/key/key/key.core/../key.ui/examples/heap/information_flow/UpdateAbstraction_ex9_secure.key 
162735     INFO  main            d.u.i.k.p.i.AbstractProblemLoader Loading environment from /home/runner/work/key/key/key.core/../key.ui/examples/heap/information_flow/UpdateAbstraction_ex9_secure.key 
162736     DEBUG main            d.u.i.k.p.i.AbstractProblemLoader Environment load took 1.02ms 
162738     INFO  main            d.u.i.k.p.i.AbstractProblemLoader Creating init config 
166196     DEBUG main            d.u.i.k.p.i.AbstractProblemLoader Init config took 3.46s 
166240     INFO  main            d.u.i.k.p.i.AbstractProblemLoader Replaying proof UpdateAbstraction[UpdateAbstraction::ex9_secure()].JML operation contract.0 
166241     DEBUG main            d.u.i.k.p.i.IntermediateProofReplayer Proof replay took 7.7ns 
167347     INFO  main            d.u.i.k.p.r.p.TestFile    ... finished proof: closed. 
167763     INFO  main            d.u.i.k.p.i.AbstractProblemLoader Loading environment from /home/runner/work/key/key/key.core/../key.ui/examples/heap/information_flow/UpdateAbstraction_ex9_secure.key.proof 
167764     DEBUG main            d.u.i.k.p.i.AbstractProblemLoader Environment load took 576.21ns 
167766     INFO  main            d.u.i.k.p.i.AbstractProblemLoader Creating init config 
171101     DEBUG main            d.u.i.k.p.i.AbstractProblemLoader Init config took 3.34s 
171143     INFO  main            d.u.i.k.p.i.AbstractProblemLoader Replaying proof UpdateAbstraction[UpdateAbstraction::ex9_secure()].JML operation contract.0 
171332     DEBUG main            d.u.i.k.p.i.IntermediateProofReplayer Proof replay took 185.66ms 
171333     DEBUG main            d.u.i.k.p.r.p.TestFile    ... success: reloaded. 
1108335    INFO  Test worker     d.u.i.k.p.r.p.StatisticsFile Returning from test javaCard 
1108339    INFO  Test worker     d.u.i.k.p.r.p.StatisticsFile Running test list 
508        INFO  Timeout watchdog d.u.i.k.p.r.p.ForkedTestFileRunner Timeout watcher launched (2000 secs.) 
545        WARN  main            d.u.i.k.s.ProofSettings   The settings in /home/runner/.key/proof-settings.props are *not* read. 
580        INFO  main            d.u.i.k.p.r.p.TestFile    Now processing file /home/runner/work/key/key/key.core/../key.ui/examples/heap/list/ArrayList_add.key 
717        INFO  main            d.u.i.k.p.i.AbstractProblemLoader Loading environment from /home/runner/work/key/key/key.core/../key.ui/examples/heap/list/ArrayList_add.key 
738        DEBUG main            d.u.i.k.p.i.AbstractProblemLoader Environment load took 2ms 
1058       INFO  main            d.u.i.k.p.i.AbstractProblemLoader Creating init config 
2335       DEBUG main            d.u.i.k.j.TypeConverter   No LDT found for Meta 
2336       DEBUG main            d.u.i.k.j.TypeConverter   No LDT found for Meta 
2338       DEBUG main            d.u.i.k.j.TypeConverter   No LDT found for Meta 
2338       DEBUG main            d.u.i.k.j.TypeConverter   No LDT found for Meta 
4012       DEBUG main            d.u.i.k.j.TypeConverter   No LDT found for JavaBigintExpression 
7880       DEBUG main            d.u.i.k.j.r.ClassPreparationMethodBuilder clPrepBuilder: Inner Class detected. Reject building class initialisation methods. 
11086      DEBUG main            d.u.i.k.p.i.AbstractProblemLoader Init config took 10.03s 
11281      INFO  main            d.u.i.k.p.i.AbstractProblemLoader Replaying proof ArrayList[List::add(java.lang.Object)].JML normal_behavior operation contract.0 
11376      DEBUG main            d.u.i.k.p.i.IntermediateProofReplayer Proof replay took 45ns 
18722      INFO  main            d.u.i.k.p.r.p.TestFile    ... finished proof: closed. 
18964      INFO  main            d.u.i.k.p.i.AbstractProblemLoader Loading environment from /home/runner/work/key/key/key.core/../key.ui/examples/heap/list/ArrayList_add.key.proof 
18974      DEBUG main            d.u.i.k.p.i.AbstractProblemLoader Environment load took 10.05ms 
18978      INFO  main            d.u.i.k.p.i.AbstractProblemLoader Creating init config 
20476      DEBUG main            d.u.i.k.j.r.ClassPreparationMethodBuilder clPrepBuilder: Inner Class detected. Reject building class initialisation methods. 
23246      DEBUG main            d.u.i.k.p.i.AbstractProblemLoader Init config took 4.27s 
23363      INFO  main            d.u.i.k.p.i.AbstractProblemLoader Replaying proof ArrayList[List::add(java.lang.Object)].JML normal_behavior operation contract.0 
24199      DEBUG main            d.u.i.k.p.i.IntermediateProofReplayer Proof replay took 806.69ms 
24210      DEBUG main            d.u.i.k.p.r.p.TestFile    ... success: reloaded. 
24217      INFO  main            d.u.i.k.p.r.p.TestFile    Now processing file /home/runner/work/key/key/key.core/../key.ui/examples/heap/list/ArrayList_ArrayList.key 
24217      INFO  main            d.u.i.k.p.i.AbstractProblemLoader Loading environment from /home/runner/work/key/key/key.core/../key.ui/examples/heap/list/ArrayList_ArrayList.key 
24218      DEBUG main            d.u.i.k.p.i.AbstractProblemLoader Environment load took 340.4ns 
24222      INFO  main            d.u.i.k.p.i.AbstractProblemLoader Creating init config 
25531      DEBUG main            d.u.i.k.j.r.ClassPreparationMethodBuilder clPrepBuilder: Inner Class detected. Reject building class initialisation methods. 
28309      DEBUG main            d.u.i.k.p.i.AbstractProblemLoader Init config took 4.09s 
28396      INFO  main            d.u.i.k.p.i.AbstractProblemLoader Replaying proof ArrayList[ArrayList::ArrayList()].JML normal_behavior operation contract.0 
28399      DEBUG main            d.u.i.k.p.i.IntermediateProofReplayer Proof replay took 7.6ns 
30228      INFO  main            d.u.i.k.p.r.p.TestFile    ... finished proof: closed. 
30460      INFO  main            d.u.i.k.p.i.AbstractProblemLoader Loading environment from /home/runner/work/key/key/key.core/../key.ui/examples/heap/list/ArrayList_ArrayList.key.proof 
30460      DEBUG main            d.u.i.k.p.i.AbstractProblemLoader Environment load took 188.8ns 
30462      INFO  main            d.u.i.k.p.i.AbstractProblemLoader Creating init config 
31716      DEBUG main            d.u.i.k.j.r.ClassPreparationMethodBuilder clPrepBuilder: Inner Class detected. Reject building class initialisation methods. 
34335      DEBUG main            d.u.i.k.p.i.AbstractProblemLoader Init config took 3.87s 
34410      INFO  main            d.u.i.k.p.i.AbstractProblemLoader Replaying proof ArrayList[ArrayList::ArrayList()].JML normal_behavior operation contract.0 
34694      DEBUG main            d.u.i.k.p.i.IntermediateProofReplayer Proof replay took 273.71ms 
34697      DEBUG main            d.u.i.k.p.r.p.TestFile    ... success: reloaded. 
34699      INFO  main            d.u.i.k.p.r.p.TestFile    Now processing file /home/runner/work/key/key/key.core/../key.ui/examples/heap/list/ArrayList_concatenate.key 
34700      INFO  main            d.u.i.k.p.i.AbstractProblemLoader Loading environment from /home/runner/work/key/key/key.core/../key.ui/examples/heap/list/ArrayList_concatenate.key 
34700      DEBUG main            d.u.i.k.p.i.AbstractProblemLoader Environment load took 503ns 
34703      INFO  main            d.u.i.k.p.i.AbstractProblemLoader Creating init config 
35969      DEBUG main            d.u.i.k.j.r.ClassPreparationMethodBuilder clPrepBuilder: Inner Class detected. Reject building class initialisation methods. 
38619      DEBUG main            d.u.i.k.p.i.AbstractProblemLoader Init config took 3.92s 
38691      INFO  main            d.u.i.k.p.i.AbstractProblemLoader Replaying proof ArrayList[List::concatenate(List)].JML normal_behavior operation contract.0 
38694      DEBUG main            d.u.i.k.p.i.IntermediateProofReplayer Proof replay took 15.7ns 
66964      INFO  main            d.u.i.k.p.r.p.TestFile    ... finished proof: closed. 
67311      INFO  main            d.u.i.k.p.i.AbstractProblemLoader Loading environment from /home/runner/work/key/key/key.core/../key.ui/examples/heap/list/ArrayList_concatenate.key.proof 
67312      DEBUG main            d.u.i.k.p.i.AbstractProblemLoader Environment load took 665.21ns 
67324      INFO  main            d.u.i.k.p.i.AbstractProblemLoader Creating init config 
68561      DEBUG main            d.u.i.k.j.r.ClassPreparationMethodBuilder clPrepBuilder: Inner Class detected. Reject building class initialisation methods. 
71124      DEBUG main            d.u.i.k.p.i.AbstractProblemLoader Init config took 3.8s 
71200      INFO  main            d.u.i.k.p.i.AbstractProblemLoader Replaying proof ArrayList[List::concatenate(List)].JML normal_behavior operation contract.0 
73241      DEBUG main            d.u.i.k.p.i.IntermediateProofReplayer Proof replay took 1.97s 
73246      DEBUG main            d.u.i.k.p.r.p.TestFile    ... success: reloaded. 
73248      INFO  main            d.u.i.k.p.r.p.TestFile    Now processing file /home/runner/work/key/key/key.core/../key.ui/examples/heap/list/ArrayList_contains_dep.key 
73249      INFO  main            d.u.i.k.p.i.AbstractProblemLoader Loading environment from /home/runner/work/key/key/key.core/../key.ui/examples/heap/list/ArrayList_contains_dep.key 
73249      DEBUG main            d.u.i.k.p.i.AbstractProblemLoader Environment load took 279.6ns 
73250      INFO  main            d.u.i.k.p.i.AbstractProblemLoader Creating init config 
74562      DEBUG main            d.u.i.k.j.r.ClassPreparationMethodBuilder clPrepBuilder: Inner Class detected. Reject building class initialisation methods. 
77150      DEBUG main            d.u.i.k.p.i.AbstractProblemLoader Init config took 3.9s 
77265      INFO  main            d.u.i.k.p.i.AbstractProblemLoader Replaying proof ArrayList[List::contains(java.lang.Object)].JML accessible clause.0 
77269      DEBUG main            d.u.i.k.p.i.IntermediateProofReplayer Proof replay took 7.7ns 
80521      INFO  main            d.u.i.k.p.r.p.TestFile    ... finished proof: closed. 
80827      INFO  main            d.u.i.k.p.i.AbstractProblemLoader Loading environment from /home/runner/work/key/key/key.core/../key.ui/examples/heap/list/ArrayList_contains_dep.key.proof 
80827      DEBUG main            d.u.i.k.p.i.AbstractProblemLoader Environment load took 613.3ns 
80830      INFO  main            d.u.i.k.p.i.AbstractProblemLoader Creating init config 
82027      DEBUG main            d.u.i.k.j.r.ClassPreparationMethodBuilder clPrepBuilder: Inner Class detected. Reject building class initialisation methods. 
84599      DEBUG main            d.u.i.k.p.i.AbstractProblemLoader Init config took 3.77s 
84679      INFO  main            d.u.i.k.p.i.AbstractProblemLoader Replaying proof ArrayList[List::contains(java.lang.Object)].JML accessible clause.0 
85075      DEBUG main            d.u.i.k.p.i.IntermediateProofReplayer Proof replay took 382.65ms 
85076      DEBUG main            d.u.i.k.p.r.p.TestFile    ... success: reloaded. 
85078      INFO  main            d.u.i.k.p.r.p.TestFile    Now processing file /home/runner/work/key/key/key.core/../key.ui/examples/heap/list/ArrayList_enlarge.key 
85078      INFO  main            d.u.i.k.p.i.AbstractProblemLoader Loading environment from /home/runner/work/key/key/key.core/../key.ui/examples/heap/list/ArrayList_enlarge.key 
85079      DEBUG main            d.u.i.k.p.i.AbstractProblemLoader Environment load took 182.3ns 
85080      INFO  main            d.u.i.k.p.i.AbstractProblemLoader Creating init config 
86313      DEBUG main            d.u.i.k.j.r.ClassPreparationMethodBuilder clPrepBuilder: Inner Class detected. Reject building class initialisation methods. 
88863      DEBUG main            d.u.i.k.p.i.AbstractProblemLoader Init config took 3.78s 
88929      INFO  main            d.u.i.k.p.i.AbstractProblemLoader Replaying proof ArrayList[ArrayList::enlarge()].JML normal_behavior operation contract.0 
88932      DEBUG main            d.u.i.k.p.i.IntermediateProofReplayer Proof replay took 6.9ns 
91841      INFO  main            d.u.i.k.p.r.p.TestFile    ... finished proof: closed. 
92095      INFO  main            d.u.i.k.p.i.AbstractProblemLoader Loading environment from /home/runner/work/key/key/key.core/../key.ui/examples/heap/list/ArrayList_enlarge.key.proof 
92098      DEBUG main            d.u.i.k.p.i.AbstractProblemLoader Environment load took 2.6ms 
92101      INFO  main            d.u.i.k.p.i.AbstractProblemLoader Creating init config 
93291      DEBUG main            d.u.i.k.j.r.ClassPreparationMethodBuilder clPrepBuilder: Inner Class detected. Reject building class initialisation methods. 
95882      DEBUG main            d.u.i.k.p.i.AbstractProblemLoader Init config took 3.78s 
95971      INFO  main            d.u.i.k.p.i.AbstractProblemLoader Replaying proof ArrayList[ArrayList::enlarge()].JML normal_behavior operation contract.0 
96355      DEBUG main            d.u.i.k.p.i.IntermediateProofReplayer Proof replay took 373.31ms 
96358      DEBUG main            d.u.i.k.p.r.p.TestFile    ... success: reloaded. 
96360      INFO  main            d.u.i.k.p.r.p.TestFile    Now processing file /home/runner/work/key/key/key.core/../key.ui/examples/heap/list/ArrayList_footprint.key 
96360      INFO  main            d.u.i.k.p.i.AbstractProblemLoader Loading environment from /home/runner/work/key/key/key.core/../key.ui/examples/heap/list/ArrayList_footprint.key 
96361      DEBUG main            d.u.i.k.p.i.AbstractProblemLoader Environment load took 286.6ns 
96362      INFO  main            d.u.i.k.p.i.AbstractProblemLoader Creating init config 
97516      DEBUG main            d.u.i.k.j.r.ClassPreparationMethodBuilder clPrepBuilder: Inner Class detected. Reject building class initialisation methods. 
100013     DEBUG main            d.u.i.k.p.i.AbstractProblemLoader Init config took 3.65s 
100074     INFO  main            d.u.i.k.p.i.AbstractProblemLoader Replaying proof List[List::$footprint()].JML accessible clause.0 
100077     DEBUG main            d.u.i.k.p.i.IntermediateProofReplayer Proof replay took 28ns 
100179     INFO  main            d.u.i.k.p.r.p.TestFile    ... finished proof: closed. 
100422     INFO  main            d.u.i.k.p.i.AbstractProblemLoader Loading environment from /home/runner/work/key/key/key.core/../key.ui/examples/heap/list/ArrayList_footprint.key.proof 
100423     DEBUG main            d.u.i.k.p.i.AbstractProblemLoader Environment load took 158.6ns 
100424     INFO  main            d.u.i.k.p.i.AbstractProblemLoader Creating init config 
101604     DEBUG main            d.u.i.k.j.r.ClassPreparationMethodBuilder clPrepBuilder: Inner Class detected. Reject building class initialisation methods. 
104121     DEBUG main            d.u.i.k.p.i.AbstractProblemLoader Init config took 3.7s 
104181     INFO  main            d.u.i.k.p.i.AbstractProblemLoader Replaying proof List[List::$footprint()].JML accessible clause.0 
104185     DEBUG main            d.u.i.k.p.i.IntermediateProofReplayer Proof replay took 1.3ms 
104186     DEBUG main            d.u.i.k.p.r.p.TestFile    ... success: reloaded. 
104188     INFO  main            d.u.i.k.p.r.p.TestFile    Now processing file /home/runner/work/key/key/key.core/../key.ui/examples/heap/list/ArrayList_get_dep.key 
104189     INFO  main            d.u.i.k.p.i.AbstractProblemLoader Loading environment from /home/runner/work/key/key/key.core/../key.ui/examples/heap/list/ArrayList_get_dep.key 
104189     DEBUG main            d.u.i.k.p.i.AbstractProblemLoader Environment load took 322.2ns 
104190     INFO  main            d.u.i.k.p.i.AbstractProblemLoader Creating init config 
105383     DEBUG main            d.u.i.k.j.r.ClassPreparationMethodBuilder clPrepBuilder: Inner Class detected. Reject building class initialisation methods. 
108000     DEBUG main            d.u.i.k.p.i.AbstractProblemLoader Init config took 3.81s 
108078     INFO  main            d.u.i.k.p.i.AbstractProblemLoader Replaying proof ArrayList[List::get(int)].JML accessible clause.0 
108080     DEBUG main            d.u.i.k.p.i.IntermediateProofReplayer Proof replay took 7.1ns 
108693     INFO  main            d.u.i.k.p.r.p.TestFile    ... finished proof: closed. 
108948     INFO  main            d.u.i.k.p.i.AbstractProblemLoader Loading environment from /home/runner/work/key/key/key.core/../key.ui/examples/heap/list/ArrayList_get_dep.key.proof 
108949     DEBUG main            d.u.i.k.p.i.AbstractProblemLoader Environment load took 854.51ns 
108950     INFO  main            d.u.i.k.p.i.AbstractProblemLoader Creating init config 
110133     DEBUG main            d.u.i.k.j.r.ClassPreparationMethodBuilder clPrepBuilder: Inner Class detected. Reject building class initialisation methods. 
112703     DEBUG main            d.u.i.k.p.i.AbstractProblemLoader Init config took 3.75s 
112763     INFO  main            d.u.i.k.p.i.AbstractProblemLoader Replaying proof ArrayList[List::get(int)].JML accessible clause.0 
112837     DEBUG main            d.u.i.k.p.i.IntermediateProofReplayer Proof replay took 70ms 
112839     DEBUG main            d.u.i.k.p.r.p.TestFile    ... success: reloaded. 
112840     INFO  main            d.u.i.k.p.r.p.TestFile    Now processing file /home/runner/work/key/key/key.core/../key.ui/examples/heap/list/ArrayList_get_exceptional.key 
112841     INFO  main            d.u.i.k.p.i.AbstractProblemLoader Loading environment from /home/runner/work/key/key/key.core/../key.ui/examples/heap/list/ArrayList_get_exceptional.key 
112841     DEBUG main            d.u.i.k.p.i.AbstractProblemLoader Environment load took 307.6ns 
112842     INFO  main            d.u.i.k.p.i.AbstractProblemLoader Creating init config 
114044     DEBUG main            d.u.i.k.j.r.ClassPreparationMethodBuilder clPrepBuilder: Inner Class detected. Reject building class initialisation methods. 
116590     DEBUG main            d.u.i.k.p.i.AbstractProblemLoader Init config took 3.75s 
116667     INFO  main            d.u.i.k.p.i.AbstractProblemLoader Replaying proof ArrayList[List::get(int)].JML exceptional_behavior operation contract.0 
116669     DEBUG main            d.u.i.k.p.i.IntermediateProofReplayer Proof replay took 6.8ns 
118179     INFO  main            d.u.i.k.p.r.p.TestFile    ... finished proof: closed. 
118443     INFO  main            d.u.i.k.p.i.AbstractProblemLoader Loading environment from /home/runner/work/key/key/key.core/../key.ui/examples/heap/list/ArrayList_get_exceptional.key.proof 
118443     DEBUG main            d.u.i.k.p.i.AbstractProblemLoader Environment load took 240.5ns 
118445     INFO  main            d.u.i.k.p.i.AbstractProblemLoader Creating init config 
119613     DEBUG main            d.u.i.k.j.r.ClassPreparationMethodBuilder clPrepBuilder: Inner Class detected. Reject building class initialisation methods. 
122173     DEBUG main            d.u.i.k.p.i.AbstractProblemLoader Init config took 3.73s 
122230     INFO  main            d.u.i.k.p.i.AbstractProblemLoader Replaying proof ArrayList[List::get(int)].JML exceptional_behavior operation contract.0 
122449     DEBUG main            d.u.i.k.p.i.IntermediateProofReplayer Proof replay took 210.29ms 
122451     DEBUG main            d.u.i.k.p.r.p.TestFile    ... success: reloaded. 
122452     INFO  main            d.u.i.k.p.r.p.TestFile    Now processing file /home/runner/work/key/key/key.core/../key.ui/examples/heap/list/ArrayList_get_normal.key 
122453     INFO  main            d.u.i.k.p.i.AbstractProblemLoader Loading environment from /home/runner/work/key/key/key.core/../key.ui/examples/heap/list/ArrayList_get_normal.key 
122453     DEBUG main            d.u.i.k.p.i.AbstractProblemLoader Environment load took 128ns 
122454     INFO  main            d.u.i.k.p.i.AbstractProblemLoader Creating init config 
123655     DEBUG main            d.u.i.k.j.r.ClassPreparationMethodBuilder clPrepBuilder: Inner Class detected. Reject building class initialisation methods. 
126302     DEBUG main            d.u.i.k.p.i.AbstractProblemLoader Init config took 3.85s 
126362     INFO  main            d.u.i.k.p.i.AbstractProblemLoader Replaying proof ArrayList[List::get(int)].JML normal_behavior operation contract.0 
126364     DEBUG main            d.u.i.k.p.i.IntermediateProofReplayer Proof replay took 7ns 
126868     INFO  main            d.u.i.k.p.r.p.TestFile    ... finished proof: closed. 
127155     INFO  main            d.u.i.k.p.i.AbstractProblemLoader Loading environment from /home/runner/work/key/key/key.core/../key.ui/examples/heap/list/ArrayList_get_normal.key.proof 
127155     DEBUG main            d.u.i.k.p.i.AbstractProblemLoader Environment load took 559.4ns 
127157     INFO  main            d.u.i.k.p.i.AbstractProblemLoader Creating init config 
128323     DEBUG main            d.u.i.k.j.r.ClassPreparationMethodBuilder clPrepBuilder: Inner Class detected. Reject building class initialisation methods. 
130904     DEBUG main            d.u.i.k.p.i.AbstractProblemLoader Init config took 3.75s 
130959     INFO  main            d.u.i.k.p.i.AbstractProblemLoader Replaying proof ArrayList[List::get(int)].JML normal_behavior operation contract.0 
131034     DEBUG main            d.u.i.k.p.i.IntermediateProofReplayer Proof replay took 70.83ms 
131036     DEBUG main            d.u.i.k.p.r.p.TestFile    ... success: reloaded. 
131038     INFO  main            d.u.i.k.p.r.p.TestFile    Now processing file /home/runner/work/key/key/key.core/../key.ui/examples/heap/list/ArrayList_inv.key 
131038     INFO  main            d.u.i.k.p.i.AbstractProblemLoader Loading environment from /home/runner/work/key/key/key.core/../key.ui/examples/heap/list/ArrayList_inv.key 
131038     DEBUG main            d.u.i.k.p.i.AbstractProblemLoader Environment load took 129.4ns 
131039     INFO  main            d.u.i.k.p.i.AbstractProblemLoader Creating init config 
132208     DEBUG main            d.u.i.k.j.r.ClassPreparationMethodBuilder clPrepBuilder: Inner Class detected. Reject building class initialisation methods. 
134719     DEBUG main            d.u.i.k.p.i.AbstractProblemLoader Init config took 3.68s 
134773     INFO  main            d.u.i.k.p.i.AbstractProblemLoader Replaying proof ArrayList[java.lang.Object::<inv>()].JML accessible clause.0 
134775     DEBUG main            d.u.i.k.p.i.IntermediateProofReplayer Proof replay took 8.1ns 
135279     INFO  main            d.u.i.k.p.r.p.TestFile    ... finished proof: closed. 
135534     INFO  main            d.u.i.k.p.i.AbstractProblemLoader Loading environment from /home/runner/work/key/key/key.core/../key.ui/examples/heap/list/ArrayList_inv.key.proof 
135535     DEBUG main            d.u.i.k.p.i.AbstractProblemLoader Environment load took 669.4ns 
135536     INFO  main            d.u.i.k.p.i.AbstractProblemLoader Creating init config 
136689     DEBUG main            d.u.i.k.j.r.ClassPreparationMethodBuilder clPrepBuilder: Inner Class detected. Reject building class initialisation methods. 
139254     DEBUG main            d.u.i.k.p.i.AbstractProblemLoader Init config took 3.72s 
139308     INFO  main            d.u.i.k.p.i.AbstractProblemLoader Replaying proof ArrayList[java.lang.Object::<inv>()].JML accessible clause.0 
139354     DEBUG main            d.u.i.k.p.i.IntermediateProofReplayer Proof replay took 41.78ms 
139356     DEBUG main            d.u.i.k.p.r.p.TestFile    ... success: reloaded. 
139357     INFO  main            d.u.i.k.p.r.p.TestFile    Now processing file /home/runner/work/key/key/key.core/../key.ui/examples/heap/list/ArrayList_iterator.key 
139358     INFO  main            d.u.i.k.p.i.AbstractProblemLoader Loading environment from /home/runner/work/key/key/key.core/../key.ui/examples/heap/list/ArrayList_iterator.key 
139358     DEBUG main            d.u.i.k.p.i.AbstractProblemLoader Environment load took 156.3ns 
139359     INFO  main            d.u.i.k.p.i.AbstractProblemLoader Creating init config 
140505     DEBUG main            d.u.i.k.j.r.ClassPreparationMethodBuilder clPrepBuilder: Inner Class detected. Reject building class initialisation methods. 
142981     DEBUG main            d.u.i.k.p.i.AbstractProblemLoader Init config took 3.62s 
143039     INFO  main            d.u.i.k.p.i.AbstractProblemLoader Replaying proof ArrayList[List::iterator()].JML normal_behavior operation contract.0 
143041     DEBUG main            d.u.i.k.p.i.IntermediateProofReplayer Proof replay took 13.5ns 
143645     INFO  main            d.u.i.k.p.r.p.TestFile    ... finished proof: closed. 
143949     INFO  main            d.u.i.k.p.i.AbstractProblemLoader Loading environment from /home/runner/work/key/key/key.core/../key.ui/examples/heap/list/ArrayList_iterator.key.proof 
143950     DEBUG main            d.u.i.k.p.i.AbstractProblemLoader Environment load took 557.8ns 
143951     INFO  main            d.u.i.k.p.i.AbstractProblemLoader Creating init config 
145056     DEBUG main            d.u.i.k.j.r.ClassPreparationMethodBuilder clPrepBuilder: Inner Class detected. Reject building class initialisation methods. 
147519     DEBUG main            d.u.i.k.p.i.AbstractProblemLoader Init config took 3.57s 
147573     INFO  main            d.u.i.k.p.i.AbstractProblemLoader Replaying proof ArrayList[List::iterator()].JML normal_behavior operation contract.0 
147656     DEBUG main            d.u.i.k.p.i.IntermediateProofReplayer Proof replay took 76.83ms 
147657     DEBUG main            d.u.i.k.p.r.p.TestFile    ... success: reloaded. 
147658     INFO  main            d.u.i.k.p.r.p.TestFile    Now processing file /home/runner/work/key/key/key.core/../key.ui/examples/heap/list/ArrayList_size_dep.key 
147659     INFO  main            d.u.i.k.p.i.AbstractProblemLoader Loading environment from /home/runner/work/key/key/key.core/../key.ui/examples/heap/list/ArrayList_size_dep.key 
147659     DEBUG main            d.u.i.k.p.i.AbstractProblemLoader Environment load took 160.6ns 
147660     INFO  main            d.u.i.k.p.i.AbstractProblemLoader Creating init config 
148860     DEBUG main            d.u.i.k.j.r.ClassPreparationMethodBuilder clPrepBuilder: Inner Class detected. Reject building class initialisation methods. 
151485     DEBUG main            d.u.i.k.p.i.AbstractProblemLoader Init config took 3.82s 
151539     INFO  main            d.u.i.k.p.i.AbstractProblemLoader Replaying proof ArrayList[List::size()].JML accessible clause.0 
151541     DEBUG main            d.u.i.k.p.i.IntermediateProofReplayer Proof replay took 6.7ns 
151746     INFO  main            d.u.i.k.p.r.p.TestFile    ... finished proof: closed. 
152038     INFO  main            d.u.i.k.p.i.AbstractProblemLoader Loading environment from /home/runner/work/key/key/key.core/../key.ui/examples/heap/list/ArrayList_size_dep.key.proof 
152038     DEBUG main            d.u.i.k.p.i.AbstractProblemLoader Environment load took 156.6ns 
152040     INFO  main            d.u.i.k.p.i.AbstractProblemLoader Creating init config 
153183     DEBUG main            d.u.i.k.j.r.ClassPreparationMethodBuilder clPrepBuilder: Inner Class detected. Reject building class initialisation methods. 
155637     DEBUG main            d.u.i.k.p.i.AbstractProblemLoader Init config took 3.6s 
155701     INFO  main            d.u.i.k.p.i.AbstractProblemLoader Replaying proof ArrayList[List::size()].JML accessible clause.0 
155727     DEBUG main            d.u.i.k.p.i.IntermediateProofReplayer Proof replay took 21.84ms 
155728     DEBUG main            d.u.i.k.p.r.p.TestFile    ... success: reloaded. 
155730     INFO  main            d.u.i.k.p.r.p.TestFile    Now processing file /home/runner/work/key/key/key.core/../key.ui/examples/heap/list/ArrayList_size.key 
155730     INFO  main            d.u.i.k.p.i.AbstractProblemLoader Loading environment from /home/runner/work/key/key/key.core/../key.ui/examples/heap/list/ArrayList_size.key 
155731     DEBUG main            d.u.i.k.p.i.AbstractProblemLoader Environment load took 287.1ns 
155732     INFO  main            d.u.i.k.p.i.AbstractProblemLoader Creating init config 
156894     DEBUG main            d.u.i.k.j.r.ClassPreparationMethodBuilder clPrepBuilder: Inner Class detected. Reject building class initialisation methods. 
159339     DEBUG main            d.u.i.k.p.i.AbstractProblemLoader Init config took 3.61s 
159392     INFO  main            d.u.i.k.p.i.AbstractProblemLoader Replaying proof ArrayList[List::size()].JML normal_behavior operation contract.0 
159394     DEBUG main            d.u.i.k.p.i.IntermediateProofReplayer Proof replay took 7.5ns 
159699     INFO  main            d.u.i.k.p.r.p.TestFile    ... finished proof: closed. 
160039     INFO  main            d.u.i.k.p.i.AbstractProblemLoader Loading environment from /home/runner/work/key/key/key.core/../key.ui/examples/heap/list/ArrayList_size.key.proof 
160041     DEBUG main            d.u.i.k.p.i.AbstractProblemLoader Environment load took 1.46ms 
160044     INFO  main            d.u.i.k.p.i.AbstractProblemLoader Creating init config 
161166     DEBUG main            d.u.i.k.j.r.ClassPreparationMethodBuilder clPrepBuilder: Inner Class detected. Reject building class initialisation methods. 
163575     DEBUG main            d.u.i.k.p.i.AbstractProblemLoader Init config took 3.53s 
163648     INFO  main            d.u.i.k.p.i.AbstractProblemLoader Replaying proof ArrayList[List::size()].JML normal_behavior operation contract.0 
163683     DEBUG main            d.u.i.k.p.i.IntermediateProofReplayer Proof replay took 31.65ms 
163684     DEBUG main            d.u.i.k.p.r.p.TestFile    ... success: reloaded. 
163686     INFO  main            d.u.i.k.p.r.p.TestFile    Now processing file /home/runner/work/key/key/key.core/../key.ui/examples/heap/list/ArrayList.ArrayListIterator_ArrayListIterator.key 
163686     INFO  main            d.u.i.k.p.i.AbstractProblemLoader Loading environment from /home/runner/work/key/key/key.core/../key.ui/examples/heap/list/ArrayList.ArrayListIterator_ArrayListIterator.key 
163686     DEBUG main            d.u.i.k.p.i.AbstractProblemLoader Environment load took 120.4ns 
163687     INFO  main            d.u.i.k.p.i.AbstractProblemLoader Creating init config 
164870     DEBUG main            d.u.i.k.j.r.ClassPreparationMethodBuilder clPrepBuilder: Inner Class detected. Reject building class initialisation methods. 
167346     DEBUG main            d.u.i.k.p.i.AbstractProblemLoader Init config took 3.66s 
167411     INFO  main            d.u.i.k.p.i.AbstractProblemLoader Replaying proof ArrayList.ArrayListIterator[ArrayList.ArrayListIterator::ArrayListIterator(ArrayList)].JML normal_behavior operation contract.0 
167414     DEBUG main            d.u.i.k.p.i.IntermediateProofReplayer Proof replay took 37.7ns 
168218     INFO  main            d.u.i.k.p.r.p.TestFile    ... finished proof: closed. 
168542     INFO  main            d.u.i.k.p.i.AbstractProblemLoader Loading environment from /home/runner/work/key/key/key.core/../key.ui/examples/heap/list/ArrayList.ArrayListIterator_ArrayListIterator.key.proof 
168542     DEBUG main            d.u.i.k.p.i.AbstractProblemLoader Environment load took 225.9ns 
168544     INFO  main            d.u.i.k.p.i.AbstractProblemLoader Creating init config 
169658     DEBUG main            d.u.i.k.j.r.ClassPreparationMethodBuilder clPrepBuilder: Inner Class detected. Reject building class initialisation methods. 
172062     DEBUG main            d.u.i.k.p.i.AbstractProblemLoader Init config took 3.52s 
172122     INFO  main            d.u.i.k.p.i.AbstractProblemLoader Replaying proof ArrayList.ArrayListIterator[ArrayList.ArrayListIterator::ArrayListIterator(ArrayList)].JML normal_behavior operation contract.0 
172246     DEBUG main            d.u.i.k.p.i.IntermediateProofReplayer Proof replay took 118.4ms 
172248     DEBUG main            d.u.i.k.p.r.p.TestFile    ... success: reloaded. 
172250     INFO  main            d.u.i.k.p.r.p.TestFile    Now processing file /home/runner/work/key/key/key.core/../key.ui/examples/heap/list/ArrayList.ArrayListIterator_hasNext_dep.key 
172250     INFO  main            d.u.i.k.p.i.AbstractProblemLoader Loading environment from /home/runner/work/key/key/key.core/../key.ui/examples/heap/list/ArrayList.ArrayListIterator_hasNext_dep.key 
172250     DEBUG main            d.u.i.k.p.i.AbstractProblemLoader Environment load took 369.3ns 
172252     INFO  main            d.u.i.k.p.i.AbstractProblemLoader Creating init config 
173464     DEBUG main            d.u.i.k.j.r.ClassPreparationMethodBuilder clPrepBuilder: Inner Class detected. Reject building class initialisation methods. 
175939     DEBUG main            d.u.i.k.p.i.AbstractProblemLoader Init config took 3.69s 
176012     INFO  main            d.u.i.k.p.i.AbstractProblemLoader Replaying proof ArrayList.ArrayListIterator[ListIterator::hasNext()].JML accessible clause.0 
176014     DEBUG main            d.u.i.k.p.i.IntermediateProofReplayer Proof replay took 6.9ns 
176424     INFO  main            d.u.i.k.p.r.p.TestFile    ... finished proof: closed. 
176727     INFO  main            d.u.i.k.p.i.AbstractProblemLoader Loading environment from /home/runner/work/key/key/key.core/../key.ui/examples/heap/list/ArrayList.ArrayListIterator_hasNext_dep.key.proof 
176727     DEBUG main            d.u.i.k.p.i.AbstractProblemLoader Environment load took 157.7ns 
176729     INFO  main            d.u.i.k.p.i.AbstractProblemLoader Creating init config 
177839     DEBUG main            d.u.i.k.j.r.ClassPreparationMethodBuilder clPrepBuilder: Inner Class detected. Reject building class initialisation methods. 
180342     DEBUG main            d.u.i.k.p.i.AbstractProblemLoader Init config took 3.61s 
180405     INFO  main            d.u.i.k.p.i.AbstractProblemLoader Replaying proof ArrayList.ArrayListIterator[ListIterator::hasNext()].JML accessible clause.0 
180473     DEBUG main            d.u.i.k.p.i.IntermediateProofReplayer Proof replay took 65.37ms 
180474     DEBUG main            d.u.i.k.p.r.p.TestFile    ... success: reloaded. 
180476     INFO  main            d.u.i.k.p.r.p.TestFile    Now processing file /home/runner/work/key/key/key.core/../key.ui/examples/heap/list/ArrayList.ArrayListIterator_hasNext.key 
180476     INFO  main            d.u.i.k.p.i.AbstractProblemLoader Loading environment from /home/runner/work/key/key/key.core/../key.ui/examples/heap/list/ArrayList.ArrayListIterator_hasNext.key 
180476     DEBUG main            d.u.i.k.p.i.AbstractProblemLoader Environment load took 128.3ns 
180477     INFO  main            d.u.i.k.p.i.AbstractProblemLoader Creating init config 
181632     DEBUG main            d.u.i.k.j.r.ClassPreparationMethodBuilder clPrepBuilder: Inner Class detected. Reject building class initialisation methods. 
184084     DEBUG main            d.u.i.k.p.i.AbstractProblemLoader Init config took 3.61s 
184153     INFO  main            d.u.i.k.p.i.AbstractProblemLoader Replaying proof ArrayList.ArrayListIterator[ListIterator::hasNext()].JML normal_behavior operation contract.0 
184154     DEBUG main            d.u.i.k.p.i.IntermediateProofReplayer Proof replay took 6.5ns 
184678     INFO  main            d.u.i.k.p.r.p.TestFile    ... finished proof: closed. 
184986     INFO  main            d.u.i.k.p.i.AbstractProblemLoader Loading environment from /home/runner/work/key/key/key.core/../key.ui/examples/heap/list/ArrayList.ArrayListIterator_hasNext.key.proof 
184986     DEBUG main            d.u.i.k.p.i.AbstractProblemLoader Environment load took 138.2ns 
184989     INFO  main            d.u.i.k.p.i.AbstractProblemLoader Creating init config 
186161     DEBUG main            d.u.i.k.j.r.ClassPreparationMethodBuilder clPrepBuilder: Inner Class detected. Reject building class initialisation methods. 
188658     DEBUG main            d.u.i.k.p.i.AbstractProblemLoader Init config took 3.67s 
188719     INFO  main            d.u.i.k.p.i.AbstractProblemLoader Replaying proof ArrayList.ArrayListIterator[ListIterator::hasNext()].JML normal_behavior operation contract.0 
188769     DEBUG main            d.u.i.k.p.i.IntermediateProofReplayer Proof replay took 47.27ms 
188771     DEBUG main            d.u.i.k.p.r.p.TestFile    ... success: reloaded. 
188772     INFO  main            d.u.i.k.p.r.p.TestFile    Now processing file /home/runner/work/key/key/key.core/../key.ui/examples/heap/list/ArrayList.ArrayListIterator_inv.key 
188772     INFO  main            d.u.i.k.p.i.AbstractProblemLoader Loading environment from /home/runner/work/key/key/key.core/../key.ui/examples/heap/list/ArrayList.ArrayListIterator_inv.key 
188773     DEBUG main            d.u.i.k.p.i.AbstractProblemLoader Environment load took 123.5ns 
188774     INFO  main            d.u.i.k.p.i.AbstractProblemLoader Creating init config 
189991     DEBUG main            d.u.i.k.j.r.ClassPreparationMethodBuilder clPrepBuilder: Inner Class detected. Reject building class initialisation methods. 
192548     DEBUG main            d.u.i.k.p.i.AbstractProblemLoader Init config took 3.77s 
192607     INFO  main            d.u.i.k.p.i.AbstractProblemLoader Replaying proof ArrayList.ArrayListIterator[java.lang.Object::<inv>()].JML accessible clause.0 
192609     DEBUG main            d.u.i.k.p.i.IntermediateProofReplayer Proof replay took 7.1ns 
193814     INFO  main            d.u.i.k.p.r.p.TestFile    ... finished proof: closed. 
194150     INFO  main            d.u.i.k.p.i.AbstractProblemLoader Loading environment from /home/runner/work/key/key/key.core/../key.ui/examples/heap/list/ArrayList.ArrayListIterator_inv.key.proof 
194150     DEBUG main            d.u.i.k.p.i.AbstractProblemLoader Environment load took 611.11ns 
194152     INFO  main            d.u.i.k.p.i.AbstractProblemLoader Creating init config 
195285     DEBUG main            d.u.i.k.j.r.ClassPreparationMethodBuilder clPrepBuilder: Inner Class detected. Reject building class initialisation methods. 
197730     DEBUG main            d.u.i.k.p.i.AbstractProblemLoader Init config took 3.58s 
197791     INFO  main            d.u.i.k.p.i.AbstractProblemLoader Replaying proof ArrayList.ArrayListIterator[java.lang.Object::<inv>()].JML accessible clause.0 
197885     DEBUG main            d.u.i.k.p.i.IntermediateProofReplayer Proof replay took 88ms 
197887     DEBUG main            d.u.i.k.p.r.p.TestFile    ... success: reloaded. 
197889     INFO  main            d.u.i.k.p.r.p.TestFile    Now processing file /home/runner/work/key/key/key.core/../key.ui/examples/heap/list/ArrayList.ArrayListIterator_list.key 
197889     INFO  main            d.u.i.k.p.i.AbstractProblemLoader Loading environment from /home/runner/work/key/key/key.core/../key.ui/examples/heap/list/ArrayList.ArrayListIterator_list.key 
197890     DEBUG main            d.u.i.k.p.i.AbstractProblemLoader Environment load took 297.8ns 
197893     INFO  main            d.u.i.k.p.i.AbstractProblemLoader Creating init config 
199082     DEBUG main            d.u.i.k.j.r.ClassPreparationMethodBuilder clPrepBuilder: Inner Class detected. Reject building class initialisation methods. 
201568     DEBUG main            d.u.i.k.p.i.AbstractProblemLoader Init config took 3.68s 
201615     INFO  main            d.u.i.k.p.i.AbstractProblemLoader Replaying proof ListIterator[ListIterator::$list()].JML accessible clause.0 
201617     DEBUG main            d.u.i.k.p.i.IntermediateProofReplayer Proof replay took 7.4ns 
201722     INFO  main            d.u.i.k.p.r.p.TestFile    ... finished proof: closed. 
202060     INFO  main            d.u.i.k.p.i.AbstractProblemLoader Loading environment from /home/runner/work/key/key/key.core/../key.ui/examples/heap/list/ArrayList.ArrayListIterator_list.key.proof 
202060     DEBUG main            d.u.i.k.p.i.AbstractProblemLoader Environment load took 126.8ns 
202062     INFO  main            d.u.i.k.p.i.AbstractProblemLoader Creating init config 
203201     DEBUG main            d.u.i.k.j.r.ClassPreparationMethodBuilder clPrepBuilder: Inner Class detected. Reject building class initialisation methods. 
205600     DEBUG main            d.u.i.k.p.i.AbstractProblemLoader Init config took 3.54s 
205644     INFO  main            d.u.i.k.p.i.AbstractProblemLoader Replaying proof ListIterator[ListIterator::$list()].JML accessible clause.0 
205647     DEBUG main            d.u.i.k.p.i.IntermediateProofReplayer Proof replay took 1.11ms 
205648     DEBUG main            d.u.i.k.p.r.p.TestFile    ... success: reloaded. 
205649     INFO  main            d.u.i.k.p.r.p.TestFile    Now processing file /home/runner/work/key/key/key.core/../key.ui/examples/heap/list/ArrayList.ArrayListIterator_next_exceptional.key 
205650     INFO  main            d.u.i.k.p.i.AbstractProblemLoader Loading environment from /home/runner/work/key/key/key.core/../key.ui/examples/heap/list/ArrayList.ArrayListIterator_next_exceptional.key 
205650     DEBUG main            d.u.i.k.p.i.AbstractProblemLoader Environment load took 205ns 
205651     INFO  main            d.u.i.k.p.i.AbstractProblemLoader Creating init config 
206828     DEBUG main            d.u.i.k.j.r.ClassPreparationMethodBuilder clPrepBuilder: Inner Class detected. Reject building class initialisation methods. 
209326     DEBUG main            d.u.i.k.p.i.AbstractProblemLoader Init config took 3.68s 
209388     INFO  main            d.u.i.k.p.i.AbstractProblemLoader Replaying proof ArrayList.ArrayListIterator[ListIterator::next()].JML exceptional_behavior operation contract.0 
209390     DEBUG main            d.u.i.k.p.i.IntermediateProofReplayer Proof replay took 12.5ns 
210416     INFO  main            d.u.i.k.p.r.p.TestFile    ... finished proof: closed. 
210763     INFO  main            d.u.i.k.p.i.AbstractProblemLoader Loading environment from /home/runner/work/key/key/key.core/../key.ui/examples/heap/list/ArrayList.ArrayListIterator_next_exceptional.key.proof 
210763     DEBUG main            d.u.i.k.p.i.AbstractProblemLoader Environment load took 141.3ns 
210765     INFO  main            d.u.i.k.p.i.AbstractProblemLoader Creating init config 
211931     DEBUG main            d.u.i.k.j.r.ClassPreparationMethodBuilder clPrepBuilder: Inner Class detected. Reject building class initialisation methods. 
214366     DEBUG main            d.u.i.k.p.i.AbstractProblemLoader Init config took 3.6s 
214424     INFO  main            d.u.i.k.p.i.AbstractProblemLoader Replaying proof ArrayList.ArrayListIterator[ListIterator::next()].JML exceptional_behavior operation contract.0 
214548     DEBUG main            d.u.i.k.p.i.IntermediateProofReplayer Proof replay took 119.03ms 
214550     DEBUG main            d.u.i.k.p.r.p.TestFile    ... success: reloaded. 
214551     INFO  main            d.u.i.k.p.r.p.TestFile    Now processing file /home/runner/work/key/key/key.core/../key.ui/examples/heap/list/ArrayList.ArrayListIterator_next_normal.key 
214551     INFO  main            d.u.i.k.p.i.AbstractProblemLoader Loading environment from /home/runner/work/key/key/key.core/../key.ui/examples/heap/list/ArrayList.ArrayListIterator_next_normal.key 
214551     DEBUG main            d.u.i.k.p.i.AbstractProblemLoader Environment load took 102.1ns 
214553     INFO  main            d.u.i.k.p.i.AbstractProblemLoader Creating init config 
215719     DEBUG main            d.u.i.k.j.r.ClassPreparationMethodBuilder clPrepBuilder: Inner Class detected. Reject building class initialisation methods. 
218187     DEBUG main            d.u.i.k.p.i.AbstractProblemLoader Init config took 3.63s 
218274     INFO  main            d.u.i.k.p.i.AbstractProblemLoader Replaying proof ArrayList.ArrayListIterator[ListIterator::next()].JML normal_behavior operation contract.0 
218277     DEBUG main            d.u.i.k.p.i.IntermediateProofReplayer Proof replay took 7.2ns 
219384     INFO  main            d.u.i.k.p.r.p.TestFile    ... finished proof: closed. 
219770     INFO  main            d.u.i.k.p.i.AbstractProblemLoader Loading environment from /home/runner/work/key/key/key.core/../key.ui/examples/heap/list/ArrayList.ArrayListIterator_next_normal.key.proof 
219770     DEBUG main            d.u.i.k.p.i.AbstractProblemLoader Environment load took 151.8ns 
219772     INFO  main            d.u.i.k.p.i.AbstractProblemLoader Creating init config 
220887     DEBUG main            d.u.i.k.j.r.ClassPreparationMethodBuilder clPrepBuilder: Inner Class detected. Reject building class initialisation methods. 
223279     DEBUG main            d.u.i.k.p.i.AbstractProblemLoader Init config took 3.51s 
223336     INFO  main            d.u.i.k.p.i.AbstractProblemLoader Replaying proof ArrayList.ArrayListIterator[ListIterator::next()].JML normal_behavior operation contract.0 
223474     DEBUG main            d.u.i.k.p.i.IntermediateProofReplayer Proof replay took 131.73ms 
223475     DEBUG main            d.u.i.k.p.r.p.TestFile    ... success: reloaded. 
223477     INFO  main            d.u.i.k.p.r.p.TestFile    Now processing file /home/runner/work/key/key/key.core/../key.ui/examples/heap/list/ArrayList.ArrayListIterator_pos.key 
223477     INFO  main            d.u.i.k.p.i.AbstractProblemLoader Loading environment from /home/runner/work/key/key/key.core/../key.ui/examples/heap/list/ArrayList.ArrayListIterator_pos.key 
223477     DEBUG main            d.u.i.k.p.i.AbstractProblemLoader Environment load took 196.6ns 
223478     INFO  main            d.u.i.k.p.i.AbstractProblemLoader Creating init config 
224627     DEBUG main            d.u.i.k.j.r.ClassPreparationMethodBuilder clPrepBuilder: Inner Class detected. Reject building class initialisation methods. 
227076     DEBUG main            d.u.i.k.p.i.AbstractProblemLoader Init config took 3.6s 
227123     INFO  main            d.u.i.k.p.i.AbstractProblemLoader Replaying proof ListIterator[ListIterator::$pos()].JML accessible clause.0 
227125     DEBUG main            d.u.i.k.p.i.IntermediateProofReplayer Proof replay took 7.8ns 
227230     INFO  main            d.u.i.k.p.r.p.TestFile    ... finished proof: closed. 
227635     INFO  main            d.u.i.k.p.i.AbstractProblemLoader Loading environment from /home/runner/work/key/key/key.core/../key.ui/examples/heap/list/ArrayList.ArrayListIterator_pos.key.proof 
227635     DEBUG main            d.u.i.k.p.i.AbstractProblemLoader Environment load took 118.9ns 
227636     INFO  main            d.u.i.k.p.i.AbstractProblemLoader Creating init config 
228796     DEBUG main            d.u.i.k.j.r.ClassPreparationMethodBuilder clPrepBuilder: Inner Class detected. Reject building class initialisation methods. 
231191     DEBUG main            d.u.i.k.p.i.AbstractProblemLoader Init config took 3.56s 
231240     INFO  main            d.u.i.k.p.i.AbstractProblemLoader Replaying proof ListIterator[ListIterator::$pos()].JML accessible clause.0 
231245     DEBUG main            d.u.i.k.p.i.IntermediateProofReplayer Proof replay took 992.31ns 
231247     DEBUG main            d.u.i.k.p.r.p.TestFile    ... success: reloaded. 
231249     INFO  main            d.u.i.k.p.r.p.TestFile    Now processing file /home/runner/work/key/key/key.core/../key.ui/examples/heap/list/Client_m.key 
231249     INFO  main            d.u.i.k.p.i.AbstractProblemLoader Loading environment from /home/runner/work/key/key/key.core/../key.ui/examples/heap/list/Client_m.key 
231249     DEBUG main            d.u.i.k.p.i.AbstractProblemLoader Environment load took 134ns 
231250     INFO  main            d.u.i.k.p.i.AbstractProblemLoader Creating init config 
232427     DEBUG main            d.u.i.k.j.r.ClassPreparationMethodBuilder clPrepBuilder: Inner Class detected. Reject building class initialisation methods. 
234858     DEBUG main            d.u.i.k.p.i.AbstractProblemLoader Init config took 3.61s 
234904     INFO  main            d.u.i.k.p.i.AbstractProblemLoader Replaying proof Client[Client::m(List)].JML normal_behavior operation contract.0 
234906     DEBUG main            d.u.i.k.p.i.IntermediateProofReplayer Proof replay took 6.3ns 
235208     INFO  main            d.u.i.k.p.r.p.TestFile    ... finished proof: closed. 
235573     INFO  main            d.u.i.k.p.i.AbstractProblemLoader Loading environment from /home/runner/work/key/key/key.core/../key.ui/examples/heap/list/Client_m.key.proof 
235573     DEBUG main            d.u.i.k.p.i.AbstractProblemLoader Environment load took 126.1ns 
235575     INFO  main            d.u.i.k.p.i.AbstractProblemLoader Creating init config 
236670     DEBUG main            d.u.i.k.j.r.ClassPreparationMethodBuilder clPrepBuilder: Inner Class detected. Reject building class initialisation methods. 
239132     DEBUG main            d.u.i.k.p.i.AbstractProblemLoader Init config took 3.56s 
239179     INFO  main            d.u.i.k.p.i.AbstractProblemLoader Replaying proof Client[Client::m(List)].JML normal_behavior operation contract.0 
239246     DEBUG main            d.u.i.k.p.i.IntermediateProofReplayer Proof replay took 63.15ms 
239247     DEBUG main            d.u.i.k.p.r.p.TestFile    ... success: reloaded. 
239248     INFO  main            d.u.i.k.p.r.p.TestFile    Now processing file /home/runner/work/key/key/key.core/../key.ui/examples/heap/list/Client_n.key 
239248     INFO  main            d.u.i.k.p.i.AbstractProblemLoader Loading environment from /home/runner/work/key/key/key.core/../key.ui/examples/heap/list/Client_n.key 
239249     DEBUG main            d.u.i.k.p.i.AbstractProblemLoader Environment load took 105.1ns 
239250     INFO  main            d.u.i.k.p.i.AbstractProblemLoader Creating init config 
240405     DEBUG main            d.u.i.k.j.r.ClassPreparationMethodBuilder clPrepBuilder: Inner Class detected. Reject building class initialisation methods. 
242915     DEBUG main            d.u.i.k.p.i.AbstractProblemLoader Init config took 3.67s 
242961     INFO  main            d.u.i.k.p.i.AbstractProblemLoader Replaying proof Client[Client::n(List)].JML normal_behavior operation contract.0 
242963     DEBUG main            d.u.i.k.p.i.IntermediateProofReplayer Proof replay took 7.4ns 
243066     INFO  main            d.u.i.k.p.r.p.TestFile    ... finished proof: closed. 
243427     INFO  main            d.u.i.k.p.i.AbstractProblemLoader Loading environment from /home/runner/work/key/key/key.core/../key.ui/examples/heap/list/Client_n.key.proof 
243427     DEBUG main            d.u.i.k.p.i.AbstractProblemLoader Environment load took 126.7ns 
243429     INFO  main            d.u.i.k.p.i.AbstractProblemLoader Creating init config 
244554     DEBUG main            d.u.i.k.j.r.ClassPreparationMethodBuilder clPrepBuilder: Inner Class detected. Reject building class initialisation methods. 
246983     DEBUG main            d.u.i.k.p.i.AbstractProblemLoader Init config took 3.55s 
247032     INFO  main            d.u.i.k.p.i.AbstractProblemLoader Replaying proof Client[Client::n(List)].JML normal_behavior operation contract.0 
247054     DEBUG main            d.u.i.k.p.i.IntermediateProofReplayer Proof replay took 19.71ms 
247055     DEBUG main            d.u.i.k.p.r.p.TestFile    ... success: reloaded. 
247057     INFO  main            d.u.i.k.p.r.p.TestFile    Now processing file /home/runner/work/key/key/key.core/../key.ui/examples/heap/list/LinkedList_get_exceptional.key 
247057     INFO  main            d.u.i.k.p.i.AbstractProblemLoader Loading environment from /home/runner/work/key/key/key.core/../key.ui/examples/heap/list/LinkedList_get_exceptional.key 
247057     DEBUG main            d.u.i.k.p.i.AbstractProblemLoader Environment load took 151.4ns 
247058     INFO  main            d.u.i.k.p.i.AbstractProblemLoader Creating init config 
248208     DEBUG main            d.u.i.k.j.r.ClassPreparationMethodBuilder clPrepBuilder: Inner Class detected. Reject building class initialisation methods. 
250719     DEBUG main            d.u.i.k.p.i.AbstractProblemLoader Init config took 3.66s 
250775     INFO  main            d.u.i.k.p.i.AbstractProblemLoader Replaying proof LinkedList[List::get(int)].JML exceptional_behavior operation contract.0 
250777     DEBUG main            d.u.i.k.p.i.IntermediateProofReplayer Proof replay took 8.2ns 
253336     INFO  main            d.u.i.k.p.r.p.TestFile    ... finished proof: closed. 
253786     INFO  main            d.u.i.k.p.i.AbstractProblemLoader Loading environment from /home/runner/work/key/key/key.core/../key.ui/examples/heap/list/LinkedList_get_exceptional.key.proof 
253787     DEBUG main            d.u.i.k.p.i.AbstractProblemLoader Environment load took 626.61ns 
253788     INFO  main            d.u.i.k.p.i.AbstractProblemLoader Creating init config 
254909     DEBUG main            d.u.i.k.j.r.ClassPreparationMethodBuilder clPrepBuilder: Inner Class detected. Reject building class initialisation methods. 
257345     DEBUG main            d.u.i.k.p.i.AbstractProblemLoader Init config took 3.56s 
257403     INFO  main            d.u.i.k.p.i.AbstractProblemLoader Replaying proof LinkedList[List::get(int)].JML exceptional_behavior operation contract.0 
257708     DEBUG main            d.u.i.k.p.i.IntermediateProofReplayer Proof replay took 294.36ms 
257710     DEBUG main            d.u.i.k.p.r.p.TestFile    ... success: reloaded. 
257712     INFO  main            d.u.i.k.p.r.p.TestFile    Now processing file /home/runner/work/key/key/key.core/../key.ui/examples/heap/list/LinkedList_get_normal.key 
257712     INFO  main            d.u.i.k.p.i.AbstractProblemLoader Loading environment from /home/runner/work/key/key/key.core/../key.ui/examples/heap/list/LinkedList_get_normal.key 
257712     DEBUG main            d.u.i.k.p.i.AbstractProblemLoader Environment load took 281.21ns 
257714     INFO  main            d.u.i.k.p.i.AbstractProblemLoader Creating init config 
258922     DEBUG main            d.u.i.k.j.r.ClassPreparationMethodBuilder clPrepBuilder: Inner Class detected. Reject building class initialisation methods. 
261346     DEBUG main            d.u.i.k.p.i.AbstractProblemLoader Init config took 3.63s 
261397     INFO  main            d.u.i.k.p.i.AbstractProblemLoader Replaying proof LinkedList[List::get(int)].JML normal_behavior operation contract.0 
261399     DEBUG main            d.u.i.k.p.i.IntermediateProofReplayer Proof replay took 7.9ns 
268614     INFO  main            d.u.i.k.p.r.p.TestFile    ... finished proof: closed. 
269150     INFO  main            d.u.i.k.p.i.AbstractProblemLoader Loading environment from /home/runner/work/key/key/key.core/../key.ui/examples/heap/list/LinkedList_get_normal.key.proof 
269150     DEBUG main            d.u.i.k.p.i.AbstractProblemLoader Environment load took 567.01ns 
269153     INFO  main            d.u.i.k.p.i.AbstractProblemLoader Creating init config 
270265     DEBUG main            d.u.i.k.j.r.ClassPreparationMethodBuilder clPrepBuilder: Inner Class detected. Reject building class initialisation methods. 
272654     DEBUG main            d.u.i.k.p.i.AbstractProblemLoader Init config took 3.5s 
272709     INFO  main            d.u.i.k.p.i.AbstractProblemLoader Replaying proof LinkedList[List::get(int)].JML normal_behavior operation contract.0 
273271     DEBUG main            d.u.i.k.p.i.IntermediateProofReplayer Proof replay took 535.27ms 
273274     DEBUG main            d.u.i.k.p.r.p.TestFile    ... success: reloaded. 
273275     INFO  main            d.u.i.k.p.r.p.TestFile    Now processing file /home/runner/work/key/key/key.core/../key.ui/examples/heap/list/LinkedList_LinkedList.key 
273275     INFO  main            d.u.i.k.p.i.AbstractProblemLoader Loading environment from /home/runner/work/key/key/key.core/../key.ui/examples/heap/list/LinkedList_LinkedList.key 
273275     DEBUG main            d.u.i.k.p.i.AbstractProblemLoader Environment load took 134.7ns 
273276     INFO  main            d.u.i.k.p.i.AbstractProblemLoader Creating init config 
274451     DEBUG main            d.u.i.k.j.r.ClassPreparationMethodBuilder clPrepBuilder: Inner Class detected. Reject building class initialisation methods. 
276909     DEBUG main            d.u.i.k.p.i.AbstractProblemLoader Init config took 3.63s 
276960     INFO  main            d.u.i.k.p.i.AbstractProblemLoader Replaying proof LinkedList[LinkedList::LinkedList()].JML normal_behavior operation contract.0 
276961     DEBUG main            d.u.i.k.p.i.IntermediateProofReplayer Proof replay took 8ns 
277568     INFO  main            d.u.i.k.p.r.p.TestFile    ... finished proof: closed. 
277996     INFO  main            d.u.i.k.p.i.AbstractProblemLoader Loading environment from /home/runner/work/key/key/key.core/../key.ui/examples/heap/list/LinkedList_LinkedList.key.proof 
277996     DEBUG main            d.u.i.k.p.i.AbstractProblemLoader Environment load took 204.4ns 
277997     INFO  main            d.u.i.k.p.i.AbstractProblemLoader Creating init config 
279118     DEBUG main            d.u.i.k.j.r.ClassPreparationMethodBuilder clPrepBuilder: Inner Class detected. Reject building class initialisation methods. 
281496     DEBUG main            d.u.i.k.p.i.AbstractProblemLoader Init config took 3.5s 
281549     INFO  main            d.u.i.k.p.i.AbstractProblemLoader Replaying proof LinkedList[LinkedList::LinkedList()].JML normal_behavior operation contract.0 
281637     DEBUG main            d.u.i.k.p.i.IntermediateProofReplayer Proof replay took 84.16ms 
281638     DEBUG main            d.u.i.k.p.r.p.TestFile    ... success: reloaded. 
281639     INFO  main            d.u.i.k.p.r.p.TestFile    Now processing file /home/runner/work/key/key/key.core/../key.ui/examples/heap/list/LinkedList_size_dep.key 
281639     INFO  main            d.u.i.k.p.i.AbstractProblemLoader Loading environment from /home/runner/work/key/key/key.core/../key.ui/examples/heap/list/LinkedList_size_dep.key 
281640     DEBUG main            d.u.i.k.p.i.AbstractProblemLoader Environment load took 93.7ns 
281640     INFO  main            d.u.i.k.p.i.AbstractProblemLoader Creating init config 
282793     DEBUG main            d.u.i.k.j.r.ClassPreparationMethodBuilder clPrepBuilder: Inner Class detected. Reject building class initialisation methods. 
285273     DEBUG main            d.u.i.k.p.i.AbstractProblemLoader Init config took 3.63s 
285325     INFO  main            d.u.i.k.p.i.AbstractProblemLoader Replaying proof LinkedList[List::size()].JML accessible clause.0 
285327     DEBUG main            d.u.i.k.p.i.IntermediateProofReplayer Proof replay took 7.3ns 
285931     INFO  main            d.u.i.k.p.r.p.TestFile    ... finished proof: closed. 
286358     INFO  main            d.u.i.k.p.i.AbstractProblemLoader Loading environment from /home/runner/work/key/key/key.core/../key.ui/examples/heap/list/LinkedList_size_dep.key.proof 
286358     DEBUG main            d.u.i.k.p.i.AbstractProblemLoader Environment load took 128.1ns 
286359     INFO  main            d.u.i.k.p.i.AbstractProblemLoader Creating init config 
287491     DEBUG main            d.u.i.k.j.r.ClassPreparationMethodBuilder clPrepBuilder: Inner Class detected. Reject building class initialisation methods. 
290001     DEBUG main            d.u.i.k.p.i.AbstractProblemLoader Init config took 3.64s 
290056     INFO  main            d.u.i.k.p.i.AbstractProblemLoader Replaying proof LinkedList[List::size()].JML accessible clause.0 
290104     DEBUG main            d.u.i.k.p.i.IntermediateProofReplayer Proof replay took 43.46ms 
290105     DEBUG main            d.u.i.k.p.r.p.TestFile    ... success: reloaded. 
290106     INFO  main            d.u.i.k.p.r.p.TestFile    Now processing file /home/runner/work/key/key/key.core/../key.ui/examples/heap/list/LinkedList_size.key 
290107     INFO  main            d.u.i.k.p.i.AbstractProblemLoader Loading environment from /home/runner/work/key/key/key.core/../key.ui/examples/heap/list/LinkedList_size.key 
290107     DEBUG main            d.u.i.k.p.i.AbstractProblemLoader Environment load took 116.8ns 
290108     INFO  main            d.u.i.k.p.i.AbstractProblemLoader Creating init config 
291306     DEBUG main            d.u.i.k.j.r.ClassPreparationMethodBuilder clPrepBuilder: Inner Class detected. Reject building class initialisation methods. 
293811     DEBUG main            d.u.i.k.p.i.AbstractProblemLoader Init config took 3.7s 
293863     INFO  main            d.u.i.k.p.i.AbstractProblemLoader Replaying proof LinkedList[List::size()].JML normal_behavior operation contract.0 
293865     DEBUG main            d.u.i.k.p.i.IntermediateProofReplayer Proof replay took 7.4ns 
294471     INFO  main            d.u.i.k.p.r.p.TestFile    ... finished proof: closed. 
294875     INFO  main            d.u.i.k.p.i.AbstractProblemLoader Loading environment from /home/runner/work/key/key/key.core/../key.ui/examples/heap/list/LinkedList_size.key.proof 
294875     DEBUG main            d.u.i.k.p.i.AbstractProblemLoader Environment load took 170.8ns 
294876     INFO  main            d.u.i.k.p.i.AbstractProblemLoader Creating init config 
296025     DEBUG main            d.u.i.k.j.r.ClassPreparationMethodBuilder clPrepBuilder: Inner Class detected. Reject building class initialisation methods. 
298434     DEBUG main            d.u.i.k.p.i.AbstractProblemLoader Init config took 3.56s 
298485     INFO  main            d.u.i.k.p.i.AbstractProblemLoader Replaying proof LinkedList[List::size()].JML normal_behavior operation contract.0 
298525     DEBUG main            d.u.i.k.p.i.IntermediateProofReplayer Proof replay took 37.15ms 
298526     DEBUG main            d.u.i.k.p.r.p.TestFile    ... success: reloaded. 
298527     INFO  main            d.u.i.k.p.r.p.TestFile    Now processing file /home/runner/work/key/key/key.core/../key.ui/examples/heap/list/MySet_footprint.key 
298528     INFO  main            d.u.i.k.p.i.AbstractProblemLoader Loading environment from /home/runner/work/key/key/key.core/../key.ui/examples/heap/list/MySet_footprint.key 
298528     DEBUG main            d.u.i.k.p.i.AbstractProblemLoader Environment load took 175.7ns 
298529     INFO  main            d.u.i.k.p.i.AbstractProblemLoader Creating init config 
299659     DEBUG main            d.u.i.k.j.r.ClassPreparationMethodBuilder clPrepBuilder: Inner Class detected. Reject building class initialisation methods. 
302148     DEBUG main            d.u.i.k.p.i.AbstractProblemLoader Init config took 3.62s 
302203     INFO  main            d.u.i.k.p.i.AbstractProblemLoader Replaying proof MySet[MySet::$footprint()].JML accessible clause.0 
302205     DEBUG main            d.u.i.k.p.i.IntermediateProofReplayer Proof replay took 8.2ns 
302507     INFO  main            d.u.i.k.p.r.p.TestFile    ... finished proof: closed. 
302936     INFO  main            d.u.i.k.p.i.AbstractProblemLoader Loading environment from /home/runner/work/key/key/key.core/../key.ui/examples/heap/list/MySet_footprint.key.proof 
302936     DEBUG main            d.u.i.k.p.i.AbstractProblemLoader Environment load took 120ns 
302938     INFO  main            d.u.i.k.p.i.AbstractProblemLoader Creating init config 
304093     DEBUG main            d.u.i.k.j.r.ClassPreparationMethodBuilder clPrepBuilder: Inner Class detected. Reject building class initialisation methods. 
306549     DEBUG main            d.u.i.k.p.i.AbstractProblemLoader Init config took 3.61s 
306604     INFO  main            d.u.i.k.p.i.AbstractProblemLoader Replaying proof MySet[MySet::$footprint()].JML accessible clause.0 
306633     DEBUG main            d.u.i.k.p.i.IntermediateProofReplayer Proof replay took 25.97ms 
306634     DEBUG main            d.u.i.k.p.r.p.TestFile    ... success: reloaded. 
306636     INFO  main            d.u.i.k.p.r.p.TestFile    Now processing file /home/runner/work/key/key/key.core/../key.ui/examples/heap/list/MySet_MySet.key 
306636     INFO  main            d.u.i.k.p.i.AbstractProblemLoader Loading environment from /home/runner/work/key/key/key.core/../key.ui/examples/heap/list/MySet_MySet.key 
306636     DEBUG main            d.u.i.k.p.i.AbstractProblemLoader Environment load took 98ns 
306637     INFO  main            d.u.i.k.p.i.AbstractProblemLoader Creating init config 
307800     DEBUG main            d.u.i.k.j.r.ClassPreparationMethodBuilder clPrepBuilder: Inner Class detected. Reject building class initialisation methods. 
310290     DEBUG main            d.u.i.k.p.i.AbstractProblemLoader Init config took 3.65s 
310349     INFO  main            d.u.i.k.p.i.AbstractProblemLoader Replaying proof MySet[MySet::MySet()].JML normal_behavior operation contract.0 
310351     DEBUG main            d.u.i.k.p.i.IntermediateProofReplayer Proof replay took 24.2ns 
313463     INFO  main            d.u.i.k.p.r.p.TestFile    ... finished proof: closed. 
313983     INFO  main            d.u.i.k.p.i.AbstractProblemLoader Loading environment from /home/runner/work/key/key/key.core/../key.ui/examples/heap/list/MySet_MySet.key.proof 
313983     DEBUG main            d.u.i.k.p.i.AbstractProblemLoader Environment load took 127.8ns 
313984     INFO  main            d.u.i.k.p.i.AbstractProblemLoader Creating init config 
315258     DEBUG main            d.u.i.k.j.r.ClassPreparationMethodBuilder clPrepBuilder: Inner Class detected. Reject building class initialisation methods. 
317926     DEBUG main            d.u.i.k.p.i.AbstractProblemLoader Init config took 3.94s 
317986     INFO  main            d.u.i.k.p.i.AbstractProblemLoader Replaying proof MySet[MySet::MySet()].JML normal_behavior operation contract.0 
318376     DEBUG main            d.u.i.k.p.i.IntermediateProofReplayer Proof replay took 372.38ms 
318378     DEBUG main            d.u.i.k.p.r.p.TestFile    ... success: reloaded. 
1426952    INFO  Test worker     d.u.i.k.p.r.p.StatisticsFile Returning from test list 
1426963    INFO  Test worker     d.u.i.k.p.r.p.StatisticsFile Running test list_ghost 
545        INFO  Timeout watchdog d.u.i.k.p.r.p.ForkedTestFileRunner Timeout watcher launched (2000 secs.) 
583        WARN  main            d.u.i.k.s.ProofSettings   The settings in /home/runner/.key/proof-settings.props are *not* read. 
624        INFO  main            d.u.i.k.p.r.p.TestFile    Now processing file /home/runner/work/key/key/key.core/../key.ui/examples/heap/list_ghost/ArrayList_add.key 
765        INFO  main            d.u.i.k.p.i.AbstractProblemLoader Loading environment from /home/runner/work/key/key/key.core/../key.ui/examples/heap/list_ghost/ArrayList_add.key 
787        DEBUG main            d.u.i.k.p.i.AbstractProblemLoader Environment load took 2.91ms 
1107       INFO  main            d.u.i.k.p.i.AbstractProblemLoader Creating init config 
2326       DEBUG main            d.u.i.k.j.TypeConverter   No LDT found for Meta 
2327       DEBUG main            d.u.i.k.j.TypeConverter   No LDT found for Meta 
2333       DEBUG main            d.u.i.k.j.TypeConverter   No LDT found for Meta 
2333       DEBUG main            d.u.i.k.j.TypeConverter   No LDT found for Meta 
4259       DEBUG main            d.u.i.k.j.TypeConverter   No LDT found for JavaBigintExpression 
10590      DEBUG main            d.u.i.k.p.i.AbstractProblemLoader Init config took 9.48s 
10783      INFO  main            d.u.i.k.p.i.AbstractProblemLoader Replaying proof ArrayList[List::add(java.lang.Object)].JML normal_behavior operation contract.0 
10833      DEBUG main            d.u.i.k.p.i.IntermediateProofReplayer Proof replay took 35.6ns 
16734      INFO  main            d.u.i.k.p.r.p.TestFile    ... finished proof: closed. 
16939      INFO  main            d.u.i.k.p.i.AbstractProblemLoader Loading environment from /home/runner/work/key/key/key.core/../key.ui/examples/heap/list_ghost/ArrayList_add.key.proof 
16941      DEBUG main            d.u.i.k.p.i.AbstractProblemLoader Environment load took 1.9ms 
16946      INFO  main            d.u.i.k.p.i.AbstractProblemLoader Creating init config 
20490      DEBUG main            d.u.i.k.p.i.AbstractProblemLoader Init config took 3.54s 
20572      INFO  main            d.u.i.k.p.i.AbstractProblemLoader Replaying proof ArrayList[List::add(java.lang.Object)].JML normal_behavior operation contract.0 
21229      DEBUG main            d.u.i.k.p.i.IntermediateProofReplayer Proof replay took 627.57ms 
21240      DEBUG main            d.u.i.k.p.r.p.TestFile    ... success: reloaded. 
21242      INFO  main            d.u.i.k.p.r.p.TestFile    Now processing file /home/runner/work/key/key/key.core/../key.ui/examples/heap/list_ghost/ArrayList_ArrayList.key 
21243      INFO  main            d.u.i.k.p.i.AbstractProblemLoader Loading environment from /home/runner/work/key/key/key.core/../key.ui/examples/heap/list_ghost/ArrayList_ArrayList.key 
21244      DEBUG main            d.u.i.k.p.i.AbstractProblemLoader Environment load took 604.81ns 
21245      INFO  main            d.u.i.k.p.i.AbstractProblemLoader Creating init config 
24579      DEBUG main            d.u.i.k.p.i.AbstractProblemLoader Init config took 3.33s 
24652      INFO  main            d.u.i.k.p.i.AbstractProblemLoader Replaying proof ArrayList[ArrayList::ArrayList()].JML normal_behavior operation contract.0 
24655      DEBUG main            d.u.i.k.p.i.IntermediateProofReplayer Proof replay took 6.1ns 
25963      INFO  main            d.u.i.k.p.r.p.TestFile    ... finished proof: closed. 
26138      INFO  main            d.u.i.k.p.i.AbstractProblemLoader Loading environment from /home/runner/work/key/key/key.core/../key.ui/examples/heap/list_ghost/ArrayList_ArrayList.key.proof 
26138      DEBUG main            d.u.i.k.p.i.AbstractProblemLoader Environment load took 179.8ns 
26143      INFO  main            d.u.i.k.p.i.AbstractProblemLoader Creating init config 
29330      DEBUG main            d.u.i.k.p.i.AbstractProblemLoader Init config took 3.19s 
29399      INFO  main            d.u.i.k.p.i.AbstractProblemLoader Replaying proof ArrayList[ArrayList::ArrayList()].JML normal_behavior operation contract.0 
29616      DEBUG main            d.u.i.k.p.i.IntermediateProofReplayer Proof replay took 206.1ms 
29618      DEBUG main            d.u.i.k.p.r.p.TestFile    ... success: reloaded. 
29619      INFO  main            d.u.i.k.p.r.p.TestFile    Now processing file /home/runner/work/key/key/key.core/../key.ui/examples/heap/list_ghost/ArrayList_enlarge.key 
29620      INFO  main            d.u.i.k.p.i.AbstractProblemLoader Loading environment from /home/runner/work/key/key/key.core/../key.ui/examples/heap/list_ghost/ArrayList_enlarge.key 
29620      DEBUG main            d.u.i.k.p.i.AbstractProblemLoader Environment load took 256.6ns 
29621      INFO  main            d.u.i.k.p.i.AbstractProblemLoader Creating init config 
32773      DEBUG main            d.u.i.k.p.i.AbstractProblemLoader Init config took 3.15s 
32831      INFO  main            d.u.i.k.p.i.AbstractProblemLoader Replaying proof ArrayList[ArrayList::enlarge()].JML normal_behavior operation contract.0 
32833      DEBUG main            d.u.i.k.p.i.IntermediateProofReplayer Proof replay took 6.9ns 
35358      INFO  main            d.u.i.k.p.r.p.TestFile    ... finished proof: closed. 
35570      INFO  main            d.u.i.k.p.i.AbstractProblemLoader Loading environment from /home/runner/work/key/key/key.core/../key.ui/examples/heap/list_ghost/ArrayList_enlarge.key.proof 
35571      DEBUG main            d.u.i.k.p.i.AbstractProblemLoader Environment load took 617.91ns 
35576      INFO  main            d.u.i.k.p.i.AbstractProblemLoader Creating init config 
38655      DEBUG main            d.u.i.k.p.i.AbstractProblemLoader Init config took 3.08s 
38731      INFO  main            d.u.i.k.p.i.AbstractProblemLoader Replaying proof ArrayList[ArrayList::enlarge()].JML normal_behavior operation contract.0 
39163      DEBUG main            d.u.i.k.p.i.IntermediateProofReplayer Proof replay took 408.13ms 
39165      DEBUG main            d.u.i.k.p.r.p.TestFile    ... success: reloaded. 
39166      INFO  main            d.u.i.k.p.r.p.TestFile    Now processing file /home/runner/work/key/key/key.core/../key.ui/examples/heap/list_ghost/ArrayList_get_dep.key 
39167      INFO  main            d.u.i.k.p.i.AbstractProblemLoader Loading environment from /home/runner/work/key/key/key.core/../key.ui/examples/heap/list_ghost/ArrayList_get_dep.key 
39167      DEBUG main            d.u.i.k.p.i.AbstractProblemLoader Environment load took 242.2ns 
39168      INFO  main            d.u.i.k.p.i.AbstractProblemLoader Creating init config 
42222      DEBUG main            d.u.i.k.p.i.AbstractProblemLoader Init config took 3.05s 
42281      INFO  main            d.u.i.k.p.i.AbstractProblemLoader Replaying proof ArrayList[List::get(int)].JML accessible clause.0 
42285      DEBUG main            d.u.i.k.p.i.IntermediateProofReplayer Proof replay took 6.5ns 
42689      INFO  main            d.u.i.k.p.r.p.TestFile    ... finished proof: closed. 
42903      INFO  main            d.u.i.k.p.i.AbstractProblemLoader Loading environment from /home/runner/work/key/key/key.core/../key.ui/examples/heap/list_ghost/ArrayList_get_dep.key.proof 
42904      DEBUG main            d.u.i.k.p.i.AbstractProblemLoader Environment load took 238.5ns 
42905      INFO  main            d.u.i.k.p.i.AbstractProblemLoader Creating init config 
45979      DEBUG main            d.u.i.k.p.i.AbstractProblemLoader Init config took 3.07s 
46071      INFO  main            d.u.i.k.p.i.AbstractProblemLoader Replaying proof ArrayList[List::get(int)].JML accessible clause.0 
46166      DEBUG main            d.u.i.k.p.i.IntermediateProofReplayer Proof replay took 87.38ms 
46169      DEBUG main            d.u.i.k.p.r.p.TestFile    ... success: reloaded. 
46170      INFO  main            d.u.i.k.p.r.p.TestFile    Now processing file /home/runner/work/key/key/key.core/../key.ui/examples/heap/list_ghost/ArrayList_get_exceptional.key 
46171      INFO  main            d.u.i.k.p.i.AbstractProblemLoader Loading environment from /home/runner/work/key/key/key.core/../key.ui/examples/heap/list_ghost/ArrayList_get_exceptional.key 
46171      DEBUG main            d.u.i.k.p.i.AbstractProblemLoader Environment load took 274.2ns 
46172      INFO  main            d.u.i.k.p.i.AbstractProblemLoader Creating init config 
49312      DEBUG main            d.u.i.k.p.i.AbstractProblemLoader Init config took 3.14s 
49383      INFO  main            d.u.i.k.p.i.AbstractProblemLoader Replaying proof ArrayList[List::get(int)].JML exceptional_behavior operation contract.0 
49386      DEBUG main            d.u.i.k.p.i.IntermediateProofReplayer Proof replay took 7.3ns 
50301      INFO  main            d.u.i.k.p.r.p.TestFile    ... finished proof: closed. 
50506      INFO  main            d.u.i.k.p.i.AbstractProblemLoader Loading environment from /home/runner/work/key/key/key.core/../key.ui/examples/heap/list_ghost/ArrayList_get_exceptional.key.proof 
50507      DEBUG main            d.u.i.k.p.i.AbstractProblemLoader Environment load took 2.85ms 
50508      INFO  main            d.u.i.k.p.i.AbstractProblemLoader Creating init config 
53480      DEBUG main            d.u.i.k.p.i.AbstractProblemLoader Init config took 2.97s 
53536      INFO  main            d.u.i.k.p.i.AbstractProblemLoader Replaying proof ArrayList[List::get(int)].JML exceptional_behavior operation contract.0 
53698      DEBUG main            d.u.i.k.p.i.IntermediateProofReplayer Proof replay took 154.93ms 
53700      DEBUG main            d.u.i.k.p.r.p.TestFile    ... success: reloaded. 
53701      INFO  main            d.u.i.k.p.r.p.TestFile    Now processing file /home/runner/work/key/key/key.core/../key.ui/examples/heap/list_ghost/ArrayList_get_normal.key 
53701      INFO  main            d.u.i.k.p.i.AbstractProblemLoader Loading environment from /home/runner/work/key/key/key.core/../key.ui/examples/heap/list_ghost/ArrayList_get_normal.key 
53702      DEBUG main            d.u.i.k.p.i.AbstractProblemLoader Environment load took 377.1ns 
53703      INFO  main            d.u.i.k.p.i.AbstractProblemLoader Creating init config 
56883      DEBUG main            d.u.i.k.p.i.AbstractProblemLoader Init config took 3.18s 
56935      INFO  main            d.u.i.k.p.i.AbstractProblemLoader Replaying proof ArrayList[List::get(int)].JML normal_behavior operation contract.0 
56938      DEBUG main            d.u.i.k.p.i.IntermediateProofReplayer Proof replay took 25.2ns 
57242      INFO  main            d.u.i.k.p.r.p.TestFile    ... finished proof: closed. 
57490      INFO  main            d.u.i.k.p.i.AbstractProblemLoader Loading environment from /home/runner/work/key/key/key.core/../key.ui/examples/heap/list_ghost/ArrayList_get_normal.key.proof 
57490      DEBUG main            d.u.i.k.p.i.AbstractProblemLoader Environment load took 150.9ns 
57493      INFO  main            d.u.i.k.p.i.AbstractProblemLoader Creating init config 
60568      DEBUG main            d.u.i.k.p.i.AbstractProblemLoader Init config took 3.08s 
60623      INFO  main            d.u.i.k.p.i.AbstractProblemLoader Replaying proof ArrayList[List::get(int)].JML normal_behavior operation contract.0 
60681      DEBUG main            d.u.i.k.p.i.IntermediateProofReplayer Proof replay took 54.08ms 
60682      DEBUG main            d.u.i.k.p.r.p.TestFile    ... success: reloaded. 
60683      INFO  main            d.u.i.k.p.r.p.TestFile    Now processing file /home/runner/work/key/key/key.core/../key.ui/examples/heap/list_ghost/ArrayList_inv.key 
60684      INFO  main            d.u.i.k.p.i.AbstractProblemLoader Loading environment from /home/runner/work/key/key/key.core/../key.ui/examples/heap/list_ghost/ArrayList_inv.key 
60684      DEBUG main            d.u.i.k.p.i.AbstractProblemLoader Environment load took 161.7ns 
60685      INFO  main            d.u.i.k.p.i.AbstractProblemLoader Creating init config 
63698      DEBUG main            d.u.i.k.p.i.AbstractProblemLoader Init config took 3.01s 
63746      INFO  main            d.u.i.k.p.i.AbstractProblemLoader Replaying proof ArrayList[java.lang.Object::<inv>()].JML accessible clause.0 
63748      DEBUG main            d.u.i.k.p.i.IntermediateProofReplayer Proof replay took 6.9ns 
63853      INFO  main            d.u.i.k.p.r.p.TestFile    ... finished proof: closed. 
64067      INFO  main            d.u.i.k.p.i.AbstractProblemLoader Loading environment from /home/runner/work/key/key/key.core/../key.ui/examples/heap/list_ghost/ArrayList_inv.key.proof 
64067      DEBUG main            d.u.i.k.p.i.AbstractProblemLoader Environment load took 146.9ns 
64068      INFO  main            d.u.i.k.p.i.AbstractProblemLoader Creating init config 
67035      DEBUG main            d.u.i.k.p.i.AbstractProblemLoader Init config took 2.97s 
67084      INFO  main            d.u.i.k.p.i.AbstractProblemLoader Replaying proof ArrayList[java.lang.Object::<inv>()].JML accessible clause.0 
67097      DEBUG main            d.u.i.k.p.i.IntermediateProofReplayer Proof replay took 10.84ms 
67098      DEBUG main            d.u.i.k.p.r.p.TestFile    ... success: reloaded. 
67099      INFO  main            d.u.i.k.p.r.p.TestFile    Now processing file /home/runner/work/key/key/key.core/../key.ui/examples/heap/list_ghost/ArrayList_size_dep.key 
67099      INFO  main            d.u.i.k.p.i.AbstractProblemLoader Loading environment from /home/runner/work/key/key/key.core/../key.ui/examples/heap/list_ghost/ArrayList_size_dep.key 
67100      DEBUG main            d.u.i.k.p.i.AbstractProblemLoader Environment load took 124.3ns 
67101      INFO  main            d.u.i.k.p.i.AbstractProblemLoader Creating init config 
69988      DEBUG main            d.u.i.k.p.i.AbstractProblemLoader Init config took 2.89s 
70069      INFO  main            d.u.i.k.p.i.AbstractProblemLoader Replaying proof ArrayList[List::size()].JML accessible clause.0 
70071      DEBUG main            d.u.i.k.p.i.IntermediateProofReplayer Proof replay took 6.6ns 
70178      INFO  main            d.u.i.k.p.r.p.TestFile    ... finished proof: closed. 
70400      INFO  main            d.u.i.k.p.i.AbstractProblemLoader Loading environment from /home/runner/work/key/key/key.core/../key.ui/examples/heap/list_ghost/ArrayList_size_dep.key.proof 
70400      DEBUG main            d.u.i.k.p.i.AbstractProblemLoader Environment load took 799.51ns 
70402      INFO  main            d.u.i.k.p.i.AbstractProblemLoader Creating init config 
73358      DEBUG main            d.u.i.k.p.i.AbstractProblemLoader Init config took 2.96s 
73410      INFO  main            d.u.i.k.p.i.AbstractProblemLoader Replaying proof ArrayList[List::size()].JML accessible clause.0 
73427      DEBUG main            d.u.i.k.p.i.IntermediateProofReplayer Proof replay took 14.47ms 
73428      DEBUG main            d.u.i.k.p.r.p.TestFile    ... success: reloaded. 
73430      INFO  main            d.u.i.k.p.r.p.TestFile    Now processing file /home/runner/work/key/key/key.core/../key.ui/examples/heap/list_ghost/ArrayList_size.key 
73430      INFO  main            d.u.i.k.p.i.AbstractProblemLoader Loading environment from /home/runner/work/key/key/key.core/../key.ui/examples/heap/list_ghost/ArrayList_size.key 
73431      DEBUG main            d.u.i.k.p.i.AbstractProblemLoader Environment load took 264.8ns 
73432      INFO  main            d.u.i.k.p.i.AbstractProblemLoader Creating init config 
76473      DEBUG main            d.u.i.k.p.i.AbstractProblemLoader Init config took 3.04s 
76522      INFO  main            d.u.i.k.p.i.AbstractProblemLoader Replaying proof ArrayList[List::size()].JML normal_behavior operation contract.0 
76524      DEBUG main            d.u.i.k.p.i.IntermediateProofReplayer Proof replay took 7.9ns 
76629      INFO  main            d.u.i.k.p.r.p.TestFile    ... finished proof: closed. 
76856      INFO  main            d.u.i.k.p.i.AbstractProblemLoader Loading environment from /home/runner/work/key/key/key.core/../key.ui/examples/heap/list_ghost/ArrayList_size.key.proof 
76859      DEBUG main            d.u.i.k.p.i.AbstractProblemLoader Environment load took 2.78ms 
76862      INFO  main            d.u.i.k.p.i.AbstractProblemLoader Creating init config 
79876      DEBUG main            d.u.i.k.p.i.AbstractProblemLoader Init config took 3.01s 
79923      INFO  main            d.u.i.k.p.i.AbstractProblemLoader Replaying proof ArrayList[List::size()].JML normal_behavior operation contract.0 
79940      DEBUG main            d.u.i.k.p.i.IntermediateProofReplayer Proof replay took 13.98ms 
79941      DEBUG main            d.u.i.k.p.r.p.TestFile    ... success: reloaded. 
1507138    INFO  Test worker     d.u.i.k.p.r.p.StatisticsFile Returning from test list_ghost 
1507143    INFO  Test worker     d.u.i.k.p.r.p.StatisticsFile Running test list_recursive 
457        INFO  Timeout watchdog d.u.i.k.p.r.p.ForkedTestFileRunner Timeout watcher launched (2000 secs.) 
472        WARN  main            d.u.i.k.s.ProofSettings   The settings in /home/runner/.key/proof-settings.props are *not* read. 
536        INFO  main            d.u.i.k.p.r.p.TestFile    Now processing file /home/runner/work/key/key/key.core/../key.ui/examples/heap/list_recursiveSpec/ListOperationsNonNull_getNextNN_normal_behavior.key 
687        INFO  main            d.u.i.k.p.i.AbstractProblemLoader Loading environment from /home/runner/work/key/key/key.core/../key.ui/examples/heap/list_recursiveSpec/ListOperationsNonNull_getNextNN_normal_behavior.key 
708        DEBUG main            d.u.i.k.p.i.AbstractProblemLoader Environment load took 2.48ms 
1002       INFO  main            d.u.i.k.p.i.AbstractProblemLoader Creating init config 
2233       DEBUG main            d.u.i.k.j.TypeConverter   No LDT found for Meta 
2235       DEBUG main            d.u.i.k.j.TypeConverter   No LDT found for Meta 
2239       DEBUG main            d.u.i.k.j.TypeConverter   No LDT found for Meta 
2240       DEBUG main            d.u.i.k.j.TypeConverter   No LDT found for Meta 
4299       DEBUG main            d.u.i.k.j.TypeConverter   No LDT found for JavaBigintExpression 
10482      DEBUG main            d.u.i.k.p.i.AbstractProblemLoader Init config took 9.48s 
10657      INFO  main            d.u.i.k.p.i.AbstractProblemLoader Replaying proof ListOperationsNonNull[ListOperationsNonNull::getNextNN(ListNN,int)].JML normal_behavior operation contract.0 
10706      DEBUG main            d.u.i.k.p.i.IntermediateProofReplayer Proof replay took 34.2ns 
12508      INFO  main            d.u.i.k.p.r.p.TestFile    ... finished proof: closed. 
12661      INFO  main            d.u.i.k.p.i.AbstractProblemLoader Loading environment from /home/runner/work/key/key/key.core/../key.ui/examples/heap/list_recursiveSpec/ListOperationsNonNull_getNextNN_normal_behavior.key.proof 
12662      DEBUG main            d.u.i.k.p.i.AbstractProblemLoader Environment load took 918.2ns 
12665      INFO  main            d.u.i.k.p.i.AbstractProblemLoader Creating init config 
16267      DEBUG main            d.u.i.k.p.i.AbstractProblemLoader Init config took 3.6s 
16370      INFO  main            d.u.i.k.p.i.AbstractProblemLoader Replaying proof ListOperationsNonNull[ListOperationsNonNull::getNextNN(ListNN,int)].JML normal_behavior operation contract.0 
16564      DEBUG main            d.u.i.k.p.i.IntermediateProofReplayer Proof replay took 182.77ms 
16573      DEBUG main            d.u.i.k.p.r.p.TestFile    ... success: reloaded. 
16575      INFO  main            d.u.i.k.p.r.p.TestFile    Now processing file /home/runner/work/key/key/key.core/../key.ui/examples/heap/list_recursiveSpec/ListOperationsNonNull_setValueAt_normal_behavior.key 
16576      INFO  main            d.u.i.k.p.i.AbstractProblemLoader Loading environment from /home/runner/work/key/key/key.core/../key.ui/examples/heap/list_recursiveSpec/ListOperationsNonNull_setValueAt_normal_behavior.key 
16576      DEBUG main            d.u.i.k.p.i.AbstractProblemLoader Environment load took 326.7ns 
16579      INFO  main            d.u.i.k.p.i.AbstractProblemLoader Creating init config 
20152      DEBUG main            d.u.i.k.p.i.AbstractProblemLoader Init config took 3.57s 
20241      INFO  main            d.u.i.k.p.i.AbstractProblemLoader Replaying proof ListOperationsNonNull[ListOperationsNonNull::setValueAt_NN(ListNN,int,int)].JML normal_behavior operation contract.0 
20245      DEBUG main            d.u.i.k.p.i.IntermediateProofReplayer Proof replay took 7.7ns 
20295      DEBUG main            d.u.i.k.m.s.ProofScriptEngine [1] goal: 0, source line: 51, command: 'macro autopilot' 
23608      DEBUG main            d.u.i.k.m.s.ProofScriptEngine [2] goal: 79, source line: 52, command: 'macro simp-upd' 
23618      DEBUG main            d.u.i.k.m.s.ProofScriptEngine [3] goal: 1451, source line: 53, command: 'rule observerDependencyEQ' 
23640      DEBUG main            d.u.i.k.m.s.ProofScriptEngine [4] goal: 1452, source line: 54, command: 'tryclose' 
23732      INFO  main            d.u.i.k.p.r.p.TestFile    ... finished proof: closed. 
23901      INFO  main            d.u.i.k.p.i.AbstractProblemLoader Loading environment from /home/runner/work/key/key/key.core/../key.ui/examples/heap/list_recursiveSpec/ListOperationsNonNull_setValueAt_normal_behavior.key.proof 
23902      DEBUG main            d.u.i.k.p.i.AbstractProblemLoader Environment load took 1.55ms 
23905      INFO  main            d.u.i.k.p.i.AbstractProblemLoader Creating init config 
27299      DEBUG main            d.u.i.k.p.i.AbstractProblemLoader Init config took 3.39s 
27369      INFO  main            d.u.i.k.p.i.AbstractProblemLoader Replaying proof ListOperationsNonNull[ListOperationsNonNull::setValueAt_NN(ListNN,int,int)].JML normal_behavior operation contract.0 
27543      DEBUG main            d.u.i.k.p.i.IntermediateProofReplayer Proof replay took 167.03ms 
27545      DEBUG main            d.u.i.k.p.r.p.TestFile    ... success: reloaded. 
1534887    INFO  Test worker     d.u.i.k.p.r.p.StatisticsFile Returning from test list_recursive 
1534893    INFO  Test worker     d.u.i.k.p.r.p.StatisticsFile Running test list_seq 
528        WARN  main            d.u.i.k.s.ProofSettings   The settings in /home/runner/.key/proof-settings.props are *not* read. 
522        INFO  Timeout watchdog d.u.i.k.p.r.p.ForkedTestFileRunner Timeout watcher launched (2000 secs.) 
591        INFO  main            d.u.i.k.p.r.p.TestFile    Now processing file /home/runner/work/key/key/key.core/../key.ui/examples/heap/list_seq/SimplifiedLinkedList.remove.key 
781        INFO  main            d.u.i.k.p.i.AbstractProblemLoader Loading environment from /home/runner/work/key/key/key.core/../key.ui/examples/heap/list_seq/SimplifiedLinkedList.remove.key 
800        DEBUG main            d.u.i.k.p.i.AbstractProblemLoader Environment load took 2.47ms 
1100       INFO  main            d.u.i.k.p.i.AbstractProblemLoader Creating init config 
2409       DEBUG main            d.u.i.k.j.TypeConverter   No LDT found for Meta 
2410       DEBUG main            d.u.i.k.j.TypeConverter   No LDT found for Meta 
2414       DEBUG main            d.u.i.k.j.TypeConverter   No LDT found for Meta 
2414       DEBUG main            d.u.i.k.j.TypeConverter   No LDT found for Meta 
3910       DEBUG main            d.u.i.k.j.TypeConverter   No LDT found for JavaBigintExpression 
11061      DEBUG main            d.u.i.k.p.i.AbstractProblemLoader Init config took 9.96s 
11317      INFO  main            d.u.i.k.p.i.AbstractProblemLoader Replaying proof SimplifiedLinkedList[SimplifiedLinkedList::remove(int)].JML normal_behavior operation contract.0 
11413      DEBUG main            d.u.i.k.p.i.IntermediateProofReplayer Proof replay took 48.6ns 
95115      INFO  main            d.u.i.k.p.r.p.TestFile    ... finished proof: closed. 
95595      INFO  main            d.u.i.k.p.i.AbstractProblemLoader Loading environment from /home/runner/work/key/key/key.core/../key.ui/examples/heap/list_seq/SimplifiedLinkedList.remove.key.proof 
95596      DEBUG main            d.u.i.k.p.i.AbstractProblemLoader Environment load took 687.4ns 
95624      INFO  main            d.u.i.k.p.i.AbstractProblemLoader Creating init config 
99651      DEBUG main            d.u.i.k.p.i.AbstractProblemLoader Init config took 4.03s 
99765      INFO  main            d.u.i.k.p.i.AbstractProblemLoader Replaying proof SimplifiedLinkedList[SimplifiedLinkedList::remove(int)].JML normal_behavior operation contract.0 
103154     DEBUG main            d.u.i.k.p.i.IntermediateProofReplayer Proof replay took 3.04s 
103248     DEBUG main            d.u.i.k.p.r.p.TestFile    ... success: reloaded. 
103255     INFO  main            d.u.i.k.p.r.p.TestFile    Now processing file /home/runner/work/key/key/key.core/../key.ui/examples/heap/list_seq/ArrayList.ArrayList.key 
103256     INFO  main            d.u.i.k.p.i.AbstractProblemLoader Loading environment from /home/runner/work/key/key/key.core/../key.ui/examples/heap/list_seq/ArrayList.ArrayList.key 
103256     DEBUG main            d.u.i.k.p.i.AbstractProblemLoader Environment load took 292.2ns 
103261     INFO  main            d.u.i.k.p.i.AbstractProblemLoader Creating init config 
107275     DEBUG main            d.u.i.k.p.i.AbstractProblemLoader Init config took 4.01s 
107385     INFO  main            d.u.i.k.p.i.AbstractProblemLoader Replaying proof ArrayList[ArrayList::ArrayList()].JML normal_behavior operation contract.0 
107388     DEBUG main            d.u.i.k.p.i.IntermediateProofReplayer Proof replay took 6.5ns 
108407     INFO  main            d.u.i.k.p.r.p.TestFile    ... finished proof: closed. 
108644     INFO  main            d.u.i.k.p.i.AbstractProblemLoader Loading environment from /home/runner/work/key/key/key.core/../key.ui/examples/heap/list_seq/ArrayList.ArrayList.key.proof 
108646     DEBUG main            d.u.i.k.p.i.AbstractProblemLoader Environment load took 1.42ms 
108649     INFO  main            d.u.i.k.p.i.AbstractProblemLoader Creating init config 
112394     DEBUG main            d.u.i.k.p.i.AbstractProblemLoader Init config took 3.74s 
112521     INFO  main            d.u.i.k.p.i.AbstractProblemLoader Replaying proof ArrayList[ArrayList::ArrayList()].JML normal_behavior operation contract.0 
112719     DEBUG main            d.u.i.k.p.i.IntermediateProofReplayer Proof replay took 192.05ms 
112721     DEBUG main            d.u.i.k.p.r.p.TestFile    ... success: reloaded. 
112723     INFO  main            d.u.i.k.p.r.p.TestFile    Now processing file /home/runner/work/key/key/key.core/../key.ui/examples/heap/list_seq/ArrayList.add.key 
112723     INFO  main            d.u.i.k.p.i.AbstractProblemLoader Loading environment from /home/runner/work/key/key/key.core/../key.ui/examples/heap/list_seq/ArrayList.add.key 
112724     DEBUG main            d.u.i.k.p.i.AbstractProblemLoader Environment load took 170.2ns 
112726     INFO  main            d.u.i.k.p.i.AbstractProblemLoader Creating init config 
116459     DEBUG main            d.u.i.k.p.i.AbstractProblemLoader Init config took 3.73s 
116583     INFO  main            d.u.i.k.p.i.AbstractProblemLoader Replaying proof ArrayList[List::add(java.lang.Object)].JML normal_behavior operation contract.0 
116586     DEBUG main            d.u.i.k.p.i.IntermediateProofReplayer Proof replay took 6.2ns 
120818     INFO  main            d.u.i.k.p.r.p.TestFile    ... finished proof: closed. 
121046     INFO  main            d.u.i.k.p.i.AbstractProblemLoader Loading environment from /home/runner/work/key/key/key.core/../key.ui/examples/heap/list_seq/ArrayList.add.key.proof 
121047     DEBUG main            d.u.i.k.p.i.AbstractProblemLoader Environment load took 636.71ns 
121049     INFO  main            d.u.i.k.p.i.AbstractProblemLoader Creating init config 
124647     DEBUG main            d.u.i.k.p.i.AbstractProblemLoader Init config took 3.6s 
124756     INFO  main            d.u.i.k.p.i.AbstractProblemLoader Replaying proof ArrayList[List::add(java.lang.Object)].JML normal_behavior operation contract.0 
125058     DEBUG main            d.u.i.k.p.i.IntermediateProofReplayer Proof replay took 288.5ms 
125060     DEBUG main            d.u.i.k.p.r.p.TestFile    ... success: reloaded. 
125061     INFO  main            d.u.i.k.p.r.p.TestFile    Now processing file /home/runner/work/key/key/key.core/../key.ui/examples/heap/list_seq/ArrayList.contains.key 
125061     INFO  main            d.u.i.k.p.i.AbstractProblemLoader Loading environment from /home/runner/work/key/key/key.core/../key.ui/examples/heap/list_seq/ArrayList.contains.key 
125062     DEBUG main            d.u.i.k.p.i.AbstractProblemLoader Environment load took 303.2ns 
125063     INFO  main            d.u.i.k.p.i.AbstractProblemLoader Creating init config 
128776     DEBUG main            d.u.i.k.p.i.AbstractProblemLoader Init config took 3.71s 
128878     INFO  main            d.u.i.k.p.i.AbstractProblemLoader Replaying proof ArrayList[List::contains(java.lang.Object)].JML normal_behavior operation contract.0 
128880     DEBUG main            d.u.i.k.p.i.IntermediateProofReplayer Proof replay took 6.3ns 
130890     INFO  main            d.u.i.k.p.r.p.TestFile    ... finished proof: closed. 
131146     INFO  main            d.u.i.k.p.i.AbstractProblemLoader Loading environment from /home/runner/work/key/key/key.core/../key.ui/examples/heap/list_seq/ArrayList.contains.key.proof 
131147     DEBUG main            d.u.i.k.p.i.AbstractProblemLoader Environment load took 859.31ns 
131149     INFO  main            d.u.i.k.p.i.AbstractProblemLoader Creating init config 
134788     DEBUG main            d.u.i.k.p.i.AbstractProblemLoader Init config took 3.64s 
134877     INFO  main            d.u.i.k.p.i.AbstractProblemLoader Replaying proof ArrayList[List::contains(java.lang.Object)].JML normal_behavior operation contract.0 
135099     DEBUG main            d.u.i.k.p.i.IntermediateProofReplayer Proof replay took 214.16ms 
135101     DEBUG main            d.u.i.k.p.r.p.TestFile    ... success: reloaded. 
135102     INFO  main            d.u.i.k.p.r.p.TestFile    Now processing file /home/runner/work/key/key/key.core/../key.ui/examples/heap/list_seq/ArrayList.enlarge.key 
135102     INFO  main            d.u.i.k.p.i.AbstractProblemLoader Loading environment from /home/runner/work/key/key/key.core/../key.ui/examples/heap/list_seq/ArrayList.enlarge.key 
135103     DEBUG main            d.u.i.k.p.i.AbstractProblemLoader Environment load took 270.5ns 
135104     INFO  main            d.u.i.k.p.i.AbstractProblemLoader Creating init config 
138633     DEBUG main            d.u.i.k.p.i.AbstractProblemLoader Init config took 3.53s 
138752     INFO  main            d.u.i.k.p.i.AbstractProblemLoader Replaying proof ArrayList[ArrayList::enlarge()].JML normal_behavior operation contract.0 
138754     DEBUG main            d.u.i.k.p.i.IntermediateProofReplayer Proof replay took 7.2ns 
141266     INFO  main            d.u.i.k.p.r.p.TestFile    ... finished proof: closed. 
141511     INFO  main            d.u.i.k.p.i.AbstractProblemLoader Loading environment from /home/runner/work/key/key/key.core/../key.ui/examples/heap/list_seq/ArrayList.enlarge.key.proof 
141512     DEBUG main            d.u.i.k.p.i.AbstractProblemLoader Environment load took 679.21ns 
141514     INFO  main            d.u.i.k.p.i.AbstractProblemLoader Creating init config 
145015     DEBUG main            d.u.i.k.p.i.AbstractProblemLoader Init config took 3.5s 
145119     INFO  main            d.u.i.k.p.i.AbstractProblemLoader Replaying proof ArrayList[ArrayList::enlarge()].JML normal_behavior operation contract.0 
145399     DEBUG main            d.u.i.k.p.i.IntermediateProofReplayer Proof replay took 272.34ms 
145402     DEBUG main            d.u.i.k.p.r.p.TestFile    ... success: reloaded. 
145403     INFO  main            d.u.i.k.p.r.p.TestFile    Now processing file /home/runner/work/key/key/key.core/../key.ui/examples/heap/list_seq/ArrayList.get.key 
145403     INFO  main            d.u.i.k.p.i.AbstractProblemLoader Loading environment from /home/runner/work/key/key/key.core/../key.ui/examples/heap/list_seq/ArrayList.get.key 
145404     DEBUG main            d.u.i.k.p.i.AbstractProblemLoader Environment load took 272.8ns 
145405     INFO  main            d.u.i.k.p.i.AbstractProblemLoader Creating init config 
148927     DEBUG main            d.u.i.k.p.i.AbstractProblemLoader Init config took 3.52s 
149021     INFO  main            d.u.i.k.p.i.AbstractProblemLoader Replaying proof ArrayList[List::get(int)].JML normal_behavior operation contract.0 
149023     DEBUG main            d.u.i.k.p.i.IntermediateProofReplayer Proof replay took 8.3ns 
149627     INFO  main            d.u.i.k.p.r.p.TestFile    ... finished proof: closed. 
149917     INFO  main            d.u.i.k.p.i.AbstractProblemLoader Loading environment from /home/runner/work/key/key/key.core/../key.ui/examples/heap/list_seq/ArrayList.get.key.proof 
149918     DEBUG main            d.u.i.k.p.i.AbstractProblemLoader Environment load took 659.4ns 
149919     INFO  main            d.u.i.k.p.i.AbstractProblemLoader Creating init config 
153342     DEBUG main            d.u.i.k.p.i.AbstractProblemLoader Init config took 3.42s 
153426     INFO  main            d.u.i.k.p.i.AbstractProblemLoader Replaying proof ArrayList[List::get(int)].JML normal_behavior operation contract.0 
153486     DEBUG main            d.u.i.k.p.i.IntermediateProofReplayer Proof replay took 55.01ms 
153488     DEBUG main            d.u.i.k.p.r.p.TestFile    ... success: reloaded. 
153489     INFO  main            d.u.i.k.p.r.p.TestFile    Now processing file /home/runner/work/key/key/key.core/../key.ui/examples/heap/list_seq/ArrayList.newArray.key 
153489     INFO  main            d.u.i.k.p.i.AbstractProblemLoader Loading environment from /home/runner/work/key/key/key.core/../key.ui/examples/heap/list_seq/ArrayList.newArray.key 
153489     DEBUG main            d.u.i.k.p.i.AbstractProblemLoader Environment load took 302.6ns 
153491     INFO  main            d.u.i.k.p.i.AbstractProblemLoader Creating init config 
157103     DEBUG main            d.u.i.k.p.i.AbstractProblemLoader Init config took 3.61s 
157206     INFO  main            d.u.i.k.p.i.AbstractProblemLoader Replaying proof ArrayList[ArrayList::newArray(int)].JML normal_behavior operation contract.0 
157208     DEBUG main            d.u.i.k.p.i.IntermediateProofReplayer Proof replay took 23.2ns 
157513     INFO  main            d.u.i.k.p.r.p.TestFile    ... finished proof: closed. 
157773     INFO  main            d.u.i.k.p.i.AbstractProblemLoader Loading environment from /home/runner/work/key/key/key.core/../key.ui/examples/heap/list_seq/ArrayList.newArray.key.proof 
157774     DEBUG main            d.u.i.k.p.i.AbstractProblemLoader Environment load took 658.4ns 
157775     INFO  main            d.u.i.k.p.i.AbstractProblemLoader Creating init config 
161269     DEBUG main            d.u.i.k.p.i.AbstractProblemLoader Init config took 3.49s 
161359     INFO  main            d.u.i.k.p.i.AbstractProblemLoader Replaying proof ArrayList[ArrayList::newArray(int)].JML normal_behavior operation contract.0 
161425     DEBUG main            d.u.i.k.p.i.IntermediateProofReplayer Proof replay took 61.56ms 
161427     DEBUG main            d.u.i.k.p.r.p.TestFile    ... success: reloaded. 
161428     INFO  main            d.u.i.k.p.r.p.TestFile    Now processing file /home/runner/work/key/key/key.core/../key.ui/examples/heap/list_seq/ArrayList.remove.0.key 
161429     INFO  main            d.u.i.k.p.i.AbstractProblemLoader Loading environment from /home/runner/work/key/key/key.core/../key.ui/examples/heap/list_seq/ArrayList.remove.0.key 
161430     DEBUG main            d.u.i.k.p.i.AbstractProblemLoader Environment load took 923.4ns 
161431     INFO  main            d.u.i.k.p.i.AbstractProblemLoader Creating init config 
165019     DEBUG main            d.u.i.k.p.i.AbstractProblemLoader Init config took 3.59s 
165103     INFO  main            d.u.i.k.p.i.AbstractProblemLoader Replaying proof ArrayList[List::remove(java.lang.Object)].JML normal_behavior operation contract.0 
165105     DEBUG main            d.u.i.k.p.i.IntermediateProofReplayer Proof replay took 7.3ns 
167536     INFO  main            d.u.i.k.p.r.p.TestFile    ... finished proof: closed. 
167811     INFO  main            d.u.i.k.p.i.AbstractProblemLoader Loading environment from /home/runner/work/key/key/key.core/../key.ui/examples/heap/list_seq/ArrayList.remove.0.key.proof 
167812     DEBUG main            d.u.i.k.p.i.AbstractProblemLoader Environment load took 296.1ns 
167813     INFO  main            d.u.i.k.p.i.AbstractProblemLoader Creating init config 
171257     DEBUG main            d.u.i.k.p.i.AbstractProblemLoader Init config took 3.44s 
171356     INFO  main            d.u.i.k.p.i.AbstractProblemLoader Replaying proof ArrayList[List::remove(java.lang.Object)].JML normal_behavior operation contract.0 
171761     DEBUG main            d.u.i.k.p.i.IntermediateProofReplayer Proof replay took 397.66ms 
171763     DEBUG main            d.u.i.k.p.r.p.TestFile    ... success: reloaded. 
171764     INFO  main            d.u.i.k.p.r.p.TestFile    Now processing file /home/runner/work/key/key/key.core/../key.ui/examples/heap/list_seq/ArrayList.remove.1.key 
171764     INFO  main            d.u.i.k.p.i.AbstractProblemLoader Loading environment from /home/runner/work/key/key/key.core/../key.ui/examples/heap/list_seq/ArrayList.remove.1.key 
171764     DEBUG main            d.u.i.k.p.i.AbstractProblemLoader Environment load took 100.6ns 
171766     INFO  main            d.u.i.k.p.i.AbstractProblemLoader Creating init config 
175335     DEBUG main            d.u.i.k.p.i.AbstractProblemLoader Init config took 3.57s 
175438     INFO  main            d.u.i.k.p.i.AbstractProblemLoader Replaying proof ArrayList[List::remove(java.lang.Object)].JML normal_behavior operation contract.1 
175442     DEBUG main            d.u.i.k.p.i.IntermediateProofReplayer Proof replay took 7.9ns 
189910     INFO  main            d.u.i.k.p.r.p.TestFile    ... finished proof: closed. 
190274     INFO  main            d.u.i.k.p.i.AbstractProblemLoader Loading environment from /home/runner/work/key/key/key.core/../key.ui/examples/heap/list_seq/ArrayList.remove.1.key.proof 
190275     DEBUG main            d.u.i.k.p.i.AbstractProblemLoader Environment load took 365.6ns 
190278     INFO  main            d.u.i.k.p.i.AbstractProblemLoader Creating init config 
193873     DEBUG main            d.u.i.k.p.i.AbstractProblemLoader Init config took 3.6s 
193955     INFO  main            d.u.i.k.p.i.AbstractProblemLoader Replaying proof ArrayList[List::remove(java.lang.Object)].JML normal_behavior operation contract.1 
195050     DEBUG main            d.u.i.k.p.i.IntermediateProofReplayer Proof replay took 1.06s 
195053     DEBUG main            d.u.i.k.p.r.p.TestFile    ... success: reloaded. 
1730186    INFO  Test worker     d.u.i.k.p.r.p.StatisticsFile Returning from test list_seq 
1730190    INFO  Test worker     d.u.i.k.p.r.p.StatisticsFile Running test observer 
511        INFO  Timeout watchdog d.u.i.k.p.r.p.ForkedTestFileRunner Timeout watcher launched (2000 secs.) 
535        WARN  main            d.u.i.k.s.ProofSettings   The settings in /home/runner/.key/proof-settings.props are *not* read. 
593        INFO  main            d.u.i.k.p.r.p.TestFile    Now processing file /home/runner/work/key/key/key.core/../key.ui/examples/heap/observer/ExampleObserver_ExampleObserver.key 
734        INFO  main            d.u.i.k.p.i.AbstractProblemLoader Loading environment from /home/runner/work/key/key/key.core/../key.ui/examples/heap/observer/ExampleObserver_ExampleObserver.key 
753        DEBUG main            d.u.i.k.p.i.AbstractProblemLoader Environment load took 2.42ms 
1043       INFO  main            d.u.i.k.p.i.AbstractProblemLoader Creating init config 
2190       DEBUG main            d.u.i.k.j.TypeConverter   No LDT found for Meta 
2191       DEBUG main            d.u.i.k.j.TypeConverter   No LDT found for Meta 
2196       DEBUG main            d.u.i.k.j.TypeConverter   No LDT found for Meta 
2197       DEBUG main            d.u.i.k.j.TypeConverter   No LDT found for Meta 
4029       DEBUG main            d.u.i.k.j.TypeConverter   No LDT found for JavaBigintExpression 
10792      DEBUG main            d.u.i.k.p.i.AbstractProblemLoader Init config took 9.75s 
10949      INFO  main            d.u.i.k.p.i.AbstractProblemLoader Replaying proof ExampleObserver[ExampleObserver::ExampleObserver(ExampleSubject)].JML normal_behavior operation contract.0 
11063      DEBUG main            d.u.i.k.p.i.IntermediateProofReplayer Proof replay took 62.8ns 
12194      INFO  main            d.u.i.k.p.r.p.TestFile    ... finished proof: closed. 
12371      INFO  main            d.u.i.k.p.i.AbstractProblemLoader Loading environment from /home/runner/work/key/key/key.core/../key.ui/examples/heap/observer/ExampleObserver_ExampleObserver.key.proof 
12372      DEBUG main            d.u.i.k.p.i.AbstractProblemLoader Environment load took 555.11ns 
12379      INFO  main            d.u.i.k.p.i.AbstractProblemLoader Creating init config 
16219      DEBUG main            d.u.i.k.p.i.AbstractProblemLoader Init config took 3.84s 
16309      INFO  main            d.u.i.k.p.i.AbstractProblemLoader Replaying proof ExampleObserver[ExampleObserver::ExampleObserver(ExampleSubject)].JML normal_behavior operation contract.0 
16530      DEBUG main            d.u.i.k.p.i.IntermediateProofReplayer Proof replay took 210.75ms 
16543      DEBUG main            d.u.i.k.p.r.p.TestFile    ... success: reloaded. 
16546      INFO  main            d.u.i.k.p.r.p.TestFile    Now processing file /home/runner/work/key/key/key.core/../key.ui/examples/heap/observer/ExampleObserver_inv.key 
16546      INFO  main            d.u.i.k.p.i.AbstractProblemLoader Loading environment from /home/runner/work/key/key/key.core/../key.ui/examples/heap/observer/ExampleObserver_inv.key 
16547      DEBUG main            d.u.i.k.p.i.AbstractProblemLoader Environment load took 317.1ns 
16549      INFO  main            d.u.i.k.p.i.AbstractProblemLoader Creating init config 
20063      DEBUG main            d.u.i.k.p.i.AbstractProblemLoader Init config took 3.51s 
20158      INFO  main            d.u.i.k.p.i.AbstractProblemLoader Replaying proof ExampleObserver[java.lang.Object::<inv>()].JML accessible clause.0 
20163      DEBUG main            d.u.i.k.p.i.IntermediateProofReplayer Proof replay took 7ns 
20369      INFO  main            d.u.i.k.p.r.p.TestFile    ... finished proof: closed. 
20527      INFO  main            d.u.i.k.p.i.AbstractProblemLoader Loading environment from /home/runner/work/key/key/key.core/../key.ui/examples/heap/observer/ExampleObserver_inv.key.proof 
20528      DEBUG main            d.u.i.k.p.i.AbstractProblemLoader Environment load took 652ns 
20530      INFO  main            d.u.i.k.p.i.AbstractProblemLoader Creating init config 
23969      DEBUG main            d.u.i.k.p.i.AbstractProblemLoader Init config took 3.44s 
24047      INFO  main            d.u.i.k.p.i.AbstractProblemLoader Replaying proof ExampleObserver[java.lang.Object::<inv>()].JML accessible clause.0 
24069      DEBUG main            d.u.i.k.p.i.IntermediateProofReplayer Proof replay took 18.71ms 
24071      DEBUG main            d.u.i.k.p.r.p.TestFile    ... success: reloaded. 
24072      INFO  main            d.u.i.k.p.r.p.TestFile    Now processing file /home/runner/work/key/key/key.core/../key.ui/examples/heap/observer/ExampleObserver_subject.key 
24073      INFO  main            d.u.i.k.p.i.AbstractProblemLoader Loading environment from /home/runner/work/key/key/key.core/../key.ui/examples/heap/observer/ExampleObserver_subject.key 
24073      DEBUG main            d.u.i.k.p.i.AbstractProblemLoader Environment load took 308ns 
24075      INFO  main            d.u.i.k.p.i.AbstractProblemLoader Creating init config 
27521      DEBUG main            d.u.i.k.p.i.AbstractProblemLoader Init config took 3.45s 
27582      INFO  main            d.u.i.k.p.i.AbstractProblemLoader Replaying proof Observer[Observer::$subject()].JML accessible clause.0 
27587      DEBUG main            d.u.i.k.p.i.IntermediateProofReplayer Proof replay took 7.2ns 
27691      INFO  main            d.u.i.k.p.r.p.TestFile    ... finished proof: closed. 
27869      INFO  main            d.u.i.k.p.i.AbstractProblemLoader Loading environment from /home/runner/work/key/key/key.core/../key.ui/examples/heap/observer/ExampleObserver_subject.key.proof 
27869      DEBUG main            d.u.i.k.p.i.AbstractProblemLoader Environment load took 173.5ns 
27871      INFO  main            d.u.i.k.p.i.AbstractProblemLoader Creating init config 
31251      DEBUG main            d.u.i.k.p.i.AbstractProblemLoader Init config took 3.38s 
31324      INFO  main            d.u.i.k.p.i.AbstractProblemLoader Replaying proof Observer[Observer::$subject()].JML accessible clause.0 
31329      DEBUG main            d.u.i.k.p.i.IntermediateProofReplayer Proof replay took 1.85ms 
31330      DEBUG main            d.u.i.k.p.r.p.TestFile    ... success: reloaded. 
31332      INFO  main            d.u.i.k.p.r.p.TestFile    Now processing file /home/runner/work/key/key/key.core/../key.ui/examples/heap/observer/ExampleObserver_update.key 
31332      INFO  main            d.u.i.k.p.i.AbstractProblemLoader Loading environment from /home/runner/work/key/key/key.core/../key.ui/examples/heap/observer/ExampleObserver_update.key 
31332      DEBUG main            d.u.i.k.p.i.AbstractProblemLoader Environment load took 138.2ns 
31333      INFO  main            d.u.i.k.p.i.AbstractProblemLoader Creating init config 
34760      DEBUG main            d.u.i.k.p.i.AbstractProblemLoader Init config took 3.43s 
34824      INFO  main            d.u.i.k.p.i.AbstractProblemLoader Replaying proof ExampleObserver[Observer::update()].JML normal_behavior operation contract.0 
34827      DEBUG main            d.u.i.k.p.i.IntermediateProofReplayer Proof replay took 6.5ns 
35232      INFO  main            d.u.i.k.p.r.p.TestFile    ... finished proof: closed. 
35481      INFO  main            d.u.i.k.p.i.AbstractProblemLoader Loading environment from /home/runner/work/key/key/key.core/../key.ui/examples/heap/observer/ExampleObserver_update.key.proof 
35483      DEBUG main            d.u.i.k.p.i.AbstractProblemLoader Environment load took 1.49ms 
35485      INFO  main            d.u.i.k.p.i.AbstractProblemLoader Creating init config 
38873      DEBUG main            d.u.i.k.p.i.AbstractProblemLoader Init config took 3.39s 
38984      INFO  main            d.u.i.k.p.i.AbstractProblemLoader Replaying proof ExampleObserver[Observer::update()].JML normal_behavior operation contract.0 
39082      DEBUG main            d.u.i.k.p.i.IntermediateProofReplayer Proof replay took 87.58ms 
39083      DEBUG main            d.u.i.k.p.r.p.TestFile    ... success: reloaded. 
39086      INFO  main            d.u.i.k.p.r.p.TestFile    Now processing file /home/runner/work/key/key/key.core/../key.ui/examples/heap/observer/ExampleObserver_upToDate.key 
39086      INFO  main            d.u.i.k.p.i.AbstractProblemLoader Loading environment from /home/runner/work/key/key/key.core/../key.ui/examples/heap/observer/ExampleObserver_upToDate.key 
39086      DEBUG main            d.u.i.k.p.i.AbstractProblemLoader Environment load took 266.3ns 
39088      INFO  main            d.u.i.k.p.i.AbstractProblemLoader Creating init config 
42531      DEBUG main            d.u.i.k.p.i.AbstractProblemLoader Init config took 3.44s 
42590      INFO  main            d.u.i.k.p.i.AbstractProblemLoader Replaying proof ExampleObserver[Observer::$upToDate()].JML accessible clause.0 
42593      DEBUG main            d.u.i.k.p.i.IntermediateProofReplayer Proof replay took 7ns 
42796      INFO  main            d.u.i.k.p.r.p.TestFile    ... finished proof: closed. 
43008      INFO  main            d.u.i.k.p.i.AbstractProblemLoader Loading environment from /home/runner/work/key/key/key.core/../key.ui/examples/heap/observer/ExampleObserver_upToDate.key.proof 
43009      DEBUG main            d.u.i.k.p.i.AbstractProblemLoader Environment load took 1.35ms 
43011      INFO  main            d.u.i.k.p.i.AbstractProblemLoader Creating init config 
46437      DEBUG main            d.u.i.k.p.i.AbstractProblemLoader Init config took 3.43s 
46503      INFO  main            d.u.i.k.p.i.AbstractProblemLoader Replaying proof ExampleObserver[Observer::$upToDate()].JML accessible clause.0 
46531      DEBUG main            d.u.i.k.p.i.IntermediateProofReplayer Proof replay took 24.41ms 
46533      DEBUG main            d.u.i.k.p.r.p.TestFile    ... success: reloaded. 
46535      INFO  main            d.u.i.k.p.r.p.TestFile    Now processing file /home/runner/work/key/key/key.core/../key.ui/examples/heap/observer/ExampleObserver_value.key 
46535      INFO  main            d.u.i.k.p.i.AbstractProblemLoader Loading environment from /home/runner/work/key/key/key.core/../key.ui/examples/heap/observer/ExampleObserver_value.key 
46536      DEBUG main            d.u.i.k.p.i.AbstractProblemLoader Environment load took 415.9ns 
46537      INFO  main            d.u.i.k.p.i.AbstractProblemLoader Creating init config 
50030      DEBUG main            d.u.i.k.p.i.AbstractProblemLoader Init config took 3.49s 
50086      INFO  main            d.u.i.k.p.i.AbstractProblemLoader Replaying proof ExampleObserver[ExampleObserver::value()].JML normal_behavior operation contract.0 
50089      DEBUG main            d.u.i.k.p.i.IntermediateProofReplayer Proof replay took 7.2ns 
50192      INFO  main            d.u.i.k.p.r.p.TestFile    ... finished proof: closed. 
50435      INFO  main            d.u.i.k.p.i.AbstractProblemLoader Loading environment from /home/runner/work/key/key/key.core/../key.ui/examples/heap/observer/ExampleObserver_value.key.proof 
50439      DEBUG main            d.u.i.k.p.i.AbstractProblemLoader Environment load took 3.07ms 
50440      INFO  main            d.u.i.k.p.i.AbstractProblemLoader Creating init config 
53758      DEBUG main            d.u.i.k.p.i.AbstractProblemLoader Init config took 3.32s 
53819      INFO  main            d.u.i.k.p.i.AbstractProblemLoader Replaying proof ExampleObserver[ExampleObserver::value()].JML normal_behavior operation contract.0 
53844      DEBUG main            d.u.i.k.p.i.IntermediateProofReplayer Proof replay took 21.52ms 
53845      DEBUG main            d.u.i.k.p.r.p.TestFile    ... success: reloaded. 
53847      INFO  main            d.u.i.k.p.r.p.TestFile    Now processing file /home/runner/work/key/key/key.core/../key.ui/examples/heap/observer/ExampleSubject_addObserver.key 
53854      INFO  main            d.u.i.k.p.i.AbstractProblemLoader Loading environment from /home/runner/work/key/key/key.core/../key.ui/examples/heap/observer/ExampleSubject_addObserver.key 
53854      DEBUG main            d.u.i.k.p.i.AbstractProblemLoader Environment load took 300.8ns 
53856      INFO  main            d.u.i.k.p.i.AbstractProblemLoader Creating init config 
57229      DEBUG main            d.u.i.k.p.i.AbstractProblemLoader Init config took 3.37s 
57291      INFO  main            d.u.i.k.p.i.AbstractProblemLoader Replaying proof ExampleSubject[Subject::addObserver(Observer)].JML normal_behavior operation contract.0 
57294      DEBUG main            d.u.i.k.p.i.IntermediateProofReplayer Proof replay took 7.7ns 
64833      INFO  main            d.u.i.k.p.r.p.TestFile    ... finished proof: closed. 
65111      INFO  main            d.u.i.k.p.i.AbstractProblemLoader Loading environment from /home/runner/work/key/key/key.core/../key.ui/examples/heap/observer/ExampleSubject_addObserver.key.proof 
65112      DEBUG main            d.u.i.k.p.i.AbstractProblemLoader Environment load took 532.5ns 
65115      INFO  main            d.u.i.k.p.i.AbstractProblemLoader Creating init config 
68378      DEBUG main            d.u.i.k.p.i.AbstractProblemLoader Init config took 3.26s 
68437      INFO  main            d.u.i.k.p.i.AbstractProblemLoader Replaying proof ExampleSubject[Subject::addObserver(Observer)].JML normal_behavior operation contract.0 
69198      DEBUG main            d.u.i.k.p.i.IntermediateProofReplayer Proof replay took 734.3ms 
69201      DEBUG main            d.u.i.k.p.r.p.TestFile    ... success: reloaded. 
69203      INFO  main            d.u.i.k.p.r.p.TestFile    Now processing file /home/runner/work/key/key/key.core/../key.ui/examples/heap/observer/ExampleSubject_change.key 
69203      INFO  main            d.u.i.k.p.i.AbstractProblemLoader Loading environment from /home/runner/work/key/key/key.core/../key.ui/examples/heap/observer/ExampleSubject_change.key 
69204      DEBUG main            d.u.i.k.p.i.AbstractProblemLoader Environment load took 285.9ns 
69205      INFO  main            d.u.i.k.p.i.AbstractProblemLoader Creating init config 
72624      DEBUG main            d.u.i.k.p.i.AbstractProblemLoader Init config took 3.42s 
72681      INFO  main            d.u.i.k.p.i.AbstractProblemLoader Replaying proof ExampleSubject[ExampleSubject::change()].JML normal_behavior operation contract.0 
72684      DEBUG main            d.u.i.k.p.i.IntermediateProofReplayer Proof replay took 24.2ns 
73307      INFO  main            d.u.i.k.p.r.p.TestFile    ... finished proof: closed. 
73545      INFO  main            d.u.i.k.p.i.AbstractProblemLoader Loading environment from /home/runner/work/key/key/key.core/../key.ui/examples/heap/observer/ExampleSubject_change.key.proof 
73545      DEBUG main            d.u.i.k.p.i.AbstractProblemLoader Environment load took 169.3ns 
73547      INFO  main            d.u.i.k.p.i.AbstractProblemLoader Creating init config 
76689      DEBUG main            d.u.i.k.p.i.AbstractProblemLoader Init config took 3.14s 
76743      INFO  main            d.u.i.k.p.i.AbstractProblemLoader Replaying proof ExampleSubject[ExampleSubject::change()].JML normal_behavior operation contract.0 
76814      DEBUG main            d.u.i.k.p.i.IntermediateProofReplayer Proof replay took 65.48ms 
76816      DEBUG main            d.u.i.k.p.r.p.TestFile    ... success: reloaded. 
76818      INFO  main            d.u.i.k.p.r.p.TestFile    Now processing file /home/runner/work/key/key/key.core/../key.ui/examples/heap/observer/ExampleSubject_ExampleSubject.key 
76818      INFO  main            d.u.i.k.p.i.AbstractProblemLoader Loading environment from /home/runner/work/key/key/key.core/../key.ui/examples/heap/observer/ExampleSubject_ExampleSubject.key 
76819      DEBUG main            d.u.i.k.p.i.AbstractProblemLoader Environment load took 255.6ns 
76820      INFO  main            d.u.i.k.p.i.AbstractProblemLoader Creating init config 
79965      DEBUG main            d.u.i.k.p.i.AbstractProblemLoader Init config took 3.14s 
80052      INFO  main            d.u.i.k.p.i.AbstractProblemLoader Replaying proof ExampleSubject[ExampleSubject::ExampleSubject()].JML normal_behavior operation contract.0 
80055      DEBUG main            d.u.i.k.p.i.IntermediateProofReplayer Proof replay took 6.9ns 
81496      INFO  main            d.u.i.k.p.r.p.TestFile    ... finished proof: closed. 
81741      INFO  main            d.u.i.k.p.i.AbstractProblemLoader Loading environment from /home/runner/work/key/key/key.core/../key.ui/examples/heap/observer/ExampleSubject_ExampleSubject.key.proof 
81742      DEBUG main            d.u.i.k.p.i.AbstractProblemLoader Environment load took 600.71ns 
81743      INFO  main            d.u.i.k.p.i.AbstractProblemLoader Creating init config 
84963      DEBUG main            d.u.i.k.p.i.AbstractProblemLoader Init config took 3.22s 
85027      INFO  main            d.u.i.k.p.i.AbstractProblemLoader Replaying proof ExampleSubject[ExampleSubject::ExampleSubject()].JML normal_behavior operation contract.0 
85222      DEBUG main            d.u.i.k.p.i.IntermediateProofReplayer Proof replay took 185.49ms 
85224      DEBUG main            d.u.i.k.p.r.p.TestFile    ... success: reloaded. 
85226      INFO  main            d.u.i.k.p.r.p.TestFile    Now processing file /home/runner/work/key/key/key.core/../key.ui/examples/heap/observer/ExampleSubject_footprint.key 
85226      INFO  main            d.u.i.k.p.i.AbstractProblemLoader Loading environment from /home/runner/work/key/key/key.core/../key.ui/examples/heap/observer/ExampleSubject_footprint.key 
85227      DEBUG main            d.u.i.k.p.i.AbstractProblemLoader Environment load took 210.5ns 
85228      INFO  main            d.u.i.k.p.i.AbstractProblemLoader Creating init config 
88369      DEBUG main            d.u.i.k.p.i.AbstractProblemLoader Init config took 3.14s 
88429      INFO  main            d.u.i.k.p.i.AbstractProblemLoader Replaying proof ExampleSubject[Subject::$footprint()].JML accessible clause.0 
88432      DEBUG main            d.u.i.k.p.i.IntermediateProofReplayer Proof replay took 6.8ns 
88636      INFO  main            d.u.i.k.p.r.p.TestFile    ... finished proof: closed. 
88884      INFO  main            d.u.i.k.p.i.AbstractProblemLoader Loading environment from /home/runner/work/key/key/key.core/../key.ui/examples/heap/observer/ExampleSubject_footprint.key.proof 
88884      DEBUG main            d.u.i.k.p.i.AbstractProblemLoader Environment load took 129.7ns 
88885      INFO  main            d.u.i.k.p.i.AbstractProblemLoader Creating init config 
92069      DEBUG main            d.u.i.k.p.i.AbstractProblemLoader Init config took 3.18s 
92121      INFO  main            d.u.i.k.p.i.AbstractProblemLoader Replaying proof ExampleSubject[Subject::$footprint()].JML accessible clause.0 
92138      DEBUG main            d.u.i.k.p.i.IntermediateProofReplayer Proof replay took 14.55ms 
92140      DEBUG main            d.u.i.k.p.r.p.TestFile    ... success: reloaded. 
92141      INFO  main            d.u.i.k.p.r.p.TestFile    Now processing file /home/runner/work/key/key/key.core/../key.ui/examples/heap/observer/ExampleSubject_inv.key 
92141      INFO  main            d.u.i.k.p.i.AbstractProblemLoader Loading environment from /home/runner/work/key/key/key.core/../key.ui/examples/heap/observer/ExampleSubject_inv.key 
92141      DEBUG main            d.u.i.k.p.i.AbstractProblemLoader Environment load took 128.1ns 
92142      INFO  main            d.u.i.k.p.i.AbstractProblemLoader Creating init config 
95336      DEBUG main            d.u.i.k.p.i.AbstractProblemLoader Init config took 3.19s 
95389      INFO  main            d.u.i.k.p.i.AbstractProblemLoader Replaying proof ExampleSubject[java.lang.Object::<inv>()].JML accessible clause.0 
95391      DEBUG main            d.u.i.k.p.i.IntermediateProofReplayer Proof replay took 6.6ns 
96896      INFO  main            d.u.i.k.p.r.p.TestFile    ... finished proof: closed. 
97280      INFO  main            d.u.i.k.p.i.AbstractProblemLoader Loading environment from /home/runner/work/key/key/key.core/../key.ui/examples/heap/observer/ExampleSubject_inv.key.proof 
97281      DEBUG main            d.u.i.k.p.i.AbstractProblemLoader Environment load took 973.81ns 
97283      INFO  main            d.u.i.k.p.i.AbstractProblemLoader Creating init config 
100471     DEBUG main            d.u.i.k.p.i.AbstractProblemLoader Init config took 3.19s 
100526     INFO  main            d.u.i.k.p.i.AbstractProblemLoader Replaying proof ExampleSubject[java.lang.Object::<inv>()].JML accessible clause.0 
100643     DEBUG main            d.u.i.k.p.i.IntermediateProofReplayer Proof replay took 95.18ms 
100645     DEBUG main            d.u.i.k.p.r.p.TestFile    ... success: reloaded. 
100647     INFO  main            d.u.i.k.p.r.p.TestFile    Now processing file /home/runner/work/key/key/key.core/../key.ui/examples/heap/observer/ExampleSubject_notifyObservers.key 
100648     INFO  main            d.u.i.k.p.i.AbstractProblemLoader Loading environment from /home/runner/work/key/key/key.core/../key.ui/examples/heap/observer/ExampleSubject_notifyObservers.key 
100648     DEBUG main            d.u.i.k.p.i.AbstractProblemLoader Environment load took 302.9ns 
100649     INFO  main            d.u.i.k.p.i.AbstractProblemLoader Creating init config 
103990     DEBUG main            d.u.i.k.p.i.AbstractProblemLoader Init config took 3.34s 
104041     INFO  main            d.u.i.k.p.i.AbstractProblemLoader Replaying proof Subject[Subject::notifyObservers()].JML normal_behavior operation contract.0 
104044     DEBUG main            d.u.i.k.p.i.IntermediateProofReplayer Proof replay took 6.5ns 
104147     INFO  main            d.u.i.k.p.r.p.TestFile    ... finished proof: closed. 
104405     INFO  main            d.u.i.k.p.i.AbstractProblemLoader Loading environment from /home/runner/work/key/key/key.core/../key.ui/examples/heap/observer/ExampleSubject_notifyObservers.key.proof 
104405     DEBUG main            d.u.i.k.p.i.AbstractProblemLoader Environment load took 137.5ns 
104407     INFO  main            d.u.i.k.p.i.AbstractProblemLoader Creating init config 
107778     DEBUG main            d.u.i.k.p.i.AbstractProblemLoader Init config took 3.37s 
107830     INFO  main            d.u.i.k.p.i.AbstractProblemLoader Replaying proof Subject[Subject::notifyObservers()].JML normal_behavior operation contract.0 
107836     DEBUG main            d.u.i.k.p.i.IntermediateProofReplayer Proof replay took 3.12ms 
107837     DEBUG main            d.u.i.k.p.r.p.TestFile    ... success: reloaded. 
107838     INFO  main            d.u.i.k.p.r.p.TestFile    Now processing file /home/runner/work/key/key/key.core/../key.ui/examples/heap/observer/ExampleSubject_value_dep.key 
107839     INFO  main            d.u.i.k.p.i.AbstractProblemLoader Loading environment from /home/runner/work/key/key/key.core/../key.ui/examples/heap/observer/ExampleSubject_value_dep.key 
107839     DEBUG main            d.u.i.k.p.i.AbstractProblemLoader Environment load took 362.7ns 
107850     INFO  main            d.u.i.k.p.i.AbstractProblemLoader Creating init config 
111246     DEBUG main            d.u.i.k.p.i.AbstractProblemLoader Init config took 3.4s 
111308     INFO  main            d.u.i.k.p.i.AbstractProblemLoader Replaying proof ExampleSubject[ExampleSubject::value()].JML accessible clause.0 
111311     DEBUG main            d.u.i.k.p.i.IntermediateProofReplayer Proof replay took 7.3ns 
111414     INFO  main            d.u.i.k.p.r.p.TestFile    ... finished proof: closed. 
111696     INFO  main            d.u.i.k.p.i.AbstractProblemLoader Loading environment from /home/runner/work/key/key/key.core/../key.ui/examples/heap/observer/ExampleSubject_value_dep.key.proof 
111696     DEBUG main            d.u.i.k.p.i.AbstractProblemLoader Environment load took 141.8ns 
111702     INFO  main            d.u.i.k.p.i.AbstractProblemLoader Creating init config 
115013     DEBUG main            d.u.i.k.p.i.AbstractProblemLoader Init config took 3.31s 
115063     INFO  main            d.u.i.k.p.i.AbstractProblemLoader Replaying proof ExampleSubject[ExampleSubject::value()].JML accessible clause.0 
115080     DEBUG main            d.u.i.k.p.i.IntermediateProofReplayer Proof replay took 13.82ms 
115081     DEBUG main            d.u.i.k.p.r.p.TestFile    ... success: reloaded. 
115082     INFO  main            d.u.i.k.p.r.p.TestFile    Now processing file /home/runner/work/key/key/key.core/../key.ui/examples/heap/observer/ExampleSubject_value.key 
115085     INFO  main            d.u.i.k.p.i.AbstractProblemLoader Loading environment from /home/runner/work/key/key/key.core/../key.ui/examples/heap/observer/ExampleSubject_value.key 
115085     DEBUG main            d.u.i.k.p.i.AbstractProblemLoader Environment load took 313.3ns 
115086     INFO  main            d.u.i.k.p.i.AbstractProblemLoader Creating init config 
118361     DEBUG main            d.u.i.k.p.i.AbstractProblemLoader Init config took 3.27s 
118411     INFO  main            d.u.i.k.p.i.AbstractProblemLoader Replaying proof ExampleSubject[ExampleSubject::value()].JML normal_behavior operation contract.0 
118413     DEBUG main            d.u.i.k.p.i.IntermediateProofReplayer Proof replay took 6.7ns 
118517     INFO  main            d.u.i.k.p.r.p.TestFile    ... finished proof: closed. 
118787     INFO  main            d.u.i.k.p.i.AbstractProblemLoader Loading environment from /home/runner/work/key/key/key.core/../key.ui/examples/heap/observer/ExampleSubject_value.key.proof 
118787     DEBUG main            d.u.i.k.p.i.AbstractProblemLoader Environment load took 137.1ns 
118788     INFO  main            d.u.i.k.p.i.AbstractProblemLoader Creating init config 
121976     DEBUG main            d.u.i.k.p.i.AbstractProblemLoader Init config took 3.19s 
122025     INFO  main            d.u.i.k.p.i.AbstractProblemLoader Replaying proof ExampleSubject[ExampleSubject::value()].JML normal_behavior operation contract.0 
122039     DEBUG main            d.u.i.k.p.i.IntermediateProofReplayer Proof replay took 11.31ms 
122040     DEBUG main            d.u.i.k.p.r.p.TestFile    ... success: reloaded. 
1852435    INFO  Test worker     d.u.i.k.p.r.p.StatisticsFile Returning from test observer 
1852438    INFO  Test worker     d.u.i.k.p.r.p.StatisticsFile Running test removeDups 
479        INFO  Timeout watchdog d.u.i.k.p.r.p.ForkedTestFileRunner Timeout watcher launched (2000 secs.) 
492        WARN  main            d.u.i.k.s.ProofSettings   The settings in /home/runner/.key/proof-settings.props are *not* read. 
551        INFO  main            d.u.i.k.p.r.p.TestFile    Now processing file /home/runner/work/key/key/key.core/../key.ui/examples/heap/removeDups/arrayPart.key 
693        INFO  main            d.u.i.k.p.i.AbstractProblemLoader Loading environment from /home/runner/work/key/key/key.core/../key.ui/examples/heap/removeDups/arrayPart.key 
716        DEBUG main            d.u.i.k.p.i.AbstractProblemLoader Environment load took 2.1ms 
1008       INFO  main            d.u.i.k.p.i.AbstractProblemLoader Creating init config 
2201       DEBUG main            d.u.i.k.j.TypeConverter   No LDT found for Meta 
2202       DEBUG main            d.u.i.k.j.TypeConverter   No LDT found for Meta 
2204       DEBUG main            d.u.i.k.j.TypeConverter   No LDT found for Meta 
2204       DEBUG main            d.u.i.k.j.TypeConverter   No LDT found for Meta 
4383       DEBUG main            d.u.i.k.j.TypeConverter   No LDT found for JavaBigintExpression 
10678      DEBUG main            d.u.i.k.p.i.AbstractProblemLoader Init config took 9.67s 
10915      INFO  main            d.u.i.k.p.i.AbstractProblemLoader Replaying proof RemoveDup[RemoveDup::arrayPart([I,int)].JML normal_behavior operation contract.0 
10966      DEBUG main            d.u.i.k.p.i.IntermediateProofReplayer Proof replay took 36ns 
14385      INFO  main            d.u.i.k.p.r.p.TestFile    ... finished proof: closed. 
14624      INFO  main            d.u.i.k.p.i.AbstractProblemLoader Loading environment from /home/runner/work/key/key/key.core/../key.ui/examples/heap/removeDups/arrayPart.key.proof 
14625      DEBUG main            d.u.i.k.p.i.AbstractProblemLoader Environment load took 643.6ns 
14628      INFO  main            d.u.i.k.p.i.AbstractProblemLoader Creating init config 
17993      DEBUG main            d.u.i.k.p.i.AbstractProblemLoader Init config took 3.36s 
18081      INFO  main            d.u.i.k.p.i.AbstractProblemLoader Replaying proof RemoveDup[RemoveDup::arrayPart([I,int)].JML normal_behavior operation contract.0 
18475      DEBUG main            d.u.i.k.p.i.IntermediateProofReplayer Proof replay took 359.34ms 
18491      DEBUG main            d.u.i.k.p.r.p.TestFile    ... success: reloaded. 
18497      INFO  main            d.u.i.k.p.r.p.TestFile    Now processing file /home/runner/work/key/key/key.core/../key.ui/examples/heap/removeDups/contains.key 
18498      INFO  main            d.u.i.k.p.i.AbstractProblemLoader Loading environment from /home/runner/work/key/key/key.core/../key.ui/examples/heap/removeDups/contains.key 
18498      DEBUG main            d.u.i.k.p.i.AbstractProblemLoader Environment load took 155.5ns 
18502      INFO  main            d.u.i.k.p.i.AbstractProblemLoader Creating init config 
21877      DEBUG main            d.u.i.k.p.i.AbstractProblemLoader Init config took 3.38s 
21949      INFO  main            d.u.i.k.p.i.AbstractProblemLoader Replaying proof RemoveDup[RemoveDup::contains([I,int,int)].JML normal_behavior operation contract.0 
21952      DEBUG main            d.u.i.k.p.i.IntermediateProofReplayer Proof replay took 7.2ns 
22776      INFO  main            d.u.i.k.p.r.p.TestFile    ... finished proof: closed. 
22977      INFO  main            d.u.i.k.p.i.AbstractProblemLoader Loading environment from /home/runner/work/key/key/key.core/../key.ui/examples/heap/removeDups/contains.key.proof 
22982      DEBUG main            d.u.i.k.p.i.AbstractProblemLoader Environment load took 4.75ms 
22984      INFO  main            d.u.i.k.p.i.AbstractProblemLoader Creating init config 
26251      DEBUG main            d.u.i.k.p.i.AbstractProblemLoader Init config took 3.27s 
26313      INFO  main            d.u.i.k.p.i.AbstractProblemLoader Replaying proof RemoveDup[RemoveDup::contains([I,int,int)].JML normal_behavior operation contract.0 
26432      DEBUG main            d.u.i.k.p.i.IntermediateProofReplayer Proof replay took 112.6ms 
26434      DEBUG main            d.u.i.k.p.r.p.TestFile    ... success: reloaded. 
26436      INFO  main            d.u.i.k.p.r.p.TestFile    Now processing file /home/runner/work/key/key/key.core/../key.ui/examples/heap/removeDups/removeDup.key 
26436      INFO  main            d.u.i.k.p.i.AbstractProblemLoader Loading environment from /home/runner/work/key/key/key.core/../key.ui/examples/heap/removeDups/removeDup.key 
26436      DEBUG main            d.u.i.k.p.i.AbstractProblemLoader Environment load took 296.1ns 
26438      INFO  main            d.u.i.k.p.i.AbstractProblemLoader Creating init config 
29648      DEBUG main            d.u.i.k.p.i.AbstractProblemLoader Init config took 3.21s 
29718      INFO  main            d.u.i.k.p.i.AbstractProblemLoader Replaying proof RemoveDup[RemoveDup::removeDup([I)].JML normal_behavior operation contract.0 
29725      DEBUG main            d.u.i.k.p.i.IntermediateProofReplayer Proof replay took 6.7ns 
55020      INFO  main            d.u.i.k.p.r.p.TestFile    ... finished proof: closed. 
55364      INFO  main            d.u.i.k.p.i.AbstractProblemLoader Loading environment from /home/runner/work/key/key/key.core/../key.ui/examples/heap/removeDups/removeDup.key.proof 
55364      DEBUG main            d.u.i.k.p.i.AbstractProblemLoader Environment load took 209ns 
55368      INFO  main            d.u.i.k.p.i.AbstractProblemLoader Creating init config 
58592      DEBUG main            d.u.i.k.p.i.AbstractProblemLoader Init config took 3.22s 
58660      INFO  main            d.u.i.k.p.i.AbstractProblemLoader Replaying proof RemoveDup[RemoveDup::removeDup([I)].JML normal_behavior operation contract.0 
60372      DEBUG main            d.u.i.k.p.i.IntermediateProofReplayer Proof replay took 1.64s 
60375      DEBUG main            d.u.i.k.p.r.p.TestFile    ... success: reloaded. 
60379      INFO  main            d.u.i.k.p.r.p.TestFile    Now processing file /home/runner/work/key/key/key.core/../key.ui/examples/heap/saddleback_search/Saddleback_search.key 
60379      INFO  main            d.u.i.k.p.i.AbstractProblemLoader Loading environment from /home/runner/work/key/key/key.core/../key.ui/examples/heap/saddleback_search/Saddleback_search.key 
60381      DEBUG main            d.u.i.k.p.i.AbstractProblemLoader Environment load took 2.05ms 
60383      INFO  main            d.u.i.k.p.i.AbstractProblemLoader Creating init config 
63698      DEBUG main            d.u.i.k.p.i.AbstractProblemLoader Init config took 3.32s 
63750      INFO  main            d.u.i.k.p.i.AbstractProblemLoader Replaying proof Saddleback[Saddleback::search([[I,int)].JML normal_behavior operation contract.0 
63762      DEBUG main            d.u.i.k.p.i.IntermediateProofReplayer Proof replay took 24ns 
160266     INFO  main            d.u.i.k.p.r.p.TestFile    ... finished proof: closed. 
160882     INFO  main            d.u.i.k.p.i.AbstractProblemLoader Loading environment from /home/runner/work/key/key/key.core/../key.ui/examples/heap/saddleback_search/Saddleback_search.key.proof 
160882     DEBUG main            d.u.i.k.p.i.AbstractProblemLoader Environment load took 556.9ns 
160891     INFO  main            d.u.i.k.p.i.AbstractProblemLoader Creating init config 
163854     DEBUG main            d.u.i.k.p.i.AbstractProblemLoader Init config took 2.96s 
163904     INFO  main            d.u.i.k.p.i.AbstractProblemLoader Replaying proof Saddleback[Saddleback::search([[I,int)].JML normal_behavior operation contract.0 
166153     DEBUG main            d.u.i.k.p.i.IntermediateProofReplayer Proof replay took 2.03s 
166164     DEBUG main            d.u.i.k.p.r.p.TestFile    ... success: reloaded. 
2018797    INFO  Test worker     d.u.i.k.p.r.p.StatisticsFile Returning from test removeDups 
2018799    INFO  Test worker     d.u.i.k.p.r.p.StatisticsFile Running test quicksort 
422        INFO  Timeout watchdog d.u.i.k.p.r.p.ForkedTestFileRunner Timeout watcher launched (2000 secs.) 
452        WARN  main            d.u.i.k.s.ProofSettings   The settings in /home/runner/.key/proof-settings.props are *not* read. 
517        INFO  main            d.u.i.k.p.r.p.TestFile    Now processing file /home/runner/work/key/key/key.core/../key.ui/examples/heap/quicksort/toplevel.key 
672        INFO  main            d.u.i.k.p.i.AbstractProblemLoader Loading environment from /home/runner/work/key/key/key.core/../key.ui/examples/heap/quicksort/toplevel.key 
693        DEBUG main            d.u.i.k.p.i.AbstractProblemLoader Environment load took 2.99ms 
986        INFO  main            d.u.i.k.p.i.AbstractProblemLoader Creating init config 
2254       DEBUG main            d.u.i.k.j.TypeConverter   No LDT found for Meta 
2254       DEBUG main            d.u.i.k.j.TypeConverter   No LDT found for Meta 
2259       DEBUG main            d.u.i.k.j.TypeConverter   No LDT found for Meta 
2260       DEBUG main            d.u.i.k.j.TypeConverter   No LDT found for Meta 
3978       DEBUG main            d.u.i.k.j.TypeConverter   No LDT found for JavaBigintExpression 
10597      DEBUG main            d.u.i.k.p.i.AbstractProblemLoader Init config took 9.61s 
10759      INFO  main            d.u.i.k.p.i.AbstractProblemLoader Replaying proof Quicksort[Quicksort::sort([I)].JML normal_behavior operation contract.0 
10805      DEBUG main            d.u.i.k.p.i.IntermediateProofReplayer Proof replay took 31.9ns 
12436      INFO  main            d.u.i.k.p.r.p.TestFile    ... finished proof: closed. 
12596      INFO  main            d.u.i.k.p.i.AbstractProblemLoader Loading environment from /home/runner/work/key/key/key.core/../key.ui/examples/heap/quicksort/toplevel.key.proof 
12597      DEBUG main            d.u.i.k.p.i.AbstractProblemLoader Environment load took 182.9ns 
12599      INFO  main            d.u.i.k.p.i.AbstractProblemLoader Creating init config 
16315      DEBUG main            d.u.i.k.p.i.AbstractProblemLoader Init config took 3.72s 
16453      INFO  main            d.u.i.k.p.i.AbstractProblemLoader Replaying proof Quicksort[Quicksort::sort([I)].JML normal_behavior operation contract.0 
16662      DEBUG main            d.u.i.k.p.i.IntermediateProofReplayer Proof replay took 199.44ms 
16678      DEBUG main            d.u.i.k.p.r.p.TestFile    ... success: reloaded. 
16685      INFO  main            d.u.i.k.p.r.p.TestFile    Now processing file /home/runner/work/key/key/key.core/../key.ui/examples/heap/quicksort/sort.key 
16685      INFO  main            d.u.i.k.p.i.AbstractProblemLoader Loading environment from /home/runner/work/key/key/key.core/../key.ui/examples/heap/quicksort/sort.key 
16686      DEBUG main            d.u.i.k.p.i.AbstractProblemLoader Environment load took 306.9ns 
16690      INFO  main            d.u.i.k.p.i.AbstractProblemLoader Creating init config 
20313      DEBUG main            d.u.i.k.p.i.AbstractProblemLoader Init config took 3.62s 
20387      INFO  main            d.u.i.k.p.i.AbstractProblemLoader Replaying proof Quicksort[Quicksort::sort([I,int,int)].JML normal_behavior operation contract.0 
20392      DEBUG main            d.u.i.k.p.i.IntermediateProofReplayer Proof replay took 6.3ns 
20430      DEBUG main            d.u.i.k.m.s.ProofScriptEngine [1] goal: 0, source line: 7, command: 'script 'sort.script'' 
20442      INFO  main            d.u.i.k.m.s.ProofScriptCommand Included script /home/runner/work/key/key/key.core/../key.ui/examples/heap/quicksort/sort.script 
20445      DEBUG main            d.u.i.k.m.s.ProofScriptEngine [1] goal: 0, source line: 1, command: 'macro autopilot-prep' 
21974      DEBUG main            d.u.i.k.m.s.ProofScriptEngine [2] goal: 358, source line: 3, command: 'select formula="{heapAtPre:=heap || exc:=null || heap:=heapAfter_sort_0}
   seq ...' 
21978      DEBUG main            d.u.i.k.m.s.ProofScriptEngine [3] goal: 358, source line: 9, command: 'macro simp-upd' 
21991      DEBUG main            d.u.i.k.m.s.ProofScriptEngine [4] goal: 369, source line: 11, command: 'let   @seqPre="seqDef{int u;}(0, array.length, array[u])"
    @seqSplit="seqDef ...' 
21994      DEBUG main            d.u.i.k.m.s.ProofScriptEngine [5] goal: 369, source line: 16, command: 'rule seqPermSym 
  formula="seqPerm(@seqSplit, @seqPre)"' 
22018      DEBUG main            d.u.i.k.m.s.ProofScriptEngine [6] goal: 370, source line: 19, command: 'rule seqPermSym
  formula="seqPerm(@seqSort, @seqSplit)"' 
22021      DEBUG main            d.u.i.k.m.s.ProofScriptEngine [7] goal: 371, source line: 22, command: 'rule seqPermSym
  formula="seqPerm(@seqSort0, @seqSort)"' 
22023      DEBUG main            d.u.i.k.m.s.ProofScriptEngine [8] goal: 372, source line: 25, command: 'rule seqPermTrans
  formula="seqPerm(@seqPre, @seqSplit)"' 
22025      DEBUG main            d.u.i.k.m.s.ProofScriptEngine [9] goal: 373, source line: 28, command: 'rule seqPermTrans
  formula="seqPerm(@seqPre, @seqSort)"' 
22026      DEBUG main            d.u.i.k.m.s.ProofScriptEngine [10] goal: 374, source line: 31, command: 'rule seqPermSym
  formula="seqPerm(@seqPre, @seqSort0)"' 
22028      DEBUG main            d.u.i.k.m.s.ProofScriptEngine [11] goal: 375, source line: 34, command: 'tryclose' 
56115      INFO  main            d.u.i.k.p.r.p.TestFile    ... finished proof: closed. 
56476      INFO  main            d.u.i.k.p.i.AbstractProblemLoader Loading environment from /home/runner/work/key/key/key.core/../key.ui/examples/heap/quicksort/sort.key.proof 
56477      DEBUG main            d.u.i.k.p.i.AbstractProblemLoader Environment load took 589.41ns 
56486      INFO  main            d.u.i.k.p.i.AbstractProblemLoader Creating init config 
60005      DEBUG main            d.u.i.k.p.i.AbstractProblemLoader Init config took 3.52s 
60073      INFO  main            d.u.i.k.p.i.AbstractProblemLoader Replaying proof Quicksort[Quicksort::sort([I,int,int)].JML normal_behavior operation contract.0 
62262      DEBUG main            d.u.i.k.p.i.IntermediateProofReplayer Proof replay took 2.04s 
62300      DEBUG main            d.u.i.k.p.r.p.TestFile    ... success: reloaded. 
62303      INFO  main            d.u.i.k.p.r.p.TestFile    Now processing file /home/runner/work/key/key/key.core/../key.ui/examples/heap/quicksort/split.key 
62314      INFO  main            d.u.i.k.p.i.AbstractProblemLoader Loading environment from /home/runner/work/key/key/key.core/../key.ui/examples/heap/quicksort/split.key 
62315      DEBUG main            d.u.i.k.p.i.AbstractProblemLoader Environment load took 715.01ns 
62317      INFO  main            d.u.i.k.p.i.AbstractProblemLoader Creating init config 
66132      DEBUG main            d.u.i.k.p.i.AbstractProblemLoader Init config took 3.81s 
66202      INFO  main            d.u.i.k.p.i.AbstractProblemLoader Replaying proof Quicksort[Quicksort::split([I,int,int)].JML normal_behavior operation contract.0 
66208      DEBUG main            d.u.i.k.p.i.IntermediateProofReplayer Proof replay took 6.1ns 
66209      DEBUG main            d.u.i.k.m.s.ProofScriptEngine [1] goal: 0, source line: 15, command: 'macro autopilot-prep' 
67837      DEBUG main            d.u.i.k.m.s.ProofScriptEngine [2] goal: 520, source line: 17, command: 'tryclose' 
117360     DEBUG main            d.u.i.k.m.s.ProofScriptEngine [3] goal: 495, source line: 20, command: 'macro simp-upd' 
117503     DEBUG main            d.u.i.k.m.s.ProofScriptEngine [4] goal: 495, source line: 25, command: 'rule seqPermFromSwap' 
117524     DEBUG main            d.u.i.k.m.s.ProofScriptEngine [5] goal: 40829, source line: 26, command: 'rule andRight' 
117530     DEBUG main            d.u.i.k.m.s.ProofScriptEngine [6] goal: 40830, source line: 27, command: 'auto' 
117562     DEBUG main            d.u.i.k.m.s.ProofScriptEngine [7] goal: 40831, source line: 29, command: 'instantiate hide var=iv with=i_0' 
117566     DEBUG main            d.u.i.k.m.s.ProofScriptEngine [8] goal: 40836, source line: 31, command: 'instantiate hide var=jv with=j_0' 
117571     DEBUG main            d.u.i.k.m.s.ProofScriptEngine [9] goal: 40837, source line: 32, command: 'auto' 
125960     DEBUG main            d.u.i.k.m.s.ProofScriptEngine [10] goal: 190, source line: 34, command: 'macro simp-upd' 
126078     DEBUG main            d.u.i.k.m.s.ProofScriptEngine [11] goal: 46168, source line: 36, command: 'rule seqPermFromSwap' 
126080     DEBUG main            d.u.i.k.m.s.ProofScriptEngine [12] goal: 46169, source line: 37, command: 'rule andRight' 
126084     DEBUG main            d.u.i.k.m.s.ProofScriptEngine [13] goal: 46170, source line: 38, command: 'auto' 
126102     DEBUG main            d.u.i.k.m.s.ProofScriptEngine [14] goal: 46171, source line: 40, command: 'instantiate hide var=iv with=i_0' 
126103     DEBUG main            d.u.i.k.m.s.ProofScriptEngine [15] goal: 46176, source line: 42, command: 'instantiate hide var=jv with=to' 
126106     DEBUG main            d.u.i.k.m.s.ProofScriptEngine [16] goal: 46177, source line: 43, command: 'auto' 
132592     INFO  main            d.u.i.k.p.r.p.TestFile    ... finished proof: closed. 
133219     INFO  main            d.u.i.k.p.i.AbstractProblemLoader Loading environment from /home/runner/work/key/key/key.core/../key.ui/examples/heap/quicksort/split.key.proof 
133219     DEBUG main            d.u.i.k.p.i.AbstractProblemLoader Environment load took 282.7ns 
133231     INFO  main            d.u.i.k.p.i.AbstractProblemLoader Creating init config 
136368     DEBUG main            d.u.i.k.p.i.AbstractProblemLoader Init config took 3.14s 
136457     INFO  main            d.u.i.k.p.i.AbstractProblemLoader Replaying proof Quicksort[Quicksort::split([I,int,int)].JML normal_behavior operation contract.0 
140067     DEBUG main            d.u.i.k.p.i.IntermediateProofReplayer Proof replay took 3.33s 
140136     DEBUG main            d.u.i.k.p.r.p.TestFile    ... success: reloaded. 
2160113    INFO  Test worker     d.u.i.k.p.r.p.StatisticsFile Returning from test quicksort 
2160116    INFO  Test worker     d.u.i.k.p.r.p.StatisticsFile Running test simpleTests 
506        INFO  Timeout watchdog d.u.i.k.p.r.p.ForkedTestFileRunner Timeout watcher launched (2000 secs.) 
545        WARN  main            d.u.i.k.s.ProofSettings   The settings in /home/runner/.key/proof-settings.props are *not* read. 
591        INFO  main            d.u.i.k.p.r.p.TestFile    Now processing file /home/runner/work/key/key/key.core/../key.ui/examples/heap/simple/anonymise_datagroup.key 
738        INFO  main            d.u.i.k.p.i.AbstractProblemLoader Loading environment from /home/runner/work/key/key/key.core/../key.ui/examples/heap/simple/anonymise_datagroup.key 
758        DEBUG main            d.u.i.k.p.i.AbstractProblemLoader Environment load took 2.8ms 
1123       INFO  main            d.u.i.k.p.i.AbstractProblemLoader Creating init config 
2425       DEBUG main            d.u.i.k.j.TypeConverter   No LDT found for Meta 
2426       DEBUG main            d.u.i.k.j.TypeConverter   No LDT found for Meta 
2430       DEBUG main            d.u.i.k.j.TypeConverter   No LDT found for Meta 
2430       DEBUG main            d.u.i.k.j.TypeConverter   No LDT found for Meta 
4611       DEBUG main            d.u.i.k.j.TypeConverter   No LDT found for JavaBigintExpression 
10455      DEBUG main            d.u.i.k.p.i.AbstractProblemLoader Init config took 9.33s 
10545      INFO  main            d.u.i.k.p.i.AbstractProblemLoader Replaying proof anonymise_datagroup.key 
10598      DEBUG main            d.u.i.k.p.i.IntermediateProofReplayer Proof replay took 38ns 
10898      INFO  main            d.u.i.k.p.r.p.TestFile    ... finished proof: closed. 
11019      INFO  main            d.u.i.k.p.i.AbstractProblemLoader Loading environment from /home/runner/work/key/key/key.core/../key.ui/examples/heap/simple/anonymise_datagroup.key.proof 
11021      DEBUG main            d.u.i.k.p.i.AbstractProblemLoader Environment load took 1.3ms 
11026      INFO  main            d.u.i.k.p.i.AbstractProblemLoader Creating init config 
14408      DEBUG main            d.u.i.k.p.i.AbstractProblemLoader Init config took 3.38s 
14452      INFO  main            d.u.i.k.p.i.AbstractProblemLoader Replaying proof anonymise_datagroup.key.proof 
14484      DEBUG main            d.u.i.k.p.i.IntermediateProofReplayer Proof replay took 23.55ms 
14499      DEBUG main            d.u.i.k.p.r.p.TestFile    ... success: reloaded. 
14501      INFO  main            d.u.i.k.p.r.p.TestFile    Now processing file /home/runner/work/key/key/key.core/../key.ui/examples/heap/simple/array_creation.key 
14501      INFO  main            d.u.i.k.p.i.AbstractProblemLoader Loading environment from /home/runner/work/key/key/key.core/../key.ui/examples/heap/simple/array_creation.key 
14501      DEBUG main            d.u.i.k.p.i.AbstractProblemLoader Environment load took 128.9ns 
14508      INFO  main            d.u.i.k.p.i.AbstractProblemLoader Creating init config 
17689      DEBUG main            d.u.i.k.p.i.AbstractProblemLoader Init config took 3.18s 
17728      INFO  main            d.u.i.k.p.i.AbstractProblemLoader Replaying proof array_creation.key 
17734      DEBUG main            d.u.i.k.p.i.IntermediateProofReplayer Proof replay took 7ns 
18748      INFO  main            d.u.i.k.p.r.p.TestFile    ... finished proof: closed. 
18942      INFO  main            d.u.i.k.p.i.AbstractProblemLoader Loading environment from /home/runner/work/key/key/key.core/../key.ui/examples/heap/simple/array_creation.key.proof 
18944      DEBUG main            d.u.i.k.p.i.AbstractProblemLoader Environment load took 1.99ms 
18948      INFO  main            d.u.i.k.p.i.AbstractProblemLoader Creating init config 
22013      DEBUG main            d.u.i.k.p.i.AbstractProblemLoader Init config took 3.06s 
22042      INFO  main            d.u.i.k.p.i.AbstractProblemLoader Replaying proof array_creation.key.proof 
22175      DEBUG main            d.u.i.k.p.i.IntermediateProofReplayer Proof replay took 126.94ms 
22178      DEBUG main            d.u.i.k.p.r.p.TestFile    ... success: reloaded. 
22184      INFO  main            d.u.i.k.p.r.p.TestFile    Now processing file /home/runner/work/key/key/key.core/../key.ui/examples/heap/simple/arrays_with_disjoint_sorts.key 
22185      INFO  main            d.u.i.k.p.i.AbstractProblemLoader Loading environment from /home/runner/work/key/key/key.core/../key.ui/examples/heap/simple/arrays_with_disjoint_sorts.key 
22185      DEBUG main            d.u.i.k.p.i.AbstractProblemLoader Environment load took 328.1ns 
22187      INFO  main            d.u.i.k.p.i.AbstractProblemLoader Creating init config 
25228      DEBUG main            d.u.i.k.p.i.AbstractProblemLoader Init config took 3.04s 
25258      INFO  main            d.u.i.k.p.i.AbstractProblemLoader Replaying proof arrays_with_disjoint_sorts.key 
25267      DEBUG main            d.u.i.k.p.i.IntermediateProofReplayer Proof replay took 8.9ns 
25472      INFO  main            d.u.i.k.p.r.p.TestFile    ... finished proof: closed. 
25658      INFO  main            d.u.i.k.p.i.AbstractProblemLoader Loading environment from /home/runner/work/key/key/key.core/../key.ui/examples/heap/simple/arrays_with_disjoint_sorts.key.proof 
25658      DEBUG main            d.u.i.k.p.i.AbstractProblemLoader Environment load took 260.3ns 
25660      INFO  main            d.u.i.k.p.i.AbstractProblemLoader Creating init config 
28740      DEBUG main            d.u.i.k.p.i.AbstractProblemLoader Init config took 3.08s 
28786      INFO  main            d.u.i.k.p.i.AbstractProblemLoader Replaying proof arrays_with_disjoint_sorts.key.proof 
28839      DEBUG main            d.u.i.k.p.i.IntermediateProofReplayer Proof replay took 46.34ms 
28841      DEBUG main            d.u.i.k.p.r.p.TestFile    ... success: reloaded. 
28843      INFO  main            d.u.i.k.p.r.p.TestFile    Now processing file /home/runner/work/key/key/key.core/../key.ui/examples/heap/simple/arrays.key 
28843      INFO  main            d.u.i.k.p.i.AbstractProblemLoader Loading environment from /home/runner/work/key/key/key.core/../key.ui/examples/heap/simple/arrays.key 
28844      DEBUG main            d.u.i.k.p.i.AbstractProblemLoader Environment load took 341.4ns 
28845      INFO  main            d.u.i.k.p.i.AbstractProblemLoader Creating init config 
31919      DEBUG main            d.u.i.k.p.i.AbstractProblemLoader Init config took 3.07s 
31946      INFO  main            d.u.i.k.p.i.AbstractProblemLoader Replaying proof arrays.key 
31950      DEBUG main            d.u.i.k.p.i.IntermediateProofReplayer Proof replay took 8.1ns 
32163      INFO  main            d.u.i.k.p.r.p.TestFile    ... finished proof: closed. 
32410      INFO  main            d.u.i.k.p.i.AbstractProblemLoader Loading environment from /home/runner/work/key/key/key.core/../key.ui/examples/heap/simple/arrays.key.proof 
32411      DEBUG main            d.u.i.k.p.i.AbstractProblemLoader Environment load took 782.01ns 
32412      INFO  main            d.u.i.k.p.i.AbstractProblemLoader Creating init config 
35346      DEBUG main            d.u.i.k.p.i.AbstractProblemLoader Init config took 2.93s 
35372      INFO  main            d.u.i.k.p.i.AbstractProblemLoader Replaying proof arrays.key.proof 
35398      DEBUG main            d.u.i.k.p.i.IntermediateProofReplayer Proof replay took 21.89ms 
35399      DEBUG main            d.u.i.k.p.r.p.TestFile    ... success: reloaded. 
35401      INFO  main            d.u.i.k.p.r.p.TestFile    Now processing file /home/runner/work/key/key/key.core/../key.ui/examples/heap/simple/attributes.key 
35402      INFO  main            d.u.i.k.p.i.AbstractProblemLoader Loading environment from /home/runner/work/key/key/key.core/../key.ui/examples/heap/simple/attributes.key 
35402      DEBUG main            d.u.i.k.p.i.AbstractProblemLoader Environment load took 271.5ns 
35403      INFO  main            d.u.i.k.p.i.AbstractProblemLoader Creating init config 
38456      DEBUG main            d.u.i.k.p.i.AbstractProblemLoader Init config took 3.05s 
38503      INFO  main            d.u.i.k.p.i.AbstractProblemLoader Replaying proof attributes.key 
38506      DEBUG main            d.u.i.k.p.i.IntermediateProofReplayer Proof replay took 6.9ns 
38610      INFO  main            d.u.i.k.p.r.p.TestFile    ... finished proof: closed. 
38795      INFO  main            d.u.i.k.p.i.AbstractProblemLoader Loading environment from /home/runner/work/key/key/key.core/../key.ui/examples/heap/simple/attributes.key.proof 
38795      DEBUG main            d.u.i.k.p.i.AbstractProblemLoader Environment load took 142.7ns 
38798      INFO  main            d.u.i.k.p.i.AbstractProblemLoader Creating init config 
41746      DEBUG main            d.u.i.k.p.i.AbstractProblemLoader Init config took 2.95s 
41772      INFO  main            d.u.i.k.p.i.AbstractProblemLoader Replaying proof attributes.key.proof 
41777      DEBUG main            d.u.i.k.p.i.IntermediateProofReplayer Proof replay took 1.82ms 
41778      DEBUG main            d.u.i.k.p.r.p.TestFile    ... success: reloaded. 
41779      INFO  main            d.u.i.k.p.r.p.TestFile    Now processing file /home/runner/work/key/key/key.core/../key.ui/examples/heap/simple/constructor_contracts.key 
41780      INFO  main            d.u.i.k.p.i.AbstractProblemLoader Loading environment from /home/runner/work/key/key/key.core/../key.ui/examples/heap/simple/constructor_contracts.key 
41780      DEBUG main            d.u.i.k.p.i.AbstractProblemLoader Environment load took 295.4ns 
41783      INFO  main            d.u.i.k.p.i.AbstractProblemLoader Creating init config 
45299      DEBUG main            d.u.i.k.p.i.AbstractProblemLoader Init config took 3.52s 
45323      INFO  main            d.u.i.k.p.i.AbstractProblemLoader Replaying proof constructor_contracts.key 
45326      DEBUG main            d.u.i.k.p.i.IntermediateProofReplayer Proof replay took 28.5ns 
46039      INFO  main            d.u.i.k.p.r.p.TestFile    ... finished proof: closed. 
46271      INFO  main            d.u.i.k.p.i.AbstractProblemLoader Loading environment from /home/runner/work/key/key/key.core/../key.ui/examples/heap/simple/constructor_contracts.key.proof 
46271      DEBUG main            d.u.i.k.p.i.AbstractProblemLoader Environment load took 515.4ns 
46273      INFO  main            d.u.i.k.p.i.AbstractProblemLoader Creating init config 
49581      DEBUG main            d.u.i.k.p.i.AbstractProblemLoader Init config took 3.31s 
49607      INFO  main            d.u.i.k.p.i.AbstractProblemLoader Replaying proof constructor_contracts.key.proof 
49740      DEBUG main            d.u.i.k.p.i.IntermediateProofReplayer Proof replay took 127.87ms 
49743      DEBUG main            d.u.i.k.p.r.p.TestFile    ... success: reloaded. 
49745      INFO  main            d.u.i.k.p.r.p.TestFile    Now processing file /home/runner/work/key/key/key.core/../key.ui/examples/heap/simple/dependencies.key 
49746      INFO  main            d.u.i.k.p.i.AbstractProblemLoader Loading environment from /home/runner/work/key/key/key.core/../key.ui/examples/heap/simple/dependencies.key 
49746      DEBUG main            d.u.i.k.p.i.AbstractProblemLoader Environment load took 422.2ns 
49748      INFO  main            d.u.i.k.p.i.AbstractProblemLoader Creating init config 
52704      DEBUG main            d.u.i.k.p.i.AbstractProblemLoader Init config took 2.96s 
52725      INFO  main            d.u.i.k.p.i.AbstractProblemLoader Replaying proof dependencies.key 
52727      DEBUG main            d.u.i.k.p.i.IntermediateProofReplayer Proof replay took 7.5ns 
52830      INFO  main            d.u.i.k.p.r.p.TestFile    ... finished proof: closed. 
53051      INFO  main            d.u.i.k.p.i.AbstractProblemLoader Loading environment from /home/runner/work/key/key/key.core/../key.ui/examples/heap/simple/dependencies.key.proof 
53053      DEBUG main            d.u.i.k.p.i.AbstractProblemLoader Environment load took 1.86ms 
53055      INFO  main            d.u.i.k.p.i.AbstractProblemLoader Creating init config 
55864      DEBUG main            d.u.i.k.p.i.AbstractProblemLoader Init config took 2.81s 
55886      INFO  main            d.u.i.k.p.i.AbstractProblemLoader Replaying proof dependencies.key.proof 
55895      DEBUG main            d.u.i.k.p.i.IntermediateProofReplayer Proof replay took 6.66ms 
55896      DEBUG main            d.u.i.k.p.r.p.TestFile    ... success: reloaded. 
55897      INFO  main            d.u.i.k.p.r.p.TestFile    Now processing file /home/runner/work/key/key/key.core/../key.ui/examples/heap/simple/dependency_contracts.key 
55898      INFO  main            d.u.i.k.p.i.AbstractProblemLoader Loading environment from /home/runner/work/key/key/key.core/../key.ui/examples/heap/simple/dependency_contracts.key 
55898      DEBUG main            d.u.i.k.p.i.AbstractProblemLoader Environment load took 142.4ns 
55900      INFO  main            d.u.i.k.p.i.AbstractProblemLoader Creating init config 
59138      DEBUG main            d.u.i.k.p.i.AbstractProblemLoader Init config took 3.24s 
59164      INFO  main            d.u.i.k.p.i.AbstractProblemLoader Replaying proof dependency_contracts.key 
59166      DEBUG main            d.u.i.k.p.i.IntermediateProofReplayer Proof replay took 7.4ns 
60684      INFO  main            d.u.i.k.p.r.p.TestFile    ... finished proof: closed. 
60932      INFO  main            d.u.i.k.p.i.AbstractProblemLoader Loading environment from /home/runner/work/key/key/key.core/../key.ui/examples/heap/simple/dependency_contracts.key.proof 
60932      DEBUG main            d.u.i.k.p.i.AbstractProblemLoader Environment load took 524ns 
60935      INFO  main            d.u.i.k.p.i.AbstractProblemLoader Creating init config 
64164      DEBUG main            d.u.i.k.p.i.AbstractProblemLoader Init config took 3.23s 
64188      INFO  main            d.u.i.k.p.i.AbstractProblemLoader Replaying proof dependency_contracts.key.proof 
64426      DEBUG main            d.u.i.k.p.i.IntermediateProofReplayer Proof replay took 227.55ms 
64429      DEBUG main            d.u.i.k.p.r.p.TestFile    ... success: reloaded. 
64431      INFO  main            d.u.i.k.p.r.p.TestFile    Now processing file /home/runner/work/key/key/key.core/../key.ui/examples/heap/simple/invariant_preservation.key 
64431      INFO  main            d.u.i.k.p.i.AbstractProblemLoader Loading environment from /home/runner/work/key/key/key.core/../key.ui/examples/heap/simple/invariant_preservation.key 
64431      DEBUG main            d.u.i.k.p.i.AbstractProblemLoader Environment load took 250.8ns 
64433      INFO  main            d.u.i.k.p.i.AbstractProblemLoader Creating init config 
67666      DEBUG main            d.u.i.k.p.i.AbstractProblemLoader Init config took 3.23s 
67687      INFO  main            d.u.i.k.p.i.AbstractProblemLoader Replaying proof invariant_preservation.key 
67689      DEBUG main            d.u.i.k.p.i.IntermediateProofReplayer Proof replay took 8.5ns 
67894      INFO  main            d.u.i.k.p.r.p.TestFile    ... finished proof: closed. 
68177      INFO  main            d.u.i.k.p.i.AbstractProblemLoader Loading environment from /home/runner/work/key/key/key.core/../key.ui/examples/heap/simple/invariant_preservation.key.proof 
68177      DEBUG main            d.u.i.k.p.i.AbstractProblemLoader Environment load took 627.11ns 
68180      INFO  main            d.u.i.k.p.i.AbstractProblemLoader Creating init config 
71314      DEBUG main            d.u.i.k.p.i.AbstractProblemLoader Init config took 3.13s 
71334      INFO  main            d.u.i.k.p.i.AbstractProblemLoader Replaying proof invariant_preservation.key.proof 
71371      DEBUG main            d.u.i.k.p.i.IntermediateProofReplayer Proof replay took 34.32ms 
71373      DEBUG main            d.u.i.k.p.r.p.TestFile    ... success: reloaded. 
71375      INFO  main            d.u.i.k.p.r.p.TestFile    Now processing file /home/runner/work/key/key/key.core/../key.ui/examples/heap/simple/locsets.key 
71375      INFO  main            d.u.i.k.p.i.AbstractProblemLoader Loading environment from /home/runner/work/key/key/key.core/../key.ui/examples/heap/simple/locsets.key 
71375      DEBUG main            d.u.i.k.p.i.AbstractProblemLoader Environment load took 127.2ns 
71376      INFO  main            d.u.i.k.p.i.AbstractProblemLoader Creating init config 
74266      DEBUG main            d.u.i.k.p.i.AbstractProblemLoader Init config took 2.89s 
74288      INFO  main            d.u.i.k.p.i.AbstractProblemLoader Replaying proof locsets.key 
74290      DEBUG main            d.u.i.k.p.i.IntermediateProofReplayer Proof replay took 8.8ns 
74393      INFO  main            d.u.i.k.p.r.p.TestFile    ... finished proof: closed. 
74625      INFO  main            d.u.i.k.p.i.AbstractProblemLoader Loading environment from /home/runner/work/key/key/key.core/../key.ui/examples/heap/simple/locsets.key.proof 
74625      DEBUG main            d.u.i.k.p.i.AbstractProblemLoader Environment load took 147.5ns 
74626      INFO  main            d.u.i.k.p.i.AbstractProblemLoader Creating init config 
77478      DEBUG main            d.u.i.k.p.i.AbstractProblemLoader Init config took 2.85s 
77498      INFO  main            d.u.i.k.p.i.AbstractProblemLoader Replaying proof locsets.key.proof 
77501      DEBUG main            d.u.i.k.p.i.IntermediateProofReplayer Proof replay took 1.73ms 
77502      DEBUG main            d.u.i.k.p.r.p.TestFile    ... success: reloaded. 
77503      INFO  main            d.u.i.k.p.r.p.TestFile    Now processing file /home/runner/work/key/key/key.core/../key.ui/examples/heap/simple/loop1.key 
77504      INFO  main            d.u.i.k.p.i.AbstractProblemLoader Loading environment from /home/runner/work/key/key/key.core/../key.ui/examples/heap/simple/loop1.key 
77504      DEBUG main            d.u.i.k.p.i.AbstractProblemLoader Environment load took 127.7ns 
77505      INFO  main            d.u.i.k.p.i.AbstractProblemLoader Creating init config 
80791      DEBUG main            d.u.i.k.p.i.AbstractProblemLoader Init config took 3.29s 
80810      INFO  main            d.u.i.k.p.i.AbstractProblemLoader Replaying proof loop1.key 
80811      DEBUG main            d.u.i.k.p.i.IntermediateProofReplayer Proof replay took 9.1ns 
81020      INFO  main            d.u.i.k.p.r.p.TestFile    ... finished proof: closed. 
81262      INFO  main            d.u.i.k.p.i.AbstractProblemLoader Loading environment from /home/runner/work/key/key/key.core/../key.ui/examples/heap/simple/loop1.key.proof 
81263      DEBUG main            d.u.i.k.p.i.AbstractProblemLoader Environment load took 622.8ns 
81265      INFO  main            d.u.i.k.p.i.AbstractProblemLoader Creating init config 
84515      DEBUG main            d.u.i.k.p.i.AbstractProblemLoader Init config took 3.25s 
84535      INFO  main            d.u.i.k.p.i.AbstractProblemLoader Replaying proof loop1.key.proof 
84611      DEBUG main            d.u.i.k.p.i.IntermediateProofReplayer Proof replay took 72.53ms 
84613      DEBUG main            d.u.i.k.p.r.p.TestFile    ... success: reloaded. 
84614      INFO  main            d.u.i.k.p.r.p.TestFile    Now processing file /home/runner/work/key/key/key.core/../key.ui/examples/heap/simple/loop2.key 
84615      INFO  main            d.u.i.k.p.i.AbstractProblemLoader Loading environment from /home/runner/work/key/key/key.core/../key.ui/examples/heap/simple/loop2.key 
84615      DEBUG main            d.u.i.k.p.i.AbstractProblemLoader Environment load took 245.7ns 
84617      INFO  main            d.u.i.k.p.i.AbstractProblemLoader Creating init config 
87872      DEBUG main            d.u.i.k.p.i.AbstractProblemLoader Init config took 3.25s 
87891      INFO  main            d.u.i.k.p.i.AbstractProblemLoader Replaying proof loop2.key 
87894      DEBUG main            d.u.i.k.p.i.IntermediateProofReplayer Proof replay took 8.2ns 
88599      INFO  main            d.u.i.k.p.r.p.TestFile    ... finished proof: closed. 
88921      INFO  main            d.u.i.k.p.i.AbstractProblemLoader Loading environment from /home/runner/work/key/key/key.core/../key.ui/examples/heap/simple/loop2.key.proof 
88922      DEBUG main            d.u.i.k.p.i.AbstractProblemLoader Environment load took 531.4ns 
88924      INFO  main            d.u.i.k.p.i.AbstractProblemLoader Creating init config 
92084      DEBUG main            d.u.i.k.p.i.AbstractProblemLoader Init config took 3.16s 
92103      INFO  main            d.u.i.k.p.i.AbstractProblemLoader Replaying proof loop2.key.proof 
92238      DEBUG main            d.u.i.k.p.i.IntermediateProofReplayer Proof replay took 128.69ms 
92240      DEBUG main            d.u.i.k.p.r.p.TestFile    ... success: reloaded. 
92242      INFO  main            d.u.i.k.p.r.p.TestFile    Now processing file /home/runner/work/key/key/key.core/../key.ui/examples/heap/simple/modifies_datagroup.key 
92243      INFO  main            d.u.i.k.p.i.AbstractProblemLoader Loading environment from /home/runner/work/key/key/key.core/../key.ui/examples/heap/simple/modifies_datagroup.key 
92243      DEBUG main            d.u.i.k.p.i.AbstractProblemLoader Environment load took 365ns 
92244      INFO  main            d.u.i.k.p.i.AbstractProblemLoader Creating init config 
95249      DEBUG main            d.u.i.k.p.i.AbstractProblemLoader Init config took 3s 
95272      INFO  main            d.u.i.k.p.i.AbstractProblemLoader Replaying proof modifies_datagroup.key 
95273      DEBUG main            d.u.i.k.p.i.IntermediateProofReplayer Proof replay took 10.7ns 
95377      INFO  main            d.u.i.k.p.r.p.TestFile    ... finished proof: closed. 
95650      INFO  main            d.u.i.k.p.i.AbstractProblemLoader Loading environment from /home/runner/work/key/key/key.core/../key.ui/examples/heap/simple/modifies_datagroup.key.proof 
95650      DEBUG main            d.u.i.k.p.i.AbstractProblemLoader Environment load took 161.6ns 
95652      INFO  main            d.u.i.k.p.i.AbstractProblemLoader Creating init config 
98512      DEBUG main            d.u.i.k.p.i.AbstractProblemLoader Init config took 2.86s 
98528      INFO  main            d.u.i.k.p.i.AbstractProblemLoader Replaying proof modifies_datagroup.key.proof 
98534      DEBUG main            d.u.i.k.p.i.IntermediateProofReplayer Proof replay took 3.57ms 
98535      DEBUG main            d.u.i.k.p.r.p.TestFile    ... success: reloaded. 
98536      INFO  main            d.u.i.k.p.r.p.TestFile    Now processing file /home/runner/work/key/key/key.core/../key.ui/examples/heap/simple/modifies.key 
98536      INFO  main            d.u.i.k.p.i.AbstractProblemLoader Loading environment from /home/runner/work/key/key/key.core/../key.ui/examples/heap/simple/modifies.key 
98537      DEBUG main            d.u.i.k.p.i.AbstractProblemLoader Environment load took 289.3ns 
98539      INFO  main            d.u.i.k.p.i.AbstractProblemLoader Creating init config 
101394     DEBUG main            d.u.i.k.p.i.AbstractProblemLoader Init config took 2.86s 
101411     INFO  main            d.u.i.k.p.i.AbstractProblemLoader Replaying proof modifies.key 
101413     DEBUG main            d.u.i.k.p.i.IntermediateProofReplayer Proof replay took 8.6ns 
101517     INFO  main            d.u.i.k.p.r.p.TestFile    ... finished proof: closed. 
101816     INFO  main            d.u.i.k.p.i.AbstractProblemLoader Loading environment from /home/runner/work/key/key/key.core/../key.ui/examples/heap/simple/modifies.key.proof 
101817     DEBUG main            d.u.i.k.p.i.AbstractProblemLoader Environment load took 143.9ns 
101819     INFO  main            d.u.i.k.p.i.AbstractProblemLoader Creating init config 
104663     DEBUG main            d.u.i.k.p.i.AbstractProblemLoader Init config took 2.84s 
104679     INFO  main            d.u.i.k.p.i.AbstractProblemLoader Replaying proof modifies.key.proof 
104695     DEBUG main            d.u.i.k.p.i.IntermediateProofReplayer Proof replay took 13.96ms 
104697     DEBUG main            d.u.i.k.p.r.p.TestFile    ... success: reloaded. 
104697     INFO  main            d.u.i.k.p.r.p.TestFile    Now processing file /home/runner/work/key/key/key.core/../key.ui/examples/heap/simple/object_creation.key 
104697     INFO  main            d.u.i.k.p.i.AbstractProblemLoader Loading environment from /home/runner/work/key/key/key.core/../key.ui/examples/heap/simple/object_creation.key 
104698     DEBUG main            d.u.i.k.p.i.AbstractProblemLoader Environment load took 91.2ns 
104699     INFO  main            d.u.i.k.p.i.AbstractProblemLoader Creating init config 
107599     DEBUG main            d.u.i.k.p.i.AbstractProblemLoader Init config took 2.9s 
107616     INFO  main            d.u.i.k.p.i.AbstractProblemLoader Replaying proof object_creation.key 
107617     DEBUG main            d.u.i.k.p.i.IntermediateProofReplayer Proof replay took 8.4ns 
107922     INFO  main            d.u.i.k.p.r.p.TestFile    ... finished proof: closed. 
108219     INFO  main            d.u.i.k.p.i.AbstractProblemLoader Loading environment from /home/runner/work/key/key/key.core/../key.ui/examples/heap/simple/object_creation.key.proof 
108220     DEBUG main            d.u.i.k.p.i.AbstractProblemLoader Environment load took 562.3ns 
108221     INFO  main            d.u.i.k.p.i.AbstractProblemLoader Creating init config 
110973     DEBUG main            d.u.i.k.p.i.AbstractProblemLoader Init config took 2.75s 
110991     INFO  main            d.u.i.k.p.i.AbstractProblemLoader Replaying proof object_creation.key.proof 
111049     DEBUG main            d.u.i.k.p.i.IntermediateProofReplayer Proof replay took 54.84ms 
111051     DEBUG main            d.u.i.k.p.r.p.TestFile    ... success: reloaded. 
111052     INFO  main            d.u.i.k.p.r.p.TestFile    Now processing file /home/runner/work/key/key/key.core/../key.ui/examples/heap/simple/operation_contracts.key 
111052     INFO  main            d.u.i.k.p.i.AbstractProblemLoader Loading environment from /home/runner/work/key/key/key.core/../key.ui/examples/heap/simple/operation_contracts.key 
111052     DEBUG main            d.u.i.k.p.i.AbstractProblemLoader Environment load took 240.9ns 
111055     INFO  main            d.u.i.k.p.i.AbstractProblemLoader Creating init config 
114182     DEBUG main            d.u.i.k.p.i.AbstractProblemLoader Init config took 3.13s 
114199     INFO  main            d.u.i.k.p.i.AbstractProblemLoader Replaying proof operation_contracts.key 
114201     DEBUG main            d.u.i.k.p.i.IntermediateProofReplayer Proof replay took 8.1ns 
115208     INFO  main            d.u.i.k.p.r.p.TestFile    ... finished proof: closed. 
115540     INFO  main            d.u.i.k.p.i.AbstractProblemLoader Loading environment from /home/runner/work/key/key/key.core/../key.ui/examples/heap/simple/operation_contracts.key.proof 
115540     DEBUG main            d.u.i.k.p.i.AbstractProblemLoader Environment load took 201.2ns 
115543     INFO  main            d.u.i.k.p.i.AbstractProblemLoader Creating init config 
118675     DEBUG main            d.u.i.k.p.i.AbstractProblemLoader Init config took 3.13s 
118692     INFO  main            d.u.i.k.p.i.AbstractProblemLoader Replaying proof operation_contracts.key.proof 
118872     DEBUG main            d.u.i.k.p.i.IntermediateProofReplayer Proof replay took 171.38ms 
118875     DEBUG main            d.u.i.k.p.r.p.TestFile    ... success: reloaded. 
118877     INFO  main            d.u.i.k.p.r.p.TestFile    Now processing file /home/runner/work/key/key/key.core/../key.ui/examples/heap/simple/select_store.key 
118877     INFO  main            d.u.i.k.p.i.AbstractProblemLoader Loading environment from /home/runner/work/key/key/key.core/../key.ui/examples/heap/simple/select_store.key 
118877     DEBUG main            d.u.i.k.p.i.AbstractProblemLoader Environment load took 251.3ns 
118879     INFO  main            d.u.i.k.p.i.AbstractProblemLoader Creating init config 
121738     DEBUG main            d.u.i.k.p.i.AbstractProblemLoader Init config took 2.86s 
121754     INFO  main            d.u.i.k.p.i.AbstractProblemLoader Replaying proof select_store.key 
121755     DEBUG main            d.u.i.k.p.i.IntermediateProofReplayer Proof replay took 33ns 
121857     INFO  main            d.u.i.k.p.r.p.TestFile    ... finished proof: closed. 
122172     INFO  main            d.u.i.k.p.i.AbstractProblemLoader Loading environment from /home/runner/work/key/key/key.core/../key.ui/examples/heap/simple/select_store.key.proof 
122173     DEBUG main            d.u.i.k.p.i.AbstractProblemLoader Environment load took 448.8ns 
122175     INFO  main            d.u.i.k.p.i.AbstractProblemLoader Creating init config 
124925     DEBUG main            d.u.i.k.p.i.AbstractProblemLoader Init config took 2.75s 
124941     INFO  main            d.u.i.k.p.i.AbstractProblemLoader Replaying proof select_store.key.proof 
124947     DEBUG main            d.u.i.k.p.i.IntermediateProofReplayer Proof replay took 4.09ms 
124948     DEBUG main            d.u.i.k.p.r.p.TestFile    ... success: reloaded. 
124949     INFO  main            d.u.i.k.p.r.p.TestFile    Now processing file /home/runner/work/key/key/key.core/../key.ui/examples/heap/simple/selection_sort.key 
124949     INFO  main            d.u.i.k.p.i.AbstractProblemLoader Loading environment from /home/runner/work/key/key/key.core/../key.ui/examples/heap/simple/selection_sort.key 
124949     DEBUG main            d.u.i.k.p.i.AbstractProblemLoader Environment load took 102ns 
124951     INFO  main            d.u.i.k.p.i.AbstractProblemLoader Creating init config 
128037     DEBUG main            d.u.i.k.p.i.AbstractProblemLoader Init config took 3.09s 
128054     INFO  main            d.u.i.k.p.i.AbstractProblemLoader Replaying proof selection_sort.key 
128057     DEBUG main            d.u.i.k.p.i.IntermediateProofReplayer Proof replay took 8.1ns 
132510     INFO  main            d.u.i.k.p.r.p.TestFile    ... finished proof: closed. 
132886     INFO  main            d.u.i.k.p.i.AbstractProblemLoader Loading environment from /home/runner/work/key/key/key.core/../key.ui/examples/heap/simple/selection_sort.key.proof 
132886     DEBUG main            d.u.i.k.p.i.AbstractProblemLoader Environment load took 286.4ns 
132888     INFO  main            d.u.i.k.p.i.AbstractProblemLoader Creating init config 
135866     DEBUG main            d.u.i.k.p.i.AbstractProblemLoader Init config took 2.98s 
135883     INFO  main            d.u.i.k.p.i.AbstractProblemLoader Replaying proof selection_sort.key.proof 
136457     DEBUG main            d.u.i.k.p.i.IntermediateProofReplayer Proof replay took 547.87ms 
136459     DEBUG main            d.u.i.k.p.r.p.TestFile    ... success: reloaded. 
136461     INFO  main            d.u.i.k.p.r.p.TestFile    Now processing file /home/runner/work/key/key/key.core/../key.ui/examples/heap/simple/seq.key 
136461     INFO  main            d.u.i.k.p.i.AbstractProblemLoader Loading environment from /home/runner/work/key/key/key.core/../key.ui/examples/heap/simple/seq.key 
136462     DEBUG main            d.u.i.k.p.i.AbstractProblemLoader Environment load took 235.7ns 
136463     INFO  main            d.u.i.k.p.i.AbstractProblemLoader Creating init config 
139255     DEBUG main            d.u.i.k.p.i.AbstractProblemLoader Init config took 2.79s 
139272     INFO  main            d.u.i.k.p.i.AbstractProblemLoader Replaying proof seq.key 
139274     DEBUG main            d.u.i.k.p.i.IntermediateProofReplayer Proof replay took 7.8ns 
139806     INFO  main            d.u.i.k.p.r.p.TestFile    ... finished proof: closed. 
140158     INFO  main            d.u.i.k.p.i.AbstractProblemLoader Loading environment from /home/runner/work/key/key/key.core/../key.ui/examples/heap/simple/seq.key.proof 
140159     DEBUG main            d.u.i.k.p.i.AbstractProblemLoader Environment load took 725.91ns 
140162     INFO  main            d.u.i.k.p.i.AbstractProblemLoader Creating init config 
142881     DEBUG main            d.u.i.k.p.i.AbstractProblemLoader Init config took 2.72s 
142899     INFO  main            d.u.i.k.p.i.AbstractProblemLoader Replaying proof seq.key.proof 
142947     DEBUG main            d.u.i.k.p.i.IntermediateProofReplayer Proof replay took 42.76ms 
142949     DEBUG main            d.u.i.k.p.r.p.TestFile    ... success: reloaded. 
142950     INFO  main            d.u.i.k.p.r.p.TestFile    Now processing file /home/runner/work/key/key/key.core/../key.ui/examples/heap/simple/oldForParams.key 
142951     INFO  main            d.u.i.k.p.i.AbstractProblemLoader Loading environment from /home/runner/work/key/key/key.core/../key.ui/examples/heap/simple/oldForParams.key 
142951     DEBUG main            d.u.i.k.p.i.AbstractProblemLoader Environment load took 234.5ns 
142952     INFO  main            d.u.i.k.p.i.AbstractProblemLoader Creating init config 
146048     DEBUG main            d.u.i.k.p.i.AbstractProblemLoader Init config took 3.1s 
146130     INFO  main            d.u.i.k.p.i.AbstractProblemLoader Replaying proof OldForParameters[OldForParameters::method(int)].JML operation contract.0 
146133     DEBUG main            d.u.i.k.p.i.IntermediateProofReplayer Proof replay took 7.2ns 
146436     INFO  main            d.u.i.k.p.r.p.TestFile    ... finished proof: closed. 
146782     INFO  main            d.u.i.k.p.i.AbstractProblemLoader Loading environment from /home/runner/work/key/key/key.core/../key.ui/examples/heap/simple/oldForParams.key.proof 
146782     DEBUG main            d.u.i.k.p.i.AbstractProblemLoader Environment load took 140.2ns 
146784     INFO  main            d.u.i.k.p.i.AbstractProblemLoader Creating init config 
149826     DEBUG main            d.u.i.k.p.i.AbstractProblemLoader Init config took 3.04s 
149878     INFO  main            d.u.i.k.p.i.AbstractProblemLoader Replaying proof OldForParameters[OldForParameters::method(int)].JML operation contract.0 
149927     DEBUG main            d.u.i.k.p.i.IntermediateProofReplayer Proof replay took 46.09ms 
149929     DEBUG main            d.u.i.k.p.r.p.TestFile    ... success: reloaded. 
149931     INFO  main            d.u.i.k.p.r.p.TestFile    Now processing file /home/runner/work/key/key/key.core/../key.ui/examples/heap/simple/parse_lmtd.key 
149931     INFO  main            d.u.i.k.p.i.AbstractProblemLoader Loading environment from /home/runner/work/key/key/key.core/../key.ui/examples/heap/simple/parse_lmtd.key 
149932     DEBUG main            d.u.i.k.p.i.AbstractProblemLoader Environment load took 237ns 
149933     INFO  main            d.u.i.k.p.i.AbstractProblemLoader Creating init config 
153003     DEBUG main            d.u.i.k.p.i.AbstractProblemLoader Init config took 3.07s 
153051     INFO  main            d.u.i.k.p.i.AbstractProblemLoader Replaying proof ParseLmtd[ParseLmtd::simple(int)].JML normal_behavior operation contract.0 
153052     DEBUG main            d.u.i.k.p.i.IntermediateProofReplayer Proof replay took 6.4ns 
153258     INFO  main            d.u.i.k.p.r.p.TestFile    ... finished proof: closed. 
153642     INFO  main            d.u.i.k.p.i.AbstractProblemLoader Loading environment from /home/runner/work/key/key/key.core/../key.ui/examples/heap/simple/parse_lmtd.key.proof 
153642     DEBUG main            d.u.i.k.p.i.AbstractProblemLoader Environment load took 128.4ns 
153643     INFO  main            d.u.i.k.p.i.AbstractProblemLoader Creating init config 
156651     DEBUG main            d.u.i.k.p.i.AbstractProblemLoader Init config took 3.01s 
156698     INFO  main            d.u.i.k.p.i.AbstractProblemLoader Replaying proof ParseLmtd[ParseLmtd::simple(int)].JML normal_behavior operation contract.0 
156725     DEBUG main            d.u.i.k.p.i.IntermediateProofReplayer Proof replay took 23.25ms 
156726     DEBUG main            d.u.i.k.p.r.p.TestFile    ... success: reloaded. 
156730     INFO  main            d.u.i.k.p.r.p.TestFile    Now processing file /home/runner/work/key/key/key.core/../key.ui/examples/heap/strictly_pure/strictlyPureMethod.key 
156731     INFO  main            d.u.i.k.p.i.AbstractProblemLoader Loading environment from /home/runner/work/key/key/key.core/../key.ui/examples/heap/strictly_pure/strictlyPureMethod.key 
156731     DEBUG main            d.u.i.k.p.i.AbstractProblemLoader Environment load took 235.7ns 
156732     INFO  main            d.u.i.k.p.i.AbstractProblemLoader Creating init config 
159705     DEBUG main            d.u.i.k.p.i.AbstractProblemLoader Init config took 2.97s 
159750     INFO  main            d.u.i.k.p.i.AbstractProblemLoader Replaying proof StrictlyPure[StrictlyPure::strictlyPureMethod()].JML operation contract.0 
159752     DEBUG main            d.u.i.k.p.i.IntermediateProofReplayer Proof replay took 7ns 
159959     INFO  main            d.u.i.k.p.r.p.TestFile    ... finished proof: closed. 
160367     INFO  main            d.u.i.k.p.i.AbstractProblemLoader Loading environment from /home/runner/work/key/key/key.core/../key.ui/examples/heap/strictly_pure/strictlyPureMethod.key.proof 
160367     DEBUG main            d.u.i.k.p.i.AbstractProblemLoader Environment load took 118.3ns 
160369     INFO  main            d.u.i.k.p.i.AbstractProblemLoader Creating init config 
163271     DEBUG main            d.u.i.k.p.i.AbstractProblemLoader Init config took 2.9s 
163315     INFO  main            d.u.i.k.p.i.AbstractProblemLoader Replaying proof StrictlyPure[StrictlyPure::strictlyPureMethod()].JML operation contract.0 
163359     DEBUG main            d.u.i.k.p.i.IntermediateProofReplayer Proof replay took 40.82ms 
163360     DEBUG main            d.u.i.k.p.r.p.TestFile    ... success: reloaded. 
163362     INFO  main            d.u.i.k.p.r.p.TestFile    Now processing file /home/runner/work/key/key/key.core/../key.ui/examples/heap/strictly_pure/useStrictlyPureMethod.key 
163362     INFO  main            d.u.i.k.p.i.AbstractProblemLoader Loading environment from /home/runner/work/key/key/key.core/../key.ui/examples/heap/strictly_pure/useStrictlyPureMethod.key 
163362     DEBUG main            d.u.i.k.p.i.AbstractProblemLoader Environment load took 134.1ns 
163363     INFO  main            d.u.i.k.p.i.AbstractProblemLoader Creating init config 
166331     DEBUG main            d.u.i.k.p.i.AbstractProblemLoader Init config took 2.97s 
166374     INFO  main            d.u.i.k.p.i.AbstractProblemLoader Replaying proof StrictlyPure[StrictlyPure::useStrictlyPureMethod(StrictlyPureClass)].JML operation contract.0 
166375     DEBUG main            d.u.i.k.p.i.IntermediateProofReplayer Proof replay took 24.4ns 
166682     INFO  main            d.u.i.k.p.r.p.TestFile    ... finished proof: closed. 
167027     INFO  main            d.u.i.k.p.i.AbstractProblemLoader Loading environment from /home/runner/work/key/key/key.core/../key.ui/examples/heap/strictly_pure/useStrictlyPureMethod.key.proof 
167030     DEBUG main            d.u.i.k.p.i.AbstractProblemLoader Environment load took 2.34ms 
167031     INFO  main            d.u.i.k.p.i.AbstractProblemLoader Creating init config 
169914     DEBUG main            d.u.i.k.p.i.AbstractProblemLoader Init config took 2.88s 
169961     INFO  main            d.u.i.k.p.i.AbstractProblemLoader Replaying proof StrictlyPure[StrictlyPure::useStrictlyPureMethod(StrictlyPureClass)].JML operation contract.0 
170024     DEBUG main            d.u.i.k.p.i.IntermediateProofReplayer Proof replay took 59.65ms 
170026     DEBUG main            d.u.i.k.p.r.p.TestFile    ... success: reloaded. 
170027     INFO  main            d.u.i.k.p.r.p.TestFile    Now processing file /home/runner/work/key/key/key.core/../key.ui/examples/heap/Wellfounded/ackermann.key 
170027     INFO  main            d.u.i.k.p.i.AbstractProblemLoader Loading environment from /home/runner/work/key/key/key.core/../key.ui/examples/heap/Wellfounded/ackermann.key 
170027     DEBUG main            d.u.i.k.p.i.AbstractProblemLoader Environment load took 173.5ns 
170028     INFO  main            d.u.i.k.p.i.AbstractProblemLoader Creating init config 
172957     DEBUG main            d.u.i.k.p.i.AbstractProblemLoader Init config took 2.93s 
173025     INFO  main            d.u.i.k.p.i.AbstractProblemLoader Replaying proof Ackermann[Ackermann::a(int,int)].JML normal_behavior operation contract.0 
173028     DEBUG main            d.u.i.k.p.i.IntermediateProofReplayer Proof replay took 7.1ns 
173333     INFO  main            d.u.i.k.p.r.p.TestFile    ... finished proof: closed. 
173702     INFO  main            d.u.i.k.p.i.AbstractProblemLoader Loading environment from /home/runner/work/key/key/key.core/../key.ui/examples/heap/Wellfounded/ackermann.key.proof 
173703     DEBUG main            d.u.i.k.p.i.AbstractProblemLoader Environment load took 935.91ns 
173705     INFO  main            d.u.i.k.p.i.AbstractProblemLoader Creating init config 
176637     DEBUG main            d.u.i.k.p.i.AbstractProblemLoader Init config took 2.93s 
176681     INFO  main            d.u.i.k.p.i.AbstractProblemLoader Replaying proof Ackermann[Ackermann::a(int,int)].JML normal_behavior operation contract.0 
176779     DEBUG main            d.u.i.k.p.i.IntermediateProofReplayer Proof replay took 93.73ms 
176780     DEBUG main            d.u.i.k.p.r.p.TestFile    ... success: reloaded. 
176781     INFO  main            d.u.i.k.p.r.p.TestFile    Now processing file /home/runner/work/key/key/key.core/../key.ui/examples/standard_key/unicode_test.key 
176781     INFO  main            d.u.i.k.p.i.AbstractProblemLoader Loading environment from /home/runner/work/key/key/key.core/../key.ui/examples/standard_key/unicode_test.key 
176781     DEBUG main            d.u.i.k.p.i.AbstractProblemLoader Environment load took 169.4ns 
176784     INFO  main            d.u.i.k.p.i.AbstractProblemLoader Creating init config 
179696     DEBUG main            d.u.i.k.p.i.AbstractProblemLoader Init config took 2.91s 
179712     INFO  main            d.u.i.k.p.i.AbstractProblemLoader Replaying proof unicode_test.key 
179714     DEBUG main            d.u.i.k.p.i.IntermediateProofReplayer Proof replay took 29.3ns 
179817     INFO  main            d.u.i.k.p.r.p.TestFile    ... finished proof: closed. 
180180     INFO  main            d.u.i.k.p.i.AbstractProblemLoader Loading environment from /home/runner/work/key/key/key.core/../key.ui/examples/standard_key/unicode_test.key.proof 
180180     DEBUG main            d.u.i.k.p.i.AbstractProblemLoader Environment load took 164.5ns 
180181     INFO  main            d.u.i.k.p.i.AbstractProblemLoader Creating init config 
182884     DEBUG main            d.u.i.k.p.i.AbstractProblemLoader Init config took 2.7s 
182899     INFO  main            d.u.i.k.p.i.AbstractProblemLoader Replaying proof unicode_test.key.proof 
182902     DEBUG main            d.u.i.k.p.i.IntermediateProofReplayer Proof replay took 458.3ns 
182903     DEBUG main            d.u.i.k.p.r.p.TestFile    ... success: reloaded. 
182904     INFO  main            d.u.i.k.p.r.p.TestFile    Now processing file /home/runner/work/key/key/key.core/../key.ui/examples/heap/strictlyModular/mayExpand.key 
182904     INFO  main            d.u.i.k.p.i.AbstractProblemLoader Loading environment from /home/runner/work/key/key/key.core/../key.ui/examples/heap/strictlyModular/mayExpand.key 
182905     DEBUG main            d.u.i.k.p.i.AbstractProblemLoader Environment load took 517.6ns 
182906     INFO  main            d.u.i.k.p.i.AbstractProblemLoader Creating init config 
185860     DEBUG main            d.u.i.k.p.i.AbstractProblemLoader Init config took 2.95s 
185903     INFO  main            d.u.i.k.p.i.AbstractProblemLoader Replaying proof Modular[Modular::m()].JML operation contract.0 
185905     DEBUG main            d.u.i.k.p.i.IntermediateProofReplayer Proof replay took 7.6ns 
186007     INFO  main            d.u.i.k.p.r.p.TestFile    ... finished proof: closed. 
186365     INFO  main            d.u.i.k.p.i.AbstractProblemLoader Loading environment from /home/runner/work/key/key/key.core/../key.ui/examples/heap/strictlyModular/mayExpand.key.proof 
186366     DEBUG main            d.u.i.k.p.i.AbstractProblemLoader Environment load took 166.2ns 
186367     INFO  main            d.u.i.k.p.i.AbstractProblemLoader Creating init config 
189256     DEBUG main            d.u.i.k.p.i.AbstractProblemLoader Init config took 2.89s 
189315     INFO  main            d.u.i.k.p.i.AbstractProblemLoader Replaying proof Modular[Modular::m()].JML operation contract.0 
189334     DEBUG main            d.u.i.k.p.i.IntermediateProofReplayer Proof replay took 16.55ms 
189335     DEBUG main            d.u.i.k.p.r.p.TestFile    ... success: reloaded. 
189336     INFO  main            d.u.i.k.p.r.p.TestFile    Now processing file /home/runner/work/key/key/key.core/../key.ui/examples/heap/strictlyModular/modularOnly.key 
189337     INFO  main            d.u.i.k.p.i.AbstractProblemLoader Loading environment from /home/runner/work/key/key/key.core/../key.ui/examples/heap/strictlyModular/modularOnly.key 
189337     DEBUG main            d.u.i.k.p.i.AbstractProblemLoader Environment load took 117.7ns 
189338     INFO  main            d.u.i.k.p.i.AbstractProblemLoader Creating init config 
192271     DEBUG main            d.u.i.k.p.i.AbstractProblemLoader Init config took 2.93s 
192314     INFO  main            d.u.i.k.p.i.AbstractProblemLoader Replaying proof Modular[Modular::m()].JML operation contract.0 
192315     DEBUG main            d.u.i.k.p.i.IntermediateProofReplayer Proof replay took 7ns 
192419     INFO  main            d.u.i.k.p.r.p.TestFile    ... finished proof: open goal(s) 
2353191    INFO  Test worker     d.u.i.k.p.r.p.StatisticsFile Returning from test simpleTests 
2353194    INFO  Test worker     d.u.i.k.p.r.p.StatisticsFile Running test SmansEtAl 
442        INFO  Timeout watchdog d.u.i.k.p.r.p.ForkedTestFileRunner Timeout watcher launched (2000 secs.) 
450        WARN  main            d.u.i.k.s.ProofSettings   The settings in /home/runner/.key/proof-settings.props are *not* read. 
485        INFO  main            d.u.i.k.p.r.p.TestFile    Now processing file /home/runner/work/key/key/key.core/../key.ui/examples/heap/SmansEtAl/ArrayList_add.key 
613        INFO  main            d.u.i.k.p.i.AbstractProblemLoader Loading environment from /home/runner/work/key/key/key.core/../key.ui/examples/heap/SmansEtAl/ArrayList_add.key 
642        DEBUG main            d.u.i.k.p.i.AbstractProblemLoader Environment load took 2.87ms 
935        INFO  main            d.u.i.k.p.i.AbstractProblemLoader Creating init config 
2189       DEBUG main            d.u.i.k.j.TypeConverter   No LDT found for Meta 
2190       DEBUG main            d.u.i.k.j.TypeConverter   No LDT found for Meta 
2194       DEBUG main            d.u.i.k.j.TypeConverter   No LDT found for Meta 
2194       DEBUG main            d.u.i.k.j.TypeConverter   No LDT found for Meta 
4362       DEBUG main            d.u.i.k.j.TypeConverter   No LDT found for JavaBigintExpression 
10757      DEBUG main            d.u.i.k.p.i.AbstractProblemLoader Init config took 9.82s 
10995      INFO  main            d.u.i.k.p.i.AbstractProblemLoader Replaying proof ArrayList[ArrayList::add(java.lang.Object)].JML normal_behavior operation contract.0 
11047      DEBUG main            d.u.i.k.p.i.IntermediateProofReplayer Proof replay took 38.9ns 
20476      INFO  main            d.u.i.k.p.r.p.TestFile    ... finished proof: closed. 
20726      INFO  main            d.u.i.k.p.i.AbstractProblemLoader Loading environment from /home/runner/work/key/key/key.core/../key.ui/examples/heap/SmansEtAl/ArrayList_add.key.proof 
20730      DEBUG main            d.u.i.k.p.i.AbstractProblemLoader Environment load took 3.18ms 
20742      INFO  main            d.u.i.k.p.i.AbstractProblemLoader Creating init config 
24498      DEBUG main            d.u.i.k.p.i.AbstractProblemLoader Init config took 3.76s 
24607      INFO  main            d.u.i.k.p.i.AbstractProblemLoader Replaying proof ArrayList[ArrayList::add(java.lang.Object)].JML normal_behavior operation contract.0 
25757      DEBUG main            d.u.i.k.p.i.IntermediateProofReplayer Proof replay took 1.09s 
25768      DEBUG main            d.u.i.k.p.r.p.TestFile    ... success: reloaded. 
25771      INFO  main            d.u.i.k.p.r.p.TestFile    Now processing file /home/runner/work/key/key/key.core/../key.ui/examples/heap/SmansEtAl/ArrayList_ArrayList.key 
25772      INFO  main            d.u.i.k.p.i.AbstractProblemLoader Loading environment from /home/runner/work/key/key/key.core/../key.ui/examples/heap/SmansEtAl/ArrayList_ArrayList.key 
25772      DEBUG main            d.u.i.k.p.i.AbstractProblemLoader Environment load took 301ns 
25774      INFO  main            d.u.i.k.p.i.AbstractProblemLoader Creating init config 
29524      DEBUG main            d.u.i.k.p.i.AbstractProblemLoader Init config took 3.75s 
29598      INFO  main            d.u.i.k.p.i.AbstractProblemLoader Replaying proof ArrayList[ArrayList::ArrayList()].JML normal_behavior operation contract.0 
29601      DEBUG main            d.u.i.k.p.i.IntermediateProofReplayer Proof replay took 6.9ns 
30808      INFO  main            d.u.i.k.p.r.p.TestFile    ... finished proof: closed. 
31093      INFO  main            d.u.i.k.p.i.AbstractProblemLoader Loading environment from /home/runner/work/key/key/key.core/../key.ui/examples/heap/SmansEtAl/ArrayList_ArrayList.key.proof 
31093      DEBUG main            d.u.i.k.p.i.AbstractProblemLoader Environment load took 176.1ns 
31095      INFO  main            d.u.i.k.p.i.AbstractProblemLoader Creating init config 
34671      DEBUG main            d.u.i.k.p.i.AbstractProblemLoader Init config took 3.58s 
34736      INFO  main            d.u.i.k.p.i.AbstractProblemLoader Replaying proof ArrayList[ArrayList::ArrayList()].JML normal_behavior operation contract.0 
34958      DEBUG main            d.u.i.k.p.i.IntermediateProofReplayer Proof replay took 176.28ms 
34961      DEBUG main            d.u.i.k.p.r.p.TestFile    ... success: reloaded. 
34963      INFO  main            d.u.i.k.p.r.p.TestFile    Now processing file /home/runner/work/key/key/key.core/../key.ui/examples/heap/SmansEtAl/ArrayList_footprint.key 
34963      INFO  main            d.u.i.k.p.i.AbstractProblemLoader Loading environment from /home/runner/work/key/key/key.core/../key.ui/examples/heap/SmansEtAl/ArrayList_footprint.key 
34964      DEBUG main            d.u.i.k.p.i.AbstractProblemLoader Environment load took 308.1ns 
34965      INFO  main            d.u.i.k.p.i.AbstractProblemLoader Creating init config 
38526      DEBUG main            d.u.i.k.p.i.AbstractProblemLoader Init config took 3.56s 
38591      INFO  main            d.u.i.k.p.i.AbstractProblemLoader Replaying proof ArrayList[ArrayList::$footprint()].JML accessible clause.0 
38594      DEBUG main            d.u.i.k.p.i.IntermediateProofReplayer Proof replay took 6.7ns 
38698      INFO  main            d.u.i.k.p.r.p.TestFile    ... finished proof: closed. 
38878      INFO  main            d.u.i.k.p.i.AbstractProblemLoader Loading environment from /home/runner/work/key/key/key.core/../key.ui/examples/heap/SmansEtAl/ArrayList_footprint.key.proof 
38878      DEBUG main            d.u.i.k.p.i.AbstractProblemLoader Environment load took 226.2ns 
38880      INFO  main            d.u.i.k.p.i.AbstractProblemLoader Creating init config 
42312      DEBUG main            d.u.i.k.p.i.AbstractProblemLoader Init config took 3.43s 
42367      INFO  main            d.u.i.k.p.i.AbstractProblemLoader Replaying proof ArrayList[ArrayList::$footprint()].JML accessible clause.0 
42382      DEBUG main            d.u.i.k.p.i.IntermediateProofReplayer Proof replay took 11.77ms 
42383      DEBUG main            d.u.i.k.p.r.p.TestFile    ... success: reloaded. 
42384      INFO  main            d.u.i.k.p.r.p.TestFile    Now processing file /home/runner/work/key/key/key.core/../key.ui/examples/heap/SmansEtAl/ArrayList_get_dep.key 
42385      INFO  main            d.u.i.k.p.i.AbstractProblemLoader Loading environment from /home/runner/work/key/key/key.core/../key.ui/examples/heap/SmansEtAl/ArrayList_get_dep.key 
42385      DEBUG main            d.u.i.k.p.i.AbstractProblemLoader Environment load took 222ns 
42386      INFO  main            d.u.i.k.p.i.AbstractProblemLoader Creating init config 
45752      DEBUG main            d.u.i.k.p.i.AbstractProblemLoader Init config took 3.37s 
45843      INFO  main            d.u.i.k.p.i.AbstractProblemLoader Replaying proof ArrayList[ArrayList::get(int)].JML accessible clause.0 
45848      DEBUG main            d.u.i.k.p.i.IntermediateProofReplayer Proof replay took 6.6ns 
46252      INFO  main            d.u.i.k.p.r.p.TestFile    ... finished proof: closed. 
46562      INFO  main            d.u.i.k.p.i.AbstractProblemLoader Loading environment from /home/runner/work/key/key/key.core/../key.ui/examples/heap/SmansEtAl/ArrayList_get_dep.key.proof 
46563      DEBUG main            d.u.i.k.p.i.AbstractProblemLoader Environment load took 536.61ns 
46564      INFO  main            d.u.i.k.p.i.AbstractProblemLoader Creating init config 
50013      DEBUG main            d.u.i.k.p.i.AbstractProblemLoader Init config took 3.45s 
50088      INFO  main            d.u.i.k.p.i.AbstractProblemLoader Replaying proof ArrayList[ArrayList::get(int)].JML accessible clause.0 
50152      DEBUG main            d.u.i.k.p.i.IntermediateProofReplayer Proof replay took 59.22ms 
50154      DEBUG main            d.u.i.k.p.r.p.TestFile    ... success: reloaded. 
50155      INFO  main            d.u.i.k.p.r.p.TestFile    Now processing file /home/runner/work/key/key/key.core/../key.ui/examples/heap/SmansEtAl/ArrayList_get.key 
50156      INFO  main            d.u.i.k.p.i.AbstractProblemLoader Loading environment from /home/runner/work/key/key/key.core/../key.ui/examples/heap/SmansEtAl/ArrayList_get.key 
50156      DEBUG main            d.u.i.k.p.i.AbstractProblemLoader Environment load took 266.4ns 
50157      INFO  main            d.u.i.k.p.i.AbstractProblemLoader Creating init config 
53575      DEBUG main            d.u.i.k.p.i.AbstractProblemLoader Init config took 3.42s 
53632      INFO  main            d.u.i.k.p.i.AbstractProblemLoader Replaying proof ArrayList[ArrayList::get(int)].JML normal_behavior operation contract.0 
53635      DEBUG main            d.u.i.k.p.i.IntermediateProofReplayer Proof replay took 6.4ns 
53837      INFO  main            d.u.i.k.p.r.p.TestFile    ... finished proof: closed. 
54097      INFO  main            d.u.i.k.p.i.AbstractProblemLoader Loading environment from /home/runner/work/key/key/key.core/../key.ui/examples/heap/SmansEtAl/ArrayList_get.key.proof 
54098      DEBUG main            d.u.i.k.p.i.AbstractProblemLoader Environment load took 706.51ns 
54100      INFO  main            d.u.i.k.p.i.AbstractProblemLoader Creating init config 
57394      DEBUG main            d.u.i.k.p.i.AbstractProblemLoader Init config took 3.29s 
57448      INFO  main            d.u.i.k.p.i.AbstractProblemLoader Replaying proof ArrayList[ArrayList::get(int)].JML normal_behavior operation contract.0 
57483      DEBUG main            d.u.i.k.p.i.IntermediateProofReplayer Proof replay took 31.33ms 
57484      DEBUG main            d.u.i.k.p.r.p.TestFile    ... success: reloaded. 
57485      INFO  main            d.u.i.k.p.r.p.TestFile    Now processing file /home/runner/work/key/key/key.core/../key.ui/examples/heap/SmansEtAl/ArrayList_inv.key 
57486      INFO  main            d.u.i.k.p.i.AbstractProblemLoader Loading environment from /home/runner/work/key/key/key.core/../key.ui/examples/heap/SmansEtAl/ArrayList_inv.key 
57486      DEBUG main            d.u.i.k.p.i.AbstractProblemLoader Environment load took 275.6ns 
57488      INFO  main            d.u.i.k.p.i.AbstractProblemLoader Creating init config 
60824      DEBUG main            d.u.i.k.p.i.AbstractProblemLoader Init config took 3.34s 
60876      INFO  main            d.u.i.k.p.i.AbstractProblemLoader Replaying proof ArrayList[java.lang.Object::<inv>()].JML accessible clause.0 
60878      DEBUG main            d.u.i.k.p.i.IntermediateProofReplayer Proof replay took 6.7ns 
60983      INFO  main            d.u.i.k.p.r.p.TestFile    ... finished proof: closed. 
61200      INFO  main            d.u.i.k.p.i.AbstractProblemLoader Loading environment from /home/runner/work/key/key/key.core/../key.ui/examples/heap/SmansEtAl/ArrayList_inv.key.proof 
61200      DEBUG main            d.u.i.k.p.i.AbstractProblemLoader Environment load took 141.4ns 
61201      INFO  main            d.u.i.k.p.i.AbstractProblemLoader Creating init config 
64531      DEBUG main            d.u.i.k.p.i.AbstractProblemLoader Init config took 3.33s 
64594      INFO  main            d.u.i.k.p.i.AbstractProblemLoader Replaying proof ArrayList[java.lang.Object::<inv>()].JML accessible clause.0 
64611      DEBUG main            d.u.i.k.p.i.IntermediateProofReplayer Proof replay took 11.91ms 
64613      DEBUG main            d.u.i.k.p.r.p.TestFile    ... success: reloaded. 
64615      INFO  main            d.u.i.k.p.r.p.TestFile    Now processing file /home/runner/work/key/key/key.core/../key.ui/examples/heap/SmansEtAl/ArrayList_size_dep.key 
64616      INFO  main            d.u.i.k.p.i.AbstractProblemLoader Loading environment from /home/runner/work/key/key/key.core/../key.ui/examples/heap/SmansEtAl/ArrayList_size_dep.key 
64616      DEBUG main            d.u.i.k.p.i.AbstractProblemLoader Environment load took 272.8ns 
64618      INFO  main            d.u.i.k.p.i.AbstractProblemLoader Creating init config 
68023      DEBUG main            d.u.i.k.p.i.AbstractProblemLoader Init config took 3.4s 
68075      INFO  main            d.u.i.k.p.i.AbstractProblemLoader Replaying proof ArrayList[ArrayList::size()].JML accessible clause.0 
68077      DEBUG main            d.u.i.k.p.i.IntermediateProofReplayer Proof replay took 6.7ns 
68180      INFO  main            d.u.i.k.p.r.p.TestFile    ... finished proof: closed. 
68457      INFO  main            d.u.i.k.p.i.AbstractProblemLoader Loading environment from /home/runner/work/key/key/key.core/../key.ui/examples/heap/SmansEtAl/ArrayList_size_dep.key.proof 
68457      DEBUG main            d.u.i.k.p.i.AbstractProblemLoader Environment load took 143.2ns 
68459      INFO  main            d.u.i.k.p.i.AbstractProblemLoader Creating init config 
71697      DEBUG main            d.u.i.k.p.i.AbstractProblemLoader Init config took 3.24s 
71766      INFO  main            d.u.i.k.p.i.AbstractProblemLoader Replaying proof ArrayList[ArrayList::size()].JML accessible clause.0 
71786      DEBUG main            d.u.i.k.p.i.IntermediateProofReplayer Proof replay took 16.61ms 
71787      DEBUG main            d.u.i.k.p.r.p.TestFile    ... success: reloaded. 
71788      INFO  main            d.u.i.k.p.r.p.TestFile    Now processing file /home/runner/work/key/key/key.core/../key.ui/examples/heap/SmansEtAl/ArrayList_size.key 
71789      INFO  main            d.u.i.k.p.i.AbstractProblemLoader Loading environment from /home/runner/work/key/key/key.core/../key.ui/examples/heap/SmansEtAl/ArrayList_size.key 
71789      DEBUG main            d.u.i.k.p.i.AbstractProblemLoader Environment load took 268.1ns 
71790      INFO  main            d.u.i.k.p.i.AbstractProblemLoader Creating init config 
75179      DEBUG main            d.u.i.k.p.i.AbstractProblemLoader Init config took 3.39s 
75228      INFO  main            d.u.i.k.p.i.AbstractProblemLoader Replaying proof ArrayList[ArrayList::size()].JML normal_behavior operation contract.0 
75230      DEBUG main            d.u.i.k.p.i.IntermediateProofReplayer Proof replay took 6.5ns 
75334      INFO  main            d.u.i.k.p.r.p.TestFile    ... finished proof: closed. 
75568      INFO  main            d.u.i.k.p.i.AbstractProblemLoader Loading environment from /home/runner/work/key/key/key.core/../key.ui/examples/heap/SmansEtAl/ArrayList_size.key.proof 
75569      DEBUG main            d.u.i.k.p.i.AbstractProblemLoader Environment load took 138.5ns 
75570      INFO  main            d.u.i.k.p.i.AbstractProblemLoader Creating init config 
78972      DEBUG main            d.u.i.k.p.i.AbstractProblemLoader Init config took 3.4s 
79024      INFO  main            d.u.i.k.p.i.AbstractProblemLoader Replaying proof ArrayList[ArrayList::size()].JML normal_behavior operation contract.0 
79044      DEBUG main            d.u.i.k.p.i.IntermediateProofReplayer Proof replay took 16.04ms 
79047      DEBUG main            d.u.i.k.p.r.p.TestFile    ... success: reloaded. 
79054      INFO  main            d.u.i.k.p.r.p.TestFile    Now processing file /home/runner/work/key/key/key.core/../key.ui/examples/heap/SmansEtAl/Cell_Cell.key 
79057      INFO  main            d.u.i.k.p.i.AbstractProblemLoader Loading environment from /home/runner/work/key/key/key.core/../key.ui/examples/heap/SmansEtAl/Cell_Cell.key 
79057      DEBUG main            d.u.i.k.p.i.AbstractProblemLoader Environment load took 584.51ns 
79059      INFO  main            d.u.i.k.p.i.AbstractProblemLoader Creating init config 
82438      DEBUG main            d.u.i.k.p.i.AbstractProblemLoader Init config took 3.38s 
82487      INFO  main            d.u.i.k.p.i.AbstractProblemLoader Replaying proof Cell[Cell::Cell()].JML normal_behavior operation contract.0 
82489      DEBUG main            d.u.i.k.p.i.IntermediateProofReplayer Proof replay took 6.8ns 
82795      INFO  main            d.u.i.k.p.r.p.TestFile    ... finished proof: closed. 
83023      INFO  main            d.u.i.k.p.i.AbstractProblemLoader Loading environment from /home/runner/work/key/key/key.core/../key.ui/examples/heap/SmansEtAl/Cell_Cell.key.proof 
83024      DEBUG main            d.u.i.k.p.i.AbstractProblemLoader Environment load took 500.9ns 
83025      INFO  main            d.u.i.k.p.i.AbstractProblemLoader Creating init config 
86487      DEBUG main            d.u.i.k.p.i.AbstractProblemLoader Init config took 3.46s 
86532      INFO  main            d.u.i.k.p.i.AbstractProblemLoader Replaying proof Cell[Cell::Cell()].JML normal_behavior operation contract.0 
86601      DEBUG main            d.u.i.k.p.i.IntermediateProofReplayer Proof replay took 65.61ms 
86602      DEBUG main            d.u.i.k.p.r.p.TestFile    ... success: reloaded. 
86604      INFO  main            d.u.i.k.p.r.p.TestFile    Now processing file /home/runner/work/key/key/key.core/../key.ui/examples/heap/SmansEtAl/Cell_footprint.key 
86604      INFO  main            d.u.i.k.p.i.AbstractProblemLoader Loading environment from /home/runner/work/key/key/key.core/../key.ui/examples/heap/SmansEtAl/Cell_footprint.key 
86604      DEBUG main            d.u.i.k.p.i.AbstractProblemLoader Environment load took 157.4ns 
86606      INFO  main            d.u.i.k.p.i.AbstractProblemLoader Creating init config 
90094      DEBUG main            d.u.i.k.p.i.AbstractProblemLoader Init config took 3.49s 
90143      INFO  main            d.u.i.k.p.i.AbstractProblemLoader Replaying proof Cell[Cell::$footprint()].JML accessible clause.0 
90145      DEBUG main            d.u.i.k.p.i.IntermediateProofReplayer Proof replay took 6.9ns 
90250      INFO  main            d.u.i.k.p.r.p.TestFile    ... finished proof: closed. 
90517      INFO  main            d.u.i.k.p.i.AbstractProblemLoader Loading environment from /home/runner/work/key/key/key.core/../key.ui/examples/heap/SmansEtAl/Cell_footprint.key.proof 
90517      DEBUG main            d.u.i.k.p.i.AbstractProblemLoader Environment load took 676.51ns 
90519      INFO  main            d.u.i.k.p.i.AbstractProblemLoader Creating init config 
94000      DEBUG main            d.u.i.k.p.i.AbstractProblemLoader Init config took 3.48s 
94050      INFO  main            d.u.i.k.p.i.AbstractProblemLoader Replaying proof Cell[Cell::$footprint()].JML accessible clause.0 
94057      DEBUG main            d.u.i.k.p.i.IntermediateProofReplayer Proof replay took 4.67ms 
94058      DEBUG main            d.u.i.k.p.r.p.TestFile    ... success: reloaded. 
94060      INFO  main            d.u.i.k.p.r.p.TestFile    Now processing file /home/runner/work/key/key/key.core/../key.ui/examples/heap/SmansEtAl/Cell_getX_dep.key 
94060      INFO  main            d.u.i.k.p.i.AbstractProblemLoader Loading environment from /home/runner/work/key/key/key.core/../key.ui/examples/heap/SmansEtAl/Cell_getX_dep.key 
94060      DEBUG main            d.u.i.k.p.i.AbstractProblemLoader Environment load took 125.2ns 
94061      INFO  main            d.u.i.k.p.i.AbstractProblemLoader Creating init config 
97464      DEBUG main            d.u.i.k.p.i.AbstractProblemLoader Init config took 3.4s 
97506      INFO  main            d.u.i.k.p.i.AbstractProblemLoader Replaying proof Cell[Cell::getX()].JML accessible clause.0 
97509      DEBUG main            d.u.i.k.p.i.IntermediateProofReplayer Proof replay took 6.3ns 
97611      INFO  main            d.u.i.k.p.r.p.TestFile    ... finished proof: closed. 
97881      INFO  main            d.u.i.k.p.i.AbstractProblemLoader Loading environment from /home/runner/work/key/key/key.core/../key.ui/examples/heap/SmansEtAl/Cell_getX_dep.key.proof 
97881      DEBUG main            d.u.i.k.p.i.AbstractProblemLoader Environment load took 151ns 
97883      INFO  main            d.u.i.k.p.i.AbstractProblemLoader Creating init config 
101222     DEBUG main            d.u.i.k.p.i.AbstractProblemLoader Init config took 3.34s 
101270     INFO  main            d.u.i.k.p.i.AbstractProblemLoader Replaying proof Cell[Cell::getX()].JML accessible clause.0 
101287     DEBUG main            d.u.i.k.p.i.IntermediateProofReplayer Proof replay took 14.28ms 
101288     DEBUG main            d.u.i.k.p.r.p.TestFile    ... success: reloaded. 
101290     INFO  main            d.u.i.k.p.r.p.TestFile    Now processing file /home/runner/work/key/key/key.core/../key.ui/examples/heap/SmansEtAl/Cell_getX.key 
101290     INFO  main            d.u.i.k.p.i.AbstractProblemLoader Loading environment from /home/runner/work/key/key/key.core/../key.ui/examples/heap/SmansEtAl/Cell_getX.key 
101290     DEBUG main            d.u.i.k.p.i.AbstractProblemLoader Environment load took 126.8ns 
101291     INFO  main            d.u.i.k.p.i.AbstractProblemLoader Creating init config 
104632     DEBUG main            d.u.i.k.p.i.AbstractProblemLoader Init config took 3.34s 
104677     INFO  main            d.u.i.k.p.i.AbstractProblemLoader Replaying proof Cell[Cell::getX()].JML normal_behavior operation contract.0 
104680     DEBUG main            d.u.i.k.p.i.IntermediateProofReplayer Proof replay took 6.8ns 
104781     INFO  main            d.u.i.k.p.r.p.TestFile    ... finished proof: closed. 
105048     INFO  main            d.u.i.k.p.i.AbstractProblemLoader Loading environment from /home/runner/work/key/key/key.core/../key.ui/examples/heap/SmansEtAl/Cell_getX.key.proof 
105049     DEBUG main            d.u.i.k.p.i.AbstractProblemLoader Environment load took 154.5ns 
105050     INFO  main            d.u.i.k.p.i.AbstractProblemLoader Creating init config 
108304     DEBUG main            d.u.i.k.p.i.AbstractProblemLoader Init config took 3.25s 
108351     INFO  main            d.u.i.k.p.i.AbstractProblemLoader Replaying proof Cell[Cell::getX()].JML normal_behavior operation contract.0 
108369     DEBUG main            d.u.i.k.p.i.IntermediateProofReplayer Proof replay took 14.93ms 
108371     DEBUG main            d.u.i.k.p.r.p.TestFile    ... success: reloaded. 
108372     INFO  main            d.u.i.k.p.r.p.TestFile    Now processing file /home/runner/work/key/key/key.core/../key.ui/examples/heap/SmansEtAl/Cell_inv.key 
108373     INFO  main            d.u.i.k.p.i.AbstractProblemLoader Loading environment from /home/runner/work/key/key/key.core/../key.ui/examples/heap/SmansEtAl/Cell_inv.key 
108373     DEBUG main            d.u.i.k.p.i.AbstractProblemLoader Environment load took 365.9ns 
108375     INFO  main            d.u.i.k.p.i.AbstractProblemLoader Creating init config 
111739     DEBUG main            d.u.i.k.p.i.AbstractProblemLoader Init config took 3.36s 
111789     INFO  main            d.u.i.k.p.i.AbstractProblemLoader Replaying proof Cell[java.lang.Object::<inv>()].JML accessible clause.0 
111792     DEBUG main            d.u.i.k.p.i.IntermediateProofReplayer Proof replay took 7.3ns 
111898     INFO  main            d.u.i.k.p.r.p.TestFile    ... finished proof: closed. 
112162     INFO  main            d.u.i.k.p.i.AbstractProblemLoader Loading environment from /home/runner/work/key/key/key.core/../key.ui/examples/heap/SmansEtAl/Cell_inv.key.proof 
112162     DEBUG main            d.u.i.k.p.i.AbstractProblemLoader Environment load took 188ns 
112163     INFO  main            d.u.i.k.p.i.AbstractProblemLoader Creating init config 
115350     DEBUG main            d.u.i.k.p.i.AbstractProblemLoader Init config took 3.19s 
115393     INFO  main            d.u.i.k.p.i.AbstractProblemLoader Replaying proof Cell[java.lang.Object::<inv>()].JML accessible clause.0 
115396     DEBUG main            d.u.i.k.p.i.IntermediateProofReplayer Proof replay took 1.97ms 
115397     DEBUG main            d.u.i.k.p.r.p.TestFile    ... success: reloaded. 
115399     INFO  main            d.u.i.k.p.r.p.TestFile    Now processing file /home/runner/work/key/key/key.core/../key.ui/examples/heap/SmansEtAl/Cell_setX.key 
115399     INFO  main            d.u.i.k.p.i.AbstractProblemLoader Loading environment from /home/runner/work/key/key/key.core/../key.ui/examples/heap/SmansEtAl/Cell_setX.key 
115399     DEBUG main            d.u.i.k.p.i.AbstractProblemLoader Environment load took 158.4ns 
115400     INFO  main            d.u.i.k.p.i.AbstractProblemLoader Creating init config 
118699     DEBUG main            d.u.i.k.p.i.AbstractProblemLoader Init config took 3.3s 
118741     INFO  main            d.u.i.k.p.i.AbstractProblemLoader Replaying proof Cell[Cell::setX(int)].JML normal_behavior operation contract.0 
118743     DEBUG main            d.u.i.k.p.i.IntermediateProofReplayer Proof replay took 7.1ns 
118845     INFO  main            d.u.i.k.p.r.p.TestFile    ... finished proof: closed. 
119123     INFO  main            d.u.i.k.p.i.AbstractProblemLoader Loading environment from /home/runner/work/key/key/key.core/../key.ui/examples/heap/SmansEtAl/Cell_setX.key.proof 
119123     DEBUG main            d.u.i.k.p.i.AbstractProblemLoader Environment load took 128.8ns 
119125     INFO  main            d.u.i.k.p.i.AbstractProblemLoader Creating init config 
122347     DEBUG main            d.u.i.k.p.i.AbstractProblemLoader Init config took 3.22s 
122389     INFO  main            d.u.i.k.p.i.AbstractProblemLoader Replaying proof Cell[Cell::setX(int)].JML normal_behavior operation contract.0 
122416     DEBUG main            d.u.i.k.p.i.IntermediateProofReplayer Proof replay took 24.38ms 
122417     DEBUG main            d.u.i.k.p.r.p.TestFile    ... success: reloaded. 
122418     INFO  main            d.u.i.k.p.r.p.TestFile    Now processing file /home/runner/work/key/key/key.core/../key.ui/examples/heap/SmansEtAl/CellClient_m.key 
122418     INFO  main            d.u.i.k.p.i.AbstractProblemLoader Loading environment from /home/runner/work/key/key/key.core/../key.ui/examples/heap/SmansEtAl/CellClient_m.key 
122418     DEBUG main            d.u.i.k.p.i.AbstractProblemLoader Environment load took 222.1ns 
122420     INFO  main            d.u.i.k.p.i.AbstractProblemLoader Creating init config 
125630     DEBUG main            d.u.i.k.p.i.AbstractProblemLoader Init config took 3.21s 
125671     INFO  main            d.u.i.k.p.i.AbstractProblemLoader Replaying proof CellClient[CellClient::m()].JML operation contract.0 
125673     DEBUG main            d.u.i.k.p.i.IntermediateProofReplayer Proof replay took 6.4ns 
126277     INFO  main            d.u.i.k.p.r.p.TestFile    ... finished proof: closed. 
126585     INFO  main            d.u.i.k.p.i.AbstractProblemLoader Loading environment from /home/runner/work/key/key/key.core/../key.ui/examples/heap/SmansEtAl/CellClient_m.key.proof 
126585     DEBUG main            d.u.i.k.p.i.AbstractProblemLoader Environment load took 496.11ns 
126587     INFO  main            d.u.i.k.p.i.AbstractProblemLoader Creating init config 
129739     DEBUG main            d.u.i.k.p.i.AbstractProblemLoader Init config took 3.15s 
129780     INFO  main            d.u.i.k.p.i.AbstractProblemLoader Replaying proof CellClient[CellClient::m()].JML operation contract.0 
129908     DEBUG main            d.u.i.k.p.i.IntermediateProofReplayer Proof replay took 123.77ms 
129910     DEBUG main            d.u.i.k.p.r.p.TestFile    ... success: reloaded. 
129911     INFO  main            d.u.i.k.p.r.p.TestFile    Now processing file /home/runner/work/key/key/key.core/../key.ui/examples/heap/SmansEtAl/Iterator_footprint.key 
129912     INFO  main            d.u.i.k.p.i.AbstractProblemLoader Loading environment from /home/runner/work/key/key/key.core/../key.ui/examples/heap/SmansEtAl/Iterator_footprint.key 
129912     DEBUG main            d.u.i.k.p.i.AbstractProblemLoader Environment load took 271.2ns 
129913     INFO  main            d.u.i.k.p.i.AbstractProblemLoader Creating init config 
133150     DEBUG main            d.u.i.k.p.i.AbstractProblemLoader Init config took 3.24s 
133199     INFO  main            d.u.i.k.p.i.AbstractProblemLoader Replaying proof Iterator[Iterator::$footprint()].JML accessible clause.0 
133201     DEBUG main            d.u.i.k.p.i.IntermediateProofReplayer Proof replay took 6.4ns 
133306     INFO  main            d.u.i.k.p.r.p.TestFile    ... finished proof: closed. 
133595     INFO  main            d.u.i.k.p.i.AbstractProblemLoader Loading environment from /home/runner/work/key/key/key.core/../key.ui/examples/heap/SmansEtAl/Iterator_footprint.key.proof 
133595     DEBUG main            d.u.i.k.p.i.AbstractProblemLoader Environment load took 225.31ns 
133597     INFO  main            d.u.i.k.p.i.AbstractProblemLoader Creating init config 
136784     DEBUG main            d.u.i.k.p.i.AbstractProblemLoader Init config took 3.19s 
136827     INFO  main            d.u.i.k.p.i.AbstractProblemLoader Replaying proof Iterator[Iterator::$footprint()].JML accessible clause.0 
136836     DEBUG main            d.u.i.k.p.i.IntermediateProofReplayer Proof replay took 7.25ms 
136837     DEBUG main            d.u.i.k.p.r.p.TestFile    ... success: reloaded. 
136839     INFO  main            d.u.i.k.p.r.p.TestFile    Now processing file /home/runner/work/key/key/key.core/../key.ui/examples/heap/SmansEtAl/Iterator_hasNext_dep.key 
136840     INFO  main            d.u.i.k.p.i.AbstractProblemLoader Loading environment from /home/runner/work/key/key/key.core/../key.ui/examples/heap/SmansEtAl/Iterator_hasNext_dep.key 
136840     DEBUG main            d.u.i.k.p.i.AbstractProblemLoader Environment load took 255.3ns 
136841     INFO  main            d.u.i.k.p.i.AbstractProblemLoader Creating init config 
140058     DEBUG main            d.u.i.k.p.i.AbstractProblemLoader Init config took 3.22s 
140103     INFO  main            d.u.i.k.p.i.AbstractProblemLoader Replaying proof Iterator[Iterator::hasNext()].JML accessible clause.0 
140106     DEBUG main            d.u.i.k.p.i.IntermediateProofReplayer Proof replay took 6.3ns 
140913     INFO  main            d.u.i.k.p.r.p.TestFile    ... finished proof: closed. 
141216     INFO  main            d.u.i.k.p.i.AbstractProblemLoader Loading environment from /home/runner/work/key/key/key.core/../key.ui/examples/heap/SmansEtAl/Iterator_hasNext_dep.key.proof 
141217     DEBUG main            d.u.i.k.p.i.AbstractProblemLoader Environment load took 542.9ns 
141219     INFO  main            d.u.i.k.p.i.AbstractProblemLoader Creating init config 
144417     DEBUG main            d.u.i.k.p.i.AbstractProblemLoader Init config took 3.2s 
144477     INFO  main            d.u.i.k.p.i.AbstractProblemLoader Replaying proof Iterator[Iterator::hasNext()].JML accessible clause.0 
144587     DEBUG main            d.u.i.k.p.i.IntermediateProofReplayer Proof replay took 101.96ms 
144590     DEBUG main            d.u.i.k.p.r.p.TestFile    ... success: reloaded. 
144592     INFO  main            d.u.i.k.p.r.p.TestFile    Now processing file /home/runner/work/key/key/key.core/../key.ui/examples/heap/SmansEtAl/Iterator_hasNext.key 
144592     INFO  main            d.u.i.k.p.i.AbstractProblemLoader Loading environment from /home/runner/work/key/key/key.core/../key.ui/examples/heap/SmansEtAl/Iterator_hasNext.key 
144593     DEBUG main            d.u.i.k.p.i.AbstractProblemLoader Environment load took 332.9ns 
144594     INFO  main            d.u.i.k.p.i.AbstractProblemLoader Creating init config 
147850     DEBUG main            d.u.i.k.p.i.AbstractProblemLoader Init config took 3.26s 
147894     INFO  main            d.u.i.k.p.i.AbstractProblemLoader Replaying proof Iterator[Iterator::hasNext()].JML normal_behavior operation contract.0 
147896     DEBUG main            d.u.i.k.p.i.IntermediateProofReplayer Proof replay took 7.2ns 
148601     INFO  main            d.u.i.k.p.r.p.TestFile    ... finished proof: closed. 
148944     INFO  main            d.u.i.k.p.i.AbstractProblemLoader Loading environment from /home/runner/work/key/key/key.core/../key.ui/examples/heap/SmansEtAl/Iterator_hasNext.key.proof 
148945     DEBUG main            d.u.i.k.p.i.AbstractProblemLoader Environment load took 169.2ns 
148946     INFO  main            d.u.i.k.p.i.AbstractProblemLoader Creating init config 
152098     DEBUG main            d.u.i.k.p.i.AbstractProblemLoader Init config took 3.15s 
152145     INFO  main            d.u.i.k.p.i.AbstractProblemLoader Replaying proof Iterator[Iterator::hasNext()].JML normal_behavior operation contract.0 
152245     DEBUG main            d.u.i.k.p.i.IntermediateProofReplayer Proof replay took 92.74ms 
152247     DEBUG main            d.u.i.k.p.r.p.TestFile    ... success: reloaded. 
152248     INFO  main            d.u.i.k.p.r.p.TestFile    Now processing file /home/runner/work/key/key/key.core/../key.ui/examples/heap/SmansEtAl/Iterator_inv.key 
152248     INFO  main            d.u.i.k.p.i.AbstractProblemLoader Loading environment from /home/runner/work/key/key/key.core/../key.ui/examples/heap/SmansEtAl/Iterator_inv.key 
152248     DEBUG main            d.u.i.k.p.i.AbstractProblemLoader Environment load took 133.2ns 
152249     INFO  main            d.u.i.k.p.i.AbstractProblemLoader Creating init config 
155487     DEBUG main            d.u.i.k.p.i.AbstractProblemLoader Init config took 3.24s 
155530     INFO  main            d.u.i.k.p.i.AbstractProblemLoader Replaying proof Iterator[java.lang.Object::<inv>()].JML accessible clause.0 
155532     DEBUG main            d.u.i.k.p.i.IntermediateProofReplayer Proof replay took 7.4ns 
155737     INFO  main            d.u.i.k.p.r.p.TestFile    ... finished proof: closed. 
156090     INFO  main            d.u.i.k.p.i.AbstractProblemLoader Loading environment from /home/runner/work/key/key/key.core/../key.ui/examples/heap/SmansEtAl/Iterator_inv.key.proof 
156091     DEBUG main            d.u.i.k.p.i.AbstractProblemLoader Environment load took 118ns 
156092     INFO  main            d.u.i.k.p.i.AbstractProblemLoader Creating init config 
159237     DEBUG main            d.u.i.k.p.i.AbstractProblemLoader Init config took 3.14s 
159280     INFO  main            d.u.i.k.p.i.AbstractProblemLoader Replaying proof Iterator[java.lang.Object::<inv>()].JML accessible clause.0 
159306     DEBUG main            d.u.i.k.p.i.IntermediateProofReplayer Proof replay took 23.04ms 
159307     DEBUG main            d.u.i.k.p.r.p.TestFile    ... success: reloaded. 
159308     INFO  main            d.u.i.k.p.r.p.TestFile    Now processing file /home/runner/work/key/key/key.core/../key.ui/examples/heap/SmansEtAl/Iterator_Iterator.key 
159309     INFO  main            d.u.i.k.p.i.AbstractProblemLoader Loading environment from /home/runner/work/key/key/key.core/../key.ui/examples/heap/SmansEtAl/Iterator_Iterator.key 
159309     DEBUG main            d.u.i.k.p.i.AbstractProblemLoader Environment load took 232.2ns 
159310     INFO  main            d.u.i.k.p.i.AbstractProblemLoader Creating init config 
162521     DEBUG main            d.u.i.k.p.i.AbstractProblemLoader Init config took 3.21s 
162568     INFO  main            d.u.i.k.p.i.AbstractProblemLoader Replaying proof Iterator[Iterator::Iterator(ArrayList)].JML normal_behavior operation contract.0 
162570     DEBUG main            d.u.i.k.p.i.IntermediateProofReplayer Proof replay took 7.3ns 
164281     INFO  main            d.u.i.k.p.r.p.TestFile    ... finished proof: closed. 
164642     INFO  main            d.u.i.k.p.i.AbstractProblemLoader Loading environment from /home/runner/work/key/key/key.core/../key.ui/examples/heap/SmansEtAl/Iterator_Iterator.key.proof 
164643     DEBUG main            d.u.i.k.p.i.AbstractProblemLoader Environment load took 480.9ns 
164645     INFO  main            d.u.i.k.p.i.AbstractProblemLoader Creating init config 
167919     DEBUG main            d.u.i.k.p.i.AbstractProblemLoader Init config took 3.27s 
167966     INFO  main            d.u.i.k.p.i.AbstractProblemLoader Replaying proof Iterator[Iterator::Iterator(ArrayList)].JML normal_behavior operation contract.0 
168207     DEBUG main            d.u.i.k.p.i.IntermediateProofReplayer Proof replay took 223.25ms 
168208     DEBUG main            d.u.i.k.p.r.p.TestFile    ... success: reloaded. 
168210     INFO  main            d.u.i.k.p.r.p.TestFile    Now processing file /home/runner/work/key/key/key.core/../key.ui/examples/heap/SmansEtAl/Iterator_list_dep.key 
168210     INFO  main            d.u.i.k.p.i.AbstractProblemLoader Loading environment from /home/runner/work/key/key/key.core/../key.ui/examples/heap/SmansEtAl/Iterator_list_dep.key 
168211     DEBUG main            d.u.i.k.p.i.AbstractProblemLoader Environment load took 271.7ns 
168212     INFO  main            d.u.i.k.p.i.AbstractProblemLoader Creating init config 
171647     DEBUG main            d.u.i.k.p.i.AbstractProblemLoader Init config took 3.44s 
171693     INFO  main            d.u.i.k.p.i.AbstractProblemLoader Replaying proof Iterator[Iterator::list()].JML accessible clause.0 
171696     DEBUG main            d.u.i.k.p.i.IntermediateProofReplayer Proof replay took 6.3ns 
171798     INFO  main            d.u.i.k.p.r.p.TestFile    ... finished proof: closed. 
172138     INFO  main            d.u.i.k.p.i.AbstractProblemLoader Loading environment from /home/runner/work/key/key/key.core/../key.ui/examples/heap/SmansEtAl/Iterator_list_dep.key.proof 
172138     DEBUG main            d.u.i.k.p.i.AbstractProblemLoader Environment load took 149.4ns 
172140     INFO  main            d.u.i.k.p.i.AbstractProblemLoader Creating init config 
175418     DEBUG main            d.u.i.k.p.i.AbstractProblemLoader Init config took 3.28s 
175466     INFO  main            d.u.i.k.p.i.AbstractProblemLoader Replaying proof Iterator[Iterator::list()].JML accessible clause.0 
175489     DEBUG main            d.u.i.k.p.i.IntermediateProofReplayer Proof replay took 20.25ms 
175490     DEBUG main            d.u.i.k.p.r.p.TestFile    ... success: reloaded. 
175491     INFO  main            d.u.i.k.p.r.p.TestFile    Now processing file /home/runner/work/key/key/key.core/../key.ui/examples/heap/SmansEtAl/Iterator_list.key 
175492     INFO  main            d.u.i.k.p.i.AbstractProblemLoader Loading environment from /home/runner/work/key/key/key.core/../key.ui/examples/heap/SmansEtAl/Iterator_list.key 
175492     DEBUG main            d.u.i.k.p.i.AbstractProblemLoader Environment load took 121ns 
175493     INFO  main            d.u.i.k.p.i.AbstractProblemLoader Creating init config 
178751     DEBUG main            d.u.i.k.p.i.AbstractProblemLoader Init config took 3.26s 
178796     INFO  main            d.u.i.k.p.i.AbstractProblemLoader Replaying proof Iterator[Iterator::list()].JML normal_behavior operation contract.0 
178798     DEBUG main            d.u.i.k.p.i.IntermediateProofReplayer Proof replay took 7.1ns 
178901     INFO  main            d.u.i.k.p.r.p.TestFile    ... finished proof: closed. 
179258     INFO  main            d.u.i.k.p.i.AbstractProblemLoader Loading environment from /home/runner/work/key/key/key.core/../key.ui/examples/heap/SmansEtAl/Iterator_list.key.proof 
179258     DEBUG main            d.u.i.k.p.i.AbstractProblemLoader Environment load took 123ns 
179259     INFO  main            d.u.i.k.p.i.AbstractProblemLoader Creating init config 
182453     DEBUG main            d.u.i.k.p.i.AbstractProblemLoader Init config took 3.19s 
182498     INFO  main            d.u.i.k.p.i.AbstractProblemLoader Replaying proof Iterator[Iterator::list()].JML normal_behavior operation contract.0 
182515     DEBUG main            d.u.i.k.p.i.IntermediateProofReplayer Proof replay took 14.76ms 
182516     DEBUG main            d.u.i.k.p.r.p.TestFile    ... success: reloaded. 
182517     INFO  main            d.u.i.k.p.r.p.TestFile    Now processing file /home/runner/work/key/key/key.core/../key.ui/examples/heap/SmansEtAl/Iterator_next.key 
182517     INFO  main            d.u.i.k.p.i.AbstractProblemLoader Loading environment from /home/runner/work/key/key/key.core/../key.ui/examples/heap/SmansEtAl/Iterator_next.key 
182518     DEBUG main            d.u.i.k.p.i.AbstractProblemLoader Environment load took 119.8ns 
182519     INFO  main            d.u.i.k.p.i.AbstractProblemLoader Creating init config 
185767     DEBUG main            d.u.i.k.p.i.AbstractProblemLoader Init config took 3.25s 
185811     INFO  main            d.u.i.k.p.i.AbstractProblemLoader Replaying proof Iterator[Iterator::next()].JML normal_behavior operation contract.0 
185813     DEBUG main            d.u.i.k.p.i.IntermediateProofReplayer Proof replay took 7ns 
189127     INFO  main            d.u.i.k.p.r.p.TestFile    ... finished proof: closed. 
189516     INFO  main            d.u.i.k.p.i.AbstractProblemLoader Loading environment from /home/runner/work/key/key/key.core/../key.ui/examples/heap/SmansEtAl/Iterator_next.key.proof 
189516     DEBUG main            d.u.i.k.p.i.AbstractProblemLoader Environment load took 585.4ns 
189519     INFO  main            d.u.i.k.p.i.AbstractProblemLoader Creating init config 
192659     DEBUG main            d.u.i.k.p.i.AbstractProblemLoader Init config took 3.14s 
192702     INFO  main            d.u.i.k.p.i.AbstractProblemLoader Replaying proof Iterator[Iterator::next()].JML normal_behavior operation contract.0 
193033     DEBUG main            d.u.i.k.p.i.IntermediateProofReplayer Proof replay took 310.72ms 
193035     DEBUG main            d.u.i.k.p.r.p.TestFile    ... success: reloaded. 
193036     INFO  main            d.u.i.k.p.r.p.TestFile    Now processing file /home/runner/work/key/key/key.core/../key.ui/examples/heap/SmansEtAl/Stack_footprint.key 
193036     INFO  main            d.u.i.k.p.i.AbstractProblemLoader Loading environment from /home/runner/work/key/key/key.core/../key.ui/examples/heap/SmansEtAl/Stack_footprint.key 
193036     DEBUG main            d.u.i.k.p.i.AbstractProblemLoader Environment load took 128.7ns 
193037     INFO  main            d.u.i.k.p.i.AbstractProblemLoader Creating init config 
196273     DEBUG main            d.u.i.k.p.i.AbstractProblemLoader Init config took 3.24s 
196314     INFO  main            d.u.i.k.p.i.AbstractProblemLoader Replaying proof Stack[Stack::$footprint()].JML accessible clause.0 
196318     DEBUG main            d.u.i.k.p.i.IntermediateProofReplayer Proof replay took 6.5ns 
196521     INFO  main            d.u.i.k.p.r.p.TestFile    ... finished proof: closed. 
196883     INFO  main            d.u.i.k.p.i.AbstractProblemLoader Loading environment from /home/runner/work/key/key/key.core/../key.ui/examples/heap/SmansEtAl/Stack_footprint.key.proof 
196884     DEBUG main            d.u.i.k.p.i.AbstractProblemLoader Environment load took 728.21ns 
196885     INFO  main            d.u.i.k.p.i.AbstractProblemLoader Creating init config 
200029     DEBUG main            d.u.i.k.p.i.AbstractProblemLoader Init config took 3.14s 
200071     INFO  main            d.u.i.k.p.i.AbstractProblemLoader Replaying proof Stack[Stack::$footprint()].JML accessible clause.0 
200104     DEBUG main            d.u.i.k.p.i.IntermediateProofReplayer Proof replay took 28.3ms 
200106     DEBUG main            d.u.i.k.p.r.p.TestFile    ... success: reloaded. 
200113     INFO  main            d.u.i.k.p.r.p.TestFile    Now processing file /home/runner/work/key/key/key.core/../key.ui/examples/heap/SmansEtAl/Stack_inv.key 
200113     INFO  main            d.u.i.k.p.i.AbstractProblemLoader Loading environment from /home/runner/work/key/key/key.core/../key.ui/examples/heap/SmansEtAl/Stack_inv.key 
200114     DEBUG main            d.u.i.k.p.i.AbstractProblemLoader Environment load took 234.4ns 
200116     INFO  main            d.u.i.k.p.i.AbstractProblemLoader Creating init config 
203374     DEBUG main            d.u.i.k.p.i.AbstractProblemLoader Init config took 3.26s 
203415     INFO  main            d.u.i.k.p.i.AbstractProblemLoader Replaying proof Stack[java.lang.Object::<inv>()].JML accessible clause.0 
203417     DEBUG main            d.u.i.k.p.i.IntermediateProofReplayer Proof replay took 6.3ns 
203519     INFO  main            d.u.i.k.p.r.p.TestFile    ... finished proof: closed. 
203875     INFO  main            d.u.i.k.p.i.AbstractProblemLoader Loading environment from /home/runner/work/key/key/key.core/../key.ui/examples/heap/SmansEtAl/Stack_inv.key.proof 
203875     DEBUG main            d.u.i.k.p.i.AbstractProblemLoader Environment load took 110.9ns 
203877     INFO  main            d.u.i.k.p.i.AbstractProblemLoader Creating init config 
207060     DEBUG main            d.u.i.k.p.i.AbstractProblemLoader Init config took 3.18s 
207100     INFO  main            d.u.i.k.p.i.AbstractProblemLoader Replaying proof Stack[java.lang.Object::<inv>()].JML accessible clause.0 
207119     DEBUG main            d.u.i.k.p.i.IntermediateProofReplayer Proof replay took 11.81ms 
207124     DEBUG main            d.u.i.k.p.r.p.TestFile    ... success: reloaded. 
207125     INFO  main            d.u.i.k.p.r.p.TestFile    Now processing file /home/runner/work/key/key/key.core/../key.ui/examples/heap/SmansEtAl/Stack_push.key 
207126     INFO  main            d.u.i.k.p.i.AbstractProblemLoader Loading environment from /home/runner/work/key/key/key.core/../key.ui/examples/heap/SmansEtAl/Stack_push.key 
207126     DEBUG main            d.u.i.k.p.i.AbstractProblemLoader Environment load took 448.8ns 
207127     INFO  main            d.u.i.k.p.i.AbstractProblemLoader Creating init config 
210355     DEBUG main            d.u.i.k.p.i.AbstractProblemLoader Init config took 3.23s 
210398     INFO  main            d.u.i.k.p.i.AbstractProblemLoader Replaying proof Stack[Stack::push(java.lang.Object)].JML normal_behavior operation contract.0 
210401     DEBUG main            d.u.i.k.p.i.IntermediateProofReplayer Proof replay took 6.6ns 
211205     INFO  main            d.u.i.k.p.r.p.TestFile    ... finished proof: closed. 
211636     INFO  main            d.u.i.k.p.i.AbstractProblemLoader Loading environment from /home/runner/work/key/key/key.core/../key.ui/examples/heap/SmansEtAl/Stack_push.key.proof 
211638     DEBUG main            d.u.i.k.p.i.AbstractProblemLoader Environment load took 2.05ms 
211640     INFO  main            d.u.i.k.p.i.AbstractProblemLoader Creating init config 
214762     DEBUG main            d.u.i.k.p.i.AbstractProblemLoader Init config took 3.12s 
214817     INFO  main            d.u.i.k.p.i.AbstractProblemLoader Replaying proof Stack[Stack::push(java.lang.Object)].JML normal_behavior operation contract.0 
214950     DEBUG main            d.u.i.k.p.i.IntermediateProofReplayer Proof replay took 126.98ms 
214952     DEBUG main            d.u.i.k.p.r.p.TestFile    ... success: reloaded. 
214954     INFO  main            d.u.i.k.p.r.p.TestFile    Now processing file /home/runner/work/key/key/key.core/../key.ui/examples/heap/SmansEtAl/Stack_size.key 
214954     INFO  main            d.u.i.k.p.i.AbstractProblemLoader Loading environment from /home/runner/work/key/key/key.core/../key.ui/examples/heap/SmansEtAl/Stack_size.key 
214954     DEBUG main            d.u.i.k.p.i.AbstractProblemLoader Environment load took 158ns 
214956     INFO  main            d.u.i.k.p.i.AbstractProblemLoader Creating init config 
218119     DEBUG main            d.u.i.k.p.i.AbstractProblemLoader Init config took 3.16s 
218161     INFO  main            d.u.i.k.p.i.AbstractProblemLoader Replaying proof Stack[Stack::size()].JML accessible clause.0 
218163     DEBUG main            d.u.i.k.p.i.IntermediateProofReplayer Proof replay took 7.2ns 
218466     INFO  main            d.u.i.k.p.r.p.TestFile    ... finished proof: closed. 
218867     INFO  main            d.u.i.k.p.i.AbstractProblemLoader Loading environment from /home/runner/work/key/key/key.core/../key.ui/examples/heap/SmansEtAl/Stack_size.key.proof 
218867     DEBUG main            d.u.i.k.p.i.AbstractProblemLoader Environment load took 125.7ns 
218868     INFO  main            d.u.i.k.p.i.AbstractProblemLoader Creating init config 
221933     DEBUG main            d.u.i.k.p.i.AbstractProblemLoader Init config took 3.07s 
221994     INFO  main            d.u.i.k.p.i.AbstractProblemLoader Replaying proof Stack[Stack::size()].JML accessible clause.0 
222039     DEBUG main            d.u.i.k.p.i.IntermediateProofReplayer Proof replay took 41.88ms 
222041     DEBUG main            d.u.i.k.p.r.p.TestFile    ... success: reloaded. 
222043     INFO  main            d.u.i.k.p.r.p.TestFile    Now processing file /home/runner/work/key/key/key.core/../key.ui/examples/heap/SmansEtAl/Stack_Stack.key 
222043     INFO  main            d.u.i.k.p.i.AbstractProblemLoader Loading environment from /home/runner/work/key/key/key.core/../key.ui/examples/heap/SmansEtAl/Stack_Stack.key 
222043     DEBUG main            d.u.i.k.p.i.AbstractProblemLoader Environment load took 116.9ns 
222044     INFO  main            d.u.i.k.p.i.AbstractProblemLoader Creating init config 
225231     DEBUG main            d.u.i.k.p.i.AbstractProblemLoader Init config took 3.19s 
225275     INFO  main            d.u.i.k.p.i.AbstractProblemLoader Replaying proof Stack[Stack::Stack()].JML normal_behavior operation contract.0 
225276     DEBUG main            d.u.i.k.p.i.IntermediateProofReplayer Proof replay took 7.1ns 
226586     INFO  main            d.u.i.k.p.r.p.TestFile    ... finished proof: closed. 
226987     INFO  main            d.u.i.k.p.i.AbstractProblemLoader Loading environment from /home/runner/work/key/key/key.core/../key.ui/examples/heap/SmansEtAl/Stack_Stack.key.proof 
226988     DEBUG main            d.u.i.k.p.i.AbstractProblemLoader Environment load took 145.4ns 
226992     INFO  main            d.u.i.k.p.i.AbstractProblemLoader Creating init config 
230083     DEBUG main            d.u.i.k.p.i.AbstractProblemLoader Init config took 3.09s 
230126     INFO  main            d.u.i.k.p.i.AbstractProblemLoader Replaying proof Stack[Stack::Stack()].JML normal_behavior operation contract.0 
230367     DEBUG main            d.u.i.k.p.i.IntermediateProofReplayer Proof replay took 228.56ms 
230373     DEBUG main            d.u.i.k.p.r.p.TestFile    ... success: reloaded. 
230374     INFO  main            d.u.i.k.p.r.p.TestFile    Now processing file /home/runner/work/key/key/key.core/../key.ui/examples/heap/SmansEtAl/Stack_switchContents.key 
230375     INFO  main            d.u.i.k.p.i.AbstractProblemLoader Loading environment from /home/runner/work/key/key/key.core/../key.ui/examples/heap/SmansEtAl/Stack_switchContents.key 
230375     DEBUG main            d.u.i.k.p.i.AbstractProblemLoader Environment load took 268.2ns 
230376     INFO  main            d.u.i.k.p.i.AbstractProblemLoader Creating init config 
233573     DEBUG main            d.u.i.k.p.i.AbstractProblemLoader Init config took 3.2s 
233615     INFO  main            d.u.i.k.p.i.AbstractProblemLoader Replaying proof Stack[Stack::switchContents(Stack)].JML normal_behavior operation contract.0 
233616     DEBUG main            d.u.i.k.p.i.IntermediateProofReplayer Proof replay took 7.2ns 
238939     INFO  main            d.u.i.k.p.r.p.TestFile    ... finished proof: closed. 
239394     INFO  main            d.u.i.k.p.i.AbstractProblemLoader Loading environment from /home/runner/work/key/key/key.core/../key.ui/examples/heap/SmansEtAl/Stack_switchContents.key.proof 
239394     DEBUG main            d.u.i.k.p.i.AbstractProblemLoader Environment load took 216.3ns 
239397     INFO  main            d.u.i.k.p.i.AbstractProblemLoader Creating init config 
242497     DEBUG main            d.u.i.k.p.i.AbstractProblemLoader Init config took 3.1s 
242540     INFO  main            d.u.i.k.p.i.AbstractProblemLoader Replaying proof Stack[Stack::switchContents(Stack)].JML normal_behavior operation contract.0 
242949     DEBUG main            d.u.i.k.p.i.IntermediateProofReplayer Proof replay took 390.64ms 
242952     DEBUG main            d.u.i.k.p.r.p.TestFile    ... success: reloaded. 
2596385    INFO  Test worker     d.u.i.k.p.r.p.StatisticsFile Returning from test SmansEtAl 
2596388    INFO  Test worker     d.u.i.k.p.r.p.StatisticsFile Running test VACID0 
451        INFO  Timeout watchdog d.u.i.k.p.r.p.ForkedTestFileRunner Timeout watcher launched (2000 secs.) 
481        WARN  main            d.u.i.k.s.ProofSettings   The settings in /home/runner/.key/proof-settings.props are *not* read. 
523        INFO  main            d.u.i.k.p.r.p.TestFile    Now processing file /home/runner/work/key/key/key.core/../key.ui/examples/heap/vacid0_01_SparseArray/Harness_sparseArrayTestHarness1.key 
675        INFO  main            d.u.i.k.p.i.AbstractProblemLoader Loading environment from /home/runner/work/key/key/key.core/../key.ui/examples/heap/vacid0_01_SparseArray/Harness_sparseArrayTestHarness1.key 
696        DEBUG main            d.u.i.k.p.i.AbstractProblemLoader Environment load took 2.67ms 
984        INFO  main            d.u.i.k.p.i.AbstractProblemLoader Creating init config 
2198       DEBUG main            d.u.i.k.j.TypeConverter   No LDT found for Meta 
2199       DEBUG main            d.u.i.k.j.TypeConverter   No LDT found for Meta 
2203       DEBUG main            d.u.i.k.j.TypeConverter   No LDT found for Meta 
2203       DEBUG main            d.u.i.k.j.TypeConverter   No LDT found for Meta 
4013       DEBUG main            d.u.i.k.j.TypeConverter   No LDT found for JavaBigintExpression 
10926      DEBUG main            d.u.i.k.p.i.AbstractProblemLoader Init config took 9.94s 
11189      INFO  main            d.u.i.k.p.i.AbstractProblemLoader Replaying proof Harness[Harness::sparseArrayTestHarness1()].JML normal_behavior operation contract.0 
11309      DEBUG main            d.u.i.k.p.i.IntermediateProofReplayer Proof replay took 47.7ns 
13263      INFO  main            d.u.i.k.p.r.p.TestFile    ... finished proof: closed. 
13516      INFO  main            d.u.i.k.p.i.AbstractProblemLoader Loading environment from /home/runner/work/key/key/key.core/../key.ui/examples/heap/vacid0_01_SparseArray/Harness_sparseArrayTestHarness1.key.proof 
13516      DEBUG main            d.u.i.k.p.i.AbstractProblemLoader Environment load took 675.4ns 
13519      INFO  main            d.u.i.k.p.i.AbstractProblemLoader Creating init config 
17361      DEBUG main            d.u.i.k.p.i.AbstractProblemLoader Init config took 3.84s 
17454      INFO  main            d.u.i.k.p.i.AbstractProblemLoader Replaying proof Harness[Harness::sparseArrayTestHarness1()].JML normal_behavior operation contract.0 
17700      DEBUG main            d.u.i.k.p.i.IntermediateProofReplayer Proof replay took 230.88ms 
17713      DEBUG main            d.u.i.k.p.r.p.TestFile    ... success: reloaded. 
17719      INFO  main            d.u.i.k.p.r.p.TestFile    Now processing file /home/runner/work/key/key/key.core/../key.ui/examples/heap/vacid0_01_SparseArray/Harness_sparseArrayTestHarness2.key 
17719      INFO  main            d.u.i.k.p.i.AbstractProblemLoader Loading environment from /home/runner/work/key/key/key.core/../key.ui/examples/heap/vacid0_01_SparseArray/Harness_sparseArrayTestHarness2.key 
17720      DEBUG main            d.u.i.k.p.i.AbstractProblemLoader Environment load took 1.12ms 
17725      INFO  main            d.u.i.k.p.i.AbstractProblemLoader Creating init config 
21438      DEBUG main            d.u.i.k.p.i.AbstractProblemLoader Init config took 3.71s 
21508      INFO  main            d.u.i.k.p.i.AbstractProblemLoader Replaying proof Harness[Harness::sparseArrayTestHarness2()].JML normal_behavior operation contract.0 
21511      DEBUG main            d.u.i.k.p.i.IntermediateProofReplayer Proof replay took 5.9ns 
36179      INFO  main            d.u.i.k.p.r.p.TestFile    ... finished proof: closed. 
36454      INFO  main            d.u.i.k.p.i.AbstractProblemLoader Loading environment from /home/runner/work/key/key/key.core/../key.ui/examples/heap/vacid0_01_SparseArray/Harness_sparseArrayTestHarness2.key.proof 
36455      DEBUG main            d.u.i.k.p.i.AbstractProblemLoader Environment load took 358.4ns 
36459      INFO  main            d.u.i.k.p.i.AbstractProblemLoader Creating init config 
39946      DEBUG main            d.u.i.k.p.i.AbstractProblemLoader Init config took 3.49s 
40011      INFO  main            d.u.i.k.p.i.AbstractProblemLoader Replaying proof Harness[Harness::sparseArrayTestHarness2()].JML normal_behavior operation contract.0 
41420      DEBUG main            d.u.i.k.p.i.IntermediateProofReplayer Proof replay took 1.34s 
41424      DEBUG main            d.u.i.k.p.r.p.TestFile    ... success: reloaded. 
41427      INFO  main            d.u.i.k.p.r.p.TestFile    Now processing file /home/runner/work/key/key/key.core/../key.ui/examples/heap/vacid0_01_SparseArray/MemoryAllocator_alloc_unsigned.key 
41427      INFO  main            d.u.i.k.p.i.AbstractProblemLoader Loading environment from /home/runner/work/key/key/key.core/../key.ui/examples/heap/vacid0_01_SparseArray/MemoryAllocator_alloc_unsigned.key 
41427      DEBUG main            d.u.i.k.p.i.AbstractProblemLoader Environment load took 193.7ns 
41429      INFO  main            d.u.i.k.p.i.AbstractProblemLoader Creating init config 
45025      DEBUG main            d.u.i.k.p.i.AbstractProblemLoader Init config took 3.6s 
45081      INFO  main            d.u.i.k.p.i.AbstractProblemLoader Replaying proof MemoryAllocator[MemoryAllocator::alloc_unsigned(int)].JML normal_behavior operation contract.0 
45108      DEBUG main            d.u.i.k.p.i.IntermediateProofReplayer Proof replay took 8.3ns 
46215      INFO  main            d.u.i.k.p.r.p.TestFile    ... finished proof: closed. 
46458      INFO  main            d.u.i.k.p.i.AbstractProblemLoader Loading environment from /home/runner/work/key/key/key.core/../key.ui/examples/heap/vacid0_01_SparseArray/MemoryAllocator_alloc_unsigned.key.proof 
46459      DEBUG main            d.u.i.k.p.i.AbstractProblemLoader Environment load took 508.2ns 
46460      INFO  main            d.u.i.k.p.i.AbstractProblemLoader Creating init config 
49928      DEBUG main            d.u.i.k.p.i.AbstractProblemLoader Init config took 3.47s 
49986      INFO  main            d.u.i.k.p.i.AbstractProblemLoader Replaying proof MemoryAllocator[MemoryAllocator::alloc_unsigned(int)].JML normal_behavior operation contract.0 
50193      DEBUG main            d.u.i.k.p.i.IntermediateProofReplayer Proof replay took 199ms 
50194      DEBUG main            d.u.i.k.p.r.p.TestFile    ... success: reloaded. 
50196      INFO  main            d.u.i.k.p.r.p.TestFile    Now processing file /home/runner/work/key/key/key.core/../key.ui/examples/heap/vacid0_01_SparseArray/MemoryAllocator_alloc.key 
50196      INFO  main            d.u.i.k.p.i.AbstractProblemLoader Loading environment from /home/runner/work/key/key/key.core/../key.ui/examples/heap/vacid0_01_SparseArray/MemoryAllocator_alloc.key 
50197      DEBUG main            d.u.i.k.p.i.AbstractProblemLoader Environment load took 280.6ns 
50198      INFO  main            d.u.i.k.p.i.AbstractProblemLoader Creating init config 
53600      DEBUG main            d.u.i.k.p.i.AbstractProblemLoader Init config took 3.4s 
53650      INFO  main            d.u.i.k.p.i.AbstractProblemLoader Replaying proof MemoryAllocator[MemoryAllocator::alloc(int)].JML normal_behavior operation contract.0 
53653      DEBUG main            d.u.i.k.p.i.IntermediateProofReplayer Proof replay took 6.8ns 
54359      INFO  main            d.u.i.k.p.r.p.TestFile    ... finished proof: closed. 
54576      INFO  main            d.u.i.k.p.i.AbstractProblemLoader Loading environment from /home/runner/work/key/key/key.core/../key.ui/examples/heap/vacid0_01_SparseArray/MemoryAllocator_alloc.key.proof 
54577      DEBUG main            d.u.i.k.p.i.AbstractProblemLoader Environment load took 820.71ns 
54578      INFO  main            d.u.i.k.p.i.AbstractProblemLoader Creating init config 
58079      DEBUG main            d.u.i.k.p.i.AbstractProblemLoader Init config took 3.5s 
58130      INFO  main            d.u.i.k.p.i.AbstractProblemLoader Replaying proof MemoryAllocator[MemoryAllocator::alloc(int)].JML normal_behavior operation contract.0 
58298      DEBUG main            d.u.i.k.p.i.IntermediateProofReplayer Proof replay took 160.78ms 
58300      DEBUG main            d.u.i.k.p.r.p.TestFile    ... success: reloaded. 
58302      INFO  main            d.u.i.k.p.r.p.TestFile    Now processing file /home/runner/work/key/key/key.core/../key.ui/examples/heap/vacid0_01_SparseArray/SparseArray_get_dep.key 
58302      INFO  main            d.u.i.k.p.i.AbstractProblemLoader Loading environment from /home/runner/work/key/key/key.core/../key.ui/examples/heap/vacid0_01_SparseArray/SparseArray_get_dep.key 
58302      DEBUG main            d.u.i.k.p.i.AbstractProblemLoader Environment load took 285.3ns 
58304      INFO  main            d.u.i.k.p.i.AbstractProblemLoader Creating init config 
61769      DEBUG main            d.u.i.k.p.i.AbstractProblemLoader Init config took 3.47s 
61869      INFO  main            d.u.i.k.p.i.AbstractProblemLoader Replaying proof SparseArray[SparseArray::get(int)].JML accessible clause.0 
61872      DEBUG main            d.u.i.k.p.i.IntermediateProofReplayer Proof replay took 9.7ns 
64801      INFO  main            d.u.i.k.p.r.p.TestFile    ... finished proof: closed. 
65080      INFO  main            d.u.i.k.p.i.AbstractProblemLoader Loading environment from /home/runner/work/key/key/key.core/../key.ui/examples/heap/vacid0_01_SparseArray/SparseArray_get_dep.key.proof 
65080      DEBUG main            d.u.i.k.p.i.AbstractProblemLoader Environment load took 539.71ns 
65083      INFO  main            d.u.i.k.p.i.AbstractProblemLoader Creating init config 
68382      DEBUG main            d.u.i.k.p.i.AbstractProblemLoader Init config took 3.3s 
68453      INFO  main            d.u.i.k.p.i.AbstractProblemLoader Replaying proof SparseArray[SparseArray::get(int)].JML accessible clause.0 
68714      DEBUG main            d.u.i.k.p.i.IntermediateProofReplayer Proof replay took 247.88ms 
68716      DEBUG main            d.u.i.k.p.r.p.TestFile    ... success: reloaded. 
68717      INFO  main            d.u.i.k.p.r.p.TestFile    Now processing file /home/runner/work/key/key/key.core/../key.ui/examples/heap/vacid0_01_SparseArray/SparseArray_get.key 
68718      INFO  main            d.u.i.k.p.i.AbstractProblemLoader Loading environment from /home/runner/work/key/key/key.core/../key.ui/examples/heap/vacid0_01_SparseArray/SparseArray_get.key 
68718      DEBUG main            d.u.i.k.p.i.AbstractProblemLoader Environment load took 263.2ns 
68719      INFO  main            d.u.i.k.p.i.AbstractProblemLoader Creating init config 
72088      DEBUG main            d.u.i.k.p.i.AbstractProblemLoader Init config took 3.37s 
72178      INFO  main            d.u.i.k.p.i.AbstractProblemLoader Replaying proof SparseArray[SparseArray::get(int)].JML normal_behavior operation contract.0 
72180      DEBUG main            d.u.i.k.p.i.IntermediateProofReplayer Proof replay took 19.1ns 
74817      INFO  main            d.u.i.k.p.r.p.TestFile    ... finished proof: closed. 
75068      INFO  main            d.u.i.k.p.i.AbstractProblemLoader Loading environment from /home/runner/work/key/key/key.core/../key.ui/examples/heap/vacid0_01_SparseArray/SparseArray_get.key.proof 
75069      DEBUG main            d.u.i.k.p.i.AbstractProblemLoader Environment load took 319.6ns 
75071      INFO  main            d.u.i.k.p.i.AbstractProblemLoader Creating init config 
78369      DEBUG main            d.u.i.k.p.i.AbstractProblemLoader Init config took 3.3s 
78437      INFO  main            d.u.i.k.p.i.AbstractProblemLoader Replaying proof SparseArray[SparseArray::get(int)].JML normal_behavior operation contract.0 
78663      DEBUG main            d.u.i.k.p.i.IntermediateProofReplayer Proof replay took 216.09ms 
78665      DEBUG main            d.u.i.k.p.r.p.TestFile    ... success: reloaded. 
78666      INFO  main            d.u.i.k.p.r.p.TestFile    Now processing file /home/runner/work/key/key/key.core/../key.ui/examples/heap/vacid0_01_SparseArray/SparseArray_inv.key 
78667      INFO  main            d.u.i.k.p.i.AbstractProblemLoader Loading environment from /home/runner/work/key/key/key.core/../key.ui/examples/heap/vacid0_01_SparseArray/SparseArray_inv.key 
78667      DEBUG main            d.u.i.k.p.i.AbstractProblemLoader Environment load took 296.7ns 
78668      INFO  main            d.u.i.k.p.i.AbstractProblemLoader Creating init config 
82036      DEBUG main            d.u.i.k.p.i.AbstractProblemLoader Init config took 3.37s 
82103      INFO  main            d.u.i.k.p.i.AbstractProblemLoader Replaying proof SparseArray[java.lang.Object::<inv>()].JML accessible clause.0 
82106      DEBUG main            d.u.i.k.p.i.IntermediateProofReplayer Proof replay took 7.8ns 
84325      INFO  main            d.u.i.k.p.r.p.TestFile    ... finished proof: closed. 
84563      INFO  main            d.u.i.k.p.i.AbstractProblemLoader Loading environment from /home/runner/work/key/key/key.core/../key.ui/examples/heap/vacid0_01_SparseArray/SparseArray_inv.key.proof 
84564      DEBUG main            d.u.i.k.p.i.AbstractProblemLoader Environment load took 687.4ns 
84565      INFO  main            d.u.i.k.p.i.AbstractProblemLoader Creating init config 
87886      DEBUG main            d.u.i.k.p.i.AbstractProblemLoader Init config took 3.32s 
87968      INFO  main            d.u.i.k.p.i.AbstractProblemLoader Replaying proof SparseArray[java.lang.Object::<inv>()].JML accessible clause.0 
88068      DEBUG main            d.u.i.k.p.i.IntermediateProofReplayer Proof replay took 90.99ms 
88069      DEBUG main            d.u.i.k.p.r.p.TestFile    ... success: reloaded. 
88071      INFO  main            d.u.i.k.p.r.p.TestFile    Now processing file /home/runner/work/key/key/key.core/../key.ui/examples/heap/vacid0_01_SparseArray/SparseArray_SparseArray.key 
88071      INFO  main            d.u.i.k.p.i.AbstractProblemLoader Loading environment from /home/runner/work/key/key/key.core/../key.ui/examples/heap/vacid0_01_SparseArray/SparseArray_SparseArray.key 
88071      DEBUG main            d.u.i.k.p.i.AbstractProblemLoader Environment load took 193.3ns 
88073      INFO  main            d.u.i.k.p.i.AbstractProblemLoader Creating init config 
91545      DEBUG main            d.u.i.k.p.i.AbstractProblemLoader Init config took 3.47s 
91637      INFO  main            d.u.i.k.p.i.AbstractProblemLoader Replaying proof SparseArray[SparseArray::SparseArray(int)].JML normal_behavior operation contract.0 
91639      DEBUG main            d.u.i.k.p.i.IntermediateProofReplayer Proof replay took 7.2ns 
95753      INFO  main            d.u.i.k.p.r.p.TestFile    ... finished proof: closed. 
96013      INFO  main            d.u.i.k.p.i.AbstractProblemLoader Loading environment from /home/runner/work/key/key/key.core/../key.ui/examples/heap/vacid0_01_SparseArray/SparseArray_SparseArray.key.proof 
96014      DEBUG main            d.u.i.k.p.i.AbstractProblemLoader Environment load took 778.11ns 
96015      INFO  main            d.u.i.k.p.i.AbstractProblemLoader Creating init config 
99279      DEBUG main            d.u.i.k.p.i.AbstractProblemLoader Init config took 3.26s 
99369      INFO  main            d.u.i.k.p.i.AbstractProblemLoader Replaying proof SparseArray[SparseArray::SparseArray(int)].JML normal_behavior operation contract.0 
99765      DEBUG main            d.u.i.k.p.i.IntermediateProofReplayer Proof replay took 376.49ms 
99767      DEBUG main            d.u.i.k.p.r.p.TestFile    ... success: reloaded. 
2696371    INFO  Test worker     d.u.i.k.p.r.p.StatisticsFile Returning from test VACID0 
2696373    INFO  Test worker     d.u.i.k.p.r.p.StatisticsFile Running test VSTTE10 
441        INFO  Timeout watchdog d.u.i.k.p.r.p.ForkedTestFileRunner Timeout watcher launched (2000 secs.) 
455        WARN  main            d.u.i.k.s.ProofSettings   The settings in /home/runner/.key/proof-settings.props are *not* read. 
522        INFO  main            d.u.i.k.p.r.p.TestFile    Now processing file /home/runner/work/key/key/key.core/../key.ui/examples/heap/vstte10_01_SumAndMax/SumAndMax_sumAndMax.key 
666        INFO  main            d.u.i.k.p.i.AbstractProblemLoader Loading environment from /home/runner/work/key/key/key.core/../key.ui/examples/heap/vstte10_01_SumAndMax/SumAndMax_sumAndMax.key 
687        DEBUG main            d.u.i.k.p.i.AbstractProblemLoader Environment load took 2.64ms 
995        INFO  main            d.u.i.k.p.i.AbstractProblemLoader Creating init config 
2298       DEBUG main            d.u.i.k.j.TypeConverter   No LDT found for Meta 
2299       DEBUG main            d.u.i.k.j.TypeConverter   No LDT found for Meta 
2304       DEBUG main            d.u.i.k.j.TypeConverter   No LDT found for Meta 
2304       DEBUG main            d.u.i.k.j.TypeConverter   No LDT found for Meta 
4117       DEBUG main            d.u.i.k.j.TypeConverter   No LDT found for JavaBigintExpression 
10987      DEBUG main            d.u.i.k.p.i.AbstractProblemLoader Init config took 9.99s 
11145      INFO  main            d.u.i.k.p.i.AbstractProblemLoader Replaying proof SumAndMax[SumAndMax::sumAndMax([I)].JML normal_behavior operation contract.0 
11194      DEBUG main            d.u.i.k.p.i.IntermediateProofReplayer Proof replay took 36.3ns 
17910      INFO  main            d.u.i.k.p.r.p.TestFile    ... finished proof: closed. 
18144      INFO  main            d.u.i.k.p.i.AbstractProblemLoader Loading environment from /home/runner/work/key/key/key.core/../key.ui/examples/heap/vstte10_01_SumAndMax/SumAndMax_sumAndMax.key.proof 
18147      DEBUG main            d.u.i.k.p.i.AbstractProblemLoader Environment load took 2.15ms 
18154      INFO  main            d.u.i.k.p.i.AbstractProblemLoader Creating init config 
21845      DEBUG main            d.u.i.k.p.i.AbstractProblemLoader Init config took 3.69s 
21917      INFO  main            d.u.i.k.p.i.AbstractProblemLoader Replaying proof SumAndMax[SumAndMax::sumAndMax([I)].JML normal_behavior operation contract.0 
22659      DEBUG main            d.u.i.k.p.i.IntermediateProofReplayer Proof replay took 713.09ms 
22670      DEBUG main            d.u.i.k.p.r.p.TestFile    ... success: reloaded. 
22676      INFO  main            d.u.i.k.p.r.p.TestFile    Now processing file /home/runner/work/key/key/key.core/../key.ui/examples/heap/vstte10_03_LinkedList/Node_cons.key 
22677      INFO  main            d.u.i.k.p.i.AbstractProblemLoader Loading environment from /home/runner/work/key/key/key.core/../key.ui/examples/heap/vstte10_03_LinkedList/Node_cons.key 
22678      DEBUG main            d.u.i.k.p.i.AbstractProblemLoader Environment load took 293ns 
22681      INFO  main            d.u.i.k.p.i.AbstractProblemLoader Creating init config 
26320      DEBUG main            d.u.i.k.p.i.AbstractProblemLoader Init config took 3.64s 
26397      INFO  main            d.u.i.k.p.i.AbstractProblemLoader Replaying proof Node[Node::cons(int,Node)].JML normal_behavior operation contract.0 
26400      DEBUG main            d.u.i.k.p.i.IntermediateProofReplayer Proof replay took 6.3ns 
28619      INFO  main            d.u.i.k.p.r.p.TestFile    ... finished proof: closed. 
28841      INFO  main            d.u.i.k.p.i.AbstractProblemLoader Loading environment from /home/runner/work/key/key/key.core/../key.ui/examples/heap/vstte10_03_LinkedList/Node_cons.key.proof 
28842      DEBUG main            d.u.i.k.p.i.AbstractProblemLoader Environment load took 602.11ns 
28846      INFO  main            d.u.i.k.p.i.AbstractProblemLoader Creating init config 
32304      DEBUG main            d.u.i.k.p.i.AbstractProblemLoader Init config took 3.46s 
32381      INFO  main            d.u.i.k.p.i.AbstractProblemLoader Replaying proof Node[Node::cons(int,Node)].JML normal_behavior operation contract.0 
32738      DEBUG main            d.u.i.k.p.i.IntermediateProofReplayer Proof replay took 339.45ms 
32740      DEBUG main            d.u.i.k.p.r.p.TestFile    ... success: reloaded. 
32741      INFO  main            d.u.i.k.p.r.p.TestFile    Now processing file /home/runner/work/key/key/key.core/../key.ui/examples/heap/vstte10_03_LinkedList/Node_inv.key 
32742      INFO  main            d.u.i.k.p.i.AbstractProblemLoader Loading environment from /home/runner/work/key/key/key.core/../key.ui/examples/heap/vstte10_03_LinkedList/Node_inv.key 
32742      DEBUG main            d.u.i.k.p.i.AbstractProblemLoader Environment load took 344.5ns 
32744      INFO  main            d.u.i.k.p.i.AbstractProblemLoader Creating init config 
36240      DEBUG main            d.u.i.k.p.i.AbstractProblemLoader Init config took 3.5s 
36307      INFO  main            d.u.i.k.p.i.AbstractProblemLoader Replaying proof Node[java.lang.Object::<inv>()].JML accessible clause.0 
36310      DEBUG main            d.u.i.k.p.i.IntermediateProofReplayer Proof replay took 6.7ns 
36814      INFO  main            d.u.i.k.p.r.p.TestFile    ... finished proof: closed. 
37020      INFO  main            d.u.i.k.p.i.AbstractProblemLoader Loading environment from /home/runner/work/key/key/key.core/../key.ui/examples/heap/vstte10_03_LinkedList/Node_inv.key.proof 
37020      DEBUG main            d.u.i.k.p.i.AbstractProblemLoader Environment load took 683.71ns 
37022      INFO  main            d.u.i.k.p.i.AbstractProblemLoader Creating init config 
40349      DEBUG main            d.u.i.k.p.i.AbstractProblemLoader Init config took 3.33s 
40413      INFO  main            d.u.i.k.p.i.AbstractProblemLoader Replaying proof Node[java.lang.Object::<inv>()].JML accessible clause.0 
40454      DEBUG main            d.u.i.k.p.i.IntermediateProofReplayer Proof replay took 36.37ms 
40456      DEBUG main            d.u.i.k.p.r.p.TestFile    ... success: reloaded. 
40458      INFO  main            d.u.i.k.p.r.p.TestFile    Now processing file /home/runner/work/key/key/key.core/../key.ui/examples/heap/vstte10_03_LinkedList/Node_search.key 
40459      INFO  main            d.u.i.k.p.i.AbstractProblemLoader Loading environment from /home/runner/work/key/key/key.core/../key.ui/examples/heap/vstte10_03_LinkedList/Node_search.key 
40459      DEBUG main            d.u.i.k.p.i.AbstractProblemLoader Environment load took 274.2ns 
40461      INFO  main            d.u.i.k.p.i.AbstractProblemLoader Creating init config 
43897      DEBUG main            d.u.i.k.p.i.AbstractProblemLoader Init config took 3.44s 
43959      INFO  main            d.u.i.k.p.i.AbstractProblemLoader Replaying proof Node[Node::search()].JML normal_behavior operation contract.0 
43962      DEBUG main            d.u.i.k.p.i.IntermediateProofReplayer Proof replay took 6.5ns 
51940      INFO  main            d.u.i.k.p.r.p.TestFile    ... finished proof: closed. 
52226      INFO  main            d.u.i.k.p.i.AbstractProblemLoader Loading environment from /home/runner/work/key/key/key.core/../key.ui/examples/heap/vstte10_03_LinkedList/Node_search.key.proof 
52227      DEBUG main            d.u.i.k.p.i.AbstractProblemLoader Environment load took 522.1ns 
52230      INFO  main            d.u.i.k.p.i.AbstractProblemLoader Creating init config 
55619      DEBUG main            d.u.i.k.p.i.AbstractProblemLoader Init config took 3.39s 
55681      INFO  main            d.u.i.k.p.i.AbstractProblemLoader Replaying proof Node[Node::search()].JML normal_behavior operation contract.0 
56345      DEBUG main            d.u.i.k.p.i.IntermediateProofReplayer Proof replay took 610.72ms 
56348      DEBUG main            d.u.i.k.p.r.p.TestFile    ... success: reloaded. 
56350      INFO  main            d.u.i.k.p.r.p.TestFile    Now processing file /home/runner/work/key/key/key.core/../key.ui/examples/heap/vstte10_04_Queens/Queens_isConsistent.key 
56350      INFO  main            d.u.i.k.p.i.AbstractProblemLoader Loading environment from /home/runner/work/key/key/key.core/../key.ui/examples/heap/vstte10_04_Queens/Queens_isConsistent.key 
56350      DEBUG main            d.u.i.k.p.i.AbstractProblemLoader Environment load took 350.7ns 
56352      INFO  main            d.u.i.k.p.i.AbstractProblemLoader Creating init config 
60026      DEBUG main            d.u.i.k.p.i.AbstractProblemLoader Init config took 3.67s 
60089      INFO  main            d.u.i.k.p.i.AbstractProblemLoader Replaying proof Queens[Queens::isConsistent([I,int)].JML normal_behavior operation contract.0 
60091      DEBUG main            d.u.i.k.p.i.IntermediateProofReplayer Proof replay took 6.4ns 
62528      INFO  main            d.u.i.k.p.r.p.TestFile    ... finished proof: closed. 
62805      INFO  main            d.u.i.k.p.i.AbstractProblemLoader Loading environment from /home/runner/work/key/key/key.core/../key.ui/examples/heap/vstte10_04_Queens/Queens_isConsistent.key.proof 
62806      DEBUG main            d.u.i.k.p.i.AbstractProblemLoader Environment load took 596.4ns 
62808      INFO  main            d.u.i.k.p.i.AbstractProblemLoader Creating init config 
66386      DEBUG main            d.u.i.k.p.i.AbstractProblemLoader Init config took 3.58s 
66448      INFO  main            d.u.i.k.p.i.AbstractProblemLoader Replaying proof Queens[Queens::isConsistent([I,int)].JML normal_behavior operation contract.0 
66852      DEBUG main            d.u.i.k.p.i.IntermediateProofReplayer Proof replay took 391.52ms 
66854      DEBUG main            d.u.i.k.p.r.p.TestFile    ... success: reloaded. 
66855      INFO  main            d.u.i.k.p.r.p.TestFile    Now processing file /home/runner/work/key/key/key.core/../key.ui/examples/heap/vstte10_04_Queens/Queens_nQueens.key 
66856      INFO  main            d.u.i.k.p.i.AbstractProblemLoader Loading environment from /home/runner/work/key/key/key.core/../key.ui/examples/heap/vstte10_04_Queens/Queens_nQueens.key 
66856      DEBUG main            d.u.i.k.p.i.AbstractProblemLoader Environment load took 234.7ns 
66857      INFO  main            d.u.i.k.p.i.AbstractProblemLoader Creating init config 
70346      DEBUG main            d.u.i.k.p.i.AbstractProblemLoader Init config took 3.49s 
70398      INFO  main            d.u.i.k.p.i.AbstractProblemLoader Replaying proof Queens[Queens::nQueens(int)].JML normal_behavior operation contract.0 
70401      DEBUG main            d.u.i.k.p.i.IntermediateProofReplayer Proof replay took 10.8ns 
86059      INFO  main            d.u.i.k.p.r.p.TestFile    ... finished proof: closed. 
86373      INFO  main            d.u.i.k.p.i.AbstractProblemLoader Loading environment from /home/runner/work/key/key/key.core/../key.ui/examples/heap/vstte10_04_Queens/Queens_nQueens.key.proof 
86374      DEBUG main            d.u.i.k.p.i.AbstractProblemLoader Environment load took 180.8ns 
86377      INFO  main            d.u.i.k.p.i.AbstractProblemLoader Creating init config 
89718      DEBUG main            d.u.i.k.p.i.AbstractProblemLoader Init config took 3.34s 
89785      INFO  main            d.u.i.k.p.i.AbstractProblemLoader Replaying proof Queens[Queens::nQueens(int)].JML normal_behavior operation contract.0 
90356      DEBUG main            d.u.i.k.p.i.IntermediateProofReplayer Proof replay took 547.77ms 
90358      DEBUG main            d.u.i.k.p.r.p.TestFile    ... success: reloaded. 
90359      INFO  main            d.u.i.k.p.r.p.TestFile    Now processing file /home/runner/work/key/key/key.core/../key.ui/examples/heap/vstte10_05_Queue/AmortizedQueue_AmortizedQueue.key 
90360      INFO  main            d.u.i.k.p.i.AbstractProblemLoader Loading environment from /home/runner/work/key/key/key.core/../key.ui/examples/heap/vstte10_05_Queue/AmortizedQueue_AmortizedQueue.key 
90360      DEBUG main            d.u.i.k.p.i.AbstractProblemLoader Environment load took 127.4ns 
90361      INFO  main            d.u.i.k.p.i.AbstractProblemLoader Creating init config 
93825      DEBUG main            d.u.i.k.p.i.AbstractProblemLoader Init config took 3.46s 
93931      INFO  main            d.u.i.k.p.i.AbstractProblemLoader Replaying proof AmortizedQueue[AmortizedQueue::AmortizedQueue()].JML normal_behavior operation contract.0 
93933      DEBUG main            d.u.i.k.p.i.IntermediateProofReplayer Proof replay took 6.2ns 
95743      INFO  main            d.u.i.k.p.r.p.TestFile    ... finished proof: closed. 
96035      INFO  main            d.u.i.k.p.i.AbstractProblemLoader Loading environment from /home/runner/work/key/key/key.core/../key.ui/examples/heap/vstte10_05_Queue/AmortizedQueue_AmortizedQueue.key.proof 
96036      DEBUG main            d.u.i.k.p.i.AbstractProblemLoader Environment load took 531.5ns 
96037      INFO  main            d.u.i.k.p.i.AbstractProblemLoader Creating init config 
99443      DEBUG main            d.u.i.k.p.i.AbstractProblemLoader Init config took 3.41s 
99506      INFO  main            d.u.i.k.p.i.AbstractProblemLoader Replaying proof AmortizedQueue[AmortizedQueue::AmortizedQueue()].JML normal_behavior operation contract.0 
99746      DEBUG main            d.u.i.k.p.i.IntermediateProofReplayer Proof replay took 231.81ms 
99748      DEBUG main            d.u.i.k.p.r.p.TestFile    ... success: reloaded. 
99749      INFO  main            d.u.i.k.p.r.p.TestFile    Now processing file /home/runner/work/key/key/key.core/../key.ui/examples/heap/vstte10_05_Queue/AmortizedQueue_front.key 
99749      INFO  main            d.u.i.k.p.i.AbstractProblemLoader Loading environment from /home/runner/work/key/key/key.core/../key.ui/examples/heap/vstte10_05_Queue/AmortizedQueue_front.key 
99749      DEBUG main            d.u.i.k.p.i.AbstractProblemLoader Environment load took 124.4ns 
99751      INFO  main            d.u.i.k.p.i.AbstractProblemLoader Creating init config 
103139     DEBUG main            d.u.i.k.p.i.AbstractProblemLoader Init config took 3.39s 
103221     INFO  main            d.u.i.k.p.i.AbstractProblemLoader Replaying proof AmortizedQueue[AmortizedQueue::front()].JML normal_behavior operation contract.0 
103227     DEBUG main            d.u.i.k.p.i.IntermediateProofReplayer Proof replay took 6.2ns 
103831     INFO  main            d.u.i.k.p.r.p.TestFile    ... finished proof: closed. 
104098     INFO  main            d.u.i.k.p.i.AbstractProblemLoader Loading environment from /home/runner/work/key/key/key.core/../key.ui/examples/heap/vstte10_05_Queue/AmortizedQueue_front.key.proof 
104099     DEBUG main            d.u.i.k.p.i.AbstractProblemLoader Environment load took 249.8ns 
104100     INFO  main            d.u.i.k.p.i.AbstractProblemLoader Creating init config 
107476     DEBUG main            d.u.i.k.p.i.AbstractProblemLoader Init config took 3.38s 
107527     INFO  main            d.u.i.k.p.i.AbstractProblemLoader Replaying proof AmortizedQueue[AmortizedQueue::front()].JML normal_behavior operation contract.0 
107585     DEBUG main            d.u.i.k.p.i.IntermediateProofReplayer Proof replay took 53.87ms 
107586     DEBUG main            d.u.i.k.p.r.p.TestFile    ... success: reloaded. 
107588     INFO  main            d.u.i.k.p.r.p.TestFile    Now processing file /home/runner/work/key/key/key.core/../key.ui/examples/heap/vstte10_05_Queue/LinkedList_concat.key 
107589     INFO  main            d.u.i.k.p.i.AbstractProblemLoader Loading environment from /home/runner/work/key/key/key.core/../key.ui/examples/heap/vstte10_05_Queue/LinkedList_concat.key 
107589     DEBUG main            d.u.i.k.p.i.AbstractProblemLoader Environment load took 293.5ns 
107590     INFO  main            d.u.i.k.p.i.AbstractProblemLoader Creating init config 
111063     DEBUG main            d.u.i.k.p.i.AbstractProblemLoader Init config took 3.47s 
111119     INFO  main            d.u.i.k.p.i.AbstractProblemLoader Replaying proof LinkedList[LinkedList::concat(LinkedList)].JML normal_behavior operation contract.0 
111121     DEBUG main            d.u.i.k.p.i.IntermediateProofReplayer Proof replay took 7ns 
121364     INFO  main            d.u.i.k.p.r.p.TestFile    ... finished proof: closed. 
121682     INFO  main            d.u.i.k.p.i.AbstractProblemLoader Loading environment from /home/runner/work/key/key/key.core/../key.ui/examples/heap/vstte10_05_Queue/LinkedList_concat.key.proof 
121683     DEBUG main            d.u.i.k.p.i.AbstractProblemLoader Environment load took 673.91ns 
121686     INFO  main            d.u.i.k.p.i.AbstractProblemLoader Creating init config 
125024     DEBUG main            d.u.i.k.p.i.AbstractProblemLoader Init config took 3.34s 
125082     INFO  main            d.u.i.k.p.i.AbstractProblemLoader Replaying proof LinkedList[LinkedList::concat(LinkedList)].JML normal_behavior operation contract.0 
125755     DEBUG main            d.u.i.k.p.i.IntermediateProofReplayer Proof replay took 639.33ms 
125759     DEBUG main            d.u.i.k.p.r.p.TestFile    ... success: reloaded. 
125761     INFO  main            d.u.i.k.p.r.p.TestFile    Now processing file /home/runner/work/key/key/key.core/../key.ui/examples/heap/vstte10_05_Queue/LinkedList_cons.key 
125761     INFO  main            d.u.i.k.p.i.AbstractProblemLoader Loading environment from /home/runner/work/key/key/key.core/../key.ui/examples/heap/vstte10_05_Queue/LinkedList_cons.key 
125761     DEBUG main            d.u.i.k.p.i.AbstractProblemLoader Environment load took 249.5ns 
125763     INFO  main            d.u.i.k.p.i.AbstractProblemLoader Creating init config 
129036     DEBUG main            d.u.i.k.p.i.AbstractProblemLoader Init config took 3.27s 
129106     INFO  main            d.u.i.k.p.i.AbstractProblemLoader Replaying proof LinkedList[LinkedList::cons(int)].JML normal_behavior operation contract.0 
129108     DEBUG main            d.u.i.k.p.i.IntermediateProofReplayer Proof replay took 6.5ns 
131980     INFO  main            d.u.i.k.p.r.p.TestFile    ... finished proof: closed. 
132282     INFO  main            d.u.i.k.p.i.AbstractProblemLoader Loading environment from /home/runner/work/key/key/key.core/../key.ui/examples/heap/vstte10_05_Queue/LinkedList_cons.key.proof 
132282     DEBUG main            d.u.i.k.p.i.AbstractProblemLoader Environment load took 552.11ns 
132284     INFO  main            d.u.i.k.p.i.AbstractProblemLoader Creating init config 
135635     DEBUG main            d.u.i.k.p.i.AbstractProblemLoader Init config took 3.35s 
135689     INFO  main            d.u.i.k.p.i.AbstractProblemLoader Replaying proof LinkedList[LinkedList::cons(int)].JML normal_behavior operation contract.0 
135971     DEBUG main            d.u.i.k.p.i.IntermediateProofReplayer Proof replay took 270.24ms 
135973     DEBUG main            d.u.i.k.p.r.p.TestFile    ... success: reloaded. 
135974     INFO  main            d.u.i.k.p.r.p.TestFile    Now processing file /home/runner/work/key/key/key.core/../key.ui/examples/heap/vstte10_05_Queue/LinkedList_head.key 
135975     INFO  main            d.u.i.k.p.i.AbstractProblemLoader Loading environment from /home/runner/work/key/key/key.core/../key.ui/examples/heap/vstte10_05_Queue/LinkedList_head.key 
135975     DEBUG main            d.u.i.k.p.i.AbstractProblemLoader Environment load took 271.9ns 
135976     INFO  main            d.u.i.k.p.i.AbstractProblemLoader Creating init config 
139368     DEBUG main            d.u.i.k.p.i.AbstractProblemLoader Init config took 3.39s 
139417     INFO  main            d.u.i.k.p.i.AbstractProblemLoader Replaying proof LinkedList[LinkedList::head()].JML normal_behavior operation contract.0 
139419     DEBUG main            d.u.i.k.p.i.IntermediateProofReplayer Proof replay took 6.6ns 
139622     INFO  main            d.u.i.k.p.r.p.TestFile    ... finished proof: closed. 
139900     INFO  main            d.u.i.k.p.i.AbstractProblemLoader Loading environment from /home/runner/work/key/key/key.core/../key.ui/examples/heap/vstte10_05_Queue/LinkedList_head.key.proof 
139900     DEBUG main            d.u.i.k.p.i.AbstractProblemLoader Environment load took 153.9ns 
139901     INFO  main            d.u.i.k.p.i.AbstractProblemLoader Creating init config 
143226     DEBUG main            d.u.i.k.p.i.AbstractProblemLoader Init config took 3.33s 
143276     INFO  main            d.u.i.k.p.i.AbstractProblemLoader Replaying proof LinkedList[LinkedList::head()].JML normal_behavior operation contract.0 
143293     DEBUG main            d.u.i.k.p.i.IntermediateProofReplayer Proof replay took 13.98ms 
143294     DEBUG main            d.u.i.k.p.r.p.TestFile    ... success: reloaded. 
143296     INFO  main            d.u.i.k.p.r.p.TestFile    Now processing file /home/runner/work/key/key/key.core/../key.ui/examples/heap/vstte10_05_Queue/LinkedList_inv.key 
143296     INFO  main            d.u.i.k.p.i.AbstractProblemLoader Loading environment from /home/runner/work/key/key/key.core/../key.ui/examples/heap/vstte10_05_Queue/LinkedList_inv.key 
143296     DEBUG main            d.u.i.k.p.i.AbstractProblemLoader Environment load took 132.3ns 
143297     INFO  main            d.u.i.k.p.i.AbstractProblemLoader Creating init config 
146720     DEBUG main            d.u.i.k.p.i.AbstractProblemLoader Init config took 3.42s 
146771     INFO  main            d.u.i.k.p.i.AbstractProblemLoader Replaying proof LinkedList[java.lang.Object::<inv>()].JML accessible clause.0 
146773     DEBUG main            d.u.i.k.p.i.IntermediateProofReplayer Proof replay took 7.2ns 
147176     INFO  main            d.u.i.k.p.r.p.TestFile    ... finished proof: closed. 
147444     INFO  main            d.u.i.k.p.i.AbstractProblemLoader Loading environment from /home/runner/work/key/key/key.core/../key.ui/examples/heap/vstte10_05_Queue/LinkedList_inv.key.proof 
147445     DEBUG main            d.u.i.k.p.i.AbstractProblemLoader Environment load took 202.3ns 
147446     INFO  main            d.u.i.k.p.i.AbstractProblemLoader Creating init config 
150813     DEBUG main            d.u.i.k.p.i.AbstractProblemLoader Init config took 3.37s 
150868     INFO  main            d.u.i.k.p.i.AbstractProblemLoader Replaying proof LinkedList[java.lang.Object::<inv>()].JML accessible clause.0 
150897     DEBUG main            d.u.i.k.p.i.IntermediateProofReplayer Proof replay took 24.98ms 
150898     DEBUG main            d.u.i.k.p.r.p.TestFile    ... success: reloaded. 
150900     INFO  main            d.u.i.k.p.r.p.TestFile    Now processing file /home/runner/work/key/key/key.core/../key.ui/examples/heap/vstte10_05_Queue/LinkedList_length.key 
150900     INFO  main            d.u.i.k.p.i.AbstractProblemLoader Loading environment from /home/runner/work/key/key/key.core/../key.ui/examples/heap/vstte10_05_Queue/LinkedList_length.key 
150900     DEBUG main            d.u.i.k.p.i.AbstractProblemLoader Environment load took 185.7ns 
150901     INFO  main            d.u.i.k.p.i.AbstractProblemLoader Creating init config 
154305     DEBUG main            d.u.i.k.p.i.AbstractProblemLoader Init config took 3.4s 
154356     INFO  main            d.u.i.k.p.i.AbstractProblemLoader Replaying proof LinkedList[LinkedList::length()].JML normal_behavior operation contract.0 
154358     DEBUG main            d.u.i.k.p.i.IntermediateProofReplayer Proof replay took 6.5ns 
154464     INFO  main            d.u.i.k.p.r.p.TestFile    ... finished proof: closed. 
154744     INFO  main            d.u.i.k.p.i.AbstractProblemLoader Loading environment from /home/runner/work/key/key/key.core/../key.ui/examples/heap/vstte10_05_Queue/LinkedList_length.key.proof 
154744     DEBUG main            d.u.i.k.p.i.AbstractProblemLoader Environment load took 180ns 
154746     INFO  main            d.u.i.k.p.i.AbstractProblemLoader Creating init config 
158086     DEBUG main            d.u.i.k.p.i.AbstractProblemLoader Init config took 3.34s 
158138     INFO  main            d.u.i.k.p.i.AbstractProblemLoader Replaying proof LinkedList[LinkedList::length()].JML normal_behavior operation contract.0 
158158     DEBUG main            d.u.i.k.p.i.IntermediateProofReplayer Proof replay took 16.75ms 
158159     DEBUG main            d.u.i.k.p.r.p.TestFile    ... success: reloaded. 
158160     INFO  main            d.u.i.k.p.r.p.TestFile    Now processing file /home/runner/work/key/key/key.core/../key.ui/examples/heap/vstte10_05_Queue/LinkedList_LinkedList1.key 
158161     INFO  main            d.u.i.k.p.i.AbstractProblemLoader Loading environment from /home/runner/work/key/key/key.core/../key.ui/examples/heap/vstte10_05_Queue/LinkedList_LinkedList1.key 
158161     DEBUG main            d.u.i.k.p.i.AbstractProblemLoader Environment load took 173.3ns 
158162     INFO  main            d.u.i.k.p.i.AbstractProblemLoader Creating init config 
161577     DEBUG main            d.u.i.k.p.i.AbstractProblemLoader Init config took 3.42s 
161632     INFO  main            d.u.i.k.p.i.AbstractProblemLoader Replaying proof LinkedList[LinkedList::LinkedList(int,LinkedList)].JML normal_behavior operation contract.0 
161634     DEBUG main            d.u.i.k.p.i.IntermediateProofReplayer Proof replay took 7.1ns 
164042     INFO  main            d.u.i.k.p.r.p.TestFile    ... finished proof: closed. 
164363     INFO  main            d.u.i.k.p.i.AbstractProblemLoader Loading environment from /home/runner/work/key/key/key.core/../key.ui/examples/heap/vstte10_05_Queue/LinkedList_LinkedList1.key.proof 
164363     DEBUG main            d.u.i.k.p.i.AbstractProblemLoader Environment load took 576.11ns 
164365     INFO  main            d.u.i.k.p.i.AbstractProblemLoader Creating init config 
167721     DEBUG main            d.u.i.k.p.i.AbstractProblemLoader Init config took 3.36s 
167773     INFO  main            d.u.i.k.p.i.AbstractProblemLoader Replaying proof LinkedList[LinkedList::LinkedList(int,LinkedList)].JML normal_behavior operation contract.0 
168022     DEBUG main            d.u.i.k.p.i.IntermediateProofReplayer Proof replay took 239.45ms 
168024     DEBUG main            d.u.i.k.p.r.p.TestFile    ... success: reloaded. 
168026     INFO  main            d.u.i.k.p.r.p.TestFile    Now processing file /home/runner/work/key/key/key.core/../key.ui/examples/heap/vstte10_05_Queue/LinkedList_LinkedList2.key 
168026     INFO  main            d.u.i.k.p.i.AbstractProblemLoader Loading environment from /home/runner/work/key/key/key.core/../key.ui/examples/heap/vstte10_05_Queue/LinkedList_LinkedList2.key 
168027     DEBUG main            d.u.i.k.p.i.AbstractProblemLoader Environment load took 254.4ns 
168028     INFO  main            d.u.i.k.p.i.AbstractProblemLoader Creating init config 
171396     DEBUG main            d.u.i.k.p.i.AbstractProblemLoader Init config took 3.37s 
171483     INFO  main            d.u.i.k.p.i.AbstractProblemLoader Replaying proof LinkedList[LinkedList::LinkedList(int,LinkedList)].JML normal_behavior operation contract.0 
171485     DEBUG main            d.u.i.k.p.i.IntermediateProofReplayer Proof replay took 6.4ns 
173793     INFO  main            d.u.i.k.p.r.p.TestFile    ... finished proof: closed. 
174127     INFO  main            d.u.i.k.p.i.AbstractProblemLoader Loading environment from /home/runner/work/key/key/key.core/../key.ui/examples/heap/vstte10_05_Queue/LinkedList_LinkedList2.key.proof 
174128     DEBUG main            d.u.i.k.p.i.AbstractProblemLoader Environment load took 379ns 
174130     INFO  main            d.u.i.k.p.i.AbstractProblemLoader Creating init config 
177373     DEBUG main            d.u.i.k.p.i.AbstractProblemLoader Init config took 3.24s 
177426     INFO  main            d.u.i.k.p.i.AbstractProblemLoader Replaying proof LinkedList[LinkedList::LinkedList(int,LinkedList)].JML normal_behavior operation contract.0 
177675     DEBUG main            d.u.i.k.p.i.IntermediateProofReplayer Proof replay took 241.07ms 
177677     DEBUG main            d.u.i.k.p.r.p.TestFile    ... success: reloaded. 
177678     INFO  main            d.u.i.k.p.r.p.TestFile    Now processing file /home/runner/work/key/key/key.core/../key.ui/examples/heap/vstte10_05_Queue/LinkedList_LinkedList3.key 
177679     INFO  main            d.u.i.k.p.i.AbstractProblemLoader Loading environment from /home/runner/work/key/key/key.core/../key.ui/examples/heap/vstte10_05_Queue/LinkedList_LinkedList3.key 
177679     DEBUG main            d.u.i.k.p.i.AbstractProblemLoader Environment load took 111.6ns 
177680     INFO  main            d.u.i.k.p.i.AbstractProblemLoader Creating init config 
181013     DEBUG main            d.u.i.k.p.i.AbstractProblemLoader Init config took 3.33s 
181066     INFO  main            d.u.i.k.p.i.AbstractProblemLoader Replaying proof LinkedList[LinkedList::LinkedList(int,LinkedList)].JML normal_behavior operation contract.0 
181068     DEBUG main            d.u.i.k.p.i.IntermediateProofReplayer Proof replay took 6.4ns 
198922     INFO  main            d.u.i.k.p.r.p.TestFile    ... finished proof: closed. 
199374     INFO  main            d.u.i.k.p.i.AbstractProblemLoader Loading environment from /home/runner/work/key/key/key.core/../key.ui/examples/heap/vstte10_05_Queue/LinkedList_LinkedList3.key.proof 
199375     DEBUG main            d.u.i.k.p.i.AbstractProblemLoader Environment load took 641.7ns 
199385     INFO  main            d.u.i.k.p.i.AbstractProblemLoader Creating init config 
202674     DEBUG main            d.u.i.k.p.i.AbstractProblemLoader Init config took 3.29s 
202729     INFO  main            d.u.i.k.p.i.AbstractProblemLoader Replaying proof LinkedList[LinkedList::LinkedList(int,LinkedList)].JML normal_behavior operation contract.0 
204245     DEBUG main            d.u.i.k.p.i.IntermediateProofReplayer Proof replay took 1.41s 
204252     DEBUG main            d.u.i.k.p.r.p.TestFile    ... success: reloaded. 
204255     INFO  main            d.u.i.k.p.r.p.TestFile    Now processing file /home/runner/work/key/key/key.core/../key.ui/examples/heap/vstte10_05_Queue/LinkedList_reverse.key 
204255     INFO  main            d.u.i.k.p.i.AbstractProblemLoader Loading environment from /home/runner/work/key/key/key.core/../key.ui/examples/heap/vstte10_05_Queue/LinkedList_reverse.key 
204256     DEBUG main            d.u.i.k.p.i.AbstractProblemLoader Environment load took 180.5ns 
204257     INFO  main            d.u.i.k.p.i.AbstractProblemLoader Creating init config 
207621     DEBUG main            d.u.i.k.p.i.AbstractProblemLoader Init config took 3.36s 
207673     INFO  main            d.u.i.k.p.i.AbstractProblemLoader Replaying proof LinkedList[LinkedList::reverse()].JML normal_behavior operation contract.0 
207678     DEBUG main            d.u.i.k.p.i.IntermediateProofReplayer Proof replay took 7.1ns 
219051     INFO  main            d.u.i.k.p.r.p.TestFile    ... finished proof: closed. 
219457     INFO  main            d.u.i.k.p.i.AbstractProblemLoader Loading environment from /home/runner/work/key/key/key.core/../key.ui/examples/heap/vstte10_05_Queue/LinkedList_reverse.key.proof 
219463     DEBUG main            d.u.i.k.p.i.AbstractProblemLoader Environment load took 7.38ms 
219467     INFO  main            d.u.i.k.p.i.AbstractProblemLoader Creating init config 
222756     DEBUG main            d.u.i.k.p.i.AbstractProblemLoader Init config took 3.29s 
222805     INFO  main            d.u.i.k.p.i.AbstractProblemLoader Replaying proof LinkedList[LinkedList::reverse()].JML normal_behavior operation contract.0 
223510     DEBUG main            d.u.i.k.p.i.IntermediateProofReplayer Proof replay took 664.53ms 
223513     DEBUG main            d.u.i.k.p.r.p.TestFile    ... success: reloaded. 
223515     INFO  main            d.u.i.k.p.r.p.TestFile    Now processing file /home/runner/work/key/key/key.core/../key.ui/examples/heap/vstte10_05_Queue/LinkedList_tail.key 
223515     INFO  main            d.u.i.k.p.i.AbstractProblemLoader Loading environment from /home/runner/work/key/key/key.core/../key.ui/examples/heap/vstte10_05_Queue/LinkedList_tail.key 
223515     DEBUG main            d.u.i.k.p.i.AbstractProblemLoader Environment load took 101.3ns 
223516     INFO  main            d.u.i.k.p.i.AbstractProblemLoader Creating init config 
226845     DEBUG main            d.u.i.k.p.i.AbstractProblemLoader Init config took 3.33s 
226895     INFO  main            d.u.i.k.p.i.AbstractProblemLoader Replaying proof LinkedList[LinkedList::tail()].JML normal_behavior operation contract.0 
226897     DEBUG main            d.u.i.k.p.i.IntermediateProofReplayer Proof replay took 46.1ns 
227601     INFO  main            d.u.i.k.p.r.p.TestFile    ... finished proof: closed. 
227928     INFO  main            d.u.i.k.p.i.AbstractProblemLoader Loading environment from /home/runner/work/key/key/key.core/../key.ui/examples/heap/vstte10_05_Queue/LinkedList_tail.key.proof 
227931     DEBUG main            d.u.i.k.p.i.AbstractProblemLoader Environment load took 2.61ms 
227933     INFO  main            d.u.i.k.p.i.AbstractProblemLoader Creating init config 
231165     DEBUG main            d.u.i.k.p.i.AbstractProblemLoader Init config took 3.23s 
231216     INFO  main            d.u.i.k.p.i.AbstractProblemLoader Replaying proof LinkedList[LinkedList::tail()].JML normal_behavior operation contract.0 
231318     DEBUG main            d.u.i.k.p.i.IntermediateProofReplayer Proof replay took 97.91ms 
231319     DEBUG main            d.u.i.k.p.r.p.TestFile    ... success: reloaded. 
2927905    INFO  Test worker     d.u.i.k.p.r.p.StatisticsFile Returning from test VSTTE10 
2927908    INFO  Test worker     d.u.i.k.p.r.p.StatisticsFile Running test WeideEtAl 
452        INFO  Timeout watchdog d.u.i.k.p.r.p.ForkedTestFileRunner Timeout watcher launched (2000 secs.) 
494        WARN  main            d.u.i.k.s.ProofSettings   The settings in /home/runner/.key/proof-settings.props are *not* read. 
540        INFO  main            d.u.i.k.p.r.p.TestFile    Now processing file /home/runner/work/key/key/key.core/../key.ui/examples/heap/WeideEtAl_01_AddAndMultiply/AddAndMultiply_add.key 
672        INFO  main            d.u.i.k.p.i.AbstractProblemLoader Loading environment from /home/runner/work/key/key/key.core/../key.ui/examples/heap/WeideEtAl_01_AddAndMultiply/AddAndMultiply_add.key 
692        DEBUG main            d.u.i.k.p.i.AbstractProblemLoader Environment load took 2.05ms 
967        INFO  main            d.u.i.k.p.i.AbstractProblemLoader Creating init config 
2204       DEBUG main            d.u.i.k.j.TypeConverter   No LDT found for Meta 
2205       DEBUG main            d.u.i.k.j.TypeConverter   No LDT found for Meta 
2208       DEBUG main            d.u.i.k.j.TypeConverter   No LDT found for Meta 
2209       DEBUG main            d.u.i.k.j.TypeConverter   No LDT found for Meta 
4016       DEBUG main            d.u.i.k.j.TypeConverter   No LDT found for JavaBigintExpression 
9867       DEBUG main            d.u.i.k.p.i.AbstractProblemLoader Init config took 8.9s 
10092      INFO  main            d.u.i.k.p.i.AbstractProblemLoader Replaying proof AddAndMultiply[AddAndMultiply::add(int,int)].JML normal_behavior operation contract.0 
10142      DEBUG main            d.u.i.k.p.i.IntermediateProofReplayer Proof replay took 36.3ns 
12227      INFO  main            d.u.i.k.p.r.p.TestFile    ... finished proof: closed. 
12397      INFO  main            d.u.i.k.p.i.AbstractProblemLoader Loading environment from /home/runner/work/key/key/key.core/../key.ui/examples/heap/WeideEtAl_01_AddAndMultiply/AddAndMultiply_add.key.proof 
12397      DEBUG main            d.u.i.k.p.i.AbstractProblemLoader Environment load took 356.6ns 
12400      INFO  main            d.u.i.k.p.i.AbstractProblemLoader Creating init config 
15875      DEBUG main            d.u.i.k.p.i.AbstractProblemLoader Init config took 3.48s 
15955      INFO  main            d.u.i.k.p.i.AbstractProblemLoader Replaying proof AddAndMultiply[AddAndMultiply::add(int,int)].JML normal_behavior operation contract.0 
16199      DEBUG main            d.u.i.k.p.i.IntermediateProofReplayer Proof replay took 231.38ms 
16208      DEBUG main            d.u.i.k.p.r.p.TestFile    ... success: reloaded. 
16212      INFO  main            d.u.i.k.p.r.p.TestFile    Now processing file /home/runner/work/key/key/key.core/../key.ui/examples/heap/WeideEtAl_01_AddAndMultiply/AddAndMultiply_mul.key 
16213      INFO  main            d.u.i.k.p.i.AbstractProblemLoader Loading environment from /home/runner/work/key/key/key.core/../key.ui/examples/heap/WeideEtAl_01_AddAndMultiply/AddAndMultiply_mul.key 
16213      DEBUG main            d.u.i.k.p.i.AbstractProblemLoader Environment load took 263.5ns 
16217      INFO  main            d.u.i.k.p.i.AbstractProblemLoader Creating init config 
19558      DEBUG main            d.u.i.k.p.i.AbstractProblemLoader Init config took 3.34s 
19628      INFO  main            d.u.i.k.p.i.AbstractProblemLoader Replaying proof AddAndMultiply[AddAndMultiply::mul(int,int)].JML normal_behavior operation contract.0 
19632      DEBUG main            d.u.i.k.p.i.IntermediateProofReplayer Proof replay took 6ns 
20452      INFO  main            d.u.i.k.p.r.p.TestFile    ... finished proof: closed. 
20622      INFO  main            d.u.i.k.p.i.AbstractProblemLoader Loading environment from /home/runner/work/key/key/key.core/../key.ui/examples/heap/WeideEtAl_01_AddAndMultiply/AddAndMultiply_mul.key.proof 
20623      DEBUG main            d.u.i.k.p.i.AbstractProblemLoader Environment load took 586ns 
20626      INFO  main            d.u.i.k.p.i.AbstractProblemLoader Creating init config 
23923      DEBUG main            d.u.i.k.p.i.AbstractProblemLoader Init config took 3.3s 
24003      INFO  main            d.u.i.k.p.i.AbstractProblemLoader Replaying proof AddAndMultiply[AddAndMultiply::mul(int,int)].JML normal_behavior operation contract.0 
24140      DEBUG main            d.u.i.k.p.i.IntermediateProofReplayer Proof replay took 129.98ms 
24142      DEBUG main            d.u.i.k.p.r.p.TestFile    ... success: reloaded. 
24143      INFO  main            d.u.i.k.p.r.p.TestFile    Now processing file /home/runner/work/key/key/key.core/../key.ui/examples/heap/WeideEtAl_02_BinarySearch/BinarySearch_search.key 
24144      INFO  main            d.u.i.k.p.i.AbstractProblemLoader Loading environment from /home/runner/work/key/key/key.core/../key.ui/examples/heap/WeideEtAl_02_BinarySearch/BinarySearch_search.key 
24144      DEBUG main            d.u.i.k.p.i.AbstractProblemLoader Environment load took 304.9ns 
24146      INFO  main            d.u.i.k.p.i.AbstractProblemLoader Creating init config 
27369      DEBUG main            d.u.i.k.p.i.AbstractProblemLoader Init config took 3.22s 
27440      INFO  main            d.u.i.k.p.i.AbstractProblemLoader Replaying proof BinarySearch[BinarySearch::search([I,int)].JML normal_behavior operation contract.0 
27449      DEBUG main            d.u.i.k.p.i.IntermediateProofReplayer Proof replay took 6.9ns 
31881      INFO  main            d.u.i.k.p.r.p.TestFile    ... finished proof: closed. 
32117      INFO  main            d.u.i.k.p.i.AbstractProblemLoader Loading environment from /home/runner/work/key/key/key.core/../key.ui/examples/heap/WeideEtAl_02_BinarySearch/BinarySearch_search.key.proof 
32123      DEBUG main            d.u.i.k.p.i.AbstractProblemLoader Environment load took 5.45ms 
32125      INFO  main            d.u.i.k.p.i.AbstractProblemLoader Creating init config 
35201      DEBUG main            d.u.i.k.p.i.AbstractProblemLoader Init config took 3.08s 
35256      INFO  main            d.u.i.k.p.i.AbstractProblemLoader Replaying proof BinarySearch[BinarySearch::search([I,int)].JML normal_behavior operation contract.0 
35796      DEBUG main            d.u.i.k.p.i.IntermediateProofReplayer Proof replay took 517.85ms 
35799      DEBUG main            d.u.i.k.p.r.p.TestFile    ... success: reloaded. 
2963913    INFO  Test worker     d.u.i.k.p.r.p.StatisticsFile Returning from test WeideEtAl 
2963915    INFO  Test worker     d.u.i.k.p.r.p.StatisticsFile Running test arithmetic 
500        INFO  Timeout watchdog d.u.i.k.p.r.p.ForkedTestFileRunner Timeout watcher launched (2000 secs.) 
537        WARN  main            d.u.i.k.s.ProofSettings   The settings in /home/runner/.key/proof-settings.props are *not* read. 
581        INFO  main            d.u.i.k.p.r.p.TestFile    Now processing file /home/runner/work/key/key/key.core/../key.ui/examples/standard_key/arith/binomial1.key 
706        INFO  main            d.u.i.k.p.i.AbstractProblemLoader Loading environment from /home/runner/work/key/key/key.core/../key.ui/examples/standard_key/arith/binomial1.key 
727        DEBUG main            d.u.i.k.p.i.AbstractProblemLoader Environment load took 2.2ms 
1035       INFO  main            d.u.i.k.p.i.AbstractProblemLoader Creating init config 
2209       DEBUG main            d.u.i.k.j.TypeConverter   No LDT found for Meta 
2210       DEBUG main            d.u.i.k.j.TypeConverter   No LDT found for Meta 
2214       DEBUG main            d.u.i.k.j.TypeConverter   No LDT found for Meta 
2214       DEBUG main            d.u.i.k.j.TypeConverter   No LDT found for Meta 
3820       DEBUG main            d.u.i.k.j.TypeConverter   No LDT found for JavaBigintExpression 
9764       DEBUG main            d.u.i.k.p.i.AbstractProblemLoader Init config took 8.73s 
9840       INFO  main            d.u.i.k.p.i.AbstractProblemLoader Replaying proof binomial1.key 
9887       DEBUG main            d.u.i.k.p.i.IntermediateProofReplayer Proof replay took 69.5ns 
10267      INFO  main            d.u.i.k.p.r.p.TestFile    ... finished proof: closed. 
10398      INFO  main            d.u.i.k.p.i.AbstractProblemLoader Loading environment from /home/runner/work/key/key/key.core/../key.ui/examples/standard_key/arith/binomial1.key.proof 
10401      DEBUG main            d.u.i.k.p.i.AbstractProblemLoader Environment load took 3.24ms 
10411      INFO  main            d.u.i.k.p.i.AbstractProblemLoader Creating init config 
13963      DEBUG main            d.u.i.k.p.i.AbstractProblemLoader Init config took 3.55s 
14019      INFO  main            d.u.i.k.p.i.AbstractProblemLoader Replaying proof binomial1.key.proof 
14037      DEBUG main            d.u.i.k.p.i.IntermediateProofReplayer Proof replay took 12.14ms 
14051      DEBUG main            d.u.i.k.p.r.p.TestFile    ... success: reloaded. 
14053      INFO  main            d.u.i.k.p.r.p.TestFile    Now processing file /home/runner/work/key/key/key.core/../key.ui/examples/standard_key/arith/binomial2.key 
14053      INFO  main            d.u.i.k.p.i.AbstractProblemLoader Loading environment from /home/runner/work/key/key/key.core/../key.ui/examples/standard_key/arith/binomial2.key 
14054      DEBUG main            d.u.i.k.p.i.AbstractProblemLoader Environment load took 269.6ns 
14056      INFO  main            d.u.i.k.p.i.AbstractProblemLoader Creating init config 
17346      DEBUG main            d.u.i.k.p.i.AbstractProblemLoader Init config took 3.29s 
17389      INFO  main            d.u.i.k.p.i.AbstractProblemLoader Replaying proof binomial2.key 
17393      DEBUG main            d.u.i.k.p.i.IntermediateProofReplayer Proof replay took 7ns 
17597      INFO  main            d.u.i.k.p.r.p.TestFile    ... finished proof: closed. 
17747      INFO  main            d.u.i.k.p.i.AbstractProblemLoader Loading environment from /home/runner/work/key/key/key.core/../key.ui/examples/standard_key/arith/binomial2.key.proof 
17748      DEBUG main            d.u.i.k.p.i.AbstractProblemLoader Environment load took 1.13ms 
17753      INFO  main            d.u.i.k.p.i.AbstractProblemLoader Creating init config 
21091      DEBUG main            d.u.i.k.p.i.AbstractProblemLoader Init config took 3.34s 
21123      INFO  main            d.u.i.k.p.i.AbstractProblemLoader Replaying proof binomial2.key.proof 
21139      DEBUG main            d.u.i.k.p.i.IntermediateProofReplayer Proof replay took 12.73ms 
21141      DEBUG main            d.u.i.k.p.r.p.TestFile    ... success: reloaded. 
21143      INFO  main            d.u.i.k.p.r.p.TestFile    Now processing file /home/runner/work/key/key/key.core/../key.ui/examples/standard_key/arith/check_jdiv.key 
21144      INFO  main            d.u.i.k.p.i.AbstractProblemLoader Loading environment from /home/runner/work/key/key/key.core/../key.ui/examples/standard_key/arith/check_jdiv.key 
21144      DEBUG main            d.u.i.k.p.i.AbstractProblemLoader Environment load took 196.4ns 
21146      INFO  main            d.u.i.k.p.i.AbstractProblemLoader Creating init config 
24414      DEBUG main            d.u.i.k.p.i.AbstractProblemLoader Init config took 3.27s 
24441      INFO  main            d.u.i.k.p.i.AbstractProblemLoader Replaying proof check_jdiv.key 
24445      DEBUG main            d.u.i.k.p.i.IntermediateProofReplayer Proof replay took 7.7ns 
31385      INFO  main            d.u.i.k.p.r.p.TestFile    ... finished proof: closed. 
31662      INFO  main            d.u.i.k.p.i.AbstractProblemLoader Loading environment from /home/runner/work/key/key/key.core/../key.ui/examples/standard_key/arith/check_jdiv.key.proof 
31663      DEBUG main            d.u.i.k.p.i.AbstractProblemLoader Environment load took 947.31ns 
31670      INFO  main            d.u.i.k.p.i.AbstractProblemLoader Creating init config 
34821      DEBUG main            d.u.i.k.p.i.AbstractProblemLoader Init config took 3.15s 
34846      INFO  main            d.u.i.k.p.i.AbstractProblemLoader Replaying proof check_jdiv.key.proof 
35295      DEBUG main            d.u.i.k.p.i.IntermediateProofReplayer Proof replay took 405.19ms 
35298      DEBUG main            d.u.i.k.p.r.p.TestFile    ... success: reloaded. 
35300      INFO  main            d.u.i.k.p.r.p.TestFile    Now processing file /home/runner/work/key/key/key.core/../key.ui/examples/standard_key/arith/check_jdiv_concrete.key 
35300      INFO  main            d.u.i.k.p.i.AbstractProblemLoader Loading environment from /home/runner/work/key/key/key.core/../key.ui/examples/standard_key/arith/check_jdiv_concrete.key 
35300      DEBUG main            d.u.i.k.p.i.AbstractProblemLoader Environment load took 264.1ns 
35302      INFO  main            d.u.i.k.p.i.AbstractProblemLoader Creating init config 
38510      DEBUG main            d.u.i.k.p.i.AbstractProblemLoader Init config took 3.21s 
38536      INFO  main            d.u.i.k.p.i.AbstractProblemLoader Replaying proof check_jdiv_concrete.key 
38539      DEBUG main            d.u.i.k.p.i.IntermediateProofReplayer Proof replay took 7.5ns 
38642      INFO  main            d.u.i.k.p.r.p.TestFile    ... finished proof: closed. 
38888      INFO  main            d.u.i.k.p.i.AbstractProblemLoader Loading environment from /home/runner/work/key/key/key.core/../key.ui/examples/standard_key/arith/check_jdiv_concrete.key.proof 
38889      DEBUG main            d.u.i.k.p.i.AbstractProblemLoader Environment load took 179.4ns 
38890      INFO  main            d.u.i.k.p.i.AbstractProblemLoader Creating init config 
41944      DEBUG main            d.u.i.k.p.i.AbstractProblemLoader Init config took 3.05s 
41968      INFO  main            d.u.i.k.p.i.AbstractProblemLoader Replaying proof check_jdiv_concrete.key.proof 
41975      DEBUG main            d.u.i.k.p.i.IntermediateProofReplayer Proof replay took 4.01ms 
41976      DEBUG main            d.u.i.k.p.r.p.TestFile    ... success: reloaded. 
41977      INFO  main            d.u.i.k.p.r.p.TestFile    Now processing file /home/runner/work/key/key/key.core/../key.ui/examples/standard_key/arith/check_jdiv_instantiated.key 
41978      INFO  main            d.u.i.k.p.i.AbstractProblemLoader Loading environment from /home/runner/work/key/key/key.core/../key.ui/examples/standard_key/arith/check_jdiv_instantiated.key 
41978      DEBUG main            d.u.i.k.p.i.AbstractProblemLoader Environment load took 304.5ns 
41980      INFO  main            d.u.i.k.p.i.AbstractProblemLoader Creating init config 
45054      DEBUG main            d.u.i.k.p.i.AbstractProblemLoader Init config took 3.07s 
45077      INFO  main            d.u.i.k.p.i.AbstractProblemLoader Replaying proof check_jdiv_instantiated.key 
45080      DEBUG main            d.u.i.k.p.i.IntermediateProofReplayer Proof replay took 6.1ns 
49232      INFO  main            d.u.i.k.p.r.p.TestFile    ... finished proof: closed. 
49498      INFO  main            d.u.i.k.p.i.AbstractProblemLoader Loading environment from /home/runner/work/key/key/key.core/../key.ui/examples/standard_key/arith/check_jdiv_instantiated.key.proof 
49498      DEBUG main            d.u.i.k.p.i.AbstractProblemLoader Environment load took 581ns 
49501      INFO  main            d.u.i.k.p.i.AbstractProblemLoader Creating init config 
52525      DEBUG main            d.u.i.k.p.i.AbstractProblemLoader Init config took 3.02s 
52552      INFO  main            d.u.i.k.p.i.AbstractProblemLoader Replaying proof check_jdiv_instantiated.key.proof 
52779      DEBUG main            d.u.i.k.p.i.IntermediateProofReplayer Proof replay took 193.9ms 
52783      DEBUG main            d.u.i.k.p.r.p.TestFile    ... success: reloaded. 
52784      INFO  main            d.u.i.k.p.r.p.TestFile    Now processing file /home/runner/work/key/key/key.core/../key.ui/examples/standard_key/arith/check_jmod.key 
52785      INFO  main            d.u.i.k.p.i.AbstractProblemLoader Loading environment from /home/runner/work/key/key/key.core/../key.ui/examples/standard_key/arith/check_jmod.key 
52785      DEBUG main            d.u.i.k.p.i.AbstractProblemLoader Environment load took 300.4ns 
52787      INFO  main            d.u.i.k.p.i.AbstractProblemLoader Creating init config 
55824      DEBUG main            d.u.i.k.p.i.AbstractProblemLoader Init config took 3.04s 
55847      INFO  main            d.u.i.k.p.i.AbstractProblemLoader Replaying proof check_jmod.key 
55850      DEBUG main            d.u.i.k.p.i.IntermediateProofReplayer Proof replay took 7.9ns 
56557      INFO  main            d.u.i.k.p.r.p.TestFile    ... finished proof: closed. 
56843      INFO  main            d.u.i.k.p.i.AbstractProblemLoader Loading environment from /home/runner/work/key/key/key.core/../key.ui/examples/standard_key/arith/check_jmod.key.proof 
56844      DEBUG main            d.u.i.k.p.i.AbstractProblemLoader Environment load took 581.4ns 
56845      INFO  main            d.u.i.k.p.i.AbstractProblemLoader Creating init config 
59832      DEBUG main            d.u.i.k.p.i.AbstractProblemLoader Init config took 2.99s 
59854      INFO  main            d.u.i.k.p.i.AbstractProblemLoader Replaying proof check_jmod.key.proof 
59899      DEBUG main            d.u.i.k.p.i.IntermediateProofReplayer Proof replay took 37.36ms 
59900      DEBUG main            d.u.i.k.p.r.p.TestFile    ... success: reloaded. 
59901      INFO  main            d.u.i.k.p.r.p.TestFile    Now processing file /home/runner/work/key/key/key.core/../key.ui/examples/standard_key/arith/complexExpressions.key 
59902      INFO  main            d.u.i.k.p.i.AbstractProblemLoader Loading environment from /home/runner/work/key/key/key.core/../key.ui/examples/standard_key/arith/complexExpressions.key 
59902      DEBUG main            d.u.i.k.p.i.AbstractProblemLoader Environment load took 270.5ns 
59904      INFO  main            d.u.i.k.p.i.AbstractProblemLoader Creating init config 
62884      DEBUG main            d.u.i.k.p.i.AbstractProblemLoader Init config took 2.98s 
62922      INFO  main            d.u.i.k.p.i.AbstractProblemLoader Replaying proof complexExpressions.key 
62924      DEBUG main            d.u.i.k.p.i.IntermediateProofReplayer Proof replay took 6.5ns 
63133      INFO  main            d.u.i.k.p.r.p.TestFile    ... finished proof: closed. 
63348      INFO  main            d.u.i.k.p.i.AbstractProblemLoader Loading environment from /home/runner/work/key/key/key.core/../key.ui/examples/standard_key/arith/complexExpressions.key.proof 
63348      DEBUG main            d.u.i.k.p.i.AbstractProblemLoader Environment load took 160.6ns 
63350      INFO  main            d.u.i.k.p.i.AbstractProblemLoader Creating init config 
66535      DEBUG main            d.u.i.k.p.i.AbstractProblemLoader Init config took 3.18s 
66557      INFO  main            d.u.i.k.p.i.AbstractProblemLoader Replaying proof complexExpressions.key.proof 
66573      DEBUG main            d.u.i.k.p.i.IntermediateProofReplayer Proof replay took 12.16ms 
66574      DEBUG main            d.u.i.k.p.r.p.TestFile    ... success: reloaded. 
66574      INFO  main            d.u.i.k.p.r.p.TestFile    Now processing file /home/runner/work/key/key/key.core/../key.ui/examples/standard_key/arith/compound_unaryMinus.key 
66575      INFO  main            d.u.i.k.p.i.AbstractProblemLoader Loading environment from /home/runner/work/key/key/key.core/../key.ui/examples/standard_key/arith/compound_unaryMinus.key 
66576      DEBUG main            d.u.i.k.p.i.AbstractProblemLoader Environment load took 163.5ns 
66577      INFO  main            d.u.i.k.p.i.AbstractProblemLoader Creating init config 
69528      DEBUG main            d.u.i.k.p.i.AbstractProblemLoader Init config took 2.95s 
69551      INFO  main            d.u.i.k.p.i.AbstractProblemLoader Replaying proof compound_unaryMinus.key 
69554      DEBUG main            d.u.i.k.p.i.IntermediateProofReplayer Proof replay took 6.2ns 
69656      INFO  main            d.u.i.k.p.r.p.TestFile    ... finished proof: closed. 
69872      INFO  main            d.u.i.k.p.i.AbstractProblemLoader Loading environment from /home/runner/work/key/key/key.core/../key.ui/examples/standard_key/arith/compound_unaryMinus.key.proof 
69873      DEBUG main            d.u.i.k.p.i.AbstractProblemLoader Environment load took 503.81ns 
69875      INFO  main            d.u.i.k.p.i.AbstractProblemLoader Creating init config 
72951      DEBUG main            d.u.i.k.p.i.AbstractProblemLoader Init config took 3.08s 
72971      INFO  main            d.u.i.k.p.i.AbstractProblemLoader Replaying proof compound_unaryMinus.key.proof 
72977      DEBUG main            d.u.i.k.p.i.IntermediateProofReplayer Proof replay took 4.39ms 
72978      DEBUG main            d.u.i.k.p.r.p.TestFile    ... success: reloaded. 
72979      INFO  main            d.u.i.k.p.r.p.TestFile    Now processing file /home/runner/work/key/key/key.core/../key.ui/examples/standard_key/arith/computation.key 
72979      INFO  main            d.u.i.k.p.i.AbstractProblemLoader Loading environment from /home/runner/work/key/key/key.core/../key.ui/examples/standard_key/arith/computation.key 
72979      DEBUG main            d.u.i.k.p.i.AbstractProblemLoader Environment load took 127.6ns 
72981      INFO  main            d.u.i.k.p.i.AbstractProblemLoader Creating init config 
76116      DEBUG main            d.u.i.k.p.i.AbstractProblemLoader Init config took 3.13s 
76136      INFO  main            d.u.i.k.p.i.AbstractProblemLoader Replaying proof computation.key 
76139      DEBUG main            d.u.i.k.p.i.IntermediateProofReplayer Proof replay took 6.4ns 
77946      INFO  main            d.u.i.k.p.r.p.TestFile    ... finished proof: closed. 
78268      INFO  main            d.u.i.k.p.i.AbstractProblemLoader Loading environment from /home/runner/work/key/key/key.core/../key.ui/examples/standard_key/arith/computation.key.proof 
78271      DEBUG main            d.u.i.k.p.i.AbstractProblemLoader Environment load took 3.13ms 
78273      INFO  main            d.u.i.k.p.i.AbstractProblemLoader Creating init config 
81374      DEBUG main            d.u.i.k.p.i.AbstractProblemLoader Init config took 3.1s 
81393      INFO  main            d.u.i.k.p.i.AbstractProblemLoader Replaying proof computation.key.proof 
81491      DEBUG main            d.u.i.k.p.i.IntermediateProofReplayer Proof replay took 91.16ms 
81495      DEBUG main            d.u.i.k.p.r.p.TestFile    ... success: reloaded. 
81497      INFO  main            d.u.i.k.p.r.p.TestFile    Now processing file /home/runner/work/key/key/key.core/../key.ui/examples/standard_key/arith/cubicSum.key 
81497      INFO  main            d.u.i.k.p.i.AbstractProblemLoader Loading environment from /home/runner/work/key/key/key.core/../key.ui/examples/standard_key/arith/cubicSum.key 
81497      DEBUG main            d.u.i.k.p.i.AbstractProblemLoader Environment load took 238ns 
81500      INFO  main            d.u.i.k.p.i.AbstractProblemLoader Creating init config 
84825      DEBUG main            d.u.i.k.p.i.AbstractProblemLoader Init config took 3.33s 
84845      INFO  main            d.u.i.k.p.i.AbstractProblemLoader Replaying proof cubicSum.key 
84847      DEBUG main            d.u.i.k.p.i.IntermediateProofReplayer Proof replay took 7.2ns 
85958      INFO  main            d.u.i.k.p.r.p.TestFile    ... finished proof: closed. 
86336      INFO  main            d.u.i.k.p.i.AbstractProblemLoader Loading environment from /home/runner/work/key/key/key.core/../key.ui/examples/standard_key/arith/cubicSum.key.proof 
86337      DEBUG main            d.u.i.k.p.i.AbstractProblemLoader Environment load took 348.6ns 
86339      INFO  main            d.u.i.k.p.i.AbstractProblemLoader Creating init config 
89399      DEBUG main            d.u.i.k.p.i.AbstractProblemLoader Init config took 3.06s 
89419      INFO  main            d.u.i.k.p.i.AbstractProblemLoader Replaying proof cubicSum.key.proof 
89541      DEBUG main            d.u.i.k.p.i.IntermediateProofReplayer Proof replay took 117.8ms 
89543      DEBUG main            d.u.i.k.p.r.p.TestFile    ... success: reloaded. 
89545      INFO  main            d.u.i.k.p.r.p.TestFile    Now processing file /home/runner/work/key/key/key.core/../key.ui/examples/standard_key/arith/divByZero.key 
89545      INFO  main            d.u.i.k.p.i.AbstractProblemLoader Loading environment from /home/runner/work/key/key/key.core/../key.ui/examples/standard_key/arith/divByZero.key 
89545      DEBUG main            d.u.i.k.p.i.AbstractProblemLoader Environment load took 262ns 
89547      INFO  main            d.u.i.k.p.i.AbstractProblemLoader Creating init config 
92641      DEBUG main            d.u.i.k.p.i.AbstractProblemLoader Init config took 3.09s 
92661      INFO  main            d.u.i.k.p.i.AbstractProblemLoader Replaying proof divByZero.key 
92664      DEBUG main            d.u.i.k.p.i.IntermediateProofReplayer Proof replay took 6.9ns 
92967      INFO  main            d.u.i.k.p.r.p.TestFile    ... finished proof: closed. 
93293      INFO  main            d.u.i.k.p.i.AbstractProblemLoader Loading environment from /home/runner/work/key/key/key.core/../key.ui/examples/standard_key/arith/divByZero.key.proof 
93294      DEBUG main            d.u.i.k.p.i.AbstractProblemLoader Environment load took 141.9ns 
93295      INFO  main            d.u.i.k.p.i.AbstractProblemLoader Creating init config 
96240      DEBUG main            d.u.i.k.p.i.AbstractProblemLoader Init config took 2.94s 
96257      INFO  main            d.u.i.k.p.i.AbstractProblemLoader Replaying proof divByZero.key.proof 
96303      DEBUG main            d.u.i.k.p.i.IntermediateProofReplayer Proof replay took 42.23ms 
96304      DEBUG main            d.u.i.k.p.r.p.TestFile    ... success: reloaded. 
96305      INFO  main            d.u.i.k.p.r.p.TestFile    Now processing file /home/runner/work/key/key/key.core/../key.ui/examples/standard_key/arith/divisionAssoc.key 
96306      INFO  main            d.u.i.k.p.i.AbstractProblemLoader Loading environment from /home/runner/work/key/key/key.core/../key.ui/examples/standard_key/arith/divisionAssoc.key 
96306      DEBUG main            d.u.i.k.p.i.AbstractProblemLoader Environment load took 165ns 
96307      INFO  main            d.u.i.k.p.i.AbstractProblemLoader Creating init config 
99266      DEBUG main            d.u.i.k.p.i.AbstractProblemLoader Init config took 2.96s 
99283      INFO  main            d.u.i.k.p.i.AbstractProblemLoader Replaying proof divisionAssoc.key 
99285      DEBUG main            d.u.i.k.p.i.IntermediateProofReplayer Proof replay took 7ns 
100190     INFO  main            d.u.i.k.p.r.p.TestFile    ... finished proof: closed. 
100561     INFO  main            d.u.i.k.p.i.AbstractProblemLoader Loading environment from /home/runner/work/key/key/key.core/../key.ui/examples/standard_key/arith/divisionAssoc.key.proof 
100562     DEBUG main            d.u.i.k.p.i.AbstractProblemLoader Environment load took 559.4ns 
100564     INFO  main            d.u.i.k.p.i.AbstractProblemLoader Creating init config 
103502     DEBUG main            d.u.i.k.p.i.AbstractProblemLoader Init config took 2.94s 
103519     INFO  main            d.u.i.k.p.i.AbstractProblemLoader Replaying proof divisionAssoc.key.proof 
103570     DEBUG main            d.u.i.k.p.i.IntermediateProofReplayer Proof replay took 44.48ms 
103572     DEBUG main            d.u.i.k.p.r.p.TestFile    ... success: reloaded. 
103573     INFO  main            d.u.i.k.p.r.p.TestFile    Now processing file /home/runner/work/key/key/key.core/../key.ui/examples/standard_key/arith/divisionBy2.key 
103574     INFO  main            d.u.i.k.p.i.AbstractProblemLoader Loading environment from /home/runner/work/key/key/key.core/../key.ui/examples/standard_key/arith/divisionBy2.key 
103574     DEBUG main            d.u.i.k.p.i.AbstractProblemLoader Environment load took 281.4ns 
103575     INFO  main            d.u.i.k.p.i.AbstractProblemLoader Creating init config 
106660     DEBUG main            d.u.i.k.p.i.AbstractProblemLoader Init config took 3.08s 
106676     INFO  main            d.u.i.k.p.i.AbstractProblemLoader Replaying proof divisionBy2.key 
106678     DEBUG main            d.u.i.k.p.i.IntermediateProofReplayer Proof replay took 7.4ns 
106780     INFO  main            d.u.i.k.p.r.p.TestFile    ... finished proof: closed. 
107057     INFO  main            d.u.i.k.p.i.AbstractProblemLoader Loading environment from /home/runner/work/key/key/key.core/../key.ui/examples/standard_key/arith/divisionBy2.key.proof 
107057     DEBUG main            d.u.i.k.p.i.AbstractProblemLoader Environment load took 155.6ns 
107059     INFO  main            d.u.i.k.p.i.AbstractProblemLoader Creating init config 
110140     DEBUG main            d.u.i.k.p.i.AbstractProblemLoader Init config took 3.08s 
110156     INFO  main            d.u.i.k.p.i.AbstractProblemLoader Replaying proof divisionBy2.key.proof 
110171     DEBUG main            d.u.i.k.p.i.IntermediateProofReplayer Proof replay took 10.58ms 
110172     DEBUG main            d.u.i.k.p.r.p.TestFile    ... success: reloaded. 
110174     INFO  main            d.u.i.k.p.r.p.TestFile    Now processing file /home/runner/work/key/key/key.core/../key.ui/examples/standard_key/arith/euclidean/gcdHelp-post.key 
110174     INFO  main            d.u.i.k.p.i.AbstractProblemLoader Loading environment from /home/runner/work/key/key/key.core/../key.ui/examples/standard_key/arith/euclidean/gcdHelp-post.key 
110174     DEBUG main            d.u.i.k.p.i.AbstractProblemLoader Environment load took 250.4ns 
110176     INFO  main            d.u.i.k.p.i.AbstractProblemLoader Creating init config 
113416     DEBUG main            d.u.i.k.p.i.AbstractProblemLoader Init config took 3.24s 
113432     INFO  main            d.u.i.k.p.i.AbstractProblemLoader Replaying proof gcdHelp-post.key 
113435     DEBUG main            d.u.i.k.p.i.IntermediateProofReplayer Proof replay took 7.7ns 
117490     INFO  main            d.u.i.k.p.r.p.TestFile    ... finished proof: closed. 
117796     INFO  main            d.u.i.k.p.i.AbstractProblemLoader Loading environment from /home/runner/work/key/key/key.core/../key.ui/examples/standard_key/arith/euclidean/gcdHelp-post.key.proof 
117796     DEBUG main            d.u.i.k.p.i.AbstractProblemLoader Environment load took 624.61ns 
117799     INFO  main            d.u.i.k.p.i.AbstractProblemLoader Creating init config 
121031     DEBUG main            d.u.i.k.p.i.AbstractProblemLoader Init config took 3.23s 
121047     INFO  main            d.u.i.k.p.i.AbstractProblemLoader Replaying proof gcdHelp-post.key.proof 
121257     DEBUG main            d.u.i.k.p.i.IntermediateProofReplayer Proof replay took 198.07ms 
121259     DEBUG main            d.u.i.k.p.r.p.TestFile    ... success: reloaded. 
121261     INFO  main            d.u.i.k.p.r.p.TestFile    Now processing file /home/runner/work/key/key/key.core/../key.ui/examples/standard_key/arith/gemplusDecimal/add.key 
121261     INFO  main            d.u.i.k.p.i.AbstractProblemLoader Loading environment from /home/runner/work/key/key/key.core/../key.ui/examples/standard_key/arith/gemplusDecimal/add.key 
121261     DEBUG main            d.u.i.k.p.i.AbstractProblemLoader Environment load took 266.7ns 
121264     INFO  main            d.u.i.k.p.i.AbstractProblemLoader Creating init config 
124393     DEBUG main            d.u.i.k.p.i.AbstractProblemLoader Init config took 3.13s 
124411     INFO  main            d.u.i.k.p.i.AbstractProblemLoader Replaying proof add.key 
124413     DEBUG main            d.u.i.k.p.i.IntermediateProofReplayer Proof replay took 8.1ns 
177657     INFO  main            d.u.i.k.p.r.p.TestFile    ... finished proof: closed. 
178139     INFO  main            d.u.i.k.p.i.AbstractProblemLoader Loading environment from /home/runner/work/key/key/key.core/../key.ui/examples/standard_key/arith/gemplusDecimal/add.key.proof 
178140     DEBUG main            d.u.i.k.p.i.AbstractProblemLoader Environment load took 578.8ns 
178151     INFO  main            d.u.i.k.p.i.AbstractProblemLoader Creating init config 
181042     DEBUG main            d.u.i.k.p.i.AbstractProblemLoader Init config took 2.89s 
181059     INFO  main            d.u.i.k.p.i.AbstractProblemLoader Replaying proof add.key.proof 
183948     DEBUG main            d.u.i.k.p.i.IntermediateProofReplayer Proof replay took 2.77s 
183957     DEBUG main            d.u.i.k.p.r.p.TestFile    ... success: reloaded. 
183959     INFO  main            d.u.i.k.p.r.p.TestFile    Now processing file /home/runner/work/key/key/key.core/../key.ui/examples/standard_key/arith/jdivevenodd.key 
183959     INFO  main            d.u.i.k.p.i.AbstractProblemLoader Loading environment from /home/runner/work/key/key/key.core/../key.ui/examples/standard_key/arith/jdivevenodd.key 
183960     DEBUG main            d.u.i.k.p.i.AbstractProblemLoader Environment load took 240.6ns 
183961     INFO  main            d.u.i.k.p.i.AbstractProblemLoader Creating init config 
186932     DEBUG main            d.u.i.k.p.i.AbstractProblemLoader Init config took 2.97s 
186949     INFO  main            d.u.i.k.p.i.AbstractProblemLoader Replaying proof jdivevenodd.key 
186951     DEBUG main            d.u.i.k.p.i.IntermediateProofReplayer Proof replay took 7.4ns 
187157     INFO  main            d.u.i.k.p.r.p.TestFile    ... finished proof: closed. 
187631     INFO  main            d.u.i.k.p.i.AbstractProblemLoader Loading environment from /home/runner/work/key/key/key.core/../key.ui/examples/standard_key/arith/jdivevenodd.key.proof 
187632     DEBUG main            d.u.i.k.p.i.AbstractProblemLoader Environment load took 611.3ns 
187634     INFO  main            d.u.i.k.p.i.AbstractProblemLoader Creating init config 
190512     DEBUG main            d.u.i.k.p.i.AbstractProblemLoader Init config took 2.88s 
190527     INFO  main            d.u.i.k.p.i.AbstractProblemLoader Replaying proof jdivevenodd.key.proof 
190542     DEBUG main            d.u.i.k.p.i.IntermediateProofReplayer Proof replay took 12.51ms 
190543     DEBUG main            d.u.i.k.p.r.p.TestFile    ... success: reloaded. 
190544     INFO  main            d.u.i.k.p.r.p.TestFile    Now processing file /home/runner/work/key/key/key.core/../key.ui/examples/standard_key/arith/median.key 
190545     INFO  main            d.u.i.k.p.i.AbstractProblemLoader Loading environment from /home/runner/work/key/key/key.core/../key.ui/examples/standard_key/arith/median.key 
190546     DEBUG main            d.u.i.k.p.i.AbstractProblemLoader Environment load took 314.1ns 
190547     INFO  main            d.u.i.k.p.i.AbstractProblemLoader Creating init config 
193397     DEBUG main            d.u.i.k.p.i.AbstractProblemLoader Init config took 2.85s 
193414     INFO  main            d.u.i.k.p.i.AbstractProblemLoader Replaying proof median.key 
193416     DEBUG main            d.u.i.k.p.i.IntermediateProofReplayer Proof replay took 6.8ns 
211382     INFO  main            d.u.i.k.p.r.p.TestFile    ... finished proof: closed. 
211804     INFO  main            d.u.i.k.p.i.AbstractProblemLoader Loading environment from /home/runner/work/key/key/key.core/../key.ui/examples/standard_key/arith/median.key.proof 
211805     DEBUG main            d.u.i.k.p.i.AbstractProblemLoader Environment load took 828.81ns 
211808     INFO  main            d.u.i.k.p.i.AbstractProblemLoader Creating init config 
214630     DEBUG main            d.u.i.k.p.i.AbstractProblemLoader Init config took 2.82s 
214647     INFO  main            d.u.i.k.p.i.AbstractProblemLoader Replaying proof median.key.proof 
215462     DEBUG main            d.u.i.k.p.i.IntermediateProofReplayer Proof replay took 760.19ms 
215467     DEBUG main            d.u.i.k.p.r.p.TestFile    ... success: reloaded. 
215469     INFO  main            d.u.i.k.p.r.p.TestFile    Now processing file /home/runner/work/key/key/key.core/../key.ui/examples/standard_key/arith/mod1.key 
215470     INFO  main            d.u.i.k.p.i.AbstractProblemLoader Loading environment from /home/runner/work/key/key/key.core/../key.ui/examples/standard_key/arith/mod1.key 
215470     DEBUG main            d.u.i.k.p.i.AbstractProblemLoader Environment load took 188ns 
215471     INFO  main            d.u.i.k.p.i.AbstractProblemLoader Creating init config 
218275     DEBUG main            d.u.i.k.p.i.AbstractProblemLoader Init config took 2.8s 
218291     INFO  main            d.u.i.k.p.i.AbstractProblemLoader Replaying proof mod1.key 
218293     DEBUG main            d.u.i.k.p.i.IntermediateProofReplayer Proof replay took 7.8ns 
218395     INFO  main            d.u.i.k.p.r.p.TestFile    ... finished proof: closed. 
218774     INFO  main            d.u.i.k.p.i.AbstractProblemLoader Loading environment from /home/runner/work/key/key/key.core/../key.ui/examples/standard_key/arith/mod1.key.proof 
218774     DEBUG main            d.u.i.k.p.i.AbstractProblemLoader Environment load took 141.8ns 
218775     INFO  main            d.u.i.k.p.i.AbstractProblemLoader Creating init config 
221649     DEBUG main            d.u.i.k.p.i.AbstractProblemLoader Init config took 2.87s 
221664     INFO  main            d.u.i.k.p.i.AbstractProblemLoader Replaying proof mod1.key.proof 
221682     DEBUG main            d.u.i.k.p.i.IntermediateProofReplayer Proof replay took 16.75ms 
221683     DEBUG main            d.u.i.k.p.r.p.TestFile    ... success: reloaded. 
221684     INFO  main            d.u.i.k.p.r.p.TestFile    Now processing file /home/runner/work/key/key/key.core/../key.ui/examples/standard_key/arith/mod2.key 
221685     INFO  main            d.u.i.k.p.i.AbstractProblemLoader Loading environment from /home/runner/work/key/key/key.core/../key.ui/examples/standard_key/arith/mod2.key 
221685     DEBUG main            d.u.i.k.p.i.AbstractProblemLoader Environment load took 142.6ns 
221686     INFO  main            d.u.i.k.p.i.AbstractProblemLoader Creating init config 
224491     DEBUG main            d.u.i.k.p.i.AbstractProblemLoader Init config took 2.8s 
224506     INFO  main            d.u.i.k.p.i.AbstractProblemLoader Replaying proof mod2.key 
224507     DEBUG main            d.u.i.k.p.i.IntermediateProofReplayer Proof replay took 6.8ns 
224612     INFO  main            d.u.i.k.p.r.p.TestFile    ... finished proof: closed. 
224911     INFO  main            d.u.i.k.p.i.AbstractProblemLoader Loading environment from /home/runner/work/key/key/key.core/../key.ui/examples/standard_key/arith/mod2.key.proof 
224911     DEBUG main            d.u.i.k.p.i.AbstractProblemLoader Environment load took 121.7ns 
224913     INFO  main            d.u.i.k.p.i.AbstractProblemLoader Creating init config 
227715     DEBUG main            d.u.i.k.p.i.AbstractProblemLoader Init config took 2.8s 
227730     INFO  main            d.u.i.k.p.i.AbstractProblemLoader Replaying proof mod2.key.proof 
227734     DEBUG main            d.u.i.k.p.i.IntermediateProofReplayer Proof replay took 1.63ms 
227735     DEBUG main            d.u.i.k.p.r.p.TestFile    ... success: reloaded. 
227736     INFO  main            d.u.i.k.p.r.p.TestFile    Now processing file /home/runner/work/key/key/key.core/../key.ui/examples/standard_key/arith/mod7.key 
227736     INFO  main            d.u.i.k.p.i.AbstractProblemLoader Loading environment from /home/runner/work/key/key/key.core/../key.ui/examples/standard_key/arith/mod7.key 
227736     DEBUG main            d.u.i.k.p.i.AbstractProblemLoader Environment load took 79.3ns 
227737     INFO  main            d.u.i.k.p.i.AbstractProblemLoader Creating init config 
230662     DEBUG main            d.u.i.k.p.i.AbstractProblemLoader Init config took 2.93s 
230678     INFO  main            d.u.i.k.p.i.AbstractProblemLoader Replaying proof mod7.key 
230679     DEBUG main            d.u.i.k.p.i.IntermediateProofReplayer Proof replay took 6.2ns 
230784     INFO  main            d.u.i.k.p.r.p.TestFile    ... finished proof: closed. 
231070     INFO  main            d.u.i.k.p.i.AbstractProblemLoader Loading environment from /home/runner/work/key/key/key.core/../key.ui/examples/standard_key/arith/mod7.key.proof 
231070     DEBUG main            d.u.i.k.p.i.AbstractProblemLoader Environment load took 165ns 
231071     INFO  main            d.u.i.k.p.i.AbstractProblemLoader Creating init config 
234018     DEBUG main            d.u.i.k.p.i.AbstractProblemLoader Init config took 2.95s 
234034     INFO  main            d.u.i.k.p.i.AbstractProblemLoader Replaying proof mod7.key.proof 
234042     DEBUG main            d.u.i.k.p.i.IntermediateProofReplayer Proof replay took 4.47ms 
234043     DEBUG main            d.u.i.k.p.r.p.TestFile    ... success: reloaded. 
234043     INFO  main            d.u.i.k.p.r.p.TestFile    Now processing file /home/runner/work/key/key/key.core/../key.ui/examples/standard_key/arith/overflow_hija.key 
234043     INFO  main            d.u.i.k.p.i.AbstractProblemLoader Loading environment from /home/runner/work/key/key/key.core/../key.ui/examples/standard_key/arith/overflow_hija.key 
234044     DEBUG main            d.u.i.k.p.i.AbstractProblemLoader Environment load took 137.9ns 
234046     INFO  main            d.u.i.k.p.i.AbstractProblemLoader Creating init config 
237065     DEBUG main            d.u.i.k.p.i.AbstractProblemLoader Init config took 3.02s 
237084     INFO  main            d.u.i.k.p.i.AbstractProblemLoader Replaying proof overflow_hija.key 
237086     DEBUG main            d.u.i.k.p.i.IntermediateProofReplayer Proof replay took 7.2ns 
242752     INFO  main            d.u.i.k.p.r.p.TestFile    ... finished proof: closed. 
243137     INFO  main            d.u.i.k.p.i.AbstractProblemLoader Loading environment from /home/runner/work/key/key/key.core/../key.ui/examples/standard_key/arith/overflow_hija.key.proof 
243138     DEBUG main            d.u.i.k.p.i.AbstractProblemLoader Environment load took 575.5ns 
243140     INFO  main            d.u.i.k.p.i.AbstractProblemLoader Creating init config 
245975     DEBUG main            d.u.i.k.p.i.AbstractProblemLoader Init config took 2.83s 
245991     INFO  main            d.u.i.k.p.i.AbstractProblemLoader Replaying proof overflow_hija.key.proof 
246206     DEBUG main            d.u.i.k.p.i.IntermediateProofReplayer Proof replay took 202.67ms 
246208     DEBUG main            d.u.i.k.p.r.p.TestFile    ... success: reloaded. 
246209     INFO  main            d.u.i.k.p.r.p.TestFile    Now processing file /home/runner/work/key/key/key.core/../key.ui/examples/standard_key/arith/poly_division0.key 
246209     INFO  main            d.u.i.k.p.i.AbstractProblemLoader Loading environment from /home/runner/work/key/key/key.core/../key.ui/examples/standard_key/arith/poly_division0.key 
246210     DEBUG main            d.u.i.k.p.i.AbstractProblemLoader Environment load took 252.6ns 
246211     INFO  main            d.u.i.k.p.i.AbstractProblemLoader Creating init config 
249117     DEBUG main            d.u.i.k.p.i.AbstractProblemLoader Init config took 2.91s 
249133     INFO  main            d.u.i.k.p.i.AbstractProblemLoader Replaying proof poly_division0.key 
249135     DEBUG main            d.u.i.k.p.i.IntermediateProofReplayer Proof replay took 7.5ns 
249239     INFO  main            d.u.i.k.p.r.p.TestFile    ... finished proof: closed. 
249640     INFO  main            d.u.i.k.p.i.AbstractProblemLoader Loading environment from /home/runner/work/key/key/key.core/../key.ui/examples/standard_key/arith/poly_division0.key.proof 
249640     DEBUG main            d.u.i.k.p.i.AbstractProblemLoader Environment load took 131ns 
249641     INFO  main            d.u.i.k.p.i.AbstractProblemLoader Creating init config 
252499     DEBUG main            d.u.i.k.p.i.AbstractProblemLoader Init config took 2.86s 
252516     INFO  main            d.u.i.k.p.i.AbstractProblemLoader Replaying proof poly_division0.key.proof 
252525     DEBUG main            d.u.i.k.p.i.IntermediateProofReplayer Proof replay took 5.55ms 
252526     DEBUG main            d.u.i.k.p.r.p.TestFile    ... success: reloaded. 
252528     INFO  main            d.u.i.k.p.r.p.TestFile    Now processing file /home/runner/work/key/key/key.core/../key.ui/examples/standard_key/arith/poly_division1.key 
252528     INFO  main            d.u.i.k.p.i.AbstractProblemLoader Loading environment from /home/runner/work/key/key/key.core/../key.ui/examples/standard_key/arith/poly_division1.key 
252528     DEBUG main            d.u.i.k.p.i.AbstractProblemLoader Environment load took 115ns 
252529     INFO  main            d.u.i.k.p.i.AbstractProblemLoader Creating init config 
255446     DEBUG main            d.u.i.k.p.i.AbstractProblemLoader Init config took 2.92s 
255461     INFO  main            d.u.i.k.p.i.AbstractProblemLoader Replaying proof poly_division1.key 
255463     DEBUG main            d.u.i.k.p.i.IntermediateProofReplayer Proof replay took 7.6ns 
255566     INFO  main            d.u.i.k.p.r.p.TestFile    ... finished proof: closed. 
255891     INFO  main            d.u.i.k.p.i.AbstractProblemLoader Loading environment from /home/runner/work/key/key/key.core/../key.ui/examples/standard_key/arith/poly_division1.key.proof 
255891     DEBUG main            d.u.i.k.p.i.AbstractProblemLoader Environment load took 131.4ns 
255892     INFO  main            d.u.i.k.p.i.AbstractProblemLoader Creating init config 
258864     DEBUG main            d.u.i.k.p.i.AbstractProblemLoader Init config took 2.97s 
258882     INFO  main            d.u.i.k.p.i.AbstractProblemLoader Replaying proof poly_division1.key.proof 
258894     DEBUG main            d.u.i.k.p.i.IntermediateProofReplayer Proof replay took 9.99ms 
258895     DEBUG main            d.u.i.k.p.r.p.TestFile    ... success: reloaded. 
258896     INFO  main            d.u.i.k.p.r.p.TestFile    Now processing file /home/runner/work/key/key/key.core/../key.ui/examples/standard_key/inEqSimp/division.key 
258896     INFO  main            d.u.i.k.p.i.AbstractProblemLoader Loading environment from /home/runner/work/key/key/key.core/../key.ui/examples/standard_key/inEqSimp/division.key 
258897     DEBUG main            d.u.i.k.p.i.AbstractProblemLoader Environment load took 140.4ns 
258898     INFO  main            d.u.i.k.p.i.AbstractProblemLoader Creating init config 
261860     DEBUG main            d.u.i.k.p.i.AbstractProblemLoader Init config took 2.96s 
261876     INFO  main            d.u.i.k.p.i.AbstractProblemLoader Replaying proof division.key 
261878     DEBUG main            d.u.i.k.p.i.IntermediateProofReplayer Proof replay took 7.5ns 
264411     INFO  main            d.u.i.k.p.r.p.TestFile    ... finished proof: closed. 
264768     INFO  main            d.u.i.k.p.i.AbstractProblemLoader Loading environment from /home/runner/work/key/key/key.core/../key.ui/examples/standard_key/inEqSimp/division.key.proof 
264768     DEBUG main            d.u.i.k.p.i.AbstractProblemLoader Environment load took 145.7ns 
264770     INFO  main            d.u.i.k.p.i.AbstractProblemLoader Creating init config 
267644     DEBUG main            d.u.i.k.p.i.AbstractProblemLoader Init config took 2.87s 
267659     INFO  main            d.u.i.k.p.i.AbstractProblemLoader Replaying proof division.key.proof 
267746     DEBUG main            d.u.i.k.p.i.IntermediateProofReplayer Proof replay took 78.43ms 
267749     DEBUG main            d.u.i.k.p.r.p.TestFile    ... success: reloaded. 
267750     INFO  main            d.u.i.k.p.r.p.TestFile    Now processing file /home/runner/work/key/key/key.core/../key.ui/examples/standard_key/inEqSimp/inequations0.key 
267751     INFO  main            d.u.i.k.p.i.AbstractProblemLoader Loading environment from /home/runner/work/key/key/key.core/../key.ui/examples/standard_key/inEqSimp/inequations0.key 
267751     DEBUG main            d.u.i.k.p.i.AbstractProblemLoader Environment load took 228.4ns 
267752     INFO  main            d.u.i.k.p.i.AbstractProblemLoader Creating init config 
270684     DEBUG main            d.u.i.k.p.i.AbstractProblemLoader Init config took 2.93s 
270699     INFO  main            d.u.i.k.p.i.AbstractProblemLoader Replaying proof inequations0.key 
270700     DEBUG main            d.u.i.k.p.i.IntermediateProofReplayer Proof replay took 39.5ns 
270803     INFO  main            d.u.i.k.p.r.p.TestFile    ... finished proof: closed. 
271175     INFO  main            d.u.i.k.p.i.AbstractProblemLoader Loading environment from /home/runner/work/key/key/key.core/../key.ui/examples/standard_key/inEqSimp/inequations0.key.proof 
271175     DEBUG main            d.u.i.k.p.i.AbstractProblemLoader Environment load took 173.3ns 
271176     INFO  main            d.u.i.k.p.i.AbstractProblemLoader Creating init config 
274042     DEBUG main            d.u.i.k.p.i.AbstractProblemLoader Init config took 2.87s 
274068     INFO  main            d.u.i.k.p.i.AbstractProblemLoader Replaying proof inequations0.key.proof 
274073     DEBUG main            d.u.i.k.p.i.IntermediateProofReplayer Proof replay took 3.36ms 
274074     DEBUG main            d.u.i.k.p.r.p.TestFile    ... success: reloaded. 
274074     INFO  main            d.u.i.k.p.r.p.TestFile    Now processing file /home/runner/work/key/key/key.core/../key.ui/examples/standard_key/inEqSimp/inequations1.key 
274075     INFO  main            d.u.i.k.p.i.AbstractProblemLoader Loading environment from /home/runner/work/key/key/key.core/../key.ui/examples/standard_key/inEqSimp/inequations1.key 
274075     DEBUG main            d.u.i.k.p.i.AbstractProblemLoader Environment load took 306.3ns 
274076     INFO  main            d.u.i.k.p.i.AbstractProblemLoader Creating init config 
276942     DEBUG main            d.u.i.k.p.i.AbstractProblemLoader Init config took 2.87s 
276956     INFO  main            d.u.i.k.p.i.AbstractProblemLoader Replaying proof inequations1.key 
276958     DEBUG main            d.u.i.k.p.i.IntermediateProofReplayer Proof replay took 3.3ns 
277060     INFO  main            d.u.i.k.p.r.p.TestFile    ... finished proof: closed. 
277390     INFO  main            d.u.i.k.p.i.AbstractProblemLoader Loading environment from /home/runner/work/key/key/key.core/../key.ui/examples/standard_key/inEqSimp/inequations1.key.proof 
277390     DEBUG main            d.u.i.k.p.i.AbstractProblemLoader Environment load took 104ns 
277391     INFO  main            d.u.i.k.p.i.AbstractProblemLoader Creating init config 
280219     DEBUG main            d.u.i.k.p.i.AbstractProblemLoader Init config took 2.83s 
280235     INFO  main            d.u.i.k.p.i.AbstractProblemLoader Replaying proof inequations1.key.proof 
280239     DEBUG main            d.u.i.k.p.i.IntermediateProofReplayer Proof replay took 1.27ms 
280240     DEBUG main            d.u.i.k.p.r.p.TestFile    ... success: reloaded. 
280241     INFO  main            d.u.i.k.p.r.p.TestFile    Now processing file /home/runner/work/key/key/key.core/../key.ui/examples/standard_key/inEqSimp/inequations2.key 
280241     INFO  main            d.u.i.k.p.i.AbstractProblemLoader Loading environment from /home/runner/work/key/key/key.core/../key.ui/examples/standard_key/inEqSimp/inequations2.key 
280241     DEBUG main            d.u.i.k.p.i.AbstractProblemLoader Environment load took 156.7ns 
280242     INFO  main            d.u.i.k.p.i.AbstractProblemLoader Creating init config 
283180     DEBUG main            d.u.i.k.p.i.AbstractProblemLoader Init config took 2.94s 
283196     INFO  main            d.u.i.k.p.i.AbstractProblemLoader Replaying proof inequations2.key 
283197     DEBUG main            d.u.i.k.p.i.IntermediateProofReplayer Proof replay took 3.7ns 
283299     INFO  main            d.u.i.k.p.r.p.TestFile    ... finished proof: closed. 
283650     INFO  main            d.u.i.k.p.i.AbstractProblemLoader Loading environment from /home/runner/work/key/key/key.core/../key.ui/examples/standard_key/inEqSimp/inequations2.key.proof 
283650     DEBUG main            d.u.i.k.p.i.AbstractProblemLoader Environment load took 104.4ns 
283652     INFO  main            d.u.i.k.p.i.AbstractProblemLoader Creating init config 
286508     DEBUG main            d.u.i.k.p.i.AbstractProblemLoader Init config took 2.86s 
286524     INFO  main            d.u.i.k.p.i.AbstractProblemLoader Replaying proof inequations2.key.proof 
286528     DEBUG main            d.u.i.k.p.i.IntermediateProofReplayer Proof replay took 2ms 
286529     DEBUG main            d.u.i.k.p.r.p.TestFile    ... success: reloaded. 
286530     INFO  main            d.u.i.k.p.r.p.TestFile    Now processing file /home/runner/work/key/key/key.core/../key.ui/examples/standard_key/inEqSimp/linApprox.key 
286530     INFO  main            d.u.i.k.p.i.AbstractProblemLoader Loading environment from /home/runner/work/key/key/key.core/../key.ui/examples/standard_key/inEqSimp/linApprox.key 
286531     DEBUG main            d.u.i.k.p.i.AbstractProblemLoader Environment load took 291ns 
286532     INFO  main            d.u.i.k.p.i.AbstractProblemLoader Creating init config 
289432     DEBUG main            d.u.i.k.p.i.AbstractProblemLoader Init config took 2.9s 
289447     INFO  main            d.u.i.k.p.i.AbstractProblemLoader Replaying proof linApprox.key 
289449     DEBUG main            d.u.i.k.p.i.IntermediateProofReplayer Proof replay took 21.3ns 
289551     INFO  main            d.u.i.k.p.r.p.TestFile    ... finished proof: closed. 
289913     INFO  main            d.u.i.k.p.i.AbstractProblemLoader Loading environment from /home/runner/work/key/key/key.core/../key.ui/examples/standard_key/inEqSimp/linApprox.key.proof 
289913     DEBUG main            d.u.i.k.p.i.AbstractProblemLoader Environment load took 132.7ns 
289914     INFO  main            d.u.i.k.p.i.AbstractProblemLoader Creating init config 
292800     DEBUG main            d.u.i.k.p.i.AbstractProblemLoader Init config took 2.89s 
292815     INFO  main            d.u.i.k.p.i.AbstractProblemLoader Replaying proof linApprox.key.proof 
292819     DEBUG main            d.u.i.k.p.i.IntermediateProofReplayer Proof replay took 1.8ms 
292820     DEBUG main            d.u.i.k.p.r.p.TestFile    ... success: reloaded. 
292822     INFO  main            d.u.i.k.p.r.p.TestFile    Now processing file /home/runner/work/key/key/key.core/../key.ui/examples/standard_key/inEqSimp/nonLinInEqExample0.key 
292822     INFO  main            d.u.i.k.p.i.AbstractProblemLoader Loading environment from /home/runner/work/key/key/key.core/../key.ui/examples/standard_key/inEqSimp/nonLinInEqExample0.key 
292822     DEBUG main            d.u.i.k.p.i.AbstractProblemLoader Environment load took 111.4ns 
292823     INFO  main            d.u.i.k.p.i.AbstractProblemLoader Creating init config 
295702     DEBUG main            d.u.i.k.p.i.AbstractProblemLoader Init config took 2.88s 
295717     INFO  main            d.u.i.k.p.i.AbstractProblemLoader Replaying proof nonLinInEqExample0.key 
295719     DEBUG main            d.u.i.k.p.i.IntermediateProofReplayer Proof replay took 3.9ns 
295820     INFO  main            d.u.i.k.p.r.p.TestFile    ... finished proof: closed. 
296186     INFO  main            d.u.i.k.p.i.AbstractProblemLoader Loading environment from /home/runner/work/key/key/key.core/../key.ui/examples/standard_key/inEqSimp/nonLinInEqExample0.key.proof 
296186     DEBUG main            d.u.i.k.p.i.AbstractProblemLoader Environment load took 99.7ns 
296187     INFO  main            d.u.i.k.p.i.AbstractProblemLoader Creating init config 
299064     DEBUG main            d.u.i.k.p.i.AbstractProblemLoader Init config took 2.88s 
299082     INFO  main            d.u.i.k.p.i.AbstractProblemLoader Replaying proof nonLinInEqExample0.key.proof 
299084     DEBUG main            d.u.i.k.p.i.IntermediateProofReplayer Proof replay took 728.61ns 
299085     DEBUG main            d.u.i.k.p.r.p.TestFile    ... success: reloaded. 
299086     INFO  main            d.u.i.k.p.r.p.TestFile    Now processing file /home/runner/work/key/key/key.core/../key.ui/examples/standard_key/inEqSimp/nonLinInEqExample2.key 
299086     INFO  main            d.u.i.k.p.i.AbstractProblemLoader Loading environment from /home/runner/work/key/key/key.core/../key.ui/examples/standard_key/inEqSimp/nonLinInEqExample2.key 
299086     DEBUG main            d.u.i.k.p.i.AbstractProblemLoader Environment load took 133ns 
299088     INFO  main            d.u.i.k.p.i.AbstractProblemLoader Creating init config 
302022     DEBUG main            d.u.i.k.p.i.AbstractProblemLoader Init config took 2.93s 
302037     INFO  main            d.u.i.k.p.i.AbstractProblemLoader Replaying proof nonLinInEqExample2.key 
302039     DEBUG main            d.u.i.k.p.i.IntermediateProofReplayer Proof replay took 3.7ns 
302451     INFO  main            d.u.i.k.p.r.p.TestFile    ... finished proof: closed. 
302841     INFO  main            d.u.i.k.p.i.AbstractProblemLoader Loading environment from /home/runner/work/key/key/key.core/../key.ui/examples/standard_key/inEqSimp/nonLinInEqExample2.key.proof 
302842     DEBUG main            d.u.i.k.p.i.AbstractProblemLoader Environment load took 575.41ns 
302844     INFO  main            d.u.i.k.p.i.AbstractProblemLoader Creating init config 
305666     DEBUG main            d.u.i.k.p.i.AbstractProblemLoader Init config took 2.82s 
305681     INFO  main            d.u.i.k.p.i.AbstractProblemLoader Replaying proof nonLinInEqExample2.key.proof 
305728     DEBUG main            d.u.i.k.p.i.IntermediateProofReplayer Proof replay took 29.24ms 
305730     DEBUG main            d.u.i.k.p.r.p.TestFile    ... success: reloaded. 
305731     INFO  main            d.u.i.k.p.r.p.TestFile    Now processing file /home/runner/work/key/key/key.core/../key.ui/examples/standard_key/inEqSimp/nonLinInEqExample3.key 
305731     INFO  main            d.u.i.k.p.i.AbstractProblemLoader Loading environment from /home/runner/work/key/key/key.core/../key.ui/examples/standard_key/inEqSimp/nonLinInEqExample3.key 
305731     DEBUG main            d.u.i.k.p.i.AbstractProblemLoader Environment load took 114.8ns 
305732     INFO  main            d.u.i.k.p.i.AbstractProblemLoader Creating init config 
308605     DEBUG main            d.u.i.k.p.i.AbstractProblemLoader Init config took 2.87s 
308619     INFO  main            d.u.i.k.p.i.AbstractProblemLoader Replaying proof nonLinInEqExample3.key 
308621     DEBUG main            d.u.i.k.p.i.IntermediateProofReplayer Proof replay took 4.1ns 
308925     INFO  main            d.u.i.k.p.r.p.TestFile    ... finished proof: closed. 
309322     INFO  main            d.u.i.k.p.i.AbstractProblemLoader Loading environment from /home/runner/work/key/key/key.core/../key.ui/examples/standard_key/inEqSimp/nonLinInEqExample3.key.proof 
309322     DEBUG main            d.u.i.k.p.i.AbstractProblemLoader Environment load took 109.3ns 
309324     INFO  main            d.u.i.k.p.i.AbstractProblemLoader Creating init config 
312175     DEBUG main            d.u.i.k.p.i.AbstractProblemLoader Init config took 2.85s 
312193     INFO  main            d.u.i.k.p.i.AbstractProblemLoader Replaying proof nonLinInEqExample3.key.proof 
312214     DEBUG main            d.u.i.k.p.i.IntermediateProofReplayer Proof replay took 17.57ms 
312215     DEBUG main            d.u.i.k.p.r.p.TestFile    ... success: reloaded. 
312216     INFO  main            d.u.i.k.p.r.p.TestFile    Now processing file /home/runner/work/key/key/key.core/../key.ui/examples/standard_key/inEqSimp/nonLinInEqExample4.key 
312217     INFO  main            d.u.i.k.p.i.AbstractProblemLoader Loading environment from /home/runner/work/key/key/key.core/../key.ui/examples/standard_key/inEqSimp/nonLinInEqExample4.key 
312217     DEBUG main            d.u.i.k.p.i.AbstractProblemLoader Environment load took 124.8ns 
312218     INFO  main            d.u.i.k.p.i.AbstractProblemLoader Creating init config 
315135     DEBUG main            d.u.i.k.p.i.AbstractProblemLoader Init config took 2.92s 
315150     INFO  main            d.u.i.k.p.i.AbstractProblemLoader Replaying proof nonLinInEqExample4.key 
315152     DEBUG main            d.u.i.k.p.i.IntermediateProofReplayer Proof replay took 3.5ns 
315255     INFO  main            d.u.i.k.p.r.p.TestFile    ... finished proof: closed. 
315655     INFO  main            d.u.i.k.p.i.AbstractProblemLoader Loading environment from /home/runner/work/key/key/key.core/../key.ui/examples/standard_key/inEqSimp/nonLinInEqExample4.key.proof 
315655     DEBUG main            d.u.i.k.p.i.AbstractProblemLoader Environment load took 107.8ns 
315656     INFO  main            d.u.i.k.p.i.AbstractProblemLoader Creating init config 
318486     DEBUG main            d.u.i.k.p.i.AbstractProblemLoader Init config took 2.83s 
318502     INFO  main            d.u.i.k.p.i.AbstractProblemLoader Replaying proof nonLinInEqExample4.key.proof 
318509     DEBUG main            d.u.i.k.p.i.IntermediateProofReplayer Proof replay took 4.04ms 
318510     DEBUG main            d.u.i.k.p.r.p.TestFile    ... success: reloaded. 
318511     INFO  main            d.u.i.k.p.r.p.TestFile    Now processing file /home/runner/work/key/key/key.core/../key.ui/examples/standard_key/inEqSimp/quadraticInEq.key 
318512     INFO  main            d.u.i.k.p.i.AbstractProblemLoader Loading environment from /home/runner/work/key/key/key.core/../key.ui/examples/standard_key/inEqSimp/quadraticInEq.key 
318512     DEBUG main            d.u.i.k.p.i.AbstractProblemLoader Environment load took 142ns 
318513     INFO  main            d.u.i.k.p.i.AbstractProblemLoader Creating init config 
321426     DEBUG main            d.u.i.k.p.i.AbstractProblemLoader Init config took 2.91s 
321441     INFO  main            d.u.i.k.p.i.AbstractProblemLoader Replaying proof quadraticInEq.key 
321443     DEBUG main            d.u.i.k.p.i.IntermediateProofReplayer Proof replay took 4ns 
321848     INFO  main            d.u.i.k.p.r.p.TestFile    ... finished proof: closed. 
322285     INFO  main            d.u.i.k.p.i.AbstractProblemLoader Loading environment from /home/runner/work/key/key/key.core/../key.ui/examples/standard_key/inEqSimp/quadraticInEq.key.proof 
322286     DEBUG main            d.u.i.k.p.i.AbstractProblemLoader Environment load took 532.9ns 
322288     INFO  main            d.u.i.k.p.i.AbstractProblemLoader Creating init config 
325135     DEBUG main            d.u.i.k.p.i.AbstractProblemLoader Init config took 2.85s 
325150     INFO  main            d.u.i.k.p.i.AbstractProblemLoader Replaying proof quadraticInEq.key.proof 
325197     DEBUG main            d.u.i.k.p.i.IntermediateProofReplayer Proof replay took 42.42ms 
325199     DEBUG main            d.u.i.k.p.r.p.TestFile    ... success: reloaded. 
325200     INFO  main            d.u.i.k.p.r.p.TestFile    Now processing file /home/runner/work/key/key/key.core/../key.ui/examples/standard_key/inEqSimp/quadraticInEq10.key 
325200     INFO  main            d.u.i.k.p.i.AbstractProblemLoader Loading environment from /home/runner/work/key/key/key.core/../key.ui/examples/standard_key/inEqSimp/quadraticInEq10.key 
325200     DEBUG main            d.u.i.k.p.i.AbstractProblemLoader Environment load took 357.7ns 
325202     INFO  main            d.u.i.k.p.i.AbstractProblemLoader Creating init config 
328039     DEBUG main            d.u.i.k.p.i.AbstractProblemLoader Init config took 2.84s 
328054     INFO  main            d.u.i.k.p.i.AbstractProblemLoader Replaying proof quadraticInEq10.key 
328055     DEBUG main            d.u.i.k.p.i.IntermediateProofReplayer Proof replay took 3.6ns 
328360     INFO  main            d.u.i.k.p.r.p.TestFile    ... finished proof: closed. 
328773     INFO  main            d.u.i.k.p.i.AbstractProblemLoader Loading environment from /home/runner/work/key/key/key.core/../key.ui/examples/standard_key/inEqSimp/quadraticInEq10.key.proof 
328774     DEBUG main            d.u.i.k.p.i.AbstractProblemLoader Environment load took 121.7ns 
328775     INFO  main            d.u.i.k.p.i.AbstractProblemLoader Creating init config 
331658     DEBUG main            d.u.i.k.p.i.AbstractProblemLoader Init config took 2.88s 
331674     INFO  main            d.u.i.k.p.i.AbstractProblemLoader Replaying proof quadraticInEq10.key.proof 
331689     DEBUG main            d.u.i.k.p.i.IntermediateProofReplayer Proof replay took 13.13ms 
331690     DEBUG main            d.u.i.k.p.r.p.TestFile    ... success: reloaded. 
331692     INFO  main            d.u.i.k.p.r.p.TestFile    Now processing file /home/runner/work/key/key/key.core/../key.ui/examples/standard_key/inEqSimp/quadraticInEq13.key 
331692     INFO  main            d.u.i.k.p.i.AbstractProblemLoader Loading environment from /home/runner/work/key/key/key.core/../key.ui/examples/standard_key/inEqSimp/quadraticInEq13.key 
331692     DEBUG main            d.u.i.k.p.i.AbstractProblemLoader Environment load took 152.8ns 
331694     INFO  main            d.u.i.k.p.i.AbstractProblemLoader Creating init config 
334520     DEBUG main            d.u.i.k.p.i.AbstractProblemLoader Init config took 2.83s 
334535     INFO  main            d.u.i.k.p.i.AbstractProblemLoader Replaying proof quadraticInEq13.key 
334536     DEBUG main            d.u.i.k.p.i.IntermediateProofReplayer Proof replay took 4.1ns 
334846     INFO  main            d.u.i.k.p.r.p.TestFile    ... finished proof: closed. 
335264     INFO  main            d.u.i.k.p.i.AbstractProblemLoader Loading environment from /home/runner/work/key/key/key.core/../key.ui/examples/standard_key/inEqSimp/quadraticInEq13.key.proof 
335264     DEBUG main            d.u.i.k.p.i.AbstractProblemLoader Environment load took 92.3ns 
335265     INFO  main            d.u.i.k.p.i.AbstractProblemLoader Creating init config 
338066     DEBUG main            d.u.i.k.p.i.AbstractProblemLoader Init config took 2.8s 
338081     INFO  main            d.u.i.k.p.i.AbstractProblemLoader Replaying proof quadraticInEq13.key.proof 
338098     DEBUG main            d.u.i.k.p.i.IntermediateProofReplayer Proof replay took 13.71ms 
338099     DEBUG main            d.u.i.k.p.r.p.TestFile    ... success: reloaded. 
338100     INFO  main            d.u.i.k.p.r.p.TestFile    Now processing file /home/runner/work/key/key/key.core/../key.ui/examples/standard_key/inEqSimp/quadraticInEq14.key 
338101     INFO  main            d.u.i.k.p.i.AbstractProblemLoader Loading environment from /home/runner/work/key/key/key.core/../key.ui/examples/standard_key/inEqSimp/quadraticInEq14.key 
338101     DEBUG main            d.u.i.k.p.i.AbstractProblemLoader Environment load took 65.8ns 
338102     INFO  main            d.u.i.k.p.i.AbstractProblemLoader Creating init config 
340974     DEBUG main            d.u.i.k.p.i.AbstractProblemLoader Init config took 2.87s 
340989     INFO  main            d.u.i.k.p.i.AbstractProblemLoader Replaying proof quadraticInEq14.key 
340991     DEBUG main            d.u.i.k.p.i.IntermediateProofReplayer Proof replay took 3.4ns 
341295     INFO  main            d.u.i.k.p.r.p.TestFile    ... finished proof: closed. 
341748     INFO  main            d.u.i.k.p.i.AbstractProblemLoader Loading environment from /home/runner/work/key/key/key.core/../key.ui/examples/standard_key/inEqSimp/quadraticInEq14.key.proof 
341748     DEBUG main            d.u.i.k.p.i.AbstractProblemLoader Environment load took 136.4ns 
341749     INFO  main            d.u.i.k.p.i.AbstractProblemLoader Creating init config 
344495     DEBUG main            d.u.i.k.p.i.AbstractProblemLoader Init config took 2.75s 
344509     INFO  main            d.u.i.k.p.i.AbstractProblemLoader Replaying proof quadraticInEq14.key.proof 
344528     DEBUG main            d.u.i.k.p.i.IntermediateProofReplayer Proof replay took 16.14ms 
344529     DEBUG main            d.u.i.k.p.r.p.TestFile    ... success: reloaded. 
344530     INFO  main            d.u.i.k.p.r.p.TestFile    Now processing file /home/runner/work/key/key/key.core/../key.ui/examples/standard_key/inEqSimp/quadraticInEq2.key 
344530     INFO  main            d.u.i.k.p.i.AbstractProblemLoader Loading environment from /home/runner/work/key/key/key.core/../key.ui/examples/standard_key/inEqSimp/quadraticInEq2.key 
344530     DEBUG main            d.u.i.k.p.i.AbstractProblemLoader Environment load took 86.4ns 
344531     INFO  main            d.u.i.k.p.i.AbstractProblemLoader Creating init config 
347368     DEBUG main            d.u.i.k.p.i.AbstractProblemLoader Init config took 2.84s 
347384     INFO  main            d.u.i.k.p.i.AbstractProblemLoader Replaying proof quadraticInEq2.key 
347386     DEBUG main            d.u.i.k.p.i.IntermediateProofReplayer Proof replay took 3.9ns 
347488     INFO  main            d.u.i.k.p.r.p.TestFile    ... finished proof: closed. 
347926     INFO  main            d.u.i.k.p.i.AbstractProblemLoader Loading environment from /home/runner/work/key/key/key.core/../key.ui/examples/standard_key/inEqSimp/quadraticInEq2.key.proof 
347926     DEBUG main            d.u.i.k.p.i.AbstractProblemLoader Environment load took 131.4ns 
347927     INFO  main            d.u.i.k.p.i.AbstractProblemLoader Creating init config 
350768     DEBUG main            d.u.i.k.p.i.AbstractProblemLoader Init config took 2.84s 
350782     INFO  main            d.u.i.k.p.i.AbstractProblemLoader Replaying proof quadraticInEq2.key.proof 
350786     DEBUG main            d.u.i.k.p.i.IntermediateProofReplayer Proof replay took 2.23ms 
350787     DEBUG main            d.u.i.k.p.r.p.TestFile    ... success: reloaded. 
350788     INFO  main            d.u.i.k.p.r.p.TestFile    Now processing file /home/runner/work/key/key/key.core/../key.ui/examples/standard_key/inEqSimp/quadraticInEq3.key 
350788     INFO  main            d.u.i.k.p.i.AbstractProblemLoader Loading environment from /home/runner/work/key/key/key.core/../key.ui/examples/standard_key/inEqSimp/quadraticInEq3.key 
350789     DEBUG main            d.u.i.k.p.i.AbstractProblemLoader Environment load took 112.3ns 
350790     INFO  main            d.u.i.k.p.i.AbstractProblemLoader Creating init config 
353731     DEBUG main            d.u.i.k.p.i.AbstractProblemLoader Init config took 2.94s 
353746     INFO  main            d.u.i.k.p.i.AbstractProblemLoader Replaying proof quadraticInEq3.key 
353748     DEBUG main            d.u.i.k.p.i.IntermediateProofReplayer Proof replay took 3.6ns 
353850     INFO  main            d.u.i.k.p.r.p.TestFile    ... finished proof: closed. 
354288     INFO  main            d.u.i.k.p.i.AbstractProblemLoader Loading environment from /home/runner/work/key/key/key.core/../key.ui/examples/standard_key/inEqSimp/quadraticInEq3.key.proof 
354288     DEBUG main            d.u.i.k.p.i.AbstractProblemLoader Environment load took 99.9ns 
354290     INFO  main            d.u.i.k.p.i.AbstractProblemLoader Creating init config 
357134     DEBUG main            d.u.i.k.p.i.AbstractProblemLoader Init config took 2.84s 
357148     INFO  main            d.u.i.k.p.i.AbstractProblemLoader Replaying proof quadraticInEq3.key.proof 
357157     DEBUG main            d.u.i.k.p.i.IntermediateProofReplayer Proof replay took 6.28ms 
357158     DEBUG main            d.u.i.k.p.r.p.TestFile    ... success: reloaded. 
357159     INFO  main            d.u.i.k.p.r.p.TestFile    Now processing file /home/runner/work/key/key/key.core/../key.ui/examples/standard_key/inEqSimp/quadraticInEq4.key 
357159     INFO  main            d.u.i.k.p.i.AbstractProblemLoader Loading environment from /home/runner/work/key/key/key.core/../key.ui/examples/standard_key/inEqSimp/quadraticInEq4.key 
357159     DEBUG main            d.u.i.k.p.i.AbstractProblemLoader Environment load took 128.6ns 
357160     INFO  main            d.u.i.k.p.i.AbstractProblemLoader Creating init config 
359932     DEBUG main            d.u.i.k.p.i.AbstractProblemLoader Init config took 2.77s 
359947     INFO  main            d.u.i.k.p.i.AbstractProblemLoader Replaying proof quadraticInEq4.key 
359949     DEBUG main            d.u.i.k.p.i.IntermediateProofReplayer Proof replay took 3.4ns 
360051     INFO  main            d.u.i.k.p.r.p.TestFile    ... finished proof: closed. 
360487     INFO  main            d.u.i.k.p.i.AbstractProblemLoader Loading environment from /home/runner/work/key/key/key.core/../key.ui/examples/standard_key/inEqSimp/quadraticInEq4.key.proof 
360487     DEBUG main            d.u.i.k.p.i.AbstractProblemLoader Environment load took 101.4ns 
360488     INFO  main            d.u.i.k.p.i.AbstractProblemLoader Creating init config 
363262     DEBUG main            d.u.i.k.p.i.AbstractProblemLoader Init config took 2.77s 
363278     INFO  main            d.u.i.k.p.i.AbstractProblemLoader Replaying proof quadraticInEq4.key.proof 
363284     DEBUG main            d.u.i.k.p.i.IntermediateProofReplayer Proof replay took 3.91ms 
363286     DEBUG main            d.u.i.k.p.r.p.TestFile    ... success: reloaded. 
363288     INFO  main            d.u.i.k.p.r.p.TestFile    Now processing file /home/runner/work/key/key/key.core/../key.ui/examples/standard_key/inEqSimp/quadraticInEq5.key 
363288     INFO  main            d.u.i.k.p.i.AbstractProblemLoader Loading environment from /home/runner/work/key/key/key.core/../key.ui/examples/standard_key/inEqSimp/quadraticInEq5.key 
363288     DEBUG main            d.u.i.k.p.i.AbstractProblemLoader Environment load took 277.2ns 
363289     INFO  main            d.u.i.k.p.i.AbstractProblemLoader Creating init config 
366147     DEBUG main            d.u.i.k.p.i.AbstractProblemLoader Init config took 2.86s 
366161     INFO  main            d.u.i.k.p.i.AbstractProblemLoader Replaying proof quadraticInEq5.key 
366163     DEBUG main            d.u.i.k.p.i.IntermediateProofReplayer Proof replay took 3.4ns 
366265     INFO  main            d.u.i.k.p.r.p.TestFile    ... finished proof: closed. 
366713     INFO  main            d.u.i.k.p.i.AbstractProblemLoader Loading environment from /home/runner/work/key/key/key.core/../key.ui/examples/standard_key/inEqSimp/quadraticInEq5.key.proof 
366713     DEBUG main            d.u.i.k.p.i.AbstractProblemLoader Environment load took 149.9ns 
366714     INFO  main            d.u.i.k.p.i.AbstractProblemLoader Creating init config 
369554     DEBUG main            d.u.i.k.p.i.AbstractProblemLoader Init config took 2.84s 
369575     INFO  main            d.u.i.k.p.i.AbstractProblemLoader Replaying proof quadraticInEq5.key.proof 
369581     DEBUG main            d.u.i.k.p.i.IntermediateProofReplayer Proof replay took 4.5ms 
369582     DEBUG main            d.u.i.k.p.r.p.TestFile    ... success: reloaded. 
369583     INFO  main            d.u.i.k.p.r.p.TestFile    Now processing file /home/runner/work/key/key/key.core/../key.ui/examples/standard_key/inEqSimp/quadraticInEq6.key 
369583     INFO  main            d.u.i.k.p.i.AbstractProblemLoader Loading environment from /home/runner/work/key/key/key.core/../key.ui/examples/standard_key/inEqSimp/quadraticInEq6.key 
369583     DEBUG main            d.u.i.k.p.i.AbstractProblemLoader Environment load took 95.5ns 
369584     INFO  main            d.u.i.k.p.i.AbstractProblemLoader Creating init config 
372360     DEBUG main            d.u.i.k.p.i.AbstractProblemLoader Init config took 2.78s 
372375     INFO  main            d.u.i.k.p.i.AbstractProblemLoader Replaying proof quadraticInEq6.key 
372377     DEBUG main            d.u.i.k.p.i.IntermediateProofReplayer Proof replay took 3.6ns 
372480     INFO  main            d.u.i.k.p.r.p.TestFile    ... finished proof: closed. 
372934     INFO  main            d.u.i.k.p.i.AbstractProblemLoader Loading environment from /home/runner/work/key/key/key.core/../key.ui/examples/standard_key/inEqSimp/quadraticInEq6.key.proof 
372934     DEBUG main            d.u.i.k.p.i.AbstractProblemLoader Environment load took 162.7ns 
372936     INFO  main            d.u.i.k.p.i.AbstractProblemLoader Creating init config 
375734     DEBUG main            d.u.i.k.p.i.AbstractProblemLoader Init config took 2.8s 
375748     INFO  main            d.u.i.k.p.i.AbstractProblemLoader Replaying proof quadraticInEq6.key.proof 
375755     DEBUG main            d.u.i.k.p.i.IntermediateProofReplayer Proof replay took 4.83ms 
375756     DEBUG main            d.u.i.k.p.r.p.TestFile    ... success: reloaded. 
375757     INFO  main            d.u.i.k.p.r.p.TestFile    Now processing file /home/runner/work/key/key/key.core/../key.ui/examples/standard_key/inEqSimp/quadraticInEq7.key 
375758     INFO  main            d.u.i.k.p.i.AbstractProblemLoader Loading environment from /home/runner/work/key/key/key.core/../key.ui/examples/standard_key/inEqSimp/quadraticInEq7.key 
375758     DEBUG main            d.u.i.k.p.i.AbstractProblemLoader Environment load took 146.8ns 
375759     INFO  main            d.u.i.k.p.i.AbstractProblemLoader Creating init config 
378659     DEBUG main            d.u.i.k.p.i.AbstractProblemLoader Init config took 2.9s 
378674     INFO  main            d.u.i.k.p.i.AbstractProblemLoader Replaying proof quadraticInEq7.key 
378676     DEBUG main            d.u.i.k.p.i.IntermediateProofReplayer Proof replay took 2.9ns 
378780     INFO  main            d.u.i.k.p.r.p.TestFile    ... finished proof: closed. 
379261     INFO  main            d.u.i.k.p.i.AbstractProblemLoader Loading environment from /home/runner/work/key/key/key.core/../key.ui/examples/standard_key/inEqSimp/quadraticInEq7.key.proof 
379262     DEBUG main            d.u.i.k.p.i.AbstractProblemLoader Environment load took 109.1ns 
379263     INFO  main            d.u.i.k.p.i.AbstractProblemLoader Creating init config 
382088     DEBUG main            d.u.i.k.p.i.AbstractProblemLoader Init config took 2.83s 
382105     INFO  main            d.u.i.k.p.i.AbstractProblemLoader Replaying proof quadraticInEq7.key.proof 
382109     DEBUG main            d.u.i.k.p.i.IntermediateProofReplayer Proof replay took 2.04ms 
382110     DEBUG main            d.u.i.k.p.r.p.TestFile    ... success: reloaded. 
382111     INFO  main            d.u.i.k.p.r.p.TestFile    Now processing file /home/runner/work/key/key/key.core/../key.ui/examples/standard_key/inEqSimp/quadraticInEq8.key 
382111     INFO  main            d.u.i.k.p.i.AbstractProblemLoader Loading environment from /home/runner/work/key/key/key.core/../key.ui/examples/standard_key/inEqSimp/quadraticInEq8.key 
382112     DEBUG main            d.u.i.k.p.i.AbstractProblemLoader Environment load took 124.4ns 
382113     INFO  main            d.u.i.k.p.i.AbstractProblemLoader Creating init config 
384993     DEBUG main            d.u.i.k.p.i.AbstractProblemLoader Init config took 2.88s 
385007     INFO  main            d.u.i.k.p.i.AbstractProblemLoader Replaying proof quadraticInEq8.key 
385009     DEBUG main            d.u.i.k.p.i.IntermediateProofReplayer Proof replay took 3.9ns 
385111     INFO  main            d.u.i.k.p.r.p.TestFile    ... finished proof: closed. 
385578     INFO  main            d.u.i.k.p.i.AbstractProblemLoader Loading environment from /home/runner/work/key/key/key.core/../key.ui/examples/standard_key/inEqSimp/quadraticInEq8.key.proof 
385578     DEBUG main            d.u.i.k.p.i.AbstractProblemLoader Environment load took 92.2ns 
385579     INFO  main            d.u.i.k.p.i.AbstractProblemLoader Creating init config 
388380     DEBUG main            d.u.i.k.p.i.AbstractProblemLoader Init config took 2.8s 
388395     INFO  main            d.u.i.k.p.i.AbstractProblemLoader Replaying proof quadraticInEq8.key.proof 
388403     DEBUG main            d.u.i.k.p.i.IntermediateProofReplayer Proof replay took 5.77ms 
388404     DEBUG main            d.u.i.k.p.r.p.TestFile    ... success: reloaded. 
388405     INFO  main            d.u.i.k.p.r.p.TestFile    Now processing file /home/runner/work/key/key/key.core/../key.ui/examples/standard_key/inEqSimp/simplify0.key 
388405     INFO  main            d.u.i.k.p.i.AbstractProblemLoader Loading environment from /home/runner/work/key/key/key.core/../key.ui/examples/standard_key/inEqSimp/simplify0.key 
388405     DEBUG main            d.u.i.k.p.i.AbstractProblemLoader Environment load took 101.6ns 
388407     INFO  main            d.u.i.k.p.i.AbstractProblemLoader Creating init config 
391311     DEBUG main            d.u.i.k.p.i.AbstractProblemLoader Init config took 2.9s 
391346     INFO  main            d.u.i.k.p.i.AbstractProblemLoader Replaying proof simplify0.key 
391348     DEBUG main            d.u.i.k.p.i.IntermediateProofReplayer Proof replay took 3.9ns 
391450     INFO  main            d.u.i.k.p.r.p.TestFile    ... finished proof: closed. 
391940     INFO  main            d.u.i.k.p.i.AbstractProblemLoader Loading environment from /home/runner/work/key/key/key.core/../key.ui/examples/standard_key/inEqSimp/simplify0.key.proof 
391940     DEBUG main            d.u.i.k.p.i.AbstractProblemLoader Environment load took 108.8ns 
391942     INFO  main            d.u.i.k.p.i.AbstractProblemLoader Creating init config 
394744     DEBUG main            d.u.i.k.p.i.AbstractProblemLoader Init config took 2.8s 
394771     INFO  main            d.u.i.k.p.i.AbstractProblemLoader Replaying proof simplify0.key.proof 
394774     DEBUG main            d.u.i.k.p.i.IntermediateProofReplayer Proof replay took 1.01ms 
394775     DEBUG main            d.u.i.k.p.r.p.TestFile    ... success: reloaded. 
394775     INFO  main            d.u.i.k.p.r.p.TestFile    Now processing file /home/runner/work/key/key/key.core/../key.ui/examples/standard_key/inEqSimp/simplify1.key 
394776     INFO  main            d.u.i.k.p.i.AbstractProblemLoader Loading environment from /home/runner/work/key/key/key.core/../key.ui/examples/standard_key/inEqSimp/simplify1.key 
394776     DEBUG main            d.u.i.k.p.i.AbstractProblemLoader Environment load took 151.3ns 
394777     INFO  main            d.u.i.k.p.i.AbstractProblemLoader Creating init config 
397566     DEBUG main            d.u.i.k.p.i.AbstractProblemLoader Init config took 2.79s 
397582     INFO  main            d.u.i.k.p.i.AbstractProblemLoader Replaying proof simplify1.key 
397583     DEBUG main            d.u.i.k.p.i.IntermediateProofReplayer Proof replay took 3.6ns 
397685     INFO  main            d.u.i.k.p.r.p.TestFile    ... finished proof: closed. 
398160     INFO  main            d.u.i.k.p.i.AbstractProblemLoader Loading environment from /home/runner/work/key/key/key.core/../key.ui/examples/standard_key/inEqSimp/simplify1.key.proof 
398161     DEBUG main            d.u.i.k.p.i.AbstractProblemLoader Environment load took 94.8ns 
398162     INFO  main            d.u.i.k.p.i.AbstractProblemLoader Creating init config 
400974     DEBUG main            d.u.i.k.p.i.AbstractProblemLoader Init config took 2.81s 
400998     INFO  main            d.u.i.k.p.i.AbstractProblemLoader Replaying proof simplify1.key.proof 
401000     DEBUG main            d.u.i.k.p.i.IntermediateProofReplayer Proof replay took 1.05ms 
401001     DEBUG main            d.u.i.k.p.r.p.TestFile    ... success: reloaded. 
401002     INFO  main            d.u.i.k.p.r.p.TestFile    Now processing file /home/runner/work/key/key/key.core/../key.ui/examples/standard_key/inEqSimp/simplify2.key 
401002     INFO  main            d.u.i.k.p.i.AbstractProblemLoader Loading environment from /home/runner/work/key/key/key.core/../key.ui/examples/standard_key/inEqSimp/simplify2.key 
401002     DEBUG main            d.u.i.k.p.i.AbstractProblemLoader Environment load took 226.3ns 
401003     INFO  main            d.u.i.k.p.i.AbstractProblemLoader Creating init config 
403812     DEBUG main            d.u.i.k.p.i.AbstractProblemLoader Init config took 2.81s 
403825     INFO  main            d.u.i.k.p.i.AbstractProblemLoader Replaying proof simplify2.key 
403827     DEBUG main            d.u.i.k.p.i.IntermediateProofReplayer Proof replay took 3.4ns 
404029     INFO  main            d.u.i.k.p.r.p.TestFile    ... finished proof: closed. 
404512     INFO  main            d.u.i.k.p.i.AbstractProblemLoader Loading environment from /home/runner/work/key/key/key.core/../key.ui/examples/standard_key/inEqSimp/simplify2.key.proof 
404512     DEBUG main            d.u.i.k.p.i.AbstractProblemLoader Environment load took 96.6ns 
404513     INFO  main            d.u.i.k.p.i.AbstractProblemLoader Creating init config 
407257     DEBUG main            d.u.i.k.p.i.AbstractProblemLoader Init config took 2.74s 
407272     INFO  main            d.u.i.k.p.i.AbstractProblemLoader Replaying proof simplify2.key.proof 
407284     DEBUG main            d.u.i.k.p.i.IntermediateProofReplayer Proof replay took 9.56ms 
407285     DEBUG main            d.u.i.k.p.r.p.TestFile    ... success: reloaded. 
407285     INFO  main            d.u.i.k.p.r.p.TestFile    Now processing file /home/runner/work/key/key/key.core/../key.ui/examples/standard_key/inEqSimp/simplify3.key 
407286     INFO  main            d.u.i.k.p.i.AbstractProblemLoader Loading environment from /home/runner/work/key/key/key.core/../key.ui/examples/standard_key/inEqSimp/simplify3.key 
407286     DEBUG main            d.u.i.k.p.i.AbstractProblemLoader Environment load took 86.9ns 
407287     INFO  main            d.u.i.k.p.i.AbstractProblemLoader Creating init config 
410121     DEBUG main            d.u.i.k.p.i.AbstractProblemLoader Init config took 2.83s 
410135     INFO  main            d.u.i.k.p.i.AbstractProblemLoader Replaying proof simplify3.key 
410137     DEBUG main            d.u.i.k.p.i.IntermediateProofReplayer Proof replay took 4.1ns 
410238     INFO  main            d.u.i.k.p.r.p.TestFile    ... finished proof: closed. 
410715     INFO  main            d.u.i.k.p.i.AbstractProblemLoader Loading environment from /home/runner/work/key/key/key.core/../key.ui/examples/standard_key/inEqSimp/simplify3.key.proof 
410715     DEBUG main            d.u.i.k.p.i.AbstractProblemLoader Environment load took 156.5ns 
410716     INFO  main            d.u.i.k.p.i.AbstractProblemLoader Creating init config 
413531     DEBUG main            d.u.i.k.p.i.AbstractProblemLoader Init config took 2.82s 
413546     INFO  main            d.u.i.k.p.i.AbstractProblemLoader Replaying proof simplify3.key.proof 
413550     DEBUG main            d.u.i.k.p.i.IntermediateProofReplayer Proof replay took 2.05ms 
413551     DEBUG main            d.u.i.k.p.r.p.TestFile    ... success: reloaded. 
413551     INFO  main            d.u.i.k.p.r.p.TestFile    Now processing file /home/runner/work/key/key/key.core/../key.ui/examples/standard_key/inEqSimp/simplify4.key 
413551     INFO  main            d.u.i.k.p.i.AbstractProblemLoader Loading environment from /home/runner/work/key/key/key.core/../key.ui/examples/standard_key/inEqSimp/simplify4.key 
413551     DEBUG main            d.u.i.k.p.i.AbstractProblemLoader Environment load took 60.7ns 
413552     INFO  main            d.u.i.k.p.i.AbstractProblemLoader Creating init config 
416436     DEBUG main            d.u.i.k.p.i.AbstractProblemLoader Init config took 2.88s 
416453     INFO  main            d.u.i.k.p.i.AbstractProblemLoader Replaying proof simplify4.key 
416455     DEBUG main            d.u.i.k.p.i.IntermediateProofReplayer Proof replay took 6.7ns 
416657     INFO  main            d.u.i.k.p.r.p.TestFile    ... finished proof: closed. 
417176     INFO  main            d.u.i.k.p.i.AbstractProblemLoader Loading environment from /home/runner/work/key/key/key.core/../key.ui/examples/standard_key/inEqSimp/simplify4.key.proof 
417176     DEBUG main            d.u.i.k.p.i.AbstractProblemLoader Environment load took 146.4ns 
417177     INFO  main            d.u.i.k.p.i.AbstractProblemLoader Creating init config 
420140     DEBUG main            d.u.i.k.p.i.AbstractProblemLoader Init config took 2.96s 
420156     INFO  main            d.u.i.k.p.i.AbstractProblemLoader Replaying proof simplify4.key.proof 
420166     DEBUG main            d.u.i.k.p.i.IntermediateProofReplayer Proof replay took 7.92ms 
420167     DEBUG main            d.u.i.k.p.r.p.TestFile    ... success: reloaded. 
420168     INFO  main            d.u.i.k.p.r.p.TestFile    Now processing file /home/runner/work/key/key/key.core/../key.ui/examples/standard_key/inEqSimp/simplify5.key 
420168     INFO  main            d.u.i.k.p.i.AbstractProblemLoader Loading environment from /home/runner/work/key/key/key.core/../key.ui/examples/standard_key/inEqSimp/simplify5.key 
420168     DEBUG main            d.u.i.k.p.i.AbstractProblemLoader Environment load took 101.7ns 
420170     INFO  main            d.u.i.k.p.i.AbstractProblemLoader Creating init config 
423146     DEBUG main            d.u.i.k.p.i.AbstractProblemLoader Init config took 2.98s 
423161     INFO  main            d.u.i.k.p.i.AbstractProblemLoader Replaying proof simplify5.key 
423165     DEBUG main            d.u.i.k.p.i.IntermediateProofReplayer Proof replay took 7.3ns 
423870     INFO  main            d.u.i.k.p.r.p.TestFile    ... finished proof: closed. 
424400     INFO  main            d.u.i.k.p.i.AbstractProblemLoader Loading environment from /home/runner/work/key/key/key.core/../key.ui/examples/standard_key/inEqSimp/simplify5.key.proof 
424400     DEBUG main            d.u.i.k.p.i.AbstractProblemLoader Environment load took 552.5ns 
424402     INFO  main            d.u.i.k.p.i.AbstractProblemLoader Creating init config 
427286     DEBUG main            d.u.i.k.p.i.AbstractProblemLoader Init config took 2.88s 
427302     INFO  main            d.u.i.k.p.i.AbstractProblemLoader Replaying proof simplify5.key.proof 
427359     DEBUG main            d.u.i.k.p.i.IntermediateProofReplayer Proof replay took 50.51ms 
427360     DEBUG main            d.u.i.k.p.r.p.TestFile    ... success: reloaded. 
427361     INFO  main            d.u.i.k.p.r.p.TestFile    Now processing file /home/runner/work/key/key/key.core/../key.ui/examples/standard_key/inEqSimp/subsumptionExample.key 
427366     INFO  main            d.u.i.k.p.i.AbstractProblemLoader Loading environment from /home/runner/work/key/key/key.core/../key.ui/examples/standard_key/inEqSimp/subsumptionExample.key 
427366     DEBUG main            d.u.i.k.p.i.AbstractProblemLoader Environment load took 146ns 
427367     INFO  main            d.u.i.k.p.i.AbstractProblemLoader Creating init config 
430316     DEBUG main            d.u.i.k.p.i.AbstractProblemLoader Init config took 2.95s 
430333     INFO  main            d.u.i.k.p.i.AbstractProblemLoader Replaying proof subsumptionExample.key 
430334     DEBUG main            d.u.i.k.p.i.IntermediateProofReplayer Proof replay took 3.9ns 
430436     INFO  main            d.u.i.k.p.r.p.TestFile    ... finished proof: closed. 
431012     INFO  main            d.u.i.k.p.i.AbstractProblemLoader Loading environment from /home/runner/work/key/key/key.core/../key.ui/examples/standard_key/inEqSimp/subsumptionExample.key.proof 
431012     DEBUG main            d.u.i.k.p.i.AbstractProblemLoader Environment load took 103.5ns 
431013     INFO  main            d.u.i.k.p.i.AbstractProblemLoader Creating init config 
433962     DEBUG main            d.u.i.k.p.i.AbstractProblemLoader Init config took 2.95s 
433978     INFO  main            d.u.i.k.p.i.AbstractProblemLoader Replaying proof subsumptionExample.key.proof 
433980     DEBUG main            d.u.i.k.p.i.IntermediateProofReplayer Proof replay took 806.11ns 
433981     DEBUG main            d.u.i.k.p.r.p.TestFile    ... success: reloaded. 
433982     INFO  main            d.u.i.k.p.r.p.TestFile    Now processing file /home/runner/work/key/key/key.core/../key.ui/examples/standard_key/polySimp/simplify0.key 
433982     INFO  main            d.u.i.k.p.i.AbstractProblemLoader Loading environment from /home/runner/work/key/key/key.core/../key.ui/examples/standard_key/polySimp/simplify0.key 
433982     DEBUG main            d.u.i.k.p.i.AbstractProblemLoader Environment load took 87.2ns 
433984     INFO  main            d.u.i.k.p.i.AbstractProblemLoader Creating init config 
436980     DEBUG main            d.u.i.k.p.i.AbstractProblemLoader Init config took 3s 
436995     INFO  main            d.u.i.k.p.i.AbstractProblemLoader Replaying proof simplify0.key 
436996     DEBUG main            d.u.i.k.p.i.IntermediateProofReplayer Proof replay took 3.4ns 
437303     INFO  main            d.u.i.k.p.r.p.TestFile    ... finished proof: closed. 
437863     INFO  main            d.u.i.k.p.i.AbstractProblemLoader Loading environment from /home/runner/work/key/key/key.core/../key.ui/examples/standard_key/polySimp/simplify0.key.proof 
437864     DEBUG main            d.u.i.k.p.i.AbstractProblemLoader Environment load took 96.1ns 
437865     INFO  main            d.u.i.k.p.i.AbstractProblemLoader Creating init config 
440758     DEBUG main            d.u.i.k.p.i.AbstractProblemLoader Init config took 2.89s 
440777     INFO  main            d.u.i.k.p.i.AbstractProblemLoader Replaying proof simplify0.key.proof 
440788     DEBUG main            d.u.i.k.p.i.IntermediateProofReplayer Proof replay took 6.82ms 
440789     DEBUG main            d.u.i.k.p.r.p.TestFile    ... success: reloaded. 
440790     INFO  main            d.u.i.k.p.r.p.TestFile    Now processing file /home/runner/work/key/key/key.core/../key.ui/examples/standard_key/polySimp/simplify1.key 
440790     INFO  main            d.u.i.k.p.i.AbstractProblemLoader Loading environment from /home/runner/work/key/key/key.core/../key.ui/examples/standard_key/polySimp/simplify1.key 
440790     DEBUG main            d.u.i.k.p.i.AbstractProblemLoader Environment load took 111.1ns 
440791     INFO  main            d.u.i.k.p.i.AbstractProblemLoader Creating init config 
443809     DEBUG main            d.u.i.k.p.i.AbstractProblemLoader Init config took 3.02s 
443824     INFO  main            d.u.i.k.p.i.AbstractProblemLoader Replaying proof simplify1.key 
443825     DEBUG main            d.u.i.k.p.i.IntermediateProofReplayer Proof replay took 4.3ns 
444228     INFO  main            d.u.i.k.p.r.p.TestFile    ... finished proof: closed. 
444789     INFO  main            d.u.i.k.p.i.AbstractProblemLoader Loading environment from /home/runner/work/key/key/key.core/../key.ui/examples/standard_key/polySimp/simplify1.key.proof 
444789     DEBUG main            d.u.i.k.p.i.AbstractProblemLoader Environment load took 87.6ns 
444791     INFO  main            d.u.i.k.p.i.AbstractProblemLoader Creating init config 
447748     DEBUG main            d.u.i.k.p.i.AbstractProblemLoader Init config took 2.96s 
447764     INFO  main            d.u.i.k.p.i.AbstractProblemLoader Replaying proof simplify1.key.proof 
447775     DEBUG main            d.u.i.k.p.i.IntermediateProofReplayer Proof replay took 8.49ms 
447776     DEBUG main            d.u.i.k.p.r.p.TestFile    ... success: reloaded. 
447776     INFO  main            d.u.i.k.p.r.p.TestFile    Now processing file /home/runner/work/key/key/key.core/../key.ui/examples/standard_key/polySimp/simplify10.key 
447776     INFO  main            d.u.i.k.p.i.AbstractProblemLoader Loading environment from /home/runner/work/key/key/key.core/../key.ui/examples/standard_key/polySimp/simplify10.key 
447777     DEBUG main            d.u.i.k.p.i.AbstractProblemLoader Environment load took 95.5ns 
447778     INFO  main            d.u.i.k.p.i.AbstractProblemLoader Creating init config 
450796     DEBUG main            d.u.i.k.p.i.AbstractProblemLoader Init config took 3.02s 
450812     INFO  main            d.u.i.k.p.i.AbstractProblemLoader Replaying proof simplify10.key 
450814     DEBUG main            d.u.i.k.p.i.IntermediateProofReplayer Proof replay took 3.2ns 
451117     INFO  main            d.u.i.k.p.r.p.TestFile    ... finished proof: closed. 
451713     INFO  main            d.u.i.k.p.i.AbstractProblemLoader Loading environment from /home/runner/work/key/key/key.core/../key.ui/examples/standard_key/polySimp/simplify10.key.proof 
451714     DEBUG main            d.u.i.k.p.i.AbstractProblemLoader Environment load took 234.4ns 
451715     INFO  main            d.u.i.k.p.i.AbstractProblemLoader Creating init config 
454649     DEBUG main            d.u.i.k.p.i.AbstractProblemLoader Init config took 2.93s 
454665     INFO  main            d.u.i.k.p.i.AbstractProblemLoader Replaying proof simplify10.key.proof 
454682     DEBUG main            d.u.i.k.p.i.IntermediateProofReplayer Proof replay took 14.66ms 
454684     DEBUG main            d.u.i.k.p.r.p.TestFile    ... success: reloaded. 
454685     INFO  main            d.u.i.k.p.r.p.TestFile    Now processing file /home/runner/work/key/key/key.core/../key.ui/examples/standard_key/polySimp/simplify11.key 
454685     INFO  main            d.u.i.k.p.i.AbstractProblemLoader Loading environment from /home/runner/work/key/key/key.core/../key.ui/examples/standard_key/polySimp/simplify11.key 
454685     DEBUG main            d.u.i.k.p.i.AbstractProblemLoader Environment load took 55.6ns 
454686     INFO  main            d.u.i.k.p.i.AbstractProblemLoader Creating init config 
457722     DEBUG main            d.u.i.k.p.i.AbstractProblemLoader Init config took 3.04s 
457737     INFO  main            d.u.i.k.p.i.AbstractProblemLoader Replaying proof simplify11.key 
457740     DEBUG main            d.u.i.k.p.i.IntermediateProofReplayer Proof replay took 4.2ns 
458043     INFO  main            d.u.i.k.p.r.p.TestFile    ... finished proof: closed. 
458657     INFO  main            d.u.i.k.p.i.AbstractProblemLoader Loading environment from /home/runner/work/key/key/key.core/../key.ui/examples/standard_key/polySimp/simplify11.key.proof 
458657     DEBUG main            d.u.i.k.p.i.AbstractProblemLoader Environment load took 88.2ns 
458659     INFO  main            d.u.i.k.p.i.AbstractProblemLoader Creating init config 
461697     DEBUG main            d.u.i.k.p.i.AbstractProblemLoader Init config took 3.04s 
461714     INFO  main            d.u.i.k.p.i.AbstractProblemLoader Replaying proof simplify11.key.proof 
461730     DEBUG main            d.u.i.k.p.i.IntermediateProofReplayer Proof replay took 13.16ms 
461732     DEBUG main            d.u.i.k.p.r.p.TestFile    ... success: reloaded. 
461732     INFO  main            d.u.i.k.p.r.p.TestFile    Now processing file /home/runner/work/key/key/key.core/../key.ui/examples/standard_key/polySimp/simplify12.key 
461732     INFO  main            d.u.i.k.p.i.AbstractProblemLoader Loading environment from /home/runner/work/key/key/key.core/../key.ui/examples/standard_key/polySimp/simplify12.key 
461733     DEBUG main            d.u.i.k.p.i.AbstractProblemLoader Environment load took 167.5ns 
461734     INFO  main            d.u.i.k.p.i.AbstractProblemLoader Creating init config 
464788     DEBUG main            d.u.i.k.p.i.AbstractProblemLoader Init config took 3.05s 
464804     INFO  main            d.u.i.k.p.i.AbstractProblemLoader Replaying proof simplify12.key 
464805     DEBUG main            d.u.i.k.p.i.IntermediateProofReplayer Proof replay took 3.9ns 
464908     INFO  main            d.u.i.k.p.r.p.TestFile    ... finished proof: closed. 
465503     INFO  main            d.u.i.k.p.i.AbstractProblemLoader Loading environment from /home/runner/work/key/key/key.core/../key.ui/examples/standard_key/polySimp/simplify12.key.proof 
465503     DEBUG main            d.u.i.k.p.i.AbstractProblemLoader Environment load took 107.5ns 
465505     INFO  main            d.u.i.k.p.i.AbstractProblemLoader Creating init config 
468621     DEBUG main            d.u.i.k.p.i.AbstractProblemLoader Init config took 3.12s 
468637     INFO  main            d.u.i.k.p.i.AbstractProblemLoader Replaying proof simplify12.key.proof 
468644     DEBUG main            d.u.i.k.p.i.IntermediateProofReplayer Proof replay took 4.9ms 
468644     DEBUG main            d.u.i.k.p.r.p.TestFile    ... success: reloaded. 
468645     INFO  main            d.u.i.k.p.r.p.TestFile    Now processing file /home/runner/work/key/key/key.core/../key.ui/examples/standard_key/polySimp/simplify13.key 
468645     INFO  main            d.u.i.k.p.i.AbstractProblemLoader Loading environment from /home/runner/work/key/key/key.core/../key.ui/examples/standard_key/polySimp/simplify13.key 
468645     DEBUG main            d.u.i.k.p.i.AbstractProblemLoader Environment load took 110.8ns 
468647     INFO  main            d.u.i.k.p.i.AbstractProblemLoader Creating init config 
471793     DEBUG main            d.u.i.k.p.i.AbstractProblemLoader Init config took 3.15s 
471809     INFO  main            d.u.i.k.p.i.AbstractProblemLoader Replaying proof simplify13.key 
471811     DEBUG main            d.u.i.k.p.i.IntermediateProofReplayer Proof replay took 3.8ns 
471913     INFO  main            d.u.i.k.p.r.p.TestFile    ... finished proof: closed. 
472549     INFO  main            d.u.i.k.p.i.AbstractProblemLoader Loading environment from /home/runner/work/key/key/key.core/../key.ui/examples/standard_key/polySimp/simplify13.key.proof 
472550     DEBUG main            d.u.i.k.p.i.AbstractProblemLoader Environment load took 113.1ns 
472551     INFO  main            d.u.i.k.p.i.AbstractProblemLoader Creating init config 
475639     DEBUG main            d.u.i.k.p.i.AbstractProblemLoader Init config took 3.09s 
475661     INFO  main            d.u.i.k.p.i.AbstractProblemLoader Replaying proof simplify13.key.proof 
475667     DEBUG main            d.u.i.k.p.i.IntermediateProofReplayer Proof replay took 3.61ms 
475668     DEBUG main            d.u.i.k.p.r.p.TestFile    ... success: reloaded. 
475668     INFO  main            d.u.i.k.p.r.p.TestFile    Now processing file /home/runner/work/key/key/key.core/../key.ui/examples/standard_key/polySimp/simplify14.key 
475668     INFO  main            d.u.i.k.p.i.AbstractProblemLoader Loading environment from /home/runner/work/key/key/key.core/../key.ui/examples/standard_key/polySimp/simplify14.key 
475669     DEBUG main            d.u.i.k.p.i.AbstractProblemLoader Environment load took 110ns 
475671     INFO  main            d.u.i.k.p.i.AbstractProblemLoader Creating init config 
478732     DEBUG main            d.u.i.k.p.i.AbstractProblemLoader Init config took 3.06s 
478749     INFO  main            d.u.i.k.p.i.AbstractProblemLoader Replaying proof simplify14.key 
478750     DEBUG main            d.u.i.k.p.i.IntermediateProofReplayer Proof replay took 3.5ns 
478852     INFO  main            d.u.i.k.p.r.p.TestFile    ... finished proof: closed. 
479431     INFO  main            d.u.i.k.p.i.AbstractProblemLoader Loading environment from /home/runner/work/key/key/key.core/../key.ui/examples/standard_key/polySimp/simplify14.key.proof 
479431     DEBUG main            d.u.i.k.p.i.AbstractProblemLoader Environment load took 88.2ns 
479432     INFO  main            d.u.i.k.p.i.AbstractProblemLoader Creating init config 
482386     DEBUG main            d.u.i.k.p.i.AbstractProblemLoader Init config took 2.95s 
482405     INFO  main            d.u.i.k.p.i.AbstractProblemLoader Replaying proof simplify14.key.proof 
482407     DEBUG main            d.u.i.k.p.i.IntermediateProofReplayer Proof replay took 639.51ns 
482408     DEBUG main            d.u.i.k.p.r.p.TestFile    ... success: reloaded. 
482409     INFO  main            d.u.i.k.p.r.p.TestFile    Now processing file /home/runner/work/key/key/key.core/../key.ui/examples/standard_key/polySimp/simplify15.key 
482409     INFO  main            d.u.i.k.p.i.AbstractProblemLoader Loading environment from /home/runner/work/key/key/key.core/../key.ui/examples/standard_key/polySimp/simplify15.key 
482409     DEBUG main            d.u.i.k.p.i.AbstractProblemLoader Environment load took 91.9ns 
482410     INFO  main            d.u.i.k.p.i.AbstractProblemLoader Creating init config 
485478     DEBUG main            d.u.i.k.p.i.AbstractProblemLoader Init config took 3.07s 
485492     INFO  main            d.u.i.k.p.i.AbstractProblemLoader Replaying proof simplify15.key 
485494     DEBUG main            d.u.i.k.p.i.IntermediateProofReplayer Proof replay took 4.5ns 
485596     INFO  main            d.u.i.k.p.r.p.TestFile    ... finished proof: closed. 
486175     INFO  main            d.u.i.k.p.i.AbstractProblemLoader Loading environment from /home/runner/work/key/key/key.core/../key.ui/examples/standard_key/polySimp/simplify15.key.proof 
486175     DEBUG main            d.u.i.k.p.i.AbstractProblemLoader Environment load took 142ns 
486176     INFO  main            d.u.i.k.p.i.AbstractProblemLoader Creating init config 
489133     DEBUG main            d.u.i.k.p.i.AbstractProblemLoader Init config took 2.96s 
489148     INFO  main            d.u.i.k.p.i.AbstractProblemLoader Replaying proof simplify15.key.proof 
489150     DEBUG main            d.u.i.k.p.i.IntermediateProofReplayer Proof replay took 466.4ns 
489151     DEBUG main            d.u.i.k.p.r.p.TestFile    ... success: reloaded. 
489154     INFO  main            d.u.i.k.p.r.p.TestFile    Now processing file /home/runner/work/key/key/key.core/../key.ui/examples/standard_key/polySimp/simplify16.key 
489154     INFO  main            d.u.i.k.p.i.AbstractProblemLoader Loading environment from /home/runner/work/key/key/key.core/../key.ui/examples/standard_key/polySimp/simplify16.key 
489154     DEBUG main            d.u.i.k.p.i.AbstractProblemLoader Environment load took 62.2ns 
489155     INFO  main            d.u.i.k.p.i.AbstractProblemLoader Creating init config 
492180     DEBUG main            d.u.i.k.p.i.AbstractProblemLoader Init config took 3.03s 
492195     INFO  main            d.u.i.k.p.i.AbstractProblemLoader Replaying proof simplify16.key 
492197     DEBUG main            d.u.i.k.p.i.IntermediateProofReplayer Proof replay took 3.6ns 
492298     INFO  main            d.u.i.k.p.r.p.TestFile    ... finished proof: closed. 
492888     INFO  main            d.u.i.k.p.i.AbstractProblemLoader Loading environment from /home/runner/work/key/key/key.core/../key.ui/examples/standard_key/polySimp/simplify16.key.proof 
492888     DEBUG main            d.u.i.k.p.i.AbstractProblemLoader Environment load took 78.7ns 
492889     INFO  main            d.u.i.k.p.i.AbstractProblemLoader Creating init config 
495902     DEBUG main            d.u.i.k.p.i.AbstractProblemLoader Init config took 3.01s 
495917     INFO  main            d.u.i.k.p.i.AbstractProblemLoader Replaying proof simplify16.key.proof 
495919     DEBUG main            d.u.i.k.p.i.IntermediateProofReplayer Proof replay took 328.5ns 
495920     DEBUG main            d.u.i.k.p.r.p.TestFile    ... success: reloaded. 
495921     INFO  main            d.u.i.k.p.r.p.TestFile    Now processing file /home/runner/work/key/key/key.core/../key.ui/examples/standard_key/polySimp/simplify17.key 
495921     INFO  main            d.u.i.k.p.i.AbstractProblemLoader Loading environment from /home/runner/work/key/key/key.core/../key.ui/examples/standard_key/polySimp/simplify17.key 
495921     DEBUG main            d.u.i.k.p.i.AbstractProblemLoader Environment load took 57.4ns 
495922     INFO  main            d.u.i.k.p.i.AbstractProblemLoader Creating init config 
498925     DEBUG main            d.u.i.k.p.i.AbstractProblemLoader Init config took 3s 
498940     INFO  main            d.u.i.k.p.i.AbstractProblemLoader Replaying proof simplify17.key 
498942     DEBUG main            d.u.i.k.p.i.IntermediateProofReplayer Proof replay took 4ns 
499043     INFO  main            d.u.i.k.p.r.p.TestFile    ... finished proof: closed. 
499658     INFO  main            d.u.i.k.p.i.AbstractProblemLoader Loading environment from /home/runner/work/key/key/key.core/../key.ui/examples/standard_key/polySimp/simplify17.key.proof 
499658     DEBUG main            d.u.i.k.p.i.AbstractProblemLoader Environment load took 90.8ns 
499659     INFO  main            d.u.i.k.p.i.AbstractProblemLoader Creating init config 
502583     DEBUG main            d.u.i.k.p.i.AbstractProblemLoader Init config took 2.92s 
502598     INFO  main            d.u.i.k.p.i.AbstractProblemLoader Replaying proof simplify17.key.proof 
502604     DEBUG main            d.u.i.k.p.i.IntermediateProofReplayer Proof replay took 4.13ms 
502605     DEBUG main            d.u.i.k.p.r.p.TestFile    ... success: reloaded. 
502606     INFO  main            d.u.i.k.p.r.p.TestFile    Now processing file /home/runner/work/key/key/key.core/../key.ui/examples/standard_key/polySimp/simplify18.key 
502606     INFO  main            d.u.i.k.p.i.AbstractProblemLoader Loading environment from /home/runner/work/key/key/key.core/../key.ui/examples/standard_key/polySimp/simplify18.key 
502606     DEBUG main            d.u.i.k.p.i.AbstractProblemLoader Environment load took 54.9ns 
502607     INFO  main            d.u.i.k.p.i.AbstractProblemLoader Creating init config 
505584     DEBUG main            d.u.i.k.p.i.AbstractProblemLoader Init config took 2.98s 
505600     INFO  main            d.u.i.k.p.i.AbstractProblemLoader Replaying proof simplify18.key 
505601     DEBUG main            d.u.i.k.p.i.IntermediateProofReplayer Proof replay took 4ns 
505804     INFO  main            d.u.i.k.p.r.p.TestFile    ... finished proof: closed. 
506415     INFO  main            d.u.i.k.p.i.AbstractProblemLoader Loading environment from /home/runner/work/key/key/key.core/../key.ui/examples/standard_key/polySimp/simplify18.key.proof 
506415     DEBUG main            d.u.i.k.p.i.AbstractProblemLoader Environment load took 635.91ns 
506417     INFO  main            d.u.i.k.p.i.AbstractProblemLoader Creating init config 
509345     DEBUG main            d.u.i.k.p.i.AbstractProblemLoader Init config took 2.93s 
509360     INFO  main            d.u.i.k.p.i.AbstractProblemLoader Replaying proof simplify18.key.proof 
509371     DEBUG main            d.u.i.k.p.i.IntermediateProofReplayer Proof replay took 8.82ms 
509372     DEBUG main            d.u.i.k.p.r.p.TestFile    ... success: reloaded. 
509373     INFO  main            d.u.i.k.p.r.p.TestFile    Now processing file /home/runner/work/key/key/key.core/../key.ui/examples/standard_key/polySimp/simplify19.key 
509374     INFO  main            d.u.i.k.p.i.AbstractProblemLoader Loading environment from /home/runner/work/key/key/key.core/../key.ui/examples/standard_key/polySimp/simplify19.key 
509374     DEBUG main            d.u.i.k.p.i.AbstractProblemLoader Environment load took 64.8ns 
509375     INFO  main            d.u.i.k.p.i.AbstractProblemLoader Creating init config 
512333     DEBUG main            d.u.i.k.p.i.AbstractProblemLoader Init config took 2.96s 
512349     INFO  main            d.u.i.k.p.i.AbstractProblemLoader Replaying proof simplify19.key 
512351     DEBUG main            d.u.i.k.p.i.IntermediateProofReplayer Proof replay took 3.8ns 
516525     INFO  main            d.u.i.k.p.r.p.TestFile    ... finished proof: closed. 
517189     INFO  main            d.u.i.k.p.i.AbstractProblemLoader Loading environment from /home/runner/work/key/key/key.core/../key.ui/examples/standard_key/polySimp/simplify19.key.proof 
517189     DEBUG main            d.u.i.k.p.i.AbstractProblemLoader Environment load took 562.3ns 
517191     INFO  main            d.u.i.k.p.i.AbstractProblemLoader Creating init config 
520092     DEBUG main            d.u.i.k.p.i.AbstractProblemLoader Init config took 2.9s 
520108     INFO  main            d.u.i.k.p.i.AbstractProblemLoader Replaying proof simplify19.key.proof 
520265     DEBUG main            d.u.i.k.p.i.IntermediateProofReplayer Proof replay took 143.45ms 
520267     DEBUG main            d.u.i.k.p.r.p.TestFile    ... success: reloaded. 
520267     INFO  main            d.u.i.k.p.r.p.TestFile    Now processing file /home/runner/work/key/key/key.core/../key.ui/examples/standard_key/polySimp/simplify2.key 
520268     INFO  main            d.u.i.k.p.i.AbstractProblemLoader Loading environment from /home/runner/work/key/key/key.core/../key.ui/examples/standard_key/polySimp/simplify2.key 
520268     DEBUG main            d.u.i.k.p.i.AbstractProblemLoader Environment load took 470ns 
520269     INFO  main            d.u.i.k.p.i.AbstractProblemLoader Creating init config 
523203     DEBUG main            d.u.i.k.p.i.AbstractProblemLoader Init config took 2.93s 
523218     INFO  main            d.u.i.k.p.i.AbstractProblemLoader Replaying proof simplify2.key 
523220     DEBUG main            d.u.i.k.p.i.IntermediateProofReplayer Proof replay took 3.4ns 
523324     INFO  main            d.u.i.k.p.r.p.TestFile    ... finished proof: closed. 
523994     INFO  main            d.u.i.k.p.i.AbstractProblemLoader Loading environment from /home/runner/work/key/key/key.core/../key.ui/examples/standard_key/polySimp/simplify2.key.proof 
523994     DEBUG main            d.u.i.k.p.i.AbstractProblemLoader Environment load took 133.9ns 
523995     INFO  main            d.u.i.k.p.i.AbstractProblemLoader Creating init config 
526863     DEBUG main            d.u.i.k.p.i.AbstractProblemLoader Init config took 2.87s 
526878     INFO  main            d.u.i.k.p.i.AbstractProblemLoader Replaying proof simplify2.key.proof 
526881     DEBUG main            d.u.i.k.p.i.IntermediateProofReplayer Proof replay took 668.91ns 
526881     DEBUG main            d.u.i.k.p.r.p.TestFile    ... success: reloaded. 
526882     INFO  main            d.u.i.k.p.r.p.TestFile    Now processing file /home/runner/work/key/key/key.core/../key.ui/examples/standard_key/polySimp/simplify20.key 
526882     INFO  main            d.u.i.k.p.i.AbstractProblemLoader Loading environment from /home/runner/work/key/key/key.core/../key.ui/examples/standard_key/polySimp/simplify20.key 
526882     DEBUG main            d.u.i.k.p.i.AbstractProblemLoader Environment load took 61.7ns 
526883     INFO  main            d.u.i.k.p.i.AbstractProblemLoader Creating init config 
529822     DEBUG main            d.u.i.k.p.i.AbstractProblemLoader Init config took 2.94s 
529837     INFO  main            d.u.i.k.p.i.AbstractProblemLoader Replaying proof simplify20.key 
529838     DEBUG main            d.u.i.k.p.i.IntermediateProofReplayer Proof replay took 3.4ns 
530659     INFO  main            d.u.i.k.p.r.p.TestFile    ... finished proof: closed. 
531322     INFO  main            d.u.i.k.p.i.AbstractProblemLoader Loading environment from /home/runner/work/key/key/key.core/../key.ui/examples/standard_key/polySimp/simplify20.key.proof 
531323     DEBUG main            d.u.i.k.p.i.AbstractProblemLoader Environment load took 688.01ns 
531325     INFO  main            d.u.i.k.p.i.AbstractProblemLoader Creating init config 
534291     DEBUG main            d.u.i.k.p.i.AbstractProblemLoader Init config took 2.97s 
534306     INFO  main            d.u.i.k.p.i.AbstractProblemLoader Replaying proof simplify20.key.proof 
534349     DEBUG main            d.u.i.k.p.i.IntermediateProofReplayer Proof replay took 37.39ms 
534350     DEBUG main            d.u.i.k.p.r.p.TestFile    ... success: reloaded. 
534351     INFO  main            d.u.i.k.p.r.p.TestFile    Now processing file /home/runner/work/key/key/key.core/../key.ui/examples/standard_key/polySimp/simplify21.key 
534351     INFO  main            d.u.i.k.p.i.AbstractProblemLoader Loading environment from /home/runner/work/key/key/key.core/../key.ui/examples/standard_key/polySimp/simplify21.key 
534351     DEBUG main            d.u.i.k.p.i.AbstractProblemLoader Environment load took 77ns 
534355     INFO  main            d.u.i.k.p.i.AbstractProblemLoader Creating init config 
537373     DEBUG main            d.u.i.k.p.i.AbstractProblemLoader Init config took 3.02s 
537389     INFO  main            d.u.i.k.p.i.AbstractProblemLoader Replaying proof simplify21.key 
537392     DEBUG main            d.u.i.k.p.i.IntermediateProofReplayer Proof replay took 55.3ns 
538199     INFO  main            d.u.i.k.p.r.p.TestFile    ... finished proof: closed. 
538894     INFO  main            d.u.i.k.p.i.AbstractProblemLoader Loading environment from /home/runner/work/key/key/key.core/../key.ui/examples/standard_key/polySimp/simplify21.key.proof 
538895     DEBUG main            d.u.i.k.p.i.AbstractProblemLoader Environment load took 510ns 
538898     INFO  main            d.u.i.k.p.i.AbstractProblemLoader Creating init config 
541826     DEBUG main            d.u.i.k.p.i.AbstractProblemLoader Init config took 2.93s 
541842     INFO  main            d.u.i.k.p.i.AbstractProblemLoader Replaying proof simplify21.key.proof 
541888     DEBUG main            d.u.i.k.p.i.IntermediateProofReplayer Proof replay took 40.78ms 
541890     DEBUG main            d.u.i.k.p.r.p.TestFile    ... success: reloaded. 
541891     INFO  main            d.u.i.k.p.r.p.TestFile    Now processing file /home/runner/work/key/key/key.core/../key.ui/examples/standard_key/polySimp/simplify22.key 
541891     INFO  main            d.u.i.k.p.i.AbstractProblemLoader Loading environment from /home/runner/work/key/key/key.core/../key.ui/examples/standard_key/polySimp/simplify22.key 
541891     DEBUG main            d.u.i.k.p.i.AbstractProblemLoader Environment load took 96.3ns 
541892     INFO  main            d.u.i.k.p.i.AbstractProblemLoader Creating init config 
544903     DEBUG main            d.u.i.k.p.i.AbstractProblemLoader Init config took 3.01s 
544917     INFO  main            d.u.i.k.p.i.AbstractProblemLoader Replaying proof simplify22.key 
544919     DEBUG main            d.u.i.k.p.i.IntermediateProofReplayer Proof replay took 3.6ns 
545021     INFO  main            d.u.i.k.p.r.p.TestFile    ... finished proof: closed. 
545703     INFO  main            d.u.i.k.p.i.AbstractProblemLoader Loading environment from /home/runner/work/key/key/key.core/../key.ui/examples/standard_key/polySimp/simplify22.key.proof 
545703     DEBUG main            d.u.i.k.p.i.AbstractProblemLoader Environment load took 116.3ns 
545704     INFO  main            d.u.i.k.p.i.AbstractProblemLoader Creating init config 
548642     DEBUG main            d.u.i.k.p.i.AbstractProblemLoader Init config took 2.94s 
548658     INFO  main            d.u.i.k.p.i.AbstractProblemLoader Replaying proof simplify22.key.proof 
548664     DEBUG main            d.u.i.k.p.i.IntermediateProofReplayer Proof replay took 2.91ms 
548664     DEBUG main            d.u.i.k.p.r.p.TestFile    ... success: reloaded. 
548665     INFO  main            d.u.i.k.p.r.p.TestFile    Now processing file /home/runner/work/key/key/key.core/../key.ui/examples/standard_key/polySimp/simplify23.key 
548665     INFO  main            d.u.i.k.p.i.AbstractProblemLoader Loading environment from /home/runner/work/key/key/key.core/../key.ui/examples/standard_key/polySimp/simplify23.key 
548665     DEBUG main            d.u.i.k.p.i.AbstractProblemLoader Environment load took 93.9ns 
548666     INFO  main            d.u.i.k.p.i.AbstractProblemLoader Creating init config 
551675     DEBUG main            d.u.i.k.p.i.AbstractProblemLoader Init config took 3.01s 
551690     INFO  main            d.u.i.k.p.i.AbstractProblemLoader Replaying proof simplify23.key 
551692     DEBUG main            d.u.i.k.p.i.IntermediateProofReplayer Proof replay took 3.7ns 
551894     INFO  main            d.u.i.k.p.r.p.TestFile    ... finished proof: closed. 
552556     INFO  main            d.u.i.k.p.i.AbstractProblemLoader Loading environment from /home/runner/work/key/key/key.core/../key.ui/examples/standard_key/polySimp/simplify23.key.proof 
552557     DEBUG main            d.u.i.k.p.i.AbstractProblemLoader Environment load took 117.4ns 
552558     INFO  main            d.u.i.k.p.i.AbstractProblemLoader Creating init config 
555526     DEBUG main            d.u.i.k.p.i.AbstractProblemLoader Init config took 2.97s 
555541     INFO  main            d.u.i.k.p.i.AbstractProblemLoader Replaying proof simplify23.key.proof 
555555     DEBUG main            d.u.i.k.p.i.IntermediateProofReplayer Proof replay took 7.8ms 
555556     DEBUG main            d.u.i.k.p.r.p.TestFile    ... success: reloaded. 
555557     INFO  main            d.u.i.k.p.r.p.TestFile    Now processing file /home/runner/work/key/key/key.core/../key.ui/examples/standard_key/polySimp/simplify24.key 
555557     INFO  main            d.u.i.k.p.i.AbstractProblemLoader Loading environment from /home/runner/work/key/key/key.core/../key.ui/examples/standard_key/polySimp/simplify24.key 
555557     DEBUG main            d.u.i.k.p.i.AbstractProblemLoader Environment load took 56.5ns 
555558     INFO  main            d.u.i.k.p.i.AbstractProblemLoader Creating init config 
558591     DEBUG main            d.u.i.k.p.i.AbstractProblemLoader Init config took 3.03s 
558605     INFO  main            d.u.i.k.p.i.AbstractProblemLoader Replaying proof simplify24.key 
558606     DEBUG main            d.u.i.k.p.i.IntermediateProofReplayer Proof replay took 2.7ns 
558708     INFO  main            d.u.i.k.p.r.p.TestFile    ... finished proof: closed. 
559369     INFO  main            d.u.i.k.p.i.AbstractProblemLoader Loading environment from /home/runner/work/key/key/key.core/../key.ui/examples/standard_key/polySimp/simplify24.key.proof 
559369     DEBUG main            d.u.i.k.p.i.AbstractProblemLoader Environment load took 82.5ns 
559370     INFO  main            d.u.i.k.p.i.AbstractProblemLoader Creating init config 
562357     DEBUG main            d.u.i.k.p.i.AbstractProblemLoader Init config took 2.99s 
562372     INFO  main            d.u.i.k.p.i.AbstractProblemLoader Replaying proof simplify24.key.proof 
562376     DEBUG main            d.u.i.k.p.i.IntermediateProofReplayer Proof replay took 1.64ms 
562377     DEBUG main            d.u.i.k.p.r.p.TestFile    ... success: reloaded. 
562377     INFO  main            d.u.i.k.p.r.p.TestFile    Now processing file /home/runner/work/key/key/key.core/../key.ui/examples/standard_key/polySimp/simplify25.key 
562378     INFO  main            d.u.i.k.p.i.AbstractProblemLoader Loading environment from /home/runner/work/key/key/key.core/../key.ui/examples/standard_key/polySimp/simplify25.key 
562378     DEBUG main            d.u.i.k.p.i.AbstractProblemLoader Environment load took 84.1ns 
562379     INFO  main            d.u.i.k.p.i.AbstractProblemLoader Creating init config 
565407     DEBUG main            d.u.i.k.p.i.AbstractProblemLoader Init config took 3.03s 
565422     INFO  main            d.u.i.k.p.i.AbstractProblemLoader Replaying proof simplify25.key 
565423     DEBUG main            d.u.i.k.p.i.IntermediateProofReplayer Proof replay took 2.9ns 
565526     INFO  main            d.u.i.k.p.r.p.TestFile    ... finished proof: closed. 
566200     INFO  main            d.u.i.k.p.i.AbstractProblemLoader Loading environment from /home/runner/work/key/key/key.core/../key.ui/examples/standard_key/polySimp/simplify25.key.proof 
566200     DEBUG main            d.u.i.k.p.i.AbstractProblemLoader Environment load took 78.8ns 
566201     INFO  main            d.u.i.k.p.i.AbstractProblemLoader Creating init config 
569129     DEBUG main            d.u.i.k.p.i.AbstractProblemLoader Init config took 2.93s 
569144     INFO  main            d.u.i.k.p.i.AbstractProblemLoader Replaying proof simplify25.key.proof 
569147     DEBUG main            d.u.i.k.p.i.IntermediateProofReplayer Proof replay took 2.01ms 
569148     DEBUG main            d.u.i.k.p.r.p.TestFile    ... success: reloaded. 
569149     INFO  main            d.u.i.k.p.r.p.TestFile    Now processing file /home/runner/work/key/key/key.core/../key.ui/examples/standard_key/polySimp/simplify3.key 
569149     INFO  main            d.u.i.k.p.i.AbstractProblemLoader Loading environment from /home/runner/work/key/key/key.core/../key.ui/examples/standard_key/polySimp/simplify3.key 
569149     DEBUG main            d.u.i.k.p.i.AbstractProblemLoader Environment load took 128.8ns 
569150     INFO  main            d.u.i.k.p.i.AbstractProblemLoader Creating init config 
572205     DEBUG main            d.u.i.k.p.i.AbstractProblemLoader Init config took 3.05s 
572219     INFO  main            d.u.i.k.p.i.AbstractProblemLoader Replaying proof simplify3.key 
572220     DEBUG main            d.u.i.k.p.i.IntermediateProofReplayer Proof replay took 3ns 
572322     INFO  main            d.u.i.k.p.r.p.TestFile    ... finished proof: closed. 
573010     INFO  main            d.u.i.k.p.i.AbstractProblemLoader Loading environment from /home/runner/work/key/key/key.core/../key.ui/examples/standard_key/polySimp/simplify3.key.proof 
573010     DEBUG main            d.u.i.k.p.i.AbstractProblemLoader Environment load took 92.9ns 
573011     INFO  main            d.u.i.k.p.i.AbstractProblemLoader Creating init config 
576023     DEBUG main            d.u.i.k.p.i.AbstractProblemLoader Init config took 3.01s 
576038     INFO  main            d.u.i.k.p.i.AbstractProblemLoader Replaying proof simplify3.key.proof 
576040     DEBUG main            d.u.i.k.p.i.IntermediateProofReplayer Proof replay took 610.11ns 
576040     DEBUG main            d.u.i.k.p.r.p.TestFile    ... success: reloaded. 
576041     INFO  main            d.u.i.k.p.r.p.TestFile    Now processing file /home/runner/work/key/key/key.core/../key.ui/examples/standard_key/polySimp/simplify4.key 
576041     INFO  main            d.u.i.k.p.i.AbstractProblemLoader Loading environment from /home/runner/work/key/key/key.core/../key.ui/examples/standard_key/polySimp/simplify4.key 
576041     DEBUG main            d.u.i.k.p.i.AbstractProblemLoader Environment load took 52.4ns 
576042     INFO  main            d.u.i.k.p.i.AbstractProblemLoader Creating init config 
579009     DEBUG main            d.u.i.k.p.i.AbstractProblemLoader Init config took 2.97s 
579023     INFO  main            d.u.i.k.p.i.AbstractProblemLoader Replaying proof simplify4.key 
579024     DEBUG main            d.u.i.k.p.i.IntermediateProofReplayer Proof replay took 3.2ns 
579126     INFO  main            d.u.i.k.p.r.p.TestFile    ... finished proof: closed. 
579793     INFO  main            d.u.i.k.p.i.AbstractProblemLoader Loading environment from /home/runner/work/key/key/key.core/../key.ui/examples/standard_key/polySimp/simplify4.key.proof 
579793     DEBUG main            d.u.i.k.p.i.AbstractProblemLoader Environment load took 87.2ns 
579794     INFO  main            d.u.i.k.p.i.AbstractProblemLoader Creating init config 
582860     DEBUG main            d.u.i.k.p.i.AbstractProblemLoader Init config took 3.07s 
582878     INFO  main            d.u.i.k.p.i.AbstractProblemLoader Replaying proof simplify4.key.proof 
582883     DEBUG main            d.u.i.k.p.i.IntermediateProofReplayer Proof replay took 1.25ms 
582884     DEBUG main            d.u.i.k.p.r.p.TestFile    ... success: reloaded. 
582886     INFO  main            d.u.i.k.p.r.p.TestFile    Now processing file /home/runner/work/key/key/key.core/../key.ui/examples/standard_key/polySimp/simplify5.key 
582887     INFO  main            d.u.i.k.p.i.AbstractProblemLoader Loading environment from /home/runner/work/key/key/key.core/../key.ui/examples/standard_key/polySimp/simplify5.key 
582887     DEBUG main            d.u.i.k.p.i.AbstractProblemLoader Environment load took 289.5ns 
582889     INFO  main            d.u.i.k.p.i.AbstractProblemLoader Creating init config 
585961     DEBUG main            d.u.i.k.p.i.AbstractProblemLoader Init config took 3.07s 
585975     INFO  main            d.u.i.k.p.i.AbstractProblemLoader Replaying proof simplify5.key 
585976     DEBUG main            d.u.i.k.p.i.IntermediateProofReplayer Proof replay took 3.2ns 
586078     INFO  main            d.u.i.k.p.r.p.TestFile    ... finished proof: closed. 
586748     INFO  main            d.u.i.k.p.i.AbstractProblemLoader Loading environment from /home/runner/work/key/key/key.core/../key.ui/examples/standard_key/polySimp/simplify5.key.proof 
586749     DEBUG main            d.u.i.k.p.i.AbstractProblemLoader Environment load took 84.8ns 
586750     INFO  main            d.u.i.k.p.i.AbstractProblemLoader Creating init config 
589864     DEBUG main            d.u.i.k.p.i.AbstractProblemLoader Init config took 3.11s 
589918     INFO  main            d.u.i.k.p.i.AbstractProblemLoader Replaying proof simplify5.key.proof 
589932     DEBUG main            d.u.i.k.p.i.IntermediateProofReplayer Proof replay took 4.55ms 
589943     DEBUG main            d.u.i.k.p.r.p.TestFile    ... success: reloaded. 
589944     INFO  main            d.u.i.k.p.r.p.TestFile    Now processing file /home/runner/work/key/key/key.core/../key.ui/examples/standard_key/polySimp/simplify6.key 
589947     INFO  main            d.u.i.k.p.i.AbstractProblemLoader Loading environment from /home/runner/work/key/key/key.core/../key.ui/examples/standard_key/polySimp/simplify6.key 
589947     DEBUG main            d.u.i.k.p.i.AbstractProblemLoader Environment load took 294.2ns 
589948     INFO  main            d.u.i.k.p.i.AbstractProblemLoader Creating init config 
593087     DEBUG main            d.u.i.k.p.i.AbstractProblemLoader Init config took 3.14s 
593102     INFO  main            d.u.i.k.p.i.AbstractProblemLoader Replaying proof simplify6.key 
593104     DEBUG main            d.u.i.k.p.i.IntermediateProofReplayer Proof replay took 3.1ns 
593205     INFO  main            d.u.i.k.p.r.p.TestFile    ... finished proof: closed. 
593896     INFO  main            d.u.i.k.p.i.AbstractProblemLoader Loading environment from /home/runner/work/key/key/key.core/../key.ui/examples/standard_key/polySimp/simplify6.key.proof 
593897     DEBUG main            d.u.i.k.p.i.AbstractProblemLoader Environment load took 79.9ns 
593898     INFO  main            d.u.i.k.p.i.AbstractProblemLoader Creating init config 
597072     DEBUG main            d.u.i.k.p.i.AbstractProblemLoader Init config took 3.17s 
597089     INFO  main            d.u.i.k.p.i.AbstractProblemLoader Replaying proof simplify6.key.proof 
597100     DEBUG main            d.u.i.k.p.i.IntermediateProofReplayer Proof replay took 234.4ns 
597101     DEBUG main            d.u.i.k.p.r.p.TestFile    ... success: reloaded. 
597102     INFO  main            d.u.i.k.p.r.p.TestFile    Now processing file /home/runner/work/key/key/key.core/../key.ui/examples/standard_key/polySimp/simplify7.key 
597104     INFO  main            d.u.i.k.p.i.AbstractProblemLoader Loading environment from /home/runner/work/key/key/key.core/../key.ui/examples/standard_key/polySimp/simplify7.key 
597104     DEBUG main            d.u.i.k.p.i.AbstractProblemLoader Environment load took 297ns 
597105     INFO  main            d.u.i.k.p.i.AbstractProblemLoader Creating init config 
600214     DEBUG main            d.u.i.k.p.i.AbstractProblemLoader Init config took 3.11s 
600230     INFO  main            d.u.i.k.p.i.AbstractProblemLoader Replaying proof simplify7.key 
600231     DEBUG main            d.u.i.k.p.i.IntermediateProofReplayer Proof replay took 3.1ns 
600333     INFO  main            d.u.i.k.p.r.p.TestFile    ... finished proof: closed. 
601016     INFO  main            d.u.i.k.p.i.AbstractProblemLoader Loading environment from /home/runner/work/key/key/key.core/../key.ui/examples/standard_key/polySimp/simplify7.key.proof 
601017     DEBUG main            d.u.i.k.p.i.AbstractProblemLoader Environment load took 78.6ns 
601018     INFO  main            d.u.i.k.p.i.AbstractProblemLoader Creating init config 
604106     DEBUG main            d.u.i.k.p.i.AbstractProblemLoader Init config took 3.09s 
604124     INFO  main            d.u.i.k.p.i.AbstractProblemLoader Replaying proof simplify7.key.proof 
604128     DEBUG main            d.u.i.k.p.i.IntermediateProofReplayer Proof replay took 440.1ns 
604129     DEBUG main            d.u.i.k.p.r.p.TestFile    ... success: reloaded. 
604129     INFO  main            d.u.i.k.p.r.p.TestFile    Now processing file /home/runner/work/key/key/key.core/../key.ui/examples/standard_key/polySimp/simplify8.key 
604130     INFO  main            d.u.i.k.p.i.AbstractProblemLoader Loading environment from /home/runner/work/key/key/key.core/../key.ui/examples/standard_key/polySimp/simplify8.key 
604130     DEBUG main            d.u.i.k.p.i.AbstractProblemLoader Environment load took 252.3ns 
604136     INFO  main            d.u.i.k.p.i.AbstractProblemLoader Creating init config 
607208     DEBUG main            d.u.i.k.p.i.AbstractProblemLoader Init config took 3.07s 
607223     INFO  main            d.u.i.k.p.i.AbstractProblemLoader Replaying proof simplify8.key 
607225     DEBUG main            d.u.i.k.p.i.IntermediateProofReplayer Proof replay took 3ns 
612118     INFO  main            d.u.i.k.p.r.p.TestFile    ... finished proof: closed. 
612846     INFO  main            d.u.i.k.p.i.AbstractProblemLoader Loading environment from /home/runner/work/key/key/key.core/../key.ui/examples/standard_key/polySimp/simplify8.key.proof 
612846     DEBUG main            d.u.i.k.p.i.AbstractProblemLoader Environment load took 86ns 
612849     INFO  main            d.u.i.k.p.i.AbstractProblemLoader Creating init config 
615971     DEBUG main            d.u.i.k.p.i.AbstractProblemLoader Init config took 3.12s 
615993     INFO  main            d.u.i.k.p.i.AbstractProblemLoader Replaying proof simplify8.key.proof 
616084     DEBUG main            d.u.i.k.p.i.IntermediateProofReplayer Proof replay took 84.54ms 
616088     DEBUG main            d.u.i.k.p.r.p.TestFile    ... success: reloaded. 
616088     INFO  main            d.u.i.k.p.r.p.TestFile    Now processing file /home/runner/work/key/key/key.core/../key.ui/examples/standard_key/polySimp/simplify9.key 
616089     INFO  main            d.u.i.k.p.i.AbstractProblemLoader Loading environment from /home/runner/work/key/key/key.core/../key.ui/examples/standard_key/polySimp/simplify9.key 
616089     DEBUG main            d.u.i.k.p.i.AbstractProblemLoader Environment load took 196.6ns 
616091     INFO  main            d.u.i.k.p.i.AbstractProblemLoader Creating init config 
619026     DEBUG main            d.u.i.k.p.i.AbstractProblemLoader Init config took 2.94s 
619041     INFO  main            d.u.i.k.p.i.AbstractProblemLoader Replaying proof simplify9.key 
619042     DEBUG main            d.u.i.k.p.i.IntermediateProofReplayer Proof replay took 2.7ns 
619245     INFO  main            d.u.i.k.p.r.p.TestFile    ... finished proof: closed. 
620026     INFO  main            d.u.i.k.p.i.AbstractProblemLoader Loading environment from /home/runner/work/key/key/key.core/../key.ui/examples/standard_key/polySimp/simplify9.key.proof 
620026     DEBUG main            d.u.i.k.p.i.AbstractProblemLoader Environment load took 105.2ns 
620028     INFO  main            d.u.i.k.p.i.AbstractProblemLoader Creating init config 
623036     DEBUG main            d.u.i.k.p.i.AbstractProblemLoader Init config took 3.01s 
623050     INFO  main            d.u.i.k.p.i.AbstractProblemLoader Replaying proof simplify9.key.proof 
623057     DEBUG main            d.u.i.k.p.i.IntermediateProofReplayer Proof replay took 4.48ms 
623058     DEBUG main            d.u.i.k.p.r.p.TestFile    ... success: reloaded. 
3587209    INFO  Test worker     d.u.i.k.p.r.p.StatisticsFile Returning from test arithmetic 
3587215    INFO  Test worker     d.u.i.k.p.r.p.StatisticsFile Running test arrays 
535        INFO  Timeout watchdog d.u.i.k.p.r.p.ForkedTestFileRunner Timeout watcher launched (2000 secs.) 
551        WARN  main            d.u.i.k.s.ProofSettings   The settings in /home/runner/.key/proof-settings.props are *not* read. 
610        INFO  main            d.u.i.k.p.r.p.TestFile    Now processing file /home/runner/work/key/key/key.core/../key.ui/examples/standard_key/arrays/arrayStoreException/array2DimPrim.key 
761        INFO  main            d.u.i.k.p.i.AbstractProblemLoader Loading environment from /home/runner/work/key/key/key.core/../key.ui/examples/standard_key/arrays/arrayStoreException/array2DimPrim.key 
784        DEBUG main            d.u.i.k.p.i.AbstractProblemLoader Environment load took 2.71ms 
1148       INFO  main            d.u.i.k.p.i.AbstractProblemLoader Creating init config 
2571       DEBUG main            d.u.i.k.j.TypeConverter   No LDT found for Meta 
2572       DEBUG main            d.u.i.k.j.TypeConverter   No LDT found for Meta 
2573       DEBUG main            d.u.i.k.j.TypeConverter   No LDT found for Meta 
2573       DEBUG main            d.u.i.k.j.TypeConverter   No LDT found for Meta 
4207       DEBUG main            d.u.i.k.j.TypeConverter   No LDT found for JavaBigintExpression 
10509      DEBUG main            d.u.i.k.p.i.AbstractProblemLoader Init config took 9.36s 
10608      INFO  main            d.u.i.k.p.i.AbstractProblemLoader Replaying proof array2DimPrim.key 
10664      DEBUG main            d.u.i.k.p.i.IntermediateProofReplayer Proof replay took 48.3ns 
16196      INFO  main            d.u.i.k.p.r.p.TestFile    ... finished proof: closed. 
16461      INFO  main            d.u.i.k.p.i.AbstractProblemLoader Loading environment from /home/runner/work/key/key/key.core/../key.ui/examples/standard_key/arrays/arrayStoreException/array2DimPrim.key.proof 
16461      DEBUG main            d.u.i.k.p.i.AbstractProblemLoader Environment load took 214.5ns 
16467      INFO  main            d.u.i.k.p.i.AbstractProblemLoader Creating init config 
19850      DEBUG main            d.u.i.k.p.i.AbstractProblemLoader Init config took 3.38s 
19890      INFO  main            d.u.i.k.p.i.AbstractProblemLoader Replaying proof array2DimPrim.key.proof 
20475      DEBUG main            d.u.i.k.p.i.IntermediateProofReplayer Proof replay took 559.68ms 
20496      DEBUG main            d.u.i.k.p.r.p.TestFile    ... success: reloaded. 
20501      INFO  main            d.u.i.k.p.r.p.TestFile    Now processing file /home/runner/work/key/key/key.core/../key.ui/examples/standard_key/arrays/arrayStoreException/arrayStoreKnownDynType.key 
20503      INFO  main            d.u.i.k.p.i.AbstractProblemLoader Loading environment from /home/runner/work/key/key/key.core/../key.ui/examples/standard_key/arrays/arrayStoreException/arrayStoreKnownDynType.key 
20503      DEBUG main            d.u.i.k.p.i.AbstractProblemLoader Environment load took 183.2ns 
20509      INFO  main            d.u.i.k.p.i.AbstractProblemLoader Creating init config 
23803      DEBUG main            d.u.i.k.p.i.AbstractProblemLoader Init config took 3.29s 
23839      INFO  main            d.u.i.k.p.i.AbstractProblemLoader Replaying proof arrayStoreKnownDynType.key 
23843      DEBUG main            d.u.i.k.p.i.IntermediateProofReplayer Proof replay took 8.2ns 
24147      INFO  main            d.u.i.k.p.r.p.TestFile    ... finished proof: closed. 
24452      INFO  main            d.u.i.k.p.i.AbstractProblemLoader Loading environment from /home/runner/work/key/key/key.core/../key.ui/examples/standard_key/arrays/arrayStoreException/arrayStoreKnownDynType.key.proof 
24453      DEBUG main            d.u.i.k.p.i.AbstractProblemLoader Environment load took 863.41ns 
24455      INFO  main            d.u.i.k.p.i.AbstractProblemLoader Creating init config 
27657      DEBUG main            d.u.i.k.p.i.AbstractProblemLoader Init config took 3.2s 
27688      INFO  main            d.u.i.k.p.i.AbstractProblemLoader Replaying proof arrayStoreKnownDynType.key.proof 
27739      DEBUG main            d.u.i.k.p.i.IntermediateProofReplayer Proof replay took 46.39ms 
27741      DEBUG main            d.u.i.k.p.r.p.TestFile    ... success: reloaded. 
27743      INFO  main            d.u.i.k.p.r.p.TestFile    Now processing file /home/runner/work/key/key/key.core/../key.ui/examples/standard_key/arrays/arrayStoreException/reverseArray.key 
27743      INFO  main            d.u.i.k.p.i.AbstractProblemLoader Loading environment from /home/runner/work/key/key/key.core/../key.ui/examples/standard_key/arrays/arrayStoreException/reverseArray.key 
27744      DEBUG main            d.u.i.k.p.i.AbstractProblemLoader Environment load took 282.4ns 
27745      INFO  main            d.u.i.k.p.i.AbstractProblemLoader Creating init config 
31040      DEBUG main            d.u.i.k.p.i.AbstractProblemLoader Init config took 3.29s 
31068      INFO  main            d.u.i.k.p.i.AbstractProblemLoader Replaying proof reverseArray.key 
31071      DEBUG main            d.u.i.k.p.i.IntermediateProofReplayer Proof replay took 8.2ns 
31878      INFO  main            d.u.i.k.p.r.p.TestFile    ... finished proof: closed. 
32119      INFO  main            d.u.i.k.p.i.AbstractProblemLoader Loading environment from /home/runner/work/key/key/key.core/../key.ui/examples/standard_key/arrays/arrayStoreException/reverseArray.key.proof 
32120      DEBUG main            d.u.i.k.p.i.AbstractProblemLoader Environment load took 529.6ns 
32123      INFO  main            d.u.i.k.p.i.AbstractProblemLoader Creating init config 
35242      DEBUG main            d.u.i.k.p.i.AbstractProblemLoader Init config took 3.12s 
35267      INFO  main            d.u.i.k.p.i.AbstractProblemLoader Replaying proof reverseArray.key.proof 
35413      DEBUG main            d.u.i.k.p.i.IntermediateProofReplayer Proof replay took 137.95ms 
35415      DEBUG main            d.u.i.k.p.r.p.TestFile    ... success: reloaded. 
35417      INFO  main            d.u.i.k.p.r.p.TestFile    Now processing file /home/runner/work/key/key/key.core/../key.ui/examples/standard_key/arrays/arrayStoreException/throwArrayStoreException.key 
35417      INFO  main            d.u.i.k.p.i.AbstractProblemLoader Loading environment from /home/runner/work/key/key/key.core/../key.ui/examples/standard_key/arrays/arrayStoreException/throwArrayStoreException.key 
35418      DEBUG main            d.u.i.k.p.i.AbstractProblemLoader Environment load took 271.7ns 
35419      INFO  main            d.u.i.k.p.i.AbstractProblemLoader Creating init config 
38532      DEBUG main            d.u.i.k.p.i.AbstractProblemLoader Init config took 3.11s 
38557      INFO  main            d.u.i.k.p.i.AbstractProblemLoader Replaying proof throwArrayStoreException.key 
38560      DEBUG main            d.u.i.k.p.i.IntermediateProofReplayer Proof replay took 8.4ns 
39064      INFO  main            d.u.i.k.p.r.p.TestFile    ... finished proof: closed. 
39383      INFO  main            d.u.i.k.p.i.AbstractProblemLoader Loading environment from /home/runner/work/key/key/key.core/../key.ui/examples/standard_key/arrays/arrayStoreException/throwArrayStoreException.key.proof 
39384      DEBUG main            d.u.i.k.p.i.AbstractProblemLoader Environment load took 521.7ns 
39386      INFO  main            d.u.i.k.p.i.AbstractProblemLoader Creating init config 
42483      DEBUG main            d.u.i.k.p.i.AbstractProblemLoader Init config took 3.1s 
42508      INFO  main            d.u.i.k.p.i.AbstractProblemLoader Replaying proof throwArrayStoreException.key.proof 
42607      DEBUG main            d.u.i.k.p.i.IntermediateProofReplayer Proof replay took 93.89ms 
42609      DEBUG main            d.u.i.k.p.r.p.TestFile    ... success: reloaded. 
42611      INFO  main            d.u.i.k.p.r.p.TestFile    Now processing file /home/runner/work/key/key/key.core/../key.ui/examples/standard_key/arrays/creation/arrayCreation1.key 
42611      INFO  main            d.u.i.k.p.i.AbstractProblemLoader Loading environment from /home/runner/work/key/key/key.core/../key.ui/examples/standard_key/arrays/creation/arrayCreation1.key 
42611      DEBUG main            d.u.i.k.p.i.AbstractProblemLoader Environment load took 242.1ns 
42613      INFO  main            d.u.i.k.p.i.AbstractProblemLoader Creating init config 
45738      DEBUG main            d.u.i.k.p.i.AbstractProblemLoader Init config took 3.12s 
45761      INFO  main            d.u.i.k.p.i.AbstractProblemLoader Replaying proof arrayCreation1.key 
45763      DEBUG main            d.u.i.k.p.i.IntermediateProofReplayer Proof replay took 8.7ns 
45967      INFO  main            d.u.i.k.p.r.p.TestFile    ... finished proof: closed. 
46186      INFO  main            d.u.i.k.p.i.AbstractProblemLoader Loading environment from /home/runner/work/key/key/key.core/../key.ui/examples/standard_key/arrays/creation/arrayCreation1.key.proof 
46189      DEBUG main            d.u.i.k.p.i.AbstractProblemLoader Environment load took 3.52ms 
46191      INFO  main            d.u.i.k.p.i.AbstractProblemLoader Creating init config 
49168      DEBUG main            d.u.i.k.p.i.AbstractProblemLoader Init config took 2.98s 
49191      INFO  main            d.u.i.k.p.i.AbstractProblemLoader Replaying proof arrayCreation1.key.proof 
49224      DEBUG main            d.u.i.k.p.i.IntermediateProofReplayer Proof replay took 29.46ms 
49226      DEBUG main            d.u.i.k.p.r.p.TestFile    ... success: reloaded. 
49227      INFO  main            d.u.i.k.p.r.p.TestFile    Now processing file /home/runner/work/key/key/key.core/../key.ui/examples/standard_key/arrays/arrayStoreException/array2Dim.key 
49228      INFO  main            d.u.i.k.p.i.AbstractProblemLoader Loading environment from /home/runner/work/key/key/key.core/../key.ui/examples/standard_key/arrays/arrayStoreException/array2Dim.key 
49228      DEBUG main            d.u.i.k.p.i.AbstractProblemLoader Environment load took 289.5ns 
49230      INFO  main            d.u.i.k.p.i.AbstractProblemLoader Creating init config 
52347      DEBUG main            d.u.i.k.p.i.AbstractProblemLoader Init config took 3.12s 
52379      INFO  main            d.u.i.k.p.i.AbstractProblemLoader Replaying proof array2Dim.key 
52391      DEBUG main            d.u.i.k.p.i.IntermediateProofReplayer Proof replay took 8.5ns 
56955      INFO  main            d.u.i.k.p.r.p.TestFile    ... finished proof: open goal(s) 
57316      INFO  main            d.u.i.k.p.r.p.TestFile    Now processing file /home/runner/work/key/key/key.core/../key.ui/examples/standard_key/arrays/arrayStoreException/array2DimClose.key 
57319      INFO  main            d.u.i.k.p.i.AbstractProblemLoader Loading environment from /home/runner/work/key/key/key.core/../key.ui/examples/standard_key/arrays/arrayStoreException/array2DimClose.key 
57319      DEBUG main            d.u.i.k.p.i.AbstractProblemLoader Environment load took 260.7ns 
57322      INFO  main            d.u.i.k.p.i.AbstractProblemLoader Creating init config 
60492      DEBUG main            d.u.i.k.p.i.AbstractProblemLoader Init config took 3.17s 
60519      INFO  main            d.u.i.k.p.i.AbstractProblemLoader Replaying proof array2DimClose.key 
60522      DEBUG main            d.u.i.k.p.i.IntermediateProofReplayer Proof replay took 18.9ns 
63439      INFO  main            d.u.i.k.p.r.p.TestFile    ... finished proof: open goal(s) 
63931      INFO  main            d.u.i.k.p.r.p.TestFile    Now processing file /home/runner/work/key/key/key.core/../key.ui/examples/standard_key/arrays/arrayStoreException/throwASEForPrim.key 
63932      INFO  main            d.u.i.k.p.i.AbstractProblemLoader Loading environment from /home/runner/work/key/key/key.core/../key.ui/examples/standard_key/arrays/arrayStoreException/throwASEForPrim.key 
63932      DEBUG main            d.u.i.k.p.i.AbstractProblemLoader Environment load took 253.2ns 
63934      INFO  main            d.u.i.k.p.i.AbstractProblemLoader Creating init config 
66857      DEBUG main            d.u.i.k.p.i.AbstractProblemLoader Init config took 2.92s 
66877      INFO  main            d.u.i.k.p.i.AbstractProblemLoader Replaying proof throwASEForPrim.key 
66880      DEBUG main            d.u.i.k.p.i.IntermediateProofReplayer Proof replay took 7.1ns 
72423      INFO  main            d.u.i.k.p.r.p.TestFile    ... finished proof: open goal(s) 
3660278    INFO  Test worker     d.u.i.k.p.r.p.StatisticsFile Returning from test arrays 
3660280    INFO  Test worker     d.u.i.k.p.r.p.StatisticsFile Running test javadl 
461        INFO  Timeout watchdog d.u.i.k.p.r.p.ForkedTestFileRunner Timeout watcher launched (2000 secs.) 
511        WARN  main            d.u.i.k.s.ProofSettings   The settings in /home/runner/.key/proof-settings.props are *not* read. 
568        INFO  main            d.u.i.k.p.r.p.TestFile    Now processing file /home/runner/work/key/key/key.core/../key.ui/examples/standard_key/instanceCreation/instanceCreation1.key 
701        INFO  main            d.u.i.k.p.i.AbstractProblemLoader Loading environment from /home/runner/work/key/key/key.core/../key.ui/examples/standard_key/instanceCreation/instanceCreation1.key 
723        DEBUG main            d.u.i.k.p.i.AbstractProblemLoader Environment load took 2.43ms 
1044       INFO  main            d.u.i.k.p.i.AbstractProblemLoader Creating init config 
2401       DEBUG main            d.u.i.k.j.TypeConverter   No LDT found for Meta 
2402       DEBUG main            d.u.i.k.j.TypeConverter   No LDT found for Meta 
2407       DEBUG main            d.u.i.k.j.TypeConverter   No LDT found for Meta 
2407       DEBUG main            d.u.i.k.j.TypeConverter   No LDT found for Meta 
4313       DEBUG main            d.u.i.k.j.TypeConverter   No LDT found for JavaBigintExpression 
10770      DEBUG main            d.u.i.k.p.i.AbstractProblemLoader Init config took 9.73s 
10891      INFO  main            d.u.i.k.p.i.AbstractProblemLoader Replaying proof instanceCreation1.key 
10941      DEBUG main            d.u.i.k.p.i.IntermediateProofReplayer Proof replay took 38.6ns 
12527      INFO  main            d.u.i.k.p.r.p.TestFile    ... finished proof: closed. 
12695      INFO  main            d.u.i.k.p.i.AbstractProblemLoader Loading environment from /home/runner/work/key/key/key.core/../key.ui/examples/standard_key/instanceCreation/instanceCreation1.key.proof 
12699      DEBUG main            d.u.i.k.p.i.AbstractProblemLoader Environment load took 3.96ms 
12710      INFO  main            d.u.i.k.p.i.AbstractProblemLoader Creating init config 
16371      DEBUG main            d.u.i.k.p.i.AbstractProblemLoader Init config took 3.66s 
16407      INFO  main            d.u.i.k.p.i.AbstractProblemLoader Replaying proof instanceCreation1.key.proof 
16540      DEBUG main            d.u.i.k.p.i.IntermediateProofReplayer Proof replay took 123.31ms 
16558      DEBUG main            d.u.i.k.p.r.p.TestFile    ... success: reloaded. 
16560      INFO  main            d.u.i.k.p.r.p.TestFile    Now processing file /home/runner/work/key/key/key.core/../key.ui/examples/standard_key/instanceCreation/instanceCreation2.key 
16565      INFO  main            d.u.i.k.p.i.AbstractProblemLoader Loading environment from /home/runner/work/key/key/key.core/../key.ui/examples/standard_key/instanceCreation/instanceCreation2.key 
16565      DEBUG main            d.u.i.k.p.i.AbstractProblemLoader Environment load took 441.8ns 
16568      INFO  main            d.u.i.k.p.i.AbstractProblemLoader Creating init config 
20207      DEBUG main            d.u.i.k.p.i.AbstractProblemLoader Init config took 3.64s 
20244      INFO  main            d.u.i.k.p.i.AbstractProblemLoader Replaying proof instanceCreation2.key 
20273      DEBUG main            d.u.i.k.p.i.IntermediateProofReplayer Proof replay took 8.7ns 
21188      INFO  main            d.u.i.k.p.r.p.TestFile    ... finished proof: closed. 
21408      INFO  main            d.u.i.k.p.i.AbstractProblemLoader Loading environment from /home/runner/work/key/key/key.core/../key.ui/examples/standard_key/instanceCreation/instanceCreation2.key.proof 
21412      DEBUG main            d.u.i.k.p.i.AbstractProblemLoader Environment load took 3.66ms 
21416      INFO  main            d.u.i.k.p.i.AbstractProblemLoader Creating init config 
24751      DEBUG main            d.u.i.k.p.i.AbstractProblemLoader Init config took 3.33s 
24781      INFO  main            d.u.i.k.p.i.AbstractProblemLoader Replaying proof instanceCreation2.key.proof 
24909      DEBUG main            d.u.i.k.p.i.IntermediateProofReplayer Proof replay took 120.81ms 
24911      DEBUG main            d.u.i.k.p.r.p.TestFile    ... success: reloaded. 
24913      INFO  main            d.u.i.k.p.r.p.TestFile    Now processing file /home/runner/work/key/key/key.core/../key.ui/examples/standard_key/instanceCreation/interfacesAndAbstractClassesHaveNoInstances.key 
24913      INFO  main            d.u.i.k.p.i.AbstractProblemLoader Loading environment from /home/runner/work/key/key/key.core/../key.ui/examples/standard_key/instanceCreation/interfacesAndAbstractClassesHaveNoInstances.key 
24913      DEBUG main            d.u.i.k.p.i.AbstractProblemLoader Environment load took 255.9ns 
24915      INFO  main            d.u.i.k.p.i.AbstractProblemLoader Creating init config 
28348      DEBUG main            d.u.i.k.p.i.AbstractProblemLoader Init config took 3.43s 
28376      INFO  main            d.u.i.k.p.i.AbstractProblemLoader Replaying proof interfacesAndAbstractClassesHaveNoInstances.key 
28378      DEBUG main            d.u.i.k.p.i.IntermediateProofReplayer Proof replay took 8ns 
28482      INFO  main            d.u.i.k.p.r.p.TestFile    ... finished proof: closed. 
28670      INFO  main            d.u.i.k.p.i.AbstractProblemLoader Loading environment from /home/runner/work/key/key/key.core/../key.ui/examples/standard_key/instanceCreation/interfacesAndAbstractClassesHaveNoInstances.key.proof 
28670      DEBUG main            d.u.i.k.p.i.AbstractProblemLoader Environment load took 165.4ns 
28673      INFO  main            d.u.i.k.p.i.AbstractProblemLoader Creating init config 
31915      DEBUG main            d.u.i.k.p.i.AbstractProblemLoader Init config took 3.24s 
31944      INFO  main            d.u.i.k.p.i.AbstractProblemLoader Replaying proof interfacesAndAbstractClassesHaveNoInstances.key.proof 
31953      DEBUG main            d.u.i.k.p.i.IntermediateProofReplayer Proof replay took 3.4ms 
31954      DEBUG main            d.u.i.k.p.r.p.TestFile    ... success: reloaded. 
31958      INFO  main            d.u.i.k.p.r.p.TestFile    Now processing file /home/runner/work/key/key/key.core/../key.ui/examples/standard_key/instanceCreation/successiveCreatedObjectsAreDistinct.key 
31959      INFO  main            d.u.i.k.p.i.AbstractProblemLoader Loading environment from /home/runner/work/key/key/key.core/../key.ui/examples/standard_key/instanceCreation/successiveCreatedObjectsAreDistinct.key 
31959      DEBUG main            d.u.i.k.p.i.AbstractProblemLoader Environment load took 137.6ns 
31960      INFO  main            d.u.i.k.p.i.AbstractProblemLoader Creating init config 
35238      DEBUG main            d.u.i.k.p.i.AbstractProblemLoader Init config took 3.28s 
35264      INFO  main            d.u.i.k.p.i.AbstractProblemLoader Replaying proof successiveCreatedObjectsAreDistinct.key 
35267      DEBUG main            d.u.i.k.p.i.IntermediateProofReplayer Proof replay took 8.5ns 
35674      INFO  main            d.u.i.k.p.r.p.TestFile    ... finished proof: closed. 
35977      INFO  main            d.u.i.k.p.i.AbstractProblemLoader Loading environment from /home/runner/work/key/key/key.core/../key.ui/examples/standard_key/instanceCreation/successiveCreatedObjectsAreDistinct.key.proof 
35978      DEBUG main            d.u.i.k.p.i.AbstractProblemLoader Environment load took 603.8ns 
35980      INFO  main            d.u.i.k.p.i.AbstractProblemLoader Creating init config 
39315      DEBUG main            d.u.i.k.p.i.AbstractProblemLoader Init config took 3.33s 
39341      INFO  main            d.u.i.k.p.i.AbstractProblemLoader Replaying proof successiveCreatedObjectsAreDistinct.key.proof 
39415      DEBUG main            d.u.i.k.p.i.IntermediateProofReplayer Proof replay took 68.86ms 
39417      DEBUG main            d.u.i.k.p.r.p.TestFile    ... success: reloaded. 
39418      INFO  main            d.u.i.k.p.r.p.TestFile    Now processing file /home/runner/work/key/key/key.core/../key.ui/examples/standard_key/instanceCreation/testOverloadingConstructors.key 
39418      INFO  main            d.u.i.k.p.i.AbstractProblemLoader Loading environment from /home/runner/work/key/key/key.core/../key.ui/examples/standard_key/instanceCreation/testOverloadingConstructors.key 
39419      DEBUG main            d.u.i.k.p.i.AbstractProblemLoader Environment load took 257ns 
39420      INFO  main            d.u.i.k.p.i.AbstractProblemLoader Creating init config 
42717      DEBUG main            d.u.i.k.p.i.AbstractProblemLoader Init config took 3.3s 
42744      INFO  main            d.u.i.k.p.i.AbstractProblemLoader Replaying proof testOverloadingConstructors.key 
42746      DEBUG main            d.u.i.k.p.i.IntermediateProofReplayer Proof replay took 8.7ns 
43154      INFO  main            d.u.i.k.p.r.p.TestFile    ... finished proof: closed. 
43369      INFO  main            d.u.i.k.p.i.AbstractProblemLoader Loading environment from /home/runner/work/key/key/key.core/../key.ui/examples/standard_key/instanceCreation/testOverloadingConstructors.key.proof 
43371      DEBUG main            d.u.i.k.p.i.AbstractProblemLoader Environment load took 1.56ms 
43373      INFO  main            d.u.i.k.p.i.AbstractProblemLoader Creating init config 
46634      DEBUG main            d.u.i.k.p.i.AbstractProblemLoader Init config took 3.26s 
46657      INFO  main            d.u.i.k.p.i.AbstractProblemLoader Replaying proof testOverloadingConstructors.key.proof 
46733      DEBUG main            d.u.i.k.p.i.IntermediateProofReplayer Proof replay took 71.35ms 
46735      DEBUG main            d.u.i.k.p.r.p.TestFile    ... success: reloaded. 
46736      INFO  main            d.u.i.k.p.r.p.TestFile    Now processing file /home/runner/work/key/key/key.core/../key.ui/examples/standard_key/java_dl/SimpleAttributes.key 
46736      INFO  main            d.u.i.k.p.i.AbstractProblemLoader Loading environment from /home/runner/work/key/key/key.core/../key.ui/examples/standard_key/java_dl/SimpleAttributes.key 
46736      DEBUG main            d.u.i.k.p.i.AbstractProblemLoader Environment load took 126.8ns 
46738      INFO  main            d.u.i.k.p.i.AbstractProblemLoader Creating init config 
50067      DEBUG main            d.u.i.k.p.i.AbstractProblemLoader Init config took 3.33s 
50094      INFO  main            d.u.i.k.p.i.AbstractProblemLoader Replaying proof SimpleAttributes.key 
50097      DEBUG main            d.u.i.k.p.i.IntermediateProofReplayer Proof replay took 8.9ns 
50301      INFO  main            d.u.i.k.p.r.p.TestFile    ... finished proof: closed. 
50537      INFO  main            d.u.i.k.p.i.AbstractProblemLoader Loading environment from /home/runner/work/key/key/key.core/../key.ui/examples/standard_key/java_dl/SimpleAttributes.key.proof 
50538      DEBUG main            d.u.i.k.p.i.AbstractProblemLoader Environment load took 733.21ns 
50540      INFO  main            d.u.i.k.p.i.AbstractProblemLoader Creating init config 
53755      DEBUG main            d.u.i.k.p.i.AbstractProblemLoader Init config took 3.21s 
53781      INFO  main            d.u.i.k.p.i.AbstractProblemLoader Replaying proof SimpleAttributes.key.proof 
53828      DEBUG main            d.u.i.k.p.i.IntermediateProofReplayer Proof replay took 30.13ms 
53829      DEBUG main            d.u.i.k.p.r.p.TestFile    ... success: reloaded. 
53830      INFO  main            d.u.i.k.p.r.p.TestFile    Now processing file /home/runner/work/key/key/key.core/../key.ui/examples/standard_key/java_dl/arrayMax.key 
53831      INFO  main            d.u.i.k.p.i.AbstractProblemLoader Loading environment from /home/runner/work/key/key/key.core/../key.ui/examples/standard_key/java_dl/arrayMax.key 
53831      DEBUG main            d.u.i.k.p.i.AbstractProblemLoader Environment load took 250.2ns 
53834      INFO  main            d.u.i.k.p.i.AbstractProblemLoader Creating init config 
57169      DEBUG main            d.u.i.k.p.i.AbstractProblemLoader Init config took 3.34s 
57190      INFO  main            d.u.i.k.p.i.AbstractProblemLoader Replaying proof arrayMax.key 
57193      DEBUG main            d.u.i.k.p.i.IntermediateProofReplayer Proof replay took 8.4ns 
59301      INFO  main            d.u.i.k.p.r.p.TestFile    ... finished proof: closed. 
59597      INFO  main            d.u.i.k.p.i.AbstractProblemLoader Loading environment from /home/runner/work/key/key/key.core/../key.ui/examples/standard_key/java_dl/arrayMax.key.proof 
59597      DEBUG main            d.u.i.k.p.i.AbstractProblemLoader Environment load took 534ns 
59602      INFO  main            d.u.i.k.p.i.AbstractProblemLoader Creating init config 
62834      DEBUG main            d.u.i.k.p.i.AbstractProblemLoader Init config took 3.23s 
62854      INFO  main            d.u.i.k.p.i.AbstractProblemLoader Replaying proof arrayMax.key.proof 
63119      DEBUG main            d.u.i.k.p.i.IntermediateProofReplayer Proof replay took 253.69ms 
63121      DEBUG main            d.u.i.k.p.r.p.TestFile    ... success: reloaded. 
63122      INFO  main            d.u.i.k.p.r.p.TestFile    Now processing file /home/runner/work/key/key/key.core/../key.ui/examples/standard_key/java_dl/arrayUpdateSimp.key 
63123      INFO  main            d.u.i.k.p.i.AbstractProblemLoader Loading environment from /home/runner/work/key/key/key.core/../key.ui/examples/standard_key/java_dl/arrayUpdateSimp.key 
63123      DEBUG main            d.u.i.k.p.i.AbstractProblemLoader Environment load took 230ns 
63126      INFO  main            d.u.i.k.p.i.AbstractProblemLoader Creating init config 
63159      WARN  main            d.u.i.k.j.r.KeYCrossReferenceNameInfo Datatype java.io.PrintStream declared twice: Once in FILE:/home/runner/work/key/key/key.core/../key.ui/examples/standard_key/java_dl/./classpath/PrintStream.java and once in URL:file:/home/runner/work/key/key/key.core/build/resources/main/de/uka/ilkd/key/java/JavaRedux/java/io/PrintStream.java, Keeping one from URL:file:/home/runner/work/key/key/key.core/build/resources/main/de/uka/ilkd/key/java/JavaRedux/java/io/PrintStream.java 
63160      WARN  main            d.u.i.k.j.r.KeYCrossReferenceNameInfo Datatype java.lang.System declared twice: Once in FILE:/home/runner/work/key/key/key.core/../key.ui/examples/standard_key/java_dl/./classpath/System.java and once in URL:file:/home/runner/work/key/key/key.core/build/resources/main/de/uka/ilkd/key/java/JavaRedux/java/lang/System.java, Keeping one from URL:file:/home/runner/work/key/key/key.core/build/resources/main/de/uka/ilkd/key/java/JavaRedux/java/lang/System.java 
63160      WARN  main            d.u.i.k.j.r.KeYCrossReferenceNameInfo Datatype java.io.InputStream declared twice: Once in FILE:/home/runner/work/key/key/key.core/../key.ui/examples/standard_key/java_dl/./classpath/InputStream.java and once in URL:file:/home/runner/work/key/key/key.core/build/resources/main/de/uka/ilkd/key/java/JavaRedux/java/io/InputStream.java, Keeping one from URL:file:/home/runner/work/key/key/key.core/build/resources/main/de/uka/ilkd/key/java/JavaRedux/java/io/InputStream.java 
63167      DEBUG main            d.u.i.k.j.r.ClassFileDeclarationBuilder Parsing: package java.io; public class Closeable { } 
63168      DEBUG main            r.s.KeYCrossReferenceSourceInfo Dynamically created class: java.io.Closeable 
66393      DEBUG main            d.u.i.k.p.i.AbstractProblemLoader Init config took 3.27s 
66413      INFO  main            d.u.i.k.p.i.AbstractProblemLoader Replaying proof arrayUpdateSimp.key 
66415      DEBUG main            d.u.i.k.p.i.IntermediateProofReplayer Proof replay took 8.7ns 
66521      INFO  main            d.u.i.k.p.r.p.TestFile    ... finished proof: closed. 
66810      INFO  main            d.u.i.k.p.i.AbstractProblemLoader Loading environment from /home/runner/work/key/key/key.core/../key.ui/examples/standard_key/java_dl/arrayUpdateSimp.key.proof 
66810      DEBUG main            d.u.i.k.p.i.AbstractProblemLoader Environment load took 142.9ns 
66817      INFO  main            d.u.i.k.p.i.AbstractProblemLoader Creating init config 
66850      WARN  main            d.u.i.k.j.r.KeYCrossReferenceNameInfo Datatype java.io.PrintStream declared twice: Once in FILE:/home/runner/work/key/key/key.core/../key.ui/examples/standard_key/java_dl/classpath/PrintStream.java and once in URL:file:/home/runner/work/key/key/key.core/build/resources/main/de/uka/ilkd/key/java/JavaRedux/java/io/PrintStream.java, Keeping one from URL:file:/home/runner/work/key/key/key.core/build/resources/main/de/uka/ilkd/key/java/JavaRedux/java/io/PrintStream.java 
66851      WARN  main            d.u.i.k.j.r.KeYCrossReferenceNameInfo Datatype java.lang.System declared twice: Once in FILE:/home/runner/work/key/key/key.core/../key.ui/examples/standard_key/java_dl/classpath/System.java and once in URL:file:/home/runner/work/key/key/key.core/build/resources/main/de/uka/ilkd/key/java/JavaRedux/java/lang/System.java, Keeping one from URL:file:/home/runner/work/key/key/key.core/build/resources/main/de/uka/ilkd/key/java/JavaRedux/java/lang/System.java 
66851      WARN  main            d.u.i.k.j.r.KeYCrossReferenceNameInfo Datatype java.io.InputStream declared twice: Once in FILE:/home/runner/work/key/key/key.core/../key.ui/examples/standard_key/java_dl/classpath/InputStream.java and once in URL:file:/home/runner/work/key/key/key.core/build/resources/main/de/uka/ilkd/key/java/JavaRedux/java/io/InputStream.java, Keeping one from URL:file:/home/runner/work/key/key/key.core/build/resources/main/de/uka/ilkd/key/java/JavaRedux/java/io/InputStream.java 
66855      DEBUG main            d.u.i.k.j.r.ClassFileDeclarationBuilder Parsing: package java.io; public class Closeable { } 
66856      DEBUG main            r.s.KeYCrossReferenceSourceInfo Dynamically created class: java.io.Closeable 
69886      DEBUG main            d.u.i.k.p.i.AbstractProblemLoader Init config took 3.07s 
69906      INFO  main            d.u.i.k.p.i.AbstractProblemLoader Replaying proof arrayUpdateSimp.key.proof 
69909      DEBUG main            d.u.i.k.p.i.IntermediateProofReplayer Proof replay took 938.71ns 
69911      DEBUG main            d.u.i.k.p.r.p.TestFile    ... success: reloaded. 
69913      INFO  main            d.u.i.k.p.r.p.TestFile    Now processing file /home/runner/work/key/key/key.core/../key.ui/examples/standard_key/java_dl/attributes.key 
69913      INFO  main            d.u.i.k.p.i.AbstractProblemLoader Loading environment from /home/runner/work/key/key/key.core/../key.ui/examples/standard_key/java_dl/attributes.key 
69913      DEBUG main            d.u.i.k.p.i.AbstractProblemLoader Environment load took 229.6ns 
69915      INFO  main            d.u.i.k.p.i.AbstractProblemLoader Creating init config 
73150      DEBUG main            d.u.i.k.p.i.AbstractProblemLoader Init config took 3.23s 
73170      INFO  main            d.u.i.k.p.i.AbstractProblemLoader Replaying proof attributes.key 
73173      DEBUG main            d.u.i.k.p.i.IntermediateProofReplayer Proof replay took 35.8ns 
73376      INFO  main            d.u.i.k.p.r.p.TestFile    ... finished proof: closed. 
73622      INFO  main            d.u.i.k.p.i.AbstractProblemLoader Loading environment from /home/runner/work/key/key/key.core/../key.ui/examples/standard_key/java_dl/attributes.key.proof 
73622      DEBUG main            d.u.i.k.p.i.AbstractProblemLoader Environment load took 128.4ns 
73623      INFO  main            d.u.i.k.p.i.AbstractProblemLoader Creating init config 
76780      DEBUG main            d.u.i.k.p.i.AbstractProblemLoader Init config took 3.16s 
76801      INFO  main            d.u.i.k.p.i.AbstractProblemLoader Replaying proof attributes.key.proof 
76858      DEBUG main            d.u.i.k.p.i.IntermediateProofReplayer Proof replay took 52.25ms 
76860      DEBUG main            d.u.i.k.p.r.p.TestFile    ... success: reloaded. 
76863      INFO  main            d.u.i.k.p.r.p.TestFile    Now processing file /home/runner/work/key/key/key.core/../key.ui/examples/standard_key/java_dl/break.key 
76863      INFO  main            d.u.i.k.p.i.AbstractProblemLoader Loading environment from /home/runner/work/key/key/key.core/../key.ui/examples/standard_key/java_dl/break.key 
76863      DEBUG main            d.u.i.k.p.i.AbstractProblemLoader Environment load took 282.3ns 
76865      INFO  main            d.u.i.k.p.i.AbstractProblemLoader Creating init config 
76898      WARN  main            d.u.i.k.j.r.KeYCrossReferenceNameInfo Datatype java.io.PrintStream declared twice: Once in FILE:/home/runner/work/key/key/key.core/../key.ui/examples/standard_key/java_dl/classpath/PrintStream.java and once in URL:file:/home/runner/work/key/key/key.core/build/resources/main/de/uka/ilkd/key/java/JavaRedux/java/io/PrintStream.java, Keeping one from URL:file:/home/runner/work/key/key/key.core/build/resources/main/de/uka/ilkd/key/java/JavaRedux/java/io/PrintStream.java 
76904      WARN  main            d.u.i.k.j.r.KeYCrossReferenceNameInfo Datatype java.lang.System declared twice: Once in FILE:/home/runner/work/key/key/key.core/../key.ui/examples/standard_key/java_dl/classpath/System.java and once in URL:file:/home/runner/work/key/key/key.core/build/resources/main/de/uka/ilkd/key/java/JavaRedux/java/lang/System.java, Keeping one from URL:file:/home/runner/work/key/key/key.core/build/resources/main/de/uka/ilkd/key/java/JavaRedux/java/lang/System.java 
76907      WARN  main            d.u.i.k.j.r.KeYCrossReferenceNameInfo Datatype java.io.InputStream declared twice: Once in FILE:/home/runner/work/key/key/key.core/../key.ui/examples/standard_key/java_dl/classpath/InputStream.java and once in URL:file:/home/runner/work/key/key/key.core/build/resources/main/de/uka/ilkd/key/java/JavaRedux/java/io/InputStream.java, Keeping one from URL:file:/home/runner/work/key/key/key.core/build/resources/main/de/uka/ilkd/key/java/JavaRedux/java/io/InputStream.java 
76914      DEBUG main            d.u.i.k.j.r.ClassFileDeclarationBuilder Parsing: package java.io; public class Closeable { } 
76915      DEBUG main            r.s.KeYCrossReferenceSourceInfo Dynamically created class: java.io.Closeable 
80064      DEBUG main            d.u.i.k.p.i.AbstractProblemLoader Init config took 3.2s 
80083      INFO  main            d.u.i.k.p.i.AbstractProblemLoader Replaying proof break.key 
80085      DEBUG main            d.u.i.k.p.i.IntermediateProofReplayer Proof replay took 9.5ns 
80189      INFO  main            d.u.i.k.p.r.p.TestFile    ... finished proof: closed. 
80436      INFO  main            d.u.i.k.p.i.AbstractProblemLoader Loading environment from /home/runner/work/key/key/key.core/../key.ui/examples/standard_key/java_dl/break.key.proof 
80437      DEBUG main            d.u.i.k.p.i.AbstractProblemLoader Environment load took 1.06ms 
80438      INFO  main            d.u.i.k.p.i.AbstractProblemLoader Creating init config 
80470      WARN  main            d.u.i.k.j.r.KeYCrossReferenceNameInfo Datatype java.io.PrintStream declared twice: Once in FILE:/home/runner/work/key/key/key.core/../key.ui/examples/standard_key/java_dl/classpath/PrintStream.java and once in URL:file:/home/runner/work/key/key/key.core/build/resources/main/de/uka/ilkd/key/java/JavaRedux/java/io/PrintStream.java, Keeping one from URL:file:/home/runner/work/key/key/key.core/build/resources/main/de/uka/ilkd/key/java/JavaRedux/java/io/PrintStream.java 
80471      WARN  main            d.u.i.k.j.r.KeYCrossReferenceNameInfo Datatype java.lang.System declared twice: Once in FILE:/home/runner/work/key/key/key.core/../key.ui/examples/standard_key/java_dl/classpath/System.java and once in URL:file:/home/runner/work/key/key/key.core/build/resources/main/de/uka/ilkd/key/java/JavaRedux/java/lang/System.java, Keeping one from URL:file:/home/runner/work/key/key/key.core/build/resources/main/de/uka/ilkd/key/java/JavaRedux/java/lang/System.java 
80471      WARN  main            d.u.i.k.j.r.KeYCrossReferenceNameInfo Datatype java.io.InputStream declared twice: Once in FILE:/home/runner/work/key/key/key.core/../key.ui/examples/standard_key/java_dl/classpath/InputStream.java and once in URL:file:/home/runner/work/key/key/key.core/build/resources/main/de/uka/ilkd/key/java/JavaRedux/java/io/InputStream.java, Keeping one from URL:file:/home/runner/work/key/key/key.core/build/resources/main/de/uka/ilkd/key/java/JavaRedux/java/io/InputStream.java 
80475      DEBUG main            d.u.i.k.j.r.ClassFileDeclarationBuilder Parsing: package java.io; public class Closeable { } 
80475      DEBUG main            r.s.KeYCrossReferenceSourceInfo Dynamically created class: java.io.Closeable 
83627      DEBUG main            d.u.i.k.p.i.AbstractProblemLoader Init config took 3.19s 
83645      INFO  main            d.u.i.k.p.i.AbstractProblemLoader Replaying proof break.key.proof 
83658      DEBUG main            d.u.i.k.p.i.IntermediateProofReplayer Proof replay took 11.15ms 
83660      DEBUG main            d.u.i.k.p.r.p.TestFile    ... success: reloaded. 
83661      INFO  main            d.u.i.k.p.r.p.TestFile    Now processing file /home/runner/work/key/key/key.core/../key.ui/examples/standard_key/java_dl/char.key 
83661      INFO  main            d.u.i.k.p.i.AbstractProblemLoader Loading environment from /home/runner/work/key/key/key.core/../key.ui/examples/standard_key/java_dl/char.key 
83662      DEBUG main            d.u.i.k.p.i.AbstractProblemLoader Environment load took 110.2ns 
83663      INFO  main            d.u.i.k.p.i.AbstractProblemLoader Creating init config 
86781      DEBUG main            d.u.i.k.p.i.AbstractProblemLoader Init config took 3.12s 
86805      INFO  main            d.u.i.k.p.i.AbstractProblemLoader Replaying proof char.key 
86807      DEBUG main            d.u.i.k.p.i.IntermediateProofReplayer Proof replay took 10.9ns 
86912      INFO  main            d.u.i.k.p.r.p.TestFile    ... finished proof: closed. 
87221      INFO  main            d.u.i.k.p.i.AbstractProblemLoader Loading environment from /home/runner/work/key/key/key.core/../key.ui/examples/standard_key/java_dl/char.key.proof 
87221      DEBUG main            d.u.i.k.p.i.AbstractProblemLoader Environment load took 133.2ns 
87224      INFO  main            d.u.i.k.p.i.AbstractProblemLoader Creating init config 
90312      DEBUG main            d.u.i.k.p.i.AbstractProblemLoader Init config took 3.09s 
90331      INFO  main            d.u.i.k.p.i.AbstractProblemLoader Replaying proof char.key.proof 
90346      DEBUG main            d.u.i.k.p.i.IntermediateProofReplayer Proof replay took 9.38ms 
90347      DEBUG main            d.u.i.k.p.r.p.TestFile    ... success: reloaded. 
90348      INFO  main            d.u.i.k.p.r.p.TestFile    Now processing file /home/runner/work/key/key/key.core/../key.ui/examples/standard_key/java_dl/compileTimeConstants.key 
90349      INFO  main            d.u.i.k.p.i.AbstractProblemLoader Loading environment from /home/runner/work/key/key/key.core/../key.ui/examples/standard_key/java_dl/compileTimeConstants.key 
90349      DEBUG main            d.u.i.k.p.i.AbstractProblemLoader Environment load took 246.8ns 
90351      INFO  main            d.u.i.k.p.i.AbstractProblemLoader Creating init config 
93533      DEBUG main            d.u.i.k.p.i.AbstractProblemLoader Init config took 3.18s 
93549      INFO  main            d.u.i.k.p.i.AbstractProblemLoader Replaying proof compileTimeConstants.key 
93551      DEBUG main            d.u.i.k.p.i.IntermediateProofReplayer Proof replay took 8.4ns 
93654      INFO  main            d.u.i.k.p.r.p.TestFile    ... finished proof: closed. 
93917      INFO  main            d.u.i.k.p.i.AbstractProblemLoader Loading environment from /home/runner/work/key/key/key.core/../key.ui/examples/standard_key/java_dl/compileTimeConstants.key.proof 
93917      DEBUG main            d.u.i.k.p.i.AbstractProblemLoader Environment load took 195ns 
93919      INFO  main            d.u.i.k.p.i.AbstractProblemLoader Creating init config 
96941      DEBUG main            d.u.i.k.p.i.AbstractProblemLoader Init config took 3.02s 
96958      INFO  main            d.u.i.k.p.i.AbstractProblemLoader Replaying proof compileTimeConstants.key.proof 
96975      DEBUG main            d.u.i.k.p.i.IntermediateProofReplayer Proof replay took 14.06ms 
96987      DEBUG main            d.u.i.k.p.r.p.TestFile    ... success: reloaded. 
96989      INFO  main            d.u.i.k.p.r.p.TestFile    Now processing file /home/runner/work/key/key/key.core/../key.ui/examples/standard_key/java_dl/constructorException/test.key 
96989      INFO  main            d.u.i.k.p.i.AbstractProblemLoader Loading environment from /home/runner/work/key/key/key.core/../key.ui/examples/standard_key/java_dl/constructorException/test.key 
96990      DEBUG main            d.u.i.k.p.i.AbstractProblemLoader Environment load took 228.3ns 
96991      INFO  main            d.u.i.k.p.i.AbstractProblemLoader Creating init config 
100217     DEBUG main            d.u.i.k.p.i.AbstractProblemLoader Init config took 3.23s 
100310     INFO  main            d.u.i.k.p.i.AbstractProblemLoader Replaying proof Test[Test::Test(int)].JML operation contract.0 
100312     DEBUG main            d.u.i.k.p.i.IntermediateProofReplayer Proof replay took 8.5ns 
100616     INFO  main            d.u.i.k.p.r.p.TestFile    ... finished proof: closed. 
100893     INFO  main            d.u.i.k.p.i.AbstractProblemLoader Loading environment from /home/runner/work/key/key/key.core/../key.ui/examples/standard_key/java_dl/constructorException/test.key.proof 
100895     DEBUG main            d.u.i.k.p.i.AbstractProblemLoader Environment load took 2.21ms 
100896     INFO  main            d.u.i.k.p.i.AbstractProblemLoader Creating init config 
104072     DEBUG main            d.u.i.k.p.i.AbstractProblemLoader Init config took 3.18s 
104131     INFO  main            d.u.i.k.p.i.AbstractProblemLoader Replaying proof Test[Test::Test(int)].JML operation contract.0 
104198     DEBUG main            d.u.i.k.p.i.IntermediateProofReplayer Proof replay took 63.8ms 
104200     DEBUG main            d.u.i.k.p.r.p.TestFile    ... success: reloaded. 
104201     INFO  main            d.u.i.k.p.r.p.TestFile    Now processing file /home/runner/work/key/key/key.core/../key.ui/examples/standard_key/java_dl/constructorException/regressionTestBug1333.key 
104201     INFO  main            d.u.i.k.p.i.AbstractProblemLoader Loading environment from /home/runner/work/key/key/key.core/../key.ui/examples/standard_key/java_dl/constructorException/regressionTestBug1333.key 
104201     DEBUG main            d.u.i.k.p.i.AbstractProblemLoader Environment load took 217.7ns 
104203     INFO  main            d.u.i.k.p.i.AbstractProblemLoader Creating init config 
107336     DEBUG main            d.u.i.k.p.i.AbstractProblemLoader Init config took 3.13s 
107392     INFO  main            d.u.i.k.p.i.AbstractProblemLoader Replaying proof False[False::False()].JML normal_behavior operation contract.0 
107396     DEBUG main            d.u.i.k.p.i.IntermediateProofReplayer Proof replay took 8.1ns 
107502     INFO  main            d.u.i.k.p.r.p.TestFile    ... finished proof: open goal(s) 
107784     INFO  main            d.u.i.k.p.r.p.TestFile    Now processing file /home/runner/work/key/key/key.core/../key.ui/examples/standard_key/java_dl/continue1.key 
107786     INFO  main            d.u.i.k.p.i.AbstractProblemLoader Loading environment from /home/runner/work/key/key/key.core/../key.ui/examples/standard_key/java_dl/continue1.key 
107786     DEBUG main            d.u.i.k.p.i.AbstractProblemLoader Environment load took 1.19ms 
107787     INFO  main            d.u.i.k.p.i.AbstractProblemLoader Creating init config 
107817     WARN  main            d.u.i.k.j.r.KeYCrossReferenceNameInfo Datatype java.io.PrintStream declared twice: Once in FILE:/home/runner/work/key/key/key.core/../key.ui/examples/standard_key/java_dl/classpath/PrintStream.java and once in URL:file:/home/runner/work/key/key/key.core/build/resources/main/de/uka/ilkd/key/java/JavaRedux/java/io/PrintStream.java, Keeping one from URL:file:/home/runner/work/key/key/key.core/build/resources/main/de/uka/ilkd/key/java/JavaRedux/java/io/PrintStream.java 
107818     WARN  main            d.u.i.k.j.r.KeYCrossReferenceNameInfo Datatype java.lang.System declared twice: Once in FILE:/home/runner/work/key/key/key.core/../key.ui/examples/standard_key/java_dl/classpath/System.java and once in URL:file:/home/runner/work/key/key/key.core/build/resources/main/de/uka/ilkd/key/java/JavaRedux/java/lang/System.java, Keeping one from URL:file:/home/runner/work/key/key/key.core/build/resources/main/de/uka/ilkd/key/java/JavaRedux/java/lang/System.java 
107818     WARN  main            d.u.i.k.j.r.KeYCrossReferenceNameInfo Datatype java.io.InputStream declared twice: Once in FILE:/home/runner/work/key/key/key.core/../key.ui/examples/standard_key/java_dl/classpath/InputStream.java and once in URL:file:/home/runner/work/key/key/key.core/build/resources/main/de/uka/ilkd/key/java/JavaRedux/java/io/InputStream.java, Keeping one from URL:file:/home/runner/work/key/key/key.core/build/resources/main/de/uka/ilkd/key/java/JavaRedux/java/io/InputStream.java 
107822     DEBUG main            d.u.i.k.j.r.ClassFileDeclarationBuilder Parsing: package java.io; public class Closeable { } 
107822     DEBUG main            r.s.KeYCrossReferenceSourceInfo Dynamically created class: java.io.Closeable 
110837     DEBUG main            d.u.i.k.p.i.AbstractProblemLoader Init config took 3.05s 
110853     INFO  main            d.u.i.k.p.i.AbstractProblemLoader Replaying proof continue1.key 
110856     DEBUG main            d.u.i.k.p.i.IntermediateProofReplayer Proof replay took 8.1ns 
110960     INFO  main            d.u.i.k.p.r.p.TestFile    ... finished proof: closed. 
111221     INFO  main            d.u.i.k.p.i.AbstractProblemLoader Loading environment from /home/runner/work/key/key/key.core/../key.ui/examples/standard_key/java_dl/continue1.key.proof 
111221     DEBUG main            d.u.i.k.p.i.AbstractProblemLoader Environment load took 172.1ns 
111223     INFO  main            d.u.i.k.p.i.AbstractProblemLoader Creating init config 
111283     WARN  main            d.u.i.k.j.r.KeYCrossReferenceNameInfo Datatype java.io.PrintStream declared twice: Once in FILE:/home/runner/work/key/key/key.core/../key.ui/examples/standard_key/java_dl/classpath/PrintStream.java and once in URL:file:/home/runner/work/key/key/key.core/build/resources/main/de/uka/ilkd/key/java/JavaRedux/java/io/PrintStream.java, Keeping one from URL:file:/home/runner/work/key/key/key.core/build/resources/main/de/uka/ilkd/key/java/JavaRedux/java/io/PrintStream.java 
111283     WARN  main            d.u.i.k.j.r.KeYCrossReferenceNameInfo Datatype java.lang.System declared twice: Once in FILE:/home/runner/work/key/key/key.core/../key.ui/examples/standard_key/java_dl/classpath/System.java and once in URL:file:/home/runner/work/key/key/key.core/build/resources/main/de/uka/ilkd/key/java/JavaRedux/java/lang/System.java, Keeping one from URL:file:/home/runner/work/key/key/key.core/build/resources/main/de/uka/ilkd/key/java/JavaRedux/java/lang/System.java 
111283     WARN  main            d.u.i.k.j.r.KeYCrossReferenceNameInfo Datatype java.io.InputStream declared twice: Once in FILE:/home/runner/work/key/key/key.core/../key.ui/examples/standard_key/java_dl/classpath/InputStream.java and once in URL:file:/home/runner/work/key/key/key.core/build/resources/main/de/uka/ilkd/key/java/JavaRedux/java/io/InputStream.java, Keeping one from URL:file:/home/runner/work/key/key/key.core/build/resources/main/de/uka/ilkd/key/java/JavaRedux/java/io/InputStream.java 
111287     DEBUG main            d.u.i.k.j.r.ClassFileDeclarationBuilder Parsing: package java.io; public class Closeable { } 
111287     DEBUG main            r.s.KeYCrossReferenceSourceInfo Dynamically created class: java.io.Closeable 
114408     DEBUG main            d.u.i.k.p.i.AbstractProblemLoader Init config took 3.19s 
114428     INFO  main            d.u.i.k.p.i.AbstractProblemLoader Replaying proof continue1.key.proof 
114459     DEBUG main            d.u.i.k.p.i.IntermediateProofReplayer Proof replay took 25.67ms 
114462     DEBUG main            d.u.i.k.p.r.p.TestFile    ... success: reloaded. 
114466     INFO  main            d.u.i.k.p.r.p.TestFile    Now processing file /home/runner/work/key/key/key.core/../key.ui/examples/standard_key/java_dl/continue2.key 
114471     INFO  main            d.u.i.k.p.i.AbstractProblemLoader Loading environment from /home/runner/work/key/key/key.core/../key.ui/examples/standard_key/java_dl/continue2.key 
114472     DEBUG main            d.u.i.k.p.i.AbstractProblemLoader Environment load took 948.21ns 
114473     INFO  main            d.u.i.k.p.i.AbstractProblemLoader Creating init config 
114505     WARN  main            d.u.i.k.j.r.KeYCrossReferenceNameInfo Datatype java.io.PrintStream declared twice: Once in FILE:/home/runner/work/key/key/key.core/../key.ui/examples/standard_key/java_dl/classpath/PrintStream.java and once in URL:file:/home/runner/work/key/key/key.core/build/resources/main/de/uka/ilkd/key/java/JavaRedux/java/io/PrintStream.java, Keeping one from URL:file:/home/runner/work/key/key/key.core/build/resources/main/de/uka/ilkd/key/java/JavaRedux/java/io/PrintStream.java 
114506     WARN  main            d.u.i.k.j.r.KeYCrossReferenceNameInfo Datatype java.lang.System declared twice: Once in FILE:/home/runner/work/key/key/key.core/../key.ui/examples/standard_key/java_dl/classpath/System.java and once in URL:file:/home/runner/work/key/key/key.core/build/resources/main/de/uka/ilkd/key/java/JavaRedux/java/lang/System.java, Keeping one from URL:file:/home/runner/work/key/key/key.core/build/resources/main/de/uka/ilkd/key/java/JavaRedux/java/lang/System.java 
114507     WARN  main            d.u.i.k.j.r.KeYCrossReferenceNameInfo Datatype java.io.InputStream declared twice: Once in FILE:/home/runner/work/key/key/key.core/../key.ui/examples/standard_key/java_dl/classpath/InputStream.java and once in URL:file:/home/runner/work/key/key/key.core/build/resources/main/de/uka/ilkd/key/java/JavaRedux/java/io/InputStream.java, Keeping one from URL:file:/home/runner/work/key/key/key.core/build/resources/main/de/uka/ilkd/key/java/JavaRedux/java/io/InputStream.java 
114512     DEBUG main            d.u.i.k.j.r.ClassFileDeclarationBuilder Parsing: package java.io; public class Closeable { } 
114512     DEBUG main            r.s.KeYCrossReferenceSourceInfo Dynamically created class: java.io.Closeable 
117625     DEBUG main            d.u.i.k.p.i.AbstractProblemLoader Init config took 3.15s 
117642     INFO  main            d.u.i.k.p.i.AbstractProblemLoader Replaying proof continue2.key 
117644     DEBUG main            d.u.i.k.p.i.IntermediateProofReplayer Proof replay took 8.4ns 
117947     INFO  main            d.u.i.k.p.r.p.TestFile    ... finished proof: closed. 
118269     INFO  main            d.u.i.k.p.i.AbstractProblemLoader Loading environment from /home/runner/work/key/key/key.core/../key.ui/examples/standard_key/java_dl/continue2.key.proof 
118270     DEBUG main            d.u.i.k.p.i.AbstractProblemLoader Environment load took 656.61ns 
118271     INFO  main            d.u.i.k.p.i.AbstractProblemLoader Creating init config 
118311     WARN  main            d.u.i.k.j.r.KeYCrossReferenceNameInfo Datatype java.io.PrintStream declared twice: Once in FILE:/home/runner/work/key/key/key.core/../key.ui/examples/standard_key/java_dl/classpath/PrintStream.java and once in URL:file:/home/runner/work/key/key/key.core/build/resources/main/de/uka/ilkd/key/java/JavaRedux/java/io/PrintStream.java, Keeping one from URL:file:/home/runner/work/key/key/key.core/build/resources/main/de/uka/ilkd/key/java/JavaRedux/java/io/PrintStream.java 
118311     WARN  main            d.u.i.k.j.r.KeYCrossReferenceNameInfo Datatype java.lang.System declared twice: Once in FILE:/home/runner/work/key/key/key.core/../key.ui/examples/standard_key/java_dl/classpath/System.java and once in URL:file:/home/runner/work/key/key/key.core/build/resources/main/de/uka/ilkd/key/java/JavaRedux/java/lang/System.java, Keeping one from URL:file:/home/runner/work/key/key/key.core/build/resources/main/de/uka/ilkd/key/java/JavaRedux/java/lang/System.java 
118311     WARN  main            d.u.i.k.j.r.KeYCrossReferenceNameInfo Datatype java.io.InputStream declared twice: Once in FILE:/home/runner/work/key/key/key.core/../key.ui/examples/standard_key/java_dl/classpath/InputStream.java and once in URL:file:/home/runner/work/key/key/key.core/build/resources/main/de/uka/ilkd/key/java/JavaRedux/java/io/InputStream.java, Keeping one from URL:file:/home/runner/work/key/key/key.core/build/resources/main/de/uka/ilkd/key/java/JavaRedux/java/io/InputStream.java 
118315     DEBUG main            d.u.i.k.j.r.ClassFileDeclarationBuilder Parsing: package java.io; public class Closeable { } 
118315     DEBUG main            r.s.KeYCrossReferenceSourceInfo Dynamically created class: java.io.Closeable 
121434     DEBUG main            d.u.i.k.p.i.AbstractProblemLoader Init config took 3.16s 
121450     INFO  main            d.u.i.k.p.i.AbstractProblemLoader Replaying proof continue2.key.proof 
121532     DEBUG main            d.u.i.k.p.i.IntermediateProofReplayer Proof replay took 77.35ms 
121533     DEBUG main            d.u.i.k.p.r.p.TestFile    ... success: reloaded. 
121535     INFO  main            d.u.i.k.p.r.p.TestFile    Now processing file /home/runner/work/key/key/key.core/../key.ui/examples/standard_key/java_dl/complexAssignment.key 
121536     INFO  main            d.u.i.k.p.i.AbstractProblemLoader Loading environment from /home/runner/work/key/key/key.core/../key.ui/examples/standard_key/java_dl/complexAssignment.key 
121536     DEBUG main            d.u.i.k.p.i.AbstractProblemLoader Environment load took 104.5ns 
121537     INFO  main            d.u.i.k.p.i.AbstractProblemLoader Creating init config 
124693     DEBUG main            d.u.i.k.p.i.AbstractProblemLoader Init config took 3.16s 
124710     INFO  main            d.u.i.k.p.i.AbstractProblemLoader Replaying proof complexAssignment.key 
124720     DEBUG main            d.u.i.k.p.i.IntermediateProofReplayer Proof replay took 8.5ns 
124824     INFO  main            d.u.i.k.p.r.p.TestFile    ... finished proof: closed. 
125105     INFO  main            d.u.i.k.p.i.AbstractProblemLoader Loading environment from /home/runner/work/key/key/key.core/../key.ui/examples/standard_key/java_dl/complexAssignment.key.proof 
125105     DEBUG main            d.u.i.k.p.i.AbstractProblemLoader Environment load took 110.4ns 
125106     INFO  main            d.u.i.k.p.i.AbstractProblemLoader Creating init config 
128075     DEBUG main            d.u.i.k.p.i.AbstractProblemLoader Init config took 2.97s 
128093     INFO  main            d.u.i.k.p.i.AbstractProblemLoader Replaying proof complexAssignment.key.proof 
128116     DEBUG main            d.u.i.k.p.i.IntermediateProofReplayer Proof replay took 17.51ms 
128119     DEBUG main            d.u.i.k.p.r.p.TestFile    ... success: reloaded. 
128120     INFO  main            d.u.i.k.p.r.p.TestFile    Now processing file /home/runner/work/key/key/key.core/../key.ui/examples/standard_key/java_dl/danglingElseSolution1.key 
128120     INFO  main            d.u.i.k.p.i.AbstractProblemLoader Loading environment from /home/runner/work/key/key/key.core/../key.ui/examples/standard_key/java_dl/danglingElseSolution1.key 
128120     DEBUG main            d.u.i.k.p.i.AbstractProblemLoader Environment load took 229.8ns 
128122     INFO  main            d.u.i.k.p.i.AbstractProblemLoader Creating init config 
131265     DEBUG main            d.u.i.k.p.i.AbstractProblemLoader Init config took 3.14s 
131282     INFO  main            d.u.i.k.p.i.AbstractProblemLoader Replaying proof danglingElseSolution1.key 
131283     DEBUG main            d.u.i.k.p.i.IntermediateProofReplayer Proof replay took 9.2ns 
131389     INFO  main            d.u.i.k.p.r.p.TestFile    ... finished proof: closed. 
131696     INFO  main            d.u.i.k.p.i.AbstractProblemLoader Loading environment from /home/runner/work/key/key/key.core/../key.ui/examples/standard_key/java_dl/danglingElseSolution1.key.proof 
131696     DEBUG main            d.u.i.k.p.i.AbstractProblemLoader Environment load took 149.4ns 
131697     INFO  main            d.u.i.k.p.i.AbstractProblemLoader Creating init config 
134677     DEBUG main            d.u.i.k.p.i.AbstractProblemLoader Init config took 2.98s 
134693     INFO  main            d.u.i.k.p.i.AbstractProblemLoader Replaying proof danglingElseSolution1.key.proof 
134706     DEBUG main            d.u.i.k.p.i.IntermediateProofReplayer Proof replay took 10.07ms 
134707     DEBUG main            d.u.i.k.p.r.p.TestFile    ... success: reloaded. 
134708     INFO  main            d.u.i.k.p.r.p.TestFile    Now processing file /home/runner/work/key/key/key.core/../key.ui/examples/standard_key/java_dl/danglingElseSolution2.key 
134709     INFO  main            d.u.i.k.p.i.AbstractProblemLoader Loading environment from /home/runner/work/key/key/key.core/../key.ui/examples/standard_key/java_dl/danglingElseSolution2.key 
134709     DEBUG main            d.u.i.k.p.i.AbstractProblemLoader Environment load took 203.6ns 
134710     INFO  main            d.u.i.k.p.i.AbstractProblemLoader Creating init config 
137799     DEBUG main            d.u.i.k.p.i.AbstractProblemLoader Init config took 3.09s 
137818     INFO  main            d.u.i.k.p.i.AbstractProblemLoader Replaying proof danglingElseSolution2.key 
137820     DEBUG main            d.u.i.k.p.i.IntermediateProofReplayer Proof replay took 13.4ns 
137925     INFO  main            d.u.i.k.p.r.p.TestFile    ... finished proof: closed. 
138237     INFO  main            d.u.i.k.p.i.AbstractProblemLoader Loading environment from /home/runner/work/key/key/key.core/../key.ui/examples/standard_key/java_dl/danglingElseSolution2.key.proof 
138238     DEBUG main            d.u.i.k.p.i.AbstractProblemLoader Environment load took 171.5ns 
138239     INFO  main            d.u.i.k.p.i.AbstractProblemLoader Creating init config 
141186     DEBUG main            d.u.i.k.p.i.AbstractProblemLoader Init config took 2.95s 
141203     INFO  main            d.u.i.k.p.i.AbstractProblemLoader Replaying proof danglingElseSolution2.key.proof 
141217     DEBUG main            d.u.i.k.p.i.IntermediateProofReplayer Proof replay took 10.41ms 
141218     DEBUG main            d.u.i.k.p.r.p.TestFile    ... success: reloaded. 
141219     INFO  main            d.u.i.k.p.r.p.TestFile    Now processing file /home/runner/work/key/key/key.core/../key.ui/examples/standard_key/java_dl/deepNonNull/deepNonNull0.key 
141219     INFO  main            d.u.i.k.p.i.AbstractProblemLoader Loading environment from /home/runner/work/key/key/key.core/../key.ui/examples/standard_key/java_dl/deepNonNull/deepNonNull0.key 
141219     DEBUG main            d.u.i.k.p.i.AbstractProblemLoader Environment load took 162.4ns 
141220     INFO  main            d.u.i.k.p.i.AbstractProblemLoader Creating init config 
144329     DEBUG main            d.u.i.k.p.i.AbstractProblemLoader Init config took 3.11s 
144379     INFO  main            d.u.i.k.p.i.AbstractProblemLoader Replaying proof Arrays[Arrays::get()].JML operation contract.0 
144380     DEBUG main            d.u.i.k.p.i.IntermediateProofReplayer Proof replay took 7.6ns 
144583     INFO  main            d.u.i.k.p.r.p.TestFile    ... finished proof: closed. 
144916     INFO  main            d.u.i.k.p.i.AbstractProblemLoader Loading environment from /home/runner/work/key/key/key.core/../key.ui/examples/standard_key/java_dl/deepNonNull/deepNonNull0.key.proof 
144916     DEBUG main            d.u.i.k.p.i.AbstractProblemLoader Environment load took 113.4ns 
144917     INFO  main            d.u.i.k.p.i.AbstractProblemLoader Creating init config 
147976     DEBUG main            d.u.i.k.p.i.AbstractProblemLoader Init config took 3.06s 
148023     INFO  main            d.u.i.k.p.i.AbstractProblemLoader Replaying proof Arrays[Arrays::get()].JML operation contract.0 
148057     DEBUG main            d.u.i.k.p.i.IntermediateProofReplayer Proof replay took 30.17ms 
148058     DEBUG main            d.u.i.k.p.r.p.TestFile    ... success: reloaded. 
148072     INFO  main            d.u.i.k.p.r.p.TestFile    Now processing file /home/runner/work/key/key/key.core/../key.ui/examples/standard_key/java_dl/deepNonNull/deepNonNull1.key 
148073     INFO  main            d.u.i.k.p.i.AbstractProblemLoader Loading environment from /home/runner/work/key/key/key.core/../key.ui/examples/standard_key/java_dl/deepNonNull/deepNonNull1.key 
148073     DEBUG main            d.u.i.k.p.i.AbstractProblemLoader Environment load took 288.2ns 
148074     INFO  main            d.u.i.k.p.i.AbstractProblemLoader Creating init config 
151254     DEBUG main            d.u.i.k.p.i.AbstractProblemLoader Init config took 3.18s 
151301     INFO  main            d.u.i.k.p.i.AbstractProblemLoader Replaying proof Arrays[Arrays::head()].JML operation contract.0 
151302     DEBUG main            d.u.i.k.p.i.IntermediateProofReplayer Proof replay took 7.7ns 
151509     INFO  main            d.u.i.k.p.r.p.TestFile    ... finished proof: closed. 
151841     INFO  main            d.u.i.k.p.i.AbstractProblemLoader Loading environment from /home/runner/work/key/key/key.core/../key.ui/examples/standard_key/java_dl/deepNonNull/deepNonNull1.key.proof 
151841     DEBUG main            d.u.i.k.p.i.AbstractProblemLoader Environment load took 462.4ns 
151843     INFO  main            d.u.i.k.p.i.AbstractProblemLoader Creating init config 
154946     DEBUG main            d.u.i.k.p.i.AbstractProblemLoader Init config took 3.1s 
154989     INFO  main            d.u.i.k.p.i.AbstractProblemLoader Replaying proof Arrays[Arrays::head()].JML operation contract.0 
155019     DEBUG main            d.u.i.k.p.i.IntermediateProofReplayer Proof replay took 26.17ms 
155020     DEBUG main            d.u.i.k.p.r.p.TestFile    ... success: reloaded. 
155021     INFO  main            d.u.i.k.p.r.p.TestFile    Now processing file /home/runner/work/key/key/key.core/../key.ui/examples/standard_key/java_dl/deepNonNull/deepNonNull2.key 
155022     INFO  main            d.u.i.k.p.i.AbstractProblemLoader Loading environment from /home/runner/work/key/key/key.core/../key.ui/examples/standard_key/java_dl/deepNonNull/deepNonNull2.key 
155022     DEBUG main            d.u.i.k.p.i.AbstractProblemLoader Environment load took 117.7ns 
155023     INFO  main            d.u.i.k.p.i.AbstractProblemLoader Creating init config 
158188     DEBUG main            d.u.i.k.p.i.AbstractProblemLoader Init config took 3.17s 
158236     INFO  main            d.u.i.k.p.i.AbstractProblemLoader Replaying proof Arrays[Arrays::unprovable(java.lang.Object)].JML operation contract.0 
158238     DEBUG main            d.u.i.k.p.i.IntermediateProofReplayer Proof replay took 9ns 
158346     INFO  main            d.u.i.k.p.r.p.TestFile    ... finished proof: open goal(s) 
158684     INFO  main            d.u.i.k.p.r.p.TestFile    Now processing file /home/runner/work/key/key/key.core/../key.ui/examples/standard_key/java_dl/deepNonNull/deepNonNull3.key 
158684     INFO  main            d.u.i.k.p.i.AbstractProblemLoader Loading environment from /home/runner/work/key/key/key.core/../key.ui/examples/standard_key/java_dl/deepNonNull/deepNonNull3.key 
158684     DEBUG main            d.u.i.k.p.i.AbstractProblemLoader Environment load took 60.3ns 
158686     INFO  main            d.u.i.k.p.i.AbstractProblemLoader Creating init config 
161781     DEBUG main            d.u.i.k.p.i.AbstractProblemLoader Init config took 3.09s 
161826     INFO  main            d.u.i.k.p.i.AbstractProblemLoader Replaying proof Arrays[Arrays::head([[[[Ljava.lang.Object)].JML operation contract.0 
161828     DEBUG main            d.u.i.k.p.i.IntermediateProofReplayer Proof replay took 8.3ns 
163039     INFO  main            d.u.i.k.p.r.p.TestFile    ... finished proof: closed. 
163454     INFO  main            d.u.i.k.p.i.AbstractProblemLoader Loading environment from /home/runner/work/key/key/key.core/../key.ui/examples/standard_key/java_dl/deepNonNull/deepNonNull3.key.proof 
163458     DEBUG main            d.u.i.k.p.i.AbstractProblemLoader Environment load took 3.92ms 
163468     INFO  main            d.u.i.k.p.i.AbstractProblemLoader Creating init config 
166575     DEBUG main            d.u.i.k.p.i.AbstractProblemLoader Init config took 3.11s 
166621     INFO  main            d.u.i.k.p.i.AbstractProblemLoader Replaying proof Arrays[Arrays::head([[[[Ljava.lang.Object)].JML operation contract.0 
166738     DEBUG main            d.u.i.k.p.i.IntermediateProofReplayer Proof replay took 93.58ms 
166739     DEBUG main            d.u.i.k.p.r.p.TestFile    ... success: reloaded. 
166740     INFO  main            d.u.i.k.p.r.p.TestFile    Now processing file /home/runner/work/key/key/key.core/../key.ui/examples/standard_key/java_dl/exceptions.key 
166740     INFO  main            d.u.i.k.p.i.AbstractProblemLoader Loading environment from /home/runner/work/key/key/key.core/../key.ui/examples/standard_key/java_dl/exceptions.key 
166740     DEBUG main            d.u.i.k.p.i.AbstractProblemLoader Environment load took 344.8ns 
166742     INFO  main            d.u.i.k.p.i.AbstractProblemLoader Creating init config 
166771     WARN  main            d.u.i.k.j.r.KeYCrossReferenceNameInfo Datatype java.io.PrintStream declared twice: Once in FILE:/home/runner/work/key/key/key.core/../key.ui/examples/standard_key/java_dl/classpath/PrintStream.java and once in URL:file:/home/runner/work/key/key/key.core/build/resources/main/de/uka/ilkd/key/java/JavaRedux/java/io/PrintStream.java, Keeping one from URL:file:/home/runner/work/key/key/key.core/build/resources/main/de/uka/ilkd/key/java/JavaRedux/java/io/PrintStream.java 
166772     WARN  main            d.u.i.k.j.r.KeYCrossReferenceNameInfo Datatype java.lang.System declared twice: Once in FILE:/home/runner/work/key/key/key.core/../key.ui/examples/standard_key/java_dl/classpath/System.java and once in URL:file:/home/runner/work/key/key/key.core/build/resources/main/de/uka/ilkd/key/java/JavaRedux/java/lang/System.java, Keeping one from URL:file:/home/runner/work/key/key/key.core/build/resources/main/de/uka/ilkd/key/java/JavaRedux/java/lang/System.java 
166772     WARN  main            d.u.i.k.j.r.KeYCrossReferenceNameInfo Datatype java.io.InputStream declared twice: Once in FILE:/home/runner/work/key/key/key.core/../key.ui/examples/standard_key/java_dl/classpath/InputStream.java and once in URL:file:/home/runner/work/key/key/key.core/build/resources/main/de/uka/ilkd/key/java/JavaRedux/java/io/InputStream.java, Keeping one from URL:file:/home/runner/work/key/key/key.core/build/resources/main/de/uka/ilkd/key/java/JavaRedux/java/io/InputStream.java 
166775     DEBUG main            d.u.i.k.j.r.ClassFileDeclarationBuilder Parsing: package java.io; public class Closeable { } 
166776     DEBUG main            r.s.KeYCrossReferenceSourceInfo Dynamically created class: java.io.Closeable 
169842     DEBUG main            d.u.i.k.p.i.AbstractProblemLoader Init config took 3.1s 
169857     INFO  main            d.u.i.k.p.i.AbstractProblemLoader Replaying proof exceptions.key 
169859     DEBUG main            d.u.i.k.p.i.IntermediateProofReplayer Proof replay took 8.6ns 
170063     INFO  main            d.u.i.k.p.r.p.TestFile    ... finished proof: closed. 
170472     INFO  main            d.u.i.k.p.i.AbstractProblemLoader Loading environment from /home/runner/work/key/key/key.core/../key.ui/examples/standard_key/java_dl/exceptions.key.proof 
170472     DEBUG main            d.u.i.k.p.i.AbstractProblemLoader Environment load took 114.7ns 
170473     INFO  main            d.u.i.k.p.i.AbstractProblemLoader Creating init config 
170510     WARN  main            d.u.i.k.j.r.KeYCrossReferenceNameInfo Datatype java.io.PrintStream declared twice: Once in FILE:/home/runner/work/key/key/key.core/../key.ui/examples/standard_key/java_dl/classpath/PrintStream.java and once in URL:file:/home/runner/work/key/key/key.core/build/resources/main/de/uka/ilkd/key/java/JavaRedux/java/io/PrintStream.java, Keeping one from URL:file:/home/runner/work/key/key/key.core/build/resources/main/de/uka/ilkd/key/java/JavaRedux/java/io/PrintStream.java 
170510     WARN  main            d.u.i.k.j.r.KeYCrossReferenceNameInfo Datatype java.lang.System declared twice: Once in FILE:/home/runner/work/key/key/key.core/../key.ui/examples/standard_key/java_dl/classpath/System.java and once in URL:file:/home/runner/work/key/key/key.core/build/resources/main/de/uka/ilkd/key/java/JavaRedux/java/lang/System.java, Keeping one from URL:file:/home/runner/work/key/key/key.core/build/resources/main/de/uka/ilkd/key/java/JavaRedux/java/lang/System.java 
170511     WARN  main            d.u.i.k.j.r.KeYCrossReferenceNameInfo Datatype java.io.InputStream declared twice: Once in FILE:/home/runner/work/key/key/key.core/../key.ui/examples/standard_key/java_dl/classpath/InputStream.java and once in URL:file:/home/runner/work/key/key/key.core/build/resources/main/de/uka/ilkd/key/java/JavaRedux/java/io/InputStream.java, Keeping one from URL:file:/home/runner/work/key/key/key.core/build/resources/main/de/uka/ilkd/key/java/JavaRedux/java/io/InputStream.java 
170515     DEBUG main            d.u.i.k.j.r.ClassFileDeclarationBuilder Parsing: package java.io; public class Closeable { } 
170515     DEBUG main            r.s.KeYCrossReferenceSourceInfo Dynamically created class: java.io.Closeable 
173479     DEBUG main            d.u.i.k.p.i.AbstractProblemLoader Init config took 3.01s 
173496     INFO  main            d.u.i.k.p.i.AbstractProblemLoader Replaying proof exceptions.key.proof 
173544     DEBUG main            d.u.i.k.p.i.IntermediateProofReplayer Proof replay took 45.01ms 
173546     DEBUG main            d.u.i.k.p.r.p.TestFile    ... success: reloaded. 
173547     INFO  main            d.u.i.k.p.r.p.TestFile    Now processing file /home/runner/work/key/key/key.core/../key.ui/examples/standard_key/java_dl/exceptions1.key 
173547     INFO  main            d.u.i.k.p.i.AbstractProblemLoader Loading environment from /home/runner/work/key/key/key.core/../key.ui/examples/standard_key/java_dl/exceptions1.key 
173547     DEBUG main            d.u.i.k.p.i.AbstractProblemLoader Environment load took 98.1ns 
173548     INFO  main            d.u.i.k.p.i.AbstractProblemLoader Creating init config 
176644     DEBUG main            d.u.i.k.p.i.AbstractProblemLoader Init config took 3.1s 
176663     INFO  main            d.u.i.k.p.i.AbstractProblemLoader Replaying proof exceptions1.key 
176667     DEBUG main            d.u.i.k.p.i.IntermediateProofReplayer Proof replay took 10.8ns 
176870     INFO  main            d.u.i.k.p.r.p.TestFile    ... finished proof: closed. 
177260     INFO  main            d.u.i.k.p.i.AbstractProblemLoader Loading environment from /home/runner/work/key/key/key.core/../key.ui/examples/standard_key/java_dl/exceptions1.key.proof 
177260     DEBUG main            d.u.i.k.p.i.AbstractProblemLoader Environment load took 382.9ns 
177261     INFO  main            d.u.i.k.p.i.AbstractProblemLoader Creating init config 
180197     DEBUG main            d.u.i.k.p.i.AbstractProblemLoader Init config took 2.94s 
180213     INFO  main            d.u.i.k.p.i.AbstractProblemLoader Replaying proof exceptions1.key.proof 
180251     DEBUG main            d.u.i.k.p.i.IntermediateProofReplayer Proof replay took 34.58ms 
180252     DEBUG main            d.u.i.k.p.r.p.TestFile    ... success: reloaded. 
180253     INFO  main            d.u.i.k.p.r.p.TestFile    Now processing file /home/runner/work/key/key/key.core/../key.ui/examples/standard_key/java_dl/exceptions2.key 
180254     INFO  main            d.u.i.k.p.i.AbstractProblemLoader Loading environment from /home/runner/work/key/key/key.core/../key.ui/examples/standard_key/java_dl/exceptions2.key 
180254     DEBUG main            d.u.i.k.p.i.AbstractProblemLoader Environment load took 175.5ns 
180255     INFO  main            d.u.i.k.p.i.AbstractProblemLoader Creating init config 
183260     DEBUG main            d.u.i.k.p.i.AbstractProblemLoader Init config took 3s 
183279     INFO  main            d.u.i.k.p.i.AbstractProblemLoader Replaying proof exceptions2.key 
183282     DEBUG main            d.u.i.k.p.i.IntermediateProofReplayer Proof replay took 9.4ns 
183485     INFO  main            d.u.i.k.p.r.p.TestFile    ... finished proof: closed. 
183856     INFO  main            d.u.i.k.p.i.AbstractProblemLoader Loading environment from /home/runner/work/key/key/key.core/../key.ui/examples/standard_key/java_dl/exceptions2.key.proof 
183856     DEBUG main            d.u.i.k.p.i.AbstractProblemLoader Environment load took 117.7ns 
183858     INFO  main            d.u.i.k.p.i.AbstractProblemLoader Creating init config 
186777     DEBUG main            d.u.i.k.p.i.AbstractProblemLoader Init config took 2.92s 
186792     INFO  main            d.u.i.k.p.i.AbstractProblemLoader Replaying proof exceptions2.key.proof 
186849     DEBUG main            d.u.i.k.p.i.IntermediateProofReplayer Proof replay took 53.93ms 
186850     DEBUG main            d.u.i.k.p.r.p.TestFile    ... success: reloaded. 
186851     INFO  main            d.u.i.k.p.r.p.TestFile    Now processing file /home/runner/work/key/key/key.core/../key.ui/examples/standard_key/java_dl/exceptions3.key 
186852     INFO  main            d.u.i.k.p.i.AbstractProblemLoader Loading environment from /home/runner/work/key/key/key.core/../key.ui/examples/standard_key/java_dl/exceptions3.key 
186852     DEBUG main            d.u.i.k.p.i.AbstractProblemLoader Environment load took 94.2ns 
186853     INFO  main            d.u.i.k.p.i.AbstractProblemLoader Creating init config 
186881     WARN  main            d.u.i.k.j.r.KeYCrossReferenceNameInfo Datatype java.io.PrintStream declared twice: Once in FILE:/home/runner/work/key/key/key.core/../key.ui/examples/standard_key/java_dl/classpath/PrintStream.java and once in URL:file:/home/runner/work/key/key/key.core/build/resources/main/de/uka/ilkd/key/java/JavaRedux/java/io/PrintStream.java, Keeping one from URL:file:/home/runner/work/key/key/key.core/build/resources/main/de/uka/ilkd/key/java/JavaRedux/java/io/PrintStream.java 
186881     WARN  main            d.u.i.k.j.r.KeYCrossReferenceNameInfo Datatype java.lang.System declared twice: Once in FILE:/home/runner/work/key/key/key.core/../key.ui/examples/standard_key/java_dl/classpath/System.java and once in URL:file:/home/runner/work/key/key/key.core/build/resources/main/de/uka/ilkd/key/java/JavaRedux/java/lang/System.java, Keeping one from URL:file:/home/runner/work/key/key/key.core/build/resources/main/de/uka/ilkd/key/java/JavaRedux/java/lang/System.java 
186882     WARN  main            d.u.i.k.j.r.KeYCrossReferenceNameInfo Datatype java.io.InputStream declared twice: Once in FILE:/home/runner/work/key/key/key.core/../key.ui/examples/standard_key/java_dl/classpath/InputStream.java and once in URL:file:/home/runner/work/key/key/key.core/build/resources/main/de/uka/ilkd/key/java/JavaRedux/java/io/InputStream.java, Keeping one from URL:file:/home/runner/work/key/key/key.core/build/resources/main/de/uka/ilkd/key/java/JavaRedux/java/io/InputStream.java 
186885     DEBUG main            d.u.i.k.j.r.ClassFileDeclarationBuilder Parsing: package java.io; public class Closeable { } 
186885     DEBUG main            r.s.KeYCrossReferenceSourceInfo Dynamically created class: java.io.Closeable 
189868     DEBUG main            d.u.i.k.p.i.AbstractProblemLoader Init config took 3.02s 
189884     INFO  main            d.u.i.k.p.i.AbstractProblemLoader Replaying proof exceptions3.key 
189886     DEBUG main            d.u.i.k.p.i.IntermediateProofReplayer Proof replay took 9.9ns 
189989     INFO  main            d.u.i.k.p.r.p.TestFile    ... finished proof: closed. 
190349     INFO  main            d.u.i.k.p.i.AbstractProblemLoader Loading environment from /home/runner/work/key/key/key.core/../key.ui/examples/standard_key/java_dl/exceptions3.key.proof 
190349     DEBUG main            d.u.i.k.p.i.AbstractProblemLoader Environment load took 101.7ns 
190351     INFO  main            d.u.i.k.p.i.AbstractProblemLoader Creating init config 
190382     WARN  main            d.u.i.k.j.r.KeYCrossReferenceNameInfo Datatype java.io.PrintStream declared twice: Once in FILE:/home/runner/work/key/key/key.core/../key.ui/examples/standard_key/java_dl/classpath/PrintStream.java and once in URL:file:/home/runner/work/key/key/key.core/build/resources/main/de/uka/ilkd/key/java/JavaRedux/java/io/PrintStream.java, Keeping one from URL:file:/home/runner/work/key/key/key.core/build/resources/main/de/uka/ilkd/key/java/JavaRedux/java/io/PrintStream.java 
190382     WARN  main            d.u.i.k.j.r.KeYCrossReferenceNameInfo Datatype java.lang.System declared twice: Once in FILE:/home/runner/work/key/key/key.core/../key.ui/examples/standard_key/java_dl/classpath/System.java and once in URL:file:/home/runner/work/key/key/key.core/build/resources/main/de/uka/ilkd/key/java/JavaRedux/java/lang/System.java, Keeping one from URL:file:/home/runner/work/key/key/key.core/build/resources/main/de/uka/ilkd/key/java/JavaRedux/java/lang/System.java 
190382     WARN  main            d.u.i.k.j.r.KeYCrossReferenceNameInfo Datatype java.io.InputStream declared twice: Once in FILE:/home/runner/work/key/key/key.core/../key.ui/examples/standard_key/java_dl/classpath/InputStream.java and once in URL:file:/home/runner/work/key/key/key.core/build/resources/main/de/uka/ilkd/key/java/JavaRedux/java/io/InputStream.java, Keeping one from URL:file:/home/runner/work/key/key/key.core/build/resources/main/de/uka/ilkd/key/java/JavaRedux/java/io/InputStream.java 
190385     DEBUG main            d.u.i.k.j.r.ClassFileDeclarationBuilder Parsing: package java.io; public class Closeable { } 
190386     DEBUG main            r.s.KeYCrossReferenceSourceInfo Dynamically created class: java.io.Closeable 
193283     DEBUG main            d.u.i.k.p.i.AbstractProblemLoader Init config took 2.93s 
193299     INFO  main            d.u.i.k.p.i.AbstractProblemLoader Replaying proof exceptions3.key.proof 
193306     DEBUG main            d.u.i.k.p.i.IntermediateProofReplayer Proof replay took 4.25ms 
193307     DEBUG main            d.u.i.k.p.r.p.TestFile    ... success: reloaded. 
193308     INFO  main            d.u.i.k.p.r.p.TestFile    Now processing file /home/runner/work/key/key/key.core/../key.ui/examples/standard_key/java_dl/exchange.key 
193308     INFO  main            d.u.i.k.p.i.AbstractProblemLoader Loading environment from /home/runner/work/key/key/key.core/../key.ui/examples/standard_key/java_dl/exchange.key 
193308     DEBUG main            d.u.i.k.p.i.AbstractProblemLoader Environment load took 74.5ns 
193309     INFO  main            d.u.i.k.p.i.AbstractProblemLoader Creating init config 
196327     DEBUG main            d.u.i.k.p.i.AbstractProblemLoader Init config took 3.02s 
196347     INFO  main            d.u.i.k.p.i.AbstractProblemLoader Replaying proof exchange.key 
196350     DEBUG main            d.u.i.k.p.i.IntermediateProofReplayer Proof replay took 9.2ns 
196452     INFO  main            d.u.i.k.p.r.p.TestFile    ... finished proof: closed. 
196818     INFO  main            d.u.i.k.p.i.AbstractProblemLoader Loading environment from /home/runner/work/key/key/key.core/../key.ui/examples/standard_key/java_dl/exchange.key.proof 
196818     DEBUG main            d.u.i.k.p.i.AbstractProblemLoader Environment load took 99.6ns 
196819     INFO  main            d.u.i.k.p.i.AbstractProblemLoader Creating init config 
199747     DEBUG main            d.u.i.k.p.i.AbstractProblemLoader Init config took 2.93s 
199763     INFO  main            d.u.i.k.p.i.AbstractProblemLoader Replaying proof exchange.key.proof 
199772     DEBUG main            d.u.i.k.p.i.IntermediateProofReplayer Proof replay took 5.59ms 
199773     DEBUG main            d.u.i.k.p.r.p.TestFile    ... success: reloaded. 
199774     INFO  main            d.u.i.k.p.r.p.TestFile    Now processing file /home/runner/work/key/key/key.core/../key.ui/examples/standard_key/java_dl/if.key 
199774     INFO  main            d.u.i.k.p.i.AbstractProblemLoader Loading environment from /home/runner/work/key/key/key.core/../key.ui/examples/standard_key/java_dl/if.key 
199774     DEBUG main            d.u.i.k.p.i.AbstractProblemLoader Environment load took 182ns 
199776     INFO  main            d.u.i.k.p.i.AbstractProblemLoader Creating init config 
202798     DEBUG main            d.u.i.k.p.i.AbstractProblemLoader Init config took 3.02s 
202813     INFO  main            d.u.i.k.p.i.AbstractProblemLoader Replaying proof if.key 
202815     DEBUG main            d.u.i.k.p.i.IntermediateProofReplayer Proof replay took 8ns 
202920     INFO  main            d.u.i.k.p.r.p.TestFile    ... finished proof: closed. 
203323     INFO  main            d.u.i.k.p.i.AbstractProblemLoader Loading environment from /home/runner/work/key/key/key.core/../key.ui/examples/standard_key/java_dl/if.key.proof 
203323     DEBUG main            d.u.i.k.p.i.AbstractProblemLoader Environment load took 95ns 
203324     INFO  main            d.u.i.k.p.i.AbstractProblemLoader Creating init config 
206230     DEBUG main            d.u.i.k.p.i.AbstractProblemLoader Init config took 2.91s 
206246     INFO  main            d.u.i.k.p.i.AbstractProblemLoader Replaying proof if.key.proof 
206251     DEBUG main            d.u.i.k.p.i.IntermediateProofReplayer Proof replay took 3.25ms 
206251     DEBUG main            d.u.i.k.p.r.p.TestFile    ... success: reloaded. 
206252     INFO  main            d.u.i.k.p.r.p.TestFile    Now processing file /home/runner/work/key/key/key.core/../key.ui/examples/standard_key/java_dl/incrementcounter.key 
206252     INFO  main            d.u.i.k.p.i.AbstractProblemLoader Loading environment from /home/runner/work/key/key/key.core/../key.ui/examples/standard_key/java_dl/incrementcounter.key 
206253     DEBUG main            d.u.i.k.p.i.AbstractProblemLoader Environment load took 222.3ns 
206254     INFO  main            d.u.i.k.p.i.AbstractProblemLoader Creating init config 
209248     DEBUG main            d.u.i.k.p.i.AbstractProblemLoader Init config took 2.99s 
209264     INFO  main            d.u.i.k.p.i.AbstractProblemLoader Replaying proof incrementcounter.key 
209266     DEBUG main            d.u.i.k.p.i.IntermediateProofReplayer Proof replay took 8.8ns 
209368     INFO  main            d.u.i.k.p.r.p.TestFile    ... finished proof: closed. 
209751     INFO  main            d.u.i.k.p.i.AbstractProblemLoader Loading environment from /home/runner/work/key/key/key.core/../key.ui/examples/standard_key/java_dl/incrementcounter.key.proof 
209751     DEBUG main            d.u.i.k.p.i.AbstractProblemLoader Environment load took 117.3ns 
209755     INFO  main            d.u.i.k.p.i.AbstractProblemLoader Creating init config 
212659     DEBUG main            d.u.i.k.p.i.AbstractProblemLoader Init config took 2.9s 
212674     INFO  main            d.u.i.k.p.i.AbstractProblemLoader Replaying proof incrementcounter.key.proof 
212679     DEBUG main            d.u.i.k.p.i.IntermediateProofReplayer Proof replay took 2.41ms 
212680     DEBUG main            d.u.i.k.p.r.p.TestFile    ... success: reloaded. 
212680     INFO  main            d.u.i.k.p.r.p.TestFile    Now processing file /home/runner/work/key/key/key.core/../key.ui/examples/standard_key/java_dl/danglingElse.key 
212680     INFO  main            d.u.i.k.p.i.AbstractProblemLoader Loading environment from /home/runner/work/key/key/key.core/../key.ui/examples/standard_key/java_dl/danglingElse.key 
212680     DEBUG main            d.u.i.k.p.i.AbstractProblemLoader Environment load took 70.6ns 
212681     INFO  main            d.u.i.k.p.i.AbstractProblemLoader Creating init config 
215707     DEBUG main            d.u.i.k.p.i.AbstractProblemLoader Init config took 3.03s 
215725     INFO  main            d.u.i.k.p.i.AbstractProblemLoader Replaying proof danglingElse.key 
215727     DEBUG main            d.u.i.k.p.i.IntermediateProofReplayer Proof replay took 8.8ns 
215830     INFO  main            d.u.i.k.p.r.p.TestFile    ... finished proof: open goal(s) 
216240     INFO  main            d.u.i.k.p.r.p.TestFile    Now processing file /home/runner/work/key/key/key.core/../key.ui/examples/standard_key/java_dl/iteratedAssignment.key 
216241     INFO  main            d.u.i.k.p.i.AbstractProblemLoader Loading environment from /home/runner/work/key/key/key.core/../key.ui/examples/standard_key/java_dl/iteratedAssignment.key 
216241     DEBUG main            d.u.i.k.p.i.AbstractProblemLoader Environment load took 76.4ns 
216242     INFO  main            d.u.i.k.p.i.AbstractProblemLoader Creating init config 
219174     DEBUG main            d.u.i.k.p.i.AbstractProblemLoader Init config took 2.93s 
219197     INFO  main            d.u.i.k.p.i.AbstractProblemLoader Replaying proof iteratedAssignment.key 
219201     DEBUG main            d.u.i.k.p.i.IntermediateProofReplayer Proof replay took 10.3ns 
219705     INFO  main            d.u.i.k.p.r.p.TestFile    ... finished proof: closed. 
220133     INFO  main            d.u.i.k.p.i.AbstractProblemLoader Loading environment from /home/runner/work/key/key/key.core/../key.ui/examples/standard_key/java_dl/iteratedAssignment.key.proof 
220133     DEBUG main            d.u.i.k.p.i.AbstractProblemLoader Environment load took 408.7ns 
220135     INFO  main            d.u.i.k.p.i.AbstractProblemLoader Creating init config 
223157     DEBUG main            d.u.i.k.p.i.AbstractProblemLoader Init config took 3.02s 
223173     INFO  main            d.u.i.k.p.i.AbstractProblemLoader Replaying proof iteratedAssignment.key.proof 
223255     DEBUG main            d.u.i.k.p.i.IntermediateProofReplayer Proof replay took 77.86ms 
223257     DEBUG main            d.u.i.k.p.r.p.TestFile    ... success: reloaded. 
223258     INFO  main            d.u.i.k.p.r.p.TestFile    Now processing file /home/runner/work/key/key/key.core/../key.ui/examples/standard_key/java_dl/assert/assert1.key 
223258     INFO  main            d.u.i.k.p.i.AbstractProblemLoader Loading environment from /home/runner/work/key/key/key.core/../key.ui/examples/standard_key/java_dl/assert/assert1.key 
223259     DEBUG main            d.u.i.k.p.i.AbstractProblemLoader Environment load took 330.7ns 
223260     INFO  main            d.u.i.k.p.i.AbstractProblemLoader Creating init config 
226396     DEBUG main            d.u.i.k.p.i.AbstractProblemLoader Init config took 3.14s 
226439     INFO  main            d.u.i.k.p.i.AbstractProblemLoader Replaying proof C[C::foo()].JML normal_behavior operation contract.0 
226442     DEBUG main            d.u.i.k.p.i.IntermediateProofReplayer Proof replay took 9.8ns 
226649     INFO  main            d.u.i.k.p.r.p.TestFile    ... finished proof: open goal(s) 
227083     INFO  main            d.u.i.k.p.r.p.TestFile    Now processing file /home/runner/work/key/key/key.core/../key.ui/examples/standard_key/java_dl/assert/assert2.key 
227083     INFO  main            d.u.i.k.p.i.AbstractProblemLoader Loading environment from /home/runner/work/key/key/key.core/../key.ui/examples/standard_key/java_dl/assert/assert2.key 
227083     DEBUG main            d.u.i.k.p.i.AbstractProblemLoader Environment load took 70ns 
227084     INFO  main            d.u.i.k.p.i.AbstractProblemLoader Creating init config 
230151     DEBUG main            d.u.i.k.p.i.AbstractProblemLoader Init config took 3.07s 
230191     INFO  main            d.u.i.k.p.i.AbstractProblemLoader Replaying proof C[C::bar()].JML exceptional_behavior operation contract.0 
230193     DEBUG main            d.u.i.k.p.i.IntermediateProofReplayer Proof replay took 9.1ns 
230396     INFO  main            d.u.i.k.p.r.p.TestFile    ... finished proof: closed. 
230850     INFO  main            d.u.i.k.p.i.AbstractProblemLoader Loading environment from /home/runner/work/key/key/key.core/../key.ui/examples/standard_key/java_dl/assert/assert2.key.proof 
230850     DEBUG main            d.u.i.k.p.i.AbstractProblemLoader Environment load took 120.1ns 
230852     INFO  main            d.u.i.k.p.i.AbstractProblemLoader Creating init config 
233864     DEBUG main            d.u.i.k.p.i.AbstractProblemLoader Init config took 3.01s 
233904     INFO  main            d.u.i.k.p.i.AbstractProblemLoader Replaying proof C[C::bar()].JML exceptional_behavior operation contract.0 
233951     DEBUG main            d.u.i.k.p.i.IntermediateProofReplayer Proof replay took 44.49ms 
233952     DEBUG main            d.u.i.k.p.r.p.TestFile    ... success: reloaded. 
233954     INFO  main            d.u.i.k.p.r.p.TestFile    Now processing file /home/runner/work/key/key/key.core/../key.ui/examples/standard_key/java_dl/assert/assert3.key 
233954     INFO  main            d.u.i.k.p.i.AbstractProblemLoader Loading environment from /home/runner/work/key/key/key.core/../key.ui/examples/standard_key/java_dl/assert/assert3.key 
233954     DEBUG main            d.u.i.k.p.i.AbstractProblemLoader Environment load took 91.1ns 
233955     INFO  main            d.u.i.k.p.i.AbstractProblemLoader Creating init config 
237014     DEBUG main            d.u.i.k.p.i.AbstractProblemLoader Init config took 3.06s 
237053     INFO  main            d.u.i.k.p.i.AbstractProblemLoader Replaying proof C[C::foo()].JML normal_behavior operation contract.0 
237056     DEBUG main            d.u.i.k.p.i.IntermediateProofReplayer Proof replay took 9.2ns 
237160     INFO  main            d.u.i.k.p.r.p.TestFile    ... finished proof: open goal(s) 
237614     INFO  main            d.u.i.k.p.r.p.TestFile    Now processing file /home/runner/work/key/key/key.core/../key.ui/examples/standard_key/java_dl/java5/vararg.key 
237615     INFO  main            d.u.i.k.p.i.AbstractProblemLoader Loading environment from /home/runner/work/key/key/key.core/../key.ui/examples/standard_key/java_dl/java5/vararg.key 
237615     DEBUG main            d.u.i.k.p.i.AbstractProblemLoader Environment load took 71.6ns 
237618     INFO  main            d.u.i.k.p.i.AbstractProblemLoader Creating init config 
238743     DEBUG main            d.u.i.k.j.r.ClassPreparationMethodBuilder clPrepBuilder: Inner Class detected. Reject building class initialisation methods. 
241180     DEBUG main            d.u.i.k.p.i.AbstractProblemLoader Init config took 3.56s 
241217     INFO  main            d.u.i.k.p.i.AbstractProblemLoader Replaying proof vararg.key 
241219     DEBUG main            d.u.i.k.p.i.IntermediateProofReplayer Proof replay took 9.2ns 
242849     INFO  main            d.u.i.k.p.r.p.TestFile    ... finished proof: closed. 
243331     INFO  main            d.u.i.k.p.i.AbstractProblemLoader Loading environment from /home/runner/work/key/key/key.core/../key.ui/examples/standard_key/java_dl/java5/vararg.key.proof 
243332     DEBUG main            d.u.i.k.p.i.AbstractProblemLoader Environment load took 457.9ns 
243333     INFO  main            d.u.i.k.p.i.AbstractProblemLoader Creating init config 
244369     DEBUG main            d.u.i.k.j.r.ClassPreparationMethodBuilder clPrepBuilder: Inner Class detected. Reject building class initialisation methods. 
246599     DEBUG main            d.u.i.k.p.i.AbstractProblemLoader Init config took 3.27s 
246621     INFO  main            d.u.i.k.p.i.AbstractProblemLoader Replaying proof vararg.key.proof 
247046     DEBUG main            d.u.i.k.p.i.IntermediateProofReplayer Proof replay took 408ms 
247047     DEBUG main            d.u.i.k.p.r.p.TestFile    ... success: reloaded. 
247048     INFO  main            d.u.i.k.p.r.p.TestFile    Now processing file /home/runner/work/key/key/key.core/../key.ui/examples/standard_key/java_dl/java5/for_Array.key 
247049     INFO  main            d.u.i.k.p.i.AbstractProblemLoader Loading environment from /home/runner/work/key/key/key.core/../key.ui/examples/standard_key/java_dl/java5/for_Array.key 
247049     DEBUG main            d.u.i.k.p.i.AbstractProblemLoader Environment load took 172.3ns 
247050     INFO  main            d.u.i.k.p.i.AbstractProblemLoader Creating init config 
248122     DEBUG main            d.u.i.k.j.r.ClassPreparationMethodBuilder clPrepBuilder: Inner Class detected. Reject building class initialisation methods. 
250436     DEBUG main            d.u.i.k.p.i.AbstractProblemLoader Init config took 3.39s 
250499     INFO  main            d.u.i.k.p.i.AbstractProblemLoader Replaying proof For[For::sum([I)].JML operation contract.0 
250501     DEBUG main            d.u.i.k.p.i.IntermediateProofReplayer Proof replay took 24.6ns 
250906     INFO  main            d.u.i.k.p.r.p.TestFile    ... finished proof: closed. 
251434     INFO  main            d.u.i.k.p.i.AbstractProblemLoader Loading environment from /home/runner/work/key/key/key.core/../key.ui/examples/standard_key/java_dl/java5/for_Array.key.proof 
251435     DEBUG main            d.u.i.k.p.i.AbstractProblemLoader Environment load took 312.5ns 
251436     INFO  main            d.u.i.k.p.i.AbstractProblemLoader Creating init config 
252469     DEBUG main            d.u.i.k.j.r.ClassPreparationMethodBuilder clPrepBuilder: Inner Class detected. Reject building class initialisation methods. 
254796     DEBUG main            d.u.i.k.p.i.AbstractProblemLoader Init config took 3.36s 
254858     INFO  main            d.u.i.k.p.i.AbstractProblemLoader Replaying proof For[For::sum([I)].JML operation contract.0 
254956     DEBUG main            d.u.i.k.p.i.IntermediateProofReplayer Proof replay took 93.65ms 
254958     DEBUG main            d.u.i.k.p.r.p.TestFile    ... success: reloaded. 
254959     INFO  main            d.u.i.k.p.r.p.TestFile    Now processing file /home/runner/work/key/key/key.core/../key.ui/examples/standard_key/java_dl/java5/for_Iterable.key 
254959     INFO  main            d.u.i.k.p.i.AbstractProblemLoader Loading environment from /home/runner/work/key/key/key.core/../key.ui/examples/standard_key/java_dl/java5/for_Iterable.key 
254959     DEBUG main            d.u.i.k.p.i.AbstractProblemLoader Environment load took 213.5ns 
254960     INFO  main            d.u.i.k.p.i.AbstractProblemLoader Creating init config 
256015     DEBUG main            d.u.i.k.j.r.ClassPreparationMethodBuilder clPrepBuilder: Inner Class detected. Reject building class initialisation methods. 
258252     DEBUG main            d.u.i.k.p.i.AbstractProblemLoader Init config took 3.29s 
258312     INFO  main            d.u.i.k.p.i.AbstractProblemLoader Replaying proof For[For::infiniteLoop(For)].JML operation contract.0 
258314     DEBUG main            d.u.i.k.p.i.IntermediateProofReplayer Proof replay took 7.2ns 
258617     INFO  main            d.u.i.k.p.r.p.TestFile    ... finished proof: closed. 
259100     INFO  main            d.u.i.k.p.i.AbstractProblemLoader Loading environment from /home/runner/work/key/key/key.core/../key.ui/examples/standard_key/java_dl/java5/for_Iterable.key.proof 
259100     DEBUG main            d.u.i.k.p.i.AbstractProblemLoader Environment load took 425.9ns 
259102     INFO  main            d.u.i.k.p.i.AbstractProblemLoader Creating init config 
260121     DEBUG main            d.u.i.k.j.r.ClassPreparationMethodBuilder clPrepBuilder: Inner Class detected. Reject building class initialisation methods. 
262327     DEBUG main            d.u.i.k.p.i.AbstractProblemLoader Init config took 3.23s 
262390     INFO  main            d.u.i.k.p.i.AbstractProblemLoader Replaying proof For[For::infiniteLoop(For)].JML operation contract.0 
262451     DEBUG main            d.u.i.k.p.i.IntermediateProofReplayer Proof replay took 56.99ms 
262452     DEBUG main            d.u.i.k.p.r.p.TestFile    ... success: reloaded. 
262455     INFO  main            d.u.i.k.p.r.p.TestFile    Now processing file /home/runner/work/key/key/key.core/../key.ui/examples/standard_key/java_dl/java5/for_ReferenceArray.key 
262456     INFO  main            d.u.i.k.p.i.AbstractProblemLoader Loading environment from /home/runner/work/key/key/key.core/../key.ui/examples/standard_key/java_dl/java5/for_ReferenceArray.key 
262456     DEBUG main            d.u.i.k.p.i.AbstractProblemLoader Environment load took 224.7ns 
262457     INFO  main            d.u.i.k.p.i.AbstractProblemLoader Creating init config 
263473     DEBUG main            d.u.i.k.j.r.ClassPreparationMethodBuilder clPrepBuilder: Inner Class detected. Reject building class initialisation methods. 
265774     DEBUG main            d.u.i.k.p.i.AbstractProblemLoader Init config took 3.32s 
265838     INFO  main            d.u.i.k.p.i.AbstractProblemLoader Replaying proof ForReferenceArray[ForReferenceArray::foo([Ljava.lang.Object)].JML operation contract.0 
265841     DEBUG main            d.u.i.k.p.i.IntermediateProofReplayer Proof replay took 9ns 
266145     INFO  main            d.u.i.k.p.r.p.TestFile    ... finished proof: closed. 
266651     INFO  main            d.u.i.k.p.i.AbstractProblemLoader Loading environment from /home/runner/work/key/key/key.core/../key.ui/examples/standard_key/java_dl/java5/for_ReferenceArray.key.proof 
266651     DEBUG main            d.u.i.k.p.i.AbstractProblemLoader Environment load took 491.3ns 
266653     INFO  main            d.u.i.k.p.i.AbstractProblemLoader Creating init config 
267702     DEBUG main            d.u.i.k.j.r.ClassPreparationMethodBuilder clPrepBuilder: Inner Class detected. Reject building class initialisation methods. 
269956     DEBUG main            d.u.i.k.p.i.AbstractProblemLoader Init config took 3.3s 
270020     INFO  main            d.u.i.k.p.i.AbstractProblemLoader Replaying proof ForReferenceArray[ForReferenceArray::foo([Ljava.lang.Object)].JML operation contract.0 
270091     DEBUG main            d.u.i.k.p.i.IntermediateProofReplayer Proof replay took 67.28ms 
270093     DEBUG main            d.u.i.k.p.r.p.TestFile    ... success: reloaded. 
270094     INFO  main            d.u.i.k.p.r.p.TestFile    Now processing file /home/runner/work/key/key/key.core/../key.ui/examples/standard_key/java_dl/jml-bigint/cast.key 
270094     INFO  main            d.u.i.k.p.i.AbstractProblemLoader Loading environment from /home/runner/work/key/key/key.core/../key.ui/examples/standard_key/java_dl/jml-bigint/cast.key 
270095     DEBUG main            d.u.i.k.p.i.AbstractProblemLoader Environment load took 247.4ns 
270096     INFO  main            d.u.i.k.p.i.AbstractProblemLoader Creating init config 
273307     DEBUG main            d.u.i.k.p.i.AbstractProblemLoader Init config took 3.21s 
273348     INFO  main            d.u.i.k.p.i.AbstractProblemLoader Replaying proof Mult[Mult::cast()].JML operation contract.0 
273351     DEBUG main            d.u.i.k.p.i.IntermediateProofReplayer Proof replay took 9.8ns 
273453     INFO  main            d.u.i.k.p.r.p.TestFile    ... finished proof: closed. 
273927     INFO  main            d.u.i.k.p.i.AbstractProblemLoader Loading environment from /home/runner/work/key/key/key.core/../key.ui/examples/standard_key/java_dl/jml-bigint/cast.key.proof 
273927     DEBUG main            d.u.i.k.p.i.AbstractProblemLoader Environment load took 135ns 
273928     INFO  main            d.u.i.k.p.i.AbstractProblemLoader Creating init config 
277062     DEBUG main            d.u.i.k.p.i.AbstractProblemLoader Init config took 3.13s 
277123     INFO  main            d.u.i.k.p.i.AbstractProblemLoader Replaying proof Mult[Mult::cast()].JML operation contract.0 
277138     DEBUG main            d.u.i.k.p.i.IntermediateProofReplayer Proof replay took 13.14ms 
277139     DEBUG main            d.u.i.k.p.r.p.TestFile    ... success: reloaded. 
277140     INFO  main            d.u.i.k.p.r.p.TestFile    Now processing file /home/runner/work/key/key/key.core/../key.ui/examples/standard_key/java_dl/jml-free/loopInvFree.key 
277141     INFO  main            d.u.i.k.p.i.AbstractProblemLoader Loading environment from /home/runner/work/key/key/key.core/../key.ui/examples/standard_key/java_dl/jml-free/loopInvFree.key 
277141     DEBUG main            d.u.i.k.p.i.AbstractProblemLoader Environment load took 119.8ns 
277142     INFO  main            d.u.i.k.p.i.AbstractProblemLoader Creating init config 
280280     DEBUG main            d.u.i.k.p.i.AbstractProblemLoader Init config took 3.14s 
280319     INFO  main            d.u.i.k.p.i.AbstractProblemLoader Replaying proof LoopInvFree[LoopInvFree::test()].JML operation contract.0 
280321     DEBUG main            d.u.i.k.p.i.IntermediateProofReplayer Proof replay took 7.9ns 
280524     INFO  main            d.u.i.k.p.r.p.TestFile    ... finished proof: closed. 
281025     INFO  main            d.u.i.k.p.i.AbstractProblemLoader Loading environment from /home/runner/work/key/key/key.core/../key.ui/examples/standard_key/java_dl/jml-free/loopInvFree.key.proof 
281025     DEBUG main            d.u.i.k.p.i.AbstractProblemLoader Environment load took 141.4ns 
281027     INFO  main            d.u.i.k.p.i.AbstractProblemLoader Creating init config 
284219     DEBUG main            d.u.i.k.p.i.AbstractProblemLoader Init config took 3.19s 
284276     INFO  main            d.u.i.k.p.i.AbstractProblemLoader Replaying proof LoopInvFree[LoopInvFree::test()].JML operation contract.0 
284325     DEBUG main            d.u.i.k.p.i.IntermediateProofReplayer Proof replay took 45.77ms 
284326     DEBUG main            d.u.i.k.p.r.p.TestFile    ... success: reloaded. 
284328     INFO  main            d.u.i.k.p.r.p.TestFile    Now processing file /home/runner/work/key/key/key.core/../key.ui/examples/standard_key/java_dl/jml-free/ensuresFree.key 
284328     INFO  main            d.u.i.k.p.i.AbstractProblemLoader Loading environment from /home/runner/work/key/key/key.core/../key.ui/examples/standard_key/java_dl/jml-free/ensuresFree.key 
284328     DEBUG main            d.u.i.k.p.i.AbstractProblemLoader Environment load took 126ns 
284329     INFO  main            d.u.i.k.p.i.AbstractProblemLoader Creating init config 
287439     DEBUG main            d.u.i.k.p.i.AbstractProblemLoader Init config took 3.11s 
287481     INFO  main            d.u.i.k.p.i.AbstractProblemLoader Replaying proof EnsuresFree[EnsuresFree::test()].JML operation contract.0 
287483     DEBUG main            d.u.i.k.p.i.IntermediateProofReplayer Proof replay took 9ns 
287585     INFO  main            d.u.i.k.p.r.p.TestFile    ... finished proof: closed. 
288097     INFO  main            d.u.i.k.p.i.AbstractProblemLoader Loading environment from /home/runner/work/key/key/key.core/../key.ui/examples/standard_key/java_dl/jml-free/ensuresFree.key.proof 
288097     DEBUG main            d.u.i.k.p.i.AbstractProblemLoader Environment load took 404.1ns 
288099     INFO  main            d.u.i.k.p.i.AbstractProblemLoader Creating init config 
291101     DEBUG main            d.u.i.k.p.i.AbstractProblemLoader Init config took 3s 
291153     INFO  main            d.u.i.k.p.i.AbstractProblemLoader Replaying proof EnsuresFree[EnsuresFree::test()].JML operation contract.0 
291175     DEBUG main            d.u.i.k.p.i.IntermediateProofReplayer Proof replay took 19.75ms 
291176     DEBUG main            d.u.i.k.p.r.p.TestFile    ... success: reloaded. 
291177     INFO  main            d.u.i.k.p.r.p.TestFile    Now processing file /home/runner/work/key/key/key.core/../key.ui/examples/standard_key/java_dl/jml-information-flow.key 
291178     INFO  main            d.u.i.k.p.i.AbstractProblemLoader Loading environment from /home/runner/work/key/key/key.core/../key.ui/examples/standard_key/java_dl/jml-information-flow.key 
291178     DEBUG main            d.u.i.k.p.i.AbstractProblemLoader Environment load took 81.7ns 
291185     INFO  main            d.u.i.k.p.i.AbstractProblemLoader Creating init config 
294472     DEBUG main            d.u.i.k.p.i.AbstractProblemLoader Init config took 3.29s 
294490     INFO  main            d.u.i.k.p.i.AbstractProblemLoader Replaying proof jml-information-flow.key 
294492     DEBUG main            d.u.i.k.p.i.IntermediateProofReplayer Proof replay took 7.8ns 
440323     INFO  main            d.u.i.k.p.r.p.TestFile    ... finished proof: closed. 
441107     INFO  main            d.u.i.k.p.i.AbstractProblemLoader Loading environment from /home/runner/work/key/key/key.core/../key.ui/examples/standard_key/java_dl/jml-information-flow.key.proof 
441107     DEBUG main            d.u.i.k.p.i.AbstractProblemLoader Environment load took 412.3ns 
441118     INFO  main            d.u.i.k.p.i.AbstractProblemLoader Creating init config 
444307     DEBUG main            d.u.i.k.p.i.AbstractProblemLoader Init config took 3.19s 
444327     INFO  main            d.u.i.k.p.i.AbstractProblemLoader Replaying proof jml-information-flow.key.proof 
448153     DEBUG main            d.u.i.k.p.i.IntermediateProofReplayer Proof replay took 3.62s 
448162     DEBUG main            d.u.i.k.p.r.p.TestFile    ... success: reloaded. 
448163     INFO  main            d.u.i.k.p.r.p.TestFile    Now processing file /home/runner/work/key/key/key.core/../key.ui/examples/standard_key/java_dl/jml-min/min-unprovable1.key 
448164     INFO  main            d.u.i.k.p.i.AbstractProblemLoader Loading environment from /home/runner/work/key/key/key.core/../key.ui/examples/standard_key/java_dl/jml-min/min-unprovable1.key 
448164     DEBUG main            d.u.i.k.p.i.AbstractProblemLoader Environment load took 248.1ns 
448165     INFO  main            d.u.i.k.p.i.AbstractProblemLoader Creating init config 
451374     DEBUG main            d.u.i.k.p.i.AbstractProblemLoader Init config took 3.21s 
451413     INFO  main            d.u.i.k.p.i.AbstractProblemLoader Replaying proof Min[Min::foo()].JML operation contract.0 
451414     DEBUG main            d.u.i.k.p.i.IntermediateProofReplayer Proof replay took 8.7ns 
451517     INFO  main            d.u.i.k.p.r.p.TestFile    ... finished proof: open goal(s) 
452219     INFO  main            d.u.i.k.p.r.p.TestFile    Now processing file /home/runner/work/key/key/key.core/../key.ui/examples/standard_key/java_dl/jml-min/min-unprovable2.key 
452220     INFO  main            d.u.i.k.p.i.AbstractProblemLoader Loading environment from /home/runner/work/key/key/key.core/../key.ui/examples/standard_key/java_dl/jml-min/min-unprovable2.key 
452220     DEBUG main            d.u.i.k.p.i.AbstractProblemLoader Environment load took 54.5ns 
452221     INFO  main            d.u.i.k.p.i.AbstractProblemLoader Creating init config 
455243     DEBUG main            d.u.i.k.p.i.AbstractProblemLoader Init config took 3.02s 
455282     INFO  main            d.u.i.k.p.i.AbstractProblemLoader Replaying proof Min[Min::foo2()].JML operation contract.0 
455284     DEBUG main            d.u.i.k.p.i.IntermediateProofReplayer Proof replay took 7.8ns 
455386     INFO  main            d.u.i.k.p.r.p.TestFile    ... finished proof: open goal(s) 
455880     INFO  main            d.u.i.k.p.r.p.TestFile    Now processing file /home/runner/work/key/key/key.core/../key.ui/examples/standard_key/java_dl/methodCall.key 
455880     INFO  main            d.u.i.k.p.i.AbstractProblemLoader Loading environment from /home/runner/work/key/key/key.core/../key.ui/examples/standard_key/java_dl/methodCall.key 
455880     DEBUG main            d.u.i.k.p.i.AbstractProblemLoader Environment load took 55.6ns 
455883     INFO  main            d.u.i.k.p.i.AbstractProblemLoader Creating init config 
458885     DEBUG main            d.u.i.k.p.i.AbstractProblemLoader Init config took 3s 
458900     INFO  main            d.u.i.k.p.i.AbstractProblemLoader Replaying proof methodCall.key 
458902     DEBUG main            d.u.i.k.p.i.IntermediateProofReplayer Proof replay took 23.9ns 
459004     INFO  main            d.u.i.k.p.r.p.TestFile    ... finished proof: closed. 
459508     INFO  main            d.u.i.k.p.i.AbstractProblemLoader Loading environment from /home/runner/work/key/key/key.core/../key.ui/examples/standard_key/java_dl/methodCall.key.proof 
459508     DEBUG main            d.u.i.k.p.i.AbstractProblemLoader Environment load took 81.8ns 
459509     INFO  main            d.u.i.k.p.i.AbstractProblemLoader Creating init config 
462559     DEBUG main            d.u.i.k.p.i.AbstractProblemLoader Init config took 3.05s 
462579     INFO  main            d.u.i.k.p.i.AbstractProblemLoader Replaying proof methodCall.key.proof 
462584     DEBUG main            d.u.i.k.p.i.IntermediateProofReplayer Proof replay took 2.41ms 
462585     DEBUG main            d.u.i.k.p.r.p.TestFile    ... success: reloaded. 
462586     INFO  main            d.u.i.k.p.r.p.TestFile    Now processing file /home/runner/work/key/key/key.core/../key.ui/examples/standard_key/java_dl/methodCall1.key 
462586     INFO  main            d.u.i.k.p.i.AbstractProblemLoader Loading environment from /home/runner/work/key/key/key.core/../key.ui/examples/standard_key/java_dl/methodCall1.key 
462586     DEBUG main            d.u.i.k.p.i.AbstractProblemLoader Environment load took 63.4ns 
462587     INFO  main            d.u.i.k.p.i.AbstractProblemLoader Creating init config 
465697     DEBUG main            d.u.i.k.p.i.AbstractProblemLoader Init config took 3.11s 
465713     INFO  main            d.u.i.k.p.i.AbstractProblemLoader Replaying proof methodCall1.key 
465714     DEBUG main            d.u.i.k.p.i.IntermediateProofReplayer Proof replay took 7.6ns 
465817     INFO  main            d.u.i.k.p.r.p.TestFile    ... finished proof: closed. 
466354     INFO  main            d.u.i.k.p.i.AbstractProblemLoader Loading environment from /home/runner/work/key/key/key.core/../key.ui/examples/standard_key/java_dl/methodCall1.key.proof 
466354     DEBUG main            d.u.i.k.p.i.AbstractProblemLoader Environment load took 84.7ns 
466355     INFO  main            d.u.i.k.p.i.AbstractProblemLoader Creating init config 
469363     DEBUG main            d.u.i.k.p.i.AbstractProblemLoader Init config took 3.01s 
469379     INFO  main            d.u.i.k.p.i.AbstractProblemLoader Replaying proof methodCall1.key.proof 
469396     DEBUG main            d.u.i.k.p.i.IntermediateProofReplayer Proof replay took 14.13ms 
469397     DEBUG main            d.u.i.k.p.r.p.TestFile    ... success: reloaded. 
469398     INFO  main            d.u.i.k.p.r.p.TestFile    Now processing file /home/runner/work/key/key/key.core/../key.ui/examples/standard_key/java_dl/methodCall1box.key 
469398     INFO  main            d.u.i.k.p.i.AbstractProblemLoader Loading environment from /home/runner/work/key/key/key.core/../key.ui/examples/standard_key/java_dl/methodCall1box.key 
469398     DEBUG main            d.u.i.k.p.i.AbstractProblemLoader Environment load took 108.9ns 
469399     INFO  main            d.u.i.k.p.i.AbstractProblemLoader Creating init config 
472447     DEBUG main            d.u.i.k.p.i.AbstractProblemLoader Init config took 3.05s 
472462     INFO  main            d.u.i.k.p.i.AbstractProblemLoader Replaying proof methodCall1box.key 
472464     DEBUG main            d.u.i.k.p.i.IntermediateProofReplayer Proof replay took 10.3ns 
472567     INFO  main            d.u.i.k.p.r.p.TestFile    ... finished proof: closed. 
473087     INFO  main            d.u.i.k.p.i.AbstractProblemLoader Loading environment from /home/runner/work/key/key/key.core/../key.ui/examples/standard_key/java_dl/methodCall1box.key.proof 
473087     DEBUG main            d.u.i.k.p.i.AbstractProblemLoader Environment load took 89.2ns 
473088     INFO  main            d.u.i.k.p.i.AbstractProblemLoader Creating init config 
476036     DEBUG main            d.u.i.k.p.i.AbstractProblemLoader Init config took 2.95s 
476053     INFO  main            d.u.i.k.p.i.AbstractProblemLoader Replaying proof methodCall1box.key.proof 
476072     DEBUG main            d.u.i.k.p.i.IntermediateProofReplayer Proof replay took 16.02ms 
476073     DEBUG main            d.u.i.k.p.r.p.TestFile    ... success: reloaded. 
476074     INFO  main            d.u.i.k.p.r.p.TestFile    Now processing file /home/runner/work/key/key/key.core/../key.ui/examples/standard_key/java_dl/methodCall3.key 
476074     INFO  main            d.u.i.k.p.i.AbstractProblemLoader Loading environment from /home/runner/work/key/key/key.core/../key.ui/examples/standard_key/java_dl/methodCall3.key 
476074     DEBUG main            d.u.i.k.p.i.AbstractProblemLoader Environment load took 114.3ns 
476075     INFO  main            d.u.i.k.p.i.AbstractProblemLoader Creating init config 
479141     DEBUG main            d.u.i.k.p.i.AbstractProblemLoader Init config took 3.07s 
479157     INFO  main            d.u.i.k.p.i.AbstractProblemLoader Replaying proof methodCall3.key 
479159     DEBUG main            d.u.i.k.p.i.IntermediateProofReplayer Proof replay took 22.4ns 
479261     INFO  main            d.u.i.k.p.r.p.TestFile    ... finished proof: closed. 
479804     INFO  main            d.u.i.k.p.i.AbstractProblemLoader Loading environment from /home/runner/work/key/key/key.core/../key.ui/examples/standard_key/java_dl/methodCall3.key.proof 
479804     DEBUG main            d.u.i.k.p.i.AbstractProblemLoader Environment load took 89.6ns 
479807     INFO  main            d.u.i.k.p.i.AbstractProblemLoader Creating init config 
482803     DEBUG main            d.u.i.k.p.i.AbstractProblemLoader Init config took 3s 
482819     INFO  main            d.u.i.k.p.i.AbstractProblemLoader Replaying proof methodCall3.key.proof 
482831     DEBUG main            d.u.i.k.p.i.IntermediateProofReplayer Proof replay took 8.84ms 
482832     DEBUG main            d.u.i.k.p.r.p.TestFile    ... success: reloaded. 
482833     INFO  main            d.u.i.k.p.r.p.TestFile    Now processing file /home/runner/work/key/key/key.core/../key.ui/examples/standard_key/java_dl/polishFlagSort.key 
482833     INFO  main            d.u.i.k.p.i.AbstractProblemLoader Loading environment from /home/runner/work/key/key/key.core/../key.ui/examples/standard_key/java_dl/polishFlagSort.key 
482833     DEBUG main            d.u.i.k.p.i.AbstractProblemLoader Environment load took 51ns 
482835     INFO  main            d.u.i.k.p.i.AbstractProblemLoader Creating init config 
485996     DEBUG main            d.u.i.k.p.i.AbstractProblemLoader Init config took 3.16s 
486012     INFO  main            d.u.i.k.p.i.AbstractProblemLoader Replaying proof polishFlagSort.key 
486014     DEBUG main            d.u.i.k.p.i.IntermediateProofReplayer Proof replay took 7.9ns 
488977     INFO  main            d.u.i.k.p.r.p.TestFile    ... finished proof: closed. 
489590     INFO  main            d.u.i.k.p.i.AbstractProblemLoader Loading environment from /home/runner/work/key/key/key.core/../key.ui/examples/standard_key/java_dl/polishFlagSort.key.proof 
489591     DEBUG main            d.u.i.k.p.i.AbstractProblemLoader Environment load took 451.6ns 
489593     INFO  main            d.u.i.k.p.i.AbstractProblemLoader Creating init config 
492694     DEBUG main            d.u.i.k.p.i.AbstractProblemLoader Init config took 3.1s 
492710     INFO  main            d.u.i.k.p.i.AbstractProblemLoader Replaying proof polishFlagSort.key.proof 
493078     DEBUG main            d.u.i.k.p.i.IntermediateProofReplayer Proof replay took 346.95ms 
493081     DEBUG main            d.u.i.k.p.r.p.TestFile    ... success: reloaded. 
493120     INFO  main            d.u.i.k.p.r.p.TestFile    Now processing file /home/runner/work/key/key/key.core/../key.ui/examples/standard_key/java_dl/postConditionTaclets1.key 
493120     INFO  main            d.u.i.k.p.i.AbstractProblemLoader Loading environment from /home/runner/work/key/key/key.core/../key.ui/examples/standard_key/java_dl/postConditionTaclets1.key 
493120     DEBUG main            d.u.i.k.p.i.AbstractProblemLoader Environment load took 54.5ns 
493121     INFO  main            d.u.i.k.p.i.AbstractProblemLoader Creating init config 
496146     DEBUG main            d.u.i.k.p.i.AbstractProblemLoader Init config took 3.02s 
496162     INFO  main            d.u.i.k.p.i.AbstractProblemLoader Replaying proof postConditionTaclets1.key 
496165     DEBUG main            d.u.i.k.p.i.IntermediateProofReplayer Proof replay took 8.6ns 
496267     INFO  main            d.u.i.k.p.r.p.TestFile    ... finished proof: closed. 
496887     INFO  main            d.u.i.k.p.i.AbstractProblemLoader Loading environment from /home/runner/work/key/key/key.core/../key.ui/examples/standard_key/java_dl/postConditionTaclets1.key.proof 
496887     DEBUG main            d.u.i.k.p.i.AbstractProblemLoader Environment load took 92.2ns 
496888     INFO  main            d.u.i.k.p.i.AbstractProblemLoader Creating init config 
499838     DEBUG main            d.u.i.k.p.i.AbstractProblemLoader Init config took 2.95s 
499854     INFO  main            d.u.i.k.p.i.AbstractProblemLoader Replaying proof postConditionTaclets1.key.proof 
499857     DEBUG main            d.u.i.k.p.i.IntermediateProofReplayer Proof replay took 393.7ns 
499857     DEBUG main            d.u.i.k.p.r.p.TestFile    ... success: reloaded. 
499858     INFO  main            d.u.i.k.p.r.p.TestFile    Now processing file /home/runner/work/key/key/key.core/../key.ui/examples/standard_key/java_dl/postConditionTaclets2.key 
499858     INFO  main            d.u.i.k.p.i.AbstractProblemLoader Loading environment from /home/runner/work/key/key/key.core/../key.ui/examples/standard_key/java_dl/postConditionTaclets2.key 
499858     DEBUG main            d.u.i.k.p.i.AbstractProblemLoader Environment load took 74.3ns 
499860     INFO  main            d.u.i.k.p.i.AbstractProblemLoader Creating init config 
502869     DEBUG main            d.u.i.k.p.i.AbstractProblemLoader Init config took 3.01s 
502884     INFO  main            d.u.i.k.p.i.AbstractProblemLoader Replaying proof postConditionTaclets2.key 
502886     DEBUG main            d.u.i.k.p.i.IntermediateProofReplayer Proof replay took 8.1ns 
502988     INFO  main            d.u.i.k.p.r.p.TestFile    ... finished proof: closed. 
503554     INFO  main            d.u.i.k.p.i.AbstractProblemLoader Loading environment from /home/runner/work/key/key/key.core/../key.ui/examples/standard_key/java_dl/postConditionTaclets2.key.proof 
503555     DEBUG main            d.u.i.k.p.i.AbstractProblemLoader Environment load took 113.1ns 
503556     INFO  main            d.u.i.k.p.i.AbstractProblemLoader Creating init config 
506554     DEBUG main            d.u.i.k.p.i.AbstractProblemLoader Init config took 3s 
506570     INFO  main            d.u.i.k.p.i.AbstractProblemLoader Replaying proof postConditionTaclets2.key.proof 
506573     DEBUG main            d.u.i.k.p.i.IntermediateProofReplayer Proof replay took 566.31ns 
506573     DEBUG main            d.u.i.k.p.r.p.TestFile    ... success: reloaded. 
506574     INFO  main            d.u.i.k.p.r.p.TestFile    Now processing file /home/runner/work/key/key/key.core/../key.ui/examples/standard_key/java_dl/quantifiedQuery.key 
506575     INFO  main            d.u.i.k.p.i.AbstractProblemLoader Loading environment from /home/runner/work/key/key/key.core/../key.ui/examples/standard_key/java_dl/quantifiedQuery.key 
506575     DEBUG main            d.u.i.k.p.i.AbstractProblemLoader Environment load took 95.3ns 
506576     INFO  main            d.u.i.k.p.i.AbstractProblemLoader Creating init config 
509670     DEBUG main            d.u.i.k.p.i.AbstractProblemLoader Init config took 3.09s 
509688     INFO  main            d.u.i.k.p.i.AbstractProblemLoader Replaying proof quantifiedQuery.key 
509691     DEBUG main            d.u.i.k.p.i.IntermediateProofReplayer Proof replay took 13.8ns 
509794     INFO  main            d.u.i.k.p.r.p.TestFile    ... finished proof: closed. 
510366     INFO  main            d.u.i.k.p.i.AbstractProblemLoader Loading environment from /home/runner/work/key/key/key.core/../key.ui/examples/standard_key/java_dl/quantifiedQuery.key.proof 
510367     DEBUG main            d.u.i.k.p.i.AbstractProblemLoader Environment load took 81.3ns 
510369     INFO  main            d.u.i.k.p.i.AbstractProblemLoader Creating init config 
513364     DEBUG main            d.u.i.k.p.i.AbstractProblemLoader Init config took 3s 
513379     INFO  main            d.u.i.k.p.i.AbstractProblemLoader Replaying proof quantifiedQuery.key.proof 
513394     DEBUG main            d.u.i.k.p.i.IntermediateProofReplayer Proof replay took 10.58ms 
513395     DEBUG main            d.u.i.k.p.r.p.TestFile    ... success: reloaded. 
513396     INFO  main            d.u.i.k.p.r.p.TestFile    Now processing file /home/runner/work/key/key/key.core/../key.ui/examples/standard_key/java_dl/recursion/triangular.key 
513396     INFO  main            d.u.i.k.p.i.AbstractProblemLoader Loading environment from /home/runner/work/key/key/key.core/../key.ui/examples/standard_key/java_dl/recursion/triangular.key 
513396     DEBUG main            d.u.i.k.p.i.AbstractProblemLoader Environment load took 219.3ns 
513397     INFO  main            d.u.i.k.p.i.AbstractProblemLoader Creating init config 
516391     DEBUG main            d.u.i.k.p.i.AbstractProblemLoader Init config took 2.99s 
516432     INFO  main            d.u.i.k.p.i.AbstractProblemLoader Replaying proof Triangular[Triangular::tria(int)].JML normal_behavior operation contract.0 
516433     DEBUG main            d.u.i.k.p.i.IntermediateProofReplayer Proof replay took 8.3ns 
516637     INFO  main            d.u.i.k.p.r.p.TestFile    ... finished proof: closed. 
517225     INFO  main            d.u.i.k.p.i.AbstractProblemLoader Loading environment from /home/runner/work/key/key/key.core/../key.ui/examples/standard_key/java_dl/recursion/triangular.key.proof 
517225     DEBUG main            d.u.i.k.p.i.AbstractProblemLoader Environment load took 95.4ns 
517226     INFO  main            d.u.i.k.p.i.AbstractProblemLoader Creating init config 
520239     DEBUG main            d.u.i.k.p.i.AbstractProblemLoader Init config took 3.01s 
520278     INFO  main            d.u.i.k.p.i.AbstractProblemLoader Replaying proof Triangular[Triangular::tria(int)].JML normal_behavior operation contract.0 
520316     DEBUG main            d.u.i.k.p.i.IntermediateProofReplayer Proof replay took 35.44ms 
520317     DEBUG main            d.u.i.k.p.r.p.TestFile    ... success: reloaded. 
520318     INFO  main            d.u.i.k.p.r.p.TestFile    Now processing file /home/runner/work/key/key/key.core/../key.ui/examples/standard_key/java_dl/reverseArray.key 
520318     INFO  main            d.u.i.k.p.i.AbstractProblemLoader Loading environment from /home/runner/work/key/key/key.core/../key.ui/examples/standard_key/java_dl/reverseArray.key 
520318     DEBUG main            d.u.i.k.p.i.AbstractProblemLoader Environment load took 102.5ns 
520321     INFO  main            d.u.i.k.p.i.AbstractProblemLoader Creating init config 
520349     WARN  main            d.u.i.k.j.r.KeYCrossReferenceNameInfo Datatype java.io.PrintStream declared twice: Once in FILE:/home/runner/work/key/key/key.core/../key.ui/examples/standard_key/java_dl/./classpath/PrintStream.java and once in URL:file:/home/runner/work/key/key/key.core/build/resources/main/de/uka/ilkd/key/java/JavaRedux/java/io/PrintStream.java, Keeping one from URL:file:/home/runner/work/key/key/key.core/build/resources/main/de/uka/ilkd/key/java/JavaRedux/java/io/PrintStream.java 
520349     WARN  main            d.u.i.k.j.r.KeYCrossReferenceNameInfo Datatype java.lang.System declared twice: Once in FILE:/home/runner/work/key/key/key.core/../key.ui/examples/standard_key/java_dl/./classpath/System.java and once in URL:file:/home/runner/work/key/key/key.core/build/resources/main/de/uka/ilkd/key/java/JavaRedux/java/lang/System.java, Keeping one from URL:file:/home/runner/work/key/key/key.core/build/resources/main/de/uka/ilkd/key/java/JavaRedux/java/lang/System.java 
520349     WARN  main            d.u.i.k.j.r.KeYCrossReferenceNameInfo Datatype java.io.InputStream declared twice: Once in FILE:/home/runner/work/key/key/key.core/../key.ui/examples/standard_key/java_dl/./classpath/InputStream.java and once in URL:file:/home/runner/work/key/key/key.core/build/resources/main/de/uka/ilkd/key/java/JavaRedux/java/io/InputStream.java, Keeping one from URL:file:/home/runner/work/key/key/key.core/build/resources/main/de/uka/ilkd/key/java/JavaRedux/java/io/InputStream.java 
520353     DEBUG main            d.u.i.k.j.r.ClassFileDeclarationBuilder Parsing: package java.io; public class Closeable { } 
520353     DEBUG main            r.s.KeYCrossReferenceSourceInfo Dynamically created class: java.io.Closeable 
523608     DEBUG main            d.u.i.k.p.i.AbstractProblemLoader Init config took 3.29s 
523624     INFO  main            d.u.i.k.p.i.AbstractProblemLoader Replaying proof reverseArray.key 
523626     DEBUG main            d.u.i.k.p.i.IntermediateProofReplayer Proof replay took 8.2ns 
529493     INFO  main            d.u.i.k.p.r.p.TestFile    ... finished proof: closed. 
530146     INFO  main            d.u.i.k.p.i.AbstractProblemLoader Loading environment from /home/runner/work/key/key/key.core/../key.ui/examples/standard_key/java_dl/reverseArray.key.proof 
530148     DEBUG main            d.u.i.k.p.i.AbstractProblemLoader Environment load took 1.1ms 
530152     INFO  main            d.u.i.k.p.i.AbstractProblemLoader Creating init config 
530182     WARN  main            d.u.i.k.j.r.KeYCrossReferenceNameInfo Datatype java.io.PrintStream declared twice: Once in FILE:/home/runner/work/key/key/key.core/../key.ui/examples/standard_key/java_dl/classpath/PrintStream.java and once in URL:file:/home/runner/work/key/key/key.core/build/resources/main/de/uka/ilkd/key/java/JavaRedux/java/io/PrintStream.java, Keeping one from URL:file:/home/runner/work/key/key/key.core/build/resources/main/de/uka/ilkd/key/java/JavaRedux/java/io/PrintStream.java 
530182     WARN  main            d.u.i.k.j.r.KeYCrossReferenceNameInfo Datatype java.lang.System declared twice: Once in FILE:/home/runner/work/key/key/key.core/../key.ui/examples/standard_key/java_dl/classpath/System.java and once in URL:file:/home/runner/work/key/key/key.core/build/resources/main/de/uka/ilkd/key/java/JavaRedux/java/lang/System.java, Keeping one from URL:file:/home/runner/work/key/key/key.core/build/resources/main/de/uka/ilkd/key/java/JavaRedux/java/lang/System.java 
530183     WARN  main            d.u.i.k.j.r.KeYCrossReferenceNameInfo Datatype java.io.InputStream declared twice: Once in FILE:/home/runner/work/key/key/key.core/../key.ui/examples/standard_key/java_dl/classpath/InputStream.java and once in URL:file:/home/runner/work/key/key/key.core/build/resources/main/de/uka/ilkd/key/java/JavaRedux/java/io/InputStream.java, Keeping one from URL:file:/home/runner/work/key/key/key.core/build/resources/main/de/uka/ilkd/key/java/JavaRedux/java/io/InputStream.java 
530186     DEBUG main            d.u.i.k.j.r.ClassFileDeclarationBuilder Parsing: package java.io; public class Closeable { } 
530186     DEBUG main            r.s.KeYCrossReferenceSourceInfo Dynamically created class: java.io.Closeable 
533258     DEBUG main            d.u.i.k.p.i.AbstractProblemLoader Init config took 3.11s 
533279     INFO  main            d.u.i.k.p.i.AbstractProblemLoader Replaying proof reverseArray.key.proof 
533868     DEBUG main            d.u.i.k.p.i.IntermediateProofReplayer Proof replay took 569.82ms 
533870     DEBUG main            d.u.i.k.p.r.p.TestFile    ... success: reloaded. 
533871     INFO  main            d.u.i.k.p.r.p.TestFile    Now processing file /home/runner/work/key/key/key.core/../key.ui/examples/standard_key/java_dl/reverseArray2.key 
533871     INFO  main            d.u.i.k.p.i.AbstractProblemLoader Loading environment from /home/runner/work/key/key/key.core/../key.ui/examples/standard_key/java_dl/reverseArray2.key 
533871     DEBUG main            d.u.i.k.p.i.AbstractProblemLoader Environment load took 58.4ns 
533874     INFO  main            d.u.i.k.p.i.AbstractProblemLoader Creating init config 
533901     WARN  main            d.u.i.k.j.r.KeYCrossReferenceNameInfo Datatype java.io.PrintStream declared twice: Once in FILE:/home/runner/work/key/key/key.core/../key.ui/examples/standard_key/java_dl/classpath/PrintStream.java and once in URL:file:/home/runner/work/key/key/key.core/build/resources/main/de/uka/ilkd/key/java/JavaRedux/java/io/PrintStream.java, Keeping one from URL:file:/home/runner/work/key/key/key.core/build/resources/main/de/uka/ilkd/key/java/JavaRedux/java/io/PrintStream.java 
533901     WARN  main            d.u.i.k.j.r.KeYCrossReferenceNameInfo Datatype java.lang.System declared twice: Once in FILE:/home/runner/work/key/key/key.core/../key.ui/examples/standard_key/java_dl/classpath/System.java and once in URL:file:/home/runner/work/key/key/key.core/build/resources/main/de/uka/ilkd/key/java/JavaRedux/java/lang/System.java, Keeping one from URL:file:/home/runner/work/key/key/key.core/build/resources/main/de/uka/ilkd/key/java/JavaRedux/java/lang/System.java 
533901     WARN  main            d.u.i.k.j.r.KeYCrossReferenceNameInfo Datatype java.io.InputStream declared twice: Once in FILE:/home/runner/work/key/key/key.core/../key.ui/examples/standard_key/java_dl/classpath/InputStream.java and once in URL:file:/home/runner/work/key/key/key.core/build/resources/main/de/uka/ilkd/key/java/JavaRedux/java/io/InputStream.java, Keeping one from URL:file:/home/runner/work/key/key/key.core/build/resources/main/de/uka/ilkd/key/java/JavaRedux/java/io/InputStream.java 
533905     DEBUG main            d.u.i.k.j.r.ClassFileDeclarationBuilder Parsing: package java.io; public class Closeable { } 
533905     DEBUG main            r.s.KeYCrossReferenceSourceInfo Dynamically created class: java.io.Closeable 
537118     DEBUG main            d.u.i.k.p.i.AbstractProblemLoader Init config took 3.24s 
537134     INFO  main            d.u.i.k.p.i.AbstractProblemLoader Replaying proof reverseArray2.key 
537136     DEBUG main            d.u.i.k.p.i.IntermediateProofReplayer Proof replay took 44.7ns 
538878     INFO  main            d.u.i.k.p.r.p.TestFile    ... finished proof: closed. 
539600     INFO  main            d.u.i.k.p.i.AbstractProblemLoader Loading environment from /home/runner/work/key/key/key.core/../key.ui/examples/standard_key/java_dl/reverseArray2.key.proof 
539600     DEBUG main            d.u.i.k.p.i.AbstractProblemLoader Environment load took 111.1ns 
539602     INFO  main            d.u.i.k.p.i.AbstractProblemLoader Creating init config 
539628     WARN  main            d.u.i.k.j.r.KeYCrossReferenceNameInfo Datatype java.io.PrintStream declared twice: Once in FILE:/home/runner/work/key/key/key.core/../key.ui/examples/standard_key/java_dl/classpath/PrintStream.java and once in URL:file:/home/runner/work/key/key/key.core/build/resources/main/de/uka/ilkd/key/java/JavaRedux/java/io/PrintStream.java, Keeping one from URL:file:/home/runner/work/key/key/key.core/build/resources/main/de/uka/ilkd/key/java/JavaRedux/java/io/PrintStream.java 
539629     WARN  main            d.u.i.k.j.r.KeYCrossReferenceNameInfo Datatype java.lang.System declared twice: Once in FILE:/home/runner/work/key/key/key.core/../key.ui/examples/standard_key/java_dl/classpath/System.java and once in URL:file:/home/runner/work/key/key/key.core/build/resources/main/de/uka/ilkd/key/java/JavaRedux/java/lang/System.java, Keeping one from URL:file:/home/runner/work/key/key/key.core/build/resources/main/de/uka/ilkd/key/java/JavaRedux/java/lang/System.java 
539629     WARN  main            d.u.i.k.j.r.KeYCrossReferenceNameInfo Datatype java.io.InputStream declared twice: Once in FILE:/home/runner/work/key/key/key.core/../key.ui/examples/standard_key/java_dl/classpath/InputStream.java and once in URL:file:/home/runner/work/key/key/key.core/build/resources/main/de/uka/ilkd/key/java/JavaRedux/java/io/InputStream.java, Keeping one from URL:file:/home/runner/work/key/key/key.core/build/resources/main/de/uka/ilkd/key/java/JavaRedux/java/io/InputStream.java 
539633     DEBUG main            d.u.i.k.j.r.ClassFileDeclarationBuilder Parsing: package java.io; public class Closeable { } 
539633     DEBUG main            r.s.KeYCrossReferenceSourceInfo Dynamically created class: java.io.Closeable 
542790     DEBUG main            d.u.i.k.p.i.AbstractProblemLoader Init config took 3.19s 
542806     INFO  main            d.u.i.k.p.i.AbstractProblemLoader Replaying proof reverseArray2.key.proof 
543013     DEBUG main            d.u.i.k.p.i.IntermediateProofReplayer Proof replay took 200.18ms 
543015     DEBUG main            d.u.i.k.p.r.p.TestFile    ... success: reloaded. 
543016     INFO  main            d.u.i.k.p.r.p.TestFile    Now processing file /home/runner/work/key/key/key.core/../key.ui/examples/standard_key/java_dl/simpleAssignment.key 
543016     INFO  main            d.u.i.k.p.i.AbstractProblemLoader Loading environment from /home/runner/work/key/key/key.core/../key.ui/examples/standard_key/java_dl/simpleAssignment.key 
543016     DEBUG main            d.u.i.k.p.i.AbstractProblemLoader Environment load took 86.6ns 
543017     INFO  main            d.u.i.k.p.i.AbstractProblemLoader Creating init config 
546082     DEBUG main            d.u.i.k.p.i.AbstractProblemLoader Init config took 3.07s 
546097     INFO  main            d.u.i.k.p.i.AbstractProblemLoader Replaying proof simpleAssignment.key 
546099     DEBUG main            d.u.i.k.p.i.IntermediateProofReplayer Proof replay took 3.9ns 
546201     INFO  main            d.u.i.k.p.r.p.TestFile    ... finished proof: closed. 
546842     INFO  main            d.u.i.k.p.i.AbstractProblemLoader Loading environment from /home/runner/work/key/key/key.core/../key.ui/examples/standard_key/java_dl/simpleAssignment.key.proof 
546842     DEBUG main            d.u.i.k.p.i.AbstractProblemLoader Environment load took 87.5ns 
546843     INFO  main            d.u.i.k.p.i.AbstractProblemLoader Creating init config 
549778     DEBUG main            d.u.i.k.p.i.AbstractProblemLoader Init config took 2.94s 
549794     INFO  main            d.u.i.k.p.i.AbstractProblemLoader Replaying proof simpleAssignment.key.proof 
549797     DEBUG main            d.u.i.k.p.i.IntermediateProofReplayer Proof replay took 758.71ns 
549797     DEBUG main            d.u.i.k.p.r.p.TestFile    ... success: reloaded. 
549798     INFO  main            d.u.i.k.p.r.p.TestFile    Now processing file /home/runner/work/key/key/key.core/../key.ui/examples/standard_key/java_dl/simpleAssignment2.key 
549798     INFO  main            d.u.i.k.p.i.AbstractProblemLoader Loading environment from /home/runner/work/key/key/key.core/../key.ui/examples/standard_key/java_dl/simpleAssignment2.key 
549799     DEBUG main            d.u.i.k.p.i.AbstractProblemLoader Environment load took 63.2ns 
549799     INFO  main            d.u.i.k.p.i.AbstractProblemLoader Creating init config 
552694     DEBUG main            d.u.i.k.p.i.AbstractProblemLoader Init config took 2.89s 
552709     INFO  main            d.u.i.k.p.i.AbstractProblemLoader Replaying proof simpleAssignment2.key 
552711     DEBUG main            d.u.i.k.p.i.IntermediateProofReplayer Proof replay took 4.6ns 
552812     INFO  main            d.u.i.k.p.r.p.TestFile    ... finished proof: closed. 
553455     INFO  main            d.u.i.k.p.i.AbstractProblemLoader Loading environment from /home/runner/work/key/key/key.core/../key.ui/examples/standard_key/java_dl/simpleAssignment2.key.proof 
553455     DEBUG main            d.u.i.k.p.i.AbstractProblemLoader Environment load took 95.1ns 
553456     INFO  main            d.u.i.k.p.i.AbstractProblemLoader Creating init config 
556413     DEBUG main            d.u.i.k.p.i.AbstractProblemLoader Init config took 2.96s 
556428     INFO  main            d.u.i.k.p.i.AbstractProblemLoader Replaying proof simpleAssignment2.key.proof 
556430     DEBUG main            d.u.i.k.p.i.IntermediateProofReplayer Proof replay took 452.3ns 
556431     DEBUG main            d.u.i.k.p.r.p.TestFile    ... success: reloaded. 
556431     INFO  main            d.u.i.k.p.r.p.TestFile    Now processing file /home/runner/work/key/key/key.core/../key.ui/examples/standard_key/java_dl/splittingWithQueries.key 
556432     INFO  main            d.u.i.k.p.i.AbstractProblemLoader Loading environment from /home/runner/work/key/key/key.core/../key.ui/examples/standard_key/java_dl/splittingWithQueries.key 
556432     DEBUG main            d.u.i.k.p.i.AbstractProblemLoader Environment load took 52.8ns 
556433     INFO  main            d.u.i.k.p.i.AbstractProblemLoader Creating init config 
559523     DEBUG main            d.u.i.k.p.i.AbstractProblemLoader Init config took 3.09s 
559537     INFO  main            d.u.i.k.p.i.AbstractProblemLoader Replaying proof splittingWithQueries.key 
559539     DEBUG main            d.u.i.k.p.i.IntermediateProofReplayer Proof replay took 3.4ns 
559641     INFO  main            d.u.i.k.p.r.p.TestFile    ... finished proof: closed. 
560239     INFO  main            d.u.i.k.p.i.AbstractProblemLoader Loading environment from /home/runner/work/key/key/key.core/../key.ui/examples/standard_key/java_dl/splittingWithQueries.key.proof 
560240     DEBUG main            d.u.i.k.p.i.AbstractProblemLoader Environment load took 84.2ns 
560241     INFO  main            d.u.i.k.p.i.AbstractProblemLoader Creating init config 
563186     DEBUG main            d.u.i.k.p.i.AbstractProblemLoader Init config took 2.95s 
563201     INFO  main            d.u.i.k.p.i.AbstractProblemLoader Replaying proof splittingWithQueries.key.proof 
563205     DEBUG main            d.u.i.k.p.i.IntermediateProofReplayer Proof replay took 1.97ms 
563206     DEBUG main            d.u.i.k.p.r.p.TestFile    ... success: reloaded. 
563207     INFO  main            d.u.i.k.p.r.p.TestFile    Now processing file /home/runner/work/key/key/key.core/../key.ui/examples/standard_key/java_dl/strassen/strassen.key 
563207     INFO  main            d.u.i.k.p.i.AbstractProblemLoader Loading environment from /home/runner/work/key/key/key.core/../key.ui/examples/standard_key/java_dl/strassen/strassen.key 
563208     DEBUG main            d.u.i.k.p.i.AbstractProblemLoader Environment load took 185.1ns 
563209     INFO  main            d.u.i.k.p.i.AbstractProblemLoader Creating init config 
566368     DEBUG main            d.u.i.k.p.i.AbstractProblemLoader Init config took 3.16s 
566412     INFO  main            d.u.i.k.p.i.AbstractProblemLoader Replaying proof Matrix22[Matrix22::strassen(Matrix22,Matrix22)].JML normal_behavior operation contract.0 
566414     DEBUG main            d.u.i.k.p.i.IntermediateProofReplayer Proof replay took 5.1ns 
572919     INFO  main            d.u.i.k.p.r.p.TestFile    ... finished proof: closed. 
573733     INFO  main            d.u.i.k.p.i.AbstractProblemLoader Loading environment from /home/runner/work/key/key/key.core/../key.ui/examples/standard_key/java_dl/strassen/strassen.key.proof 
573733     DEBUG main            d.u.i.k.p.i.AbstractProblemLoader Environment load took 159.5ns 
573734     INFO  main            d.u.i.k.p.i.AbstractProblemLoader Creating init config 
576872     DEBUG main            d.u.i.k.p.i.AbstractProblemLoader Init config took 3.14s 
576927     INFO  main            d.u.i.k.p.i.AbstractProblemLoader Replaying proof Matrix22[Matrix22::strassen(Matrix22,Matrix22)].JML normal_behavior operation contract.0 
577478     DEBUG main            d.u.i.k.p.i.IntermediateProofReplayer Proof replay took 535.95ms 
577480     DEBUG main            d.u.i.k.p.r.p.TestFile    ... success: reloaded. 
577481     INFO  main            d.u.i.k.p.r.p.TestFile    Now processing file /home/runner/work/key/key/key.core/../key.ui/examples/standard_key/java_dl/symmArray.key 
577482     INFO  main            d.u.i.k.p.i.AbstractProblemLoader Loading environment from /home/runner/work/key/key/key.core/../key.ui/examples/standard_key/java_dl/symmArray.key 
577482     DEBUG main            d.u.i.k.p.i.AbstractProblemLoader Environment load took 173.2ns 
577486     INFO  main            d.u.i.k.p.i.AbstractProblemLoader Creating init config 
580825     DEBUG main            d.u.i.k.p.i.AbstractProblemLoader Init config took 3.34s 
580842     INFO  main            d.u.i.k.p.i.AbstractProblemLoader Replaying proof symmArray.key 
580844     DEBUG main            d.u.i.k.p.i.IntermediateProofReplayer Proof replay took 4.5ns 
682105     INFO  main            d.u.i.k.p.r.p.TestFile    ... finished proof: closed. 
682907     INFO  main            d.u.i.k.p.i.AbstractProblemLoader Loading environment from /home/runner/work/key/key/key.core/../key.ui/examples/standard_key/java_dl/symmArray.key.proof 
682907     DEBUG main            d.u.i.k.p.i.AbstractProblemLoader Environment load took 183.5ns 
682913     INFO  main            d.u.i.k.p.i.AbstractProblemLoader Creating init config 
686092     DEBUG main            d.u.i.k.p.i.AbstractProblemLoader Init config took 3.18s 
686109     INFO  main            d.u.i.k.p.i.AbstractProblemLoader Replaying proof symmArray.key.proof 
687372     DEBUG main            d.u.i.k.p.i.IntermediateProofReplayer Proof replay took 1.18s 
687378     DEBUG main            d.u.i.k.p.r.p.TestFile    ... success: reloaded. 
687379     INFO  main            d.u.i.k.p.r.p.TestFile    Now processing file /home/runner/work/key/key/key.core/../key.ui/examples/standard_key/java_dl/testcontext.key 
687379     INFO  main            d.u.i.k.p.i.AbstractProblemLoader Loading environment from /home/runner/work/key/key/key.core/../key.ui/examples/standard_key/java_dl/testcontext.key 
687380     DEBUG main            d.u.i.k.p.i.AbstractProblemLoader Environment load took 89.3ns 
687381     INFO  main            d.u.i.k.p.i.AbstractProblemLoader Creating init config 
687408     WARN  main            d.u.i.k.j.r.KeYCrossReferenceNameInfo Datatype java.io.PrintStream declared twice: Once in FILE:/home/runner/work/key/key/key.core/../key.ui/examples/standard_key/java_dl/classpath/PrintStream.java and once in URL:file:/home/runner/work/key/key/key.core/build/resources/main/de/uka/ilkd/key/java/JavaRedux/java/io/PrintStream.java, Keeping one from URL:file:/home/runner/work/key/key/key.core/build/resources/main/de/uka/ilkd/key/java/JavaRedux/java/io/PrintStream.java 
687409     WARN  main            d.u.i.k.j.r.KeYCrossReferenceNameInfo Datatype java.lang.System declared twice: Once in FILE:/home/runner/work/key/key/key.core/../key.ui/examples/standard_key/java_dl/classpath/System.java and once in URL:file:/home/runner/work/key/key/key.core/build/resources/main/de/uka/ilkd/key/java/JavaRedux/java/lang/System.java, Keeping one from URL:file:/home/runner/work/key/key/key.core/build/resources/main/de/uka/ilkd/key/java/JavaRedux/java/lang/System.java 
687409     WARN  main            d.u.i.k.j.r.KeYCrossReferenceNameInfo Datatype java.io.InputStream declared twice: Once in FILE:/home/runner/work/key/key/key.core/../key.ui/examples/standard_key/java_dl/classpath/InputStream.java and once in URL:file:/home/runner/work/key/key/key.core/build/resources/main/de/uka/ilkd/key/java/JavaRedux/java/io/InputStream.java, Keeping one from URL:file:/home/runner/work/key/key/key.core/build/resources/main/de/uka/ilkd/key/java/JavaRedux/java/io/InputStream.java 
687412     DEBUG main            d.u.i.k.j.r.ClassFileDeclarationBuilder Parsing: package java.io; public class Closeable { } 
687412     DEBUG main            r.s.KeYCrossReferenceSourceInfo Dynamically created class: java.io.Closeable 
690552     DEBUG main            d.u.i.k.p.i.AbstractProblemLoader Init config took 3.17s 
690570     INFO  main            d.u.i.k.p.i.AbstractProblemLoader Replaying proof testcontext.key 
690572     DEBUG main            d.u.i.k.p.i.IntermediateProofReplayer Proof replay took 4.2ns 
690877     INFO  main            d.u.i.k.p.r.p.TestFile    ... finished proof: closed. 
691707     INFO  main            d.u.i.k.p.i.AbstractProblemLoader Loading environment from /home/runner/work/key/key/key.core/../key.ui/examples/standard_key/java_dl/testcontext.key.proof 
691707     DEBUG main            d.u.i.k.p.i.AbstractProblemLoader Environment load took 442.8ns 
691708     INFO  main            d.u.i.k.p.i.AbstractProblemLoader Creating init config 
691735     WARN  main            d.u.i.k.j.r.KeYCrossReferenceNameInfo Datatype java.io.PrintStream declared twice: Once in FILE:/home/runner/work/key/key/key.core/../key.ui/examples/standard_key/java_dl/classpath/PrintStream.java and once in URL:file:/home/runner/work/key/key/key.core/build/resources/main/de/uka/ilkd/key/java/JavaRedux/java/io/PrintStream.java, Keeping one from URL:file:/home/runner/work/key/key/key.core/build/resources/main/de/uka/ilkd/key/java/JavaRedux/java/io/PrintStream.java 
691735     WARN  main            d.u.i.k.j.r.KeYCrossReferenceNameInfo Datatype java.lang.System declared twice: Once in FILE:/home/runner/work/key/key/key.core/../key.ui/examples/standard_key/java_dl/classpath/System.java and once in URL:file:/home/runner/work/key/key/key.core/build/resources/main/de/uka/ilkd/key/java/JavaRedux/java/lang/System.java, Keeping one from URL:file:/home/runner/work/key/key/key.core/build/resources/main/de/uka/ilkd/key/java/JavaRedux/java/lang/System.java 
691736     WARN  main            d.u.i.k.j.r.KeYCrossReferenceNameInfo Datatype java.io.InputStream declared twice: Once in FILE:/home/runner/work/key/key/key.core/../key.ui/examples/standard_key/java_dl/classpath/InputStream.java and once in URL:file:/home/runner/work/key/key/key.core/build/resources/main/de/uka/ilkd/key/java/JavaRedux/java/io/InputStream.java, Keeping one from URL:file:/home/runner/work/key/key/key.core/build/resources/main/de/uka/ilkd/key/java/JavaRedux/java/io/InputStream.java 
691740     DEBUG main            d.u.i.k.j.r.ClassFileDeclarationBuilder Parsing: package java.io; public class Closeable { } 
691740     DEBUG main            r.s.KeYCrossReferenceSourceInfo Dynamically created class: java.io.Closeable 
694671     DEBUG main            d.u.i.k.p.i.AbstractProblemLoader Init config took 2.96s 
694687     INFO  main            d.u.i.k.p.i.AbstractProblemLoader Replaying proof testcontext.key.proof 
694747     DEBUG main            d.u.i.k.p.i.IntermediateProofReplayer Proof replay took 56.1ms 
694749     DEBUG main            d.u.i.k.p.r.p.TestFile    ... success: reloaded. 
694750     INFO  main            d.u.i.k.p.r.p.TestFile    Now processing file /home/runner/work/key/key/key.core/../key.ui/examples/standard_key/staticInitialisation/cascadeStaticInitialisation.key 
694750     INFO  main            d.u.i.k.p.i.AbstractProblemLoader Loading environment from /home/runner/work/key/key/key.core/../key.ui/examples/standard_key/staticInitialisation/cascadeStaticInitialisation.key 
694750     DEBUG main            d.u.i.k.p.i.AbstractProblemLoader Environment load took 66ns 
694753     INFO  main            d.u.i.k.p.i.AbstractProblemLoader Creating init config 
694779     WARN  main            d.u.i.k.j.r.KeYCrossReferenceNameInfo Datatype java.io.PrintStream declared twice: Once in FILE:/home/runner/work/key/key/key.core/../key.ui/examples/standard_key/staticInitialisation/classpath/PrintStream.java and once in URL:file:/home/runner/work/key/key/key.core/build/resources/main/de/uka/ilkd/key/java/JavaRedux/java/io/PrintStream.java, Keeping one from URL:file:/home/runner/work/key/key/key.core/build/resources/main/de/uka/ilkd/key/java/JavaRedux/java/io/PrintStream.java 
694779     WARN  main            d.u.i.k.j.r.KeYCrossReferenceNameInfo Datatype java.lang.System declared twice: Once in FILE:/home/runner/work/key/key/key.core/../key.ui/examples/standard_key/staticInitialisation/classpath/System.java and once in URL:file:/home/runner/work/key/key/key.core/build/resources/main/de/uka/ilkd/key/java/JavaRedux/java/lang/System.java, Keeping one from URL:file:/home/runner/work/key/key/key.core/build/resources/main/de/uka/ilkd/key/java/JavaRedux/java/lang/System.java 
697766     DEBUG main            d.u.i.k.p.i.AbstractProblemLoader Init config took 3.01s 
697783     INFO  main            d.u.i.k.p.i.AbstractProblemLoader Replaying proof cascadeStaticInitialisation.key 
697785     DEBUG main            d.u.i.k.p.i.IntermediateProofReplayer Proof replay took 8.7ns 
698691     INFO  main            d.u.i.k.p.r.p.TestFile    ... finished proof: closed. 
699420     INFO  main            d.u.i.k.p.i.AbstractProblemLoader Loading environment from /home/runner/work/key/key/key.core/../key.ui/examples/standard_key/staticInitialisation/cascadeStaticInitialisation.key.proof 
699420     DEBUG main            d.u.i.k.p.i.AbstractProblemLoader Environment load took 390ns 
699422     INFO  main            d.u.i.k.p.i.AbstractProblemLoader Creating init config 
699451     WARN  main            d.u.i.k.j.r.KeYCrossReferenceNameInfo Datatype java.io.PrintStream declared twice: Once in FILE:/home/runner/work/key/key/key.core/../key.ui/examples/standard_key/staticInitialisation/classpath/PrintStream.java and once in URL:file:/home/runner/work/key/key/key.core/build/resources/main/de/uka/ilkd/key/java/JavaRedux/java/io/PrintStream.java, Keeping one from URL:file:/home/runner/work/key/key/key.core/build/resources/main/de/uka/ilkd/key/java/JavaRedux/java/io/PrintStream.java 
699451     WARN  main            d.u.i.k.j.r.KeYCrossReferenceNameInfo Datatype java.lang.System declared twice: Once in FILE:/home/runner/work/key/key/key.core/../key.ui/examples/standard_key/staticInitialisation/classpath/System.java and once in URL:file:/home/runner/work/key/key/key.core/build/resources/main/de/uka/ilkd/key/java/JavaRedux/java/lang/System.java, Keeping one from URL:file:/home/runner/work/key/key/key.core/build/resources/main/de/uka/ilkd/key/java/JavaRedux/java/lang/System.java 
702414     DEBUG main            d.u.i.k.p.i.AbstractProblemLoader Init config took 2.99s 
702436     INFO  main            d.u.i.k.p.i.AbstractProblemLoader Replaying proof cascadeStaticInitialisation.key.proof 
702587     DEBUG main            d.u.i.k.p.i.IntermediateProofReplayer Proof replay took 147.15ms 
702589     DEBUG main            d.u.i.k.p.r.p.TestFile    ... success: reloaded. 
702590     INFO  main            d.u.i.k.p.r.p.TestFile    Now processing file /home/runner/work/key/key/key.core/../key.ui/examples/standard_key/staticInitialisation/erroneousClassImpliesErroneousSubclass.key 
702591     INFO  main            d.u.i.k.p.i.AbstractProblemLoader Loading environment from /home/runner/work/key/key/key.core/../key.ui/examples/standard_key/staticInitialisation/erroneousClassImpliesErroneousSubclass.key 
702591     DEBUG main            d.u.i.k.p.i.AbstractProblemLoader Environment load took 213.4ns 
702593     INFO  main            d.u.i.k.p.i.AbstractProblemLoader Creating init config 
702624     WARN  main            d.u.i.k.j.r.KeYCrossReferenceNameInfo Datatype java.io.PrintStream declared twice: Once in FILE:/home/runner/work/key/key/key.core/../key.ui/examples/standard_key/staticInitialisation/classpath/PrintStream.java and once in URL:file:/home/runner/work/key/key/key.core/build/resources/main/de/uka/ilkd/key/java/JavaRedux/java/io/PrintStream.java, Keeping one from URL:file:/home/runner/work/key/key/key.core/build/resources/main/de/uka/ilkd/key/java/JavaRedux/java/io/PrintStream.java 
702625     WARN  main            d.u.i.k.j.r.KeYCrossReferenceNameInfo Datatype java.lang.System declared twice: Once in FILE:/home/runner/work/key/key/key.core/../key.ui/examples/standard_key/staticInitialisation/classpath/System.java and once in URL:file:/home/runner/work/key/key/key.core/build/resources/main/de/uka/ilkd/key/java/JavaRedux/java/lang/System.java, Keeping one from URL:file:/home/runner/work/key/key/key.core/build/resources/main/de/uka/ilkd/key/java/JavaRedux/java/lang/System.java 
705597     DEBUG main            d.u.i.k.p.i.AbstractProblemLoader Init config took 3s 
705612     INFO  main            d.u.i.k.p.i.AbstractProblemLoader Replaying proof erroneousClassImpliesErroneousSubclass.key 
705613     DEBUG main            d.u.i.k.p.i.IntermediateProofReplayer Proof replay took 4ns 
705715     INFO  main            d.u.i.k.p.r.p.TestFile    ... finished proof: closed. 
706448     INFO  main            d.u.i.k.p.i.AbstractProblemLoader Loading environment from /home/runner/work/key/key/key.core/../key.ui/examples/standard_key/staticInitialisation/erroneousClassImpliesErroneousSubclass.key.proof 
706448     DEBUG main            d.u.i.k.p.i.AbstractProblemLoader Environment load took 103.8ns 
706450     INFO  main            d.u.i.k.p.i.AbstractProblemLoader Creating init config 
706476     WARN  main            d.u.i.k.j.r.KeYCrossReferenceNameInfo Datatype java.io.PrintStream declared twice: Once in FILE:/home/runner/work/key/key/key.core/../key.ui/examples/standard_key/staticInitialisation/classpath/PrintStream.java and once in URL:file:/home/runner/work/key/key/key.core/build/resources/main/de/uka/ilkd/key/java/JavaRedux/java/io/PrintStream.java, Keeping one from URL:file:/home/runner/work/key/key/key.core/build/resources/main/de/uka/ilkd/key/java/JavaRedux/java/io/PrintStream.java 
706477     WARN  main            d.u.i.k.j.r.KeYCrossReferenceNameInfo Datatype java.lang.System declared twice: Once in FILE:/home/runner/work/key/key/key.core/../key.ui/examples/standard_key/staticInitialisation/classpath/System.java and once in URL:file:/home/runner/work/key/key/key.core/build/resources/main/de/uka/ilkd/key/java/JavaRedux/java/lang/System.java, Keeping one from URL:file:/home/runner/work/key/key/key.core/build/resources/main/de/uka/ilkd/key/java/JavaRedux/java/lang/System.java 
709570     DEBUG main            d.u.i.k.p.i.AbstractProblemLoader Init config took 3.12s 
709585     INFO  main            d.u.i.k.p.i.AbstractProblemLoader Replaying proof erroneousClassImpliesErroneousSubclass.key.proof 
709588     DEBUG main            d.u.i.k.p.i.IntermediateProofReplayer Proof replay took 643.61ns 
709589     DEBUG main            d.u.i.k.p.r.p.TestFile    ... success: reloaded. 
709593     INFO  main            d.u.i.k.p.r.p.TestFile    Now processing file /home/runner/work/key/key/key.core/../key.ui/examples/standard_key/staticInitialisation/initializedSubclassImpliesInitializedSuperclass.key 
709593     INFO  main            d.u.i.k.p.i.AbstractProblemLoader Loading environment from /home/runner/work/key/key/key.core/../key.ui/examples/standard_key/staticInitialisation/initializedSubclassImpliesInitializedSuperclass.key 
709594     DEBUG main            d.u.i.k.p.i.AbstractProblemLoader Environment load took 189.6ns 
709595     INFO  main            d.u.i.k.p.i.AbstractProblemLoader Creating init config 
709625     WARN  main            d.u.i.k.j.r.KeYCrossReferenceNameInfo Datatype java.io.PrintStream declared twice: Once in FILE:/home/runner/work/key/key/key.core/../key.ui/examples/standard_key/staticInitialisation/classpath/PrintStream.java and once in URL:file:/home/runner/work/key/key/key.core/build/resources/main/de/uka/ilkd/key/java/JavaRedux/java/io/PrintStream.java, Keeping one from URL:file:/home/runner/work/key/key/key.core/build/resources/main/de/uka/ilkd/key/java/JavaRedux/java/io/PrintStream.java 
709626     WARN  main            d.u.i.k.j.r.KeYCrossReferenceNameInfo Datatype java.lang.System declared twice: Once in FILE:/home/runner/work/key/key/key.core/../key.ui/examples/standard_key/staticInitialisation/classpath/System.java and once in URL:file:/home/runner/work/key/key/key.core/build/resources/main/de/uka/ilkd/key/java/JavaRedux/java/lang/System.java, Keeping one from URL:file:/home/runner/work/key/key/key.core/build/resources/main/de/uka/ilkd/key/java/JavaRedux/java/lang/System.java 
712825     DEBUG main            d.u.i.k.p.i.AbstractProblemLoader Init config took 3.23s 
712840     INFO  main            d.u.i.k.p.i.AbstractProblemLoader Replaying proof initializedSubclassImpliesInitializedSuperclass.key 
712841     DEBUG main            d.u.i.k.p.i.IntermediateProofReplayer Proof replay took 3.5ns 
712943     INFO  main            d.u.i.k.p.r.p.TestFile    ... finished proof: closed. 
713621     INFO  main            d.u.i.k.p.i.AbstractProblemLoader Loading environment from /home/runner/work/key/key/key.core/../key.ui/examples/standard_key/staticInitialisation/initializedSubclassImpliesInitializedSuperclass.key.proof 
713622     DEBUG main            d.u.i.k.p.i.AbstractProblemLoader Environment load took 86.5ns 
713623     INFO  main            d.u.i.k.p.i.AbstractProblemLoader Creating init config 
713649     WARN  main            d.u.i.k.j.r.KeYCrossReferenceNameInfo Datatype java.io.PrintStream declared twice: Once in FILE:/home/runner/work/key/key/key.core/../key.ui/examples/standard_key/staticInitialisation/classpath/PrintStream.java and once in URL:file:/home/runner/work/key/key/key.core/build/resources/main/de/uka/ilkd/key/java/JavaRedux/java/io/PrintStream.java, Keeping one from URL:file:/home/runner/work/key/key/key.core/build/resources/main/de/uka/ilkd/key/java/JavaRedux/java/io/PrintStream.java 
713650     WARN  main            d.u.i.k.j.r.KeYCrossReferenceNameInfo Datatype java.lang.System declared twice: Once in FILE:/home/runner/work/key/key/key.core/../key.ui/examples/standard_key/staticInitialisation/classpath/System.java and once in URL:file:/home/runner/work/key/key/key.core/build/resources/main/de/uka/ilkd/key/java/JavaRedux/java/lang/System.java, Keeping one from URL:file:/home/runner/work/key/key/key.core/build/resources/main/de/uka/ilkd/key/java/JavaRedux/java/lang/System.java 
716796     DEBUG main            d.u.i.k.p.i.AbstractProblemLoader Init config took 3.17s 
716811     INFO  main            d.u.i.k.p.i.AbstractProblemLoader Replaying proof initializedSubclassImpliesInitializedSuperclass.key.proof 
716813     DEBUG main            d.u.i.k.p.i.IntermediateProofReplayer Proof replay took 411.4ns 
716814     DEBUG main            d.u.i.k.p.r.p.TestFile    ... success: reloaded. 
716815     INFO  main            d.u.i.k.p.r.p.TestFile    Now processing file /home/runner/work/key/key/key.core/../key.ui/examples/standard_key/staticInitialisation/localDeclared.key 
716815     INFO  main            d.u.i.k.p.i.AbstractProblemLoader Loading environment from /home/runner/work/key/key/key.core/../key.ui/examples/standard_key/staticInitialisation/localDeclared.key 
716815     DEBUG main            d.u.i.k.p.i.AbstractProblemLoader Environment load took 82.3ns 
716817     INFO  main            d.u.i.k.p.i.AbstractProblemLoader Creating init config 
716843     WARN  main            d.u.i.k.j.r.KeYCrossReferenceNameInfo Datatype java.io.PrintStream declared twice: Once in FILE:/home/runner/work/key/key/key.core/../key.ui/examples/standard_key/staticInitialisation/classpath/PrintStream.java and once in URL:file:/home/runner/work/key/key/key.core/build/resources/main/de/uka/ilkd/key/java/JavaRedux/java/io/PrintStream.java, Keeping one from URL:file:/home/runner/work/key/key/key.core/build/resources/main/de/uka/ilkd/key/java/JavaRedux/java/io/PrintStream.java 
716843     WARN  main            d.u.i.k.j.r.KeYCrossReferenceNameInfo Datatype java.lang.System declared twice: Once in FILE:/home/runner/work/key/key/key.core/../key.ui/examples/standard_key/staticInitialisation/classpath/System.java and once in URL:file:/home/runner/work/key/key/key.core/build/resources/main/de/uka/ilkd/key/java/JavaRedux/java/lang/System.java, Keeping one from URL:file:/home/runner/work/key/key/key.core/build/resources/main/de/uka/ilkd/key/java/JavaRedux/java/lang/System.java 
719806     DEBUG main            d.u.i.k.p.i.AbstractProblemLoader Init config took 2.99s 
719823     INFO  main            d.u.i.k.p.i.AbstractProblemLoader Replaying proof localDeclared.key 
719825     DEBUG main            d.u.i.k.p.i.IntermediateProofReplayer Proof replay took 4.6ns 
720129     INFO  main            d.u.i.k.p.r.p.TestFile    ... finished proof: closed. 
720837     INFO  main            d.u.i.k.p.i.AbstractProblemLoader Loading environment from /home/runner/work/key/key/key.core/../key.ui/examples/standard_key/staticInitialisation/localDeclared.key.proof 
720837     DEBUG main            d.u.i.k.p.i.AbstractProblemLoader Environment load took 88.5ns 
720838     INFO  main            d.u.i.k.p.i.AbstractProblemLoader Creating init config 
720865     WARN  main            d.u.i.k.j.r.KeYCrossReferenceNameInfo Datatype java.io.PrintStream declared twice: Once in FILE:/home/runner/work/key/key/key.core/../key.ui/examples/standard_key/staticInitialisation/classpath/PrintStream.java and once in URL:file:/home/runner/work/key/key/key.core/build/resources/main/de/uka/ilkd/key/java/JavaRedux/java/io/PrintStream.java, Keeping one from URL:file:/home/runner/work/key/key/key.core/build/resources/main/de/uka/ilkd/key/java/JavaRedux/java/io/PrintStream.java 
720865     WARN  main            d.u.i.k.j.r.KeYCrossReferenceNameInfo Datatype java.lang.System declared twice: Once in FILE:/home/runner/work/key/key/key.core/../key.ui/examples/standard_key/staticInitialisation/classpath/System.java and once in URL:file:/home/runner/work/key/key/key.core/build/resources/main/de/uka/ilkd/key/java/JavaRedux/java/lang/System.java, Keeping one from URL:file:/home/runner/work/key/key/key.core/build/resources/main/de/uka/ilkd/key/java/JavaRedux/java/lang/System.java 
723881     DEBUG main            d.u.i.k.p.i.AbstractProblemLoader Init config took 3.04s 
723898     INFO  main            d.u.i.k.p.i.AbstractProblemLoader Replaying proof localDeclared.key.proof 
723957     DEBUG main            d.u.i.k.p.i.IntermediateProofReplayer Proof replay took 56.55ms 
723959     DEBUG main            d.u.i.k.p.r.p.TestFile    ... success: reloaded. 
723960     INFO  main            d.u.i.k.p.r.p.TestFile    Now processing file /home/runner/work/key/key/key.core/../key.ui/examples/standard_key/staticInitialisation/localDeclaredMethod.key 
723960     INFO  main            d.u.i.k.p.i.AbstractProblemLoader Loading environment from /home/runner/work/key/key/key.core/../key.ui/examples/standard_key/staticInitialisation/localDeclaredMethod.key 
723961     DEBUG main            d.u.i.k.p.i.AbstractProblemLoader Environment load took 215.1ns 
723963     INFO  main            d.u.i.k.p.i.AbstractProblemLoader Creating init config 
723987     WARN  main            d.u.i.k.j.r.KeYCrossReferenceNameInfo Datatype java.io.PrintStream declared twice: Once in FILE:/home/runner/work/key/key/key.core/../key.ui/examples/standard_key/staticInitialisation/classpath/PrintStream.java and once in URL:file:/home/runner/work/key/key/key.core/build/resources/main/de/uka/ilkd/key/java/JavaRedux/java/io/PrintStream.java, Keeping one from URL:file:/home/runner/work/key/key/key.core/build/resources/main/de/uka/ilkd/key/java/JavaRedux/java/io/PrintStream.java 
723987     WARN  main            d.u.i.k.j.r.KeYCrossReferenceNameInfo Datatype java.lang.System declared twice: Once in FILE:/home/runner/work/key/key/key.core/../key.ui/examples/standard_key/staticInitialisation/classpath/System.java and once in URL:file:/home/runner/work/key/key/key.core/build/resources/main/de/uka/ilkd/key/java/JavaRedux/java/lang/System.java, Keeping one from URL:file:/home/runner/work/key/key/key.core/build/resources/main/de/uka/ilkd/key/java/JavaRedux/java/lang/System.java 
726979     DEBUG main            d.u.i.k.p.i.AbstractProblemLoader Init config took 3.02s 
726995     INFO  main            d.u.i.k.p.i.AbstractProblemLoader Replaying proof localDeclaredMethod.key 
726996     DEBUG main            d.u.i.k.p.i.IntermediateProofReplayer Proof replay took 4ns 
727300     INFO  main            d.u.i.k.p.r.p.TestFile    ... finished proof: closed. 
728006     INFO  main            d.u.i.k.p.i.AbstractProblemLoader Loading environment from /home/runner/work/key/key/key.core/../key.ui/examples/standard_key/staticInitialisation/localDeclaredMethod.key.proof 
728006     DEBUG main            d.u.i.k.p.i.AbstractProblemLoader Environment load took 134.9ns 
728008     INFO  main            d.u.i.k.p.i.AbstractProblemLoader Creating init config 
728034     WARN  main            d.u.i.k.j.r.KeYCrossReferenceNameInfo Datatype java.io.PrintStream declared twice: Once in FILE:/home/runner/work/key/key/key.core/../key.ui/examples/standard_key/staticInitialisation/classpath/PrintStream.java and once in URL:file:/home/runner/work/key/key/key.core/build/resources/main/de/uka/ilkd/key/java/JavaRedux/java/io/PrintStream.java, Keeping one from URL:file:/home/runner/work/key/key/key.core/build/resources/main/de/uka/ilkd/key/java/JavaRedux/java/io/PrintStream.java 
728034     WARN  main            d.u.i.k.j.r.KeYCrossReferenceNameInfo Datatype java.lang.System declared twice: Once in FILE:/home/runner/work/key/key/key.core/../key.ui/examples/standard_key/staticInitialisation/classpath/System.java and once in URL:file:/home/runner/work/key/key/key.core/build/resources/main/de/uka/ilkd/key/java/JavaRedux/java/lang/System.java, Keeping one from URL:file:/home/runner/work/key/key/key.core/build/resources/main/de/uka/ilkd/key/java/JavaRedux/java/lang/System.java 
730997     DEBUG main            d.u.i.k.p.i.AbstractProblemLoader Init config took 2.99s 
731012     INFO  main            d.u.i.k.p.i.AbstractProblemLoader Replaying proof localDeclaredMethod.key.proof 
731067     DEBUG main            d.u.i.k.p.i.IntermediateProofReplayer Proof replay took 51.31ms 
731068     DEBUG main            d.u.i.k.p.r.p.TestFile    ... success: reloaded. 
731069     INFO  main            d.u.i.k.p.r.p.TestFile    Now processing file /home/runner/work/key/key/key.core/../key.ui/examples/standard_key/staticInitialisation/objectOfErroneousClass.key 
731069     INFO  main            d.u.i.k.p.i.AbstractProblemLoader Loading environment from /home/runner/work/key/key/key.core/../key.ui/examples/standard_key/staticInitialisation/objectOfErroneousClass.key 
731070     DEBUG main            d.u.i.k.p.i.AbstractProblemLoader Environment load took 93.3ns 
731071     INFO  main            d.u.i.k.p.i.AbstractProblemLoader Creating init config 
731095     WARN  main            d.u.i.k.j.r.KeYCrossReferenceNameInfo Datatype java.io.PrintStream declared twice: Once in FILE:/home/runner/work/key/key/key.core/../key.ui/examples/standard_key/staticInitialisation/classpath/PrintStream.java and once in URL:file:/home/runner/work/key/key/key.core/build/resources/main/de/uka/ilkd/key/java/JavaRedux/java/io/PrintStream.java, Keeping one from URL:file:/home/runner/work/key/key/key.core/build/resources/main/de/uka/ilkd/key/java/JavaRedux/java/io/PrintStream.java 
731096     WARN  main            d.u.i.k.j.r.KeYCrossReferenceNameInfo Datatype java.lang.System declared twice: Once in FILE:/home/runner/work/key/key/key.core/../key.ui/examples/standard_key/staticInitialisation/classpath/System.java and once in URL:file:/home/runner/work/key/key/key.core/build/resources/main/de/uka/ilkd/key/java/JavaRedux/java/lang/System.java, Keeping one from URL:file:/home/runner/work/key/key/key.core/build/resources/main/de/uka/ilkd/key/java/JavaRedux/java/lang/System.java 
734057     DEBUG main            d.u.i.k.p.i.AbstractProblemLoader Init config took 2.99s 
734075     INFO  main            d.u.i.k.p.i.AbstractProblemLoader Replaying proof objectOfErroneousClass.key 
734078     DEBUG main            d.u.i.k.p.i.IntermediateProofReplayer Proof replay took 4.7ns 
750104     INFO  main            d.u.i.k.p.r.p.TestFile    ... finished proof: closed. 
750895     INFO  main            d.u.i.k.p.i.AbstractProblemLoader Loading environment from /home/runner/work/key/key/key.core/../key.ui/examples/standard_key/staticInitialisation/objectOfErroneousClass.key.proof 
750896     DEBUG main            d.u.i.k.p.i.AbstractProblemLoader Environment load took 131.9ns 
750899     INFO  main            d.u.i.k.p.i.AbstractProblemLoader Creating init config 
750926     WARN  main            d.u.i.k.j.r.KeYCrossReferenceNameInfo Datatype java.io.PrintStream declared twice: Once in FILE:/home/runner/work/key/key/key.core/../key.ui/examples/standard_key/staticInitialisation/classpath/PrintStream.java and once in URL:file:/home/runner/work/key/key/key.core/build/resources/main/de/uka/ilkd/key/java/JavaRedux/java/io/PrintStream.java, Keeping one from URL:file:/home/runner/work/key/key/key.core/build/resources/main/de/uka/ilkd/key/java/JavaRedux/java/io/PrintStream.java 
750926     WARN  main            d.u.i.k.j.r.KeYCrossReferenceNameInfo Datatype java.lang.System declared twice: Once in FILE:/home/runner/work/key/key/key.core/../key.ui/examples/standard_key/staticInitialisation/classpath/System.java and once in URL:file:/home/runner/work/key/key/key.core/build/resources/main/de/uka/ilkd/key/java/JavaRedux/java/lang/System.java, Keeping one from URL:file:/home/runner/work/key/key/key.core/build/resources/main/de/uka/ilkd/key/java/JavaRedux/java/lang/System.java 
753873     DEBUG main            d.u.i.k.p.i.AbstractProblemLoader Init config took 2.97s 
753888     INFO  main            d.u.i.k.p.i.AbstractProblemLoader Replaying proof objectOfErroneousClass.key.proof 
755790     DEBUG main            d.u.i.k.p.i.IntermediateProofReplayer Proof replay took 1.86s 
755794     DEBUG main            d.u.i.k.p.r.p.TestFile    ... success: reloaded. 
755795     INFO  main            d.u.i.k.p.r.p.TestFile    Now processing file /home/runner/work/key/key/key.core/../key.ui/examples/standard_key/staticInitialisation/staticInitialisersAreNonSimple.key 
755795     INFO  main            d.u.i.k.p.i.AbstractProblemLoader Loading environment from /home/runner/work/key/key/key.core/../key.ui/examples/standard_key/staticInitialisation/staticInitialisersAreNonSimple.key 
755796     DEBUG main            d.u.i.k.p.i.AbstractProblemLoader Environment load took 150.2ns 
755797     INFO  main            d.u.i.k.p.i.AbstractProblemLoader Creating init config 
755822     WARN  main            d.u.i.k.j.r.KeYCrossReferenceNameInfo Datatype java.io.PrintStream declared twice: Once in FILE:/home/runner/work/key/key/key.core/../key.ui/examples/standard_key/staticInitialisation/classpath/PrintStream.java and once in URL:file:/home/runner/work/key/key/key.core/build/resources/main/de/uka/ilkd/key/java/JavaRedux/java/io/PrintStream.java, Keeping one from URL:file:/home/runner/work/key/key/key.core/build/resources/main/de/uka/ilkd/key/java/JavaRedux/java/io/PrintStream.java 
755822     WARN  main            d.u.i.k.j.r.KeYCrossReferenceNameInfo Datatype java.lang.System declared twice: Once in FILE:/home/runner/work/key/key/key.core/../key.ui/examples/standard_key/staticInitialisation/classpath/System.java and once in URL:file:/home/runner/work/key/key/key.core/build/resources/main/de/uka/ilkd/key/java/JavaRedux/java/lang/System.java, Keeping one from URL:file:/home/runner/work/key/key/key.core/build/resources/main/de/uka/ilkd/key/java/JavaRedux/java/lang/System.java 
758881     DEBUG main            d.u.i.k.p.i.AbstractProblemLoader Init config took 3.08s 
758897     INFO  main            d.u.i.k.p.i.AbstractProblemLoader Replaying proof staticInitialisersAreNonSimple.key 
758898     DEBUG main            d.u.i.k.p.i.IntermediateProofReplayer Proof replay took 3.9ns 
759317     INFO  main            d.u.i.k.p.r.p.TestFile    ... finished proof: closed. 
760135     INFO  main            d.u.i.k.p.i.AbstractProblemLoader Loading environment from /home/runner/work/key/key/key.core/../key.ui/examples/standard_key/staticInitialisation/staticInitialisersAreNonSimple.key.proof 
760135     DEBUG main            d.u.i.k.p.i.AbstractProblemLoader Environment load took 364.9ns 
760137     INFO  main            d.u.i.k.p.i.AbstractProblemLoader Creating init config 
760165     WARN  main            d.u.i.k.j.r.KeYCrossReferenceNameInfo Datatype java.io.PrintStream declared twice: Once in FILE:/home/runner/work/key/key/key.core/../key.ui/examples/standard_key/staticInitialisation/classpath/PrintStream.java and once in URL:file:/home/runner/work/key/key/key.core/build/resources/main/de/uka/ilkd/key/java/JavaRedux/java/io/PrintStream.java, Keeping one from URL:file:/home/runner/work/key/key/key.core/build/resources/main/de/uka/ilkd/key/java/JavaRedux/java/io/PrintStream.java 
760165     WARN  main            d.u.i.k.j.r.KeYCrossReferenceNameInfo Datatype java.lang.System declared twice: Once in FILE:/home/runner/work/key/key/key.core/../key.ui/examples/standard_key/staticInitialisation/classpath/System.java and once in URL:file:/home/runner/work/key/key/key.core/build/resources/main/de/uka/ilkd/key/java/JavaRedux/java/lang/System.java, Keeping one from URL:file:/home/runner/work/key/key/key.core/build/resources/main/de/uka/ilkd/key/java/JavaRedux/java/lang/System.java 
763116     DEBUG main            d.u.i.k.p.i.AbstractProblemLoader Init config took 2.98s 
763136     INFO  main            d.u.i.k.p.i.AbstractProblemLoader Replaying proof staticInitialisersAreNonSimple.key.proof 
763216     DEBUG main            d.u.i.k.p.i.IntermediateProofReplayer Proof replay took 76.86ms 
763218     DEBUG main            d.u.i.k.p.r.p.TestFile    ... success: reloaded. 
763219     INFO  main            d.u.i.k.p.r.p.TestFile    Now processing file /home/runner/work/key/key/key.core/../key.ui/examples/standard_key/types/disjoint.key 
763219     INFO  main            d.u.i.k.p.i.AbstractProblemLoader Loading environment from /home/runner/work/key/key/key.core/../key.ui/examples/standard_key/types/disjoint.key 
763219     DEBUG main            d.u.i.k.p.i.AbstractProblemLoader Environment load took 72.9ns 
763220     INFO  main            d.u.i.k.p.i.AbstractProblemLoader Creating init config 
766157     DEBUG main            d.u.i.k.p.i.AbstractProblemLoader Init config took 2.94s 
766172     INFO  main            d.u.i.k.p.i.AbstractProblemLoader Replaying proof disjoint.key 
766173     DEBUG main            d.u.i.k.p.i.IntermediateProofReplayer Proof replay took 4.5ns 
766275     INFO  main            d.u.i.k.p.r.p.TestFile    ... finished proof: closed. 
766998     INFO  main            d.u.i.k.p.i.AbstractProblemLoader Loading environment from /home/runner/work/key/key/key.core/../key.ui/examples/standard_key/types/disjoint.key.proof 
766998     DEBUG main            d.u.i.k.p.i.AbstractProblemLoader Environment load took 108.2ns 
766999     INFO  main            d.u.i.k.p.i.AbstractProblemLoader Creating init config 
769854     DEBUG main            d.u.i.k.p.i.AbstractProblemLoader Init config took 2.86s 
769869     INFO  main            d.u.i.k.p.i.AbstractProblemLoader Replaying proof disjoint.key.proof 
769871     DEBUG main            d.u.i.k.p.i.IntermediateProofReplayer Proof replay took 349.4ns 
769872     DEBUG main            d.u.i.k.p.r.p.TestFile    ... success: reloaded. 
769872     INFO  main            d.u.i.k.p.r.p.TestFile    Now processing file /home/runner/work/key/key/key.core/../key.ui/examples/../../key.core/src/test/resources/testcase/classpath/classpath.key 
769872     INFO  main            d.u.i.k.p.i.AbstractProblemLoader Loading environment from /home/runner/work/key/key/key.core/../key.ui/examples/../../key.core/src/test/resources/testcase/classpath/classpath.key 
769872     DEBUG main            d.u.i.k.p.i.AbstractProblemLoader Environment load took 112.3ns 
769873     INFO  main            d.u.i.k.p.i.AbstractProblemLoader Creating init config 
769902     WARN  main            d.u.i.k.j.r.KeYCrossReferenceNameInfo Datatype cp.C declared twice: Once in FILE:/home/runner/work/key/key/key.core/../key.ui/examples/../../key.core/src/test/resources/testcase/classpath/classpath/C.class and once in FILE:/home/runner/work/key/key/key.core/../key.ui/examples/../../key.core/src/test/resources/testcase/classpath/classpath/C.jml, Keeping one from FILE:/home/runner/work/key/key/key.core/../key.ui/examples/../../key.core/src/test/resources/testcase/classpath/classpath/C.jml 
769906     DEBUG main            d.u.i.k.j.r.ClassFileDeclarationBuilder Parsing: package cp; public class Unresolved1 { } 
769906     DEBUG main            r.s.KeYCrossReferenceSourceInfo Dynamically created class: cp.Unresolved1 
769906     DEBUG main            d.u.i.k.j.r.ClassFileDeclarationBuilder Parsing: package cp; public class Unresolved2 { } 
769906     DEBUG main            r.s.KeYCrossReferenceSourceInfo Dynamically created class: cp.Unresolved2 
772943     DEBUG main            d.u.i.k.p.i.AbstractProblemLoader Init config took 3.07s 
772961     INFO  main            d.u.i.k.p.i.AbstractProblemLoader Replaying proof classpath.key 
772963     DEBUG main            d.u.i.k.p.i.IntermediateProofReplayer Proof replay took 4.5ns 
773068     INFO  main            d.u.i.k.p.r.p.TestFile    ... finished proof: closed. 
773786     INFO  main            d.u.i.k.p.i.AbstractProblemLoader Loading environment from /home/runner/work/key/key/key.core/../key.ui/examples/../../key.core/src/test/resources/testcase/classpath/classpath.key.proof 
773787     DEBUG main            d.u.i.k.p.i.AbstractProblemLoader Environment load took 108.7ns 
773789     INFO  main            d.u.i.k.p.i.AbstractProblemLoader Creating init config 
773822     WARN  main            d.u.i.k.j.r.KeYCrossReferenceNameInfo Datatype cp.C declared twice: Once in FILE:/home/runner/work/key/key/key.core/../key.ui/examples/../../key.core/src/test/resources/testcase/classpath/classpath/C.class and once in FILE:/home/runner/work/key/key/key.core/../key.ui/examples/../../key.core/src/test/resources/testcase/classpath/classpath/C.jml, Keeping one from FILE:/home/runner/work/key/key/key.core/../key.ui/examples/../../key.core/src/test/resources/testcase/classpath/classpath/C.jml 
773826     DEBUG main            d.u.i.k.j.r.ClassFileDeclarationBuilder Parsing: package cp; public class Unresolved1 { } 
773826     DEBUG main            r.s.KeYCrossReferenceSourceInfo Dynamically created class: cp.Unresolved1 
773826     DEBUG main            d.u.i.k.j.r.ClassFileDeclarationBuilder Parsing: package cp; public class Unresolved2 { } 
773826     DEBUG main            r.s.KeYCrossReferenceSourceInfo Dynamically created class: cp.Unresolved2 
776873     DEBUG main            d.u.i.k.p.i.AbstractProblemLoader Init config took 3.08s 
776890     INFO  main            d.u.i.k.p.i.AbstractProblemLoader Replaying proof classpath.key.proof 
776893     DEBUG main            d.u.i.k.p.i.IntermediateProofReplayer Proof replay took 1.02ms 
776894     DEBUG main            d.u.i.k.p.r.p.TestFile    ... success: reloaded. 
776895     INFO  main            d.u.i.k.p.r.p.TestFile    Now processing file /home/runner/work/key/key/key.core/../key.ui/examples/heap/inconsistent_represents/MyClass_m.key 
776896     INFO  main            d.u.i.k.p.i.AbstractProblemLoader Loading environment from /home/runner/work/key/key/key.core/../key.ui/examples/heap/inconsistent_represents/MyClass_m.key 
776896     DEBUG main            d.u.i.k.p.i.AbstractProblemLoader Environment load took 195ns 
776897     INFO  main            d.u.i.k.p.i.AbstractProblemLoader Creating init config 
780013     DEBUG main            d.u.i.k.p.i.AbstractProblemLoader Init config took 3.12s 
780056     INFO  main            d.u.i.k.p.i.AbstractProblemLoader Replaying proof MyClass[MyClass::m()].JML operation contract.0 
780058     DEBUG main            d.u.i.k.p.i.IntermediateProofReplayer Proof replay took 4ns 
780161     INFO  main            d.u.i.k.p.r.p.TestFile    ... finished proof: open goal(s) 
780896     INFO  main            d.u.i.k.p.r.p.TestFile    Now processing file /home/runner/work/key/key/key.core/../key.ui/examples/heap/inconsistent_represents/MyClass_n.key 
780896     INFO  main            d.u.i.k.p.i.AbstractProblemLoader Loading environment from /home/runner/work/key/key/key.core/../key.ui/examples/heap/inconsistent_represents/MyClass_n.key 
780897     DEBUG main            d.u.i.k.p.i.AbstractProblemLoader Environment load took 58.1ns 
780897     INFO  main            d.u.i.k.p.i.AbstractProblemLoader Creating init config 
783995     DEBUG main            d.u.i.k.p.i.AbstractProblemLoader Init config took 3.1s 
784037     INFO  main            d.u.i.k.p.i.AbstractProblemLoader Replaying proof MyClass[MyClass::n()].JML operation contract.0 
784039     DEBUG main            d.u.i.k.p.i.IntermediateProofReplayer Proof replay took 4ns 
784144     INFO  main            d.u.i.k.p.r.p.TestFile    ... finished proof: open goal(s) 
4445455    INFO  Test worker     d.u.i.k.p.r.p.StatisticsFile Returning from test javadl 
4445464    INFO  Test worker     d.u.i.k.p.r.p.StatisticsFile Running test FOL 
457        INFO  Timeout watchdog d.u.i.k.p.r.p.ForkedTestFileRunner Timeout watcher launched (2000 secs.) 
507        WARN  main            d.u.i.k.s.ProofSettings   The settings in /home/runner/.key/proof-settings.props are *not* read. 
571        INFO  main            d.u.i.k.p.r.p.TestFile    Now processing file /home/runner/work/key/key/key.core/../key.ui/examples/standard_key/pred_log/count.key 
727        INFO  main            d.u.i.k.p.i.AbstractProblemLoader Loading environment from /home/runner/work/key/key/key.core/../key.ui/examples/standard_key/pred_log/count.key 
750        DEBUG main            d.u.i.k.p.i.AbstractProblemLoader Environment load took 2.69ms 
1114       INFO  main            d.u.i.k.p.i.AbstractProblemLoader Creating init config 
2486       DEBUG main            d.u.i.k.j.TypeConverter   No LDT found for Meta 
2486       DEBUG main            d.u.i.k.j.TypeConverter   No LDT found for Meta 
2491       DEBUG main            d.u.i.k.j.TypeConverter   No LDT found for Meta 
2492       DEBUG main            d.u.i.k.j.TypeConverter   No LDT found for Meta 
4479       DEBUG main            d.u.i.k.j.TypeConverter   No LDT found for JavaBigintExpression 
10626      DEBUG main            d.u.i.k.p.i.AbstractProblemLoader Init config took 9.51s 
10703      INFO  main            d.u.i.k.p.i.AbstractProblemLoader Replaying proof count.key 
10750      DEBUG main            d.u.i.k.p.i.IntermediateProofReplayer Proof replay took 56.4ns 
11033      INFO  main            d.u.i.k.p.r.p.TestFile    ... finished proof: closed. 
11162      INFO  main            d.u.i.k.p.i.AbstractProblemLoader Loading environment from /home/runner/work/key/key/key.core/../key.ui/examples/standard_key/pred_log/count.key.proof 
11163      DEBUG main            d.u.i.k.p.i.AbstractProblemLoader Environment load took 614.01ns 
11167      INFO  main            d.u.i.k.p.i.AbstractProblemLoader Creating init config 
14626      DEBUG main            d.u.i.k.p.i.AbstractProblemLoader Init config took 3.46s 
14689      INFO  main            d.u.i.k.p.i.AbstractProblemLoader Replaying proof count.key.proof 
14703      DEBUG main            d.u.i.k.p.i.IntermediateProofReplayer Proof replay took 7.3ms 
14717      DEBUG main            d.u.i.k.p.r.p.TestFile    ... success: reloaded. 
14719      INFO  main            d.u.i.k.p.r.p.TestFile    Now processing file /home/runner/work/key/key/key.core/../key.ui/examples/standard_key/pred_log/count2.key 
14719      INFO  main            d.u.i.k.p.i.AbstractProblemLoader Loading environment from /home/runner/work/key/key/key.core/../key.ui/examples/standard_key/pred_log/count2.key 
14719      DEBUG main            d.u.i.k.p.i.AbstractProblemLoader Environment load took 249.7ns 
14722      INFO  main            d.u.i.k.p.i.AbstractProblemLoader Creating init config 
18089      DEBUG main            d.u.i.k.p.i.AbstractProblemLoader Init config took 3.37s 
18125      INFO  main            d.u.i.k.p.i.AbstractProblemLoader Replaying proof count2.key 
18128      DEBUG main            d.u.i.k.p.i.IntermediateProofReplayer Proof replay took 8.1ns 
18231      INFO  main            d.u.i.k.p.r.p.TestFile    ... finished proof: closed. 
18396      INFO  main            d.u.i.k.p.i.AbstractProblemLoader Loading environment from /home/runner/work/key/key/key.core/../key.ui/examples/standard_key/pred_log/count2.key.proof 
18398      DEBUG main            d.u.i.k.p.i.AbstractProblemLoader Environment load took 2.28ms 
18402      INFO  main            d.u.i.k.p.i.AbstractProblemLoader Creating init config 
21644      DEBUG main            d.u.i.k.p.i.AbstractProblemLoader Init config took 3.24s 
21675      INFO  main            d.u.i.k.p.i.AbstractProblemLoader Replaying proof count2.key.proof 
21682      DEBUG main            d.u.i.k.p.i.IntermediateProofReplayer Proof replay took 3.44ms 
21683      DEBUG main            d.u.i.k.p.r.p.TestFile    ... success: reloaded. 
21684      INFO  main            d.u.i.k.p.r.p.TestFile    Now processing file /home/runner/work/key/key/key.core/../key.ui/examples/standard_key/pred_log/count3.key 
21684      INFO  main            d.u.i.k.p.i.AbstractProblemLoader Loading environment from /home/runner/work/key/key/key.core/../key.ui/examples/standard_key/pred_log/count3.key 
21684      DEBUG main            d.u.i.k.p.i.AbstractProblemLoader Environment load took 151.5ns 
21686      INFO  main            d.u.i.k.p.i.AbstractProblemLoader Creating init config 
24819      DEBUG main            d.u.i.k.p.i.AbstractProblemLoader Init config took 3.13s 
24848      INFO  main            d.u.i.k.p.i.AbstractProblemLoader Replaying proof count3.key 
24850      DEBUG main            d.u.i.k.p.i.IntermediateProofReplayer Proof replay took 7.8ns 
24954      INFO  main            d.u.i.k.p.r.p.TestFile    ... finished proof: closed. 
25121      INFO  main            d.u.i.k.p.i.AbstractProblemLoader Loading environment from /home/runner/work/key/key/key.core/../key.ui/examples/standard_key/pred_log/count3.key.proof 
25122      DEBUG main            d.u.i.k.p.i.AbstractProblemLoader Environment load took 1.76ms 
25124      INFO  main            d.u.i.k.p.i.AbstractProblemLoader Creating init config 
28151      DEBUG main            d.u.i.k.p.i.AbstractProblemLoader Init config took 3.03s 
28177      INFO  main            d.u.i.k.p.i.AbstractProblemLoader Replaying proof count3.key.proof 
28182      DEBUG main            d.u.i.k.p.i.IntermediateProofReplayer Proof replay took 2.58ms 
28184      DEBUG main            d.u.i.k.p.r.p.TestFile    ... success: reloaded. 
28185      INFO  main            d.u.i.k.p.r.p.TestFile    Now processing file /home/runner/work/key/key/key.core/../key.ui/examples/standard_key/pred_log/equalities.key 
28186      INFO  main            d.u.i.k.p.i.AbstractProblemLoader Loading environment from /home/runner/work/key/key/key.core/../key.ui/examples/standard_key/pred_log/equalities.key 
28194      DEBUG main            d.u.i.k.p.i.AbstractProblemLoader Environment load took 8.01ms 
28195      INFO  main            d.u.i.k.p.i.AbstractProblemLoader Creating init config 
31246      DEBUG main            d.u.i.k.p.i.AbstractProblemLoader Init config took 3.05s 
31272      INFO  main            d.u.i.k.p.i.AbstractProblemLoader Replaying proof equalities.key 
31274      DEBUG main            d.u.i.k.p.i.IntermediateProofReplayer Proof replay took 8.3ns 
31377      INFO  main            d.u.i.k.p.r.p.TestFile    ... finished proof: closed. 
31549      INFO  main            d.u.i.k.p.i.AbstractProblemLoader Loading environment from /home/runner/work/key/key/key.core/../key.ui/examples/standard_key/pred_log/equalities.key.proof 
31550      DEBUG main            d.u.i.k.p.i.AbstractProblemLoader Environment load took 1.38ms 
31554      INFO  main            d.u.i.k.p.i.AbstractProblemLoader Creating init config 
34531      DEBUG main            d.u.i.k.p.i.AbstractProblemLoader Init config took 2.98s 
34556      INFO  main            d.u.i.k.p.i.AbstractProblemLoader Replaying proof equalities.key.proof 
34560      DEBUG main            d.u.i.k.p.i.IntermediateProofReplayer Proof replay took 1.67ms 
34564      DEBUG main            d.u.i.k.p.r.p.TestFile    ... success: reloaded. 
34566      INFO  main            d.u.i.k.p.r.p.TestFile    Now processing file /home/runner/work/key/key/key.core/../key.ui/examples/standard_key/pred_log/equalities2.key 
34566      INFO  main            d.u.i.k.p.i.AbstractProblemLoader Loading environment from /home/runner/work/key/key/key.core/../key.ui/examples/standard_key/pred_log/equalities2.key 
34567      DEBUG main            d.u.i.k.p.i.AbstractProblemLoader Environment load took 339.5ns 
34569      INFO  main            d.u.i.k.p.i.AbstractProblemLoader Creating init config 
37668      DEBUG main            d.u.i.k.p.i.AbstractProblemLoader Init config took 3.1s 
37694      INFO  main            d.u.i.k.p.i.AbstractProblemLoader Replaying proof equalities2.key 
37696      DEBUG main            d.u.i.k.p.i.IntermediateProofReplayer Proof replay took 9ns 
37799      INFO  main            d.u.i.k.p.r.p.TestFile    ... finished proof: closed. 
37993      INFO  main            d.u.i.k.p.i.AbstractProblemLoader Loading environment from /home/runner/work/key/key/key.core/../key.ui/examples/standard_key/pred_log/equalities2.key.proof 
37996      DEBUG main            d.u.i.k.p.i.AbstractProblemLoader Environment load took 2.93ms 
37998      INFO  main            d.u.i.k.p.i.AbstractProblemLoader Creating init config 
41044      DEBUG main            d.u.i.k.p.i.AbstractProblemLoader Init config took 3.05s 
41067      INFO  main            d.u.i.k.p.i.AbstractProblemLoader Replaying proof equalities2.key.proof 
41074      DEBUG main            d.u.i.k.p.i.IntermediateProofReplayer Proof replay took 3.87ms 
41075      DEBUG main            d.u.i.k.p.r.p.TestFile    ... success: reloaded. 
41076      INFO  main            d.u.i.k.p.r.p.TestFile    Now processing file /home/runner/work/key/key/key.core/../key.ui/examples/standard_key/pred_log/equalities3.key 
41076      INFO  main            d.u.i.k.p.i.AbstractProblemLoader Loading environment from /home/runner/work/key/key/key.core/../key.ui/examples/standard_key/pred_log/equalities3.key 
41076      DEBUG main            d.u.i.k.p.i.AbstractProblemLoader Environment load took 254.7ns 
41078      INFO  main            d.u.i.k.p.i.AbstractProblemLoader Creating init config 
44113      DEBUG main            d.u.i.k.p.i.AbstractProblemLoader Init config took 3.04s 
44136      INFO  main            d.u.i.k.p.i.AbstractProblemLoader Replaying proof equalities3.key 
44137      DEBUG main            d.u.i.k.p.i.IntermediateProofReplayer Proof replay took 15.7ns 
44240      INFO  main            d.u.i.k.p.r.p.TestFile    ... finished proof: closed. 
44441      INFO  main            d.u.i.k.p.i.AbstractProblemLoader Loading environment from /home/runner/work/key/key/key.core/../key.ui/examples/standard_key/pred_log/equalities3.key.proof 
44442      DEBUG main            d.u.i.k.p.i.AbstractProblemLoader Environment load took 143.2ns 
44445      INFO  main            d.u.i.k.p.i.AbstractProblemLoader Creating init config 
47352      DEBUG main            d.u.i.k.p.i.AbstractProblemLoader Init config took 2.91s 
47373      INFO  main            d.u.i.k.p.i.AbstractProblemLoader Replaying proof equalities3.key.proof 
47382      DEBUG main            d.u.i.k.p.i.IntermediateProofReplayer Proof replay took 6.01ms 
47383      DEBUG main            d.u.i.k.p.r.p.TestFile    ... success: reloaded. 
47384      INFO  main            d.u.i.k.p.r.p.TestFile    Now processing file /home/runner/work/key/key/key.core/../key.ui/examples/standard_key/pred_log/functions.key 
47384      INFO  main            d.u.i.k.p.i.AbstractProblemLoader Loading environment from /home/runner/work/key/key/key.core/../key.ui/examples/standard_key/pred_log/functions.key 
47385      DEBUG main            d.u.i.k.p.i.AbstractProblemLoader Environment load took 225ns 
47386      INFO  main            d.u.i.k.p.i.AbstractProblemLoader Creating init config 
50344      DEBUG main            d.u.i.k.p.i.AbstractProblemLoader Init config took 2.96s 
50369      INFO  main            d.u.i.k.p.i.AbstractProblemLoader Replaying proof functions.key 
50373      DEBUG main            d.u.i.k.p.i.IntermediateProofReplayer Proof replay took 8.7ns 
50476      INFO  main            d.u.i.k.p.r.p.TestFile    ... finished proof: closed. 
50688      INFO  main            d.u.i.k.p.i.AbstractProblemLoader Loading environment from /home/runner/work/key/key/key.core/../key.ui/examples/standard_key/pred_log/functions.key.proof 
50689      DEBUG main            d.u.i.k.p.i.AbstractProblemLoader Environment load took 522.71ns 
50690      INFO  main            d.u.i.k.p.i.AbstractProblemLoader Creating init config 
53710      DEBUG main            d.u.i.k.p.i.AbstractProblemLoader Init config took 3.02s 
53732      INFO  main            d.u.i.k.p.i.AbstractProblemLoader Replaying proof functions.key.proof 
53744      DEBUG main            d.u.i.k.p.i.IntermediateProofReplayer Proof replay took 8.55ms 
53745      DEBUG main            d.u.i.k.p.r.p.TestFile    ... success: reloaded. 
53746      INFO  main            d.u.i.k.p.r.p.TestFile    Now processing file /home/runner/work/key/key/key.core/../key.ui/examples/standard_key/pred_log/mv1.key 
53746      INFO  main            d.u.i.k.p.i.AbstractProblemLoader Loading environment from /home/runner/work/key/key/key.core/../key.ui/examples/standard_key/pred_log/mv1.key 
53746      DEBUG main            d.u.i.k.p.i.AbstractProblemLoader Environment load took 169.3ns 
53747      INFO  main            d.u.i.k.p.i.AbstractProblemLoader Creating init config 
56703      DEBUG main            d.u.i.k.p.i.AbstractProblemLoader Init config took 2.96s 
56724      INFO  main            d.u.i.k.p.i.AbstractProblemLoader Replaying proof mv1.key 
56726      DEBUG main            d.u.i.k.p.i.IntermediateProofReplayer Proof replay took 7.8ns 
56828      INFO  main            d.u.i.k.p.r.p.TestFile    ... finished proof: closed. 
57049      INFO  main            d.u.i.k.p.i.AbstractProblemLoader Loading environment from /home/runner/work/key/key/key.core/../key.ui/examples/standard_key/pred_log/mv1.key.proof 
57050      DEBUG main            d.u.i.k.p.i.AbstractProblemLoader Environment load took 224.4ns 
57051      INFO  main            d.u.i.k.p.i.AbstractProblemLoader Creating init config 
60038      DEBUG main            d.u.i.k.p.i.AbstractProblemLoader Init config took 2.99s 
60059      INFO  main            d.u.i.k.p.i.AbstractProblemLoader Replaying proof mv1.key.proof 
60062      DEBUG main            d.u.i.k.p.i.IntermediateProofReplayer Proof replay took 980.21ns 
60063      DEBUG main            d.u.i.k.p.r.p.TestFile    ... success: reloaded. 
60064      INFO  main            d.u.i.k.p.r.p.TestFile    Now processing file /home/runner/work/key/key/key.core/../key.ui/examples/standard_key/pred_log/mv2.key 
60064      INFO  main            d.u.i.k.p.i.AbstractProblemLoader Loading environment from /home/runner/work/key/key/key.core/../key.ui/examples/standard_key/pred_log/mv2.key 
60064      DEBUG main            d.u.i.k.p.i.AbstractProblemLoader Environment load took 120.8ns 
60065      INFO  main            d.u.i.k.p.i.AbstractProblemLoader Creating init config 
63022      DEBUG main            d.u.i.k.p.i.AbstractProblemLoader Init config took 2.96s 
63042      INFO  main            d.u.i.k.p.i.AbstractProblemLoader Replaying proof mv2.key 
63045      DEBUG main            d.u.i.k.p.i.IntermediateProofReplayer Proof replay took 8.5ns 
63147      INFO  main            d.u.i.k.p.r.p.TestFile    ... finished proof: closed. 
63438      INFO  main            d.u.i.k.p.i.AbstractProblemLoader Loading environment from /home/runner/work/key/key/key.core/../key.ui/examples/standard_key/pred_log/mv2.key.proof 
63438      DEBUG main            d.u.i.k.p.i.AbstractProblemLoader Environment load took 138.7ns 
63439      INFO  main            d.u.i.k.p.i.AbstractProblemLoader Creating init config 
66346      DEBUG main            d.u.i.k.p.i.AbstractProblemLoader Init config took 2.91s 
66366      INFO  main            d.u.i.k.p.i.AbstractProblemLoader Replaying proof mv2.key.proof 
66371      DEBUG main            d.u.i.k.p.i.IntermediateProofReplayer Proof replay took 1.98ms 
66372      DEBUG main            d.u.i.k.p.r.p.TestFile    ... success: reloaded. 
66373      INFO  main            d.u.i.k.p.r.p.TestFile    Now processing file /home/runner/work/key/key/key.core/../key.ui/examples/standard_key/pred_log/quantifiers.key 
66374      INFO  main            d.u.i.k.p.i.AbstractProblemLoader Loading environment from /home/runner/work/key/key/key.core/../key.ui/examples/standard_key/pred_log/quantifiers.key 
66374      DEBUG main            d.u.i.k.p.i.AbstractProblemLoader Environment load took 378.5ns 
66375      INFO  main            d.u.i.k.p.i.AbstractProblemLoader Creating init config 
69382      DEBUG main            d.u.i.k.p.i.AbstractProblemLoader Init config took 3.01s 
69400      INFO  main            d.u.i.k.p.i.AbstractProblemLoader Replaying proof quantifiers.key 
69402      DEBUG main            d.u.i.k.p.i.IntermediateProofReplayer Proof replay took 8.8ns 
69505      INFO  main            d.u.i.k.p.r.p.TestFile    ... finished proof: closed. 
69776      INFO  main            d.u.i.k.p.i.AbstractProblemLoader Loading environment from /home/runner/work/key/key/key.core/../key.ui/examples/standard_key/pred_log/quantifiers.key.proof 
69776      DEBUG main            d.u.i.k.p.i.AbstractProblemLoader Environment load took 145.6ns 
69778      INFO  main            d.u.i.k.p.i.AbstractProblemLoader Creating init config 
72646      DEBUG main            d.u.i.k.p.i.AbstractProblemLoader Init config took 2.87s 
72665      INFO  main            d.u.i.k.p.i.AbstractProblemLoader Replaying proof quantifiers.key.proof 
72670      DEBUG main            d.u.i.k.p.i.IntermediateProofReplayer Proof replay took 2ms 
72677      DEBUG main            d.u.i.k.p.r.p.TestFile    ... success: reloaded. 
72678      INFO  main            d.u.i.k.p.r.p.TestFile    Now processing file /home/runner/work/key/key/key.core/../key.ui/examples/standard_key/pred_log/simpleEps.key 
72679      INFO  main            d.u.i.k.p.i.AbstractProblemLoader Loading environment from /home/runner/work/key/key/key.core/../key.ui/examples/standard_key/pred_log/simpleEps.key 
72679      DEBUG main            d.u.i.k.p.i.AbstractProblemLoader Environment load took 240.3ns 
72680      INFO  main            d.u.i.k.p.i.AbstractProblemLoader Creating init config 
75689      DEBUG main            d.u.i.k.p.i.AbstractProblemLoader Init config took 3.01s 
75707      INFO  main            d.u.i.k.p.i.AbstractProblemLoader Replaying proof simpleEps.key 
75708      DEBUG main            d.u.i.k.p.i.IntermediateProofReplayer Proof replay took 7.8ns 
75818      INFO  main            d.u.i.k.p.r.p.TestFile    ... finished proof: closed. 
76039      INFO  main            d.u.i.k.p.i.AbstractProblemLoader Loading environment from /home/runner/work/key/key/key.core/../key.ui/examples/standard_key/pred_log/simpleEps.key.proof 
76040      DEBUG main            d.u.i.k.p.i.AbstractProblemLoader Environment load took 487.11ns 
76041      INFO  main            d.u.i.k.p.i.AbstractProblemLoader Creating init config 
78919      DEBUG main            d.u.i.k.p.i.AbstractProblemLoader Init config took 2.88s 
78937      INFO  main            d.u.i.k.p.i.AbstractProblemLoader Replaying proof simpleEps.key.proof 
78944      DEBUG main            d.u.i.k.p.i.IntermediateProofReplayer Proof replay took 3.33ms 
78945      DEBUG main            d.u.i.k.p.r.p.TestFile    ... success: reloaded. 
78946      INFO  main            d.u.i.k.p.r.p.TestFile    Now processing file /home/runner/work/key/key/key.core/../key.ui/examples/standard_key/pred_log/steam1.key 
78947      INFO  main            d.u.i.k.p.i.AbstractProblemLoader Loading environment from /home/runner/work/key/key/key.core/../key.ui/examples/standard_key/pred_log/steam1.key 
78947      DEBUG main            d.u.i.k.p.i.AbstractProblemLoader Environment load took 210.9ns 
78949      INFO  main            d.u.i.k.p.i.AbstractProblemLoader Creating init config 
81880      DEBUG main            d.u.i.k.p.i.AbstractProblemLoader Init config took 2.93s 
81899      INFO  main            d.u.i.k.p.i.AbstractProblemLoader Replaying proof steam1.key 
81902      DEBUG main            d.u.i.k.p.i.IntermediateProofReplayer Proof replay took 8.6ns 
82311      INFO  main            d.u.i.k.p.r.p.TestFile    ... finished proof: closed. 
82583      INFO  main            d.u.i.k.p.i.AbstractProblemLoader Loading environment from /home/runner/work/key/key/key.core/../key.ui/examples/standard_key/pred_log/steam1.key.proof 
82583      DEBUG main            d.u.i.k.p.i.AbstractProblemLoader Environment load took 175.3ns 
82586      INFO  main            d.u.i.k.p.i.AbstractProblemLoader Creating init config 
85610      DEBUG main            d.u.i.k.p.i.AbstractProblemLoader Init config took 3.02s 
85632      INFO  main            d.u.i.k.p.i.AbstractProblemLoader Replaying proof steam1.key.proof 
85670      DEBUG main            d.u.i.k.p.i.IntermediateProofReplayer Proof replay took 32.93ms 
85673      DEBUG main            d.u.i.k.p.r.p.TestFile    ... success: reloaded. 
85674      INFO  main            d.u.i.k.p.r.p.TestFile    Now processing file /home/runner/work/key/key/key.core/../key.ui/examples/standard_key/pred_log/tptp/PUZ/PUZ001p1.key 
85674      INFO  main            d.u.i.k.p.i.AbstractProblemLoader Loading environment from /home/runner/work/key/key/key.core/../key.ui/examples/standard_key/pred_log/tptp/PUZ/PUZ001p1.key 
85674      DEBUG main            d.u.i.k.p.i.AbstractProblemLoader Environment load took 223.2ns 
85677      INFO  main            d.u.i.k.p.i.AbstractProblemLoader Creating init config 
88585      DEBUG main            d.u.i.k.p.i.AbstractProblemLoader Init config took 2.91s 
88603      INFO  main            d.u.i.k.p.i.AbstractProblemLoader Replaying proof PUZ001p1.key 
88604      DEBUG main            d.u.i.k.p.i.IntermediateProofReplayer Proof replay took 8.4ns 
92565      INFO  main            d.u.i.k.p.r.p.TestFile    ... finished proof: closed. 
92904      INFO  main            d.u.i.k.p.i.AbstractProblemLoader Loading environment from /home/runner/work/key/key/key.core/../key.ui/examples/standard_key/pred_log/tptp/PUZ/PUZ001p1.key.proof 
92905      DEBUG main            d.u.i.k.p.i.AbstractProblemLoader Environment load took 442.29ns 
92908      INFO  main            d.u.i.k.p.i.AbstractProblemLoader Creating init config 
95901      DEBUG main            d.u.i.k.p.i.AbstractProblemLoader Init config took 2.99s 
95920      INFO  main            d.u.i.k.p.i.AbstractProblemLoader Replaying proof PUZ001p1.key.proof 
96135      DEBUG main            d.u.i.k.p.i.IntermediateProofReplayer Proof replay took 202.62ms 
96137      DEBUG main            d.u.i.k.p.r.p.TestFile    ... success: reloaded. 
96137      INFO  main            d.u.i.k.p.r.p.TestFile    Now processing file /home/runner/work/key/key/key.core/../key.ui/examples/standard_key/pred_log/tptp/PUZ/PUZ001p1-eq.key 
96138      INFO  main            d.u.i.k.p.i.AbstractProblemLoader Loading environment from /home/runner/work/key/key/key.core/../key.ui/examples/standard_key/pred_log/tptp/PUZ/PUZ001p1-eq.key 
96138      DEBUG main            d.u.i.k.p.i.AbstractProblemLoader Environment load took 153.2ns 
96140      INFO  main            d.u.i.k.p.i.AbstractProblemLoader Creating init config 
99128      DEBUG main            d.u.i.k.p.i.AbstractProblemLoader Init config took 2.99s 
99145      INFO  main            d.u.i.k.p.i.AbstractProblemLoader Replaying proof PUZ001p1-eq.key 
99147      DEBUG main            d.u.i.k.p.i.IntermediateProofReplayer Proof replay took 7.7ns 
99351      INFO  main            d.u.i.k.p.r.p.TestFile    ... finished proof: closed. 
99641      INFO  main            d.u.i.k.p.i.AbstractProblemLoader Loading environment from /home/runner/work/key/key/key.core/../key.ui/examples/standard_key/pred_log/tptp/PUZ/PUZ001p1-eq.key.proof 
99641      DEBUG main            d.u.i.k.p.i.AbstractProblemLoader Environment load took 152.7ns 
99642      INFO  main            d.u.i.k.p.i.AbstractProblemLoader Creating init config 
102548     DEBUG main            d.u.i.k.p.i.AbstractProblemLoader Init config took 2.91s 
102567     INFO  main            d.u.i.k.p.i.AbstractProblemLoader Replaying proof PUZ001p1-eq.key.proof 
102586     DEBUG main            d.u.i.k.p.i.IntermediateProofReplayer Proof replay took 15.23ms 
102587     DEBUG main            d.u.i.k.p.r.p.TestFile    ... success: reloaded. 
102588     INFO  main            d.u.i.k.p.r.p.TestFile    Now processing file /home/runner/work/key/key/key.core/../key.ui/examples/standard_key/pred_log/tptp/PUZ/PUZ031p1.key 
102589     INFO  main            d.u.i.k.p.i.AbstractProblemLoader Loading environment from /home/runner/work/key/key/key.core/../key.ui/examples/standard_key/pred_log/tptp/PUZ/PUZ031p1.key 
102589     DEBUG main            d.u.i.k.p.i.AbstractProblemLoader Environment load took 222ns 
102591     INFO  main            d.u.i.k.p.i.AbstractProblemLoader Creating init config 
105568     DEBUG main            d.u.i.k.p.i.AbstractProblemLoader Init config took 2.98s 
105585     INFO  main            d.u.i.k.p.i.AbstractProblemLoader Replaying proof PUZ031p1.key 
105587     DEBUG main            d.u.i.k.p.i.IntermediateProofReplayer Proof replay took 8.2ns 
115913     INFO  main            d.u.i.k.p.r.p.TestFile    ... finished proof: closed. 
116189     INFO  main            d.u.i.k.p.i.AbstractProblemLoader Loading environment from /home/runner/work/key/key/key.core/../key.ui/examples/standard_key/pred_log/tptp/PUZ/PUZ031p1.key.proof 
116190     DEBUG main            d.u.i.k.p.i.AbstractProblemLoader Environment load took 468.4ns 
116192     INFO  main            d.u.i.k.p.i.AbstractProblemLoader Creating init config 
119091     DEBUG main            d.u.i.k.p.i.AbstractProblemLoader Init config took 2.9s 
119109     INFO  main            d.u.i.k.p.i.AbstractProblemLoader Replaying proof PUZ031p1.key.proof 
119176     DEBUG main            d.u.i.k.p.i.IntermediateProofReplayer Proof replay took 59.5ms 
119177     DEBUG main            d.u.i.k.p.r.p.TestFile    ... success: reloaded. 
119178     INFO  main            d.u.i.k.p.r.p.TestFile    Now processing file /home/runner/work/key/key/key.core/../key.ui/examples/standard_key/pred_log/tptp/SET/SET027p3.key 
119179     INFO  main            d.u.i.k.p.i.AbstractProblemLoader Loading environment from /home/runner/work/key/key/key.core/../key.ui/examples/standard_key/pred_log/tptp/SET/SET027p3.key 
119179     DEBUG main            d.u.i.k.p.i.AbstractProblemLoader Environment load took 234.6ns 
119181     INFO  main            d.u.i.k.p.i.AbstractProblemLoader Creating init config 
122109     DEBUG main            d.u.i.k.p.i.AbstractProblemLoader Init config took 2.93s 
122126     INFO  main            d.u.i.k.p.i.AbstractProblemLoader Replaying proof SET027p3.key 
122127     DEBUG main            d.u.i.k.p.i.IntermediateProofReplayer Proof replay took 8.3ns 
122231     INFO  main            d.u.i.k.p.r.p.TestFile    ... finished proof: closed. 
122519     INFO  main            d.u.i.k.p.i.AbstractProblemLoader Loading environment from /home/runner/work/key/key/key.core/../key.ui/examples/standard_key/pred_log/tptp/SET/SET027p3.key.proof 
122520     DEBUG main            d.u.i.k.p.i.AbstractProblemLoader Environment load took 139.3ns 
122521     INFO  main            d.u.i.k.p.i.AbstractProblemLoader Creating init config 
125407     DEBUG main            d.u.i.k.p.i.AbstractProblemLoader Init config took 2.89s 
125425     INFO  main            d.u.i.k.p.i.AbstractProblemLoader Replaying proof SET027p3.key.proof 
125436     DEBUG main            d.u.i.k.p.i.IntermediateProofReplayer Proof replay took 6.97ms 
125438     DEBUG main            d.u.i.k.p.r.p.TestFile    ... success: reloaded. 
125439     INFO  main            d.u.i.k.p.r.p.TestFile    Now processing file /home/runner/work/key/key/key.core/../key.ui/examples/standard_key/pred_log/tptp/SET/SET043p1.key 
125439     INFO  main            d.u.i.k.p.i.AbstractProblemLoader Loading environment from /home/runner/work/key/key/key.core/../key.ui/examples/standard_key/pred_log/tptp/SET/SET043p1.key 
125440     DEBUG main            d.u.i.k.p.i.AbstractProblemLoader Environment load took 180.5ns 
125441     INFO  main            d.u.i.k.p.i.AbstractProblemLoader Creating init config 
128320     DEBUG main            d.u.i.k.p.i.AbstractProblemLoader Init config took 2.88s 
128337     INFO  main            d.u.i.k.p.i.AbstractProblemLoader Replaying proof SET043p1.key 
128338     DEBUG main            d.u.i.k.p.i.IntermediateProofReplayer Proof replay took 8.3ns 
128441     INFO  main            d.u.i.k.p.r.p.TestFile    ... finished proof: closed. 
128718     INFO  main            d.u.i.k.p.i.AbstractProblemLoader Loading environment from /home/runner/work/key/key/key.core/../key.ui/examples/standard_key/pred_log/tptp/SET/SET043p1.key.proof 
128718     DEBUG main            d.u.i.k.p.i.AbstractProblemLoader Environment load took 183.6ns 
128720     INFO  main            d.u.i.k.p.i.AbstractProblemLoader Creating init config 
131604     DEBUG main            d.u.i.k.p.i.AbstractProblemLoader Init config took 2.88s 
131622     INFO  main            d.u.i.k.p.i.AbstractProblemLoader Replaying proof SET043p1.key.proof 
131626     DEBUG main            d.u.i.k.p.i.IntermediateProofReplayer Proof replay took 1.48ms 
131627     DEBUG main            d.u.i.k.p.r.p.TestFile    ... success: reloaded. 
131628     INFO  main            d.u.i.k.p.r.p.TestFile    Now processing file /home/runner/work/key/key/key.core/../key.ui/examples/standard_key/pred_log/tptp/SET/SET045p1.key 
131628     INFO  main            d.u.i.k.p.i.AbstractProblemLoader Loading environment from /home/runner/work/key/key/key.core/../key.ui/examples/standard_key/pred_log/tptp/SET/SET045p1.key 
131628     DEBUG main            d.u.i.k.p.i.AbstractProblemLoader Environment load took 209.6ns 
131629     INFO  main            d.u.i.k.p.i.AbstractProblemLoader Creating init config 
134586     DEBUG main            d.u.i.k.p.i.AbstractProblemLoader Init config took 2.96s 
134606     INFO  main            d.u.i.k.p.i.AbstractProblemLoader Replaying proof SET045p1.key 
134607     DEBUG main            d.u.i.k.p.i.IntermediateProofReplayer Proof replay took 9.2ns 
134710     INFO  main            d.u.i.k.p.r.p.TestFile    ... finished proof: closed. 
134997     INFO  main            d.u.i.k.p.i.AbstractProblemLoader Loading environment from /home/runner/work/key/key/key.core/../key.ui/examples/standard_key/pred_log/tptp/SET/SET045p1.key.proof 
134997     DEBUG main            d.u.i.k.p.i.AbstractProblemLoader Environment load took 141.7ns 
134998     INFO  main            d.u.i.k.p.i.AbstractProblemLoader Creating init config 
137859     DEBUG main            d.u.i.k.p.i.AbstractProblemLoader Init config took 2.86s 
137880     INFO  main            d.u.i.k.p.i.AbstractProblemLoader Replaying proof SET045p1.key.proof 
137887     DEBUG main            d.u.i.k.p.i.IntermediateProofReplayer Proof replay took 4.58ms 
137888     DEBUG main            d.u.i.k.p.r.p.TestFile    ... success: reloaded. 
137888     INFO  main            d.u.i.k.p.r.p.TestFile    Now processing file /home/runner/work/key/key/key.core/../key.ui/examples/standard_key/pred_log/tptp/SET/SET062p3.key 
137889     INFO  main            d.u.i.k.p.i.AbstractProblemLoader Loading environment from /home/runner/work/key/key/key.core/../key.ui/examples/standard_key/pred_log/tptp/SET/SET062p3.key 
137889     DEBUG main            d.u.i.k.p.i.AbstractProblemLoader Environment load took 124.7ns 
137890     INFO  main            d.u.i.k.p.i.AbstractProblemLoader Creating init config 
140842     DEBUG main            d.u.i.k.p.i.AbstractProblemLoader Init config took 2.95s 
140862     INFO  main            d.u.i.k.p.i.AbstractProblemLoader Replaying proof SET062p3.key 
140866     DEBUG main            d.u.i.k.p.i.IntermediateProofReplayer Proof replay took 10.8ns 
140969     INFO  main            d.u.i.k.p.r.p.TestFile    ... finished proof: closed. 
141263     INFO  main            d.u.i.k.p.i.AbstractProblemLoader Loading environment from /home/runner/work/key/key/key.core/../key.ui/examples/standard_key/pred_log/tptp/SET/SET062p3.key.proof 
141267     DEBUG main            d.u.i.k.p.i.AbstractProblemLoader Environment load took 4.54ms 
141269     INFO  main            d.u.i.k.p.i.AbstractProblemLoader Creating init config 
144088     DEBUG main            d.u.i.k.p.i.AbstractProblemLoader Init config took 2.82s 
144105     INFO  main            d.u.i.k.p.i.AbstractProblemLoader Replaying proof SET062p3.key.proof 
144111     DEBUG main            d.u.i.k.p.i.IntermediateProofReplayer Proof replay took 3.67ms 
144112     DEBUG main            d.u.i.k.p.r.p.TestFile    ... success: reloaded. 
144113     INFO  main            d.u.i.k.p.r.p.TestFile    Now processing file /home/runner/work/key/key/key.core/../key.ui/examples/standard_key/pred_log/tptp/SET/SET063p3.key 
144113     INFO  main            d.u.i.k.p.i.AbstractProblemLoader Loading environment from /home/runner/work/key/key/key.core/../key.ui/examples/standard_key/pred_log/tptp/SET/SET063p3.key 
144113     DEBUG main            d.u.i.k.p.i.AbstractProblemLoader Environment load took 98.2ns 
144114     INFO  main            d.u.i.k.p.i.AbstractProblemLoader Creating init config 
147006     DEBUG main            d.u.i.k.p.i.AbstractProblemLoader Init config took 2.89s 
147022     INFO  main            d.u.i.k.p.i.AbstractProblemLoader Replaying proof SET063p3.key 
147024     DEBUG main            d.u.i.k.p.i.IntermediateProofReplayer Proof replay took 8.8ns 
147129     INFO  main            d.u.i.k.p.r.p.TestFile    ... finished proof: closed. 
147422     INFO  main            d.u.i.k.p.i.AbstractProblemLoader Loading environment from /home/runner/work/key/key/key.core/../key.ui/examples/standard_key/pred_log/tptp/SET/SET063p3.key.proof 
147422     DEBUG main            d.u.i.k.p.i.AbstractProblemLoader Environment load took 126.1ns 
147424     INFO  main            d.u.i.k.p.i.AbstractProblemLoader Creating init config 
150203     DEBUG main            d.u.i.k.p.i.AbstractProblemLoader Init config took 2.78s 
150219     INFO  main            d.u.i.k.p.i.AbstractProblemLoader Replaying proof SET063p3.key.proof 
150226     DEBUG main            d.u.i.k.p.i.IntermediateProofReplayer Proof replay took 3.93ms 
150227     DEBUG main            d.u.i.k.p.r.p.TestFile    ... success: reloaded. 
150228     INFO  main            d.u.i.k.p.r.p.TestFile    Now processing file /home/runner/work/key/key/key.core/../key.ui/examples/standard_key/pred_log/tptp/SYN/SYN036p2.key 
150228     INFO  main            d.u.i.k.p.i.AbstractProblemLoader Loading environment from /home/runner/work/key/key/key.core/../key.ui/examples/standard_key/pred_log/tptp/SYN/SYN036p2.key 
150228     DEBUG main            d.u.i.k.p.i.AbstractProblemLoader Environment load took 207.9ns 
150230     INFO  main            d.u.i.k.p.i.AbstractProblemLoader Creating init config 
153136     DEBUG main            d.u.i.k.p.i.AbstractProblemLoader Init config took 2.91s 
153154     INFO  main            d.u.i.k.p.i.AbstractProblemLoader Replaying proof SYN036p2.key 
153155     DEBUG main            d.u.i.k.p.i.IntermediateProofReplayer Proof replay took 8.2ns 
153462     INFO  main            d.u.i.k.p.r.p.TestFile    ... finished proof: closed. 
153793     INFO  main            d.u.i.k.p.i.AbstractProblemLoader Loading environment from /home/runner/work/key/key/key.core/../key.ui/examples/standard_key/pred_log/tptp/SYN/SYN036p2.key.proof 
153794     DEBUG main            d.u.i.k.p.i.AbstractProblemLoader Environment load took 1.12ms 
153796     INFO  main            d.u.i.k.p.i.AbstractProblemLoader Creating init config 
156637     DEBUG main            d.u.i.k.p.i.AbstractProblemLoader Init config took 2.84s 
156654     INFO  main            d.u.i.k.p.i.AbstractProblemLoader Replaying proof SYN036p2.key.proof 
156742     DEBUG main            d.u.i.k.p.i.IntermediateProofReplayer Proof replay took 79.06ms 
156743     DEBUG main            d.u.i.k.p.r.p.TestFile    ... success: reloaded. 
156744     INFO  main            d.u.i.k.p.r.p.TestFile    Now processing file /home/runner/work/key/key/key.core/../key.ui/examples/standard_key/pred_log/tptp/SYN/SYN550p1.key 
156744     INFO  main            d.u.i.k.p.i.AbstractProblemLoader Loading environment from /home/runner/work/key/key/key.core/../key.ui/examples/standard_key/pred_log/tptp/SYN/SYN550p1.key 
156745     DEBUG main            d.u.i.k.p.i.AbstractProblemLoader Environment load took 103.2ns 
156746     INFO  main            d.u.i.k.p.i.AbstractProblemLoader Creating init config 
159656     DEBUG main            d.u.i.k.p.i.AbstractProblemLoader Init config took 2.91s 
159672     INFO  main            d.u.i.k.p.i.AbstractProblemLoader Replaying proof SYN550p1.key 
159674     DEBUG main            d.u.i.k.p.i.IntermediateProofReplayer Proof replay took 8.1ns 
163184     INFO  main            d.u.i.k.p.r.p.TestFile    ... finished proof: closed. 
163516     INFO  main            d.u.i.k.p.i.AbstractProblemLoader Loading environment from /home/runner/work/key/key/key.core/../key.ui/examples/standard_key/pred_log/tptp/SYN/SYN550p1.key.proof 
163516     DEBUG main            d.u.i.k.p.i.AbstractProblemLoader Environment load took 135.7ns 
163517     INFO  main            d.u.i.k.p.i.AbstractProblemLoader Creating init config 
166299     DEBUG main            d.u.i.k.p.i.AbstractProblemLoader Init config took 2.78s 
166314     INFO  main            d.u.i.k.p.i.AbstractProblemLoader Replaying proof SYN550p1.key.proof 
166413     DEBUG main            d.u.i.k.p.i.IntermediateProofReplayer Proof replay took 90.94ms 
166415     DEBUG main            d.u.i.k.p.r.p.TestFile    ... success: reloaded. 
166417     INFO  main            d.u.i.k.p.r.p.TestFile    Now processing file /home/runner/work/key/key/key.core/../key.ui/examples/standard_key/prop_log/reallySimple.key 
166418     INFO  main            d.u.i.k.p.i.AbstractProblemLoader Loading environment from /home/runner/work/key/key/key.core/../key.ui/examples/standard_key/prop_log/reallySimple.key 
166418     DEBUG main            d.u.i.k.p.i.AbstractProblemLoader Environment load took 237.3ns 
166419     INFO  main            d.u.i.k.p.i.AbstractProblemLoader Creating init config 
169270     DEBUG main            d.u.i.k.p.i.AbstractProblemLoader Init config took 2.85s 
169285     INFO  main            d.u.i.k.p.i.AbstractProblemLoader Replaying proof reallySimple.key 
169287     DEBUG main            d.u.i.k.p.i.IntermediateProofReplayer Proof replay took 24.7ns 
169389     INFO  main            d.u.i.k.p.r.p.TestFile    ... finished proof: open goal(s) 
169732     INFO  main            d.u.i.k.p.r.p.TestFile    Now processing file /home/runner/work/key/key/key.core/../key.ui/examples/standard_key/pred_log/sameName1.key 
169732     INFO  main            d.u.i.k.p.i.AbstractProblemLoader Loading environment from /home/runner/work/key/key/key.core/../key.ui/examples/standard_key/pred_log/sameName1.key 
169732     DEBUG main            d.u.i.k.p.i.AbstractProblemLoader Environment load took 71.8ns 
169733     INFO  main            d.u.i.k.p.i.AbstractProblemLoader Creating init config 
172472     DEBUG main            d.u.i.k.p.i.AbstractProblemLoader Init config took 2.74s 
172489     INFO  main            d.u.i.k.p.i.AbstractProblemLoader Replaying proof sameName1.key 
172491     DEBUG main            d.u.i.k.p.i.IntermediateProofReplayer Proof replay took 6.9ns 
172593     INFO  main            d.u.i.k.p.r.p.TestFile    ... finished proof: open goal(s) 
172901     INFO  main            d.u.i.k.p.r.p.TestFile    Now processing file /home/runner/work/key/key/key.core/../key.ui/examples/standard_key/pred_log/jbyteIfEx.key 
172901     INFO  main            d.u.i.k.p.i.AbstractProblemLoader Loading environment from /home/runner/work/key/key/key.core/../key.ui/examples/standard_key/pred_log/jbyteIfEx.key 
172901     DEBUG main            d.u.i.k.p.i.AbstractProblemLoader Environment load took 95.5ns 
172902     INFO  main            d.u.i.k.p.i.AbstractProblemLoader Creating init config 
175711     DEBUG main            d.u.i.k.p.i.AbstractProblemLoader Init config took 2.81s 
175726     INFO  main            d.u.i.k.p.i.AbstractProblemLoader Replaying proof jbyteIfEx.key 
175728     DEBUG main            d.u.i.k.p.i.IntermediateProofReplayer Proof replay took 25.6ns 
175830     INFO  main            d.u.i.k.p.r.p.TestFile    ... finished proof: closed. 
176147     INFO  main            d.u.i.k.p.i.AbstractProblemLoader Loading environment from /home/runner/work/key/key/key.core/../key.ui/examples/standard_key/pred_log/jbyteIfEx.key.proof 
176148     DEBUG main            d.u.i.k.p.i.AbstractProblemLoader Environment load took 129.3ns 
176149     INFO  main            d.u.i.k.p.i.AbstractProblemLoader Creating init config 
178959     DEBUG main            d.u.i.k.p.i.AbstractProblemLoader Init config took 2.81s 
178975     INFO  main            d.u.i.k.p.i.AbstractProblemLoader Replaying proof jbyteIfEx.key.proof 
178986     DEBUG main            d.u.i.k.p.i.IntermediateProofReplayer Proof replay took 7.65ms 
178987     DEBUG main            d.u.i.k.p.r.p.TestFile    ... success: reloaded. 
178987     INFO  main            d.u.i.k.p.r.p.TestFile    Now processing file /home/runner/work/key/key/key.core/../key.ui/examples/standard_key/prop_log/allClausesLength4.key 
178988     INFO  main            d.u.i.k.p.i.AbstractProblemLoader Loading environment from /home/runner/work/key/key/key.core/../key.ui/examples/standard_key/prop_log/allClausesLength4.key 
178988     DEBUG main            d.u.i.k.p.i.AbstractProblemLoader Environment load took 197.9ns 
178990     INFO  main            d.u.i.k.p.i.AbstractProblemLoader Creating init config 
181908     DEBUG main            d.u.i.k.p.i.AbstractProblemLoader Init config took 2.92s 
181926     INFO  main            d.u.i.k.p.i.AbstractProblemLoader Replaying proof allClausesLength4.key 
181928     DEBUG main            d.u.i.k.p.i.IntermediateProofReplayer Proof replay took 8ns 
182031     INFO  main            d.u.i.k.p.r.p.TestFile    ... finished proof: closed. 
182369     INFO  main            d.u.i.k.p.i.AbstractProblemLoader Loading environment from /home/runner/work/key/key/key.core/../key.ui/examples/standard_key/prop_log/allClausesLength4.key.proof 
182369     DEBUG main            d.u.i.k.p.i.AbstractProblemLoader Environment load took 562.8ns 
182371     INFO  main            d.u.i.k.p.i.AbstractProblemLoader Creating init config 
185183     DEBUG main            d.u.i.k.p.i.AbstractProblemLoader Init config took 2.81s 
185198     INFO  main            d.u.i.k.p.i.AbstractProblemLoader Replaying proof allClausesLength4.key.proof 
185217     DEBUG main            d.u.i.k.p.i.IntermediateProofReplayer Proof replay took 15.48ms 
185219     DEBUG main            d.u.i.k.p.r.p.TestFile    ... success: reloaded. 
185220     INFO  main            d.u.i.k.p.r.p.TestFile    Now processing file /home/runner/work/key/key/key.core/../key.ui/examples/standard_key/prop_log/allClausesLength5.key 
185220     INFO  main            d.u.i.k.p.i.AbstractProblemLoader Loading environment from /home/runner/work/key/key/key.core/../key.ui/examples/standard_key/prop_log/allClausesLength5.key 
185221     DEBUG main            d.u.i.k.p.i.AbstractProblemLoader Environment load took 241.2ns 
185222     INFO  main            d.u.i.k.p.i.AbstractProblemLoader Creating init config 
188036     DEBUG main            d.u.i.k.p.i.AbstractProblemLoader Init config took 2.81s 
188053     INFO  main            d.u.i.k.p.i.AbstractProblemLoader Replaying proof allClausesLength5.key 
188055     DEBUG main            d.u.i.k.p.i.IntermediateProofReplayer Proof replay took 7.6ns 
188360     INFO  main            d.u.i.k.p.r.p.TestFile    ... finished proof: closed. 
188733     INFO  main            d.u.i.k.p.i.AbstractProblemLoader Loading environment from /home/runner/work/key/key/key.core/../key.ui/examples/standard_key/prop_log/allClausesLength5.key.proof 
188735     DEBUG main            d.u.i.k.p.i.AbstractProblemLoader Environment load took 1.5ms 
188739     INFO  main            d.u.i.k.p.i.AbstractProblemLoader Creating init config 
191566     DEBUG main            d.u.i.k.p.i.AbstractProblemLoader Init config took 2.83s 
191584     INFO  main            d.u.i.k.p.i.AbstractProblemLoader Replaying proof allClausesLength5.key.proof 
191650     DEBUG main            d.u.i.k.p.i.IntermediateProofReplayer Proof replay took 59.69ms 
191652     DEBUG main            d.u.i.k.p.r.p.TestFile    ... success: reloaded. 
191659     INFO  main            d.u.i.k.p.r.p.TestFile    Now processing file /home/runner/work/key/key/key.core/../key.ui/examples/standard_key/prop_log/doubleNeg.key 
191660     INFO  main            d.u.i.k.p.i.AbstractProblemLoader Loading environment from /home/runner/work/key/key/key.core/../key.ui/examples/standard_key/prop_log/doubleNeg.key 
191660     DEBUG main            d.u.i.k.p.i.AbstractProblemLoader Environment load took 122.7ns 
191661     INFO  main            d.u.i.k.p.i.AbstractProblemLoader Creating init config 
194616     DEBUG main            d.u.i.k.p.i.AbstractProblemLoader Init config took 2.96s 
194632     INFO  main            d.u.i.k.p.i.AbstractProblemLoader Replaying proof doubleNeg.key 
194634     DEBUG main            d.u.i.k.p.i.IntermediateProofReplayer Proof replay took 7.3ns 
194736     INFO  main            d.u.i.k.p.r.p.TestFile    ... finished proof: closed. 
195085     INFO  main            d.u.i.k.p.i.AbstractProblemLoader Loading environment from /home/runner/work/key/key/key.core/../key.ui/examples/standard_key/prop_log/doubleNeg.key.proof 
195085     DEBUG main            d.u.i.k.p.i.AbstractProblemLoader Environment load took 126.8ns 
195086     INFO  main            d.u.i.k.p.i.AbstractProblemLoader Creating init config 
197867     DEBUG main            d.u.i.k.p.i.AbstractProblemLoader Init config took 2.78s 
197888     INFO  main            d.u.i.k.p.i.AbstractProblemLoader Replaying proof doubleNeg.key.proof 
197891     DEBUG main            d.u.i.k.p.i.IntermediateProofReplayer Proof replay took 493.2ns 
197893     DEBUG main            d.u.i.k.p.r.p.TestFile    ... success: reloaded. 
197894     INFO  main            d.u.i.k.p.r.p.TestFile    Now processing file /home/runner/work/key/key/key.core/../key.ui/examples/standard_key/prop_log/liarsville.key 
197894     INFO  main            d.u.i.k.p.i.AbstractProblemLoader Loading environment from /home/runner/work/key/key/key.core/../key.ui/examples/standard_key/prop_log/liarsville.key 
197894     DEBUG main            d.u.i.k.p.i.AbstractProblemLoader Environment load took 191.3ns 
197897     INFO  main            d.u.i.k.p.i.AbstractProblemLoader Creating init config 
200694     DEBUG main            d.u.i.k.p.i.AbstractProblemLoader Init config took 2.8s 
200710     INFO  main            d.u.i.k.p.i.AbstractProblemLoader Replaying proof liarsville.key 
200711     DEBUG main            d.u.i.k.p.i.IntermediateProofReplayer Proof replay took 7.4ns 
200815     INFO  main            d.u.i.k.p.r.p.TestFile    ... finished proof: closed. 
201169     INFO  main            d.u.i.k.p.i.AbstractProblemLoader Loading environment from /home/runner/work/key/key/key.core/../key.ui/examples/standard_key/prop_log/liarsville.key.proof 
201170     DEBUG main            d.u.i.k.p.i.AbstractProblemLoader Environment load took 159.1ns 
201171     INFO  main            d.u.i.k.p.i.AbstractProblemLoader Creating init config 
203975     DEBUG main            d.u.i.k.p.i.AbstractProblemLoader Init config took 2.8s 
203991     INFO  main            d.u.i.k.p.i.AbstractProblemLoader Replaying proof liarsville.key.proof 
203994     DEBUG main            d.u.i.k.p.i.IntermediateProofReplayer Proof replay took 1.41ms 
203995     DEBUG main            d.u.i.k.p.r.p.TestFile    ... success: reloaded. 
203995     INFO  main            d.u.i.k.p.r.p.TestFile    Now processing file /home/runner/work/key/key/key.core/../key.ui/examples/standard_key/prop_log/simplest.key 
203996     INFO  main            d.u.i.k.p.i.AbstractProblemLoader Loading environment from /home/runner/work/key/key/key.core/../key.ui/examples/standard_key/prop_log/simplest.key 
203996     DEBUG main            d.u.i.k.p.i.AbstractProblemLoader Environment load took 109.5ns 
203997     INFO  main            d.u.i.k.p.i.AbstractProblemLoader Creating init config 
206838     DEBUG main            d.u.i.k.p.i.AbstractProblemLoader Init config took 2.84s 
206853     INFO  main            d.u.i.k.p.i.AbstractProblemLoader Replaying proof simplest.key 
206854     DEBUG main            d.u.i.k.p.i.IntermediateProofReplayer Proof replay took 7.9ns 
206956     INFO  main            d.u.i.k.p.r.p.TestFile    ... finished proof: closed. 
207322     INFO  main            d.u.i.k.p.i.AbstractProblemLoader Loading environment from /home/runner/work/key/key/key.core/../key.ui/examples/standard_key/prop_log/simplest.key.proof 
207322     DEBUG main            d.u.i.k.p.i.AbstractProblemLoader Environment load took 119.7ns 
207323     INFO  main            d.u.i.k.p.i.AbstractProblemLoader Creating init config 
210117     DEBUG main            d.u.i.k.p.i.AbstractProblemLoader Init config took 2.79s 
210132     INFO  main            d.u.i.k.p.i.AbstractProblemLoader Replaying proof simplest.key.proof 
210136     DEBUG main            d.u.i.k.p.i.IntermediateProofReplayer Proof replay took 116.8ns 
210136     DEBUG main            d.u.i.k.p.r.p.TestFile    ... success: reloaded. 
210137     INFO  main            d.u.i.k.p.r.p.TestFile    Now processing file /home/runner/work/key/key/key.core/../key.ui/examples/standard_key/prop_log/contraposition.key 
210137     INFO  main            d.u.i.k.p.i.AbstractProblemLoader Loading environment from /home/runner/work/key/key/key.core/../key.ui/examples/standard_key/prop_log/contraposition.key 
210137     DEBUG main            d.u.i.k.p.i.AbstractProblemLoader Environment load took 123.8ns 
210139     INFO  main            d.u.i.k.p.i.AbstractProblemLoader Creating init config 
212987     DEBUG main            d.u.i.k.p.i.AbstractProblemLoader Init config took 2.85s 
213003     INFO  main            d.u.i.k.p.i.AbstractProblemLoader Replaying proof contraposition.key 
213005     DEBUG main            d.u.i.k.p.i.IntermediateProofReplayer Proof replay took 7.7ns 
213107     INFO  main            d.u.i.k.p.r.p.TestFile    ... finished proof: closed. 
213481     INFO  main            d.u.i.k.p.i.AbstractProblemLoader Loading environment from /home/runner/work/key/key/key.core/../key.ui/examples/standard_key/prop_log/contraposition.key.proof 
213481     DEBUG main            d.u.i.k.p.i.AbstractProblemLoader Environment load took 115.4ns 
213482     INFO  main            d.u.i.k.p.i.AbstractProblemLoader Creating init config 
216264     DEBUG main            d.u.i.k.p.i.AbstractProblemLoader Init config took 2.78s 
216279     INFO  main            d.u.i.k.p.i.AbstractProblemLoader Replaying proof contraposition.key.proof 
216281     DEBUG main            d.u.i.k.p.i.IntermediateProofReplayer Proof replay took 632.71ns 
216283     DEBUG main            d.u.i.k.p.r.p.TestFile    ... success: reloaded. 
216284     INFO  main            d.u.i.k.p.r.p.TestFile    Now processing file /home/runner/work/key/key/key.core/../key.ui/examples/standard_key/quantifiers/elimination0.key 
216285     INFO  main            d.u.i.k.p.i.AbstractProblemLoader Loading environment from /home/runner/work/key/key/key.core/../key.ui/examples/standard_key/quantifiers/elimination0.key 
216285     DEBUG main            d.u.i.k.p.i.AbstractProblemLoader Environment load took 247.6ns 
216286     INFO  main            d.u.i.k.p.i.AbstractProblemLoader Creating init config 
219149     DEBUG main            d.u.i.k.p.i.AbstractProblemLoader Init config took 2.86s 
219164     INFO  main            d.u.i.k.p.i.AbstractProblemLoader Replaying proof elimination0.key 
219166     DEBUG main            d.u.i.k.p.i.IntermediateProofReplayer Proof replay took 23.3ns 
219272     INFO  main            d.u.i.k.p.r.p.TestFile    ... finished proof: closed. 
219644     INFO  main            d.u.i.k.p.i.AbstractProblemLoader Loading environment from /home/runner/work/key/key/key.core/../key.ui/examples/standard_key/quantifiers/elimination0.key.proof 
219644     DEBUG main            d.u.i.k.p.i.AbstractProblemLoader Environment load took 119.3ns 
219645     INFO  main            d.u.i.k.p.i.AbstractProblemLoader Creating init config 
222474     DEBUG main            d.u.i.k.p.i.AbstractProblemLoader Init config took 2.83s 
222489     INFO  main            d.u.i.k.p.i.AbstractProblemLoader Replaying proof elimination0.key.proof 
222492     DEBUG main            d.u.i.k.p.i.IntermediateProofReplayer Proof replay took 1.35ms 
222493     DEBUG main            d.u.i.k.p.r.p.TestFile    ... success: reloaded. 
222494     INFO  main            d.u.i.k.p.r.p.TestFile    Now processing file /home/runner/work/key/key/key.core/../key.ui/examples/standard_key/quantifiers/heuristic_PUZ001p1-eq.key 
222495     INFO  main            d.u.i.k.p.i.AbstractProblemLoader Loading environment from /home/runner/work/key/key/key.core/../key.ui/examples/standard_key/quantifiers/heuristic_PUZ001p1-eq.key 
222495     DEBUG main            d.u.i.k.p.i.AbstractProblemLoader Environment load took 121.9ns 
222496     INFO  main            d.u.i.k.p.i.AbstractProblemLoader Creating init config 
225396     DEBUG main            d.u.i.k.p.i.AbstractProblemLoader Init config took 2.9s 
225411     INFO  main            d.u.i.k.p.i.AbstractProblemLoader Replaying proof heuristic_PUZ001p1-eq.key 
225414     DEBUG main            d.u.i.k.p.i.IntermediateProofReplayer Proof replay took 6.9ns 
225617     INFO  main            d.u.i.k.p.r.p.TestFile    ... finished proof: closed. 
226020     INFO  main            d.u.i.k.p.i.AbstractProblemLoader Loading environment from /home/runner/work/key/key/key.core/../key.ui/examples/standard_key/quantifiers/heuristic_PUZ001p1-eq.key.proof 
226020     DEBUG main            d.u.i.k.p.i.AbstractProblemLoader Environment load took 109.5ns 
226022     INFO  main            d.u.i.k.p.i.AbstractProblemLoader Creating init config 
228795     DEBUG main            d.u.i.k.p.i.AbstractProblemLoader Init config took 2.77s 
228810     INFO  main            d.u.i.k.p.i.AbstractProblemLoader Replaying proof heuristic_PUZ001p1-eq.key.proof 
228824     DEBUG main            d.u.i.k.p.i.IntermediateProofReplayer Proof replay took 10.56ms 
228825     DEBUG main            d.u.i.k.p.r.p.TestFile    ... success: reloaded. 
228826     INFO  main            d.u.i.k.p.r.p.TestFile    Now processing file /home/runner/work/key/key/key.core/../key.ui/examples/standard_key/quantifiers/heuristic_PUZ001p1.key 
228826     INFO  main            d.u.i.k.p.i.AbstractProblemLoader Loading environment from /home/runner/work/key/key/key.core/../key.ui/examples/standard_key/quantifiers/heuristic_PUZ001p1.key 
228826     DEBUG main            d.u.i.k.p.i.AbstractProblemLoader Environment load took 107ns 
228828     INFO  main            d.u.i.k.p.i.AbstractProblemLoader Creating init config 
231682     DEBUG main            d.u.i.k.p.i.AbstractProblemLoader Init config took 2.85s 
231698     INFO  main            d.u.i.k.p.i.AbstractProblemLoader Replaying proof heuristic_PUZ001p1.key 
231700     DEBUG main            d.u.i.k.p.i.IntermediateProofReplayer Proof replay took 7.3ns 
233316     INFO  main            d.u.i.k.p.r.p.TestFile    ... finished proof: closed. 
233751     INFO  main            d.u.i.k.p.i.AbstractProblemLoader Loading environment from /home/runner/work/key/key/key.core/../key.ui/examples/standard_key/quantifiers/heuristic_PUZ001p1.key.proof 
233752     DEBUG main            d.u.i.k.p.i.AbstractProblemLoader Environment load took 282.3ns 
233754     INFO  main            d.u.i.k.p.i.AbstractProblemLoader Creating init config 
236687     DEBUG main            d.u.i.k.p.i.AbstractProblemLoader Init config took 2.93s 
236704     INFO  main            d.u.i.k.p.i.AbstractProblemLoader Replaying proof heuristic_PUZ001p1.key.proof 
236758     DEBUG main            d.u.i.k.p.i.IntermediateProofReplayer Proof replay took 49.04ms 
236760     DEBUG main            d.u.i.k.p.r.p.TestFile    ... success: reloaded. 
236761     INFO  main            d.u.i.k.p.r.p.TestFile    Now processing file /home/runner/work/key/key/key.core/../key.ui/examples/standard_key/quantifiers/heuristic_PUZ031p1.key 
236761     INFO  main            d.u.i.k.p.i.AbstractProblemLoader Loading environment from /home/runner/work/key/key/key.core/../key.ui/examples/standard_key/quantifiers/heuristic_PUZ031p1.key 
236761     DEBUG main            d.u.i.k.p.i.AbstractProblemLoader Environment load took 217.1ns 
236763     INFO  main            d.u.i.k.p.i.AbstractProblemLoader Creating init config 
239643     DEBUG main            d.u.i.k.p.i.AbstractProblemLoader Init config took 2.88s 
239660     INFO  main            d.u.i.k.p.i.AbstractProblemLoader Replaying proof heuristic_PUZ031p1.key 
239662     DEBUG main            d.u.i.k.p.i.IntermediateProofReplayer Proof replay took 7.5ns 
245593     INFO  main            d.u.i.k.p.r.p.TestFile    ... finished proof: closed. 
246026     INFO  main            d.u.i.k.p.i.AbstractProblemLoader Loading environment from /home/runner/work/key/key/key.core/../key.ui/examples/standard_key/quantifiers/heuristic_PUZ031p1.key.proof 
246029     DEBUG main            d.u.i.k.p.i.AbstractProblemLoader Environment load took 3.46ms 
246032     INFO  main            d.u.i.k.p.i.AbstractProblemLoader Creating init config 
248810     DEBUG main            d.u.i.k.p.i.AbstractProblemLoader Init config took 2.78s 
248826     INFO  main            d.u.i.k.p.i.AbstractProblemLoader Replaying proof heuristic_PUZ031p1.key.proof 
248887     DEBUG main            d.u.i.k.p.i.IntermediateProofReplayer Proof replay took 55.64ms 
248888     DEBUG main            d.u.i.k.p.r.p.TestFile    ... success: reloaded. 
248890     INFO  main            d.u.i.k.p.r.p.TestFile    Now processing file /home/runner/work/key/key/key.core/../key.ui/examples/standard_key/quantifiers/heuristic_SYN036p2.key 
248890     INFO  main            d.u.i.k.p.i.AbstractProblemLoader Loading environment from /home/runner/work/key/key/key.core/../key.ui/examples/standard_key/quantifiers/heuristic_SYN036p2.key 
248890     DEBUG main            d.u.i.k.p.i.AbstractProblemLoader Environment load took 106.1ns 
248891     INFO  main            d.u.i.k.p.i.AbstractProblemLoader Creating init config 
251733     DEBUG main            d.u.i.k.p.i.AbstractProblemLoader Init config took 2.84s 
251747     INFO  main            d.u.i.k.p.i.AbstractProblemLoader Replaying proof heuristic_SYN036p2.key 
251749     DEBUG main            d.u.i.k.p.i.IntermediateProofReplayer Proof replay took 7ns 
252054     INFO  main            d.u.i.k.p.r.p.TestFile    ... finished proof: closed. 
252480     INFO  main            d.u.i.k.p.i.AbstractProblemLoader Loading environment from /home/runner/work/key/key/key.core/../key.ui/examples/standard_key/quantifiers/heuristic_SYN036p2.key.proof 
252480     DEBUG main            d.u.i.k.p.i.AbstractProblemLoader Environment load took 462.3ns 
252482     INFO  main            d.u.i.k.p.i.AbstractProblemLoader Creating init config 
255181     DEBUG main            d.u.i.k.p.i.AbstractProblemLoader Init config took 2.7s 
255197     INFO  main            d.u.i.k.p.i.AbstractProblemLoader Replaying proof heuristic_SYN036p2.key.proof 
255271     DEBUG main            d.u.i.k.p.i.IntermediateProofReplayer Proof replay took 65.95ms 
255272     DEBUG main            d.u.i.k.p.r.p.TestFile    ... success: reloaded. 
255273     INFO  main            d.u.i.k.p.r.p.TestFile    Now processing file /home/runner/work/key/key/key.core/../key.ui/examples/standard_key/quantifiers/injectivity.key 
255274     INFO  main            d.u.i.k.p.i.AbstractProblemLoader Loading environment from /home/runner/work/key/key/key.core/../key.ui/examples/standard_key/quantifiers/injectivity.key 
255274     DEBUG main            d.u.i.k.p.i.AbstractProblemLoader Environment load took 113.2ns 
255275     INFO  main            d.u.i.k.p.i.AbstractProblemLoader Creating init config 
258001     DEBUG main            d.u.i.k.p.i.AbstractProblemLoader Init config took 2.73s 
258015     INFO  main            d.u.i.k.p.i.AbstractProblemLoader Replaying proof injectivity.key 
258017     DEBUG main            d.u.i.k.p.i.IntermediateProofReplayer Proof replay took 6.4ns 
258119     INFO  main            d.u.i.k.p.r.p.TestFile    ... finished proof: closed. 
258529     INFO  main            d.u.i.k.p.i.AbstractProblemLoader Loading environment from /home/runner/work/key/key/key.core/../key.ui/examples/standard_key/quantifiers/injectivity.key.proof 
258529     DEBUG main            d.u.i.k.p.i.AbstractProblemLoader Environment load took 107.4ns 
258531     INFO  main            d.u.i.k.p.i.AbstractProblemLoader Creating init config 
261183     DEBUG main            d.u.i.k.p.i.AbstractProblemLoader Init config took 2.65s 
261197     INFO  main            d.u.i.k.p.i.AbstractProblemLoader Replaying proof injectivity.key.proof 
261200     DEBUG main            d.u.i.k.p.i.IntermediateProofReplayer Proof replay took 1.17ms 
261201     DEBUG main            d.u.i.k.p.r.p.TestFile    ... success: reloaded. 
261202     INFO  main            d.u.i.k.p.r.p.TestFile    Now processing file /home/runner/work/key/key/key.core/../key.ui/examples/standard_key/quantifiers/normalisation0.key 
261202     INFO  main            d.u.i.k.p.i.AbstractProblemLoader Loading environment from /home/runner/work/key/key/key.core/../key.ui/examples/standard_key/quantifiers/normalisation0.key 
261202     DEBUG main            d.u.i.k.p.i.AbstractProblemLoader Environment load took 107ns 
261204     INFO  main            d.u.i.k.p.i.AbstractProblemLoader Creating init config 
263940     DEBUG main            d.u.i.k.p.i.AbstractProblemLoader Init config took 2.74s 
263956     INFO  main            d.u.i.k.p.i.AbstractProblemLoader Replaying proof normalisation0.key 
263957     DEBUG main            d.u.i.k.p.i.IntermediateProofReplayer Proof replay took 7.6ns 
264060     INFO  main            d.u.i.k.p.r.p.TestFile    ... finished proof: closed. 
264466     INFO  main            d.u.i.k.p.i.AbstractProblemLoader Loading environment from /home/runner/work/key/key/key.core/../key.ui/examples/standard_key/quantifiers/normalisation0.key.proof 
264466     DEBUG main            d.u.i.k.p.i.AbstractProblemLoader Environment load took 112.8ns 
264468     INFO  main            d.u.i.k.p.i.AbstractProblemLoader Creating init config 
267137     DEBUG main            d.u.i.k.p.i.AbstractProblemLoader Init config took 2.67s 
267168     INFO  main            d.u.i.k.p.i.AbstractProblemLoader Replaying proof normalisation0.key.proof 
267172     DEBUG main            d.u.i.k.p.i.IntermediateProofReplayer Proof replay took 1.73ms 
267173     DEBUG main            d.u.i.k.p.r.p.TestFile    ... success: reloaded. 
267174     INFO  main            d.u.i.k.p.r.p.TestFile    Now processing file /home/runner/work/key/key/key.core/../key.ui/examples/standard_key/quantifiers/normalisation1.key 
267174     INFO  main            d.u.i.k.p.i.AbstractProblemLoader Loading environment from /home/runner/work/key/key/key.core/../key.ui/examples/standard_key/quantifiers/normalisation1.key 
267174     DEBUG main            d.u.i.k.p.i.AbstractProblemLoader Environment load took 61ns 
267175     INFO  main            d.u.i.k.p.i.AbstractProblemLoader Creating init config 
269945     DEBUG main            d.u.i.k.p.i.AbstractProblemLoader Init config took 2.77s 
269961     INFO  main            d.u.i.k.p.i.AbstractProblemLoader Replaying proof normalisation1.key 
269963     DEBUG main            d.u.i.k.p.i.IntermediateProofReplayer Proof replay took 7.1ns 
270068     INFO  main            d.u.i.k.p.r.p.TestFile    ... finished proof: closed. 
270482     INFO  main            d.u.i.k.p.i.AbstractProblemLoader Loading environment from /home/runner/work/key/key/key.core/../key.ui/examples/standard_key/quantifiers/normalisation1.key.proof 
270482     DEBUG main            d.u.i.k.p.i.AbstractProblemLoader Environment load took 128.5ns 
270483     INFO  main            d.u.i.k.p.i.AbstractProblemLoader Creating init config 
273264     DEBUG main            d.u.i.k.p.i.AbstractProblemLoader Init config took 2.78s 
273280     INFO  main            d.u.i.k.p.i.AbstractProblemLoader Replaying proof normalisation1.key.proof 
273282     DEBUG main            d.u.i.k.p.i.IntermediateProofReplayer Proof replay took 1.27ms 
273283     DEBUG main            d.u.i.k.p.r.p.TestFile    ... success: reloaded. 
273284     INFO  main            d.u.i.k.p.r.p.TestFile    Now processing file /home/runner/work/key/key/key.core/../key.ui/examples/standard_key/quantifiers/normalisation2.key 
273284     INFO  main            d.u.i.k.p.i.AbstractProblemLoader Loading environment from /home/runner/work/key/key/key.core/../key.ui/examples/standard_key/quantifiers/normalisation2.key 
273284     DEBUG main            d.u.i.k.p.i.AbstractProblemLoader Environment load took 126.7ns 
273286     INFO  main            d.u.i.k.p.i.AbstractProblemLoader Creating init config 
276081     DEBUG main            d.u.i.k.p.i.AbstractProblemLoader Init config took 2.8s 
276096     INFO  main            d.u.i.k.p.i.AbstractProblemLoader Replaying proof normalisation2.key 
276098     DEBUG main            d.u.i.k.p.i.IntermediateProofReplayer Proof replay took 7.9ns 
276200     INFO  main            d.u.i.k.p.r.p.TestFile    ... finished proof: closed. 
276631     INFO  main            d.u.i.k.p.i.AbstractProblemLoader Loading environment from /home/runner/work/key/key/key.core/../key.ui/examples/standard_key/quantifiers/normalisation2.key.proof 
276631     DEBUG main            d.u.i.k.p.i.AbstractProblemLoader Environment load took 140.2ns 
276632     INFO  main            d.u.i.k.p.i.AbstractProblemLoader Creating init config 
279345     DEBUG main            d.u.i.k.p.i.AbstractProblemLoader Init config took 2.71s 
279360     INFO  main            d.u.i.k.p.i.AbstractProblemLoader Replaying proof normalisation2.key.proof 
279364     DEBUG main            d.u.i.k.p.i.IntermediateProofReplayer Proof replay took 1.68ms 
279365     DEBUG main            d.u.i.k.p.r.p.TestFile    ... success: reloaded. 
279365     INFO  main            d.u.i.k.p.r.p.TestFile    Now processing file /home/runner/work/key/key/key.core/../key.ui/examples/standard_key/quantifiers/normalisation3.key 
279366     INFO  main            d.u.i.k.p.i.AbstractProblemLoader Loading environment from /home/runner/work/key/key/key.core/../key.ui/examples/standard_key/quantifiers/normalisation3.key 
279366     DEBUG main            d.u.i.k.p.i.AbstractProblemLoader Environment load took 59.8ns 
279367     INFO  main            d.u.i.k.p.i.AbstractProblemLoader Creating init config 
282105     DEBUG main            d.u.i.k.p.i.AbstractProblemLoader Init config took 2.74s 
282119     INFO  main            d.u.i.k.p.i.AbstractProblemLoader Replaying proof normalisation3.key 
282121     DEBUG main            d.u.i.k.p.i.IntermediateProofReplayer Proof replay took 7.2ns 
282223     INFO  main            d.u.i.k.p.r.p.TestFile    ... finished proof: closed. 
282645     INFO  main            d.u.i.k.p.i.AbstractProblemLoader Loading environment from /home/runner/work/key/key/key.core/../key.ui/examples/standard_key/quantifiers/normalisation3.key.proof 
282646     DEBUG main            d.u.i.k.p.i.AbstractProblemLoader Environment load took 123.1ns 
282647     INFO  main            d.u.i.k.p.i.AbstractProblemLoader Creating init config 
285327     DEBUG main            d.u.i.k.p.i.AbstractProblemLoader Init config took 2.68s 
285342     INFO  main            d.u.i.k.p.i.AbstractProblemLoader Replaying proof normalisation3.key.proof 
285346     DEBUG main            d.u.i.k.p.i.IntermediateProofReplayer Proof replay took 2.6ms 
285347     DEBUG main            d.u.i.k.p.r.p.TestFile    ... success: reloaded. 
285349     INFO  main            d.u.i.k.p.r.p.TestFile    Now processing file /home/runner/work/key/key/key.core/../key.ui/examples/standard_key/quantifiers/normalisation4.key 
285349     INFO  main            d.u.i.k.p.i.AbstractProblemLoader Loading environment from /home/runner/work/key/key/key.core/../key.ui/examples/standard_key/quantifiers/normalisation4.key 
285350     DEBUG main            d.u.i.k.p.i.AbstractProblemLoader Environment load took 699.31ns 
285351     INFO  main            d.u.i.k.p.i.AbstractProblemLoader Creating init config 
288062     DEBUG main            d.u.i.k.p.i.AbstractProblemLoader Init config took 2.71s 
288077     INFO  main            d.u.i.k.p.i.AbstractProblemLoader Replaying proof normalisation4.key 
288079     DEBUG main            d.u.i.k.p.i.IntermediateProofReplayer Proof replay took 7.3ns 
288181     INFO  main            d.u.i.k.p.r.p.TestFile    ... finished proof: closed. 
288613     INFO  main            d.u.i.k.p.i.AbstractProblemLoader Loading environment from /home/runner/work/key/key/key.core/../key.ui/examples/standard_key/quantifiers/normalisation4.key.proof 
288613     DEBUG main            d.u.i.k.p.i.AbstractProblemLoader Environment load took 152.3ns 
288615     INFO  main            d.u.i.k.p.i.AbstractProblemLoader Creating init config 
291262     DEBUG main            d.u.i.k.p.i.AbstractProblemLoader Init config took 2.65s 
291277     INFO  main            d.u.i.k.p.i.AbstractProblemLoader Replaying proof normalisation4.key.proof 
291284     DEBUG main            d.u.i.k.p.i.IntermediateProofReplayer Proof replay took 5.42ms 
291285     DEBUG main            d.u.i.k.p.r.p.TestFile    ... success: reloaded. 
291287     INFO  main            d.u.i.k.p.r.p.TestFile    Now processing file /home/runner/work/key/key/key.core/../key.ui/examples/standard_key/quantifiers/normalisation5.key 
291287     INFO  main            d.u.i.k.p.i.AbstractProblemLoader Loading environment from /home/runner/work/key/key/key.core/../key.ui/examples/standard_key/quantifiers/normalisation5.key 
291287     DEBUG main            d.u.i.k.p.i.AbstractProblemLoader Environment load took 226.9ns 
291289     INFO  main            d.u.i.k.p.i.AbstractProblemLoader Creating init config 
294067     DEBUG main            d.u.i.k.p.i.AbstractProblemLoader Init config took 2.78s 
294082     INFO  main            d.u.i.k.p.i.AbstractProblemLoader Replaying proof normalisation5.key 
294084     DEBUG main            d.u.i.k.p.i.IntermediateProofReplayer Proof replay took 7.2ns 
294186     INFO  main            d.u.i.k.p.r.p.TestFile    ... finished proof: closed. 
294624     INFO  main            d.u.i.k.p.i.AbstractProblemLoader Loading environment from /home/runner/work/key/key/key.core/../key.ui/examples/standard_key/quantifiers/normalisation5.key.proof 
294624     DEBUG main            d.u.i.k.p.i.AbstractProblemLoader Environment load took 98.7ns 
294625     INFO  main            d.u.i.k.p.i.AbstractProblemLoader Creating init config 
297331     DEBUG main            d.u.i.k.p.i.AbstractProblemLoader Init config took 2.71s 
297346     INFO  main            d.u.i.k.p.i.AbstractProblemLoader Replaying proof normalisation5.key.proof 
297350     DEBUG main            d.u.i.k.p.i.IntermediateProofReplayer Proof replay took 2.03ms 
297351     DEBUG main            d.u.i.k.p.r.p.TestFile    ... success: reloaded. 
297352     INFO  main            d.u.i.k.p.r.p.TestFile    Now processing file /home/runner/work/key/key/key.core/../key.ui/examples/standard_key/quantifiers/normalisation6.key 
297352     INFO  main            d.u.i.k.p.i.AbstractProblemLoader Loading environment from /home/runner/work/key/key/key.core/../key.ui/examples/standard_key/quantifiers/normalisation6.key 
297352     DEBUG main            d.u.i.k.p.i.AbstractProblemLoader Environment load took 132.5ns 
297353     INFO  main            d.u.i.k.p.i.AbstractProblemLoader Creating init config 
300104     DEBUG main            d.u.i.k.p.i.AbstractProblemLoader Init config took 2.75s 
300119     INFO  main            d.u.i.k.p.i.AbstractProblemLoader Replaying proof normalisation6.key 
300123     DEBUG main            d.u.i.k.p.i.IntermediateProofReplayer Proof replay took 6.9ns 
300225     INFO  main            d.u.i.k.p.r.p.TestFile    ... finished proof: closed. 
300703     INFO  main            d.u.i.k.p.i.AbstractProblemLoader Loading environment from /home/runner/work/key/key/key.core/../key.ui/examples/standard_key/quantifiers/normalisation6.key.proof 
300704     DEBUG main            d.u.i.k.p.i.AbstractProblemLoader Environment load took 465.9ns 
300705     INFO  main            d.u.i.k.p.i.AbstractProblemLoader Creating init config 
303375     DEBUG main            d.u.i.k.p.i.AbstractProblemLoader Init config took 2.67s 
303389     INFO  main            d.u.i.k.p.i.AbstractProblemLoader Replaying proof normalisation6.key.proof 
303393     DEBUG main            d.u.i.k.p.i.IntermediateProofReplayer Proof replay took 1.74ms 
303394     DEBUG main            d.u.i.k.p.r.p.TestFile    ... success: reloaded. 
303395     INFO  main            d.u.i.k.p.r.p.TestFile    Now processing file /home/runner/work/key/key/key.core/../key.ui/examples/standard_key/quantifiers/normalisation7.key 
303395     INFO  main            d.u.i.k.p.i.AbstractProblemLoader Loading environment from /home/runner/work/key/key/key.core/../key.ui/examples/standard_key/quantifiers/normalisation7.key 
303395     DEBUG main            d.u.i.k.p.i.AbstractProblemLoader Environment load took 132.2ns 
303396     INFO  main            d.u.i.k.p.i.AbstractProblemLoader Creating init config 
306053     DEBUG main            d.u.i.k.p.i.AbstractProblemLoader Init config took 2.66s 
306088     INFO  main            d.u.i.k.p.i.AbstractProblemLoader Replaying proof normalisation7.key 
306090     DEBUG main            d.u.i.k.p.i.IntermediateProofReplayer Proof replay took 7.8ns 
306192     INFO  main            d.u.i.k.p.r.p.TestFile    ... finished proof: closed. 
306637     INFO  main            d.u.i.k.p.i.AbstractProblemLoader Loading environment from /home/runner/work/key/key/key.core/../key.ui/examples/standard_key/quantifiers/normalisation7.key.proof 
306637     DEBUG main            d.u.i.k.p.i.AbstractProblemLoader Environment load took 197.2ns 
306638     INFO  main            d.u.i.k.p.i.AbstractProblemLoader Creating init config 
309297     DEBUG main            d.u.i.k.p.i.AbstractProblemLoader Init config took 2.66s 
309314     INFO  main            d.u.i.k.p.i.AbstractProblemLoader Replaying proof normalisation7.key.proof 
309318     DEBUG main            d.u.i.k.p.i.IntermediateProofReplayer Proof replay took 1.81ms 
309319     DEBUG main            d.u.i.k.p.r.p.TestFile    ... success: reloaded. 
309320     INFO  main            d.u.i.k.p.r.p.TestFile    Now processing file /home/runner/work/key/key/key.core/../key.ui/examples/standard_key/quantifiers/normalisation8.key 
309320     INFO  main            d.u.i.k.p.i.AbstractProblemLoader Loading environment from /home/runner/work/key/key/key.core/../key.ui/examples/standard_key/quantifiers/normalisation8.key 
309320     DEBUG main            d.u.i.k.p.i.AbstractProblemLoader Environment load took 224.1ns 
309322     INFO  main            d.u.i.k.p.i.AbstractProblemLoader Creating init config 
312089     DEBUG main            d.u.i.k.p.i.AbstractProblemLoader Init config took 2.77s 
312106     INFO  main            d.u.i.k.p.i.AbstractProblemLoader Replaying proof normalisation8.key 
312107     DEBUG main            d.u.i.k.p.i.IntermediateProofReplayer Proof replay took 8.8ns 
312209     INFO  main            d.u.i.k.p.r.p.TestFile    ... finished proof: closed. 
312663     INFO  main            d.u.i.k.p.i.AbstractProblemLoader Loading environment from /home/runner/work/key/key/key.core/../key.ui/examples/standard_key/quantifiers/normalisation8.key.proof 
312663     DEBUG main            d.u.i.k.p.i.AbstractProblemLoader Environment load took 94.2ns 
312664     INFO  main            d.u.i.k.p.i.AbstractProblemLoader Creating init config 
315343     DEBUG main            d.u.i.k.p.i.AbstractProblemLoader Init config took 2.68s 
315359     INFO  main            d.u.i.k.p.i.AbstractProblemLoader Replaying proof normalisation8.key.proof 
315365     DEBUG main            d.u.i.k.p.i.IntermediateProofReplayer Proof replay took 4ms 
315366     DEBUG main            d.u.i.k.p.r.p.TestFile    ... success: reloaded. 
315367     INFO  main            d.u.i.k.p.r.p.TestFile    Now processing file /home/runner/work/key/key/key.core/../key.ui/examples/standard_key/quantifiers/normalisation9.key 
315368     INFO  main            d.u.i.k.p.i.AbstractProblemLoader Loading environment from /home/runner/work/key/key/key.core/../key.ui/examples/standard_key/quantifiers/normalisation9.key 
315368     DEBUG main            d.u.i.k.p.i.AbstractProblemLoader Environment load took 140.7ns 
315369     INFO  main            d.u.i.k.p.i.AbstractProblemLoader Creating init config 
318188     DEBUG main            d.u.i.k.p.i.AbstractProblemLoader Init config took 2.82s 
318203     INFO  main            d.u.i.k.p.i.AbstractProblemLoader Replaying proof normalisation9.key 
318205     DEBUG main            d.u.i.k.p.i.IntermediateProofReplayer Proof replay took 7.2ns 
318308     INFO  main            d.u.i.k.p.r.p.TestFile    ... finished proof: closed. 
318778     INFO  main            d.u.i.k.p.i.AbstractProblemLoader Loading environment from /home/runner/work/key/key/key.core/../key.ui/examples/standard_key/quantifiers/normalisation9.key.proof 
318778     DEBUG main            d.u.i.k.p.i.AbstractProblemLoader Environment load took 97ns 
318779     INFO  main            d.u.i.k.p.i.AbstractProblemLoader Creating init config 
321472     DEBUG main            d.u.i.k.p.i.AbstractProblemLoader Init config took 2.69s 
321488     INFO  main            d.u.i.k.p.i.AbstractProblemLoader Replaying proof normalisation9.key.proof 
321493     DEBUG main            d.u.i.k.p.i.IntermediateProofReplayer Proof replay took 3.41ms 
321495     DEBUG main            d.u.i.k.p.r.p.TestFile    ... success: reloaded. 
321495     INFO  main            d.u.i.k.p.r.p.TestFile    Now processing file /home/runner/work/key/key/key.core/../key.ui/examples/standard_key/quantifiers/normalisation10.key 
321496     INFO  main            d.u.i.k.p.i.AbstractProblemLoader Loading environment from /home/runner/work/key/key/key.core/../key.ui/examples/standard_key/quantifiers/normalisation10.key 
321496     DEBUG main            d.u.i.k.p.i.AbstractProblemLoader Environment load took 102.7ns 
321497     INFO  main            d.u.i.k.p.i.AbstractProblemLoader Creating init config 
324288     DEBUG main            d.u.i.k.p.i.AbstractProblemLoader Init config took 2.79s 
324304     INFO  main            d.u.i.k.p.i.AbstractProblemLoader Replaying proof normalisation10.key 
324306     DEBUG main            d.u.i.k.p.i.IntermediateProofReplayer Proof replay took 7.6ns 
324408     INFO  main            d.u.i.k.p.r.p.TestFile    ... finished proof: closed. 
324923     INFO  main            d.u.i.k.p.i.AbstractProblemLoader Loading environment from /home/runner/work/key/key/key.core/../key.ui/examples/standard_key/quantifiers/normalisation10.key.proof 
324923     DEBUG main            d.u.i.k.p.i.AbstractProblemLoader Environment load took 99.4ns 
324924     INFO  main            d.u.i.k.p.i.AbstractProblemLoader Creating init config 
327567     DEBUG main            d.u.i.k.p.i.AbstractProblemLoader Init config took 2.64s 
327582     INFO  main            d.u.i.k.p.i.AbstractProblemLoader Replaying proof normalisation10.key.proof 
327588     DEBUG main            d.u.i.k.p.i.IntermediateProofReplayer Proof replay took 4.02ms 
327589     DEBUG main            d.u.i.k.p.r.p.TestFile    ... success: reloaded. 
327590     INFO  main            d.u.i.k.p.r.p.TestFile    Now processing file /home/runner/work/key/key/key.core/../key.ui/examples/standard_key/quantifiers/normalisation12.key 
327590     INFO  main            d.u.i.k.p.i.AbstractProblemLoader Loading environment from /home/runner/work/key/key/key.core/../key.ui/examples/standard_key/quantifiers/normalisation12.key 
327590     DEBUG main            d.u.i.k.p.i.AbstractProblemLoader Environment load took 96.6ns 
327591     INFO  main            d.u.i.k.p.i.AbstractProblemLoader Creating init config 
330300     DEBUG main            d.u.i.k.p.i.AbstractProblemLoader Init config took 2.71s 
330315     INFO  main            d.u.i.k.p.i.AbstractProblemLoader Replaying proof normalisation12.key 
330317     DEBUG main            d.u.i.k.p.i.IntermediateProofReplayer Proof replay took 8ns 
330419     INFO  main            d.u.i.k.p.r.p.TestFile    ... finished proof: closed. 
330908     INFO  main            d.u.i.k.p.i.AbstractProblemLoader Loading environment from /home/runner/work/key/key/key.core/../key.ui/examples/standard_key/quantifiers/normalisation12.key.proof 
330908     DEBUG main            d.u.i.k.p.i.AbstractProblemLoader Environment load took 109ns 
330909     INFO  main            d.u.i.k.p.i.AbstractProblemLoader Creating init config 
333599     DEBUG main            d.u.i.k.p.i.AbstractProblemLoader Init config took 2.69s 
333614     INFO  main            d.u.i.k.p.i.AbstractProblemLoader Replaying proof normalisation12.key.proof 
333617     DEBUG main            d.u.i.k.p.i.IntermediateProofReplayer Proof replay took 1.06ms 
333618     DEBUG main            d.u.i.k.p.r.p.TestFile    ... success: reloaded. 
333619     INFO  main            d.u.i.k.p.r.p.TestFile    Now processing file /home/runner/work/key/key/key.core/../key.ui/examples/standard_key/quantifiers/normalisation13.key 
333620     INFO  main            d.u.i.k.p.i.AbstractProblemLoader Loading environment from /home/runner/work/key/key/key.core/../key.ui/examples/standard_key/quantifiers/normalisation13.key 
333620     DEBUG main            d.u.i.k.p.i.AbstractProblemLoader Environment load took 74.9ns 
333621     INFO  main            d.u.i.k.p.i.AbstractProblemLoader Creating init config 
336291     DEBUG main            d.u.i.k.p.i.AbstractProblemLoader Init config took 2.67s 
336305     INFO  main            d.u.i.k.p.i.AbstractProblemLoader Replaying proof normalisation13.key 
336307     DEBUG main            d.u.i.k.p.i.IntermediateProofReplayer Proof replay took 25.5ns 
336409     INFO  main            d.u.i.k.p.r.p.TestFile    ... finished proof: closed. 
336914     INFO  main            d.u.i.k.p.i.AbstractProblemLoader Loading environment from /home/runner/work/key/key/key.core/../key.ui/examples/standard_key/quantifiers/normalisation13.key.proof 
336914     DEBUG main            d.u.i.k.p.i.AbstractProblemLoader Environment load took 104.4ns 
336915     INFO  main            d.u.i.k.p.i.AbstractProblemLoader Creating init config 
339655     DEBUG main            d.u.i.k.p.i.AbstractProblemLoader Init config took 2.74s 
339670     INFO  main            d.u.i.k.p.i.AbstractProblemLoader Replaying proof normalisation13.key.proof 
339672     DEBUG main            d.u.i.k.p.i.IntermediateProofReplayer Proof replay took 650.71ns 
339673     DEBUG main            d.u.i.k.p.r.p.TestFile    ... success: reloaded. 
339674     INFO  main            d.u.i.k.p.r.p.TestFile    Now processing file /home/runner/work/key/key/key.core/../key.ui/examples/standard_key/quantifiers/triggers0.key 
339674     INFO  main            d.u.i.k.p.i.AbstractProblemLoader Loading environment from /home/runner/work/key/key/key.core/../key.ui/examples/standard_key/quantifiers/triggers0.key 
339674     DEBUG main            d.u.i.k.p.i.AbstractProblemLoader Environment load took 94.7ns 
339675     INFO  main            d.u.i.k.p.i.AbstractProblemLoader Creating init config 
342412     DEBUG main            d.u.i.k.p.i.AbstractProblemLoader Init config took 2.74s 
342427     INFO  main            d.u.i.k.p.i.AbstractProblemLoader Replaying proof triggers0.key 
342429     DEBUG main            d.u.i.k.p.i.IntermediateProofReplayer Proof replay took 6.9ns 
342531     INFO  main            d.u.i.k.p.r.p.TestFile    ... finished proof: closed. 
343045     INFO  main            d.u.i.k.p.i.AbstractProblemLoader Loading environment from /home/runner/work/key/key/key.core/../key.ui/examples/standard_key/quantifiers/triggers0.key.proof 
343045     DEBUG main            d.u.i.k.p.i.AbstractProblemLoader Environment load took 139.9ns 
343046     INFO  main            d.u.i.k.p.i.AbstractProblemLoader Creating init config 
345748     DEBUG main            d.u.i.k.p.i.AbstractProblemLoader Init config took 2.7s 
345762     INFO  main            d.u.i.k.p.i.AbstractProblemLoader Replaying proof triggers0.key.proof 
345767     DEBUG main            d.u.i.k.p.i.IntermediateProofReplayer Proof replay took 1.2ms 
345767     DEBUG main            d.u.i.k.p.r.p.TestFile    ... success: reloaded. 
4791477    INFO  Test worker     d.u.i.k.p.r.p.StatisticsFile Returning from test FOL 
4791490    INFO  Test worker     d.u.i.k.p.r.p.StatisticsFile Running test strings 
482        INFO  Timeout watchdog d.u.i.k.p.r.p.ForkedTestFileRunner Timeout watcher launched (2000 secs.) 
504        WARN  main            d.u.i.k.s.ProofSettings   The settings in /home/runner/.key/proof-settings.props are *not* read. 
564        INFO  main            d.u.i.k.p.r.p.TestFile    Now processing file /home/runner/work/key/key/key.core/../key.ui/examples/standard_key/strings/charAt0.key 
691        INFO  main            d.u.i.k.p.i.AbstractProblemLoader Loading environment from /home/runner/work/key/key/key.core/../key.ui/examples/standard_key/strings/charAt0.key 
711        DEBUG main            d.u.i.k.p.i.AbstractProblemLoader Environment load took 2.54ms 
1020       INFO  main            d.u.i.k.p.i.AbstractProblemLoader Creating init config 
2381       DEBUG main            d.u.i.k.j.TypeConverter   No LDT found for Meta 
2382       DEBUG main            d.u.i.k.j.TypeConverter   No LDT found for Meta 
2385       DEBUG main            d.u.i.k.j.TypeConverter   No LDT found for Meta 
2385       DEBUG main            d.u.i.k.j.TypeConverter   No LDT found for Meta 
4260       DEBUG main            d.u.i.k.j.TypeConverter   No LDT found for JavaBigintExpression 
10274      DEBUG main            d.u.i.k.p.i.AbstractProblemLoader Init config took 9.25s 
10350      INFO  main            d.u.i.k.p.i.AbstractProblemLoader Replaying proof charAt0.key 
10392      DEBUG main            d.u.i.k.p.i.IntermediateProofReplayer Proof replay took 38.6ns 
10904      INFO  main            d.u.i.k.p.r.p.TestFile    ... finished proof: closed. 
11032      INFO  main            d.u.i.k.p.i.AbstractProblemLoader Loading environment from /home/runner/work/key/key/key.core/../key.ui/examples/standard_key/strings/charAt0.key.proof 
11034      DEBUG main            d.u.i.k.p.i.AbstractProblemLoader Environment load took 2.03ms 
11043      INFO  main            d.u.i.k.p.i.AbstractProblemLoader Creating init config 
14535      DEBUG main            d.u.i.k.p.i.AbstractProblemLoader Init config took 3.49s 
14576      INFO  main            d.u.i.k.p.i.AbstractProblemLoader Replaying proof charAt0.key.proof 
14618      DEBUG main            d.u.i.k.p.i.IntermediateProofReplayer Proof replay took 32.18ms 
14635      DEBUG main            d.u.i.k.p.r.p.TestFile    ... success: reloaded. 
14637      INFO  main            d.u.i.k.p.r.p.TestFile    Now processing file /home/runner/work/key/key/key.core/../key.ui/examples/standard_key/strings/charAt1.key 
14638      INFO  main            d.u.i.k.p.i.AbstractProblemLoader Loading environment from /home/runner/work/key/key/key.core/../key.ui/examples/standard_key/strings/charAt1.key 
14638      DEBUG main            d.u.i.k.p.i.AbstractProblemLoader Environment load took 155.4ns 
14646      INFO  main            d.u.i.k.p.i.AbstractProblemLoader Creating init config 
17813      DEBUG main            d.u.i.k.p.i.AbstractProblemLoader Init config took 3.17s 
17866      INFO  main            d.u.i.k.p.i.AbstractProblemLoader Replaying proof charAt1.key 
17875      DEBUG main            d.u.i.k.p.i.IntermediateProofReplayer Proof replay took 8.3ns 
18181      INFO  main            d.u.i.k.p.r.p.TestFile    ... finished proof: closed. 
18356      INFO  main            d.u.i.k.p.i.AbstractProblemLoader Loading environment from /home/runner/work/key/key/key.core/../key.ui/examples/standard_key/strings/charAt1.key.proof 
18360      DEBUG main            d.u.i.k.p.i.AbstractProblemLoader Environment load took 3.93ms 
18362      INFO  main            d.u.i.k.p.i.AbstractProblemLoader Creating init config 
21388      DEBUG main            d.u.i.k.p.i.AbstractProblemLoader Init config took 3.03s 
21420      INFO  main            d.u.i.k.p.i.AbstractProblemLoader Replaying proof charAt1.key.proof 
21441      DEBUG main            d.u.i.k.p.i.IntermediateProofReplayer Proof replay took 16.86ms 
21442      DEBUG main            d.u.i.k.p.r.p.TestFile    ... success: reloaded. 
21443      INFO  main            d.u.i.k.p.r.p.TestFile    Now processing file /home/runner/work/key/key/key.core/../key.ui/examples/standard_key/strings/concat1.key 
21443      INFO  main            d.u.i.k.p.i.AbstractProblemLoader Loading environment from /home/runner/work/key/key/key.core/../key.ui/examples/standard_key/strings/concat1.key 
21443      DEBUG main            d.u.i.k.p.i.AbstractProblemLoader Environment load took 228.1ns 
21445      INFO  main            d.u.i.k.p.i.AbstractProblemLoader Creating init config 
24544      DEBUG main            d.u.i.k.p.i.AbstractProblemLoader Init config took 3.1s 
24573      INFO  main            d.u.i.k.p.i.AbstractProblemLoader Replaying proof concat1.key 
24578      DEBUG main            d.u.i.k.p.i.IntermediateProofReplayer Proof replay took 6.6ns 
24681      INFO  main            d.u.i.k.p.r.p.TestFile    ... finished proof: closed. 
24850      INFO  main            d.u.i.k.p.i.AbstractProblemLoader Loading environment from /home/runner/work/key/key/key.core/../key.ui/examples/standard_key/strings/concat1.key.proof 
24850      DEBUG main            d.u.i.k.p.i.AbstractProblemLoader Environment load took 204.6ns 
24852      INFO  main            d.u.i.k.p.i.AbstractProblemLoader Creating init config 
27888      DEBUG main            d.u.i.k.p.i.AbstractProblemLoader Init config took 3.04s 
27916      INFO  main            d.u.i.k.p.i.AbstractProblemLoader Replaying proof concat1.key.proof 
27920      DEBUG main            d.u.i.k.p.i.IntermediateProofReplayer Proof replay took 1.45ms 
27921      DEBUG main            d.u.i.k.p.r.p.TestFile    ... success: reloaded. 
27922      INFO  main            d.u.i.k.p.r.p.TestFile    Now processing file /home/runner/work/key/key/key.core/../key.ui/examples/standard_key/strings/concat2.key 
27923      INFO  main            d.u.i.k.p.i.AbstractProblemLoader Loading environment from /home/runner/work/key/key/key.core/../key.ui/examples/standard_key/strings/concat2.key 
27923      DEBUG main            d.u.i.k.p.i.AbstractProblemLoader Environment load took 215.6ns 
27925      INFO  main            d.u.i.k.p.i.AbstractProblemLoader Creating init config 
30973      DEBUG main            d.u.i.k.p.i.AbstractProblemLoader Init config took 3.05s 
31001      INFO  main            d.u.i.k.p.i.AbstractProblemLoader Replaying proof concat2.key 
31002      DEBUG main            d.u.i.k.p.i.IntermediateProofReplayer Proof replay took 5.7ns 
31106      INFO  main            d.u.i.k.p.r.p.TestFile    ... finished proof: closed. 
31295      INFO  main            d.u.i.k.p.i.AbstractProblemLoader Loading environment from /home/runner/work/key/key/key.core/../key.ui/examples/standard_key/strings/concat2.key.proof 
31295      DEBUG main            d.u.i.k.p.i.AbstractProblemLoader Environment load took 410ns 
31297      INFO  main            d.u.i.k.p.i.AbstractProblemLoader Creating init config 
34242      DEBUG main            d.u.i.k.p.i.AbstractProblemLoader Init config took 2.95s 
34265      INFO  main            d.u.i.k.p.i.AbstractProblemLoader Replaying proof concat2.key.proof 
34276      DEBUG main            d.u.i.k.p.i.IntermediateProofReplayer Proof replay took 8.9ms 
34278      DEBUG main            d.u.i.k.p.r.p.TestFile    ... success: reloaded. 
34278      INFO  main            d.u.i.k.p.r.p.TestFile    Now processing file /home/runner/work/key/key/key.core/../key.ui/examples/standard_key/strings/deriveLength1.key 
34279      INFO  main            d.u.i.k.p.i.AbstractProblemLoader Loading environment from /home/runner/work/key/key/key.core/../key.ui/examples/standard_key/strings/deriveLength1.key 
34279      DEBUG main            d.u.i.k.p.i.AbstractProblemLoader Environment load took 152.2ns 
34280      INFO  main            d.u.i.k.p.i.AbstractProblemLoader Creating init config 
37293      DEBUG main            d.u.i.k.p.i.AbstractProblemLoader Init config took 3.01s 
37319      INFO  main            d.u.i.k.p.i.AbstractProblemLoader Replaying proof deriveLength1.key 
37322      DEBUG main            d.u.i.k.p.i.IntermediateProofReplayer Proof replay took 6.3ns 
37526      INFO  main            d.u.i.k.p.r.p.TestFile    ... finished proof: closed. 
37739      INFO  main            d.u.i.k.p.i.AbstractProblemLoader Loading environment from /home/runner/work/key/key/key.core/../key.ui/examples/standard_key/strings/deriveLength1.key.proof 
37743      DEBUG main            d.u.i.k.p.i.AbstractProblemLoader Environment load took 3.77ms 
37745      INFO  main            d.u.i.k.p.i.AbstractProblemLoader Creating init config 
40759      DEBUG main            d.u.i.k.p.i.AbstractProblemLoader Init config took 3.01s 
40792      INFO  main            d.u.i.k.p.i.AbstractProblemLoader Replaying proof deriveLength1.key.proof 
40805      DEBUG main            d.u.i.k.p.i.IntermediateProofReplayer Proof replay took 9.97ms 
40806      DEBUG main            d.u.i.k.p.r.p.TestFile    ... success: reloaded. 
40807      INFO  main            d.u.i.k.p.r.p.TestFile    Now processing file /home/runner/work/key/key/key.core/../key.ui/examples/standard_key/strings/emptyStringLengthZero.key 
40807      INFO  main            d.u.i.k.p.i.AbstractProblemLoader Loading environment from /home/runner/work/key/key/key.core/../key.ui/examples/standard_key/strings/emptyStringLengthZero.key 
40807      DEBUG main            d.u.i.k.p.i.AbstractProblemLoader Environment load took 204.7ns 
40809      INFO  main            d.u.i.k.p.i.AbstractProblemLoader Creating init config 
43810      DEBUG main            d.u.i.k.p.i.AbstractProblemLoader Init config took 3s 
43832      INFO  main            d.u.i.k.p.i.AbstractProblemLoader Replaying proof emptyStringLengthZero.key 
43834      DEBUG main            d.u.i.k.p.i.IntermediateProofReplayer Proof replay took 7.4ns 
43940      INFO  main            d.u.i.k.p.r.p.TestFile    ... finished proof: closed. 
44132      INFO  main            d.u.i.k.p.i.AbstractProblemLoader Loading environment from /home/runner/work/key/key/key.core/../key.ui/examples/standard_key/strings/emptyStringLengthZero.key.proof 
44133      DEBUG main            d.u.i.k.p.i.AbstractProblemLoader Environment load took 530.3ns 
44134      INFO  main            d.u.i.k.p.i.AbstractProblemLoader Creating init config 
47042      DEBUG main            d.u.i.k.p.i.AbstractProblemLoader Init config took 2.91s 
47076      INFO  main            d.u.i.k.p.i.AbstractProblemLoader Replaying proof emptyStringLengthZero.key.proof 
47083      DEBUG main            d.u.i.k.p.i.IntermediateProofReplayer Proof replay took 3.91ms 
47084      DEBUG main            d.u.i.k.p.r.p.TestFile    ... success: reloaded. 
47085      INFO  main            d.u.i.k.p.r.p.TestFile    Now processing file /home/runner/work/key/key/key.core/../key.ui/examples/standard_key/strings/implicitBooleanStringConversion.key 
47085      INFO  main            d.u.i.k.p.i.AbstractProblemLoader Loading environment from /home/runner/work/key/key/key.core/../key.ui/examples/standard_key/strings/implicitBooleanStringConversion.key 
47085      DEBUG main            d.u.i.k.p.i.AbstractProblemLoader Environment load took 240.2ns 
47087      INFO  main            d.u.i.k.p.i.AbstractProblemLoader Creating init config 
50129      DEBUG main            d.u.i.k.p.i.AbstractProblemLoader Init config took 3.04s 
50163      INFO  main            d.u.i.k.p.i.AbstractProblemLoader Replaying proof implicitBooleanStringConversion.key 
50169      DEBUG main            d.u.i.k.p.i.IntermediateProofReplayer Proof replay took 8.2ns 
51385      INFO  main            d.u.i.k.p.r.p.TestFile    ... finished proof: closed. 
51660      INFO  main            d.u.i.k.p.i.AbstractProblemLoader Loading environment from /home/runner/work/key/key/key.core/../key.ui/examples/standard_key/strings/implicitBooleanStringConversion.key.proof 
51663      DEBUG main            d.u.i.k.p.i.AbstractProblemLoader Environment load took 2.81ms 
51664      INFO  main            d.u.i.k.p.i.AbstractProblemLoader Creating init config 
54663      DEBUG main            d.u.i.k.p.i.AbstractProblemLoader Init config took 3s 
54685      INFO  main            d.u.i.k.p.i.AbstractProblemLoader Replaying proof implicitBooleanStringConversion.key.proof 
54769      DEBUG main            d.u.i.k.p.i.IntermediateProofReplayer Proof replay took 78.5ms 
54770      DEBUG main            d.u.i.k.p.r.p.TestFile    ... success: reloaded. 
54771      INFO  main            d.u.i.k.p.r.p.TestFile    Now processing file /home/runner/work/key/key/key.core/../key.ui/examples/standard_key/strings/implicitBooleanStringConversion2.key 
54772      INFO  main            d.u.i.k.p.i.AbstractProblemLoader Loading environment from /home/runner/work/key/key/key.core/../key.ui/examples/standard_key/strings/implicitBooleanStringConversion2.key 
54772      DEBUG main            d.u.i.k.p.i.AbstractProblemLoader Environment load took 102ns 
54773      INFO  main            d.u.i.k.p.i.AbstractProblemLoader Creating init config 
57797      DEBUG main            d.u.i.k.p.i.AbstractProblemLoader Init config took 3.02s 
57819      INFO  main            d.u.i.k.p.i.AbstractProblemLoader Replaying proof implicitBooleanStringConversion2.key 
57821      DEBUG main            d.u.i.k.p.i.IntermediateProofReplayer Proof replay took 7.1ns 
58327      INFO  main            d.u.i.k.p.r.p.TestFile    ... finished proof: closed. 
58556      INFO  main            d.u.i.k.p.i.AbstractProblemLoader Loading environment from /home/runner/work/key/key/key.core/../key.ui/examples/standard_key/strings/implicitBooleanStringConversion2.key.proof 
58556      DEBUG main            d.u.i.k.p.i.AbstractProblemLoader Environment load took 585.5ns 
58558      INFO  main            d.u.i.k.p.i.AbstractProblemLoader Creating init config 
61470      DEBUG main            d.u.i.k.p.i.AbstractProblemLoader Init config took 2.91s 
61490      INFO  main            d.u.i.k.p.i.AbstractProblemLoader Replaying proof implicitBooleanStringConversion2.key.proof 
61524      DEBUG main            d.u.i.k.p.i.IntermediateProofReplayer Proof replay took 29.92ms 
61525      DEBUG main            d.u.i.k.p.r.p.TestFile    ... success: reloaded. 
61527      INFO  main            d.u.i.k.p.r.p.TestFile    Now processing file /home/runner/work/key/key/key.core/../key.ui/examples/standard_key/strings/implicitIntStringConversion.key 
61527      INFO  main            d.u.i.k.p.i.AbstractProblemLoader Loading environment from /home/runner/work/key/key/key.core/../key.ui/examples/standard_key/strings/implicitIntStringConversion.key 
61528      DEBUG main            d.u.i.k.p.i.AbstractProblemLoader Environment load took 286.2ns 
61529      INFO  main            d.u.i.k.p.i.AbstractProblemLoader Creating init config 
64423      DEBUG main            d.u.i.k.p.i.AbstractProblemLoader Init config took 2.89s 
64444      INFO  main            d.u.i.k.p.i.AbstractProblemLoader Replaying proof implicitIntStringConversion.key 
64446      DEBUG main            d.u.i.k.p.i.IntermediateProofReplayer Proof replay took 6.2ns 
65251      INFO  main            d.u.i.k.p.r.p.TestFile    ... finished proof: closed. 
65578      INFO  main            d.u.i.k.p.i.AbstractProblemLoader Loading environment from /home/runner/work/key/key/key.core/../key.ui/examples/standard_key/strings/implicitIntStringConversion.key.proof 
65578      DEBUG main            d.u.i.k.p.i.AbstractProblemLoader Environment load took 397.2ns 
65579      INFO  main            d.u.i.k.p.i.AbstractProblemLoader Creating init config 
68429      DEBUG main            d.u.i.k.p.i.AbstractProblemLoader Init config took 2.85s 
68448      INFO  main            d.u.i.k.p.i.AbstractProblemLoader Replaying proof implicitIntStringConversion.key.proof 
68510      DEBUG main            d.u.i.k.p.i.IntermediateProofReplayer Proof replay took 56.15ms 
68511      DEBUG main            d.u.i.k.p.r.p.TestFile    ... success: reloaded. 
68512      INFO  main            d.u.i.k.p.r.p.TestFile    Now processing file /home/runner/work/key/key/key.core/../key.ui/examples/standard_key/strings/implicitNullStringConversion.key 
68513      INFO  main            d.u.i.k.p.i.AbstractProblemLoader Loading environment from /home/runner/work/key/key/key.core/../key.ui/examples/standard_key/strings/implicitNullStringConversion.key 
68513      DEBUG main            d.u.i.k.p.i.AbstractProblemLoader Environment load took 275.9ns 
68514      INFO  main            d.u.i.k.p.i.AbstractProblemLoader Creating init config 
71403      DEBUG main            d.u.i.k.p.i.AbstractProblemLoader Init config took 2.89s 
71421      INFO  main            d.u.i.k.p.i.AbstractProblemLoader Replaying proof implicitNullStringConversion.key 
71423      DEBUG main            d.u.i.k.p.i.IntermediateProofReplayer Proof replay took 7.2ns 
71730      INFO  main            d.u.i.k.p.r.p.TestFile    ... finished proof: closed. 
71982      INFO  main            d.u.i.k.p.i.AbstractProblemLoader Loading environment from /home/runner/work/key/key/key.core/../key.ui/examples/standard_key/strings/implicitNullStringConversion.key.proof 
71982      DEBUG main            d.u.i.k.p.i.AbstractProblemLoader Environment load took 139.3ns 
71985      INFO  main            d.u.i.k.p.i.AbstractProblemLoader Creating init config 
74875      DEBUG main            d.u.i.k.p.i.AbstractProblemLoader Init config took 2.89s 
74899      INFO  main            d.u.i.k.p.i.AbstractProblemLoader Replaying proof implicitNullStringConversion.key.proof 
74929      DEBUG main            d.u.i.k.p.i.IntermediateProofReplayer Proof replay took 26.71ms 
74930      DEBUG main            d.u.i.k.p.r.p.TestFile    ... success: reloaded. 
74931      INFO  main            d.u.i.k.p.r.p.TestFile    Now processing file /home/runner/work/key/key/key.core/../key.ui/examples/standard_key/strings/implicitNullStringConversion2.key 
74932      INFO  main            d.u.i.k.p.i.AbstractProblemLoader Loading environment from /home/runner/work/key/key/key.core/../key.ui/examples/standard_key/strings/implicitNullStringConversion2.key 
74932      DEBUG main            d.u.i.k.p.i.AbstractProblemLoader Environment load took 248.2ns 
74933      INFO  main            d.u.i.k.p.i.AbstractProblemLoader Creating init config 
77830      DEBUG main            d.u.i.k.p.i.AbstractProblemLoader Init config took 2.9s 
77849      INFO  main            d.u.i.k.p.i.AbstractProblemLoader Replaying proof implicitNullStringConversion2.key 
77850      DEBUG main            d.u.i.k.p.i.IntermediateProofReplayer Proof replay took 6.2ns 
78054      INFO  main            d.u.i.k.p.r.p.TestFile    ... finished proof: closed. 
78330      INFO  main            d.u.i.k.p.i.AbstractProblemLoader Loading environment from /home/runner/work/key/key/key.core/../key.ui/examples/standard_key/strings/implicitNullStringConversion2.key.proof 
78331      DEBUG main            d.u.i.k.p.i.AbstractProblemLoader Environment load took 1.04ms 
78333      INFO  main            d.u.i.k.p.i.AbstractProblemLoader Creating init config 
81123      DEBUG main            d.u.i.k.p.i.AbstractProblemLoader Init config took 2.79s 
81143      INFO  main            d.u.i.k.p.i.AbstractProblemLoader Replaying proof implicitNullStringConversion2.key.proof 
81165      DEBUG main            d.u.i.k.p.i.IntermediateProofReplayer Proof replay took 19.3ms 
81167      DEBUG main            d.u.i.k.p.r.p.TestFile    ... success: reloaded. 
81168      INFO  main            d.u.i.k.p.r.p.TestFile    Now processing file /home/runner/work/key/key/key.core/../key.ui/examples/standard_key/strings/implicitObjectStringConversion.key 
81168      INFO  main            d.u.i.k.p.i.AbstractProblemLoader Loading environment from /home/runner/work/key/key/key.core/../key.ui/examples/standard_key/strings/implicitObjectStringConversion.key 
81169      DEBUG main            d.u.i.k.p.i.AbstractProblemLoader Environment load took 259.6ns 
81170      INFO  main            d.u.i.k.p.i.AbstractProblemLoader Creating init config 
84268      DEBUG main            d.u.i.k.p.i.AbstractProblemLoader Init config took 3.1s 
84286      INFO  main            d.u.i.k.p.i.AbstractProblemLoader Replaying proof implicitObjectStringConversion.key 
84288      DEBUG main            d.u.i.k.p.i.IntermediateProofReplayer Proof replay took 7.1ns 
85098      INFO  main            d.u.i.k.p.r.p.TestFile    ... finished proof: closed. 
85354      INFO  main            d.u.i.k.p.i.AbstractProblemLoader Loading environment from /home/runner/work/key/key/key.core/../key.ui/examples/standard_key/strings/implicitObjectStringConversion.key.proof 
85355      DEBUG main            d.u.i.k.p.i.AbstractProblemLoader Environment load took 180.8ns 
85356      INFO  main            d.u.i.k.p.i.AbstractProblemLoader Creating init config 
88457      DEBUG main            d.u.i.k.p.i.AbstractProblemLoader Init config took 3.1s 
88477      INFO  main            d.u.i.k.p.i.AbstractProblemLoader Replaying proof implicitObjectStringConversion.key.proof 
88543      DEBUG main            d.u.i.k.p.i.IntermediateProofReplayer Proof replay took 60.96ms 
88545      DEBUG main            d.u.i.k.p.r.p.TestFile    ... success: reloaded. 
88546      INFO  main            d.u.i.k.p.r.p.TestFile    Now processing file /home/runner/work/key/key/key.core/../key.ui/examples/standard_key/strings/literalEquality.key 
88546      INFO  main            d.u.i.k.p.i.AbstractProblemLoader Loading environment from /home/runner/work/key/key/key.core/../key.ui/examples/standard_key/strings/literalEquality.key 
88546      DEBUG main            d.u.i.k.p.i.AbstractProblemLoader Environment load took 378.2ns 
88548      INFO  main            d.u.i.k.p.i.AbstractProblemLoader Creating init config 
91476      DEBUG main            d.u.i.k.p.i.AbstractProblemLoader Init config took 2.93s 
91493      INFO  main            d.u.i.k.p.i.AbstractProblemLoader Replaying proof literalEquality.key 
91494      DEBUG main            d.u.i.k.p.i.IntermediateProofReplayer Proof replay took 7.1ns 
91597      INFO  main            d.u.i.k.p.r.p.TestFile    ... finished proof: closed. 
91845      INFO  main            d.u.i.k.p.i.AbstractProblemLoader Loading environment from /home/runner/work/key/key/key.core/../key.ui/examples/standard_key/strings/literalEquality.key.proof 
91845      DEBUG main            d.u.i.k.p.i.AbstractProblemLoader Environment load took 519.4ns 
91847      INFO  main            d.u.i.k.p.i.AbstractProblemLoader Creating init config 
94706      DEBUG main            d.u.i.k.p.i.AbstractProblemLoader Init config took 2.86s 
94723      INFO  main            d.u.i.k.p.i.AbstractProblemLoader Replaying proof literalEquality.key.proof 
94728      DEBUG main            d.u.i.k.p.i.IntermediateProofReplayer Proof replay took 2.38ms 
94729      DEBUG main            d.u.i.k.p.r.p.TestFile    ... success: reloaded. 
94729      INFO  main            d.u.i.k.p.r.p.TestFile    Now processing file /home/runner/work/key/key/key.core/../key.ui/examples/standard_key/strings/replace0.key 
94730      INFO  main            d.u.i.k.p.i.AbstractProblemLoader Loading environment from /home/runner/work/key/key/key.core/../key.ui/examples/standard_key/strings/replace0.key 
94730      DEBUG main            d.u.i.k.p.i.AbstractProblemLoader Environment load took 188.5ns 
94731      INFO  main            d.u.i.k.p.i.AbstractProblemLoader Creating init config 
97619      DEBUG main            d.u.i.k.p.i.AbstractProblemLoader Init config took 2.89s 
97637      INFO  main            d.u.i.k.p.i.AbstractProblemLoader Replaying proof replace0.key 
97638      DEBUG main            d.u.i.k.p.i.IntermediateProofReplayer Proof replay took 7.5ns 
97740      INFO  main            d.u.i.k.p.r.p.TestFile    ... finished proof: closed. 
98016      INFO  main            d.u.i.k.p.i.AbstractProblemLoader Loading environment from /home/runner/work/key/key/key.core/../key.ui/examples/standard_key/strings/replace0.key.proof 
98016      DEBUG main            d.u.i.k.p.i.AbstractProblemLoader Environment load took 265.3ns 
98017      INFO  main            d.u.i.k.p.i.AbstractProblemLoader Creating init config 
100873     DEBUG main            d.u.i.k.p.i.AbstractProblemLoader Init config took 2.86s 
100890     INFO  main            d.u.i.k.p.i.AbstractProblemLoader Replaying proof replace0.key.proof 
100896     DEBUG main            d.u.i.k.p.i.IntermediateProofReplayer Proof replay took 3.93ms 
100898     DEBUG main            d.u.i.k.p.r.p.TestFile    ... success: reloaded. 
100899     INFO  main            d.u.i.k.p.r.p.TestFile    Now processing file /home/runner/work/key/key/key.core/../key.ui/examples/standard_key/strings/replace1.key 
100899     INFO  main            d.u.i.k.p.i.AbstractProblemLoader Loading environment from /home/runner/work/key/key/key.core/../key.ui/examples/standard_key/strings/replace1.key 
100900     DEBUG main            d.u.i.k.p.i.AbstractProblemLoader Environment load took 241ns 
100901     INFO  main            d.u.i.k.p.i.AbstractProblemLoader Creating init config 
103831     DEBUG main            d.u.i.k.p.i.AbstractProblemLoader Init config took 2.93s 
103848     INFO  main            d.u.i.k.p.i.AbstractProblemLoader Replaying proof replace1.key 
103850     DEBUG main            d.u.i.k.p.i.IntermediateProofReplayer Proof replay took 6.7ns 
103953     INFO  main            d.u.i.k.p.r.p.TestFile    ... finished proof: closed. 
104241     INFO  main            d.u.i.k.p.i.AbstractProblemLoader Loading environment from /home/runner/work/key/key/key.core/../key.ui/examples/standard_key/strings/replace1.key.proof 
104241     DEBUG main            d.u.i.k.p.i.AbstractProblemLoader Environment load took 128.1ns 
104242     INFO  main            d.u.i.k.p.i.AbstractProblemLoader Creating init config 
107091     DEBUG main            d.u.i.k.p.i.AbstractProblemLoader Init config took 2.85s 
107107     INFO  main            d.u.i.k.p.i.AbstractProblemLoader Replaying proof replace1.key.proof 
107115     DEBUG main            d.u.i.k.p.i.IntermediateProofReplayer Proof replay took 5.76ms 
107116     DEBUG main            d.u.i.k.p.r.p.TestFile    ... success: reloaded. 
107117     INFO  main            d.u.i.k.p.r.p.TestFile    Now processing file /home/runner/work/key/key/key.core/../key.ui/examples/standard_key/strings/simpleAssignment.key 
107118     INFO  main            d.u.i.k.p.i.AbstractProblemLoader Loading environment from /home/runner/work/key/key/key.core/../key.ui/examples/standard_key/strings/simpleAssignment.key 
107118     DEBUG main            d.u.i.k.p.i.AbstractProblemLoader Environment load took 201ns 
107119     INFO  main            d.u.i.k.p.i.AbstractProblemLoader Creating init config 
110043     DEBUG main            d.u.i.k.p.i.AbstractProblemLoader Init config took 2.92s 
110059     INFO  main            d.u.i.k.p.i.AbstractProblemLoader Replaying proof simpleAssignment.key 
110061     DEBUG main            d.u.i.k.p.i.IntermediateProofReplayer Proof replay took 7ns 
110163     INFO  main            d.u.i.k.p.r.p.TestFile    ... finished proof: closed. 
110468     INFO  main            d.u.i.k.p.i.AbstractProblemLoader Loading environment from /home/runner/work/key/key/key.core/../key.ui/examples/standard_key/strings/simpleAssignment.key.proof 
110468     DEBUG main            d.u.i.k.p.i.AbstractProblemLoader Environment load took 138.5ns 
110470     INFO  main            d.u.i.k.p.i.AbstractProblemLoader Creating init config 
113376     DEBUG main            d.u.i.k.p.i.AbstractProblemLoader Init config took 2.91s 
113394     INFO  main            d.u.i.k.p.i.AbstractProblemLoader Replaying proof simpleAssignment.key.proof 
113397     DEBUG main            d.u.i.k.p.i.IntermediateProofReplayer Proof replay took 1.69ms 
113398     DEBUG main            d.u.i.k.p.r.p.TestFile    ... success: reloaded. 
113399     INFO  main            d.u.i.k.p.r.p.TestFile    Now processing file /home/runner/work/key/key/key.core/../key.ui/examples/standard_key/strings/simpleLengthComp.key 
113399     INFO  main            d.u.i.k.p.i.AbstractProblemLoader Loading environment from /home/runner/work/key/key/key.core/../key.ui/examples/standard_key/strings/simpleLengthComp.key 
113399     DEBUG main            d.u.i.k.p.i.AbstractProblemLoader Environment load took 207.2ns 
113401     INFO  main            d.u.i.k.p.i.AbstractProblemLoader Creating init config 
116221     DEBUG main            d.u.i.k.p.i.AbstractProblemLoader Init config took 2.82s 
116238     INFO  main            d.u.i.k.p.i.AbstractProblemLoader Replaying proof simpleLengthComp.key 
116241     DEBUG main            d.u.i.k.p.i.IntermediateProofReplayer Proof replay took 6.5ns 
116445     INFO  main            d.u.i.k.p.r.p.TestFile    ... finished proof: closed. 
116769     INFO  main            d.u.i.k.p.i.AbstractProblemLoader Loading environment from /home/runner/work/key/key/key.core/../key.ui/examples/standard_key/strings/simpleLengthComp.key.proof 
116770     DEBUG main            d.u.i.k.p.i.AbstractProblemLoader Environment load took 351.5ns 
116771     INFO  main            d.u.i.k.p.i.AbstractProblemLoader Creating init config 
119683     DEBUG main            d.u.i.k.p.i.AbstractProblemLoader Init config took 2.91s 
119704     INFO  main            d.u.i.k.p.i.AbstractProblemLoader Replaying proof simpleLengthComp.key.proof 
119735     DEBUG main            d.u.i.k.p.i.IntermediateProofReplayer Proof replay took 28.54ms 
119736     DEBUG main            d.u.i.k.p.r.p.TestFile    ... success: reloaded. 
119737     INFO  main            d.u.i.k.p.r.p.TestFile    Now processing file /home/runner/work/key/key/key.core/../key.ui/examples/standard_key/strings/stringCompileTimeConstant1.key 
119738     INFO  main            d.u.i.k.p.i.AbstractProblemLoader Loading environment from /home/runner/work/key/key/key.core/../key.ui/examples/standard_key/strings/stringCompileTimeConstant1.key 
119738     DEBUG main            d.u.i.k.p.i.AbstractProblemLoader Environment load took 208.7ns 
119739     INFO  main            d.u.i.k.p.i.AbstractProblemLoader Creating init config 
122625     DEBUG main            d.u.i.k.p.i.AbstractProblemLoader Init config took 2.89s 
122643     INFO  main            d.u.i.k.p.i.AbstractProblemLoader Replaying proof stringCompileTimeConstant1.key 
122646     DEBUG main            d.u.i.k.p.i.IntermediateProofReplayer Proof replay took 7.5ns 
122749     INFO  main            d.u.i.k.p.r.p.TestFile    ... finished proof: closed. 
123031     INFO  main            d.u.i.k.p.i.AbstractProblemLoader Loading environment from /home/runner/work/key/key/key.core/../key.ui/examples/standard_key/strings/stringCompileTimeConstant1.key.proof 
123031     DEBUG main            d.u.i.k.p.i.AbstractProblemLoader Environment load took 136.8ns 
123033     INFO  main            d.u.i.k.p.i.AbstractProblemLoader Creating init config 
125793     DEBUG main            d.u.i.k.p.i.AbstractProblemLoader Init config took 2.76s 
125809     INFO  main            d.u.i.k.p.i.AbstractProblemLoader Replaying proof stringCompileTimeConstant1.key.proof 
125815     DEBUG main            d.u.i.k.p.i.IntermediateProofReplayer Proof replay took 4.39ms 
125817     DEBUG main            d.u.i.k.p.r.p.TestFile    ... success: reloaded. 
125817     INFO  main            d.u.i.k.p.r.p.TestFile    Now processing file /home/runner/work/key/key/key.core/../key.ui/examples/standard_key/strings/stringCompileTimeConstant2.key 
125818     INFO  main            d.u.i.k.p.i.AbstractProblemLoader Loading environment from /home/runner/work/key/key/key.core/../key.ui/examples/standard_key/strings/stringCompileTimeConstant2.key 
125818     DEBUG main            d.u.i.k.p.i.AbstractProblemLoader Environment load took 110.5ns 
125819     INFO  main            d.u.i.k.p.i.AbstractProblemLoader Creating init config 
128784     DEBUG main            d.u.i.k.p.i.AbstractProblemLoader Init config took 2.97s 
128801     INFO  main            d.u.i.k.p.i.AbstractProblemLoader Replaying proof stringCompileTimeConstant2.key 
128803     DEBUG main            d.u.i.k.p.i.IntermediateProofReplayer Proof replay took 7.6ns 
132115     INFO  main            d.u.i.k.p.r.p.TestFile    ... finished proof: closed. 
132454     INFO  main            d.u.i.k.p.i.AbstractProblemLoader Loading environment from /home/runner/work/key/key/key.core/../key.ui/examples/standard_key/strings/stringCompileTimeConstant2.key.proof 
132455     DEBUG main            d.u.i.k.p.i.AbstractProblemLoader Environment load took 385.3ns 
132456     INFO  main            d.u.i.k.p.i.AbstractProblemLoader Creating init config 
135461     DEBUG main            d.u.i.k.p.i.AbstractProblemLoader Init config took 3s 
135482     INFO  main            d.u.i.k.p.i.AbstractProblemLoader Replaying proof stringCompileTimeConstant2.key.proof 
135834     DEBUG main            d.u.i.k.p.i.IntermediateProofReplayer Proof replay took 336.78ms 
135836     DEBUG main            d.u.i.k.p.r.p.TestFile    ... success: reloaded. 
135837     INFO  main            d.u.i.k.p.r.p.TestFile    Now processing file /home/runner/work/key/key/key.core/../key.ui/examples/standard_key/strings/stringEquality1.key 
135838     INFO  main            d.u.i.k.p.i.AbstractProblemLoader Loading environment from /home/runner/work/key/key/key.core/../key.ui/examples/standard_key/strings/stringEquality1.key 
135838     DEBUG main            d.u.i.k.p.i.AbstractProblemLoader Environment load took 254.4ns 
135840     INFO  main            d.u.i.k.p.i.AbstractProblemLoader Creating init config 
138758     DEBUG main            d.u.i.k.p.i.AbstractProblemLoader Init config took 2.92s 
138773     INFO  main            d.u.i.k.p.i.AbstractProblemLoader Replaying proof stringEquality1.key 
138774     DEBUG main            d.u.i.k.p.i.IntermediateProofReplayer Proof replay took 11.4ns 
138878     INFO  main            d.u.i.k.p.r.p.TestFile    ... finished proof: closed. 
139240     INFO  main            d.u.i.k.p.i.AbstractProblemLoader Loading environment from /home/runner/work/key/key/key.core/../key.ui/examples/standard_key/strings/stringEquality1.key.proof 
139241     DEBUG main            d.u.i.k.p.i.AbstractProblemLoader Environment load took 337.9ns 
139242     INFO  main            d.u.i.k.p.i.AbstractProblemLoader Creating init config 
142059     DEBUG main            d.u.i.k.p.i.AbstractProblemLoader Init config took 2.82s 
142078     INFO  main            d.u.i.k.p.i.AbstractProblemLoader Replaying proof stringEquality1.key.proof 
142086     DEBUG main            d.u.i.k.p.i.IntermediateProofReplayer Proof replay took 5.47ms 
142087     DEBUG main            d.u.i.k.p.r.p.TestFile    ... success: reloaded. 
142088     INFO  main            d.u.i.k.p.r.p.TestFile    Now processing file /home/runner/work/key/key/key.core/../key.ui/examples/standard_key/strings/stringEquality2.key 
142088     INFO  main            d.u.i.k.p.i.AbstractProblemLoader Loading environment from /home/runner/work/key/key/key.core/../key.ui/examples/standard_key/strings/stringEquality2.key 
142088     DEBUG main            d.u.i.k.p.i.AbstractProblemLoader Environment load took 170.2ns 
142089     INFO  main            d.u.i.k.p.i.AbstractProblemLoader Creating init config 
144985     DEBUG main            d.u.i.k.p.i.AbstractProblemLoader Init config took 2.9s 
145001     INFO  main            d.u.i.k.p.i.AbstractProblemLoader Replaying proof stringEquality2.key 
145003     DEBUG main            d.u.i.k.p.i.IntermediateProofReplayer Proof replay took 8.8ns 
145507     INFO  main            d.u.i.k.p.r.p.TestFile    ... finished proof: closed. 
145850     INFO  main            d.u.i.k.p.i.AbstractProblemLoader Loading environment from /home/runner/work/key/key/key.core/../key.ui/examples/standard_key/strings/stringEquality2.key.proof 
145850     DEBUG main            d.u.i.k.p.i.AbstractProblemLoader Environment load took 401.8ns 
145852     INFO  main            d.u.i.k.p.i.AbstractProblemLoader Creating init config 
148653     DEBUG main            d.u.i.k.p.i.AbstractProblemLoader Init config took 2.8s 
148670     INFO  main            d.u.i.k.p.i.AbstractProblemLoader Replaying proof stringEquality2.key.proof 
148709     DEBUG main            d.u.i.k.p.i.IntermediateProofReplayer Proof replay took 33.24ms 
148710     DEBUG main            d.u.i.k.p.r.p.TestFile    ... success: reloaded. 
148710     INFO  main            d.u.i.k.p.r.p.TestFile    Now processing file /home/runner/work/key/key/key.core/../key.ui/examples/standard_key/strings/substring0.key 
148711     INFO  main            d.u.i.k.p.i.AbstractProblemLoader Loading environment from /home/runner/work/key/key/key.core/../key.ui/examples/standard_key/strings/substring0.key 
148711     DEBUG main            d.u.i.k.p.i.AbstractProblemLoader Environment load took 94ns 
148712     INFO  main            d.u.i.k.p.i.AbstractProblemLoader Creating init config 
151627     DEBUG main            d.u.i.k.p.i.AbstractProblemLoader Init config took 2.92s 
151642     INFO  main            d.u.i.k.p.i.AbstractProblemLoader Replaying proof substring0.key 
151644     DEBUG main            d.u.i.k.p.i.IntermediateProofReplayer Proof replay took 7.1ns 
151751     INFO  main            d.u.i.k.p.r.p.TestFile    ... finished proof: closed. 
152090     INFO  main            d.u.i.k.p.i.AbstractProblemLoader Loading environment from /home/runner/work/key/key/key.core/../key.ui/examples/standard_key/strings/substring0.key.proof 
152090     DEBUG main            d.u.i.k.p.i.AbstractProblemLoader Environment load took 176ns 
152092     INFO  main            d.u.i.k.p.i.AbstractProblemLoader Creating init config 
154980     DEBUG main            d.u.i.k.p.i.AbstractProblemLoader Init config took 2.89s 
154999     INFO  main            d.u.i.k.p.i.AbstractProblemLoader Replaying proof substring0.key.proof 
155002     DEBUG main            d.u.i.k.p.i.IntermediateProofReplayer Proof replay took 828.31ns 
155003     DEBUG main            d.u.i.k.p.r.p.TestFile    ... success: reloaded. 
155004     INFO  main            d.u.i.k.p.r.p.TestFile    Now processing file /home/runner/work/key/key/key.core/../key.ui/examples/standard_key/strings/substring1.key 
155004     INFO  main            d.u.i.k.p.i.AbstractProblemLoader Loading environment from /home/runner/work/key/key/key.core/../key.ui/examples/standard_key/strings/substring1.key 
155004     DEBUG main            d.u.i.k.p.i.AbstractProblemLoader Environment load took 147.7ns 
155006     INFO  main            d.u.i.k.p.i.AbstractProblemLoader Creating init config 
157840     DEBUG main            d.u.i.k.p.i.AbstractProblemLoader Init config took 2.83s 
157857     INFO  main            d.u.i.k.p.i.AbstractProblemLoader Replaying proof substring1.key 
157858     DEBUG main            d.u.i.k.p.i.IntermediateProofReplayer Proof replay took 7.9ns 
157964     INFO  main            d.u.i.k.p.r.p.TestFile    ... finished proof: closed. 
158296     INFO  main            d.u.i.k.p.i.AbstractProblemLoader Loading environment from /home/runner/work/key/key/key.core/../key.ui/examples/standard_key/strings/substring1.key.proof 
158296     DEBUG main            d.u.i.k.p.i.AbstractProblemLoader Environment load took 139ns 
158297     INFO  main            d.u.i.k.p.i.AbstractProblemLoader Creating init config 
161015     DEBUG main            d.u.i.k.p.i.AbstractProblemLoader Init config took 2.72s 
161031     INFO  main            d.u.i.k.p.i.AbstractProblemLoader Replaying proof substring1.key.proof 
161033     DEBUG main            d.u.i.k.p.i.IntermediateProofReplayer Proof replay took 586.3ns 
161034     DEBUG main            d.u.i.k.p.r.p.TestFile    ... success: reloaded. 
161034     INFO  main            d.u.i.k.p.r.p.TestFile    Now processing file /home/runner/work/key/key/key.core/../key.ui/examples/standard_key/strings/substring2.key 
161035     INFO  main            d.u.i.k.p.i.AbstractProblemLoader Loading environment from /home/runner/work/key/key/key.core/../key.ui/examples/standard_key/strings/substring2.key 
161035     DEBUG main            d.u.i.k.p.i.AbstractProblemLoader Environment load took 83.1ns 
161036     INFO  main            d.u.i.k.p.i.AbstractProblemLoader Creating init config 
163833     DEBUG main            d.u.i.k.p.i.AbstractProblemLoader Init config took 2.8s 
163849     INFO  main            d.u.i.k.p.i.AbstractProblemLoader Replaying proof substring2.key 
163850     DEBUG main            d.u.i.k.p.i.IntermediateProofReplayer Proof replay took 7.2ns 
163954     INFO  main            d.u.i.k.p.r.p.TestFile    ... finished proof: closed. 
164278     INFO  main            d.u.i.k.p.i.AbstractProblemLoader Loading environment from /home/runner/work/key/key/key.core/../key.ui/examples/standard_key/strings/substring2.key.proof 
164278     DEBUG main            d.u.i.k.p.i.AbstractProblemLoader Environment load took 154ns 
164279     INFO  main            d.u.i.k.p.i.AbstractProblemLoader Creating init config 
167075     DEBUG main            d.u.i.k.p.i.AbstractProblemLoader Init config took 2.8s 
167090     INFO  main            d.u.i.k.p.i.AbstractProblemLoader Replaying proof substring2.key.proof 
167093     DEBUG main            d.u.i.k.p.i.IntermediateProofReplayer Proof replay took 798.61ns 
167094     DEBUG main            d.u.i.k.p.r.p.TestFile    ... success: reloaded. 
167094     INFO  main            d.u.i.k.p.r.p.TestFile    Now processing file /home/runner/work/key/key/key.core/../key.ui/examples/standard_key/strings/substring3.key 
167095     INFO  main            d.u.i.k.p.i.AbstractProblemLoader Loading environment from /home/runner/work/key/key/key.core/../key.ui/examples/standard_key/strings/substring3.key 
167095     DEBUG main            d.u.i.k.p.i.AbstractProblemLoader Environment load took 132.9ns 
167096     INFO  main            d.u.i.k.p.i.AbstractProblemLoader Creating init config 
170008     DEBUG main            d.u.i.k.p.i.AbstractProblemLoader Init config took 2.91s 
170025     INFO  main            d.u.i.k.p.i.AbstractProblemLoader Replaying proof substring3.key 
170027     DEBUG main            d.u.i.k.p.i.IntermediateProofReplayer Proof replay took 23.7ns 
170129     INFO  main            d.u.i.k.p.r.p.TestFile    ... finished proof: closed. 
170459     INFO  main            d.u.i.k.p.i.AbstractProblemLoader Loading environment from /home/runner/work/key/key/key.core/../key.ui/examples/standard_key/strings/substring3.key.proof 
170459     DEBUG main            d.u.i.k.p.i.AbstractProblemLoader Environment load took 178.9ns 
170460     INFO  main            d.u.i.k.p.i.AbstractProblemLoader Creating init config 
173247     DEBUG main            d.u.i.k.p.i.AbstractProblemLoader Init config took 2.79s 
173264     INFO  main            d.u.i.k.p.i.AbstractProblemLoader Replaying proof substring3.key.proof 
173268     DEBUG main            d.u.i.k.p.i.IntermediateProofReplayer Proof replay took 2.17ms 
173276     DEBUG main            d.u.i.k.p.r.p.TestFile    ... success: reloaded. 
173278     INFO  main            d.u.i.k.p.r.p.TestFile    Now processing file /home/runner/work/key/key/key.core/../key.ui/examples/standard_key/strings/substring4.key 
173279     INFO  main            d.u.i.k.p.i.AbstractProblemLoader Loading environment from /home/runner/work/key/key/key.core/../key.ui/examples/standard_key/strings/substring4.key 
173279     DEBUG main            d.u.i.k.p.i.AbstractProblemLoader Environment load took 363.3ns 
173280     INFO  main            d.u.i.k.p.i.AbstractProblemLoader Creating init config 
176098     DEBUG main            d.u.i.k.p.i.AbstractProblemLoader Init config took 2.82s 
176134     INFO  main            d.u.i.k.p.i.AbstractProblemLoader Replaying proof substring4.key 
176136     DEBUG main            d.u.i.k.p.i.IntermediateProofReplayer Proof replay took 13.6ns 
176240     INFO  main            d.u.i.k.p.r.p.TestFile    ... finished proof: closed. 
176575     INFO  main            d.u.i.k.p.i.AbstractProblemLoader Loading environment from /home/runner/work/key/key/key.core/../key.ui/examples/standard_key/strings/substring4.key.proof 
176575     DEBUG main            d.u.i.k.p.i.AbstractProblemLoader Environment load took 105.4ns 
176577     INFO  main            d.u.i.k.p.i.AbstractProblemLoader Creating init config 
179370     DEBUG main            d.u.i.k.p.i.AbstractProblemLoader Init config took 2.79s 
179387     INFO  main            d.u.i.k.p.i.AbstractProblemLoader Replaying proof substring4.key.proof 
179392     DEBUG main            d.u.i.k.p.i.IntermediateProofReplayer Proof replay took 3.51ms 
179393     DEBUG main            d.u.i.k.p.r.p.TestFile    ... success: reloaded. 
179394     INFO  main            d.u.i.k.p.r.p.TestFile    Now processing file /home/runner/work/key/key/key.core/../key.ui/examples/standard_key/strings/substring5.key 
179394     INFO  main            d.u.i.k.p.i.AbstractProblemLoader Loading environment from /home/runner/work/key/key/key.core/../key.ui/examples/standard_key/strings/substring5.key 
179394     DEBUG main            d.u.i.k.p.i.AbstractProblemLoader Environment load took 117.6ns 
179395     INFO  main            d.u.i.k.p.i.AbstractProblemLoader Creating init config 
182236     DEBUG main            d.u.i.k.p.i.AbstractProblemLoader Init config took 2.84s 
182252     INFO  main            d.u.i.k.p.i.AbstractProblemLoader Replaying proof substring5.key 
182254     DEBUG main            d.u.i.k.p.i.IntermediateProofReplayer Proof replay took 8.1ns 
182558     INFO  main            d.u.i.k.p.r.p.TestFile    ... finished proof: closed. 
182942     INFO  main            d.u.i.k.p.i.AbstractProblemLoader Loading environment from /home/runner/work/key/key/key.core/../key.ui/examples/standard_key/strings/substring5.key.proof 
182943     DEBUG main            d.u.i.k.p.i.AbstractProblemLoader Environment load took 525.5ns 
182944     INFO  main            d.u.i.k.p.i.AbstractProblemLoader Creating init config 
185630     DEBUG main            d.u.i.k.p.i.AbstractProblemLoader Init config took 2.69s 
185646     INFO  main            d.u.i.k.p.i.AbstractProblemLoader Replaying proof substring5.key.proof 
185673     DEBUG main            d.u.i.k.p.i.IntermediateProofReplayer Proof replay took 22.97ms 
185674     DEBUG main            d.u.i.k.p.r.p.TestFile    ... success: reloaded. 
4977431    INFO  Test worker     d.u.i.k.p.r.p.StatisticsFile Returning from test strings 
4977434    INFO  Test worker     d.u.i.k.p.r.p.StatisticsFile Running test simple_info_flow 
433        INFO  Timeout watchdog d.u.i.k.p.r.p.ForkedTestFileRunner Timeout watcher launched (2000 secs.) 
465        WARN  main            d.u.i.k.s.ProofSettings   The settings in /home/runner/.key/proof-settings.props are *not* read. 
519        INFO  main            d.u.i.k.p.r.p.TestFile    Now processing file /home/runner/work/key/key/key.core/../key.ui/examples/heap/information_flow/UpdateAbstraction_ex7_1_insecure.key 
673        INFO  main            d.u.i.k.p.i.AbstractProblemLoader Loading environment from /home/runner/work/key/key/key.core/../key.ui/examples/heap/information_flow/UpdateAbstraction_ex7_1_insecure.key 
694        DEBUG main            d.u.i.k.p.i.AbstractProblemLoader Environment load took 2.28ms 
958        INFO  main            d.u.i.k.p.i.AbstractProblemLoader Creating init config 
2148       DEBUG main            d.u.i.k.j.TypeConverter   No LDT found for Meta 
2152       DEBUG main            d.u.i.k.j.TypeConverter   No LDT found for Meta 
2154       DEBUG main            d.u.i.k.j.TypeConverter   No LDT found for Meta 
2154       DEBUG main            d.u.i.k.j.TypeConverter   No LDT found for Meta 
4247       DEBUG main            d.u.i.k.j.TypeConverter   No LDT found for JavaBigintExpression 
10850      DEBUG main            d.u.i.k.p.i.AbstractProblemLoader Init config took 9.89s 
11015      INFO  main            d.u.i.k.p.i.AbstractProblemLoader Replaying proof UpdateAbstraction[UpdateAbstraction::ex7_1_insecure()].JML operation contract.0 
11097      DEBUG main            d.u.i.k.p.i.IntermediateProofReplayer Proof replay took 51.9ns 
11868      INFO  main            d.u.i.k.p.r.p.TestFile    ... finished proof: open goal(s) 
12030      INFO  main            d.u.i.k.p.r.p.TestFile    Now processing file /home/runner/work/key/key/key.core/../key.ui/examples/heap/information_flow/UpdateAbstraction_ex7_2_insecure.key 
12030      INFO  main            d.u.i.k.p.i.AbstractProblemLoader Loading environment from /home/runner/work/key/key/key.core/../key.ui/examples/heap/information_flow/UpdateAbstraction_ex7_2_insecure.key 
12031      DEBUG main            d.u.i.k.p.i.AbstractProblemLoader Environment load took 392.3ns 
12035      INFO  main            d.u.i.k.p.i.AbstractProblemLoader Creating init config 
15857      DEBUG main            d.u.i.k.p.i.AbstractProblemLoader Init config took 3.82s 
15941      INFO  main            d.u.i.k.p.i.AbstractProblemLoader Replaying proof UpdateAbstraction[UpdateAbstraction::ex7_2_insecure()].JML operation contract.0 
15945      DEBUG main            d.u.i.k.p.i.IntermediateProofReplayer Proof replay took 8.2ns 
16358      INFO  main            d.u.i.k.p.r.p.TestFile    ... finished proof: open goal(s) 
4994155    INFO  Test worker     d.u.i.k.p.r.p.StatisticsFile Returning from test simple_info_flow 
4994157    INFO  Test worker     d.u.i.k.p.r.p.StatisticsFile Running test modelMethods 
463        INFO  Timeout watchdog d.u.i.k.p.r.p.ForkedTestFileRunner Timeout watcher launched (2000 secs.) 
487        WARN  main            d.u.i.k.s.ProofSettings   The settings in /home/runner/.key/proof-settings.props are *not* read. 
551        INFO  main            d.u.i.k.p.r.p.TestFile    Now processing file /home/runner/work/key/key/key.core/../key.ui/examples/heap/model_methods/Cell_footprint_acc.key 
696        INFO  main            d.u.i.k.p.i.AbstractProblemLoader Loading environment from /home/runner/work/key/key/key.core/../key.ui/examples/heap/model_methods/Cell_footprint_acc.key 
717        DEBUG main            d.u.i.k.p.i.AbstractProblemLoader Environment load took 2.3ms 
1010       INFO  main            d.u.i.k.p.i.AbstractProblemLoader Creating init config 
2173       DEBUG main            d.u.i.k.j.TypeConverter   No LDT found for Meta 
2173       DEBUG main            d.u.i.k.j.TypeConverter   No LDT found for Meta 
2177       DEBUG main            d.u.i.k.j.TypeConverter   No LDT found for Meta 
2178       DEBUG main            d.u.i.k.j.TypeConverter   No LDT found for Meta 
4070       DEBUG main            d.u.i.k.j.TypeConverter   No LDT found for JavaBigintExpression 
10691      DEBUG main            d.u.i.k.p.i.AbstractProblemLoader Init config took 9.68s 
10940      INFO  main            d.u.i.k.p.i.AbstractProblemLoader Replaying proof Cell[Cell::footprint()].JML accessible clause.0 
10988      DEBUG main            d.u.i.k.p.i.IntermediateProofReplayer Proof replay took 36.7ns 
11549      INFO  main            d.u.i.k.p.r.p.TestFile    ... finished proof: closed. 
11684      INFO  main            d.u.i.k.p.i.AbstractProblemLoader Loading environment from /home/runner/work/key/key/key.core/../key.ui/examples/heap/model_methods/Cell_footprint_acc.key.proof 
11686      DEBUG main            d.u.i.k.p.i.AbstractProblemLoader Environment load took 173.2ns 
11689      INFO  main            d.u.i.k.p.i.AbstractProblemLoader Creating init config 
15495      DEBUG main            d.u.i.k.p.i.AbstractProblemLoader Init config took 3.81s 
15591      INFO  main            d.u.i.k.p.i.AbstractProblemLoader Replaying proof Cell[Cell::footprint()].JML accessible clause.0 
15621      DEBUG main            d.u.i.k.p.i.IntermediateProofReplayer Proof replay took 22.19ms 
15630      DEBUG main            d.u.i.k.p.r.p.TestFile    ... success: reloaded. 
15636      INFO  main            d.u.i.k.p.r.p.TestFile    Now processing file /home/runner/work/key/key/key.core/../key.ui/examples/heap/model_methods/Cell_footprint.key 
15636      INFO  main            d.u.i.k.p.i.AbstractProblemLoader Loading environment from /home/runner/work/key/key/key.core/../key.ui/examples/heap/model_methods/Cell_footprint.key 
15636      DEBUG main            d.u.i.k.p.i.AbstractProblemLoader Environment load took 237.7ns 
15642      INFO  main            d.u.i.k.p.i.AbstractProblemLoader Creating init config 
19226      DEBUG main            d.u.i.k.p.i.AbstractProblemLoader Init config took 3.58s 
19366      INFO  main            d.u.i.k.p.i.AbstractProblemLoader Replaying proof Cell[Cell::footprint()].JML model_behavior operation contract.0 
19371      DEBUG main            d.u.i.k.p.i.IntermediateProofReplayer Proof replay took 7.4ns 
19474      INFO  main            d.u.i.k.p.r.p.TestFile    ... finished proof: closed. 
19657      INFO  main            d.u.i.k.p.i.AbstractProblemLoader Loading environment from /home/runner/work/key/key/key.core/../key.ui/examples/heap/model_methods/Cell_footprint.key.proof 
19657      DEBUG main            d.u.i.k.p.i.AbstractProblemLoader Environment load took 155.4ns 
19661      INFO  main            d.u.i.k.p.i.AbstractProblemLoader Creating init config 
23082      DEBUG main            d.u.i.k.p.i.AbstractProblemLoader Init config took 3.42s 
23151      INFO  main            d.u.i.k.p.i.AbstractProblemLoader Replaying proof Cell[Cell::footprint()].JML model_behavior operation contract.0 
23164      DEBUG main            d.u.i.k.p.i.IntermediateProofReplayer Proof replay took 9.71ms 
23165      DEBUG main            d.u.i.k.p.r.p.TestFile    ... success: reloaded. 
23167      INFO  main            d.u.i.k.p.r.p.TestFile    Now processing file /home/runner/work/key/key/key.core/../key.ui/examples/heap/model_methods/Cell_get_acc.key 
23167      INFO  main            d.u.i.k.p.i.AbstractProblemLoader Loading environment from /home/runner/work/key/key/key.core/../key.ui/examples/heap/model_methods/Cell_get_acc.key 
23167      DEBUG main            d.u.i.k.p.i.AbstractProblemLoader Environment load took 205.1ns 
23169      INFO  main            d.u.i.k.p.i.AbstractProblemLoader Creating init config 
26560      DEBUG main            d.u.i.k.p.i.AbstractProblemLoader Init config took 3.39s 
26638      INFO  main            d.u.i.k.p.i.AbstractProblemLoader Replaying proof Cell[Cell::get()].JML accessible clause.0 
26640      DEBUG main            d.u.i.k.p.i.IntermediateProofReplayer Proof replay took 6.4ns 
26850      INFO  main            d.u.i.k.p.r.p.TestFile    ... finished proof: closed. 
27039      INFO  main            d.u.i.k.p.i.AbstractProblemLoader Loading environment from /home/runner/work/key/key/key.core/../key.ui/examples/heap/model_methods/Cell_get_acc.key.proof 
27040      DEBUG main            d.u.i.k.p.i.AbstractProblemLoader Environment load took 430.4ns 
27041      INFO  main            d.u.i.k.p.i.AbstractProblemLoader Creating init config 
30422      DEBUG main            d.u.i.k.p.i.AbstractProblemLoader Init config took 3.38s 
30495      INFO  main            d.u.i.k.p.i.AbstractProblemLoader Replaying proof Cell[Cell::get()].JML accessible clause.0 
30576      DEBUG main            d.u.i.k.p.i.IntermediateProofReplayer Proof replay took 70.01ms 
30578      DEBUG main            d.u.i.k.p.r.p.TestFile    ... success: reloaded. 
30580      INFO  main            d.u.i.k.p.r.p.TestFile    Now processing file /home/runner/work/key/key/key.core/../key.ui/examples/heap/model_methods/Cell_get.key 
30580      INFO  main            d.u.i.k.p.i.AbstractProblemLoader Loading environment from /home/runner/work/key/key/key.core/../key.ui/examples/heap/model_methods/Cell_get.key 
30580      DEBUG main            d.u.i.k.p.i.AbstractProblemLoader Environment load took 177.5ns 
30581      INFO  main            d.u.i.k.p.i.AbstractProblemLoader Creating init config 
34068      DEBUG main            d.u.i.k.p.i.AbstractProblemLoader Init config took 3.49s 
34132      INFO  main            d.u.i.k.p.i.AbstractProblemLoader Replaying proof Cell[Cell::get()].JML operation contract.0 
34135      DEBUG main            d.u.i.k.p.i.IntermediateProofReplayer Proof replay took 6.3ns 
34241      INFO  main            d.u.i.k.p.r.p.TestFile    ... finished proof: closed. 
34462      INFO  main            d.u.i.k.p.i.AbstractProblemLoader Loading environment from /home/runner/work/key/key/key.core/../key.ui/examples/heap/model_methods/Cell_get.key.proof 
34462      DEBUG main            d.u.i.k.p.i.AbstractProblemLoader Environment load took 139.2ns 
34469      INFO  main            d.u.i.k.p.i.AbstractProblemLoader Creating init config 
37807      DEBUG main            d.u.i.k.p.i.AbstractProblemLoader Init config took 3.34s 
37867      INFO  main            d.u.i.k.p.i.AbstractProblemLoader Replaying proof Cell[Cell::get()].JML operation contract.0 
37925      DEBUG main            d.u.i.k.p.i.IntermediateProofReplayer Proof replay took 55.01ms 
37927      DEBUG main            d.u.i.k.p.r.p.TestFile    ... success: reloaded. 
37930      INFO  main            d.u.i.k.p.r.p.TestFile    Now processing file /home/runner/work/key/key/key.core/../key.ui/examples/heap/model_methods/Cell_post_set.key 
37931      INFO  main            d.u.i.k.p.i.AbstractProblemLoader Loading environment from /home/runner/work/key/key/key.core/../key.ui/examples/heap/model_methods/Cell_post_set.key 
37931      DEBUG main            d.u.i.k.p.i.AbstractProblemLoader Environment load took 131.9ns 
37933      INFO  main            d.u.i.k.p.i.AbstractProblemLoader Creating init config 
41327      DEBUG main            d.u.i.k.p.i.AbstractProblemLoader Init config took 3.39s 
41391      INFO  main            d.u.i.k.p.i.AbstractProblemLoader Replaying proof Cell[Cell::post_set(int)].JML model_behavior operation contract.0 
41393      DEBUG main            d.u.i.k.p.i.IntermediateProofReplayer Proof replay took 6.6ns 
41496      INFO  main            d.u.i.k.p.r.p.TestFile    ... finished proof: closed. 
41685      INFO  main            d.u.i.k.p.i.AbstractProblemLoader Loading environment from /home/runner/work/key/key/key.core/../key.ui/examples/heap/model_methods/Cell_post_set.key.proof 
41685      DEBUG main            d.u.i.k.p.i.AbstractProblemLoader Environment load took 159.2ns 
41687      INFO  main            d.u.i.k.p.i.AbstractProblemLoader Creating init config 
44953      DEBUG main            d.u.i.k.p.i.AbstractProblemLoader Init config took 3.27s 
45010      INFO  main            d.u.i.k.p.i.AbstractProblemLoader Replaying proof Cell[Cell::post_set(int)].JML model_behavior operation contract.0 
45019      DEBUG main            d.u.i.k.p.i.IntermediateProofReplayer Proof replay took 6.78ms 
45020      DEBUG main            d.u.i.k.p.r.p.TestFile    ... success: reloaded. 
45022      INFO  main            d.u.i.k.p.r.p.TestFile    Now processing file /home/runner/work/key/key/key.core/../key.ui/examples/heap/model_methods/Cell_set.key 
45022      INFO  main            d.u.i.k.p.i.AbstractProblemLoader Loading environment from /home/runner/work/key/key/key.core/../key.ui/examples/heap/model_methods/Cell_set.key 
45022      DEBUG main            d.u.i.k.p.i.AbstractProblemLoader Environment load took 193ns 
45023      INFO  main            d.u.i.k.p.i.AbstractProblemLoader Creating init config 
48409      DEBUG main            d.u.i.k.p.i.AbstractProblemLoader Init config took 3.38s 
48486      INFO  main            d.u.i.k.p.i.AbstractProblemLoader Replaying proof Cell[Cell::set(int)].JML operation contract.0 
48489      DEBUG main            d.u.i.k.p.i.IntermediateProofReplayer Proof replay took 7.3ns 
56586      INFO  main            d.u.i.k.p.r.p.TestFile    ... finished proof: closed. 
56852      INFO  main            d.u.i.k.p.i.AbstractProblemLoader Loading environment from /home/runner/work/key/key/key.core/../key.ui/examples/heap/model_methods/Cell_set.key.proof 
56852      DEBUG main            d.u.i.k.p.i.AbstractProblemLoader Environment load took 478.9ns 
56854      INFO  main            d.u.i.k.p.i.AbstractProblemLoader Creating init config 
60082      DEBUG main            d.u.i.k.p.i.AbstractProblemLoader Init config took 3.23s 
60141      INFO  main            d.u.i.k.p.i.AbstractProblemLoader Replaying proof Cell[Cell::set(int)].JML operation contract.0 
60815      DEBUG main            d.u.i.k.p.i.IntermediateProofReplayer Proof replay took 653.1ms 
60818      DEBUG main            d.u.i.k.p.r.p.TestFile    ... success: reloaded. 
60820      INFO  main            d.u.i.k.p.r.p.TestFile    Now processing file /home/runner/work/key/key/key.core/../key.ui/examples/heap/model_methods/CellTest_callSet.key 
60820      INFO  main            d.u.i.k.p.i.AbstractProblemLoader Loading environment from /home/runner/work/key/key/key.core/../key.ui/examples/heap/model_methods/CellTest_callSet.key 
60820      DEBUG main            d.u.i.k.p.i.AbstractProblemLoader Environment load took 246.5ns 
60822      INFO  main            d.u.i.k.p.i.AbstractProblemLoader Creating init config 
64283      DEBUG main            d.u.i.k.p.i.AbstractProblemLoader Init config took 3.46s 
64337      INFO  main            d.u.i.k.p.i.AbstractProblemLoader Replaying proof CellTest[CellTest::callSet(Cell,int)].JML operation contract.0 
64340      DEBUG main            d.u.i.k.p.i.IntermediateProofReplayer Proof replay took 23ns 
64546      INFO  main            d.u.i.k.p.r.p.TestFile    ... finished proof: closed. 
64786      INFO  main            d.u.i.k.p.i.AbstractProblemLoader Loading environment from /home/runner/work/key/key/key.core/../key.ui/examples/heap/model_methods/CellTest_callSet.key.proof 
64787      DEBUG main            d.u.i.k.p.i.AbstractProblemLoader Environment load took 992.52ns 
64788      INFO  main            d.u.i.k.p.i.AbstractProblemLoader Creating init config 
68033      DEBUG main            d.u.i.k.p.i.AbstractProblemLoader Init config took 3.24s 
68091      INFO  main            d.u.i.k.p.i.AbstractProblemLoader Replaying proof CellTest[CellTest::callSet(Cell,int)].JML operation contract.0 
68144      DEBUG main            d.u.i.k.p.i.IntermediateProofReplayer Proof replay took 49.56ms 
68145      DEBUG main            d.u.i.k.p.r.p.TestFile    ... success: reloaded. 
68146      INFO  main            d.u.i.k.p.r.p.TestFile    Now processing file /home/runner/work/key/key/key.core/../key.ui/examples/heap/model_methods/CellTest_test2.key 
68147      INFO  main            d.u.i.k.p.i.AbstractProblemLoader Loading environment from /home/runner/work/key/key/key.core/../key.ui/examples/heap/model_methods/CellTest_test2.key 
68147      DEBUG main            d.u.i.k.p.i.AbstractProblemLoader Environment load took 160ns 
68148      INFO  main            d.u.i.k.p.i.AbstractProblemLoader Creating init config 
71521      DEBUG main            d.u.i.k.p.i.AbstractProblemLoader Init config took 3.37s 
71573      INFO  main            d.u.i.k.p.i.AbstractProblemLoader Replaying proof CellTest[CellTest::test2(Cell)].JML operation contract.0 
71575      DEBUG main            d.u.i.k.p.i.IntermediateProofReplayer Proof replay took 6.8ns 
71882      INFO  main            d.u.i.k.p.r.p.TestFile    ... finished proof: closed. 
72117      INFO  main            d.u.i.k.p.i.AbstractProblemLoader Loading environment from /home/runner/work/key/key/key.core/../key.ui/examples/heap/model_methods/CellTest_test2.key.proof 
72119      DEBUG main            d.u.i.k.p.i.AbstractProblemLoader Environment load took 1.3ms 
72120      INFO  main            d.u.i.k.p.i.AbstractProblemLoader Creating init config 
75374      DEBUG main            d.u.i.k.p.i.AbstractProblemLoader Init config took 3.25s 
75427      INFO  main            d.u.i.k.p.i.AbstractProblemLoader Replaying proof CellTest[CellTest::test2(Cell)].JML operation contract.0 
75528      DEBUG main            d.u.i.k.p.i.IntermediateProofReplayer Proof replay took 96.36ms 
75529      DEBUG main            d.u.i.k.p.r.p.TestFile    ... success: reloaded. 
75531      INFO  main            d.u.i.k.p.r.p.TestFile    Now processing file /home/runner/work/key/key/key.core/../key.ui/examples/heap/model_methods/CellTest_test.key 
75532      INFO  main            d.u.i.k.p.i.AbstractProblemLoader Loading environment from /home/runner/work/key/key/key.core/../key.ui/examples/heap/model_methods/CellTest_test.key 
75532      DEBUG main            d.u.i.k.p.i.AbstractProblemLoader Environment load took 293.5ns 
75533      INFO  main            d.u.i.k.p.i.AbstractProblemLoader Creating init config 
78777      DEBUG main            d.u.i.k.p.i.AbstractProblemLoader Init config took 3.24s 
78844      INFO  main            d.u.i.k.p.i.AbstractProblemLoader Replaying proof CellTest[CellTest::test(Recell)].JML operation contract.0 
78846      DEBUG main            d.u.i.k.p.i.IntermediateProofReplayer Proof replay took 7.3ns 
81221      INFO  main            d.u.i.k.p.r.p.TestFile    ... finished proof: closed. 
81521      INFO  main            d.u.i.k.p.i.AbstractProblemLoader Loading environment from /home/runner/work/key/key/key.core/../key.ui/examples/heap/model_methods/CellTest_test.key.proof 
81522      DEBUG main            d.u.i.k.p.i.AbstractProblemLoader Environment load took 152.4ns 
81528      INFO  main            d.u.i.k.p.i.AbstractProblemLoader Creating init config 
84799      DEBUG main            d.u.i.k.p.i.AbstractProblemLoader Init config took 3.27s 
84850      INFO  main            d.u.i.k.p.i.AbstractProblemLoader Replaying proof CellTest[CellTest::test(Recell)].JML operation contract.0 
85375      DEBUG main            d.u.i.k.p.i.IntermediateProofReplayer Proof replay took 505.8ms 
85377      DEBUG main            d.u.i.k.p.r.p.TestFile    ... success: reloaded. 
85379      INFO  main            d.u.i.k.p.r.p.TestFile    Now processing file /home/runner/work/key/key/key.core/../key.ui/examples/heap/model_methods/Coll1_add.key 
85380      INFO  main            d.u.i.k.p.i.AbstractProblemLoader Loading environment from /home/runner/work/key/key/key.core/../key.ui/examples/heap/model_methods/Coll1_add.key 
85380      DEBUG main            d.u.i.k.p.i.AbstractProblemLoader Environment load took 249.3ns 
85381      INFO  main            d.u.i.k.p.i.AbstractProblemLoader Creating init config 
88694      DEBUG main            d.u.i.k.p.i.AbstractProblemLoader Init config took 3.31s 
88747      INFO  main            d.u.i.k.p.i.AbstractProblemLoader Replaying proof Coll1[Coll::add(int)].JML operation contract.0 
88749      DEBUG main            d.u.i.k.p.i.IntermediateProofReplayer Proof replay took 7.5ns 
88852      INFO  main            d.u.i.k.p.r.p.TestFile    ... finished proof: closed. 
89092      INFO  main            d.u.i.k.p.i.AbstractProblemLoader Loading environment from /home/runner/work/key/key/key.core/../key.ui/examples/heap/model_methods/Coll1_add.key.proof 
89092      DEBUG main            d.u.i.k.p.i.AbstractProblemLoader Environment load took 202ns 
89094      INFO  main            d.u.i.k.p.i.AbstractProblemLoader Creating init config 
92423      DEBUG main            d.u.i.k.p.i.AbstractProblemLoader Init config took 3.33s 
92473      INFO  main            d.u.i.k.p.i.AbstractProblemLoader Replaying proof Coll1[Coll::add(int)].JML operation contract.0 
92484      DEBUG main            d.u.i.k.p.i.IntermediateProofReplayer Proof replay took 9.31ms 
92485      DEBUG main            d.u.i.k.p.r.p.TestFile    ... success: reloaded. 
92487      INFO  main            d.u.i.k.p.r.p.TestFile    Now processing file /home/runner/work/key/key/key.core/../key.ui/examples/heap/model_methods/Coll1_Coll1_add_pre.key 
92488      INFO  main            d.u.i.k.p.i.AbstractProblemLoader Loading environment from /home/runner/work/key/key/key.core/../key.ui/examples/heap/model_methods/Coll1_Coll1_add_pre.key 
92488      DEBUG main            d.u.i.k.p.i.AbstractProblemLoader Environment load took 259.1ns 
92489      INFO  main            d.u.i.k.p.i.AbstractProblemLoader Creating init config 
95807      DEBUG main            d.u.i.k.p.i.AbstractProblemLoader Init config took 3.32s 
95859      INFO  main            d.u.i.k.p.i.AbstractProblemLoader Replaying proof Coll1[Coll1::add_pre(int)].JML model_behavior operation contract.0 
95861      DEBUG main            d.u.i.k.p.i.IntermediateProofReplayer Proof replay took 8.5ns 
95963      INFO  main            d.u.i.k.p.r.p.TestFile    ... finished proof: closed. 
96194      INFO  main            d.u.i.k.p.i.AbstractProblemLoader Loading environment from /home/runner/work/key/key/key.core/../key.ui/examples/heap/model_methods/Coll1_Coll1_add_pre.key.proof 
96194      DEBUG main            d.u.i.k.p.i.AbstractProblemLoader Environment load took 158.8ns 
96195      INFO  main            d.u.i.k.p.i.AbstractProblemLoader Creating init config 
99454      DEBUG main            d.u.i.k.p.i.AbstractProblemLoader Init config took 3.26s 
99505      INFO  main            d.u.i.k.p.i.AbstractProblemLoader Replaying proof Coll1[Coll1::add_pre(int)].JML model_behavior operation contract.0 
99509      DEBUG main            d.u.i.k.p.i.IntermediateProofReplayer Proof replay took 1.7ms 
99510      DEBUG main            d.u.i.k.p.r.p.TestFile    ... success: reloaded. 
99511      INFO  main            d.u.i.k.p.r.p.TestFile    Now processing file /home/runner/work/key/key/key.core/../key.ui/examples/heap/model_methods/Coll1_Coll_add_pre.key 
99511      INFO  main            d.u.i.k.p.i.AbstractProblemLoader Loading environment from /home/runner/work/key/key/key.core/../key.ui/examples/heap/model_methods/Coll1_Coll_add_pre.key 
99512      DEBUG main            d.u.i.k.p.i.AbstractProblemLoader Environment load took 127.3ns 
99513      INFO  main            d.u.i.k.p.i.AbstractProblemLoader Creating init config 
102772     DEBUG main            d.u.i.k.p.i.AbstractProblemLoader Init config took 3.26s 
102822     INFO  main            d.u.i.k.p.i.AbstractProblemLoader Replaying proof Coll1[Coll::add_pre(int)].JML model_behavior operation contract.0 
102824     DEBUG main            d.u.i.k.p.i.IntermediateProofReplayer Proof replay took 8.2ns 
102929     INFO  main            d.u.i.k.p.r.p.TestFile    ... finished proof: closed. 
103185     INFO  main            d.u.i.k.p.i.AbstractProblemLoader Loading environment from /home/runner/work/key/key/key.core/../key.ui/examples/heap/model_methods/Coll1_Coll_add_pre.key.proof 
103185     DEBUG main            d.u.i.k.p.i.AbstractProblemLoader Environment load took 227.1ns 
103186     INFO  main            d.u.i.k.p.i.AbstractProblemLoader Creating init config 
106359     DEBUG main            d.u.i.k.p.i.AbstractProblemLoader Init config took 3.17s 
106406     INFO  main            d.u.i.k.p.i.AbstractProblemLoader Replaying proof Coll1[Coll::add_pre(int)].JML model_behavior operation contract.0 
106411     DEBUG main            d.u.i.k.p.i.IntermediateProofReplayer Proof replay took 3.22ms 
106412     DEBUG main            d.u.i.k.p.r.p.TestFile    ... success: reloaded. 
106426     INFO  main            d.u.i.k.p.r.p.TestFile    Now processing file /home/runner/work/key/key/key.core/../key.ui/examples/heap/model_methods/Coll2_add.key 
106427     INFO  main            d.u.i.k.p.i.AbstractProblemLoader Loading environment from /home/runner/work/key/key/key.core/../key.ui/examples/heap/model_methods/Coll2_add.key 
106427     DEBUG main            d.u.i.k.p.i.AbstractProblemLoader Environment load took 104ns 
106429     INFO  main            d.u.i.k.p.i.AbstractProblemLoader Creating init config 
109662     DEBUG main            d.u.i.k.p.i.AbstractProblemLoader Init config took 3.23s 
109708     INFO  main            d.u.i.k.p.i.AbstractProblemLoader Replaying proof Coll2[Coll::add(int)].JML operation contract.0 
109710     DEBUG main            d.u.i.k.p.i.IntermediateProofReplayer Proof replay took 6.9ns 
109812     INFO  main            d.u.i.k.p.r.p.TestFile    ... finished proof: closed. 
110067     INFO  main            d.u.i.k.p.i.AbstractProblemLoader Loading environment from /home/runner/work/key/key/key.core/../key.ui/examples/heap/model_methods/Coll2_add.key.proof 
110067     DEBUG main            d.u.i.k.p.i.AbstractProblemLoader Environment load took 117.4ns 
110069     INFO  main            d.u.i.k.p.i.AbstractProblemLoader Creating init config 
113258     DEBUG main            d.u.i.k.p.i.AbstractProblemLoader Init config took 3.19s 
113308     INFO  main            d.u.i.k.p.i.AbstractProblemLoader Replaying proof Coll2[Coll::add(int)].JML operation contract.0 
113321     DEBUG main            d.u.i.k.p.i.IntermediateProofReplayer Proof replay took 8.14ms 
113322     DEBUG main            d.u.i.k.p.r.p.TestFile    ... success: reloaded. 
113324     INFO  main            d.u.i.k.p.r.p.TestFile    Now processing file /home/runner/work/key/key/key.core/../key.ui/examples/heap/model_methods/Coll2_Coll2_add_pre.key 
113324     INFO  main            d.u.i.k.p.i.AbstractProblemLoader Loading environment from /home/runner/work/key/key/key.core/../key.ui/examples/heap/model_methods/Coll2_Coll2_add_pre.key 
113324     DEBUG main            d.u.i.k.p.i.AbstractProblemLoader Environment load took 215.3ns 
113325     INFO  main            d.u.i.k.p.i.AbstractProblemLoader Creating init config 
116663     DEBUG main            d.u.i.k.p.i.AbstractProblemLoader Init config took 3.34s 
116708     INFO  main            d.u.i.k.p.i.AbstractProblemLoader Replaying proof Coll2[Coll2::add_pre(int)].JML model_behavior operation contract.0 
116710     DEBUG main            d.u.i.k.p.i.IntermediateProofReplayer Proof replay took 23.4ns 
116813     INFO  main            d.u.i.k.p.r.p.TestFile    ... finished proof: closed. 
117134     INFO  main            d.u.i.k.p.i.AbstractProblemLoader Loading environment from /home/runner/work/key/key/key.core/../key.ui/examples/heap/model_methods/Coll2_Coll2_add_pre.key.proof 
117134     DEBUG main            d.u.i.k.p.i.AbstractProblemLoader Environment load took 133.9ns 
117135     INFO  main            d.u.i.k.p.i.AbstractProblemLoader Creating init config 
120370     DEBUG main            d.u.i.k.p.i.AbstractProblemLoader Init config took 3.23s 
120420     INFO  main            d.u.i.k.p.i.AbstractProblemLoader Replaying proof Coll2[Coll2::add_pre(int)].JML model_behavior operation contract.0 
120424     DEBUG main            d.u.i.k.p.i.IntermediateProofReplayer Proof replay took 1.8ms 
120425     DEBUG main            d.u.i.k.p.r.p.TestFile    ... success: reloaded. 
120426     INFO  main            d.u.i.k.p.r.p.TestFile    Now processing file /home/runner/work/key/key/key.core/../key.ui/examples/heap/model_methods/Coll2_Coll_add_pre.key 
120427     INFO  main            d.u.i.k.p.i.AbstractProblemLoader Loading environment from /home/runner/work/key/key/key.core/../key.ui/examples/heap/model_methods/Coll2_Coll_add_pre.key 
120427     DEBUG main            d.u.i.k.p.i.AbstractProblemLoader Environment load took 231.6ns 
120429     INFO  main            d.u.i.k.p.i.AbstractProblemLoader Creating init config 
123703     DEBUG main            d.u.i.k.p.i.AbstractProblemLoader Init config took 3.27s 
123749     INFO  main            d.u.i.k.p.i.AbstractProblemLoader Replaying proof Coll2[Coll::add_pre(int)].JML model_behavior operation contract.0 
123751     DEBUG main            d.u.i.k.p.i.IntermediateProofReplayer Proof replay took 24.3ns 
123854     INFO  main            d.u.i.k.p.r.p.TestFile    ... finished proof: closed. 
124128     INFO  main            d.u.i.k.p.i.AbstractProblemLoader Loading environment from /home/runner/work/key/key/key.core/../key.ui/examples/heap/model_methods/Coll2_Coll_add_pre.key.proof 
124128     DEBUG main            d.u.i.k.p.i.AbstractProblemLoader Environment load took 171.9ns 
124129     INFO  main            d.u.i.k.p.i.AbstractProblemLoader Creating init config 
127290     DEBUG main            d.u.i.k.p.i.AbstractProblemLoader Init config took 3.16s 
127334     INFO  main            d.u.i.k.p.i.AbstractProblemLoader Replaying proof Coll2[Coll::add_pre(int)].JML model_behavior operation contract.0 
127339     DEBUG main            d.u.i.k.p.i.IntermediateProofReplayer Proof replay took 2.54ms 
127340     DEBUG main            d.u.i.k.p.r.p.TestFile    ... success: reloaded. 
127342     INFO  main            d.u.i.k.p.r.p.TestFile    Now processing file /home/runner/work/key/key/key.core/../key.ui/examples/heap/model_methods/Coll_add.key 
127342     INFO  main            d.u.i.k.p.i.AbstractProblemLoader Loading environment from /home/runner/work/key/key/key.core/../key.ui/examples/heap/model_methods/Coll_add.key 
127342     DEBUG main            d.u.i.k.p.i.AbstractProblemLoader Environment load took 129.9ns 
127343     INFO  main            d.u.i.k.p.i.AbstractProblemLoader Creating init config 
130633     DEBUG main            d.u.i.k.p.i.AbstractProblemLoader Init config took 3.29s 
130679     INFO  main            d.u.i.k.p.i.AbstractProblemLoader Replaying proof Coll[Coll::add(int)].JML operation contract.0 
130681     DEBUG main            d.u.i.k.p.i.IntermediateProofReplayer Proof replay took 7.2ns 
130785     INFO  main            d.u.i.k.p.r.p.TestFile    ... finished proof: closed. 
131068     INFO  main            d.u.i.k.p.i.AbstractProblemLoader Loading environment from /home/runner/work/key/key/key.core/../key.ui/examples/heap/model_methods/Coll_add.key.proof 
131068     DEBUG main            d.u.i.k.p.i.AbstractProblemLoader Environment load took 277.1ns 
131069     INFO  main            d.u.i.k.p.i.AbstractProblemLoader Creating init config 
134241     DEBUG main            d.u.i.k.p.i.AbstractProblemLoader Init config took 3.17s 
134290     INFO  main            d.u.i.k.p.i.AbstractProblemLoader Replaying proof Coll[Coll::add(int)].JML operation contract.0 
134294     DEBUG main            d.u.i.k.p.i.IntermediateProofReplayer Proof replay took 2.25ms 
134295     DEBUG main            d.u.i.k.p.r.p.TestFile    ... success: reloaded. 
134297     INFO  main            d.u.i.k.p.r.p.TestFile    Now processing file /home/runner/work/key/key/key.core/../key.ui/examples/heap/model_methods/Coll_add_pre.key 
134297     INFO  main            d.u.i.k.p.i.AbstractProblemLoader Loading environment from /home/runner/work/key/key/key.core/../key.ui/examples/heap/model_methods/Coll_add_pre.key 
134297     DEBUG main            d.u.i.k.p.i.AbstractProblemLoader Environment load took 170.3ns 
134298     INFO  main            d.u.i.k.p.i.AbstractProblemLoader Creating init config 
137621     DEBUG main            d.u.i.k.p.i.AbstractProblemLoader Init config took 3.32s 
137689     INFO  main            d.u.i.k.p.i.AbstractProblemLoader Replaying proof Coll[Coll::add_pre(int)].JML model_behavior operation contract.0 
137691     DEBUG main            d.u.i.k.p.i.IntermediateProofReplayer Proof replay took 7.2ns 
137793     INFO  main            d.u.i.k.p.r.p.TestFile    ... finished proof: closed. 
138081     INFO  main            d.u.i.k.p.i.AbstractProblemLoader Loading environment from /home/runner/work/key/key/key.core/../key.ui/examples/heap/model_methods/Coll_add_pre.key.proof 
138081     DEBUG main            d.u.i.k.p.i.AbstractProblemLoader Environment load took 194.1ns 
138083     INFO  main            d.u.i.k.p.i.AbstractProblemLoader Creating init config 
141310     DEBUG main            d.u.i.k.p.i.AbstractProblemLoader Init config took 3.23s 
141354     INFO  main            d.u.i.k.p.i.AbstractProblemLoader Replaying proof Coll[Coll::add_pre(int)].JML model_behavior operation contract.0 
141359     DEBUG main            d.u.i.k.p.i.IntermediateProofReplayer Proof replay took 3.08ms 
141360     DEBUG main            d.u.i.k.p.r.p.TestFile    ... success: reloaded. 
141361     INFO  main            d.u.i.k.p.r.p.TestFile    Now processing file /home/runner/work/key/key/key.core/../key.ui/examples/heap/model_methods/Indirect_callAdd.key 
141362     INFO  main            d.u.i.k.p.i.AbstractProblemLoader Loading environment from /home/runner/work/key/key/key.core/../key.ui/examples/heap/model_methods/Indirect_callAdd.key 
141362     DEBUG main            d.u.i.k.p.i.AbstractProblemLoader Environment load took 112.1ns 
141363     INFO  main            d.u.i.k.p.i.AbstractProblemLoader Creating init config 
144694     DEBUG main            d.u.i.k.p.i.AbstractProblemLoader Init config took 3.33s 
144738     INFO  main            d.u.i.k.p.i.AbstractProblemLoader Replaying proof Indirect[Indirect::callAdd(Coll,int)].JML operation contract.0 
144740     DEBUG main            d.u.i.k.p.i.IntermediateProofReplayer Proof replay took 7.9ns 
144843     INFO  main            d.u.i.k.p.r.p.TestFile    ... finished proof: closed. 
145157     INFO  main            d.u.i.k.p.i.AbstractProblemLoader Loading environment from /home/runner/work/key/key/key.core/../key.ui/examples/heap/model_methods/Indirect_callAdd.key.proof 
145158     DEBUG main            d.u.i.k.p.i.AbstractProblemLoader Environment load took 139.1ns 
145159     INFO  main            d.u.i.k.p.i.AbstractProblemLoader Creating init config 
148363     DEBUG main            d.u.i.k.p.i.AbstractProblemLoader Init config took 3.2s 
148413     INFO  main            d.u.i.k.p.i.AbstractProblemLoader Replaying proof Indirect[Indirect::callAdd(Coll,int)].JML operation contract.0 
148442     DEBUG main            d.u.i.k.p.i.IntermediateProofReplayer Proof replay took 26.9ms 
148443     DEBUG main            d.u.i.k.p.r.p.TestFile    ... success: reloaded. 
148444     INFO  main            d.u.i.k.p.r.p.TestFile    Now processing file /home/runner/work/key/key/key.core/../key.ui/examples/heap/model_methods/Indirect_test.key 
148444     INFO  main            d.u.i.k.p.i.AbstractProblemLoader Loading environment from /home/runner/work/key/key/key.core/../key.ui/examples/heap/model_methods/Indirect_test.key 
148445     DEBUG main            d.u.i.k.p.i.AbstractProblemLoader Environment load took 130.9ns 
148446     INFO  main            d.u.i.k.p.i.AbstractProblemLoader Creating init config 
151789     DEBUG main            d.u.i.k.p.i.AbstractProblemLoader Init config took 3.34s 
151834     INFO  main            d.u.i.k.p.i.AbstractProblemLoader Replaying proof Indirect[Indirect::test(Coll1,Coll2)].JML operation contract.0 
151836     DEBUG main            d.u.i.k.p.i.IntermediateProofReplayer Proof replay took 7.7ns 
152142     INFO  main            d.u.i.k.p.r.p.TestFile    ... finished proof: closed. 
152483     INFO  main            d.u.i.k.p.i.AbstractProblemLoader Loading environment from /home/runner/work/key/key/key.core/../key.ui/examples/heap/model_methods/Indirect_test.key.proof 
152483     DEBUG main            d.u.i.k.p.i.AbstractProblemLoader Environment load took 135.8ns 
152484     INFO  main            d.u.i.k.p.i.AbstractProblemLoader Creating init config 
155727     DEBUG main            d.u.i.k.p.i.AbstractProblemLoader Init config took 3.24s 
155773     INFO  main            d.u.i.k.p.i.AbstractProblemLoader Replaying proof Indirect[Indirect::test(Coll1,Coll2)].JML operation contract.0 
155838     DEBUG main            d.u.i.k.p.i.IntermediateProofReplayer Proof replay took 61.96ms 
155840     DEBUG main            d.u.i.k.p.r.p.TestFile    ... success: reloaded. 
155841     INFO  main            d.u.i.k.p.r.p.TestFile    Now processing file /home/runner/work/key/key/key.core/../key.ui/examples/heap/model_methods/Recell_Cell_footprint.key 
155841     INFO  main            d.u.i.k.p.i.AbstractProblemLoader Loading environment from /home/runner/work/key/key/key.core/../key.ui/examples/heap/model_methods/Recell_Cell_footprint.key 
155841     DEBUG main            d.u.i.k.p.i.AbstractProblemLoader Environment load took 98.4ns 
155842     INFO  main            d.u.i.k.p.i.AbstractProblemLoader Creating init config 
159130     DEBUG main            d.u.i.k.p.i.AbstractProblemLoader Init config took 3.29s 
159174     INFO  main            d.u.i.k.p.i.AbstractProblemLoader Replaying proof Recell[Cell::footprint()].JML model_behavior operation contract.0 
159176     DEBUG main            d.u.i.k.p.i.IntermediateProofReplayer Proof replay took 7.6ns 
159282     INFO  main            d.u.i.k.p.r.p.TestFile    ... finished proof: closed. 
159602     INFO  main            d.u.i.k.p.i.AbstractProblemLoader Loading environment from /home/runner/work/key/key/key.core/../key.ui/examples/heap/model_methods/Recell_Cell_footprint.key.proof 
159602     DEBUG main            d.u.i.k.p.i.AbstractProblemLoader Environment load took 161.9ns 
159604     INFO  main            d.u.i.k.p.i.AbstractProblemLoader Creating init config 
162769     DEBUG main            d.u.i.k.p.i.AbstractProblemLoader Init config took 3.16s 
162812     INFO  main            d.u.i.k.p.i.AbstractProblemLoader Replaying proof Recell[Cell::footprint()].JML model_behavior operation contract.0 
162817     DEBUG main            d.u.i.k.p.i.IntermediateProofReplayer Proof replay took 3.18ms 
162818     DEBUG main            d.u.i.k.p.r.p.TestFile    ... success: reloaded. 
162819     INFO  main            d.u.i.k.p.r.p.TestFile    Now processing file /home/runner/work/key/key/key.core/../key.ui/examples/heap/model_methods/Recell_Cell_post_set.key 
162820     INFO  main            d.u.i.k.p.i.AbstractProblemLoader Loading environment from /home/runner/work/key/key/key.core/../key.ui/examples/heap/model_methods/Recell_Cell_post_set.key 
162820     DEBUG main            d.u.i.k.p.i.AbstractProblemLoader Environment load took 207.7ns 
162821     INFO  main            d.u.i.k.p.i.AbstractProblemLoader Creating init config 
166004     DEBUG main            d.u.i.k.p.i.AbstractProblemLoader Init config took 3.18s 
166048     INFO  main            d.u.i.k.p.i.AbstractProblemLoader Replaying proof Recell[Cell::post_set(int)].JML model_behavior operation contract.0 
166050     DEBUG main            d.u.i.k.p.i.IntermediateProofReplayer Proof replay took 7.6ns 
166153     INFO  main            d.u.i.k.p.r.p.TestFile    ... finished proof: closed. 
166497     INFO  main            d.u.i.k.p.i.AbstractProblemLoader Loading environment from /home/runner/work/key/key/key.core/../key.ui/examples/heap/model_methods/Recell_Cell_post_set.key.proof 
166497     DEBUG main            d.u.i.k.p.i.AbstractProblemLoader Environment load took 197.8ns 
166499     INFO  main            d.u.i.k.p.i.AbstractProblemLoader Creating init config 
169690     DEBUG main            d.u.i.k.p.i.AbstractProblemLoader Init config took 3.19s 
169739     INFO  main            d.u.i.k.p.i.AbstractProblemLoader Replaying proof Recell[Cell::post_set(int)].JML model_behavior operation contract.0 
169746     DEBUG main            d.u.i.k.p.i.IntermediateProofReplayer Proof replay took 4.99ms 
169747     DEBUG main            d.u.i.k.p.r.p.TestFile    ... success: reloaded. 
169748     INFO  main            d.u.i.k.p.r.p.TestFile    Now processing file /home/runner/work/key/key/key.core/../key.ui/examples/heap/model_methods/Recell_footprint_acc.key 
169749     INFO  main            d.u.i.k.p.i.AbstractProblemLoader Loading environment from /home/runner/work/key/key/key.core/../key.ui/examples/heap/model_methods/Recell_footprint_acc.key 
169749     DEBUG main            d.u.i.k.p.i.AbstractProblemLoader Environment load took 110.1ns 
169750     INFO  main            d.u.i.k.p.i.AbstractProblemLoader Creating init config 
173003     DEBUG main            d.u.i.k.p.i.AbstractProblemLoader Init config took 3.25s 
173057     INFO  main            d.u.i.k.p.i.AbstractProblemLoader Replaying proof Recell[Cell::footprint()].JML accessible clause.0 
173059     DEBUG main            d.u.i.k.p.i.IntermediateProofReplayer Proof replay took 25.1ns 
173166     INFO  main            d.u.i.k.p.r.p.TestFile    ... finished proof: closed. 
173492     INFO  main            d.u.i.k.p.i.AbstractProblemLoader Loading environment from /home/runner/work/key/key/key.core/../key.ui/examples/heap/model_methods/Recell_footprint_acc.key.proof 
173492     DEBUG main            d.u.i.k.p.i.AbstractProblemLoader Environment load took 151.3ns 
173493     INFO  main            d.u.i.k.p.i.AbstractProblemLoader Creating init config 
176616     DEBUG main            d.u.i.k.p.i.AbstractProblemLoader Init config took 3.12s 
176661     INFO  main            d.u.i.k.p.i.AbstractProblemLoader Replaying proof Recell[Cell::footprint()].JML accessible clause.0 
176685     DEBUG main            d.u.i.k.p.i.IntermediateProofReplayer Proof replay took 20.92ms 
176686     DEBUG main            d.u.i.k.p.r.p.TestFile    ... success: reloaded. 
176688     INFO  main            d.u.i.k.p.r.p.TestFile    Now processing file /home/runner/work/key/key/key.core/../key.ui/examples/heap/model_methods/Recell_get_acc.key 
176688     INFO  main            d.u.i.k.p.i.AbstractProblemLoader Loading environment from /home/runner/work/key/key/key.core/../key.ui/examples/heap/model_methods/Recell_get_acc.key 
176689     DEBUG main            d.u.i.k.p.i.AbstractProblemLoader Environment load took 236.9ns 
176690     INFO  main            d.u.i.k.p.i.AbstractProblemLoader Creating init config 
179903     DEBUG main            d.u.i.k.p.i.AbstractProblemLoader Init config took 3.21s 
179969     INFO  main            d.u.i.k.p.i.AbstractProblemLoader Replaying proof Recell[Cell::get()].JML accessible clause.0 
179971     DEBUG main            d.u.i.k.p.i.IntermediateProofReplayer Proof replay took 7.8ns 
180077     INFO  main            d.u.i.k.p.r.p.TestFile    ... finished proof: closed. 
180425     INFO  main            d.u.i.k.p.i.AbstractProblemLoader Loading environment from /home/runner/work/key/key/key.core/../key.ui/examples/heap/model_methods/Recell_get_acc.key.proof 
180425     DEBUG main            d.u.i.k.p.i.AbstractProblemLoader Environment load took 160.8ns 
180427     INFO  main            d.u.i.k.p.i.AbstractProblemLoader Creating init config 
183535     DEBUG main            d.u.i.k.p.i.AbstractProblemLoader Init config took 3.11s 
183581     INFO  main            d.u.i.k.p.i.AbstractProblemLoader Replaying proof Recell[Cell::get()].JML accessible clause.0 
183602     DEBUG main            d.u.i.k.p.i.IntermediateProofReplayer Proof replay took 18.81ms 
183603     DEBUG main            d.u.i.k.p.r.p.TestFile    ... success: reloaded. 
183605     INFO  main            d.u.i.k.p.r.p.TestFile    Now processing file /home/runner/work/key/key/key.core/../key.ui/examples/heap/model_methods/Recell_get.key 
183605     INFO  main            d.u.i.k.p.i.AbstractProblemLoader Loading environment from /home/runner/work/key/key/key.core/../key.ui/examples/heap/model_methods/Recell_get.key 
183605     DEBUG main            d.u.i.k.p.i.AbstractProblemLoader Environment load took 135.4ns 
183606     INFO  main            d.u.i.k.p.i.AbstractProblemLoader Creating init config 
186792     DEBUG main            d.u.i.k.p.i.AbstractProblemLoader Init config took 3.19s 
186838     INFO  main            d.u.i.k.p.i.AbstractProblemLoader Replaying proof Recell[Cell::get()].JML operation contract.0 
186840     DEBUG main            d.u.i.k.p.i.IntermediateProofReplayer Proof replay took 7.8ns 
186942     INFO  main            d.u.i.k.p.r.p.TestFile    ... finished proof: closed. 
187285     INFO  main            d.u.i.k.p.i.AbstractProblemLoader Loading environment from /home/runner/work/key/key/key.core/../key.ui/examples/heap/model_methods/Recell_get.key.proof 
187286     DEBUG main            d.u.i.k.p.i.AbstractProblemLoader Environment load took 113.9ns 
187286     INFO  main            d.u.i.k.p.i.AbstractProblemLoader Creating init config 
190448     DEBUG main            d.u.i.k.p.i.AbstractProblemLoader Init config took 3.16s 
190492     INFO  main            d.u.i.k.p.i.AbstractProblemLoader Replaying proof Recell[Cell::get()].JML operation contract.0 
190504     DEBUG main            d.u.i.k.p.i.IntermediateProofReplayer Proof replay took 10.01ms 
190505     DEBUG main            d.u.i.k.p.r.p.TestFile    ... success: reloaded. 
190506     INFO  main            d.u.i.k.p.r.p.TestFile    Now processing file /home/runner/work/key/key/key.core/../key.ui/examples/heap/model_methods/Recell_Recell_footprint.key 
190507     INFO  main            d.u.i.k.p.i.AbstractProblemLoader Loading environment from /home/runner/work/key/key/key.core/../key.ui/examples/heap/model_methods/Recell_Recell_footprint.key 
190507     DEBUG main            d.u.i.k.p.i.AbstractProblemLoader Environment load took 187ns 
190508     INFO  main            d.u.i.k.p.i.AbstractProblemLoader Creating init config 
193664     DEBUG main            d.u.i.k.p.i.AbstractProblemLoader Init config took 3.16s 
193712     INFO  main            d.u.i.k.p.i.AbstractProblemLoader Replaying proof Recell[Recell::footprint()].JML model_behavior operation contract.0 
193714     DEBUG main            d.u.i.k.p.i.IntermediateProofReplayer Proof replay took 7.4ns 
193816     INFO  main            d.u.i.k.p.r.p.TestFile    ... finished proof: closed. 
194190     INFO  main            d.u.i.k.p.i.AbstractProblemLoader Loading environment from /home/runner/work/key/key/key.core/../key.ui/examples/heap/model_methods/Recell_Recell_footprint.key.proof 
194190     DEBUG main            d.u.i.k.p.i.AbstractProblemLoader Environment load took 128.5ns 
194192     INFO  main            d.u.i.k.p.i.AbstractProblemLoader Creating init config 
197327     DEBUG main            d.u.i.k.p.i.AbstractProblemLoader Init config took 3.13s 
197369     INFO  main            d.u.i.k.p.i.AbstractProblemLoader Replaying proof Recell[Recell::footprint()].JML model_behavior operation contract.0 
197373     DEBUG main            d.u.i.k.p.i.IntermediateProofReplayer Proof replay took 1.84ms 
197374     DEBUG main            d.u.i.k.p.r.p.TestFile    ... success: reloaded. 
197375     INFO  main            d.u.i.k.p.r.p.TestFile    Now processing file /home/runner/work/key/key/key.core/../key.ui/examples/heap/model_methods/Recell_Recell_post_set.key 
197375     INFO  main            d.u.i.k.p.i.AbstractProblemLoader Loading environment from /home/runner/work/key/key/key.core/../key.ui/examples/heap/model_methods/Recell_Recell_post_set.key 
197376     DEBUG main            d.u.i.k.p.i.AbstractProblemLoader Environment load took 239.5ns 
197377     INFO  main            d.u.i.k.p.i.AbstractProblemLoader Creating init config 
200510     DEBUG main            d.u.i.k.p.i.AbstractProblemLoader Init config took 3.13s 
200554     INFO  main            d.u.i.k.p.i.AbstractProblemLoader Replaying proof Recell[Recell::post_set(int)].JML model_behavior operation contract.0 
200555     DEBUG main            d.u.i.k.p.i.IntermediateProofReplayer Proof replay took 7.4ns 
200657     INFO  main            d.u.i.k.p.r.p.TestFile    ... finished proof: closed. 
201010     INFO  main            d.u.i.k.p.i.AbstractProblemLoader Loading environment from /home/runner/work/key/key/key.core/../key.ui/examples/heap/model_methods/Recell_Recell_post_set.key.proof 
201011     DEBUG main            d.u.i.k.p.i.AbstractProblemLoader Environment load took 109ns 
201012     INFO  main            d.u.i.k.p.i.AbstractProblemLoader Creating init config 
204155     DEBUG main            d.u.i.k.p.i.AbstractProblemLoader Init config took 3.14s 
204199     INFO  main            d.u.i.k.p.i.AbstractProblemLoader Replaying proof Recell[Recell::post_set(int)].JML model_behavior operation contract.0 
204204     DEBUG main            d.u.i.k.p.i.IntermediateProofReplayer Proof replay took 2.92ms 
204205     DEBUG main            d.u.i.k.p.r.p.TestFile    ... success: reloaded. 
204206     INFO  main            d.u.i.k.p.r.p.TestFile    Now processing file /home/runner/work/key/key/key.core/../key.ui/examples/heap/model_methods/Recell_set.key 
204207     INFO  main            d.u.i.k.p.i.AbstractProblemLoader Loading environment from /home/runner/work/key/key/key.core/../key.ui/examples/heap/model_methods/Recell_set.key 
204207     DEBUG main            d.u.i.k.p.i.AbstractProblemLoader Environment load took 129ns 
204208     INFO  main            d.u.i.k.p.i.AbstractProblemLoader Creating init config 
207433     DEBUG main            d.u.i.k.p.i.AbstractProblemLoader Init config took 3.22s 
207477     INFO  main            d.u.i.k.p.i.AbstractProblemLoader Replaying proof Recell[Cell::set(int)].JML operation contract.0 
207480     DEBUG main            d.u.i.k.p.i.IntermediateProofReplayer Proof replay took 7.3ns 
215145     INFO  main            d.u.i.k.p.r.p.TestFile    ... finished proof: closed. 
215561     INFO  main            d.u.i.k.p.i.AbstractProblemLoader Loading environment from /home/runner/work/key/key/key.core/../key.ui/examples/heap/model_methods/Recell_set.key.proof 
215561     DEBUG main            d.u.i.k.p.i.AbstractProblemLoader Environment load took 396.2ns 
215563     INFO  main            d.u.i.k.p.i.AbstractProblemLoader Creating init config 
218685     DEBUG main            d.u.i.k.p.i.AbstractProblemLoader Init config took 3.12s 
218729     INFO  main            d.u.i.k.p.i.AbstractProblemLoader Replaying proof Recell[Cell::set(int)].JML operation contract.0 
219217     DEBUG main            d.u.i.k.p.i.IntermediateProofReplayer Proof replay took 465.37ms 
219219     DEBUG main            d.u.i.k.p.r.p.TestFile    ... success: reloaded. 
219220     INFO  main            d.u.i.k.p.r.p.TestFile    Now processing file /home/runner/work/key/key/key.core/../key.ui/examples/heap/model_methods/Recell_undo.key 
219221     INFO  main            d.u.i.k.p.i.AbstractProblemLoader Loading environment from /home/runner/work/key/key/key.core/../key.ui/examples/heap/model_methods/Recell_undo.key 
219221     DEBUG main            d.u.i.k.p.i.AbstractProblemLoader Environment load took 213.3ns 
219222     INFO  main            d.u.i.k.p.i.AbstractProblemLoader Creating init config 
222387     DEBUG main            d.u.i.k.p.i.AbstractProblemLoader Init config took 3.17s 
222429     INFO  main            d.u.i.k.p.i.AbstractProblemLoader Replaying proof Recell[Recell::undo()].JML operation contract.0 
222431     DEBUG main            d.u.i.k.p.i.IntermediateProofReplayer Proof replay took 7ns 
222633     INFO  main            d.u.i.k.p.r.p.TestFile    ... finished proof: closed. 
223017     INFO  main            d.u.i.k.p.i.AbstractProblemLoader Loading environment from /home/runner/work/key/key/key.core/../key.ui/examples/heap/model_methods/Recell_undo.key.proof 
223017     DEBUG main            d.u.i.k.p.i.AbstractProblemLoader Environment load took 107.8ns 
223019     INFO  main            d.u.i.k.p.i.AbstractProblemLoader Creating init config 
226085     DEBUG main            d.u.i.k.p.i.AbstractProblemLoader Init config took 3.07s 
226129     INFO  main            d.u.i.k.p.i.AbstractProblemLoader Replaying proof Recell[Recell::undo()].JML operation contract.0 
226164     DEBUG main            d.u.i.k.p.i.IntermediateProofReplayer Proof replay took 32.33ms 
226165     DEBUG main            d.u.i.k.p.r.p.TestFile    ... success: reloaded. 
5220563    INFO  Test worker     d.u.i.k.p.r.p.StatisticsFile Returning from test modelMethods 
5220568    INFO  Test worker     d.u.i.k.p.r.p.StatisticsFile Running test permissionHeap 
431        INFO  Timeout watchdog d.u.i.k.p.r.p.ForkedTestFileRunner Timeout watcher launched (2000 secs.) 
446        WARN  main            d.u.i.k.s.ProofSettings   The settings in /home/runner/.key/proof-settings.props are *not* read. 
517        INFO  main            d.u.i.k.p.r.p.TestFile    Now processing file /home/runner/work/key/key/key.core/../key.ui/examples/heap/permissions/permissions_method0.key 
673        INFO  main            d.u.i.k.p.i.AbstractProblemLoader Loading environment from /home/runner/work/key/key/key.core/../key.ui/examples/heap/permissions/permissions_method0.key 
693        DEBUG main            d.u.i.k.p.i.AbstractProblemLoader Environment load took 2.5ms 
991        INFO  main            d.u.i.k.p.i.AbstractProblemLoader Creating init config 
2078       DEBUG main            d.u.i.k.j.TypeConverter   No LDT found for Meta 
2079       DEBUG main            d.u.i.k.j.TypeConverter   No LDT found for Meta 
2080       DEBUG main            d.u.i.k.j.TypeConverter   No LDT found for Meta 
2081       DEBUG main            d.u.i.k.j.TypeConverter   No LDT found for Meta 
3717       DEBUG main            d.u.i.k.j.TypeConverter   No LDT found for JavaBigintExpression 
10101      DEBUG main            d.u.i.k.p.i.AbstractProblemLoader Init config took 9.11s 
10265      INFO  main            d.u.i.k.p.i.AbstractProblemLoader Replaying proof MyClass[MyClass::method0()].JML normal_behavior operation contract.0 
10310      DEBUG main            d.u.i.k.p.i.IntermediateProofReplayer Proof replay took 34.7ns 
11343      INFO  main            d.u.i.k.p.r.p.TestFile    ... finished proof: closed. 
11487      INFO  main            d.u.i.k.p.i.AbstractProblemLoader Loading environment from /home/runner/work/key/key/key.core/../key.ui/examples/heap/permissions/permissions_method0.key.proof 
11488      DEBUG main            d.u.i.k.p.i.AbstractProblemLoader Environment load took 462.4ns 
11491      INFO  main            d.u.i.k.p.i.AbstractProblemLoader Creating init config 
15210      DEBUG main            d.u.i.k.p.i.AbstractProblemLoader Init config took 3.72s 
15352      INFO  main            d.u.i.k.p.i.AbstractProblemLoader Replaying proof MyClass[MyClass::method0()].JML normal_behavior operation contract.0 
15566      DEBUG main            d.u.i.k.p.i.IntermediateProofReplayer Proof replay took 204.78ms 
15575      DEBUG main            d.u.i.k.p.r.p.TestFile    ... success: reloaded. 
15577      INFO  main            d.u.i.k.p.r.p.TestFile    Now processing file /home/runner/work/key/key/key.core/../key.ui/examples/heap/permissions/permissions_method1.key 
15578      INFO  main            d.u.i.k.p.i.AbstractProblemLoader Loading environment from /home/runner/work/key/key/key.core/../key.ui/examples/heap/permissions/permissions_method1.key 
15578      DEBUG main            d.u.i.k.p.i.AbstractProblemLoader Environment load took 262.5ns 
15580      INFO  main            d.u.i.k.p.i.AbstractProblemLoader Creating init config 
19093      DEBUG main            d.u.i.k.p.i.AbstractProblemLoader Init config took 3.51s 
19172      INFO  main            d.u.i.k.p.i.AbstractProblemLoader Replaying proof MyClass[MyClass::method1()].JML normal_behavior operation contract.0 
19175      DEBUG main            d.u.i.k.p.i.IntermediateProofReplayer Proof replay took 5.9ns 
19682      INFO  main            d.u.i.k.p.r.p.TestFile    ... finished proof: closed. 
19833      INFO  main            d.u.i.k.p.i.AbstractProblemLoader Loading environment from /home/runner/work/key/key/key.core/../key.ui/examples/heap/permissions/permissions_method1.key.proof 
19833      DEBUG main            d.u.i.k.p.i.AbstractProblemLoader Environment load took 499.31ns 
19835      INFO  main            d.u.i.k.p.i.AbstractProblemLoader Creating init config 
23114      DEBUG main            d.u.i.k.p.i.AbstractProblemLoader Init config took 3.28s 
23180      INFO  main            d.u.i.k.p.i.AbstractProblemLoader Replaying proof MyClass[MyClass::method1()].JML normal_behavior operation contract.0 
23260      DEBUG main            d.u.i.k.p.i.IntermediateProofReplayer Proof replay took 76.35ms 
23262      DEBUG main            d.u.i.k.p.r.p.TestFile    ... success: reloaded. 
23264      INFO  main            d.u.i.k.p.r.p.TestFile    Now processing file /home/runner/work/key/key/key.core/../key.ui/examples/heap/permissions/permissions_method3.key 
23265      INFO  main            d.u.i.k.p.i.AbstractProblemLoader Loading environment from /home/runner/work/key/key/key.core/../key.ui/examples/heap/permissions/permissions_method3.key 
23265      DEBUG main            d.u.i.k.p.i.AbstractProblemLoader Environment load took 277.5ns 
23266      INFO  main            d.u.i.k.p.i.AbstractProblemLoader Creating init config 
26597      DEBUG main            d.u.i.k.p.i.AbstractProblemLoader Init config took 3.33s 
26678      INFO  main            d.u.i.k.p.i.AbstractProblemLoader Replaying proof MyClass[MyClass::method3()].JML normal_behavior operation contract.0 
26681      DEBUG main            d.u.i.k.p.i.IntermediateProofReplayer Proof replay took 6.4ns 
28589      INFO  main            d.u.i.k.p.r.p.TestFile    ... finished proof: closed. 
28801      INFO  main            d.u.i.k.p.i.AbstractProblemLoader Loading environment from /home/runner/work/key/key/key.core/../key.ui/examples/heap/permissions/permissions_method3.key.proof 
28802      DEBUG main            d.u.i.k.p.i.AbstractProblemLoader Environment load took 499.6ns 
28807      INFO  main            d.u.i.k.p.i.AbstractProblemLoader Creating init config 
32047      DEBUG main            d.u.i.k.p.i.AbstractProblemLoader Init config took 3.24s 
32109      INFO  main            d.u.i.k.p.i.AbstractProblemLoader Replaying proof MyClass[MyClass::method3()].JML normal_behavior operation contract.0 
32395      DEBUG main            d.u.i.k.p.i.IntermediateProofReplayer Proof replay took 276.62ms 
32396      DEBUG main            d.u.i.k.p.r.p.TestFile    ... success: reloaded. 
32398      INFO  main            d.u.i.k.p.r.p.TestFile    Now processing file /home/runner/work/key/key/key.core/../key.ui/examples/heap/permissions/permissions_setAB.key 
32399      INFO  main            d.u.i.k.p.i.AbstractProblemLoader Loading environment from /home/runner/work/key/key/key.core/../key.ui/examples/heap/permissions/permissions_setAB.key 
32399      DEBUG main            d.u.i.k.p.i.AbstractProblemLoader Environment load took 207.4ns 
32401      INFO  main            d.u.i.k.p.i.AbstractProblemLoader Creating init config 
35667      DEBUG main            d.u.i.k.p.i.AbstractProblemLoader Init config took 3.27s 
35759      INFO  main            d.u.i.k.p.i.AbstractProblemLoader Replaying proof MyClass[MyClass::setAB()].JML normal_behavior operation contract.0 
35764      DEBUG main            d.u.i.k.p.i.IntermediateProofReplayer Proof replay took 7.6ns 
38076      INFO  main            d.u.i.k.p.r.p.TestFile    ... finished proof: closed. 
38302      INFO  main            d.u.i.k.p.i.AbstractProblemLoader Loading environment from /home/runner/work/key/key/key.core/../key.ui/examples/heap/permissions/permissions_setAB.key.proof 
38304      DEBUG main            d.u.i.k.p.i.AbstractProblemLoader Environment load took 1.77ms 
38306      INFO  main            d.u.i.k.p.i.AbstractProblemLoader Creating init config 
41596      DEBUG main            d.u.i.k.p.i.AbstractProblemLoader Init config took 3.29s 
41656      INFO  main            d.u.i.k.p.i.AbstractProblemLoader Replaying proof MyClass[MyClass::setAB()].JML normal_behavior operation contract.0 
41882      DEBUG main            d.u.i.k.p.i.IntermediateProofReplayer Proof replay took 219.69ms 
41884      DEBUG main            d.u.i.k.p.r.p.TestFile    ... success: reloaded. 
41885      INFO  main            d.u.i.k.p.r.p.TestFile    Now processing file /home/runner/work/key/key/key.core/../key.ui/examples/heap/permissions/permissionProperties.key 
41886      INFO  main            d.u.i.k.p.i.AbstractProblemLoader Loading environment from /home/runner/work/key/key/key.core/../key.ui/examples/heap/permissions/permissionProperties.key 
41886      DEBUG main            d.u.i.k.p.i.AbstractProblemLoader Environment load took 215.4ns 
41888      INFO  main            d.u.i.k.p.i.AbstractProblemLoader Creating init config 
42082      DEBUG main            d.u.i.k.j.TypeConverter   No LDT found for Meta 
42083      DEBUG main            d.u.i.k.j.TypeConverter   No LDT found for Meta 
42084      DEBUG main            d.u.i.k.j.TypeConverter   No LDT found for Meta 
42084      DEBUG main            d.u.i.k.j.TypeConverter   No LDT found for Meta 
42996      DEBUG main            d.u.i.k.j.TypeConverter   No LDT found for JavaBigintExpression 
46301      DEBUG main            d.u.i.k.p.i.AbstractProblemLoader Init config took 4.41s 
46326      INFO  main            d.u.i.k.p.i.AbstractProblemLoader Replaying proof permissionProperties.key 
46329      DEBUG main            d.u.i.k.p.i.IntermediateProofReplayer Proof replay took 8.1ns 
46433      INFO  main            d.u.i.k.p.r.p.TestFile    ... finished proof: closed. 
46635      INFO  main            d.u.i.k.p.i.AbstractProblemLoader Loading environment from /home/runner/work/key/key/key.core/../key.ui/examples/heap/permissions/permissionProperties.key.proof 
46635      DEBUG main            d.u.i.k.p.i.AbstractProblemLoader Environment load took 480ns 
46637      INFO  main            d.u.i.k.p.i.AbstractProblemLoader Creating init config 
49625      DEBUG main            d.u.i.k.p.i.AbstractProblemLoader Init config took 2.99s 
49650      INFO  main            d.u.i.k.p.i.AbstractProblemLoader Replaying proof permissionProperties.key.proof 
49674      DEBUG main            d.u.i.k.p.i.IntermediateProofReplayer Proof replay took 21.38ms 
49676      DEBUG main            d.u.i.k.p.r.p.TestFile    ... success: reloaded. 
49677      INFO  main            d.u.i.k.p.r.p.TestFile    Now processing file /home/runner/work/key/key/key.core/../key.ui/examples/heap/permissions/threads/AFilter_AFilter.key 
49678      INFO  main            d.u.i.k.p.i.AbstractProblemLoader Loading environment from /home/runner/work/key/key/key.core/../key.ui/examples/heap/permissions/threads/AFilter_AFilter.key 
49678      DEBUG main            d.u.i.k.p.i.AbstractProblemLoader Environment load took 254.1ns 
49679      INFO  main            d.u.i.k.p.i.AbstractProblemLoader Creating init config 
49846      DEBUG main            d.u.i.k.j.TypeConverter   No LDT found for Meta 
49847      DEBUG main            d.u.i.k.j.TypeConverter   No LDT found for Meta 
49848      DEBUG main            d.u.i.k.j.TypeConverter   No LDT found for Meta 
49848      DEBUG main            d.u.i.k.j.TypeConverter   No LDT found for Meta 
50600      DEBUG main            d.u.i.k.j.TypeConverter   No LDT found for JavaBigintExpression 
57000      DEBUG main            d.u.i.k.p.i.AbstractProblemLoader Init config took 7.32s 
57139      INFO  main            d.u.i.k.p.i.AbstractProblemLoader Replaying proof AFilter[AFilter::AFilter(Sampler,Buffer)].JML normal_behavior operation contract.0 
57141      DEBUG main            d.u.i.k.p.i.IntermediateProofReplayer Proof replay took 13ns 
58447      INFO  main            d.u.i.k.p.r.p.TestFile    ... finished proof: closed. 
58829      INFO  main            d.u.i.k.p.i.AbstractProblemLoader Loading environment from /home/runner/work/key/key/key.core/../key.ui/examples/heap/permissions/threads/AFilter_AFilter.key.proof 
58829      DEBUG main            d.u.i.k.p.i.AbstractProblemLoader Environment load took 140.9ns 
58830      INFO  main            d.u.i.k.p.i.AbstractProblemLoader Creating init config 
64619      DEBUG main            d.u.i.k.p.i.AbstractProblemLoader Init config took 5.79s 
64740      INFO  main            d.u.i.k.p.i.AbstractProblemLoader Replaying proof AFilter[AFilter::AFilter(Sampler,Buffer)].JML normal_behavior operation contract.0 
64914      DEBUG main            d.u.i.k.p.i.IntermediateProofReplayer Proof replay took 167.39ms 
64916      DEBUG main            d.u.i.k.p.r.p.TestFile    ... success: reloaded. 
64917      INFO  main            d.u.i.k.p.r.p.TestFile    Now processing file /home/runner/work/key/key/key.core/../key.ui/examples/heap/permissions/threads/AFilter_initPost_accessible.key 
64918      INFO  main            d.u.i.k.p.i.AbstractProblemLoader Loading environment from /home/runner/work/key/key/key.core/../key.ui/examples/heap/permissions/threads/AFilter_initPost_accessible.key 
64918      DEBUG main            d.u.i.k.p.i.AbstractProblemLoader Environment load took 251.9ns 
64920      INFO  main            d.u.i.k.p.i.AbstractProblemLoader Creating init config 
70664      DEBUG main            d.u.i.k.p.i.AbstractProblemLoader Init config took 5.74s 
70786      INFO  main            d.u.i.k.p.i.AbstractProblemLoader Replaying proof AFilter[ThreadSpec2::initPost()].JML accessible clause.0 
70788      DEBUG main            d.u.i.k.p.i.IntermediateProofReplayer Proof replay took 7.9ns 
70891      INFO  main            d.u.i.k.p.r.p.TestFile    ... finished proof: closed. 
71149      INFO  main            d.u.i.k.p.i.AbstractProblemLoader Loading environment from /home/runner/work/key/key/key.core/../key.ui/examples/heap/permissions/threads/AFilter_initPost_accessible.key.proof 
71149      DEBUG main            d.u.i.k.p.i.AbstractProblemLoader Environment load took 134.3ns 
71151      INFO  main            d.u.i.k.p.i.AbstractProblemLoader Creating init config 
76855      DEBUG main            d.u.i.k.p.i.AbstractProblemLoader Init config took 5.7s 
76974      INFO  main            d.u.i.k.p.i.AbstractProblemLoader Replaying proof AFilter[ThreadSpec2::initPost()].JML accessible clause.0 
76992      DEBUG main            d.u.i.k.p.i.IntermediateProofReplayer Proof replay took 15ms 
76993      DEBUG main            d.u.i.k.p.r.p.TestFile    ... success: reloaded. 
76994      INFO  main            d.u.i.k.p.r.p.TestFile    Now processing file /home/runner/work/key/key/key.core/../key.ui/examples/heap/permissions/threads/AFilter_inv_accessible1.key 
76994      INFO  main            d.u.i.k.p.i.AbstractProblemLoader Loading environment from /home/runner/work/key/key/key.core/../key.ui/examples/heap/permissions/threads/AFilter_inv_accessible1.key 
76995      DEBUG main            d.u.i.k.p.i.AbstractProblemLoader Environment load took 123.3ns 
76996      INFO  main            d.u.i.k.p.i.AbstractProblemLoader Creating init config 
82639      DEBUG main            d.u.i.k.p.i.AbstractProblemLoader Init config took 5.64s 
82753      INFO  main            d.u.i.k.p.i.AbstractProblemLoader Replaying proof AFilter[java.lang.Object::<inv>()].JML accessible clause.0 
82755      DEBUG main            d.u.i.k.p.i.IntermediateProofReplayer Proof replay took 8ns 
82857      INFO  main            d.u.i.k.p.r.p.TestFile    ... finished proof: closed. 
83118      INFO  main            d.u.i.k.p.i.AbstractProblemLoader Loading environment from /home/runner/work/key/key/key.core/../key.ui/examples/heap/permissions/threads/AFilter_inv_accessible1.key.proof 
83118      DEBUG main            d.u.i.k.p.i.AbstractProblemLoader Environment load took 216.4ns 
83119      INFO  main            d.u.i.k.p.i.AbstractProblemLoader Creating init config 
88827      DEBUG main            d.u.i.k.p.i.AbstractProblemLoader Init config took 5.71s 
88944      INFO  main            d.u.i.k.p.i.AbstractProblemLoader Replaying proof AFilter[java.lang.Object::<inv>()].JML accessible clause.0 
88949      DEBUG main            d.u.i.k.p.i.IntermediateProofReplayer Proof replay took 2.69ms 
88950      DEBUG main            d.u.i.k.p.r.p.TestFile    ... success: reloaded. 
88952      INFO  main            d.u.i.k.p.r.p.TestFile    Now processing file /home/runner/work/key/key/key.core/../key.ui/examples/heap/permissions/threads/AFilter_inv_accessible2.key 
88952      INFO  main            d.u.i.k.p.i.AbstractProblemLoader Loading environment from /home/runner/work/key/key/key.core/../key.ui/examples/heap/permissions/threads/AFilter_inv_accessible2.key 
88952      DEBUG main            d.u.i.k.p.i.AbstractProblemLoader Environment load took 150.7ns 
88954      INFO  main            d.u.i.k.p.i.AbstractProblemLoader Creating init config 
94709      DEBUG main            d.u.i.k.p.i.AbstractProblemLoader Init config took 5.76s 
94824      INFO  main            d.u.i.k.p.i.AbstractProblemLoader Replaying proof AFilter[java.lang.Object::<inv>()].JML accessible clause.1 
94826      DEBUG main            d.u.i.k.p.i.IntermediateProofReplayer Proof replay took 7.6ns 
94928      INFO  main            d.u.i.k.p.r.p.TestFile    ... finished proof: closed. 
95209      INFO  main            d.u.i.k.p.i.AbstractProblemLoader Loading environment from /home/runner/work/key/key/key.core/../key.ui/examples/heap/permissions/threads/AFilter_inv_accessible2.key.proof 
95209      DEBUG main            d.u.i.k.p.i.AbstractProblemLoader Environment load took 145.1ns 
95210      INFO  main            d.u.i.k.p.i.AbstractProblemLoader Creating init config 
100982     DEBUG main            d.u.i.k.p.i.AbstractProblemLoader Init config took 5.77s 
101088     INFO  main            d.u.i.k.p.i.AbstractProblemLoader Replaying proof AFilter[java.lang.Object::<inv>()].JML accessible clause.1 
101092     DEBUG main            d.u.i.k.p.i.IntermediateProofReplayer Proof replay took 2.77ms 
101093     DEBUG main            d.u.i.k.p.r.p.TestFile    ... success: reloaded. 
101095     INFO  main            d.u.i.k.p.r.p.TestFile    Now processing file /home/runner/work/key/key/key.core/../key.ui/examples/heap/permissions/threads/AFilter_joinTransfer_accessible.key 
101095     INFO  main            d.u.i.k.p.i.AbstractProblemLoader Loading environment from /home/runner/work/key/key/key.core/../key.ui/examples/heap/permissions/threads/AFilter_joinTransfer_accessible.key 
101095     DEBUG main            d.u.i.k.p.i.AbstractProblemLoader Environment load took 104.4ns 
101097     INFO  main            d.u.i.k.p.i.AbstractProblemLoader Creating init config 
106832     DEBUG main            d.u.i.k.p.i.AbstractProblemLoader Init config took 5.74s 
106944     INFO  main            d.u.i.k.p.i.AbstractProblemLoader Replaying proof AFilter[ThreadSpec2::joinTransfer()].JML accessible clause.0 
106946     DEBUG main            d.u.i.k.p.i.IntermediateProofReplayer Proof replay took 8.9ns 
111156     INFO  main            d.u.i.k.p.r.p.TestFile    ... finished proof: closed. 
111478     INFO  main            d.u.i.k.p.i.AbstractProblemLoader Loading environment from /home/runner/work/key/key/key.core/../key.ui/examples/heap/permissions/threads/AFilter_joinTransfer_accessible.key.proof 
111483     DEBUG main            d.u.i.k.p.i.AbstractProblemLoader Environment load took 4.85ms 
111484     INFO  main            d.u.i.k.p.i.AbstractProblemLoader Creating init config 
117132     DEBUG main            d.u.i.k.p.i.AbstractProblemLoader Init config took 5.65s 
117270     INFO  main            d.u.i.k.p.i.AbstractProblemLoader Replaying proof AFilter[ThreadSpec2::joinTransfer()].JML accessible clause.0 
117641     DEBUG main            d.u.i.k.p.i.IntermediateProofReplayer Proof replay took 344.28ms 
117644     DEBUG main            d.u.i.k.p.r.p.TestFile    ... success: reloaded. 
117645     INFO  main            d.u.i.k.p.r.p.TestFile    Now processing file /home/runner/work/key/key/key.core/../key.ui/examples/heap/permissions/threads/AFilter_joinTransfer_contract.key 
117645     INFO  main            d.u.i.k.p.i.AbstractProblemLoader Loading environment from /home/runner/work/key/key/key.core/../key.ui/examples/heap/permissions/threads/AFilter_joinTransfer_contract.key 
117645     DEBUG main            d.u.i.k.p.i.AbstractProblemLoader Environment load took 79.5ns 
117646     INFO  main            d.u.i.k.p.i.AbstractProblemLoader Creating init config 
123376     DEBUG main            d.u.i.k.p.i.AbstractProblemLoader Init config took 5.73s 
123487     INFO  main            d.u.i.k.p.i.AbstractProblemLoader Replaying proof AFilter[ThreadSpec2::joinTransfer()].JML model_behavior operation contract.0 
123489     DEBUG main            d.u.i.k.p.i.IntermediateProofReplayer Proof replay took 8.4ns 
123591     INFO  main            d.u.i.k.p.r.p.TestFile    ... finished proof: closed. 
123887     INFO  main            d.u.i.k.p.i.AbstractProblemLoader Loading environment from /home/runner/work/key/key/key.core/../key.ui/examples/heap/permissions/threads/AFilter_joinTransfer_contract.key.proof 
123888     DEBUG main            d.u.i.k.p.i.AbstractProblemLoader Environment load took 156.3ns 
123889     INFO  main            d.u.i.k.p.i.AbstractProblemLoader Creating init config 
129697     DEBUG main            d.u.i.k.p.i.AbstractProblemLoader Init config took 5.81s 
129819     INFO  main            d.u.i.k.p.i.AbstractProblemLoader Replaying proof AFilter[ThreadSpec2::joinTransfer()].JML model_behavior operation contract.0 
129831     DEBUG main            d.u.i.k.p.i.IntermediateProofReplayer Proof replay took 9.34ms 
129832     DEBUG main            d.u.i.k.p.r.p.TestFile    ... success: reloaded. 
129834     INFO  main            d.u.i.k.p.r.p.TestFile    Now processing file /home/runner/work/key/key/key.core/../key.ui/examples/heap/permissions/threads/AFilter_postJoin_accessible.key 
129834     INFO  main            d.u.i.k.p.i.AbstractProblemLoader Loading environment from /home/runner/work/key/key/key.core/../key.ui/examples/heap/permissions/threads/AFilter_postJoin_accessible.key 
129835     DEBUG main            d.u.i.k.p.i.AbstractProblemLoader Environment load took 356.3ns 
129836     INFO  main            d.u.i.k.p.i.AbstractProblemLoader Creating init config 
135603     DEBUG main            d.u.i.k.p.i.AbstractProblemLoader Init config took 5.77s 
135722     INFO  main            d.u.i.k.p.i.AbstractProblemLoader Replaying proof AFilter[ThreadSpec2::postJoin(java.lang.Object)].JML accessible clause.0 
135731     DEBUG main            d.u.i.k.p.i.IntermediateProofReplayer Proof replay took 8.6ns 
135834     INFO  main            d.u.i.k.p.r.p.TestFile    ... finished proof: closed. 
136145     INFO  main            d.u.i.k.p.i.AbstractProblemLoader Loading environment from /home/runner/work/key/key/key.core/../key.ui/examples/heap/permissions/threads/AFilter_postJoin_accessible.key.proof 
136145     DEBUG main            d.u.i.k.p.i.AbstractProblemLoader Environment load took 132.2ns 
136149     INFO  main            d.u.i.k.p.i.AbstractProblemLoader Creating init config 
141813     DEBUG main            d.u.i.k.p.i.AbstractProblemLoader Init config took 5.66s 
141921     INFO  main            d.u.i.k.p.i.AbstractProblemLoader Replaying proof AFilter[ThreadSpec2::postJoin(java.lang.Object)].JML accessible clause.0 
141931     DEBUG main            d.u.i.k.p.i.IntermediateProofReplayer Proof replay took 7.88ms 
141932     DEBUG main            d.u.i.k.p.r.p.TestFile    ... success: reloaded. 
141933     INFO  main            d.u.i.k.p.r.p.TestFile    Now processing file /home/runner/work/key/key/key.core/../key.ui/examples/heap/permissions/threads/AFilter_preStart_accessible.key 
141934     INFO  main            d.u.i.k.p.i.AbstractProblemLoader Loading environment from /home/runner/work/key/key/key.core/../key.ui/examples/heap/permissions/threads/AFilter_preStart_accessible.key 
141934     DEBUG main            d.u.i.k.p.i.AbstractProblemLoader Environment load took 173.3ns 
141935     INFO  main            d.u.i.k.p.i.AbstractProblemLoader Creating init config 
147613     DEBUG main            d.u.i.k.p.i.AbstractProblemLoader Init config took 5.68s 
147721     INFO  main            d.u.i.k.p.i.AbstractProblemLoader Replaying proof AFilter[ThreadSpec2::preStart(java.lang.Object)].JML accessible clause.0 
147724     DEBUG main            d.u.i.k.p.i.IntermediateProofReplayer Proof replay took 19ns 
148128     INFO  main            d.u.i.k.p.r.p.TestFile    ... finished proof: closed. 
148524     INFO  main            d.u.i.k.p.i.AbstractProblemLoader Loading environment from /home/runner/work/key/key/key.core/../key.ui/examples/heap/permissions/threads/AFilter_preStart_accessible.key.proof 
148525     DEBUG main            d.u.i.k.p.i.AbstractProblemLoader Environment load took 515.3ns 
148526     INFO  main            d.u.i.k.p.i.AbstractProblemLoader Creating init config 
154100     DEBUG main            d.u.i.k.p.i.AbstractProblemLoader Init config took 5.57s 
154214     INFO  main            d.u.i.k.p.i.AbstractProblemLoader Replaying proof AFilter[ThreadSpec2::preStart(java.lang.Object)].JML accessible clause.0 
154249     DEBUG main            d.u.i.k.p.i.IntermediateProofReplayer Proof replay took 31.23ms 
154250     DEBUG main            d.u.i.k.p.r.p.TestFile    ... success: reloaded. 
154252     INFO  main            d.u.i.k.p.r.p.TestFile    Now processing file /home/runner/work/key/key/key.core/../key.ui/examples/heap/permissions/threads/AFilter_startTransfer_accessible.key 
154252     INFO  main            d.u.i.k.p.i.AbstractProblemLoader Loading environment from /home/runner/work/key/key/key.core/../key.ui/examples/heap/permissions/threads/AFilter_startTransfer_accessible.key 
154252     DEBUG main            d.u.i.k.p.i.AbstractProblemLoader Environment load took 143.7ns 
154253     INFO  main            d.u.i.k.p.i.AbstractProblemLoader Creating init config 
159927     DEBUG main            d.u.i.k.p.i.AbstractProblemLoader Init config took 5.67s 
160034     INFO  main            d.u.i.k.p.i.AbstractProblemLoader Replaying proof AFilter[ThreadSpec2::startTransfer()].JML accessible clause.0 
160036     DEBUG main            d.u.i.k.p.i.IntermediateProofReplayer Proof replay took 8.5ns 
167540     INFO  main            d.u.i.k.p.r.p.TestFile    ... finished proof: closed. 
167915     INFO  main            d.u.i.k.p.i.AbstractProblemLoader Loading environment from /home/runner/work/key/key/key.core/../key.ui/examples/heap/permissions/threads/AFilter_startTransfer_accessible.key.proof 
167915     DEBUG main            d.u.i.k.p.i.AbstractProblemLoader Environment load took 462.8ns 
167917     INFO  main            d.u.i.k.p.i.AbstractProblemLoader Creating init config 
173475     DEBUG main            d.u.i.k.p.i.AbstractProblemLoader Init config took 5.56s 
173606     INFO  main            d.u.i.k.p.i.AbstractProblemLoader Replaying proof AFilter[ThreadSpec2::startTransfer()].JML accessible clause.0 
174053     DEBUG main            d.u.i.k.p.i.IntermediateProofReplayer Proof replay took 430.64ms 
174054     DEBUG main            d.u.i.k.p.r.p.TestFile    ... success: reloaded. 
174056     INFO  main            d.u.i.k.p.r.p.TestFile    Now processing file /home/runner/work/key/key/key.core/../key.ui/examples/heap/permissions/threads/AFilter_startTransfer_contract.key 
174056     INFO  main            d.u.i.k.p.i.AbstractProblemLoader Loading environment from /home/runner/work/key/key/key.core/../key.ui/examples/heap/permissions/threads/AFilter_startTransfer_contract.key 
174056     DEBUG main            d.u.i.k.p.i.AbstractProblemLoader Environment load took 116.7ns 
174057     INFO  main            d.u.i.k.p.i.AbstractProblemLoader Creating init config 
179771     DEBUG main            d.u.i.k.p.i.AbstractProblemLoader Init config took 5.71s 
179881     INFO  main            d.u.i.k.p.i.AbstractProblemLoader Replaying proof AFilter[ThreadSpec2::startTransfer()].JML model_behavior operation contract.0 
179884     DEBUG main            d.u.i.k.p.i.IntermediateProofReplayer Proof replay took 7.6ns 
180388     INFO  main            d.u.i.k.p.r.p.TestFile    ... finished proof: closed. 
180712     INFO  main            d.u.i.k.p.i.AbstractProblemLoader Loading environment from /home/runner/work/key/key/key.core/../key.ui/examples/heap/permissions/threads/AFilter_startTransfer_contract.key.proof 
180713     DEBUG main            d.u.i.k.p.i.AbstractProblemLoader Environment load took 1.49ms 
180715     INFO  main            d.u.i.k.p.i.AbstractProblemLoader Creating init config 
186384     DEBUG main            d.u.i.k.p.i.AbstractProblemLoader Init config took 5.67s 
186488     INFO  main            d.u.i.k.p.i.AbstractProblemLoader Replaying proof AFilter[ThreadSpec2::startTransfer()].JML model_behavior operation contract.0 
186551     DEBUG main            d.u.i.k.p.i.IntermediateProofReplayer Proof replay took 57.95ms 
186552     DEBUG main            d.u.i.k.p.r.p.TestFile    ... success: reloaded. 
186554     INFO  main            d.u.i.k.p.r.p.TestFile    Now processing file /home/runner/work/key/key/key.core/../key.ui/examples/heap/permissions/threads/AFilter_stateInv_accessible.key 
186554     INFO  main            d.u.i.k.p.i.AbstractProblemLoader Loading environment from /home/runner/work/key/key/key.core/../key.ui/examples/heap/permissions/threads/AFilter_stateInv_accessible.key 
186554     DEBUG main            d.u.i.k.p.i.AbstractProblemLoader Environment load took 242.7ns 
186556     INFO  main            d.u.i.k.p.i.AbstractProblemLoader Creating init config 
192214     DEBUG main            d.u.i.k.p.i.AbstractProblemLoader Init config took 5.66s 
192344     INFO  main            d.u.i.k.p.i.AbstractProblemLoader Replaying proof AFilter[ThreadSpec2::stateInv()].JML accessible clause.0 
192347     DEBUG main            d.u.i.k.p.i.IntermediateProofReplayer Proof replay took 8.7ns 
192750     INFO  main            d.u.i.k.p.r.p.TestFile    ... finished proof: closed. 
193098     INFO  main            d.u.i.k.p.i.AbstractProblemLoader Loading environment from /home/runner/work/key/key/key.core/../key.ui/examples/heap/permissions/threads/AFilter_stateInv_accessible.key.proof 
193098     DEBUG main            d.u.i.k.p.i.AbstractProblemLoader Environment load took 429.5ns 
193099     INFO  main            d.u.i.k.p.i.AbstractProblemLoader Creating init config 
198708     DEBUG main            d.u.i.k.p.i.AbstractProblemLoader Init config took 5.61s 
198812     INFO  main            d.u.i.k.p.i.AbstractProblemLoader Replaying proof AFilter[ThreadSpec2::stateInv()].JML accessible clause.0 
198856     DEBUG main            d.u.i.k.p.i.IntermediateProofReplayer Proof replay took 39.75ms 
198858     DEBUG main            d.u.i.k.p.r.p.TestFile    ... success: reloaded. 
198860     INFO  main            d.u.i.k.p.r.p.TestFile    Now processing file /home/runner/work/key/key/key.core/../key.ui/examples/heap/permissions/threads/AFilter_staticPermissions_accessible.key 
198860     INFO  main            d.u.i.k.p.i.AbstractProblemLoader Loading environment from /home/runner/work/key/key/key.core/../key.ui/examples/heap/permissions/threads/AFilter_staticPermissions_accessible.key 
198860     DEBUG main            d.u.i.k.p.i.AbstractProblemLoader Environment load took 109.1ns 
198862     INFO  main            d.u.i.k.p.i.AbstractProblemLoader Creating init config 
204451     DEBUG main            d.u.i.k.p.i.AbstractProblemLoader Init config took 5.59s 
204559     INFO  main            d.u.i.k.p.i.AbstractProblemLoader Replaying proof AFilter[ThreadSpec2::staticPermissions()].JML accessible clause.0 
204561     DEBUG main            d.u.i.k.p.i.IntermediateProofReplayer Proof replay took 8.2ns 
204664     INFO  main            d.u.i.k.p.r.p.TestFile    ... finished proof: closed. 
205007     INFO  main            d.u.i.k.p.i.AbstractProblemLoader Loading environment from /home/runner/work/key/key/key.core/../key.ui/examples/heap/permissions/threads/AFilter_staticPermissions_accessible.key.proof 
205007     DEBUG main            d.u.i.k.p.i.AbstractProblemLoader Environment load took 136.9ns 
205009     INFO  main            d.u.i.k.p.i.AbstractProblemLoader Creating init config 
210607     DEBUG main            d.u.i.k.p.i.AbstractProblemLoader Init config took 5.6s 
210713     INFO  main            d.u.i.k.p.i.AbstractProblemLoader Replaying proof AFilter[ThreadSpec2::staticPermissions()].JML accessible clause.0 
210725     DEBUG main            d.u.i.k.p.i.IntermediateProofReplayer Proof replay took 9.82ms 
210726     DEBUG main            d.u.i.k.p.r.p.TestFile    ... success: reloaded. 
210728     INFO  main            d.u.i.k.p.r.p.TestFile    Now processing file /home/runner/work/key/key/key.core/../key.ui/examples/heap/permissions/threads/AFilter_workingPermissions_accessible.key 
210728     INFO  main            d.u.i.k.p.i.AbstractProblemLoader Loading environment from /home/runner/work/key/key/key.core/../key.ui/examples/heap/permissions/threads/AFilter_workingPermissions_accessible.key 
210728     DEBUG main            d.u.i.k.p.i.AbstractProblemLoader Environment load took 117.7ns 
210729     INFO  main            d.u.i.k.p.i.AbstractProblemLoader Creating init config 
216349     DEBUG main            d.u.i.k.p.i.AbstractProblemLoader Init config took 5.62s 
216455     INFO  main            d.u.i.k.p.i.AbstractProblemLoader Replaying proof AFilter[ThreadSpec2::workingPermissions()].JML accessible clause.0 
216457     DEBUG main            d.u.i.k.p.i.IntermediateProofReplayer Proof replay took 7.9ns 
216560     INFO  main            d.u.i.k.p.r.p.TestFile    ... finished proof: closed. 
216935     INFO  main            d.u.i.k.p.i.AbstractProblemLoader Loading environment from /home/runner/work/key/key/key.core/../key.ui/examples/heap/permissions/threads/AFilter_workingPermissions_accessible.key.proof 
216935     DEBUG main            d.u.i.k.p.i.AbstractProblemLoader Environment load took 461.81ns 
216936     INFO  main            d.u.i.k.p.i.AbstractProblemLoader Creating init config 
222469     DEBUG main            d.u.i.k.p.i.AbstractProblemLoader Init config took 5.53s 
222572     INFO  main            d.u.i.k.p.i.AbstractProblemLoader Replaying proof AFilter[ThreadSpec2::workingPermissions()].JML accessible clause.0 
222584     DEBUG main            d.u.i.k.p.i.IntermediateProofReplayer Proof replay took 9.26ms 
222585     DEBUG main            d.u.i.k.p.r.p.TestFile    ... success: reloaded. 
222587     INFO  main            d.u.i.k.p.r.p.TestFile    Now processing file /home/runner/work/key/key/key.core/../key.ui/examples/heap/permissions/threads/BFilter_BFilter.key 
222587     INFO  main            d.u.i.k.p.i.AbstractProblemLoader Loading environment from /home/runner/work/key/key/key.core/../key.ui/examples/heap/permissions/threads/BFilter_BFilter.key 
222587     DEBUG main            d.u.i.k.p.i.AbstractProblemLoader Environment load took 213ns 
222589     INFO  main            d.u.i.k.p.i.AbstractProblemLoader Creating init config 
228274     DEBUG main            d.u.i.k.p.i.AbstractProblemLoader Init config took 5.69s 
228393     INFO  main            d.u.i.k.p.i.AbstractProblemLoader Replaying proof BFilter[BFilter::BFilter(Sampler,Buffer)].JML normal_behavior operation contract.0 
228396     DEBUG main            d.u.i.k.p.i.IntermediateProofReplayer Proof replay took 8.1ns 
229608     INFO  main            d.u.i.k.p.r.p.TestFile    ... finished proof: closed. 
230049     INFO  main            d.u.i.k.p.i.AbstractProblemLoader Loading environment from /home/runner/work/key/key/key.core/../key.ui/examples/heap/permissions/threads/BFilter_BFilter.key.proof 
230049     DEBUG main            d.u.i.k.p.i.AbstractProblemLoader Environment load took 539.11ns 
230050     INFO  main            d.u.i.k.p.i.AbstractProblemLoader Creating init config 
235502     DEBUG main            d.u.i.k.p.i.AbstractProblemLoader Init config took 5.45s 
235602     INFO  main            d.u.i.k.p.i.AbstractProblemLoader Replaying proof BFilter[BFilter::BFilter(Sampler,Buffer)].JML normal_behavior operation contract.0 
235742     DEBUG main            d.u.i.k.p.i.IntermediateProofReplayer Proof replay took 134.74ms 
235743     DEBUG main            d.u.i.k.p.r.p.TestFile    ... success: reloaded. 
235744     INFO  main            d.u.i.k.p.r.p.TestFile    Now processing file /home/runner/work/key/key/key.core/../key.ui/examples/heap/permissions/threads/BFilter_initPost_accessible.key 
235744     INFO  main            d.u.i.k.p.i.AbstractProblemLoader Loading environment from /home/runner/work/key/key/key.core/../key.ui/examples/heap/permissions/threads/BFilter_initPost_accessible.key 
235745     DEBUG main            d.u.i.k.p.i.AbstractProblemLoader Environment load took 225ns 
235747     INFO  main            d.u.i.k.p.i.AbstractProblemLoader Creating init config 
241314     DEBUG main            d.u.i.k.p.i.AbstractProblemLoader Init config took 5.57s 
241443     INFO  main            d.u.i.k.p.i.AbstractProblemLoader Replaying proof BFilter[ThreadSpec2::initPost()].JML accessible clause.0 
241446     DEBUG main            d.u.i.k.p.i.IntermediateProofReplayer Proof replay took 9ns 
241549     INFO  main            d.u.i.k.p.r.p.TestFile    ... finished proof: closed. 
241892     INFO  main            d.u.i.k.p.i.AbstractProblemLoader Loading environment from /home/runner/work/key/key/key.core/../key.ui/examples/heap/permissions/threads/BFilter_initPost_accessible.key.proof 
241893     DEBUG main            d.u.i.k.p.i.AbstractProblemLoader Environment load took 117.4ns 
241895     INFO  main            d.u.i.k.p.i.AbstractProblemLoader Creating init config 
247438     DEBUG main            d.u.i.k.p.i.AbstractProblemLoader Init config took 5.54s 
247555     INFO  main            d.u.i.k.p.i.AbstractProblemLoader Replaying proof BFilter[ThreadSpec2::initPost()].JML accessible clause.0 
247568     DEBUG main            d.u.i.k.p.i.IntermediateProofReplayer Proof replay took 10.56ms 
247569     DEBUG main            d.u.i.k.p.r.p.TestFile    ... success: reloaded. 
247570     INFO  main            d.u.i.k.p.r.p.TestFile    Now processing file /home/runner/work/key/key/key.core/../key.ui/examples/heap/permissions/threads/BFilter_inv_accessible1.key 
247570     INFO  main            d.u.i.k.p.i.AbstractProblemLoader Loading environment from /home/runner/work/key/key/key.core/../key.ui/examples/heap/permissions/threads/BFilter_inv_accessible1.key 
247570     DEBUG main            d.u.i.k.p.i.AbstractProblemLoader Environment load took 127.9ns 
247571     INFO  main            d.u.i.k.p.i.AbstractProblemLoader Creating init config 
253152     DEBUG main            d.u.i.k.p.i.AbstractProblemLoader Init config took 5.58s 
253257     INFO  main            d.u.i.k.p.i.AbstractProblemLoader Replaying proof BFilter[java.lang.Object::<inv>()].JML accessible clause.0 
253259     DEBUG main            d.u.i.k.p.i.IntermediateProofReplayer Proof replay took 7.8ns 
253363     INFO  main            d.u.i.k.p.r.p.TestFile    ... finished proof: closed. 
253727     INFO  main            d.u.i.k.p.i.AbstractProblemLoader Loading environment from /home/runner/work/key/key/key.core/../key.ui/examples/heap/permissions/threads/BFilter_inv_accessible1.key.proof 
253727     DEBUG main            d.u.i.k.p.i.AbstractProblemLoader Environment load took 154.6ns 
253729     INFO  main            d.u.i.k.p.i.AbstractProblemLoader Creating init config 
259349     DEBUG main            d.u.i.k.p.i.AbstractProblemLoader Init config took 5.62s 
259459     INFO  main            d.u.i.k.p.i.AbstractProblemLoader Replaying proof BFilter[java.lang.Object::<inv>()].JML accessible clause.0 
259463     DEBUG main            d.u.i.k.p.i.IntermediateProofReplayer Proof replay took 1.78ms 
259464     DEBUG main            d.u.i.k.p.r.p.TestFile    ... success: reloaded. 
259465     INFO  main            d.u.i.k.p.r.p.TestFile    Now processing file /home/runner/work/key/key/key.core/../key.ui/examples/heap/permissions/threads/BFilter_inv_accessible2.key 
259467     INFO  main            d.u.i.k.p.i.AbstractProblemLoader Loading environment from /home/runner/work/key/key/key.core/../key.ui/examples/heap/permissions/threads/BFilter_inv_accessible2.key 
259467     DEBUG main            d.u.i.k.p.i.AbstractProblemLoader Environment load took 238.2ns 
259468     INFO  main            d.u.i.k.p.i.AbstractProblemLoader Creating init config 
265022     DEBUG main            d.u.i.k.p.i.AbstractProblemLoader Init config took 5.55s 
265146     INFO  main            d.u.i.k.p.i.AbstractProblemLoader Replaying proof BFilter[java.lang.Object::<inv>()].JML accessible clause.1 
265154     DEBUG main            d.u.i.k.p.i.IntermediateProofReplayer Proof replay took 7.9ns 
265259     INFO  main            d.u.i.k.p.r.p.TestFile    ... finished proof: closed. 
265641     INFO  main            d.u.i.k.p.i.AbstractProblemLoader Loading environment from /home/runner/work/key/key/key.core/../key.ui/examples/heap/permissions/threads/BFilter_inv_accessible2.key.proof 
265641     DEBUG main            d.u.i.k.p.i.AbstractProblemLoader Environment load took 183.7ns 
265642     INFO  main            d.u.i.k.p.i.AbstractProblemLoader Creating init config 
271212     DEBUG main            d.u.i.k.p.i.AbstractProblemLoader Init config took 5.57s 
271320     INFO  main            d.u.i.k.p.i.AbstractProblemLoader Replaying proof BFilter[java.lang.Object::<inv>()].JML accessible clause.1 
271324     DEBUG main            d.u.i.k.p.i.IntermediateProofReplayer Proof replay took 1.8ms 
271325     DEBUG main            d.u.i.k.p.r.p.TestFile    ... success: reloaded. 
271327     INFO  main            d.u.i.k.p.r.p.TestFile    Now processing file /home/runner/work/key/key/key.core/../key.ui/examples/heap/permissions/threads/BFilter_joinTransfer_accessible.key 
271327     INFO  main            d.u.i.k.p.i.AbstractProblemLoader Loading environment from /home/runner/work/key/key/key.core/../key.ui/examples/heap/permissions/threads/BFilter_joinTransfer_accessible.key 
271327     DEBUG main            d.u.i.k.p.i.AbstractProblemLoader Environment load took 103.8ns 
271328     INFO  main            d.u.i.k.p.i.AbstractProblemLoader Creating init config 
276880     DEBUG main            d.u.i.k.p.i.AbstractProblemLoader Init config took 5.55s 
276980     INFO  main            d.u.i.k.p.i.AbstractProblemLoader Replaying proof BFilter[ThreadSpec2::joinTransfer()].JML accessible clause.0 
276982     DEBUG main            d.u.i.k.p.i.IntermediateProofReplayer Proof replay took 6.7ns 
280891     INFO  main            d.u.i.k.p.r.p.TestFile    ... finished proof: closed. 
281292     INFO  main            d.u.i.k.p.i.AbstractProblemLoader Loading environment from /home/runner/work/key/key/key.core/../key.ui/examples/heap/permissions/threads/BFilter_joinTransfer_accessible.key.proof 
281293     DEBUG main            d.u.i.k.p.i.AbstractProblemLoader Environment load took 548.8ns 
281296     INFO  main            d.u.i.k.p.i.AbstractProblemLoader Creating init config 
286857     DEBUG main            d.u.i.k.p.i.AbstractProblemLoader Init config took 5.56s 
286965     INFO  main            d.u.i.k.p.i.AbstractProblemLoader Replaying proof BFilter[ThreadSpec2::joinTransfer()].JML accessible clause.0 
287269     DEBUG main            d.u.i.k.p.i.IntermediateProofReplayer Proof replay took 290.96ms 
287271     DEBUG main            d.u.i.k.p.r.p.TestFile    ... success: reloaded. 
287273     INFO  main            d.u.i.k.p.r.p.TestFile    Now processing file /home/runner/work/key/key/key.core/../key.ui/examples/heap/permissions/threads/BFilter_joinTransfer_contract.key 
287273     INFO  main            d.u.i.k.p.i.AbstractProblemLoader Loading environment from /home/runner/work/key/key/key.core/../key.ui/examples/heap/permissions/threads/BFilter_joinTransfer_contract.key 
287273     DEBUG main            d.u.i.k.p.i.AbstractProblemLoader Environment load took 177.1ns 
287274     INFO  main            d.u.i.k.p.i.AbstractProblemLoader Creating init config 
292942     DEBUG main            d.u.i.k.p.i.AbstractProblemLoader Init config took 5.67s 
293072     INFO  main            d.u.i.k.p.i.AbstractProblemLoader Replaying proof BFilter[ThreadSpec2::joinTransfer()].JML model_behavior operation contract.0 
293074     DEBUG main            d.u.i.k.p.i.IntermediateProofReplayer Proof replay took 8.3ns 
293176     INFO  main            d.u.i.k.p.r.p.TestFile    ... finished proof: closed. 
293716     INFO  main            d.u.i.k.p.i.AbstractProblemLoader Loading environment from /home/runner/work/key/key/key.core/../key.ui/examples/heap/permissions/threads/BFilter_joinTransfer_contract.key.proof 
293716     DEBUG main            d.u.i.k.p.i.AbstractProblemLoader Environment load took 135.5ns 
293718     INFO  main            d.u.i.k.p.i.AbstractProblemLoader Creating init config 
299268     DEBUG main            d.u.i.k.p.i.AbstractProblemLoader Init config took 5.55s 
299376     INFO  main            d.u.i.k.p.i.AbstractProblemLoader Replaying proof BFilter[ThreadSpec2::joinTransfer()].JML model_behavior operation contract.0 
299389     DEBUG main            d.u.i.k.p.i.IntermediateProofReplayer Proof replay took 10.23ms 
299390     DEBUG main            d.u.i.k.p.r.p.TestFile    ... success: reloaded. 
299391     INFO  main            d.u.i.k.p.r.p.TestFile    Now processing file /home/runner/work/key/key/key.core/../key.ui/examples/heap/permissions/threads/BFilter_postJoin_accessible.key 
299391     INFO  main            d.u.i.k.p.i.AbstractProblemLoader Loading environment from /home/runner/work/key/key/key.core/../key.ui/examples/heap/permissions/threads/BFilter_postJoin_accessible.key 
299391     DEBUG main            d.u.i.k.p.i.AbstractProblemLoader Environment load took 103.7ns 
299392     INFO  main            d.u.i.k.p.i.AbstractProblemLoader Creating init config 
304946     DEBUG main            d.u.i.k.p.i.AbstractProblemLoader Init config took 5.55s 
305080     INFO  main            d.u.i.k.p.i.AbstractProblemLoader Replaying proof BFilter[ThreadSpec2::postJoin(java.lang.Object)].JML accessible clause.0 
305082     DEBUG main            d.u.i.k.p.i.IntermediateProofReplayer Proof replay took 8.2ns 
305184     INFO  main            d.u.i.k.p.r.p.TestFile    ... finished proof: closed. 
305604     INFO  main            d.u.i.k.p.i.AbstractProblemLoader Loading environment from /home/runner/work/key/key/key.core/../key.ui/examples/heap/permissions/threads/BFilter_postJoin_accessible.key.proof 
305605     DEBUG main            d.u.i.k.p.i.AbstractProblemLoader Environment load took 112.3ns 
305606     INFO  main            d.u.i.k.p.i.AbstractProblemLoader Creating init config 
311200     DEBUG main            d.u.i.k.p.i.AbstractProblemLoader Init config took 5.59s 
311303     INFO  main            d.u.i.k.p.i.AbstractProblemLoader Replaying proof BFilter[ThreadSpec2::postJoin(java.lang.Object)].JML accessible clause.0 
311312     DEBUG main            d.u.i.k.p.i.IntermediateProofReplayer Proof replay took 6.09ms 
311313     DEBUG main            d.u.i.k.p.r.p.TestFile    ... success: reloaded. 
311315     INFO  main            d.u.i.k.p.r.p.TestFile    Now processing file /home/runner/work/key/key/key.core/../key.ui/examples/heap/permissions/threads/BFilter_preStart_accessible.key 
311315     INFO  main            d.u.i.k.p.i.AbstractProblemLoader Loading environment from /home/runner/work/key/key/key.core/../key.ui/examples/heap/permissions/threads/BFilter_preStart_accessible.key 
311315     DEBUG main            d.u.i.k.p.i.AbstractProblemLoader Environment load took 163.8ns 
311318     INFO  main            d.u.i.k.p.i.AbstractProblemLoader Creating init config 
317097     DEBUG main            d.u.i.k.p.i.AbstractProblemLoader Init config took 5.78s 
317202     INFO  main            d.u.i.k.p.i.AbstractProblemLoader Replaying proof BFilter[ThreadSpec2::preStart(java.lang.Object)].JML accessible clause.0 
317204     DEBUG main            d.u.i.k.p.i.IntermediateProofReplayer Proof replay took 7.9ns 
317507     INFO  main            d.u.i.k.p.r.p.TestFile    ... finished proof: closed. 
317980     INFO  main            d.u.i.k.p.i.AbstractProblemLoader Loading environment from /home/runner/work/key/key/key.core/../key.ui/examples/heap/permissions/threads/BFilter_preStart_accessible.key.proof 
317980     DEBUG main            d.u.i.k.p.i.AbstractProblemLoader Environment load took 118.7ns 
317981     INFO  main            d.u.i.k.p.i.AbstractProblemLoader Creating init config 
323638     DEBUG main            d.u.i.k.p.i.AbstractProblemLoader Init config took 5.66s 
323737     INFO  main            d.u.i.k.p.i.AbstractProblemLoader Replaying proof BFilter[ThreadSpec2::preStart(java.lang.Object)].JML accessible clause.0 
323767     DEBUG main            d.u.i.k.p.i.IntermediateProofReplayer Proof replay took 26.64ms 
323768     DEBUG main            d.u.i.k.p.r.p.TestFile    ... success: reloaded. 
323769     INFO  main            d.u.i.k.p.r.p.TestFile    Now processing file /home/runner/work/key/key/key.core/../key.ui/examples/heap/permissions/threads/BFilter_startTransfer_accessible.key 
323770     INFO  main            d.u.i.k.p.i.AbstractProblemLoader Loading environment from /home/runner/work/key/key/key.core/../key.ui/examples/heap/permissions/threads/BFilter_startTransfer_accessible.key 
323770     DEBUG main            d.u.i.k.p.i.AbstractProblemLoader Environment load took 134.2ns 
323771     INFO  main            d.u.i.k.p.i.AbstractProblemLoader Creating init config 
329503     DEBUG main            d.u.i.k.p.i.AbstractProblemLoader Init config took 5.73s 
329605     INFO  main            d.u.i.k.p.i.AbstractProblemLoader Replaying proof BFilter[ThreadSpec2::startTransfer()].JML accessible clause.0 
329607     DEBUG main            d.u.i.k.p.i.IntermediateProofReplayer Proof replay took 7.5ns 
336712     INFO  main            d.u.i.k.p.r.p.TestFile    ... finished proof: closed. 
337180     INFO  main            d.u.i.k.p.i.AbstractProblemLoader Loading environment from /home/runner/work/key/key/key.core/../key.ui/examples/heap/permissions/threads/BFilter_startTransfer_accessible.key.proof 
337181     DEBUG main            d.u.i.k.p.i.AbstractProblemLoader Environment load took 224ns 
337183     INFO  main            d.u.i.k.p.i.AbstractProblemLoader Creating init config 
342694     DEBUG main            d.u.i.k.p.i.AbstractProblemLoader Init config took 5.51s 
342799     INFO  main            d.u.i.k.p.i.AbstractProblemLoader Replaying proof BFilter[ThreadSpec2::startTransfer()].JML accessible clause.0 
343240     DEBUG main            d.u.i.k.p.i.IntermediateProofReplayer Proof replay took 429.43ms 
343242     DEBUG main            d.u.i.k.p.r.p.TestFile    ... success: reloaded. 
343244     INFO  main            d.u.i.k.p.r.p.TestFile    Now processing file /home/runner/work/key/key/key.core/../key.ui/examples/heap/permissions/threads/BFilter_startTransfer_contract.key 
343244     INFO  main            d.u.i.k.p.i.AbstractProblemLoader Loading environment from /home/runner/work/key/key/key.core/../key.ui/examples/heap/permissions/threads/BFilter_startTransfer_contract.key 
343245     DEBUG main            d.u.i.k.p.i.AbstractProblemLoader Environment load took 220.6ns 
343246     INFO  main            d.u.i.k.p.i.AbstractProblemLoader Creating init config 
348828     DEBUG main            d.u.i.k.p.i.AbstractProblemLoader Init config took 5.58s 
348933     INFO  main            d.u.i.k.p.i.AbstractProblemLoader Replaying proof BFilter[ThreadSpec2::startTransfer()].JML model_behavior operation contract.0 
348935     DEBUG main            d.u.i.k.p.i.IntermediateProofReplayer Proof replay took 24.7ns 
350348     INFO  main            d.u.i.k.p.r.p.TestFile    ... finished proof: closed. 
350763     INFO  main            d.u.i.k.p.i.AbstractProblemLoader Loading environment from /home/runner/work/key/key/key.core/../key.ui/examples/heap/permissions/threads/BFilter_startTransfer_contract.key.proof 
350763     DEBUG main            d.u.i.k.p.i.AbstractProblemLoader Environment load took 109.9ns 
350764     INFO  main            d.u.i.k.p.i.AbstractProblemLoader Creating init config 
356208     DEBUG main            d.u.i.k.p.i.AbstractProblemLoader Init config took 5.44s 
356310     INFO  main            d.u.i.k.p.i.AbstractProblemLoader Replaying proof BFilter[ThreadSpec2::startTransfer()].JML model_behavior operation contract.0 
356437     DEBUG main            d.u.i.k.p.i.IntermediateProofReplayer Proof replay took 120.51ms 
356439     DEBUG main            d.u.i.k.p.r.p.TestFile    ... success: reloaded. 
356440     INFO  main            d.u.i.k.p.r.p.TestFile    Now processing file /home/runner/work/key/key/key.core/../key.ui/examples/heap/permissions/threads/BFilter_stateInv_accessible.key 
356440     INFO  main            d.u.i.k.p.i.AbstractProblemLoader Loading environment from /home/runner/work/key/key/key.core/../key.ui/examples/heap/permissions/threads/BFilter_stateInv_accessible.key 
356440     DEBUG main            d.u.i.k.p.i.AbstractProblemLoader Environment load took 97.4ns 
356442     INFO  main            d.u.i.k.p.i.AbstractProblemLoader Creating init config 
362001     DEBUG main            d.u.i.k.p.i.AbstractProblemLoader Init config took 5.56s 
362110     INFO  main            d.u.i.k.p.i.AbstractProblemLoader Replaying proof BFilter[ThreadSpec2::stateInv()].JML accessible clause.0 
362112     DEBUG main            d.u.i.k.p.i.IntermediateProofReplayer Proof replay took 7.4ns 
362515     INFO  main            d.u.i.k.p.r.p.TestFile    ... finished proof: closed. 
363015     INFO  main            d.u.i.k.p.i.AbstractProblemLoader Loading environment from /home/runner/work/key/key/key.core/../key.ui/examples/heap/permissions/threads/BFilter_stateInv_accessible.key.proof 
363016     DEBUG main            d.u.i.k.p.i.AbstractProblemLoader Environment load took 363.2ns 
363017     INFO  main            d.u.i.k.p.i.AbstractProblemLoader Creating init config 
368468     DEBUG main            d.u.i.k.p.i.AbstractProblemLoader Init config took 5.45s 
368571     INFO  main            d.u.i.k.p.i.AbstractProblemLoader Replaying proof BFilter[ThreadSpec2::stateInv()].JML accessible clause.0 
368606     DEBUG main            d.u.i.k.p.i.IntermediateProofReplayer Proof replay took 31.79ms 
368607     DEBUG main            d.u.i.k.p.r.p.TestFile    ... success: reloaded. 
368608     INFO  main            d.u.i.k.p.r.p.TestFile    Now processing file /home/runner/work/key/key/key.core/../key.ui/examples/heap/permissions/threads/BFilter_staticPermissions_accessible.key 
368608     INFO  main            d.u.i.k.p.i.AbstractProblemLoader Loading environment from /home/runner/work/key/key/key.core/../key.ui/examples/heap/permissions/threads/BFilter_staticPermissions_accessible.key 
368608     DEBUG main            d.u.i.k.p.i.AbstractProblemLoader Environment load took 102.4ns 
368609     INFO  main            d.u.i.k.p.i.AbstractProblemLoader Creating init config 
374179     DEBUG main            d.u.i.k.p.i.AbstractProblemLoader Init config took 5.57s 
374284     INFO  main            d.u.i.k.p.i.AbstractProblemLoader Replaying proof BFilter[ThreadSpec2::staticPermissions()].JML accessible clause.0 
374286     DEBUG main            d.u.i.k.p.i.IntermediateProofReplayer Proof replay took 8.8ns 
374389     INFO  main            d.u.i.k.p.r.p.TestFile    ... finished proof: closed. 
374840     INFO  main            d.u.i.k.p.i.AbstractProblemLoader Loading environment from /home/runner/work/key/key/key.core/../key.ui/examples/heap/permissions/threads/BFilter_staticPermissions_accessible.key.proof 
374840     DEBUG main            d.u.i.k.p.i.AbstractProblemLoader Environment load took 119.3ns 
374841     INFO  main            d.u.i.k.p.i.AbstractProblemLoader Creating init config 
380391     DEBUG main            d.u.i.k.p.i.AbstractProblemLoader Init config took 5.55s 
380494     INFO  main            d.u.i.k.p.i.AbstractProblemLoader Replaying proof BFilter[ThreadSpec2::staticPermissions()].JML accessible clause.0 
380505     DEBUG main            d.u.i.k.p.i.IntermediateProofReplayer Proof replay took 8.07ms 
380505     DEBUG main            d.u.i.k.p.r.p.TestFile    ... success: reloaded. 
380507     INFO  main            d.u.i.k.p.r.p.TestFile    Now processing file /home/runner/work/key/key/key.core/../key.ui/examples/heap/permissions/threads/BFilter_workingPermissions_accessible.key 
380507     INFO  main            d.u.i.k.p.i.AbstractProblemLoader Loading environment from /home/runner/work/key/key/key.core/../key.ui/examples/heap/permissions/threads/BFilter_workingPermissions_accessible.key 
380507     DEBUG main            d.u.i.k.p.i.AbstractProblemLoader Environment load took 117.6ns 
380508     INFO  main            d.u.i.k.p.i.AbstractProblemLoader Creating init config 
386142     DEBUG main            d.u.i.k.p.i.AbstractProblemLoader Init config took 5.63s 
386242     INFO  main            d.u.i.k.p.i.AbstractProblemLoader Replaying proof BFilter[ThreadSpec2::workingPermissions()].JML accessible clause.0 
386243     DEBUG main            d.u.i.k.p.i.IntermediateProofReplayer Proof replay took 7.4ns 
386345     INFO  main            d.u.i.k.p.r.p.TestFile    ... finished proof: closed. 
386780     INFO  main            d.u.i.k.p.i.AbstractProblemLoader Loading environment from /home/runner/work/key/key/key.core/../key.ui/examples/heap/permissions/threads/BFilter_workingPermissions_accessible.key.proof 
386780     DEBUG main            d.u.i.k.p.i.AbstractProblemLoader Environment load took 142.4ns 
386782     INFO  main            d.u.i.k.p.i.AbstractProblemLoader Creating init config 
392305     DEBUG main            d.u.i.k.p.i.AbstractProblemLoader Init config took 5.52s 
392406     INFO  main            d.u.i.k.p.i.AbstractProblemLoader Replaying proof BFilter[ThreadSpec2::workingPermissions()].JML accessible clause.0 
392415     DEBUG main            d.u.i.k.p.i.IntermediateProofReplayer Proof replay took 6.8ms 
392416     DEBUG main            d.u.i.k.p.r.p.TestFile    ... success: reloaded. 
392417     INFO  main            d.u.i.k.p.r.p.TestFile    Now processing file /home/runner/work/key/key/key.core/../key.ui/examples/heap/permissions/threads/Fib_Fib.key 
392417     INFO  main            d.u.i.k.p.i.AbstractProblemLoader Loading environment from /home/runner/work/key/key/key.core/../key.ui/examples/heap/permissions/threads/Fib_Fib.key 
392417     DEBUG main            d.u.i.k.p.i.AbstractProblemLoader Environment load took 69.8ns 
392418     INFO  main            d.u.i.k.p.i.AbstractProblemLoader Creating init config 
398026     DEBUG main            d.u.i.k.p.i.AbstractProblemLoader Init config took 5.61s 
398129     INFO  main            d.u.i.k.p.i.AbstractProblemLoader Replaying proof Fib[Fib::Fib(int)].JML normal_behavior operation contract.0 
398132     DEBUG main            d.u.i.k.p.i.IntermediateProofReplayer Proof replay took 29.8ns 
398836     INFO  main            d.u.i.k.p.r.p.TestFile    ... finished proof: closed. 
399347     INFO  main            d.u.i.k.p.i.AbstractProblemLoader Loading environment from /home/runner/work/key/key/key.core/../key.ui/examples/heap/permissions/threads/Fib_Fib.key.proof 
399347     DEBUG main            d.u.i.k.p.i.AbstractProblemLoader Environment load took 185.4ns 
399348     INFO  main            d.u.i.k.p.i.AbstractProblemLoader Creating init config 
404888     DEBUG main            d.u.i.k.p.i.AbstractProblemLoader Init config took 5.54s 
405002     INFO  main            d.u.i.k.p.i.AbstractProblemLoader Replaying proof Fib[Fib::Fib(int)].JML normal_behavior operation contract.0 
405114     DEBUG main            d.u.i.k.p.i.IntermediateProofReplayer Proof replay took 104.41ms 
405115     DEBUG main            d.u.i.k.p.r.p.TestFile    ... success: reloaded. 
405116     INFO  main            d.u.i.k.p.r.p.TestFile    Now processing file /home/runner/work/key/key/key.core/../key.ui/examples/heap/permissions/threads/Fib_initPost_accessible.key 
405116     INFO  main            d.u.i.k.p.i.AbstractProblemLoader Loading environment from /home/runner/work/key/key/key.core/../key.ui/examples/heap/permissions/threads/Fib_initPost_accessible.key 
405117     DEBUG main            d.u.i.k.p.i.AbstractProblemLoader Environment load took 142ns 
405118     INFO  main            d.u.i.k.p.i.AbstractProblemLoader Creating init config 
410654     DEBUG main            d.u.i.k.p.i.AbstractProblemLoader Init config took 5.54s 
410754     INFO  main            d.u.i.k.p.i.AbstractProblemLoader Replaying proof Fib[ThreadSpec::initPost()].JML accessible clause.0 
410755     DEBUG main            d.u.i.k.p.i.IntermediateProofReplayer Proof replay took 6.8ns 
410857     INFO  main            d.u.i.k.p.r.p.TestFile    ... finished proof: closed. 
411327     INFO  main            d.u.i.k.p.i.AbstractProblemLoader Loading environment from /home/runner/work/key/key/key.core/../key.ui/examples/heap/permissions/threads/Fib_initPost_accessible.key.proof 
411327     DEBUG main            d.u.i.k.p.i.AbstractProblemLoader Environment load took 152.6ns 
411328     INFO  main            d.u.i.k.p.i.AbstractProblemLoader Creating init config 
416803     DEBUG main            d.u.i.k.p.i.AbstractProblemLoader Init config took 5.47s 
416924     INFO  main            d.u.i.k.p.i.AbstractProblemLoader Replaying proof Fib[ThreadSpec::initPost()].JML accessible clause.0 
416930     DEBUG main            d.u.i.k.p.i.IntermediateProofReplayer Proof replay took 4.85ms 
416931     DEBUG main            d.u.i.k.p.r.p.TestFile    ... success: reloaded. 
416932     INFO  main            d.u.i.k.p.r.p.TestFile    Now processing file /home/runner/work/key/key/key.core/../key.ui/examples/heap/permissions/threads/Fib_inv1_accessible.key 
416933     INFO  main            d.u.i.k.p.i.AbstractProblemLoader Loading environment from /home/runner/work/key/key/key.core/../key.ui/examples/heap/permissions/threads/Fib_inv1_accessible.key 
416933     DEBUG main            d.u.i.k.p.i.AbstractProblemLoader Environment load took 123.4ns 
416934     INFO  main            d.u.i.k.p.i.AbstractProblemLoader Creating init config 
422524     DEBUG main            d.u.i.k.p.i.AbstractProblemLoader Init config took 5.59s 
422628     INFO  main            d.u.i.k.p.i.AbstractProblemLoader Replaying proof Fib[java.lang.Object::<inv>()].JML accessible clause.0 
422631     DEBUG main            d.u.i.k.p.i.IntermediateProofReplayer Proof replay took 7.6ns 
422733     INFO  main            d.u.i.k.p.r.p.TestFile    ... finished proof: closed. 
423211     INFO  main            d.u.i.k.p.i.AbstractProblemLoader Loading environment from /home/runner/work/key/key/key.core/../key.ui/examples/heap/permissions/threads/Fib_inv1_accessible.key.proof 
423211     DEBUG main            d.u.i.k.p.i.AbstractProblemLoader Environment load took 141.7ns 
423212     INFO  main            d.u.i.k.p.i.AbstractProblemLoader Creating init config 
428681     DEBUG main            d.u.i.k.p.i.AbstractProblemLoader Init config took 5.47s 
428786     INFO  main            d.u.i.k.p.i.AbstractProblemLoader Replaying proof Fib[java.lang.Object::<inv>()].JML accessible clause.0 
428790     DEBUG main            d.u.i.k.p.i.IntermediateProofReplayer Proof replay took 2.02ms 
428791     DEBUG main            d.u.i.k.p.r.p.TestFile    ... success: reloaded. 
428792     INFO  main            d.u.i.k.p.r.p.TestFile    Now processing file /home/runner/work/key/key/key.core/../key.ui/examples/heap/permissions/threads/Fib_inv2_accessible.key 
428792     INFO  main            d.u.i.k.p.i.AbstractProblemLoader Loading environment from /home/runner/work/key/key/key.core/../key.ui/examples/heap/permissions/threads/Fib_inv2_accessible.key 
428792     DEBUG main            d.u.i.k.p.i.AbstractProblemLoader Environment load took 52.5ns 
428793     INFO  main            d.u.i.k.p.i.AbstractProblemLoader Creating init config 
434305     DEBUG main            d.u.i.k.p.i.AbstractProblemLoader Init config took 5.51s 
434410     INFO  main            d.u.i.k.p.i.AbstractProblemLoader Replaying proof Fib[java.lang.Object::<inv>()].JML accessible clause.1 
434412     DEBUG main            d.u.i.k.p.i.IntermediateProofReplayer Proof replay took 23.6ns 
434514     INFO  main            d.u.i.k.p.r.p.TestFile    ... finished proof: closed. 
434999     INFO  main            d.u.i.k.p.i.AbstractProblemLoader Loading environment from /home/runner/work/key/key/key.core/../key.ui/examples/heap/permissions/threads/Fib_inv2_accessible.key.proof 
434999     DEBUG main            d.u.i.k.p.i.AbstractProblemLoader Environment load took 100.7ns 
435000     INFO  main            d.u.i.k.p.i.AbstractProblemLoader Creating init config 
440498     DEBUG main            d.u.i.k.p.i.AbstractProblemLoader Init config took 5.5s 
440600     INFO  main            d.u.i.k.p.i.AbstractProblemLoader Replaying proof Fib[java.lang.Object::<inv>()].JML accessible clause.1 
440603     DEBUG main            d.u.i.k.p.i.IntermediateProofReplayer Proof replay took 1.61ms 
440605     DEBUG main            d.u.i.k.p.r.p.TestFile    ... success: reloaded. 
440606     INFO  main            d.u.i.k.p.r.p.TestFile    Now processing file /home/runner/work/key/key/key.core/../key.ui/examples/heap/permissions/threads/Fib_joinTransfer_accessible.key 
440606     INFO  main            d.u.i.k.p.i.AbstractProblemLoader Loading environment from /home/runner/work/key/key/key.core/../key.ui/examples/heap/permissions/threads/Fib_joinTransfer_accessible.key 
440606     DEBUG main            d.u.i.k.p.i.AbstractProblemLoader Environment load took 59.9ns 
440607     INFO  main            d.u.i.k.p.i.AbstractProblemLoader Creating init config 
446247     DEBUG main            d.u.i.k.p.i.AbstractProblemLoader Init config took 5.64s 
446370     INFO  main            d.u.i.k.p.i.AbstractProblemLoader Replaying proof Fib[ThreadSpec::joinTransfer()].JML accessible clause.0 
446372     DEBUG main            d.u.i.k.p.i.IntermediateProofReplayer Proof replay took 7.9ns 
446574     INFO  main            d.u.i.k.p.r.p.TestFile    ... finished proof: closed. 
447093     INFO  main            d.u.i.k.p.i.AbstractProblemLoader Loading environment from /home/runner/work/key/key/key.core/../key.ui/examples/heap/permissions/threads/Fib_joinTransfer_accessible.key.proof 
447093     DEBUG main            d.u.i.k.p.i.AbstractProblemLoader Environment load took 132.8ns 
447094     INFO  main            d.u.i.k.p.i.AbstractProblemLoader Creating init config 
452586     DEBUG main            d.u.i.k.p.i.AbstractProblemLoader Init config took 5.49s 
452683     INFO  main            d.u.i.k.p.i.AbstractProblemLoader Replaying proof Fib[ThreadSpec::joinTransfer()].JML accessible clause.0 
452709     DEBUG main            d.u.i.k.p.i.IntermediateProofReplayer Proof replay took 22.72ms 
452710     DEBUG main            d.u.i.k.p.r.p.TestFile    ... success: reloaded. 
452711     INFO  main            d.u.i.k.p.r.p.TestFile    Now processing file /home/runner/work/key/key/key.core/../key.ui/examples/heap/permissions/threads/Fib_joinTransfer_contract.key 
452711     INFO  main            d.u.i.k.p.i.AbstractProblemLoader Loading environment from /home/runner/work/key/key/key.core/../key.ui/examples/heap/permissions/threads/Fib_joinTransfer_contract.key 
452711     DEBUG main            d.u.i.k.p.i.AbstractProblemLoader Environment load took 113.2ns 
452712     INFO  main            d.u.i.k.p.i.AbstractProblemLoader Creating init config 
458329     DEBUG main            d.u.i.k.p.i.AbstractProblemLoader Init config took 5.62s 
458430     INFO  main            d.u.i.k.p.i.AbstractProblemLoader Replaying proof Fib[ThreadSpec::joinTransfer()].JML model_behavior operation contract.0 
458432     DEBUG main            d.u.i.k.p.i.IntermediateProofReplayer Proof replay took 8.5ns 
458533     INFO  main            d.u.i.k.p.r.p.TestFile    ... finished proof: closed. 
459067     INFO  main            d.u.i.k.p.i.AbstractProblemLoader Loading environment from /home/runner/work/key/key/key.core/../key.ui/examples/heap/permissions/threads/Fib_joinTransfer_contract.key.proof 
459067     DEBUG main            d.u.i.k.p.i.AbstractProblemLoader Environment load took 101.1ns 
459068     INFO  main            d.u.i.k.p.i.AbstractProblemLoader Creating init config 
464608     DEBUG main            d.u.i.k.p.i.AbstractProblemLoader Init config took 5.54s 
464722     INFO  main            d.u.i.k.p.i.AbstractProblemLoader Replaying proof Fib[ThreadSpec::joinTransfer()].JML model_behavior operation contract.0 
464733     DEBUG main            d.u.i.k.p.i.IntermediateProofReplayer Proof replay took 8.24ms 
464734     DEBUG main            d.u.i.k.p.r.p.TestFile    ... success: reloaded. 
464735     INFO  main            d.u.i.k.p.r.p.TestFile    Now processing file /home/runner/work/key/key/key.core/../key.ui/examples/heap/permissions/threads/Fib_postJoin_accessible.key 
464735     INFO  main            d.u.i.k.p.i.AbstractProblemLoader Loading environment from /home/runner/work/key/key/key.core/../key.ui/examples/heap/permissions/threads/Fib_postJoin_accessible.key 
464735     DEBUG main            d.u.i.k.p.i.AbstractProblemLoader Environment load took 222.2ns 
464737     INFO  main            d.u.i.k.p.i.AbstractProblemLoader Creating init config 
470348     DEBUG main            d.u.i.k.p.i.AbstractProblemLoader Init config took 5.61s 
470451     INFO  main            d.u.i.k.p.i.AbstractProblemLoader Replaying proof Fib[ThreadSpec::postJoin(java.lang.Object)].JML accessible clause.0 
470453     DEBUG main            d.u.i.k.p.i.IntermediateProofReplayer Proof replay took 8.7ns 
470554     INFO  main            d.u.i.k.p.r.p.TestFile    ... finished proof: closed. 
471069     INFO  main            d.u.i.k.p.i.AbstractProblemLoader Loading environment from /home/runner/work/key/key/key.core/../key.ui/examples/heap/permissions/threads/Fib_postJoin_accessible.key.proof 
471069     DEBUG main            d.u.i.k.p.i.AbstractProblemLoader Environment load took 94ns 
471070     INFO  main            d.u.i.k.p.i.AbstractProblemLoader Creating init config 
476502     DEBUG main            d.u.i.k.p.i.AbstractProblemLoader Init config took 5.43s 
476602     INFO  main            d.u.i.k.p.i.AbstractProblemLoader Replaying proof Fib[ThreadSpec::postJoin(java.lang.Object)].JML accessible clause.0 
476609     DEBUG main            d.u.i.k.p.i.IntermediateProofReplayer Proof replay took 5.08ms 
476610     DEBUG main            d.u.i.k.p.r.p.TestFile    ... success: reloaded. 
476611     INFO  main            d.u.i.k.p.r.p.TestFile    Now processing file /home/runner/work/key/key/key.core/../key.ui/examples/heap/permissions/threads/Fib_preStart_accessible.key 
476611     INFO  main            d.u.i.k.p.i.AbstractProblemLoader Loading environment from /home/runner/work/key/key/key.core/../key.ui/examples/heap/permissions/threads/Fib_preStart_accessible.key 
476611     DEBUG main            d.u.i.k.p.i.AbstractProblemLoader Environment load took 112.9ns 
476612     INFO  main            d.u.i.k.p.i.AbstractProblemLoader Creating init config 
482196     DEBUG main            d.u.i.k.p.i.AbstractProblemLoader Init config took 5.58s 
482313     INFO  main            d.u.i.k.p.i.AbstractProblemLoader Replaying proof Fib[ThreadSpec::preStart(java.lang.Object)].JML accessible clause.0 
482315     DEBUG main            d.u.i.k.p.i.IntermediateProofReplayer Proof replay took 7.5ns 
482418     INFO  main            d.u.i.k.p.r.p.TestFile    ... finished proof: closed. 
482940     INFO  main            d.u.i.k.p.i.AbstractProblemLoader Loading environment from /home/runner/work/key/key/key.core/../key.ui/examples/heap/permissions/threads/Fib_preStart_accessible.key.proof 
482940     DEBUG main            d.u.i.k.p.i.AbstractProblemLoader Environment load took 89.7ns 
482941     INFO  main            d.u.i.k.p.i.AbstractProblemLoader Creating init config 
488403     DEBUG main            d.u.i.k.p.i.AbstractProblemLoader Init config took 5.46s 
488508     INFO  main            d.u.i.k.p.i.AbstractProblemLoader Replaying proof Fib[ThreadSpec::preStart(java.lang.Object)].JML accessible clause.0 
488537     DEBUG main            d.u.i.k.p.i.IntermediateProofReplayer Proof replay took 5.46ms 
488538     DEBUG main            d.u.i.k.p.r.p.TestFile    ... success: reloaded. 
488539     INFO  main            d.u.i.k.p.r.p.TestFile    Now processing file /home/runner/work/key/key/key.core/../key.ui/examples/heap/permissions/threads/Fib_startTransfer_accessible.key 
488540     INFO  main            d.u.i.k.p.i.AbstractProblemLoader Loading environment from /home/runner/work/key/key/key.core/../key.ui/examples/heap/permissions/threads/Fib_startTransfer_accessible.key 
488540     DEBUG main            d.u.i.k.p.i.AbstractProblemLoader Environment load took 197.9ns 
488541     INFO  main            d.u.i.k.p.i.AbstractProblemLoader Creating init config 
494212     DEBUG main            d.u.i.k.p.i.AbstractProblemLoader Init config took 5.67s 
494314     INFO  main            d.u.i.k.p.i.AbstractProblemLoader Replaying proof Fib[ThreadSpec::startTransfer()].JML accessible clause.0 
494315     DEBUG main            d.u.i.k.p.i.IntermediateProofReplayer Proof replay took 8.4ns 
494518     INFO  main            d.u.i.k.p.r.p.TestFile    ... finished proof: closed. 
495076     INFO  main            d.u.i.k.p.i.AbstractProblemLoader Loading environment from /home/runner/work/key/key/key.core/../key.ui/examples/heap/permissions/threads/Fib_startTransfer_accessible.key.proof 
495076     DEBUG main            d.u.i.k.p.i.AbstractProblemLoader Environment load took 136.9ns 
495077     INFO  main            d.u.i.k.p.i.AbstractProblemLoader Creating init config 
500768     DEBUG main            d.u.i.k.p.i.AbstractProblemLoader Init config took 5.69s 
500894     INFO  main            d.u.i.k.p.i.AbstractProblemLoader Replaying proof Fib[ThreadSpec::startTransfer()].JML accessible clause.0 
500920     DEBUG main            d.u.i.k.p.i.IntermediateProofReplayer Proof replay took 23.71ms 
500921     DEBUG main            d.u.i.k.p.r.p.TestFile    ... success: reloaded. 
500922     INFO  main            d.u.i.k.p.r.p.TestFile    Now processing file /home/runner/work/key/key/key.core/../key.ui/examples/heap/permissions/threads/Fib_startTransfer_contract.key 
500922     INFO  main            d.u.i.k.p.i.AbstractProblemLoader Loading environment from /home/runner/work/key/key/key.core/../key.ui/examples/heap/permissions/threads/Fib_startTransfer_contract.key 
500922     DEBUG main            d.u.i.k.p.i.AbstractProblemLoader Environment load took 64.9ns 
500923     INFO  main            d.u.i.k.p.i.AbstractProblemLoader Creating init config 
506716     DEBUG main            d.u.i.k.p.i.AbstractProblemLoader Init config took 5.79s 
506827     INFO  main            d.u.i.k.p.i.AbstractProblemLoader Replaying proof Fib[ThreadSpec::startTransfer()].JML model_behavior operation contract.0 
506829     DEBUG main            d.u.i.k.p.i.IntermediateProofReplayer Proof replay took 9.6ns 
506935     INFO  main            d.u.i.k.p.r.p.TestFile    ... finished proof: closed. 
507475     INFO  main            d.u.i.k.p.i.AbstractProblemLoader Loading environment from /home/runner/work/key/key/key.core/../key.ui/examples/heap/permissions/threads/Fib_startTransfer_contract.key.proof 
507475     DEBUG main            d.u.i.k.p.i.AbstractProblemLoader Environment load took 94.8ns 
507476     INFO  main            d.u.i.k.p.i.AbstractProblemLoader Creating init config 
513076     DEBUG main            d.u.i.k.p.i.AbstractProblemLoader Init config took 5.6s 
513182     INFO  main            d.u.i.k.p.i.AbstractProblemLoader Replaying proof Fib[ThreadSpec::startTransfer()].JML model_behavior operation contract.0 
513196     DEBUG main            d.u.i.k.p.i.IntermediateProofReplayer Proof replay took 11.14ms 
513197     DEBUG main            d.u.i.k.p.r.p.TestFile    ... success: reloaded. 
513198     INFO  main            d.u.i.k.p.r.p.TestFile    Now processing file /home/runner/work/key/key/key.core/../key.ui/examples/heap/permissions/threads/Fib_workingPermissions_accessible.key 
513198     INFO  main            d.u.i.k.p.i.AbstractProblemLoader Loading environment from /home/runner/work/key/key/key.core/../key.ui/examples/heap/permissions/threads/Fib_workingPermissions_accessible.key 
513198     DEBUG main            d.u.i.k.p.i.AbstractProblemLoader Environment load took 68.8ns 
513199     INFO  main            d.u.i.k.p.i.AbstractProblemLoader Creating init config 
518870     DEBUG main            d.u.i.k.p.i.AbstractProblemLoader Init config took 5.67s 
519006     INFO  main            d.u.i.k.p.i.AbstractProblemLoader Replaying proof Fib[ThreadSpec::workingPermissions()].JML accessible clause.0 
519008     DEBUG main            d.u.i.k.p.i.IntermediateProofReplayer Proof replay took 8.2ns 
519112     INFO  main            d.u.i.k.p.r.p.TestFile    ... finished proof: closed. 
519665     INFO  main            d.u.i.k.p.i.AbstractProblemLoader Loading environment from /home/runner/work/key/key/key.core/../key.ui/examples/heap/permissions/threads/Fib_workingPermissions_accessible.key.proof 
519665     DEBUG main            d.u.i.k.p.i.AbstractProblemLoader Environment load took 197.6ns 
519666     INFO  main            d.u.i.k.p.i.AbstractProblemLoader Creating init config 
525484     DEBUG main            d.u.i.k.p.i.AbstractProblemLoader Init config took 5.82s 
525588     INFO  main            d.u.i.k.p.i.AbstractProblemLoader Replaying proof Fib[ThreadSpec::workingPermissions()].JML accessible clause.0 
525592     DEBUG main            d.u.i.k.p.i.IntermediateProofReplayer Proof replay took 2.45ms 
525593     DEBUG main            d.u.i.k.p.r.p.TestFile    ... success: reloaded. 
525594     INFO  main            d.u.i.k.p.r.p.TestFile    Now processing file /home/runner/work/key/key/key.core/../key.ui/examples/heap/permissions/threads/Plotter_initPost_accessible.key 
525594     INFO  main            d.u.i.k.p.i.AbstractProblemLoader Loading environment from /home/runner/work/key/key/key.core/../key.ui/examples/heap/permissions/threads/Plotter_initPost_accessible.key 
525594     DEBUG main            d.u.i.k.p.i.AbstractProblemLoader Environment load took 129.3ns 
525595     INFO  main            d.u.i.k.p.i.AbstractProblemLoader Creating init config 
531325     DEBUG main            d.u.i.k.p.i.AbstractProblemLoader Init config took 5.73s 
531427     INFO  main            d.u.i.k.p.i.AbstractProblemLoader Replaying proof Plotter[ThreadSpec2::initPost()].JML accessible clause.0 
531428     DEBUG main            d.u.i.k.p.i.IntermediateProofReplayer Proof replay took 7.9ns 
531630     INFO  main            d.u.i.k.p.r.p.TestFile    ... finished proof: closed. 
532186     INFO  main            d.u.i.k.p.i.AbstractProblemLoader Loading environment from /home/runner/work/key/key/key.core/../key.ui/examples/heap/permissions/threads/Plotter_initPost_accessible.key.proof 
532186     DEBUG main            d.u.i.k.p.i.AbstractProblemLoader Environment load took 89.5ns 
532187     INFO  main            d.u.i.k.p.i.AbstractProblemLoader Creating init config 
537774     DEBUG main            d.u.i.k.p.i.AbstractProblemLoader Init config took 5.59s 
537876     INFO  main            d.u.i.k.p.i.AbstractProblemLoader Replaying proof Plotter[ThreadSpec2::initPost()].JML accessible clause.0 
537890     DEBUG main            d.u.i.k.p.i.IntermediateProofReplayer Proof replay took 12.4ms 
537891     DEBUG main            d.u.i.k.p.r.p.TestFile    ... success: reloaded. 
537892     INFO  main            d.u.i.k.p.r.p.TestFile    Now processing file /home/runner/work/key/key/key.core/../key.ui/examples/heap/permissions/threads/Plotter_inv_accessible1.key 
537893     INFO  main            d.u.i.k.p.i.AbstractProblemLoader Loading environment from /home/runner/work/key/key/key.core/../key.ui/examples/heap/permissions/threads/Plotter_inv_accessible1.key 
537893     DEBUG main            d.u.i.k.p.i.AbstractProblemLoader Environment load took 112.1ns 
537894     INFO  main            d.u.i.k.p.i.AbstractProblemLoader Creating init config 
543519     DEBUG main            d.u.i.k.p.i.AbstractProblemLoader Init config took 5.63s 
543621     INFO  main            d.u.i.k.p.i.AbstractProblemLoader Replaying proof Plotter[java.lang.Object::<inv>()].JML accessible clause.0 
543624     DEBUG main            d.u.i.k.p.i.IntermediateProofReplayer Proof replay took 7.9ns 
543726     INFO  main            d.u.i.k.p.r.p.TestFile    ... finished proof: closed. 
544296     INFO  main            d.u.i.k.p.i.AbstractProblemLoader Loading environment from /home/runner/work/key/key/key.core/../key.ui/examples/heap/permissions/threads/Plotter_inv_accessible1.key.proof 
544296     DEBUG main            d.u.i.k.p.i.AbstractProblemLoader Environment load took 80.5ns 
544297     INFO  main            d.u.i.k.p.i.AbstractProblemLoader Creating init config 
549780     DEBUG main            d.u.i.k.p.i.AbstractProblemLoader Init config took 5.48s 
549885     INFO  main            d.u.i.k.p.i.AbstractProblemLoader Replaying proof Plotter[java.lang.Object::<inv>()].JML accessible clause.0 
549889     DEBUG main            d.u.i.k.p.i.IntermediateProofReplayer Proof replay took 1.68ms 
549890     DEBUG main            d.u.i.k.p.r.p.TestFile    ... success: reloaded. 
549891     INFO  main            d.u.i.k.p.r.p.TestFile    Now processing file /home/runner/work/key/key/key.core/../key.ui/examples/heap/permissions/threads/Plotter_inv_accessible2.key 
549891     INFO  main            d.u.i.k.p.i.AbstractProblemLoader Loading environment from /home/runner/work/key/key/key.core/../key.ui/examples/heap/permissions/threads/Plotter_inv_accessible2.key 
549891     DEBUG main            d.u.i.k.p.i.AbstractProblemLoader Environment load took 98.1ns 
549892     INFO  main            d.u.i.k.p.i.AbstractProblemLoader Creating init config 
555439     DEBUG main            d.u.i.k.p.i.AbstractProblemLoader Init config took 5.55s 
555551     INFO  main            d.u.i.k.p.i.AbstractProblemLoader Replaying proof Plotter[java.lang.Object::<inv>()].JML accessible clause.1 
555552     DEBUG main            d.u.i.k.p.i.IntermediateProofReplayer Proof replay took 7.1ns 
555654     INFO  main            d.u.i.k.p.r.p.TestFile    ... finished proof: closed. 
556238     INFO  main            d.u.i.k.p.i.AbstractProblemLoader Loading environment from /home/runner/work/key/key/key.core/../key.ui/examples/heap/permissions/threads/Plotter_inv_accessible2.key.proof 
556238     DEBUG main            d.u.i.k.p.i.AbstractProblemLoader Environment load took 86.9ns 
556239     INFO  main            d.u.i.k.p.i.AbstractProblemLoader Creating init config 
561718     DEBUG main            d.u.i.k.p.i.AbstractProblemLoader Init config took 5.48s 
561839     INFO  main            d.u.i.k.p.i.AbstractProblemLoader Replaying proof Plotter[java.lang.Object::<inv>()].JML accessible clause.1 
561843     DEBUG main            d.u.i.k.p.i.IntermediateProofReplayer Proof replay took 2.31ms 
561845     DEBUG main            d.u.i.k.p.r.p.TestFile    ... success: reloaded. 
561847     INFO  main            d.u.i.k.p.r.p.TestFile    Now processing file /home/runner/work/key/key/key.core/../key.ui/examples/heap/permissions/threads/Plotter_joinTransfer_contract.key 
561847     INFO  main            d.u.i.k.p.i.AbstractProblemLoader Loading environment from /home/runner/work/key/key/key.core/../key.ui/examples/heap/permissions/threads/Plotter_joinTransfer_contract.key 
561847     DEBUG main            d.u.i.k.p.i.AbstractProblemLoader Environment load took 121.4ns 
561848     INFO  main            d.u.i.k.p.i.AbstractProblemLoader Creating init config 
567454     DEBUG main            d.u.i.k.p.i.AbstractProblemLoader Init config took 5.61s 
567561     INFO  main            d.u.i.k.p.i.AbstractProblemLoader Replaying proof Plotter[ThreadSpec2::joinTransfer()].JML model_behavior operation contract.0 
567562     DEBUG main            d.u.i.k.p.i.IntermediateProofReplayer Proof replay took 7.7ns 
567664     INFO  main            d.u.i.k.p.r.p.TestFile    ... finished proof: closed. 
568242     INFO  main            d.u.i.k.p.i.AbstractProblemLoader Loading environment from /home/runner/work/key/key/key.core/../key.ui/examples/heap/permissions/threads/Plotter_joinTransfer_contract.key.proof 
568242     DEBUG main            d.u.i.k.p.i.AbstractProblemLoader Environment load took 93.3ns 
568243     INFO  main            d.u.i.k.p.i.AbstractProblemLoader Creating init config 
573634     DEBUG main            d.u.i.k.p.i.AbstractProblemLoader Init config took 5.39s 
573744     INFO  main            d.u.i.k.p.i.AbstractProblemLoader Replaying proof Plotter[ThreadSpec2::joinTransfer()].JML model_behavior operation contract.0 
573755     DEBUG main            d.u.i.k.p.i.IntermediateProofReplayer Proof replay took 9.3ms 
573756     DEBUG main            d.u.i.k.p.r.p.TestFile    ... success: reloaded. 
573757     INFO  main            d.u.i.k.p.r.p.TestFile    Now processing file /home/runner/work/key/key/key.core/../key.ui/examples/heap/permissions/threads/Plotter_Plotter.key 
573757     INFO  main            d.u.i.k.p.i.AbstractProblemLoader Loading environment from /home/runner/work/key/key/key.core/../key.ui/examples/heap/permissions/threads/Plotter_Plotter.key 
573757     DEBUG main            d.u.i.k.p.i.AbstractProblemLoader Environment load took 98.7ns 
573758     INFO  main            d.u.i.k.p.i.AbstractProblemLoader Creating init config 
579285     DEBUG main            d.u.i.k.p.i.AbstractProblemLoader Init config took 5.53s 
579387     INFO  main            d.u.i.k.p.i.AbstractProblemLoader Replaying proof Plotter[Plotter::Plotter(AFilter,BFilter,Buffer)].JML normal_behavior operation contract.0 
579389     DEBUG main            d.u.i.k.p.i.IntermediateProofReplayer Proof replay took 8.4ns 
581545     INFO  main            d.u.i.k.p.r.p.TestFile    ... finished proof: closed. 
582171     INFO  main            d.u.i.k.p.i.AbstractProblemLoader Loading environment from /home/runner/work/key/key/key.core/../key.ui/examples/heap/permissions/threads/Plotter_Plotter.key.proof 
582171     DEBUG main            d.u.i.k.p.i.AbstractProblemLoader Environment load took 82.8ns 
582172     INFO  main            d.u.i.k.p.i.AbstractProblemLoader Creating init config 
587640     DEBUG main            d.u.i.k.p.i.AbstractProblemLoader Init config took 5.47s 
587743     INFO  main            d.u.i.k.p.i.AbstractProblemLoader Replaying proof Plotter[Plotter::Plotter(AFilter,BFilter,Buffer)].JML normal_behavior operation contract.0 
587971     DEBUG main            d.u.i.k.p.i.IntermediateProofReplayer Proof replay took 221.02ms 
587972     DEBUG main            d.u.i.k.p.r.p.TestFile    ... success: reloaded. 
587973     INFO  main            d.u.i.k.p.r.p.TestFile    Now processing file /home/runner/work/key/key/key.core/../key.ui/examples/heap/permissions/threads/Plotter_postJoin_accessible.key 
587974     INFO  main            d.u.i.k.p.i.AbstractProblemLoader Loading environment from /home/runner/work/key/key/key.core/../key.ui/examples/heap/permissions/threads/Plotter_postJoin_accessible.key 
587974     DEBUG main            d.u.i.k.p.i.AbstractProblemLoader Environment load took 180.8ns 
587975     INFO  main            d.u.i.k.p.i.AbstractProblemLoader Creating init config 
593667     DEBUG main            d.u.i.k.p.i.AbstractProblemLoader Init config took 5.69s 
593785     INFO  main            d.u.i.k.p.i.AbstractProblemLoader Replaying proof Plotter[ThreadSpec2::postJoin(java.lang.Object)].JML accessible clause.0 
593787     DEBUG main            d.u.i.k.p.i.IntermediateProofReplayer Proof replay took 8.2ns 
593888     INFO  main            d.u.i.k.p.r.p.TestFile    ... finished proof: closed. 
594465     INFO  main            d.u.i.k.p.i.AbstractProblemLoader Loading environment from /home/runner/work/key/key/key.core/../key.ui/examples/heap/permissions/threads/Plotter_postJoin_accessible.key.proof 
594465     DEBUG main            d.u.i.k.p.i.AbstractProblemLoader Environment load took 88.4ns 
594466     INFO  main            d.u.i.k.p.i.AbstractProblemLoader Creating init config 
599983     DEBUG main            d.u.i.k.p.i.AbstractProblemLoader Init config took 5.52s 
600095     INFO  main            d.u.i.k.p.i.AbstractProblemLoader Replaying proof Plotter[ThreadSpec2::postJoin(java.lang.Object)].JML accessible clause.0 
600110     DEBUG main            d.u.i.k.p.i.IntermediateProofReplayer Proof replay took 11.71ms 
600112     DEBUG main            d.u.i.k.p.r.p.TestFile    ... success: reloaded. 
600113     INFO  main            d.u.i.k.p.r.p.TestFile    Now processing file /home/runner/work/key/key/key.core/../key.ui/examples/heap/permissions/threads/Plotter_preStart_accessible.key 
600114     INFO  main            d.u.i.k.p.i.AbstractProblemLoader Loading environment from /home/runner/work/key/key/key.core/../key.ui/examples/heap/permissions/threads/Plotter_preStart_accessible.key 
600114     DEBUG main            d.u.i.k.p.i.AbstractProblemLoader Environment load took 505.6ns 
600115     INFO  main            d.u.i.k.p.i.AbstractProblemLoader Creating init config 
605760     DEBUG main            d.u.i.k.p.i.AbstractProblemLoader Init config took 5.64s 
605884     INFO  main            d.u.i.k.p.i.AbstractProblemLoader Replaying proof Plotter[ThreadSpec2::preStart(java.lang.Object)].JML accessible clause.0 
605886     DEBUG main            d.u.i.k.p.i.IntermediateProofReplayer Proof replay took 7.7ns 
607190     INFO  main            d.u.i.k.p.r.p.TestFile    ... finished proof: closed. 
607807     INFO  main            d.u.i.k.p.i.AbstractProblemLoader Loading environment from /home/runner/work/key/key/key.core/../key.ui/examples/heap/permissions/threads/Plotter_preStart_accessible.key.proof 
607808     DEBUG main            d.u.i.k.p.i.AbstractProblemLoader Environment load took 107ns 
607809     INFO  main            d.u.i.k.p.i.AbstractProblemLoader Creating init config 
613761     DEBUG main            d.u.i.k.p.i.AbstractProblemLoader Init config took 5.95s 
613870     INFO  main            d.u.i.k.p.i.AbstractProblemLoader Replaying proof Plotter[ThreadSpec2::preStart(java.lang.Object)].JML accessible clause.0 
613970     DEBUG main            d.u.i.k.p.i.IntermediateProofReplayer Proof replay took 96.16ms 
613972     DEBUG main            d.u.i.k.p.r.p.TestFile    ... success: reloaded. 
613973     INFO  main            d.u.i.k.p.r.p.TestFile    Now processing file /home/runner/work/key/key/key.core/../key.ui/examples/heap/permissions/threads/Plotter_stateInv_accessible.key 
613974     INFO  main            d.u.i.k.p.i.AbstractProblemLoader Loading environment from /home/runner/work/key/key/key.core/../key.ui/examples/heap/permissions/threads/Plotter_stateInv_accessible.key 
613974     DEBUG main            d.u.i.k.p.i.AbstractProblemLoader Environment load took 224.9ns 
613975     INFO  main            d.u.i.k.p.i.AbstractProblemLoader Creating init config 
619986     DEBUG main            d.u.i.k.p.i.AbstractProblemLoader Init config took 6.01s 
620100     INFO  main            d.u.i.k.p.i.AbstractProblemLoader Replaying proof Plotter[ThreadSpec2::stateInv()].JML accessible clause.0 
620102     DEBUG main            d.u.i.k.p.i.IntermediateProofReplayer Proof replay took 7.8ns 
630254     INFO  main            d.u.i.k.p.r.p.TestFile    ... finished proof: closed. 
630897     INFO  main            d.u.i.k.p.i.AbstractProblemLoader Loading environment from /home/runner/work/key/key/key.core/../key.ui/examples/heap/permissions/threads/Plotter_stateInv_accessible.key.proof 
630897     DEBUG main            d.u.i.k.p.i.AbstractProblemLoader Environment load took 93.9ns 
630899     INFO  main            d.u.i.k.p.i.AbstractProblemLoader Creating init config 
636645     DEBUG main            d.u.i.k.p.i.AbstractProblemLoader Init config took 5.75s 
636747     INFO  main            d.u.i.k.p.i.AbstractProblemLoader Replaying proof Plotter[ThreadSpec2::stateInv()].JML accessible clause.0 
637291     DEBUG main            d.u.i.k.p.i.IntermediateProofReplayer Proof replay took 527.03ms 
637293     DEBUG main            d.u.i.k.p.r.p.TestFile    ... success: reloaded. 
637294     INFO  main            d.u.i.k.p.r.p.TestFile    Now processing file /home/runner/work/key/key/key.core/../key.ui/examples/heap/permissions/threads/Plotter_staticPermissions_accessible.key 
637294     INFO  main            d.u.i.k.p.i.AbstractProblemLoader Loading environment from /home/runner/work/key/key/key.core/../key.ui/examples/heap/permissions/threads/Plotter_staticPermissions_accessible.key 
637294     DEBUG main            d.u.i.k.p.i.AbstractProblemLoader Environment load took 76.3ns 
637295     INFO  main            d.u.i.k.p.i.AbstractProblemLoader Creating init config 
642892     DEBUG main            d.u.i.k.p.i.AbstractProblemLoader Init config took 5.6s 
642994     INFO  main            d.u.i.k.p.i.AbstractProblemLoader Replaying proof Plotter[ThreadSpec2::staticPermissions()].JML accessible clause.0 
642996     DEBUG main            d.u.i.k.p.i.IntermediateProofReplayer Proof replay took 36.4ns 
644118     INFO  main            d.u.i.k.p.r.p.TestFile    ... finished proof: closed. 
644759     INFO  main            d.u.i.k.p.i.AbstractProblemLoader Loading environment from /home/runner/work/key/key/key.core/../key.ui/examples/heap/permissions/threads/Plotter_staticPermissions_accessible.key.proof 
644759     DEBUG main            d.u.i.k.p.i.AbstractProblemLoader Environment load took 85.9ns 
644760     INFO  main            d.u.i.k.p.i.AbstractProblemLoader Creating init config 
650384     DEBUG main            d.u.i.k.p.i.AbstractProblemLoader Init config took 5.62s 
650479     INFO  main            d.u.i.k.p.i.AbstractProblemLoader Replaying proof Plotter[ThreadSpec2::staticPermissions()].JML accessible clause.0 
650537     DEBUG main            d.u.i.k.p.i.IntermediateProofReplayer Proof replay took 53.24ms 
650538     DEBUG main            d.u.i.k.p.r.p.TestFile    ... success: reloaded. 
650539     INFO  main            d.u.i.k.p.r.p.TestFile    Now processing file /home/runner/work/key/key/key.core/../key.ui/examples/heap/permissions/threads/Plotter_workingPermissions_accessible.key 
650540     INFO  main            d.u.i.k.p.i.AbstractProblemLoader Loading environment from /home/runner/work/key/key/key.core/../key.ui/examples/heap/permissions/threads/Plotter_workingPermissions_accessible.key 
650540     DEBUG main            d.u.i.k.p.i.AbstractProblemLoader Environment load took 170.5ns 
650541     INFO  main            d.u.i.k.p.i.AbstractProblemLoader Creating init config 
656017     DEBUG main            d.u.i.k.p.i.AbstractProblemLoader Init config took 5.48s 
656121     INFO  main            d.u.i.k.p.i.AbstractProblemLoader Replaying proof Plotter[ThreadSpec2::workingPermissions()].JML accessible clause.0 
656122     DEBUG main            d.u.i.k.p.i.IntermediateProofReplayer Proof replay took 3.6ns 
656325     INFO  main            d.u.i.k.p.r.p.TestFile    ... finished proof: closed. 
656964     INFO  main            d.u.i.k.p.i.AbstractProblemLoader Loading environment from /home/runner/work/key/key/key.core/../key.ui/examples/heap/permissions/threads/Plotter_workingPermissions_accessible.key.proof 
656964     DEBUG main            d.u.i.k.p.i.AbstractProblemLoader Environment load took 88.9ns 
656965     INFO  main            d.u.i.k.p.i.AbstractProblemLoader Creating init config 
662333     DEBUG main            d.u.i.k.p.i.AbstractProblemLoader Init config took 5.37s 
662438     INFO  main            d.u.i.k.p.i.AbstractProblemLoader Replaying proof Plotter[ThreadSpec2::workingPermissions()].JML accessible clause.0 
662453     DEBUG main            d.u.i.k.p.i.IntermediateProofReplayer Proof replay took 13.42ms 
662454     DEBUG main            d.u.i.k.p.r.p.TestFile    ... success: reloaded. 
662455     INFO  main            d.u.i.k.p.r.p.TestFile    Now processing file /home/runner/work/key/key/key.core/../key.ui/examples/heap/permissions/threads/Sampler_initPost_accessible.key 
662455     INFO  main            d.u.i.k.p.i.AbstractProblemLoader Loading environment from /home/runner/work/key/key/key.core/../key.ui/examples/heap/permissions/threads/Sampler_initPost_accessible.key 
662455     DEBUG main            d.u.i.k.p.i.AbstractProblemLoader Environment load took 65.1ns 
662457     INFO  main            d.u.i.k.p.i.AbstractProblemLoader Creating init config 
667972     DEBUG main            d.u.i.k.p.i.AbstractProblemLoader Init config took 5.52s 
668072     INFO  main            d.u.i.k.p.i.AbstractProblemLoader Replaying proof Sampler[ThreadSpec2::initPost()].JML accessible clause.0 
668074     DEBUG main            d.u.i.k.p.i.IntermediateProofReplayer Proof replay took 3.7ns 
668176     INFO  main            d.u.i.k.p.r.p.TestFile    ... finished proof: closed. 
668812     INFO  main            d.u.i.k.p.i.AbstractProblemLoader Loading environment from /home/runner/work/key/key/key.core/../key.ui/examples/heap/permissions/threads/Sampler_initPost_accessible.key.proof 
668812     DEBUG main            d.u.i.k.p.i.AbstractProblemLoader Environment load took 80.7ns 
668813     INFO  main            d.u.i.k.p.i.AbstractProblemLoader Creating init config 
674254     DEBUG main            d.u.i.k.p.i.AbstractProblemLoader Init config took 5.44s 
674354     INFO  main            d.u.i.k.p.i.AbstractProblemLoader Replaying proof Sampler[ThreadSpec2::initPost()].JML accessible clause.0 
674361     DEBUG main            d.u.i.k.p.i.IntermediateProofReplayer Proof replay took 5.05ms 
674362     DEBUG main            d.u.i.k.p.r.p.TestFile    ... success: reloaded. 
674363     INFO  main            d.u.i.k.p.r.p.TestFile    Now processing file /home/runner/work/key/key/key.core/../key.ui/examples/heap/permissions/threads/Sampler_inv_accessible1.key 
674363     INFO  main            d.u.i.k.p.i.AbstractProblemLoader Loading environment from /home/runner/work/key/key/key.core/../key.ui/examples/heap/permissions/threads/Sampler_inv_accessible1.key 
674363     DEBUG main            d.u.i.k.p.i.AbstractProblemLoader Environment load took 51.4ns 
674364     INFO  main            d.u.i.k.p.i.AbstractProblemLoader Creating init config 
679944     DEBUG main            d.u.i.k.p.i.AbstractProblemLoader Init config took 5.58s 
680044     INFO  main            d.u.i.k.p.i.AbstractProblemLoader Replaying proof Sampler[java.lang.Object::<inv>()].JML accessible clause.0 
680046     DEBUG main            d.u.i.k.p.i.IntermediateProofReplayer Proof replay took 3.4ns 
680147     INFO  main            d.u.i.k.p.r.p.TestFile    ... finished proof: closed. 
680806     INFO  main            d.u.i.k.p.i.AbstractProblemLoader Loading environment from /home/runner/work/key/key/key.core/../key.ui/examples/heap/permissions/threads/Sampler_inv_accessible1.key.proof 
680806     DEBUG main            d.u.i.k.p.i.AbstractProblemLoader Environment load took 121.2ns 
680807     INFO  main            d.u.i.k.p.i.AbstractProblemLoader Creating init config 
686233     DEBUG main            d.u.i.k.p.i.AbstractProblemLoader Init config took 5.43s 
686329     INFO  main            d.u.i.k.p.i.AbstractProblemLoader Replaying proof Sampler[java.lang.Object::<inv>()].JML accessible clause.0 
686332     DEBUG main            d.u.i.k.p.i.IntermediateProofReplayer Proof replay took 1.5ms 
686333     DEBUG main            d.u.i.k.p.r.p.TestFile    ... success: reloaded. 
686334     INFO  main            d.u.i.k.p.r.p.TestFile    Now processing file /home/runner/work/key/key/key.core/../key.ui/examples/heap/permissions/threads/Sampler_inv_accessible2.key 
686334     INFO  main            d.u.i.k.p.i.AbstractProblemLoader Loading environment from /home/runner/work/key/key/key.core/../key.ui/examples/heap/permissions/threads/Sampler_inv_accessible2.key 
686334     DEBUG main            d.u.i.k.p.i.AbstractProblemLoader Environment load took 96.9ns 
686335     INFO  main            d.u.i.k.p.i.AbstractProblemLoader Creating init config 
691879     DEBUG main            d.u.i.k.p.i.AbstractProblemLoader Init config took 5.54s 
692001     INFO  main            d.u.i.k.p.i.AbstractProblemLoader Replaying proof Sampler[java.lang.Object::<inv>()].JML accessible clause.1 
692003     DEBUG main            d.u.i.k.p.i.IntermediateProofReplayer Proof replay took 3.1ns 
692105     INFO  main            d.u.i.k.p.r.p.TestFile    ... finished proof: closed. 
692743     INFO  main            d.u.i.k.p.i.AbstractProblemLoader Loading environment from /home/runner/work/key/key/key.core/../key.ui/examples/heap/permissions/threads/Sampler_inv_accessible2.key.proof 
692743     DEBUG main            d.u.i.k.p.i.AbstractProblemLoader Environment load took 79.1ns 
692744     INFO  main            d.u.i.k.p.i.AbstractProblemLoader Creating init config 
698182     DEBUG main            d.u.i.k.p.i.AbstractProblemLoader Init config took 5.44s 
698276     INFO  main            d.u.i.k.p.i.AbstractProblemLoader Replaying proof Sampler[java.lang.Object::<inv>()].JML accessible clause.1 
698280     DEBUG main            d.u.i.k.p.i.IntermediateProofReplayer Proof replay took 2.19ms 
698281     DEBUG main            d.u.i.k.p.r.p.TestFile    ... success: reloaded. 
698282     INFO  main            d.u.i.k.p.r.p.TestFile    Now processing file /home/runner/work/key/key/key.core/../key.ui/examples/heap/permissions/threads/Sampler_joinTransfer_accessible.key 
698282     INFO  main            d.u.i.k.p.i.AbstractProblemLoader Loading environment from /home/runner/work/key/key/key.core/../key.ui/examples/heap/permissions/threads/Sampler_joinTransfer_accessible.key 
698282     DEBUG main            d.u.i.k.p.i.AbstractProblemLoader Environment load took 44.1ns 
698283     INFO  main            d.u.i.k.p.i.AbstractProblemLoader Creating init config 
703965     DEBUG main            d.u.i.k.p.i.AbstractProblemLoader Init config took 5.68s 
704066     INFO  main            d.u.i.k.p.i.AbstractProblemLoader Replaying proof Sampler[ThreadSpec2::joinTransfer()].JML accessible clause.0 
704068     DEBUG main            d.u.i.k.p.i.IntermediateProofReplayer Proof replay took 3.1ns 
708180     INFO  main            d.u.i.k.p.r.p.TestFile    ... finished proof: closed. 
708856     INFO  main            d.u.i.k.p.i.AbstractProblemLoader Loading environment from /home/runner/work/key/key/key.core/../key.ui/examples/heap/permissions/threads/Sampler_joinTransfer_accessible.key.proof 
708856     DEBUG main            d.u.i.k.p.i.AbstractProblemLoader Environment load took 402.1ns 
708857     INFO  main            d.u.i.k.p.i.AbstractProblemLoader Creating init config 
714426     DEBUG main            d.u.i.k.p.i.AbstractProblemLoader Init config took 5.57s 
714525     INFO  main            d.u.i.k.p.i.AbstractProblemLoader Replaying proof Sampler[ThreadSpec2::joinTransfer()].JML accessible clause.0 
715070     DEBUG main            d.u.i.k.p.i.IntermediateProofReplayer Proof replay took 532.54ms 
715071     DEBUG main            d.u.i.k.p.r.p.TestFile    ... success: reloaded. 
715072     INFO  main            d.u.i.k.p.r.p.TestFile    Now processing file /home/runner/work/key/key/key.core/../key.ui/examples/heap/permissions/threads/Sampler_joinTransfer_contract.key 
715073     INFO  main            d.u.i.k.p.i.AbstractProblemLoader Loading environment from /home/runner/work/key/key/key.core/../key.ui/examples/heap/permissions/threads/Sampler_joinTransfer_contract.key 
715073     DEBUG main            d.u.i.k.p.i.AbstractProblemLoader Environment load took 104.5ns 
715074     INFO  main            d.u.i.k.p.i.AbstractProblemLoader Creating init config 
720723     DEBUG main            d.u.i.k.p.i.AbstractProblemLoader Init config took 5.65s 
720823     INFO  main            d.u.i.k.p.i.AbstractProblemLoader Replaying proof Sampler[ThreadSpec2::joinTransfer()].JML model_behavior operation contract.0 
720825     DEBUG main            d.u.i.k.p.i.IntermediateProofReplayer Proof replay took 4.2ns 
720926     INFO  main            d.u.i.k.p.r.p.TestFile    ... finished proof: closed. 
721595     INFO  main            d.u.i.k.p.i.AbstractProblemLoader Loading environment from /home/runner/work/key/key/key.core/../key.ui/examples/heap/permissions/threads/Sampler_joinTransfer_contract.key.proof 
721595     DEBUG main            d.u.i.k.p.i.AbstractProblemLoader Environment load took 86.3ns 
721596     INFO  main            d.u.i.k.p.i.AbstractProblemLoader Creating init config 
727184     DEBUG main            d.u.i.k.p.i.AbstractProblemLoader Init config took 5.59s 
727298     INFO  main            d.u.i.k.p.i.AbstractProblemLoader Replaying proof Sampler[ThreadSpec2::joinTransfer()].JML model_behavior operation contract.0 
727308     DEBUG main            d.u.i.k.p.i.IntermediateProofReplayer Proof replay took 8.22ms 
727309     DEBUG main            d.u.i.k.p.r.p.TestFile    ... success: reloaded. 
727309     INFO  main            d.u.i.k.p.r.p.TestFile    Now processing file /home/runner/work/key/key/key.core/../key.ui/examples/heap/permissions/threads/Sampler_postJoin_accessible.key 
727310     INFO  main            d.u.i.k.p.i.AbstractProblemLoader Loading environment from /home/runner/work/key/key/key.core/../key.ui/examples/heap/permissions/threads/Sampler_postJoin_accessible.key 
727310     DEBUG main            d.u.i.k.p.i.AbstractProblemLoader Environment load took 112.5ns 
727311     INFO  main            d.u.i.k.p.i.AbstractProblemLoader Creating init config 
733000     DEBUG main            d.u.i.k.p.i.AbstractProblemLoader Init config took 5.69s 
733107     INFO  main            d.u.i.k.p.i.AbstractProblemLoader Replaying proof Sampler[ThreadSpec2::postJoin(java.lang.Object)].JML accessible clause.0 
733109     DEBUG main            d.u.i.k.p.i.IntermediateProofReplayer Proof replay took 5.7ns 
733211     INFO  main            d.u.i.k.p.r.p.TestFile    ... finished proof: closed. 
733884     INFO  main            d.u.i.k.p.i.AbstractProblemLoader Loading environment from /home/runner/work/key/key/key.core/../key.ui/examples/heap/permissions/threads/Sampler_postJoin_accessible.key.proof 
733884     DEBUG main            d.u.i.k.p.i.AbstractProblemLoader Environment load took 111.7ns 
733885     INFO  main            d.u.i.k.p.i.AbstractProblemLoader Creating init config 
739507     DEBUG main            d.u.i.k.p.i.AbstractProblemLoader Init config took 5.62s 
739618     INFO  main            d.u.i.k.p.i.AbstractProblemLoader Replaying proof Sampler[ThreadSpec2::postJoin(java.lang.Object)].JML accessible clause.0 
739629     DEBUG main            d.u.i.k.p.i.IntermediateProofReplayer Proof replay took 9.21ms 
739629     DEBUG main            d.u.i.k.p.r.p.TestFile    ... success: reloaded. 
739631     INFO  main            d.u.i.k.p.r.p.TestFile    Now processing file /home/runner/work/key/key/key.core/../key.ui/examples/heap/permissions/threads/Sampler_preStart_accessible.key 
739631     INFO  main            d.u.i.k.p.i.AbstractProblemLoader Loading environment from /home/runner/work/key/key/key.core/../key.ui/examples/heap/permissions/threads/Sampler_preStart_accessible.key 
739631     DEBUG main            d.u.i.k.p.i.AbstractProblemLoader Environment load took 74.4ns 
739632     INFO  main            d.u.i.k.p.i.AbstractProblemLoader Creating init config 
745484     DEBUG main            d.u.i.k.p.i.AbstractProblemLoader Init config took 5.85s 
745608     INFO  main            d.u.i.k.p.i.AbstractProblemLoader Replaying proof Sampler[ThreadSpec2::preStart(java.lang.Object)].JML accessible clause.0 
745610     DEBUG main            d.u.i.k.p.i.IntermediateProofReplayer Proof replay took 3.2ns 
745812     INFO  main            d.u.i.k.p.r.p.TestFile    ... finished proof: closed. 
746489     INFO  main            d.u.i.k.p.i.AbstractProblemLoader Loading environment from /home/runner/work/key/key/key.core/../key.ui/examples/heap/permissions/threads/Sampler_preStart_accessible.key.proof 
746489     DEBUG main            d.u.i.k.p.i.AbstractProblemLoader Environment load took 111.6ns 
746490     INFO  main            d.u.i.k.p.i.AbstractProblemLoader Creating init config 
752329     DEBUG main            d.u.i.k.p.i.AbstractProblemLoader Init config took 5.84s 
752445     INFO  main            d.u.i.k.p.i.AbstractProblemLoader Replaying proof Sampler[ThreadSpec2::preStart(java.lang.Object)].JML accessible clause.0 
752458     DEBUG main            d.u.i.k.p.i.IntermediateProofReplayer Proof replay took 10.96ms 
752459     DEBUG main            d.u.i.k.p.r.p.TestFile    ... success: reloaded. 
752460     INFO  main            d.u.i.k.p.r.p.TestFile    Now processing file /home/runner/work/key/key/key.core/../key.ui/examples/heap/permissions/threads/Sampler_run.key 
752461     INFO  main            d.u.i.k.p.i.AbstractProblemLoader Loading environment from /home/runner/work/key/key/key.core/../key.ui/examples/heap/permissions/threads/Sampler_run.key 
752461     DEBUG main            d.u.i.k.p.i.AbstractProblemLoader Environment load took 184.8ns 
752462     INFO  main            d.u.i.k.p.i.AbstractProblemLoader Creating init config 
758523     DEBUG main            d.u.i.k.p.i.AbstractProblemLoader Init config took 6.06s 
758657     INFO  main            d.u.i.k.p.i.AbstractProblemLoader Replaying proof Sampler[ThreadSpec2::run()].JML normal_behavior operation contract.0 
758659     DEBUG main            d.u.i.k.p.i.IntermediateProofReplayer Proof replay took 4ns 
758961     INFO  main            d.u.i.k.p.r.p.TestFile    ... finished proof: closed. 
759672     INFO  main            d.u.i.k.p.i.AbstractProblemLoader Loading environment from /home/runner/work/key/key/key.core/../key.ui/examples/heap/permissions/threads/Sampler_run.key.proof 
759673     DEBUG main            d.u.i.k.p.i.AbstractProblemLoader Environment load took 90ns 
759674     INFO  main            d.u.i.k.p.i.AbstractProblemLoader Creating init config 
765588     DEBUG main            d.u.i.k.p.i.AbstractProblemLoader Init config took 5.91s 
765701     INFO  main            d.u.i.k.p.i.AbstractProblemLoader Replaying proof Sampler[ThreadSpec2::run()].JML normal_behavior operation contract.0 
765765     DEBUG main            d.u.i.k.p.i.IntermediateProofReplayer Proof replay took 61.37ms 
765766     DEBUG main            d.u.i.k.p.r.p.TestFile    ... success: reloaded. 
765767     INFO  main            d.u.i.k.p.r.p.TestFile    Now processing file /home/runner/work/key/key/key.core/../key.ui/examples/heap/permissions/threads/Sampler_Sampler.key 
765768     INFO  main            d.u.i.k.p.i.AbstractProblemLoader Loading environment from /home/runner/work/key/key/key.core/../key.ui/examples/heap/permissions/threads/Sampler_Sampler.key 
765768     DEBUG main            d.u.i.k.p.i.AbstractProblemLoader Environment load took 194.5ns 
765770     INFO  main            d.u.i.k.p.i.AbstractProblemLoader Creating init config 
771673     DEBUG main            d.u.i.k.p.i.AbstractProblemLoader Init config took 5.9s 
771784     INFO  main            d.u.i.k.p.i.AbstractProblemLoader Replaying proof Sampler[Sampler::Sampler(Buffer)].JML normal_behavior operation contract.0 
771786     DEBUG main            d.u.i.k.p.i.IntermediateProofReplayer Proof replay took 3.8ns 
772489     INFO  main            d.u.i.k.p.r.p.TestFile    ... finished proof: closed. 
773177     INFO  main            d.u.i.k.p.i.AbstractProblemLoader Loading environment from /home/runner/work/key/key/key.core/../key.ui/examples/heap/permissions/threads/Sampler_Sampler.key.proof 
773177     DEBUG main            d.u.i.k.p.i.AbstractProblemLoader Environment load took 92.6ns 
773178     INFO  main            d.u.i.k.p.i.AbstractProblemLoader Creating init config 
779208     DEBUG main            d.u.i.k.p.i.AbstractProblemLoader Init config took 6.03s 
779318     INFO  main            d.u.i.k.p.i.AbstractProblemLoader Replaying proof Sampler[Sampler::Sampler(Buffer)].JML normal_behavior operation contract.0 
779400     DEBUG main            d.u.i.k.p.i.IntermediateProofReplayer Proof replay took 77.2ms 
779401     DEBUG main            d.u.i.k.p.r.p.TestFile    ... success: reloaded. 
779402     INFO  main            d.u.i.k.p.r.p.TestFile    Now processing file /home/runner/work/key/key/key.core/../key.ui/examples/heap/permissions/threads/Sampler_startTransfer_accessible.key 
779402     INFO  main            d.u.i.k.p.i.AbstractProblemLoader Loading environment from /home/runner/work/key/key/key.core/../key.ui/examples/heap/permissions/threads/Sampler_startTransfer_accessible.key 
779402     DEBUG main            d.u.i.k.p.i.AbstractProblemLoader Environment load took 70.3ns 
779403     INFO  main            d.u.i.k.p.i.AbstractProblemLoader Creating init config 
785439     DEBUG main            d.u.i.k.p.i.AbstractProblemLoader Init config took 6.04s 
785558     INFO  main            d.u.i.k.p.i.AbstractProblemLoader Replaying proof Sampler[ThreadSpec2::startTransfer()].JML accessible clause.0 
785559     DEBUG main            d.u.i.k.p.i.IntermediateProofReplayer Proof replay took 3.3ns 
789978     INFO  main            d.u.i.k.p.r.p.TestFile    ... finished proof: closed. 
790694     INFO  main            d.u.i.k.p.i.AbstractProblemLoader Loading environment from /home/runner/work/key/key/key.core/../key.ui/examples/heap/permissions/threads/Sampler_startTransfer_accessible.key.proof 
790695     DEBUG main            d.u.i.k.p.i.AbstractProblemLoader Environment load took 333.5ns 
790696     INFO  main            d.u.i.k.p.i.AbstractProblemLoader Creating init config 
796408     DEBUG main            d.u.i.k.p.i.AbstractProblemLoader Init config took 5.71s 
796506     INFO  main            d.u.i.k.p.i.AbstractProblemLoader Replaying proof Sampler[ThreadSpec2::startTransfer()].JML accessible clause.0 
796939     DEBUG main            d.u.i.k.p.i.IntermediateProofReplayer Proof replay took 422.9ms 
796940     DEBUG main            d.u.i.k.p.r.p.TestFile    ... success: reloaded. 
796941     INFO  main            d.u.i.k.p.r.p.TestFile    Now processing file /home/runner/work/key/key/key.core/../key.ui/examples/heap/permissions/threads/Sampler_startTransfer_contract.key 
796941     INFO  main            d.u.i.k.p.i.AbstractProblemLoader Loading environment from /home/runner/work/key/key/key.core/../key.ui/examples/heap/permissions/threads/Sampler_startTransfer_contract.key 
796941     DEBUG main            d.u.i.k.p.i.AbstractProblemLoader Environment load took 165.2ns 
796942     INFO  main            d.u.i.k.p.i.AbstractProblemLoader Creating init config 
802410     DEBUG main            d.u.i.k.p.i.AbstractProblemLoader Init config took 5.47s 
802508     INFO  main            d.u.i.k.p.i.AbstractProblemLoader Replaying proof Sampler[ThreadSpec2::startTransfer()].JML model_behavior operation contract.0 
802510     DEBUG main            d.u.i.k.p.i.IntermediateProofReplayer Proof replay took 3.2ns 
802612     INFO  main            d.u.i.k.p.r.p.TestFile    ... finished proof: closed. 
803340     INFO  main            d.u.i.k.p.i.AbstractProblemLoader Loading environment from /home/runner/work/key/key/key.core/../key.ui/examples/heap/permissions/threads/Sampler_startTransfer_contract.key.proof 
803340     DEBUG main            d.u.i.k.p.i.AbstractProblemLoader Environment load took 115.5ns 
803341     INFO  main            d.u.i.k.p.i.AbstractProblemLoader Creating init config 
808859     DEBUG main            d.u.i.k.p.i.AbstractProblemLoader Init config took 5.52s 
808955     INFO  main            d.u.i.k.p.i.AbstractProblemLoader Replaying proof Sampler[ThreadSpec2::startTransfer()].JML model_behavior operation contract.0 
808964     DEBUG main            d.u.i.k.p.i.IntermediateProofReplayer Proof replay took 7.87ms 
808965     DEBUG main            d.u.i.k.p.r.p.TestFile    ... success: reloaded. 
808966     INFO  main            d.u.i.k.p.r.p.TestFile    Now processing file /home/runner/work/key/key/key.core/../key.ui/examples/heap/permissions/threads/Sampler_stateInv_accessible.key 
808966     INFO  main            d.u.i.k.p.i.AbstractProblemLoader Loading environment from /home/runner/work/key/key/key.core/../key.ui/examples/heap/permissions/threads/Sampler_stateInv_accessible.key 
808966     DEBUG main            d.u.i.k.p.i.AbstractProblemLoader Environment load took 65.8ns 
808967     INFO  main            d.u.i.k.p.i.AbstractProblemLoader Creating init config 
814553     DEBUG main            d.u.i.k.p.i.AbstractProblemLoader Init config took 5.59s 
814653     INFO  main            d.u.i.k.p.i.AbstractProblemLoader Replaying proof Sampler[ThreadSpec2::stateInv()].JML accessible clause.0 
814655     DEBUG main            d.u.i.k.p.i.IntermediateProofReplayer Proof replay took 3ns 
814757     INFO  main            d.u.i.k.p.r.p.TestFile    ... finished proof: closed. 
815500     INFO  main            d.u.i.k.p.i.AbstractProblemLoader Loading environment from /home/runner/work/key/key/key.core/../key.ui/examples/heap/permissions/threads/Sampler_stateInv_accessible.key.proof 
815500     DEBUG main            d.u.i.k.p.i.AbstractProblemLoader Environment load took 77.8ns 
815501     INFO  main            d.u.i.k.p.i.AbstractProblemLoader Creating init config 
821049     DEBUG main            d.u.i.k.p.i.AbstractProblemLoader Init config took 5.55s 
821151     INFO  main            d.u.i.k.p.i.AbstractProblemLoader Replaying proof Sampler[ThreadSpec2::stateInv()].JML accessible clause.0 
821159     DEBUG main            d.u.i.k.p.i.IntermediateProofReplayer Proof replay took 6.42ms 
821160     DEBUG main            d.u.i.k.p.r.p.TestFile    ... success: reloaded. 
821161     INFO  main            d.u.i.k.p.r.p.TestFile    Now processing file /home/runner/work/key/key/key.core/../key.ui/examples/heap/permissions/threads/Sampler_staticPermissions_accessible.key 
821162     INFO  main            d.u.i.k.p.i.AbstractProblemLoader Loading environment from /home/runner/work/key/key/key.core/../key.ui/examples/heap/permissions/threads/Sampler_staticPermissions_accessible.key 
821162     DEBUG main            d.u.i.k.p.i.AbstractProblemLoader Environment load took 219.2ns 
821163     INFO  main            d.u.i.k.p.i.AbstractProblemLoader Creating init config 
826767     DEBUG main            d.u.i.k.p.i.AbstractProblemLoader Init config took 5.6s 
826866     INFO  main            d.u.i.k.p.i.AbstractProblemLoader Replaying proof Sampler[ThreadSpec2::staticPermissions()].JML accessible clause.0 
826868     DEBUG main            d.u.i.k.p.i.IntermediateProofReplayer Proof replay took 3ns 
826970     INFO  main            d.u.i.k.p.r.p.TestFile    ... finished proof: closed. 
827701     INFO  main            d.u.i.k.p.i.AbstractProblemLoader Loading environment from /home/runner/work/key/key/key.core/../key.ui/examples/heap/permissions/threads/Sampler_staticPermissions_accessible.key.proof 
827701     DEBUG main            d.u.i.k.p.i.AbstractProblemLoader Environment load took 72.3ns 
827702     INFO  main            d.u.i.k.p.i.AbstractProblemLoader Creating init config 
833251     DEBUG main            d.u.i.k.p.i.AbstractProblemLoader Init config took 5.55s 
833356     INFO  main            d.u.i.k.p.i.AbstractProblemLoader Replaying proof Sampler[ThreadSpec2::staticPermissions()].JML accessible clause.0 
833362     DEBUG main            d.u.i.k.p.i.IntermediateProofReplayer Proof replay took 3.61ms 
833363     DEBUG main            d.u.i.k.p.r.p.TestFile    ... success: reloaded. 
833364     INFO  main            d.u.i.k.p.r.p.TestFile    Now processing file /home/runner/work/key/key/key.core/../key.ui/examples/heap/permissions/threads/Sampler_workingPermissions_accessible.key 
833365     INFO  main            d.u.i.k.p.i.AbstractProblemLoader Loading environment from /home/runner/work/key/key/key.core/../key.ui/examples/heap/permissions/threads/Sampler_workingPermissions_accessible.key 
833365     DEBUG main            d.u.i.k.p.i.AbstractProblemLoader Environment load took 89ns 
833366     INFO  main            d.u.i.k.p.i.AbstractProblemLoader Creating init config 
838801     DEBUG main            d.u.i.k.p.i.AbstractProblemLoader Init config took 5.44s 
838929     INFO  main            d.u.i.k.p.i.AbstractProblemLoader Replaying proof Sampler[ThreadSpec2::workingPermissions()].JML accessible clause.0 
838930     DEBUG main            d.u.i.k.p.i.IntermediateProofReplayer Proof replay took 3.2ns 
839031     INFO  main            d.u.i.k.p.r.p.TestFile    ... finished proof: closed. 
839769     INFO  main            d.u.i.k.p.i.AbstractProblemLoader Loading environment from /home/runner/work/key/key/key.core/../key.ui/examples/heap/permissions/threads/Sampler_workingPermissions_accessible.key.proof 
839769     DEBUG main            d.u.i.k.p.i.AbstractProblemLoader Environment load took 79.7ns 
839770     INFO  main            d.u.i.k.p.i.AbstractProblemLoader Creating init config 
845233     DEBUG main            d.u.i.k.p.i.AbstractProblemLoader Init config took 5.46s 
845332     INFO  main            d.u.i.k.p.i.AbstractProblemLoader Replaying proof Sampler[ThreadSpec2::workingPermissions()].JML accessible clause.0 
845340     DEBUG main            d.u.i.k.p.i.IntermediateProofReplayer Proof replay took 5.21ms 
845341     DEBUG main            d.u.i.k.p.r.p.TestFile    ... success: reloaded. 
845342     INFO  main            d.u.i.k.p.r.p.TestFile    Now processing file /home/runner/work/key/key/key.core/../key.ui/examples/heap/permissions/mulleretal/ReadWrite_doRead_contract.key 
845342     INFO  main            d.u.i.k.p.i.AbstractProblemLoader Loading environment from /home/runner/work/key/key/key.core/../key.ui/examples/heap/permissions/mulleretal/ReadWrite_doRead_contract.key 
845342     DEBUG main            d.u.i.k.p.i.AbstractProblemLoader Environment load took 83.5ns 
845343     INFO  main            d.u.i.k.p.i.AbstractProblemLoader Creating init config 
848467     DEBUG main            d.u.i.k.p.i.AbstractProblemLoader Init config took 3.12s 
848505     INFO  main            d.u.i.k.p.i.AbstractProblemLoader Replaying proof ReadWrite[ReadWrite::doRead()].JML normal_behavior operation contract.0 
848508     DEBUG main            d.u.i.k.p.i.IntermediateProofReplayer Proof replay took 3.8ns 
850417     INFO  main            d.u.i.k.p.r.p.TestFile    ... finished proof: closed. 
851212     INFO  main            d.u.i.k.p.i.AbstractProblemLoader Loading environment from /home/runner/work/key/key/key.core/../key.ui/examples/heap/permissions/mulleretal/ReadWrite_doRead_contract.key.proof 
851213     DEBUG main            d.u.i.k.p.i.AbstractProblemLoader Environment load took 366.4ns 
851214     INFO  main            d.u.i.k.p.i.AbstractProblemLoader Creating init config 
854265     DEBUG main            d.u.i.k.p.i.AbstractProblemLoader Init config took 3.05s 
854304     INFO  main            d.u.i.k.p.i.AbstractProblemLoader Replaying proof ReadWrite[ReadWrite::doRead()].JML normal_behavior operation contract.0 
854721     DEBUG main            d.u.i.k.p.i.IntermediateProofReplayer Proof replay took 410ms 
854722     DEBUG main            d.u.i.k.p.r.p.TestFile    ... success: reloaded. 
854723     INFO  main            d.u.i.k.p.r.p.TestFile    Now processing file /home/runner/work/key/key/key.core/../key.ui/examples/heap/permissions/mulleretal/ReadWrite_doWrite_contract.key 
854723     INFO  main            d.u.i.k.p.i.AbstractProblemLoader Loading environment from /home/runner/work/key/key/key.core/../key.ui/examples/heap/permissions/mulleretal/ReadWrite_doWrite_contract.key 
854723     DEBUG main            d.u.i.k.p.i.AbstractProblemLoader Environment load took 91.3ns 
854724     INFO  main            d.u.i.k.p.i.AbstractProblemLoader Creating init config 
857909     DEBUG main            d.u.i.k.p.i.AbstractProblemLoader Init config took 3.19s 
857951     INFO  main            d.u.i.k.p.i.AbstractProblemLoader Replaying proof ReadWrite[ReadWrite::doWrite()].JML normal_behavior operation contract.0 
857953     DEBUG main            d.u.i.k.p.i.IntermediateProofReplayer Proof replay took 3ns 
859879     INFO  main            d.u.i.k.p.r.p.TestFile    ... finished proof: closed. 
860662     INFO  main            d.u.i.k.p.i.AbstractProblemLoader Loading environment from /home/runner/work/key/key/key.core/../key.ui/examples/heap/permissions/mulleretal/ReadWrite_doWrite_contract.key.proof 
860663     DEBUG main            d.u.i.k.p.i.AbstractProblemLoader Environment load took 385.1ns 
860664     INFO  main            d.u.i.k.p.i.AbstractProblemLoader Creating init config 
863796     DEBUG main            d.u.i.k.p.i.AbstractProblemLoader Init config took 3.13s 
863834     INFO  main            d.u.i.k.p.i.AbstractProblemLoader Replaying proof ReadWrite[ReadWrite::doWrite()].JML normal_behavior operation contract.0 
864252     DEBUG main            d.u.i.k.p.i.IntermediateProofReplayer Proof replay took 412.62ms 
864254     DEBUG main            d.u.i.k.p.r.p.TestFile    ... success: reloaded. 
864254     INFO  main            d.u.i.k.p.r.p.TestFile    Now processing file /home/runner/work/key/key/key.core/../key.ui/examples/heap/permissions/mulleretal/ReadWrite_read_contract.key 
864255     INFO  main            d.u.i.k.p.i.AbstractProblemLoader Loading environment from /home/runner/work/key/key/key.core/../key.ui/examples/heap/permissions/mulleretal/ReadWrite_read_contract.key 
864255     DEBUG main            d.u.i.k.p.i.AbstractProblemLoader Environment load took 329.51ns 
864256     INFO  main            d.u.i.k.p.i.AbstractProblemLoader Creating init config 
867376     DEBUG main            d.u.i.k.p.i.AbstractProblemLoader Init config took 3.12s 
867420     INFO  main            d.u.i.k.p.i.AbstractProblemLoader Replaying proof ReadWrite[ReadWrite::read()].JML normal_behavior operation contract.0 
867423     DEBUG main            d.u.i.k.p.i.IntermediateProofReplayer Proof replay took 3.5ns 
867525     INFO  main            d.u.i.k.p.r.p.TestFile    ... finished proof: closed. 
868296     INFO  main            d.u.i.k.p.i.AbstractProblemLoader Loading environment from /home/runner/work/key/key/key.core/../key.ui/examples/heap/permissions/mulleretal/ReadWrite_read_contract.key.proof 
868296     DEBUG main            d.u.i.k.p.i.AbstractProblemLoader Environment load took 83.7ns 
868298     INFO  main            d.u.i.k.p.i.AbstractProblemLoader Creating init config 
871390     DEBUG main            d.u.i.k.p.i.AbstractProblemLoader Init config took 3.09s 
871430     INFO  main            d.u.i.k.p.i.AbstractProblemLoader Replaying proof ReadWrite[ReadWrite::read()].JML normal_behavior operation contract.0 
871439     DEBUG main            d.u.i.k.p.i.IntermediateProofReplayer Proof replay took 6.9ms 
871439     DEBUG main            d.u.i.k.p.r.p.TestFile    ... success: reloaded. 
871440     INFO  main            d.u.i.k.p.r.p.TestFile    Now processing file /home/runner/work/key/key/key.core/../key.ui/examples/heap/permissions/mulleretal/ReadWrite_write_contract.key 
871440     INFO  main            d.u.i.k.p.i.AbstractProblemLoader Loading environment from /home/runner/work/key/key/key.core/../key.ui/examples/heap/permissions/mulleretal/ReadWrite_write_contract.key 
871440     DEBUG main            d.u.i.k.p.i.AbstractProblemLoader Environment load took 77.6ns 
871441     INFO  main            d.u.i.k.p.i.AbstractProblemLoader Creating init config 
874572     DEBUG main            d.u.i.k.p.i.AbstractProblemLoader Init config took 3.13s 
874610     INFO  main            d.u.i.k.p.i.AbstractProblemLoader Replaying proof ReadWrite[ReadWrite::write()].JML normal_behavior operation contract.0 
874612     DEBUG main            d.u.i.k.p.i.IntermediateProofReplayer Proof replay took 31.4ns 
874814     INFO  main            d.u.i.k.p.r.p.TestFile    ... finished proof: closed. 
875609     INFO  main            d.u.i.k.p.i.AbstractProblemLoader Loading environment from /home/runner/work/key/key/key.core/../key.ui/examples/heap/permissions/mulleretal/ReadWrite_write_contract.key.proof 
875609     DEBUG main            d.u.i.k.p.i.AbstractProblemLoader Environment load took 76.1ns 
875611     INFO  main            d.u.i.k.p.i.AbstractProblemLoader Creating init config 
878674     DEBUG main            d.u.i.k.p.i.AbstractProblemLoader Init config took 3.06s 
878713     INFO  main            d.u.i.k.p.i.AbstractProblemLoader Replaying proof ReadWrite[ReadWrite::write()].JML normal_behavior operation contract.0 
878739     DEBUG main            d.u.i.k.p.i.IntermediateProofReplayer Proof replay took 24.19ms 
878740     DEBUG main            d.u.i.k.p.r.p.TestFile    ... success: reloaded. 
878741     INFO  main            d.u.i.k.p.r.p.TestFile    Now processing file /home/runner/work/key/key/key.core/../key.ui/examples/heap/permissions/mulleretal/ReadWrite_inv1_accessible.key 
878741     INFO  main            d.u.i.k.p.i.AbstractProblemLoader Loading environment from /home/runner/work/key/key/key.core/../key.ui/examples/heap/permissions/mulleretal/ReadWrite_inv1_accessible.key 
878741     DEBUG main            d.u.i.k.p.i.AbstractProblemLoader Environment load took 74.1ns 
878742     INFO  main            d.u.i.k.p.i.AbstractProblemLoader Creating init config 
881909     DEBUG main            d.u.i.k.p.i.AbstractProblemLoader Init config took 3.17s 
881952     INFO  main            d.u.i.k.p.i.AbstractProblemLoader Replaying proof ReadWrite[java.lang.Object::<inv>()].JML accessible clause.0 
881954     DEBUG main            d.u.i.k.p.i.IntermediateProofReplayer Proof replay took 3.5ns 
882056     INFO  main            d.u.i.k.p.r.p.TestFile    ... finished proof: closed. 
882858     INFO  main            d.u.i.k.p.i.AbstractProblemLoader Loading environment from /home/runner/work/key/key/key.core/../key.ui/examples/heap/permissions/mulleretal/ReadWrite_inv1_accessible.key.proof 
882858     DEBUG main            d.u.i.k.p.i.AbstractProblemLoader Environment load took 92.1ns 
882859     INFO  main            d.u.i.k.p.i.AbstractProblemLoader Creating init config 
885945     DEBUG main            d.u.i.k.p.i.AbstractProblemLoader Init config took 3.09s 
885986     INFO  main            d.u.i.k.p.i.AbstractProblemLoader Replaying proof ReadWrite[java.lang.Object::<inv>()].JML accessible clause.0 
885989     DEBUG main            d.u.i.k.p.i.IntermediateProofReplayer Proof replay took 1.5ms 
885989     DEBUG main            d.u.i.k.p.r.p.TestFile    ... success: reloaded. 
885990     INFO  main            d.u.i.k.p.r.p.TestFile    Now processing file /home/runner/work/key/key/key.core/../key.ui/examples/heap/permissions/mulleretal/ReadWrite_inv2_accessible.key 
885990     INFO  main            d.u.i.k.p.i.AbstractProblemLoader Loading environment from /home/runner/work/key/key/key.core/../key.ui/examples/heap/permissions/mulleretal/ReadWrite_inv2_accessible.key 
885990     DEBUG main            d.u.i.k.p.i.AbstractProblemLoader Environment load took 53.3ns 
885991     INFO  main            d.u.i.k.p.i.AbstractProblemLoader Creating init config 
889100     DEBUG main            d.u.i.k.p.i.AbstractProblemLoader Init config took 3.11s 
889140     INFO  main            d.u.i.k.p.i.AbstractProblemLoader Replaying proof ReadWrite[java.lang.Object::<inv>()].JML accessible clause.1 
889142     DEBUG main            d.u.i.k.p.i.IntermediateProofReplayer Proof replay took 3.6ns 
889244     INFO  main            d.u.i.k.p.r.p.TestFile    ... finished proof: closed. 
890058     INFO  main            d.u.i.k.p.i.AbstractProblemLoader Loading environment from /home/runner/work/key/key/key.core/../key.ui/examples/heap/permissions/mulleretal/ReadWrite_inv2_accessible.key.proof 
890059     DEBUG main            d.u.i.k.p.i.AbstractProblemLoader Environment load took 76.7ns 
890059     INFO  main            d.u.i.k.p.i.AbstractProblemLoader Creating init config 
893151     DEBUG main            d.u.i.k.p.i.AbstractProblemLoader Init config took 3.09s 
893188     INFO  main            d.u.i.k.p.i.AbstractProblemLoader Replaying proof ReadWrite[java.lang.Object::<inv>()].JML accessible clause.1 
893192     DEBUG main            d.u.i.k.p.i.IntermediateProofReplayer Proof replay took 1.87ms 
893192     DEBUG main            d.u.i.k.p.r.p.TestFile    ... success: reloaded. 
893193     INFO  main            d.u.i.k.p.r.p.TestFile    Now processing file /home/runner/work/key/key/key.core/../key.ui/examples/heap/permissions/lockspec/Counter_lockConsistent_contract.key 
893193     INFO  main            d.u.i.k.p.i.AbstractProblemLoader Loading environment from /home/runner/work/key/key/key.core/../key.ui/examples/heap/permissions/lockspec/Counter_lockConsistent_contract.key 
893193     DEBUG main            d.u.i.k.p.i.AbstractProblemLoader Environment load took 87.2ns 
893194     INFO  main            d.u.i.k.p.i.AbstractProblemLoader Creating init config 
896985     DEBUG main            d.u.i.k.p.i.AbstractProblemLoader Init config took 3.79s 
897056     INFO  main            d.u.i.k.p.i.AbstractProblemLoader Replaying proof Counter[LockSpec::lockConsistent()].JML model_behavior operation contract.0 
897058     DEBUG main            d.u.i.k.p.i.IntermediateProofReplayer Proof replay took 3.2ns 
898267     INFO  main            d.u.i.k.p.r.p.TestFile    ... finished proof: closed. 
899069     INFO  main            d.u.i.k.p.i.AbstractProblemLoader Loading environment from /home/runner/work/key/key/key.core/../key.ui/examples/heap/permissions/lockspec/Counter_lockConsistent_contract.key.proof 
899069     DEBUG main            d.u.i.k.p.i.AbstractProblemLoader Environment load took 424ns 
899071     INFO  main            d.u.i.k.p.i.AbstractProblemLoader Creating init config 
902720     DEBUG main            d.u.i.k.p.i.AbstractProblemLoader Init config took 3.65s 
902782     INFO  main            d.u.i.k.p.i.AbstractProblemLoader Replaying proof Counter[LockSpec::lockConsistent()].JML model_behavior operation contract.0 
902992     DEBUG main            d.u.i.k.p.i.IntermediateProofReplayer Proof replay took 201.51ms 
902993     DEBUG main            d.u.i.k.p.r.p.TestFile    ... success: reloaded. 
902995     INFO  main            d.u.i.k.p.r.p.TestFile    Now processing file /home/runner/work/key/key/key.core/../key.ui/examples/heap/permissions/lockspec/Counter_increase_contract.key 
902995     INFO  main            d.u.i.k.p.i.AbstractProblemLoader Loading environment from /home/runner/work/key/key/key.core/../key.ui/examples/heap/permissions/lockspec/Counter_increase_contract.key 
902995     DEBUG main            d.u.i.k.p.i.AbstractProblemLoader Environment load took 221.2ns 
902996     INFO  main            d.u.i.k.p.i.AbstractProblemLoader Creating init config 
906732     DEBUG main            d.u.i.k.p.i.AbstractProblemLoader Init config took 3.74s 
906818     INFO  main            d.u.i.k.p.i.AbstractProblemLoader Replaying proof Counter[Counter::increase()].JML normal_behavior operation contract.0 
906825     DEBUG main            d.u.i.k.p.i.IntermediateProofReplayer Proof replay took 3.7ns 
908736     INFO  main            d.u.i.k.p.r.p.TestFile    ... finished proof: closed. 
909586     INFO  main            d.u.i.k.p.i.AbstractProblemLoader Loading environment from /home/runner/work/key/key/key.core/../key.ui/examples/heap/permissions/lockspec/Counter_increase_contract.key.proof 
909586     DEBUG main            d.u.i.k.p.i.AbstractProblemLoader Environment load took 118.8ns 
909588     INFO  main            d.u.i.k.p.i.AbstractProblemLoader Creating init config 
913448     DEBUG main            d.u.i.k.p.i.AbstractProblemLoader Init config took 3.86s 
913515     INFO  main            d.u.i.k.p.i.AbstractProblemLoader Replaying proof Counter[Counter::increase()].JML normal_behavior operation contract.0 
913886     DEBUG main            d.u.i.k.p.i.IntermediateProofReplayer Proof replay took 351.82ms 
913888     DEBUG main            d.u.i.k.p.r.p.TestFile    ... success: reloaded. 
913889     INFO  main            d.u.i.k.p.r.p.TestFile    Now processing file /home/runner/work/key/key/key.core/../key.ui/examples/heap/permissions/lockspec/Counter_fp_accessible.key 
913890     INFO  main            d.u.i.k.p.i.AbstractProblemLoader Loading environment from /home/runner/work/key/key/key.core/../key.ui/examples/heap/permissions/lockspec/Counter_fp_accessible.key 
913890     DEBUG main            d.u.i.k.p.i.AbstractProblemLoader Environment load took 111.4ns 
913891     INFO  main            d.u.i.k.p.i.AbstractProblemLoader Creating init config 
917725     DEBUG main            d.u.i.k.p.i.AbstractProblemLoader Init config took 3.83s 
917790     INFO  main            d.u.i.k.p.i.AbstractProblemLoader Replaying proof Counter[LockSpec::fp()].JML accessible clause.0 
917792     DEBUG main            d.u.i.k.p.i.IntermediateProofReplayer Proof replay took 3.3ns 
917894     INFO  main            d.u.i.k.p.r.p.TestFile    ... finished proof: closed. 
918679     INFO  main            d.u.i.k.p.i.AbstractProblemLoader Loading environment from /home/runner/work/key/key/key.core/../key.ui/examples/heap/permissions/lockspec/Counter_fp_accessible.key.proof 
918679     DEBUG main            d.u.i.k.p.i.AbstractProblemLoader Environment load took 93.3ns 
918680     INFO  main            d.u.i.k.p.i.AbstractProblemLoader Creating init config 
922358     DEBUG main            d.u.i.k.p.i.AbstractProblemLoader Init config took 3.68s 
922421     INFO  main            d.u.i.k.p.i.AbstractProblemLoader Replaying proof Counter[LockSpec::fp()].JML accessible clause.0 
922431     DEBUG main            d.u.i.k.p.i.IntermediateProofReplayer Proof replay took 7.45ms 
922431     DEBUG main            d.u.i.k.p.r.p.TestFile    ... success: reloaded. 
922432     INFO  main            d.u.i.k.p.r.p.TestFile    Now processing file /home/runner/work/key/key/key.core/../key.ui/examples/heap/permissions/lockspec/Counter_fpLock_accessible.key 
922433     INFO  main            d.u.i.k.p.i.AbstractProblemLoader Loading environment from /home/runner/work/key/key/key.core/../key.ui/examples/heap/permissions/lockspec/Counter_fpLock_accessible.key 
922433     DEBUG main            d.u.i.k.p.i.AbstractProblemLoader Environment load took 52.9ns 
922433     INFO  main            d.u.i.k.p.i.AbstractProblemLoader Creating init config 
926192     DEBUG main            d.u.i.k.p.i.AbstractProblemLoader Init config took 3.76s 
926256     INFO  main            d.u.i.k.p.i.AbstractProblemLoader Replaying proof Counter[LockSpec::fpLock()].JML accessible clause.0 
926258     DEBUG main            d.u.i.k.p.i.IntermediateProofReplayer Proof replay took 3.8ns 
926363     INFO  main            d.u.i.k.p.r.p.TestFile    ... finished proof: closed. 
927210     INFO  main            d.u.i.k.p.i.AbstractProblemLoader Loading environment from /home/runner/work/key/key/key.core/../key.ui/examples/heap/permissions/lockspec/Counter_fpLock_accessible.key.proof 
927210     DEBUG main            d.u.i.k.p.i.AbstractProblemLoader Environment load took 74.8ns 
927211     INFO  main            d.u.i.k.p.i.AbstractProblemLoader Creating init config 
931032     DEBUG main            d.u.i.k.p.i.AbstractProblemLoader Init config took 3.82s 
931117     INFO  main            d.u.i.k.p.i.AbstractProblemLoader Replaying proof Counter[LockSpec::fpLock()].JML accessible clause.0 
931129     DEBUG main            d.u.i.k.p.i.IntermediateProofReplayer Proof replay took 10.07ms 
931130     DEBUG main            d.u.i.k.p.r.p.TestFile    ... success: reloaded. 
931131     INFO  main            d.u.i.k.p.r.p.TestFile    Now processing file /home/runner/work/key/key/key.core/../key.ui/examples/heap/permissions/lockspec/Counter_fpPerm_accessible.key 
931131     INFO  main            d.u.i.k.p.i.AbstractProblemLoader Loading environment from /home/runner/work/key/key/key.core/../key.ui/examples/heap/permissions/lockspec/Counter_fpPerm_accessible.key 
931132     DEBUG main            d.u.i.k.p.i.AbstractProblemLoader Environment load took 201.2ns 
931132     INFO  main            d.u.i.k.p.i.AbstractProblemLoader Creating init config 
935067     DEBUG main            d.u.i.k.p.i.AbstractProblemLoader Init config took 3.93s 
935128     INFO  main            d.u.i.k.p.i.AbstractProblemLoader Replaying proof Counter[LockSpec::fpPerm()].JML accessible clause.0 
935130     DEBUG main            d.u.i.k.p.i.IntermediateProofReplayer Proof replay took 3.3ns 
935232     INFO  main            d.u.i.k.p.r.p.TestFile    ... finished proof: closed. 
936058     INFO  main            d.u.i.k.p.i.AbstractProblemLoader Loading environment from /home/runner/work/key/key/key.core/../key.ui/examples/heap/permissions/lockspec/Counter_fpPerm_accessible.key.proof 
936058     DEBUG main            d.u.i.k.p.i.AbstractProblemLoader Environment load took 77.6ns 
936059     INFO  main            d.u.i.k.p.i.AbstractProblemLoader Creating init config 
939937     DEBUG main            d.u.i.k.p.i.AbstractProblemLoader Init config took 3.88s 
940025     INFO  main            d.u.i.k.p.i.AbstractProblemLoader Replaying proof Counter[LockSpec::fpPerm()].JML accessible clause.0 
940037     DEBUG main            d.u.i.k.p.i.IntermediateProofReplayer Proof replay took 8.08ms 
940038     DEBUG main            d.u.i.k.p.r.p.TestFile    ... success: reloaded. 
940039     INFO  main            d.u.i.k.p.r.p.TestFile    Now processing file /home/runner/work/key/key/key.core/../key.ui/examples/heap/permissions/lockspec/Counter_inv_accessible1.key 
940039     INFO  main            d.u.i.k.p.i.AbstractProblemLoader Loading environment from /home/runner/work/key/key/key.core/../key.ui/examples/heap/permissions/lockspec/Counter_inv_accessible1.key 
940040     DEBUG main            d.u.i.k.p.i.AbstractProblemLoader Environment load took 278.6ns 
940041     INFO  main            d.u.i.k.p.i.AbstractProblemLoader Creating init config 
944121     DEBUG main            d.u.i.k.p.i.AbstractProblemLoader Init config took 4.08s 
944184     INFO  main            d.u.i.k.p.i.AbstractProblemLoader Replaying proof Counter[java.lang.Object::<inv>()].JML accessible clause.0 
944187     DEBUG main            d.u.i.k.p.i.IntermediateProofReplayer Proof replay took 3.2ns 
944288     INFO  main            d.u.i.k.p.r.p.TestFile    ... finished proof: closed. 
945127     INFO  main            d.u.i.k.p.i.AbstractProblemLoader Loading environment from /home/runner/work/key/key/key.core/../key.ui/examples/heap/permissions/lockspec/Counter_inv_accessible1.key.proof 
945127     DEBUG main            d.u.i.k.p.i.AbstractProblemLoader Environment load took 78.6ns 
945128     INFO  main            d.u.i.k.p.i.AbstractProblemLoader Creating init config 
949024     DEBUG main            d.u.i.k.p.i.AbstractProblemLoader Init config took 3.9s 
949107     INFO  main            d.u.i.k.p.i.AbstractProblemLoader Replaying proof Counter[java.lang.Object::<inv>()].JML accessible clause.0 
949128     DEBUG main            d.u.i.k.p.i.IntermediateProofReplayer Proof replay took 19.03ms 
949132     DEBUG main            d.u.i.k.p.r.p.TestFile    ... success: reloaded. 
949133     INFO  main            d.u.i.k.p.r.p.TestFile    Now processing file /home/runner/work/key/key/key.core/../key.ui/examples/heap/permissions/lockspec/Counter_inv_accessible2.key 
949134     INFO  main            d.u.i.k.p.i.AbstractProblemLoader Loading environment from /home/runner/work/key/key/key.core/../key.ui/examples/heap/permissions/lockspec/Counter_inv_accessible2.key 
949134     DEBUG main            d.u.i.k.p.i.AbstractProblemLoader Environment load took 117.8ns 
949135     INFO  main            d.u.i.k.p.i.AbstractProblemLoader Creating init config 
953052     DEBUG main            d.u.i.k.p.i.AbstractProblemLoader Init config took 3.92s 
953119     INFO  main            d.u.i.k.p.i.AbstractProblemLoader Replaying proof Counter[java.lang.Object::<inv>()].JML accessible clause.1 
953120     DEBUG main            d.u.i.k.p.i.IntermediateProofReplayer Proof replay took 3.1ns 
953222     INFO  main            d.u.i.k.p.r.p.TestFile    ... finished proof: closed. 
954039     INFO  main            d.u.i.k.p.i.AbstractProblemLoader Loading environment from /home/runner/work/key/key/key.core/../key.ui/examples/heap/permissions/lockspec/Counter_inv_accessible2.key.proof 
954039     DEBUG main            d.u.i.k.p.i.AbstractProblemLoader Environment load took 78.2ns 
954040     INFO  main            d.u.i.k.p.i.AbstractProblemLoader Creating init config 
957884     DEBUG main            d.u.i.k.p.i.AbstractProblemLoader Init config took 3.84s 
957966     INFO  main            d.u.i.k.p.i.AbstractProblemLoader Replaying proof Counter[java.lang.Object::<inv>()].JML accessible clause.1 
957989     DEBUG main            d.u.i.k.p.i.IntermediateProofReplayer Proof replay took 12.46ms 
957990     DEBUG main            d.u.i.k.p.r.p.TestFile    ... success: reloaded. 
957994     INFO  main            d.u.i.k.p.r.p.TestFile    Now processing file /home/runner/work/key/key/key.core/../key.ui/examples/heap/permissions/lockspec/Counter_lockRef_accessible.key 
957994     INFO  main            d.u.i.k.p.i.AbstractProblemLoader Loading environment from /home/runner/work/key/key/key.core/../key.ui/examples/heap/permissions/lockspec/Counter_lockRef_accessible.key 
957994     DEBUG main            d.u.i.k.p.i.AbstractProblemLoader Environment load took 258.3ns 
957995     INFO  main            d.u.i.k.p.i.AbstractProblemLoader Creating init config 
961870     DEBUG main            d.u.i.k.p.i.AbstractProblemLoader Init config took 3.87s 
961937     INFO  main            d.u.i.k.p.i.AbstractProblemLoader Replaying proof Counter[LockSpec::lockRef()].JML accessible clause.0 
961938     DEBUG main            d.u.i.k.p.i.IntermediateProofReplayer Proof replay took 3.4ns 
962141     INFO  main            d.u.i.k.p.r.p.TestFile    ... finished proof: closed. 
962998     INFO  main            d.u.i.k.p.i.AbstractProblemLoader Loading environment from /home/runner/work/key/key/key.core/../key.ui/examples/heap/permissions/lockspec/Counter_lockRef_accessible.key.proof 
962998     DEBUG main            d.u.i.k.p.i.AbstractProblemLoader Environment load took 86ns 
962999     INFO  main            d.u.i.k.p.i.AbstractProblemLoader Creating init config 
966823     DEBUG main            d.u.i.k.p.i.AbstractProblemLoader Init config took 3.82s 
966890     INFO  main            d.u.i.k.p.i.AbstractProblemLoader Replaying proof Counter[LockSpec::lockRef()].JML accessible clause.0 
966930     DEBUG main            d.u.i.k.p.i.IntermediateProofReplayer Proof replay took 36.96ms 
966932     DEBUG main            d.u.i.k.p.r.p.TestFile    ... success: reloaded. 
966933     INFO  main            d.u.i.k.p.r.p.TestFile    Now processing file /home/runner/work/key/key/key.core/../key.ui/examples/heap/permissions/lockspec/Counter_lockRef_contract1.key 
966934     INFO  main            d.u.i.k.p.i.AbstractProblemLoader Loading environment from /home/runner/work/key/key/key.core/../key.ui/examples/heap/permissions/lockspec/Counter_lockRef_contract1.key 
966934     DEBUG main            d.u.i.k.p.i.AbstractProblemLoader Environment load took 216.1ns 
966935     INFO  main            d.u.i.k.p.i.AbstractProblemLoader Creating init config 
970776     DEBUG main            d.u.i.k.p.i.AbstractProblemLoader Init config took 3.84s 
970838     INFO  main            d.u.i.k.p.i.AbstractProblemLoader Replaying proof Counter[LockSpec::lockRef()].JML model_behavior operation contract.0 
970840     DEBUG main            d.u.i.k.p.i.IntermediateProofReplayer Proof replay took 2.9ns 
970942     INFO  main            d.u.i.k.p.r.p.TestFile    ... finished proof: closed. 
971795     INFO  main            d.u.i.k.p.i.AbstractProblemLoader Loading environment from /home/runner/work/key/key/key.core/../key.ui/examples/heap/permissions/lockspec/Counter_lockRef_contract1.key.proof 
971795     DEBUG main            d.u.i.k.p.i.AbstractProblemLoader Environment load took 78.3ns 
971796     INFO  main            d.u.i.k.p.i.AbstractProblemLoader Creating init config 
975581     DEBUG main            d.u.i.k.p.i.AbstractProblemLoader Init config took 3.79s 
975654     INFO  main            d.u.i.k.p.i.AbstractProblemLoader Replaying proof Counter[LockSpec::lockRef()].JML model_behavior operation contract.0 
975661     DEBUG main            d.u.i.k.p.i.IntermediateProofReplayer Proof replay took 5.01ms 
975662     DEBUG main            d.u.i.k.p.r.p.TestFile    ... success: reloaded. 
975663     INFO  main            d.u.i.k.p.r.p.TestFile    Now processing file /home/runner/work/key/key/key.core/../key.ui/examples/heap/permissions/lockspec/Counter_lockRef_contract2.key 
975663     INFO  main            d.u.i.k.p.i.AbstractProblemLoader Loading environment from /home/runner/work/key/key/key.core/../key.ui/examples/heap/permissions/lockspec/Counter_lockRef_contract2.key 
975664     DEBUG main            d.u.i.k.p.i.AbstractProblemLoader Environment load took 90.3ns 
975664     INFO  main            d.u.i.k.p.i.AbstractProblemLoader Creating init config 
979611     DEBUG main            d.u.i.k.p.i.AbstractProblemLoader Init config took 3.95s 
979672     INFO  main            d.u.i.k.p.i.AbstractProblemLoader Replaying proof Counter[Counter::lockRef()].JML model_behavior operation contract.0 
979673     DEBUG main            d.u.i.k.p.i.IntermediateProofReplayer Proof replay took 3.9ns 
979775     INFO  main            d.u.i.k.p.r.p.TestFile    ... finished proof: closed. 
980631     INFO  main            d.u.i.k.p.i.AbstractProblemLoader Loading environment from /home/runner/work/key/key/key.core/../key.ui/examples/heap/permissions/lockspec/Counter_lockRef_contract2.key.proof 
980631     DEBUG main            d.u.i.k.p.i.AbstractProblemLoader Environment load took 97.3ns 
980632     INFO  main            d.u.i.k.p.i.AbstractProblemLoader Creating init config 
984550     DEBUG main            d.u.i.k.p.i.AbstractProblemLoader Init config took 3.92s 
984620     INFO  main            d.u.i.k.p.i.AbstractProblemLoader Replaying proof Counter[Counter::lockRef()].JML model_behavior operation contract.0 
984628     DEBUG main            d.u.i.k.p.i.IntermediateProofReplayer Proof replay took 5.36ms 
984628     DEBUG main            d.u.i.k.p.r.p.TestFile    ... success: reloaded. 
984629     INFO  main            d.u.i.k.p.r.p.TestFile    Now processing file /home/runner/work/key/key/key.core/../key.ui/examples/heap/permissions/lockspec/Counter_lockState_accessible.key 
984630     INFO  main            d.u.i.k.p.i.AbstractProblemLoader Loading environment from /home/runner/work/key/key/key.core/../key.ui/examples/heap/permissions/lockspec/Counter_lockState_accessible.key 
984630     DEBUG main            d.u.i.k.p.i.AbstractProblemLoader Environment load took 189.4ns 
984631     INFO  main            d.u.i.k.p.i.AbstractProblemLoader Creating init config 
988509     DEBUG main            d.u.i.k.p.i.AbstractProblemLoader Init config took 3.88s 
988570     INFO  main            d.u.i.k.p.i.AbstractProblemLoader Replaying proof Counter[LockSpec::lockState(boolean)].JML accessible clause.0 
988572     DEBUG main            d.u.i.k.p.i.IntermediateProofReplayer Proof replay took 3.3ns 
988875     INFO  main            d.u.i.k.p.r.p.TestFile    ... finished proof: closed. 
989719     INFO  main            d.u.i.k.p.i.AbstractProblemLoader Loading environment from /home/runner/work/key/key/key.core/../key.ui/examples/heap/permissions/lockspec/Counter_lockState_accessible.key.proof 
989719     DEBUG main            d.u.i.k.p.i.AbstractProblemLoader Environment load took 74.6ns 
989720     INFO  main            d.u.i.k.p.i.AbstractProblemLoader Creating init config 
993452     DEBUG main            d.u.i.k.p.i.AbstractProblemLoader Init config took 3.73s 
993524     INFO  main            d.u.i.k.p.i.AbstractProblemLoader Replaying proof Counter[LockSpec::lockState(boolean)].JML accessible clause.0 
993583     DEBUG main            d.u.i.k.p.i.IntermediateProofReplayer Proof replay took 55.47ms 
993584     DEBUG main            d.u.i.k.p.r.p.TestFile    ... success: reloaded. 
993585     INFO  main            d.u.i.k.p.r.p.TestFile    Now processing file /home/runner/work/key/key/key.core/../key.ui/examples/heap/permissions/lockspec/Counter_lockStatus_accessible.key 
993588     INFO  main            d.u.i.k.p.i.AbstractProblemLoader Loading environment from /home/runner/work/key/key/key.core/../key.ui/examples/heap/permissions/lockspec/Counter_lockStatus_accessible.key 
993588     DEBUG main            d.u.i.k.p.i.AbstractProblemLoader Environment load took 168.8ns 
993589     INFO  main            d.u.i.k.p.i.AbstractProblemLoader Creating init config 
997475     DEBUG main            d.u.i.k.p.i.AbstractProblemLoader Init config took 3.89s 
997555     INFO  main            d.u.i.k.p.i.AbstractProblemLoader Replaying proof Counter[LockSpec::lockStatus(boolean)].JML accessible clause.0 
997557     DEBUG main            d.u.i.k.p.i.IntermediateProofReplayer Proof replay took 3.8ns 
997659     INFO  main            d.u.i.k.p.r.p.TestFile    ... finished proof: closed. 
998535     INFO  main            d.u.i.k.p.i.AbstractProblemLoader Loading environment from /home/runner/work/key/key/key.core/../key.ui/examples/heap/permissions/lockspec/Counter_lockStatus_accessible.key.proof 
998535     DEBUG main            d.u.i.k.p.i.AbstractProblemLoader Environment load took 79.5ns 
998536     INFO  main            d.u.i.k.p.i.AbstractProblemLoader Creating init config 
1002290    DEBUG main            d.u.i.k.p.i.AbstractProblemLoader Init config took 3.75s 
1002369    INFO  main            d.u.i.k.p.i.AbstractProblemLoader Replaying proof Counter[LockSpec::lockStatus(boolean)].JML accessible clause.0 
1002395    DEBUG main            d.u.i.k.p.i.IntermediateProofReplayer Proof replay took 23.77ms 
1002396    DEBUG main            d.u.i.k.p.r.p.TestFile    ... success: reloaded. 
1002397    INFO  main            d.u.i.k.p.r.p.TestFile    Now processing file /home/runner/work/key/key/key.core/../key.ui/examples/heap/permissions/lockspec/Counter_lockTransfer_accessible.key 
1002398    INFO  main            d.u.i.k.p.i.AbstractProblemLoader Loading environment from /home/runner/work/key/key/key.core/../key.ui/examples/heap/permissions/lockspec/Counter_lockTransfer_accessible.key 
1002398    DEBUG main            d.u.i.k.p.i.AbstractProblemLoader Environment load took 301.5ns 
1002399    INFO  main            d.u.i.k.p.i.AbstractProblemLoader Creating init config 
1006304    DEBUG main            d.u.i.k.p.i.AbstractProblemLoader Init config took 3.9s 
1006375    INFO  main            d.u.i.k.p.i.AbstractProblemLoader Replaying proof Counter[LockSpec::lockTransfer()].JML accessible clause.0 
1006376    DEBUG main            d.u.i.k.p.i.IntermediateProofReplayer Proof replay took 3.2ns 
1006879    INFO  main            d.u.i.k.p.r.p.TestFile    ... finished proof: closed. 
1007776    INFO  main            d.u.i.k.p.i.AbstractProblemLoader Loading environment from /home/runner/work/key/key/key.core/../key.ui/examples/heap/permissions/lockspec/Counter_lockTransfer_accessible.key.proof 
1007776    DEBUG main            d.u.i.k.p.i.AbstractProblemLoader Environment load took 78.3ns 
1007777    INFO  main            d.u.i.k.p.i.AbstractProblemLoader Creating init config 
1011574    DEBUG main            d.u.i.k.p.i.AbstractProblemLoader Init config took 3.8s 
1011650    INFO  main            d.u.i.k.p.i.AbstractProblemLoader Replaying proof Counter[LockSpec::lockTransfer()].JML accessible clause.0 
1011731    DEBUG main            d.u.i.k.p.i.IntermediateProofReplayer Proof replay took 76.69ms 
1011732    DEBUG main            d.u.i.k.p.r.p.TestFile    ... success: reloaded. 
1011733    INFO  main            d.u.i.k.p.r.p.TestFile    Now processing file /home/runner/work/key/key/key.core/../key.ui/examples/heap/permissions/lockspec/Counter_unlockTransfer_accessible.key 
1011734    INFO  main            d.u.i.k.p.i.AbstractProblemLoader Loading environment from /home/runner/work/key/key/key.core/../key.ui/examples/heap/permissions/lockspec/Counter_unlockTransfer_accessible.key 
1011734    DEBUG main            d.u.i.k.p.i.AbstractProblemLoader Environment load took 228.9ns 
1011735    INFO  main            d.u.i.k.p.i.AbstractProblemLoader Creating init config 
1015752    DEBUG main            d.u.i.k.p.i.AbstractProblemLoader Init config took 4.02s 
1015816    INFO  main            d.u.i.k.p.i.AbstractProblemLoader Replaying proof Counter[LockSpec::unlockTransfer()].JML accessible clause.0 
1015817    DEBUG main            d.u.i.k.p.i.IntermediateProofReplayer Proof replay took 6.1ns 
1016221    INFO  main            d.u.i.k.p.r.p.TestFile    ... finished proof: closed. 
1017127    INFO  main            d.u.i.k.p.i.AbstractProblemLoader Loading environment from /home/runner/work/key/key/key.core/../key.ui/examples/heap/permissions/lockspec/Counter_unlockTransfer_accessible.key.proof 
1017128    DEBUG main            d.u.i.k.p.i.AbstractProblemLoader Environment load took 107.7ns 
1017129    INFO  main            d.u.i.k.p.i.AbstractProblemLoader Creating init config 
1020929    DEBUG main            d.u.i.k.p.i.AbstractProblemLoader Init config took 3.8s 
1020997    INFO  main            d.u.i.k.p.i.AbstractProblemLoader Replaying proof Counter[LockSpec::unlockTransfer()].JML accessible clause.0 
1021119    DEBUG main            d.u.i.k.p.i.IntermediateProofReplayer Proof replay took 114.42ms 
1021121    DEBUG main            d.u.i.k.p.r.p.TestFile    ... success: reloaded. 
1021130    INFO  main            d.u.i.k.p.r.p.TestFile    Now processing file /home/runner/work/key/key/key.core/../key.ui/examples/heap/permissions/threads/Plotter_startTransfer_contract.proof 
1021131    INFO  main            d.u.i.k.p.i.AbstractProblemLoader Loading environment from /home/runner/work/key/key/key.core/../key.ui/examples/heap/permissions/threads/Plotter_startTransfer_contract.proof 
1021131    DEBUG main            d.u.i.k.p.i.AbstractProblemLoader Environment load took 174.7ns 
1021132    INFO  main            d.u.i.k.p.i.AbstractProblemLoader Creating init config 
1027088    DEBUG main            d.u.i.k.p.i.AbstractProblemLoader Init config took 5.96s 
1027184    INFO  main            d.u.i.k.p.i.AbstractProblemLoader Replaying proof Plotter[ThreadSpec2::startTransfer()].JML model_behavior operation contract.0 
1027293    DEBUG main            d.u.i.k.p.i.IntermediateProofReplayer Proof replay took 102.36ms 
1027294    INFO  main            d.u.i.k.p.r.p.TestFile    ... success: loaded 
1027295    INFO  main            d.u.i.k.p.r.p.TestFile    Now processing file /home/runner/work/key/key/key.core/../key.ui/examples/heap/permissions/threads/Plotter_startTransfer_accessible.proof 
1027296    INFO  main            d.u.i.k.p.i.AbstractProblemLoader Loading environment from /home/runner/work/key/key/key.core/../key.ui/examples/heap/permissions/threads/Plotter_startTransfer_accessible.proof 
1027296    DEBUG main            d.u.i.k.p.i.AbstractProblemLoader Environment load took 107.8ns 
1027297    INFO  main            d.u.i.k.p.i.AbstractProblemLoader Creating init config 
1033151    DEBUG main            d.u.i.k.p.i.AbstractProblemLoader Init config took 5.85s 
1033252    INFO  main            d.u.i.k.p.i.AbstractProblemLoader Replaying proof Plotter[ThreadSpec2::startTransfer()].JML accessible clause.0 
1033334    DEBUG main            d.u.i.k.p.i.IntermediateProofReplayer Proof replay took 77.36ms 
1033334    INFO  main            d.u.i.k.p.r.p.TestFile    ... success: loaded 
1033335    INFO  main            d.u.i.k.p.r.p.TestFile    Now processing file /home/runner/work/key/key/key.core/../key.ui/examples/heap/permissions/threads/Plotter_joinTransfer_accessible.proof 
1033336    INFO  main            d.u.i.k.p.i.AbstractProblemLoader Loading environment from /home/runner/work/key/key/key.core/../key.ui/examples/heap/permissions/threads/Plotter_joinTransfer_accessible.proof 
1033336    DEBUG main            d.u.i.k.p.i.AbstractProblemLoader Environment load took 51.2ns 
1033337    INFO  main            d.u.i.k.p.i.AbstractProblemLoader Creating init config 
1039275    DEBUG main            d.u.i.k.p.i.AbstractProblemLoader Init config took 5.94s 
1039394    INFO  main            d.u.i.k.p.i.AbstractProblemLoader Replaying proof Plotter[ThreadSpec2::joinTransfer()].JML accessible clause.0 
1039403    WARN  main            d.u.i.k.p.i.IntermediateProofReplayer Proof contains wrong number of \assumes instatiations for Definition_axiom_for_stateInv_in_Plotter 
1039406    WARN  main            d.u.i.k.p.i.IntermediateProofReplayer Proof contains wrong number of \assumes instatiations for Definition_axiom_for_stateInv_in_Plotter 
1039408    WARN  main            d.u.i.k.p.i.IntermediateProofReplayer Proof contains wrong number of \assumes instatiations for Definition_axiom_for_workingPermissions_in_Plotter 
1039409    WARN  main            d.u.i.k.p.i.IntermediateProofReplayer Proof contains wrong number of \assumes instatiations for Definition_axiom_for_staticPermissions_in_Plotter 
1039410    WARN  main            d.u.i.k.p.i.IntermediateProofReplayer Proof contains wrong number of \assumes instatiations for Definition_axiom_for_joinTransfer_in_Plotter 
1039411    WARN  main            d.u.i.k.p.i.IntermediateProofReplayer Proof contains wrong number of \assumes instatiations for Definition_axiom_for_stateInv_in_BFilter 
1039413    WARN  main            d.u.i.k.p.i.IntermediateProofReplayer Proof contains wrong number of \assumes instatiations for Definition_axiom_for_stateInv_in_AFilter 
1039419    WARN  main            d.u.i.k.p.i.IntermediateProofReplayer Proof contains wrong number of \assumes instatiations for Definition_axiom_for_stateInv_in_BFilter 
1039422    WARN  main            d.u.i.k.p.i.IntermediateProofReplayer Proof contains wrong number of \assumes instatiations for Definition_axiom_for_stateInv_in_AFilter 
1039424    WARN  main            d.u.i.k.p.i.IntermediateProofReplayer Proof contains wrong number of \assumes instatiations for Definition_axiom_for_staticPermissions_in_AFilter 
1039424    WARN  main            d.u.i.k.p.i.IntermediateProofReplayer Proof contains wrong number of \assumes instatiations for Definition_axiom_for_staticPermissions_in_Plotter 
1039425    WARN  main            d.u.i.k.p.i.IntermediateProofReplayer Proof contains wrong number of \assumes instatiations for Definition_axiom_for_staticPermissions_in_BFilter 
1039427    WARN  main            d.u.i.k.p.i.IntermediateProofReplayer Proof contains wrong number of \assumes instatiations for Definition_axiom_for_workingPermissions_in_Plotter 
1039427    WARN  main            d.u.i.k.p.i.IntermediateProofReplayer Proof contains wrong number of \assumes instatiations for Definition_axiom_for_stateInv_in_Sampler 
1039429    WARN  main            d.u.i.k.p.i.IntermediateProofReplayer Proof contains wrong number of \assumes instatiations for Definition_axiom_for_stateInv_in_Sampler 
1039430    WARN  main            d.u.i.k.p.i.IntermediateProofReplayer Proof contains wrong number of \assumes instatiations for Definition_axiom_for_staticPermissions_in_Sampler 
1039431    WARN  main            d.u.i.k.p.i.IntermediateProofReplayer Proof contains wrong number of \assumes instatiations for Definition_axiom_for_staticPermissions_in_BFilter 
1039432    WARN  main            d.u.i.k.p.i.IntermediateProofReplayer Proof contains wrong number of \assumes instatiations for Definition_axiom_for_staticPermissions_in_AFilter 
1039433    WARN  main            d.u.i.k.p.i.IntermediateProofReplayer Proof contains wrong number of \assumes instatiations for Definition_axiom_for_staticPermissions_in_Sampler 
1039434    WARN  main            d.u.i.k.p.i.IntermediateProofReplayer Proof contains wrong number of \assumes instatiations for Definition_axiom_for_staticPermissions_in_Sampler 
1039435    WARN  main            d.u.i.k.p.i.IntermediateProofReplayer Proof contains wrong number of \assumes instatiations for Definition_axiom_for_staticPermissions_in_Sampler 
1039435    WARN  main            d.u.i.k.p.i.IntermediateProofReplayer Proof contains wrong number of \assumes instatiations for Definition_axiom_for_joinTransfer_in_Plotter 
1039522    DEBUG main            d.u.i.k.p.i.IntermediateProofReplayer Proof replay took 123.1ms 
1039523    INFO  main            d.u.i.k.p.r.p.TestFile    ... success: loaded 
6260956    INFO  Test worker     d.u.i.k.p.r.p.StatisticsFile Returning from test permissionHeap 
6260967    INFO  Test worker     d.u.i.k.p.r.p.StatisticsFile Running test completionScopes 
519        INFO  Timeout watchdog d.u.i.k.p.r.p.ForkedTestFileRunner Timeout watcher launched (2000 secs.) 
551        WARN  main            d.u.i.k.s.ProofSettings   The settings in /home/runner/.key/proof-settings.props are *not* read. 
609        INFO  main            d.u.i.k.p.r.p.TestFile    Now processing file /home/runner/work/key/key/key.core/../key.ui/examples/completionscopes/testCcatchReturnVal.key 
759        INFO  main            d.u.i.k.p.i.AbstractProblemLoader Loading environment from /home/runner/work/key/key/key.core/../key.ui/examples/completionscopes/testCcatchReturnVal.key 
780        DEBUG main            d.u.i.k.p.i.AbstractProblemLoader Environment load took 2.24ms 
1074       INFO  main            d.u.i.k.p.i.AbstractProblemLoader Creating init config 
2308       DEBUG main            d.u.i.k.j.TypeConverter   No LDT found for Meta 
2310       DEBUG main            d.u.i.k.j.TypeConverter   No LDT found for Meta 
2314       DEBUG main            d.u.i.k.j.TypeConverter   No LDT found for Meta 
2314       DEBUG main            d.u.i.k.j.TypeConverter   No LDT found for Meta 
4075       DEBUG main            d.u.i.k.j.TypeConverter   No LDT found for JavaBigintExpression 
10036      DEBUG main            d.u.i.k.p.i.AbstractProblemLoader Init config took 8.96s 
10214      INFO  main            d.u.i.k.p.i.AbstractProblemLoader Replaying proof CompletionScopes[CompletionScopes::testCcatchReturnVal()].JML normal_behavior operation contract.0 
10266      DEBUG main            d.u.i.k.p.i.IntermediateProofReplayer Proof replay took 39.6ns 
10933      INFO  main            d.u.i.k.p.r.p.TestFile    ... finished proof: closed. 
11066      INFO  main            d.u.i.k.p.i.AbstractProblemLoader Loading environment from /home/runner/work/key/key/key.core/../key.ui/examples/completionscopes/testCcatchReturnVal.key.proof 
11067      DEBUG main            d.u.i.k.p.i.AbstractProblemLoader Environment load took 458.5ns 
11071      INFO  main            d.u.i.k.p.i.AbstractProblemLoader Creating init config 
14480      DEBUG main            d.u.i.k.p.i.AbstractProblemLoader Init config took 3.41s 
14572      INFO  main            d.u.i.k.p.i.AbstractProblemLoader Replaying proof CompletionScopes[CompletionScopes::testCcatchReturnVal()].JML normal_behavior operation contract.0 
14617      DEBUG main            d.u.i.k.p.i.IntermediateProofReplayer Proof replay took 38.97ms 
14627      DEBUG main            d.u.i.k.p.r.p.TestFile    ... success: reloaded. 
14629      INFO  main            d.u.i.k.p.r.p.TestFile    Now processing file /home/runner/work/key/key/key.core/../key.ui/examples/completionscopes/testMultCcatchClauses.key 
14630      INFO  main            d.u.i.k.p.i.AbstractProblemLoader Loading environment from /home/runner/work/key/key/key.core/../key.ui/examples/completionscopes/testMultCcatchClauses.key 
14630      DEBUG main            d.u.i.k.p.i.AbstractProblemLoader Environment load took 281.9ns 
14632      INFO  main            d.u.i.k.p.i.AbstractProblemLoader Creating init config 
18012      DEBUG main            d.u.i.k.p.i.AbstractProblemLoader Init config took 3.38s 
18101      INFO  main            d.u.i.k.p.i.AbstractProblemLoader Replaying proof CompletionScopes[CompletionScopes::testMultCcatchClauses()].JML normal_behavior operation contract.0 
18107      DEBUG main            d.u.i.k.p.i.IntermediateProofReplayer Proof replay took 7.7ns 
18713      INFO  main            d.u.i.k.p.r.p.TestFile    ... finished proof: closed. 
18896      INFO  main            d.u.i.k.p.i.AbstractProblemLoader Loading environment from /home/runner/work/key/key/key.core/../key.ui/examples/completionscopes/testMultCcatchClauses.key.proof 
18898      DEBUG main            d.u.i.k.p.i.AbstractProblemLoader Environment load took 2.15ms 
18900      INFO  main            d.u.i.k.p.i.AbstractProblemLoader Creating init config 
22216      DEBUG main            d.u.i.k.p.i.AbstractProblemLoader Init config took 3.32s 
22276      INFO  main            d.u.i.k.p.i.AbstractProblemLoader Replaying proof CompletionScopes[CompletionScopes::testMultCcatchClauses()].JML normal_behavior operation contract.0 
22386      DEBUG main            d.u.i.k.p.i.IntermediateProofReplayer Proof replay took 105.6ms 
22389      DEBUG main            d.u.i.k.p.r.p.TestFile    ... success: reloaded. 
22392      INFO  main            d.u.i.k.p.r.p.TestFile    Now processing file /home/runner/work/key/key/key.core/../key.ui/examples/completionscopes/testNestedExec.key 
22393      INFO  main            d.u.i.k.p.i.AbstractProblemLoader Loading environment from /home/runner/work/key/key/key.core/../key.ui/examples/completionscopes/testNestedExec.key 
22393      DEBUG main            d.u.i.k.p.i.AbstractProblemLoader Environment load took 131.3ns 
22395      INFO  main            d.u.i.k.p.i.AbstractProblemLoader Creating init config 
25691      DEBUG main            d.u.i.k.p.i.AbstractProblemLoader Init config took 3.3s 
25749      INFO  main            d.u.i.k.p.i.AbstractProblemLoader Replaying proof CompletionScopes[CompletionScopes::testMultCcatchClauses()].JML normal_behavior operation contract.0 
25752      DEBUG main            d.u.i.k.p.i.IntermediateProofReplayer Proof replay took 6.9ns 
26056      INFO  main            d.u.i.k.p.r.p.TestFile    ... finished proof: closed. 
26255      INFO  main            d.u.i.k.p.i.AbstractProblemLoader Loading environment from /home/runner/work/key/key/key.core/../key.ui/examples/completionscopes/testNestedExec.key.proof 
26255      DEBUG main            d.u.i.k.p.i.AbstractProblemLoader Environment load took 453.4ns 
26257      INFO  main            d.u.i.k.p.i.AbstractProblemLoader Creating init config 
29385      DEBUG main            d.u.i.k.p.i.AbstractProblemLoader Init config took 3.13s 
29447      INFO  main            d.u.i.k.p.i.AbstractProblemLoader Replaying proof CompletionScopes[CompletionScopes::testMultCcatchClauses()].JML normal_behavior operation contract.0 
29537      DEBUG main            d.u.i.k.p.i.IntermediateProofReplayer Proof replay took 85.78ms 
29539      DEBUG main            d.u.i.k.p.r.p.TestFile    ... success: reloaded. 
29540      INFO  main            d.u.i.k.p.r.p.TestFile    Now processing file /home/runner/work/key/key/key.core/../key.ui/examples/completionscopes/testCcatchBreakLabel.key 
29541      INFO  main            d.u.i.k.p.i.AbstractProblemLoader Loading environment from /home/runner/work/key/key/key.core/../key.ui/examples/completionscopes/testCcatchBreakLabel.key 
29541      DEBUG main            d.u.i.k.p.i.AbstractProblemLoader Environment load took 335.3ns 
29543      INFO  main            d.u.i.k.p.i.AbstractProblemLoader Creating init config 
32551      DEBUG main            d.u.i.k.p.i.AbstractProblemLoader Init config took 3.01s 
32606      INFO  main            d.u.i.k.p.i.AbstractProblemLoader Replaying proof CompletionScopes[CompletionScopes::testBreakLabel()].JML normal_behavior operation contract.0 
32608      DEBUG main            d.u.i.k.p.i.IntermediateProofReplayer Proof replay took 6.2ns 
32631      DEBUG Thread-10       d.u.i.k.l.o.ProgramSV     Match failed: Former match of  SchemaVariable incompatible with  the current match. 
32711      INFO  main            d.u.i.k.p.r.p.TestFile    ... finished proof: closed. 
32940      INFO  main            d.u.i.k.p.i.AbstractProblemLoader Loading environment from /home/runner/work/key/key/key.core/../key.ui/examples/completionscopes/testCcatchBreakLabel.key.proof 
32940      DEBUG main            d.u.i.k.p.i.AbstractProblemLoader Environment load took 152.1ns 
32942      INFO  main            d.u.i.k.p.i.AbstractProblemLoader Creating init config 
36001      DEBUG main            d.u.i.k.p.i.AbstractProblemLoader Init config took 3.06s 
36057      INFO  main            d.u.i.k.p.i.AbstractProblemLoader Replaying proof CompletionScopes[CompletionScopes::testBreakLabel()].JML normal_behavior operation contract.0 
36069      DEBUG main            d.u.i.k.p.i.IntermediateProofReplayer Proof replay took 9.47ms 
36070      DEBUG main            d.u.i.k.p.r.p.TestFile    ... success: reloaded. 
36071      INFO  main            d.u.i.k.p.r.p.TestFile    Now processing file /home/runner/work/key/key/key.core/../key.ui/examples/completionscopes/testCcatchContinueLabel.key 
36072      INFO  main            d.u.i.k.p.i.AbstractProblemLoader Loading environment from /home/runner/work/key/key/key.core/../key.ui/examples/completionscopes/testCcatchContinueLabel.key 
36072      DEBUG main            d.u.i.k.p.i.AbstractProblemLoader Environment load took 119.1ns 
36074      INFO  main            d.u.i.k.p.i.AbstractProblemLoader Creating init config 
39147      DEBUG main            d.u.i.k.p.i.AbstractProblemLoader Init config took 3.07s 
39215      INFO  main            d.u.i.k.p.i.AbstractProblemLoader Replaying proof CompletionScopes[CompletionScopes::testContinueLabel()].JML normal_behavior operation contract.0 
39217      DEBUG main            d.u.i.k.p.i.IntermediateProofReplayer Proof replay took 5.9ns 
39242      DEBUG Thread-13       d.u.i.k.l.o.ProgramSV     Match failed: Former match of  SchemaVariable incompatible with  the current match. 
39320      INFO  main            d.u.i.k.p.r.p.TestFile    ... finished proof: closed. 
39510      INFO  main            d.u.i.k.p.i.AbstractProblemLoader Loading environment from /home/runner/work/key/key/key.core/../key.ui/examples/completionscopes/testCcatchContinueLabel.key.proof 
39510      DEBUG main            d.u.i.k.p.i.AbstractProblemLoader Environment load took 188.7ns 
39512      INFO  main            d.u.i.k.p.i.AbstractProblemLoader Creating init config 
42526      DEBUG main            d.u.i.k.p.i.AbstractProblemLoader Init config took 3.01s 
42581      INFO  main            d.u.i.k.p.i.AbstractProblemLoader Replaying proof CompletionScopes[CompletionScopes::testContinueLabel()].JML normal_behavior operation contract.0 
42592      DEBUG main            d.u.i.k.p.i.IntermediateProofReplayer Proof replay took 9.33ms 
42593      DEBUG main            d.u.i.k.p.r.p.TestFile    ... success: reloaded. 
42595      INFO  main            d.u.i.k.p.r.p.TestFile    Now processing file /home/runner/work/key/key/key.core/../key.ui/examples/completionscopes/testCcatchBreakLabelWildcard.key 
42595      INFO  main            d.u.i.k.p.i.AbstractProblemLoader Loading environment from /home/runner/work/key/key/key.core/../key.ui/examples/completionscopes/testCcatchBreakLabelWildcard.key 
42595      DEBUG main            d.u.i.k.p.i.AbstractProblemLoader Environment load took 121.1ns 
42596      INFO  main            d.u.i.k.p.i.AbstractProblemLoader Creating init config 
45672      DEBUG main            d.u.i.k.p.i.AbstractProblemLoader Init config took 3.08s 
45723      INFO  main            d.u.i.k.p.i.AbstractProblemLoader Replaying proof CompletionScopes[CompletionScopes::testBreakLabelWildcard()].JML normal_behavior operation contract.0 
45725      DEBUG main            d.u.i.k.p.i.IntermediateProofReplayer Proof replay took 6.7ns 
45745      DEBUG Thread-16       d.u.i.k.l.o.ProgramSV     Match failed: Former match of  SchemaVariable incompatible with  the current match. 
45747      DEBUG Thread-16       d.u.i.k.l.o.ProgramSV     Match failed: Former match of  SchemaVariable incompatible with  the current match. 
45828      INFO  main            d.u.i.k.p.r.p.TestFile    ... finished proof: closed. 
46043      INFO  main            d.u.i.k.p.i.AbstractProblemLoader Loading environment from /home/runner/work/key/key/key.core/../key.ui/examples/completionscopes/testCcatchBreakLabelWildcard.key.proof 
46043      DEBUG main            d.u.i.k.p.i.AbstractProblemLoader Environment load took 157.5ns 
46044      INFO  main            d.u.i.k.p.i.AbstractProblemLoader Creating init config 
48971      DEBUG main            d.u.i.k.p.i.AbstractProblemLoader Init config took 2.93s 
49024      INFO  main            d.u.i.k.p.i.AbstractProblemLoader Replaying proof CompletionScopes[CompletionScopes::testBreakLabelWildcard()].JML normal_behavior operation contract.0 
49035      DEBUG main            d.u.i.k.p.i.IntermediateProofReplayer Proof replay took 8.66ms 
49036      DEBUG main            d.u.i.k.p.r.p.TestFile    ... success: reloaded. 
49037      INFO  main            d.u.i.k.p.r.p.TestFile    Now processing file /home/runner/work/key/key/key.core/../key.ui/examples/completionscopes/testCcatchContinueLabelWildcard.key 
49038      INFO  main            d.u.i.k.p.i.AbstractProblemLoader Loading environment from /home/runner/work/key/key/key.core/../key.ui/examples/completionscopes/testCcatchContinueLabelWildcard.key 
49038      DEBUG main            d.u.i.k.p.i.AbstractProblemLoader Environment load took 150.3ns 
49039      INFO  main            d.u.i.k.p.i.AbstractProblemLoader Creating init config 
52014      DEBUG main            d.u.i.k.p.i.AbstractProblemLoader Init config took 2.97s 
52062      INFO  main            d.u.i.k.p.i.AbstractProblemLoader Replaying proof CompletionScopes[CompletionScopes::testContinueLabelWildcard()].JML normal_behavior operation contract.0 
52064      DEBUG main            d.u.i.k.p.i.IntermediateProofReplayer Proof replay took 6.8ns 
52087      DEBUG Thread-19       d.u.i.k.l.o.ProgramSV     Match failed: Former match of  SchemaVariable incompatible with  the current match. 
52088      DEBUG Thread-19       d.u.i.k.l.o.ProgramSV     Match failed: Former match of  SchemaVariable incompatible with  the current match. 
52167      INFO  main            d.u.i.k.p.r.p.TestFile    ... finished proof: closed. 
52365      INFO  main            d.u.i.k.p.i.AbstractProblemLoader Loading environment from /home/runner/work/key/key/key.core/../key.ui/examples/completionscopes/testCcatchContinueLabelWildcard.key.proof 
52365      DEBUG main            d.u.i.k.p.i.AbstractProblemLoader Environment load took 199.3ns 
52368      INFO  main            d.u.i.k.p.i.AbstractProblemLoader Creating init config 
55380      DEBUG main            d.u.i.k.p.i.AbstractProblemLoader Init config took 3.01s 
55440      INFO  main            d.u.i.k.p.i.AbstractProblemLoader Replaying proof CompletionScopes[CompletionScopes::testContinueLabelWildcard()].JML normal_behavior operation contract.0 
55459      DEBUG main            d.u.i.k.p.i.IntermediateProofReplayer Proof replay took 15.76ms 
55460      DEBUG main            d.u.i.k.p.r.p.TestFile    ... success: reloaded. 
55461      INFO  main            d.u.i.k.p.r.p.TestFile    Now processing file /home/runner/work/key/key/key.core/../key.ui/examples/completionscopes/testCcatchBreakLabelNonmatchingNested.key 
55461      INFO  main            d.u.i.k.p.i.AbstractProblemLoader Loading environment from /home/runner/work/key/key/key.core/../key.ui/examples/completionscopes/testCcatchBreakLabelNonmatchingNested.key 
55462      DEBUG main            d.u.i.k.p.i.AbstractProblemLoader Environment load took 134ns 
55463      INFO  main            d.u.i.k.p.i.AbstractProblemLoader Creating init config 
58472      DEBUG main            d.u.i.k.p.i.AbstractProblemLoader Init config took 3.01s 
58519      INFO  main            d.u.i.k.p.i.AbstractProblemLoader Replaying proof CompletionScopes[CompletionScopes::testBreakLabelNonmatchingNested()].JML normal_behavior operation contract.0 
58522      DEBUG main            d.u.i.k.p.i.IntermediateProofReplayer Proof replay took 7.5ns 
58540      DEBUG Thread-22       d.u.i.k.l.o.ProgramSV     Match failed: Former match of  SchemaVariable incompatible with  the current match. 
58542      DEBUG Thread-22       d.u.i.k.l.o.ProgramSV     Match failed: Former match of  SchemaVariable incompatible with  the current match. 
58624      INFO  main            d.u.i.k.p.r.p.TestFile    ... finished proof: closed. 
58847      INFO  main            d.u.i.k.p.i.AbstractProblemLoader Loading environment from /home/runner/work/key/key/key.core/../key.ui/examples/completionscopes/testCcatchBreakLabelNonmatchingNested.key.proof 
58848      DEBUG main            d.u.i.k.p.i.AbstractProblemLoader Environment load took 151.1ns 
58849      INFO  main            d.u.i.k.p.i.AbstractProblemLoader Creating init config 
61804      DEBUG main            d.u.i.k.p.i.AbstractProblemLoader Init config took 2.96s 
61850      INFO  main            d.u.i.k.p.i.AbstractProblemLoader Replaying proof CompletionScopes[CompletionScopes::testBreakLabelNonmatchingNested()].JML normal_behavior operation contract.0 
61861      DEBUG main            d.u.i.k.p.i.IntermediateProofReplayer Proof replay took 8.71ms 
61862      DEBUG main            d.u.i.k.p.r.p.TestFile    ... success: reloaded. 
6323047    INFO  Test worker     d.u.i.k.p.r.p.StatisticsFile Returning from test completionScopes 
6323049    INFO  Test worker     d.u.i.k.p.r.p.StatisticsFile Running test reload_examples 
472        INFO  Timeout watchdog d.u.i.k.p.r.p.ForkedTestFileRunner Timeout watcher launched (2000 secs.) 
487        WARN  main            d.u.i.k.s.ProofSettings   The settings in /home/runner/.key/proof-settings.props are *not* read. 
549        INFO  main            d.u.i.k.p.r.p.TestFile    Now processing file /home/runner/work/key/key/key.core/../key.ui/examples/firstTouch/05-ReverseArray/reverseArray.key 
697        INFO  main            d.u.i.k.p.i.AbstractProblemLoader Loading environment from /home/runner/work/key/key/key.core/../key.ui/examples/firstTouch/05-ReverseArray/reverseArray.key 
718        DEBUG main            d.u.i.k.p.i.AbstractProblemLoader Environment load took 2.08ms 
1040       INFO  main            d.u.i.k.p.i.AbstractProblemLoader Creating init config 
2281       DEBUG main            d.u.i.k.j.TypeConverter   No LDT found for Meta 
2282       DEBUG main            d.u.i.k.j.TypeConverter   No LDT found for Meta 
2284       DEBUG main            d.u.i.k.j.TypeConverter   No LDT found for Meta 
2284       DEBUG main            d.u.i.k.j.TypeConverter   No LDT found for Meta 
3978       DEBUG main            d.u.i.k.j.TypeConverter   No LDT found for JavaBigintExpression 
10349      DEBUG main            d.u.i.k.p.i.AbstractProblemLoader Init config took 9.31s 
10522      INFO  main            d.u.i.k.p.i.AbstractProblemLoader Replaying proof ReverseArray[ReverseArray::reverse()].JML normal_behavior operation contract.0 
10615      DEBUG main            d.u.i.k.p.i.IntermediateProofReplayer Proof replay took 38.5ns 
24332      INFO  main            d.u.i.k.p.r.p.TestFile    ... finished proof: closed. 
24704      INFO  main            d.u.i.k.p.i.AbstractProblemLoader Loading environment from /home/runner/work/key/key/key.core/../key.ui/examples/firstTouch/05-ReverseArray/reverseArray.key.proof 
24705      DEBUG main            d.u.i.k.p.i.AbstractProblemLoader Environment load took 473.7ns 
24714      INFO  main            d.u.i.k.p.i.AbstractProblemLoader Creating init config 
28495      DEBUG main            d.u.i.k.p.i.AbstractProblemLoader Init config took 3.78s 
28580      INFO  main            d.u.i.k.p.i.AbstractProblemLoader Replaying proof ReverseArray[ReverseArray::reverse()].JML normal_behavior operation contract.0 
29329      DEBUG main            d.u.i.k.p.i.IntermediateProofReplayer Proof replay took 682.28ms 
29342      DEBUG main            d.u.i.k.p.r.p.TestFile    ... success: reloaded. 
29344      INFO  main            d.u.i.k.p.r.p.TestFile    Now processing file /home/runner/work/key/key/key.core/../key.ui/examples/standard_key/arith/saveProofTest.key.proof 
29344      INFO  main            d.u.i.k.p.i.AbstractProblemLoader Loading environment from /home/runner/work/key/key/key.core/../key.ui/examples/standard_key/arith/saveProofTest.key.proof 
29345      DEBUG main            d.u.i.k.p.i.AbstractProblemLoader Environment load took 244.5ns 
29347      INFO  main            d.u.i.k.p.i.AbstractProblemLoader Creating init config 
32503      DEBUG main            d.u.i.k.p.i.AbstractProblemLoader Init config took 3.16s 
32535      INFO  main            d.u.i.k.p.i.AbstractProblemLoader Replaying proof saveProofTest.key.proof 
32544      DEBUG main            d.u.i.k.p.i.IntermediateProofReplayer Proof replay took 3.37ms 
32545      INFO  main            d.u.i.k.p.r.p.TestFile    ... success: loaded 
32547      INFO  main            d.u.i.k.p.r.p.TestFile    Now processing file /home/runner/work/key/key/key.core/../key.ui/examples/heap/permutedSum/perm.proof 
32547      INFO  main            d.u.i.k.p.i.AbstractProblemLoader Loading environment from /home/runner/work/key/key/key.core/../key.ui/examples/heap/permutedSum/perm.proof 
32547      DEBUG main            d.u.i.k.p.i.AbstractProblemLoader Environment load took 238.3ns 
32551      INFO  main            d.u.i.k.p.i.AbstractProblemLoader Creating init config 
35985      DEBUG main            d.u.i.k.p.i.AbstractProblemLoader Init config took 3.43s 
36077      INFO  main            d.u.i.k.p.i.AbstractProblemLoader Replaying proof Perm[Perm::foo()].JML normal_behavior operation contract.0 
37197      DEBUG main            d.u.i.k.p.i.IntermediateProofReplayer Proof replay took 1.07s 
37200      INFO  main            d.u.i.k.p.r.p.TestFile    ... success: loaded 
37202      INFO  main            d.u.i.k.p.r.p.TestFile    Now processing file /home/runner/work/key/key/key.core/../key.ui/examples/firstTouch/05-ReverseArray/reverseArray.proof 
37202      INFO  main            d.u.i.k.p.i.AbstractProblemLoader Loading environment from /home/runner/work/key/key/key.core/../key.ui/examples/firstTouch/05-ReverseArray/reverseArray.proof 
37202      DEBUG main            d.u.i.k.p.i.AbstractProblemLoader Environment load took 246ns 
37205      INFO  main            d.u.i.k.p.i.AbstractProblemLoader Creating init config 
40465      DEBUG main            d.u.i.k.p.i.AbstractProblemLoader Init config took 3.26s 
40520      INFO  main            d.u.i.k.p.i.AbstractProblemLoader Replaying proof ReverseArray[ReverseArray::reverse()].JML normal_behavior operation contract.0 
41197      DEBUG main            d.u.i.k.p.i.IntermediateProofReplayer Proof replay took 633.07ms 
41201      INFO  main            d.u.i.k.p.r.p.TestFile    ... success: loaded 
41204      INFO  main            d.u.i.k.p.r.p.TestFile    Now processing file /home/runner/work/key/key/key.core/../key.ui/examples/heap/verifyThis15_1_RelaxedPrefix/relax.proof 
41204      INFO  main            d.u.i.k.p.i.AbstractProblemLoader Loading environment from /home/runner/work/key/key/key.core/../key.ui/examples/heap/verifyThis15_1_RelaxedPrefix/relax.proof 
41204      DEBUG main            d.u.i.k.p.i.AbstractProblemLoader Environment load took 204.5ns 
41208      INFO  main            d.u.i.k.p.i.AbstractProblemLoader Creating init config 
44522      DEBUG main            d.u.i.k.p.i.AbstractProblemLoader Init config took 3.31s 
44579      INFO  main            d.u.i.k.p.i.AbstractProblemLoader Replaying proof Relaxed[Relaxed::isRelaxedPrefix([I,[I)].JML operation contract.0 
45091      DEBUG main            d.u.i.k.p.i.IntermediateProofReplayer Proof replay took 494.55ms 
45092      INFO  main            d.u.i.k.p.r.p.TestFile    ... success: loaded 
45094      INFO  main            d.u.i.k.p.r.p.TestFile    Now processing file /home/runner/work/key/key/key.core/../key.ui/examples/heap/verifyThis15_3_DLL/doUndo.proof 
45095      INFO  main            d.u.i.k.p.i.AbstractProblemLoader Loading environment from /home/runner/work/key/key/key.core/../key.ui/examples/heap/verifyThis15_3_DLL/doUndo.proof 
45095      DEBUG main            d.u.i.k.p.i.AbstractProblemLoader Environment load took 329.8ns 
45097      INFO  main            d.u.i.k.p.i.AbstractProblemLoader Creating init config 
46259      DEBUG main            d.u.i.k.j.r.ClassPreparationMethodBuilder clPrepBuilder: Inner Class detected. Reject building class initialisation methods. 
48620      DEBUG main            d.u.i.k.p.i.AbstractProblemLoader Init config took 3.52s 
48746      INFO  main            d.u.i.k.p.i.AbstractProblemLoader Replaying proof DoubleLinkedList[DoubleLinkedList::doUndo(DoubleLinkedList.Node,int)].JML normal_behavior operation contract.0 
49365      DEBUG main            d.u.i.k.p.i.IntermediateProofReplayer Proof replay took 590.26ms 
49367      INFO  main            d.u.i.k.p.r.p.TestFile    ... success: loaded 
49368      INFO  main            d.u.i.k.p.r.p.TestFile    Now processing file /home/runner/work/key/key/key.core/../key.ui/examples/heap/verifyThis15_2_ParallelGcd/parallelGcd.proof 
49369      INFO  main            d.u.i.k.p.i.AbstractProblemLoader Loading environment from /home/runner/work/key/key/key.core/../key.ui/examples/heap/verifyThis15_2_ParallelGcd/parallelGcd.proof 
49369      DEBUG main            d.u.i.k.p.i.AbstractProblemLoader Environment load took 259.8ns 
49371      INFO  main            d.u.i.k.p.i.AbstractProblemLoader Creating init config 
52631      DEBUG main            d.u.i.k.p.i.AbstractProblemLoader Init config took 3.26s 
52729      INFO  main            d.u.i.k.p.i.AbstractProblemLoader Replaying proof ParallelGcd[ParallelGcd::parallelGcd(int,int,[Z)].JML behavior operation contract.0 
53426      DEBUG main            d.u.i.k.p.i.IntermediateProofReplayer Proof replay took 681.01ms 
53428      INFO  main            d.u.i.k.p.r.p.TestFile    ... success: loaded 
6376695    INFO  Test worker     d.u.i.k.p.r.p.StatisticsFile Returning from test reload_examples 
6376697    INFO  Test worker     d.u.i.k.p.r.p.StatisticsFile Running test proofLoadRepair 
515        INFO  Timeout watchdog d.u.i.k.p.r.p.ForkedTestFileRunner Timeout watcher launched (2000 secs.) 
557        WARN  main            d.u.i.k.s.ProofSettings   The settings in /home/runner/.key/proof-settings.props are *not* read. 
609        INFO  main            d.u.i.k.p.r.p.TestFile    Now processing file /home/runner/work/key/key/key.core/../key.ui/examples/proofLoadRepair/disjConj-manipulated.proof 
752        INFO  main            d.u.i.k.p.i.AbstractProblemLoader Loading environment from /home/runner/work/key/key/key.core/../key.ui/examples/proofLoadRepair/disjConj-manipulated.proof 
772        DEBUG main            d.u.i.k.p.i.AbstractProblemLoader Environment load took 2.3ms 
1074       INFO  main            d.u.i.k.p.i.AbstractProblemLoader Creating init config 
2430       DEBUG main            d.u.i.k.j.TypeConverter   No LDT found for Meta 
2431       DEBUG main            d.u.i.k.j.TypeConverter   No LDT found for Meta 
2432       DEBUG main            d.u.i.k.j.TypeConverter   No LDT found for Meta 
2432       DEBUG main            d.u.i.k.j.TypeConverter   No LDT found for Meta 
4291       DEBUG main            d.u.i.k.j.TypeConverter   No LDT found for JavaBigintExpression 
10056      DEBUG main            d.u.i.k.p.i.AbstractProblemLoader Init config took 8.98s 
10129      INFO  main            d.u.i.k.p.i.AbstractProblemLoader Replaying proof disjConj-manipulated.proof 
10189      WARN  main            d.u.i.k.p.i.IntermediateProofReplayer Proof contains wrong number of \assumes instatiations for andLeft 
10193      WARN  main            d.u.i.k.p.i.IntermediateProofReplayer Proof contains wrong number of \assumes instatiations for replace_known_right 
10198      WARN  main            d.u.i.k.p.i.IntermediateProofReplayer Proof contains wrong number of \assumes instatiations for close 
10199      DEBUG main            d.u.i.k.p.i.IntermediateProofReplayer Proof replay took 21.67ms 
10207      INFO  main            d.u.i.k.p.r.p.TestFile    ... success: loaded 
10217      INFO  main            d.u.i.k.p.r.p.TestFile    Now processing file /home/runner/work/key/key/key.core/../key.ui/examples/proofLoadRepair/insufficient-manipulated.proof 
10218      INFO  main            d.u.i.k.p.i.AbstractProblemLoader Loading environment from /home/runner/work/key/key/key.core/../key.ui/examples/proofLoadRepair/insufficient-manipulated.proof 
10218      DEBUG main            d.u.i.k.p.i.AbstractProblemLoader Environment load took 554.4ns 
10227      INFO  main            d.u.i.k.p.i.AbstractProblemLoader Creating init config 
13682      DEBUG main            d.u.i.k.p.i.AbstractProblemLoader Init config took 3.45s 
13703      INFO  main            d.u.i.k.p.i.AbstractProblemLoader Replaying proof insufficient-manipulated.proof 
13730      WARN  main            d.u.i.k.p.i.IntermediateProofReplayer Proof contains wrong number of \assumes instatiations for applyEq 
13742      DEBUG main            d.u.i.k.p.i.IntermediateProofReplayer Proof replay took 14.34ms 
13746      INFO  main            d.u.i.k.p.r.p.TestFile    ... success: loading failed 
13748      INFO  main            d.u.i.k.p.r.p.TestFile    Now processing file /home/runner/work/key/key/key.core/../key.ui/examples/../../key.core/src/test/resources/testcase/issues/1716/incorrectPolarity.proof 
13748      INFO  main            d.u.i.k.p.i.AbstractProblemLoader Loading environment from /home/runner/work/key/key/key.core/../key.ui/examples/../../key.core/src/test/resources/testcase/issues/1716/incorrectPolarity.proof 
13748      DEBUG main            d.u.i.k.p.i.AbstractProblemLoader Environment load took 254.2ns 
13750      INFO  main            d.u.i.k.p.i.AbstractProblemLoader Creating init config 
16922      DEBUG main            d.u.i.k.p.i.AbstractProblemLoader Init config took 3.17s 
16958      INFO  main            d.u.i.k.p.i.AbstractProblemLoader Replaying proof incorrectPolarity.proof 
16962      DEBUG main            d.u.i.k.p.i.IntermediateProofReplayer Proof replay took 225.6ns 
16963      INFO  main            d.u.i.k.p.r.p.TestFile    ... success: loading failed 
16964      INFO  main            d.u.i.k.p.r.p.TestFile    Now processing file /home/runner/work/key/key/key.core/../key.ui/examples/../../key.core/src/test/resources/testcase/issues/1716/incorrectPolarity2.proof 
16964      INFO  main            d.u.i.k.p.i.AbstractProblemLoader Loading environment from /home/runner/work/key/key/key.core/../key.ui/examples/../../key.core/src/test/resources/testcase/issues/1716/incorrectPolarity2.proof 
16965      DEBUG main            d.u.i.k.p.i.AbstractProblemLoader Environment load took 222.2ns 
16966      INFO  main            d.u.i.k.p.i.AbstractProblemLoader Creating init config 
19915      DEBUG main            d.u.i.k.p.i.AbstractProblemLoader Init config took 2.95s 
19953      INFO  main            d.u.i.k.p.i.AbstractProblemLoader Replaying proof incorrectPolarity2.proof 
19960      DEBUG main            d.u.i.k.p.i.IntermediateProofReplayer Proof replay took 428.7ns 
19961      INFO  main            d.u.i.k.p.r.p.TestFile    ... success: loading failed 
19962      INFO  main            d.u.i.k.p.r.p.TestFile    Now processing file /home/runner/work/key/key/key.core/../key.ui/examples/../../key.core/src/test/resources/testcase/issues/1716/incorrectPolarity3.proof 
19962      INFO  main            d.u.i.k.p.i.AbstractProblemLoader Loading environment from /home/runner/work/key/key/key.core/../key.ui/examples/../../key.core/src/test/resources/testcase/issues/1716/incorrectPolarity3.proof 
19963      DEBUG main            d.u.i.k.p.i.AbstractProblemLoader Environment load took 136.3ns 
19965      INFO  main            d.u.i.k.p.i.AbstractProblemLoader Creating init config 
22927      DEBUG main            d.u.i.k.p.i.AbstractProblemLoader Init config took 2.96s 
22954      INFO  main            d.u.i.k.p.i.AbstractProblemLoader Replaying proof incorrectPolarity3.proof 
22958      DEBUG main            d.u.i.k.p.i.IntermediateProofReplayer Proof replay took 1.25ms 
22959      INFO  main            d.u.i.k.p.r.p.TestFile    ... success: loading failed 
6399887    INFO  Test worker     d.u.i.k.p.r.p.StatisticsFile Returning from test proofLoadRepair 
6399888    INFO  Test worker     d.u.i.k.p.r.p.StatisticsFile Running test switch 
425        INFO  Timeout watchdog d.u.i.k.p.r.p.ForkedTestFileRunner Timeout watcher launched (2000 secs.) 
439        WARN  main            d.u.i.k.s.ProofSettings   The settings in /home/runner/.key/proof-settings.props are *not* read. 
491        INFO  main            d.u.i.k.p.r.p.TestFile    Now processing file /home/runner/work/key/key/key.core/../key.ui/examples/standard_key/java_dl/switch/labeled_case.key 
624        INFO  main            d.u.i.k.p.i.AbstractProblemLoader Loading environment from /home/runner/work/key/key/key.core/../key.ui/examples/standard_key/java_dl/switch/labeled_case.key 
646        DEBUG main            d.u.i.k.p.i.AbstractProblemLoader Environment load took 2.54ms 
950        INFO  main            d.u.i.k.p.i.AbstractProblemLoader Creating init config 
2261       DEBUG main            d.u.i.k.j.TypeConverter   No LDT found for Meta 
2262       DEBUG main            d.u.i.k.j.TypeConverter   No LDT found for Meta 
2263       DEBUG main            d.u.i.k.j.TypeConverter   No LDT found for Meta 
2263       DEBUG main            d.u.i.k.j.TypeConverter   No LDT found for Meta 
4069       DEBUG main            d.u.i.k.j.TypeConverter   No LDT found for JavaBigintExpression 
10591      DEBUG main            d.u.i.k.p.i.AbstractProblemLoader Init config took 9.64s 
10816      INFO  main            d.u.i.k.p.i.AbstractProblemLoader Replaying proof LabeledCase[LabeledCase::m(int)].JML normal_behavior operation contract.0 
10866      DEBUG main            d.u.i.k.p.i.IntermediateProofReplayer Proof replay took 36.1ns 
11617      INFO  main            d.u.i.k.p.r.p.TestFile    ... finished proof: closed. 
11755      INFO  main            d.u.i.k.p.i.AbstractProblemLoader Loading environment from /home/runner/work/key/key/key.core/../key.ui/examples/standard_key/java_dl/switch/labeled_case.key.proof 
11759      DEBUG main            d.u.i.k.p.i.AbstractProblemLoader Environment load took 3.44ms 
11762      INFO  main            d.u.i.k.p.i.AbstractProblemLoader Creating init config 
15355      DEBUG main            d.u.i.k.p.i.AbstractProblemLoader Init config took 3.59s 
15428      INFO  main            d.u.i.k.p.i.AbstractProblemLoader Replaying proof LabeledCase[LabeledCase::m(int)].JML normal_behavior operation contract.0 
15518      DEBUG main            d.u.i.k.p.i.IntermediateProofReplayer Proof replay took 83.3ms 
15530      DEBUG main            d.u.i.k.p.r.p.TestFile    ... success: reloaded. 
15533      INFO  main            d.u.i.k.p.r.p.TestFile    Now processing file /home/runner/work/key/key/key.core/../key.ui/examples/standard_key/java_dl/switch/empty_switch.key 
15534      INFO  main            d.u.i.k.p.i.AbstractProblemLoader Loading environment from /home/runner/work/key/key/key.core/../key.ui/examples/standard_key/java_dl/switch/empty_switch.key 
15534      DEBUG main            d.u.i.k.p.i.AbstractProblemLoader Environment load took 233.3ns 
15536      INFO  main            d.u.i.k.p.i.AbstractProblemLoader Creating init config 
18848      DEBUG main            d.u.i.k.p.i.AbstractProblemLoader Init config took 3.31s 
18886      INFO  main            d.u.i.k.p.i.AbstractProblemLoader Replaying proof empty_switch.key 
18889      DEBUG main            d.u.i.k.p.i.IntermediateProofReplayer Proof replay took 6.8ns 
18993      INFO  main            d.u.i.k.p.r.p.TestFile    ... finished proof: closed. 
19142      INFO  main            d.u.i.k.p.i.AbstractProblemLoader Loading environment from /home/runner/work/key/key/key.core/../key.ui/examples/standard_key/java_dl/switch/empty_switch.key.proof 
19142      DEBUG main            d.u.i.k.p.i.AbstractProblemLoader Environment load took 152.2ns 
19146      INFO  main            d.u.i.k.p.i.AbstractProblemLoader Creating init config 
22366      DEBUG main            d.u.i.k.p.i.AbstractProblemLoader Init config took 3.22s 
22396      INFO  main            d.u.i.k.p.i.AbstractProblemLoader Replaying proof empty_switch.key.proof 
22405      DEBUG main            d.u.i.k.p.i.IntermediateProofReplayer Proof replay took 3.5ms 
22406      DEBUG main            d.u.i.k.p.r.p.TestFile    ... success: reloaded. 
22407      INFO  main            d.u.i.k.p.r.p.TestFile    Now processing file /home/runner/work/key/key/key.core/../key.ui/examples/standard_key/java_dl/switch/empty_switch_null.key 
22408      INFO  main            d.u.i.k.p.i.AbstractProblemLoader Loading environment from /home/runner/work/key/key/key.core/../key.ui/examples/standard_key/java_dl/switch/empty_switch_null.key 
22408      DEBUG main            d.u.i.k.p.i.AbstractProblemLoader Environment load took 376.4ns 
22410      INFO  main            d.u.i.k.p.i.AbstractProblemLoader Creating init config 
25531      DEBUG main            d.u.i.k.p.i.AbstractProblemLoader Init config took 3.12s 
25566      INFO  main            d.u.i.k.p.i.AbstractProblemLoader Replaying proof empty_switch_null.key 
25571      DEBUG main            d.u.i.k.p.i.IntermediateProofReplayer Proof replay took 6.8ns 
25775      INFO  main            d.u.i.k.p.r.p.TestFile    ... finished proof: closed. 
25942      INFO  main            d.u.i.k.p.i.AbstractProblemLoader Loading environment from /home/runner/work/key/key/key.core/../key.ui/examples/standard_key/java_dl/switch/empty_switch_null.key.proof 
25942      DEBUG main            d.u.i.k.p.i.AbstractProblemLoader Environment load took 714.11ns 
25945      INFO  main            d.u.i.k.p.i.AbstractProblemLoader Creating init config 
29048      DEBUG main            d.u.i.k.p.i.AbstractProblemLoader Init config took 3.1s 
29075      INFO  main            d.u.i.k.p.i.AbstractProblemLoader Replaying proof empty_switch_null.key.proof 
29119      DEBUG main            d.u.i.k.p.i.IntermediateProofReplayer Proof replay took 39.14ms 
29120      DEBUG main            d.u.i.k.p.r.p.TestFile    ... success: reloaded. 
29121      INFO  main            d.u.i.k.p.r.p.TestFile    Now processing file /home/runner/work/key/key/key.core/../key.ui/examples/standard_key/java_dl/switch/empty_switch_null_catch.key 
29122      INFO  main            d.u.i.k.p.i.AbstractProblemLoader Loading environment from /home/runner/work/key/key/key.core/../key.ui/examples/standard_key/java_dl/switch/empty_switch_null_catch.key 
29122      DEBUG main            d.u.i.k.p.i.AbstractProblemLoader Environment load took 237.8ns 
29123      INFO  main            d.u.i.k.p.i.AbstractProblemLoader Creating init config 
32258      DEBUG main            d.u.i.k.p.i.AbstractProblemLoader Init config took 3.13s 
32283      INFO  main            d.u.i.k.p.i.AbstractProblemLoader Replaying proof empty_switch_null_catch.key 
32285      DEBUG main            d.u.i.k.p.i.IntermediateProofReplayer Proof replay took 6.8ns 
32489      INFO  main            d.u.i.k.p.r.p.TestFile    ... finished proof: closed. 
32672      INFO  main            d.u.i.k.p.i.AbstractProblemLoader Loading environment from /home/runner/work/key/key/key.core/../key.ui/examples/standard_key/java_dl/switch/empty_switch_null_catch.key.proof 
32673      DEBUG main            d.u.i.k.p.i.AbstractProblemLoader Environment load took 1.54ms 
32677      INFO  main            d.u.i.k.p.i.AbstractProblemLoader Creating init config 
35725      DEBUG main            d.u.i.k.p.i.AbstractProblemLoader Init config took 3.05s 
35749      INFO  main            d.u.i.k.p.i.AbstractProblemLoader Replaying proof empty_switch_null_catch.key.proof 
35798      DEBUG main            d.u.i.k.p.i.IntermediateProofReplayer Proof replay took 45.71ms 
35800      DEBUG main            d.u.i.k.p.r.p.TestFile    ... success: reloaded. 
35801      INFO  main            d.u.i.k.p.r.p.TestFile    Now processing file /home/runner/work/key/key/key.core/../key.ui/examples/standard_key/java_dl/switch/empty_switch_array_out_of_bounds.key 
35801      INFO  main            d.u.i.k.p.i.AbstractProblemLoader Loading environment from /home/runner/work/key/key/key.core/../key.ui/examples/standard_key/java_dl/switch/empty_switch_array_out_of_bounds.key 
35802      DEBUG main            d.u.i.k.p.i.AbstractProblemLoader Environment load took 246.2ns 
35803      INFO  main            d.u.i.k.p.i.AbstractProblemLoader Creating init config 
38936      DEBUG main            d.u.i.k.p.i.AbstractProblemLoader Init config took 3.13s 
38960      INFO  main            d.u.i.k.p.i.AbstractProblemLoader Replaying proof empty_switch_array_out_of_bounds.key 
38964      DEBUG main            d.u.i.k.p.i.IntermediateProofReplayer Proof replay took 6.8ns 
39272      INFO  main            d.u.i.k.p.r.p.TestFile    ... finished proof: closed. 
39479      INFO  main            d.u.i.k.p.i.AbstractProblemLoader Loading environment from /home/runner/work/key/key/key.core/../key.ui/examples/standard_key/java_dl/switch/empty_switch_array_out_of_bounds.key.proof 
39479      DEBUG main            d.u.i.k.p.i.AbstractProblemLoader Environment load took 623.91ns 
39481      INFO  main            d.u.i.k.p.i.AbstractProblemLoader Creating init config 
42529      DEBUG main            d.u.i.k.p.i.AbstractProblemLoader Init config took 3.05s 
42553      INFO  main            d.u.i.k.p.i.AbstractProblemLoader Replaying proof empty_switch_array_out_of_bounds.key.proof 
42631      DEBUG main            d.u.i.k.p.i.IntermediateProofReplayer Proof replay took 74.46ms 
42633      DEBUG main            d.u.i.k.p.r.p.TestFile    ... success: reloaded. 
42634      INFO  main            d.u.i.k.p.r.p.TestFile    Now processing file /home/runner/work/key/key/key.core/../key.ui/examples/standard_key/java_dl/switch/empty_switch_array_out_of_bounds_catch.key 
42635      INFO  main            d.u.i.k.p.i.AbstractProblemLoader Loading environment from /home/runner/work/key/key/key.core/../key.ui/examples/standard_key/java_dl/switch/empty_switch_array_out_of_bounds_catch.key 
42635      DEBUG main            d.u.i.k.p.i.AbstractProblemLoader Environment load took 288.2ns 
42637      INFO  main            d.u.i.k.p.i.AbstractProblemLoader Creating init config 
45784      DEBUG main            d.u.i.k.p.i.AbstractProblemLoader Init config took 3.15s 
45809      INFO  main            d.u.i.k.p.i.AbstractProblemLoader Replaying proof empty_switch_array_out_of_bounds_catch.key 
45812      DEBUG main            d.u.i.k.p.i.IntermediateProofReplayer Proof replay took 8ns 
46016      INFO  main            d.u.i.k.p.r.p.TestFile    ... finished proof: closed. 
46246      INFO  main            d.u.i.k.p.i.AbstractProblemLoader Loading environment from /home/runner/work/key/key/key.core/../key.ui/examples/standard_key/java_dl/switch/empty_switch_array_out_of_bounds_catch.key.proof 
46247      DEBUG main            d.u.i.k.p.i.AbstractProblemLoader Environment load took 726.71ns 
46249      INFO  main            d.u.i.k.p.i.AbstractProblemLoader Creating init config 
49422      DEBUG main            d.u.i.k.p.i.AbstractProblemLoader Init config took 3.17s 
49448      INFO  main            d.u.i.k.p.i.AbstractProblemLoader Replaying proof empty_switch_array_out_of_bounds_catch.key.proof 
49516      DEBUG main            d.u.i.k.p.i.IntermediateProofReplayer Proof replay took 64.35ms 
49521      DEBUG main            d.u.i.k.p.r.p.TestFile    ... success: reloaded. 
49522      INFO  main            d.u.i.k.p.r.p.TestFile    Now processing file /home/runner/work/key/key/key.core/../key.ui/examples/standard_key/java_dl/switch/switch_in_switch.key 
49523      INFO  main            d.u.i.k.p.i.AbstractProblemLoader Loading environment from /home/runner/work/key/key/key.core/../key.ui/examples/standard_key/java_dl/switch/switch_in_switch.key 
49523      DEBUG main            d.u.i.k.p.i.AbstractProblemLoader Environment load took 196.6ns 
49527      INFO  main            d.u.i.k.p.i.AbstractProblemLoader Creating init config 
52707      DEBUG main            d.u.i.k.p.i.AbstractProblemLoader Init config took 3.18s 
52763      INFO  main            d.u.i.k.p.i.AbstractProblemLoader Replaying proof SwitchInSwitch[SwitchInSwitch::m(int)].JML normal_behavior operation contract.0 
52765      DEBUG main            d.u.i.k.p.i.IntermediateProofReplayer Proof replay took 7.1ns 
58363      INFO  main            d.u.i.k.p.r.p.TestFile    ... finished proof: closed. 
58681      INFO  main            d.u.i.k.p.i.AbstractProblemLoader Loading environment from /home/runner/work/key/key/key.core/../key.ui/examples/standard_key/java_dl/switch/switch_in_switch.key.proof 
58681      DEBUG main            d.u.i.k.p.i.AbstractProblemLoader Environment load took 253.1ns 
58686      INFO  main            d.u.i.k.p.i.AbstractProblemLoader Creating init config 
61836      DEBUG main            d.u.i.k.p.i.AbstractProblemLoader Init config took 3.15s 
61889      INFO  main            d.u.i.k.p.i.AbstractProblemLoader Replaying proof SwitchInSwitch[SwitchInSwitch::m(int)].JML normal_behavior operation contract.0 
62421      DEBUG main            d.u.i.k.p.i.IntermediateProofReplayer Proof replay took 496.19ms 
62423      DEBUG main            d.u.i.k.p.r.p.TestFile    ... success: reloaded. 
62424      INFO  main            d.u.i.k.p.r.p.TestFile    Now processing file /home/runner/work/key/key/key.core/../key.ui/examples/standard_key/java_dl/switch/while_and_switch.key 
62425      INFO  main            d.u.i.k.p.i.AbstractProblemLoader Loading environment from /home/runner/work/key/key/key.core/../key.ui/examples/standard_key/java_dl/switch/while_and_switch.key 
62425      DEBUG main            d.u.i.k.p.i.AbstractProblemLoader Environment load took 472.8ns 
62426      INFO  main            d.u.i.k.p.i.AbstractProblemLoader Creating init config 
65602      DEBUG main            d.u.i.k.p.i.AbstractProblemLoader Init config took 3.18s 
65651      INFO  main            d.u.i.k.p.i.AbstractProblemLoader Replaying proof WhileAndSwitch[WhileAndSwitch::m(int)].JML normal_behavior operation contract.0 
65654      DEBUG main            d.u.i.k.p.i.IntermediateProofReplayer Proof replay took 7.4ns 
66561      INFO  main            d.u.i.k.p.r.p.TestFile    ... finished proof: closed. 
66836      INFO  main            d.u.i.k.p.i.AbstractProblemLoader Loading environment from /home/runner/work/key/key/key.core/../key.ui/examples/standard_key/java_dl/switch/while_and_switch.key.proof 
66839      DEBUG main            d.u.i.k.p.i.AbstractProblemLoader Environment load took 3.17ms 
66841      INFO  main            d.u.i.k.p.i.AbstractProblemLoader Creating init config 
69938      DEBUG main            d.u.i.k.p.i.AbstractProblemLoader Init config took 3.1s 
69993      INFO  main            d.u.i.k.p.i.AbstractProblemLoader Replaying proof WhileAndSwitch[WhileAndSwitch::m(int)].JML normal_behavior operation contract.0 
70133      DEBUG main            d.u.i.k.p.i.IntermediateProofReplayer Proof replay took 131ms 
70135      DEBUG main            d.u.i.k.p.r.p.TestFile    ... success: reloaded. 
70137      INFO  main            d.u.i.k.p.r.p.TestFile    Now processing file /home/runner/work/key/key/key.core/../key.ui/examples/standard_key/java_dl/switch/large_switch.key 
70137      INFO  main            d.u.i.k.p.i.AbstractProblemLoader Loading environment from /home/runner/work/key/key/key.core/../key.ui/examples/standard_key/java_dl/switch/large_switch.key 
70138      DEBUG main            d.u.i.k.p.i.AbstractProblemLoader Environment load took 824.21ns 
70139      INFO  main            d.u.i.k.p.i.AbstractProblemLoader Creating init config 
73263      DEBUG main            d.u.i.k.p.i.AbstractProblemLoader Init config took 3.12s 
73316      INFO  main            d.u.i.k.p.i.AbstractProblemLoader Replaying proof LargeSwitch[LargeSwitch::m(int)].JML normal_behavior operation contract.0 
73318      DEBUG main            d.u.i.k.p.i.IntermediateProofReplayer Proof replay took 7.8ns 
74928      INFO  main            d.u.i.k.p.r.p.TestFile    ... finished proof: closed. 
75175      INFO  main            d.u.i.k.p.i.AbstractProblemLoader Loading environment from /home/runner/work/key/key/key.core/../key.ui/examples/standard_key/java_dl/switch/large_switch.key.proof 
75178      DEBUG main            d.u.i.k.p.i.AbstractProblemLoader Environment load took 2.97ms 
75180      INFO  main            d.u.i.k.p.i.AbstractProblemLoader Creating init config 
78267      DEBUG main            d.u.i.k.p.i.AbstractProblemLoader Init config took 3.09s 
78313      INFO  main            d.u.i.k.p.i.AbstractProblemLoader Replaying proof LargeSwitch[LargeSwitch::m(int)].JML normal_behavior operation contract.0 
78728      DEBUG main            d.u.i.k.p.i.IntermediateProofReplayer Proof replay took 394.94ms 
78730      DEBUG main            d.u.i.k.p.r.p.TestFile    ... success: reloaded. 
6478838    INFO  Test worker     d.u.i.k.p.r.p.StatisticsFile Returning from test switch 
6478839    INFO  Test worker     d.u.i.k.p.r.p.StatisticsFile Running test redux 
464        INFO  Timeout watchdog d.u.i.k.p.r.p.ForkedTestFileRunner Timeout watcher launched (2000 secs.) 
485        WARN  main            d.u.i.k.s.ProofSettings   The settings in /home/runner/.key/proof-settings.props are *not* read. 
547        INFO  main            d.u.i.k.p.r.p.TestFile    Now processing file /home/runner/work/key/key/key.core/../key.ui/examples/redux/arrays/Arrays.copyOf.key 
697        INFO  main            d.u.i.k.p.i.AbstractProblemLoader Loading environment from /home/runner/work/key/key/key.core/../key.ui/examples/redux/arrays/Arrays.copyOf.key 
718        DEBUG main            d.u.i.k.p.i.AbstractProblemLoader Environment load took 2.15ms 
1047       INFO  main            d.u.i.k.p.i.AbstractProblemLoader Creating init config 
2370       DEBUG main            d.u.i.k.j.TypeConverter   No LDT found for Meta 
2371       DEBUG main            d.u.i.k.j.TypeConverter   No LDT found for Meta 
2374       DEBUG main            d.u.i.k.j.TypeConverter   No LDT found for Meta 
2375       DEBUG main            d.u.i.k.j.TypeConverter   No LDT found for Meta 
4239       DEBUG main            d.u.i.k.j.TypeConverter   No LDT found for JavaBigintExpression 
10894      DEBUG main            d.u.i.k.p.i.AbstractProblemLoader Init config took 9.85s 
11118      INFO  main            d.u.i.k.p.i.AbstractProblemLoader Replaying proof Arrays[Arrays::copyOf([I,int)].JML normal_behavior operation contract.0 
11169      DEBUG main            d.u.i.k.p.i.IntermediateProofReplayer Proof replay took 50.3ns 
17548      INFO  main            d.u.i.k.p.r.p.TestFile    ... finished proof: closed. 
17777      INFO  main            d.u.i.k.p.i.AbstractProblemLoader Loading environment from /home/runner/work/key/key/key.core/../key.ui/examples/redux/arrays/Arrays.copyOf.key.proof 
17782      DEBUG main            d.u.i.k.p.i.AbstractProblemLoader Environment load took 5.22ms 
17785      INFO  main            d.u.i.k.p.i.AbstractProblemLoader Creating init config 
21825      DEBUG main            d.u.i.k.p.i.AbstractProblemLoader Init config took 4.04s 
21912      INFO  main            d.u.i.k.p.i.AbstractProblemLoader Replaying proof Arrays[Arrays::copyOf([I,int)].JML normal_behavior operation contract.0 
22616      DEBUG main            d.u.i.k.p.i.IntermediateProofReplayer Proof replay took 663.97ms 
22626      DEBUG main            d.u.i.k.p.r.p.TestFile    ... success: reloaded. 
22628      INFO  main            d.u.i.k.p.r.p.TestFile    Now processing file /home/runner/work/key/key/key.core/../key.ui/examples/redux/arrays/Arrays.copyOf.float.key 
22628      INFO  main            d.u.i.k.p.i.AbstractProblemLoader Loading environment from /home/runner/work/key/key/key.core/../key.ui/examples/redux/arrays/Arrays.copyOf.float.key 
22629      DEBUG main            d.u.i.k.p.i.AbstractProblemLoader Environment load took 239.7ns 
22631      INFO  main            d.u.i.k.p.i.AbstractProblemLoader Creating init config 
26457      DEBUG main            d.u.i.k.p.i.AbstractProblemLoader Init config took 3.83s 
26527      INFO  main            d.u.i.k.p.i.AbstractProblemLoader Replaying proof Arrays[Arrays::copyOf([F,int)].JML normal_behavior operation contract.0 
26530      DEBUG main            d.u.i.k.p.i.IntermediateProofReplayer Proof replay took 23ns 
26571      DEBUG main            d.u.i.k.m.s.ProofScriptEngine [1] goal: 0, source line: 6, command: 'macro autopilot' 
32026      DEBUG main            d.u.i.k.m.s.ProofScriptEngine [2] goal: 17, source line: 7, command: 'smt solver=Z3' 
32145      INFO  main            d.u.i.k.m.s.SMTCommand    Finished run on goal 17 in 84ms, result is valid 
32146      DEBUG main            d.u.i.k.m.s.ProofScriptEngine [3] goal: 309, source line: 8, command: 'tryclose' 
34244      INFO  main            d.u.i.k.p.r.p.TestFile    ... finished proof: closed. 
34549      INFO  main            d.u.i.k.p.i.AbstractProblemLoader Loading environment from /home/runner/work/key/key/key.core/../key.ui/examples/redux/arrays/Arrays.copyOf.float.key.proof 
34549      DEBUG main            d.u.i.k.p.i.AbstractProblemLoader Environment load took 500.11ns 
34557      INFO  main            d.u.i.k.p.i.AbstractProblemLoader Creating init config 
38255      DEBUG main            d.u.i.k.p.i.AbstractProblemLoader Init config took 3.7s 
38315      INFO  main            d.u.i.k.p.i.AbstractProblemLoader Replaying proof Arrays[Arrays::copyOf([F,int)].JML normal_behavior operation contract.0 
38441      INFO  main            d.u.i.k.s.SMTFocusResults Analyzing unsat core: (L_6) 
39171      DEBUG main            d.u.i.k.p.i.IntermediateProofReplayer Proof replay took 827.88ms 
39173      DEBUG main            d.u.i.k.p.r.p.TestFile    ... success: reloaded. 
39176      INFO  main            d.u.i.k.p.r.p.TestFile    Now processing file /home/runner/work/key/key/key.core/../key.ui/examples/redux/arrays/Arrays.copyOfRange.key 
39176      INFO  main            d.u.i.k.p.i.AbstractProblemLoader Loading environment from /home/runner/work/key/key/key.core/../key.ui/examples/redux/arrays/Arrays.copyOfRange.key 
39177      DEBUG main            d.u.i.k.p.i.AbstractProblemLoader Environment load took 221.7ns 
39179      INFO  main            d.u.i.k.p.i.AbstractProblemLoader Creating init config 
43098      DEBUG main            d.u.i.k.p.i.AbstractProblemLoader Init config took 3.92s 
43154      INFO  main            d.u.i.k.p.i.AbstractProblemLoader Replaying proof Arrays[Arrays::copyOfRange([I,int,int)].JML normal_behavior operation contract.0 
43156      DEBUG main            d.u.i.k.p.i.IntermediateProofReplayer Proof replay took 5.8ns 
48825      INFO  main            d.u.i.k.p.r.p.TestFile    ... finished proof: closed. 
49179      INFO  main            d.u.i.k.p.i.AbstractProblemLoader Loading environment from /home/runner/work/key/key/key.core/../key.ui/examples/redux/arrays/Arrays.copyOfRange.key.proof 
49179      DEBUG main            d.u.i.k.p.i.AbstractProblemLoader Environment load took 740.41ns 
49185      INFO  main            d.u.i.k.p.i.AbstractProblemLoader Creating init config 
52843      DEBUG main            d.u.i.k.p.i.AbstractProblemLoader Init config took 3.66s 
52894      INFO  main            d.u.i.k.p.i.AbstractProblemLoader Replaying proof Arrays[Arrays::copyOfRange([I,int,int)].JML normal_behavior operation contract.0 
53387      DEBUG main            d.u.i.k.p.i.IntermediateProofReplayer Proof replay took 465.61ms 
53391      DEBUG main            d.u.i.k.p.r.p.TestFile    ... success: reloaded. 
53393      INFO  main            d.u.i.k.p.r.p.TestFile    Now processing file /home/runner/work/key/key/key.core/../key.ui/examples/redux/arrays/Arrays.copyOfRange.float.key 
53393      INFO  main            d.u.i.k.p.i.AbstractProblemLoader Loading environment from /home/runner/work/key/key/key.core/../key.ui/examples/redux/arrays/Arrays.copyOfRange.float.key 
53393      DEBUG main            d.u.i.k.p.i.AbstractProblemLoader Environment load took 224.2ns 
53395      INFO  main            d.u.i.k.p.i.AbstractProblemLoader Creating init config 
56959      DEBUG main            d.u.i.k.p.i.AbstractProblemLoader Init config took 3.56s 
57010      INFO  main            d.u.i.k.p.i.AbstractProblemLoader Replaying proof Arrays[Arrays::copyOfRange([F,int,int)].JML normal_behavior operation contract.0 
57012      DEBUG main            d.u.i.k.p.i.IntermediateProofReplayer Proof replay took 6.2ns 
57013      DEBUG main            d.u.i.k.m.s.ProofScriptEngine [1] goal: 0, source line: 6, command: 'macro autopilot' 
64215      DEBUG main            d.u.i.k.m.s.ProofScriptEngine [2] goal: 27, source line: 7, command: 'smt solver=Z3' 
64264      INFO  main            d.u.i.k.m.s.SMTCommand    Finished run on goal 27 in 40ms, result is valid 
64264      DEBUG main            d.u.i.k.m.s.ProofScriptEngine [3] goal: 375, source line: 8, command: 'tryclose' 
68290      INFO  main            d.u.i.k.p.r.p.TestFile    ... finished proof: closed. 
68568      INFO  main            d.u.i.k.p.i.AbstractProblemLoader Loading environment from /home/runner/work/key/key/key.core/../key.ui/examples/redux/arrays/Arrays.copyOfRange.float.key.proof 
68569      DEBUG main            d.u.i.k.p.i.AbstractProblemLoader Environment load took 239ns 
68571      INFO  main            d.u.i.k.p.i.AbstractProblemLoader Creating init config 
72188      DEBUG main            d.u.i.k.p.i.AbstractProblemLoader Init config took 3.62s 
72242      INFO  main            d.u.i.k.p.i.AbstractProblemLoader Replaying proof Arrays[Arrays::copyOfRange([F,int,int)].JML normal_behavior operation contract.0 
72334      INFO  main            d.u.i.k.s.SMTFocusResults Analyzing unsat core: (L_8) 
73181      DEBUG main            d.u.i.k.p.i.IntermediateProofReplayer Proof replay took 905.01ms 
73184      DEBUG main            d.u.i.k.p.r.p.TestFile    ... success: reloaded. 
73185      INFO  main            d.u.i.k.p.r.p.TestFile    Now processing file /home/runner/work/key/key/key.core/../key.ui/examples/redux/arrays/Arrays.equals.key 
73186      INFO  main            d.u.i.k.p.i.AbstractProblemLoader Loading environment from /home/runner/work/key/key/key.core/../key.ui/examples/redux/arrays/Arrays.equals.key 
73186      DEBUG main            d.u.i.k.p.i.AbstractProblemLoader Environment load took 207.2ns 
73190      INFO  main            d.u.i.k.p.i.AbstractProblemLoader Creating init config 
77002      DEBUG main            d.u.i.k.p.i.AbstractProblemLoader Init config took 3.81s 
77053      INFO  main            d.u.i.k.p.i.AbstractProblemLoader Replaying proof Arrays[Arrays::equals([B,[B)].JML normal_behavior operation contract.0 
77054      DEBUG main            d.u.i.k.p.i.IntermediateProofReplayer Proof replay took 6ns 
77760      INFO  main            d.u.i.k.p.r.p.TestFile    ... finished proof: closed. 
78065      INFO  main            d.u.i.k.p.i.AbstractProblemLoader Loading environment from /home/runner/work/key/key/key.core/../key.ui/examples/redux/arrays/Arrays.equals.key.proof 
78066      DEBUG main            d.u.i.k.p.i.AbstractProblemLoader Environment load took 1.01ms 
78069      INFO  main            d.u.i.k.p.i.AbstractProblemLoader Creating init config 
81822      DEBUG main            d.u.i.k.p.i.AbstractProblemLoader Init config took 3.75s 
81871      INFO  main            d.u.i.k.p.i.AbstractProblemLoader Replaying proof Arrays[Arrays::equals([B,[B)].JML normal_behavior operation contract.0 
82024      DEBUG main            d.u.i.k.p.i.IntermediateProofReplayer Proof replay took 147.52ms 
82026      DEBUG main            d.u.i.k.p.r.p.TestFile    ... success: reloaded. 
82027      INFO  main            d.u.i.k.p.r.p.TestFile    Now processing file /home/runner/work/key/key/key.core/../key.ui/examples/redux/arrays/Arrays.fill.key 
82027      INFO  main            d.u.i.k.p.i.AbstractProblemLoader Loading environment from /home/runner/work/key/key/key.core/../key.ui/examples/redux/arrays/Arrays.fill.key 
82028      DEBUG main            d.u.i.k.p.i.AbstractProblemLoader Environment load took 200.3ns 
82029      INFO  main            d.u.i.k.p.i.AbstractProblemLoader Creating init config 
85788      DEBUG main            d.u.i.k.p.i.AbstractProblemLoader Init config took 3.76s 
85844      INFO  main            d.u.i.k.p.i.AbstractProblemLoader Replaying proof Arrays[Arrays::fill([I,int)].JML normal_behavior operation contract.0 
85846      DEBUG main            d.u.i.k.p.i.IntermediateProofReplayer Proof replay took 7.3ns 
86050      INFO  main            d.u.i.k.p.r.p.TestFile    ... finished proof: closed. 
86297      INFO  main            d.u.i.k.p.i.AbstractProblemLoader Loading environment from /home/runner/work/key/key/key.core/../key.ui/examples/redux/arrays/Arrays.fill.key.proof 
86297      DEBUG main            d.u.i.k.p.i.AbstractProblemLoader Environment load took 198.4ns 
86299      INFO  main            d.u.i.k.p.i.AbstractProblemLoader Creating init config 
89998      DEBUG main            d.u.i.k.p.i.AbstractProblemLoader Init config took 3.7s 
90043      INFO  main            d.u.i.k.p.i.AbstractProblemLoader Replaying proof Arrays[Arrays::fill([I,int)].JML normal_behavior operation contract.0 
90082      DEBUG main            d.u.i.k.p.i.IntermediateProofReplayer Proof replay took 35.06ms 
90083      DEBUG main            d.u.i.k.p.r.p.TestFile    ... success: reloaded. 
90084      INFO  main            d.u.i.k.p.r.p.TestFile    Now processing file /home/runner/work/key/key/key.core/../key.ui/examples/redux/arrays/Arrays.fill.float.key 
90085      INFO  main            d.u.i.k.p.i.AbstractProblemLoader Loading environment from /home/runner/work/key/key/key.core/../key.ui/examples/redux/arrays/Arrays.fill.float.key 
90085      DEBUG main            d.u.i.k.p.i.AbstractProblemLoader Environment load took 246.7ns 
90087      INFO  main            d.u.i.k.p.i.AbstractProblemLoader Creating init config 
93735      DEBUG main            d.u.i.k.p.i.AbstractProblemLoader Init config took 3.65s 
93779      INFO  main            d.u.i.k.p.i.AbstractProblemLoader Replaying proof Arrays[Arrays::fill([F,float)].JML normal_behavior operation contract.0 
93781      DEBUG main            d.u.i.k.p.i.IntermediateProofReplayer Proof replay took 7ns 
93983      INFO  main            d.u.i.k.p.r.p.TestFile    ... finished proof: closed. 
94218      INFO  main            d.u.i.k.p.i.AbstractProblemLoader Loading environment from /home/runner/work/key/key/key.core/../key.ui/examples/redux/arrays/Arrays.fill.float.key.proof 
94218      DEBUG main            d.u.i.k.p.i.AbstractProblemLoader Environment load took 479.81ns 
94219      INFO  main            d.u.i.k.p.i.AbstractProblemLoader Creating init config 
97779      DEBUG main            d.u.i.k.p.i.AbstractProblemLoader Init config took 3.56s 
97822      INFO  main            d.u.i.k.p.i.AbstractProblemLoader Replaying proof Arrays[Arrays::fill([F,float)].JML normal_behavior operation contract.0 
97868      DEBUG main            d.u.i.k.p.i.IntermediateProofReplayer Proof replay took 43.43ms 
97869      DEBUG main            d.u.i.k.p.r.p.TestFile    ... success: reloaded. 
97871      INFO  main            d.u.i.k.p.r.p.TestFile    Now processing file /home/runner/work/key/key/key.core/../key.ui/examples/redux/arrays/Arrays.fillFromTo.key 
97871      INFO  main            d.u.i.k.p.i.AbstractProblemLoader Loading environment from /home/runner/work/key/key/key.core/../key.ui/examples/redux/arrays/Arrays.fillFromTo.key 
97871      DEBUG main            d.u.i.k.p.i.AbstractProblemLoader Environment load took 106.8ns 
97872      INFO  main            d.u.i.k.p.i.AbstractProblemLoader Creating init config 
101508     DEBUG main            d.u.i.k.p.i.AbstractProblemLoader Init config took 3.64s 
101567     INFO  main            d.u.i.k.p.i.AbstractProblemLoader Replaying proof Arrays[Arrays::fill([I,int,int,int)].JML normal_behavior operation contract.0 
101570     DEBUG main            d.u.i.k.p.i.IntermediateProofReplayer Proof replay took 8ns 
102275     INFO  main            d.u.i.k.p.r.p.TestFile    ... finished proof: closed. 
102505     INFO  main            d.u.i.k.p.i.AbstractProblemLoader Loading environment from /home/runner/work/key/key/key.core/../key.ui/examples/redux/arrays/Arrays.fillFromTo.key.proof 
102505     DEBUG main            d.u.i.k.p.i.AbstractProblemLoader Environment load took 534.3ns 
102507     INFO  main            d.u.i.k.p.i.AbstractProblemLoader Creating init config 
106229     DEBUG main            d.u.i.k.p.i.AbstractProblemLoader Init config took 3.72s 
106285     INFO  main            d.u.i.k.p.i.AbstractProblemLoader Replaying proof Arrays[Arrays::fill([I,int,int,int)].JML normal_behavior operation contract.0 
106411     DEBUG main            d.u.i.k.p.i.IntermediateProofReplayer Proof replay took 118.63ms 
106413     DEBUG main            d.u.i.k.p.r.p.TestFile    ... success: reloaded. 
106414     INFO  main            d.u.i.k.p.r.p.TestFile    Now processing file /home/runner/work/key/key/key.core/../key.ui/examples/redux/arrays/Arrays.fillFromTo.float.key 
106415     INFO  main            d.u.i.k.p.i.AbstractProblemLoader Loading environment from /home/runner/work/key/key/key.core/../key.ui/examples/redux/arrays/Arrays.fillFromTo.float.key 
106415     DEBUG main            d.u.i.k.p.i.AbstractProblemLoader Environment load took 230.3ns 
106416     INFO  main            d.u.i.k.p.i.AbstractProblemLoader Creating init config 
110088     DEBUG main            d.u.i.k.p.i.AbstractProblemLoader Init config took 3.67s 
110130     INFO  main            d.u.i.k.p.i.AbstractProblemLoader Replaying proof Arrays[Arrays::fill([F,int,int,float)].JML normal_behavior operation contract.0 
110132     DEBUG main            d.u.i.k.p.i.IntermediateProofReplayer Proof replay took 26.6ns 
110937     INFO  main            d.u.i.k.p.r.p.TestFile    ... finished proof: closed. 
111225     INFO  main            d.u.i.k.p.i.AbstractProblemLoader Loading environment from /home/runner/work/key/key/key.core/../key.ui/examples/redux/arrays/Arrays.fillFromTo.float.key.proof 
111226     DEBUG main            d.u.i.k.p.i.AbstractProblemLoader Environment load took 449.7ns 
111227     INFO  main            d.u.i.k.p.i.AbstractProblemLoader Creating init config 
114731     DEBUG main            d.u.i.k.p.i.AbstractProblemLoader Init config took 3.5s 
114775     INFO  main            d.u.i.k.p.i.AbstractProblemLoader Replaying proof Arrays[Arrays::fill([F,int,int,float)].JML normal_behavior operation contract.0 
114927     DEBUG main            d.u.i.k.p.i.IntermediateProofReplayer Proof replay took 143ms 
114928     DEBUG main            d.u.i.k.p.r.p.TestFile    ... success: reloaded. 
114929     INFO  main            d.u.i.k.p.r.p.TestFile    Now processing file /home/runner/work/key/key/key.core/../key.ui/examples/redux/arrays/ArrayCopy.arraycopy.normal.0.key 
114929     INFO  main            d.u.i.k.p.i.AbstractProblemLoader Loading environment from /home/runner/work/key/key/key.core/../key.ui/examples/redux/arrays/ArrayCopy.arraycopy.normal.0.key 
114929     DEBUG main            d.u.i.k.p.i.AbstractProblemLoader Environment load took 74.6ns 
114931     INFO  main            d.u.i.k.p.i.AbstractProblemLoader Creating init config 
118430     DEBUG main            d.u.i.k.p.i.AbstractProblemLoader Init config took 3.5s 
118471     INFO  main            d.u.i.k.p.i.AbstractProblemLoader Replaying proof ArrayCopy[ArrayCopy::arraycopy(java.lang.Object,int,java.lang.Object,int,int)].JML normal_behavior operation contract.0 
118473     DEBUG main            d.u.i.k.p.i.IntermediateProofReplayer Proof replay took 6.3ns 
125799     INFO  main            d.u.i.k.p.r.p.TestFile    ... finished proof: closed. 
126088     INFO  main            d.u.i.k.p.i.AbstractProblemLoader Loading environment from /home/runner/work/key/key/key.core/../key.ui/examples/redux/arrays/ArrayCopy.arraycopy.normal.0.key.proof 
126089     DEBUG main            d.u.i.k.p.i.AbstractProblemLoader Environment load took 399.4ns 
126091     INFO  main            d.u.i.k.p.i.AbstractProblemLoader Creating init config 
129568     DEBUG main            d.u.i.k.p.i.AbstractProblemLoader Init config took 3.48s 
129620     INFO  main            d.u.i.k.p.i.AbstractProblemLoader Replaying proof ArrayCopy[ArrayCopy::arraycopy(java.lang.Object,int,java.lang.Object,int,int)].JML normal_behavior operation contract.0 
130404     DEBUG main            d.u.i.k.p.i.IntermediateProofReplayer Proof replay took 763.41ms 
130406     DEBUG main            d.u.i.k.p.r.p.TestFile    ... success: reloaded. 
130407     INFO  main            d.u.i.k.p.r.p.TestFile    Now processing file /home/runner/work/key/key/key.core/../key.ui/examples/redux/arrays/ArrayCopy.arraycopy.exceptional.0.key 
130408     INFO  main            d.u.i.k.p.i.AbstractProblemLoader Loading environment from /home/runner/work/key/key/key.core/../key.ui/examples/redux/arrays/ArrayCopy.arraycopy.exceptional.0.key 
130408     DEBUG main            d.u.i.k.p.i.AbstractProblemLoader Environment load took 235.6ns 
130409     INFO  main            d.u.i.k.p.i.AbstractProblemLoader Creating init config 
133941     DEBUG main            d.u.i.k.p.i.AbstractProblemLoader Init config took 3.53s 
133981     INFO  main            d.u.i.k.p.i.AbstractProblemLoader Replaying proof ArrayCopy[ArrayCopy::arraycopy(java.lang.Object,int,java.lang.Object,int,int)].JML exceptional_behavior operation contract.0 
133982     DEBUG main            d.u.i.k.p.i.IntermediateProofReplayer Proof replay took 7.2ns 
134386     INFO  main            d.u.i.k.p.r.p.TestFile    ... finished proof: closed. 
134705     INFO  main            d.u.i.k.p.i.AbstractProblemLoader Loading environment from /home/runner/work/key/key/key.core/../key.ui/examples/redux/arrays/ArrayCopy.arraycopy.exceptional.0.key.proof 
134705     DEBUG main            d.u.i.k.p.i.AbstractProblemLoader Environment load took 561ns 
134707     INFO  main            d.u.i.k.p.i.AbstractProblemLoader Creating init config 
138144     DEBUG main            d.u.i.k.p.i.AbstractProblemLoader Init config took 3.44s 
138184     INFO  main            d.u.i.k.p.i.AbstractProblemLoader Replaying proof ArrayCopy[ArrayCopy::arraycopy(java.lang.Object,int,java.lang.Object,int,int)].JML exceptional_behavior operation contract.0 
138312     DEBUG main            d.u.i.k.p.i.IntermediateProofReplayer Proof replay took 123.61ms 
138313     DEBUG main            d.u.i.k.p.r.p.TestFile    ... success: reloaded. 
138314     INFO  main            d.u.i.k.p.r.p.TestFile    Now processing file /home/runner/work/key/key/key.core/../key.ui/examples/redux/arrays/ArrayCopy.arraycopy.exceptional.1.key 
138315     INFO  main            d.u.i.k.p.i.AbstractProblemLoader Loading environment from /home/runner/work/key/key/key.core/../key.ui/examples/redux/arrays/ArrayCopy.arraycopy.exceptional.1.key 
138315     DEBUG main            d.u.i.k.p.i.AbstractProblemLoader Environment load took 221.2ns 
138316     INFO  main            d.u.i.k.p.i.AbstractProblemLoader Creating init config 
141993     DEBUG main            d.u.i.k.p.i.AbstractProblemLoader Init config took 3.68s 
142034     INFO  main            d.u.i.k.p.i.AbstractProblemLoader Replaying proof ArrayCopy[ArrayCopy::arraycopy(java.lang.Object,int,java.lang.Object,int,int)].JML exceptional_behavior operation contract.1 
142036     DEBUG main            d.u.i.k.p.i.IntermediateProofReplayer Proof replay took 7.3ns 
149581     INFO  main            d.u.i.k.p.r.p.TestFile    ... finished proof: closed. 
149906     INFO  main            d.u.i.k.p.i.AbstractProblemLoader Loading environment from /home/runner/work/key/key/key.core/../key.ui/examples/redux/arrays/ArrayCopy.arraycopy.exceptional.1.key.proof 
149907     DEBUG main            d.u.i.k.p.i.AbstractProblemLoader Environment load took 488.2ns 
149911     INFO  main            d.u.i.k.p.i.AbstractProblemLoader Creating init config 
153431     DEBUG main            d.u.i.k.p.i.AbstractProblemLoader Init config took 3.52s 
153473     INFO  main            d.u.i.k.p.i.AbstractProblemLoader Replaying proof ArrayCopy[ArrayCopy::arraycopy(java.lang.Object,int,java.lang.Object,int,int)].JML exceptional_behavior operation contract.1 
154925     DEBUG main            d.u.i.k.p.i.IntermediateProofReplayer Proof replay took 1.43s 
154927     DEBUG main            d.u.i.k.p.r.p.TestFile    ... success: reloaded. 
6633981    INFO  Test worker     d.u.i.k.p.r.p.StatisticsFile Returning from test redux 
]]></system-out>
  <system-err><![CDATA[]]></system-err>
</testsuite>
