<?xml version="1.0" encoding="UTF-8"?>
<testsuite name="de.uka.ilkd.key.proof_references.testcase.analyst.TestClassAxiomAndInvariantProofReferencesAnalyst" tests="5" skipped="0" failures="0" errors="0" timestamp="2023-02-02T21:23:46" hostname="fv-az477-553" time="14.029">
  <properties/>
  <testcase name="testModelFieldTest_f()" classname="de.uka.ilkd.key.proof_references.testcase.analyst.TestClassAxiomAndInvariantProofReferencesAnalyst" time="2.841"/>
  <testcase name="testModelFieldTest_doubleX()" classname="de.uka.ilkd.key.proof_references.testcase.analyst.TestClassAxiomAndInvariantProofReferencesAnalyst" time="2.838"/>
  <testcase name="testInvariantInOperationContractOfArgument()" classname="de.uka.ilkd.key.proof_references.testcase.analyst.TestClassAxiomAndInvariantProofReferencesAnalyst" time="2.814"/>
  <testcase name="testInvariantInOperationContract()" classname="de.uka.ilkd.key.proof_references.testcase.analyst.TestClassAxiomAndInvariantProofReferencesAnalyst" time="2.772"/>
  <testcase name="testNestedInvariantInOperationContract()" classname="de.uka.ilkd.key.proof_references.testcase.analyst.TestClassAxiomAndInvariantProofReferencesAnalyst" time="2.76"/>
  <system-out><![CDATA[]]></system-out>
  <system-err><![CDATA[]]></system-err>
</testsuite>
