<?xml version="1.0" encoding="UTF-8"?>
<testsuite name="de.uka.ilkd.key.proof_references.testcase.analyst.TestMethodCallProofReferencesAnalyst" tests="10" skipped="0" failures="0" errors="0" timestamp="2023-02-02T21:24:06" hostname="fv-az477-553" time="27.593">
  <properties/>
  <testcase name="testConstructorTest()" classname="de.uka.ilkd.key.proof_references.testcase.analyst.TestMethodCallProofReferencesAnalyst" time="3.08"/>
  <testcase name="testMethodCallWithinClass()" classname="de.uka.ilkd.key.proof_references.testcase.analyst.TestMethodCallProofReferencesAnalyst" time="2.729"/>
  <testcase name="testMethodCallWithAssignmentSuper()" classname="de.uka.ilkd.key.proof_references.testcase.analyst.TestMethodCallProofReferencesAnalyst" time="2.746"/>
  <testcase name="testMethodCall()" classname="de.uka.ilkd.key.proof_references.testcase.analyst.TestMethodCallProofReferencesAnalyst" time="2.729"/>
  <testcase name="testStaticMethodCallStaticViaTypereference()" classname="de.uka.ilkd.key.proof_references.testcase.analyst.TestMethodCallProofReferencesAnalyst" time="2.707"/>
  <testcase name="testMethodCallWithAssignment()" classname="de.uka.ilkd.key.proof_references.testcase.analyst.TestMethodCallProofReferencesAnalyst" time="2.702"/>
  <testcase name="testMethodCallSuper()" classname="de.uka.ilkd.key.proof_references.testcase.analyst.TestMethodCallProofReferencesAnalyst" time="2.733"/>
  <testcase name="testMethodCallWithAssignmentWithinClass()" classname="de.uka.ilkd.key.proof_references.testcase.analyst.TestMethodCallProofReferencesAnalyst" time="2.718"/>
  <testcase name="testStaticMethodCallStaticWithAssignmentViaTypereference()" classname="de.uka.ilkd.key.proof_references.testcase.analyst.TestMethodCallProofReferencesAnalyst" time="2.704"/>
  <testcase name="testStaticMethodCall()" classname="de.uka.ilkd.key.proof_references.testcase.analyst.TestMethodCallProofReferencesAnalyst" time="2.736"/>
  <system-out><![CDATA[]]></system-out>
  <system-err><![CDATA[]]></system-err>
</testsuite>
