<?xml version="1.0" encoding="UTF-8"?>
<testsuite name="recoder.testsuite.basic.analysis.MemberXReferenceCompletenessTest" tests="1" skipped="0" failures="0" errors="0" timestamp="2023-02-08T23:02:14" hostname="fv-az411-937" time="0.007">
  <properties/>
  <testcase name="testMemberXReferenceCompletenessTest" classname="recoder.testsuite.basic.analysis.MemberXReferenceCompletenessTest" time="0.007"/>
  <system-out><![CDATA[]]></system-out>
  <system-err><![CDATA[]]></system-err>
</testsuite>
