<?xml version="1.0" encoding="UTF-8"?>
<testsuite name="de.uka.ilkd.key.parser.TestDeclParser" tests="14" skipped="2" failures="0" errors="0" timestamp="2023-04-04T14:05:11" hostname="fv-az280-749" time="12.336">
  <properties/>
  <testcase name="testGenericSortDecl1()" classname="de.uka.ilkd.key.parser.TestDeclParser" time="1.108"/>
  <testcase name="testGenericSortDecl2()" classname="de.uka.ilkd.key.parser.TestDeclParser" time="1.05"/>
  <testcase name="testGenericSortDecl3()" classname="de.uka.ilkd.key.parser.TestDeclParser" time="1.06"/>
  <testcase name="testGenericSortDecl4()" classname="de.uka.ilkd.key.parser.TestDeclParser" time="1.047"/>
  <testcase name="testGenericSortDecl5()" classname="de.uka.ilkd.key.parser.TestDeclParser" time="0.0">
    <skipped/>
  </testcase>
  <testcase name="testGenericSortDecl6()" classname="de.uka.ilkd.key.parser.TestDeclParser" time="1.02"/>
  <testcase name="testSortDecl()" classname="de.uka.ilkd.key.parser.TestDeclParser" time="1.019"/>
  <testcase name="testProxySortDecl()" classname="de.uka.ilkd.key.parser.TestDeclParser" time="0.995"/>
  <testcase name="testArrayDecl()" classname="de.uka.ilkd.key.parser.TestDeclParser" time="1.048"/>
  <testcase name="testAmbiguousDecls()" classname="de.uka.ilkd.key.parser.TestDeclParser" time="0.0">
    <skipped/>
  </testcase>
  <testcase name="testHeurDecl()" classname="de.uka.ilkd.key.parser.TestDeclParser" time="0.928"/>
  <testcase name="testFunctionDecl()" classname="de.uka.ilkd.key.parser.TestDeclParser" time="1.058"/>
  <testcase name="testPredicateDecl()" classname="de.uka.ilkd.key.parser.TestDeclParser" time="1.026"/>
  <testcase name="testSVDecl()" classname="de.uka.ilkd.key.parser.TestDeclParser" time="0.972"/>
  <system-out><![CDATA[239663     INFO  Test worker     d.u.i.k.n.KeyIO           Parsing took 0 ms 
239663     INFO  Test worker     d.u.i.k.n.KeyIO           MODE: declarations took 0 ms 
240713     INFO  Test worker     d.u.i.k.n.KeyIO           Parsing took 0 ms 
240714     INFO  Test worker     d.u.i.k.n.KeyIO           MODE: declarations took 0 ms 
241775     INFO  Test worker     d.u.i.k.n.KeyIO           Parsing took 0 ms 
241775     INFO  Test worker     d.u.i.k.n.KeyIO           MODE: declarations took 0 ms 
242822     INFO  Test worker     d.u.i.k.n.KeyIO           Parsing took 0 ms 
242823     INFO  Test worker     d.u.i.k.n.KeyIO           MODE: declarations took 0 ms 
243844     INFO  Test worker     d.u.i.k.n.KeyIO           Parsing took 0 ms 
243844     INFO  Test worker     d.u.i.k.n.KeyIO           MODE: declarations took 0 ms 
244863     INFO  Test worker     d.u.i.k.n.KeyIO           Parsing took 0 ms 
244864     INFO  Test worker     d.u.i.k.n.KeyIO           MODE: declarations took 0 ms 
245859     INFO  Test worker     d.u.i.k.n.KeyIO           Parsing took 1 ms 
245859     INFO  Test worker     d.u.i.k.n.KeyIO           MODE: declarations took 0 ms 
246906     INFO  Test worker     d.u.i.k.n.KeyIO           Parsing took 0 ms 
246906     INFO  Test worker     d.u.i.k.n.KeyIO           MODE: declarations took 0 ms 
247835     INFO  Test worker     d.u.i.k.n.KeyIO           Parsing took 0 ms 
247836     INFO  Test worker     d.u.i.k.n.KeyIO           MODE: declarations took 1 ms 
248893     INFO  Test worker     d.u.i.k.n.KeyIO           Parsing took 0 ms 
248894     INFO  Test worker     d.u.i.k.n.KeyIO           MODE: declarations took 0 ms 
249919     INFO  Test worker     d.u.i.k.n.KeyIO           Parsing took 0 ms 
249920     INFO  Test worker     d.u.i.k.n.KeyIO           MODE: declarations took 0 ms 
250891     INFO  Test worker     d.u.i.k.n.KeyIO           Parsing took 0 ms 
250892     INFO  Test worker     d.u.i.k.n.KeyIO           MODE: declarations took 0 ms 
]]></system-out>
  <system-err><![CDATA[]]></system-err>
</testsuite>
