<?xml version="1.0" encoding="UTF-8"?>
<testsuite name="de.uka.ilkd.key.logic.TestClashFreeSubst" tests="14" skipped="2" failures="0" errors="0" timestamp="2023-04-04T14:01:54" hostname="fv-az280-749" time="56.962">
  <properties/>
  <testcase name="testMultiShareBound()" classname="de.uka.ilkd.key.logic.TestClashFreeSubst" time="1.089"/>
  <testcase name="testClash()" classname="de.uka.ilkd.key.logic.TestClashFreeSubst" time="1.087"/>
  <testcase name="testShare()" classname="de.uka.ilkd.key.logic.TestClashFreeSubst" time="1.059"/>
  <testcase name="testSubst()" classname="de.uka.ilkd.key.logic.TestClashFreeSubst" time="1.017"/>
  <testcase name="testWary0()" classname="de.uka.ilkd.key.logic.TestClashFreeSubst" time="1.014"/>
  <testcase name="testWary1()" classname="de.uka.ilkd.key.logic.TestClashFreeSubst" time="0.999"/>
  <testcase name="testWary2()" classname="de.uka.ilkd.key.logic.TestClashFreeSubst" time="1.05"/>
  <testcase name="testClashInSubstTerm()" classname="de.uka.ilkd.key.logic.TestClashFreeSubst" time="1.022"/>
  <testcase name="testShareWary()" classname="de.uka.ilkd.key.logic.TestClashFreeSubst" time="1.017"/>
  <testcase name="testMultiSubst()" classname="de.uka.ilkd.key.logic.TestClashFreeSubst" time="1.042"/>
  <testcase name="xtestMultiClash()" classname="de.uka.ilkd.key.logic.TestClashFreeSubst" time="0.0">
    <skipped/>
  </testcase>
  <testcase name="testSubstInSubstTerm()" classname="de.uka.ilkd.key.logic.TestClashFreeSubst" time="1.013"/>
  <testcase name="testSubstWary()" classname="de.uka.ilkd.key.logic.TestClashFreeSubst" time="1.052"/>
  <testcase name="xtestMultiClash1()" classname="de.uka.ilkd.key.logic.TestClashFreeSubst" time="0.001">
    <skipped/>
  </testcase>
  <system-out><![CDATA[41451      INFO  Test worker     d.u.i.k.n.KeyIO           Parsing took 0 ms 
41452      INFO  Test worker     d.u.i.k.n.KeyIO           MODE: declarations took 1 ms 
42529      INFO  Test worker     d.u.i.k.n.KeyIO           Parsing took 0 ms 
42529      INFO  Test worker     d.u.i.k.n.KeyIO           MODE: declarations took 0 ms 
46110      INFO  Test worker     d.u.i.k.n.KeyIO           Parsing took 0 ms 
46111      INFO  Test worker     d.u.i.k.n.KeyIO           MODE: declarations took 0 ms 
47193      INFO  Test worker     d.u.i.k.n.KeyIO           Parsing took 0 ms 
47194      INFO  Test worker     d.u.i.k.n.KeyIO           MODE: declarations took 0 ms 
50715      INFO  Test worker     d.u.i.k.n.KeyIO           Parsing took 0 ms 
50716      INFO  Test worker     d.u.i.k.n.KeyIO           MODE: declarations took 1 ms 
51769      INFO  Test worker     d.u.i.k.n.KeyIO           Parsing took 0 ms 
51771      INFO  Test worker     d.u.i.k.n.KeyIO           MODE: declarations took 0 ms 
55143      INFO  Test worker     d.u.i.k.n.KeyIO           Parsing took 0 ms 
55145      INFO  Test worker     d.u.i.k.n.KeyIO           MODE: declarations took 1 ms 
56156      INFO  Test worker     d.u.i.k.n.KeyIO           Parsing took 0 ms 
56156      INFO  Test worker     d.u.i.k.n.KeyIO           MODE: declarations took 0 ms 
59501      INFO  Test worker     d.u.i.k.n.KeyIO           Parsing took 0 ms 
59502      INFO  Test worker     d.u.i.k.n.KeyIO           MODE: declarations took 0 ms 
60511      INFO  Test worker     d.u.i.k.n.KeyIO           Parsing took 0 ms 
60512      INFO  Test worker     d.u.i.k.n.KeyIO           MODE: declarations took 0 ms 
63987      INFO  Test worker     d.u.i.k.n.KeyIO           Parsing took 0 ms 
63988      INFO  Test worker     d.u.i.k.n.KeyIO           MODE: declarations took 1 ms 
64981      INFO  Test worker     d.u.i.k.n.KeyIO           Parsing took 0 ms 
64983      INFO  Test worker     d.u.i.k.n.KeyIO           MODE: declarations took 0 ms 
68365      INFO  Test worker     d.u.i.k.n.KeyIO           Parsing took 0 ms 
68366      INFO  Test worker     d.u.i.k.n.KeyIO           MODE: declarations took 0 ms 
69410      INFO  Test worker     d.u.i.k.n.KeyIO           Parsing took 0 ms 
69411      INFO  Test worker     d.u.i.k.n.KeyIO           MODE: declarations took 0 ms 
72759      INFO  Test worker     d.u.i.k.n.KeyIO           Parsing took 0 ms 
72760      INFO  Test worker     d.u.i.k.n.KeyIO           MODE: declarations took 1 ms 
73779      INFO  Test worker     d.u.i.k.n.KeyIO           Parsing took 1 ms 
73779      INFO  Test worker     d.u.i.k.n.KeyIO           MODE: declarations took 0 ms 
77199      INFO  Test worker     d.u.i.k.n.KeyIO           Parsing took 1 ms 
77200      INFO  Test worker     d.u.i.k.n.KeyIO           MODE: declarations took 0 ms 
78210      INFO  Test worker     d.u.i.k.n.KeyIO           Parsing took 1 ms 
78211      INFO  Test worker     d.u.i.k.n.KeyIO           MODE: declarations took 0 ms 
81639      INFO  Test worker     d.u.i.k.n.KeyIO           Parsing took 0 ms 
81640      INFO  Test worker     d.u.i.k.n.KeyIO           MODE: declarations took 0 ms 
82676      INFO  Test worker     d.u.i.k.n.KeyIO           Parsing took 0 ms 
82678      INFO  Test worker     d.u.i.k.n.KeyIO           MODE: declarations took 1 ms 
89666      INFO  Test worker     d.u.i.k.n.KeyIO           Parsing took 0 ms 
89667      INFO  Test worker     d.u.i.k.n.KeyIO           MODE: declarations took 1 ms 
90676      INFO  Test worker     d.u.i.k.n.KeyIO           Parsing took 0 ms 
90677      INFO  Test worker     d.u.i.k.n.KeyIO           MODE: declarations took 0 ms 
93995      INFO  Test worker     d.u.i.k.n.KeyIO           Parsing took 0 ms 
93996      INFO  Test worker     d.u.i.k.n.KeyIO           MODE: declarations took 1 ms 
95039      INFO  Test worker     d.u.i.k.n.KeyIO           Parsing took 0 ms 
95040      INFO  Test worker     d.u.i.k.n.KeyIO           MODE: declarations took 0 ms 
]]></system-out>
  <system-err><![CDATA[]]></system-err>
</testsuite>
