<?xml version="1.0" encoding="UTF-8"?>
<testsuite name="de.uka.ilkd.key.parser.TestTermParser" tests="47" skipped="4" failures="0" errors="0" timestamp="2023-04-04T14:06:53" hostname="fv-az280-749" time="3.631">
  <properties/>
  <testcase name="testNotEqual()" classname="de.uka.ilkd.key.parser.TestTermParser" time="0.003"/>
  <testcase name="testProgramVariables()" classname="de.uka.ilkd.key.parser.TestTermParser" time="0.058"/>
  <testcase name="testAttributeWithSpecifiedSortOnObject()" classname="de.uka.ilkd.key.parser.TestTermParser" time="0.005"/>
  <testcase name="testCast()" classname="de.uka.ilkd.key.parser.TestTermParser" time="0.002"/>
  <testcase name="testJavaQueryAndAttribute_all()" classname="de.uka.ilkd.key.parser.TestTermParser" time="0.0">
    <skipped/>
  </testcase>
  <testcase name="test10()" classname="de.uka.ilkd.key.parser.TestTermParser" time="0.004"/>
  <testcase name="test11()" classname="de.uka.ilkd.key.parser.TestTermParser" time="0.004"/>
  <testcase name="test12()" classname="de.uka.ilkd.key.parser.TestTermParser" time="0.001">
    <skipped/>
  </testcase>
  <testcase name="test13()" classname="de.uka.ilkd.key.parser.TestTermParser" time="0.009"/>
  <testcase name="test14()" classname="de.uka.ilkd.key.parser.TestTermParser" time="0.004"/>
  <testcase name="test1a()" classname="de.uka.ilkd.key.parser.TestTermParser" time="0.002"/>
  <testcase name="testJavaAttributeAccess_4()" classname="de.uka.ilkd.key.parser.TestTermParser" time="0.003"/>
  <testcase name="testAttributeOnObject()" classname="de.uka.ilkd.key.parser.TestTermParser" time="0.003"/>
  <testcase name="testNegativeLiteralParsing1()" classname="de.uka.ilkd.key.parser.TestTermParser" time="0.001"/>
  <testcase name="testNegativeLiteralParsing2()" classname="de.uka.ilkd.key.parser.TestTermParser" time="0.006"/>
  <testcase name="testNegativeLiteralParsing3()" classname="de.uka.ilkd.key.parser.TestTermParser" time="0.001"/>
  <testcase name="xtestParsingArrayWithSpaces()" classname="de.uka.ilkd.key.parser.TestTermParser" time="0.0">
    <skipped/>
  </testcase>
  <testcase name="testAmbigiousFuncVarPred()" classname="de.uka.ilkd.key.parser.TestTermParser" time="0.001"/>
  <testcase name="test1()" classname="de.uka.ilkd.key.parser.TestTermParser" time="0.002"/>
  <testcase name="test2()" classname="de.uka.ilkd.key.parser.TestTermParser" time="0.002"/>
  <testcase name="test3()" classname="de.uka.ilkd.key.parser.TestTermParser" time="0.002"/>
  <testcase name="test5()" classname="de.uka.ilkd.key.parser.TestTermParser" time="0.002"/>
  <testcase name="test6()" classname="de.uka.ilkd.key.parser.TestTermParser" time="0.002"/>
  <testcase name="test7()" classname="de.uka.ilkd.key.parser.TestTermParser" time="0.004"/>
  <testcase name="test8()" classname="de.uka.ilkd.key.parser.TestTermParser" time="0.003"/>
  <testcase name="test9()" classname="de.uka.ilkd.key.parser.TestTermParser" time="0.002"/>
  <testcase name="testBindingUpdateTerm()" classname="de.uka.ilkd.key.parser.TestTermParser" time="0.003"/>
  <testcase name="testJavaStaticQuery()" classname="de.uka.ilkd.key.parser.TestTermParser" time="0.014"/>
  <testcase name="testInfix1()" classname="de.uka.ilkd.key.parser.TestTermParser" time="0.002"/>
  <testcase name="testInfix2()" classname="de.uka.ilkd.key.parser.TestTermParser" time="0.003"/>
  <testcase name="testInfix3()" classname="de.uka.ilkd.key.parser.TestTermParser" time="0.004"/>
  <testcase name="testInfix4()" classname="de.uka.ilkd.key.parser.TestTermParser" time="0.002"/>
  <testcase name="testIfThenElse()" classname="de.uka.ilkd.key.parser.TestTermParser" time="0.002"/>
  <testcase name="testJavaAttributeAccessBoth_1()" classname="de.uka.ilkd.key.parser.TestTermParser" time="0.003"/>
  <testcase name="testJavaAttributeAccessBoth_2()" classname="de.uka.ilkd.key.parser.TestTermParser" time="0.003"/>
  <testcase name="testJavaAttributeAccessBoth_3()" classname="de.uka.ilkd.key.parser.TestTermParser" time="0.003"/>
  <testcase name="testBindingUpdateTerm_1()" classname="de.uka.ilkd.key.parser.TestTermParser" time="0.003"/>
  <testcase name="testBindingUpdateTerm_3()" classname="de.uka.ilkd.key.parser.TestTermParser" time="0.008"/>
  <testcase name="testBindingUpdateTerm_4()" classname="de.uka.ilkd.key.parser.TestTermParser" time="0.001"/>
  <testcase name="testBindingUpdateTerm_5()" classname="de.uka.ilkd.key.parser.TestTermParser" time="0.002"/>
  <testcase name="testBindingUpdateTerm_6()" classname="de.uka.ilkd.key.parser.TestTermParser" time="0.002"/>
  <testcase name="testBindingUpdateTerm_7()" classname="de.uka.ilkd.key.parser.TestTermParser" time="0.002"/>
  <testcase name="testBindingUpdateTerm_8()" classname="de.uka.ilkd.key.parser.TestTermParser" time="0.002"/>
  <testcase name="testParsingArray()" classname="de.uka.ilkd.key.parser.TestTermParser" time="0.013"/>
  <testcase name="xtestBindingUpdateTermOldBindingAlternative()" classname="de.uka.ilkd.key.parser.TestTermParser" time="0.0">
    <skipped/>
  </testcase>
  <testcase name="testJavaStaticQueryWithParameter()" classname="de.uka.ilkd.key.parser.TestTermParser" time="0.004"/>
  <testcase name="testParsingArrayCombination()" classname="de.uka.ilkd.key.parser.TestTermParser" time="0.004"/>
  <system-out><![CDATA[340390     INFO  Test worker     d.u.i.k.n.KeyIO           Parsing took 0 ms 
340390     INFO  Test worker     d.u.i.k.n.KeyIO           MODE: declarations took 0 ms 
340392     WARN  Test worker     d.u.i.k.j.r.KeYCrossReferenceNameInfo Datatype T declared twice: Once in UNKNOWN:unknown and once in UNKNOWN:unknown, Keeping one from UNKNOWN:unknown 
340500     INFO  Test worker     d.u.i.k.n.KeyIO           Parsing took 0 ms 
340500     INFO  Test worker     d.u.i.k.n.KeyIO           MODE: declarations took 0 ms 
340558     WARN  Test worker     d.u.i.k.j.r.KeYCrossReferenceNameInfo Datatype T declared twice: Once in UNKNOWN:unknown and once in UNKNOWN:unknown, Keeping one from UNKNOWN:unknown 
340631     INFO  Test worker     d.u.i.k.n.KeyIO           Parsing took 1 ms 
340631     INFO  Test worker     d.u.i.k.n.KeyIO           MODE: declarations took 0 ms 
340636     WARN  Test worker     d.u.i.k.j.r.KeYCrossReferenceNameInfo Datatype T declared twice: Once in UNKNOWN:unknown and once in UNKNOWN:unknown, Keeping one from UNKNOWN:unknown 
340712     INFO  Test worker     d.u.i.k.n.KeyIO           Parsing took 0 ms 
340713     INFO  Test worker     d.u.i.k.n.KeyIO           MODE: declarations took 0 ms 
340714     WARN  Test worker     d.u.i.k.j.r.KeYCrossReferenceNameInfo Datatype T declared twice: Once in UNKNOWN:unknown and once in UNKNOWN:unknown, Keeping one from UNKNOWN:unknown 
340788     WARN  Test worker     d.u.i.k.j.r.KeYCrossReferenceNameInfo Datatype T declared twice: Once in UNKNOWN:unknown and once in UNKNOWN:unknown, Keeping one from UNKNOWN:unknown 
340859     INFO  Test worker     d.u.i.k.n.KeyIO           Parsing took 0 ms 
340859     INFO  Test worker     d.u.i.k.n.KeyIO           MODE: declarations took 0 ms 
340861     INFO  Test worker     d.u.i.k.p.TestTermParser  Out: \<{
  int x = 1;
  {
    int s = 2;
  }
}\> (equals(x,x)) 
340863     WARN  Test worker     d.u.i.k.j.r.KeYCrossReferenceNameInfo Datatype T declared twice: Once in UNKNOWN:unknown and once in UNKNOWN:unknown, Keeping one from UNKNOWN:unknown 
340936     INFO  Test worker     d.u.i.k.n.KeyIO           Parsing took 0 ms 
340937     INFO  Test worker     d.u.i.k.n.KeyIO           MODE: declarations took 0 ms 
340938     INFO  Test worker     d.u.i.k.p.TestTermParser  Out: \[{
  int x = 2;
  {
    String s = ""}";
  }
}\] (true) 
340940     WARN  Test worker     d.u.i.k.j.r.KeYCrossReferenceNameInfo Datatype T declared twice: Once in UNKNOWN:unknown and once in UNKNOWN:unknown, Keeping one from UNKNOWN:unknown 
341013     WARN  Test worker     d.u.i.k.j.r.KeYCrossReferenceNameInfo Datatype T declared twice: Once in UNKNOWN:unknown and once in UNKNOWN:unknown, Keeping one from UNKNOWN:unknown 
341089     INFO  Test worker     d.u.i.k.n.KeyIO           Parsing took 1 ms 
341089     INFO  Test worker     d.u.i.k.n.KeyIO           MODE: declarations took 0 ms 
341097     WARN  Test worker     d.u.i.k.j.r.KeYCrossReferenceNameInfo Datatype T declared twice: Once in UNKNOWN:unknown and once in UNKNOWN:unknown, Keeping one from UNKNOWN:unknown 
341185     INFO  Test worker     d.u.i.k.n.KeyIO           Parsing took 1 ms 
341185     INFO  Test worker     d.u.i.k.n.KeyIO           MODE: declarations took 0 ms 
341187     INFO  Test worker     d.u.i.k.p.TestTermParser  Out: \<{
  int[] i;
}\> (diamond(true)) 
341188     WARN  Test worker     d.u.i.k.j.r.KeYCrossReferenceNameInfo Datatype T declared twice: Once in UNKNOWN:unknown and once in UNKNOWN:unknown, Keeping one from UNKNOWN:unknown 
341261     INFO  Test worker     d.u.i.k.n.KeyIO           Parsing took 1 ms 
341261     INFO  Test worker     d.u.i.k.n.KeyIO           MODE: declarations took 0 ms 
341263     WARN  Test worker     d.u.i.k.j.r.KeYCrossReferenceNameInfo Datatype T declared twice: Once in UNKNOWN:unknown and once in UNKNOWN:unknown, Keeping one from UNKNOWN:unknown 
341338     INFO  Test worker     d.u.i.k.n.KeyIO           Parsing took 0 ms 
341338     INFO  Test worker     d.u.i.k.n.KeyIO           MODE: declarations took 0 ms 
341341     WARN  Test worker     d.u.i.k.j.r.KeYCrossReferenceNameInfo Datatype T declared twice: Once in UNKNOWN:unknown and once in UNKNOWN:unknown, Keeping one from UNKNOWN:unknown 
341411     INFO  Test worker     d.u.i.k.n.KeyIO           Parsing took 0 ms 
341411     INFO  Test worker     d.u.i.k.n.KeyIO           MODE: declarations took 0 ms 
341414     WARN  Test worker     d.u.i.k.j.r.KeYCrossReferenceNameInfo Datatype T declared twice: Once in UNKNOWN:unknown and once in UNKNOWN:unknown, Keeping one from UNKNOWN:unknown 
341484     INFO  Test worker     d.u.i.k.n.KeyIO           Parsing took 1 ms 
341484     INFO  Test worker     d.u.i.k.n.KeyIO           MODE: declarations took 0 ms 
341485     WARN  Test worker     d.u.i.k.j.r.KeYCrossReferenceNameInfo Datatype T declared twice: Once in UNKNOWN:unknown and once in UNKNOWN:unknown, Keeping one from UNKNOWN:unknown 
341559     INFO  Test worker     d.u.i.k.n.KeyIO           Parsing took 4 ms 
341559     INFO  Test worker     d.u.i.k.n.KeyIO           MODE: declarations took 0 ms 
341561     WARN  Test worker     d.u.i.k.j.r.KeYCrossReferenceNameInfo Datatype T declared twice: Once in UNKNOWN:unknown and once in UNKNOWN:unknown, Keeping one from UNKNOWN:unknown 
341687     INFO  Test worker     d.u.i.k.n.KeyIO           Parsing took 0 ms 
341687     INFO  Test worker     d.u.i.k.n.KeyIO           MODE: declarations took 0 ms 
341688     WARN  Test worker     d.u.i.k.j.r.KeYCrossReferenceNameInfo Datatype T declared twice: Once in UNKNOWN:unknown and once in UNKNOWN:unknown, Keeping one from UNKNOWN:unknown 
341757     WARN  Test worker     d.u.i.k.j.r.KeYCrossReferenceNameInfo Datatype T declared twice: Once in UNKNOWN:unknown and once in UNKNOWN:unknown, Keeping one from UNKNOWN:unknown 
341825     INFO  Test worker     d.u.i.k.n.KeyIO           Parsing took 0 ms 
341825     INFO  Test worker     d.u.i.k.n.KeyIO           MODE: declarations took 0 ms 
341826     WARN  Test worker     d.u.i.k.j.r.KeYCrossReferenceNameInfo Datatype T declared twice: Once in UNKNOWN:unknown and once in UNKNOWN:unknown, Keeping one from UNKNOWN:unknown 
341895     INFO  Test worker     d.u.i.k.n.KeyIO           Parsing took 0 ms 
341895     INFO  Test worker     d.u.i.k.n.KeyIO           MODE: declarations took 0 ms 
341897     WARN  Test worker     d.u.i.k.j.r.KeYCrossReferenceNameInfo Datatype T declared twice: Once in UNKNOWN:unknown and once in UNKNOWN:unknown, Keeping one from UNKNOWN:unknown 
341966     INFO  Test worker     d.u.i.k.n.KeyIO           Parsing took 0 ms 
341967     INFO  Test worker     d.u.i.k.n.KeyIO           MODE: declarations took 1 ms 
341968     WARN  Test worker     d.u.i.k.j.r.KeYCrossReferenceNameInfo Datatype T declared twice: Once in UNKNOWN:unknown and once in UNKNOWN:unknown, Keeping one from UNKNOWN:unknown 
342048     INFO  Test worker     d.u.i.k.n.KeyIO           Parsing took 0 ms 
342049     INFO  Test worker     d.u.i.k.n.KeyIO           MODE: declarations took 0 ms 
342051     WARN  Test worker     d.u.i.k.j.r.KeYCrossReferenceNameInfo Datatype T declared twice: Once in UNKNOWN:unknown and once in UNKNOWN:unknown, Keeping one from UNKNOWN:unknown 
342120     INFO  Test worker     d.u.i.k.n.KeyIO           Parsing took 1 ms 
342120     INFO  Test worker     d.u.i.k.n.KeyIO           MODE: declarations took 0 ms 
342122     WARN  Test worker     d.u.i.k.j.r.KeYCrossReferenceNameInfo Datatype T declared twice: Once in UNKNOWN:unknown and once in UNKNOWN:unknown, Keeping one from UNKNOWN:unknown 
342191     INFO  Test worker     d.u.i.k.n.KeyIO           Parsing took 0 ms 
342192     INFO  Test worker     d.u.i.k.n.KeyIO           MODE: declarations took 0 ms 
342194     WARN  Test worker     d.u.i.k.j.r.KeYCrossReferenceNameInfo Datatype T declared twice: Once in UNKNOWN:unknown and once in UNKNOWN:unknown, Keeping one from UNKNOWN:unknown 
342263     INFO  Test worker     d.u.i.k.n.KeyIO           Parsing took 0 ms 
342264     INFO  Test worker     d.u.i.k.n.KeyIO           MODE: declarations took 1 ms 
342272     WARN  Test worker     d.u.i.k.j.r.KeYCrossReferenceNameInfo Datatype T declared twice: Once in UNKNOWN:unknown and once in UNKNOWN:unknown, Keeping one from UNKNOWN:unknown 
342345     INFO  Test worker     d.u.i.k.n.KeyIO           Parsing took 0 ms 
342345     INFO  Test worker     d.u.i.k.n.KeyIO           MODE: declarations took 0 ms 
342348     WARN  Test worker     d.u.i.k.j.r.KeYCrossReferenceNameInfo Datatype T declared twice: Once in UNKNOWN:unknown and once in UNKNOWN:unknown, Keeping one from UNKNOWN:unknown 
342417     INFO  Test worker     d.u.i.k.n.KeyIO           Parsing took 1 ms 
342417     INFO  Test worker     d.u.i.k.n.KeyIO           MODE: declarations took 0 ms 
342419     WARN  Test worker     d.u.i.k.j.r.KeYCrossReferenceNameInfo Datatype T declared twice: Once in UNKNOWN:unknown and once in UNKNOWN:unknown, Keeping one from UNKNOWN:unknown 
342488     INFO  Test worker     d.u.i.k.n.KeyIO           Parsing took 0 ms 
342488     INFO  Test worker     d.u.i.k.n.KeyIO           MODE: declarations took 0 ms 
342491     WARN  Test worker     d.u.i.k.j.r.KeYCrossReferenceNameInfo Datatype T declared twice: Once in UNKNOWN:unknown and once in UNKNOWN:unknown, Keeping one from UNKNOWN:unknown 
342559     INFO  Test worker     d.u.i.k.n.KeyIO           Parsing took 0 ms 
342559     INFO  Test worker     d.u.i.k.n.KeyIO           MODE: declarations took 0 ms 
342573     WARN  Test worker     d.u.i.k.j.r.KeYCrossReferenceNameInfo Datatype T declared twice: Once in UNKNOWN:unknown and once in UNKNOWN:unknown, Keeping one from UNKNOWN:unknown 
342655     INFO  Test worker     d.u.i.k.n.KeyIO           Parsing took 0 ms 
342655     INFO  Test worker     d.u.i.k.n.KeyIO           MODE: declarations took 0 ms 
342658     WARN  Test worker     d.u.i.k.j.r.KeYCrossReferenceNameInfo Datatype T declared twice: Once in UNKNOWN:unknown and once in UNKNOWN:unknown, Keeping one from UNKNOWN:unknown 
342735     INFO  Test worker     d.u.i.k.n.KeyIO           Parsing took 0 ms 
342735     INFO  Test worker     d.u.i.k.n.KeyIO           MODE: declarations took 0 ms 
342738     WARN  Test worker     d.u.i.k.j.r.KeYCrossReferenceNameInfo Datatype T declared twice: Once in UNKNOWN:unknown and once in UNKNOWN:unknown, Keeping one from UNKNOWN:unknown 
342814     INFO  Test worker     d.u.i.k.n.KeyIO           Parsing took 0 ms 
342815     INFO  Test worker     d.u.i.k.n.KeyIO           MODE: declarations took 0 ms 
342818     WARN  Test worker     d.u.i.k.j.r.KeYCrossReferenceNameInfo Datatype T declared twice: Once in UNKNOWN:unknown and once in UNKNOWN:unknown, Keeping one from UNKNOWN:unknown 
342902     INFO  Test worker     d.u.i.k.n.KeyIO           Parsing took 0 ms 
342902     INFO  Test worker     d.u.i.k.n.KeyIO           MODE: declarations took 0 ms 
342904     WARN  Test worker     d.u.i.k.j.r.KeYCrossReferenceNameInfo Datatype T declared twice: Once in UNKNOWN:unknown and once in UNKNOWN:unknown, Keeping one from UNKNOWN:unknown 
342976     INFO  Test worker     d.u.i.k.n.KeyIO           Parsing took 0 ms 
342976     INFO  Test worker     d.u.i.k.n.KeyIO           MODE: declarations took 0 ms 
342978     WARN  Test worker     d.u.i.k.j.r.KeYCrossReferenceNameInfo Datatype T declared twice: Once in UNKNOWN:unknown and once in UNKNOWN:unknown, Keeping one from UNKNOWN:unknown 
343051     INFO  Test worker     d.u.i.k.n.KeyIO           Parsing took 0 ms 
343052     INFO  Test worker     d.u.i.k.n.KeyIO           MODE: declarations took 0 ms 
343055     WARN  Test worker     d.u.i.k.j.r.KeYCrossReferenceNameInfo Datatype T declared twice: Once in UNKNOWN:unknown and once in UNKNOWN:unknown, Keeping one from UNKNOWN:unknown 
343128     INFO  Test worker     d.u.i.k.n.KeyIO           Parsing took 0 ms 
343128     INFO  Test worker     d.u.i.k.n.KeyIO           MODE: declarations took 0 ms 
343131     WARN  Test worker     d.u.i.k.j.r.KeYCrossReferenceNameInfo Datatype T declared twice: Once in UNKNOWN:unknown and once in UNKNOWN:unknown, Keeping one from UNKNOWN:unknown 
343204     INFO  Test worker     d.u.i.k.n.KeyIO           Parsing took 0 ms 
343205     INFO  Test worker     d.u.i.k.n.KeyIO           MODE: declarations took 1 ms 
343207     WARN  Test worker     d.u.i.k.j.r.KeYCrossReferenceNameInfo Datatype T declared twice: Once in UNKNOWN:unknown and once in UNKNOWN:unknown, Keeping one from UNKNOWN:unknown 
343277     INFO  Test worker     d.u.i.k.n.KeyIO           Parsing took 0 ms 
343277     INFO  Test worker     d.u.i.k.n.KeyIO           MODE: declarations took 0 ms 
343280     WARN  Test worker     d.u.i.k.j.r.KeYCrossReferenceNameInfo Datatype T declared twice: Once in UNKNOWN:unknown and once in UNKNOWN:unknown, Keeping one from UNKNOWN:unknown 
343353     INFO  Test worker     d.u.i.k.n.KeyIO           Parsing took 0 ms 
343353     INFO  Test worker     d.u.i.k.n.KeyIO           MODE: declarations took 0 ms 
343361     WARN  Test worker     d.u.i.k.j.r.KeYCrossReferenceNameInfo Datatype T declared twice: Once in UNKNOWN:unknown and once in UNKNOWN:unknown, Keeping one from UNKNOWN:unknown 
343428     INFO  Test worker     d.u.i.k.n.KeyIO           Parsing took 0 ms 
343429     INFO  Test worker     d.u.i.k.n.KeyIO           MODE: declarations took 1 ms 
343430     WARN  Test worker     d.u.i.k.j.r.KeYCrossReferenceNameInfo Datatype T declared twice: Once in UNKNOWN:unknown and once in UNKNOWN:unknown, Keeping one from UNKNOWN:unknown 
343496     INFO  Test worker     d.u.i.k.n.KeyIO           Parsing took 0 ms 
343497     INFO  Test worker     d.u.i.k.n.KeyIO           MODE: declarations took 1 ms 
343498     WARN  Test worker     d.u.i.k.j.r.KeYCrossReferenceNameInfo Datatype T declared twice: Once in UNKNOWN:unknown and once in UNKNOWN:unknown, Keeping one from UNKNOWN:unknown 
343565     INFO  Test worker     d.u.i.k.n.KeyIO           Parsing took 0 ms 
343566     INFO  Test worker     d.u.i.k.n.KeyIO           MODE: declarations took 0 ms 
343568     WARN  Test worker     d.u.i.k.j.r.KeYCrossReferenceNameInfo Datatype T declared twice: Once in UNKNOWN:unknown and once in UNKNOWN:unknown, Keeping one from UNKNOWN:unknown 
343634     INFO  Test worker     d.u.i.k.n.KeyIO           Parsing took 0 ms 
343635     INFO  Test worker     d.u.i.k.n.KeyIO           MODE: declarations took 0 ms 
343636     WARN  Test worker     d.u.i.k.j.r.KeYCrossReferenceNameInfo Datatype T declared twice: Once in UNKNOWN:unknown and once in UNKNOWN:unknown, Keeping one from UNKNOWN:unknown 
343703     INFO  Test worker     d.u.i.k.n.KeyIO           Parsing took 0 ms 
343704     INFO  Test worker     d.u.i.k.n.KeyIO           MODE: declarations took 0 ms 
343706     WARN  Test worker     d.u.i.k.j.r.KeYCrossReferenceNameInfo Datatype T declared twice: Once in UNKNOWN:unknown and once in UNKNOWN:unknown, Keeping one from UNKNOWN:unknown 
343775     INFO  Test worker     d.u.i.k.n.KeyIO           Parsing took 0 ms 
343784     INFO  Test worker     d.u.i.k.n.KeyIO           MODE: declarations took 0 ms 
343788     WARN  Test worker     d.u.i.k.j.r.KeYCrossReferenceNameInfo Datatype T declared twice: Once in UNKNOWN:unknown and once in UNKNOWN:unknown, Keeping one from UNKNOWN:unknown 
343859     WARN  Test worker     d.u.i.k.j.r.KeYCrossReferenceNameInfo Datatype T declared twice: Once in UNKNOWN:unknown and once in UNKNOWN:unknown, Keeping one from UNKNOWN:unknown 
343938     INFO  Test worker     d.u.i.k.n.KeyIO           Parsing took 1 ms 
343938     INFO  Test worker     d.u.i.k.n.KeyIO           MODE: declarations took 0 ms 
343942     WARN  Test worker     d.u.i.k.j.r.KeYCrossReferenceNameInfo Datatype T declared twice: Once in UNKNOWN:unknown and once in UNKNOWN:unknown, Keeping one from UNKNOWN:unknown 
344016     INFO  Test worker     d.u.i.k.n.KeyIO           Parsing took 0 ms 
344016     INFO  Test worker     d.u.i.k.n.KeyIO           MODE: declarations took 0 ms 
]]></system-out>
  <system-err><![CDATA[]]></system-err>
</testsuite>
