<?xml version="1.0" encoding="UTF-8"?>
<testsuite name="de.uka.ilkd.key.nparser.ParseLDTsTests" tests="2" skipped="0" failures="0" errors="0" timestamp="2023-04-04T14:04:59" hostname="fv-az280-749" time="1.041">
  <properties/>
  <testcase name="testLDT()" classname="de.uka.ilkd.key.nparser.ParseLDTsTests" time="0.016"/>
  <testcase name="testSR()" classname="de.uka.ilkd.key.nparser.ParseLDTsTests" time="1.024"/>
  <system-out><![CDATA[226952     INFO  Test worker     d.u.i.k.n.KeyIO           Parsing took 9 ms 
226953     INFO  Test worker     d.u.i.k.n.KeyIO           MODE: declarations took 0 ms 
227340     INFO  Test worker     d.u.i.k.n.KeyIO           Parsing took 376 ms 
227343     INFO  Test worker     d.u.i.k.n.KeyIO           MODE: declarations took 2 ms 
]]></system-out>
  <system-err><![CDATA[]]></system-err>
</testsuite>
