<?xml version="1.0" encoding="UTF-8"?>
<testsuite name="de.uka.ilkd.key.parser.TestTermParserHeap" tests="39" skipped="0" failures="0" errors="0" timestamp="2023-04-04T14:07:00" hostname="fv-az280-749" time="126.099">
  <properties/>
  <testcase name="testBracketHeapUpdate()" classname="de.uka.ilkd.key.parser.TestTermParserHeap" time="0.016"/>
  <testcase name="testStore()" classname="de.uka.ilkd.key.parser.TestTermParserHeap" time="0.008"/>
  <testcase name="testUnknownConstant()" classname="de.uka.ilkd.key.parser.TestTermParserHeap" time="0.002"/>
  <testcase name="testAllFieldsSelector()" classname="de.uka.ilkd.key.parser.TestTermParserHeap" time="0.002"/>
  <testcase name="testParsePrettyPrintedSelect()" classname="de.uka.ilkd.key.parser.TestTermParserHeap" time="0.002"/>
  <testcase name="testAccessStaticMembers()" classname="de.uka.ilkd.key.parser.TestTermParserHeap" time="0.007"/>
  <testcase name="testAtOperator_1()" classname="de.uka.ilkd.key.parser.TestTermParserHeap" time="0.005"/>
  <testcase name="testAtOperator_2()" classname="de.uka.ilkd.key.parser.TestTermParserHeap" time="0.001"/>
  <testcase name="testAtOperator_3()" classname="de.uka.ilkd.key.parser.TestTermParserHeap" time="0.001"/>
  <testcase name="testAtOperator_4()" classname="de.uka.ilkd.key.parser.TestTermParserHeap" time="0.008"/>
  <testcase name="testAtOperator_5()" classname="de.uka.ilkd.key.parser.TestTermParserHeap" time="0.002"/>
  <testcase name="testAtOperator_6()" classname="de.uka.ilkd.key.parser.TestTermParserHeap" time="0.002"/>
  <testcase name="testAtOperator_7()" classname="de.uka.ilkd.key.parser.TestTermParserHeap" time="0.002"/>
  <testcase name="testAtOperator_8()" classname="de.uka.ilkd.key.parser.TestTermParserHeap" time="0.002"/>
  <testcase name="testVerifyExceptionIfAtOperatorNotPreceededBySelectTerm()" classname="de.uka.ilkd.key.parser.TestTermParserHeap" time="0.004"/>
  <testcase name="testBugResettingCounter()" classname="de.uka.ilkd.key.parser.TestTermParserHeap" time="0.004"/>
  <testcase name="testLocationSets()" classname="de.uka.ilkd.key.parser.TestTermParserHeap" time="0.002"/>
  <testcase name="testQuantifiedSelect()" classname="de.uka.ilkd.key.parser.TestTermParserHeap" time="0.004"/>
  <testcase name="testGenericObjectProperties()" classname="de.uka.ilkd.key.parser.TestTermParserHeap" time="0.002"/>
  <testcase name="testQueryInheritance_1()" classname="de.uka.ilkd.key.parser.TestTermParserHeap" time="0.002"/>
  <testcase name="testQueryInheritance_2()" classname="de.uka.ilkd.key.parser.TestTermParserHeap" time="0.001"/>
  <testcase name="testQueryInheritance_3()" classname="de.uka.ilkd.key.parser.TestTermParserHeap" time="0.001"/>
  <testcase name="testQueryInheritance_4()" classname="de.uka.ilkd.key.parser.TestTermParserHeap" time="0.001"/>
  <testcase name="testQueryInheritance_5()" classname="de.uka.ilkd.key.parser.TestTermParserHeap" time="0.004"/>
  <testcase name="testQueryInheritance_6()" classname="de.uka.ilkd.key.parser.TestTermParserHeap" time="0.005"/>
  <testcase name="testQueryInheritance_7()" classname="de.uka.ilkd.key.parser.TestTermParserHeap" time="0.002"/>
  <testcase name="testQueryInheritance_8()" classname="de.uka.ilkd.key.parser.TestTermParserHeap" time="0.005"/>
  <testcase name="testQueryInheritance_9()" classname="de.uka.ilkd.key.parser.TestTermParserHeap" time="0.004"/>
  <testcase name="testQueryBasic_10()" classname="de.uka.ilkd.key.parser.TestTermParserHeap" time="0.001"/>
  <testcase name="testQueryBasic_11()" classname="de.uka.ilkd.key.parser.TestTermParserHeap" time="0.001"/>
  <testcase name="testQueryBasic_1()" classname="de.uka.ilkd.key.parser.TestTermParserHeap" time="0.001"/>
  <testcase name="testQueryBasic_2()" classname="de.uka.ilkd.key.parser.TestTermParserHeap" time="0.003"/>
  <testcase name="testQueryBasic_3()" classname="de.uka.ilkd.key.parser.TestTermParserHeap" time="0.001"/>
  <testcase name="testQueryBasic_4()" classname="de.uka.ilkd.key.parser.TestTermParserHeap" time="0.011"/>
  <testcase name="testQueryBasic_5()" classname="de.uka.ilkd.key.parser.TestTermParserHeap" time="0.002"/>
  <testcase name="testQueryBasic_6()" classname="de.uka.ilkd.key.parser.TestTermParserHeap" time="0.006"/>
  <testcase name="testQueryBasic_7()" classname="de.uka.ilkd.key.parser.TestTermParserHeap" time="0.005"/>
  <testcase name="testQueryBasic_8()" classname="de.uka.ilkd.key.parser.TestTermParserHeap" time="0.003"/>
  <testcase name="testQueryBasic_9()" classname="de.uka.ilkd.key.parser.TestTermParserHeap" time="0.001"/>
  <system-out><![CDATA[347522     INFO  Test worker     d.u.i.k.n.KeyIO           Parsing took 0 ms 
347522     INFO  Test worker     d.u.i.k.n.KeyIO           MODE: declarations took 0 ms 
347522     INFO  Test worker     d.u.i.k.n.KeyIO           Parsing took 0 ms 
347523     INFO  Test worker     d.u.i.k.n.KeyIO           MODE: declarations took 1 ms 
347523     INFO  Test worker     d.u.i.k.n.KeyIO           Parsing took 0 ms 
347523     INFO  Test worker     d.u.i.k.n.KeyIO           MODE: declarations took 0 ms 
347523     INFO  Test worker     d.u.i.k.n.KeyIO           Parsing took 0 ms 
347523     INFO  Test worker     d.u.i.k.n.KeyIO           MODE: declarations took 0 ms 
347523     INFO  Test worker     d.u.i.k.n.KeyIO           Parsing took 0 ms 
347523     INFO  Test worker     d.u.i.k.n.KeyIO           MODE: declarations took 0 ms 
350923     INFO  Test worker     d.u.i.k.n.KeyIO           Parsing took 0 ms 
350923     INFO  Test worker     d.u.i.k.n.KeyIO           MODE: declarations took 0 ms 
350923     INFO  Test worker     d.u.i.k.n.KeyIO           Parsing took 0 ms 
350923     INFO  Test worker     d.u.i.k.n.KeyIO           MODE: declarations took 0 ms 
350923     INFO  Test worker     d.u.i.k.n.KeyIO           Parsing took 0 ms 
350923     INFO  Test worker     d.u.i.k.n.KeyIO           MODE: declarations took 0 ms 
350923     INFO  Test worker     d.u.i.k.n.KeyIO           Parsing took 0 ms 
350923     INFO  Test worker     d.u.i.k.n.KeyIO           MODE: declarations took 0 ms 
350923     INFO  Test worker     d.u.i.k.n.KeyIO           Parsing took 0 ms 
350924     INFO  Test worker     d.u.i.k.n.KeyIO           MODE: declarations took 0 ms 
354452     INFO  Test worker     d.u.i.k.n.KeyIO           Parsing took 0 ms 
354452     INFO  Test worker     d.u.i.k.n.KeyIO           MODE: declarations took 0 ms 
354452     INFO  Test worker     d.u.i.k.n.KeyIO           Parsing took 0 ms 
354452     INFO  Test worker     d.u.i.k.n.KeyIO           MODE: declarations took 0 ms 
354452     INFO  Test worker     d.u.i.k.n.KeyIO           Parsing took 0 ms 
354452     INFO  Test worker     d.u.i.k.n.KeyIO           MODE: declarations took 0 ms 
354452     INFO  Test worker     d.u.i.k.n.KeyIO           Parsing took 0 ms 
354452     INFO  Test worker     d.u.i.k.n.KeyIO           MODE: declarations took 0 ms 
354452     INFO  Test worker     d.u.i.k.n.KeyIO           Parsing took 0 ms 
354452     INFO  Test worker     d.u.i.k.n.KeyIO           MODE: declarations took 0 ms 
354453     INFO  Test worker     d.u.i.k.n.KeyIO           Parsing took 0 ms 
354453     INFO  Test worker     d.u.i.k.n.KeyIO           MODE: declarations took 0 ms 
357897     INFO  Test worker     d.u.i.k.n.KeyIO           Parsing took 0 ms 
357897     INFO  Test worker     d.u.i.k.n.KeyIO           MODE: declarations took 0 ms 
357897     INFO  Test worker     d.u.i.k.n.KeyIO           Parsing took 0 ms 
357897     INFO  Test worker     d.u.i.k.n.KeyIO           MODE: declarations took 0 ms 
357897     INFO  Test worker     d.u.i.k.n.KeyIO           Parsing took 0 ms 
357897     INFO  Test worker     d.u.i.k.n.KeyIO           MODE: declarations took 0 ms 
357897     INFO  Test worker     d.u.i.k.n.KeyIO           Parsing took 0 ms 
357897     INFO  Test worker     d.u.i.k.n.KeyIO           MODE: declarations took 0 ms 
357897     INFO  Test worker     d.u.i.k.n.KeyIO           Parsing took 0 ms 
357897     INFO  Test worker     d.u.i.k.n.KeyIO           MODE: declarations took 0 ms 
361175     INFO  Test worker     d.u.i.k.n.KeyIO           Parsing took 0 ms 
361175     INFO  Test worker     d.u.i.k.n.KeyIO           MODE: declarations took 0 ms 
361175     INFO  Test worker     d.u.i.k.n.KeyIO           Parsing took 0 ms 
361175     INFO  Test worker     d.u.i.k.n.KeyIO           MODE: declarations took 0 ms 
361175     INFO  Test worker     d.u.i.k.n.KeyIO           Parsing took 0 ms 
361175     INFO  Test worker     d.u.i.k.n.KeyIO           MODE: declarations took 0 ms 
361175     INFO  Test worker     d.u.i.k.n.KeyIO           Parsing took 0 ms 
361175     INFO  Test worker     d.u.i.k.n.KeyIO           MODE: declarations took 0 ms 
361175     INFO  Test worker     d.u.i.k.n.KeyIO           Parsing took 0 ms 
361175     INFO  Test worker     d.u.i.k.n.KeyIO           MODE: declarations took 0 ms 
364424     INFO  Test worker     d.u.i.k.n.KeyIO           Parsing took 0 ms 
364425     INFO  Test worker     d.u.i.k.n.KeyIO           MODE: declarations took 0 ms 
364425     INFO  Test worker     d.u.i.k.n.KeyIO           Parsing took 0 ms 
364425     INFO  Test worker     d.u.i.k.n.KeyIO           MODE: declarations took 0 ms 
364426     INFO  Test worker     d.u.i.k.n.KeyIO           Parsing took 0 ms 
364426     INFO  Test worker     d.u.i.k.n.KeyIO           MODE: declarations took 0 ms 
364427     INFO  Test worker     d.u.i.k.n.KeyIO           Parsing took 0 ms 
364427     INFO  Test worker     d.u.i.k.n.KeyIO           MODE: declarations took 0 ms 
364427     INFO  Test worker     d.u.i.k.n.KeyIO           Parsing took 0 ms 
364427     INFO  Test worker     d.u.i.k.n.KeyIO           MODE: declarations took 0 ms 
367724     INFO  Test worker     d.u.i.k.n.KeyIO           Parsing took 0 ms 
367724     INFO  Test worker     d.u.i.k.n.KeyIO           MODE: declarations took 0 ms 
367725     INFO  Test worker     d.u.i.k.n.KeyIO           Parsing took 0 ms 
367725     INFO  Test worker     d.u.i.k.n.KeyIO           MODE: declarations took 0 ms 
367725     INFO  Test worker     d.u.i.k.n.KeyIO           Parsing took 0 ms 
367726     INFO  Test worker     d.u.i.k.n.KeyIO           MODE: declarations took 0 ms 
367726     INFO  Test worker     d.u.i.k.n.KeyIO           Parsing took 0 ms 
367726     INFO  Test worker     d.u.i.k.n.KeyIO           MODE: declarations took 0 ms 
367727     INFO  Test worker     d.u.i.k.n.KeyIO           Parsing took 0 ms 
367727     INFO  Test worker     d.u.i.k.n.KeyIO           MODE: declarations took 0 ms 
371055     INFO  Test worker     d.u.i.k.n.KeyIO           Parsing took 0 ms 
371055     INFO  Test worker     d.u.i.k.n.KeyIO           MODE: declarations took 0 ms 
371055     INFO  Test worker     d.u.i.k.n.KeyIO           Parsing took 0 ms 
371055     INFO  Test worker     d.u.i.k.n.KeyIO           MODE: declarations took 0 ms 
371055     INFO  Test worker     d.u.i.k.n.KeyIO           Parsing took 0 ms 
371055     INFO  Test worker     d.u.i.k.n.KeyIO           MODE: declarations took 0 ms 
371055     INFO  Test worker     d.u.i.k.n.KeyIO           Parsing took 0 ms 
371055     INFO  Test worker     d.u.i.k.n.KeyIO           MODE: declarations took 0 ms 
371055     INFO  Test worker     d.u.i.k.n.KeyIO           Parsing took 0 ms 
371055     INFO  Test worker     d.u.i.k.n.KeyIO           MODE: declarations took 0 ms 
374449     INFO  Test worker     d.u.i.k.n.KeyIO           Parsing took 0 ms 
374449     INFO  Test worker     d.u.i.k.n.KeyIO           MODE: declarations took 0 ms 
374449     INFO  Test worker     d.u.i.k.n.KeyIO           Parsing took 0 ms 
374449     INFO  Test worker     d.u.i.k.n.KeyIO           MODE: declarations took 0 ms 
374449     INFO  Test worker     d.u.i.k.n.KeyIO           Parsing took 0 ms 
374449     INFO  Test worker     d.u.i.k.n.KeyIO           MODE: declarations took 0 ms 
374449     INFO  Test worker     d.u.i.k.n.KeyIO           Parsing took 0 ms 
374450     INFO  Test worker     d.u.i.k.n.KeyIO           MODE: declarations took 0 ms 
374450     INFO  Test worker     d.u.i.k.n.KeyIO           Parsing took 0 ms 
374450     INFO  Test worker     d.u.i.k.n.KeyIO           MODE: declarations took 0 ms 
377757     INFO  Test worker     d.u.i.k.n.KeyIO           Parsing took 0 ms 
377758     INFO  Test worker     d.u.i.k.n.KeyIO           MODE: declarations took 0 ms 
377758     INFO  Test worker     d.u.i.k.n.KeyIO           Parsing took 0 ms 
377759     INFO  Test worker     d.u.i.k.n.KeyIO           MODE: declarations took 1 ms 
377759     INFO  Test worker     d.u.i.k.n.KeyIO           Parsing took 0 ms 
377759     INFO  Test worker     d.u.i.k.n.KeyIO           MODE: declarations took 0 ms 
377759     INFO  Test worker     d.u.i.k.n.KeyIO           Parsing took 0 ms 
377760     INFO  Test worker     d.u.i.k.n.KeyIO           MODE: declarations took 0 ms 
377760     INFO  Test worker     d.u.i.k.n.KeyIO           Parsing took 0 ms 
377760     INFO  Test worker     d.u.i.k.n.KeyIO           MODE: declarations took 0 ms 
381085     INFO  Test worker     d.u.i.k.n.KeyIO           Parsing took 0 ms 
381085     INFO  Test worker     d.u.i.k.n.KeyIO           MODE: declarations took 0 ms 
381085     INFO  Test worker     d.u.i.k.n.KeyIO           Parsing took 0 ms 
381085     INFO  Test worker     d.u.i.k.n.KeyIO           MODE: declarations took 0 ms 
381085     INFO  Test worker     d.u.i.k.n.KeyIO           Parsing took 0 ms 
381086     INFO  Test worker     d.u.i.k.n.KeyIO           MODE: declarations took 1 ms 
381086     INFO  Test worker     d.u.i.k.n.KeyIO           Parsing took 0 ms 
381086     INFO  Test worker     d.u.i.k.n.KeyIO           MODE: declarations took 0 ms 
381086     INFO  Test worker     d.u.i.k.n.KeyIO           Parsing took 0 ms 
381086     INFO  Test worker     d.u.i.k.n.KeyIO           MODE: declarations took 0 ms 
384388     INFO  Test worker     d.u.i.k.n.KeyIO           Parsing took 0 ms 
384388     INFO  Test worker     d.u.i.k.n.KeyIO           MODE: declarations took 0 ms 
384388     INFO  Test worker     d.u.i.k.n.KeyIO           Parsing took 0 ms 
384389     INFO  Test worker     d.u.i.k.n.KeyIO           MODE: declarations took 0 ms 
384389     INFO  Test worker     d.u.i.k.n.KeyIO           Parsing took 0 ms 
384389     INFO  Test worker     d.u.i.k.n.KeyIO           MODE: declarations took 0 ms 
384389     INFO  Test worker     d.u.i.k.n.KeyIO           Parsing took 0 ms 
384389     INFO  Test worker     d.u.i.k.n.KeyIO           MODE: declarations took 0 ms 
384389     INFO  Test worker     d.u.i.k.n.KeyIO           Parsing took 0 ms 
384389     INFO  Test worker     d.u.i.k.n.KeyIO           MODE: declarations took 0 ms 
387673     INFO  Test worker     d.u.i.k.n.KeyIO           Parsing took 0 ms 
387673     INFO  Test worker     d.u.i.k.n.KeyIO           MODE: declarations took 0 ms 
387673     INFO  Test worker     d.u.i.k.n.KeyIO           Parsing took 0 ms 
387673     INFO  Test worker     d.u.i.k.n.KeyIO           MODE: declarations took 0 ms 
387673     INFO  Test worker     d.u.i.k.n.KeyIO           Parsing took 0 ms 
387673     INFO  Test worker     d.u.i.k.n.KeyIO           MODE: declarations took 0 ms 
387673     INFO  Test worker     d.u.i.k.n.KeyIO           Parsing took 0 ms 
387673     INFO  Test worker     d.u.i.k.n.KeyIO           MODE: declarations took 0 ms 
387673     INFO  Test worker     d.u.i.k.n.KeyIO           Parsing took 0 ms 
387673     INFO  Test worker     d.u.i.k.n.KeyIO           MODE: declarations took 0 ms 
390979     INFO  Test worker     d.u.i.k.n.KeyIO           Parsing took 0 ms 
390979     INFO  Test worker     d.u.i.k.n.KeyIO           MODE: declarations took 0 ms 
390980     INFO  Test worker     d.u.i.k.n.KeyIO           Parsing took 0 ms 
390980     INFO  Test worker     d.u.i.k.n.KeyIO           MODE: declarations took 0 ms 
390980     INFO  Test worker     d.u.i.k.n.KeyIO           Parsing took 0 ms 
390980     INFO  Test worker     d.u.i.k.n.KeyIO           MODE: declarations took 0 ms 
390980     INFO  Test worker     d.u.i.k.n.KeyIO           Parsing took 0 ms 
390980     INFO  Test worker     d.u.i.k.n.KeyIO           MODE: declarations took 0 ms 
390980     INFO  Test worker     d.u.i.k.n.KeyIO           Parsing took 0 ms 
390980     INFO  Test worker     d.u.i.k.n.KeyIO           MODE: declarations took 0 ms 
394258     INFO  Test worker     d.u.i.k.n.KeyIO           Parsing took 0 ms 
394259     INFO  Test worker     d.u.i.k.n.KeyIO           MODE: declarations took 0 ms 
394259     INFO  Test worker     d.u.i.k.n.KeyIO           Parsing took 0 ms 
394259     INFO  Test worker     d.u.i.k.n.KeyIO           MODE: declarations took 0 ms 
394259     INFO  Test worker     d.u.i.k.n.KeyIO           Parsing took 0 ms 
394259     INFO  Test worker     d.u.i.k.n.KeyIO           MODE: declarations took 0 ms 
394259     INFO  Test worker     d.u.i.k.n.KeyIO           Parsing took 0 ms 
394259     INFO  Test worker     d.u.i.k.n.KeyIO           MODE: declarations took 0 ms 
394259     INFO  Test worker     d.u.i.k.n.KeyIO           Parsing took 0 ms 
394259     INFO  Test worker     d.u.i.k.n.KeyIO           MODE: declarations took 0 ms 
394263     WARN  Test worker     d.u.i.k.n.KeYParser       [syntax-error] <unknown>:1:11: mismatched input '@' expecting {'/', ':=', '.', '(', ')', '{', '[', '@', PARALLEL, OR, AND, IMP, '=', NOT_EQUALS, '%', '*', '-', '+', '>', GREATEREQUAL, '<', LESSEQUAL, LGUILLEMETS, EQV} [@11,11:11='@',<153>,1:11] (termEOF) 
397570     INFO  Test worker     d.u.i.k.n.KeyIO           Parsing took 0 ms 
397570     INFO  Test worker     d.u.i.k.n.KeyIO           MODE: declarations took 0 ms 
397571     INFO  Test worker     d.u.i.k.n.KeyIO           Parsing took 0 ms 
397571     INFO  Test worker     d.u.i.k.n.KeyIO           MODE: declarations took 0 ms 
397571     INFO  Test worker     d.u.i.k.n.KeyIO           Parsing took 0 ms 
397571     INFO  Test worker     d.u.i.k.n.KeyIO           MODE: declarations took 0 ms 
397571     INFO  Test worker     d.u.i.k.n.KeyIO           Parsing took 0 ms 
397571     INFO  Test worker     d.u.i.k.n.KeyIO           MODE: declarations took 0 ms 
397571     INFO  Test worker     d.u.i.k.n.KeyIO           Parsing took 0 ms 
397571     INFO  Test worker     d.u.i.k.n.KeyIO           MODE: declarations took 0 ms 
400831     INFO  Test worker     d.u.i.k.n.KeyIO           Parsing took 0 ms 
400832     INFO  Test worker     d.u.i.k.n.KeyIO           MODE: declarations took 1 ms 
400832     INFO  Test worker     d.u.i.k.n.KeyIO           Parsing took 0 ms 
400832     INFO  Test worker     d.u.i.k.n.KeyIO           MODE: declarations took 0 ms 
400832     INFO  Test worker     d.u.i.k.n.KeyIO           Parsing took 0 ms 
400832     INFO  Test worker     d.u.i.k.n.KeyIO           MODE: declarations took 0 ms 
400832     INFO  Test worker     d.u.i.k.n.KeyIO           Parsing took 0 ms 
400832     INFO  Test worker     d.u.i.k.n.KeyIO           MODE: declarations took 0 ms 
400832     INFO  Test worker     d.u.i.k.n.KeyIO           Parsing took 0 ms 
400832     INFO  Test worker     d.u.i.k.n.KeyIO           MODE: declarations took 0 ms 
404169     INFO  Test worker     d.u.i.k.n.KeyIO           Parsing took 0 ms 
404169     INFO  Test worker     d.u.i.k.n.KeyIO           MODE: declarations took 0 ms 
404169     INFO  Test worker     d.u.i.k.n.KeyIO           Parsing took 0 ms 
404169     INFO  Test worker     d.u.i.k.n.KeyIO           MODE: declarations took 0 ms 
404169     INFO  Test worker     d.u.i.k.n.KeyIO           Parsing took 0 ms 
404169     INFO  Test worker     d.u.i.k.n.KeyIO           MODE: declarations took 0 ms 
404170     INFO  Test worker     d.u.i.k.n.KeyIO           Parsing took 0 ms 
404170     INFO  Test worker     d.u.i.k.n.KeyIO           MODE: declarations took 0 ms 
404171     INFO  Test worker     d.u.i.k.n.KeyIO           Parsing took 0 ms 
404171     INFO  Test worker     d.u.i.k.n.KeyIO           MODE: declarations took 0 ms 
407434     INFO  Test worker     d.u.i.k.n.KeyIO           Parsing took 0 ms 
407434     INFO  Test worker     d.u.i.k.n.KeyIO           MODE: declarations took 0 ms 
407434     INFO  Test worker     d.u.i.k.n.KeyIO           Parsing took 0 ms 
407434     INFO  Test worker     d.u.i.k.n.KeyIO           MODE: declarations took 0 ms 
407434     INFO  Test worker     d.u.i.k.n.KeyIO           Parsing took 0 ms 
407434     INFO  Test worker     d.u.i.k.n.KeyIO           MODE: declarations took 0 ms 
407434     INFO  Test worker     d.u.i.k.n.KeyIO           Parsing took 0 ms 
407434     INFO  Test worker     d.u.i.k.n.KeyIO           MODE: declarations took 0 ms 
407434     INFO  Test worker     d.u.i.k.n.KeyIO           Parsing took 0 ms 
407434     INFO  Test worker     d.u.i.k.n.KeyIO           MODE: declarations took 0 ms 
410766     INFO  Test worker     d.u.i.k.n.KeyIO           Parsing took 0 ms 
410766     INFO  Test worker     d.u.i.k.n.KeyIO           MODE: declarations took 0 ms 
410766     INFO  Test worker     d.u.i.k.n.KeyIO           Parsing took 0 ms 
410767     INFO  Test worker     d.u.i.k.n.KeyIO           MODE: declarations took 0 ms 
410767     INFO  Test worker     d.u.i.k.n.KeyIO           Parsing took 0 ms 
410767     INFO  Test worker     d.u.i.k.n.KeyIO           MODE: declarations took 0 ms 
410767     INFO  Test worker     d.u.i.k.n.KeyIO           Parsing took 0 ms 
410767     INFO  Test worker     d.u.i.k.n.KeyIO           MODE: declarations took 0 ms 
410767     INFO  Test worker     d.u.i.k.n.KeyIO           Parsing took 0 ms 
410767     INFO  Test worker     d.u.i.k.n.KeyIO           MODE: declarations took 0 ms 
414100     INFO  Test worker     d.u.i.k.n.KeyIO           Parsing took 0 ms 
414100     INFO  Test worker     d.u.i.k.n.KeyIO           MODE: declarations took 0 ms 
414100     INFO  Test worker     d.u.i.k.n.KeyIO           Parsing took 0 ms 
414100     INFO  Test worker     d.u.i.k.n.KeyIO           MODE: declarations took 0 ms 
414100     INFO  Test worker     d.u.i.k.n.KeyIO           Parsing took 0 ms 
414100     INFO  Test worker     d.u.i.k.n.KeyIO           MODE: declarations took 0 ms 
414100     INFO  Test worker     d.u.i.k.n.KeyIO           Parsing took 0 ms 
414100     INFO  Test worker     d.u.i.k.n.KeyIO           MODE: declarations took 0 ms 
414100     INFO  Test worker     d.u.i.k.n.KeyIO           Parsing took 0 ms 
414100     INFO  Test worker     d.u.i.k.n.KeyIO           MODE: declarations took 0 ms 
417467     INFO  Test worker     d.u.i.k.n.KeyIO           Parsing took 0 ms 
417467     INFO  Test worker     d.u.i.k.n.KeyIO           MODE: declarations took 0 ms 
417467     INFO  Test worker     d.u.i.k.n.KeyIO           Parsing took 0 ms 
417467     INFO  Test worker     d.u.i.k.n.KeyIO           MODE: declarations took 0 ms 
417467     INFO  Test worker     d.u.i.k.n.KeyIO           Parsing took 0 ms 
417467     INFO  Test worker     d.u.i.k.n.KeyIO           MODE: declarations took 0 ms 
417467     INFO  Test worker     d.u.i.k.n.KeyIO           Parsing took 0 ms 
417467     INFO  Test worker     d.u.i.k.n.KeyIO           MODE: declarations took 0 ms 
417467     INFO  Test worker     d.u.i.k.n.KeyIO           Parsing took 0 ms 
417467     INFO  Test worker     d.u.i.k.n.KeyIO           MODE: declarations took 0 ms 
420863     INFO  Test worker     d.u.i.k.n.KeyIO           Parsing took 0 ms 
420863     INFO  Test worker     d.u.i.k.n.KeyIO           MODE: declarations took 0 ms 
420863     INFO  Test worker     d.u.i.k.n.KeyIO           Parsing took 0 ms 
420863     INFO  Test worker     d.u.i.k.n.KeyIO           MODE: declarations took 0 ms 
420863     INFO  Test worker     d.u.i.k.n.KeyIO           Parsing took 0 ms 
420863     INFO  Test worker     d.u.i.k.n.KeyIO           MODE: declarations took 0 ms 
420863     INFO  Test worker     d.u.i.k.n.KeyIO           Parsing took 0 ms 
420863     INFO  Test worker     d.u.i.k.n.KeyIO           MODE: declarations took 0 ms 
420863     INFO  Test worker     d.u.i.k.n.KeyIO           Parsing took 0 ms 
420863     INFO  Test worker     d.u.i.k.n.KeyIO           MODE: declarations took 0 ms 
424258     INFO  Test worker     d.u.i.k.n.KeyIO           Parsing took 0 ms 
424258     INFO  Test worker     d.u.i.k.n.KeyIO           MODE: declarations took 0 ms 
424258     INFO  Test worker     d.u.i.k.n.KeyIO           Parsing took 0 ms 
424259     INFO  Test worker     d.u.i.k.n.KeyIO           MODE: declarations took 0 ms 
424259     INFO  Test worker     d.u.i.k.n.KeyIO           Parsing took 0 ms 
424259     INFO  Test worker     d.u.i.k.n.KeyIO           MODE: declarations took 0 ms 
424259     INFO  Test worker     d.u.i.k.n.KeyIO           Parsing took 0 ms 
424260     INFO  Test worker     d.u.i.k.n.KeyIO           MODE: declarations took 0 ms 
424260     INFO  Test worker     d.u.i.k.n.KeyIO           Parsing took 0 ms 
424260     INFO  Test worker     d.u.i.k.n.KeyIO           MODE: declarations took 0 ms 
427657     INFO  Test worker     d.u.i.k.n.KeyIO           Parsing took 0 ms 
427659     INFO  Test worker     d.u.i.k.n.KeyIO           MODE: declarations took 1 ms 
427659     INFO  Test worker     d.u.i.k.n.KeyIO           Parsing took 0 ms 
427659     INFO  Test worker     d.u.i.k.n.KeyIO           MODE: declarations took 0 ms 
427659     INFO  Test worker     d.u.i.k.n.KeyIO           Parsing took 0 ms 
427659     INFO  Test worker     d.u.i.k.n.KeyIO           MODE: declarations took 0 ms 
427660     INFO  Test worker     d.u.i.k.n.KeyIO           Parsing took 0 ms 
427660     INFO  Test worker     d.u.i.k.n.KeyIO           MODE: declarations took 0 ms 
427660     INFO  Test worker     d.u.i.k.n.KeyIO           Parsing took 0 ms 
427660     INFO  Test worker     d.u.i.k.n.KeyIO           MODE: declarations took 0 ms 
431094     INFO  Test worker     d.u.i.k.n.KeyIO           Parsing took 1 ms 
431094     INFO  Test worker     d.u.i.k.n.KeyIO           MODE: declarations took 0 ms 
431094     INFO  Test worker     d.u.i.k.n.KeyIO           Parsing took 0 ms 
431094     INFO  Test worker     d.u.i.k.n.KeyIO           MODE: declarations took 0 ms 
431094     INFO  Test worker     d.u.i.k.n.KeyIO           Parsing took 0 ms 
431094     INFO  Test worker     d.u.i.k.n.KeyIO           MODE: declarations took 0 ms 
431095     INFO  Test worker     d.u.i.k.n.KeyIO           Parsing took 0 ms 
431095     INFO  Test worker     d.u.i.k.n.KeyIO           MODE: declarations took 0 ms 
431095     INFO  Test worker     d.u.i.k.n.KeyIO           Parsing took 0 ms 
431095     INFO  Test worker     d.u.i.k.n.KeyIO           MODE: declarations took 0 ms 
434402     INFO  Test worker     d.u.i.k.n.KeyIO           Parsing took 0 ms 
434403     INFO  Test worker     d.u.i.k.n.KeyIO           MODE: declarations took 0 ms 
434404     INFO  Test worker     d.u.i.k.n.KeyIO           Parsing took 0 ms 
434404     INFO  Test worker     d.u.i.k.n.KeyIO           MODE: declarations took 0 ms 
434405     INFO  Test worker     d.u.i.k.n.KeyIO           Parsing took 0 ms 
434405     INFO  Test worker     d.u.i.k.n.KeyIO           MODE: declarations took 0 ms 
434405     INFO  Test worker     d.u.i.k.n.KeyIO           Parsing took 0 ms 
434406     INFO  Test worker     d.u.i.k.n.KeyIO           MODE: declarations took 1 ms 
434406     INFO  Test worker     d.u.i.k.n.KeyIO           Parsing took 0 ms 
434406     INFO  Test worker     d.u.i.k.n.KeyIO           MODE: declarations took 0 ms 
437797     INFO  Test worker     d.u.i.k.n.KeyIO           Parsing took 0 ms 
437797     INFO  Test worker     d.u.i.k.n.KeyIO           MODE: declarations took 0 ms 
437798     INFO  Test worker     d.u.i.k.n.KeyIO           Parsing took 0 ms 
437798     INFO  Test worker     d.u.i.k.n.KeyIO           MODE: declarations took 0 ms 
437798     INFO  Test worker     d.u.i.k.n.KeyIO           Parsing took 0 ms 
437798     INFO  Test worker     d.u.i.k.n.KeyIO           MODE: declarations took 0 ms 
437798     INFO  Test worker     d.u.i.k.n.KeyIO           Parsing took 0 ms 
437798     INFO  Test worker     d.u.i.k.n.KeyIO           MODE: declarations took 0 ms 
437799     INFO  Test worker     d.u.i.k.n.KeyIO           Parsing took 0 ms 
437799     INFO  Test worker     d.u.i.k.n.KeyIO           MODE: declarations took 0 ms 
441145     INFO  Test worker     d.u.i.k.n.KeyIO           Parsing took 0 ms 
441145     INFO  Test worker     d.u.i.k.n.KeyIO           MODE: declarations took 0 ms 
441145     INFO  Test worker     d.u.i.k.n.KeyIO           Parsing took 0 ms 
441145     INFO  Test worker     d.u.i.k.n.KeyIO           MODE: declarations took 0 ms 
441146     INFO  Test worker     d.u.i.k.n.KeyIO           Parsing took 0 ms 
441146     INFO  Test worker     d.u.i.k.n.KeyIO           MODE: declarations took 0 ms 
441146     INFO  Test worker     d.u.i.k.n.KeyIO           Parsing took 0 ms 
441146     INFO  Test worker     d.u.i.k.n.KeyIO           MODE: declarations took 0 ms 
441146     INFO  Test worker     d.u.i.k.n.KeyIO           Parsing took 0 ms 
441146     INFO  Test worker     d.u.i.k.n.KeyIO           MODE: declarations took 0 ms 
444415     INFO  Test worker     d.u.i.k.n.KeyIO           Parsing took 0 ms 
444415     INFO  Test worker     d.u.i.k.n.KeyIO           MODE: declarations took 0 ms 
444415     INFO  Test worker     d.u.i.k.n.KeyIO           Parsing took 0 ms 
444416     INFO  Test worker     d.u.i.k.n.KeyIO           MODE: declarations took 0 ms 
444416     INFO  Test worker     d.u.i.k.n.KeyIO           Parsing took 0 ms 
444416     INFO  Test worker     d.u.i.k.n.KeyIO           MODE: declarations took 0 ms 
444416     INFO  Test worker     d.u.i.k.n.KeyIO           Parsing took 0 ms 
444416     INFO  Test worker     d.u.i.k.n.KeyIO           MODE: declarations took 0 ms 
444416     INFO  Test worker     d.u.i.k.n.KeyIO           Parsing took 0 ms 
444416     INFO  Test worker     d.u.i.k.n.KeyIO           MODE: declarations took 0 ms 
447601     INFO  Test worker     d.u.i.k.n.KeyIO           Parsing took 0 ms 
447601     INFO  Test worker     d.u.i.k.n.KeyIO           MODE: declarations took 0 ms 
447601     INFO  Test worker     d.u.i.k.n.KeyIO           Parsing took 0 ms 
447601     INFO  Test worker     d.u.i.k.n.KeyIO           MODE: declarations took 0 ms 
447601     INFO  Test worker     d.u.i.k.n.KeyIO           Parsing took 0 ms 
447601     INFO  Test worker     d.u.i.k.n.KeyIO           MODE: declarations took 0 ms 
447601     INFO  Test worker     d.u.i.k.n.KeyIO           Parsing took 0 ms 
447601     INFO  Test worker     d.u.i.k.n.KeyIO           MODE: declarations took 0 ms 
447601     INFO  Test worker     d.u.i.k.n.KeyIO           Parsing took 0 ms 
447601     INFO  Test worker     d.u.i.k.n.KeyIO           MODE: declarations took 0 ms 
450975     INFO  Test worker     d.u.i.k.n.KeyIO           Parsing took 0 ms 
450975     INFO  Test worker     d.u.i.k.n.KeyIO           MODE: declarations took 0 ms 
450975     INFO  Test worker     d.u.i.k.n.KeyIO           Parsing took 0 ms 
450975     INFO  Test worker     d.u.i.k.n.KeyIO           MODE: declarations took 0 ms 
450975     INFO  Test worker     d.u.i.k.n.KeyIO           Parsing took 0 ms 
450975     INFO  Test worker     d.u.i.k.n.KeyIO           MODE: declarations took 0 ms 
450975     INFO  Test worker     d.u.i.k.n.KeyIO           Parsing took 0 ms 
450975     INFO  Test worker     d.u.i.k.n.KeyIO           MODE: declarations took 0 ms 
450976     INFO  Test worker     d.u.i.k.n.KeyIO           Parsing took 0 ms 
450977     INFO  Test worker     d.u.i.k.n.KeyIO           MODE: declarations took 0 ms 
454231     INFO  Test worker     d.u.i.k.n.KeyIO           Parsing took 0 ms 
454232     INFO  Test worker     d.u.i.k.n.KeyIO           MODE: declarations took 0 ms 
454232     INFO  Test worker     d.u.i.k.n.KeyIO           Parsing took 0 ms 
454232     INFO  Test worker     d.u.i.k.n.KeyIO           MODE: declarations took 0 ms 
454232     INFO  Test worker     d.u.i.k.n.KeyIO           Parsing took 0 ms 
454232     INFO  Test worker     d.u.i.k.n.KeyIO           MODE: declarations took 0 ms 
454232     INFO  Test worker     d.u.i.k.n.KeyIO           Parsing took 0 ms 
454232     INFO  Test worker     d.u.i.k.n.KeyIO           MODE: declarations took 0 ms 
454232     INFO  Test worker     d.u.i.k.n.KeyIO           Parsing took 0 ms 
454232     INFO  Test worker     d.u.i.k.n.KeyIO           MODE: declarations took 0 ms 
457421     INFO  Test worker     d.u.i.k.n.KeyIO           Parsing took 0 ms 
457422     INFO  Test worker     d.u.i.k.n.KeyIO           MODE: declarations took 1 ms 
457422     INFO  Test worker     d.u.i.k.n.KeyIO           Parsing took 0 ms 
457422     INFO  Test worker     d.u.i.k.n.KeyIO           MODE: declarations took 0 ms 
457422     INFO  Test worker     d.u.i.k.n.KeyIO           Parsing took 0 ms 
457422     INFO  Test worker     d.u.i.k.n.KeyIO           MODE: declarations took 0 ms 
457422     INFO  Test worker     d.u.i.k.n.KeyIO           Parsing took 0 ms 
457422     INFO  Test worker     d.u.i.k.n.KeyIO           MODE: declarations took 0 ms 
457422     INFO  Test worker     d.u.i.k.n.KeyIO           Parsing took 0 ms 
457422     INFO  Test worker     d.u.i.k.n.KeyIO           MODE: declarations took 0 ms 
460717     INFO  Test worker     d.u.i.k.n.KeyIO           Parsing took 0 ms 
460717     INFO  Test worker     d.u.i.k.n.KeyIO           MODE: declarations took 0 ms 
460717     INFO  Test worker     d.u.i.k.n.KeyIO           Parsing took 0 ms 
460717     INFO  Test worker     d.u.i.k.n.KeyIO           MODE: declarations took 0 ms 
460717     INFO  Test worker     d.u.i.k.n.KeyIO           Parsing took 0 ms 
460717     INFO  Test worker     d.u.i.k.n.KeyIO           MODE: declarations took 0 ms 
460717     INFO  Test worker     d.u.i.k.n.KeyIO           Parsing took 0 ms 
460717     INFO  Test worker     d.u.i.k.n.KeyIO           MODE: declarations took 0 ms 
460717     INFO  Test worker     d.u.i.k.n.KeyIO           Parsing took 0 ms 
460717     INFO  Test worker     d.u.i.k.n.KeyIO           MODE: declarations took 0 ms 
463924     INFO  Test worker     d.u.i.k.n.KeyIO           Parsing took 0 ms 
463925     INFO  Test worker     d.u.i.k.n.KeyIO           MODE: declarations took 0 ms 
463925     INFO  Test worker     d.u.i.k.n.KeyIO           Parsing took 0 ms 
463925     INFO  Test worker     d.u.i.k.n.KeyIO           MODE: declarations took 0 ms 
463925     INFO  Test worker     d.u.i.k.n.KeyIO           Parsing took 0 ms 
463928     INFO  Test worker     d.u.i.k.n.KeyIO           MODE: declarations took 0 ms 
463928     INFO  Test worker     d.u.i.k.n.KeyIO           Parsing took 0 ms 
463928     INFO  Test worker     d.u.i.k.n.KeyIO           MODE: declarations took 0 ms 
463928     INFO  Test worker     d.u.i.k.n.KeyIO           Parsing took 0 ms 
463928     INFO  Test worker     d.u.i.k.n.KeyIO           MODE: declarations took 0 ms 
467125     INFO  Test worker     d.u.i.k.n.KeyIO           Parsing took 0 ms 
467125     INFO  Test worker     d.u.i.k.n.KeyIO           MODE: declarations took 0 ms 
467125     INFO  Test worker     d.u.i.k.n.KeyIO           Parsing took 0 ms 
467125     INFO  Test worker     d.u.i.k.n.KeyIO           MODE: declarations took 0 ms 
467125     INFO  Test worker     d.u.i.k.n.KeyIO           Parsing took 0 ms 
467125     INFO  Test worker     d.u.i.k.n.KeyIO           MODE: declarations took 0 ms 
467125     INFO  Test worker     d.u.i.k.n.KeyIO           Parsing took 0 ms 
467125     INFO  Test worker     d.u.i.k.n.KeyIO           MODE: declarations took 0 ms 
467125     INFO  Test worker     d.u.i.k.n.KeyIO           Parsing took 0 ms 
467125     INFO  Test worker     d.u.i.k.n.KeyIO           MODE: declarations took 0 ms 
470382     INFO  Test worker     d.u.i.k.n.KeyIO           Parsing took 0 ms 
470382     INFO  Test worker     d.u.i.k.n.KeyIO           MODE: declarations took 0 ms 
470382     INFO  Test worker     d.u.i.k.n.KeyIO           Parsing took 0 ms 
470382     INFO  Test worker     d.u.i.k.n.KeyIO           MODE: declarations took 0 ms 
470383     INFO  Test worker     d.u.i.k.n.KeyIO           Parsing took 0 ms 
470383     INFO  Test worker     d.u.i.k.n.KeyIO           MODE: declarations took 0 ms 
470383     INFO  Test worker     d.u.i.k.n.KeyIO           Parsing took 0 ms 
470383     INFO  Test worker     d.u.i.k.n.KeyIO           MODE: declarations took 0 ms 
470383     INFO  Test worker     d.u.i.k.n.KeyIO           Parsing took 0 ms 
470383     INFO  Test worker     d.u.i.k.n.KeyIO           MODE: declarations took 0 ms 
473620     INFO  Test worker     d.u.i.k.n.KeyIO           Parsing took 0 ms 
473620     INFO  Test worker     d.u.i.k.n.KeyIO           MODE: declarations took 0 ms 
473620     INFO  Test worker     d.u.i.k.n.KeyIO           Parsing took 0 ms 
473620     INFO  Test worker     d.u.i.k.n.KeyIO           MODE: declarations took 0 ms 
473620     INFO  Test worker     d.u.i.k.n.KeyIO           Parsing took 0 ms 
473620     INFO  Test worker     d.u.i.k.n.KeyIO           MODE: declarations took 0 ms 
473620     INFO  Test worker     d.u.i.k.n.KeyIO           Parsing took 0 ms 
473620     INFO  Test worker     d.u.i.k.n.KeyIO           MODE: declarations took 0 ms 
473620     INFO  Test worker     d.u.i.k.n.KeyIO           Parsing took 0 ms 
473620     INFO  Test worker     d.u.i.k.n.KeyIO           MODE: declarations took 0 ms 
]]></system-out>
  <system-err><![CDATA[]]></system-err>
</testsuite>
