<?xml version="1.0" encoding="UTF-8"?>
<testsuite name="de.uka.ilkd.key.nparser.ExprTest" tests="23" skipped="0" failures="0" errors="0" timestamp="2023-04-04T14:04:57" hostname="fv-az280-749" time="2.551">
  <properties/>
  <testcase name="[1] (bprod{int y;}(1, 2, y) = 0)" classname="de.uka.ilkd.key.nparser.ExprTest" time="0.017"/>
  <testcase name="[2] 1 = 1 -&gt; 2 = 2" classname="de.uka.ilkd.key.nparser.ExprTest" time="0.015"/>
  <testcase name="[3] \&lt; { int x = 1; } \&gt; x=1" classname="de.uka.ilkd.key.nparser.ExprTest" time="1.041"/>
  <testcase name="[4] \&lt;{ int x = 1; {int s = 2;} }\&gt; x=x" classname="de.uka.ilkd.key.nparser.ExprTest" time="0.997"/>
  <testcase name="[5] true" classname="de.uka.ilkd.key.nparser.ExprTest" time="0.024"/>
  <testcase name="[6] true &amp; false" classname="de.uka.ilkd.key.nparser.ExprTest" time="0.017"/>
  <testcase name="[7] 0" classname="de.uka.ilkd.key.nparser.ExprTest" time="0.02"/>
  <testcase name="[8] 1" classname="de.uka.ilkd.key.nparser.ExprTest" time="0.079"/>
  <testcase name="[9] 42" classname="de.uka.ilkd.key.nparser.ExprTest" time="0.022"/>
  <testcase name="[10] -5" classname="de.uka.ilkd.key.nparser.ExprTest" time="0.019"/>
  <testcase name="[11] 1 + 1 = 2" classname="de.uka.ilkd.key.nparser.ExprTest" time="0.011"/>
  <testcase name="[12] \if (3=4) \then (1) \else (2)" classname="de.uka.ilkd.key.nparser.ExprTest" time="0.012"/>
  <testcase name="[13] \if (3=4 &amp; 1=1) \then (\if (3=4) \then (1) \else (2)) \else (2)" classname="de.uka.ilkd.key.nparser.ExprTest" time="0.028"/>
  <testcase name="[14] aa + bb*cc" classname="de.uka.ilkd.key.nparser.ExprTest" time="0.02"/>
  <testcase name="[15] aa%bb*cc &lt; -123" classname="de.uka.ilkd.key.nparser.ExprTest" time="0.033"/>
  <testcase name="[16] \forall int x; true" classname="de.uka.ilkd.key.nparser.ExprTest" time="0.023"/>
  <testcase name="[17] \forall numbers x; x = x" classname="de.uka.ilkd.key.nparser.ExprTest" time="0.018"/>
  <testcase name="[18] (int)3+2" classname="de.uka.ilkd.key.nparser.ExprTest" time="0.014"/>
  <testcase name="[19] 1.f + 1f = 20e-1f * (2f-1f)" classname="de.uka.ilkd.key.nparser.ExprTest" time="0.02"/>
  <testcase name="[20] 1.d + 1d &lt;= 20e+1d * .01d" classname="de.uka.ilkd.key.nparser.ExprTest" time="0.016"/>
  <testcase name="[21] 1f &lt;= 2f" classname="de.uka.ilkd.key.nparser.ExprTest" time="0.018"/>
  <testcase name="[22] 2d &gt; 1d" classname="de.uka.ilkd.key.nparser.ExprTest" time="0.023"/>
  <testcase name="[23] seqEmpty + seqEmpty" classname="de.uka.ilkd.key.nparser.ExprTest" time="0.024"/>
  <system-out><![CDATA[224392     INFO  Test worker     d.u.i.k.n.KeyIO           Parsing took 8 ms 
224393     INFO  Test worker     d.u.i.k.n.KeyIO           MODE: declarations took 1 ms 
224397     INFO  Test worker     d.u.i.k.n.ExprTest        Term: equals(bprod{y:int}(Z(1(#)),Z(2(#)),y),Z(0(#))) 
224412     INFO  Test worker     d.u.i.k.n.KeyIO           Parsing took 8 ms 
224414     INFO  Test worker     d.u.i.k.n.KeyIO           MODE: declarations took 1 ms 
224417     INFO  Test worker     d.u.i.k.n.ExprTest        Term: imp(equals(Z(1(#)),Z(1(#))),equals(Z(2(#)),Z(2(#)))) 
224428     INFO  Test worker     d.u.i.k.n.KeyIO           Parsing took 8 ms 
224429     INFO  Test worker     d.u.i.k.n.KeyIO           MODE: declarations took 1 ms 
225457     INFO  Test worker     d.u.i.k.n.ExprTest        Term: \<{
  int x = 1;
}\> (equals(x,Z(1(#)))) 
225470     INFO  Test worker     d.u.i.k.n.KeyIO           Parsing took 8 ms 
225472     INFO  Test worker     d.u.i.k.n.KeyIO           MODE: declarations took 2 ms 
226455     INFO  Test worker     d.u.i.k.n.ExprTest        Term: \<{
  int x = 1;
  {
    int s = 2;
  }
}\> (equals(x,x)) 
226475     INFO  Test worker     d.u.i.k.n.KeyIO           Parsing took 15 ms 
226477     INFO  Test worker     d.u.i.k.n.KeyIO           MODE: declarations took 1 ms 
226481     INFO  Test worker     d.u.i.k.n.ExprTest        Term: true 
226496     INFO  Test worker     d.u.i.k.n.KeyIO           Parsing took 10 ms 
226498     INFO  Test worker     d.u.i.k.n.KeyIO           MODE: declarations took 1 ms 
226500     INFO  Test worker     d.u.i.k.n.ExprTest        Term: and(true,false) 
226519     INFO  Test worker     d.u.i.k.n.KeyIO           Parsing took 10 ms 
226520     INFO  Test worker     d.u.i.k.n.KeyIO           MODE: declarations took 1 ms 
226522     INFO  Test worker     d.u.i.k.n.ExprTest        Term: Z(0(#)) 
226532     INFO  Test worker     d.u.i.k.n.KeyIO           Parsing took 8 ms 
226533     INFO  Test worker     d.u.i.k.n.KeyIO           MODE: declarations took 0 ms 
226601     INFO  Test worker     d.u.i.k.n.ExprTest        Term: Z(1(#)) 
226617     INFO  Test worker     d.u.i.k.n.KeyIO           Parsing took 8 ms 
226619     INFO  Test worker     d.u.i.k.n.KeyIO           MODE: declarations took 0 ms 
226625     INFO  Test worker     d.u.i.k.n.ExprTest        Term: Z(2(4(#))) 
226639     INFO  Test worker     d.u.i.k.n.KeyIO           Parsing took 10 ms 
226642     INFO  Test worker     d.u.i.k.n.KeyIO           MODE: declarations took 2 ms 
226646     INFO  Test worker     d.u.i.k.n.ExprTest        Term: Z(neglit(5(#))) 
226657     INFO  Test worker     d.u.i.k.n.KeyIO           Parsing took 7 ms 
226657     INFO  Test worker     d.u.i.k.n.KeyIO           MODE: declarations took 0 ms 
226659     INFO  Test worker     d.u.i.k.n.ExprTest        Term: equals(add(Z(1(#)),Z(1(#))),Z(2(#))) 
226669     INFO  Test worker     d.u.i.k.n.KeyIO           Parsing took 8 ms 
226669     INFO  Test worker     d.u.i.k.n.KeyIO           MODE: declarations took 0 ms 
226672     INFO  Test worker     d.u.i.k.n.ExprTest        Term: if-then-else(equals(Z(3(#)),Z(4(#))),Z(1(#)),Z(2(#))) 
226689     INFO  Test worker     d.u.i.k.n.KeyIO           Parsing took 15 ms 
226690     INFO  Test worker     d.u.i.k.n.KeyIO           MODE: declarations took 0 ms 
226700     INFO  Test worker     d.u.i.k.n.ExprTest        Term: if-then-else(and(equals(Z(3(#)),Z(4(#))),equals(Z(1(#)),Z(1(#)))),if-then-else(equals(Z(3(#)),Z(4(#))),Z(1(#)),Z(2(#))),Z(2(#))) 
226717     INFO  Test worker     d.u.i.k.n.KeyIO           Parsing took 15 ms 
226718     INFO  Test worker     d.u.i.k.n.KeyIO           MODE: declarations took 1 ms 
226721     INFO  Test worker     d.u.i.k.n.ExprTest        Term: add(aa,mul(bb,cc)) 
226739     INFO  Test worker     d.u.i.k.n.KeyIO           Parsing took 16 ms 
226740     INFO  Test worker     d.u.i.k.n.KeyIO           MODE: declarations took 1 ms 
226754     INFO  Test worker     d.u.i.k.n.ExprTest        Term: lt(mul(mod(aa,bb),cc),Z(neglit(3(2(1(#)))))) 
226780     INFO  Test worker     d.u.i.k.n.KeyIO           Parsing took 11 ms 
226784     INFO  Test worker     d.u.i.k.n.KeyIO           MODE: declarations took 1 ms 
226786     INFO  Test worker     d.u.i.k.n.ExprTest        Term: all{x:int}(true) 
226800     INFO  Test worker     d.u.i.k.n.KeyIO           Parsing took 9 ms 
226801     INFO  Test worker     d.u.i.k.n.KeyIO           MODE: declarations took 0 ms 
226806     INFO  Test worker     d.u.i.k.n.ExprTest        Term: all{x:numbers}(equals(x,x)) 
226820     INFO  Test worker     d.u.i.k.n.KeyIO           Parsing took 8 ms 
226821     INFO  Test worker     d.u.i.k.n.KeyIO           MODE: declarations took 0 ms 
226824     INFO  Test worker     d.u.i.k.n.ExprTest        Term: add(int::cast(Z(3(#))),Z(2(#))) 
226837     INFO  Test worker     d.u.i.k.n.KeyIO           Parsing took 8 ms 
226839     INFO  Test worker     d.u.i.k.n.KeyIO           MODE: declarations took 1 ms 
226842     INFO  Test worker     d.u.i.k.n.ExprTest        Term: equals(addFloat(FP(6(1(2(3(5(3(5(6(0(1(#))))))))))),FP(6(1(2(3(5(3(5(6(0(1(#)))))))))))),mulFloat(FP(4(2(8(1(4(7(3(7(0(1(#))))))))))),subFloat(FP(4(2(8(1(4(7(3(7(0(1(#))))))))))),FP(6(1(2(3(5(3(5(6(0(1(#)))))))))))))) 
226856     INFO  Test worker     d.u.i.k.n.KeyIO           Parsing took 7 ms 
226857     INFO  Test worker     d.u.i.k.n.KeyIO           MODE: declarations took 1 ms 
226862     INFO  Test worker     d.u.i.k.n.ExprTest        Term: leqDouble(addDouble(DFP(8(0(4(7(1(0(0(0(8(8(1(4(2(8(1(7(0(6(4(#)))))))))))))))))))),DFP(8(0(4(7(1(0(0(0(8(8(1(4(2(8(1(7(0(6(4(#))))))))))))))))))))),mulDouble(DFP(4(8(7(6(0(0(2(8(9(0(9(8(0(4(2(1(4(6(4(#)))))))))))))))))))),DFP(5(7(6(7(8(0(4(0(3(9(2(2(8(1(9(6(7(5(4(#)))))))))))))))))))))) 
226876     INFO  Test worker     d.u.i.k.n.KeyIO           Parsing took 8 ms 
226878     INFO  Test worker     d.u.i.k.n.KeyIO           MODE: declarations took 1 ms 
226882     INFO  Test worker     d.u.i.k.n.ExprTest        Term: leqFloat(FP(6(1(2(3(5(3(5(6(0(1(#))))))))))),FP(4(2(8(1(4(7(3(7(0(1(#)))))))))))) 
226894     INFO  Test worker     d.u.i.k.n.KeyIO           Parsing took 8 ms 
226897     INFO  Test worker     d.u.i.k.n.KeyIO           MODE: declarations took 1 ms 
226906     INFO  Test worker     d.u.i.k.n.ExprTest        Term: gtDouble(DFP(4(0(9(7(8(3(7(2(4(8(1(0(6(8(6(1(1(6(4(#)))))))))))))))))))),DFP(8(0(4(7(1(0(0(0(8(8(1(4(2(8(1(7(0(6(4(#))))))))))))))))))))) 
226921     INFO  Test worker     d.u.i.k.n.KeyIO           Parsing took 10 ms 
226927     INFO  Test worker     d.u.i.k.n.KeyIO           MODE: declarations took 5 ms 
226933     INFO  Test worker     d.u.i.k.n.ExprTest        Term: seqConcat(seqEmpty,seqEmpty) 
]]></system-out>
  <system-err><![CDATA[]]></system-err>
</testsuite>
