<?xml version="1.0" encoding="UTF-8"?>
<testsuite name="de.uka.ilkd.key.testcase.smt.testgen.TestTestgen" tests="1" skipped="0" failures="0" errors="0" timestamp="2023-05-21T22:08:18" hostname="fv-az192-933" time="4.589">
  <properties/>
  <testcase name="testMiddle()" classname="de.uka.ilkd.key.testcase.smt.testgen.TestTestgen" time="4.589"/>
  <system-out><![CDATA[16477      WARN  Test worker     d.u.i.k.t.s.t.TestTestgen Warning: Z3_CE is not installed, tests skipped. 
16477      WARN  Test worker     d.u.i.k.t.s.t.TestTestgen Maybe use JVM system property "z3SolverPath" to define the path to the Z3 command. 
16492      INFO  Test worker     d.u.i.k.p.i.AbstractProblemLoader Loading environment from src\test\resources\testcase\smt\tg\middle.key 
16492      DEBUG Test worker     d.u.i.k.p.i.AbstractProblemLoader Environment load took 602.7ns 
16492      INFO  Test worker     d.u.i.k.p.i.AbstractProblemLoader Creating init config 
20323      DEBUG Test worker     d.u.i.k.p.i.AbstractProblemLoader Init config took 3.83s 
20417      INFO  Test worker     d.u.i.k.p.i.AbstractProblemLoader Replaying proof Middle[Middle::middle(int,int,int)].JML normal_behavior operation contract.0 
20432      DEBUG Test worker     d.u.i.k.p.i.IntermediateProofReplayer Proof replay took 19ns 
]]></system-out>
  <system-err><![CDATA[]]></system-err>
</testsuite>
