<?xml version="1.0" encoding="UTF-8"?>
<testsuite name="org.key_project.slicing.EndToEndTests" tests="11" skipped="0" failures="0" errors="0" timestamp="2023-04-04T16:53:26" hostname="fv-az251-622" time="260.388">
  <properties/>
  <testcase name="sliceIfThenElseSplit()" classname="org.key_project.slicing.EndToEndTests" time="57.177"/>
  <testcase name="deduplicateChecksMergabilityCorrectly()" classname="org.key_project.slicing.EndToEndTests" time="9.076"/>
  <testcase name="sliceDuplicatesAway()" classname="org.key_project.slicing.EndToEndTests" time="35.892"/>
  <testcase name="sliceMultipleIterations()" classname="org.key_project.slicing.EndToEndTests" time="66.829"/>
  <testcase name="sliceDuplicatesAwayOpenGoals()" classname="org.key_project.slicing.EndToEndTests" time="35.606"/>
  <testcase name="sliceCutExample()" classname="org.key_project.slicing.EndToEndTests" time="8.743"/>
  <testcase name="sliceAgathaWithOpenGoal()" classname="org.key_project.slicing.EndToEndTests" time="8.791"/>
  <testcase name="sliceSimpleSMT()" classname="org.key_project.slicing.EndToEndTests" time="0.001"/>
  <testcase name="sliceWithOpenGoal()" classname="org.key_project.slicing.EndToEndTests" time="17.629"/>
  <testcase name="sliceAgatha()" classname="org.key_project.slicing.EndToEndTests" time="8.806"/>
  <testcase name="sliceJavaProof()" classname="org.key_project.slicing.EndToEndTests" time="11.825"/>
  <system-out><![CDATA[[16:53:26.331] ?[34mINFO ?[0;39m ?[36mEndToEndTests?[0;39m - Loading /home/runner/work/key/key/keyext.slicing/src/test/resources/testcase/ifThenElseSplit.proof
[16:53:26.488] ?[31mWARN ?[0;39m ?[36mProofIndependentSettings?[0;39m - The settings in /home/runner/.key/proofIndependentSettings.props are *not* read due to flag 'key.disregardSettings'
[16:53:26.689] ?[31mWARN ?[0;39m ?[36mProofSettings?[0;39m - The settings in /home/runner/.key/proof-settings.props are *not* read.
[16:53:38.947] ?[34mINFO ?[0;39m ?[36mKeyStrokeSettings?[0;39m - Save keyboard shortcuts to: /home/runner/.key/keystrokes.properties
[16:53:46.028] ?[34mINFO ?[0;39m ?[36mEndToEndTests?[0;39m - Loading /home/runner/work/key/key/keyext.slicing/src/test/resources/testcase/ifThenElseSplit.proof
[16:53:49.344] ?[34mINFO ?[0;39m ?[36mDependencyAnalyzer?[0;39m - merging 2 and 3
[16:53:55.727] ?[34mINFO ?[0;39m ?[36mEndToEndTests?[0;39m - Loading /tmp/KeYslice13778069458136491312/ifThenElseSplit_slice1.proof
[16:53:58.846] ?[34mINFO ?[0;39m ?[36mDependencyAnalyzer?[0;39m - merging 3 and 4
[16:54:05.041] ?[34mINFO ?[0;39m ?[36mEndToEndTests?[0;39m - Loading /tmp/KeYslice10310834802604219907/ifThenElseSplit_slice2.proof
[16:54:08.068] ?[34mINFO ?[0;39m ?[36mDependencyAnalyzer?[0;39m - merging 4 and 5
[16:54:14.263] ?[34mINFO ?[0;39m ?[36mEndToEndTests?[0;39m - Loading /tmp/KeYslice9952189826202482642/ifThenElseSplit_slice3.proof
[16:54:17.291] ?[34mINFO ?[0;39m ?[36mDependencyAnalyzer?[0;39m - merging 5 and 6
[16:54:23.506] ?[34mINFO ?[0;39m ?[36mEndToEndTests?[0;39m - Loading /home/runner/work/key/key/keyext.slicing/src/test/resources/testcase/deduplicateCheck4.proof
[16:54:32.585] ?[34mINFO ?[0;39m ?[36mEndToEndTests?[0;39m - Loading /home/runner/work/key/key/keyext.slicing/src/test/resources/testcase/exampleDuplicate.proof
[16:54:35.670] ?[34mINFO ?[0;39m ?[36mDependencyAnalyzer?[0;39m - merging 2 and 3
[16:54:41.673] ?[34mINFO ?[0;39m ?[36mEndToEndTests?[0;39m - Loading /tmp/KeYslice3734412684060856436/exampleDuplicate_slice1.proof
[16:54:44.646] ?[34mINFO ?[0;39m ?[36mDependencyAnalyzer?[0;39m - merging 3 and 4
[16:54:50.691] ?[34mINFO ?[0;39m ?[36mEndToEndTests?[0;39m - Loading /tmp/KeYslice15366096472000663456/exampleDuplicate_slice2.proof
[16:54:53.636] ?[34mINFO ?[0;39m ?[36mDependencyAnalyzer?[0;39m - merging 4 and 5
[16:54:59.582] ?[34mINFO ?[0;39m ?[36mEndToEndTests?[0;39m - Loading /tmp/KeYslice5228815735365534013/exampleDuplicate_slice3.proof
[16:55:08.478] ?[34mINFO ?[0;39m ?[36mEndToEndTests?[0;39m - Loading /home/runner/work/key/key/keyext.slicing/src/test/resources/testcase/../../../../../key.ui/examples/firstTouch/05-ReverseArray/reverseArray.proof
[16:55:14.384] ?[34mINFO ?[0;39m ?[36mDependencyAnalyzer?[0;39m - merging 1354 and 4678
[16:55:14.409] ?[34mINFO ?[0;39m ?[36mDependencyAnalyzer?[0;39m - merging 1010 and 4663
[16:55:14.425] ?[34mINFO ?[0;39m ?[36mDependencyAnalyzer?[0;39m - merging 3958 and 4306
[16:55:14.428] ?[34mINFO ?[0;39m ?[36mDependencyAnalyzer?[0;39m - merging 2591 and 3795
[16:55:24.011] ?[34mINFO ?[0;39m ?[36mEndToEndTests?[0;39m - Loading /tmp/KeYslice12909272772671816933/reverseArray_slice1.proof
[16:55:28.655] ?[34mINFO ?[0;39m ?[36mDependencyAnalyzer?[0;39m - merging 1281 and 3384
[16:55:28.658] ?[34mINFO ?[0;39m ?[36mDependencyAnalyzer?[0;39m - merging 2219 and 2914
[16:55:28.664] ?[34mINFO ?[0;39m ?[36mDependencyAnalyzer?[0;39m - merging 947 and 3782
[16:55:28.669] ?[34mINFO ?[0;39m ?[36mDependencyAnalyzer?[0;39m - merging 943 and 3370
[16:55:28.681] ?[34mINFO ?[0;39m ?[36mDependencyAnalyzer?[0;39m - merging 879 and 3479
[16:55:28.690] ?[34mINFO ?[0;39m ?[36mDependencyAnalyzer?[0;39m - merging 2973 and 3148
[16:55:28.702] ?[34mINFO ?[0;39m ?[36mDependencyAnalyzer?[0;39m - merging 880 and 3473
[16:55:37.247] ?[34mINFO ?[0;39m ?[36mEndToEndTests?[0;39m - Loading /tmp/KeYslice16416566897984971336/reverseArray_slice2.proof
[16:55:41.735] ?[34mINFO ?[0;39m ?[36mDependencyAnalyzer?[0;39m - merging 949 and 3776
[16:55:41.741] ?[34mINFO ?[0;39m ?[36mDependencyAnalyzer?[0;39m - merging 883 and 3469
[16:55:41.743] ?[34mINFO ?[0;39m ?[36mDependencyAnalyzer?[0;39m - merging 2220 and 2914
[16:55:41.748] ?[34mINFO ?[0;39m ?[36mDependencyAnalyzer?[0;39m - merging 781 and 3569
[16:55:41.758] ?[34mINFO ?[0;39m ?[36mDependencyAnalyzer?[0;39m - merging 2973 and 3147
[16:55:41.759] ?[34mINFO ?[0;39m ?[36mDependencyAnalyzer?[0;39m - merging 1301 and 3381
[16:55:41.764] ?[34mINFO ?[0;39m ?[36mDependencyAnalyzer?[0;39m - merging 782 and 3554
[16:55:41.765] ?[34mINFO ?[0;39m ?[36mDependencyAnalyzer?[0;39m - merging 882 and 3474
[16:55:41.767] ?[34mINFO ?[0;39m ?[36mDependencyAnalyzer?[0;39m - merging 946 and 3368
[16:55:50.189] ?[34mINFO ?[0;39m ?[36mEndToEndTests?[0;39m - Loading /tmp/KeYslice11610507564686997362/reverseArray_slice3.proof
[16:55:54.485] ?[34mINFO ?[0;39m ?[36mDependencyAnalyzer?[0;39m - merging 886 and 3465
[16:55:54.490] ?[34mINFO ?[0;39m ?[36mDependencyAnalyzer?[0;39m - merging 757 and 3651
[16:55:54.492] ?[34mINFO ?[0;39m ?[36mDependencyAnalyzer?[0;39m - merging 756 and 3657
[16:55:54.494] ?[34mINFO ?[0;39m ?[36mDependencyAnalyzer?[0;39m - merging 785 and 3562
[16:55:54.497] ?[34mINFO ?[0;39m ?[36mDependencyAnalyzer?[0;39m - merging 2221 and 2914
[16:55:54.499] ?[34mINFO ?[0;39m ?[36mDependencyAnalyzer?[0;39m - merging 1302 and 3378
[16:55:54.500] ?[34mINFO ?[0;39m ?[36mDependencyAnalyzer?[0;39m - merging 885 and 3469
[16:55:54.508] ?[34mINFO ?[0;39m ?[36mDependencyAnalyzer?[0;39m - merging 784 and 3548
[16:55:54.510] ?[34mINFO ?[0;39m ?[36mDependencyAnalyzer?[0;39m - merging 2973 and 3146
[16:55:54.516] ?[34mINFO ?[0;39m ?[36mDependencyAnalyzer?[0;39m - merging 1296 and 3803
[16:55:54.517] ?[34mINFO ?[0;39m ?[36mDependencyAnalyzer?[0;39m - merging 1285 and 3379
[16:56:02.744] ?[34mINFO ?[0;39m ?[36mEndToEndTests?[0;39m - Loading /tmp/KeYslice8803715096491095070/reverseArray_slice4.proof
[16:56:06.981] ?[34mINFO ?[0;39m ?[36mDependencyAnalyzer?[0;39m - merging 2973 and 3145
[16:56:06.982] ?[34mINFO ?[0;39m ?[36mDependencyAnalyzer?[0;39m - merging 888 and 3464
[16:56:06.986] ?[34mINFO ?[0;39m ?[36mDependencyAnalyzer?[0;39m - merging 759 and 3648
[16:56:06.992] ?[34mINFO ?[0;39m ?[36mDependencyAnalyzer?[0;39m - merging 760 and 3643
[16:56:07.001] ?[34mINFO ?[0;39m ?[36mDependencyAnalyzer?[0;39m - merging 1288 and 3376
[16:56:07.003] ?[34mINFO ?[0;39m ?[36mDependencyAnalyzer?[0;39m - merging 1298 and 3793
[16:56:07.007] ?[34mINFO ?[0;39m ?[36mDependencyAnalyzer?[0;39m - merging 2222 and 2914
[16:56:07.011] ?[34mINFO ?[0;39m ?[36mDependencyAnalyzer?[0;39m - merging 788 and 3555
[16:56:07.015] ?[34mINFO ?[0;39m ?[36mDependencyAnalyzer?[0;39m - merging 889 and 3465
[16:56:07.019] ?[34mINFO ?[0;39m ?[36mDependencyAnalyzer?[0;39m - merging 787 and 3542
[16:56:07.021] ?[34mINFO ?[0;39m ?[36mDependencyAnalyzer?[0;39m - merging 1396 and 3388
[16:56:07.025] ?[34mINFO ?[0;39m ?[36mDependencyAnalyzer?[0;39m - merging 622 and 3786
[16:56:15.307] ?[34mINFO ?[0;39m ?[36mEndToEndTests?[0;39m - Loading /home/runner/work/key/key/keyext.slicing/src/test/resources/testcase/exampleDuplicateOpen.proof
[16:56:18.268] ?[34mINFO ?[0;39m ?[36mDependencyAnalyzer?[0;39m - merging 2 and 3
[16:56:24.219] ?[34mINFO ?[0;39m ?[36mEndToEndTests?[0;39m - Loading /tmp/KeYslice16085282017077413354/exampleDuplicateOpen_slice1.proof
[16:56:27.351] ?[34mINFO ?[0;39m ?[36mDependencyAnalyzer?[0;39m - merging 3 and 4
[16:56:33.245] ?[34mINFO ?[0;39m ?[36mEndToEndTests?[0;39m - Loading /tmp/KeYslice17652812668490518756/exampleDuplicateOpen_slice2.proof
[16:56:36.209] ?[34mINFO ?[0;39m ?[36mDependencyAnalyzer?[0;39m - merging 4 and 5
[16:56:42.074] ?[34mINFO ?[0;39m ?[36mEndToEndTests?[0;39m - Loading /tmp/KeYslice10745204302635147316/exampleDuplicateOpen_slice3.proof
[16:56:50.913] ?[34mINFO ?[0;39m ?[36mEndToEndTests?[0;39m - Loading /home/runner/work/key/key/keyext.slicing/src/test/resources/testcase/cutExample.proof
[16:56:59.656] ?[34mINFO ?[0;39m ?[36mEndToEndTests?[0;39m - Loading /home/runner/work/key/key/keyext.slicing/src/test/resources/testcase/agathaOpenGoal.proof
[16:57:08.456] ?[34mINFO ?[0;39m ?[36mEndToEndTests?[0;39m - Loading /home/runner/work/key/key/keyext.slicing/src/test/resources/testcase/openGoal1.proof
[16:57:17.296] ?[34mINFO ?[0;39m ?[36mEndToEndTests?[0;39m - Loading /home/runner/work/key/key/keyext.slicing/src/test/resources/testcase/openGoal2.proof
[16:57:26.085] ?[34mINFO ?[0;39m ?[36mEndToEndTests?[0;39m - Loading /home/runner/work/key/key/keyext.slicing/src/test/resources/testcase/agatha.proof
[16:57:34.891] ?[34mINFO ?[0;39m ?[36mEndToEndTests?[0;39m - Loading /home/runner/work/key/key/keyext.slicing/src/test/resources/testcase/../../../../../key.ui/examples/heap/verifyThis15_2_ParallelGcd/parallelGcd.proof
]]></system-out>
  <system-err><![CDATA[]]></system-err>
</testsuite>
