<?xml version="1.0" encoding="UTF-8"?>
<testsuite name="de.uka.ilkd.key.parser.TestTermParser" tests="47" skipped="4" failures="0" errors="0" timestamp="2023-04-05T13:33:39" hostname="fv-az440-149" time="2.926">
  <properties/>
  <testcase name="testNotEqual()" classname="de.uka.ilkd.key.parser.TestTermParser" time="0.002"/>
  <testcase name="testProgramVariables()" classname="de.uka.ilkd.key.parser.TestTermParser" time="0.048"/>
  <testcase name="testAttributeWithSpecifiedSortOnObject()" classname="de.uka.ilkd.key.parser.TestTermParser" time="0.006"/>
  <testcase name="testCast()" classname="de.uka.ilkd.key.parser.TestTermParser" time="0.003"/>
  <testcase name="testJavaQueryAndAttribute_all()" classname="de.uka.ilkd.key.parser.TestTermParser" time="0.001">
    <skipped/>
  </testcase>
  <testcase name="test10()" classname="de.uka.ilkd.key.parser.TestTermParser" time="0.004"/>
  <testcase name="test11()" classname="de.uka.ilkd.key.parser.TestTermParser" time="0.002"/>
  <testcase name="test12()" classname="de.uka.ilkd.key.parser.TestTermParser" time="0.0">
    <skipped/>
  </testcase>
  <testcase name="test13()" classname="de.uka.ilkd.key.parser.TestTermParser" time="0.014"/>
  <testcase name="test14()" classname="de.uka.ilkd.key.parser.TestTermParser" time="0.003"/>
  <testcase name="test1a()" classname="de.uka.ilkd.key.parser.TestTermParser" time="0.003"/>
  <testcase name="testJavaAttributeAccess_4()" classname="de.uka.ilkd.key.parser.TestTermParser" time="0.004"/>
  <testcase name="testAttributeOnObject()" classname="de.uka.ilkd.key.parser.TestTermParser" time="0.002"/>
  <testcase name="testNegativeLiteralParsing1()" classname="de.uka.ilkd.key.parser.TestTermParser" time="0.002"/>
  <testcase name="testNegativeLiteralParsing2()" classname="de.uka.ilkd.key.parser.TestTermParser" time="0.001"/>
  <testcase name="testNegativeLiteralParsing3()" classname="de.uka.ilkd.key.parser.TestTermParser" time="0.001"/>
  <testcase name="xtestParsingArrayWithSpaces()" classname="de.uka.ilkd.key.parser.TestTermParser" time="0.0">
    <skipped/>
  </testcase>
  <testcase name="testAmbigiousFuncVarPred()" classname="de.uka.ilkd.key.parser.TestTermParser" time="0.001"/>
  <testcase name="test1()" classname="de.uka.ilkd.key.parser.TestTermParser" time="0.002"/>
  <testcase name="test2()" classname="de.uka.ilkd.key.parser.TestTermParser" time="0.002"/>
  <testcase name="test3()" classname="de.uka.ilkd.key.parser.TestTermParser" time="0.001"/>
  <testcase name="test5()" classname="de.uka.ilkd.key.parser.TestTermParser" time="0.002"/>
  <testcase name="test6()" classname="de.uka.ilkd.key.parser.TestTermParser" time="0.001"/>
  <testcase name="test7()" classname="de.uka.ilkd.key.parser.TestTermParser" time="0.001"/>
  <testcase name="test8()" classname="de.uka.ilkd.key.parser.TestTermParser" time="0.001"/>
  <testcase name="test9()" classname="de.uka.ilkd.key.parser.TestTermParser" time="0.001"/>
  <testcase name="testBindingUpdateTerm()" classname="de.uka.ilkd.key.parser.TestTermParser" time="0.002"/>
  <testcase name="testJavaStaticQuery()" classname="de.uka.ilkd.key.parser.TestTermParser" time="0.003"/>
  <testcase name="testInfix1()" classname="de.uka.ilkd.key.parser.TestTermParser" time="0.001"/>
  <testcase name="testInfix2()" classname="de.uka.ilkd.key.parser.TestTermParser" time="0.001"/>
  <testcase name="testInfix3()" classname="de.uka.ilkd.key.parser.TestTermParser" time="0.001"/>
  <testcase name="testInfix4()" classname="de.uka.ilkd.key.parser.TestTermParser" time="0.002"/>
  <testcase name="testIfThenElse()" classname="de.uka.ilkd.key.parser.TestTermParser" time="0.001"/>
  <testcase name="testJavaAttributeAccessBoth_1()" classname="de.uka.ilkd.key.parser.TestTermParser" time="0.002"/>
  <testcase name="testJavaAttributeAccessBoth_2()" classname="de.uka.ilkd.key.parser.TestTermParser" time="0.002"/>
  <testcase name="testJavaAttributeAccessBoth_3()" classname="de.uka.ilkd.key.parser.TestTermParser" time="0.002"/>
  <testcase name="testBindingUpdateTerm_1()" classname="de.uka.ilkd.key.parser.TestTermParser" time="0.002"/>
  <testcase name="testBindingUpdateTerm_3()" classname="de.uka.ilkd.key.parser.TestTermParser" time="0.003"/>
  <testcase name="testBindingUpdateTerm_4()" classname="de.uka.ilkd.key.parser.TestTermParser" time="0.001"/>
  <testcase name="testBindingUpdateTerm_5()" classname="de.uka.ilkd.key.parser.TestTermParser" time="0.001"/>
  <testcase name="testBindingUpdateTerm_6()" classname="de.uka.ilkd.key.parser.TestTermParser" time="0.002"/>
  <testcase name="testBindingUpdateTerm_7()" classname="de.uka.ilkd.key.parser.TestTermParser" time="0.001"/>
  <testcase name="testBindingUpdateTerm_8()" classname="de.uka.ilkd.key.parser.TestTermParser" time="0.001"/>
  <testcase name="testParsingArray()" classname="de.uka.ilkd.key.parser.TestTermParser" time="0.003"/>
  <testcase name="xtestBindingUpdateTermOldBindingAlternative()" classname="de.uka.ilkd.key.parser.TestTermParser" time="0.0">
    <skipped/>
  </testcase>
  <testcase name="testJavaStaticQueryWithParameter()" classname="de.uka.ilkd.key.parser.TestTermParser" time="0.003"/>
  <testcase name="testParsingArrayCombination()" classname="de.uka.ilkd.key.parser.TestTermParser" time="0.002"/>
  <system-out><![CDATA[257484     INFO  Test worker     d.u.i.k.n.KeyIO           Parsing took 0 ms 
257485     INFO  Test worker     d.u.i.k.n.KeyIO           MODE: declarations took 0 ms 
257486     WARN  Test worker     d.u.i.k.j.r.KeYCrossReferenceNameInfo Datatype T declared twice: Once in UNKNOWN:unknown and once in UNKNOWN:unknown, Keeping one from UNKNOWN:unknown 
257549     INFO  Test worker     d.u.i.k.n.KeyIO           Parsing took 0 ms 
257550     INFO  Test worker     d.u.i.k.n.KeyIO           MODE: declarations took 0 ms 
257597     WARN  Test worker     d.u.i.k.j.r.KeYCrossReferenceNameInfo Datatype T declared twice: Once in UNKNOWN:unknown and once in UNKNOWN:unknown, Keeping one from UNKNOWN:unknown 
257656     INFO  Test worker     d.u.i.k.n.KeyIO           Parsing took 0 ms 
257657     INFO  Test worker     d.u.i.k.n.KeyIO           MODE: declarations took 0 ms 
257662     WARN  Test worker     d.u.i.k.j.r.KeYCrossReferenceNameInfo Datatype T declared twice: Once in UNKNOWN:unknown and once in UNKNOWN:unknown, Keeping one from UNKNOWN:unknown 
257722     INFO  Test worker     d.u.i.k.n.KeyIO           Parsing took 0 ms 
257724     INFO  Test worker     d.u.i.k.n.KeyIO           MODE: declarations took 1 ms 
257725     WARN  Test worker     d.u.i.k.j.r.KeYCrossReferenceNameInfo Datatype T declared twice: Once in UNKNOWN:unknown and once in UNKNOWN:unknown, Keeping one from UNKNOWN:unknown 
257784     WARN  Test worker     d.u.i.k.j.r.KeYCrossReferenceNameInfo Datatype T declared twice: Once in UNKNOWN:unknown and once in UNKNOWN:unknown, Keeping one from UNKNOWN:unknown 
257843     INFO  Test worker     d.u.i.k.n.KeyIO           Parsing took 0 ms 
257844     INFO  Test worker     d.u.i.k.n.KeyIO           MODE: declarations took 0 ms 
257845     INFO  Test worker     d.u.i.k.p.TestTermParser  Out: \<{
  int x = 1;
  {
    int s = 2;
  }
}\> (equals(x,x)) 
257847     WARN  Test worker     d.u.i.k.j.r.KeYCrossReferenceNameInfo Datatype T declared twice: Once in UNKNOWN:unknown and once in UNKNOWN:unknown, Keeping one from UNKNOWN:unknown 
257905     INFO  Test worker     d.u.i.k.n.KeyIO           Parsing took 0 ms 
257905     INFO  Test worker     d.u.i.k.n.KeyIO           MODE: declarations took 0 ms 
257906     INFO  Test worker     d.u.i.k.p.TestTermParser  Out: \[{
  int x = 2;
  {
    String s = ""}";
  }
}\] (true) 
257907     WARN  Test worker     d.u.i.k.j.r.KeYCrossReferenceNameInfo Datatype T declared twice: Once in UNKNOWN:unknown and once in UNKNOWN:unknown, Keeping one from UNKNOWN:unknown 
257967     WARN  Test worker     d.u.i.k.j.r.KeYCrossReferenceNameInfo Datatype T declared twice: Once in UNKNOWN:unknown and once in UNKNOWN:unknown, Keeping one from UNKNOWN:unknown 
258031     INFO  Test worker     d.u.i.k.n.KeyIO           Parsing took 0 ms 
258031     INFO  Test worker     d.u.i.k.n.KeyIO           MODE: declarations took 0 ms 
258045     WARN  Test worker     d.u.i.k.j.r.KeYCrossReferenceNameInfo Datatype T declared twice: Once in UNKNOWN:unknown and once in UNKNOWN:unknown, Keeping one from UNKNOWN:unknown 
258107     INFO  Test worker     d.u.i.k.n.KeyIO           Parsing took 0 ms 
258107     INFO  Test worker     d.u.i.k.n.KeyIO           MODE: declarations took 0 ms 
258109     INFO  Test worker     d.u.i.k.p.TestTermParser  Out: \<{
  int[] i;
}\> (diamond(true)) 
258110     WARN  Test worker     d.u.i.k.j.r.KeYCrossReferenceNameInfo Datatype T declared twice: Once in UNKNOWN:unknown and once in UNKNOWN:unknown, Keeping one from UNKNOWN:unknown 
258173     INFO  Test worker     d.u.i.k.n.KeyIO           Parsing took 1 ms 
258173     INFO  Test worker     d.u.i.k.n.KeyIO           MODE: declarations took 0 ms 
258175     WARN  Test worker     d.u.i.k.j.r.KeYCrossReferenceNameInfo Datatype T declared twice: Once in UNKNOWN:unknown and once in UNKNOWN:unknown, Keeping one from UNKNOWN:unknown 
258234     INFO  Test worker     d.u.i.k.n.KeyIO           Parsing took 0 ms 
258235     INFO  Test worker     d.u.i.k.n.KeyIO           MODE: declarations took 0 ms 
258239     WARN  Test worker     d.u.i.k.j.r.KeYCrossReferenceNameInfo Datatype T declared twice: Once in UNKNOWN:unknown and once in UNKNOWN:unknown, Keeping one from UNKNOWN:unknown 
258298     INFO  Test worker     d.u.i.k.n.KeyIO           Parsing took 0 ms 
258298     INFO  Test worker     d.u.i.k.n.KeyIO           MODE: declarations took 0 ms 
258300     WARN  Test worker     d.u.i.k.j.r.KeYCrossReferenceNameInfo Datatype T declared twice: Once in UNKNOWN:unknown and once in UNKNOWN:unknown, Keeping one from UNKNOWN:unknown 
258359     INFO  Test worker     d.u.i.k.n.KeyIO           Parsing took 0 ms 
258359     INFO  Test worker     d.u.i.k.n.KeyIO           MODE: declarations took 0 ms 
258361     WARN  Test worker     d.u.i.k.j.r.KeYCrossReferenceNameInfo Datatype T declared twice: Once in UNKNOWN:unknown and once in UNKNOWN:unknown, Keeping one from UNKNOWN:unknown 
258420     INFO  Test worker     d.u.i.k.n.KeyIO           Parsing took 0 ms 
258420     INFO  Test worker     d.u.i.k.n.KeyIO           MODE: declarations took 0 ms 
258422     WARN  Test worker     d.u.i.k.j.r.KeYCrossReferenceNameInfo Datatype T declared twice: Once in UNKNOWN:unknown and once in UNKNOWN:unknown, Keeping one from UNKNOWN:unknown 
258481     INFO  Test worker     d.u.i.k.n.KeyIO           Parsing took 1 ms 
258481     INFO  Test worker     d.u.i.k.n.KeyIO           MODE: declarations took 0 ms 
258482     WARN  Test worker     d.u.i.k.j.r.KeYCrossReferenceNameInfo Datatype T declared twice: Once in UNKNOWN:unknown and once in UNKNOWN:unknown, Keeping one from UNKNOWN:unknown 
258542     WARN  Test worker     d.u.i.k.j.r.KeYCrossReferenceNameInfo Datatype T declared twice: Once in UNKNOWN:unknown and once in UNKNOWN:unknown, Keeping one from UNKNOWN:unknown 
258601     INFO  Test worker     d.u.i.k.n.KeyIO           Parsing took 0 ms 
258601     INFO  Test worker     d.u.i.k.n.KeyIO           MODE: declarations took 0 ms 
258602     WARN  Test worker     d.u.i.k.j.r.KeYCrossReferenceNameInfo Datatype T declared twice: Once in UNKNOWN:unknown and once in UNKNOWN:unknown, Keeping one from UNKNOWN:unknown 
258661     INFO  Test worker     d.u.i.k.n.KeyIO           Parsing took 0 ms 
258662     INFO  Test worker     d.u.i.k.n.KeyIO           MODE: declarations took 0 ms 
258663     WARN  Test worker     d.u.i.k.j.r.KeYCrossReferenceNameInfo Datatype T declared twice: Once in UNKNOWN:unknown and once in UNKNOWN:unknown, Keeping one from UNKNOWN:unknown 
258723     INFO  Test worker     d.u.i.k.n.KeyIO           Parsing took 1 ms 
258723     INFO  Test worker     d.u.i.k.n.KeyIO           MODE: declarations took 0 ms 
258724     WARN  Test worker     d.u.i.k.j.r.KeYCrossReferenceNameInfo Datatype T declared twice: Once in UNKNOWN:unknown and once in UNKNOWN:unknown, Keeping one from UNKNOWN:unknown 
258783     INFO  Test worker     d.u.i.k.n.KeyIO           Parsing took 0 ms 
258783     INFO  Test worker     d.u.i.k.n.KeyIO           MODE: declarations took 0 ms 
258784     WARN  Test worker     d.u.i.k.j.r.KeYCrossReferenceNameInfo Datatype T declared twice: Once in UNKNOWN:unknown and once in UNKNOWN:unknown, Keeping one from UNKNOWN:unknown 
258843     INFO  Test worker     d.u.i.k.n.KeyIO           Parsing took 0 ms 
258843     INFO  Test worker     d.u.i.k.n.KeyIO           MODE: declarations took 0 ms 
258845     WARN  Test worker     d.u.i.k.j.r.KeYCrossReferenceNameInfo Datatype T declared twice: Once in UNKNOWN:unknown and once in UNKNOWN:unknown, Keeping one from UNKNOWN:unknown 
258903     INFO  Test worker     d.u.i.k.n.KeyIO           Parsing took 0 ms 
258904     INFO  Test worker     d.u.i.k.n.KeyIO           MODE: declarations took 0 ms 
258905     WARN  Test worker     d.u.i.k.j.r.KeYCrossReferenceNameInfo Datatype T declared twice: Once in UNKNOWN:unknown and once in UNKNOWN:unknown, Keeping one from UNKNOWN:unknown 
258963     INFO  Test worker     d.u.i.k.n.KeyIO           Parsing took 0 ms 
258964     INFO  Test worker     d.u.i.k.n.KeyIO           MODE: declarations took 0 ms 
258965     WARN  Test worker     d.u.i.k.j.r.KeYCrossReferenceNameInfo Datatype T declared twice: Once in UNKNOWN:unknown and once in UNKNOWN:unknown, Keeping one from UNKNOWN:unknown 
259023     INFO  Test worker     d.u.i.k.n.KeyIO           Parsing took 0 ms 
259024     INFO  Test worker     d.u.i.k.n.KeyIO           MODE: declarations took 0 ms 
259025     WARN  Test worker     d.u.i.k.j.r.KeYCrossReferenceNameInfo Datatype T declared twice: Once in UNKNOWN:unknown and once in UNKNOWN:unknown, Keeping one from UNKNOWN:unknown 
259083     INFO  Test worker     d.u.i.k.n.KeyIO           Parsing took 0 ms 
259084     INFO  Test worker     d.u.i.k.n.KeyIO           MODE: declarations took 1 ms 
259085     WARN  Test worker     d.u.i.k.j.r.KeYCrossReferenceNameInfo Datatype T declared twice: Once in UNKNOWN:unknown and once in UNKNOWN:unknown, Keeping one from UNKNOWN:unknown 
259143     INFO  Test worker     d.u.i.k.n.KeyIO           Parsing took 0 ms 
259143     INFO  Test worker     d.u.i.k.n.KeyIO           MODE: declarations took 0 ms 
259145     WARN  Test worker     d.u.i.k.j.r.KeYCrossReferenceNameInfo Datatype T declared twice: Once in UNKNOWN:unknown and once in UNKNOWN:unknown, Keeping one from UNKNOWN:unknown 
259203     INFO  Test worker     d.u.i.k.n.KeyIO           Parsing took 0 ms 
259203     INFO  Test worker     d.u.i.k.n.KeyIO           MODE: declarations took 0 ms 
259206     WARN  Test worker     d.u.i.k.j.r.KeYCrossReferenceNameInfo Datatype T declared twice: Once in UNKNOWN:unknown and once in UNKNOWN:unknown, Keeping one from UNKNOWN:unknown 
259265     INFO  Test worker     d.u.i.k.n.KeyIO           Parsing took 0 ms 
259265     INFO  Test worker     d.u.i.k.n.KeyIO           MODE: declarations took 0 ms 
259266     WARN  Test worker     d.u.i.k.j.r.KeYCrossReferenceNameInfo Datatype T declared twice: Once in UNKNOWN:unknown and once in UNKNOWN:unknown, Keeping one from UNKNOWN:unknown 
259325     INFO  Test worker     d.u.i.k.n.KeyIO           Parsing took 0 ms 
259325     INFO  Test worker     d.u.i.k.n.KeyIO           MODE: declarations took 0 ms 
259326     WARN  Test worker     d.u.i.k.j.r.KeYCrossReferenceNameInfo Datatype T declared twice: Once in UNKNOWN:unknown and once in UNKNOWN:unknown, Keeping one from UNKNOWN:unknown 
259385     INFO  Test worker     d.u.i.k.n.KeyIO           Parsing took 0 ms 
259385     INFO  Test worker     d.u.i.k.n.KeyIO           MODE: declarations took 0 ms 
259386     WARN  Test worker     d.u.i.k.j.r.KeYCrossReferenceNameInfo Datatype T declared twice: Once in UNKNOWN:unknown and once in UNKNOWN:unknown, Keeping one from UNKNOWN:unknown 
259445     INFO  Test worker     d.u.i.k.n.KeyIO           Parsing took 0 ms 
259445     INFO  Test worker     d.u.i.k.n.KeyIO           MODE: declarations took 0 ms 
259447     WARN  Test worker     d.u.i.k.j.r.KeYCrossReferenceNameInfo Datatype T declared twice: Once in UNKNOWN:unknown and once in UNKNOWN:unknown, Keeping one from UNKNOWN:unknown 
259506     INFO  Test worker     d.u.i.k.n.KeyIO           Parsing took 0 ms 
259506     INFO  Test worker     d.u.i.k.n.KeyIO           MODE: declarations took 0 ms 
259507     WARN  Test worker     d.u.i.k.j.r.KeYCrossReferenceNameInfo Datatype T declared twice: Once in UNKNOWN:unknown and once in UNKNOWN:unknown, Keeping one from UNKNOWN:unknown 
259566     INFO  Test worker     d.u.i.k.n.KeyIO           Parsing took 0 ms 
259566     INFO  Test worker     d.u.i.k.n.KeyIO           MODE: declarations took 0 ms 
259568     WARN  Test worker     d.u.i.k.j.r.KeYCrossReferenceNameInfo Datatype T declared twice: Once in UNKNOWN:unknown and once in UNKNOWN:unknown, Keeping one from UNKNOWN:unknown 
259627     INFO  Test worker     d.u.i.k.n.KeyIO           Parsing took 0 ms 
259627     INFO  Test worker     d.u.i.k.n.KeyIO           MODE: declarations took 0 ms 
259629     WARN  Test worker     d.u.i.k.j.r.KeYCrossReferenceNameInfo Datatype T declared twice: Once in UNKNOWN:unknown and once in UNKNOWN:unknown, Keeping one from UNKNOWN:unknown 
259688     INFO  Test worker     d.u.i.k.n.KeyIO           Parsing took 0 ms 
259688     INFO  Test worker     d.u.i.k.n.KeyIO           MODE: declarations took 0 ms 
259690     WARN  Test worker     d.u.i.k.j.r.KeYCrossReferenceNameInfo Datatype T declared twice: Once in UNKNOWN:unknown and once in UNKNOWN:unknown, Keeping one from UNKNOWN:unknown 
259750     INFO  Test worker     d.u.i.k.n.KeyIO           Parsing took 1 ms 
259750     INFO  Test worker     d.u.i.k.n.KeyIO           MODE: declarations took 0 ms 
259751     WARN  Test worker     d.u.i.k.j.r.KeYCrossReferenceNameInfo Datatype T declared twice: Once in UNKNOWN:unknown and once in UNKNOWN:unknown, Keeping one from UNKNOWN:unknown 
259810     INFO  Test worker     d.u.i.k.n.KeyIO           Parsing took 0 ms 
259810     INFO  Test worker     d.u.i.k.n.KeyIO           MODE: declarations took 0 ms 
259813     WARN  Test worker     d.u.i.k.j.r.KeYCrossReferenceNameInfo Datatype T declared twice: Once in UNKNOWN:unknown and once in UNKNOWN:unknown, Keeping one from UNKNOWN:unknown 
259923     INFO  Test worker     d.u.i.k.n.KeyIO           Parsing took 1 ms 
259923     INFO  Test worker     d.u.i.k.n.KeyIO           MODE: declarations took 0 ms 
259924     WARN  Test worker     d.u.i.k.j.r.KeYCrossReferenceNameInfo Datatype T declared twice: Once in UNKNOWN:unknown and once in UNKNOWN:unknown, Keeping one from UNKNOWN:unknown 
259982     INFO  Test worker     d.u.i.k.n.KeyIO           Parsing took 0 ms 
259982     INFO  Test worker     d.u.i.k.n.KeyIO           MODE: declarations took 0 ms 
259984     WARN  Test worker     d.u.i.k.j.r.KeYCrossReferenceNameInfo Datatype T declared twice: Once in UNKNOWN:unknown and once in UNKNOWN:unknown, Keeping one from UNKNOWN:unknown 
260042     INFO  Test worker     d.u.i.k.n.KeyIO           Parsing took 0 ms 
260043     INFO  Test worker     d.u.i.k.n.KeyIO           MODE: declarations took 0 ms 
260044     WARN  Test worker     d.u.i.k.j.r.KeYCrossReferenceNameInfo Datatype T declared twice: Once in UNKNOWN:unknown and once in UNKNOWN:unknown, Keeping one from UNKNOWN:unknown 
260103     INFO  Test worker     d.u.i.k.n.KeyIO           Parsing took 0 ms 
260103     INFO  Test worker     d.u.i.k.n.KeyIO           MODE: declarations took 0 ms 
260105     WARN  Test worker     d.u.i.k.j.r.KeYCrossReferenceNameInfo Datatype T declared twice: Once in UNKNOWN:unknown and once in UNKNOWN:unknown, Keeping one from UNKNOWN:unknown 
260164     INFO  Test worker     d.u.i.k.n.KeyIO           Parsing took 0 ms 
260164     INFO  Test worker     d.u.i.k.n.KeyIO           MODE: declarations took 0 ms 
260166     WARN  Test worker     d.u.i.k.j.r.KeYCrossReferenceNameInfo Datatype T declared twice: Once in UNKNOWN:unknown and once in UNKNOWN:unknown, Keeping one from UNKNOWN:unknown 
260225     INFO  Test worker     d.u.i.k.n.KeyIO           Parsing took 1 ms 
260225     INFO  Test worker     d.u.i.k.n.KeyIO           MODE: declarations took 0 ms 
260227     WARN  Test worker     d.u.i.k.j.r.KeYCrossReferenceNameInfo Datatype T declared twice: Once in UNKNOWN:unknown and once in UNKNOWN:unknown, Keeping one from UNKNOWN:unknown 
260286     WARN  Test worker     d.u.i.k.j.r.KeYCrossReferenceNameInfo Datatype T declared twice: Once in UNKNOWN:unknown and once in UNKNOWN:unknown, Keeping one from UNKNOWN:unknown 
260345     INFO  Test worker     d.u.i.k.n.KeyIO           Parsing took 0 ms 
260345     INFO  Test worker     d.u.i.k.n.KeyIO           MODE: declarations took 0 ms 
260348     WARN  Test worker     d.u.i.k.j.r.KeYCrossReferenceNameInfo Datatype T declared twice: Once in UNKNOWN:unknown and once in UNKNOWN:unknown, Keeping one from UNKNOWN:unknown 
260407     INFO  Test worker     d.u.i.k.n.KeyIO           Parsing took 0 ms 
260407     INFO  Test worker     d.u.i.k.n.KeyIO           MODE: declarations took 0 ms 
]]></system-out>
  <system-err><![CDATA[]]></system-err>
</testsuite>
