<?xml version="1.0" encoding="UTF-8"?>
<testsuite name="de.uka.ilkd.key.nparser.ExprTest" tests="23" skipped="0" failures="0" errors="0" timestamp="2023-04-05T13:32:11" hostname="fv-az440-149" time="1.824">
  <properties/>
  <testcase name="[1] (bprod{int y;}(1, 2, y) = 0)" classname="de.uka.ilkd.key.nparser.ExprTest" time="0.013"/>
  <testcase name="[2] 1 = 1 -&gt; 2 = 2" classname="de.uka.ilkd.key.nparser.ExprTest" time="0.01"/>
  <testcase name="[3] \&lt; { int x = 1; } \&gt; x=1" classname="de.uka.ilkd.key.nparser.ExprTest" time="0.831"/>
  <testcase name="[4] \&lt;{ int x = 1; {int s = 2;} }\&gt; x=x" classname="de.uka.ilkd.key.nparser.ExprTest" time="0.772"/>
  <testcase name="[5] true" classname="de.uka.ilkd.key.nparser.ExprTest" time="0.011"/>
  <testcase name="[6] true &amp; false" classname="de.uka.ilkd.key.nparser.ExprTest" time="0.011"/>
  <testcase name="[7] 0" classname="de.uka.ilkd.key.nparser.ExprTest" time="0.01"/>
  <testcase name="[8] 1" classname="de.uka.ilkd.key.nparser.ExprTest" time="0.01"/>
  <testcase name="[9] 42" classname="de.uka.ilkd.key.nparser.ExprTest" time="0.01"/>
  <testcase name="[10] -5" classname="de.uka.ilkd.key.nparser.ExprTest" time="0.01"/>
  <testcase name="[11] 1 + 1 = 2" classname="de.uka.ilkd.key.nparser.ExprTest" time="0.009"/>
  <testcase name="[12] \if (3=4) \then (1) \else (2)" classname="de.uka.ilkd.key.nparser.ExprTest" time="0.009"/>
  <testcase name="[13] \if (3=4 &amp; 1=1) \then (\if (3=4) \then (1) \else (2)) \else (2)" classname="de.uka.ilkd.key.nparser.ExprTest" time="0.01"/>
  <testcase name="[14] aa + bb*cc" classname="de.uka.ilkd.key.nparser.ExprTest" time="0.01"/>
  <testcase name="[15] aa%bb*cc &lt; -123" classname="de.uka.ilkd.key.nparser.ExprTest" time="0.01"/>
  <testcase name="[16] \forall int x; true" classname="de.uka.ilkd.key.nparser.ExprTest" time="0.01"/>
  <testcase name="[17] \forall numbers x; x = x" classname="de.uka.ilkd.key.nparser.ExprTest" time="0.009"/>
  <testcase name="[18] (int)3+2" classname="de.uka.ilkd.key.nparser.ExprTest" time="0.009"/>
  <testcase name="[19] 1.f + 1f = 20e-1f * (2f-1f)" classname="de.uka.ilkd.key.nparser.ExprTest" time="0.01"/>
  <testcase name="[20] 1.d + 1d &lt;= 20e+1d * .01d" classname="de.uka.ilkd.key.nparser.ExprTest" time="0.01"/>
  <testcase name="[21] 1f &lt;= 2f" classname="de.uka.ilkd.key.nparser.ExprTest" time="0.009"/>
  <testcase name="[22] 2d &gt; 1d" classname="de.uka.ilkd.key.nparser.ExprTest" time="0.01"/>
  <testcase name="[23] seqEmpty + seqEmpty" classname="de.uka.ilkd.key.nparser.ExprTest" time="0.01"/>
  <system-out><![CDATA[169137     INFO  Test worker     d.u.i.k.n.KeyIO           Parsing took 9 ms 
169138     INFO  Test worker     d.u.i.k.n.KeyIO           MODE: declarations took 1 ms 
169140     INFO  Test worker     d.u.i.k.n.ExprTest        Term: equals(bprod{y:int}(Z(1(#)),Z(2(#)),y),Z(0(#))) 
169148     INFO  Test worker     d.u.i.k.n.KeyIO           Parsing took 6 ms 
169149     INFO  Test worker     d.u.i.k.n.KeyIO           MODE: declarations took 1 ms 
169150     INFO  Test worker     d.u.i.k.n.ExprTest        Term: imp(equals(Z(1(#)),Z(1(#))),equals(Z(2(#)),Z(2(#)))) 
169158     INFO  Test worker     d.u.i.k.n.KeyIO           Parsing took 6 ms 
169159     INFO  Test worker     d.u.i.k.n.KeyIO           MODE: declarations took 1 ms 
169979     INFO  Test worker     d.u.i.k.n.ExprTest        Term: \<{
  int x = 1;
}\> (equals(x,Z(1(#)))) 
169990     INFO  Test worker     d.u.i.k.n.KeyIO           Parsing took 7 ms 
169991     INFO  Test worker     d.u.i.k.n.KeyIO           MODE: declarations took 1 ms 
170753     INFO  Test worker     d.u.i.k.n.ExprTest        Term: \<{
  int x = 1;
  {
    int s = 2;
  }
}\> (equals(x,x)) 
170762     INFO  Test worker     d.u.i.k.n.KeyIO           Parsing took 7 ms 
170763     INFO  Test worker     d.u.i.k.n.KeyIO           MODE: declarations took 1 ms 
170765     INFO  Test worker     d.u.i.k.n.ExprTest        Term: true 
170773     INFO  Test worker     d.u.i.k.n.KeyIO           Parsing took 6 ms 
170774     INFO  Test worker     d.u.i.k.n.KeyIO           MODE: declarations took 1 ms 
170776     INFO  Test worker     d.u.i.k.n.ExprTest        Term: and(true,false) 
170784     INFO  Test worker     d.u.i.k.n.KeyIO           Parsing took 7 ms 
170785     INFO  Test worker     d.u.i.k.n.KeyIO           MODE: declarations took 1 ms 
170786     INFO  Test worker     d.u.i.k.n.ExprTest        Term: Z(0(#)) 
170794     INFO  Test worker     d.u.i.k.n.KeyIO           Parsing took 6 ms 
170795     INFO  Test worker     d.u.i.k.n.KeyIO           MODE: declarations took 1 ms 
170797     INFO  Test worker     d.u.i.k.n.ExprTest        Term: Z(1(#)) 
170805     INFO  Test worker     d.u.i.k.n.KeyIO           Parsing took 7 ms 
170805     INFO  Test worker     d.u.i.k.n.KeyIO           MODE: declarations took 0 ms 
170807     INFO  Test worker     d.u.i.k.n.ExprTest        Term: Z(2(4(#))) 
170815     INFO  Test worker     d.u.i.k.n.KeyIO           Parsing took 6 ms 
170815     INFO  Test worker     d.u.i.k.n.KeyIO           MODE: declarations took 0 ms 
170817     INFO  Test worker     d.u.i.k.n.ExprTest        Term: Z(neglit(5(#))) 
170825     INFO  Test worker     d.u.i.k.n.KeyIO           Parsing took 6 ms 
170826     INFO  Test worker     d.u.i.k.n.KeyIO           MODE: declarations took 1 ms 
170827     INFO  Test worker     d.u.i.k.n.ExprTest        Term: equals(add(Z(1(#)),Z(1(#))),Z(2(#))) 
170835     INFO  Test worker     d.u.i.k.n.KeyIO           Parsing took 6 ms 
170836     INFO  Test worker     d.u.i.k.n.KeyIO           MODE: declarations took 1 ms 
170838     INFO  Test worker     d.u.i.k.n.ExprTest        Term: if-then-else(equals(Z(3(#)),Z(4(#))),Z(1(#)),Z(2(#))) 
170845     INFO  Test worker     d.u.i.k.n.KeyIO           Parsing took 6 ms 
170846     INFO  Test worker     d.u.i.k.n.KeyIO           MODE: declarations took 1 ms 
170848     INFO  Test worker     d.u.i.k.n.ExprTest        Term: if-then-else(and(equals(Z(3(#)),Z(4(#))),equals(Z(1(#)),Z(1(#)))),if-then-else(equals(Z(3(#)),Z(4(#))),Z(1(#)),Z(2(#))),Z(2(#))) 
170855     INFO  Test worker     d.u.i.k.n.KeyIO           Parsing took 6 ms 
170856     INFO  Test worker     d.u.i.k.n.KeyIO           MODE: declarations took 1 ms 
170858     INFO  Test worker     d.u.i.k.n.ExprTest        Term: add(aa,mul(bb,cc)) 
170866     INFO  Test worker     d.u.i.k.n.KeyIO           Parsing took 7 ms 
170867     INFO  Test worker     d.u.i.k.n.KeyIO           MODE: declarations took 1 ms 
170868     INFO  Test worker     d.u.i.k.n.ExprTest        Term: lt(mul(mod(aa,bb),cc),Z(neglit(3(2(1(#)))))) 
170877     INFO  Test worker     d.u.i.k.n.KeyIO           Parsing took 7 ms 
170877     INFO  Test worker     d.u.i.k.n.KeyIO           MODE: declarations took 0 ms 
170879     INFO  Test worker     d.u.i.k.n.ExprTest        Term: all{x:int}(true) 
170887     INFO  Test worker     d.u.i.k.n.KeyIO           Parsing took 6 ms 
170888     INFO  Test worker     d.u.i.k.n.KeyIO           MODE: declarations took 1 ms 
170889     INFO  Test worker     d.u.i.k.n.ExprTest        Term: all{x:numbers}(equals(x,x)) 
170897     INFO  Test worker     d.u.i.k.n.KeyIO           Parsing took 6 ms 
170898     INFO  Test worker     d.u.i.k.n.KeyIO           MODE: declarations took 1 ms 
170899     INFO  Test worker     d.u.i.k.n.ExprTest        Term: add(int::cast(Z(3(#))),Z(2(#))) 
170907     INFO  Test worker     d.u.i.k.n.KeyIO           Parsing took 6 ms 
170908     INFO  Test worker     d.u.i.k.n.KeyIO           MODE: declarations took 1 ms 
170910     INFO  Test worker     d.u.i.k.n.ExprTest        Term: equals(addFloat(FP(6(1(2(3(5(3(5(6(0(1(#))))))))))),FP(6(1(2(3(5(3(5(6(0(1(#)))))))))))),mulFloat(FP(4(2(8(1(4(7(3(7(0(1(#))))))))))),subFloat(FP(4(2(8(1(4(7(3(7(0(1(#))))))))))),FP(6(1(2(3(5(3(5(6(0(1(#)))))))))))))) 
170917     INFO  Test worker     d.u.i.k.n.KeyIO           Parsing took 6 ms 
170918     INFO  Test worker     d.u.i.k.n.KeyIO           MODE: declarations took 1 ms 
170920     INFO  Test worker     d.u.i.k.n.ExprTest        Term: leqDouble(addDouble(DFP(8(0(4(7(1(0(0(0(8(8(1(4(2(8(1(7(0(6(4(#)))))))))))))))))))),DFP(8(0(4(7(1(0(0(0(8(8(1(4(2(8(1(7(0(6(4(#))))))))))))))))))))),mulDouble(DFP(4(8(7(6(0(0(2(8(9(0(9(8(0(4(2(1(4(6(4(#)))))))))))))))))))),DFP(5(7(6(7(8(0(4(0(3(9(2(2(8(1(9(6(7(5(4(#)))))))))))))))))))))) 
170927     INFO  Test worker     d.u.i.k.n.KeyIO           Parsing took 6 ms 
170928     INFO  Test worker     d.u.i.k.n.KeyIO           MODE: declarations took 1 ms 
170930     INFO  Test worker     d.u.i.k.n.ExprTest        Term: leqFloat(FP(6(1(2(3(5(3(5(6(0(1(#))))))))))),FP(4(2(8(1(4(7(3(7(0(1(#)))))))))))) 
170938     INFO  Test worker     d.u.i.k.n.KeyIO           Parsing took 7 ms 
170938     INFO  Test worker     d.u.i.k.n.KeyIO           MODE: declarations took 0 ms 
170940     INFO  Test worker     d.u.i.k.n.ExprTest        Term: gtDouble(DFP(4(0(9(7(8(3(7(2(4(8(1(0(6(8(6(1(1(6(4(#)))))))))))))))))))),DFP(8(0(4(7(1(0(0(0(8(8(1(4(2(8(1(7(0(6(4(#))))))))))))))))))))) 
170947     INFO  Test worker     d.u.i.k.n.KeyIO           Parsing took 6 ms 
170948     INFO  Test worker     d.u.i.k.n.KeyIO           MODE: declarations took 1 ms 
170950     INFO  Test worker     d.u.i.k.n.ExprTest        Term: seqConcat(seqEmpty,seqEmpty) 
]]></system-out>
  <system-err><![CDATA[]]></system-err>
</testsuite>
