<?xml version="1.0" encoding="UTF-8"?>
<testsuite name="de.uka.ilkd.key.proof_references.testcase.TestProofReferenceUtil" tests="5" skipped="0" failures="0" errors="0" timestamp="2023-04-07T19:58:15" hostname="fv-az358-732" time="16.431">
  <properties/>
  <testcase name="testReferenceComputation_ContractOnly()" classname="de.uka.ilkd.key.proof_references.testcase.TestProofReferenceUtil" time="5.733"/>
  <testcase name="testReferenceComputation_ExpandAndContract()" classname="de.uka.ilkd.key.proof_references.testcase.TestProofReferenceUtil" time="2.78"/>
  <testcase name="testReferenceComputation_NoAnalysts()" classname="de.uka.ilkd.key.proof_references.testcase.TestProofReferenceUtil" time="2.668"/>
  <testcase name="testReferenceComputation_ExpandOnly()" classname="de.uka.ilkd.key.proof_references.testcase.TestProofReferenceUtil" time="2.607"/>
  <testcase name="testReferenceComputation_DefaultAnalysts()" classname="de.uka.ilkd.key.proof_references.testcase.TestProofReferenceUtil" time="2.62"/>
  <system-out><![CDATA[]]></system-out>
  <system-err><![CDATA[]]></system-err>
</testsuite>
