<?xml version="1.0" encoding="UTF-8"?>
<testsuite name="de.uka.ilkd.key.testcase.smt.ce.TestCE" tests="12" skipped="0" failures="0" errors="0" timestamp="2023-04-18T01:21:06" hostname="fv-az615-467" time="13.178">
  <properties/>
  <testcase name="testOverFlow1()" classname="de.uka.ilkd.key.testcase.smt.ce.TestCE" time="0.084"/>
  <testcase name="testOverFlow2()" classname="de.uka.ilkd.key.testcase.smt.ce.TestCE" time="0.002"/>
  <testcase name="testMiddle()" classname="de.uka.ilkd.key.testcase.smt.ce.TestCE" time="13.063"/>
  <testcase name="testTypes1()" classname="de.uka.ilkd.key.testcase.smt.ce.TestCE" time="0.001"/>
  <testcase name="testTypes2()" classname="de.uka.ilkd.key.testcase.smt.ce.TestCE" time="0.001"/>
  <testcase name="testTypes3()" classname="de.uka.ilkd.key.testcase.smt.ce.TestCE" time="0.0"/>
  <testcase name="testTypes4()" classname="de.uka.ilkd.key.testcase.smt.ce.TestCE" time="0.001"/>
  <testcase name="testTypes5()" classname="de.uka.ilkd.key.testcase.smt.ce.TestCE" time="0.004"/>
  <testcase name="testTypes6()" classname="de.uka.ilkd.key.testcase.smt.ce.TestCE" time="0.001"/>
  <testcase name="testTypes7()" classname="de.uka.ilkd.key.testcase.smt.ce.TestCE" time="0.001"/>
  <testcase name="testTypes8()" classname="de.uka.ilkd.key.testcase.smt.ce.TestCE" time="0.004"/>
  <testcase name="testTypes9()" classname="de.uka.ilkd.key.testcase.smt.ce.TestCE" time="0.0"/>
  <system-out><![CDATA[01:21:06,234 |-INFO in ch.qos.logback.classic.LoggerContext[default] - This is logback-classic version 1.4.6
01:21:06,259 |-INFO in ch.qos.logback.classic.LoggerContext[default] - Could NOT find resource [logback-test.xml]
01:21:06,265 |-INFO in ch.qos.logback.classic.LoggerContext[default] - Found resource [logback.xml] at [file:/home/runner/work/key/key/key.core.testgen/build/resources/test/logback.xml]
01:21:06,377 |-INFO in ch.qos.logback.core.model.processor.AppenderModelHandler - Processing appender named [STDOUT]
01:21:06,377 |-INFO in ch.qos.logback.core.model.processor.AppenderModelHandler - About to instantiate appender of type [ch.qos.logback.core.ConsoleAppender]
01:21:06,383 |-WARN in ch.qos.logback.core.model.processor.ImplicitModelHandler - Ignoring unknown property [file] in [ch.qos.logback.core.ConsoleAppender]
01:21:06,383 |-WARN in ch.qos.logback.core.model.processor.ImplicitModelHandler - Ignoring unknown property [append] in [ch.qos.logback.core.ConsoleAppender]
01:21:06,384 |-INFO in ch.qos.logback.core.model.processor.ImplicitModelHandler - Assuming default type [ch.qos.logback.classic.encoder.PatternLayoutEncoder] for [encoder] property
01:21:06,403 |-INFO in ch.qos.logback.classic.model.processor.RootLoggerModelHandler - Setting level of ROOT logger to WARN
01:21:06,404 |-INFO in ch.qos.logback.core.model.processor.AppenderRefModelHandler - Attaching appender named [STDOUT] to Logger[ROOT]
01:21:06,406 |-INFO in ch.qos.logback.core.model.processor.DefaultProcessor@61f05988 - End of configuration.
01:21:06,406 |-INFO in ch.qos.logback.classic.joran.JoranConfigurator@7ca33c24 - Registering current configuration as safe fallback point

346        WARN  Test worker     d.u.i.k.t.s.c.TestCE      Warning: Z3_CE is not installed, tests skipped. 
350        WARN  Test worker     d.u.i.k.t.s.c.TestCE      Maybe use JVM system property "z3SolverPath" to define the path to the Z3 command. 
387        WARN  Test worker     d.u.i.k.s.ProofIndependentSettings The settings in /home/runner/.key/proofIndependentSettings.props are *not* read due to flag 'key.disregardSettings' 
499        WARN  Test worker     d.u.i.k.n.ParsingFacade   /home/runner/work/key/key/key.core.testgen/src/test/resources/testcase/smt/ce/middle.key took 15 ms to parse. 
500        WARN  Test worker     d.u.i.k.n.ParsingFacade   Parsing time 15 ms. 
642        WARN  Test worker     d.u.i.k.s.ProofSettings   The settings in /home/runner/.key/proof-settings.props are *not* read. 
650        WARN  Test worker     d.u.i.k.n.ParsingFacade   jar:file:/home/runner/work/key/key/key.core/build/libs/key.core-2.11.0.jar!/de/uka/ilkd/key/proof/rules/standardRules.key took 6 ms to parse. 
650        WARN  Test worker     d.u.i.k.n.ParsingFacade   Parsing time 21 ms. 
797        WARN  Test worker     d.u.i.k.n.ParsingFacade   jar:file:/home/runner/work/key/key/key.core/build/libs/key.core-2.11.0.jar!/de/uka/ilkd/key/proof/rules/ldt.key took 3 ms to parse. 
797        WARN  Test worker     d.u.i.k.n.ParsingFacade   Parsing time 24 ms. 
811        WARN  Test worker     d.u.i.k.n.ParsingFacade   jar:file:/home/runner/work/key/key/key.core/build/libs/key.core-2.11.0.jar!/de/uka/ilkd/key/proof/rules/boolean.key took 3 ms to parse. 
811        WARN  Test worker     d.u.i.k.n.ParsingFacade   Parsing time 27 ms. 
838        WARN  Test worker     d.u.i.k.n.ParsingFacade   jar:file:/home/runner/work/key/key/key.core/build/libs/key.core-2.11.0.jar!/de/uka/ilkd/key/proof/rules/ruleSetsDeclarations.key took 17 ms to parse. 
839        WARN  Test worker     d.u.i.k.n.ParsingFacade   Parsing time 44 ms. 
886        WARN  Test worker     d.u.i.k.n.ParsingFacade   jar:file:/home/runner/work/key/key/key.core/build/libs/key.core-2.11.0.jar!/de/uka/ilkd/key/proof/rules/integerHeader.key took 13 ms to parse. 
887        WARN  Test worker     d.u.i.k.n.ParsingFacade   Parsing time 57 ms. 
896        WARN  Test worker     d.u.i.k.n.ParsingFacade   jar:file:/home/runner/work/key/key/key.core/build/libs/key.core-2.11.0.jar!/de/uka/ilkd/key/proof/rules/floatHeader.key took 7 ms to parse. 
911        WARN  Test worker     d.u.i.k.n.ParsingFacade   Parsing time 64 ms. 
915        WARN  Test worker     d.u.i.k.n.ParsingFacade   jar:file:/home/runner/work/key/key/key.core/build/libs/key.core-2.11.0.jar!/de/uka/ilkd/key/proof/rules/heap.key took 2 ms to parse. 
915        WARN  Test worker     d.u.i.k.n.ParsingFacade   Parsing time 66 ms. 
919        WARN  Test worker     d.u.i.k.n.ParsingFacade   jar:file:/home/runner/work/key/key/key.core/build/libs/key.core-2.11.0.jar!/de/uka/ilkd/key/proof/rules/locSets.key took 1 ms to parse. 
919        WARN  Test worker     d.u.i.k.n.ParsingFacade   Parsing time 67 ms. 
921        WARN  Test worker     d.u.i.k.n.ParsingFacade   jar:file:/home/runner/work/key/key/key.core/build/libs/key.core-2.11.0.jar!/de/uka/ilkd/key/proof/rules/permission.key took 1 ms to parse. 
922        WARN  Test worker     d.u.i.k.n.ParsingFacade   Parsing time 68 ms. 
923        WARN  Test worker     d.u.i.k.n.ParsingFacade   jar:file:/home/runner/work/key/key/key.core/build/libs/key.core-2.11.0.jar!/de/uka/ilkd/key/proof/rules/reach.key took 0 ms to parse. 
923        WARN  Test worker     d.u.i.k.n.ParsingFacade   Parsing time 68 ms. 
924        WARN  Test worker     d.u.i.k.n.ParsingFacade   jar:file:/home/runner/work/key/key/key.core/build/libs/key.core-2.11.0.jar!/de/uka/ilkd/key/proof/rules/seq.key took 0 ms to parse. 
925        WARN  Test worker     d.u.i.k.n.ParsingFacade   Parsing time 68 ms. 
974        WARN  Test worker     d.u.i.k.n.ParsingFacade   jar:file:/home/runner/work/key/key/key.core/build/libs/key.core-2.11.0.jar!/de/uka/ilkd/key/proof/rules/map.key took 48 ms to parse. 
981        WARN  Test worker     d.u.i.k.n.ParsingFacade   Parsing time 116 ms. 
983        WARN  Test worker     d.u.i.k.n.ParsingFacade   jar:file:/home/runner/work/key/key/key.core/build/libs/key.core-2.11.0.jar!/de/uka/ilkd/key/proof/rules/freeADT.key took 0 ms to parse. 
984        WARN  Test worker     d.u.i.k.n.ParsingFacade   Parsing time 116 ms. 
986        WARN  Test worker     d.u.i.k.n.ParsingFacade   jar:file:/home/runner/work/key/key/key.core/build/libs/key.core-2.11.0.jar!/de/uka/ilkd/key/proof/rules/wellfound.key took 1 ms to parse. 
986        WARN  Test worker     d.u.i.k.n.ParsingFacade   Parsing time 117 ms. 
988        WARN  Test worker     d.u.i.k.n.ParsingFacade   jar:file:/home/runner/work/key/key/key.core/build/libs/key.core-2.11.0.jar!/de/uka/ilkd/key/proof/rules/charListHeader.key took 0 ms to parse. 
990        WARN  Test worker     d.u.i.k.n.ParsingFacade   Parsing time 117 ms. 
1182       WARN  Test worker     d.u.i.k.n.ParsingFacade   jar:file:/home/runner/work/key/key/key.core/build/libs/key.core-2.11.0.jar!/de/uka/ilkd/key/proof/rules/propRule.key took 6 ms to parse. 
1182       WARN  Test worker     d.u.i.k.n.ParsingFacade   Parsing time 123 ms. 
1222       WARN  Test worker     d.u.i.k.n.ParsingFacade   jar:file:/home/runner/work/key/key/key.core/build/libs/key.core-2.11.0.jar!/de/uka/ilkd/key/proof/rules/firstOrderRules.key took 3 ms to parse. 
1222       WARN  Test worker     d.u.i.k.n.ParsingFacade   Parsing time 126 ms. 
1270       WARN  Test worker     d.u.i.k.n.ParsingFacade   jar:file:/home/runner/work/key/key/key.core/build/libs/key.core-2.11.0.jar!/de/uka/ilkd/key/proof/rules/ifThenElseRules.key took 5 ms to parse. 
1271       WARN  Test worker     d.u.i.k.n.ParsingFacade   Parsing time 131 ms. 
1318       WARN  Test worker     d.u.i.k.n.ParsingFacade   jar:file:/home/runner/work/key/key/key.core/build/libs/key.core-2.11.0.jar!/de/uka/ilkd/key/proof/rules/formulaNormalisationRules.key took 11 ms to parse. 
1318       WARN  Test worker     d.u.i.k.n.ParsingFacade   Parsing time 142 ms. 
1425       WARN  Test worker     d.u.i.k.n.ParsingFacade   jar:file:/home/runner/work/key/key/key.core/build/libs/key.core-2.11.0.jar!/de/uka/ilkd/key/proof/rules/updateRules.key took 4 ms to parse. 
1425       WARN  Test worker     d.u.i.k.n.ParsingFacade   Parsing time 146 ms. 
1457       WARN  Test worker     d.u.i.k.n.ParsingFacade   jar:file:/home/runner/work/key/key/key.core/build/libs/key.core-2.11.0.jar!/de/uka/ilkd/key/proof/rules/integerRulesCommon.key took 7 ms to parse. 
1457       WARN  Test worker     d.u.i.k.n.ParsingFacade   Parsing time 153 ms. 
1558       WARN  Test worker     d.u.i.k.n.ParsingFacade   jar:file:/home/runner/work/key/key/key.core/build/libs/key.core-2.11.0.jar!/de/uka/ilkd/key/proof/rules/intRules.key took 4 ms to parse. 
1559       WARN  Test worker     d.u.i.k.n.ParsingFacade   Parsing time 157 ms. 
1575       WARN  Test worker     d.u.i.k.n.ParsingFacade   jar:file:/home/runner/work/key/key/key.core/build/libs/key.core-2.11.0.jar!/de/uka/ilkd/key/proof/rules/intRulesUncheckedSemantics.key took 3 ms to parse. 
1575       WARN  Test worker     d.u.i.k.n.ParsingFacade   Parsing time 160 ms. 
1585       WARN  Test worker     d.u.i.k.n.ParsingFacade   jar:file:/home/runner/work/key/key/key.core/build/libs/key.core-2.11.0.jar!/de/uka/ilkd/key/proof/rules/intRulesCheckedSemantics.key took 1 ms to parse. 
1585       WARN  Test worker     d.u.i.k.n.ParsingFacade   Parsing time 161 ms. 
1593       WARN  Test worker     d.u.i.k.n.ParsingFacade   jar:file:/home/runner/work/key/key/key.core/build/libs/key.core-2.11.0.jar!/de/uka/ilkd/key/proof/rules/intRulesJavaSemantics.key took 2 ms to parse. 
1594       WARN  Test worker     d.u.i.k.n.ParsingFacade   Parsing time 163 ms. 
1704       WARN  Test worker     d.u.i.k.n.ParsingFacade   jar:file:/home/runner/work/key/key/key.core/build/libs/key.core-2.11.0.jar!/de/uka/ilkd/key/proof/rules/integerSimplificationRules.key took 96 ms to parse. 
1704       WARN  Test worker     d.u.i.k.n.ParsingFacade   Parsing time 259 ms. 
1962       WARN  Test worker     d.u.i.k.n.ParsingFacade   jar:file:/home/runner/work/key/key/key.core/build/libs/key.core-2.11.0.jar!/de/uka/ilkd/key/proof/rules/intDiv.key took 11 ms to parse. 
1963       WARN  Test worker     d.u.i.k.n.ParsingFacade   Parsing time 270 ms. 
2032       WARN  Test worker     d.u.i.k.n.ParsingFacade   jar:file:/home/runner/work/key/key/key.core/build/libs/key.core-2.11.0.jar!/de/uka/ilkd/key/proof/rules/bsum.key took 18 ms to parse. 
2033       WARN  Test worker     d.u.i.k.n.ParsingFacade   Parsing time 288 ms. 
2102       WARN  Test worker     d.u.i.k.n.ParsingFacade   jar:file:/home/runner/work/key/key/key.core/build/libs/key.core-2.11.0.jar!/de/uka/ilkd/key/proof/rules/bprod.key took 4 ms to parse. 
2103       WARN  Test worker     d.u.i.k.n.ParsingFacade   Parsing time 292 ms. 
2125       WARN  Test worker     d.u.i.k.n.ParsingFacade   jar:file:/home/runner/work/key/key/key.core/build/libs/key.core-2.11.0.jar!/de/uka/ilkd/key/proof/rules/binaryAxioms.key took 1 ms to parse. 
2126       WARN  Test worker     d.u.i.k.n.ParsingFacade   Parsing time 293 ms. 
2136       WARN  Test worker     d.u.i.k.n.ParsingFacade   jar:file:/home/runner/work/key/key/key.core/build/libs/key.core-2.11.0.jar!/de/uka/ilkd/key/proof/rules/binaryLemmas.key took 2 ms to parse. 
2136       WARN  Test worker     d.u.i.k.n.ParsingFacade   Parsing time 295 ms. 
2150       WARN  Test worker     d.u.i.k.n.ParsingFacade   jar:file:/home/runner/work/key/key/key.core/build/libs/key.core-2.11.0.jar!/de/uka/ilkd/key/proof/rules/intPow.key took 3 ms to parse. 
2151       WARN  Test worker     d.u.i.k.n.ParsingFacade   Parsing time 298 ms. 
2172       WARN  Test worker     d.u.i.k.n.ParsingFacade   jar:file:/home/runner/work/key/key/key.core/build/libs/key.core-2.11.0.jar!/de/uka/ilkd/key/proof/rules/floatRulesCommon.key took 7 ms to parse. 
2179       WARN  Test worker     d.u.i.k.n.ParsingFacade   Parsing time 305 ms. 
2229       WARN  Test worker     d.u.i.k.n.ParsingFacade   jar:file:/home/runner/work/key/key/key.core/build/libs/key.core-2.11.0.jar!/de/uka/ilkd/key/proof/rules/floatRules.key took 0 ms to parse. 
2230       WARN  Test worker     d.u.i.k.n.ParsingFacade   Parsing time 305 ms. 
2233       WARN  Test worker     d.u.i.k.n.ParsingFacade   jar:file:/home/runner/work/key/key/key.core/build/libs/key.core-2.11.0.jar!/de/uka/ilkd/key/proof/rules/floatRulesVerifyNormal.key took 0 ms to parse. 
2235       WARN  Test worker     d.u.i.k.n.ParsingFacade   Parsing time 305 ms. 
2250       WARN  Test worker     d.u.i.k.n.ParsingFacade   jar:file:/home/runner/work/key/key/key.core/build/libs/key.core-2.11.0.jar!/de/uka/ilkd/key/proof/rules/floatRulesAssumeStrictfp.key took 14 ms to parse. 
2250       WARN  Test worker     d.u.i.k.n.ParsingFacade   Parsing time 319 ms. 
2290       WARN  Test worker     d.u.i.k.n.ParsingFacade   jar:file:/home/runner/work/key/key/key.core/build/libs/key.core-2.11.0.jar!/de/uka/ilkd/key/proof/rules/genericRules.key took 3 ms to parse. 
2295       WARN  Test worker     d.u.i.k.n.ParsingFacade   Parsing time 322 ms. 
2316       WARN  Test worker     d.u.i.k.n.ParsingFacade   jar:file:/home/runner/work/key/key/key.core/build/libs/key.core-2.11.0.jar!/de/uka/ilkd/key/proof/rules/booleanRules.key took 0 ms to parse. 
2320       WARN  Test worker     d.u.i.k.n.ParsingFacade   Parsing time 322 ms. 
2325       WARN  Test worker     d.u.i.k.n.ParsingFacade   jar:file:/home/runner/work/key/key/key.core/build/libs/key.core-2.11.0.jar!/de/uka/ilkd/key/proof/rules/epsilon.key took 1 ms to parse. 
2330       WARN  Test worker     d.u.i.k.n.ParsingFacade   Parsing time 323 ms. 
2376       WARN  Test worker     d.u.i.k.n.ParsingFacade   jar:file:/home/runner/work/key/key/key.core/build/libs/key.core-2.11.0.jar!/de/uka/ilkd/key/proof/rules/locSetsRules.key took 41 ms to parse. 
2376       WARN  Test worker     d.u.i.k.n.ParsingFacade   Parsing time 364 ms. 
2429       WARN  Test worker     d.u.i.k.n.ParsingFacade   jar:file:/home/runner/work/key/key/key.core/build/libs/key.core-2.11.0.jar!/de/uka/ilkd/key/proof/rules/heapRules.key took 8 ms to parse. 
2431       WARN  Test worker     d.u.i.k.n.ParsingFacade   Parsing time 372 ms. 
2479       WARN  Test worker     d.u.i.k.n.ParsingFacade   jar:file:/home/runner/work/key/key/key.core/build/libs/key.core-2.11.0.jar!/de/uka/ilkd/key/proof/rules/permissionRules.key took 3 ms to parse. 
2479       WARN  Test worker     d.u.i.k.n.ParsingFacade   Parsing time 375 ms. 
2524       WARN  Test worker     d.u.i.k.n.ParsingFacade   jar:file:/home/runner/work/key/key/key.core/build/libs/key.core-2.11.0.jar!/de/uka/ilkd/key/proof/rules/reachRules.key took 13 ms to parse. 
2524       WARN  Test worker     d.u.i.k.n.ParsingFacade   Parsing time 388 ms. 
2548       WARN  Test worker     d.u.i.k.n.ParsingFacade   jar:file:/home/runner/work/key/key/key.core/build/libs/key.core-2.11.0.jar!/de/uka/ilkd/key/proof/rules/seqCoreRules.key took 1 ms to parse. 
2548       WARN  Test worker     d.u.i.k.n.ParsingFacade   Parsing time 389 ms. 
2556       WARN  Test worker     d.u.i.k.n.ParsingFacade   jar:file:/home/runner/work/key/key/key.core/build/libs/key.core-2.11.0.jar!/de/uka/ilkd/key/proof/rules/seqRules.key took 5 ms to parse. 
2557       WARN  Test worker     d.u.i.k.n.ParsingFacade   Parsing time 394 ms. 
2620       WARN  Test worker     d.u.i.k.n.ParsingFacade   jar:file:/home/runner/work/key/key/key.core/build/libs/key.core-2.11.0.jar!/de/uka/ilkd/key/proof/rules/seqPerm.key took 3 ms to parse. 
2622       WARN  Test worker     d.u.i.k.n.ParsingFacade   Parsing time 397 ms. 
2649       WARN  Test worker     d.u.i.k.n.ParsingFacade   jar:file:/home/runner/work/key/key/key.core/build/libs/key.core-2.11.0.jar!/de/uka/ilkd/key/proof/rules/seqPerm2.key took 1 ms to parse. 
2650       WARN  Test worker     d.u.i.k.n.ParsingFacade   Parsing time 398 ms. 
2716       WARN  Test worker     d.u.i.k.n.ParsingFacade   jar:file:/home/runner/work/key/key/key.core/build/libs/key.core-2.11.0.jar!/de/uka/ilkd/key/proof/rules/javaRules.key took 58 ms to parse. 
2717       WARN  Test worker     d.u.i.k.n.ParsingFacade   Parsing time 456 ms. 
2739       WARN  Test worker     d.u.i.k.n.ParsingFacade   jar:file:/home/runner/work/key/key/key.core/build/libs/key.core-2.11.0.jar!/de/uka/ilkd/key/proof/rules/assertions.key took 1 ms to parse. 
2744       WARN  Test worker     d.u.i.k.n.ParsingFacade   Parsing time 457 ms. 
3536       WARN  Test worker     d.u.i.k.n.ParsingFacade   jar:file:/home/runner/work/key/key/key.core/build/libs/key.core-2.11.0.jar!/de/uka/ilkd/key/proof/rules/loopRules.key took 6 ms to parse. 
3537       WARN  Test worker     d.u.i.k.n.ParsingFacade   Parsing time 463 ms. 
3557       WARN  Test worker     d.u.i.k.n.ParsingFacade   jar:file:/home/runner/work/key/key/key.core/build/libs/key.core-2.11.0.jar!/de/uka/ilkd/key/proof/rules/activeUse.key took 2 ms to parse. 
3560       WARN  Test worker     d.u.i.k.n.ParsingFacade   Parsing time 465 ms. 
3650       WARN  Test worker     d.u.i.k.n.ParsingFacade   jar:file:/home/runner/work/key/key/key.core/build/libs/key.core-2.11.0.jar!/de/uka/ilkd/key/proof/rules/instanceAllocation.key took 8 ms to parse. 
3651       WARN  Test worker     d.u.i.k.n.ParsingFacade   Parsing time 473 ms. 
3675       WARN  Test worker     d.u.i.k.n.ParsingFacade   jar:file:/home/runner/work/key/key/key.core/build/libs/key.core-2.11.0.jar!/de/uka/ilkd/key/proof/rules/java5.key took 0 ms to parse. 
3676       WARN  Test worker     d.u.i.k.n.ParsingFacade   Parsing time 473 ms. 
3683       WARN  Test worker     d.u.i.k.n.ParsingFacade   jar:file:/home/runner/work/key/key/key.core/build/libs/key.core-2.11.0.jar!/de/uka/ilkd/key/proof/rules/integerAssignment2UpdateRules.key took 4 ms to parse. 
3683       WARN  Test worker     d.u.i.k.n.ParsingFacade   Parsing time 477 ms. 
3738       WARN  Test worker     d.u.i.k.n.ParsingFacade   jar:file:/home/runner/work/key/key/key.core/build/libs/key.core-2.11.0.jar!/de/uka/ilkd/key/proof/rules/floatAssignment2UpdateRules.key took 11 ms to parse. 
3739       WARN  Test worker     d.u.i.k.n.ParsingFacade   Parsing time 488 ms. 
3789       WARN  Test worker     d.u.i.k.n.ParsingFacade   jar:file:/home/runner/work/key/key/key.core/build/libs/key.core-2.11.0.jar!/de/uka/ilkd/key/proof/rules/bigint.key took 4 ms to parse. 
3789       WARN  Test worker     d.u.i.k.n.ParsingFacade   Parsing time 492 ms. 
3814       WARN  Test worker     d.u.i.k.n.ParsingFacade   jar:file:/home/runner/work/key/key/key.core/build/libs/key.core-2.11.0.jar!/de/uka/ilkd/key/proof/rules/adtProgramDecompositionRules.key took 2 ms to parse. 
3815       WARN  Test worker     d.u.i.k.n.ParsingFacade   Parsing time 494 ms. 
3840       WARN  Test worker     d.u.i.k.n.ParsingFacade   jar:file:/home/runner/work/key/key/key.core/build/libs/key.core-2.11.0.jar!/de/uka/ilkd/key/proof/rules/precRules.key took 0 ms to parse. 
3841       WARN  Test worker     d.u.i.k.n.ParsingFacade   Parsing time 494 ms. 
3848       WARN  Test worker     d.u.i.k.n.ParsingFacade   jar:file:/home/runner/work/key/key/key.core/build/libs/key.core-2.11.0.jar!/de/uka/ilkd/key/proof/rules/charListRules.key took 3 ms to parse. 
3848       WARN  Test worker     d.u.i.k.n.ParsingFacade   Parsing time 497 ms. 
3863       WARN  Test worker     d.u.i.k.n.ParsingFacade   jar:file:/home/runner/work/key/key/key.core/build/libs/key.core-2.11.0.jar!/de/uka/ilkd/key/proof/rules/regExTheory.key took 0 ms to parse. 
3864       WARN  Test worker     d.u.i.k.n.ParsingFacade   Parsing time 497 ms. 
3867       WARN  Test worker     d.u.i.k.n.ParsingFacade   jar:file:/home/runner/work/key/key/key.core/build/libs/key.core-2.11.0.jar!/de/uka/ilkd/key/proof/rules/regExHeader.key took 0 ms to parse. 
3868       WARN  Test worker     d.u.i.k.n.ParsingFacade   Parsing time 497 ms. 
3871       WARN  Test worker     d.u.i.k.n.ParsingFacade   jar:file:/home/runner/work/key/key/key.core/build/libs/key.core-2.11.0.jar!/de/uka/ilkd/key/proof/rules/regExAxioms.key took 1 ms to parse. 
3871       WARN  Test worker     d.u.i.k.n.ParsingFacade   Parsing time 498 ms. 
3876       WARN  Test worker     d.u.i.k.n.ParsingFacade   jar:file:/home/runner/work/key/key/key.core/build/libs/key.core-2.11.0.jar!/de/uka/ilkd/key/proof/rules/regExLemmaProven.key took 1 ms to parse. 
3877       WARN  Test worker     d.u.i.k.n.ParsingFacade   Parsing time 499 ms. 
3893       WARN  Test worker     d.u.i.k.n.ParsingFacade   jar:file:/home/runner/work/key/key/key.core/build/libs/key.core-2.11.0.jar!/de/uka/ilkd/key/proof/rules/seqEq.key took 7 ms to parse. 
3894       WARN  Test worker     d.u.i.k.n.ParsingFacade   Parsing time 506 ms. 
3909       WARN  Test worker     d.u.i.k.n.ParsingFacade   jar:file:/home/runner/work/key/key/key.core/build/libs/key.core-2.11.0.jar!/de/uka/ilkd/key/proof/rules/infFlow.key took 3 ms to parse. 
3910       WARN  Test worker     d.u.i.k.n.ParsingFacade   Parsing time 509 ms. 
3917       WARN  Test worker     d.u.i.k.n.ParsingFacade   jar:file:/home/runner/work/key/key/key.core/build/libs/key.core-2.11.0.jar!/de/uka/ilkd/key/proof/rules/mapSize.key took 0 ms to parse. 
3918       WARN  Test worker     d.u.i.k.n.ParsingFacade   Parsing time 509 ms. 
3925       WARN  Test worker     d.u.i.k.n.ParsingFacade   jar:file:/home/runner/work/key/key/key.core/build/libs/key.core-2.11.0.jar!/de/uka/ilkd/key/proof/rules/wd.key took 0 ms to parse. 
3925       WARN  Test worker     d.u.i.k.n.ParsingFacade   Parsing time 509 ms. 
3942       WARN  Test worker     d.u.i.k.n.ParsingFacade   jar:file:/home/runner/work/key/key/key.core/build/libs/key.core-2.11.0.jar!/de/uka/ilkd/key/proof/rules/wdHeader.key took 1 ms to parse. 
3942       WARN  Test worker     d.u.i.k.n.ParsingFacade   Parsing time 510 ms. 
3944       WARN  Test worker     d.u.i.k.n.ParsingFacade   jar:file:/home/runner/work/key/key/key.core/build/libs/key.core-2.11.0.jar!/de/uka/ilkd/key/proof/rules/wdGeneralRules.key took 1 ms to parse. 
3944       WARN  Test worker     d.u.i.k.n.ParsingFacade   Parsing time 511 ms. 
3956       WARN  Test worker     d.u.i.k.n.ParsingFacade   jar:file:/home/runner/work/key/key/key.core/build/libs/key.core-2.11.0.jar!/de/uka/ilkd/key/proof/rules/wdNumericalRules.key took 6 ms to parse. 
3956       WARN  Test worker     d.u.i.k.n.ParsingFacade   Parsing time 517 ms. 
3986       WARN  Test worker     d.u.i.k.n.ParsingFacade   jar:file:/home/runner/work/key/key/key.core/build/libs/key.core-2.11.0.jar!/de/uka/ilkd/key/proof/rules/wdLocSetRules.key took 2 ms to parse. 
3986       WARN  Test worker     d.u.i.k.n.ParsingFacade   Parsing time 519 ms. 
4021       WARN  Test worker     d.u.i.k.n.ParsingFacade   jar:file:/home/runner/work/key/key/key.core/build/libs/key.core-2.11.0.jar!/de/uka/ilkd/key/proof/rules/wdHeapRules.key took 1 ms to parse. 
4021       WARN  Test worker     d.u.i.k.n.ParsingFacade   Parsing time 520 ms. 
4026       WARN  Test worker     d.u.i.k.n.ParsingFacade   jar:file:/home/runner/work/key/key/key.core/build/libs/key.core-2.11.0.jar!/de/uka/ilkd/key/proof/rules/wdReachRules.key took 0 ms to parse. 
4026       WARN  Test worker     d.u.i.k.n.ParsingFacade   Parsing time 520 ms. 
4028       WARN  Test worker     d.u.i.k.n.ParsingFacade   jar:file:/home/runner/work/key/key/key.core/build/libs/key.core-2.11.0.jar!/de/uka/ilkd/key/proof/rules/wdSeqRules.key took 1 ms to parse. 
4028       WARN  Test worker     d.u.i.k.n.ParsingFacade   Parsing time 521 ms. 
4035       WARN  Test worker     d.u.i.k.n.ParsingFacade   jar:file:/home/runner/work/key/key/key.core/build/libs/key.core-2.11.0.jar!/de/uka/ilkd/key/proof/rules/wdStringRules.key took 0 ms to parse. 
4036       WARN  Test worker     d.u.i.k.n.ParsingFacade   Parsing time 521 ms. 
4039       WARN  Test worker     d.u.i.k.n.ParsingFacade   jar:file:/home/runner/work/key/key/key.core/build/libs/key.core-2.11.0.jar!/de/uka/ilkd/key/proof/rules/wdRegExRules.key took 0 ms to parse. 
4039       WARN  Test worker     d.u.i.k.n.ParsingFacade   Parsing time 521 ms. 
4045       WARN  Test worker     d.u.i.k.n.ParsingFacade   jar:file:/home/runner/work/key/key/key.core/build/libs/key.core-2.11.0.jar!/de/uka/ilkd/key/proof/rules/wdFormulaRules.key took 4 ms to parse. 
4045       WARN  Test worker     d.u.i.k.n.ParsingFacade   Parsing time 525 ms. 
4058       WARN  Test worker     d.u.i.k.n.ParsingFacade   jar:file:/home/runner/work/key/key/key.core/build/libs/key.core-2.11.0.jar!/de/uka/ilkd/key/proof/rules/loopInvariantRules.key took 0 ms to parse. 
4059       WARN  Test worker     d.u.i.k.n.ParsingFacade   Parsing time 525 ms. 
4061       WARN  Test worker     d.u.i.k.n.ParsingFacade   jar:file:/home/runner/work/key/key/key.core/build/libs/key.core-2.11.0.jar!/de/uka/ilkd/key/proof/rules/forLoopRules.key took 0 ms to parse. 
4061       WARN  Test worker     d.u.i.k.n.ParsingFacade   Parsing time 525 ms. 
4067       WARN  Test worker     d.u.i.k.n.ParsingFacade   jar:file:/home/runner/work/key/key/key.core/build/libs/key.core-2.11.0.jar!/de/uka/ilkd/key/proof/rules/execRules.key took 2 ms to parse. 
4067       WARN  Test worker     d.u.i.k.n.ParsingFacade   Parsing time 527 ms. 
4163       WARN  Test worker     d.u.i.k.n.ParsingFacade   jar:file:/home/runner/work/key/key/key.core/build/libs/key.core-2.11.0.jar!/de/uka/ilkd/key/proof/rules/loopScopeRules.key took 3 ms to parse. 
4163       WARN  Test worker     d.u.i.k.n.ParsingFacade   Parsing time 530 ms. 
7753       WARN  Test worker     d.u.i.k.n.ParsingFacade   jar:file:/home/runner/work/key/key/key.core/build/libs/key.core-2.11.0.jar!/de/uka/ilkd/key/java/JavaRedux/java/lang/String.key took 6 ms to parse. 
7754       WARN  Test worker     d.u.i.k.n.ParsingFacade   Parsing time 536 ms. 
10528      WARN  Test worker     d.u.i.k.n.ParsingFacade   /home/runner/work/key/key/key.core.testgen/src/test/resources/testcase/smt/ce/middle.key took 0 ms to parse. 
10529      WARN  Test worker     d.u.i.k.n.ParsingFacade   Parsing time 536 ms. 
]]></system-out>
  <system-err><![CDATA[]]></system-err>
</testsuite>
