<?xml version="1.0" encoding="UTF-8"?>
<testsuite name="de.uka.ilkd.key.testcase.smt.testgen.TestTestgen" tests="1" skipped="0" failures="0" errors="0" timestamp="2023-06-09T14:19:47" hostname="fv-az277-788" time="7.023">
  <properties/>
  <testcase name="testMiddle()" classname="de.uka.ilkd.key.testcase.smt.testgen.TestTestgen" time="7.023"/>
  <system-out><![CDATA[24028      WARN  Test worker     d.u.i.k.t.s.t.TestTestgen Warning: Z3_CE is not installed, tests skipped. 
24028      WARN  Test worker     d.u.i.k.t.s.t.TestTestgen Maybe use JVM system property "z3SolverPath" to define the path to the Z3 command. 
24028      INFO  Test worker     d.u.i.k.p.i.AbstractProblemLoader Loading environment from src\test\resources\testcase\smt\tg\middle.key 
24028      DEBUG Test worker     d.u.i.k.p.i.AbstractProblemLoader Environment load took 509.2ns 
24044      INFO  Test worker     d.u.i.k.p.i.AbstractProblemLoader Creating init config 
30142      DEBUG Test worker     d.u.i.k.p.i.AbstractProblemLoader Init config took 6.1s 
30267      INFO  Test worker     d.u.i.k.p.i.AbstractProblemLoader Replaying proof Middle[Middle::middle(int,int,int)].JML normal_behavior operation contract.0 
30283      DEBUG Test worker     d.u.i.k.p.i.IntermediateProofReplayer Proof replay took 23.7ns 
]]></system-out>
  <system-err><![CDATA[]]></system-err>
</testsuite>
