<?xml version="1.0" encoding="UTF-8"?>
<testsuite name="de.uka.ilkd.key.logic.TestClashFreeSubst" tests="14" skipped="2" failures="0" errors="0" timestamp="2023-04-10T21:19:26" hostname="fv-az173-99" time="49.982">
  <properties/>
  <testcase name="testMultiShareBound()" classname="de.uka.ilkd.key.logic.TestClashFreeSubst" time="0.962"/>
  <testcase name="testClash()" classname="de.uka.ilkd.key.logic.TestClashFreeSubst" time="1.0"/>
  <testcase name="testShare()" classname="de.uka.ilkd.key.logic.TestClashFreeSubst" time="0.924"/>
  <testcase name="testSubst()" classname="de.uka.ilkd.key.logic.TestClashFreeSubst" time="0.941"/>
  <testcase name="testWary0()" classname="de.uka.ilkd.key.logic.TestClashFreeSubst" time="0.919"/>
  <testcase name="testWary1()" classname="de.uka.ilkd.key.logic.TestClashFreeSubst" time="0.912"/>
  <testcase name="testWary2()" classname="de.uka.ilkd.key.logic.TestClashFreeSubst" time="0.906"/>
  <testcase name="testClashInSubstTerm()" classname="de.uka.ilkd.key.logic.TestClashFreeSubst" time="0.905"/>
  <testcase name="testShareWary()" classname="de.uka.ilkd.key.logic.TestClashFreeSubst" time="0.912"/>
  <testcase name="testMultiSubst()" classname="de.uka.ilkd.key.logic.TestClashFreeSubst" time="0.928"/>
  <testcase name="xtestMultiClash()" classname="de.uka.ilkd.key.logic.TestClashFreeSubst" time="0.0">
    <skipped/>
  </testcase>
  <testcase name="testSubstInSubstTerm()" classname="de.uka.ilkd.key.logic.TestClashFreeSubst" time="0.912"/>
  <testcase name="testSubstWary()" classname="de.uka.ilkd.key.logic.TestClashFreeSubst" time="0.905"/>
  <testcase name="xtestMultiClash1()" classname="de.uka.ilkd.key.logic.TestClashFreeSubst" time="0.001">
    <skipped/>
  </testcase>
  <system-out><![CDATA[36258      INFO  Test worker     d.u.i.k.n.KeyIO           Parsing took 0 ms 
36259      INFO  Test worker     d.u.i.k.n.KeyIO           MODE: declarations took 1 ms 
37211      INFO  Test worker     d.u.i.k.n.KeyIO           Parsing took 0 ms 
37212      INFO  Test worker     d.u.i.k.n.KeyIO           MODE: declarations took 0 ms 
40389      INFO  Test worker     d.u.i.k.n.KeyIO           Parsing took 0 ms 
40393      INFO  Test worker     d.u.i.k.n.KeyIO           MODE: declarations took 3 ms 
41385      INFO  Test worker     d.u.i.k.n.KeyIO           Parsing took 0 ms 
41385      INFO  Test worker     d.u.i.k.n.KeyIO           MODE: declarations took 0 ms 
44404      INFO  Test worker     d.u.i.k.n.KeyIO           Parsing took 0 ms 
44404      INFO  Test worker     d.u.i.k.n.KeyIO           MODE: declarations took 0 ms 
45326      INFO  Test worker     d.u.i.k.n.KeyIO           Parsing took 0 ms 
45326      INFO  Test worker     d.u.i.k.n.KeyIO           MODE: declarations took 0 ms 
48323      INFO  Test worker     d.u.i.k.n.KeyIO           Parsing took 0 ms 
48324      INFO  Test worker     d.u.i.k.n.KeyIO           MODE: declarations took 0 ms 
49260      INFO  Test worker     d.u.i.k.n.KeyIO           Parsing took 0 ms 
49261      INFO  Test worker     d.u.i.k.n.KeyIO           MODE: declarations took 0 ms 
52255      INFO  Test worker     d.u.i.k.n.KeyIO           Parsing took 0 ms 
52257      INFO  Test worker     d.u.i.k.n.KeyIO           MODE: declarations took 1 ms 
53168      INFO  Test worker     d.u.i.k.n.KeyIO           Parsing took 1 ms 
53169      INFO  Test worker     d.u.i.k.n.KeyIO           MODE: declarations took 0 ms 
56143      INFO  Test worker     d.u.i.k.n.KeyIO           Parsing took 0 ms 
56144      INFO  Test worker     d.u.i.k.n.KeyIO           MODE: declarations took 0 ms 
57052      INFO  Test worker     d.u.i.k.n.KeyIO           Parsing took 0 ms 
57053      INFO  Test worker     d.u.i.k.n.KeyIO           MODE: declarations took 0 ms 
60012      INFO  Test worker     d.u.i.k.n.KeyIO           Parsing took 0 ms 
60012      INFO  Test worker     d.u.i.k.n.KeyIO           MODE: declarations took 0 ms 
60915      INFO  Test worker     d.u.i.k.n.KeyIO           Parsing took 0 ms 
60915      INFO  Test worker     d.u.i.k.n.KeyIO           MODE: declarations took 0 ms 
63885      INFO  Test worker     d.u.i.k.n.KeyIO           Parsing took 0 ms 
63885      INFO  Test worker     d.u.i.k.n.KeyIO           MODE: declarations took 0 ms 
64787      INFO  Test worker     d.u.i.k.n.KeyIO           Parsing took 0 ms 
64787      INFO  Test worker     d.u.i.k.n.KeyIO           MODE: declarations took 0 ms 
67736      INFO  Test worker     d.u.i.k.n.KeyIO           Parsing took 0 ms 
67737      INFO  Test worker     d.u.i.k.n.KeyIO           MODE: declarations took 0 ms 
68644      INFO  Test worker     d.u.i.k.n.KeyIO           Parsing took 0 ms 
68645      INFO  Test worker     d.u.i.k.n.KeyIO           MODE: declarations took 1 ms 
71624      INFO  Test worker     d.u.i.k.n.KeyIO           Parsing took 0 ms 
71625      INFO  Test worker     d.u.i.k.n.KeyIO           MODE: declarations took 0 ms 
72545      INFO  Test worker     d.u.i.k.n.KeyIO           Parsing took 0 ms 
72546      INFO  Test worker     d.u.i.k.n.KeyIO           MODE: declarations took 0 ms 
78481      INFO  Test worker     d.u.i.k.n.KeyIO           Parsing took 0 ms 
78482      INFO  Test worker     d.u.i.k.n.KeyIO           MODE: declarations took 0 ms 
79388      INFO  Test worker     d.u.i.k.n.KeyIO           Parsing took 0 ms 
79389      INFO  Test worker     d.u.i.k.n.KeyIO           MODE: declarations took 0 ms 
82334      INFO  Test worker     d.u.i.k.n.KeyIO           Parsing took 0 ms 
82334      INFO  Test worker     d.u.i.k.n.KeyIO           MODE: declarations took 0 ms 
83236      INFO  Test worker     d.u.i.k.n.KeyIO           Parsing took 0 ms 
83236      INFO  Test worker     d.u.i.k.n.KeyIO           MODE: declarations took 0 ms 
]]></system-out>
  <system-err><![CDATA[]]></system-err>
</testsuite>
