<?xml version="1.0" encoding="UTF-8"?>
<testsuite name="de.uka.ilkd.key.parser.TestTermParserSorts" tests="2" skipped="0" failures="0" errors="0" timestamp="2023-04-10T21:25:55" hostname="fv-az173-99" time="2.539">
  <properties/>
  <testcase name="testParseIntegerArgs()" classname="de.uka.ilkd.key.parser.TestTermParserSorts" time="0.012"/>
  <testcase name="testParseSequencePrettySyntax()" classname="de.uka.ilkd.key.parser.TestTermParserSorts" time="0.001"/>
  <system-out><![CDATA[425144     INFO  Test worker     d.u.i.k.n.KeyIO           Parsing took 0 ms 
425145     INFO  Test worker     d.u.i.k.n.KeyIO           MODE: declarations took 1 ms 
425145     INFO  Test worker     d.u.i.k.n.KeyIO           Parsing took 0 ms 
425145     INFO  Test worker     d.u.i.k.n.KeyIO           MODE: declarations took 0 ms 
425145     INFO  Test worker     d.u.i.k.n.KeyIO           Parsing took 0 ms 
425145     INFO  Test worker     d.u.i.k.n.KeyIO           MODE: declarations took 0 ms 
427682     INFO  Test worker     d.u.i.k.n.KeyIO           Parsing took 0 ms 
427683     INFO  Test worker     d.u.i.k.n.KeyIO           MODE: declarations took 0 ms 
427683     INFO  Test worker     d.u.i.k.n.KeyIO           Parsing took 0 ms 
427683     INFO  Test worker     d.u.i.k.n.KeyIO           MODE: declarations took 0 ms 
427683     INFO  Test worker     d.u.i.k.n.KeyIO           Parsing took 0 ms 
427683     INFO  Test worker     d.u.i.k.n.KeyIO           MODE: declarations took 0 ms 
]]></system-out>
  <system-err><![CDATA[]]></system-err>
</testsuite>
