<?xml version="1.0" encoding="UTF-8"?>
<testsuite name="de.uka.ilkd.key.parser.TestTermParserHeap" tests="39" skipped="0" failures="0" errors="0" timestamp="2023-04-10T21:24:04" hostname="fv-az173-99" time="109.301">
  <properties/>
  <testcase name="testBracketHeapUpdate()" classname="de.uka.ilkd.key.parser.TestTermParserHeap" time="0.014"/>
  <testcase name="testStore()" classname="de.uka.ilkd.key.parser.TestTermParserHeap" time="0.007"/>
  <testcase name="testUnknownConstant()" classname="de.uka.ilkd.key.parser.TestTermParserHeap" time="0.001"/>
  <testcase name="testAllFieldsSelector()" classname="de.uka.ilkd.key.parser.TestTermParserHeap" time="0.003"/>
  <testcase name="testParsePrettyPrintedSelect()" classname="de.uka.ilkd.key.parser.TestTermParserHeap" time="0.002"/>
  <testcase name="testAccessStaticMembers()" classname="de.uka.ilkd.key.parser.TestTermParserHeap" time="0.013"/>
  <testcase name="testAtOperator_1()" classname="de.uka.ilkd.key.parser.TestTermParserHeap" time="0.005"/>
  <testcase name="testAtOperator_2()" classname="de.uka.ilkd.key.parser.TestTermParserHeap" time="0.001"/>
  <testcase name="testAtOperator_3()" classname="de.uka.ilkd.key.parser.TestTermParserHeap" time="0.004"/>
  <testcase name="testAtOperator_4()" classname="de.uka.ilkd.key.parser.TestTermParserHeap" time="0.007"/>
  <testcase name="testAtOperator_5()" classname="de.uka.ilkd.key.parser.TestTermParserHeap" time="0.004"/>
  <testcase name="testAtOperator_6()" classname="de.uka.ilkd.key.parser.TestTermParserHeap" time="0.002"/>
  <testcase name="testAtOperator_7()" classname="de.uka.ilkd.key.parser.TestTermParserHeap" time="0.001"/>
  <testcase name="testAtOperator_8()" classname="de.uka.ilkd.key.parser.TestTermParserHeap" time="0.003"/>
  <testcase name="testVerifyExceptionIfAtOperatorNotPreceededBySelectTerm()" classname="de.uka.ilkd.key.parser.TestTermParserHeap" time="0.001"/>
  <testcase name="testBugResettingCounter()" classname="de.uka.ilkd.key.parser.TestTermParserHeap" time="0.002"/>
  <testcase name="testLocationSets()" classname="de.uka.ilkd.key.parser.TestTermParserHeap" time="0.003"/>
  <testcase name="testQuantifiedSelect()" classname="de.uka.ilkd.key.parser.TestTermParserHeap" time="0.002"/>
  <testcase name="testGenericObjectProperties()" classname="de.uka.ilkd.key.parser.TestTermParserHeap" time="0.001"/>
  <testcase name="testQueryInheritance_1()" classname="de.uka.ilkd.key.parser.TestTermParserHeap" time="0.002"/>
  <testcase name="testQueryInheritance_2()" classname="de.uka.ilkd.key.parser.TestTermParserHeap" time="0.006"/>
  <testcase name="testQueryInheritance_3()" classname="de.uka.ilkd.key.parser.TestTermParserHeap" time="0.002"/>
  <testcase name="testQueryInheritance_4()" classname="de.uka.ilkd.key.parser.TestTermParserHeap" time="0.001"/>
  <testcase name="testQueryInheritance_5()" classname="de.uka.ilkd.key.parser.TestTermParserHeap" time="0.001"/>
  <testcase name="testQueryInheritance_6()" classname="de.uka.ilkd.key.parser.TestTermParserHeap" time="0.001"/>
  <testcase name="testQueryInheritance_7()" classname="de.uka.ilkd.key.parser.TestTermParserHeap" time="0.009"/>
  <testcase name="testQueryInheritance_8()" classname="de.uka.ilkd.key.parser.TestTermParserHeap" time="0.001"/>
  <testcase name="testQueryInheritance_9()" classname="de.uka.ilkd.key.parser.TestTermParserHeap" time="0.02"/>
  <testcase name="testQueryBasic_10()" classname="de.uka.ilkd.key.parser.TestTermParserHeap" time="0.004"/>
  <testcase name="testQueryBasic_11()" classname="de.uka.ilkd.key.parser.TestTermParserHeap" time="0.001"/>
  <testcase name="testQueryBasic_1()" classname="de.uka.ilkd.key.parser.TestTermParserHeap" time="0.001"/>
  <testcase name="testQueryBasic_2()" classname="de.uka.ilkd.key.parser.TestTermParserHeap" time="0.001"/>
  <testcase name="testQueryBasic_3()" classname="de.uka.ilkd.key.parser.TestTermParserHeap" time="0.001"/>
  <testcase name="testQueryBasic_4()" classname="de.uka.ilkd.key.parser.TestTermParserHeap" time="0.002"/>
  <testcase name="testQueryBasic_5()" classname="de.uka.ilkd.key.parser.TestTermParserHeap" time="0.002"/>
  <testcase name="testQueryBasic_6()" classname="de.uka.ilkd.key.parser.TestTermParserHeap" time="0.001"/>
  <testcase name="testQueryBasic_7()" classname="de.uka.ilkd.key.parser.TestTermParserHeap" time="0.003"/>
  <testcase name="testQueryBasic_8()" classname="de.uka.ilkd.key.parser.TestTermParserHeap" time="0.001"/>
  <testcase name="testQueryBasic_9()" classname="de.uka.ilkd.key.parser.TestTermParserHeap" time="0.002"/>
  <system-out><![CDATA[313432     INFO  Test worker     d.u.i.k.n.KeyIO           Parsing took 0 ms 
313433     INFO  Test worker     d.u.i.k.n.KeyIO           MODE: declarations took 0 ms 
313433     INFO  Test worker     d.u.i.k.n.KeyIO           Parsing took 0 ms 
313433     INFO  Test worker     d.u.i.k.n.KeyIO           MODE: declarations took 0 ms 
313433     INFO  Test worker     d.u.i.k.n.KeyIO           Parsing took 0 ms 
313433     INFO  Test worker     d.u.i.k.n.KeyIO           MODE: declarations took 0 ms 
313433     INFO  Test worker     d.u.i.k.n.KeyIO           Parsing took 0 ms 
313433     INFO  Test worker     d.u.i.k.n.KeyIO           MODE: declarations took 0 ms 
313433     INFO  Test worker     d.u.i.k.n.KeyIO           Parsing took 0 ms 
313433     INFO  Test worker     d.u.i.k.n.KeyIO           MODE: declarations took 0 ms 
316475     INFO  Test worker     d.u.i.k.n.KeyIO           Parsing took 0 ms 
316476     INFO  Test worker     d.u.i.k.n.KeyIO           MODE: declarations took 0 ms 
316476     INFO  Test worker     d.u.i.k.n.KeyIO           Parsing took 0 ms 
316476     INFO  Test worker     d.u.i.k.n.KeyIO           MODE: declarations took 0 ms 
316476     INFO  Test worker     d.u.i.k.n.KeyIO           Parsing took 0 ms 
316476     INFO  Test worker     d.u.i.k.n.KeyIO           MODE: declarations took 0 ms 
316476     INFO  Test worker     d.u.i.k.n.KeyIO           Parsing took 0 ms 
316476     INFO  Test worker     d.u.i.k.n.KeyIO           MODE: declarations took 0 ms 
316476     INFO  Test worker     d.u.i.k.n.KeyIO           Parsing took 0 ms 
316476     INFO  Test worker     d.u.i.k.n.KeyIO           MODE: declarations took 0 ms 
319494     INFO  Test worker     d.u.i.k.n.KeyIO           Parsing took 0 ms 
319494     INFO  Test worker     d.u.i.k.n.KeyIO           MODE: declarations took 0 ms 
319494     INFO  Test worker     d.u.i.k.n.KeyIO           Parsing took 0 ms 
319494     INFO  Test worker     d.u.i.k.n.KeyIO           MODE: declarations took 0 ms 
319494     INFO  Test worker     d.u.i.k.n.KeyIO           Parsing took 0 ms 
319494     INFO  Test worker     d.u.i.k.n.KeyIO           MODE: declarations took 0 ms 
319494     INFO  Test worker     d.u.i.k.n.KeyIO           Parsing took 0 ms 
319494     INFO  Test worker     d.u.i.k.n.KeyIO           MODE: declarations took 0 ms 
319494     INFO  Test worker     d.u.i.k.n.KeyIO           Parsing took 0 ms 
319494     INFO  Test worker     d.u.i.k.n.KeyIO           MODE: declarations took 0 ms 
319495     INFO  Test worker     d.u.i.k.n.KeyIO           Parsing took 0 ms 
319495     INFO  Test worker     d.u.i.k.n.KeyIO           MODE: declarations took 0 ms 
322519     INFO  Test worker     d.u.i.k.n.KeyIO           Parsing took 0 ms 
322519     INFO  Test worker     d.u.i.k.n.KeyIO           MODE: declarations took 0 ms 
322519     INFO  Test worker     d.u.i.k.n.KeyIO           Parsing took 0 ms 
322519     INFO  Test worker     d.u.i.k.n.KeyIO           MODE: declarations took 0 ms 
322519     INFO  Test worker     d.u.i.k.n.KeyIO           Parsing took 0 ms 
322519     INFO  Test worker     d.u.i.k.n.KeyIO           MODE: declarations took 0 ms 
322519     INFO  Test worker     d.u.i.k.n.KeyIO           Parsing took 0 ms 
322520     INFO  Test worker     d.u.i.k.n.KeyIO           MODE: declarations took 0 ms 
322520     INFO  Test worker     d.u.i.k.n.KeyIO           Parsing took 0 ms 
322520     INFO  Test worker     d.u.i.k.n.KeyIO           MODE: declarations took 0 ms 
325466     INFO  Test worker     d.u.i.k.n.KeyIO           Parsing took 0 ms 
325466     INFO  Test worker     d.u.i.k.n.KeyIO           MODE: declarations took 0 ms 
325466     INFO  Test worker     d.u.i.k.n.KeyIO           Parsing took 0 ms 
325466     INFO  Test worker     d.u.i.k.n.KeyIO           MODE: declarations took 0 ms 
325466     INFO  Test worker     d.u.i.k.n.KeyIO           Parsing took 0 ms 
325466     INFO  Test worker     d.u.i.k.n.KeyIO           MODE: declarations took 0 ms 
325466     INFO  Test worker     d.u.i.k.n.KeyIO           Parsing took 0 ms 
325466     INFO  Test worker     d.u.i.k.n.KeyIO           MODE: declarations took 0 ms 
325466     INFO  Test worker     d.u.i.k.n.KeyIO           Parsing took 0 ms 
325466     INFO  Test worker     d.u.i.k.n.KeyIO           MODE: declarations took 0 ms 
328450     INFO  Test worker     d.u.i.k.n.KeyIO           Parsing took 0 ms 
328451     INFO  Test worker     d.u.i.k.n.KeyIO           MODE: declarations took 0 ms 
328451     INFO  Test worker     d.u.i.k.n.KeyIO           Parsing took 0 ms 
328452     INFO  Test worker     d.u.i.k.n.KeyIO           MODE: declarations took 1 ms 
328452     INFO  Test worker     d.u.i.k.n.KeyIO           Parsing took 0 ms 
328453     INFO  Test worker     d.u.i.k.n.KeyIO           MODE: declarations took 1 ms 
328453     INFO  Test worker     d.u.i.k.n.KeyIO           Parsing took 0 ms 
328453     INFO  Test worker     d.u.i.k.n.KeyIO           MODE: declarations took 0 ms 
328460     INFO  Test worker     d.u.i.k.n.KeyIO           Parsing took 0 ms 
328460     INFO  Test worker     d.u.i.k.n.KeyIO           MODE: declarations took 0 ms 
331432     INFO  Test worker     d.u.i.k.n.KeyIO           Parsing took 0 ms 
331432     INFO  Test worker     d.u.i.k.n.KeyIO           MODE: declarations took 0 ms 
331432     INFO  Test worker     d.u.i.k.n.KeyIO           Parsing took 0 ms 
331432     INFO  Test worker     d.u.i.k.n.KeyIO           MODE: declarations took 0 ms 
331432     INFO  Test worker     d.u.i.k.n.KeyIO           Parsing took 0 ms 
331432     INFO  Test worker     d.u.i.k.n.KeyIO           MODE: declarations took 0 ms 
331432     INFO  Test worker     d.u.i.k.n.KeyIO           Parsing took 0 ms 
331432     INFO  Test worker     d.u.i.k.n.KeyIO           MODE: declarations took 0 ms 
331433     INFO  Test worker     d.u.i.k.n.KeyIO           Parsing took 0 ms 
331434     INFO  Test worker     d.u.i.k.n.KeyIO           MODE: declarations took 0 ms 
334383     INFO  Test worker     d.u.i.k.n.KeyIO           Parsing took 0 ms 
334383     INFO  Test worker     d.u.i.k.n.KeyIO           MODE: declarations took 0 ms 
334383     INFO  Test worker     d.u.i.k.n.KeyIO           Parsing took 0 ms 
334383     INFO  Test worker     d.u.i.k.n.KeyIO           MODE: declarations took 0 ms 
334383     INFO  Test worker     d.u.i.k.n.KeyIO           Parsing took 0 ms 
334383     INFO  Test worker     d.u.i.k.n.KeyIO           MODE: declarations took 0 ms 
334383     INFO  Test worker     d.u.i.k.n.KeyIO           Parsing took 0 ms 
334383     INFO  Test worker     d.u.i.k.n.KeyIO           MODE: declarations took 0 ms 
334383     INFO  Test worker     d.u.i.k.n.KeyIO           Parsing took 0 ms 
334383     INFO  Test worker     d.u.i.k.n.KeyIO           MODE: declarations took 0 ms 
337386     INFO  Test worker     d.u.i.k.n.KeyIO           Parsing took 0 ms 
337387     INFO  Test worker     d.u.i.k.n.KeyIO           MODE: declarations took 0 ms 
337387     INFO  Test worker     d.u.i.k.n.KeyIO           Parsing took 0 ms 
337388     INFO  Test worker     d.u.i.k.n.KeyIO           MODE: declarations took 1 ms 
337388     INFO  Test worker     d.u.i.k.n.KeyIO           Parsing took 0 ms 
337388     INFO  Test worker     d.u.i.k.n.KeyIO           MODE: declarations took 0 ms 
337388     INFO  Test worker     d.u.i.k.n.KeyIO           Parsing took 0 ms 
337389     INFO  Test worker     d.u.i.k.n.KeyIO           MODE: declarations took 1 ms 
337389     INFO  Test worker     d.u.i.k.n.KeyIO           Parsing took 0 ms 
337389     INFO  Test worker     d.u.i.k.n.KeyIO           MODE: declarations took 0 ms 
340301     INFO  Test worker     d.u.i.k.n.KeyIO           Parsing took 0 ms 
340302     INFO  Test worker     d.u.i.k.n.KeyIO           MODE: declarations took 1 ms 
340302     INFO  Test worker     d.u.i.k.n.KeyIO           Parsing took 0 ms 
340302     INFO  Test worker     d.u.i.k.n.KeyIO           MODE: declarations took 0 ms 
340302     INFO  Test worker     d.u.i.k.n.KeyIO           Parsing took 0 ms 
340303     INFO  Test worker     d.u.i.k.n.KeyIO           MODE: declarations took 1 ms 
340303     INFO  Test worker     d.u.i.k.n.KeyIO           Parsing took 0 ms 
340303     INFO  Test worker     d.u.i.k.n.KeyIO           MODE: declarations took 0 ms 
340303     INFO  Test worker     d.u.i.k.n.KeyIO           Parsing took 0 ms 
340303     INFO  Test worker     d.u.i.k.n.KeyIO           MODE: declarations took 0 ms 
343299     INFO  Test worker     d.u.i.k.n.KeyIO           Parsing took 0 ms 
343300     INFO  Test worker     d.u.i.k.n.KeyIO           MODE: declarations took 0 ms 
343300     INFO  Test worker     d.u.i.k.n.KeyIO           Parsing took 0 ms 
343301     INFO  Test worker     d.u.i.k.n.KeyIO           MODE: declarations took 1 ms 
343301     INFO  Test worker     d.u.i.k.n.KeyIO           Parsing took 0 ms 
343301     INFO  Test worker     d.u.i.k.n.KeyIO           MODE: declarations took 0 ms 
343301     INFO  Test worker     d.u.i.k.n.KeyIO           Parsing took 0 ms 
343301     INFO  Test worker     d.u.i.k.n.KeyIO           MODE: declarations took 0 ms 
343301     INFO  Test worker     d.u.i.k.n.KeyIO           Parsing took 0 ms 
343301     INFO  Test worker     d.u.i.k.n.KeyIO           MODE: declarations took 0 ms 
346234     INFO  Test worker     d.u.i.k.n.KeyIO           Parsing took 0 ms 
346235     INFO  Test worker     d.u.i.k.n.KeyIO           MODE: declarations took 0 ms 
346235     INFO  Test worker     d.u.i.k.n.KeyIO           Parsing took 0 ms 
346235     INFO  Test worker     d.u.i.k.n.KeyIO           MODE: declarations took 0 ms 
346235     INFO  Test worker     d.u.i.k.n.KeyIO           Parsing took 0 ms 
346235     INFO  Test worker     d.u.i.k.n.KeyIO           MODE: declarations took 0 ms 
346235     INFO  Test worker     d.u.i.k.n.KeyIO           Parsing took 0 ms 
346235     INFO  Test worker     d.u.i.k.n.KeyIO           MODE: declarations took 0 ms 
346235     INFO  Test worker     d.u.i.k.n.KeyIO           Parsing took 0 ms 
346235     INFO  Test worker     d.u.i.k.n.KeyIO           MODE: declarations took 0 ms 
349168     INFO  Test worker     d.u.i.k.n.KeyIO           Parsing took 0 ms 
349168     INFO  Test worker     d.u.i.k.n.KeyIO           MODE: declarations took 0 ms 
349168     INFO  Test worker     d.u.i.k.n.KeyIO           Parsing took 0 ms 
349168     INFO  Test worker     d.u.i.k.n.KeyIO           MODE: declarations took 0 ms 
349168     INFO  Test worker     d.u.i.k.n.KeyIO           Parsing took 0 ms 
349168     INFO  Test worker     d.u.i.k.n.KeyIO           MODE: declarations took 0 ms 
349169     INFO  Test worker     d.u.i.k.n.KeyIO           Parsing took 0 ms 
349169     INFO  Test worker     d.u.i.k.n.KeyIO           MODE: declarations took 0 ms 
349169     INFO  Test worker     d.u.i.k.n.KeyIO           Parsing took 0 ms 
349169     INFO  Test worker     d.u.i.k.n.KeyIO           MODE: declarations took 0 ms 
352121     INFO  Test worker     d.u.i.k.n.KeyIO           Parsing took 0 ms 
352122     INFO  Test worker     d.u.i.k.n.KeyIO           MODE: declarations took 1 ms 
352122     INFO  Test worker     d.u.i.k.n.KeyIO           Parsing took 0 ms 
352122     INFO  Test worker     d.u.i.k.n.KeyIO           MODE: declarations took 0 ms 
352122     INFO  Test worker     d.u.i.k.n.KeyIO           Parsing took 0 ms 
352122     INFO  Test worker     d.u.i.k.n.KeyIO           MODE: declarations took 0 ms 
352122     INFO  Test worker     d.u.i.k.n.KeyIO           Parsing took 0 ms 
352123     INFO  Test worker     d.u.i.k.n.KeyIO           MODE: declarations took 0 ms 
352123     INFO  Test worker     d.u.i.k.n.KeyIO           Parsing took 0 ms 
352123     INFO  Test worker     d.u.i.k.n.KeyIO           MODE: declarations took 0 ms 
355063     INFO  Test worker     d.u.i.k.n.KeyIO           Parsing took 0 ms 
355063     INFO  Test worker     d.u.i.k.n.KeyIO           MODE: declarations took 0 ms 
355063     INFO  Test worker     d.u.i.k.n.KeyIO           Parsing took 0 ms 
355063     INFO  Test worker     d.u.i.k.n.KeyIO           MODE: declarations took 0 ms 
355063     INFO  Test worker     d.u.i.k.n.KeyIO           Parsing took 0 ms 
355063     INFO  Test worker     d.u.i.k.n.KeyIO           MODE: declarations took 0 ms 
355063     INFO  Test worker     d.u.i.k.n.KeyIO           Parsing took 0 ms 
355063     INFO  Test worker     d.u.i.k.n.KeyIO           MODE: declarations took 0 ms 
355063     INFO  Test worker     d.u.i.k.n.KeyIO           Parsing took 0 ms 
355063     INFO  Test worker     d.u.i.k.n.KeyIO           MODE: declarations took 0 ms 
355064     WARN  Test worker     d.u.i.k.n.KeYParser       [syntax-error] <unknown>:1:11: mismatched input '@' expecting {'/', ':=', '.', '(', ')', '{', '[', '@', PARALLEL, OR, AND, IMP, '=', NOT_EQUALS, '%', '*', '-', '+', '>', GREATEREQUAL, '<', LESSEQUAL, LGUILLEMETS, EQV} [@11,11:11='@',<153>,1:11] (termEOF) 
357962     INFO  Test worker     d.u.i.k.n.KeyIO           Parsing took 0 ms 
357962     INFO  Test worker     d.u.i.k.n.KeyIO           MODE: declarations took 0 ms 
357962     INFO  Test worker     d.u.i.k.n.KeyIO           Parsing took 0 ms 
357962     INFO  Test worker     d.u.i.k.n.KeyIO           MODE: declarations took 0 ms 
357962     INFO  Test worker     d.u.i.k.n.KeyIO           Parsing took 0 ms 
357962     INFO  Test worker     d.u.i.k.n.KeyIO           MODE: declarations took 0 ms 
357962     INFO  Test worker     d.u.i.k.n.KeyIO           Parsing took 0 ms 
357962     INFO  Test worker     d.u.i.k.n.KeyIO           MODE: declarations took 0 ms 
357962     INFO  Test worker     d.u.i.k.n.KeyIO           Parsing took 0 ms 
357962     INFO  Test worker     d.u.i.k.n.KeyIO           MODE: declarations took 0 ms 
360877     INFO  Test worker     d.u.i.k.n.KeyIO           Parsing took 0 ms 
360877     INFO  Test worker     d.u.i.k.n.KeyIO           MODE: declarations took 0 ms 
360877     INFO  Test worker     d.u.i.k.n.KeyIO           Parsing took 0 ms 
360877     INFO  Test worker     d.u.i.k.n.KeyIO           MODE: declarations took 0 ms 
360877     INFO  Test worker     d.u.i.k.n.KeyIO           Parsing took 0 ms 
360877     INFO  Test worker     d.u.i.k.n.KeyIO           MODE: declarations took 0 ms 
360878     INFO  Test worker     d.u.i.k.n.KeyIO           Parsing took 0 ms 
360878     INFO  Test worker     d.u.i.k.n.KeyIO           MODE: declarations took 0 ms 
360878     INFO  Test worker     d.u.i.k.n.KeyIO           Parsing took 0 ms 
360878     INFO  Test worker     d.u.i.k.n.KeyIO           MODE: declarations took 0 ms 
363785     INFO  Test worker     d.u.i.k.n.KeyIO           Parsing took 0 ms 
363785     INFO  Test worker     d.u.i.k.n.KeyIO           MODE: declarations took 0 ms 
363785     INFO  Test worker     d.u.i.k.n.KeyIO           Parsing took 0 ms 
363785     INFO  Test worker     d.u.i.k.n.KeyIO           MODE: declarations took 0 ms 
363785     INFO  Test worker     d.u.i.k.n.KeyIO           Parsing took 0 ms 
363785     INFO  Test worker     d.u.i.k.n.KeyIO           MODE: declarations took 0 ms 
363785     INFO  Test worker     d.u.i.k.n.KeyIO           Parsing took 0 ms 
363785     INFO  Test worker     d.u.i.k.n.KeyIO           MODE: declarations took 0 ms 
363785     INFO  Test worker     d.u.i.k.n.KeyIO           Parsing took 0 ms 
363785     INFO  Test worker     d.u.i.k.n.KeyIO           MODE: declarations took 0 ms 
366678     INFO  Test worker     d.u.i.k.n.KeyIO           Parsing took 0 ms 
366678     INFO  Test worker     d.u.i.k.n.KeyIO           MODE: declarations took 0 ms 
366678     INFO  Test worker     d.u.i.k.n.KeyIO           Parsing took 0 ms 
366678     INFO  Test worker     d.u.i.k.n.KeyIO           MODE: declarations took 0 ms 
366679     INFO  Test worker     d.u.i.k.n.KeyIO           Parsing took 0 ms 
366679     INFO  Test worker     d.u.i.k.n.KeyIO           MODE: declarations took 0 ms 
366679     INFO  Test worker     d.u.i.k.n.KeyIO           Parsing took 0 ms 
366679     INFO  Test worker     d.u.i.k.n.KeyIO           MODE: declarations took 0 ms 
366679     INFO  Test worker     d.u.i.k.n.KeyIO           Parsing took 0 ms 
366679     INFO  Test worker     d.u.i.k.n.KeyIO           MODE: declarations took 0 ms 
369570     INFO  Test worker     d.u.i.k.n.KeyIO           Parsing took 0 ms 
369570     INFO  Test worker     d.u.i.k.n.KeyIO           MODE: declarations took 0 ms 
369570     INFO  Test worker     d.u.i.k.n.KeyIO           Parsing took 0 ms 
369570     INFO  Test worker     d.u.i.k.n.KeyIO           MODE: declarations took 0 ms 
369570     INFO  Test worker     d.u.i.k.n.KeyIO           Parsing took 0 ms 
369570     INFO  Test worker     d.u.i.k.n.KeyIO           MODE: declarations took 0 ms 
369570     INFO  Test worker     d.u.i.k.n.KeyIO           Parsing took 0 ms 
369570     INFO  Test worker     d.u.i.k.n.KeyIO           MODE: declarations took 0 ms 
369570     INFO  Test worker     d.u.i.k.n.KeyIO           Parsing took 0 ms 
369570     INFO  Test worker     d.u.i.k.n.KeyIO           MODE: declarations took 0 ms 
372487     INFO  Test worker     d.u.i.k.n.KeyIO           Parsing took 0 ms 
372487     INFO  Test worker     d.u.i.k.n.KeyIO           MODE: declarations took 0 ms 
372487     INFO  Test worker     d.u.i.k.n.KeyIO           Parsing took 0 ms 
372488     INFO  Test worker     d.u.i.k.n.KeyIO           MODE: declarations took 0 ms 
372488     INFO  Test worker     d.u.i.k.n.KeyIO           Parsing took 0 ms 
372488     INFO  Test worker     d.u.i.k.n.KeyIO           MODE: declarations took 0 ms 
372488     INFO  Test worker     d.u.i.k.n.KeyIO           Parsing took 0 ms 
372488     INFO  Test worker     d.u.i.k.n.KeyIO           MODE: declarations took 0 ms 
372489     INFO  Test worker     d.u.i.k.n.KeyIO           Parsing took 0 ms 
372489     INFO  Test worker     d.u.i.k.n.KeyIO           MODE: declarations took 0 ms 
375430     INFO  Test worker     d.u.i.k.n.KeyIO           Parsing took 0 ms 
375430     INFO  Test worker     d.u.i.k.n.KeyIO           MODE: declarations took 0 ms 
375430     INFO  Test worker     d.u.i.k.n.KeyIO           Parsing took 0 ms 
375430     INFO  Test worker     d.u.i.k.n.KeyIO           MODE: declarations took 0 ms 
375430     INFO  Test worker     d.u.i.k.n.KeyIO           Parsing took 0 ms 
375430     INFO  Test worker     d.u.i.k.n.KeyIO           MODE: declarations took 0 ms 
375430     INFO  Test worker     d.u.i.k.n.KeyIO           Parsing took 0 ms 
375430     INFO  Test worker     d.u.i.k.n.KeyIO           MODE: declarations took 0 ms 
375430     INFO  Test worker     d.u.i.k.n.KeyIO           Parsing took 0 ms 
375430     INFO  Test worker     d.u.i.k.n.KeyIO           MODE: declarations took 0 ms 
378356     INFO  Test worker     d.u.i.k.n.KeyIO           Parsing took 0 ms 
378356     INFO  Test worker     d.u.i.k.n.KeyIO           MODE: declarations took 0 ms 
378356     INFO  Test worker     d.u.i.k.n.KeyIO           Parsing took 0 ms 
378356     INFO  Test worker     d.u.i.k.n.KeyIO           MODE: declarations took 0 ms 
378356     INFO  Test worker     d.u.i.k.n.KeyIO           Parsing took 0 ms 
378356     INFO  Test worker     d.u.i.k.n.KeyIO           MODE: declarations took 0 ms 
378356     INFO  Test worker     d.u.i.k.n.KeyIO           Parsing took 0 ms 
378356     INFO  Test worker     d.u.i.k.n.KeyIO           MODE: declarations took 0 ms 
378356     INFO  Test worker     d.u.i.k.n.KeyIO           Parsing took 0 ms 
378356     INFO  Test worker     d.u.i.k.n.KeyIO           MODE: declarations took 0 ms 
381275     INFO  Test worker     d.u.i.k.n.KeyIO           Parsing took 0 ms 
381275     INFO  Test worker     d.u.i.k.n.KeyIO           MODE: declarations took 0 ms 
381275     INFO  Test worker     d.u.i.k.n.KeyIO           Parsing took 0 ms 
381275     INFO  Test worker     d.u.i.k.n.KeyIO           MODE: declarations took 0 ms 
381275     INFO  Test worker     d.u.i.k.n.KeyIO           Parsing took 0 ms 
381275     INFO  Test worker     d.u.i.k.n.KeyIO           MODE: declarations took 0 ms 
381275     INFO  Test worker     d.u.i.k.n.KeyIO           Parsing took 0 ms 
381275     INFO  Test worker     d.u.i.k.n.KeyIO           MODE: declarations took 0 ms 
381275     INFO  Test worker     d.u.i.k.n.KeyIO           Parsing took 0 ms 
381275     INFO  Test worker     d.u.i.k.n.KeyIO           MODE: declarations took 0 ms 
384205     INFO  Test worker     d.u.i.k.n.KeyIO           Parsing took 0 ms 
384205     INFO  Test worker     d.u.i.k.n.KeyIO           MODE: declarations took 0 ms 
384205     INFO  Test worker     d.u.i.k.n.KeyIO           Parsing took 0 ms 
384205     INFO  Test worker     d.u.i.k.n.KeyIO           MODE: declarations took 0 ms 
384205     INFO  Test worker     d.u.i.k.n.KeyIO           Parsing took 0 ms 
384205     INFO  Test worker     d.u.i.k.n.KeyIO           MODE: declarations took 0 ms 
384205     INFO  Test worker     d.u.i.k.n.KeyIO           Parsing took 0 ms 
384206     INFO  Test worker     d.u.i.k.n.KeyIO           MODE: declarations took 1 ms 
384206     INFO  Test worker     d.u.i.k.n.KeyIO           Parsing took 0 ms 
384206     INFO  Test worker     d.u.i.k.n.KeyIO           MODE: declarations took 0 ms 
387141     INFO  Test worker     d.u.i.k.n.KeyIO           Parsing took 0 ms 
387141     INFO  Test worker     d.u.i.k.n.KeyIO           MODE: declarations took 0 ms 
387142     INFO  Test worker     d.u.i.k.n.KeyIO           Parsing took 0 ms 
387147     INFO  Test worker     d.u.i.k.n.KeyIO           MODE: declarations took 0 ms 
387147     INFO  Test worker     d.u.i.k.n.KeyIO           Parsing took 0 ms 
387148     INFO  Test worker     d.u.i.k.n.KeyIO           MODE: declarations took 0 ms 
387148     INFO  Test worker     d.u.i.k.n.KeyIO           Parsing took 0 ms 
387149     INFO  Test worker     d.u.i.k.n.KeyIO           MODE: declarations took 1 ms 
387149     INFO  Test worker     d.u.i.k.n.KeyIO           Parsing took 0 ms 
387149     INFO  Test worker     d.u.i.k.n.KeyIO           MODE: declarations took 0 ms 
390101     INFO  Test worker     d.u.i.k.n.KeyIO           Parsing took 0 ms 
390101     INFO  Test worker     d.u.i.k.n.KeyIO           MODE: declarations took 0 ms 
390101     INFO  Test worker     d.u.i.k.n.KeyIO           Parsing took 0 ms 
390101     INFO  Test worker     d.u.i.k.n.KeyIO           MODE: declarations took 0 ms 
390101     INFO  Test worker     d.u.i.k.n.KeyIO           Parsing took 0 ms 
390101     INFO  Test worker     d.u.i.k.n.KeyIO           MODE: declarations took 0 ms 
390101     INFO  Test worker     d.u.i.k.n.KeyIO           Parsing took 0 ms 
390101     INFO  Test worker     d.u.i.k.n.KeyIO           MODE: declarations took 0 ms 
390101     INFO  Test worker     d.u.i.k.n.KeyIO           Parsing took 0 ms 
390101     INFO  Test worker     d.u.i.k.n.KeyIO           MODE: declarations took 0 ms 
393149     INFO  Test worker     d.u.i.k.n.KeyIO           Parsing took 0 ms 
393149     INFO  Test worker     d.u.i.k.n.KeyIO           MODE: declarations took 0 ms 
393149     INFO  Test worker     d.u.i.k.n.KeyIO           Parsing took 0 ms 
393150     INFO  Test worker     d.u.i.k.n.KeyIO           MODE: declarations took 1 ms 
393150     INFO  Test worker     d.u.i.k.n.KeyIO           Parsing took 0 ms 
393150     INFO  Test worker     d.u.i.k.n.KeyIO           MODE: declarations took 0 ms 
393150     INFO  Test worker     d.u.i.k.n.KeyIO           Parsing took 0 ms 
393150     INFO  Test worker     d.u.i.k.n.KeyIO           MODE: declarations took 0 ms 
393150     INFO  Test worker     d.u.i.k.n.KeyIO           Parsing took 0 ms 
393150     INFO  Test worker     d.u.i.k.n.KeyIO           MODE: declarations took 0 ms 
396061     INFO  Test worker     d.u.i.k.n.KeyIO           Parsing took 0 ms 
396062     INFO  Test worker     d.u.i.k.n.KeyIO           MODE: declarations took 0 ms 
396062     INFO  Test worker     d.u.i.k.n.KeyIO           Parsing took 0 ms 
396062     INFO  Test worker     d.u.i.k.n.KeyIO           MODE: declarations took 0 ms 
396062     INFO  Test worker     d.u.i.k.n.KeyIO           Parsing took 0 ms 
396063     INFO  Test worker     d.u.i.k.n.KeyIO           MODE: declarations took 0 ms 
396063     INFO  Test worker     d.u.i.k.n.KeyIO           Parsing took 0 ms 
396063     INFO  Test worker     d.u.i.k.n.KeyIO           MODE: declarations took 0 ms 
396063     INFO  Test worker     d.u.i.k.n.KeyIO           Parsing took 0 ms 
396063     INFO  Test worker     d.u.i.k.n.KeyIO           MODE: declarations took 0 ms 
399003     INFO  Test worker     d.u.i.k.n.KeyIO           Parsing took 0 ms 
399003     INFO  Test worker     d.u.i.k.n.KeyIO           MODE: declarations took 0 ms 
399003     INFO  Test worker     d.u.i.k.n.KeyIO           Parsing took 0 ms 
399003     INFO  Test worker     d.u.i.k.n.KeyIO           MODE: declarations took 0 ms 
399003     INFO  Test worker     d.u.i.k.n.KeyIO           Parsing took 0 ms 
399003     INFO  Test worker     d.u.i.k.n.KeyIO           MODE: declarations took 0 ms 
399003     INFO  Test worker     d.u.i.k.n.KeyIO           Parsing took 0 ms 
399003     INFO  Test worker     d.u.i.k.n.KeyIO           MODE: declarations took 0 ms 
399003     INFO  Test worker     d.u.i.k.n.KeyIO           Parsing took 0 ms 
399003     INFO  Test worker     d.u.i.k.n.KeyIO           MODE: declarations took 0 ms 
401912     INFO  Test worker     d.u.i.k.n.KeyIO           Parsing took 0 ms 
401913     INFO  Test worker     d.u.i.k.n.KeyIO           MODE: declarations took 1 ms 
401913     INFO  Test worker     d.u.i.k.n.KeyIO           Parsing took 0 ms 
401913     INFO  Test worker     d.u.i.k.n.KeyIO           MODE: declarations took 0 ms 
401913     INFO  Test worker     d.u.i.k.n.KeyIO           Parsing took 0 ms 
401913     INFO  Test worker     d.u.i.k.n.KeyIO           MODE: declarations took 0 ms 
401913     INFO  Test worker     d.u.i.k.n.KeyIO           Parsing took 0 ms 
401913     INFO  Test worker     d.u.i.k.n.KeyIO           MODE: declarations took 0 ms 
401913     INFO  Test worker     d.u.i.k.n.KeyIO           Parsing took 0 ms 
401913     INFO  Test worker     d.u.i.k.n.KeyIO           MODE: declarations took 0 ms 
404821     INFO  Test worker     d.u.i.k.n.KeyIO           Parsing took 0 ms 
404821     INFO  Test worker     d.u.i.k.n.KeyIO           MODE: declarations took 0 ms 
404821     INFO  Test worker     d.u.i.k.n.KeyIO           Parsing took 0 ms 
404821     INFO  Test worker     d.u.i.k.n.KeyIO           MODE: declarations took 0 ms 
404821     INFO  Test worker     d.u.i.k.n.KeyIO           Parsing took 0 ms 
404821     INFO  Test worker     d.u.i.k.n.KeyIO           MODE: declarations took 0 ms 
404821     INFO  Test worker     d.u.i.k.n.KeyIO           Parsing took 0 ms 
404821     INFO  Test worker     d.u.i.k.n.KeyIO           MODE: declarations took 0 ms 
404821     INFO  Test worker     d.u.i.k.n.KeyIO           Parsing took 0 ms 
404821     INFO  Test worker     d.u.i.k.n.KeyIO           MODE: declarations took 0 ms 
407723     INFO  Test worker     d.u.i.k.n.KeyIO           Parsing took 0 ms 
407723     INFO  Test worker     d.u.i.k.n.KeyIO           MODE: declarations took 0 ms 
407723     INFO  Test worker     d.u.i.k.n.KeyIO           Parsing took 0 ms 
407723     INFO  Test worker     d.u.i.k.n.KeyIO           MODE: declarations took 0 ms 
407723     INFO  Test worker     d.u.i.k.n.KeyIO           Parsing took 0 ms 
407723     INFO  Test worker     d.u.i.k.n.KeyIO           MODE: declarations took 0 ms 
407723     INFO  Test worker     d.u.i.k.n.KeyIO           Parsing took 0 ms 
407723     INFO  Test worker     d.u.i.k.n.KeyIO           MODE: declarations took 0 ms 
407723     INFO  Test worker     d.u.i.k.n.KeyIO           Parsing took 0 ms 
407723     INFO  Test worker     d.u.i.k.n.KeyIO           MODE: declarations took 0 ms 
410514     INFO  Test worker     d.u.i.k.n.KeyIO           Parsing took 0 ms 
410514     INFO  Test worker     d.u.i.k.n.KeyIO           MODE: declarations took 0 ms 
410514     INFO  Test worker     d.u.i.k.n.KeyIO           Parsing took 0 ms 
410514     INFO  Test worker     d.u.i.k.n.KeyIO           MODE: declarations took 0 ms 
410515     INFO  Test worker     d.u.i.k.n.KeyIO           Parsing took 1 ms 
410515     INFO  Test worker     d.u.i.k.n.KeyIO           MODE: declarations took 0 ms 
410515     INFO  Test worker     d.u.i.k.n.KeyIO           Parsing took 0 ms 
410515     INFO  Test worker     d.u.i.k.n.KeyIO           MODE: declarations took 0 ms 
410515     INFO  Test worker     d.u.i.k.n.KeyIO           Parsing took 0 ms 
410515     INFO  Test worker     d.u.i.k.n.KeyIO           MODE: declarations took 0 ms 
412959     INFO  Test worker     d.u.i.k.n.KeyIO           Parsing took 0 ms 
412959     INFO  Test worker     d.u.i.k.n.KeyIO           MODE: declarations took 0 ms 
412959     INFO  Test worker     d.u.i.k.n.KeyIO           Parsing took 0 ms 
412959     INFO  Test worker     d.u.i.k.n.KeyIO           MODE: declarations took 0 ms 
412959     INFO  Test worker     d.u.i.k.n.KeyIO           Parsing took 0 ms 
412959     INFO  Test worker     d.u.i.k.n.KeyIO           MODE: declarations took 0 ms 
412959     INFO  Test worker     d.u.i.k.n.KeyIO           Parsing took 0 ms 
412959     INFO  Test worker     d.u.i.k.n.KeyIO           MODE: declarations took 0 ms 
412959     INFO  Test worker     d.u.i.k.n.KeyIO           Parsing took 0 ms 
412959     INFO  Test worker     d.u.i.k.n.KeyIO           MODE: declarations took 0 ms 
415391     INFO  Test worker     d.u.i.k.n.KeyIO           Parsing took 0 ms 
415391     INFO  Test worker     d.u.i.k.n.KeyIO           MODE: declarations took 0 ms 
415391     INFO  Test worker     d.u.i.k.n.KeyIO           Parsing took 0 ms 
415391     INFO  Test worker     d.u.i.k.n.KeyIO           MODE: declarations took 0 ms 
415391     INFO  Test worker     d.u.i.k.n.KeyIO           Parsing took 0 ms 
415391     INFO  Test worker     d.u.i.k.n.KeyIO           MODE: declarations took 0 ms 
415391     INFO  Test worker     d.u.i.k.n.KeyIO           Parsing took 0 ms 
415391     INFO  Test worker     d.u.i.k.n.KeyIO           MODE: declarations took 0 ms 
415391     INFO  Test worker     d.u.i.k.n.KeyIO           Parsing took 0 ms 
415391     INFO  Test worker     d.u.i.k.n.KeyIO           MODE: declarations took 0 ms 
417865     INFO  Test worker     d.u.i.k.n.KeyIO           Parsing took 0 ms 
417866     INFO  Test worker     d.u.i.k.n.KeyIO           MODE: declarations took 0 ms 
417866     INFO  Test worker     d.u.i.k.n.KeyIO           Parsing took 0 ms 
417866     INFO  Test worker     d.u.i.k.n.KeyIO           MODE: declarations took 0 ms 
417866     INFO  Test worker     d.u.i.k.n.KeyIO           Parsing took 0 ms 
417866     INFO  Test worker     d.u.i.k.n.KeyIO           MODE: declarations took 0 ms 
417866     INFO  Test worker     d.u.i.k.n.KeyIO           Parsing took 0 ms 
417866     INFO  Test worker     d.u.i.k.n.KeyIO           MODE: declarations took 0 ms 
417866     INFO  Test worker     d.u.i.k.n.KeyIO           Parsing took 0 ms 
417866     INFO  Test worker     d.u.i.k.n.KeyIO           MODE: declarations took 0 ms 
420304     INFO  Test worker     d.u.i.k.n.KeyIO           Parsing took 0 ms 
420304     INFO  Test worker     d.u.i.k.n.KeyIO           MODE: declarations took 0 ms 
420304     INFO  Test worker     d.u.i.k.n.KeyIO           Parsing took 0 ms 
420304     INFO  Test worker     d.u.i.k.n.KeyIO           MODE: declarations took 0 ms 
420304     INFO  Test worker     d.u.i.k.n.KeyIO           Parsing took 0 ms 
420304     INFO  Test worker     d.u.i.k.n.KeyIO           MODE: declarations took 0 ms 
420304     INFO  Test worker     d.u.i.k.n.KeyIO           Parsing took 0 ms 
420304     INFO  Test worker     d.u.i.k.n.KeyIO           MODE: declarations took 0 ms 
420304     INFO  Test worker     d.u.i.k.n.KeyIO           Parsing took 0 ms 
420304     INFO  Test worker     d.u.i.k.n.KeyIO           MODE: declarations took 0 ms 
422732     INFO  Test worker     d.u.i.k.n.KeyIO           Parsing took 0 ms 
422732     INFO  Test worker     d.u.i.k.n.KeyIO           MODE: declarations took 0 ms 
422732     INFO  Test worker     d.u.i.k.n.KeyIO           Parsing took 0 ms 
422732     INFO  Test worker     d.u.i.k.n.KeyIO           MODE: declarations took 0 ms 
422732     INFO  Test worker     d.u.i.k.n.KeyIO           Parsing took 0 ms 
422732     INFO  Test worker     d.u.i.k.n.KeyIO           MODE: declarations took 0 ms 
422732     INFO  Test worker     d.u.i.k.n.KeyIO           Parsing took 0 ms 
422732     INFO  Test worker     d.u.i.k.n.KeyIO           MODE: declarations took 0 ms 
422732     INFO  Test worker     d.u.i.k.n.KeyIO           Parsing took 0 ms 
422732     INFO  Test worker     d.u.i.k.n.KeyIO           MODE: declarations took 0 ms 
]]></system-out>
  <system-err><![CDATA[]]></system-err>
</testsuite>
