<?xml version="1.0" encoding="UTF-8"?>
<testsuite name="de.uka.ilkd.key.nparser.ParseLDTsTests" tests="2" skipped="0" failures="0" errors="0" timestamp="2023-04-10T21:22:13" hostname="fv-az173-99" time="0.955">
  <properties/>
  <testcase name="testLDT()" classname="de.uka.ilkd.key.nparser.ParseLDTsTests" time="0.018"/>
  <testcase name="testSR()" classname="de.uka.ilkd.key.nparser.ParseLDTsTests" time="0.936"/>
  <system-out><![CDATA[203160     INFO  Test worker     d.u.i.k.n.KeyIO           Parsing took 8 ms 
203161     INFO  Test worker     d.u.i.k.n.KeyIO           MODE: declarations took 1 ms 
203584     INFO  Test worker     d.u.i.k.n.KeyIO           Parsing took 411 ms 
203589     INFO  Test worker     d.u.i.k.n.KeyIO           MODE: declarations took 2 ms 
]]></system-out>
  <system-err><![CDATA[]]></system-err>
</testsuite>
