<?xml version="1.0" encoding="UTF-8"?>
<testsuite name="de.uka.ilkd.key.parser.TestDeclParser" tests="14" skipped="2" failures="0" errors="0" timestamp="2023-04-10T21:22:24" hostname="fv-az173-99" time="11.6">
  <properties/>
  <testcase name="testGenericSortDecl1()" classname="de.uka.ilkd.key.parser.TestDeclParser" time="1.13"/>
  <testcase name="testGenericSortDecl2()" classname="de.uka.ilkd.key.parser.TestDeclParser" time="1.041"/>
  <testcase name="testGenericSortDecl3()" classname="de.uka.ilkd.key.parser.TestDeclParser" time="0.927"/>
  <testcase name="testGenericSortDecl4()" classname="de.uka.ilkd.key.parser.TestDeclParser" time="0.987"/>
  <testcase name="testGenericSortDecl5()" classname="de.uka.ilkd.key.parser.TestDeclParser" time="0.0">
    <skipped/>
  </testcase>
  <testcase name="testGenericSortDecl6()" classname="de.uka.ilkd.key.parser.TestDeclParser" time="1.035"/>
  <testcase name="testSortDecl()" classname="de.uka.ilkd.key.parser.TestDeclParser" time="0.889"/>
  <testcase name="testProxySortDecl()" classname="de.uka.ilkd.key.parser.TestDeclParser" time="0.951"/>
  <testcase name="testArrayDecl()" classname="de.uka.ilkd.key.parser.TestDeclParser" time="0.952"/>
  <testcase name="testAmbiguousDecls()" classname="de.uka.ilkd.key.parser.TestDeclParser" time="0.0">
    <skipped/>
  </testcase>
  <testcase name="testHeurDecl()" classname="de.uka.ilkd.key.parser.TestDeclParser" time="0.887"/>
  <testcase name="testFunctionDecl()" classname="de.uka.ilkd.key.parser.TestDeclParser" time="0.959"/>
  <testcase name="testPredicateDecl()" classname="de.uka.ilkd.key.parser.TestDeclParser" time="0.954"/>
  <testcase name="testSVDecl()" classname="de.uka.ilkd.key.parser.TestDeclParser" time="0.886"/>
  <system-out><![CDATA[215216     INFO  Test worker     d.u.i.k.n.KeyIO           Parsing took 0 ms 
215217     INFO  Test worker     d.u.i.k.n.KeyIO           MODE: declarations took 0 ms 
216259     INFO  Test worker     d.u.i.k.n.KeyIO           Parsing took 0 ms 
216259     INFO  Test worker     d.u.i.k.n.KeyIO           MODE: declarations took 0 ms 
217186     INFO  Test worker     d.u.i.k.n.KeyIO           Parsing took 0 ms 
217186     INFO  Test worker     d.u.i.k.n.KeyIO           MODE: declarations took 0 ms 
218167     INFO  Test worker     d.u.i.k.n.KeyIO           Parsing took 0 ms 
218173     INFO  Test worker     d.u.i.k.n.KeyIO           MODE: declarations took 1 ms 
219208     INFO  Test worker     d.u.i.k.n.KeyIO           Parsing took 0 ms 
219209     INFO  Test worker     d.u.i.k.n.KeyIO           MODE: declarations took 1 ms 
220097     INFO  Test worker     d.u.i.k.n.KeyIO           Parsing took 0 ms 
220097     INFO  Test worker     d.u.i.k.n.KeyIO           MODE: declarations took 0 ms 
221048     INFO  Test worker     d.u.i.k.n.KeyIO           Parsing took 0 ms 
221049     INFO  Test worker     d.u.i.k.n.KeyIO           MODE: declarations took 1 ms 
221999     INFO  Test worker     d.u.i.k.n.KeyIO           Parsing took 0 ms 
222000     INFO  Test worker     d.u.i.k.n.KeyIO           MODE: declarations took 0 ms 
222888     INFO  Test worker     d.u.i.k.n.KeyIO           Parsing took 0 ms 
222888     INFO  Test worker     d.u.i.k.n.KeyIO           MODE: declarations took 0 ms 
223846     INFO  Test worker     d.u.i.k.n.KeyIO           Parsing took 0 ms 
223846     INFO  Test worker     d.u.i.k.n.KeyIO           MODE: declarations took 0 ms 
224801     INFO  Test worker     d.u.i.k.n.KeyIO           Parsing took 1 ms 
224801     INFO  Test worker     d.u.i.k.n.KeyIO           MODE: declarations took 0 ms 
225687     INFO  Test worker     d.u.i.k.n.KeyIO           Parsing took 0 ms 
225687     INFO  Test worker     d.u.i.k.n.KeyIO           MODE: declarations took 0 ms 
]]></system-out>
  <system-err><![CDATA[]]></system-err>
</testsuite>
