<?xml version="1.0" encoding="UTF-8"?>
<testsuite name="de.uka.ilkd.key.taclettranslation.TestTacletTranslator" tests="5" skipped="0" failures="0" errors="0" timestamp="2023-04-10T21:31:16" hostname="fv-az173-99" time="0.006">
  <properties/>
  <testcase name="testPropositional1()" classname="de.uka.ilkd.key.taclettranslation.TestTacletTranslator" time="0.002"/>
  <testcase name="testPropositional2()" classname="de.uka.ilkd.key.taclettranslation.TestTacletTranslator" time="0.001"/>
  <testcase name="testNegativePolarity()" classname="de.uka.ilkd.key.taclettranslation.TestTacletTranslator" time="0.0"/>
  <testcase name="testNoPolarity()" classname="de.uka.ilkd.key.taclettranslation.TestTacletTranslator" time="0.001"/>
  <testcase name="testPositivePolarity()" classname="de.uka.ilkd.key.taclettranslation.TestTacletTranslator" time="0.001"/>
  <system-out><![CDATA[745791     INFO  Test worker     d.u.i.k.n.KeyIO           Parsing took 0 ms 
745792     INFO  Test worker     d.u.i.k.n.KeyIO           MODE: declarations took 0 ms 
745794     INFO  Test worker     d.u.i.k.n.KeyIO           Parsing took 0 ms 
745794     INFO  Test worker     d.u.i.k.n.KeyIO           MODE: declarations took 0 ms 
745795     INFO  Test worker     d.u.i.k.n.KeyIO           Parsing took 0 ms 
745795     INFO  Test worker     d.u.i.k.n.KeyIO           MODE: declarations took 0 ms 
745796     INFO  Test worker     d.u.i.k.n.KeyIO           Parsing took 0 ms 
745796     INFO  Test worker     d.u.i.k.n.KeyIO           MODE: declarations took 0 ms 
745797     INFO  Test worker     d.u.i.k.n.KeyIO           Parsing took 0 ms 
745797     INFO  Test worker     d.u.i.k.n.KeyIO           MODE: declarations took 0 ms 
]]></system-out>
  <system-err><![CDATA[]]></system-err>
</testsuite>
