<?xml version="1.0" encoding="UTF-8"?>
<testsuite name="de.uka.ilkd.key.nparser.ExprTest" tests="23" skipped="0" failures="0" errors="0" timestamp="2023-04-10T21:22:11" hostname="fv-az173-99" time="2.337">
  <properties/>
  <testcase name="[1] (bprod{int y;}(1, 2, y) = 0)" classname="de.uka.ilkd.key.nparser.ExprTest" time="0.028"/>
  <testcase name="[2] 1 = 1 -&gt; 2 = 2" classname="de.uka.ilkd.key.nparser.ExprTest" time="0.018"/>
  <testcase name="[3] \&lt; { int x = 1; } \&gt; x=1" classname="de.uka.ilkd.key.nparser.ExprTest" time="1.031"/>
  <testcase name="[4] \&lt;{ int x = 1; {int s = 2;} }\&gt; x=x" classname="de.uka.ilkd.key.nparser.ExprTest" time="0.94"/>
  <testcase name="[5] true" classname="de.uka.ilkd.key.nparser.ExprTest" time="0.012"/>
  <testcase name="[6] true &amp; false" classname="de.uka.ilkd.key.nparser.ExprTest" time="0.011"/>
  <testcase name="[7] 0" classname="de.uka.ilkd.key.nparser.ExprTest" time="0.011"/>
  <testcase name="[8] 1" classname="de.uka.ilkd.key.nparser.ExprTest" time="0.011"/>
  <testcase name="[9] 42" classname="de.uka.ilkd.key.nparser.ExprTest" time="0.01"/>
  <testcase name="[10] -5" classname="de.uka.ilkd.key.nparser.ExprTest" time="0.011"/>
  <testcase name="[11] 1 + 1 = 2" classname="de.uka.ilkd.key.nparser.ExprTest" time="0.015"/>
  <testcase name="[12] \if (3=4) \then (1) \else (2)" classname="de.uka.ilkd.key.nparser.ExprTest" time="0.015"/>
  <testcase name="[13] \if (3=4 &amp; 1=1) \then (\if (3=4) \then (1) \else (2)) \else (2)" classname="de.uka.ilkd.key.nparser.ExprTest" time="0.011"/>
  <testcase name="[14] aa + bb*cc" classname="de.uka.ilkd.key.nparser.ExprTest" time="0.011"/>
  <testcase name="[15] aa%bb*cc &lt; -123" classname="de.uka.ilkd.key.nparser.ExprTest" time="0.012"/>
  <testcase name="[16] \forall int x; true" classname="de.uka.ilkd.key.nparser.ExprTest" time="0.011"/>
  <testcase name="[17] \forall numbers x; x = x" classname="de.uka.ilkd.key.nparser.ExprTest" time="0.01"/>
  <testcase name="[18] (int)3+2" classname="de.uka.ilkd.key.nparser.ExprTest" time="0.011"/>
  <testcase name="[19] 1.f + 1f = 20e-1f * (2f-1f)" classname="de.uka.ilkd.key.nparser.ExprTest" time="0.026"/>
  <testcase name="[20] 1.d + 1d &lt;= 20e+1d * .01d" classname="de.uka.ilkd.key.nparser.ExprTest" time="0.039"/>
  <testcase name="[21] 1f &lt;= 2f" classname="de.uka.ilkd.key.nparser.ExprTest" time="0.02"/>
  <testcase name="[22] 2d &gt; 1d" classname="de.uka.ilkd.key.nparser.ExprTest" time="0.016"/>
  <testcase name="[23] seqEmpty + seqEmpty" classname="de.uka.ilkd.key.nparser.ExprTest" time="0.032"/>
  <system-out><![CDATA[200825     INFO  Test worker     d.u.i.k.n.KeyIO           Parsing took 11 ms 
200829     INFO  Test worker     d.u.i.k.n.KeyIO           MODE: declarations took 3 ms 
200839     INFO  Test worker     d.u.i.k.n.ExprTest        Term: equals(bprod{y:int}(Z(1(#)),Z(2(#)),y),Z(0(#))) 
200852     INFO  Test worker     d.u.i.k.n.KeyIO           Parsing took 9 ms 
200854     INFO  Test worker     d.u.i.k.n.KeyIO           MODE: declarations took 1 ms 
200858     INFO  Test worker     d.u.i.k.n.ExprTest        Term: imp(equals(Z(1(#)),Z(1(#))),equals(Z(2(#)),Z(2(#)))) 
200871     INFO  Test worker     d.u.i.k.n.KeyIO           Parsing took 8 ms 
200874     INFO  Test worker     d.u.i.k.n.KeyIO           MODE: declarations took 1 ms 
201889     INFO  Test worker     d.u.i.k.n.ExprTest        Term: \<{
  int x = 1;
}\> (equals(x,Z(1(#)))) 
201906     INFO  Test worker     d.u.i.k.n.KeyIO           Parsing took 11 ms 
201907     INFO  Test worker     d.u.i.k.n.KeyIO           MODE: declarations took 1 ms 
202833     INFO  Test worker     d.u.i.k.n.ExprTest        Term: \<{
  int x = 1;
  {
    int s = 2;
  }
}\> (equals(x,x)) 
202842     INFO  Test worker     d.u.i.k.n.KeyIO           Parsing took 7 ms 
202843     INFO  Test worker     d.u.i.k.n.KeyIO           MODE: declarations took 1 ms 
202845     INFO  Test worker     d.u.i.k.n.ExprTest        Term: true 
202854     INFO  Test worker     d.u.i.k.n.KeyIO           Parsing took 7 ms 
202855     INFO  Test worker     d.u.i.k.n.KeyIO           MODE: declarations took 1 ms 
202857     INFO  Test worker     d.u.i.k.n.ExprTest        Term: and(true,false) 
202865     INFO  Test worker     d.u.i.k.n.KeyIO           Parsing took 6 ms 
202866     INFO  Test worker     d.u.i.k.n.KeyIO           MODE: declarations took 1 ms 
202868     INFO  Test worker     d.u.i.k.n.ExprTest        Term: Z(0(#)) 
202877     INFO  Test worker     d.u.i.k.n.KeyIO           Parsing took 6 ms 
202878     INFO  Test worker     d.u.i.k.n.KeyIO           MODE: declarations took 1 ms 
202880     INFO  Test worker     d.u.i.k.n.ExprTest        Term: Z(1(#)) 
202889     INFO  Test worker     d.u.i.k.n.KeyIO           Parsing took 7 ms 
202890     INFO  Test worker     d.u.i.k.n.KeyIO           MODE: declarations took 1 ms 
202892     INFO  Test worker     d.u.i.k.n.ExprTest        Term: Z(2(4(#))) 
202900     INFO  Test worker     d.u.i.k.n.KeyIO           Parsing took 6 ms 
202901     INFO  Test worker     d.u.i.k.n.KeyIO           MODE: declarations took 1 ms 
202903     INFO  Test worker     d.u.i.k.n.ExprTest        Term: Z(neglit(5(#))) 
202915     INFO  Test worker     d.u.i.k.n.KeyIO           Parsing took 10 ms 
202916     INFO  Test worker     d.u.i.k.n.KeyIO           MODE: declarations took 1 ms 
202918     INFO  Test worker     d.u.i.k.n.ExprTest        Term: equals(add(Z(1(#)),Z(1(#))),Z(2(#))) 
202929     INFO  Test worker     d.u.i.k.n.KeyIO           Parsing took 6 ms 
202930     INFO  Test worker     d.u.i.k.n.KeyIO           MODE: declarations took 1 ms 
202933     INFO  Test worker     d.u.i.k.n.ExprTest        Term: if-then-else(equals(Z(3(#)),Z(4(#))),Z(1(#)),Z(2(#))) 
202942     INFO  Test worker     d.u.i.k.n.KeyIO           Parsing took 7 ms 
202943     INFO  Test worker     d.u.i.k.n.KeyIO           MODE: declarations took 1 ms 
202945     INFO  Test worker     d.u.i.k.n.ExprTest        Term: if-then-else(and(equals(Z(3(#)),Z(4(#))),equals(Z(1(#)),Z(1(#)))),if-then-else(equals(Z(3(#)),Z(4(#))),Z(1(#)),Z(2(#))),Z(2(#))) 
202954     INFO  Test worker     d.u.i.k.n.KeyIO           Parsing took 7 ms 
202955     INFO  Test worker     d.u.i.k.n.KeyIO           MODE: declarations took 1 ms 
202957     INFO  Test worker     d.u.i.k.n.ExprTest        Term: add(aa,mul(bb,cc)) 
202966     INFO  Test worker     d.u.i.k.n.KeyIO           Parsing took 7 ms 
202967     INFO  Test worker     d.u.i.k.n.KeyIO           MODE: declarations took 1 ms 
202969     INFO  Test worker     d.u.i.k.n.ExprTest        Term: lt(mul(mod(aa,bb),cc),Z(neglit(3(2(1(#)))))) 
202978     INFO  Test worker     d.u.i.k.n.KeyIO           Parsing took 6 ms 
202979     INFO  Test worker     d.u.i.k.n.KeyIO           MODE: declarations took 1 ms 
202981     INFO  Test worker     d.u.i.k.n.ExprTest        Term: all{x:int}(true) 
202991     INFO  Test worker     d.u.i.k.n.KeyIO           Parsing took 7 ms 
202991     INFO  Test worker     d.u.i.k.n.KeyIO           MODE: declarations took 0 ms 
202994     INFO  Test worker     d.u.i.k.n.ExprTest        Term: all{x:numbers}(equals(x,x)) 
203002     INFO  Test worker     d.u.i.k.n.KeyIO           Parsing took 6 ms 
203003     INFO  Test worker     d.u.i.k.n.KeyIO           MODE: declarations took 1 ms 
203005     INFO  Test worker     d.u.i.k.n.ExprTest        Term: add(int::cast(Z(3(#))),Z(2(#))) 
203017     INFO  Test worker     d.u.i.k.n.KeyIO           Parsing took 9 ms 
203018     INFO  Test worker     d.u.i.k.n.KeyIO           MODE: declarations took 1 ms 
203023     INFO  Test worker     d.u.i.k.n.ExprTest        Term: equals(addFloat(FP(6(1(2(3(5(3(5(6(0(1(#))))))))))),FP(6(1(2(3(5(3(5(6(0(1(#)))))))))))),mulFloat(FP(4(2(8(1(4(7(3(7(0(1(#))))))))))),subFloat(FP(4(2(8(1(4(7(3(7(0(1(#))))))))))),FP(6(1(2(3(5(3(5(6(0(1(#)))))))))))))) 
203049     INFO  Test worker     d.u.i.k.n.KeyIO           Parsing took 14 ms 
203061     INFO  Test worker     d.u.i.k.n.KeyIO           MODE: declarations took 11 ms 
203065     INFO  Test worker     d.u.i.k.n.ExprTest        Term: leqDouble(addDouble(DFP(8(0(4(7(1(0(0(0(8(8(1(4(2(8(1(7(0(6(4(#)))))))))))))))))))),DFP(8(0(4(7(1(0(0(0(8(8(1(4(2(8(1(7(0(6(4(#))))))))))))))))))))),mulDouble(DFP(4(8(7(6(0(0(2(8(9(0(9(8(0(4(2(1(4(6(4(#)))))))))))))))))))),DFP(5(7(6(7(8(0(4(0(3(9(2(2(8(1(9(6(7(5(4(#)))))))))))))))))))))) 
203092     INFO  Test worker     d.u.i.k.n.KeyIO           Parsing took 12 ms 
203093     INFO  Test worker     d.u.i.k.n.KeyIO           MODE: declarations took 0 ms 
203097     INFO  Test worker     d.u.i.k.n.ExprTest        Term: leqFloat(FP(6(1(2(3(5(3(5(6(0(1(#))))))))))),FP(4(2(8(1(4(7(3(7(0(1(#)))))))))))) 
203107     INFO  Test worker     d.u.i.k.n.KeyIO           Parsing took 7 ms 
203109     INFO  Test worker     d.u.i.k.n.KeyIO           MODE: declarations took 1 ms 
203114     INFO  Test worker     d.u.i.k.n.ExprTest        Term: gtDouble(DFP(4(0(9(7(8(3(7(2(4(8(1(0(6(8(6(1(1(6(4(#)))))))))))))))))))),DFP(8(0(4(7(1(0(0(0(8(8(1(4(2(8(1(7(0(6(4(#))))))))))))))))))))) 
203126     INFO  Test worker     d.u.i.k.n.KeyIO           Parsing took 8 ms 
203144     INFO  Test worker     d.u.i.k.n.KeyIO           MODE: declarations took 3 ms 
203147     INFO  Test worker     d.u.i.k.n.ExprTest        Term: seqConcat(seqEmpty,seqEmpty) 
]]></system-out>
  <system-err><![CDATA[]]></system-err>
</testsuite>
