<?xml version="1.0" encoding="UTF-8"?>
<testsuite name="de.uka.ilkd.key.parser.TestTermParser" tests="47" skipped="4" failures="0" errors="0" timestamp="2023-04-10T21:23:56" hostname="fv-az173-99" time="4.281">
  <properties/>
  <testcase name="testNotEqual()" classname="de.uka.ilkd.key.parser.TestTermParser" time="0.001"/>
  <testcase name="testProgramVariables()" classname="de.uka.ilkd.key.parser.TestTermParser" time="0.07"/>
  <testcase name="testAttributeWithSpecifiedSortOnObject()" classname="de.uka.ilkd.key.parser.TestTermParser" time="0.006"/>
  <testcase name="testCast()" classname="de.uka.ilkd.key.parser.TestTermParser" time="0.004"/>
  <testcase name="testJavaQueryAndAttribute_all()" classname="de.uka.ilkd.key.parser.TestTermParser" time="0.001">
    <skipped/>
  </testcase>
  <testcase name="test10()" classname="de.uka.ilkd.key.parser.TestTermParser" time="0.005"/>
  <testcase name="test11()" classname="de.uka.ilkd.key.parser.TestTermParser" time="0.004"/>
  <testcase name="test12()" classname="de.uka.ilkd.key.parser.TestTermParser" time="0.0">
    <skipped/>
  </testcase>
  <testcase name="test13()" classname="de.uka.ilkd.key.parser.TestTermParser" time="0.006"/>
  <testcase name="test14()" classname="de.uka.ilkd.key.parser.TestTermParser" time="0.004"/>
  <testcase name="test1a()" classname="de.uka.ilkd.key.parser.TestTermParser" time="0.003"/>
  <testcase name="testJavaAttributeAccess_4()" classname="de.uka.ilkd.key.parser.TestTermParser" time="0.003"/>
  <testcase name="testAttributeOnObject()" classname="de.uka.ilkd.key.parser.TestTermParser" time="0.003"/>
  <testcase name="testNegativeLiteralParsing1()" classname="de.uka.ilkd.key.parser.TestTermParser" time="0.002"/>
  <testcase name="testNegativeLiteralParsing2()" classname="de.uka.ilkd.key.parser.TestTermParser" time="0.001"/>
  <testcase name="testNegativeLiteralParsing3()" classname="de.uka.ilkd.key.parser.TestTermParser" time="0.003"/>
  <testcase name="xtestParsingArrayWithSpaces()" classname="de.uka.ilkd.key.parser.TestTermParser" time="0.0">
    <skipped/>
  </testcase>
  <testcase name="testAmbigiousFuncVarPred()" classname="de.uka.ilkd.key.parser.TestTermParser" time="0.002"/>
  <testcase name="test1()" classname="de.uka.ilkd.key.parser.TestTermParser" time="0.002"/>
  <testcase name="test2()" classname="de.uka.ilkd.key.parser.TestTermParser" time="0.002"/>
  <testcase name="test3()" classname="de.uka.ilkd.key.parser.TestTermParser" time="0.001"/>
  <testcase name="test5()" classname="de.uka.ilkd.key.parser.TestTermParser" time="0.001"/>
  <testcase name="test6()" classname="de.uka.ilkd.key.parser.TestTermParser" time="0.002"/>
  <testcase name="test7()" classname="de.uka.ilkd.key.parser.TestTermParser" time="0.001"/>
  <testcase name="test8()" classname="de.uka.ilkd.key.parser.TestTermParser" time="0.001"/>
  <testcase name="test9()" classname="de.uka.ilkd.key.parser.TestTermParser" time="0.002"/>
  <testcase name="testBindingUpdateTerm()" classname="de.uka.ilkd.key.parser.TestTermParser" time="0.002"/>
  <testcase name="testJavaStaticQuery()" classname="de.uka.ilkd.key.parser.TestTermParser" time="0.003"/>
  <testcase name="testInfix1()" classname="de.uka.ilkd.key.parser.TestTermParser" time="0.002"/>
  <testcase name="testInfix2()" classname="de.uka.ilkd.key.parser.TestTermParser" time="0.001"/>
  <testcase name="testInfix3()" classname="de.uka.ilkd.key.parser.TestTermParser" time="0.002"/>
  <testcase name="testInfix4()" classname="de.uka.ilkd.key.parser.TestTermParser" time="0.002"/>
  <testcase name="testIfThenElse()" classname="de.uka.ilkd.key.parser.TestTermParser" time="0.002"/>
  <testcase name="testJavaAttributeAccessBoth_1()" classname="de.uka.ilkd.key.parser.TestTermParser" time="0.003"/>
  <testcase name="testJavaAttributeAccessBoth_2()" classname="de.uka.ilkd.key.parser.TestTermParser" time="0.003"/>
  <testcase name="testJavaAttributeAccessBoth_3()" classname="de.uka.ilkd.key.parser.TestTermParser" time="0.003"/>
  <testcase name="testBindingUpdateTerm_1()" classname="de.uka.ilkd.key.parser.TestTermParser" time="0.001"/>
  <testcase name="testBindingUpdateTerm_3()" classname="de.uka.ilkd.key.parser.TestTermParser" time="0.007"/>
  <testcase name="testBindingUpdateTerm_4()" classname="de.uka.ilkd.key.parser.TestTermParser" time="0.0"/>
  <testcase name="testBindingUpdateTerm_5()" classname="de.uka.ilkd.key.parser.TestTermParser" time="0.004"/>
  <testcase name="testBindingUpdateTerm_6()" classname="de.uka.ilkd.key.parser.TestTermParser" time="0.003"/>
  <testcase name="testBindingUpdateTerm_7()" classname="de.uka.ilkd.key.parser.TestTermParser" time="0.002"/>
  <testcase name="testBindingUpdateTerm_8()" classname="de.uka.ilkd.key.parser.TestTermParser" time="0.006"/>
  <testcase name="testParsingArray()" classname="de.uka.ilkd.key.parser.TestTermParser" time="0.005"/>
  <testcase name="xtestBindingUpdateTermOldBindingAlternative()" classname="de.uka.ilkd.key.parser.TestTermParser" time="0.0">
    <skipped/>
  </testcase>
  <testcase name="testJavaStaticQueryWithParameter()" classname="de.uka.ilkd.key.parser.TestTermParser" time="0.005"/>
  <testcase name="testParsingArrayCombination()" classname="de.uka.ilkd.key.parser.TestTermParser" time="0.003"/>
  <system-out><![CDATA[306058     INFO  Test worker     d.u.i.k.n.KeyIO           Parsing took 0 ms 
306058     INFO  Test worker     d.u.i.k.n.KeyIO           MODE: declarations took 0 ms 
306060     WARN  Test worker     d.u.i.k.j.r.KeYCrossReferenceNameInfo Datatype T declared twice: Once in UNKNOWN:unknown and once in UNKNOWN:unknown, Keeping one from UNKNOWN:unknown 
306151     INFO  Test worker     d.u.i.k.n.KeyIO           Parsing took 0 ms 
306151     INFO  Test worker     d.u.i.k.n.KeyIO           MODE: declarations took 0 ms 
306220     WARN  Test worker     d.u.i.k.j.r.KeYCrossReferenceNameInfo Datatype T declared twice: Once in UNKNOWN:unknown and once in UNKNOWN:unknown, Keeping one from UNKNOWN:unknown 
306308     INFO  Test worker     d.u.i.k.n.KeyIO           Parsing took 0 ms 
306308     INFO  Test worker     d.u.i.k.n.KeyIO           MODE: declarations took 0 ms 
306314     WARN  Test worker     d.u.i.k.j.r.KeYCrossReferenceNameInfo Datatype T declared twice: Once in UNKNOWN:unknown and once in UNKNOWN:unknown, Keeping one from UNKNOWN:unknown 
306406     INFO  Test worker     d.u.i.k.n.KeyIO           Parsing took 0 ms 
306407     INFO  Test worker     d.u.i.k.n.KeyIO           MODE: declarations took 0 ms 
306410     WARN  Test worker     d.u.i.k.j.r.KeYCrossReferenceNameInfo Datatype T declared twice: Once in UNKNOWN:unknown and once in UNKNOWN:unknown, Keeping one from UNKNOWN:unknown 
306501     WARN  Test worker     d.u.i.k.j.r.KeYCrossReferenceNameInfo Datatype T declared twice: Once in UNKNOWN:unknown and once in UNKNOWN:unknown, Keeping one from UNKNOWN:unknown 
306589     INFO  Test worker     d.u.i.k.n.KeyIO           Parsing took 0 ms 
306589     INFO  Test worker     d.u.i.k.n.KeyIO           MODE: declarations took 0 ms 
306592     INFO  Test worker     d.u.i.k.p.TestTermParser  Out: \<{
  int x = 1;
  {
    int s = 2;
  }
}\> (equals(x,x)) 
306594     WARN  Test worker     d.u.i.k.j.r.KeYCrossReferenceNameInfo Datatype T declared twice: Once in UNKNOWN:unknown and once in UNKNOWN:unknown, Keeping one from UNKNOWN:unknown 
306681     INFO  Test worker     d.u.i.k.n.KeyIO           Parsing took 0 ms 
306682     INFO  Test worker     d.u.i.k.n.KeyIO           MODE: declarations took 0 ms 
306683     INFO  Test worker     d.u.i.k.p.TestTermParser  Out: \[{
  int x = 2;
  {
    String s = ""}";
  }
}\] (true) 
306685     WARN  Test worker     d.u.i.k.j.r.KeYCrossReferenceNameInfo Datatype T declared twice: Once in UNKNOWN:unknown and once in UNKNOWN:unknown, Keeping one from UNKNOWN:unknown 
306774     WARN  Test worker     d.u.i.k.j.r.KeYCrossReferenceNameInfo Datatype T declared twice: Once in UNKNOWN:unknown and once in UNKNOWN:unknown, Keeping one from UNKNOWN:unknown 
306862     INFO  Test worker     d.u.i.k.n.KeyIO           Parsing took 0 ms 
306863     INFO  Test worker     d.u.i.k.n.KeyIO           MODE: declarations took 0 ms 
306868     WARN  Test worker     d.u.i.k.j.r.KeYCrossReferenceNameInfo Datatype T declared twice: Once in UNKNOWN:unknown and once in UNKNOWN:unknown, Keeping one from UNKNOWN:unknown 
306957     INFO  Test worker     d.u.i.k.n.KeyIO           Parsing took 0 ms 
306958     INFO  Test worker     d.u.i.k.n.KeyIO           MODE: declarations took 0 ms 
306960     INFO  Test worker     d.u.i.k.p.TestTermParser  Out: \<{
  int[] i;
}\> (diamond(true)) 
306962     WARN  Test worker     d.u.i.k.j.r.KeYCrossReferenceNameInfo Datatype T declared twice: Once in UNKNOWN:unknown and once in UNKNOWN:unknown, Keeping one from UNKNOWN:unknown 
307055     INFO  Test worker     d.u.i.k.n.KeyIO           Parsing took 0 ms 
307055     INFO  Test worker     d.u.i.k.n.KeyIO           MODE: declarations took 0 ms 
307058     WARN  Test worker     d.u.i.k.j.r.KeYCrossReferenceNameInfo Datatype T declared twice: Once in UNKNOWN:unknown and once in UNKNOWN:unknown, Keeping one from UNKNOWN:unknown 
307145     INFO  Test worker     d.u.i.k.n.KeyIO           Parsing took 0 ms 
307145     INFO  Test worker     d.u.i.k.n.KeyIO           MODE: declarations took 0 ms 
307148     WARN  Test worker     d.u.i.k.j.r.KeYCrossReferenceNameInfo Datatype T declared twice: Once in UNKNOWN:unknown and once in UNKNOWN:unknown, Keeping one from UNKNOWN:unknown 
307237     INFO  Test worker     d.u.i.k.n.KeyIO           Parsing took 0 ms 
307237     INFO  Test worker     d.u.i.k.n.KeyIO           MODE: declarations took 0 ms 
307240     WARN  Test worker     d.u.i.k.j.r.KeYCrossReferenceNameInfo Datatype T declared twice: Once in UNKNOWN:unknown and once in UNKNOWN:unknown, Keeping one from UNKNOWN:unknown 
307329     INFO  Test worker     d.u.i.k.n.KeyIO           Parsing took 0 ms 
307330     INFO  Test worker     d.u.i.k.n.KeyIO           MODE: declarations took 0 ms 
307331     WARN  Test worker     d.u.i.k.j.r.KeYCrossReferenceNameInfo Datatype T declared twice: Once in UNKNOWN:unknown and once in UNKNOWN:unknown, Keeping one from UNKNOWN:unknown 
307420     INFO  Test worker     d.u.i.k.n.KeyIO           Parsing took 0 ms 
307421     INFO  Test worker     d.u.i.k.n.KeyIO           MODE: declarations took 1 ms 
307423     WARN  Test worker     d.u.i.k.j.r.KeYCrossReferenceNameInfo Datatype T declared twice: Once in UNKNOWN:unknown and once in UNKNOWN:unknown, Keeping one from UNKNOWN:unknown 
307511     INFO  Test worker     d.u.i.k.n.KeyIO           Parsing took 0 ms 
307512     INFO  Test worker     d.u.i.k.n.KeyIO           MODE: declarations took 0 ms 
307514     WARN  Test worker     d.u.i.k.j.r.KeYCrossReferenceNameInfo Datatype T declared twice: Once in UNKNOWN:unknown and once in UNKNOWN:unknown, Keeping one from UNKNOWN:unknown 
307603     WARN  Test worker     d.u.i.k.j.r.KeYCrossReferenceNameInfo Datatype T declared twice: Once in UNKNOWN:unknown and once in UNKNOWN:unknown, Keeping one from UNKNOWN:unknown 
307693     INFO  Test worker     d.u.i.k.n.KeyIO           Parsing took 1 ms 
307693     INFO  Test worker     d.u.i.k.n.KeyIO           MODE: declarations took 0 ms 
307694     WARN  Test worker     d.u.i.k.j.r.KeYCrossReferenceNameInfo Datatype T declared twice: Once in UNKNOWN:unknown and once in UNKNOWN:unknown, Keeping one from UNKNOWN:unknown 
307788     INFO  Test worker     d.u.i.k.n.KeyIO           Parsing took 0 ms 
307788     INFO  Test worker     d.u.i.k.n.KeyIO           MODE: declarations took 0 ms 
307790     WARN  Test worker     d.u.i.k.j.r.KeYCrossReferenceNameInfo Datatype T declared twice: Once in UNKNOWN:unknown and once in UNKNOWN:unknown, Keeping one from UNKNOWN:unknown 
307885     INFO  Test worker     d.u.i.k.n.KeyIO           Parsing took 0 ms 
307885     INFO  Test worker     d.u.i.k.n.KeyIO           MODE: declarations took 0 ms 
307886     WARN  Test worker     d.u.i.k.j.r.KeYCrossReferenceNameInfo Datatype T declared twice: Once in UNKNOWN:unknown and once in UNKNOWN:unknown, Keeping one from UNKNOWN:unknown 
307974     INFO  Test worker     d.u.i.k.n.KeyIO           Parsing took 1 ms 
307974     INFO  Test worker     d.u.i.k.n.KeyIO           MODE: declarations took 0 ms 
307975     WARN  Test worker     d.u.i.k.j.r.KeYCrossReferenceNameInfo Datatype T declared twice: Once in UNKNOWN:unknown and once in UNKNOWN:unknown, Keeping one from UNKNOWN:unknown 
308063     INFO  Test worker     d.u.i.k.n.KeyIO           Parsing took 0 ms 
308063     INFO  Test worker     d.u.i.k.n.KeyIO           MODE: declarations took 0 ms 
308065     WARN  Test worker     d.u.i.k.j.r.KeYCrossReferenceNameInfo Datatype T declared twice: Once in UNKNOWN:unknown and once in UNKNOWN:unknown, Keeping one from UNKNOWN:unknown 
308152     INFO  Test worker     d.u.i.k.n.KeyIO           Parsing took 0 ms 
308152     INFO  Test worker     d.u.i.k.n.KeyIO           MODE: declarations took 0 ms 
308154     WARN  Test worker     d.u.i.k.j.r.KeYCrossReferenceNameInfo Datatype T declared twice: Once in UNKNOWN:unknown and once in UNKNOWN:unknown, Keeping one from UNKNOWN:unknown 
308242     INFO  Test worker     d.u.i.k.n.KeyIO           Parsing took 0 ms 
308242     INFO  Test worker     d.u.i.k.n.KeyIO           MODE: declarations took 0 ms 
308243     WARN  Test worker     d.u.i.k.j.r.KeYCrossReferenceNameInfo Datatype T declared twice: Once in UNKNOWN:unknown and once in UNKNOWN:unknown, Keeping one from UNKNOWN:unknown 
308331     INFO  Test worker     d.u.i.k.n.KeyIO           Parsing took 0 ms 
308331     INFO  Test worker     d.u.i.k.n.KeyIO           MODE: declarations took 0 ms 
308333     WARN  Test worker     d.u.i.k.j.r.KeYCrossReferenceNameInfo Datatype T declared twice: Once in UNKNOWN:unknown and once in UNKNOWN:unknown, Keeping one from UNKNOWN:unknown 
308421     INFO  Test worker     d.u.i.k.n.KeyIO           Parsing took 0 ms 
308422     INFO  Test worker     d.u.i.k.n.KeyIO           MODE: declarations took 0 ms 
308423     WARN  Test worker     d.u.i.k.j.r.KeYCrossReferenceNameInfo Datatype T declared twice: Once in UNKNOWN:unknown and once in UNKNOWN:unknown, Keeping one from UNKNOWN:unknown 
308510     INFO  Test worker     d.u.i.k.n.KeyIO           Parsing took 0 ms 
308511     INFO  Test worker     d.u.i.k.n.KeyIO           MODE: declarations took 0 ms 
308512     WARN  Test worker     d.u.i.k.j.r.KeYCrossReferenceNameInfo Datatype T declared twice: Once in UNKNOWN:unknown and once in UNKNOWN:unknown, Keeping one from UNKNOWN:unknown 
308600     INFO  Test worker     d.u.i.k.n.KeyIO           Parsing took 1 ms 
308600     INFO  Test worker     d.u.i.k.n.KeyIO           MODE: declarations took 0 ms 
308602     WARN  Test worker     d.u.i.k.j.r.KeYCrossReferenceNameInfo Datatype T declared twice: Once in UNKNOWN:unknown and once in UNKNOWN:unknown, Keeping one from UNKNOWN:unknown 
308691     INFO  Test worker     d.u.i.k.n.KeyIO           Parsing took 1 ms 
308691     INFO  Test worker     d.u.i.k.n.KeyIO           MODE: declarations took 0 ms 
308693     WARN  Test worker     d.u.i.k.j.r.KeYCrossReferenceNameInfo Datatype T declared twice: Once in UNKNOWN:unknown and once in UNKNOWN:unknown, Keeping one from UNKNOWN:unknown 
308780     INFO  Test worker     d.u.i.k.n.KeyIO           Parsing took 0 ms 
308780     INFO  Test worker     d.u.i.k.n.KeyIO           MODE: declarations took 0 ms 
308782     WARN  Test worker     d.u.i.k.j.r.KeYCrossReferenceNameInfo Datatype T declared twice: Once in UNKNOWN:unknown and once in UNKNOWN:unknown, Keeping one from UNKNOWN:unknown 
308869     INFO  Test worker     d.u.i.k.n.KeyIO           Parsing took 0 ms 
308869     INFO  Test worker     d.u.i.k.n.KeyIO           MODE: declarations took 0 ms 
308871     WARN  Test worker     d.u.i.k.j.r.KeYCrossReferenceNameInfo Datatype T declared twice: Once in UNKNOWN:unknown and once in UNKNOWN:unknown, Keeping one from UNKNOWN:unknown 
308959     INFO  Test worker     d.u.i.k.n.KeyIO           Parsing took 0 ms 
308959     INFO  Test worker     d.u.i.k.n.KeyIO           MODE: declarations took 0 ms 
308961     WARN  Test worker     d.u.i.k.j.r.KeYCrossReferenceNameInfo Datatype T declared twice: Once in UNKNOWN:unknown and once in UNKNOWN:unknown, Keeping one from UNKNOWN:unknown 
309049     INFO  Test worker     d.u.i.k.n.KeyIO           Parsing took 0 ms 
309049     INFO  Test worker     d.u.i.k.n.KeyIO           MODE: declarations took 0 ms 
309051     WARN  Test worker     d.u.i.k.j.r.KeYCrossReferenceNameInfo Datatype T declared twice: Once in UNKNOWN:unknown and once in UNKNOWN:unknown, Keeping one from UNKNOWN:unknown 
309139     INFO  Test worker     d.u.i.k.n.KeyIO           Parsing took 0 ms 
309140     INFO  Test worker     d.u.i.k.n.KeyIO           MODE: declarations took 1 ms 
309142     WARN  Test worker     d.u.i.k.j.r.KeYCrossReferenceNameInfo Datatype T declared twice: Once in UNKNOWN:unknown and once in UNKNOWN:unknown, Keeping one from UNKNOWN:unknown 
309230     INFO  Test worker     d.u.i.k.n.KeyIO           Parsing took 0 ms 
309230     INFO  Test worker     d.u.i.k.n.KeyIO           MODE: declarations took 0 ms 
309233     WARN  Test worker     d.u.i.k.j.r.KeYCrossReferenceNameInfo Datatype T declared twice: Once in UNKNOWN:unknown and once in UNKNOWN:unknown, Keeping one from UNKNOWN:unknown 
309321     INFO  Test worker     d.u.i.k.n.KeyIO           Parsing took 1 ms 
309321     INFO  Test worker     d.u.i.k.n.KeyIO           MODE: declarations took 0 ms 
309323     WARN  Test worker     d.u.i.k.j.r.KeYCrossReferenceNameInfo Datatype T declared twice: Once in UNKNOWN:unknown and once in UNKNOWN:unknown, Keeping one from UNKNOWN:unknown 
309411     INFO  Test worker     d.u.i.k.n.KeyIO           Parsing took 0 ms 
309411     INFO  Test worker     d.u.i.k.n.KeyIO           MODE: declarations took 0 ms 
309412     WARN  Test worker     d.u.i.k.j.r.KeYCrossReferenceNameInfo Datatype T declared twice: Once in UNKNOWN:unknown and once in UNKNOWN:unknown, Keeping one from UNKNOWN:unknown 
309500     INFO  Test worker     d.u.i.k.n.KeyIO           Parsing took 1 ms 
309500     INFO  Test worker     d.u.i.k.n.KeyIO           MODE: declarations took 0 ms 
309506     WARN  Test worker     d.u.i.k.j.r.KeYCrossReferenceNameInfo Datatype T declared twice: Once in UNKNOWN:unknown and once in UNKNOWN:unknown, Keeping one from UNKNOWN:unknown 
309594     INFO  Test worker     d.u.i.k.n.KeyIO           Parsing took 0 ms 
309594     INFO  Test worker     d.u.i.k.n.KeyIO           MODE: declarations took 0 ms 
309595     WARN  Test worker     d.u.i.k.j.r.KeYCrossReferenceNameInfo Datatype T declared twice: Once in UNKNOWN:unknown and once in UNKNOWN:unknown, Keeping one from UNKNOWN:unknown 
309684     INFO  Test worker     d.u.i.k.n.KeyIO           Parsing took 0 ms 
309686     INFO  Test worker     d.u.i.k.n.KeyIO           MODE: declarations took 0 ms 
309689     WARN  Test worker     d.u.i.k.j.r.KeYCrossReferenceNameInfo Datatype T declared twice: Once in UNKNOWN:unknown and once in UNKNOWN:unknown, Keeping one from UNKNOWN:unknown 
309780     INFO  Test worker     d.u.i.k.n.KeyIO           Parsing took 0 ms 
309782     INFO  Test worker     d.u.i.k.n.KeyIO           MODE: declarations took 1 ms 
309784     WARN  Test worker     d.u.i.k.j.r.KeYCrossReferenceNameInfo Datatype T declared twice: Once in UNKNOWN:unknown and once in UNKNOWN:unknown, Keeping one from UNKNOWN:unknown 
309875     INFO  Test worker     d.u.i.k.n.KeyIO           Parsing took 0 ms 
309875     INFO  Test worker     d.u.i.k.n.KeyIO           MODE: declarations took 0 ms 
309877     WARN  Test worker     d.u.i.k.j.r.KeYCrossReferenceNameInfo Datatype T declared twice: Once in UNKNOWN:unknown and once in UNKNOWN:unknown, Keeping one from UNKNOWN:unknown 
309964     INFO  Test worker     d.u.i.k.n.KeyIO           Parsing took 0 ms 
309964     INFO  Test worker     d.u.i.k.n.KeyIO           MODE: declarations took 0 ms 
309970     WARN  Test worker     d.u.i.k.j.r.KeYCrossReferenceNameInfo Datatype T declared twice: Once in UNKNOWN:unknown and once in UNKNOWN:unknown, Keeping one from UNKNOWN:unknown 
310061     INFO  Test worker     d.u.i.k.n.KeyIO           Parsing took 1 ms 
310061     INFO  Test worker     d.u.i.k.n.KeyIO           MODE: declarations took 0 ms 
310065     WARN  Test worker     d.u.i.k.j.r.KeYCrossReferenceNameInfo Datatype T declared twice: Once in UNKNOWN:unknown and once in UNKNOWN:unknown, Keeping one from UNKNOWN:unknown 
310155     WARN  Test worker     d.u.i.k.j.r.KeYCrossReferenceNameInfo Datatype T declared twice: Once in UNKNOWN:unknown and once in UNKNOWN:unknown, Keeping one from UNKNOWN:unknown 
310243     INFO  Test worker     d.u.i.k.n.KeyIO           Parsing took 1 ms 
310243     INFO  Test worker     d.u.i.k.n.KeyIO           MODE: declarations took 0 ms 
310247     WARN  Test worker     d.u.i.k.j.r.KeYCrossReferenceNameInfo Datatype T declared twice: Once in UNKNOWN:unknown and once in UNKNOWN:unknown, Keeping one from UNKNOWN:unknown 
310336     INFO  Test worker     d.u.i.k.n.KeyIO           Parsing took 0 ms 
310336     INFO  Test worker     d.u.i.k.n.KeyIO           MODE: declarations took 0 ms 
]]></system-out>
  <system-err><![CDATA[]]></system-err>
</testsuite>
