<?xml version="1.0" encoding="UTF-8"?>
<testsuite name="de.uka.ilkd.key.testcase.smt.testgen.TestTestgen" tests="1" skipped="0" failures="0" errors="0" timestamp="2023-06-09T14:10:02" hostname="fv-az479-659" time="7.366">
  <properties/>
  <testcase name="testMiddle()" classname="de.uka.ilkd.key.testcase.smt.testgen.TestTestgen" time="7.366"/>
  <system-out><![CDATA[25459      WARN  Test worker     d.u.i.k.t.s.t.TestTestgen Warning: Z3_CE is not installed, tests skipped. 
25459      WARN  Test worker     d.u.i.k.t.s.t.TestTestgen Maybe use JVM system property "z3SolverPath" to define the path to the Z3 command. 
25459      INFO  Test worker     d.u.i.k.p.i.AbstractProblemLoader Loading environment from src\test\resources\testcase\smt\tg\middle.key 
25459      DEBUG Test worker     d.u.i.k.p.i.AbstractProblemLoader Environment load took 328.8ns 
25459      INFO  Test worker     d.u.i.k.p.i.AbstractProblemLoader Creating init config 
31835      DEBUG Test worker     d.u.i.k.p.i.AbstractProblemLoader Init config took 6.37s 
31991      INFO  Test worker     d.u.i.k.p.i.AbstractProblemLoader Replaying proof Middle[Middle::middle(int,int,int)].JML normal_behavior operation contract.0 
31991      DEBUG Test worker     d.u.i.k.p.i.IntermediateProofReplayer Proof replay took 22ns 
]]></system-out>
  <system-err><![CDATA[]]></system-err>
</testsuite>
