<?xml version="1.0" encoding="UTF-8"?>
<testsuite name="org.key_project.util.testcase.collection.TestSLListOfString" tests="8" skipped="0" failures="0" errors="0" timestamp="2023-02-09T17:25:40" hostname="fv-az566-723" time="0.014">
  <properties/>
  <testcase name="testToString()" classname="org.key_project.util.testcase.collection.TestSLListOfString" time="0.0"/>
  <testcase name="testRemoveFirst()" classname="org.key_project.util.testcase.collection.TestSLListOfString" time="0.001"/>
  <testcase name="testPrepend()" classname="org.key_project.util.testcase.collection.TestSLListOfString" time="0.0"/>
  <testcase name="testHeadTail()" classname="org.key_project.util.testcase.collection.TestSLListOfString" time="0.0"/>
  <testcase name="testContains()" classname="org.key_project.util.testcase.collection.TestSLListOfString" time="0.001"/>
  <testcase name="testAppend()" classname="org.key_project.util.testcase.collection.TestSLListOfString" time="0.001"/>
  <testcase name="testEquals()" classname="org.key_project.util.testcase.collection.TestSLListOfString" time="0.001"/>
  <testcase name="testRemoveAll()" classname="org.key_project.util.testcase.collection.TestSLListOfString" time="0.001"/>
  <system-out><![CDATA[17:25:40,421 |-INFO in ch.qos.logback.classic.LoggerContext[default] - Could NOT find resource [logback-test.xml]
17:25:40,422 |-INFO in ch.qos.logback.classic.LoggerContext[default] - Found resource [logback.xml] at [file:/home/runner/work/key/key/key.util/build/resources/test/logback.xml]
17:25:40,470 |-INFO in ch.qos.logback.classic.joran.action.ConfigurationAction - debug attribute not set
17:25:40,470 |-INFO in ch.qos.logback.core.joran.action.AppenderAction - About to instantiate appender of type [ch.qos.logback.core.ConsoleAppender]
17:25:40,474 |-INFO in ch.qos.logback.core.joran.action.AppenderAction - Naming appender as [STDOUT]
17:25:40,477 |-ERROR in ch.qos.logback.core.joran.spi.Interpreter@3:15 - no applicable action for [file], current ElementPath  is [[configuration][appender][file]]
17:25:40,478 |-ERROR in ch.qos.logback.core.joran.spi.Interpreter@4:17 - no applicable action for [append], current ElementPath  is [[configuration][appender][append]]
17:25:40,478 |-INFO in ch.qos.logback.core.joran.action.NestedComplexPropertyIA - Assuming default type [ch.qos.logback.classic.encoder.PatternLayoutEncoder] for [encoder] property
17:25:40,492 |-INFO in ch.qos.logback.classic.joran.action.RootLoggerAction - Setting level of ROOT logger to WARN
17:25:40,492 |-INFO in ch.qos.logback.core.joran.action.AppenderRefAction - Attaching appender named [STDOUT] to Logger[ROOT]
17:25:40,492 |-INFO in ch.qos.logback.classic.joran.action.ConfigurationAction - End of configuration.
17:25:40,493 |-INFO in ch.qos.logback.classic.joran.JoranConfigurator@7fd4acee - Registering current configuration as safe fallback point

]]></system-out>
  <system-err><![CDATA[]]></system-err>
</testsuite>
