<?xml version="1.0" encoding="UTF-8"?>
<testsuite name="de.uka.ilkd.key.proof_references.testcase.analyst.TestClassAxiomAndInvariantProofReferencesAnalyst" tests="5" skipped="0" failures="0" errors="0" timestamp="2023-02-02T13:44:21" hostname="fv-az370-649" time="14.925">
  <properties/>
  <testcase name="testModelFieldTest_f()" classname="de.uka.ilkd.key.proof_references.testcase.analyst.TestClassAxiomAndInvariantProofReferencesAnalyst" time="3.015"/>
  <testcase name="testModelFieldTest_doubleX()" classname="de.uka.ilkd.key.proof_references.testcase.analyst.TestClassAxiomAndInvariantProofReferencesAnalyst" time="3.043"/>
  <testcase name="testInvariantInOperationContractOfArgument()" classname="de.uka.ilkd.key.proof_references.testcase.analyst.TestClassAxiomAndInvariantProofReferencesAnalyst" time="3.021"/>
  <testcase name="testInvariantInOperationContract()" classname="de.uka.ilkd.key.proof_references.testcase.analyst.TestClassAxiomAndInvariantProofReferencesAnalyst" time="2.907"/>
  <testcase name="testNestedInvariantInOperationContract()" classname="de.uka.ilkd.key.proof_references.testcase.analyst.TestClassAxiomAndInvariantProofReferencesAnalyst" time="2.935"/>
  <system-out><![CDATA[]]></system-out>
  <system-err><![CDATA[]]></system-err>
</testsuite>
