<?xml version="1.0" encoding="UTF-8"?>
<testsuite name="de.uka.ilkd.key.parser.TestDeclParser" tests="14" skipped="2" failures="0" errors="0" timestamp="2023-06-05T17:08:14" hostname="fv-az319-668" time="18.287">
  <properties/>
  <testcase name="testGenericSortDecl1()" classname="de.uka.ilkd.key.parser.TestDeclParser" time="1.51"/>
  <testcase name="testGenericSortDecl2()" classname="de.uka.ilkd.key.parser.TestDeclParser" time="1.535"/>
  <testcase name="testGenericSortDecl3()" classname="de.uka.ilkd.key.parser.TestDeclParser" time="1.591"/>
  <testcase name="testGenericSortDecl4()" classname="de.uka.ilkd.key.parser.TestDeclParser" time="1.506"/>
  <testcase name="testGenericSortDecl5()" classname="de.uka.ilkd.key.parser.TestDeclParser" time="0.001">
    <skipped/>
  </testcase>
  <testcase name="testGenericSortDecl6()" classname="de.uka.ilkd.key.parser.TestDeclParser" time="1.526"/>
  <testcase name="testSortDecl()" classname="de.uka.ilkd.key.parser.TestDeclParser" time="1.524"/>
  <testcase name="testProxySortDecl()" classname="de.uka.ilkd.key.parser.TestDeclParser" time="1.509"/>
  <testcase name="testArrayDecl()" classname="de.uka.ilkd.key.parser.TestDeclParser" time="1.509"/>
  <testcase name="testAmbiguousDecls()" classname="de.uka.ilkd.key.parser.TestDeclParser" time="0.0">
    <skipped/>
  </testcase>
  <testcase name="testHeurDecl()" classname="de.uka.ilkd.key.parser.TestDeclParser" time="1.54"/>
  <testcase name="testFunctionDecl()" classname="de.uka.ilkd.key.parser.TestDeclParser" time="1.523"/>
  <testcase name="testPredicateDecl()" classname="de.uka.ilkd.key.parser.TestDeclParser" time="1.524"/>
  <testcase name="testSVDecl()" classname="de.uka.ilkd.key.parser.TestDeclParser" time="1.486"/>
  <system-out><![CDATA[377008     INFO  Test worker     d.u.i.k.n.KeyIO           Parsing took 0 ms 
377008     DEBUG Test worker     d.u.i.k.n.KeyIO           Load declarations of de.uka.ilkd.key.nparser.KeyAst$File:  <unknown>:1#1 
377008     INFO  Test worker     d.u.i.k.n.KeyIO           MODE: declarations took 0 ms 
377008     DEBUG Test worker     d.u.i.k.n.KeyIO           MODE: 2nd degree decls took 0 
377008     DEBUG Test worker     d.u.i.k.n.KeyIO           MODE: taclets took 0ms 
378540     INFO  Test worker     d.u.i.k.n.KeyIO           Parsing took 0 ms 
378540     DEBUG Test worker     d.u.i.k.n.KeyIO           Load declarations of de.uka.ilkd.key.nparser.KeyAst$File:  <unknown>:1#1 
378540     INFO  Test worker     d.u.i.k.n.KeyIO           MODE: declarations took 0 ms 
378540     DEBUG Test worker     d.u.i.k.n.KeyIO           MODE: 2nd degree decls took 0 
378540     DEBUG Test worker     d.u.i.k.n.KeyIO           MODE: taclets took 0ms 
380135     INFO  Test worker     d.u.i.k.n.KeyIO           Parsing took 0 ms 
380135     DEBUG Test worker     d.u.i.k.n.KeyIO           Load declarations of de.uka.ilkd.key.nparser.KeyAst$File:  <unknown>:1#1 
380135     INFO  Test worker     d.u.i.k.n.KeyIO           MODE: declarations took 0 ms 
380135     DEBUG Test worker     d.u.i.k.n.KeyIO           MODE: 2nd degree decls took 0 
380135     DEBUG Test worker     d.u.i.k.n.KeyIO           MODE: taclets took 0ms 
381635     INFO  Test worker     d.u.i.k.n.KeyIO           Parsing took 0 ms 
381635     DEBUG Test worker     d.u.i.k.n.KeyIO           Load declarations of de.uka.ilkd.key.nparser.KeyAst$File:  <unknown>:1#1 
381635     INFO  Test worker     d.u.i.k.n.KeyIO           MODE: declarations took 0 ms 
381635     DEBUG Test worker     d.u.i.k.n.KeyIO           MODE: 2nd degree decls took 0 
381635     DEBUG Test worker     d.u.i.k.n.KeyIO           MODE: taclets took 0ms 
383152     INFO  Test worker     d.u.i.k.n.KeyIO           Parsing took 0 ms 
383152     DEBUG Test worker     d.u.i.k.n.KeyIO           Load declarations of de.uka.ilkd.key.nparser.KeyAst$File:  <unknown>:1#1 
383168     INFO  Test worker     d.u.i.k.n.KeyIO           MODE: declarations took 16 ms 
383168     DEBUG Test worker     d.u.i.k.n.KeyIO           MODE: 2nd degree decls took 0 
383168     DEBUG Test worker     d.u.i.k.n.KeyIO           MODE: taclets took 0ms 
384685     INFO  Test worker     d.u.i.k.n.KeyIO           Parsing took 0 ms 
384685     DEBUG Test worker     d.u.i.k.n.KeyIO           Load declarations of de.uka.ilkd.key.nparser.KeyAst$File:  <unknown>:1#1 
384685     INFO  Test worker     d.u.i.k.n.KeyIO           MODE: declarations took 0 ms 
384685     DEBUG Test worker     d.u.i.k.n.KeyIO           MODE: 2nd degree decls took 0 
384685     DEBUG Test worker     d.u.i.k.n.KeyIO           MODE: taclets took 0ms 
386201     INFO  Test worker     d.u.i.k.n.KeyIO           Parsing took 0 ms 
386201     DEBUG Test worker     d.u.i.k.n.KeyIO           Load declarations of de.uka.ilkd.key.nparser.KeyAst$File:  <unknown>:1#1 
386201     INFO  Test worker     d.u.i.k.n.KeyIO           MODE: declarations took 0 ms 
386201     DEBUG Test worker     d.u.i.k.n.KeyIO           MODE: 2nd degree decls took 0 
386201     DEBUG Test worker     d.u.i.k.n.KeyIO           MODE: taclets took 0ms 
387718     INFO  Test worker     d.u.i.k.n.KeyIO           Parsing took 0 ms 
387718     DEBUG Test worker     d.u.i.k.n.KeyIO           Load declarations of de.uka.ilkd.key.nparser.KeyAst$File:  <unknown>:1#1 
387718     INFO  Test worker     d.u.i.k.n.KeyIO           MODE: declarations took 0 ms 
387718     DEBUG Test worker     d.u.i.k.n.KeyIO           MODE: 2nd degree decls took 0 
387718     DEBUG Test worker     d.u.i.k.n.KeyIO           MODE: taclets took 0ms 
389251     INFO  Test worker     d.u.i.k.n.KeyIO           Parsing took 0 ms 
389251     DEBUG Test worker     d.u.i.k.n.KeyIO           Load declarations of de.uka.ilkd.key.nparser.KeyAst$File:  <unknown>:1#1 
389251     INFO  Test worker     d.u.i.k.n.KeyIO           MODE: declarations took 0 ms 
389251     DEBUG Test worker     d.u.i.k.n.KeyIO           MODE: 2nd degree decls took 0 
389251     DEBUG Test worker     d.u.i.k.n.KeyIO           MODE: taclets took 0ms 
390783     INFO  Test worker     d.u.i.k.n.KeyIO           Parsing took 0 ms 
390783     DEBUG Test worker     d.u.i.k.n.KeyIO           Load declarations of de.uka.ilkd.key.nparser.KeyAst$File:  <unknown>:1#1 
390783     INFO  Test worker     d.u.i.k.n.KeyIO           MODE: declarations took 0 ms 
390783     DEBUG Test worker     d.u.i.k.n.KeyIO           MODE: 2nd degree decls took 0 
390783     DEBUG Test worker     d.u.i.k.n.KeyIO           MODE: taclets took 0ms 
392299     INFO  Test worker     d.u.i.k.n.KeyIO           Parsing took 0 ms 
392299     DEBUG Test worker     d.u.i.k.n.KeyIO           Load declarations of de.uka.ilkd.key.nparser.KeyAst$File:  <unknown>:1#1 
392299     INFO  Test worker     d.u.i.k.n.KeyIO           MODE: declarations took 0 ms 
392299     DEBUG Test worker     d.u.i.k.n.KeyIO           MODE: 2nd degree decls took 0 
392299     DEBUG Test worker     d.u.i.k.n.KeyIO           MODE: taclets took 0ms 
393785     INFO  Test worker     d.u.i.k.n.KeyIO           Parsing took 0 ms 
393785     DEBUG Test worker     d.u.i.k.n.KeyIO           Load declarations of de.uka.ilkd.key.nparser.KeyAst$File:  <unknown>:1#1 
393785     INFO  Test worker     d.u.i.k.n.KeyIO           MODE: declarations took 0 ms 
393785     DEBUG Test worker     d.u.i.k.n.KeyIO           MODE: 2nd degree decls took 0 
393785     DEBUG Test worker     d.u.i.k.n.KeyIO           MODE: taclets took 0ms 
]]></system-out>
  <system-err><![CDATA[]]></system-err>
</testsuite>
