<?xml version="1.0" encoding="UTF-8"?>
<testsuite name="de.uka.ilkd.key.parser.TestTermParserHeap" tests="39" skipped="0" failures="0" errors="0" timestamp="2023-06-05T17:10:59" hostname="fv-az319-668" time="194.009">
  <properties/>
  <testcase name="testBracketHeapUpdate()" classname="de.uka.ilkd.key.parser.TestTermParserHeap" time="0.042"/>
  <testcase name="testStore()" classname="de.uka.ilkd.key.parser.TestTermParserHeap" time="0.014"/>
  <testcase name="testUnknownConstant()" classname="de.uka.ilkd.key.parser.TestTermParserHeap" time="0.003"/>
  <testcase name="testAllFieldsSelector()" classname="de.uka.ilkd.key.parser.TestTermParserHeap" time="0.005"/>
  <testcase name="testParsePrettyPrintedSelect()" classname="de.uka.ilkd.key.parser.TestTermParserHeap" time="0.005"/>
  <testcase name="testAccessStaticMembers()" classname="de.uka.ilkd.key.parser.TestTermParserHeap" time="0.014"/>
  <testcase name="testAtOperator_1()" classname="de.uka.ilkd.key.parser.TestTermParserHeap" time="0.004"/>
  <testcase name="testAtOperator_2()" classname="de.uka.ilkd.key.parser.TestTermParserHeap" time="0.005"/>
  <testcase name="testAtOperator_3()" classname="de.uka.ilkd.key.parser.TestTermParserHeap" time="0.006"/>
  <testcase name="testAtOperator_4()" classname="de.uka.ilkd.key.parser.TestTermParserHeap" time="0.013"/>
  <testcase name="testAtOperator_5()" classname="de.uka.ilkd.key.parser.TestTermParserHeap" time="0.006"/>
  <testcase name="testAtOperator_6()" classname="de.uka.ilkd.key.parser.TestTermParserHeap" time="0.003"/>
  <testcase name="testAtOperator_7()" classname="de.uka.ilkd.key.parser.TestTermParserHeap" time="0.005"/>
  <testcase name="testAtOperator_8()" classname="de.uka.ilkd.key.parser.TestTermParserHeap" time="0.009"/>
  <testcase name="testVerifyExceptionIfAtOperatorNotPreceededBySelectTerm()" classname="de.uka.ilkd.key.parser.TestTermParserHeap" time="0.007"/>
  <testcase name="testBugResettingCounter()" classname="de.uka.ilkd.key.parser.TestTermParserHeap" time="0.006"/>
  <testcase name="testLocationSets()" classname="de.uka.ilkd.key.parser.TestTermParserHeap" time="0.003"/>
  <testcase name="testQuantifiedSelect()" classname="de.uka.ilkd.key.parser.TestTermParserHeap" time="0.006"/>
  <testcase name="testGenericObjectProperties()" classname="de.uka.ilkd.key.parser.TestTermParserHeap" time="0.006"/>
  <testcase name="testQueryInheritance_1()" classname="de.uka.ilkd.key.parser.TestTermParserHeap" time="0.005"/>
  <testcase name="testQueryInheritance_2()" classname="de.uka.ilkd.key.parser.TestTermParserHeap" time="0.116"/>
  <testcase name="testQueryInheritance_3()" classname="de.uka.ilkd.key.parser.TestTermParserHeap" time="0.006"/>
  <testcase name="testQueryInheritance_4()" classname="de.uka.ilkd.key.parser.TestTermParserHeap" time="0.007"/>
  <testcase name="testQueryInheritance_5()" classname="de.uka.ilkd.key.parser.TestTermParserHeap" time="0.004"/>
  <testcase name="testQueryInheritance_6()" classname="de.uka.ilkd.key.parser.TestTermParserHeap" time="0.007"/>
  <testcase name="testQueryInheritance_7()" classname="de.uka.ilkd.key.parser.TestTermParserHeap" time="0.005"/>
  <testcase name="testQueryInheritance_8()" classname="de.uka.ilkd.key.parser.TestTermParserHeap" time="0.006"/>
  <testcase name="testQueryInheritance_9()" classname="de.uka.ilkd.key.parser.TestTermParserHeap" time="0.002"/>
  <testcase name="testQueryBasic_10()" classname="de.uka.ilkd.key.parser.TestTermParserHeap" time="0.004"/>
  <testcase name="testQueryBasic_11()" classname="de.uka.ilkd.key.parser.TestTermParserHeap" time="0.006"/>
  <testcase name="testQueryBasic_1()" classname="de.uka.ilkd.key.parser.TestTermParserHeap" time="0.004"/>
  <testcase name="testQueryBasic_2()" classname="de.uka.ilkd.key.parser.TestTermParserHeap" time="0.004"/>
  <testcase name="testQueryBasic_3()" classname="de.uka.ilkd.key.parser.TestTermParserHeap" time="0.009"/>
  <testcase name="testQueryBasic_4()" classname="de.uka.ilkd.key.parser.TestTermParserHeap" time="0.007"/>
  <testcase name="testQueryBasic_5()" classname="de.uka.ilkd.key.parser.TestTermParserHeap" time="0.002"/>
  <testcase name="testQueryBasic_6()" classname="de.uka.ilkd.key.parser.TestTermParserHeap" time="0.005"/>
  <testcase name="testQueryBasic_7()" classname="de.uka.ilkd.key.parser.TestTermParserHeap" time="0.005"/>
  <testcase name="testQueryBasic_8()" classname="de.uka.ilkd.key.parser.TestTermParserHeap" time="0.003"/>
  <testcase name="testQueryBasic_9()" classname="de.uka.ilkd.key.parser.TestTermParserHeap" time="0.005"/>
  <system-out><![CDATA[539756     INFO  Test worker     d.u.i.k.n.KeyIO           Parsing took 0 ms 
539756     DEBUG Test worker     d.u.i.k.n.KeyIO           Load declarations of de.uka.ilkd.key.nparser.KeyAst$File:  <unknown>:1#1 
539756     INFO  Test worker     d.u.i.k.n.KeyIO           MODE: declarations took 0 ms 
539756     DEBUG Test worker     d.u.i.k.n.KeyIO           MODE: 2nd degree decls took 0 
539756     INFO  Test worker     d.u.i.k.n.KeyIO           Parsing took 0 ms 
539756     DEBUG Test worker     d.u.i.k.n.KeyIO           Load declarations of de.uka.ilkd.key.nparser.KeyAst$File:  <unknown>:1#1 
539756     INFO  Test worker     d.u.i.k.n.KeyIO           MODE: declarations took 0 ms 
539756     DEBUG Test worker     d.u.i.k.n.KeyIO           MODE: 2nd degree decls took 0 
539756     INFO  Test worker     d.u.i.k.n.KeyIO           Parsing took 0 ms 
539756     DEBUG Test worker     d.u.i.k.n.KeyIO           Load declarations of de.uka.ilkd.key.nparser.KeyAst$File:  <unknown>:1#1 
539756     INFO  Test worker     d.u.i.k.n.KeyIO           MODE: declarations took 0 ms 
539756     DEBUG Test worker     d.u.i.k.n.KeyIO           MODE: 2nd degree decls took 0 
539756     INFO  Test worker     d.u.i.k.n.KeyIO           Parsing took 0 ms 
539756     DEBUG Test worker     d.u.i.k.n.KeyIO           Load declarations of de.uka.ilkd.key.nparser.KeyAst$File:  <unknown>:1#1 
539756     INFO  Test worker     d.u.i.k.n.KeyIO           MODE: declarations took 0 ms 
539756     DEBUG Test worker     d.u.i.k.n.KeyIO           MODE: 2nd degree decls took 0 
539756     INFO  Test worker     d.u.i.k.n.KeyIO           Parsing took 0 ms 
539756     DEBUG Test worker     d.u.i.k.n.KeyIO           Load declarations of de.uka.ilkd.key.nparser.KeyAst$File:  <unknown>:1#1 
539756     INFO  Test worker     d.u.i.k.n.KeyIO           MODE: declarations took 0 ms 
539756     DEBUG Test worker     d.u.i.k.n.KeyIO           MODE: 2nd degree decls took 0 
544978     INFO  Test worker     d.u.i.k.n.KeyIO           Parsing took 0 ms 
544978     DEBUG Test worker     d.u.i.k.n.KeyIO           Load declarations of de.uka.ilkd.key.nparser.KeyAst$File:  <unknown>:1#1 
544978     INFO  Test worker     d.u.i.k.n.KeyIO           MODE: declarations took 0 ms 
544978     DEBUG Test worker     d.u.i.k.n.KeyIO           MODE: 2nd degree decls took 0 
544978     INFO  Test worker     d.u.i.k.n.KeyIO           Parsing took 0 ms 
544978     DEBUG Test worker     d.u.i.k.n.KeyIO           Load declarations of de.uka.ilkd.key.nparser.KeyAst$File:  <unknown>:1#1 
544978     INFO  Test worker     d.u.i.k.n.KeyIO           MODE: declarations took 0 ms 
544978     DEBUG Test worker     d.u.i.k.n.KeyIO           MODE: 2nd degree decls took 0 
544978     INFO  Test worker     d.u.i.k.n.KeyIO           Parsing took 0 ms 
544978     DEBUG Test worker     d.u.i.k.n.KeyIO           Load declarations of de.uka.ilkd.key.nparser.KeyAst$File:  <unknown>:1#1 
544978     INFO  Test worker     d.u.i.k.n.KeyIO           MODE: declarations took 0 ms 
544978     DEBUG Test worker     d.u.i.k.n.KeyIO           MODE: 2nd degree decls took 0 
544978     INFO  Test worker     d.u.i.k.n.KeyIO           Parsing took 0 ms 
544978     DEBUG Test worker     d.u.i.k.n.KeyIO           Load declarations of de.uka.ilkd.key.nparser.KeyAst$File:  <unknown>:1#1 
544978     INFO  Test worker     d.u.i.k.n.KeyIO           MODE: declarations took 0 ms 
544978     DEBUG Test worker     d.u.i.k.n.KeyIO           MODE: 2nd degree decls took 0 
544978     INFO  Test worker     d.u.i.k.n.KeyIO           Parsing took 0 ms 
544978     DEBUG Test worker     d.u.i.k.n.KeyIO           Load declarations of de.uka.ilkd.key.nparser.KeyAst$File:  <unknown>:1#1 
544978     INFO  Test worker     d.u.i.k.n.KeyIO           MODE: declarations took 0 ms 
544978     DEBUG Test worker     d.u.i.k.n.KeyIO           MODE: 2nd degree decls took 0 
550215     INFO  Test worker     d.u.i.k.n.KeyIO           Parsing took 0 ms 
550215     DEBUG Test worker     d.u.i.k.n.KeyIO           Load declarations of de.uka.ilkd.key.nparser.KeyAst$File:  <unknown>:1#1 
550215     INFO  Test worker     d.u.i.k.n.KeyIO           MODE: declarations took 0 ms 
550215     DEBUG Test worker     d.u.i.k.n.KeyIO           MODE: 2nd degree decls took 0 
550215     INFO  Test worker     d.u.i.k.n.KeyIO           Parsing took 0 ms 
550215     DEBUG Test worker     d.u.i.k.n.KeyIO           Load declarations of de.uka.ilkd.key.nparser.KeyAst$File:  <unknown>:1#1 
550215     INFO  Test worker     d.u.i.k.n.KeyIO           MODE: declarations took 0 ms 
550215     DEBUG Test worker     d.u.i.k.n.KeyIO           MODE: 2nd degree decls took 0 
550215     INFO  Test worker     d.u.i.k.n.KeyIO           Parsing took 0 ms 
550215     DEBUG Test worker     d.u.i.k.n.KeyIO           Load declarations of de.uka.ilkd.key.nparser.KeyAst$File:  <unknown>:1#1 
550215     INFO  Test worker     d.u.i.k.n.KeyIO           MODE: declarations took 0 ms 
550215     DEBUG Test worker     d.u.i.k.n.KeyIO           MODE: 2nd degree decls took 0 
550215     INFO  Test worker     d.u.i.k.n.KeyIO           Parsing took 0 ms 
550215     DEBUG Test worker     d.u.i.k.n.KeyIO           Load declarations of de.uka.ilkd.key.nparser.KeyAst$File:  <unknown>:1#1 
550215     INFO  Test worker     d.u.i.k.n.KeyIO           MODE: declarations took 0 ms 
550215     DEBUG Test worker     d.u.i.k.n.KeyIO           MODE: 2nd degree decls took 0 
550215     INFO  Test worker     d.u.i.k.n.KeyIO           Parsing took 0 ms 
550215     DEBUG Test worker     d.u.i.k.n.KeyIO           Load declarations of de.uka.ilkd.key.nparser.KeyAst$File:  <unknown>:1#1 
550215     INFO  Test worker     d.u.i.k.n.KeyIO           MODE: declarations took 0 ms 
550215     DEBUG Test worker     d.u.i.k.n.KeyIO           MODE: 2nd degree decls took 0 
550215     INFO  Test worker     d.u.i.k.n.KeyIO           Parsing took 0 ms 
550215     DEBUG Test worker     d.u.i.k.n.KeyIO           Load declarations of de.uka.ilkd.key.nparser.KeyAst$File:  <unknown>:1#1 
550215     INFO  Test worker     d.u.i.k.n.KeyIO           MODE: declarations took 0 ms 
550215     DEBUG Test worker     d.u.i.k.n.KeyIO           MODE: 2nd degree decls took 0 
555454     INFO  Test worker     d.u.i.k.n.KeyIO           Parsing took 0 ms 
555454     DEBUG Test worker     d.u.i.k.n.KeyIO           Load declarations of de.uka.ilkd.key.nparser.KeyAst$File:  <unknown>:1#1 
555454     INFO  Test worker     d.u.i.k.n.KeyIO           MODE: declarations took 0 ms 
555454     DEBUG Test worker     d.u.i.k.n.KeyIO           MODE: 2nd degree decls took 0 
555454     INFO  Test worker     d.u.i.k.n.KeyIO           Parsing took 0 ms 
555454     DEBUG Test worker     d.u.i.k.n.KeyIO           Load declarations of de.uka.ilkd.key.nparser.KeyAst$File:  <unknown>:1#1 
555454     INFO  Test worker     d.u.i.k.n.KeyIO           MODE: declarations took 0 ms 
555454     DEBUG Test worker     d.u.i.k.n.KeyIO           MODE: 2nd degree decls took 0 
555454     INFO  Test worker     d.u.i.k.n.KeyIO           Parsing took 0 ms 
555454     DEBUG Test worker     d.u.i.k.n.KeyIO           Load declarations of de.uka.ilkd.key.nparser.KeyAst$File:  <unknown>:1#1 
555454     INFO  Test worker     d.u.i.k.n.KeyIO           MODE: declarations took 0 ms 
555454     DEBUG Test worker     d.u.i.k.n.KeyIO           MODE: 2nd degree decls took 0 
555454     INFO  Test worker     d.u.i.k.n.KeyIO           Parsing took 0 ms 
555454     DEBUG Test worker     d.u.i.k.n.KeyIO           Load declarations of de.uka.ilkd.key.nparser.KeyAst$File:  <unknown>:1#1 
555454     INFO  Test worker     d.u.i.k.n.KeyIO           MODE: declarations took 0 ms 
555454     DEBUG Test worker     d.u.i.k.n.KeyIO           MODE: 2nd degree decls took 0 
555454     INFO  Test worker     d.u.i.k.n.KeyIO           Parsing took 0 ms 
555454     DEBUG Test worker     d.u.i.k.n.KeyIO           Load declarations of de.uka.ilkd.key.nparser.KeyAst$File:  <unknown>:1#1 
555454     INFO  Test worker     d.u.i.k.n.KeyIO           MODE: declarations took 0 ms 
555454     DEBUG Test worker     d.u.i.k.n.KeyIO           MODE: 2nd degree decls took 0 
560582     INFO  Test worker     d.u.i.k.n.KeyIO           Parsing took 0 ms 
560582     DEBUG Test worker     d.u.i.k.n.KeyIO           Load declarations of de.uka.ilkd.key.nparser.KeyAst$File:  <unknown>:1#1 
560582     INFO  Test worker     d.u.i.k.n.KeyIO           MODE: declarations took 0 ms 
560582     DEBUG Test worker     d.u.i.k.n.KeyIO           MODE: 2nd degree decls took 0 
560582     INFO  Test worker     d.u.i.k.n.KeyIO           Parsing took 0 ms 
560582     DEBUG Test worker     d.u.i.k.n.KeyIO           Load declarations of de.uka.ilkd.key.nparser.KeyAst$File:  <unknown>:1#1 
560582     INFO  Test worker     d.u.i.k.n.KeyIO           MODE: declarations took 0 ms 
560582     DEBUG Test worker     d.u.i.k.n.KeyIO           MODE: 2nd degree decls took 0 
560582     INFO  Test worker     d.u.i.k.n.KeyIO           Parsing took 0 ms 
560582     DEBUG Test worker     d.u.i.k.n.KeyIO           Load declarations of de.uka.ilkd.key.nparser.KeyAst$File:  <unknown>:1#1 
560582     INFO  Test worker     d.u.i.k.n.KeyIO           MODE: declarations took 0 ms 
560582     DEBUG Test worker     d.u.i.k.n.KeyIO           MODE: 2nd degree decls took 0 
560582     INFO  Test worker     d.u.i.k.n.KeyIO           Parsing took 0 ms 
560582     DEBUG Test worker     d.u.i.k.n.KeyIO           Load declarations of de.uka.ilkd.key.nparser.KeyAst$File:  <unknown>:1#1 
560582     INFO  Test worker     d.u.i.k.n.KeyIO           MODE: declarations took 0 ms 
560582     DEBUG Test worker     d.u.i.k.n.KeyIO           MODE: 2nd degree decls took 0 
560582     INFO  Test worker     d.u.i.k.n.KeyIO           Parsing took 0 ms 
560582     DEBUG Test worker     d.u.i.k.n.KeyIO           Load declarations of de.uka.ilkd.key.nparser.KeyAst$File:  <unknown>:1#1 
560582     INFO  Test worker     d.u.i.k.n.KeyIO           MODE: declarations took 0 ms 
560582     DEBUG Test worker     d.u.i.k.n.KeyIO           MODE: 2nd degree decls took 0 
565695     INFO  Test worker     d.u.i.k.n.KeyIO           Parsing took 0 ms 
565695     DEBUG Test worker     d.u.i.k.n.KeyIO           Load declarations of de.uka.ilkd.key.nparser.KeyAst$File:  <unknown>:1#1 
565695     INFO  Test worker     d.u.i.k.n.KeyIO           MODE: declarations took 0 ms 
565695     DEBUG Test worker     d.u.i.k.n.KeyIO           MODE: 2nd degree decls took 0 
565695     INFO  Test worker     d.u.i.k.n.KeyIO           Parsing took 0 ms 
565695     DEBUG Test worker     d.u.i.k.n.KeyIO           Load declarations of de.uka.ilkd.key.nparser.KeyAst$File:  <unknown>:1#1 
565695     INFO  Test worker     d.u.i.k.n.KeyIO           MODE: declarations took 0 ms 
565695     DEBUG Test worker     d.u.i.k.n.KeyIO           MODE: 2nd degree decls took 0 
565695     INFO  Test worker     d.u.i.k.n.KeyIO           Parsing took 0 ms 
565695     DEBUG Test worker     d.u.i.k.n.KeyIO           Load declarations of de.uka.ilkd.key.nparser.KeyAst$File:  <unknown>:1#1 
565695     INFO  Test worker     d.u.i.k.n.KeyIO           MODE: declarations took 0 ms 
565695     DEBUG Test worker     d.u.i.k.n.KeyIO           MODE: 2nd degree decls took 0 
565695     INFO  Test worker     d.u.i.k.n.KeyIO           Parsing took 0 ms 
565695     DEBUG Test worker     d.u.i.k.n.KeyIO           Load declarations of de.uka.ilkd.key.nparser.KeyAst$File:  <unknown>:1#1 
565695     INFO  Test worker     d.u.i.k.n.KeyIO           MODE: declarations took 0 ms 
565695     DEBUG Test worker     d.u.i.k.n.KeyIO           MODE: 2nd degree decls took 0 
565695     INFO  Test worker     d.u.i.k.n.KeyIO           Parsing took 0 ms 
565695     DEBUG Test worker     d.u.i.k.n.KeyIO           Load declarations of de.uka.ilkd.key.nparser.KeyAst$File:  <unknown>:1#1 
565695     INFO  Test worker     d.u.i.k.n.KeyIO           MODE: declarations took 0 ms 
565695     DEBUG Test worker     d.u.i.k.n.KeyIO           MODE: 2nd degree decls took 0 
570776     INFO  Test worker     d.u.i.k.n.KeyIO           Parsing took 0 ms 
570776     DEBUG Test worker     d.u.i.k.n.KeyIO           Load declarations of de.uka.ilkd.key.nparser.KeyAst$File:  <unknown>:1#1 
570776     INFO  Test worker     d.u.i.k.n.KeyIO           MODE: declarations took 0 ms 
570776     DEBUG Test worker     d.u.i.k.n.KeyIO           MODE: 2nd degree decls took 0 
570776     INFO  Test worker     d.u.i.k.n.KeyIO           Parsing took 0 ms 
570776     DEBUG Test worker     d.u.i.k.n.KeyIO           Load declarations of de.uka.ilkd.key.nparser.KeyAst$File:  <unknown>:1#1 
570776     INFO  Test worker     d.u.i.k.n.KeyIO           MODE: declarations took 0 ms 
570776     DEBUG Test worker     d.u.i.k.n.KeyIO           MODE: 2nd degree decls took 0 
570776     INFO  Test worker     d.u.i.k.n.KeyIO           Parsing took 0 ms 
570776     DEBUG Test worker     d.u.i.k.n.KeyIO           Load declarations of de.uka.ilkd.key.nparser.KeyAst$File:  <unknown>:1#1 
570776     INFO  Test worker     d.u.i.k.n.KeyIO           MODE: declarations took 0 ms 
570776     DEBUG Test worker     d.u.i.k.n.KeyIO           MODE: 2nd degree decls took 0 
570776     INFO  Test worker     d.u.i.k.n.KeyIO           Parsing took 0 ms 
570776     DEBUG Test worker     d.u.i.k.n.KeyIO           Load declarations of de.uka.ilkd.key.nparser.KeyAst$File:  <unknown>:1#1 
570776     INFO  Test worker     d.u.i.k.n.KeyIO           MODE: declarations took 0 ms 
570776     DEBUG Test worker     d.u.i.k.n.KeyIO           MODE: 2nd degree decls took 0 
570776     INFO  Test worker     d.u.i.k.n.KeyIO           Parsing took 0 ms 
570776     DEBUG Test worker     d.u.i.k.n.KeyIO           Load declarations of de.uka.ilkd.key.nparser.KeyAst$File:  <unknown>:1#1 
570776     INFO  Test worker     d.u.i.k.n.KeyIO           MODE: declarations took 0 ms 
570776     DEBUG Test worker     d.u.i.k.n.KeyIO           MODE: 2nd degree decls took 0 
575842     INFO  Test worker     d.u.i.k.n.KeyIO           Parsing took 0 ms 
575842     DEBUG Test worker     d.u.i.k.n.KeyIO           Load declarations of de.uka.ilkd.key.nparser.KeyAst$File:  <unknown>:1#1 
575842     INFO  Test worker     d.u.i.k.n.KeyIO           MODE: declarations took 0 ms 
575842     DEBUG Test worker     d.u.i.k.n.KeyIO           MODE: 2nd degree decls took 0 
575842     INFO  Test worker     d.u.i.k.n.KeyIO           Parsing took 0 ms 
575842     DEBUG Test worker     d.u.i.k.n.KeyIO           Load declarations of de.uka.ilkd.key.nparser.KeyAst$File:  <unknown>:1#1 
575842     INFO  Test worker     d.u.i.k.n.KeyIO           MODE: declarations took 0 ms 
575842     DEBUG Test worker     d.u.i.k.n.KeyIO           MODE: 2nd degree decls took 0 
575842     INFO  Test worker     d.u.i.k.n.KeyIO           Parsing took 0 ms 
575842     DEBUG Test worker     d.u.i.k.n.KeyIO           Load declarations of de.uka.ilkd.key.nparser.KeyAst$File:  <unknown>:1#1 
575842     INFO  Test worker     d.u.i.k.n.KeyIO           MODE: declarations took 0 ms 
575842     DEBUG Test worker     d.u.i.k.n.KeyIO           MODE: 2nd degree decls took 0 
575842     INFO  Test worker     d.u.i.k.n.KeyIO           Parsing took 0 ms 
575842     DEBUG Test worker     d.u.i.k.n.KeyIO           Load declarations of de.uka.ilkd.key.nparser.KeyAst$File:  <unknown>:1#1 
575842     INFO  Test worker     d.u.i.k.n.KeyIO           MODE: declarations took 0 ms 
575842     DEBUG Test worker     d.u.i.k.n.KeyIO           MODE: 2nd degree decls took 0 
575842     INFO  Test worker     d.u.i.k.n.KeyIO           Parsing took 0 ms 
575842     DEBUG Test worker     d.u.i.k.n.KeyIO           Load declarations of de.uka.ilkd.key.nparser.KeyAst$File:  <unknown>:1#1 
575842     INFO  Test worker     d.u.i.k.n.KeyIO           MODE: declarations took 0 ms 
575842     DEBUG Test worker     d.u.i.k.n.KeyIO           MODE: 2nd degree decls took 0 
580893     INFO  Test worker     d.u.i.k.n.KeyIO           Parsing took 0 ms 
580893     DEBUG Test worker     d.u.i.k.n.KeyIO           Load declarations of de.uka.ilkd.key.nparser.KeyAst$File:  <unknown>:1#1 
580893     INFO  Test worker     d.u.i.k.n.KeyIO           MODE: declarations took 0 ms 
580893     DEBUG Test worker     d.u.i.k.n.KeyIO           MODE: 2nd degree decls took 0 
580893     INFO  Test worker     d.u.i.k.n.KeyIO           Parsing took 0 ms 
580893     DEBUG Test worker     d.u.i.k.n.KeyIO           Load declarations of de.uka.ilkd.key.nparser.KeyAst$File:  <unknown>:1#1 
580893     INFO  Test worker     d.u.i.k.n.KeyIO           MODE: declarations took 0 ms 
580893     DEBUG Test worker     d.u.i.k.n.KeyIO           MODE: 2nd degree decls took 0 
580893     INFO  Test worker     d.u.i.k.n.KeyIO           Parsing took 0 ms 
580893     DEBUG Test worker     d.u.i.k.n.KeyIO           Load declarations of de.uka.ilkd.key.nparser.KeyAst$File:  <unknown>:1#1 
580893     INFO  Test worker     d.u.i.k.n.KeyIO           MODE: declarations took 0 ms 
580893     DEBUG Test worker     d.u.i.k.n.KeyIO           MODE: 2nd degree decls took 0 
580893     INFO  Test worker     d.u.i.k.n.KeyIO           Parsing took 0 ms 
580893     DEBUG Test worker     d.u.i.k.n.KeyIO           Load declarations of de.uka.ilkd.key.nparser.KeyAst$File:  <unknown>:1#1 
580893     INFO  Test worker     d.u.i.k.n.KeyIO           MODE: declarations took 0 ms 
580893     DEBUG Test worker     d.u.i.k.n.KeyIO           MODE: 2nd degree decls took 0 
580893     INFO  Test worker     d.u.i.k.n.KeyIO           Parsing took 0 ms 
580893     DEBUG Test worker     d.u.i.k.n.KeyIO           Load declarations of de.uka.ilkd.key.nparser.KeyAst$File:  <unknown>:1#1 
580893     INFO  Test worker     d.u.i.k.n.KeyIO           MODE: declarations took 0 ms 
580893     DEBUG Test worker     d.u.i.k.n.KeyIO           MODE: 2nd degree decls took 0 
586067     INFO  Test worker     d.u.i.k.n.KeyIO           Parsing took 0 ms 
586067     DEBUG Test worker     d.u.i.k.n.KeyIO           Load declarations of de.uka.ilkd.key.nparser.KeyAst$File:  <unknown>:1#1 
586067     INFO  Test worker     d.u.i.k.n.KeyIO           MODE: declarations took 0 ms 
586067     DEBUG Test worker     d.u.i.k.n.KeyIO           MODE: 2nd degree decls took 0 
586067     INFO  Test worker     d.u.i.k.n.KeyIO           Parsing took 0 ms 
586067     DEBUG Test worker     d.u.i.k.n.KeyIO           Load declarations of de.uka.ilkd.key.nparser.KeyAst$File:  <unknown>:1#1 
586067     INFO  Test worker     d.u.i.k.n.KeyIO           MODE: declarations took 0 ms 
586067     DEBUG Test worker     d.u.i.k.n.KeyIO           MODE: 2nd degree decls took 0 
586067     INFO  Test worker     d.u.i.k.n.KeyIO           Parsing took 0 ms 
586067     DEBUG Test worker     d.u.i.k.n.KeyIO           Load declarations of de.uka.ilkd.key.nparser.KeyAst$File:  <unknown>:1#1 
586067     INFO  Test worker     d.u.i.k.n.KeyIO           MODE: declarations took 0 ms 
586067     DEBUG Test worker     d.u.i.k.n.KeyIO           MODE: 2nd degree decls took 0 
586067     INFO  Test worker     d.u.i.k.n.KeyIO           Parsing took 0 ms 
586067     DEBUG Test worker     d.u.i.k.n.KeyIO           Load declarations of de.uka.ilkd.key.nparser.KeyAst$File:  <unknown>:1#1 
586067     INFO  Test worker     d.u.i.k.n.KeyIO           MODE: declarations took 0 ms 
586067     DEBUG Test worker     d.u.i.k.n.KeyIO           MODE: 2nd degree decls took 0 
586067     INFO  Test worker     d.u.i.k.n.KeyIO           Parsing took 0 ms 
586067     DEBUG Test worker     d.u.i.k.n.KeyIO           Load declarations of de.uka.ilkd.key.nparser.KeyAst$File:  <unknown>:1#1 
586067     INFO  Test worker     d.u.i.k.n.KeyIO           MODE: declarations took 0 ms 
586067     DEBUG Test worker     d.u.i.k.n.KeyIO           MODE: 2nd degree decls took 0 
591148     INFO  Test worker     d.u.i.k.n.KeyIO           Parsing took 0 ms 
591148     DEBUG Test worker     d.u.i.k.n.KeyIO           Load declarations of de.uka.ilkd.key.nparser.KeyAst$File:  <unknown>:1#1 
591148     INFO  Test worker     d.u.i.k.n.KeyIO           MODE: declarations took 0 ms 
591148     DEBUG Test worker     d.u.i.k.n.KeyIO           MODE: 2nd degree decls took 0 
591148     INFO  Test worker     d.u.i.k.n.KeyIO           Parsing took 0 ms 
591148     DEBUG Test worker     d.u.i.k.n.KeyIO           Load declarations of de.uka.ilkd.key.nparser.KeyAst$File:  <unknown>:1#1 
591148     INFO  Test worker     d.u.i.k.n.KeyIO           MODE: declarations took 0 ms 
591148     DEBUG Test worker     d.u.i.k.n.KeyIO           MODE: 2nd degree decls took 0 
591148     INFO  Test worker     d.u.i.k.n.KeyIO           Parsing took 0 ms 
591148     DEBUG Test worker     d.u.i.k.n.KeyIO           Load declarations of de.uka.ilkd.key.nparser.KeyAst$File:  <unknown>:1#1 
591148     INFO  Test worker     d.u.i.k.n.KeyIO           MODE: declarations took 0 ms 
591148     DEBUG Test worker     d.u.i.k.n.KeyIO           MODE: 2nd degree decls took 0 
591148     INFO  Test worker     d.u.i.k.n.KeyIO           Parsing took 0 ms 
591148     DEBUG Test worker     d.u.i.k.n.KeyIO           Load declarations of de.uka.ilkd.key.nparser.KeyAst$File:  <unknown>:1#1 
591148     INFO  Test worker     d.u.i.k.n.KeyIO           MODE: declarations took 0 ms 
591148     DEBUG Test worker     d.u.i.k.n.KeyIO           MODE: 2nd degree decls took 0 
591148     INFO  Test worker     d.u.i.k.n.KeyIO           Parsing took 0 ms 
591148     DEBUG Test worker     d.u.i.k.n.KeyIO           Load declarations of de.uka.ilkd.key.nparser.KeyAst$File:  <unknown>:1#1 
591148     INFO  Test worker     d.u.i.k.n.KeyIO           MODE: declarations took 0 ms 
591148     DEBUG Test worker     d.u.i.k.n.KeyIO           MODE: 2nd degree decls took 0 
596293     INFO  Test worker     d.u.i.k.n.KeyIO           Parsing took 0 ms 
596293     DEBUG Test worker     d.u.i.k.n.KeyIO           Load declarations of de.uka.ilkd.key.nparser.KeyAst$File:  <unknown>:1#1 
596293     INFO  Test worker     d.u.i.k.n.KeyIO           MODE: declarations took 0 ms 
596293     DEBUG Test worker     d.u.i.k.n.KeyIO           MODE: 2nd degree decls took 0 
596293     INFO  Test worker     d.u.i.k.n.KeyIO           Parsing took 0 ms 
596293     DEBUG Test worker     d.u.i.k.n.KeyIO           Load declarations of de.uka.ilkd.key.nparser.KeyAst$File:  <unknown>:1#1 
596293     INFO  Test worker     d.u.i.k.n.KeyIO           MODE: declarations took 0 ms 
596293     DEBUG Test worker     d.u.i.k.n.KeyIO           MODE: 2nd degree decls took 0 
596293     INFO  Test worker     d.u.i.k.n.KeyIO           Parsing took 0 ms 
596293     DEBUG Test worker     d.u.i.k.n.KeyIO           Load declarations of de.uka.ilkd.key.nparser.KeyAst$File:  <unknown>:1#1 
596293     INFO  Test worker     d.u.i.k.n.KeyIO           MODE: declarations took 0 ms 
596293     DEBUG Test worker     d.u.i.k.n.KeyIO           MODE: 2nd degree decls took 0 
596293     INFO  Test worker     d.u.i.k.n.KeyIO           Parsing took 0 ms 
596293     DEBUG Test worker     d.u.i.k.n.KeyIO           Load declarations of de.uka.ilkd.key.nparser.KeyAst$File:  <unknown>:1#1 
596293     INFO  Test worker     d.u.i.k.n.KeyIO           MODE: declarations took 0 ms 
596293     DEBUG Test worker     d.u.i.k.n.KeyIO           MODE: 2nd degree decls took 0 
596293     INFO  Test worker     d.u.i.k.n.KeyIO           Parsing took 0 ms 
596293     DEBUG Test worker     d.u.i.k.n.KeyIO           Load declarations of de.uka.ilkd.key.nparser.KeyAst$File:  <unknown>:1#1 
596293     INFO  Test worker     d.u.i.k.n.KeyIO           MODE: declarations took 0 ms 
596293     DEBUG Test worker     d.u.i.k.n.KeyIO           MODE: 2nd degree decls took 0 
601390     INFO  Test worker     d.u.i.k.n.KeyIO           Parsing took 0 ms 
601390     DEBUG Test worker     d.u.i.k.n.KeyIO           Load declarations of de.uka.ilkd.key.nparser.KeyAst$File:  <unknown>:1#1 
601390     INFO  Test worker     d.u.i.k.n.KeyIO           MODE: declarations took 0 ms 
601390     DEBUG Test worker     d.u.i.k.n.KeyIO           MODE: 2nd degree decls took 0 
601390     INFO  Test worker     d.u.i.k.n.KeyIO           Parsing took 0 ms 
601390     DEBUG Test worker     d.u.i.k.n.KeyIO           Load declarations of de.uka.ilkd.key.nparser.KeyAst$File:  <unknown>:1#1 
601390     INFO  Test worker     d.u.i.k.n.KeyIO           MODE: declarations took 0 ms 
601390     DEBUG Test worker     d.u.i.k.n.KeyIO           MODE: 2nd degree decls took 0 
601390     INFO  Test worker     d.u.i.k.n.KeyIO           Parsing took 0 ms 
601390     DEBUG Test worker     d.u.i.k.n.KeyIO           Load declarations of de.uka.ilkd.key.nparser.KeyAst$File:  <unknown>:1#1 
601390     INFO  Test worker     d.u.i.k.n.KeyIO           MODE: declarations took 0 ms 
601390     DEBUG Test worker     d.u.i.k.n.KeyIO           MODE: 2nd degree decls took 0 
601390     INFO  Test worker     d.u.i.k.n.KeyIO           Parsing took 0 ms 
601390     DEBUG Test worker     d.u.i.k.n.KeyIO           Load declarations of de.uka.ilkd.key.nparser.KeyAst$File:  <unknown>:1#1 
601390     INFO  Test worker     d.u.i.k.n.KeyIO           MODE: declarations took 0 ms 
601390     DEBUG Test worker     d.u.i.k.n.KeyIO           MODE: 2nd degree decls took 0 
601390     INFO  Test worker     d.u.i.k.n.KeyIO           Parsing took 0 ms 
601390     DEBUG Test worker     d.u.i.k.n.KeyIO           Load declarations of de.uka.ilkd.key.nparser.KeyAst$File:  <unknown>:1#1 
601390     INFO  Test worker     d.u.i.k.n.KeyIO           MODE: declarations took 0 ms 
601390     DEBUG Test worker     d.u.i.k.n.KeyIO           MODE: 2nd degree decls took 0 
606456     INFO  Test worker     d.u.i.k.n.KeyIO           Parsing took 0 ms 
606456     DEBUG Test worker     d.u.i.k.n.KeyIO           Load declarations of de.uka.ilkd.key.nparser.KeyAst$File:  <unknown>:1#1 
606456     INFO  Test worker     d.u.i.k.n.KeyIO           MODE: declarations took 0 ms 
606456     DEBUG Test worker     d.u.i.k.n.KeyIO           MODE: 2nd degree decls took 0 
606456     INFO  Test worker     d.u.i.k.n.KeyIO           Parsing took 0 ms 
606456     DEBUG Test worker     d.u.i.k.n.KeyIO           Load declarations of de.uka.ilkd.key.nparser.KeyAst$File:  <unknown>:1#1 
606456     INFO  Test worker     d.u.i.k.n.KeyIO           MODE: declarations took 0 ms 
606456     DEBUG Test worker     d.u.i.k.n.KeyIO           MODE: 2nd degree decls took 0 
606456     INFO  Test worker     d.u.i.k.n.KeyIO           Parsing took 0 ms 
606456     DEBUG Test worker     d.u.i.k.n.KeyIO           Load declarations of de.uka.ilkd.key.nparser.KeyAst$File:  <unknown>:1#1 
606456     INFO  Test worker     d.u.i.k.n.KeyIO           MODE: declarations took 0 ms 
606456     DEBUG Test worker     d.u.i.k.n.KeyIO           MODE: 2nd degree decls took 0 
606456     INFO  Test worker     d.u.i.k.n.KeyIO           Parsing took 0 ms 
606456     DEBUG Test worker     d.u.i.k.n.KeyIO           Load declarations of de.uka.ilkd.key.nparser.KeyAst$File:  <unknown>:1#1 
606456     INFO  Test worker     d.u.i.k.n.KeyIO           MODE: declarations took 0 ms 
606456     DEBUG Test worker     d.u.i.k.n.KeyIO           MODE: 2nd degree decls took 0 
606456     INFO  Test worker     d.u.i.k.n.KeyIO           Parsing took 0 ms 
606456     DEBUG Test worker     d.u.i.k.n.KeyIO           Load declarations of de.uka.ilkd.key.nparser.KeyAst$File:  <unknown>:1#1 
606456     INFO  Test worker     d.u.i.k.n.KeyIO           MODE: declarations took 0 ms 
606456     DEBUG Test worker     d.u.i.k.n.KeyIO           MODE: 2nd degree decls took 0 
611568     INFO  Test worker     d.u.i.k.n.KeyIO           Parsing took 0 ms 
611568     DEBUG Test worker     d.u.i.k.n.KeyIO           Load declarations of de.uka.ilkd.key.nparser.KeyAst$File:  <unknown>:1#1 
611568     INFO  Test worker     d.u.i.k.n.KeyIO           MODE: declarations took 0 ms 
611568     DEBUG Test worker     d.u.i.k.n.KeyIO           MODE: 2nd degree decls took 0 
611568     INFO  Test worker     d.u.i.k.n.KeyIO           Parsing took 0 ms 
611568     DEBUG Test worker     d.u.i.k.n.KeyIO           Load declarations of de.uka.ilkd.key.nparser.KeyAst$File:  <unknown>:1#1 
611568     INFO  Test worker     d.u.i.k.n.KeyIO           MODE: declarations took 0 ms 
611568     DEBUG Test worker     d.u.i.k.n.KeyIO           MODE: 2nd degree decls took 0 
611568     INFO  Test worker     d.u.i.k.n.KeyIO           Parsing took 0 ms 
611568     DEBUG Test worker     d.u.i.k.n.KeyIO           Load declarations of de.uka.ilkd.key.nparser.KeyAst$File:  <unknown>:1#1 
611568     INFO  Test worker     d.u.i.k.n.KeyIO           MODE: declarations took 0 ms 
611568     DEBUG Test worker     d.u.i.k.n.KeyIO           MODE: 2nd degree decls took 0 
611568     INFO  Test worker     d.u.i.k.n.KeyIO           Parsing took 0 ms 
611568     DEBUG Test worker     d.u.i.k.n.KeyIO           Load declarations of de.uka.ilkd.key.nparser.KeyAst$File:  <unknown>:1#1 
611568     INFO  Test worker     d.u.i.k.n.KeyIO           MODE: declarations took 0 ms 
611568     DEBUG Test worker     d.u.i.k.n.KeyIO           MODE: 2nd degree decls took 0 
611568     INFO  Test worker     d.u.i.k.n.KeyIO           Parsing took 0 ms 
611568     DEBUG Test worker     d.u.i.k.n.KeyIO           Load declarations of de.uka.ilkd.key.nparser.KeyAst$File:  <unknown>:1#1 
611568     INFO  Test worker     d.u.i.k.n.KeyIO           MODE: declarations took 0 ms 
611568     DEBUG Test worker     d.u.i.k.n.KeyIO           MODE: 2nd degree decls took 0 
611568     WARN  Test worker     d.u.i.k.n.KeYParser       [syntax-error] null:1:11: mismatched input '@' expecting {'/', ':=', '.', '(', ')', '{', '[', '@', PARALLEL, OR, AND, IMP, '=', NOT_EQUALS, '%', '*', '-', '+', '>', GREATEREQUAL, '<', LESSEQUAL, LGUILLEMETS, EQV} [@11,11:11='@',<153>,1:11] (termEOF) 
616634     INFO  Test worker     d.u.i.k.n.KeyIO           Parsing took 0 ms 
616634     DEBUG Test worker     d.u.i.k.n.KeyIO           Load declarations of de.uka.ilkd.key.nparser.KeyAst$File:  <unknown>:1#1 
616634     INFO  Test worker     d.u.i.k.n.KeyIO           MODE: declarations took 0 ms 
616634     DEBUG Test worker     d.u.i.k.n.KeyIO           MODE: 2nd degree decls took 0 
616634     INFO  Test worker     d.u.i.k.n.KeyIO           Parsing took 0 ms 
616634     DEBUG Test worker     d.u.i.k.n.KeyIO           Load declarations of de.uka.ilkd.key.nparser.KeyAst$File:  <unknown>:1#1 
616634     INFO  Test worker     d.u.i.k.n.KeyIO           MODE: declarations took 0 ms 
616634     DEBUG Test worker     d.u.i.k.n.KeyIO           MODE: 2nd degree decls took 0 
616634     INFO  Test worker     d.u.i.k.n.KeyIO           Parsing took 0 ms 
616634     DEBUG Test worker     d.u.i.k.n.KeyIO           Load declarations of de.uka.ilkd.key.nparser.KeyAst$File:  <unknown>:1#1 
616634     INFO  Test worker     d.u.i.k.n.KeyIO           MODE: declarations took 0 ms 
616634     DEBUG Test worker     d.u.i.k.n.KeyIO           MODE: 2nd degree decls took 0 
616634     INFO  Test worker     d.u.i.k.n.KeyIO           Parsing took 0 ms 
616634     DEBUG Test worker     d.u.i.k.n.KeyIO           Load declarations of de.uka.ilkd.key.nparser.KeyAst$File:  <unknown>:1#1 
616634     INFO  Test worker     d.u.i.k.n.KeyIO           MODE: declarations took 0 ms 
616634     DEBUG Test worker     d.u.i.k.n.KeyIO           MODE: 2nd degree decls took 0 
616634     INFO  Test worker     d.u.i.k.n.KeyIO           Parsing took 0 ms 
616634     DEBUG Test worker     d.u.i.k.n.KeyIO           Load declarations of de.uka.ilkd.key.nparser.KeyAst$File:  <unknown>:1#1 
616634     INFO  Test worker     d.u.i.k.n.KeyIO           MODE: declarations took 0 ms 
616634     DEBUG Test worker     d.u.i.k.n.KeyIO           MODE: 2nd degree decls took 0 
621668     INFO  Test worker     d.u.i.k.n.KeyIO           Parsing took 0 ms 
621668     DEBUG Test worker     d.u.i.k.n.KeyIO           Load declarations of de.uka.ilkd.key.nparser.KeyAst$File:  <unknown>:1#1 
621668     INFO  Test worker     d.u.i.k.n.KeyIO           MODE: declarations took 0 ms 
621668     DEBUG Test worker     d.u.i.k.n.KeyIO           MODE: 2nd degree decls took 0 
621668     INFO  Test worker     d.u.i.k.n.KeyIO           Parsing took 0 ms 
621668     DEBUG Test worker     d.u.i.k.n.KeyIO           Load declarations of de.uka.ilkd.key.nparser.KeyAst$File:  <unknown>:1#1 
621668     INFO  Test worker     d.u.i.k.n.KeyIO           MODE: declarations took 0 ms 
621668     DEBUG Test worker     d.u.i.k.n.KeyIO           MODE: 2nd degree decls took 0 
621668     INFO  Test worker     d.u.i.k.n.KeyIO           Parsing took 0 ms 
621668     DEBUG Test worker     d.u.i.k.n.KeyIO           Load declarations of de.uka.ilkd.key.nparser.KeyAst$File:  <unknown>:1#1 
621668     INFO  Test worker     d.u.i.k.n.KeyIO           MODE: declarations took 0 ms 
621668     DEBUG Test worker     d.u.i.k.n.KeyIO           MODE: 2nd degree decls took 0 
621668     INFO  Test worker     d.u.i.k.n.KeyIO           Parsing took 0 ms 
621668     DEBUG Test worker     d.u.i.k.n.KeyIO           Load declarations of de.uka.ilkd.key.nparser.KeyAst$File:  <unknown>:1#1 
621668     INFO  Test worker     d.u.i.k.n.KeyIO           MODE: declarations took 0 ms 
621668     DEBUG Test worker     d.u.i.k.n.KeyIO           MODE: 2nd degree decls took 0 
621668     INFO  Test worker     d.u.i.k.n.KeyIO           Parsing took 0 ms 
621668     DEBUG Test worker     d.u.i.k.n.KeyIO           Load declarations of de.uka.ilkd.key.nparser.KeyAst$File:  <unknown>:1#1 
621668     INFO  Test worker     d.u.i.k.n.KeyIO           MODE: declarations took 0 ms 
621668     DEBUG Test worker     d.u.i.k.n.KeyIO           MODE: 2nd degree decls took 0 
626906     INFO  Test worker     d.u.i.k.n.KeyIO           Parsing took 0 ms 
626906     DEBUG Test worker     d.u.i.k.n.KeyIO           Load declarations of de.uka.ilkd.key.nparser.KeyAst$File:  <unknown>:1#1 
626906     INFO  Test worker     d.u.i.k.n.KeyIO           MODE: declarations took 0 ms 
626906     DEBUG Test worker     d.u.i.k.n.KeyIO           MODE: 2nd degree decls took 0 
626906     INFO  Test worker     d.u.i.k.n.KeyIO           Parsing took 0 ms 
626906     DEBUG Test worker     d.u.i.k.n.KeyIO           Load declarations of de.uka.ilkd.key.nparser.KeyAst$File:  <unknown>:1#1 
626906     INFO  Test worker     d.u.i.k.n.KeyIO           MODE: declarations took 0 ms 
626906     DEBUG Test worker     d.u.i.k.n.KeyIO           MODE: 2nd degree decls took 0 
626906     INFO  Test worker     d.u.i.k.n.KeyIO           Parsing took 0 ms 
626906     DEBUG Test worker     d.u.i.k.n.KeyIO           Load declarations of de.uka.ilkd.key.nparser.KeyAst$File:  <unknown>:1#1 
626906     INFO  Test worker     d.u.i.k.n.KeyIO           MODE: declarations took 0 ms 
626906     DEBUG Test worker     d.u.i.k.n.KeyIO           MODE: 2nd degree decls took 0 
626906     INFO  Test worker     d.u.i.k.n.KeyIO           Parsing took 0 ms 
626906     DEBUG Test worker     d.u.i.k.n.KeyIO           Load declarations of de.uka.ilkd.key.nparser.KeyAst$File:  <unknown>:1#1 
626906     INFO  Test worker     d.u.i.k.n.KeyIO           MODE: declarations took 0 ms 
626906     DEBUG Test worker     d.u.i.k.n.KeyIO           MODE: 2nd degree decls took 0 
626906     INFO  Test worker     d.u.i.k.n.KeyIO           Parsing took 0 ms 
626906     DEBUG Test worker     d.u.i.k.n.KeyIO           Load declarations of de.uka.ilkd.key.nparser.KeyAst$File:  <unknown>:1#1 
626906     INFO  Test worker     d.u.i.k.n.KeyIO           MODE: declarations took 0 ms 
626906     DEBUG Test worker     d.u.i.k.n.KeyIO           MODE: 2nd degree decls took 0 
631942     INFO  Test worker     d.u.i.k.n.KeyIO           Parsing took 0 ms 
631942     DEBUG Test worker     d.u.i.k.n.KeyIO           Load declarations of de.uka.ilkd.key.nparser.KeyAst$File:  <unknown>:1#1 
631942     INFO  Test worker     d.u.i.k.n.KeyIO           MODE: declarations took 0 ms 
631942     DEBUG Test worker     d.u.i.k.n.KeyIO           MODE: 2nd degree decls took 0 
631942     INFO  Test worker     d.u.i.k.n.KeyIO           Parsing took 0 ms 
631942     DEBUG Test worker     d.u.i.k.n.KeyIO           Load declarations of de.uka.ilkd.key.nparser.KeyAst$File:  <unknown>:1#1 
631942     INFO  Test worker     d.u.i.k.n.KeyIO           MODE: declarations took 0 ms 
631942     DEBUG Test worker     d.u.i.k.n.KeyIO           MODE: 2nd degree decls took 0 
631942     INFO  Test worker     d.u.i.k.n.KeyIO           Parsing took 0 ms 
631942     DEBUG Test worker     d.u.i.k.n.KeyIO           Load declarations of de.uka.ilkd.key.nparser.KeyAst$File:  <unknown>:1#1 
631942     INFO  Test worker     d.u.i.k.n.KeyIO           MODE: declarations took 0 ms 
631942     DEBUG Test worker     d.u.i.k.n.KeyIO           MODE: 2nd degree decls took 0 
631942     INFO  Test worker     d.u.i.k.n.KeyIO           Parsing took 0 ms 
631942     DEBUG Test worker     d.u.i.k.n.KeyIO           Load declarations of de.uka.ilkd.key.nparser.KeyAst$File:  <unknown>:1#1 
631942     INFO  Test worker     d.u.i.k.n.KeyIO           MODE: declarations took 0 ms 
631942     DEBUG Test worker     d.u.i.k.n.KeyIO           MODE: 2nd degree decls took 0 
631942     INFO  Test worker     d.u.i.k.n.KeyIO           Parsing took 0 ms 
631942     DEBUG Test worker     d.u.i.k.n.KeyIO           Load declarations of de.uka.ilkd.key.nparser.KeyAst$File:  <unknown>:1#1 
631942     INFO  Test worker     d.u.i.k.n.KeyIO           MODE: declarations took 0 ms 
631942     DEBUG Test worker     d.u.i.k.n.KeyIO           MODE: 2nd degree decls took 0 
637103     INFO  Test worker     d.u.i.k.n.KeyIO           Parsing took 0 ms 
637103     DEBUG Test worker     d.u.i.k.n.KeyIO           Load declarations of de.uka.ilkd.key.nparser.KeyAst$File:  <unknown>:1#1 
637103     INFO  Test worker     d.u.i.k.n.KeyIO           MODE: declarations took 0 ms 
637103     DEBUG Test worker     d.u.i.k.n.KeyIO           MODE: 2nd degree decls took 0 
637103     INFO  Test worker     d.u.i.k.n.KeyIO           Parsing took 0 ms 
637103     DEBUG Test worker     d.u.i.k.n.KeyIO           Load declarations of de.uka.ilkd.key.nparser.KeyAst$File:  <unknown>:1#1 
637103     INFO  Test worker     d.u.i.k.n.KeyIO           MODE: declarations took 0 ms 
637103     DEBUG Test worker     d.u.i.k.n.KeyIO           MODE: 2nd degree decls took 0 
637103     INFO  Test worker     d.u.i.k.n.KeyIO           Parsing took 0 ms 
637103     DEBUG Test worker     d.u.i.k.n.KeyIO           Load declarations of de.uka.ilkd.key.nparser.KeyAst$File:  <unknown>:1#1 
637103     INFO  Test worker     d.u.i.k.n.KeyIO           MODE: declarations took 0 ms 
637103     DEBUG Test worker     d.u.i.k.n.KeyIO           MODE: 2nd degree decls took 0 
637103     INFO  Test worker     d.u.i.k.n.KeyIO           Parsing took 0 ms 
637103     DEBUG Test worker     d.u.i.k.n.KeyIO           Load declarations of de.uka.ilkd.key.nparser.KeyAst$File:  <unknown>:1#1 
637103     INFO  Test worker     d.u.i.k.n.KeyIO           MODE: declarations took 0 ms 
637103     DEBUG Test worker     d.u.i.k.n.KeyIO           MODE: 2nd degree decls took 0 
637103     INFO  Test worker     d.u.i.k.n.KeyIO           Parsing took 0 ms 
637103     DEBUG Test worker     d.u.i.k.n.KeyIO           Load declarations of de.uka.ilkd.key.nparser.KeyAst$File:  <unknown>:1#1 
637103     INFO  Test worker     d.u.i.k.n.KeyIO           MODE: declarations took 0 ms 
637103     DEBUG Test worker     d.u.i.k.n.KeyIO           MODE: 2nd degree decls took 0 
642138     INFO  Test worker     d.u.i.k.n.KeyIO           Parsing took 0 ms 
642138     DEBUG Test worker     d.u.i.k.n.KeyIO           Load declarations of de.uka.ilkd.key.nparser.KeyAst$File:  <unknown>:1#1 
642138     INFO  Test worker     d.u.i.k.n.KeyIO           MODE: declarations took 0 ms 
642138     DEBUG Test worker     d.u.i.k.n.KeyIO           MODE: 2nd degree decls took 0 
642138     INFO  Test worker     d.u.i.k.n.KeyIO           Parsing took 0 ms 
642138     DEBUG Test worker     d.u.i.k.n.KeyIO           Load declarations of de.uka.ilkd.key.nparser.KeyAst$File:  <unknown>:1#1 
642138     INFO  Test worker     d.u.i.k.n.KeyIO           MODE: declarations took 0 ms 
642138     DEBUG Test worker     d.u.i.k.n.KeyIO           MODE: 2nd degree decls took 0 
642138     INFO  Test worker     d.u.i.k.n.KeyIO           Parsing took 0 ms 
642138     DEBUG Test worker     d.u.i.k.n.KeyIO           Load declarations of de.uka.ilkd.key.nparser.KeyAst$File:  <unknown>:1#1 
642138     INFO  Test worker     d.u.i.k.n.KeyIO           MODE: declarations took 0 ms 
642138     DEBUG Test worker     d.u.i.k.n.KeyIO           MODE: 2nd degree decls took 0 
642138     INFO  Test worker     d.u.i.k.n.KeyIO           Parsing took 0 ms 
642138     DEBUG Test worker     d.u.i.k.n.KeyIO           Load declarations of de.uka.ilkd.key.nparser.KeyAst$File:  <unknown>:1#1 
642138     INFO  Test worker     d.u.i.k.n.KeyIO           MODE: declarations took 0 ms 
642138     DEBUG Test worker     d.u.i.k.n.KeyIO           MODE: 2nd degree decls took 0 
642138     INFO  Test worker     d.u.i.k.n.KeyIO           Parsing took 0 ms 
642138     DEBUG Test worker     d.u.i.k.n.KeyIO           Load declarations of de.uka.ilkd.key.nparser.KeyAst$File:  <unknown>:1#1 
642138     INFO  Test worker     d.u.i.k.n.KeyIO           MODE: declarations took 0 ms 
642138     DEBUG Test worker     d.u.i.k.n.KeyIO           MODE: 2nd degree decls took 0 
647485     INFO  Test worker     d.u.i.k.n.KeyIO           Parsing took 0 ms 
647485     DEBUG Test worker     d.u.i.k.n.KeyIO           Load declarations of de.uka.ilkd.key.nparser.KeyAst$File:  <unknown>:1#1 
647485     INFO  Test worker     d.u.i.k.n.KeyIO           MODE: declarations took 0 ms 
647485     DEBUG Test worker     d.u.i.k.n.KeyIO           MODE: 2nd degree decls took 0 
647485     INFO  Test worker     d.u.i.k.n.KeyIO           Parsing took 0 ms 
647485     DEBUG Test worker     d.u.i.k.n.KeyIO           Load declarations of de.uka.ilkd.key.nparser.KeyAst$File:  <unknown>:1#1 
647485     INFO  Test worker     d.u.i.k.n.KeyIO           MODE: declarations took 0 ms 
647485     DEBUG Test worker     d.u.i.k.n.KeyIO           MODE: 2nd degree decls took 0 
647485     INFO  Test worker     d.u.i.k.n.KeyIO           Parsing took 0 ms 
647485     DEBUG Test worker     d.u.i.k.n.KeyIO           Load declarations of de.uka.ilkd.key.nparser.KeyAst$File:  <unknown>:1#1 
647485     INFO  Test worker     d.u.i.k.n.KeyIO           MODE: declarations took 0 ms 
647485     DEBUG Test worker     d.u.i.k.n.KeyIO           MODE: 2nd degree decls took 0 
647485     INFO  Test worker     d.u.i.k.n.KeyIO           Parsing took 0 ms 
647485     DEBUG Test worker     d.u.i.k.n.KeyIO           Load declarations of de.uka.ilkd.key.nparser.KeyAst$File:  <unknown>:1#1 
647485     INFO  Test worker     d.u.i.k.n.KeyIO           MODE: declarations took 0 ms 
647485     DEBUG Test worker     d.u.i.k.n.KeyIO           MODE: 2nd degree decls took 0 
647485     INFO  Test worker     d.u.i.k.n.KeyIO           Parsing took 0 ms 
647485     DEBUG Test worker     d.u.i.k.n.KeyIO           Load declarations of de.uka.ilkd.key.nparser.KeyAst$File:  <unknown>:1#1 
647485     INFO  Test worker     d.u.i.k.n.KeyIO           MODE: declarations took 0 ms 
647485     DEBUG Test worker     d.u.i.k.n.KeyIO           MODE: 2nd degree decls took 0 
652567     INFO  Test worker     d.u.i.k.n.KeyIO           Parsing took 0 ms 
652567     DEBUG Test worker     d.u.i.k.n.KeyIO           Load declarations of de.uka.ilkd.key.nparser.KeyAst$File:  <unknown>:1#1 
652567     INFO  Test worker     d.u.i.k.n.KeyIO           MODE: declarations took 0 ms 
652567     DEBUG Test worker     d.u.i.k.n.KeyIO           MODE: 2nd degree decls took 0 
652567     INFO  Test worker     d.u.i.k.n.KeyIO           Parsing took 0 ms 
652567     DEBUG Test worker     d.u.i.k.n.KeyIO           Load declarations of de.uka.ilkd.key.nparser.KeyAst$File:  <unknown>:1#1 
652567     INFO  Test worker     d.u.i.k.n.KeyIO           MODE: declarations took 0 ms 
652567     DEBUG Test worker     d.u.i.k.n.KeyIO           MODE: 2nd degree decls took 0 
652567     INFO  Test worker     d.u.i.k.n.KeyIO           Parsing took 0 ms 
652567     DEBUG Test worker     d.u.i.k.n.KeyIO           Load declarations of de.uka.ilkd.key.nparser.KeyAst$File:  <unknown>:1#1 
652567     INFO  Test worker     d.u.i.k.n.KeyIO           MODE: declarations took 0 ms 
652567     DEBUG Test worker     d.u.i.k.n.KeyIO           MODE: 2nd degree decls took 0 
652567     INFO  Test worker     d.u.i.k.n.KeyIO           Parsing took 0 ms 
652567     DEBUG Test worker     d.u.i.k.n.KeyIO           Load declarations of de.uka.ilkd.key.nparser.KeyAst$File:  <unknown>:1#1 
652567     INFO  Test worker     d.u.i.k.n.KeyIO           MODE: declarations took 0 ms 
652567     DEBUG Test worker     d.u.i.k.n.KeyIO           MODE: 2nd degree decls took 0 
652567     INFO  Test worker     d.u.i.k.n.KeyIO           Parsing took 0 ms 
652567     DEBUG Test worker     d.u.i.k.n.KeyIO           Load declarations of de.uka.ilkd.key.nparser.KeyAst$File:  <unknown>:1#1 
652567     INFO  Test worker     d.u.i.k.n.KeyIO           MODE: declarations took 0 ms 
652567     DEBUG Test worker     d.u.i.k.n.KeyIO           MODE: 2nd degree decls took 0 
657650     INFO  Test worker     d.u.i.k.n.KeyIO           Parsing took 0 ms 
657650     DEBUG Test worker     d.u.i.k.n.KeyIO           Load declarations of de.uka.ilkd.key.nparser.KeyAst$File:  <unknown>:1#1 
657650     INFO  Test worker     d.u.i.k.n.KeyIO           MODE: declarations took 0 ms 
657650     DEBUG Test worker     d.u.i.k.n.KeyIO           MODE: 2nd degree decls took 0 
657650     INFO  Test worker     d.u.i.k.n.KeyIO           Parsing took 0 ms 
657650     DEBUG Test worker     d.u.i.k.n.KeyIO           Load declarations of de.uka.ilkd.key.nparser.KeyAst$File:  <unknown>:1#1 
657650     INFO  Test worker     d.u.i.k.n.KeyIO           MODE: declarations took 0 ms 
657650     DEBUG Test worker     d.u.i.k.n.KeyIO           MODE: 2nd degree decls took 0 
657650     INFO  Test worker     d.u.i.k.n.KeyIO           Parsing took 0 ms 
657650     DEBUG Test worker     d.u.i.k.n.KeyIO           Load declarations of de.uka.ilkd.key.nparser.KeyAst$File:  <unknown>:1#1 
657650     INFO  Test worker     d.u.i.k.n.KeyIO           MODE: declarations took 0 ms 
657650     DEBUG Test worker     d.u.i.k.n.KeyIO           MODE: 2nd degree decls took 0 
657650     INFO  Test worker     d.u.i.k.n.KeyIO           Parsing took 0 ms 
657650     DEBUG Test worker     d.u.i.k.n.KeyIO           Load declarations of de.uka.ilkd.key.nparser.KeyAst$File:  <unknown>:1#1 
657650     INFO  Test worker     d.u.i.k.n.KeyIO           MODE: declarations took 0 ms 
657650     DEBUG Test worker     d.u.i.k.n.KeyIO           MODE: 2nd degree decls took 0 
657650     INFO  Test worker     d.u.i.k.n.KeyIO           Parsing took 0 ms 
657650     DEBUG Test worker     d.u.i.k.n.KeyIO           Load declarations of de.uka.ilkd.key.nparser.KeyAst$File:  <unknown>:1#1 
657650     INFO  Test worker     d.u.i.k.n.KeyIO           MODE: declarations took 0 ms 
657650     DEBUG Test worker     d.u.i.k.n.KeyIO           MODE: 2nd degree decls took 0 
662856     INFO  Test worker     d.u.i.k.n.KeyIO           Parsing took 0 ms 
662856     DEBUG Test worker     d.u.i.k.n.KeyIO           Load declarations of de.uka.ilkd.key.nparser.KeyAst$File:  <unknown>:1#1 
662856     INFO  Test worker     d.u.i.k.n.KeyIO           MODE: declarations took 0 ms 
662856     DEBUG Test worker     d.u.i.k.n.KeyIO           MODE: 2nd degree decls took 0 
662872     INFO  Test worker     d.u.i.k.n.KeyIO           Parsing took 0 ms 
662872     DEBUG Test worker     d.u.i.k.n.KeyIO           Load declarations of de.uka.ilkd.key.nparser.KeyAst$File:  <unknown>:1#1 
662872     INFO  Test worker     d.u.i.k.n.KeyIO           MODE: declarations took 0 ms 
662872     DEBUG Test worker     d.u.i.k.n.KeyIO           MODE: 2nd degree decls took 0 
662872     INFO  Test worker     d.u.i.k.n.KeyIO           Parsing took 0 ms 
662872     DEBUG Test worker     d.u.i.k.n.KeyIO           Load declarations of de.uka.ilkd.key.nparser.KeyAst$File:  <unknown>:1#1 
662872     INFO  Test worker     d.u.i.k.n.KeyIO           MODE: declarations took 0 ms 
662872     DEBUG Test worker     d.u.i.k.n.KeyIO           MODE: 2nd degree decls took 0 
662872     INFO  Test worker     d.u.i.k.n.KeyIO           Parsing took 0 ms 
662872     DEBUG Test worker     d.u.i.k.n.KeyIO           Load declarations of de.uka.ilkd.key.nparser.KeyAst$File:  <unknown>:1#1 
662872     INFO  Test worker     d.u.i.k.n.KeyIO           MODE: declarations took 0 ms 
662872     DEBUG Test worker     d.u.i.k.n.KeyIO           MODE: 2nd degree decls took 0 
662872     INFO  Test worker     d.u.i.k.n.KeyIO           Parsing took 0 ms 
662872     DEBUG Test worker     d.u.i.k.n.KeyIO           Load declarations of de.uka.ilkd.key.nparser.KeyAst$File:  <unknown>:1#1 
662872     INFO  Test worker     d.u.i.k.n.KeyIO           MODE: declarations took 0 ms 
662872     DEBUG Test worker     d.u.i.k.n.KeyIO           MODE: 2nd degree decls took 0 
667936     INFO  Test worker     d.u.i.k.n.KeyIO           Parsing took 0 ms 
667936     DEBUG Test worker     d.u.i.k.n.KeyIO           Load declarations of de.uka.ilkd.key.nparser.KeyAst$File:  <unknown>:1#1 
667936     INFO  Test worker     d.u.i.k.n.KeyIO           MODE: declarations took 0 ms 
667936     DEBUG Test worker     d.u.i.k.n.KeyIO           MODE: 2nd degree decls took 0 
667936     INFO  Test worker     d.u.i.k.n.KeyIO           Parsing took 0 ms 
667936     DEBUG Test worker     d.u.i.k.n.KeyIO           Load declarations of de.uka.ilkd.key.nparser.KeyAst$File:  <unknown>:1#1 
667936     INFO  Test worker     d.u.i.k.n.KeyIO           MODE: declarations took 0 ms 
667936     DEBUG Test worker     d.u.i.k.n.KeyIO           MODE: 2nd degree decls took 0 
667936     INFO  Test worker     d.u.i.k.n.KeyIO           Parsing took 0 ms 
667936     DEBUG Test worker     d.u.i.k.n.KeyIO           Load declarations of de.uka.ilkd.key.nparser.KeyAst$File:  <unknown>:1#1 
667936     INFO  Test worker     d.u.i.k.n.KeyIO           MODE: declarations took 0 ms 
667936     DEBUG Test worker     d.u.i.k.n.KeyIO           MODE: 2nd degree decls took 0 
667936     INFO  Test worker     d.u.i.k.n.KeyIO           Parsing took 0 ms 
667936     DEBUG Test worker     d.u.i.k.n.KeyIO           Load declarations of de.uka.ilkd.key.nparser.KeyAst$File:  <unknown>:1#1 
667936     INFO  Test worker     d.u.i.k.n.KeyIO           MODE: declarations took 0 ms 
667936     DEBUG Test worker     d.u.i.k.n.KeyIO           MODE: 2nd degree decls took 0 
667936     INFO  Test worker     d.u.i.k.n.KeyIO           Parsing took 0 ms 
667936     DEBUG Test worker     d.u.i.k.n.KeyIO           Load declarations of de.uka.ilkd.key.nparser.KeyAst$File:  <unknown>:1#1 
667936     INFO  Test worker     d.u.i.k.n.KeyIO           MODE: declarations took 0 ms 
667936     DEBUG Test worker     d.u.i.k.n.KeyIO           MODE: 2nd degree decls took 0 
672970     INFO  Test worker     d.u.i.k.n.KeyIO           Parsing took 0 ms 
672970     DEBUG Test worker     d.u.i.k.n.KeyIO           Load declarations of de.uka.ilkd.key.nparser.KeyAst$File:  <unknown>:1#1 
672970     INFO  Test worker     d.u.i.k.n.KeyIO           MODE: declarations took 0 ms 
672970     DEBUG Test worker     d.u.i.k.n.KeyIO           MODE: 2nd degree decls took 0 
672970     INFO  Test worker     d.u.i.k.n.KeyIO           Parsing took 0 ms 
672970     DEBUG Test worker     d.u.i.k.n.KeyIO           Load declarations of de.uka.ilkd.key.nparser.KeyAst$File:  <unknown>:1#1 
672970     INFO  Test worker     d.u.i.k.n.KeyIO           MODE: declarations took 0 ms 
672970     DEBUG Test worker     d.u.i.k.n.KeyIO           MODE: 2nd degree decls took 0 
672970     INFO  Test worker     d.u.i.k.n.KeyIO           Parsing took 0 ms 
672970     DEBUG Test worker     d.u.i.k.n.KeyIO           Load declarations of de.uka.ilkd.key.nparser.KeyAst$File:  <unknown>:1#1 
672970     INFO  Test worker     d.u.i.k.n.KeyIO           MODE: declarations took 0 ms 
672970     DEBUG Test worker     d.u.i.k.n.KeyIO           MODE: 2nd degree decls took 0 
672970     INFO  Test worker     d.u.i.k.n.KeyIO           Parsing took 0 ms 
672970     DEBUG Test worker     d.u.i.k.n.KeyIO           Load declarations of de.uka.ilkd.key.nparser.KeyAst$File:  <unknown>:1#1 
672970     INFO  Test worker     d.u.i.k.n.KeyIO           MODE: declarations took 0 ms 
672970     DEBUG Test worker     d.u.i.k.n.KeyIO           MODE: 2nd degree decls took 0 
672970     INFO  Test worker     d.u.i.k.n.KeyIO           Parsing took 0 ms 
672970     DEBUG Test worker     d.u.i.k.n.KeyIO           Load declarations of de.uka.ilkd.key.nparser.KeyAst$File:  <unknown>:1#1 
672970     INFO  Test worker     d.u.i.k.n.KeyIO           MODE: declarations took 0 ms 
672970     DEBUG Test worker     d.u.i.k.n.KeyIO           MODE: 2nd degree decls took 0 
678082     INFO  Test worker     d.u.i.k.n.KeyIO           Parsing took 0 ms 
678082     DEBUG Test worker     d.u.i.k.n.KeyIO           Load declarations of de.uka.ilkd.key.nparser.KeyAst$File:  <unknown>:1#1 
678082     INFO  Test worker     d.u.i.k.n.KeyIO           MODE: declarations took 0 ms 
678082     DEBUG Test worker     d.u.i.k.n.KeyIO           MODE: 2nd degree decls took 0 
678082     INFO  Test worker     d.u.i.k.n.KeyIO           Parsing took 0 ms 
678082     DEBUG Test worker     d.u.i.k.n.KeyIO           Load declarations of de.uka.ilkd.key.nparser.KeyAst$File:  <unknown>:1#1 
678082     INFO  Test worker     d.u.i.k.n.KeyIO           MODE: declarations took 0 ms 
678082     DEBUG Test worker     d.u.i.k.n.KeyIO           MODE: 2nd degree decls took 0 
678082     INFO  Test worker     d.u.i.k.n.KeyIO           Parsing took 0 ms 
678082     DEBUG Test worker     d.u.i.k.n.KeyIO           Load declarations of de.uka.ilkd.key.nparser.KeyAst$File:  <unknown>:1#1 
678082     INFO  Test worker     d.u.i.k.n.KeyIO           MODE: declarations took 0 ms 
678082     DEBUG Test worker     d.u.i.k.n.KeyIO           MODE: 2nd degree decls took 0 
678082     INFO  Test worker     d.u.i.k.n.KeyIO           Parsing took 0 ms 
678082     DEBUG Test worker     d.u.i.k.n.KeyIO           Load declarations of de.uka.ilkd.key.nparser.KeyAst$File:  <unknown>:1#1 
678082     INFO  Test worker     d.u.i.k.n.KeyIO           MODE: declarations took 0 ms 
678082     DEBUG Test worker     d.u.i.k.n.KeyIO           MODE: 2nd degree decls took 0 
678082     INFO  Test worker     d.u.i.k.n.KeyIO           Parsing took 0 ms 
678082     DEBUG Test worker     d.u.i.k.n.KeyIO           Load declarations of de.uka.ilkd.key.nparser.KeyAst$File:  <unknown>:1#1 
678082     INFO  Test worker     d.u.i.k.n.KeyIO           MODE: declarations took 0 ms 
678082     DEBUG Test worker     d.u.i.k.n.KeyIO           MODE: 2nd degree decls took 0 
683133     INFO  Test worker     d.u.i.k.n.KeyIO           Parsing took 0 ms 
683133     DEBUG Test worker     d.u.i.k.n.KeyIO           Load declarations of de.uka.ilkd.key.nparser.KeyAst$File:  <unknown>:1#1 
683133     INFO  Test worker     d.u.i.k.n.KeyIO           MODE: declarations took 0 ms 
683133     DEBUG Test worker     d.u.i.k.n.KeyIO           MODE: 2nd degree decls took 0 
683133     INFO  Test worker     d.u.i.k.n.KeyIO           Parsing took 0 ms 
683133     DEBUG Test worker     d.u.i.k.n.KeyIO           Load declarations of de.uka.ilkd.key.nparser.KeyAst$File:  <unknown>:1#1 
683133     INFO  Test worker     d.u.i.k.n.KeyIO           MODE: declarations took 0 ms 
683133     DEBUG Test worker     d.u.i.k.n.KeyIO           MODE: 2nd degree decls took 0 
683133     INFO  Test worker     d.u.i.k.n.KeyIO           Parsing took 0 ms 
683133     DEBUG Test worker     d.u.i.k.n.KeyIO           Load declarations of de.uka.ilkd.key.nparser.KeyAst$File:  <unknown>:1#1 
683133     INFO  Test worker     d.u.i.k.n.KeyIO           MODE: declarations took 0 ms 
683133     DEBUG Test worker     d.u.i.k.n.KeyIO           MODE: 2nd degree decls took 0 
683133     INFO  Test worker     d.u.i.k.n.KeyIO           Parsing took 0 ms 
683133     DEBUG Test worker     d.u.i.k.n.KeyIO           Load declarations of de.uka.ilkd.key.nparser.KeyAst$File:  <unknown>:1#1 
683133     INFO  Test worker     d.u.i.k.n.KeyIO           MODE: declarations took 0 ms 
683133     DEBUG Test worker     d.u.i.k.n.KeyIO           MODE: 2nd degree decls took 0 
683133     INFO  Test worker     d.u.i.k.n.KeyIO           Parsing took 0 ms 
683133     DEBUG Test worker     d.u.i.k.n.KeyIO           Load declarations of de.uka.ilkd.key.nparser.KeyAst$File:  <unknown>:1#1 
683133     INFO  Test worker     d.u.i.k.n.KeyIO           MODE: declarations took 0 ms 
683133     DEBUG Test worker     d.u.i.k.n.KeyIO           MODE: 2nd degree decls took 0 
688129     INFO  Test worker     d.u.i.k.n.KeyIO           Parsing took 0 ms 
688129     DEBUG Test worker     d.u.i.k.n.KeyIO           Load declarations of de.uka.ilkd.key.nparser.KeyAst$File:  <unknown>:1#1 
688129     INFO  Test worker     d.u.i.k.n.KeyIO           MODE: declarations took 0 ms 
688129     DEBUG Test worker     d.u.i.k.n.KeyIO           MODE: 2nd degree decls took 0 
688129     INFO  Test worker     d.u.i.k.n.KeyIO           Parsing took 0 ms 
688129     DEBUG Test worker     d.u.i.k.n.KeyIO           Load declarations of de.uka.ilkd.key.nparser.KeyAst$File:  <unknown>:1#1 
688129     INFO  Test worker     d.u.i.k.n.KeyIO           MODE: declarations took 0 ms 
688129     DEBUG Test worker     d.u.i.k.n.KeyIO           MODE: 2nd degree decls took 0 
688129     INFO  Test worker     d.u.i.k.n.KeyIO           Parsing took 0 ms 
688129     DEBUG Test worker     d.u.i.k.n.KeyIO           Load declarations of de.uka.ilkd.key.nparser.KeyAst$File:  <unknown>:1#1 
688129     INFO  Test worker     d.u.i.k.n.KeyIO           MODE: declarations took 0 ms 
688129     DEBUG Test worker     d.u.i.k.n.KeyIO           MODE: 2nd degree decls took 0 
688129     INFO  Test worker     d.u.i.k.n.KeyIO           Parsing took 0 ms 
688129     DEBUG Test worker     d.u.i.k.n.KeyIO           Load declarations of de.uka.ilkd.key.nparser.KeyAst$File:  <unknown>:1#1 
688129     INFO  Test worker     d.u.i.k.n.KeyIO           MODE: declarations took 0 ms 
688129     DEBUG Test worker     d.u.i.k.n.KeyIO           MODE: 2nd degree decls took 0 
688129     INFO  Test worker     d.u.i.k.n.KeyIO           Parsing took 0 ms 
688129     DEBUG Test worker     d.u.i.k.n.KeyIO           Load declarations of de.uka.ilkd.key.nparser.KeyAst$File:  <unknown>:1#1 
688129     INFO  Test worker     d.u.i.k.n.KeyIO           MODE: declarations took 0 ms 
688129     DEBUG Test worker     d.u.i.k.n.KeyIO           MODE: 2nd degree decls took 0 
693188     INFO  Test worker     d.u.i.k.n.KeyIO           Parsing took 0 ms 
693188     DEBUG Test worker     d.u.i.k.n.KeyIO           Load declarations of de.uka.ilkd.key.nparser.KeyAst$File:  <unknown>:1#1 
693188     INFO  Test worker     d.u.i.k.n.KeyIO           MODE: declarations took 0 ms 
693188     DEBUG Test worker     d.u.i.k.n.KeyIO           MODE: 2nd degree decls took 0 
693188     INFO  Test worker     d.u.i.k.n.KeyIO           Parsing took 0 ms 
693188     DEBUG Test worker     d.u.i.k.n.KeyIO           Load declarations of de.uka.ilkd.key.nparser.KeyAst$File:  <unknown>:1#1 
693188     INFO  Test worker     d.u.i.k.n.KeyIO           MODE: declarations took 0 ms 
693188     DEBUG Test worker     d.u.i.k.n.KeyIO           MODE: 2nd degree decls took 0 
693188     INFO  Test worker     d.u.i.k.n.KeyIO           Parsing took 0 ms 
693188     DEBUG Test worker     d.u.i.k.n.KeyIO           Load declarations of de.uka.ilkd.key.nparser.KeyAst$File:  <unknown>:1#1 
693188     INFO  Test worker     d.u.i.k.n.KeyIO           MODE: declarations took 0 ms 
693188     DEBUG Test worker     d.u.i.k.n.KeyIO           MODE: 2nd degree decls took 0 
693188     INFO  Test worker     d.u.i.k.n.KeyIO           Parsing took 0 ms 
693188     DEBUG Test worker     d.u.i.k.n.KeyIO           Load declarations of de.uka.ilkd.key.nparser.KeyAst$File:  <unknown>:1#1 
693188     INFO  Test worker     d.u.i.k.n.KeyIO           MODE: declarations took 0 ms 
693188     DEBUG Test worker     d.u.i.k.n.KeyIO           MODE: 2nd degree decls took 0 
693188     INFO  Test worker     d.u.i.k.n.KeyIO           Parsing took 0 ms 
693188     DEBUG Test worker     d.u.i.k.n.KeyIO           Load declarations of de.uka.ilkd.key.nparser.KeyAst$File:  <unknown>:1#1 
693188     INFO  Test worker     d.u.i.k.n.KeyIO           MODE: declarations took 0 ms 
693188     DEBUG Test worker     d.u.i.k.n.KeyIO           MODE: 2nd degree decls took 0 
698300     INFO  Test worker     d.u.i.k.n.KeyIO           Parsing took 0 ms 
698300     DEBUG Test worker     d.u.i.k.n.KeyIO           Load declarations of de.uka.ilkd.key.nparser.KeyAst$File:  <unknown>:1#1 
698300     INFO  Test worker     d.u.i.k.n.KeyIO           MODE: declarations took 0 ms 
698300     DEBUG Test worker     d.u.i.k.n.KeyIO           MODE: 2nd degree decls took 0 
698300     INFO  Test worker     d.u.i.k.n.KeyIO           Parsing took 0 ms 
698300     DEBUG Test worker     d.u.i.k.n.KeyIO           Load declarations of de.uka.ilkd.key.nparser.KeyAst$File:  <unknown>:1#1 
698300     INFO  Test worker     d.u.i.k.n.KeyIO           MODE: declarations took 0 ms 
698300     DEBUG Test worker     d.u.i.k.n.KeyIO           MODE: 2nd degree decls took 0 
698300     INFO  Test worker     d.u.i.k.n.KeyIO           Parsing took 0 ms 
698300     DEBUG Test worker     d.u.i.k.n.KeyIO           Load declarations of de.uka.ilkd.key.nparser.KeyAst$File:  <unknown>:1#1 
698300     INFO  Test worker     d.u.i.k.n.KeyIO           MODE: declarations took 0 ms 
698300     DEBUG Test worker     d.u.i.k.n.KeyIO           MODE: 2nd degree decls took 0 
698300     INFO  Test worker     d.u.i.k.n.KeyIO           Parsing took 0 ms 
698300     DEBUG Test worker     d.u.i.k.n.KeyIO           Load declarations of de.uka.ilkd.key.nparser.KeyAst$File:  <unknown>:1#1 
698300     INFO  Test worker     d.u.i.k.n.KeyIO           MODE: declarations took 0 ms 
698300     DEBUG Test worker     d.u.i.k.n.KeyIO           MODE: 2nd degree decls took 0 
698300     INFO  Test worker     d.u.i.k.n.KeyIO           Parsing took 0 ms 
698300     DEBUG Test worker     d.u.i.k.n.KeyIO           Load declarations of de.uka.ilkd.key.nparser.KeyAst$File:  <unknown>:1#1 
698300     INFO  Test worker     d.u.i.k.n.KeyIO           MODE: declarations took 0 ms 
698300     DEBUG Test worker     d.u.i.k.n.KeyIO           MODE: 2nd degree decls took 0 
703334     INFO  Test worker     d.u.i.k.n.KeyIO           Parsing took 0 ms 
703334     DEBUG Test worker     d.u.i.k.n.KeyIO           Load declarations of de.uka.ilkd.key.nparser.KeyAst$File:  <unknown>:1#1 
703334     INFO  Test worker     d.u.i.k.n.KeyIO           MODE: declarations took 0 ms 
703334     DEBUG Test worker     d.u.i.k.n.KeyIO           MODE: 2nd degree decls took 0 
703334     INFO  Test worker     d.u.i.k.n.KeyIO           Parsing took 0 ms 
703334     DEBUG Test worker     d.u.i.k.n.KeyIO           Load declarations of de.uka.ilkd.key.nparser.KeyAst$File:  <unknown>:1#1 
703334     INFO  Test worker     d.u.i.k.n.KeyIO           MODE: declarations took 0 ms 
703334     DEBUG Test worker     d.u.i.k.n.KeyIO           MODE: 2nd degree decls took 0 
703334     INFO  Test worker     d.u.i.k.n.KeyIO           Parsing took 0 ms 
703334     DEBUG Test worker     d.u.i.k.n.KeyIO           Load declarations of de.uka.ilkd.key.nparser.KeyAst$File:  <unknown>:1#1 
703334     INFO  Test worker     d.u.i.k.n.KeyIO           MODE: declarations took 0 ms 
703334     DEBUG Test worker     d.u.i.k.n.KeyIO           MODE: 2nd degree decls took 0 
703334     INFO  Test worker     d.u.i.k.n.KeyIO           Parsing took 0 ms 
703334     DEBUG Test worker     d.u.i.k.n.KeyIO           Load declarations of de.uka.ilkd.key.nparser.KeyAst$File:  <unknown>:1#1 
703334     INFO  Test worker     d.u.i.k.n.KeyIO           MODE: declarations took 0 ms 
703334     DEBUG Test worker     d.u.i.k.n.KeyIO           MODE: 2nd degree decls took 0 
703334     INFO  Test worker     d.u.i.k.n.KeyIO           Parsing took 0 ms 
703334     DEBUG Test worker     d.u.i.k.n.KeyIO           Load declarations of de.uka.ilkd.key.nparser.KeyAst$File:  <unknown>:1#1 
703334     INFO  Test worker     d.u.i.k.n.KeyIO           MODE: declarations took 0 ms 
703334     DEBUG Test worker     d.u.i.k.n.KeyIO           MODE: 2nd degree decls took 0 
708447     INFO  Test worker     d.u.i.k.n.KeyIO           Parsing took 0 ms 
708447     DEBUG Test worker     d.u.i.k.n.KeyIO           Load declarations of de.uka.ilkd.key.nparser.KeyAst$File:  <unknown>:1#1 
708447     INFO  Test worker     d.u.i.k.n.KeyIO           MODE: declarations took 0 ms 
708447     DEBUG Test worker     d.u.i.k.n.KeyIO           MODE: 2nd degree decls took 0 
708447     INFO  Test worker     d.u.i.k.n.KeyIO           Parsing took 0 ms 
708447     DEBUG Test worker     d.u.i.k.n.KeyIO           Load declarations of de.uka.ilkd.key.nparser.KeyAst$File:  <unknown>:1#1 
708447     INFO  Test worker     d.u.i.k.n.KeyIO           MODE: declarations took 0 ms 
708447     DEBUG Test worker     d.u.i.k.n.KeyIO           MODE: 2nd degree decls took 0 
708447     INFO  Test worker     d.u.i.k.n.KeyIO           Parsing took 0 ms 
708447     DEBUG Test worker     d.u.i.k.n.KeyIO           Load declarations of de.uka.ilkd.key.nparser.KeyAst$File:  <unknown>:1#1 
708447     INFO  Test worker     d.u.i.k.n.KeyIO           MODE: declarations took 0 ms 
708447     DEBUG Test worker     d.u.i.k.n.KeyIO           MODE: 2nd degree decls took 0 
708447     INFO  Test worker     d.u.i.k.n.KeyIO           Parsing took 0 ms 
708447     DEBUG Test worker     d.u.i.k.n.KeyIO           Load declarations of de.uka.ilkd.key.nparser.KeyAst$File:  <unknown>:1#1 
708447     INFO  Test worker     d.u.i.k.n.KeyIO           MODE: declarations took 0 ms 
708447     DEBUG Test worker     d.u.i.k.n.KeyIO           MODE: 2nd degree decls took 0 
708447     INFO  Test worker     d.u.i.k.n.KeyIO           Parsing took 0 ms 
708447     DEBUG Test worker     d.u.i.k.n.KeyIO           Load declarations of de.uka.ilkd.key.nparser.KeyAst$File:  <unknown>:1#1 
708447     INFO  Test worker     d.u.i.k.n.KeyIO           MODE: declarations took 0 ms 
708447     DEBUG Test worker     d.u.i.k.n.KeyIO           MODE: 2nd degree decls took 0 
713481     INFO  Test worker     d.u.i.k.n.KeyIO           Parsing took 0 ms 
713481     DEBUG Test worker     d.u.i.k.n.KeyIO           Load declarations of de.uka.ilkd.key.nparser.KeyAst$File:  <unknown>:1#1 
713481     INFO  Test worker     d.u.i.k.n.KeyIO           MODE: declarations took 0 ms 
713481     DEBUG Test worker     d.u.i.k.n.KeyIO           MODE: 2nd degree decls took 0 
713481     INFO  Test worker     d.u.i.k.n.KeyIO           Parsing took 0 ms 
713481     DEBUG Test worker     d.u.i.k.n.KeyIO           Load declarations of de.uka.ilkd.key.nparser.KeyAst$File:  <unknown>:1#1 
713481     INFO  Test worker     d.u.i.k.n.KeyIO           MODE: declarations took 0 ms 
713481     DEBUG Test worker     d.u.i.k.n.KeyIO           MODE: 2nd degree decls took 0 
713481     INFO  Test worker     d.u.i.k.n.KeyIO           Parsing took 0 ms 
713481     DEBUG Test worker     d.u.i.k.n.KeyIO           Load declarations of de.uka.ilkd.key.nparser.KeyAst$File:  <unknown>:1#1 
713481     INFO  Test worker     d.u.i.k.n.KeyIO           MODE: declarations took 0 ms 
713481     DEBUG Test worker     d.u.i.k.n.KeyIO           MODE: 2nd degree decls took 0 
713481     INFO  Test worker     d.u.i.k.n.KeyIO           Parsing took 0 ms 
713481     DEBUG Test worker     d.u.i.k.n.KeyIO           Load declarations of de.uka.ilkd.key.nparser.KeyAst$File:  <unknown>:1#1 
713481     INFO  Test worker     d.u.i.k.n.KeyIO           MODE: declarations took 0 ms 
713481     DEBUG Test worker     d.u.i.k.n.KeyIO           MODE: 2nd degree decls took 0 
713481     INFO  Test worker     d.u.i.k.n.KeyIO           Parsing took 0 ms 
713481     DEBUG Test worker     d.u.i.k.n.KeyIO           Load declarations of de.uka.ilkd.key.nparser.KeyAst$File:  <unknown>:1#1 
713481     INFO  Test worker     d.u.i.k.n.KeyIO           MODE: declarations took 0 ms 
713481     DEBUG Test worker     d.u.i.k.n.KeyIO           MODE: 2nd degree decls took 0 
718484     INFO  Test worker     d.u.i.k.n.KeyIO           Parsing took 0 ms 
718484     DEBUG Test worker     d.u.i.k.n.KeyIO           Load declarations of de.uka.ilkd.key.nparser.KeyAst$File:  <unknown>:1#1 
718484     INFO  Test worker     d.u.i.k.n.KeyIO           MODE: declarations took 0 ms 
718484     DEBUG Test worker     d.u.i.k.n.KeyIO           MODE: 2nd degree decls took 0 
718484     INFO  Test worker     d.u.i.k.n.KeyIO           Parsing took 0 ms 
718484     DEBUG Test worker     d.u.i.k.n.KeyIO           Load declarations of de.uka.ilkd.key.nparser.KeyAst$File:  <unknown>:1#1 
718484     INFO  Test worker     d.u.i.k.n.KeyIO           MODE: declarations took 0 ms 
718484     DEBUG Test worker     d.u.i.k.n.KeyIO           MODE: 2nd degree decls took 0 
718484     INFO  Test worker     d.u.i.k.n.KeyIO           Parsing took 0 ms 
718484     DEBUG Test worker     d.u.i.k.n.KeyIO           Load declarations of de.uka.ilkd.key.nparser.KeyAst$File:  <unknown>:1#1 
718484     INFO  Test worker     d.u.i.k.n.KeyIO           MODE: declarations took 0 ms 
718484     DEBUG Test worker     d.u.i.k.n.KeyIO           MODE: 2nd degree decls took 0 
718484     INFO  Test worker     d.u.i.k.n.KeyIO           Parsing took 0 ms 
718484     DEBUG Test worker     d.u.i.k.n.KeyIO           Load declarations of de.uka.ilkd.key.nparser.KeyAst$File:  <unknown>:1#1 
718484     INFO  Test worker     d.u.i.k.n.KeyIO           MODE: declarations took 0 ms 
718484     DEBUG Test worker     d.u.i.k.n.KeyIO           MODE: 2nd degree decls took 0 
718484     INFO  Test worker     d.u.i.k.n.KeyIO           Parsing took 0 ms 
718484     DEBUG Test worker     d.u.i.k.n.KeyIO           Load declarations of de.uka.ilkd.key.nparser.KeyAst$File:  <unknown>:1#1 
718484     INFO  Test worker     d.u.i.k.n.KeyIO           MODE: declarations took 0 ms 
718484     DEBUG Test worker     d.u.i.k.n.KeyIO           MODE: 2nd degree decls took 0 
723628     INFO  Test worker     d.u.i.k.n.KeyIO           Parsing took 0 ms 
723628     DEBUG Test worker     d.u.i.k.n.KeyIO           Load declarations of de.uka.ilkd.key.nparser.KeyAst$File:  <unknown>:1#1 
723628     INFO  Test worker     d.u.i.k.n.KeyIO           MODE: declarations took 0 ms 
723628     DEBUG Test worker     d.u.i.k.n.KeyIO           MODE: 2nd degree decls took 0 
723628     INFO  Test worker     d.u.i.k.n.KeyIO           Parsing took 0 ms 
723628     DEBUG Test worker     d.u.i.k.n.KeyIO           Load declarations of de.uka.ilkd.key.nparser.KeyAst$File:  <unknown>:1#1 
723628     INFO  Test worker     d.u.i.k.n.KeyIO           MODE: declarations took 0 ms 
723628     DEBUG Test worker     d.u.i.k.n.KeyIO           MODE: 2nd degree decls took 0 
723628     INFO  Test worker     d.u.i.k.n.KeyIO           Parsing took 0 ms 
723628     DEBUG Test worker     d.u.i.k.n.KeyIO           Load declarations of de.uka.ilkd.key.nparser.KeyAst$File:  <unknown>:1#1 
723628     INFO  Test worker     d.u.i.k.n.KeyIO           MODE: declarations took 0 ms 
723628     DEBUG Test worker     d.u.i.k.n.KeyIO           MODE: 2nd degree decls took 0 
723644     INFO  Test worker     d.u.i.k.n.KeyIO           Parsing took 0 ms 
723644     DEBUG Test worker     d.u.i.k.n.KeyIO           Load declarations of de.uka.ilkd.key.nparser.KeyAst$File:  <unknown>:1#1 
723644     INFO  Test worker     d.u.i.k.n.KeyIO           MODE: declarations took 0 ms 
723644     DEBUG Test worker     d.u.i.k.n.KeyIO           MODE: 2nd degree decls took 0 
723644     INFO  Test worker     d.u.i.k.n.KeyIO           Parsing took 0 ms 
723644     DEBUG Test worker     d.u.i.k.n.KeyIO           Load declarations of de.uka.ilkd.key.nparser.KeyAst$File:  <unknown>:1#1 
723644     INFO  Test worker     d.u.i.k.n.KeyIO           MODE: declarations took 0 ms 
723644     DEBUG Test worker     d.u.i.k.n.KeyIO           MODE: 2nd degree decls took 0 
728662     INFO  Test worker     d.u.i.k.n.KeyIO           Parsing took 0 ms 
728662     DEBUG Test worker     d.u.i.k.n.KeyIO           Load declarations of de.uka.ilkd.key.nparser.KeyAst$File:  <unknown>:1#1 
728662     INFO  Test worker     d.u.i.k.n.KeyIO           MODE: declarations took 0 ms 
728662     DEBUG Test worker     d.u.i.k.n.KeyIO           MODE: 2nd degree decls took 0 
728662     INFO  Test worker     d.u.i.k.n.KeyIO           Parsing took 0 ms 
728662     DEBUG Test worker     d.u.i.k.n.KeyIO           Load declarations of de.uka.ilkd.key.nparser.KeyAst$File:  <unknown>:1#1 
728662     INFO  Test worker     d.u.i.k.n.KeyIO           MODE: declarations took 0 ms 
728662     DEBUG Test worker     d.u.i.k.n.KeyIO           MODE: 2nd degree decls took 0 
728662     INFO  Test worker     d.u.i.k.n.KeyIO           Parsing took 0 ms 
728662     DEBUG Test worker     d.u.i.k.n.KeyIO           Load declarations of de.uka.ilkd.key.nparser.KeyAst$File:  <unknown>:1#1 
728662     INFO  Test worker     d.u.i.k.n.KeyIO           MODE: declarations took 0 ms 
728662     DEBUG Test worker     d.u.i.k.n.KeyIO           MODE: 2nd degree decls took 0 
728662     INFO  Test worker     d.u.i.k.n.KeyIO           Parsing took 0 ms 
728662     DEBUG Test worker     d.u.i.k.n.KeyIO           Load declarations of de.uka.ilkd.key.nparser.KeyAst$File:  <unknown>:1#1 
728662     INFO  Test worker     d.u.i.k.n.KeyIO           MODE: declarations took 0 ms 
728662     DEBUG Test worker     d.u.i.k.n.KeyIO           MODE: 2nd degree decls took 0 
728662     INFO  Test worker     d.u.i.k.n.KeyIO           Parsing took 0 ms 
728662     DEBUG Test worker     d.u.i.k.n.KeyIO           Load declarations of de.uka.ilkd.key.nparser.KeyAst$File:  <unknown>:1#1 
728662     INFO  Test worker     d.u.i.k.n.KeyIO           MODE: declarations took 0 ms 
728662     DEBUG Test worker     d.u.i.k.n.KeyIO           MODE: 2nd degree decls took 0 
733760     INFO  Test worker     d.u.i.k.n.KeyIO           Parsing took 0 ms 
733760     DEBUG Test worker     d.u.i.k.n.KeyIO           Load declarations of de.uka.ilkd.key.nparser.KeyAst$File:  <unknown>:1#1 
733760     INFO  Test worker     d.u.i.k.n.KeyIO           MODE: declarations took 0 ms 
733760     DEBUG Test worker     d.u.i.k.n.KeyIO           MODE: 2nd degree decls took 0 
733760     INFO  Test worker     d.u.i.k.n.KeyIO           Parsing took 0 ms 
733760     DEBUG Test worker     d.u.i.k.n.KeyIO           Load declarations of de.uka.ilkd.key.nparser.KeyAst$File:  <unknown>:1#1 
733760     INFO  Test worker     d.u.i.k.n.KeyIO           MODE: declarations took 0 ms 
733760     DEBUG Test worker     d.u.i.k.n.KeyIO           MODE: 2nd degree decls took 0 
733760     INFO  Test worker     d.u.i.k.n.KeyIO           Parsing took 0 ms 
733760     DEBUG Test worker     d.u.i.k.n.KeyIO           Load declarations of de.uka.ilkd.key.nparser.KeyAst$File:  <unknown>:1#1 
733760     INFO  Test worker     d.u.i.k.n.KeyIO           MODE: declarations took 0 ms 
733760     DEBUG Test worker     d.u.i.k.n.KeyIO           MODE: 2nd degree decls took 0 
733760     INFO  Test worker     d.u.i.k.n.KeyIO           Parsing took 0 ms 
733760     DEBUG Test worker     d.u.i.k.n.KeyIO           Load declarations of de.uka.ilkd.key.nparser.KeyAst$File:  <unknown>:1#1 
733760     INFO  Test worker     d.u.i.k.n.KeyIO           MODE: declarations took 0 ms 
733760     DEBUG Test worker     d.u.i.k.n.KeyIO           MODE: 2nd degree decls took 0 
733760     INFO  Test worker     d.u.i.k.n.KeyIO           Parsing took 0 ms 
733760     DEBUG Test worker     d.u.i.k.n.KeyIO           Load declarations of de.uka.ilkd.key.nparser.KeyAst$File:  <unknown>:1#1 
733760     INFO  Test worker     d.u.i.k.n.KeyIO           MODE: declarations took 0 ms 
733760     DEBUG Test worker     d.u.i.k.n.KeyIO           MODE: 2nd degree decls took 0 
]]></system-out>
  <system-err><![CDATA[]]></system-err>
</testsuite>
