<?xml version="1.0" encoding="UTF-8"?>
<testsuite name="de.uka.ilkd.key.proof.io.TestZipProofSaving" tests="1" skipped="0" failures="0" errors="0" timestamp="2023-06-05T17:14:33" hostname="fv-az319-668" time="13.238">
  <properties/>
  <testcase name="testZip()" classname="de.uka.ilkd.key.proof.io.TestZipProofSaving" time="13.238"/>
  <system-out><![CDATA[754446     INFO  Test worker     d.u.i.k.p.i.AbstractProblemLoader Loading environment from C:\Users\RUNNER~1\AppData\Local\Temp\keyZipTest16431708379201122850.key 
754446     DEBUG Test worker     d.u.i.k.p.i.AbstractProblemLoader Environment load took 638.6ns 
754446     INFO  Test worker     d.u.i.k.p.i.AbstractProblemLoader Creating init config 
754680     DEBUG Test worker     d.u.i.k.j.TypeConverter   No LDT found for Meta 
754680     DEBUG Test worker     d.u.i.k.j.TypeConverter   No LDT found for Meta 
754680     DEBUG Test worker     d.u.i.k.j.TypeConverter   No LDT found for Meta 
754680     DEBUG Test worker     d.u.i.k.j.TypeConverter   No LDT found for Meta 
756415     DEBUG Test worker     d.u.i.k.j.TypeConverter   No LDT found for JavaBigintExpression 
762481     DEBUG Test worker     d.u.i.k.p.i.AbstractProblemLoader Init config took 8.04s 
762512     INFO  Test worker     d.u.i.k.p.i.AbstractProblemLoader Replaying proof keyZipTest16431708379201122850.key 
762512     DEBUG Test worker     d.u.i.k.p.i.IntermediateProofReplayer Proof replay took 11.7ns 
762668     INFO  Test worker     d.u.i.k.p.i.AbstractProblemLoader Loading environment from C:\Users\RUNNER~1\AppData\Local\Temp\keyZipTest16112646419483199592.proof.gz 
762668     DEBUG Test worker     d.u.i.k.p.i.AbstractProblemLoader Environment load took 710.7ns 
762668     INFO  Test worker     d.u.i.k.p.i.AbstractProblemLoader Creating init config 
767516     DEBUG Test worker     d.u.i.k.p.i.AbstractProblemLoader Init config took 4.84s 
767531     INFO  Test worker     d.u.i.k.p.i.AbstractProblemLoader Replaying proof keyZipTest16112646419483199592.proof.gz 
767562     DEBUG Test worker     d.u.i.k.p.i.IntermediateProofReplayer Proof replay took 19.25ms 
]]></system-out>
  <system-err><![CDATA[]]></system-err>
</testsuite>
