<?xml version="1.0" encoding="UTF-8"?>
<testsuite name="de.uka.ilkd.key.logic.TestClashFreeSubst" tests="14" skipped="2" failures="0" errors="0" timestamp="2023-06-05T17:03:10" hostname="fv-az319-668" time="92.217">
  <properties/>
  <testcase name="testMultiShareBound()" classname="de.uka.ilkd.key.logic.TestClashFreeSubst" time="2.113"/>
  <testcase name="testClash()" classname="de.uka.ilkd.key.logic.TestClashFreeSubst" time="1.987"/>
  <testcase name="testShare()" classname="de.uka.ilkd.key.logic.TestClashFreeSubst" time="1.892"/>
  <testcase name="testSubst()" classname="de.uka.ilkd.key.logic.TestClashFreeSubst" time="2.126"/>
  <testcase name="testWary0()" classname="de.uka.ilkd.key.logic.TestClashFreeSubst" time="1.572"/>
  <testcase name="testWary1()" classname="de.uka.ilkd.key.logic.TestClashFreeSubst" time="1.583"/>
  <testcase name="testWary2()" classname="de.uka.ilkd.key.logic.TestClashFreeSubst" time="1.584"/>
  <testcase name="testClashInSubstTerm()" classname="de.uka.ilkd.key.logic.TestClashFreeSubst" time="1.528"/>
  <testcase name="testShareWary()" classname="de.uka.ilkd.key.logic.TestClashFreeSubst" time="1.589"/>
  <testcase name="testMultiSubst()" classname="de.uka.ilkd.key.logic.TestClashFreeSubst" time="1.62"/>
  <testcase name="xtestMultiClash()" classname="de.uka.ilkd.key.logic.TestClashFreeSubst" time="0.0">
    <skipped/>
  </testcase>
  <testcase name="testSubstInSubstTerm()" classname="de.uka.ilkd.key.logic.TestClashFreeSubst" time="1.515"/>
  <testcase name="testSubstWary()" classname="de.uka.ilkd.key.logic.TestClashFreeSubst" time="1.545"/>
  <testcase name="xtestMultiClash1()" classname="de.uka.ilkd.key.logic.TestClashFreeSubst" time="0.0">
    <skipped/>
  </testcase>
  <system-out><![CDATA[71315      INFO  Test worker     d.u.i.k.n.KeyIO           Parsing took 0 ms 
71315      DEBUG Test worker     d.u.i.k.n.KeyIO           Load declarations of de.uka.ilkd.key.nparser.KeyAst$File:  <unknown>:1#1 
71315      INFO  Test worker     d.u.i.k.n.KeyIO           MODE: declarations took 0 ms 
71315      DEBUG Test worker     d.u.i.k.n.KeyIO           MODE: 2nd degree decls took 0 
73410      INFO  Test worker     d.u.i.k.n.KeyIO           Parsing took 0 ms 
73410      DEBUG Test worker     d.u.i.k.n.KeyIO           Load declarations of de.uka.ilkd.key.nparser.KeyAst$File:  <unknown>:1#1 
73410      INFO  Test worker     d.u.i.k.n.KeyIO           MODE: declarations took 0 ms 
73410      DEBUG Test worker     d.u.i.k.n.KeyIO           MODE: 2nd degree decls took 0 
80886      INFO  Test worker     d.u.i.k.n.KeyIO           Parsing took 0 ms 
80886      DEBUG Test worker     d.u.i.k.n.KeyIO           Load declarations of de.uka.ilkd.key.nparser.KeyAst$File:  <unknown>:1#1 
80886      INFO  Test worker     d.u.i.k.n.KeyIO           MODE: declarations took 0 ms 
80886      DEBUG Test worker     d.u.i.k.n.KeyIO           MODE: 2nd degree decls took 0 
82856      INFO  Test worker     d.u.i.k.n.KeyIO           Parsing took 0 ms 
82872      DEBUG Test worker     d.u.i.k.n.KeyIO           Load declarations of de.uka.ilkd.key.nparser.KeyAst$File:  <unknown>:1#1 
82872      INFO  Test worker     d.u.i.k.n.KeyIO           MODE: declarations took 0 ms 
82872      DEBUG Test worker     d.u.i.k.n.KeyIO           MODE: 2nd degree decls took 0 
89078      INFO  Test worker     d.u.i.k.n.KeyIO           Parsing took 0 ms 
89078      DEBUG Test worker     d.u.i.k.n.KeyIO           Load declarations of de.uka.ilkd.key.nparser.KeyAst$File:  <unknown>:1#1 
89078      INFO  Test worker     d.u.i.k.n.KeyIO           MODE: declarations took 0 ms 
89078      DEBUG Test worker     d.u.i.k.n.KeyIO           MODE: 2nd degree decls took 0 
90954      INFO  Test worker     d.u.i.k.n.KeyIO           Parsing took 0 ms 
90954      DEBUG Test worker     d.u.i.k.n.KeyIO           Load declarations of de.uka.ilkd.key.nparser.KeyAst$File:  <unknown>:1#1 
90970      INFO  Test worker     d.u.i.k.n.KeyIO           MODE: declarations took 16 ms 
90970      DEBUG Test worker     d.u.i.k.n.KeyIO           MODE: 2nd degree decls took 0 
97145      INFO  Test worker     d.u.i.k.n.KeyIO           Parsing took 0 ms 
97145      DEBUG Test worker     d.u.i.k.n.KeyIO           Load declarations of de.uka.ilkd.key.nparser.KeyAst$File:  <unknown>:1#1 
97145      INFO  Test worker     d.u.i.k.n.KeyIO           MODE: declarations took 0 ms 
97145      DEBUG Test worker     d.u.i.k.n.KeyIO           MODE: 2nd degree decls took 0 
99256      INFO  Test worker     d.u.i.k.n.KeyIO           Parsing took 0 ms 
99256      DEBUG Test worker     d.u.i.k.n.KeyIO           Load declarations of de.uka.ilkd.key.nparser.KeyAst$File:  <unknown>:1#1 
99256      INFO  Test worker     d.u.i.k.n.KeyIO           MODE: declarations took 0 ms 
99256      DEBUG Test worker     d.u.i.k.n.KeyIO           MODE: 2nd degree decls took 0 
104543     INFO  Test worker     d.u.i.k.n.KeyIO           Parsing took 0 ms 
104543     DEBUG Test worker     d.u.i.k.n.KeyIO           Load declarations of de.uka.ilkd.key.nparser.KeyAst$File:  <unknown>:1#1 
104543     INFO  Test worker     d.u.i.k.n.KeyIO           MODE: declarations took 0 ms 
104543     DEBUG Test worker     d.u.i.k.n.KeyIO           MODE: 2nd degree decls took 0 
106106     INFO  Test worker     d.u.i.k.n.KeyIO           Parsing took 0 ms 
106106     DEBUG Test worker     d.u.i.k.n.KeyIO           Load declarations of de.uka.ilkd.key.nparser.KeyAst$File:  <unknown>:1#1 
106106     INFO  Test worker     d.u.i.k.n.KeyIO           MODE: declarations took 0 ms 
106106     DEBUG Test worker     d.u.i.k.n.KeyIO           MODE: 2nd degree decls took 0 
111250     INFO  Test worker     d.u.i.k.n.KeyIO           Parsing took 0 ms 
111250     DEBUG Test worker     d.u.i.k.n.KeyIO           Load declarations of de.uka.ilkd.key.nparser.KeyAst$File:  <unknown>:1#1 
111250     INFO  Test worker     d.u.i.k.n.KeyIO           MODE: declarations took 0 ms 
111250     DEBUG Test worker     d.u.i.k.n.KeyIO           MODE: 2nd degree decls took 0 
112829     INFO  Test worker     d.u.i.k.n.KeyIO           Parsing took 0 ms 
112829     DEBUG Test worker     d.u.i.k.n.KeyIO           Load declarations of de.uka.ilkd.key.nparser.KeyAst$File:  <unknown>:1#1 
112829     INFO  Test worker     d.u.i.k.n.KeyIO           MODE: declarations took 0 ms 
112829     DEBUG Test worker     d.u.i.k.n.KeyIO           MODE: 2nd degree decls took 0 
118067     INFO  Test worker     d.u.i.k.n.KeyIO           Parsing took 0 ms 
118067     DEBUG Test worker     d.u.i.k.n.KeyIO           Load declarations of de.uka.ilkd.key.nparser.KeyAst$File:  <unknown>:1#1 
118067     INFO  Test worker     d.u.i.k.n.KeyIO           MODE: declarations took 0 ms 
118067     DEBUG Test worker     d.u.i.k.n.KeyIO           MODE: 2nd degree decls took 0 
119630     INFO  Test worker     d.u.i.k.n.KeyIO           Parsing took 0 ms 
119630     DEBUG Test worker     d.u.i.k.n.KeyIO           Load declarations of de.uka.ilkd.key.nparser.KeyAst$File:  <unknown>:1#1 
119630     INFO  Test worker     d.u.i.k.n.KeyIO           MODE: declarations took 0 ms 
119630     DEBUG Test worker     d.u.i.k.n.KeyIO           MODE: 2nd degree decls took 0 
124899     INFO  Test worker     d.u.i.k.n.KeyIO           Parsing took 0 ms 
124899     DEBUG Test worker     d.u.i.k.n.KeyIO           Load declarations of de.uka.ilkd.key.nparser.KeyAst$File:  <unknown>:1#1 
124899     INFO  Test worker     d.u.i.k.n.KeyIO           MODE: declarations took 0 ms 
124899     DEBUG Test worker     d.u.i.k.n.KeyIO           MODE: 2nd degree decls took 0 
126416     INFO  Test worker     d.u.i.k.n.KeyIO           Parsing took 0 ms 
126416     DEBUG Test worker     d.u.i.k.n.KeyIO           Load declarations of de.uka.ilkd.key.nparser.KeyAst$File:  <unknown>:1#1 
126416     INFO  Test worker     d.u.i.k.n.KeyIO           MODE: declarations took 0 ms 
126416     DEBUG Test worker     d.u.i.k.n.KeyIO           MODE: 2nd degree decls took 0 
131668     INFO  Test worker     d.u.i.k.n.KeyIO           Parsing took 0 ms 
131668     DEBUG Test worker     d.u.i.k.n.KeyIO           Load declarations of de.uka.ilkd.key.nparser.KeyAst$File:  <unknown>:1#1 
131668     INFO  Test worker     d.u.i.k.n.KeyIO           MODE: declarations took 0 ms 
131668     DEBUG Test worker     d.u.i.k.n.KeyIO           MODE: 2nd degree decls took 0 
133249     INFO  Test worker     d.u.i.k.n.KeyIO           Parsing took 0 ms 
133249     DEBUG Test worker     d.u.i.k.n.KeyIO           Load declarations of de.uka.ilkd.key.nparser.KeyAst$File:  <unknown>:1#1 
133249     INFO  Test worker     d.u.i.k.n.KeyIO           MODE: declarations took 0 ms 
133249     DEBUG Test worker     d.u.i.k.n.KeyIO           MODE: 2nd degree decls took 0 
138376     INFO  Test worker     d.u.i.k.n.KeyIO           Parsing took 0 ms 
138376     DEBUG Test worker     d.u.i.k.n.KeyIO           Load declarations of de.uka.ilkd.key.nparser.KeyAst$File:  <unknown>:1#1 
138376     INFO  Test worker     d.u.i.k.n.KeyIO           MODE: declarations took 0 ms 
138376     DEBUG Test worker     d.u.i.k.n.KeyIO           MODE: 2nd degree decls took 0 
139986     INFO  Test worker     d.u.i.k.n.KeyIO           Parsing took 0 ms 
139986     DEBUG Test worker     d.u.i.k.n.KeyIO           Load declarations of de.uka.ilkd.key.nparser.KeyAst$File:  <unknown>:1#1 
139986     INFO  Test worker     d.u.i.k.n.KeyIO           MODE: declarations took 0 ms 
139986     DEBUG Test worker     d.u.i.k.n.KeyIO           MODE: 2nd degree decls took 0 
150274     INFO  Test worker     d.u.i.k.n.KeyIO           Parsing took 0 ms 
150274     DEBUG Test worker     d.u.i.k.n.KeyIO           Load declarations of de.uka.ilkd.key.nparser.KeyAst$File:  <unknown>:1#1 
150274     INFO  Test worker     d.u.i.k.n.KeyIO           MODE: declarations took 0 ms 
150274     DEBUG Test worker     d.u.i.k.n.KeyIO           MODE: 2nd degree decls took 0 
151775     INFO  Test worker     d.u.i.k.n.KeyIO           Parsing took 0 ms 
151791     DEBUG Test worker     d.u.i.k.n.KeyIO           Load declarations of de.uka.ilkd.key.nparser.KeyAst$File:  <unknown>:1#1 
151791     INFO  Test worker     d.u.i.k.n.KeyIO           MODE: declarations took 0 ms 
151791     DEBUG Test worker     d.u.i.k.n.KeyIO           MODE: 2nd degree decls took 0 
156841     INFO  Test worker     d.u.i.k.n.KeyIO           Parsing took 0 ms 
156841     DEBUG Test worker     d.u.i.k.n.KeyIO           Load declarations of de.uka.ilkd.key.nparser.KeyAst$File:  <unknown>:1#1 
156841     INFO  Test worker     d.u.i.k.n.KeyIO           MODE: declarations took 0 ms 
156841     DEBUG Test worker     d.u.i.k.n.KeyIO           MODE: 2nd degree decls took 0 
158373     INFO  Test worker     d.u.i.k.n.KeyIO           Parsing took 0 ms 
158373     DEBUG Test worker     d.u.i.k.n.KeyIO           Load declarations of de.uka.ilkd.key.nparser.KeyAst$File:  <unknown>:1#1 
158389     INFO  Test worker     d.u.i.k.n.KeyIO           MODE: declarations took 16 ms 
158389     DEBUG Test worker     d.u.i.k.n.KeyIO           MODE: 2nd degree decls took 0 
]]></system-out>
  <system-err><![CDATA[]]></system-err>
</testsuite>
