<?xml version="1.0" encoding="UTF-8"?>
<testsuite name="de.uka.ilkd.key.rule.merge.PredicateAbstractionLatticeTests" tests="3" skipped="0" failures="0" errors="0" timestamp="2023-06-05T17:17:24" hostname="fv-az319-668" time="9.605">
  <properties/>
  <testcase name="testToAndFromString()" classname="de.uka.ilkd.key.rule.merge.PredicateAbstractionLatticeTests" time="4.861"/>
  <testcase name="testCreateSignLatticeWithPredicates()" classname="de.uka.ilkd.key.rule.merge.PredicateAbstractionLatticeTests" time="4.739"/>
  <testcase name="testTrivialPredicatesLattice()" classname="de.uka.ilkd.key.rule.merge.PredicateAbstractionLatticeTests" time="0.005"/>
  <system-out><![CDATA[925031     INFO  Test worker     d.u.i.k.p.i.AbstractProblemLoader Loading environment from src\test\resources\testcase\merge\dummy.key 
925031     DEBUG Test worker     d.u.i.k.p.i.AbstractProblemLoader Environment load took 201.5ns 
925031     INFO  Test worker     d.u.i.k.p.i.AbstractProblemLoader Creating init config 
929863     DEBUG Test worker     d.u.i.k.p.i.AbstractProblemLoader Init config took 4.83s 
929894     INFO  Test worker     d.u.i.k.p.i.AbstractProblemLoader Replaying proof dummy.key 
929894     DEBUG Test worker     d.u.i.k.p.i.IntermediateProofReplayer Proof replay took 9.9ns 
929894     INFO  Test worker     d.u.i.k.p.i.AbstractProblemLoader Loading environment from src\test\resources\testcase\merge\dummy.key 
929894     DEBUG Test worker     d.u.i.k.p.i.AbstractProblemLoader Environment load took 402.9ns 
929894     INFO  Test worker     d.u.i.k.p.i.AbstractProblemLoader Creating init config 
934618     DEBUG Test worker     d.u.i.k.p.i.AbstractProblemLoader Init config took 4.72s 
934633     INFO  Test worker     d.u.i.k.p.i.AbstractProblemLoader Replaying proof dummy.key 
934633     DEBUG Test worker     d.u.i.k.p.i.IntermediateProofReplayer Proof replay took 11.4ns 
]]></system-out>
  <system-err><![CDATA[]]></system-err>
</testsuite>
