<?xml version="1.0" encoding="UTF-8"?>
<testsuite name="de.uka.ilkd.key.rule.loop.LoopScopeInvRuleTests" tests="1" skipped="0" failures="0" errors="0" timestamp="2023-06-05T17:15:10" hostname="fv-az319-668" time="7.903">
  <properties/>
  <testcase name="testDoAutomaticProofOfBenchmarkWithLabeledBreaksAndContinues()" classname="de.uka.ilkd.key.rule.loop.LoopScopeInvRuleTests" time="7.903"/>
  <system-out><![CDATA[790654     INFO  Test worker     d.u.i.k.p.i.AbstractProblemLoader Loading environment from src\test\resources\testcase\loopScopeInvRule\Test.key 
790654     DEBUG Test worker     d.u.i.k.p.i.AbstractProblemLoader Environment load took 639.3ns 
790654     INFO  Test worker     d.u.i.k.p.i.AbstractProblemLoader Creating init config 
790999     DEBUG Test worker     d.u.i.k.j.TypeConverter   No LDT found for Meta 
790999     DEBUG Test worker     d.u.i.k.j.TypeConverter   No LDT found for Meta 
790999     DEBUG Test worker     d.u.i.k.j.TypeConverter   No LDT found for Meta 
790999     DEBUG Test worker     d.u.i.k.j.TypeConverter   No LDT found for Meta 
791938     DEBUG Test worker     d.u.i.k.j.TypeConverter   No LDT found for JavaBigintExpression 
797643     DEBUG Test worker     d.u.i.k.p.i.AbstractProblemLoader Init config took 6.98s 
797706     INFO  Test worker     d.u.i.k.p.i.AbstractProblemLoader Replaying proof Test[Test::loopScopeRuleBenchmark(int,boolean)].JML normal_behavior operation contract.0 
797706     DEBUG Test worker     d.u.i.k.p.i.IntermediateProofReplayer Proof replay took 20.1ns 
]]></system-out>
  <system-err><![CDATA[]]></system-err>
</testsuite>
