<?xml version="1.0" encoding="UTF-8"?>
<testsuite name="de.uka.ilkd.key.parser.TestTermParserSorts" tests="2" skipped="0" failures="0" errors="0" timestamp="2023-06-05T17:14:18" hostname="fv-az319-668" time="5.196">
  <properties/>
  <testcase name="testParseIntegerArgs()" classname="de.uka.ilkd.key.parser.TestTermParserSorts" time="0.026"/>
  <testcase name="testParseSequencePrettySyntax()" classname="de.uka.ilkd.key.parser.TestTermParserSorts" time="0.004"/>
  <system-out><![CDATA[738825     INFO  Test worker     d.u.i.k.n.KeyIO           Parsing took 0 ms 
738825     DEBUG Test worker     d.u.i.k.n.KeyIO           Load declarations of de.uka.ilkd.key.nparser.KeyAst$File:  <unknown>:1#1 
738841     INFO  Test worker     d.u.i.k.n.KeyIO           MODE: declarations took 16 ms 
738841     DEBUG Test worker     d.u.i.k.n.KeyIO           MODE: 2nd degree decls took 0 
738841     INFO  Test worker     d.u.i.k.n.KeyIO           Parsing took 0 ms 
738841     DEBUG Test worker     d.u.i.k.n.KeyIO           Load declarations of de.uka.ilkd.key.nparser.KeyAst$File:  <unknown>:1#1 
738841     INFO  Test worker     d.u.i.k.n.KeyIO           MODE: declarations took 0 ms 
738841     DEBUG Test worker     d.u.i.k.n.KeyIO           MODE: 2nd degree decls took 0 
738841     INFO  Test worker     d.u.i.k.n.KeyIO           Parsing took 0 ms 
738841     DEBUG Test worker     d.u.i.k.n.KeyIO           Load declarations of de.uka.ilkd.key.nparser.KeyAst$File:  <unknown>:1#1 
738841     INFO  Test worker     d.u.i.k.n.KeyIO           MODE: declarations took 0 ms 
738841     DEBUG Test worker     d.u.i.k.n.KeyIO           MODE: 2nd degree decls took 0 
744017     INFO  Test worker     d.u.i.k.n.KeyIO           Parsing took 0 ms 
744017     DEBUG Test worker     d.u.i.k.n.KeyIO           Load declarations of de.uka.ilkd.key.nparser.KeyAst$File:  <unknown>:1#1 
744017     INFO  Test worker     d.u.i.k.n.KeyIO           MODE: declarations took 0 ms 
744017     DEBUG Test worker     d.u.i.k.n.KeyIO           MODE: 2nd degree decls took 0 
744017     INFO  Test worker     d.u.i.k.n.KeyIO           Parsing took 0 ms 
744017     DEBUG Test worker     d.u.i.k.n.KeyIO           Load declarations of de.uka.ilkd.key.nparser.KeyAst$File:  <unknown>:1#1 
744017     INFO  Test worker     d.u.i.k.n.KeyIO           MODE: declarations took 0 ms 
744017     DEBUG Test worker     d.u.i.k.n.KeyIO           MODE: 2nd degree decls took 0 
744017     INFO  Test worker     d.u.i.k.n.KeyIO           Parsing took 0 ms 
744017     DEBUG Test worker     d.u.i.k.n.KeyIO           Load declarations of de.uka.ilkd.key.nparser.KeyAst$File:  <unknown>:1#1 
744017     INFO  Test worker     d.u.i.k.n.KeyIO           MODE: declarations took 0 ms 
744017     DEBUG Test worker     d.u.i.k.n.KeyIO           MODE: 2nd degree decls took 0 
]]></system-out>
  <system-err><![CDATA[]]></system-err>
</testsuite>
