<?xml version="1.0" encoding="UTF-8"?>
<testsuite name="de.uka.ilkd.key.proof.TestOneStepSimplifier" tests="1" skipped="0" failures="0" errors="0" timestamp="2023-06-05T17:14:23" hostname="fv-az319-668" time="8.588">
  <properties/>
  <testcase name="loadWithRestriction()" classname="de.uka.ilkd.key.proof.TestOneStepSimplifier" time="8.588"/>
  <system-out><![CDATA[744079     INFO  Test worker     d.u.i.k.p.i.AbstractProblemLoader Loading environment from src\test\resources\testcase\ossRestriction.proof 
744079     DEBUG Test worker     d.u.i.k.p.i.AbstractProblemLoader Environment load took 256.4ns 
744079     INFO  Test worker     d.u.i.k.p.i.AbstractProblemLoader Creating init config 
744345     DEBUG Test worker     d.u.i.k.j.TypeConverter   No LDT found for Meta 
744345     DEBUG Test worker     d.u.i.k.j.TypeConverter   No LDT found for Meta 
744345     DEBUG Test worker     d.u.i.k.j.TypeConverter   No LDT found for Meta 
744345     DEBUG Test worker     d.u.i.k.j.TypeConverter   No LDT found for Meta 
745315     DEBUG Test worker     d.u.i.k.j.TypeConverter   No LDT found for JavaBigintExpression 
751288     DEBUG Test worker     d.u.i.k.p.i.AbstractProblemLoader Init config took 7.2s 
752664     INFO  Test worker     d.u.i.k.p.i.AbstractProblemLoader Replaying proof ossRestriction.proof 
752664     DEBUG Test worker     d.u.i.k.p.i.IntermediateProofReplayer Proof replay took 1.73ms 
]]></system-out>
  <system-err><![CDATA[]]></system-err>
</testsuite>
