<?xml version="1.0" encoding="UTF-8"?>
<testsuite name="de.uka.ilkd.key.parser.TestDeclParser" tests="14" skipped="2" failures="0" errors="0" timestamp="2023-05-01T21:17:47" hostname="fv-az553-779" time="13.5">
  <properties/>
  <testcase name="testGenericSortDecl1()" classname="de.uka.ilkd.key.parser.TestDeclParser" time="1.206"/>
  <testcase name="testGenericSortDecl2()" classname="de.uka.ilkd.key.parser.TestDeclParser" time="1.126"/>
  <testcase name="testGenericSortDecl3()" classname="de.uka.ilkd.key.parser.TestDeclParser" time="1.129"/>
  <testcase name="testGenericSortDecl4()" classname="de.uka.ilkd.key.parser.TestDeclParser" time="1.049"/>
  <testcase name="testGenericSortDecl5()" classname="de.uka.ilkd.key.parser.TestDeclParser" time="0.0">
    <skipped/>
  </testcase>
  <testcase name="testGenericSortDecl6()" classname="de.uka.ilkd.key.parser.TestDeclParser" time="1.139"/>
  <testcase name="testSortDecl()" classname="de.uka.ilkd.key.parser.TestDeclParser" time="1.128"/>
  <testcase name="testProxySortDecl()" classname="de.uka.ilkd.key.parser.TestDeclParser" time="1.079"/>
  <testcase name="testArrayDecl()" classname="de.uka.ilkd.key.parser.TestDeclParser" time="1.181"/>
  <testcase name="testAmbiguousDecls()" classname="de.uka.ilkd.key.parser.TestDeclParser" time="0.0">
    <skipped/>
  </testcase>
  <testcase name="testHeurDecl()" classname="de.uka.ilkd.key.parser.TestDeclParser" time="1.141"/>
  <testcase name="testFunctionDecl()" classname="de.uka.ilkd.key.parser.TestDeclParser" time="1.059"/>
  <testcase name="testPredicateDecl()" classname="de.uka.ilkd.key.parser.TestDeclParser" time="1.143"/>
  <testcase name="testSVDecl()" classname="de.uka.ilkd.key.parser.TestDeclParser" time="1.117"/>
  <system-out><![CDATA[265477     INFO  Test worker     d.u.i.k.n.KeyIO           Parsing took 0 ms 
265477     DEBUG Test worker     d.u.i.k.n.KeyIO           Load declarations of de.uka.ilkd.key.nparser.KeyAst$File:  <unknown>:1#1 
265477     INFO  Test worker     d.u.i.k.n.KeyIO           MODE: declarations took 0 ms 
265477     DEBUG Test worker     d.u.i.k.n.KeyIO           MODE: 2nd degree decls took 0 
265477     DEBUG Test worker     d.u.i.k.n.KeyIO           MODE: taclets took 0ms 
266610     INFO  Test worker     d.u.i.k.n.KeyIO           Parsing took 0 ms 
266610     DEBUG Test worker     d.u.i.k.n.KeyIO           Load declarations of de.uka.ilkd.key.nparser.KeyAst$File:  <unknown>:1#1 
266610     INFO  Test worker     d.u.i.k.n.KeyIO           MODE: declarations took 0 ms 
266610     DEBUG Test worker     d.u.i.k.n.KeyIO           MODE: 2nd degree decls took 0 
266610     DEBUG Test worker     d.u.i.k.n.KeyIO           MODE: taclets took 0ms 
267741     INFO  Test worker     d.u.i.k.n.KeyIO           Parsing took 0 ms 
267741     DEBUG Test worker     d.u.i.k.n.KeyIO           Load declarations of de.uka.ilkd.key.nparser.KeyAst$File:  <unknown>:1#1 
267741     INFO  Test worker     d.u.i.k.n.KeyIO           MODE: declarations took 0 ms 
267741     DEBUG Test worker     d.u.i.k.n.KeyIO           MODE: 2nd degree decls took 0 
267741     DEBUG Test worker     d.u.i.k.n.KeyIO           MODE: taclets took 0ms 
268788     INFO  Test worker     d.u.i.k.n.KeyIO           Parsing took 0 ms 
268788     DEBUG Test worker     d.u.i.k.n.KeyIO           Load declarations of de.uka.ilkd.key.nparser.KeyAst$File:  <unknown>:1#1 
268788     INFO  Test worker     d.u.i.k.n.KeyIO           MODE: declarations took 0 ms 
268788     DEBUG Test worker     d.u.i.k.n.KeyIO           MODE: 2nd degree decls took 0 
268788     DEBUG Test worker     d.u.i.k.n.KeyIO           MODE: taclets took 0ms 
269929     INFO  Test worker     d.u.i.k.n.KeyIO           Parsing took 0 ms 
269929     DEBUG Test worker     d.u.i.k.n.KeyIO           Load declarations of de.uka.ilkd.key.nparser.KeyAst$File:  <unknown>:1#1 
269929     INFO  Test worker     d.u.i.k.n.KeyIO           MODE: declarations took 0 ms 
269929     DEBUG Test worker     d.u.i.k.n.KeyIO           MODE: 2nd degree decls took 0 
269929     DEBUG Test worker     d.u.i.k.n.KeyIO           MODE: taclets took 0ms 
271055     INFO  Test worker     d.u.i.k.n.KeyIO           Parsing took 0 ms 
271055     DEBUG Test worker     d.u.i.k.n.KeyIO           Load declarations of de.uka.ilkd.key.nparser.KeyAst$File:  <unknown>:1#1 
271055     INFO  Test worker     d.u.i.k.n.KeyIO           MODE: declarations took 0 ms 
271055     DEBUG Test worker     d.u.i.k.n.KeyIO           MODE: 2nd degree decls took 0 
271055     DEBUG Test worker     d.u.i.k.n.KeyIO           MODE: taclets took 0ms 
272124     INFO  Test worker     d.u.i.k.n.KeyIO           Parsing took 0 ms 
272124     DEBUG Test worker     d.u.i.k.n.KeyIO           Load declarations of de.uka.ilkd.key.nparser.KeyAst$File:  <unknown>:1#1 
272124     INFO  Test worker     d.u.i.k.n.KeyIO           MODE: declarations took 0 ms 
272124     DEBUG Test worker     d.u.i.k.n.KeyIO           MODE: 2nd degree decls took 0 
272124     DEBUG Test worker     d.u.i.k.n.KeyIO           MODE: taclets took 0ms 
273301     INFO  Test worker     d.u.i.k.n.KeyIO           Parsing took 0 ms 
273301     DEBUG Test worker     d.u.i.k.n.KeyIO           Load declarations of de.uka.ilkd.key.nparser.KeyAst$File:  <unknown>:1#1 
273301     INFO  Test worker     d.u.i.k.n.KeyIO           MODE: declarations took 0 ms 
273301     DEBUG Test worker     d.u.i.k.n.KeyIO           MODE: 2nd degree decls took 0 
273317     DEBUG Test worker     d.u.i.k.n.KeyIO           MODE: taclets took 16ms 
274455     INFO  Test worker     d.u.i.k.n.KeyIO           Parsing took 0 ms 
274455     DEBUG Test worker     d.u.i.k.n.KeyIO           Load declarations of de.uka.ilkd.key.nparser.KeyAst$File:  <unknown>:1#1 
274455     INFO  Test worker     d.u.i.k.n.KeyIO           MODE: declarations took 0 ms 
274455     DEBUG Test worker     d.u.i.k.n.KeyIO           MODE: 2nd degree decls took 0 
274455     DEBUG Test worker     d.u.i.k.n.KeyIO           MODE: taclets took 0ms 
275501     INFO  Test worker     d.u.i.k.n.KeyIO           Parsing took 0 ms 
275501     DEBUG Test worker     d.u.i.k.n.KeyIO           Load declarations of de.uka.ilkd.key.nparser.KeyAst$File:  <unknown>:1#1 
275501     INFO  Test worker     d.u.i.k.n.KeyIO           MODE: declarations took 0 ms 
275517     DEBUG Test worker     d.u.i.k.n.KeyIO           MODE: 2nd degree decls took 16 
275517     DEBUG Test worker     d.u.i.k.n.KeyIO           MODE: taclets took 0ms 
276660     INFO  Test worker     d.u.i.k.n.KeyIO           Parsing took 0 ms 
276660     DEBUG Test worker     d.u.i.k.n.KeyIO           Load declarations of de.uka.ilkd.key.nparser.KeyAst$File:  <unknown>:1#1 
276660     INFO  Test worker     d.u.i.k.n.KeyIO           MODE: declarations took 0 ms 
276660     DEBUG Test worker     d.u.i.k.n.KeyIO           MODE: 2nd degree decls took 0 
276660     DEBUG Test worker     d.u.i.k.n.KeyIO           MODE: taclets took 0ms 
277775     INFO  Test worker     d.u.i.k.n.KeyIO           Parsing took 0 ms 
277775     DEBUG Test worker     d.u.i.k.n.KeyIO           Load declarations of de.uka.ilkd.key.nparser.KeyAst$File:  <unknown>:1#1 
277775     INFO  Test worker     d.u.i.k.n.KeyIO           MODE: declarations took 0 ms 
277775     DEBUG Test worker     d.u.i.k.n.KeyIO           MODE: 2nd degree decls took 0 
277775     DEBUG Test worker     d.u.i.k.n.KeyIO           MODE: taclets took 0ms 
]]></system-out>
  <system-err><![CDATA[]]></system-err>
</testsuite>
