<?xml version="1.0" encoding="UTF-8"?>
<testsuite name="de.uka.ilkd.key.rule.merge.PredicateAbstractionLatticeTests" tests="3" skipped="0" failures="0" errors="0" timestamp="2023-05-01T21:24:22" hostname="fv-az553-779" time="6.999">
  <properties/>
  <testcase name="testToAndFromString()" classname="de.uka.ilkd.key.rule.merge.PredicateAbstractionLatticeTests" time="3.74"/>
  <testcase name="testCreateSignLatticeWithPredicates()" classname="de.uka.ilkd.key.rule.merge.PredicateAbstractionLatticeTests" time="3.259"/>
  <testcase name="testTrivialPredicatesLattice()" classname="de.uka.ilkd.key.rule.merge.PredicateAbstractionLatticeTests" time="0.0"/>
  <system-out><![CDATA[659266     INFO  Test worker     d.u.i.k.p.i.AbstractProblemLoader Loading environment from src\test\resources\testcase\merge\dummy.key 
659266     DEBUG Test worker     d.u.i.k.p.i.AbstractProblemLoader Environment load took 143ns 
659266     INFO  Test worker     d.u.i.k.p.i.AbstractProblemLoader Creating init config 
662977     DEBUG Test worker     d.u.i.k.p.i.AbstractProblemLoader Init config took 3.71s 
662993     INFO  Test worker     d.u.i.k.p.i.AbstractProblemLoader Replaying proof dummy.key 
662993     DEBUG Test worker     d.u.i.k.p.i.IntermediateProofReplayer Proof replay took 10.3ns 
663008     INFO  Test worker     d.u.i.k.p.i.AbstractProblemLoader Loading environment from src\test\resources\testcase\merge\dummy.key 
663008     DEBUG Test worker     d.u.i.k.p.i.AbstractProblemLoader Environment load took 180.6ns 
663008     INFO  Test worker     d.u.i.k.p.i.AbstractProblemLoader Creating init config 
666252     DEBUG Test worker     d.u.i.k.p.i.AbstractProblemLoader Init config took 3.24s 
666267     INFO  Test worker     d.u.i.k.p.i.AbstractProblemLoader Replaying proof dummy.key 
666267     DEBUG Test worker     d.u.i.k.p.i.IntermediateProofReplayer Proof replay took 10.1ns 
]]></system-out>
  <system-err><![CDATA[]]></system-err>
</testsuite>
