<?xml version="1.0" encoding="UTF-8"?>
<testsuite name="de.uka.ilkd.key.logic.TestClashFreeSubst" tests="14" skipped="2" failures="0" errors="0" timestamp="2023-05-01T21:14:18" hostname="fv-az553-779" time="55.877">
  <properties/>
  <testcase name="testMultiShareBound()" classname="de.uka.ilkd.key.logic.TestClashFreeSubst" time="1.107"/>
  <testcase name="testClash()" classname="de.uka.ilkd.key.logic.TestClashFreeSubst" time="1.107"/>
  <testcase name="testShare()" classname="de.uka.ilkd.key.logic.TestClashFreeSubst" time="1.087"/>
  <testcase name="testSubst()" classname="de.uka.ilkd.key.logic.TestClashFreeSubst" time="1.004"/>
  <testcase name="testWary0()" classname="de.uka.ilkd.key.logic.TestClashFreeSubst" time="1.018"/>
  <testcase name="testWary1()" classname="de.uka.ilkd.key.logic.TestClashFreeSubst" time="1.05"/>
  <testcase name="testWary2()" classname="de.uka.ilkd.key.logic.TestClashFreeSubst" time="1.025"/>
  <testcase name="testClashInSubstTerm()" classname="de.uka.ilkd.key.logic.TestClashFreeSubst" time="1.007"/>
  <testcase name="testShareWary()" classname="de.uka.ilkd.key.logic.TestClashFreeSubst" time="1.01"/>
  <testcase name="testMultiSubst()" classname="de.uka.ilkd.key.logic.TestClashFreeSubst" time="1.007"/>
  <testcase name="xtestMultiClash()" classname="de.uka.ilkd.key.logic.TestClashFreeSubst" time="0.001">
    <skipped/>
  </testcase>
  <testcase name="testSubstInSubstTerm()" classname="de.uka.ilkd.key.logic.TestClashFreeSubst" time="1.036"/>
  <testcase name="testSubstWary()" classname="de.uka.ilkd.key.logic.TestClashFreeSubst" time="1.092"/>
  <testcase name="xtestMultiClash1()" classname="de.uka.ilkd.key.logic.TestClashFreeSubst" time="0.0">
    <skipped/>
  </testcase>
  <system-out><![CDATA[54979      INFO  Test worker     d.u.i.k.n.KeyIO           Parsing took 0 ms 
54979      DEBUG Test worker     d.u.i.k.n.KeyIO           Load declarations of de.uka.ilkd.key.nparser.KeyAst$File:  <unknown>:1#1 
54979      INFO  Test worker     d.u.i.k.n.KeyIO           MODE: declarations took 0 ms 
54979      DEBUG Test worker     d.u.i.k.n.KeyIO           MODE: 2nd degree decls took 0 
56066      INFO  Test worker     d.u.i.k.n.KeyIO           Parsing took 0 ms 
56066      DEBUG Test worker     d.u.i.k.n.KeyIO           Load declarations of de.uka.ilkd.key.nparser.KeyAst$File:  <unknown>:1#1 
56066      INFO  Test worker     d.u.i.k.n.KeyIO           MODE: declarations took 0 ms 
56066      DEBUG Test worker     d.u.i.k.n.KeyIO           MODE: 2nd degree decls took 0 
59584      INFO  Test worker     d.u.i.k.n.KeyIO           Parsing took 0 ms 
59584      DEBUG Test worker     d.u.i.k.n.KeyIO           Load declarations of de.uka.ilkd.key.nparser.KeyAst$File:  <unknown>:1#1 
59584      INFO  Test worker     d.u.i.k.n.KeyIO           MODE: declarations took 0 ms 
59584      DEBUG Test worker     d.u.i.k.n.KeyIO           MODE: 2nd degree decls took 0 
60680      INFO  Test worker     d.u.i.k.n.KeyIO           Parsing took 0 ms 
60680      DEBUG Test worker     d.u.i.k.n.KeyIO           Load declarations of de.uka.ilkd.key.nparser.KeyAst$File:  <unknown>:1#1 
60680      INFO  Test worker     d.u.i.k.n.KeyIO           MODE: declarations took 0 ms 
60680      DEBUG Test worker     d.u.i.k.n.KeyIO           MODE: 2nd degree decls took 0 
64050      INFO  Test worker     d.u.i.k.n.KeyIO           Parsing took 0 ms 
64080      DEBUG Test worker     d.u.i.k.n.KeyIO           Load declarations of de.uka.ilkd.key.nparser.KeyAst$File:  <unknown>:1#1 
64080      INFO  Test worker     d.u.i.k.n.KeyIO           MODE: declarations took 0 ms 
64080      DEBUG Test worker     d.u.i.k.n.KeyIO           MODE: 2nd degree decls took 0 
65129      INFO  Test worker     d.u.i.k.n.KeyIO           Parsing took 0 ms 
65129      DEBUG Test worker     d.u.i.k.n.KeyIO           Load declarations of de.uka.ilkd.key.nparser.KeyAst$File:  <unknown>:1#1 
65129      INFO  Test worker     d.u.i.k.n.KeyIO           MODE: declarations took 0 ms 
65129      DEBUG Test worker     d.u.i.k.n.KeyIO           MODE: 2nd degree decls took 0 
68428      INFO  Test worker     d.u.i.k.n.KeyIO           Parsing took 0 ms 
68428      DEBUG Test worker     d.u.i.k.n.KeyIO           Load declarations of de.uka.ilkd.key.nparser.KeyAst$File:  <unknown>:1#1 
68428      INFO  Test worker     d.u.i.k.n.KeyIO           MODE: declarations took 0 ms 
68428      DEBUG Test worker     d.u.i.k.n.KeyIO           MODE: 2nd degree decls took 0 
69425      INFO  Test worker     d.u.i.k.n.KeyIO           Parsing took 0 ms 
69425      DEBUG Test worker     d.u.i.k.n.KeyIO           Load declarations of de.uka.ilkd.key.nparser.KeyAst$File:  <unknown>:1#1 
69425      INFO  Test worker     d.u.i.k.n.KeyIO           MODE: declarations took 0 ms 
69425      DEBUG Test worker     d.u.i.k.n.KeyIO           MODE: 2nd degree decls took 0 
72760      INFO  Test worker     d.u.i.k.n.KeyIO           Parsing took 0 ms 
72760      DEBUG Test worker     d.u.i.k.n.KeyIO           Load declarations of de.uka.ilkd.key.nparser.KeyAst$File:  <unknown>:1#1 
72760      INFO  Test worker     d.u.i.k.n.KeyIO           MODE: declarations took 0 ms 
72760      DEBUG Test worker     d.u.i.k.n.KeyIO           MODE: 2nd degree decls took 0 
73773      INFO  Test worker     d.u.i.k.n.KeyIO           Parsing took 0 ms 
73773      DEBUG Test worker     d.u.i.k.n.KeyIO           Load declarations of de.uka.ilkd.key.nparser.KeyAst$File:  <unknown>:1#1 
73773      INFO  Test worker     d.u.i.k.n.KeyIO           MODE: declarations took 0 ms 
73773      DEBUG Test worker     d.u.i.k.n.KeyIO           MODE: 2nd degree decls took 0 
77064      INFO  Test worker     d.u.i.k.n.KeyIO           Parsing took 0 ms 
77064      DEBUG Test worker     d.u.i.k.n.KeyIO           Load declarations of de.uka.ilkd.key.nparser.KeyAst$File:  <unknown>:1#1 
77064      INFO  Test worker     d.u.i.k.n.KeyIO           MODE: declarations took 0 ms 
77064      DEBUG Test worker     d.u.i.k.n.KeyIO           MODE: 2nd degree decls took 0 
78104      INFO  Test worker     d.u.i.k.n.KeyIO           Parsing took 0 ms 
78104      DEBUG Test worker     d.u.i.k.n.KeyIO           Load declarations of de.uka.ilkd.key.nparser.KeyAst$File:  <unknown>:1#1 
78104      INFO  Test worker     d.u.i.k.n.KeyIO           MODE: declarations took 0 ms 
78104      DEBUG Test worker     d.u.i.k.n.KeyIO           MODE: 2nd degree decls took 0 
81343      INFO  Test worker     d.u.i.k.n.KeyIO           Parsing took 0 ms 
81343      DEBUG Test worker     d.u.i.k.n.KeyIO           Load declarations of de.uka.ilkd.key.nparser.KeyAst$File:  <unknown>:1#1 
81343      INFO  Test worker     d.u.i.k.n.KeyIO           MODE: declarations took 0 ms 
81343      DEBUG Test worker     d.u.i.k.n.KeyIO           MODE: 2nd degree decls took 0 
82360      INFO  Test worker     d.u.i.k.n.KeyIO           Parsing took 0 ms 
82360      DEBUG Test worker     d.u.i.k.n.KeyIO           Load declarations of de.uka.ilkd.key.nparser.KeyAst$File:  <unknown>:1#1 
82360      INFO  Test worker     d.u.i.k.n.KeyIO           MODE: declarations took 0 ms 
82360      DEBUG Test worker     d.u.i.k.n.KeyIO           MODE: 2nd degree decls took 0 
85569      INFO  Test worker     d.u.i.k.n.KeyIO           Parsing took 0 ms 
85569      DEBUG Test worker     d.u.i.k.n.KeyIO           Load declarations of de.uka.ilkd.key.nparser.KeyAst$File:  <unknown>:1#1 
85569      INFO  Test worker     d.u.i.k.n.KeyIO           MODE: declarations took 0 ms 
85569      DEBUG Test worker     d.u.i.k.n.KeyIO           MODE: 2nd degree decls took 0 
86558      INFO  Test worker     d.u.i.k.n.KeyIO           Parsing took 0 ms 
86558      DEBUG Test worker     d.u.i.k.n.KeyIO           Load declarations of de.uka.ilkd.key.nparser.KeyAst$File:  <unknown>:1#1 
86558      INFO  Test worker     d.u.i.k.n.KeyIO           MODE: declarations took 0 ms 
86558      DEBUG Test worker     d.u.i.k.n.KeyIO           MODE: 2nd degree decls took 0 
89835      INFO  Test worker     d.u.i.k.n.KeyIO           Parsing took 0 ms 
89835      DEBUG Test worker     d.u.i.k.n.KeyIO           Load declarations of de.uka.ilkd.key.nparser.KeyAst$File:  <unknown>:1#1 
89835      INFO  Test worker     d.u.i.k.n.KeyIO           MODE: declarations took 0 ms 
89835      DEBUG Test worker     d.u.i.k.n.KeyIO           MODE: 2nd degree decls took 0 
90828      INFO  Test worker     d.u.i.k.n.KeyIO           Parsing took 0 ms 
90828      DEBUG Test worker     d.u.i.k.n.KeyIO           Load declarations of de.uka.ilkd.key.nparser.KeyAst$File:  <unknown>:1#1 
90828      INFO  Test worker     d.u.i.k.n.KeyIO           MODE: declarations took 0 ms 
90828      DEBUG Test worker     d.u.i.k.n.KeyIO           MODE: 2nd degree decls took 0 
94176      INFO  Test worker     d.u.i.k.n.KeyIO           Parsing took 0 ms 
94176      DEBUG Test worker     d.u.i.k.n.KeyIO           Load declarations of de.uka.ilkd.key.nparser.KeyAst$File:  <unknown>:1#1 
94176      INFO  Test worker     d.u.i.k.n.KeyIO           MODE: declarations took 0 ms 
94176      DEBUG Test worker     d.u.i.k.n.KeyIO           MODE: 2nd degree decls took 0 
95172      INFO  Test worker     d.u.i.k.n.KeyIO           Parsing took 0 ms 
95172      DEBUG Test worker     d.u.i.k.n.KeyIO           Load declarations of de.uka.ilkd.key.nparser.KeyAst$File:  <unknown>:1#1 
95172      INFO  Test worker     d.u.i.k.n.KeyIO           MODE: declarations took 0 ms 
95172      DEBUG Test worker     d.u.i.k.n.KeyIO           MODE: 2nd degree decls took 0 
101889     INFO  Test worker     d.u.i.k.n.KeyIO           Parsing took 0 ms 
101889     DEBUG Test worker     d.u.i.k.n.KeyIO           Load declarations of de.uka.ilkd.key.nparser.KeyAst$File:  <unknown>:1#1 
101889     INFO  Test worker     d.u.i.k.n.KeyIO           MODE: declarations took 0 ms 
101889     DEBUG Test worker     d.u.i.k.n.KeyIO           MODE: 2nd degree decls took 0 
102906     INFO  Test worker     d.u.i.k.n.KeyIO           Parsing took 0 ms 
102906     DEBUG Test worker     d.u.i.k.n.KeyIO           Load declarations of de.uka.ilkd.key.nparser.KeyAst$File:  <unknown>:1#1 
102906     INFO  Test worker     d.u.i.k.n.KeyIO           MODE: declarations took 0 ms 
102906     DEBUG Test worker     d.u.i.k.n.KeyIO           MODE: 2nd degree decls took 0 
106256     INFO  Test worker     d.u.i.k.n.KeyIO           Parsing took 0 ms 
106256     DEBUG Test worker     d.u.i.k.n.KeyIO           Load declarations of de.uka.ilkd.key.nparser.KeyAst$File:  <unknown>:1#1 
106256     INFO  Test worker     d.u.i.k.n.KeyIO           MODE: declarations took 0 ms 
106256     DEBUG Test worker     d.u.i.k.n.KeyIO           MODE: 2nd degree decls took 0 
107329     INFO  Test worker     d.u.i.k.n.KeyIO           Parsing took 0 ms 
107329     DEBUG Test worker     d.u.i.k.n.KeyIO           Load declarations of de.uka.ilkd.key.nparser.KeyAst$File:  <unknown>:1#1 
107344     INFO  Test worker     d.u.i.k.n.KeyIO           MODE: declarations took 15 ms 
107344     DEBUG Test worker     d.u.i.k.n.KeyIO           MODE: 2nd degree decls took 0 
]]></system-out>
  <system-err><![CDATA[]]></system-err>
</testsuite>
