<?xml version="1.0" encoding="UTF-8"?>
<testsuite name="de.uka.ilkd.key.parser.TestTermParserSorts" tests="2" skipped="0" failures="0" errors="0" timestamp="2023-05-01T21:21:58" hostname="fv-az553-779" time="3.499">
  <properties/>
  <testcase name="testParseIntegerArgs()" classname="de.uka.ilkd.key.parser.TestTermParserSorts" time="0.017"/>
  <testcase name="testParseSequencePrettySyntax()" classname="de.uka.ilkd.key.parser.TestTermParserSorts" time="0.003"/>
  <system-out><![CDATA[515496     INFO  Test worker     d.u.i.k.n.KeyIO           Parsing took 0 ms 
515496     DEBUG Test worker     d.u.i.k.n.KeyIO           Load declarations of de.uka.ilkd.key.nparser.KeyAst$File:  <unknown>:1#1 
515496     INFO  Test worker     d.u.i.k.n.KeyIO           MODE: declarations took 0 ms 
515496     DEBUG Test worker     d.u.i.k.n.KeyIO           MODE: 2nd degree decls took 0 
515496     INFO  Test worker     d.u.i.k.n.KeyIO           Parsing took 0 ms 
515496     DEBUG Test worker     d.u.i.k.n.KeyIO           Load declarations of de.uka.ilkd.key.nparser.KeyAst$File:  <unknown>:1#1 
515496     INFO  Test worker     d.u.i.k.n.KeyIO           MODE: declarations took 0 ms 
515496     DEBUG Test worker     d.u.i.k.n.KeyIO           MODE: 2nd degree decls took 0 
515496     INFO  Test worker     d.u.i.k.n.KeyIO           Parsing took 0 ms 
515496     DEBUG Test worker     d.u.i.k.n.KeyIO           Load declarations of de.uka.ilkd.key.nparser.KeyAst$File:  <unknown>:1#1 
515496     INFO  Test worker     d.u.i.k.n.KeyIO           MODE: declarations took 0 ms 
515496     DEBUG Test worker     d.u.i.k.n.KeyIO           MODE: 2nd degree decls took 0 
518992     INFO  Test worker     d.u.i.k.n.KeyIO           Parsing took 0 ms 
518992     DEBUG Test worker     d.u.i.k.n.KeyIO           Load declarations of de.uka.ilkd.key.nparser.KeyAst$File:  <unknown>:1#1 
518992     INFO  Test worker     d.u.i.k.n.KeyIO           MODE: declarations took 0 ms 
518992     DEBUG Test worker     d.u.i.k.n.KeyIO           MODE: 2nd degree decls took 0 
518992     INFO  Test worker     d.u.i.k.n.KeyIO           Parsing took 0 ms 
518992     DEBUG Test worker     d.u.i.k.n.KeyIO           Load declarations of de.uka.ilkd.key.nparser.KeyAst$File:  <unknown>:1#1 
518992     INFO  Test worker     d.u.i.k.n.KeyIO           MODE: declarations took 0 ms 
518992     DEBUG Test worker     d.u.i.k.n.KeyIO           MODE: 2nd degree decls took 0 
518992     INFO  Test worker     d.u.i.k.n.KeyIO           Parsing took 0 ms 
518992     DEBUG Test worker     d.u.i.k.n.KeyIO           Load declarations of de.uka.ilkd.key.nparser.KeyAst$File:  <unknown>:1#1 
518992     INFO  Test worker     d.u.i.k.n.KeyIO           MODE: declarations took 0 ms 
518992     DEBUG Test worker     d.u.i.k.n.KeyIO           MODE: 2nd degree decls took 0 
]]></system-out>
  <system-err><![CDATA[]]></system-err>
</testsuite>
