<?xml version="1.0" encoding="UTF-8"?>
<testsuite name="de.uka.ilkd.key.taclettranslation.TestTacletTranslator" tests="5" skipped="0" failures="0" errors="0" timestamp="2023-05-01T21:29:36" hostname="fv-az553-779" time="0.028">
  <properties/>
  <testcase name="testPropositional1()" classname="de.uka.ilkd.key.taclettranslation.TestTacletTranslator" time="0.016"/>
  <testcase name="testPropositional2()" classname="de.uka.ilkd.key.taclettranslation.TestTacletTranslator" time="0.003"/>
  <testcase name="testNegativePolarity()" classname="de.uka.ilkd.key.taclettranslation.TestTacletTranslator" time="0.003"/>
  <testcase name="testNoPolarity()" classname="de.uka.ilkd.key.taclettranslation.TestTacletTranslator" time="0.003"/>
  <testcase name="testPositivePolarity()" classname="de.uka.ilkd.key.taclettranslation.TestTacletTranslator" time="0.003"/>
  <system-out><![CDATA[973460     INFO  Test worker     d.u.i.k.n.KeyIO           Parsing took 0 ms 
973460     DEBUG Test worker     d.u.i.k.n.KeyIO           Load declarations of de.uka.ilkd.key.nparser.KeyAst$File:  <unknown>:1#1 
973460     INFO  Test worker     d.u.i.k.n.KeyIO           MODE: declarations took 0 ms 
973460     DEBUG Test worker     d.u.i.k.n.KeyIO           MODE: 2nd degree decls took 0 
973460     DEBUG Test worker     d.u.i.k.n.KeyIO           MODE: taclets took 0ms 
973476     INFO  Test worker     d.u.i.k.n.KeyIO           Parsing took 0 ms 
973476     DEBUG Test worker     d.u.i.k.n.KeyIO           Load declarations of de.uka.ilkd.key.nparser.KeyAst$File:  <unknown>:1#1 
973476     INFO  Test worker     d.u.i.k.n.KeyIO           MODE: declarations took 0 ms 
973476     DEBUG Test worker     d.u.i.k.n.KeyIO           MODE: 2nd degree decls took 0 
973476     DEBUG Test worker     d.u.i.k.n.KeyIO           MODE: taclets took 0ms 
973476     INFO  Test worker     d.u.i.k.n.KeyIO           Parsing took 0 ms 
973476     DEBUG Test worker     d.u.i.k.n.KeyIO           Load declarations of de.uka.ilkd.key.nparser.KeyAst$File:  <unknown>:1#1 
973476     INFO  Test worker     d.u.i.k.n.KeyIO           MODE: declarations took 0 ms 
973476     DEBUG Test worker     d.u.i.k.n.KeyIO           MODE: 2nd degree decls took 0 
973476     DEBUG Test worker     d.u.i.k.n.KeyIO           MODE: taclets took 0ms 
973476     INFO  Test worker     d.u.i.k.n.KeyIO           Parsing took 0 ms 
973476     DEBUG Test worker     d.u.i.k.n.KeyIO           Load declarations of de.uka.ilkd.key.nparser.KeyAst$File:  <unknown>:1#1 
973476     INFO  Test worker     d.u.i.k.n.KeyIO           MODE: declarations took 0 ms 
973476     DEBUG Test worker     d.u.i.k.n.KeyIO           MODE: 2nd degree decls took 0 
973476     DEBUG Test worker     d.u.i.k.n.KeyIO           MODE: taclets took 0ms 
973491     INFO  Test worker     d.u.i.k.n.KeyIO           Parsing took 0 ms 
973491     DEBUG Test worker     d.u.i.k.n.KeyIO           Load declarations of de.uka.ilkd.key.nparser.KeyAst$File:  <unknown>:1#1 
973491     INFO  Test worker     d.u.i.k.n.KeyIO           MODE: declarations took 0 ms 
973491     DEBUG Test worker     d.u.i.k.n.KeyIO           MODE: 2nd degree decls took 0 
973491     DEBUG Test worker     d.u.i.k.n.KeyIO           MODE: taclets took 0ms 
]]></system-out>
  <system-err><![CDATA[]]></system-err>
</testsuite>
