<?xml version="1.0" encoding="UTF-8"?>
<testsuite name="de.uka.ilkd.key.proof.io.consistency.TestProofBundleIO" tests="3" skipped="0" failures="0" errors="0" timestamp="2023-05-01T21:22:17" hostname="fv-az553-779" time="9.157">
  <properties/>
  <testcase name="testSimpleFileRepo()" classname="de.uka.ilkd.key.proof.io.consistency.TestProofBundleIO" time="0.048"/>
  <testcase name="testComplexBundleGeneration()" classname="de.uka.ilkd.key.proof.io.consistency.TestProofBundleIO" time="1.704"/>
  <testcase name="testSimpleBundleGeneration()" classname="de.uka.ilkd.key.proof.io.consistency.TestProofBundleIO" time="7.404"/>
  <system-out><![CDATA[534607     INFO  Test worker     d.u.i.k.p.i.AbstractProblemLoader Loading environment from D:\a\key\key\key.core\src\test\resources\testcase\proofBundle\complexBundleGeneration\test.key 
534607     DEBUG Test worker     d.u.i.k.p.i.AbstractProblemLoader Environment load took 131.8ns 
534607     INFO  Test worker     d.u.i.k.p.i.AbstractProblemLoader Creating init config 
535147     DEBUG Test worker     d.u.i.k.p.i.AbstractProblemLoader Init config took 535.54ms 
535178     INFO  Test worker     d.u.i.k.p.i.AbstractProblemLoader Replaying proof Test[Test::constant()].JML normal_behavior operation contract.0 
535194     DEBUG Test worker     d.u.i.k.p.i.IntermediateProofReplayer Proof replay took 9ns 
535569     INFO  Test worker     d.u.i.k.p.i.AbstractProblemLoader Loading environment from D:\a\key\key\key.core\src\test\resources\testcase\proofBundle\complexBundleGeneration\test.zproof 
535632     DEBUG Test worker     d.u.i.k.p.i.AbstractProblemLoader Environment load took 56.44ms 
535632     INFO  Test worker     d.u.i.k.p.i.AbstractProblemLoader Creating init config 
536226     DEBUG Test worker     d.u.i.k.p.i.AbstractProblemLoader Init config took 592.26ms 
536257     INFO  Test worker     d.u.i.k.p.i.AbstractProblemLoader Replaying proof Test[Test::constant()].JML normal_behavior operation contract.0 
536304     DEBUG Test worker     d.u.i.k.p.i.IntermediateProofReplayer Proof replay took 30.27ms 
536304     INFO  Test worker     d.u.i.k.p.i.AbstractProblemLoader Loading environment from D:\a\key\key\key.core\src\test\resources\testcase\proofBundle\simpleBundleGeneration\test.key 
536304     DEBUG Test worker     d.u.i.k.p.i.AbstractProblemLoader Environment load took 440.7ns 
536304     INFO  Test worker     d.u.i.k.p.i.AbstractProblemLoader Creating init config 
539906     DEBUG Test worker     d.u.i.k.p.i.AbstractProblemLoader Init config took 3.59s 
539954     INFO  Test worker     d.u.i.k.p.i.AbstractProblemLoader Replaying proof Test[Test::constant()].JML normal_behavior operation contract.0 
539954     DEBUG Test worker     d.u.i.k.p.i.IntermediateProofReplayer Proof replay took 9.5ns 
540068     INFO  Test worker     d.u.i.k.p.i.AbstractProblemLoader Loading environment from D:\a\key\key\key.core\src\test\resources\testcase\proofBundle\simpleBundleGeneration\test.zproof 
540099     DEBUG Test worker     d.u.i.k.p.i.AbstractProblemLoader Environment load took 20.07ms 
540099     INFO  Test worker     d.u.i.k.p.i.AbstractProblemLoader Creating init config 
543651     DEBUG Test worker     d.u.i.k.p.i.AbstractProblemLoader Init config took 3.54s 
543698     INFO  Test worker     d.u.i.k.p.i.AbstractProblemLoader Replaying proof Test[Test::constant()].JML normal_behavior operation contract.0 
543714     DEBUG Test worker     d.u.i.k.p.i.IntermediateProofReplayer Proof replay took 9.73ms 
]]></system-out>
  <system-err><![CDATA[]]></system-err>
</testsuite>
