<?xml version="1.0" encoding="UTF-8"?>
<testsuite name="de.uka.ilkd.key.rule.loop.LoopScopeInvRuleTests" tests="1" skipped="0" failures="0" errors="0" timestamp="2023-05-01T21:22:35" hostname="fv-az553-779" time="5.921">
  <properties/>
  <testcase name="testDoAutomaticProofOfBenchmarkWithLabeledBreaksAndContinues()" classname="de.uka.ilkd.key.rule.loop.LoopScopeInvRuleTests" time="5.921"/>
  <system-out><![CDATA[551726     INFO  Test worker     d.u.i.k.p.i.AbstractProblemLoader Loading environment from src\test\resources\testcase\loopScopeInvRule\Test.key 
551726     DEBUG Test worker     d.u.i.k.p.i.AbstractProblemLoader Environment load took 173.1ns 
551726     INFO  Test worker     d.u.i.k.p.i.AbstractProblemLoader Creating init config 
551898     DEBUG Test worker     d.u.i.k.j.TypeConverter   No LDT found for Meta 
551898     DEBUG Test worker     d.u.i.k.j.TypeConverter   No LDT found for Meta 
551898     DEBUG Test worker     d.u.i.k.j.TypeConverter   No LDT found for Meta 
551898     DEBUG Test worker     d.u.i.k.j.TypeConverter   No LDT found for Meta 
552746     DEBUG Test worker     d.u.i.k.j.TypeConverter   No LDT found for JavaBigintExpression 
556850     DEBUG Test worker     d.u.i.k.p.i.AbstractProblemLoader Init config took 5.13s 
556896     INFO  Test worker     d.u.i.k.p.i.AbstractProblemLoader Replaying proof Test[Test::loopScopeRuleBenchmark(int,boolean)].JML normal_behavior operation contract.0 
556896     DEBUG Test worker     d.u.i.k.p.i.IntermediateProofReplayer Proof replay took 19ns 
]]></system-out>
  <system-err><![CDATA[]]></system-err>
</testsuite>
