<?xml version="1.0" encoding="UTF-8"?>
<testsuite name="de.uka.ilkd.key.proof.TestOneStepSimplifier" tests="1" skipped="0" failures="0" errors="0" timestamp="2023-05-01T21:22:02" hostname="fv-az553-779" time="4.978">
  <properties/>
  <testcase name="loadWithRestriction()" classname="de.uka.ilkd.key.proof.TestOneStepSimplifier" time="4.978"/>
  <system-out><![CDATA[519070     INFO  Test worker     d.u.i.k.p.i.AbstractProblemLoader Loading environment from src\test\resources\testcase\ossRestriction.proof 
519070     DEBUG Test worker     d.u.i.k.p.i.AbstractProblemLoader Environment load took 545ns 
519070     INFO  Test worker     d.u.i.k.p.i.AbstractProblemLoader Creating init config 
519226     DEBUG Test worker     d.u.i.k.j.TypeConverter   No LDT found for Meta 
519226     DEBUG Test worker     d.u.i.k.j.TypeConverter   No LDT found for Meta 
519226     DEBUG Test worker     d.u.i.k.j.TypeConverter   No LDT found for Meta 
519226     DEBUG Test worker     d.u.i.k.j.TypeConverter   No LDT found for Meta 
519930     DEBUG Test worker     d.u.i.k.j.TypeConverter   No LDT found for JavaBigintExpression 
523988     DEBUG Test worker     d.u.i.k.p.i.AbstractProblemLoader Init config took 4.92s 
524019     INFO  Test worker     d.u.i.k.p.i.AbstractProblemLoader Replaying proof ossRestriction.proof 
524019     DEBUG Test worker     d.u.i.k.p.i.IntermediateProofReplayer Proof replay took 1.18ms 
]]></system-out>
  <system-err><![CDATA[]]></system-err>
</testsuite>
