<?xml version="1.0" encoding="UTF-8"?>
<testsuite name="de.uka.ilkd.key.speclang.njml.NJmlTranslatorTests" tests="2" skipped="0" failures="0" errors="0" timestamp="2023-03-09T14:25:50" hostname="fv-az401-728" time="2.646">
  <properties/>
  <testcase name="testWarnRequires()" classname="de.uka.ilkd.key.speclang.njml.NJmlTranslatorTests" time="0.002"/>
  <testcase name="testIgnoreOpenJML()" classname="de.uka.ilkd.key.speclang.njml.NJmlTranslatorTests" time="0.0"/>
  <system-out><![CDATA[]]></system-out>
  <system-err><![CDATA[]]></system-err>
</testsuite>
