<?xml version="1.0" encoding="UTF-8"?>
<testsuite name="de.uka.ilkd.key.logic.TestTermBuilder" tests="6" skipped="0" failures="0" errors="0" timestamp="2023-03-09T14:15:24" hostname="fv-az401-728" time="15.708">
  <properties/>
  <testcase name="testNumberIsVeryBigPositiveInteger()" classname="de.uka.ilkd.key.logic.TestTermBuilder" time="2.678"/>
  <testcase name="testNumberIsVerySmallNegativeInteger()" classname="de.uka.ilkd.key.logic.TestTermBuilder" time="2.611"/>
  <testcase name="testDoubleLongPatterns()" classname="de.uka.ilkd.key.logic.TestTermBuilder" time="2.6"/>
  <testcase name="testFloatPatterns()" classname="de.uka.ilkd.key.logic.TestTermBuilder" time="2.626"/>
  <testcase name="testNumberIsPositiveInt()" classname="de.uka.ilkd.key.logic.TestTermBuilder" time="2.608"/>
  <testcase name="testNumberIsNegativeInt()" classname="de.uka.ilkd.key.logic.TestTermBuilder" time="2.584"/>
  <system-out><![CDATA[]]></system-out>
  <system-err><![CDATA[]]></system-err>
</testsuite>
