<?xml version="1.0" encoding="UTF-8"?>
<testsuite name="de.uka.ilkd.key.testcase.smt.testgen.TestTestgen" tests="1" skipped="0" failures="0" errors="0" timestamp="2023-05-01T21:25:33" hostname="fv-az593-968" time="4.856">
  <properties/>
  <testcase name="testMiddle()" classname="de.uka.ilkd.key.testcase.smt.testgen.TestTestgen" time="4.856"/>
  <system-out><![CDATA[15205      WARN  Test worker     d.u.i.k.t.s.t.TestTestgen Warning: Z3_CE is not installed, tests skipped. 
15205      WARN  Test worker     d.u.i.k.t.s.t.TestTestgen Maybe use JVM system property "z3SolverPath" to define the path to the Z3 command. 
15206      INFO  Test worker     d.u.i.k.p.i.AbstractProblemLoader Loading environment from src/test/resources/testcase/smt/tg/middle.key 
15206      DEBUG Test worker     d.u.i.k.p.i.AbstractProblemLoader Environment load took 151.5ns 
15208      INFO  Test worker     d.u.i.k.p.i.AbstractProblemLoader Creating init config 
19399      DEBUG Test worker     d.u.i.k.p.i.AbstractProblemLoader Init config took 4.19s 
19486      INFO  Test worker     d.u.i.k.p.i.AbstractProblemLoader Replaying proof Middle[Middle::middle(int,int,int)].JML normal_behavior operation contract.0 
19490      DEBUG Test worker     d.u.i.k.p.i.IntermediateProofReplayer Proof replay took 15.4ns 
]]></system-out>
  <system-err><![CDATA[]]></system-err>
</testsuite>
