<?xml version="1.0" encoding="UTF-8"?>
<testsuite name="de.uka.ilkd.key.testcase.smt.testgen.TestTestgen" tests="1" skipped="0" failures="0" errors="0" timestamp="2023-06-05T13:23:50" hostname="fv-az577-709" time="6.905">
  <properties/>
  <testcase name="testMiddle()" classname="de.uka.ilkd.key.testcase.smt.testgen.TestTestgen" time="6.905"/>
  <system-out><![CDATA[23046      WARN  Test worker     d.u.i.k.t.s.t.TestTestgen Warning: Z3_CE is not installed, tests skipped. 
23047      WARN  Test worker     d.u.i.k.t.s.t.TestTestgen Maybe use JVM system property "z3SolverPath" to define the path to the Z3 command. 
23049      INFO  Test worker     d.u.i.k.p.i.AbstractProblemLoader Loading environment from src/test/resources/testcase/smt/tg/middle.key 
23050      DEBUG Test worker     d.u.i.k.p.i.AbstractProblemLoader Environment load took 445.81ns 
23053      INFO  Test worker     d.u.i.k.p.i.AbstractProblemLoader Creating init config 
29049      DEBUG Test worker     d.u.i.k.p.i.AbstractProblemLoader Init config took 6s 
29149      INFO  Test worker     d.u.i.k.p.i.AbstractProblemLoader Replaying proof Middle[Middle::middle(int,int,int)].JML normal_behavior operation contract.0 
29154      DEBUG Test worker     d.u.i.k.p.i.IntermediateProofReplayer Proof replay took 28.3ns 
]]></system-out>
  <system-err><![CDATA[]]></system-err>
</testsuite>
