<?xml version="1.0" encoding="UTF-8"?>
<testsuite name="de.uka.ilkd.key.proof.runallproofs.RunAllProofsInfFlow" tests="30" skipped="0" failures="0" errors="0" timestamp="2023-03-25T19:37:34" hostname="fv-az409-820" time="2715.708">
  <properties/>
  <testcase name="ToyVoting" classname="de.uka.ilkd.key.proof.runallproofs.RunAllProofsInfFlow" time="24.504"/>
  <testcase name="ConditionalConfidential" classname="de.uka.ilkd.key.proof.runallproofs.RunAllProofsInfFlow" time="14.543"/>
  <testcase name="SumExample" classname="de.uka.ilkd.key.proof.runallproofs.RunAllProofsInfFlow" time="9.878"/>
  <testcase name="ToyBanking" classname="de.uka.ilkd.key.proof.runallproofs.RunAllProofsInfFlow" time="113.105"/>
  <testcase name="BlockContracts" classname="de.uka.ilkd.key.proof.runallproofs.RunAllProofsInfFlow" time="62.8"/>
  <testcase name="MethodContracts" classname="de.uka.ilkd.key.proof.runallproofs.RunAllProofsInfFlow" time="70.504"/>
  <testcase name="LoopInvariants" classname="de.uka.ilkd.key.proof.runallproofs.RunAllProofsInfFlow" time="67.705"/>
  <testcase name="MiniExamples" classname="de.uka.ilkd.key.proof.runallproofs.RunAllProofsInfFlow" time="92.785"/>
  <testcase name="NewObjects" classname="de.uka.ilkd.key.proof.runallproofs.RunAllProofsInfFlow" time="79.841"/>
  <testcase name="passwordfile.SecurePasswordFile(passwordfile.SecurePasswordFile___userIndex()).JML accessible clause.0.key" classname="de.uka.ilkd.key.proof.runallproofs.RunAllProofsInfFlow" time="9.188"/>
  <testcase name="SimpleEvoting" classname="de.uka.ilkd.key.proof.runallproofs.RunAllProofsInfFlow" time="159.364"/>
  <testcase name="ToyVoting_nomacro" classname="de.uka.ilkd.key.proof.runallproofs.RunAllProofsInfFlow" time="34.475"/>
  <testcase name="ConditionalConfidential_nomacro" classname="de.uka.ilkd.key.proof.runallproofs.RunAllProofsInfFlow" time="0.001"/>
  <testcase name="SumExample_nomacro" classname="de.uka.ilkd.key.proof.runallproofs.RunAllProofsInfFlow" time="12.611"/>
  <testcase name="ToyBanking_nomacro" classname="de.uka.ilkd.key.proof.runallproofs.RunAllProofsInfFlow" time="81.712"/>
  <testcase name="BlockContracts_nomacro" classname="de.uka.ilkd.key.proof.runallproofs.RunAllProofsInfFlow" time="78.435"/>
  <testcase name="MethodContracts_nomacro" classname="de.uka.ilkd.key.proof.runallproofs.RunAllProofsInfFlow" time="74.869"/>
  <testcase name="LoopInvariants_nomacro" classname="de.uka.ilkd.key.proof.runallproofs.RunAllProofsInfFlow" time="111.71"/>
  <testcase name="MiniExamples_nomacro" classname="de.uka.ilkd.key.proof.runallproofs.RunAllProofsInfFlow" time="94.969"/>
  <testcase name="NewObjects_nomacro" classname="de.uka.ilkd.key.proof.runallproofs.RunAllProofsInfFlow" time="132.776"/>
  <testcase name="SimpleEvoting_nomacro" classname="de.uka.ilkd.key.proof.runallproofs.RunAllProofsInfFlow" time="126.504"/>
  <testcase name="ToyVoting_fullmacro" classname="de.uka.ilkd.key.proof.runallproofs.RunAllProofsInfFlow" time="59.376"/>
  <testcase name="SumExample_fullmacro" classname="de.uka.ilkd.key.proof.runallproofs.RunAllProofsInfFlow" time="10.402"/>
  <testcase name="ToyBanking_fullmacro" classname="de.uka.ilkd.key.proof.runallproofs.RunAllProofsInfFlow" time="253.685"/>
  <testcase name="BlockContracts_fullmacro" classname="de.uka.ilkd.key.proof.runallproofs.RunAllProofsInfFlow" time="80.89"/>
  <testcase name="MethodContracts_fullmacro" classname="de.uka.ilkd.key.proof.runallproofs.RunAllProofsInfFlow" time="75.23"/>
  <testcase name="InformationFlow_fullmacro" classname="de.uka.ilkd.key.proof.runallproofs.RunAllProofsInfFlow" time="321.834"/>
  <testcase name="MiniExamples_fullmacro" classname="de.uka.ilkd.key.proof.runallproofs.RunAllProofsInfFlow" time="96.811"/>
  <testcase name="NewObjects_fullmacro" classname="de.uka.ilkd.key.proof.runallproofs.RunAllProofsInfFlow" time="186.211"/>
  <testcase name="SimpleEvoting_fullmacro" classname="de.uka.ilkd.key.proof.runallproofs.RunAllProofsInfFlow" time="178.985"/>
  <system-out><![CDATA[340        INFO  Test worker     d.u.i.k.p.r.RunAllProofsTestUnit Running test ToyVoting 
348        INFO  Timeout watchdog d.u.i.k.p.r.p.ForkedTestFileRunner Timeout watcher launched (1000 secs.) 
348        WARN  main            d.u.i.k.s.ProofSettings   No proof-settings could be loaded, using defaults java.io.FileNotFoundException: /home/runner/.key/proof-settings.props (No such file or directory)
	at java.base/java.io.FileInputStream.open0(Native Method)

359        INFO  main            d.u.i.k.p.r.p.TestFile    Now processing file /home/runner/work/key/key/key.core/../key.ui/examples/index/../InformationFlow/ToyVoting/Voter(Voter__insecure_voting()).JML normal_behavior operation contract.0.key 
9173       INFO  main            d.u.i.k.p.r.p.TestFile    ... finished proof: closed. 
9298       INFO  main            d.u.i.k.p.r.p.TestFile    Now processing file /home/runner/work/key/key/key.core/../key.ui/examples/index/../InformationFlow/ToyVoting/Voter(Voter__publishVoterParticipation()).JML normal_behavior operation contract.0.key 
12196      INFO  main            d.u.i.k.p.r.p.TestFile    ... finished proof: closed. 
12309      INFO  main            d.u.i.k.p.r.p.TestFile    Now processing file /home/runner/work/key/key/key.core/../key.ui/examples/index/../InformationFlow/ToyVoting/Voter(Voter__isValid(int)).JML normal_behavior operation contract.0.key 
15038      INFO  main            d.u.i.k.p.r.p.TestFile    ... finished proof: closed. 
15159      INFO  main            d.u.i.k.p.r.p.TestFile    Now processing file /home/runner/work/key/key/key.core/../key.ui/examples/index/../InformationFlow/ToyVoting/Voter(Voter__sendVote(int)).JML normal_behavior operation contract.0.key 
17817      INFO  main            d.u.i.k.p.r.p.TestFile    ... finished proof: closed. 
17948      INFO  main            d.u.i.k.p.r.p.TestFile    Now processing file /home/runner/work/key/key/key.core/../key.ui/examples/index/../InformationFlow/ToyVoting/Voter(Voter__inputVote()).JML normal_behavior operation contract.0.key 
20584      INFO  main            d.u.i.k.p.r.p.TestFile    ... finished proof: closed. 
20702      INFO  main            d.u.i.k.p.r.p.TestFile    Now processing file /home/runner/work/key/key/key.core/../key.ui/examples/index/../InformationFlow/ToyVoting/Voter(Voter__secure_voting()).JML normal_behavior operation contract.0.key 
23988      INFO  main            d.u.i.k.p.r.p.TestFile    ... finished proof: closed. 
24837      INFO  Test worker     d.u.i.k.p.r.RunAllProofsTestUnit Returning from test ToyVoting 
24842      INFO  Test worker     d.u.i.k.p.r.RunAllProofsTestUnit Running test ConditionalConfidential 
364        INFO  Timeout watchdog d.u.i.k.p.r.p.ForkedTestFileRunner Timeout watcher launched (1000 secs.) 
381        WARN  main            d.u.i.k.s.ProofSettings   The settings in /home/runner/.key/proof-settings.props are *not* read. 
388        INFO  main            d.u.i.k.p.r.p.TestFile    Now processing file /home/runner/work/key/key/key.core/../key.ui/examples/index/../InformationFlow/ConditionalConfidential/CCExample(CCExample__hasAccessRight(CCExample.User)).JML normal_behavior operation contract.0.key 
10368      INFO  main            d.u.i.k.p.r.p.TestFile    ... finished proof: closed. 
10593      INFO  main            d.u.i.k.p.r.p.TestFile    Now processing file /home/runner/work/key/key/key.core/../key.ui/examples/index/../InformationFlow/ConditionalConfidential/CCExample(CCExample__getConfidentialData(CCExample.User)).JML normal_behavior operation contract.0.key 
14245      INFO  main            d.u.i.k.p.r.p.TestFile    ... finished proof: closed. 
39383      INFO  Test worker     d.u.i.k.p.r.RunAllProofsTestUnit Returning from test ConditionalConfidential 
39385      INFO  Test worker     d.u.i.k.p.r.RunAllProofsTestUnit Running test SumExample 
404        INFO  Timeout watchdog d.u.i.k.p.r.p.ForkedTestFileRunner Timeout watcher launched (1000 secs.) 
417        WARN  main            d.u.i.k.s.ProofSettings   The settings in /home/runner/.key/proof-settings.props are *not* read. 
425        INFO  main            d.u.i.k.p.r.p.TestFile    Now processing file /home/runner/work/key/key/key.core/../key.ui/examples/index/../InformationFlow/Sum/SumExample(SumExample__getSum()).JML normal_behavior operation contract.0.key 
9520       INFO  main            d.u.i.k.p.r.p.TestFile    ... finished proof: closed. 
49261      INFO  Test worker     d.u.i.k.p.r.RunAllProofsTestUnit Returning from test SumExample 
49264      INFO  Test worker     d.u.i.k.p.r.RunAllProofsTestUnit Running test ToyBanking 
338        INFO  Timeout watchdog d.u.i.k.p.r.p.ForkedTestFileRunner Timeout watcher launched (1000 secs.) 
359        WARN  main            d.u.i.k.s.ProofSettings   The settings in /home/runner/.key/proof-settings.props are *not* read. 
367        INFO  main            d.u.i.k.p.r.p.TestFile    Now processing file /home/runner/work/key/key/key.core/../key.ui/examples/index/../InformationFlow/ToyBanking/banking_example.UserAccount(banking_example.UserAccount__getBankAccount(int)).JML normal_behavior operation contract.0.key 
10348      INFO  main            d.u.i.k.p.r.p.TestFile    ... finished proof: closed. 
10482      INFO  main            d.u.i.k.p.r.p.TestFile    Now processing file /home/runner/work/key/key/key.core/../key.ui/examples/index/../InformationFlow/ToyBanking/banking_example.UserAccount(banking_example.UserAccount__tryLogin(int,(C)).JML normal_behavior operation contract.0.key 
35986      INFO  main            d.u.i.k.p.r.p.TestFile    ... finished proof: closed. 
36226      INFO  main            d.u.i.k.p.r.p.TestFile    Now processing file /home/runner/work/key/key/key.core/../key.ui/examples/index/../InformationFlow/ToyBanking/banking_example.UserAccount(java.lang.Object___inv_()).JML accessible clause.0.key 
44829      INFO  main            d.u.i.k.p.r.p.TestFile    ... finished proof: closed. 
44996      INFO  main            d.u.i.k.p.r.p.TestFile    Now processing file /home/runner/work/key/key/key.core/../key.ui/examples/index/../InformationFlow/ToyBanking/banking_example.BankAccount(banking_example.BankAccount__depositMoney(int)).JML normal_behavior operation contract.0.key 
48316      INFO  main            d.u.i.k.p.r.p.TestFile    ... finished proof: closed. 
48467      INFO  main            d.u.i.k.p.r.p.TestFile    Now processing file /home/runner/work/key/key/key.core/../key.ui/examples/index/../InformationFlow/ToyBanking/banking_example.BankAccount(banking_example.BankAccount__getBalance()).JML normal_behavior operation contract.0.key 
51574      INFO  main            d.u.i.k.p.r.p.TestFile    ... finished proof: closed. 
51708      INFO  main            d.u.i.k.p.r.p.TestFile    Now processing file /home/runner/work/key/key/key.core/../key.ui/examples/index/../InformationFlow/ToyBanking/banking_example.BankAccount(banking_example.BankAccount__getId()).JML normal_behavior operation contract.0.key 
54773      INFO  main            d.u.i.k.p.r.p.TestFile    ... finished proof: closed. 
54943      INFO  main            d.u.i.k.p.r.p.TestFile    Now processing file /home/runner/work/key/key/key.core/../key.ui/examples/index/../InformationFlow/ToyBanking/banking_example.Bank(banking_example.Bank__login(int,(C)).JML normal_behavior operation contract.0.key 
64091      INFO  main            d.u.i.k.p.r.p.TestFile    ... finished proof: closed. 
64288      INFO  main            d.u.i.k.p.r.p.TestFile    Now processing file /home/runner/work/key/key/key.core/../key.ui/examples/index/../InformationFlow/ToyBanking/banking_example2.UserAccount(banking_example2.UserAccount__getBankAccount(int)).JML normal_behavior operation contract.0.key 
67502      INFO  main            d.u.i.k.p.r.p.TestFile    ... finished proof: closed. 
67657      INFO  main            d.u.i.k.p.r.p.TestFile    Now processing file /home/runner/work/key/key/key.core/../key.ui/examples/index/../InformationFlow/ToyBanking/banking_example2.UserAccount(banking_example2.UserAccount__tryLogin(int,(C)).JML normal_behavior operation contract.0.key 
90142      INFO  main            d.u.i.k.p.r.p.TestFile    ... finished proof: closed. 
90377      INFO  main            d.u.i.k.p.r.p.TestFile    Now processing file /home/runner/work/key/key/key.core/../key.ui/examples/index/../InformationFlow/ToyBanking/banking_example2.UserAccount(java.lang.Object___inv_()).JML accessible clause.0.key 
97576      INFO  main            d.u.i.k.p.r.p.TestFile    ... finished proof: open goal(s) 
97777      INFO  main            d.u.i.k.p.r.p.TestFile    Now processing file /home/runner/work/key/key/key.core/../key.ui/examples/index/../InformationFlow/ToyBanking/banking_example2.BankAccount(banking_example2.BankAccount__depositMoney(int)).JML normal_behavior operation contract.0.key 
100879     INFO  main            d.u.i.k.p.r.p.TestFile    ... finished proof: closed. 
101040     INFO  main            d.u.i.k.p.r.p.TestFile    Now processing file /home/runner/work/key/key/key.core/../key.ui/examples/index/../InformationFlow/ToyBanking/banking_example2.BankAccount(banking_example2.BankAccount__getBalance()).JML normal_behavior operation contract.0.key 
103930     INFO  main            d.u.i.k.p.r.p.TestFile    ... finished proof: closed. 
104089     INFO  main            d.u.i.k.p.r.p.TestFile    Now processing file /home/runner/work/key/key/key.core/../key.ui/examples/index/../InformationFlow/ToyBanking/banking_example2.BankAccount(banking_example2.BankAccount__getId()).JML normal_behavior operation contract.0.key 
106986     INFO  main            d.u.i.k.p.r.p.TestFile    ... finished proof: closed. 
107147     INFO  main            d.u.i.k.p.r.p.TestFile    Now processing file /home/runner/work/key/key/key.core/../key.ui/examples/index/../InformationFlow/ToyBanking/banking_example2.Bank(banking_example2.Bank__login(int,(C)).JML normal_behavior operation contract.0.key 
112726     INFO  main            d.u.i.k.p.r.p.TestFile    ... finished proof: closed. 
162367     INFO  Test worker     d.u.i.k.p.r.RunAllProofsTestUnit Returning from test ToyBanking 
162370     INFO  Test worker     d.u.i.k.p.r.RunAllProofsTestUnit Running test BlockContracts 
330        INFO  Timeout watchdog d.u.i.k.p.r.p.ForkedTestFileRunner Timeout watcher launched (1000 secs.) 
339        WARN  main            d.u.i.k.s.ProofSettings   The settings in /home/runner/.key/proof-settings.props are *not* read. 
343        INFO  main            d.u.i.k.p.r.p.TestFile    Now processing file /home/runner/work/key/key/key.core/../key.ui/examples/index/../InformationFlow/BlockContracts/contract.IFBlockExamples(contract.IFBlockExamples__secure_5()).JML operation contract.0.key 
9047       INFO  main            d.u.i.k.p.r.p.TestFile    ... finished proof: closed. 
9155       INFO  main            d.u.i.k.p.r.p.TestFile    Now processing file /home/runner/work/key/key/key.core/../key.ui/examples/index/../InformationFlow/BlockContracts/contract.IFBlockExamples(contract.IFBlockExamples__block_no_return_secure(int)).JML operation contract.0.key 
12505      INFO  main            d.u.i.k.p.r.p.TestFile    ... finished proof: closed. 
12625      INFO  main            d.u.i.k.p.r.p.TestFile    Now processing file /home/runner/work/key/key/key.core/../key.ui/examples/index/../InformationFlow/BlockContracts/contract.IFBlockExamples(contract.IFBlockExamples__while_block_insecure(int)).JML operation contract.0.key 
16067      INFO  main            d.u.i.k.p.r.p.TestFile    ... finished proof: closed. 
16197      INFO  main            d.u.i.k.p.r.p.TestFile    Now processing file /home/runner/work/key/key/key.core/../key.ui/examples/index/../InformationFlow/BlockContracts/contract.IFBlockExamples(contract.IFBlockExamples__while_block_secure(int)).JML operation contract.0.key 
19563      INFO  main            d.u.i.k.p.r.p.TestFile    ... finished proof: closed. 
19702      INFO  main            d.u.i.k.p.r.p.TestFile    Now processing file /home/runner/work/key/key/key.core/../key.ui/examples/index/../InformationFlow/BlockContracts/contract.IFBlockExamples(contract.IFBlockExamples__block_while_secure(int)).JML operation contract.0.key 
22839      INFO  main            d.u.i.k.p.r.p.TestFile    ... finished proof: closed. 
23017      INFO  main            d.u.i.k.p.r.p.TestFile    Now processing file /home/runner/work/key/key/key.core/../key.ui/examples/index/../InformationFlow/BlockContracts/contract.IFBlockExamples(contract.IFBlockExamples__insecure_4(int)).JML operation contract.0.key 
26321      INFO  main            d.u.i.k.p.r.p.TestFile    ... finished proof: closed. 
26474      INFO  main            d.u.i.k.p.r.p.TestFile    Now processing file /home/runner/work/key/key/key.core/../key.ui/examples/index/../InformationFlow/BlockContracts/contract.IFBlockExamples(contract.IFBlockExamples__insecure_3(int)).JML operation contract.0.key 
29661      INFO  main            d.u.i.k.p.r.p.TestFile    ... finished proof: closed. 
29819      INFO  main            d.u.i.k.p.r.p.TestFile    Now processing file /home/runner/work/key/key/key.core/../key.ui/examples/index/../InformationFlow/BlockContracts/contract.IFBlockExamples(contract.IFBlockExamples__secure_3(int)).JML operation contract.0.key 
33035      INFO  main            d.u.i.k.p.r.p.TestFile    ... finished proof: closed. 
33197      INFO  main            d.u.i.k.p.r.p.TestFile    Now processing file /home/runner/work/key/key/key.core/../key.ui/examples/index/../InformationFlow/BlockContracts/contract.IFBlockExamples(contract.IFBlockExamples__secure_2(int)).JML operation contract.0.key 
36443      INFO  main            d.u.i.k.p.r.p.TestFile    ... finished proof: closed. 
36616      INFO  main            d.u.i.k.p.r.p.TestFile    Now processing file /home/runner/work/key/key/key.core/../key.ui/examples/index/../InformationFlow/BlockContracts/contract.IFBlockExamples(contract.IFBlockExamples__secure_8(int)).JML operation contract.0.key 
39679      INFO  main            d.u.i.k.p.r.p.TestFile    ... finished proof: closed. 
39833      INFO  main            d.u.i.k.p.r.p.TestFile    Now processing file /home/runner/work/key/key/key.core/../key.ui/examples/index/../InformationFlow/BlockContracts/contract.IFBlockExamples(contract.IFBlockExamples__secure_7(int)).JML operation contract.0.key 
42831      INFO  main            d.u.i.k.p.r.p.TestFile    ... finished proof: closed. 
42991      INFO  main            d.u.i.k.p.r.p.TestFile    Now processing file /home/runner/work/key/key/key.core/../key.ui/examples/index/../InformationFlow/BlockContracts/contract.IFBlockExamples(contract.IFBlockExamples__secure_6(int)).JML operation contract.0.key 
46019      INFO  main            d.u.i.k.p.r.p.TestFile    ... finished proof: closed. 
46180      INFO  main            d.u.i.k.p.r.p.TestFile    Now processing file /home/runner/work/key/key/key.core/../key.ui/examples/index/../InformationFlow/BlockContracts/contract.IFBlockExamples(contract.IFBlockExamples__insecure_1(int)).JML operation contract.0.key 
49173      INFO  main            d.u.i.k.p.r.p.TestFile    ... finished proof: closed. 
49333      INFO  main            d.u.i.k.p.r.p.TestFile    Now processing file /home/runner/work/key/key/key.core/../key.ui/examples/index/../InformationFlow/BlockContracts/contract.IFBlockExamples(contract.IFBlockExamples__secure_4(int)).JML operation contract.0.key 
52258      INFO  main            d.u.i.k.p.r.p.TestFile    ... finished proof: closed. 
52431      INFO  main            d.u.i.k.p.r.p.TestFile    Now processing file /home/runner/work/key/key/key.core/../key.ui/examples/index/../InformationFlow/BlockContracts/contract.IFBlockExamples(contract.IFBlockExamples__secure_1(int)).JML operation contract.0.key 
55373      INFO  main            d.u.i.k.p.r.p.TestFile    ... finished proof: closed. 
55550      INFO  main            d.u.i.k.p.r.p.TestFile    Now processing file /home/runner/work/key/key/key.core/../key.ui/examples/index/../InformationFlow/BlockContracts/contract.IFEfficiencyExamples(contract.IFEfficiencyExamples__mWithoutBlockContract()).JML operation contract.0.key 
58985      INFO  main            d.u.i.k.p.r.p.TestFile    ... finished proof: closed. 
59172      INFO  main            d.u.i.k.p.r.p.TestFile    Now processing file /home/runner/work/key/key/key.core/../key.ui/examples/index/../InformationFlow/BlockContracts/contract.IFEfficiencyExamples(contract.IFEfficiencyExamples__mWithBlockContract()).JML operation contract.0.key 
62379      INFO  main            d.u.i.k.p.r.p.TestFile    ... finished proof: closed. 
225168     INFO  Test worker     d.u.i.k.p.r.RunAllProofsTestUnit Returning from test BlockContracts 
225169     INFO  Test worker     d.u.i.k.p.r.RunAllProofsTestUnit Running test MethodContracts 
398        INFO  Timeout watchdog d.u.i.k.p.r.p.ForkedTestFileRunner Timeout watcher launched (1000 secs.) 
400        WARN  main            d.u.i.k.s.ProofSettings   The settings in /home/runner/.key/proof-settings.props are *not* read. 
403        INFO  main            d.u.i.k.p.r.p.TestFile    Now processing file /home/runner/work/key/key/key.core/../key.ui/examples/index/../InformationFlow/MethodContracts/contract.IFMethodContract(contract.IFMethodContract__secure_recursion_2((I,int)).JML normal_behavior operation contract.0.key 
8879       INFO  main            d.u.i.k.p.r.p.TestFile    ... finished proof: closed. 
8999       INFO  main            d.u.i.k.p.r.p.TestFile    Now processing file /home/runner/work/key/key/key.core/../key.ui/examples/index/../InformationFlow/MethodContracts/contract.IFMethodContract(contract.IFMethodContract__secure_recursion(int)).JML normal_behavior operation contract.0.key 
12150      INFO  main            d.u.i.k.p.r.p.TestFile    ... finished proof: closed. 
12316      INFO  main            d.u.i.k.p.r.p.TestFile    Now processing file /home/runner/work/key/key/key.core/../key.ui/examples/index/../InformationFlow/MethodContracts/contract.IFMethodContract(contract.IFMethodContract__secure_catch_exception()).JML operation contract.0.key 
15385      INFO  main            d.u.i.k.p.r.p.TestFile    ... finished proof: closed. 
15511      INFO  main            d.u.i.k.p.r.p.TestFile    Now processing file /home/runner/work/key/key/key.core/../key.ui/examples/index/../InformationFlow/MethodContracts/contract.IFMethodContract(contract.IFMethodContract__n6()).JML normal_behavior operation contract.0.key 
18356      INFO  main            d.u.i.k.p.r.p.TestFile    ... finished proof: closed. 
18475      INFO  main            d.u.i.k.p.r.p.TestFile    Now processing file /home/runner/work/key/key/key.core/../key.ui/examples/index/../InformationFlow/MethodContracts/contract.IFMethodContract(contract.IFMethodContract__secure_n6()).JML operation contract.0.key 
21277      INFO  main            d.u.i.k.p.r.p.TestFile    ... finished proof: closed. 
21407      INFO  main            d.u.i.k.p.r.p.TestFile    Now processing file /home/runner/work/key/key/key.core/../key.ui/examples/index/../InformationFlow/MethodContracts/contract.IFMethodContract(contract.IFMethodContract__secure_array_param_helper()).JML normal_behavior operation contract.0.key 
24165      INFO  main            d.u.i.k.p.r.p.TestFile    ... finished proof: closed. 
24289      INFO  main            d.u.i.k.p.r.p.TestFile    Now processing file /home/runner/work/key/key/key.core/../key.ui/examples/index/../InformationFlow/MethodContracts/contract.IFMethodContract(contract.IFMethodContract__secure_array_param((I,int)).JML operation contract.0.key 
27045      INFO  main            d.u.i.k.p.r.p.TestFile    ... finished proof: closed. 
27186      INFO  main            d.u.i.k.p.r.p.TestFile    Now processing file /home/runner/work/key/key/key.core/../key.ui/examples/index/../InformationFlow/MethodContracts/contract.IFMethodContract(contract.IFMethodContract__n9()).JML normal_behavior operation contract.0.key 
29905      INFO  main            d.u.i.k.p.r.p.TestFile    ... finished proof: closed. 
30040      INFO  main            d.u.i.k.p.r.p.TestFile    Now processing file /home/runner/work/key/key/key.core/../key.ui/examples/index/../InformationFlow/MethodContracts/contract.IFMethodContract(contract.IFMethodContract__secure_assignment_0_n9()).JML operation contract.0.key 
32844      INFO  main            d.u.i.k.p.r.p.TestFile    ... finished proof: closed. 
32978      INFO  main            d.u.i.k.p.r.p.TestFile    Now processing file /home/runner/work/key/key/key.core/../key.ui/examples/index/../InformationFlow/MethodContracts/contract.IFMethodContract(contract.IFMethodContract__insecure_if_high_n5_n1()).JML operation contract.0.key 
35781      INFO  main            d.u.i.k.p.r.p.TestFile    ... finished proof: closed. 
35928      INFO  main            d.u.i.k.p.r.p.TestFile    Now processing file /home/runner/work/key/key/key.core/../key.ui/examples/index/../InformationFlow/MethodContracts/contract.IFMethodContract(contract.IFMethodContract__n5(int)).JML normal_behavior operation contract.0.key 
38653      INFO  main            d.u.i.k.p.r.p.TestFile    ... finished proof: closed. 
38798      INFO  main            d.u.i.k.p.r.p.TestFile    Now processing file /home/runner/work/key/key/key.core/../key.ui/examples/index/../InformationFlow/MethodContracts/contract.IFMethodContract(contract.IFMethodContract__secure_if_high_n5_n1()).JML operation contract.0.key 
41692      INFO  main            d.u.i.k.p.r.p.TestFile    ... finished proof: closed. 
41847      INFO  main            d.u.i.k.p.r.p.TestFile    Now processing file /home/runner/work/key/key/key.core/../key.ui/examples/index/../InformationFlow/MethodContracts/contract.IFMethodContract(contract.IFMethodContract__secure_if_high_n1()).JML operation contract.0.key 
44626      INFO  main            d.u.i.k.p.r.p.TestFile    ... finished proof: closed. 
44778      INFO  main            d.u.i.k.p.r.p.TestFile    Now processing file /home/runner/work/key/key/key.core/../key.ui/examples/index/../InformationFlow/MethodContracts/contract.IFMethodContract(contract.IFMethodContract__secure_n5()).JML operation contract.0.key 
47466      INFO  main            d.u.i.k.p.r.p.TestFile    ... finished proof: closed. 
47621      INFO  main            d.u.i.k.p.r.p.TestFile    Now processing file /home/runner/work/key/key/key.core/../key.ui/examples/index/../InformationFlow/MethodContracts/contract.IFMethodContract(contract.IFMethodContract__n4()).JML normal_behavior operation contract.0.key 
50334      INFO  main            d.u.i.k.p.r.p.TestFile    ... finished proof: closed. 
50490      INFO  main            d.u.i.k.p.r.p.TestFile    Now processing file /home/runner/work/key/key/key.core/../key.ui/examples/index/../InformationFlow/MethodContracts/contract.IFMethodContract(contract.IFMethodContract__n3()).JML normal_behavior operation contract.0.key 
53181      INFO  main            d.u.i.k.p.r.p.TestFile    ... finished proof: closed. 
53339      INFO  main            d.u.i.k.p.r.p.TestFile    Now processing file /home/runner/work/key/key/key.core/../key.ui/examples/index/../InformationFlow/MethodContracts/contract.IFMethodContract(contract.IFMethodContract__secure_sequential_n3_precond_n4()).JML operation contract.0.key 
56010      INFO  main            d.u.i.k.p.r.p.TestFile    ... finished proof: closed. 
56197      INFO  main            d.u.i.k.p.r.p.TestFile    Now processing file /home/runner/work/key/key/key.core/../key.ui/examples/index/../InformationFlow/MethodContracts/contract.IFMethodContract(contract.IFMethodContract__insecure_assignment_n2()).JML operation contract.0.key 
58852      INFO  main            d.u.i.k.p.r.p.TestFile    ... finished proof: closed. 
59015      INFO  main            d.u.i.k.p.r.p.TestFile    Now processing file /home/runner/work/key/key/key.core/../key.ui/examples/index/../InformationFlow/MethodContracts/contract.IFMethodContract(contract.IFMethodContract__secure_assignments_n2()).JML operation contract.0.key 
61650      INFO  main            d.u.i.k.p.r.p.TestFile    ... finished proof: closed. 
61823      INFO  main            d.u.i.k.p.r.p.TestFile    Now processing file /home/runner/work/key/key/key.core/../key.ui/examples/index/../InformationFlow/MethodContracts/contract.IFMethodContract(contract.IFMethodContract__n2()).JML normal_behavior operation contract.0.key 
64497      INFO  main            d.u.i.k.p.r.p.TestFile    ... finished proof: closed. 
64664      INFO  main            d.u.i.k.p.r.p.TestFile    Now processing file /home/runner/work/key/key/key.core/../key.ui/examples/index/../InformationFlow/MethodContracts/contract.IFMethodContract(contract.IFMethodContract__n1()).JML normal_behavior operation contract.0.key 
67358      INFO  main            d.u.i.k.p.r.p.TestFile    ... finished proof: closed. 
67523      INFO  main            d.u.i.k.p.r.p.TestFile    Now processing file /home/runner/work/key/key/key.core/../key.ui/examples/index/../InformationFlow/MethodContracts/contract.IFMethodContract(contract.IFMethodContract__secure_sequential_n1_n2()).JML operation contract.0.key 
70169      INFO  main            d.u.i.k.p.r.p.TestFile    ... finished proof: closed. 
295673     INFO  Test worker     d.u.i.k.p.r.RunAllProofsTestUnit Returning from test MethodContracts 
295674     INFO  Test worker     d.u.i.k.p.r.RunAllProofsTestUnit Running test LoopInvariants 
337        INFO  Timeout watchdog d.u.i.k.p.r.p.ForkedTestFileRunner Timeout watcher launched (1000 secs.) 
356        WARN  main            d.u.i.k.s.ProofSettings   The settings in /home/runner/.key/proof-settings.props are *not* read. 
360        INFO  main            d.u.i.k.p.r.p.TestFile    Now processing file /home/runner/work/key/key/key.core/../key.ui/examples/index/../InformationFlow/LoopInvariants/loop.IFLoopExamples(loop.IFLoopExamples__insecure_while_3(int)).JML operation contract.0.key 
9937       INFO  main            d.u.i.k.p.r.p.TestFile    ... finished proof: closed. 
10066      INFO  main            d.u.i.k.p.r.p.TestFile    Now processing file /home/runner/work/key/key/key.core/../key.ui/examples/index/../InformationFlow/LoopInvariants/loop.IFLoopExamples(loop.IFLoopExamples__secure_while_2(int)).JML operation contract.0.key 
13795      INFO  main            d.u.i.k.p.r.p.TestFile    ... finished proof: closed. 
13952      INFO  main            d.u.i.k.p.r.p.TestFile    Now processing file /home/runner/work/key/key/key.core/../key.ui/examples/index/../InformationFlow/LoopInvariants/loop.IFLoopExamples(loop.IFLoopExamples__secure_while_4(int)).JML operation contract.0.key 
17381      INFO  main            d.u.i.k.p.r.p.TestFile    ... finished proof: closed. 
17515      INFO  main            d.u.i.k.p.r.p.TestFile    Now processing file /home/runner/work/key/key/key.core/../key.ui/examples/index/../InformationFlow/LoopInvariants/loop.IFLoopExamples(loop.IFLoopExamples__insecure_doubleNestedWhile2(int)).JML operation contract.0.key 
21590      INFO  main            d.u.i.k.p.r.p.TestFile    ... finished proof: closed. 
21734      INFO  main            d.u.i.k.p.r.p.TestFile    Now processing file /home/runner/work/key/key/key.core/../key.ui/examples/index/../InformationFlow/LoopInvariants/loop.IFLoopExamples(loop.IFLoopExamples__insecure_doubleNestedWhile(int)).JML operation contract.0.key 
25675      INFO  main            d.u.i.k.p.r.p.TestFile    ... finished proof: closed. 
25827      INFO  main            d.u.i.k.p.r.p.TestFile    Now processing file /home/runner/work/key/key/key.core/../key.ui/examples/index/../InformationFlow/LoopInvariants/loop.IFLoopExamples(loop.IFLoopExamples__secure_doubleNestedWhile(int)).JML operation contract.0.key 
29747      INFO  main            d.u.i.k.p.r.p.TestFile    ... finished proof: closed. 
29984      INFO  main            d.u.i.k.p.r.p.TestFile    Now processing file /home/runner/work/key/key/key.core/../key.ui/examples/index/../InformationFlow/LoopInvariants/loop.IFLoopExamples(loop.IFLoopExamples__secure_nestedTwoWhile(int)).JML operation contract.0.key 
33699      INFO  main            d.u.i.k.p.r.p.TestFile    ... finished proof: closed. 
33866      INFO  main            d.u.i.k.p.r.p.TestFile    Now processing file /home/runner/work/key/key/key.core/../key.ui/examples/index/../InformationFlow/LoopInvariants/loop.IFLoopExamples(loop.IFLoopExamples__secure_nestedWhile(int)).JML operation contract.0.key 
37320      INFO  main            d.u.i.k.p.r.p.TestFile    ... finished proof: closed. 
37520      INFO  main            d.u.i.k.p.r.p.TestFile    Now processing file /home/runner/work/key/key/key.core/../key.ui/examples/index/../InformationFlow/LoopInvariants/loop.IFLoopExamples(loop.IFLoopExamples__notSecure_while(int)).JML operation contract.0.key 
40671      INFO  main            d.u.i.k.p.r.p.TestFile    ... finished proof: closed. 
40826      INFO  main            d.u.i.k.p.r.p.TestFile    Now processing file /home/runner/work/key/key/key.core/../key.ui/examples/index/../InformationFlow/LoopInvariants/loop.IFLoopExamples(loop.IFLoopExamples__notSecure_while_wrongInv(int)).JML operation contract.0.key 
43956      INFO  main            d.u.i.k.p.r.p.TestFile    ... finished proof: open goal(s) 
44143      INFO  main            d.u.i.k.p.r.p.TestFile    Now processing file /home/runner/work/key/key/key.core/../key.ui/examples/index/../InformationFlow/LoopInvariants/loop.IFLoopExamples(loop.IFLoopExamples__insecure_twoWhile(int)).JML operation contract.0.key 
47423      INFO  main            d.u.i.k.p.r.p.TestFile    ... finished proof: closed. 
47580      INFO  main            d.u.i.k.p.r.p.TestFile    Now processing file /home/runner/work/key/key/key.core/../key.ui/examples/index/../InformationFlow/LoopInvariants/loop.IFLoopExamples(loop.IFLoopExamples__insecure_twoWhile_2(int)).JML operation contract.0.key 
50870      INFO  main            d.u.i.k.p.r.p.TestFile    ... finished proof: closed. 
51039      INFO  main            d.u.i.k.p.r.p.TestFile    Now processing file /home/runner/work/key/key/key.core/../key.ui/examples/index/../InformationFlow/LoopInvariants/loop.IFLoopExamples(loop.IFLoopExamples__secure_twoWhile(int)).JML operation contract.0.key 
54365      INFO  main            d.u.i.k.p.r.p.TestFile    ... finished proof: closed. 
54533      INFO  main            d.u.i.k.p.r.p.TestFile    Now processing file /home/runner/work/key/key/key.core/../key.ui/examples/index/../InformationFlow/LoopInvariants/loop.IFLoopExamples(loop.IFLoopExamples__loc_secure_while(int)).JML operation contract.0.key 
57591      INFO  main            d.u.i.k.p.r.p.TestFile    ... finished proof: closed. 
57755      INFO  main            d.u.i.k.p.r.p.TestFile    Now processing file /home/runner/work/key/key/key.core/../key.ui/examples/index/../InformationFlow/LoopInvariants/loop.IFLoopExamples(loop.IFLoopExamples__secure_while(int)).JML operation contract.0.key 
60815      INFO  main            d.u.i.k.p.r.p.TestFile    ... finished proof: closed. 
60975      INFO  main            d.u.i.k.p.r.p.TestFile    Now processing file /home/runner/work/key/key/key.core/../key.ui/examples/index/../InformationFlow/LoopInvariants/loop.IFLoopExamples(loop.IFLoopExamples__print(int)).JML normal_behavior operation contract.0.key 
63914      INFO  main            d.u.i.k.p.r.p.TestFile    ... finished proof: closed. 
64078      INFO  main            d.u.i.k.p.r.p.TestFile    Now processing file /home/runner/work/key/key/key.core/../key.ui/examples/index/../InformationFlow/LoopInvariants/loop.IFLoopExamples(loop.IFLoopExamples__hammer(int)).JML normal_behavior operation contract.0.key 
67361      INFO  main            d.u.i.k.p.r.p.TestFile    ... finished proof: closed. 
363377     INFO  Test worker     d.u.i.k.p.r.RunAllProofsTestUnit Returning from test LoopInvariants 
363380     INFO  Test worker     d.u.i.k.p.r.RunAllProofsTestUnit Running test MiniExamples 
349        INFO  Timeout watchdog d.u.i.k.p.r.p.ForkedTestFileRunner Timeout watcher launched (1000 secs.) 
351        WARN  main            d.u.i.k.s.ProofSettings   The settings in /home/runner/.key/proof-settings.props are *not* read. 
357        INFO  main            d.u.i.k.p.r.p.TestFile    Now processing file /home/runner/work/key/key/key.core/../key.ui/examples/index/../InformationFlow/MiniExamples/mini.AliasingExamples(mini.AliasingExamples__insecure_1(mini.AliasingExamples,mini.AliasingExamples,int)).JML operation contract.0.key 
8526       INFO  main            d.u.i.k.p.r.p.TestFile    ... finished proof: closed. 
8682       INFO  main            d.u.i.k.p.r.p.TestFile    Now processing file /home/runner/work/key/key/key.core/../key.ui/examples/index/../InformationFlow/MiniExamples/mini.AliasingExamples(mini.AliasingExamples__secure_1(mini.AliasingExamples,mini.AliasingExamples,int)).JML operation contract.0.key 
11897      INFO  main            d.u.i.k.p.r.p.TestFile    ... finished proof: closed. 
12010      INFO  main            d.u.i.k.p.r.p.TestFile    Now processing file /home/runner/work/key/key/key.core/../key.ui/examples/index/../InformationFlow/MiniExamples/mini.MiniExamplesLecture(mini.MiniExamplesLecture__m_6()).JML normal_behavior operation contract.0.key 
14883      INFO  main            d.u.i.k.p.r.p.TestFile    ... finished proof: closed. 
14997      INFO  main            d.u.i.k.p.r.p.TestFile    Now processing file /home/runner/work/key/key/key.core/../key.ui/examples/index/../InformationFlow/MiniExamples/mini.MiniExamplesLecture(mini.MiniExamplesLecture__m_5()).JML normal_behavior operation contract.0.key 
17923      INFO  main            d.u.i.k.p.r.p.TestFile    ... finished proof: closed. 
18070      INFO  main            d.u.i.k.p.r.p.TestFile    Now processing file /home/runner/work/key/key/key.core/../key.ui/examples/index/../InformationFlow/MiniExamples/mini.MiniExamplesLecture(mini.MiniExamplesLecture__m_4()).JML normal_behavior operation contract.0.key 
20865      INFO  main            d.u.i.k.p.r.p.TestFile    ... finished proof: closed. 
20997      INFO  main            d.u.i.k.p.r.p.TestFile    Now processing file /home/runner/work/key/key/key.core/../key.ui/examples/index/../InformationFlow/MiniExamples/mini.MiniExamplesLecture(mini.MiniExamplesLecture__m_3()).JML normal_behavior operation contract.0.key 
23752      INFO  main            d.u.i.k.p.r.p.TestFile    ... finished proof: closed. 
23877      INFO  main            d.u.i.k.p.r.p.TestFile    Now processing file /home/runner/work/key/key/key.core/../key.ui/examples/index/../InformationFlow/MiniExamples/mini.MiniExamplesLecture(mini.MiniExamplesLecture__m_2()).JML normal_behavior operation contract.0.key 
26636      INFO  main            d.u.i.k.p.r.p.TestFile    ... finished proof: closed. 
26800      INFO  main            d.u.i.k.p.r.p.TestFile    Now processing file /home/runner/work/key/key/key.core/../key.ui/examples/index/../InformationFlow/MiniExamples/mini.MiniExamplesLecture(mini.MiniExamplesLecture__m_1()).JML normal_behavior operation contract.0.key 
29518      INFO  main            d.u.i.k.p.r.p.TestFile    ... finished proof: closed. 
29695      INFO  main            d.u.i.k.p.r.p.TestFile    Now processing file /home/runner/work/key/key/key.core/../key.ui/examples/index/../InformationFlow/MiniExamples/mini.DifferenceSeqLocset(mini.DifferenceSeqLocset__m()).JML normal_behavior operation contract.1.key 
32533      INFO  main            d.u.i.k.p.r.p.TestFile    ... finished proof: closed. 
32678      INFO  main            d.u.i.k.p.r.p.TestFile    Now processing file /home/runner/work/key/key/key.core/../key.ui/examples/index/../InformationFlow/MiniExamples/mini.DifferenceSeqLocset(mini.DifferenceSeqLocset__m()).JML normal_behavior operation contract.0.key 
35522      INFO  main            d.u.i.k.p.r.p.TestFile    ... finished proof: closed. 
35659      INFO  main            d.u.i.k.p.r.p.TestFile    Now processing file /home/runner/work/key/key/key.core/../key.ui/examples/index/../InformationFlow/MiniExamples/mini.MiniExamples(mini.MiniExamples__secure_p2_8()).JML normal_behavior operation contract.0.key 
38387      INFO  main            d.u.i.k.p.r.p.TestFile    ... finished proof: closed. 
38544      INFO  main            d.u.i.k.p.r.p.TestFile    Now processing file /home/runner/work/key/key/key.core/../key.ui/examples/index/../InformationFlow/MiniExamples/mini.MiniExamples(mini.MiniExamples__secure_parameter(int)).JML operation contract.0.key 
41368      INFO  main            d.u.i.k.p.r.p.TestFile    ... finished proof: closed. 
41517      INFO  main            d.u.i.k.p.r.p.TestFile    Now processing file /home/runner/work/key/key/key.core/../key.ui/examples/index/../InformationFlow/MiniExamples/mini.MiniExamples(mini.MiniExamples__secure_p2_7()).JML normal_behavior operation contract.0.key 
44237      INFO  main            d.u.i.k.p.r.p.TestFile    ... finished proof: closed. 
44405      INFO  main            d.u.i.k.p.r.p.TestFile    Now processing file /home/runner/work/key/key/key.core/../key.ui/examples/index/../InformationFlow/MiniExamples/mini.MiniExamples(mini.MiniExamples__insecure_p2_2()).JML normal_behavior operation contract.0.key 
47088      INFO  main            d.u.i.k.p.r.p.TestFile    ... finished proof: closed. 
47255      INFO  main            d.u.i.k.p.r.p.TestFile    Now processing file /home/runner/work/key/key/key.core/../key.ui/examples/index/../InformationFlow/MiniExamples/mini.MiniExamples(mini.MiniExamples__secure_p2_6()).JML normal_behavior operation contract.0.key 
49929      INFO  main            d.u.i.k.p.r.p.TestFile    ... finished proof: closed. 
50086      INFO  main            d.u.i.k.p.r.p.TestFile    Now processing file /home/runner/work/key/key/key.core/../key.ui/examples/index/../InformationFlow/MiniExamples/mini.MiniExamples(mini.MiniExamples__secure_p2_5()).JML normal_behavior operation contract.0.key 
52791      INFO  main            d.u.i.k.p.r.p.TestFile    ... finished proof: closed. 
52949      INFO  main            d.u.i.k.p.r.p.TestFile    Now processing file /home/runner/work/key/key/key.core/../key.ui/examples/index/../InformationFlow/MiniExamples/mini.MiniExamples(mini.MiniExamples__secure_p2_4()).JML normal_behavior operation contract.0.key 
55655      INFO  main            d.u.i.k.p.r.p.TestFile    ... finished proof: closed. 
55832      INFO  main            d.u.i.k.p.r.p.TestFile    Now processing file /home/runner/work/key/key/key.core/../key.ui/examples/index/../InformationFlow/MiniExamples/mini.MiniExamples(mini.MiniExamples__secure_p2_3()).JML normal_behavior operation contract.0.key 
58477      INFO  main            d.u.i.k.p.r.p.TestFile    ... finished proof: closed. 
58643      INFO  main            d.u.i.k.p.r.p.TestFile    Now processing file /home/runner/work/key/key/key.core/../key.ui/examples/index/../InformationFlow/MiniExamples/mini.MiniExamples(mini.MiniExamples__secure_p2_2()).JML normal_behavior operation contract.0.key 
61286      INFO  main            d.u.i.k.p.r.p.TestFile    ... finished proof: closed. 
61453      INFO  main            d.u.i.k.p.r.p.TestFile    Now processing file /home/runner/work/key/key/key.core/../key.ui/examples/index/../InformationFlow/MiniExamples/mini.MiniExamples(mini.MiniExamples__secure_p2_1()).JML normal_behavior operation contract.0.key 
64097      INFO  main            d.u.i.k.p.r.p.TestFile    ... finished proof: closed. 
64264      INFO  main            d.u.i.k.p.r.p.TestFile    Now processing file /home/runner/work/key/key/key.core/../key.ui/examples/index/../InformationFlow/MiniExamples/mini.MiniExamples(mini.MiniExamples__insecure_p2_1()).JML normal_behavior operation contract.0.key 
66913      INFO  main            d.u.i.k.p.r.p.TestFile    ... finished proof: closed. 
67083      INFO  main            d.u.i.k.p.r.p.TestFile    Now processing file /home/runner/work/key/key/key.core/../key.ui/examples/index/../InformationFlow/MiniExamples/mini.MiniExamples(mini.MiniExamples__secure_p1_6()).JML normal_behavior operation contract.0.key 
69703      INFO  main            d.u.i.k.p.r.p.TestFile    ... finished proof: closed. 
69875      INFO  main            d.u.i.k.p.r.p.TestFile    Now processing file /home/runner/work/key/key/key.core/../key.ui/examples/index/../InformationFlow/MiniExamples/mini.MiniExamples(mini.MiniExamples__secure_p1_5()).JML normal_behavior operation contract.0.key 
72501      INFO  main            d.u.i.k.p.r.p.TestFile    ... finished proof: closed. 
72676      INFO  main            d.u.i.k.p.r.p.TestFile    Now processing file /home/runner/work/key/key/key.core/../key.ui/examples/index/../InformationFlow/MiniExamples/mini.MiniExamples(mini.MiniExamples__secure_p1_4()).JML normal_behavior operation contract.0.key 
75369      INFO  main            d.u.i.k.p.r.p.TestFile    ... finished proof: closed. 
75571      INFO  main            d.u.i.k.p.r.p.TestFile    Now processing file /home/runner/work/key/key/key.core/../key.ui/examples/index/../InformationFlow/MiniExamples/mini.MiniExamples(mini.MiniExamples__secure_p1_3()).JML normal_behavior operation contract.0.key 
78216      INFO  main            d.u.i.k.p.r.p.TestFile    ... finished proof: closed. 
78402      INFO  main            d.u.i.k.p.r.p.TestFile    Now processing file /home/runner/work/key/key/key.core/../key.ui/examples/index/../InformationFlow/MiniExamples/mini.MiniExamples(mini.MiniExamples__secure_p1_2()).JML normal_behavior operation contract.0.key 
81057      INFO  main            d.u.i.k.p.r.p.TestFile    ... finished proof: closed. 
81283      INFO  main            d.u.i.k.p.r.p.TestFile    Now processing file /home/runner/work/key/key/key.core/../key.ui/examples/index/../InformationFlow/MiniExamples/mini.MiniExamples(mini.MiniExamples__secure_p1_1()).JML normal_behavior operation contract.1.key 
83906      INFO  main            d.u.i.k.p.r.p.TestFile    ... finished proof: closed. 
84102      INFO  main            d.u.i.k.p.r.p.TestFile    Now processing file /home/runner/work/key/key/key.core/../key.ui/examples/index/../InformationFlow/MiniExamples/mini.MiniExamples(mini.MiniExamples__secure_p1_1()).JML normal_behavior operation contract.0.key 
86781      INFO  main            d.u.i.k.p.r.p.TestFile    ... finished proof: closed. 
86983      INFO  main            d.u.i.k.p.r.p.TestFile    Now processing file /home/runner/work/key/key/key.core/../key.ui/examples/index/../InformationFlow/MiniExamples/mini.MiniExamples(mini.MiniExamples__insecure_p1_2()).JML normal_behavior operation contract.0.key 
89604      INFO  main            d.u.i.k.p.r.p.TestFile    ... finished proof: closed. 
89805      INFO  main            d.u.i.k.p.r.p.TestFile    Now processing file /home/runner/work/key/key/key.core/../key.ui/examples/index/../InformationFlow/MiniExamples/mini.MiniExamples(mini.MiniExamples__insecure_p1_1()).JML normal_behavior operation contract.0.key 
92426      INFO  main            d.u.i.k.p.r.p.TestFile    ... finished proof: closed. 
456164     INFO  Test worker     d.u.i.k.p.r.RunAllProofsTestUnit Returning from test MiniExamples 
456165     INFO  Test worker     d.u.i.k.p.r.RunAllProofsTestUnit Running test NewObjects 
392        INFO  Timeout watchdog d.u.i.k.p.r.p.ForkedTestFileRunner Timeout watcher launched (1000 secs.) 
410        WARN  main            d.u.i.k.s.ProofSettings   The settings in /home/runner/.key/proof-settings.props are *not* read. 
417        INFO  main            d.u.i.k.p.r.p.TestFile    Now processing file /home/runner/work/key/key/key.core/../key.ui/examples/index/../InformationFlow/NewObjects/object.AmtoftBanerjee3(object.AmtoftBanerjee3__m()).JML operation contract.0.key 
9857       INFO  main            d.u.i.k.p.r.p.TestFile    ... finished proof: closed. 
9965       INFO  main            d.u.i.k.p.r.p.TestFile    Now processing file /home/runner/work/key/key/key.core/../key.ui/examples/index/../InformationFlow/NewObjects/object.AmtoftBanerjee(object.AmtoftBanerjee__m_2()).JML normal_behavior operation contract.0.key 
13838      INFO  main            d.u.i.k.p.r.p.TestFile    ... finished proof: closed. 
13972      INFO  main            d.u.i.k.p.r.p.TestFile    Now processing file /home/runner/work/key/key/key.core/../key.ui/examples/index/../InformationFlow/NewObjects/object.AmtoftBanerjee(object.AmtoftBanerjee__m_1()).JML normal_behavior operation contract.1.key 
17384      INFO  main            d.u.i.k.p.r.p.TestFile    ... finished proof: closed. 
17515      INFO  main            d.u.i.k.p.r.p.TestFile    Now processing file /home/runner/work/key/key/key.core/../key.ui/examples/index/../InformationFlow/NewObjects/object.AmtoftBanerjee(object.AmtoftBanerjee__m_1()).JML normal_behavior operation contract.0.key 
20728      INFO  main            d.u.i.k.p.r.p.TestFile    ... finished proof: closed. 
20849      INFO  main            d.u.i.k.p.r.p.TestFile    Now processing file /home/runner/work/key/key/key.core/../key.ui/examples/index/../InformationFlow/NewObjects/object.AmtoftBanerjee(object.AmtoftBanerjee__getQ()).JML normal_behavior operation contract.0.key 
23931      INFO  main            d.u.i.k.p.r.p.TestFile    ... finished proof: closed. 
24067      INFO  main            d.u.i.k.p.r.p.TestFile    Now processing file /home/runner/work/key/key/key.core/../key.ui/examples/index/../InformationFlow/NewObjects/object.Naumann(object.Naumann__Pair_m(int,int)).JML operation contract.0.key 
28517      INFO  main            d.u.i.k.p.r.p.TestFile    ... finished proof: closed. 
28725      INFO  main            d.u.i.k.p.r.p.TestFile    Now processing file /home/runner/work/key/key/key.core/../key.ui/examples/index/../InformationFlow/NewObjects/object.ObjectOrientation(object.ObjectOrientation__secure_while_i((Ljava.lang.Object)).JML operation contract.0.key 
32242      INFO  main            d.u.i.k.p.r.p.TestFile    ... finished proof: closed. 
32445      INFO  main            d.u.i.k.p.r.p.TestFile    Now processing file /home/runner/work/key/key/key.core/../key.ui/examples/index/../InformationFlow/NewObjects/object.ObjectOrientation(object.ObjectOrientation__secure_method_call()).JML operation contract.0.key 
35443      INFO  main            d.u.i.k.p.r.p.TestFile    ... finished proof: closed. 
35584      INFO  main            d.u.i.k.p.r.p.TestFile    Now processing file /home/runner/work/key/key/key.core/../key.ui/examples/index/../InformationFlow/NewObjects/object.ObjectOrientation(object.ObjectOrientation__if_two_object_creation_next()).JML operation contract.1.key 
39404      INFO  main            d.u.i.k.p.r.p.TestFile    ... finished proof: closed. 
39586      INFO  main            d.u.i.k.p.r.p.TestFile    Now processing file /home/runner/work/key/key/key.core/../key.ui/examples/index/../InformationFlow/NewObjects/object.ObjectOrientation(object.ObjectOrientation__if_two_object_creation_next()).JML operation contract.0.key 
43288      INFO  main            d.u.i.k.p.r.p.TestFile    ... finished proof: closed. 
43460      INFO  main            d.u.i.k.p.r.p.TestFile    Now processing file /home/runner/work/key/key/key.core/../key.ui/examples/index/../InformationFlow/NewObjects/object.ObjectOrientation(object.ObjectOrientation__secure_if_two_object_creation()).JML operation contract.0.key 
47056      INFO  main            d.u.i.k.p.r.p.TestFile    ... finished proof: closed. 
47231      INFO  main            d.u.i.k.p.r.p.TestFile    Now processing file /home/runner/work/key/key/key.core/../key.ui/examples/index/../InformationFlow/NewObjects/object.ObjectOrientation(object.ObjectOrientation__insecure_two_object_creation()).JML operation contract.0.key 
50611      INFO  main            d.u.i.k.p.r.p.TestFile    ... finished proof: closed. 
50802      INFO  main            d.u.i.k.p.r.p.TestFile    Now processing file /home/runner/work/key/key/key.core/../key.ui/examples/index/../InformationFlow/NewObjects/object.ObjectOrientation(object.ObjectOrientation__secure_two_object_creation()).JML normal_behavior operation contract.0.key 
54100      INFO  main            d.u.i.k.p.r.p.TestFile    ... finished proof: closed. 
54270      INFO  main            d.u.i.k.p.r.p.TestFile    Now processing file /home/runner/work/key/key/key.core/../key.ui/examples/index/../InformationFlow/NewObjects/object.ObjectOrientation(object.ObjectOrientation__insecure_object_assignment()).JML operation contract.1.key 
57185      INFO  main            d.u.i.k.p.r.p.TestFile    ... finished proof: closed. 
57344      INFO  main            d.u.i.k.p.r.p.TestFile    Now processing file /home/runner/work/key/key/key.core/../key.ui/examples/index/../InformationFlow/NewObjects/object.ObjectOrientation(object.ObjectOrientation__insecure_object_assignment()).JML operation contract.0.key 
60315      INFO  main            d.u.i.k.p.r.p.TestFile    ... finished proof: closed. 
60489      INFO  main            d.u.i.k.p.r.p.TestFile    Now processing file /home/runner/work/key/key/key.core/../key.ui/examples/index/../InformationFlow/NewObjects/object.ObjectOrientation(object.ObjectOrientation__secure_object_creation_3()).JML operation contract.0.key 
63540      INFO  main            d.u.i.k.p.r.p.TestFile    ... finished proof: closed. 
63713      INFO  main            d.u.i.k.p.r.p.TestFile    Now processing file /home/runner/work/key/key/key.core/../key.ui/examples/index/../InformationFlow/NewObjects/object.ObjectOrientation(object.ObjectOrientation__secure_object_creation_2()).JML operation contract.0.key 
66738      INFO  main            d.u.i.k.p.r.p.TestFile    ... finished proof: closed. 
66906      INFO  main            d.u.i.k.p.r.p.TestFile    Now processing file /home/runner/work/key/key/key.core/../key.ui/examples/index/../InformationFlow/NewObjects/object.ObjectOrientation(object.ObjectOrientation__secure_object_creation()).JML operation contract.0.key 
69917      INFO  main            d.u.i.k.p.r.p.TestFile    ... finished proof: closed. 
70095      INFO  main            d.u.i.k.p.r.p.TestFile    Now processing file /home/runner/work/key/key/key.core/../key.ui/examples/index/../InformationFlow/NewObjects/object.AmtoftBanerjee2(object.AmtoftBanerjee2__expensive(int)).JML accessible clause.0.key 
73049      INFO  main            d.u.i.k.p.r.p.TestFile    ... finished proof: closed. 
73222      INFO  main            d.u.i.k.p.r.p.TestFile    Now processing file /home/runner/work/key/key/key.core/../key.ui/examples/index/../InformationFlow/NewObjects/object.AmtoftBanerjee2(object.AmtoftBanerjee2__expensive(int)).JML normal_behavior operation contract.0.key 
76139      INFO  main            d.u.i.k.p.r.p.TestFile    ... finished proof: closed. 
76314      INFO  main            d.u.i.k.p.r.p.TestFile    Now processing file /home/runner/work/key/key/key.core/../key.ui/examples/index/../InformationFlow/NewObjects/object.AmtoftBanerjee2(object.AmtoftBanerjee2__cexp(int)).JML normal_behavior operation contract.0.key 
79471      INFO  main            d.u.i.k.p.r.p.TestFile    ... finished proof: closed. 
536004     INFO  Test worker     d.u.i.k.p.r.RunAllProofsTestUnit Returning from test NewObjects 
536005     INFO  Test worker     d.u.i.k.p.r.RunAllProofsTestUnit Running test passwordfile.SecurePasswordFile(passwordfile.SecurePasswordFile___userIndex()).JML accessible clause.0.key 
387        INFO  Timeout watchdog d.u.i.k.p.r.p.ForkedTestFileRunner Timeout watcher launched (1000 secs.) 
405        WARN  main            d.u.i.k.s.ProofSettings   The settings in /home/runner/.key/proof-settings.props are *not* read. 
409        INFO  main            d.u.i.k.p.r.p.TestFile    Now processing file /home/runner/work/key/key/key.core/../key.ui/examples/index/../InformationFlow/PasswordFile/passwordfile.SecurePasswordFile(passwordfile.SecurePasswordFile___userIndex()).JML accessible clause.0.key 
8913       INFO  main            d.u.i.k.p.r.p.TestFile    ... finished proof: open goal(s) 
545193     INFO  Test worker     d.u.i.k.p.r.RunAllProofsTestUnit Returning from test passwordfile.SecurePasswordFile(passwordfile.SecurePasswordFile___userIndex()).JML accessible clause.0.key 
545194     INFO  Test worker     d.u.i.k.p.r.RunAllProofsTestUnit Running test SimpleEvoting 
335        INFO  Timeout watchdog d.u.i.k.p.r.p.ForkedTestFileRunner Timeout watcher launched (1000 secs.) 
340        WARN  main            d.u.i.k.s.ProofSettings   The settings in /home/runner/.key/proof-settings.props are *not* read. 
343        INFO  main            d.u.i.k.p.r.p.TestFile    Now processing file /home/runner/work/key/key/key.core/../key.ui/examples/index/../InformationFlow/SimpleEvoting/simple_evoting.Environment(simple_evoting.Environment__untrustedOutputMessage((B)).JML normal_behavior operation contract.0.key 
11005      INFO  main            d.u.i.k.p.r.p.TestFile    ... finished proof: closed. 
11143      INFO  main            d.u.i.k.p.r.p.TestFile    Now processing file /home/runner/work/key/key/key.core/../key.ui/examples/index/../InformationFlow/SimpleEvoting/simple_evoting.Environment(simple_evoting.Environment__untrustedInputMessage((B)).JML normal_behavior operation contract.0.key 
15264      INFO  main            d.u.i.k.p.r.p.TestFile    ... finished proof: closed. 
15419      INFO  main            d.u.i.k.p.r.p.TestFile    Now processing file /home/runner/work/key/key/key.core/../key.ui/examples/index/../InformationFlow/SimpleEvoting/simple_evoting.Environment(simple_evoting.Environment__untrustedInputMessage()).JML normal_behavior operation contract.0.key 
20063      INFO  main            d.u.i.k.p.r.p.TestFile    ... finished proof: closed. 
20221      INFO  main            d.u.i.k.p.r.p.TestFile    Now processing file /home/runner/work/key/key/key.core/../key.ui/examples/index/../InformationFlow/SimpleEvoting/simple_evoting.Environment(simple_evoting.Environment__untrustedOutput(int)).JML normal_behavior operation contract.0.key 
23586      INFO  main            d.u.i.k.p.r.p.TestFile    ... finished proof: closed. 
23766      INFO  main            d.u.i.k.p.r.p.TestFile    Now processing file /home/runner/work/key/key/key.core/../key.ui/examples/index/../InformationFlow/SimpleEvoting/simple_evoting.Environment(simple_evoting.Environment__untrustedInput(int)).JML normal_behavior operation contract.0.key 
27034      INFO  main            d.u.i.k.p.r.p.TestFile    ... finished proof: open goal(s) 
27164      INFO  main            d.u.i.k.p.r.p.TestFile    Now processing file /home/runner/work/key/key/key.core/../key.ui/examples/index/../InformationFlow/SimpleEvoting/simple_evoting.Environment(simple_evoting.Environment__untrustedInput()).JML normal_behavior operation contract.0.key 
30402      INFO  main            d.u.i.k.p.r.p.TestFile    ... finished proof: open goal(s) 
30544      INFO  main            d.u.i.k.p.r.p.TestFile    Now processing file /home/runner/work/key/key/key.core/../key.ui/examples/index/../InformationFlow/SimpleEvoting/simple_evoting.Environment(simple_evoting.Environment___rep()).JML accessible clause.0.key 
33784      INFO  main            d.u.i.k.p.r.p.TestFile    ... finished proof: closed. 
33928      INFO  main            d.u.i.k.p.r.p.TestFile    Now processing file /home/runner/work/key/key/key.core/../key.ui/examples/index/../InformationFlow/SimpleEvoting/simple_evoting.SMT(simple_evoting.SMT__send(simple_evoting.Message,int,simple_evoting.Server)).JML normal_behavior operation contract.1.key 
45946      INFO  main            d.u.i.k.p.r.p.TestFile    ... finished proof: closed. 
46151      INFO  main            d.u.i.k.p.r.p.TestFile    Now processing file /home/runner/work/key/key/key.core/../key.ui/examples/index/../InformationFlow/SimpleEvoting/simple_evoting.SMT(simple_evoting.SMT__send(simple_evoting.Message,int,simple_evoting.Server)).JML normal_behavior operation contract.0.key 
57215      INFO  main            d.u.i.k.p.r.p.TestFile    ... finished proof: closed. 
57417      INFO  main            d.u.i.k.p.r.p.TestFile    Now processing file /home/runner/work/key/key/key.core/../key.ui/examples/index/../InformationFlow/SimpleEvoting/simple_evoting.Message(java.lang.Object___inv_()).JML accessible clause.0.key 
60661      INFO  main            d.u.i.k.p.r.p.TestFile    ... finished proof: closed. 
60823      INFO  main            d.u.i.k.p.r.p.TestFile    Now processing file /home/runner/work/key/key/key.core/../key.ui/examples/index/../InformationFlow/SimpleEvoting/simple_evoting.Server(simple_evoting.Server__resultReady()).JML accessible clause.0.key 
65321      INFO  main            d.u.i.k.p.r.p.TestFile    ... finished proof: closed. 
65513      INFO  main            d.u.i.k.p.r.p.TestFile    Now processing file /home/runner/work/key/key/key.core/../key.ui/examples/index/../InformationFlow/SimpleEvoting/simple_evoting.Server(simple_evoting.Server__resultReady()).JML normal_behavior operation contract.0.key 
69283      INFO  main            d.u.i.k.p.r.p.TestFile    ... finished proof: closed. 
69460      INFO  main            d.u.i.k.p.r.p.TestFile    Now processing file /home/runner/work/key/key/key.core/../key.ui/examples/index/../InformationFlow/SimpleEvoting/simple_evoting.Server(simple_evoting.Server__onSendResult()).JML normal_behavior operation contract.0.key 
72719      INFO  main            d.u.i.k.p.r.p.TestFile    ... finished proof: closed. 
72908      INFO  main            d.u.i.k.p.r.p.TestFile    Now processing file /home/runner/work/key/key/key.core/../key.ui/examples/index/../InformationFlow/SimpleEvoting/simple_evoting.Server(simple_evoting.Server__onCollectBallot(simple_evoting.Message)).JML normal_behavior operation contract.1.key 
76174      INFO  main            d.u.i.k.p.r.p.TestFile    ... finished proof: closed. 
76362      INFO  main            d.u.i.k.p.r.p.TestFile    Now processing file /home/runner/work/key/key/key.core/../key.ui/examples/index/../InformationFlow/SimpleEvoting/simple_evoting.Server(simple_evoting.Server__onCollectBallot(simple_evoting.Message)).JML normal_behavior operation contract.0.key 
80058      INFO  main            d.u.i.k.p.r.p.TestFile    ... finished proof: closed. 
80250      INFO  main            d.u.i.k.p.r.p.TestFile    Now processing file /home/runner/work/key/key/key.core/../key.ui/examples/index/../InformationFlow/SimpleEvoting/simple_evoting.Server(java.lang.Object___inv_()).JML accessible clause.0.key 
83471      INFO  main            d.u.i.k.p.r.p.TestFile    ... finished proof: closed. 
83687      INFO  main            d.u.i.k.p.r.p.TestFile    Now processing file /home/runner/work/key/key/key.core/../key.ui/examples/index/../InformationFlow/SimpleEvoting/simple_evoting.SMTEnv(simple_evoting.SMTEnv__send(int,int,int,simple_evoting.Server,int)).JML normal_behavior operation contract.0.key 
87019      INFO  main            d.u.i.k.p.r.p.TestFile    ... finished proof: closed. 
87217      INFO  main            d.u.i.k.p.r.p.TestFile    Now processing file /home/runner/work/key/key/key.core/../key.ui/examples/index/../InformationFlow/SimpleEvoting/simple_evoting.NetworkClient(simple_evoting.NetworkClient__send((B,simple_evoting.Server,int)).JML normal_behavior operation contract.0.key 
90369      INFO  main            d.u.i.k.p.r.p.TestFile    ... finished proof: closed. 
90562      INFO  main            d.u.i.k.p.r.p.TestFile    Now processing file /home/runner/work/key/key/key.core/../key.ui/examples/index/../InformationFlow/SimpleEvoting/simple_evoting.Setup(simple_evoting.Setup__publishResult()).JML normal_behavior operation contract.0.key 
94187      INFO  main            d.u.i.k.p.r.p.TestFile    ... finished proof: closed. 
94405      INFO  main            d.u.i.k.p.r.p.TestFile    Now processing file /home/runner/work/key/key/key.core/../key.ui/examples/index/../InformationFlow/SimpleEvoting/simple_evoting.Setup(simple_evoting.Setup__main()).JML normal_behavior operation contract.0.key 
131047     INFO  main            d.u.i.k.p.r.p.TestFile    ... finished proof: open goal(s) 
131322     INFO  main            d.u.i.k.p.r.p.TestFile    Now processing file /home/runner/work/key/key/key.core/../key.ui/examples/index/../InformationFlow/SimpleEvoting/simple_evoting.Setup(java.lang.Object___inv_()).JML accessible clause.0.key 
137945     INFO  main            d.u.i.k.p.r.p.TestFile    ... finished proof: closed. 
138170     INFO  main            d.u.i.k.p.r.p.TestFile    Now processing file /home/runner/work/key/key/key.core/../key.ui/examples/index/../InformationFlow/SimpleEvoting/simple_evoting.Voter(simple_evoting.Voter__onSendBallot(simple_evoting.Server)).JML normal_behavior operation contract.1.key 
145323     INFO  main            d.u.i.k.p.r.p.TestFile    ... finished proof: closed. 
145584     INFO  main            d.u.i.k.p.r.p.TestFile    Now processing file /home/runner/work/key/key/key.core/../key.ui/examples/index/../InformationFlow/SimpleEvoting/simple_evoting.Voter(simple_evoting.Voter__onSendBallot(simple_evoting.Server)).JML normal_behavior operation contract.0.key 
155561     INFO  main            d.u.i.k.p.r.p.TestFile    ... finished proof: closed. 
155831     INFO  main            d.u.i.k.p.r.p.TestFile    Now processing file /home/runner/work/key/key/key.core/../key.ui/examples/index/../InformationFlow/SimpleEvoting/simple_evoting.Voter(java.lang.Object___inv_()).JML accessible clause.0.key 
158997     INFO  main            d.u.i.k.p.r.p.TestFile    ... finished proof: closed. 
704557     INFO  Test worker     d.u.i.k.p.r.RunAllProofsTestUnit Returning from test SimpleEvoting 
704558     INFO  Test worker     d.u.i.k.p.r.RunAllProofsTestUnit Running test ToyVoting_nomacro 
396        INFO  Timeout watchdog d.u.i.k.p.r.p.ForkedTestFileRunner Timeout watcher launched (1000 secs.) 
427        WARN  main            d.u.i.k.s.ProofSettings   The settings in /home/runner/.key/proof-settings.props are *not* read. 
435        INFO  main            d.u.i.k.p.r.p.TestFile    Now processing file /home/runner/work/key/key/key.core/../key.ui/examples/index/../InformationFlow/ToyVoting/Voter(Voter__insecure_voting()).Non-interference contract.0.key 
21450      INFO  main            d.u.i.k.p.r.p.TestFile    ... finished proof: open goal(s) 
21649      INFO  main            d.u.i.k.p.r.p.TestFile    Now processing file /home/runner/work/key/key/key.core/../key.ui/examples/index/../InformationFlow/ToyVoting/Voter(Voter__publishVoterParticipation()).Non-interference contract.0.key 
24761      INFO  main            d.u.i.k.p.r.p.TestFile    ... finished proof: closed. 
24877      INFO  main            d.u.i.k.p.r.p.TestFile    Now processing file /home/runner/work/key/key/key.core/../key.ui/examples/index/../InformationFlow/ToyVoting/Voter(Voter__isValid(int)).Non-interference contract.0.key 
28078      INFO  main            d.u.i.k.p.r.p.TestFile    ... finished proof: closed. 
28202      INFO  main            d.u.i.k.p.r.p.TestFile    Now processing file /home/runner/work/key/key/key.core/../key.ui/examples/index/../InformationFlow/ToyVoting/Voter(Voter__sendVote(int)).Non-interference contract.0.key 
31185      INFO  main            d.u.i.k.p.r.p.TestFile    ... finished proof: closed. 
31325      INFO  main            d.u.i.k.p.r.p.TestFile    Now processing file /home/runner/work/key/key/key.core/../key.ui/examples/index/../InformationFlow/ToyVoting/Voter(Voter__inputVote()).Non-interference contract.0.key 
34173      INFO  main            d.u.i.k.p.r.p.TestFile    ... finished proof: closed. 
739032     INFO  Test worker     d.u.i.k.p.r.RunAllProofsTestUnit Returning from test ToyVoting_nomacro 
739033     INFO  Test worker     d.u.i.k.p.r.RunAllProofsTestUnit Running test ConditionalConfidential_nomacro 
739034     INFO  Test worker     d.u.i.k.p.r.RunAllProofsTestUnit Returning from test ConditionalConfidential_nomacro 
739035     INFO  Test worker     d.u.i.k.p.r.RunAllProofsTestUnit Running test SumExample_nomacro 
425        INFO  Timeout watchdog d.u.i.k.p.r.p.ForkedTestFileRunner Timeout watcher launched (1000 secs.) 
446        WARN  main            d.u.i.k.s.ProofSettings   The settings in /home/runner/.key/proof-settings.props are *not* read. 
452        INFO  main            d.u.i.k.p.r.p.TestFile    Now processing file /home/runner/work/key/key/key.core/../key.ui/examples/index/../InformationFlow/Sum/SumExample(SumExample__getSum()).Non-interference contract.0.key 
12242      INFO  main            d.u.i.k.p.r.p.TestFile    ... finished proof: closed. 
751645     INFO  Test worker     d.u.i.k.p.r.RunAllProofsTestUnit Returning from test SumExample_nomacro 
751646     INFO  Test worker     d.u.i.k.p.r.RunAllProofsTestUnit Running test ToyBanking_nomacro 
372        INFO  Timeout watchdog d.u.i.k.p.r.p.ForkedTestFileRunner Timeout watcher launched (1000 secs.) 
401        WARN  main            d.u.i.k.s.ProofSettings   The settings in /home/runner/.key/proof-settings.props are *not* read. 
404        INFO  main            d.u.i.k.p.r.p.TestFile    Now processing file /home/runner/work/key/key/key.core/../key.ui/examples/index/../InformationFlow/ToyBanking/banking_example.UserAccount(banking_example.UserAccount__getBankAccount(int)).Non-interference contract.0.key 
12998      INFO  main            d.u.i.k.p.r.p.TestFile    ... finished proof: closed. 
13199      INFO  main            d.u.i.k.p.r.p.TestFile    Now processing file /home/runner/work/key/key/key.core/../key.ui/examples/index/../InformationFlow/ToyBanking/banking_example.BankAccount(banking_example.BankAccount__depositMoney(int)).Non-interference contract.0.key 
17731      INFO  main            d.u.i.k.p.r.p.TestFile    ... finished proof: closed. 
17870      INFO  main            d.u.i.k.p.r.p.TestFile    Now processing file /home/runner/work/key/key/key.core/../key.ui/examples/index/../InformationFlow/ToyBanking/banking_example.BankAccount(banking_example.BankAccount__getBalance()).Non-interference contract.0.key 
21411      INFO  main            d.u.i.k.p.r.p.TestFile    ... finished proof: closed. 
21572      INFO  main            d.u.i.k.p.r.p.TestFile    Now processing file /home/runner/work/key/key/key.core/../key.ui/examples/index/../InformationFlow/ToyBanking/banking_example.BankAccount(banking_example.BankAccount__getId()).Non-interference contract.0.key 
25036      INFO  main            d.u.i.k.p.r.p.TestFile    ... finished proof: closed. 
25180      INFO  main            d.u.i.k.p.r.p.TestFile    Now processing file /home/runner/work/key/key/key.core/../key.ui/examples/index/../InformationFlow/ToyBanking/banking_example.Bank(banking_example.Bank__login(int,(C)).Non-interference contract.0.key 
65773      INFO  main            d.u.i.k.p.r.p.TestFile    ... finished proof: open goal(s) 
66046      INFO  main            d.u.i.k.p.r.p.TestFile    Now processing file /home/runner/work/key/key/key.core/../key.ui/examples/index/../InformationFlow/ToyBanking/banking_example2.UserAccount(banking_example2.UserAccount__getBankAccount(int)).Non-interference contract.0.key 
70732      INFO  main            d.u.i.k.p.r.p.TestFile    ... finished proof: closed. 
70907      INFO  main            d.u.i.k.p.r.p.TestFile    Now processing file /home/runner/work/key/key/key.core/../key.ui/examples/index/../InformationFlow/ToyBanking/banking_example2.BankAccount(banking_example2.BankAccount__depositMoney(int)).Non-interference contract.0.key 
74616      INFO  main            d.u.i.k.p.r.p.TestFile    ... finished proof: closed. 
74769      INFO  main            d.u.i.k.p.r.p.TestFile    Now processing file /home/runner/work/key/key/key.core/../key.ui/examples/index/../InformationFlow/ToyBanking/banking_example2.BankAccount(banking_example2.BankAccount__getBalance()).Non-interference contract.0.key 
78007      INFO  main            d.u.i.k.p.r.p.TestFile    ... finished proof: closed. 
78158      INFO  main            d.u.i.k.p.r.p.TestFile    Now processing file /home/runner/work/key/key/key.core/../key.ui/examples/index/../InformationFlow/ToyBanking/banking_example2.BankAccount(banking_example2.BankAccount__getId()).Non-interference contract.0.key 
81376      INFO  main            d.u.i.k.p.r.p.TestFile    ... finished proof: closed. 
833357     INFO  Test worker     d.u.i.k.p.r.RunAllProofsTestUnit Returning from test ToyBanking_nomacro 
833358     INFO  Test worker     d.u.i.k.p.r.RunAllProofsTestUnit Running test BlockContracts_nomacro 
331        INFO  Timeout watchdog d.u.i.k.p.r.p.ForkedTestFileRunner Timeout watcher launched (1000 secs.) 
345        WARN  main            d.u.i.k.s.ProofSettings   The settings in /home/runner/.key/proof-settings.props are *not* read. 
352        INFO  main            d.u.i.k.p.r.p.TestFile    Now processing file /home/runner/work/key/key/key.core/../key.ui/examples/index/../InformationFlow/BlockContracts/contract.IFBlockExamples(contract.IFBlockExamples__secure_5()).Non-interference contract.0.key 
9766       INFO  main            d.u.i.k.p.r.p.TestFile    ... finished proof: closed. 
9900       INFO  main            d.u.i.k.p.r.p.TestFile    Now processing file /home/runner/work/key/key/key.core/../key.ui/examples/index/../InformationFlow/BlockContracts/contract.IFBlockExamples(contract.IFBlockExamples__block_no_return_secure(int)).Non-interference contract.0.key 
13540      INFO  main            d.u.i.k.p.r.p.TestFile    ... finished proof: closed. 
13675      INFO  main            d.u.i.k.p.r.p.TestFile    Now processing file /home/runner/work/key/key/key.core/../key.ui/examples/index/../InformationFlow/BlockContracts/contract.IFBlockExamples(contract.IFBlockExamples__while_block_insecure(int)).Non-interference contract.0.key 
18075      INFO  main            d.u.i.k.p.r.p.TestFile    ... finished proof: open goal(s) 
18237      INFO  main            d.u.i.k.p.r.p.TestFile    Now processing file /home/runner/work/key/key/key.core/../key.ui/examples/index/../InformationFlow/BlockContracts/contract.IFBlockExamples(contract.IFBlockExamples__while_block_secure(int)).Non-interference contract.0.key 
22234      INFO  main            d.u.i.k.p.r.p.TestFile    ... finished proof: closed. 
22444      INFO  main            d.u.i.k.p.r.p.TestFile    Now processing file /home/runner/work/key/key/key.core/../key.ui/examples/index/../InformationFlow/BlockContracts/contract.IFBlockExamples(contract.IFBlockExamples__block_while_secure(int)).Non-interference contract.0.key 
26601      INFO  main            d.u.i.k.p.r.p.TestFile    ... finished proof: closed. 
26803      INFO  main            d.u.i.k.p.r.p.TestFile    Now processing file /home/runner/work/key/key/key.core/../key.ui/examples/index/../InformationFlow/BlockContracts/contract.IFBlockExamples(contract.IFBlockExamples__insecure_4(int)).Non-interference contract.0.key 
31464      INFO  main            d.u.i.k.p.r.p.TestFile    ... finished proof: open goal(s) 
31693      INFO  main            d.u.i.k.p.r.p.TestFile    Now processing file /home/runner/work/key/key/key.core/../key.ui/examples/index/../InformationFlow/BlockContracts/contract.IFBlockExamples(contract.IFBlockExamples__insecure_3(int)).Non-interference contract.0.key 
36550      INFO  main            d.u.i.k.p.r.p.TestFile    ... finished proof: open goal(s) 
36775      INFO  main            d.u.i.k.p.r.p.TestFile    Now processing file /home/runner/work/key/key/key.core/../key.ui/examples/index/../InformationFlow/BlockContracts/contract.IFBlockExamples(contract.IFBlockExamples__secure_3(int)).Non-interference contract.0.key 
41324      INFO  main            d.u.i.k.p.r.p.TestFile    ... finished proof: closed. 
41571      INFO  main            d.u.i.k.p.r.p.TestFile    Now processing file /home/runner/work/key/key/key.core/../key.ui/examples/index/../InformationFlow/BlockContracts/contract.IFBlockExamples(contract.IFBlockExamples__secure_2(int)).Non-interference contract.0.key 
46527      INFO  main            d.u.i.k.p.r.p.TestFile    ... finished proof: closed. 
46800      INFO  main            d.u.i.k.p.r.p.TestFile    Now processing file /home/runner/work/key/key/key.core/../key.ui/examples/index/../InformationFlow/BlockContracts/contract.IFBlockExamples(contract.IFBlockExamples__secure_8(int)).Non-interference contract.0.key 
50123      INFO  main            d.u.i.k.p.r.p.TestFile    ... finished proof: closed. 
50370      INFO  main            d.u.i.k.p.r.p.TestFile    Now processing file /home/runner/work/key/key/key.core/../key.ui/examples/index/../InformationFlow/BlockContracts/contract.IFBlockExamples(contract.IFBlockExamples__secure_7(int)).Non-interference contract.0.key 
53565      INFO  main            d.u.i.k.p.r.p.TestFile    ... finished proof: closed. 
53743      INFO  main            d.u.i.k.p.r.p.TestFile    Now processing file /home/runner/work/key/key/key.core/../key.ui/examples/index/../InformationFlow/BlockContracts/contract.IFBlockExamples(contract.IFBlockExamples__secure_6(int)).Non-interference contract.0.key 
56839      INFO  main            d.u.i.k.p.r.p.TestFile    ... finished proof: closed. 
57026      INFO  main            d.u.i.k.p.r.p.TestFile    Now processing file /home/runner/work/key/key/key.core/../key.ui/examples/index/../InformationFlow/BlockContracts/contract.IFBlockExamples(contract.IFBlockExamples__insecure_1(int)).Non-interference contract.0.key 
60180      INFO  main            d.u.i.k.p.r.p.TestFile    ... finished proof: open goal(s) 
60368      INFO  main            d.u.i.k.p.r.p.TestFile    Now processing file /home/runner/work/key/key/key.core/../key.ui/examples/index/../InformationFlow/BlockContracts/contract.IFBlockExamples(contract.IFBlockExamples__secure_4(int)).Non-interference contract.0.key 
63665      INFO  main            d.u.i.k.p.r.p.TestFile    ... finished proof: closed. 
63940      INFO  main            d.u.i.k.p.r.p.TestFile    Now processing file /home/runner/work/key/key/key.core/../key.ui/examples/index/../InformationFlow/BlockContracts/contract.IFBlockExamples(contract.IFBlockExamples__secure_1(int)).Non-interference contract.0.key 
67302      INFO  main            d.u.i.k.p.r.p.TestFile    ... finished proof: closed. 
67503      INFO  main            d.u.i.k.p.r.p.TestFile    Now processing file /home/runner/work/key/key/key.core/../key.ui/examples/index/../InformationFlow/BlockContracts/contract.IFEfficiencyExamples(contract.IFEfficiencyExamples__mWithoutBlockContract()).Non-interference contract.0.key 
72839      INFO  main            d.u.i.k.p.r.p.TestFile    ... finished proof: closed. 
73077      INFO  main            d.u.i.k.p.r.p.TestFile    Now processing file /home/runner/work/key/key/key.core/../key.ui/examples/index/../InformationFlow/BlockContracts/contract.IFEfficiencyExamples(contract.IFEfficiencyExamples__mWithBlockContract()).Non-interference contract.0.key 
78062      INFO  main            d.u.i.k.p.r.p.TestFile    ... finished proof: closed. 
911791     INFO  Test worker     d.u.i.k.p.r.RunAllProofsTestUnit Returning from test BlockContracts_nomacro 
911795     INFO  Test worker     d.u.i.k.p.r.RunAllProofsTestUnit Running test MethodContracts_nomacro 
339        INFO  Timeout watchdog d.u.i.k.p.r.p.ForkedTestFileRunner Timeout watcher launched (1000 secs.) 
347        WARN  main            d.u.i.k.s.ProofSettings   The settings in /home/runner/.key/proof-settings.props are *not* read. 
358        INFO  main            d.u.i.k.p.r.p.TestFile    Now processing file /home/runner/work/key/key/key.core/../key.ui/examples/index/../InformationFlow/MethodContracts/contract.IFMethodContract(contract.IFMethodContract__secure_recursion_2((I,int)).Non-interference contract.0.key 
12173      INFO  main            d.u.i.k.p.r.p.TestFile    ... finished proof: closed. 
12353      INFO  main            d.u.i.k.p.r.p.TestFile    Now processing file /home/runner/work/key/key/key.core/../key.ui/examples/index/../InformationFlow/MethodContracts/contract.IFMethodContract(contract.IFMethodContract__secure_recursion(int)).Non-interference contract.0.key 
16041      INFO  main            d.u.i.k.p.r.p.TestFile    ... finished proof: closed. 
16167      INFO  main            d.u.i.k.p.r.p.TestFile    Now processing file /home/runner/work/key/key/key.core/../key.ui/examples/index/../InformationFlow/MethodContracts/contract.IFMethodContract(contract.IFMethodContract__secure_catch_exception()).Non-interference contract.0.key 
19483      INFO  main            d.u.i.k.p.r.p.TestFile    ... finished proof: closed. 
19619      INFO  main            d.u.i.k.p.r.p.TestFile    Now processing file /home/runner/work/key/key/key.core/../key.ui/examples/index/../InformationFlow/MethodContracts/contract.IFMethodContract(contract.IFMethodContract__n6()).Non-interference contract.0.key 
22618      INFO  main            d.u.i.k.p.r.p.TestFile    ... finished proof: closed. 
22744      INFO  main            d.u.i.k.p.r.p.TestFile    Now processing file /home/runner/work/key/key/key.core/../key.ui/examples/index/../InformationFlow/MethodContracts/contract.IFMethodContract(contract.IFMethodContract__secure_n6()).Non-interference contract.0.key 
25809      INFO  main            d.u.i.k.p.r.p.TestFile    ... finished proof: closed. 
25940      INFO  main            d.u.i.k.p.r.p.TestFile    Now processing file /home/runner/work/key/key/key.core/../key.ui/examples/index/../InformationFlow/MethodContracts/contract.IFMethodContract(contract.IFMethodContract__secure_array_param((I,int)).Non-interference contract.0.key 
29825      INFO  main            d.u.i.k.p.r.p.TestFile    ... finished proof: closed. 
29975      INFO  main            d.u.i.k.p.r.p.TestFile    Now processing file /home/runner/work/key/key/key.core/../key.ui/examples/index/../InformationFlow/MethodContracts/contract.IFMethodContract(contract.IFMethodContract__secure_assignment_0_n9()).Non-interference contract.0.key 
32989      INFO  main            d.u.i.k.p.r.p.TestFile    ... finished proof: closed. 
33134      INFO  main            d.u.i.k.p.r.p.TestFile    Now processing file /home/runner/work/key/key/key.core/../key.ui/examples/index/../InformationFlow/MethodContracts/contract.IFMethodContract(contract.IFMethodContract__insecure_if_high_n5_n1()).Non-interference contract.0.key 
36618      INFO  main            d.u.i.k.p.r.p.TestFile    ... finished proof: open goal(s) 
36815      INFO  main            d.u.i.k.p.r.p.TestFile    Now processing file /home/runner/work/key/key/key.core/../key.ui/examples/index/../InformationFlow/MethodContracts/contract.IFMethodContract(contract.IFMethodContract__n5(int)).Non-interference contract.0.key 
39628      INFO  main            d.u.i.k.p.r.p.TestFile    ... finished proof: closed. 
39787      INFO  main            d.u.i.k.p.r.p.TestFile    Now processing file /home/runner/work/key/key/key.core/../key.ui/examples/index/../InformationFlow/MethodContracts/contract.IFMethodContract(contract.IFMethodContract__secure_if_high_n5_n1()).Non-interference contract.0.key 
43613      INFO  main            d.u.i.k.p.r.p.TestFile    ... finished proof: closed. 
43779      INFO  main            d.u.i.k.p.r.p.TestFile    Now processing file /home/runner/work/key/key/key.core/../key.ui/examples/index/../InformationFlow/MethodContracts/contract.IFMethodContract(contract.IFMethodContract__secure_if_high_n1()).Non-interference contract.0.key 
47127      INFO  main            d.u.i.k.p.r.p.TestFile    ... finished proof: closed. 
47290      INFO  main            d.u.i.k.p.r.p.TestFile    Now processing file /home/runner/work/key/key/key.core/../key.ui/examples/index/../InformationFlow/MethodContracts/contract.IFMethodContract(contract.IFMethodContract__secure_n5()).Non-interference contract.0.key 
50197      INFO  main            d.u.i.k.p.r.p.TestFile    ... finished proof: closed. 
50351      INFO  main            d.u.i.k.p.r.p.TestFile    Now processing file /home/runner/work/key/key/key.core/../key.ui/examples/index/../InformationFlow/MethodContracts/contract.IFMethodContract(contract.IFMethodContract__n4()).Non-interference contract.0.key 
53277      INFO  main            d.u.i.k.p.r.p.TestFile    ... finished proof: closed. 
53437      INFO  main            d.u.i.k.p.r.p.TestFile    Now processing file /home/runner/work/key/key/key.core/../key.ui/examples/index/../InformationFlow/MethodContracts/contract.IFMethodContract(contract.IFMethodContract__n3()).Non-interference contract.0.key 
56230      INFO  main            d.u.i.k.p.r.p.TestFile    ... finished proof: closed. 
56390      INFO  main            d.u.i.k.p.r.p.TestFile    Now processing file /home/runner/work/key/key/key.core/../key.ui/examples/index/../InformationFlow/MethodContracts/contract.IFMethodContract(contract.IFMethodContract__secure_sequential_n3_precond_n4()).Non-interference contract.0.key 
59406      INFO  main            d.u.i.k.p.r.p.TestFile    ... finished proof: closed. 
59570      INFO  main            d.u.i.k.p.r.p.TestFile    Now processing file /home/runner/work/key/key/key.core/../key.ui/examples/index/../InformationFlow/MethodContracts/contract.IFMethodContract(contract.IFMethodContract__insecure_assignment_n2()).Non-interference contract.0.key 
62434      INFO  main            d.u.i.k.p.r.p.TestFile    ... finished proof: open goal(s) 
62605      INFO  main            d.u.i.k.p.r.p.TestFile    Now processing file /home/runner/work/key/key/key.core/../key.ui/examples/index/../InformationFlow/MethodContracts/contract.IFMethodContract(contract.IFMethodContract__secure_assignments_n2()).Non-interference contract.0.key 
65572      INFO  main            d.u.i.k.p.r.p.TestFile    ... finished proof: closed. 
65791      INFO  main            d.u.i.k.p.r.p.TestFile    Now processing file /home/runner/work/key/key/key.core/../key.ui/examples/index/../InformationFlow/MethodContracts/contract.IFMethodContract(contract.IFMethodContract__n2()).Non-interference contract.0.key 
68584      INFO  main            d.u.i.k.p.r.p.TestFile    ... finished proof: closed. 
68752      INFO  main            d.u.i.k.p.r.p.TestFile    Now processing file /home/runner/work/key/key/key.core/../key.ui/examples/index/../InformationFlow/MethodContracts/contract.IFMethodContract(contract.IFMethodContract__n1()).Non-interference contract.0.key 
71507      INFO  main            d.u.i.k.p.r.p.TestFile    ... finished proof: closed. 
71677      INFO  main            d.u.i.k.p.r.p.TestFile    Now processing file /home/runner/work/key/key/key.core/../key.ui/examples/index/../InformationFlow/MethodContracts/contract.IFMethodContract(contract.IFMethodContract__secure_sequential_n1_n2()).Non-interference contract.0.key 
74529      INFO  main            d.u.i.k.p.r.p.TestFile    ... finished proof: closed. 
986661     INFO  Test worker     d.u.i.k.p.r.RunAllProofsTestUnit Returning from test MethodContracts_nomacro 
986662     INFO  Test worker     d.u.i.k.p.r.RunAllProofsTestUnit Running test LoopInvariants_nomacro 
428        INFO  Timeout watchdog d.u.i.k.p.r.p.ForkedTestFileRunner Timeout watcher launched (1000 secs.) 
428        WARN  main            d.u.i.k.s.ProofSettings   The settings in /home/runner/.key/proof-settings.props are *not* read. 
437        INFO  main            d.u.i.k.p.r.p.TestFile    Now processing file /home/runner/work/key/key/key.core/../key.ui/examples/index/../InformationFlow/LoopInvariants/loop.IFLoopExamples(loop.IFLoopExamples__insecure_while_3(int)).Non-interference contract.0.key 
12218      INFO  main            d.u.i.k.p.r.p.TestFile    ... finished proof: open goal(s) 
12378      INFO  main            d.u.i.k.p.r.p.TestFile    Now processing file /home/runner/work/key/key/key.core/../key.ui/examples/index/../InformationFlow/LoopInvariants/loop.IFLoopExamples(loop.IFLoopExamples__secure_while_2(int)).Non-interference contract.0.key 
17499      INFO  main            d.u.i.k.p.r.p.TestFile    ... finished proof: closed. 
17653      INFO  main            d.u.i.k.p.r.p.TestFile    Now processing file /home/runner/work/key/key/key.core/../key.ui/examples/index/../InformationFlow/LoopInvariants/loop.IFLoopExamples(loop.IFLoopExamples__secure_while_4(int)).Non-interference contract.0.key 
22383      INFO  main            d.u.i.k.p.r.p.TestFile    ... finished proof: closed. 
22540      INFO  main            d.u.i.k.p.r.p.TestFile    Now processing file /home/runner/work/key/key/key.core/../key.ui/examples/index/../InformationFlow/LoopInvariants/loop.IFLoopExamples(loop.IFLoopExamples__insecure_doubleNestedWhile2(int)).Non-interference contract.0.key 
34740      INFO  main            d.u.i.k.p.r.p.TestFile    ... finished proof: open goal(s) 
34958      INFO  main            d.u.i.k.p.r.p.TestFile    Now processing file /home/runner/work/key/key/key.core/../key.ui/examples/index/../InformationFlow/LoopInvariants/loop.IFLoopExamples(loop.IFLoopExamples__insecure_doubleNestedWhile(int)).Non-interference contract.0.key 
45567      INFO  main            d.u.i.k.p.r.p.TestFile    ... finished proof: open goal(s) 
45794      INFO  main            d.u.i.k.p.r.p.TestFile    Now processing file /home/runner/work/key/key/key.core/../key.ui/examples/index/../InformationFlow/LoopInvariants/loop.IFLoopExamples(loop.IFLoopExamples__secure_doubleNestedWhile(int)).Non-interference contract.0.key 
56154      INFO  main            d.u.i.k.p.r.p.TestFile    ... finished proof: closed. 
56397      INFO  main            d.u.i.k.p.r.p.TestFile    Now processing file /home/runner/work/key/key/key.core/../key.ui/examples/index/../InformationFlow/LoopInvariants/loop.IFLoopExamples(loop.IFLoopExamples__secure_nestedTwoWhile(int)).Non-interference contract.0.key 
64719      INFO  main            d.u.i.k.p.r.p.TestFile    ... finished proof: closed. 
64924      INFO  main            d.u.i.k.p.r.p.TestFile    Now processing file /home/runner/work/key/key/key.core/../key.ui/examples/index/../InformationFlow/LoopInvariants/loop.IFLoopExamples(loop.IFLoopExamples__secure_nestedWhile(int)).Non-interference contract.0.key 
71095      INFO  main            d.u.i.k.p.r.p.TestFile    ... finished proof: closed. 
71293      INFO  main            d.u.i.k.p.r.p.TestFile    Now processing file /home/runner/work/key/key/key.core/../key.ui/examples/index/../InformationFlow/LoopInvariants/loop.IFLoopExamples(loop.IFLoopExamples__notSecure_while(int)).Non-interference contract.0.key 
75422      INFO  main            d.u.i.k.p.r.p.TestFile    ... finished proof: open goal(s) 
75601      INFO  main            d.u.i.k.p.r.p.TestFile    Now processing file /home/runner/work/key/key/key.core/../key.ui/examples/index/../InformationFlow/LoopInvariants/loop.IFLoopExamples(loop.IFLoopExamples__notSecure_while_wrongInv(int)).Non-interference contract.0.key 
78990      INFO  main            d.u.i.k.p.r.p.TestFile    ... finished proof: open goal(s) 
79149      INFO  main            d.u.i.k.p.r.p.TestFile    Now processing file /home/runner/work/key/key/key.core/../key.ui/examples/index/../InformationFlow/LoopInvariants/loop.IFLoopExamples(loop.IFLoopExamples__insecure_twoWhile(int)).Non-interference contract.0.key 
84082      INFO  main            d.u.i.k.p.r.p.TestFile    ... finished proof: open goal(s) 
84283      INFO  main            d.u.i.k.p.r.p.TestFile    Now processing file /home/runner/work/key/key/key.core/../key.ui/examples/index/../InformationFlow/LoopInvariants/loop.IFLoopExamples(loop.IFLoopExamples__insecure_twoWhile_2(int)).Non-interference contract.0.key 
89583      INFO  main            d.u.i.k.p.r.p.TestFile    ... finished proof: open goal(s) 
89797      INFO  main            d.u.i.k.p.r.p.TestFile    Now processing file /home/runner/work/key/key/key.core/../key.ui/examples/index/../InformationFlow/LoopInvariants/loop.IFLoopExamples(loop.IFLoopExamples__secure_twoWhile(int)).Non-interference contract.0.key 
94579      INFO  main            d.u.i.k.p.r.p.TestFile    ... finished proof: closed. 
94771      INFO  main            d.u.i.k.p.r.p.TestFile    Now processing file /home/runner/work/key/key/key.core/../key.ui/examples/index/../InformationFlow/LoopInvariants/loop.IFLoopExamples(loop.IFLoopExamples__loc_secure_while(int)).Non-interference contract.0.key 
98826      INFO  main            d.u.i.k.p.r.p.TestFile    ... finished proof: closed. 
99017      INFO  main            d.u.i.k.p.r.p.TestFile    Now processing file /home/runner/work/key/key/key.core/../key.ui/examples/index/../InformationFlow/LoopInvariants/loop.IFLoopExamples(loop.IFLoopExamples__secure_while(int)).Non-interference contract.0.key 
102988     INFO  main            d.u.i.k.p.r.p.TestFile    ... finished proof: closed. 
103163     INFO  main            d.u.i.k.p.r.p.TestFile    Now processing file /home/runner/work/key/key/key.core/../key.ui/examples/index/../InformationFlow/LoopInvariants/loop.IFLoopExamples(loop.IFLoopExamples__print(int)).Non-interference contract.0.key 
106237     INFO  main            d.u.i.k.p.r.p.TestFile    ... finished proof: closed. 
106400     INFO  main            d.u.i.k.p.r.p.TestFile    Now processing file /home/runner/work/key/key/key.core/../key.ui/examples/index/../InformationFlow/LoopInvariants/loop.IFLoopExamples(loop.IFLoopExamples__hammer(int)).Non-interference contract.0.key 
111318     INFO  main            d.u.i.k.p.r.p.TestFile    ... finished proof: closed. 
1098370    INFO  Test worker     d.u.i.k.p.r.RunAllProofsTestUnit Returning from test LoopInvariants_nomacro 
1098371    INFO  Test worker     d.u.i.k.p.r.RunAllProofsTestUnit Running test MiniExamples_nomacro 
350        INFO  Timeout watchdog d.u.i.k.p.r.p.ForkedTestFileRunner Timeout watcher launched (1000 secs.) 
362        WARN  main            d.u.i.k.s.ProofSettings   The settings in /home/runner/.key/proof-settings.props are *not* read. 
365        INFO  main            d.u.i.k.p.r.p.TestFile    Now processing file /home/runner/work/key/key/key.core/../key.ui/examples/index/../InformationFlow/MiniExamples/mini.AliasingExamples(mini.AliasingExamples__insecure_1(mini.AliasingExamples,mini.AliasingExamples,int)).Non-interference contract.0.key 
8913       INFO  main            d.u.i.k.p.r.p.TestFile    ... finished proof: open goal(s) 
9028       INFO  main            d.u.i.k.p.r.p.TestFile    Now processing file /home/runner/work/key/key/key.core/../key.ui/examples/index/../InformationFlow/MiniExamples/mini.AliasingExamples(mini.AliasingExamples__secure_1(mini.AliasingExamples,mini.AliasingExamples,int)).Non-interference contract.0.key 
12258      INFO  main            d.u.i.k.p.r.p.TestFile    ... finished proof: closed. 
12394      INFO  main            d.u.i.k.p.r.p.TestFile    Now processing file /home/runner/work/key/key/key.core/../key.ui/examples/index/../InformationFlow/MiniExamples/mini.MiniExamplesLecture(mini.MiniExamplesLecture__m_6()).Non-interference contract.0.key 
15278      INFO  main            d.u.i.k.p.r.p.TestFile    ... finished proof: closed. 
15425      INFO  main            d.u.i.k.p.r.p.TestFile    Now processing file /home/runner/work/key/key/key.core/../key.ui/examples/index/../InformationFlow/MiniExamples/mini.MiniExamplesLecture(mini.MiniExamplesLecture__m_5()).Non-interference contract.0.key 
18347      INFO  main            d.u.i.k.p.r.p.TestFile    ... finished proof: closed. 
18481      INFO  main            d.u.i.k.p.r.p.TestFile    Now processing file /home/runner/work/key/key/key.core/../key.ui/examples/index/../InformationFlow/MiniExamples/mini.MiniExamplesLecture(mini.MiniExamplesLecture__m_4()).Non-interference contract.0.key 
21303      INFO  main            d.u.i.k.p.r.p.TestFile    ... finished proof: closed. 
21428      INFO  main            d.u.i.k.p.r.p.TestFile    Now processing file /home/runner/work/key/key/key.core/../key.ui/examples/index/../InformationFlow/MiniExamples/mini.MiniExamplesLecture(mini.MiniExamplesLecture__m_3()).Non-interference contract.0.key 
24309      INFO  main            d.u.i.k.p.r.p.TestFile    ... finished proof: open goal(s) 
24450      INFO  main            d.u.i.k.p.r.p.TestFile    Now processing file /home/runner/work/key/key/key.core/../key.ui/examples/index/../InformationFlow/MiniExamples/mini.MiniExamplesLecture(mini.MiniExamplesLecture__m_2()).Non-interference contract.0.key 
27299      INFO  main            d.u.i.k.p.r.p.TestFile    ... finished proof: closed. 
27439      INFO  main            d.u.i.k.p.r.p.TestFile    Now processing file /home/runner/work/key/key/key.core/../key.ui/examples/index/../InformationFlow/MiniExamples/mini.MiniExamplesLecture(mini.MiniExamplesLecture__m_1()).Non-interference contract.0.key 
30098      INFO  main            d.u.i.k.p.r.p.TestFile    ... finished proof: open goal(s) 
30246      INFO  main            d.u.i.k.p.r.p.TestFile    Now processing file /home/runner/work/key/key/key.core/../key.ui/examples/index/../InformationFlow/MiniExamples/mini.DifferenceSeqLocset(mini.DifferenceSeqLocset__m()).Non-interference contract.1.key 
33666      INFO  main            d.u.i.k.p.r.p.TestFile    ... finished proof: open goal(s) 
33830      INFO  main            d.u.i.k.p.r.p.TestFile    Now processing file /home/runner/work/key/key/key.core/../key.ui/examples/index/../InformationFlow/MiniExamples/mini.DifferenceSeqLocset(mini.DifferenceSeqLocset__m()).Non-interference contract.0.key 
38336      INFO  main            d.u.i.k.p.r.p.TestFile    ... finished proof: open goal(s) 
38499      INFO  main            d.u.i.k.p.r.p.TestFile    Now processing file /home/runner/work/key/key/key.core/../key.ui/examples/index/../InformationFlow/MiniExamples/mini.MiniExamples(mini.MiniExamples__secure_p2_8()).Non-interference contract.0.key 
41354      INFO  main            d.u.i.k.p.r.p.TestFile    ... finished proof: closed. 
41516      INFO  main            d.u.i.k.p.r.p.TestFile    Now processing file /home/runner/work/key/key/key.core/../key.ui/examples/index/../InformationFlow/MiniExamples/mini.MiniExamples(mini.MiniExamples__secure_parameter(int)).Non-interference contract.0.key 
44126      INFO  main            d.u.i.k.p.r.p.TestFile    ... finished proof: closed. 
44278      INFO  main            d.u.i.k.p.r.p.TestFile    Now processing file /home/runner/work/key/key/key.core/../key.ui/examples/index/../InformationFlow/MiniExamples/mini.MiniExamples(mini.MiniExamples__secure_p2_7()).Non-interference contract.0.key 
46956      INFO  main            d.u.i.k.p.r.p.TestFile    ... finished proof: closed. 
47120      INFO  main            d.u.i.k.p.r.p.TestFile    Now processing file /home/runner/work/key/key/key.core/../key.ui/examples/index/../InformationFlow/MiniExamples/mini.MiniExamples(mini.MiniExamples__insecure_p2_2()).Non-interference contract.0.key 
49793      INFO  main            d.u.i.k.p.r.p.TestFile    ... finished proof: open goal(s) 
49967      INFO  main            d.u.i.k.p.r.p.TestFile    Now processing file /home/runner/work/key/key/key.core/../key.ui/examples/index/../InformationFlow/MiniExamples/mini.MiniExamples(mini.MiniExamples__secure_p2_6()).Non-interference contract.0.key 
52543      INFO  main            d.u.i.k.p.r.p.TestFile    ... finished proof: closed. 
52703      INFO  main            d.u.i.k.p.r.p.TestFile    Now processing file /home/runner/work/key/key/key.core/../key.ui/examples/index/../InformationFlow/MiniExamples/mini.MiniExamples(mini.MiniExamples__secure_p2_5()).Non-interference contract.0.key 
55387      INFO  main            d.u.i.k.p.r.p.TestFile    ... finished proof: closed. 
55552      INFO  main            d.u.i.k.p.r.p.TestFile    Now processing file /home/runner/work/key/key/key.core/../key.ui/examples/index/../InformationFlow/MiniExamples/mini.MiniExamples(mini.MiniExamples__secure_p2_4()).Non-interference contract.0.key 
58122      INFO  main            d.u.i.k.p.r.p.TestFile    ... finished proof: closed. 
58292      INFO  main            d.u.i.k.p.r.p.TestFile    Now processing file /home/runner/work/key/key/key.core/../key.ui/examples/index/../InformationFlow/MiniExamples/mini.MiniExamples(mini.MiniExamples__secure_p2_3()).Non-interference contract.0.key 
60933      INFO  main            d.u.i.k.p.r.p.TestFile    ... finished proof: closed. 
61122      INFO  main            d.u.i.k.p.r.p.TestFile    Now processing file /home/runner/work/key/key/key.core/../key.ui/examples/index/../InformationFlow/MiniExamples/mini.MiniExamples(mini.MiniExamples__secure_p2_2()).Non-interference contract.0.key 
63694      INFO  main            d.u.i.k.p.r.p.TestFile    ... finished proof: closed. 
63871      INFO  main            d.u.i.k.p.r.p.TestFile    Now processing file /home/runner/work/key/key/key.core/../key.ui/examples/index/../InformationFlow/MiniExamples/mini.MiniExamples(mini.MiniExamples__secure_p2_1()).Non-interference contract.0.key 
66387      INFO  main            d.u.i.k.p.r.p.TestFile    ... finished proof: closed. 
66562      INFO  main            d.u.i.k.p.r.p.TestFile    Now processing file /home/runner/work/key/key/key.core/../key.ui/examples/index/../InformationFlow/MiniExamples/mini.MiniExamples(mini.MiniExamples__insecure_p2_1()).Non-interference contract.0.key 
69089      INFO  main            d.u.i.k.p.r.p.TestFile    ... finished proof: open goal(s) 
69298      INFO  main            d.u.i.k.p.r.p.TestFile    Now processing file /home/runner/work/key/key/key.core/../key.ui/examples/index/../InformationFlow/MiniExamples/mini.MiniExamples(mini.MiniExamples__secure_p1_6()).Non-interference contract.0.key 
71882      INFO  main            d.u.i.k.p.r.p.TestFile    ... finished proof: closed. 
72066      INFO  main            d.u.i.k.p.r.p.TestFile    Now processing file /home/runner/work/key/key/key.core/../key.ui/examples/index/../InformationFlow/MiniExamples/mini.MiniExamples(mini.MiniExamples__secure_p1_5()).Non-interference contract.0.key 
74767      INFO  main            d.u.i.k.p.r.p.TestFile    ... finished proof: closed. 
74960      INFO  main            d.u.i.k.p.r.p.TestFile    Now processing file /home/runner/work/key/key/key.core/../key.ui/examples/index/../InformationFlow/MiniExamples/mini.MiniExamples(mini.MiniExamples__secure_p1_4()).Non-interference contract.0.key 
77685      INFO  main            d.u.i.k.p.r.p.TestFile    ... finished proof: closed. 
77893      INFO  main            d.u.i.k.p.r.p.TestFile    Now processing file /home/runner/work/key/key/key.core/../key.ui/examples/index/../InformationFlow/MiniExamples/mini.MiniExamples(mini.MiniExamples__secure_p1_3()).Non-interference contract.0.key 
80480      INFO  main            d.u.i.k.p.r.p.TestFile    ... finished proof: closed. 
80675      INFO  main            d.u.i.k.p.r.p.TestFile    Now processing file /home/runner/work/key/key/key.core/../key.ui/examples/index/../InformationFlow/MiniExamples/mini.MiniExamples(mini.MiniExamples__secure_p1_2()).Non-interference contract.0.key 
83373      INFO  main            d.u.i.k.p.r.p.TestFile    ... finished proof: closed. 
83569      INFO  main            d.u.i.k.p.r.p.TestFile    Now processing file /home/runner/work/key/key/key.core/../key.ui/examples/index/../InformationFlow/MiniExamples/mini.MiniExamples(mini.MiniExamples__secure_p1_1()).Non-interference contract.1.key 
86178      INFO  main            d.u.i.k.p.r.p.TestFile    ... finished proof: closed. 
86379      INFO  main            d.u.i.k.p.r.p.TestFile    Now processing file /home/runner/work/key/key/key.core/../key.ui/examples/index/../InformationFlow/MiniExamples/mini.MiniExamples(mini.MiniExamples__secure_p1_1()).Non-interference contract.0.key 
89026      INFO  main            d.u.i.k.p.r.p.TestFile    ... finished proof: closed. 
89231      INFO  main            d.u.i.k.p.r.p.TestFile    Now processing file /home/runner/work/key/key/key.core/../key.ui/examples/index/../InformationFlow/MiniExamples/mini.MiniExamples(mini.MiniExamples__insecure_p1_2()).Non-interference contract.0.key 
91851      INFO  main            d.u.i.k.p.r.p.TestFile    ... finished proof: open goal(s) 
92054      INFO  main            d.u.i.k.p.r.p.TestFile    Now processing file /home/runner/work/key/key/key.core/../key.ui/examples/index/../InformationFlow/MiniExamples/mini.MiniExamples(mini.MiniExamples__insecure_p1_1()).Non-interference contract.0.key 
94594      INFO  main            d.u.i.k.p.r.p.TestFile    ... finished proof: open goal(s) 
1193339    INFO  Test worker     d.u.i.k.p.r.RunAllProofsTestUnit Returning from test MiniExamples_nomacro 
1193340    INFO  Test worker     d.u.i.k.p.r.RunAllProofsTestUnit Running test NewObjects_nomacro 
337        INFO  Timeout watchdog d.u.i.k.p.r.p.ForkedTestFileRunner Timeout watcher launched (1000 secs.) 
349        WARN  main            d.u.i.k.s.ProofSettings   The settings in /home/runner/.key/proof-settings.props are *not* read. 
353        INFO  main            d.u.i.k.p.r.p.TestFile    Now processing file /home/runner/work/key/key/key.core/../key.ui/examples/index/../InformationFlow/NewObjects/object.AmtoftBanerjee3(object.AmtoftBanerjee3__m()).Non-interference contract.0.key 
9255       INFO  main            d.u.i.k.p.r.p.TestFile    ... finished proof: closed. 
9375       INFO  main            d.u.i.k.p.r.p.TestFile    Now processing file /home/runner/work/key/key/key.core/../key.ui/examples/index/../InformationFlow/NewObjects/object.AmtoftBanerjee(object.AmtoftBanerjee__m_2()).Non-interference contract.0.key 
13653      INFO  main            d.u.i.k.p.r.p.TestFile    ... finished proof: closed. 
13796      INFO  main            d.u.i.k.p.r.p.TestFile    Now processing file /home/runner/work/key/key/key.core/../key.ui/examples/index/../InformationFlow/NewObjects/object.AmtoftBanerjee(object.AmtoftBanerjee__m_1()).Non-interference contract.1.key 
17524      INFO  main            d.u.i.k.p.r.p.TestFile    ... finished proof: open goal(s) 
17661      INFO  main            d.u.i.k.p.r.p.TestFile    Now processing file /home/runner/work/key/key/key.core/../key.ui/examples/index/../InformationFlow/NewObjects/object.AmtoftBanerjee(object.AmtoftBanerjee__m_1()).Non-interference contract.0.key 
21095      INFO  main            d.u.i.k.p.r.p.TestFile    ... finished proof: closed. 
21235      INFO  main            d.u.i.k.p.r.p.TestFile    Now processing file /home/runner/work/key/key/key.core/../key.ui/examples/index/../InformationFlow/NewObjects/object.AmtoftBanerjee(object.AmtoftBanerjee__getQ()).Non-interference contract.0.key 
24314      INFO  main            d.u.i.k.p.r.p.TestFile    ... finished proof: closed. 
24443      INFO  main            d.u.i.k.p.r.p.TestFile    Now processing file /home/runner/work/key/key/key.core/../key.ui/examples/index/../InformationFlow/NewObjects/object.ObjectOrientation(object.ObjectOrientation__secure_while_i((Ljava.lang.Object)).Non-interference contract.0.key 
37297      INFO  main            d.u.i.k.p.r.p.TestFile    ... finished proof: closed. 
37510      INFO  main            d.u.i.k.p.r.p.TestFile    Now processing file /home/runner/work/key/key/key.core/../key.ui/examples/index/../InformationFlow/NewObjects/object.ObjectOrientation(object.ObjectOrientation__secure_method_call()).Non-interference contract.0.key 
40907      INFO  main            d.u.i.k.p.r.p.TestFile    ... finished proof: closed. 
41067      INFO  main            d.u.i.k.p.r.p.TestFile    Now processing file /home/runner/work/key/key/key.core/../key.ui/examples/index/../InformationFlow/NewObjects/object.ObjectOrientation(object.ObjectOrientation__if_two_object_creation_next()).Non-interference contract.1.key 
62604      INFO  main            d.u.i.k.p.r.p.TestFile    ... finished proof: open goal(s) 
62814      INFO  main            d.u.i.k.p.r.p.TestFile    Now processing file /home/runner/work/key/key/key.core/../key.ui/examples/index/../InformationFlow/NewObjects/object.ObjectOrientation(object.ObjectOrientation__insecure_two_object_creation()).Non-interference contract.0.key 
83680      INFO  main            d.u.i.k.p.r.p.TestFile    ... finished proof: open goal(s) 
83889      INFO  main            d.u.i.k.p.r.p.TestFile    Now processing file /home/runner/work/key/key/key.core/../key.ui/examples/index/../InformationFlow/NewObjects/object.ObjectOrientation(object.ObjectOrientation__secure_two_object_creation()).Non-interference contract.0.key 
99618      INFO  main            d.u.i.k.p.r.p.TestFile    ... finished proof: closed. 
99818      INFO  main            d.u.i.k.p.r.p.TestFile    Now processing file /home/runner/work/key/key/key.core/../key.ui/examples/index/../InformationFlow/NewObjects/object.ObjectOrientation(object.ObjectOrientation__insecure_object_assignment()).Non-interference contract.1.key 
111010     INFO  main            d.u.i.k.p.r.p.TestFile    ... finished proof: open goal(s) 
111214     INFO  main            d.u.i.k.p.r.p.TestFile    Now processing file /home/runner/work/key/key/key.core/../key.ui/examples/index/../InformationFlow/NewObjects/object.ObjectOrientation(object.ObjectOrientation__insecure_object_assignment()).Non-interference contract.0.key 
114190     INFO  main            d.u.i.k.p.r.p.TestFile    ... finished proof: open goal(s) 
114348     INFO  main            d.u.i.k.p.r.p.TestFile    Now processing file /home/runner/work/key/key/key.core/../key.ui/examples/index/../InformationFlow/NewObjects/object.ObjectOrientation(object.ObjectOrientation__secure_object_creation_3()).Non-interference contract.0.key 
117678     INFO  main            d.u.i.k.p.r.p.TestFile    ... finished proof: closed. 
117855     INFO  main            d.u.i.k.p.r.p.TestFile    Now processing file /home/runner/work/key/key/key.core/../key.ui/examples/index/../InformationFlow/NewObjects/object.ObjectOrientation(object.ObjectOrientation__secure_object_creation_2()).Non-interference contract.0.key 
121055     INFO  main            d.u.i.k.p.r.p.TestFile    ... finished proof: closed. 
121216     INFO  main            d.u.i.k.p.r.p.TestFile    Now processing file /home/runner/work/key/key/key.core/../key.ui/examples/index/../InformationFlow/NewObjects/object.ObjectOrientation(object.ObjectOrientation__secure_object_creation()).Non-interference contract.0.key 
124816     INFO  main            d.u.i.k.p.r.p.TestFile    ... finished proof: closed. 
124998     INFO  main            d.u.i.k.p.r.p.TestFile    Now processing file /home/runner/work/key/key/key.core/../key.ui/examples/index/../InformationFlow/NewObjects/object.AmtoftBanerjee2(object.AmtoftBanerjee2__expensive(int)).Non-interference contract.0.key 
127895     INFO  main            d.u.i.k.p.r.p.TestFile    ... finished proof: closed. 
128064     INFO  main            d.u.i.k.p.r.p.TestFile    Now processing file /home/runner/work/key/key/key.core/../key.ui/examples/index/../InformationFlow/NewObjects/object.AmtoftBanerjee2(object.AmtoftBanerjee2__cexp(int)).Non-interference contract.0.key 
132390     INFO  main            d.u.i.k.p.r.p.TestFile    ... finished proof: closed. 
1326115    INFO  Test worker     d.u.i.k.p.r.RunAllProofsTestUnit Returning from test NewObjects_nomacro 
1326116    INFO  Test worker     d.u.i.k.p.r.RunAllProofsTestUnit Running test SimpleEvoting_nomacro 
385        INFO  Timeout watchdog d.u.i.k.p.r.p.ForkedTestFileRunner Timeout watcher launched (1000 secs.) 
402        WARN  main            d.u.i.k.s.ProofSettings   The settings in /home/runner/.key/proof-settings.props are *not* read. 
405        INFO  main            d.u.i.k.p.r.p.TestFile    Now processing file /home/runner/work/key/key/key.core/../key.ui/examples/index/../InformationFlow/SimpleEvoting/simple_evoting.Environment(simple_evoting.Environment__untrustedOutputMessage((B)).Non-interference contract.0.key 
17036      INFO  main            d.u.i.k.p.r.p.TestFile    ... finished proof: closed. 
17257      INFO  main            d.u.i.k.p.r.p.TestFile    Now processing file /home/runner/work/key/key/key.core/../key.ui/examples/index/../InformationFlow/SimpleEvoting/simple_evoting.Environment(simple_evoting.Environment__untrustedOutput(int)).Non-interference contract.0.key 
20931      INFO  main            d.u.i.k.p.r.p.TestFile    ... finished proof: closed. 
21058      INFO  main            d.u.i.k.p.r.p.TestFile    Now processing file /home/runner/work/key/key/key.core/../key.ui/examples/index/../InformationFlow/SimpleEvoting/simple_evoting.Environment(simple_evoting.Environment__untrustedInput(int)).Non-interference contract.0.key 
24502      INFO  main            d.u.i.k.p.r.p.TestFile    ... finished proof: open goal(s) 
24641      INFO  main            d.u.i.k.p.r.p.TestFile    Now processing file /home/runner/work/key/key/key.core/../key.ui/examples/index/../InformationFlow/SimpleEvoting/simple_evoting.Environment(simple_evoting.Environment__untrustedInput()).Non-interference contract.0.key 
27995      INFO  main            d.u.i.k.p.r.p.TestFile    ... finished proof: open goal(s) 
28161      INFO  main            d.u.i.k.p.r.p.TestFile    Now processing file /home/runner/work/key/key/key.core/../key.ui/examples/index/../InformationFlow/SimpleEvoting/simple_evoting.SMT(simple_evoting.SMT__send(simple_evoting.Message,int,simple_evoting.Server)).Non-interference contract.1.key 
57741      INFO  main            d.u.i.k.p.r.p.TestFile    ... finished proof: closed. 
57979      INFO  main            d.u.i.k.p.r.p.TestFile    Now processing file /home/runner/work/key/key/key.core/../key.ui/examples/index/../InformationFlow/SimpleEvoting/simple_evoting.SMT(simple_evoting.SMT__send(simple_evoting.Message,int,simple_evoting.Server)).Non-interference contract.0.key 
91994      INFO  main            d.u.i.k.p.r.p.TestFile    ... finished proof: closed. 
92248      INFO  main            d.u.i.k.p.r.p.TestFile    Now processing file /home/runner/work/key/key/key.core/../key.ui/examples/index/../InformationFlow/SimpleEvoting/simple_evoting.NetworkClient(simple_evoting.NetworkClient__send((B,simple_evoting.Server,int)).Non-interference contract.0.key 
98113      INFO  main            d.u.i.k.p.r.p.TestFile    ... finished proof: closed. 
98297      INFO  main            d.u.i.k.p.r.p.TestFile    Now processing file /home/runner/work/key/key/key.core/../key.ui/examples/index/../InformationFlow/SimpleEvoting/simple_evoting.Voter(simple_evoting.Voter__onSendBallot(simple_evoting.Server)).Non-interference contract.1.key 
110899     INFO  main            d.u.i.k.p.r.p.TestFile    ... finished proof: closed. 
111118     INFO  main            d.u.i.k.p.r.p.TestFile    Now processing file /home/runner/work/key/key/key.core/../key.ui/examples/index/../InformationFlow/SimpleEvoting/simple_evoting.Voter(simple_evoting.Voter__onSendBallot(simple_evoting.Server)).Non-interference contract.0.key 
126123     INFO  main            d.u.i.k.p.r.p.TestFile    ... finished proof: closed. 
1452620    INFO  Test worker     d.u.i.k.p.r.RunAllProofsTestUnit Returning from test SimpleEvoting_nomacro 
1452621    INFO  Test worker     d.u.i.k.p.r.RunAllProofsTestUnit Running test ToyVoting_fullmacro 
367        INFO  Timeout watchdog d.u.i.k.p.r.p.ForkedTestFileRunner Timeout watcher launched (1000 secs.) 
388        WARN  main            d.u.i.k.s.ProofSettings   The settings in /home/runner/.key/proof-settings.props are *not* read. 
394        INFO  main            d.u.i.k.p.r.p.TestFile    Now processing file /home/runner/work/key/key/key.core/../key.ui/examples/index/../InformationFlow/ToyVoting/Voter(Voter__insecure_voting()).Non-interference contract.0.m.key 
9199       INFO  main            d.u.i.k.m.s.ProofScriptEngine 1: 'macro 'infflow-autopilot'' 
33900      INFO  main            d.u.i.k.p.r.p.TestFile    ... finished proof: open goal(s) 
34099      INFO  main            d.u.i.k.p.r.p.TestFile    Now processing file /home/runner/work/key/key/key.core/../key.ui/examples/index/../InformationFlow/ToyVoting/Voter(Voter__publishVoterParticipation()).Non-interference contract.0.m.key 
37292      INFO  main            d.u.i.k.m.s.ProofScriptEngine 1: 'macro 'infflow-autopilot'' 
37490      INFO  main            d.u.i.k.p.r.p.TestFile    ... finished proof: closed. 
37610      INFO  main            d.u.i.k.p.r.p.TestFile    Now processing file /home/runner/work/key/key/key.core/../key.ui/examples/index/../InformationFlow/ToyVoting/Voter(Voter__isValid(int)).Non-interference contract.0.m.key 
40539      INFO  main            d.u.i.k.m.s.ProofScriptEngine 1: 'macro 'infflow-autopilot'' 
40848      INFO  main            d.u.i.k.p.r.p.TestFile    ... finished proof: closed. 
40986      INFO  main            d.u.i.k.p.r.p.TestFile    Now processing file /home/runner/work/key/key/key.core/../key.ui/examples/index/../InformationFlow/ToyVoting/Voter(Voter__sendVote(int)).Non-interference contract.0.m.key 
43837      INFO  main            d.u.i.k.m.s.ProofScriptEngine 1: 'macro 'infflow-autopilot'' 
44089      INFO  main            d.u.i.k.p.r.p.TestFile    ... finished proof: closed. 
44256      INFO  main            d.u.i.k.p.r.p.TestFile    Now processing file /home/runner/work/key/key/key.core/../key.ui/examples/index/../InformationFlow/ToyVoting/Voter(Voter__inputVote()).Non-interference contract.0.m.key 
47052      INFO  main            d.u.i.k.m.s.ProofScriptEngine 1: 'macro 'infflow-autopilot'' 
47179      INFO  main            d.u.i.k.p.r.p.TestFile    ... finished proof: closed. 
47314      INFO  main            d.u.i.k.p.r.p.TestFile    Now processing file /home/runner/work/key/key/key.core/../key.ui/examples/index/../InformationFlow/ToyVoting/Voter(Voter__secure_voting()).Non-interference contract.0.m.key 
50110      INFO  main            d.u.i.k.m.s.ProofScriptEngine 1: 'macro 'infflow-autopilot'' 
58996      INFO  main            d.u.i.k.p.r.p.TestFile    ... finished proof: closed. 
1511996    INFO  Test worker     d.u.i.k.p.r.RunAllProofsTestUnit Returning from test ToyVoting_fullmacro 
1511997    INFO  Test worker     d.u.i.k.p.r.RunAllProofsTestUnit Running test SumExample_fullmacro 
349        INFO  Timeout watchdog d.u.i.k.p.r.p.ForkedTestFileRunner Timeout watcher launched (1000 secs.) 
376        WARN  main            d.u.i.k.s.ProofSettings   The settings in /home/runner/.key/proof-settings.props are *not* read. 
379        INFO  main            d.u.i.k.p.r.p.TestFile    Now processing file /home/runner/work/key/key/key.core/../key.ui/examples/index/../InformationFlow/Sum/SumExample(SumExample__getSum()).Non-interference contract.0.m.key 
8180       INFO  main            d.u.i.k.m.s.ProofScriptEngine 1: 'macro 'infflow-autopilot'' 
10109      INFO  main            d.u.i.k.p.r.p.TestFile    ... finished proof: closed. 
1522397    INFO  Test worker     d.u.i.k.p.r.RunAllProofsTestUnit Returning from test SumExample_fullmacro 
1522398    INFO  Test worker     d.u.i.k.p.r.RunAllProofsTestUnit Running test ToyBanking_fullmacro 
373        INFO  Timeout watchdog d.u.i.k.p.r.p.ForkedTestFileRunner Timeout watcher launched (1000 secs.) 
383        WARN  main            d.u.i.k.s.ProofSettings   The settings in /home/runner/.key/proof-settings.props are *not* read. 
390        INFO  main            d.u.i.k.p.r.p.TestFile    Now processing file /home/runner/work/key/key/key.core/../key.ui/examples/index/../InformationFlow/ToyBanking/banking_example.UserAccount(banking_example.UserAccount__getBankAccount(int)).Non-interference contract.0.m.key 
8960       INFO  main            d.u.i.k.m.s.ProofScriptEngine 1: 'macro 'infflow-autopilot'' 
13963      INFO  main            d.u.i.k.p.r.p.TestFile    ... finished proof: closed. 
14122      INFO  main            d.u.i.k.p.r.p.TestFile    Now processing file /home/runner/work/key/key/key.core/../key.ui/examples/index/../InformationFlow/ToyBanking/banking_example.UserAccount(banking_example.UserAccount__tryLogin(int,(C)).Non-interference contract.0.m.key 
17340      INFO  main            d.u.i.k.m.s.ProofScriptEngine 1: 'macro 'infflow-autopilot'' 
66900      INFO  main            d.u.i.k.p.r.p.TestFile    ... finished proof: closed. 
67149      INFO  main            d.u.i.k.p.r.p.TestFile    Now processing file /home/runner/work/key/key/key.core/../key.ui/examples/index/../InformationFlow/ToyBanking/banking_example.BankAccount(banking_example.BankAccount__depositMoney(int)).Non-interference contract.0.m.key 
70181      INFO  main            d.u.i.k.m.s.ProofScriptEngine 1: 'macro 'infflow-autopilot'' 
70727      INFO  main            d.u.i.k.p.r.p.TestFile    ... finished proof: closed. 
70924      INFO  main            d.u.i.k.p.r.p.TestFile    Now processing file /home/runner/work/key/key/key.core/../key.ui/examples/index/../InformationFlow/ToyBanking/banking_example.BankAccount(banking_example.BankAccount__getBalance()).Non-interference contract.0.m.key 
73911      INFO  main            d.u.i.k.m.s.ProofScriptEngine 1: 'macro 'infflow-autopilot'' 
74059      INFO  main            d.u.i.k.p.r.p.TestFile    ... finished proof: closed. 
74204      INFO  main            d.u.i.k.p.r.p.TestFile    Now processing file /home/runner/work/key/key/key.core/../key.ui/examples/index/../InformationFlow/ToyBanking/banking_example.BankAccount(banking_example.BankAccount__getId()).Non-interference contract.0.m.key 
77196      INFO  main            d.u.i.k.m.s.ProofScriptEngine 1: 'macro 'infflow-autopilot'' 
77332      INFO  main            d.u.i.k.p.r.p.TestFile    ... finished proof: closed. 
77472      INFO  main            d.u.i.k.p.r.p.TestFile    Now processing file /home/runner/work/key/key/key.core/../key.ui/examples/index/../InformationFlow/ToyBanking/banking_example.Bank(banking_example.Bank__login(int,(C)).Non-interference contract.0.m.key 
80376      INFO  main            d.u.i.k.m.s.ProofScriptEngine 1: 'macro 'infflow-autopilot'' 
223458     INFO  main            d.u.i.k.p.r.p.TestFile    ... finished proof: open goal(s) 
223761     INFO  main            d.u.i.k.p.r.p.TestFile    Now processing file /home/runner/work/key/key/key.core/../key.ui/examples/index/../InformationFlow/ToyBanking/banking_example2.UserAccount(banking_example2.UserAccount__getBankAccount(int)).Non-interference contract.0.m.key 
226495     INFO  main            d.u.i.k.m.s.ProofScriptEngine 1: 'macro 'infflow-autopilot'' 
228342     INFO  main            d.u.i.k.p.r.p.TestFile    ... finished proof: closed. 
228513     INFO  main            d.u.i.k.p.r.p.TestFile    Now processing file /home/runner/work/key/key/key.core/../key.ui/examples/index/../InformationFlow/ToyBanking/banking_example2.UserAccount(banking_example2.UserAccount__tryLogin(int,(C)).Non-interference contract.0.m.key 
231297     INFO  main            d.u.i.k.m.s.ProofScriptEngine 1: 'macro 'infflow-autopilot'' 
243726     INFO  main            d.u.i.k.p.r.p.TestFile    ... finished proof: closed. 
243940     INFO  main            d.u.i.k.p.r.p.TestFile    Now processing file /home/runner/work/key/key/key.core/../key.ui/examples/index/../InformationFlow/ToyBanking/banking_example2.BankAccount(banking_example2.BankAccount__depositMoney(int)).Non-interference contract.0.m.key 
246662     INFO  main            d.u.i.k.m.s.ProofScriptEngine 1: 'macro 'infflow-autopilot'' 
247185     INFO  main            d.u.i.k.p.r.p.TestFile    ... finished proof: closed. 
247371     INFO  main            d.u.i.k.p.r.p.TestFile    Now processing file /home/runner/work/key/key/key.core/../key.ui/examples/index/../InformationFlow/ToyBanking/banking_example2.BankAccount(banking_example2.BankAccount__getBalance()).Non-interference contract.0.m.key 
250110     INFO  main            d.u.i.k.m.s.ProofScriptEngine 1: 'macro 'infflow-autopilot'' 
250259     INFO  main            d.u.i.k.p.r.p.TestFile    ... finished proof: closed. 
250413     INFO  main            d.u.i.k.p.r.p.TestFile    Now processing file /home/runner/work/key/key/key.core/../key.ui/examples/index/../InformationFlow/ToyBanking/banking_example2.BankAccount(banking_example2.BankAccount__getId()).Non-interference contract.0.m.key 
253221     INFO  main            d.u.i.k.m.s.ProofScriptEngine 1: 'macro 'infflow-autopilot'' 
253349     INFO  main            d.u.i.k.p.r.p.TestFile    ... finished proof: closed. 
1776083    INFO  Test worker     d.u.i.k.p.r.RunAllProofsTestUnit Returning from test ToyBanking_fullmacro 
1776083    INFO  Test worker     d.u.i.k.p.r.RunAllProofsTestUnit Running test BlockContracts_fullmacro 
362        INFO  Timeout watchdog d.u.i.k.p.r.p.ForkedTestFileRunner Timeout watcher launched (1000 secs.) 
373        WARN  main            d.u.i.k.s.ProofSettings   The settings in /home/runner/.key/proof-settings.props are *not* read. 
376        INFO  main            d.u.i.k.p.r.p.TestFile    Now processing file /home/runner/work/key/key/key.core/../key.ui/examples/index/../InformationFlow/BlockContracts/contract.IFBlockExamples(contract.IFBlockExamples__secure_5()).Non-interference contract.0.m.key 
8963       INFO  main            d.u.i.k.m.s.ProofScriptEngine 1: 'macro 'infflow-autopilot'' 
10076      INFO  main            d.u.i.k.p.r.p.TestFile    ... finished proof: closed. 
10268      INFO  main            d.u.i.k.p.r.p.TestFile    Now processing file /home/runner/work/key/key/key.core/../key.ui/examples/index/../InformationFlow/BlockContracts/contract.IFBlockExamples(contract.IFBlockExamples__block_no_return_secure(int)).Non-interference contract.0.m.key 
13247      INFO  main            d.u.i.k.m.s.ProofScriptEngine 1: 'macro 'infflow-autopilot'' 
13814      INFO  main            d.u.i.k.p.r.p.TestFile    ... finished proof: closed. 
13960      INFO  main            d.u.i.k.p.r.p.TestFile    Now processing file /home/runner/work/key/key/key.core/../key.ui/examples/index/../InformationFlow/BlockContracts/contract.IFBlockExamples(contract.IFBlockExamples__while_block_insecure(int)).Non-interference contract.0.m.key 
16806      INFO  main            d.u.i.k.m.s.ProofScriptEngine 1: 'macro 'infflow-autopilot'' 
18253      INFO  main            d.u.i.k.p.r.p.TestFile    ... finished proof: open goal(s) 
18428      INFO  main            d.u.i.k.p.r.p.TestFile    Now processing file /home/runner/work/key/key/key.core/../key.ui/examples/index/../InformationFlow/BlockContracts/contract.IFBlockExamples(contract.IFBlockExamples__while_block_secure(int)).Non-interference contract.0.m.key 
21182      INFO  main            d.u.i.k.m.s.ProofScriptEngine 1: 'macro 'infflow-autopilot'' 
22294      INFO  main            d.u.i.k.p.r.p.TestFile    ... finished proof: closed. 
22510      INFO  main            d.u.i.k.p.r.p.TestFile    Now processing file /home/runner/work/key/key/key.core/../key.ui/examples/index/../InformationFlow/BlockContracts/contract.IFBlockExamples(contract.IFBlockExamples__block_while_secure(int)).Non-interference contract.0.m.key 
25223      INFO  main            d.u.i.k.m.s.ProofScriptEngine 1: 'macro 'infflow-autopilot'' 
26427      INFO  main            d.u.i.k.p.r.p.TestFile    ... finished proof: closed. 
26605      INFO  main            d.u.i.k.p.r.p.TestFile    Now processing file /home/runner/work/key/key/key.core/../key.ui/examples/index/../InformationFlow/BlockContracts/contract.IFBlockExamples(contract.IFBlockExamples__insecure_4(int)).Non-interference contract.0.m.key 
29373      INFO  main            d.u.i.k.m.s.ProofScriptEngine 1: 'macro 'infflow-autopilot'' 
30828      INFO  main            d.u.i.k.p.r.p.TestFile    ... finished proof: open goal(s) 
31031      INFO  main            d.u.i.k.p.r.p.TestFile    Now processing file /home/runner/work/key/key/key.core/../key.ui/examples/index/../InformationFlow/BlockContracts/contract.IFBlockExamples(contract.IFBlockExamples__insecure_3(int)).Non-interference contract.0.m.key 
33710      INFO  main            d.u.i.k.m.s.ProofScriptEngine 1: 'macro 'infflow-autopilot'' 
41039      INFO  main            d.u.i.k.p.r.p.TestFile    ... finished proof: open goal(s) 
41290      INFO  main            d.u.i.k.p.r.p.TestFile    Now processing file /home/runner/work/key/key/key.core/../key.ui/examples/index/../InformationFlow/BlockContracts/contract.IFBlockExamples(contract.IFBlockExamples__secure_3(int)).Non-interference contract.0.m.key 
43955      INFO  main            d.u.i.k.m.s.ProofScriptEngine 1: 'macro 'infflow-autopilot'' 
45079      INFO  main            d.u.i.k.p.r.p.TestFile    ... finished proof: closed. 
45333      INFO  main            d.u.i.k.p.r.p.TestFile    Now processing file /home/runner/work/key/key/key.core/../key.ui/examples/index/../InformationFlow/BlockContracts/contract.IFBlockExamples(contract.IFBlockExamples__secure_2(int)).Non-interference contract.0.m.key 
47929      INFO  main            d.u.i.k.m.s.ProofScriptEngine 1: 'macro 'infflow-autopilot'' 
49294      INFO  main            d.u.i.k.p.r.p.TestFile    ... finished proof: closed. 
49503      INFO  main            d.u.i.k.p.r.p.TestFile    Now processing file /home/runner/work/key/key/key.core/../key.ui/examples/index/../InformationFlow/BlockContracts/contract.IFBlockExamples(contract.IFBlockExamples__secure_8(int)).Non-interference contract.0.m.key 
52143      INFO  main            d.u.i.k.m.s.ProofScriptEngine 1: 'macro 'infflow-autopilot'' 
52634      INFO  main            d.u.i.k.p.r.p.TestFile    ... finished proof: closed. 
52860      INFO  main            d.u.i.k.p.r.p.TestFile    Now processing file /home/runner/work/key/key/key.core/../key.ui/examples/index/../InformationFlow/BlockContracts/contract.IFBlockExamples(contract.IFBlockExamples__secure_7(int)).Non-interference contract.0.m.key 
55489      INFO  main            d.u.i.k.m.s.ProofScriptEngine 1: 'macro 'infflow-autopilot'' 
55827      INFO  main            d.u.i.k.p.r.p.TestFile    ... finished proof: closed. 
56021      INFO  main            d.u.i.k.p.r.p.TestFile    Now processing file /home/runner/work/key/key/key.core/../key.ui/examples/index/../InformationFlow/BlockContracts/contract.IFBlockExamples(contract.IFBlockExamples__secure_6(int)).Non-interference contract.0.m.key 
58712      INFO  main            d.u.i.k.m.s.ProofScriptEngine 1: 'macro 'infflow-autopilot'' 
59053      INFO  main            d.u.i.k.p.r.p.TestFile    ... finished proof: closed. 
59243      INFO  main            d.u.i.k.p.r.p.TestFile    Now processing file /home/runner/work/key/key/key.core/../key.ui/examples/index/../InformationFlow/BlockContracts/contract.IFBlockExamples(contract.IFBlockExamples__insecure_1(int)).Non-interference contract.0.m.key 
61853      INFO  main            d.u.i.k.m.s.ProofScriptEngine 1: 'macro 'infflow-autopilot'' 
62382      INFO  main            d.u.i.k.p.r.p.TestFile    ... finished proof: open goal(s) 
62605      INFO  main            d.u.i.k.p.r.p.TestFile    Now processing file /home/runner/work/key/key/key.core/../key.ui/examples/index/../InformationFlow/BlockContracts/contract.IFBlockExamples(contract.IFBlockExamples__secure_4(int)).Non-interference contract.0.m.key 
65197      INFO  main            d.u.i.k.m.s.ProofScriptEngine 1: 'macro 'infflow-autopilot'' 
65671      INFO  main            d.u.i.k.p.r.p.TestFile    ... finished proof: closed. 
65857      INFO  main            d.u.i.k.p.r.p.TestFile    Now processing file /home/runner/work/key/key/key.core/../key.ui/examples/index/../InformationFlow/BlockContracts/contract.IFBlockExamples(contract.IFBlockExamples__secure_1(int)).Non-interference contract.0.m.key 
68479      INFO  main            d.u.i.k.m.s.ProofScriptEngine 1: 'macro 'infflow-autopilot'' 
69015      INFO  main            d.u.i.k.p.r.p.TestFile    ... finished proof: closed. 
69223      INFO  main            d.u.i.k.p.r.p.TestFile    Now processing file /home/runner/work/key/key/key.core/../key.ui/examples/index/../InformationFlow/BlockContracts/contract.IFEfficiencyExamples(contract.IFEfficiencyExamples__mWithoutBlockContract()).Non-interference contract.0.m.key 
71804      INFO  main            d.u.i.k.m.s.ProofScriptEngine 1: 'macro 'infflow-autopilot'' 
76196      INFO  main            d.u.i.k.p.r.p.TestFile    ... finished proof: closed. 
76426      INFO  main            d.u.i.k.p.r.p.TestFile    Now processing file /home/runner/work/key/key/key.core/../key.ui/examples/index/../InformationFlow/BlockContracts/contract.IFEfficiencyExamples(contract.IFEfficiencyExamples__mWithBlockContract()).Non-interference contract.0.m.key 
79012      INFO  main            d.u.i.k.m.s.ProofScriptEngine 1: 'macro 'infflow-autopilot'' 
80500      INFO  main            d.u.i.k.p.r.p.TestFile    ... finished proof: closed. 
1856973    INFO  Test worker     d.u.i.k.p.r.RunAllProofsTestUnit Returning from test BlockContracts_fullmacro 
1856974    INFO  Test worker     d.u.i.k.p.r.RunAllProofsTestUnit Running test MethodContracts_fullmacro 
392        INFO  Timeout watchdog d.u.i.k.p.r.p.ForkedTestFileRunner Timeout watcher launched (1000 secs.) 
409        WARN  main            d.u.i.k.s.ProofSettings   The settings in /home/runner/.key/proof-settings.props are *not* read. 
419        INFO  main            d.u.i.k.p.r.p.TestFile    Now processing file /home/runner/work/key/key/key.core/../key.ui/examples/index/../InformationFlow/MethodContracts/contract.IFMethodContract(contract.IFMethodContract__secure_recursion_2((I,int)).Non-interference contract.0.m.key 
8620       INFO  main            d.u.i.k.m.s.ProofScriptEngine 1: 'macro 'infflow-autopilot'' 
12608      INFO  main            d.u.i.k.p.r.p.TestFile    ... finished proof: closed. 
12750      INFO  main            d.u.i.k.p.r.p.TestFile    Now processing file /home/runner/work/key/key/key.core/../key.ui/examples/index/../InformationFlow/MethodContracts/contract.IFMethodContract(contract.IFMethodContract__secure_recursion(int)).Non-interference contract.0.m.key 
15842      INFO  main            d.u.i.k.m.s.ProofScriptEngine 1: 'macro 'infflow-autopilot'' 
16495      INFO  main            d.u.i.k.p.r.p.TestFile    ... finished proof: closed. 
16617      INFO  main            d.u.i.k.p.r.p.TestFile    Now processing file /home/runner/work/key/key/key.core/../key.ui/examples/index/../InformationFlow/MethodContracts/contract.IFMethodContract(contract.IFMethodContract__secure_catch_exception()).Non-interference contract.0.m.key 
19500      INFO  main            d.u.i.k.m.s.ProofScriptEngine 1: 'macro 'infflow-autopilot'' 
19778      INFO  main            d.u.i.k.p.r.p.TestFile    ... finished proof: closed. 
19908      INFO  main            d.u.i.k.p.r.p.TestFile    Now processing file /home/runner/work/key/key/key.core/../key.ui/examples/index/../InformationFlow/MethodContracts/contract.IFMethodContract(contract.IFMethodContract__n6()).Non-interference contract.0.m.key 
22758      INFO  main            d.u.i.k.m.s.ProofScriptEngine 1: 'macro 'infflow-autopilot'' 
22901      INFO  main            d.u.i.k.p.r.p.TestFile    ... finished proof: closed. 
23070      INFO  main            d.u.i.k.p.r.p.TestFile    Now processing file /home/runner/work/key/key/key.core/../key.ui/examples/index/../InformationFlow/MethodContracts/contract.IFMethodContract(contract.IFMethodContract__secure_n6()).Non-interference contract.0.m.key 
25848      INFO  main            d.u.i.k.m.s.ProofScriptEngine 1: 'macro 'infflow-autopilot'' 
26084      INFO  main            d.u.i.k.p.r.p.TestFile    ... finished proof: closed. 
26218      INFO  main            d.u.i.k.p.r.p.TestFile    Now processing file /home/runner/work/key/key/key.core/../key.ui/examples/index/../InformationFlow/MethodContracts/contract.IFMethodContract(contract.IFMethodContract__secure_array_param((I,int)).Non-interference contract.0.m.key 
28993      INFO  main            d.u.i.k.m.s.ProofScriptEngine 1: 'macro 'infflow-autopilot'' 
30564      INFO  main            d.u.i.k.p.r.p.TestFile    ... finished proof: closed. 
30713      INFO  main            d.u.i.k.p.r.p.TestFile    Now processing file /home/runner/work/key/key/key.core/../key.ui/examples/index/../InformationFlow/MethodContracts/contract.IFMethodContract(contract.IFMethodContract__secure_assignment_0_n9()).Non-interference contract.0.m.key 
33462      INFO  main            d.u.i.k.m.s.ProofScriptEngine 1: 'macro 'infflow-autopilot'' 
33672      INFO  main            d.u.i.k.p.r.p.TestFile    ... finished proof: closed. 
33814      INFO  main            d.u.i.k.p.r.p.TestFile    Now processing file /home/runner/work/key/key/key.core/../key.ui/examples/index/../InformationFlow/MethodContracts/contract.IFMethodContract(contract.IFMethodContract__insecure_if_high_n5_n1()).Non-interference contract.0.m.key 
36599      INFO  main            d.u.i.k.m.s.ProofScriptEngine 1: 'macro 'infflow-autopilot'' 
37334      INFO  main            d.u.i.k.p.r.p.TestFile    ... finished proof: open goal(s) 
37482      INFO  main            d.u.i.k.p.r.p.TestFile    Now processing file /home/runner/work/key/key/key.core/../key.ui/examples/index/../InformationFlow/MethodContracts/contract.IFMethodContract(contract.IFMethodContract__n5(int)).Non-interference contract.0.m.key 
40200      INFO  main            d.u.i.k.m.s.ProofScriptEngine 1: 'macro 'infflow-autopilot'' 
40316      INFO  main            d.u.i.k.p.r.p.TestFile    ... finished proof: closed. 
40495      INFO  main            d.u.i.k.p.r.p.TestFile    Now processing file /home/runner/work/key/key/key.core/../key.ui/examples/index/../InformationFlow/MethodContracts/contract.IFMethodContract(contract.IFMethodContract__secure_if_high_n5_n1()).Non-interference contract.0.m.key 
43273      INFO  main            d.u.i.k.m.s.ProofScriptEngine 1: 'macro 'infflow-autopilot'' 
44071      INFO  main            d.u.i.k.p.r.p.TestFile    ... finished proof: closed. 
44248      INFO  main            d.u.i.k.p.r.p.TestFile    Now processing file /home/runner/work/key/key/key.core/../key.ui/examples/index/../InformationFlow/MethodContracts/contract.IFMethodContract(contract.IFMethodContract__secure_if_high_n1()).Non-interference contract.0.m.key 
46976      INFO  main            d.u.i.k.m.s.ProofScriptEngine 1: 'macro 'infflow-autopilot'' 
47448      INFO  main            d.u.i.k.p.r.p.TestFile    ... finished proof: closed. 
47615      INFO  main            d.u.i.k.p.r.p.TestFile    Now processing file /home/runner/work/key/key/key.core/../key.ui/examples/index/../InformationFlow/MethodContracts/contract.IFMethodContract(contract.IFMethodContract__secure_n5()).Non-interference contract.0.m.key 
50312      INFO  main            d.u.i.k.m.s.ProofScriptEngine 1: 'macro 'infflow-autopilot'' 
50500      INFO  main            d.u.i.k.p.r.p.TestFile    ... finished proof: closed. 
50658      INFO  main            d.u.i.k.p.r.p.TestFile    Now processing file /home/runner/work/key/key/key.core/../key.ui/examples/index/../InformationFlow/MethodContracts/contract.IFMethodContract(contract.IFMethodContract__n4()).Non-interference contract.0.m.key 
53378      INFO  main            d.u.i.k.m.s.ProofScriptEngine 1: 'macro 'infflow-autopilot'' 
53515      INFO  main            d.u.i.k.p.r.p.TestFile    ... finished proof: closed. 
53669      INFO  main            d.u.i.k.p.r.p.TestFile    Now processing file /home/runner/work/key/key/key.core/../key.ui/examples/index/../InformationFlow/MethodContracts/contract.IFMethodContract(contract.IFMethodContract__n3()).Non-interference contract.0.m.key 
56361      INFO  main            d.u.i.k.m.s.ProofScriptEngine 1: 'macro 'infflow-autopilot'' 
56444      INFO  main            d.u.i.k.p.r.p.TestFile    ... finished proof: closed. 
56620      INFO  main            d.u.i.k.p.r.p.TestFile    Now processing file /home/runner/work/key/key/key.core/../key.ui/examples/index/../InformationFlow/MethodContracts/contract.IFMethodContract(contract.IFMethodContract__secure_sequential_n3_precond_n4()).Non-interference contract.0.m.key 
59326      INFO  main            d.u.i.k.m.s.ProofScriptEngine 1: 'macro 'infflow-autopilot'' 
59632      INFO  main            d.u.i.k.p.r.p.TestFile    ... finished proof: closed. 
59804      INFO  main            d.u.i.k.p.r.p.TestFile    Now processing file /home/runner/work/key/key/key.core/../key.ui/examples/index/../InformationFlow/MethodContracts/contract.IFMethodContract(contract.IFMethodContract__insecure_assignment_n2()).Non-interference contract.0.m.key 
62479      INFO  main            d.u.i.k.m.s.ProofScriptEngine 1: 'macro 'infflow-autopilot'' 
62760      INFO  main            d.u.i.k.p.r.p.TestFile    ... finished proof: open goal(s) 
62943      INFO  main            d.u.i.k.p.r.p.TestFile    Now processing file /home/runner/work/key/key/key.core/../key.ui/examples/index/../InformationFlow/MethodContracts/contract.IFMethodContract(contract.IFMethodContract__secure_assignments_n2()).Non-interference contract.0.m.key 
65610      INFO  main            d.u.i.k.m.s.ProofScriptEngine 1: 'macro 'infflow-autopilot'' 
65915      INFO  main            d.u.i.k.p.r.p.TestFile    ... finished proof: closed. 
66161      INFO  main            d.u.i.k.p.r.p.TestFile    Now processing file /home/runner/work/key/key/key.core/../key.ui/examples/index/../InformationFlow/MethodContracts/contract.IFMethodContract(contract.IFMethodContract__n2()).Non-interference contract.0.m.key 
68813      INFO  main            d.u.i.k.m.s.ProofScriptEngine 1: 'macro 'infflow-autopilot'' 
68926      INFO  main            d.u.i.k.p.r.p.TestFile    ... finished proof: closed. 
69112      INFO  main            d.u.i.k.p.r.p.TestFile    Now processing file /home/runner/work/key/key/key.core/../key.ui/examples/index/../InformationFlow/MethodContracts/contract.IFMethodContract(contract.IFMethodContract__n1()).Non-interference contract.0.m.key 
71761      INFO  main            d.u.i.k.m.s.ProofScriptEngine 1: 'macro 'infflow-autopilot'' 
71849      INFO  main            d.u.i.k.p.r.p.TestFile    ... finished proof: closed. 
72022      INFO  main            d.u.i.k.p.r.p.TestFile    Now processing file /home/runner/work/key/key/key.core/../key.ui/examples/index/../InformationFlow/MethodContracts/contract.IFMethodContract(contract.IFMethodContract__secure_sequential_n1_n2()).Non-interference contract.0.m.key 
74664      INFO  main            d.u.i.k.m.s.ProofScriptEngine 1: 'macro 'infflow-autopilot'' 
74884      INFO  main            d.u.i.k.p.r.p.TestFile    ... finished proof: closed. 
1932203    INFO  Test worker     d.u.i.k.p.r.RunAllProofsTestUnit Returning from test MethodContracts_fullmacro 
1932204    INFO  Test worker     d.u.i.k.p.r.RunAllProofsTestUnit Running test InformationFlow_fullmacro 
350        INFO  Timeout watchdog d.u.i.k.p.r.p.ForkedTestFileRunner Timeout watcher launched (1000 secs.) 
361        WARN  main            d.u.i.k.s.ProofSettings   The settings in /home/runner/.key/proof-settings.props are *not* read. 
369        INFO  main            d.u.i.k.p.r.p.TestFile    Now processing file /home/runner/work/key/key/key.core/../key.ui/examples/index/../InformationFlow/LoopInvariants/loop.IFLoopExamples(loop.IFLoopExamples__insecure_while_3(int)).Non-interference contract.0.m.key 
9114       INFO  main            d.u.i.k.m.s.ProofScriptEngine 1: 'macro 'infflow-autopilot'' 
14301      INFO  main            d.u.i.k.p.r.p.TestFile    ... finished proof: open goal(s) 
14444      INFO  main            d.u.i.k.p.r.p.TestFile    Now processing file /home/runner/work/key/key/key.core/../key.ui/examples/index/../InformationFlow/LoopInvariants/loop.IFLoopExamples(loop.IFLoopExamples__secure_while_2(int)).Non-interference contract.0.m.key 
17725      INFO  main            d.u.i.k.m.s.ProofScriptEngine 1: 'macro 'infflow-autopilot'' 
19062      INFO  main            d.u.i.k.p.r.p.TestFile    ... finished proof: closed. 
19194      INFO  main            d.u.i.k.p.r.p.TestFile    Now processing file /home/runner/work/key/key/key.core/../key.ui/examples/index/../InformationFlow/LoopInvariants/loop.IFLoopExamples(loop.IFLoopExamples__secure_while_4(int)).Non-interference contract.0.m.key 
22444      INFO  main            d.u.i.k.m.s.ProofScriptEngine 1: 'macro 'infflow-autopilot'' 
23706      INFO  main            d.u.i.k.p.r.p.TestFile    ... finished proof: closed. 
23842      INFO  main            d.u.i.k.p.r.p.TestFile    Now processing file /home/runner/work/key/key/key.core/../key.ui/examples/index/../InformationFlow/LoopInvariants/loop.IFLoopExamples(loop.IFLoopExamples__insecure_doubleNestedWhile2(int)).Non-interference contract.0.m.key 
27015      INFO  main            d.u.i.k.m.s.ProofScriptEngine 1: 'macro 'infflow-autopilot'' 
252006     INFO  main            d.u.i.k.p.r.p.TestFile    ... finished proof: open goal(s) 
252207     INFO  main            d.u.i.k.p.r.p.TestFile    Now processing file /home/runner/work/key/key/key.core/../key.ui/examples/index/../InformationFlow/LoopInvariants/loop.IFLoopExamples(loop.IFLoopExamples__insecure_doubleNestedWhile(int)).Non-interference contract.0.m.key 
255288     INFO  main            d.u.i.k.m.s.ProofScriptEngine 1: 'macro 'infflow-autopilot'' 
260183     INFO  main            d.u.i.k.p.r.p.TestFile    ... finished proof: open goal(s) 
260342     INFO  main            d.u.i.k.p.r.p.TestFile    Now processing file /home/runner/work/key/key/key.core/../key.ui/examples/index/../InformationFlow/LoopInvariants/loop.IFLoopExamples(loop.IFLoopExamples__secure_doubleNestedWhile(int)).Non-interference contract.0.m.key 
263400     INFO  main            d.u.i.k.m.s.ProofScriptEngine 1: 'macro 'infflow-autopilot'' 
267781     INFO  main            d.u.i.k.p.r.p.TestFile    ... finished proof: closed. 
267935     INFO  main            d.u.i.k.p.r.p.TestFile    Now processing file /home/runner/work/key/key/key.core/../key.ui/examples/index/../InformationFlow/LoopInvariants/loop.IFLoopExamples(loop.IFLoopExamples__secure_nestedTwoWhile(int)).Non-interference contract.0.m.key 
270958     INFO  main            d.u.i.k.m.s.ProofScriptEngine 1: 'macro 'infflow-autopilot'' 
274526     INFO  main            d.u.i.k.p.r.p.TestFile    ... finished proof: closed. 
274676     INFO  main            d.u.i.k.p.r.p.TestFile    Now processing file /home/runner/work/key/key/key.core/../key.ui/examples/index/../InformationFlow/LoopInvariants/loop.IFLoopExamples(loop.IFLoopExamples__secure_nestedWhile(int)).Non-interference contract.0.m.key 
277734     INFO  main            d.u.i.k.m.s.ProofScriptEngine 1: 'macro 'infflow-autopilot'' 
280237     INFO  main            d.u.i.k.p.r.p.TestFile    ... finished proof: closed. 
280387     INFO  main            d.u.i.k.p.r.p.TestFile    Now processing file /home/runner/work/key/key/key.core/../key.ui/examples/index/../InformationFlow/LoopInvariants/loop.IFLoopExamples(loop.IFLoopExamples__notSecure_while(int)).Non-interference contract.0.m.key 
283423     INFO  main            d.u.i.k.m.s.ProofScriptEngine 1: 'macro 'infflow-autopilot'' 
285987     INFO  main            d.u.i.k.p.r.p.TestFile    ... finished proof: open goal(s) 
286153     INFO  main            d.u.i.k.p.r.p.TestFile    Now processing file /home/runner/work/key/key/key.core/../key.ui/examples/index/../InformationFlow/LoopInvariants/loop.IFLoopExamples(loop.IFLoopExamples__notSecure_while_wrongInv(int)).Non-interference contract.0.m.key 
289210     INFO  main            d.u.i.k.m.s.ProofScriptEngine 1: 'macro 'infflow-autopilot'' 
290850     INFO  main            d.u.i.k.p.r.p.TestFile    ... finished proof: open goal(s) 
291019     INFO  main            d.u.i.k.p.r.p.TestFile    Now processing file /home/runner/work/key/key/key.core/../key.ui/examples/index/../InformationFlow/LoopInvariants/loop.IFLoopExamples(loop.IFLoopExamples__insecure_twoWhile(int)).Non-interference contract.0.m.key 
294063     INFO  main            d.u.i.k.m.s.ProofScriptEngine 1: 'macro 'infflow-autopilot'' 
295737     INFO  main            d.u.i.k.p.r.p.TestFile    ... finished proof: open goal(s) 
295907     INFO  main            d.u.i.k.p.r.p.TestFile    Now processing file /home/runner/work/key/key/key.core/../key.ui/examples/index/../InformationFlow/LoopInvariants/loop.IFLoopExamples(loop.IFLoopExamples__insecure_twoWhile_2(int)).Non-interference contract.0.m.key 
298917     INFO  main            d.u.i.k.m.s.ProofScriptEngine 1: 'macro 'infflow-autopilot'' 
301159     INFO  main            d.u.i.k.p.r.p.TestFile    ... finished proof: open goal(s) 
301337     INFO  main            d.u.i.k.p.r.p.TestFile    Now processing file /home/runner/work/key/key/key.core/../key.ui/examples/index/../InformationFlow/LoopInvariants/loop.IFLoopExamples(loop.IFLoopExamples__secure_twoWhile(int)).Non-interference contract.0.m.key 
304364     INFO  main            d.u.i.k.m.s.ProofScriptEngine 1: 'macro 'infflow-autopilot'' 
305863     INFO  main            d.u.i.k.p.r.p.TestFile    ... finished proof: closed. 
306029     INFO  main            d.u.i.k.p.r.p.TestFile    Now processing file /home/runner/work/key/key/key.core/../key.ui/examples/index/../InformationFlow/LoopInvariants/loop.IFLoopExamples(loop.IFLoopExamples__loc_secure_while(int)).Non-interference contract.0.m.key 
309066     INFO  main            d.u.i.k.m.s.ProofScriptEngine 1: 'macro 'infflow-autopilot'' 
310007     INFO  main            d.u.i.k.p.r.p.TestFile    ... finished proof: closed. 
310172     INFO  main            d.u.i.k.p.r.p.TestFile    Now processing file /home/runner/work/key/key/key.core/../key.ui/examples/index/../InformationFlow/LoopInvariants/loop.IFLoopExamples(loop.IFLoopExamples__secure_while(int)).Non-interference contract.0.m.key 
313145     INFO  main            d.u.i.k.m.s.ProofScriptEngine 1: 'macro 'infflow-autopilot'' 
313863     INFO  main            d.u.i.k.p.r.p.TestFile    ... finished proof: closed. 
314035     INFO  main            d.u.i.k.p.r.p.TestFile    Now processing file /home/runner/work/key/key/key.core/../key.ui/examples/index/../InformationFlow/LoopInvariants/loop.IFLoopExamples(loop.IFLoopExamples__print(int)).Non-interference contract.0.m.key 
316979     INFO  main            d.u.i.k.m.s.ProofScriptEngine 1: 'macro 'infflow-autopilot'' 
317080     INFO  main            d.u.i.k.p.r.p.TestFile    ... finished proof: closed. 
317243     INFO  main            d.u.i.k.p.r.p.TestFile    Now processing file /home/runner/work/key/key/key.core/../key.ui/examples/index/../InformationFlow/LoopInvariants/loop.IFLoopExamples(loop.IFLoopExamples__hammer(int)).Non-interference contract.0.m.key 
320200     INFO  main            d.u.i.k.m.s.ProofScriptEngine 1: 'macro 'infflow-autopilot'' 
321504     INFO  main            d.u.i.k.p.r.p.TestFile    ... finished proof: closed. 
2254037    INFO  Test worker     d.u.i.k.p.r.RunAllProofsTestUnit Returning from test InformationFlow_fullmacro 
2254038    INFO  Test worker     d.u.i.k.p.r.RunAllProofsTestUnit Running test MiniExamples_fullmacro 
360        INFO  Timeout watchdog d.u.i.k.p.r.p.ForkedTestFileRunner Timeout watcher launched (1000 secs.) 
374        WARN  main            d.u.i.k.s.ProofSettings   The settings in /home/runner/.key/proof-settings.props are *not* read. 
382        INFO  main            d.u.i.k.p.r.p.TestFile    Now processing file /home/runner/work/key/key/key.core/../key.ui/examples/index/../InformationFlow/MiniExamples/mini.AliasingExamples(mini.AliasingExamples__insecure_1(mini.AliasingExamples,mini.AliasingExamples,int)).Non-interference contract.0.m.key 
8832       INFO  main            d.u.i.k.m.s.ProofScriptEngine 1: 'macro 'infflow-autopilot'' 
9990       INFO  main            d.u.i.k.p.r.p.TestFile    ... finished proof: open goal(s) 
10107      INFO  main            d.u.i.k.p.r.p.TestFile    Now processing file /home/runner/work/key/key/key.core/../key.ui/examples/index/../InformationFlow/MiniExamples/mini.AliasingExamples(mini.AliasingExamples__secure_1(mini.AliasingExamples,mini.AliasingExamples,int)).Non-interference contract.0.m.key 
13027      INFO  main            d.u.i.k.m.s.ProofScriptEngine 1: 'macro 'infflow-autopilot'' 
13432      INFO  main            d.u.i.k.p.r.p.TestFile    ... finished proof: closed. 
13550      INFO  main            d.u.i.k.p.r.p.TestFile    Now processing file /home/runner/work/key/key/key.core/../key.ui/examples/index/../InformationFlow/MiniExamples/mini.MiniExamplesLecture(mini.MiniExamplesLecture__m_6()).Non-interference contract.0.m.key 
16316      INFO  main            d.u.i.k.m.s.ProofScriptEngine 1: 'macro 'infflow-autopilot'' 
16468      INFO  main            d.u.i.k.p.r.p.TestFile    ... finished proof: closed. 
16596      INFO  main            d.u.i.k.p.r.p.TestFile    Now processing file /home/runner/work/key/key/key.core/../key.ui/examples/index/../InformationFlow/MiniExamples/mini.MiniExamplesLecture(mini.MiniExamplesLecture__m_5()).Non-interference contract.0.m.key 
19349      INFO  main            d.u.i.k.m.s.ProofScriptEngine 1: 'macro 'infflow-autopilot'' 
19554      INFO  main            d.u.i.k.p.r.p.TestFile    ... finished proof: closed. 
19683      INFO  main            d.u.i.k.p.r.p.TestFile    Now processing file /home/runner/work/key/key/key.core/../key.ui/examples/index/../InformationFlow/MiniExamples/mini.MiniExamplesLecture(mini.MiniExamplesLecture__m_4()).Non-interference contract.0.m.key 
22331      INFO  main            d.u.i.k.m.s.ProofScriptEngine 1: 'macro 'infflow-autopilot'' 
22486      INFO  main            d.u.i.k.p.r.p.TestFile    ... finished proof: closed. 
22622      INFO  main            d.u.i.k.p.r.p.TestFile    Now processing file /home/runner/work/key/key/key.core/../key.ui/examples/index/../InformationFlow/MiniExamples/mini.MiniExamplesLecture(mini.MiniExamplesLecture__m_3()).Non-interference contract.0.m.key 
25282      INFO  main            d.u.i.k.m.s.ProofScriptEngine 1: 'macro 'infflow-autopilot'' 
25592      INFO  main            d.u.i.k.p.r.p.TestFile    ... finished proof: open goal(s) 
25743      INFO  main            d.u.i.k.p.r.p.TestFile    Now processing file /home/runner/work/key/key/key.core/../key.ui/examples/index/../InformationFlow/MiniExamples/mini.MiniExamplesLecture(mini.MiniExamplesLecture__m_2()).Non-interference contract.0.m.key 
28426      INFO  main            d.u.i.k.m.s.ProofScriptEngine 1: 'macro 'infflow-autopilot'' 
28634      INFO  main            d.u.i.k.p.r.p.TestFile    ... finished proof: closed. 
28783      INFO  main            d.u.i.k.p.r.p.TestFile    Now processing file /home/runner/work/key/key/key.core/../key.ui/examples/index/../InformationFlow/MiniExamples/mini.MiniExamplesLecture(mini.MiniExamplesLecture__m_1()).Non-interference contract.0.m.key 
31364      INFO  main            d.u.i.k.m.s.ProofScriptEngine 1: 'macro 'infflow-autopilot'' 
31506      INFO  main            d.u.i.k.p.r.p.TestFile    ... finished proof: open goal(s) 
31655      INFO  main            d.u.i.k.p.r.p.TestFile    Now processing file /home/runner/work/key/key/key.core/../key.ui/examples/index/../InformationFlow/MiniExamples/mini.DifferenceSeqLocset(mini.DifferenceSeqLocset__m()).Non-interference contract.1.m.key 
34227      INFO  main            d.u.i.k.m.s.ProofScriptEngine 1: 'macro 'infflow-autopilot'' 
34855      INFO  main            d.u.i.k.p.r.p.TestFile    ... finished proof: open goal(s) 
35014      INFO  main            d.u.i.k.p.r.p.TestFile    Now processing file /home/runner/work/key/key/key.core/../key.ui/examples/index/../InformationFlow/MiniExamples/mini.DifferenceSeqLocset(mini.DifferenceSeqLocset__m()).Non-interference contract.0.m.key 
37580      INFO  main            d.u.i.k.m.s.ProofScriptEngine 1: 'macro 'infflow-autopilot'' 
39089      INFO  main            d.u.i.k.p.r.p.TestFile    ... finished proof: open goal(s) 
39240      INFO  main            d.u.i.k.p.r.p.TestFile    Now processing file /home/runner/work/key/key/key.core/../key.ui/examples/index/../InformationFlow/MiniExamples/mini.MiniExamples(mini.MiniExamples__secure_p2_8()).Non-interference contract.0.m.key 
41827      INFO  main            d.u.i.k.m.s.ProofScriptEngine 1: 'macro 'infflow-autopilot'' 
42073      INFO  main            d.u.i.k.p.r.p.TestFile    ... finished proof: closed. 
42233      INFO  main            d.u.i.k.p.r.p.TestFile    Now processing file /home/runner/work/key/key/key.core/../key.ui/examples/index/../InformationFlow/MiniExamples/mini.MiniExamples(mini.MiniExamples__secure_parameter(int)).Non-interference contract.0.m.key 
44784      INFO  main            d.u.i.k.m.s.ProofScriptEngine 1: 'macro 'infflow-autopilot'' 
44927      INFO  main            d.u.i.k.p.r.p.TestFile    ... finished proof: closed. 
45084      INFO  main            d.u.i.k.p.r.p.TestFile    Now processing file /home/runner/work/key/key/key.core/../key.ui/examples/index/../InformationFlow/MiniExamples/mini.MiniExamples(mini.MiniExamples__secure_p2_7()).Non-interference contract.0.m.key 
47644      INFO  main            d.u.i.k.m.s.ProofScriptEngine 1: 'macro 'infflow-autopilot'' 
47892      INFO  main            d.u.i.k.p.r.p.TestFile    ... finished proof: closed. 
48049      INFO  main            d.u.i.k.p.r.p.TestFile    Now processing file /home/runner/work/key/key/key.core/../key.ui/examples/index/../InformationFlow/MiniExamples/mini.MiniExamples(mini.MiniExamples__insecure_p2_2()).Non-interference contract.0.m.key 
50589      INFO  main            d.u.i.k.m.s.ProofScriptEngine 1: 'macro 'infflow-autopilot'' 
50813      INFO  main            d.u.i.k.p.r.p.TestFile    ... finished proof: open goal(s) 
50980      INFO  main            d.u.i.k.p.r.p.TestFile    Now processing file /home/runner/work/key/key/key.core/../key.ui/examples/index/../InformationFlow/MiniExamples/mini.MiniExamples(mini.MiniExamples__secure_p2_6()).Non-interference contract.0.m.key 
53540      INFO  main            d.u.i.k.m.s.ProofScriptEngine 1: 'macro 'infflow-autopilot'' 
53627      INFO  main            d.u.i.k.p.r.p.TestFile    ... finished proof: closed. 
53794      INFO  main            d.u.i.k.p.r.p.TestFile    Now processing file /home/runner/work/key/key/key.core/../key.ui/examples/index/../InformationFlow/MiniExamples/mini.MiniExamples(mini.MiniExamples__secure_p2_5()).Non-interference contract.0.m.key 
56387      INFO  main            d.u.i.k.m.s.ProofScriptEngine 1: 'macro 'infflow-autopilot'' 
56513      INFO  main            d.u.i.k.p.r.p.TestFile    ... finished proof: closed. 
56682      INFO  main            d.u.i.k.p.r.p.TestFile    Now processing file /home/runner/work/key/key/key.core/../key.ui/examples/index/../InformationFlow/MiniExamples/mini.MiniExamples(mini.MiniExamples__secure_p2_4()).Non-interference contract.0.m.key 
59214      INFO  main            d.u.i.k.m.s.ProofScriptEngine 1: 'macro 'infflow-autopilot'' 
59344      INFO  main            d.u.i.k.p.r.p.TestFile    ... finished proof: closed. 
59515      INFO  main            d.u.i.k.p.r.p.TestFile    Now processing file /home/runner/work/key/key/key.core/../key.ui/examples/index/../InformationFlow/MiniExamples/mini.MiniExamples(mini.MiniExamples__secure_p2_3()).Non-interference contract.0.m.key 
62029      INFO  main            d.u.i.k.m.s.ProofScriptEngine 1: 'macro 'infflow-autopilot'' 
62144      INFO  main            d.u.i.k.p.r.p.TestFile    ... finished proof: closed. 
62320      INFO  main            d.u.i.k.p.r.p.TestFile    Now processing file /home/runner/work/key/key/key.core/../key.ui/examples/index/../InformationFlow/MiniExamples/mini.MiniExamples(mini.MiniExamples__secure_p2_2()).Non-interference contract.0.m.key 
64818      INFO  main            d.u.i.k.m.s.ProofScriptEngine 1: 'macro 'infflow-autopilot'' 
64916      INFO  main            d.u.i.k.p.r.p.TestFile    ... finished proof: closed. 
65094      INFO  main            d.u.i.k.p.r.p.TestFile    Now processing file /home/runner/work/key/key/key.core/../key.ui/examples/index/../InformationFlow/MiniExamples/mini.MiniExamples(mini.MiniExamples__secure_p2_1()).Non-interference contract.0.m.key 
67593      INFO  main            d.u.i.k.m.s.ProofScriptEngine 1: 'macro 'infflow-autopilot'' 
67679      INFO  main            d.u.i.k.p.r.p.TestFile    ... finished proof: closed. 
67855      INFO  main            d.u.i.k.p.r.p.TestFile    Now processing file /home/runner/work/key/key/key.core/../key.ui/examples/index/../InformationFlow/MiniExamples/mini.MiniExamples(mini.MiniExamples__insecure_p2_1()).Non-interference contract.0.m.key 
70366      INFO  main            d.u.i.k.m.s.ProofScriptEngine 1: 'macro 'infflow-autopilot'' 
70484      INFO  main            d.u.i.k.p.r.p.TestFile    ... finished proof: open goal(s) 
70667      INFO  main            d.u.i.k.p.r.p.TestFile    Now processing file /home/runner/work/key/key/key.core/../key.ui/examples/index/../InformationFlow/MiniExamples/mini.MiniExamples(mini.MiniExamples__secure_p1_6()).Non-interference contract.0.m.key 
73166      INFO  main            d.u.i.k.m.s.ProofScriptEngine 1: 'macro 'infflow-autopilot'' 
73276      INFO  main            d.u.i.k.p.r.p.TestFile    ... finished proof: closed. 
73463      INFO  main            d.u.i.k.p.r.p.TestFile    Now processing file /home/runner/work/key/key/key.core/../key.ui/examples/index/../InformationFlow/MiniExamples/mini.MiniExamples(mini.MiniExamples__secure_p1_5()).Non-interference contract.0.m.key 
75967      INFO  main            d.u.i.k.m.s.ProofScriptEngine 1: 'macro 'infflow-autopilot'' 
76201      INFO  main            d.u.i.k.p.r.p.TestFile    ... finished proof: closed. 
76442      INFO  main            d.u.i.k.p.r.p.TestFile    Now processing file /home/runner/work/key/key/key.core/../key.ui/examples/index/../InformationFlow/MiniExamples/mini.MiniExamples(mini.MiniExamples__secure_p1_4()).Non-interference contract.0.m.key 
78908      INFO  main            d.u.i.k.m.s.ProofScriptEngine 1: 'macro 'infflow-autopilot'' 
79107      INFO  main            d.u.i.k.p.r.p.TestFile    ... finished proof: closed. 
79303      INFO  main            d.u.i.k.p.r.p.TestFile    Now processing file /home/runner/work/key/key/key.core/../key.ui/examples/index/../InformationFlow/MiniExamples/mini.MiniExamples(mini.MiniExamples__secure_p1_3()).Non-interference contract.0.m.key 
81769      INFO  main            d.u.i.k.m.s.ProofScriptEngine 1: 'macro 'infflow-autopilot'' 
81879      INFO  main            d.u.i.k.p.r.p.TestFile    ... finished proof: closed. 
82154      INFO  main            d.u.i.k.p.r.p.TestFile    Now processing file /home/runner/work/key/key/key.core/../key.ui/examples/index/../InformationFlow/MiniExamples/mini.MiniExamples(mini.MiniExamples__secure_p1_2()).Non-interference contract.0.m.key 
84688      INFO  main            d.u.i.k.m.s.ProofScriptEngine 1: 'macro 'infflow-autopilot'' 
84901      INFO  main            d.u.i.k.p.r.p.TestFile    ... finished proof: closed. 
85205      INFO  main            d.u.i.k.p.r.p.TestFile    Now processing file /home/runner/work/key/key/key.core/../key.ui/examples/index/../InformationFlow/MiniExamples/mini.MiniExamples(mini.MiniExamples__secure_p1_1()).Non-interference contract.1.m.key 
87678      INFO  main            d.u.i.k.m.s.ProofScriptEngine 1: 'macro 'infflow-autopilot'' 
87838      INFO  main            d.u.i.k.p.r.p.TestFile    ... finished proof: closed. 
88052      INFO  main            d.u.i.k.p.r.p.TestFile    Now processing file /home/runner/work/key/key/key.core/../key.ui/examples/index/../InformationFlow/MiniExamples/mini.MiniExamples(mini.MiniExamples__secure_p1_1()).Non-interference contract.0.m.key 
90549      INFO  main            d.u.i.k.m.s.ProofScriptEngine 1: 'macro 'infflow-autopilot'' 
90717      INFO  main            d.u.i.k.p.r.p.TestFile    ... finished proof: closed. 
90926      INFO  main            d.u.i.k.p.r.p.TestFile    Now processing file /home/runner/work/key/key/key.core/../key.ui/examples/index/../InformationFlow/MiniExamples/mini.MiniExamples(mini.MiniExamples__insecure_p1_2()).Non-interference contract.0.m.key 
93375      INFO  main            d.u.i.k.m.s.ProofScriptEngine 1: 'macro 'infflow-autopilot'' 
93615      INFO  main            d.u.i.k.p.r.p.TestFile    ... finished proof: open goal(s) 
93829      INFO  main            d.u.i.k.p.r.p.TestFile    Now processing file /home/runner/work/key/key/key.core/../key.ui/examples/index/../InformationFlow/MiniExamples/mini.MiniExamples(mini.MiniExamples__insecure_p1_1()).Non-interference contract.0.m.key 
96301      INFO  main            d.u.i.k.m.s.ProofScriptEngine 1: 'macro 'infflow-autopilot'' 
96413      INFO  main            d.u.i.k.p.r.p.TestFile    ... finished proof: open goal(s) 
2350848    INFO  Test worker     d.u.i.k.p.r.RunAllProofsTestUnit Returning from test MiniExamples_fullmacro 
2350849    INFO  Test worker     d.u.i.k.p.r.RunAllProofsTestUnit Running test NewObjects_fullmacro 
345        INFO  Timeout watchdog d.u.i.k.p.r.p.ForkedTestFileRunner Timeout watcher launched (1000 secs.) 
345        WARN  main            d.u.i.k.s.ProofSettings   The settings in /home/runner/.key/proof-settings.props are *not* read. 
356        INFO  main            d.u.i.k.p.r.p.TestFile    Now processing file /home/runner/work/key/key/key.core/../key.ui/examples/index/../InformationFlow/NewObjects/object.AmtoftBanerjee3(object.AmtoftBanerjee3__m()).Non-interference contract.0.m.key 
9287       INFO  main            d.u.i.k.m.s.ProofScriptEngine 1: 'macro 'infflow-autopilot'' 
10193      INFO  main            d.u.i.k.p.r.p.TestFile    ... finished proof: closed. 
10301      INFO  main            d.u.i.k.p.r.p.TestFile    Now processing file /home/runner/work/key/key/key.core/../key.ui/examples/index/../InformationFlow/NewObjects/object.AmtoftBanerjee(object.AmtoftBanerjee__m_2()).Non-interference contract.0.m.key 
13378      INFO  main            d.u.i.k.m.s.ProofScriptEngine 1: 'macro 'infflow-autopilot'' 
14382      INFO  main            d.u.i.k.p.r.p.TestFile    ... finished proof: closed. 
14520      INFO  main            d.u.i.k.p.r.p.TestFile    Now processing file /home/runner/work/key/key/key.core/../key.ui/examples/index/../InformationFlow/NewObjects/object.AmtoftBanerjee(object.AmtoftBanerjee__m_1()).Non-interference contract.1.m.key 
17551      INFO  main            d.u.i.k.m.s.ProofScriptEngine 1: 'macro 'infflow-autopilot'' 
18075      INFO  main            d.u.i.k.p.r.p.TestFile    ... finished proof: open goal(s) 
18201      INFO  main            d.u.i.k.p.r.p.TestFile    Now processing file /home/runner/work/key/key/key.core/../key.ui/examples/index/../InformationFlow/NewObjects/object.AmtoftBanerjee(object.AmtoftBanerjee__m_1()).Non-interference contract.0.m.key 
21131      INFO  main            d.u.i.k.m.s.ProofScriptEngine 1: 'macro 'infflow-autopilot'' 
21512      INFO  main            d.u.i.k.p.r.p.TestFile    ... finished proof: closed. 
21655      INFO  main            d.u.i.k.p.r.p.TestFile    Now processing file /home/runner/work/key/key/key.core/../key.ui/examples/index/../InformationFlow/NewObjects/object.AmtoftBanerjee(object.AmtoftBanerjee__getQ()).Non-interference contract.0.m.key 
24478      INFO  main            d.u.i.k.m.s.ProofScriptEngine 1: 'macro 'infflow-autopilot'' 
24588      INFO  main            d.u.i.k.p.r.p.TestFile    ... finished proof: closed. 
24736      INFO  main            d.u.i.k.p.r.p.TestFile    Now processing file /home/runner/work/key/key/key.core/../key.ui/examples/index/../InformationFlow/NewObjects/object.Naumann(object.Naumann__Pair_m(int,int)).Non-interference contract.0.m.key 
27574      INFO  main            d.u.i.k.m.s.ProofScriptEngine 1: 'macro 'infflow-autopilot'' 
38884      INFO  main            d.u.i.k.p.r.p.TestFile    ... finished proof: closed. 
39072      INFO  main            d.u.i.k.p.r.p.TestFile    Now processing file /home/runner/work/key/key/key.core/../key.ui/examples/index/../InformationFlow/NewObjects/object.ObjectOrientation(object.ObjectOrientation__secure_while_i((Ljava.lang.Object)).Non-interference contract.0.m.key 
41884      INFO  main            d.u.i.k.m.s.ProofScriptEngine 1: 'macro 'infflow-autopilot'' 
47637      INFO  main            d.u.i.k.p.r.p.TestFile    ... finished proof: closed. 
47847      INFO  main            d.u.i.k.p.r.p.TestFile    Now processing file /home/runner/work/key/key/key.core/../key.ui/examples/index/../InformationFlow/NewObjects/object.ObjectOrientation(object.ObjectOrientation__secure_method_call()).Non-interference contract.0.m.key 
50638      INFO  main            d.u.i.k.m.s.ProofScriptEngine 1: 'macro 'infflow-autopilot'' 
51073      INFO  main            d.u.i.k.p.r.p.TestFile    ... finished proof: closed. 
51243      INFO  main            d.u.i.k.p.r.p.TestFile    Now processing file /home/runner/work/key/key/key.core/../key.ui/examples/index/../InformationFlow/NewObjects/object.ObjectOrientation(object.ObjectOrientation__if_two_object_creation_next()).Non-interference contract.1.m.key 
54043      INFO  main            d.u.i.k.m.s.ProofScriptEngine 1: 'macro 'infflow-autopilot'' 
82520      INFO  main            d.u.i.k.p.r.p.TestFile    ... finished proof: open goal(s) 
82738      INFO  main            d.u.i.k.p.r.p.TestFile    Now processing file /home/runner/work/key/key/key.core/../key.ui/examples/index/../InformationFlow/NewObjects/object.ObjectOrientation(object.ObjectOrientation__if_two_object_creation_next()).Non-interference contract.0.m.key 
85495      INFO  main            d.u.i.k.m.s.ProofScriptEngine 1: 'macro 'infflow-autopilot'' 
97193      INFO  main            d.u.i.k.p.r.p.TestFile    ... finished proof: closed. 
97402      INFO  main            d.u.i.k.p.r.p.TestFile    Now processing file /home/runner/work/key/key/key.core/../key.ui/examples/index/../InformationFlow/NewObjects/object.ObjectOrientation(object.ObjectOrientation__secure_if_two_object_creation()).Non-interference contract.0.m.key 
100127     INFO  main            d.u.i.k.m.s.ProofScriptEngine 1: 'macro 'infflow-autopilot'' 
111829     INFO  main            d.u.i.k.p.r.p.TestFile    ... finished proof: closed. 
112034     INFO  main            d.u.i.k.p.r.p.TestFile    Now processing file /home/runner/work/key/key/key.core/../key.ui/examples/index/../InformationFlow/NewObjects/object.ObjectOrientation(object.ObjectOrientation__insecure_two_object_creation()).Non-interference contract.0.m.key 
114756     INFO  main            d.u.i.k.m.s.ProofScriptEngine 1: 'macro 'infflow-autopilot'' 
142305     INFO  main            d.u.i.k.p.r.p.TestFile    ... finished proof: open goal(s) 
142520     INFO  main            d.u.i.k.p.r.p.TestFile    Now processing file /home/runner/work/key/key/key.core/../key.ui/examples/index/../InformationFlow/NewObjects/object.ObjectOrientation(object.ObjectOrientation__secure_two_object_creation()).Non-interference contract.0.m.key 
145255     INFO  main            d.u.i.k.m.s.ProofScriptEngine 1: 'macro 'infflow-autopilot'' 
154749     INFO  main            d.u.i.k.p.r.p.TestFile    ... finished proof: closed. 
154953     INFO  main            d.u.i.k.p.r.p.TestFile    Now processing file /home/runner/work/key/key/key.core/../key.ui/examples/index/../InformationFlow/NewObjects/object.ObjectOrientation(object.ObjectOrientation__insecure_object_assignment()).Non-interference contract.1.m.key 
157651     INFO  main            d.u.i.k.m.s.ProofScriptEngine 1: 'macro 'infflow-autopilot'' 
165679     INFO  main            d.u.i.k.p.r.p.TestFile    ... finished proof: open goal(s) 
165866     INFO  main            d.u.i.k.p.r.p.TestFile    Now processing file /home/runner/work/key/key/key.core/../key.ui/examples/index/../InformationFlow/NewObjects/object.ObjectOrientation(object.ObjectOrientation__insecure_object_assignment()).Non-interference contract.0.m.key 
168572     INFO  main            d.u.i.k.m.s.ProofScriptEngine 1: 'macro 'infflow-autopilot'' 
168769     INFO  main            d.u.i.k.p.r.p.TestFile    ... finished proof: open goal(s) 
168943     INFO  main            d.u.i.k.p.r.p.TestFile    Now processing file /home/runner/work/key/key/key.core/../key.ui/examples/index/../InformationFlow/NewObjects/object.ObjectOrientation(object.ObjectOrientation__secure_object_creation_3()).Non-interference contract.0.m.key 
171710     INFO  main            d.u.i.k.m.s.ProofScriptEngine 1: 'macro 'infflow-autopilot'' 
172070     INFO  main            d.u.i.k.p.r.p.TestFile    ... finished proof: closed. 
172267     INFO  main            d.u.i.k.p.r.p.TestFile    Now processing file /home/runner/work/key/key/key.core/../key.ui/examples/index/../InformationFlow/NewObjects/object.ObjectOrientation(object.ObjectOrientation__secure_object_creation_2()).Non-interference contract.0.m.key 
174955     INFO  main            d.u.i.k.m.s.ProofScriptEngine 1: 'macro 'infflow-autopilot'' 
175231     INFO  main            d.u.i.k.p.r.p.TestFile    ... finished proof: closed. 
175423     INFO  main            d.u.i.k.p.r.p.TestFile    Now processing file /home/runner/work/key/key/key.core/../key.ui/examples/index/../InformationFlow/NewObjects/object.ObjectOrientation(object.ObjectOrientation__secure_object_creation()).Non-interference contract.0.m.key 
178172     INFO  main            d.u.i.k.m.s.ProofScriptEngine 1: 'macro 'infflow-autopilot'' 
178514     INFO  main            d.u.i.k.p.r.p.TestFile    ... finished proof: closed. 
178712     INFO  main            d.u.i.k.p.r.p.TestFile    Now processing file /home/runner/work/key/key/key.core/../key.ui/examples/index/../InformationFlow/NewObjects/object.AmtoftBanerjee2(object.AmtoftBanerjee2__expensive(int)).Non-interference contract.0.m.key 
181422     INFO  main            d.u.i.k.m.s.ProofScriptEngine 1: 'macro 'infflow-autopilot'' 
181503     INFO  main            d.u.i.k.p.r.p.TestFile    ... finished proof: closed. 
181689     INFO  main            d.u.i.k.p.r.p.TestFile    Now processing file /home/runner/work/key/key/key.core/../key.ui/examples/index/../InformationFlow/NewObjects/object.AmtoftBanerjee2(object.AmtoftBanerjee2__cexp(int)).Non-interference contract.0.m.key 
184405     INFO  main            d.u.i.k.m.s.ProofScriptEngine 1: 'macro 'infflow-autopilot'' 
185828     INFO  main            d.u.i.k.p.r.p.TestFile    ... finished proof: closed. 
2537058    INFO  Test worker     d.u.i.k.p.r.RunAllProofsTestUnit Returning from test NewObjects_fullmacro 
2537059    INFO  Test worker     d.u.i.k.p.r.RunAllProofsTestUnit Running test SimpleEvoting_fullmacro 
366        INFO  Timeout watchdog d.u.i.k.p.r.p.ForkedTestFileRunner Timeout watcher launched (1000 secs.) 
373        WARN  main            d.u.i.k.s.ProofSettings   The settings in /home/runner/.key/proof-settings.props are *not* read. 
379        INFO  main            d.u.i.k.p.r.p.TestFile    Now processing file /home/runner/work/key/key/key.core/../key.ui/examples/index/../InformationFlow/SimpleEvoting/simple_evoting.Environment(simple_evoting.Environment__untrustedOutputMessage((B)).Non-interference contract.0.m.key 
9594       INFO  main            d.u.i.k.m.s.ProofScriptEngine 1: 'macro 'infflow-autopilot'' 
14821      INFO  main            d.u.i.k.p.r.p.TestFile    ... finished proof: closed. 
14952      INFO  main            d.u.i.k.p.r.p.TestFile    Now processing file /home/runner/work/key/key/key.core/../key.ui/examples/index/../InformationFlow/SimpleEvoting/simple_evoting.Environment(simple_evoting.Environment__untrustedInputMessage()).Non-interference contract.0.m.key 
18582      INFO  main            d.u.i.k.m.s.ProofScriptEngine 1: 'macro 'infflow-autopilot'' 
21370      INFO  main            d.u.i.k.p.r.p.TestFile    ... finished proof: closed. 
21557      INFO  main            d.u.i.k.p.r.p.TestFile    Now processing file /home/runner/work/key/key/key.core/../key.ui/examples/index/../InformationFlow/SimpleEvoting/simple_evoting.Environment(simple_evoting.Environment__untrustedOutput(int)).Non-interference contract.0.m.key 
24942      INFO  main            d.u.i.k.m.s.ProofScriptEngine 1: 'macro 'infflow-autopilot'' 
25030      INFO  main            d.u.i.k.p.r.p.TestFile    ... finished proof: closed. 
25196      INFO  main            d.u.i.k.p.r.p.TestFile    Now processing file /home/runner/work/key/key/key.core/../key.ui/examples/index/../InformationFlow/SimpleEvoting/simple_evoting.Environment(simple_evoting.Environment__untrustedInput(int)).Non-interference contract.0.m.key 
28515      INFO  main            d.u.i.k.m.s.ProofScriptEngine 1: 'macro 'infflow-autopilot'' 
28614      INFO  main            d.u.i.k.p.r.p.TestFile    ... finished proof: open goal(s) 
28754      INFO  main            d.u.i.k.p.r.p.TestFile    Now processing file /home/runner/work/key/key/key.core/../key.ui/examples/index/../InformationFlow/SimpleEvoting/simple_evoting.Environment(simple_evoting.Environment__untrustedInput()).Non-interference contract.0.m.key 
32049      INFO  main            d.u.i.k.m.s.ProofScriptEngine 1: 'macro 'infflow-autopilot'' 
32127      INFO  main            d.u.i.k.p.r.p.TestFile    ... finished proof: open goal(s) 
32273      INFO  main            d.u.i.k.p.r.p.TestFile    Now processing file /home/runner/work/key/key/key.core/../key.ui/examples/index/../InformationFlow/SimpleEvoting/simple_evoting.SMT(simple_evoting.SMT__send(simple_evoting.Message,int,simple_evoting.Server)).Non-interference contract.1.m.key 
35454      INFO  main            d.u.i.k.m.s.ProofScriptEngine 1: 'macro 'infflow-autopilot'' 
78231      INFO  main            d.u.i.k.p.r.p.TestFile    ... finished proof: closed. 
78501      INFO  main            d.u.i.k.p.r.p.TestFile    Now processing file /home/runner/work/key/key/key.core/../key.ui/examples/index/../InformationFlow/SimpleEvoting/simple_evoting.SMT(simple_evoting.SMT__send(simple_evoting.Message,int,simple_evoting.Server)).Non-interference contract.0.m.key 
81639      INFO  main            d.u.i.k.m.s.ProofScriptEngine 1: 'macro 'infflow-autopilot'' 
126686     INFO  main            d.u.i.k.p.r.p.TestFile    ... finished proof: closed. 
126927     INFO  main            d.u.i.k.p.r.p.TestFile    Now processing file /home/runner/work/key/key/key.core/../key.ui/examples/index/../InformationFlow/SimpleEvoting/simple_evoting.SMTEnv(simple_evoting.SMTEnv__send(int,int,int,simple_evoting.Server,int)).Non-interference contract.0.m.key 
130013     INFO  main            d.u.i.k.m.s.ProofScriptEngine 1: 'macro 'infflow-autopilot'' 
131420     INFO  main            d.u.i.k.p.r.p.TestFile    ... finished proof: closed. 
131588     INFO  main            d.u.i.k.p.r.p.TestFile    Now processing file /home/runner/work/key/key/key.core/../key.ui/examples/index/../InformationFlow/SimpleEvoting/simple_evoting.NetworkClient(simple_evoting.NetworkClient__send((B,simple_evoting.Server,int)).Non-interference contract.0.m.key 
134714     INFO  main            d.u.i.k.m.s.ProofScriptEngine 1: 'macro 'infflow-autopilot'' 
135796     INFO  main            d.u.i.k.p.r.p.TestFile    ... finished proof: closed. 
135965     INFO  main            d.u.i.k.p.r.p.TestFile    Now processing file /home/runner/work/key/key/key.core/../key.ui/examples/index/../InformationFlow/SimpleEvoting/simple_evoting.Voter(simple_evoting.Voter__onSendBallot(simple_evoting.Server)).Non-interference contract.1.m.key 
139105     INFO  main            d.u.i.k.m.s.ProofScriptEngine 1: 'macro 'infflow-autopilot'' 
156042     INFO  main            d.u.i.k.p.r.p.TestFile    ... finished proof: closed. 
156268     INFO  main            d.u.i.k.p.r.p.TestFile    Now processing file /home/runner/work/key/key/key.core/../key.ui/examples/index/../InformationFlow/SimpleEvoting/simple_evoting.Voter(simple_evoting.Voter__onSendBallot(simple_evoting.Server)).Non-interference contract.0.m.key 
159370     INFO  main            d.u.i.k.m.s.ProofScriptEngine 1: 'macro 'infflow-autopilot'' 
178604     INFO  main            d.u.i.k.p.r.p.TestFile    ... finished proof: closed. 
2716044    INFO  Test worker     d.u.i.k.p.r.RunAllProofsTestUnit Returning from test SimpleEvoting_fullmacro 
2716066    INFO  Test worker     d.u.i.k.p.r.p.StatisticsFile /home/runner/work/key/key/key.core/../key.ui/examples/index/../InformationFlow/../../key.core/build/reports/runallproofs/Total rule apps.sum.properties is written 
2716068    INFO  Test worker     d.u.i.k.p.r.p.StatisticsFile /home/runner/work/key/key/key.core/../key.ui/examples/index/../InformationFlow/../../key.core/build/reports/runallproofs/Total rule apps.avg.properties is written 
2716069    INFO  Test worker     d.u.i.k.p.r.p.StatisticsFile /home/runner/work/key/key/key.core/../key.ui/examples/index/../InformationFlow/../../key.core/build/reports/runallproofs/Nodes.sum.properties is written 
2716069    INFO  Test worker     d.u.i.k.p.r.p.StatisticsFile /home/runner/work/key/key/key.core/../key.ui/examples/index/../InformationFlow/../../key.core/build/reports/runallproofs/Nodes.avg.properties is written 
2716069    INFO  Test worker     d.u.i.k.p.r.p.StatisticsFile /home/runner/work/key/key/key.core/../key.ui/examples/index/../InformationFlow/../../key.core/build/reports/runallproofs/Branches.sum.properties is written 
2716069    INFO  Test worker     d.u.i.k.p.r.p.StatisticsFile /home/runner/work/key/key/key.core/../key.ui/examples/index/../InformationFlow/../../key.core/build/reports/runallproofs/Branches.avg.properties is written 
2716070    INFO  Test worker     d.u.i.k.p.r.p.StatisticsFile /home/runner/work/key/key/key.core/../key.ui/examples/index/../InformationFlow/../../key.core/build/reports/runallproofs/Overall time (ms).sum.properties is written 
2716070    INFO  Test worker     d.u.i.k.p.r.p.StatisticsFile /home/runner/work/key/key/key.core/../key.ui/examples/index/../InformationFlow/../../key.core/build/reports/runallproofs/Overall time (ms).avg.properties is written 
2716070    INFO  Test worker     d.u.i.k.p.r.p.StatisticsFile /home/runner/work/key/key/key.core/../key.ui/examples/index/../InformationFlow/../../key.core/build/reports/runallproofs/Automode time (ms).sum.properties is written 
2716070    INFO  Test worker     d.u.i.k.p.r.p.StatisticsFile /home/runner/work/key/key/key.core/../key.ui/examples/index/../InformationFlow/../../key.core/build/reports/runallproofs/Automode time (ms).avg.properties is written 
2716071    INFO  Test worker     d.u.i.k.p.r.p.StatisticsFile /home/runner/work/key/key/key.core/../key.ui/examples/index/../InformationFlow/../../key.core/build/reports/runallproofs/Closed.sum.properties is written 
2716071    INFO  Test worker     d.u.i.k.p.r.p.StatisticsFile /home/runner/work/key/key/key.core/../key.ui/examples/index/../InformationFlow/../../key.core/build/reports/runallproofs/Closed.avg.properties is written 
2716071    INFO  Test worker     d.u.i.k.p.r.p.StatisticsFile /home/runner/work/key/key/key.core/../key.ui/examples/index/../InformationFlow/../../key.core/build/reports/runallproofs/Time per step (ms).sum.properties is written 
2716071    INFO  Test worker     d.u.i.k.p.r.p.StatisticsFile /home/runner/work/key/key/key.core/../key.ui/examples/index/../InformationFlow/../../key.core/build/reports/runallproofs/Time per step (ms).avg.properties is written 
2716072    INFO  Test worker     d.u.i.k.p.r.p.StatisticsFile /home/runner/work/key/key/key.core/../key.ui/examples/index/../InformationFlow/../../key.core/build/reports/runallproofs/Total Runtime Memory (kB).sum.properties is written 
2716072    INFO  Test worker     d.u.i.k.p.r.p.StatisticsFile /home/runner/work/key/key/key.core/../key.ui/examples/index/../InformationFlow/../../key.core/build/reports/runallproofs/Total Runtime Memory (kB).avg.properties is written 
2716072    INFO  Test worker     d.u.i.k.p.r.p.StatisticsFile /home/runner/work/key/key/key.core/../key.ui/examples/index/../InformationFlow/../../key.core/build/reports/runallproofs/NumberTestFiles.properties is written 
]]></system-out>
  <system-err><![CDATA[]]></system-err>
</testsuite>
