<?xml version="1.0" encoding="UTF-8"?>
<testsuite name="de.uka.ilkd.key.symbolic_execution.testcase.TestExecutionNodePreorderIterator" tests="4" skipped="0" failures="0" errors="0" timestamp="2023-02-02T14:48:11" hostname="fv-az193-634" time="0.011">
  <properties/>
  <testcase name="testNodesThreeLevel()" classname="de.uka.ilkd.key.symbolic_execution.testcase.TestExecutionNodePreorderIterator" time="0.004"/>
  <testcase name="testEmptyRoot()" classname="de.uka.ilkd.key.symbolic_execution.testcase.TestExecutionNodePreorderIterator" time="0.001"/>
  <testcase name="testNodesTwoLevel()" classname="de.uka.ilkd.key.symbolic_execution.testcase.TestExecutionNodePreorderIterator" time="0.002"/>
  <testcase name="testNodesOneLevel()" classname="de.uka.ilkd.key.symbolic_execution.testcase.TestExecutionNodePreorderIterator" time="0.002"/>
  <system-out><![CDATA[]]></system-out>
  <system-err><![CDATA[]]></system-err>
</testsuite>
