<?xml version="1.0" encoding="UTF-8"?>
<testsuite name="de.uka.ilkd.key.symbolic_execution.testcase.po.TestProgramMethodSubsetPO" tests="12" skipped="0" failures="0" errors="0" timestamp="2023-02-02T15:04:30" hostname="fv-az193-634" time="63.892">
  <properties/>
  <testcase name="testDoSomethingElseBranch()" classname="de.uka.ilkd.key.symbolic_execution.testcase.po.TestProgramMethodSubsetPO" time="5.265"/>
  <testcase name="testDoSomethingNoReturn()" classname="de.uka.ilkd.key.symbolic_execution.testcase.po.TestProgramMethodSubsetPO" time="5.332"/>
  <testcase name="testDoSomethingIfBranch()" classname="de.uka.ilkd.key.symbolic_execution.testcase.po.TestProgramMethodSubsetPO" time="5.255"/>
  <testcase name="testDoSomethingIfWithSurroundingStatements()" classname="de.uka.ilkd.key.symbolic_execution.testcase.po.TestProgramMethodSubsetPO" time="5.563"/>
  <testcase name="testVoidMethodWithReturn()" classname="de.uka.ilkd.key.symbolic_execution.testcase.po.TestProgramMethodSubsetPO" time="5.24"/>
  <testcase name="testVoidMethodNoReturn()" classname="de.uka.ilkd.key.symbolic_execution.testcase.po.TestProgramMethodSubsetPO" time="5.241"/>
  <testcase name="testDoSomethingIf()" classname="de.uka.ilkd.key.symbolic_execution.testcase.po.TestProgramMethodSubsetPO" time="5.582"/>
  <testcase name="testDoSomethingNoReturn_Precondition()" classname="de.uka.ilkd.key.symbolic_execution.testcase.po.TestProgramMethodSubsetPO" time="5.292"/>
  <testcase name="testVoidMethodNoReturn_Precondition()" classname="de.uka.ilkd.key.symbolic_execution.testcase.po.TestProgramMethodSubsetPO" time="5.257"/>
  <testcase name="testDoSomethingWithReturn()" classname="de.uka.ilkd.key.symbolic_execution.testcase.po.TestProgramMethodSubsetPO" time="5.29"/>
  <testcase name="testDoSomethingWithReturn_Precondition()" classname="de.uka.ilkd.key.symbolic_execution.testcase.po.TestProgramMethodSubsetPO" time="5.317"/>
  <testcase name="testVoidMethodWithReturn_Precondition()" classname="de.uka.ilkd.key.symbolic_execution.testcase.po.TestProgramMethodSubsetPO" time="5.257"/>
  <system-out><![CDATA[]]></system-out>
  <system-err><![CDATA[]]></system-err>
</testsuite>
