<?xml version="1.0" encoding="UTF-8"?>
<testsuite name="de.uka.ilkd.key.symbolic_execution.testcase.TestConditionalVariables" tests="1" skipped="0" failures="0" errors="0" timestamp="2023-02-02T14:47:56" hostname="fv-az193-634" time="14.787">
  <properties/>
  <testcase name="testVariablesUnderMethodReturnCondition()" classname="de.uka.ilkd.key.symbolic_execution.testcase.TestConditionalVariables" time="14.787"/>
  <system-out><![CDATA[14:47:56,443 |-INFO in ch.qos.logback.classic.LoggerContext[default] - Could NOT find resource [logback-test.xml]
14:47:56,445 |-INFO in ch.qos.logback.classic.LoggerContext[default] - Found resource [logback.xml] at [file:/home/runner/work/key/key/key.core.symbolic_execution/build/resources/test/logback.xml]
14:47:56,445 |-WARN in ch.qos.logback.classic.LoggerContext[default] - Resource [logback.xml] occurs multiple times on the classpath.
14:47:56,445 |-WARN in ch.qos.logback.classic.LoggerContext[default] - Resource [logback.xml] occurs at [file:/home/runner/work/key/key/key.core.symbolic_execution/build/resources/test/logback.xml]
14:47:56,445 |-WARN in ch.qos.logback.classic.LoggerContext[default] - Resource [logback.xml] occurs at [file:/home/runner/work/key/key/key.core/build/resources/test/logback.xml]
14:47:56,514 |-INFO in ch.qos.logback.classic.joran.action.ConfigurationAction - debug attribute not set
14:47:56,514 |-INFO in ch.qos.logback.core.joran.action.AppenderAction - About to instantiate appender of type [ch.qos.logback.core.ConsoleAppender]
14:47:56,519 |-INFO in ch.qos.logback.core.joran.action.AppenderAction - Naming appender as [STDOUT]
14:47:56,522 |-ERROR in ch.qos.logback.core.joran.spi.Interpreter@3:15 - no applicable action for [file], current ElementPath  is [[configuration][appender][file]]
14:47:56,522 |-ERROR in ch.qos.logback.core.joran.spi.Interpreter@4:17 - no applicable action for [append], current ElementPath  is [[configuration][appender][append]]
14:47:56,523 |-INFO in ch.qos.logback.core.joran.action.NestedComplexPropertyIA - Assuming default type [ch.qos.logback.classic.encoder.PatternLayoutEncoder] for [encoder] property
14:47:56,536 |-INFO in ch.qos.logback.classic.joran.action.RootLoggerAction - Setting level of ROOT logger to WARN
14:47:56,536 |-INFO in ch.qos.logback.core.joran.action.AppenderRefAction - Attaching appender named [STDOUT] to Logger[ROOT]
14:47:56,537 |-INFO in ch.qos.logback.classic.joran.action.ConfigurationAction - End of configuration.
14:47:56,537 |-INFO in ch.qos.logback.classic.joran.JoranConfigurator@62c5bbdc - Registering current configuration as safe fallback point

277        WARN  Test worker     d.u.i.k.s.ProofSettings   The settings in /home/runner/.key/proof-settings.props are *not* read. 
405        WARN  Test worker     d.u.i.k.s.ProofIndependentSettings The settings in /home/runner/.key/proofIndependentSettings.props are *not* read due to flag 'key.disregardSettings' 
]]></system-out>
  <system-err><![CDATA[]]></system-err>
</testsuite>
