<?xml version="1.0" encoding="UTF-8"?>
<testsuite name="de.uka.ilkd.key.gui.KeyboardTacletTest" tests="1" skipped="0" failures="0" errors="0" timestamp="2023-05-31T07:55:47" hostname="fv-az282-56" time="0.082">
  <properties/>
  <testcase name="prefixTest()" classname="de.uka.ilkd.key.gui.KeyboardTacletTest" time="0.082"/>
  <system-out><![CDATA[]]></system-out>
  <system-err><![CDATA[]]></system-err>
</testsuite>
