<?xml version="1.0" encoding="UTF-8"?>
<testsuite name="de.uka.ilkd.key.symbolic_execution.testcase.po.TestProgramMethodSubsetPO" tests="12" skipped="0" failures="0" errors="0" timestamp="2023-04-03T11:47:49" hostname="fv-az459-302" time="62.628">
  <properties/>
  <testcase name="testDoSomethingElseBranch()" classname="de.uka.ilkd.key.symbolic_execution.testcase.po.TestProgramMethodSubsetPO" time="5.158"/>
  <testcase name="testDoSomethingNoReturn()" classname="de.uka.ilkd.key.symbolic_execution.testcase.po.TestProgramMethodSubsetPO" time="5.193"/>
  <testcase name="testDoSomethingIfBranch()" classname="de.uka.ilkd.key.symbolic_execution.testcase.po.TestProgramMethodSubsetPO" time="5.17"/>
  <testcase name="testDoSomethingIfWithSurroundingStatements()" classname="de.uka.ilkd.key.symbolic_execution.testcase.po.TestProgramMethodSubsetPO" time="5.459"/>
  <testcase name="testVoidMethodWithReturn()" classname="de.uka.ilkd.key.symbolic_execution.testcase.po.TestProgramMethodSubsetPO" time="5.137"/>
  <testcase name="testVoidMethodNoReturn()" classname="de.uka.ilkd.key.symbolic_execution.testcase.po.TestProgramMethodSubsetPO" time="5.134"/>
  <testcase name="testDoSomethingIf()" classname="de.uka.ilkd.key.symbolic_execution.testcase.po.TestProgramMethodSubsetPO" time="5.433"/>
  <testcase name="testDoSomethingNoReturn_Precondition()" classname="de.uka.ilkd.key.symbolic_execution.testcase.po.TestProgramMethodSubsetPO" time="5.22"/>
  <testcase name="testVoidMethodNoReturn_Precondition()" classname="de.uka.ilkd.key.symbolic_execution.testcase.po.TestProgramMethodSubsetPO" time="5.16"/>
  <testcase name="testDoSomethingWithReturn()" classname="de.uka.ilkd.key.symbolic_execution.testcase.po.TestProgramMethodSubsetPO" time="5.189"/>
  <testcase name="testDoSomethingWithReturn_Precondition()" classname="de.uka.ilkd.key.symbolic_execution.testcase.po.TestProgramMethodSubsetPO" time="5.213"/>
  <testcase name="testVoidMethodWithReturn_Precondition()" classname="de.uka.ilkd.key.symbolic_execution.testcase.po.TestProgramMethodSubsetPO" time="5.161"/>
  <system-out><![CDATA[]]></system-out>
  <system-err><![CDATA[]]></system-err>
</testsuite>
