<?xml version="1.0" encoding="UTF-8"?>
<testsuite name="de.uka.ilkd.key.symbolic_execution.testcase.strategy.TestSymbolicExecutionStrategy" tests="29" skipped="0" failures="0" errors="0" timestamp="2023-04-03T11:51:54" hostname="fv-az459-302" time="99.958">
  <properties/>
  <testcase name="testAliasTest_Array_AliasChecksImmediately()" classname="de.uka.ilkd.key.symbolic_execution.testcase.strategy.TestSymbolicExecutionStrategy" time="4.094"/>
  <testcase name="testAliasTest_Array_AliasChecksNever()" classname="de.uka.ilkd.key.symbolic_execution.testcase.strategy.TestSymbolicExecutionStrategy" time="3.48"/>
  <testcase name="testAliasTest_Objects_AliasChecksImmediately()" classname="de.uka.ilkd.key.symbolic_execution.testcase.strategy.TestSymbolicExecutionStrategy" time="6.473"/>
  <testcase name="testAliasTest_Objects_AliasChecksNever()" classname="de.uka.ilkd.key.symbolic_execution.testcase.strategy.TestSymbolicExecutionStrategy" time="4.908"/>
  <testcase name="testBlockContractPreconditionNotVerified_SymbolicExecution()" classname="de.uka.ilkd.key.symbolic_execution.testcase.strategy.TestSymbolicExecutionStrategy" time="2.715"/>
  <testcase name="testBlockContractWithExceptionPostconditionNotVerified_SymbolicExecution()" classname="de.uka.ilkd.key.symbolic_execution.testcase.strategy.TestSymbolicExecutionStrategy" time="2.853"/>
  <testcase name="testBlockContractWithException_SymbolicExecution()" classname="de.uka.ilkd.key.symbolic_execution.testcase.strategy.TestSymbolicExecutionStrategy" time="3.002"/>
  <testcase name="testBlockContractWithReturnPostconditionNotVerified_SymbolicExecution()" classname="de.uka.ilkd.key.symbolic_execution.testcase.strategy.TestSymbolicExecutionStrategy" time="2.767"/>
  <testcase name="testBlockContractWithReturn_SymbolicExecution()" classname="de.uka.ilkd.key.symbolic_execution.testcase.strategy.TestSymbolicExecutionStrategy" time="2.756"/>
  <testcase name="testNonExecutionBranchHidingArraysIndexOf_hiding_off()" classname="de.uka.ilkd.key.symbolic_execution.testcase.strategy.TestSymbolicExecutionStrategy" time="3.738"/>
  <testcase name="testNonExecutionBranchHidingArraysIndexOf_hiding_side_proof()" classname="de.uka.ilkd.key.symbolic_execution.testcase.strategy.TestSymbolicExecutionStrategy" time="3.622"/>
  <testcase name="testNonExecutionBranchHidingComplexPrecondition_hiding_off()" classname="de.uka.ilkd.key.symbolic_execution.testcase.strategy.TestSymbolicExecutionStrategy" time="3.287"/>
  <testcase name="testNonExecutionBranchHidingComplexPrecondition_hiding_side_proof()" classname="de.uka.ilkd.key.symbolic_execution.testcase.strategy.TestSymbolicExecutionStrategy" time="3.232"/>
  <testcase name="testNonExecutionBranchHidingLoopInvariantWithSplittingQuery_hiding_off()" classname="de.uka.ilkd.key.symbolic_execution.testcase.strategy.TestSymbolicExecutionStrategy" time="3.752"/>
  <testcase name="testNonExecutionBranchHidingLoopInvariantWithSplittingQuery_hiding_side_proof()" classname="de.uka.ilkd.key.symbolic_execution.testcase.strategy.TestSymbolicExecutionStrategy" time="3.897"/>
  <testcase name="testNonExecutionBranchHidingQueryInPrecondition_hiding_off()" classname="de.uka.ilkd.key.symbolic_execution.testcase.strategy.TestSymbolicExecutionStrategy" time="3.353"/>
  <testcase name="testNonExecutionBranchHidingQueryInPrecondition_hiding_side_proof()" classname="de.uka.ilkd.key.symbolic_execution.testcase.strategy.TestSymbolicExecutionStrategy" time="5.175"/>
  <testcase name="testNonExecutionBranchHidingQueryWithFields_hiding_off()" classname="de.uka.ilkd.key.symbolic_execution.testcase.strategy.TestSymbolicExecutionStrategy" time="3.4"/>
  <testcase name="testNonExecutionBranchHidingQueryWithFields_hiding_side_proof()" classname="de.uka.ilkd.key.symbolic_execution.testcase.strategy.TestSymbolicExecutionStrategy" time="3.309"/>
  <testcase name="testNonExecutionBranchHidingQueryWithSideEffects_hiding_off()" classname="de.uka.ilkd.key.symbolic_execution.testcase.strategy.TestSymbolicExecutionStrategy" time="3.152"/>
  <testcase name="testNonExecutionBranchHidingQueryWithSideEffects_hiding_side_proof()" classname="de.uka.ilkd.key.symbolic_execution.testcase.strategy.TestSymbolicExecutionStrategy" time="3.223"/>
  <testcase name="testNonExecutionBranchHidingSimpleBooleanQuery_hiding_off()" classname="de.uka.ilkd.key.symbolic_execution.testcase.strategy.TestSymbolicExecutionStrategy" time="2.969"/>
  <testcase name="testNonExecutionBranchHidingSimpleBooleanQuery_hiding_side_proof()" classname="de.uka.ilkd.key.symbolic_execution.testcase.strategy.TestSymbolicExecutionStrategy" time="2.863"/>
  <testcase name="testNonExecutionBranchHidingSimpleIntQuery_mainWithSymbolicUpdates_hiding_side_proof()" classname="de.uka.ilkd.key.symbolic_execution.testcase.strategy.TestSymbolicExecutionStrategy" time="2.998"/>
  <testcase name="testNonExecutionBranchHidingSimpleIntQuery_mainWithUpdates_hiding_side_proof()" classname="de.uka.ilkd.key.symbolic_execution.testcase.strategy.TestSymbolicExecutionStrategy" time="2.819"/>
  <testcase name="testNonExecutionBranchHidingSimpleIntQuery_main_hiding_off()" classname="de.uka.ilkd.key.symbolic_execution.testcase.strategy.TestSymbolicExecutionStrategy" time="2.981"/>
  <testcase name="testNonExecutionBranchHidingSimpleIntQuery_main_hiding_side_proof()" classname="de.uka.ilkd.key.symbolic_execution.testcase.strategy.TestSymbolicExecutionStrategy" time="2.917"/>
  <testcase name="testNonExecutionBranchHidingSimpleObjectQuery_hiding_off()" classname="de.uka.ilkd.key.symbolic_execution.testcase.strategy.TestSymbolicExecutionStrategy" time="3.006"/>
  <testcase name="testNonExecutionBranchHidingSimpleObjectQuery_hiding_side_proof()" classname="de.uka.ilkd.key.symbolic_execution.testcase.strategy.TestSymbolicExecutionStrategy" time="3.215"/>
  <system-out><![CDATA[]]></system-out>
  <system-err><![CDATA[]]></system-err>
</testsuite>
