<?xml version="1.0" encoding="UTF-8"?>
<testsuite name="de.uka.ilkd.key.logic.TestClashFreeSubst" tests="14" skipped="2" failures="0" errors="0" timestamp="2023-06-09T13:56:42" hostname="fv-az277-788" time="81.991">
  <properties/>
  <testcase name="testMultiShareBound()" classname="de.uka.ilkd.key.logic.TestClashFreeSubst" time="1.545"/>
  <testcase name="testClash()" classname="de.uka.ilkd.key.logic.TestClashFreeSubst" time="1.511"/>
  <testcase name="testShare()" classname="de.uka.ilkd.key.logic.TestClashFreeSubst" time="1.501"/>
  <testcase name="testSubst()" classname="de.uka.ilkd.key.logic.TestClashFreeSubst" time="1.531"/>
  <testcase name="testWary0()" classname="de.uka.ilkd.key.logic.TestClashFreeSubst" time="1.477"/>
  <testcase name="testWary1()" classname="de.uka.ilkd.key.logic.TestClashFreeSubst" time="1.516"/>
  <testcase name="testWary2()" classname="de.uka.ilkd.key.logic.TestClashFreeSubst" time="1.464"/>
  <testcase name="testClashInSubstTerm()" classname="de.uka.ilkd.key.logic.TestClashFreeSubst" time="1.527"/>
  <testcase name="testShareWary()" classname="de.uka.ilkd.key.logic.TestClashFreeSubst" time="1.463"/>
  <testcase name="testMultiSubst()" classname="de.uka.ilkd.key.logic.TestClashFreeSubst" time="1.513"/>
  <testcase name="xtestMultiClash()" classname="de.uka.ilkd.key.logic.TestClashFreeSubst" time="0.0">
    <skipped/>
  </testcase>
  <testcase name="testSubstInSubstTerm()" classname="de.uka.ilkd.key.logic.TestClashFreeSubst" time="1.711"/>
  <testcase name="testSubstWary()" classname="de.uka.ilkd.key.logic.TestClashFreeSubst" time="1.453"/>
  <testcase name="xtestMultiClash1()" classname="de.uka.ilkd.key.logic.TestClashFreeSubst" time="0.0">
    <skipped/>
  </testcase>
  <system-out><![CDATA[64241      INFO  Test worker     d.u.i.k.n.KeyIO           Parsing took 0 ms 
64241      DEBUG Test worker     d.u.i.k.n.KeyIO           Load declarations of de.uka.ilkd.key.nparser.KeyAst$File:  <unknown>:1#1 
64241      INFO  Test worker     d.u.i.k.n.KeyIO           MODE: declarations took 0 ms 
64241      DEBUG Test worker     d.u.i.k.n.KeyIO           MODE: 2nd degree decls took 0 
65770      INFO  Test worker     d.u.i.k.n.KeyIO           Parsing took 0 ms 
65770      DEBUG Test worker     d.u.i.k.n.KeyIO           Load declarations of de.uka.ilkd.key.nparser.KeyAst$File:  <unknown>:1#1 
65770      INFO  Test worker     d.u.i.k.n.KeyIO           MODE: declarations took 0 ms 
65770      DEBUG Test worker     d.u.i.k.n.KeyIO           MODE: 2nd degree decls took 0 
70806      INFO  Test worker     d.u.i.k.n.KeyIO           Parsing took 0 ms 
70821      DEBUG Test worker     d.u.i.k.n.KeyIO           Load declarations of de.uka.ilkd.key.nparser.KeyAst$File:  <unknown>:1#1 
70821      INFO  Test worker     d.u.i.k.n.KeyIO           MODE: declarations took 0 ms 
70821      DEBUG Test worker     d.u.i.k.n.KeyIO           MODE: 2nd degree decls took 0 
72308      INFO  Test worker     d.u.i.k.n.KeyIO           Parsing took 0 ms 
72308      DEBUG Test worker     d.u.i.k.n.KeyIO           Load declarations of de.uka.ilkd.key.nparser.KeyAst$File:  <unknown>:1#1 
72308      INFO  Test worker     d.u.i.k.n.KeyIO           MODE: declarations took 0 ms 
72308      DEBUG Test worker     d.u.i.k.n.KeyIO           MODE: 2nd degree decls took 0 
77239      INFO  Test worker     d.u.i.k.n.KeyIO           Parsing took 0 ms 
77239      DEBUG Test worker     d.u.i.k.n.KeyIO           Load declarations of de.uka.ilkd.key.nparser.KeyAst$File:  <unknown>:1#1 
77239      INFO  Test worker     d.u.i.k.n.KeyIO           MODE: declarations took 0 ms 
77239      DEBUG Test worker     d.u.i.k.n.KeyIO           MODE: 2nd degree decls took 0 
78739      INFO  Test worker     d.u.i.k.n.KeyIO           Parsing took 0 ms 
78739      DEBUG Test worker     d.u.i.k.n.KeyIO           Load declarations of de.uka.ilkd.key.nparser.KeyAst$File:  <unknown>:1#1 
78739      INFO  Test worker     d.u.i.k.n.KeyIO           MODE: declarations took 0 ms 
78739      DEBUG Test worker     d.u.i.k.n.KeyIO           MODE: 2nd degree decls took 0 
83747      INFO  Test worker     d.u.i.k.n.KeyIO           Parsing took 0 ms 
83747      DEBUG Test worker     d.u.i.k.n.KeyIO           Load declarations of de.uka.ilkd.key.nparser.KeyAst$File:  <unknown>:1#1 
83747      INFO  Test worker     d.u.i.k.n.KeyIO           MODE: declarations took 0 ms 
83747      DEBUG Test worker     d.u.i.k.n.KeyIO           MODE: 2nd degree decls took 0 
85279      INFO  Test worker     d.u.i.k.n.KeyIO           Parsing took 0 ms 
85279      DEBUG Test worker     d.u.i.k.n.KeyIO           Load declarations of de.uka.ilkd.key.nparser.KeyAst$File:  <unknown>:1#1 
85279      INFO  Test worker     d.u.i.k.n.KeyIO           MODE: declarations took 0 ms 
85279      DEBUG Test worker     d.u.i.k.n.KeyIO           MODE: 2nd degree decls took 0 
90209      INFO  Test worker     d.u.i.k.n.KeyIO           Parsing took 0 ms 
90209      DEBUG Test worker     d.u.i.k.n.KeyIO           Load declarations of de.uka.ilkd.key.nparser.KeyAst$File:  <unknown>:1#1 
90209      INFO  Test worker     d.u.i.k.n.KeyIO           MODE: declarations took 0 ms 
90209      DEBUG Test worker     d.u.i.k.n.KeyIO           MODE: 2nd degree decls took 0 
91673      INFO  Test worker     d.u.i.k.n.KeyIO           Parsing took 0 ms 
91673      DEBUG Test worker     d.u.i.k.n.KeyIO           Load declarations of de.uka.ilkd.key.nparser.KeyAst$File:  <unknown>:1#1 
91673      INFO  Test worker     d.u.i.k.n.KeyIO           MODE: declarations took 0 ms 
91673      DEBUG Test worker     d.u.i.k.n.KeyIO           MODE: 2nd degree decls took 0 
96622      INFO  Test worker     d.u.i.k.n.KeyIO           Parsing took 0 ms 
96622      DEBUG Test worker     d.u.i.k.n.KeyIO           Load declarations of de.uka.ilkd.key.nparser.KeyAst$File:  <unknown>:1#1 
96622      INFO  Test worker     d.u.i.k.n.KeyIO           MODE: declarations took 0 ms 
96622      DEBUG Test worker     d.u.i.k.n.KeyIO           MODE: 2nd degree decls took 0 
98132      INFO  Test worker     d.u.i.k.n.KeyIO           Parsing took 0 ms 
98132      DEBUG Test worker     d.u.i.k.n.KeyIO           Load declarations of de.uka.ilkd.key.nparser.KeyAst$File:  <unknown>:1#1 
98132      INFO  Test worker     d.u.i.k.n.KeyIO           MODE: declarations took 0 ms 
98132      DEBUG Test worker     d.u.i.k.n.KeyIO           MODE: 2nd degree decls took 0 
102928     INFO  Test worker     d.u.i.k.n.KeyIO           Parsing took 0 ms 
102928     DEBUG Test worker     d.u.i.k.n.KeyIO           Load declarations of de.uka.ilkd.key.nparser.KeyAst$File:  <unknown>:1#1 
102929     INFO  Test worker     d.u.i.k.n.KeyIO           MODE: declarations took 1 ms 
102929     DEBUG Test worker     d.u.i.k.n.KeyIO           MODE: 2nd degree decls took 0 
104374     INFO  Test worker     d.u.i.k.n.KeyIO           Parsing took 0 ms 
104374     DEBUG Test worker     d.u.i.k.n.KeyIO           Load declarations of de.uka.ilkd.key.nparser.KeyAst$File:  <unknown>:1#1 
104374     INFO  Test worker     d.u.i.k.n.KeyIO           MODE: declarations took 0 ms 
104374     DEBUG Test worker     d.u.i.k.n.KeyIO           MODE: 2nd degree decls took 0 
109137     INFO  Test worker     d.u.i.k.n.KeyIO           Parsing took 0 ms 
109152     DEBUG Test worker     d.u.i.k.n.KeyIO           Load declarations of de.uka.ilkd.key.nparser.KeyAst$File:  <unknown>:1#1 
109152     INFO  Test worker     d.u.i.k.n.KeyIO           MODE: declarations took 0 ms 
109152     DEBUG Test worker     d.u.i.k.n.KeyIO           MODE: 2nd degree decls took 0 
110631     INFO  Test worker     d.u.i.k.n.KeyIO           Parsing took 0 ms 
110647     DEBUG Test worker     d.u.i.k.n.KeyIO           Load declarations of de.uka.ilkd.key.nparser.KeyAst$File:  <unknown>:1#1 
110647     INFO  Test worker     d.u.i.k.n.KeyIO           MODE: declarations took 0 ms 
110647     DEBUG Test worker     d.u.i.k.n.KeyIO           MODE: 2nd degree decls took 0 
115516     INFO  Test worker     d.u.i.k.n.KeyIO           Parsing took 0 ms 
115516     DEBUG Test worker     d.u.i.k.n.KeyIO           Load declarations of de.uka.ilkd.key.nparser.KeyAst$File:  <unknown>:1#1 
115516     INFO  Test worker     d.u.i.k.n.KeyIO           MODE: declarations took 0 ms 
115516     DEBUG Test worker     d.u.i.k.n.KeyIO           MODE: 2nd degree decls took 0 
116970     INFO  Test worker     d.u.i.k.n.KeyIO           Parsing took 0 ms 
116970     DEBUG Test worker     d.u.i.k.n.KeyIO           Load declarations of de.uka.ilkd.key.nparser.KeyAst$File:  <unknown>:1#1 
116970     INFO  Test worker     d.u.i.k.n.KeyIO           MODE: declarations took 0 ms 
116970     DEBUG Test worker     d.u.i.k.n.KeyIO           MODE: 2nd degree decls took 0 
121930     INFO  Test worker     d.u.i.k.n.KeyIO           Parsing took 0 ms 
121930     DEBUG Test worker     d.u.i.k.n.KeyIO           Load declarations of de.uka.ilkd.key.nparser.KeyAst$File:  <unknown>:1#1 
121930     INFO  Test worker     d.u.i.k.n.KeyIO           MODE: declarations took 0 ms 
121930     DEBUG Test worker     d.u.i.k.n.KeyIO           MODE: 2nd degree decls took 0 
123433     INFO  Test worker     d.u.i.k.n.KeyIO           Parsing took 0 ms 
123433     DEBUG Test worker     d.u.i.k.n.KeyIO           Load declarations of de.uka.ilkd.key.nparser.KeyAst$File:  <unknown>:1#1 
123433     INFO  Test worker     d.u.i.k.n.KeyIO           MODE: declarations took 0 ms 
123433     DEBUG Test worker     d.u.i.k.n.KeyIO           MODE: 2nd degree decls took 0 
133244     INFO  Test worker     d.u.i.k.n.KeyIO           Parsing took 0 ms 
133244     DEBUG Test worker     d.u.i.k.n.KeyIO           Load declarations of de.uka.ilkd.key.nparser.KeyAst$File:  <unknown>:1#1 
133244     INFO  Test worker     d.u.i.k.n.KeyIO           MODE: declarations took 0 ms 
133244     DEBUG Test worker     d.u.i.k.n.KeyIO           MODE: 2nd degree decls took 0 
134952     INFO  Test worker     d.u.i.k.n.KeyIO           Parsing took 0 ms 
134952     DEBUG Test worker     d.u.i.k.n.KeyIO           Load declarations of de.uka.ilkd.key.nparser.KeyAst$File:  <unknown>:1#1 
134952     INFO  Test worker     d.u.i.k.n.KeyIO           MODE: declarations took 0 ms 
134952     DEBUG Test worker     d.u.i.k.n.KeyIO           MODE: 2nd degree decls took 0 
139895     INFO  Test worker     d.u.i.k.n.KeyIO           Parsing took 0 ms 
139895     DEBUG Test worker     d.u.i.k.n.KeyIO           Load declarations of de.uka.ilkd.key.nparser.KeyAst$File:  <unknown>:1#1 
139895     INFO  Test worker     d.u.i.k.n.KeyIO           MODE: declarations took 0 ms 
139895     DEBUG Test worker     d.u.i.k.n.KeyIO           MODE: 2nd degree decls took 0 
141345     INFO  Test worker     d.u.i.k.n.KeyIO           Parsing took 0 ms 
141345     DEBUG Test worker     d.u.i.k.n.KeyIO           Load declarations of de.uka.ilkd.key.nparser.KeyAst$File:  <unknown>:1#1 
141345     INFO  Test worker     d.u.i.k.n.KeyIO           MODE: declarations took 0 ms 
141345     DEBUG Test worker     d.u.i.k.n.KeyIO           MODE: 2nd degree decls took 0 
]]></system-out>
  <system-err><![CDATA[]]></system-err>
</testsuite>
