<?xml version="1.0" encoding="UTF-8"?>
<testsuite name="de.uka.ilkd.key.parser.TestDeclParser" tests="14" skipped="2" failures="0" errors="0" timestamp="2023-06-09T14:01:29" hostname="fv-az277-788" time="18.37">
  <properties/>
  <testcase name="testGenericSortDecl1()" classname="de.uka.ilkd.key.parser.TestDeclParser" time="1.616"/>
  <testcase name="testGenericSortDecl2()" classname="de.uka.ilkd.key.parser.TestDeclParser" time="1.577"/>
  <testcase name="testGenericSortDecl3()" classname="de.uka.ilkd.key.parser.TestDeclParser" time="1.545"/>
  <testcase name="testGenericSortDecl4()" classname="de.uka.ilkd.key.parser.TestDeclParser" time="1.519"/>
  <testcase name="testGenericSortDecl5()" classname="de.uka.ilkd.key.parser.TestDeclParser" time="0.0">
    <skipped/>
  </testcase>
  <testcase name="testGenericSortDecl6()" classname="de.uka.ilkd.key.parser.TestDeclParser" time="1.507"/>
  <testcase name="testSortDecl()" classname="de.uka.ilkd.key.parser.TestDeclParser" time="1.531"/>
  <testcase name="testProxySortDecl()" classname="de.uka.ilkd.key.parser.TestDeclParser" time="1.56"/>
  <testcase name="testArrayDecl()" classname="de.uka.ilkd.key.parser.TestDeclParser" time="1.505"/>
  <testcase name="testAmbiguousDecls()" classname="de.uka.ilkd.key.parser.TestDeclParser" time="0.0">
    <skipped/>
  </testcase>
  <testcase name="testHeurDecl()" classname="de.uka.ilkd.key.parser.TestDeclParser" time="1.505"/>
  <testcase name="testFunctionDecl()" classname="de.uka.ilkd.key.parser.TestDeclParser" time="1.497"/>
  <testcase name="testPredicateDecl()" classname="de.uka.ilkd.key.parser.TestDeclParser" time="1.508"/>
  <testcase name="testSVDecl()" classname="de.uka.ilkd.key.parser.TestDeclParser" time="1.496"/>
  <system-out><![CDATA[353811     INFO  Test worker     d.u.i.k.n.KeyIO           Parsing took 15 ms 
353811     DEBUG Test worker     d.u.i.k.n.KeyIO           Load declarations of de.uka.ilkd.key.nparser.KeyAst$File:  <unknown>:1#1 
353811     INFO  Test worker     d.u.i.k.n.KeyIO           MODE: declarations took 0 ms 
353811     DEBUG Test worker     d.u.i.k.n.KeyIO           MODE: 2nd degree decls took 0 
353811     DEBUG Test worker     d.u.i.k.n.KeyIO           MODE: taclets took 0ms 
355386     INFO  Test worker     d.u.i.k.n.KeyIO           Parsing took 0 ms 
355386     DEBUG Test worker     d.u.i.k.n.KeyIO           Load declarations of de.uka.ilkd.key.nparser.KeyAst$File:  <unknown>:1#1 
355386     INFO  Test worker     d.u.i.k.n.KeyIO           MODE: declarations took 0 ms 
355386     DEBUG Test worker     d.u.i.k.n.KeyIO           MODE: 2nd degree decls took 0 
355386     DEBUG Test worker     d.u.i.k.n.KeyIO           MODE: taclets took 0ms 
356933     INFO  Test worker     d.u.i.k.n.KeyIO           Parsing took 0 ms 
356933     DEBUG Test worker     d.u.i.k.n.KeyIO           Load declarations of de.uka.ilkd.key.nparser.KeyAst$File:  <unknown>:1#1 
356933     INFO  Test worker     d.u.i.k.n.KeyIO           MODE: declarations took 0 ms 
356933     DEBUG Test worker     d.u.i.k.n.KeyIO           MODE: 2nd degree decls took 0 
356933     DEBUG Test worker     d.u.i.k.n.KeyIO           MODE: taclets took 0ms 
358461     INFO  Test worker     d.u.i.k.n.KeyIO           Parsing took 0 ms 
358461     DEBUG Test worker     d.u.i.k.n.KeyIO           Load declarations of de.uka.ilkd.key.nparser.KeyAst$File:  <unknown>:1#1 
358461     INFO  Test worker     d.u.i.k.n.KeyIO           MODE: declarations took 0 ms 
358461     DEBUG Test worker     d.u.i.k.n.KeyIO           MODE: 2nd degree decls took 0 
358461     DEBUG Test worker     d.u.i.k.n.KeyIO           MODE: taclets took 0ms 
359961     INFO  Test worker     d.u.i.k.n.KeyIO           Parsing took 0 ms 
359961     DEBUG Test worker     d.u.i.k.n.KeyIO           Load declarations of de.uka.ilkd.key.nparser.KeyAst$File:  <unknown>:1#1 
359961     INFO  Test worker     d.u.i.k.n.KeyIO           MODE: declarations took 0 ms 
359961     DEBUG Test worker     d.u.i.k.n.KeyIO           MODE: 2nd degree decls took 0 
359961     DEBUG Test worker     d.u.i.k.n.KeyIO           MODE: taclets took 0ms 
361501     INFO  Test worker     d.u.i.k.n.KeyIO           Parsing took 0 ms 
361501     DEBUG Test worker     d.u.i.k.n.KeyIO           Load declarations of de.uka.ilkd.key.nparser.KeyAst$File:  <unknown>:1#1 
361501     INFO  Test worker     d.u.i.k.n.KeyIO           MODE: declarations took 0 ms 
361501     DEBUG Test worker     d.u.i.k.n.KeyIO           MODE: 2nd degree decls took 0 
361501     DEBUG Test worker     d.u.i.k.n.KeyIO           MODE: taclets took 0ms 
363052     INFO  Test worker     d.u.i.k.n.KeyIO           Parsing took 0 ms 
363052     DEBUG Test worker     d.u.i.k.n.KeyIO           Load declarations of de.uka.ilkd.key.nparser.KeyAst$File:  <unknown>:1#1 
363052     INFO  Test worker     d.u.i.k.n.KeyIO           MODE: declarations took 0 ms 
363052     DEBUG Test worker     d.u.i.k.n.KeyIO           MODE: 2nd degree decls took 0 
363052     DEBUG Test worker     d.u.i.k.n.KeyIO           MODE: taclets took 0ms 
364553     INFO  Test worker     d.u.i.k.n.KeyIO           Parsing took 0 ms 
364553     DEBUG Test worker     d.u.i.k.n.KeyIO           Load declarations of de.uka.ilkd.key.nparser.KeyAst$File:  <unknown>:1#1 
364553     INFO  Test worker     d.u.i.k.n.KeyIO           MODE: declarations took 0 ms 
364553     DEBUG Test worker     d.u.i.k.n.KeyIO           MODE: 2nd degree decls took 0 
364553     DEBUG Test worker     d.u.i.k.n.KeyIO           MODE: taclets took 0ms 
366064     INFO  Test worker     d.u.i.k.n.KeyIO           Parsing took 0 ms 
366064     DEBUG Test worker     d.u.i.k.n.KeyIO           Load declarations of de.uka.ilkd.key.nparser.KeyAst$File:  <unknown>:1#1 
366064     INFO  Test worker     d.u.i.k.n.KeyIO           MODE: declarations took 0 ms 
366064     DEBUG Test worker     d.u.i.k.n.KeyIO           MODE: 2nd degree decls took 0 
366064     DEBUG Test worker     d.u.i.k.n.KeyIO           MODE: taclets took 0ms 
367550     INFO  Test worker     d.u.i.k.n.KeyIO           Parsing took 0 ms 
367550     DEBUG Test worker     d.u.i.k.n.KeyIO           Load declarations of de.uka.ilkd.key.nparser.KeyAst$File:  <unknown>:1#1 
367550     INFO  Test worker     d.u.i.k.n.KeyIO           MODE: declarations took 0 ms 
367550     DEBUG Test worker     d.u.i.k.n.KeyIO           MODE: 2nd degree decls took 0 
367550     DEBUG Test worker     d.u.i.k.n.KeyIO           MODE: taclets took 0ms 
369069     INFO  Test worker     d.u.i.k.n.KeyIO           Parsing took 0 ms 
369069     DEBUG Test worker     d.u.i.k.n.KeyIO           Load declarations of de.uka.ilkd.key.nparser.KeyAst$File:  <unknown>:1#1 
369069     INFO  Test worker     d.u.i.k.n.KeyIO           MODE: declarations took 0 ms 
369069     DEBUG Test worker     d.u.i.k.n.KeyIO           MODE: 2nd degree decls took 0 
369069     DEBUG Test worker     d.u.i.k.n.KeyIO           MODE: taclets took 0ms 
370576     INFO  Test worker     d.u.i.k.n.KeyIO           Parsing took 15 ms 
370577     DEBUG Test worker     d.u.i.k.n.KeyIO           Load declarations of de.uka.ilkd.key.nparser.KeyAst$File:  <unknown>:1#1 
370577     INFO  Test worker     d.u.i.k.n.KeyIO           MODE: declarations took 0 ms 
370577     DEBUG Test worker     d.u.i.k.n.KeyIO           MODE: 2nd degree decls took 0 
370577     DEBUG Test worker     d.u.i.k.n.KeyIO           MODE: taclets took 0ms 
]]></system-out>
  <system-err><![CDATA[]]></system-err>
</testsuite>
