<?xml version="1.0" encoding="UTF-8"?>
<testsuite name="de.uka.ilkd.key.rule.merge.PredicateAbstractionLatticeTests" tests="3" skipped="0" failures="0" errors="0" timestamp="2023-06-09T14:10:09" hostname="fv-az277-788" time="9.771">
  <properties/>
  <testcase name="testToAndFromString()" classname="de.uka.ilkd.key.rule.merge.PredicateAbstractionLatticeTests" time="4.908"/>
  <testcase name="testCreateSignLatticeWithPredicates()" classname="de.uka.ilkd.key.rule.merge.PredicateAbstractionLatticeTests" time="4.863"/>
  <testcase name="testTrivialPredicatesLattice()" classname="de.uka.ilkd.key.rule.merge.PredicateAbstractionLatticeTests" time="0.0"/>
  <system-out><![CDATA[871629     INFO  Test worker     d.u.i.k.p.i.AbstractProblemLoader Loading environment from src\test\resources\testcase\merge\dummy.key 
871629     DEBUG Test worker     d.u.i.k.p.i.AbstractProblemLoader Environment load took 174ns 
871629     INFO  Test worker     d.u.i.k.p.i.AbstractProblemLoader Creating init config 
876507     DEBUG Test worker     d.u.i.k.p.i.AbstractProblemLoader Init config took 4.88s 
876523     INFO  Test worker     d.u.i.k.p.i.AbstractProblemLoader Replaying proof dummy.key 
876538     DEBUG Test worker     d.u.i.k.p.i.IntermediateProofReplayer Proof replay took 13.1ns 
876538     INFO  Test worker     d.u.i.k.p.i.AbstractProblemLoader Loading environment from src\test\resources\testcase\merge\dummy.key 
876538     DEBUG Test worker     d.u.i.k.p.i.AbstractProblemLoader Environment load took 171.5ns 
876538     INFO  Test worker     d.u.i.k.p.i.AbstractProblemLoader Creating init config 
881385     DEBUG Test worker     d.u.i.k.p.i.AbstractProblemLoader Init config took 4.85s 
881401     INFO  Test worker     d.u.i.k.p.i.AbstractProblemLoader Replaying proof dummy.key 
881401     DEBUG Test worker     d.u.i.k.p.i.IntermediateProofReplayer Proof replay took 10.4ns 
]]></system-out>
  <system-err><![CDATA[]]></system-err>
</testsuite>
