<?xml version="1.0" encoding="UTF-8"?>
<testsuite name="de.uka.ilkd.key.smt.newsmt2.ProveSMTLemmasTest" tests="25" skipped="0" failures="0" errors="0" timestamp="2023-06-09T14:14:25" hostname="fv-az277-788" time="125.02">
  <properties/>
  <testcase name="[1] jmod.dl, &#10;\forall int divNum; \forall int divDenom;&#10;  jmod(divNum,divDenom) =&#10;    divNum + jdiv(divNum,divDenom)*(-1)*divDenom&#10;" classname="de.uka.ilkd.key.smt.newsmt2.ProveSMTLemmasTest" time="5.132"/>
  <testcase name="[2] seqSub.dl, &#13;&#10;    \forall Seq seq;&#13;&#10;    \forall int from;&#13;&#10;    \forall int to;&#13;&#10;    \forall int idx;&#13;&#10;        any::seqGet(seqSub(seq, from, to)&lt;&lt;Trigger&gt;&gt;, idx)&#13;&#10;      = \if(0 &lt;= idx &amp; idx &lt; (to - from))&#13;&#10;        \then(any::seqGet(seq, idx + from))&#13;&#10;        \else(seqGetOutside)&#13;&#10;" classname="de.uka.ilkd.key.smt.newsmt2.ProveSMTLemmasTest" time="5.079"/>
  <testcase name="[3] seqGetOutside.dl, &#13;&#10;    \forall int i; \forall Seq s; ( i &lt; 0 | i &gt;= seqLen(s) -&gt; any::seqGet(s, i)&lt;&lt;Trigger&gt;&gt; = seqGetOutside )&#13;&#10;" classname="de.uka.ilkd.key.smt.newsmt2.ProveSMTLemmasTest" time="4.989"/>
  <testcase name="[4] singleton.dl, &#10;  \forall Object o; \forall Field f; \forall Object o2; \forall Field f2;&#10;    ( elementOf(o,f, singleton(o2,f2))&lt;&lt;Trigger&gt;&gt; &lt;-&gt;&#10;      o = o2 &amp; f = f2 )&#10;" classname="de.uka.ilkd.key.smt.newsmt2.ProveSMTLemmasTest" time="5.043"/>
  <testcase name="[5] create.dl, &#13;&#10;  \forall Heap h; \forall Object o; \forall Object o2; \forall Field f;&#13;&#10;      any::select(create(h, o), o2, f)&lt;&lt;Trigger&gt;&gt; =&#13;&#10;         \if(o = o2 &amp; o != null &amp; f = java.lang.Object::&lt;created&gt;)&#13;&#10;         \then(TRUE)&#13;&#10;         \else(any::select(h, o2, f))&#13;&#10;" classname="de.uka.ilkd.key.smt.newsmt2.ProveSMTLemmasTest" time="5.028"/>
  <testcase name="[6] allFields.dl, &#13;&#10;  \forall Object o; \forall Field f; \forall Object o2;&#13;&#10;    ( elementOf(o,f, allFields(o2))&lt;&lt;Trigger&gt;&gt; &lt;-&gt;&#13;&#10;       o = o2 )&#13;&#10;" classname="de.uka.ilkd.key.smt.newsmt2.ProveSMTLemmasTest" time="4.926"/>
  <testcase name="[7] seqEmpty.dl, &#13;&#10;    seqLen(seqEmpty) = 0&#13;&#10;&#10;" classname="de.uka.ilkd.key.smt.newsmt2.ProveSMTLemmasTest" time="5.032"/>
  <testcase name="[8] union.dl, &#10;  \forall Object o; \forall Field f; \forall LocSet l1; \forall LocSet l2;&#10;     ( elementOf(o, f, union(l1, l2))&lt;&lt;Trigger&gt;&gt; &lt;-&gt; elementOf(o,f,l1) | elementOf(o,f,l2) )&#10;" classname="de.uka.ilkd.key.smt.newsmt2.ProveSMTLemmasTest" time="5.077"/>
  <testcase name="[9] seqConcat.dl.2, &#13;&#10;    \forall Seq s1; \forall Seq s2; seqLen(seqConcat(s1,s2)&lt;&lt;Trigger&gt;&gt;) = seqLen(s1) + seqLen(s2)&#13;&#10;&#10;" classname="de.uka.ilkd.key.smt.newsmt2.ProveSMTLemmasTest" time="5.042"/>
  <testcase name="[10] wellFormed.dl, &#13;&#10;  \forall Heap h; \forall Object o; \forall Field f; (wellFormed(h) -&gt;&#13;&#10;      boolean::select(h, (java.lang.Object::select(h, o, f))&lt;&lt;Trigger&gt;&gt;, java.lang.Object::&lt;created&gt;) = TRUE&#13;&#10;    | (java.lang.Object::select(h, o, f)) = null)&#13;&#10;" classname="de.uka.ilkd.key.smt.newsmt2.ProveSMTLemmasTest" time="5.058"/>
  <testcase name="[11] jdiv.dl, &#10;\forall int divNum; \forall int divDenom;&#10;  jdiv(divNum,divDenom) =&#10;         \if (divNum &gt;= 0)&#10;         \then (div(divNum,divDenom))&#10;         \else (div(divNum*(-1),divDenom)*(-1))&#10;" classname="de.uka.ilkd.key.smt.newsmt2.ProveSMTLemmasTest" time="5.002"/>
  <testcase name="[12] empty.dl, &#10;  \forall Object o; \forall Field f; ( elementOf(o,f,empty)&lt;&lt;Trigger&gt;&gt; &lt;-&gt; false )&#10;" classname="de.uka.ilkd.key.smt.newsmt2.ProveSMTLemmasTest" time="4.977"/>
  <testcase name="[13] allLocs.dl, &#10;  \forall Object o; \forall Field f; ( elementOf(o,f,allLocs)&lt;&lt;Trigger&gt;&gt; &lt;-&gt; true )&#10;" classname="de.uka.ilkd.key.smt.newsmt2.ProveSMTLemmasTest" time="4.975"/>
  <testcase name="[14] arrayRange.dl, &#13;&#10;  \forall Object o; \forall Object o2; \forall Field f; \forall int lo; \forall int hi;&#13;&#10;    (elementOf(o,f, arrayRange(o2, lo, hi))&lt;&lt;Trigger&gt;&gt; &lt;-&gt;&#13;&#10;      o = o2 &amp; \exists int iv; (f = arr(iv) &amp; lo &lt;= iv &amp; iv &lt;= hi))&#13;&#10;" classname="de.uka.ilkd.key.smt.newsmt2.ProveSMTLemmasTest" time="5.0"/>
  <testcase name="[15] seqConcat.dl, &#13;&#10;    \forall int i; \forall Seq s1; \forall Seq s2; ( 0 &lt;= i &amp; i &lt; seqLen(s1) + seqLen(s2) -&gt;&#13;&#10;        any::seqGet(seqConcat(s1, s2), i) =&#13;&#10;            \if (i &lt; seqLen(s1)) \then (any::seqGet(s1, i)) \else (any::seqGet(s2, i-seqLen(s1))))&#13;&#10;&#10;" classname="de.uka.ilkd.key.smt.newsmt2.ProveSMTLemmasTest" time="4.856"/>
  <testcase name="[16] seqLen.dl, &#13;&#10;    \forall Seq s; seqLen(s)&lt;&lt;Trigger&gt;&gt; &gt;= 0&#13;&#10;" classname="de.uka.ilkd.key.smt.newsmt2.ProveSMTLemmasTest" time="4.98"/>
  <testcase name="[17] length.dl, &#13;&#10;    \forall Object o; length(o) &gt;= 0&#13;&#10;" classname="de.uka.ilkd.key.smt.newsmt2.ProveSMTLemmasTest" time="5.035"/>
  <testcase name="[18] freshLocs.dl, &#10;  \forall Heap h; \forall Object o; \forall Field f;&#10;     ( elementOf(o,f,freshLocs(h))&lt;&lt;Trigger&gt;&gt; &lt;-&gt;&#10;        o != null &amp; !boolean::select(h,o,java.lang.Object::&lt;created&gt;)=TRUE )&#10;" classname="de.uka.ilkd.key.smt.newsmt2.ProveSMTLemmasTest" time="4.969"/>
  <testcase name="[19] anon.dl, &#13;&#10;    \forall Heap h; \forall Object o; \forall Field f; \forall Heap h2; \forall LocSet ls;&#13;&#10;      any::select(anon(h, ls, h2), o, f)&lt;&lt;Trigger&gt;&gt; =&#13;&#10;         \if(elementOf(o, f, ls) &amp; f != java.lang.Object::&lt;created&gt;&#13;&#10;           | elementOf(o, f, freshLocs(h)))&#13;&#10;         \then(any::select(h2, o, f))&#13;&#10;         \else(any::select(h, o, f))&#13;&#10;" classname="de.uka.ilkd.key.smt.newsmt2.ProveSMTLemmasTest" time="4.942"/>
  <testcase name="[20] memset.dl, &#13;&#10;    \forall Heap h; \forall LocSet s; \forall any x; \forall Object o; \forall Field f;&#13;&#10;      any::select(memset(h, s, x), o, f)&lt;&lt;Trigger&gt;&gt; =&#13;&#10;         \if(elementOf(o, f, s) &amp; f != java.lang.Object::&lt;created&gt;)&#13;&#10;         \then(x)&#13;&#10;         \else(any::select(h, o, f))&#13;&#10;" classname="de.uka.ilkd.key.smt.newsmt2.ProveSMTLemmasTest" time="4.982"/>
  <testcase name="[21] store.dl, &#13;&#10;    \forall Heap h; \forall Object o; \forall Field f; \forall Object o2; \forall Field f2; \forall any v;&#13;&#10;      any::select(store(h,o,f,v), o2, f2)&lt;&lt;Trigger&gt;&gt; =&#13;&#10;         \if(o = o2 &amp; f = f2 &amp; f != java.lang.Object::&lt;created&gt;)&#13;&#10;         \then(v)&#13;&#10;         \else(any::select(h, o2, f2))&#13;&#10;" classname="de.uka.ilkd.key.smt.newsmt2.ProveSMTLemmasTest" time="5.019"/>
  <testcase name="[22] seqSub.dl.2, &#13;&#10;    \forall Seq seq;&#13;&#10;    \forall int from;&#13;&#10;    \forall int to;&#13;&#10;        seqLen(seqSub(seq, from, to)&lt;&lt;Trigger&gt;&gt;)&#13;&#10;      = \if(from &lt; to)\then(to - from)\else(0)&#13;&#10;" classname="de.uka.ilkd.key.smt.newsmt2.ProveSMTLemmasTest" time="5.028"/>
  <testcase name="[23] seqSingleton.dl, &#13;&#10;    \forall any x; any::seqGet(seqSingleton(x)&lt;&lt;Trigger&gt;&gt;, 0) = x&#13;&#10;&#10;" classname="de.uka.ilkd.key.smt.newsmt2.ProveSMTLemmasTest" time="4.932"/>
  <testcase name="[24] seqSingleton.dl.2, &#13;&#10;    \forall any x; seqLen(seqSingleton(x)&lt;&lt;Trigger&gt;&gt;) = 1&#13;&#10;&#10;" classname="de.uka.ilkd.key.smt.newsmt2.ProveSMTLemmasTest" time="4.925"/>
  <testcase name="[25] null.dl, &#10;     \forall any x; ((Null::instance(x))&lt;&lt;Trigger&gt;&gt; = TRUE -&gt; x = null) &#10;" classname="de.uka.ilkd.key.smt.newsmt2.ProveSMTLemmasTest" time="4.988"/>
  <system-out><![CDATA[1128130    INFO  Test worker     d.u.i.k.s.n.ProveSMTLemmasTest Now processing file D:\a\key\key\key.core\build\resources\test\de\uka\ilkd\key\smt\newsmt2\SMT_lemma_jmod.dl.proof 
1128130    INFO  Test worker     d.u.i.k.p.i.AbstractProblemLoader Loading environment from D:\a\key\key\key.core\build\resources\test\de\uka\ilkd\key\smt\newsmt2\SMT_lemma_jmod.dl.proof 
1128130    DEBUG Test worker     d.u.i.k.p.i.AbstractProblemLoader Environment load took 317.1ns 
1128130    INFO  Test worker     d.u.i.k.p.i.AbstractProblemLoader Creating init config 
1133126    DEBUG Test worker     d.u.i.k.p.i.AbstractProblemLoader Init config took 4.99s 
1133141    INFO  Test worker     d.u.i.k.p.i.AbstractProblemLoader Replaying proof SMT_lemma_jmod.dl.proof 
1133141    DEBUG Test worker     d.u.i.k.p.i.IntermediateProofReplayer Proof replay took 4.2ms 
1133251    INFO  Test worker     d.u.i.k.s.n.ProveSMTLemmasTest Now processing file C:\Users\RUNNER~1\AppData\Local\Temp\SMT_lemma_seqSub.dl_2939669104469330160.key 
1133251    INFO  Test worker     d.u.i.k.p.i.AbstractProblemLoader Loading environment from C:\Users\RUNNER~1\AppData\Local\Temp\SMT_lemma_seqSub.dl_2939669104469330160.key 
1133251    DEBUG Test worker     d.u.i.k.p.i.AbstractProblemLoader Environment load took 366.6ns 
1133251    INFO  Test worker     d.u.i.k.p.i.AbstractProblemLoader Creating init config 
1138203    DEBUG Test worker     d.u.i.k.p.i.AbstractProblemLoader Init config took 4.95s 
1138218    INFO  Test worker     d.u.i.k.p.i.AbstractProblemLoader Replaying proof SMT_lemma_seqSub.dl_2939669104469330160.key 
1138218    DEBUG Test worker     d.u.i.k.p.i.IntermediateProofReplayer Proof replay took 10.1ns 
1138330    INFO  Test worker     d.u.i.k.s.n.ProveSMTLemmasTest Now processing file D:\a\key\key\key.core\build\resources\test\de\uka\ilkd\key\smt\newsmt2\SMT_lemma_seqGetOutside.dl.proof 
1138330    INFO  Test worker     d.u.i.k.p.i.AbstractProblemLoader Loading environment from D:\a\key\key\key.core\build\resources\test\de\uka\ilkd\key\smt\newsmt2\SMT_lemma_seqGetOutside.dl.proof 
1138330    DEBUG Test worker     d.u.i.k.p.i.AbstractProblemLoader Environment load took 338.3ns 
1138330    INFO  Test worker     d.u.i.k.p.i.AbstractProblemLoader Creating init config 
1143163    DEBUG Test worker     d.u.i.k.p.i.AbstractProblemLoader Init config took 4.83s 
1143179    INFO  Test worker     d.u.i.k.p.i.AbstractProblemLoader Replaying proof SMT_lemma_seqGetOutside.dl.proof 
1143210    DEBUG Test worker     d.u.i.k.p.i.IntermediateProofReplayer Proof replay took 18.11ms 
1143320    INFO  Test worker     d.u.i.k.s.n.ProveSMTLemmasTest Now processing file C:\Users\RUNNER~1\AppData\Local\Temp\SMT_lemma_singleton.dl_18300105985132194539.key 
1143320    INFO  Test worker     d.u.i.k.p.i.AbstractProblemLoader Loading environment from C:\Users\RUNNER~1\AppData\Local\Temp\SMT_lemma_singleton.dl_18300105985132194539.key 
1143320    DEBUG Test worker     d.u.i.k.p.i.AbstractProblemLoader Environment load took 255.6ns 
1143320    INFO  Test worker     d.u.i.k.p.i.AbstractProblemLoader Creating init config 
1148238    DEBUG Test worker     d.u.i.k.p.i.AbstractProblemLoader Init config took 4.91s 
1148253    INFO  Test worker     d.u.i.k.p.i.AbstractProblemLoader Replaying proof SMT_lemma_singleton.dl_18300105985132194539.key 
1148253    DEBUG Test worker     d.u.i.k.p.i.IntermediateProofReplayer Proof replay took 13.6ns 
1148363    INFO  Test worker     d.u.i.k.s.n.ProveSMTLemmasTest Now processing file C:\Users\RUNNER~1\AppData\Local\Temp\SMT_lemma_create.dl_2450536610678226003.key 
1148363    INFO  Test worker     d.u.i.k.p.i.AbstractProblemLoader Loading environment from C:\Users\RUNNER~1\AppData\Local\Temp\SMT_lemma_create.dl_2450536610678226003.key 
1148363    DEBUG Test worker     d.u.i.k.p.i.AbstractProblemLoader Environment load took 349.5ns 
1148363    INFO  Test worker     d.u.i.k.p.i.AbstractProblemLoader Creating init config 
1153262    DEBUG Test worker     d.u.i.k.p.i.AbstractProblemLoader Init config took 4.9s 
1153277    INFO  Test worker     d.u.i.k.p.i.AbstractProblemLoader Replaying proof SMT_lemma_create.dl_2450536610678226003.key 
1153277    DEBUG Test worker     d.u.i.k.p.i.IntermediateProofReplayer Proof replay took 11.2ns 
1153391    INFO  Test worker     d.u.i.k.s.n.ProveSMTLemmasTest Now processing file C:\Users\RUNNER~1\AppData\Local\Temp\SMT_lemma_allFields.dl_1291599265857074579.key 
1153391    INFO  Test worker     d.u.i.k.p.i.AbstractProblemLoader Loading environment from C:\Users\RUNNER~1\AppData\Local\Temp\SMT_lemma_allFields.dl_1291599265857074579.key 
1153391    DEBUG Test worker     d.u.i.k.p.i.AbstractProblemLoader Environment load took 230.4ns 
1153391    INFO  Test worker     d.u.i.k.p.i.AbstractProblemLoader Creating init config 
1158186    DEBUG Test worker     d.u.i.k.p.i.AbstractProblemLoader Init config took 4.8s 
1158202    INFO  Test worker     d.u.i.k.p.i.AbstractProblemLoader Replaying proof SMT_lemma_allFields.dl_1291599265857074579.key 
1158202    DEBUG Test worker     d.u.i.k.p.i.IntermediateProofReplayer Proof replay took 12ns 
1158317    INFO  Test worker     d.u.i.k.s.n.ProveSMTLemmasTest Now processing file C:\Users\RUNNER~1\AppData\Local\Temp\SMT_lemma_seqEmpty.dl_16101987129994368342.key 
1158317    INFO  Test worker     d.u.i.k.p.i.AbstractProblemLoader Loading environment from C:\Users\RUNNER~1\AppData\Local\Temp\SMT_lemma_seqEmpty.dl_16101987129994368342.key 
1158317    DEBUG Test worker     d.u.i.k.p.i.AbstractProblemLoader Environment load took 230ns 
1158317    INFO  Test worker     d.u.i.k.p.i.AbstractProblemLoader Creating init config 
1163224    DEBUG Test worker     d.u.i.k.p.i.AbstractProblemLoader Init config took 4.9s 
1163240    INFO  Test worker     d.u.i.k.p.i.AbstractProblemLoader Replaying proof SMT_lemma_seqEmpty.dl_16101987129994368342.key 
1163240    DEBUG Test worker     d.u.i.k.p.i.IntermediateProofReplayer Proof replay took 11.4ns 
1163349    INFO  Test worker     d.u.i.k.s.n.ProveSMTLemmasTest Now processing file C:\Users\RUNNER~1\AppData\Local\Temp\SMT_lemma_union.dl_3357551465546900539.key 
1163349    INFO  Test worker     d.u.i.k.p.i.AbstractProblemLoader Loading environment from C:\Users\RUNNER~1\AppData\Local\Temp\SMT_lemma_union.dl_3357551465546900539.key 
1163349    DEBUG Test worker     d.u.i.k.p.i.AbstractProblemLoader Environment load took 233.8ns 
1163349    INFO  Test worker     d.u.i.k.p.i.AbstractProblemLoader Creating init config 
1168301    DEBUG Test worker     d.u.i.k.p.i.AbstractProblemLoader Init config took 4.95s 
1168316    INFO  Test worker     d.u.i.k.p.i.AbstractProblemLoader Replaying proof SMT_lemma_union.dl_3357551465546900539.key 
1168316    DEBUG Test worker     d.u.i.k.p.i.IntermediateProofReplayer Proof replay took 11.4ns 
1168426    INFO  Test worker     d.u.i.k.s.n.ProveSMTLemmasTest Now processing file C:\Users\RUNNER~1\AppData\Local\Temp\SMT_lemma_seqConcat.dl.2_1805535841061969386.key 
1168426    INFO  Test worker     d.u.i.k.p.i.AbstractProblemLoader Loading environment from C:\Users\RUNNER~1\AppData\Local\Temp\SMT_lemma_seqConcat.dl.2_1805535841061969386.key 
1168426    DEBUG Test worker     d.u.i.k.p.i.AbstractProblemLoader Environment load took 231.1ns 
1168426    INFO  Test worker     d.u.i.k.p.i.AbstractProblemLoader Creating init config 
1173327    DEBUG Test worker     d.u.i.k.p.i.AbstractProblemLoader Init config took 4.91s 
1173358    INFO  Test worker     d.u.i.k.p.i.AbstractProblemLoader Replaying proof SMT_lemma_seqConcat.dl.2_1805535841061969386.key 
1173358    DEBUG Test worker     d.u.i.k.p.i.IntermediateProofReplayer Proof replay took 10.6ns 
1173468    INFO  Test worker     d.u.i.k.s.n.ProveSMTLemmasTest Now processing file C:\Users\RUNNER~1\AppData\Local\Temp\SMT_lemma_wellFormed.dl_11882803629169695583.key 
1173468    INFO  Test worker     d.u.i.k.p.i.AbstractProblemLoader Loading environment from C:\Users\RUNNER~1\AppData\Local\Temp\SMT_lemma_wellFormed.dl_11882803629169695583.key 
1173468    DEBUG Test worker     d.u.i.k.p.i.AbstractProblemLoader Environment load took 393.6ns 
1173468    INFO  Test worker     d.u.i.k.p.i.AbstractProblemLoader Creating init config 
1178398    DEBUG Test worker     d.u.i.k.p.i.AbstractProblemLoader Init config took 4.93s 
1178414    INFO  Test worker     d.u.i.k.p.i.AbstractProblemLoader Replaying proof SMT_lemma_wellFormed.dl_11882803629169695583.key 
1178414    DEBUG Test worker     d.u.i.k.p.i.IntermediateProofReplayer Proof replay took 11.5ns 
1178527    INFO  Test worker     d.u.i.k.s.n.ProveSMTLemmasTest Now processing file D:\a\key\key\key.core\build\resources\test\de\uka\ilkd\key\smt\newsmt2\SMT_lemma_jdiv.dl.proof 
1178527    INFO  Test worker     d.u.i.k.p.i.AbstractProblemLoader Loading environment from D:\a\key\key\key.core\build\resources\test\de\uka\ilkd\key\smt\newsmt2\SMT_lemma_jdiv.dl.proof 
1178527    DEBUG Test worker     d.u.i.k.p.i.AbstractProblemLoader Environment load took 299.6ns 
1178527    INFO  Test worker     d.u.i.k.p.i.AbstractProblemLoader Creating init config 
1183388    DEBUG Test worker     d.u.i.k.p.i.AbstractProblemLoader Init config took 4.87s 
1183404    INFO  Test worker     d.u.i.k.p.i.AbstractProblemLoader Replaying proof SMT_lemma_jdiv.dl.proof 
1183420    DEBUG Test worker     d.u.i.k.p.i.IntermediateProofReplayer Proof replay took 1.49ms 
1183529    INFO  Test worker     d.u.i.k.s.n.ProveSMTLemmasTest Now processing file C:\Users\RUNNER~1\AppData\Local\Temp\SMT_lemma_empty.dl_14009934019136565563.key 
1183529    INFO  Test worker     d.u.i.k.p.i.AbstractProblemLoader Loading environment from C:\Users\RUNNER~1\AppData\Local\Temp\SMT_lemma_empty.dl_14009934019136565563.key 
1183529    DEBUG Test worker     d.u.i.k.p.i.AbstractProblemLoader Environment load took 229.9ns 
1183529    INFO  Test worker     d.u.i.k.p.i.AbstractProblemLoader Creating init config 
1188365    DEBUG Test worker     d.u.i.k.p.i.AbstractProblemLoader Init config took 4.84s 
1188381    INFO  Test worker     d.u.i.k.p.i.AbstractProblemLoader Replaying proof SMT_lemma_empty.dl_14009934019136565563.key 
1188396    DEBUG Test worker     d.u.i.k.p.i.IntermediateProofReplayer Proof replay took 10.8ns 
1188506    INFO  Test worker     d.u.i.k.s.n.ProveSMTLemmasTest Now processing file C:\Users\RUNNER~1\AppData\Local\Temp\SMT_lemma_allLocs.dl_604170370224768063.key 
1188506    INFO  Test worker     d.u.i.k.p.i.AbstractProblemLoader Loading environment from C:\Users\RUNNER~1\AppData\Local\Temp\SMT_lemma_allLocs.dl_604170370224768063.key 
1188506    DEBUG Test worker     d.u.i.k.p.i.AbstractProblemLoader Environment load took 247.4ns 
1188506    INFO  Test worker     d.u.i.k.p.i.AbstractProblemLoader Creating init config 
1193356    DEBUG Test worker     d.u.i.k.p.i.AbstractProblemLoader Init config took 4.85s 
1193372    INFO  Test worker     d.u.i.k.p.i.AbstractProblemLoader Replaying proof SMT_lemma_allLocs.dl_604170370224768063.key 
1193372    DEBUG Test worker     d.u.i.k.p.i.IntermediateProofReplayer Proof replay took 10.3ns 
1193481    INFO  Test worker     d.u.i.k.s.n.ProveSMTLemmasTest Now processing file C:\Users\RUNNER~1\AppData\Local\Temp\SMT_lemma_arrayRange.dl_9411426338524946741.key 
1193481    INFO  Test worker     d.u.i.k.p.i.AbstractProblemLoader Loading environment from C:\Users\RUNNER~1\AppData\Local\Temp\SMT_lemma_arrayRange.dl_9411426338524946741.key 
1193481    DEBUG Test worker     d.u.i.k.p.i.AbstractProblemLoader Environment load took 219.3ns 
1193481    INFO  Test worker     d.u.i.k.p.i.AbstractProblemLoader Creating init config 
1198355    DEBUG Test worker     d.u.i.k.p.i.AbstractProblemLoader Init config took 4.87s 
1198371    INFO  Test worker     d.u.i.k.p.i.AbstractProblemLoader Replaying proof SMT_lemma_arrayRange.dl_9411426338524946741.key 
1198371    DEBUG Test worker     d.u.i.k.p.i.IntermediateProofReplayer Proof replay took 11.6ns 
1198481    INFO  Test worker     d.u.i.k.s.n.ProveSMTLemmasTest Now processing file C:\Users\RUNNER~1\AppData\Local\Temp\SMT_lemma_seqConcat.dl_12367381048030214096.key 
1198481    INFO  Test worker     d.u.i.k.p.i.AbstractProblemLoader Loading environment from C:\Users\RUNNER~1\AppData\Local\Temp\SMT_lemma_seqConcat.dl_12367381048030214096.key 
1198481    DEBUG Test worker     d.u.i.k.p.i.AbstractProblemLoader Environment load took 282.9ns 
1198481    INFO  Test worker     d.u.i.k.p.i.AbstractProblemLoader Creating init config 
1203212    DEBUG Test worker     d.u.i.k.p.i.AbstractProblemLoader Init config took 4.73s 
1203228    INFO  Test worker     d.u.i.k.p.i.AbstractProblemLoader Replaying proof SMT_lemma_seqConcat.dl_12367381048030214096.key 
1203228    DEBUG Test worker     d.u.i.k.p.i.IntermediateProofReplayer Proof replay took 10.4ns 
1203337    INFO  Test worker     d.u.i.k.s.n.ProveSMTLemmasTest Now processing file C:\Users\RUNNER~1\AppData\Local\Temp\SMT_lemma_seqLen.dl_10603927789490007748.key 
1203337    INFO  Test worker     d.u.i.k.p.i.AbstractProblemLoader Loading environment from C:\Users\RUNNER~1\AppData\Local\Temp\SMT_lemma_seqLen.dl_10603927789490007748.key 
1203337    DEBUG Test worker     d.u.i.k.p.i.AbstractProblemLoader Environment load took 374.7ns 
1203337    INFO  Test worker     d.u.i.k.p.i.AbstractProblemLoader Creating init config 
1208189    DEBUG Test worker     d.u.i.k.p.i.AbstractProblemLoader Init config took 4.85s 
1208205    INFO  Test worker     d.u.i.k.p.i.AbstractProblemLoader Replaying proof SMT_lemma_seqLen.dl_10603927789490007748.key 
1208205    DEBUG Test worker     d.u.i.k.p.i.IntermediateProofReplayer Proof replay took 11.7ns 
1208318    INFO  Test worker     d.u.i.k.s.n.ProveSMTLemmasTest Now processing file C:\Users\RUNNER~1\AppData\Local\Temp\SMT_lemma_length.dl_10263456022289488342.key 
1208318    INFO  Test worker     d.u.i.k.p.i.AbstractProblemLoader Loading environment from C:\Users\RUNNER~1\AppData\Local\Temp\SMT_lemma_length.dl_10263456022289488342.key 
1208318    DEBUG Test worker     d.u.i.k.p.i.AbstractProblemLoader Environment load took 243.8ns 
1208318    INFO  Test worker     d.u.i.k.p.i.AbstractProblemLoader Creating init config 
1213226    DEBUG Test worker     d.u.i.k.p.i.AbstractProblemLoader Init config took 4.91s 
1213242    INFO  Test worker     d.u.i.k.p.i.AbstractProblemLoader Replaying proof SMT_lemma_length.dl_10263456022289488342.key 
1213242    DEBUG Test worker     d.u.i.k.p.i.IntermediateProofReplayer Proof replay took 11.3ns 
1213353    INFO  Test worker     d.u.i.k.s.n.ProveSMTLemmasTest Now processing file C:\Users\RUNNER~1\AppData\Local\Temp\SMT_lemma_freshLocs.dl_13769980851135080011.key 
1213353    INFO  Test worker     d.u.i.k.p.i.AbstractProblemLoader Loading environment from C:\Users\RUNNER~1\AppData\Local\Temp\SMT_lemma_freshLocs.dl_13769980851135080011.key 
1213353    DEBUG Test worker     d.u.i.k.p.i.AbstractProblemLoader Environment load took 235.7ns 
1213353    INFO  Test worker     d.u.i.k.p.i.AbstractProblemLoader Creating init config 
1218165    DEBUG Test worker     d.u.i.k.p.i.AbstractProblemLoader Init config took 4.81s 
1218212    INFO  Test worker     d.u.i.k.p.i.AbstractProblemLoader Replaying proof SMT_lemma_freshLocs.dl_13769980851135080011.key 
1218212    DEBUG Test worker     d.u.i.k.p.i.IntermediateProofReplayer Proof replay took 12.8ns 
1218322    INFO  Test worker     d.u.i.k.s.n.ProveSMTLemmasTest Now processing file C:\Users\RUNNER~1\AppData\Local\Temp\SMT_lemma_anon.dl_8836481779247282690.key 
1218322    INFO  Test worker     d.u.i.k.p.i.AbstractProblemLoader Loading environment from C:\Users\RUNNER~1\AppData\Local\Temp\SMT_lemma_anon.dl_8836481779247282690.key 
1218322    DEBUG Test worker     d.u.i.k.p.i.AbstractProblemLoader Environment load took 237.2ns 
1218322    INFO  Test worker     d.u.i.k.p.i.AbstractProblemLoader Creating init config 
1223135    DEBUG Test worker     d.u.i.k.p.i.AbstractProblemLoader Init config took 4.81s 
1223151    INFO  Test worker     d.u.i.k.p.i.AbstractProblemLoader Replaying proof SMT_lemma_anon.dl_8836481779247282690.key 
1223151    DEBUG Test worker     d.u.i.k.p.i.IntermediateProofReplayer Proof replay took 11ns 
1223264    INFO  Test worker     d.u.i.k.s.n.ProveSMTLemmasTest Now processing file C:\Users\RUNNER~1\AppData\Local\Temp\SMT_lemma_memset.dl_226946885062470501.key 
1223264    INFO  Test worker     d.u.i.k.p.i.AbstractProblemLoader Loading environment from C:\Users\RUNNER~1\AppData\Local\Temp\SMT_lemma_memset.dl_226946885062470501.key 
1223264    DEBUG Test worker     d.u.i.k.p.i.AbstractProblemLoader Environment load took 267.1ns 
1223264    INFO  Test worker     d.u.i.k.p.i.AbstractProblemLoader Creating init config 
1228105    DEBUG Test worker     d.u.i.k.p.i.AbstractProblemLoader Init config took 4.85s 
1228136    INFO  Test worker     d.u.i.k.p.i.AbstractProblemLoader Replaying proof SMT_lemma_memset.dl_226946885062470501.key 
1228136    DEBUG Test worker     d.u.i.k.p.i.IntermediateProofReplayer Proof replay took 10.9ns 
1228246    INFO  Test worker     d.u.i.k.s.n.ProveSMTLemmasTest Now processing file C:\Users\RUNNER~1\AppData\Local\Temp\SMT_lemma_store.dl_16625946274368505693.key 
1228246    INFO  Test worker     d.u.i.k.p.i.AbstractProblemLoader Loading environment from C:\Users\RUNNER~1\AppData\Local\Temp\SMT_lemma_store.dl_16625946274368505693.key 
1228246    DEBUG Test worker     d.u.i.k.p.i.AbstractProblemLoader Environment load took 244ns 
1228246    INFO  Test worker     d.u.i.k.p.i.AbstractProblemLoader Creating init config 
1233138    DEBUG Test worker     d.u.i.k.p.i.AbstractProblemLoader Init config took 4.89s 
1233153    INFO  Test worker     d.u.i.k.p.i.AbstractProblemLoader Replaying proof SMT_lemma_store.dl_16625946274368505693.key 
1233153    DEBUG Test worker     d.u.i.k.p.i.IntermediateProofReplayer Proof replay took 11.2ns 
1233265    INFO  Test worker     d.u.i.k.s.n.ProveSMTLemmasTest Now processing file C:\Users\RUNNER~1\AppData\Local\Temp\SMT_lemma_seqSub.dl.2_8825250495964382711.key 
1233265    INFO  Test worker     d.u.i.k.p.i.AbstractProblemLoader Loading environment from C:\Users\RUNNER~1\AppData\Local\Temp\SMT_lemma_seqSub.dl.2_8825250495964382711.key 
1233265    DEBUG Test worker     d.u.i.k.p.i.AbstractProblemLoader Environment load took 239.4ns 
1233265    INFO  Test worker     d.u.i.k.p.i.AbstractProblemLoader Creating init config 
1238168    DEBUG Test worker     d.u.i.k.p.i.AbstractProblemLoader Init config took 4.9s 
1238183    INFO  Test worker     d.u.i.k.p.i.AbstractProblemLoader Replaying proof SMT_lemma_seqSub.dl.2_8825250495964382711.key 
1238183    DEBUG Test worker     d.u.i.k.p.i.IntermediateProofReplayer Proof replay took 12.6ns 
1238293    INFO  Test worker     d.u.i.k.s.n.ProveSMTLemmasTest Now processing file C:\Users\RUNNER~1\AppData\Local\Temp\SMT_lemma_seqSingleton.dl_6622149665080657847.key 
1238293    INFO  Test worker     d.u.i.k.p.i.AbstractProblemLoader Loading environment from C:\Users\RUNNER~1\AppData\Local\Temp\SMT_lemma_seqSingleton.dl_6622149665080657847.key 
1238293    DEBUG Test worker     d.u.i.k.p.i.AbstractProblemLoader Environment load took 247.3ns 
1238293    INFO  Test worker     d.u.i.k.p.i.AbstractProblemLoader Creating init config 
1243095    DEBUG Test worker     d.u.i.k.p.i.AbstractProblemLoader Init config took 4.8s 
1243111    INFO  Test worker     d.u.i.k.p.i.AbstractProblemLoader Replaying proof SMT_lemma_seqSingleton.dl_6622149665080657847.key 
1243111    DEBUG Test worker     d.u.i.k.p.i.IntermediateProofReplayer Proof replay took 11.6ns 
1243225    INFO  Test worker     d.u.i.k.s.n.ProveSMTLemmasTest Now processing file C:\Users\RUNNER~1\AppData\Local\Temp\SMT_lemma_seqSingleton.dl.2_12175697279759510471.key 
1243225    INFO  Test worker     d.u.i.k.p.i.AbstractProblemLoader Loading environment from C:\Users\RUNNER~1\AppData\Local\Temp\SMT_lemma_seqSingleton.dl.2_12175697279759510471.key 
1243225    DEBUG Test worker     d.u.i.k.p.i.AbstractProblemLoader Environment load took 212.1ns 
1243225    INFO  Test worker     d.u.i.k.p.i.AbstractProblemLoader Creating init config 
1248021    DEBUG Test worker     d.u.i.k.p.i.AbstractProblemLoader Init config took 4.8s 
1248037    INFO  Test worker     d.u.i.k.p.i.AbstractProblemLoader Replaying proof SMT_lemma_seqSingleton.dl.2_12175697279759510471.key 
1248037    DEBUG Test worker     d.u.i.k.p.i.IntermediateProofReplayer Proof replay took 10.6ns 
1248151    INFO  Test worker     d.u.i.k.s.n.ProveSMTLemmasTest Now processing file C:\Users\RUNNER~1\AppData\Local\Temp\SMT_lemma_null.dl_6410765424422419044.key 
1248151    INFO  Test worker     d.u.i.k.p.i.AbstractProblemLoader Loading environment from C:\Users\RUNNER~1\AppData\Local\Temp\SMT_lemma_null.dl_6410765424422419044.key 
1248151    DEBUG Test worker     d.u.i.k.p.i.AbstractProblemLoader Environment load took 371.1ns 
1248151    INFO  Test worker     d.u.i.k.p.i.AbstractProblemLoader Creating init config 
1253013    DEBUG Test worker     d.u.i.k.p.i.AbstractProblemLoader Init config took 4.86s 
1253029    INFO  Test worker     d.u.i.k.p.i.AbstractProblemLoader Replaying proof SMT_lemma_null.dl_6410765424422419044.key 
1253029    DEBUG Test worker     d.u.i.k.p.i.IntermediateProofReplayer Proof replay took 11ns 
]]></system-out>
  <system-err><![CDATA[]]></system-err>
</testsuite>
