<?xml version="1.0" encoding="UTF-8"?>
<testsuite name="de.uka.ilkd.key.rule.loop.LoopScopeInvRuleTests" tests="1" skipped="0" failures="0" errors="0" timestamp="2023-06-09T14:08:07" hostname="fv-az277-788" time="7.616">
  <properties/>
  <testcase name="testDoAutomaticProofOfBenchmarkWithLabeledBreaksAndContinues()" classname="de.uka.ilkd.key.rule.loop.LoopScopeInvRuleTests" time="7.616"/>
  <system-out><![CDATA[749830     INFO  Test worker     d.u.i.k.p.i.AbstractProblemLoader Loading environment from src\test\resources\testcase\loopScopeInvRule\Test.key 
749830     DEBUG Test worker     d.u.i.k.p.i.AbstractProblemLoader Environment load took 145.3ns 
749845     INFO  Test worker     d.u.i.k.p.i.AbstractProblemLoader Creating init config 
750158     DEBUG Test worker     d.u.i.k.j.TypeConverter   No LDT found for Meta 
750158     DEBUG Test worker     d.u.i.k.j.TypeConverter   No LDT found for Meta 
750158     DEBUG Test worker     d.u.i.k.j.TypeConverter   No LDT found for Meta 
750158     DEBUG Test worker     d.u.i.k.j.TypeConverter   No LDT found for Meta 
750945     DEBUG Test worker     d.u.i.k.j.TypeConverter   No LDT found for JavaBigintExpression 
756571     DEBUG Test worker     d.u.i.k.p.i.AbstractProblemLoader Init config took 6.74s 
756634     INFO  Test worker     d.u.i.k.p.i.AbstractProblemLoader Replaying proof Test[Test::loopScopeRuleBenchmark(int,boolean)].JML normal_behavior operation contract.0 
756634     DEBUG Test worker     d.u.i.k.p.i.IntermediateProofReplayer Proof replay took 39.7ns 
]]></system-out>
  <system-err><![CDATA[]]></system-err>
</testsuite>
