<?xml version="1.0" encoding="UTF-8"?>
<testsuite name="de.uka.ilkd.key.proof.TestOneStepSimplifier" tests="1" skipped="0" failures="0" errors="0" timestamp="2023-06-09T14:07:27" hostname="fv-az277-788" time="6.415">
  <properties/>
  <testcase name="loadWithRestriction()" classname="de.uka.ilkd.key.proof.TestOneStepSimplifier" time="6.415"/>
  <system-out><![CDATA[710003     INFO  Test worker     d.u.i.k.p.i.AbstractProblemLoader Loading environment from src\test\resources\testcase\ossRestriction.proof 
710003     DEBUG Test worker     d.u.i.k.p.i.AbstractProblemLoader Environment load took 178.8ns 
710003     INFO  Test worker     d.u.i.k.p.i.AbstractProblemLoader Creating init config 
710241     DEBUG Test worker     d.u.i.k.j.TypeConverter   No LDT found for Meta 
710241     DEBUG Test worker     d.u.i.k.j.TypeConverter   No LDT found for Meta 
710241     DEBUG Test worker     d.u.i.k.j.TypeConverter   No LDT found for Meta 
710241     DEBUG Test worker     d.u.i.k.j.TypeConverter   No LDT found for Meta 
711118     DEBUG Test worker     d.u.i.k.j.TypeConverter   No LDT found for JavaBigintExpression 
716375     DEBUG Test worker     d.u.i.k.p.i.AbstractProblemLoader Init config took 6.37s 
716391     INFO  Test worker     d.u.i.k.p.i.AbstractProblemLoader Replaying proof ossRestriction.proof 
716407     DEBUG Test worker     d.u.i.k.p.i.IntermediateProofReplayer Proof replay took 1.21ms 
]]></system-out>
  <system-err><![CDATA[]]></system-err>
</testsuite>
