<?xml version="1.0" encoding="UTF-8"?>
<testsuite name="de.uka.ilkd.key.parser.TestTermParserSorts" tests="2" skipped="0" failures="0" errors="0" timestamp="2023-06-09T14:07:22" hostname="fv-az277-788" time="4.814">
  <properties/>
  <testcase name="testParseIntegerArgs()" classname="de.uka.ilkd.key.parser.TestTermParserSorts" time="0.018"/>
  <testcase name="testParseSequencePrettySyntax()" classname="de.uka.ilkd.key.parser.TestTermParserSorts" time="0.003"/>
  <system-out><![CDATA[705113     INFO  Test worker     d.u.i.k.n.KeyIO           Parsing took 0 ms 
705113     DEBUG Test worker     d.u.i.k.n.KeyIO           Load declarations of de.uka.ilkd.key.nparser.KeyAst$File:  <unknown>:1#1 
705129     INFO  Test worker     d.u.i.k.n.KeyIO           MODE: declarations took 16 ms 
705129     DEBUG Test worker     d.u.i.k.n.KeyIO           MODE: 2nd degree decls took 0 
705129     INFO  Test worker     d.u.i.k.n.KeyIO           Parsing took 0 ms 
705129     DEBUG Test worker     d.u.i.k.n.KeyIO           Load declarations of de.uka.ilkd.key.nparser.KeyAst$File:  <unknown>:1#1 
705129     INFO  Test worker     d.u.i.k.n.KeyIO           MODE: declarations took 0 ms 
705129     DEBUG Test worker     d.u.i.k.n.KeyIO           MODE: 2nd degree decls took 0 
705129     INFO  Test worker     d.u.i.k.n.KeyIO           Parsing took 0 ms 
705129     DEBUG Test worker     d.u.i.k.n.KeyIO           Load declarations of de.uka.ilkd.key.nparser.KeyAst$File:  <unknown>:1#1 
705129     INFO  Test worker     d.u.i.k.n.KeyIO           MODE: declarations took 0 ms 
705129     DEBUG Test worker     d.u.i.k.n.KeyIO           MODE: 2nd degree decls took 0 
709924     INFO  Test worker     d.u.i.k.n.KeyIO           Parsing took 0 ms 
709924     DEBUG Test worker     d.u.i.k.n.KeyIO           Load declarations of de.uka.ilkd.key.nparser.KeyAst$File:  <unknown>:1#1 
709924     INFO  Test worker     d.u.i.k.n.KeyIO           MODE: declarations took 0 ms 
709924     DEBUG Test worker     d.u.i.k.n.KeyIO           MODE: 2nd degree decls took 0 
709924     INFO  Test worker     d.u.i.k.n.KeyIO           Parsing took 0 ms 
709924     DEBUG Test worker     d.u.i.k.n.KeyIO           Load declarations of de.uka.ilkd.key.nparser.KeyAst$File:  <unknown>:1#1 
709924     INFO  Test worker     d.u.i.k.n.KeyIO           MODE: declarations took 0 ms 
709924     DEBUG Test worker     d.u.i.k.n.KeyIO           MODE: 2nd degree decls took 0 
709924     INFO  Test worker     d.u.i.k.n.KeyIO           Parsing took 0 ms 
709924     DEBUG Test worker     d.u.i.k.n.KeyIO           Load declarations of de.uka.ilkd.key.nparser.KeyAst$File:  <unknown>:1#1 
709924     INFO  Test worker     d.u.i.k.n.KeyIO           MODE: declarations took 0 ms 
709924     DEBUG Test worker     d.u.i.k.n.KeyIO           MODE: 2nd degree decls took 0 
]]></system-out>
  <system-err><![CDATA[]]></system-err>
</testsuite>
