<?xml version="1.0" encoding="UTF-8"?>
<testsuite name="de.uka.ilkd.key.util.TestProofStarter" tests="2" skipped="0" failures="0" errors="0" timestamp="2023-06-09T14:17:58" hostname="fv-az277-788" time="68.076">
  <properties/>
  <testcase name="testDirectProofWithOneStepSimplification()" classname="de.uka.ilkd.key.util.TestProofStarter" time="35.435"/>
  <testcase name="testDirectProof()" classname="de.uka.ilkd.key.util.TestProofStarter" time="32.641"/>
  <system-out><![CDATA[1340531    INFO  Test worker     d.u.i.k.p.i.AbstractProblemLoader Loading environment from src\test\resources\testcase\proofStarter\CC\project.key 
1340531    DEBUG Test worker     d.u.i.k.p.i.AbstractProblemLoader Environment load took 214.8ns 
1340531    INFO  Test worker     d.u.i.k.p.i.AbstractProblemLoader Creating init config 
1345730    DEBUG Test worker     d.u.i.k.p.i.AbstractProblemLoader Init config took 5.2s 
1345793    INFO  Test worker     d.u.i.k.p.i.AbstractProblemLoader Replaying proof CC[CC::calcCoinIndex([I,[I)].JML normal_behavior operation contract.0 
1345793    DEBUG Test worker     d.u.i.k.p.i.IntermediateProofReplayer Proof replay took 2.6ns 
1375944    INFO  Test worker     d.u.i.k.p.i.AbstractProblemLoader Loading environment from src\test\resources\testcase\proofStarter\CC\project.key 
1375944    DEBUG Test worker     d.u.i.k.p.i.AbstractProblemLoader Environment load took 216.4ns 
1375960    INFO  Test worker     d.u.i.k.p.i.AbstractProblemLoader Creating init config 
1381153    DEBUG Test worker     d.u.i.k.p.i.AbstractProblemLoader Init config took 5.2s 
1381200    INFO  Test worker     d.u.i.k.p.i.AbstractProblemLoader Replaying proof CC[CC::calcCoinIndex([I,[I)].JML normal_behavior operation contract.0 
1381200    DEBUG Test worker     d.u.i.k.p.i.IntermediateProofReplayer Proof replay took 2.9ns 
]]></system-out>
  <system-err><![CDATA[]]></system-err>
</testsuite>
