<?xml version="1.0" encoding="UTF-8"?>
<testsuite name="de.uka.ilkd.key.gui.KeyboardTacletTest" tests="1" skipped="0" failures="0" errors="0" timestamp="2023-01-31T16:34:55" hostname="fv-az419-509" time="0.032">
  <properties/>
  <testcase name="prefixTest()" classname="de.uka.ilkd.key.gui.KeyboardTacletTest" time="0.032"/>
  <system-out><![CDATA[]]></system-out>
  <system-err><![CDATA[]]></system-err>
</testsuite>
