<?xml version="1.0" encoding="UTF-8"?>
<testsuite name="de.uka.ilkd.key.macros.scripts.FocusCommandTest" tests="2" skipped="0" failures="0" errors="0" timestamp="2023-03-03T14:25:13" hostname="fv-az576-10" time="7.595">
  <properties/>
  <testcase name="testSelectionWithLabels()" classname="de.uka.ilkd.key.macros.scripts.FocusCommandTest" time="3.855"/>
  <testcase name="testSimpleSelection()" classname="de.uka.ilkd.key.macros.scripts.FocusCommandTest" time="3.74"/>
  <system-out><![CDATA[]]></system-out>
  <system-err><![CDATA[]]></system-err>
</testsuite>
