<?xml version="1.0" encoding="UTF-8"?>
<testsuite name="recoder.testsuite.basic.analysis.ModelRebuildTest" tests="2" skipped="2" failures="0" errors="0" timestamp="2023-04-03T21:25:39" hostname="fv-az399-738" time="0.002">
  <properties/>
  <testcase name="runTest" classname="recoder.testsuite.basic.analysis.ModelRebuildTest" time="0.0">
    <skipped/>
  </testcase>
  <testcase name="testAnalysisReport" classname="recoder.testsuite.basic.analysis.ModelRebuildTest" time="0.0">
    <skipped/>
  </testcase>
  <system-out><![CDATA[]]></system-out>
  <system-err><![CDATA[]]></system-err>
</testsuite>
