<?xml version="1.0" encoding="UTF-8"?>
<testsuite name="de.uka.ilkd.key.symbolic_execution.testcase.TestTruthValueEvaluationUtil" tests="29" skipped="5" failures="0" errors="0" timestamp="2023-02-02T16:12:11" hostname="fv-az306-479" time="73.442">
  <properties/>
  <testcase name="IGNORE_testAddingOfLabeledSubtree()" classname="de.uka.ilkd.key.symbolic_execution.testcase.TestTruthValueEvaluationUtil" time="0.001">
    <skipped/>
  </testcase>
  <testcase name="IGNORE_testArrayUtil()" classname="de.uka.ilkd.key.symbolic_execution.testcase.TestTruthValueEvaluationUtil" time="0.0">
    <skipped/>
  </testcase>
  <testcase name="IGNORE_testArrayUtil_NoOneStepSimplification()" classname="de.uka.ilkd.key.symbolic_execution.testcase.TestTruthValueEvaluationUtil" time="0.001">
    <skipped/>
  </testcase>
  <testcase name="IGNORE_testAssignableAndLoop()" classname="de.uka.ilkd.key.symbolic_execution.testcase.TestTruthValueEvaluationUtil" time="0.0">
    <skipped/>
  </testcase>
  <testcase name="IGNORE_testBlockContractMagic42()" classname="de.uka.ilkd.key.symbolic_execution.testcase.TestTruthValueEvaluationUtil" time="0.0">
    <skipped/>
  </testcase>
  <testcase name="testAnd3_replaceKnown()" classname="de.uka.ilkd.key.symbolic_execution.testcase.TestTruthValueEvaluationUtil" time="3.809"/>
  <testcase name="testArraySumWhile()" classname="de.uka.ilkd.key.symbolic_execution.testcase.TestTruthValueEvaluationUtil" time="3.001"/>
  <testcase name="testArraySumWhile_NoOneStepSimplification()" classname="de.uka.ilkd.key.symbolic_execution.testcase.TestTruthValueEvaluationUtil" time="3.076"/>
  <testcase name="testDifferentBranchesTest()" classname="de.uka.ilkd.key.symbolic_execution.testcase.TestTruthValueEvaluationUtil" time="3.43"/>
  <testcase name="testEquivExample_NoOneStepSimplification()" classname="de.uka.ilkd.key.symbolic_execution.testcase.TestTruthValueEvaluationUtil" time="2.738"/>
  <testcase name="testExceptinalAssignableNothingTest()" classname="de.uka.ilkd.key.symbolic_execution.testcase.TestTruthValueEvaluationUtil" time="2.971"/>
  <testcase name="testExceptinalAssignableNothingTest_OSS()" classname="de.uka.ilkd.key.symbolic_execution.testcase.TestTruthValueEvaluationUtil" time="2.929"/>
  <testcase name="testIfThenElseFormula()" classname="de.uka.ilkd.key.symbolic_execution.testcase.TestTruthValueEvaluationUtil" time="3.075"/>
  <testcase name="testIfThenElseInteger()" classname="de.uka.ilkd.key.symbolic_execution.testcase.TestTruthValueEvaluationUtil" time="3.096"/>
  <testcase name="testIfThenElseNotFormula()" classname="de.uka.ilkd.key.symbolic_execution.testcase.TestTruthValueEvaluationUtil" time="3.086"/>
  <testcase name="testJoinTestAfterBranchConditionWithWeakeningGoal()" classname="de.uka.ilkd.key.symbolic_execution.testcase.TestTruthValueEvaluationUtil" time="2.905"/>
  <testcase name="testMultiplePredicateResultsTest()" classname="de.uka.ilkd.key.symbolic_execution.testcase.TestTruthValueEvaluationUtil" time="2.935"/>
  <testcase name="testMyInteger()" classname="de.uka.ilkd.key.symbolic_execution.testcase.TestTruthValueEvaluationUtil" time="2.895"/>
  <testcase name="testNotLastEvaluationGivesTruthValue()" classname="de.uka.ilkd.key.symbolic_execution.testcase.TestTruthValueEvaluationUtil" time="2.751"/>
  <testcase name="testSimpleInstanceMethodContractApplication()" classname="de.uka.ilkd.key.symbolic_execution.testcase.TestTruthValueEvaluationUtil" time="2.724"/>
  <testcase name="testSimpleInstanceMethodContractApplication_NoOneStepSimplification()" classname="de.uka.ilkd.key.symbolic_execution.testcase.TestTruthValueEvaluationUtil" time="2.759"/>
  <testcase name="testSimpleMethodContractApplication()" classname="de.uka.ilkd.key.symbolic_execution.testcase.TestTruthValueEvaluationUtil" time="2.732"/>
  <testcase name="testSimpleMethodContractApplication_NoOneStepSimplification()" classname="de.uka.ilkd.key.symbolic_execution.testcase.TestTruthValueEvaluationUtil" time="2.721"/>
  <testcase name="testTruthValueLabelBelowUpdatesDifferentToApplicationTerm()" classname="de.uka.ilkd.key.symbolic_execution.testcase.TestTruthValueEvaluationUtil" time="2.715"/>
  <testcase name="testUnderstandingProofs_Account()" classname="de.uka.ilkd.key.symbolic_execution.testcase.TestTruthValueEvaluationUtil" time="3.097"/>
  <testcase name="testUnderstandingProofs_ArrayUtil()" classname="de.uka.ilkd.key.symbolic_execution.testcase.TestTruthValueEvaluationUtil" time="4.812"/>
  <testcase name="testUnderstandingProofs_Calendar()" classname="de.uka.ilkd.key.symbolic_execution.testcase.TestTruthValueEvaluationUtil" time="3.453"/>
  <testcase name="testUnderstandingProofs_MyInteger()" classname="de.uka.ilkd.key.symbolic_execution.testcase.TestTruthValueEvaluationUtil" time="2.89"/>
  <testcase name="testValueRejectedFormula()" classname="de.uka.ilkd.key.symbolic_execution.testcase.TestTruthValueEvaluationUtil" time="2.833"/>
  <system-out><![CDATA[]]></system-out>
  <system-err><![CDATA[]]></system-err>
</testsuite>
