<?xml version="1.0" encoding="UTF-8"?>
<testsuite name="de.uka.ilkd.key.speclang.njml.ContractLoadingTests" tests="4" skipped="0" failures="0" errors="0" timestamp="2023-03-03T15:31:22" hostname="fv-az363-421" time="11.983">
  <properties/>
  <testcase name="specMathBigintMathTest()" classname="de.uka.ilkd.key.speclang.njml.ContractLoadingTests" time="3.739"/>
  <testcase name="sumAndMax()" classname="de.uka.ilkd.key.speclang.njml.ContractLoadingTests" time="2.674"/>
  <testcase name="issues1658()" classname="de.uka.ilkd.key.speclang.njml.ContractLoadingTests" time="2.66"/>
  <testcase name="specMathJavaMathTest()" classname="de.uka.ilkd.key.speclang.njml.ContractLoadingTests" time="2.91"/>
  <system-out><![CDATA[]]></system-out>
  <system-err><![CDATA[]]></system-err>
</testsuite>
