<?xml version="1.0" encoding="UTF-8"?>
<testsuite name="de.uka.ilkd.key.macros.scripts.ScriptLineParserTest" tests="1" skipped="0" failures="0" errors="0" timestamp="2023-03-03T15:22:29" hostname="fv-az363-421" time="0.001">
  <properties/>
  <testcase name="test()" classname="de.uka.ilkd.key.macros.scripts.ScriptLineParserTest" time="0.001"/>
  <system-out><![CDATA[]]></system-out>
  <system-err><![CDATA[]]></system-err>
</testsuite>
