<?xml version="1.0" encoding="UTF-8"?>
<testsuite name="org.key_project.slicing.DependencyGraphTest" tests="1" skipped="0" failures="0" errors="0" timestamp="2023-05-27T17:34:54" hostname="fv-az618-145" time="0.354">
  <properties/>
  <testcase name="basicTest()" classname="org.key_project.slicing.DependencyGraphTest" time="0.354"/>
  <system-out><![CDATA[]]></system-out>
  <system-err><![CDATA[]]></system-err>
</testsuite>
