<?xml version="1.0" encoding="UTF-8"?>
<testsuite name="de.uka.ilkd.key.parser.TestTermParser" tests="47" skipped="4" failures="0" errors="0" timestamp="2023-04-04T10:42:17" hostname="fv-az221-216" time="2.819">
  <properties/>
  <testcase name="testNotEqual()" classname="de.uka.ilkd.key.parser.TestTermParser" time="0.002"/>
  <testcase name="testProgramVariables()" classname="de.uka.ilkd.key.parser.TestTermParser" time="0.046"/>
  <testcase name="testAttributeWithSpecifiedSortOnObject()" classname="de.uka.ilkd.key.parser.TestTermParser" time="0.004"/>
  <testcase name="testCast()" classname="de.uka.ilkd.key.parser.TestTermParser" time="0.002"/>
  <testcase name="testJavaQueryAndAttribute_all()" classname="de.uka.ilkd.key.parser.TestTermParser" time="0.0">
    <skipped/>
  </testcase>
  <testcase name="test10()" classname="de.uka.ilkd.key.parser.TestTermParser" time="0.002"/>
  <testcase name="test11()" classname="de.uka.ilkd.key.parser.TestTermParser" time="0.001"/>
  <testcase name="test12()" classname="de.uka.ilkd.key.parser.TestTermParser" time="0.0">
    <skipped/>
  </testcase>
  <testcase name="test13()" classname="de.uka.ilkd.key.parser.TestTermParser" time="0.004"/>
  <testcase name="test14()" classname="de.uka.ilkd.key.parser.TestTermParser" time="0.002"/>
  <testcase name="test1a()" classname="de.uka.ilkd.key.parser.TestTermParser" time="0.002"/>
  <testcase name="testJavaAttributeAccess_4()" classname="de.uka.ilkd.key.parser.TestTermParser" time="0.002"/>
  <testcase name="testAttributeOnObject()" classname="de.uka.ilkd.key.parser.TestTermParser" time="0.002"/>
  <testcase name="testNegativeLiteralParsing1()" classname="de.uka.ilkd.key.parser.TestTermParser" time="0.001"/>
  <testcase name="testNegativeLiteralParsing2()" classname="de.uka.ilkd.key.parser.TestTermParser" time="0.001"/>
  <testcase name="testNegativeLiteralParsing3()" classname="de.uka.ilkd.key.parser.TestTermParser" time="0.001"/>
  <testcase name="xtestParsingArrayWithSpaces()" classname="de.uka.ilkd.key.parser.TestTermParser" time="0.0">
    <skipped/>
  </testcase>
  <testcase name="testAmbigiousFuncVarPred()" classname="de.uka.ilkd.key.parser.TestTermParser" time="0.0"/>
  <testcase name="test1()" classname="de.uka.ilkd.key.parser.TestTermParser" time="0.002"/>
  <testcase name="test2()" classname="de.uka.ilkd.key.parser.TestTermParser" time="0.001"/>
  <testcase name="test3()" classname="de.uka.ilkd.key.parser.TestTermParser" time="0.001"/>
  <testcase name="test5()" classname="de.uka.ilkd.key.parser.TestTermParser" time="0.001"/>
  <testcase name="test6()" classname="de.uka.ilkd.key.parser.TestTermParser" time="0.001"/>
  <testcase name="test7()" classname="de.uka.ilkd.key.parser.TestTermParser" time="0.002"/>
  <testcase name="test8()" classname="de.uka.ilkd.key.parser.TestTermParser" time="0.001"/>
  <testcase name="test9()" classname="de.uka.ilkd.key.parser.TestTermParser" time="0.001"/>
  <testcase name="testBindingUpdateTerm()" classname="de.uka.ilkd.key.parser.TestTermParser" time="0.001"/>
  <testcase name="testJavaStaticQuery()" classname="de.uka.ilkd.key.parser.TestTermParser" time="0.002"/>
  <testcase name="testInfix1()" classname="de.uka.ilkd.key.parser.TestTermParser" time="0.002"/>
  <testcase name="testInfix2()" classname="de.uka.ilkd.key.parser.TestTermParser" time="0.002"/>
  <testcase name="testInfix3()" classname="de.uka.ilkd.key.parser.TestTermParser" time="0.005"/>
  <testcase name="testInfix4()" classname="de.uka.ilkd.key.parser.TestTermParser" time="0.002"/>
  <testcase name="testIfThenElse()" classname="de.uka.ilkd.key.parser.TestTermParser" time="0.001"/>
  <testcase name="testJavaAttributeAccessBoth_1()" classname="de.uka.ilkd.key.parser.TestTermParser" time="0.008"/>
  <testcase name="testJavaAttributeAccessBoth_2()" classname="de.uka.ilkd.key.parser.TestTermParser" time="0.002"/>
  <testcase name="testJavaAttributeAccessBoth_3()" classname="de.uka.ilkd.key.parser.TestTermParser" time="0.002"/>
  <testcase name="testBindingUpdateTerm_1()" classname="de.uka.ilkd.key.parser.TestTermParser" time="0.002"/>
  <testcase name="testBindingUpdateTerm_3()" classname="de.uka.ilkd.key.parser.TestTermParser" time="0.008"/>
  <testcase name="testBindingUpdateTerm_4()" classname="de.uka.ilkd.key.parser.TestTermParser" time="0.001"/>
  <testcase name="testBindingUpdateTerm_5()" classname="de.uka.ilkd.key.parser.TestTermParser" time="0.001"/>
  <testcase name="testBindingUpdateTerm_6()" classname="de.uka.ilkd.key.parser.TestTermParser" time="0.002"/>
  <testcase name="testBindingUpdateTerm_7()" classname="de.uka.ilkd.key.parser.TestTermParser" time="0.002"/>
  <testcase name="testBindingUpdateTerm_8()" classname="de.uka.ilkd.key.parser.TestTermParser" time="0.002"/>
  <testcase name="testParsingArray()" classname="de.uka.ilkd.key.parser.TestTermParser" time="0.003"/>
  <testcase name="xtestBindingUpdateTermOldBindingAlternative()" classname="de.uka.ilkd.key.parser.TestTermParser" time="0.0">
    <skipped/>
  </testcase>
  <testcase name="testJavaStaticQueryWithParameter()" classname="de.uka.ilkd.key.parser.TestTermParser" time="0.003"/>
  <testcase name="testParsingArrayCombination()" classname="de.uka.ilkd.key.parser.TestTermParser" time="0.008"/>
  <system-out><![CDATA[246508     INFO  Test worker     d.u.i.k.n.KeyIO           Parsing took 0 ms 
246509     INFO  Test worker     d.u.i.k.n.KeyIO           MODE: declarations took 1 ms 
246512     WARN  Test worker     d.u.i.k.j.r.KeYCrossReferenceNameInfo Datatype T declared twice: Once in UNKNOWN:unknown and once in UNKNOWN:unknown, Keeping one from UNKNOWN:unknown 
246570     INFO  Test worker     d.u.i.k.n.KeyIO           Parsing took 0 ms 
246571     INFO  Test worker     d.u.i.k.n.KeyIO           MODE: declarations took 0 ms 
246616     WARN  Test worker     d.u.i.k.j.r.KeYCrossReferenceNameInfo Datatype T declared twice: Once in UNKNOWN:unknown and once in UNKNOWN:unknown, Keeping one from UNKNOWN:unknown 
246674     INFO  Test worker     d.u.i.k.n.KeyIO           Parsing took 0 ms 
246675     INFO  Test worker     d.u.i.k.n.KeyIO           MODE: declarations took 0 ms 
246679     WARN  Test worker     d.u.i.k.j.r.KeYCrossReferenceNameInfo Datatype T declared twice: Once in UNKNOWN:unknown and once in UNKNOWN:unknown, Keeping one from UNKNOWN:unknown 
246737     INFO  Test worker     d.u.i.k.n.KeyIO           Parsing took 0 ms 
246738     INFO  Test worker     d.u.i.k.n.KeyIO           MODE: declarations took 0 ms 
246739     WARN  Test worker     d.u.i.k.j.r.KeYCrossReferenceNameInfo Datatype T declared twice: Once in UNKNOWN:unknown and once in UNKNOWN:unknown, Keeping one from UNKNOWN:unknown 
246801     WARN  Test worker     d.u.i.k.j.r.KeYCrossReferenceNameInfo Datatype T declared twice: Once in UNKNOWN:unknown and once in UNKNOWN:unknown, Keeping one from UNKNOWN:unknown 
246859     INFO  Test worker     d.u.i.k.n.KeyIO           Parsing took 0 ms 
246860     INFO  Test worker     d.u.i.k.n.KeyIO           MODE: declarations took 0 ms 
246861     INFO  Test worker     d.u.i.k.p.TestTermParser  Out: \<{
  int x = 1;
  {
    int s = 2;
  }
}\> (equals(x,x)) 
246861     WARN  Test worker     d.u.i.k.j.r.KeYCrossReferenceNameInfo Datatype T declared twice: Once in UNKNOWN:unknown and once in UNKNOWN:unknown, Keeping one from UNKNOWN:unknown 
246918     INFO  Test worker     d.u.i.k.n.KeyIO           Parsing took 0 ms 
246919     INFO  Test worker     d.u.i.k.n.KeyIO           MODE: declarations took 0 ms 
246919     INFO  Test worker     d.u.i.k.p.TestTermParser  Out: \[{
  int x = 2;
  {
    String s = ""}";
  }
}\] (true) 
246920     WARN  Test worker     d.u.i.k.j.r.KeYCrossReferenceNameInfo Datatype T declared twice: Once in UNKNOWN:unknown and once in UNKNOWN:unknown, Keeping one from UNKNOWN:unknown 
246977     WARN  Test worker     d.u.i.k.j.r.KeYCrossReferenceNameInfo Datatype T declared twice: Once in UNKNOWN:unknown and once in UNKNOWN:unknown, Keeping one from UNKNOWN:unknown 
247034     INFO  Test worker     d.u.i.k.n.KeyIO           Parsing took 0 ms 
247035     INFO  Test worker     d.u.i.k.n.KeyIO           MODE: declarations took 0 ms 
247038     WARN  Test worker     d.u.i.k.j.r.KeYCrossReferenceNameInfo Datatype T declared twice: Once in UNKNOWN:unknown and once in UNKNOWN:unknown, Keeping one from UNKNOWN:unknown 
247095     INFO  Test worker     d.u.i.k.n.KeyIO           Parsing took 0 ms 
247096     INFO  Test worker     d.u.i.k.n.KeyIO           MODE: declarations took 1 ms 
247097     INFO  Test worker     d.u.i.k.p.TestTermParser  Out: \<{
  int[] i;
}\> (diamond(true)) 
247097     WARN  Test worker     d.u.i.k.j.r.KeYCrossReferenceNameInfo Datatype T declared twice: Once in UNKNOWN:unknown and once in UNKNOWN:unknown, Keeping one from UNKNOWN:unknown 
247155     INFO  Test worker     d.u.i.k.n.KeyIO           Parsing took 0 ms 
247156     INFO  Test worker     d.u.i.k.n.KeyIO           MODE: declarations took 0 ms 
247157     WARN  Test worker     d.u.i.k.j.r.KeYCrossReferenceNameInfo Datatype T declared twice: Once in UNKNOWN:unknown and once in UNKNOWN:unknown, Keeping one from UNKNOWN:unknown 
247215     INFO  Test worker     d.u.i.k.n.KeyIO           Parsing took 0 ms 
247215     INFO  Test worker     d.u.i.k.n.KeyIO           MODE: declarations took 0 ms 
247217     WARN  Test worker     d.u.i.k.j.r.KeYCrossReferenceNameInfo Datatype T declared twice: Once in UNKNOWN:unknown and once in UNKNOWN:unknown, Keeping one from UNKNOWN:unknown 
247275     INFO  Test worker     d.u.i.k.n.KeyIO           Parsing took 1 ms 
247275     INFO  Test worker     d.u.i.k.n.KeyIO           MODE: declarations took 0 ms 
247277     WARN  Test worker     d.u.i.k.j.r.KeYCrossReferenceNameInfo Datatype T declared twice: Once in UNKNOWN:unknown and once in UNKNOWN:unknown, Keeping one from UNKNOWN:unknown 
247335     INFO  Test worker     d.u.i.k.n.KeyIO           Parsing took 0 ms 
247336     INFO  Test worker     d.u.i.k.n.KeyIO           MODE: declarations took 1 ms 
247336     WARN  Test worker     d.u.i.k.j.r.KeYCrossReferenceNameInfo Datatype T declared twice: Once in UNKNOWN:unknown and once in UNKNOWN:unknown, Keeping one from UNKNOWN:unknown 
247394     INFO  Test worker     d.u.i.k.n.KeyIO           Parsing took 0 ms 
247394     INFO  Test worker     d.u.i.k.n.KeyIO           MODE: declarations took 0 ms 
247396     WARN  Test worker     d.u.i.k.j.r.KeYCrossReferenceNameInfo Datatype T declared twice: Once in UNKNOWN:unknown and once in UNKNOWN:unknown, Keeping one from UNKNOWN:unknown 
247453     INFO  Test worker     d.u.i.k.n.KeyIO           Parsing took 0 ms 
247453     INFO  Test worker     d.u.i.k.n.KeyIO           MODE: declarations took 0 ms 
247454     WARN  Test worker     d.u.i.k.j.r.KeYCrossReferenceNameInfo Datatype T declared twice: Once in UNKNOWN:unknown and once in UNKNOWN:unknown, Keeping one from UNKNOWN:unknown 
247512     WARN  Test worker     d.u.i.k.j.r.KeYCrossReferenceNameInfo Datatype T declared twice: Once in UNKNOWN:unknown and once in UNKNOWN:unknown, Keeping one from UNKNOWN:unknown 
247570     INFO  Test worker     d.u.i.k.n.KeyIO           Parsing took 0 ms 
247570     INFO  Test worker     d.u.i.k.n.KeyIO           MODE: declarations took 0 ms 
247570     WARN  Test worker     d.u.i.k.j.r.KeYCrossReferenceNameInfo Datatype T declared twice: Once in UNKNOWN:unknown and once in UNKNOWN:unknown, Keeping one from UNKNOWN:unknown 
247628     INFO  Test worker     d.u.i.k.n.KeyIO           Parsing took 0 ms 
247629     INFO  Test worker     d.u.i.k.n.KeyIO           MODE: declarations took 0 ms 
247630     WARN  Test worker     d.u.i.k.j.r.KeYCrossReferenceNameInfo Datatype T declared twice: Once in UNKNOWN:unknown and once in UNKNOWN:unknown, Keeping one from UNKNOWN:unknown 
247688     INFO  Test worker     d.u.i.k.n.KeyIO           Parsing took 0 ms 
247688     INFO  Test worker     d.u.i.k.n.KeyIO           MODE: declarations took 0 ms 
247689     WARN  Test worker     d.u.i.k.j.r.KeYCrossReferenceNameInfo Datatype T declared twice: Once in UNKNOWN:unknown and once in UNKNOWN:unknown, Keeping one from UNKNOWN:unknown 
247747     INFO  Test worker     d.u.i.k.n.KeyIO           Parsing took 0 ms 
247747     INFO  Test worker     d.u.i.k.n.KeyIO           MODE: declarations took 0 ms 
247748     WARN  Test worker     d.u.i.k.j.r.KeYCrossReferenceNameInfo Datatype T declared twice: Once in UNKNOWN:unknown and once in UNKNOWN:unknown, Keeping one from UNKNOWN:unknown 
247805     INFO  Test worker     d.u.i.k.n.KeyIO           Parsing took 0 ms 
247806     INFO  Test worker     d.u.i.k.n.KeyIO           MODE: declarations took 0 ms 
247807     WARN  Test worker     d.u.i.k.j.r.KeYCrossReferenceNameInfo Datatype T declared twice: Once in UNKNOWN:unknown and once in UNKNOWN:unknown, Keeping one from UNKNOWN:unknown 
247865     INFO  Test worker     d.u.i.k.n.KeyIO           Parsing took 0 ms 
247865     INFO  Test worker     d.u.i.k.n.KeyIO           MODE: declarations took 0 ms 
247866     WARN  Test worker     d.u.i.k.j.r.KeYCrossReferenceNameInfo Datatype T declared twice: Once in UNKNOWN:unknown and once in UNKNOWN:unknown, Keeping one from UNKNOWN:unknown 
247924     INFO  Test worker     d.u.i.k.n.KeyIO           Parsing took 0 ms 
247925     INFO  Test worker     d.u.i.k.n.KeyIO           MODE: declarations took 0 ms 
247926     WARN  Test worker     d.u.i.k.j.r.KeYCrossReferenceNameInfo Datatype T declared twice: Once in UNKNOWN:unknown and once in UNKNOWN:unknown, Keeping one from UNKNOWN:unknown 
247984     INFO  Test worker     d.u.i.k.n.KeyIO           Parsing took 0 ms 
247984     INFO  Test worker     d.u.i.k.n.KeyIO           MODE: declarations took 0 ms 
247985     WARN  Test worker     d.u.i.k.j.r.KeYCrossReferenceNameInfo Datatype T declared twice: Once in UNKNOWN:unknown and once in UNKNOWN:unknown, Keeping one from UNKNOWN:unknown 
248044     INFO  Test worker     d.u.i.k.n.KeyIO           Parsing took 1 ms 
248044     INFO  Test worker     d.u.i.k.n.KeyIO           MODE: declarations took 0 ms 
248045     WARN  Test worker     d.u.i.k.j.r.KeYCrossReferenceNameInfo Datatype T declared twice: Once in UNKNOWN:unknown and once in UNKNOWN:unknown, Keeping one from UNKNOWN:unknown 
248103     INFO  Test worker     d.u.i.k.n.KeyIO           Parsing took 0 ms 
248103     INFO  Test worker     d.u.i.k.n.KeyIO           MODE: declarations took 0 ms 
248104     WARN  Test worker     d.u.i.k.j.r.KeYCrossReferenceNameInfo Datatype T declared twice: Once in UNKNOWN:unknown and once in UNKNOWN:unknown, Keeping one from UNKNOWN:unknown 
248162     INFO  Test worker     d.u.i.k.n.KeyIO           Parsing took 0 ms 
248162     INFO  Test worker     d.u.i.k.n.KeyIO           MODE: declarations took 0 ms 
248166     WARN  Test worker     d.u.i.k.j.r.KeYCrossReferenceNameInfo Datatype T declared twice: Once in UNKNOWN:unknown and once in UNKNOWN:unknown, Keeping one from UNKNOWN:unknown 
248223     INFO  Test worker     d.u.i.k.n.KeyIO           Parsing took 0 ms 
248223     INFO  Test worker     d.u.i.k.n.KeyIO           MODE: declarations took 0 ms 
248225     WARN  Test worker     d.u.i.k.j.r.KeYCrossReferenceNameInfo Datatype T declared twice: Once in UNKNOWN:unknown and once in UNKNOWN:unknown, Keeping one from UNKNOWN:unknown 
248282     INFO  Test worker     d.u.i.k.n.KeyIO           Parsing took 0 ms 
248283     INFO  Test worker     d.u.i.k.n.KeyIO           MODE: declarations took 1 ms 
248284     WARN  Test worker     d.u.i.k.j.r.KeYCrossReferenceNameInfo Datatype T declared twice: Once in UNKNOWN:unknown and once in UNKNOWN:unknown, Keeping one from UNKNOWN:unknown 
248342     INFO  Test worker     d.u.i.k.n.KeyIO           Parsing took 0 ms 
248342     INFO  Test worker     d.u.i.k.n.KeyIO           MODE: declarations took 0 ms 
248348     WARN  Test worker     d.u.i.k.j.r.KeYCrossReferenceNameInfo Datatype T declared twice: Once in UNKNOWN:unknown and once in UNKNOWN:unknown, Keeping one from UNKNOWN:unknown 
248407     INFO  Test worker     d.u.i.k.n.KeyIO           Parsing took 0 ms 
248407     INFO  Test worker     d.u.i.k.n.KeyIO           MODE: declarations took 0 ms 
248409     WARN  Test worker     d.u.i.k.j.r.KeYCrossReferenceNameInfo Datatype T declared twice: Once in UNKNOWN:unknown and once in UNKNOWN:unknown, Keeping one from UNKNOWN:unknown 
248469     INFO  Test worker     d.u.i.k.n.KeyIO           Parsing took 0 ms 
248469     INFO  Test worker     d.u.i.k.n.KeyIO           MODE: declarations took 0 ms 
248470     WARN  Test worker     d.u.i.k.j.r.KeYCrossReferenceNameInfo Datatype T declared twice: Once in UNKNOWN:unknown and once in UNKNOWN:unknown, Keeping one from UNKNOWN:unknown 
248531     INFO  Test worker     d.u.i.k.n.KeyIO           Parsing took 0 ms 
248531     INFO  Test worker     d.u.i.k.n.KeyIO           MODE: declarations took 0 ms 
248539     WARN  Test worker     d.u.i.k.j.r.KeYCrossReferenceNameInfo Datatype T declared twice: Once in UNKNOWN:unknown and once in UNKNOWN:unknown, Keeping one from UNKNOWN:unknown 
248598     INFO  Test worker     d.u.i.k.n.KeyIO           Parsing took 0 ms 
248598     INFO  Test worker     d.u.i.k.n.KeyIO           MODE: declarations took 0 ms 
248600     WARN  Test worker     d.u.i.k.j.r.KeYCrossReferenceNameInfo Datatype T declared twice: Once in UNKNOWN:unknown and once in UNKNOWN:unknown, Keeping one from UNKNOWN:unknown 
248660     INFO  Test worker     d.u.i.k.n.KeyIO           Parsing took 0 ms 
248660     INFO  Test worker     d.u.i.k.n.KeyIO           MODE: declarations took 0 ms 
248662     WARN  Test worker     d.u.i.k.j.r.KeYCrossReferenceNameInfo Datatype T declared twice: Once in UNKNOWN:unknown and once in UNKNOWN:unknown, Keeping one from UNKNOWN:unknown 
248721     INFO  Test worker     d.u.i.k.n.KeyIO           Parsing took 0 ms 
248721     INFO  Test worker     d.u.i.k.n.KeyIO           MODE: declarations took 0 ms 
248723     WARN  Test worker     d.u.i.k.j.r.KeYCrossReferenceNameInfo Datatype T declared twice: Once in UNKNOWN:unknown and once in UNKNOWN:unknown, Keeping one from UNKNOWN:unknown 
248782     INFO  Test worker     d.u.i.k.n.KeyIO           Parsing took 0 ms 
248786     INFO  Test worker     d.u.i.k.n.KeyIO           MODE: declarations took 0 ms 
248789     WARN  Test worker     d.u.i.k.j.r.KeYCrossReferenceNameInfo Datatype T declared twice: Once in UNKNOWN:unknown and once in UNKNOWN:unknown, Keeping one from UNKNOWN:unknown 
248847     INFO  Test worker     d.u.i.k.n.KeyIO           Parsing took 0 ms 
248847     INFO  Test worker     d.u.i.k.n.KeyIO           MODE: declarations took 0 ms 
248848     WARN  Test worker     d.u.i.k.j.r.KeYCrossReferenceNameInfo Datatype T declared twice: Once in UNKNOWN:unknown and once in UNKNOWN:unknown, Keeping one from UNKNOWN:unknown 
248905     INFO  Test worker     d.u.i.k.n.KeyIO           Parsing took 0 ms 
248905     INFO  Test worker     d.u.i.k.n.KeyIO           MODE: declarations took 0 ms 
248907     WARN  Test worker     d.u.i.k.j.r.KeYCrossReferenceNameInfo Datatype T declared twice: Once in UNKNOWN:unknown and once in UNKNOWN:unknown, Keeping one from UNKNOWN:unknown 
248964     INFO  Test worker     d.u.i.k.n.KeyIO           Parsing took 0 ms 
248964     INFO  Test worker     d.u.i.k.n.KeyIO           MODE: declarations took 0 ms 
248966     WARN  Test worker     d.u.i.k.j.r.KeYCrossReferenceNameInfo Datatype T declared twice: Once in UNKNOWN:unknown and once in UNKNOWN:unknown, Keeping one from UNKNOWN:unknown 
249024     INFO  Test worker     d.u.i.k.n.KeyIO           Parsing took 1 ms 
249024     INFO  Test worker     d.u.i.k.n.KeyIO           MODE: declarations took 0 ms 
249025     WARN  Test worker     d.u.i.k.j.r.KeYCrossReferenceNameInfo Datatype T declared twice: Once in UNKNOWN:unknown and once in UNKNOWN:unknown, Keeping one from UNKNOWN:unknown 
249082     INFO  Test worker     d.u.i.k.n.KeyIO           Parsing took 0 ms 
249083     INFO  Test worker     d.u.i.k.n.KeyIO           MODE: declarations took 0 ms 
249084     WARN  Test worker     d.u.i.k.j.r.KeYCrossReferenceNameInfo Datatype T declared twice: Once in UNKNOWN:unknown and once in UNKNOWN:unknown, Keeping one from UNKNOWN:unknown 
249141     INFO  Test worker     d.u.i.k.n.KeyIO           Parsing took 0 ms 
249141     INFO  Test worker     d.u.i.k.n.KeyIO           MODE: declarations took 0 ms 
249144     WARN  Test worker     d.u.i.k.j.r.KeYCrossReferenceNameInfo Datatype T declared twice: Once in UNKNOWN:unknown and once in UNKNOWN:unknown, Keeping one from UNKNOWN:unknown 
249202     WARN  Test worker     d.u.i.k.j.r.KeYCrossReferenceNameInfo Datatype T declared twice: Once in UNKNOWN:unknown and once in UNKNOWN:unknown, Keeping one from UNKNOWN:unknown 
249259     INFO  Test worker     d.u.i.k.n.KeyIO           Parsing took 0 ms 
249259     INFO  Test worker     d.u.i.k.n.KeyIO           MODE: declarations took 0 ms 
249262     WARN  Test worker     d.u.i.k.j.r.KeYCrossReferenceNameInfo Datatype T declared twice: Once in UNKNOWN:unknown and once in UNKNOWN:unknown, Keeping one from UNKNOWN:unknown 
249323     INFO  Test worker     d.u.i.k.n.KeyIO           Parsing took 4 ms 
249324     INFO  Test worker     d.u.i.k.n.KeyIO           MODE: declarations took 0 ms 
]]></system-out>
  <system-err><![CDATA[]]></system-err>
</testsuite>
