<?xml version="1.0" encoding="UTF-8"?>
<testsuite name="de.uka.ilkd.key.logic.TestTermLabelManager" tests="21" skipped="0" failures="0" errors="0" timestamp="2023-06-02T21:27:37" hostname="fv-az479-289" time="101.307">
  <properties/>
  <testcase name="testInstantiateLabels_directChildPolicies_allRules()" classname="de.uka.ilkd.key.logic.TestTermLabelManager" time="7.239"/>
  <testcase name="testInstantiateLabels_childAndGrandchildPolicies_ruleSpecific()" classname="de.uka.ilkd.key.logic.TestTermLabelManager" time="5.438"/>
  <testcase name="testParseLabel()" classname="de.uka.ilkd.key.logic.TestTermLabelManager" time="5.191"/>
  <testcase name="testrefactorGoal_childrenAndGrandchildren_ruleSpecific()" classname="de.uka.ilkd.key.logic.TestTermLabelManager" time="5.2"/>
  <testcase name="testrefactorGoal_directChildren_allRules()" classname="de.uka.ilkd.key.logic.TestTermLabelManager" time="5.296"/>
  <testcase name="testInstantiateLabels_childAndGrandchildPolicies_allRules()" classname="de.uka.ilkd.key.logic.TestTermLabelManager" time="5.355"/>
  <testcase name="testInstantiateLabels_taclet()" classname="de.uka.ilkd.key.logic.TestTermLabelManager" time="5.022"/>
  <testcase name="testrefactorGoal_none_ruleSpecific()" classname="de.uka.ilkd.key.logic.TestTermLabelManager" time="5.199"/>
  <testcase name="testInstantiateLabels_updates_ruleSpecific()" classname="de.uka.ilkd.key.logic.TestTermLabelManager" time="5.189"/>
  <testcase name="testrefactorGoal_sequent_ruleSpecific()" classname="de.uka.ilkd.key.logic.TestTermLabelManager" time="5.716"/>
  <testcase name="testInstantiateLabels_updates_allRules()" classname="de.uka.ilkd.key.logic.TestTermLabelManager" time="5.088"/>
  <testcase name="testrefactorGoal_sequent_allRules()" classname="de.uka.ilkd.key.logic.TestTermLabelManager" time="5.262"/>
  <testcase name="testrefactorGoal_childrenAndGrandchildren_allRules()" classname="de.uka.ilkd.key.logic.TestTermLabelManager" time="5.221"/>
  <testcase name="testGetTermLabelManager()" classname="de.uka.ilkd.key.logic.TestTermLabelManager" time="0.003"/>
  <testcase name="testInstantiateLabels_applicationTermPolicies()" classname="de.uka.ilkd.key.logic.TestTermLabelManager" time="5.511"/>
  <testcase name="testInstantiateLabels_modalityTermPolicies()" classname="de.uka.ilkd.key.logic.TestTermLabelManager" time="5.106"/>
  <testcase name="testrefactorGoal_none_allRules()" classname="de.uka.ilkd.key.logic.TestTermLabelManager" time="4.963"/>
  <testcase name="testInstantiateLabels_null()" classname="de.uka.ilkd.key.logic.TestTermLabelManager" time="0.001"/>
  <testcase name="testrefactorGoal_directChildren_ruleSpecific()" classname="de.uka.ilkd.key.logic.TestTermLabelManager" time="5.181"/>
  <testcase name="testInstantiateLabels_directChildPolicies_ruleSpecific()" classname="de.uka.ilkd.key.logic.TestTermLabelManager" time="5.031"/>
  <testcase name="testGetSupportedTermLabelNames()" classname="de.uka.ilkd.key.logic.TestTermLabelManager" time="5.038"/>
  <system-out><![CDATA[191933     INFO  Test worker     d.u.i.k.p.i.AbstractProblemLoader Loading environment from src\test\resources\testcase\termLabels\flatSteps\FlatSteps.java 
191933     DEBUG Test worker     d.u.i.k.p.i.AbstractProblemLoader Environment load took 311.9ns 
191933     INFO  Test worker     d.u.i.k.p.i.AbstractProblemLoader Creating init config 
192333     DEBUG Test worker     d.u.i.k.j.TypeConverter   No LDT found for Meta 
192333     DEBUG Test worker     d.u.i.k.j.TypeConverter   No LDT found for Meta 
192333     DEBUG Test worker     d.u.i.k.j.TypeConverter   No LDT found for Meta 
192333     DEBUG Test worker     d.u.i.k.j.TypeConverter   No LDT found for Meta 
193337     DEBUG Test worker     d.u.i.k.j.TypeConverter   No LDT found for JavaBigintExpression 
199171     DEBUG Test worker     d.u.i.k.p.i.AbstractProblemLoader Init config took 7.23s 
199171     INFO  Test worker     d.u.i.k.p.i.AbstractProblemLoader Loading environment from src\test\resources\testcase\termLabels\flatSteps\FlatSteps.java 
199171     DEBUG Test worker     d.u.i.k.p.i.AbstractProblemLoader Environment load took 243.9ns 
199171     INFO  Test worker     d.u.i.k.p.i.AbstractProblemLoader Creating init config 
204609     DEBUG Test worker     d.u.i.k.p.i.AbstractProblemLoader Init config took 5.43s 
204628     INFO  Test worker     d.u.i.k.p.i.AbstractProblemLoader Loading environment from src\test\resources\testcase\termLabels\flatSteps\FlatSteps.java 
204628     DEBUG Test worker     d.u.i.k.p.i.AbstractProblemLoader Environment load took 706.6ns 
204628     INFO  Test worker     d.u.i.k.p.i.AbstractProblemLoader Creating init config 
209800     DEBUG Test worker     d.u.i.k.p.i.AbstractProblemLoader Init config took 5.17s 
209894     INFO  Test worker     d.u.i.k.p.i.AbstractProblemLoader Loading environment from src\test\resources\testcase\termLabels\flatSteps\FlatSteps.java 
209894     DEBUG Test worker     d.u.i.k.p.i.AbstractProblemLoader Environment load took 359.4ns 
209894     INFO  Test worker     d.u.i.k.p.i.AbstractProblemLoader Creating init config 
214984     DEBUG Test worker     d.u.i.k.p.i.AbstractProblemLoader Init config took 5.09s 
215000     INFO  Test worker     d.u.i.k.p.i.AbstractProblemLoader Loading environment from src\test\resources\testcase\termLabels\flatSteps\FlatSteps.java 
215000     DEBUG Test worker     d.u.i.k.p.i.AbstractProblemLoader Environment load took 194.7ns 
215000     INFO  Test worker     d.u.i.k.p.i.AbstractProblemLoader Creating init config 
220282     DEBUG Test worker     d.u.i.k.p.i.AbstractProblemLoader Init config took 5.28s 
220297     INFO  Test worker     d.u.i.k.p.i.AbstractProblemLoader Loading environment from src\test\resources\testcase\termLabels\flatSteps\FlatSteps.java 
220313     DEBUG Test worker     d.u.i.k.p.i.AbstractProblemLoader Environment load took 7.34ms 
220313     INFO  Test worker     d.u.i.k.p.i.AbstractProblemLoader Creating init config 
225653     DEBUG Test worker     d.u.i.k.p.i.AbstractProblemLoader Init config took 5.34s 
225653     INFO  Test worker     d.u.i.k.p.i.AbstractProblemLoader Loading environment from src\test\resources\testcase\termLabels\flatSteps\FlatSteps.java 
225653     DEBUG Test worker     d.u.i.k.p.i.AbstractProblemLoader Environment load took 582.3ns 
225669     INFO  Test worker     d.u.i.k.p.i.AbstractProblemLoader Creating init config 
230676     DEBUG Test worker     d.u.i.k.p.i.AbstractProblemLoader Init config took 5.02s 
230833     INFO  Test worker     d.u.i.k.p.i.AbstractProblemLoader Loading environment from src\test\resources\testcase\termLabels\flatSteps\FlatSteps.java 
230833     DEBUG Test worker     d.u.i.k.p.i.AbstractProblemLoader Environment load took 290.2ns 
230833     INFO  Test worker     d.u.i.k.p.i.AbstractProblemLoader Creating init config 
235859     DEBUG Test worker     d.u.i.k.p.i.AbstractProblemLoader Init config took 5.02s 
235875     INFO  Test worker     d.u.i.k.p.i.AbstractProblemLoader Loading environment from src\test\resources\testcase\termLabels\flatSteps\FlatSteps.java 
235875     DEBUG Test worker     d.u.i.k.p.i.AbstractProblemLoader Environment load took 543.4ns 
235875     INFO  Test worker     d.u.i.k.p.i.AbstractProblemLoader Creating init config 
241064     DEBUG Test worker     d.u.i.k.p.i.AbstractProblemLoader Init config took 5.19s 
241377     INFO  Test worker     d.u.i.k.p.i.AbstractProblemLoader Loading environment from src\test\resources\testcase\termLabels\flatSteps\FlatSteps.java 
241377     DEBUG Test worker     d.u.i.k.p.i.AbstractProblemLoader Environment load took 359.5ns 
241377     INFO  Test worker     d.u.i.k.p.i.AbstractProblemLoader Creating init config 
246765     DEBUG Test worker     d.u.i.k.p.i.AbstractProblemLoader Init config took 5.39s 
246781     INFO  Test worker     d.u.i.k.p.i.AbstractProblemLoader Loading environment from src\test\resources\testcase\termLabels\flatSteps\FlatSteps.java 
246781     DEBUG Test worker     d.u.i.k.p.i.AbstractProblemLoader Environment load took 229.6ns 
246781     INFO  Test worker     d.u.i.k.p.i.AbstractProblemLoader Creating init config 
251869     DEBUG Test worker     d.u.i.k.p.i.AbstractProblemLoader Init config took 5.08s 
251978     INFO  Test worker     d.u.i.k.p.i.AbstractProblemLoader Loading environment from src\test\resources\testcase\termLabels\flatSteps\FlatSteps.java 
251978     DEBUG Test worker     d.u.i.k.p.i.AbstractProblemLoader Environment load took 311.6ns 
251978     INFO  Test worker     d.u.i.k.p.i.AbstractProblemLoader Creating init config 
257115     DEBUG Test worker     d.u.i.k.p.i.AbstractProblemLoader Init config took 5.14s 
257131     INFO  Test worker     d.u.i.k.p.i.AbstractProblemLoader Loading environment from src\test\resources\testcase\termLabels\flatSteps\FlatSteps.java 
257131     DEBUG Test worker     d.u.i.k.p.i.AbstractProblemLoader Environment load took 281.4ns 
257131     INFO  Test worker     d.u.i.k.p.i.AbstractProblemLoader Creating init config 
262337     DEBUG Test worker     d.u.i.k.p.i.AbstractProblemLoader Init config took 5.21s 
262352     INFO  Test worker     d.u.i.k.p.i.AbstractProblemLoader Loading environment from src\test\resources\testcase\termLabels\flatSteps\FlatSteps.java 
262352     DEBUG Test worker     d.u.i.k.p.i.AbstractProblemLoader Environment load took 571.2ns 
262352     INFO  Test worker     d.u.i.k.p.i.AbstractProblemLoader Creating init config 
267868     DEBUG Test worker     d.u.i.k.p.i.AbstractProblemLoader Init config took 5.5s 
267868     INFO  Test worker     d.u.i.k.p.i.AbstractProblemLoader Loading environment from src\test\resources\testcase\termLabels\flatSteps\FlatSteps.java 
267868     DEBUG Test worker     d.u.i.k.p.i.AbstractProblemLoader Environment load took 210.8ns 
267868     INFO  Test worker     d.u.i.k.p.i.AbstractProblemLoader Creating init config 
272975     DEBUG Test worker     d.u.i.k.p.i.AbstractProblemLoader Init config took 5.1s 
272975     INFO  Test worker     d.u.i.k.p.i.AbstractProblemLoader Loading environment from src\test\resources\testcase\termLabels\flatSteps\FlatSteps.java 
272975     DEBUG Test worker     d.u.i.k.p.i.AbstractProblemLoader Environment load took 222.2ns 
272975     INFO  Test worker     d.u.i.k.p.i.AbstractProblemLoader Creating init config 
277923     DEBUG Test worker     d.u.i.k.p.i.AbstractProblemLoader Init config took 4.94s 
278001     INFO  Test worker     d.u.i.k.p.i.AbstractProblemLoader Loading environment from src\test\resources\testcase\termLabels\flatSteps\FlatSteps.java 
278001     DEBUG Test worker     d.u.i.k.p.i.AbstractProblemLoader Environment load took 685.8ns 
278001     INFO  Test worker     d.u.i.k.p.i.AbstractProblemLoader Creating init config 
283152     DEBUG Test worker     d.u.i.k.p.i.AbstractProblemLoader Init config took 5.15s 
283168     INFO  Test worker     d.u.i.k.p.i.AbstractProblemLoader Loading environment from src\test\resources\testcase\termLabels\flatSteps\FlatSteps.java 
283168     DEBUG Test worker     d.u.i.k.p.i.AbstractProblemLoader Environment load took 218.1ns 
283168     INFO  Test worker     d.u.i.k.p.i.AbstractProblemLoader Creating init config 
288200     DEBUG Test worker     d.u.i.k.p.i.AbstractProblemLoader Init config took 5.03s 
288200     INFO  Test worker     d.u.i.k.p.i.AbstractProblemLoader Loading environment from src\test\resources\testcase\termLabels\flatSteps\FlatSteps.java 
288200     DEBUG Test worker     d.u.i.k.p.i.AbstractProblemLoader Environment load took 601.7ns 
288215     INFO  Test worker     d.u.i.k.p.i.AbstractProblemLoader Creating init config 
293239     DEBUG Test worker     d.u.i.k.p.i.AbstractProblemLoader Init config took 5.03s 
]]></system-out>
  <system-err><![CDATA[]]></system-err>
</testsuite>
