<?xml version="1.0" encoding="UTF-8"?>
<testsuite name="de.uka.ilkd.key.rule.loop.LoopScopeInvRuleTests" tests="1" skipped="0" failures="0" errors="0" timestamp="2023-06-02T21:37:30" hostname="fv-az479-289" time="7.438">
  <properties/>
  <testcase name="testDoAutomaticProofOfBenchmarkWithLabeledBreaksAndContinues()" classname="de.uka.ilkd.key.rule.loop.LoopScopeInvRuleTests" time="7.438"/>
  <system-out><![CDATA[784168     INFO  Test worker     d.u.i.k.p.i.AbstractProblemLoader Loading environment from src\test\resources\testcase\loopScopeInvRule\Test.key 
784168     DEBUG Test worker     d.u.i.k.p.i.AbstractProblemLoader Environment load took 156ns 
784183     INFO  Test worker     d.u.i.k.p.i.AbstractProblemLoader Creating init config 
784434     DEBUG Test worker     d.u.i.k.j.TypeConverter   No LDT found for Meta 
784434     DEBUG Test worker     d.u.i.k.j.TypeConverter   No LDT found for Meta 
784434     DEBUG Test worker     d.u.i.k.j.TypeConverter   No LDT found for Meta 
784434     DEBUG Test worker     d.u.i.k.j.TypeConverter   No LDT found for Meta 
785149     DEBUG Test worker     d.u.i.k.j.TypeConverter   No LDT found for JavaBigintExpression 
790827     DEBUG Test worker     d.u.i.k.p.i.AbstractProblemLoader Init config took 6.65s 
790868     INFO  Test worker     d.u.i.k.p.i.AbstractProblemLoader Replaying proof Test[Test::loopScopeRuleBenchmark(int,boolean)].JML normal_behavior operation contract.0 
790868     DEBUG Test worker     d.u.i.k.p.i.IntermediateProofReplayer Proof replay took 88.5ns 
]]></system-out>
  <system-err><![CDATA[]]></system-err>
</testsuite>
