<?xml version="1.0" encoding="UTF-8"?>
<testsuite name="de.uka.ilkd.key.rule.merge.PredicateAbstractionLatticeTests" tests="3" skipped="0" failures="0" errors="0" timestamp="2023-06-02T21:39:32" hostname="fv-az479-289" time="10.314">
  <properties/>
  <testcase name="testToAndFromString()" classname="de.uka.ilkd.key.rule.merge.PredicateAbstractionLatticeTests" time="5.128"/>
  <testcase name="testCreateSignLatticeWithPredicates()" classname="de.uka.ilkd.key.rule.merge.PredicateAbstractionLatticeTests" time="5.186"/>
  <testcase name="testTrivialPredicatesLattice()" classname="de.uka.ilkd.key.rule.merge.PredicateAbstractionLatticeTests" time="0.0"/>
  <system-out><![CDATA[906840     INFO  Test worker     d.u.i.k.p.i.AbstractProblemLoader Loading environment from src\test\resources\testcase\merge\dummy.key 
906840     DEBUG Test worker     d.u.i.k.p.i.AbstractProblemLoader Environment load took 192.6ns 
906840     INFO  Test worker     d.u.i.k.p.i.AbstractProblemLoader Creating init config 
911938     DEBUG Test worker     d.u.i.k.p.i.AbstractProblemLoader Init config took 5.1s 
911969     INFO  Test worker     d.u.i.k.p.i.AbstractProblemLoader Replaying proof dummy.key 
911969     DEBUG Test worker     d.u.i.k.p.i.IntermediateProofReplayer Proof replay took 11.3ns 
911969     INFO  Test worker     d.u.i.k.p.i.AbstractProblemLoader Loading environment from src\test\resources\testcase\merge\dummy.key 
911969     DEBUG Test worker     d.u.i.k.p.i.AbstractProblemLoader Environment load took 173.8ns 
911969     INFO  Test worker     d.u.i.k.p.i.AbstractProblemLoader Creating init config 
917138     DEBUG Test worker     d.u.i.k.p.i.AbstractProblemLoader Init config took 5.17s 
917155     INFO  Test worker     d.u.i.k.p.i.AbstractProblemLoader Replaying proof dummy.key 
917155     DEBUG Test worker     d.u.i.k.p.i.IntermediateProofReplayer Proof replay took 10.4ns 
]]></system-out>
  <system-err><![CDATA[]]></system-err>
</testsuite>
