<?xml version="1.0" encoding="UTF-8"?>
<testsuite name="de.uka.ilkd.key.parser.TestDeclParser" tests="14" skipped="2" failures="0" errors="0" timestamp="2023-06-02T21:30:36" hostname="fv-az479-289" time="19.288">
  <properties/>
  <testcase name="testGenericSortDecl1()" classname="de.uka.ilkd.key.parser.TestDeclParser" time="1.674"/>
  <testcase name="testGenericSortDecl2()" classname="de.uka.ilkd.key.parser.TestDeclParser" time="1.609"/>
  <testcase name="testGenericSortDecl3()" classname="de.uka.ilkd.key.parser.TestDeclParser" time="1.592"/>
  <testcase name="testGenericSortDecl4()" classname="de.uka.ilkd.key.parser.TestDeclParser" time="1.601"/>
  <testcase name="testGenericSortDecl5()" classname="de.uka.ilkd.key.parser.TestDeclParser" time="0.0">
    <skipped/>
  </testcase>
  <testcase name="testGenericSortDecl6()" classname="de.uka.ilkd.key.parser.TestDeclParser" time="1.6"/>
  <testcase name="testSortDecl()" classname="de.uka.ilkd.key.parser.TestDeclParser" time="1.621"/>
  <testcase name="testProxySortDecl()" classname="de.uka.ilkd.key.parser.TestDeclParser" time="1.56"/>
  <testcase name="testArrayDecl()" classname="de.uka.ilkd.key.parser.TestDeclParser" time="1.597"/>
  <testcase name="testAmbiguousDecls()" classname="de.uka.ilkd.key.parser.TestDeclParser" time="0.0">
    <skipped/>
  </testcase>
  <testcase name="testHeurDecl()" classname="de.uka.ilkd.key.parser.TestDeclParser" time="1.585"/>
  <testcase name="testFunctionDecl()" classname="de.uka.ilkd.key.parser.TestDeclParser" time="1.628"/>
  <testcase name="testPredicateDecl()" classname="de.uka.ilkd.key.parser.TestDeclParser" time="1.605"/>
  <testcase name="testSVDecl()" classname="de.uka.ilkd.key.parser.TestDeclParser" time="1.612"/>
  <system-out><![CDATA[372300     INFO  Test worker     d.u.i.k.n.KeyIO           Parsing took 0 ms 
372300     DEBUG Test worker     d.u.i.k.n.KeyIO           Load declarations of de.uka.ilkd.key.nparser.KeyAst$File:  <unknown>:1#1 
372300     INFO  Test worker     d.u.i.k.n.KeyIO           MODE: declarations took 0 ms 
372300     DEBUG Test worker     d.u.i.k.n.KeyIO           MODE: 2nd degree decls took 0 
372300     DEBUG Test worker     d.u.i.k.n.KeyIO           MODE: taclets took 0ms 
373916     INFO  Test worker     d.u.i.k.n.KeyIO           Parsing took 0 ms 
373916     DEBUG Test worker     d.u.i.k.n.KeyIO           Load declarations of de.uka.ilkd.key.nparser.KeyAst$File:  <unknown>:1#1 
373916     INFO  Test worker     d.u.i.k.n.KeyIO           MODE: declarations took 0 ms 
373916     DEBUG Test worker     d.u.i.k.n.KeyIO           MODE: 2nd degree decls took 0 
373916     DEBUG Test worker     d.u.i.k.n.KeyIO           MODE: taclets took 0ms 
375511     INFO  Test worker     d.u.i.k.n.KeyIO           Parsing took 0 ms 
375511     DEBUG Test worker     d.u.i.k.n.KeyIO           Load declarations of de.uka.ilkd.key.nparser.KeyAst$File:  <unknown>:1#1 
375511     INFO  Test worker     d.u.i.k.n.KeyIO           MODE: declarations took 0 ms 
375511     DEBUG Test worker     d.u.i.k.n.KeyIO           MODE: 2nd degree decls took 0 
375511     DEBUG Test worker     d.u.i.k.n.KeyIO           MODE: taclets took 0ms 
377110     INFO  Test worker     d.u.i.k.n.KeyIO           Parsing took 0 ms 
377110     DEBUG Test worker     d.u.i.k.n.KeyIO           Load declarations of de.uka.ilkd.key.nparser.KeyAst$File:  <unknown>:1#1 
377110     INFO  Test worker     d.u.i.k.n.KeyIO           MODE: declarations took 0 ms 
377110     DEBUG Test worker     d.u.i.k.n.KeyIO           MODE: 2nd degree decls took 0 
377110     DEBUG Test worker     d.u.i.k.n.KeyIO           MODE: taclets took 0ms 
378705     INFO  Test worker     d.u.i.k.n.KeyIO           Parsing took 0 ms 
378705     DEBUG Test worker     d.u.i.k.n.KeyIO           Load declarations of de.uka.ilkd.key.nparser.KeyAst$File:  <unknown>:1#1 
378705     INFO  Test worker     d.u.i.k.n.KeyIO           MODE: declarations took 0 ms 
378705     DEBUG Test worker     d.u.i.k.n.KeyIO           MODE: 2nd degree decls took 0 
378705     DEBUG Test worker     d.u.i.k.n.KeyIO           MODE: taclets took 0ms 
380333     INFO  Test worker     d.u.i.k.n.KeyIO           Parsing took 0 ms 
380333     DEBUG Test worker     d.u.i.k.n.KeyIO           Load declarations of de.uka.ilkd.key.nparser.KeyAst$File:  <unknown>:1#1 
380333     INFO  Test worker     d.u.i.k.n.KeyIO           MODE: declarations took 0 ms 
380333     DEBUG Test worker     d.u.i.k.n.KeyIO           MODE: 2nd degree decls took 0 
380333     DEBUG Test worker     d.u.i.k.n.KeyIO           MODE: taclets took 0ms 
381888     INFO  Test worker     d.u.i.k.n.KeyIO           Parsing took 0 ms 
381888     DEBUG Test worker     d.u.i.k.n.KeyIO           Load declarations of de.uka.ilkd.key.nparser.KeyAst$File:  <unknown>:1#1 
381888     INFO  Test worker     d.u.i.k.n.KeyIO           MODE: declarations took 0 ms 
381888     DEBUG Test worker     d.u.i.k.n.KeyIO           MODE: 2nd degree decls took 0 
381888     DEBUG Test worker     d.u.i.k.n.KeyIO           MODE: taclets took 0ms 
383490     INFO  Test worker     d.u.i.k.n.KeyIO           Parsing took 0 ms 
383490     DEBUG Test worker     d.u.i.k.n.KeyIO           Load declarations of de.uka.ilkd.key.nparser.KeyAst$File:  <unknown>:1#1 
383490     INFO  Test worker     d.u.i.k.n.KeyIO           MODE: declarations took 0 ms 
383490     DEBUG Test worker     d.u.i.k.n.KeyIO           MODE: 2nd degree decls took 0 
383490     DEBUG Test worker     d.u.i.k.n.KeyIO           MODE: taclets took 0ms 
385069     INFO  Test worker     d.u.i.k.n.KeyIO           Parsing took 0 ms 
385069     DEBUG Test worker     d.u.i.k.n.KeyIO           Load declarations of de.uka.ilkd.key.nparser.KeyAst$File:  <unknown>:1#1 
385069     INFO  Test worker     d.u.i.k.n.KeyIO           MODE: declarations took 0 ms 
385069     DEBUG Test worker     d.u.i.k.n.KeyIO           MODE: 2nd degree decls took 0 
385069     DEBUG Test worker     d.u.i.k.n.KeyIO           MODE: taclets took 0ms 
386704     INFO  Test worker     d.u.i.k.n.KeyIO           Parsing took 0 ms 
386704     DEBUG Test worker     d.u.i.k.n.KeyIO           Load declarations of de.uka.ilkd.key.nparser.KeyAst$File:  <unknown>:1#1 
386704     INFO  Test worker     d.u.i.k.n.KeyIO           MODE: declarations took 0 ms 
386704     DEBUG Test worker     d.u.i.k.n.KeyIO           MODE: 2nd degree decls took 0 
386704     DEBUG Test worker     d.u.i.k.n.KeyIO           MODE: taclets took 0ms 
388313     INFO  Test worker     d.u.i.k.n.KeyIO           Parsing took 0 ms 
388313     DEBUG Test worker     d.u.i.k.n.KeyIO           Load declarations of de.uka.ilkd.key.nparser.KeyAst$File:  <unknown>:1#1 
388313     INFO  Test worker     d.u.i.k.n.KeyIO           MODE: declarations took 0 ms 
388313     DEBUG Test worker     d.u.i.k.n.KeyIO           MODE: 2nd degree decls took 0 
388313     DEBUG Test worker     d.u.i.k.n.KeyIO           MODE: taclets took 0ms 
389921     INFO  Test worker     d.u.i.k.n.KeyIO           Parsing took 0 ms 
389921     DEBUG Test worker     d.u.i.k.n.KeyIO           Load declarations of de.uka.ilkd.key.nparser.KeyAst$File:  <unknown>:1#1 
389921     INFO  Test worker     d.u.i.k.n.KeyIO           MODE: declarations took 0 ms 
389921     DEBUG Test worker     d.u.i.k.n.KeyIO           MODE: 2nd degree decls took 0 
389921     DEBUG Test worker     d.u.i.k.n.KeyIO           MODE: taclets took 0ms 
]]></system-out>
  <system-err><![CDATA[]]></system-err>
</testsuite>
