<?xml version="1.0" encoding="UTF-8"?>
<testsuite name="de.uka.ilkd.key.logic.TestClashFreeSubst" tests="14" skipped="2" failures="0" errors="0" timestamp="2023-06-02T21:25:30" hostname="fv-az479-289" time="87.509">
  <properties/>
  <testcase name="testMultiShareBound()" classname="de.uka.ilkd.key.logic.TestClashFreeSubst" time="1.693"/>
  <testcase name="testClash()" classname="de.uka.ilkd.key.logic.TestClashFreeSubst" time="1.628"/>
  <testcase name="testShare()" classname="de.uka.ilkd.key.logic.TestClashFreeSubst" time="1.589"/>
  <testcase name="testSubst()" classname="de.uka.ilkd.key.logic.TestClashFreeSubst" time="1.599"/>
  <testcase name="testWary0()" classname="de.uka.ilkd.key.logic.TestClashFreeSubst" time="1.608"/>
  <testcase name="testWary1()" classname="de.uka.ilkd.key.logic.TestClashFreeSubst" time="1.589"/>
  <testcase name="testWary2()" classname="de.uka.ilkd.key.logic.TestClashFreeSubst" time="1.589"/>
  <testcase name="testClashInSubstTerm()" classname="de.uka.ilkd.key.logic.TestClashFreeSubst" time="1.602"/>
  <testcase name="testShareWary()" classname="de.uka.ilkd.key.logic.TestClashFreeSubst" time="1.611"/>
  <testcase name="testMultiSubst()" classname="de.uka.ilkd.key.logic.TestClashFreeSubst" time="1.608"/>
  <testcase name="xtestMultiClash()" classname="de.uka.ilkd.key.logic.TestClashFreeSubst" time="0.0">
    <skipped/>
  </testcase>
  <testcase name="testSubstInSubstTerm()" classname="de.uka.ilkd.key.logic.TestClashFreeSubst" time="1.607"/>
  <testcase name="testSubstWary()" classname="de.uka.ilkd.key.logic.TestClashFreeSubst" time="1.609"/>
  <testcase name="xtestMultiClash1()" classname="de.uka.ilkd.key.logic.TestClashFreeSubst" time="0.0">
    <skipped/>
  </testcase>
  <system-out><![CDATA[65082      INFO  Test worker     d.u.i.k.n.KeyIO           Parsing took 0 ms 
65082      DEBUG Test worker     d.u.i.k.n.KeyIO           Load declarations of de.uka.ilkd.key.nparser.KeyAst$File:  <unknown>:1#1 
65082      INFO  Test worker     d.u.i.k.n.KeyIO           MODE: declarations took 0 ms 
65082      DEBUG Test worker     d.u.i.k.n.KeyIO           MODE: 2nd degree decls took 0 
66769      INFO  Test worker     d.u.i.k.n.KeyIO           Parsing took 0 ms 
66769      DEBUG Test worker     d.u.i.k.n.KeyIO           Load declarations of de.uka.ilkd.key.nparser.KeyAst$File:  <unknown>:1#1 
66769      INFO  Test worker     d.u.i.k.n.KeyIO           MODE: declarations took 0 ms 
66769      DEBUG Test worker     d.u.i.k.n.KeyIO           MODE: 2nd degree decls took 0 
72117      INFO  Test worker     d.u.i.k.n.KeyIO           Parsing took 0 ms 
72117      DEBUG Test worker     d.u.i.k.n.KeyIO           Load declarations of de.uka.ilkd.key.nparser.KeyAst$File:  <unknown>:1#1 
72117      INFO  Test worker     d.u.i.k.n.KeyIO           MODE: declarations took 0 ms 
72117      DEBUG Test worker     d.u.i.k.n.KeyIO           MODE: 2nd degree decls took 0 
73725      INFO  Test worker     d.u.i.k.n.KeyIO           Parsing took 0 ms 
73725      DEBUG Test worker     d.u.i.k.n.KeyIO           Load declarations of de.uka.ilkd.key.nparser.KeyAst$File:  <unknown>:1#1 
73725      INFO  Test worker     d.u.i.k.n.KeyIO           MODE: declarations took 0 ms 
73725      DEBUG Test worker     d.u.i.k.n.KeyIO           MODE: 2nd degree decls took 0 
78949      INFO  Test worker     d.u.i.k.n.KeyIO           Parsing took 0 ms 
78949      DEBUG Test worker     d.u.i.k.n.KeyIO           Load declarations of de.uka.ilkd.key.nparser.KeyAst$File:  <unknown>:1#1 
78949      INFO  Test worker     d.u.i.k.n.KeyIO           MODE: declarations took 0 ms 
78949      DEBUG Test worker     d.u.i.k.n.KeyIO           MODE: 2nd degree decls took 0 
80528      INFO  Test worker     d.u.i.k.n.KeyIO           Parsing took 0 ms 
80528      DEBUG Test worker     d.u.i.k.n.KeyIO           Load declarations of de.uka.ilkd.key.nparser.KeyAst$File:  <unknown>:1#1 
80528      INFO  Test worker     d.u.i.k.n.KeyIO           MODE: declarations took 0 ms 
80528      DEBUG Test worker     d.u.i.k.n.KeyIO           MODE: 2nd degree decls took 0 
85619      INFO  Test worker     d.u.i.k.n.KeyIO           Parsing took 0 ms 
85619      DEBUG Test worker     d.u.i.k.n.KeyIO           Load declarations of de.uka.ilkd.key.nparser.KeyAst$File:  <unknown>:1#1 
85619      INFO  Test worker     d.u.i.k.n.KeyIO           MODE: declarations took 0 ms 
85619      DEBUG Test worker     d.u.i.k.n.KeyIO           MODE: 2nd degree decls took 0 
87210      INFO  Test worker     d.u.i.k.n.KeyIO           Parsing took 0 ms 
87210      DEBUG Test worker     d.u.i.k.n.KeyIO           Load declarations of de.uka.ilkd.key.nparser.KeyAst$File:  <unknown>:1#1 
87210      INFO  Test worker     d.u.i.k.n.KeyIO           MODE: declarations took 0 ms 
87210      DEBUG Test worker     d.u.i.k.n.KeyIO           MODE: 2nd degree decls took 0 
92276      INFO  Test worker     d.u.i.k.n.KeyIO           Parsing took 0 ms 
92276      DEBUG Test worker     d.u.i.k.n.KeyIO           Load declarations of de.uka.ilkd.key.nparser.KeyAst$File:  <unknown>:1#1 
92276      INFO  Test worker     d.u.i.k.n.KeyIO           MODE: declarations took 0 ms 
92276      DEBUG Test worker     d.u.i.k.n.KeyIO           MODE: 2nd degree decls took 0 
93875      INFO  Test worker     d.u.i.k.n.KeyIO           Parsing took 0 ms 
93875      DEBUG Test worker     d.u.i.k.n.KeyIO           Load declarations of de.uka.ilkd.key.nparser.KeyAst$File:  <unknown>:1#1 
93875      INFO  Test worker     d.u.i.k.n.KeyIO           MODE: declarations took 0 ms 
93875      DEBUG Test worker     d.u.i.k.n.KeyIO           MODE: 2nd degree decls took 0 
99103      INFO  Test worker     d.u.i.k.n.KeyIO           Parsing took 0 ms 
99103      DEBUG Test worker     d.u.i.k.n.KeyIO           Load declarations of de.uka.ilkd.key.nparser.KeyAst$File:  <unknown>:1#1 
99103      INFO  Test worker     d.u.i.k.n.KeyIO           MODE: declarations took 0 ms 
99103      DEBUG Test worker     d.u.i.k.n.KeyIO           MODE: 2nd degree decls took 0 
100693     INFO  Test worker     d.u.i.k.n.KeyIO           Parsing took 0 ms 
100693     DEBUG Test worker     d.u.i.k.n.KeyIO           Load declarations of de.uka.ilkd.key.nparser.KeyAst$File:  <unknown>:1#1 
100693     INFO  Test worker     d.u.i.k.n.KeyIO           MODE: declarations took 0 ms 
100693     DEBUG Test worker     d.u.i.k.n.KeyIO           MODE: 2nd degree decls took 0 
105905     INFO  Test worker     d.u.i.k.n.KeyIO           Parsing took 0 ms 
105905     DEBUG Test worker     d.u.i.k.n.KeyIO           Load declarations of de.uka.ilkd.key.nparser.KeyAst$File:  <unknown>:1#1 
105905     INFO  Test worker     d.u.i.k.n.KeyIO           MODE: declarations took 0 ms 
105905     DEBUG Test worker     d.u.i.k.n.KeyIO           MODE: 2nd degree decls took 0 
107485     INFO  Test worker     d.u.i.k.n.KeyIO           Parsing took 0 ms 
107485     DEBUG Test worker     d.u.i.k.n.KeyIO           Load declarations of de.uka.ilkd.key.nparser.KeyAst$File:  <unknown>:1#1 
107485     INFO  Test worker     d.u.i.k.n.KeyIO           MODE: declarations took 0 ms 
107485     DEBUG Test worker     d.u.i.k.n.KeyIO           MODE: 2nd degree decls took 0 
112680     INFO  Test worker     d.u.i.k.n.KeyIO           Parsing took 0 ms 
112680     DEBUG Test worker     d.u.i.k.n.KeyIO           Load declarations of de.uka.ilkd.key.nparser.KeyAst$File:  <unknown>:1#1 
112680     INFO  Test worker     d.u.i.k.n.KeyIO           MODE: declarations took 0 ms 
112680     DEBUG Test worker     d.u.i.k.n.KeyIO           MODE: 2nd degree decls took 0 
114275     INFO  Test worker     d.u.i.k.n.KeyIO           Parsing took 0 ms 
114275     DEBUG Test worker     d.u.i.k.n.KeyIO           Load declarations of de.uka.ilkd.key.nparser.KeyAst$File:  <unknown>:1#1 
114275     INFO  Test worker     d.u.i.k.n.KeyIO           MODE: declarations took 0 ms 
114275     DEBUG Test worker     d.u.i.k.n.KeyIO           MODE: 2nd degree decls took 0 
119510     INFO  Test worker     d.u.i.k.n.KeyIO           Parsing took 0 ms 
119526     DEBUG Test worker     d.u.i.k.n.KeyIO           Load declarations of de.uka.ilkd.key.nparser.KeyAst$File:  <unknown>:1#1 
119526     INFO  Test worker     d.u.i.k.n.KeyIO           MODE: declarations took 0 ms 
119526     DEBUG Test worker     d.u.i.k.n.KeyIO           MODE: 2nd degree decls took 0 
121124     INFO  Test worker     d.u.i.k.n.KeyIO           Parsing took 0 ms 
121124     DEBUG Test worker     d.u.i.k.n.KeyIO           Load declarations of de.uka.ilkd.key.nparser.KeyAst$File:  <unknown>:1#1 
121124     INFO  Test worker     d.u.i.k.n.KeyIO           MODE: declarations took 0 ms 
121124     DEBUG Test worker     d.u.i.k.n.KeyIO           MODE: 2nd degree decls took 0 
126492     INFO  Test worker     d.u.i.k.n.KeyIO           Parsing took 0 ms 
126492     DEBUG Test worker     d.u.i.k.n.KeyIO           Load declarations of de.uka.ilkd.key.nparser.KeyAst$File:  <unknown>:1#1 
126492     INFO  Test worker     d.u.i.k.n.KeyIO           MODE: declarations took 0 ms 
126492     DEBUG Test worker     d.u.i.k.n.KeyIO           MODE: 2nd degree decls took 0 
128086     INFO  Test worker     d.u.i.k.n.KeyIO           Parsing took 0 ms 
128086     DEBUG Test worker     d.u.i.k.n.KeyIO           Load declarations of de.uka.ilkd.key.nparser.KeyAst$File:  <unknown>:1#1 
128086     INFO  Test worker     d.u.i.k.n.KeyIO           MODE: declarations took 0 ms 
128086     DEBUG Test worker     d.u.i.k.n.KeyIO           MODE: 2nd degree decls took 0 
139113     INFO  Test worker     d.u.i.k.n.KeyIO           Parsing took 0 ms 
139113     DEBUG Test worker     d.u.i.k.n.KeyIO           Load declarations of de.uka.ilkd.key.nparser.KeyAst$File:  <unknown>:1#1 
139129     INFO  Test worker     d.u.i.k.n.KeyIO           MODE: declarations took 16 ms 
139129     DEBUG Test worker     d.u.i.k.n.KeyIO           MODE: 2nd degree decls took 0 
140712     INFO  Test worker     d.u.i.k.n.KeyIO           Parsing took 0 ms 
140712     DEBUG Test worker     d.u.i.k.n.KeyIO           Load declarations of de.uka.ilkd.key.nparser.KeyAst$File:  <unknown>:1#1 
140712     INFO  Test worker     d.u.i.k.n.KeyIO           MODE: declarations took 0 ms 
140712     DEBUG Test worker     d.u.i.k.n.KeyIO           MODE: 2nd degree decls took 0 
145859     INFO  Test worker     d.u.i.k.n.KeyIO           Parsing took 0 ms 
145859     DEBUG Test worker     d.u.i.k.n.KeyIO           Load declarations of de.uka.ilkd.key.nparser.KeyAst$File:  <unknown>:1#1 
145859     INFO  Test worker     d.u.i.k.n.KeyIO           MODE: declarations took 0 ms 
145859     DEBUG Test worker     d.u.i.k.n.KeyIO           MODE: 2nd degree decls took 0 
147475     INFO  Test worker     d.u.i.k.n.KeyIO           Parsing took 0 ms 
147475     DEBUG Test worker     d.u.i.k.n.KeyIO           Load declarations of de.uka.ilkd.key.nparser.KeyAst$File:  <unknown>:1#1 
147475     INFO  Test worker     d.u.i.k.n.KeyIO           MODE: declarations took 0 ms 
147475     DEBUG Test worker     d.u.i.k.n.KeyIO           MODE: 2nd degree decls took 0 
]]></system-out>
  <system-err><![CDATA[]]></system-err>
</testsuite>
