<?xml version="1.0" encoding="UTF-8"?>
<testsuite name="de.uka.ilkd.key.taclettranslation.TestTacletTranslator" tests="5" skipped="0" failures="0" errors="0" timestamp="2023-06-02T21:47:18" hostname="fv-az479-289" time="0.027">
  <properties/>
  <testcase name="testPropositional1()" classname="de.uka.ilkd.key.taclettranslation.TestTacletTranslator" time="0.014"/>
  <testcase name="testPropositional2()" classname="de.uka.ilkd.key.taclettranslation.TestTacletTranslator" time="0.004"/>
  <testcase name="testNegativePolarity()" classname="de.uka.ilkd.key.taclettranslation.TestTacletTranslator" time="0.003"/>
  <testcase name="testNoPolarity()" classname="de.uka.ilkd.key.taclettranslation.TestTacletTranslator" time="0.003"/>
  <testcase name="testPositivePolarity()" classname="de.uka.ilkd.key.taclettranslation.TestTacletTranslator" time="0.003"/>
  <system-out><![CDATA[1373069    INFO  Test worker     d.u.i.k.n.KeyIO           Parsing took 0 ms 
1373069    DEBUG Test worker     d.u.i.k.n.KeyIO           Load declarations of de.uka.ilkd.key.nparser.KeyAst$File:  <unknown>:1#1 
1373069    INFO  Test worker     d.u.i.k.n.KeyIO           MODE: declarations took 0 ms 
1373069    DEBUG Test worker     d.u.i.k.n.KeyIO           MODE: 2nd degree decls took 0 
1373069    DEBUG Test worker     d.u.i.k.n.KeyIO           MODE: taclets took 0ms 
1373084    INFO  Test worker     d.u.i.k.n.KeyIO           Parsing took 0 ms 
1373084    DEBUG Test worker     d.u.i.k.n.KeyIO           Load declarations of de.uka.ilkd.key.nparser.KeyAst$File:  <unknown>:1#1 
1373084    INFO  Test worker     d.u.i.k.n.KeyIO           MODE: declarations took 0 ms 
1373084    DEBUG Test worker     d.u.i.k.n.KeyIO           MODE: 2nd degree decls took 0 
1373084    DEBUG Test worker     d.u.i.k.n.KeyIO           MODE: taclets took 0ms 
1373084    INFO  Test worker     d.u.i.k.n.KeyIO           Parsing took 0 ms 
1373084    DEBUG Test worker     d.u.i.k.n.KeyIO           Load declarations of de.uka.ilkd.key.nparser.KeyAst$File:  <unknown>:1#1 
1373084    INFO  Test worker     d.u.i.k.n.KeyIO           MODE: declarations took 0 ms 
1373084    DEBUG Test worker     d.u.i.k.n.KeyIO           MODE: 2nd degree decls took 0 
1373100    DEBUG Test worker     d.u.i.k.n.KeyIO           MODE: taclets took 16ms 
1373100    INFO  Test worker     d.u.i.k.n.KeyIO           Parsing took 0 ms 
1373100    DEBUG Test worker     d.u.i.k.n.KeyIO           Load declarations of de.uka.ilkd.key.nparser.KeyAst$File:  <unknown>:1#1 
1373100    INFO  Test worker     d.u.i.k.n.KeyIO           MODE: declarations took 0 ms 
1373100    DEBUG Test worker     d.u.i.k.n.KeyIO           MODE: 2nd degree decls took 0 
1373100    DEBUG Test worker     d.u.i.k.n.KeyIO           MODE: taclets took 0ms 
1373100    INFO  Test worker     d.u.i.k.n.KeyIO           Parsing took 0 ms 
1373100    DEBUG Test worker     d.u.i.k.n.KeyIO           Load declarations of de.uka.ilkd.key.nparser.KeyAst$File:  <unknown>:1#1 
1373100    INFO  Test worker     d.u.i.k.n.KeyIO           MODE: declarations took 0 ms 
1373100    DEBUG Test worker     d.u.i.k.n.KeyIO           MODE: 2nd degree decls took 0 
1373100    DEBUG Test worker     d.u.i.k.n.KeyIO           MODE: taclets took 0ms 
]]></system-out>
  <system-err><![CDATA[]]></system-err>
</testsuite>
