<?xml version="1.0" encoding="UTF-8"?>
<testsuite name="de.uka.ilkd.key.parser.TestParser" tests="5" skipped="1" failures="0" errors="0" timestamp="2023-06-02T21:33:05" hostname="fv-az479-289" time="8.503">
  <properties/>
  <testcase name="testConstantEvaluationError()" classname="de.uka.ilkd.key.parser.TestParser" time="1.651"/>
  <testcase name="testGenericSort()" classname="de.uka.ilkd.key.parser.TestParser" time="0.004"/>
  <testcase name="testIssue1566()" classname="de.uka.ilkd.key.parser.TestParser" time="5.205"/>
  <testcase name="testIssue39()" classname="de.uka.ilkd.key.parser.TestParser" time="1.638"/>
  <testcase name="testRelativeInclude()" classname="de.uka.ilkd.key.parser.TestParser" time="0.003">
    <skipped/>
  </testcase>
  <system-out><![CDATA[519605     INFO  Test worker     d.u.i.k.p.i.AbstractProblemLoader Loading environment from src\test\resources\testcase\parserErrorTest\AssignToArray.java 
519605     DEBUG Test worker     d.u.i.k.p.i.AbstractProblemLoader Environment load took 128.2ns 
519620     INFO  Test worker     d.u.i.k.p.i.AbstractProblemLoader Creating init config 
521267     INFO  Test worker     d.u.i.k.n.KeyIO           Parsing took 0 ms 
521267     DEBUG Test worker     d.u.i.k.n.KeyIO           Load declarations of de.uka.ilkd.key.nparser.KeyAst$File:  <unknown>:1#1 
521267     INFO  Test worker     d.u.i.k.n.KeyIO           MODE: declarations took 0 ms 
521267     DEBUG Test worker     d.u.i.k.n.KeyIO           MODE: 2nd degree decls took 0 
521267     DEBUG Test worker     d.u.i.k.n.KeyIO           MODE: taclets took 0ms 
521267     INFO  Test worker     d.u.i.k.p.i.AbstractProblemLoader Loading environment from src\test\resources\testcase\issues\1566\a.key 
521267     DEBUG Test worker     d.u.i.k.p.i.AbstractProblemLoader Environment load took 215ns 
521267     INFO  Test worker     d.u.i.k.p.i.AbstractProblemLoader Creating init config 
526437     DEBUG Test worker     d.u.i.k.p.i.AbstractProblemLoader Init config took 5.17s 
526468     INFO  Test worker     d.u.i.k.p.i.AbstractProblemLoader Replaying proof a.key 
526468     DEBUG Test worker     d.u.i.k.p.i.IntermediateProofReplayer Proof replay took 10.9ns 
526468     INFO  Test worker     d.u.i.k.p.i.AbstractProblemLoader Loading environment from src\test\resources\testcase\issues\39\A.java 
526468     DEBUG Test worker     d.u.i.k.p.i.AbstractProblemLoader Environment load took 153.7ns 
526468     INFO  Test worker     d.u.i.k.p.i.AbstractProblemLoader Creating init config 
]]></system-out>
  <system-err><![CDATA[]]></system-err>
</testsuite>
