<?xml version="1.0" encoding="UTF-8"?>
<testsuite name="de.uka.ilkd.key.gui.proofdiff.ProofDifferenceTest" tests="2" skipped="0" failures="0" errors="0" timestamp="2023-05-12T08:02:58" hostname="fv-az252-451" time="0.045">
  <properties/>
  <testcase name="testLevensthein()" classname="de.uka.ilkd.key.gui.proofdiff.ProofDifferenceTest" time="0.033"/>
  <testcase name="testPairs1()" classname="de.uka.ilkd.key.gui.proofdiff.ProofDifferenceTest" time="0.006"/>
  <system-out><![CDATA[]]></system-out>
  <system-err><![CDATA[]]></system-err>
</testsuite>
