<?xml version="1.0" encoding="UTF-8"?>
<testsuite name="org.key_project.util.testcase.java.IOUtilTest" tests="26" skipped="0" failures="0" errors="0" timestamp="2023-05-15T07:11:43" hostname="fv-az277-519" time="0.237">
  <properties/>
  <testcase name="testWriteTo_Charstet()" classname="org.key_project.util.testcase.java.IOUtilTest" time="0.05"/>
  <testcase name="testValidateOSIndependentFileName()" classname="org.key_project.util.testcase.java.IOUtilTest" time="0.001"/>
  <testcase name="testCreateTempDirectory()" classname="org.key_project.util.testcase.java.IOUtilTest" time="0.006"/>
  <testcase name="testUnifyLineBreaks()" classname="org.key_project.util.testcase.java.IOUtilTest" time="0.0"/>
  <testcase name="testToURI()" classname="org.key_project.util.testcase.java.IOUtilTest" time="0.002"/>
  <testcase name="testVisit()" classname="org.key_project.util.testcase.java.IOUtilTest" time="0.011"/>
  <testcase name="testCopy()" classname="org.key_project.util.testcase.java.IOUtilTest" time="0.004"/>
  <testcase name="testGetHomeDirectory()" classname="org.key_project.util.testcase.java.IOUtilTest" time="0.0"/>
  <testcase name="testLineInformationNormalizeColumn()" classname="org.key_project.util.testcase.java.IOUtilTest" time="0.001"/>
  <testcase name="testContains_Iterable()" classname="org.key_project.util.testcase.java.IOUtilTest" time="0.017"/>
  <testcase name="testContains_File()" classname="org.key_project.util.testcase.java.IOUtilTest" time="0.008"/>
  <testcase name="testReadFrom_File()" classname="org.key_project.util.testcase.java.IOUtilTest" time="0.003"/>
  <testcase name="testToFileString()" classname="org.key_project.util.testcase.java.IOUtilTest" time="0.031"/>
  <testcase name="testGetFileNameWithoutExtension()" classname="org.key_project.util.testcase.java.IOUtilTest" time="0.001"/>
  <testcase name="testGetClassLocation()" classname="org.key_project.util.testcase.java.IOUtilTest" time="0.001"/>
  <testcase name="testGetFileExtension()" classname="org.key_project.util.testcase.java.IOUtilTest" time="0.0"/>
  <testcase name="testComputeLineInformation_File()" classname="org.key_project.util.testcase.java.IOUtilTest" time="0.031"/>
  <testcase name="testReadFrom_InputStream()" classname="org.key_project.util.testcase.java.IOUtilTest" time="0.002"/>
  <testcase name="testWriteTo()" classname="org.key_project.util.testcase.java.IOUtilTest" time="0.003"/>
  <testcase name="testGetCurrentDirectory()" classname="org.key_project.util.testcase.java.IOUtilTest" time="0.0"/>
  <testcase name="testDelete()" classname="org.key_project.util.testcase.java.IOUtilTest" time="0.008"/>
  <testcase name="testExists()" classname="org.key_project.util.testcase.java.IOUtilTest" time="0.004"/>
  <testcase name="testComputeLineInformation_InputStream()" classname="org.key_project.util.testcase.java.IOUtilTest" time="0.017"/>
  <testcase name="testGetProjectRoot()" classname="org.key_project.util.testcase.java.IOUtilTest" time="0.0"/>
  <testcase name="testSearch()" classname="org.key_project.util.testcase.java.IOUtilTest" time="0.014"/>
  <testcase name="testToFile()" classname="org.key_project.util.testcase.java.IOUtilTest" time="0.001"/>
  <system-out><![CDATA[]]></system-out>
  <system-err><![CDATA[]]></system-err>
</testsuite>
