<?xml version="1.0" encoding="UTF-8"?>
<testsuite name="de.uka.ilkd.key.parser.TestDeclParser" tests="14" skipped="2" failures="0" errors="0" timestamp="2023-04-18T13:43:48" hostname="fv-az252-497" time="13.152">
  <properties/>
  <testcase name="testGenericSortDecl1()" classname="de.uka.ilkd.key.parser.TestDeclParser" time="1.219"/>
  <testcase name="testGenericSortDecl2()" classname="de.uka.ilkd.key.parser.TestDeclParser" time="1.045"/>
  <testcase name="testGenericSortDecl3()" classname="de.uka.ilkd.key.parser.TestDeclParser" time="1.133"/>
  <testcase name="testGenericSortDecl4()" classname="de.uka.ilkd.key.parser.TestDeclParser" time="1.084"/>
  <testcase name="testGenericSortDecl5()" classname="de.uka.ilkd.key.parser.TestDeclParser" time="0.0">
    <skipped/>
  </testcase>
  <testcase name="testGenericSortDecl6()" classname="de.uka.ilkd.key.parser.TestDeclParser" time="1.019"/>
  <testcase name="testSortDecl()" classname="de.uka.ilkd.key.parser.TestDeclParser" time="1.106"/>
  <testcase name="testProxySortDecl()" classname="de.uka.ilkd.key.parser.TestDeclParser" time="1.012"/>
  <testcase name="testArrayDecl()" classname="de.uka.ilkd.key.parser.TestDeclParser" time="1.117"/>
  <testcase name="testAmbiguousDecls()" classname="de.uka.ilkd.key.parser.TestDeclParser" time="0.0">
    <skipped/>
  </testcase>
  <testcase name="testHeurDecl()" classname="de.uka.ilkd.key.parser.TestDeclParser" time="1.145"/>
  <testcase name="testFunctionDecl()" classname="de.uka.ilkd.key.parser.TestDeclParser" time="1.02"/>
  <testcase name="testPredicateDecl()" classname="de.uka.ilkd.key.parser.TestDeclParser" time="1.149"/>
  <testcase name="testSVDecl()" classname="de.uka.ilkd.key.parser.TestDeclParser" time="1.099"/>
  <system-out><![CDATA[246855     INFO  Test worker     d.u.i.k.n.KeyIO           Parsing took 0 ms 
246855     INFO  Test worker     d.u.i.k.n.KeyIO           MODE: declarations took 0 ms 
247903     INFO  Test worker     d.u.i.k.n.KeyIO           Parsing took 0 ms 
247903     INFO  Test worker     d.u.i.k.n.KeyIO           MODE: declarations took 0 ms 
249028     INFO  Test worker     d.u.i.k.n.KeyIO           Parsing took 0 ms 
249028     INFO  Test worker     d.u.i.k.n.KeyIO           MODE: declarations took 0 ms 
250123     INFO  Test worker     d.u.i.k.n.KeyIO           Parsing took 0 ms 
250123     INFO  Test worker     d.u.i.k.n.KeyIO           MODE: declarations took 0 ms 
251139     INFO  Test worker     d.u.i.k.n.KeyIO           Parsing took 0 ms 
251139     INFO  Test worker     d.u.i.k.n.KeyIO           MODE: declarations took 0 ms 
252249     INFO  Test worker     d.u.i.k.n.KeyIO           Parsing took 0 ms 
252249     INFO  Test worker     d.u.i.k.n.KeyIO           MODE: declarations took 0 ms 
253249     INFO  Test worker     d.u.i.k.n.KeyIO           Parsing took 0 ms 
253249     INFO  Test worker     d.u.i.k.n.KeyIO           MODE: declarations took 0 ms 
254375     INFO  Test worker     d.u.i.k.n.KeyIO           Parsing took 0 ms 
254375     INFO  Test worker     d.u.i.k.n.KeyIO           MODE: declarations took 0 ms 
255516     INFO  Test worker     d.u.i.k.n.KeyIO           Parsing took 0 ms 
255516     INFO  Test worker     d.u.i.k.n.KeyIO           MODE: declarations took 0 ms 
256534     INFO  Test worker     d.u.i.k.n.KeyIO           Parsing took 0 ms 
256534     INFO  Test worker     d.u.i.k.n.KeyIO           MODE: declarations took 0 ms 
257691     INFO  Test worker     d.u.i.k.n.KeyIO           Parsing took 0 ms 
257691     INFO  Test worker     d.u.i.k.n.KeyIO           MODE: declarations took 0 ms 
258785     INFO  Test worker     d.u.i.k.n.KeyIO           Parsing took 0 ms 
258785     INFO  Test worker     d.u.i.k.n.KeyIO           MODE: declarations took 0 ms 
]]></system-out>
  <system-err><![CDATA[]]></system-err>
</testsuite>
