<?xml version="1.0" encoding="UTF-8"?>
<testsuite name="de.uka.ilkd.key.parser.TestTermParserHeap" tests="39" skipped="0" failures="0" errors="0" timestamp="2023-04-18T13:45:42" hostname="fv-az252-497" time="128.393">
  <properties/>
  <testcase name="testBracketHeapUpdate()" classname="de.uka.ilkd.key.parser.TestTermParserHeap" time="0.024"/>
  <testcase name="testStore()" classname="de.uka.ilkd.key.parser.TestTermParserHeap" time="0.012"/>
  <testcase name="testUnknownConstant()" classname="de.uka.ilkd.key.parser.TestTermParserHeap" time="0.006"/>
  <testcase name="testAllFieldsSelector()" classname="de.uka.ilkd.key.parser.TestTermParserHeap" time="0.002"/>
  <testcase name="testParsePrettyPrintedSelect()" classname="de.uka.ilkd.key.parser.TestTermParserHeap" time="0.004"/>
  <testcase name="testAccessStaticMembers()" classname="de.uka.ilkd.key.parser.TestTermParserHeap" time="0.048"/>
  <testcase name="testAtOperator_1()" classname="de.uka.ilkd.key.parser.TestTermParserHeap" time="0.004"/>
  <testcase name="testAtOperator_2()" classname="de.uka.ilkd.key.parser.TestTermParserHeap" time="0.004"/>
  <testcase name="testAtOperator_3()" classname="de.uka.ilkd.key.parser.TestTermParserHeap" time="0.003"/>
  <testcase name="testAtOperator_4()" classname="de.uka.ilkd.key.parser.TestTermParserHeap" time="0.02"/>
  <testcase name="testAtOperator_5()" classname="de.uka.ilkd.key.parser.TestTermParserHeap" time="0.004"/>
  <testcase name="testAtOperator_6()" classname="de.uka.ilkd.key.parser.TestTermParserHeap" time="0.003"/>
  <testcase name="testAtOperator_7()" classname="de.uka.ilkd.key.parser.TestTermParserHeap" time="0.004"/>
  <testcase name="testAtOperator_8()" classname="de.uka.ilkd.key.parser.TestTermParserHeap" time="0.004"/>
  <testcase name="testVerifyExceptionIfAtOperatorNotPreceededBySelectTerm()" classname="de.uka.ilkd.key.parser.TestTermParserHeap" time="0.003"/>
  <testcase name="testBugResettingCounter()" classname="de.uka.ilkd.key.parser.TestTermParserHeap" time="0.003"/>
  <testcase name="testLocationSets()" classname="de.uka.ilkd.key.parser.TestTermParserHeap" time="0.005"/>
  <testcase name="testQuantifiedSelect()" classname="de.uka.ilkd.key.parser.TestTermParserHeap" time="0.005"/>
  <testcase name="testGenericObjectProperties()" classname="de.uka.ilkd.key.parser.TestTermParserHeap" time="0.005"/>
  <testcase name="testQueryInheritance_1()" classname="de.uka.ilkd.key.parser.TestTermParserHeap" time="0.002"/>
  <testcase name="testQueryInheritance_2()" classname="de.uka.ilkd.key.parser.TestTermParserHeap" time="0.003"/>
  <testcase name="testQueryInheritance_3()" classname="de.uka.ilkd.key.parser.TestTermParserHeap" time="0.003"/>
  <testcase name="testQueryInheritance_4()" classname="de.uka.ilkd.key.parser.TestTermParserHeap" time="0.003"/>
  <testcase name="testQueryInheritance_5()" classname="de.uka.ilkd.key.parser.TestTermParserHeap" time="0.003"/>
  <testcase name="testQueryInheritance_6()" classname="de.uka.ilkd.key.parser.TestTermParserHeap" time="0.003"/>
  <testcase name="testQueryInheritance_7()" classname="de.uka.ilkd.key.parser.TestTermParserHeap" time="0.003"/>
  <testcase name="testQueryInheritance_8()" classname="de.uka.ilkd.key.parser.TestTermParserHeap" time="0.002"/>
  <testcase name="testQueryInheritance_9()" classname="de.uka.ilkd.key.parser.TestTermParserHeap" time="0.002"/>
  <testcase name="testQueryBasic_10()" classname="de.uka.ilkd.key.parser.TestTermParserHeap" time="0.004"/>
  <testcase name="testQueryBasic_11()" classname="de.uka.ilkd.key.parser.TestTermParserHeap" time="0.004"/>
  <testcase name="testQueryBasic_1()" classname="de.uka.ilkd.key.parser.TestTermParserHeap" time="0.001"/>
  <testcase name="testQueryBasic_2()" classname="de.uka.ilkd.key.parser.TestTermParserHeap" time="0.003"/>
  <testcase name="testQueryBasic_3()" classname="de.uka.ilkd.key.parser.TestTermParserHeap" time="0.002"/>
  <testcase name="testQueryBasic_4()" classname="de.uka.ilkd.key.parser.TestTermParserHeap" time="0.005"/>
  <testcase name="testQueryBasic_5()" classname="de.uka.ilkd.key.parser.TestTermParserHeap" time="0.003"/>
  <testcase name="testQueryBasic_6()" classname="de.uka.ilkd.key.parser.TestTermParserHeap" time="0.004"/>
  <testcase name="testQueryBasic_7()" classname="de.uka.ilkd.key.parser.TestTermParserHeap" time="0.005"/>
  <testcase name="testQueryBasic_8()" classname="de.uka.ilkd.key.parser.TestTermParserHeap" time="0.003"/>
  <testcase name="testQueryBasic_9()" classname="de.uka.ilkd.key.parser.TestTermParserHeap" time="0.006"/>
  <system-out><![CDATA[359810     INFO  Test worker     d.u.i.k.n.KeyIO           Parsing took 0 ms 
359810     INFO  Test worker     d.u.i.k.n.KeyIO           MODE: declarations took 0 ms 
359810     INFO  Test worker     d.u.i.k.n.KeyIO           Parsing took 0 ms 
359810     INFO  Test worker     d.u.i.k.n.KeyIO           MODE: declarations took 0 ms 
359810     INFO  Test worker     d.u.i.k.n.KeyIO           Parsing took 0 ms 
359810     INFO  Test worker     d.u.i.k.n.KeyIO           MODE: declarations took 0 ms 
359810     INFO  Test worker     d.u.i.k.n.KeyIO           Parsing took 0 ms 
359810     INFO  Test worker     d.u.i.k.n.KeyIO           MODE: declarations took 0 ms 
359810     INFO  Test worker     d.u.i.k.n.KeyIO           Parsing took 0 ms 
359810     INFO  Test worker     d.u.i.k.n.KeyIO           MODE: declarations took 0 ms 
363186     INFO  Test worker     d.u.i.k.n.KeyIO           Parsing took 0 ms 
363186     INFO  Test worker     d.u.i.k.n.KeyIO           MODE: declarations took 0 ms 
363186     INFO  Test worker     d.u.i.k.n.KeyIO           Parsing took 0 ms 
363202     INFO  Test worker     d.u.i.k.n.KeyIO           MODE: declarations took 0 ms 
363202     INFO  Test worker     d.u.i.k.n.KeyIO           Parsing took 0 ms 
363202     INFO  Test worker     d.u.i.k.n.KeyIO           MODE: declarations took 0 ms 
363202     INFO  Test worker     d.u.i.k.n.KeyIO           Parsing took 0 ms 
363202     INFO  Test worker     d.u.i.k.n.KeyIO           MODE: declarations took 0 ms 
363202     INFO  Test worker     d.u.i.k.n.KeyIO           Parsing took 0 ms 
363202     INFO  Test worker     d.u.i.k.n.KeyIO           MODE: declarations took 0 ms 
366753     INFO  Test worker     d.u.i.k.n.KeyIO           Parsing took 0 ms 
366753     INFO  Test worker     d.u.i.k.n.KeyIO           MODE: declarations took 0 ms 
366753     INFO  Test worker     d.u.i.k.n.KeyIO           Parsing took 0 ms 
366753     INFO  Test worker     d.u.i.k.n.KeyIO           MODE: declarations took 0 ms 
366753     INFO  Test worker     d.u.i.k.n.KeyIO           Parsing took 0 ms 
366753     INFO  Test worker     d.u.i.k.n.KeyIO           MODE: declarations took 0 ms 
366753     INFO  Test worker     d.u.i.k.n.KeyIO           Parsing took 0 ms 
366753     INFO  Test worker     d.u.i.k.n.KeyIO           MODE: declarations took 0 ms 
366753     INFO  Test worker     d.u.i.k.n.KeyIO           Parsing took 0 ms 
366753     INFO  Test worker     d.u.i.k.n.KeyIO           MODE: declarations took 0 ms 
366753     INFO  Test worker     d.u.i.k.n.KeyIO           Parsing took 0 ms 
366753     INFO  Test worker     d.u.i.k.n.KeyIO           MODE: declarations took 0 ms 
370193     INFO  Test worker     d.u.i.k.n.KeyIO           Parsing took 0 ms 
370193     INFO  Test worker     d.u.i.k.n.KeyIO           MODE: declarations took 0 ms 
370193     INFO  Test worker     d.u.i.k.n.KeyIO           Parsing took 0 ms 
370193     INFO  Test worker     d.u.i.k.n.KeyIO           MODE: declarations took 0 ms 
370193     INFO  Test worker     d.u.i.k.n.KeyIO           Parsing took 0 ms 
370193     INFO  Test worker     d.u.i.k.n.KeyIO           MODE: declarations took 0 ms 
370193     INFO  Test worker     d.u.i.k.n.KeyIO           Parsing took 0 ms 
370193     INFO  Test worker     d.u.i.k.n.KeyIO           MODE: declarations took 0 ms 
370193     INFO  Test worker     d.u.i.k.n.KeyIO           Parsing took 0 ms 
370193     INFO  Test worker     d.u.i.k.n.KeyIO           MODE: declarations took 0 ms 
373571     INFO  Test worker     d.u.i.k.n.KeyIO           Parsing took 0 ms 
373571     INFO  Test worker     d.u.i.k.n.KeyIO           MODE: declarations took 0 ms 
373571     INFO  Test worker     d.u.i.k.n.KeyIO           Parsing took 0 ms 
373571     INFO  Test worker     d.u.i.k.n.KeyIO           MODE: declarations took 0 ms 
373571     INFO  Test worker     d.u.i.k.n.KeyIO           Parsing took 0 ms 
373571     INFO  Test worker     d.u.i.k.n.KeyIO           MODE: declarations took 0 ms 
373571     INFO  Test worker     d.u.i.k.n.KeyIO           Parsing took 0 ms 
373571     INFO  Test worker     d.u.i.k.n.KeyIO           MODE: declarations took 0 ms 
373571     INFO  Test worker     d.u.i.k.n.KeyIO           Parsing took 0 ms 
373571     INFO  Test worker     d.u.i.k.n.KeyIO           MODE: declarations took 0 ms 
377026     INFO  Test worker     d.u.i.k.n.KeyIO           Parsing took 0 ms 
377026     INFO  Test worker     d.u.i.k.n.KeyIO           MODE: declarations took 0 ms 
377026     INFO  Test worker     d.u.i.k.n.KeyIO           Parsing took 0 ms 
377026     INFO  Test worker     d.u.i.k.n.KeyIO           MODE: declarations took 0 ms 
377026     INFO  Test worker     d.u.i.k.n.KeyIO           Parsing took 0 ms 
377026     INFO  Test worker     d.u.i.k.n.KeyIO           MODE: declarations took 0 ms 
377026     INFO  Test worker     d.u.i.k.n.KeyIO           Parsing took 0 ms 
377041     INFO  Test worker     d.u.i.k.n.KeyIO           MODE: declarations took 0 ms 
377041     INFO  Test worker     d.u.i.k.n.KeyIO           Parsing took 0 ms 
377057     INFO  Test worker     d.u.i.k.n.KeyIO           MODE: declarations took 0 ms 
380497     INFO  Test worker     d.u.i.k.n.KeyIO           Parsing took 0 ms 
380497     INFO  Test worker     d.u.i.k.n.KeyIO           MODE: declarations took 0 ms 
380497     INFO  Test worker     d.u.i.k.n.KeyIO           Parsing took 0 ms 
380497     INFO  Test worker     d.u.i.k.n.KeyIO           MODE: declarations took 0 ms 
380497     INFO  Test worker     d.u.i.k.n.KeyIO           Parsing took 0 ms 
380497     INFO  Test worker     d.u.i.k.n.KeyIO           MODE: declarations took 0 ms 
380497     INFO  Test worker     d.u.i.k.n.KeyIO           Parsing took 0 ms 
380497     INFO  Test worker     d.u.i.k.n.KeyIO           MODE: declarations took 0 ms 
380497     INFO  Test worker     d.u.i.k.n.KeyIO           Parsing took 0 ms 
380497     INFO  Test worker     d.u.i.k.n.KeyIO           MODE: declarations took 0 ms 
383843     INFO  Test worker     d.u.i.k.n.KeyIO           Parsing took 0 ms 
383843     INFO  Test worker     d.u.i.k.n.KeyIO           MODE: declarations took 0 ms 
383843     INFO  Test worker     d.u.i.k.n.KeyIO           Parsing took 0 ms 
383843     INFO  Test worker     d.u.i.k.n.KeyIO           MODE: declarations took 0 ms 
383843     INFO  Test worker     d.u.i.k.n.KeyIO           Parsing took 0 ms 
383843     INFO  Test worker     d.u.i.k.n.KeyIO           MODE: declarations took 0 ms 
383843     INFO  Test worker     d.u.i.k.n.KeyIO           Parsing took 0 ms 
383843     INFO  Test worker     d.u.i.k.n.KeyIO           MODE: declarations took 0 ms 
383843     INFO  Test worker     d.u.i.k.n.KeyIO           Parsing took 0 ms 
383843     INFO  Test worker     d.u.i.k.n.KeyIO           MODE: declarations took 0 ms 
387252     INFO  Test worker     d.u.i.k.n.KeyIO           Parsing took 0 ms 
387252     INFO  Test worker     d.u.i.k.n.KeyIO           MODE: declarations took 0 ms 
387252     INFO  Test worker     d.u.i.k.n.KeyIO           Parsing took 0 ms 
387252     INFO  Test worker     d.u.i.k.n.KeyIO           MODE: declarations took 0 ms 
387252     INFO  Test worker     d.u.i.k.n.KeyIO           Parsing took 0 ms 
387252     INFO  Test worker     d.u.i.k.n.KeyIO           MODE: declarations took 0 ms 
387252     INFO  Test worker     d.u.i.k.n.KeyIO           Parsing took 0 ms 
387252     INFO  Test worker     d.u.i.k.n.KeyIO           MODE: declarations took 0 ms 
387252     INFO  Test worker     d.u.i.k.n.KeyIO           Parsing took 0 ms 
387252     INFO  Test worker     d.u.i.k.n.KeyIO           MODE: declarations took 0 ms 
390676     INFO  Test worker     d.u.i.k.n.KeyIO           Parsing took 0 ms 
390676     INFO  Test worker     d.u.i.k.n.KeyIO           MODE: declarations took 0 ms 
390676     INFO  Test worker     d.u.i.k.n.KeyIO           Parsing took 0 ms 
390676     INFO  Test worker     d.u.i.k.n.KeyIO           MODE: declarations took 0 ms 
390676     INFO  Test worker     d.u.i.k.n.KeyIO           Parsing took 0 ms 
390676     INFO  Test worker     d.u.i.k.n.KeyIO           MODE: declarations took 0 ms 
390676     INFO  Test worker     d.u.i.k.n.KeyIO           Parsing took 0 ms 
390676     INFO  Test worker     d.u.i.k.n.KeyIO           MODE: declarations took 0 ms 
390676     INFO  Test worker     d.u.i.k.n.KeyIO           Parsing took 0 ms 
390676     INFO  Test worker     d.u.i.k.n.KeyIO           MODE: declarations took 0 ms 
394131     INFO  Test worker     d.u.i.k.n.KeyIO           Parsing took 0 ms 
394131     INFO  Test worker     d.u.i.k.n.KeyIO           MODE: declarations took 0 ms 
394131     INFO  Test worker     d.u.i.k.n.KeyIO           Parsing took 0 ms 
394131     INFO  Test worker     d.u.i.k.n.KeyIO           MODE: declarations took 0 ms 
394131     INFO  Test worker     d.u.i.k.n.KeyIO           Parsing took 0 ms 
394131     INFO  Test worker     d.u.i.k.n.KeyIO           MODE: declarations took 0 ms 
394131     INFO  Test worker     d.u.i.k.n.KeyIO           Parsing took 0 ms 
394131     INFO  Test worker     d.u.i.k.n.KeyIO           MODE: declarations took 0 ms 
394131     INFO  Test worker     d.u.i.k.n.KeyIO           Parsing took 0 ms 
394131     INFO  Test worker     d.u.i.k.n.KeyIO           MODE: declarations took 0 ms 
397417     INFO  Test worker     d.u.i.k.n.KeyIO           Parsing took 0 ms 
397417     INFO  Test worker     d.u.i.k.n.KeyIO           MODE: declarations took 0 ms 
397417     INFO  Test worker     d.u.i.k.n.KeyIO           Parsing took 0 ms 
397417     INFO  Test worker     d.u.i.k.n.KeyIO           MODE: declarations took 0 ms 
397417     INFO  Test worker     d.u.i.k.n.KeyIO           Parsing took 0 ms 
397417     INFO  Test worker     d.u.i.k.n.KeyIO           MODE: declarations took 0 ms 
397417     INFO  Test worker     d.u.i.k.n.KeyIO           Parsing took 0 ms 
397417     INFO  Test worker     d.u.i.k.n.KeyIO           MODE: declarations took 0 ms 
397417     INFO  Test worker     d.u.i.k.n.KeyIO           Parsing took 0 ms 
397417     INFO  Test worker     d.u.i.k.n.KeyIO           MODE: declarations took 0 ms 
400825     INFO  Test worker     d.u.i.k.n.KeyIO           Parsing took 0 ms 
400825     INFO  Test worker     d.u.i.k.n.KeyIO           MODE: declarations took 0 ms 
400825     INFO  Test worker     d.u.i.k.n.KeyIO           Parsing took 0 ms 
400825     INFO  Test worker     d.u.i.k.n.KeyIO           MODE: declarations took 0 ms 
400825     INFO  Test worker     d.u.i.k.n.KeyIO           Parsing took 0 ms 
400825     INFO  Test worker     d.u.i.k.n.KeyIO           MODE: declarations took 0 ms 
400825     INFO  Test worker     d.u.i.k.n.KeyIO           Parsing took 0 ms 
400825     INFO  Test worker     d.u.i.k.n.KeyIO           MODE: declarations took 0 ms 
400825     INFO  Test worker     d.u.i.k.n.KeyIO           Parsing took 0 ms 
400825     INFO  Test worker     d.u.i.k.n.KeyIO           MODE: declarations took 0 ms 
404249     INFO  Test worker     d.u.i.k.n.KeyIO           Parsing took 0 ms 
404249     INFO  Test worker     d.u.i.k.n.KeyIO           MODE: declarations took 0 ms 
404249     INFO  Test worker     d.u.i.k.n.KeyIO           Parsing took 0 ms 
404249     INFO  Test worker     d.u.i.k.n.KeyIO           MODE: declarations took 0 ms 
404249     INFO  Test worker     d.u.i.k.n.KeyIO           Parsing took 0 ms 
404249     INFO  Test worker     d.u.i.k.n.KeyIO           MODE: declarations took 0 ms 
404249     INFO  Test worker     d.u.i.k.n.KeyIO           Parsing took 0 ms 
404249     INFO  Test worker     d.u.i.k.n.KeyIO           MODE: declarations took 0 ms 
404249     INFO  Test worker     d.u.i.k.n.KeyIO           Parsing took 0 ms 
404249     INFO  Test worker     d.u.i.k.n.KeyIO           MODE: declarations took 0 ms 
407612     INFO  Test worker     d.u.i.k.n.KeyIO           Parsing took 0 ms 
407612     INFO  Test worker     d.u.i.k.n.KeyIO           MODE: declarations took 0 ms 
407612     INFO  Test worker     d.u.i.k.n.KeyIO           Parsing took 0 ms 
407612     INFO  Test worker     d.u.i.k.n.KeyIO           MODE: declarations took 0 ms 
407612     INFO  Test worker     d.u.i.k.n.KeyIO           Parsing took 0 ms 
407612     INFO  Test worker     d.u.i.k.n.KeyIO           MODE: declarations took 0 ms 
407612     INFO  Test worker     d.u.i.k.n.KeyIO           Parsing took 0 ms 
407612     INFO  Test worker     d.u.i.k.n.KeyIO           MODE: declarations took 0 ms 
407612     INFO  Test worker     d.u.i.k.n.KeyIO           Parsing took 0 ms 
407612     INFO  Test worker     d.u.i.k.n.KeyIO           MODE: declarations took 0 ms 
407612     WARN  Test worker     d.u.i.k.n.KeYParser       [syntax-error] <unknown>:1:11: mismatched input '@' expecting {'/', ':=', '.', '(', ')', '{', '[', '@', PARALLEL, OR, AND, IMP, '=', NOT_EQUALS, '%', '*', '-', '+', '>', GREATEREQUAL, '<', LESSEQUAL, LGUILLEMETS, EQV} [@11,11:11='@',<153>,1:11] (termEOF) 
410973     INFO  Test worker     d.u.i.k.n.KeyIO           Parsing took 0 ms 
410973     INFO  Test worker     d.u.i.k.n.KeyIO           MODE: declarations took 0 ms 
410973     INFO  Test worker     d.u.i.k.n.KeyIO           Parsing took 0 ms 
410973     INFO  Test worker     d.u.i.k.n.KeyIO           MODE: declarations took 0 ms 
410973     INFO  Test worker     d.u.i.k.n.KeyIO           Parsing took 0 ms 
410973     INFO  Test worker     d.u.i.k.n.KeyIO           MODE: declarations took 0 ms 
410973     INFO  Test worker     d.u.i.k.n.KeyIO           Parsing took 0 ms 
410973     INFO  Test worker     d.u.i.k.n.KeyIO           MODE: declarations took 0 ms 
410973     INFO  Test worker     d.u.i.k.n.KeyIO           Parsing took 0 ms 
410973     INFO  Test worker     d.u.i.k.n.KeyIO           MODE: declarations took 0 ms 
414351     INFO  Test worker     d.u.i.k.n.KeyIO           Parsing took 0 ms 
414351     INFO  Test worker     d.u.i.k.n.KeyIO           MODE: declarations took 0 ms 
414351     INFO  Test worker     d.u.i.k.n.KeyIO           Parsing took 0 ms 
414351     INFO  Test worker     d.u.i.k.n.KeyIO           MODE: declarations took 0 ms 
414351     INFO  Test worker     d.u.i.k.n.KeyIO           Parsing took 0 ms 
414351     INFO  Test worker     d.u.i.k.n.KeyIO           MODE: declarations took 0 ms 
414351     INFO  Test worker     d.u.i.k.n.KeyIO           Parsing took 0 ms 
414351     INFO  Test worker     d.u.i.k.n.KeyIO           MODE: declarations took 0 ms 
414351     INFO  Test worker     d.u.i.k.n.KeyIO           Parsing took 0 ms 
414351     INFO  Test worker     d.u.i.k.n.KeyIO           MODE: declarations took 0 ms 
417698     INFO  Test worker     d.u.i.k.n.KeyIO           Parsing took 0 ms 
417698     INFO  Test worker     d.u.i.k.n.KeyIO           MODE: declarations took 0 ms 
417698     INFO  Test worker     d.u.i.k.n.KeyIO           Parsing took 0 ms 
417698     INFO  Test worker     d.u.i.k.n.KeyIO           MODE: declarations took 0 ms 
417698     INFO  Test worker     d.u.i.k.n.KeyIO           Parsing took 0 ms 
417698     INFO  Test worker     d.u.i.k.n.KeyIO           MODE: declarations took 0 ms 
417698     INFO  Test worker     d.u.i.k.n.KeyIO           Parsing took 0 ms 
417698     INFO  Test worker     d.u.i.k.n.KeyIO           MODE: declarations took 0 ms 
417698     INFO  Test worker     d.u.i.k.n.KeyIO           Parsing took 0 ms 
417698     INFO  Test worker     d.u.i.k.n.KeyIO           MODE: declarations took 0 ms 
421215     INFO  Test worker     d.u.i.k.n.KeyIO           Parsing took 0 ms 
421215     INFO  Test worker     d.u.i.k.n.KeyIO           MODE: declarations took 0 ms 
421215     INFO  Test worker     d.u.i.k.n.KeyIO           Parsing took 0 ms 
421215     INFO  Test worker     d.u.i.k.n.KeyIO           MODE: declarations took 0 ms 
421215     INFO  Test worker     d.u.i.k.n.KeyIO           Parsing took 0 ms 
421215     INFO  Test worker     d.u.i.k.n.KeyIO           MODE: declarations took 0 ms 
421215     INFO  Test worker     d.u.i.k.n.KeyIO           Parsing took 0 ms 
421215     INFO  Test worker     d.u.i.k.n.KeyIO           MODE: declarations took 0 ms 
421215     INFO  Test worker     d.u.i.k.n.KeyIO           Parsing took 0 ms 
421215     INFO  Test worker     d.u.i.k.n.KeyIO           MODE: declarations took 0 ms 
424545     INFO  Test worker     d.u.i.k.n.KeyIO           Parsing took 0 ms 
424545     INFO  Test worker     d.u.i.k.n.KeyIO           MODE: declarations took 0 ms 
424545     INFO  Test worker     d.u.i.k.n.KeyIO           Parsing took 0 ms 
424545     INFO  Test worker     d.u.i.k.n.KeyIO           MODE: declarations took 0 ms 
424545     INFO  Test worker     d.u.i.k.n.KeyIO           Parsing took 0 ms 
424545     INFO  Test worker     d.u.i.k.n.KeyIO           MODE: declarations took 0 ms 
424545     INFO  Test worker     d.u.i.k.n.KeyIO           Parsing took 0 ms 
424545     INFO  Test worker     d.u.i.k.n.KeyIO           MODE: declarations took 0 ms 
424545     INFO  Test worker     d.u.i.k.n.KeyIO           Parsing took 0 ms 
424545     INFO  Test worker     d.u.i.k.n.KeyIO           MODE: declarations took 0 ms 
428017     INFO  Test worker     d.u.i.k.n.KeyIO           Parsing took 0 ms 
428017     INFO  Test worker     d.u.i.k.n.KeyIO           MODE: declarations took 0 ms 
428017     INFO  Test worker     d.u.i.k.n.KeyIO           Parsing took 0 ms 
428017     INFO  Test worker     d.u.i.k.n.KeyIO           MODE: declarations took 0 ms 
428017     INFO  Test worker     d.u.i.k.n.KeyIO           Parsing took 0 ms 
428017     INFO  Test worker     d.u.i.k.n.KeyIO           MODE: declarations took 0 ms 
428017     INFO  Test worker     d.u.i.k.n.KeyIO           Parsing took 0 ms 
428017     INFO  Test worker     d.u.i.k.n.KeyIO           MODE: declarations took 0 ms 
428017     INFO  Test worker     d.u.i.k.n.KeyIO           Parsing took 0 ms 
428017     INFO  Test worker     d.u.i.k.n.KeyIO           MODE: declarations took 0 ms 
431284     INFO  Test worker     d.u.i.k.n.KeyIO           Parsing took 0 ms 
431284     INFO  Test worker     d.u.i.k.n.KeyIO           MODE: declarations took 0 ms 
431284     INFO  Test worker     d.u.i.k.n.KeyIO           Parsing took 0 ms 
431284     INFO  Test worker     d.u.i.k.n.KeyIO           MODE: declarations took 0 ms 
431284     INFO  Test worker     d.u.i.k.n.KeyIO           Parsing took 0 ms 
431284     INFO  Test worker     d.u.i.k.n.KeyIO           MODE: declarations took 0 ms 
431284     INFO  Test worker     d.u.i.k.n.KeyIO           Parsing took 0 ms 
431284     INFO  Test worker     d.u.i.k.n.KeyIO           MODE: declarations took 0 ms 
431284     INFO  Test worker     d.u.i.k.n.KeyIO           Parsing took 0 ms 
431284     INFO  Test worker     d.u.i.k.n.KeyIO           MODE: declarations took 0 ms 
434615     INFO  Test worker     d.u.i.k.n.KeyIO           Parsing took 0 ms 
434615     INFO  Test worker     d.u.i.k.n.KeyIO           MODE: declarations took 0 ms 
434615     INFO  Test worker     d.u.i.k.n.KeyIO           Parsing took 0 ms 
434615     INFO  Test worker     d.u.i.k.n.KeyIO           MODE: declarations took 0 ms 
434615     INFO  Test worker     d.u.i.k.n.KeyIO           Parsing took 0 ms 
434615     INFO  Test worker     d.u.i.k.n.KeyIO           MODE: declarations took 0 ms 
434615     INFO  Test worker     d.u.i.k.n.KeyIO           Parsing took 0 ms 
434615     INFO  Test worker     d.u.i.k.n.KeyIO           MODE: declarations took 0 ms 
434615     INFO  Test worker     d.u.i.k.n.KeyIO           Parsing took 0 ms 
434615     INFO  Test worker     d.u.i.k.n.KeyIO           MODE: declarations took 0 ms 
437962     INFO  Test worker     d.u.i.k.n.KeyIO           Parsing took 0 ms 
437962     INFO  Test worker     d.u.i.k.n.KeyIO           MODE: declarations took 0 ms 
437962     INFO  Test worker     d.u.i.k.n.KeyIO           Parsing took 0 ms 
437962     INFO  Test worker     d.u.i.k.n.KeyIO           MODE: declarations took 0 ms 
437962     INFO  Test worker     d.u.i.k.n.KeyIO           Parsing took 0 ms 
437962     INFO  Test worker     d.u.i.k.n.KeyIO           MODE: declarations took 0 ms 
437962     INFO  Test worker     d.u.i.k.n.KeyIO           Parsing took 0 ms 
437977     INFO  Test worker     d.u.i.k.n.KeyIO           MODE: declarations took 0 ms 
437977     INFO  Test worker     d.u.i.k.n.KeyIO           Parsing took 0 ms 
437977     INFO  Test worker     d.u.i.k.n.KeyIO           MODE: declarations took 0 ms 
441322     INFO  Test worker     d.u.i.k.n.KeyIO           Parsing took 0 ms 
441322     INFO  Test worker     d.u.i.k.n.KeyIO           MODE: declarations took 0 ms 
441322     INFO  Test worker     d.u.i.k.n.KeyIO           Parsing took 0 ms 
441322     INFO  Test worker     d.u.i.k.n.KeyIO           MODE: declarations took 0 ms 
441322     INFO  Test worker     d.u.i.k.n.KeyIO           Parsing took 0 ms 
441322     INFO  Test worker     d.u.i.k.n.KeyIO           MODE: declarations took 0 ms 
441322     INFO  Test worker     d.u.i.k.n.KeyIO           Parsing took 0 ms 
441322     INFO  Test worker     d.u.i.k.n.KeyIO           MODE: declarations took 0 ms 
441322     INFO  Test worker     d.u.i.k.n.KeyIO           Parsing took 0 ms 
441322     INFO  Test worker     d.u.i.k.n.KeyIO           MODE: declarations took 0 ms 
444652     INFO  Test worker     d.u.i.k.n.KeyIO           Parsing took 0 ms 
444652     INFO  Test worker     d.u.i.k.n.KeyIO           MODE: declarations took 0 ms 
444652     INFO  Test worker     d.u.i.k.n.KeyIO           Parsing took 0 ms 
444652     INFO  Test worker     d.u.i.k.n.KeyIO           MODE: declarations took 0 ms 
444652     INFO  Test worker     d.u.i.k.n.KeyIO           Parsing took 0 ms 
444652     INFO  Test worker     d.u.i.k.n.KeyIO           MODE: declarations took 0 ms 
444652     INFO  Test worker     d.u.i.k.n.KeyIO           Parsing took 0 ms 
444652     INFO  Test worker     d.u.i.k.n.KeyIO           MODE: declarations took 0 ms 
444652     INFO  Test worker     d.u.i.k.n.KeyIO           Parsing took 0 ms 
444652     INFO  Test worker     d.u.i.k.n.KeyIO           MODE: declarations took 0 ms 
448047     INFO  Test worker     d.u.i.k.n.KeyIO           Parsing took 0 ms 
448047     INFO  Test worker     d.u.i.k.n.KeyIO           MODE: declarations took 0 ms 
448047     INFO  Test worker     d.u.i.k.n.KeyIO           Parsing took 0 ms 
448047     INFO  Test worker     d.u.i.k.n.KeyIO           MODE: declarations took 0 ms 
448047     INFO  Test worker     d.u.i.k.n.KeyIO           Parsing took 0 ms 
448047     INFO  Test worker     d.u.i.k.n.KeyIO           MODE: declarations took 0 ms 
448047     INFO  Test worker     d.u.i.k.n.KeyIO           Parsing took 0 ms 
448047     INFO  Test worker     d.u.i.k.n.KeyIO           MODE: declarations took 0 ms 
448047     INFO  Test worker     d.u.i.k.n.KeyIO           Parsing took 0 ms 
448047     INFO  Test worker     d.u.i.k.n.KeyIO           MODE: declarations took 0 ms 
451392     INFO  Test worker     d.u.i.k.n.KeyIO           Parsing took 0 ms 
451392     INFO  Test worker     d.u.i.k.n.KeyIO           MODE: declarations took 0 ms 
451392     INFO  Test worker     d.u.i.k.n.KeyIO           Parsing took 0 ms 
451392     INFO  Test worker     d.u.i.k.n.KeyIO           MODE: declarations took 0 ms 
451392     INFO  Test worker     d.u.i.k.n.KeyIO           Parsing took 0 ms 
451392     INFO  Test worker     d.u.i.k.n.KeyIO           MODE: declarations took 0 ms 
451392     INFO  Test worker     d.u.i.k.n.KeyIO           Parsing took 0 ms 
451392     INFO  Test worker     d.u.i.k.n.KeyIO           MODE: declarations took 0 ms 
451392     INFO  Test worker     d.u.i.k.n.KeyIO           Parsing took 0 ms 
451392     INFO  Test worker     d.u.i.k.n.KeyIO           MODE: declarations took 0 ms 
454738     INFO  Test worker     d.u.i.k.n.KeyIO           Parsing took 0 ms 
454738     INFO  Test worker     d.u.i.k.n.KeyIO           MODE: declarations took 0 ms 
454738     INFO  Test worker     d.u.i.k.n.KeyIO           Parsing took 0 ms 
454738     INFO  Test worker     d.u.i.k.n.KeyIO           MODE: declarations took 0 ms 
454738     INFO  Test worker     d.u.i.k.n.KeyIO           Parsing took 0 ms 
454738     INFO  Test worker     d.u.i.k.n.KeyIO           MODE: declarations took 0 ms 
454738     INFO  Test worker     d.u.i.k.n.KeyIO           Parsing took 0 ms 
454738     INFO  Test worker     d.u.i.k.n.KeyIO           MODE: declarations took 0 ms 
454738     INFO  Test worker     d.u.i.k.n.KeyIO           Parsing took 0 ms 
454738     INFO  Test worker     d.u.i.k.n.KeyIO           MODE: declarations took 0 ms 
458022     INFO  Test worker     d.u.i.k.n.KeyIO           Parsing took 0 ms 
458022     INFO  Test worker     d.u.i.k.n.KeyIO           MODE: declarations took 0 ms 
458022     INFO  Test worker     d.u.i.k.n.KeyIO           Parsing took 0 ms 
458022     INFO  Test worker     d.u.i.k.n.KeyIO           MODE: declarations took 0 ms 
458022     INFO  Test worker     d.u.i.k.n.KeyIO           Parsing took 0 ms 
458022     INFO  Test worker     d.u.i.k.n.KeyIO           MODE: declarations took 0 ms 
458022     INFO  Test worker     d.u.i.k.n.KeyIO           Parsing took 0 ms 
458022     INFO  Test worker     d.u.i.k.n.KeyIO           MODE: declarations took 0 ms 
458022     INFO  Test worker     d.u.i.k.n.KeyIO           Parsing took 0 ms 
458022     INFO  Test worker     d.u.i.k.n.KeyIO           MODE: declarations took 0 ms 
461446     INFO  Test worker     d.u.i.k.n.KeyIO           Parsing took 16 ms 
461446     INFO  Test worker     d.u.i.k.n.KeyIO           MODE: declarations took 0 ms 
461446     INFO  Test worker     d.u.i.k.n.KeyIO           Parsing took 0 ms 
461446     INFO  Test worker     d.u.i.k.n.KeyIO           MODE: declarations took 0 ms 
461446     INFO  Test worker     d.u.i.k.n.KeyIO           Parsing took 0 ms 
461446     INFO  Test worker     d.u.i.k.n.KeyIO           MODE: declarations took 0 ms 
461446     INFO  Test worker     d.u.i.k.n.KeyIO           Parsing took 0 ms 
461446     INFO  Test worker     d.u.i.k.n.KeyIO           MODE: declarations took 0 ms 
461446     INFO  Test worker     d.u.i.k.n.KeyIO           Parsing took 0 ms 
461446     INFO  Test worker     d.u.i.k.n.KeyIO           MODE: declarations took 0 ms 
464666     INFO  Test worker     d.u.i.k.n.KeyIO           Parsing took 0 ms 
464666     INFO  Test worker     d.u.i.k.n.KeyIO           MODE: declarations took 0 ms 
464666     INFO  Test worker     d.u.i.k.n.KeyIO           Parsing took 0 ms 
464666     INFO  Test worker     d.u.i.k.n.KeyIO           MODE: declarations took 0 ms 
464666     INFO  Test worker     d.u.i.k.n.KeyIO           Parsing took 0 ms 
464666     INFO  Test worker     d.u.i.k.n.KeyIO           MODE: declarations took 0 ms 
464666     INFO  Test worker     d.u.i.k.n.KeyIO           Parsing took 0 ms 
464666     INFO  Test worker     d.u.i.k.n.KeyIO           MODE: declarations took 0 ms 
464666     INFO  Test worker     d.u.i.k.n.KeyIO           Parsing took 0 ms 
464666     INFO  Test worker     d.u.i.k.n.KeyIO           MODE: declarations took 0 ms 
467965     INFO  Test worker     d.u.i.k.n.KeyIO           Parsing took 0 ms 
467965     INFO  Test worker     d.u.i.k.n.KeyIO           MODE: declarations took 0 ms 
467965     INFO  Test worker     d.u.i.k.n.KeyIO           Parsing took 0 ms 
467965     INFO  Test worker     d.u.i.k.n.KeyIO           MODE: declarations took 0 ms 
467965     INFO  Test worker     d.u.i.k.n.KeyIO           Parsing took 0 ms 
467965     INFO  Test worker     d.u.i.k.n.KeyIO           MODE: declarations took 0 ms 
467965     INFO  Test worker     d.u.i.k.n.KeyIO           Parsing took 0 ms 
467965     INFO  Test worker     d.u.i.k.n.KeyIO           MODE: declarations took 0 ms 
467965     INFO  Test worker     d.u.i.k.n.KeyIO           Parsing took 0 ms 
467965     INFO  Test worker     d.u.i.k.n.KeyIO           MODE: declarations took 0 ms 
471311     INFO  Test worker     d.u.i.k.n.KeyIO           Parsing took 0 ms 
471311     INFO  Test worker     d.u.i.k.n.KeyIO           MODE: declarations took 0 ms 
471311     INFO  Test worker     d.u.i.k.n.KeyIO           Parsing took 0 ms 
471311     INFO  Test worker     d.u.i.k.n.KeyIO           MODE: declarations took 0 ms 
471311     INFO  Test worker     d.u.i.k.n.KeyIO           Parsing took 0 ms 
471327     INFO  Test worker     d.u.i.k.n.KeyIO           MODE: declarations took 16 ms 
471327     INFO  Test worker     d.u.i.k.n.KeyIO           Parsing took 0 ms 
471327     INFO  Test worker     d.u.i.k.n.KeyIO           MODE: declarations took 0 ms 
471327     INFO  Test worker     d.u.i.k.n.KeyIO           Parsing took 0 ms 
471327     INFO  Test worker     d.u.i.k.n.KeyIO           MODE: declarations took 0 ms 
474719     INFO  Test worker     d.u.i.k.n.KeyIO           Parsing took 0 ms 
474719     INFO  Test worker     d.u.i.k.n.KeyIO           MODE: declarations took 0 ms 
474719     INFO  Test worker     d.u.i.k.n.KeyIO           Parsing took 0 ms 
474719     INFO  Test worker     d.u.i.k.n.KeyIO           MODE: declarations took 0 ms 
474719     INFO  Test worker     d.u.i.k.n.KeyIO           Parsing took 0 ms 
474719     INFO  Test worker     d.u.i.k.n.KeyIO           MODE: declarations took 0 ms 
474719     INFO  Test worker     d.u.i.k.n.KeyIO           Parsing took 0 ms 
474719     INFO  Test worker     d.u.i.k.n.KeyIO           MODE: declarations took 0 ms 
474719     INFO  Test worker     d.u.i.k.n.KeyIO           Parsing took 0 ms 
474719     INFO  Test worker     d.u.i.k.n.KeyIO           MODE: declarations took 0 ms 
477892     INFO  Test worker     d.u.i.k.n.KeyIO           Parsing took 0 ms 
477908     INFO  Test worker     d.u.i.k.n.KeyIO           MODE: declarations took 0 ms 
477909     INFO  Test worker     d.u.i.k.n.KeyIO           Parsing took 1 ms 
477909     INFO  Test worker     d.u.i.k.n.KeyIO           MODE: declarations took 0 ms 
477909     INFO  Test worker     d.u.i.k.n.KeyIO           Parsing took 0 ms 
477909     INFO  Test worker     d.u.i.k.n.KeyIO           MODE: declarations took 0 ms 
477909     INFO  Test worker     d.u.i.k.n.KeyIO           Parsing took 0 ms 
477909     INFO  Test worker     d.u.i.k.n.KeyIO           MODE: declarations took 0 ms 
477909     INFO  Test worker     d.u.i.k.n.KeyIO           Parsing took 0 ms 
477909     INFO  Test worker     d.u.i.k.n.KeyIO           MODE: declarations took 0 ms 
481394     INFO  Test worker     d.u.i.k.n.KeyIO           Parsing took 0 ms 
481394     INFO  Test worker     d.u.i.k.n.KeyIO           MODE: declarations took 0 ms 
481394     INFO  Test worker     d.u.i.k.n.KeyIO           Parsing took 0 ms 
481394     INFO  Test worker     d.u.i.k.n.KeyIO           MODE: declarations took 0 ms 
481394     INFO  Test worker     d.u.i.k.n.KeyIO           Parsing took 0 ms 
481394     INFO  Test worker     d.u.i.k.n.KeyIO           MODE: declarations took 0 ms 
481394     INFO  Test worker     d.u.i.k.n.KeyIO           Parsing took 0 ms 
481394     INFO  Test worker     d.u.i.k.n.KeyIO           MODE: declarations took 0 ms 
481394     INFO  Test worker     d.u.i.k.n.KeyIO           Parsing took 0 ms 
481394     INFO  Test worker     d.u.i.k.n.KeyIO           MODE: declarations took 0 ms 
484881     INFO  Test worker     d.u.i.k.n.KeyIO           Parsing took 0 ms 
484881     INFO  Test worker     d.u.i.k.n.KeyIO           MODE: declarations took 0 ms 
484881     INFO  Test worker     d.u.i.k.n.KeyIO           Parsing took 0 ms 
484881     INFO  Test worker     d.u.i.k.n.KeyIO           MODE: declarations took 0 ms 
484881     INFO  Test worker     d.u.i.k.n.KeyIO           Parsing took 0 ms 
484881     INFO  Test worker     d.u.i.k.n.KeyIO           MODE: declarations took 0 ms 
484881     INFO  Test worker     d.u.i.k.n.KeyIO           Parsing took 0 ms 
484881     INFO  Test worker     d.u.i.k.n.KeyIO           MODE: declarations took 0 ms 
484881     INFO  Test worker     d.u.i.k.n.KeyIO           Parsing took 0 ms 
484881     INFO  Test worker     d.u.i.k.n.KeyIO           MODE: declarations took 0 ms 
488197     INFO  Test worker     d.u.i.k.n.KeyIO           Parsing took 0 ms 
488197     INFO  Test worker     d.u.i.k.n.KeyIO           MODE: declarations took 0 ms 
488197     INFO  Test worker     d.u.i.k.n.KeyIO           Parsing took 0 ms 
488197     INFO  Test worker     d.u.i.k.n.KeyIO           MODE: declarations took 0 ms 
488197     INFO  Test worker     d.u.i.k.n.KeyIO           Parsing took 0 ms 
488197     INFO  Test worker     d.u.i.k.n.KeyIO           MODE: declarations took 0 ms 
488197     INFO  Test worker     d.u.i.k.n.KeyIO           Parsing took 0 ms 
488197     INFO  Test worker     d.u.i.k.n.KeyIO           MODE: declarations took 0 ms 
488197     INFO  Test worker     d.u.i.k.n.KeyIO           Parsing took 0 ms 
488197     INFO  Test worker     d.u.i.k.n.KeyIO           MODE: declarations took 0 ms 
]]></system-out>
  <system-err><![CDATA[]]></system-err>
</testsuite>
