<?xml version="1.0" encoding="UTF-8"?>
<testsuite name="de.uka.ilkd.key.parser.TestTermParserSorts" tests="2" skipped="0" failures="0" errors="0" timestamp="2023-04-18T13:47:54" hostname="fv-az252-497" time="3.41">
  <properties/>
  <testcase name="testParseIntegerArgs()" classname="de.uka.ilkd.key.parser.TestTermParserSorts" time="0.017"/>
  <testcase name="testParseSequencePrettySyntax()" classname="de.uka.ilkd.key.parser.TestTermParserSorts" time="0.002"/>
  <system-out><![CDATA[491573     INFO  Test worker     d.u.i.k.n.KeyIO           Parsing took 0 ms 
491573     INFO  Test worker     d.u.i.k.n.KeyIO           MODE: declarations took 0 ms 
491573     INFO  Test worker     d.u.i.k.n.KeyIO           Parsing took 0 ms 
491573     INFO  Test worker     d.u.i.k.n.KeyIO           MODE: declarations took 0 ms 
491573     INFO  Test worker     d.u.i.k.n.KeyIO           Parsing took 0 ms 
491573     INFO  Test worker     d.u.i.k.n.KeyIO           MODE: declarations took 0 ms 
494981     INFO  Test worker     d.u.i.k.n.KeyIO           Parsing took 0 ms 
494981     INFO  Test worker     d.u.i.k.n.KeyIO           MODE: declarations took 0 ms 
494981     INFO  Test worker     d.u.i.k.n.KeyIO           Parsing took 0 ms 
494981     INFO  Test worker     d.u.i.k.n.KeyIO           MODE: declarations took 0 ms 
494981     INFO  Test worker     d.u.i.k.n.KeyIO           Parsing took 0 ms 
494981     INFO  Test worker     d.u.i.k.n.KeyIO           MODE: declarations took 0 ms 
]]></system-out>
  <system-err><![CDATA[]]></system-err>
</testsuite>
