<?xml version="1.0" encoding="UTF-8"?>
<testsuite name="de.uka.ilkd.key.logic.TestClashFreeSubst" tests="14" skipped="2" failures="0" errors="0" timestamp="2023-04-18T13:40:27" hostname="fv-az252-497" time="57.711">
  <properties/>
  <testcase name="testMultiShareBound()" classname="de.uka.ilkd.key.logic.TestClashFreeSubst" time="1.12"/>
  <testcase name="testClash()" classname="de.uka.ilkd.key.logic.TestClashFreeSubst" time="1.125"/>
  <testcase name="testShare()" classname="de.uka.ilkd.key.logic.TestClashFreeSubst" time="0.994"/>
  <testcase name="testSubst()" classname="de.uka.ilkd.key.logic.TestClashFreeSubst" time="1.09"/>
  <testcase name="testWary0()" classname="de.uka.ilkd.key.logic.TestClashFreeSubst" time="1.126"/>
  <testcase name="testWary1()" classname="de.uka.ilkd.key.logic.TestClashFreeSubst" time="1.013"/>
  <testcase name="testWary2()" classname="de.uka.ilkd.key.logic.TestClashFreeSubst" time="1.079"/>
  <testcase name="testClashInSubstTerm()" classname="de.uka.ilkd.key.logic.TestClashFreeSubst" time="1.061"/>
  <testcase name="testShareWary()" classname="de.uka.ilkd.key.logic.TestClashFreeSubst" time="1.112"/>
  <testcase name="testMultiSubst()" classname="de.uka.ilkd.key.logic.TestClashFreeSubst" time="1.009"/>
  <testcase name="xtestMultiClash()" classname="de.uka.ilkd.key.logic.TestClashFreeSubst" time="0.0">
    <skipped/>
  </testcase>
  <testcase name="testSubstInSubstTerm()" classname="de.uka.ilkd.key.logic.TestClashFreeSubst" time="1.113"/>
  <testcase name="testSubstWary()" classname="de.uka.ilkd.key.logic.TestClashFreeSubst" time="1.035"/>
  <testcase name="xtestMultiClash1()" classname="de.uka.ilkd.key.logic.TestClashFreeSubst" time="0.0">
    <skipped/>
  </testcase>
  <system-out><![CDATA[44339      INFO  Test worker     d.u.i.k.n.KeyIO           Parsing took 16 ms 
44339      INFO  Test worker     d.u.i.k.n.KeyIO           MODE: declarations took 0 ms 
45449      INFO  Test worker     d.u.i.k.n.KeyIO           Parsing took 0 ms 
45449      INFO  Test worker     d.u.i.k.n.KeyIO           MODE: declarations took 0 ms 
49015      INFO  Test worker     d.u.i.k.n.KeyIO           Parsing took 0 ms 
49031      INFO  Test worker     d.u.i.k.n.KeyIO           MODE: declarations took 16 ms 
50140      INFO  Test worker     d.u.i.k.n.KeyIO           Parsing took 0 ms 
50140      INFO  Test worker     d.u.i.k.n.KeyIO           MODE: declarations took 0 ms 
53690      INFO  Test worker     d.u.i.k.n.KeyIO           Parsing took 0 ms 
53690      INFO  Test worker     d.u.i.k.n.KeyIO           MODE: declarations took 0 ms 
54675      INFO  Test worker     d.u.i.k.n.KeyIO           Parsing took 0 ms 
54675      INFO  Test worker     d.u.i.k.n.KeyIO           MODE: declarations took 0 ms 
58162      INFO  Test worker     d.u.i.k.n.KeyIO           Parsing took 0 ms 
58162      INFO  Test worker     d.u.i.k.n.KeyIO           MODE: declarations took 0 ms 
59241      INFO  Test worker     d.u.i.k.n.KeyIO           Parsing took 0 ms 
59241      INFO  Test worker     d.u.i.k.n.KeyIO           MODE: declarations took 0 ms 
62868      INFO  Test worker     d.u.i.k.n.KeyIO           Parsing took 0 ms 
62868      INFO  Test worker     d.u.i.k.n.KeyIO           MODE: declarations took 0 ms 
63994      INFO  Test worker     d.u.i.k.n.KeyIO           Parsing took 0 ms 
63994      INFO  Test worker     d.u.i.k.n.KeyIO           MODE: declarations took 0 ms 
67261      INFO  Test worker     d.u.i.k.n.KeyIO           Parsing took 0 ms 
67261      INFO  Test worker     d.u.i.k.n.KeyIO           MODE: declarations took 0 ms 
68262      INFO  Test worker     d.u.i.k.n.KeyIO           Parsing took 0 ms 
68262      INFO  Test worker     d.u.i.k.n.KeyIO           MODE: declarations took 0 ms 
71764      INFO  Test worker     d.u.i.k.n.KeyIO           Parsing took 0 ms 
71764      INFO  Test worker     d.u.i.k.n.KeyIO           MODE: declarations took 0 ms 
72843      INFO  Test worker     d.u.i.k.n.KeyIO           Parsing took 0 ms 
72843      INFO  Test worker     d.u.i.k.n.KeyIO           MODE: declarations took 0 ms 
76251      INFO  Test worker     d.u.i.k.n.KeyIO           Parsing took 0 ms 
76251      INFO  Test worker     d.u.i.k.n.KeyIO           MODE: declarations took 0 ms 
77299      INFO  Test worker     d.u.i.k.n.KeyIO           Parsing took 0 ms 
77299      INFO  Test worker     d.u.i.k.n.KeyIO           MODE: declarations took 0 ms 
80754      INFO  Test worker     d.u.i.k.n.KeyIO           Parsing took 0 ms 
80754      INFO  Test worker     d.u.i.k.n.KeyIO           MODE: declarations took 0 ms 
81833      INFO  Test worker     d.u.i.k.n.KeyIO           Parsing took 0 ms 
81833      INFO  Test worker     d.u.i.k.n.KeyIO           MODE: declarations took 0 ms 
85334      INFO  Test worker     d.u.i.k.n.KeyIO           Parsing took 0 ms 
85334      INFO  Test worker     d.u.i.k.n.KeyIO           MODE: declarations took 0 ms 
86335      INFO  Test worker     d.u.i.k.n.KeyIO           Parsing took 0 ms 
86335      INFO  Test worker     d.u.i.k.n.KeyIO           MODE: declarations took 0 ms 
93169      INFO  Test worker     d.u.i.k.n.KeyIO           Parsing took 0 ms 
93169      INFO  Test worker     d.u.i.k.n.KeyIO           MODE: declarations took 0 ms 
94279      INFO  Test worker     d.u.i.k.n.KeyIO           Parsing took 0 ms 
94279      INFO  Test worker     d.u.i.k.n.KeyIO           MODE: declarations took 0 ms 
97563      INFO  Test worker     d.u.i.k.n.KeyIO           Parsing took 0 ms 
97563      INFO  Test worker     d.u.i.k.n.KeyIO           MODE: declarations took 0 ms 
98595      INFO  Test worker     d.u.i.k.n.KeyIO           Parsing took 0 ms 
98595      INFO  Test worker     d.u.i.k.n.KeyIO           MODE: declarations took 0 ms 
]]></system-out>
  <system-err><![CDATA[]]></system-err>
</testsuite>
