<?xml version="1.0" encoding="UTF-8"?>
<testsuite name="de.uka.ilkd.key.parser.TestTermParser" tests="47" skipped="4" failures="0" errors="0" timestamp="2023-04-18T13:45:33" hostname="fv-az252-497" time="4.917">
  <properties/>
  <testcase name="testNotEqual()" classname="de.uka.ilkd.key.parser.TestTermParser" time="0.002"/>
  <testcase name="testProgramVariables()" classname="de.uka.ilkd.key.parser.TestTermParser" time="0.08"/>
  <testcase name="testAttributeWithSpecifiedSortOnObject()" classname="de.uka.ilkd.key.parser.TestTermParser" time="0.007"/>
  <testcase name="testCast()" classname="de.uka.ilkd.key.parser.TestTermParser" time="0.004"/>
  <testcase name="testJavaQueryAndAttribute_all()" classname="de.uka.ilkd.key.parser.TestTermParser" time="0.001">
    <skipped/>
  </testcase>
  <testcase name="test10()" classname="de.uka.ilkd.key.parser.TestTermParser" time="0.007"/>
  <testcase name="test11()" classname="de.uka.ilkd.key.parser.TestTermParser" time="0.005"/>
  <testcase name="test12()" classname="de.uka.ilkd.key.parser.TestTermParser" time="0.0">
    <skipped/>
  </testcase>
  <testcase name="test13()" classname="de.uka.ilkd.key.parser.TestTermParser" time="0.007"/>
  <testcase name="test14()" classname="de.uka.ilkd.key.parser.TestTermParser" time="0.003"/>
  <testcase name="test1a()" classname="de.uka.ilkd.key.parser.TestTermParser" time="0.004"/>
  <testcase name="testJavaAttributeAccess_4()" classname="de.uka.ilkd.key.parser.TestTermParser" time="0.004"/>
  <testcase name="testAttributeOnObject()" classname="de.uka.ilkd.key.parser.TestTermParser" time="0.005"/>
  <testcase name="testNegativeLiteralParsing1()" classname="de.uka.ilkd.key.parser.TestTermParser" time="0.001"/>
  <testcase name="testNegativeLiteralParsing2()" classname="de.uka.ilkd.key.parser.TestTermParser" time="0.001"/>
  <testcase name="testNegativeLiteralParsing3()" classname="de.uka.ilkd.key.parser.TestTermParser" time="0.002"/>
  <testcase name="xtestParsingArrayWithSpaces()" classname="de.uka.ilkd.key.parser.TestTermParser" time="0.0">
    <skipped/>
  </testcase>
  <testcase name="testAmbigiousFuncVarPred()" classname="de.uka.ilkd.key.parser.TestTermParser" time="0.002"/>
  <testcase name="test1()" classname="de.uka.ilkd.key.parser.TestTermParser" time="0.002"/>
  <testcase name="test2()" classname="de.uka.ilkd.key.parser.TestTermParser" time="0.002"/>
  <testcase name="test3()" classname="de.uka.ilkd.key.parser.TestTermParser" time="0.003"/>
  <testcase name="test5()" classname="de.uka.ilkd.key.parser.TestTermParser" time="0.004"/>
  <testcase name="test6()" classname="de.uka.ilkd.key.parser.TestTermParser" time="0.004"/>
  <testcase name="test7()" classname="de.uka.ilkd.key.parser.TestTermParser" time="0.002"/>
  <testcase name="test8()" classname="de.uka.ilkd.key.parser.TestTermParser" time="0.002"/>
  <testcase name="test9()" classname="de.uka.ilkd.key.parser.TestTermParser" time="0.002"/>
  <testcase name="testBindingUpdateTerm()" classname="de.uka.ilkd.key.parser.TestTermParser" time="0.002"/>
  <testcase name="testJavaStaticQuery()" classname="de.uka.ilkd.key.parser.TestTermParser" time="0.003"/>
  <testcase name="testInfix1()" classname="de.uka.ilkd.key.parser.TestTermParser" time="0.002"/>
  <testcase name="testInfix2()" classname="de.uka.ilkd.key.parser.TestTermParser" time="0.004"/>
  <testcase name="testInfix3()" classname="de.uka.ilkd.key.parser.TestTermParser" time="0.003"/>
  <testcase name="testInfix4()" classname="de.uka.ilkd.key.parser.TestTermParser" time="0.002"/>
  <testcase name="testIfThenElse()" classname="de.uka.ilkd.key.parser.TestTermParser" time="0.003"/>
  <testcase name="testJavaAttributeAccessBoth_1()" classname="de.uka.ilkd.key.parser.TestTermParser" time="0.004"/>
  <testcase name="testJavaAttributeAccessBoth_2()" classname="de.uka.ilkd.key.parser.TestTermParser" time="0.003"/>
  <testcase name="testJavaAttributeAccessBoth_3()" classname="de.uka.ilkd.key.parser.TestTermParser" time="0.003"/>
  <testcase name="testBindingUpdateTerm_1()" classname="de.uka.ilkd.key.parser.TestTermParser" time="0.003"/>
  <testcase name="testBindingUpdateTerm_3()" classname="de.uka.ilkd.key.parser.TestTermParser" time="0.007"/>
  <testcase name="testBindingUpdateTerm_4()" classname="de.uka.ilkd.key.parser.TestTermParser" time="0.003"/>
  <testcase name="testBindingUpdateTerm_5()" classname="de.uka.ilkd.key.parser.TestTermParser" time="0.003"/>
  <testcase name="testBindingUpdateTerm_6()" classname="de.uka.ilkd.key.parser.TestTermParser" time="0.004"/>
  <testcase name="testBindingUpdateTerm_7()" classname="de.uka.ilkd.key.parser.TestTermParser" time="0.003"/>
  <testcase name="testBindingUpdateTerm_8()" classname="de.uka.ilkd.key.parser.TestTermParser" time="0.002"/>
  <testcase name="testParsingArray()" classname="de.uka.ilkd.key.parser.TestTermParser" time="0.004"/>
  <testcase name="xtestBindingUpdateTermOldBindingAlternative()" classname="de.uka.ilkd.key.parser.TestTermParser" time="0.0">
    <skipped/>
  </testcase>
  <testcase name="testJavaStaticQueryWithParameter()" classname="de.uka.ilkd.key.parser.TestTermParser" time="0.046"/>
  <testcase name="testParsingArrayCombination()" classname="de.uka.ilkd.key.parser.TestTermParser" time="0.017"/>
  <system-out><![CDATA[351241     INFO  Test worker     d.u.i.k.n.KeyIO           Parsing took 0 ms 
351241     INFO  Test worker     d.u.i.k.n.KeyIO           MODE: declarations took 0 ms 
351241     WARN  Test worker     d.u.i.k.j.r.KeYCrossReferenceNameInfo Datatype T declared twice: Once in UNKNOWN:unknown and once in UNKNOWN:unknown, Keeping one from UNKNOWN:unknown 
351335     INFO  Test worker     d.u.i.k.n.KeyIO           Parsing took 0 ms 
351335     INFO  Test worker     d.u.i.k.n.KeyIO           MODE: declarations took 0 ms 
351413     WARN  Test worker     d.u.i.k.j.r.KeYCrossReferenceNameInfo Datatype T declared twice: Once in UNKNOWN:unknown and once in UNKNOWN:unknown, Keeping one from UNKNOWN:unknown 
351523     INFO  Test worker     d.u.i.k.n.KeyIO           Parsing took 0 ms 
351523     INFO  Test worker     d.u.i.k.n.KeyIO           MODE: declarations took 0 ms 
351523     WARN  Test worker     d.u.i.k.j.r.KeYCrossReferenceNameInfo Datatype T declared twice: Once in UNKNOWN:unknown and once in UNKNOWN:unknown, Keeping one from UNKNOWN:unknown 
351618     INFO  Test worker     d.u.i.k.n.KeyIO           Parsing took 0 ms 
351633     INFO  Test worker     d.u.i.k.n.KeyIO           MODE: declarations took 0 ms 
351633     WARN  Test worker     d.u.i.k.j.r.KeYCrossReferenceNameInfo Datatype T declared twice: Once in UNKNOWN:unknown and once in UNKNOWN:unknown, Keeping one from UNKNOWN:unknown 
351726     WARN  Test worker     d.u.i.k.j.r.KeYCrossReferenceNameInfo Datatype T declared twice: Once in UNKNOWN:unknown and once in UNKNOWN:unknown, Keeping one from UNKNOWN:unknown 
351820     INFO  Test worker     d.u.i.k.n.KeyIO           Parsing took 0 ms 
351820     INFO  Test worker     d.u.i.k.n.KeyIO           MODE: declarations took 0 ms 
351836     INFO  Test worker     d.u.i.k.p.TestTermParser  Out: \<{
  int x = 1;
  {
    int s = 2;
  }
}\> (equals(x,x)) 
351836     WARN  Test worker     d.u.i.k.j.r.KeYCrossReferenceNameInfo Datatype T declared twice: Once in UNKNOWN:unknown and once in UNKNOWN:unknown, Keeping one from UNKNOWN:unknown 
351930     INFO  Test worker     d.u.i.k.n.KeyIO           Parsing took 0 ms 
351930     INFO  Test worker     d.u.i.k.n.KeyIO           MODE: declarations took 0 ms 
351930     INFO  Test worker     d.u.i.k.p.TestTermParser  Out: \[{
  int x = 2;
  {
    String s = ""}";
  }
}\] (true) 
351930     WARN  Test worker     d.u.i.k.j.r.KeYCrossReferenceNameInfo Datatype T declared twice: Once in UNKNOWN:unknown and once in UNKNOWN:unknown, Keeping one from UNKNOWN:unknown 
352039     WARN  Test worker     d.u.i.k.j.r.KeYCrossReferenceNameInfo Datatype T declared twice: Once in UNKNOWN:unknown and once in UNKNOWN:unknown, Keeping one from UNKNOWN:unknown 
352133     INFO  Test worker     d.u.i.k.n.KeyIO           Parsing took 0 ms 
352133     INFO  Test worker     d.u.i.k.n.KeyIO           MODE: declarations took 0 ms 
352148     WARN  Test worker     d.u.i.k.j.r.KeYCrossReferenceNameInfo Datatype T declared twice: Once in UNKNOWN:unknown and once in UNKNOWN:unknown, Keeping one from UNKNOWN:unknown 
352243     INFO  Test worker     d.u.i.k.n.KeyIO           Parsing took 0 ms 
352243     INFO  Test worker     d.u.i.k.n.KeyIO           MODE: declarations took 0 ms 
352243     INFO  Test worker     d.u.i.k.p.TestTermParser  Out: \<{
  int[] i;
}\> (diamond(true)) 
352243     WARN  Test worker     d.u.i.k.j.r.KeYCrossReferenceNameInfo Datatype T declared twice: Once in UNKNOWN:unknown and once in UNKNOWN:unknown, Keeping one from UNKNOWN:unknown 
352351     INFO  Test worker     d.u.i.k.n.KeyIO           Parsing took 0 ms 
352351     INFO  Test worker     d.u.i.k.n.KeyIO           MODE: declarations took 0 ms 
352351     WARN  Test worker     d.u.i.k.j.r.KeYCrossReferenceNameInfo Datatype T declared twice: Once in UNKNOWN:unknown and once in UNKNOWN:unknown, Keeping one from UNKNOWN:unknown 
352461     INFO  Test worker     d.u.i.k.n.KeyIO           Parsing took 0 ms 
352461     INFO  Test worker     d.u.i.k.n.KeyIO           MODE: declarations took 0 ms 
352461     WARN  Test worker     d.u.i.k.j.r.KeYCrossReferenceNameInfo Datatype T declared twice: Once in UNKNOWN:unknown and once in UNKNOWN:unknown, Keeping one from UNKNOWN:unknown 
352571     INFO  Test worker     d.u.i.k.n.KeyIO           Parsing took 0 ms 
352571     INFO  Test worker     d.u.i.k.n.KeyIO           MODE: declarations took 0 ms 
352571     WARN  Test worker     d.u.i.k.j.r.KeYCrossReferenceNameInfo Datatype T declared twice: Once in UNKNOWN:unknown and once in UNKNOWN:unknown, Keeping one from UNKNOWN:unknown 
352680     INFO  Test worker     d.u.i.k.n.KeyIO           Parsing took 0 ms 
352680     INFO  Test worker     d.u.i.k.n.KeyIO           MODE: declarations took 0 ms 
352680     WARN  Test worker     d.u.i.k.j.r.KeYCrossReferenceNameInfo Datatype T declared twice: Once in UNKNOWN:unknown and once in UNKNOWN:unknown, Keeping one from UNKNOWN:unknown 
352836     INFO  Test worker     d.u.i.k.n.KeyIO           Parsing took 0 ms 
352836     INFO  Test worker     d.u.i.k.n.KeyIO           MODE: declarations took 0 ms 
352836     WARN  Test worker     d.u.i.k.j.r.KeYCrossReferenceNameInfo Datatype T declared twice: Once in UNKNOWN:unknown and once in UNKNOWN:unknown, Keeping one from UNKNOWN:unknown 
352946     INFO  Test worker     d.u.i.k.n.KeyIO           Parsing took 0 ms 
352946     INFO  Test worker     d.u.i.k.n.KeyIO           MODE: declarations took 0 ms 
352946     WARN  Test worker     d.u.i.k.j.r.KeYCrossReferenceNameInfo Datatype T declared twice: Once in UNKNOWN:unknown and once in UNKNOWN:unknown, Keeping one from UNKNOWN:unknown 
353040     WARN  Test worker     d.u.i.k.j.r.KeYCrossReferenceNameInfo Datatype T declared twice: Once in UNKNOWN:unknown and once in UNKNOWN:unknown, Keeping one from UNKNOWN:unknown 
353149     INFO  Test worker     d.u.i.k.n.KeyIO           Parsing took 0 ms 
353149     INFO  Test worker     d.u.i.k.n.KeyIO           MODE: declarations took 0 ms 
353149     WARN  Test worker     d.u.i.k.j.r.KeYCrossReferenceNameInfo Datatype T declared twice: Once in UNKNOWN:unknown and once in UNKNOWN:unknown, Keeping one from UNKNOWN:unknown 
353244     INFO  Test worker     d.u.i.k.n.KeyIO           Parsing took 0 ms 
353244     INFO  Test worker     d.u.i.k.n.KeyIO           MODE: declarations took 0 ms 
353244     WARN  Test worker     d.u.i.k.j.r.KeYCrossReferenceNameInfo Datatype T declared twice: Once in UNKNOWN:unknown and once in UNKNOWN:unknown, Keeping one from UNKNOWN:unknown 
353352     INFO  Test worker     d.u.i.k.n.KeyIO           Parsing took 0 ms 
353352     INFO  Test worker     d.u.i.k.n.KeyIO           MODE: declarations took 0 ms 
353352     WARN  Test worker     d.u.i.k.j.r.KeYCrossReferenceNameInfo Datatype T declared twice: Once in UNKNOWN:unknown and once in UNKNOWN:unknown, Keeping one from UNKNOWN:unknown 
353446     INFO  Test worker     d.u.i.k.n.KeyIO           Parsing took 0 ms 
353446     INFO  Test worker     d.u.i.k.n.KeyIO           MODE: declarations took 0 ms 
353446     WARN  Test worker     d.u.i.k.j.r.KeYCrossReferenceNameInfo Datatype T declared twice: Once in UNKNOWN:unknown and once in UNKNOWN:unknown, Keeping one from UNKNOWN:unknown 
353556     INFO  Test worker     d.u.i.k.n.KeyIO           Parsing took 0 ms 
353556     INFO  Test worker     d.u.i.k.n.KeyIO           MODE: declarations took 0 ms 
353556     WARN  Test worker     d.u.i.k.j.r.KeYCrossReferenceNameInfo Datatype T declared twice: Once in UNKNOWN:unknown and once in UNKNOWN:unknown, Keeping one from UNKNOWN:unknown 
353649     INFO  Test worker     d.u.i.k.n.KeyIO           Parsing took 0 ms 
353649     INFO  Test worker     d.u.i.k.n.KeyIO           MODE: declarations took 0 ms 
353665     WARN  Test worker     d.u.i.k.j.r.KeYCrossReferenceNameInfo Datatype T declared twice: Once in UNKNOWN:unknown and once in UNKNOWN:unknown, Keeping one from UNKNOWN:unknown 
353774     INFO  Test worker     d.u.i.k.n.KeyIO           Parsing took 0 ms 
353774     INFO  Test worker     d.u.i.k.n.KeyIO           MODE: declarations took 0 ms 
353774     WARN  Test worker     d.u.i.k.j.r.KeYCrossReferenceNameInfo Datatype T declared twice: Once in UNKNOWN:unknown and once in UNKNOWN:unknown, Keeping one from UNKNOWN:unknown 
353868     INFO  Test worker     d.u.i.k.n.KeyIO           Parsing took 0 ms 
353868     INFO  Test worker     d.u.i.k.n.KeyIO           MODE: declarations took 0 ms 
353868     WARN  Test worker     d.u.i.k.j.r.KeYCrossReferenceNameInfo Datatype T declared twice: Once in UNKNOWN:unknown and once in UNKNOWN:unknown, Keeping one from UNKNOWN:unknown 
353962     INFO  Test worker     d.u.i.k.n.KeyIO           Parsing took 0 ms 
353962     INFO  Test worker     d.u.i.k.n.KeyIO           MODE: declarations took 0 ms 
353962     WARN  Test worker     d.u.i.k.j.r.KeYCrossReferenceNameInfo Datatype T declared twice: Once in UNKNOWN:unknown and once in UNKNOWN:unknown, Keeping one from UNKNOWN:unknown 
354071     INFO  Test worker     d.u.i.k.n.KeyIO           Parsing took 0 ms 
354071     INFO  Test worker     d.u.i.k.n.KeyIO           MODE: declarations took 0 ms 
354071     WARN  Test worker     d.u.i.k.j.r.KeYCrossReferenceNameInfo Datatype T declared twice: Once in UNKNOWN:unknown and once in UNKNOWN:unknown, Keeping one from UNKNOWN:unknown 
354165     INFO  Test worker     d.u.i.k.n.KeyIO           Parsing took 0 ms 
354165     INFO  Test worker     d.u.i.k.n.KeyIO           MODE: declarations took 0 ms 
354165     WARN  Test worker     d.u.i.k.j.r.KeYCrossReferenceNameInfo Datatype T declared twice: Once in UNKNOWN:unknown and once in UNKNOWN:unknown, Keeping one from UNKNOWN:unknown 
354260     INFO  Test worker     d.u.i.k.n.KeyIO           Parsing took 0 ms 
354260     INFO  Test worker     d.u.i.k.n.KeyIO           MODE: declarations took 0 ms 
354260     WARN  Test worker     d.u.i.k.j.r.KeYCrossReferenceNameInfo Datatype T declared twice: Once in UNKNOWN:unknown and once in UNKNOWN:unknown, Keeping one from UNKNOWN:unknown 
354369     INFO  Test worker     d.u.i.k.n.KeyIO           Parsing took 0 ms 
354369     INFO  Test worker     d.u.i.k.n.KeyIO           MODE: declarations took 0 ms 
354369     WARN  Test worker     d.u.i.k.j.r.KeYCrossReferenceNameInfo Datatype T declared twice: Once in UNKNOWN:unknown and once in UNKNOWN:unknown, Keeping one from UNKNOWN:unknown 
354463     INFO  Test worker     d.u.i.k.n.KeyIO           Parsing took 0 ms 
354463     INFO  Test worker     d.u.i.k.n.KeyIO           MODE: declarations took 0 ms 
354478     WARN  Test worker     d.u.i.k.j.r.KeYCrossReferenceNameInfo Datatype T declared twice: Once in UNKNOWN:unknown and once in UNKNOWN:unknown, Keeping one from UNKNOWN:unknown 
354572     INFO  Test worker     d.u.i.k.n.KeyIO           Parsing took 0 ms 
354572     INFO  Test worker     d.u.i.k.n.KeyIO           MODE: declarations took 0 ms 
354572     WARN  Test worker     d.u.i.k.j.r.KeYCrossReferenceNameInfo Datatype T declared twice: Once in UNKNOWN:unknown and once in UNKNOWN:unknown, Keeping one from UNKNOWN:unknown 
354666     INFO  Test worker     d.u.i.k.n.KeyIO           Parsing took 0 ms 
354666     INFO  Test worker     d.u.i.k.n.KeyIO           MODE: declarations took 0 ms 
354682     WARN  Test worker     d.u.i.k.j.r.KeYCrossReferenceNameInfo Datatype T declared twice: Once in UNKNOWN:unknown and once in UNKNOWN:unknown, Keeping one from UNKNOWN:unknown 
354775     INFO  Test worker     d.u.i.k.n.KeyIO           Parsing took 0 ms 
354775     INFO  Test worker     d.u.i.k.n.KeyIO           MODE: declarations took 0 ms 
354775     WARN  Test worker     d.u.i.k.j.r.KeYCrossReferenceNameInfo Datatype T declared twice: Once in UNKNOWN:unknown and once in UNKNOWN:unknown, Keeping one from UNKNOWN:unknown 
354869     INFO  Test worker     d.u.i.k.n.KeyIO           Parsing took 0 ms 
354869     INFO  Test worker     d.u.i.k.n.KeyIO           MODE: declarations took 0 ms 
354869     WARN  Test worker     d.u.i.k.j.r.KeYCrossReferenceNameInfo Datatype T declared twice: Once in UNKNOWN:unknown and once in UNKNOWN:unknown, Keeping one from UNKNOWN:unknown 
354963     INFO  Test worker     d.u.i.k.n.KeyIO           Parsing took 0 ms 
354963     INFO  Test worker     d.u.i.k.n.KeyIO           MODE: declarations took 0 ms 
354963     WARN  Test worker     d.u.i.k.j.r.KeYCrossReferenceNameInfo Datatype T declared twice: Once in UNKNOWN:unknown and once in UNKNOWN:unknown, Keeping one from UNKNOWN:unknown 
355057     INFO  Test worker     d.u.i.k.n.KeyIO           Parsing took 0 ms 
355057     INFO  Test worker     d.u.i.k.n.KeyIO           MODE: declarations took 0 ms 
355072     WARN  Test worker     d.u.i.k.j.r.KeYCrossReferenceNameInfo Datatype T declared twice: Once in UNKNOWN:unknown and once in UNKNOWN:unknown, Keeping one from UNKNOWN:unknown 
355150     INFO  Test worker     d.u.i.k.n.KeyIO           Parsing took 0 ms 
355150     INFO  Test worker     d.u.i.k.n.KeyIO           MODE: declarations took 0 ms 
355166     WARN  Test worker     d.u.i.k.j.r.KeYCrossReferenceNameInfo Datatype T declared twice: Once in UNKNOWN:unknown and once in UNKNOWN:unknown, Keeping one from UNKNOWN:unknown 
355260     INFO  Test worker     d.u.i.k.n.KeyIO           Parsing took 0 ms 
355260     INFO  Test worker     d.u.i.k.n.KeyIO           MODE: declarations took 0 ms 
355260     WARN  Test worker     d.u.i.k.j.r.KeYCrossReferenceNameInfo Datatype T declared twice: Once in UNKNOWN:unknown and once in UNKNOWN:unknown, Keeping one from UNKNOWN:unknown 
355370     INFO  Test worker     d.u.i.k.n.KeyIO           Parsing took 0 ms 
355370     INFO  Test worker     d.u.i.k.n.KeyIO           MODE: declarations took 0 ms 
355370     WARN  Test worker     d.u.i.k.j.r.KeYCrossReferenceNameInfo Datatype T declared twice: Once in UNKNOWN:unknown and once in UNKNOWN:unknown, Keeping one from UNKNOWN:unknown 
355479     INFO  Test worker     d.u.i.k.n.KeyIO           Parsing took 0 ms 
355479     INFO  Test worker     d.u.i.k.n.KeyIO           MODE: declarations took 0 ms 
355479     WARN  Test worker     d.u.i.k.j.r.KeYCrossReferenceNameInfo Datatype T declared twice: Once in UNKNOWN:unknown and once in UNKNOWN:unknown, Keeping one from UNKNOWN:unknown 
355573     INFO  Test worker     d.u.i.k.n.KeyIO           Parsing took 0 ms 
355573     INFO  Test worker     d.u.i.k.n.KeyIO           MODE: declarations took 0 ms 
355573     WARN  Test worker     d.u.i.k.j.r.KeYCrossReferenceNameInfo Datatype T declared twice: Once in UNKNOWN:unknown and once in UNKNOWN:unknown, Keeping one from UNKNOWN:unknown 
355682     INFO  Test worker     d.u.i.k.n.KeyIO           Parsing took 0 ms 
355682     INFO  Test worker     d.u.i.k.n.KeyIO           MODE: declarations took 0 ms 
355682     WARN  Test worker     d.u.i.k.j.r.KeYCrossReferenceNameInfo Datatype T declared twice: Once in UNKNOWN:unknown and once in UNKNOWN:unknown, Keeping one from UNKNOWN:unknown 
355776     INFO  Test worker     d.u.i.k.n.KeyIO           Parsing took 0 ms 
355776     INFO  Test worker     d.u.i.k.n.KeyIO           MODE: declarations took 0 ms 
355776     WARN  Test worker     d.u.i.k.j.r.KeYCrossReferenceNameInfo Datatype T declared twice: Once in UNKNOWN:unknown and once in UNKNOWN:unknown, Keeping one from UNKNOWN:unknown 
355886     WARN  Test worker     d.u.i.k.j.r.KeYCrossReferenceNameInfo Datatype T declared twice: Once in UNKNOWN:unknown and once in UNKNOWN:unknown, Keeping one from UNKNOWN:unknown 
355995     INFO  Test worker     d.u.i.k.n.KeyIO           Parsing took 0 ms 
355995     INFO  Test worker     d.u.i.k.n.KeyIO           MODE: declarations took 0 ms 
356042     WARN  Test worker     d.u.i.k.j.r.KeYCrossReferenceNameInfo Datatype T declared twice: Once in UNKNOWN:unknown and once in UNKNOWN:unknown, Keeping one from UNKNOWN:unknown 
356136     INFO  Test worker     d.u.i.k.n.KeyIO           Parsing took 0 ms 
356136     INFO  Test worker     d.u.i.k.n.KeyIO           MODE: declarations took 0 ms 
]]></system-out>
  <system-err><![CDATA[]]></system-err>
</testsuite>
