<?xml version="1.0" encoding="UTF-8"?>
<testsuite name="de.uka.ilkd.key.nparser.ParseLDTsTests" tests="2" skipped="0" failures="0" errors="0" timestamp="2023-04-18T13:43:36" hostname="fv-az252-497" time="0.986">
  <properties/>
  <testcase name="testLDT()" classname="de.uka.ilkd.key.nparser.ParseLDTsTests" time="0.054"/>
  <testcase name="testSR()" classname="de.uka.ilkd.key.nparser.ParseLDTsTests" time="0.931"/>
  <system-out><![CDATA[233690     INFO  Test worker     d.u.i.k.n.KeyIO           Parsing took 16 ms 
233690     INFO  Test worker     d.u.i.k.n.KeyIO           MODE: declarations took 0 ms 
234066     INFO  Test worker     d.u.i.k.n.KeyIO           Parsing took 329 ms 
234081     INFO  Test worker     d.u.i.k.n.KeyIO           MODE: declarations took 15 ms 
]]></system-out>
  <system-err><![CDATA[]]></system-err>
</testsuite>
