<?xml version="1.0" encoding="UTF-8"?>
<testsuite name="de.uka.ilkd.key.nparser.ExprTest" tests="23" skipped="0" failures="0" errors="0" timestamp="2023-04-18T13:43:33" hostname="fv-az252-497" time="3.111">
  <properties/>
  <testcase name="[1] (bprod{int y;}(1, 2, y) = 0)" classname="de.uka.ilkd.key.nparser.ExprTest" time="0.037"/>
  <testcase name="[2] 1 = 1 -&gt; 2 = 2" classname="de.uka.ilkd.key.nparser.ExprTest" time="0.041"/>
  <testcase name="[3] \&lt; { int x = 1; } \&gt; x=1" classname="de.uka.ilkd.key.nparser.ExprTest" time="1.19"/>
  <testcase name="[4] \&lt;{ int x = 1; {int s = 2;} }\&gt; x=x" classname="de.uka.ilkd.key.nparser.ExprTest" time="1.283"/>
  <testcase name="[5] true" classname="de.uka.ilkd.key.nparser.ExprTest" time="0.021"/>
  <testcase name="[6] true &amp; false" classname="de.uka.ilkd.key.nparser.ExprTest" time="0.055"/>
  <testcase name="[7] 0" classname="de.uka.ilkd.key.nparser.ExprTest" time="0.029"/>
  <testcase name="[8] 1" classname="de.uka.ilkd.key.nparser.ExprTest" time="0.029"/>
  <testcase name="[9] 42" classname="de.uka.ilkd.key.nparser.ExprTest" time="0.038"/>
  <testcase name="[10] -5" classname="de.uka.ilkd.key.nparser.ExprTest" time="0.018"/>
  <testcase name="[11] 1 + 1 = 2" classname="de.uka.ilkd.key.nparser.ExprTest" time="0.017"/>
  <testcase name="[12] \if (3=4) \then (1) \else (2)" classname="de.uka.ilkd.key.nparser.ExprTest" time="0.017"/>
  <testcase name="[13] \if (3=4 &amp; 1=1) \then (\if (3=4) \then (1) \else (2)) \else (2)" classname="de.uka.ilkd.key.nparser.ExprTest" time="0.019"/>
  <testcase name="[14] aa + bb*cc" classname="de.uka.ilkd.key.nparser.ExprTest" time="0.017"/>
  <testcase name="[15] aa%bb*cc &lt; -123" classname="de.uka.ilkd.key.nparser.ExprTest" time="0.018"/>
  <testcase name="[16] \forall int x; true" classname="de.uka.ilkd.key.nparser.ExprTest" time="0.017"/>
  <testcase name="[17] \forall numbers x; x = x" classname="de.uka.ilkd.key.nparser.ExprTest" time="0.021"/>
  <testcase name="[18] (int)3+2" classname="de.uka.ilkd.key.nparser.ExprTest" time="0.02"/>
  <testcase name="[19] 1.f + 1f = 20e-1f * (2f-1f)" classname="de.uka.ilkd.key.nparser.ExprTest" time="0.022"/>
  <testcase name="[20] 1.d + 1d &lt;= 20e+1d * .01d" classname="de.uka.ilkd.key.nparser.ExprTest" time="0.016"/>
  <testcase name="[21] 1f &lt;= 2f" classname="de.uka.ilkd.key.nparser.ExprTest" time="0.015"/>
  <testcase name="[22] 2d &gt; 1d" classname="de.uka.ilkd.key.nparser.ExprTest" time="0.016"/>
  <testcase name="[23] seqEmpty + seqEmpty" classname="de.uka.ilkd.key.nparser.ExprTest" time="0.016"/>
  <system-out><![CDATA[230595     INFO  Test worker     d.u.i.k.n.KeyIO           Parsing took 31 ms 
230595     INFO  Test worker     d.u.i.k.n.KeyIO           MODE: declarations took 0 ms 
230595     INFO  Test worker     d.u.i.k.n.ExprTest        Term: equals(bprod{y:int}(Z(1(#)),Z(2(#)),y),Z(0(#))) 
230626     INFO  Test worker     d.u.i.k.n.KeyIO           Parsing took 31 ms 
230626     INFO  Test worker     d.u.i.k.n.KeyIO           MODE: declarations took 0 ms 
230642     INFO  Test worker     d.u.i.k.n.ExprTest        Term: imp(equals(Z(1(#)),Z(1(#))),equals(Z(2(#)),Z(2(#)))) 
230657     INFO  Test worker     d.u.i.k.n.KeyIO           Parsing took 15 ms 
230657     INFO  Test worker     d.u.i.k.n.KeyIO           MODE: declarations took 0 ms 
231830     INFO  Test worker     d.u.i.k.n.ExprTest        Term: \<{
  int x = 1;
}\> (equals(x,Z(1(#)))) 
232080     INFO  Test worker     d.u.i.k.n.KeyIO           Parsing took 250 ms 
232080     INFO  Test worker     d.u.i.k.n.KeyIO           MODE: declarations took 0 ms 
233112     INFO  Test worker     d.u.i.k.n.ExprTest        Term: \<{
  int x = 1;
  {
    int s = 2;
  }
}\> (equals(x,x)) 
233127     INFO  Test worker     d.u.i.k.n.KeyIO           Parsing took 15 ms 
233127     INFO  Test worker     d.u.i.k.n.KeyIO           MODE: declarations took 0 ms 
233127     INFO  Test worker     d.u.i.k.n.ExprTest        Term: true 
233174     INFO  Test worker     d.u.i.k.n.KeyIO           Parsing took 31 ms 
233190     INFO  Test worker     d.u.i.k.n.KeyIO           MODE: declarations took 0 ms 
233190     INFO  Test worker     d.u.i.k.n.ExprTest        Term: and(true,false) 
233205     INFO  Test worker     d.u.i.k.n.KeyIO           Parsing took 15 ms 
233221     INFO  Test worker     d.u.i.k.n.KeyIO           MODE: declarations took 16 ms 
233221     INFO  Test worker     d.u.i.k.n.ExprTest        Term: Z(0(#)) 
233237     INFO  Test worker     d.u.i.k.n.KeyIO           Parsing took 16 ms 
233237     INFO  Test worker     d.u.i.k.n.KeyIO           MODE: declarations took 0 ms 
233253     INFO  Test worker     d.u.i.k.n.ExprTest        Term: Z(1(#)) 
233253     INFO  Test worker     d.u.i.k.n.KeyIO           Parsing took 0 ms 
233268     INFO  Test worker     d.u.i.k.n.KeyIO           MODE: declarations took 0 ms 
233284     INFO  Test worker     d.u.i.k.n.ExprTest        Term: Z(2(4(#))) 
233299     INFO  Test worker     d.u.i.k.n.KeyIO           Parsing took 15 ms 
233299     INFO  Test worker     d.u.i.k.n.KeyIO           MODE: declarations took 0 ms 
233299     INFO  Test worker     d.u.i.k.n.ExprTest        Term: Z(neglit(5(#))) 
233315     INFO  Test worker     d.u.i.k.n.KeyIO           Parsing took 16 ms 
233315     INFO  Test worker     d.u.i.k.n.KeyIO           MODE: declarations took 0 ms 
233315     INFO  Test worker     d.u.i.k.n.ExprTest        Term: equals(add(Z(1(#)),Z(1(#))),Z(2(#))) 
233330     INFO  Test worker     d.u.i.k.n.KeyIO           Parsing took 0 ms 
233330     INFO  Test worker     d.u.i.k.n.KeyIO           MODE: declarations took 0 ms 
233346     INFO  Test worker     d.u.i.k.n.ExprTest        Term: if-then-else(equals(Z(3(#)),Z(4(#))),Z(1(#)),Z(2(#))) 
233471     INFO  Test worker     d.u.i.k.n.KeyIO           Parsing took 0 ms 
233471     INFO  Test worker     d.u.i.k.n.KeyIO           MODE: declarations took 0 ms 
233487     INFO  Test worker     d.u.i.k.n.ExprTest        Term: if-then-else(and(equals(Z(3(#)),Z(4(#))),equals(Z(1(#)),Z(1(#)))),if-then-else(equals(Z(3(#)),Z(4(#))),Z(1(#)),Z(2(#))),Z(2(#))) 
233502     INFO  Test worker     d.u.i.k.n.KeyIO           Parsing took 15 ms 
233502     INFO  Test worker     d.u.i.k.n.KeyIO           MODE: declarations took 0 ms 
233502     INFO  Test worker     d.u.i.k.n.ExprTest        Term: add(aa,mul(bb,cc)) 
233518     INFO  Test worker     d.u.i.k.n.KeyIO           Parsing took 16 ms 
233518     INFO  Test worker     d.u.i.k.n.KeyIO           MODE: declarations took 0 ms 
233518     INFO  Test worker     d.u.i.k.n.ExprTest        Term: lt(mul(mod(aa,bb),cc),Z(neglit(3(2(1(#)))))) 
233534     INFO  Test worker     d.u.i.k.n.KeyIO           Parsing took 16 ms 
233534     INFO  Test worker     d.u.i.k.n.KeyIO           MODE: declarations took 0 ms 
233534     INFO  Test worker     d.u.i.k.n.ExprTest        Term: all{x:int}(true) 
233549     INFO  Test worker     d.u.i.k.n.KeyIO           Parsing took 15 ms 
233549     INFO  Test worker     d.u.i.k.n.KeyIO           MODE: declarations took 0 ms 
233565     INFO  Test worker     d.u.i.k.n.ExprTest        Term: all{x:numbers}(equals(x,x)) 
233580     INFO  Test worker     d.u.i.k.n.KeyIO           Parsing took 15 ms 
233580     INFO  Test worker     d.u.i.k.n.KeyIO           MODE: declarations took 0 ms 
233580     INFO  Test worker     d.u.i.k.n.ExprTest        Term: add(int::cast(Z(3(#))),Z(2(#))) 
233596     INFO  Test worker     d.u.i.k.n.KeyIO           Parsing took 16 ms 
233596     INFO  Test worker     d.u.i.k.n.KeyIO           MODE: declarations took 0 ms 
233596     INFO  Test worker     d.u.i.k.n.ExprTest        Term: equals(addFloat(FP(6(1(2(3(5(3(5(6(0(1(#))))))))))),FP(6(1(2(3(5(3(5(6(0(1(#)))))))))))),mulFloat(FP(4(2(8(1(4(7(3(7(0(1(#))))))))))),subFloat(FP(4(2(8(1(4(7(3(7(0(1(#))))))))))),FP(6(1(2(3(5(3(5(6(0(1(#)))))))))))))) 
233612     INFO  Test worker     d.u.i.k.n.KeyIO           Parsing took 0 ms 
233612     INFO  Test worker     d.u.i.k.n.KeyIO           MODE: declarations took 0 ms 
233612     INFO  Test worker     d.u.i.k.n.ExprTest        Term: leqDouble(addDouble(DFP(8(0(4(7(1(0(0(0(8(8(1(4(2(8(1(7(0(6(4(#)))))))))))))))))))),DFP(8(0(4(7(1(0(0(0(8(8(1(4(2(8(1(7(0(6(4(#))))))))))))))))))))),mulDouble(DFP(4(8(7(6(0(0(2(8(9(0(9(8(0(4(2(1(4(6(4(#)))))))))))))))))))),DFP(5(7(6(7(8(0(4(0(3(9(2(2(8(1(9(6(7(5(4(#)))))))))))))))))))))) 
233627     INFO  Test worker     d.u.i.k.n.KeyIO           Parsing took 0 ms 
233627     INFO  Test worker     d.u.i.k.n.KeyIO           MODE: declarations took 0 ms 
233643     INFO  Test worker     d.u.i.k.n.ExprTest        Term: leqFloat(FP(6(1(2(3(5(3(5(6(0(1(#))))))))))),FP(4(2(8(1(4(7(3(7(0(1(#)))))))))))) 
233643     INFO  Test worker     d.u.i.k.n.KeyIO           Parsing took 0 ms 
233643     INFO  Test worker     d.u.i.k.n.KeyIO           MODE: declarations took 0 ms 
233659     INFO  Test worker     d.u.i.k.n.ExprTest        Term: gtDouble(DFP(4(0(9(7(8(3(7(2(4(8(1(0(6(8(6(1(1(6(4(#)))))))))))))))))))),DFP(8(0(4(7(1(0(0(0(8(8(1(4(2(8(1(7(0(6(4(#))))))))))))))))))))) 
233659     INFO  Test worker     d.u.i.k.n.KeyIO           Parsing took 0 ms 
233659     INFO  Test worker     d.u.i.k.n.KeyIO           MODE: declarations took 0 ms 
233674     INFO  Test worker     d.u.i.k.n.ExprTest        Term: seqConcat(seqEmpty,seqEmpty) 
]]></system-out>
  <system-err><![CDATA[]]></system-err>
</testsuite>
