<?xml version="1.0" encoding="UTF-8"?>
<testsuite name="de.uka.ilkd.key.proof.runallproofs.RunAllProofsFunctional" tests="34" skipped="0" failures="0" errors="0" timestamp="2023-06-15T13:03:11" hostname="fv-az629-462" time="5199.916">
  <properties/>
  <testcase name="newBook" classname="de.uka.ilkd.key.proof.runallproofs.RunAllProofsFunctional" time="61.295"/>
  <testcase name="oldBook" classname="de.uka.ilkd.key.proof.runallproofs.RunAllProofsFunctional" time="17.499"/>
  <testcase name="comprehensions" classname="de.uka.ilkd.key.proof.runallproofs.RunAllProofsFunctional" time="65.32"/>
  <testcase name="performance" classname="de.uka.ilkd.key.proof.runallproofs.RunAllProofsFunctional" time="220.824"/>
  <testcase name="performancePOConstruction" classname="de.uka.ilkd.key.proof.runallproofs.RunAllProofsFunctional" time="75.707"/>
  <testcase name="applicationRestrictions" classname="de.uka.ilkd.key.proof.runallproofs.RunAllProofsFunctional" time="50.414"/>
  <testcase name="blockContracts" classname="de.uka.ilkd.key.proof.runallproofs.RunAllProofsFunctional" time="130.657"/>
  <testcase name="jmlAsserts" classname="de.uka.ilkd.key.proof.runallproofs.RunAllProofsFunctional" time="88.723"/>
  <testcase name="javaCard" classname="de.uka.ilkd.key.proof.runallproofs.RunAllProofsFunctional" time="131.257"/>
  <testcase name="list" classname="de.uka.ilkd.key.proof.runallproofs.RunAllProofsFunctional" time="259.928"/>
  <testcase name="list_ghost" classname="de.uka.ilkd.key.proof.runallproofs.RunAllProofsFunctional" time="65.842"/>
  <testcase name="list_recursive" classname="de.uka.ilkd.key.proof.runallproofs.RunAllProofsFunctional" time="22.504"/>
  <testcase name="list_seq" classname="de.uka.ilkd.key.proof.runallproofs.RunAllProofsFunctional" time="159.902"/>
  <testcase name="observer" classname="de.uka.ilkd.key.proof.runallproofs.RunAllProofsFunctional" time="96.168"/>
  <testcase name="removeDups" classname="de.uka.ilkd.key.proof.runallproofs.RunAllProofsFunctional" time="130.236"/>
  <testcase name="quicksort" classname="de.uka.ilkd.key.proof.runallproofs.RunAllProofsFunctional" time="105.53"/>
  <testcase name="simpleTests" classname="de.uka.ilkd.key.proof.runallproofs.RunAllProofsFunctional" time="156.434"/>
  <testcase name="SmansEtAl" classname="de.uka.ilkd.key.proof.runallproofs.RunAllProofsFunctional" time="192.204"/>
  <testcase name="VACID0" classname="de.uka.ilkd.key.proof.runallproofs.RunAllProofsFunctional" time="77.135"/>
  <testcase name="VSTTE10" classname="de.uka.ilkd.key.proof.runallproofs.RunAllProofsFunctional" time="175.7"/>
  <testcase name="WeideEtAl" classname="de.uka.ilkd.key.proof.runallproofs.RunAllProofsFunctional" time="27.584"/>
  <testcase name="arithmetic" classname="de.uka.ilkd.key.proof.runallproofs.RunAllProofsFunctional" time="486.618"/>
  <testcase name="arrays" classname="de.uka.ilkd.key.proof.runallproofs.RunAllProofsFunctional" time="59.274"/>
  <testcase name="javadl" classname="de.uka.ilkd.key.proof.runallproofs.RunAllProofsFunctional" time="591.059"/>
  <testcase name="FOL" classname="de.uka.ilkd.key.proof.runallproofs.RunAllProofsFunctional" time="296.291"/>
  <testcase name="strings" classname="de.uka.ilkd.key.proof.runallproofs.RunAllProofsFunctional" time="150.483"/>
  <testcase name="simple_info_flow" classname="de.uka.ilkd.key.proof.runallproofs.RunAllProofsFunctional" time="13.438"/>
  <testcase name="modelMethods" classname="de.uka.ilkd.key.proof.runallproofs.RunAllProofsFunctional" time="182.734"/>
  <testcase name="permissionHeap" classname="de.uka.ilkd.key.proof.runallproofs.RunAllProofsFunctional" time="806.639"/>
  <testcase name="completionScopes" classname="de.uka.ilkd.key.proof.runallproofs.RunAllProofsFunctional" time="49.891"/>
  <testcase name="reload_examples" classname="de.uka.ilkd.key.proof.runallproofs.RunAllProofsFunctional" time="41.055"/>
  <testcase name="proofLoadRepair" classname="de.uka.ilkd.key.proof.runallproofs.RunAllProofsFunctional" time="18.869"/>
  <testcase name="switch" classname="de.uka.ilkd.key.proof.runallproofs.RunAllProofsFunctional" time="63.989"/>
  <testcase name="redux" classname="de.uka.ilkd.key.proof.runallproofs.RunAllProofsFunctional" time="128.686"/>
  <system-out><![CDATA[1055       INFO  Test worker     d.u.i.k.p.r.p.StatisticsFile Running test newBook 
354        INFO  Timeout watchdog d.u.i.k.p.r.p.ForkedTestFileRunner Timeout watcher launched (2000 secs.) 
378        WARN  main            d.u.i.k.s.ProofSettings   No proof-settings could be loaded, using defaults java.io.FileNotFoundException: /home/runner/.key/proof-settings.props (No such file or directory)
	at java.base/java.io.FileInputStream.open0(Native Method)

433        INFO  main            d.u.i.k.p.r.p.TestFile    Now processing file /home/runner/work/key/key/key.core/../key.ui/examples/newBook/09.list_modelfield/ArrayList.add.key 
579        INFO  main            d.u.i.k.p.i.AbstractProblemLoader Loading environment from /home/runner/work/key/key/key.core/../key.ui/examples/newBook/09.list_modelfield/ArrayList.add.key 
602        DEBUG main            d.u.i.k.p.i.AbstractProblemLoader Environment load took 2.63ms 
831        INFO  main            d.u.i.k.p.i.AbstractProblemLoader Creating init config 
1735       DEBUG main            d.u.i.k.j.TypeConverter   No LDT found for Meta 
1735       DEBUG main            d.u.i.k.j.TypeConverter   No LDT found for Meta 
1739       DEBUG main            d.u.i.k.j.TypeConverter   No LDT found for Meta 
1741       DEBUG main            d.u.i.k.j.TypeConverter   No LDT found for Meta 
2968       DEBUG main            d.u.i.k.j.TypeConverter   No LDT found for JavaBigintExpression 
8327       DEBUG main            d.u.i.k.p.i.AbstractProblemLoader Init config took 7.5s 
8524       INFO  main            d.u.i.k.p.i.AbstractProblemLoader Replaying proof ArrayList[List::add(int)].JML normal_behavior operation contract.0 
8562       DEBUG main            d.u.i.k.p.i.IntermediateProofReplayer Proof replay took 33.3ns 
26124      INFO  main            d.u.i.k.p.r.p.TestFile    ... finished proof: closed. 
26369      INFO  main            d.u.i.k.p.i.AbstractProblemLoader Loading environment from /home/runner/work/key/key/key.core/../key.ui/examples/newBook/09.list_modelfield/ArrayList.add.key.proof 
26369      DEBUG main            d.u.i.k.p.i.AbstractProblemLoader Environment load took 519.71ns 
26380      INFO  main            d.u.i.k.p.i.AbstractProblemLoader Creating init config 
29426      DEBUG main            d.u.i.k.p.i.AbstractProblemLoader Init config took 3.05s 
29502      INFO  main            d.u.i.k.p.i.AbstractProblemLoader Replaying proof ArrayList[List::add(int)].JML normal_behavior operation contract.0 
30427      DEBUG main            d.u.i.k.p.i.IntermediateProofReplayer Proof replay took 846.3ms 
30439      DEBUG main            d.u.i.k.p.r.p.TestFile    ... success: reloaded. 
30442      INFO  main            d.u.i.k.p.r.p.TestFile    Now processing file /home/runner/work/key/key/key.core/../key.ui/examples/newBook/09.list_modelfield/ArrayList.remFirst.key 
30443      INFO  main            d.u.i.k.p.i.AbstractProblemLoader Loading environment from /home/runner/work/key/key/key.core/../key.ui/examples/newBook/09.list_modelfield/ArrayList.remFirst.key 
30443      DEBUG main            d.u.i.k.p.i.AbstractProblemLoader Environment load took 437.71ns 
30447      INFO  main            d.u.i.k.p.i.AbstractProblemLoader Creating init config 
33372      DEBUG main            d.u.i.k.p.i.AbstractProblemLoader Init config took 2.93s 
33431      INFO  main            d.u.i.k.p.i.AbstractProblemLoader Replaying proof ArrayList[List::remFirst()].JML normal_behavior operation contract.0 
33434      DEBUG main            d.u.i.k.p.i.IntermediateProofReplayer Proof replay took 15.6ns 
37360      INFO  main            d.u.i.k.p.r.p.TestFile    ... finished proof: closed. 
37631      INFO  main            d.u.i.k.p.i.AbstractProblemLoader Loading environment from /home/runner/work/key/key/key.core/../key.ui/examples/newBook/09.list_modelfield/ArrayList.remFirst.key.proof 
37632      DEBUG main            d.u.i.k.p.i.AbstractProblemLoader Environment load took 783.11ns 
37634      INFO  main            d.u.i.k.p.i.AbstractProblemLoader Creating init config 
40506      DEBUG main            d.u.i.k.p.i.AbstractProblemLoader Init config took 2.87s 
40557      INFO  main            d.u.i.k.p.i.AbstractProblemLoader Replaying proof ArrayList[List::remFirst()].JML normal_behavior operation contract.0 
40906      DEBUG main            d.u.i.k.p.i.IntermediateProofReplayer Proof replay took 332.72ms 
40912      DEBUG main            d.u.i.k.p.r.p.TestFile    ... success: reloaded. 
40913      INFO  main            d.u.i.k.p.r.p.TestFile    Now processing file /home/runner/work/key/key/key.core/../key.ui/examples/newBook/09.list_modelfield/ArrayList.empty.key 
40913      INFO  main            d.u.i.k.p.i.AbstractProblemLoader Loading environment from /home/runner/work/key/key/key.core/../key.ui/examples/newBook/09.list_modelfield/ArrayList.empty.key 
40913      DEBUG main            d.u.i.k.p.i.AbstractProblemLoader Environment load took 105ns 
40914      INFO  main            d.u.i.k.p.i.AbstractProblemLoader Creating init config 
43724      DEBUG main            d.u.i.k.p.i.AbstractProblemLoader Init config took 2.81s 
43773      INFO  main            d.u.i.k.p.i.AbstractProblemLoader Replaying proof ArrayList[List::empty()].JML normal_behavior operation contract.0 
43775      DEBUG main            d.u.i.k.p.i.IntermediateProofReplayer Proof replay took 5.3ns 
44784      INFO  main            d.u.i.k.p.r.p.TestFile    ... finished proof: closed. 
44979      INFO  main            d.u.i.k.p.i.AbstractProblemLoader Loading environment from /home/runner/work/key/key/key.core/../key.ui/examples/newBook/09.list_modelfield/ArrayList.empty.key.proof 
44983      DEBUG main            d.u.i.k.p.i.AbstractProblemLoader Environment load took 3.81ms 
44985      INFO  main            d.u.i.k.p.i.AbstractProblemLoader Creating init config 
47754      DEBUG main            d.u.i.k.p.i.AbstractProblemLoader Init config took 2.77s 
47802      INFO  main            d.u.i.k.p.i.AbstractProblemLoader Replaying proof ArrayList[List::empty()].JML normal_behavior operation contract.0 
47885      DEBUG main            d.u.i.k.p.i.IntermediateProofReplayer Proof replay took 77.4ms 
47887      DEBUG main            d.u.i.k.p.r.p.TestFile    ... success: reloaded. 
47888      INFO  main            d.u.i.k.p.r.p.TestFile    Now processing file /home/runner/work/key/key/key.core/../key.ui/examples/newBook/09.list_modelfield/ArrayList.size.key 
47888      INFO  main            d.u.i.k.p.i.AbstractProblemLoader Loading environment from /home/runner/work/key/key/key.core/../key.ui/examples/newBook/09.list_modelfield/ArrayList.size.key 
47888      DEBUG main            d.u.i.k.p.i.AbstractProblemLoader Environment load took 66.9ns 
47889      INFO  main            d.u.i.k.p.i.AbstractProblemLoader Creating init config 
50635      DEBUG main            d.u.i.k.p.i.AbstractProblemLoader Init config took 2.75s 
50681      INFO  main            d.u.i.k.p.i.AbstractProblemLoader Replaying proof ArrayList[List::size()].JML normal_behavior operation contract.0 
50682      DEBUG main            d.u.i.k.p.i.IntermediateProofReplayer Proof replay took 5.8ns 
51090      INFO  main            d.u.i.k.p.r.p.TestFile    ... finished proof: closed. 
51258      INFO  main            d.u.i.k.p.i.AbstractProblemLoader Loading environment from /home/runner/work/key/key/key.core/../key.ui/examples/newBook/09.list_modelfield/ArrayList.size.key.proof 
51258      DEBUG main            d.u.i.k.p.i.AbstractProblemLoader Environment load took 135.2ns 
51259      INFO  main            d.u.i.k.p.i.AbstractProblemLoader Creating init config 
53956      DEBUG main            d.u.i.k.p.i.AbstractProblemLoader Init config took 2.7s 
54001      INFO  main            d.u.i.k.p.i.AbstractProblemLoader Replaying proof ArrayList[List::size()].JML normal_behavior operation contract.0 
54057      DEBUG main            d.u.i.k.p.i.IntermediateProofReplayer Proof replay took 52.5ms 
54058      DEBUG main            d.u.i.k.p.r.p.TestFile    ... success: reloaded. 
54059      INFO  main            d.u.i.k.p.r.p.TestFile    Now processing file /home/runner/work/key/key/key.core/../key.ui/examples/newBook/09.list_modelfield/ArrayList.get.key 
54059      INFO  main            d.u.i.k.p.i.AbstractProblemLoader Loading environment from /home/runner/work/key/key/key.core/../key.ui/examples/newBook/09.list_modelfield/ArrayList.get.key 
54059      DEBUG main            d.u.i.k.p.i.AbstractProblemLoader Environment load took 63.4ns 
54060      INFO  main            d.u.i.k.p.i.AbstractProblemLoader Creating init config 
56881      DEBUG main            d.u.i.k.p.i.AbstractProblemLoader Init config took 2.82s 
56926      INFO  main            d.u.i.k.p.i.AbstractProblemLoader Replaying proof ArrayList[List::get(int)].JML normal_behavior operation contract.0 
56927      DEBUG main            d.u.i.k.p.i.IntermediateProofReplayer Proof replay took 6.2ns 
57934      INFO  main            d.u.i.k.p.r.p.TestFile    ... finished proof: closed. 
58113      INFO  main            d.u.i.k.p.i.AbstractProblemLoader Loading environment from /home/runner/work/key/key/key.core/../key.ui/examples/newBook/09.list_modelfield/ArrayList.get.key.proof 
58115      DEBUG main            d.u.i.k.p.i.AbstractProblemLoader Environment load took 1.84ms 
58116      INFO  main            d.u.i.k.p.i.AbstractProblemLoader Creating init config 
60836      DEBUG main            d.u.i.k.p.i.AbstractProblemLoader Init config took 2.72s 
60880      INFO  main            d.u.i.k.p.i.AbstractProblemLoader Replaying proof ArrayList[List::get(int)].JML normal_behavior operation contract.0 
60939      DEBUG main            d.u.i.k.p.i.IntermediateProofReplayer Proof replay took 54.21ms 
60940      DEBUG main            d.u.i.k.p.r.p.TestFile    ... success: reloaded. 
62311      INFO  Test worker     d.u.i.k.p.r.p.StatisticsFile Returning from test newBook 
62352      INFO  Test worker     d.u.i.k.p.r.p.StatisticsFile Running test oldBook 
346        INFO  Timeout watchdog d.u.i.k.p.r.p.ForkedTestFileRunner Timeout watcher launched (2000 secs.) 
359        WARN  main            d.u.i.k.s.ProofSettings   The settings in /home/runner/.key/proof-settings.props are *not* read. 
393        INFO  main            d.u.i.k.p.r.p.TestFile    Now processing file /home/runner/work/key/key/key.core/../key.ui/examples/standard_key/BookExamples/02FirstOrderLogic/Ex2.58.key 
490        INFO  main            d.u.i.k.p.i.AbstractProblemLoader Loading environment from /home/runner/work/key/key/key.core/../key.ui/examples/standard_key/BookExamples/02FirstOrderLogic/Ex2.58.key 
514        DEBUG main            d.u.i.k.p.i.AbstractProblemLoader Environment load took 2.14ms 
749        INFO  main            d.u.i.k.p.i.AbstractProblemLoader Creating init config 
1565       DEBUG main            d.u.i.k.j.TypeConverter   No LDT found for Meta 
1566       DEBUG main            d.u.i.k.j.TypeConverter   No LDT found for Meta 
1570       DEBUG main            d.u.i.k.j.TypeConverter   No LDT found for Meta 
1570       DEBUG main            d.u.i.k.j.TypeConverter   No LDT found for Meta 
2994       DEBUG main            d.u.i.k.j.TypeConverter   No LDT found for JavaBigintExpression 
7912       DEBUG main            d.u.i.k.p.i.AbstractProblemLoader Init config took 7.16s 
8004       INFO  main            d.u.i.k.p.i.AbstractProblemLoader Replaying proof Ex2.58.key 
8041       DEBUG main            d.u.i.k.p.i.IntermediateProofReplayer Proof replay took 32.8ns 
8232       INFO  main            d.u.i.k.p.r.p.TestFile    ... finished proof: closed. 
8324       INFO  main            d.u.i.k.p.i.AbstractProblemLoader Loading environment from /home/runner/work/key/key/key.core/../key.ui/examples/standard_key/BookExamples/02FirstOrderLogic/Ex2.58.key.proof 
8325       DEBUG main            d.u.i.k.p.i.AbstractProblemLoader Environment load took 152.9ns 
8329       INFO  main            d.u.i.k.p.i.AbstractProblemLoader Creating init config 
11113      DEBUG main            d.u.i.k.p.i.AbstractProblemLoader Init config took 2.78s 
11157      INFO  main            d.u.i.k.p.i.AbstractProblemLoader Replaying proof Ex2.58.key.proof 
11164      DEBUG main            d.u.i.k.p.i.IntermediateProofReplayer Proof replay took 2.6ms 
11177      DEBUG main            d.u.i.k.p.r.p.TestFile    ... success: reloaded. 
11179      INFO  main            d.u.i.k.p.r.p.TestFile    Now processing file /home/runner/work/key/key/key.core/../key.ui/examples/standard_key/BookExamples/03DynamicLogic/Sect3.3.1.key 
11180      INFO  main            d.u.i.k.p.i.AbstractProblemLoader Loading environment from /home/runner/work/key/key/key.core/../key.ui/examples/standard_key/BookExamples/03DynamicLogic/Sect3.3.1.key 
11181      DEBUG main            d.u.i.k.p.i.AbstractProblemLoader Environment load took 518.71ns 
11183      INFO  main            d.u.i.k.p.i.AbstractProblemLoader Creating init config 
13774      DEBUG main            d.u.i.k.p.i.AbstractProblemLoader Init config took 2.59s 
13807      INFO  main            d.u.i.k.p.i.AbstractProblemLoader Replaying proof Sect3.3.1.key 
13810      DEBUG main            d.u.i.k.p.i.IntermediateProofReplayer Proof replay took 5.9ns 
14318      INFO  main            d.u.i.k.p.r.p.TestFile    ... finished proof: closed. 
14467      INFO  main            d.u.i.k.p.i.AbstractProblemLoader Loading environment from /home/runner/work/key/key/key.core/../key.ui/examples/standard_key/BookExamples/03DynamicLogic/Sect3.3.1.key.proof 
14469      DEBUG main            d.u.i.k.p.i.AbstractProblemLoader Environment load took 2.04ms 
14472      INFO  main            d.u.i.k.p.i.AbstractProblemLoader Creating init config 
17131      DEBUG main            d.u.i.k.p.i.AbstractProblemLoader Init config took 2.66s 
17175      INFO  main            d.u.i.k.p.i.AbstractProblemLoader Replaying proof Sect3.3.1.key.proof 
17270      DEBUG main            d.u.i.k.p.i.IntermediateProofReplayer Proof replay took 84.24ms 
17275      DEBUG main            d.u.i.k.p.r.p.TestFile    ... success: reloaded. 
79849      INFO  Test worker     d.u.i.k.p.r.p.StatisticsFile Returning from test oldBook 
79852      INFO  Test worker     d.u.i.k.p.r.p.StatisticsFile Running test comprehensions 
333        INFO  Timeout watchdog d.u.i.k.p.r.p.ForkedTestFileRunner Timeout watcher launched (2000 secs.) 
340        WARN  main            d.u.i.k.s.ProofSettings   The settings in /home/runner/.key/proof-settings.props are *not* read. 
384        INFO  main            d.u.i.k.p.r.p.TestFile    Now processing file /home/runner/work/key/key/key.core/../key.ui/examples/heap/comprehensions/general_sum.key 
507        INFO  main            d.u.i.k.p.i.AbstractProblemLoader Loading environment from /home/runner/work/key/key/key.core/../key.ui/examples/heap/comprehensions/general_sum.key 
530        DEBUG main            d.u.i.k.p.i.AbstractProblemLoader Environment load took 1.83ms 
753        INFO  main            d.u.i.k.p.i.AbstractProblemLoader Creating init config 
1687       DEBUG main            d.u.i.k.j.TypeConverter   No LDT found for Meta 
1689       DEBUG main            d.u.i.k.j.TypeConverter   No LDT found for Meta 
1695       DEBUG main            d.u.i.k.j.TypeConverter   No LDT found for Meta 
1695       DEBUG main            d.u.i.k.j.TypeConverter   No LDT found for Meta 
3097       DEBUG main            d.u.i.k.j.TypeConverter   No LDT found for JavaBigintExpression 
7974       DEBUG main            d.u.i.k.p.i.AbstractProblemLoader Init config took 7.22s 
8129       INFO  main            d.u.i.k.p.i.AbstractProblemLoader Replaying proof GSum[GSum::doNothing()].JML operation contract.0 
8162       DEBUG main            d.u.i.k.p.i.IntermediateProofReplayer Proof replay took 32.7ns 
8615       INFO  main            d.u.i.k.p.r.p.TestFile    ... finished proof: closed. 
8741       INFO  main            d.u.i.k.p.i.AbstractProblemLoader Loading environment from /home/runner/work/key/key/key.core/../key.ui/examples/heap/comprehensions/general_sum.key.proof 
8742       DEBUG main            d.u.i.k.p.i.AbstractProblemLoader Environment load took 145.9ns 
8746       INFO  main            d.u.i.k.p.i.AbstractProblemLoader Creating init config 
11576      DEBUG main            d.u.i.k.p.i.AbstractProblemLoader Init config took 2.83s 
11692      INFO  main            d.u.i.k.p.i.AbstractProblemLoader Replaying proof GSum[GSum::doNothing()].JML operation contract.0 
11732      DEBUG main            d.u.i.k.p.i.IntermediateProofReplayer Proof replay took 30.59ms 
11740      DEBUG main            d.u.i.k.p.r.p.TestFile    ... success: reloaded. 
11743      INFO  main            d.u.i.k.p.r.p.TestFile    Now processing file /home/runner/work/key/key/key.core/../key.ui/examples/heap/comprehensions/sum0.key 
11744      INFO  main            d.u.i.k.p.i.AbstractProblemLoader Loading environment from /home/runner/work/key/key/key.core/../key.ui/examples/heap/comprehensions/sum0.key 
11744      DEBUG main            d.u.i.k.p.i.AbstractProblemLoader Environment load took 85.8ns 
11747      INFO  main            d.u.i.k.p.i.AbstractProblemLoader Creating init config 
14482      DEBUG main            d.u.i.k.p.i.AbstractProblemLoader Init config took 2.73s 
14539      INFO  main            d.u.i.k.p.i.AbstractProblemLoader Replaying proof Sum[Sum::sum0([I)].JML normal_behavior operation contract.0 
14541      DEBUG main            d.u.i.k.p.i.IntermediateProofReplayer Proof replay took 6.8ns 
14640      DEBUG Thread-4        d.u.i.k.l.l.OriginTermLabel commonFileName is null! 
14643      DEBUG Thread-4        d.u.i.k.l.l.OriginTermLabel commonFileName is null! 
14909      DEBUG Thread-4        d.u.i.k.l.l.OriginTermLabel commonFileName is null! 
14911      DEBUG Thread-4        d.u.i.k.l.l.OriginTermLabel commonFileName is null! 
15119      DEBUG Thread-4        d.u.i.k.l.l.OriginTermLabel commonFileName is null! 
15348      INFO  main            d.u.i.k.p.r.p.TestFile    ... finished proof: closed. 
15482      INFO  main            d.u.i.k.p.i.AbstractProblemLoader Loading environment from /home/runner/work/key/key/key.core/../key.ui/examples/heap/comprehensions/sum0.key.proof 
15483      DEBUG main            d.u.i.k.p.i.AbstractProblemLoader Environment load took 165.7ns 
15484      INFO  main            d.u.i.k.p.i.AbstractProblemLoader Creating init config 
18154      DEBUG main            d.u.i.k.p.i.AbstractProblemLoader Init config took 2.67s 
18215      INFO  main            d.u.i.k.p.i.AbstractProblemLoader Replaying proof Sum[Sum::sum0([I)].JML normal_behavior operation contract.0 
18244      DEBUG main            d.u.i.k.l.l.OriginTermLabel commonFileName is null! 
18245      DEBUG main            d.u.i.k.l.l.OriginTermLabel commonFileName is null! 
18290      DEBUG main            d.u.i.k.l.l.OriginTermLabel commonFileName is null! 
18317      DEBUG main            d.u.i.k.l.l.OriginTermLabel commonFileName is null! 
18318      DEBUG main            d.u.i.k.l.l.OriginTermLabel commonFileName is null! 
18321      DEBUG main            d.u.i.k.p.i.IntermediateProofReplayer Proof replay took 100.79ms 
18323      DEBUG main            d.u.i.k.p.r.p.TestFile    ... success: reloaded. 
18324      INFO  main            d.u.i.k.p.r.p.TestFile    Now processing file /home/runner/work/key/key/key.core/../key.ui/examples/heap/comprehensions/sum1.key 
18325      INFO  main            d.u.i.k.p.i.AbstractProblemLoader Loading environment from /home/runner/work/key/key/key.core/../key.ui/examples/heap/comprehensions/sum1.key 
18325      DEBUG main            d.u.i.k.p.i.AbstractProblemLoader Environment load took 356.11ns 
18328      INFO  main            d.u.i.k.p.i.AbstractProblemLoader Creating init config 
20967      DEBUG main            d.u.i.k.p.i.AbstractProblemLoader Init config took 2.64s 
21014      INFO  main            d.u.i.k.p.i.AbstractProblemLoader Replaying proof Sum[Sum::sum1([I)].JML normal_behavior operation contract.0 
21016      DEBUG main            d.u.i.k.p.i.IntermediateProofReplayer Proof replay took 6.5ns 
21073      DEBUG Thread-7        d.u.i.k.l.l.OriginTermLabel commonFileName is null! 
21075      DEBUG Thread-7        d.u.i.k.l.l.OriginTermLabel commonFileName is null! 
21216      DEBUG Thread-7        d.u.i.k.l.l.OriginTermLabel commonFileName is null! 
21217      DEBUG Thread-7        d.u.i.k.l.l.OriginTermLabel commonFileName is null! 
21350      DEBUG Thread-7        d.u.i.k.l.l.OriginTermLabel commonFileName is null! 
21522      INFO  main            d.u.i.k.p.r.p.TestFile    ... finished proof: closed. 
21684      INFO  main            d.u.i.k.p.i.AbstractProblemLoader Loading environment from /home/runner/work/key/key/key.core/../key.ui/examples/heap/comprehensions/sum1.key.proof 
21685      DEBUG main            d.u.i.k.p.i.AbstractProblemLoader Environment load took 751.01ns 
21686      INFO  main            d.u.i.k.p.i.AbstractProblemLoader Creating init config 
24259      DEBUG main            d.u.i.k.p.i.AbstractProblemLoader Init config took 2.57s 
24303      INFO  main            d.u.i.k.p.i.AbstractProblemLoader Replaying proof Sum[Sum::sum1([I)].JML normal_behavior operation contract.0 
24330      DEBUG main            d.u.i.k.l.l.OriginTermLabel commonFileName is null! 
24330      DEBUG main            d.u.i.k.l.l.OriginTermLabel commonFileName is null! 
24366      DEBUG main            d.u.i.k.l.l.OriginTermLabel commonFileName is null! 
24389      DEBUG main            d.u.i.k.l.l.OriginTermLabel commonFileName is null! 
24390      DEBUG main            d.u.i.k.l.l.OriginTermLabel commonFileName is null! 
24392      DEBUG main            d.u.i.k.p.i.IntermediateProofReplayer Proof replay took 84.9ms 
24393      DEBUG main            d.u.i.k.p.r.p.TestFile    ... success: reloaded. 
24394      INFO  main            d.u.i.k.p.r.p.TestFile    Now processing file /home/runner/work/key/key/key.core/../key.ui/examples/heap/comprehensions/sum2.key 
24394      INFO  main            d.u.i.k.p.i.AbstractProblemLoader Loading environment from /home/runner/work/key/key/key.core/../key.ui/examples/heap/comprehensions/sum2.key 
24394      DEBUG main            d.u.i.k.p.i.AbstractProblemLoader Environment load took 79.9ns 
24395      INFO  main            d.u.i.k.p.i.AbstractProblemLoader Creating init config 
27016      DEBUG main            d.u.i.k.p.i.AbstractProblemLoader Init config took 2.62s 
27066      INFO  main            d.u.i.k.p.i.AbstractProblemLoader Replaying proof Sum[Sum::sum2([I)].JML normal_behavior operation contract.0 
27067      DEBUG main            d.u.i.k.p.i.IntermediateProofReplayer Proof replay took 5.7ns 
27114      DEBUG Thread-10       d.u.i.k.l.l.OriginTermLabel commonFileName is null! 
27114      DEBUG Thread-10       d.u.i.k.l.l.OriginTermLabel commonFileName is null! 
27248      DEBUG Thread-10       d.u.i.k.l.l.OriginTermLabel commonFileName is null! 
27248      DEBUG Thread-10       d.u.i.k.l.l.OriginTermLabel commonFileName is null! 
27335      DEBUG Thread-10       d.u.i.k.l.l.OriginTermLabel commonFileName is null! 
27473      INFO  main            d.u.i.k.p.r.p.TestFile    ... finished proof: closed. 
27618      INFO  main            d.u.i.k.p.i.AbstractProblemLoader Loading environment from /home/runner/work/key/key/key.core/../key.ui/examples/heap/comprehensions/sum2.key.proof 
27619      DEBUG main            d.u.i.k.p.i.AbstractProblemLoader Environment load took 775.01ns 
27621      INFO  main            d.u.i.k.p.i.AbstractProblemLoader Creating init config 
30202      DEBUG main            d.u.i.k.p.i.AbstractProblemLoader Init config took 2.58s 
30244      INFO  main            d.u.i.k.p.i.AbstractProblemLoader Replaying proof Sum[Sum::sum2([I)].JML normal_behavior operation contract.0 
30267      DEBUG main            d.u.i.k.l.l.OriginTermLabel commonFileName is null! 
30267      DEBUG main            d.u.i.k.l.l.OriginTermLabel commonFileName is null! 
30294      DEBUG main            d.u.i.k.l.l.OriginTermLabel commonFileName is null! 
30314      DEBUG main            d.u.i.k.l.l.OriginTermLabel commonFileName is null! 
30318      DEBUG main            d.u.i.k.l.l.OriginTermLabel commonFileName is null! 
30321      DEBUG main            d.u.i.k.p.i.IntermediateProofReplayer Proof replay took 72.26ms 
30322      DEBUG main            d.u.i.k.p.r.p.TestFile    ... success: reloaded. 
30323      INFO  main            d.u.i.k.p.r.p.TestFile    Now processing file /home/runner/work/key/key/key.core/../key.ui/examples/heap/comprehensions/sum3.key 
30324      INFO  main            d.u.i.k.p.i.AbstractProblemLoader Loading environment from /home/runner/work/key/key/key.core/../key.ui/examples/heap/comprehensions/sum3.key 
30324      DEBUG main            d.u.i.k.p.i.AbstractProblemLoader Environment load took 340.9ns 
30325      INFO  main            d.u.i.k.p.i.AbstractProblemLoader Creating init config 
32967      DEBUG main            d.u.i.k.p.i.AbstractProblemLoader Init config took 2.64s 
33029      INFO  main            d.u.i.k.p.i.AbstractProblemLoader Replaying proof Sum[Sum::sum3([I)].JML normal_behavior operation contract.0 
33030      DEBUG main            d.u.i.k.p.i.IntermediateProofReplayer Proof replay took 6ns 
33090      DEBUG Thread-13       d.u.i.k.l.l.OriginTermLabel commonFileName is null! 
33092      DEBUG Thread-13       d.u.i.k.l.l.OriginTermLabel commonFileName is null! 
33204      DEBUG Thread-13       d.u.i.k.l.l.OriginTermLabel commonFileName is null! 
33205      DEBUG Thread-13       d.u.i.k.l.l.OriginTermLabel commonFileName is null! 
33299      DEBUG Thread-13       d.u.i.k.l.l.OriginTermLabel commonFileName is null! 
33433      INFO  main            d.u.i.k.p.r.p.TestFile    ... finished proof: closed. 
33581      INFO  main            d.u.i.k.p.i.AbstractProblemLoader Loading environment from /home/runner/work/key/key/key.core/../key.ui/examples/heap/comprehensions/sum3.key.proof 
33587      DEBUG main            d.u.i.k.p.i.AbstractProblemLoader Environment load took 5.12ms 
33590      INFO  main            d.u.i.k.p.i.AbstractProblemLoader Creating init config 
36179      DEBUG main            d.u.i.k.p.i.AbstractProblemLoader Init config took 2.59s 
36234      INFO  main            d.u.i.k.p.i.AbstractProblemLoader Replaying proof Sum[Sum::sum3([I)].JML normal_behavior operation contract.0 
36261      DEBUG main            d.u.i.k.l.l.OriginTermLabel commonFileName is null! 
36262      DEBUG main            d.u.i.k.l.l.OriginTermLabel commonFileName is null! 
36308      DEBUG main            d.u.i.k.l.l.OriginTermLabel commonFileName is null! 
36330      DEBUG main            d.u.i.k.l.l.OriginTermLabel commonFileName is null! 
36335      DEBUG main            d.u.i.k.l.l.OriginTermLabel commonFileName is null! 
36339      DEBUG main            d.u.i.k.p.i.IntermediateProofReplayer Proof replay took 101.63ms 
36341      DEBUG main            d.u.i.k.p.r.p.TestFile    ... success: reloaded. 
36345      INFO  main            d.u.i.k.p.r.p.TestFile    Now processing file /home/runner/work/key/key/key.core/../key.ui/examples/heap/comprehensions/segsum.key 
36346      INFO  main            d.u.i.k.p.i.AbstractProblemLoader Loading environment from /home/runner/work/key/key/key.core/../key.ui/examples/heap/comprehensions/segsum.key 
36347      DEBUG main            d.u.i.k.p.i.AbstractProblemLoader Environment load took 990.61ns 
36349      INFO  main            d.u.i.k.p.i.AbstractProblemLoader Creating init config 
38973      DEBUG main            d.u.i.k.p.i.AbstractProblemLoader Init config took 2.62s 
39014      INFO  main            d.u.i.k.p.i.AbstractProblemLoader Replaying proof SegSum[SegSum::segSum([I,int,int)].JML normal_behavior operation contract.0 
39017      DEBUG main            d.u.i.k.p.i.IntermediateProofReplayer Proof replay took 7.1ns 
39421      INFO  main            d.u.i.k.p.r.p.TestFile    ... finished proof: closed. 
39572      INFO  main            d.u.i.k.p.i.AbstractProblemLoader Loading environment from /home/runner/work/key/key/key.core/../key.ui/examples/heap/comprehensions/segsum.key.proof 
39579      DEBUG main            d.u.i.k.p.i.AbstractProblemLoader Environment load took 6.52ms 
39580      INFO  main            d.u.i.k.p.i.AbstractProblemLoader Creating init config 
42126      DEBUG main            d.u.i.k.p.i.AbstractProblemLoader Init config took 2.55s 
42165      INFO  main            d.u.i.k.p.i.AbstractProblemLoader Replaying proof SegSum[SegSum::segSum([I,int,int)].JML normal_behavior operation contract.0 
42253      DEBUG main            d.u.i.k.p.i.IntermediateProofReplayer Proof replay took 80.55ms 
42256      DEBUG main            d.u.i.k.p.r.p.TestFile    ... success: reloaded. 
42259      INFO  main            d.u.i.k.p.r.p.TestFile    Now processing file /home/runner/work/key/key/key.core/../key.ui/examples/heap/comprehensions/bsum_negative.key 
42261      INFO  main            d.u.i.k.p.i.AbstractProblemLoader Loading environment from /home/runner/work/key/key/key.core/../key.ui/examples/heap/comprehensions/bsum_negative.key 
42262      DEBUG main            d.u.i.k.p.i.AbstractProblemLoader Environment load took 367.51ns 
42263      INFO  main            d.u.i.k.p.i.AbstractProblemLoader Creating init config 
44695      DEBUG main            d.u.i.k.p.i.AbstractProblemLoader Init config took 2.43s 
44713      INFO  main            d.u.i.k.p.i.AbstractProblemLoader Replaying proof bsum_negative.key 
44714      DEBUG main            d.u.i.k.p.i.IntermediateProofReplayer Proof replay took 7.4ns 
44816      INFO  main            d.u.i.k.p.r.p.TestFile    ... finished proof: closed. 
44991      INFO  main            d.u.i.k.p.i.AbstractProblemLoader Loading environment from /home/runner/work/key/key/key.core/../key.ui/examples/heap/comprehensions/bsum_negative.key.proof 
44991      DEBUG main            d.u.i.k.p.i.AbstractProblemLoader Environment load took 125.7ns 
44992      INFO  main            d.u.i.k.p.i.AbstractProblemLoader Creating init config 
47341      DEBUG main            d.u.i.k.p.i.AbstractProblemLoader Init config took 2.35s 
47358      INFO  main            d.u.i.k.p.i.AbstractProblemLoader Replaying proof bsum_negative.key.proof 
47361      DEBUG main            d.u.i.k.p.i.IntermediateProofReplayer Proof replay took 1.11ms 
47361      DEBUG main            d.u.i.k.p.r.p.TestFile    ... success: reloaded. 
47362      INFO  main            d.u.i.k.p.r.p.TestFile    Now processing file /home/runner/work/key/key/key.core/../key.ui/examples/heap/comprehensions/bsum_neg2.key 
47362      INFO  main            d.u.i.k.p.i.AbstractProblemLoader Loading environment from /home/runner/work/key/key/key.core/../key.ui/examples/heap/comprehensions/bsum_neg2.key 
47362      DEBUG main            d.u.i.k.p.i.AbstractProblemLoader Environment load took 59.3ns 
47363      INFO  main            d.u.i.k.p.i.AbstractProblemLoader Creating init config 
49736      DEBUG main            d.u.i.k.p.i.AbstractProblemLoader Init config took 2.37s 
49753      INFO  main            d.u.i.k.p.i.AbstractProblemLoader Replaying proof bsum_neg2.key 
49754      DEBUG main            d.u.i.k.p.i.IntermediateProofReplayer Proof replay took 7ns 
49860      INFO  main            d.u.i.k.p.r.p.TestFile    ... finished proof: closed. 
50023      INFO  main            d.u.i.k.p.i.AbstractProblemLoader Loading environment from /home/runner/work/key/key/key.core/../key.ui/examples/heap/comprehensions/bsum_neg2.key.proof 
50023      DEBUG main            d.u.i.k.p.i.AbstractProblemLoader Environment load took 126.7ns 
50024      INFO  main            d.u.i.k.p.i.AbstractProblemLoader Creating init config 
52387      DEBUG main            d.u.i.k.p.i.AbstractProblemLoader Init config took 2.36s 
52403      INFO  main            d.u.i.k.p.i.AbstractProblemLoader Replaying proof bsum_neg2.key.proof 
52405      DEBUG main            d.u.i.k.p.i.IntermediateProofReplayer Proof replay took 669.31ns 
52405      DEBUG main            d.u.i.k.p.r.p.TestFile    ... success: reloaded. 
52406      INFO  main            d.u.i.k.p.r.p.TestFile    Now processing file /home/runner/work/key/key/key.core/../key.ui/examples/heap/comprehensions/bsumSplit.key 
52406      INFO  main            d.u.i.k.p.i.AbstractProblemLoader Loading environment from /home/runner/work/key/key/key.core/../key.ui/examples/heap/comprehensions/bsumSplit.key 
52407      DEBUG main            d.u.i.k.p.i.AbstractProblemLoader Environment load took 125.7ns 
52407      INFO  main            d.u.i.k.p.i.AbstractProblemLoader Creating init config 
54781      DEBUG main            d.u.i.k.p.i.AbstractProblemLoader Init config took 2.37s 
54798      INFO  main            d.u.i.k.p.i.AbstractProblemLoader Replaying proof bsumSplit.key 
54799      DEBUG main            d.u.i.k.p.i.IntermediateProofReplayer Proof replay took 6.9ns 
54904      INFO  main            d.u.i.k.p.r.p.TestFile    ... finished proof: closed. 
55074      INFO  main            d.u.i.k.p.i.AbstractProblemLoader Loading environment from /home/runner/work/key/key/key.core/../key.ui/examples/heap/comprehensions/bsumSplit.key.proof 
55074      DEBUG main            d.u.i.k.p.i.AbstractProblemLoader Environment load took 117ns 
55076      INFO  main            d.u.i.k.p.i.AbstractProblemLoader Creating init config 
57408      DEBUG main            d.u.i.k.p.i.AbstractProblemLoader Init config took 2.33s 
57424      INFO  main            d.u.i.k.p.i.AbstractProblemLoader Replaying proof bsumSplit.key.proof 
57428      DEBUG main            d.u.i.k.p.i.IntermediateProofReplayer Proof replay took 2.75ms 
57429      DEBUG main            d.u.i.k.p.r.p.TestFile    ... success: reloaded. 
57430      INFO  main            d.u.i.k.p.r.p.TestFile    Now processing file /home/runner/work/key/key/key.core/../key.ui/examples/heap/comprehensions/bprodSplit.key 
57430      INFO  main            d.u.i.k.p.i.AbstractProblemLoader Loading environment from /home/runner/work/key/key/key.core/../key.ui/examples/heap/comprehensions/bprodSplit.key 
57431      DEBUG main            d.u.i.k.p.i.AbstractProblemLoader Environment load took 324.5ns 
57432      INFO  main            d.u.i.k.p.i.AbstractProblemLoader Creating init config 
59803      DEBUG main            d.u.i.k.p.i.AbstractProblemLoader Init config took 2.37s 
59835      INFO  main            d.u.i.k.p.i.AbstractProblemLoader Replaying proof bprodSplit.key 
59836      DEBUG main            d.u.i.k.p.i.IntermediateProofReplayer Proof replay took 6.4ns 
59942      INFO  main            d.u.i.k.p.r.p.TestFile    ... finished proof: closed. 
60111      INFO  main            d.u.i.k.p.i.AbstractProblemLoader Loading environment from /home/runner/work/key/key/key.core/../key.ui/examples/heap/comprehensions/bprodSplit.key.proof 
60111      DEBUG main            d.u.i.k.p.i.AbstractProblemLoader Environment load took 121.5ns 
60112      INFO  main            d.u.i.k.p.i.AbstractProblemLoader Creating init config 
62453      DEBUG main            d.u.i.k.p.i.AbstractProblemLoader Init config took 2.34s 
62470      INFO  main            d.u.i.k.p.i.AbstractProblemLoader Replaying proof bprodSplit.key.proof 
62473      DEBUG main            d.u.i.k.p.i.IntermediateProofReplayer Proof replay took 1.49ms 
62474      DEBUG main            d.u.i.k.p.r.p.TestFile    ... success: reloaded. 
62475      INFO  main            d.u.i.k.p.r.p.TestFile    Now processing file /home/runner/work/key/key/key.core/../key.ui/examples/heap/comprehensions/bsumSplitInvalid.key 
62475      INFO  main            d.u.i.k.p.i.AbstractProblemLoader Loading environment from /home/runner/work/key/key/key.core/../key.ui/examples/heap/comprehensions/bsumSplitInvalid.key 
62476      DEBUG main            d.u.i.k.p.i.AbstractProblemLoader Environment load took 245.5ns 
62477      INFO  main            d.u.i.k.p.i.AbstractProblemLoader Creating init config 
64838      DEBUG main            d.u.i.k.p.i.AbstractProblemLoader Init config took 2.36s 
64853      INFO  main            d.u.i.k.p.i.AbstractProblemLoader Replaying proof bsumSplitInvalid.key 
64854      DEBUG main            d.u.i.k.p.i.IntermediateProofReplayer Proof replay took 6.1ns 
64957      INFO  main            d.u.i.k.p.r.p.TestFile    ... finished proof: open goal(s) 
145167     INFO  Test worker     d.u.i.k.p.r.p.StatisticsFile Returning from test comprehensions 
145171     INFO  Test worker     d.u.i.k.p.r.p.StatisticsFile Running test performance 
353        INFO  Timeout watchdog d.u.i.k.p.r.p.ForkedTestFileRunner Timeout watcher launched (2000 secs.) 
364        WARN  main            d.u.i.k.s.ProofSettings   The settings in /home/runner/.key/proof-settings.props are *not* read. 
418        INFO  main            d.u.i.k.p.r.p.TestFile    Now processing file /home/runner/work/key/key/key.core/../key.ui/examples/performance-test/Disjoint(Disjoint__disjoint_08()).JML_operation_contract.0.key 
529        INFO  main            d.u.i.k.p.i.AbstractProblemLoader Loading environment from /home/runner/work/key/key/key.core/../key.ui/examples/performance-test/Disjoint(Disjoint__disjoint_08()).JML_operation_contract.0.key 
556        DEBUG main            d.u.i.k.p.i.AbstractProblemLoader Environment load took 2.23ms 
774        INFO  main            d.u.i.k.p.i.AbstractProblemLoader Creating init config 
1660       DEBUG main            d.u.i.k.j.TypeConverter   No LDT found for Meta 
1661       DEBUG main            d.u.i.k.j.TypeConverter   No LDT found for Meta 
1663       DEBUG main            d.u.i.k.j.TypeConverter   No LDT found for Meta 
1663       DEBUG main            d.u.i.k.j.TypeConverter   No LDT found for Meta 
3179       DEBUG main            d.u.i.k.j.TypeConverter   No LDT found for JavaBigintExpression 
8604       DEBUG main            d.u.i.k.j.r.ClassPreparationMethodBuilder clPrepBuilder: Inner Class detected. Reject building class initialisation methods. 
16689      DEBUG main            d.u.i.k.p.i.AbstractProblemLoader Init config took 15.91s 
16908      INFO  main            d.u.i.k.p.i.AbstractProblemLoader Replaying proof Disjoint[Disjoint::disjoint_8()].JML operation contract.0 
16985      DEBUG main            d.u.i.k.p.i.IntermediateProofReplayer Proof replay took 365.9ns 
19343      INFO  main            d.u.i.k.p.r.p.TestFile    ... finished proof: closed. 
19617      INFO  main            d.u.i.k.p.i.AbstractProblemLoader Loading environment from /home/runner/work/key/key/key.core/../key.ui/examples/performance-test/Disjoint(Disjoint__disjoint_08()).JML_operation_contract.0.key.proof 
19619      DEBUG main            d.u.i.k.p.i.AbstractProblemLoader Environment load took 2.58ms 
19622      INFO  main            d.u.i.k.p.i.AbstractProblemLoader Creating init config 
22944      DEBUG main            d.u.i.k.j.r.ClassPreparationMethodBuilder clPrepBuilder: Inner Class detected. Reject building class initialisation methods. 
30399      DEBUG main            d.u.i.k.p.i.AbstractProblemLoader Init config took 10.78s 
30517      INFO  main            d.u.i.k.p.i.AbstractProblemLoader Replaying proof Disjoint[Disjoint::disjoint_8()].JML operation contract.0 
30847      DEBUG main            d.u.i.k.p.i.IntermediateProofReplayer Proof replay took 308.57ms 
30856      DEBUG main            d.u.i.k.p.r.p.TestFile    ... success: reloaded. 
30858      INFO  main            d.u.i.k.p.r.p.TestFile    Now processing file /home/runner/work/key/key/key.core/../key.ui/examples/performance-test/Disjoint(Disjoint__disjoint2_08()).JML_operation_contract.0.key 
30859      INFO  main            d.u.i.k.p.i.AbstractProblemLoader Loading environment from /home/runner/work/key/key/key.core/../key.ui/examples/performance-test/Disjoint(Disjoint__disjoint2_08()).JML_operation_contract.0.key 
30859      DEBUG main            d.u.i.k.p.i.AbstractProblemLoader Environment load took 405.21ns 
30861      INFO  main            d.u.i.k.p.i.AbstractProblemLoader Creating init config 
33903      DEBUG main            d.u.i.k.j.r.ClassPreparationMethodBuilder clPrepBuilder: Inner Class detected. Reject building class initialisation methods. 
40994      DEBUG main            d.u.i.k.p.i.AbstractProblemLoader Init config took 10.13s 
41097      INFO  main            d.u.i.k.p.i.AbstractProblemLoader Replaying proof Disjoint[Disjoint::disjoint2_8()].JML operation contract.0 
41101      DEBUG main            d.u.i.k.p.i.IntermediateProofReplayer Proof replay took 20.8ns 
42105      INFO  main            d.u.i.k.p.r.p.TestFile    ... finished proof: closed. 
42410      INFO  main            d.u.i.k.p.i.AbstractProblemLoader Loading environment from /home/runner/work/key/key/key.core/../key.ui/examples/performance-test/Disjoint(Disjoint__disjoint2_08()).JML_operation_contract.0.key.proof 
42410      DEBUG main            d.u.i.k.p.i.AbstractProblemLoader Environment load took 154.2ns 
42411      INFO  main            d.u.i.k.p.i.AbstractProblemLoader Creating init config 
45412      DEBUG main            d.u.i.k.j.r.ClassPreparationMethodBuilder clPrepBuilder: Inner Class detected. Reject building class initialisation methods. 
52446      DEBUG main            d.u.i.k.p.i.AbstractProblemLoader Init config took 10.03s 
52547      INFO  main            d.u.i.k.p.i.AbstractProblemLoader Replaying proof Disjoint[Disjoint::disjoint2_8()].JML operation contract.0 
52628      DEBUG main            d.u.i.k.p.i.IntermediateProofReplayer Proof replay took 76.32ms 
52629      DEBUG main            d.u.i.k.p.r.p.TestFile    ... success: reloaded. 
52631      INFO  main            d.u.i.k.p.r.p.TestFile    Now processing file /home/runner/work/key/key/key.core/../key.ui/examples/performance-test/AccessChain1(AccessChain1__foo_08()).JML_operation_contract.0.key 
52631      INFO  main            d.u.i.k.p.i.AbstractProblemLoader Loading environment from /home/runner/work/key/key/key.core/../key.ui/examples/performance-test/AccessChain1(AccessChain1__foo_08()).JML_operation_contract.0.key 
52631      DEBUG main            d.u.i.k.p.i.AbstractProblemLoader Environment load took 78.8ns 
52632      INFO  main            d.u.i.k.p.i.AbstractProblemLoader Creating init config 
55625      DEBUG main            d.u.i.k.j.r.ClassPreparationMethodBuilder clPrepBuilder: Inner Class detected. Reject building class initialisation methods. 
62595      DEBUG main            d.u.i.k.p.i.AbstractProblemLoader Init config took 9.96s 
62688      INFO  main            d.u.i.k.p.i.AbstractProblemLoader Replaying proof AccessChain1[AccessChain1::foo_8()].JML operation contract.0 
62691      DEBUG main            d.u.i.k.p.i.IntermediateProofReplayer Proof replay took 13ns 
65200      INFO  main            d.u.i.k.p.r.p.TestFile    ... finished proof: closed. 
65516      INFO  main            d.u.i.k.p.i.AbstractProblemLoader Loading environment from /home/runner/work/key/key/key.core/../key.ui/examples/performance-test/AccessChain1(AccessChain1__foo_08()).JML_operation_contract.0.key.proof 
65520      DEBUG main            d.u.i.k.p.i.AbstractProblemLoader Environment load took 3.71ms 
65528      INFO  main            d.u.i.k.p.i.AbstractProblemLoader Creating init config 
68436      DEBUG main            d.u.i.k.j.r.ClassPreparationMethodBuilder clPrepBuilder: Inner Class detected. Reject building class initialisation methods. 
75376      DEBUG main            d.u.i.k.p.i.AbstractProblemLoader Init config took 9.85s 
75468      INFO  main            d.u.i.k.p.i.AbstractProblemLoader Replaying proof AccessChain1[AccessChain1::foo_8()].JML operation contract.0 
75861      DEBUG main            d.u.i.k.p.i.IntermediateProofReplayer Proof replay took 376.85ms 
75863      DEBUG main            d.u.i.k.p.r.p.TestFile    ... success: reloaded. 
75865      INFO  main            d.u.i.k.p.r.p.TestFile    Now processing file /home/runner/work/key/key/key.core/../key.ui/examples/performance-test/AccessChain4(AccessChain4__foo_08()).JML_operation_contract.0.key 
75866      INFO  main            d.u.i.k.p.i.AbstractProblemLoader Loading environment from /home/runner/work/key/key/key.core/../key.ui/examples/performance-test/AccessChain4(AccessChain4__foo_08()).JML_operation_contract.0.key 
75866      DEBUG main            d.u.i.k.p.i.AbstractProblemLoader Environment load took 283.4ns 
75868      INFO  main            d.u.i.k.p.i.AbstractProblemLoader Creating init config 
78851      DEBUG main            d.u.i.k.j.r.ClassPreparationMethodBuilder clPrepBuilder: Inner Class detected. Reject building class initialisation methods. 
85772      DEBUG main            d.u.i.k.p.i.AbstractProblemLoader Init config took 9.9s 
85864      INFO  main            d.u.i.k.p.i.AbstractProblemLoader Replaying proof AccessChain4[AccessChain4::foo_8()].JML operation contract.0 
85866      DEBUG main            d.u.i.k.p.i.IntermediateProofReplayer Proof replay took 12.3ns 
91945      INFO  main            d.u.i.k.p.r.p.TestFile    ... finished proof: closed. 
92344      INFO  main            d.u.i.k.p.i.AbstractProblemLoader Loading environment from /home/runner/work/key/key/key.core/../key.ui/examples/performance-test/AccessChain4(AccessChain4__foo_08()).JML_operation_contract.0.key.proof 
92345      DEBUG main            d.u.i.k.p.i.AbstractProblemLoader Environment load took 182.3ns 
92347      INFO  main            d.u.i.k.p.i.AbstractProblemLoader Creating init config 
95220      DEBUG main            d.u.i.k.j.r.ClassPreparationMethodBuilder clPrepBuilder: Inner Class detected. Reject building class initialisation methods. 
102150     DEBUG main            d.u.i.k.p.i.AbstractProblemLoader Init config took 9.8s 
102268     INFO  main            d.u.i.k.p.i.AbstractProblemLoader Replaying proof AccessChain4[AccessChain4::foo_8()].JML operation contract.0 
102964     DEBUG main            d.u.i.k.p.i.IntermediateProofReplayer Proof replay took 663.72ms 
102967     DEBUG main            d.u.i.k.p.r.p.TestFile    ... success: reloaded. 
102968     INFO  main            d.u.i.k.p.r.p.TestFile    Now processing file /home/runner/work/key/key/key.core/../key.ui/examples/performance-test/Disjoint(Disjoint__xZero_08()).JML_operation_contract.0.key 
102969     INFO  main            d.u.i.k.p.i.AbstractProblemLoader Loading environment from /home/runner/work/key/key/key.core/../key.ui/examples/performance-test/Disjoint(Disjoint__xZero_08()).JML_operation_contract.0.key 
102969     DEBUG main            d.u.i.k.p.i.AbstractProblemLoader Environment load took 198.1ns 
102970     INFO  main            d.u.i.k.p.i.AbstractProblemLoader Creating init config 
106038     DEBUG main            d.u.i.k.j.r.ClassPreparationMethodBuilder clPrepBuilder: Inner Class detected. Reject building class initialisation methods. 
112945     DEBUG main            d.u.i.k.p.i.AbstractProblemLoader Init config took 9.98s 
113033     INFO  main            d.u.i.k.p.i.AbstractProblemLoader Replaying proof Disjoint[Disjoint::xZero_8()].JML operation contract.0 
113035     DEBUG main            d.u.i.k.p.i.IntermediateProofReplayer Proof replay took 12.2ns 
114063     INFO  main            d.u.i.k.p.r.p.TestFile    ... finished proof: closed. 
114431     INFO  main            d.u.i.k.p.i.AbstractProblemLoader Loading environment from /home/runner/work/key/key/key.core/../key.ui/examples/performance-test/Disjoint(Disjoint__xZero_08()).JML_operation_contract.0.key.proof 
114432     DEBUG main            d.u.i.k.p.i.AbstractProblemLoader Environment load took 153.3ns 
114436     INFO  main            d.u.i.k.p.i.AbstractProblemLoader Creating init config 
117345     DEBUG main            d.u.i.k.j.r.ClassPreparationMethodBuilder clPrepBuilder: Inner Class detected. Reject building class initialisation methods. 
124211     DEBUG main            d.u.i.k.p.i.AbstractProblemLoader Init config took 9.77s 
124302     INFO  main            d.u.i.k.p.i.AbstractProblemLoader Replaying proof Disjoint[Disjoint::xZero_8()].JML operation contract.0 
124480     DEBUG main            d.u.i.k.p.i.IntermediateProofReplayer Proof replay took 170.13ms 
124481     DEBUG main            d.u.i.k.p.r.p.TestFile    ... success: reloaded. 
124483     INFO  main            d.u.i.k.p.r.p.TestFile    Now processing file /home/runner/work/key/key/key.core/../key.ui/examples/performance-test/Dynamic(Dynamic__foo_08()).JML_operation_contract.0.key 
124483     INFO  main            d.u.i.k.p.i.AbstractProblemLoader Loading environment from /home/runner/work/key/key/key.core/../key.ui/examples/performance-test/Dynamic(Dynamic__foo_08()).JML_operation_contract.0.key 
124484     DEBUG main            d.u.i.k.p.i.AbstractProblemLoader Environment load took 301.7ns 
124485     INFO  main            d.u.i.k.p.i.AbstractProblemLoader Creating init config 
127472     DEBUG main            d.u.i.k.j.r.ClassPreparationMethodBuilder clPrepBuilder: Inner Class detected. Reject building class initialisation methods. 
134275     DEBUG main            d.u.i.k.p.i.AbstractProblemLoader Init config took 9.79s 
134362     INFO  main            d.u.i.k.p.i.AbstractProblemLoader Replaying proof Dynamic[Dynamic::foo_8()].JML operation contract.0 
134365     DEBUG main            d.u.i.k.p.i.IntermediateProofReplayer Proof replay took 12.9ns 
139316     INFO  main            d.u.i.k.p.r.p.TestFile    ... finished proof: closed. 
139764     INFO  main            d.u.i.k.p.i.AbstractProblemLoader Loading environment from /home/runner/work/key/key/key.core/../key.ui/examples/performance-test/Dynamic(Dynamic__foo_08()).JML_operation_contract.0.key.proof 
139764     DEBUG main            d.u.i.k.p.i.AbstractProblemLoader Environment load took 599.92ns 
139766     INFO  main            d.u.i.k.p.i.AbstractProblemLoader Creating init config 
142652     DEBUG main            d.u.i.k.j.r.ClassPreparationMethodBuilder clPrepBuilder: Inner Class detected. Reject building class initialisation methods. 
149551     DEBUG main            d.u.i.k.p.i.AbstractProblemLoader Init config took 9.78s 
149635     INFO  main            d.u.i.k.p.i.AbstractProblemLoader Replaying proof Dynamic[Dynamic::foo_8()].JML operation contract.0 
150075     DEBUG main            d.u.i.k.p.i.IntermediateProofReplayer Proof replay took 417.9ms 
150078     DEBUG main            d.u.i.k.p.r.p.TestFile    ... success: reloaded. 
150079     INFO  main            d.u.i.k.p.r.p.TestFile    Now processing file /home/runner/work/key/key/key.core/../key.ui/examples/performance-test/DynamicGhost(DynamicGhost__dynamicGhost_08()).JML_normal_behavior_operation_contract.0.key 
150080     INFO  main            d.u.i.k.p.i.AbstractProblemLoader Loading environment from /home/runner/work/key/key/key.core/../key.ui/examples/performance-test/DynamicGhost(DynamicGhost__dynamicGhost_08()).JML_normal_behavior_operation_contract.0.key 
150080     DEBUG main            d.u.i.k.p.i.AbstractProblemLoader Environment load took 290.11ns 
150081     INFO  main            d.u.i.k.p.i.AbstractProblemLoader Creating init config 
153077     DEBUG main            d.u.i.k.j.r.ClassPreparationMethodBuilder clPrepBuilder: Inner Class detected. Reject building class initialisation methods. 
159976     DEBUG main            d.u.i.k.p.i.AbstractProblemLoader Init config took 9.9s 
160066     INFO  main            d.u.i.k.p.i.AbstractProblemLoader Replaying proof DynamicGhost[DynamicGhost::dynamicGhost_8()].JML normal_behavior operation contract.0 
160068     DEBUG main            d.u.i.k.p.i.IntermediateProofReplayer Proof replay took 11.3ns 
164041     INFO  main            d.u.i.k.p.r.p.TestFile    ... finished proof: closed. 
164457     INFO  main            d.u.i.k.p.i.AbstractProblemLoader Loading environment from /home/runner/work/key/key/key.core/../key.ui/examples/performance-test/DynamicGhost(DynamicGhost__dynamicGhost_08()).JML_normal_behavior_operation_contract.0.key.proof 
164457     DEBUG main            d.u.i.k.p.i.AbstractProblemLoader Environment load took 598.31ns 
164460     INFO  main            d.u.i.k.p.i.AbstractProblemLoader Creating init config 
167304     DEBUG main            d.u.i.k.j.r.ClassPreparationMethodBuilder clPrepBuilder: Inner Class detected. Reject building class initialisation methods. 
174178     DEBUG main            d.u.i.k.p.i.AbstractProblemLoader Init config took 9.72s 
174278     INFO  main            d.u.i.k.p.i.AbstractProblemLoader Replaying proof DynamicGhost[DynamicGhost::dynamicGhost_8()].JML normal_behavior operation contract.0 
174809     DEBUG main            d.u.i.k.p.i.IntermediateProofReplayer Proof replay took 506.84ms 
174812     DEBUG main            d.u.i.k.p.r.p.TestFile    ... success: reloaded. 
174814     INFO  main            d.u.i.k.p.r.p.TestFile    Now processing file /home/runner/work/key/key/key.core/../key.ui/examples/performance-test/GhostFrame(GhostFrame__foo_08()).JML_operation_contract.0.key 
174815     INFO  main            d.u.i.k.p.i.AbstractProblemLoader Loading environment from /home/runner/work/key/key/key.core/../key.ui/examples/performance-test/GhostFrame(GhostFrame__foo_08()).JML_operation_contract.0.key 
174817     DEBUG main            d.u.i.k.p.i.AbstractProblemLoader Environment load took 2.2ms 
174830     INFO  main            d.u.i.k.p.i.AbstractProblemLoader Creating init config 
177848     DEBUG main            d.u.i.k.j.r.ClassPreparationMethodBuilder clPrepBuilder: Inner Class detected. Reject building class initialisation methods. 
184713     DEBUG main            d.u.i.k.p.i.AbstractProblemLoader Init config took 9.88s 
184797     INFO  main            d.u.i.k.p.i.AbstractProblemLoader Replaying proof GhostFrame[GhostFrame::foo_8()].JML operation contract.0 
184799     DEBUG main            d.u.i.k.p.i.IntermediateProofReplayer Proof replay took 14.6ns 
186662     INFO  main            d.u.i.k.p.r.p.TestFile    ... finished proof: closed. 
187068     INFO  main            d.u.i.k.p.i.AbstractProblemLoader Loading environment from /home/runner/work/key/key/key.core/../key.ui/examples/performance-test/GhostFrame(GhostFrame__foo_08()).JML_operation_contract.0.key.proof 
187069     DEBUG main            d.u.i.k.p.i.AbstractProblemLoader Environment load took 574.21ns 
187070     INFO  main            d.u.i.k.p.i.AbstractProblemLoader Creating init config 
189920     DEBUG main            d.u.i.k.j.r.ClassPreparationMethodBuilder clPrepBuilder: Inner Class detected. Reject building class initialisation methods. 
196789     DEBUG main            d.u.i.k.p.i.AbstractProblemLoader Init config took 9.72s 
196873     INFO  main            d.u.i.k.p.i.AbstractProblemLoader Replaying proof GhostFrame[GhostFrame::foo_8()].JML operation contract.0 
197168     DEBUG main            d.u.i.k.p.i.IntermediateProofReplayer Proof replay took 285.69ms 
197170     DEBUG main            d.u.i.k.p.r.p.TestFile    ... success: reloaded. 
197172     INFO  main            d.u.i.k.p.r.p.TestFile    Now processing file /home/runner/work/key/key/key.core/../key.ui/examples/performance-test/Modelfield(Modelfield__foo_08()).JML_operation_contract.0.key 
197172     INFO  main            d.u.i.k.p.i.AbstractProblemLoader Loading environment from /home/runner/work/key/key/key.core/../key.ui/examples/performance-test/Modelfield(Modelfield__foo_08()).JML_operation_contract.0.key 
197173     DEBUG main            d.u.i.k.p.i.AbstractProblemLoader Environment load took 315.61ns 
197174     INFO  main            d.u.i.k.p.i.AbstractProblemLoader Creating init config 
200090     DEBUG main            d.u.i.k.j.r.ClassPreparationMethodBuilder clPrepBuilder: Inner Class detected. Reject building class initialisation methods. 
207005     DEBUG main            d.u.i.k.p.i.AbstractProblemLoader Init config took 9.83s 
207115     INFO  main            d.u.i.k.p.i.AbstractProblemLoader Replaying proof Modelfield[Modelfield::foo_8()].JML operation contract.0 
207116     DEBUG main            d.u.i.k.p.i.IntermediateProofReplayer Proof replay took 6.2ns 
210079     INFO  main            d.u.i.k.p.r.p.TestFile    ... finished proof: closed. 
210516     INFO  main            d.u.i.k.p.i.AbstractProblemLoader Loading environment from /home/runner/work/key/key/key.core/../key.ui/examples/performance-test/Modelfield(Modelfield__foo_08()).JML_operation_contract.0.key.proof 
210516     DEBUG main            d.u.i.k.p.i.AbstractProblemLoader Environment load took 592.61ns 
210518     INFO  main            d.u.i.k.p.i.AbstractProblemLoader Creating init config 
213383     DEBUG main            d.u.i.k.j.r.ClassPreparationMethodBuilder clPrepBuilder: Inner Class detected. Reject building class initialisation methods. 
220222     DEBUG main            d.u.i.k.p.i.AbstractProblemLoader Init config took 9.7s 
220310     INFO  main            d.u.i.k.p.i.AbstractProblemLoader Replaying proof Modelfield[Modelfield::foo_8()].JML operation contract.0 
220647     DEBUG main            d.u.i.k.p.i.IntermediateProofReplayer Proof replay took 319.89ms 
220650     DEBUG main            d.u.i.k.p.r.p.TestFile    ... success: reloaded. 
365992     INFO  Test worker     d.u.i.k.p.r.p.StatisticsFile Returning from test performance 
365995     INFO  Test worker     d.u.i.k.p.r.p.StatisticsFile Running test performancePOConstruction 
348        INFO  Timeout watchdog d.u.i.k.p.r.p.ForkedTestFileRunner Timeout watcher launched (2000 secs.) 
366        WARN  main            d.u.i.k.s.ProofSettings   The settings in /home/runner/.key/proof-settings.props are *not* read. 
399        INFO  main            d.u.i.k.p.r.p.TestFile    Now processing file /home/runner/work/key/key/key.core/../key.ui/examples/performance-test/Test(Test__a0(int)).JML_normal_behavior_operation_contract.0.key 
502        INFO  main            d.u.i.k.p.i.AbstractProblemLoader Loading environment from /home/runner/work/key/key/key.core/../key.ui/examples/performance-test/Test(Test__a0(int)).JML_normal_behavior_operation_contract.0.key 
519        DEBUG main            d.u.i.k.p.i.AbstractProblemLoader Environment load took 2.35ms 
744        INFO  main            d.u.i.k.p.i.AbstractProblemLoader Creating init config 
1765       DEBUG main            d.u.i.k.j.TypeConverter   No LDT found for Meta 
1771       DEBUG main            d.u.i.k.j.TypeConverter   No LDT found for Meta 
1777       DEBUG main            d.u.i.k.j.TypeConverter   No LDT found for Meta 
1778       DEBUG main            d.u.i.k.j.TypeConverter   No LDT found for Meta 
3426       DEBUG main            d.u.i.k.j.TypeConverter   No LDT found for JavaBigintExpression 
9316       DEBUG main            d.u.i.k.j.r.ClassPreparationMethodBuilder clPrepBuilder: Inner Class detected. Reject building class initialisation methods. 
17245      DEBUG main            d.u.i.k.p.i.AbstractProblemLoader Init config took 16.5s 
18360      INFO  main            d.u.i.k.p.i.AbstractProblemLoader Replaying proof Test[Test::a0(int)].JML normal_behavior operation contract.0 
18439      DEBUG main            d.u.i.k.p.i.IntermediateProofReplayer Proof replay took 35.1ns 
18915      INFO  main            d.u.i.k.p.r.p.TestFile    ... finished proof: closed. 
19063      INFO  main            d.u.i.k.p.i.AbstractProblemLoader Loading environment from /home/runner/work/key/key/key.core/../key.ui/examples/performance-test/Test(Test__a0(int)).JML_normal_behavior_operation_contract.0.key.proof 
19063      DEBUG main            d.u.i.k.p.i.AbstractProblemLoader Environment load took 148.3ns 
19068      INFO  main            d.u.i.k.p.i.AbstractProblemLoader Creating init config 
22374      DEBUG main            d.u.i.k.j.r.ClassPreparationMethodBuilder clPrepBuilder: Inner Class detected. Reject building class initialisation methods. 
29624      DEBUG main            d.u.i.k.p.i.AbstractProblemLoader Init config took 10.56s 
30507      INFO  main            d.u.i.k.p.i.AbstractProblemLoader Replaying proof Test[Test::a0(int)].JML normal_behavior operation contract.0 
30553      DEBUG main            d.u.i.k.p.i.IntermediateProofReplayer Proof replay took 40.89ms 
30571      DEBUG main            d.u.i.k.p.r.p.TestFile    ... success: reloaded. 
30573      INFO  main            d.u.i.k.p.r.p.TestFile    Now processing file /home/runner/work/key/key/key.core/../key.ui/examples/performance-test/Test(Test__a1(int)).JML_normal_behavior_operation_contract.0.key 
30575      INFO  main            d.u.i.k.p.i.AbstractProblemLoader Loading environment from /home/runner/work/key/key/key.core/../key.ui/examples/performance-test/Test(Test__a1(int)).JML_normal_behavior_operation_contract.0.key 
30576      DEBUG main            d.u.i.k.p.i.AbstractProblemLoader Environment load took 187.7ns 
30577      INFO  main            d.u.i.k.p.i.AbstractProblemLoader Creating init config 
33642      DEBUG main            d.u.i.k.j.r.ClassPreparationMethodBuilder clPrepBuilder: Inner Class detected. Reject building class initialisation methods. 
40755      DEBUG main            d.u.i.k.p.i.AbstractProblemLoader Init config took 10.18s 
41640      INFO  main            d.u.i.k.p.i.AbstractProblemLoader Replaying proof Test[Test::a1(int)].JML normal_behavior operation contract.0 
41642      DEBUG main            d.u.i.k.p.i.IntermediateProofReplayer Proof replay took 6.8ns 
41948      INFO  main            d.u.i.k.p.r.p.TestFile    ... finished proof: closed. 
42204      INFO  main            d.u.i.k.p.i.AbstractProblemLoader Loading environment from /home/runner/work/key/key/key.core/../key.ui/examples/performance-test/Test(Test__a1(int)).JML_normal_behavior_operation_contract.0.key.proof 
42210      DEBUG main            d.u.i.k.p.i.AbstractProblemLoader Environment load took 6.29ms 
42219      INFO  main            d.u.i.k.p.i.AbstractProblemLoader Creating init config 
45213      DEBUG main            d.u.i.k.j.r.ClassPreparationMethodBuilder clPrepBuilder: Inner Class detected. Reject building class initialisation methods. 
52230      DEBUG main            d.u.i.k.p.i.AbstractProblemLoader Init config took 10.01s 
53083      INFO  main            d.u.i.k.p.i.AbstractProblemLoader Replaying proof Test[Test::a1(int)].JML normal_behavior operation contract.0 
53197      DEBUG main            d.u.i.k.p.i.IntermediateProofReplayer Proof replay took 104.27ms 
53203      DEBUG main            d.u.i.k.p.r.p.TestFile    ... success: reloaded. 
53205      INFO  main            d.u.i.k.p.r.p.TestFile    Now processing file /home/runner/work/key/key/key.core/../key.ui/examples/performance-test/Test(Test__f1(int)).JML_normal_behavior_operation_contract.0.key 
53206      INFO  main            d.u.i.k.p.i.AbstractProblemLoader Loading environment from /home/runner/work/key/key/key.core/../key.ui/examples/performance-test/Test(Test__f1(int)).JML_normal_behavior_operation_contract.0.key 
53206      DEBUG main            d.u.i.k.p.i.AbstractProblemLoader Environment load took 445.21ns 
53209      INFO  main            d.u.i.k.p.i.AbstractProblemLoader Creating init config 
56183      DEBUG main            d.u.i.k.j.r.ClassPreparationMethodBuilder clPrepBuilder: Inner Class detected. Reject building class initialisation methods. 
63232      DEBUG main            d.u.i.k.p.i.AbstractProblemLoader Init config took 10.02s 
64072      INFO  main            d.u.i.k.p.i.AbstractProblemLoader Replaying proof Test[Test::f1(int)].JML normal_behavior operation contract.0 
64078      DEBUG main            d.u.i.k.p.i.IntermediateProofReplayer Proof replay took 7.1ns 
64382      INFO  main            d.u.i.k.p.r.p.TestFile    ... finished proof: closed. 
64652      INFO  main            d.u.i.k.p.i.AbstractProblemLoader Loading environment from /home/runner/work/key/key/key.core/../key.ui/examples/performance-test/Test(Test__f1(int)).JML_normal_behavior_operation_contract.0.key.proof 
64658      DEBUG main            d.u.i.k.p.i.AbstractProblemLoader Environment load took 5.85ms 
64659      INFO  main            d.u.i.k.p.i.AbstractProblemLoader Creating init config 
67599      DEBUG main            d.u.i.k.j.r.ClassPreparationMethodBuilder clPrepBuilder: Inner Class detected. Reject building class initialisation methods. 
74623      DEBUG main            d.u.i.k.p.i.AbstractProblemLoader Init config took 9.96s 
75473      INFO  main            d.u.i.k.p.i.AbstractProblemLoader Replaying proof Test[Test::f1(int)].JML normal_behavior operation contract.0 
75513      DEBUG main            d.u.i.k.p.i.IntermediateProofReplayer Proof replay took 36.73ms 
75514      DEBUG main            d.u.i.k.p.r.p.TestFile    ... success: reloaded. 
441695     INFO  Test worker     d.u.i.k.p.r.p.StatisticsFile Returning from test performancePOConstruction 
441709     INFO  Test worker     d.u.i.k.p.r.p.StatisticsFile Running test applicationRestrictions 
347        INFO  Timeout watchdog d.u.i.k.p.r.p.ForkedTestFileRunner Timeout watcher launched (2000 secs.) 
357        WARN  main            d.u.i.k.s.ProofSettings   The settings in /home/runner/.key/proof-settings.props are *not* read. 
383        INFO  main            d.u.i.k.p.r.p.TestFile    Now processing file /home/runner/work/key/key/key.core/../key.ui/examples/heap/polarity_tests/wellformed1.key 
497        INFO  main            d.u.i.k.p.i.AbstractProblemLoader Loading environment from /home/runner/work/key/key/key.core/../key.ui/examples/heap/polarity_tests/wellformed1.key 
514        DEBUG main            d.u.i.k.p.i.AbstractProblemLoader Environment load took 2.25ms 
746        INFO  main            d.u.i.k.p.i.AbstractProblemLoader Creating init config 
1535       DEBUG main            d.u.i.k.j.TypeConverter   No LDT found for Meta 
1535       DEBUG main            d.u.i.k.j.TypeConverter   No LDT found for Meta 
1536       DEBUG main            d.u.i.k.j.TypeConverter   No LDT found for Meta 
1537       DEBUG main            d.u.i.k.j.TypeConverter   No LDT found for Meta 
3035       DEBUG main            d.u.i.k.j.TypeConverter   No LDT found for JavaBigintExpression 
8070       DEBUG main            d.u.i.k.p.i.AbstractProblemLoader Init config took 7.32s 
8127       INFO  main            d.u.i.k.p.i.AbstractProblemLoader Replaying proof wellformed1.key 
8159       DEBUG main            d.u.i.k.p.i.IntermediateProofReplayer Proof replay took 32.5ns 
8333       INFO  main            d.u.i.k.p.r.p.TestFile    ... finished proof: closed. 
8449       INFO  main            d.u.i.k.p.i.AbstractProblemLoader Loading environment from /home/runner/work/key/key/key.core/../key.ui/examples/heap/polarity_tests/wellformed1.key.proof 
8449       DEBUG main            d.u.i.k.p.i.AbstractProblemLoader Environment load took 174.6ns 
8457       INFO  main            d.u.i.k.p.i.AbstractProblemLoader Creating init config 
11341      DEBUG main            d.u.i.k.p.i.AbstractProblemLoader Init config took 2.88s 
11385      INFO  main            d.u.i.k.p.i.AbstractProblemLoader Replaying proof wellformed1.key.proof 
11392      DEBUG main            d.u.i.k.p.i.IntermediateProofReplayer Proof replay took 2.17ms 
11402      DEBUG main            d.u.i.k.p.r.p.TestFile    ... success: reloaded. 
11404      INFO  main            d.u.i.k.p.r.p.TestFile    Now processing file /home/runner/work/key/key/key.core/../key.ui/examples/heap/polarity_tests/wellformed2.key 
11404      INFO  main            d.u.i.k.p.i.AbstractProblemLoader Loading environment from /home/runner/work/key/key/key.core/../key.ui/examples/heap/polarity_tests/wellformed2.key 
11404      DEBUG main            d.u.i.k.p.i.AbstractProblemLoader Environment load took 273.81ns 
11406      INFO  main            d.u.i.k.p.i.AbstractProblemLoader Creating init config 
14143      DEBUG main            d.u.i.k.p.i.AbstractProblemLoader Init config took 2.74s 
14173      INFO  main            d.u.i.k.p.i.AbstractProblemLoader Replaying proof wellformed2.key 
14175      DEBUG main            d.u.i.k.p.i.IntermediateProofReplayer Proof replay took 6.2ns 
14278      INFO  main            d.u.i.k.p.r.p.TestFile    ... finished proof: open goal(s) 
14402      INFO  main            d.u.i.k.p.r.p.TestFile    Now processing file /home/runner/work/key/key/key.core/../key.ui/examples/heap/polarity_tests/wellformed3.key 
14402      INFO  main            d.u.i.k.p.i.AbstractProblemLoader Loading environment from /home/runner/work/key/key/key.core/../key.ui/examples/heap/polarity_tests/wellformed3.key 
14402      DEBUG main            d.u.i.k.p.i.AbstractProblemLoader Environment load took 108.8ns 
14404      INFO  main            d.u.i.k.p.i.AbstractProblemLoader Creating init config 
17067      DEBUG main            d.u.i.k.p.i.AbstractProblemLoader Init config took 2.66s 
17092      INFO  main            d.u.i.k.p.i.AbstractProblemLoader Replaying proof wellformed3.key 
17094      DEBUG main            d.u.i.k.p.i.IntermediateProofReplayer Proof replay took 5.6ns 
17200      INFO  main            d.u.i.k.p.r.p.TestFile    ... finished proof: closed. 
17332      INFO  main            d.u.i.k.p.i.AbstractProblemLoader Loading environment from /home/runner/work/key/key/key.core/../key.ui/examples/heap/polarity_tests/wellformed3.key.proof 
17332      DEBUG main            d.u.i.k.p.i.AbstractProblemLoader Environment load took 148.4ns 
17333      INFO  main            d.u.i.k.p.i.AbstractProblemLoader Creating init config 
19904      DEBUG main            d.u.i.k.p.i.AbstractProblemLoader Init config took 2.57s 
19928      INFO  main            d.u.i.k.p.i.AbstractProblemLoader Replaying proof wellformed3.key.proof 
19939      DEBUG main            d.u.i.k.p.i.IntermediateProofReplayer Proof replay took 6.32ms 
19941      DEBUG main            d.u.i.k.p.r.p.TestFile    ... success: reloaded. 
19942      INFO  main            d.u.i.k.p.r.p.TestFile    Now processing file /home/runner/work/key/key/key.core/../key.ui/examples/heap/polarity_tests/wellformed4.key 
19943      INFO  main            d.u.i.k.p.i.AbstractProblemLoader Loading environment from /home/runner/work/key/key/key.core/../key.ui/examples/heap/polarity_tests/wellformed4.key 
19943      DEBUG main            d.u.i.k.p.i.AbstractProblemLoader Environment load took 250.9ns 
19950      INFO  main            d.u.i.k.p.i.AbstractProblemLoader Creating init config 
22634      DEBUG main            d.u.i.k.p.i.AbstractProblemLoader Init config took 2.68s 
22655      INFO  main            d.u.i.k.p.i.AbstractProblemLoader Replaying proof wellformed4.key 
22656      DEBUG main            d.u.i.k.p.i.IntermediateProofReplayer Proof replay took 5.4ns 
22760      INFO  main            d.u.i.k.p.r.p.TestFile    ... finished proof: open goal(s) 
22899      INFO  main            d.u.i.k.p.r.p.TestFile    Now processing file /home/runner/work/key/key/key.core/../key.ui/examples/heap/polarity_tests/wellformed5.key 
22899      INFO  main            d.u.i.k.p.i.AbstractProblemLoader Loading environment from /home/runner/work/key/key/key.core/../key.ui/examples/heap/polarity_tests/wellformed5.key 
22899      DEBUG main            d.u.i.k.p.i.AbstractProblemLoader Environment load took 73.2ns 
22900      INFO  main            d.u.i.k.p.i.AbstractProblemLoader Creating init config 
25469      DEBUG main            d.u.i.k.p.i.AbstractProblemLoader Init config took 2.57s 
25489      INFO  main            d.u.i.k.p.i.AbstractProblemLoader Replaying proof wellformed5.key 
25490      DEBUG main            d.u.i.k.p.i.IntermediateProofReplayer Proof replay took 6ns 
25597      INFO  main            d.u.i.k.p.r.p.TestFile    ... finished proof: closed. 
25718      INFO  main            d.u.i.k.p.i.AbstractProblemLoader Loading environment from /home/runner/work/key/key/key.core/../key.ui/examples/heap/polarity_tests/wellformed5.key.proof 
25718      DEBUG main            d.u.i.k.p.i.AbstractProblemLoader Environment load took 128.8ns 
25721      INFO  main            d.u.i.k.p.i.AbstractProblemLoader Creating init config 
28272      DEBUG main            d.u.i.k.p.i.AbstractProblemLoader Init config took 2.55s 
28293      INFO  main            d.u.i.k.p.i.AbstractProblemLoader Replaying proof wellformed5.key.proof 
28296      DEBUG main            d.u.i.k.p.i.IntermediateProofReplayer Proof replay took 919.72ns 
28297      DEBUG main            d.u.i.k.p.r.p.TestFile    ... success: reloaded. 
28298      INFO  main            d.u.i.k.p.r.p.TestFile    Now processing file /home/runner/work/key/key/key.core/../key.ui/examples/heap/polarity_tests/wellformed6.key 
28299      INFO  main            d.u.i.k.p.i.AbstractProblemLoader Loading environment from /home/runner/work/key/key/key.core/../key.ui/examples/heap/polarity_tests/wellformed6.key 
28299      DEBUG main            d.u.i.k.p.i.AbstractProblemLoader Environment load took 244.8ns 
28300      INFO  main            d.u.i.k.p.i.AbstractProblemLoader Creating init config 
30884      DEBUG main            d.u.i.k.p.i.AbstractProblemLoader Init config took 2.58s 
30904      INFO  main            d.u.i.k.p.i.AbstractProblemLoader Replaying proof wellformed6.key 
30905      DEBUG main            d.u.i.k.p.i.IntermediateProofReplayer Proof replay took 6.8ns 
31008      INFO  main            d.u.i.k.p.r.p.TestFile    ... finished proof: open goal(s) 
31148      INFO  main            d.u.i.k.p.r.p.TestFile    Now processing file /home/runner/work/key/key/key.core/../key.ui/examples/heap/polarity_tests/wellformed7.key 
31148      INFO  main            d.u.i.k.p.i.AbstractProblemLoader Loading environment from /home/runner/work/key/key/key.core/../key.ui/examples/heap/polarity_tests/wellformed7.key 
31148      DEBUG main            d.u.i.k.p.i.AbstractProblemLoader Environment load took 76.3ns 
31150      INFO  main            d.u.i.k.p.i.AbstractProblemLoader Creating init config 
33674      DEBUG main            d.u.i.k.p.i.AbstractProblemLoader Init config took 2.52s 
33693      INFO  main            d.u.i.k.p.i.AbstractProblemLoader Replaying proof wellformed7.key 
33695      DEBUG main            d.u.i.k.p.i.IntermediateProofReplayer Proof replay took 6.1ns 
33797      INFO  main            d.u.i.k.p.r.p.TestFile    ... finished proof: closed. 
33931      INFO  main            d.u.i.k.p.i.AbstractProblemLoader Loading environment from /home/runner/work/key/key/key.core/../key.ui/examples/heap/polarity_tests/wellformed7.key.proof 
33931      DEBUG main            d.u.i.k.p.i.AbstractProblemLoader Environment load took 130.9ns 
33933      INFO  main            d.u.i.k.p.i.AbstractProblemLoader Creating init config 
36454      DEBUG main            d.u.i.k.p.i.AbstractProblemLoader Init config took 2.52s 
36474      INFO  main            d.u.i.k.p.i.AbstractProblemLoader Replaying proof wellformed7.key.proof 
36477      DEBUG main            d.u.i.k.p.i.IntermediateProofReplayer Proof replay took 1.3ms 
36478      DEBUG main            d.u.i.k.p.r.p.TestFile    ... success: reloaded. 
36479      INFO  main            d.u.i.k.p.r.p.TestFile    Now processing file /home/runner/work/key/key/key.core/../key.ui/examples/heap/polarity_tests/wellformed8.key 
36480      INFO  main            d.u.i.k.p.i.AbstractProblemLoader Loading environment from /home/runner/work/key/key/key.core/../key.ui/examples/heap/polarity_tests/wellformed8.key 
36480      DEBUG main            d.u.i.k.p.i.AbstractProblemLoader Environment load took 240.4ns 
36481      INFO  main            d.u.i.k.p.i.AbstractProblemLoader Creating init config 
39033      DEBUG main            d.u.i.k.p.i.AbstractProblemLoader Init config took 2.55s 
39051      INFO  main            d.u.i.k.p.i.AbstractProblemLoader Replaying proof wellformed8.key 
39052      DEBUG main            d.u.i.k.p.i.IntermediateProofReplayer Proof replay took 7.4ns 
39155      INFO  main            d.u.i.k.p.r.p.TestFile    ... finished proof: open goal(s) 
39327      INFO  main            d.u.i.k.p.r.p.TestFile    Now processing file /home/runner/work/key/key/key.core/../key.ui/examples/heap/polarity_tests/wellformed9.key 
39327      INFO  main            d.u.i.k.p.i.AbstractProblemLoader Loading environment from /home/runner/work/key/key/key.core/../key.ui/examples/heap/polarity_tests/wellformed9.key 
39327      DEBUG main            d.u.i.k.p.i.AbstractProblemLoader Environment load took 77.6ns 
39328      INFO  main            d.u.i.k.p.i.AbstractProblemLoader Creating init config 
41830      DEBUG main            d.u.i.k.p.i.AbstractProblemLoader Init config took 2.5s 
41848      INFO  main            d.u.i.k.p.i.AbstractProblemLoader Replaying proof wellformed9.key 
41849      DEBUG main            d.u.i.k.p.i.IntermediateProofReplayer Proof replay took 6.5ns 
41952      INFO  main            d.u.i.k.p.r.p.TestFile    ... finished proof: closed. 
42098      INFO  main            d.u.i.k.p.i.AbstractProblemLoader Loading environment from /home/runner/work/key/key/key.core/../key.ui/examples/heap/polarity_tests/wellformed9.key.proof 
42099      DEBUG main            d.u.i.k.p.i.AbstractProblemLoader Environment load took 1.12ms 
42101      INFO  main            d.u.i.k.p.i.AbstractProblemLoader Creating init config 
44653      DEBUG main            d.u.i.k.p.i.AbstractProblemLoader Init config took 2.55s 
44670      INFO  main            d.u.i.k.p.i.AbstractProblemLoader Replaying proof wellformed9.key.proof 
44673      DEBUG main            d.u.i.k.p.i.IntermediateProofReplayer Proof replay took 1.41ms 
44674      DEBUG main            d.u.i.k.p.r.p.TestFile    ... success: reloaded. 
44675      INFO  main            d.u.i.k.p.r.p.TestFile    Now processing file /home/runner/work/key/key/key.core/../key.ui/examples/heap/polarity_tests/wellformed10.key 
44675      INFO  main            d.u.i.k.p.i.AbstractProblemLoader Loading environment from /home/runner/work/key/key/key.core/../key.ui/examples/heap/polarity_tests/wellformed10.key 
44675      DEBUG main            d.u.i.k.p.i.AbstractProblemLoader Environment load took 106.4ns 
44676      INFO  main            d.u.i.k.p.i.AbstractProblemLoader Creating init config 
47197      DEBUG main            d.u.i.k.p.i.AbstractProblemLoader Init config took 2.52s 
47214      INFO  main            d.u.i.k.p.i.AbstractProblemLoader Replaying proof wellformed10.key 
47215      DEBUG main            d.u.i.k.p.i.IntermediateProofReplayer Proof replay took 6.1ns 
47320      INFO  main            d.u.i.k.p.r.p.TestFile    ... finished proof: open goal(s) 
47474      INFO  main            d.u.i.k.p.r.p.TestFile    Now processing file /home/runner/work/key/key/key.core/../key.ui/examples/heap/polarity_tests/wellformed11.key 
47475      INFO  main            d.u.i.k.p.i.AbstractProblemLoader Loading environment from /home/runner/work/key/key/key.core/../key.ui/examples/heap/polarity_tests/wellformed11.key 
47475      DEBUG main            d.u.i.k.p.i.AbstractProblemLoader Environment load took 79.9ns 
47476      INFO  main            d.u.i.k.p.i.AbstractProblemLoader Creating init config 
49963      DEBUG main            d.u.i.k.p.i.AbstractProblemLoader Init config took 2.49s 
49993      INFO  main            d.u.i.k.p.i.AbstractProblemLoader Replaying proof wellformed11.key 
49998      DEBUG main            d.u.i.k.p.i.IntermediateProofReplayer Proof replay took 8.2ns 
50101      INFO  main            d.u.i.k.p.r.p.TestFile    ... finished proof: open goal(s) 
492113     INFO  Test worker     d.u.i.k.p.r.p.StatisticsFile Returning from test applicationRestrictions 
492119     INFO  Test worker     d.u.i.k.p.r.p.StatisticsFile Running test blockContracts 
358        INFO  Timeout watchdog d.u.i.k.p.r.p.ForkedTestFileRunner Timeout watcher launched (2000 secs.) 
361        WARN  main            d.u.i.k.s.ProofSettings   The settings in /home/runner/.key/proof-settings.props are *not* read. 
413        INFO  main            d.u.i.k.p.r.p.TestFile    Now processing file /home/runner/work/key/key/key.core/../key.ui/examples/heap/block_contracts/Simple__add.key 
563        INFO  main            d.u.i.k.p.i.AbstractProblemLoader Loading environment from /home/runner/work/key/key/key.core/../key.ui/examples/heap/block_contracts/Simple__add.key 
584        DEBUG main            d.u.i.k.p.i.AbstractProblemLoader Environment load took 2.02ms 
798        INFO  main            d.u.i.k.p.i.AbstractProblemLoader Creating init config 
1680       DEBUG main            d.u.i.k.j.TypeConverter   No LDT found for Meta 
1680       DEBUG main            d.u.i.k.j.TypeConverter   No LDT found for Meta 
1684       DEBUG main            d.u.i.k.j.TypeConverter   No LDT found for Meta 
1686       DEBUG main            d.u.i.k.j.TypeConverter   No LDT found for Meta 
3309       DEBUG main            d.u.i.k.j.TypeConverter   No LDT found for JavaBigintExpression 
8646       DEBUG main            d.u.i.k.p.i.AbstractProblemLoader Init config took 7.85s 
8770       INFO  main            d.u.i.k.p.i.AbstractProblemLoader Replaying proof Simple[Simple::add(int,int)].JML operation contract.0 
8879       DEBUG main            d.u.i.k.p.i.IntermediateProofReplayer Proof replay took 389.21ns 
9620       INFO  main            d.u.i.k.p.r.p.TestFile    ... finished proof: closed. 
9731       INFO  main            d.u.i.k.p.i.AbstractProblemLoader Loading environment from /home/runner/work/key/key/key.core/../key.ui/examples/heap/block_contracts/Simple__add.key.proof 
9731       DEBUG main            d.u.i.k.p.i.AbstractProblemLoader Environment load took 152.6ns 
9736       INFO  main            d.u.i.k.p.i.AbstractProblemLoader Creating init config 
12874      DEBUG main            d.u.i.k.p.i.AbstractProblemLoader Init config took 3.14s 
12937      INFO  main            d.u.i.k.p.i.AbstractProblemLoader Replaying proof Simple[Simple::add(int,int)].JML operation contract.0 
12996      DEBUG main            d.u.i.k.p.i.IntermediateProofReplayer Proof replay took 55.18ms 
13003      DEBUG main            d.u.i.k.p.r.p.TestFile    ... success: reloaded. 
13005      INFO  main            d.u.i.k.p.r.p.TestFile    Now processing file /home/runner/work/key/key/key.core/../key.ui/examples/heap/block_contracts/Simple__addAbsoluteValues.key 
13006      INFO  main            d.u.i.k.p.i.AbstractProblemLoader Loading environment from /home/runner/work/key/key/key.core/../key.ui/examples/heap/block_contracts/Simple__addAbsoluteValues.key 
13006      DEBUG main            d.u.i.k.p.i.AbstractProblemLoader Environment load took 601.41ns 
13008      INFO  main            d.u.i.k.p.i.AbstractProblemLoader Creating init config 
16025      DEBUG main            d.u.i.k.p.i.AbstractProblemLoader Init config took 3.02s 
16086      INFO  main            d.u.i.k.p.i.AbstractProblemLoader Replaying proof Simple[Simple::addAbsoluteValues(int,int)].JML normal_behavior operation contract.0 
16089      DEBUG main            d.u.i.k.p.i.IntermediateProofReplayer Proof replay took 11.9ns 
17002      INFO  main            d.u.i.k.p.r.p.TestFile    ... finished proof: closed. 
17222      INFO  main            d.u.i.k.p.i.AbstractProblemLoader Loading environment from /home/runner/work/key/key/key.core/../key.ui/examples/heap/block_contracts/Simple__addAbsoluteValues.key.proof 
17224      DEBUG main            d.u.i.k.p.i.AbstractProblemLoader Environment load took 2ms 
17226      INFO  main            d.u.i.k.p.i.AbstractProblemLoader Creating init config 
20233      DEBUG main            d.u.i.k.p.i.AbstractProblemLoader Init config took 3.01s 
20285      INFO  main            d.u.i.k.p.i.AbstractProblemLoader Replaying proof Simple[Simple::addAbsoluteValues(int,int)].JML normal_behavior operation contract.0 
20429      DEBUG main            d.u.i.k.p.i.IntermediateProofReplayer Proof replay took 134.93ms 
20430      DEBUG main            d.u.i.k.p.r.p.TestFile    ... success: reloaded. 
20432      INFO  main            d.u.i.k.p.r.p.TestFile    Now processing file /home/runner/work/key/key/key.core/../key.ui/examples/heap/block_contracts/Simple__addWithJump.key 
20432      INFO  main            d.u.i.k.p.i.AbstractProblemLoader Loading environment from /home/runner/work/key/key/key.core/../key.ui/examples/heap/block_contracts/Simple__addWithJump.key 
20432      DEBUG main            d.u.i.k.p.i.AbstractProblemLoader Environment load took 255.8ns 
20434      INFO  main            d.u.i.k.p.i.AbstractProblemLoader Creating init config 
23353      DEBUG main            d.u.i.k.p.i.AbstractProblemLoader Init config took 2.92s 
23403      INFO  main            d.u.i.k.p.i.AbstractProblemLoader Replaying proof Simple[Simple::addWithJump(int,int,int)].JML operation contract.0 
23406      DEBUG main            d.u.i.k.p.i.IntermediateProofReplayer Proof replay took 21.2ns 
23610      INFO  main            d.u.i.k.p.r.p.TestFile    ... finished proof: closed. 
23789      INFO  main            d.u.i.k.p.i.AbstractProblemLoader Loading environment from /home/runner/work/key/key/key.core/../key.ui/examples/heap/block_contracts/Simple__addWithJump.key.proof 
23789      DEBUG main            d.u.i.k.p.i.AbstractProblemLoader Environment load took 133ns 
23790      INFO  main            d.u.i.k.p.i.AbstractProblemLoader Creating init config 
26708      DEBUG main            d.u.i.k.p.i.AbstractProblemLoader Init config took 2.92s 
26771      INFO  main            d.u.i.k.p.i.AbstractProblemLoader Replaying proof Simple[Simple::addWithJump(int,int,int)].JML operation contract.0 
26815      DEBUG main            d.u.i.k.p.i.IntermediateProofReplayer Proof replay took 40.02ms 
26817      DEBUG main            d.u.i.k.p.r.p.TestFile    ... success: reloaded. 
26820      INFO  main            d.u.i.k.p.r.p.TestFile    Now processing file /home/runner/work/key/key/key.core/../key.ui/examples/heap/block_contracts/Simple__addWithTwoBlockContracts.key 
26820      INFO  main            d.u.i.k.p.i.AbstractProblemLoader Loading environment from /home/runner/work/key/key/key.core/../key.ui/examples/heap/block_contracts/Simple__addWithTwoBlockContracts.key 
26820      DEBUG main            d.u.i.k.p.i.AbstractProblemLoader Environment load took 149.7ns 
26823      INFO  main            d.u.i.k.p.i.AbstractProblemLoader Creating init config 
29728      DEBUG main            d.u.i.k.p.i.AbstractProblemLoader Init config took 2.9s 
29776      INFO  main            d.u.i.k.p.i.AbstractProblemLoader Replaying proof Simple[Simple::addWithTwoBlockContracts(int,int,int)].JML operation contract.0 
29778      DEBUG main            d.u.i.k.p.i.IntermediateProofReplayer Proof replay took 10.3ns 
30081      INFO  main            d.u.i.k.p.r.p.TestFile    ... finished proof: closed. 
30279      INFO  main            d.u.i.k.p.i.AbstractProblemLoader Loading environment from /home/runner/work/key/key/key.core/../key.ui/examples/heap/block_contracts/Simple__addWithTwoBlockContracts.key.proof 
30279      DEBUG main            d.u.i.k.p.i.AbstractProblemLoader Environment load took 143.2ns 
30280      INFO  main            d.u.i.k.p.i.AbstractProblemLoader Creating init config 
33198      DEBUG main            d.u.i.k.p.i.AbstractProblemLoader Init config took 2.92s 
33247      INFO  main            d.u.i.k.p.i.AbstractProblemLoader Replaying proof Simple[Simple::addWithTwoBlockContracts(int,int,int)].JML operation contract.0 
33298      DEBUG main            d.u.i.k.p.i.IntermediateProofReplayer Proof replay took 47.76ms 
33299      DEBUG main            d.u.i.k.p.r.p.TestFile    ... success: reloaded. 
33300      INFO  main            d.u.i.k.p.r.p.TestFile    Now processing file /home/runner/work/key/key/key.core/../key.ui/examples/heap/block_contracts/Simple__generateByteArray.key 
33300      INFO  main            d.u.i.k.p.i.AbstractProblemLoader Loading environment from /home/runner/work/key/key/key.core/../key.ui/examples/heap/block_contracts/Simple__generateByteArray.key 
33300      DEBUG main            d.u.i.k.p.i.AbstractProblemLoader Environment load took 75.5ns 
33301      INFO  main            d.u.i.k.p.i.AbstractProblemLoader Creating init config 
36179      DEBUG main            d.u.i.k.p.i.AbstractProblemLoader Init config took 2.88s 
36227      INFO  main            d.u.i.k.p.i.AbstractProblemLoader Replaying proof Simple[Simple::generateByteArray()].JML normal_behavior operation contract.0 
36231      DEBUG main            d.u.i.k.p.i.IntermediateProofReplayer Proof replay took 10.8ns 
38161      INFO  main            d.u.i.k.p.r.p.TestFile    ... finished proof: closed. 
38404      INFO  main            d.u.i.k.p.i.AbstractProblemLoader Loading environment from /home/runner/work/key/key/key.core/../key.ui/examples/heap/block_contracts/Simple__generateByteArray.key.proof 
38408      DEBUG main            d.u.i.k.p.i.AbstractProblemLoader Environment load took 3.75ms 
38410      INFO  main            d.u.i.k.p.i.AbstractProblemLoader Creating init config 
41208      DEBUG main            d.u.i.k.p.i.AbstractProblemLoader Init config took 2.8s 
41255      INFO  main            d.u.i.k.p.i.AbstractProblemLoader Replaying proof Simple[Simple::generateByteArray()].JML normal_behavior operation contract.0 
41457      DEBUG main            d.u.i.k.p.i.IntermediateProofReplayer Proof replay took 189.31ms 
41460      DEBUG main            d.u.i.k.p.r.p.TestFile    ... success: reloaded. 
41461      INFO  main            d.u.i.k.p.r.p.TestFile    Now processing file /home/runner/work/key/key/key.core/../key.ui/examples/heap/block_contracts/Simple__getLength.key 
41462      INFO  main            d.u.i.k.p.i.AbstractProblemLoader Loading environment from /home/runner/work/key/key/key.core/../key.ui/examples/heap/block_contracts/Simple__getLength.key 
41463      DEBUG main            d.u.i.k.p.i.AbstractProblemLoader Environment load took 609.81ns 
41464      INFO  main            d.u.i.k.p.i.AbstractProblemLoader Creating init config 
44305      DEBUG main            d.u.i.k.p.i.AbstractProblemLoader Init config took 2.84s 
44350      INFO  main            d.u.i.k.p.i.AbstractProblemLoader Replaying proof Simple[Simple::getLength()].JML normal_behavior operation contract.0 
44352      DEBUG main            d.u.i.k.p.i.IntermediateProofReplayer Proof replay took 10.2ns 
44458      INFO  main            d.u.i.k.p.r.p.TestFile    ... finished proof: closed. 
44666      INFO  main            d.u.i.k.p.i.AbstractProblemLoader Loading environment from /home/runner/work/key/key/key.core/../key.ui/examples/heap/block_contracts/Simple__getLength.key.proof 
44666      DEBUG main            d.u.i.k.p.i.AbstractProblemLoader Environment load took 133.7ns 
44667      INFO  main            d.u.i.k.p.i.AbstractProblemLoader Creating init config 
47505      DEBUG main            d.u.i.k.p.i.AbstractProblemLoader Init config took 2.84s 
47547      INFO  main            d.u.i.k.p.i.AbstractProblemLoader Replaying proof Simple[Simple::getLength()].JML normal_behavior operation contract.0 
47555      DEBUG main            d.u.i.k.p.i.IntermediateProofReplayer Proof replay took 6.25ms 
47556      DEBUG main            d.u.i.k.p.r.p.TestFile    ... success: reloaded. 
47557      INFO  main            d.u.i.k.p.r.p.TestFile    Now processing file /home/runner/work/key/key/key.core/../key.ui/examples/heap/block_contracts/Simple__square.key 
47557      INFO  main            d.u.i.k.p.i.AbstractProblemLoader Loading environment from /home/runner/work/key/key/key.core/../key.ui/examples/heap/block_contracts/Simple__square.key 
47557      DEBUG main            d.u.i.k.p.i.AbstractProblemLoader Environment load took 137.6ns 
47558      INFO  main            d.u.i.k.p.i.AbstractProblemLoader Creating init config 
50365      DEBUG main            d.u.i.k.p.i.AbstractProblemLoader Init config took 2.81s 
50410      INFO  main            d.u.i.k.p.i.AbstractProblemLoader Replaying proof Simple[Simple::square(int)].JML operation contract.0 
50413      DEBUG main            d.u.i.k.p.i.IntermediateProofReplayer Proof replay took 12ns 
50816      INFO  main            d.u.i.k.p.r.p.TestFile    ... finished proof: closed. 
51005      INFO  main            d.u.i.k.p.i.AbstractProblemLoader Loading environment from /home/runner/work/key/key/key.core/../key.ui/examples/heap/block_contracts/Simple__square.key.proof 
51005      DEBUG main            d.u.i.k.p.i.AbstractProblemLoader Environment load took 129.1ns 
51007      INFO  main            d.u.i.k.p.i.AbstractProblemLoader Creating init config 
53814      DEBUG main            d.u.i.k.p.i.AbstractProblemLoader Init config took 2.81s 
53854      INFO  main            d.u.i.k.p.i.AbstractProblemLoader Replaying proof Simple[Simple::square(int)].JML operation contract.0 
53927      DEBUG main            d.u.i.k.p.i.IntermediateProofReplayer Proof replay took 69.73ms 
53928      DEBUG main            d.u.i.k.p.r.p.TestFile    ... success: reloaded. 
53930      INFO  main            d.u.i.k.p.r.p.TestFile    Now processing file /home/runner/work/key/key/key.core/../key.ui/examples/heap/block_contracts/Simple__unnecessaryBlockContract.key 
53930      INFO  main            d.u.i.k.p.i.AbstractProblemLoader Loading environment from /home/runner/work/key/key/key.core/../key.ui/examples/heap/block_contracts/Simple__unnecessaryBlockContract.key 
53930      DEBUG main            d.u.i.k.p.i.AbstractProblemLoader Environment load took 232.1ns 
53931      INFO  main            d.u.i.k.p.i.AbstractProblemLoader Creating init config 
56727      DEBUG main            d.u.i.k.p.i.AbstractProblemLoader Init config took 2.8s 
56767      INFO  main            d.u.i.k.p.i.AbstractProblemLoader Replaying proof Simple[Simple::unnecessaryBlockContract()].JML operation contract.0 
56769      DEBUG main            d.u.i.k.p.i.IntermediateProofReplayer Proof replay took 13.6ns 
56872      INFO  main            d.u.i.k.p.r.p.TestFile    ... finished proof: closed. 
57079      INFO  main            d.u.i.k.p.i.AbstractProblemLoader Loading environment from /home/runner/work/key/key/key.core/../key.ui/examples/heap/block_contracts/Simple__unnecessaryBlockContract.key.proof 
57079      DEBUG main            d.u.i.k.p.i.AbstractProblemLoader Environment load took 137.9ns 
57082      INFO  main            d.u.i.k.p.i.AbstractProblemLoader Creating init config 
59914      DEBUG main            d.u.i.k.p.i.AbstractProblemLoader Init config took 2.83s 
59957      INFO  main            d.u.i.k.p.i.AbstractProblemLoader Replaying proof Simple[Simple::unnecessaryBlockContract()].JML operation contract.0 
59976      DEBUG main            d.u.i.k.p.i.IntermediateProofReplayer Proof replay took 16.74ms 
59977      DEBUG main            d.u.i.k.p.r.p.TestFile    ... success: reloaded. 
59982      INFO  main            d.u.i.k.p.r.p.TestFile    Now processing file /home/runner/work/key/key/key.core/../key.ui/examples/heap/block_contracts/Simple__unnecessaryLoopInvariant.key 
59984      INFO  main            d.u.i.k.p.i.AbstractProblemLoader Loading environment from /home/runner/work/key/key/key.core/../key.ui/examples/heap/block_contracts/Simple__unnecessaryLoopInvariant.key 
59985      DEBUG main            d.u.i.k.p.i.AbstractProblemLoader Environment load took 551.51ns 
59986      INFO  main            d.u.i.k.p.i.AbstractProblemLoader Creating init config 
62791      DEBUG main            d.u.i.k.p.i.AbstractProblemLoader Init config took 2.81s 
62830      INFO  main            d.u.i.k.p.i.AbstractProblemLoader Replaying proof Simple[Simple::unnecessaryLoopInvariant()].JML operation contract.0 
62832      DEBUG main            d.u.i.k.p.i.IntermediateProofReplayer Proof replay took 11.5ns 
62934      INFO  main            d.u.i.k.p.r.p.TestFile    ... finished proof: closed. 
63131      INFO  main            d.u.i.k.p.i.AbstractProblemLoader Loading environment from /home/runner/work/key/key/key.core/../key.ui/examples/heap/block_contracts/Simple__unnecessaryLoopInvariant.key.proof 
63131      DEBUG main            d.u.i.k.p.i.AbstractProblemLoader Environment load took 118.3ns 
63132      INFO  main            d.u.i.k.p.i.AbstractProblemLoader Creating init config 
65882      DEBUG main            d.u.i.k.p.i.AbstractProblemLoader Init config took 2.75s 
65920      INFO  main            d.u.i.k.p.i.AbstractProblemLoader Replaying proof Simple[Simple::unnecessaryLoopInvariant()].JML operation contract.0 
65945      DEBUG main            d.u.i.k.p.i.IntermediateProofReplayer Proof replay took 9.38ms 
65946      DEBUG main            d.u.i.k.p.r.p.TestFile    ... success: reloaded. 
65947      INFO  main            d.u.i.k.p.r.p.TestFile    Now processing file /home/runner/work/key/key/key.core/../key.ui/examples/standard_key/java_dl/jml-assert/assert.key 
65947      INFO  main            d.u.i.k.p.i.AbstractProblemLoader Loading environment from /home/runner/work/key/key/key.core/../key.ui/examples/standard_key/java_dl/jml-assert/assert.key 
65948      DEBUG main            d.u.i.k.p.i.AbstractProblemLoader Environment load took 232.7ns 
65949      INFO  main            d.u.i.k.p.i.AbstractProblemLoader Creating init config 
68402      DEBUG main            d.u.i.k.p.i.AbstractProblemLoader Init config took 2.45s 
68441      INFO  main            d.u.i.k.p.i.AbstractProblemLoader Replaying proof Assert[Assert::createArray(int)].JML normal_behavior operation contract.0 
68443      DEBUG main            d.u.i.k.p.i.IntermediateProofReplayer Proof replay took 6.6ns 
68646      INFO  main            d.u.i.k.p.r.p.TestFile    ... finished proof: closed. 
68853      INFO  main            d.u.i.k.p.i.AbstractProblemLoader Loading environment from /home/runner/work/key/key/key.core/../key.ui/examples/standard_key/java_dl/jml-assert/assert.key.proof 
68853      DEBUG main            d.u.i.k.p.i.AbstractProblemLoader Environment load took 124.4ns 
68854      INFO  main            d.u.i.k.p.i.AbstractProblemLoader Creating init config 
71288      DEBUG main            d.u.i.k.p.i.AbstractProblemLoader Init config took 2.43s 
71326      INFO  main            d.u.i.k.p.i.AbstractProblemLoader Replaying proof Assert[Assert::createArray(int)].JML normal_behavior operation contract.0 
71361      DEBUG main            d.u.i.k.p.i.IntermediateProofReplayer Proof replay took 32.6ms 
71362      DEBUG main            d.u.i.k.p.r.p.TestFile    ... success: reloaded. 
71364      INFO  main            d.u.i.k.p.r.p.TestFile    Now processing file /home/runner/work/key/key/key.core/../key.ui/examples/standard_key/java_dl/jml-assert/assert_assume_order.key 
71364      INFO  main            d.u.i.k.p.i.AbstractProblemLoader Loading environment from /home/runner/work/key/key/key.core/../key.ui/examples/standard_key/java_dl/jml-assert/assert_assume_order.key 
71364      DEBUG main            d.u.i.k.p.i.AbstractProblemLoader Environment load took 104.1ns 
71365      INFO  main            d.u.i.k.p.i.AbstractProblemLoader Creating init config 
73895      DEBUG main            d.u.i.k.p.i.AbstractProblemLoader Init config took 2.53s 
73932      INFO  main            d.u.i.k.p.i.AbstractProblemLoader Replaying proof AssertAssume[AssertAssume::singleAssumeAssert(int)].JML normal_behavior operation contract.0 
73933      DEBUG main            d.u.i.k.p.i.IntermediateProofReplayer Proof replay took 6.9ns 
74035      INFO  main            d.u.i.k.p.r.p.TestFile    ... finished proof: closed. 
74228      INFO  main            d.u.i.k.p.i.AbstractProblemLoader Loading environment from /home/runner/work/key/key/key.core/../key.ui/examples/standard_key/java_dl/jml-assert/assert_assume_order.key.proof 
74228      DEBUG main            d.u.i.k.p.i.AbstractProblemLoader Environment load took 137.6ns 
74230      INFO  main            d.u.i.k.p.i.AbstractProblemLoader Creating init config 
76627      DEBUG main            d.u.i.k.p.i.AbstractProblemLoader Init config took 2.4s 
76663      INFO  main            d.u.i.k.p.i.AbstractProblemLoader Replaying proof AssertAssume[AssertAssume::singleAssumeAssert(int)].JML normal_behavior operation contract.0 
76672      DEBUG main            d.u.i.k.p.i.IntermediateProofReplayer Proof replay took 6.73ms 
76674      DEBUG main            d.u.i.k.p.r.p.TestFile    ... success: reloaded. 
76675      INFO  main            d.u.i.k.p.r.p.TestFile    Now processing file /home/runner/work/key/key/key.core/../key.ui/examples/heap/block_loop_contracts/SimpleVariants/sum_onBlock_external.key 
76675      INFO  main            d.u.i.k.p.i.AbstractProblemLoader Loading environment from /home/runner/work/key/key/key.core/../key.ui/examples/heap/block_loop_contracts/SimpleVariants/sum_onBlock_external.key 
76675      DEBUG main            d.u.i.k.p.i.AbstractProblemLoader Environment load took 116ns 
76676      INFO  main            d.u.i.k.p.i.AbstractProblemLoader Creating init config 
79339      DEBUG main            d.u.i.k.p.i.AbstractProblemLoader Init config took 2.66s 
79375      INFO  main            d.u.i.k.p.i.AbstractProblemLoader Replaying proof LoopContractExamplesAll[LoopContractExamplesAll::sum_loopContract_onBlock([I)].JML normal_behavior operation contract.0 
79378      DEBUG main            d.u.i.k.p.i.IntermediateProofReplayer Proof replay took 11.4ns 
79482      INFO  main            d.u.i.k.p.r.p.TestFile    ... finished proof: closed. 
79712      INFO  main            d.u.i.k.p.i.AbstractProblemLoader Loading environment from /home/runner/work/key/key/key.core/../key.ui/examples/heap/block_loop_contracts/SimpleVariants/sum_onBlock_external.key.proof 
79712      DEBUG main            d.u.i.k.p.i.AbstractProblemLoader Environment load took 123.5ns 
79713      INFO  main            d.u.i.k.p.i.AbstractProblemLoader Creating init config 
82281      DEBUG main            d.u.i.k.p.i.AbstractProblemLoader Init config took 2.57s 
82317      INFO  main            d.u.i.k.p.i.AbstractProblemLoader Replaying proof LoopContractExamplesAll[LoopContractExamplesAll::sum_loopContract_onBlock([I)].JML normal_behavior operation contract.0 
82357      DEBUG main            d.u.i.k.p.i.IntermediateProofReplayer Proof replay took 37.97ms 
82358      DEBUG main            d.u.i.k.p.r.p.TestFile    ... success: reloaded. 
82359      INFO  main            d.u.i.k.p.r.p.TestFile    Now processing file /home/runner/work/key/key/key.core/../key.ui/examples/heap/block_loop_contracts/SimpleVariants/sum_onBlock_internal.key 
82359      INFO  main            d.u.i.k.p.i.AbstractProblemLoader Loading environment from /home/runner/work/key/key/key.core/../key.ui/examples/heap/block_loop_contracts/SimpleVariants/sum_onBlock_internal.key 
82359      DEBUG main            d.u.i.k.p.i.AbstractProblemLoader Environment load took 106.5ns 
82362      INFO  main            d.u.i.k.p.i.AbstractProblemLoader Creating init config 
85046      DEBUG main            d.u.i.k.p.i.AbstractProblemLoader Init config took 2.68s 
85081      INFO  main            d.u.i.k.p.i.AbstractProblemLoader Replaying proof LoopContractExamplesAll[LoopContractExamplesAll::sum_loopContract_onBlock([I)].JML normal_behavior operation contract.0 
85083      DEBUG main            d.u.i.k.p.i.IntermediateProofReplayer Proof replay took 10.7ns 
85787      INFO  main            d.u.i.k.p.r.p.TestFile    ... finished proof: closed. 
86033      INFO  main            d.u.i.k.p.i.AbstractProblemLoader Loading environment from /home/runner/work/key/key/key.core/../key.ui/examples/heap/block_loop_contracts/SimpleVariants/sum_onBlock_internal.key.proof 
86033      DEBUG main            d.u.i.k.p.i.AbstractProblemLoader Environment load took 121.3ns 
86034      INFO  main            d.u.i.k.p.i.AbstractProblemLoader Creating init config 
88604      DEBUG main            d.u.i.k.p.i.AbstractProblemLoader Init config took 2.57s 
88639      INFO  main            d.u.i.k.p.i.AbstractProblemLoader Replaying proof LoopContractExamplesAll[LoopContractExamplesAll::sum_loopContract_onBlock([I)].JML normal_behavior operation contract.0 
88824      DEBUG main            d.u.i.k.p.i.IntermediateProofReplayer Proof replay took 180.98ms 
88826      DEBUG main            d.u.i.k.p.r.p.TestFile    ... success: reloaded. 
88830      INFO  main            d.u.i.k.p.r.p.TestFile    Now processing file /home/runner/work/key/key/key.core/../key.ui/examples/heap/block_loop_contracts/SimpleVariants/sum_onBlock_loop.key 
88830      INFO  main            d.u.i.k.p.i.AbstractProblemLoader Loading environment from /home/runner/work/key/key/key.core/../key.ui/examples/heap/block_loop_contracts/SimpleVariants/sum_onBlock_loop.key 
88831      DEBUG main            d.u.i.k.p.i.AbstractProblemLoader Environment load took 366.11ns 
88834      INFO  main            d.u.i.k.p.i.AbstractProblemLoader Creating init config 
91574      DEBUG main            d.u.i.k.p.i.AbstractProblemLoader Init config took 2.74s 
91614      INFO  main            d.u.i.k.p.i.AbstractProblemLoader Replaying proof LoopContractExamplesAll[LoopContractExamplesAll::sum_loopContract_onBlock([I)].JML normal_behavior loop contract.0 
91616      DEBUG main            d.u.i.k.p.i.IntermediateProofReplayer Proof replay took 10.3ns 
92331      INFO  main            d.u.i.k.p.r.p.TestFile    ... finished proof: closed. 
92599      INFO  main            d.u.i.k.p.i.AbstractProblemLoader Loading environment from /home/runner/work/key/key/key.core/../key.ui/examples/heap/block_loop_contracts/SimpleVariants/sum_onBlock_loop.key.proof 
92601      DEBUG main            d.u.i.k.p.i.AbstractProblemLoader Environment load took 1.19ms 
92602      INFO  main            d.u.i.k.p.i.AbstractProblemLoader Creating init config 
95179      DEBUG main            d.u.i.k.p.i.AbstractProblemLoader Init config took 2.58s 
95215      INFO  main            d.u.i.k.p.i.AbstractProblemLoader Replaying proof LoopContractExamplesAll[LoopContractExamplesAll::sum_loopContract_onBlock([I)].JML normal_behavior loop contract.0 
95401      DEBUG main            d.u.i.k.p.i.IntermediateProofReplayer Proof replay took 181.04ms 
95402      DEBUG main            d.u.i.k.p.r.p.TestFile    ... success: reloaded. 
95403      INFO  main            d.u.i.k.p.r.p.TestFile    Now processing file /home/runner/work/key/key/key.core/../key.ui/examples/heap/block_loop_contracts/SimpleVariants/sum_onLoop_external.key 
95404      INFO  main            d.u.i.k.p.i.AbstractProblemLoader Loading environment from /home/runner/work/key/key/key.core/../key.ui/examples/heap/block_loop_contracts/SimpleVariants/sum_onLoop_external.key 
95404      DEBUG main            d.u.i.k.p.i.AbstractProblemLoader Environment load took 236.4ns 
95405      INFO  main            d.u.i.k.p.i.AbstractProblemLoader Creating init config 
98053      DEBUG main            d.u.i.k.p.i.AbstractProblemLoader Init config took 2.65s 
98087      INFO  main            d.u.i.k.p.i.AbstractProblemLoader Replaying proof LoopContractExamplesAll[LoopContractExamplesAll::sum_loopContract_onLoop([I)].JML normal_behavior operation contract.0 
98089      DEBUG main            d.u.i.k.p.i.IntermediateProofReplayer Proof replay took 24.6ns 
98191      INFO  main            d.u.i.k.p.r.p.TestFile    ... finished proof: closed. 
98441      INFO  main            d.u.i.k.p.i.AbstractProblemLoader Loading environment from /home/runner/work/key/key/key.core/../key.ui/examples/heap/block_loop_contracts/SimpleVariants/sum_onLoop_external.key.proof 
98441      DEBUG main            d.u.i.k.p.i.AbstractProblemLoader Environment load took 128.9ns 
98442      INFO  main            d.u.i.k.p.i.AbstractProblemLoader Creating init config 
101002     DEBUG main            d.u.i.k.p.i.AbstractProblemLoader Init config took 2.56s 
101036     INFO  main            d.u.i.k.p.i.AbstractProblemLoader Replaying proof LoopContractExamplesAll[LoopContractExamplesAll::sum_loopContract_onLoop([I)].JML normal_behavior operation contract.0 
101064     DEBUG main            d.u.i.k.p.i.IntermediateProofReplayer Proof replay took 25.56ms 
101065     DEBUG main            d.u.i.k.p.r.p.TestFile    ... success: reloaded. 
101066     INFO  main            d.u.i.k.p.r.p.TestFile    Now processing file /home/runner/work/key/key/key.core/../key.ui/examples/heap/block_loop_contracts/SimpleVariants/sum_onLoop_internal.key 
101067     INFO  main            d.u.i.k.p.i.AbstractProblemLoader Loading environment from /home/runner/work/key/key/key.core/../key.ui/examples/heap/block_loop_contracts/SimpleVariants/sum_onLoop_internal.key 
101067     DEBUG main            d.u.i.k.p.i.AbstractProblemLoader Environment load took 255.7ns 
101068     INFO  main            d.u.i.k.p.i.AbstractProblemLoader Creating init config 
103733     DEBUG main            d.u.i.k.p.i.AbstractProblemLoader Init config took 2.66s 
103767     INFO  main            d.u.i.k.p.i.AbstractProblemLoader Replaying proof LoopContractExamplesAll[LoopContractExamplesAll::sum_loopContract_onLoop([I)].JML normal_behavior operation contract.0 
103768     DEBUG main            d.u.i.k.p.i.IntermediateProofReplayer Proof replay took 9.8ns 
104371     INFO  main            d.u.i.k.p.r.p.TestFile    ... finished proof: closed. 
104647     INFO  main            d.u.i.k.p.i.AbstractProblemLoader Loading environment from /home/runner/work/key/key/key.core/../key.ui/examples/heap/block_loop_contracts/SimpleVariants/sum_onLoop_internal.key.proof 
104648     DEBUG main            d.u.i.k.p.i.AbstractProblemLoader Environment load took 133.1ns 
104649     INFO  main            d.u.i.k.p.i.AbstractProblemLoader Creating init config 
107228     DEBUG main            d.u.i.k.p.i.AbstractProblemLoader Init config took 2.58s 
107263     INFO  main            d.u.i.k.p.i.AbstractProblemLoader Replaying proof LoopContractExamplesAll[LoopContractExamplesAll::sum_loopContract_onLoop([I)].JML normal_behavior operation contract.0 
107438     DEBUG main            d.u.i.k.p.i.IntermediateProofReplayer Proof replay took 170.84ms 
107440     DEBUG main            d.u.i.k.p.r.p.TestFile    ... success: reloaded. 
107441     INFO  main            d.u.i.k.p.r.p.TestFile    Now processing file /home/runner/work/key/key/key.core/../key.ui/examples/heap/block_loop_contracts/SimpleVariants/sum_onLoop_loop.key 
107441     INFO  main            d.u.i.k.p.i.AbstractProblemLoader Loading environment from /home/runner/work/key/key/key.core/../key.ui/examples/heap/block_loop_contracts/SimpleVariants/sum_onLoop_loop.key 
107441     DEBUG main            d.u.i.k.p.i.AbstractProblemLoader Environment load took 253ns 
107442     INFO  main            d.u.i.k.p.i.AbstractProblemLoader Creating init config 
110093     DEBUG main            d.u.i.k.p.i.AbstractProblemLoader Init config took 2.65s 
110150     INFO  main            d.u.i.k.p.i.AbstractProblemLoader Replaying proof LoopContractExamplesAll[LoopContractExamplesAll::sum_loopContract_onLoop([I)].JML normal_behavior loop contract.0 
110152     DEBUG main            d.u.i.k.p.i.IntermediateProofReplayer Proof replay took 12ns 
110859     INFO  main            d.u.i.k.p.r.p.TestFile    ... finished proof: closed. 
111159     INFO  main            d.u.i.k.p.i.AbstractProblemLoader Loading environment from /home/runner/work/key/key/key.core/../key.ui/examples/heap/block_loop_contracts/SimpleVariants/sum_onLoop_loop.key.proof 
111161     DEBUG main            d.u.i.k.p.i.AbstractProblemLoader Environment load took 1.85ms 
111162     INFO  main            d.u.i.k.p.i.AbstractProblemLoader Creating init config 
113737     DEBUG main            d.u.i.k.p.i.AbstractProblemLoader Init config took 2.57s 
113782     INFO  main            d.u.i.k.p.i.AbstractProblemLoader Replaying proof LoopContractExamplesAll[LoopContractExamplesAll::sum_loopContract_onLoop([I)].JML normal_behavior loop contract.0 
113972     DEBUG main            d.u.i.k.p.i.IntermediateProofReplayer Proof replay took 185.06ms 
113973     DEBUG main            d.u.i.k.p.r.p.TestFile    ... success: reloaded. 
113974     INFO  main            d.u.i.k.p.r.p.TestFile    Now processing file /home/runner/work/key/key/key.core/../key.ui/examples/heap/block_loop_contracts/Free/blockContracts0.key 
113975     INFO  main            d.u.i.k.p.i.AbstractProblemLoader Loading environment from /home/runner/work/key/key/key.core/../key.ui/examples/heap/block_loop_contracts/Free/blockContracts0.key 
113975     DEBUG main            d.u.i.k.p.i.AbstractProblemLoader Environment load took 228.3ns 
113976     INFO  main            d.u.i.k.p.i.AbstractProblemLoader Creating init config 
116335     DEBUG main            d.u.i.k.p.i.AbstractProblemLoader Init config took 2.36s 
116369     INFO  main            d.u.i.k.p.i.AbstractProblemLoader Replaying proof FreeConditions[FreeConditions::blockContract0()].JML normal_behavior operation contract.0 
116371     DEBUG main            d.u.i.k.p.i.IntermediateProofReplayer Proof replay took 11.2ns 
116473     INFO  main            d.u.i.k.p.r.p.TestFile    ... finished proof: closed. 
116751     INFO  main            d.u.i.k.p.i.AbstractProblemLoader Loading environment from /home/runner/work/key/key/key.core/../key.ui/examples/heap/block_loop_contracts/Free/blockContracts0.key.proof 
116752     DEBUG main            d.u.i.k.p.i.AbstractProblemLoader Environment load took 116.3ns 
116753     INFO  main            d.u.i.k.p.i.AbstractProblemLoader Creating init config 
119015     DEBUG main            d.u.i.k.p.i.AbstractProblemLoader Init config took 2.26s 
119049     INFO  main            d.u.i.k.p.i.AbstractProblemLoader Replaying proof FreeConditions[FreeConditions::blockContract0()].JML normal_behavior operation contract.0 
119066     DEBUG main            d.u.i.k.p.i.IntermediateProofReplayer Proof replay took 15.39ms 
119067     DEBUG main            d.u.i.k.p.r.p.TestFile    ... success: reloaded. 
119068     INFO  main            d.u.i.k.p.r.p.TestFile    Now processing file /home/runner/work/key/key/key.core/../key.ui/examples/heap/block_loop_contracts/Free/blockContracts1.key 
119068     INFO  main            d.u.i.k.p.i.AbstractProblemLoader Loading environment from /home/runner/work/key/key/key.core/../key.ui/examples/heap/block_loop_contracts/Free/blockContracts1.key 
119068     DEBUG main            d.u.i.k.p.i.AbstractProblemLoader Environment load took 96.9ns 
119069     INFO  main            d.u.i.k.p.i.AbstractProblemLoader Creating init config 
121349     DEBUG main            d.u.i.k.p.i.AbstractProblemLoader Init config took 2.28s 
121399     INFO  main            d.u.i.k.p.i.AbstractProblemLoader Replaying proof FreeConditions[FreeConditions::blockContract1()].JML normal_behavior operation contract.0 
121400     DEBUG main            d.u.i.k.p.i.IntermediateProofReplayer Proof replay took 12.4ns 
121505     INFO  main            d.u.i.k.p.r.p.TestFile    ... finished proof: closed. 
121762     INFO  main            d.u.i.k.p.i.AbstractProblemLoader Loading environment from /home/runner/work/key/key/key.core/../key.ui/examples/heap/block_loop_contracts/Free/blockContracts1.key.proof 
121762     DEBUG main            d.u.i.k.p.i.AbstractProblemLoader Environment load took 129ns 
121763     INFO  main            d.u.i.k.p.i.AbstractProblemLoader Creating init config 
124014     DEBUG main            d.u.i.k.p.i.AbstractProblemLoader Init config took 2.25s 
124050     INFO  main            d.u.i.k.p.i.AbstractProblemLoader Replaying proof FreeConditions[FreeConditions::blockContract1()].JML normal_behavior operation contract.0 
124065     DEBUG main            d.u.i.k.p.i.IntermediateProofReplayer Proof replay took 13.29ms 
124066     DEBUG main            d.u.i.k.p.r.p.TestFile    ... success: reloaded. 
124068     INFO  main            d.u.i.k.p.r.p.TestFile    Now processing file /home/runner/work/key/key/key.core/../key.ui/examples/heap/block_loop_contracts/Finally/block_finally.key 
124068     INFO  main            d.u.i.k.p.i.AbstractProblemLoader Loading environment from /home/runner/work/key/key/key.core/../key.ui/examples/heap/block_loop_contracts/Finally/block_finally.key 
124068     DEBUG main            d.u.i.k.p.i.AbstractProblemLoader Environment load took 238.6ns 
124069     INFO  main            d.u.i.k.p.i.AbstractProblemLoader Creating init config 
126444     DEBUG main            d.u.i.k.p.i.AbstractProblemLoader Init config took 2.38s 
126480     INFO  main            d.u.i.k.p.i.AbstractProblemLoader Replaying proof AuxiliaryContractsFinally[AuxiliaryContractsFinally::breakThrowContinueBlockContract(java.lang.Exception)].JML block contract.0 
126481     DEBUG main            d.u.i.k.p.i.IntermediateProofReplayer Proof replay took 11ns 
126986     INFO  main            d.u.i.k.p.r.p.TestFile    ... finished proof: open goal(s) 
127267     INFO  main            d.u.i.k.p.r.p.TestFile    Now processing file /home/runner/work/key/key/key.core/../key.ui/examples/heap/block_loop_contracts/Finally/loop_finally.key 
127267     INFO  main            d.u.i.k.p.i.AbstractProblemLoader Loading environment from /home/runner/work/key/key/key.core/../key.ui/examples/heap/block_loop_contracts/Finally/loop_finally.key 
127267     DEBUG main            d.u.i.k.p.i.AbstractProblemLoader Environment load took 113.8ns 
127269     INFO  main            d.u.i.k.p.i.AbstractProblemLoader Creating init config 
129543     DEBUG main            d.u.i.k.p.i.AbstractProblemLoader Init config took 2.27s 
129580     INFO  main            d.u.i.k.p.i.AbstractProblemLoader Replaying proof AuxiliaryContractsFinally[AuxiliaryContractsFinally::breakThrowContinueLoopContract(java.lang.Exception)].JML normal_behavior loop contract.0 
129581     DEBUG main            d.u.i.k.p.i.IntermediateProofReplayer Proof replay took 11.2ns 
130194     INFO  main            d.u.i.k.p.r.p.TestFile    ... finished proof: open goal(s) 
622771     INFO  Test worker     d.u.i.k.p.r.p.StatisticsFile Returning from test blockContracts 
622778     INFO  Test worker     d.u.i.k.p.r.p.StatisticsFile Running test jmlAsserts 
369        INFO  Timeout watchdog d.u.i.k.p.r.p.ForkedTestFileRunner Timeout watcher launched (2000 secs.) 
380        WARN  main            d.u.i.k.s.ProofSettings   The settings in /home/runner/.key/proof-settings.props are *not* read. 
409        INFO  main            d.u.i.k.p.r.p.TestFile    Now processing file /home/runner/work/key/key/key.core/../key.ui/examples/standard_key/java_dl/jml-assert/assert.key 
527        INFO  main            d.u.i.k.p.i.AbstractProblemLoader Loading environment from /home/runner/work/key/key/key.core/../key.ui/examples/standard_key/java_dl/jml-assert/assert.key 
544        DEBUG main            d.u.i.k.p.i.AbstractProblemLoader Environment load took 1.78ms 
757        INFO  main            d.u.i.k.p.i.AbstractProblemLoader Creating init config 
1630       DEBUG main            d.u.i.k.j.TypeConverter   No LDT found for Meta 
1631       DEBUG main            d.u.i.k.j.TypeConverter   No LDT found for Meta 
1632       DEBUG main            d.u.i.k.j.TypeConverter   No LDT found for Meta 
1632       DEBUG main            d.u.i.k.j.TypeConverter   No LDT found for Meta 
3193       DEBUG main            d.u.i.k.j.TypeConverter   No LDT found for JavaBigintExpression 
8105       DEBUG main            d.u.i.k.p.i.AbstractProblemLoader Init config took 7.35s 
8284       INFO  main            d.u.i.k.p.i.AbstractProblemLoader Replaying proof Assert[Assert::createArray(int)].JML normal_behavior operation contract.0 
8319       DEBUG main            d.u.i.k.p.i.IntermediateProofReplayer Proof replay took 31.8ns 
9187       INFO  main            d.u.i.k.p.r.p.TestFile    ... finished proof: closed. 
9345       INFO  main            d.u.i.k.p.i.AbstractProblemLoader Loading environment from /home/runner/work/key/key/key.core/../key.ui/examples/standard_key/java_dl/jml-assert/assert.key.proof 
9345       DEBUG main            d.u.i.k.p.i.AbstractProblemLoader Environment load took 563.71ns 
9347       INFO  main            d.u.i.k.p.i.AbstractProblemLoader Creating init config 
12111      DEBUG main            d.u.i.k.p.i.AbstractProblemLoader Init config took 2.76s 
12178      INFO  main            d.u.i.k.p.i.AbstractProblemLoader Replaying proof Assert[Assert::createArray(int)].JML normal_behavior operation contract.0 
12256      DEBUG main            d.u.i.k.p.i.IntermediateProofReplayer Proof replay took 72.09ms 
12263      DEBUG main            d.u.i.k.p.r.p.TestFile    ... success: reloaded. 
12266      INFO  main            d.u.i.k.p.r.p.TestFile    Now processing file /home/runner/work/key/key/key.core/../key.ui/examples/heap/block_loop_contracts/Free/assertions0.key 
12266      INFO  main            d.u.i.k.p.i.AbstractProblemLoader Loading environment from /home/runner/work/key/key/key.core/../key.ui/examples/heap/block_loop_contracts/Free/assertions0.key 
12267      DEBUG main            d.u.i.k.p.i.AbstractProblemLoader Environment load took 498.61ns 
12269      INFO  main            d.u.i.k.p.i.AbstractProblemLoader Creating init config 
14895      DEBUG main            d.u.i.k.p.i.AbstractProblemLoader Init config took 2.63s 
14970      INFO  main            d.u.i.k.p.i.AbstractProblemLoader Replaying proof FreeConditions[FreeConditions::assertions0()].JML normal_behavior operation contract.0 
14974      DEBUG main            d.u.i.k.p.i.IntermediateProofReplayer Proof replay took 11.9ns 
15181      INFO  main            d.u.i.k.p.r.p.TestFile    ... finished proof: closed. 
15307      INFO  main            d.u.i.k.p.i.AbstractProblemLoader Loading environment from /home/runner/work/key/key/key.core/../key.ui/examples/heap/block_loop_contracts/Free/assertions0.key.proof 
15308      DEBUG main            d.u.i.k.p.i.AbstractProblemLoader Environment load took 135.7ns 
15309      INFO  main            d.u.i.k.p.i.AbstractProblemLoader Creating init config 
17864      DEBUG main            d.u.i.k.p.i.AbstractProblemLoader Init config took 2.55s 
17923      INFO  main            d.u.i.k.p.i.AbstractProblemLoader Replaying proof FreeConditions[FreeConditions::assertions0()].JML normal_behavior operation contract.0 
17946      DEBUG main            d.u.i.k.p.i.IntermediateProofReplayer Proof replay took 19.51ms 
17947      DEBUG main            d.u.i.k.p.r.p.TestFile    ... success: reloaded. 
17948      INFO  main            d.u.i.k.p.r.p.TestFile    Now processing file /home/runner/work/key/key/key.core/../key.ui/examples/heap/block_loop_contracts/Free/assertions1.key 
17949      INFO  main            d.u.i.k.p.i.AbstractProblemLoader Loading environment from /home/runner/work/key/key/key.core/../key.ui/examples/heap/block_loop_contracts/Free/assertions1.key 
17949      DEBUG main            d.u.i.k.p.i.AbstractProblemLoader Environment load took 297.2ns 
17951      INFO  main            d.u.i.k.p.i.AbstractProblemLoader Creating init config 
20430      DEBUG main            d.u.i.k.p.i.AbstractProblemLoader Init config took 2.48s 
20475      INFO  main            d.u.i.k.p.i.AbstractProblemLoader Replaying proof FreeConditions[FreeConditions::assertions1()].JML normal_behavior operation contract.0 
20477      DEBUG main            d.u.i.k.p.i.IntermediateProofReplayer Proof replay took 21.2ns 
20580      INFO  main            d.u.i.k.p.r.p.TestFile    ... finished proof: closed. 
20730      INFO  main            d.u.i.k.p.i.AbstractProblemLoader Loading environment from /home/runner/work/key/key/key.core/../key.ui/examples/heap/block_loop_contracts/Free/assertions1.key.proof 
20730      DEBUG main            d.u.i.k.p.i.AbstractProblemLoader Environment load took 137ns 
20732      INFO  main            d.u.i.k.p.i.AbstractProblemLoader Creating init config 
23160      DEBUG main            d.u.i.k.p.i.AbstractProblemLoader Init config took 2.43s 
23208      INFO  main            d.u.i.k.p.i.AbstractProblemLoader Replaying proof FreeConditions[FreeConditions::assertions1()].JML normal_behavior operation contract.0 
23222      DEBUG main            d.u.i.k.p.i.IntermediateProofReplayer Proof replay took 8.75ms 
23223      DEBUG main            d.u.i.k.p.r.p.TestFile    ... success: reloaded. 
23225      INFO  main            d.u.i.k.p.r.p.TestFile    Now processing file /home/runner/work/key/key/key.core/../key.ui/examples/standard_key/java_dl/jml-assert/recursion-assert.key 
23225      INFO  main            d.u.i.k.p.i.AbstractProblemLoader Loading environment from /home/runner/work/key/key/key.core/../key.ui/examples/standard_key/java_dl/jml-assert/recursion-assert.key 
23226      DEBUG main            d.u.i.k.p.i.AbstractProblemLoader Environment load took 246.9ns 
23229      INFO  main            d.u.i.k.p.i.AbstractProblemLoader Creating init config 
25870      DEBUG main            d.u.i.k.p.i.AbstractProblemLoader Init config took 2.64s 
25922      INFO  main            d.u.i.k.p.i.AbstractProblemLoader Replaying proof RecursiveMethod[RecursiveMethod::fac1(int)].JML normal_behavior operation contract.0 
25924      DEBUG main            d.u.i.k.p.i.IntermediateProofReplayer Proof replay took 6.3ns 
26127      INFO  main            d.u.i.k.p.r.p.TestFile    ... finished proof: closed. 
26277      INFO  main            d.u.i.k.p.i.AbstractProblemLoader Loading environment from /home/runner/work/key/key/key.core/../key.ui/examples/standard_key/java_dl/jml-assert/recursion-assert.key.proof 
26277      DEBUG main            d.u.i.k.p.i.AbstractProblemLoader Environment load took 130.6ns 
26279      INFO  main            d.u.i.k.p.i.AbstractProblemLoader Creating init config 
28828      DEBUG main            d.u.i.k.p.i.AbstractProblemLoader Init config took 2.55s 
28873      INFO  main            d.u.i.k.p.i.AbstractProblemLoader Replaying proof RecursiveMethod[RecursiveMethod::fac1(int)].JML normal_behavior operation contract.0 
28908      DEBUG main            d.u.i.k.p.i.IntermediateProofReplayer Proof replay took 32.98ms 
28910      DEBUG main            d.u.i.k.p.r.p.TestFile    ... success: reloaded. 
28911      INFO  main            d.u.i.k.p.r.p.TestFile    Now processing file /home/runner/work/key/key/key.core/../key.ui/examples/standard_key/java_dl/jml-assert/recursion-assume.key 
28911      INFO  main            d.u.i.k.p.i.AbstractProblemLoader Loading environment from /home/runner/work/key/key/key.core/../key.ui/examples/standard_key/java_dl/jml-assert/recursion-assume.key 
28912      DEBUG main            d.u.i.k.p.i.AbstractProblemLoader Environment load took 249.5ns 
28913      INFO  main            d.u.i.k.p.i.AbstractProblemLoader Creating init config 
31552      DEBUG main            d.u.i.k.p.i.AbstractProblemLoader Init config took 2.64s 
31596      INFO  main            d.u.i.k.p.i.AbstractProblemLoader Replaying proof RecursiveMethod[RecursiveMethod::fac2(int)].JML normal_behavior operation contract.0 
31597      DEBUG main            d.u.i.k.p.i.IntermediateProofReplayer Proof replay took 6.7ns 
31800      INFO  main            d.u.i.k.p.r.p.TestFile    ... finished proof: closed. 
32057      INFO  main            d.u.i.k.p.i.AbstractProblemLoader Loading environment from /home/runner/work/key/key/key.core/../key.ui/examples/standard_key/java_dl/jml-assert/recursion-assume.key.proof 
32057      DEBUG main            d.u.i.k.p.i.AbstractProblemLoader Environment load took 144.9ns 
32058      INFO  main            d.u.i.k.p.i.AbstractProblemLoader Creating init config 
34586      DEBUG main            d.u.i.k.p.i.AbstractProblemLoader Init config took 2.53s 
34641      INFO  main            d.u.i.k.p.i.AbstractProblemLoader Replaying proof RecursiveMethod[RecursiveMethod::fac2(int)].JML normal_behavior operation contract.0 
34673      DEBUG main            d.u.i.k.p.i.IntermediateProofReplayer Proof replay took 29.27ms 
34675      DEBUG main            d.u.i.k.p.r.p.TestFile    ... success: reloaded. 
34676      INFO  main            d.u.i.k.p.r.p.TestFile    Now processing file /home/runner/work/key/key/key.core/../key.ui/examples/standard_key/java_dl/jml-assert/quantor-assert.key 
34676      INFO  main            d.u.i.k.p.i.AbstractProblemLoader Loading environment from /home/runner/work/key/key/key.core/../key.ui/examples/standard_key/java_dl/jml-assert/quantor-assert.key 
34677      DEBUG main            d.u.i.k.p.i.AbstractProblemLoader Environment load took 250.4ns 
34678      INFO  main            d.u.i.k.p.i.AbstractProblemLoader Creating init config 
37233      DEBUG main            d.u.i.k.p.i.AbstractProblemLoader Init config took 2.55s 
37276      INFO  main            d.u.i.k.p.i.AbstractProblemLoader Replaying proof Quantor[Quantor::square1(int)].JML normal_behavior operation contract.0 
37277      DEBUG main            d.u.i.k.p.i.IntermediateProofReplayer Proof replay took 6.7ns 
37379      INFO  main            d.u.i.k.p.r.p.TestFile    ... finished proof: closed. 
37630      INFO  main            d.u.i.k.p.i.AbstractProblemLoader Loading environment from /home/runner/work/key/key/key.core/../key.ui/examples/standard_key/java_dl/jml-assert/quantor-assert.key.proof 
37630      DEBUG main            d.u.i.k.p.i.AbstractProblemLoader Environment load took 126.9ns 
37632      INFO  main            d.u.i.k.p.i.AbstractProblemLoader Creating init config 
40137      DEBUG main            d.u.i.k.p.i.AbstractProblemLoader Init config took 2.51s 
40180      INFO  main            d.u.i.k.p.i.AbstractProblemLoader Replaying proof Quantor[Quantor::square1(int)].JML normal_behavior operation contract.0 
40195      DEBUG main            d.u.i.k.p.i.IntermediateProofReplayer Proof replay took 12.12ms 
40196      DEBUG main            d.u.i.k.p.r.p.TestFile    ... success: reloaded. 
40197      INFO  main            d.u.i.k.p.r.p.TestFile    Now processing file /home/runner/work/key/key/key.core/../key.ui/examples/standard_key/java_dl/jml-assert/quantor-assume.key 
40198      INFO  main            d.u.i.k.p.i.AbstractProblemLoader Loading environment from /home/runner/work/key/key/key.core/../key.ui/examples/standard_key/java_dl/jml-assert/quantor-assume.key 
40198      DEBUG main            d.u.i.k.p.i.AbstractProblemLoader Environment load took 242.4ns 
40199      INFO  main            d.u.i.k.p.i.AbstractProblemLoader Creating init config 
42748      DEBUG main            d.u.i.k.p.i.AbstractProblemLoader Init config took 2.55s 
42794      INFO  main            d.u.i.k.p.i.AbstractProblemLoader Replaying proof Quantor[Quantor::square2(int)].JML normal_behavior operation contract.0 
42796      DEBUG main            d.u.i.k.p.i.IntermediateProofReplayer Proof replay took 6.1ns 
42898      INFO  main            d.u.i.k.p.r.p.TestFile    ... finished proof: closed. 
43083      INFO  main            d.u.i.k.p.i.AbstractProblemLoader Loading environment from /home/runner/work/key/key/key.core/../key.ui/examples/standard_key/java_dl/jml-assert/quantor-assume.key.proof 
43084      DEBUG main            d.u.i.k.p.i.AbstractProblemLoader Environment load took 129.2ns 
43085      INFO  main            d.u.i.k.p.i.AbstractProblemLoader Creating init config 
45579      DEBUG main            d.u.i.k.p.i.AbstractProblemLoader Init config took 2.49s 
45621      INFO  main            d.u.i.k.p.i.AbstractProblemLoader Replaying proof Quantor[Quantor::square2(int)].JML normal_behavior operation contract.0 
45634      DEBUG main            d.u.i.k.p.i.IntermediateProofReplayer Proof replay took 10.97ms 
45636      DEBUG main            d.u.i.k.p.r.p.TestFile    ... success: reloaded. 
45637      INFO  main            d.u.i.k.p.r.p.TestFile    Now processing file /home/runner/work/key/key/key.core/../key.ui/examples/standard_key/java_dl/jml-assert/model-methods-static-static.key 
45637      INFO  main            d.u.i.k.p.i.AbstractProblemLoader Loading environment from /home/runner/work/key/key/key.core/../key.ui/examples/standard_key/java_dl/jml-assert/model-methods-static-static.key 
45638      DEBUG main            d.u.i.k.p.i.AbstractProblemLoader Environment load took 240.8ns 
45639      INFO  main            d.u.i.k.p.i.AbstractProblemLoader Creating init config 
48162      DEBUG main            d.u.i.k.p.i.AbstractProblemLoader Init config took 2.52s 
48202      INFO  main            d.u.i.k.p.i.AbstractProblemLoader Replaying proof ModelMethods[ModelMethods::test1()].JML normal_behavior operation contract.0 
48203      DEBUG main            d.u.i.k.p.i.IntermediateProofReplayer Proof replay took 7.8ns 
48308      INFO  main            d.u.i.k.p.r.p.TestFile    ... finished proof: closed. 
48502      INFO  main            d.u.i.k.p.i.AbstractProblemLoader Loading environment from /home/runner/work/key/key/key.core/../key.ui/examples/standard_key/java_dl/jml-assert/model-methods-static-static.key.proof 
48503      DEBUG main            d.u.i.k.p.i.AbstractProblemLoader Environment load took 169ns 
48503      INFO  main            d.u.i.k.p.i.AbstractProblemLoader Creating init config 
50969      DEBUG main            d.u.i.k.p.i.AbstractProblemLoader Init config took 2.47s 
51010      INFO  main            d.u.i.k.p.i.AbstractProblemLoader Replaying proof ModelMethods[ModelMethods::test1()].JML normal_behavior operation contract.0 
51018      DEBUG main            d.u.i.k.p.i.IntermediateProofReplayer Proof replay took 5.67ms 
51019      DEBUG main            d.u.i.k.p.r.p.TestFile    ... success: reloaded. 
51020      INFO  main            d.u.i.k.p.r.p.TestFile    Now processing file /home/runner/work/key/key/key.core/../key.ui/examples/standard_key/java_dl/jml-assert/model-methods-instance-static.key 
51020      INFO  main            d.u.i.k.p.i.AbstractProblemLoader Loading environment from /home/runner/work/key/key/key.core/../key.ui/examples/standard_key/java_dl/jml-assert/model-methods-instance-static.key 
51020      DEBUG main            d.u.i.k.p.i.AbstractProblemLoader Environment load took 89.7ns 
51021      INFO  main            d.u.i.k.p.i.AbstractProblemLoader Creating init config 
53693      DEBUG main            d.u.i.k.p.i.AbstractProblemLoader Init config took 2.67s 
53731      INFO  main            d.u.i.k.p.i.AbstractProblemLoader Replaying proof ModelMethods[ModelMethods::test2()].JML normal_behavior operation contract.0 
53732      DEBUG main            d.u.i.k.p.i.IntermediateProofReplayer Proof replay took 6.5ns 
53836      INFO  main            d.u.i.k.p.r.p.TestFile    ... finished proof: closed. 
54031      INFO  main            d.u.i.k.p.i.AbstractProblemLoader Loading environment from /home/runner/work/key/key/key.core/../key.ui/examples/standard_key/java_dl/jml-assert/model-methods-instance-static.key.proof 
54031      DEBUG main            d.u.i.k.p.i.AbstractProblemLoader Environment load took 123.4ns 
54032      INFO  main            d.u.i.k.p.i.AbstractProblemLoader Creating init config 
56492      DEBUG main            d.u.i.k.p.i.AbstractProblemLoader Init config took 2.46s 
56531      INFO  main            d.u.i.k.p.i.AbstractProblemLoader Replaying proof ModelMethods[ModelMethods::test2()].JML normal_behavior operation contract.0 
56540      DEBUG main            d.u.i.k.p.i.IntermediateProofReplayer Proof replay took 7.56ms 
56542      DEBUG main            d.u.i.k.p.r.p.TestFile    ... success: reloaded. 
56543      INFO  main            d.u.i.k.p.r.p.TestFile    Now processing file /home/runner/work/key/key/key.core/../key.ui/examples/standard_key/java_dl/jml-assert/model-methods-instance-instance.key 
56543      INFO  main            d.u.i.k.p.i.AbstractProblemLoader Loading environment from /home/runner/work/key/key/key.core/../key.ui/examples/standard_key/java_dl/jml-assert/model-methods-instance-instance.key 
56543      DEBUG main            d.u.i.k.p.i.AbstractProblemLoader Environment load took 245.9ns 
56544      INFO  main            d.u.i.k.p.i.AbstractProblemLoader Creating init config 
59112      DEBUG main            d.u.i.k.p.i.AbstractProblemLoader Init config took 2.57s 
59150      INFO  main            d.u.i.k.p.i.AbstractProblemLoader Replaying proof ModelMethods[ModelMethods::test3()].JML normal_behavior operation contract.0 
59152      DEBUG main            d.u.i.k.p.i.IntermediateProofReplayer Proof replay took 6.3ns 
59256      INFO  main            d.u.i.k.p.r.p.TestFile    ... finished proof: closed. 
59455      INFO  main            d.u.i.k.p.i.AbstractProblemLoader Loading environment from /home/runner/work/key/key/key.core/../key.ui/examples/standard_key/java_dl/jml-assert/model-methods-instance-instance.key.proof 
59455      DEBUG main            d.u.i.k.p.i.AbstractProblemLoader Environment load took 138.2ns 
59456      INFO  main            d.u.i.k.p.i.AbstractProblemLoader Creating init config 
61925      DEBUG main            d.u.i.k.p.i.AbstractProblemLoader Init config took 2.47s 
61967      INFO  main            d.u.i.k.p.i.AbstractProblemLoader Replaying proof ModelMethods[ModelMethods::test3()].JML normal_behavior operation contract.0 
61979      DEBUG main            d.u.i.k.p.i.IntermediateProofReplayer Proof replay took 9.8ms 
61980      DEBUG main            d.u.i.k.p.r.p.TestFile    ... success: reloaded. 
61981      INFO  main            d.u.i.k.p.r.p.TestFile    Now processing file /home/runner/work/key/key/key.core/../key.ui/examples/standard_key/java_dl/jml-assert/model-methods-static-instance.key 
61982      INFO  main            d.u.i.k.p.i.AbstractProblemLoader Loading environment from /home/runner/work/key/key/key.core/../key.ui/examples/standard_key/java_dl/jml-assert/model-methods-static-instance.key 
61982      DEBUG main            d.u.i.k.p.i.AbstractProblemLoader Environment load took 146.8ns 
61983      INFO  main            d.u.i.k.p.i.AbstractProblemLoader Creating init config 
64485      DEBUG main            d.u.i.k.p.i.AbstractProblemLoader Init config took 2.5s 
64523      INFO  main            d.u.i.k.p.i.AbstractProblemLoader Replaying proof ModelMethods[ModelMethods::test4()].JML normal_behavior operation contract.0 
64524      DEBUG main            d.u.i.k.p.i.IntermediateProofReplayer Proof replay took 6.9ns 
64626      INFO  main            d.u.i.k.p.r.p.TestFile    ... finished proof: closed. 
64832      INFO  main            d.u.i.k.p.i.AbstractProblemLoader Loading environment from /home/runner/work/key/key/key.core/../key.ui/examples/standard_key/java_dl/jml-assert/model-methods-static-instance.key.proof 
64832      DEBUG main            d.u.i.k.p.i.AbstractProblemLoader Environment load took 179.7ns 
64833      INFO  main            d.u.i.k.p.i.AbstractProblemLoader Creating init config 
67274      DEBUG main            d.u.i.k.p.i.AbstractProblemLoader Init config took 2.44s 
67311      INFO  main            d.u.i.k.p.i.AbstractProblemLoader Replaying proof ModelMethods[ModelMethods::test4()].JML normal_behavior operation contract.0 
67337      DEBUG main            d.u.i.k.p.i.IntermediateProofReplayer Proof replay took 23.76ms 
67338      DEBUG main            d.u.i.k.p.r.p.TestFile    ... success: reloaded. 
67339      INFO  main            d.u.i.k.p.r.p.TestFile    Now processing file /home/runner/work/key/key/key.core/../key.ui/examples/standard_key/java_dl/jml-assert/assert-old/inc-field.key 
67340      INFO  main            d.u.i.k.p.i.AbstractProblemLoader Loading environment from /home/runner/work/key/key/key.core/../key.ui/examples/standard_key/java_dl/jml-assert/assert-old/inc-field.key 
67340      DEBUG main            d.u.i.k.p.i.AbstractProblemLoader Environment load took 111.9ns 
67341      INFO  main            d.u.i.k.p.i.AbstractProblemLoader Creating init config 
69788      DEBUG main            d.u.i.k.p.i.AbstractProblemLoader Init config took 2.45s 
69824      INFO  main            d.u.i.k.p.i.AbstractProblemLoader Replaying proof Inc[Inc::inc_field()].JML normal_behavior operation contract.0 
69825      DEBUG main            d.u.i.k.p.i.IntermediateProofReplayer Proof replay took 6.8ns 
70035      INFO  main            d.u.i.k.p.r.p.TestFile    ... finished proof: closed. 
70243      INFO  main            d.u.i.k.p.i.AbstractProblemLoader Loading environment from /home/runner/work/key/key/key.core/../key.ui/examples/standard_key/java_dl/jml-assert/assert-old/inc-field.key.proof 
70243      DEBUG main            d.u.i.k.p.i.AbstractProblemLoader Environment load took 127.7ns 
70244      INFO  main            d.u.i.k.p.i.AbstractProblemLoader Creating init config 
72627      DEBUG main            d.u.i.k.p.i.AbstractProblemLoader Init config took 2.38s 
72665      INFO  main            d.u.i.k.p.i.AbstractProblemLoader Replaying proof Inc[Inc::inc_field()].JML normal_behavior operation contract.0 
72692      DEBUG main            d.u.i.k.p.i.IntermediateProofReplayer Proof replay took 23.97ms 
72692      DEBUG main            d.u.i.k.p.r.p.TestFile    ... success: reloaded. 
72693      INFO  main            d.u.i.k.p.r.p.TestFile    Now processing file /home/runner/work/key/key/key.core/../key.ui/examples/standard_key/java_dl/jml-assert/assert-old/inc-parameter.key 
72694      INFO  main            d.u.i.k.p.i.AbstractProblemLoader Loading environment from /home/runner/work/key/key/key.core/../key.ui/examples/standard_key/java_dl/jml-assert/assert-old/inc-parameter.key 
72694      DEBUG main            d.u.i.k.p.i.AbstractProblemLoader Environment load took 118.9ns 
72695      INFO  main            d.u.i.k.p.i.AbstractProblemLoader Creating init config 
75097      DEBUG main            d.u.i.k.p.i.AbstractProblemLoader Init config took 2.4s 
75132      INFO  main            d.u.i.k.p.i.AbstractProblemLoader Replaying proof Inc[Inc::inc_parameter(int)].JML normal_behavior operation contract.0 
75133      DEBUG main            d.u.i.k.p.i.IntermediateProofReplayer Proof replay took 6.5ns 
75236      INFO  main            d.u.i.k.p.r.p.TestFile    ... finished proof: closed. 
75457      INFO  main            d.u.i.k.p.i.AbstractProblemLoader Loading environment from /home/runner/work/key/key/key.core/../key.ui/examples/standard_key/java_dl/jml-assert/assert-old/inc-parameter.key.proof 
75457      DEBUG main            d.u.i.k.p.i.AbstractProblemLoader Environment load took 122.2ns 
75458      INFO  main            d.u.i.k.p.i.AbstractProblemLoader Creating init config 
77815      DEBUG main            d.u.i.k.p.i.AbstractProblemLoader Init config took 2.36s 
77851      INFO  main            d.u.i.k.p.i.AbstractProblemLoader Replaying proof Inc[Inc::inc_parameter(int)].JML normal_behavior operation contract.0 
77864      DEBUG main            d.u.i.k.p.i.IntermediateProofReplayer Proof replay took 11.41ms 
77865      DEBUG main            d.u.i.k.p.r.p.TestFile    ... success: reloaded. 
77866      INFO  main            d.u.i.k.p.r.p.TestFile    Now processing file /home/runner/work/key/key/key.core/../key.ui/examples/standard_key/java_dl/jml-assert/assert-old/inc-parameter-field.key 
77866      INFO  main            d.u.i.k.p.i.AbstractProblemLoader Loading environment from /home/runner/work/key/key/key.core/../key.ui/examples/standard_key/java_dl/jml-assert/assert-old/inc-parameter-field.key 
77867      DEBUG main            d.u.i.k.p.i.AbstractProblemLoader Environment load took 244.4ns 
77868      INFO  main            d.u.i.k.p.i.AbstractProblemLoader Creating init config 
80322      DEBUG main            d.u.i.k.p.i.AbstractProblemLoader Init config took 2.45s 
80357      INFO  main            d.u.i.k.p.i.AbstractProblemLoader Replaying proof Inc[Inc::inc_parameter_field(Inc)].JML normal_behavior operation contract.0 
80359      DEBUG main            d.u.i.k.p.i.IntermediateProofReplayer Proof replay took 5.6ns 
80561      INFO  main            d.u.i.k.p.r.p.TestFile    ... finished proof: closed. 
80795      INFO  main            d.u.i.k.p.i.AbstractProblemLoader Loading environment from /home/runner/work/key/key/key.core/../key.ui/examples/standard_key/java_dl/jml-assert/assert-old/inc-parameter-field.key.proof 
80795      DEBUG main            d.u.i.k.p.i.AbstractProblemLoader Environment load took 126.1ns 
80796      INFO  main            d.u.i.k.p.i.AbstractProblemLoader Creating init config 
83133      DEBUG main            d.u.i.k.p.i.AbstractProblemLoader Init config took 2.34s 
83184      INFO  main            d.u.i.k.p.i.AbstractProblemLoader Replaying proof Inc[Inc::inc_parameter_field(Inc)].JML normal_behavior operation contract.0 
83214      DEBUG main            d.u.i.k.p.i.IntermediateProofReplayer Proof replay took 25.74ms 
83215      DEBUG main            d.u.i.k.p.r.p.TestFile    ... success: reloaded. 
83216      INFO  main            d.u.i.k.p.r.p.TestFile    Now processing file /home/runner/work/key/key/key.core/../key.ui/examples/standard_key/java_dl/jml-assert/assert-old/inc-ghost-field.key 
83216      INFO  main            d.u.i.k.p.i.AbstractProblemLoader Loading environment from /home/runner/work/key/key/key.core/../key.ui/examples/standard_key/java_dl/jml-assert/assert-old/inc-ghost-field.key 
83217      DEBUG main            d.u.i.k.p.i.AbstractProblemLoader Environment load took 242.4ns 
83217      INFO  main            d.u.i.k.p.i.AbstractProblemLoader Creating init config 
85642      DEBUG main            d.u.i.k.p.i.AbstractProblemLoader Init config took 2.42s 
85676      INFO  main            d.u.i.k.p.i.AbstractProblemLoader Replaying proof Inc[Inc::inc_ghost_field()].JML normal_behavior operation contract.0 
85677      DEBUG main            d.u.i.k.p.i.IntermediateProofReplayer Proof replay took 5.7ns 
85884      INFO  main            d.u.i.k.p.r.p.TestFile    ... finished proof: closed. 
86116      INFO  main            d.u.i.k.p.i.AbstractProblemLoader Loading environment from /home/runner/work/key/key/key.core/../key.ui/examples/standard_key/java_dl/jml-assert/assert-old/inc-ghost-field.key.proof 
86116      DEBUG main            d.u.i.k.p.i.AbstractProblemLoader Environment load took 122.1ns 
86117      INFO  main            d.u.i.k.p.i.AbstractProblemLoader Creating init config 
88473      DEBUG main            d.u.i.k.p.i.AbstractProblemLoader Init config took 2.36s 
88508      INFO  main            d.u.i.k.p.i.AbstractProblemLoader Replaying proof Inc[Inc::inc_ghost_field()].JML normal_behavior operation contract.0 
88537      DEBUG main            d.u.i.k.p.i.IntermediateProofReplayer Proof replay took 26.96ms 
88539      DEBUG main            d.u.i.k.p.r.p.TestFile    ... success: reloaded. 
711496     INFO  Test worker     d.u.i.k.p.r.p.StatisticsFile Returning from test jmlAsserts 
711502     INFO  Test worker     d.u.i.k.p.r.p.StatisticsFile Running test javaCard 
333        INFO  Timeout watchdog d.u.i.k.p.r.p.ForkedTestFileRunner Timeout watcher launched (2000 secs.) 
341        WARN  main            d.u.i.k.s.ProofSettings   The settings in /home/runner/.key/proof-settings.props are *not* read. 
368        INFO  main            d.u.i.k.p.r.p.TestFile    Now processing file /home/runner/work/key/key/key.core/../key.ui/examples/heap/javacard/updateBalance0.key 
466        INFO  main            d.u.i.k.p.i.AbstractProblemLoader Loading environment from /home/runner/work/key/key/key.core/../key.ui/examples/heap/javacard/updateBalance0.key 
487        DEBUG main            d.u.i.k.p.i.AbstractProblemLoader Environment load took 2.31ms 
705        INFO  main            d.u.i.k.p.i.AbstractProblemLoader Creating init config 
1684       DEBUG main            d.u.i.k.j.TypeConverter   No LDT found for Meta 
1684       DEBUG main            d.u.i.k.j.TypeConverter   No LDT found for Meta 
1687       DEBUG main            d.u.i.k.j.TypeConverter   No LDT found for Meta 
1687       DEBUG main            d.u.i.k.j.TypeConverter   No LDT found for Meta 
3173       DEBUG main            d.u.i.k.j.TypeConverter   No LDT found for JavaBigintExpression 
6637       DEBUG main            d.u.i.k.p.i.AbstractProblemLoader Init config took 5.93s 
6799       INFO  main            d.u.i.k.p.i.AbstractProblemLoader Replaying proof Examples[Examples::updateBalance(short)].JML normal_behavior operation contract.0 
6833       DEBUG main            d.u.i.k.p.i.IntermediateProofReplayer Proof replay took 31ns 
8190       INFO  main            d.u.i.k.p.r.p.TestFile    ... finished proof: closed. 
8336       INFO  main            d.u.i.k.p.i.AbstractProblemLoader Loading environment from /home/runner/work/key/key/key.core/../key.ui/examples/heap/javacard/updateBalance0.key.proof 
8337       DEBUG main            d.u.i.k.p.i.AbstractProblemLoader Environment load took 567.21ns 
8339       INFO  main            d.u.i.k.p.i.AbstractProblemLoader Creating init config 
10159      DEBUG main            d.u.i.k.p.i.AbstractProblemLoader Init config took 1.82s 
10213      INFO  main            d.u.i.k.p.i.AbstractProblemLoader Replaying proof Examples[Examples::updateBalance(short)].JML normal_behavior operation contract.0 
10344      DEBUG main            d.u.i.k.p.i.IntermediateProofReplayer Proof replay took 121.6ms 
10351      DEBUG main            d.u.i.k.p.r.p.TestFile    ... success: reloaded. 
10355      INFO  main            d.u.i.k.p.r.p.TestFile    Now processing file /home/runner/work/key/key/key.core/../key.ui/examples/heap/javacard/updateBalance1.key 
10355      INFO  main            d.u.i.k.p.i.AbstractProblemLoader Loading environment from /home/runner/work/key/key/key.core/../key.ui/examples/heap/javacard/updateBalance1.key 
10355      DEBUG main            d.u.i.k.p.i.AbstractProblemLoader Environment load took 284.4ns 
10357      INFO  main            d.u.i.k.p.i.AbstractProblemLoader Creating init config 
12033      DEBUG main            d.u.i.k.p.i.AbstractProblemLoader Init config took 1.68s 
12082      INFO  main            d.u.i.k.p.i.AbstractProblemLoader Replaying proof Examples[Examples::updateBalance(short)].JML normal_behavior operation contract.1 
12085      DEBUG main            d.u.i.k.p.i.IntermediateProofReplayer Proof replay took 6.6ns 
12692      INFO  main            d.u.i.k.p.r.p.TestFile    ... finished proof: closed. 
12813      INFO  main            d.u.i.k.p.i.AbstractProblemLoader Loading environment from /home/runner/work/key/key/key.core/../key.ui/examples/heap/javacard/updateBalance1.key.proof 
12817      DEBUG main            d.u.i.k.p.i.AbstractProblemLoader Environment load took 3.48ms 
12818      INFO  main            d.u.i.k.p.i.AbstractProblemLoader Creating init config 
14461      DEBUG main            d.u.i.k.p.i.AbstractProblemLoader Init config took 1.64s 
14506      INFO  main            d.u.i.k.p.i.AbstractProblemLoader Replaying proof Examples[Examples::updateBalance(short)].JML normal_behavior operation contract.1 
14598      DEBUG main            d.u.i.k.p.i.IntermediateProofReplayer Proof replay took 87.2ms 
14600      DEBUG main            d.u.i.k.p.r.p.TestFile    ... success: reloaded. 
14603      INFO  main            d.u.i.k.p.r.p.TestFile    Now processing file /home/runner/work/key/key/key.core/../key.ui/examples/heap/javacard/setArray1.key 
14603      INFO  main            d.u.i.k.p.i.AbstractProblemLoader Loading environment from /home/runner/work/key/key/key.core/../key.ui/examples/heap/javacard/setArray1.key 
14603      DEBUG main            d.u.i.k.p.i.AbstractProblemLoader Environment load took 251ns 
14605      INFO  main            d.u.i.k.p.i.AbstractProblemLoader Creating init config 
16226      DEBUG main            d.u.i.k.p.i.AbstractProblemLoader Init config took 1.62s 
16274      INFO  main            d.u.i.k.p.i.AbstractProblemLoader Replaying proof Examples[Examples::setArray1([B)].JML normal_behavior operation contract.0 
16278      DEBUG main            d.u.i.k.p.i.IntermediateProofReplayer Proof replay took 6.2ns 
17412      INFO  main            d.u.i.k.p.r.p.TestFile    ... finished proof: closed. 
17552      INFO  main            d.u.i.k.p.i.AbstractProblemLoader Loading environment from /home/runner/work/key/key/key.core/../key.ui/examples/heap/javacard/setArray1.key.proof 
17555      DEBUG main            d.u.i.k.p.i.AbstractProblemLoader Environment load took 3.84ms 
17557      INFO  main            d.u.i.k.p.i.AbstractProblemLoader Creating init config 
19158      DEBUG main            d.u.i.k.p.i.AbstractProblemLoader Init config took 1.6s 
19200      INFO  main            d.u.i.k.p.i.AbstractProblemLoader Replaying proof Examples[Examples::setArray1([B)].JML normal_behavior operation contract.0 
19361      DEBUG main            d.u.i.k.p.i.IntermediateProofReplayer Proof replay took 155.25ms 
19363      DEBUG main            d.u.i.k.p.r.p.TestFile    ... success: reloaded. 
19366      INFO  main            d.u.i.k.p.r.p.TestFile    Now processing file /home/runner/work/key/key/key.core/../key.ui/examples/heap/javacard/setArray2.key 
19366      INFO  main            d.u.i.k.p.i.AbstractProblemLoader Loading environment from /home/runner/work/key/key/key.core/../key.ui/examples/heap/javacard/setArray2.key 
19366      DEBUG main            d.u.i.k.p.i.AbstractProblemLoader Environment load took 255.2ns 
19368      INFO  main            d.u.i.k.p.i.AbstractProblemLoader Creating init config 
20982      DEBUG main            d.u.i.k.p.i.AbstractProblemLoader Init config took 1.61s 
21026      INFO  main            d.u.i.k.p.i.AbstractProblemLoader Replaying proof Examples[Examples::setArray2([B)].JML normal_behavior operation contract.0 
21029      DEBUG main            d.u.i.k.p.i.IntermediateProofReplayer Proof replay took 6.8ns 
22135      INFO  main            d.u.i.k.p.r.p.TestFile    ... finished proof: closed. 
22269      INFO  main            d.u.i.k.p.i.AbstractProblemLoader Loading environment from /home/runner/work/key/key/key.core/../key.ui/examples/heap/javacard/setArray2.key.proof 
22270      DEBUG main            d.u.i.k.p.i.AbstractProblemLoader Environment load took 524.31ns 
22272      INFO  main            d.u.i.k.p.i.AbstractProblemLoader Creating init config 
23820      DEBUG main            d.u.i.k.p.i.AbstractProblemLoader Init config took 1.55s 
23874      INFO  main            d.u.i.k.p.i.AbstractProblemLoader Replaying proof Examples[Examples::setArray2([B)].JML normal_behavior operation contract.0 
24035      DEBUG main            d.u.i.k.p.i.IntermediateProofReplayer Proof replay took 155.29ms 
24038      DEBUG main            d.u.i.k.p.r.p.TestFile    ... success: reloaded. 
24040      INFO  main            d.u.i.k.p.r.p.TestFile    Now processing file /home/runner/work/key/key/key.core/../key.ui/examples/heap/javacard/arrayFillNonAtomic.key 
24040      INFO  main            d.u.i.k.p.i.AbstractProblemLoader Loading environment from /home/runner/work/key/key/key.core/../key.ui/examples/heap/javacard/arrayFillNonAtomic.key 
24040      DEBUG main            d.u.i.k.p.i.AbstractProblemLoader Environment load took 303.7ns 
24042      INFO  main            d.u.i.k.p.i.AbstractProblemLoader Creating init config 
25617      DEBUG main            d.u.i.k.p.i.AbstractProblemLoader Init config took 1.58s 
25689      INFO  main            d.u.i.k.p.i.AbstractProblemLoader Replaying proof javacard.framework.Util[javacard.framework.Util::arrayFillNonAtomic([B,short,short,byte)].JML behavior operation contract.0.transaction_inactive 
25691      DEBUG main            d.u.i.k.p.i.IntermediateProofReplayer Proof replay took 5.6ns 
26491      DEBUG Thread-13       d.u.i.k.l.o.ProgramSV     Match failed: Former match of  SchemaVariable incompatible with  the current match. 
26491      DEBUG Thread-13       d.u.i.k.l.o.ProgramSV     Match failed: Former match of  SchemaVariable incompatible with  the current match. 
27809      DEBUG Thread-13       d.u.i.k.l.o.ProgramSV     Match failed: Former match of  SchemaVariable incompatible with  the current match. 
27809      DEBUG Thread-13       d.u.i.k.l.o.ProgramSV     Match failed: Former match of  SchemaVariable incompatible with  the current match. 
29275      INFO  main            d.u.i.k.p.r.p.TestFile    ... finished proof: closed. 
29431      INFO  main            d.u.i.k.p.i.AbstractProblemLoader Loading environment from /home/runner/work/key/key/key.core/../key.ui/examples/heap/javacard/arrayFillNonAtomic.key.proof 
29432      DEBUG main            d.u.i.k.p.i.AbstractProblemLoader Environment load took 489.21ns 
29435      INFO  main            d.u.i.k.p.i.AbstractProblemLoader Creating init config 
30977      DEBUG main            d.u.i.k.p.i.AbstractProblemLoader Init config took 1.54s 
31031      INFO  main            d.u.i.k.p.i.AbstractProblemLoader Replaying proof javacard.framework.Util[javacard.framework.Util::arrayFillNonAtomic([B,short,short,byte)].JML behavior operation contract.0.transaction_inactive 
31653      DEBUG main            d.u.i.k.p.i.IntermediateProofReplayer Proof replay took 603.74ms 
31654      DEBUG main            d.u.i.k.p.r.p.TestFile    ... success: reloaded. 
31656      INFO  main            d.u.i.k.p.r.p.TestFile    Now processing file /home/runner/work/key/key/key.core/../key.ui/examples/heap/coincidence_count/project.key 
31656      INFO  main            d.u.i.k.p.i.AbstractProblemLoader Loading environment from /home/runner/work/key/key/key.core/../key.ui/examples/heap/coincidence_count/project.key 
31657      DEBUG main            d.u.i.k.p.i.AbstractProblemLoader Environment load took 282.61ns 
31658      INFO  main            d.u.i.k.p.i.AbstractProblemLoader Creating init config 
35125      DEBUG main            d.u.i.k.p.i.AbstractProblemLoader Init config took 3.47s 
35175      INFO  main            d.u.i.k.p.i.AbstractProblemLoader Replaying proof CC[CC::calcCoinIndex([I,[I)].JML normal_behavior operation contract.0 
35179      DEBUG main            d.u.i.k.p.i.IntermediateProofReplayer Proof replay took 7.4ns 
52198      INFO  main            d.u.i.k.p.r.p.TestFile    ... finished proof: closed. 
52487      INFO  main            d.u.i.k.p.i.AbstractProblemLoader Loading environment from /home/runner/work/key/key/key.core/../key.ui/examples/heap/coincidence_count/project.key.proof 
52488      DEBUG main            d.u.i.k.p.i.AbstractProblemLoader Environment load took 547.81ns 
52492      INFO  main            d.u.i.k.p.i.AbstractProblemLoader Creating init config 
55152      DEBUG main            d.u.i.k.p.i.AbstractProblemLoader Init config took 2.66s 
55195      INFO  main            d.u.i.k.p.i.AbstractProblemLoader Replaying proof CC[CC::calcCoinIndex([I,[I)].JML normal_behavior operation contract.0 
55871      DEBUG main            d.u.i.k.p.i.IntermediateProofReplayer Proof replay took 608.83ms 
55875      DEBUG main            d.u.i.k.p.r.p.TestFile    ... success: reloaded. 
55877      INFO  main            d.u.i.k.p.r.p.TestFile    Now processing file /home/runner/work/key/key/key.core/../key.ui/examples/heap/verifyThis11_1_Maximum/project.key 
55877      INFO  main            d.u.i.k.p.i.AbstractProblemLoader Loading environment from /home/runner/work/key/key/key.core/../key.ui/examples/heap/verifyThis11_1_Maximum/project.key 
55877      DEBUG main            d.u.i.k.p.i.AbstractProblemLoader Environment load took 276.5ns 
55878      INFO  main            d.u.i.k.p.i.AbstractProblemLoader Creating init config 
58632      DEBUG main            d.u.i.k.p.i.AbstractProblemLoader Init config took 2.75s 
58672      INFO  main            d.u.i.k.p.i.AbstractProblemLoader Replaying proof Maximum[Maximum::maxIndex([I)].JML normal_behavior operation contract.0 
58674      DEBUG main            d.u.i.k.p.i.IntermediateProofReplayer Proof replay took 5.9ns 
59579      INFO  main            d.u.i.k.p.r.p.TestFile    ... finished proof: closed. 
59826      INFO  main            d.u.i.k.p.i.AbstractProblemLoader Loading environment from /home/runner/work/key/key/key.core/../key.ui/examples/heap/verifyThis11_1_Maximum/project.key.proof 
59826      DEBUG main            d.u.i.k.p.i.AbstractProblemLoader Environment load took 225.8ns 
59827      INFO  main            d.u.i.k.p.i.AbstractProblemLoader Creating init config 
62431      DEBUG main            d.u.i.k.p.i.AbstractProblemLoader Init config took 2.6s 
62470      INFO  main            d.u.i.k.p.i.AbstractProblemLoader Replaying proof Maximum[Maximum::maxIndex([I)].JML normal_behavior operation contract.0 
62583      DEBUG main            d.u.i.k.p.i.IntermediateProofReplayer Proof replay took 106.39ms 
62585      DEBUG main            d.u.i.k.p.r.p.TestFile    ... success: reloaded. 
62586      INFO  main            d.u.i.k.p.r.p.TestFile    Now processing file /home/runner/work/key/key/key.core/../key.ui/examples/heap/fm12_01_LRS/lcp.key 
62586      INFO  main            d.u.i.k.p.i.AbstractProblemLoader Loading environment from /home/runner/work/key/key/key.core/../key.ui/examples/heap/fm12_01_LRS/lcp.key 
62586      DEBUG main            d.u.i.k.p.i.AbstractProblemLoader Environment load took 251.7ns 
62587      INFO  main            d.u.i.k.p.i.AbstractProblemLoader Creating init config 
65808      DEBUG main            d.u.i.k.p.i.AbstractProblemLoader Init config took 3.22s 
65863      INFO  main            d.u.i.k.p.i.AbstractProblemLoader Replaying proof LCP[LCP::lcp([I,int,int)].JML normal_behavior operation contract.0 
65865      DEBUG main            d.u.i.k.p.i.IntermediateProofReplayer Proof replay took 6.9ns 
66688      INFO  main            d.u.i.k.p.r.p.TestFile    ... finished proof: closed. 
66963      INFO  main            d.u.i.k.p.i.AbstractProblemLoader Loading environment from /home/runner/work/key/key/key.core/../key.ui/examples/heap/fm12_01_LRS/lcp.key.proof 
66963      DEBUG main            d.u.i.k.p.i.AbstractProblemLoader Environment load took 576.51ns 
66965      INFO  main            d.u.i.k.p.i.AbstractProblemLoader Creating init config 
70031      DEBUG main            d.u.i.k.p.i.AbstractProblemLoader Init config took 3.07s 
70086      INFO  main            d.u.i.k.p.i.AbstractProblemLoader Replaying proof LCP[LCP::lcp([I,int,int)].JML normal_behavior operation contract.0 
70229      DEBUG main            d.u.i.k.p.i.IntermediateProofReplayer Proof replay took 136.7ms 
70231      DEBUG main            d.u.i.k.p.r.p.TestFile    ... success: reloaded. 
70232      INFO  main            d.u.i.k.p.r.p.TestFile    Now processing file /home/runner/work/key/key/key.core/../key.ui/examples/heap/SemanticSlicing/project.key 
70233      INFO  main            d.u.i.k.p.i.AbstractProblemLoader Loading environment from /home/runner/work/key/key/key.core/../key.ui/examples/heap/SemanticSlicing/project.key 
70233      DEBUG main            d.u.i.k.p.i.AbstractProblemLoader Environment load took 242.5ns 
70234      INFO  main            d.u.i.k.p.i.AbstractProblemLoader Creating init config 
72964      DEBUG main            d.u.i.k.p.i.AbstractProblemLoader Init config took 2.73s 
73017      INFO  main            d.u.i.k.p.i.AbstractProblemLoader Replaying proof unsatcore_after.competition.postcond5.scope333.LRS[unsatcore_after.competition.postcond5.scope333.LRS::doLRS()].JML operation contract.0 
73018      DEBUG main            d.u.i.k.p.i.IntermediateProofReplayer Proof replay took 6.1ns 
76699      INFO  main            d.u.i.k.p.r.p.TestFile    ... finished proof: closed. 
76988      INFO  main            d.u.i.k.p.i.AbstractProblemLoader Loading environment from /home/runner/work/key/key/key.core/../key.ui/examples/heap/SemanticSlicing/project.key.proof 
76989      DEBUG main            d.u.i.k.p.i.AbstractProblemLoader Environment load took 509.91ns 
76991      INFO  main            d.u.i.k.p.i.AbstractProblemLoader Creating init config 
79665      DEBUG main            d.u.i.k.p.i.AbstractProblemLoader Init config took 2.67s 
79717      INFO  main            d.u.i.k.p.i.AbstractProblemLoader Replaying proof unsatcore_after.competition.postcond5.scope333.LRS[unsatcore_after.competition.postcond5.scope333.LRS::doLRS()].JML operation contract.0 
80310      DEBUG main            d.u.i.k.p.i.IntermediateProofReplayer Proof replay took 577.41ms 
80312      DEBUG main            d.u.i.k.p.r.p.TestFile    ... success: reloaded. 
80313      INFO  main            d.u.i.k.p.r.p.TestFile    Now processing file /home/runner/work/key/key/key.core/../key.ui/examples/heap/information_flow/ArrayList_contains.key 
80313      INFO  main            d.u.i.k.p.i.AbstractProblemLoader Loading environment from /home/runner/work/key/key/key.core/../key.ui/examples/heap/information_flow/ArrayList_contains.key 
80313      DEBUG main            d.u.i.k.p.i.AbstractProblemLoader Environment load took 108.8ns 
80314      INFO  main            d.u.i.k.p.i.AbstractProblemLoader Creating init config 
83256      DEBUG main            d.u.i.k.p.i.AbstractProblemLoader Init config took 2.94s 
83294      INFO  main            d.u.i.k.p.i.AbstractProblemLoader Replaying proof ArrayList[ArrayList::get(int)].JML normal_behavior operation contract.0 
83295      DEBUG main            d.u.i.k.p.i.IntermediateProofReplayer Proof replay took 5.7ns 
83602      INFO  main            d.u.i.k.p.r.p.TestFile    ... finished proof: closed. 
83854      INFO  main            d.u.i.k.p.i.AbstractProblemLoader Loading environment from /home/runner/work/key/key/key.core/../key.ui/examples/heap/information_flow/ArrayList_contains.key.proof 
83855      DEBUG main            d.u.i.k.p.i.AbstractProblemLoader Environment load took 131.6ns 
83856      INFO  main            d.u.i.k.p.i.AbstractProblemLoader Creating init config 
86634      DEBUG main            d.u.i.k.p.i.AbstractProblemLoader Init config took 2.78s 
86673      INFO  main            d.u.i.k.p.i.AbstractProblemLoader Replaying proof ArrayList[ArrayList::get(int)].JML normal_behavior operation contract.0 
86714      DEBUG main            d.u.i.k.p.i.IntermediateProofReplayer Proof replay took 37.86ms 
86715      DEBUG main            d.u.i.k.p.r.p.TestFile    ... success: reloaded. 
86716      INFO  main            d.u.i.k.p.r.p.TestFile    Now processing file /home/runner/work/key/key/key.core/../key.ui/examples/heap/information_flow/ArrayList_get.key 
86716      INFO  main            d.u.i.k.p.i.AbstractProblemLoader Loading environment from /home/runner/work/key/key/key.core/../key.ui/examples/heap/information_flow/ArrayList_get.key 
86716      DEBUG main            d.u.i.k.p.i.AbstractProblemLoader Environment load took 316.2ns 
86718      INFO  main            d.u.i.k.p.i.AbstractProblemLoader Creating init config 
89581      DEBUG main            d.u.i.k.p.i.AbstractProblemLoader Init config took 2.86s 
89617      INFO  main            d.u.i.k.p.i.AbstractProblemLoader Replaying proof ArrayList[ArrayList::contains(java.lang.Object)].JML normal_behavior operation contract.0 
89618      DEBUG main            d.u.i.k.p.i.IntermediateProofReplayer Proof replay took 6.4ns 
90424      INFO  main            d.u.i.k.p.r.p.TestFile    ... finished proof: closed. 
90682      INFO  main            d.u.i.k.p.i.AbstractProblemLoader Loading environment from /home/runner/work/key/key/key.core/../key.ui/examples/heap/information_flow/ArrayList_get.key.proof 
90682      DEBUG main            d.u.i.k.p.i.AbstractProblemLoader Environment load took 493.01ns 
90684      INFO  main            d.u.i.k.p.i.AbstractProblemLoader Creating init config 
93472      DEBUG main            d.u.i.k.p.i.AbstractProblemLoader Init config took 2.79s 
93515      INFO  main            d.u.i.k.p.i.AbstractProblemLoader Replaying proof ArrayList[ArrayList::contains(java.lang.Object)].JML normal_behavior operation contract.0 
93645      DEBUG main            d.u.i.k.p.i.IntermediateProofReplayer Proof replay took 116.95ms 
93647      DEBUG main            d.u.i.k.p.r.p.TestFile    ... success: reloaded. 
93648      INFO  main            d.u.i.k.p.r.p.TestFile    Now processing file /home/runner/work/key/key/key.core/../key.ui/examples/heap/information_flow/ArrayList_size.key 
93649      INFO  main            d.u.i.k.p.i.AbstractProblemLoader Loading environment from /home/runner/work/key/key/key.core/../key.ui/examples/heap/information_flow/ArrayList_size.key 
93649      DEBUG main            d.u.i.k.p.i.AbstractProblemLoader Environment load took 231.8ns 
93650      INFO  main            d.u.i.k.p.i.AbstractProblemLoader Creating init config 
96451      DEBUG main            d.u.i.k.p.i.AbstractProblemLoader Init config took 2.8s 
96486      INFO  main            d.u.i.k.p.i.AbstractProblemLoader Replaying proof ArrayList[ArrayList::size()].JML normal_behavior operation contract.0 
96488      DEBUG main            d.u.i.k.p.i.IntermediateProofReplayer Proof replay took 5.7ns 
96590      INFO  main            d.u.i.k.p.r.p.TestFile    ... finished proof: closed. 
96852      INFO  main            d.u.i.k.p.i.AbstractProblemLoader Loading environment from /home/runner/work/key/key/key.core/../key.ui/examples/heap/information_flow/ArrayList_size.key.proof 
96852      DEBUG main            d.u.i.k.p.i.AbstractProblemLoader Environment load took 126.5ns 
96853      INFO  main            d.u.i.k.p.i.AbstractProblemLoader Creating init config 
99613      DEBUG main            d.u.i.k.p.i.AbstractProblemLoader Init config took 2.76s 
99653      INFO  main            d.u.i.k.p.i.AbstractProblemLoader Replaying proof ArrayList[ArrayList::size()].JML normal_behavior operation contract.0 
99669      DEBUG main            d.u.i.k.p.i.IntermediateProofReplayer Proof replay took 13.65ms 
99670      DEBUG main            d.u.i.k.p.r.p.TestFile    ... success: reloaded. 
99671      INFO  main            d.u.i.k.p.r.p.TestFile    Now processing file /home/runner/work/key/key/key.core/../key.ui/examples/heap/information_flow/UpdateAbstraction_ex7_3_secure.key 
99671      INFO  main            d.u.i.k.p.i.AbstractProblemLoader Loading environment from /home/runner/work/key/key/key.core/../key.ui/examples/heap/information_flow/UpdateAbstraction_ex7_3_secure.key 
99671      DEBUG main            d.u.i.k.p.i.AbstractProblemLoader Environment load took 249.8ns 
99673      INFO  main            d.u.i.k.p.i.AbstractProblemLoader Creating init config 
102540     DEBUG main            d.u.i.k.p.i.AbstractProblemLoader Init config took 2.87s 
102575     INFO  main            d.u.i.k.p.i.AbstractProblemLoader Replaying proof UpdateAbstraction[UpdateAbstraction::ex7_3_secure()].JML operation contract.0 
102577     DEBUG main            d.u.i.k.p.i.IntermediateProofReplayer Proof replay took 5.9ns 
102679     INFO  main            d.u.i.k.p.r.p.TestFile    ... finished proof: closed. 
102955     INFO  main            d.u.i.k.p.i.AbstractProblemLoader Loading environment from /home/runner/work/key/key/key.core/../key.ui/examples/heap/information_flow/UpdateAbstraction_ex7_3_secure.key.proof 
102955     DEBUG main            d.u.i.k.p.i.AbstractProblemLoader Environment load took 123ns 
102956     INFO  main            d.u.i.k.p.i.AbstractProblemLoader Creating init config 
105694     DEBUG main            d.u.i.k.p.i.AbstractProblemLoader Init config took 2.74s 
105728     INFO  main            d.u.i.k.p.i.AbstractProblemLoader Replaying proof UpdateAbstraction[UpdateAbstraction::ex7_3_secure()].JML operation contract.0 
105752     DEBUG main            d.u.i.k.p.i.IntermediateProofReplayer Proof replay took 21.37ms 
105752     DEBUG main            d.u.i.k.p.r.p.TestFile    ... success: reloaded. 
105753     INFO  main            d.u.i.k.p.r.p.TestFile    Now processing file /home/runner/work/key/key/key.core/../key.ui/examples/heap/information_flow/UpdateAbstraction_ex7_4_secure.key 
105753     INFO  main            d.u.i.k.p.i.AbstractProblemLoader Loading environment from /home/runner/work/key/key/key.core/../key.ui/examples/heap/information_flow/UpdateAbstraction_ex7_4_secure.key 
105753     DEBUG main            d.u.i.k.p.i.AbstractProblemLoader Environment load took 83.5ns 
105754     INFO  main            d.u.i.k.p.i.AbstractProblemLoader Creating init config 
108538     DEBUG main            d.u.i.k.p.i.AbstractProblemLoader Init config took 2.78s 
108572     INFO  main            d.u.i.k.p.i.AbstractProblemLoader Replaying proof UpdateAbstraction[UpdateAbstraction::ex7_4_secure()].JML operation contract.0 
108573     DEBUG main            d.u.i.k.p.i.IntermediateProofReplayer Proof replay took 6.8ns 
108778     INFO  main            d.u.i.k.p.r.p.TestFile    ... finished proof: closed. 
109043     INFO  main            d.u.i.k.p.i.AbstractProblemLoader Loading environment from /home/runner/work/key/key/key.core/../key.ui/examples/heap/information_flow/UpdateAbstraction_ex7_4_secure.key.proof 
109043     DEBUG main            d.u.i.k.p.i.AbstractProblemLoader Environment load took 123.5ns 
109044     INFO  main            d.u.i.k.p.i.AbstractProblemLoader Creating init config 
111800     DEBUG main            d.u.i.k.p.i.AbstractProblemLoader Init config took 2.76s 
111835     INFO  main            d.u.i.k.p.i.AbstractProblemLoader Replaying proof UpdateAbstraction[UpdateAbstraction::ex7_4_secure()].JML operation contract.0 
111871     DEBUG main            d.u.i.k.p.i.IntermediateProofReplayer Proof replay took 33.25ms 
111872     DEBUG main            d.u.i.k.p.r.p.TestFile    ... success: reloaded. 
111873     INFO  main            d.u.i.k.p.r.p.TestFile    Now processing file /home/runner/work/key/key/key.core/../key.ui/examples/heap/information_flow/UpdateAbstraction_ex7_5_secure.key 
111873     INFO  main            d.u.i.k.p.i.AbstractProblemLoader Loading environment from /home/runner/work/key/key/key.core/../key.ui/examples/heap/information_flow/UpdateAbstraction_ex7_5_secure.key 
111873     DEBUG main            d.u.i.k.p.i.AbstractProblemLoader Environment load took 247.3ns 
111875     INFO  main            d.u.i.k.p.i.AbstractProblemLoader Creating init config 
114707     DEBUG main            d.u.i.k.p.i.AbstractProblemLoader Init config took 2.83s 
114740     INFO  main            d.u.i.k.p.i.AbstractProblemLoader Replaying proof UpdateAbstraction[UpdateAbstraction::ex7_5_secure()].JML operation contract.0 
114741     DEBUG main            d.u.i.k.p.i.IntermediateProofReplayer Proof replay took 6.2ns 
114844     INFO  main            d.u.i.k.p.r.p.TestFile    ... finished proof: closed. 
115126     INFO  main            d.u.i.k.p.i.AbstractProblemLoader Loading environment from /home/runner/work/key/key/key.core/../key.ui/examples/heap/information_flow/UpdateAbstraction_ex7_5_secure.key.proof 
115126     DEBUG main            d.u.i.k.p.i.AbstractProblemLoader Environment load took 122.7ns 
115127     INFO  main            d.u.i.k.p.i.AbstractProblemLoader Creating init config 
117879     DEBUG main            d.u.i.k.p.i.AbstractProblemLoader Init config took 2.75s 
117913     INFO  main            d.u.i.k.p.i.AbstractProblemLoader Replaying proof UpdateAbstraction[UpdateAbstraction::ex7_5_secure()].JML operation contract.0 
117928     DEBUG main            d.u.i.k.p.i.IntermediateProofReplayer Proof replay took 13.56ms 
117929     DEBUG main            d.u.i.k.p.r.p.TestFile    ... success: reloaded. 
117930     INFO  main            d.u.i.k.p.r.p.TestFile    Now processing file /home/runner/work/key/key/key.core/../key.ui/examples/heap/information_flow/UpdateAbstraction_ex7_6_secure.key 
117930     INFO  main            d.u.i.k.p.i.AbstractProblemLoader Loading environment from /home/runner/work/key/key/key.core/../key.ui/examples/heap/information_flow/UpdateAbstraction_ex7_6_secure.key 
117930     DEBUG main            d.u.i.k.p.i.AbstractProblemLoader Environment load took 64.8ns 
117931     INFO  main            d.u.i.k.p.i.AbstractProblemLoader Creating init config 
120742     DEBUG main            d.u.i.k.p.i.AbstractProblemLoader Init config took 2.81s 
120776     INFO  main            d.u.i.k.p.i.AbstractProblemLoader Replaying proof UpdateAbstraction[UpdateAbstraction::ex7_6_secure()].JML operation contract.0 
120777     DEBUG main            d.u.i.k.p.i.IntermediateProofReplayer Proof replay took 5.7ns 
121079     INFO  main            d.u.i.k.p.r.p.TestFile    ... finished proof: closed. 
121366     INFO  main            d.u.i.k.p.i.AbstractProblemLoader Loading environment from /home/runner/work/key/key/key.core/../key.ui/examples/heap/information_flow/UpdateAbstraction_ex7_6_secure.key.proof 
121366     DEBUG main            d.u.i.k.p.i.AbstractProblemLoader Environment load took 128ns 
121367     INFO  main            d.u.i.k.p.i.AbstractProblemLoader Creating init config 
124102     DEBUG main            d.u.i.k.p.i.AbstractProblemLoader Init config took 2.73s 
124136     INFO  main            d.u.i.k.p.i.AbstractProblemLoader Replaying proof UpdateAbstraction[UpdateAbstraction::ex7_6_secure()].JML operation contract.0 
124181     DEBUG main            d.u.i.k.p.i.IntermediateProofReplayer Proof replay took 43.31ms 
124182     DEBUG main            d.u.i.k.p.r.p.TestFile    ... success: reloaded. 
124184     INFO  main            d.u.i.k.p.r.p.TestFile    Now processing file /home/runner/work/key/key/key.core/../key.ui/examples/heap/information_flow/UpdateAbstraction_ex9_secure.key 
124184     INFO  main            d.u.i.k.p.i.AbstractProblemLoader Loading environment from /home/runner/work/key/key/key.core/../key.ui/examples/heap/information_flow/UpdateAbstraction_ex9_secure.key 
124184     DEBUG main            d.u.i.k.p.i.AbstractProblemLoader Environment load took 117.3ns 
124185     INFO  main            d.u.i.k.p.i.AbstractProblemLoader Creating init config 
126979     DEBUG main            d.u.i.k.p.i.AbstractProblemLoader Init config took 2.79s 
127013     INFO  main            d.u.i.k.p.i.AbstractProblemLoader Replaying proof UpdateAbstraction[UpdateAbstraction::ex9_secure()].JML operation contract.0 
127015     DEBUG main            d.u.i.k.p.i.IntermediateProofReplayer Proof replay took 5.9ns 
127831     INFO  main            d.u.i.k.p.r.p.TestFile    ... finished proof: closed. 
128156     INFO  main            d.u.i.k.p.i.AbstractProblemLoader Loading environment from /home/runner/work/key/key/key.core/../key.ui/examples/heap/information_flow/UpdateAbstraction_ex9_secure.key.proof 
128157     DEBUG main            d.u.i.k.p.i.AbstractProblemLoader Environment load took 599.41ns 
128158     INFO  main            d.u.i.k.p.i.AbstractProblemLoader Creating init config 
130888     DEBUG main            d.u.i.k.p.i.AbstractProblemLoader Init config took 2.73s 
130923     INFO  main            d.u.i.k.p.i.AbstractProblemLoader Replaying proof UpdateAbstraction[UpdateAbstraction::ex9_secure()].JML operation contract.0 
131059     DEBUG main            d.u.i.k.p.i.IntermediateProofReplayer Proof replay took 131.99ms 
131061     DEBUG main            d.u.i.k.p.r.p.TestFile    ... success: reloaded. 
842756     INFO  Test worker     d.u.i.k.p.r.p.StatisticsFile Returning from test javaCard 
842759     INFO  Test worker     d.u.i.k.p.r.p.StatisticsFile Running test list 
323        INFO  Timeout watchdog d.u.i.k.p.r.p.ForkedTestFileRunner Timeout watcher launched (2000 secs.) 
335        WARN  main            d.u.i.k.s.ProofSettings   The settings in /home/runner/.key/proof-settings.props are *not* read. 
362        INFO  main            d.u.i.k.p.r.p.TestFile    Now processing file /home/runner/work/key/key/key.core/../key.ui/examples/heap/list/ArrayList_add.key 
461        INFO  main            d.u.i.k.p.i.AbstractProblemLoader Loading environment from /home/runner/work/key/key/key.core/../key.ui/examples/heap/list/ArrayList_add.key 
483        DEBUG main            d.u.i.k.p.i.AbstractProblemLoader Environment load took 2.1ms 
708        INFO  main            d.u.i.k.p.i.AbstractProblemLoader Creating init config 
1479       DEBUG main            d.u.i.k.j.TypeConverter   No LDT found for Meta 
1483       DEBUG main            d.u.i.k.j.TypeConverter   No LDT found for Meta 
1485       DEBUG main            d.u.i.k.j.TypeConverter   No LDT found for Meta 
1487       DEBUG main            d.u.i.k.j.TypeConverter   No LDT found for Meta 
2787       DEBUG main            d.u.i.k.j.TypeConverter   No LDT found for JavaBigintExpression 
5963       DEBUG main            d.u.i.k.j.r.ClassPreparationMethodBuilder clPrepBuilder: Inner Class detected. Reject building class initialisation methods. 
8595       DEBUG main            d.u.i.k.p.i.AbstractProblemLoader Init config took 7.89s 
8818       INFO  main            d.u.i.k.p.i.AbstractProblemLoader Replaying proof ArrayList[List::add(java.lang.Object)].JML normal_behavior operation contract.0 
8854       DEBUG main            d.u.i.k.p.i.IntermediateProofReplayer Proof replay took 31.7ns 
14736      INFO  main            d.u.i.k.p.r.p.TestFile    ... finished proof: closed. 
14960      INFO  main            d.u.i.k.p.i.AbstractProblemLoader Loading environment from /home/runner/work/key/key/key.core/../key.ui/examples/heap/list/ArrayList_add.key.proof 
14961      DEBUG main            d.u.i.k.p.i.AbstractProblemLoader Environment load took 539.61ns 
14965      INFO  main            d.u.i.k.p.i.AbstractProblemLoader Creating init config 
16226      DEBUG main            d.u.i.k.j.r.ClassPreparationMethodBuilder clPrepBuilder: Inner Class detected. Reject building class initialisation methods. 
18429      DEBUG main            d.u.i.k.p.i.AbstractProblemLoader Init config took 3.46s 
18518      INFO  main            d.u.i.k.p.i.AbstractProblemLoader Replaying proof ArrayList[List::add(java.lang.Object)].JML normal_behavior operation contract.0 
19142      DEBUG main            d.u.i.k.p.i.IntermediateProofReplayer Proof replay took 595.76ms 
19150      DEBUG main            d.u.i.k.p.r.p.TestFile    ... success: reloaded. 
19153      INFO  main            d.u.i.k.p.r.p.TestFile    Now processing file /home/runner/work/key/key/key.core/../key.ui/examples/heap/list/ArrayList_ArrayList.key 
19153      INFO  main            d.u.i.k.p.i.AbstractProblemLoader Loading environment from /home/runner/work/key/key/key.core/../key.ui/examples/heap/list/ArrayList_ArrayList.key 
19153      DEBUG main            d.u.i.k.p.i.AbstractProblemLoader Environment load took 296ns 
19155      INFO  main            d.u.i.k.p.i.AbstractProblemLoader Creating init config 
20243      DEBUG main            d.u.i.k.j.r.ClassPreparationMethodBuilder clPrepBuilder: Inner Class detected. Reject building class initialisation methods. 
22407      DEBUG main            d.u.i.k.p.i.AbstractProblemLoader Init config took 3.25s 
22479      INFO  main            d.u.i.k.p.i.AbstractProblemLoader Replaying proof ArrayList[ArrayList::ArrayList()].JML normal_behavior operation contract.0 
22482      DEBUG main            d.u.i.k.p.i.IntermediateProofReplayer Proof replay took 6.6ns 
23988      INFO  main            d.u.i.k.p.r.p.TestFile    ... finished proof: closed. 
24167      INFO  main            d.u.i.k.p.i.AbstractProblemLoader Loading environment from /home/runner/work/key/key/key.core/../key.ui/examples/heap/list/ArrayList_ArrayList.key.proof 
24168      DEBUG main            d.u.i.k.p.i.AbstractProblemLoader Environment load took 1.71ms 
24172      INFO  main            d.u.i.k.p.i.AbstractProblemLoader Creating init config 
25210      DEBUG main            d.u.i.k.j.r.ClassPreparationMethodBuilder clPrepBuilder: Inner Class detected. Reject building class initialisation methods. 
27369      DEBUG main            d.u.i.k.p.i.AbstractProblemLoader Init config took 3.2s 
27431      INFO  main            d.u.i.k.p.i.AbstractProblemLoader Replaying proof ArrayList[ArrayList::ArrayList()].JML normal_behavior operation contract.0 
27631      DEBUG main            d.u.i.k.p.i.IntermediateProofReplayer Proof replay took 189.42ms 
27633      DEBUG main            d.u.i.k.p.r.p.TestFile    ... success: reloaded. 
27634      INFO  main            d.u.i.k.p.r.p.TestFile    Now processing file /home/runner/work/key/key/key.core/../key.ui/examples/heap/list/ArrayList_concatenate.key 
27635      INFO  main            d.u.i.k.p.i.AbstractProblemLoader Loading environment from /home/runner/work/key/key/key.core/../key.ui/examples/heap/list/ArrayList_concatenate.key 
27635      DEBUG main            d.u.i.k.p.i.AbstractProblemLoader Environment load took 256.4ns 
27636      INFO  main            d.u.i.k.p.i.AbstractProblemLoader Creating init config 
28695      DEBUG main            d.u.i.k.j.r.ClassPreparationMethodBuilder clPrepBuilder: Inner Class detected. Reject building class initialisation methods. 
30816      DEBUG main            d.u.i.k.p.i.AbstractProblemLoader Init config took 3.18s 
30877      INFO  main            d.u.i.k.p.i.AbstractProblemLoader Replaying proof ArrayList[List::concatenate(List)].JML normal_behavior operation contract.0 
30879      DEBUG main            d.u.i.k.p.i.IntermediateProofReplayer Proof replay took 5.7ns 
54299      INFO  main            d.u.i.k.p.r.p.TestFile    ... finished proof: closed. 
54553      INFO  main            d.u.i.k.p.i.AbstractProblemLoader Loading environment from /home/runner/work/key/key/key.core/../key.ui/examples/heap/list/ArrayList_concatenate.key.proof 
54553      DEBUG main            d.u.i.k.p.i.AbstractProblemLoader Environment load took 295.3ns 
54557      INFO  main            d.u.i.k.p.i.AbstractProblemLoader Creating init config 
55539      DEBUG main            d.u.i.k.j.r.ClassPreparationMethodBuilder clPrepBuilder: Inner Class detected. Reject building class initialisation methods. 
57693      DEBUG main            d.u.i.k.p.i.AbstractProblemLoader Init config took 3.14s 
57776      INFO  main            d.u.i.k.p.i.AbstractProblemLoader Replaying proof ArrayList[List::concatenate(List)].JML normal_behavior operation contract.0 
59286      DEBUG main            d.u.i.k.p.i.IntermediateProofReplayer Proof replay took 1.43s 
59290      DEBUG main            d.u.i.k.p.r.p.TestFile    ... success: reloaded. 
59292      INFO  main            d.u.i.k.p.r.p.TestFile    Now processing file /home/runner/work/key/key/key.core/../key.ui/examples/heap/list/ArrayList_contains_dep.key 
59292      INFO  main            d.u.i.k.p.i.AbstractProblemLoader Loading environment from /home/runner/work/key/key/key.core/../key.ui/examples/heap/list/ArrayList_contains_dep.key 
59292      DEBUG main            d.u.i.k.p.i.AbstractProblemLoader Environment load took 178.5ns 
59293      INFO  main            d.u.i.k.p.i.AbstractProblemLoader Creating init config 
60365      DEBUG main            d.u.i.k.j.r.ClassPreparationMethodBuilder clPrepBuilder: Inner Class detected. Reject building class initialisation methods. 
62514      DEBUG main            d.u.i.k.p.i.AbstractProblemLoader Init config took 3.22s 
62574      INFO  main            d.u.i.k.p.i.AbstractProblemLoader Replaying proof ArrayList[List::contains(java.lang.Object)].JML accessible clause.0 
62576      DEBUG main            d.u.i.k.p.i.IntermediateProofReplayer Proof replay took 5.5ns 
65285      INFO  main            d.u.i.k.p.r.p.TestFile    ... finished proof: closed. 
65574      INFO  main            d.u.i.k.p.i.AbstractProblemLoader Loading environment from /home/runner/work/key/key/key.core/../key.ui/examples/heap/list/ArrayList_contains_dep.key.proof 
65575      DEBUG main            d.u.i.k.p.i.AbstractProblemLoader Environment load took 581.91ns 
65577      INFO  main            d.u.i.k.p.i.AbstractProblemLoader Creating init config 
66586      DEBUG main            d.u.i.k.j.r.ClassPreparationMethodBuilder clPrepBuilder: Inner Class detected. Reject building class initialisation methods. 
68740      DEBUG main            d.u.i.k.p.i.AbstractProblemLoader Init config took 3.16s 
68794      INFO  main            d.u.i.k.p.i.AbstractProblemLoader Replaying proof ArrayList[List::contains(java.lang.Object)].JML accessible clause.0 
69121      DEBUG main            d.u.i.k.p.i.IntermediateProofReplayer Proof replay took 314.51ms 
69123      DEBUG main            d.u.i.k.p.r.p.TestFile    ... success: reloaded. 
69124      INFO  main            d.u.i.k.p.r.p.TestFile    Now processing file /home/runner/work/key/key/key.core/../key.ui/examples/heap/list/ArrayList_enlarge.key 
69124      INFO  main            d.u.i.k.p.i.AbstractProblemLoader Loading environment from /home/runner/work/key/key/key.core/../key.ui/examples/heap/list/ArrayList_enlarge.key 
69125      DEBUG main            d.u.i.k.p.i.AbstractProblemLoader Environment load took 261.3ns 
69126      INFO  main            d.u.i.k.p.i.AbstractProblemLoader Creating init config 
70111      DEBUG main            d.u.i.k.j.r.ClassPreparationMethodBuilder clPrepBuilder: Inner Class detected. Reject building class initialisation methods. 
72180      DEBUG main            d.u.i.k.p.i.AbstractProblemLoader Init config took 3.05s 
72256      INFO  main            d.u.i.k.p.i.AbstractProblemLoader Replaying proof ArrayList[ArrayList::enlarge()].JML normal_behavior operation contract.0 
72259      DEBUG main            d.u.i.k.p.i.IntermediateProofReplayer Proof replay took 6.1ns 
74568      INFO  main            d.u.i.k.p.r.p.TestFile    ... finished proof: closed. 
74766      INFO  main            d.u.i.k.p.i.AbstractProblemLoader Loading environment from /home/runner/work/key/key/key.core/../key.ui/examples/heap/list/ArrayList_enlarge.key.proof 
74767      DEBUG main            d.u.i.k.p.i.AbstractProblemLoader Environment load took 593.11ns 
74768      INFO  main            d.u.i.k.p.i.AbstractProblemLoader Creating init config 
75739      DEBUG main            d.u.i.k.j.r.ClassPreparationMethodBuilder clPrepBuilder: Inner Class detected. Reject building class initialisation methods. 
77852      DEBUG main            d.u.i.k.p.i.AbstractProblemLoader Init config took 3.08s 
77904      INFO  main            d.u.i.k.p.i.AbstractProblemLoader Replaying proof ArrayList[ArrayList::enlarge()].JML normal_behavior operation contract.0 
78206      DEBUG main            d.u.i.k.p.i.IntermediateProofReplayer Proof replay took 267.5ms 
78208      DEBUG main            d.u.i.k.p.r.p.TestFile    ... success: reloaded. 
78210      INFO  main            d.u.i.k.p.r.p.TestFile    Now processing file /home/runner/work/key/key/key.core/../key.ui/examples/heap/list/ArrayList_footprint.key 
78211      INFO  main            d.u.i.k.p.i.AbstractProblemLoader Loading environment from /home/runner/work/key/key/key.core/../key.ui/examples/heap/list/ArrayList_footprint.key 
78212      DEBUG main            d.u.i.k.p.i.AbstractProblemLoader Environment load took 303.4ns 
78213      INFO  main            d.u.i.k.p.i.AbstractProblemLoader Creating init config 
79240      DEBUG main            d.u.i.k.j.r.ClassPreparationMethodBuilder clPrepBuilder: Inner Class detected. Reject building class initialisation methods. 
81327      DEBUG main            d.u.i.k.p.i.AbstractProblemLoader Init config took 3.11s 
81374      INFO  main            d.u.i.k.p.i.AbstractProblemLoader Replaying proof List[List::$footprint()].JML accessible clause.0 
81376      DEBUG main            d.u.i.k.p.i.IntermediateProofReplayer Proof replay took 7ns 
81477      INFO  main            d.u.i.k.p.r.p.TestFile    ... finished proof: closed. 
81656      INFO  main            d.u.i.k.p.i.AbstractProblemLoader Loading environment from /home/runner/work/key/key/key.core/../key.ui/examples/heap/list/ArrayList_footprint.key.proof 
81656      DEBUG main            d.u.i.k.p.i.AbstractProblemLoader Environment load took 129ns 
81657      INFO  main            d.u.i.k.p.i.AbstractProblemLoader Creating init config 
82626      DEBUG main            d.u.i.k.j.r.ClassPreparationMethodBuilder clPrepBuilder: Inner Class detected. Reject building class initialisation methods. 
84678      DEBUG main            d.u.i.k.p.i.AbstractProblemLoader Init config took 3.02s 
84723      INFO  main            d.u.i.k.p.i.AbstractProblemLoader Replaying proof List[List::$footprint()].JML accessible clause.0 
84725      DEBUG main            d.u.i.k.p.i.IntermediateProofReplayer Proof replay took 911.91ns 
84726      DEBUG main            d.u.i.k.p.r.p.TestFile    ... success: reloaded. 
84728      INFO  main            d.u.i.k.p.r.p.TestFile    Now processing file /home/runner/work/key/key/key.core/../key.ui/examples/heap/list/ArrayList_get_dep.key 
84728      INFO  main            d.u.i.k.p.i.AbstractProblemLoader Loading environment from /home/runner/work/key/key/key.core/../key.ui/examples/heap/list/ArrayList_get_dep.key 
84728      DEBUG main            d.u.i.k.p.i.AbstractProblemLoader Environment load took 103.8ns 
84729      INFO  main            d.u.i.k.p.i.AbstractProblemLoader Creating init config 
85720      DEBUG main            d.u.i.k.j.r.ClassPreparationMethodBuilder clPrepBuilder: Inner Class detected. Reject building class initialisation methods. 
87804      DEBUG main            d.u.i.k.p.i.AbstractProblemLoader Init config took 3.08s 
87854      INFO  main            d.u.i.k.p.i.AbstractProblemLoader Replaying proof ArrayList[List::get(int)].JML accessible clause.0 
87855      DEBUG main            d.u.i.k.p.i.IntermediateProofReplayer Proof replay took 6ns 
88263      INFO  main            d.u.i.k.p.r.p.TestFile    ... finished proof: closed. 
88472      INFO  main            d.u.i.k.p.i.AbstractProblemLoader Loading environment from /home/runner/work/key/key/key.core/../key.ui/examples/heap/list/ArrayList_get_dep.key.proof 
88473      DEBUG main            d.u.i.k.p.i.AbstractProblemLoader Environment load took 227.3ns 
88477      INFO  main            d.u.i.k.p.i.AbstractProblemLoader Creating init config 
89469      DEBUG main            d.u.i.k.j.r.ClassPreparationMethodBuilder clPrepBuilder: Inner Class detected. Reject building class initialisation methods. 
91488      DEBUG main            d.u.i.k.p.i.AbstractProblemLoader Init config took 3.01s 
91549      INFO  main            d.u.i.k.p.i.AbstractProblemLoader Replaying proof ArrayList[List::get(int)].JML accessible clause.0 
91601      DEBUG main            d.u.i.k.p.i.IntermediateProofReplayer Proof replay took 48.92ms 
91602      DEBUG main            d.u.i.k.p.r.p.TestFile    ... success: reloaded. 
91604      INFO  main            d.u.i.k.p.r.p.TestFile    Now processing file /home/runner/work/key/key/key.core/../key.ui/examples/heap/list/ArrayList_get_exceptional.key 
91604      INFO  main            d.u.i.k.p.i.AbstractProblemLoader Loading environment from /home/runner/work/key/key/key.core/../key.ui/examples/heap/list/ArrayList_get_exceptional.key 
91604      DEBUG main            d.u.i.k.p.i.AbstractProblemLoader Environment load took 153.2ns 
91605      INFO  main            d.u.i.k.p.i.AbstractProblemLoader Creating init config 
92580      DEBUG main            d.u.i.k.j.r.ClassPreparationMethodBuilder clPrepBuilder: Inner Class detected. Reject building class initialisation methods. 
94665      DEBUG main            d.u.i.k.p.i.AbstractProblemLoader Init config took 3.06s 
94733      INFO  main            d.u.i.k.p.i.AbstractProblemLoader Replaying proof ArrayList[List::get(int)].JML exceptional_behavior operation contract.0 
94735      DEBUG main            d.u.i.k.p.i.IntermediateProofReplayer Proof replay took 6.6ns 
95967      INFO  main            d.u.i.k.p.r.p.TestFile    ... finished proof: closed. 
96172      INFO  main            d.u.i.k.p.i.AbstractProblemLoader Loading environment from /home/runner/work/key/key/key.core/../key.ui/examples/heap/list/ArrayList_get_exceptional.key.proof 
96174      DEBUG main            d.u.i.k.p.i.AbstractProblemLoader Environment load took 2.27ms 
96176      INFO  main            d.u.i.k.p.i.AbstractProblemLoader Creating init config 
97146      DEBUG main            d.u.i.k.j.r.ClassPreparationMethodBuilder clPrepBuilder: Inner Class detected. Reject building class initialisation methods. 
99159      DEBUG main            d.u.i.k.p.i.AbstractProblemLoader Init config took 2.98s 
99209      INFO  main            d.u.i.k.p.i.AbstractProblemLoader Replaying proof ArrayList[List::get(int)].JML exceptional_behavior operation contract.0 
99371      DEBUG main            d.u.i.k.p.i.IntermediateProofReplayer Proof replay took 154.7ms 
99372      DEBUG main            d.u.i.k.p.r.p.TestFile    ... success: reloaded. 
99374      INFO  main            d.u.i.k.p.r.p.TestFile    Now processing file /home/runner/work/key/key/key.core/../key.ui/examples/heap/list/ArrayList_get_normal.key 
99374      INFO  main            d.u.i.k.p.i.AbstractProblemLoader Loading environment from /home/runner/work/key/key/key.core/../key.ui/examples/heap/list/ArrayList_get_normal.key 
99375      DEBUG main            d.u.i.k.p.i.AbstractProblemLoader Environment load took 328.7ns 
99376      INFO  main            d.u.i.k.p.i.AbstractProblemLoader Creating init config 
100338     DEBUG main            d.u.i.k.j.r.ClassPreparationMethodBuilder clPrepBuilder: Inner Class detected. Reject building class initialisation methods. 
102447     DEBUG main            d.u.i.k.p.i.AbstractProblemLoader Init config took 3.07s 
102495     INFO  main            d.u.i.k.p.i.AbstractProblemLoader Replaying proof ArrayList[List::get(int)].JML normal_behavior operation contract.0 
102497     DEBUG main            d.u.i.k.p.i.IntermediateProofReplayer Proof replay took 5.7ns 
102901     INFO  main            d.u.i.k.p.r.p.TestFile    ... finished proof: closed. 
103094     INFO  main            d.u.i.k.p.i.AbstractProblemLoader Loading environment from /home/runner/work/key/key/key.core/../key.ui/examples/heap/list/ArrayList_get_normal.key.proof 
103094     DEBUG main            d.u.i.k.p.i.AbstractProblemLoader Environment load took 136.4ns 
103096     INFO  main            d.u.i.k.p.i.AbstractProblemLoader Creating init config 
104040     DEBUG main            d.u.i.k.j.r.ClassPreparationMethodBuilder clPrepBuilder: Inner Class detected. Reject building class initialisation methods. 
106108     DEBUG main            d.u.i.k.p.i.AbstractProblemLoader Init config took 3.01s 
106157     INFO  main            d.u.i.k.p.i.AbstractProblemLoader Replaying proof ArrayList[List::get(int)].JML normal_behavior operation contract.0 
106210     DEBUG main            d.u.i.k.p.i.IntermediateProofReplayer Proof replay took 49.35ms 
106211     DEBUG main            d.u.i.k.p.r.p.TestFile    ... success: reloaded. 
106213     INFO  main            d.u.i.k.p.r.p.TestFile    Now processing file /home/runner/work/key/key/key.core/../key.ui/examples/heap/list/ArrayList_inv.key 
106213     INFO  main            d.u.i.k.p.i.AbstractProblemLoader Loading environment from /home/runner/work/key/key/key.core/../key.ui/examples/heap/list/ArrayList_inv.key 
106213     DEBUG main            d.u.i.k.p.i.AbstractProblemLoader Environment load took 106.7ns 
106214     INFO  main            d.u.i.k.p.i.AbstractProblemLoader Creating init config 
107182     DEBUG main            d.u.i.k.j.r.ClassPreparationMethodBuilder clPrepBuilder: Inner Class detected. Reject building class initialisation methods. 
109224     DEBUG main            d.u.i.k.p.i.AbstractProblemLoader Init config took 3.01s 
109294     INFO  main            d.u.i.k.p.i.AbstractProblemLoader Replaying proof ArrayList[java.lang.Object::<inv>()].JML accessible clause.0 
109296     DEBUG main            d.u.i.k.p.i.IntermediateProofReplayer Proof replay took 7.3ns 
109698     INFO  main            d.u.i.k.p.r.p.TestFile    ... finished proof: closed. 
109927     INFO  main            d.u.i.k.p.i.AbstractProblemLoader Loading environment from /home/runner/work/key/key/key.core/../key.ui/examples/heap/list/ArrayList_inv.key.proof 
109927     DEBUG main            d.u.i.k.p.i.AbstractProblemLoader Environment load took 133.5ns 
109929     INFO  main            d.u.i.k.p.i.AbstractProblemLoader Creating init config 
110916     DEBUG main            d.u.i.k.j.r.ClassPreparationMethodBuilder clPrepBuilder: Inner Class detected. Reject building class initialisation methods. 
112957     DEBUG main            d.u.i.k.p.i.AbstractProblemLoader Init config took 3.03s 
113005     INFO  main            d.u.i.k.p.i.AbstractProblemLoader Replaying proof ArrayList[java.lang.Object::<inv>()].JML accessible clause.0 
113038     DEBUG main            d.u.i.k.p.i.IntermediateProofReplayer Proof replay took 30.22ms 
113039     DEBUG main            d.u.i.k.p.r.p.TestFile    ... success: reloaded. 
113041     INFO  main            d.u.i.k.p.r.p.TestFile    Now processing file /home/runner/work/key/key/key.core/../key.ui/examples/heap/list/ArrayList_iterator.key 
113041     INFO  main            d.u.i.k.p.i.AbstractProblemLoader Loading environment from /home/runner/work/key/key/key.core/../key.ui/examples/heap/list/ArrayList_iterator.key 
113041     DEBUG main            d.u.i.k.p.i.AbstractProblemLoader Environment load took 105.7ns 
113042     INFO  main            d.u.i.k.p.i.AbstractProblemLoader Creating init config 
114031     DEBUG main            d.u.i.k.j.r.ClassPreparationMethodBuilder clPrepBuilder: Inner Class detected. Reject building class initialisation methods. 
116114     DEBUG main            d.u.i.k.p.i.AbstractProblemLoader Init config took 3.07s 
116161     INFO  main            d.u.i.k.p.i.AbstractProblemLoader Replaying proof ArrayList[List::iterator()].JML normal_behavior operation contract.0 
116163     DEBUG main            d.u.i.k.p.i.IntermediateProofReplayer Proof replay took 5.6ns 
116668     INFO  main            d.u.i.k.p.r.p.TestFile    ... finished proof: closed. 
116942     INFO  main            d.u.i.k.p.i.AbstractProblemLoader Loading environment from /home/runner/work/key/key/key.core/../key.ui/examples/heap/list/ArrayList_iterator.key.proof 
116943     DEBUG main            d.u.i.k.p.i.AbstractProblemLoader Environment load took 558.91ns 
116944     INFO  main            d.u.i.k.p.i.AbstractProblemLoader Creating init config 
117889     DEBUG main            d.u.i.k.j.r.ClassPreparationMethodBuilder clPrepBuilder: Inner Class detected. Reject building class initialisation methods. 
119962     DEBUG main            d.u.i.k.p.i.AbstractProblemLoader Init config took 3.02s 
120020     INFO  main            d.u.i.k.p.i.AbstractProblemLoader Replaying proof ArrayList[List::iterator()].JML normal_behavior operation contract.0 
120089     DEBUG main            d.u.i.k.p.i.IntermediateProofReplayer Proof replay took 64.36ms 
120090     DEBUG main            d.u.i.k.p.r.p.TestFile    ... success: reloaded. 
120091     INFO  main            d.u.i.k.p.r.p.TestFile    Now processing file /home/runner/work/key/key/key.core/../key.ui/examples/heap/list/ArrayList_size_dep.key 
120091     INFO  main            d.u.i.k.p.i.AbstractProblemLoader Loading environment from /home/runner/work/key/key/key.core/../key.ui/examples/heap/list/ArrayList_size_dep.key 
120092     DEBUG main            d.u.i.k.p.i.AbstractProblemLoader Environment load took 185.6ns 
120093     INFO  main            d.u.i.k.p.i.AbstractProblemLoader Creating init config 
121068     DEBUG main            d.u.i.k.j.r.ClassPreparationMethodBuilder clPrepBuilder: Inner Class detected. Reject building class initialisation methods. 
123098     DEBUG main            d.u.i.k.p.i.AbstractProblemLoader Init config took 3.01s 
123150     INFO  main            d.u.i.k.p.i.AbstractProblemLoader Replaying proof ArrayList[List::size()].JML accessible clause.0 
123152     DEBUG main            d.u.i.k.p.i.IntermediateProofReplayer Proof replay took 6.1ns 
123354     INFO  main            d.u.i.k.p.r.p.TestFile    ... finished proof: closed. 
123577     INFO  main            d.u.i.k.p.i.AbstractProblemLoader Loading environment from /home/runner/work/key/key/key.core/../key.ui/examples/heap/list/ArrayList_size_dep.key.proof 
123577     DEBUG main            d.u.i.k.p.i.AbstractProblemLoader Environment load took 130.9ns 
123579     INFO  main            d.u.i.k.p.i.AbstractProblemLoader Creating init config 
124522     DEBUG main            d.u.i.k.j.r.ClassPreparationMethodBuilder clPrepBuilder: Inner Class detected. Reject building class initialisation methods. 
126526     DEBUG main            d.u.i.k.p.i.AbstractProblemLoader Init config took 2.95s 
126573     INFO  main            d.u.i.k.p.i.AbstractProblemLoader Replaying proof ArrayList[List::size()].JML accessible clause.0 
126591     DEBUG main            d.u.i.k.p.i.IntermediateProofReplayer Proof replay took 15.37ms 
126592     DEBUG main            d.u.i.k.p.r.p.TestFile    ... success: reloaded. 
126593     INFO  main            d.u.i.k.p.r.p.TestFile    Now processing file /home/runner/work/key/key/key.core/../key.ui/examples/heap/list/ArrayList_size.key 
126593     INFO  main            d.u.i.k.p.i.AbstractProblemLoader Loading environment from /home/runner/work/key/key/key.core/../key.ui/examples/heap/list/ArrayList_size.key 
126593     DEBUG main            d.u.i.k.p.i.AbstractProblemLoader Environment load took 96.6ns 
126594     INFO  main            d.u.i.k.p.i.AbstractProblemLoader Creating init config 
127559     DEBUG main            d.u.i.k.j.r.ClassPreparationMethodBuilder clPrepBuilder: Inner Class detected. Reject building class initialisation methods. 
129655     DEBUG main            d.u.i.k.p.i.AbstractProblemLoader Init config took 3.06s 
129701     INFO  main            d.u.i.k.p.i.AbstractProblemLoader Replaying proof ArrayList[List::size()].JML normal_behavior operation contract.0 
129703     DEBUG main            d.u.i.k.p.i.IntermediateProofReplayer Proof replay took 5.8ns 
129905     INFO  main            d.u.i.k.p.r.p.TestFile    ... finished proof: closed. 
130152     INFO  main            d.u.i.k.p.i.AbstractProblemLoader Loading environment from /home/runner/work/key/key/key.core/../key.ui/examples/heap/list/ArrayList_size.key.proof 
130152     DEBUG main            d.u.i.k.p.i.AbstractProblemLoader Environment load took 125.9ns 
130153     INFO  main            d.u.i.k.p.i.AbstractProblemLoader Creating init config 
131090     DEBUG main            d.u.i.k.j.r.ClassPreparationMethodBuilder clPrepBuilder: Inner Class detected. Reject building class initialisation methods. 
133132     DEBUG main            d.u.i.k.p.i.AbstractProblemLoader Init config took 2.98s 
133196     INFO  main            d.u.i.k.p.i.AbstractProblemLoader Replaying proof ArrayList[List::size()].JML normal_behavior operation contract.0 
133224     DEBUG main            d.u.i.k.p.i.IntermediateProofReplayer Proof replay took 24.46ms 
133225     DEBUG main            d.u.i.k.p.r.p.TestFile    ... success: reloaded. 
133226     INFO  main            d.u.i.k.p.r.p.TestFile    Now processing file /home/runner/work/key/key/key.core/../key.ui/examples/heap/list/ArrayList.ArrayListIterator_ArrayListIterator.key 
133227     INFO  main            d.u.i.k.p.i.AbstractProblemLoader Loading environment from /home/runner/work/key/key/key.core/../key.ui/examples/heap/list/ArrayList.ArrayListIterator_ArrayListIterator.key 
133227     DEBUG main            d.u.i.k.p.i.AbstractProblemLoader Environment load took 100.5ns 
133228     INFO  main            d.u.i.k.p.i.AbstractProblemLoader Creating init config 
134201     DEBUG main            d.u.i.k.j.r.ClassPreparationMethodBuilder clPrepBuilder: Inner Class detected. Reject building class initialisation methods. 
136259     DEBUG main            d.u.i.k.p.i.AbstractProblemLoader Init config took 3.03s 
136334     INFO  main            d.u.i.k.p.i.AbstractProblemLoader Replaying proof ArrayList.ArrayListIterator[ArrayList.ArrayListIterator::ArrayListIterator(ArrayList)].JML normal_behavior operation contract.0 
136336     DEBUG main            d.u.i.k.p.i.IntermediateProofReplayer Proof replay took 6.9ns 
136940     INFO  main            d.u.i.k.p.r.p.TestFile    ... finished proof: closed. 
137205     INFO  main            d.u.i.k.p.i.AbstractProblemLoader Loading environment from /home/runner/work/key/key/key.core/../key.ui/examples/heap/list/ArrayList.ArrayListIterator_ArrayListIterator.key.proof 
137205     DEBUG main            d.u.i.k.p.i.AbstractProblemLoader Environment load took 135.1ns 
137206     INFO  main            d.u.i.k.p.i.AbstractProblemLoader Creating init config 
138148     DEBUG main            d.u.i.k.j.r.ClassPreparationMethodBuilder clPrepBuilder: Inner Class detected. Reject building class initialisation methods. 
140177     DEBUG main            d.u.i.k.p.i.AbstractProblemLoader Init config took 2.97s 
140234     INFO  main            d.u.i.k.p.i.AbstractProblemLoader Replaying proof ArrayList.ArrayListIterator[ArrayList.ArrayListIterator::ArrayListIterator(ArrayList)].JML normal_behavior operation contract.0 
140312     DEBUG main            d.u.i.k.p.i.IntermediateProofReplayer Proof replay took 73.14ms 
140313     DEBUG main            d.u.i.k.p.r.p.TestFile    ... success: reloaded. 
140314     INFO  main            d.u.i.k.p.r.p.TestFile    Now processing file /home/runner/work/key/key/key.core/../key.ui/examples/heap/list/ArrayList.ArrayListIterator_hasNext_dep.key 
140315     INFO  main            d.u.i.k.p.i.AbstractProblemLoader Loading environment from /home/runner/work/key/key/key.core/../key.ui/examples/heap/list/ArrayList.ArrayListIterator_hasNext_dep.key 
140315     DEBUG main            d.u.i.k.p.i.AbstractProblemLoader Environment load took 110.4ns 
140316     INFO  main            d.u.i.k.p.i.AbstractProblemLoader Creating init config 
141297     DEBUG main            d.u.i.k.j.r.ClassPreparationMethodBuilder clPrepBuilder: Inner Class detected. Reject building class initialisation methods. 
143353     DEBUG main            d.u.i.k.p.i.AbstractProblemLoader Init config took 3.04s 
143414     INFO  main            d.u.i.k.p.i.AbstractProblemLoader Replaying proof ArrayList.ArrayListIterator[ListIterator::hasNext()].JML accessible clause.0 
143416     DEBUG main            d.u.i.k.p.i.IntermediateProofReplayer Proof replay took 5.8ns 
143819     INFO  main            d.u.i.k.p.r.p.TestFile    ... finished proof: closed. 
144051     INFO  main            d.u.i.k.p.i.AbstractProblemLoader Loading environment from /home/runner/work/key/key/key.core/../key.ui/examples/heap/list/ArrayList.ArrayListIterator_hasNext_dep.key.proof 
144051     DEBUG main            d.u.i.k.p.i.AbstractProblemLoader Environment load took 138.7ns 
144052     INFO  main            d.u.i.k.p.i.AbstractProblemLoader Creating init config 
145015     DEBUG main            d.u.i.k.j.r.ClassPreparationMethodBuilder clPrepBuilder: Inner Class detected. Reject building class initialisation methods. 
147015     DEBUG main            d.u.i.k.p.i.AbstractProblemLoader Init config took 2.96s 
147069     INFO  main            d.u.i.k.p.i.AbstractProblemLoader Replaying proof ArrayList.ArrayListIterator[ListIterator::hasNext()].JML accessible clause.0 
147103     DEBUG main            d.u.i.k.p.i.IntermediateProofReplayer Proof replay took 31.26ms 
147105     DEBUG main            d.u.i.k.p.r.p.TestFile    ... success: reloaded. 
147106     INFO  main            d.u.i.k.p.r.p.TestFile    Now processing file /home/runner/work/key/key/key.core/../key.ui/examples/heap/list/ArrayList.ArrayListIterator_hasNext.key 
147106     INFO  main            d.u.i.k.p.i.AbstractProblemLoader Loading environment from /home/runner/work/key/key/key.core/../key.ui/examples/heap/list/ArrayList.ArrayListIterator_hasNext.key 
147107     DEBUG main            d.u.i.k.p.i.AbstractProblemLoader Environment load took 229.7ns 
147108     INFO  main            d.u.i.k.p.i.AbstractProblemLoader Creating init config 
148094     DEBUG main            d.u.i.k.j.r.ClassPreparationMethodBuilder clPrepBuilder: Inner Class detected. Reject building class initialisation methods. 
150160     DEBUG main            d.u.i.k.p.i.AbstractProblemLoader Init config took 3.05s 
150215     INFO  main            d.u.i.k.p.i.AbstractProblemLoader Replaying proof ArrayList.ArrayListIterator[ListIterator::hasNext()].JML normal_behavior operation contract.0 
150216     DEBUG main            d.u.i.k.p.i.IntermediateProofReplayer Proof replay took 6.5ns 
150619     INFO  main            d.u.i.k.p.r.p.TestFile    ... finished proof: closed. 
150859     INFO  main            d.u.i.k.p.i.AbstractProblemLoader Loading environment from /home/runner/work/key/key/key.core/../key.ui/examples/heap/list/ArrayList.ArrayListIterator_hasNext.key.proof 
150860     DEBUG main            d.u.i.k.p.i.AbstractProblemLoader Environment load took 117.2ns 
150861     INFO  main            d.u.i.k.p.i.AbstractProblemLoader Creating init config 
151808     DEBUG main            d.u.i.k.j.r.ClassPreparationMethodBuilder clPrepBuilder: Inner Class detected. Reject building class initialisation methods. 
153818     DEBUG main            d.u.i.k.p.i.AbstractProblemLoader Init config took 2.96s 
153883     INFO  main            d.u.i.k.p.i.AbstractProblemLoader Replaying proof ArrayList.ArrayListIterator[ListIterator::hasNext()].JML normal_behavior operation contract.0 
153925     DEBUG main            d.u.i.k.p.i.IntermediateProofReplayer Proof replay took 38.76ms 
153926     DEBUG main            d.u.i.k.p.r.p.TestFile    ... success: reloaded. 
153929     INFO  main            d.u.i.k.p.r.p.TestFile    Now processing file /home/runner/work/key/key/key.core/../key.ui/examples/heap/list/ArrayList.ArrayListIterator_inv.key 
153929     INFO  main            d.u.i.k.p.i.AbstractProblemLoader Loading environment from /home/runner/work/key/key/key.core/../key.ui/examples/heap/list/ArrayList.ArrayListIterator_inv.key 
153929     DEBUG main            d.u.i.k.p.i.AbstractProblemLoader Environment load took 118ns 
153930     INFO  main            d.u.i.k.p.i.AbstractProblemLoader Creating init config 
154918     DEBUG main            d.u.i.k.j.r.ClassPreparationMethodBuilder clPrepBuilder: Inner Class detected. Reject building class initialisation methods. 
156922     DEBUG main            d.u.i.k.p.i.AbstractProblemLoader Init config took 2.99s 
156995     INFO  main            d.u.i.k.p.i.AbstractProblemLoader Replaying proof ArrayList.ArrayListIterator[java.lang.Object::<inv>()].JML accessible clause.0 
156996     DEBUG main            d.u.i.k.p.i.IntermediateProofReplayer Proof replay took 6.6ns 
158001     INFO  main            d.u.i.k.p.r.p.TestFile    ... finished proof: closed. 
158308     INFO  main            d.u.i.k.p.i.AbstractProblemLoader Loading environment from /home/runner/work/key/key/key.core/../key.ui/examples/heap/list/ArrayList.ArrayListIterator_inv.key.proof 
158308     DEBUG main            d.u.i.k.p.i.AbstractProblemLoader Environment load took 500.81ns 
158310     INFO  main            d.u.i.k.p.i.AbstractProblemLoader Creating init config 
159251     DEBUG main            d.u.i.k.j.r.ClassPreparationMethodBuilder clPrepBuilder: Inner Class detected. Reject building class initialisation methods. 
161243     DEBUG main            d.u.i.k.p.i.AbstractProblemLoader Init config took 2.93s 
161298     INFO  main            d.u.i.k.p.i.AbstractProblemLoader Replaying proof ArrayList.ArrayListIterator[java.lang.Object::<inv>()].JML accessible clause.0 
161368     DEBUG main            d.u.i.k.p.i.IntermediateProofReplayer Proof replay took 64.64ms 
161370     DEBUG main            d.u.i.k.p.r.p.TestFile    ... success: reloaded. 
161371     INFO  main            d.u.i.k.p.r.p.TestFile    Now processing file /home/runner/work/key/key/key.core/../key.ui/examples/heap/list/ArrayList.ArrayListIterator_list.key 
161371     INFO  main            d.u.i.k.p.i.AbstractProblemLoader Loading environment from /home/runner/work/key/key/key.core/../key.ui/examples/heap/list/ArrayList.ArrayListIterator_list.key 
161372     DEBUG main            d.u.i.k.p.i.AbstractProblemLoader Environment load took 227.5ns 
161374     INFO  main            d.u.i.k.p.i.AbstractProblemLoader Creating init config 
162343     DEBUG main            d.u.i.k.j.r.ClassPreparationMethodBuilder clPrepBuilder: Inner Class detected. Reject building class initialisation methods. 
164408     DEBUG main            d.u.i.k.p.i.AbstractProblemLoader Init config took 3.03s 
164451     INFO  main            d.u.i.k.p.i.AbstractProblemLoader Replaying proof ListIterator[ListIterator::$list()].JML accessible clause.0 
164452     DEBUG main            d.u.i.k.p.i.IntermediateProofReplayer Proof replay took 6.4ns 
164554     INFO  main            d.u.i.k.p.r.p.TestFile    ... finished proof: closed. 
164811     INFO  main            d.u.i.k.p.i.AbstractProblemLoader Loading environment from /home/runner/work/key/key/key.core/../key.ui/examples/heap/list/ArrayList.ArrayListIterator_list.key.proof 
164811     DEBUG main            d.u.i.k.p.i.AbstractProblemLoader Environment load took 134.4ns 
164812     INFO  main            d.u.i.k.p.i.AbstractProblemLoader Creating init config 
165758     DEBUG main            d.u.i.k.j.r.ClassPreparationMethodBuilder clPrepBuilder: Inner Class detected. Reject building class initialisation methods. 
167752     DEBUG main            d.u.i.k.p.i.AbstractProblemLoader Init config took 2.94s 
167792     INFO  main            d.u.i.k.p.i.AbstractProblemLoader Replaying proof ListIterator[ListIterator::$list()].JML accessible clause.0 
167794     DEBUG main            d.u.i.k.p.i.IntermediateProofReplayer Proof replay took 775.41ns 
167795     DEBUG main            d.u.i.k.p.r.p.TestFile    ... success: reloaded. 
167796     INFO  main            d.u.i.k.p.r.p.TestFile    Now processing file /home/runner/work/key/key/key.core/../key.ui/examples/heap/list/ArrayList.ArrayListIterator_next_exceptional.key 
167796     INFO  main            d.u.i.k.p.i.AbstractProblemLoader Loading environment from /home/runner/work/key/key/key.core/../key.ui/examples/heap/list/ArrayList.ArrayListIterator_next_exceptional.key 
167796     DEBUG main            d.u.i.k.p.i.AbstractProblemLoader Environment load took 120.5ns 
167797     INFO  main            d.u.i.k.p.i.AbstractProblemLoader Creating init config 
168761     DEBUG main            d.u.i.k.j.r.ClassPreparationMethodBuilder clPrepBuilder: Inner Class detected. Reject building class initialisation methods. 
170816     DEBUG main            d.u.i.k.p.i.AbstractProblemLoader Init config took 3.02s 
170869     INFO  main            d.u.i.k.p.i.AbstractProblemLoader Replaying proof ArrayList.ArrayListIterator[ListIterator::next()].JML exceptional_behavior operation contract.0 
170870     DEBUG main            d.u.i.k.p.i.IntermediateProofReplayer Proof replay took 6.1ns 
171677     INFO  main            d.u.i.k.p.r.p.TestFile    ... finished proof: closed. 
171944     INFO  main            d.u.i.k.p.i.AbstractProblemLoader Loading environment from /home/runner/work/key/key/key.core/../key.ui/examples/heap/list/ArrayList.ArrayListIterator_next_exceptional.key.proof 
171945     DEBUG main            d.u.i.k.p.i.AbstractProblemLoader Environment load took 480.51ns 
171946     INFO  main            d.u.i.k.p.i.AbstractProblemLoader Creating init config 
172899     DEBUG main            d.u.i.k.j.r.ClassPreparationMethodBuilder clPrepBuilder: Inner Class detected. Reject building class initialisation methods. 
174904     DEBUG main            d.u.i.k.p.i.AbstractProblemLoader Init config took 2.96s 
174957     INFO  main            d.u.i.k.p.i.AbstractProblemLoader Replaying proof ArrayList.ArrayListIterator[ListIterator::next()].JML exceptional_behavior operation contract.0 
175052     DEBUG main            d.u.i.k.p.i.IntermediateProofReplayer Proof replay took 89.02ms 
175053     DEBUG main            d.u.i.k.p.r.p.TestFile    ... success: reloaded. 
175054     INFO  main            d.u.i.k.p.r.p.TestFile    Now processing file /home/runner/work/key/key/key.core/../key.ui/examples/heap/list/ArrayList.ArrayListIterator_next_normal.key 
175055     INFO  main            d.u.i.k.p.i.AbstractProblemLoader Loading environment from /home/runner/work/key/key/key.core/../key.ui/examples/heap/list/ArrayList.ArrayListIterator_next_normal.key 
175055     DEBUG main            d.u.i.k.p.i.AbstractProblemLoader Environment load took 207.1ns 
175056     INFO  main            d.u.i.k.p.i.AbstractProblemLoader Creating init config 
176036     DEBUG main            d.u.i.k.j.r.ClassPreparationMethodBuilder clPrepBuilder: Inner Class detected. Reject building class initialisation methods. 
178087     DEBUG main            d.u.i.k.p.i.AbstractProblemLoader Init config took 3.03s 
178140     INFO  main            d.u.i.k.p.i.AbstractProblemLoader Replaying proof ArrayList.ArrayListIterator[ListIterator::next()].JML normal_behavior operation contract.0 
178141     DEBUG main            d.u.i.k.p.i.IntermediateProofReplayer Proof replay took 5.5ns 
179047     INFO  main            d.u.i.k.p.r.p.TestFile    ... finished proof: closed. 
179348     INFO  main            d.u.i.k.p.i.AbstractProblemLoader Loading environment from /home/runner/work/key/key/key.core/../key.ui/examples/heap/list/ArrayList.ArrayListIterator_next_normal.key.proof 
179348     DEBUG main            d.u.i.k.p.i.AbstractProblemLoader Environment load took 127.9ns 
179349     INFO  main            d.u.i.k.p.i.AbstractProblemLoader Creating init config 
180286     DEBUG main            d.u.i.k.j.r.ClassPreparationMethodBuilder clPrepBuilder: Inner Class detected. Reject building class initialisation methods. 
182301     DEBUG main            d.u.i.k.p.i.AbstractProblemLoader Init config took 2.95s 
182355     INFO  main            d.u.i.k.p.i.AbstractProblemLoader Replaying proof ArrayList.ArrayListIterator[ListIterator::next()].JML normal_behavior operation contract.0 
182470     DEBUG main            d.u.i.k.p.i.IntermediateProofReplayer Proof replay took 108.02ms 
182473     DEBUG main            d.u.i.k.p.r.p.TestFile    ... success: reloaded. 
182474     INFO  main            d.u.i.k.p.r.p.TestFile    Now processing file /home/runner/work/key/key/key.core/../key.ui/examples/heap/list/ArrayList.ArrayListIterator_pos.key 
182474     INFO  main            d.u.i.k.p.i.AbstractProblemLoader Loading environment from /home/runner/work/key/key/key.core/../key.ui/examples/heap/list/ArrayList.ArrayListIterator_pos.key 
182474     DEBUG main            d.u.i.k.p.i.AbstractProblemLoader Environment load took 101.3ns 
182475     INFO  main            d.u.i.k.p.i.AbstractProblemLoader Creating init config 
183415     DEBUG main            d.u.i.k.j.r.ClassPreparationMethodBuilder clPrepBuilder: Inner Class detected. Reject building class initialisation methods. 
185463     DEBUG main            d.u.i.k.p.i.AbstractProblemLoader Init config took 2.99s 
185503     INFO  main            d.u.i.k.p.i.AbstractProblemLoader Replaying proof ListIterator[ListIterator::$pos()].JML accessible clause.0 
185504     DEBUG main            d.u.i.k.p.i.IntermediateProofReplayer Proof replay took 6.7ns 
185607     INFO  main            d.u.i.k.p.r.p.TestFile    ... finished proof: closed. 
185885     INFO  main            d.u.i.k.p.i.AbstractProblemLoader Loading environment from /home/runner/work/key/key/key.core/../key.ui/examples/heap/list/ArrayList.ArrayListIterator_pos.key.proof 
185885     DEBUG main            d.u.i.k.p.i.AbstractProblemLoader Environment load took 112.1ns 
185886     INFO  main            d.u.i.k.p.i.AbstractProblemLoader Creating init config 
186829     DEBUG main            d.u.i.k.j.r.ClassPreparationMethodBuilder clPrepBuilder: Inner Class detected. Reject building class initialisation methods. 
188809     DEBUG main            d.u.i.k.p.i.AbstractProblemLoader Init config took 2.92s 
188855     INFO  main            d.u.i.k.p.i.AbstractProblemLoader Replaying proof ListIterator[ListIterator::$pos()].JML accessible clause.0 
188859     DEBUG main            d.u.i.k.p.i.IntermediateProofReplayer Proof replay took 795.41ns 
188862     DEBUG main            d.u.i.k.p.r.p.TestFile    ... success: reloaded. 
188863     INFO  main            d.u.i.k.p.r.p.TestFile    Now processing file /home/runner/work/key/key/key.core/../key.ui/examples/heap/list/Client_m.key 
188863     INFO  main            d.u.i.k.p.i.AbstractProblemLoader Loading environment from /home/runner/work/key/key/key.core/../key.ui/examples/heap/list/Client_m.key 
188864     DEBUG main            d.u.i.k.p.i.AbstractProblemLoader Environment load took 290.9ns 
188865     INFO  main            d.u.i.k.p.i.AbstractProblemLoader Creating init config 
189831     DEBUG main            d.u.i.k.j.r.ClassPreparationMethodBuilder clPrepBuilder: Inner Class detected. Reject building class initialisation methods. 
191849     DEBUG main            d.u.i.k.p.i.AbstractProblemLoader Init config took 2.98s 
191909     INFO  main            d.u.i.k.p.i.AbstractProblemLoader Replaying proof Client[Client::m(List)].JML normal_behavior operation contract.0 
191911     DEBUG main            d.u.i.k.p.i.IntermediateProofReplayer Proof replay took 6.7ns 
192214     INFO  main            d.u.i.k.p.r.p.TestFile    ... finished proof: closed. 
192505     INFO  main            d.u.i.k.p.i.AbstractProblemLoader Loading environment from /home/runner/work/key/key/key.core/../key.ui/examples/heap/list/Client_m.key.proof 
192505     DEBUG main            d.u.i.k.p.i.AbstractProblemLoader Environment load took 118ns 
192506     INFO  main            d.u.i.k.p.i.AbstractProblemLoader Creating init config 
193450     DEBUG main            d.u.i.k.j.r.ClassPreparationMethodBuilder clPrepBuilder: Inner Class detected. Reject building class initialisation methods. 
195445     DEBUG main            d.u.i.k.p.i.AbstractProblemLoader Init config took 2.94s 
195486     INFO  main            d.u.i.k.p.i.AbstractProblemLoader Replaying proof Client[Client::m(List)].JML normal_behavior operation contract.0 
195534     DEBUG main            d.u.i.k.p.i.IntermediateProofReplayer Proof replay took 45.8ms 
195535     DEBUG main            d.u.i.k.p.r.p.TestFile    ... success: reloaded. 
195536     INFO  main            d.u.i.k.p.r.p.TestFile    Now processing file /home/runner/work/key/key/key.core/../key.ui/examples/heap/list/Client_n.key 
195537     INFO  main            d.u.i.k.p.i.AbstractProblemLoader Loading environment from /home/runner/work/key/key/key.core/../key.ui/examples/heap/list/Client_n.key 
195537     DEBUG main            d.u.i.k.p.i.AbstractProblemLoader Environment load took 75.5ns 
195538     INFO  main            d.u.i.k.p.i.AbstractProblemLoader Creating init config 
196534     DEBUG main            d.u.i.k.j.r.ClassPreparationMethodBuilder clPrepBuilder: Inner Class detected. Reject building class initialisation methods. 
198547     DEBUG main            d.u.i.k.p.i.AbstractProblemLoader Init config took 3.01s 
198590     INFO  main            d.u.i.k.p.i.AbstractProblemLoader Replaying proof Client[Client::n(List)].JML normal_behavior operation contract.0 
198593     DEBUG main            d.u.i.k.p.i.IntermediateProofReplayer Proof replay took 6.5ns 
198694     INFO  main            d.u.i.k.p.r.p.TestFile    ... finished proof: closed. 
198991     INFO  main            d.u.i.k.p.i.AbstractProblemLoader Loading environment from /home/runner/work/key/key/key.core/../key.ui/examples/heap/list/Client_n.key.proof 
198991     DEBUG main            d.u.i.k.p.i.AbstractProblemLoader Environment load took 127.4ns 
198992     INFO  main            d.u.i.k.p.i.AbstractProblemLoader Creating init config 
199938     DEBUG main            d.u.i.k.j.r.ClassPreparationMethodBuilder clPrepBuilder: Inner Class detected. Reject building class initialisation methods. 
201910     DEBUG main            d.u.i.k.p.i.AbstractProblemLoader Init config took 2.92s 
201951     INFO  main            d.u.i.k.p.i.AbstractProblemLoader Replaying proof Client[Client::n(List)].JML normal_behavior operation contract.0 
201966     DEBUG main            d.u.i.k.p.i.IntermediateProofReplayer Proof replay took 14.02ms 
201967     DEBUG main            d.u.i.k.p.r.p.TestFile    ... success: reloaded. 
201968     INFO  main            d.u.i.k.p.r.p.TestFile    Now processing file /home/runner/work/key/key/key.core/../key.ui/examples/heap/list/LinkedList_get_exceptional.key 
201968     INFO  main            d.u.i.k.p.i.AbstractProblemLoader Loading environment from /home/runner/work/key/key/key.core/../key.ui/examples/heap/list/LinkedList_get_exceptional.key 
201968     DEBUG main            d.u.i.k.p.i.AbstractProblemLoader Environment load took 53.7ns 
201969     INFO  main            d.u.i.k.p.i.AbstractProblemLoader Creating init config 
202949     DEBUG main            d.u.i.k.j.r.ClassPreparationMethodBuilder clPrepBuilder: Inner Class detected. Reject building class initialisation methods. 
204942     DEBUG main            d.u.i.k.p.i.AbstractProblemLoader Init config took 2.97s 
204988     INFO  main            d.u.i.k.p.i.AbstractProblemLoader Replaying proof LinkedList[List::get(int)].JML exceptional_behavior operation contract.0 
204990     DEBUG main            d.u.i.k.p.i.IntermediateProofReplayer Proof replay took 7ns 
207096     INFO  main            d.u.i.k.p.r.p.TestFile    ... finished proof: closed. 
207407     INFO  main            d.u.i.k.p.i.AbstractProblemLoader Loading environment from /home/runner/work/key/key/key.core/../key.ui/examples/heap/list/LinkedList_get_exceptional.key.proof 
207408     DEBUG main            d.u.i.k.p.i.AbstractProblemLoader Environment load took 113.8ns 
207409     INFO  main            d.u.i.k.p.i.AbstractProblemLoader Creating init config 
208353     DEBUG main            d.u.i.k.j.r.ClassPreparationMethodBuilder clPrepBuilder: Inner Class detected. Reject building class initialisation methods. 
210312     DEBUG main            d.u.i.k.p.i.AbstractProblemLoader Init config took 2.9s 
210369     INFO  main            d.u.i.k.p.i.AbstractProblemLoader Replaying proof LinkedList[List::get(int)].JML exceptional_behavior operation contract.0 
210571     DEBUG main            d.u.i.k.p.i.IntermediateProofReplayer Proof replay took 192.04ms 
210572     DEBUG main            d.u.i.k.p.r.p.TestFile    ... success: reloaded. 
210574     INFO  main            d.u.i.k.p.r.p.TestFile    Now processing file /home/runner/work/key/key/key.core/../key.ui/examples/heap/list/LinkedList_get_normal.key 
210574     INFO  main            d.u.i.k.p.i.AbstractProblemLoader Loading environment from /home/runner/work/key/key/key.core/../key.ui/examples/heap/list/LinkedList_get_normal.key 
210574     DEBUG main            d.u.i.k.p.i.AbstractProblemLoader Environment load took 216.5ns 
210575     INFO  main            d.u.i.k.p.i.AbstractProblemLoader Creating init config 
211526     DEBUG main            d.u.i.k.j.r.ClassPreparationMethodBuilder clPrepBuilder: Inner Class detected. Reject building class initialisation methods. 
213548     DEBUG main            d.u.i.k.p.i.AbstractProblemLoader Init config took 2.97s 
213593     INFO  main            d.u.i.k.p.i.AbstractProblemLoader Replaying proof LinkedList[List::get(int)].JML normal_behavior operation contract.0 
213594     DEBUG main            d.u.i.k.p.i.IntermediateProofReplayer Proof replay took 5.8ns 
219554     INFO  main            d.u.i.k.p.r.p.TestFile    ... finished proof: closed. 
219997     INFO  main            d.u.i.k.p.i.AbstractProblemLoader Loading environment from /home/runner/work/key/key/key.core/../key.ui/examples/heap/list/LinkedList_get_normal.key.proof 
219998     DEBUG main            d.u.i.k.p.i.AbstractProblemLoader Environment load took 473.01ns 
220001     INFO  main            d.u.i.k.p.i.AbstractProblemLoader Creating init config 
220959     DEBUG main            d.u.i.k.j.r.ClassPreparationMethodBuilder clPrepBuilder: Inner Class detected. Reject building class initialisation methods. 
222916     DEBUG main            d.u.i.k.p.i.AbstractProblemLoader Init config took 2.92s 
222962     INFO  main            d.u.i.k.p.i.AbstractProblemLoader Replaying proof LinkedList[List::get(int)].JML normal_behavior operation contract.0 
223364     DEBUG main            d.u.i.k.p.i.IntermediateProofReplayer Proof replay took 368.19ms 
223366     DEBUG main            d.u.i.k.p.r.p.TestFile    ... success: reloaded. 
223367     INFO  main            d.u.i.k.p.r.p.TestFile    Now processing file /home/runner/work/key/key/key.core/../key.ui/examples/heap/list/LinkedList_LinkedList.key 
223367     INFO  main            d.u.i.k.p.i.AbstractProblemLoader Loading environment from /home/runner/work/key/key/key.core/../key.ui/examples/heap/list/LinkedList_LinkedList.key 
223367     DEBUG main            d.u.i.k.p.i.AbstractProblemLoader Environment load took 94.7ns 
223368     INFO  main            d.u.i.k.p.i.AbstractProblemLoader Creating init config 
224345     DEBUG main            d.u.i.k.j.r.ClassPreparationMethodBuilder clPrepBuilder: Inner Class detected. Reject building class initialisation methods. 
226366     DEBUG main            d.u.i.k.p.i.AbstractProblemLoader Init config took 3s 
226411     INFO  main            d.u.i.k.p.i.AbstractProblemLoader Replaying proof LinkedList[LinkedList::LinkedList()].JML normal_behavior operation contract.0 
226413     DEBUG main            d.u.i.k.p.i.IntermediateProofReplayer Proof replay took 6.1ns 
226918     INFO  main            d.u.i.k.p.r.p.TestFile    ... finished proof: closed. 
227258     INFO  main            d.u.i.k.p.i.AbstractProblemLoader Loading environment from /home/runner/work/key/key/key.core/../key.ui/examples/heap/list/LinkedList_LinkedList.key.proof 
227258     DEBUG main            d.u.i.k.p.i.AbstractProblemLoader Environment load took 114.9ns 
227259     INFO  main            d.u.i.k.p.i.AbstractProblemLoader Creating init config 
228198     DEBUG main            d.u.i.k.j.r.ClassPreparationMethodBuilder clPrepBuilder: Inner Class detected. Reject building class initialisation methods. 
230189     DEBUG main            d.u.i.k.p.i.AbstractProblemLoader Init config took 2.93s 
230235     INFO  main            d.u.i.k.p.i.AbstractProblemLoader Replaying proof LinkedList[LinkedList::LinkedList()].JML normal_behavior operation contract.0 
230299     DEBUG main            d.u.i.k.p.i.IntermediateProofReplayer Proof replay took 60.2ms 
230300     DEBUG main            d.u.i.k.p.r.p.TestFile    ... success: reloaded. 
230301     INFO  main            d.u.i.k.p.r.p.TestFile    Now processing file /home/runner/work/key/key/key.core/../key.ui/examples/heap/list/LinkedList_size_dep.key 
230301     INFO  main            d.u.i.k.p.i.AbstractProblemLoader Loading environment from /home/runner/work/key/key/key.core/../key.ui/examples/heap/list/LinkedList_size_dep.key 
230301     DEBUG main            d.u.i.k.p.i.AbstractProblemLoader Environment load took 78.5ns 
230302     INFO  main            d.u.i.k.p.i.AbstractProblemLoader Creating init config 
231247     DEBUG main            d.u.i.k.j.r.ClassPreparationMethodBuilder clPrepBuilder: Inner Class detected. Reject building class initialisation methods. 
233283     DEBUG main            d.u.i.k.p.i.AbstractProblemLoader Init config took 2.98s 
233328     INFO  main            d.u.i.k.p.i.AbstractProblemLoader Replaying proof LinkedList[List::size()].JML accessible clause.0 
233330     DEBUG main            d.u.i.k.p.i.IntermediateProofReplayer Proof replay took 7.2ns 
233835     INFO  main            d.u.i.k.p.r.p.TestFile    ... finished proof: closed. 
234160     INFO  main            d.u.i.k.p.i.AbstractProblemLoader Loading environment from /home/runner/work/key/key/key.core/../key.ui/examples/heap/list/LinkedList_size_dep.key.proof 
234160     DEBUG main            d.u.i.k.p.i.AbstractProblemLoader Environment load took 124.8ns 
234162     INFO  main            d.u.i.k.p.i.AbstractProblemLoader Creating init config 
235105     DEBUG main            d.u.i.k.j.r.ClassPreparationMethodBuilder clPrepBuilder: Inner Class detected. Reject building class initialisation methods. 
237081     DEBUG main            d.u.i.k.p.i.AbstractProblemLoader Init config took 2.92s 
237126     INFO  main            d.u.i.k.p.i.AbstractProblemLoader Replaying proof LinkedList[List::size()].JML accessible clause.0 
237158     DEBUG main            d.u.i.k.p.i.IntermediateProofReplayer Proof replay took 29.03ms 
237159     DEBUG main            d.u.i.k.p.r.p.TestFile    ... success: reloaded. 
237160     INFO  main            d.u.i.k.p.r.p.TestFile    Now processing file /home/runner/work/key/key/key.core/../key.ui/examples/heap/list/LinkedList_size.key 
237161     INFO  main            d.u.i.k.p.i.AbstractProblemLoader Loading environment from /home/runner/work/key/key/key.core/../key.ui/examples/heap/list/LinkedList_size.key 
237161     DEBUG main            d.u.i.k.p.i.AbstractProblemLoader Environment load took 218.2ns 
237162     INFO  main            d.u.i.k.p.i.AbstractProblemLoader Creating init config 
238119     DEBUG main            d.u.i.k.j.r.ClassPreparationMethodBuilder clPrepBuilder: Inner Class detected. Reject building class initialisation methods. 
240145     DEBUG main            d.u.i.k.p.i.AbstractProblemLoader Init config took 2.98s 
240190     INFO  main            d.u.i.k.p.i.AbstractProblemLoader Replaying proof LinkedList[List::size()].JML normal_behavior operation contract.0 
240191     DEBUG main            d.u.i.k.p.i.IntermediateProofReplayer Proof replay took 6.1ns 
240697     INFO  main            d.u.i.k.p.r.p.TestFile    ... finished proof: closed. 
241036     INFO  main            d.u.i.k.p.i.AbstractProblemLoader Loading environment from /home/runner/work/key/key/key.core/../key.ui/examples/heap/list/LinkedList_size.key.proof 
241036     DEBUG main            d.u.i.k.p.i.AbstractProblemLoader Environment load took 141.4ns 
241037     INFO  main            d.u.i.k.p.i.AbstractProblemLoader Creating init config 
241972     DEBUG main            d.u.i.k.j.r.ClassPreparationMethodBuilder clPrepBuilder: Inner Class detected. Reject building class initialisation methods. 
243948     DEBUG main            d.u.i.k.p.i.AbstractProblemLoader Init config took 2.91s 
243993     INFO  main            d.u.i.k.p.i.AbstractProblemLoader Replaying proof LinkedList[List::size()].JML normal_behavior operation contract.0 
244021     DEBUG main            d.u.i.k.p.i.IntermediateProofReplayer Proof replay took 25.1ms 
244022     DEBUG main            d.u.i.k.p.r.p.TestFile    ... success: reloaded. 
244023     INFO  main            d.u.i.k.p.r.p.TestFile    Now processing file /home/runner/work/key/key/key.core/../key.ui/examples/heap/list/MySet_footprint.key 
244023     INFO  main            d.u.i.k.p.i.AbstractProblemLoader Loading environment from /home/runner/work/key/key/key.core/../key.ui/examples/heap/list/MySet_footprint.key 
244023     DEBUG main            d.u.i.k.p.i.AbstractProblemLoader Environment load took 45.9ns 
244024     INFO  main            d.u.i.k.p.i.AbstractProblemLoader Creating init config 
244974     DEBUG main            d.u.i.k.j.r.ClassPreparationMethodBuilder clPrepBuilder: Inner Class detected. Reject building class initialisation methods. 
246990     DEBUG main            d.u.i.k.p.i.AbstractProblemLoader Init config took 2.97s 
247038     INFO  main            d.u.i.k.p.i.AbstractProblemLoader Replaying proof MySet[MySet::$footprint()].JML accessible clause.0 
247039     DEBUG main            d.u.i.k.p.i.IntermediateProofReplayer Proof replay took 6.6ns 
247341     INFO  main            d.u.i.k.p.r.p.TestFile    ... finished proof: closed. 
247683     INFO  main            d.u.i.k.p.i.AbstractProblemLoader Loading environment from /home/runner/work/key/key/key.core/../key.ui/examples/heap/list/MySet_footprint.key.proof 
247683     DEBUG main            d.u.i.k.p.i.AbstractProblemLoader Environment load took 117.1ns 
247684     INFO  main            d.u.i.k.p.i.AbstractProblemLoader Creating init config 
248629     DEBUG main            d.u.i.k.j.r.ClassPreparationMethodBuilder clPrepBuilder: Inner Class detected. Reject building class initialisation methods. 
250592     DEBUG main            d.u.i.k.p.i.AbstractProblemLoader Init config took 2.91s 
250640     INFO  main            d.u.i.k.p.i.AbstractProblemLoader Replaying proof MySet[MySet::$footprint()].JML accessible clause.0 
250663     DEBUG main            d.u.i.k.p.i.IntermediateProofReplayer Proof replay took 19.6ms 
250663     DEBUG main            d.u.i.k.p.r.p.TestFile    ... success: reloaded. 
250664     INFO  main            d.u.i.k.p.r.p.TestFile    Now processing file /home/runner/work/key/key/key.core/../key.ui/examples/heap/list/MySet_MySet.key 
250665     INFO  main            d.u.i.k.p.i.AbstractProblemLoader Loading environment from /home/runner/work/key/key/key.core/../key.ui/examples/heap/list/MySet_MySet.key 
250665     DEBUG main            d.u.i.k.p.i.AbstractProblemLoader Environment load took 113.8ns 
250666     INFO  main            d.u.i.k.p.i.AbstractProblemLoader Creating init config 
251618     DEBUG main            d.u.i.k.j.r.ClassPreparationMethodBuilder clPrepBuilder: Inner Class detected. Reject building class initialisation methods. 
253646     DEBUG main            d.u.i.k.p.i.AbstractProblemLoader Init config took 2.98s 
253694     INFO  main            d.u.i.k.p.i.AbstractProblemLoader Replaying proof MySet[MySet::MySet()].JML normal_behavior operation contract.0 
253704     DEBUG main            d.u.i.k.p.i.IntermediateProofReplayer Proof replay took 8ns 
256122     INFO  main            d.u.i.k.p.r.p.TestFile    ... finished proof: closed. 
256485     INFO  main            d.u.i.k.p.i.AbstractProblemLoader Loading environment from /home/runner/work/key/key/key.core/../key.ui/examples/heap/list/MySet_MySet.key.proof 
256485     DEBUG main            d.u.i.k.p.i.AbstractProblemLoader Environment load took 118.6ns 
256487     INFO  main            d.u.i.k.p.i.AbstractProblemLoader Creating init config 
257426     DEBUG main            d.u.i.k.j.r.ClassPreparationMethodBuilder clPrepBuilder: Inner Class detected. Reject building class initialisation methods. 
259419     DEBUG main            d.u.i.k.p.i.AbstractProblemLoader Init config took 2.93s 
259470     INFO  main            d.u.i.k.p.i.AbstractProblemLoader Replaying proof MySet[MySet::MySet()].JML normal_behavior operation contract.0 
259740     DEBUG main            d.u.i.k.p.i.IntermediateProofReplayer Proof replay took 255.26ms 
259742     DEBUG main            d.u.i.k.p.r.p.TestFile    ... success: reloaded. 
1102683    INFO  Test worker     d.u.i.k.p.r.p.StatisticsFile Returning from test list 
1102687    INFO  Test worker     d.u.i.k.p.r.p.StatisticsFile Running test list_ghost 
394        INFO  Timeout watchdog d.u.i.k.p.r.p.ForkedTestFileRunner Timeout watcher launched (2000 secs.) 
401        WARN  main            d.u.i.k.s.ProofSettings   The settings in /home/runner/.key/proof-settings.props are *not* read. 
448        INFO  main            d.u.i.k.p.r.p.TestFile    Now processing file /home/runner/work/key/key/key.core/../key.ui/examples/heap/list_ghost/ArrayList_add.key 
568        INFO  main            d.u.i.k.p.i.AbstractProblemLoader Loading environment from /home/runner/work/key/key/key.core/../key.ui/examples/heap/list_ghost/ArrayList_add.key 
591        DEBUG main            d.u.i.k.p.i.AbstractProblemLoader Environment load took 1.81ms 
813        INFO  main            d.u.i.k.p.i.AbstractProblemLoader Creating init config 
1737       DEBUG main            d.u.i.k.j.TypeConverter   No LDT found for Meta 
1737       DEBUG main            d.u.i.k.j.TypeConverter   No LDT found for Meta 
1740       DEBUG main            d.u.i.k.j.TypeConverter   No LDT found for Meta 
1740       DEBUG main            d.u.i.k.j.TypeConverter   No LDT found for Meta 
3017       DEBUG main            d.u.i.k.j.TypeConverter   No LDT found for JavaBigintExpression 
7759       DEBUG main            d.u.i.k.p.i.AbstractProblemLoader Init config took 6.94s 
7886       INFO  main            d.u.i.k.p.i.AbstractProblemLoader Replaying proof ArrayList[List::add(java.lang.Object)].JML normal_behavior operation contract.0 
7918       DEBUG main            d.u.i.k.p.i.IntermediateProofReplayer Proof replay took 31.8ns 
12995      INFO  main            d.u.i.k.p.r.p.TestFile    ... finished proof: closed. 
13273      INFO  main            d.u.i.k.p.i.AbstractProblemLoader Loading environment from /home/runner/work/key/key/key.core/../key.ui/examples/heap/list_ghost/ArrayList_add.key.proof 
13274      DEBUG main            d.u.i.k.p.i.AbstractProblemLoader Environment load took 546.11ns 
13279      INFO  main            d.u.i.k.p.i.AbstractProblemLoader Creating init config 
16111      DEBUG main            d.u.i.k.p.i.AbstractProblemLoader Init config took 2.83s 
16175      INFO  main            d.u.i.k.p.i.AbstractProblemLoader Replaying proof ArrayList[List::add(java.lang.Object)].JML normal_behavior operation contract.0 
16688      DEBUG main            d.u.i.k.p.i.IntermediateProofReplayer Proof replay took 476.99ms 
16697      DEBUG main            d.u.i.k.p.r.p.TestFile    ... success: reloaded. 
16707      INFO  main            d.u.i.k.p.r.p.TestFile    Now processing file /home/runner/work/key/key/key.core/../key.ui/examples/heap/list_ghost/ArrayList_ArrayList.key 
16708      INFO  main            d.u.i.k.p.i.AbstractProblemLoader Loading environment from /home/runner/work/key/key/key.core/../key.ui/examples/heap/list_ghost/ArrayList_ArrayList.key 
16708      DEBUG main            d.u.i.k.p.i.AbstractProblemLoader Environment load took 342ns 
16710      INFO  main            d.u.i.k.p.i.AbstractProblemLoader Creating init config 
19529      DEBUG main            d.u.i.k.p.i.AbstractProblemLoader Init config took 2.82s 
19597      INFO  main            d.u.i.k.p.i.AbstractProblemLoader Replaying proof ArrayList[ArrayList::ArrayList()].JML normal_behavior operation contract.0 
19600      DEBUG main            d.u.i.k.p.i.IntermediateProofReplayer Proof replay took 6.5ns 
20714      INFO  main            d.u.i.k.p.r.p.TestFile    ... finished proof: closed. 
20868      INFO  main            d.u.i.k.p.i.AbstractProblemLoader Loading environment from /home/runner/work/key/key/key.core/../key.ui/examples/heap/list_ghost/ArrayList_ArrayList.key.proof 
20869      DEBUG main            d.u.i.k.p.i.AbstractProblemLoader Environment load took 505.91ns 
20873      INFO  main            d.u.i.k.p.i.AbstractProblemLoader Creating init config 
23474      DEBUG main            d.u.i.k.p.i.AbstractProblemLoader Init config took 2.6s 
23522      INFO  main            d.u.i.k.p.i.AbstractProblemLoader Replaying proof ArrayList[ArrayList::ArrayList()].JML normal_behavior operation contract.0 
23659      DEBUG main            d.u.i.k.p.i.IntermediateProofReplayer Proof replay took 128.11ms 
23660      DEBUG main            d.u.i.k.p.r.p.TestFile    ... success: reloaded. 
23662      INFO  main            d.u.i.k.p.r.p.TestFile    Now processing file /home/runner/work/key/key/key.core/../key.ui/examples/heap/list_ghost/ArrayList_enlarge.key 
23662      INFO  main            d.u.i.k.p.i.AbstractProblemLoader Loading environment from /home/runner/work/key/key/key.core/../key.ui/examples/heap/list_ghost/ArrayList_enlarge.key 
23662      DEBUG main            d.u.i.k.p.i.AbstractProblemLoader Environment load took 242.8ns 
23664      INFO  main            d.u.i.k.p.i.AbstractProblemLoader Creating init config 
26243      DEBUG main            d.u.i.k.p.i.AbstractProblemLoader Init config took 2.58s 
26291      INFO  main            d.u.i.k.p.i.AbstractProblemLoader Replaying proof ArrayList[ArrayList::enlarge()].JML normal_behavior operation contract.0 
26293      DEBUG main            d.u.i.k.p.i.IntermediateProofReplayer Proof replay took 7.2ns 
28425      INFO  main            d.u.i.k.p.r.p.TestFile    ... finished proof: closed. 
28615      INFO  main            d.u.i.k.p.i.AbstractProblemLoader Loading environment from /home/runner/work/key/key/key.core/../key.ui/examples/heap/list_ghost/ArrayList_enlarge.key.proof 
28616      DEBUG main            d.u.i.k.p.i.AbstractProblemLoader Environment load took 503.51ns 
28617      INFO  main            d.u.i.k.p.i.AbstractProblemLoader Creating init config 
31200      DEBUG main            d.u.i.k.p.i.AbstractProblemLoader Init config took 2.58s 
31255      INFO  main            d.u.i.k.p.i.AbstractProblemLoader Replaying proof ArrayList[ArrayList::enlarge()].JML normal_behavior operation contract.0 
31551      DEBUG main            d.u.i.k.p.i.IntermediateProofReplayer Proof replay took 285.72ms 
31553      DEBUG main            d.u.i.k.p.r.p.TestFile    ... success: reloaded. 
31554      INFO  main            d.u.i.k.p.r.p.TestFile    Now processing file /home/runner/work/key/key/key.core/../key.ui/examples/heap/list_ghost/ArrayList_get_dep.key 
31555      INFO  main            d.u.i.k.p.i.AbstractProblemLoader Loading environment from /home/runner/work/key/key/key.core/../key.ui/examples/heap/list_ghost/ArrayList_get_dep.key 
31555      DEBUG main            d.u.i.k.p.i.AbstractProblemLoader Environment load took 265.6ns 
31556      INFO  main            d.u.i.k.p.i.AbstractProblemLoader Creating init config 
34173      DEBUG main            d.u.i.k.p.i.AbstractProblemLoader Init config took 2.62s 
34221      INFO  main            d.u.i.k.p.i.AbstractProblemLoader Replaying proof ArrayList[List::get(int)].JML accessible clause.0 
34222      DEBUG main            d.u.i.k.p.i.IntermediateProofReplayer Proof replay took 6.3ns 
34631      INFO  main            d.u.i.k.p.r.p.TestFile    ... finished proof: closed. 
34780      INFO  main            d.u.i.k.p.i.AbstractProblemLoader Loading environment from /home/runner/work/key/key/key.core/../key.ui/examples/heap/list_ghost/ArrayList_get_dep.key.proof 
34781      DEBUG main            d.u.i.k.p.i.AbstractProblemLoader Environment load took 1.12ms 
34783      INFO  main            d.u.i.k.p.i.AbstractProblemLoader Creating init config 
37303      DEBUG main            d.u.i.k.p.i.AbstractProblemLoader Init config took 2.52s 
37370      INFO  main            d.u.i.k.p.i.AbstractProblemLoader Replaying proof ArrayList[List::get(int)].JML accessible clause.0 
37425      DEBUG main            d.u.i.k.p.i.IntermediateProofReplayer Proof replay took 49.69ms 
37426      DEBUG main            d.u.i.k.p.r.p.TestFile    ... success: reloaded. 
37427      INFO  main            d.u.i.k.p.r.p.TestFile    Now processing file /home/runner/work/key/key/key.core/../key.ui/examples/heap/list_ghost/ArrayList_get_exceptional.key 
37427      INFO  main            d.u.i.k.p.i.AbstractProblemLoader Loading environment from /home/runner/work/key/key/key.core/../key.ui/examples/heap/list_ghost/ArrayList_get_exceptional.key 
37427      DEBUG main            d.u.i.k.p.i.AbstractProblemLoader Environment load took 140.4ns 
37428      INFO  main            d.u.i.k.p.i.AbstractProblemLoader Creating init config 
40003      DEBUG main            d.u.i.k.p.i.AbstractProblemLoader Init config took 2.58s 
40047      INFO  main            d.u.i.k.p.i.AbstractProblemLoader Replaying proof ArrayList[List::get(int)].JML exceptional_behavior operation contract.0 
40049      DEBUG main            d.u.i.k.p.i.IntermediateProofReplayer Proof replay took 6.1ns 
40770      INFO  main            d.u.i.k.p.r.p.TestFile    ... finished proof: closed. 
40952      INFO  main            d.u.i.k.p.i.AbstractProblemLoader Loading environment from /home/runner/work/key/key/key.core/../key.ui/examples/heap/list_ghost/ArrayList_get_exceptional.key.proof 
40954      DEBUG main            d.u.i.k.p.i.AbstractProblemLoader Environment load took 1.97ms 
40955      INFO  main            d.u.i.k.p.i.AbstractProblemLoader Creating init config 
43467      DEBUG main            d.u.i.k.p.i.AbstractProblemLoader Init config took 2.51s 
43516      INFO  main            d.u.i.k.p.i.AbstractProblemLoader Replaying proof ArrayList[List::get(int)].JML exceptional_behavior operation contract.0 
43640      DEBUG main            d.u.i.k.p.i.IntermediateProofReplayer Proof replay took 113.94ms 
43641      DEBUG main            d.u.i.k.p.r.p.TestFile    ... success: reloaded. 
43642      INFO  main            d.u.i.k.p.r.p.TestFile    Now processing file /home/runner/work/key/key/key.core/../key.ui/examples/heap/list_ghost/ArrayList_get_normal.key 
43643      INFO  main            d.u.i.k.p.i.AbstractProblemLoader Loading environment from /home/runner/work/key/key/key.core/../key.ui/examples/heap/list_ghost/ArrayList_get_normal.key 
43643      DEBUG main            d.u.i.k.p.i.AbstractProblemLoader Environment load took 268ns 
43644      INFO  main            d.u.i.k.p.i.AbstractProblemLoader Creating init config 
46227      DEBUG main            d.u.i.k.p.i.AbstractProblemLoader Init config took 2.58s 
46270      INFO  main            d.u.i.k.p.i.AbstractProblemLoader Replaying proof ArrayList[List::get(int)].JML normal_behavior operation contract.0 
46272      DEBUG main            d.u.i.k.p.i.IntermediateProofReplayer Proof replay took 6.7ns 
46575      INFO  main            d.u.i.k.p.r.p.TestFile    ... finished proof: closed. 
46795      INFO  main            d.u.i.k.p.i.AbstractProblemLoader Loading environment from /home/runner/work/key/key/key.core/../key.ui/examples/heap/list_ghost/ArrayList_get_normal.key.proof 
46796      DEBUG main            d.u.i.k.p.i.AbstractProblemLoader Environment load took 125.8ns 
46797      INFO  main            d.u.i.k.p.i.AbstractProblemLoader Creating init config 
49303      DEBUG main            d.u.i.k.p.i.AbstractProblemLoader Init config took 2.51s 
49346      INFO  main            d.u.i.k.p.i.AbstractProblemLoader Replaying proof ArrayList[List::get(int)].JML normal_behavior operation contract.0 
49392      DEBUG main            d.u.i.k.p.i.IntermediateProofReplayer Proof replay took 40.11ms 
49393      DEBUG main            d.u.i.k.p.r.p.TestFile    ... success: reloaded. 
49394      INFO  main            d.u.i.k.p.r.p.TestFile    Now processing file /home/runner/work/key/key/key.core/../key.ui/examples/heap/list_ghost/ArrayList_inv.key 
49395      INFO  main            d.u.i.k.p.i.AbstractProblemLoader Loading environment from /home/runner/work/key/key/key.core/../key.ui/examples/heap/list_ghost/ArrayList_inv.key 
49395      DEBUG main            d.u.i.k.p.i.AbstractProblemLoader Environment load took 237.1ns 
49396      INFO  main            d.u.i.k.p.i.AbstractProblemLoader Creating init config 
51939      DEBUG main            d.u.i.k.p.i.AbstractProblemLoader Init config took 2.54s 
51980      INFO  main            d.u.i.k.p.i.AbstractProblemLoader Replaying proof ArrayList[java.lang.Object::<inv>()].JML accessible clause.0 
51981      DEBUG main            d.u.i.k.p.i.IntermediateProofReplayer Proof replay took 5.9ns 
52084      INFO  main            d.u.i.k.p.r.p.TestFile    ... finished proof: closed. 
52258      INFO  main            d.u.i.k.p.i.AbstractProblemLoader Loading environment from /home/runner/work/key/key/key.core/../key.ui/examples/heap/list_ghost/ArrayList_inv.key.proof 
52259      DEBUG main            d.u.i.k.p.i.AbstractProblemLoader Environment load took 133.9ns 
52260      INFO  main            d.u.i.k.p.i.AbstractProblemLoader Creating init config 
54759      DEBUG main            d.u.i.k.p.i.AbstractProblemLoader Init config took 2.5s 
54799      INFO  main            d.u.i.k.p.i.AbstractProblemLoader Replaying proof ArrayList[java.lang.Object::<inv>()].JML accessible clause.0 
54808      DEBUG main            d.u.i.k.p.i.IntermediateProofReplayer Proof replay took 7.54ms 
54809      DEBUG main            d.u.i.k.p.r.p.TestFile    ... success: reloaded. 
54811      INFO  main            d.u.i.k.p.r.p.TestFile    Now processing file /home/runner/work/key/key/key.core/../key.ui/examples/heap/list_ghost/ArrayList_size_dep.key 
54811      INFO  main            d.u.i.k.p.i.AbstractProblemLoader Loading environment from /home/runner/work/key/key/key.core/../key.ui/examples/heap/list_ghost/ArrayList_size_dep.key 
54811      DEBUG main            d.u.i.k.p.i.AbstractProblemLoader Environment load took 136.7ns 
54812      INFO  main            d.u.i.k.p.i.AbstractProblemLoader Creating init config 
57311      DEBUG main            d.u.i.k.p.i.AbstractProblemLoader Init config took 2.5s 
57370      INFO  main            d.u.i.k.p.i.AbstractProblemLoader Replaying proof ArrayList[List::size()].JML accessible clause.0 
57372      DEBUG main            d.u.i.k.p.i.IntermediateProofReplayer Proof replay took 7.2ns 
57475      INFO  main            d.u.i.k.p.r.p.TestFile    ... finished proof: closed. 
57671      INFO  main            d.u.i.k.p.i.AbstractProblemLoader Loading environment from /home/runner/work/key/key/key.core/../key.ui/examples/heap/list_ghost/ArrayList_size_dep.key.proof 
57671      DEBUG main            d.u.i.k.p.i.AbstractProblemLoader Environment load took 129.5ns 
57672      INFO  main            d.u.i.k.p.i.AbstractProblemLoader Creating init config 
60158      DEBUG main            d.u.i.k.p.i.AbstractProblemLoader Init config took 2.49s 
60200      INFO  main            d.u.i.k.p.i.AbstractProblemLoader Replaying proof ArrayList[List::size()].JML accessible clause.0 
60212      DEBUG main            d.u.i.k.p.i.IntermediateProofReplayer Proof replay took 10.02ms 
60213      DEBUG main            d.u.i.k.p.r.p.TestFile    ... success: reloaded. 
60218      INFO  main            d.u.i.k.p.r.p.TestFile    Now processing file /home/runner/work/key/key/key.core/../key.ui/examples/heap/list_ghost/ArrayList_size.key 
60220      INFO  main            d.u.i.k.p.i.AbstractProblemLoader Loading environment from /home/runner/work/key/key/key.core/../key.ui/examples/heap/list_ghost/ArrayList_size.key 
60220      DEBUG main            d.u.i.k.p.i.AbstractProblemLoader Environment load took 191.6ns 
60221      INFO  main            d.u.i.k.p.i.AbstractProblemLoader Creating init config 
62747      DEBUG main            d.u.i.k.p.i.AbstractProblemLoader Init config took 2.53s 
62784      INFO  main            d.u.i.k.p.i.AbstractProblemLoader Replaying proof ArrayList[List::size()].JML normal_behavior operation contract.0 
62785      DEBUG main            d.u.i.k.p.i.IntermediateProofReplayer Proof replay took 5.8ns 
62888      INFO  main            d.u.i.k.p.r.p.TestFile    ... finished proof: closed. 
63068      INFO  main            d.u.i.k.p.i.AbstractProblemLoader Loading environment from /home/runner/work/key/key/key.core/../key.ui/examples/heap/list_ghost/ArrayList_size.key.proof 
63068      DEBUG main            d.u.i.k.p.i.AbstractProblemLoader Environment load took 123.9ns 
63069      INFO  main            d.u.i.k.p.i.AbstractProblemLoader Creating init config 
65596      DEBUG main            d.u.i.k.p.i.AbstractProblemLoader Init config took 2.53s 
65642      INFO  main            d.u.i.k.p.i.AbstractProblemLoader Replaying proof ArrayList[List::size()].JML normal_behavior operation contract.0 
65655      DEBUG main            d.u.i.k.p.i.IntermediateProofReplayer Proof replay took 10.81ms 
65656      DEBUG main            d.u.i.k.p.r.p.TestFile    ... success: reloaded. 
1168526    INFO  Test worker     d.u.i.k.p.r.p.StatisticsFile Returning from test list_ghost 
1168528    INFO  Test worker     d.u.i.k.p.r.p.StatisticsFile Running test list_recursive 
380        INFO  Timeout watchdog d.u.i.k.p.r.p.ForkedTestFileRunner Timeout watcher launched (2000 secs.) 
389        WARN  main            d.u.i.k.s.ProofSettings   The settings in /home/runner/.key/proof-settings.props are *not* read. 
414        INFO  main            d.u.i.k.p.r.p.TestFile    Now processing file /home/runner/work/key/key/key.core/../key.ui/examples/heap/list_recursiveSpec/ListOperationsNonNull_getNextNN_normal_behavior.key 
539        INFO  main            d.u.i.k.p.i.AbstractProblemLoader Loading environment from /home/runner/work/key/key/key.core/../key.ui/examples/heap/list_recursiveSpec/ListOperationsNonNull_getNextNN_normal_behavior.key 
561        DEBUG main            d.u.i.k.p.i.AbstractProblemLoader Environment load took 1.86ms 
787        INFO  main            d.u.i.k.p.i.AbstractProblemLoader Creating init config 
1784       DEBUG main            d.u.i.k.j.TypeConverter   No LDT found for Meta 
1785       DEBUG main            d.u.i.k.j.TypeConverter   No LDT found for Meta 
1788       DEBUG main            d.u.i.k.j.TypeConverter   No LDT found for Meta 
1788       DEBUG main            d.u.i.k.j.TypeConverter   No LDT found for Meta 
3662       DEBUG main            d.u.i.k.j.TypeConverter   No LDT found for JavaBigintExpression 
8773       DEBUG main            d.u.i.k.p.i.AbstractProblemLoader Init config took 7.99s 
8904       INFO  main            d.u.i.k.p.i.AbstractProblemLoader Replaying proof ListOperationsNonNull[ListOperationsNonNull::getNextNN(ListNN,int)].JML normal_behavior operation contract.0 
8937       DEBUG main            d.u.i.k.p.i.IntermediateProofReplayer Proof replay took 32ns 
10314      INFO  main            d.u.i.k.p.r.p.TestFile    ... finished proof: closed. 
10440      INFO  main            d.u.i.k.p.i.AbstractProblemLoader Loading environment from /home/runner/work/key/key/key.core/../key.ui/examples/heap/list_recursiveSpec/ListOperationsNonNull_getNextNN_normal_behavior.key.proof 
10442      DEBUG main            d.u.i.k.p.i.AbstractProblemLoader Environment load took 2.01ms 
10447      INFO  main            d.u.i.k.p.i.AbstractProblemLoader Creating init config 
13360      DEBUG main            d.u.i.k.p.i.AbstractProblemLoader Init config took 2.91s 
13450      INFO  main            d.u.i.k.p.i.AbstractProblemLoader Replaying proof ListOperationsNonNull[ListOperationsNonNull::getNextNN(ListNN,int)].JML normal_behavior operation contract.0 
13591      DEBUG main            d.u.i.k.p.i.IntermediateProofReplayer Proof replay took 132.56ms 
13598      DEBUG main            d.u.i.k.p.r.p.TestFile    ... success: reloaded. 
13600      INFO  main            d.u.i.k.p.r.p.TestFile    Now processing file /home/runner/work/key/key/key.core/../key.ui/examples/heap/list_recursiveSpec/ListOperationsNonNull_setValueAt_normal_behavior.key 
13600      INFO  main            d.u.i.k.p.i.AbstractProblemLoader Loading environment from /home/runner/work/key/key/key.core/../key.ui/examples/heap/list_recursiveSpec/ListOperationsNonNull_setValueAt_normal_behavior.key 
13601      DEBUG main            d.u.i.k.p.i.AbstractProblemLoader Environment load took 259.5ns 
13603      INFO  main            d.u.i.k.p.i.AbstractProblemLoader Creating init config 
16461      DEBUG main            d.u.i.k.p.i.AbstractProblemLoader Init config took 2.86s 
16525      INFO  main            d.u.i.k.p.i.AbstractProblemLoader Replaying proof ListOperationsNonNull[ListOperationsNonNull::setValueAt_NN(ListNN,int,int)].JML normal_behavior operation contract.0 
16528      DEBUG main            d.u.i.k.p.i.IntermediateProofReplayer Proof replay took 7.7ns 
16560      DEBUG main            d.u.i.k.m.s.ProofScriptEngine [1] goal: 0, source line: 51, command: 'macro autopilot' 
19169      DEBUG main            d.u.i.k.m.s.ProofScriptEngine [2] goal: 79, source line: 52, command: 'macro simp-upd' 
19176      DEBUG main            d.u.i.k.m.s.ProofScriptEngine [3] goal: 1451, source line: 53, command: 'rule observerDependencyEQ' 
19193      DEBUG main            d.u.i.k.m.s.ProofScriptEngine [4] goal: 1452, source line: 54, command: 'tryclose' 
19227      INFO  main            d.u.i.k.p.r.p.TestFile    ... finished proof: closed. 
19422      INFO  main            d.u.i.k.p.i.AbstractProblemLoader Loading environment from /home/runner/work/key/key/key.core/../key.ui/examples/heap/list_recursiveSpec/ListOperationsNonNull_setValueAt_normal_behavior.key.proof 
19423      DEBUG main            d.u.i.k.p.i.AbstractProblemLoader Environment load took 981.61ns 
19426      INFO  main            d.u.i.k.p.i.AbstractProblemLoader Creating init config 
22177      DEBUG main            d.u.i.k.p.i.AbstractProblemLoader Init config took 2.75s 
22233      INFO  main            d.u.i.k.p.i.AbstractProblemLoader Replaying proof ListOperationsNonNull[ListOperationsNonNull::setValueAt_NN(ListNN,int,int)].JML normal_behavior operation contract.0 
22334      DEBUG main            d.u.i.k.p.i.IntermediateProofReplayer Proof replay took 95.26ms 
22335      DEBUG main            d.u.i.k.p.r.p.TestFile    ... success: reloaded. 
1191031    INFO  Test worker     d.u.i.k.p.r.p.StatisticsFile Returning from test list_recursive 
1191033    INFO  Test worker     d.u.i.k.p.r.p.StatisticsFile Running test list_seq 
381        INFO  Timeout watchdog d.u.i.k.p.r.p.ForkedTestFileRunner Timeout watcher launched (2000 secs.) 
386        WARN  main            d.u.i.k.s.ProofSettings   The settings in /home/runner/.key/proof-settings.props are *not* read. 
413        INFO  main            d.u.i.k.p.r.p.TestFile    Now processing file /home/runner/work/key/key/key.core/../key.ui/examples/heap/list_seq/SimplifiedLinkedList.remove.key 
513        INFO  main            d.u.i.k.p.i.AbstractProblemLoader Loading environment from /home/runner/work/key/key/key.core/../key.ui/examples/heap/list_seq/SimplifiedLinkedList.remove.key 
535        DEBUG main            d.u.i.k.p.i.AbstractProblemLoader Environment load took 1.91ms 
761        INFO  main            d.u.i.k.p.i.AbstractProblemLoader Creating init config 
1667       DEBUG main            d.u.i.k.j.TypeConverter   No LDT found for Meta 
1671       DEBUG main            d.u.i.k.j.TypeConverter   No LDT found for Meta 
1674       DEBUG main            d.u.i.k.j.TypeConverter   No LDT found for Meta 
1674       DEBUG main            d.u.i.k.j.TypeConverter   No LDT found for Meta 
3120       DEBUG main            d.u.i.k.j.TypeConverter   No LDT found for JavaBigintExpression 
8553       DEBUG main            d.u.i.k.p.i.AbstractProblemLoader Init config took 7.79s 
8726       INFO  main            d.u.i.k.p.i.AbstractProblemLoader Replaying proof SimplifiedLinkedList[SimplifiedLinkedList::remove(int)].JML normal_behavior operation contract.0 
8793       DEBUG main            d.u.i.k.p.i.IntermediateProofReplayer Proof replay took 44.6ns 
75951      INFO  main            d.u.i.k.p.r.p.TestFile    ... finished proof: closed. 
76335      INFO  main            d.u.i.k.p.i.AbstractProblemLoader Loading environment from /home/runner/work/key/key/key.core/../key.ui/examples/heap/list_seq/SimplifiedLinkedList.remove.key.proof 
76336      DEBUG main            d.u.i.k.p.i.AbstractProblemLoader Environment load took 564.71ns 
76356      INFO  main            d.u.i.k.p.i.AbstractProblemLoader Creating init config 
79610      DEBUG main            d.u.i.k.p.i.AbstractProblemLoader Init config took 3.25s 
79700      INFO  main            d.u.i.k.p.i.AbstractProblemLoader Replaying proof SimplifiedLinkedList[SimplifiedLinkedList::remove(int)].JML normal_behavior operation contract.0 
82411      DEBUG main            d.u.i.k.p.i.IntermediateProofReplayer Proof replay took 2.36s 
82431      DEBUG main            d.u.i.k.p.r.p.TestFile    ... success: reloaded. 
82435      INFO  main            d.u.i.k.p.r.p.TestFile    Now processing file /home/runner/work/key/key/key.core/../key.ui/examples/heap/list_seq/ArrayList.ArrayList.key 
82435      INFO  main            d.u.i.k.p.i.AbstractProblemLoader Loading environment from /home/runner/work/key/key/key.core/../key.ui/examples/heap/list_seq/ArrayList.ArrayList.key 
82435      DEBUG main            d.u.i.k.p.i.AbstractProblemLoader Environment load took 260.9ns 
82439      INFO  main            d.u.i.k.p.i.AbstractProblemLoader Creating init config 
85812      DEBUG main            d.u.i.k.p.i.AbstractProblemLoader Init config took 3.37s 
85901      INFO  main            d.u.i.k.p.i.AbstractProblemLoader Replaying proof ArrayList[ArrayList::ArrayList()].JML normal_behavior operation contract.0 
85903      DEBUG main            d.u.i.k.p.i.IntermediateProofReplayer Proof replay took 5.8ns 
87026      INFO  main            d.u.i.k.p.r.p.TestFile    ... finished proof: closed. 
87203      INFO  main            d.u.i.k.p.i.AbstractProblemLoader Loading environment from /home/runner/work/key/key/key.core/../key.ui/examples/heap/list_seq/ArrayList.ArrayList.key.proof 
87203      DEBUG main            d.u.i.k.p.i.AbstractProblemLoader Environment load took 157.5ns 
87205      INFO  main            d.u.i.k.p.i.AbstractProblemLoader Creating init config 
90337      DEBUG main            d.u.i.k.p.i.AbstractProblemLoader Init config took 3.13s 
90424      INFO  main            d.u.i.k.p.i.AbstractProblemLoader Replaying proof ArrayList[ArrayList::ArrayList()].JML normal_behavior operation contract.0 
90580      DEBUG main            d.u.i.k.p.i.IntermediateProofReplayer Proof replay took 149.38ms 
90581      DEBUG main            d.u.i.k.p.r.p.TestFile    ... success: reloaded. 
90584      INFO  main            d.u.i.k.p.r.p.TestFile    Now processing file /home/runner/work/key/key/key.core/../key.ui/examples/heap/list_seq/ArrayList.add.key 
90584      INFO  main            d.u.i.k.p.i.AbstractProblemLoader Loading environment from /home/runner/work/key/key/key.core/../key.ui/examples/heap/list_seq/ArrayList.add.key 
90584      DEBUG main            d.u.i.k.p.i.AbstractProblemLoader Environment load took 264ns 
90587      INFO  main            d.u.i.k.p.i.AbstractProblemLoader Creating init config 
93745      DEBUG main            d.u.i.k.p.i.AbstractProblemLoader Init config took 3.16s 
93827      INFO  main            d.u.i.k.p.i.AbstractProblemLoader Replaying proof ArrayList[List::add(java.lang.Object)].JML normal_behavior operation contract.0 
93828      DEBUG main            d.u.i.k.p.i.IntermediateProofReplayer Proof replay took 6.3ns 
97237      INFO  main            d.u.i.k.p.r.p.TestFile    ... finished proof: closed. 
97426      INFO  main            d.u.i.k.p.i.AbstractProblemLoader Loading environment from /home/runner/work/key/key/key.core/../key.ui/examples/heap/list_seq/ArrayList.add.key.proof 
97427      DEBUG main            d.u.i.k.p.i.AbstractProblemLoader Environment load took 491.81ns 
97428      INFO  main            d.u.i.k.p.i.AbstractProblemLoader Creating init config 
100555     DEBUG main            d.u.i.k.p.i.AbstractProblemLoader Init config took 3.13s 
100643     INFO  main            d.u.i.k.p.i.AbstractProblemLoader Replaying proof ArrayList[List::add(java.lang.Object)].JML normal_behavior operation contract.0 
100898     DEBUG main            d.u.i.k.p.i.IntermediateProofReplayer Proof replay took 241.95ms 
100900     DEBUG main            d.u.i.k.p.r.p.TestFile    ... success: reloaded. 
100901     INFO  main            d.u.i.k.p.r.p.TestFile    Now processing file /home/runner/work/key/key/key.core/../key.ui/examples/heap/list_seq/ArrayList.contains.key 
100902     INFO  main            d.u.i.k.p.i.AbstractProblemLoader Loading environment from /home/runner/work/key/key/key.core/../key.ui/examples/heap/list_seq/ArrayList.contains.key 
100902     DEBUG main            d.u.i.k.p.i.AbstractProblemLoader Environment load took 125.2ns 
100903     INFO  main            d.u.i.k.p.i.AbstractProblemLoader Creating init config 
103962     DEBUG main            d.u.i.k.p.i.AbstractProblemLoader Init config took 3.06s 
104042     INFO  main            d.u.i.k.p.i.AbstractProblemLoader Replaying proof ArrayList[List::contains(java.lang.Object)].JML normal_behavior operation contract.0 
104044     DEBUG main            d.u.i.k.p.i.IntermediateProofReplayer Proof replay took 5.6ns 
105653     INFO  main            d.u.i.k.p.r.p.TestFile    ... finished proof: closed. 
105862     INFO  main            d.u.i.k.p.i.AbstractProblemLoader Loading environment from /home/runner/work/key/key/key.core/../key.ui/examples/heap/list_seq/ArrayList.contains.key.proof 
105863     DEBUG main            d.u.i.k.p.i.AbstractProblemLoader Environment load took 489.61ns 
105864     INFO  main            d.u.i.k.p.i.AbstractProblemLoader Creating init config 
108922     DEBUG main            d.u.i.k.p.i.AbstractProblemLoader Init config took 3.06s 
109001     INFO  main            d.u.i.k.p.i.AbstractProblemLoader Replaying proof ArrayList[List::contains(java.lang.Object)].JML normal_behavior operation contract.0 
109164     DEBUG main            d.u.i.k.p.i.IntermediateProofReplayer Proof replay took 155.37ms 
109166     DEBUG main            d.u.i.k.p.r.p.TestFile    ... success: reloaded. 
109167     INFO  main            d.u.i.k.p.r.p.TestFile    Now processing file /home/runner/work/key/key/key.core/../key.ui/examples/heap/list_seq/ArrayList.enlarge.key 
109167     INFO  main            d.u.i.k.p.i.AbstractProblemLoader Loading environment from /home/runner/work/key/key/key.core/../key.ui/examples/heap/list_seq/ArrayList.enlarge.key 
109168     DEBUG main            d.u.i.k.p.i.AbstractProblemLoader Environment load took 252.9ns 
109169     INFO  main            d.u.i.k.p.i.AbstractProblemLoader Creating init config 
112352     DEBUG main            d.u.i.k.p.i.AbstractProblemLoader Init config took 3.18s 
112430     INFO  main            d.u.i.k.p.i.AbstractProblemLoader Replaying proof ArrayList[ArrayList::enlarge()].JML normal_behavior operation contract.0 
112432     DEBUG main            d.u.i.k.p.i.IntermediateProofReplayer Proof replay took 5.2ns 
114551     INFO  main            d.u.i.k.p.r.p.TestFile    ... finished proof: closed. 
114747     INFO  main            d.u.i.k.p.i.AbstractProblemLoader Loading environment from /home/runner/work/key/key/key.core/../key.ui/examples/heap/list_seq/ArrayList.enlarge.key.proof 
114748     DEBUG main            d.u.i.k.p.i.AbstractProblemLoader Environment load took 619.51ns 
114750     INFO  main            d.u.i.k.p.i.AbstractProblemLoader Creating init config 
117725     DEBUG main            d.u.i.k.p.i.AbstractProblemLoader Init config took 2.98s 
117805     INFO  main            d.u.i.k.p.i.AbstractProblemLoader Replaying proof ArrayList[ArrayList::enlarge()].JML normal_behavior operation contract.0 
118039     DEBUG main            d.u.i.k.p.i.IntermediateProofReplayer Proof replay took 224.86ms 
118041     DEBUG main            d.u.i.k.p.r.p.TestFile    ... success: reloaded. 
118042     INFO  main            d.u.i.k.p.r.p.TestFile    Now processing file /home/runner/work/key/key/key.core/../key.ui/examples/heap/list_seq/ArrayList.get.key 
118042     INFO  main            d.u.i.k.p.i.AbstractProblemLoader Loading environment from /home/runner/work/key/key/key.core/../key.ui/examples/heap/list_seq/ArrayList.get.key 
118043     DEBUG main            d.u.i.k.p.i.AbstractProblemLoader Environment load took 255.4ns 
118044     INFO  main            d.u.i.k.p.i.AbstractProblemLoader Creating init config 
121129     DEBUG main            d.u.i.k.p.i.AbstractProblemLoader Init config took 3.09s 
121207     INFO  main            d.u.i.k.p.i.AbstractProblemLoader Replaying proof ArrayList[List::get(int)].JML normal_behavior operation contract.0 
121208     DEBUG main            d.u.i.k.p.i.IntermediateProofReplayer Proof replay took 5.7ns 
121711     INFO  main            d.u.i.k.p.r.p.TestFile    ... finished proof: closed. 
121923     INFO  main            d.u.i.k.p.i.AbstractProblemLoader Loading environment from /home/runner/work/key/key/key.core/../key.ui/examples/heap/list_seq/ArrayList.get.key.proof 
121924     DEBUG main            d.u.i.k.p.i.AbstractProblemLoader Environment load took 499.41ns 
121925     INFO  main            d.u.i.k.p.i.AbstractProblemLoader Creating init config 
124918     DEBUG main            d.u.i.k.p.i.AbstractProblemLoader Init config took 2.99s 
124994     INFO  main            d.u.i.k.p.i.AbstractProblemLoader Replaying proof ArrayList[List::get(int)].JML normal_behavior operation contract.0 
125036     DEBUG main            d.u.i.k.p.i.IntermediateProofReplayer Proof replay took 38.08ms 
125037     DEBUG main            d.u.i.k.p.r.p.TestFile    ... success: reloaded. 
125038     INFO  main            d.u.i.k.p.r.p.TestFile    Now processing file /home/runner/work/key/key/key.core/../key.ui/examples/heap/list_seq/ArrayList.newArray.key 
125038     INFO  main            d.u.i.k.p.i.AbstractProblemLoader Loading environment from /home/runner/work/key/key/key.core/../key.ui/examples/heap/list_seq/ArrayList.newArray.key 
125038     DEBUG main            d.u.i.k.p.i.AbstractProblemLoader Environment load took 113.2ns 
125039     INFO  main            d.u.i.k.p.i.AbstractProblemLoader Creating init config 
128092     DEBUG main            d.u.i.k.p.i.AbstractProblemLoader Init config took 3.05s 
128167     INFO  main            d.u.i.k.p.i.AbstractProblemLoader Replaying proof ArrayList[ArrayList::newArray(int)].JML normal_behavior operation contract.0 
128169     DEBUG main            d.u.i.k.p.i.IntermediateProofReplayer Proof replay took 6.3ns 
128472     INFO  main            d.u.i.k.p.r.p.TestFile    ... finished proof: closed. 
128671     INFO  main            d.u.i.k.p.i.AbstractProblemLoader Loading environment from /home/runner/work/key/key/key.core/../key.ui/examples/heap/list_seq/ArrayList.newArray.key.proof 
128672     DEBUG main            d.u.i.k.p.i.AbstractProblemLoader Environment load took 766.41ns 
128674     INFO  main            d.u.i.k.p.i.AbstractProblemLoader Creating init config 
131632     DEBUG main            d.u.i.k.p.i.AbstractProblemLoader Init config took 2.96s 
131706     INFO  main            d.u.i.k.p.i.AbstractProblemLoader Replaying proof ArrayList[ArrayList::newArray(int)].JML normal_behavior operation contract.0 
131749     DEBUG main            d.u.i.k.p.i.IntermediateProofReplayer Proof replay took 39.06ms 
131750     DEBUG main            d.u.i.k.p.r.p.TestFile    ... success: reloaded. 
131751     INFO  main            d.u.i.k.p.r.p.TestFile    Now processing file /home/runner/work/key/key/key.core/../key.ui/examples/heap/list_seq/ArrayList.remove.0.key 
131751     INFO  main            d.u.i.k.p.i.AbstractProblemLoader Loading environment from /home/runner/work/key/key/key.core/../key.ui/examples/heap/list_seq/ArrayList.remove.0.key 
131752     DEBUG main            d.u.i.k.p.i.AbstractProblemLoader Environment load took 252.7ns 
131753     INFO  main            d.u.i.k.p.i.AbstractProblemLoader Creating init config 
134806     DEBUG main            d.u.i.k.p.i.AbstractProblemLoader Init config took 3.05s 
134879     INFO  main            d.u.i.k.p.i.AbstractProblemLoader Replaying proof ArrayList[List::remove(java.lang.Object)].JML normal_behavior operation contract.0 
134881     DEBUG main            d.u.i.k.p.i.IntermediateProofReplayer Proof replay took 6.3ns 
136890     INFO  main            d.u.i.k.p.r.p.TestFile    ... finished proof: closed. 
137108     INFO  main            d.u.i.k.p.i.AbstractProblemLoader Loading environment from /home/runner/work/key/key/key.core/../key.ui/examples/heap/list_seq/ArrayList.remove.0.key.proof 
137109     DEBUG main            d.u.i.k.p.i.AbstractProblemLoader Environment load took 136.4ns 
137113     INFO  main            d.u.i.k.p.i.AbstractProblemLoader Creating init config 
140043     DEBUG main            d.u.i.k.p.i.AbstractProblemLoader Init config took 2.93s 
140130     INFO  main            d.u.i.k.p.i.AbstractProblemLoader Replaying proof ArrayList[List::remove(java.lang.Object)].JML normal_behavior operation contract.0 
140475     DEBUG main            d.u.i.k.p.i.IntermediateProofReplayer Proof replay took 337.29ms 
140476     DEBUG main            d.u.i.k.p.r.p.TestFile    ... success: reloaded. 
140478     INFO  main            d.u.i.k.p.r.p.TestFile    Now processing file /home/runner/work/key/key/key.core/../key.ui/examples/heap/list_seq/ArrayList.remove.1.key 
140478     INFO  main            d.u.i.k.p.i.AbstractProblemLoader Loading environment from /home/runner/work/key/key/key.core/../key.ui/examples/heap/list_seq/ArrayList.remove.1.key 
140478     DEBUG main            d.u.i.k.p.i.AbstractProblemLoader Environment load took 249.8ns 
140479     INFO  main            d.u.i.k.p.i.AbstractProblemLoader Creating init config 
143510     DEBUG main            d.u.i.k.p.i.AbstractProblemLoader Init config took 3.03s 
143584     INFO  main            d.u.i.k.p.i.AbstractProblemLoader Replaying proof ArrayList[List::remove(java.lang.Object)].JML normal_behavior operation contract.1 
143586     DEBUG main            d.u.i.k.p.i.IntermediateProofReplayer Proof replay took 6ns 
155569     INFO  main            d.u.i.k.p.r.p.TestFile    ... finished proof: closed. 
155845     INFO  main            d.u.i.k.p.i.AbstractProblemLoader Loading environment from /home/runner/work/key/key/key.core/../key.ui/examples/heap/list_seq/ArrayList.remove.1.key.proof 
155846     DEBUG main            d.u.i.k.p.i.AbstractProblemLoader Environment load took 519.31ns 
155849     INFO  main            d.u.i.k.p.i.AbstractProblemLoader Creating init config 
158772     DEBUG main            d.u.i.k.p.i.AbstractProblemLoader Init config took 2.92s 
158845     INFO  main            d.u.i.k.p.i.AbstractProblemLoader Replaying proof ArrayList[List::remove(java.lang.Object)].JML normal_behavior operation contract.1 
159717     DEBUG main            d.u.i.k.p.i.IntermediateProofReplayer Proof replay took 826.53ms 
159720     DEBUG main            d.u.i.k.p.r.p.TestFile    ... success: reloaded. 
1350933    INFO  Test worker     d.u.i.k.p.r.p.StatisticsFile Returning from test list_seq 
1350936    INFO  Test worker     d.u.i.k.p.r.p.StatisticsFile Running test observer 
413        INFO  Timeout watchdog d.u.i.k.p.r.p.ForkedTestFileRunner Timeout watcher launched (2000 secs.) 
427        WARN  main            d.u.i.k.s.ProofSettings   The settings in /home/runner/.key/proof-settings.props are *not* read. 
453        INFO  main            d.u.i.k.p.r.p.TestFile    Now processing file /home/runner/work/key/key/key.core/../key.ui/examples/heap/observer/ExampleObserver_ExampleObserver.key 
552        INFO  main            d.u.i.k.p.i.AbstractProblemLoader Loading environment from /home/runner/work/key/key/key.core/../key.ui/examples/heap/observer/ExampleObserver_ExampleObserver.key 
578        DEBUG main            d.u.i.k.p.i.AbstractProblemLoader Environment load took 2.26ms 
805        INFO  main            d.u.i.k.p.i.AbstractProblemLoader Creating init config 
1766       DEBUG main            d.u.i.k.j.TypeConverter   No LDT found for Meta 
1766       DEBUG main            d.u.i.k.j.TypeConverter   No LDT found for Meta 
1768       DEBUG main            d.u.i.k.j.TypeConverter   No LDT found for Meta 
1768       DEBUG main            d.u.i.k.j.TypeConverter   No LDT found for Meta 
3118       DEBUG main            d.u.i.k.j.TypeConverter   No LDT found for JavaBigintExpression 
8434       DEBUG main            d.u.i.k.p.i.AbstractProblemLoader Init config took 7.63s 
8570       INFO  main            d.u.i.k.p.i.AbstractProblemLoader Replaying proof ExampleObserver[ExampleObserver::ExampleObserver(ExampleSubject)].JML normal_behavior operation contract.0 
8603       DEBUG main            d.u.i.k.p.i.IntermediateProofReplayer Proof replay took 30.5ns 
9532       INFO  main            d.u.i.k.p.r.p.TestFile    ... finished proof: closed. 
9663       INFO  main            d.u.i.k.p.i.AbstractProblemLoader Loading environment from /home/runner/work/key/key/key.core/../key.ui/examples/heap/observer/ExampleObserver_ExampleObserver.key.proof 
9668       DEBUG main            d.u.i.k.p.i.AbstractProblemLoader Environment load took 5.05ms 
9673       INFO  main            d.u.i.k.p.i.AbstractProblemLoader Creating init config 
12635      DEBUG main            d.u.i.k.p.i.AbstractProblemLoader Init config took 2.96s 
12725      INFO  main            d.u.i.k.p.i.AbstractProblemLoader Replaying proof ExampleObserver[ExampleObserver::ExampleObserver(ExampleSubject)].JML normal_behavior operation contract.0 
12841      DEBUG main            d.u.i.k.p.i.IntermediateProofReplayer Proof replay took 109.26ms 
12849      DEBUG main            d.u.i.k.p.r.p.TestFile    ... success: reloaded. 
12851      INFO  main            d.u.i.k.p.r.p.TestFile    Now processing file /home/runner/work/key/key/key.core/../key.ui/examples/heap/observer/ExampleObserver_inv.key 
12851      INFO  main            d.u.i.k.p.i.AbstractProblemLoader Loading environment from /home/runner/work/key/key/key.core/../key.ui/examples/heap/observer/ExampleObserver_inv.key 
12852      DEBUG main            d.u.i.k.p.i.AbstractProblemLoader Environment load took 270.4ns 
12854      INFO  main            d.u.i.k.p.i.AbstractProblemLoader Creating init config 
15672      DEBUG main            d.u.i.k.p.i.AbstractProblemLoader Init config took 2.82s 
15736      INFO  main            d.u.i.k.p.i.AbstractProblemLoader Replaying proof ExampleObserver[java.lang.Object::<inv>()].JML accessible clause.0 
15739      DEBUG main            d.u.i.k.p.i.IntermediateProofReplayer Proof replay took 6ns 
15843      INFO  main            d.u.i.k.p.r.p.TestFile    ... finished proof: closed. 
15976      INFO  main            d.u.i.k.p.i.AbstractProblemLoader Loading environment from /home/runner/work/key/key/key.core/../key.ui/examples/heap/observer/ExampleObserver_inv.key.proof 
15976      DEBUG main            d.u.i.k.p.i.AbstractProblemLoader Environment load took 136.9ns 
15984      INFO  main            d.u.i.k.p.i.AbstractProblemLoader Creating init config 
18744      DEBUG main            d.u.i.k.p.i.AbstractProblemLoader Init config took 2.76s 
18825      INFO  main            d.u.i.k.p.i.AbstractProblemLoader Replaying proof ExampleObserver[java.lang.Object::<inv>()].JML accessible clause.0 
18849      DEBUG main            d.u.i.k.p.i.IntermediateProofReplayer Proof replay took 18.25ms 
18851      DEBUG main            d.u.i.k.p.r.p.TestFile    ... success: reloaded. 
18853      INFO  main            d.u.i.k.p.r.p.TestFile    Now processing file /home/runner/work/key/key/key.core/../key.ui/examples/heap/observer/ExampleObserver_subject.key 
18853      INFO  main            d.u.i.k.p.i.AbstractProblemLoader Loading environment from /home/runner/work/key/key/key.core/../key.ui/examples/heap/observer/ExampleObserver_subject.key 
18853      DEBUG main            d.u.i.k.p.i.AbstractProblemLoader Environment load took 128.4ns 
18855      INFO  main            d.u.i.k.p.i.AbstractProblemLoader Creating init config 
21594      DEBUG main            d.u.i.k.p.i.AbstractProblemLoader Init config took 2.74s 
21644      INFO  main            d.u.i.k.p.i.AbstractProblemLoader Replaying proof Observer[Observer::$subject()].JML accessible clause.0 
21646      DEBUG main            d.u.i.k.p.i.IntermediateProofReplayer Proof replay took 5.2ns 
21748      INFO  main            d.u.i.k.p.r.p.TestFile    ... finished proof: closed. 
21941      INFO  main            d.u.i.k.p.i.AbstractProblemLoader Loading environment from /home/runner/work/key/key/key.core/../key.ui/examples/heap/observer/ExampleObserver_subject.key.proof 
21942      DEBUG main            d.u.i.k.p.i.AbstractProblemLoader Environment load took 128.6ns 
21945      INFO  main            d.u.i.k.p.i.AbstractProblemLoader Creating init config 
24668      DEBUG main            d.u.i.k.p.i.AbstractProblemLoader Init config took 2.72s 
24741      INFO  main            d.u.i.k.p.i.AbstractProblemLoader Replaying proof Observer[Observer::$subject()].JML accessible clause.0 
24745      DEBUG main            d.u.i.k.p.i.IntermediateProofReplayer Proof replay took 1.65ms 
24747      DEBUG main            d.u.i.k.p.r.p.TestFile    ... success: reloaded. 
24749      INFO  main            d.u.i.k.p.r.p.TestFile    Now processing file /home/runner/work/key/key/key.core/../key.ui/examples/heap/observer/ExampleObserver_update.key 
24749      INFO  main            d.u.i.k.p.i.AbstractProblemLoader Loading environment from /home/runner/work/key/key/key.core/../key.ui/examples/heap/observer/ExampleObserver_update.key 
24749      DEBUG main            d.u.i.k.p.i.AbstractProblemLoader Environment load took 243.5ns 
24750      INFO  main            d.u.i.k.p.i.AbstractProblemLoader Creating init config 
27475      DEBUG main            d.u.i.k.p.i.AbstractProblemLoader Init config took 2.72s 
27545      INFO  main            d.u.i.k.p.i.AbstractProblemLoader Replaying proof ExampleObserver[Observer::update()].JML normal_behavior operation contract.0 
27546      DEBUG main            d.u.i.k.p.i.IntermediateProofReplayer Proof replay took 6.3ns 
27850      INFO  main            d.u.i.k.p.r.p.TestFile    ... finished proof: closed. 
28009      INFO  main            d.u.i.k.p.i.AbstractProblemLoader Loading environment from /home/runner/work/key/key/key.core/../key.ui/examples/heap/observer/ExampleObserver_update.key.proof 
28009      DEBUG main            d.u.i.k.p.i.AbstractProblemLoader Environment load took 514.11ns 
28011      INFO  main            d.u.i.k.p.i.AbstractProblemLoader Creating init config 
30661      DEBUG main            d.u.i.k.p.i.AbstractProblemLoader Init config took 2.65s 
30727      INFO  main            d.u.i.k.p.i.AbstractProblemLoader Replaying proof ExampleObserver[Observer::update()].JML normal_behavior operation contract.0 
30807      DEBUG main            d.u.i.k.p.i.IntermediateProofReplayer Proof replay took 71.38ms 
30808      DEBUG main            d.u.i.k.p.r.p.TestFile    ... success: reloaded. 
30810      INFO  main            d.u.i.k.p.r.p.TestFile    Now processing file /home/runner/work/key/key/key.core/../key.ui/examples/heap/observer/ExampleObserver_upToDate.key 
30810      INFO  main            d.u.i.k.p.i.AbstractProblemLoader Loading environment from /home/runner/work/key/key/key.core/../key.ui/examples/heap/observer/ExampleObserver_upToDate.key 
30810      DEBUG main            d.u.i.k.p.i.AbstractProblemLoader Environment load took 122.5ns 
30811      INFO  main            d.u.i.k.p.i.AbstractProblemLoader Creating init config 
33500      DEBUG main            d.u.i.k.p.i.AbstractProblemLoader Init config took 2.69s 
33546      INFO  main            d.u.i.k.p.i.AbstractProblemLoader Replaying proof ExampleObserver[Observer::$upToDate()].JML accessible clause.0 
33548      DEBUG main            d.u.i.k.p.i.IntermediateProofReplayer Proof replay took 7ns 
33751      INFO  main            d.u.i.k.p.r.p.TestFile    ... finished proof: closed. 
33978      INFO  main            d.u.i.k.p.i.AbstractProblemLoader Loading environment from /home/runner/work/key/key/key.core/../key.ui/examples/heap/observer/ExampleObserver_upToDate.key.proof 
33978      DEBUG main            d.u.i.k.p.i.AbstractProblemLoader Environment load took 129ns 
33979      INFO  main            d.u.i.k.p.i.AbstractProblemLoader Creating init config 
36607      DEBUG main            d.u.i.k.p.i.AbstractProblemLoader Init config took 2.63s 
36653      INFO  main            d.u.i.k.p.i.AbstractProblemLoader Replaying proof ExampleObserver[Observer::$upToDate()].JML accessible clause.0 
36672      DEBUG main            d.u.i.k.p.i.IntermediateProofReplayer Proof replay took 15.66ms 
36673      DEBUG main            d.u.i.k.p.r.p.TestFile    ... success: reloaded. 
36674      INFO  main            d.u.i.k.p.r.p.TestFile    Now processing file /home/runner/work/key/key/key.core/../key.ui/examples/heap/observer/ExampleObserver_value.key 
36675      INFO  main            d.u.i.k.p.i.AbstractProblemLoader Loading environment from /home/runner/work/key/key/key.core/../key.ui/examples/heap/observer/ExampleObserver_value.key 
36675      DEBUG main            d.u.i.k.p.i.AbstractProblemLoader Environment load took 241.1ns 
36676      INFO  main            d.u.i.k.p.i.AbstractProblemLoader Creating init config 
39383      DEBUG main            d.u.i.k.p.i.AbstractProblemLoader Init config took 2.71s 
39429      INFO  main            d.u.i.k.p.i.AbstractProblemLoader Replaying proof ExampleObserver[ExampleObserver::value()].JML normal_behavior operation contract.0 
39431      DEBUG main            d.u.i.k.p.i.IntermediateProofReplayer Proof replay took 6ns 
39535      INFO  main            d.u.i.k.p.r.p.TestFile    ... finished proof: closed. 
39703      INFO  main            d.u.i.k.p.i.AbstractProblemLoader Loading environment from /home/runner/work/key/key/key.core/../key.ui/examples/heap/observer/ExampleObserver_value.key.proof 
39703      DEBUG main            d.u.i.k.p.i.AbstractProblemLoader Environment load took 129.9ns 
39707      INFO  main            d.u.i.k.p.i.AbstractProblemLoader Creating init config 
42327      DEBUG main            d.u.i.k.p.i.AbstractProblemLoader Init config took 2.62s 
42382      INFO  main            d.u.i.k.p.i.AbstractProblemLoader Replaying proof ExampleObserver[ExampleObserver::value()].JML normal_behavior operation contract.0 
42403      DEBUG main            d.u.i.k.p.i.IntermediateProofReplayer Proof replay took 17.12ms 
42404      DEBUG main            d.u.i.k.p.r.p.TestFile    ... success: reloaded. 
42406      INFO  main            d.u.i.k.p.r.p.TestFile    Now processing file /home/runner/work/key/key/key.core/../key.ui/examples/heap/observer/ExampleSubject_addObserver.key 
42406      INFO  main            d.u.i.k.p.i.AbstractProblemLoader Loading environment from /home/runner/work/key/key/key.core/../key.ui/examples/heap/observer/ExampleSubject_addObserver.key 
42406      DEBUG main            d.u.i.k.p.i.AbstractProblemLoader Environment load took 111.2ns 
42407      INFO  main            d.u.i.k.p.i.AbstractProblemLoader Creating init config 
45053      DEBUG main            d.u.i.k.p.i.AbstractProblemLoader Init config took 2.65s 
45101      INFO  main            d.u.i.k.p.i.AbstractProblemLoader Replaying proof ExampleSubject[Subject::addObserver(Observer)].JML normal_behavior operation contract.0 
45102      DEBUG main            d.u.i.k.p.i.IntermediateProofReplayer Proof replay took 6.7ns 
50548      INFO  main            d.u.i.k.p.r.p.TestFile    ... finished proof: closed. 
50828      INFO  main            d.u.i.k.p.i.AbstractProblemLoader Loading environment from /home/runner/work/key/key/key.core/../key.ui/examples/heap/observer/ExampleSubject_addObserver.key.proof 
50828      DEBUG main            d.u.i.k.p.i.AbstractProblemLoader Environment load took 534.91ns 
50831      INFO  main            d.u.i.k.p.i.AbstractProblemLoader Creating init config 
53428      DEBUG main            d.u.i.k.p.i.AbstractProblemLoader Init config took 2.6s 
53484      INFO  main            d.u.i.k.p.i.AbstractProblemLoader Replaying proof ExampleSubject[Subject::addObserver(Observer)].JML normal_behavior operation contract.0 
54059      DEBUG main            d.u.i.k.p.i.IntermediateProofReplayer Proof replay took 552.08ms 
54061      DEBUG main            d.u.i.k.p.r.p.TestFile    ... success: reloaded. 
54062      INFO  main            d.u.i.k.p.r.p.TestFile    Now processing file /home/runner/work/key/key/key.core/../key.ui/examples/heap/observer/ExampleSubject_change.key 
54063      INFO  main            d.u.i.k.p.i.AbstractProblemLoader Loading environment from /home/runner/work/key/key/key.core/../key.ui/examples/heap/observer/ExampleSubject_change.key 
54063      DEBUG main            d.u.i.k.p.i.AbstractProblemLoader Environment load took 108.6ns 
54064      INFO  main            d.u.i.k.p.i.AbstractProblemLoader Creating init config 
56642      DEBUG main            d.u.i.k.p.i.AbstractProblemLoader Init config took 2.58s 
56707      INFO  main            d.u.i.k.p.i.AbstractProblemLoader Replaying proof ExampleSubject[ExampleSubject::change()].JML normal_behavior operation contract.0 
56709      DEBUG main            d.u.i.k.p.i.IntermediateProofReplayer Proof replay took 16.2ns 
57216      INFO  main            d.u.i.k.p.r.p.TestFile    ... finished proof: closed. 
57420      INFO  main            d.u.i.k.p.i.AbstractProblemLoader Loading environment from /home/runner/work/key/key/key.core/../key.ui/examples/heap/observer/ExampleSubject_change.key.proof 
57421      DEBUG main            d.u.i.k.p.i.AbstractProblemLoader Environment load took 607.51ns 
57422      INFO  main            d.u.i.k.p.i.AbstractProblemLoader Creating init config 
59989      DEBUG main            d.u.i.k.p.i.AbstractProblemLoader Init config took 2.57s 
60045      INFO  main            d.u.i.k.p.i.AbstractProblemLoader Replaying proof ExampleSubject[ExampleSubject::change()].JML normal_behavior operation contract.0 
60099      DEBUG main            d.u.i.k.p.i.IntermediateProofReplayer Proof replay took 49.55ms 
60101      DEBUG main            d.u.i.k.p.r.p.TestFile    ... success: reloaded. 
60102      INFO  main            d.u.i.k.p.r.p.TestFile    Now processing file /home/runner/work/key/key/key.core/../key.ui/examples/heap/observer/ExampleSubject_ExampleSubject.key 
60103      INFO  main            d.u.i.k.p.i.AbstractProblemLoader Loading environment from /home/runner/work/key/key/key.core/../key.ui/examples/heap/observer/ExampleSubject_ExampleSubject.key 
60103      DEBUG main            d.u.i.k.p.i.AbstractProblemLoader Environment load took 245.1ns 
60104      INFO  main            d.u.i.k.p.i.AbstractProblemLoader Creating init config 
62674      DEBUG main            d.u.i.k.p.i.AbstractProblemLoader Init config took 2.57s 
62727      INFO  main            d.u.i.k.p.i.AbstractProblemLoader Replaying proof ExampleSubject[ExampleSubject::ExampleSubject()].JML normal_behavior operation contract.0 
62730      DEBUG main            d.u.i.k.p.i.IntermediateProofReplayer Proof replay took 6.3ns 
63834      INFO  main            d.u.i.k.p.r.p.TestFile    ... finished proof: closed. 
64024      INFO  main            d.u.i.k.p.i.AbstractProblemLoader Loading environment from /home/runner/work/key/key/key.core/../key.ui/examples/heap/observer/ExampleSubject_ExampleSubject.key.proof 
64025      DEBUG main            d.u.i.k.p.i.AbstractProblemLoader Environment load took 1.3ms 
64027      INFO  main            d.u.i.k.p.i.AbstractProblemLoader Creating init config 
66600      DEBUG main            d.u.i.k.p.i.AbstractProblemLoader Init config took 2.57s 
66645      INFO  main            d.u.i.k.p.i.AbstractProblemLoader Replaying proof ExampleSubject[ExampleSubject::ExampleSubject()].JML normal_behavior operation contract.0 
66771      DEBUG main            d.u.i.k.p.i.IntermediateProofReplayer Proof replay took 119.13ms 
66773      DEBUG main            d.u.i.k.p.r.p.TestFile    ... success: reloaded. 
66774      INFO  main            d.u.i.k.p.r.p.TestFile    Now processing file /home/runner/work/key/key/key.core/../key.ui/examples/heap/observer/ExampleSubject_footprint.key 
66774      INFO  main            d.u.i.k.p.i.AbstractProblemLoader Loading environment from /home/runner/work/key/key/key.core/../key.ui/examples/heap/observer/ExampleSubject_footprint.key 
66775      DEBUG main            d.u.i.k.p.i.AbstractProblemLoader Environment load took 244.9ns 
66776      INFO  main            d.u.i.k.p.i.AbstractProblemLoader Creating init config 
69423      DEBUG main            d.u.i.k.p.i.AbstractProblemLoader Init config took 2.65s 
69473      INFO  main            d.u.i.k.p.i.AbstractProblemLoader Replaying proof ExampleSubject[Subject::$footprint()].JML accessible clause.0 
69475      DEBUG main            d.u.i.k.p.i.IntermediateProofReplayer Proof replay took 5.9ns 
69577      INFO  main            d.u.i.k.p.r.p.TestFile    ... finished proof: closed. 
69767      INFO  main            d.u.i.k.p.i.AbstractProblemLoader Loading environment from /home/runner/work/key/key/key.core/../key.ui/examples/heap/observer/ExampleSubject_footprint.key.proof 
69767      DEBUG main            d.u.i.k.p.i.AbstractProblemLoader Environment load took 125.3ns 
69769      INFO  main            d.u.i.k.p.i.AbstractProblemLoader Creating init config 
72413      DEBUG main            d.u.i.k.p.i.AbstractProblemLoader Init config took 2.64s 
72456      INFO  main            d.u.i.k.p.i.AbstractProblemLoader Replaying proof ExampleSubject[Subject::$footprint()].JML accessible clause.0 
72468      DEBUG main            d.u.i.k.p.i.IntermediateProofReplayer Proof replay took 9.82ms 
72469      DEBUG main            d.u.i.k.p.r.p.TestFile    ... success: reloaded. 
72471      INFO  main            d.u.i.k.p.r.p.TestFile    Now processing file /home/runner/work/key/key/key.core/../key.ui/examples/heap/observer/ExampleSubject_inv.key 
72471      INFO  main            d.u.i.k.p.i.AbstractProblemLoader Loading environment from /home/runner/work/key/key/key.core/../key.ui/examples/heap/observer/ExampleSubject_inv.key 
72471      DEBUG main            d.u.i.k.p.i.AbstractProblemLoader Environment load took 268.3ns 
72472      INFO  main            d.u.i.k.p.i.AbstractProblemLoader Creating init config 
75089      DEBUG main            d.u.i.k.p.i.AbstractProblemLoader Init config took 2.62s 
75150      INFO  main            d.u.i.k.p.i.AbstractProblemLoader Replaying proof ExampleSubject[java.lang.Object::<inv>()].JML accessible clause.0 
75152      DEBUG main            d.u.i.k.p.i.IntermediateProofReplayer Proof replay took 6.3ns 
76356      INFO  main            d.u.i.k.p.r.p.TestFile    ... finished proof: closed. 
76553      INFO  main            d.u.i.k.p.i.AbstractProblemLoader Loading environment from /home/runner/work/key/key/key.core/../key.ui/examples/heap/observer/ExampleSubject_inv.key.proof 
76554      DEBUG main            d.u.i.k.p.i.AbstractProblemLoader Environment load took 481.31ns 
76556      INFO  main            d.u.i.k.p.i.AbstractProblemLoader Creating init config 
79138      DEBUG main            d.u.i.k.p.i.AbstractProblemLoader Init config took 2.58s 
79181      INFO  main            d.u.i.k.p.i.AbstractProblemLoader Replaying proof ExampleSubject[java.lang.Object::<inv>()].JML accessible clause.0 
79250      DEBUG main            d.u.i.k.p.i.IntermediateProofReplayer Proof replay took 62.2ms 
79251      DEBUG main            d.u.i.k.p.r.p.TestFile    ... success: reloaded. 
79252      INFO  main            d.u.i.k.p.r.p.TestFile    Now processing file /home/runner/work/key/key/key.core/../key.ui/examples/heap/observer/ExampleSubject_notifyObservers.key 
79252      INFO  main            d.u.i.k.p.i.AbstractProblemLoader Loading environment from /home/runner/work/key/key/key.core/../key.ui/examples/heap/observer/ExampleSubject_notifyObservers.key 
79253      DEBUG main            d.u.i.k.p.i.AbstractProblemLoader Environment load took 108.8ns 
79253      INFO  main            d.u.i.k.p.i.AbstractProblemLoader Creating init config 
81844      DEBUG main            d.u.i.k.p.i.AbstractProblemLoader Init config took 2.59s 
81887      INFO  main            d.u.i.k.p.i.AbstractProblemLoader Replaying proof Subject[Subject::notifyObservers()].JML normal_behavior operation contract.0 
81889      DEBUG main            d.u.i.k.p.i.IntermediateProofReplayer Proof replay took 6.3ns 
81994      INFO  main            d.u.i.k.p.r.p.TestFile    ... finished proof: closed. 
82198      INFO  main            d.u.i.k.p.i.AbstractProblemLoader Loading environment from /home/runner/work/key/key/key.core/../key.ui/examples/heap/observer/ExampleSubject_notifyObservers.key.proof 
82199      DEBUG main            d.u.i.k.p.i.AbstractProblemLoader Environment load took 142.5ns 
82200      INFO  main            d.u.i.k.p.i.AbstractProblemLoader Creating init config 
84734      DEBUG main            d.u.i.k.p.i.AbstractProblemLoader Init config took 2.53s 
84777      INFO  main            d.u.i.k.p.i.AbstractProblemLoader Replaying proof Subject[Subject::notifyObservers()].JML normal_behavior operation contract.0 
84781      DEBUG main            d.u.i.k.p.i.IntermediateProofReplayer Proof replay took 2.15ms 
84782      DEBUG main            d.u.i.k.p.r.p.TestFile    ... success: reloaded. 
84783      INFO  main            d.u.i.k.p.r.p.TestFile    Now processing file /home/runner/work/key/key/key.core/../key.ui/examples/heap/observer/ExampleSubject_value_dep.key 
84783      INFO  main            d.u.i.k.p.i.AbstractProblemLoader Loading environment from /home/runner/work/key/key/key.core/../key.ui/examples/heap/observer/ExampleSubject_value_dep.key 
84783      DEBUG main            d.u.i.k.p.i.AbstractProblemLoader Environment load took 98.8ns 
84784      INFO  main            d.u.i.k.p.i.AbstractProblemLoader Creating init config 
87404      DEBUG main            d.u.i.k.p.i.AbstractProblemLoader Init config took 2.62s 
87446      INFO  main            d.u.i.k.p.i.AbstractProblemLoader Replaying proof ExampleSubject[ExampleSubject::value()].JML accessible clause.0 
87448      DEBUG main            d.u.i.k.p.i.IntermediateProofReplayer Proof replay took 6.1ns 
87550      INFO  main            d.u.i.k.p.r.p.TestFile    ... finished proof: closed. 
87772      INFO  main            d.u.i.k.p.i.AbstractProblemLoader Loading environment from /home/runner/work/key/key/key.core/../key.ui/examples/heap/observer/ExampleSubject_value_dep.key.proof 
87772      DEBUG main            d.u.i.k.p.i.AbstractProblemLoader Environment load took 120.6ns 
87773      INFO  main            d.u.i.k.p.i.AbstractProblemLoader Creating init config 
90320      DEBUG main            d.u.i.k.p.i.AbstractProblemLoader Init config took 2.55s 
90362      INFO  main            d.u.i.k.p.i.AbstractProblemLoader Replaying proof ExampleSubject[ExampleSubject::value()].JML accessible clause.0 
90374      DEBUG main            d.u.i.k.p.i.IntermediateProofReplayer Proof replay took 9.79ms 
90375      DEBUG main            d.u.i.k.p.r.p.TestFile    ... success: reloaded. 
90376      INFO  main            d.u.i.k.p.r.p.TestFile    Now processing file /home/runner/work/key/key/key.core/../key.ui/examples/heap/observer/ExampleSubject_value.key 
90376      INFO  main            d.u.i.k.p.i.AbstractProblemLoader Loading environment from /home/runner/work/key/key/key.core/../key.ui/examples/heap/observer/ExampleSubject_value.key 
90376      DEBUG main            d.u.i.k.p.i.AbstractProblemLoader Environment load took 98.4ns 
90377      INFO  main            d.u.i.k.p.i.AbstractProblemLoader Creating init config 
93008      DEBUG main            d.u.i.k.p.i.AbstractProblemLoader Init config took 2.63s 
93050      INFO  main            d.u.i.k.p.i.AbstractProblemLoader Replaying proof ExampleSubject[ExampleSubject::value()].JML normal_behavior operation contract.0 
93051      DEBUG main            d.u.i.k.p.i.IntermediateProofReplayer Proof replay took 5.8ns 
93153      INFO  main            d.u.i.k.p.r.p.TestFile    ... finished proof: closed. 
93362      INFO  main            d.u.i.k.p.i.AbstractProblemLoader Loading environment from /home/runner/work/key/key/key.core/../key.ui/examples/heap/observer/ExampleSubject_value.key.proof 
93362      DEBUG main            d.u.i.k.p.i.AbstractProblemLoader Environment load took 126.5ns 
93363      INFO  main            d.u.i.k.p.i.AbstractProblemLoader Creating init config 
95927      DEBUG main            d.u.i.k.p.i.AbstractProblemLoader Init config took 2.56s 
95977      INFO  main            d.u.i.k.p.i.AbstractProblemLoader Replaying proof ExampleSubject[ExampleSubject::value()].JML normal_behavior operation contract.0 
95988      DEBUG main            d.u.i.k.p.i.IntermediateProofReplayer Proof replay took 9.35ms 
95989      DEBUG main            d.u.i.k.p.r.p.TestFile    ... success: reloaded. 
1447097    INFO  Test worker     d.u.i.k.p.r.p.StatisticsFile Returning from test observer 
1447103    INFO  Test worker     d.u.i.k.p.r.p.StatisticsFile Running test removeDups 
372        INFO  Timeout watchdog d.u.i.k.p.r.p.ForkedTestFileRunner Timeout watcher launched (2000 secs.) 
393        WARN  main            d.u.i.k.s.ProofSettings   The settings in /home/runner/.key/proof-settings.props are *not* read. 
419        INFO  main            d.u.i.k.p.r.p.TestFile    Now processing file /home/runner/work/key/key/key.core/../key.ui/examples/heap/removeDups/arrayPart.key 
542        INFO  main            d.u.i.k.p.i.AbstractProblemLoader Loading environment from /home/runner/work/key/key/key.core/../key.ui/examples/heap/removeDups/arrayPart.key 
558        DEBUG main            d.u.i.k.p.i.AbstractProblemLoader Environment load took 2.25ms 
772        INFO  main            d.u.i.k.p.i.AbstractProblemLoader Creating init config 
1861       DEBUG main            d.u.i.k.j.TypeConverter   No LDT found for Meta 
1862       DEBUG main            d.u.i.k.j.TypeConverter   No LDT found for Meta 
1865       DEBUG main            d.u.i.k.j.TypeConverter   No LDT found for Meta 
1865       DEBUG main            d.u.i.k.j.TypeConverter   No LDT found for Meta 
3265       DEBUG main            d.u.i.k.j.TypeConverter   No LDT found for JavaBigintExpression 
8077       DEBUG main            d.u.i.k.p.i.AbstractProblemLoader Init config took 7.3s 
8198       INFO  main            d.u.i.k.p.i.AbstractProblemLoader Replaying proof RemoveDup[RemoveDup::arrayPart([I,int)].JML normal_behavior operation contract.0 
8231       DEBUG main            d.u.i.k.p.i.IntermediateProofReplayer Proof replay took 32ns 
10828      INFO  main            d.u.i.k.p.r.p.TestFile    ... finished proof: closed. 
11014      INFO  main            d.u.i.k.p.i.AbstractProblemLoader Loading environment from /home/runner/work/key/key/key.core/../key.ui/examples/heap/removeDups/arrayPart.key.proof 
11014      DEBUG main            d.u.i.k.p.i.AbstractProblemLoader Environment load took 509.31ns 
11017      INFO  main            d.u.i.k.p.i.AbstractProblemLoader Creating init config 
13745      DEBUG main            d.u.i.k.p.i.AbstractProblemLoader Init config took 2.73s 
13805      INFO  main            d.u.i.k.p.i.AbstractProblemLoader Replaying proof RemoveDup[RemoveDup::arrayPart([I,int)].JML normal_behavior operation contract.0 
14063      DEBUG main            d.u.i.k.p.i.IntermediateProofReplayer Proof replay took 246.3ms 
14070      DEBUG main            d.u.i.k.p.r.p.TestFile    ... success: reloaded. 
14072      INFO  main            d.u.i.k.p.r.p.TestFile    Now processing file /home/runner/work/key/key/key.core/../key.ui/examples/heap/removeDups/contains.key 
14072      INFO  main            d.u.i.k.p.i.AbstractProblemLoader Loading environment from /home/runner/work/key/key/key.core/../key.ui/examples/heap/removeDups/contains.key 
14073      DEBUG main            d.u.i.k.p.i.AbstractProblemLoader Environment load took 257.1ns 
14074      INFO  main            d.u.i.k.p.i.AbstractProblemLoader Creating init config 
16803      DEBUG main            d.u.i.k.p.i.AbstractProblemLoader Init config took 2.73s 
16858      INFO  main            d.u.i.k.p.i.AbstractProblemLoader Replaying proof RemoveDup[RemoveDup::contains([I,int,int)].JML normal_behavior operation contract.0 
16861      DEBUG main            d.u.i.k.p.i.IntermediateProofReplayer Proof replay took 4.9ns 
17365      INFO  main            d.u.i.k.p.r.p.TestFile    ... finished proof: closed. 
17503      INFO  main            d.u.i.k.p.i.AbstractProblemLoader Loading environment from /home/runner/work/key/key/key.core/../key.ui/examples/heap/removeDups/contains.key.proof 
17505      DEBUG main            d.u.i.k.p.i.AbstractProblemLoader Environment load took 1.86ms 
17507      INFO  main            d.u.i.k.p.i.AbstractProblemLoader Creating init config 
20140      DEBUG main            d.u.i.k.p.i.AbstractProblemLoader Init config took 2.63s 
20188      INFO  main            d.u.i.k.p.i.AbstractProblemLoader Replaying proof RemoveDup[RemoveDup::contains([I,int,int)].JML normal_behavior operation contract.0 
20267      DEBUG main            d.u.i.k.p.i.IntermediateProofReplayer Proof replay took 73.52ms 
20268      DEBUG main            d.u.i.k.p.r.p.TestFile    ... success: reloaded. 
20269      INFO  main            d.u.i.k.p.r.p.TestFile    Now processing file /home/runner/work/key/key/key.core/../key.ui/examples/heap/removeDups/removeDup.key 
20270      INFO  main            d.u.i.k.p.i.AbstractProblemLoader Loading environment from /home/runner/work/key/key/key.core/../key.ui/examples/heap/removeDups/removeDup.key 
20270      DEBUG main            d.u.i.k.p.i.AbstractProblemLoader Environment load took 360.9ns 
20271      INFO  main            d.u.i.k.p.i.AbstractProblemLoader Creating init config 
22827      DEBUG main            d.u.i.k.p.i.AbstractProblemLoader Init config took 2.56s 
22874      INFO  main            d.u.i.k.p.i.AbstractProblemLoader Replaying proof RemoveDup[RemoveDup::removeDup([I)].JML normal_behavior operation contract.0 
22876      DEBUG main            d.u.i.k.p.i.IntermediateProofReplayer Proof replay took 5.8ns 
42582      INFO  main            d.u.i.k.p.r.p.TestFile    ... finished proof: closed. 
42854      INFO  main            d.u.i.k.p.i.AbstractProblemLoader Loading environment from /home/runner/work/key/key/key.core/../key.ui/examples/heap/removeDups/removeDup.key.proof 
42854      DEBUG main            d.u.i.k.p.i.AbstractProblemLoader Environment load took 182.3ns 
42865      INFO  main            d.u.i.k.p.i.AbstractProblemLoader Creating init config 
45370      DEBUG main            d.u.i.k.p.i.AbstractProblemLoader Init config took 2.5s 
45443      INFO  main            d.u.i.k.p.i.AbstractProblemLoader Replaying proof RemoveDup[RemoveDup::removeDup([I)].JML normal_behavior operation contract.0 
46694      DEBUG main            d.u.i.k.p.i.IntermediateProofReplayer Proof replay took 1.18s 
46697      DEBUG main            d.u.i.k.p.r.p.TestFile    ... success: reloaded. 
46700      INFO  main            d.u.i.k.p.r.p.TestFile    Now processing file /home/runner/work/key/key/key.core/../key.ui/examples/heap/saddleback_search/Saddleback_search.key 
46700      INFO  main            d.u.i.k.p.i.AbstractProblemLoader Loading environment from /home/runner/work/key/key/key.core/../key.ui/examples/heap/saddleback_search/Saddleback_search.key 
46700      DEBUG main            d.u.i.k.p.i.AbstractProblemLoader Environment load took 115ns 
46702      INFO  main            d.u.i.k.p.i.AbstractProblemLoader Creating init config 
49348      DEBUG main            d.u.i.k.p.i.AbstractProblemLoader Init config took 2.65s 
49388      INFO  main            d.u.i.k.p.i.AbstractProblemLoader Replaying proof Saddleback[Saddleback::search([[I,int)].JML normal_behavior operation contract.0 
49397      DEBUG main            d.u.i.k.p.i.IntermediateProofReplayer Proof replay took 6.2ns 
125601     INFO  main            d.u.i.k.p.r.p.TestFile    ... finished proof: closed. 
125960     INFO  main            d.u.i.k.p.i.AbstractProblemLoader Loading environment from /home/runner/work/key/key/key.core/../key.ui/examples/heap/saddleback_search/Saddleback_search.key.proof 
125961     DEBUG main            d.u.i.k.p.i.AbstractProblemLoader Environment load took 502.51ns 
125971     INFO  main            d.u.i.k.p.i.AbstractProblemLoader Creating init config 
128387     DEBUG main            d.u.i.k.p.i.AbstractProblemLoader Init config took 2.42s 
128442     INFO  main            d.u.i.k.p.i.AbstractProblemLoader Replaying proof Saddleback[Saddleback::search([[I,int)].JML normal_behavior operation contract.0 
130040     DEBUG main            d.u.i.k.p.i.IntermediateProofReplayer Proof replay took 1.43s 
130051     DEBUG main            d.u.i.k.p.r.p.TestFile    ... success: reloaded. 
1577337    INFO  Test worker     d.u.i.k.p.r.p.StatisticsFile Returning from test removeDups 
1577339    INFO  Test worker     d.u.i.k.p.r.p.StatisticsFile Running test quicksort 
370        INFO  Timeout watchdog d.u.i.k.p.r.p.ForkedTestFileRunner Timeout watcher launched (2000 secs.) 
382        WARN  main            d.u.i.k.s.ProofSettings   The settings in /home/runner/.key/proof-settings.props are *not* read. 
430        INFO  main            d.u.i.k.p.r.p.TestFile    Now processing file /home/runner/work/key/key/key.core/../key.ui/examples/heap/quicksort/toplevel.key 
565        INFO  main            d.u.i.k.p.i.AbstractProblemLoader Loading environment from /home/runner/work/key/key/key.core/../key.ui/examples/heap/quicksort/toplevel.key 
582        DEBUG main            d.u.i.k.p.i.AbstractProblemLoader Environment load took 2.32ms 
794        INFO  main            d.u.i.k.p.i.AbstractProblemLoader Creating init config 
1824       DEBUG main            d.u.i.k.j.TypeConverter   No LDT found for Meta 
1825       DEBUG main            d.u.i.k.j.TypeConverter   No LDT found for Meta 
1826       DEBUG main            d.u.i.k.j.TypeConverter   No LDT found for Meta 
1827       DEBUG main            d.u.i.k.j.TypeConverter   No LDT found for Meta 
3362       DEBUG main            d.u.i.k.j.TypeConverter   No LDT found for JavaBigintExpression 
8532       DEBUG main            d.u.i.k.p.i.AbstractProblemLoader Init config took 7.74s 
8652       INFO  main            d.u.i.k.p.i.AbstractProblemLoader Replaying proof Quicksort[Quicksort::sort([I)].JML normal_behavior operation contract.0 
8685       DEBUG main            d.u.i.k.p.i.IntermediateProofReplayer Proof replay took 32.2ns 
10022      INFO  main            d.u.i.k.p.r.p.TestFile    ... finished proof: closed. 
10154      INFO  main            d.u.i.k.p.i.AbstractProblemLoader Loading environment from /home/runner/work/key/key/key.core/../key.ui/examples/heap/quicksort/toplevel.key.proof 
10158      DEBUG main            d.u.i.k.p.i.AbstractProblemLoader Environment load took 3.86ms 
10160      INFO  main            d.u.i.k.p.i.AbstractProblemLoader Creating init config 
13164      DEBUG main            d.u.i.k.p.i.AbstractProblemLoader Init config took 3s 
13239      INFO  main            d.u.i.k.p.i.AbstractProblemLoader Replaying proof Quicksort[Quicksort::sort([I)].JML normal_behavior operation contract.0 
13446      DEBUG main            d.u.i.k.p.i.IntermediateProofReplayer Proof replay took 199.5ms 
13453      DEBUG main            d.u.i.k.p.r.p.TestFile    ... success: reloaded. 
13456      INFO  main            d.u.i.k.p.r.p.TestFile    Now processing file /home/runner/work/key/key/key.core/../key.ui/examples/heap/quicksort/sort.key 
13456      INFO  main            d.u.i.k.p.i.AbstractProblemLoader Loading environment from /home/runner/work/key/key/key.core/../key.ui/examples/heap/quicksort/sort.key 
13456      DEBUG main            d.u.i.k.p.i.AbstractProblemLoader Environment load took 261.3ns 
13458      INFO  main            d.u.i.k.p.i.AbstractProblemLoader Creating init config 
16196      DEBUG main            d.u.i.k.p.i.AbstractProblemLoader Init config took 2.74s 
16261      INFO  main            d.u.i.k.p.i.AbstractProblemLoader Replaying proof Quicksort[Quicksort::sort([I,int,int)].JML normal_behavior operation contract.0 
16265      DEBUG main            d.u.i.k.p.i.IntermediateProofReplayer Proof replay took 6.5ns 
16294      DEBUG main            d.u.i.k.m.s.ProofScriptEngine [1] goal: 0, source line: 7, command: 'script 'sort.script'' 
16294      INFO  main            d.u.i.k.m.s.ProofScriptCommand Included script /home/runner/work/key/key/key.core/../key.ui/examples/heap/quicksort/sort.script 
16296      DEBUG main            d.u.i.k.m.s.ProofScriptEngine [1] goal: 0, source line: 1, command: 'macro autopilot-prep' 
17397      DEBUG main            d.u.i.k.m.s.ProofScriptEngine [2] goal: 358, source line: 3, command: 'select formula="{heapAtPre:=heap || exc:=null || heap:=heapAfter_sort_0}
   seq ...' 
17398      DEBUG main            d.u.i.k.m.s.ProofScriptEngine [3] goal: 358, source line: 9, command: 'macro simp-upd' 
17410      DEBUG main            d.u.i.k.m.s.ProofScriptEngine [4] goal: 369, source line: 11, command: 'let   @seqPre="seqDef{int u;}(0, array.length, array[u])"
    @seqSplit="seqDef ...' 
17414      DEBUG main            d.u.i.k.m.s.ProofScriptEngine [5] goal: 369, source line: 16, command: 'rule seqPermSym 
  formula="seqPerm(@seqSplit, @seqPre)"' 
17431      DEBUG main            d.u.i.k.m.s.ProofScriptEngine [6] goal: 370, source line: 19, command: 'rule seqPermSym
  formula="seqPerm(@seqSort, @seqSplit)"' 
17433      DEBUG main            d.u.i.k.m.s.ProofScriptEngine [7] goal: 371, source line: 22, command: 'rule seqPermSym
  formula="seqPerm(@seqSort0, @seqSort)"' 
17442      DEBUG main            d.u.i.k.m.s.ProofScriptEngine [8] goal: 372, source line: 25, command: 'rule seqPermTrans
  formula="seqPerm(@seqPre, @seqSplit)"' 
17451      DEBUG main            d.u.i.k.m.s.ProofScriptEngine [9] goal: 373, source line: 28, command: 'rule seqPermTrans
  formula="seqPerm(@seqPre, @seqSort)"' 
17452      DEBUG main            d.u.i.k.m.s.ProofScriptEngine [10] goal: 374, source line: 31, command: 'rule seqPermSym
  formula="seqPerm(@seqPre, @seqSort0)"' 
17454      DEBUG main            d.u.i.k.m.s.ProofScriptEngine [11] goal: 375, source line: 34, command: 'tryclose' 
42762      INFO  main            d.u.i.k.p.r.p.TestFile    ... finished proof: closed. 
43060      INFO  main            d.u.i.k.p.i.AbstractProblemLoader Loading environment from /home/runner/work/key/key/key.core/../key.ui/examples/heap/quicksort/sort.key.proof 
43068      DEBUG main            d.u.i.k.p.i.AbstractProblemLoader Environment load took 7.35ms 
43079      INFO  main            d.u.i.k.p.i.AbstractProblemLoader Creating init config 
45774      DEBUG main            d.u.i.k.p.i.AbstractProblemLoader Init config took 2.69s 
45828      INFO  main            d.u.i.k.p.i.AbstractProblemLoader Replaying proof Quicksort[Quicksort::sort([I,int,int)].JML normal_behavior operation contract.0 
47321      DEBUG main            d.u.i.k.p.i.IntermediateProofReplayer Proof replay took 1.37s 
47327      DEBUG main            d.u.i.k.p.r.p.TestFile    ... success: reloaded. 
47330      INFO  main            d.u.i.k.p.r.p.TestFile    Now processing file /home/runner/work/key/key/key.core/../key.ui/examples/heap/quicksort/split.key 
47330      INFO  main            d.u.i.k.p.i.AbstractProblemLoader Loading environment from /home/runner/work/key/key/key.core/../key.ui/examples/heap/quicksort/split.key 
47330      DEBUG main            d.u.i.k.p.i.AbstractProblemLoader Environment load took 254.7ns 
47332      INFO  main            d.u.i.k.p.i.AbstractProblemLoader Creating init config 
50074      DEBUG main            d.u.i.k.p.i.AbstractProblemLoader Init config took 2.74s 
50120      INFO  main            d.u.i.k.p.i.AbstractProblemLoader Replaying proof Quicksort[Quicksort::split([I,int,int)].JML normal_behavior operation contract.0 
50123      DEBUG main            d.u.i.k.p.i.IntermediateProofReplayer Proof replay took 5.2ns 
50124      DEBUG main            d.u.i.k.m.s.ProofScriptEngine [1] goal: 0, source line: 15, command: 'macro autopilot-prep' 
51297      DEBUG main            d.u.i.k.m.s.ProofScriptEngine [2] goal: 520, source line: 17, command: 'tryclose' 
87768      DEBUG main            d.u.i.k.m.s.ProofScriptEngine [3] goal: 495, source line: 20, command: 'macro simp-upd' 
87878      DEBUG main            d.u.i.k.m.s.ProofScriptEngine [4] goal: 495, source line: 25, command: 'rule seqPermFromSwap' 
87891      DEBUG main            d.u.i.k.m.s.ProofScriptEngine [5] goal: 40829, source line: 26, command: 'rule andRight' 
87895      DEBUG main            d.u.i.k.m.s.ProofScriptEngine [6] goal: 40830, source line: 27, command: 'auto' 
87921      DEBUG main            d.u.i.k.m.s.ProofScriptEngine [7] goal: 40831, source line: 29, command: 'instantiate hide var=iv with=i_0' 
87923      DEBUG main            d.u.i.k.m.s.ProofScriptEngine [8] goal: 40836, source line: 31, command: 'instantiate hide var=jv with=j_0' 
87925      DEBUG main            d.u.i.k.m.s.ProofScriptEngine [9] goal: 40837, source line: 32, command: 'auto' 
94041      DEBUG main            d.u.i.k.m.s.ProofScriptEngine [10] goal: 190, source line: 34, command: 'macro simp-upd' 
94125      DEBUG main            d.u.i.k.m.s.ProofScriptEngine [11] goal: 46168, source line: 36, command: 'rule seqPermFromSwap' 
94127      DEBUG main            d.u.i.k.m.s.ProofScriptEngine [12] goal: 46169, source line: 37, command: 'rule andRight' 
94130      DEBUG main            d.u.i.k.m.s.ProofScriptEngine [13] goal: 46170, source line: 38, command: 'auto' 
94146      DEBUG main            d.u.i.k.m.s.ProofScriptEngine [14] goal: 46171, source line: 40, command: 'instantiate hide var=iv with=i_0' 
94147      DEBUG main            d.u.i.k.m.s.ProofScriptEngine [15] goal: 46176, source line: 42, command: 'instantiate hide var=jv with=to' 
94150      DEBUG main            d.u.i.k.m.s.ProofScriptEngine [16] goal: 46177, source line: 43, command: 'auto' 
98881      INFO  main            d.u.i.k.p.r.p.TestFile    ... finished proof: closed. 
99409      INFO  main            d.u.i.k.p.i.AbstractProblemLoader Loading environment from /home/runner/work/key/key/key.core/../key.ui/examples/heap/quicksort/split.key.proof 
99410      DEBUG main            d.u.i.k.p.i.AbstractProblemLoader Environment load took 521.71ns 
99423      INFO  main            d.u.i.k.p.i.AbstractProblemLoader Creating init config 
101945     DEBUG main            d.u.i.k.p.i.AbstractProblemLoader Init config took 2.52s 
102000     INFO  main            d.u.i.k.p.i.AbstractProblemLoader Replaying proof Quicksort[Quicksort::split([I,int,int)].JML normal_behavior operation contract.0 
104475     DEBUG main            d.u.i.k.p.i.IntermediateProofReplayer Proof replay took 2.17s 
104538     DEBUG main            d.u.i.k.p.r.p.TestFile    ... success: reloaded. 
1682867    INFO  Test worker     d.u.i.k.p.r.p.StatisticsFile Returning from test quicksort 
1682872    INFO  Test worker     d.u.i.k.p.r.p.StatisticsFile Running test simpleTests 
380        INFO  Timeout watchdog d.u.i.k.p.r.p.ForkedTestFileRunner Timeout watcher launched (2000 secs.) 
390        WARN  main            d.u.i.k.s.ProofSettings   The settings in /home/runner/.key/proof-settings.props are *not* read. 
421        INFO  main            d.u.i.k.p.r.p.TestFile    Now processing file /home/runner/work/key/key/key.core/../key.ui/examples/heap/simple/anonymise_datagroup.key 
536        INFO  main            d.u.i.k.p.i.AbstractProblemLoader Loading environment from /home/runner/work/key/key/key.core/../key.ui/examples/heap/simple/anonymise_datagroup.key 
558        DEBUG main            d.u.i.k.p.i.AbstractProblemLoader Environment load took 1.9ms 
803        INFO  main            d.u.i.k.p.i.AbstractProblemLoader Creating init config 
1709       DEBUG main            d.u.i.k.j.TypeConverter   No LDT found for Meta 
1709       DEBUG main            d.u.i.k.j.TypeConverter   No LDT found for Meta 
1712       DEBUG main            d.u.i.k.j.TypeConverter   No LDT found for Meta 
1712       DEBUG main            d.u.i.k.j.TypeConverter   No LDT found for Meta 
3027       DEBUG main            d.u.i.k.j.TypeConverter   No LDT found for JavaBigintExpression 
7731       DEBUG main            d.u.i.k.p.i.AbstractProblemLoader Init config took 6.93s 
7789       INFO  main            d.u.i.k.p.i.AbstractProblemLoader Replaying proof anonymise_datagroup.key 
7821       DEBUG main            d.u.i.k.p.i.IntermediateProofReplayer Proof replay took 33.2ns 
8096       INFO  main            d.u.i.k.p.r.p.TestFile    ... finished proof: closed. 
8228       INFO  main            d.u.i.k.p.i.AbstractProblemLoader Loading environment from /home/runner/work/key/key/key.core/../key.ui/examples/heap/simple/anonymise_datagroup.key.proof 
8228       DEBUG main            d.u.i.k.p.i.AbstractProblemLoader Environment load took 494.81ns 
8235       INFO  main            d.u.i.k.p.i.AbstractProblemLoader Creating init config 
10880      DEBUG main            d.u.i.k.p.i.AbstractProblemLoader Init config took 2.65s 
10914      INFO  main            d.u.i.k.p.i.AbstractProblemLoader Replaying proof anonymise_datagroup.key.proof 
10927      DEBUG main            d.u.i.k.p.i.IntermediateProofReplayer Proof replay took 8.21ms 
10937      DEBUG main            d.u.i.k.p.r.p.TestFile    ... success: reloaded. 
10938      INFO  main            d.u.i.k.p.r.p.TestFile    Now processing file /home/runner/work/key/key/key.core/../key.ui/examples/heap/simple/array_creation.key 
10938      INFO  main            d.u.i.k.p.i.AbstractProblemLoader Loading environment from /home/runner/work/key/key/key.core/../key.ui/examples/heap/simple/array_creation.key 
10938      DEBUG main            d.u.i.k.p.i.AbstractProblemLoader Environment load took 82ns 
10941      INFO  main            d.u.i.k.p.i.AbstractProblemLoader Creating init config 
13558      DEBUG main            d.u.i.k.p.i.AbstractProblemLoader Init config took 2.62s 
13604      INFO  main            d.u.i.k.p.i.AbstractProblemLoader Replaying proof array_creation.key 
13608      DEBUG main            d.u.i.k.p.i.IntermediateProofReplayer Proof replay took 5.9ns 
14317      INFO  main            d.u.i.k.p.r.p.TestFile    ... finished proof: closed. 
14456      INFO  main            d.u.i.k.p.i.AbstractProblemLoader Loading environment from /home/runner/work/key/key/key.core/../key.ui/examples/heap/simple/array_creation.key.proof 
14462      DEBUG main            d.u.i.k.p.i.AbstractProblemLoader Environment load took 5.34ms 
14464      INFO  main            d.u.i.k.p.i.AbstractProblemLoader Creating init config 
16957      DEBUG main            d.u.i.k.p.i.AbstractProblemLoader Init config took 2.49s 
16981      INFO  main            d.u.i.k.p.i.AbstractProblemLoader Replaying proof array_creation.key.proof 
17085      DEBUG main            d.u.i.k.p.i.IntermediateProofReplayer Proof replay took 99.08ms 
17087      DEBUG main            d.u.i.k.p.r.p.TestFile    ... success: reloaded. 
17088      INFO  main            d.u.i.k.p.r.p.TestFile    Now processing file /home/runner/work/key/key/key.core/../key.ui/examples/heap/simple/arrays_with_disjoint_sorts.key 
17089      INFO  main            d.u.i.k.p.i.AbstractProblemLoader Loading environment from /home/runner/work/key/key/key.core/../key.ui/examples/heap/simple/arrays_with_disjoint_sorts.key 
17089      DEBUG main            d.u.i.k.p.i.AbstractProblemLoader Environment load took 230ns 
17091      INFO  main            d.u.i.k.p.i.AbstractProblemLoader Creating init config 
19557      DEBUG main            d.u.i.k.p.i.AbstractProblemLoader Init config took 2.47s 
19582      INFO  main            d.u.i.k.p.i.AbstractProblemLoader Replaying proof arrays_with_disjoint_sorts.key 
19587      DEBUG main            d.u.i.k.p.i.IntermediateProofReplayer Proof replay took 6.7ns 
19793      INFO  main            d.u.i.k.p.r.p.TestFile    ... finished proof: closed. 
19947      INFO  main            d.u.i.k.p.i.AbstractProblemLoader Loading environment from /home/runner/work/key/key/key.core/../key.ui/examples/heap/simple/arrays_with_disjoint_sorts.key.proof 
19949      DEBUG main            d.u.i.k.p.i.AbstractProblemLoader Environment load took 2.07ms 
19951      INFO  main            d.u.i.k.p.i.AbstractProblemLoader Creating init config 
22382      DEBUG main            d.u.i.k.p.i.AbstractProblemLoader Init config took 2.43s 
22405      INFO  main            d.u.i.k.p.i.AbstractProblemLoader Replaying proof arrays_with_disjoint_sorts.key.proof 
22426      DEBUG main            d.u.i.k.p.i.IntermediateProofReplayer Proof replay took 17.97ms 
22427      DEBUG main            d.u.i.k.p.r.p.TestFile    ... success: reloaded. 
22428      INFO  main            d.u.i.k.p.r.p.TestFile    Now processing file /home/runner/work/key/key/key.core/../key.ui/examples/heap/simple/arrays.key 
22429      INFO  main            d.u.i.k.p.i.AbstractProblemLoader Loading environment from /home/runner/work/key/key/key.core/../key.ui/examples/heap/simple/arrays.key 
22430      DEBUG main            d.u.i.k.p.i.AbstractProblemLoader Environment load took 835.21ns 
22431      INFO  main            d.u.i.k.p.i.AbstractProblemLoader Creating init config 
24860      DEBUG main            d.u.i.k.p.i.AbstractProblemLoader Init config took 2.43s 
24882      INFO  main            d.u.i.k.p.i.AbstractProblemLoader Replaying proof arrays.key 
24885      DEBUG main            d.u.i.k.p.i.IntermediateProofReplayer Proof replay took 6.4ns 
24988      INFO  main            d.u.i.k.p.r.p.TestFile    ... finished proof: closed. 
25179      INFO  main            d.u.i.k.p.i.AbstractProblemLoader Loading environment from /home/runner/work/key/key/key.core/../key.ui/examples/heap/simple/arrays.key.proof 
25179      DEBUG main            d.u.i.k.p.i.AbstractProblemLoader Environment load took 450.01ns 
25180      INFO  main            d.u.i.k.p.i.AbstractProblemLoader Creating init config 
27587      DEBUG main            d.u.i.k.p.i.AbstractProblemLoader Init config took 2.41s 
27608      INFO  main            d.u.i.k.p.i.AbstractProblemLoader Replaying proof arrays.key.proof 
27627      DEBUG main            d.u.i.k.p.i.IntermediateProofReplayer Proof replay took 15.52ms 
27628      DEBUG main            d.u.i.k.p.r.p.TestFile    ... success: reloaded. 
27629      INFO  main            d.u.i.k.p.r.p.TestFile    Now processing file /home/runner/work/key/key/key.core/../key.ui/examples/heap/simple/attributes.key 
27630      INFO  main            d.u.i.k.p.i.AbstractProblemLoader Loading environment from /home/runner/work/key/key/key.core/../key.ui/examples/heap/simple/attributes.key 
27630      DEBUG main            d.u.i.k.p.i.AbstractProblemLoader Environment load took 213.4ns 
27631      INFO  main            d.u.i.k.p.i.AbstractProblemLoader Creating init config 
30059      DEBUG main            d.u.i.k.p.i.AbstractProblemLoader Init config took 2.43s 
30080      INFO  main            d.u.i.k.p.i.AbstractProblemLoader Replaying proof attributes.key 
30081      DEBUG main            d.u.i.k.p.i.IntermediateProofReplayer Proof replay took 8.3ns 
30187      INFO  main            d.u.i.k.p.r.p.TestFile    ... finished proof: closed. 
30340      INFO  main            d.u.i.k.p.i.AbstractProblemLoader Loading environment from /home/runner/work/key/key/key.core/../key.ui/examples/heap/simple/attributes.key.proof 
30340      DEBUG main            d.u.i.k.p.i.AbstractProblemLoader Environment load took 125.3ns 
30341      INFO  main            d.u.i.k.p.i.AbstractProblemLoader Creating init config 
32739      DEBUG main            d.u.i.k.p.i.AbstractProblemLoader Init config took 2.4s 
32760      INFO  main            d.u.i.k.p.i.AbstractProblemLoader Replaying proof attributes.key.proof 
32764      DEBUG main            d.u.i.k.p.i.IntermediateProofReplayer Proof replay took 1.55ms 
32765      DEBUG main            d.u.i.k.p.r.p.TestFile    ... success: reloaded. 
32766      INFO  main            d.u.i.k.p.r.p.TestFile    Now processing file /home/runner/work/key/key/key.core/../key.ui/examples/heap/simple/constructor_contracts.key 
32766      INFO  main            d.u.i.k.p.i.AbstractProblemLoader Loading environment from /home/runner/work/key/key/key.core/../key.ui/examples/heap/simple/constructor_contracts.key 
32766      DEBUG main            d.u.i.k.p.i.AbstractProblemLoader Environment load took 231.3ns 
32769      INFO  main            d.u.i.k.p.i.AbstractProblemLoader Creating init config 
35578      DEBUG main            d.u.i.k.p.i.AbstractProblemLoader Init config took 2.81s 
35600      INFO  main            d.u.i.k.p.i.AbstractProblemLoader Replaying proof constructor_contracts.key 
35602      DEBUG main            d.u.i.k.p.i.IntermediateProofReplayer Proof replay took 5.9ns 
36210      INFO  main            d.u.i.k.p.r.p.TestFile    ... finished proof: closed. 
36391      INFO  main            d.u.i.k.p.i.AbstractProblemLoader Loading environment from /home/runner/work/key/key/key.core/../key.ui/examples/heap/simple/constructor_contracts.key.proof 
36392      DEBUG main            d.u.i.k.p.i.AbstractProblemLoader Environment load took 518.21ns 
36394      INFO  main            d.u.i.k.p.i.AbstractProblemLoader Creating init config 
39079      DEBUG main            d.u.i.k.p.i.AbstractProblemLoader Init config took 2.68s 
39100      INFO  main            d.u.i.k.p.i.AbstractProblemLoader Replaying proof constructor_contracts.key.proof 
39195      DEBUG main            d.u.i.k.p.i.IntermediateProofReplayer Proof replay took 90.76ms 
39197      DEBUG main            d.u.i.k.p.r.p.TestFile    ... success: reloaded. 
39199      INFO  main            d.u.i.k.p.r.p.TestFile    Now processing file /home/runner/work/key/key/key.core/../key.ui/examples/heap/simple/dependencies.key 
39201      INFO  main            d.u.i.k.p.i.AbstractProblemLoader Loading environment from /home/runner/work/key/key/key.core/../key.ui/examples/heap/simple/dependencies.key 
39202      DEBUG main            d.u.i.k.p.i.AbstractProblemLoader Environment load took 272.4ns 
39203      INFO  main            d.u.i.k.p.i.AbstractProblemLoader Creating init config 
41665      DEBUG main            d.u.i.k.p.i.AbstractProblemLoader Init config took 2.46s 
41684      INFO  main            d.u.i.k.p.i.AbstractProblemLoader Replaying proof dependencies.key 
41685      DEBUG main            d.u.i.k.p.i.IntermediateProofReplayer Proof replay took 7.4ns 
41788      INFO  main            d.u.i.k.p.r.p.TestFile    ... finished proof: closed. 
41962      INFO  main            d.u.i.k.p.i.AbstractProblemLoader Loading environment from /home/runner/work/key/key/key.core/../key.ui/examples/heap/simple/dependencies.key.proof 
41962      DEBUG main            d.u.i.k.p.i.AbstractProblemLoader Environment load took 127.1ns 
41964      INFO  main            d.u.i.k.p.i.AbstractProblemLoader Creating init config 
44301      DEBUG main            d.u.i.k.p.i.AbstractProblemLoader Init config took 2.34s 
44319      INFO  main            d.u.i.k.p.i.AbstractProblemLoader Replaying proof dependencies.key.proof 
44327      DEBUG main            d.u.i.k.p.i.IntermediateProofReplayer Proof replay took 5.6ms 
44328      DEBUG main            d.u.i.k.p.r.p.TestFile    ... success: reloaded. 
44328      INFO  main            d.u.i.k.p.r.p.TestFile    Now processing file /home/runner/work/key/key/key.core/../key.ui/examples/heap/simple/dependency_contracts.key 
44329      INFO  main            d.u.i.k.p.i.AbstractProblemLoader Loading environment from /home/runner/work/key/key/key.core/../key.ui/examples/heap/simple/dependency_contracts.key 
44329      DEBUG main            d.u.i.k.p.i.AbstractProblemLoader Environment load took 98.7ns 
44330      INFO  main            d.u.i.k.p.i.AbstractProblemLoader Creating init config 
46947      DEBUG main            d.u.i.k.p.i.AbstractProblemLoader Init config took 2.62s 
46968      INFO  main            d.u.i.k.p.i.AbstractProblemLoader Replaying proof dependency_contracts.key 
46970      DEBUG main            d.u.i.k.p.i.IntermediateProofReplayer Proof replay took 7.3ns 
48176      INFO  main            d.u.i.k.p.r.p.TestFile    ... finished proof: closed. 
48374      INFO  main            d.u.i.k.p.i.AbstractProblemLoader Loading environment from /home/runner/work/key/key/key.core/../key.ui/examples/heap/simple/dependency_contracts.key.proof 
48374      DEBUG main            d.u.i.k.p.i.AbstractProblemLoader Environment load took 216.8ns 
48376      INFO  main            d.u.i.k.p.i.AbstractProblemLoader Creating init config 
51004      DEBUG main            d.u.i.k.p.i.AbstractProblemLoader Init config took 2.63s 
51040      INFO  main            d.u.i.k.p.i.AbstractProblemLoader Replaying proof dependency_contracts.key.proof 
51243      DEBUG main            d.u.i.k.p.i.IntermediateProofReplayer Proof replay took 191ms 
51245      DEBUG main            d.u.i.k.p.r.p.TestFile    ... success: reloaded. 
51247      INFO  main            d.u.i.k.p.r.p.TestFile    Now processing file /home/runner/work/key/key/key.core/../key.ui/examples/heap/simple/invariant_preservation.key 
51249      INFO  main            d.u.i.k.p.i.AbstractProblemLoader Loading environment from /home/runner/work/key/key/key.core/../key.ui/examples/heap/simple/invariant_preservation.key 
51249      DEBUG main            d.u.i.k.p.i.AbstractProblemLoader Environment load took 279.6ns 
51251      INFO  main            d.u.i.k.p.i.AbstractProblemLoader Creating init config 
53929      DEBUG main            d.u.i.k.p.i.AbstractProblemLoader Init config took 2.68s 
53950      INFO  main            d.u.i.k.p.i.AbstractProblemLoader Replaying proof invariant_preservation.key 
53952      DEBUG main            d.u.i.k.p.i.IntermediateProofReplayer Proof replay took 5.8ns 
54156      INFO  main            d.u.i.k.p.r.p.TestFile    ... finished proof: closed. 
54441      INFO  main            d.u.i.k.p.i.AbstractProblemLoader Loading environment from /home/runner/work/key/key/key.core/../key.ui/examples/heap/simple/invariant_preservation.key.proof 
54441      DEBUG main            d.u.i.k.p.i.AbstractProblemLoader Environment load took 125.2ns 
54443      INFO  main            d.u.i.k.p.i.AbstractProblemLoader Creating init config 
57031      DEBUG main            d.u.i.k.p.i.AbstractProblemLoader Init config took 2.59s 
57054      INFO  main            d.u.i.k.p.i.AbstractProblemLoader Replaying proof invariant_preservation.key.proof 
57082      DEBUG main            d.u.i.k.p.i.IntermediateProofReplayer Proof replay took 25.77ms 
57084      DEBUG main            d.u.i.k.p.r.p.TestFile    ... success: reloaded. 
57085      INFO  main            d.u.i.k.p.r.p.TestFile    Now processing file /home/runner/work/key/key/key.core/../key.ui/examples/heap/simple/locsets.key 
57086      INFO  main            d.u.i.k.p.i.AbstractProblemLoader Loading environment from /home/runner/work/key/key/key.core/../key.ui/examples/heap/simple/locsets.key 
57086      DEBUG main            d.u.i.k.p.i.AbstractProblemLoader Environment load took 253.3ns 
57087      INFO  main            d.u.i.k.p.i.AbstractProblemLoader Creating init config 
59470      DEBUG main            d.u.i.k.p.i.AbstractProblemLoader Init config took 2.38s 
59491      INFO  main            d.u.i.k.p.i.AbstractProblemLoader Replaying proof locsets.key 
59494      DEBUG main            d.u.i.k.p.i.IntermediateProofReplayer Proof replay took 7.3ns 
59597      INFO  main            d.u.i.k.p.r.p.TestFile    ... finished proof: closed. 
59784      INFO  main            d.u.i.k.p.i.AbstractProblemLoader Loading environment from /home/runner/work/key/key/key.core/../key.ui/examples/heap/simple/locsets.key.proof 
59785      DEBUG main            d.u.i.k.p.i.AbstractProblemLoader Environment load took 133.4ns 
59787      INFO  main            d.u.i.k.p.i.AbstractProblemLoader Creating init config 
62137      DEBUG main            d.u.i.k.p.i.AbstractProblemLoader Init config took 2.35s 
62153      INFO  main            d.u.i.k.p.i.AbstractProblemLoader Replaying proof locsets.key.proof 
62156      DEBUG main            d.u.i.k.p.i.IntermediateProofReplayer Proof replay took 1.17ms 
62157      DEBUG main            d.u.i.k.p.r.p.TestFile    ... success: reloaded. 
62158      INFO  main            d.u.i.k.p.r.p.TestFile    Now processing file /home/runner/work/key/key/key.core/../key.ui/examples/heap/simple/loop1.key 
62158      INFO  main            d.u.i.k.p.i.AbstractProblemLoader Loading environment from /home/runner/work/key/key/key.core/../key.ui/examples/heap/simple/loop1.key 
62158      DEBUG main            d.u.i.k.p.i.AbstractProblemLoader Environment load took 99.1ns 
62159      INFO  main            d.u.i.k.p.i.AbstractProblemLoader Creating init config 
64713      DEBUG main            d.u.i.k.p.i.AbstractProblemLoader Init config took 2.55s 
64740      INFO  main            d.u.i.k.p.i.AbstractProblemLoader Replaying proof loop1.key 
64741      DEBUG main            d.u.i.k.p.i.IntermediateProofReplayer Proof replay took 7.5ns 
64944      INFO  main            d.u.i.k.p.r.p.TestFile    ... finished proof: closed. 
65137      INFO  main            d.u.i.k.p.i.AbstractProblemLoader Loading environment from /home/runner/work/key/key/key.core/../key.ui/examples/heap/simple/loop1.key.proof 
65137      DEBUG main            d.u.i.k.p.i.AbstractProblemLoader Environment load took 121.5ns 
65140      INFO  main            d.u.i.k.p.i.AbstractProblemLoader Creating init config 
67759      DEBUG main            d.u.i.k.p.i.AbstractProblemLoader Init config took 2.62s 
67776      INFO  main            d.u.i.k.p.i.AbstractProblemLoader Replaying proof loop1.key.proof 
67827      DEBUG main            d.u.i.k.p.i.IntermediateProofReplayer Proof replay took 49.22ms 
67829      DEBUG main            d.u.i.k.p.r.p.TestFile    ... success: reloaded. 
67830      INFO  main            d.u.i.k.p.r.p.TestFile    Now processing file /home/runner/work/key/key/key.core/../key.ui/examples/heap/simple/loop2.key 
67830      INFO  main            d.u.i.k.p.i.AbstractProblemLoader Loading environment from /home/runner/work/key/key/key.core/../key.ui/examples/heap/simple/loop2.key 
67830      DEBUG main            d.u.i.k.p.i.AbstractProblemLoader Environment load took 110.5ns 
67831      INFO  main            d.u.i.k.p.i.AbstractProblemLoader Creating init config 
70374      DEBUG main            d.u.i.k.p.i.AbstractProblemLoader Init config took 2.54s 
70391      INFO  main            d.u.i.k.p.i.AbstractProblemLoader Replaying proof loop2.key 
70394      DEBUG main            d.u.i.k.p.i.IntermediateProofReplayer Proof replay took 6.6ns 
71100      INFO  main            d.u.i.k.p.r.p.TestFile    ... finished proof: closed. 
71383      INFO  main            d.u.i.k.p.i.AbstractProblemLoader Loading environment from /home/runner/work/key/key/key.core/../key.ui/examples/heap/simple/loop2.key.proof 
71383      DEBUG main            d.u.i.k.p.i.AbstractProblemLoader Environment load took 128.2ns 
71384      INFO  main            d.u.i.k.p.i.AbstractProblemLoader Creating init config 
73994      DEBUG main            d.u.i.k.p.i.AbstractProblemLoader Init config took 2.61s 
74018      INFO  main            d.u.i.k.p.i.AbstractProblemLoader Replaying proof loop2.key.proof 
74125      DEBUG main            d.u.i.k.p.i.IntermediateProofReplayer Proof replay took 98.77ms 
74126      DEBUG main            d.u.i.k.p.r.p.TestFile    ... success: reloaded. 
74128      INFO  main            d.u.i.k.p.r.p.TestFile    Now processing file /home/runner/work/key/key/key.core/../key.ui/examples/heap/simple/modifies_datagroup.key 
74128      INFO  main            d.u.i.k.p.i.AbstractProblemLoader Loading environment from /home/runner/work/key/key/key.core/../key.ui/examples/heap/simple/modifies_datagroup.key 
74128      DEBUG main            d.u.i.k.p.i.AbstractProblemLoader Environment load took 97.2ns 
74129      INFO  main            d.u.i.k.p.i.AbstractProblemLoader Creating init config 
76460      DEBUG main            d.u.i.k.p.i.AbstractProblemLoader Init config took 2.33s 
76476      INFO  main            d.u.i.k.p.i.AbstractProblemLoader Replaying proof modifies_datagroup.key 
76477      DEBUG main            d.u.i.k.p.i.IntermediateProofReplayer Proof replay took 7.5ns 
76586      INFO  main            d.u.i.k.p.r.p.TestFile    ... finished proof: closed. 
76806      INFO  main            d.u.i.k.p.i.AbstractProblemLoader Loading environment from /home/runner/work/key/key/key.core/../key.ui/examples/heap/simple/modifies_datagroup.key.proof 
76806      DEBUG main            d.u.i.k.p.i.AbstractProblemLoader Environment load took 121.5ns 
76807      INFO  main            d.u.i.k.p.i.AbstractProblemLoader Creating init config 
79116      DEBUG main            d.u.i.k.p.i.AbstractProblemLoader Init config took 2.31s 
79132      INFO  main            d.u.i.k.p.i.AbstractProblemLoader Replaying proof modifies_datagroup.key.proof 
79136      DEBUG main            d.u.i.k.p.i.IntermediateProofReplayer Proof replay took 2.52ms 
79136      DEBUG main            d.u.i.k.p.r.p.TestFile    ... success: reloaded. 
79137      INFO  main            d.u.i.k.p.r.p.TestFile    Now processing file /home/runner/work/key/key/key.core/../key.ui/examples/heap/simple/modifies.key 
79137      INFO  main            d.u.i.k.p.i.AbstractProblemLoader Loading environment from /home/runner/work/key/key/key.core/../key.ui/examples/heap/simple/modifies.key 
79137      DEBUG main            d.u.i.k.p.i.AbstractProblemLoader Environment load took 101.3ns 
79139      INFO  main            d.u.i.k.p.i.AbstractProblemLoader Creating init config 
81552      DEBUG main            d.u.i.k.p.i.AbstractProblemLoader Init config took 2.41s 
81567      INFO  main            d.u.i.k.p.i.AbstractProblemLoader Replaying proof modifies.key 
81568      DEBUG main            d.u.i.k.p.i.IntermediateProofReplayer Proof replay took 6.8ns 
81672      INFO  main            d.u.i.k.p.r.p.TestFile    ... finished proof: closed. 
81880      INFO  main            d.u.i.k.p.i.AbstractProblemLoader Loading environment from /home/runner/work/key/key/key.core/../key.ui/examples/heap/simple/modifies.key.proof 
81880      DEBUG main            d.u.i.k.p.i.AbstractProblemLoader Environment load took 119.8ns 
81887      INFO  main            d.u.i.k.p.i.AbstractProblemLoader Creating init config 
84199      DEBUG main            d.u.i.k.p.i.AbstractProblemLoader Init config took 2.31s 
84214      INFO  main            d.u.i.k.p.i.AbstractProblemLoader Replaying proof modifies.key.proof 
84226      DEBUG main            d.u.i.k.p.i.IntermediateProofReplayer Proof replay took 9.88ms 
84227      DEBUG main            d.u.i.k.p.r.p.TestFile    ... success: reloaded. 
84228      INFO  main            d.u.i.k.p.r.p.TestFile    Now processing file /home/runner/work/key/key/key.core/../key.ui/examples/heap/simple/object_creation.key 
84229      INFO  main            d.u.i.k.p.i.AbstractProblemLoader Loading environment from /home/runner/work/key/key/key.core/../key.ui/examples/heap/simple/object_creation.key 
84229      DEBUG main            d.u.i.k.p.i.AbstractProblemLoader Environment load took 224.5ns 
84230      INFO  main            d.u.i.k.p.i.AbstractProblemLoader Creating init config 
86562      DEBUG main            d.u.i.k.p.i.AbstractProblemLoader Init config took 2.33s 
86578      INFO  main            d.u.i.k.p.i.AbstractProblemLoader Replaying proof object_creation.key 
86579      DEBUG main            d.u.i.k.p.i.IntermediateProofReplayer Proof replay took 6.9ns 
86784      INFO  main            d.u.i.k.p.r.p.TestFile    ... finished proof: closed. 
87004      INFO  main            d.u.i.k.p.i.AbstractProblemLoader Loading environment from /home/runner/work/key/key/key.core/../key.ui/examples/heap/simple/object_creation.key.proof 
87004      DEBUG main            d.u.i.k.p.i.AbstractProblemLoader Environment load took 122.5ns 
87005      INFO  main            d.u.i.k.p.i.AbstractProblemLoader Creating init config 
89311      DEBUG main            d.u.i.k.p.i.AbstractProblemLoader Init config took 2.31s 
89327      INFO  main            d.u.i.k.p.i.AbstractProblemLoader Replaying proof object_creation.key.proof 
89375      DEBUG main            d.u.i.k.p.i.IntermediateProofReplayer Proof replay took 44.74ms 
89377      DEBUG main            d.u.i.k.p.r.p.TestFile    ... success: reloaded. 
89378      INFO  main            d.u.i.k.p.r.p.TestFile    Now processing file /home/runner/work/key/key/key.core/../key.ui/examples/heap/simple/operation_contracts.key 
89378      INFO  main            d.u.i.k.p.i.AbstractProblemLoader Loading environment from /home/runner/work/key/key/key.core/../key.ui/examples/heap/simple/operation_contracts.key 
89378      DEBUG main            d.u.i.k.p.i.AbstractProblemLoader Environment load took 256ns 
89381      INFO  main            d.u.i.k.p.i.AbstractProblemLoader Creating init config 
92015      DEBUG main            d.u.i.k.p.i.AbstractProblemLoader Init config took 2.63s 
92031      INFO  main            d.u.i.k.p.i.AbstractProblemLoader Replaying proof operation_contracts.key 
92033      DEBUG main            d.u.i.k.p.i.IntermediateProofReplayer Proof replay took 6.3ns 
92839      INFO  main            d.u.i.k.p.r.p.TestFile    ... finished proof: closed. 
93101      INFO  main            d.u.i.k.p.i.AbstractProblemLoader Loading environment from /home/runner/work/key/key/key.core/../key.ui/examples/heap/simple/operation_contracts.key.proof 
93101      DEBUG main            d.u.i.k.p.i.AbstractProblemLoader Environment load took 139.7ns 
93103      INFO  main            d.u.i.k.p.i.AbstractProblemLoader Creating init config 
95597      DEBUG main            d.u.i.k.p.i.AbstractProblemLoader Init config took 2.49s 
95614      INFO  main            d.u.i.k.p.i.AbstractProblemLoader Replaying proof operation_contracts.key.proof 
95721      DEBUG main            d.u.i.k.p.i.IntermediateProofReplayer Proof replay took 89.64ms 
95723      DEBUG main            d.u.i.k.p.r.p.TestFile    ... success: reloaded. 
95724      INFO  main            d.u.i.k.p.r.p.TestFile    Now processing file /home/runner/work/key/key/key.core/../key.ui/examples/heap/simple/select_store.key 
95725      INFO  main            d.u.i.k.p.i.AbstractProblemLoader Loading environment from /home/runner/work/key/key/key.core/../key.ui/examples/heap/simple/select_store.key 
95725      DEBUG main            d.u.i.k.p.i.AbstractProblemLoader Environment load took 216.3ns 
95726      INFO  main            d.u.i.k.p.i.AbstractProblemLoader Creating init config 
98063      DEBUG main            d.u.i.k.p.i.AbstractProblemLoader Init config took 2.34s 
98078      INFO  main            d.u.i.k.p.i.AbstractProblemLoader Replaying proof select_store.key 
98079      DEBUG main            d.u.i.k.p.i.IntermediateProofReplayer Proof replay took 7ns 
98183      INFO  main            d.u.i.k.p.r.p.TestFile    ... finished proof: closed. 
98430      INFO  main            d.u.i.k.p.i.AbstractProblemLoader Loading environment from /home/runner/work/key/key/key.core/../key.ui/examples/heap/simple/select_store.key.proof 
98430      DEBUG main            d.u.i.k.p.i.AbstractProblemLoader Environment load took 163.3ns 
98432      INFO  main            d.u.i.k.p.i.AbstractProblemLoader Creating init config 
100712     DEBUG main            d.u.i.k.p.i.AbstractProblemLoader Init config took 2.28s 
100731     INFO  main            d.u.i.k.p.i.AbstractProblemLoader Replaying proof select_store.key.proof 
100734     DEBUG main            d.u.i.k.p.i.IntermediateProofReplayer Proof replay took 2.39ms 
100735     DEBUG main            d.u.i.k.p.r.p.TestFile    ... success: reloaded. 
100736     INFO  main            d.u.i.k.p.r.p.TestFile    Now processing file /home/runner/work/key/key/key.core/../key.ui/examples/heap/simple/selection_sort.key 
100736     INFO  main            d.u.i.k.p.i.AbstractProblemLoader Loading environment from /home/runner/work/key/key/key.core/../key.ui/examples/heap/simple/selection_sort.key 
100736     DEBUG main            d.u.i.k.p.i.AbstractProblemLoader Environment load took 107.5ns 
100738     INFO  main            d.u.i.k.p.i.AbstractProblemLoader Creating init config 
103351     DEBUG main            d.u.i.k.p.i.AbstractProblemLoader Init config took 2.61s 
103367     INFO  main            d.u.i.k.p.i.AbstractProblemLoader Replaying proof selection_sort.key 
103370     DEBUG main            d.u.i.k.p.i.IntermediateProofReplayer Proof replay took 7.4ns 
106890     INFO  main            d.u.i.k.p.r.p.TestFile    ... finished proof: closed. 
107167     INFO  main            d.u.i.k.p.i.AbstractProblemLoader Loading environment from /home/runner/work/key/key/key.core/../key.ui/examples/heap/simple/selection_sort.key.proof 
107168     DEBUG main            d.u.i.k.p.i.AbstractProblemLoader Environment load took 446.31ns 
107170     INFO  main            d.u.i.k.p.i.AbstractProblemLoader Creating init config 
109691     DEBUG main            d.u.i.k.p.i.AbstractProblemLoader Init config took 2.52s 
109706     INFO  main            d.u.i.k.p.i.AbstractProblemLoader Replaying proof selection_sort.key.proof 
110104     DEBUG main            d.u.i.k.p.i.IntermediateProofReplayer Proof replay took 376.54ms 
110106     DEBUG main            d.u.i.k.p.r.p.TestFile    ... success: reloaded. 
110107     INFO  main            d.u.i.k.p.r.p.TestFile    Now processing file /home/runner/work/key/key/key.core/../key.ui/examples/heap/simple/seq.key 
110107     INFO  main            d.u.i.k.p.i.AbstractProblemLoader Loading environment from /home/runner/work/key/key/key.core/../key.ui/examples/heap/simple/seq.key 
110107     DEBUG main            d.u.i.k.p.i.AbstractProblemLoader Environment load took 228.3ns 
110109     INFO  main            d.u.i.k.p.i.AbstractProblemLoader Creating init config 
112458     DEBUG main            d.u.i.k.p.i.AbstractProblemLoader Init config took 2.35s 
112472     INFO  main            d.u.i.k.p.i.AbstractProblemLoader Replaying proof seq.key 
112473     DEBUG main            d.u.i.k.p.i.IntermediateProofReplayer Proof replay took 18.4ns 
112878     INFO  main            d.u.i.k.p.r.p.TestFile    ... finished proof: closed. 
113211     INFO  main            d.u.i.k.p.i.AbstractProblemLoader Loading environment from /home/runner/work/key/key/key.core/../key.ui/examples/heap/simple/seq.key.proof 
113212     DEBUG main            d.u.i.k.p.i.AbstractProblemLoader Environment load took 570.01ns 
113214     INFO  main            d.u.i.k.p.i.AbstractProblemLoader Creating init config 
115459     DEBUG main            d.u.i.k.p.i.AbstractProblemLoader Init config took 2.25s 
115474     INFO  main            d.u.i.k.p.i.AbstractProblemLoader Replaying proof seq.key.proof 
115506     DEBUG main            d.u.i.k.p.i.IntermediateProofReplayer Proof replay took 26.9ms 
115507     DEBUG main            d.u.i.k.p.r.p.TestFile    ... success: reloaded. 
115508     INFO  main            d.u.i.k.p.r.p.TestFile    Now processing file /home/runner/work/key/key/key.core/../key.ui/examples/heap/simple/oldForParams.key 
115508     INFO  main            d.u.i.k.p.i.AbstractProblemLoader Loading environment from /home/runner/work/key/key/key.core/../key.ui/examples/heap/simple/oldForParams.key 
115508     DEBUG main            d.u.i.k.p.i.AbstractProblemLoader Environment load took 216.4ns 
115509     INFO  main            d.u.i.k.p.i.AbstractProblemLoader Creating init config 
118041     DEBUG main            d.u.i.k.p.i.AbstractProblemLoader Init config took 2.53s 
118110     INFO  main            d.u.i.k.p.i.AbstractProblemLoader Replaying proof OldForParameters[OldForParameters::method(int)].JML operation contract.0 
118115     DEBUG main            d.u.i.k.p.i.IntermediateProofReplayer Proof replay took 8.1ns 
118317     INFO  main            d.u.i.k.p.r.p.TestFile    ... finished proof: closed. 
118589     INFO  main            d.u.i.k.p.i.AbstractProblemLoader Loading environment from /home/runner/work/key/key/key.core/../key.ui/examples/heap/simple/oldForParams.key.proof 
118589     DEBUG main            d.u.i.k.p.i.AbstractProblemLoader Environment load took 124.3ns 
118590     INFO  main            d.u.i.k.p.i.AbstractProblemLoader Creating init config 
121096     DEBUG main            d.u.i.k.p.i.AbstractProblemLoader Init config took 2.51s 
121137     INFO  main            d.u.i.k.p.i.AbstractProblemLoader Replaying proof OldForParameters[OldForParameters::method(int)].JML operation contract.0 
121175     DEBUG main            d.u.i.k.p.i.IntermediateProofReplayer Proof replay took 35.35ms 
121176     DEBUG main            d.u.i.k.p.r.p.TestFile    ... success: reloaded. 
121178     INFO  main            d.u.i.k.p.r.p.TestFile    Now processing file /home/runner/work/key/key/key.core/../key.ui/examples/heap/simple/parse_lmtd.key 
121178     INFO  main            d.u.i.k.p.i.AbstractProblemLoader Loading environment from /home/runner/work/key/key/key.core/../key.ui/examples/heap/simple/parse_lmtd.key 
121178     DEBUG main            d.u.i.k.p.i.AbstractProblemLoader Environment load took 215.5ns 
121179     INFO  main            d.u.i.k.p.i.AbstractProblemLoader Creating init config 
123773     DEBUG main            d.u.i.k.p.i.AbstractProblemLoader Init config took 2.59s 
123813     INFO  main            d.u.i.k.p.i.AbstractProblemLoader Replaying proof ParseLmtd[ParseLmtd::simple(int)].JML normal_behavior operation contract.0 
123814     DEBUG main            d.u.i.k.p.i.IntermediateProofReplayer Proof replay took 6.7ns 
123917     INFO  main            d.u.i.k.p.r.p.TestFile    ... finished proof: closed. 
124171     INFO  main            d.u.i.k.p.i.AbstractProblemLoader Loading environment from /home/runner/work/key/key/key.core/../key.ui/examples/heap/simple/parse_lmtd.key.proof 
124171     DEBUG main            d.u.i.k.p.i.AbstractProblemLoader Environment load took 119.1ns 
124172     INFO  main            d.u.i.k.p.i.AbstractProblemLoader Creating init config 
126675     DEBUG main            d.u.i.k.p.i.AbstractProblemLoader Init config took 2.5s 
126724     INFO  main            d.u.i.k.p.i.AbstractProblemLoader Replaying proof ParseLmtd[ParseLmtd::simple(int)].JML normal_behavior operation contract.0 
126745     DEBUG main            d.u.i.k.p.i.IntermediateProofReplayer Proof replay took 17.84ms 
126748     DEBUG main            d.u.i.k.p.r.p.TestFile    ... success: reloaded. 
126749     INFO  main            d.u.i.k.p.r.p.TestFile    Now processing file /home/runner/work/key/key/key.core/../key.ui/examples/heap/strictly_pure/strictlyPureMethod.key 
126749     INFO  main            d.u.i.k.p.i.AbstractProblemLoader Loading environment from /home/runner/work/key/key/key.core/../key.ui/examples/heap/strictly_pure/strictlyPureMethod.key 
126749     DEBUG main            d.u.i.k.p.i.AbstractProblemLoader Environment load took 221.2ns 
126750     INFO  main            d.u.i.k.p.i.AbstractProblemLoader Creating init config 
129189     DEBUG main            d.u.i.k.p.i.AbstractProblemLoader Init config took 2.44s 
129226     INFO  main            d.u.i.k.p.i.AbstractProblemLoader Replaying proof StrictlyPure[StrictlyPure::strictlyPureMethod()].JML operation contract.0 
129227     DEBUG main            d.u.i.k.p.i.IntermediateProofReplayer Proof replay took 6.4ns 
129433     INFO  main            d.u.i.k.p.r.p.TestFile    ... finished proof: closed. 
129720     INFO  main            d.u.i.k.p.i.AbstractProblemLoader Loading environment from /home/runner/work/key/key/key.core/../key.ui/examples/heap/strictly_pure/strictlyPureMethod.key.proof 
129720     DEBUG main            d.u.i.k.p.i.AbstractProblemLoader Environment load took 121.1ns 
129721     INFO  main            d.u.i.k.p.i.AbstractProblemLoader Creating init config 
132095     DEBUG main            d.u.i.k.p.i.AbstractProblemLoader Init config took 2.37s 
132145     INFO  main            d.u.i.k.p.i.AbstractProblemLoader Replaying proof StrictlyPure[StrictlyPure::strictlyPureMethod()].JML operation contract.0 
132177     DEBUG main            d.u.i.k.p.i.IntermediateProofReplayer Proof replay took 29.51ms 
132178     DEBUG main            d.u.i.k.p.r.p.TestFile    ... success: reloaded. 
132179     INFO  main            d.u.i.k.p.r.p.TestFile    Now processing file /home/runner/work/key/key/key.core/../key.ui/examples/heap/strictly_pure/useStrictlyPureMethod.key 
132179     INFO  main            d.u.i.k.p.i.AbstractProblemLoader Loading environment from /home/runner/work/key/key/key.core/../key.ui/examples/heap/strictly_pure/useStrictlyPureMethod.key 
132180     DEBUG main            d.u.i.k.p.i.AbstractProblemLoader Environment load took 164ns 
132180     INFO  main            d.u.i.k.p.i.AbstractProblemLoader Creating init config 
134599     DEBUG main            d.u.i.k.p.i.AbstractProblemLoader Init config took 2.42s 
134635     INFO  main            d.u.i.k.p.i.AbstractProblemLoader Replaying proof StrictlyPure[StrictlyPure::useStrictlyPureMethod(StrictlyPureClass)].JML operation contract.0 
134637     DEBUG main            d.u.i.k.p.i.IntermediateProofReplayer Proof replay took 6.2ns 
134843     INFO  main            d.u.i.k.p.r.p.TestFile    ... finished proof: closed. 
135144     INFO  main            d.u.i.k.p.i.AbstractProblemLoader Loading environment from /home/runner/work/key/key/key.core/../key.ui/examples/heap/strictly_pure/useStrictlyPureMethod.key.proof 
135144     DEBUG main            d.u.i.k.p.i.AbstractProblemLoader Environment load took 122.5ns 
135145     INFO  main            d.u.i.k.p.i.AbstractProblemLoader Creating init config 
137479     DEBUG main            d.u.i.k.p.i.AbstractProblemLoader Init config took 2.33s 
137514     INFO  main            d.u.i.k.p.i.AbstractProblemLoader Replaying proof StrictlyPure[StrictlyPure::useStrictlyPureMethod(StrictlyPureClass)].JML operation contract.0 
137560     DEBUG main            d.u.i.k.p.i.IntermediateProofReplayer Proof replay took 43.52ms 
137561     DEBUG main            d.u.i.k.p.r.p.TestFile    ... success: reloaded. 
137562     INFO  main            d.u.i.k.p.r.p.TestFile    Now processing file /home/runner/work/key/key/key.core/../key.ui/examples/heap/Wellfounded/ackermann.key 
137562     INFO  main            d.u.i.k.p.i.AbstractProblemLoader Loading environment from /home/runner/work/key/key/key.core/../key.ui/examples/heap/Wellfounded/ackermann.key 
137562     DEBUG main            d.u.i.k.p.i.AbstractProblemLoader Environment load took 97.3ns 
137563     INFO  main            d.u.i.k.p.i.AbstractProblemLoader Creating init config 
140019     DEBUG main            d.u.i.k.p.i.AbstractProblemLoader Init config took 2.46s 
140069     INFO  main            d.u.i.k.p.i.AbstractProblemLoader Replaying proof Ackermann[Ackermann::a(int,int)].JML normal_behavior operation contract.0 
140071     DEBUG main            d.u.i.k.p.i.IntermediateProofReplayer Proof replay took 7.4ns 
140374     INFO  main            d.u.i.k.p.r.p.TestFile    ... finished proof: closed. 
140662     INFO  main            d.u.i.k.p.i.AbstractProblemLoader Loading environment from /home/runner/work/key/key/key.core/../key.ui/examples/heap/Wellfounded/ackermann.key.proof 
140662     DEBUG main            d.u.i.k.p.i.AbstractProblemLoader Environment load took 116.5ns 
140663     INFO  main            d.u.i.k.p.i.AbstractProblemLoader Creating init config 
143049     DEBUG main            d.u.i.k.p.i.AbstractProblemLoader Init config took 2.39s 
143084     INFO  main            d.u.i.k.p.i.AbstractProblemLoader Replaying proof Ackermann[Ackermann::a(int,int)].JML normal_behavior operation contract.0 
143133     DEBUG main            d.u.i.k.p.i.IntermediateProofReplayer Proof replay took 45.48ms 
143134     DEBUG main            d.u.i.k.p.r.p.TestFile    ... success: reloaded. 
143135     INFO  main            d.u.i.k.p.r.p.TestFile    Now processing file /home/runner/work/key/key/key.core/../key.ui/examples/standard_key/unicode_test.key 
143136     INFO  main            d.u.i.k.p.i.AbstractProblemLoader Loading environment from /home/runner/work/key/key/key.core/../key.ui/examples/standard_key/unicode_test.key 
143136     DEBUG main            d.u.i.k.p.i.AbstractProblemLoader Environment load took 267.8ns 
143138     INFO  main            d.u.i.k.p.i.AbstractProblemLoader Creating init config 
145475     DEBUG main            d.u.i.k.p.i.AbstractProblemLoader Init config took 2.34s 
145488     INFO  main            d.u.i.k.p.i.AbstractProblemLoader Replaying proof unicode_test.key 
145489     DEBUG main            d.u.i.k.p.i.IntermediateProofReplayer Proof replay took 6.6ns 
145591     INFO  main            d.u.i.k.p.r.p.TestFile    ... finished proof: closed. 
145861     INFO  main            d.u.i.k.p.i.AbstractProblemLoader Loading environment from /home/runner/work/key/key/key.core/../key.ui/examples/standard_key/unicode_test.key.proof 
145861     DEBUG main            d.u.i.k.p.i.AbstractProblemLoader Environment load took 116.1ns 
145862     INFO  main            d.u.i.k.p.i.AbstractProblemLoader Creating init config 
148126     DEBUG main            d.u.i.k.p.i.AbstractProblemLoader Init config took 2.26s 
148139     INFO  main            d.u.i.k.p.i.AbstractProblemLoader Replaying proof unicode_test.key.proof 
148142     DEBUG main            d.u.i.k.p.i.IntermediateProofReplayer Proof replay took 354.61ns 
148143     DEBUG main            d.u.i.k.p.r.p.TestFile    ... success: reloaded. 
148145     INFO  main            d.u.i.k.p.r.p.TestFile    Now processing file /home/runner/work/key/key/key.core/../key.ui/examples/heap/strictlyModular/mayExpand.key 
148146     INFO  main            d.u.i.k.p.i.AbstractProblemLoader Loading environment from /home/runner/work/key/key/key.core/../key.ui/examples/heap/strictlyModular/mayExpand.key 
148152     DEBUG main            d.u.i.k.p.i.AbstractProblemLoader Environment load took 6ms 
148153     INFO  main            d.u.i.k.p.i.AbstractProblemLoader Creating init config 
150585     DEBUG main            d.u.i.k.p.i.AbstractProblemLoader Init config took 2.43s 
150620     INFO  main            d.u.i.k.p.i.AbstractProblemLoader Replaying proof Modular[Modular::m()].JML operation contract.0 
150621     DEBUG main            d.u.i.k.p.i.IntermediateProofReplayer Proof replay took 6ns 
150723     INFO  main            d.u.i.k.p.r.p.TestFile    ... finished proof: closed. 
151007     INFO  main            d.u.i.k.p.i.AbstractProblemLoader Loading environment from /home/runner/work/key/key/key.core/../key.ui/examples/heap/strictlyModular/mayExpand.key.proof 
151008     DEBUG main            d.u.i.k.p.i.AbstractProblemLoader Environment load took 102.3ns 
151009     INFO  main            d.u.i.k.p.i.AbstractProblemLoader Creating init config 
153338     DEBUG main            d.u.i.k.p.i.AbstractProblemLoader Init config took 2.33s 
153374     INFO  main            d.u.i.k.p.i.AbstractProblemLoader Replaying proof Modular[Modular::m()].JML operation contract.0 
153387     DEBUG main            d.u.i.k.p.i.IntermediateProofReplayer Proof replay took 11.51ms 
153388     DEBUG main            d.u.i.k.p.r.p.TestFile    ... success: reloaded. 
153389     INFO  main            d.u.i.k.p.r.p.TestFile    Now processing file /home/runner/work/key/key/key.core/../key.ui/examples/heap/strictlyModular/modularOnly.key 
153390     INFO  main            d.u.i.k.p.i.AbstractProblemLoader Loading environment from /home/runner/work/key/key/key.core/../key.ui/examples/heap/strictlyModular/modularOnly.key 
153390     DEBUG main            d.u.i.k.p.i.AbstractProblemLoader Environment load took 204.5ns 
153391     INFO  main            d.u.i.k.p.i.AbstractProblemLoader Creating init config 
155766     DEBUG main            d.u.i.k.p.i.AbstractProblemLoader Init config took 2.38s 
155801     INFO  main            d.u.i.k.p.i.AbstractProblemLoader Replaying proof Modular[Modular::m()].JML operation contract.0 
155802     DEBUG main            d.u.i.k.p.i.IntermediateProofReplayer Proof replay took 7.1ns 
155905     INFO  main            d.u.i.k.p.r.p.TestFile    ... finished proof: open goal(s) 
1839299    INFO  Test worker     d.u.i.k.p.r.p.StatisticsFile Returning from test simpleTests 
1839306    INFO  Test worker     d.u.i.k.p.r.p.StatisticsFile Running test SmansEtAl 
343        INFO  Timeout watchdog d.u.i.k.p.r.p.ForkedTestFileRunner Timeout watcher launched (2000 secs.) 
358        WARN  main            d.u.i.k.s.ProofSettings   The settings in /home/runner/.key/proof-settings.props are *not* read. 
412        INFO  main            d.u.i.k.p.r.p.TestFile    Now processing file /home/runner/work/key/key/key.core/../key.ui/examples/heap/SmansEtAl/ArrayList_add.key 
535        INFO  main            d.u.i.k.p.i.AbstractProblemLoader Loading environment from /home/runner/work/key/key/key.core/../key.ui/examples/heap/SmansEtAl/ArrayList_add.key 
552        DEBUG main            d.u.i.k.p.i.AbstractProblemLoader Environment load took 2.27ms 
769        INFO  main            d.u.i.k.p.i.AbstractProblemLoader Creating init config 
1501       DEBUG main            d.u.i.k.j.TypeConverter   No LDT found for Meta 
1501       DEBUG main            d.u.i.k.j.TypeConverter   No LDT found for Meta 
1502       DEBUG main            d.u.i.k.j.TypeConverter   No LDT found for Meta 
1502       DEBUG main            d.u.i.k.j.TypeConverter   No LDT found for Meta 
2846       DEBUG main            d.u.i.k.j.TypeConverter   No LDT found for JavaBigintExpression 
8011       DEBUG main            d.u.i.k.p.i.AbstractProblemLoader Init config took 7.24s 
8144       INFO  main            d.u.i.k.p.i.AbstractProblemLoader Replaying proof ArrayList[ArrayList::add(java.lang.Object)].JML normal_behavior operation contract.0 
8178       DEBUG main            d.u.i.k.p.i.IntermediateProofReplayer Proof replay took 30.4ns 
14929      INFO  main            d.u.i.k.p.r.p.TestFile    ... finished proof: closed. 
15169      INFO  main            d.u.i.k.p.i.AbstractProblemLoader Loading environment from /home/runner/work/key/key/key.core/../key.ui/examples/heap/SmansEtAl/ArrayList_add.key.proof 
15170      DEBUG main            d.u.i.k.p.i.AbstractProblemLoader Environment load took 1.4ms 
15175      INFO  main            d.u.i.k.p.i.AbstractProblemLoader Creating init config 
18115      DEBUG main            d.u.i.k.p.i.AbstractProblemLoader Init config took 2.94s 
18187      INFO  main            d.u.i.k.p.i.AbstractProblemLoader Replaying proof ArrayList[ArrayList::add(java.lang.Object)].JML normal_behavior operation contract.0 
18919      DEBUG main            d.u.i.k.p.i.IntermediateProofReplayer Proof replay took 699.29ms 
18930      DEBUG main            d.u.i.k.p.r.p.TestFile    ... success: reloaded. 
18933      INFO  main            d.u.i.k.p.r.p.TestFile    Now processing file /home/runner/work/key/key/key.core/../key.ui/examples/heap/SmansEtAl/ArrayList_ArrayList.key 
18933      INFO  main            d.u.i.k.p.i.AbstractProblemLoader Loading environment from /home/runner/work/key/key/key.core/../key.ui/examples/heap/SmansEtAl/ArrayList_ArrayList.key 
18934      DEBUG main            d.u.i.k.p.i.AbstractProblemLoader Environment load took 249.2ns 
18935      INFO  main            d.u.i.k.p.i.AbstractProblemLoader Creating init config 
21840      DEBUG main            d.u.i.k.p.i.AbstractProblemLoader Init config took 2.91s 
21900      INFO  main            d.u.i.k.p.i.AbstractProblemLoader Replaying proof ArrayList[ArrayList::ArrayList()].JML normal_behavior operation contract.0 
21902      DEBUG main            d.u.i.k.p.i.IntermediateProofReplayer Proof replay took 6.4ns 
22807      INFO  main            d.u.i.k.p.r.p.TestFile    ... finished proof: closed. 
22982      INFO  main            d.u.i.k.p.i.AbstractProblemLoader Loading environment from /home/runner/work/key/key/key.core/../key.ui/examples/heap/SmansEtAl/ArrayList_ArrayList.key.proof 
22983      DEBUG main            d.u.i.k.p.i.AbstractProblemLoader Environment load took 473.71ns 
22986      INFO  main            d.u.i.k.p.i.AbstractProblemLoader Creating init config 
25770      DEBUG main            d.u.i.k.p.i.AbstractProblemLoader Init config took 2.78s 
25819      INFO  main            d.u.i.k.p.i.AbstractProblemLoader Replaying proof ArrayList[ArrayList::ArrayList()].JML normal_behavior operation contract.0 
25945      DEBUG main            d.u.i.k.p.i.IntermediateProofReplayer Proof replay took 116.53ms 
25946      DEBUG main            d.u.i.k.p.r.p.TestFile    ... success: reloaded. 
25948      INFO  main            d.u.i.k.p.r.p.TestFile    Now processing file /home/runner/work/key/key/key.core/../key.ui/examples/heap/SmansEtAl/ArrayList_footprint.key 
25948      INFO  main            d.u.i.k.p.i.AbstractProblemLoader Loading environment from /home/runner/work/key/key/key.core/../key.ui/examples/heap/SmansEtAl/ArrayList_footprint.key 
25949      DEBUG main            d.u.i.k.p.i.AbstractProblemLoader Environment load took 252.3ns 
25950      INFO  main            d.u.i.k.p.i.AbstractProblemLoader Creating init config 
28752      DEBUG main            d.u.i.k.p.i.AbstractProblemLoader Init config took 2.8s 
28804      INFO  main            d.u.i.k.p.i.AbstractProblemLoader Replaying proof ArrayList[ArrayList::$footprint()].JML accessible clause.0 
28808      DEBUG main            d.u.i.k.p.i.IntermediateProofReplayer Proof replay took 5.5ns 
28910      INFO  main            d.u.i.k.p.r.p.TestFile    ... finished proof: closed. 
29061      INFO  main            d.u.i.k.p.i.AbstractProblemLoader Loading environment from /home/runner/work/key/key/key.core/../key.ui/examples/heap/SmansEtAl/ArrayList_footprint.key.proof 
29061      DEBUG main            d.u.i.k.p.i.AbstractProblemLoader Environment load took 135.6ns 
29062      INFO  main            d.u.i.k.p.i.AbstractProblemLoader Creating init config 
31814      DEBUG main            d.u.i.k.p.i.AbstractProblemLoader Init config took 2.75s 
31858      INFO  main            d.u.i.k.p.i.AbstractProblemLoader Replaying proof ArrayList[ArrayList::$footprint()].JML accessible clause.0 
31869      DEBUG main            d.u.i.k.p.i.IntermediateProofReplayer Proof replay took 8.26ms 
31870      DEBUG main            d.u.i.k.p.r.p.TestFile    ... success: reloaded. 
31871      INFO  main            d.u.i.k.p.r.p.TestFile    Now processing file /home/runner/work/key/key/key.core/../key.ui/examples/heap/SmansEtAl/ArrayList_get_dep.key 
31872      INFO  main            d.u.i.k.p.i.AbstractProblemLoader Loading environment from /home/runner/work/key/key/key.core/../key.ui/examples/heap/SmansEtAl/ArrayList_get_dep.key 
31872      DEBUG main            d.u.i.k.p.i.AbstractProblemLoader Environment load took 275.2ns 
31873      INFO  main            d.u.i.k.p.i.AbstractProblemLoader Creating init config 
34598      DEBUG main            d.u.i.k.p.i.AbstractProblemLoader Init config took 2.72s 
34642      INFO  main            d.u.i.k.p.i.AbstractProblemLoader Replaying proof ArrayList[ArrayList::get(int)].JML accessible clause.0 
34644      DEBUG main            d.u.i.k.p.i.IntermediateProofReplayer Proof replay took 5.3ns 
34947      INFO  main            d.u.i.k.p.r.p.TestFile    ... finished proof: closed. 
35117      INFO  main            d.u.i.k.p.i.AbstractProblemLoader Loading environment from /home/runner/work/key/key/key.core/../key.ui/examples/heap/SmansEtAl/ArrayList_get_dep.key.proof 
35117      DEBUG main            d.u.i.k.p.i.AbstractProblemLoader Environment load took 133.9ns 
35119      INFO  main            d.u.i.k.p.i.AbstractProblemLoader Creating init config 
37845      DEBUG main            d.u.i.k.p.i.AbstractProblemLoader Init config took 2.73s 
37894      INFO  main            d.u.i.k.p.i.AbstractProblemLoader Replaying proof ArrayList[ArrayList::get(int)].JML accessible clause.0 
37935      DEBUG main            d.u.i.k.p.i.IntermediateProofReplayer Proof replay took 37.22ms 
37936      DEBUG main            d.u.i.k.p.r.p.TestFile    ... success: reloaded. 
37938      INFO  main            d.u.i.k.p.r.p.TestFile    Now processing file /home/runner/work/key/key/key.core/../key.ui/examples/heap/SmansEtAl/ArrayList_get.key 
37938      INFO  main            d.u.i.k.p.i.AbstractProblemLoader Loading environment from /home/runner/work/key/key/key.core/../key.ui/examples/heap/SmansEtAl/ArrayList_get.key 
37939      DEBUG main            d.u.i.k.p.i.AbstractProblemLoader Environment load took 221.1ns 
37940      INFO  main            d.u.i.k.p.i.AbstractProblemLoader Creating init config 
40668      DEBUG main            d.u.i.k.p.i.AbstractProblemLoader Init config took 2.73s 
40712      INFO  main            d.u.i.k.p.i.AbstractProblemLoader Replaying proof ArrayList[ArrayList::get(int)].JML normal_behavior operation contract.0 
40714      DEBUG main            d.u.i.k.p.i.IntermediateProofReplayer Proof replay took 5.9ns 
40917      INFO  main            d.u.i.k.p.r.p.TestFile    ... finished proof: closed. 
41087      INFO  main            d.u.i.k.p.i.AbstractProblemLoader Loading environment from /home/runner/work/key/key/key.core/../key.ui/examples/heap/SmansEtAl/ArrayList_get.key.proof 
41087      DEBUG main            d.u.i.k.p.i.AbstractProblemLoader Environment load took 131.9ns 
41088      INFO  main            d.u.i.k.p.i.AbstractProblemLoader Creating init config 
43816      DEBUG main            d.u.i.k.p.i.AbstractProblemLoader Init config took 2.73s 
43861      INFO  main            d.u.i.k.p.i.AbstractProblemLoader Replaying proof ArrayList[ArrayList::get(int)].JML normal_behavior operation contract.0 
43886      DEBUG main            d.u.i.k.p.i.IntermediateProofReplayer Proof replay took 22.18ms 
43887      DEBUG main            d.u.i.k.p.r.p.TestFile    ... success: reloaded. 
43888      INFO  main            d.u.i.k.p.r.p.TestFile    Now processing file /home/runner/work/key/key/key.core/../key.ui/examples/heap/SmansEtAl/ArrayList_inv.key 
43889      INFO  main            d.u.i.k.p.i.AbstractProblemLoader Loading environment from /home/runner/work/key/key/key.core/../key.ui/examples/heap/SmansEtAl/ArrayList_inv.key 
43889      DEBUG main            d.u.i.k.p.i.AbstractProblemLoader Environment load took 99.8ns 
43890      INFO  main            d.u.i.k.p.i.AbstractProblemLoader Creating init config 
46580      DEBUG main            d.u.i.k.p.i.AbstractProblemLoader Init config took 2.69s 
46629      INFO  main            d.u.i.k.p.i.AbstractProblemLoader Replaying proof ArrayList[java.lang.Object::<inv>()].JML accessible clause.0 
46631      DEBUG main            d.u.i.k.p.i.IntermediateProofReplayer Proof replay took 6.7ns 
46736      INFO  main            d.u.i.k.p.r.p.TestFile    ... finished proof: closed. 
46918      INFO  main            d.u.i.k.p.i.AbstractProblemLoader Loading environment from /home/runner/work/key/key/key.core/../key.ui/examples/heap/SmansEtAl/ArrayList_inv.key.proof 
46918      DEBUG main            d.u.i.k.p.i.AbstractProblemLoader Environment load took 137.9ns 
46919      INFO  main            d.u.i.k.p.i.AbstractProblemLoader Creating init config 
49607      DEBUG main            d.u.i.k.p.i.AbstractProblemLoader Init config took 2.69s 
49655      INFO  main            d.u.i.k.p.i.AbstractProblemLoader Replaying proof ArrayList[java.lang.Object::<inv>()].JML accessible clause.0 
49666      DEBUG main            d.u.i.k.p.i.IntermediateProofReplayer Proof replay took 8.9ms 
49667      DEBUG main            d.u.i.k.p.r.p.TestFile    ... success: reloaded. 
49669      INFO  main            d.u.i.k.p.r.p.TestFile    Now processing file /home/runner/work/key/key/key.core/../key.ui/examples/heap/SmansEtAl/ArrayList_size_dep.key 
49669      INFO  main            d.u.i.k.p.i.AbstractProblemLoader Loading environment from /home/runner/work/key/key/key.core/../key.ui/examples/heap/SmansEtAl/ArrayList_size_dep.key 
49669      DEBUG main            d.u.i.k.p.i.AbstractProblemLoader Environment load took 100.8ns 
49670      INFO  main            d.u.i.k.p.i.AbstractProblemLoader Creating init config 
52352      DEBUG main            d.u.i.k.p.i.AbstractProblemLoader Init config took 2.68s 
52394      INFO  main            d.u.i.k.p.i.AbstractProblemLoader Replaying proof ArrayList[ArrayList::size()].JML accessible clause.0 
52395      DEBUG main            d.u.i.k.p.i.IntermediateProofReplayer Proof replay took 6.7ns 
52498      INFO  main            d.u.i.k.p.r.p.TestFile    ... finished proof: closed. 
52723      INFO  main            d.u.i.k.p.i.AbstractProblemLoader Loading environment from /home/runner/work/key/key/key.core/../key.ui/examples/heap/SmansEtAl/ArrayList_size_dep.key.proof 
52723      DEBUG main            d.u.i.k.p.i.AbstractProblemLoader Environment load took 131.7ns 
52724      INFO  main            d.u.i.k.p.i.AbstractProblemLoader Creating init config 
55331      DEBUG main            d.u.i.k.p.i.AbstractProblemLoader Init config took 2.61s 
55379      INFO  main            d.u.i.k.p.i.AbstractProblemLoader Replaying proof ArrayList[ArrayList::size()].JML accessible clause.0 
55392      DEBUG main            d.u.i.k.p.i.IntermediateProofReplayer Proof replay took 11.33ms 
55393      DEBUG main            d.u.i.k.p.r.p.TestFile    ... success: reloaded. 
55394      INFO  main            d.u.i.k.p.r.p.TestFile    Now processing file /home/runner/work/key/key/key.core/../key.ui/examples/heap/SmansEtAl/ArrayList_size.key 
55395      INFO  main            d.u.i.k.p.i.AbstractProblemLoader Loading environment from /home/runner/work/key/key/key.core/../key.ui/examples/heap/SmansEtAl/ArrayList_size.key 
55395      DEBUG main            d.u.i.k.p.i.AbstractProblemLoader Environment load took 98.4ns 
55396      INFO  main            d.u.i.k.p.i.AbstractProblemLoader Creating init config 
58089      DEBUG main            d.u.i.k.p.i.AbstractProblemLoader Init config took 2.69s 
58128      INFO  main            d.u.i.k.p.i.AbstractProblemLoader Replaying proof ArrayList[ArrayList::size()].JML normal_behavior operation contract.0 
58129      DEBUG main            d.u.i.k.p.i.IntermediateProofReplayer Proof replay took 5.9ns 
58233      INFO  main            d.u.i.k.p.r.p.TestFile    ... finished proof: closed. 
58413      INFO  main            d.u.i.k.p.i.AbstractProblemLoader Loading environment from /home/runner/work/key/key/key.core/../key.ui/examples/heap/SmansEtAl/ArrayList_size.key.proof 
58413      DEBUG main            d.u.i.k.p.i.AbstractProblemLoader Environment load took 129.1ns 
58415      INFO  main            d.u.i.k.p.i.AbstractProblemLoader Creating init config 
61039      DEBUG main            d.u.i.k.p.i.AbstractProblemLoader Init config took 2.62s 
61079      INFO  main            d.u.i.k.p.i.AbstractProblemLoader Replaying proof ArrayList[ArrayList::size()].JML normal_behavior operation contract.0 
61092      DEBUG main            d.u.i.k.p.i.IntermediateProofReplayer Proof replay took 10.73ms 
61093      DEBUG main            d.u.i.k.p.r.p.TestFile    ... success: reloaded. 
61094      INFO  main            d.u.i.k.p.r.p.TestFile    Now processing file /home/runner/work/key/key/key.core/../key.ui/examples/heap/SmansEtAl/Cell_Cell.key 
61095      INFO  main            d.u.i.k.p.i.AbstractProblemLoader Loading environment from /home/runner/work/key/key/key.core/../key.ui/examples/heap/SmansEtAl/Cell_Cell.key 
61095      DEBUG main            d.u.i.k.p.i.AbstractProblemLoader Environment load took 242.1ns 
61096      INFO  main            d.u.i.k.p.i.AbstractProblemLoader Creating init config 
63834      DEBUG main            d.u.i.k.p.i.AbstractProblemLoader Init config took 2.74s 
63870      INFO  main            d.u.i.k.p.i.AbstractProblemLoader Replaying proof Cell[Cell::Cell()].JML normal_behavior operation contract.0 
63871      DEBUG main            d.u.i.k.p.i.IntermediateProofReplayer Proof replay took 5.4ns 
64077      INFO  main            d.u.i.k.p.r.p.TestFile    ... finished proof: closed. 
64281      INFO  main            d.u.i.k.p.i.AbstractProblemLoader Loading environment from /home/runner/work/key/key/key.core/../key.ui/examples/heap/SmansEtAl/Cell_Cell.key.proof 
64281      DEBUG main            d.u.i.k.p.i.AbstractProblemLoader Environment load took 129.2ns 
64282      INFO  main            d.u.i.k.p.i.AbstractProblemLoader Creating init config 
66940      DEBUG main            d.u.i.k.p.i.AbstractProblemLoader Init config took 2.66s 
66981      INFO  main            d.u.i.k.p.i.AbstractProblemLoader Replaying proof Cell[Cell::Cell()].JML normal_behavior operation contract.0 
67018      DEBUG main            d.u.i.k.p.i.IntermediateProofReplayer Proof replay took 31.73ms 
67020      DEBUG main            d.u.i.k.p.r.p.TestFile    ... success: reloaded. 
67021      INFO  main            d.u.i.k.p.r.p.TestFile    Now processing file /home/runner/work/key/key/key.core/../key.ui/examples/heap/SmansEtAl/Cell_footprint.key 
67022      INFO  main            d.u.i.k.p.i.AbstractProblemLoader Loading environment from /home/runner/work/key/key/key.core/../key.ui/examples/heap/SmansEtAl/Cell_footprint.key 
67022      DEBUG main            d.u.i.k.p.i.AbstractProblemLoader Environment load took 230.9ns 
67023      INFO  main            d.u.i.k.p.i.AbstractProblemLoader Creating init config 
69642      DEBUG main            d.u.i.k.p.i.AbstractProblemLoader Init config took 2.62s 
69678      INFO  main            d.u.i.k.p.i.AbstractProblemLoader Replaying proof Cell[Cell::$footprint()].JML accessible clause.0 
69680      DEBUG main            d.u.i.k.p.i.IntermediateProofReplayer Proof replay took 6.6ns 
69782      INFO  main            d.u.i.k.p.r.p.TestFile    ... finished proof: closed. 
69971      INFO  main            d.u.i.k.p.i.AbstractProblemLoader Loading environment from /home/runner/work/key/key/key.core/../key.ui/examples/heap/SmansEtAl/Cell_footprint.key.proof 
69972      DEBUG main            d.u.i.k.p.i.AbstractProblemLoader Environment load took 126.8ns 
69973      INFO  main            d.u.i.k.p.i.AbstractProblemLoader Creating init config 
72603      DEBUG main            d.u.i.k.p.i.AbstractProblemLoader Init config took 2.63s 
72643      INFO  main            d.u.i.k.p.i.AbstractProblemLoader Replaying proof Cell[Cell::$footprint()].JML accessible clause.0 
72650      DEBUG main            d.u.i.k.p.i.IntermediateProofReplayer Proof replay took 3.89ms 
72652      DEBUG main            d.u.i.k.p.r.p.TestFile    ... success: reloaded. 
72654      INFO  main            d.u.i.k.p.r.p.TestFile    Now processing file /home/runner/work/key/key/key.core/../key.ui/examples/heap/SmansEtAl/Cell_getX_dep.key 
72654      INFO  main            d.u.i.k.p.i.AbstractProblemLoader Loading environment from /home/runner/work/key/key/key.core/../key.ui/examples/heap/SmansEtAl/Cell_getX_dep.key 
72654      DEBUG main            d.u.i.k.p.i.AbstractProblemLoader Environment load took 222.6ns 
72655      INFO  main            d.u.i.k.p.i.AbstractProblemLoader Creating init config 
75269      DEBUG main            d.u.i.k.p.i.AbstractProblemLoader Init config took 2.61s 
75304      INFO  main            d.u.i.k.p.i.AbstractProblemLoader Replaying proof Cell[Cell::getX()].JML accessible clause.0 
75305      DEBUG main            d.u.i.k.p.i.IntermediateProofReplayer Proof replay took 5.4ns 
75407      INFO  main            d.u.i.k.p.r.p.TestFile    ... finished proof: closed. 
75588      INFO  main            d.u.i.k.p.i.AbstractProblemLoader Loading environment from /home/runner/work/key/key/key.core/../key.ui/examples/heap/SmansEtAl/Cell_getX_dep.key.proof 
75588      DEBUG main            d.u.i.k.p.i.AbstractProblemLoader Environment load took 136.4ns 
75590      INFO  main            d.u.i.k.p.i.AbstractProblemLoader Creating init config 
78190      DEBUG main            d.u.i.k.p.i.AbstractProblemLoader Init config took 2.6s 
78225      INFO  main            d.u.i.k.p.i.AbstractProblemLoader Replaying proof Cell[Cell::getX()].JML accessible clause.0 
78236      DEBUG main            d.u.i.k.p.i.IntermediateProofReplayer Proof replay took 9.42ms 
78237      DEBUG main            d.u.i.k.p.r.p.TestFile    ... success: reloaded. 
78238      INFO  main            d.u.i.k.p.r.p.TestFile    Now processing file /home/runner/work/key/key/key.core/../key.ui/examples/heap/SmansEtAl/Cell_getX.key 
78239      INFO  main            d.u.i.k.p.i.AbstractProblemLoader Loading environment from /home/runner/work/key/key/key.core/../key.ui/examples/heap/SmansEtAl/Cell_getX.key 
78239      DEBUG main            d.u.i.k.p.i.AbstractProblemLoader Environment load took 83.1ns 
78239      INFO  main            d.u.i.k.p.i.AbstractProblemLoader Creating init config 
80911      DEBUG main            d.u.i.k.p.i.AbstractProblemLoader Init config took 2.67s 
80962      INFO  main            d.u.i.k.p.i.AbstractProblemLoader Replaying proof Cell[Cell::getX()].JML normal_behavior operation contract.0 
80964      DEBUG main            d.u.i.k.p.i.IntermediateProofReplayer Proof replay took 5.7ns 
81067      INFO  main            d.u.i.k.p.r.p.TestFile    ... finished proof: closed. 
81278      INFO  main            d.u.i.k.p.i.AbstractProblemLoader Loading environment from /home/runner/work/key/key/key.core/../key.ui/examples/heap/SmansEtAl/Cell_getX.key.proof 
81278      DEBUG main            d.u.i.k.p.i.AbstractProblemLoader Environment load took 132.6ns 
81280      INFO  main            d.u.i.k.p.i.AbstractProblemLoader Creating init config 
83882      DEBUG main            d.u.i.k.p.i.AbstractProblemLoader Init config took 2.6s 
83917      INFO  main            d.u.i.k.p.i.AbstractProblemLoader Replaying proof Cell[Cell::getX()].JML normal_behavior operation contract.0 
83929      DEBUG main            d.u.i.k.p.i.IntermediateProofReplayer Proof replay took 9.94ms 
83930      DEBUG main            d.u.i.k.p.r.p.TestFile    ... success: reloaded. 
83931      INFO  main            d.u.i.k.p.r.p.TestFile    Now processing file /home/runner/work/key/key/key.core/../key.ui/examples/heap/SmansEtAl/Cell_inv.key 
83931      INFO  main            d.u.i.k.p.i.AbstractProblemLoader Loading environment from /home/runner/work/key/key/key.core/../key.ui/examples/heap/SmansEtAl/Cell_inv.key 
83931      DEBUG main            d.u.i.k.p.i.AbstractProblemLoader Environment load took 103.9ns 
83932      INFO  main            d.u.i.k.p.i.AbstractProblemLoader Creating init config 
86601      DEBUG main            d.u.i.k.p.i.AbstractProblemLoader Init config took 2.67s 
86636      INFO  main            d.u.i.k.p.i.AbstractProblemLoader Replaying proof Cell[java.lang.Object::<inv>()].JML accessible clause.0 
86637      DEBUG main            d.u.i.k.p.i.IntermediateProofReplayer Proof replay took 6.6ns 
86741      INFO  main            d.u.i.k.p.r.p.TestFile    ... finished proof: closed. 
86956      INFO  main            d.u.i.k.p.i.AbstractProblemLoader Loading environment from /home/runner/work/key/key/key.core/../key.ui/examples/heap/SmansEtAl/Cell_inv.key.proof 
86956      DEBUG main            d.u.i.k.p.i.AbstractProblemLoader Environment load took 122.3ns 
86957      INFO  main            d.u.i.k.p.i.AbstractProblemLoader Creating init config 
89599      DEBUG main            d.u.i.k.p.i.AbstractProblemLoader Init config took 2.64s 
89653      INFO  main            d.u.i.k.p.i.AbstractProblemLoader Replaying proof Cell[java.lang.Object::<inv>()].JML accessible clause.0 
89656      DEBUG main            d.u.i.k.p.i.IntermediateProofReplayer Proof replay took 1.35ms 
89657      DEBUG main            d.u.i.k.p.r.p.TestFile    ... success: reloaded. 
89658      INFO  main            d.u.i.k.p.r.p.TestFile    Now processing file /home/runner/work/key/key/key.core/../key.ui/examples/heap/SmansEtAl/Cell_setX.key 
89658      INFO  main            d.u.i.k.p.i.AbstractProblemLoader Loading environment from /home/runner/work/key/key/key.core/../key.ui/examples/heap/SmansEtAl/Cell_setX.key 
89658      DEBUG main            d.u.i.k.p.i.AbstractProblemLoader Environment load took 143.6ns 
89659      INFO  main            d.u.i.k.p.i.AbstractProblemLoader Creating init config 
92252      DEBUG main            d.u.i.k.p.i.AbstractProblemLoader Init config took 2.59s 
92287      INFO  main            d.u.i.k.p.i.AbstractProblemLoader Replaying proof Cell[Cell::setX(int)].JML normal_behavior operation contract.0 
92288      DEBUG main            d.u.i.k.p.i.IntermediateProofReplayer Proof replay took 5.9ns 
92390      INFO  main            d.u.i.k.p.r.p.TestFile    ... finished proof: closed. 
92656      INFO  main            d.u.i.k.p.i.AbstractProblemLoader Loading environment from /home/runner/work/key/key/key.core/../key.ui/examples/heap/SmansEtAl/Cell_setX.key.proof 
92656      DEBUG main            d.u.i.k.p.i.AbstractProblemLoader Environment load took 125.8ns 
92657      INFO  main            d.u.i.k.p.i.AbstractProblemLoader Creating init config 
95271      DEBUG main            d.u.i.k.p.i.AbstractProblemLoader Init config took 2.61s 
95306      INFO  main            d.u.i.k.p.i.AbstractProblemLoader Replaying proof Cell[Cell::setX(int)].JML normal_behavior operation contract.0 
95324      DEBUG main            d.u.i.k.p.i.IntermediateProofReplayer Proof replay took 16.51ms 
95325      DEBUG main            d.u.i.k.p.r.p.TestFile    ... success: reloaded. 
95326      INFO  main            d.u.i.k.p.r.p.TestFile    Now processing file /home/runner/work/key/key/key.core/../key.ui/examples/heap/SmansEtAl/CellClient_m.key 
95326      INFO  main            d.u.i.k.p.i.AbstractProblemLoader Loading environment from /home/runner/work/key/key/key.core/../key.ui/examples/heap/SmansEtAl/CellClient_m.key 
95326      DEBUG main            d.u.i.k.p.i.AbstractProblemLoader Environment load took 93.2ns 
95327      INFO  main            d.u.i.k.p.i.AbstractProblemLoader Creating init config 
97914      DEBUG main            d.u.i.k.p.i.AbstractProblemLoader Init config took 2.59s 
97948      INFO  main            d.u.i.k.p.i.AbstractProblemLoader Replaying proof CellClient[CellClient::m()].JML operation contract.0 
97949      DEBUG main            d.u.i.k.p.i.IntermediateProofReplayer Proof replay took 5.6ns 
98453      INFO  main            d.u.i.k.p.r.p.TestFile    ... finished proof: closed. 
98705      INFO  main            d.u.i.k.p.i.AbstractProblemLoader Loading environment from /home/runner/work/key/key/key.core/../key.ui/examples/heap/SmansEtAl/CellClient_m.key.proof 
98706      DEBUG main            d.u.i.k.p.i.AbstractProblemLoader Environment load took 457.41ns 
98707      INFO  main            d.u.i.k.p.i.AbstractProblemLoader Creating init config 
101298     DEBUG main            d.u.i.k.p.i.AbstractProblemLoader Init config took 2.59s 
101332     INFO  main            d.u.i.k.p.i.AbstractProblemLoader Replaying proof CellClient[CellClient::m()].JML operation contract.0 
101415     DEBUG main            d.u.i.k.p.i.IntermediateProofReplayer Proof replay took 79.35ms 
101416     DEBUG main            d.u.i.k.p.r.p.TestFile    ... success: reloaded. 
101417     INFO  main            d.u.i.k.p.r.p.TestFile    Now processing file /home/runner/work/key/key/key.core/../key.ui/examples/heap/SmansEtAl/Iterator_footprint.key 
101418     INFO  main            d.u.i.k.p.i.AbstractProblemLoader Loading environment from /home/runner/work/key/key/key.core/../key.ui/examples/heap/SmansEtAl/Iterator_footprint.key 
101418     DEBUG main            d.u.i.k.p.i.AbstractProblemLoader Environment load took 104.5ns 
101419     INFO  main            d.u.i.k.p.i.AbstractProblemLoader Creating init config 
104053     DEBUG main            d.u.i.k.p.i.AbstractProblemLoader Init config took 2.63s 
104110     INFO  main            d.u.i.k.p.i.AbstractProblemLoader Replaying proof Iterator[Iterator::$footprint()].JML accessible clause.0 
104112     DEBUG main            d.u.i.k.p.i.IntermediateProofReplayer Proof replay took 5.5ns 
104213     INFO  main            d.u.i.k.p.r.p.TestFile    ... finished proof: closed. 
104454     INFO  main            d.u.i.k.p.i.AbstractProblemLoader Loading environment from /home/runner/work/key/key/key.core/../key.ui/examples/heap/SmansEtAl/Iterator_footprint.key.proof 
104455     DEBUG main            d.u.i.k.p.i.AbstractProblemLoader Environment load took 128ns 
104456     INFO  main            d.u.i.k.p.i.AbstractProblemLoader Creating init config 
107041     DEBUG main            d.u.i.k.p.i.AbstractProblemLoader Init config took 2.58s 
107077     INFO  main            d.u.i.k.p.i.AbstractProblemLoader Replaying proof Iterator[Iterator::$footprint()].JML accessible clause.0 
107085     DEBUG main            d.u.i.k.p.i.IntermediateProofReplayer Proof replay took 4.94ms 
107086     DEBUG main            d.u.i.k.p.r.p.TestFile    ... success: reloaded. 
107087     INFO  main            d.u.i.k.p.r.p.TestFile    Now processing file /home/runner/work/key/key/key.core/../key.ui/examples/heap/SmansEtAl/Iterator_hasNext_dep.key 
107087     INFO  main            d.u.i.k.p.i.AbstractProblemLoader Loading environment from /home/runner/work/key/key/key.core/../key.ui/examples/heap/SmansEtAl/Iterator_hasNext_dep.key 
107088     DEBUG main            d.u.i.k.p.i.AbstractProblemLoader Environment load took 247.8ns 
107089     INFO  main            d.u.i.k.p.i.AbstractProblemLoader Creating init config 
109770     DEBUG main            d.u.i.k.p.i.AbstractProblemLoader Init config took 2.68s 
109806     INFO  main            d.u.i.k.p.i.AbstractProblemLoader Replaying proof Iterator[Iterator::hasNext()].JML accessible clause.0 
109808     DEBUG main            d.u.i.k.p.i.IntermediateProofReplayer Proof replay took 6.2ns 
110314     INFO  main            d.u.i.k.p.r.p.TestFile    ... finished proof: closed. 
110576     INFO  main            d.u.i.k.p.i.AbstractProblemLoader Loading environment from /home/runner/work/key/key/key.core/../key.ui/examples/heap/SmansEtAl/Iterator_hasNext_dep.key.proof 
110579     DEBUG main            d.u.i.k.p.i.AbstractProblemLoader Environment load took 3.33ms 
110581     INFO  main            d.u.i.k.p.i.AbstractProblemLoader Creating init config 
113182     DEBUG main            d.u.i.k.p.i.AbstractProblemLoader Init config took 2.6s 
113219     INFO  main            d.u.i.k.p.i.AbstractProblemLoader Replaying proof Iterator[Iterator::hasNext()].JML accessible clause.0 
113311     DEBUG main            d.u.i.k.p.i.IntermediateProofReplayer Proof replay took 85.6ms 
113312     DEBUG main            d.u.i.k.p.r.p.TestFile    ... success: reloaded. 
113314     INFO  main            d.u.i.k.p.r.p.TestFile    Now processing file /home/runner/work/key/key/key.core/../key.ui/examples/heap/SmansEtAl/Iterator_hasNext.key 
113314     INFO  main            d.u.i.k.p.i.AbstractProblemLoader Loading environment from /home/runner/work/key/key/key.core/../key.ui/examples/heap/SmansEtAl/Iterator_hasNext.key 
113315     DEBUG main            d.u.i.k.p.i.AbstractProblemLoader Environment load took 210.7ns 
113316     INFO  main            d.u.i.k.p.i.AbstractProblemLoader Creating init config 
115962     DEBUG main            d.u.i.k.p.i.AbstractProblemLoader Init config took 2.65s 
116020     INFO  main            d.u.i.k.p.i.AbstractProblemLoader Replaying proof Iterator[Iterator::hasNext()].JML normal_behavior operation contract.0 
116021     DEBUG main            d.u.i.k.p.i.IntermediateProofReplayer Proof replay took 6.5ns 
116527     INFO  main            d.u.i.k.p.r.p.TestFile    ... finished proof: closed. 
116791     INFO  main            d.u.i.k.p.i.AbstractProblemLoader Loading environment from /home/runner/work/key/key/key.core/../key.ui/examples/heap/SmansEtAl/Iterator_hasNext.key.proof 
116792     DEBUG main            d.u.i.k.p.i.AbstractProblemLoader Environment load took 461.71ns 
116793     INFO  main            d.u.i.k.p.i.AbstractProblemLoader Creating init config 
119350     DEBUG main            d.u.i.k.p.i.AbstractProblemLoader Init config took 2.56s 
119387     INFO  main            d.u.i.k.p.i.AbstractProblemLoader Replaying proof Iterator[Iterator::hasNext()].JML normal_behavior operation contract.0 
119449     DEBUG main            d.u.i.k.p.i.IntermediateProofReplayer Proof replay took 56.88ms 
119450     DEBUG main            d.u.i.k.p.r.p.TestFile    ... success: reloaded. 
119451     INFO  main            d.u.i.k.p.r.p.TestFile    Now processing file /home/runner/work/key/key/key.core/../key.ui/examples/heap/SmansEtAl/Iterator_inv.key 
119451     INFO  main            d.u.i.k.p.i.AbstractProblemLoader Loading environment from /home/runner/work/key/key/key.core/../key.ui/examples/heap/SmansEtAl/Iterator_inv.key 
119452     DEBUG main            d.u.i.k.p.i.AbstractProblemLoader Environment load took 100.2ns 
119452     INFO  main            d.u.i.k.p.i.AbstractProblemLoader Creating init config 
122104     DEBUG main            d.u.i.k.p.i.AbstractProblemLoader Init config took 2.65s 
122140     INFO  main            d.u.i.k.p.i.AbstractProblemLoader Replaying proof Iterator[java.lang.Object::<inv>()].JML accessible clause.0 
122142     DEBUG main            d.u.i.k.p.i.IntermediateProofReplayer Proof replay took 6.4ns 
122344     INFO  main            d.u.i.k.p.r.p.TestFile    ... finished proof: closed. 
122598     INFO  main            d.u.i.k.p.i.AbstractProblemLoader Loading environment from /home/runner/work/key/key/key.core/../key.ui/examples/heap/SmansEtAl/Iterator_inv.key.proof 
122598     DEBUG main            d.u.i.k.p.i.AbstractProblemLoader Environment load took 116.8ns 
122600     INFO  main            d.u.i.k.p.i.AbstractProblemLoader Creating init config 
125170     DEBUG main            d.u.i.k.p.i.AbstractProblemLoader Init config took 2.57s 
125206     INFO  main            d.u.i.k.p.i.AbstractProblemLoader Replaying proof Iterator[java.lang.Object::<inv>()].JML accessible clause.0 
125225     DEBUG main            d.u.i.k.p.i.IntermediateProofReplayer Proof replay took 16.16ms 
125226     DEBUG main            d.u.i.k.p.r.p.TestFile    ... success: reloaded. 
125227     INFO  main            d.u.i.k.p.r.p.TestFile    Now processing file /home/runner/work/key/key/key.core/../key.ui/examples/heap/SmansEtAl/Iterator_Iterator.key 
125227     INFO  main            d.u.i.k.p.i.AbstractProblemLoader Loading environment from /home/runner/work/key/key/key.core/../key.ui/examples/heap/SmansEtAl/Iterator_Iterator.key 
125227     DEBUG main            d.u.i.k.p.i.AbstractProblemLoader Environment load took 94ns 
125228     INFO  main            d.u.i.k.p.i.AbstractProblemLoader Creating init config 
127862     DEBUG main            d.u.i.k.p.i.AbstractProblemLoader Init config took 2.63s 
127899     INFO  main            d.u.i.k.p.i.AbstractProblemLoader Replaying proof Iterator[Iterator::Iterator(ArrayList)].JML normal_behavior operation contract.0 
127900     DEBUG main            d.u.i.k.p.i.IntermediateProofReplayer Proof replay took 6.5ns 
129132     INFO  main            d.u.i.k.p.r.p.TestFile    ... finished proof: closed. 
129403     INFO  main            d.u.i.k.p.i.AbstractProblemLoader Loading environment from /home/runner/work/key/key/key.core/../key.ui/examples/heap/SmansEtAl/Iterator_Iterator.key.proof 
129403     DEBUG main            d.u.i.k.p.i.AbstractProblemLoader Environment load took 446.11ns 
129406     INFO  main            d.u.i.k.p.i.AbstractProblemLoader Creating init config 
131991     DEBUG main            d.u.i.k.p.i.AbstractProblemLoader Init config took 2.59s 
132028     INFO  main            d.u.i.k.p.i.AbstractProblemLoader Replaying proof Iterator[Iterator::Iterator(ArrayList)].JML normal_behavior operation contract.0 
132175     DEBUG main            d.u.i.k.p.i.IntermediateProofReplayer Proof replay took 133.37ms 
132177     DEBUG main            d.u.i.k.p.r.p.TestFile    ... success: reloaded. 
132178     INFO  main            d.u.i.k.p.r.p.TestFile    Now processing file /home/runner/work/key/key/key.core/../key.ui/examples/heap/SmansEtAl/Iterator_list_dep.key 
132178     INFO  main            d.u.i.k.p.i.AbstractProblemLoader Loading environment from /home/runner/work/key/key/key.core/../key.ui/examples/heap/SmansEtAl/Iterator_list_dep.key 
132178     DEBUG main            d.u.i.k.p.i.AbstractProblemLoader Environment load took 185ns 
132179     INFO  main            d.u.i.k.p.i.AbstractProblemLoader Creating init config 
134805     DEBUG main            d.u.i.k.p.i.AbstractProblemLoader Init config took 2.63s 
134858     INFO  main            d.u.i.k.p.i.AbstractProblemLoader Replaying proof Iterator[Iterator::list()].JML accessible clause.0 
134860     DEBUG main            d.u.i.k.p.i.IntermediateProofReplayer Proof replay took 6.9ns 
134965     INFO  main            d.u.i.k.p.r.p.TestFile    ... finished proof: closed. 
135223     INFO  main            d.u.i.k.p.i.AbstractProblemLoader Loading environment from /home/runner/work/key/key/key.core/../key.ui/examples/heap/SmansEtAl/Iterator_list_dep.key.proof 
135223     DEBUG main            d.u.i.k.p.i.AbstractProblemLoader Environment load took 113.7ns 
135224     INFO  main            d.u.i.k.p.i.AbstractProblemLoader Creating init config 
137774     DEBUG main            d.u.i.k.p.i.AbstractProblemLoader Init config took 2.55s 
137810     INFO  main            d.u.i.k.p.i.AbstractProblemLoader Replaying proof Iterator[Iterator::list()].JML accessible clause.0 
137824     DEBUG main            d.u.i.k.p.i.IntermediateProofReplayer Proof replay took 12.59ms 
137825     DEBUG main            d.u.i.k.p.r.p.TestFile    ... success: reloaded. 
137826     INFO  main            d.u.i.k.p.r.p.TestFile    Now processing file /home/runner/work/key/key/key.core/../key.ui/examples/heap/SmansEtAl/Iterator_list.key 
137826     INFO  main            d.u.i.k.p.i.AbstractProblemLoader Loading environment from /home/runner/work/key/key/key.core/../key.ui/examples/heap/SmansEtAl/Iterator_list.key 
137826     DEBUG main            d.u.i.k.p.i.AbstractProblemLoader Environment load took 56.2ns 
137827     INFO  main            d.u.i.k.p.i.AbstractProblemLoader Creating init config 
140438     DEBUG main            d.u.i.k.p.i.AbstractProblemLoader Init config took 2.61s 
140474     INFO  main            d.u.i.k.p.i.AbstractProblemLoader Replaying proof Iterator[Iterator::list()].JML normal_behavior operation contract.0 
140476     DEBUG main            d.u.i.k.p.i.IntermediateProofReplayer Proof replay took 6.5ns 
140578     INFO  main            d.u.i.k.p.r.p.TestFile    ... finished proof: closed. 
140842     INFO  main            d.u.i.k.p.i.AbstractProblemLoader Loading environment from /home/runner/work/key/key/key.core/../key.ui/examples/heap/SmansEtAl/Iterator_list.key.proof 
140842     DEBUG main            d.u.i.k.p.i.AbstractProblemLoader Environment load took 121.5ns 
140843     INFO  main            d.u.i.k.p.i.AbstractProblemLoader Creating init config 
143413     DEBUG main            d.u.i.k.p.i.AbstractProblemLoader Init config took 2.57s 
143450     INFO  main            d.u.i.k.p.i.AbstractProblemLoader Replaying proof Iterator[Iterator::list()].JML normal_behavior operation contract.0 
143464     DEBUG main            d.u.i.k.p.i.IntermediateProofReplayer Proof replay took 11.7ms 
143464     DEBUG main            d.u.i.k.p.r.p.TestFile    ... success: reloaded. 
143465     INFO  main            d.u.i.k.p.r.p.TestFile    Now processing file /home/runner/work/key/key/key.core/../key.ui/examples/heap/SmansEtAl/Iterator_next.key 
143466     INFO  main            d.u.i.k.p.i.AbstractProblemLoader Loading environment from /home/runner/work/key/key/key.core/../key.ui/examples/heap/SmansEtAl/Iterator_next.key 
143466     DEBUG main            d.u.i.k.p.i.AbstractProblemLoader Environment load took 98.5ns 
143467     INFO  main            d.u.i.k.p.i.AbstractProblemLoader Creating init config 
146134     DEBUG main            d.u.i.k.p.i.AbstractProblemLoader Init config took 2.67s 
146173     INFO  main            d.u.i.k.p.i.AbstractProblemLoader Replaying proof Iterator[Iterator::next()].JML normal_behavior operation contract.0 
146175     DEBUG main            d.u.i.k.p.i.IntermediateProofReplayer Proof replay took 6ns 
148584     INFO  main            d.u.i.k.p.r.p.TestFile    ... finished proof: closed. 
148878     INFO  main            d.u.i.k.p.i.AbstractProblemLoader Loading environment from /home/runner/work/key/key/key.core/../key.ui/examples/heap/SmansEtAl/Iterator_next.key.proof 
148878     DEBUG main            d.u.i.k.p.i.AbstractProblemLoader Environment load took 488.81ns 
148880     INFO  main            d.u.i.k.p.i.AbstractProblemLoader Creating init config 
151482     DEBUG main            d.u.i.k.p.i.AbstractProblemLoader Init config took 2.6s 
151519     INFO  main            d.u.i.k.p.i.AbstractProblemLoader Replaying proof Iterator[Iterator::next()].JML normal_behavior operation contract.0 
151738     DEBUG main            d.u.i.k.p.i.IntermediateProofReplayer Proof replay took 201.8ms 
151740     DEBUG main            d.u.i.k.p.r.p.TestFile    ... success: reloaded. 
151741     INFO  main            d.u.i.k.p.r.p.TestFile    Now processing file /home/runner/work/key/key/key.core/../key.ui/examples/heap/SmansEtAl/Stack_footprint.key 
151741     INFO  main            d.u.i.k.p.i.AbstractProblemLoader Loading environment from /home/runner/work/key/key/key.core/../key.ui/examples/heap/SmansEtAl/Stack_footprint.key 
151741     DEBUG main            d.u.i.k.p.i.AbstractProblemLoader Environment load took 165.5ns 
151742     INFO  main            d.u.i.k.p.i.AbstractProblemLoader Creating init config 
154352     DEBUG main            d.u.i.k.p.i.AbstractProblemLoader Init config took 2.61s 
154386     INFO  main            d.u.i.k.p.i.AbstractProblemLoader Replaying proof Stack[Stack::$footprint()].JML accessible clause.0 
154388     DEBUG main            d.u.i.k.p.i.IntermediateProofReplayer Proof replay took 6.4ns 
154590     INFO  main            d.u.i.k.p.r.p.TestFile    ... finished proof: closed. 
154886     INFO  main            d.u.i.k.p.i.AbstractProblemLoader Loading environment from /home/runner/work/key/key/key.core/../key.ui/examples/heap/SmansEtAl/Stack_footprint.key.proof 
154886     DEBUG main            d.u.i.k.p.i.AbstractProblemLoader Environment load took 117.1ns 
154887     INFO  main            d.u.i.k.p.i.AbstractProblemLoader Creating init config 
157435     DEBUG main            d.u.i.k.p.i.AbstractProblemLoader Init config took 2.55s 
157471     INFO  main            d.u.i.k.p.i.AbstractProblemLoader Replaying proof Stack[Stack::$footprint()].JML accessible clause.0 
157495     DEBUG main            d.u.i.k.p.i.IntermediateProofReplayer Proof replay took 20.66ms 
157496     DEBUG main            d.u.i.k.p.r.p.TestFile    ... success: reloaded. 
157498     INFO  main            d.u.i.k.p.r.p.TestFile    Now processing file /home/runner/work/key/key/key.core/../key.ui/examples/heap/SmansEtAl/Stack_inv.key 
157499     INFO  main            d.u.i.k.p.i.AbstractProblemLoader Loading environment from /home/runner/work/key/key/key.core/../key.ui/examples/heap/SmansEtAl/Stack_inv.key 
157499     DEBUG main            d.u.i.k.p.i.AbstractProblemLoader Environment load took 245.4ns 
157501     INFO  main            d.u.i.k.p.i.AbstractProblemLoader Creating init config 
160116     DEBUG main            d.u.i.k.p.i.AbstractProblemLoader Init config took 2.62s 
160150     INFO  main            d.u.i.k.p.i.AbstractProblemLoader Replaying proof Stack[java.lang.Object::<inv>()].JML accessible clause.0 
160151     DEBUG main            d.u.i.k.p.i.IntermediateProofReplayer Proof replay took 6.3ns 
160253     INFO  main            d.u.i.k.p.r.p.TestFile    ... finished proof: closed. 
160534     INFO  main            d.u.i.k.p.i.AbstractProblemLoader Loading environment from /home/runner/work/key/key/key.core/../key.ui/examples/heap/SmansEtAl/Stack_inv.key.proof 
160534     DEBUG main            d.u.i.k.p.i.AbstractProblemLoader Environment load took 119.4ns 
160535     INFO  main            d.u.i.k.p.i.AbstractProblemLoader Creating init config 
163065     DEBUG main            d.u.i.k.p.i.AbstractProblemLoader Init config took 2.53s 
163098     INFO  main            d.u.i.k.p.i.AbstractProblemLoader Replaying proof Stack[java.lang.Object::<inv>()].JML accessible clause.0 
163107     DEBUG main            d.u.i.k.p.i.IntermediateProofReplayer Proof replay took 7.25ms 
163108     DEBUG main            d.u.i.k.p.r.p.TestFile    ... success: reloaded. 
163109     INFO  main            d.u.i.k.p.r.p.TestFile    Now processing file /home/runner/work/key/key/key.core/../key.ui/examples/heap/SmansEtAl/Stack_push.key 
163109     INFO  main            d.u.i.k.p.i.AbstractProblemLoader Loading environment from /home/runner/work/key/key/key.core/../key.ui/examples/heap/SmansEtAl/Stack_push.key 
163109     DEBUG main            d.u.i.k.p.i.AbstractProblemLoader Environment load took 209.2ns 
163110     INFO  main            d.u.i.k.p.i.AbstractProblemLoader Creating init config 
165714     DEBUG main            d.u.i.k.p.i.AbstractProblemLoader Init config took 2.6s 
165749     INFO  main            d.u.i.k.p.i.AbstractProblemLoader Replaying proof Stack[Stack::push(java.lang.Object)].JML normal_behavior operation contract.0 
165750     DEBUG main            d.u.i.k.p.i.IntermediateProofReplayer Proof replay took 7.6ns 
166354     INFO  main            d.u.i.k.p.r.p.TestFile    ... finished proof: closed. 
166675     INFO  main            d.u.i.k.p.i.AbstractProblemLoader Loading environment from /home/runner/work/key/key/key.core/../key.ui/examples/heap/SmansEtAl/Stack_push.key.proof 
166675     DEBUG main            d.u.i.k.p.i.AbstractProblemLoader Environment load took 534.61ns 
166676     INFO  main            d.u.i.k.p.i.AbstractProblemLoader Creating init config 
169250     DEBUG main            d.u.i.k.p.i.AbstractProblemLoader Init config took 2.57s 
169288     INFO  main            d.u.i.k.p.i.AbstractProblemLoader Replaying proof Stack[Stack::push(java.lang.Object)].JML normal_behavior operation contract.0 
169383     DEBUG main            d.u.i.k.p.i.IntermediateProofReplayer Proof replay took 86.83ms 
169386     DEBUG main            d.u.i.k.p.r.p.TestFile    ... success: reloaded. 
169389     INFO  main            d.u.i.k.p.r.p.TestFile    Now processing file /home/runner/work/key/key/key.core/../key.ui/examples/heap/SmansEtAl/Stack_size.key 
169389     INFO  main            d.u.i.k.p.i.AbstractProblemLoader Loading environment from /home/runner/work/key/key/key.core/../key.ui/examples/heap/SmansEtAl/Stack_size.key 
169390     DEBUG main            d.u.i.k.p.i.AbstractProblemLoader Environment load took 250.1ns 
169391     INFO  main            d.u.i.k.p.i.AbstractProblemLoader Creating init config 
171957     DEBUG main            d.u.i.k.p.i.AbstractProblemLoader Init config took 2.57s 
172010     INFO  main            d.u.i.k.p.i.AbstractProblemLoader Replaying proof Stack[Stack::size()].JML accessible clause.0 
172012     DEBUG main            d.u.i.k.p.i.IntermediateProofReplayer Proof replay took 7.5ns 
172214     INFO  main            d.u.i.k.p.r.p.TestFile    ... finished proof: closed. 
172506     INFO  main            d.u.i.k.p.i.AbstractProblemLoader Loading environment from /home/runner/work/key/key/key.core/../key.ui/examples/heap/SmansEtAl/Stack_size.key.proof 
172506     DEBUG main            d.u.i.k.p.i.AbstractProblemLoader Environment load took 121.8ns 
172507     INFO  main            d.u.i.k.p.i.AbstractProblemLoader Creating init config 
175051     DEBUG main            d.u.i.k.p.i.AbstractProblemLoader Init config took 2.54s 
175086     INFO  main            d.u.i.k.p.i.AbstractProblemLoader Replaying proof Stack[Stack::size()].JML accessible clause.0 
175120     DEBUG main            d.u.i.k.p.i.IntermediateProofReplayer Proof replay took 31.08ms 
175120     DEBUG main            d.u.i.k.p.r.p.TestFile    ... success: reloaded. 
175121     INFO  main            d.u.i.k.p.r.p.TestFile    Now processing file /home/runner/work/key/key/key.core/../key.ui/examples/heap/SmansEtAl/Stack_Stack.key 
175122     INFO  main            d.u.i.k.p.i.AbstractProblemLoader Loading environment from /home/runner/work/key/key/key.core/../key.ui/examples/heap/SmansEtAl/Stack_Stack.key 
175122     DEBUG main            d.u.i.k.p.i.AbstractProblemLoader Environment load took 89.6ns 
175123     INFO  main            d.u.i.k.p.i.AbstractProblemLoader Creating init config 
177718     DEBUG main            d.u.i.k.p.i.AbstractProblemLoader Init config took 2.6s 
177755     INFO  main            d.u.i.k.p.i.AbstractProblemLoader Replaying proof Stack[Stack::Stack()].JML normal_behavior operation contract.0 
177757     DEBUG main            d.u.i.k.p.i.IntermediateProofReplayer Proof replay took 6.7ns 
178785     INFO  main            d.u.i.k.p.r.p.TestFile    ... finished proof: closed. 
179139     INFO  main            d.u.i.k.p.i.AbstractProblemLoader Loading environment from /home/runner/work/key/key/key.core/../key.ui/examples/heap/SmansEtAl/Stack_Stack.key.proof 
179140     DEBUG main            d.u.i.k.p.i.AbstractProblemLoader Environment load took 520.31ns 
179141     INFO  main            d.u.i.k.p.i.AbstractProblemLoader Creating init config 
181671     DEBUG main            d.u.i.k.p.i.AbstractProblemLoader Init config took 2.53s 
181706     INFO  main            d.u.i.k.p.i.AbstractProblemLoader Replaying proof Stack[Stack::Stack()].JML normal_behavior operation contract.0 
181850     DEBUG main            d.u.i.k.p.i.IntermediateProofReplayer Proof replay took 136.24ms 
181851     DEBUG main            d.u.i.k.p.r.p.TestFile    ... success: reloaded. 
181852     INFO  main            d.u.i.k.p.r.p.TestFile    Now processing file /home/runner/work/key/key/key.core/../key.ui/examples/heap/SmansEtAl/Stack_switchContents.key 
181852     INFO  main            d.u.i.k.p.i.AbstractProblemLoader Loading environment from /home/runner/work/key/key/key.core/../key.ui/examples/heap/SmansEtAl/Stack_switchContents.key 
181852     DEBUG main            d.u.i.k.p.i.AbstractProblemLoader Environment load took 87.1ns 
181853     INFO  main            d.u.i.k.p.i.AbstractProblemLoader Creating init config 
184447     DEBUG main            d.u.i.k.p.i.AbstractProblemLoader Init config took 2.59s 
184482     INFO  main            d.u.i.k.p.i.AbstractProblemLoader Replaying proof Stack[Stack::switchContents(Stack)].JML normal_behavior operation contract.0 
184484     DEBUG main            d.u.i.k.p.i.IntermediateProofReplayer Proof replay took 6.6ns 
188804     INFO  main            d.u.i.k.p.r.p.TestFile    ... finished proof: closed. 
189136     INFO  main            d.u.i.k.p.i.AbstractProblemLoader Loading environment from /home/runner/work/key/key/key.core/../key.ui/examples/heap/SmansEtAl/Stack_switchContents.key.proof 
189137     DEBUG main            d.u.i.k.p.i.AbstractProblemLoader Environment load took 446.01ns 
189139     INFO  main            d.u.i.k.p.i.AbstractProblemLoader Creating init config 
191670     DEBUG main            d.u.i.k.p.i.AbstractProblemLoader Init config took 2.53s 
191705     INFO  main            d.u.i.k.p.i.AbstractProblemLoader Replaying proof Stack[Stack::switchContents(Stack)].JML normal_behavior operation contract.0 
191997     DEBUG main            d.u.i.k.p.i.IntermediateProofReplayer Proof replay took 274.52ms 
191999     DEBUG main            d.u.i.k.p.r.p.TestFile    ... success: reloaded. 
2031507    INFO  Test worker     d.u.i.k.p.r.p.StatisticsFile Returning from test SmansEtAl 
2031510    INFO  Test worker     d.u.i.k.p.r.p.StatisticsFile Running test VACID0 
335        INFO  Timeout watchdog d.u.i.k.p.r.p.ForkedTestFileRunner Timeout watcher launched (2000 secs.) 
349        WARN  main            d.u.i.k.s.ProofSettings   The settings in /home/runner/.key/proof-settings.props are *not* read. 
385        INFO  main            d.u.i.k.p.r.p.TestFile    Now processing file /home/runner/work/key/key/key.core/../key.ui/examples/heap/vacid0_01_SparseArray/Harness_sparseArrayTestHarness1.key 
517        INFO  main            d.u.i.k.p.i.AbstractProblemLoader Loading environment from /home/runner/work/key/key/key.core/../key.ui/examples/heap/vacid0_01_SparseArray/Harness_sparseArrayTestHarness1.key 
534        DEBUG main            d.u.i.k.p.i.AbstractProblemLoader Environment load took 2.28ms 
758        INFO  main            d.u.i.k.p.i.AbstractProblemLoader Creating init config 
1693       DEBUG main            d.u.i.k.j.TypeConverter   No LDT found for Meta 
1695       DEBUG main            d.u.i.k.j.TypeConverter   No LDT found for Meta 
1698       DEBUG main            d.u.i.k.j.TypeConverter   No LDT found for Meta 
1698       DEBUG main            d.u.i.k.j.TypeConverter   No LDT found for Meta 
2992       DEBUG main            d.u.i.k.j.TypeConverter   No LDT found for JavaBigintExpression 
8171       DEBUG main            d.u.i.k.p.i.AbstractProblemLoader Init config took 7.41s 
8305       INFO  main            d.u.i.k.p.i.AbstractProblemLoader Replaying proof Harness[Harness::sparseArrayTestHarness1()].JML normal_behavior operation contract.0 
8338       DEBUG main            d.u.i.k.p.i.IntermediateProofReplayer Proof replay took 33.2ns 
9904       INFO  main            d.u.i.k.p.r.p.TestFile    ... finished proof: closed. 
10083      INFO  main            d.u.i.k.p.i.AbstractProblemLoader Loading environment from /home/runner/work/key/key/key.core/../key.ui/examples/heap/vacid0_01_SparseArray/Harness_sparseArrayTestHarness1.key.proof 
10084      DEBUG main            d.u.i.k.p.i.AbstractProblemLoader Environment load took 239.1ns 
10087      INFO  main            d.u.i.k.p.i.AbstractProblemLoader Creating init config 
13046      DEBUG main            d.u.i.k.p.i.AbstractProblemLoader Init config took 2.96s 
13119      INFO  main            d.u.i.k.p.i.AbstractProblemLoader Replaying proof Harness[Harness::sparseArrayTestHarness1()].JML normal_behavior operation contract.0 
13261      DEBUG main            d.u.i.k.p.i.IntermediateProofReplayer Proof replay took 132.86ms 
13269      DEBUG main            d.u.i.k.p.r.p.TestFile    ... success: reloaded. 
13271      INFO  main            d.u.i.k.p.r.p.TestFile    Now processing file /home/runner/work/key/key/key.core/../key.ui/examples/heap/vacid0_01_SparseArray/Harness_sparseArrayTestHarness2.key 
13271      INFO  main            d.u.i.k.p.i.AbstractProblemLoader Loading environment from /home/runner/work/key/key/key.core/../key.ui/examples/heap/vacid0_01_SparseArray/Harness_sparseArrayTestHarness2.key 
13272      DEBUG main            d.u.i.k.p.i.AbstractProblemLoader Environment load took 240.7ns 
13273      INFO  main            d.u.i.k.p.i.AbstractProblemLoader Creating init config 
16011      DEBUG main            d.u.i.k.p.i.AbstractProblemLoader Init config took 2.74s 
16068      INFO  main            d.u.i.k.p.i.AbstractProblemLoader Replaying proof Harness[Harness::sparseArrayTestHarness2()].JML normal_behavior operation contract.0 
16071      DEBUG main            d.u.i.k.p.i.IntermediateProofReplayer Proof replay took 5.5ns 
27585      INFO  main            d.u.i.k.p.r.p.TestFile    ... finished proof: closed. 
27783      INFO  main            d.u.i.k.p.i.AbstractProblemLoader Loading environment from /home/runner/work/key/key/key.core/../key.ui/examples/heap/vacid0_01_SparseArray/Harness_sparseArrayTestHarness2.key.proof 
27784      DEBUG main            d.u.i.k.p.i.AbstractProblemLoader Environment load took 705.71ns 
27795      INFO  main            d.u.i.k.p.i.AbstractProblemLoader Creating init config 
30567      DEBUG main            d.u.i.k.p.i.AbstractProblemLoader Init config took 2.77s 
30616      INFO  main            d.u.i.k.p.i.AbstractProblemLoader Replaying proof Harness[Harness::sparseArrayTestHarness2()].JML normal_behavior operation contract.0 
31660      DEBUG main            d.u.i.k.p.i.IntermediateProofReplayer Proof replay took 994.87ms 
31663      DEBUG main            d.u.i.k.p.r.p.TestFile    ... success: reloaded. 
31686      INFO  main            d.u.i.k.p.r.p.TestFile    Now processing file /home/runner/work/key/key/key.core/../key.ui/examples/heap/vacid0_01_SparseArray/MemoryAllocator_alloc_unsigned.key 
31687      INFO  main            d.u.i.k.p.i.AbstractProblemLoader Loading environment from /home/runner/work/key/key/key.core/../key.ui/examples/heap/vacid0_01_SparseArray/MemoryAllocator_alloc_unsigned.key 
31687      DEBUG main            d.u.i.k.p.i.AbstractProblemLoader Environment load took 88ns 
31688      INFO  main            d.u.i.k.p.i.AbstractProblemLoader Creating init config 
34286      DEBUG main            d.u.i.k.p.i.AbstractProblemLoader Init config took 2.6s 
34350      INFO  main            d.u.i.k.p.i.AbstractProblemLoader Replaying proof MemoryAllocator[MemoryAllocator::alloc_unsigned(int)].JML normal_behavior operation contract.0 
34352      DEBUG main            d.u.i.k.p.i.IntermediateProofReplayer Proof replay took 6ns 
35257      INFO  main            d.u.i.k.p.r.p.TestFile    ... finished proof: closed. 
35452      INFO  main            d.u.i.k.p.i.AbstractProblemLoader Loading environment from /home/runner/work/key/key/key.core/../key.ui/examples/heap/vacid0_01_SparseArray/MemoryAllocator_alloc_unsigned.key.proof 
35452      DEBUG main            d.u.i.k.p.i.AbstractProblemLoader Environment load took 145.3ns 
35454      INFO  main            d.u.i.k.p.i.AbstractProblemLoader Creating init config 
38087      DEBUG main            d.u.i.k.p.i.AbstractProblemLoader Init config took 2.63s 
38131      INFO  main            d.u.i.k.p.i.AbstractProblemLoader Replaying proof MemoryAllocator[MemoryAllocator::alloc_unsigned(int)].JML normal_behavior operation contract.0 
38289      DEBUG main            d.u.i.k.p.i.IntermediateProofReplayer Proof replay took 152.48ms 
38290      DEBUG main            d.u.i.k.p.r.p.TestFile    ... success: reloaded. 
38292      INFO  main            d.u.i.k.p.r.p.TestFile    Now processing file /home/runner/work/key/key/key.core/../key.ui/examples/heap/vacid0_01_SparseArray/MemoryAllocator_alloc.key 
38292      INFO  main            d.u.i.k.p.i.AbstractProblemLoader Loading environment from /home/runner/work/key/key/key.core/../key.ui/examples/heap/vacid0_01_SparseArray/MemoryAllocator_alloc.key 
38293      DEBUG main            d.u.i.k.p.i.AbstractProblemLoader Environment load took 225.6ns 
38294      INFO  main            d.u.i.k.p.i.AbstractProblemLoader Creating init config 
40968      DEBUG main            d.u.i.k.p.i.AbstractProblemLoader Init config took 2.67s 
41011      INFO  main            d.u.i.k.p.i.AbstractProblemLoader Replaying proof MemoryAllocator[MemoryAllocator::alloc(int)].JML normal_behavior operation contract.0 
41013      DEBUG main            d.u.i.k.p.i.IntermediateProofReplayer Proof replay took 5.3ns 
41617      INFO  main            d.u.i.k.p.r.p.TestFile    ... finished proof: closed. 
41793      INFO  main            d.u.i.k.p.i.AbstractProblemLoader Loading environment from /home/runner/work/key/key/key.core/../key.ui/examples/heap/vacid0_01_SparseArray/MemoryAllocator_alloc.key.proof 
41794      DEBUG main            d.u.i.k.p.i.AbstractProblemLoader Environment load took 634.41ns 
41795      INFO  main            d.u.i.k.p.i.AbstractProblemLoader Creating init config 
44370      DEBUG main            d.u.i.k.p.i.AbstractProblemLoader Init config took 2.57s 
44411      INFO  main            d.u.i.k.p.i.AbstractProblemLoader Replaying proof MemoryAllocator[MemoryAllocator::alloc(int)].JML normal_behavior operation contract.0 
44509      DEBUG main            d.u.i.k.p.i.IntermediateProofReplayer Proof replay took 93.09ms 
44510      DEBUG main            d.u.i.k.p.r.p.TestFile    ... success: reloaded. 
44511      INFO  main            d.u.i.k.p.r.p.TestFile    Now processing file /home/runner/work/key/key/key.core/../key.ui/examples/heap/vacid0_01_SparseArray/SparseArray_get_dep.key 
44511      INFO  main            d.u.i.k.p.i.AbstractProblemLoader Loading environment from /home/runner/work/key/key/key.core/../key.ui/examples/heap/vacid0_01_SparseArray/SparseArray_get_dep.key 
44511      DEBUG main            d.u.i.k.p.i.AbstractProblemLoader Environment load took 116.4ns 
44512      INFO  main            d.u.i.k.p.i.AbstractProblemLoader Creating init config 
47148      DEBUG main            d.u.i.k.p.i.AbstractProblemLoader Init config took 2.64s 
47248      INFO  main            d.u.i.k.p.i.AbstractProblemLoader Replaying proof SparseArray[SparseArray::get(int)].JML accessible clause.0 
47260      DEBUG main            d.u.i.k.p.i.IntermediateProofReplayer Proof replay took 6.9ns 
49623      INFO  main            d.u.i.k.p.r.p.TestFile    ... finished proof: closed. 
49816      INFO  main            d.u.i.k.p.i.AbstractProblemLoader Loading environment from /home/runner/work/key/key/key.core/../key.ui/examples/heap/vacid0_01_SparseArray/SparseArray_get_dep.key.proof 
49817      DEBUG main            d.u.i.k.p.i.AbstractProblemLoader Environment load took 481.01ns 
49818      INFO  main            d.u.i.k.p.i.AbstractProblemLoader Creating init config 
52369      DEBUG main            d.u.i.k.p.i.AbstractProblemLoader Init config took 2.55s 
52429      INFO  main            d.u.i.k.p.i.AbstractProblemLoader Replaying proof SparseArray[SparseArray::get(int)].JML accessible clause.0 
52611      DEBUG main            d.u.i.k.p.i.IntermediateProofReplayer Proof replay took 172.36ms 
52612      DEBUG main            d.u.i.k.p.r.p.TestFile    ... success: reloaded. 
52614      INFO  main            d.u.i.k.p.r.p.TestFile    Now processing file /home/runner/work/key/key/key.core/../key.ui/examples/heap/vacid0_01_SparseArray/SparseArray_get.key 
52614      INFO  main            d.u.i.k.p.i.AbstractProblemLoader Loading environment from /home/runner/work/key/key/key.core/../key.ui/examples/heap/vacid0_01_SparseArray/SparseArray_get.key 
52614      DEBUG main            d.u.i.k.p.i.AbstractProblemLoader Environment load took 313.2ns 
52615      INFO  main            d.u.i.k.p.i.AbstractProblemLoader Creating init config 
55244      DEBUG main            d.u.i.k.p.i.AbstractProblemLoader Init config took 2.63s 
55305      INFO  main            d.u.i.k.p.i.AbstractProblemLoader Replaying proof SparseArray[SparseArray::get(int)].JML normal_behavior operation contract.0 
55306      DEBUG main            d.u.i.k.p.i.IntermediateProofReplayer Proof replay took 5.9ns 
57532      INFO  main            d.u.i.k.p.r.p.TestFile    ... finished proof: closed. 
57730      INFO  main            d.u.i.k.p.i.AbstractProblemLoader Loading environment from /home/runner/work/key/key/key.core/../key.ui/examples/heap/vacid0_01_SparseArray/SparseArray_get.key.proof 
57730      DEBUG main            d.u.i.k.p.i.AbstractProblemLoader Environment load took 450.81ns 
57732      INFO  main            d.u.i.k.p.i.AbstractProblemLoader Creating init config 
60298      DEBUG main            d.u.i.k.p.i.AbstractProblemLoader Init config took 2.57s 
60356      INFO  main            d.u.i.k.p.i.AbstractProblemLoader Replaying proof SparseArray[SparseArray::get(int)].JML normal_behavior operation contract.0 
60529      DEBUG main            d.u.i.k.p.i.IntermediateProofReplayer Proof replay took 164.48ms 
60531      DEBUG main            d.u.i.k.p.r.p.TestFile    ... success: reloaded. 
60532      INFO  main            d.u.i.k.p.r.p.TestFile    Now processing file /home/runner/work/key/key/key.core/../key.ui/examples/heap/vacid0_01_SparseArray/SparseArray_inv.key 
60532      INFO  main            d.u.i.k.p.i.AbstractProblemLoader Loading environment from /home/runner/work/key/key/key.core/../key.ui/examples/heap/vacid0_01_SparseArray/SparseArray_inv.key 
60533      DEBUG main            d.u.i.k.p.i.AbstractProblemLoader Environment load took 230.2ns 
60534      INFO  main            d.u.i.k.p.i.AbstractProblemLoader Creating init config 
63090      DEBUG main            d.u.i.k.p.i.AbstractProblemLoader Init config took 2.56s 
63147      INFO  main            d.u.i.k.p.i.AbstractProblemLoader Replaying proof SparseArray[java.lang.Object::<inv>()].JML accessible clause.0 
63149      DEBUG main            d.u.i.k.p.i.IntermediateProofReplayer Proof replay took 5.9ns 
64957      INFO  main            d.u.i.k.p.r.p.TestFile    ... finished proof: closed. 
65141      INFO  main            d.u.i.k.p.i.AbstractProblemLoader Loading environment from /home/runner/work/key/key/key.core/../key.ui/examples/heap/vacid0_01_SparseArray/SparseArray_inv.key.proof 
65141      DEBUG main            d.u.i.k.p.i.AbstractProblemLoader Environment load took 490.81ns 
65143      INFO  main            d.u.i.k.p.i.AbstractProblemLoader Creating init config 
67663      DEBUG main            d.u.i.k.p.i.AbstractProblemLoader Init config took 2.52s 
67720      INFO  main            d.u.i.k.p.i.AbstractProblemLoader Replaying proof SparseArray[java.lang.Object::<inv>()].JML accessible clause.0 
67783      DEBUG main            d.u.i.k.p.i.IntermediateProofReplayer Proof replay took 57.97ms 
67785      DEBUG main            d.u.i.k.p.r.p.TestFile    ... success: reloaded. 
67786      INFO  main            d.u.i.k.p.r.p.TestFile    Now processing file /home/runner/work/key/key/key.core/../key.ui/examples/heap/vacid0_01_SparseArray/SparseArray_SparseArray.key 
67786      INFO  main            d.u.i.k.p.i.AbstractProblemLoader Loading environment from /home/runner/work/key/key/key.core/../key.ui/examples/heap/vacid0_01_SparseArray/SparseArray_SparseArray.key 
67787      DEBUG main            d.u.i.k.p.i.AbstractProblemLoader Environment load took 217.1ns 
67788      INFO  main            d.u.i.k.p.i.AbstractProblemLoader Creating init config 
70346      DEBUG main            d.u.i.k.p.i.AbstractProblemLoader Init config took 2.56s 
70427      INFO  main            d.u.i.k.p.i.AbstractProblemLoader Replaying proof SparseArray[SparseArray::SparseArray(int)].JML normal_behavior operation contract.0 
70429      DEBUG main            d.u.i.k.p.i.IntermediateProofReplayer Proof replay took 6.3ns 
73744      INFO  main            d.u.i.k.p.r.p.TestFile    ... finished proof: closed. 
74027      INFO  main            d.u.i.k.p.i.AbstractProblemLoader Loading environment from /home/runner/work/key/key/key.core/../key.ui/examples/heap/vacid0_01_SparseArray/SparseArray_SparseArray.key.proof 
74028      DEBUG main            d.u.i.k.p.i.AbstractProblemLoader Environment load took 442.71ns 
74030      INFO  main            d.u.i.k.p.i.AbstractProblemLoader Creating init config 
76592      DEBUG main            d.u.i.k.p.i.AbstractProblemLoader Init config took 2.56s 
76650      INFO  main            d.u.i.k.p.i.AbstractProblemLoader Replaying proof SparseArray[SparseArray::SparseArray(int)].JML normal_behavior operation contract.0 
76964      DEBUG main            d.u.i.k.p.i.IntermediateProofReplayer Proof replay took 303.23ms 
76965      DEBUG main            d.u.i.k.p.r.p.TestFile    ... success: reloaded. 
2108643    INFO  Test worker     d.u.i.k.p.r.p.StatisticsFile Returning from test VACID0 
2108645    INFO  Test worker     d.u.i.k.p.r.p.StatisticsFile Running test VSTTE10 
341        INFO  Timeout watchdog d.u.i.k.p.r.p.ForkedTestFileRunner Timeout watcher launched (2000 secs.) 
354        WARN  main            d.u.i.k.s.ProofSettings   The settings in /home/runner/.key/proof-settings.props are *not* read. 
382        INFO  main            d.u.i.k.p.r.p.TestFile    Now processing file /home/runner/work/key/key/key.core/../key.ui/examples/heap/vstte10_01_SumAndMax/SumAndMax_sumAndMax.key 
491        INFO  main            d.u.i.k.p.i.AbstractProblemLoader Loading environment from /home/runner/work/key/key/key.core/../key.ui/examples/heap/vstte10_01_SumAndMax/SumAndMax_sumAndMax.key 
509        DEBUG main            d.u.i.k.p.i.AbstractProblemLoader Environment load took 2.24ms 
730        INFO  main            d.u.i.k.p.i.AbstractProblemLoader Creating init config 
1654       DEBUG main            d.u.i.k.j.TypeConverter   No LDT found for Meta 
1657       DEBUG main            d.u.i.k.j.TypeConverter   No LDT found for Meta 
1660       DEBUG main            d.u.i.k.j.TypeConverter   No LDT found for Meta 
1660       DEBUG main            d.u.i.k.j.TypeConverter   No LDT found for Meta 
3201       DEBUG main            d.u.i.k.j.TypeConverter   No LDT found for JavaBigintExpression 
8023       DEBUG main            d.u.i.k.p.i.AbstractProblemLoader Init config took 7.29s 
8147       INFO  main            d.u.i.k.p.i.AbstractProblemLoader Replaying proof SumAndMax[SumAndMax::sumAndMax([I)].JML normal_behavior operation contract.0 
8180       DEBUG main            d.u.i.k.p.i.IntermediateProofReplayer Proof replay took 35.6ns 
13259      INFO  main            d.u.i.k.p.r.p.TestFile    ... finished proof: closed. 
13442      INFO  main            d.u.i.k.p.i.AbstractProblemLoader Loading environment from /home/runner/work/key/key/key.core/../key.ui/examples/heap/vstte10_01_SumAndMax/SumAndMax_sumAndMax.key.proof 
13443      DEBUG main            d.u.i.k.p.i.AbstractProblemLoader Environment load took 495.11ns 
13447      INFO  main            d.u.i.k.p.i.AbstractProblemLoader Creating init config 
16258      DEBUG main            d.u.i.k.p.i.AbstractProblemLoader Init config took 2.81s 
16317      INFO  main            d.u.i.k.p.i.AbstractProblemLoader Replaying proof SumAndMax[SumAndMax::sumAndMax([I)].JML normal_behavior operation contract.0 
16862      DEBUG main            d.u.i.k.p.i.IntermediateProofReplayer Proof replay took 522.93ms 
16870      DEBUG main            d.u.i.k.p.r.p.TestFile    ... success: reloaded. 
16872      INFO  main            d.u.i.k.p.r.p.TestFile    Now processing file /home/runner/work/key/key/key.core/../key.ui/examples/heap/vstte10_03_LinkedList/Node_cons.key 
16873      INFO  main            d.u.i.k.p.i.AbstractProblemLoader Loading environment from /home/runner/work/key/key/key.core/../key.ui/examples/heap/vstte10_03_LinkedList/Node_cons.key 
16873      DEBUG main            d.u.i.k.p.i.AbstractProblemLoader Environment load took 248.7ns 
16874      INFO  main            d.u.i.k.p.i.AbstractProblemLoader Creating init config 
19641      DEBUG main            d.u.i.k.p.i.AbstractProblemLoader Init config took 2.77s 
19730      INFO  main            d.u.i.k.p.i.AbstractProblemLoader Replaying proof Node[Node::cons(int,Node)].JML normal_behavior operation contract.0 
19736      DEBUG main            d.u.i.k.p.i.IntermediateProofReplayer Proof replay took 5.9ns 
21244      INFO  main            d.u.i.k.p.r.p.TestFile    ... finished proof: closed. 
21412      INFO  main            d.u.i.k.p.i.AbstractProblemLoader Loading environment from /home/runner/work/key/key/key.core/../key.ui/examples/heap/vstte10_03_LinkedList/Node_cons.key.proof 
21414      DEBUG main            d.u.i.k.p.i.AbstractProblemLoader Environment load took 2ms 
21417      INFO  main            d.u.i.k.p.i.AbstractProblemLoader Creating init config 
24044      DEBUG main            d.u.i.k.p.i.AbstractProblemLoader Init config took 2.63s 
24098      INFO  main            d.u.i.k.p.i.AbstractProblemLoader Replaying proof Node[Node::cons(int,Node)].JML normal_behavior operation contract.0 
24305      DEBUG main            d.u.i.k.p.i.IntermediateProofReplayer Proof replay took 192.94ms 
24307      DEBUG main            d.u.i.k.p.r.p.TestFile    ... success: reloaded. 
24308      INFO  main            d.u.i.k.p.r.p.TestFile    Now processing file /home/runner/work/key/key/key.core/../key.ui/examples/heap/vstte10_03_LinkedList/Node_inv.key 
24309      INFO  main            d.u.i.k.p.i.AbstractProblemLoader Loading environment from /home/runner/work/key/key/key.core/../key.ui/examples/heap/vstte10_03_LinkedList/Node_inv.key 
24309      DEBUG main            d.u.i.k.p.i.AbstractProblemLoader Environment load took 255.1ns 
24310      INFO  main            d.u.i.k.p.i.AbstractProblemLoader Creating init config 
26953      DEBUG main            d.u.i.k.p.i.AbstractProblemLoader Init config took 2.64s 
27008      INFO  main            d.u.i.k.p.i.AbstractProblemLoader Replaying proof Node[java.lang.Object::<inv>()].JML accessible clause.0 
27010      DEBUG main            d.u.i.k.p.i.IntermediateProofReplayer Proof replay took 6.8ns 
27413      INFO  main            d.u.i.k.p.r.p.TestFile    ... finished proof: closed. 
27568      INFO  main            d.u.i.k.p.i.AbstractProblemLoader Loading environment from /home/runner/work/key/key/key.core/../key.ui/examples/heap/vstte10_03_LinkedList/Node_inv.key.proof 
27569      DEBUG main            d.u.i.k.p.i.AbstractProblemLoader Environment load took 583.71ns 
27570      INFO  main            d.u.i.k.p.i.AbstractProblemLoader Creating init config 
30125      DEBUG main            d.u.i.k.p.i.AbstractProblemLoader Init config took 2.55s 
30174      INFO  main            d.u.i.k.p.i.AbstractProblemLoader Replaying proof Node[java.lang.Object::<inv>()].JML accessible clause.0 
30202      DEBUG main            d.u.i.k.p.i.IntermediateProofReplayer Proof replay took 23.79ms 
30203      DEBUG main            d.u.i.k.p.r.p.TestFile    ... success: reloaded. 
30204      INFO  main            d.u.i.k.p.r.p.TestFile    Now processing file /home/runner/work/key/key/key.core/../key.ui/examples/heap/vstte10_03_LinkedList/Node_search.key 
30204      INFO  main            d.u.i.k.p.i.AbstractProblemLoader Loading environment from /home/runner/work/key/key/key.core/../key.ui/examples/heap/vstte10_03_LinkedList/Node_search.key 
30204      DEBUG main            d.u.i.k.p.i.AbstractProblemLoader Environment load took 188.1ns 
30206      INFO  main            d.u.i.k.p.i.AbstractProblemLoader Creating init config 
32807      DEBUG main            d.u.i.k.p.i.AbstractProblemLoader Init config took 2.6s 
32880      INFO  main            d.u.i.k.p.i.AbstractProblemLoader Replaying proof Node[Node::search()].JML normal_behavior operation contract.0 
32883      DEBUG main            d.u.i.k.p.i.IntermediateProofReplayer Proof replay took 6.8ns 
38916      INFO  main            d.u.i.k.p.r.p.TestFile    ... finished proof: closed. 
39117      INFO  main            d.u.i.k.p.i.AbstractProblemLoader Loading environment from /home/runner/work/key/key/key.core/../key.ui/examples/heap/vstte10_03_LinkedList/Node_search.key.proof 
39118      DEBUG main            d.u.i.k.p.i.AbstractProblemLoader Environment load took 557.61ns 
39121      INFO  main            d.u.i.k.p.i.AbstractProblemLoader Creating init config 
41668      DEBUG main            d.u.i.k.p.i.AbstractProblemLoader Init config took 2.55s 
41718      INFO  main            d.u.i.k.p.i.AbstractProblemLoader Replaying proof Node[Node::search()].JML normal_behavior operation contract.0 
42197      DEBUG main            d.u.i.k.p.i.IntermediateProofReplayer Proof replay took 433.16ms 
42200      DEBUG main            d.u.i.k.p.r.p.TestFile    ... success: reloaded. 
42201      INFO  main            d.u.i.k.p.r.p.TestFile    Now processing file /home/runner/work/key/key/key.core/../key.ui/examples/heap/vstte10_04_Queens/Queens_isConsistent.key 
42201      INFO  main            d.u.i.k.p.i.AbstractProblemLoader Loading environment from /home/runner/work/key/key/key.core/../key.ui/examples/heap/vstte10_04_Queens/Queens_isConsistent.key 
42202      DEBUG main            d.u.i.k.p.i.AbstractProblemLoader Environment load took 234.7ns 
42203      INFO  main            d.u.i.k.p.i.AbstractProblemLoader Creating init config 
45060      DEBUG main            d.u.i.k.p.i.AbstractProblemLoader Init config took 2.86s 
45108      INFO  main            d.u.i.k.p.i.AbstractProblemLoader Replaying proof Queens[Queens::isConsistent([I,int)].JML normal_behavior operation contract.0 
45110      DEBUG main            d.u.i.k.p.i.IntermediateProofReplayer Proof replay took 7.2ns 
46969      INFO  main            d.u.i.k.p.r.p.TestFile    ... finished proof: closed. 
47232      INFO  main            d.u.i.k.p.i.AbstractProblemLoader Loading environment from /home/runner/work/key/key/key.core/../key.ui/examples/heap/vstte10_04_Queens/Queens_isConsistent.key.proof 
47233      DEBUG main            d.u.i.k.p.i.AbstractProblemLoader Environment load took 575.91ns 
47235      INFO  main            d.u.i.k.p.i.AbstractProblemLoader Creating init config 
49847      DEBUG main            d.u.i.k.p.i.AbstractProblemLoader Init config took 2.61s 
49888      INFO  main            d.u.i.k.p.i.AbstractProblemLoader Replaying proof Queens[Queens::isConsistent([I,int)].JML normal_behavior operation contract.0 
50146      DEBUG main            d.u.i.k.p.i.IntermediateProofReplayer Proof replay took 248.47ms 
50148      DEBUG main            d.u.i.k.p.r.p.TestFile    ... success: reloaded. 
50149      INFO  main            d.u.i.k.p.r.p.TestFile    Now processing file /home/runner/work/key/key/key.core/../key.ui/examples/heap/vstte10_04_Queens/Queens_nQueens.key 
50150      INFO  main            d.u.i.k.p.i.AbstractProblemLoader Loading environment from /home/runner/work/key/key/key.core/../key.ui/examples/heap/vstte10_04_Queens/Queens_nQueens.key 
50151      DEBUG main            d.u.i.k.p.i.AbstractProblemLoader Environment load took 622.41ns 
50152      INFO  main            d.u.i.k.p.i.AbstractProblemLoader Creating init config 
52748      DEBUG main            d.u.i.k.p.i.AbstractProblemLoader Init config took 2.6s 
52790      INFO  main            d.u.i.k.p.i.AbstractProblemLoader Replaying proof Queens[Queens::nQueens(int)].JML normal_behavior operation contract.0 
52792      DEBUG main            d.u.i.k.p.i.IntermediateProofReplayer Proof replay took 7.3ns 
64740      INFO  main            d.u.i.k.p.r.p.TestFile    ... finished proof: closed. 
64955      INFO  main            d.u.i.k.p.i.AbstractProblemLoader Loading environment from /home/runner/work/key/key/key.core/../key.ui/examples/heap/vstte10_04_Queens/Queens_nQueens.key.proof 
64955      DEBUG main            d.u.i.k.p.i.AbstractProblemLoader Environment load took 454.71ns 
64958      INFO  main            d.u.i.k.p.i.AbstractProblemLoader Creating init config 
67520      DEBUG main            d.u.i.k.p.i.AbstractProblemLoader Init config took 2.56s 
67561      INFO  main            d.u.i.k.p.i.AbstractProblemLoader Replaying proof Queens[Queens::nQueens(int)].JML normal_behavior operation contract.0 
67945      DEBUG main            d.u.i.k.p.i.IntermediateProofReplayer Proof replay took 365.51ms 
67947      DEBUG main            d.u.i.k.p.r.p.TestFile    ... success: reloaded. 
67948      INFO  main            d.u.i.k.p.r.p.TestFile    Now processing file /home/runner/work/key/key/key.core/../key.ui/examples/heap/vstte10_05_Queue/AmortizedQueue_AmortizedQueue.key 
67948      INFO  main            d.u.i.k.p.i.AbstractProblemLoader Loading environment from /home/runner/work/key/key/key.core/../key.ui/examples/heap/vstte10_05_Queue/AmortizedQueue_AmortizedQueue.key 
67949      DEBUG main            d.u.i.k.p.i.AbstractProblemLoader Environment load took 116.3ns 
67950      INFO  main            d.u.i.k.p.i.AbstractProblemLoader Creating init config 
70632      DEBUG main            d.u.i.k.p.i.AbstractProblemLoader Init config took 2.68s 
70677      INFO  main            d.u.i.k.p.i.AbstractProblemLoader Replaying proof AmortizedQueue[AmortizedQueue::AmortizedQueue()].JML normal_behavior operation contract.0 
70678      DEBUG main            d.u.i.k.p.i.IntermediateProofReplayer Proof replay took 6.9ns 
72190      INFO  main            d.u.i.k.p.r.p.TestFile    ... finished proof: closed. 
72386      INFO  main            d.u.i.k.p.i.AbstractProblemLoader Loading environment from /home/runner/work/key/key/key.core/../key.ui/examples/heap/vstte10_05_Queue/AmortizedQueue_AmortizedQueue.key.proof 
72386      DEBUG main            d.u.i.k.p.i.AbstractProblemLoader Environment load took 211.8ns 
72388      INFO  main            d.u.i.k.p.i.AbstractProblemLoader Creating init config 
75024      DEBUG main            d.u.i.k.p.i.AbstractProblemLoader Init config took 2.64s 
75075      INFO  main            d.u.i.k.p.i.AbstractProblemLoader Replaying proof AmortizedQueue[AmortizedQueue::AmortizedQueue()].JML normal_behavior operation contract.0 
75256      DEBUG main            d.u.i.k.p.i.IntermediateProofReplayer Proof replay took 172.75ms 
75257      DEBUG main            d.u.i.k.p.r.p.TestFile    ... success: reloaded. 
75258      INFO  main            d.u.i.k.p.r.p.TestFile    Now processing file /home/runner/work/key/key/key.core/../key.ui/examples/heap/vstte10_05_Queue/AmortizedQueue_front.key 
75258      INFO  main            d.u.i.k.p.i.AbstractProblemLoader Loading environment from /home/runner/work/key/key/key.core/../key.ui/examples/heap/vstte10_05_Queue/AmortizedQueue_front.key 
75259      DEBUG main            d.u.i.k.p.i.AbstractProblemLoader Environment load took 241.4ns 
75260      INFO  main            d.u.i.k.p.i.AbstractProblemLoader Creating init config 
77880      DEBUG main            d.u.i.k.p.i.AbstractProblemLoader Init config took 2.62s 
77923      INFO  main            d.u.i.k.p.i.AbstractProblemLoader Replaying proof AmortizedQueue[AmortizedQueue::front()].JML normal_behavior operation contract.0 
77925      DEBUG main            d.u.i.k.p.i.IntermediateProofReplayer Proof replay took 6.1ns 
78430      INFO  main            d.u.i.k.p.r.p.TestFile    ... finished proof: closed. 
78624      INFO  main            d.u.i.k.p.i.AbstractProblemLoader Loading environment from /home/runner/work/key/key/key.core/../key.ui/examples/heap/vstte10_05_Queue/AmortizedQueue_front.key.proof 
78624      DEBUG main            d.u.i.k.p.i.AbstractProblemLoader Environment load took 136.6ns 
78625      INFO  main            d.u.i.k.p.i.AbstractProblemLoader Creating init config 
81203      DEBUG main            d.u.i.k.p.i.AbstractProblemLoader Init config took 2.58s 
81249      INFO  main            d.u.i.k.p.i.AbstractProblemLoader Replaying proof AmortizedQueue[AmortizedQueue::front()].JML normal_behavior operation contract.0 
81287      DEBUG main            d.u.i.k.p.i.IntermediateProofReplayer Proof replay took 35.04ms 
81289      DEBUG main            d.u.i.k.p.r.p.TestFile    ... success: reloaded. 
81290      INFO  main            d.u.i.k.p.r.p.TestFile    Now processing file /home/runner/work/key/key/key.core/../key.ui/examples/heap/vstte10_05_Queue/LinkedList_concat.key 
81292      INFO  main            d.u.i.k.p.i.AbstractProblemLoader Loading environment from /home/runner/work/key/key/key.core/../key.ui/examples/heap/vstte10_05_Queue/LinkedList_concat.key 
81292      DEBUG main            d.u.i.k.p.i.AbstractProblemLoader Environment load took 139.6ns 
81294      INFO  main            d.u.i.k.p.i.AbstractProblemLoader Creating init config 
83914      DEBUG main            d.u.i.k.p.i.AbstractProblemLoader Init config took 2.62s 
83959      INFO  main            d.u.i.k.p.i.AbstractProblemLoader Replaying proof LinkedList[LinkedList::concat(LinkedList)].JML normal_behavior operation contract.0 
83960      DEBUG main            d.u.i.k.p.i.IntermediateProofReplayer Proof replay took 7.8ns 
91714      INFO  main            d.u.i.k.p.r.p.TestFile    ... finished proof: closed. 
91965      INFO  main            d.u.i.k.p.i.AbstractProblemLoader Loading environment from /home/runner/work/key/key/key.core/../key.ui/examples/heap/vstte10_05_Queue/LinkedList_concat.key.proof 
91965      DEBUG main            d.u.i.k.p.i.AbstractProblemLoader Environment load took 437.81ns 
91968      INFO  main            d.u.i.k.p.i.AbstractProblemLoader Creating init config 
94527      DEBUG main            d.u.i.k.p.i.AbstractProblemLoader Init config took 2.56s 
94576      INFO  main            d.u.i.k.p.i.AbstractProblemLoader Replaying proof LinkedList[LinkedList::concat(LinkedList)].JML normal_behavior operation contract.0 
94989      DEBUG main            d.u.i.k.p.i.IntermediateProofReplayer Proof replay took 382.19ms 
94991      DEBUG main            d.u.i.k.p.r.p.TestFile    ... success: reloaded. 
94993      INFO  main            d.u.i.k.p.r.p.TestFile    Now processing file /home/runner/work/key/key/key.core/../key.ui/examples/heap/vstte10_05_Queue/LinkedList_cons.key 
94993      INFO  main            d.u.i.k.p.i.AbstractProblemLoader Loading environment from /home/runner/work/key/key/key.core/../key.ui/examples/heap/vstte10_05_Queue/LinkedList_cons.key 
94993      DEBUG main            d.u.i.k.p.i.AbstractProblemLoader Environment load took 228.2ns 
94995      INFO  main            d.u.i.k.p.i.AbstractProblemLoader Creating init config 
97651      DEBUG main            d.u.i.k.p.i.AbstractProblemLoader Init config took 2.66s 
97695      INFO  main            d.u.i.k.p.i.AbstractProblemLoader Replaying proof LinkedList[LinkedList::cons(int)].JML normal_behavior operation contract.0 
97696      DEBUG main            d.u.i.k.p.i.IntermediateProofReplayer Proof replay took 7.2ns 
99905      INFO  main            d.u.i.k.p.r.p.TestFile    ... finished proof: closed. 
100135     INFO  main            d.u.i.k.p.i.AbstractProblemLoader Loading environment from /home/runner/work/key/key/key.core/../key.ui/examples/heap/vstte10_05_Queue/LinkedList_cons.key.proof 
100135     DEBUG main            d.u.i.k.p.i.AbstractProblemLoader Environment load took 440.11ns 
100137     INFO  main            d.u.i.k.p.i.AbstractProblemLoader Creating init config 
102732     DEBUG main            d.u.i.k.p.i.AbstractProblemLoader Init config took 2.6s 
102777     INFO  main            d.u.i.k.p.i.AbstractProblemLoader Replaying proof LinkedList[LinkedList::cons(int)].JML normal_behavior operation contract.0 
102959     DEBUG main            d.u.i.k.p.i.IntermediateProofReplayer Proof replay took 171.56ms 
102960     DEBUG main            d.u.i.k.p.r.p.TestFile    ... success: reloaded. 
102962     INFO  main            d.u.i.k.p.r.p.TestFile    Now processing file /home/runner/work/key/key/key.core/../key.ui/examples/heap/vstte10_05_Queue/LinkedList_head.key 
102962     INFO  main            d.u.i.k.p.i.AbstractProblemLoader Loading environment from /home/runner/work/key/key/key.core/../key.ui/examples/heap/vstte10_05_Queue/LinkedList_head.key 
102962     DEBUG main            d.u.i.k.p.i.AbstractProblemLoader Environment load took 139ns 
102963     INFO  main            d.u.i.k.p.i.AbstractProblemLoader Creating init config 
105584     DEBUG main            d.u.i.k.p.i.AbstractProblemLoader Init config took 2.62s 
105626     INFO  main            d.u.i.k.p.i.AbstractProblemLoader Replaying proof LinkedList[LinkedList::head()].JML normal_behavior operation contract.0 
105627     DEBUG main            d.u.i.k.p.i.IntermediateProofReplayer Proof replay took 6ns 
105729     INFO  main            d.u.i.k.p.r.p.TestFile    ... finished proof: closed. 
105936     INFO  main            d.u.i.k.p.i.AbstractProblemLoader Loading environment from /home/runner/work/key/key/key.core/../key.ui/examples/heap/vstte10_05_Queue/LinkedList_head.key.proof 
105936     DEBUG main            d.u.i.k.p.i.AbstractProblemLoader Environment load took 133.2ns 
105937     INFO  main            d.u.i.k.p.i.AbstractProblemLoader Creating init config 
108500     DEBUG main            d.u.i.k.p.i.AbstractProblemLoader Init config took 2.56s 
108542     INFO  main            d.u.i.k.p.i.AbstractProblemLoader Replaying proof LinkedList[LinkedList::head()].JML normal_behavior operation contract.0 
108554     DEBUG main            d.u.i.k.p.i.IntermediateProofReplayer Proof replay took 9.53ms 
108555     DEBUG main            d.u.i.k.p.r.p.TestFile    ... success: reloaded. 
108556     INFO  main            d.u.i.k.p.r.p.TestFile    Now processing file /home/runner/work/key/key/key.core/../key.ui/examples/heap/vstte10_05_Queue/LinkedList_inv.key 
108557     INFO  main            d.u.i.k.p.i.AbstractProblemLoader Loading environment from /home/runner/work/key/key/key.core/../key.ui/examples/heap/vstte10_05_Queue/LinkedList_inv.key 
108557     DEBUG main            d.u.i.k.p.i.AbstractProblemLoader Environment load took 211.8ns 
108558     INFO  main            d.u.i.k.p.i.AbstractProblemLoader Creating init config 
111179     DEBUG main            d.u.i.k.p.i.AbstractProblemLoader Init config took 2.62s 
111220     INFO  main            d.u.i.k.p.i.AbstractProblemLoader Replaying proof LinkedList[java.lang.Object::<inv>()].JML accessible clause.0 
111221     DEBUG main            d.u.i.k.p.i.IntermediateProofReplayer Proof replay took 6.8ns 
111524     INFO  main            d.u.i.k.p.r.p.TestFile    ... finished proof: closed. 
111731     INFO  main            d.u.i.k.p.i.AbstractProblemLoader Loading environment from /home/runner/work/key/key/key.core/../key.ui/examples/heap/vstte10_05_Queue/LinkedList_inv.key.proof 
111731     DEBUG main            d.u.i.k.p.i.AbstractProblemLoader Environment load took 128.7ns 
111732     INFO  main            d.u.i.k.p.i.AbstractProblemLoader Creating init config 
114305     DEBUG main            d.u.i.k.p.i.AbstractProblemLoader Init config took 2.57s 
114347     INFO  main            d.u.i.k.p.i.AbstractProblemLoader Replaying proof LinkedList[java.lang.Object::<inv>()].JML accessible clause.0 
114366     DEBUG main            d.u.i.k.p.i.IntermediateProofReplayer Proof replay took 16.61ms 
114367     DEBUG main            d.u.i.k.p.r.p.TestFile    ... success: reloaded. 
114369     INFO  main            d.u.i.k.p.r.p.TestFile    Now processing file /home/runner/work/key/key/key.core/../key.ui/examples/heap/vstte10_05_Queue/LinkedList_length.key 
114369     INFO  main            d.u.i.k.p.i.AbstractProblemLoader Loading environment from /home/runner/work/key/key/key.core/../key.ui/examples/heap/vstte10_05_Queue/LinkedList_length.key 
114369     DEBUG main            d.u.i.k.p.i.AbstractProblemLoader Environment load took 207.6ns 
114370     INFO  main            d.u.i.k.p.i.AbstractProblemLoader Creating init config 
116987     DEBUG main            d.u.i.k.p.i.AbstractProblemLoader Init config took 2.62s 
117028     INFO  main            d.u.i.k.p.i.AbstractProblemLoader Replaying proof LinkedList[LinkedList::length()].JML normal_behavior operation contract.0 
117030     DEBUG main            d.u.i.k.p.i.IntermediateProofReplayer Proof replay took 7.1ns 
117131     INFO  main            d.u.i.k.p.r.p.TestFile    ... finished proof: closed. 
117364     INFO  main            d.u.i.k.p.i.AbstractProblemLoader Loading environment from /home/runner/work/key/key/key.core/../key.ui/examples/heap/vstte10_05_Queue/LinkedList_length.key.proof 
117364     DEBUG main            d.u.i.k.p.i.AbstractProblemLoader Environment load took 123.3ns 
117365     INFO  main            d.u.i.k.p.i.AbstractProblemLoader Creating init config 
119895     DEBUG main            d.u.i.k.p.i.AbstractProblemLoader Init config took 2.53s 
119936     INFO  main            d.u.i.k.p.i.AbstractProblemLoader Replaying proof LinkedList[LinkedList::length()].JML normal_behavior operation contract.0 
119947     DEBUG main            d.u.i.k.p.i.IntermediateProofReplayer Proof replay took 9.57ms 
119948     DEBUG main            d.u.i.k.p.r.p.TestFile    ... success: reloaded. 
119949     INFO  main            d.u.i.k.p.r.p.TestFile    Now processing file /home/runner/work/key/key/key.core/../key.ui/examples/heap/vstte10_05_Queue/LinkedList_LinkedList1.key 
119949     INFO  main            d.u.i.k.p.i.AbstractProblemLoader Loading environment from /home/runner/work/key/key/key.core/../key.ui/examples/heap/vstte10_05_Queue/LinkedList_LinkedList1.key 
119949     DEBUG main            d.u.i.k.p.i.AbstractProblemLoader Environment load took 80.4ns 
119950     INFO  main            d.u.i.k.p.i.AbstractProblemLoader Creating init config 
122580     DEBUG main            d.u.i.k.p.i.AbstractProblemLoader Init config took 2.63s 
122622     INFO  main            d.u.i.k.p.i.AbstractProblemLoader Replaying proof LinkedList[LinkedList::LinkedList(int,LinkedList)].JML normal_behavior operation contract.0 
122624     DEBUG main            d.u.i.k.p.i.IntermediateProofReplayer Proof replay took 6.1ns 
124467     INFO  main            d.u.i.k.p.r.p.TestFile    ... finished proof: closed. 
124712     INFO  main            d.u.i.k.p.i.AbstractProblemLoader Loading environment from /home/runner/work/key/key/key.core/../key.ui/examples/heap/vstte10_05_Queue/LinkedList_LinkedList1.key.proof 
124714     DEBUG main            d.u.i.k.p.i.AbstractProblemLoader Environment load took 2.27ms 
124716     INFO  main            d.u.i.k.p.i.AbstractProblemLoader Creating init config 
127258     DEBUG main            d.u.i.k.p.i.AbstractProblemLoader Init config took 2.54s 
127300     INFO  main            d.u.i.k.p.i.AbstractProblemLoader Replaying proof LinkedList[LinkedList::LinkedList(int,LinkedList)].JML normal_behavior operation contract.0 
127463     DEBUG main            d.u.i.k.p.i.IntermediateProofReplayer Proof replay took 156.53ms 
127465     DEBUG main            d.u.i.k.p.r.p.TestFile    ... success: reloaded. 
127466     INFO  main            d.u.i.k.p.r.p.TestFile    Now processing file /home/runner/work/key/key/key.core/../key.ui/examples/heap/vstte10_05_Queue/LinkedList_LinkedList2.key 
127467     INFO  main            d.u.i.k.p.i.AbstractProblemLoader Loading environment from /home/runner/work/key/key/key.core/../key.ui/examples/heap/vstte10_05_Queue/LinkedList_LinkedList2.key 
127467     DEBUG main            d.u.i.k.p.i.AbstractProblemLoader Environment load took 195.9ns 
127468     INFO  main            d.u.i.k.p.i.AbstractProblemLoader Creating init config 
130056     DEBUG main            d.u.i.k.p.i.AbstractProblemLoader Init config took 2.59s 
130097     INFO  main            d.u.i.k.p.i.AbstractProblemLoader Replaying proof LinkedList[LinkedList::LinkedList(int,LinkedList)].JML normal_behavior operation contract.0 
130099     DEBUG main            d.u.i.k.p.i.IntermediateProofReplayer Proof replay took 6.7ns 
131905     INFO  main            d.u.i.k.p.r.p.TestFile    ... finished proof: closed. 
132152     INFO  main            d.u.i.k.p.i.AbstractProblemLoader Loading environment from /home/runner/work/key/key/key.core/../key.ui/examples/heap/vstte10_05_Queue/LinkedList_LinkedList2.key.proof 
132152     DEBUG main            d.u.i.k.p.i.AbstractProblemLoader Environment load took 439.01ns 
132154     INFO  main            d.u.i.k.p.i.AbstractProblemLoader Creating init config 
134688     DEBUG main            d.u.i.k.p.i.AbstractProblemLoader Init config took 2.53s 
134732     INFO  main            d.u.i.k.p.i.AbstractProblemLoader Replaying proof LinkedList[LinkedList::LinkedList(int,LinkedList)].JML normal_behavior operation contract.0 
134908     DEBUG main            d.u.i.k.p.i.IntermediateProofReplayer Proof replay took 168ms 
134909     DEBUG main            d.u.i.k.p.r.p.TestFile    ... success: reloaded. 
134910     INFO  main            d.u.i.k.p.r.p.TestFile    Now processing file /home/runner/work/key/key/key.core/../key.ui/examples/heap/vstte10_05_Queue/LinkedList_LinkedList3.key 
134910     INFO  main            d.u.i.k.p.i.AbstractProblemLoader Loading environment from /home/runner/work/key/key/key.core/../key.ui/examples/heap/vstte10_05_Queue/LinkedList_LinkedList3.key 
134910     DEBUG main            d.u.i.k.p.i.AbstractProblemLoader Environment load took 87.3ns 
134911     INFO  main            d.u.i.k.p.i.AbstractProblemLoader Creating init config 
137510     DEBUG main            d.u.i.k.p.i.AbstractProblemLoader Init config took 2.6s 
137551     INFO  main            d.u.i.k.p.i.AbstractProblemLoader Replaying proof LinkedList[LinkedList::LinkedList(int,LinkedList)].JML normal_behavior operation contract.0 
137553     DEBUG main            d.u.i.k.p.i.IntermediateProofReplayer Proof replay took 6.7ns 
150751     INFO  main            d.u.i.k.p.r.p.TestFile    ... finished proof: closed. 
151112     INFO  main            d.u.i.k.p.i.AbstractProblemLoader Loading environment from /home/runner/work/key/key/key.core/../key.ui/examples/heap/vstte10_05_Queue/LinkedList_LinkedList3.key.proof 
151113     DEBUG main            d.u.i.k.p.i.AbstractProblemLoader Environment load took 214.2ns 
151119     INFO  main            d.u.i.k.p.i.AbstractProblemLoader Creating init config 
153632     DEBUG main            d.u.i.k.p.i.AbstractProblemLoader Init config took 2.51s 
153674     INFO  main            d.u.i.k.p.i.AbstractProblemLoader Replaying proof LinkedList[LinkedList::LinkedList(int,LinkedList)].JML normal_behavior operation contract.0 
154645     DEBUG main            d.u.i.k.p.i.IntermediateProofReplayer Proof replay took 872.1ms 
154651     DEBUG main            d.u.i.k.p.r.p.TestFile    ... success: reloaded. 
154652     INFO  main            d.u.i.k.p.r.p.TestFile    Now processing file /home/runner/work/key/key/key.core/../key.ui/examples/heap/vstte10_05_Queue/LinkedList_reverse.key 
154653     INFO  main            d.u.i.k.p.i.AbstractProblemLoader Loading environment from /home/runner/work/key/key/key.core/../key.ui/examples/heap/vstte10_05_Queue/LinkedList_reverse.key 
154653     DEBUG main            d.u.i.k.p.i.AbstractProblemLoader Environment load took 69.7ns 
154654     INFO  main            d.u.i.k.p.i.AbstractProblemLoader Creating init config 
157285     DEBUG main            d.u.i.k.p.i.AbstractProblemLoader Init config took 2.63s 
157337     INFO  main            d.u.i.k.p.i.AbstractProblemLoader Replaying proof LinkedList[LinkedList::reverse()].JML normal_behavior operation contract.0 
157339     DEBUG main            d.u.i.k.p.i.IntermediateProofReplayer Proof replay took 6.5ns 
166115     INFO  main            d.u.i.k.p.r.p.TestFile    ... finished proof: closed. 
166445     INFO  main            d.u.i.k.p.i.AbstractProblemLoader Loading environment from /home/runner/work/key/key/key.core/../key.ui/examples/heap/vstte10_05_Queue/LinkedList_reverse.key.proof 
166447     DEBUG main            d.u.i.k.p.i.AbstractProblemLoader Environment load took 1.44ms 
166450     INFO  main            d.u.i.k.p.i.AbstractProblemLoader Creating init config 
168954     DEBUG main            d.u.i.k.p.i.AbstractProblemLoader Init config took 2.5s 
168995     INFO  main            d.u.i.k.p.i.AbstractProblemLoader Replaying proof LinkedList[LinkedList::reverse()].JML normal_behavior operation contract.0 
169482     DEBUG main            d.u.i.k.p.i.IntermediateProofReplayer Proof replay took 455.27ms 
169484     DEBUG main            d.u.i.k.p.r.p.TestFile    ... success: reloaded. 
169485     INFO  main            d.u.i.k.p.r.p.TestFile    Now processing file /home/runner/work/key/key/key.core/../key.ui/examples/heap/vstte10_05_Queue/LinkedList_tail.key 
169486     INFO  main            d.u.i.k.p.i.AbstractProblemLoader Loading environment from /home/runner/work/key/key/key.core/../key.ui/examples/heap/vstte10_05_Queue/LinkedList_tail.key 
169486     DEBUG main            d.u.i.k.p.i.AbstractProblemLoader Environment load took 87ns 
169487     INFO  main            d.u.i.k.p.i.AbstractProblemLoader Creating init config 
172083     DEBUG main            d.u.i.k.p.i.AbstractProblemLoader Init config took 2.6s 
172123     INFO  main            d.u.i.k.p.i.AbstractProblemLoader Replaying proof LinkedList[LinkedList::tail()].JML normal_behavior operation contract.0 
172125     DEBUG main            d.u.i.k.p.i.IntermediateProofReplayer Proof replay took 45.2ns 
172629     INFO  main            d.u.i.k.p.r.p.TestFile    ... finished proof: closed. 
172898     INFO  main            d.u.i.k.p.i.AbstractProblemLoader Loading environment from /home/runner/work/key/key/key.core/../key.ui/examples/heap/vstte10_05_Queue/LinkedList_tail.key.proof 
172898     DEBUG main            d.u.i.k.p.i.AbstractProblemLoader Environment load took 124.6ns 
172900     INFO  main            d.u.i.k.p.i.AbstractProblemLoader Creating init config 
175397     DEBUG main            d.u.i.k.p.i.AbstractProblemLoader Init config took 2.5s 
175439     INFO  main            d.u.i.k.p.i.AbstractProblemLoader Replaying proof LinkedList[LinkedList::tail()].JML normal_behavior operation contract.0 
175509     DEBUG main            d.u.i.k.p.i.IntermediateProofReplayer Proof replay took 67.7ms 
175510     DEBUG main            d.u.i.k.p.r.p.TestFile    ... success: reloaded. 
2284343    INFO  Test worker     d.u.i.k.p.r.p.StatisticsFile Returning from test VSTTE10 
2284346    INFO  Test worker     d.u.i.k.p.r.p.StatisticsFile Running test WeideEtAl 
369        INFO  Timeout watchdog d.u.i.k.p.r.p.ForkedTestFileRunner Timeout watcher launched (2000 secs.) 
385        WARN  main            d.u.i.k.s.ProofSettings   The settings in /home/runner/.key/proof-settings.props are *not* read. 
413        INFO  main            d.u.i.k.p.r.p.TestFile    Now processing file /home/runner/work/key/key/key.core/../key.ui/examples/heap/WeideEtAl_01_AddAndMultiply/AddAndMultiply_add.key 
516        INFO  main            d.u.i.k.p.i.AbstractProblemLoader Loading environment from /home/runner/work/key/key/key.core/../key.ui/examples/heap/WeideEtAl_01_AddAndMultiply/AddAndMultiply_add.key 
541        DEBUG main            d.u.i.k.p.i.AbstractProblemLoader Environment load took 2.35ms 
760        INFO  main            d.u.i.k.p.i.AbstractProblemLoader Creating init config 
1558       DEBUG main            d.u.i.k.j.TypeConverter   No LDT found for Meta 
1558       DEBUG main            d.u.i.k.j.TypeConverter   No LDT found for Meta 
1560       DEBUG main            d.u.i.k.j.TypeConverter   No LDT found for Meta 
1560       DEBUG main            d.u.i.k.j.TypeConverter   No LDT found for Meta 
3135       DEBUG main            d.u.i.k.j.TypeConverter   No LDT found for JavaBigintExpression 
7763       DEBUG main            d.u.i.k.p.i.AbstractProblemLoader Init config took 7s 
7922       INFO  main            d.u.i.k.p.i.AbstractProblemLoader Replaying proof AddAndMultiply[AddAndMultiply::add(int,int)].JML normal_behavior operation contract.0 
7959       DEBUG main            d.u.i.k.p.i.IntermediateProofReplayer Proof replay took 38.3ns 
9403       INFO  main            d.u.i.k.p.r.p.TestFile    ... finished proof: closed. 
9580       INFO  main            d.u.i.k.p.i.AbstractProblemLoader Loading environment from /home/runner/work/key/key/key.core/../key.ui/examples/heap/WeideEtAl_01_AddAndMultiply/AddAndMultiply_add.key.proof 
9581       DEBUG main            d.u.i.k.p.i.AbstractProblemLoader Environment load took 478.31ns 
9583       INFO  main            d.u.i.k.p.i.AbstractProblemLoader Creating init config 
12332      DEBUG main            d.u.i.k.p.i.AbstractProblemLoader Init config took 2.75s 
12404      INFO  main            d.u.i.k.p.i.AbstractProblemLoader Replaying proof AddAndMultiply[AddAndMultiply::add(int,int)].JML normal_behavior operation contract.0 
12582      DEBUG main            d.u.i.k.p.i.IntermediateProofReplayer Proof replay took 168.5ms 
12590      DEBUG main            d.u.i.k.p.r.p.TestFile    ... success: reloaded. 
12592      INFO  main            d.u.i.k.p.r.p.TestFile    Now processing file /home/runner/work/key/key/key.core/../key.ui/examples/heap/WeideEtAl_01_AddAndMultiply/AddAndMultiply_mul.key 
12593      INFO  main            d.u.i.k.p.i.AbstractProblemLoader Loading environment from /home/runner/work/key/key/key.core/../key.ui/examples/heap/WeideEtAl_01_AddAndMultiply/AddAndMultiply_mul.key 
12593      DEBUG main            d.u.i.k.p.i.AbstractProblemLoader Environment load took 249.2ns 
12595      INFO  main            d.u.i.k.p.i.AbstractProblemLoader Creating init config 
15143      DEBUG main            d.u.i.k.p.i.AbstractProblemLoader Init config took 2.55s 
15198      INFO  main            d.u.i.k.p.i.AbstractProblemLoader Replaying proof AddAndMultiply[AddAndMultiply::mul(int,int)].JML normal_behavior operation contract.0 
15201      DEBUG main            d.u.i.k.p.i.IntermediateProofReplayer Proof replay took 7ns 
15706      INFO  main            d.u.i.k.p.r.p.TestFile    ... finished proof: closed. 
15853      INFO  main            d.u.i.k.p.i.AbstractProblemLoader Loading environment from /home/runner/work/key/key/key.core/../key.ui/examples/heap/WeideEtAl_01_AddAndMultiply/AddAndMultiply_mul.key.proof 
15854      DEBUG main            d.u.i.k.p.i.AbstractProblemLoader Environment load took 503.31ns 
15856      INFO  main            d.u.i.k.p.i.AbstractProblemLoader Creating init config 
18359      DEBUG main            d.u.i.k.p.i.AbstractProblemLoader Init config took 2.5s 
18408      INFO  main            d.u.i.k.p.i.AbstractProblemLoader Replaying proof AddAndMultiply[AddAndMultiply::mul(int,int)].JML normal_behavior operation contract.0 
18503      DEBUG main            d.u.i.k.p.i.IntermediateProofReplayer Proof replay took 89.57ms 
18504      DEBUG main            d.u.i.k.p.r.p.TestFile    ... success: reloaded. 
18505      INFO  main            d.u.i.k.p.r.p.TestFile    Now processing file /home/runner/work/key/key/key.core/../key.ui/examples/heap/WeideEtAl_02_BinarySearch/BinarySearch_search.key 
18506      INFO  main            d.u.i.k.p.i.AbstractProblemLoader Loading environment from /home/runner/work/key/key/key.core/../key.ui/examples/heap/WeideEtAl_02_BinarySearch/BinarySearch_search.key 
18506      DEBUG main            d.u.i.k.p.i.AbstractProblemLoader Environment load took 270.2ns 
18507      INFO  main            d.u.i.k.p.i.AbstractProblemLoader Creating init config 
21020      DEBUG main            d.u.i.k.p.i.AbstractProblemLoader Init config took 2.51s 
21067      INFO  main            d.u.i.k.p.i.AbstractProblemLoader Replaying proof BinarySearch[BinarySearch::search([I,int)].JML normal_behavior operation contract.0 
21072      DEBUG main            d.u.i.k.p.i.IntermediateProofReplayer Proof replay took 6.3ns 
24308      INFO  main            d.u.i.k.p.r.p.TestFile    ... finished proof: closed. 
24489      INFO  main            d.u.i.k.p.i.AbstractProblemLoader Loading environment from /home/runner/work/key/key/key.core/../key.ui/examples/heap/WeideEtAl_02_BinarySearch/BinarySearch_search.key.proof 
24492      DEBUG main            d.u.i.k.p.i.AbstractProblemLoader Environment load took 3.3ms 
24494      INFO  main            d.u.i.k.p.i.AbstractProblemLoader Creating init config 
26956      DEBUG main            d.u.i.k.p.i.AbstractProblemLoader Init config took 2.46s 
27007      INFO  main            d.u.i.k.p.i.AbstractProblemLoader Replaying proof BinarySearch[BinarySearch::search([I,int)].JML normal_behavior operation contract.0 
27409      DEBUG main            d.u.i.k.p.i.IntermediateProofReplayer Proof replay took 373.62ms 
27411      DEBUG main            d.u.i.k.p.r.p.TestFile    ... success: reloaded. 
2311928    INFO  Test worker     d.u.i.k.p.r.p.StatisticsFile Returning from test WeideEtAl 
2311929    INFO  Test worker     d.u.i.k.p.r.p.StatisticsFile Running test arithmetic 
373        INFO  Timeout watchdog d.u.i.k.p.r.p.ForkedTestFileRunner Timeout watcher launched (2000 secs.) 
381        WARN  main            d.u.i.k.s.ProofSettings   The settings in /home/runner/.key/proof-settings.props are *not* read. 
407        INFO  main            d.u.i.k.p.r.p.TestFile    Now processing file /home/runner/work/key/key/key.core/../key.ui/examples/standard_key/arith/binomial1.key 
507        INFO  main            d.u.i.k.p.i.AbstractProblemLoader Loading environment from /home/runner/work/key/key/key.core/../key.ui/examples/standard_key/arith/binomial1.key 
523        DEBUG main            d.u.i.k.p.i.AbstractProblemLoader Environment load took 1.81ms 
799        INFO  main            d.u.i.k.p.i.AbstractProblemLoader Creating init config 
1788       DEBUG main            d.u.i.k.j.TypeConverter   No LDT found for Meta 
1789       DEBUG main            d.u.i.k.j.TypeConverter   No LDT found for Meta 
1792       DEBUG main            d.u.i.k.j.TypeConverter   No LDT found for Meta 
1792       DEBUG main            d.u.i.k.j.TypeConverter   No LDT found for Meta 
3028       DEBUG main            d.u.i.k.j.TypeConverter   No LDT found for JavaBigintExpression 
7806       DEBUG main            d.u.i.k.p.i.AbstractProblemLoader Init config took 7.01s 
7889       INFO  main            d.u.i.k.p.i.AbstractProblemLoader Replaying proof binomial1.key 
7927       DEBUG main            d.u.i.k.p.i.IntermediateProofReplayer Proof replay took 38ns 
8184       INFO  main            d.u.i.k.p.r.p.TestFile    ... finished proof: closed. 
8281       INFO  main            d.u.i.k.p.i.AbstractProblemLoader Loading environment from /home/runner/work/key/key/key.core/../key.ui/examples/standard_key/arith/binomial1.key.proof 
8283       DEBUG main            d.u.i.k.p.i.AbstractProblemLoader Environment load took 1.96ms 
8287       INFO  main            d.u.i.k.p.i.AbstractProblemLoader Creating init config 
11043      DEBUG main            d.u.i.k.p.i.AbstractProblemLoader Init config took 2.76s 
11074      INFO  main            d.u.i.k.p.i.AbstractProblemLoader Replaying proof binomial1.key.proof 
11087      DEBUG main            d.u.i.k.p.i.IntermediateProofReplayer Proof replay took 8.75ms 
11108      DEBUG main            d.u.i.k.p.r.p.TestFile    ... success: reloaded. 
11110      INFO  main            d.u.i.k.p.r.p.TestFile    Now processing file /home/runner/work/key/key/key.core/../key.ui/examples/standard_key/arith/binomial2.key 
11110      INFO  main            d.u.i.k.p.i.AbstractProblemLoader Loading environment from /home/runner/work/key/key/key.core/../key.ui/examples/standard_key/arith/binomial2.key 
11111      DEBUG main            d.u.i.k.p.i.AbstractProblemLoader Environment load took 293.9ns 
11116      INFO  main            d.u.i.k.p.i.AbstractProblemLoader Creating init config 
13721      DEBUG main            d.u.i.k.p.i.AbstractProblemLoader Init config took 2.61s 
13750      INFO  main            d.u.i.k.p.i.AbstractProblemLoader Replaying proof binomial2.key 
13754      DEBUG main            d.u.i.k.p.i.IntermediateProofReplayer Proof replay took 6.6ns 
13857      INFO  main            d.u.i.k.p.r.p.TestFile    ... finished proof: closed. 
13979      INFO  main            d.u.i.k.p.i.AbstractProblemLoader Loading environment from /home/runner/work/key/key/key.core/../key.ui/examples/standard_key/arith/binomial2.key.proof 
13980      DEBUG main            d.u.i.k.p.i.AbstractProblemLoader Environment load took 529.01ns 
13985      INFO  main            d.u.i.k.p.i.AbstractProblemLoader Creating init config 
16543      DEBUG main            d.u.i.k.p.i.AbstractProblemLoader Init config took 2.56s 
16574      INFO  main            d.u.i.k.p.i.AbstractProblemLoader Replaying proof binomial2.key.proof 
16597      DEBUG main            d.u.i.k.p.i.IntermediateProofReplayer Proof replay took 18.53ms 
16599      DEBUG main            d.u.i.k.p.r.p.TestFile    ... success: reloaded. 
16601      INFO  main            d.u.i.k.p.r.p.TestFile    Now processing file /home/runner/work/key/key/key.core/../key.ui/examples/standard_key/arith/check_jdiv.key 
16601      INFO  main            d.u.i.k.p.i.AbstractProblemLoader Loading environment from /home/runner/work/key/key/key.core/../key.ui/examples/standard_key/arith/check_jdiv.key 
16602      DEBUG main            d.u.i.k.p.i.AbstractProblemLoader Environment load took 245.7ns 
16605      INFO  main            d.u.i.k.p.i.AbstractProblemLoader Creating init config 
19106      DEBUG main            d.u.i.k.p.i.AbstractProblemLoader Init config took 2.5s 
19128      INFO  main            d.u.i.k.p.i.AbstractProblemLoader Replaying proof check_jdiv.key 
19132      DEBUG main            d.u.i.k.p.i.IntermediateProofReplayer Proof replay took 6.6ns 
24225      INFO  main            d.u.i.k.p.r.p.TestFile    ... finished proof: closed. 
24466      INFO  main            d.u.i.k.p.i.AbstractProblemLoader Loading environment from /home/runner/work/key/key/key.core/../key.ui/examples/standard_key/arith/check_jdiv.key.proof 
24466      DEBUG main            d.u.i.k.p.i.AbstractProblemLoader Environment load took 464.61ns 
24473      INFO  main            d.u.i.k.p.i.AbstractProblemLoader Creating init config 
27006      DEBUG main            d.u.i.k.p.i.AbstractProblemLoader Init config took 2.53s 
27027      INFO  main            d.u.i.k.p.i.AbstractProblemLoader Replaying proof check_jdiv.key.proof 
27284      DEBUG main            d.u.i.k.p.i.IntermediateProofReplayer Proof replay took 218.67ms 
27286      DEBUG main            d.u.i.k.p.r.p.TestFile    ... success: reloaded. 
27287      INFO  main            d.u.i.k.p.r.p.TestFile    Now processing file /home/runner/work/key/key/key.core/../key.ui/examples/standard_key/arith/check_jdiv_concrete.key 
27288      INFO  main            d.u.i.k.p.i.AbstractProblemLoader Loading environment from /home/runner/work/key/key/key.core/../key.ui/examples/standard_key/arith/check_jdiv_concrete.key 
27288      DEBUG main            d.u.i.k.p.i.AbstractProblemLoader Environment load took 131.2ns 
27289      INFO  main            d.u.i.k.p.i.AbstractProblemLoader Creating init config 
29784      DEBUG main            d.u.i.k.p.i.AbstractProblemLoader Init config took 2.49s 
29806      INFO  main            d.u.i.k.p.i.AbstractProblemLoader Replaying proof check_jdiv_concrete.key 
29808      DEBUG main            d.u.i.k.p.i.IntermediateProofReplayer Proof replay took 14.7ns 
29911      INFO  main            d.u.i.k.p.r.p.TestFile    ... finished proof: closed. 
30120      INFO  main            d.u.i.k.p.i.AbstractProblemLoader Loading environment from /home/runner/work/key/key/key.core/../key.ui/examples/standard_key/arith/check_jdiv_concrete.key.proof 
30120      DEBUG main            d.u.i.k.p.i.AbstractProblemLoader Environment load took 156.1ns 
30121      INFO  main            d.u.i.k.p.i.AbstractProblemLoader Creating init config 
32538      DEBUG main            d.u.i.k.p.i.AbstractProblemLoader Init config took 2.42s 
32558      INFO  main            d.u.i.k.p.i.AbstractProblemLoader Replaying proof check_jdiv_concrete.key.proof 
32563      DEBUG main            d.u.i.k.p.i.IntermediateProofReplayer Proof replay took 2.35ms 
32564      DEBUG main            d.u.i.k.p.r.p.TestFile    ... success: reloaded. 
32565      INFO  main            d.u.i.k.p.r.p.TestFile    Now processing file /home/runner/work/key/key/key.core/../key.ui/examples/standard_key/arith/check_jdiv_instantiated.key 
32565      INFO  main            d.u.i.k.p.i.AbstractProblemLoader Loading environment from /home/runner/work/key/key/key.core/../key.ui/examples/standard_key/arith/check_jdiv_instantiated.key 
32565      DEBUG main            d.u.i.k.p.i.AbstractProblemLoader Environment load took 106.4ns 
32567      INFO  main            d.u.i.k.p.i.AbstractProblemLoader Creating init config 
35014      DEBUG main            d.u.i.k.p.i.AbstractProblemLoader Init config took 2.45s 
35034      INFO  main            d.u.i.k.p.i.AbstractProblemLoader Replaying proof check_jdiv_instantiated.key 
35036      DEBUG main            d.u.i.k.p.i.IntermediateProofReplayer Proof replay took 5.9ns 
38211      INFO  main            d.u.i.k.p.r.p.TestFile    ... finished proof: closed. 
38423      INFO  main            d.u.i.k.p.i.AbstractProblemLoader Loading environment from /home/runner/work/key/key/key.core/../key.ui/examples/standard_key/arith/check_jdiv_instantiated.key.proof 
38424      DEBUG main            d.u.i.k.p.i.AbstractProblemLoader Environment load took 495.01ns 
38427      INFO  main            d.u.i.k.p.i.AbstractProblemLoader Creating init config 
40824      DEBUG main            d.u.i.k.p.i.AbstractProblemLoader Init config took 2.4s 
40846      INFO  main            d.u.i.k.p.i.AbstractProblemLoader Replaying proof check_jdiv_instantiated.key.proof 
41009      DEBUG main            d.u.i.k.p.i.IntermediateProofReplayer Proof replay took 138.17ms 
41012      DEBUG main            d.u.i.k.p.r.p.TestFile    ... success: reloaded. 
41013      INFO  main            d.u.i.k.p.r.p.TestFile    Now processing file /home/runner/work/key/key/key.core/../key.ui/examples/standard_key/arith/check_jmod.key 
41014      INFO  main            d.u.i.k.p.i.AbstractProblemLoader Loading environment from /home/runner/work/key/key/key.core/../key.ui/examples/standard_key/arith/check_jmod.key 
41014      DEBUG main            d.u.i.k.p.i.AbstractProblemLoader Environment load took 311.5ns 
41015      INFO  main            d.u.i.k.p.i.AbstractProblemLoader Creating init config 
43463      DEBUG main            d.u.i.k.p.i.AbstractProblemLoader Init config took 2.45s 
43483      INFO  main            d.u.i.k.p.i.AbstractProblemLoader Replaying proof check_jmod.key 
43486      DEBUG main            d.u.i.k.p.i.IntermediateProofReplayer Proof replay took 6.9ns 
43990      INFO  main            d.u.i.k.p.r.p.TestFile    ... finished proof: closed. 
44233      INFO  main            d.u.i.k.p.i.AbstractProblemLoader Loading environment from /home/runner/work/key/key/key.core/../key.ui/examples/standard_key/arith/check_jmod.key.proof 
44234      DEBUG main            d.u.i.k.p.i.AbstractProblemLoader Environment load took 1ms 
44235      INFO  main            d.u.i.k.p.i.AbstractProblemLoader Creating init config 
46589      DEBUG main            d.u.i.k.p.i.AbstractProblemLoader Init config took 2.35s 
46608      INFO  main            d.u.i.k.p.i.AbstractProblemLoader Replaying proof check_jmod.key.proof 
46638      DEBUG main            d.u.i.k.p.i.IntermediateProofReplayer Proof replay took 24.66ms 
46640      DEBUG main            d.u.i.k.p.r.p.TestFile    ... success: reloaded. 
46641      INFO  main            d.u.i.k.p.r.p.TestFile    Now processing file /home/runner/work/key/key/key.core/../key.ui/examples/standard_key/arith/complexExpressions.key 
46641      INFO  main            d.u.i.k.p.i.AbstractProblemLoader Loading environment from /home/runner/work/key/key/key.core/../key.ui/examples/standard_key/arith/complexExpressions.key 
46642      DEBUG main            d.u.i.k.p.i.AbstractProblemLoader Environment load took 228.6ns 
46643      INFO  main            d.u.i.k.p.i.AbstractProblemLoader Creating init config 
49104      DEBUG main            d.u.i.k.p.i.AbstractProblemLoader Init config took 2.46s 
49137      INFO  main            d.u.i.k.p.i.AbstractProblemLoader Replaying proof complexExpressions.key 
49141      DEBUG main            d.u.i.k.p.i.IntermediateProofReplayer Proof replay took 6.7ns 
49347      INFO  main            d.u.i.k.p.r.p.TestFile    ... finished proof: closed. 
49530      INFO  main            d.u.i.k.p.i.AbstractProblemLoader Loading environment from /home/runner/work/key/key/key.core/../key.ui/examples/standard_key/arith/complexExpressions.key.proof 
49530      DEBUG main            d.u.i.k.p.i.AbstractProblemLoader Environment load took 146.8ns 
49532      INFO  main            d.u.i.k.p.i.AbstractProblemLoader Creating init config 
51904      DEBUG main            d.u.i.k.p.i.AbstractProblemLoader Init config took 2.37s 
51941      INFO  main            d.u.i.k.p.i.AbstractProblemLoader Replaying proof complexExpressions.key.proof 
51950      DEBUG main            d.u.i.k.p.i.IntermediateProofReplayer Proof replay took 6.57ms 
51951      DEBUG main            d.u.i.k.p.r.p.TestFile    ... success: reloaded. 
51952      INFO  main            d.u.i.k.p.r.p.TestFile    Now processing file /home/runner/work/key/key/key.core/../key.ui/examples/standard_key/arith/compound_unaryMinus.key 
51952      INFO  main            d.u.i.k.p.i.AbstractProblemLoader Loading environment from /home/runner/work/key/key/key.core/../key.ui/examples/standard_key/arith/compound_unaryMinus.key 
51953      DEBUG main            d.u.i.k.p.i.AbstractProblemLoader Environment load took 227.6ns 
51954      INFO  main            d.u.i.k.p.i.AbstractProblemLoader Creating init config 
54366      DEBUG main            d.u.i.k.p.i.AbstractProblemLoader Init config took 2.41s 
54405      INFO  main            d.u.i.k.p.i.AbstractProblemLoader Replaying proof compound_unaryMinus.key 
54407      DEBUG main            d.u.i.k.p.i.IntermediateProofReplayer Proof replay took 6.6ns 
54512      INFO  main            d.u.i.k.p.r.p.TestFile    ... finished proof: closed. 
54673      INFO  main            d.u.i.k.p.i.AbstractProblemLoader Loading environment from /home/runner/work/key/key/key.core/../key.ui/examples/standard_key/arith/compound_unaryMinus.key.proof 
54673      DEBUG main            d.u.i.k.p.i.AbstractProblemLoader Environment load took 147.6ns 
54674      INFO  main            d.u.i.k.p.i.AbstractProblemLoader Creating init config 
57048      DEBUG main            d.u.i.k.p.i.AbstractProblemLoader Init config took 2.37s 
57067      INFO  main            d.u.i.k.p.i.AbstractProblemLoader Replaying proof compound_unaryMinus.key.proof 
57072      DEBUG main            d.u.i.k.p.i.IntermediateProofReplayer Proof replay took 3.2ms 
57072      DEBUG main            d.u.i.k.p.r.p.TestFile    ... success: reloaded. 
57073      INFO  main            d.u.i.k.p.r.p.TestFile    Now processing file /home/runner/work/key/key/key.core/../key.ui/examples/standard_key/arith/computation.key 
57073      INFO  main            d.u.i.k.p.i.AbstractProblemLoader Loading environment from /home/runner/work/key/key/key.core/../key.ui/examples/standard_key/arith/computation.key 
57074      DEBUG main            d.u.i.k.p.i.AbstractProblemLoader Environment load took 98ns 
57075      INFO  main            d.u.i.k.p.i.AbstractProblemLoader Creating init config 
59453      DEBUG main            d.u.i.k.p.i.AbstractProblemLoader Init config took 2.38s 
59472      INFO  main            d.u.i.k.p.i.AbstractProblemLoader Replaying proof computation.key 
59474      DEBUG main            d.u.i.k.p.i.IntermediateProofReplayer Proof replay took 7.2ns 
60890      INFO  main            d.u.i.k.p.r.p.TestFile    ... finished proof: closed. 
61248      INFO  main            d.u.i.k.p.i.AbstractProblemLoader Loading environment from /home/runner/work/key/key/key.core/../key.ui/examples/standard_key/arith/computation.key.proof 
61248      DEBUG main            d.u.i.k.p.i.AbstractProblemLoader Environment load took 632.91ns 
61250      INFO  main            d.u.i.k.p.i.AbstractProblemLoader Creating init config 
63604      DEBUG main            d.u.i.k.p.i.AbstractProblemLoader Init config took 2.35s 
63624      INFO  main            d.u.i.k.p.i.AbstractProblemLoader Replaying proof computation.key.proof 
63700      DEBUG main            d.u.i.k.p.i.IntermediateProofReplayer Proof replay took 65.64ms 
63701      DEBUG main            d.u.i.k.p.r.p.TestFile    ... success: reloaded. 
63703      INFO  main            d.u.i.k.p.r.p.TestFile    Now processing file /home/runner/work/key/key/key.core/../key.ui/examples/standard_key/arith/cubicSum.key 
63703      INFO  main            d.u.i.k.p.i.AbstractProblemLoader Loading environment from /home/runner/work/key/key/key.core/../key.ui/examples/standard_key/arith/cubicSum.key 
63703      DEBUG main            d.u.i.k.p.i.AbstractProblemLoader Environment load took 123.5ns 
63704      INFO  main            d.u.i.k.p.i.AbstractProblemLoader Creating init config 
66167      DEBUG main            d.u.i.k.p.i.AbstractProblemLoader Init config took 2.46s 
66185      INFO  main            d.u.i.k.p.i.AbstractProblemLoader Replaying proof cubicSum.key 
66186      DEBUG main            d.u.i.k.p.i.IntermediateProofReplayer Proof replay took 5.9ns 
67096      INFO  main            d.u.i.k.p.r.p.TestFile    ... finished proof: closed. 
67375      INFO  main            d.u.i.k.p.i.AbstractProblemLoader Loading environment from /home/runner/work/key/key/key.core/../key.ui/examples/standard_key/arith/cubicSum.key.proof 
67376      DEBUG main            d.u.i.k.p.i.AbstractProblemLoader Environment load took 463.61ns 
67377      INFO  main            d.u.i.k.p.i.AbstractProblemLoader Creating init config 
69842      DEBUG main            d.u.i.k.p.i.AbstractProblemLoader Init config took 2.46s 
69861      INFO  main            d.u.i.k.p.i.AbstractProblemLoader Replaying proof cubicSum.key.proof 
69975      DEBUG main            d.u.i.k.p.i.IntermediateProofReplayer Proof replay took 110.15ms 
69976      DEBUG main            d.u.i.k.p.r.p.TestFile    ... success: reloaded. 
69977      INFO  main            d.u.i.k.p.r.p.TestFile    Now processing file /home/runner/work/key/key/key.core/../key.ui/examples/standard_key/arith/divByZero.key 
69977      INFO  main            d.u.i.k.p.i.AbstractProblemLoader Loading environment from /home/runner/work/key/key/key.core/../key.ui/examples/standard_key/arith/divByZero.key 
69977      DEBUG main            d.u.i.k.p.i.AbstractProblemLoader Environment load took 106.1ns 
69978      INFO  main            d.u.i.k.p.i.AbstractProblemLoader Creating init config 
72379      DEBUG main            d.u.i.k.p.i.AbstractProblemLoader Init config took 2.4s 
72396      INFO  main            d.u.i.k.p.i.AbstractProblemLoader Replaying proof divByZero.key 
72398      DEBUG main            d.u.i.k.p.i.IntermediateProofReplayer Proof replay took 6.9ns 
72600      INFO  main            d.u.i.k.p.r.p.TestFile    ... finished proof: closed. 
72812      INFO  main            d.u.i.k.p.i.AbstractProblemLoader Loading environment from /home/runner/work/key/key/key.core/../key.ui/examples/standard_key/arith/divByZero.key.proof 
72812      DEBUG main            d.u.i.k.p.i.AbstractProblemLoader Environment load took 149.6ns 
72813      INFO  main            d.u.i.k.p.i.AbstractProblemLoader Creating init config 
75196      DEBUG main            d.u.i.k.p.i.AbstractProblemLoader Init config took 2.38s 
75213      INFO  main            d.u.i.k.p.i.AbstractProblemLoader Replaying proof divByZero.key.proof 
75248      DEBUG main            d.u.i.k.p.i.IntermediateProofReplayer Proof replay took 31.64ms 
75249      DEBUG main            d.u.i.k.p.r.p.TestFile    ... success: reloaded. 
75250      INFO  main            d.u.i.k.p.r.p.TestFile    Now processing file /home/runner/work/key/key/key.core/../key.ui/examples/standard_key/arith/divisionAssoc.key 
75250      INFO  main            d.u.i.k.p.i.AbstractProblemLoader Loading environment from /home/runner/work/key/key/key.core/../key.ui/examples/standard_key/arith/divisionAssoc.key 
75251      DEBUG main            d.u.i.k.p.i.AbstractProblemLoader Environment load took 234.1ns 
75252      INFO  main            d.u.i.k.p.i.AbstractProblemLoader Creating init config 
77698      DEBUG main            d.u.i.k.p.i.AbstractProblemLoader Init config took 2.45s 
77714      INFO  main            d.u.i.k.p.i.AbstractProblemLoader Replaying proof divisionAssoc.key 
77716      DEBUG main            d.u.i.k.p.i.IntermediateProofReplayer Proof replay took 6ns 
78441      INFO  main            d.u.i.k.p.r.p.TestFile    ... finished proof: closed. 
78753      INFO  main            d.u.i.k.p.i.AbstractProblemLoader Loading environment from /home/runner/work/key/key/key.core/../key.ui/examples/standard_key/arith/divisionAssoc.key.proof 
78753      DEBUG main            d.u.i.k.p.i.AbstractProblemLoader Environment load took 459.81ns 
78755      INFO  main            d.u.i.k.p.i.AbstractProblemLoader Creating init config 
81148      DEBUG main            d.u.i.k.p.i.AbstractProblemLoader Init config took 2.39s 
81164      INFO  main            d.u.i.k.p.i.AbstractProblemLoader Replaying proof divisionAssoc.key.proof 
81195      DEBUG main            d.u.i.k.p.i.IntermediateProofReplayer Proof replay took 26ms 
81196      DEBUG main            d.u.i.k.p.r.p.TestFile    ... success: reloaded. 
81197      INFO  main            d.u.i.k.p.r.p.TestFile    Now processing file /home/runner/work/key/key/key.core/../key.ui/examples/standard_key/arith/divisionBy2.key 
81197      INFO  main            d.u.i.k.p.i.AbstractProblemLoader Loading environment from /home/runner/work/key/key/key.core/../key.ui/examples/standard_key/arith/divisionBy2.key 
81197      DEBUG main            d.u.i.k.p.i.AbstractProblemLoader Environment load took 105.8ns 
81198      INFO  main            d.u.i.k.p.i.AbstractProblemLoader Creating init config 
83543      DEBUG main            d.u.i.k.p.i.AbstractProblemLoader Init config took 2.34s 
83558      INFO  main            d.u.i.k.p.i.AbstractProblemLoader Replaying proof divisionBy2.key 
83559      DEBUG main            d.u.i.k.p.i.IntermediateProofReplayer Proof replay took 5.9ns 
83661      INFO  main            d.u.i.k.p.r.p.TestFile    ... finished proof: closed. 
83949      INFO  main            d.u.i.k.p.i.AbstractProblemLoader Loading environment from /home/runner/work/key/key/key.core/../key.ui/examples/standard_key/arith/divisionBy2.key.proof 
83950      DEBUG main            d.u.i.k.p.i.AbstractProblemLoader Environment load took 139.1ns 
83951      INFO  main            d.u.i.k.p.i.AbstractProblemLoader Creating init config 
86275      DEBUG main            d.u.i.k.p.i.AbstractProblemLoader Init config took 2.32s 
86290      INFO  main            d.u.i.k.p.i.AbstractProblemLoader Replaying proof divisionBy2.key.proof 
86296      DEBUG main            d.u.i.k.p.i.IntermediateProofReplayer Proof replay took 3.91ms 
86297      DEBUG main            d.u.i.k.p.r.p.TestFile    ... success: reloaded. 
86298      INFO  main            d.u.i.k.p.r.p.TestFile    Now processing file /home/runner/work/key/key/key.core/../key.ui/examples/standard_key/arith/euclidean/gcdHelp-post.key 
86298      INFO  main            d.u.i.k.p.i.AbstractProblemLoader Loading environment from /home/runner/work/key/key/key.core/../key.ui/examples/standard_key/arith/euclidean/gcdHelp-post.key 
86298      DEBUG main            d.u.i.k.p.i.AbstractProblemLoader Environment load took 223.6ns 
86299      INFO  main            d.u.i.k.p.i.AbstractProblemLoader Creating init config 
88864      DEBUG main            d.u.i.k.p.i.AbstractProblemLoader Init config took 2.56s 
88880      INFO  main            d.u.i.k.p.i.AbstractProblemLoader Replaying proof gcdHelp-post.key 
88882      DEBUG main            d.u.i.k.p.i.IntermediateProofReplayer Proof replay took 5.6ns 
91812      INFO  main            d.u.i.k.p.r.p.TestFile    ... finished proof: closed. 
92079      INFO  main            d.u.i.k.p.i.AbstractProblemLoader Loading environment from /home/runner/work/key/key/key.core/../key.ui/examples/standard_key/arith/euclidean/gcdHelp-post.key.proof 
92081      DEBUG main            d.u.i.k.p.i.AbstractProblemLoader Environment load took 1.73ms 
92083      INFO  main            d.u.i.k.p.i.AbstractProblemLoader Creating init config 
94509      DEBUG main            d.u.i.k.p.i.AbstractProblemLoader Init config took 2.43s 
94525      INFO  main            d.u.i.k.p.i.AbstractProblemLoader Replaying proof gcdHelp-post.key.proof 
94688      DEBUG main            d.u.i.k.p.i.IntermediateProofReplayer Proof replay took 151.82ms 
94689      DEBUG main            d.u.i.k.p.r.p.TestFile    ... success: reloaded. 
94690      INFO  main            d.u.i.k.p.r.p.TestFile    Now processing file /home/runner/work/key/key/key.core/../key.ui/examples/standard_key/arith/gemplusDecimal/add.key 
94691      INFO  main            d.u.i.k.p.i.AbstractProblemLoader Loading environment from /home/runner/work/key/key/key.core/../key.ui/examples/standard_key/arith/gemplusDecimal/add.key 
94691      DEBUG main            d.u.i.k.p.i.AbstractProblemLoader Environment load took 246.9ns 
94693      INFO  main            d.u.i.k.p.i.AbstractProblemLoader Creating init config 
97114      DEBUG main            d.u.i.k.p.i.AbstractProblemLoader Init config took 2.42s 
97148      INFO  main            d.u.i.k.p.i.AbstractProblemLoader Replaying proof add.key 
97149      DEBUG main            d.u.i.k.p.i.IntermediateProofReplayer Proof replay took 6.7ns 
138268     INFO  main            d.u.i.k.p.r.p.TestFile    ... finished proof: closed. 
138697     INFO  main            d.u.i.k.p.i.AbstractProblemLoader Loading environment from /home/runner/work/key/key/key.core/../key.ui/examples/standard_key/arith/gemplusDecimal/add.key.proof 
138698     DEBUG main            d.u.i.k.p.i.AbstractProblemLoader Environment load took 454.91ns 
138706     INFO  main            d.u.i.k.p.i.AbstractProblemLoader Creating init config 
141122     DEBUG main            d.u.i.k.p.i.AbstractProblemLoader Init config took 2.42s 
141140     INFO  main            d.u.i.k.p.i.AbstractProblemLoader Replaying proof add.key.proof 
143109     DEBUG main            d.u.i.k.p.i.IntermediateProofReplayer Proof replay took 1.84s 
143118     DEBUG main            d.u.i.k.p.r.p.TestFile    ... success: reloaded. 
143119     INFO  main            d.u.i.k.p.r.p.TestFile    Now processing file /home/runner/work/key/key/key.core/../key.ui/examples/standard_key/arith/jdivevenodd.key 
143119     INFO  main            d.u.i.k.p.i.AbstractProblemLoader Loading environment from /home/runner/work/key/key/key.core/../key.ui/examples/standard_key/arith/jdivevenodd.key 
143120     DEBUG main            d.u.i.k.p.i.AbstractProblemLoader Environment load took 158.7ns 
143121     INFO  main            d.u.i.k.p.i.AbstractProblemLoader Creating init config 
145515     DEBUG main            d.u.i.k.p.i.AbstractProblemLoader Init config took 2.39s 
145529     INFO  main            d.u.i.k.p.i.AbstractProblemLoader Replaying proof jdivevenodd.key 
145531     DEBUG main            d.u.i.k.p.i.IntermediateProofReplayer Proof replay took 5.8ns 
145736     INFO  main            d.u.i.k.p.r.p.TestFile    ... finished proof: closed. 
146113     INFO  main            d.u.i.k.p.i.AbstractProblemLoader Loading environment from /home/runner/work/key/key/key.core/../key.ui/examples/standard_key/arith/jdivevenodd.key.proof 
146113     DEBUG main            d.u.i.k.p.i.AbstractProblemLoader Environment load took 133ns 
146114     INFO  main            d.u.i.k.p.i.AbstractProblemLoader Creating init config 
148441     DEBUG main            d.u.i.k.p.i.AbstractProblemLoader Init config took 2.33s 
148462     INFO  main            d.u.i.k.p.i.AbstractProblemLoader Replaying proof jdivevenodd.key.proof 
148481     DEBUG main            d.u.i.k.p.i.IntermediateProofReplayer Proof replay took 14.16ms 
148482     DEBUG main            d.u.i.k.p.r.p.TestFile    ... success: reloaded. 
148484     INFO  main            d.u.i.k.p.r.p.TestFile    Now processing file /home/runner/work/key/key/key.core/../key.ui/examples/standard_key/arith/median.key 
148485     INFO  main            d.u.i.k.p.i.AbstractProblemLoader Loading environment from /home/runner/work/key/key/key.core/../key.ui/examples/standard_key/arith/median.key 
148485     DEBUG main            d.u.i.k.p.i.AbstractProblemLoader Environment load took 250.9ns 
148486     INFO  main            d.u.i.k.p.i.AbstractProblemLoader Creating init config 
150793     DEBUG main            d.u.i.k.p.i.AbstractProblemLoader Init config took 2.31s 
150808     INFO  main            d.u.i.k.p.i.AbstractProblemLoader Replaying proof median.key 
150810     DEBUG main            d.u.i.k.p.i.IntermediateProofReplayer Proof replay took 5.9ns 
164993     INFO  main            d.u.i.k.p.r.p.TestFile    ... finished proof: closed. 
165311     INFO  main            d.u.i.k.p.i.AbstractProblemLoader Loading environment from /home/runner/work/key/key/key.core/../key.ui/examples/standard_key/arith/median.key.proof 
165315     DEBUG main            d.u.i.k.p.i.AbstractProblemLoader Environment load took 5.42ms 
165320     INFO  main            d.u.i.k.p.i.AbstractProblemLoader Creating init config 
167624     DEBUG main            d.u.i.k.p.i.AbstractProblemLoader Init config took 2.3s 
167651     INFO  main            d.u.i.k.p.i.AbstractProblemLoader Replaying proof median.key.proof 
168154     DEBUG main            d.u.i.k.p.i.IntermediateProofReplayer Proof replay took 451.75ms 
168158     DEBUG main            d.u.i.k.p.r.p.TestFile    ... success: reloaded. 
168159     INFO  main            d.u.i.k.p.r.p.TestFile    Now processing file /home/runner/work/key/key/key.core/../key.ui/examples/standard_key/arith/mod1.key 
168159     INFO  main            d.u.i.k.p.i.AbstractProblemLoader Loading environment from /home/runner/work/key/key/key.core/../key.ui/examples/standard_key/arith/mod1.key 
168159     DEBUG main            d.u.i.k.p.i.AbstractProblemLoader Environment load took 216.9ns 
168160     INFO  main            d.u.i.k.p.i.AbstractProblemLoader Creating init config 
170564     DEBUG main            d.u.i.k.p.i.AbstractProblemLoader Init config took 2.4s 
170578     INFO  main            d.u.i.k.p.i.AbstractProblemLoader Replaying proof mod1.key 
170580     DEBUG main            d.u.i.k.p.i.IntermediateProofReplayer Proof replay took 6ns 
170684     INFO  main            d.u.i.k.p.r.p.TestFile    ... finished proof: closed. 
170983     INFO  main            d.u.i.k.p.i.AbstractProblemLoader Loading environment from /home/runner/work/key/key/key.core/../key.ui/examples/standard_key/arith/mod1.key.proof 
170983     DEBUG main            d.u.i.k.p.i.AbstractProblemLoader Environment load took 112.7ns 
170984     INFO  main            d.u.i.k.p.i.AbstractProblemLoader Creating init config 
173275     DEBUG main            d.u.i.k.p.i.AbstractProblemLoader Init config took 2.29s 
173291     INFO  main            d.u.i.k.p.i.AbstractProblemLoader Replaying proof mod1.key.proof 
173294     DEBUG main            d.u.i.k.p.i.IntermediateProofReplayer Proof replay took 1.47ms 
173295     DEBUG main            d.u.i.k.p.r.p.TestFile    ... success: reloaded. 
173296     INFO  main            d.u.i.k.p.r.p.TestFile    Now processing file /home/runner/work/key/key/key.core/../key.ui/examples/standard_key/arith/mod2.key 
173297     INFO  main            d.u.i.k.p.i.AbstractProblemLoader Loading environment from /home/runner/work/key/key/key.core/../key.ui/examples/standard_key/arith/mod2.key 
173297     DEBUG main            d.u.i.k.p.i.AbstractProblemLoader Environment load took 225.5ns 
173298     INFO  main            d.u.i.k.p.i.AbstractProblemLoader Creating init config 
175677     DEBUG main            d.u.i.k.p.i.AbstractProblemLoader Init config took 2.38s 
175690     INFO  main            d.u.i.k.p.i.AbstractProblemLoader Replaying proof mod2.key 
175692     DEBUG main            d.u.i.k.p.i.IntermediateProofReplayer Proof replay took 6ns 
175795     INFO  main            d.u.i.k.p.r.p.TestFile    ... finished proof: closed. 
176027     INFO  main            d.u.i.k.p.i.AbstractProblemLoader Loading environment from /home/runner/work/key/key/key.core/../key.ui/examples/standard_key/arith/mod2.key.proof 
176027     DEBUG main            d.u.i.k.p.i.AbstractProblemLoader Environment load took 106.6ns 
176028     INFO  main            d.u.i.k.p.i.AbstractProblemLoader Creating init config 
178323     DEBUG main            d.u.i.k.p.i.AbstractProblemLoader Init config took 2.29s 
178337     INFO  main            d.u.i.k.p.i.AbstractProblemLoader Replaying proof mod2.key.proof 
178340     DEBUG main            d.u.i.k.p.i.IntermediateProofReplayer Proof replay took 1.24ms 
178340     DEBUG main            d.u.i.k.p.r.p.TestFile    ... success: reloaded. 
178341     INFO  main            d.u.i.k.p.r.p.TestFile    Now processing file /home/runner/work/key/key/key.core/../key.ui/examples/standard_key/arith/mod7.key 
178341     INFO  main            d.u.i.k.p.i.AbstractProblemLoader Loading environment from /home/runner/work/key/key/key.core/../key.ui/examples/standard_key/arith/mod7.key 
178342     DEBUG main            d.u.i.k.p.i.AbstractProblemLoader Environment load took 84.8ns 
178342     INFO  main            d.u.i.k.p.i.AbstractProblemLoader Creating init config 
180691     DEBUG main            d.u.i.k.p.i.AbstractProblemLoader Init config took 2.35s 
180722     INFO  main            d.u.i.k.p.i.AbstractProblemLoader Replaying proof mod7.key 
180723     DEBUG main            d.u.i.k.p.i.IntermediateProofReplayer Proof replay took 7.8ns 
180828     INFO  main            d.u.i.k.p.r.p.TestFile    ... finished proof: closed. 
181064     INFO  main            d.u.i.k.p.i.AbstractProblemLoader Loading environment from /home/runner/work/key/key/key.core/../key.ui/examples/standard_key/arith/mod7.key.proof 
181065     DEBUG main            d.u.i.k.p.i.AbstractProblemLoader Environment load took 115ns 
181066     INFO  main            d.u.i.k.p.i.AbstractProblemLoader Creating init config 
183373     DEBUG main            d.u.i.k.p.i.AbstractProblemLoader Init config took 2.31s 
183391     INFO  main            d.u.i.k.p.i.AbstractProblemLoader Replaying proof mod7.key.proof 
183400     DEBUG main            d.u.i.k.p.i.IntermediateProofReplayer Proof replay took 3.15ms 
183401     DEBUG main            d.u.i.k.p.r.p.TestFile    ... success: reloaded. 
183402     INFO  main            d.u.i.k.p.r.p.TestFile    Now processing file /home/runner/work/key/key/key.core/../key.ui/examples/standard_key/arith/overflow_hija.key 
183403     INFO  main            d.u.i.k.p.i.AbstractProblemLoader Loading environment from /home/runner/work/key/key/key.core/../key.ui/examples/standard_key/arith/overflow_hija.key 
183403     DEBUG main            d.u.i.k.p.i.AbstractProblemLoader Environment load took 202.8ns 
183407     INFO  main            d.u.i.k.p.i.AbstractProblemLoader Creating init config 
185817     DEBUG main            d.u.i.k.p.i.AbstractProblemLoader Init config took 2.41s 
185837     INFO  main            d.u.i.k.p.i.AbstractProblemLoader Replaying proof overflow_hija.key 
185839     DEBUG main            d.u.i.k.p.i.IntermediateProofReplayer Proof replay took 6.9ns 
190281     INFO  main            d.u.i.k.p.r.p.TestFile    ... finished proof: closed. 
190585     INFO  main            d.u.i.k.p.i.AbstractProblemLoader Loading environment from /home/runner/work/key/key/key.core/../key.ui/examples/standard_key/arith/overflow_hija.key.proof 
190585     DEBUG main            d.u.i.k.p.i.AbstractProblemLoader Environment load took 416.01ns 
190588     INFO  main            d.u.i.k.p.i.AbstractProblemLoader Creating init config 
192939     DEBUG main            d.u.i.k.p.i.AbstractProblemLoader Init config took 2.35s 
192957     INFO  main            d.u.i.k.p.i.AbstractProblemLoader Replaying proof overflow_hija.key.proof 
193103     DEBUG main            d.u.i.k.p.i.IntermediateProofReplayer Proof replay took 135.41ms 
193105     DEBUG main            d.u.i.k.p.r.p.TestFile    ... success: reloaded. 
193107     INFO  main            d.u.i.k.p.r.p.TestFile    Now processing file /home/runner/work/key/key/key.core/../key.ui/examples/standard_key/arith/poly_division0.key 
193107     INFO  main            d.u.i.k.p.i.AbstractProblemLoader Loading environment from /home/runner/work/key/key/key.core/../key.ui/examples/standard_key/arith/poly_division0.key 
193107     DEBUG main            d.u.i.k.p.i.AbstractProblemLoader Environment load took 236ns 
193108     INFO  main            d.u.i.k.p.i.AbstractProblemLoader Creating init config 
195443     DEBUG main            d.u.i.k.p.i.AbstractProblemLoader Init config took 2.33s 
195456     INFO  main            d.u.i.k.p.i.AbstractProblemLoader Replaying proof poly_division0.key 
195457     DEBUG main            d.u.i.k.p.i.IntermediateProofReplayer Proof replay took 6ns 
195564     INFO  main            d.u.i.k.p.r.p.TestFile    ... finished proof: closed. 
195875     INFO  main            d.u.i.k.p.i.AbstractProblemLoader Loading environment from /home/runner/work/key/key/key.core/../key.ui/examples/standard_key/arith/poly_division0.key.proof 
195875     DEBUG main            d.u.i.k.p.i.AbstractProblemLoader Environment load took 116.7ns 
195877     INFO  main            d.u.i.k.p.i.AbstractProblemLoader Creating init config 
198159     DEBUG main            d.u.i.k.p.i.AbstractProblemLoader Init config took 2.28s 
198173     INFO  main            d.u.i.k.p.i.AbstractProblemLoader Replaying proof poly_division0.key.proof 
198179     DEBUG main            d.u.i.k.p.i.IntermediateProofReplayer Proof replay took 3.39ms 
198180     DEBUG main            d.u.i.k.p.r.p.TestFile    ... success: reloaded. 
198181     INFO  main            d.u.i.k.p.r.p.TestFile    Now processing file /home/runner/work/key/key/key.core/../key.ui/examples/standard_key/arith/poly_division1.key 
198181     INFO  main            d.u.i.k.p.i.AbstractProblemLoader Loading environment from /home/runner/work/key/key/key.core/../key.ui/examples/standard_key/arith/poly_division1.key 
198181     DEBUG main            d.u.i.k.p.i.AbstractProblemLoader Environment load took 90.1ns 
198182     INFO  main            d.u.i.k.p.i.AbstractProblemLoader Creating init config 
200506     DEBUG main            d.u.i.k.p.i.AbstractProblemLoader Init config took 2.32s 
200520     INFO  main            d.u.i.k.p.i.AbstractProblemLoader Replaying proof poly_division1.key 
200521     DEBUG main            d.u.i.k.p.i.IntermediateProofReplayer Proof replay took 6.6ns 
200622     INFO  main            d.u.i.k.p.r.p.TestFile    ... finished proof: closed. 
200885     INFO  main            d.u.i.k.p.i.AbstractProblemLoader Loading environment from /home/runner/work/key/key/key.core/../key.ui/examples/standard_key/arith/poly_division1.key.proof 
200885     DEBUG main            d.u.i.k.p.i.AbstractProblemLoader Environment load took 106.5ns 
200886     INFO  main            d.u.i.k.p.i.AbstractProblemLoader Creating init config 
203191     DEBUG main            d.u.i.k.p.i.AbstractProblemLoader Init config took 2.3s 
203204     INFO  main            d.u.i.k.p.i.AbstractProblemLoader Replaying proof poly_division1.key.proof 
203209     DEBUG main            d.u.i.k.p.i.IntermediateProofReplayer Proof replay took 3.25ms 
203210     DEBUG main            d.u.i.k.p.r.p.TestFile    ... success: reloaded. 
203211     INFO  main            d.u.i.k.p.r.p.TestFile    Now processing file /home/runner/work/key/key/key.core/../key.ui/examples/standard_key/inEqSimp/division.key 
203211     INFO  main            d.u.i.k.p.i.AbstractProblemLoader Loading environment from /home/runner/work/key/key/key.core/../key.ui/examples/standard_key/inEqSimp/division.key 
203211     DEBUG main            d.u.i.k.p.i.AbstractProblemLoader Environment load took 74.6ns 
203212     INFO  main            d.u.i.k.p.i.AbstractProblemLoader Creating init config 
205574     DEBUG main            d.u.i.k.p.i.AbstractProblemLoader Init config took 2.36s 
205587     INFO  main            d.u.i.k.p.i.AbstractProblemLoader Replaying proof division.key 
205589     DEBUG main            d.u.i.k.p.i.IntermediateProofReplayer Proof replay took 5.9ns 
207498     INFO  main            d.u.i.k.p.r.p.TestFile    ... finished proof: closed. 
207775     INFO  main            d.u.i.k.p.i.AbstractProblemLoader Loading environment from /home/runner/work/key/key/key.core/../key.ui/examples/standard_key/inEqSimp/division.key.proof 
207776     DEBUG main            d.u.i.k.p.i.AbstractProblemLoader Environment load took 297.11ns 
207777     INFO  main            d.u.i.k.p.i.AbstractProblemLoader Creating init config 
210057     DEBUG main            d.u.i.k.p.i.AbstractProblemLoader Init config took 2.28s 
210071     INFO  main            d.u.i.k.p.i.AbstractProblemLoader Replaying proof division.key.proof 
210149     DEBUG main            d.u.i.k.p.i.IntermediateProofReplayer Proof replay took 69.77ms 
210151     DEBUG main            d.u.i.k.p.r.p.TestFile    ... success: reloaded. 
210152     INFO  main            d.u.i.k.p.r.p.TestFile    Now processing file /home/runner/work/key/key/key.core/../key.ui/examples/standard_key/inEqSimp/inequations0.key 
210152     INFO  main            d.u.i.k.p.i.AbstractProblemLoader Loading environment from /home/runner/work/key/key/key.core/../key.ui/examples/standard_key/inEqSimp/inequations0.key 
210153     DEBUG main            d.u.i.k.p.i.AbstractProblemLoader Environment load took 205.8ns 
210154     INFO  main            d.u.i.k.p.i.AbstractProblemLoader Creating init config 
212516     DEBUG main            d.u.i.k.p.i.AbstractProblemLoader Init config took 2.36s 
212547     INFO  main            d.u.i.k.p.i.AbstractProblemLoader Replaying proof inequations0.key 
212548     DEBUG main            d.u.i.k.p.i.IntermediateProofReplayer Proof replay took 44.7ns 
212650     INFO  main            d.u.i.k.p.r.p.TestFile    ... finished proof: closed. 
212930     INFO  main            d.u.i.k.p.i.AbstractProblemLoader Loading environment from /home/runner/work/key/key/key.core/../key.ui/examples/standard_key/inEqSimp/inequations0.key.proof 
212930     DEBUG main            d.u.i.k.p.i.AbstractProblemLoader Environment load took 109ns 
212931     INFO  main            d.u.i.k.p.i.AbstractProblemLoader Creating init config 
215230     DEBUG main            d.u.i.k.p.i.AbstractProblemLoader Init config took 2.3s 
215257     INFO  main            d.u.i.k.p.i.AbstractProblemLoader Replaying proof inequations0.key.proof 
215261     DEBUG main            d.u.i.k.p.i.IntermediateProofReplayer Proof replay took 2.07ms 
215262     DEBUG main            d.u.i.k.p.r.p.TestFile    ... success: reloaded. 
215263     INFO  main            d.u.i.k.p.r.p.TestFile    Now processing file /home/runner/work/key/key/key.core/../key.ui/examples/standard_key/inEqSimp/inequations1.key 
215263     INFO  main            d.u.i.k.p.i.AbstractProblemLoader Loading environment from /home/runner/work/key/key/key.core/../key.ui/examples/standard_key/inEqSimp/inequations1.key 
215264     DEBUG main            d.u.i.k.p.i.AbstractProblemLoader Environment load took 249.6ns 
215265     INFO  main            d.u.i.k.p.i.AbstractProblemLoader Creating init config 
217611     DEBUG main            d.u.i.k.p.i.AbstractProblemLoader Init config took 2.35s 
217625     INFO  main            d.u.i.k.p.i.AbstractProblemLoader Replaying proof inequations1.key 
217626     DEBUG main            d.u.i.k.p.i.IntermediateProofReplayer Proof replay took 2.7ns 
217728     INFO  main            d.u.i.k.p.r.p.TestFile    ... finished proof: closed. 
218000     INFO  main            d.u.i.k.p.i.AbstractProblemLoader Loading environment from /home/runner/work/key/key/key.core/../key.ui/examples/standard_key/inEqSimp/inequations1.key.proof 
218000     DEBUG main            d.u.i.k.p.i.AbstractProblemLoader Environment load took 99.3ns 
218001     INFO  main            d.u.i.k.p.i.AbstractProblemLoader Creating init config 
220303     DEBUG main            d.u.i.k.p.i.AbstractProblemLoader Init config took 2.3s 
220317     INFO  main            d.u.i.k.p.i.AbstractProblemLoader Replaying proof inequations1.key.proof 
220319     DEBUG main            d.u.i.k.p.i.IntermediateProofReplayer Proof replay took 917.52ns 
220320     DEBUG main            d.u.i.k.p.r.p.TestFile    ... success: reloaded. 
220321     INFO  main            d.u.i.k.p.r.p.TestFile    Now processing file /home/runner/work/key/key/key.core/../key.ui/examples/standard_key/inEqSimp/inequations2.key 
220321     INFO  main            d.u.i.k.p.i.AbstractProblemLoader Loading environment from /home/runner/work/key/key/key.core/../key.ui/examples/standard_key/inEqSimp/inequations2.key 
220321     DEBUG main            d.u.i.k.p.i.AbstractProblemLoader Environment load took 80.8ns 
220322     INFO  main            d.u.i.k.p.i.AbstractProblemLoader Creating init config 
222649     DEBUG main            d.u.i.k.p.i.AbstractProblemLoader Init config took 2.33s 
222662     INFO  main            d.u.i.k.p.i.AbstractProblemLoader Replaying proof inequations2.key 
222663     DEBUG main            d.u.i.k.p.i.IntermediateProofReplayer Proof replay took 2.9ns 
222768     INFO  main            d.u.i.k.p.r.p.TestFile    ... finished proof: closed. 
223042     INFO  main            d.u.i.k.p.i.AbstractProblemLoader Loading environment from /home/runner/work/key/key/key.core/../key.ui/examples/standard_key/inEqSimp/inequations2.key.proof 
223042     DEBUG main            d.u.i.k.p.i.AbstractProblemLoader Environment load took 116.9ns 
223044     INFO  main            d.u.i.k.p.i.AbstractProblemLoader Creating init config 
225312     DEBUG main            d.u.i.k.p.i.AbstractProblemLoader Init config took 2.27s 
225326     INFO  main            d.u.i.k.p.i.AbstractProblemLoader Replaying proof inequations2.key.proof 
225330     DEBUG main            d.u.i.k.p.i.IntermediateProofReplayer Proof replay took 1.53ms 
225331     DEBUG main            d.u.i.k.p.r.p.TestFile    ... success: reloaded. 
225332     INFO  main            d.u.i.k.p.r.p.TestFile    Now processing file /home/runner/work/key/key/key.core/../key.ui/examples/standard_key/inEqSimp/linApprox.key 
225332     INFO  main            d.u.i.k.p.i.AbstractProblemLoader Loading environment from /home/runner/work/key/key/key.core/../key.ui/examples/standard_key/inEqSimp/linApprox.key 
225332     DEBUG main            d.u.i.k.p.i.AbstractProblemLoader Environment load took 110ns 
225333     INFO  main            d.u.i.k.p.i.AbstractProblemLoader Creating init config 
227682     DEBUG main            d.u.i.k.p.i.AbstractProblemLoader Init config took 2.35s 
227695     INFO  main            d.u.i.k.p.i.AbstractProblemLoader Replaying proof linApprox.key 
227697     DEBUG main            d.u.i.k.p.i.IntermediateProofReplayer Proof replay took 2.9ns 
227798     INFO  main            d.u.i.k.p.r.p.TestFile    ... finished proof: closed. 
228082     INFO  main            d.u.i.k.p.i.AbstractProblemLoader Loading environment from /home/runner/work/key/key/key.core/../key.ui/examples/standard_key/inEqSimp/linApprox.key.proof 
228083     DEBUG main            d.u.i.k.p.i.AbstractProblemLoader Environment load took 111.3ns 
228084     INFO  main            d.u.i.k.p.i.AbstractProblemLoader Creating init config 
230342     DEBUG main            d.u.i.k.p.i.AbstractProblemLoader Init config took 2.26s 
230355     INFO  main            d.u.i.k.p.i.AbstractProblemLoader Replaying proof linApprox.key.proof 
230357     DEBUG main            d.u.i.k.p.i.IntermediateProofReplayer Proof replay took 1.32ms 
230359     DEBUG main            d.u.i.k.p.r.p.TestFile    ... success: reloaded. 
230360     INFO  main            d.u.i.k.p.r.p.TestFile    Now processing file /home/runner/work/key/key/key.core/../key.ui/examples/standard_key/inEqSimp/nonLinInEqExample0.key 
230360     INFO  main            d.u.i.k.p.i.AbstractProblemLoader Loading environment from /home/runner/work/key/key/key.core/../key.ui/examples/standard_key/inEqSimp/nonLinInEqExample0.key 
230360     DEBUG main            d.u.i.k.p.i.AbstractProblemLoader Environment load took 84.1ns 
230361     INFO  main            d.u.i.k.p.i.AbstractProblemLoader Creating init config 
232689     DEBUG main            d.u.i.k.p.i.AbstractProblemLoader Init config took 2.33s 
232702     INFO  main            d.u.i.k.p.i.AbstractProblemLoader Replaying proof nonLinInEqExample0.key 
232703     DEBUG main            d.u.i.k.p.i.IntermediateProofReplayer Proof replay took 3.3ns 
232805     INFO  main            d.u.i.k.p.r.p.TestFile    ... finished proof: closed. 
233092     INFO  main            d.u.i.k.p.i.AbstractProblemLoader Loading environment from /home/runner/work/key/key/key.core/../key.ui/examples/standard_key/inEqSimp/nonLinInEqExample0.key.proof 
233092     DEBUG main            d.u.i.k.p.i.AbstractProblemLoader Environment load took 94.8ns 
233093     INFO  main            d.u.i.k.p.i.AbstractProblemLoader Creating init config 
235353     DEBUG main            d.u.i.k.p.i.AbstractProblemLoader Init config took 2.26s 
235366     INFO  main            d.u.i.k.p.i.AbstractProblemLoader Replaying proof nonLinInEqExample0.key.proof 
235368     DEBUG main            d.u.i.k.p.i.IntermediateProofReplayer Proof replay took 522.61ns 
235368     DEBUG main            d.u.i.k.p.r.p.TestFile    ... success: reloaded. 
235369     INFO  main            d.u.i.k.p.r.p.TestFile    Now processing file /home/runner/work/key/key/key.core/../key.ui/examples/standard_key/inEqSimp/nonLinInEqExample2.key 
235369     INFO  main            d.u.i.k.p.i.AbstractProblemLoader Loading environment from /home/runner/work/key/key/key.core/../key.ui/examples/standard_key/inEqSimp/nonLinInEqExample2.key 
235369     DEBUG main            d.u.i.k.p.i.AbstractProblemLoader Environment load took 80.7ns 
235371     INFO  main            d.u.i.k.p.i.AbstractProblemLoader Creating init config 
237670     DEBUG main            d.u.i.k.p.i.AbstractProblemLoader Init config took 2.3s 
237683     INFO  main            d.u.i.k.p.i.AbstractProblemLoader Replaying proof nonLinInEqExample2.key 
237685     DEBUG main            d.u.i.k.p.i.IntermediateProofReplayer Proof replay took 2.8ns 
237989     INFO  main            d.u.i.k.p.r.p.TestFile    ... finished proof: closed. 
238283     INFO  main            d.u.i.k.p.i.AbstractProblemLoader Loading environment from /home/runner/work/key/key/key.core/../key.ui/examples/standard_key/inEqSimp/nonLinInEqExample2.key.proof 
238283     DEBUG main            d.u.i.k.p.i.AbstractProblemLoader Environment load took 97.5ns 
238285     INFO  main            d.u.i.k.p.i.AbstractProblemLoader Creating init config 
240555     DEBUG main            d.u.i.k.p.i.AbstractProblemLoader Init config took 2.27s 
240569     INFO  main            d.u.i.k.p.i.AbstractProblemLoader Replaying proof nonLinInEqExample2.key.proof 
240593     DEBUG main            d.u.i.k.p.i.IntermediateProofReplayer Proof replay took 19.65ms 
240594     DEBUG main            d.u.i.k.p.r.p.TestFile    ... success: reloaded. 
240595     INFO  main            d.u.i.k.p.r.p.TestFile    Now processing file /home/runner/work/key/key/key.core/../key.ui/examples/standard_key/inEqSimp/nonLinInEqExample3.key 
240596     INFO  main            d.u.i.k.p.i.AbstractProblemLoader Loading environment from /home/runner/work/key/key/key.core/../key.ui/examples/standard_key/inEqSimp/nonLinInEqExample3.key 
240596     DEBUG main            d.u.i.k.p.i.AbstractProblemLoader Environment load took 140.2ns 
240597     INFO  main            d.u.i.k.p.i.AbstractProblemLoader Creating init config 
242919     DEBUG main            d.u.i.k.p.i.AbstractProblemLoader Init config took 2.32s 
242934     INFO  main            d.u.i.k.p.i.AbstractProblemLoader Replaying proof nonLinInEqExample3.key 
242936     DEBUG main            d.u.i.k.p.i.IntermediateProofReplayer Proof replay took 3.1ns 
243138     INFO  main            d.u.i.k.p.r.p.TestFile    ... finished proof: closed. 
243453     INFO  main            d.u.i.k.p.i.AbstractProblemLoader Loading environment from /home/runner/work/key/key/key.core/../key.ui/examples/standard_key/inEqSimp/nonLinInEqExample3.key.proof 
243453     DEBUG main            d.u.i.k.p.i.AbstractProblemLoader Environment load took 101.4ns 
243454     INFO  main            d.u.i.k.p.i.AbstractProblemLoader Creating init config 
245725     DEBUG main            d.u.i.k.p.i.AbstractProblemLoader Init config took 2.27s 
245739     INFO  main            d.u.i.k.p.i.AbstractProblemLoader Replaying proof nonLinInEqExample3.key.proof 
245752     DEBUG main            d.u.i.k.p.i.IntermediateProofReplayer Proof replay took 10.83ms 
245753     DEBUG main            d.u.i.k.p.r.p.TestFile    ... success: reloaded. 
245753     INFO  main            d.u.i.k.p.r.p.TestFile    Now processing file /home/runner/work/key/key/key.core/../key.ui/examples/standard_key/inEqSimp/nonLinInEqExample4.key 
245754     INFO  main            d.u.i.k.p.i.AbstractProblemLoader Loading environment from /home/runner/work/key/key/key.core/../key.ui/examples/standard_key/inEqSimp/nonLinInEqExample4.key 
245754     DEBUG main            d.u.i.k.p.i.AbstractProblemLoader Environment load took 82.4ns 
245755     INFO  main            d.u.i.k.p.i.AbstractProblemLoader Creating init config 
248082     DEBUG main            d.u.i.k.p.i.AbstractProblemLoader Init config took 2.33s 
248095     INFO  main            d.u.i.k.p.i.AbstractProblemLoader Replaying proof nonLinInEqExample4.key 
248096     DEBUG main            d.u.i.k.p.i.IntermediateProofReplayer Proof replay took 3.5ns 
248199     INFO  main            d.u.i.k.p.r.p.TestFile    ... finished proof: closed. 
248509     INFO  main            d.u.i.k.p.i.AbstractProblemLoader Loading environment from /home/runner/work/key/key/key.core/../key.ui/examples/standard_key/inEqSimp/nonLinInEqExample4.key.proof 
248509     DEBUG main            d.u.i.k.p.i.AbstractProblemLoader Environment load took 96.6ns 
248510     INFO  main            d.u.i.k.p.i.AbstractProblemLoader Creating init config 
250780     DEBUG main            d.u.i.k.p.i.AbstractProblemLoader Init config took 2.27s 
250793     INFO  main            d.u.i.k.p.i.AbstractProblemLoader Replaying proof nonLinInEqExample4.key.proof 
250797     DEBUG main            d.u.i.k.p.i.IntermediateProofReplayer Proof replay took 2.66ms 
250798     DEBUG main            d.u.i.k.p.r.p.TestFile    ... success: reloaded. 
250799     INFO  main            d.u.i.k.p.r.p.TestFile    Now processing file /home/runner/work/key/key/key.core/../key.ui/examples/standard_key/inEqSimp/quadraticInEq.key 
250799     INFO  main            d.u.i.k.p.i.AbstractProblemLoader Loading environment from /home/runner/work/key/key/key.core/../key.ui/examples/standard_key/inEqSimp/quadraticInEq.key 
250799     DEBUG main            d.u.i.k.p.i.AbstractProblemLoader Environment load took 86.4ns 
250801     INFO  main            d.u.i.k.p.i.AbstractProblemLoader Creating init config 
253112     DEBUG main            d.u.i.k.p.i.AbstractProblemLoader Init config took 2.31s 
253126     INFO  main            d.u.i.k.p.i.AbstractProblemLoader Replaying proof quadraticInEq.key 
253127     DEBUG main            d.u.i.k.p.i.IntermediateProofReplayer Proof replay took 2.6ns 
253431     INFO  main            d.u.i.k.p.r.p.TestFile    ... finished proof: closed. 
253757     INFO  main            d.u.i.k.p.i.AbstractProblemLoader Loading environment from /home/runner/work/key/key/key.core/../key.ui/examples/standard_key/inEqSimp/quadraticInEq.key.proof 
253757     DEBUG main            d.u.i.k.p.i.AbstractProblemLoader Environment load took 121.1ns 
253758     INFO  main            d.u.i.k.p.i.AbstractProblemLoader Creating init config 
256038     DEBUG main            d.u.i.k.p.i.AbstractProblemLoader Init config took 2.28s 
256052     INFO  main            d.u.i.k.p.i.AbstractProblemLoader Replaying proof quadraticInEq.key.proof 
256082     DEBUG main            d.u.i.k.p.i.IntermediateProofReplayer Proof replay took 26.01ms 
256084     DEBUG main            d.u.i.k.p.r.p.TestFile    ... success: reloaded. 
256084     INFO  main            d.u.i.k.p.r.p.TestFile    Now processing file /home/runner/work/key/key/key.core/../key.ui/examples/standard_key/inEqSimp/quadraticInEq10.key 
256085     INFO  main            d.u.i.k.p.i.AbstractProblemLoader Loading environment from /home/runner/work/key/key/key.core/../key.ui/examples/standard_key/inEqSimp/quadraticInEq10.key 
256085     DEBUG main            d.u.i.k.p.i.AbstractProblemLoader Environment load took 101ns 
256086     INFO  main            d.u.i.k.p.i.AbstractProblemLoader Creating init config 
258409     DEBUG main            d.u.i.k.p.i.AbstractProblemLoader Init config took 2.32s 
258422     INFO  main            d.u.i.k.p.i.AbstractProblemLoader Replaying proof quadraticInEq10.key 
258423     DEBUG main            d.u.i.k.p.i.IntermediateProofReplayer Proof replay took 2.6ns 
258628     INFO  main            d.u.i.k.p.r.p.TestFile    ... finished proof: closed. 
258948     INFO  main            d.u.i.k.p.i.AbstractProblemLoader Loading environment from /home/runner/work/key/key/key.core/../key.ui/examples/standard_key/inEqSimp/quadraticInEq10.key.proof 
258948     DEBUG main            d.u.i.k.p.i.AbstractProblemLoader Environment load took 108.2ns 
258949     INFO  main            d.u.i.k.p.i.AbstractProblemLoader Creating init config 
261224     DEBUG main            d.u.i.k.p.i.AbstractProblemLoader Init config took 2.27s 
261237     INFO  main            d.u.i.k.p.i.AbstractProblemLoader Replaying proof quadraticInEq10.key.proof 
261247     DEBUG main            d.u.i.k.p.i.IntermediateProofReplayer Proof replay took 7.5ms 
261248     DEBUG main            d.u.i.k.p.r.p.TestFile    ... success: reloaded. 
261249     INFO  main            d.u.i.k.p.r.p.TestFile    Now processing file /home/runner/work/key/key/key.core/../key.ui/examples/standard_key/inEqSimp/quadraticInEq13.key 
261249     INFO  main            d.u.i.k.p.i.AbstractProblemLoader Loading environment from /home/runner/work/key/key/key.core/../key.ui/examples/standard_key/inEqSimp/quadraticInEq13.key 
261249     DEBUG main            d.u.i.k.p.i.AbstractProblemLoader Environment load took 83.8ns 
261250     INFO  main            d.u.i.k.p.i.AbstractProblemLoader Creating init config 
263576     DEBUG main            d.u.i.k.p.i.AbstractProblemLoader Init config took 2.33s 
263589     INFO  main            d.u.i.k.p.i.AbstractProblemLoader Replaying proof quadraticInEq13.key 
263590     DEBUG main            d.u.i.k.p.i.IntermediateProofReplayer Proof replay took 2.7ns 
263792     INFO  main            d.u.i.k.p.r.p.TestFile    ... finished proof: closed. 
264111     INFO  main            d.u.i.k.p.i.AbstractProblemLoader Loading environment from /home/runner/work/key/key/key.core/../key.ui/examples/standard_key/inEqSimp/quadraticInEq13.key.proof 
264111     DEBUG main            d.u.i.k.p.i.AbstractProblemLoader Environment load took 97.7ns 
264112     INFO  main            d.u.i.k.p.i.AbstractProblemLoader Creating init config 
266376     DEBUG main            d.u.i.k.p.i.AbstractProblemLoader Init config took 2.26s 
266389     INFO  main            d.u.i.k.p.i.AbstractProblemLoader Replaying proof quadraticInEq13.key.proof 
266400     DEBUG main            d.u.i.k.p.i.IntermediateProofReplayer Proof replay took 8.65ms 
266401     DEBUG main            d.u.i.k.p.r.p.TestFile    ... success: reloaded. 
266402     INFO  main            d.u.i.k.p.r.p.TestFile    Now processing file /home/runner/work/key/key/key.core/../key.ui/examples/standard_key/inEqSimp/quadraticInEq14.key 
266402     INFO  main            d.u.i.k.p.i.AbstractProblemLoader Loading environment from /home/runner/work/key/key/key.core/../key.ui/examples/standard_key/inEqSimp/quadraticInEq14.key 
266402     DEBUG main            d.u.i.k.p.i.AbstractProblemLoader Environment load took 82.6ns 
266403     INFO  main            d.u.i.k.p.i.AbstractProblemLoader Creating init config 
268746     DEBUG main            d.u.i.k.p.i.AbstractProblemLoader Init config took 2.34s 
268759     INFO  main            d.u.i.k.p.i.AbstractProblemLoader Replaying proof quadraticInEq14.key 
268761     DEBUG main            d.u.i.k.p.i.IntermediateProofReplayer Proof replay took 3.3ns 
269064     INFO  main            d.u.i.k.p.r.p.TestFile    ... finished proof: closed. 
269408     INFO  main            d.u.i.k.p.i.AbstractProblemLoader Loading environment from /home/runner/work/key/key/key.core/../key.ui/examples/standard_key/inEqSimp/quadraticInEq14.key.proof 
269408     DEBUG main            d.u.i.k.p.i.AbstractProblemLoader Environment load took 94.6ns 
269409     INFO  main            d.u.i.k.p.i.AbstractProblemLoader Creating init config 
271692     DEBUG main            d.u.i.k.p.i.AbstractProblemLoader Init config took 2.28s 
271706     INFO  main            d.u.i.k.p.i.AbstractProblemLoader Replaying proof quadraticInEq14.key.proof 
271720     DEBUG main            d.u.i.k.p.i.IntermediateProofReplayer Proof replay took 11.06ms 
271720     DEBUG main            d.u.i.k.p.r.p.TestFile    ... success: reloaded. 
271721     INFO  main            d.u.i.k.p.r.p.TestFile    Now processing file /home/runner/work/key/key/key.core/../key.ui/examples/standard_key/inEqSimp/quadraticInEq2.key 
271722     INFO  main            d.u.i.k.p.i.AbstractProblemLoader Loading environment from /home/runner/work/key/key/key.core/../key.ui/examples/standard_key/inEqSimp/quadraticInEq2.key 
271722     DEBUG main            d.u.i.k.p.i.AbstractProblemLoader Environment load took 93.9ns 
271723     INFO  main            d.u.i.k.p.i.AbstractProblemLoader Creating init config 
274050     DEBUG main            d.u.i.k.p.i.AbstractProblemLoader Init config took 2.33s 
274063     INFO  main            d.u.i.k.p.i.AbstractProblemLoader Replaying proof quadraticInEq2.key 
274065     DEBUG main            d.u.i.k.p.i.IntermediateProofReplayer Proof replay took 3ns 
274166     INFO  main            d.u.i.k.p.r.p.TestFile    ... finished proof: closed. 
274503     INFO  main            d.u.i.k.p.i.AbstractProblemLoader Loading environment from /home/runner/work/key/key/key.core/../key.ui/examples/standard_key/inEqSimp/quadraticInEq2.key.proof 
274503     DEBUG main            d.u.i.k.p.i.AbstractProblemLoader Environment load took 94.9ns 
274504     INFO  main            d.u.i.k.p.i.AbstractProblemLoader Creating init config 
276783     DEBUG main            d.u.i.k.p.i.AbstractProblemLoader Init config took 2.28s 
276797     INFO  main            d.u.i.k.p.i.AbstractProblemLoader Replaying proof quadraticInEq2.key.proof 
276800     DEBUG main            d.u.i.k.p.i.IntermediateProofReplayer Proof replay took 1.72ms 
276801     DEBUG main            d.u.i.k.p.r.p.TestFile    ... success: reloaded. 
276802     INFO  main            d.u.i.k.p.r.p.TestFile    Now processing file /home/runner/work/key/key/key.core/../key.ui/examples/standard_key/inEqSimp/quadraticInEq3.key 
276802     INFO  main            d.u.i.k.p.i.AbstractProblemLoader Loading environment from /home/runner/work/key/key/key.core/../key.ui/examples/standard_key/inEqSimp/quadraticInEq3.key 
276802     DEBUG main            d.u.i.k.p.i.AbstractProblemLoader Environment load took 46ns 
276803     INFO  main            d.u.i.k.p.i.AbstractProblemLoader Creating init config 
279152     DEBUG main            d.u.i.k.p.i.AbstractProblemLoader Init config took 2.35s 
279165     INFO  main            d.u.i.k.p.i.AbstractProblemLoader Replaying proof quadraticInEq3.key 
279167     DEBUG main            d.u.i.k.p.i.IntermediateProofReplayer Proof replay took 3.1ns 
279268     INFO  main            d.u.i.k.p.r.p.TestFile    ... finished proof: closed. 
279605     INFO  main            d.u.i.k.p.i.AbstractProblemLoader Loading environment from /home/runner/work/key/key/key.core/../key.ui/examples/standard_key/inEqSimp/quadraticInEq3.key.proof 
279605     DEBUG main            d.u.i.k.p.i.AbstractProblemLoader Environment load took 90.7ns 
279606     INFO  main            d.u.i.k.p.i.AbstractProblemLoader Creating init config 
281891     DEBUG main            d.u.i.k.p.i.AbstractProblemLoader Init config took 2.28s 
281904     INFO  main            d.u.i.k.p.i.AbstractProblemLoader Replaying proof quadraticInEq3.key.proof 
281913     DEBUG main            d.u.i.k.p.i.IntermediateProofReplayer Proof replay took 5.27ms 
281913     DEBUG main            d.u.i.k.p.r.p.TestFile    ... success: reloaded. 
281914     INFO  main            d.u.i.k.p.r.p.TestFile    Now processing file /home/runner/work/key/key/key.core/../key.ui/examples/standard_key/inEqSimp/quadraticInEq4.key 
281915     INFO  main            d.u.i.k.p.i.AbstractProblemLoader Loading environment from /home/runner/work/key/key/key.core/../key.ui/examples/standard_key/inEqSimp/quadraticInEq4.key 
281915     DEBUG main            d.u.i.k.p.i.AbstractProblemLoader Environment load took 103ns 
281916     INFO  main            d.u.i.k.p.i.AbstractProblemLoader Creating init config 
284282     DEBUG main            d.u.i.k.p.i.AbstractProblemLoader Init config took 2.37s 
284297     INFO  main            d.u.i.k.p.i.AbstractProblemLoader Replaying proof quadraticInEq4.key 
284298     DEBUG main            d.u.i.k.p.i.IntermediateProofReplayer Proof replay took 2.9ns 
284399     INFO  main            d.u.i.k.p.r.p.TestFile    ... finished proof: closed. 
284731     INFO  main            d.u.i.k.p.i.AbstractProblemLoader Loading environment from /home/runner/work/key/key/key.core/../key.ui/examples/standard_key/inEqSimp/quadraticInEq4.key.proof 
284731     DEBUG main            d.u.i.k.p.i.AbstractProblemLoader Environment load took 92ns 
284732     INFO  main            d.u.i.k.p.i.AbstractProblemLoader Creating init config 
287012     DEBUG main            d.u.i.k.p.i.AbstractProblemLoader Init config took 2.28s 
287026     INFO  main            d.u.i.k.p.i.AbstractProblemLoader Replaying proof quadraticInEq4.key.proof 
287030     DEBUG main            d.u.i.k.p.i.IntermediateProofReplayer Proof replay took 2.48ms 
287031     DEBUG main            d.u.i.k.p.r.p.TestFile    ... success: reloaded. 
287032     INFO  main            d.u.i.k.p.r.p.TestFile    Now processing file /home/runner/work/key/key/key.core/../key.ui/examples/standard_key/inEqSimp/quadraticInEq5.key 
287032     INFO  main            d.u.i.k.p.i.AbstractProblemLoader Loading environment from /home/runner/work/key/key/key.core/../key.ui/examples/standard_key/inEqSimp/quadraticInEq5.key 
287032     DEBUG main            d.u.i.k.p.i.AbstractProblemLoader Environment load took 101.7ns 
287033     INFO  main            d.u.i.k.p.i.AbstractProblemLoader Creating init config 
289349     DEBUG main            d.u.i.k.p.i.AbstractProblemLoader Init config took 2.32s 
289362     INFO  main            d.u.i.k.p.i.AbstractProblemLoader Replaying proof quadraticInEq5.key 
289363     DEBUG main            d.u.i.k.p.i.IntermediateProofReplayer Proof replay took 2.9ns 
289465     INFO  main            d.u.i.k.p.r.p.TestFile    ... finished proof: closed. 
289810     INFO  main            d.u.i.k.p.i.AbstractProblemLoader Loading environment from /home/runner/work/key/key/key.core/../key.ui/examples/standard_key/inEqSimp/quadraticInEq5.key.proof 
289810     DEBUG main            d.u.i.k.p.i.AbstractProblemLoader Environment load took 89.7ns 
289811     INFO  main            d.u.i.k.p.i.AbstractProblemLoader Creating init config 
292087     DEBUG main            d.u.i.k.p.i.AbstractProblemLoader Init config took 2.28s 
292100     INFO  main            d.u.i.k.p.i.AbstractProblemLoader Replaying proof quadraticInEq5.key.proof 
292104     DEBUG main            d.u.i.k.p.i.IntermediateProofReplayer Proof replay took 2.62ms 
292105     DEBUG main            d.u.i.k.p.r.p.TestFile    ... success: reloaded. 
292106     INFO  main            d.u.i.k.p.r.p.TestFile    Now processing file /home/runner/work/key/key/key.core/../key.ui/examples/standard_key/inEqSimp/quadraticInEq6.key 
292106     INFO  main            d.u.i.k.p.i.AbstractProblemLoader Loading environment from /home/runner/work/key/key/key.core/../key.ui/examples/standard_key/inEqSimp/quadraticInEq6.key 
292106     DEBUG main            d.u.i.k.p.i.AbstractProblemLoader Environment load took 96.1ns 
292107     INFO  main            d.u.i.k.p.i.AbstractProblemLoader Creating init config 
294443     DEBUG main            d.u.i.k.p.i.AbstractProblemLoader Init config took 2.34s 
294477     INFO  main            d.u.i.k.p.i.AbstractProblemLoader Replaying proof quadraticInEq6.key 
294478     DEBUG main            d.u.i.k.p.i.IntermediateProofReplayer Proof replay took 3ns 
294580     INFO  main            d.u.i.k.p.r.p.TestFile    ... finished proof: closed. 
294950     INFO  main            d.u.i.k.p.i.AbstractProblemLoader Loading environment from /home/runner/work/key/key/key.core/../key.ui/examples/standard_key/inEqSimp/quadraticInEq6.key.proof 
294950     DEBUG main            d.u.i.k.p.i.AbstractProblemLoader Environment load took 90.1ns 
294951     INFO  main            d.u.i.k.p.i.AbstractProblemLoader Creating init config 
297239     DEBUG main            d.u.i.k.p.i.AbstractProblemLoader Init config took 2.29s 
297252     INFO  main            d.u.i.k.p.i.AbstractProblemLoader Replaying proof quadraticInEq6.key.proof 
297257     DEBUG main            d.u.i.k.p.i.IntermediateProofReplayer Proof replay took 3.14ms 
297258     DEBUG main            d.u.i.k.p.r.p.TestFile    ... success: reloaded. 
297259     INFO  main            d.u.i.k.p.r.p.TestFile    Now processing file /home/runner/work/key/key/key.core/../key.ui/examples/standard_key/inEqSimp/quadraticInEq7.key 
297259     INFO  main            d.u.i.k.p.i.AbstractProblemLoader Loading environment from /home/runner/work/key/key/key.core/../key.ui/examples/standard_key/inEqSimp/quadraticInEq7.key 
297259     DEBUG main            d.u.i.k.p.i.AbstractProblemLoader Environment load took 82ns 
297260     INFO  main            d.u.i.k.p.i.AbstractProblemLoader Creating init config 
299648     DEBUG main            d.u.i.k.p.i.AbstractProblemLoader Init config took 2.39s 
299663     INFO  main            d.u.i.k.p.i.AbstractProblemLoader Replaying proof quadraticInEq7.key 
299664     DEBUG main            d.u.i.k.p.i.IntermediateProofReplayer Proof replay took 2.9ns 
299766     INFO  main            d.u.i.k.p.r.p.TestFile    ... finished proof: closed. 
300129     INFO  main            d.u.i.k.p.i.AbstractProblemLoader Loading environment from /home/runner/work/key/key/key.core/../key.ui/examples/standard_key/inEqSimp/quadraticInEq7.key.proof 
300129     DEBUG main            d.u.i.k.p.i.AbstractProblemLoader Environment load took 94.9ns 
300130     INFO  main            d.u.i.k.p.i.AbstractProblemLoader Creating init config 
302392     DEBUG main            d.u.i.k.p.i.AbstractProblemLoader Init config took 2.26s 
302405     INFO  main            d.u.i.k.p.i.AbstractProblemLoader Replaying proof quadraticInEq7.key.proof 
302408     DEBUG main            d.u.i.k.p.i.IntermediateProofReplayer Proof replay took 1.39ms 
302409     DEBUG main            d.u.i.k.p.r.p.TestFile    ... success: reloaded. 
302409     INFO  main            d.u.i.k.p.r.p.TestFile    Now processing file /home/runner/work/key/key/key.core/../key.ui/examples/standard_key/inEqSimp/quadraticInEq8.key 
302410     INFO  main            d.u.i.k.p.i.AbstractProblemLoader Loading environment from /home/runner/work/key/key/key.core/../key.ui/examples/standard_key/inEqSimp/quadraticInEq8.key 
302410     DEBUG main            d.u.i.k.p.i.AbstractProblemLoader Environment load took 92.8ns 
302411     INFO  main            d.u.i.k.p.i.AbstractProblemLoader Creating init config 
304701     DEBUG main            d.u.i.k.p.i.AbstractProblemLoader Init config took 2.29s 
304714     INFO  main            d.u.i.k.p.i.AbstractProblemLoader Replaying proof quadraticInEq8.key 
304715     DEBUG main            d.u.i.k.p.i.IntermediateProofReplayer Proof replay took 2.9ns 
304817     INFO  main            d.u.i.k.p.r.p.TestFile    ... finished proof: closed. 
305192     INFO  main            d.u.i.k.p.i.AbstractProblemLoader Loading environment from /home/runner/work/key/key/key.core/../key.ui/examples/standard_key/inEqSimp/quadraticInEq8.key.proof 
305192     DEBUG main            d.u.i.k.p.i.AbstractProblemLoader Environment load took 102.7ns 
305193     INFO  main            d.u.i.k.p.i.AbstractProblemLoader Creating init config 
307475     DEBUG main            d.u.i.k.p.i.AbstractProblemLoader Init config took 2.28s 
307488     INFO  main            d.u.i.k.p.i.AbstractProblemLoader Replaying proof quadraticInEq8.key.proof 
307494     DEBUG main            d.u.i.k.p.i.IntermediateProofReplayer Proof replay took 3.94ms 
307495     DEBUG main            d.u.i.k.p.r.p.TestFile    ... success: reloaded. 
307496     INFO  main            d.u.i.k.p.r.p.TestFile    Now processing file /home/runner/work/key/key/key.core/../key.ui/examples/standard_key/inEqSimp/simplify0.key 
307496     INFO  main            d.u.i.k.p.i.AbstractProblemLoader Loading environment from /home/runner/work/key/key/key.core/../key.ui/examples/standard_key/inEqSimp/simplify0.key 
307496     DEBUG main            d.u.i.k.p.i.AbstractProblemLoader Environment load took 64ns 
307497     INFO  main            d.u.i.k.p.i.AbstractProblemLoader Creating init config 
309795     DEBUG main            d.u.i.k.p.i.AbstractProblemLoader Init config took 2.3s 
309810     INFO  main            d.u.i.k.p.i.AbstractProblemLoader Replaying proof simplify0.key 
309811     DEBUG main            d.u.i.k.p.i.IntermediateProofReplayer Proof replay took 3.2ns 
309913     INFO  main            d.u.i.k.p.r.p.TestFile    ... finished proof: closed. 
310285     INFO  main            d.u.i.k.p.i.AbstractProblemLoader Loading environment from /home/runner/work/key/key/key.core/../key.ui/examples/standard_key/inEqSimp/simplify0.key.proof 
310286     DEBUG main            d.u.i.k.p.i.AbstractProblemLoader Environment load took 87.8ns 
310287     INFO  main            d.u.i.k.p.i.AbstractProblemLoader Creating init config 
312538     DEBUG main            d.u.i.k.p.i.AbstractProblemLoader Init config took 2.25s 
312552     INFO  main            d.u.i.k.p.i.AbstractProblemLoader Replaying proof simplify0.key.proof 
312554     DEBUG main            d.u.i.k.p.i.IntermediateProofReplayer Proof replay took 731.51ns 
312555     DEBUG main            d.u.i.k.p.r.p.TestFile    ... success: reloaded. 
312556     INFO  main            d.u.i.k.p.r.p.TestFile    Now processing file /home/runner/work/key/key/key.core/../key.ui/examples/standard_key/inEqSimp/simplify1.key 
312556     INFO  main            d.u.i.k.p.i.AbstractProblemLoader Loading environment from /home/runner/work/key/key/key.core/../key.ui/examples/standard_key/inEqSimp/simplify1.key 
312556     DEBUG main            d.u.i.k.p.i.AbstractProblemLoader Environment load took 43.2ns 
312557     INFO  main            d.u.i.k.p.i.AbstractProblemLoader Creating init config 
314867     DEBUG main            d.u.i.k.p.i.AbstractProblemLoader Init config took 2.31s 
314882     INFO  main            d.u.i.k.p.i.AbstractProblemLoader Replaying proof simplify1.key 
314883     DEBUG main            d.u.i.k.p.i.IntermediateProofReplayer Proof replay took 2.7ns 
314987     INFO  main            d.u.i.k.p.r.p.TestFile    ... finished proof: closed. 
315364     INFO  main            d.u.i.k.p.i.AbstractProblemLoader Loading environment from /home/runner/work/key/key/key.core/../key.ui/examples/standard_key/inEqSimp/simplify1.key.proof 
315364     DEBUG main            d.u.i.k.p.i.AbstractProblemLoader Environment load took 86.9ns 
315365     INFO  main            d.u.i.k.p.i.AbstractProblemLoader Creating init config 
317618     DEBUG main            d.u.i.k.p.i.AbstractProblemLoader Init config took 2.25s 
317631     INFO  main            d.u.i.k.p.i.AbstractProblemLoader Replaying proof simplify1.key.proof 
317633     DEBUG main            d.u.i.k.p.i.IntermediateProofReplayer Proof replay took 804.41ns 
317634     DEBUG main            d.u.i.k.p.r.p.TestFile    ... success: reloaded. 
317634     INFO  main            d.u.i.k.p.r.p.TestFile    Now processing file /home/runner/work/key/key/key.core/../key.ui/examples/standard_key/inEqSimp/simplify2.key 
317634     INFO  main            d.u.i.k.p.i.AbstractProblemLoader Loading environment from /home/runner/work/key/key/key.core/../key.ui/examples/standard_key/inEqSimp/simplify2.key 
317634     DEBUG main            d.u.i.k.p.i.AbstractProblemLoader Environment load took 85ns 
317635     INFO  main            d.u.i.k.p.i.AbstractProblemLoader Creating init config 
319933     DEBUG main            d.u.i.k.p.i.AbstractProblemLoader Init config took 2.3s 
319946     INFO  main            d.u.i.k.p.i.AbstractProblemLoader Replaying proof simplify2.key 
319947     DEBUG main            d.u.i.k.p.i.IntermediateProofReplayer Proof replay took 2.6ns 
320049     INFO  main            d.u.i.k.p.r.p.TestFile    ... finished proof: closed. 
320428     INFO  main            d.u.i.k.p.i.AbstractProblemLoader Loading environment from /home/runner/work/key/key/key.core/../key.ui/examples/standard_key/inEqSimp/simplify2.key.proof 
320428     DEBUG main            d.u.i.k.p.i.AbstractProblemLoader Environment load took 86ns 
320429     INFO  main            d.u.i.k.p.i.AbstractProblemLoader Creating init config 
322680     DEBUG main            d.u.i.k.p.i.AbstractProblemLoader Init config took 2.25s 
322693     INFO  main            d.u.i.k.p.i.AbstractProblemLoader Replaying proof simplify2.key.proof 
322701     DEBUG main            d.u.i.k.p.i.IntermediateProofReplayer Proof replay took 5.92ms 
322702     DEBUG main            d.u.i.k.p.r.p.TestFile    ... success: reloaded. 
322702     INFO  main            d.u.i.k.p.r.p.TestFile    Now processing file /home/runner/work/key/key/key.core/../key.ui/examples/standard_key/inEqSimp/simplify3.key 
322702     INFO  main            d.u.i.k.p.i.AbstractProblemLoader Loading environment from /home/runner/work/key/key/key.core/../key.ui/examples/standard_key/inEqSimp/simplify3.key 
322703     DEBUG main            d.u.i.k.p.i.AbstractProblemLoader Environment load took 73ns 
322703     INFO  main            d.u.i.k.p.i.AbstractProblemLoader Creating init config 
324987     DEBUG main            d.u.i.k.p.i.AbstractProblemLoader Init config took 2.28s 
325000     INFO  main            d.u.i.k.p.i.AbstractProblemLoader Replaying proof simplify3.key 
325001     DEBUG main            d.u.i.k.p.i.IntermediateProofReplayer Proof replay took 2.4ns 
325103     INFO  main            d.u.i.k.p.r.p.TestFile    ... finished proof: closed. 
325483     INFO  main            d.u.i.k.p.i.AbstractProblemLoader Loading environment from /home/runner/work/key/key/key.core/../key.ui/examples/standard_key/inEqSimp/simplify3.key.proof 
325483     DEBUG main            d.u.i.k.p.i.AbstractProblemLoader Environment load took 86ns 
325484     INFO  main            d.u.i.k.p.i.AbstractProblemLoader Creating init config 
327728     DEBUG main            d.u.i.k.p.i.AbstractProblemLoader Init config took 2.24s 
327741     INFO  main            d.u.i.k.p.i.AbstractProblemLoader Replaying proof simplify3.key.proof 
327744     DEBUG main            d.u.i.k.p.i.IntermediateProofReplayer Proof replay took 1.34ms 
327744     DEBUG main            d.u.i.k.p.r.p.TestFile    ... success: reloaded. 
327745     INFO  main            d.u.i.k.p.r.p.TestFile    Now processing file /home/runner/work/key/key/key.core/../key.ui/examples/standard_key/inEqSimp/simplify4.key 
327745     INFO  main            d.u.i.k.p.i.AbstractProblemLoader Loading environment from /home/runner/work/key/key/key.core/../key.ui/examples/standard_key/inEqSimp/simplify4.key 
327745     DEBUG main            d.u.i.k.p.i.AbstractProblemLoader Environment load took 77ns 
327746     INFO  main            d.u.i.k.p.i.AbstractProblemLoader Creating init config 
330023     DEBUG main            d.u.i.k.p.i.AbstractProblemLoader Init config took 2.28s 
330037     INFO  main            d.u.i.k.p.i.AbstractProblemLoader Replaying proof simplify4.key 
330038     DEBUG main            d.u.i.k.p.i.IntermediateProofReplayer Proof replay took 2.5ns 
330140     INFO  main            d.u.i.k.p.r.p.TestFile    ... finished proof: closed. 
330531     INFO  main            d.u.i.k.p.i.AbstractProblemLoader Loading environment from /home/runner/work/key/key/key.core/../key.ui/examples/standard_key/inEqSimp/simplify4.key.proof 
330531     DEBUG main            d.u.i.k.p.i.AbstractProblemLoader Environment load took 85.7ns 
330532     INFO  main            d.u.i.k.p.i.AbstractProblemLoader Creating init config 
332778     DEBUG main            d.u.i.k.p.i.AbstractProblemLoader Init config took 2.25s 
332793     INFO  main            d.u.i.k.p.i.AbstractProblemLoader Replaying proof simplify4.key.proof 
332799     DEBUG main            d.u.i.k.p.i.IntermediateProofReplayer Proof replay took 4.73ms 
332801     DEBUG main            d.u.i.k.p.r.p.TestFile    ... success: reloaded. 
332801     INFO  main            d.u.i.k.p.r.p.TestFile    Now processing file /home/runner/work/key/key/key.core/../key.ui/examples/standard_key/inEqSimp/simplify5.key 
332801     INFO  main            d.u.i.k.p.i.AbstractProblemLoader Loading environment from /home/runner/work/key/key/key.core/../key.ui/examples/standard_key/inEqSimp/simplify5.key 
332802     DEBUG main            d.u.i.k.p.i.AbstractProblemLoader Environment load took 92.1ns 
332803     INFO  main            d.u.i.k.p.i.AbstractProblemLoader Creating init config 
335086     DEBUG main            d.u.i.k.p.i.AbstractProblemLoader Init config took 2.28s 
335100     INFO  main            d.u.i.k.p.i.AbstractProblemLoader Replaying proof simplify5.key 
335101     DEBUG main            d.u.i.k.p.i.IntermediateProofReplayer Proof replay took 2.7ns 
335605     INFO  main            d.u.i.k.p.r.p.TestFile    ... finished proof: closed. 
336014     INFO  main            d.u.i.k.p.i.AbstractProblemLoader Loading environment from /home/runner/work/key/key/key.core/../key.ui/examples/standard_key/inEqSimp/simplify5.key.proof 
336014     DEBUG main            d.u.i.k.p.i.AbstractProblemLoader Environment load took 394.51ns 
336016     INFO  main            d.u.i.k.p.i.AbstractProblemLoader Creating init config 
338261     DEBUG main            d.u.i.k.p.i.AbstractProblemLoader Init config took 2.25s 
338275     INFO  main            d.u.i.k.p.i.AbstractProblemLoader Replaying proof simplify5.key.proof 
338311     DEBUG main            d.u.i.k.p.i.IntermediateProofReplayer Proof replay took 31.67ms 
338313     DEBUG main            d.u.i.k.p.r.p.TestFile    ... success: reloaded. 
338313     INFO  main            d.u.i.k.p.r.p.TestFile    Now processing file /home/runner/work/key/key/key.core/../key.ui/examples/standard_key/inEqSimp/subsumptionExample.key 
338314     INFO  main            d.u.i.k.p.i.AbstractProblemLoader Loading environment from /home/runner/work/key/key/key.core/../key.ui/examples/standard_key/inEqSimp/subsumptionExample.key 
338314     DEBUG main            d.u.i.k.p.i.AbstractProblemLoader Environment load took 67.3ns 
338315     INFO  main            d.u.i.k.p.i.AbstractProblemLoader Creating init config 
340591     DEBUG main            d.u.i.k.p.i.AbstractProblemLoader Init config took 2.28s 
340622     INFO  main            d.u.i.k.p.i.AbstractProblemLoader Replaying proof subsumptionExample.key 
340623     DEBUG main            d.u.i.k.p.i.IntermediateProofReplayer Proof replay took 3.5ns 
340725     INFO  main            d.u.i.k.p.r.p.TestFile    ... finished proof: closed. 
341130     INFO  main            d.u.i.k.p.i.AbstractProblemLoader Loading environment from /home/runner/work/key/key/key.core/../key.ui/examples/standard_key/inEqSimp/subsumptionExample.key.proof 
341131     DEBUG main            d.u.i.k.p.i.AbstractProblemLoader Environment load took 91.3ns 
341131     INFO  main            d.u.i.k.p.i.AbstractProblemLoader Creating init config 
343406     DEBUG main            d.u.i.k.p.i.AbstractProblemLoader Init config took 2.27s 
343419     INFO  main            d.u.i.k.p.i.AbstractProblemLoader Replaying proof subsumptionExample.key.proof 
343421     DEBUG main            d.u.i.k.p.i.IntermediateProofReplayer Proof replay took 632.21ns 
343422     DEBUG main            d.u.i.k.p.r.p.TestFile    ... success: reloaded. 
343423     INFO  main            d.u.i.k.p.r.p.TestFile    Now processing file /home/runner/work/key/key/key.core/../key.ui/examples/standard_key/polySimp/simplify0.key 
343423     INFO  main            d.u.i.k.p.i.AbstractProblemLoader Loading environment from /home/runner/work/key/key/key.core/../key.ui/examples/standard_key/polySimp/simplify0.key 
343423     DEBUG main            d.u.i.k.p.i.AbstractProblemLoader Environment load took 45ns 
343424     INFO  main            d.u.i.k.p.i.AbstractProblemLoader Creating init config 
345697     DEBUG main            d.u.i.k.p.i.AbstractProblemLoader Init config took 2.27s 
345710     INFO  main            d.u.i.k.p.i.AbstractProblemLoader Replaying proof simplify0.key 
345711     DEBUG main            d.u.i.k.p.i.IntermediateProofReplayer Proof replay took 2.6ns 
345915     INFO  main            d.u.i.k.p.r.p.TestFile    ... finished proof: closed. 
346328     INFO  main            d.u.i.k.p.i.AbstractProblemLoader Loading environment from /home/runner/work/key/key/key.core/../key.ui/examples/standard_key/polySimp/simplify0.key.proof 
346328     DEBUG main            d.u.i.k.p.i.AbstractProblemLoader Environment load took 86.6ns 
346329     INFO  main            d.u.i.k.p.i.AbstractProblemLoader Creating init config 
348581     DEBUG main            d.u.i.k.p.i.AbstractProblemLoader Init config took 2.25s 
348594     INFO  main            d.u.i.k.p.i.AbstractProblemLoader Replaying proof simplify0.key.proof 
348601     DEBUG main            d.u.i.k.p.i.IntermediateProofReplayer Proof replay took 4.38ms 
348602     DEBUG main            d.u.i.k.p.r.p.TestFile    ... success: reloaded. 
348602     INFO  main            d.u.i.k.p.r.p.TestFile    Now processing file /home/runner/work/key/key/key.core/../key.ui/examples/standard_key/polySimp/simplify1.key 
348603     INFO  main            d.u.i.k.p.i.AbstractProblemLoader Loading environment from /home/runner/work/key/key/key.core/../key.ui/examples/standard_key/polySimp/simplify1.key 
348603     DEBUG main            d.u.i.k.p.i.AbstractProblemLoader Environment load took 47.8ns 
348604     INFO  main            d.u.i.k.p.i.AbstractProblemLoader Creating init config 
350893     DEBUG main            d.u.i.k.p.i.AbstractProblemLoader Init config took 2.29s 
350906     INFO  main            d.u.i.k.p.i.AbstractProblemLoader Replaying proof simplify1.key 
350907     DEBUG main            d.u.i.k.p.i.IntermediateProofReplayer Proof replay took 2.5ns 
351212     INFO  main            d.u.i.k.p.r.p.TestFile    ... finished proof: closed. 
351649     INFO  main            d.u.i.k.p.i.AbstractProblemLoader Loading environment from /home/runner/work/key/key/key.core/../key.ui/examples/standard_key/polySimp/simplify1.key.proof 
351650     DEBUG main            d.u.i.k.p.i.AbstractProblemLoader Environment load took 93.3ns 
351651     INFO  main            d.u.i.k.p.i.AbstractProblemLoader Creating init config 
353901     DEBUG main            d.u.i.k.p.i.AbstractProblemLoader Init config took 2.25s 
353914     INFO  main            d.u.i.k.p.i.AbstractProblemLoader Replaying proof simplify1.key.proof 
353923     DEBUG main            d.u.i.k.p.i.IntermediateProofReplayer Proof replay took 6.04ms 
353924     DEBUG main            d.u.i.k.p.r.p.TestFile    ... success: reloaded. 
353924     INFO  main            d.u.i.k.p.r.p.TestFile    Now processing file /home/runner/work/key/key/key.core/../key.ui/examples/standard_key/polySimp/simplify10.key 
353924     INFO  main            d.u.i.k.p.i.AbstractProblemLoader Loading environment from /home/runner/work/key/key/key.core/../key.ui/examples/standard_key/polySimp/simplify10.key 
353924     DEBUG main            d.u.i.k.p.i.AbstractProblemLoader Environment load took 76.3ns 
353926     INFO  main            d.u.i.k.p.i.AbstractProblemLoader Creating init config 
356222     DEBUG main            d.u.i.k.p.i.AbstractProblemLoader Init config took 2.3s 
356236     INFO  main            d.u.i.k.p.i.AbstractProblemLoader Replaying proof simplify10.key 
356237     DEBUG main            d.u.i.k.p.i.IntermediateProofReplayer Proof replay took 2.6ns 
356440     INFO  main            d.u.i.k.p.r.p.TestFile    ... finished proof: closed. 
356887     INFO  main            d.u.i.k.p.i.AbstractProblemLoader Loading environment from /home/runner/work/key/key/key.core/../key.ui/examples/standard_key/polySimp/simplify10.key.proof 
356888     DEBUG main            d.u.i.k.p.i.AbstractProblemLoader Environment load took 103.1ns 
356889     INFO  main            d.u.i.k.p.i.AbstractProblemLoader Creating init config 
359144     DEBUG main            d.u.i.k.p.i.AbstractProblemLoader Init config took 2.26s 
359160     INFO  main            d.u.i.k.p.i.AbstractProblemLoader Replaying proof simplify10.key.proof 
359171     DEBUG main            d.u.i.k.p.i.IntermediateProofReplayer Proof replay took 8.47ms 
359172     DEBUG main            d.u.i.k.p.r.p.TestFile    ... success: reloaded. 
359173     INFO  main            d.u.i.k.p.r.p.TestFile    Now processing file /home/runner/work/key/key/key.core/../key.ui/examples/standard_key/polySimp/simplify11.key 
359173     INFO  main            d.u.i.k.p.i.AbstractProblemLoader Loading environment from /home/runner/work/key/key/key.core/../key.ui/examples/standard_key/polySimp/simplify11.key 
359173     DEBUG main            d.u.i.k.p.i.AbstractProblemLoader Environment load took 53.1ns 
359174     INFO  main            d.u.i.k.p.i.AbstractProblemLoader Creating init config 
361473     DEBUG main            d.u.i.k.p.i.AbstractProblemLoader Init config took 2.3s 
361486     INFO  main            d.u.i.k.p.i.AbstractProblemLoader Replaying proof simplify11.key 
361487     DEBUG main            d.u.i.k.p.i.IntermediateProofReplayer Proof replay took 3.4ns 
361689     INFO  main            d.u.i.k.p.r.p.TestFile    ... finished proof: closed. 
362128     INFO  main            d.u.i.k.p.i.AbstractProblemLoader Loading environment from /home/runner/work/key/key/key.core/../key.ui/examples/standard_key/polySimp/simplify11.key.proof 
362128     DEBUG main            d.u.i.k.p.i.AbstractProblemLoader Environment load took 89.9ns 
362130     INFO  main            d.u.i.k.p.i.AbstractProblemLoader Creating init config 
364392     DEBUG main            d.u.i.k.p.i.AbstractProblemLoader Init config took 2.26s 
364407     INFO  main            d.u.i.k.p.i.AbstractProblemLoader Replaying proof simplify11.key.proof 
364416     DEBUG main            d.u.i.k.p.i.IntermediateProofReplayer Proof replay took 6.82ms 
364417     DEBUG main            d.u.i.k.p.r.p.TestFile    ... success: reloaded. 
364417     INFO  main            d.u.i.k.p.r.p.TestFile    Now processing file /home/runner/work/key/key/key.core/../key.ui/examples/standard_key/polySimp/simplify12.key 
364417     INFO  main            d.u.i.k.p.i.AbstractProblemLoader Loading environment from /home/runner/work/key/key/key.core/../key.ui/examples/standard_key/polySimp/simplify12.key 
364417     DEBUG main            d.u.i.k.p.i.AbstractProblemLoader Environment load took 46.9ns 
364419     INFO  main            d.u.i.k.p.i.AbstractProblemLoader Creating init config 
366731     DEBUG main            d.u.i.k.p.i.AbstractProblemLoader Init config took 2.31s 
366744     INFO  main            d.u.i.k.p.i.AbstractProblemLoader Replaying proof simplify12.key 
366745     DEBUG main            d.u.i.k.p.i.IntermediateProofReplayer Proof replay took 3.5ns 
366846     INFO  main            d.u.i.k.p.r.p.TestFile    ... finished proof: closed. 
367291     INFO  main            d.u.i.k.p.i.AbstractProblemLoader Loading environment from /home/runner/work/key/key/key.core/../key.ui/examples/standard_key/polySimp/simplify12.key.proof 
367291     DEBUG main            d.u.i.k.p.i.AbstractProblemLoader Environment load took 89.1ns 
367292     INFO  main            d.u.i.k.p.i.AbstractProblemLoader Creating init config 
369562     DEBUG main            d.u.i.k.p.i.AbstractProblemLoader Init config took 2.27s 
369575     INFO  main            d.u.i.k.p.i.AbstractProblemLoader Replaying proof simplify12.key.proof 
369580     DEBUG main            d.u.i.k.p.i.IntermediateProofReplayer Proof replay took 3.33ms 
369581     DEBUG main            d.u.i.k.p.r.p.TestFile    ... success: reloaded. 
369581     INFO  main            d.u.i.k.p.r.p.TestFile    Now processing file /home/runner/work/key/key/key.core/../key.ui/examples/standard_key/polySimp/simplify13.key 
369582     INFO  main            d.u.i.k.p.i.AbstractProblemLoader Loading environment from /home/runner/work/key/key/key.core/../key.ui/examples/standard_key/polySimp/simplify13.key 
369582     DEBUG main            d.u.i.k.p.i.AbstractProblemLoader Environment load took 48.2ns 
369583     INFO  main            d.u.i.k.p.i.AbstractProblemLoader Creating init config 
371875     DEBUG main            d.u.i.k.p.i.AbstractProblemLoader Init config took 2.29s 
371889     INFO  main            d.u.i.k.p.i.AbstractProblemLoader Replaying proof simplify13.key 
371890     DEBUG main            d.u.i.k.p.i.IntermediateProofReplayer Proof replay took 3ns 
371992     INFO  main            d.u.i.k.p.r.p.TestFile    ... finished proof: closed. 
372429     INFO  main            d.u.i.k.p.i.AbstractProblemLoader Loading environment from /home/runner/work/key/key/key.core/../key.ui/examples/standard_key/polySimp/simplify13.key.proof 
372429     DEBUG main            d.u.i.k.p.i.AbstractProblemLoader Environment load took 88.5ns 
372431     INFO  main            d.u.i.k.p.i.AbstractProblemLoader Creating init config 
374700     DEBUG main            d.u.i.k.p.i.AbstractProblemLoader Init config took 2.27s 
374713     INFO  main            d.u.i.k.p.i.AbstractProblemLoader Replaying proof simplify13.key.proof 
374717     DEBUG main            d.u.i.k.p.i.IntermediateProofReplayer Proof replay took 2.09ms 
374718     DEBUG main            d.u.i.k.p.r.p.TestFile    ... success: reloaded. 
374718     INFO  main            d.u.i.k.p.r.p.TestFile    Now processing file /home/runner/work/key/key/key.core/../key.ui/examples/standard_key/polySimp/simplify14.key 
374718     INFO  main            d.u.i.k.p.i.AbstractProblemLoader Loading environment from /home/runner/work/key/key/key.core/../key.ui/examples/standard_key/polySimp/simplify14.key 
374718     DEBUG main            d.u.i.k.p.i.AbstractProblemLoader Environment load took 69.2ns 
374719     INFO  main            d.u.i.k.p.i.AbstractProblemLoader Creating init config 
377036     DEBUG main            d.u.i.k.p.i.AbstractProblemLoader Init config took 2.32s 
377049     INFO  main            d.u.i.k.p.i.AbstractProblemLoader Replaying proof simplify14.key 
377050     DEBUG main            d.u.i.k.p.i.IntermediateProofReplayer Proof replay took 2.8ns 
377152     INFO  main            d.u.i.k.p.r.p.TestFile    ... finished proof: closed. 
377592     INFO  main            d.u.i.k.p.i.AbstractProblemLoader Loading environment from /home/runner/work/key/key/key.core/../key.ui/examples/standard_key/polySimp/simplify14.key.proof 
377592     DEBUG main            d.u.i.k.p.i.AbstractProblemLoader Environment load took 86.1ns 
377593     INFO  main            d.u.i.k.p.i.AbstractProblemLoader Creating init config 
379876     DEBUG main            d.u.i.k.p.i.AbstractProblemLoader Init config took 2.28s 
379890     INFO  main            d.u.i.k.p.i.AbstractProblemLoader Replaying proof simplify14.key.proof 
379893     DEBUG main            d.u.i.k.p.i.IntermediateProofReplayer Proof replay took 435.91ns 
379894     DEBUG main            d.u.i.k.p.r.p.TestFile    ... success: reloaded. 
379894     INFO  main            d.u.i.k.p.r.p.TestFile    Now processing file /home/runner/work/key/key/key.core/../key.ui/examples/standard_key/polySimp/simplify15.key 
379894     INFO  main            d.u.i.k.p.i.AbstractProblemLoader Loading environment from /home/runner/work/key/key/key.core/../key.ui/examples/standard_key/polySimp/simplify15.key 
379894     DEBUG main            d.u.i.k.p.i.AbstractProblemLoader Environment load took 46.4ns 
379895     INFO  main            d.u.i.k.p.i.AbstractProblemLoader Creating init config 
382179     DEBUG main            d.u.i.k.p.i.AbstractProblemLoader Init config took 2.28s 
382192     INFO  main            d.u.i.k.p.i.AbstractProblemLoader Replaying proof simplify15.key 
382193     DEBUG main            d.u.i.k.p.i.IntermediateProofReplayer Proof replay took 2.6ns 
382294     INFO  main            d.u.i.k.p.r.p.TestFile    ... finished proof: closed. 
382728     INFO  main            d.u.i.k.p.i.AbstractProblemLoader Loading environment from /home/runner/work/key/key/key.core/../key.ui/examples/standard_key/polySimp/simplify15.key.proof 
382728     DEBUG main            d.u.i.k.p.i.AbstractProblemLoader Environment load took 97.1ns 
382729     INFO  main            d.u.i.k.p.i.AbstractProblemLoader Creating init config 
384973     DEBUG main            d.u.i.k.p.i.AbstractProblemLoader Init config took 2.24s 
384986     INFO  main            d.u.i.k.p.i.AbstractProblemLoader Replaying proof simplify15.key.proof 
384988     DEBUG main            d.u.i.k.p.i.IntermediateProofReplayer Proof replay took 325.11ns 
384988     DEBUG main            d.u.i.k.p.r.p.TestFile    ... success: reloaded. 
384989     INFO  main            d.u.i.k.p.r.p.TestFile    Now processing file /home/runner/work/key/key/key.core/../key.ui/examples/standard_key/polySimp/simplify16.key 
384989     INFO  main            d.u.i.k.p.i.AbstractProblemLoader Loading environment from /home/runner/work/key/key/key.core/../key.ui/examples/standard_key/polySimp/simplify16.key 
384989     DEBUG main            d.u.i.k.p.i.AbstractProblemLoader Environment load took 63.7ns 
384990     INFO  main            d.u.i.k.p.i.AbstractProblemLoader Creating init config 
387298     DEBUG main            d.u.i.k.p.i.AbstractProblemLoader Init config took 2.31s 
387311     INFO  main            d.u.i.k.p.i.AbstractProblemLoader Replaying proof simplify16.key 
387312     DEBUG main            d.u.i.k.p.i.IntermediateProofReplayer Proof replay took 2.8ns 
387413     INFO  main            d.u.i.k.p.r.p.TestFile    ... finished proof: closed. 
387859     INFO  main            d.u.i.k.p.i.AbstractProblemLoader Loading environment from /home/runner/work/key/key/key.core/../key.ui/examples/standard_key/polySimp/simplify16.key.proof 
387859     DEBUG main            d.u.i.k.p.i.AbstractProblemLoader Environment load took 82.6ns 
387860     INFO  main            d.u.i.k.p.i.AbstractProblemLoader Creating init config 
390108     DEBUG main            d.u.i.k.p.i.AbstractProblemLoader Init config took 2.25s 
390121     INFO  main            d.u.i.k.p.i.AbstractProblemLoader Replaying proof simplify16.key.proof 
390123     DEBUG main            d.u.i.k.p.i.IntermediateProofReplayer Proof replay took 214ns 
390124     DEBUG main            d.u.i.k.p.r.p.TestFile    ... success: reloaded. 
390124     INFO  main            d.u.i.k.p.r.p.TestFile    Now processing file /home/runner/work/key/key/key.core/../key.ui/examples/standard_key/polySimp/simplify17.key 
390124     INFO  main            d.u.i.k.p.i.AbstractProblemLoader Loading environment from /home/runner/work/key/key/key.core/../key.ui/examples/standard_key/polySimp/simplify17.key 
390124     DEBUG main            d.u.i.k.p.i.AbstractProblemLoader Environment load took 47.5ns 
390125     INFO  main            d.u.i.k.p.i.AbstractProblemLoader Creating init config 
392429     DEBUG main            d.u.i.k.p.i.AbstractProblemLoader Init config took 2.3s 
392442     INFO  main            d.u.i.k.p.i.AbstractProblemLoader Replaying proof simplify17.key 
392443     DEBUG main            d.u.i.k.p.i.IntermediateProofReplayer Proof replay took 2.8ns 
392545     INFO  main            d.u.i.k.p.r.p.TestFile    ... finished proof: closed. 
393001     INFO  main            d.u.i.k.p.i.AbstractProblemLoader Loading environment from /home/runner/work/key/key/key.core/../key.ui/examples/standard_key/polySimp/simplify17.key.proof 
393001     DEBUG main            d.u.i.k.p.i.AbstractProblemLoader Environment load took 92.7ns 
393002     INFO  main            d.u.i.k.p.i.AbstractProblemLoader Creating init config 
395255     DEBUG main            d.u.i.k.p.i.AbstractProblemLoader Init config took 2.25s 
395268     INFO  main            d.u.i.k.p.i.AbstractProblemLoader Replaying proof simplify17.key.proof 
395272     DEBUG main            d.u.i.k.p.i.IntermediateProofReplayer Proof replay took 2.72ms 
395273     DEBUG main            d.u.i.k.p.r.p.TestFile    ... success: reloaded. 
395273     INFO  main            d.u.i.k.p.r.p.TestFile    Now processing file /home/runner/work/key/key/key.core/../key.ui/examples/standard_key/polySimp/simplify18.key 
395274     INFO  main            d.u.i.k.p.i.AbstractProblemLoader Loading environment from /home/runner/work/key/key/key.core/../key.ui/examples/standard_key/polySimp/simplify18.key 
395274     DEBUG main            d.u.i.k.p.i.AbstractProblemLoader Environment load took 48.1ns 
395275     INFO  main            d.u.i.k.p.i.AbstractProblemLoader Creating init config 
397584     DEBUG main            d.u.i.k.p.i.AbstractProblemLoader Init config took 2.31s 
397597     INFO  main            d.u.i.k.p.i.AbstractProblemLoader Replaying proof simplify18.key 
397598     DEBUG main            d.u.i.k.p.i.IntermediateProofReplayer Proof replay took 3ns 
397801     INFO  main            d.u.i.k.p.r.p.TestFile    ... finished proof: closed. 
398277     INFO  main            d.u.i.k.p.i.AbstractProblemLoader Loading environment from /home/runner/work/key/key/key.core/../key.ui/examples/standard_key/polySimp/simplify18.key.proof 
398277     DEBUG main            d.u.i.k.p.i.AbstractProblemLoader Environment load took 87.7ns 
398278     INFO  main            d.u.i.k.p.i.AbstractProblemLoader Creating init config 
400530     DEBUG main            d.u.i.k.p.i.AbstractProblemLoader Init config took 2.25s 
400545     INFO  main            d.u.i.k.p.i.AbstractProblemLoader Replaying proof simplify18.key.proof 
400552     DEBUG main            d.u.i.k.p.i.IntermediateProofReplayer Proof replay took 5.75ms 
400553     DEBUG main            d.u.i.k.p.r.p.TestFile    ... success: reloaded. 
400555     INFO  main            d.u.i.k.p.r.p.TestFile    Now processing file /home/runner/work/key/key/key.core/../key.ui/examples/standard_key/polySimp/simplify19.key 
400555     INFO  main            d.u.i.k.p.i.AbstractProblemLoader Loading environment from /home/runner/work/key/key/key.core/../key.ui/examples/standard_key/polySimp/simplify19.key 
400555     DEBUG main            d.u.i.k.p.i.AbstractProblemLoader Environment load took 48.1ns 
400556     INFO  main            d.u.i.k.p.i.AbstractProblemLoader Creating init config 
402843     DEBUG main            d.u.i.k.p.i.AbstractProblemLoader Init config took 2.29s 
402872     INFO  main            d.u.i.k.p.i.AbstractProblemLoader Replaying proof simplify19.key 
402873     DEBUG main            d.u.i.k.p.i.IntermediateProofReplayer Proof replay took 2.6ns 
405757     INFO  main            d.u.i.k.p.r.p.TestFile    ... finished proof: closed. 
406272     INFO  main            d.u.i.k.p.i.AbstractProblemLoader Loading environment from /home/runner/work/key/key/key.core/../key.ui/examples/standard_key/polySimp/simplify19.key.proof 
406272     DEBUG main            d.u.i.k.p.i.AbstractProblemLoader Environment load took 92.5ns 
406274     INFO  main            d.u.i.k.p.i.AbstractProblemLoader Creating init config 
408539     DEBUG main            d.u.i.k.p.i.AbstractProblemLoader Init config took 2.27s 
408553     INFO  main            d.u.i.k.p.i.AbstractProblemLoader Replaying proof simplify19.key.proof 
408649     DEBUG main            d.u.i.k.p.i.IntermediateProofReplayer Proof replay took 83.88ms 
408650     DEBUG main            d.u.i.k.p.r.p.TestFile    ... success: reloaded. 
408651     INFO  main            d.u.i.k.p.r.p.TestFile    Now processing file /home/runner/work/key/key/key.core/../key.ui/examples/standard_key/polySimp/simplify2.key 
408651     INFO  main            d.u.i.k.p.i.AbstractProblemLoader Loading environment from /home/runner/work/key/key/key.core/../key.ui/examples/standard_key/polySimp/simplify2.key 
408651     DEBUG main            d.u.i.k.p.i.AbstractProblemLoader Environment load took 79.7ns 
408652     INFO  main            d.u.i.k.p.i.AbstractProblemLoader Creating init config 
410998     DEBUG main            d.u.i.k.p.i.AbstractProblemLoader Init config took 2.35s 
411011     INFO  main            d.u.i.k.p.i.AbstractProblemLoader Replaying proof simplify2.key 
411012     DEBUG main            d.u.i.k.p.i.IntermediateProofReplayer Proof replay took 3.7ns 
411114     INFO  main            d.u.i.k.p.r.p.TestFile    ... finished proof: closed. 
411636     INFO  main            d.u.i.k.p.i.AbstractProblemLoader Loading environment from /home/runner/work/key/key/key.core/../key.ui/examples/standard_key/polySimp/simplify2.key.proof 
411636     DEBUG main            d.u.i.k.p.i.AbstractProblemLoader Environment load took 81.5ns 
411636     INFO  main            d.u.i.k.p.i.AbstractProblemLoader Creating init config 
413885     DEBUG main            d.u.i.k.p.i.AbstractProblemLoader Init config took 2.25s 
413899     INFO  main            d.u.i.k.p.i.AbstractProblemLoader Replaying proof simplify2.key.proof 
413900     DEBUG main            d.u.i.k.p.i.IntermediateProofReplayer Proof replay took 512.31ns 
413901     DEBUG main            d.u.i.k.p.r.p.TestFile    ... success: reloaded. 
413902     INFO  main            d.u.i.k.p.r.p.TestFile    Now processing file /home/runner/work/key/key/key.core/../key.ui/examples/standard_key/polySimp/simplify20.key 
413902     INFO  main            d.u.i.k.p.i.AbstractProblemLoader Loading environment from /home/runner/work/key/key/key.core/../key.ui/examples/standard_key/polySimp/simplify20.key 
413902     DEBUG main            d.u.i.k.p.i.AbstractProblemLoader Environment load took 44.2ns 
413903     INFO  main            d.u.i.k.p.i.AbstractProblemLoader Creating init config 
416192     DEBUG main            d.u.i.k.p.i.AbstractProblemLoader Init config took 2.29s 
416205     INFO  main            d.u.i.k.p.i.AbstractProblemLoader Replaying proof simplify20.key 
416207     DEBUG main            d.u.i.k.p.i.IntermediateProofReplayer Proof replay took 3.1ns 
416811     INFO  main            d.u.i.k.p.r.p.TestFile    ... finished proof: closed. 
417341     INFO  main            d.u.i.k.p.i.AbstractProblemLoader Loading environment from /home/runner/work/key/key/key.core/../key.ui/examples/standard_key/polySimp/simplify20.key.proof 
417341     DEBUG main            d.u.i.k.p.i.AbstractProblemLoader Environment load took 95.4ns 
417343     INFO  main            d.u.i.k.p.i.AbstractProblemLoader Creating init config 
419612     DEBUG main            d.u.i.k.p.i.AbstractProblemLoader Init config took 2.27s 
419626     INFO  main            d.u.i.k.p.i.AbstractProblemLoader Replaying proof simplify20.key.proof 
419655     DEBUG main            d.u.i.k.p.i.IntermediateProofReplayer Proof replay took 24.06ms 
419656     DEBUG main            d.u.i.k.p.r.p.TestFile    ... success: reloaded. 
419656     INFO  main            d.u.i.k.p.r.p.TestFile    Now processing file /home/runner/work/key/key/key.core/../key.ui/examples/standard_key/polySimp/simplify21.key 
419657     INFO  main            d.u.i.k.p.i.AbstractProblemLoader Loading environment from /home/runner/work/key/key/key.core/../key.ui/examples/standard_key/polySimp/simplify21.key 
419657     DEBUG main            d.u.i.k.p.i.AbstractProblemLoader Environment load took 82.1ns 
419659     INFO  main            d.u.i.k.p.i.AbstractProblemLoader Creating init config 
421946     DEBUG main            d.u.i.k.p.i.AbstractProblemLoader Init config took 2.29s 
421960     INFO  main            d.u.i.k.p.i.AbstractProblemLoader Replaying proof simplify21.key 
421962     DEBUG main            d.u.i.k.p.i.IntermediateProofReplayer Proof replay took 3.8ns 
422467     INFO  main            d.u.i.k.p.r.p.TestFile    ... finished proof: closed. 
423015     INFO  main            d.u.i.k.p.i.AbstractProblemLoader Loading environment from /home/runner/work/key/key/key.core/../key.ui/examples/standard_key/polySimp/simplify21.key.proof 
423015     DEBUG main            d.u.i.k.p.i.AbstractProblemLoader Environment load took 92.1ns 
423017     INFO  main            d.u.i.k.p.i.AbstractProblemLoader Creating init config 
425272     DEBUG main            d.u.i.k.p.i.AbstractProblemLoader Init config took 2.25s 
425288     INFO  main            d.u.i.k.p.i.AbstractProblemLoader Replaying proof simplify21.key.proof 
425310     DEBUG main            d.u.i.k.p.i.IntermediateProofReplayer Proof replay took 17.53ms 
425312     DEBUG main            d.u.i.k.p.r.p.TestFile    ... success: reloaded. 
425312     INFO  main            d.u.i.k.p.r.p.TestFile    Now processing file /home/runner/work/key/key/key.core/../key.ui/examples/standard_key/polySimp/simplify22.key 
425312     INFO  main            d.u.i.k.p.i.AbstractProblemLoader Loading environment from /home/runner/work/key/key/key.core/../key.ui/examples/standard_key/polySimp/simplify22.key 
425312     DEBUG main            d.u.i.k.p.i.AbstractProblemLoader Environment load took 79.7ns 
425313     INFO  main            d.u.i.k.p.i.AbstractProblemLoader Creating init config 
427597     DEBUG main            d.u.i.k.p.i.AbstractProblemLoader Init config took 2.28s 
427610     INFO  main            d.u.i.k.p.i.AbstractProblemLoader Replaying proof simplify22.key 
427611     DEBUG main            d.u.i.k.p.i.IntermediateProofReplayer Proof replay took 3.2ns 
427714     INFO  main            d.u.i.k.p.r.p.TestFile    ... finished proof: closed. 
428221     INFO  main            d.u.i.k.p.i.AbstractProblemLoader Loading environment from /home/runner/work/key/key/key.core/../key.ui/examples/standard_key/polySimp/simplify22.key.proof 
428221     DEBUG main            d.u.i.k.p.i.AbstractProblemLoader Environment load took 83.3ns 
428222     INFO  main            d.u.i.k.p.i.AbstractProblemLoader Creating init config 
430478     DEBUG main            d.u.i.k.p.i.AbstractProblemLoader Init config took 2.26s 
430493     INFO  main            d.u.i.k.p.i.AbstractProblemLoader Replaying proof simplify22.key.proof 
430497     DEBUG main            d.u.i.k.p.i.IntermediateProofReplayer Proof replay took 2.4ms 
430497     DEBUG main            d.u.i.k.p.r.p.TestFile    ... success: reloaded. 
430498     INFO  main            d.u.i.k.p.r.p.TestFile    Now processing file /home/runner/work/key/key/key.core/../key.ui/examples/standard_key/polySimp/simplify23.key 
430498     INFO  main            d.u.i.k.p.i.AbstractProblemLoader Loading environment from /home/runner/work/key/key/key.core/../key.ui/examples/standard_key/polySimp/simplify23.key 
430498     DEBUG main            d.u.i.k.p.i.AbstractProblemLoader Environment load took 64.5ns 
430499     INFO  main            d.u.i.k.p.i.AbstractProblemLoader Creating init config 
432785     DEBUG main            d.u.i.k.p.i.AbstractProblemLoader Init config took 2.29s 
432799     INFO  main            d.u.i.k.p.i.AbstractProblemLoader Replaying proof simplify23.key 
432800     DEBUG main            d.u.i.k.p.i.IntermediateProofReplayer Proof replay took 3.3ns 
432902     INFO  main            d.u.i.k.p.r.p.TestFile    ... finished proof: closed. 
433393     INFO  main            d.u.i.k.p.i.AbstractProblemLoader Loading environment from /home/runner/work/key/key/key.core/../key.ui/examples/standard_key/polySimp/simplify23.key.proof 
433393     DEBUG main            d.u.i.k.p.i.AbstractProblemLoader Environment load took 90.4ns 
433394     INFO  main            d.u.i.k.p.i.AbstractProblemLoader Creating init config 
435676     DEBUG main            d.u.i.k.p.i.AbstractProblemLoader Init config took 2.28s 
435690     INFO  main            d.u.i.k.p.i.AbstractProblemLoader Replaying proof simplify23.key.proof 
435697     DEBUG main            d.u.i.k.p.i.IntermediateProofReplayer Proof replay took 5.23ms 
435698     DEBUG main            d.u.i.k.p.r.p.TestFile    ... success: reloaded. 
435698     INFO  main            d.u.i.k.p.r.p.TestFile    Now processing file /home/runner/work/key/key/key.core/../key.ui/examples/standard_key/polySimp/simplify24.key 
435698     INFO  main            d.u.i.k.p.i.AbstractProblemLoader Loading environment from /home/runner/work/key/key/key.core/../key.ui/examples/standard_key/polySimp/simplify24.key 
435698     DEBUG main            d.u.i.k.p.i.AbstractProblemLoader Environment load took 64.7ns 
435699     INFO  main            d.u.i.k.p.i.AbstractProblemLoader Creating init config 
437991     DEBUG main            d.u.i.k.p.i.AbstractProblemLoader Init config took 2.29s 
438004     INFO  main            d.u.i.k.p.i.AbstractProblemLoader Replaying proof simplify24.key 
438005     DEBUG main            d.u.i.k.p.i.IntermediateProofReplayer Proof replay took 2.9ns 
438106     INFO  main            d.u.i.k.p.r.p.TestFile    ... finished proof: closed. 
438609     INFO  main            d.u.i.k.p.i.AbstractProblemLoader Loading environment from /home/runner/work/key/key/key.core/../key.ui/examples/standard_key/polySimp/simplify24.key.proof 
438609     DEBUG main            d.u.i.k.p.i.AbstractProblemLoader Environment load took 86.2ns 
438610     INFO  main            d.u.i.k.p.i.AbstractProblemLoader Creating init config 
440850     DEBUG main            d.u.i.k.p.i.AbstractProblemLoader Init config took 2.24s 
440864     INFO  main            d.u.i.k.p.i.AbstractProblemLoader Replaying proof simplify24.key.proof 
440866     DEBUG main            d.u.i.k.p.i.IntermediateProofReplayer Proof replay took 1.17ms 
440867     DEBUG main            d.u.i.k.p.r.p.TestFile    ... success: reloaded. 
440868     INFO  main            d.u.i.k.p.r.p.TestFile    Now processing file /home/runner/work/key/key/key.core/../key.ui/examples/standard_key/polySimp/simplify25.key 
440868     INFO  main            d.u.i.k.p.i.AbstractProblemLoader Loading environment from /home/runner/work/key/key/key.core/../key.ui/examples/standard_key/polySimp/simplify25.key 
440868     DEBUG main            d.u.i.k.p.i.AbstractProblemLoader Environment load took 63.1ns 
440878     INFO  main            d.u.i.k.p.i.AbstractProblemLoader Creating init config 
443167     DEBUG main            d.u.i.k.p.i.AbstractProblemLoader Init config took 2.29s 
443180     INFO  main            d.u.i.k.p.i.AbstractProblemLoader Replaying proof simplify25.key 
443181     DEBUG main            d.u.i.k.p.i.IntermediateProofReplayer Proof replay took 2.6ns 
443283     INFO  main            d.u.i.k.p.r.p.TestFile    ... finished proof: closed. 
443792     INFO  main            d.u.i.k.p.i.AbstractProblemLoader Loading environment from /home/runner/work/key/key/key.core/../key.ui/examples/standard_key/polySimp/simplify25.key.proof 
443792     DEBUG main            d.u.i.k.p.i.AbstractProblemLoader Environment load took 83.5ns 
443793     INFO  main            d.u.i.k.p.i.AbstractProblemLoader Creating init config 
446039     DEBUG main            d.u.i.k.p.i.AbstractProblemLoader Init config took 2.25s 
446052     INFO  main            d.u.i.k.p.i.AbstractProblemLoader Replaying proof simplify25.key.proof 
446066     DEBUG main            d.u.i.k.p.i.IntermediateProofReplayer Proof replay took 1.45ms 
446067     DEBUG main            d.u.i.k.p.r.p.TestFile    ... success: reloaded. 
446067     INFO  main            d.u.i.k.p.r.p.TestFile    Now processing file /home/runner/work/key/key/key.core/../key.ui/examples/standard_key/polySimp/simplify3.key 
446067     INFO  main            d.u.i.k.p.i.AbstractProblemLoader Loading environment from /home/runner/work/key/key/key.core/../key.ui/examples/standard_key/polySimp/simplify3.key 
446067     DEBUG main            d.u.i.k.p.i.AbstractProblemLoader Environment load took 47.1ns 
446068     INFO  main            d.u.i.k.p.i.AbstractProblemLoader Creating init config 
448345     DEBUG main            d.u.i.k.p.i.AbstractProblemLoader Init config took 2.28s 
448358     INFO  main            d.u.i.k.p.i.AbstractProblemLoader Replaying proof simplify3.key 
448359     DEBUG main            d.u.i.k.p.i.IntermediateProofReplayer Proof replay took 4.1ns 
448461     INFO  main            d.u.i.k.p.r.p.TestFile    ... finished proof: closed. 
448958     INFO  main            d.u.i.k.p.i.AbstractProblemLoader Loading environment from /home/runner/work/key/key/key.core/../key.ui/examples/standard_key/polySimp/simplify3.key.proof 
448958     DEBUG main            d.u.i.k.p.i.AbstractProblemLoader Environment load took 84.4ns 
448959     INFO  main            d.u.i.k.p.i.AbstractProblemLoader Creating init config 
451214     DEBUG main            d.u.i.k.p.i.AbstractProblemLoader Init config took 2.25s 
451227     INFO  main            d.u.i.k.p.i.AbstractProblemLoader Replaying proof simplify3.key.proof 
451229     DEBUG main            d.u.i.k.p.i.IntermediateProofReplayer Proof replay took 501.51ns 
451229     DEBUG main            d.u.i.k.p.r.p.TestFile    ... success: reloaded. 
451230     INFO  main            d.u.i.k.p.r.p.TestFile    Now processing file /home/runner/work/key/key/key.core/../key.ui/examples/standard_key/polySimp/simplify4.key 
451230     INFO  main            d.u.i.k.p.i.AbstractProblemLoader Loading environment from /home/runner/work/key/key/key.core/../key.ui/examples/standard_key/polySimp/simplify4.key 
451230     DEBUG main            d.u.i.k.p.i.AbstractProblemLoader Environment load took 44.6ns 
451231     INFO  main            d.u.i.k.p.i.AbstractProblemLoader Creating init config 
453508     DEBUG main            d.u.i.k.p.i.AbstractProblemLoader Init config took 2.28s 
453521     INFO  main            d.u.i.k.p.i.AbstractProblemLoader Replaying proof simplify4.key 
453522     DEBUG main            d.u.i.k.p.i.IntermediateProofReplayer Proof replay took 2.7ns 
453623     INFO  main            d.u.i.k.p.r.p.TestFile    ... finished proof: closed. 
454130     INFO  main            d.u.i.k.p.i.AbstractProblemLoader Loading environment from /home/runner/work/key/key/key.core/../key.ui/examples/standard_key/polySimp/simplify4.key.proof 
454131     DEBUG main            d.u.i.k.p.i.AbstractProblemLoader Environment load took 207.2ns 
454131     INFO  main            d.u.i.k.p.i.AbstractProblemLoader Creating init config 
456385     DEBUG main            d.u.i.k.p.i.AbstractProblemLoader Init config took 2.25s 
456398     INFO  main            d.u.i.k.p.i.AbstractProblemLoader Replaying proof simplify4.key.proof 
456400     DEBUG main            d.u.i.k.p.i.IntermediateProofReplayer Proof replay took 599.31ns 
456401     DEBUG main            d.u.i.k.p.r.p.TestFile    ... success: reloaded. 
456402     INFO  main            d.u.i.k.p.r.p.TestFile    Now processing file /home/runner/work/key/key/key.core/../key.ui/examples/standard_key/polySimp/simplify5.key 
456403     INFO  main            d.u.i.k.p.i.AbstractProblemLoader Loading environment from /home/runner/work/key/key/key.core/../key.ui/examples/standard_key/polySimp/simplify5.key 
456403     DEBUG main            d.u.i.k.p.i.AbstractProblemLoader Environment load took 95.9ns 
456403     INFO  main            d.u.i.k.p.i.AbstractProblemLoader Creating init config 
458681     DEBUG main            d.u.i.k.p.i.AbstractProblemLoader Init config took 2.28s 
458694     INFO  main            d.u.i.k.p.i.AbstractProblemLoader Replaying proof simplify5.key 
458694     DEBUG main            d.u.i.k.p.i.IntermediateProofReplayer Proof replay took 2.9ns 
458796     INFO  main            d.u.i.k.p.r.p.TestFile    ... finished proof: closed. 
459309     INFO  main            d.u.i.k.p.i.AbstractProblemLoader Loading environment from /home/runner/work/key/key/key.core/../key.ui/examples/standard_key/polySimp/simplify5.key.proof 
459309     DEBUG main            d.u.i.k.p.i.AbstractProblemLoader Environment load took 87.6ns 
459310     INFO  main            d.u.i.k.p.i.AbstractProblemLoader Creating init config 
461563     DEBUG main            d.u.i.k.p.i.AbstractProblemLoader Init config took 2.25s 
461577     INFO  main            d.u.i.k.p.i.AbstractProblemLoader Replaying proof simplify5.key.proof 
461580     DEBUG main            d.u.i.k.p.i.IntermediateProofReplayer Proof replay took 2.08ms 
461581     DEBUG main            d.u.i.k.p.r.p.TestFile    ... success: reloaded. 
461582     INFO  main            d.u.i.k.p.r.p.TestFile    Now processing file /home/runner/work/key/key/key.core/../key.ui/examples/standard_key/polySimp/simplify6.key 
461582     INFO  main            d.u.i.k.p.i.AbstractProblemLoader Loading environment from /home/runner/work/key/key/key.core/../key.ui/examples/standard_key/polySimp/simplify6.key 
461582     DEBUG main            d.u.i.k.p.i.AbstractProblemLoader Environment load took 47.3ns 
461583     INFO  main            d.u.i.k.p.i.AbstractProblemLoader Creating init config 
463881     DEBUG main            d.u.i.k.p.i.AbstractProblemLoader Init config took 2.3s 
463895     INFO  main            d.u.i.k.p.i.AbstractProblemLoader Replaying proof simplify6.key 
463896     DEBUG main            d.u.i.k.p.i.IntermediateProofReplayer Proof replay took 3.2ns 
463999     INFO  main            d.u.i.k.p.r.p.TestFile    ... finished proof: closed. 
464536     INFO  main            d.u.i.k.p.i.AbstractProblemLoader Loading environment from /home/runner/work/key/key/key.core/../key.ui/examples/standard_key/polySimp/simplify6.key.proof 
464536     DEBUG main            d.u.i.k.p.i.AbstractProblemLoader Environment load took 82.8ns 
464537     INFO  main            d.u.i.k.p.i.AbstractProblemLoader Creating init config 
466788     DEBUG main            d.u.i.k.p.i.AbstractProblemLoader Init config took 2.25s 
466802     INFO  main            d.u.i.k.p.i.AbstractProblemLoader Replaying proof simplify6.key.proof 
466803     DEBUG main            d.u.i.k.p.i.IntermediateProofReplayer Proof replay took 149.3ns 
466804     DEBUG main            d.u.i.k.p.r.p.TestFile    ... success: reloaded. 
466804     INFO  main            d.u.i.k.p.r.p.TestFile    Now processing file /home/runner/work/key/key/key.core/../key.ui/examples/standard_key/polySimp/simplify7.key 
466804     INFO  main            d.u.i.k.p.i.AbstractProblemLoader Loading environment from /home/runner/work/key/key/key.core/../key.ui/examples/standard_key/polySimp/simplify7.key 
466804     DEBUG main            d.u.i.k.p.i.AbstractProblemLoader Environment load took 44ns 
466805     INFO  main            d.u.i.k.p.i.AbstractProblemLoader Creating init config 
469095     DEBUG main            d.u.i.k.p.i.AbstractProblemLoader Init config took 2.29s 
469108     INFO  main            d.u.i.k.p.i.AbstractProblemLoader Replaying proof simplify7.key 
469109     DEBUG main            d.u.i.k.p.i.IntermediateProofReplayer Proof replay took 3.4ns 
469211     INFO  main            d.u.i.k.p.r.p.TestFile    ... finished proof: closed. 
469737     INFO  main            d.u.i.k.p.i.AbstractProblemLoader Loading environment from /home/runner/work/key/key/key.core/../key.ui/examples/standard_key/polySimp/simplify7.key.proof 
469738     DEBUG main            d.u.i.k.p.i.AbstractProblemLoader Environment load took 85.6ns 
469738     INFO  main            d.u.i.k.p.i.AbstractProblemLoader Creating init config 
471989     DEBUG main            d.u.i.k.p.i.AbstractProblemLoader Init config took 2.25s 
472003     INFO  main            d.u.i.k.p.i.AbstractProblemLoader Replaying proof simplify7.key.proof 
472004     DEBUG main            d.u.i.k.p.i.IntermediateProofReplayer Proof replay took 258.4ns 
472005     DEBUG main            d.u.i.k.p.r.p.TestFile    ... success: reloaded. 
472005     INFO  main            d.u.i.k.p.r.p.TestFile    Now processing file /home/runner/work/key/key/key.core/../key.ui/examples/standard_key/polySimp/simplify8.key 
472005     INFO  main            d.u.i.k.p.i.AbstractProblemLoader Loading environment from /home/runner/work/key/key/key.core/../key.ui/examples/standard_key/polySimp/simplify8.key 
472005     DEBUG main            d.u.i.k.p.i.AbstractProblemLoader Environment load took 44.5ns 
472009     INFO  main            d.u.i.k.p.i.AbstractProblemLoader Creating init config 
474299     DEBUG main            d.u.i.k.p.i.AbstractProblemLoader Init config took 2.29s 
474312     INFO  main            d.u.i.k.p.i.AbstractProblemLoader Replaying proof simplify8.key 
474314     DEBUG main            d.u.i.k.p.i.IntermediateProofReplayer Proof replay took 2.9ns 
478125     INFO  main            d.u.i.k.p.r.p.TestFile    ... finished proof: closed. 
478684     INFO  main            d.u.i.k.p.i.AbstractProblemLoader Loading environment from /home/runner/work/key/key/key.core/../key.ui/examples/standard_key/polySimp/simplify8.key.proof 
478684     DEBUG main            d.u.i.k.p.i.AbstractProblemLoader Environment load took 93.3ns 
478687     INFO  main            d.u.i.k.p.i.AbstractProblemLoader Creating init config 
480951     DEBUG main            d.u.i.k.p.i.AbstractProblemLoader Init config took 2.26s 
480968     INFO  main            d.u.i.k.p.i.AbstractProblemLoader Replaying proof simplify8.key.proof 
481011     DEBUG main            d.u.i.k.p.i.IntermediateProofReplayer Proof replay took 38.35ms 
481013     DEBUG main            d.u.i.k.p.r.p.TestFile    ... success: reloaded. 
481013     INFO  main            d.u.i.k.p.r.p.TestFile    Now processing file /home/runner/work/key/key/key.core/../key.ui/examples/standard_key/polySimp/simplify9.key 
481013     INFO  main            d.u.i.k.p.i.AbstractProblemLoader Loading environment from /home/runner/work/key/key/key.core/../key.ui/examples/standard_key/polySimp/simplify9.key 
481013     DEBUG main            d.u.i.k.p.i.AbstractProblemLoader Environment load took 48.2ns 
481015     INFO  main            d.u.i.k.p.i.AbstractProblemLoader Creating init config 
483321     DEBUG main            d.u.i.k.p.i.AbstractProblemLoader Init config took 2.31s 
483354     INFO  main            d.u.i.k.p.i.AbstractProblemLoader Replaying proof simplify9.key 
483355     DEBUG main            d.u.i.k.p.i.IntermediateProofReplayer Proof replay took 3.3ns 
483558     INFO  main            d.u.i.k.p.r.p.TestFile    ... finished proof: closed. 
484131     INFO  main            d.u.i.k.p.i.AbstractProblemLoader Loading environment from /home/runner/work/key/key/key.core/../key.ui/examples/standard_key/polySimp/simplify9.key.proof 
484131     DEBUG main            d.u.i.k.p.i.AbstractProblemLoader Environment load took 99.5ns 
484132     INFO  main            d.u.i.k.p.i.AbstractProblemLoader Creating init config 
486394     DEBUG main            d.u.i.k.p.i.AbstractProblemLoader Init config took 2.26s 
486408     INFO  main            d.u.i.k.p.i.AbstractProblemLoader Replaying proof simplify9.key.proof 
486412     DEBUG main            d.u.i.k.p.i.IntermediateProofReplayer Proof replay took 3.04ms 
486413     DEBUG main            d.u.i.k.p.r.p.TestFile    ... success: reloaded. 
2798543    INFO  Test worker     d.u.i.k.p.r.p.StatisticsFile Returning from test arithmetic 
2798548    INFO  Test worker     d.u.i.k.p.r.p.StatisticsFile Running test arrays 
355        INFO  Timeout watchdog d.u.i.k.p.r.p.ForkedTestFileRunner Timeout watcher launched (2000 secs.) 
361        WARN  main            d.u.i.k.s.ProofSettings   The settings in /home/runner/.key/proof-settings.props are *not* read. 
414        INFO  main            d.u.i.k.p.r.p.TestFile    Now processing file /home/runner/work/key/key/key.core/../key.ui/examples/standard_key/arrays/arrayStoreException/array2DimPrim.key 
538        INFO  main            d.u.i.k.p.i.AbstractProblemLoader Loading environment from /home/runner/work/key/key/key.core/../key.ui/examples/standard_key/arrays/arrayStoreException/array2DimPrim.key 
554        DEBUG main            d.u.i.k.p.i.AbstractProblemLoader Environment load took 2.15ms 
811        INFO  main            d.u.i.k.p.i.AbstractProblemLoader Creating init config 
1661       DEBUG main            d.u.i.k.j.TypeConverter   No LDT found for Meta 
1661       DEBUG main            d.u.i.k.j.TypeConverter   No LDT found for Meta 
1662       DEBUG main            d.u.i.k.j.TypeConverter   No LDT found for Meta 
1663       DEBUG main            d.u.i.k.j.TypeConverter   No LDT found for Meta 
3120       DEBUG main            d.u.i.k.j.TypeConverter   No LDT found for JavaBigintExpression 
8419       DEBUG main            d.u.i.k.p.i.AbstractProblemLoader Init config took 7.61s 
8503       INFO  main            d.u.i.k.p.i.AbstractProblemLoader Replaying proof array2DimPrim.key 
8537       DEBUG main            d.u.i.k.p.i.IntermediateProofReplayer Proof replay took 36.4ns 
12439      INFO  main            d.u.i.k.p.r.p.TestFile    ... finished proof: closed. 
12631      INFO  main            d.u.i.k.p.i.AbstractProblemLoader Loading environment from /home/runner/work/key/key/key.core/../key.ui/examples/standard_key/arrays/arrayStoreException/array2DimPrim.key.proof 
12631      DEBUG main            d.u.i.k.p.i.AbstractProblemLoader Environment load took 488.71ns 
12636      INFO  main            d.u.i.k.p.i.AbstractProblemLoader Creating init config 
15570      DEBUG main            d.u.i.k.p.i.AbstractProblemLoader Init config took 2.93s 
15609      INFO  main            d.u.i.k.p.i.AbstractProblemLoader Replaying proof array2DimPrim.key.proof 
15964      DEBUG main            d.u.i.k.p.i.IntermediateProofReplayer Proof replay took 336.98ms 
15977      DEBUG main            d.u.i.k.p.r.p.TestFile    ... success: reloaded. 
15979      INFO  main            d.u.i.k.p.r.p.TestFile    Now processing file /home/runner/work/key/key/key.core/../key.ui/examples/standard_key/arrays/arrayStoreException/arrayStoreKnownDynType.key 
15980      INFO  main            d.u.i.k.p.i.AbstractProblemLoader Loading environment from /home/runner/work/key/key/key.core/../key.ui/examples/standard_key/arrays/arrayStoreException/arrayStoreKnownDynType.key 
15980      DEBUG main            d.u.i.k.p.i.AbstractProblemLoader Environment load took 232.7ns 
15982      INFO  main            d.u.i.k.p.i.AbstractProblemLoader Creating init config 
18837      DEBUG main            d.u.i.k.p.i.AbstractProblemLoader Init config took 2.86s 
18868      INFO  main            d.u.i.k.p.i.AbstractProblemLoader Replaying proof arrayStoreKnownDynType.key 
18871      DEBUG main            d.u.i.k.p.i.IntermediateProofReplayer Proof replay took 7ns 
19074      INFO  main            d.u.i.k.p.r.p.TestFile    ... finished proof: closed. 
19322      INFO  main            d.u.i.k.p.i.AbstractProblemLoader Loading environment from /home/runner/work/key/key/key.core/../key.ui/examples/standard_key/arrays/arrayStoreException/arrayStoreKnownDynType.key.proof 
19322      DEBUG main            d.u.i.k.p.i.AbstractProblemLoader Environment load took 145.6ns 
19323      INFO  main            d.u.i.k.p.i.AbstractProblemLoader Creating init config 
21994      DEBUG main            d.u.i.k.p.i.AbstractProblemLoader Init config took 2.67s 
22019      INFO  main            d.u.i.k.p.i.AbstractProblemLoader Replaying proof arrayStoreKnownDynType.key.proof 
22056      DEBUG main            d.u.i.k.p.i.IntermediateProofReplayer Proof replay took 32.38ms 
22058      DEBUG main            d.u.i.k.p.r.p.TestFile    ... success: reloaded. 
22059      INFO  main            d.u.i.k.p.r.p.TestFile    Now processing file /home/runner/work/key/key/key.core/../key.ui/examples/standard_key/arrays/arrayStoreException/reverseArray.key 
22060      INFO  main            d.u.i.k.p.i.AbstractProblemLoader Loading environment from /home/runner/work/key/key/key.core/../key.ui/examples/standard_key/arrays/arrayStoreException/reverseArray.key 
22060      DEBUG main            d.u.i.k.p.i.AbstractProblemLoader Environment load took 222.5ns 
22061      INFO  main            d.u.i.k.p.i.AbstractProblemLoader Creating init config 
24794      DEBUG main            d.u.i.k.p.i.AbstractProblemLoader Init config took 2.73s 
24817      INFO  main            d.u.i.k.p.i.AbstractProblemLoader Replaying proof reverseArray.key 
24820      DEBUG main            d.u.i.k.p.i.IntermediateProofReplayer Proof replay took 14ns 
25425      INFO  main            d.u.i.k.p.r.p.TestFile    ... finished proof: closed. 
25611      INFO  main            d.u.i.k.p.i.AbstractProblemLoader Loading environment from /home/runner/work/key/key/key.core/../key.ui/examples/standard_key/arrays/arrayStoreException/reverseArray.key.proof 
25613      DEBUG main            d.u.i.k.p.i.AbstractProblemLoader Environment load took 1.57ms 
25617      INFO  main            d.u.i.k.p.i.AbstractProblemLoader Creating init config 
28286      DEBUG main            d.u.i.k.p.i.AbstractProblemLoader Init config took 2.67s 
28311      INFO  main            d.u.i.k.p.i.AbstractProblemLoader Replaying proof reverseArray.key.proof 
28435      DEBUG main            d.u.i.k.p.i.IntermediateProofReplayer Proof replay took 113.76ms 
28439      DEBUG main            d.u.i.k.p.r.p.TestFile    ... success: reloaded. 
28441      INFO  main            d.u.i.k.p.r.p.TestFile    Now processing file /home/runner/work/key/key/key.core/../key.ui/examples/standard_key/arrays/arrayStoreException/throwArrayStoreException.key 
28441      INFO  main            d.u.i.k.p.i.AbstractProblemLoader Loading environment from /home/runner/work/key/key/key.core/../key.ui/examples/standard_key/arrays/arrayStoreException/throwArrayStoreException.key 
28442      DEBUG main            d.u.i.k.p.i.AbstractProblemLoader Environment load took 122.2ns 
28443      INFO  main            d.u.i.k.p.i.AbstractProblemLoader Creating init config 
31166      DEBUG main            d.u.i.k.p.i.AbstractProblemLoader Init config took 2.72s 
31187      INFO  main            d.u.i.k.p.i.AbstractProblemLoader Replaying proof throwArrayStoreException.key 
31189      DEBUG main            d.u.i.k.p.i.IntermediateProofReplayer Proof replay took 5.4ns 
31592      INFO  main            d.u.i.k.p.r.p.TestFile    ... finished proof: closed. 
31788      INFO  main            d.u.i.k.p.i.AbstractProblemLoader Loading environment from /home/runner/work/key/key/key.core/../key.ui/examples/standard_key/arrays/arrayStoreException/throwArrayStoreException.key.proof 
31788      DEBUG main            d.u.i.k.p.i.AbstractProblemLoader Environment load took 619.21ns 
31790      INFO  main            d.u.i.k.p.i.AbstractProblemLoader Creating init config 
34468      DEBUG main            d.u.i.k.p.i.AbstractProblemLoader Init config took 2.68s 
34501      INFO  main            d.u.i.k.p.i.AbstractProblemLoader Replaying proof throwArrayStoreException.key.proof 
34570      DEBUG main            d.u.i.k.p.i.IntermediateProofReplayer Proof replay took 64.41ms 
34571      DEBUG main            d.u.i.k.p.r.p.TestFile    ... success: reloaded. 
34573      INFO  main            d.u.i.k.p.r.p.TestFile    Now processing file /home/runner/work/key/key/key.core/../key.ui/examples/standard_key/arrays/creation/arrayCreation1.key 
34573      INFO  main            d.u.i.k.p.i.AbstractProblemLoader Loading environment from /home/runner/work/key/key/key.core/../key.ui/examples/standard_key/arrays/creation/arrayCreation1.key 
34573      DEBUG main            d.u.i.k.p.i.AbstractProblemLoader Environment load took 218.9ns 
34574      INFO  main            d.u.i.k.p.i.AbstractProblemLoader Creating init config 
37319      DEBUG main            d.u.i.k.p.i.AbstractProblemLoader Init config took 2.74s 
37341      INFO  main            d.u.i.k.p.i.AbstractProblemLoader Replaying proof arrayCreation1.key 
37342      DEBUG main            d.u.i.k.p.i.IntermediateProofReplayer Proof replay took 6.4ns 
37547      INFO  main            d.u.i.k.p.r.p.TestFile    ... finished proof: closed. 
37752      INFO  main            d.u.i.k.p.i.AbstractProblemLoader Loading environment from /home/runner/work/key/key/key.core/../key.ui/examples/standard_key/arrays/creation/arrayCreation1.key.proof 
37752      DEBUG main            d.u.i.k.p.i.AbstractProblemLoader Environment load took 151.4ns 
37754      INFO  main            d.u.i.k.p.i.AbstractProblemLoader Creating init config 
40339      DEBUG main            d.u.i.k.p.i.AbstractProblemLoader Init config took 2.58s 
40360      INFO  main            d.u.i.k.p.i.AbstractProblemLoader Replaying proof arrayCreation1.key.proof 
40382      DEBUG main            d.u.i.k.p.i.IntermediateProofReplayer Proof replay took 18.58ms 
40383      DEBUG main            d.u.i.k.p.r.p.TestFile    ... success: reloaded. 
40384      INFO  main            d.u.i.k.p.r.p.TestFile    Now processing file /home/runner/work/key/key/key.core/../key.ui/examples/standard_key/arrays/arrayStoreException/array2Dim.key 
40384      INFO  main            d.u.i.k.p.i.AbstractProblemLoader Loading environment from /home/runner/work/key/key/key.core/../key.ui/examples/standard_key/arrays/arrayStoreException/array2Dim.key 
40385      DEBUG main            d.u.i.k.p.i.AbstractProblemLoader Environment load took 249.5ns 
40386      INFO  main            d.u.i.k.p.i.AbstractProblemLoader Creating init config 
43032      DEBUG main            d.u.i.k.p.i.AbstractProblemLoader Init config took 2.65s 
43053      INFO  main            d.u.i.k.p.i.AbstractProblemLoader Replaying proof array2Dim.key 
43055      DEBUG main            d.u.i.k.p.i.IntermediateProofReplayer Proof replay took 6.7ns 
46469      INFO  main            d.u.i.k.p.r.p.TestFile    ... finished proof: open goal(s) 
46723      INFO  main            d.u.i.k.p.r.p.TestFile    Now processing file /home/runner/work/key/key/key.core/../key.ui/examples/standard_key/arrays/arrayStoreException/array2DimClose.key 
46724      INFO  main            d.u.i.k.p.i.AbstractProblemLoader Loading environment from /home/runner/work/key/key/key.core/../key.ui/examples/standard_key/arrays/arrayStoreException/array2DimClose.key 
46726      DEBUG main            d.u.i.k.p.i.AbstractProblemLoader Environment load took 2.12ms 
46727      INFO  main            d.u.i.k.p.i.AbstractProblemLoader Creating init config 
49388      DEBUG main            d.u.i.k.p.i.AbstractProblemLoader Init config took 2.66s 
49407      INFO  main            d.u.i.k.p.i.AbstractProblemLoader Replaying proof array2DimClose.key 
49409      DEBUG main            d.u.i.k.p.i.IntermediateProofReplayer Proof replay took 11.5ns 
51642      INFO  main            d.u.i.k.p.r.p.TestFile    ... finished proof: open goal(s) 
52002      INFO  main            d.u.i.k.p.r.p.TestFile    Now processing file /home/runner/work/key/key/key.core/../key.ui/examples/standard_key/arrays/arrayStoreException/throwASEForPrim.key 
52002      INFO  main            d.u.i.k.p.i.AbstractProblemLoader Loading environment from /home/runner/work/key/key/key.core/../key.ui/examples/standard_key/arrays/arrayStoreException/throwASEForPrim.key 
52003      DEBUG main            d.u.i.k.p.i.AbstractProblemLoader Environment load took 81.2ns 
52004      INFO  main            d.u.i.k.p.i.AbstractProblemLoader Creating init config 
54570      DEBUG main            d.u.i.k.p.i.AbstractProblemLoader Init config took 2.57s 
54587      INFO  main            d.u.i.k.p.i.AbstractProblemLoader Replaying proof throwASEForPrim.key 
54589      DEBUG main            d.u.i.k.p.i.IntermediateProofReplayer Proof replay took 6.3ns 
58783      INFO  main            d.u.i.k.p.r.p.TestFile    ... finished proof: open goal(s) 
2857820    INFO  Test worker     d.u.i.k.p.r.p.StatisticsFile Returning from test arrays 
2857824    INFO  Test worker     d.u.i.k.p.r.p.StatisticsFile Running test javadl 
371        INFO  Timeout watchdog d.u.i.k.p.r.p.ForkedTestFileRunner Timeout watcher launched (2000 secs.) 
376        WARN  main            d.u.i.k.s.ProofSettings   The settings in /home/runner/.key/proof-settings.props are *not* read. 
420        INFO  main            d.u.i.k.p.r.p.TestFile    Now processing file /home/runner/work/key/key/key.core/../key.ui/examples/standard_key/instanceCreation/instanceCreation1.key 
541        INFO  main            d.u.i.k.p.i.AbstractProblemLoader Loading environment from /home/runner/work/key/key/key.core/../key.ui/examples/standard_key/instanceCreation/instanceCreation1.key 
572        DEBUG main            d.u.i.k.p.i.AbstractProblemLoader Environment load took 1.97ms 
845        INFO  main            d.u.i.k.p.i.AbstractProblemLoader Creating init config 
1887       DEBUG main            d.u.i.k.j.TypeConverter   No LDT found for Meta 
1887       DEBUG main            d.u.i.k.j.TypeConverter   No LDT found for Meta 
1890       DEBUG main            d.u.i.k.j.TypeConverter   No LDT found for Meta 
1891       DEBUG main            d.u.i.k.j.TypeConverter   No LDT found for Meta 
3727       DEBUG main            d.u.i.k.j.TypeConverter   No LDT found for JavaBigintExpression 
8504       DEBUG main            d.u.i.k.p.i.AbstractProblemLoader Init config took 7.66s 
8564       INFO  main            d.u.i.k.p.i.AbstractProblemLoader Replaying proof instanceCreation1.key 
8596       DEBUG main            d.u.i.k.p.i.IntermediateProofReplayer Proof replay took 31.9ns 
9730       INFO  main            d.u.i.k.p.r.p.TestFile    ... finished proof: closed. 
9890       INFO  main            d.u.i.k.p.i.AbstractProblemLoader Loading environment from /home/runner/work/key/key/key.core/../key.ui/examples/standard_key/instanceCreation/instanceCreation1.key.proof 
9894       DEBUG main            d.u.i.k.p.i.AbstractProblemLoader Environment load took 3.75ms 
9901       INFO  main            d.u.i.k.p.i.AbstractProblemLoader Creating init config 
12711      DEBUG main            d.u.i.k.p.i.AbstractProblemLoader Init config took 2.81s 
12758      INFO  main            d.u.i.k.p.i.AbstractProblemLoader Replaying proof instanceCreation1.key.proof 
12866      DEBUG main            d.u.i.k.p.i.IntermediateProofReplayer Proof replay took 94.45ms 
12879      DEBUG main            d.u.i.k.p.r.p.TestFile    ... success: reloaded. 
12881      INFO  main            d.u.i.k.p.r.p.TestFile    Now processing file /home/runner/work/key/key/key.core/../key.ui/examples/standard_key/instanceCreation/instanceCreation2.key 
12881      INFO  main            d.u.i.k.p.i.AbstractProblemLoader Loading environment from /home/runner/work/key/key/key.core/../key.ui/examples/standard_key/instanceCreation/instanceCreation2.key 
12881      DEBUG main            d.u.i.k.p.i.AbstractProblemLoader Environment load took 111.7ns 
12885      INFO  main            d.u.i.k.p.i.AbstractProblemLoader Creating init config 
15699      DEBUG main            d.u.i.k.p.i.AbstractProblemLoader Init config took 2.81s 
15742      INFO  main            d.u.i.k.p.i.AbstractProblemLoader Replaying proof instanceCreation2.key 
15757      DEBUG main            d.u.i.k.p.i.IntermediateProofReplayer Proof replay took 7ns 
16372      INFO  main            d.u.i.k.p.r.p.TestFile    ... finished proof: closed. 
16574      INFO  main            d.u.i.k.p.i.AbstractProblemLoader Loading environment from /home/runner/work/key/key/key.core/../key.ui/examples/standard_key/instanceCreation/instanceCreation2.key.proof 
16574      DEBUG main            d.u.i.k.p.i.AbstractProblemLoader Environment load took 144.8ns 
16577      INFO  main            d.u.i.k.p.i.AbstractProblemLoader Creating init config 
19204      DEBUG main            d.u.i.k.p.i.AbstractProblemLoader Init config took 2.63s 
19230      INFO  main            d.u.i.k.p.i.AbstractProblemLoader Replaying proof instanceCreation2.key.proof 
19311      DEBUG main            d.u.i.k.p.i.IntermediateProofReplayer Proof replay took 75.78ms 
19312      DEBUG main            d.u.i.k.p.r.p.TestFile    ... success: reloaded. 
19313      INFO  main            d.u.i.k.p.r.p.TestFile    Now processing file /home/runner/work/key/key/key.core/../key.ui/examples/standard_key/instanceCreation/interfacesAndAbstractClassesHaveNoInstances.key 
19314      INFO  main            d.u.i.k.p.i.AbstractProblemLoader Loading environment from /home/runner/work/key/key/key.core/../key.ui/examples/standard_key/instanceCreation/interfacesAndAbstractClassesHaveNoInstances.key 
19314      DEBUG main            d.u.i.k.p.i.AbstractProblemLoader Environment load took 222.4ns 
19315      INFO  main            d.u.i.k.p.i.AbstractProblemLoader Creating init config 
21903      DEBUG main            d.u.i.k.p.i.AbstractProblemLoader Init config took 2.59s 
21926      INFO  main            d.u.i.k.p.i.AbstractProblemLoader Replaying proof interfacesAndAbstractClassesHaveNoInstances.key 
21927      DEBUG main            d.u.i.k.p.i.IntermediateProofReplayer Proof replay took 5.9ns 
22030      INFO  main            d.u.i.k.p.r.p.TestFile    ... finished proof: closed. 
22235      INFO  main            d.u.i.k.p.i.AbstractProblemLoader Loading environment from /home/runner/work/key/key/key.core/../key.ui/examples/standard_key/instanceCreation/interfacesAndAbstractClassesHaveNoInstances.key.proof 
22235      DEBUG main            d.u.i.k.p.i.AbstractProblemLoader Environment load took 137ns 
22236      INFO  main            d.u.i.k.p.i.AbstractProblemLoader Creating init config 
24768      DEBUG main            d.u.i.k.p.i.AbstractProblemLoader Init config took 2.53s 
24789      INFO  main            d.u.i.k.p.i.AbstractProblemLoader Replaying proof interfacesAndAbstractClassesHaveNoInstances.key.proof 
24792      DEBUG main            d.u.i.k.p.i.IntermediateProofReplayer Proof replay took 1.21ms 
24793      DEBUG main            d.u.i.k.p.r.p.TestFile    ... success: reloaded. 
24794      INFO  main            d.u.i.k.p.r.p.TestFile    Now processing file /home/runner/work/key/key/key.core/../key.ui/examples/standard_key/instanceCreation/successiveCreatedObjectsAreDistinct.key 
24794      INFO  main            d.u.i.k.p.i.AbstractProblemLoader Loading environment from /home/runner/work/key/key/key.core/../key.ui/examples/standard_key/instanceCreation/successiveCreatedObjectsAreDistinct.key 
24794      DEBUG main            d.u.i.k.p.i.AbstractProblemLoader Environment load took 83.5ns 
24795      INFO  main            d.u.i.k.p.i.AbstractProblemLoader Creating init config 
27397      DEBUG main            d.u.i.k.p.i.AbstractProblemLoader Init config took 2.6s 
27419      INFO  main            d.u.i.k.p.i.AbstractProblemLoader Replaying proof successiveCreatedObjectsAreDistinct.key 
27420      DEBUG main            d.u.i.k.p.i.IntermediateProofReplayer Proof replay took 7ns 
27827      INFO  main            d.u.i.k.p.r.p.TestFile    ... finished proof: closed. 
28028      INFO  main            d.u.i.k.p.i.AbstractProblemLoader Loading environment from /home/runner/work/key/key/key.core/../key.ui/examples/standard_key/instanceCreation/successiveCreatedObjectsAreDistinct.key.proof 
28028      DEBUG main            d.u.i.k.p.i.AbstractProblemLoader Environment load took 228.6ns 
28030      INFO  main            d.u.i.k.p.i.AbstractProblemLoader Creating init config 
30528      DEBUG main            d.u.i.k.p.i.AbstractProblemLoader Init config took 2.5s 
30552      INFO  main            d.u.i.k.p.i.AbstractProblemLoader Replaying proof successiveCreatedObjectsAreDistinct.key.proof 
30606      DEBUG main            d.u.i.k.p.i.IntermediateProofReplayer Proof replay took 50.49ms 
30608      DEBUG main            d.u.i.k.p.r.p.TestFile    ... success: reloaded. 
30609      INFO  main            d.u.i.k.p.r.p.TestFile    Now processing file /home/runner/work/key/key/key.core/../key.ui/examples/standard_key/instanceCreation/testOverloadingConstructors.key 
30609      INFO  main            d.u.i.k.p.i.AbstractProblemLoader Loading environment from /home/runner/work/key/key/key.core/../key.ui/examples/standard_key/instanceCreation/testOverloadingConstructors.key 
30610      DEBUG main            d.u.i.k.p.i.AbstractProblemLoader Environment load took 213.7ns 
30611      INFO  main            d.u.i.k.p.i.AbstractProblemLoader Creating init config 
33179      DEBUG main            d.u.i.k.p.i.AbstractProblemLoader Init config took 2.57s 
33200      INFO  main            d.u.i.k.p.i.AbstractProblemLoader Replaying proof testOverloadingConstructors.key 
33202      DEBUG main            d.u.i.k.p.i.IntermediateProofReplayer Proof replay took 6.2ns 
33405      INFO  main            d.u.i.k.p.r.p.TestFile    ... finished proof: closed. 
33582      INFO  main            d.u.i.k.p.i.AbstractProblemLoader Loading environment from /home/runner/work/key/key/key.core/../key.ui/examples/standard_key/instanceCreation/testOverloadingConstructors.key.proof 
33583      DEBUG main            d.u.i.k.p.i.AbstractProblemLoader Environment load took 482.01ns 
33584      INFO  main            d.u.i.k.p.i.AbstractProblemLoader Creating init config 
36050      DEBUG main            d.u.i.k.p.i.AbstractProblemLoader Init config took 2.47s 
36071      INFO  main            d.u.i.k.p.i.AbstractProblemLoader Replaying proof testOverloadingConstructors.key.proof 
36113      DEBUG main            d.u.i.k.p.i.IntermediateProofReplayer Proof replay took 38.73ms 
36114      DEBUG main            d.u.i.k.p.r.p.TestFile    ... success: reloaded. 
36115      INFO  main            d.u.i.k.p.r.p.TestFile    Now processing file /home/runner/work/key/key/key.core/../key.ui/examples/standard_key/java_dl/SimpleAttributes.key 
36116      INFO  main            d.u.i.k.p.i.AbstractProblemLoader Loading environment from /home/runner/work/key/key/key.core/../key.ui/examples/standard_key/java_dl/SimpleAttributes.key 
36116      DEBUG main            d.u.i.k.p.i.AbstractProblemLoader Environment load took 242.2ns 
36117      INFO  main            d.u.i.k.p.i.AbstractProblemLoader Creating init config 
38596      DEBUG main            d.u.i.k.p.i.AbstractProblemLoader Init config took 2.48s 
38620      INFO  main            d.u.i.k.p.i.AbstractProblemLoader Replaying proof SimpleAttributes.key 
38622      DEBUG main            d.u.i.k.p.i.IntermediateProofReplayer Proof replay took 6ns 
38726      INFO  main            d.u.i.k.p.r.p.TestFile    ... finished proof: closed. 
38890      INFO  main            d.u.i.k.p.i.AbstractProblemLoader Loading environment from /home/runner/work/key/key/key.core/../key.ui/examples/standard_key/java_dl/SimpleAttributes.key.proof 
38890      DEBUG main            d.u.i.k.p.i.AbstractProblemLoader Environment load took 144ns 
38891      INFO  main            d.u.i.k.p.i.AbstractProblemLoader Creating init config 
41326      DEBUG main            d.u.i.k.p.i.AbstractProblemLoader Init config took 2.44s 
41349      INFO  main            d.u.i.k.p.i.AbstractProblemLoader Replaying proof SimpleAttributes.key.proof 
41372      DEBUG main            d.u.i.k.p.i.IntermediateProofReplayer Proof replay took 19.77ms 
41373      DEBUG main            d.u.i.k.p.r.p.TestFile    ... success: reloaded. 
41374      INFO  main            d.u.i.k.p.r.p.TestFile    Now processing file /home/runner/work/key/key/key.core/../key.ui/examples/standard_key/java_dl/arrayMax.key 
41374      INFO  main            d.u.i.k.p.i.AbstractProblemLoader Loading environment from /home/runner/work/key/key/key.core/../key.ui/examples/standard_key/java_dl/arrayMax.key 
41375      DEBUG main            d.u.i.k.p.i.AbstractProblemLoader Environment load took 95.3ns 
41377      INFO  main            d.u.i.k.p.i.AbstractProblemLoader Creating init config 
43946      DEBUG main            d.u.i.k.p.i.AbstractProblemLoader Init config took 2.57s 
43967      INFO  main            d.u.i.k.p.i.AbstractProblemLoader Replaying proof arrayMax.key 
43969      DEBUG main            d.u.i.k.p.i.IntermediateProofReplayer Proof replay took 6.8ns 
45277      INFO  main            d.u.i.k.p.r.p.TestFile    ... finished proof: closed. 
45495      INFO  main            d.u.i.k.p.i.AbstractProblemLoader Loading environment from /home/runner/work/key/key/key.core/../key.ui/examples/standard_key/java_dl/arrayMax.key.proof 
45497      DEBUG main            d.u.i.k.p.i.AbstractProblemLoader Environment load took 2.38ms 
45499      INFO  main            d.u.i.k.p.i.AbstractProblemLoader Creating init config 
47959      DEBUG main            d.u.i.k.p.i.AbstractProblemLoader Init config took 2.46s 
47982      INFO  main            d.u.i.k.p.i.AbstractProblemLoader Replaying proof arrayMax.key.proof 
48149      DEBUG main            d.u.i.k.p.i.IntermediateProofReplayer Proof replay took 157.46ms 
48150      DEBUG main            d.u.i.k.p.r.p.TestFile    ... success: reloaded. 
48151      INFO  main            d.u.i.k.p.r.p.TestFile    Now processing file /home/runner/work/key/key/key.core/../key.ui/examples/standard_key/java_dl/arrayUpdateSimp.key 
48152      INFO  main            d.u.i.k.p.i.AbstractProblemLoader Loading environment from /home/runner/work/key/key/key.core/../key.ui/examples/standard_key/java_dl/arrayUpdateSimp.key 
48152      DEBUG main            d.u.i.k.p.i.AbstractProblemLoader Environment load took 216.2ns 
48154      INFO  main            d.u.i.k.p.i.AbstractProblemLoader Creating init config 
48179      WARN  main            d.u.i.k.j.r.KeYCrossReferenceNameInfo Datatype java.lang.System declared twice: Once in FILE:/home/runner/work/key/key/key.core/../key.ui/examples/standard_key/java_dl/./classpath/System.java and once in URL:file:/home/runner/work/key/key/key.core/build/resources/main/de/uka/ilkd/key/java/JavaRedux/java/lang/System.java, Keeping one from URL:file:/home/runner/work/key/key/key.core/build/resources/main/de/uka/ilkd/key/java/JavaRedux/java/lang/System.java 
48179      WARN  main            d.u.i.k.j.r.KeYCrossReferenceNameInfo Datatype java.io.PrintStream declared twice: Once in FILE:/home/runner/work/key/key/key.core/../key.ui/examples/standard_key/java_dl/./classpath/PrintStream.java and once in URL:file:/home/runner/work/key/key/key.core/build/resources/main/de/uka/ilkd/key/java/JavaRedux/java/io/PrintStream.java, Keeping one from URL:file:/home/runner/work/key/key/key.core/build/resources/main/de/uka/ilkd/key/java/JavaRedux/java/io/PrintStream.java 
48179      WARN  main            d.u.i.k.j.r.KeYCrossReferenceNameInfo Datatype java.io.InputStream declared twice: Once in FILE:/home/runner/work/key/key/key.core/../key.ui/examples/standard_key/java_dl/./classpath/InputStream.java and once in URL:file:/home/runner/work/key/key/key.core/build/resources/main/de/uka/ilkd/key/java/JavaRedux/java/io/InputStream.java, Keeping one from URL:file:/home/runner/work/key/key/key.core/build/resources/main/de/uka/ilkd/key/java/JavaRedux/java/io/InputStream.java 
48185      DEBUG main            d.u.i.k.j.r.ClassFileDeclarationBuilder Parsing: package java.io; public class Closeable { } 
48185      DEBUG main            r.s.KeYCrossReferenceSourceInfo Dynamically created class: java.io.Closeable 
50827      DEBUG main            d.u.i.k.p.i.AbstractProblemLoader Init config took 2.67s 
50847      INFO  main            d.u.i.k.p.i.AbstractProblemLoader Replaying proof arrayUpdateSimp.key 
50848      DEBUG main            d.u.i.k.p.i.IntermediateProofReplayer Proof replay took 5.7ns 
50951      INFO  main            d.u.i.k.p.r.p.TestFile    ... finished proof: closed. 
51200      INFO  main            d.u.i.k.p.i.AbstractProblemLoader Loading environment from /home/runner/work/key/key/key.core/../key.ui/examples/standard_key/java_dl/arrayUpdateSimp.key.proof 
51200      DEBUG main            d.u.i.k.p.i.AbstractProblemLoader Environment load took 128.1ns 
51204      INFO  main            d.u.i.k.p.i.AbstractProblemLoader Creating init config 
51227      WARN  main            d.u.i.k.j.r.KeYCrossReferenceNameInfo Datatype java.lang.System declared twice: Once in FILE:/home/runner/work/key/key/key.core/../key.ui/examples/standard_key/java_dl/classpath/System.java and once in URL:file:/home/runner/work/key/key/key.core/build/resources/main/de/uka/ilkd/key/java/JavaRedux/java/lang/System.java, Keeping one from URL:file:/home/runner/work/key/key/key.core/build/resources/main/de/uka/ilkd/key/java/JavaRedux/java/lang/System.java 
51228      WARN  main            d.u.i.k.j.r.KeYCrossReferenceNameInfo Datatype java.io.PrintStream declared twice: Once in FILE:/home/runner/work/key/key/key.core/../key.ui/examples/standard_key/java_dl/classpath/PrintStream.java and once in URL:file:/home/runner/work/key/key/key.core/build/resources/main/de/uka/ilkd/key/java/JavaRedux/java/io/PrintStream.java, Keeping one from URL:file:/home/runner/work/key/key/key.core/build/resources/main/de/uka/ilkd/key/java/JavaRedux/java/io/PrintStream.java 
51228      WARN  main            d.u.i.k.j.r.KeYCrossReferenceNameInfo Datatype java.io.InputStream declared twice: Once in FILE:/home/runner/work/key/key/key.core/../key.ui/examples/standard_key/java_dl/classpath/InputStream.java and once in URL:file:/home/runner/work/key/key/key.core/build/resources/main/de/uka/ilkd/key/java/JavaRedux/java/io/InputStream.java, Keeping one from URL:file:/home/runner/work/key/key/key.core/build/resources/main/de/uka/ilkd/key/java/JavaRedux/java/io/InputStream.java 
51232      DEBUG main            d.u.i.k.j.r.ClassFileDeclarationBuilder Parsing: package java.io; public class Closeable { } 
51232      DEBUG main            r.s.KeYCrossReferenceSourceInfo Dynamically created class: java.io.Closeable 
53586      DEBUG main            d.u.i.k.p.i.AbstractProblemLoader Init config took 2.38s 
53606      INFO  main            d.u.i.k.p.i.AbstractProblemLoader Replaying proof arrayUpdateSimp.key.proof 
53608      DEBUG main            d.u.i.k.p.i.IntermediateProofReplayer Proof replay took 530.81ns 
53610      DEBUG main            d.u.i.k.p.r.p.TestFile    ... success: reloaded. 
53611      INFO  main            d.u.i.k.p.r.p.TestFile    Now processing file /home/runner/work/key/key/key.core/../key.ui/examples/standard_key/java_dl/attributes.key 
53611      INFO  main            d.u.i.k.p.i.AbstractProblemLoader Loading environment from /home/runner/work/key/key/key.core/../key.ui/examples/standard_key/java_dl/attributes.key 
53611      DEBUG main            d.u.i.k.p.i.AbstractProblemLoader Environment load took 212.1ns 
53612      INFO  main            d.u.i.k.p.i.AbstractProblemLoader Creating init config 
56101      DEBUG main            d.u.i.k.p.i.AbstractProblemLoader Init config took 2.49s 
56118      INFO  main            d.u.i.k.p.i.AbstractProblemLoader Replaying proof attributes.key 
56120      DEBUG main            d.u.i.k.p.i.IntermediateProofReplayer Proof replay took 7.1ns 
56323      INFO  main            d.u.i.k.p.r.p.TestFile    ... finished proof: closed. 
56513      INFO  main            d.u.i.k.p.i.AbstractProblemLoader Loading environment from /home/runner/work/key/key/key.core/../key.ui/examples/standard_key/java_dl/attributes.key.proof 
56513      DEBUG main            d.u.i.k.p.i.AbstractProblemLoader Environment load took 126.4ns 
56514      INFO  main            d.u.i.k.p.i.AbstractProblemLoader Creating init config 
58906      DEBUG main            d.u.i.k.p.i.AbstractProblemLoader Init config took 2.39s 
58923      INFO  main            d.u.i.k.p.i.AbstractProblemLoader Replaying proof attributes.key.proof 
58954      DEBUG main            d.u.i.k.p.i.IntermediateProofReplayer Proof replay took 28.61ms 
58955      DEBUG main            d.u.i.k.p.r.p.TestFile    ... success: reloaded. 
58956      INFO  main            d.u.i.k.p.r.p.TestFile    Now processing file /home/runner/work/key/key/key.core/../key.ui/examples/standard_key/java_dl/break.key 
58957      INFO  main            d.u.i.k.p.i.AbstractProblemLoader Loading environment from /home/runner/work/key/key/key.core/../key.ui/examples/standard_key/java_dl/break.key 
58957      DEBUG main            d.u.i.k.p.i.AbstractProblemLoader Environment load took 222.2ns 
58958      INFO  main            d.u.i.k.p.i.AbstractProblemLoader Creating init config 
58980      WARN  main            d.u.i.k.j.r.KeYCrossReferenceNameInfo Datatype java.lang.System declared twice: Once in FILE:/home/runner/work/key/key/key.core/../key.ui/examples/standard_key/java_dl/classpath/System.java and once in URL:file:/home/runner/work/key/key/key.core/build/resources/main/de/uka/ilkd/key/java/JavaRedux/java/lang/System.java, Keeping one from URL:file:/home/runner/work/key/key/key.core/build/resources/main/de/uka/ilkd/key/java/JavaRedux/java/lang/System.java 
58980      WARN  main            d.u.i.k.j.r.KeYCrossReferenceNameInfo Datatype java.io.PrintStream declared twice: Once in FILE:/home/runner/work/key/key/key.core/../key.ui/examples/standard_key/java_dl/classpath/PrintStream.java and once in URL:file:/home/runner/work/key/key/key.core/build/resources/main/de/uka/ilkd/key/java/JavaRedux/java/io/PrintStream.java, Keeping one from URL:file:/home/runner/work/key/key/key.core/build/resources/main/de/uka/ilkd/key/java/JavaRedux/java/io/PrintStream.java 
58981      WARN  main            d.u.i.k.j.r.KeYCrossReferenceNameInfo Datatype java.io.InputStream declared twice: Once in FILE:/home/runner/work/key/key/key.core/../key.ui/examples/standard_key/java_dl/classpath/InputStream.java and once in URL:file:/home/runner/work/key/key/key.core/build/resources/main/de/uka/ilkd/key/java/JavaRedux/java/io/InputStream.java, Keeping one from URL:file:/home/runner/work/key/key/key.core/build/resources/main/de/uka/ilkd/key/java/JavaRedux/java/io/InputStream.java 
58984      DEBUG main            d.u.i.k.j.r.ClassFileDeclarationBuilder Parsing: package java.io; public class Closeable { } 
58984      DEBUG main            r.s.KeYCrossReferenceSourceInfo Dynamically created class: java.io.Closeable 
61455      DEBUG main            d.u.i.k.p.i.AbstractProblemLoader Init config took 2.5s 
61509      INFO  main            d.u.i.k.p.i.AbstractProblemLoader Replaying proof break.key 
61510      DEBUG main            d.u.i.k.p.i.IntermediateProofReplayer Proof replay took 7.5ns 
61614      INFO  main            d.u.i.k.p.r.p.TestFile    ... finished proof: closed. 
61797      INFO  main            d.u.i.k.p.i.AbstractProblemLoader Loading environment from /home/runner/work/key/key/key.core/../key.ui/examples/standard_key/java_dl/break.key.proof 
61797      DEBUG main            d.u.i.k.p.i.AbstractProblemLoader Environment load took 122.8ns 
61798      INFO  main            d.u.i.k.p.i.AbstractProblemLoader Creating init config 
61821      WARN  main            d.u.i.k.j.r.KeYCrossReferenceNameInfo Datatype java.lang.System declared twice: Once in FILE:/home/runner/work/key/key/key.core/../key.ui/examples/standard_key/java_dl/classpath/System.java and once in URL:file:/home/runner/work/key/key/key.core/build/resources/main/de/uka/ilkd/key/java/JavaRedux/java/lang/System.java, Keeping one from URL:file:/home/runner/work/key/key/key.core/build/resources/main/de/uka/ilkd/key/java/JavaRedux/java/lang/System.java 
61822      WARN  main            d.u.i.k.j.r.KeYCrossReferenceNameInfo Datatype java.io.PrintStream declared twice: Once in FILE:/home/runner/work/key/key/key.core/../key.ui/examples/standard_key/java_dl/classpath/PrintStream.java and once in URL:file:/home/runner/work/key/key/key.core/build/resources/main/de/uka/ilkd/key/java/JavaRedux/java/io/PrintStream.java, Keeping one from URL:file:/home/runner/work/key/key/key.core/build/resources/main/de/uka/ilkd/key/java/JavaRedux/java/io/PrintStream.java 
61822      WARN  main            d.u.i.k.j.r.KeYCrossReferenceNameInfo Datatype java.io.InputStream declared twice: Once in FILE:/home/runner/work/key/key/key.core/../key.ui/examples/standard_key/java_dl/classpath/InputStream.java and once in URL:file:/home/runner/work/key/key/key.core/build/resources/main/de/uka/ilkd/key/java/JavaRedux/java/io/InputStream.java, Keeping one from URL:file:/home/runner/work/key/key/key.core/build/resources/main/de/uka/ilkd/key/java/JavaRedux/java/io/InputStream.java 
61825      DEBUG main            d.u.i.k.j.r.ClassFileDeclarationBuilder Parsing: package java.io; public class Closeable { } 
61825      DEBUG main            r.s.KeYCrossReferenceSourceInfo Dynamically created class: java.io.Closeable 
64195      DEBUG main            d.u.i.k.p.i.AbstractProblemLoader Init config took 2.4s 
64218      INFO  main            d.u.i.k.p.i.AbstractProblemLoader Replaying proof break.key.proof 
64234      DEBUG main            d.u.i.k.p.i.IntermediateProofReplayer Proof replay took 14.65ms 
64235      DEBUG main            d.u.i.k.p.r.p.TestFile    ... success: reloaded. 
64245      INFO  main            d.u.i.k.p.r.p.TestFile    Now processing file /home/runner/work/key/key/key.core/../key.ui/examples/standard_key/java_dl/char.key 
64245      INFO  main            d.u.i.k.p.i.AbstractProblemLoader Loading environment from /home/runner/work/key/key/key.core/../key.ui/examples/standard_key/java_dl/char.key 
64245      DEBUG main            d.u.i.k.p.i.AbstractProblemLoader Environment load took 64.9ns 
64246      INFO  main            d.u.i.k.p.i.AbstractProblemLoader Creating init config 
66657      DEBUG main            d.u.i.k.p.i.AbstractProblemLoader Init config took 2.41s 
66673      INFO  main            d.u.i.k.p.i.AbstractProblemLoader Replaying proof char.key 
66674      DEBUG main            d.u.i.k.p.i.IntermediateProofReplayer Proof replay took 6.9ns 
66783      INFO  main            d.u.i.k.p.r.p.TestFile    ... finished proof: closed. 
66979      INFO  main            d.u.i.k.p.i.AbstractProblemLoader Loading environment from /home/runner/work/key/key/key.core/../key.ui/examples/standard_key/java_dl/char.key.proof 
66979      DEBUG main            d.u.i.k.p.i.AbstractProblemLoader Environment load took 123.2ns 
66980      INFO  main            d.u.i.k.p.i.AbstractProblemLoader Creating init config 
69315      DEBUG main            d.u.i.k.p.i.AbstractProblemLoader Init config took 2.34s 
69332      INFO  main            d.u.i.k.p.i.AbstractProblemLoader Replaying proof char.key.proof 
69336      DEBUG main            d.u.i.k.p.i.IntermediateProofReplayer Proof replay took 2ms 
69337      DEBUG main            d.u.i.k.p.r.p.TestFile    ... success: reloaded. 
69337      INFO  main            d.u.i.k.p.r.p.TestFile    Now processing file /home/runner/work/key/key/key.core/../key.ui/examples/standard_key/java_dl/compileTimeConstants.key 
69338      INFO  main            d.u.i.k.p.i.AbstractProblemLoader Loading environment from /home/runner/work/key/key/key.core/../key.ui/examples/standard_key/java_dl/compileTimeConstants.key 
69338      DEBUG main            d.u.i.k.p.i.AbstractProblemLoader Environment load took 195.3ns 
69339      INFO  main            d.u.i.k.p.i.AbstractProblemLoader Creating init config 
71768      DEBUG main            d.u.i.k.p.i.AbstractProblemLoader Init config took 2.43s 
71784      INFO  main            d.u.i.k.p.i.AbstractProblemLoader Replaying proof compileTimeConstants.key 
71786      DEBUG main            d.u.i.k.p.i.IntermediateProofReplayer Proof replay took 6.7ns 
71890      INFO  main            d.u.i.k.p.r.p.TestFile    ... finished proof: closed. 
72089      INFO  main            d.u.i.k.p.i.AbstractProblemLoader Loading environment from /home/runner/work/key/key/key.core/../key.ui/examples/standard_key/java_dl/compileTimeConstants.key.proof 
72089      DEBUG main            d.u.i.k.p.i.AbstractProblemLoader Environment load took 176.6ns 
72090      INFO  main            d.u.i.k.p.i.AbstractProblemLoader Creating init config 
74498      DEBUG main            d.u.i.k.p.i.AbstractProblemLoader Init config took 2.41s 
74516      INFO  main            d.u.i.k.p.i.AbstractProblemLoader Replaying proof compileTimeConstants.key.proof 
74527      DEBUG main            d.u.i.k.p.i.IntermediateProofReplayer Proof replay took 9.07ms 
74532      DEBUG main            d.u.i.k.p.r.p.TestFile    ... success: reloaded. 
74533      INFO  main            d.u.i.k.p.r.p.TestFile    Now processing file /home/runner/work/key/key/key.core/../key.ui/examples/standard_key/java_dl/constructorException/test.key 
74533      INFO  main            d.u.i.k.p.i.AbstractProblemLoader Loading environment from /home/runner/work/key/key/key.core/../key.ui/examples/standard_key/java_dl/constructorException/test.key 
74534      DEBUG main            d.u.i.k.p.i.AbstractProblemLoader Environment load took 98.1ns 
74534      INFO  main            d.u.i.k.p.i.AbstractProblemLoader Creating init config 
76986      DEBUG main            d.u.i.k.p.i.AbstractProblemLoader Init config took 2.45s 
77044      INFO  main            d.u.i.k.p.i.AbstractProblemLoader Replaying proof Test[Test::Test(int)].JML operation contract.0 
77045      DEBUG main            d.u.i.k.p.i.IntermediateProofReplayer Proof replay took 6.4ns 
77250      INFO  main            d.u.i.k.p.r.p.TestFile    ... finished proof: closed. 
77489      INFO  main            d.u.i.k.p.i.AbstractProblemLoader Loading environment from /home/runner/work/key/key/key.core/../key.ui/examples/standard_key/java_dl/constructorException/test.key.proof 
77489      DEBUG main            d.u.i.k.p.i.AbstractProblemLoader Environment load took 128.5ns 
77490      INFO  main            d.u.i.k.p.i.AbstractProblemLoader Creating init config 
79867      DEBUG main            d.u.i.k.p.i.AbstractProblemLoader Init config took 2.38s 
79908      INFO  main            d.u.i.k.p.i.AbstractProblemLoader Replaying proof Test[Test::Test(int)].JML operation contract.0 
79953      DEBUG main            d.u.i.k.p.i.IntermediateProofReplayer Proof replay took 41.55ms 
79954      DEBUG main            d.u.i.k.p.r.p.TestFile    ... success: reloaded. 
79955      INFO  main            d.u.i.k.p.r.p.TestFile    Now processing file /home/runner/work/key/key/key.core/../key.ui/examples/standard_key/java_dl/constructorException/regressionTestBug1333.key 
79955      INFO  main            d.u.i.k.p.i.AbstractProblemLoader Loading environment from /home/runner/work/key/key/key.core/../key.ui/examples/standard_key/java_dl/constructorException/regressionTestBug1333.key 
79955      DEBUG main            d.u.i.k.p.i.AbstractProblemLoader Environment load took 195.1ns 
79956      INFO  main            d.u.i.k.p.i.AbstractProblemLoader Creating init config 
82404      DEBUG main            d.u.i.k.p.i.AbstractProblemLoader Init config took 2.45s 
82443      INFO  main            d.u.i.k.p.i.AbstractProblemLoader Replaying proof False[False::False()].JML normal_behavior operation contract.0 
82445      DEBUG main            d.u.i.k.p.i.IntermediateProofReplayer Proof replay took 6ns 
82548      INFO  main            d.u.i.k.p.r.p.TestFile    ... finished proof: open goal(s) 
82764      INFO  main            d.u.i.k.p.r.p.TestFile    Now processing file /home/runner/work/key/key/key.core/../key.ui/examples/standard_key/java_dl/continue1.key 
82764      INFO  main            d.u.i.k.p.i.AbstractProblemLoader Loading environment from /home/runner/work/key/key/key.core/../key.ui/examples/standard_key/java_dl/continue1.key 
82764      DEBUG main            d.u.i.k.p.i.AbstractProblemLoader Environment load took 65.6ns 
82766      INFO  main            d.u.i.k.p.i.AbstractProblemLoader Creating init config 
82787      WARN  main            d.u.i.k.j.r.KeYCrossReferenceNameInfo Datatype java.lang.System declared twice: Once in FILE:/home/runner/work/key/key/key.core/../key.ui/examples/standard_key/java_dl/classpath/System.java and once in URL:file:/home/runner/work/key/key/key.core/build/resources/main/de/uka/ilkd/key/java/JavaRedux/java/lang/System.java, Keeping one from URL:file:/home/runner/work/key/key/key.core/build/resources/main/de/uka/ilkd/key/java/JavaRedux/java/lang/System.java 
82787      WARN  main            d.u.i.k.j.r.KeYCrossReferenceNameInfo Datatype java.io.PrintStream declared twice: Once in FILE:/home/runner/work/key/key/key.core/../key.ui/examples/standard_key/java_dl/classpath/PrintStream.java and once in URL:file:/home/runner/work/key/key/key.core/build/resources/main/de/uka/ilkd/key/java/JavaRedux/java/io/PrintStream.java, Keeping one from URL:file:/home/runner/work/key/key/key.core/build/resources/main/de/uka/ilkd/key/java/JavaRedux/java/io/PrintStream.java 
82788      WARN  main            d.u.i.k.j.r.KeYCrossReferenceNameInfo Datatype java.io.InputStream declared twice: Once in FILE:/home/runner/work/key/key/key.core/../key.ui/examples/standard_key/java_dl/classpath/InputStream.java and once in URL:file:/home/runner/work/key/key/key.core/build/resources/main/de/uka/ilkd/key/java/JavaRedux/java/io/InputStream.java, Keeping one from URL:file:/home/runner/work/key/key/key.core/build/resources/main/de/uka/ilkd/key/java/JavaRedux/java/io/InputStream.java 
82791      DEBUG main            d.u.i.k.j.r.ClassFileDeclarationBuilder Parsing: package java.io; public class Closeable { } 
82791      DEBUG main            r.s.KeYCrossReferenceSourceInfo Dynamically created class: java.io.Closeable 
85116      DEBUG main            d.u.i.k.p.i.AbstractProblemLoader Init config took 2.35s 
85133      INFO  main            d.u.i.k.p.i.AbstractProblemLoader Replaying proof continue1.key 
85135      DEBUG main            d.u.i.k.p.i.IntermediateProofReplayer Proof replay took 6.4ns 
85237      INFO  main            d.u.i.k.p.r.p.TestFile    ... finished proof: closed. 
85434      INFO  main            d.u.i.k.p.i.AbstractProblemLoader Loading environment from /home/runner/work/key/key/key.core/../key.ui/examples/standard_key/java_dl/continue1.key.proof 
85435      DEBUG main            d.u.i.k.p.i.AbstractProblemLoader Environment load took 1.26ms 
85436      INFO  main            d.u.i.k.p.i.AbstractProblemLoader Creating init config 
85458      WARN  main            d.u.i.k.j.r.KeYCrossReferenceNameInfo Datatype java.lang.System declared twice: Once in FILE:/home/runner/work/key/key/key.core/../key.ui/examples/standard_key/java_dl/classpath/System.java and once in URL:file:/home/runner/work/key/key/key.core/build/resources/main/de/uka/ilkd/key/java/JavaRedux/java/lang/System.java, Keeping one from URL:file:/home/runner/work/key/key/key.core/build/resources/main/de/uka/ilkd/key/java/JavaRedux/java/lang/System.java 
85458      WARN  main            d.u.i.k.j.r.KeYCrossReferenceNameInfo Datatype java.io.PrintStream declared twice: Once in FILE:/home/runner/work/key/key/key.core/../key.ui/examples/standard_key/java_dl/classpath/PrintStream.java and once in URL:file:/home/runner/work/key/key/key.core/build/resources/main/de/uka/ilkd/key/java/JavaRedux/java/io/PrintStream.java, Keeping one from URL:file:/home/runner/work/key/key/key.core/build/resources/main/de/uka/ilkd/key/java/JavaRedux/java/io/PrintStream.java 
85458      WARN  main            d.u.i.k.j.r.KeYCrossReferenceNameInfo Datatype java.io.InputStream declared twice: Once in FILE:/home/runner/work/key/key/key.core/../key.ui/examples/standard_key/java_dl/classpath/InputStream.java and once in URL:file:/home/runner/work/key/key/key.core/build/resources/main/de/uka/ilkd/key/java/JavaRedux/java/io/InputStream.java, Keeping one from URL:file:/home/runner/work/key/key/key.core/build/resources/main/de/uka/ilkd/key/java/JavaRedux/java/io/InputStream.java 
85461      DEBUG main            d.u.i.k.j.r.ClassFileDeclarationBuilder Parsing: package java.io; public class Closeable { } 
85461      DEBUG main            r.s.KeYCrossReferenceSourceInfo Dynamically created class: java.io.Closeable 
87821      DEBUG main            d.u.i.k.p.i.AbstractProblemLoader Init config took 2.38s 
87836      INFO  main            d.u.i.k.p.i.AbstractProblemLoader Replaying proof continue1.key.proof 
87854      DEBUG main            d.u.i.k.p.i.IntermediateProofReplayer Proof replay took 14.18ms 
87856      DEBUG main            d.u.i.k.p.r.p.TestFile    ... success: reloaded. 
87857      INFO  main            d.u.i.k.p.r.p.TestFile    Now processing file /home/runner/work/key/key/key.core/../key.ui/examples/standard_key/java_dl/continue2.key 
87857      INFO  main            d.u.i.k.p.i.AbstractProblemLoader Loading environment from /home/runner/work/key/key/key.core/../key.ui/examples/standard_key/java_dl/continue2.key 
87858      DEBUG main            d.u.i.k.p.i.AbstractProblemLoader Environment load took 203.9ns 
87859      INFO  main            d.u.i.k.p.i.AbstractProblemLoader Creating init config 
87882      WARN  main            d.u.i.k.j.r.KeYCrossReferenceNameInfo Datatype java.lang.System declared twice: Once in FILE:/home/runner/work/key/key/key.core/../key.ui/examples/standard_key/java_dl/classpath/System.java and once in URL:file:/home/runner/work/key/key/key.core/build/resources/main/de/uka/ilkd/key/java/JavaRedux/java/lang/System.java, Keeping one from URL:file:/home/runner/work/key/key/key.core/build/resources/main/de/uka/ilkd/key/java/JavaRedux/java/lang/System.java 
87882      WARN  main            d.u.i.k.j.r.KeYCrossReferenceNameInfo Datatype java.io.PrintStream declared twice: Once in FILE:/home/runner/work/key/key/key.core/../key.ui/examples/standard_key/java_dl/classpath/PrintStream.java and once in URL:file:/home/runner/work/key/key/key.core/build/resources/main/de/uka/ilkd/key/java/JavaRedux/java/io/PrintStream.java, Keeping one from URL:file:/home/runner/work/key/key/key.core/build/resources/main/de/uka/ilkd/key/java/JavaRedux/java/io/PrintStream.java 
87882      WARN  main            d.u.i.k.j.r.KeYCrossReferenceNameInfo Datatype java.io.InputStream declared twice: Once in FILE:/home/runner/work/key/key/key.core/../key.ui/examples/standard_key/java_dl/classpath/InputStream.java and once in URL:file:/home/runner/work/key/key/key.core/build/resources/main/de/uka/ilkd/key/java/JavaRedux/java/io/InputStream.java, Keeping one from URL:file:/home/runner/work/key/key/key.core/build/resources/main/de/uka/ilkd/key/java/JavaRedux/java/io/InputStream.java 
87886      DEBUG main            d.u.i.k.j.r.ClassFileDeclarationBuilder Parsing: package java.io; public class Closeable { } 
87886      DEBUG main            r.s.KeYCrossReferenceSourceInfo Dynamically created class: java.io.Closeable 
90236      DEBUG main            d.u.i.k.p.i.AbstractProblemLoader Init config took 2.38s 
90251      INFO  main            d.u.i.k.p.i.AbstractProblemLoader Replaying proof continue2.key 
90254      DEBUG main            d.u.i.k.p.i.IntermediateProofReplayer Proof replay took 6.2ns 
90457      INFO  main            d.u.i.k.p.r.p.TestFile    ... finished proof: closed. 
90687      INFO  main            d.u.i.k.p.i.AbstractProblemLoader Loading environment from /home/runner/work/key/key/key.core/../key.ui/examples/standard_key/java_dl/continue2.key.proof 
90687      DEBUG main            d.u.i.k.p.i.AbstractProblemLoader Environment load took 112ns 
90688      INFO  main            d.u.i.k.p.i.AbstractProblemLoader Creating init config 
90709      WARN  main            d.u.i.k.j.r.KeYCrossReferenceNameInfo Datatype java.lang.System declared twice: Once in FILE:/home/runner/work/key/key/key.core/../key.ui/examples/standard_key/java_dl/classpath/System.java and once in URL:file:/home/runner/work/key/key/key.core/build/resources/main/de/uka/ilkd/key/java/JavaRedux/java/lang/System.java, Keeping one from URL:file:/home/runner/work/key/key/key.core/build/resources/main/de/uka/ilkd/key/java/JavaRedux/java/lang/System.java 
90710      WARN  main            d.u.i.k.j.r.KeYCrossReferenceNameInfo Datatype java.io.PrintStream declared twice: Once in FILE:/home/runner/work/key/key/key.core/../key.ui/examples/standard_key/java_dl/classpath/PrintStream.java and once in URL:file:/home/runner/work/key/key/key.core/build/resources/main/de/uka/ilkd/key/java/JavaRedux/java/io/PrintStream.java, Keeping one from URL:file:/home/runner/work/key/key/key.core/build/resources/main/de/uka/ilkd/key/java/JavaRedux/java/io/PrintStream.java 
90710      WARN  main            d.u.i.k.j.r.KeYCrossReferenceNameInfo Datatype java.io.InputStream declared twice: Once in FILE:/home/runner/work/key/key/key.core/../key.ui/examples/standard_key/java_dl/classpath/InputStream.java and once in URL:file:/home/runner/work/key/key/key.core/build/resources/main/de/uka/ilkd/key/java/JavaRedux/java/io/InputStream.java, Keeping one from URL:file:/home/runner/work/key/key/key.core/build/resources/main/de/uka/ilkd/key/java/JavaRedux/java/io/InputStream.java 
90713      DEBUG main            d.u.i.k.j.r.ClassFileDeclarationBuilder Parsing: package java.io; public class Closeable { } 
90713      DEBUG main            r.s.KeYCrossReferenceSourceInfo Dynamically created class: java.io.Closeable 
93042      DEBUG main            d.u.i.k.p.i.AbstractProblemLoader Init config took 2.35s 
93057      INFO  main            d.u.i.k.p.i.AbstractProblemLoader Replaying proof continue2.key.proof 
93112      DEBUG main            d.u.i.k.p.i.IntermediateProofReplayer Proof replay took 52.74ms 
93114      DEBUG main            d.u.i.k.p.r.p.TestFile    ... success: reloaded. 
93115      INFO  main            d.u.i.k.p.r.p.TestFile    Now processing file /home/runner/work/key/key/key.core/../key.ui/examples/standard_key/java_dl/complexAssignment.key 
93115      INFO  main            d.u.i.k.p.i.AbstractProblemLoader Loading environment from /home/runner/work/key/key/key.core/../key.ui/examples/standard_key/java_dl/complexAssignment.key 
93115      DEBUG main            d.u.i.k.p.i.AbstractProblemLoader Environment load took 92.6ns 
93116      INFO  main            d.u.i.k.p.i.AbstractProblemLoader Creating init config 
95486      DEBUG main            d.u.i.k.p.i.AbstractProblemLoader Init config took 2.37s 
95503      INFO  main            d.u.i.k.p.i.AbstractProblemLoader Replaying proof complexAssignment.key 
95506      DEBUG main            d.u.i.k.p.i.IntermediateProofReplayer Proof replay took 7.3ns 
95609      INFO  main            d.u.i.k.p.r.p.TestFile    ... finished proof: closed. 
95836      INFO  main            d.u.i.k.p.i.AbstractProblemLoader Loading environment from /home/runner/work/key/key/key.core/../key.ui/examples/standard_key/java_dl/complexAssignment.key.proof 
95836      DEBUG main            d.u.i.k.p.i.AbstractProblemLoader Environment load took 118.5ns 
95837      INFO  main            d.u.i.k.p.i.AbstractProblemLoader Creating init config 
98132      DEBUG main            d.u.i.k.p.i.AbstractProblemLoader Init config took 2.29s 
98146      INFO  main            d.u.i.k.p.i.AbstractProblemLoader Replaying proof complexAssignment.key.proof 
98153      DEBUG main            d.u.i.k.p.i.IntermediateProofReplayer Proof replay took 4.97ms 
98154      DEBUG main            d.u.i.k.p.r.p.TestFile    ... success: reloaded. 
98155      INFO  main            d.u.i.k.p.r.p.TestFile    Now processing file /home/runner/work/key/key/key.core/../key.ui/examples/standard_key/java_dl/danglingElseSolution1.key 
98155      INFO  main            d.u.i.k.p.i.AbstractProblemLoader Loading environment from /home/runner/work/key/key/key.core/../key.ui/examples/standard_key/java_dl/danglingElseSolution1.key 
98155      DEBUG main            d.u.i.k.p.i.AbstractProblemLoader Environment load took 85.5ns 
98156      INFO  main            d.u.i.k.p.i.AbstractProblemLoader Creating init config 
100542     DEBUG main            d.u.i.k.p.i.AbstractProblemLoader Init config took 2.39s 
100557     INFO  main            d.u.i.k.p.i.AbstractProblemLoader Replaying proof danglingElseSolution1.key 
100558     DEBUG main            d.u.i.k.p.i.IntermediateProofReplayer Proof replay took 7.4ns 
100661     INFO  main            d.u.i.k.p.r.p.TestFile    ... finished proof: closed. 
100899     INFO  main            d.u.i.k.p.i.AbstractProblemLoader Loading environment from /home/runner/work/key/key/key.core/../key.ui/examples/standard_key/java_dl/danglingElseSolution1.key.proof 
100899     DEBUG main            d.u.i.k.p.i.AbstractProblemLoader Environment load took 120ns 
100900     INFO  main            d.u.i.k.p.i.AbstractProblemLoader Creating init config 
103179     DEBUG main            d.u.i.k.p.i.AbstractProblemLoader Init config took 2.28s 
103194     INFO  main            d.u.i.k.p.i.AbstractProblemLoader Replaying proof danglingElseSolution1.key.proof 
103206     DEBUG main            d.u.i.k.p.i.IntermediateProofReplayer Proof replay took 10.47ms 
103208     DEBUG main            d.u.i.k.p.r.p.TestFile    ... success: reloaded. 
103209     INFO  main            d.u.i.k.p.r.p.TestFile    Now processing file /home/runner/work/key/key/key.core/../key.ui/examples/standard_key/java_dl/danglingElseSolution2.key 
103210     INFO  main            d.u.i.k.p.i.AbstractProblemLoader Loading environment from /home/runner/work/key/key/key.core/../key.ui/examples/standard_key/java_dl/danglingElseSolution2.key 
103210     DEBUG main            d.u.i.k.p.i.AbstractProblemLoader Environment load took 216.5ns 
103211     INFO  main            d.u.i.k.p.i.AbstractProblemLoader Creating init config 
105567     DEBUG main            d.u.i.k.p.i.AbstractProblemLoader Init config took 2.36s 
105581     INFO  main            d.u.i.k.p.i.AbstractProblemLoader Replaying proof danglingElseSolution2.key 
105583     DEBUG main            d.u.i.k.p.i.IntermediateProofReplayer Proof replay took 7.6ns 
105690     INFO  main            d.u.i.k.p.r.p.TestFile    ... finished proof: closed. 
105925     INFO  main            d.u.i.k.p.i.AbstractProblemLoader Loading environment from /home/runner/work/key/key/key.core/../key.ui/examples/standard_key/java_dl/danglingElseSolution2.key.proof 
105925     DEBUG main            d.u.i.k.p.i.AbstractProblemLoader Environment load took 112.2ns 
105926     INFO  main            d.u.i.k.p.i.AbstractProblemLoader Creating init config 
108218     DEBUG main            d.u.i.k.p.i.AbstractProblemLoader Init config took 2.29s 
108233     INFO  main            d.u.i.k.p.i.AbstractProblemLoader Replaying proof danglingElseSolution2.key.proof 
108245     DEBUG main            d.u.i.k.p.i.IntermediateProofReplayer Proof replay took 10.63ms 
108247     DEBUG main            d.u.i.k.p.r.p.TestFile    ... success: reloaded. 
108248     INFO  main            d.u.i.k.p.r.p.TestFile    Now processing file /home/runner/work/key/key/key.core/../key.ui/examples/standard_key/java_dl/deepNonNull/deepNonNull0.key 
108248     INFO  main            d.u.i.k.p.i.AbstractProblemLoader Loading environment from /home/runner/work/key/key/key.core/../key.ui/examples/standard_key/java_dl/deepNonNull/deepNonNull0.key 
108248     DEBUG main            d.u.i.k.p.i.AbstractProblemLoader Environment load took 128ns 
108249     INFO  main            d.u.i.k.p.i.AbstractProblemLoader Creating init config 
110669     DEBUG main            d.u.i.k.p.i.AbstractProblemLoader Init config took 2.42s 
110715     INFO  main            d.u.i.k.p.i.AbstractProblemLoader Replaying proof Arrays[Arrays::get()].JML operation contract.0 
110716     DEBUG main            d.u.i.k.p.i.IntermediateProofReplayer Proof replay took 7.2ns 
110919     INFO  main            d.u.i.k.p.r.p.TestFile    ... finished proof: closed. 
111154     INFO  main            d.u.i.k.p.i.AbstractProblemLoader Loading environment from /home/runner/work/key/key/key.core/../key.ui/examples/standard_key/java_dl/deepNonNull/deepNonNull0.key.proof 
111154     DEBUG main            d.u.i.k.p.i.AbstractProblemLoader Environment load took 117.7ns 
111155     INFO  main            d.u.i.k.p.i.AbstractProblemLoader Creating init config 
113559     DEBUG main            d.u.i.k.p.i.AbstractProblemLoader Init config took 2.4s 
113600     INFO  main            d.u.i.k.p.i.AbstractProblemLoader Replaying proof Arrays[Arrays::get()].JML operation contract.0 
113619     DEBUG main            d.u.i.k.p.i.IntermediateProofReplayer Proof replay took 16.75ms 
113620     DEBUG main            d.u.i.k.p.r.p.TestFile    ... success: reloaded. 
113621     INFO  main            d.u.i.k.p.r.p.TestFile    Now processing file /home/runner/work/key/key/key.core/../key.ui/examples/standard_key/java_dl/deepNonNull/deepNonNull1.key 
113621     INFO  main            d.u.i.k.p.i.AbstractProblemLoader Loading environment from /home/runner/work/key/key/key.core/../key.ui/examples/standard_key/java_dl/deepNonNull/deepNonNull1.key 
113621     DEBUG main            d.u.i.k.p.i.AbstractProblemLoader Environment load took 88.2ns 
113622     INFO  main            d.u.i.k.p.i.AbstractProblemLoader Creating init config 
116034     DEBUG main            d.u.i.k.p.i.AbstractProblemLoader Init config took 2.41s 
116078     INFO  main            d.u.i.k.p.i.AbstractProblemLoader Replaying proof Arrays[Arrays::head()].JML operation contract.0 
116080     DEBUG main            d.u.i.k.p.i.IntermediateProofReplayer Proof replay took 6.7ns 
116282     INFO  main            d.u.i.k.p.r.p.TestFile    ... finished proof: closed. 
116531     INFO  main            d.u.i.k.p.i.AbstractProblemLoader Loading environment from /home/runner/work/key/key/key.core/../key.ui/examples/standard_key/java_dl/deepNonNull/deepNonNull1.key.proof 
116531     DEBUG main            d.u.i.k.p.i.AbstractProblemLoader Environment load took 112.2ns 
116532     INFO  main            d.u.i.k.p.i.AbstractProblemLoader Creating init config 
118899     DEBUG main            d.u.i.k.p.i.AbstractProblemLoader Init config took 2.37s 
118933     INFO  main            d.u.i.k.p.i.AbstractProblemLoader Replaying proof Arrays[Arrays::head()].JML operation contract.0 
118950     DEBUG main            d.u.i.k.p.i.IntermediateProofReplayer Proof replay took 15.58ms 
118951     DEBUG main            d.u.i.k.p.r.p.TestFile    ... success: reloaded. 
118952     INFO  main            d.u.i.k.p.r.p.TestFile    Now processing file /home/runner/work/key/key/key.core/../key.ui/examples/standard_key/java_dl/deepNonNull/deepNonNull2.key 
118952     INFO  main            d.u.i.k.p.i.AbstractProblemLoader Loading environment from /home/runner/work/key/key/key.core/../key.ui/examples/standard_key/java_dl/deepNonNull/deepNonNull2.key 
118952     DEBUG main            d.u.i.k.p.i.AbstractProblemLoader Environment load took 80.9ns 
118953     INFO  main            d.u.i.k.p.i.AbstractProblemLoader Creating init config 
121332     DEBUG main            d.u.i.k.p.i.AbstractProblemLoader Init config took 2.38s 
121396     INFO  main            d.u.i.k.p.i.AbstractProblemLoader Replaying proof Arrays[Arrays::unprovable(java.lang.Object)].JML operation contract.0 
121398     DEBUG main            d.u.i.k.p.i.IntermediateProofReplayer Proof replay took 6.4ns 
121506     INFO  main            d.u.i.k.p.r.p.TestFile    ... finished proof: open goal(s) 
121801     INFO  main            d.u.i.k.p.r.p.TestFile    Now processing file /home/runner/work/key/key/key.core/../key.ui/examples/standard_key/java_dl/deepNonNull/deepNonNull3.key 
121801     INFO  main            d.u.i.k.p.i.AbstractProblemLoader Loading environment from /home/runner/work/key/key/key.core/../key.ui/examples/standard_key/java_dl/deepNonNull/deepNonNull3.key 
121801     DEBUG main            d.u.i.k.p.i.AbstractProblemLoader Environment load took 60.1ns 
121802     INFO  main            d.u.i.k.p.i.AbstractProblemLoader Creating init config 
124180     DEBUG main            d.u.i.k.p.i.AbstractProblemLoader Init config took 2.38s 
124214     INFO  main            d.u.i.k.p.i.AbstractProblemLoader Replaying proof Arrays[Arrays::head([[[[Ljava.lang.Object)].JML operation contract.0 
124215     DEBUG main            d.u.i.k.p.i.IntermediateProofReplayer Proof replay took 7.4ns 
125024     INFO  main            d.u.i.k.p.r.p.TestFile    ... finished proof: closed. 
125293     INFO  main            d.u.i.k.p.i.AbstractProblemLoader Loading environment from /home/runner/work/key/key/key.core/../key.ui/examples/standard_key/java_dl/deepNonNull/deepNonNull3.key.proof 
125296     DEBUG main            d.u.i.k.p.i.AbstractProblemLoader Environment load took 2.83ms 
125297     INFO  main            d.u.i.k.p.i.AbstractProblemLoader Creating init config 
127634     DEBUG main            d.u.i.k.p.i.AbstractProblemLoader Init config took 2.34s 
127668     INFO  main            d.u.i.k.p.i.AbstractProblemLoader Replaying proof Arrays[Arrays::head([[[[Ljava.lang.Object)].JML operation contract.0 
127739     DEBUG main            d.u.i.k.p.i.IntermediateProofReplayer Proof replay took 66.07ms 
127740     DEBUG main            d.u.i.k.p.r.p.TestFile    ... success: reloaded. 
127741     INFO  main            d.u.i.k.p.r.p.TestFile    Now processing file /home/runner/work/key/key/key.core/../key.ui/examples/standard_key/java_dl/exceptions.key 
127741     INFO  main            d.u.i.k.p.i.AbstractProblemLoader Loading environment from /home/runner/work/key/key/key.core/../key.ui/examples/standard_key/java_dl/exceptions.key 
127743     DEBUG main            d.u.i.k.p.i.AbstractProblemLoader Environment load took 1.92ms 
127744     INFO  main            d.u.i.k.p.i.AbstractProblemLoader Creating init config 
127767     WARN  main            d.u.i.k.j.r.KeYCrossReferenceNameInfo Datatype java.lang.System declared twice: Once in FILE:/home/runner/work/key/key/key.core/../key.ui/examples/standard_key/java_dl/classpath/System.java and once in URL:file:/home/runner/work/key/key/key.core/build/resources/main/de/uka/ilkd/key/java/JavaRedux/java/lang/System.java, Keeping one from URL:file:/home/runner/work/key/key/key.core/build/resources/main/de/uka/ilkd/key/java/JavaRedux/java/lang/System.java 
127768     WARN  main            d.u.i.k.j.r.KeYCrossReferenceNameInfo Datatype java.io.PrintStream declared twice: Once in FILE:/home/runner/work/key/key/key.core/../key.ui/examples/standard_key/java_dl/classpath/PrintStream.java and once in URL:file:/home/runner/work/key/key/key.core/build/resources/main/de/uka/ilkd/key/java/JavaRedux/java/io/PrintStream.java, Keeping one from URL:file:/home/runner/work/key/key/key.core/build/resources/main/de/uka/ilkd/key/java/JavaRedux/java/io/PrintStream.java 
127773     WARN  main            d.u.i.k.j.r.KeYCrossReferenceNameInfo Datatype java.io.InputStream declared twice: Once in FILE:/home/runner/work/key/key/key.core/../key.ui/examples/standard_key/java_dl/classpath/InputStream.java and once in URL:file:/home/runner/work/key/key/key.core/build/resources/main/de/uka/ilkd/key/java/JavaRedux/java/io/InputStream.java, Keeping one from URL:file:/home/runner/work/key/key/key.core/build/resources/main/de/uka/ilkd/key/java/JavaRedux/java/io/InputStream.java 
127777     DEBUG main            d.u.i.k.j.r.ClassFileDeclarationBuilder Parsing: package java.io; public class Closeable { } 
127777     DEBUG main            r.s.KeYCrossReferenceSourceInfo Dynamically created class: java.io.Closeable 
130226     DEBUG main            d.u.i.k.p.i.AbstractProblemLoader Init config took 2.48s 
130240     INFO  main            d.u.i.k.p.i.AbstractProblemLoader Replaying proof exceptions.key 
130243     DEBUG main            d.u.i.k.p.i.IntermediateProofReplayer Proof replay took 8ns 
130445     INFO  main            d.u.i.k.p.r.p.TestFile    ... finished proof: closed. 
130705     INFO  main            d.u.i.k.p.i.AbstractProblemLoader Loading environment from /home/runner/work/key/key/key.core/../key.ui/examples/standard_key/java_dl/exceptions.key.proof 
130705     DEBUG main            d.u.i.k.p.i.AbstractProblemLoader Environment load took 92ns 
130706     INFO  main            d.u.i.k.p.i.AbstractProblemLoader Creating init config 
130728     WARN  main            d.u.i.k.j.r.KeYCrossReferenceNameInfo Datatype java.lang.System declared twice: Once in FILE:/home/runner/work/key/key/key.core/../key.ui/examples/standard_key/java_dl/classpath/System.java and once in URL:file:/home/runner/work/key/key/key.core/build/resources/main/de/uka/ilkd/key/java/JavaRedux/java/lang/System.java, Keeping one from URL:file:/home/runner/work/key/key/key.core/build/resources/main/de/uka/ilkd/key/java/JavaRedux/java/lang/System.java 
130728     WARN  main            d.u.i.k.j.r.KeYCrossReferenceNameInfo Datatype java.io.PrintStream declared twice: Once in FILE:/home/runner/work/key/key/key.core/../key.ui/examples/standard_key/java_dl/classpath/PrintStream.java and once in URL:file:/home/runner/work/key/key/key.core/build/resources/main/de/uka/ilkd/key/java/JavaRedux/java/io/PrintStream.java, Keeping one from URL:file:/home/runner/work/key/key/key.core/build/resources/main/de/uka/ilkd/key/java/JavaRedux/java/io/PrintStream.java 
130728     WARN  main            d.u.i.k.j.r.KeYCrossReferenceNameInfo Datatype java.io.InputStream declared twice: Once in FILE:/home/runner/work/key/key/key.core/../key.ui/examples/standard_key/java_dl/classpath/InputStream.java and once in URL:file:/home/runner/work/key/key/key.core/build/resources/main/de/uka/ilkd/key/java/JavaRedux/java/io/InputStream.java, Keeping one from URL:file:/home/runner/work/key/key/key.core/build/resources/main/de/uka/ilkd/key/java/JavaRedux/java/io/InputStream.java 
130731     DEBUG main            d.u.i.k.j.r.ClassFileDeclarationBuilder Parsing: package java.io; public class Closeable { } 
130731     DEBUG main            r.s.KeYCrossReferenceSourceInfo Dynamically created class: java.io.Closeable 
133106     DEBUG main            d.u.i.k.p.i.AbstractProblemLoader Init config took 2.4s 
133120     INFO  main            d.u.i.k.p.i.AbstractProblemLoader Replaying proof exceptions.key.proof 
133161     DEBUG main            d.u.i.k.p.i.IntermediateProofReplayer Proof replay took 37.28ms 
133162     DEBUG main            d.u.i.k.p.r.p.TestFile    ... success: reloaded. 
133163     INFO  main            d.u.i.k.p.r.p.TestFile    Now processing file /home/runner/work/key/key/key.core/../key.ui/examples/standard_key/java_dl/exceptions1.key 
133163     INFO  main            d.u.i.k.p.i.AbstractProblemLoader Loading environment from /home/runner/work/key/key/key.core/../key.ui/examples/standard_key/java_dl/exceptions1.key 
133163     DEBUG main            d.u.i.k.p.i.AbstractProblemLoader Environment load took 151.9ns 
133167     INFO  main            d.u.i.k.p.i.AbstractProblemLoader Creating init config 
135486     DEBUG main            d.u.i.k.p.i.AbstractProblemLoader Init config took 2.32s 
135501     INFO  main            d.u.i.k.p.i.AbstractProblemLoader Replaying proof exceptions1.key 
135504     DEBUG main            d.u.i.k.p.i.IntermediateProofReplayer Proof replay took 7.9ns 
135606     INFO  main            d.u.i.k.p.r.p.TestFile    ... finished proof: closed. 
135895     INFO  main            d.u.i.k.p.i.AbstractProblemLoader Loading environment from /home/runner/work/key/key/key.core/../key.ui/examples/standard_key/java_dl/exceptions1.key.proof 
135895     DEBUG main            d.u.i.k.p.i.AbstractProblemLoader Environment load took 95.2ns 
135896     INFO  main            d.u.i.k.p.i.AbstractProblemLoader Creating init config 
138173     DEBUG main            d.u.i.k.p.i.AbstractProblemLoader Init config took 2.28s 
138188     INFO  main            d.u.i.k.p.i.AbstractProblemLoader Replaying proof exceptions1.key.proof 
138215     DEBUG main            d.u.i.k.p.i.IntermediateProofReplayer Proof replay took 24.82ms 
138216     DEBUG main            d.u.i.k.p.r.p.TestFile    ... success: reloaded. 
138217     INFO  main            d.u.i.k.p.r.p.TestFile    Now processing file /home/runner/work/key/key/key.core/../key.ui/examples/standard_key/java_dl/exceptions2.key 
138217     INFO  main            d.u.i.k.p.i.AbstractProblemLoader Loading environment from /home/runner/work/key/key/key.core/../key.ui/examples/standard_key/java_dl/exceptions2.key 
138217     DEBUG main            d.u.i.k.p.i.AbstractProblemLoader Environment load took 174.9ns 
138218     INFO  main            d.u.i.k.p.i.AbstractProblemLoader Creating init config 
140571     DEBUG main            d.u.i.k.p.i.AbstractProblemLoader Init config took 2.35s 
140586     INFO  main            d.u.i.k.p.i.AbstractProblemLoader Replaying proof exceptions2.key 
140588     DEBUG main            d.u.i.k.p.i.IntermediateProofReplayer Proof replay took 8.1ns 
140693     INFO  main            d.u.i.k.p.r.p.TestFile    ... finished proof: closed. 
140967     INFO  main            d.u.i.k.p.i.AbstractProblemLoader Loading environment from /home/runner/work/key/key/key.core/../key.ui/examples/standard_key/java_dl/exceptions2.key.proof 
140968     DEBUG main            d.u.i.k.p.i.AbstractProblemLoader Environment load took 97ns 
140969     INFO  main            d.u.i.k.p.i.AbstractProblemLoader Creating init config 
143235     DEBUG main            d.u.i.k.p.i.AbstractProblemLoader Init config took 2.27s 
143252     INFO  main            d.u.i.k.p.i.AbstractProblemLoader Replaying proof exceptions2.key.proof 
143283     DEBUG main            d.u.i.k.p.i.IntermediateProofReplayer Proof replay took 27.53ms 
143283     DEBUG main            d.u.i.k.p.r.p.TestFile    ... success: reloaded. 
143284     INFO  main            d.u.i.k.p.r.p.TestFile    Now processing file /home/runner/work/key/key/key.core/../key.ui/examples/standard_key/java_dl/exceptions3.key 
143284     INFO  main            d.u.i.k.p.i.AbstractProblemLoader Loading environment from /home/runner/work/key/key/key.core/../key.ui/examples/standard_key/java_dl/exceptions3.key 
143284     DEBUG main            d.u.i.k.p.i.AbstractProblemLoader Environment load took 73ns 
143290     INFO  main            d.u.i.k.p.i.AbstractProblemLoader Creating init config 
143312     WARN  main            d.u.i.k.j.r.KeYCrossReferenceNameInfo Datatype java.lang.System declared twice: Once in FILE:/home/runner/work/key/key/key.core/../key.ui/examples/standard_key/java_dl/classpath/System.java and once in URL:file:/home/runner/work/key/key/key.core/build/resources/main/de/uka/ilkd/key/java/JavaRedux/java/lang/System.java, Keeping one from URL:file:/home/runner/work/key/key/key.core/build/resources/main/de/uka/ilkd/key/java/JavaRedux/java/lang/System.java 
143312     WARN  main            d.u.i.k.j.r.KeYCrossReferenceNameInfo Datatype java.io.PrintStream declared twice: Once in FILE:/home/runner/work/key/key/key.core/../key.ui/examples/standard_key/java_dl/classpath/PrintStream.java and once in URL:file:/home/runner/work/key/key/key.core/build/resources/main/de/uka/ilkd/key/java/JavaRedux/java/io/PrintStream.java, Keeping one from URL:file:/home/runner/work/key/key/key.core/build/resources/main/de/uka/ilkd/key/java/JavaRedux/java/io/PrintStream.java 
143312     WARN  main            d.u.i.k.j.r.KeYCrossReferenceNameInfo Datatype java.io.InputStream declared twice: Once in FILE:/home/runner/work/key/key/key.core/../key.ui/examples/standard_key/java_dl/classpath/InputStream.java and once in URL:file:/home/runner/work/key/key/key.core/build/resources/main/de/uka/ilkd/key/java/JavaRedux/java/io/InputStream.java, Keeping one from URL:file:/home/runner/work/key/key/key.core/build/resources/main/de/uka/ilkd/key/java/JavaRedux/java/io/InputStream.java 
143315     DEBUG main            d.u.i.k.j.r.ClassFileDeclarationBuilder Parsing: package java.io; public class Closeable { } 
143315     DEBUG main            r.s.KeYCrossReferenceSourceInfo Dynamically created class: java.io.Closeable 
145654     DEBUG main            d.u.i.k.p.i.AbstractProblemLoader Init config took 2.36s 
145668     INFO  main            d.u.i.k.p.i.AbstractProblemLoader Replaying proof exceptions3.key 
145669     DEBUG main            d.u.i.k.p.i.IntermediateProofReplayer Proof replay took 7.4ns 
145777     INFO  main            d.u.i.k.p.r.p.TestFile    ... finished proof: closed. 
146051     INFO  main            d.u.i.k.p.i.AbstractProblemLoader Loading environment from /home/runner/work/key/key/key.core/../key.ui/examples/standard_key/java_dl/exceptions3.key.proof 
146051     DEBUG main            d.u.i.k.p.i.AbstractProblemLoader Environment load took 93.3ns 
146052     INFO  main            d.u.i.k.p.i.AbstractProblemLoader Creating init config 
146074     WARN  main            d.u.i.k.j.r.KeYCrossReferenceNameInfo Datatype java.lang.System declared twice: Once in FILE:/home/runner/work/key/key/key.core/../key.ui/examples/standard_key/java_dl/classpath/System.java and once in URL:file:/home/runner/work/key/key/key.core/build/resources/main/de/uka/ilkd/key/java/JavaRedux/java/lang/System.java, Keeping one from URL:file:/home/runner/work/key/key/key.core/build/resources/main/de/uka/ilkd/key/java/JavaRedux/java/lang/System.java 
146074     WARN  main            d.u.i.k.j.r.KeYCrossReferenceNameInfo Datatype java.io.PrintStream declared twice: Once in FILE:/home/runner/work/key/key/key.core/../key.ui/examples/standard_key/java_dl/classpath/PrintStream.java and once in URL:file:/home/runner/work/key/key/key.core/build/resources/main/de/uka/ilkd/key/java/JavaRedux/java/io/PrintStream.java, Keeping one from URL:file:/home/runner/work/key/key/key.core/build/resources/main/de/uka/ilkd/key/java/JavaRedux/java/io/PrintStream.java 
146074     WARN  main            d.u.i.k.j.r.KeYCrossReferenceNameInfo Datatype java.io.InputStream declared twice: Once in FILE:/home/runner/work/key/key/key.core/../key.ui/examples/standard_key/java_dl/classpath/InputStream.java and once in URL:file:/home/runner/work/key/key/key.core/build/resources/main/de/uka/ilkd/key/java/JavaRedux/java/io/InputStream.java, Keeping one from URL:file:/home/runner/work/key/key/key.core/build/resources/main/de/uka/ilkd/key/java/JavaRedux/java/io/InputStream.java 
146077     DEBUG main            d.u.i.k.j.r.ClassFileDeclarationBuilder Parsing: package java.io; public class Closeable { } 
146077     DEBUG main            r.s.KeYCrossReferenceSourceInfo Dynamically created class: java.io.Closeable 
148458     DEBUG main            d.u.i.k.p.i.AbstractProblemLoader Init config took 2.41s 
148472     INFO  main            d.u.i.k.p.i.AbstractProblemLoader Replaying proof exceptions3.key.proof 
148477     DEBUG main            d.u.i.k.p.i.IntermediateProofReplayer Proof replay took 3.14ms 
148479     DEBUG main            d.u.i.k.p.r.p.TestFile    ... success: reloaded. 
148480     INFO  main            d.u.i.k.p.r.p.TestFile    Now processing file /home/runner/work/key/key/key.core/../key.ui/examples/standard_key/java_dl/exchange.key 
148480     INFO  main            d.u.i.k.p.i.AbstractProblemLoader Loading environment from /home/runner/work/key/key/key.core/../key.ui/examples/standard_key/java_dl/exchange.key 
148480     DEBUG main            d.u.i.k.p.i.AbstractProblemLoader Environment load took 182.4ns 
148481     INFO  main            d.u.i.k.p.i.AbstractProblemLoader Creating init config 
150783     DEBUG main            d.u.i.k.p.i.AbstractProblemLoader Init config took 2.3s 
150798     INFO  main            d.u.i.k.p.i.AbstractProblemLoader Replaying proof exchange.key 
150799     DEBUG main            d.u.i.k.p.i.IntermediateProofReplayer Proof replay took 7.6ns 
150904     INFO  main            d.u.i.k.p.r.p.TestFile    ... finished proof: closed. 
151191     INFO  main            d.u.i.k.p.i.AbstractProblemLoader Loading environment from /home/runner/work/key/key/key.core/../key.ui/examples/standard_key/java_dl/exchange.key.proof 
151191     DEBUG main            d.u.i.k.p.i.AbstractProblemLoader Environment load took 92.9ns 
151192     INFO  main            d.u.i.k.p.i.AbstractProblemLoader Creating init config 
153480     DEBUG main            d.u.i.k.p.i.AbstractProblemLoader Init config took 2.29s 
153494     INFO  main            d.u.i.k.p.i.AbstractProblemLoader Replaying proof exchange.key.proof 
153498     DEBUG main            d.u.i.k.p.i.IntermediateProofReplayer Proof replay took 2.39ms 
153499     DEBUG main            d.u.i.k.p.r.p.TestFile    ... success: reloaded. 
153500     INFO  main            d.u.i.k.p.r.p.TestFile    Now processing file /home/runner/work/key/key/key.core/../key.ui/examples/standard_key/java_dl/if.key 
153500     INFO  main            d.u.i.k.p.i.AbstractProblemLoader Loading environment from /home/runner/work/key/key/key.core/../key.ui/examples/standard_key/java_dl/if.key 
153500     DEBUG main            d.u.i.k.p.i.AbstractProblemLoader Environment load took 155.1ns 
153501     INFO  main            d.u.i.k.p.i.AbstractProblemLoader Creating init config 
155791     DEBUG main            d.u.i.k.p.i.AbstractProblemLoader Init config took 2.29s 
155805     INFO  main            d.u.i.k.p.i.AbstractProblemLoader Replaying proof if.key 
155806     DEBUG main            d.u.i.k.p.i.IntermediateProofReplayer Proof replay took 7.8ns 
155908     INFO  main            d.u.i.k.p.r.p.TestFile    ... finished proof: closed. 
156196     INFO  main            d.u.i.k.p.i.AbstractProblemLoader Loading environment from /home/runner/work/key/key/key.core/../key.ui/examples/standard_key/java_dl/if.key.proof 
156197     DEBUG main            d.u.i.k.p.i.AbstractProblemLoader Environment load took 90.4ns 
156197     INFO  main            d.u.i.k.p.i.AbstractProblemLoader Creating init config 
158468     DEBUG main            d.u.i.k.p.i.AbstractProblemLoader Init config took 2.27s 
158482     INFO  main            d.u.i.k.p.i.AbstractProblemLoader Replaying proof if.key.proof 
158486     DEBUG main            d.u.i.k.p.i.IntermediateProofReplayer Proof replay took 2.6ms 
158487     DEBUG main            d.u.i.k.p.r.p.TestFile    ... success: reloaded. 
158487     INFO  main            d.u.i.k.p.r.p.TestFile    Now processing file /home/runner/work/key/key/key.core/../key.ui/examples/standard_key/java_dl/incrementcounter.key 
158487     INFO  main            d.u.i.k.p.i.AbstractProblemLoader Loading environment from /home/runner/work/key/key/key.core/../key.ui/examples/standard_key/java_dl/incrementcounter.key 
158487     DEBUG main            d.u.i.k.p.i.AbstractProblemLoader Environment load took 77.3ns 
158488     INFO  main            d.u.i.k.p.i.AbstractProblemLoader Creating init config 
160798     DEBUG main            d.u.i.k.p.i.AbstractProblemLoader Init config took 2.31s 
160813     INFO  main            d.u.i.k.p.i.AbstractProblemLoader Replaying proof incrementcounter.key 
160814     DEBUG main            d.u.i.k.p.i.IntermediateProofReplayer Proof replay took 6.9ns 
160916     INFO  main            d.u.i.k.p.r.p.TestFile    ... finished proof: closed. 
161209     INFO  main            d.u.i.k.p.i.AbstractProblemLoader Loading environment from /home/runner/work/key/key/key.core/../key.ui/examples/standard_key/java_dl/incrementcounter.key.proof 
161210     DEBUG main            d.u.i.k.p.i.AbstractProblemLoader Environment load took 104.9ns 
161211     INFO  main            d.u.i.k.p.i.AbstractProblemLoader Creating init config 
163517     DEBUG main            d.u.i.k.p.i.AbstractProblemLoader Init config took 2.31s 
163531     INFO  main            d.u.i.k.p.i.AbstractProblemLoader Replaying proof incrementcounter.key.proof 
163534     DEBUG main            d.u.i.k.p.i.IntermediateProofReplayer Proof replay took 1.4ms 
163535     DEBUG main            d.u.i.k.p.r.p.TestFile    ... success: reloaded. 
163535     INFO  main            d.u.i.k.p.r.p.TestFile    Now processing file /home/runner/work/key/key/key.core/../key.ui/examples/standard_key/java_dl/danglingElse.key 
163535     INFO  main            d.u.i.k.p.i.AbstractProblemLoader Loading environment from /home/runner/work/key/key/key.core/../key.ui/examples/standard_key/java_dl/danglingElse.key 
163535     DEBUG main            d.u.i.k.p.i.AbstractProblemLoader Environment load took 48.8ns 
163536     INFO  main            d.u.i.k.p.i.AbstractProblemLoader Creating init config 
165843     DEBUG main            d.u.i.k.p.i.AbstractProblemLoader Init config took 2.31s 
165857     INFO  main            d.u.i.k.p.i.AbstractProblemLoader Replaying proof danglingElse.key 
165859     DEBUG main            d.u.i.k.p.i.IntermediateProofReplayer Proof replay took 7.4ns 
165961     INFO  main            d.u.i.k.p.r.p.TestFile    ... finished proof: open goal(s) 
166269     INFO  main            d.u.i.k.p.r.p.TestFile    Now processing file /home/runner/work/key/key/key.core/../key.ui/examples/standard_key/java_dl/iteratedAssignment.key 
166269     INFO  main            d.u.i.k.p.i.AbstractProblemLoader Loading environment from /home/runner/work/key/key/key.core/../key.ui/examples/standard_key/java_dl/iteratedAssignment.key 
166269     DEBUG main            d.u.i.k.p.i.AbstractProblemLoader Environment load took 83.4ns 
166271     INFO  main            d.u.i.k.p.i.AbstractProblemLoader Creating init config 
168543     DEBUG main            d.u.i.k.p.i.AbstractProblemLoader Init config took 2.27s 
168557     INFO  main            d.u.i.k.p.i.AbstractProblemLoader Replaying proof iteratedAssignment.key 
168565     DEBUG main            d.u.i.k.p.i.IntermediateProofReplayer Proof replay took 8.3ns 
168868     INFO  main            d.u.i.k.p.r.p.TestFile    ... finished proof: closed. 
169184     INFO  main            d.u.i.k.p.i.AbstractProblemLoader Loading environment from /home/runner/work/key/key/key.core/../key.ui/examples/standard_key/java_dl/iteratedAssignment.key.proof 
169184     DEBUG main            d.u.i.k.p.i.AbstractProblemLoader Environment load took 86.7ns 
169185     INFO  main            d.u.i.k.p.i.AbstractProblemLoader Creating init config 
171479     DEBUG main            d.u.i.k.p.i.AbstractProblemLoader Init config took 2.29s 
171494     INFO  main            d.u.i.k.p.i.AbstractProblemLoader Replaying proof iteratedAssignment.key.proof 
171544     DEBUG main            d.u.i.k.p.i.IntermediateProofReplayer Proof replay took 47.38ms 
171545     DEBUG main            d.u.i.k.p.r.p.TestFile    ... success: reloaded. 
171546     INFO  main            d.u.i.k.p.r.p.TestFile    Now processing file /home/runner/work/key/key/key.core/../key.ui/examples/standard_key/java_dl/assert/assert1.key 
171546     INFO  main            d.u.i.k.p.i.AbstractProblemLoader Loading environment from /home/runner/work/key/key/key.core/../key.ui/examples/standard_key/java_dl/assert/assert1.key 
171547     DEBUG main            d.u.i.k.p.i.AbstractProblemLoader Environment load took 78.2ns 
171547     INFO  main            d.u.i.k.p.i.AbstractProblemLoader Creating init config 
173892     DEBUG main            d.u.i.k.p.i.AbstractProblemLoader Init config took 2.34s 
173927     INFO  main            d.u.i.k.p.i.AbstractProblemLoader Replaying proof C[C::foo()].JML normal_behavior operation contract.0 
173928     DEBUG main            d.u.i.k.p.i.IntermediateProofReplayer Proof replay took 6.8ns 
174131     INFO  main            d.u.i.k.p.r.p.TestFile    ... finished proof: open goal(s) 
174453     INFO  main            d.u.i.k.p.r.p.TestFile    Now processing file /home/runner/work/key/key/key.core/../key.ui/examples/standard_key/java_dl/assert/assert2.key 
174454     INFO  main            d.u.i.k.p.i.AbstractProblemLoader Loading environment from /home/runner/work/key/key/key.core/../key.ui/examples/standard_key/java_dl/assert/assert2.key 
174454     DEBUG main            d.u.i.k.p.i.AbstractProblemLoader Environment load took 94.8ns 
174454     INFO  main            d.u.i.k.p.i.AbstractProblemLoader Creating init config 
176767     DEBUG main            d.u.i.k.p.i.AbstractProblemLoader Init config took 2.31s 
176806     INFO  main            d.u.i.k.p.i.AbstractProblemLoader Replaying proof C[C::bar()].JML exceptional_behavior operation contract.0 
176808     DEBUG main            d.u.i.k.p.i.IntermediateProofReplayer Proof replay took 7.5ns 
177010     INFO  main            d.u.i.k.p.r.p.TestFile    ... finished proof: closed. 
177332     INFO  main            d.u.i.k.p.i.AbstractProblemLoader Loading environment from /home/runner/work/key/key/key.core/../key.ui/examples/standard_key/java_dl/assert/assert2.key.proof 
177332     DEBUG main            d.u.i.k.p.i.AbstractProblemLoader Environment load took 86.9ns 
177334     INFO  main            d.u.i.k.p.i.AbstractProblemLoader Creating init config 
179688     DEBUG main            d.u.i.k.p.i.AbstractProblemLoader Init config took 2.35s 
179720     INFO  main            d.u.i.k.p.i.AbstractProblemLoader Replaying proof C[C::bar()].JML exceptional_behavior operation contract.0 
179751     DEBUG main            d.u.i.k.p.i.IntermediateProofReplayer Proof replay took 29.01ms 
179752     DEBUG main            d.u.i.k.p.r.p.TestFile    ... success: reloaded. 
179753     INFO  main            d.u.i.k.p.r.p.TestFile    Now processing file /home/runner/work/key/key/key.core/../key.ui/examples/standard_key/java_dl/assert/assert3.key 
179753     INFO  main            d.u.i.k.p.i.AbstractProblemLoader Loading environment from /home/runner/work/key/key/key.core/../key.ui/examples/standard_key/java_dl/assert/assert3.key 
179753     DEBUG main            d.u.i.k.p.i.AbstractProblemLoader Environment load took 68.5ns 
179754     INFO  main            d.u.i.k.p.i.AbstractProblemLoader Creating init config 
182091     DEBUG main            d.u.i.k.p.i.AbstractProblemLoader Init config took 2.34s 
182123     INFO  main            d.u.i.k.p.i.AbstractProblemLoader Replaying proof C[C::foo()].JML normal_behavior operation contract.0 
182125     DEBUG main            d.u.i.k.p.i.IntermediateProofReplayer Proof replay took 7.6ns 
182229     INFO  main            d.u.i.k.p.r.p.TestFile    ... finished proof: open goal(s) 
182557     INFO  main            d.u.i.k.p.r.p.TestFile    Now processing file /home/runner/work/key/key/key.core/../key.ui/examples/standard_key/java_dl/java5/vararg.key 
182558     INFO  main            d.u.i.k.p.i.AbstractProblemLoader Loading environment from /home/runner/work/key/key/key.core/../key.ui/examples/standard_key/java_dl/java5/vararg.key 
182558     DEBUG main            d.u.i.k.p.i.AbstractProblemLoader Environment load took 79.2ns 
182559     INFO  main            d.u.i.k.p.i.AbstractProblemLoader Creating init config 
183424     DEBUG main            d.u.i.k.j.r.ClassPreparationMethodBuilder clPrepBuilder: Inner Class detected. Reject building class initialisation methods. 
185217     DEBUG main            d.u.i.k.p.i.AbstractProblemLoader Init config took 2.66s 
185243     INFO  main            d.u.i.k.p.i.AbstractProblemLoader Replaying proof vararg.key 
185244     DEBUG main            d.u.i.k.p.i.IntermediateProofReplayer Proof replay took 7.8ns 
186474     INFO  main            d.u.i.k.p.r.p.TestFile    ... finished proof: closed. 
186861     INFO  main            d.u.i.k.p.i.AbstractProblemLoader Loading environment from /home/runner/work/key/key/key.core/../key.ui/examples/standard_key/java_dl/java5/vararg.key.proof 
186861     DEBUG main            d.u.i.k.p.i.AbstractProblemLoader Environment load took 331.2ns 
186863     INFO  main            d.u.i.k.p.i.AbstractProblemLoader Creating init config 
187671     DEBUG main            d.u.i.k.j.r.ClassPreparationMethodBuilder clPrepBuilder: Inner Class detected. Reject building class initialisation methods. 
189375     DEBUG main            d.u.i.k.p.i.AbstractProblemLoader Init config took 2.51s 
189399     INFO  main            d.u.i.k.p.i.AbstractProblemLoader Replaying proof vararg.key.proof 
189673     DEBUG main            d.u.i.k.p.i.IntermediateProofReplayer Proof replay took 262.93ms 
189674     DEBUG main            d.u.i.k.p.r.p.TestFile    ... success: reloaded. 
189675     INFO  main            d.u.i.k.p.r.p.TestFile    Now processing file /home/runner/work/key/key/key.core/../key.ui/examples/standard_key/java_dl/java5/for_Array.key 
189675     INFO  main            d.u.i.k.p.i.AbstractProblemLoader Loading environment from /home/runner/work/key/key/key.core/../key.ui/examples/standard_key/java_dl/java5/for_Array.key 
189676     DEBUG main            d.u.i.k.p.i.AbstractProblemLoader Environment load took 162.1ns 
189677     INFO  main            d.u.i.k.p.i.AbstractProblemLoader Creating init config 
190475     DEBUG main            d.u.i.k.j.r.ClassPreparationMethodBuilder clPrepBuilder: Inner Class detected. Reject building class initialisation methods. 
192218     DEBUG main            d.u.i.k.p.i.AbstractProblemLoader Init config took 2.54s 
192266     INFO  main            d.u.i.k.p.i.AbstractProblemLoader Replaying proof For[For::sum([I)].JML operation contract.0 
192267     DEBUG main            d.u.i.k.p.i.IntermediateProofReplayer Proof replay took 17.9ns 
192570     INFO  main            d.u.i.k.p.r.p.TestFile    ... finished proof: closed. 
192986     INFO  main            d.u.i.k.p.i.AbstractProblemLoader Loading environment from /home/runner/work/key/key/key.core/../key.ui/examples/standard_key/java_dl/java5/for_Array.key.proof 
192986     DEBUG main            d.u.i.k.p.i.AbstractProblemLoader Environment load took 84.4ns 
192987     INFO  main            d.u.i.k.p.i.AbstractProblemLoader Creating init config 
193777     DEBUG main            d.u.i.k.j.r.ClassPreparationMethodBuilder clPrepBuilder: Inner Class detected. Reject building class initialisation methods. 
195475     DEBUG main            d.u.i.k.p.i.AbstractProblemLoader Init config took 2.49s 
195526     INFO  main            d.u.i.k.p.i.AbstractProblemLoader Replaying proof For[For::sum([I)].JML operation contract.0 
195592     DEBUG main            d.u.i.k.p.i.IntermediateProofReplayer Proof replay took 63.31ms 
195593     DEBUG main            d.u.i.k.p.r.p.TestFile    ... success: reloaded. 
195594     INFO  main            d.u.i.k.p.r.p.TestFile    Now processing file /home/runner/work/key/key/key.core/../key.ui/examples/standard_key/java_dl/java5/for_Iterable.key 
195594     INFO  main            d.u.i.k.p.i.AbstractProblemLoader Loading environment from /home/runner/work/key/key/key.core/../key.ui/examples/standard_key/java_dl/java5/for_Iterable.key 
195594     DEBUG main            d.u.i.k.p.i.AbstractProblemLoader Environment load took 69.4ns 
195595     INFO  main            d.u.i.k.p.i.AbstractProblemLoader Creating init config 
196407     DEBUG main            d.u.i.k.j.r.ClassPreparationMethodBuilder clPrepBuilder: Inner Class detected. Reject building class initialisation methods. 
198117     DEBUG main            d.u.i.k.p.i.AbstractProblemLoader Init config took 2.52s 
198164     INFO  main            d.u.i.k.p.i.AbstractProblemLoader Replaying proof For[For::infiniteLoop(For)].JML operation contract.0 
198165     DEBUG main            d.u.i.k.p.i.IntermediateProofReplayer Proof replay took 7.3ns 
198367     INFO  main            d.u.i.k.p.r.p.TestFile    ... finished proof: closed. 
198731     INFO  main            d.u.i.k.p.i.AbstractProblemLoader Loading environment from /home/runner/work/key/key/key.core/../key.ui/examples/standard_key/java_dl/java5/for_Iterable.key.proof 
198731     DEBUG main            d.u.i.k.p.i.AbstractProblemLoader Environment load took 92.6ns 
198732     INFO  main            d.u.i.k.p.i.AbstractProblemLoader Creating init config 
199520     DEBUG main            d.u.i.k.j.r.ClassPreparationMethodBuilder clPrepBuilder: Inner Class detected. Reject building class initialisation methods. 
201212     DEBUG main            d.u.i.k.p.i.AbstractProblemLoader Init config took 2.48s 
201258     INFO  main            d.u.i.k.p.i.AbstractProblemLoader Replaying proof For[For::infiniteLoop(For)].JML operation contract.0 
201298     DEBUG main            d.u.i.k.p.i.IntermediateProofReplayer Proof replay took 37.04ms 
201299     DEBUG main            d.u.i.k.p.r.p.TestFile    ... success: reloaded. 
201300     INFO  main            d.u.i.k.p.r.p.TestFile    Now processing file /home/runner/work/key/key/key.core/../key.ui/examples/standard_key/java_dl/java5/for_ReferenceArray.key 
201300     INFO  main            d.u.i.k.p.i.AbstractProblemLoader Loading environment from /home/runner/work/key/key/key.core/../key.ui/examples/standard_key/java_dl/java5/for_ReferenceArray.key 
201300     DEBUG main            d.u.i.k.p.i.AbstractProblemLoader Environment load took 41.3ns 
201301     INFO  main            d.u.i.k.p.i.AbstractProblemLoader Creating init config 
202117     DEBUG main            d.u.i.k.j.r.ClassPreparationMethodBuilder clPrepBuilder: Inner Class detected. Reject building class initialisation methods. 
203876     DEBUG main            d.u.i.k.p.i.AbstractProblemLoader Init config took 2.58s 
203923     INFO  main            d.u.i.k.p.i.AbstractProblemLoader Replaying proof ForReferenceArray[ForReferenceArray::foo([Ljava.lang.Object)].JML operation contract.0 
203925     DEBUG main            d.u.i.k.p.i.IntermediateProofReplayer Proof replay took 8ns 
204130     INFO  main            d.u.i.k.p.r.p.TestFile    ... finished proof: closed. 
204529     INFO  main            d.u.i.k.p.i.AbstractProblemLoader Loading environment from /home/runner/work/key/key/key.core/../key.ui/examples/standard_key/java_dl/java5/for_ReferenceArray.key.proof 
204529     DEBUG main            d.u.i.k.p.i.AbstractProblemLoader Environment load took 97.7ns 
204530     INFO  main            d.u.i.k.p.i.AbstractProblemLoader Creating init config 
205322     DEBUG main            d.u.i.k.j.r.ClassPreparationMethodBuilder clPrepBuilder: Inner Class detected. Reject building class initialisation methods. 
207015     DEBUG main            d.u.i.k.p.i.AbstractProblemLoader Init config took 2.48s 
207075     INFO  main            d.u.i.k.p.i.AbstractProblemLoader Replaying proof ForReferenceArray[ForReferenceArray::foo([Ljava.lang.Object)].JML operation contract.0 
207125     DEBUG main            d.u.i.k.p.i.IntermediateProofReplayer Proof replay took 46.78ms 
207128     DEBUG main            d.u.i.k.p.r.p.TestFile    ... success: reloaded. 
207129     INFO  main            d.u.i.k.p.r.p.TestFile    Now processing file /home/runner/work/key/key/key.core/../key.ui/examples/standard_key/java_dl/jml-bigint/cast.key 
207129     INFO  main            d.u.i.k.p.i.AbstractProblemLoader Loading environment from /home/runner/work/key/key/key.core/../key.ui/examples/standard_key/java_dl/jml-bigint/cast.key 
207129     DEBUG main            d.u.i.k.p.i.AbstractProblemLoader Environment load took 161.9ns 
207130     INFO  main            d.u.i.k.p.i.AbstractProblemLoader Creating init config 
209597     DEBUG main            d.u.i.k.p.i.AbstractProblemLoader Init config took 2.47s 
209652     INFO  main            d.u.i.k.p.i.AbstractProblemLoader Replaying proof Mult[Mult::cast()].JML operation contract.0 
209654     DEBUG main            d.u.i.k.p.i.IntermediateProofReplayer Proof replay took 6.7ns 
209758     INFO  main            d.u.i.k.p.r.p.TestFile    ... finished proof: closed. 
210195     INFO  main            d.u.i.k.p.i.AbstractProblemLoader Loading environment from /home/runner/work/key/key/key.core/../key.ui/examples/standard_key/java_dl/jml-bigint/cast.key.proof 
210196     DEBUG main            d.u.i.k.p.i.AbstractProblemLoader Environment load took 98.4ns 
210197     INFO  main            d.u.i.k.p.i.AbstractProblemLoader Creating init config 
212541     DEBUG main            d.u.i.k.p.i.AbstractProblemLoader Init config took 2.34s 
212580     INFO  main            d.u.i.k.p.i.AbstractProblemLoader Replaying proof Mult[Mult::cast()].JML operation contract.0 
212592     DEBUG main            d.u.i.k.p.i.IntermediateProofReplayer Proof replay took 10.13ms 
212593     DEBUG main            d.u.i.k.p.r.p.TestFile    ... success: reloaded. 
212594     INFO  main            d.u.i.k.p.r.p.TestFile    Now processing file /home/runner/work/key/key/key.core/../key.ui/examples/standard_key/java_dl/jml-free/loopInvFree.key 
212600     INFO  main            d.u.i.k.p.i.AbstractProblemLoader Loading environment from /home/runner/work/key/key/key.core/../key.ui/examples/standard_key/java_dl/jml-free/loopInvFree.key 
212600     DEBUG main            d.u.i.k.p.i.AbstractProblemLoader Environment load took 89.8ns 
212601     INFO  main            d.u.i.k.p.i.AbstractProblemLoader Creating init config 
214959     DEBUG main            d.u.i.k.p.i.AbstractProblemLoader Init config took 2.36s 
214992     INFO  main            d.u.i.k.p.i.AbstractProblemLoader Replaying proof LoopInvFree[LoopInvFree::test()].JML operation contract.0 
214993     DEBUG main            d.u.i.k.p.i.IntermediateProofReplayer Proof replay took 8ns 
215195     INFO  main            d.u.i.k.p.r.p.TestFile    ... finished proof: closed. 
215562     INFO  main            d.u.i.k.p.i.AbstractProblemLoader Loading environment from /home/runner/work/key/key/key.core/../key.ui/examples/standard_key/java_dl/jml-free/loopInvFree.key.proof 
215562     DEBUG main            d.u.i.k.p.i.AbstractProblemLoader Environment load took 86.1ns 
215563     INFO  main            d.u.i.k.p.i.AbstractProblemLoader Creating init config 
217884     DEBUG main            d.u.i.k.p.i.AbstractProblemLoader Init config took 2.32s 
217916     INFO  main            d.u.i.k.p.i.AbstractProblemLoader Replaying proof LoopInvFree[LoopInvFree::test()].JML operation contract.0 
217948     DEBUG main            d.u.i.k.p.i.IntermediateProofReplayer Proof replay took 30.08ms 
217949     DEBUG main            d.u.i.k.p.r.p.TestFile    ... success: reloaded. 
217949     INFO  main            d.u.i.k.p.r.p.TestFile    Now processing file /home/runner/work/key/key/key.core/../key.ui/examples/standard_key/java_dl/jml-free/ensuresFree.key 
217950     INFO  main            d.u.i.k.p.i.AbstractProblemLoader Loading environment from /home/runner/work/key/key/key.core/../key.ui/examples/standard_key/java_dl/jml-free/ensuresFree.key 
217950     DEBUG main            d.u.i.k.p.i.AbstractProblemLoader Environment load took 77.8ns 
217950     INFO  main            d.u.i.k.p.i.AbstractProblemLoader Creating init config 
220315     DEBUG main            d.u.i.k.p.i.AbstractProblemLoader Init config took 2.36s 
220349     INFO  main            d.u.i.k.p.i.AbstractProblemLoader Replaying proof EnsuresFree[EnsuresFree::test()].JML operation contract.0 
220350     DEBUG main            d.u.i.k.p.i.IntermediateProofReplayer Proof replay took 8ns 
220452     INFO  main            d.u.i.k.p.r.p.TestFile    ... finished proof: closed. 
220832     INFO  main            d.u.i.k.p.i.AbstractProblemLoader Loading environment from /home/runner/work/key/key/key.core/../key.ui/examples/standard_key/java_dl/jml-free/ensuresFree.key.proof 
220832     DEBUG main            d.u.i.k.p.i.AbstractProblemLoader Environment load took 85ns 
220833     INFO  main            d.u.i.k.p.i.AbstractProblemLoader Creating init config 
223130     DEBUG main            d.u.i.k.p.i.AbstractProblemLoader Init config took 2.3s 
223162     INFO  main            d.u.i.k.p.i.AbstractProblemLoader Replaying proof EnsuresFree[EnsuresFree::test()].JML operation contract.0 
223178     DEBUG main            d.u.i.k.p.i.IntermediateProofReplayer Proof replay took 14.02ms 
223178     DEBUG main            d.u.i.k.p.r.p.TestFile    ... success: reloaded. 
223179     INFO  main            d.u.i.k.p.r.p.TestFile    Now processing file /home/runner/work/key/key/key.core/../key.ui/examples/standard_key/java_dl/jml-information-flow.key 
223179     INFO  main            d.u.i.k.p.i.AbstractProblemLoader Loading environment from /home/runner/work/key/key/key.core/../key.ui/examples/standard_key/java_dl/jml-information-flow.key 
223179     DEBUG main            d.u.i.k.p.i.AbstractProblemLoader Environment load took 59.4ns 
223184     INFO  main            d.u.i.k.p.i.AbstractProblemLoader Creating init config 
225681     DEBUG main            d.u.i.k.p.i.AbstractProblemLoader Init config took 2.5s 
225699     INFO  main            d.u.i.k.p.i.AbstractProblemLoader Replaying proof jml-information-flow.key 
225700     DEBUG main            d.u.i.k.p.i.IntermediateProofReplayer Proof replay took 7ns 
331712     INFO  main            d.u.i.k.p.r.p.TestFile    ... finished proof: closed. 
332300     INFO  main            d.u.i.k.p.i.AbstractProblemLoader Loading environment from /home/runner/work/key/key/key.core/../key.ui/examples/standard_key/java_dl/jml-information-flow.key.proof 
332300     DEBUG main            d.u.i.k.p.i.AbstractProblemLoader Environment load took 155.9ns 
332309     INFO  main            d.u.i.k.p.i.AbstractProblemLoader Creating init config 
334764     DEBUG main            d.u.i.k.p.i.AbstractProblemLoader Init config took 2.46s 
334783     INFO  main            d.u.i.k.p.i.AbstractProblemLoader Replaying proof jml-information-flow.key.proof 
337417     DEBUG main            d.u.i.k.p.i.IntermediateProofReplayer Proof replay took 2.52s 
337484     DEBUG main            d.u.i.k.p.r.p.TestFile    ... success: reloaded. 
337485     INFO  main            d.u.i.k.p.r.p.TestFile    Now processing file /home/runner/work/key/key/key.core/../key.ui/examples/standard_key/java_dl/jml-min/min-unprovable1.key 
337485     INFO  main            d.u.i.k.p.i.AbstractProblemLoader Loading environment from /home/runner/work/key/key/key.core/../key.ui/examples/standard_key/java_dl/jml-min/min-unprovable1.key 
337485     DEBUG main            d.u.i.k.p.i.AbstractProblemLoader Environment load took 86.4ns 
337486     INFO  main            d.u.i.k.p.i.AbstractProblemLoader Creating init config 
340177     DEBUG main            d.u.i.k.p.i.AbstractProblemLoader Init config took 2.69s 
340208     INFO  main            d.u.i.k.p.i.AbstractProblemLoader Replaying proof Min[Min::foo()].JML operation contract.0 
340209     DEBUG main            d.u.i.k.p.i.IntermediateProofReplayer Proof replay took 9.7ns 
340312     INFO  main            d.u.i.k.p.r.p.TestFile    ... finished proof: open goal(s) 
340853     INFO  main            d.u.i.k.p.r.p.TestFile    Now processing file /home/runner/work/key/key/key.core/../key.ui/examples/standard_key/java_dl/jml-min/min-unprovable2.key 
340853     INFO  main            d.u.i.k.p.i.AbstractProblemLoader Loading environment from /home/runner/work/key/key/key.core/../key.ui/examples/standard_key/java_dl/jml-min/min-unprovable2.key 
340853     DEBUG main            d.u.i.k.p.i.AbstractProblemLoader Environment load took 49.4ns 
340854     INFO  main            d.u.i.k.p.i.AbstractProblemLoader Creating init config 
343169     DEBUG main            d.u.i.k.p.i.AbstractProblemLoader Init config took 2.32s 
343201     INFO  main            d.u.i.k.p.i.AbstractProblemLoader Replaying proof Min[Min::foo2()].JML operation contract.0 
343202     DEBUG main            d.u.i.k.p.i.IntermediateProofReplayer Proof replay took 5.6ns 
343304     INFO  main            d.u.i.k.p.r.p.TestFile    ... finished proof: open goal(s) 
343686     INFO  main            d.u.i.k.p.r.p.TestFile    Now processing file /home/runner/work/key/key/key.core/../key.ui/examples/standard_key/java_dl/methodCall.key 
343686     INFO  main            d.u.i.k.p.i.AbstractProblemLoader Loading environment from /home/runner/work/key/key/key.core/../key.ui/examples/standard_key/java_dl/methodCall.key 
343686     DEBUG main            d.u.i.k.p.i.AbstractProblemLoader Environment load took 54.9ns 
343687     INFO  main            d.u.i.k.p.i.AbstractProblemLoader Creating init config 
346000     DEBUG main            d.u.i.k.p.i.AbstractProblemLoader Init config took 2.31s 
346015     INFO  main            d.u.i.k.p.i.AbstractProblemLoader Replaying proof methodCall.key 
346017     DEBUG main            d.u.i.k.p.i.IntermediateProofReplayer Proof replay took 7.1ns 
346119     INFO  main            d.u.i.k.p.r.p.TestFile    ... finished proof: closed. 
346494     INFO  main            d.u.i.k.p.i.AbstractProblemLoader Loading environment from /home/runner/work/key/key/key.core/../key.ui/examples/standard_key/java_dl/methodCall.key.proof 
346494     DEBUG main            d.u.i.k.p.i.AbstractProblemLoader Environment load took 84.8ns 
346495     INFO  main            d.u.i.k.p.i.AbstractProblemLoader Creating init config 
348791     DEBUG main            d.u.i.k.p.i.AbstractProblemLoader Init config took 2.3s 
348805     INFO  main            d.u.i.k.p.i.AbstractProblemLoader Replaying proof methodCall.key.proof 
348808     DEBUG main            d.u.i.k.p.i.IntermediateProofReplayer Proof replay took 1.57ms 
348809     DEBUG main            d.u.i.k.p.r.p.TestFile    ... success: reloaded. 
348809     INFO  main            d.u.i.k.p.r.p.TestFile    Now processing file /home/runner/work/key/key/key.core/../key.ui/examples/standard_key/java_dl/methodCall1.key 
348810     INFO  main            d.u.i.k.p.i.AbstractProblemLoader Loading environment from /home/runner/work/key/key/key.core/../key.ui/examples/standard_key/java_dl/methodCall1.key 
348810     DEBUG main            d.u.i.k.p.i.AbstractProblemLoader Environment load took 51.7ns 
348811     INFO  main            d.u.i.k.p.i.AbstractProblemLoader Creating init config 
351133     DEBUG main            d.u.i.k.p.i.AbstractProblemLoader Init config took 2.32s 
351147     INFO  main            d.u.i.k.p.i.AbstractProblemLoader Replaying proof methodCall1.key 
351148     DEBUG main            d.u.i.k.p.i.IntermediateProofReplayer Proof replay took 6ns 
351250     INFO  main            d.u.i.k.p.r.p.TestFile    ... finished proof: closed. 
351638     INFO  main            d.u.i.k.p.i.AbstractProblemLoader Loading environment from /home/runner/work/key/key/key.core/../key.ui/examples/standard_key/java_dl/methodCall1.key.proof 
351638     DEBUG main            d.u.i.k.p.i.AbstractProblemLoader Environment load took 84.9ns 
351639     INFO  main            d.u.i.k.p.i.AbstractProblemLoader Creating init config 
353945     DEBUG main            d.u.i.k.p.i.AbstractProblemLoader Init config took 2.31s 
353959     INFO  main            d.u.i.k.p.i.AbstractProblemLoader Replaying proof methodCall1.key.proof 
353970     DEBUG main            d.u.i.k.p.i.IntermediateProofReplayer Proof replay took 9.58ms 
353971     DEBUG main            d.u.i.k.p.r.p.TestFile    ... success: reloaded. 
353972     INFO  main            d.u.i.k.p.r.p.TestFile    Now processing file /home/runner/work/key/key/key.core/../key.ui/examples/standard_key/java_dl/methodCall1box.key 
353972     INFO  main            d.u.i.k.p.i.AbstractProblemLoader Loading environment from /home/runner/work/key/key/key.core/../key.ui/examples/standard_key/java_dl/methodCall1box.key 
353972     DEBUG main            d.u.i.k.p.i.AbstractProblemLoader Environment load took 81.6ns 
353973     INFO  main            d.u.i.k.p.i.AbstractProblemLoader Creating init config 
356341     DEBUG main            d.u.i.k.p.i.AbstractProblemLoader Init config took 2.37s 
356355     INFO  main            d.u.i.k.p.i.AbstractProblemLoader Replaying proof methodCall1box.key 
356356     DEBUG main            d.u.i.k.p.i.IntermediateProofReplayer Proof replay took 8.3ns 
356458     INFO  main            d.u.i.k.p.r.p.TestFile    ... finished proof: closed. 
356861     INFO  main            d.u.i.k.p.i.AbstractProblemLoader Loading environment from /home/runner/work/key/key/key.core/../key.ui/examples/standard_key/java_dl/methodCall1box.key.proof 
356861     DEBUG main            d.u.i.k.p.i.AbstractProblemLoader Environment load took 81.6ns 
356862     INFO  main            d.u.i.k.p.i.AbstractProblemLoader Creating init config 
359156     DEBUG main            d.u.i.k.p.i.AbstractProblemLoader Init config took 2.29s 
359170     INFO  main            d.u.i.k.p.i.AbstractProblemLoader Replaying proof methodCall1box.key.proof 
359181     DEBUG main            d.u.i.k.p.i.IntermediateProofReplayer Proof replay took 9.48ms 
359182     DEBUG main            d.u.i.k.p.r.p.TestFile    ... success: reloaded. 
359182     INFO  main            d.u.i.k.p.r.p.TestFile    Now processing file /home/runner/work/key/key/key.core/../key.ui/examples/standard_key/java_dl/methodCall3.key 
359183     INFO  main            d.u.i.k.p.i.AbstractProblemLoader Loading environment from /home/runner/work/key/key/key.core/../key.ui/examples/standard_key/java_dl/methodCall3.key 
359183     DEBUG main            d.u.i.k.p.i.AbstractProblemLoader Environment load took 73.5ns 
359184     INFO  main            d.u.i.k.p.i.AbstractProblemLoader Creating init config 
361509     DEBUG main            d.u.i.k.p.i.AbstractProblemLoader Init config took 2.33s 
361522     INFO  main            d.u.i.k.p.i.AbstractProblemLoader Replaying proof methodCall3.key 
361524     DEBUG main            d.u.i.k.p.i.IntermediateProofReplayer Proof replay took 6.3ns 
361625     INFO  main            d.u.i.k.p.r.p.TestFile    ... finished proof: closed. 
362034     INFO  main            d.u.i.k.p.i.AbstractProblemLoader Loading environment from /home/runner/work/key/key/key.core/../key.ui/examples/standard_key/java_dl/methodCall3.key.proof 
362034     DEBUG main            d.u.i.k.p.i.AbstractProblemLoader Environment load took 87.6ns 
362035     INFO  main            d.u.i.k.p.i.AbstractProblemLoader Creating init config 
364329     DEBUG main            d.u.i.k.p.i.AbstractProblemLoader Init config took 2.29s 
364343     INFO  main            d.u.i.k.p.i.AbstractProblemLoader Replaying proof methodCall3.key.proof 
364351     DEBUG main            d.u.i.k.p.i.IntermediateProofReplayer Proof replay took 6.26ms 
364352     DEBUG main            d.u.i.k.p.r.p.TestFile    ... success: reloaded. 
364352     INFO  main            d.u.i.k.p.r.p.TestFile    Now processing file /home/runner/work/key/key/key.core/../key.ui/examples/standard_key/java_dl/polishFlagSort.key 
364352     INFO  main            d.u.i.k.p.i.AbstractProblemLoader Loading environment from /home/runner/work/key/key/key.core/../key.ui/examples/standard_key/java_dl/polishFlagSort.key 
364353     DEBUG main            d.u.i.k.p.i.AbstractProblemLoader Environment load took 76.6ns 
364354     INFO  main            d.u.i.k.p.i.AbstractProblemLoader Creating init config 
366722     DEBUG main            d.u.i.k.p.i.AbstractProblemLoader Init config took 2.37s 
366737     INFO  main            d.u.i.k.p.i.AbstractProblemLoader Replaying proof polishFlagSort.key 
366739     DEBUG main            d.u.i.k.p.i.IntermediateProofReplayer Proof replay took 6.7ns 
368762     INFO  main            d.u.i.k.p.r.p.TestFile    ... finished proof: closed. 
369219     INFO  main            d.u.i.k.p.i.AbstractProblemLoader Loading environment from /home/runner/work/key/key/key.core/../key.ui/examples/standard_key/java_dl/polishFlagSort.key.proof 
369219     DEBUG main            d.u.i.k.p.i.AbstractProblemLoader Environment load took 95.5ns 
369221     INFO  main            d.u.i.k.p.i.AbstractProblemLoader Creating init config 
371565     DEBUG main            d.u.i.k.p.i.AbstractProblemLoader Init config took 2.34s 
371580     INFO  main            d.u.i.k.p.i.AbstractProblemLoader Replaying proof polishFlagSort.key.proof 
371817     DEBUG main            d.u.i.k.p.i.IntermediateProofReplayer Proof replay took 225.73ms 
371818     DEBUG main            d.u.i.k.p.r.p.TestFile    ... success: reloaded. 
371819     INFO  main            d.u.i.k.p.r.p.TestFile    Now processing file /home/runner/work/key/key/key.core/../key.ui/examples/standard_key/java_dl/postConditionTaclets1.key 
371819     INFO  main            d.u.i.k.p.i.AbstractProblemLoader Loading environment from /home/runner/work/key/key/key.core/../key.ui/examples/standard_key/java_dl/postConditionTaclets1.key 
371820     DEBUG main            d.u.i.k.p.i.AbstractProblemLoader Environment load took 93.7ns 
371820     INFO  main            d.u.i.k.p.i.AbstractProblemLoader Creating init config 
374125     DEBUG main            d.u.i.k.p.i.AbstractProblemLoader Init config took 2.3s 
374139     INFO  main            d.u.i.k.p.i.AbstractProblemLoader Replaying proof postConditionTaclets1.key 
374141     DEBUG main            d.u.i.k.p.i.IntermediateProofReplayer Proof replay took 6.8ns 
374242     INFO  main            d.u.i.k.p.r.p.TestFile    ... finished proof: closed. 
374708     INFO  main            d.u.i.k.p.i.AbstractProblemLoader Loading environment from /home/runner/work/key/key/key.core/../key.ui/examples/standard_key/java_dl/postConditionTaclets1.key.proof 
374708     DEBUG main            d.u.i.k.p.i.AbstractProblemLoader Environment load took 86.8ns 
374709     INFO  main            d.u.i.k.p.i.AbstractProblemLoader Creating init config 
376956     DEBUG main            d.u.i.k.p.i.AbstractProblemLoader Init config took 2.25s 
376970     INFO  main            d.u.i.k.p.i.AbstractProblemLoader Replaying proof postConditionTaclets1.key.proof 
376972     DEBUG main            d.u.i.k.p.i.IntermediateProofReplayer Proof replay took 278ns 
376972     DEBUG main            d.u.i.k.p.r.p.TestFile    ... success: reloaded. 
376973     INFO  main            d.u.i.k.p.r.p.TestFile    Now processing file /home/runner/work/key/key/key.core/../key.ui/examples/standard_key/java_dl/postConditionTaclets2.key 
376973     INFO  main            d.u.i.k.p.i.AbstractProblemLoader Loading environment from /home/runner/work/key/key/key.core/../key.ui/examples/standard_key/java_dl/postConditionTaclets2.key 
376973     DEBUG main            d.u.i.k.p.i.AbstractProblemLoader Environment load took 61ns 
376974     INFO  main            d.u.i.k.p.i.AbstractProblemLoader Creating init config 
379267     DEBUG main            d.u.i.k.p.i.AbstractProblemLoader Init config took 2.29s 
379280     INFO  main            d.u.i.k.p.i.AbstractProblemLoader Replaying proof postConditionTaclets2.key 
379282     DEBUG main            d.u.i.k.p.i.IntermediateProofReplayer Proof replay took 7.7ns 
379389     INFO  main            d.u.i.k.p.r.p.TestFile    ... finished proof: closed. 
379826     INFO  main            d.u.i.k.p.i.AbstractProblemLoader Loading environment from /home/runner/work/key/key/key.core/../key.ui/examples/standard_key/java_dl/postConditionTaclets2.key.proof 
379826     DEBUG main            d.u.i.k.p.i.AbstractProblemLoader Environment load took 105.2ns 
379827     INFO  main            d.u.i.k.p.i.AbstractProblemLoader Creating init config 
382078     DEBUG main            d.u.i.k.p.i.AbstractProblemLoader Init config took 2.25s 
382092     INFO  main            d.u.i.k.p.i.AbstractProblemLoader Replaying proof postConditionTaclets2.key.proof 
382094     DEBUG main            d.u.i.k.p.i.IntermediateProofReplayer Proof replay took 496.11ns 
382095     DEBUG main            d.u.i.k.p.r.p.TestFile    ... success: reloaded. 
382096     INFO  main            d.u.i.k.p.r.p.TestFile    Now processing file /home/runner/work/key/key/key.core/../key.ui/examples/standard_key/java_dl/quantifiedQuery.key 
382096     INFO  main            d.u.i.k.p.i.AbstractProblemLoader Loading environment from /home/runner/work/key/key/key.core/../key.ui/examples/standard_key/java_dl/quantifiedQuery.key 
382096     DEBUG main            d.u.i.k.p.i.AbstractProblemLoader Environment load took 73.1ns 
382097     INFO  main            d.u.i.k.p.i.AbstractProblemLoader Creating init config 
384445     DEBUG main            d.u.i.k.p.i.AbstractProblemLoader Init config took 2.35s 
384459     INFO  main            d.u.i.k.p.i.AbstractProblemLoader Replaying proof quantifiedQuery.key 
384461     DEBUG main            d.u.i.k.p.i.IntermediateProofReplayer Proof replay took 6.3ns 
384563     INFO  main            d.u.i.k.p.r.p.TestFile    ... finished proof: closed. 
384991     INFO  main            d.u.i.k.p.i.AbstractProblemLoader Loading environment from /home/runner/work/key/key/key.core/../key.ui/examples/standard_key/java_dl/quantifiedQuery.key.proof 
384991     DEBUG main            d.u.i.k.p.i.AbstractProblemLoader Environment load took 84.2ns 
384992     INFO  main            d.u.i.k.p.i.AbstractProblemLoader Creating init config 
387331     DEBUG main            d.u.i.k.p.i.AbstractProblemLoader Init config took 2.34s 
387345     INFO  main            d.u.i.k.p.i.AbstractProblemLoader Replaying proof quantifiedQuery.key.proof 
387354     DEBUG main            d.u.i.k.p.i.IntermediateProofReplayer Proof replay took 7.29ms 
387355     DEBUG main            d.u.i.k.p.r.p.TestFile    ... success: reloaded. 
387356     INFO  main            d.u.i.k.p.r.p.TestFile    Now processing file /home/runner/work/key/key/key.core/../key.ui/examples/standard_key/java_dl/recursion/triangular.key 
387357     INFO  main            d.u.i.k.p.i.AbstractProblemLoader Loading environment from /home/runner/work/key/key/key.core/../key.ui/examples/standard_key/java_dl/recursion/triangular.key 
387357     DEBUG main            d.u.i.k.p.i.AbstractProblemLoader Environment load took 170.4ns 
387357     INFO  main            d.u.i.k.p.i.AbstractProblemLoader Creating init config 
389682     DEBUG main            d.u.i.k.p.i.AbstractProblemLoader Init config took 2.32s 
389731     INFO  main            d.u.i.k.p.i.AbstractProblemLoader Replaying proof Triangular[Triangular::tria(int)].JML normal_behavior operation contract.0 
389732     DEBUG main            d.u.i.k.p.i.IntermediateProofReplayer Proof replay took 6.1ns 
389934     INFO  main            d.u.i.k.p.r.p.TestFile    ... finished proof: closed. 
390382     INFO  main            d.u.i.k.p.i.AbstractProblemLoader Loading environment from /home/runner/work/key/key/key.core/../key.ui/examples/standard_key/java_dl/recursion/triangular.key.proof 
390382     DEBUG main            d.u.i.k.p.i.AbstractProblemLoader Environment load took 96.9ns 
390383     INFO  main            d.u.i.k.p.i.AbstractProblemLoader Creating init config 
392681     DEBUG main            d.u.i.k.p.i.AbstractProblemLoader Init config took 2.3s 
392712     INFO  main            d.u.i.k.p.i.AbstractProblemLoader Replaying proof Triangular[Triangular::tria(int)].JML normal_behavior operation contract.0 
392735     DEBUG main            d.u.i.k.p.i.IntermediateProofReplayer Proof replay took 21.15ms 
392736     DEBUG main            d.u.i.k.p.r.p.TestFile    ... success: reloaded. 
392736     INFO  main            d.u.i.k.p.r.p.TestFile    Now processing file /home/runner/work/key/key/key.core/../key.ui/examples/standard_key/java_dl/reverseArray.key 
392736     INFO  main            d.u.i.k.p.i.AbstractProblemLoader Loading environment from /home/runner/work/key/key/key.core/../key.ui/examples/standard_key/java_dl/reverseArray.key 
392737     DEBUG main            d.u.i.k.p.i.AbstractProblemLoader Environment load took 68ns 
392738     INFO  main            d.u.i.k.p.i.AbstractProblemLoader Creating init config 
392758     WARN  main            d.u.i.k.j.r.KeYCrossReferenceNameInfo Datatype java.lang.System declared twice: Once in FILE:/home/runner/work/key/key/key.core/../key.ui/examples/standard_key/java_dl/./classpath/System.java and once in URL:file:/home/runner/work/key/key/key.core/build/resources/main/de/uka/ilkd/key/java/JavaRedux/java/lang/System.java, Keeping one from URL:file:/home/runner/work/key/key/key.core/build/resources/main/de/uka/ilkd/key/java/JavaRedux/java/lang/System.java 
392759     WARN  main            d.u.i.k.j.r.KeYCrossReferenceNameInfo Datatype java.io.PrintStream declared twice: Once in FILE:/home/runner/work/key/key/key.core/../key.ui/examples/standard_key/java_dl/./classpath/PrintStream.java and once in URL:file:/home/runner/work/key/key/key.core/build/resources/main/de/uka/ilkd/key/java/JavaRedux/java/io/PrintStream.java, Keeping one from URL:file:/home/runner/work/key/key/key.core/build/resources/main/de/uka/ilkd/key/java/JavaRedux/java/io/PrintStream.java 
392759     WARN  main            d.u.i.k.j.r.KeYCrossReferenceNameInfo Datatype java.io.InputStream declared twice: Once in FILE:/home/runner/work/key/key/key.core/../key.ui/examples/standard_key/java_dl/./classpath/InputStream.java and once in URL:file:/home/runner/work/key/key/key.core/build/resources/main/de/uka/ilkd/key/java/JavaRedux/java/io/InputStream.java, Keeping one from URL:file:/home/runner/work/key/key/key.core/build/resources/main/de/uka/ilkd/key/java/JavaRedux/java/io/InputStream.java 
392761     DEBUG main            d.u.i.k.j.r.ClassFileDeclarationBuilder Parsing: package java.io; public class Closeable { } 
392762     DEBUG main            r.s.KeYCrossReferenceSourceInfo Dynamically created class: java.io.Closeable 
395185     DEBUG main            d.u.i.k.p.i.AbstractProblemLoader Init config took 2.45s 
395206     INFO  main            d.u.i.k.p.i.AbstractProblemLoader Replaying proof reverseArray.key 
395208     DEBUG main            d.u.i.k.p.i.IntermediateProofReplayer Proof replay took 7.1ns 
399328     INFO  main            d.u.i.k.p.r.p.TestFile    ... finished proof: closed. 
399809     INFO  main            d.u.i.k.p.i.AbstractProblemLoader Loading environment from /home/runner/work/key/key/key.core/../key.ui/examples/standard_key/java_dl/reverseArray.key.proof 
399809     DEBUG main            d.u.i.k.p.i.AbstractProblemLoader Environment load took 332.7ns 
399811     INFO  main            d.u.i.k.p.i.AbstractProblemLoader Creating init config 
399832     WARN  main            d.u.i.k.j.r.KeYCrossReferenceNameInfo Datatype java.lang.System declared twice: Once in FILE:/home/runner/work/key/key/key.core/../key.ui/examples/standard_key/java_dl/classpath/System.java and once in URL:file:/home/runner/work/key/key/key.core/build/resources/main/de/uka/ilkd/key/java/JavaRedux/java/lang/System.java, Keeping one from URL:file:/home/runner/work/key/key/key.core/build/resources/main/de/uka/ilkd/key/java/JavaRedux/java/lang/System.java 
399832     WARN  main            d.u.i.k.j.r.KeYCrossReferenceNameInfo Datatype java.io.PrintStream declared twice: Once in FILE:/home/runner/work/key/key/key.core/../key.ui/examples/standard_key/java_dl/classpath/PrintStream.java and once in URL:file:/home/runner/work/key/key/key.core/build/resources/main/de/uka/ilkd/key/java/JavaRedux/java/io/PrintStream.java, Keeping one from URL:file:/home/runner/work/key/key/key.core/build/resources/main/de/uka/ilkd/key/java/JavaRedux/java/io/PrintStream.java 
399833     WARN  main            d.u.i.k.j.r.KeYCrossReferenceNameInfo Datatype java.io.InputStream declared twice: Once in FILE:/home/runner/work/key/key/key.core/../key.ui/examples/standard_key/java_dl/classpath/InputStream.java and once in URL:file:/home/runner/work/key/key/key.core/build/resources/main/de/uka/ilkd/key/java/JavaRedux/java/io/InputStream.java, Keeping one from URL:file:/home/runner/work/key/key/key.core/build/resources/main/de/uka/ilkd/key/java/JavaRedux/java/io/InputStream.java 
399836     DEBUG main            d.u.i.k.j.r.ClassFileDeclarationBuilder Parsing: package java.io; public class Closeable { } 
399836     DEBUG main            r.s.KeYCrossReferenceSourceInfo Dynamically created class: java.io.Closeable 
402177     DEBUG main            d.u.i.k.p.i.AbstractProblemLoader Init config took 2.37s 
402192     INFO  main            d.u.i.k.p.i.AbstractProblemLoader Replaying proof reverseArray.key.proof 
402599     DEBUG main            d.u.i.k.p.i.IntermediateProofReplayer Proof replay took 394.35ms 
402601     DEBUG main            d.u.i.k.p.r.p.TestFile    ... success: reloaded. 
402602     INFO  main            d.u.i.k.p.r.p.TestFile    Now processing file /home/runner/work/key/key/key.core/../key.ui/examples/standard_key/java_dl/reverseArray2.key 
402602     INFO  main            d.u.i.k.p.i.AbstractProblemLoader Loading environment from /home/runner/work/key/key/key.core/../key.ui/examples/standard_key/java_dl/reverseArray2.key 
402602     DEBUG main            d.u.i.k.p.i.AbstractProblemLoader Environment load took 79.1ns 
402604     INFO  main            d.u.i.k.p.i.AbstractProblemLoader Creating init config 
402624     WARN  main            d.u.i.k.j.r.KeYCrossReferenceNameInfo Datatype java.lang.System declared twice: Once in FILE:/home/runner/work/key/key/key.core/../key.ui/examples/standard_key/java_dl/classpath/System.java and once in URL:file:/home/runner/work/key/key/key.core/build/resources/main/de/uka/ilkd/key/java/JavaRedux/java/lang/System.java, Keeping one from URL:file:/home/runner/work/key/key/key.core/build/resources/main/de/uka/ilkd/key/java/JavaRedux/java/lang/System.java 
402624     WARN  main            d.u.i.k.j.r.KeYCrossReferenceNameInfo Datatype java.io.PrintStream declared twice: Once in FILE:/home/runner/work/key/key/key.core/../key.ui/examples/standard_key/java_dl/classpath/PrintStream.java and once in URL:file:/home/runner/work/key/key/key.core/build/resources/main/de/uka/ilkd/key/java/JavaRedux/java/io/PrintStream.java, Keeping one from URL:file:/home/runner/work/key/key/key.core/build/resources/main/de/uka/ilkd/key/java/JavaRedux/java/io/PrintStream.java 
402624     WARN  main            d.u.i.k.j.r.KeYCrossReferenceNameInfo Datatype java.io.InputStream declared twice: Once in FILE:/home/runner/work/key/key/key.core/../key.ui/examples/standard_key/java_dl/classpath/InputStream.java and once in URL:file:/home/runner/work/key/key/key.core/build/resources/main/de/uka/ilkd/key/java/JavaRedux/java/io/InputStream.java, Keeping one from URL:file:/home/runner/work/key/key/key.core/build/resources/main/de/uka/ilkd/key/java/JavaRedux/java/io/InputStream.java 
402627     DEBUG main            d.u.i.k.j.r.ClassFileDeclarationBuilder Parsing: package java.io; public class Closeable { } 
402627     DEBUG main            r.s.KeYCrossReferenceSourceInfo Dynamically created class: java.io.Closeable 
405079     DEBUG main            d.u.i.k.p.i.AbstractProblemLoader Init config took 2.48s 
405096     INFO  main            d.u.i.k.p.i.AbstractProblemLoader Replaying proof reverseArray2.key 
405098     DEBUG main            d.u.i.k.p.i.IntermediateProofReplayer Proof replay took 72.2ns 
406404     INFO  main            d.u.i.k.p.r.p.TestFile    ... finished proof: closed. 
406938     INFO  main            d.u.i.k.p.i.AbstractProblemLoader Loading environment from /home/runner/work/key/key/key.core/../key.ui/examples/standard_key/java_dl/reverseArray2.key.proof 
406939     DEBUG main            d.u.i.k.p.i.AbstractProblemLoader Environment load took 322.61ns 
406941     INFO  main            d.u.i.k.p.i.AbstractProblemLoader Creating init config 
406962     WARN  main            d.u.i.k.j.r.KeYCrossReferenceNameInfo Datatype java.lang.System declared twice: Once in FILE:/home/runner/work/key/key/key.core/../key.ui/examples/standard_key/java_dl/classpath/System.java and once in URL:file:/home/runner/work/key/key/key.core/build/resources/main/de/uka/ilkd/key/java/JavaRedux/java/lang/System.java, Keeping one from URL:file:/home/runner/work/key/key/key.core/build/resources/main/de/uka/ilkd/key/java/JavaRedux/java/lang/System.java 
406963     WARN  main            d.u.i.k.j.r.KeYCrossReferenceNameInfo Datatype java.io.PrintStream declared twice: Once in FILE:/home/runner/work/key/key/key.core/../key.ui/examples/standard_key/java_dl/classpath/PrintStream.java and once in URL:file:/home/runner/work/key/key/key.core/build/resources/main/de/uka/ilkd/key/java/JavaRedux/java/io/PrintStream.java, Keeping one from URL:file:/home/runner/work/key/key/key.core/build/resources/main/de/uka/ilkd/key/java/JavaRedux/java/io/PrintStream.java 
406963     WARN  main            d.u.i.k.j.r.KeYCrossReferenceNameInfo Datatype java.io.InputStream declared twice: Once in FILE:/home/runner/work/key/key/key.core/../key.ui/examples/standard_key/java_dl/classpath/InputStream.java and once in URL:file:/home/runner/work/key/key/key.core/build/resources/main/de/uka/ilkd/key/java/JavaRedux/java/io/InputStream.java, Keeping one from URL:file:/home/runner/work/key/key/key.core/build/resources/main/de/uka/ilkd/key/java/JavaRedux/java/io/InputStream.java 
406967     DEBUG main            d.u.i.k.j.r.ClassFileDeclarationBuilder Parsing: package java.io; public class Closeable { } 
406967     DEBUG main            r.s.KeYCrossReferenceSourceInfo Dynamically created class: java.io.Closeable 
409375     DEBUG main            d.u.i.k.p.i.AbstractProblemLoader Init config took 2.43s 
409390     INFO  main            d.u.i.k.p.i.AbstractProblemLoader Replaying proof reverseArray2.key.proof 
409536     DEBUG main            d.u.i.k.p.i.IntermediateProofReplayer Proof replay took 141.16ms 
409538     DEBUG main            d.u.i.k.p.r.p.TestFile    ... success: reloaded. 
409539     INFO  main            d.u.i.k.p.r.p.TestFile    Now processing file /home/runner/work/key/key/key.core/../key.ui/examples/standard_key/java_dl/simpleAssignment.key 
409539     INFO  main            d.u.i.k.p.i.AbstractProblemLoader Loading environment from /home/runner/work/key/key/key.core/../key.ui/examples/standard_key/java_dl/simpleAssignment.key 
409540     DEBUG main            d.u.i.k.p.i.AbstractProblemLoader Environment load took 193.7ns 
409540     INFO  main            d.u.i.k.p.i.AbstractProblemLoader Creating init config 
411817     DEBUG main            d.u.i.k.p.i.AbstractProblemLoader Init config took 2.28s 
411830     INFO  main            d.u.i.k.p.i.AbstractProblemLoader Replaying proof simpleAssignment.key 
411832     DEBUG main            d.u.i.k.p.i.IntermediateProofReplayer Proof replay took 2.8ns 
411933     INFO  main            d.u.i.k.p.r.p.TestFile    ... finished proof: closed. 
412436     INFO  main            d.u.i.k.p.i.AbstractProblemLoader Loading environment from /home/runner/work/key/key/key.core/../key.ui/examples/standard_key/java_dl/simpleAssignment.key.proof 
412436     DEBUG main            d.u.i.k.p.i.AbstractProblemLoader Environment load took 91.2ns 
412437     INFO  main            d.u.i.k.p.i.AbstractProblemLoader Creating init config 
414672     DEBUG main            d.u.i.k.p.i.AbstractProblemLoader Init config took 2.24s 
414686     INFO  main            d.u.i.k.p.i.AbstractProblemLoader Replaying proof simpleAssignment.key.proof 
414688     DEBUG main            d.u.i.k.p.i.IntermediateProofReplayer Proof replay took 551.31ns 
414688     DEBUG main            d.u.i.k.p.r.p.TestFile    ... success: reloaded. 
414689     INFO  main            d.u.i.k.p.r.p.TestFile    Now processing file /home/runner/work/key/key/key.core/../key.ui/examples/standard_key/java_dl/simpleAssignment2.key 
414689     INFO  main            d.u.i.k.p.i.AbstractProblemLoader Loading environment from /home/runner/work/key/key/key.core/../key.ui/examples/standard_key/java_dl/simpleAssignment2.key 
414689     DEBUG main            d.u.i.k.p.i.AbstractProblemLoader Environment load took 45.4ns 
414690     INFO  main            d.u.i.k.p.i.AbstractProblemLoader Creating init config 
416941     DEBUG main            d.u.i.k.p.i.AbstractProblemLoader Init config took 2.25s 
416955     INFO  main            d.u.i.k.p.i.AbstractProblemLoader Replaying proof simpleAssignment2.key 
416956     DEBUG main            d.u.i.k.p.i.IntermediateProofReplayer Proof replay took 2.7ns 
417058     INFO  main            d.u.i.k.p.r.p.TestFile    ... finished proof: closed. 
417521     INFO  main            d.u.i.k.p.i.AbstractProblemLoader Loading environment from /home/runner/work/key/key/key.core/../key.ui/examples/standard_key/java_dl/simpleAssignment2.key.proof 
417521     DEBUG main            d.u.i.k.p.i.AbstractProblemLoader Environment load took 81.4ns 
417522     INFO  main            d.u.i.k.p.i.AbstractProblemLoader Creating init config 
419759     DEBUG main            d.u.i.k.p.i.AbstractProblemLoader Init config took 2.24s 
419773     INFO  main            d.u.i.k.p.i.AbstractProblemLoader Replaying proof simpleAssignment2.key.proof 
419775     DEBUG main            d.u.i.k.p.i.IntermediateProofReplayer Proof replay took 393.81ns 
419776     DEBUG main            d.u.i.k.p.r.p.TestFile    ... success: reloaded. 
419776     INFO  main            d.u.i.k.p.r.p.TestFile    Now processing file /home/runner/work/key/key/key.core/../key.ui/examples/standard_key/java_dl/splittingWithQueries.key 
419776     INFO  main            d.u.i.k.p.i.AbstractProblemLoader Loading environment from /home/runner/work/key/key/key.core/../key.ui/examples/standard_key/java_dl/splittingWithQueries.key 
419776     DEBUG main            d.u.i.k.p.i.AbstractProblemLoader Environment load took 45.4ns 
419777     INFO  main            d.u.i.k.p.i.AbstractProblemLoader Creating init config 
422111     DEBUG main            d.u.i.k.p.i.AbstractProblemLoader Init config took 2.33s 
422124     INFO  main            d.u.i.k.p.i.AbstractProblemLoader Replaying proof splittingWithQueries.key 
422125     DEBUG main            d.u.i.k.p.i.IntermediateProofReplayer Proof replay took 2.8ns 
422227     INFO  main            d.u.i.k.p.r.p.TestFile    ... finished proof: closed. 
422700     INFO  main            d.u.i.k.p.i.AbstractProblemLoader Loading environment from /home/runner/work/key/key/key.core/../key.ui/examples/standard_key/java_dl/splittingWithQueries.key.proof 
422700     DEBUG main            d.u.i.k.p.i.AbstractProblemLoader Environment load took 89.9ns 
422701     INFO  main            d.u.i.k.p.i.AbstractProblemLoader Creating init config 
424994     DEBUG main            d.u.i.k.p.i.AbstractProblemLoader Init config took 2.29s 
425007     INFO  main            d.u.i.k.p.i.AbstractProblemLoader Replaying proof splittingWithQueries.key.proof 
425010     DEBUG main            d.u.i.k.p.i.IntermediateProofReplayer Proof replay took 1.16ms 
425011     DEBUG main            d.u.i.k.p.r.p.TestFile    ... success: reloaded. 
425012     INFO  main            d.u.i.k.p.r.p.TestFile    Now processing file /home/runner/work/key/key/key.core/../key.ui/examples/standard_key/java_dl/strassen/strassen.key 
425012     INFO  main            d.u.i.k.p.i.AbstractProblemLoader Loading environment from /home/runner/work/key/key/key.core/../key.ui/examples/standard_key/java_dl/strassen/strassen.key 
425012     DEBUG main            d.u.i.k.p.i.AbstractProblemLoader Environment load took 148.5ns 
425013     INFO  main            d.u.i.k.p.i.AbstractProblemLoader Creating init config 
427413     DEBUG main            d.u.i.k.p.i.AbstractProblemLoader Init config took 2.4s 
427449     INFO  main            d.u.i.k.p.i.AbstractProblemLoader Replaying proof Matrix22[Matrix22::strassen(Matrix22,Matrix22)].JML normal_behavior operation contract.0 
427451     DEBUG main            d.u.i.k.p.i.IntermediateProofReplayer Proof replay took 2.5ns 
431863     INFO  main            d.u.i.k.p.r.p.TestFile    ... finished proof: closed. 
432478     INFO  main            d.u.i.k.p.i.AbstractProblemLoader Loading environment from /home/runner/work/key/key/key.core/../key.ui/examples/standard_key/java_dl/strassen/strassen.key.proof 
432478     DEBUG main            d.u.i.k.p.i.AbstractProblemLoader Environment load took 94ns 
432479     INFO  main            d.u.i.k.p.i.AbstractProblemLoader Creating init config 
434847     DEBUG main            d.u.i.k.p.i.AbstractProblemLoader Init config took 2.37s 
434880     INFO  main            d.u.i.k.p.i.AbstractProblemLoader Replaying proof Matrix22[Matrix22::strassen(Matrix22,Matrix22)].JML normal_behavior operation contract.0 
435273     DEBUG main            d.u.i.k.p.i.IntermediateProofReplayer Proof replay took 382.99ms 
435275     DEBUG main            d.u.i.k.p.r.p.TestFile    ... success: reloaded. 
435276     INFO  main            d.u.i.k.p.r.p.TestFile    Now processing file /home/runner/work/key/key/key.core/../key.ui/examples/standard_key/java_dl/symmArray.key 
435276     INFO  main            d.u.i.k.p.i.AbstractProblemLoader Loading environment from /home/runner/work/key/key/key.core/../key.ui/examples/standard_key/java_dl/symmArray.key 
435276     DEBUG main            d.u.i.k.p.i.AbstractProblemLoader Environment load took 48.7ns 
435279     INFO  main            d.u.i.k.p.i.AbstractProblemLoader Creating init config 
437735     DEBUG main            d.u.i.k.p.i.AbstractProblemLoader Init config took 2.46s 
437750     INFO  main            d.u.i.k.p.i.AbstractProblemLoader Replaying proof symmArray.key 
437751     DEBUG main            d.u.i.k.p.i.IntermediateProofReplayer Proof replay took 2.9ns 
512343     INFO  main            d.u.i.k.p.r.p.TestFile    ... finished proof: closed. 
512929     INFO  main            d.u.i.k.p.i.AbstractProblemLoader Loading environment from /home/runner/work/key/key/key.core/../key.ui/examples/standard_key/java_dl/symmArray.key.proof 
512930     DEBUG main            d.u.i.k.p.i.AbstractProblemLoader Environment load took 338.4ns 
512935     INFO  main            d.u.i.k.p.i.AbstractProblemLoader Creating init config 
515299     DEBUG main            d.u.i.k.p.i.AbstractProblemLoader Init config took 2.36s 
515315     INFO  main            d.u.i.k.p.i.AbstractProblemLoader Replaying proof symmArray.key.proof 
516153     DEBUG main            d.u.i.k.p.i.IntermediateProofReplayer Proof replay took 787.36ms 
516158     DEBUG main            d.u.i.k.p.r.p.TestFile    ... success: reloaded. 
516159     INFO  main            d.u.i.k.p.r.p.TestFile    Now processing file /home/runner/work/key/key/key.core/../key.ui/examples/standard_key/java_dl/testcontext.key 
516159     INFO  main            d.u.i.k.p.i.AbstractProblemLoader Loading environment from /home/runner/work/key/key/key.core/../key.ui/examples/standard_key/java_dl/testcontext.key 
516159     DEBUG main            d.u.i.k.p.i.AbstractProblemLoader Environment load took 80.1ns 
516160     INFO  main            d.u.i.k.p.i.AbstractProblemLoader Creating init config 
516180     WARN  main            d.u.i.k.j.r.KeYCrossReferenceNameInfo Datatype java.lang.System declared twice: Once in FILE:/home/runner/work/key/key/key.core/../key.ui/examples/standard_key/java_dl/classpath/System.java and once in URL:file:/home/runner/work/key/key/key.core/build/resources/main/de/uka/ilkd/key/java/JavaRedux/java/lang/System.java, Keeping one from URL:file:/home/runner/work/key/key/key.core/build/resources/main/de/uka/ilkd/key/java/JavaRedux/java/lang/System.java 
516180     WARN  main            d.u.i.k.j.r.KeYCrossReferenceNameInfo Datatype java.io.PrintStream declared twice: Once in FILE:/home/runner/work/key/key/key.core/../key.ui/examples/standard_key/java_dl/classpath/PrintStream.java and once in URL:file:/home/runner/work/key/key/key.core/build/resources/main/de/uka/ilkd/key/java/JavaRedux/java/io/PrintStream.java, Keeping one from URL:file:/home/runner/work/key/key/key.core/build/resources/main/de/uka/ilkd/key/java/JavaRedux/java/io/PrintStream.java 
516180     WARN  main            d.u.i.k.j.r.KeYCrossReferenceNameInfo Datatype java.io.InputStream declared twice: Once in FILE:/home/runner/work/key/key/key.core/../key.ui/examples/standard_key/java_dl/classpath/InputStream.java and once in URL:file:/home/runner/work/key/key/key.core/build/resources/main/de/uka/ilkd/key/java/JavaRedux/java/io/InputStream.java, Keeping one from URL:file:/home/runner/work/key/key/key.core/build/resources/main/de/uka/ilkd/key/java/JavaRedux/java/io/InputStream.java 
516183     DEBUG main            d.u.i.k.j.r.ClassFileDeclarationBuilder Parsing: package java.io; public class Closeable { } 
516183     DEBUG main            r.s.KeYCrossReferenceSourceInfo Dynamically created class: java.io.Closeable 
518623     DEBUG main            d.u.i.k.p.i.AbstractProblemLoader Init config took 2.46s 
518637     INFO  main            d.u.i.k.p.i.AbstractProblemLoader Replaying proof testcontext.key 
518639     DEBUG main            d.u.i.k.p.i.IntermediateProofReplayer Proof replay took 2.7ns 
518942     INFO  main            d.u.i.k.p.r.p.TestFile    ... finished proof: closed. 
519594     INFO  main            d.u.i.k.p.i.AbstractProblemLoader Loading environment from /home/runner/work/key/key/key.core/../key.ui/examples/standard_key/java_dl/testcontext.key.proof 
519594     DEBUG main            d.u.i.k.p.i.AbstractProblemLoader Environment load took 87.2ns 
519595     INFO  main            d.u.i.k.p.i.AbstractProblemLoader Creating init config 
519615     WARN  main            d.u.i.k.j.r.KeYCrossReferenceNameInfo Datatype java.lang.System declared twice: Once in FILE:/home/runner/work/key/key/key.core/../key.ui/examples/standard_key/java_dl/classpath/System.java and once in URL:file:/home/runner/work/key/key/key.core/build/resources/main/de/uka/ilkd/key/java/JavaRedux/java/lang/System.java, Keeping one from URL:file:/home/runner/work/key/key/key.core/build/resources/main/de/uka/ilkd/key/java/JavaRedux/java/lang/System.java 
519615     WARN  main            d.u.i.k.j.r.KeYCrossReferenceNameInfo Datatype java.io.PrintStream declared twice: Once in FILE:/home/runner/work/key/key/key.core/../key.ui/examples/standard_key/java_dl/classpath/PrintStream.java and once in URL:file:/home/runner/work/key/key/key.core/build/resources/main/de/uka/ilkd/key/java/JavaRedux/java/io/PrintStream.java, Keeping one from URL:file:/home/runner/work/key/key/key.core/build/resources/main/de/uka/ilkd/key/java/JavaRedux/java/io/PrintStream.java 
519615     WARN  main            d.u.i.k.j.r.KeYCrossReferenceNameInfo Datatype java.io.InputStream declared twice: Once in FILE:/home/runner/work/key/key/key.core/../key.ui/examples/standard_key/java_dl/classpath/InputStream.java and once in URL:file:/home/runner/work/key/key/key.core/build/resources/main/de/uka/ilkd/key/java/JavaRedux/java/io/InputStream.java, Keeping one from URL:file:/home/runner/work/key/key/key.core/build/resources/main/de/uka/ilkd/key/java/JavaRedux/java/io/InputStream.java 
519619     DEBUG main            d.u.i.k.j.r.ClassFileDeclarationBuilder Parsing: package java.io; public class Closeable { } 
519619     DEBUG main            r.s.KeYCrossReferenceSourceInfo Dynamically created class: java.io.Closeable 
521964     DEBUG main            d.u.i.k.p.i.AbstractProblemLoader Init config took 2.37s 
521977     INFO  main            d.u.i.k.p.i.AbstractProblemLoader Replaying proof testcontext.key.proof 
522019     DEBUG main            d.u.i.k.p.i.IntermediateProofReplayer Proof replay took 38.56ms 
522020     DEBUG main            d.u.i.k.p.r.p.TestFile    ... success: reloaded. 
522020     INFO  main            d.u.i.k.p.r.p.TestFile    Now processing file /home/runner/work/key/key/key.core/../key.ui/examples/standard_key/staticInitialisation/cascadeStaticInitialisation.key 
522020     INFO  main            d.u.i.k.p.i.AbstractProblemLoader Loading environment from /home/runner/work/key/key/key.core/../key.ui/examples/standard_key/staticInitialisation/cascadeStaticInitialisation.key 
522021     DEBUG main            d.u.i.k.p.i.AbstractProblemLoader Environment load took 54ns 
522023     INFO  main            d.u.i.k.p.i.AbstractProblemLoader Creating init config 
522041     WARN  main            d.u.i.k.j.r.KeYCrossReferenceNameInfo Datatype java.lang.System declared twice: Once in FILE:/home/runner/work/key/key/key.core/../key.ui/examples/standard_key/staticInitialisation/classpath/System.java and once in URL:file:/home/runner/work/key/key/key.core/build/resources/main/de/uka/ilkd/key/java/JavaRedux/java/lang/System.java, Keeping one from URL:file:/home/runner/work/key/key/key.core/build/resources/main/de/uka/ilkd/key/java/JavaRedux/java/lang/System.java 
522041     WARN  main            d.u.i.k.j.r.KeYCrossReferenceNameInfo Datatype java.io.PrintStream declared twice: Once in FILE:/home/runner/work/key/key/key.core/../key.ui/examples/standard_key/staticInitialisation/classpath/PrintStream.java and once in URL:file:/home/runner/work/key/key/key.core/build/resources/main/de/uka/ilkd/key/java/JavaRedux/java/io/PrintStream.java, Keeping one from URL:file:/home/runner/work/key/key/key.core/build/resources/main/de/uka/ilkd/key/java/JavaRedux/java/io/PrintStream.java 
524386     DEBUG main            d.u.i.k.p.i.AbstractProblemLoader Init config took 2.36s 
524400     INFO  main            d.u.i.k.p.i.AbstractProblemLoader Replaying proof cascadeStaticInitialisation.key 
524401     DEBUG main            d.u.i.k.p.i.IntermediateProofReplayer Proof replay took 2.5ns 
525006     INFO  main            d.u.i.k.p.r.p.TestFile    ... finished proof: closed. 
525549     INFO  main            d.u.i.k.p.i.AbstractProblemLoader Loading environment from /home/runner/work/key/key/key.core/../key.ui/examples/standard_key/staticInitialisation/cascadeStaticInitialisation.key.proof 
525549     DEBUG main            d.u.i.k.p.i.AbstractProblemLoader Environment load took 95.8ns 
525550     INFO  main            d.u.i.k.p.i.AbstractProblemLoader Creating init config 
525573     WARN  main            d.u.i.k.j.r.KeYCrossReferenceNameInfo Datatype java.lang.System declared twice: Once in FILE:/home/runner/work/key/key/key.core/../key.ui/examples/standard_key/staticInitialisation/classpath/System.java and once in URL:file:/home/runner/work/key/key/key.core/build/resources/main/de/uka/ilkd/key/java/JavaRedux/java/lang/System.java, Keeping one from URL:file:/home/runner/work/key/key/key.core/build/resources/main/de/uka/ilkd/key/java/JavaRedux/java/lang/System.java 
525573     WARN  main            d.u.i.k.j.r.KeYCrossReferenceNameInfo Datatype java.io.PrintStream declared twice: Once in FILE:/home/runner/work/key/key/key.core/../key.ui/examples/standard_key/staticInitialisation/classpath/PrintStream.java and once in URL:file:/home/runner/work/key/key/key.core/build/resources/main/de/uka/ilkd/key/java/JavaRedux/java/io/PrintStream.java, Keeping one from URL:file:/home/runner/work/key/key/key.core/build/resources/main/de/uka/ilkd/key/java/JavaRedux/java/io/PrintStream.java 
527864     DEBUG main            d.u.i.k.p.i.AbstractProblemLoader Init config took 2.31s 
527878     INFO  main            d.u.i.k.p.i.AbstractProblemLoader Replaying proof cascadeStaticInitialisation.key.proof 
527986     DEBUG main            d.u.i.k.p.i.IntermediateProofReplayer Proof replay took 104.96ms 
527987     DEBUG main            d.u.i.k.p.r.p.TestFile    ... success: reloaded. 
527988     INFO  main            d.u.i.k.p.r.p.TestFile    Now processing file /home/runner/work/key/key/key.core/../key.ui/examples/standard_key/staticInitialisation/erroneousClassImpliesErroneousSubclass.key 
527988     INFO  main            d.u.i.k.p.i.AbstractProblemLoader Loading environment from /home/runner/work/key/key/key.core/../key.ui/examples/standard_key/staticInitialisation/erroneousClassImpliesErroneousSubclass.key 
527988     DEBUG main            d.u.i.k.p.i.AbstractProblemLoader Environment load took 66.2ns 
527989     INFO  main            d.u.i.k.p.i.AbstractProblemLoader Creating init config 
528015     WARN  main            d.u.i.k.j.r.KeYCrossReferenceNameInfo Datatype java.lang.System declared twice: Once in FILE:/home/runner/work/key/key/key.core/../key.ui/examples/standard_key/staticInitialisation/classpath/System.java and once in URL:file:/home/runner/work/key/key/key.core/build/resources/main/de/uka/ilkd/key/java/JavaRedux/java/lang/System.java, Keeping one from URL:file:/home/runner/work/key/key/key.core/build/resources/main/de/uka/ilkd/key/java/JavaRedux/java/lang/System.java 
528016     WARN  main            d.u.i.k.j.r.KeYCrossReferenceNameInfo Datatype java.io.PrintStream declared twice: Once in FILE:/home/runner/work/key/key/key.core/../key.ui/examples/standard_key/staticInitialisation/classpath/PrintStream.java and once in URL:file:/home/runner/work/key/key/key.core/build/resources/main/de/uka/ilkd/key/java/JavaRedux/java/io/PrintStream.java, Keeping one from URL:file:/home/runner/work/key/key/key.core/build/resources/main/de/uka/ilkd/key/java/JavaRedux/java/io/PrintStream.java 
530338     DEBUG main            d.u.i.k.p.i.AbstractProblemLoader Init config took 2.35s 
530351     INFO  main            d.u.i.k.p.i.AbstractProblemLoader Replaying proof erroneousClassImpliesErroneousSubclass.key 
530352     DEBUG main            d.u.i.k.p.i.IntermediateProofReplayer Proof replay took 3.4ns 
530454     INFO  main            d.u.i.k.p.r.p.TestFile    ... finished proof: closed. 
530979     INFO  main            d.u.i.k.p.i.AbstractProblemLoader Loading environment from /home/runner/work/key/key/key.core/../key.ui/examples/standard_key/staticInitialisation/erroneousClassImpliesErroneousSubclass.key.proof 
530979     DEBUG main            d.u.i.k.p.i.AbstractProblemLoader Environment load took 92.7ns 
530980     INFO  main            d.u.i.k.p.i.AbstractProblemLoader Creating init config 
531000     WARN  main            d.u.i.k.j.r.KeYCrossReferenceNameInfo Datatype java.lang.System declared twice: Once in FILE:/home/runner/work/key/key/key.core/../key.ui/examples/standard_key/staticInitialisation/classpath/System.java and once in URL:file:/home/runner/work/key/key/key.core/build/resources/main/de/uka/ilkd/key/java/JavaRedux/java/lang/System.java, Keeping one from URL:file:/home/runner/work/key/key/key.core/build/resources/main/de/uka/ilkd/key/java/JavaRedux/java/lang/System.java 
531000     WARN  main            d.u.i.k.j.r.KeYCrossReferenceNameInfo Datatype java.io.PrintStream declared twice: Once in FILE:/home/runner/work/key/key/key.core/../key.ui/examples/standard_key/staticInitialisation/classpath/PrintStream.java and once in URL:file:/home/runner/work/key/key/key.core/build/resources/main/de/uka/ilkd/key/java/JavaRedux/java/io/PrintStream.java, Keeping one from URL:file:/home/runner/work/key/key/key.core/build/resources/main/de/uka/ilkd/key/java/JavaRedux/java/io/PrintStream.java 
533351     DEBUG main            d.u.i.k.p.i.AbstractProblemLoader Init config took 2.37s 
533364     INFO  main            d.u.i.k.p.i.AbstractProblemLoader Replaying proof erroneousClassImpliesErroneousSubclass.key.proof 
533366     DEBUG main            d.u.i.k.p.i.IntermediateProofReplayer Proof replay took 444.41ns 
533368     DEBUG main            d.u.i.k.p.r.p.TestFile    ... success: reloaded. 
533369     INFO  main            d.u.i.k.p.r.p.TestFile    Now processing file /home/runner/work/key/key/key.core/../key.ui/examples/standard_key/staticInitialisation/initializedSubclassImpliesInitializedSuperclass.key 
533373     INFO  main            d.u.i.k.p.i.AbstractProblemLoader Loading environment from /home/runner/work/key/key/key.core/../key.ui/examples/standard_key/staticInitialisation/initializedSubclassImpliesInitializedSuperclass.key 
533373     DEBUG main            d.u.i.k.p.i.AbstractProblemLoader Environment load took 134.9ns 
533374     INFO  main            d.u.i.k.p.i.AbstractProblemLoader Creating init config 
533394     WARN  main            d.u.i.k.j.r.KeYCrossReferenceNameInfo Datatype java.lang.System declared twice: Once in FILE:/home/runner/work/key/key/key.core/../key.ui/examples/standard_key/staticInitialisation/classpath/System.java and once in URL:file:/home/runner/work/key/key/key.core/build/resources/main/de/uka/ilkd/key/java/JavaRedux/java/lang/System.java, Keeping one from URL:file:/home/runner/work/key/key/key.core/build/resources/main/de/uka/ilkd/key/java/JavaRedux/java/lang/System.java 
533394     WARN  main            d.u.i.k.j.r.KeYCrossReferenceNameInfo Datatype java.io.PrintStream declared twice: Once in FILE:/home/runner/work/key/key/key.core/../key.ui/examples/standard_key/staticInitialisation/classpath/PrintStream.java and once in URL:file:/home/runner/work/key/key/key.core/build/resources/main/de/uka/ilkd/key/java/JavaRedux/java/io/PrintStream.java, Keeping one from URL:file:/home/runner/work/key/key/key.core/build/resources/main/de/uka/ilkd/key/java/JavaRedux/java/io/PrintStream.java 
535815     DEBUG main            d.u.i.k.p.i.AbstractProblemLoader Init config took 2.44s 
535827     INFO  main            d.u.i.k.p.i.AbstractProblemLoader Replaying proof initializedSubclassImpliesInitializedSuperclass.key 
535828     DEBUG main            d.u.i.k.p.i.IntermediateProofReplayer Proof replay took 2.9ns 
535931     INFO  main            d.u.i.k.p.r.p.TestFile    ... finished proof: closed. 
536440     INFO  main            d.u.i.k.p.i.AbstractProblemLoader Loading environment from /home/runner/work/key/key/key.core/../key.ui/examples/standard_key/staticInitialisation/initializedSubclassImpliesInitializedSuperclass.key.proof 
536440     DEBUG main            d.u.i.k.p.i.AbstractProblemLoader Environment load took 86.9ns 
536441     INFO  main            d.u.i.k.p.i.AbstractProblemLoader Creating init config 
536460     WARN  main            d.u.i.k.j.r.KeYCrossReferenceNameInfo Datatype java.lang.System declared twice: Once in FILE:/home/runner/work/key/key/key.core/../key.ui/examples/standard_key/staticInitialisation/classpath/System.java and once in URL:file:/home/runner/work/key/key/key.core/build/resources/main/de/uka/ilkd/key/java/JavaRedux/java/lang/System.java, Keeping one from URL:file:/home/runner/work/key/key/key.core/build/resources/main/de/uka/ilkd/key/java/JavaRedux/java/lang/System.java 
536460     WARN  main            d.u.i.k.j.r.KeYCrossReferenceNameInfo Datatype java.io.PrintStream declared twice: Once in FILE:/home/runner/work/key/key/key.core/../key.ui/examples/standard_key/staticInitialisation/classpath/PrintStream.java and once in URL:file:/home/runner/work/key/key/key.core/build/resources/main/de/uka/ilkd/key/java/JavaRedux/java/io/PrintStream.java, Keeping one from URL:file:/home/runner/work/key/key/key.core/build/resources/main/de/uka/ilkd/key/java/JavaRedux/java/io/PrintStream.java 
538743     DEBUG main            d.u.i.k.p.i.AbstractProblemLoader Init config took 2.3s 
538756     INFO  main            d.u.i.k.p.i.AbstractProblemLoader Replaying proof initializedSubclassImpliesInitializedSuperclass.key.proof 
538758     DEBUG main            d.u.i.k.p.i.IntermediateProofReplayer Proof replay took 370.9ns 
538759     DEBUG main            d.u.i.k.p.r.p.TestFile    ... success: reloaded. 
538760     INFO  main            d.u.i.k.p.r.p.TestFile    Now processing file /home/runner/work/key/key/key.core/../key.ui/examples/standard_key/staticInitialisation/localDeclared.key 
538760     INFO  main            d.u.i.k.p.i.AbstractProblemLoader Loading environment from /home/runner/work/key/key/key.core/../key.ui/examples/standard_key/staticInitialisation/localDeclared.key 
538760     DEBUG main            d.u.i.k.p.i.AbstractProblemLoader Environment load took 62.9ns 
538762     INFO  main            d.u.i.k.p.i.AbstractProblemLoader Creating init config 
538780     WARN  main            d.u.i.k.j.r.KeYCrossReferenceNameInfo Datatype java.lang.System declared twice: Once in FILE:/home/runner/work/key/key/key.core/../key.ui/examples/standard_key/staticInitialisation/classpath/System.java and once in URL:file:/home/runner/work/key/key/key.core/build/resources/main/de/uka/ilkd/key/java/JavaRedux/java/lang/System.java, Keeping one from URL:file:/home/runner/work/key/key/key.core/build/resources/main/de/uka/ilkd/key/java/JavaRedux/java/lang/System.java 
538780     WARN  main            d.u.i.k.j.r.KeYCrossReferenceNameInfo Datatype java.io.PrintStream declared twice: Once in FILE:/home/runner/work/key/key/key.core/../key.ui/examples/standard_key/staticInitialisation/classpath/PrintStream.java and once in URL:file:/home/runner/work/key/key/key.core/build/resources/main/de/uka/ilkd/key/java/JavaRedux/java/io/PrintStream.java, Keeping one from URL:file:/home/runner/work/key/key/key.core/build/resources/main/de/uka/ilkd/key/java/JavaRedux/java/io/PrintStream.java 
541071     DEBUG main            d.u.i.k.p.i.AbstractProblemLoader Init config took 2.31s 
541085     INFO  main            d.u.i.k.p.i.AbstractProblemLoader Replaying proof localDeclared.key 
541086     DEBUG main            d.u.i.k.p.i.IntermediateProofReplayer Proof replay took 2.8ns 
541388     INFO  main            d.u.i.k.p.r.p.TestFile    ... finished proof: closed. 
541924     INFO  main            d.u.i.k.p.i.AbstractProblemLoader Loading environment from /home/runner/work/key/key/key.core/../key.ui/examples/standard_key/staticInitialisation/localDeclared.key.proof 
541924     DEBUG main            d.u.i.k.p.i.AbstractProblemLoader Environment load took 89ns 
541926     INFO  main            d.u.i.k.p.i.AbstractProblemLoader Creating init config 
541944     WARN  main            d.u.i.k.j.r.KeYCrossReferenceNameInfo Datatype java.lang.System declared twice: Once in FILE:/home/runner/work/key/key/key.core/../key.ui/examples/standard_key/staticInitialisation/classpath/System.java and once in URL:file:/home/runner/work/key/key/key.core/build/resources/main/de/uka/ilkd/key/java/JavaRedux/java/lang/System.java, Keeping one from URL:file:/home/runner/work/key/key/key.core/build/resources/main/de/uka/ilkd/key/java/JavaRedux/java/lang/System.java 
541944     WARN  main            d.u.i.k.j.r.KeYCrossReferenceNameInfo Datatype java.io.PrintStream declared twice: Once in FILE:/home/runner/work/key/key/key.core/../key.ui/examples/standard_key/staticInitialisation/classpath/PrintStream.java and once in URL:file:/home/runner/work/key/key/key.core/build/resources/main/de/uka/ilkd/key/java/JavaRedux/java/io/PrintStream.java, Keeping one from URL:file:/home/runner/work/key/key/key.core/build/resources/main/de/uka/ilkd/key/java/JavaRedux/java/io/PrintStream.java 
544202     DEBUG main            d.u.i.k.p.i.AbstractProblemLoader Init config took 2.28s 
544216     INFO  main            d.u.i.k.p.i.AbstractProblemLoader Replaying proof localDeclared.key.proof 
544259     DEBUG main            d.u.i.k.p.i.IntermediateProofReplayer Proof replay took 40.6ms 
544260     DEBUG main            d.u.i.k.p.r.p.TestFile    ... success: reloaded. 
544261     INFO  main            d.u.i.k.p.r.p.TestFile    Now processing file /home/runner/work/key/key/key.core/../key.ui/examples/standard_key/staticInitialisation/localDeclaredMethod.key 
544261     INFO  main            d.u.i.k.p.i.AbstractProblemLoader Loading environment from /home/runner/work/key/key/key.core/../key.ui/examples/standard_key/staticInitialisation/localDeclaredMethod.key 
544261     DEBUG main            d.u.i.k.p.i.AbstractProblemLoader Environment load took 82.8ns 
544263     INFO  main            d.u.i.k.p.i.AbstractProblemLoader Creating init config 
544281     WARN  main            d.u.i.k.j.r.KeYCrossReferenceNameInfo Datatype java.lang.System declared twice: Once in FILE:/home/runner/work/key/key/key.core/../key.ui/examples/standard_key/staticInitialisation/classpath/System.java and once in URL:file:/home/runner/work/key/key/key.core/build/resources/main/de/uka/ilkd/key/java/JavaRedux/java/lang/System.java, Keeping one from URL:file:/home/runner/work/key/key/key.core/build/resources/main/de/uka/ilkd/key/java/JavaRedux/java/lang/System.java 
544281     WARN  main            d.u.i.k.j.r.KeYCrossReferenceNameInfo Datatype java.io.PrintStream declared twice: Once in FILE:/home/runner/work/key/key/key.core/../key.ui/examples/standard_key/staticInitialisation/classpath/PrintStream.java and once in URL:file:/home/runner/work/key/key/key.core/build/resources/main/de/uka/ilkd/key/java/JavaRedux/java/io/PrintStream.java, Keeping one from URL:file:/home/runner/work/key/key/key.core/build/resources/main/de/uka/ilkd/key/java/JavaRedux/java/io/PrintStream.java 
546662     DEBUG main            d.u.i.k.p.i.AbstractProblemLoader Init config took 2.4s 
546682     INFO  main            d.u.i.k.p.i.AbstractProblemLoader Replaying proof localDeclaredMethod.key 
546683     DEBUG main            d.u.i.k.p.i.IntermediateProofReplayer Proof replay took 4.4ns 
546886     INFO  main            d.u.i.k.p.r.p.TestFile    ... finished proof: closed. 
547435     INFO  main            d.u.i.k.p.i.AbstractProblemLoader Loading environment from /home/runner/work/key/key/key.core/../key.ui/examples/standard_key/staticInitialisation/localDeclaredMethod.key.proof 
547435     DEBUG main            d.u.i.k.p.i.AbstractProblemLoader Environment load took 106.2ns 
547436     INFO  main            d.u.i.k.p.i.AbstractProblemLoader Creating init config 
547454     WARN  main            d.u.i.k.j.r.KeYCrossReferenceNameInfo Datatype java.lang.System declared twice: Once in FILE:/home/runner/work/key/key/key.core/../key.ui/examples/standard_key/staticInitialisation/classpath/System.java and once in URL:file:/home/runner/work/key/key/key.core/build/resources/main/de/uka/ilkd/key/java/JavaRedux/java/lang/System.java, Keeping one from URL:file:/home/runner/work/key/key/key.core/build/resources/main/de/uka/ilkd/key/java/JavaRedux/java/lang/System.java 
547454     WARN  main            d.u.i.k.j.r.KeYCrossReferenceNameInfo Datatype java.io.PrintStream declared twice: Once in FILE:/home/runner/work/key/key/key.core/../key.ui/examples/standard_key/staticInitialisation/classpath/PrintStream.java and once in URL:file:/home/runner/work/key/key/key.core/build/resources/main/de/uka/ilkd/key/java/JavaRedux/java/io/PrintStream.java, Keeping one from URL:file:/home/runner/work/key/key/key.core/build/resources/main/de/uka/ilkd/key/java/JavaRedux/java/io/PrintStream.java 
549735     DEBUG main            d.u.i.k.p.i.AbstractProblemLoader Init config took 2.3s 
549749     INFO  main            d.u.i.k.p.i.AbstractProblemLoader Replaying proof localDeclaredMethod.key.proof 
549789     DEBUG main            d.u.i.k.p.i.IntermediateProofReplayer Proof replay took 37.8ms 
549790     DEBUG main            d.u.i.k.p.r.p.TestFile    ... success: reloaded. 
549791     INFO  main            d.u.i.k.p.r.p.TestFile    Now processing file /home/runner/work/key/key/key.core/../key.ui/examples/standard_key/staticInitialisation/objectOfErroneousClass.key 
549792     INFO  main            d.u.i.k.p.i.AbstractProblemLoader Loading environment from /home/runner/work/key/key/key.core/../key.ui/examples/standard_key/staticInitialisation/objectOfErroneousClass.key 
549792     DEBUG main            d.u.i.k.p.i.AbstractProblemLoader Environment load took 70ns 
549793     INFO  main            d.u.i.k.p.i.AbstractProblemLoader Creating init config 
549811     WARN  main            d.u.i.k.j.r.KeYCrossReferenceNameInfo Datatype java.lang.System declared twice: Once in FILE:/home/runner/work/key/key/key.core/../key.ui/examples/standard_key/staticInitialisation/classpath/System.java and once in URL:file:/home/runner/work/key/key/key.core/build/resources/main/de/uka/ilkd/key/java/JavaRedux/java/lang/System.java, Keeping one from URL:file:/home/runner/work/key/key/key.core/build/resources/main/de/uka/ilkd/key/java/JavaRedux/java/lang/System.java 
549811     WARN  main            d.u.i.k.j.r.KeYCrossReferenceNameInfo Datatype java.io.PrintStream declared twice: Once in FILE:/home/runner/work/key/key/key.core/../key.ui/examples/standard_key/staticInitialisation/classpath/PrintStream.java and once in URL:file:/home/runner/work/key/key/key.core/build/resources/main/de/uka/ilkd/key/java/JavaRedux/java/io/PrintStream.java, Keeping one from URL:file:/home/runner/work/key/key/key.core/build/resources/main/de/uka/ilkd/key/java/JavaRedux/java/io/PrintStream.java 
552210     DEBUG main            d.u.i.k.p.i.AbstractProblemLoader Init config took 2.42s 
552225     INFO  main            d.u.i.k.p.i.AbstractProblemLoader Replaying proof objectOfErroneousClass.key 
552228     DEBUG main            d.u.i.k.p.i.IntermediateProofReplayer Proof replay took 3.1ns 
564043     INFO  main            d.u.i.k.p.r.p.TestFile    ... finished proof: closed. 
564652     INFO  main            d.u.i.k.p.i.AbstractProblemLoader Loading environment from /home/runner/work/key/key/key.core/../key.ui/examples/standard_key/staticInitialisation/objectOfErroneousClass.key.proof 
564653     DEBUG main            d.u.i.k.p.i.AbstractProblemLoader Environment load took 139.6ns 
564656     INFO  main            d.u.i.k.p.i.AbstractProblemLoader Creating init config 
564674     WARN  main            d.u.i.k.j.r.KeYCrossReferenceNameInfo Datatype java.lang.System declared twice: Once in FILE:/home/runner/work/key/key/key.core/../key.ui/examples/standard_key/staticInitialisation/classpath/System.java and once in URL:file:/home/runner/work/key/key/key.core/build/resources/main/de/uka/ilkd/key/java/JavaRedux/java/lang/System.java, Keeping one from URL:file:/home/runner/work/key/key/key.core/build/resources/main/de/uka/ilkd/key/java/JavaRedux/java/lang/System.java 
564674     WARN  main            d.u.i.k.j.r.KeYCrossReferenceNameInfo Datatype java.io.PrintStream declared twice: Once in FILE:/home/runner/work/key/key/key.core/../key.ui/examples/standard_key/staticInitialisation/classpath/PrintStream.java and once in URL:file:/home/runner/work/key/key/key.core/build/resources/main/de/uka/ilkd/key/java/JavaRedux/java/io/PrintStream.java, Keeping one from URL:file:/home/runner/work/key/key/key.core/build/resources/main/de/uka/ilkd/key/java/JavaRedux/java/io/PrintStream.java 
566945     DEBUG main            d.u.i.k.p.i.AbstractProblemLoader Init config took 2.29s 
566960     INFO  main            d.u.i.k.p.i.AbstractProblemLoader Replaying proof objectOfErroneousClass.key.proof 
568347     DEBUG main            d.u.i.k.p.i.IntermediateProofReplayer Proof replay took 1.36s 
568351     DEBUG main            d.u.i.k.p.r.p.TestFile    ... success: reloaded. 
568352     INFO  main            d.u.i.k.p.r.p.TestFile    Now processing file /home/runner/work/key/key/key.core/../key.ui/examples/standard_key/staticInitialisation/staticInitialisersAreNonSimple.key 
568352     INFO  main            d.u.i.k.p.i.AbstractProblemLoader Loading environment from /home/runner/work/key/key/key.core/../key.ui/examples/standard_key/staticInitialisation/staticInitialisersAreNonSimple.key 
568352     DEBUG main            d.u.i.k.p.i.AbstractProblemLoader Environment load took 52.1ns 
568353     INFO  main            d.u.i.k.p.i.AbstractProblemLoader Creating init config 
568371     WARN  main            d.u.i.k.j.r.KeYCrossReferenceNameInfo Datatype java.lang.System declared twice: Once in FILE:/home/runner/work/key/key/key.core/../key.ui/examples/standard_key/staticInitialisation/classpath/System.java and once in URL:file:/home/runner/work/key/key/key.core/build/resources/main/de/uka/ilkd/key/java/JavaRedux/java/lang/System.java, Keeping one from URL:file:/home/runner/work/key/key/key.core/build/resources/main/de/uka/ilkd/key/java/JavaRedux/java/lang/System.java 
568371     WARN  main            d.u.i.k.j.r.KeYCrossReferenceNameInfo Datatype java.io.PrintStream declared twice: Once in FILE:/home/runner/work/key/key/key.core/../key.ui/examples/standard_key/staticInitialisation/classpath/PrintStream.java and once in URL:file:/home/runner/work/key/key/key.core/build/resources/main/de/uka/ilkd/key/java/JavaRedux/java/io/PrintStream.java, Keeping one from URL:file:/home/runner/work/key/key/key.core/build/resources/main/de/uka/ilkd/key/java/JavaRedux/java/io/PrintStream.java 
570733     DEBUG main            d.u.i.k.p.i.AbstractProblemLoader Init config took 2.38s 
570747     INFO  main            d.u.i.k.p.i.AbstractProblemLoader Replaying proof staticInitialisersAreNonSimple.key 
570748     DEBUG main            d.u.i.k.p.i.IntermediateProofReplayer Proof replay took 2.7ns 
571051     INFO  main            d.u.i.k.p.r.p.TestFile    ... finished proof: closed. 
571675     INFO  main            d.u.i.k.p.i.AbstractProblemLoader Loading environment from /home/runner/work/key/key/key.core/../key.ui/examples/standard_key/staticInitialisation/staticInitialisersAreNonSimple.key.proof 
571675     DEBUG main            d.u.i.k.p.i.AbstractProblemLoader Environment load took 89.6ns 
571677     INFO  main            d.u.i.k.p.i.AbstractProblemLoader Creating init config 
571696     WARN  main            d.u.i.k.j.r.KeYCrossReferenceNameInfo Datatype java.lang.System declared twice: Once in FILE:/home/runner/work/key/key/key.core/../key.ui/examples/standard_key/staticInitialisation/classpath/System.java and once in URL:file:/home/runner/work/key/key/key.core/build/resources/main/de/uka/ilkd/key/java/JavaRedux/java/lang/System.java, Keeping one from URL:file:/home/runner/work/key/key/key.core/build/resources/main/de/uka/ilkd/key/java/JavaRedux/java/lang/System.java 
571696     WARN  main            d.u.i.k.j.r.KeYCrossReferenceNameInfo Datatype java.io.PrintStream declared twice: Once in FILE:/home/runner/work/key/key/key.core/../key.ui/examples/standard_key/staticInitialisation/classpath/PrintStream.java and once in URL:file:/home/runner/work/key/key/key.core/build/resources/main/de/uka/ilkd/key/java/JavaRedux/java/io/PrintStream.java, Keeping one from URL:file:/home/runner/work/key/key/key.core/build/resources/main/de/uka/ilkd/key/java/JavaRedux/java/io/PrintStream.java 
574053     DEBUG main            d.u.i.k.p.i.AbstractProblemLoader Init config took 2.38s 
574067     INFO  main            d.u.i.k.p.i.AbstractProblemLoader Replaying proof staticInitialisersAreNonSimple.key.proof 
574135     DEBUG main            d.u.i.k.p.i.IntermediateProofReplayer Proof replay took 54.73ms 
574137     DEBUG main            d.u.i.k.p.r.p.TestFile    ... success: reloaded. 
574137     INFO  main            d.u.i.k.p.r.p.TestFile    Now processing file /home/runner/work/key/key/key.core/../key.ui/examples/standard_key/types/disjoint.key 
574138     INFO  main            d.u.i.k.p.i.AbstractProblemLoader Loading environment from /home/runner/work/key/key/key.core/../key.ui/examples/standard_key/types/disjoint.key 
574138     DEBUG main            d.u.i.k.p.i.AbstractProblemLoader Environment load took 81.4ns 
574138     INFO  main            d.u.i.k.p.i.AbstractProblemLoader Creating init config 
576387     DEBUG main            d.u.i.k.p.i.AbstractProblemLoader Init config took 2.25s 
576417     INFO  main            d.u.i.k.p.i.AbstractProblemLoader Replaying proof disjoint.key 
576418     DEBUG main            d.u.i.k.p.i.IntermediateProofReplayer Proof replay took 2.9ns 
576520     INFO  main            d.u.i.k.p.r.p.TestFile    ... finished proof: closed. 
577059     INFO  main            d.u.i.k.p.i.AbstractProblemLoader Loading environment from /home/runner/work/key/key/key.core/../key.ui/examples/standard_key/types/disjoint.key.proof 
577059     DEBUG main            d.u.i.k.p.i.AbstractProblemLoader Environment load took 100.3ns 
577059     INFO  main            d.u.i.k.p.i.AbstractProblemLoader Creating init config 
579280     DEBUG main            d.u.i.k.p.i.AbstractProblemLoader Init config took 2.22s 
579293     INFO  main            d.u.i.k.p.i.AbstractProblemLoader Replaying proof disjoint.key.proof 
579295     DEBUG main            d.u.i.k.p.i.IntermediateProofReplayer Proof replay took 270.5ns 
579296     DEBUG main            d.u.i.k.p.r.p.TestFile    ... success: reloaded. 
579296     INFO  main            d.u.i.k.p.r.p.TestFile    Now processing file /home/runner/work/key/key/key.core/../key.ui/examples/../../key.core/src/test/resources/testcase/classpath/classpath.key 
579296     INFO  main            d.u.i.k.p.i.AbstractProblemLoader Loading environment from /home/runner/work/key/key/key.core/../key.ui/examples/../../key.core/src/test/resources/testcase/classpath/classpath.key 
579296     DEBUG main            d.u.i.k.p.i.AbstractProblemLoader Environment load took 106.6ns 
579297     INFO  main            d.u.i.k.p.i.AbstractProblemLoader Creating init config 
579318     WARN  main            d.u.i.k.j.r.KeYCrossReferenceNameInfo Datatype cp.C declared twice: Once in FILE:/home/runner/work/key/key/key.core/../key.ui/examples/../../key.core/src/test/resources/testcase/classpath/classpath/C.class and once in FILE:/home/runner/work/key/key/key.core/../key.ui/examples/../../key.core/src/test/resources/testcase/classpath/classpath/C.jml, Keeping one from FILE:/home/runner/work/key/key/key.core/../key.ui/examples/../../key.core/src/test/resources/testcase/classpath/classpath/C.jml 
579321     DEBUG main            d.u.i.k.j.r.ClassFileDeclarationBuilder Parsing: package cp; public class Unresolved1 { } 
579321     DEBUG main            r.s.KeYCrossReferenceSourceInfo Dynamically created class: cp.Unresolved1 
579322     DEBUG main            d.u.i.k.j.r.ClassFileDeclarationBuilder Parsing: package cp; public class Unresolved2 { } 
579322     DEBUG main            r.s.KeYCrossReferenceSourceInfo Dynamically created class: cp.Unresolved2 
581720     DEBUG main            d.u.i.k.p.i.AbstractProblemLoader Init config took 2.42s 
581735     INFO  main            d.u.i.k.p.i.AbstractProblemLoader Replaying proof classpath.key 
581736     DEBUG main            d.u.i.k.p.i.IntermediateProofReplayer Proof replay took 3.2ns 
581841     INFO  main            d.u.i.k.p.r.p.TestFile    ... finished proof: closed. 
582384     INFO  main            d.u.i.k.p.i.AbstractProblemLoader Loading environment from /home/runner/work/key/key/key.core/../key.ui/examples/../../key.core/src/test/resources/testcase/classpath/classpath.key.proof 
582385     DEBUG main            d.u.i.k.p.i.AbstractProblemLoader Environment load took 97.4ns 
582385     INFO  main            d.u.i.k.p.i.AbstractProblemLoader Creating init config 
582413     WARN  main            d.u.i.k.j.r.KeYCrossReferenceNameInfo Datatype cp.C declared twice: Once in FILE:/home/runner/work/key/key/key.core/../key.ui/examples/../../key.core/src/test/resources/testcase/classpath/classpath/C.class and once in FILE:/home/runner/work/key/key/key.core/../key.ui/examples/../../key.core/src/test/resources/testcase/classpath/classpath/C.jml, Keeping one from FILE:/home/runner/work/key/key/key.core/../key.ui/examples/../../key.core/src/test/resources/testcase/classpath/classpath/C.jml 
582424     DEBUG main            d.u.i.k.j.r.ClassFileDeclarationBuilder Parsing: package cp; public class Unresolved1 { } 
582424     DEBUG main            r.s.KeYCrossReferenceSourceInfo Dynamically created class: cp.Unresolved1 
582424     DEBUG main            d.u.i.k.j.r.ClassFileDeclarationBuilder Parsing: package cp; public class Unresolved2 { } 
582424     DEBUG main            r.s.KeYCrossReferenceSourceInfo Dynamically created class: cp.Unresolved2 
584818     DEBUG main            d.u.i.k.p.i.AbstractProblemLoader Init config took 2.43s 
584833     INFO  main            d.u.i.k.p.i.AbstractProblemLoader Replaying proof classpath.key.proof 
584835     DEBUG main            d.u.i.k.p.i.IntermediateProofReplayer Proof replay took 456.61ns 
584836     DEBUG main            d.u.i.k.p.r.p.TestFile    ... success: reloaded. 
584836     INFO  main            d.u.i.k.p.r.p.TestFile    Now processing file /home/runner/work/key/key/key.core/../key.ui/examples/heap/inconsistent_represents/MyClass_m.key 
584837     INFO  main            d.u.i.k.p.i.AbstractProblemLoader Loading environment from /home/runner/work/key/key/key.core/../key.ui/examples/heap/inconsistent_represents/MyClass_m.key 
584837     DEBUG main            d.u.i.k.p.i.AbstractProblemLoader Environment load took 78.7ns 
584837     INFO  main            d.u.i.k.p.i.AbstractProblemLoader Creating init config 
587198     DEBUG main            d.u.i.k.p.i.AbstractProblemLoader Init config took 2.36s 
587232     INFO  main            d.u.i.k.p.i.AbstractProblemLoader Replaying proof MyClass[MyClass::m()].JML operation contract.0 
587234     DEBUG main            d.u.i.k.p.i.IntermediateProofReplayer Proof replay took 3.9ns 
587338     INFO  main            d.u.i.k.p.r.p.TestFile    ... finished proof: open goal(s) 
587877     INFO  main            d.u.i.k.p.r.p.TestFile    Now processing file /home/runner/work/key/key/key.core/../key.ui/examples/heap/inconsistent_represents/MyClass_n.key 
587877     INFO  main            d.u.i.k.p.i.AbstractProblemLoader Loading environment from /home/runner/work/key/key/key.core/../key.ui/examples/heap/inconsistent_represents/MyClass_n.key 
587877     DEBUG main            d.u.i.k.p.i.AbstractProblemLoader Environment load took 48.7ns 
587878     INFO  main            d.u.i.k.p.i.AbstractProblemLoader Creating init config 
590186     DEBUG main            d.u.i.k.p.i.AbstractProblemLoader Init config took 2.31s 
590218     INFO  main            d.u.i.k.p.i.AbstractProblemLoader Replaying proof MyClass[MyClass::n()].JML operation contract.0 
590219     DEBUG main            d.u.i.k.p.i.IntermediateProofReplayer Proof replay took 2.9ns 
590321     INFO  main            d.u.i.k.p.r.p.TestFile    ... finished proof: open goal(s) 
3448872    INFO  Test worker     d.u.i.k.p.r.p.StatisticsFile Returning from test javadl 
3448884    INFO  Test worker     d.u.i.k.p.r.p.StatisticsFile Running test FOL 
352        INFO  Timeout watchdog d.u.i.k.p.r.p.ForkedTestFileRunner Timeout watcher launched (2000 secs.) 
357        WARN  main            d.u.i.k.s.ProofSettings   The settings in /home/runner/.key/proof-settings.props are *not* read. 
403        INFO  main            d.u.i.k.p.r.p.TestFile    Now processing file /home/runner/work/key/key/key.core/../key.ui/examples/standard_key/pred_log/count.key 
574        INFO  main            d.u.i.k.p.i.AbstractProblemLoader Loading environment from /home/runner/work/key/key/key.core/../key.ui/examples/standard_key/pred_log/count.key 
591        DEBUG main            d.u.i.k.p.i.AbstractProblemLoader Environment load took 2.24ms 
834        INFO  main            d.u.i.k.p.i.AbstractProblemLoader Creating init config 
1759       DEBUG main            d.u.i.k.j.TypeConverter   No LDT found for Meta 
1759       DEBUG main            d.u.i.k.j.TypeConverter   No LDT found for Meta 
1763       DEBUG main            d.u.i.k.j.TypeConverter   No LDT found for Meta 
1763       DEBUG main            d.u.i.k.j.TypeConverter   No LDT found for Meta 
3213       DEBUG main            d.u.i.k.j.TypeConverter   No LDT found for JavaBigintExpression 
8195       DEBUG main            d.u.i.k.p.i.AbstractProblemLoader Init config took 7.36s 
8253       INFO  main            d.u.i.k.p.i.AbstractProblemLoader Replaying proof count.key 
8286       DEBUG main            d.u.i.k.p.i.IntermediateProofReplayer Proof replay took 33.8ns 
8461       INFO  main            d.u.i.k.p.r.p.TestFile    ... finished proof: closed. 
8575       INFO  main            d.u.i.k.p.i.AbstractProblemLoader Loading environment from /home/runner/work/key/key/key.core/../key.ui/examples/standard_key/pred_log/count.key.proof 
8575       DEBUG main            d.u.i.k.p.i.AbstractProblemLoader Environment load took 413.11ns 
8579       INFO  main            d.u.i.k.p.i.AbstractProblemLoader Creating init config 
11362      DEBUG main            d.u.i.k.p.i.AbstractProblemLoader Init config took 2.78s 
11406      INFO  main            d.u.i.k.p.i.AbstractProblemLoader Replaying proof count.key.proof 
11420      DEBUG main            d.u.i.k.p.i.IntermediateProofReplayer Proof replay took 10.03ms 
11435      DEBUG main            d.u.i.k.p.r.p.TestFile    ... success: reloaded. 
11439      INFO  main            d.u.i.k.p.r.p.TestFile    Now processing file /home/runner/work/key/key/key.core/../key.ui/examples/standard_key/pred_log/count2.key 
11439      INFO  main            d.u.i.k.p.i.AbstractProblemLoader Loading environment from /home/runner/work/key/key/key.core/../key.ui/examples/standard_key/pred_log/count2.key 
11439      DEBUG main            d.u.i.k.p.i.AbstractProblemLoader Environment load took 128.4ns 
11446      INFO  main            d.u.i.k.p.i.AbstractProblemLoader Creating init config 
14274      DEBUG main            d.u.i.k.p.i.AbstractProblemLoader Init config took 2.83s 
14303      INFO  main            d.u.i.k.p.i.AbstractProblemLoader Replaying proof count2.key 
14305      DEBUG main            d.u.i.k.p.i.IntermediateProofReplayer Proof replay took 5.7ns 
14407      INFO  main            d.u.i.k.p.r.p.TestFile    ... finished proof: closed. 
14548      INFO  main            d.u.i.k.p.i.AbstractProblemLoader Loading environment from /home/runner/work/key/key/key.core/../key.ui/examples/standard_key/pred_log/count2.key.proof 
14548      DEBUG main            d.u.i.k.p.i.AbstractProblemLoader Environment load took 147.9ns 
14551      INFO  main            d.u.i.k.p.i.AbstractProblemLoader Creating init config 
17218      DEBUG main            d.u.i.k.p.i.AbstractProblemLoader Init config took 2.67s 
17244      INFO  main            d.u.i.k.p.i.AbstractProblemLoader Replaying proof count2.key.proof 
17248      DEBUG main            d.u.i.k.p.i.IntermediateProofReplayer Proof replay took 2.22ms 
17249      DEBUG main            d.u.i.k.p.r.p.TestFile    ... success: reloaded. 
17250      INFO  main            d.u.i.k.p.r.p.TestFile    Now processing file /home/runner/work/key/key/key.core/../key.ui/examples/standard_key/pred_log/count3.key 
17250      INFO  main            d.u.i.k.p.i.AbstractProblemLoader Loading environment from /home/runner/work/key/key/key.core/../key.ui/examples/standard_key/pred_log/count3.key 
17251      DEBUG main            d.u.i.k.p.i.AbstractProblemLoader Environment load took 200.3ns 
17252      INFO  main            d.u.i.k.p.i.AbstractProblemLoader Creating init config 
19876      DEBUG main            d.u.i.k.p.i.AbstractProblemLoader Init config took 2.62s 
19902      INFO  main            d.u.i.k.p.i.AbstractProblemLoader Replaying proof count3.key 
19904      DEBUG main            d.u.i.k.p.i.IntermediateProofReplayer Proof replay took 6.5ns 
20007      INFO  main            d.u.i.k.p.r.p.TestFile    ... finished proof: closed. 
20154      INFO  main            d.u.i.k.p.i.AbstractProblemLoader Loading environment from /home/runner/work/key/key/key.core/../key.ui/examples/standard_key/pred_log/count3.key.proof 
20154      DEBUG main            d.u.i.k.p.i.AbstractProblemLoader Environment load took 133.8ns 
20156      INFO  main            d.u.i.k.p.i.AbstractProblemLoader Creating init config 
22774      DEBUG main            d.u.i.k.p.i.AbstractProblemLoader Init config took 2.62s 
22795      INFO  main            d.u.i.k.p.i.AbstractProblemLoader Replaying proof count3.key.proof 
22802      DEBUG main            d.u.i.k.p.i.IntermediateProofReplayer Proof replay took 5.14ms 
22803      DEBUG main            d.u.i.k.p.r.p.TestFile    ... success: reloaded. 
22805      INFO  main            d.u.i.k.p.r.p.TestFile    Now processing file /home/runner/work/key/key/key.core/../key.ui/examples/standard_key/pred_log/equalities.key 
22805      INFO  main            d.u.i.k.p.i.AbstractProblemLoader Loading environment from /home/runner/work/key/key/key.core/../key.ui/examples/standard_key/pred_log/equalities.key 
22805      DEBUG main            d.u.i.k.p.i.AbstractProblemLoader Environment load took 94.6ns 
22808      INFO  main            d.u.i.k.p.i.AbstractProblemLoader Creating init config 
25428      DEBUG main            d.u.i.k.p.i.AbstractProblemLoader Init config took 2.62s 
25464      INFO  main            d.u.i.k.p.i.AbstractProblemLoader Replaying proof equalities.key 
25466      DEBUG main            d.u.i.k.p.i.IntermediateProofReplayer Proof replay took 6.4ns 
25570      INFO  main            d.u.i.k.p.r.p.TestFile    ... finished proof: closed. 
25702      INFO  main            d.u.i.k.p.i.AbstractProblemLoader Loading environment from /home/runner/work/key/key/key.core/../key.ui/examples/standard_key/pred_log/equalities.key.proof 
25702      DEBUG main            d.u.i.k.p.i.AbstractProblemLoader Environment load took 137.4ns 
25703      INFO  main            d.u.i.k.p.i.AbstractProblemLoader Creating init config 
28298      DEBUG main            d.u.i.k.p.i.AbstractProblemLoader Init config took 2.59s 
28317      INFO  main            d.u.i.k.p.i.AbstractProblemLoader Replaying proof equalities.key.proof 
28320      DEBUG main            d.u.i.k.p.i.IntermediateProofReplayer Proof replay took 1.2ms 
28321      DEBUG main            d.u.i.k.p.r.p.TestFile    ... success: reloaded. 
28322      INFO  main            d.u.i.k.p.r.p.TestFile    Now processing file /home/runner/work/key/key/key.core/../key.ui/examples/standard_key/pred_log/equalities2.key 
28322      INFO  main            d.u.i.k.p.i.AbstractProblemLoader Loading environment from /home/runner/work/key/key/key.core/../key.ui/examples/standard_key/pred_log/equalities2.key 
28323      DEBUG main            d.u.i.k.p.i.AbstractProblemLoader Environment load took 190.9ns 
28324      INFO  main            d.u.i.k.p.i.AbstractProblemLoader Creating init config 
30915      DEBUG main            d.u.i.k.p.i.AbstractProblemLoader Init config took 2.59s 
30935      INFO  main            d.u.i.k.p.i.AbstractProblemLoader Replaying proof equalities2.key 
30937      DEBUG main            d.u.i.k.p.i.IntermediateProofReplayer Proof replay took 8.4ns 
31040      INFO  main            d.u.i.k.p.r.p.TestFile    ... finished proof: closed. 
31213      INFO  main            d.u.i.k.p.i.AbstractProblemLoader Loading environment from /home/runner/work/key/key/key.core/../key.ui/examples/standard_key/pred_log/equalities2.key.proof 
31214      DEBUG main            d.u.i.k.p.i.AbstractProblemLoader Environment load took 127.2ns 
31215      INFO  main            d.u.i.k.p.i.AbstractProblemLoader Creating init config 
33812      DEBUG main            d.u.i.k.p.i.AbstractProblemLoader Init config took 2.6s 
33831      INFO  main            d.u.i.k.p.i.AbstractProblemLoader Replaying proof equalities2.key.proof 
33836      DEBUG main            d.u.i.k.p.i.IntermediateProofReplayer Proof replay took 2.81ms 
33837      DEBUG main            d.u.i.k.p.r.p.TestFile    ... success: reloaded. 
33838      INFO  main            d.u.i.k.p.r.p.TestFile    Now processing file /home/runner/work/key/key/key.core/../key.ui/examples/standard_key/pred_log/equalities3.key 
33838      INFO  main            d.u.i.k.p.i.AbstractProblemLoader Loading environment from /home/runner/work/key/key/key.core/../key.ui/examples/standard_key/pred_log/equalities3.key 
33838      DEBUG main            d.u.i.k.p.i.AbstractProblemLoader Environment load took 193.4ns 
33839      INFO  main            d.u.i.k.p.i.AbstractProblemLoader Creating init config 
36442      DEBUG main            d.u.i.k.p.i.AbstractProblemLoader Init config took 2.6s 
36462      INFO  main            d.u.i.k.p.i.AbstractProblemLoader Replaying proof equalities3.key 
36463      DEBUG main            d.u.i.k.p.i.IntermediateProofReplayer Proof replay took 6.7ns 
36569      INFO  main            d.u.i.k.p.r.p.TestFile    ... finished proof: closed. 
36714      INFO  main            d.u.i.k.p.i.AbstractProblemLoader Loading environment from /home/runner/work/key/key/key.core/../key.ui/examples/standard_key/pred_log/equalities3.key.proof 
36714      DEBUG main            d.u.i.k.p.i.AbstractProblemLoader Environment load took 130.1ns 
36715      INFO  main            d.u.i.k.p.i.AbstractProblemLoader Creating init config 
39268      DEBUG main            d.u.i.k.p.i.AbstractProblemLoader Init config took 2.55s 
39286      INFO  main            d.u.i.k.p.i.AbstractProblemLoader Replaying proof equalities3.key.proof 
39292      DEBUG main            d.u.i.k.p.i.IntermediateProofReplayer Proof replay took 4.29ms 
39293      DEBUG main            d.u.i.k.p.r.p.TestFile    ... success: reloaded. 
39294      INFO  main            d.u.i.k.p.r.p.TestFile    Now processing file /home/runner/work/key/key/key.core/../key.ui/examples/standard_key/pred_log/functions.key 
39294      INFO  main            d.u.i.k.p.i.AbstractProblemLoader Loading environment from /home/runner/work/key/key/key.core/../key.ui/examples/standard_key/pred_log/functions.key 
39294      DEBUG main            d.u.i.k.p.i.AbstractProblemLoader Environment load took 94.5ns 
39295      INFO  main            d.u.i.k.p.i.AbstractProblemLoader Creating init config 
41872      DEBUG main            d.u.i.k.p.i.AbstractProblemLoader Init config took 2.58s 
41889      INFO  main            d.u.i.k.p.i.AbstractProblemLoader Replaying proof functions.key 
41890      DEBUG main            d.u.i.k.p.i.IntermediateProofReplayer Proof replay took 6.4ns 
41992      INFO  main            d.u.i.k.p.r.p.TestFile    ... finished proof: closed. 
42209      INFO  main            d.u.i.k.p.i.AbstractProblemLoader Loading environment from /home/runner/work/key/key/key.core/../key.ui/examples/standard_key/pred_log/functions.key.proof 
42210      DEBUG main            d.u.i.k.p.i.AbstractProblemLoader Environment load took 130.6ns 
42211      INFO  main            d.u.i.k.p.i.AbstractProblemLoader Creating init config 
44741      DEBUG main            d.u.i.k.p.i.AbstractProblemLoader Init config took 2.53s 
44759      INFO  main            d.u.i.k.p.i.AbstractProblemLoader Replaying proof functions.key.proof 
44763      DEBUG main            d.u.i.k.p.i.IntermediateProofReplayer Proof replay took 2.29ms 
44764      DEBUG main            d.u.i.k.p.r.p.TestFile    ... success: reloaded. 
44765      INFO  main            d.u.i.k.p.r.p.TestFile    Now processing file /home/runner/work/key/key/key.core/../key.ui/examples/standard_key/pred_log/mv1.key 
44765      INFO  main            d.u.i.k.p.i.AbstractProblemLoader Loading environment from /home/runner/work/key/key/key.core/../key.ui/examples/standard_key/pred_log/mv1.key 
44765      DEBUG main            d.u.i.k.p.i.AbstractProblemLoader Environment load took 178.9ns 
44766      INFO  main            d.u.i.k.p.i.AbstractProblemLoader Creating init config 
47309      DEBUG main            d.u.i.k.p.i.AbstractProblemLoader Init config took 2.54s 
47325      INFO  main            d.u.i.k.p.i.AbstractProblemLoader Replaying proof mv1.key 
47326      DEBUG main            d.u.i.k.p.i.IntermediateProofReplayer Proof replay took 7ns 
47429      INFO  main            d.u.i.k.p.r.p.TestFile    ... finished proof: closed. 
47589      INFO  main            d.u.i.k.p.i.AbstractProblemLoader Loading environment from /home/runner/work/key/key/key.core/../key.ui/examples/standard_key/pred_log/mv1.key.proof 
47589      DEBUG main            d.u.i.k.p.i.AbstractProblemLoader Environment load took 119.7ns 
47590      INFO  main            d.u.i.k.p.i.AbstractProblemLoader Creating init config 
50077      DEBUG main            d.u.i.k.p.i.AbstractProblemLoader Init config took 2.49s 
50095      INFO  main            d.u.i.k.p.i.AbstractProblemLoader Replaying proof mv1.key.proof 
50100      DEBUG main            d.u.i.k.p.i.IntermediateProofReplayer Proof replay took 926.41ns 
50103      DEBUG main            d.u.i.k.p.r.p.TestFile    ... success: reloaded. 
50104      INFO  main            d.u.i.k.p.r.p.TestFile    Now processing file /home/runner/work/key/key/key.core/../key.ui/examples/standard_key/pred_log/mv2.key 
50106      INFO  main            d.u.i.k.p.i.AbstractProblemLoader Loading environment from /home/runner/work/key/key/key.core/../key.ui/examples/standard_key/pred_log/mv2.key 
50106      DEBUG main            d.u.i.k.p.i.AbstractProblemLoader Environment load took 248.9ns 
50107      INFO  main            d.u.i.k.p.i.AbstractProblemLoader Creating init config 
52685      DEBUG main            d.u.i.k.p.i.AbstractProblemLoader Init config took 2.58s 
52703      INFO  main            d.u.i.k.p.i.AbstractProblemLoader Replaying proof mv2.key 
52706      DEBUG main            d.u.i.k.p.i.IntermediateProofReplayer Proof replay took 6.8ns 
52808      INFO  main            d.u.i.k.p.r.p.TestFile    ... finished proof: closed. 
52987      INFO  main            d.u.i.k.p.i.AbstractProblemLoader Loading environment from /home/runner/work/key/key/key.core/../key.ui/examples/standard_key/pred_log/mv2.key.proof 
52988      DEBUG main            d.u.i.k.p.i.AbstractProblemLoader Environment load took 113.9ns 
52990      INFO  main            d.u.i.k.p.i.AbstractProblemLoader Creating init config 
55522      DEBUG main            d.u.i.k.p.i.AbstractProblemLoader Init config took 2.53s 
55537      INFO  main            d.u.i.k.p.i.AbstractProblemLoader Replaying proof mv2.key.proof 
55540      DEBUG main            d.u.i.k.p.i.IntermediateProofReplayer Proof replay took 1.37ms 
55541      DEBUG main            d.u.i.k.p.r.p.TestFile    ... success: reloaded. 
55542      INFO  main            d.u.i.k.p.r.p.TestFile    Now processing file /home/runner/work/key/key/key.core/../key.ui/examples/standard_key/pred_log/quantifiers.key 
55542      INFO  main            d.u.i.k.p.i.AbstractProblemLoader Loading environment from /home/runner/work/key/key/key.core/../key.ui/examples/standard_key/pred_log/quantifiers.key 
55543      DEBUG main            d.u.i.k.p.i.AbstractProblemLoader Environment load took 167.8ns 
55543      INFO  main            d.u.i.k.p.i.AbstractProblemLoader Creating init config 
58137      DEBUG main            d.u.i.k.p.i.AbstractProblemLoader Init config took 2.59s 
58151      INFO  main            d.u.i.k.p.i.AbstractProblemLoader Replaying proof quantifiers.key 
58153      DEBUG main            d.u.i.k.p.i.IntermediateProofReplayer Proof replay took 6.8ns 
58258      INFO  main            d.u.i.k.p.r.p.TestFile    ... finished proof: closed. 
58491      INFO  main            d.u.i.k.p.i.AbstractProblemLoader Loading environment from /home/runner/work/key/key/key.core/../key.ui/examples/standard_key/pred_log/quantifiers.key.proof 
58492      DEBUG main            d.u.i.k.p.i.AbstractProblemLoader Environment load took 125.6ns 
58493      INFO  main            d.u.i.k.p.i.AbstractProblemLoader Creating init config 
61007      DEBUG main            d.u.i.k.p.i.AbstractProblemLoader Init config took 2.51s 
61024      INFO  main            d.u.i.k.p.i.AbstractProblemLoader Replaying proof quantifiers.key.proof 
61027      DEBUG main            d.u.i.k.p.i.IntermediateProofReplayer Proof replay took 1.46ms 
61028      DEBUG main            d.u.i.k.p.r.p.TestFile    ... success: reloaded. 
61028      INFO  main            d.u.i.k.p.r.p.TestFile    Now processing file /home/runner/work/key/key/key.core/../key.ui/examples/standard_key/pred_log/simpleEps.key 
61029      INFO  main            d.u.i.k.p.i.AbstractProblemLoader Loading environment from /home/runner/work/key/key/key.core/../key.ui/examples/standard_key/pred_log/simpleEps.key 
61029      DEBUG main            d.u.i.k.p.i.AbstractProblemLoader Environment load took 94.2ns 
61030      INFO  main            d.u.i.k.p.i.AbstractProblemLoader Creating init config 
63535      DEBUG main            d.u.i.k.p.i.AbstractProblemLoader Init config took 2.51s 
63549      INFO  main            d.u.i.k.p.i.AbstractProblemLoader Replaying proof simpleEps.key 
63551      DEBUG main            d.u.i.k.p.i.IntermediateProofReplayer Proof replay took 6.6ns 
63654      INFO  main            d.u.i.k.p.r.p.TestFile    ... finished proof: closed. 
63840      INFO  main            d.u.i.k.p.i.AbstractProblemLoader Loading environment from /home/runner/work/key/key/key.core/../key.ui/examples/standard_key/pred_log/simpleEps.key.proof 
63840      DEBUG main            d.u.i.k.p.i.AbstractProblemLoader Environment load took 119ns 
63841      INFO  main            d.u.i.k.p.i.AbstractProblemLoader Creating init config 
66360      DEBUG main            d.u.i.k.p.i.AbstractProblemLoader Init config took 2.52s 
66375      INFO  main            d.u.i.k.p.i.AbstractProblemLoader Replaying proof simpleEps.key.proof 
66377      DEBUG main            d.u.i.k.p.i.IntermediateProofReplayer Proof replay took 994.91ns 
66378      DEBUG main            d.u.i.k.p.r.p.TestFile    ... success: reloaded. 
66379      INFO  main            d.u.i.k.p.r.p.TestFile    Now processing file /home/runner/work/key/key/key.core/../key.ui/examples/standard_key/pred_log/steam1.key 
66379      INFO  main            d.u.i.k.p.i.AbstractProblemLoader Loading environment from /home/runner/work/key/key/key.core/../key.ui/examples/standard_key/pred_log/steam1.key 
66379      DEBUG main            d.u.i.k.p.i.AbstractProblemLoader Environment load took 91.7ns 
66381      INFO  main            d.u.i.k.p.i.AbstractProblemLoader Creating init config 
68933      DEBUG main            d.u.i.k.p.i.AbstractProblemLoader Init config took 2.55s 
68950      INFO  main            d.u.i.k.p.i.AbstractProblemLoader Replaying proof steam1.key 
68951      DEBUG main            d.u.i.k.p.i.IntermediateProofReplayer Proof replay took 6.9ns 
69257      INFO  main            d.u.i.k.p.r.p.TestFile    ... finished proof: closed. 
69451      INFO  main            d.u.i.k.p.i.AbstractProblemLoader Loading environment from /home/runner/work/key/key/key.core/../key.ui/examples/standard_key/pred_log/steam1.key.proof 
69451      DEBUG main            d.u.i.k.p.i.AbstractProblemLoader Environment load took 127.1ns 
69453      INFO  main            d.u.i.k.p.i.AbstractProblemLoader Creating init config 
71942      DEBUG main            d.u.i.k.p.i.AbstractProblemLoader Init config took 2.49s 
71962      INFO  main            d.u.i.k.p.i.AbstractProblemLoader Replaying proof steam1.key.proof 
71995      DEBUG main            d.u.i.k.p.i.IntermediateProofReplayer Proof replay took 29.23ms 
71999      DEBUG main            d.u.i.k.p.r.p.TestFile    ... success: reloaded. 
72000      INFO  main            d.u.i.k.p.r.p.TestFile    Now processing file /home/runner/work/key/key/key.core/../key.ui/examples/standard_key/pred_log/tptp/PUZ/PUZ001p1.key 
72001      INFO  main            d.u.i.k.p.i.AbstractProblemLoader Loading environment from /home/runner/work/key/key/key.core/../key.ui/examples/standard_key/pred_log/tptp/PUZ/PUZ001p1.key 
72001      DEBUG main            d.u.i.k.p.i.AbstractProblemLoader Environment load took 179ns 
72003      INFO  main            d.u.i.k.p.i.AbstractProblemLoader Creating init config 
74562      DEBUG main            d.u.i.k.p.i.AbstractProblemLoader Init config took 2.56s 
74578      INFO  main            d.u.i.k.p.i.AbstractProblemLoader Replaying proof PUZ001p1.key 
74579      DEBUG main            d.u.i.k.p.i.IntermediateProofReplayer Proof replay took 6.8ns 
77504      INFO  main            d.u.i.k.p.r.p.TestFile    ... finished proof: closed. 
77716      INFO  main            d.u.i.k.p.i.AbstractProblemLoader Loading environment from /home/runner/work/key/key/key.core/../key.ui/examples/standard_key/pred_log/tptp/PUZ/PUZ001p1.key.proof 
77717      DEBUG main            d.u.i.k.p.i.AbstractProblemLoader Environment load took 369.91ns 
77719      INFO  main            d.u.i.k.p.i.AbstractProblemLoader Creating init config 
80250      DEBUG main            d.u.i.k.p.i.AbstractProblemLoader Init config took 2.53s 
80267      INFO  main            d.u.i.k.p.i.AbstractProblemLoader Replaying proof PUZ001p1.key.proof 
80375      DEBUG main            d.u.i.k.p.i.IntermediateProofReplayer Proof replay took 98.98ms 
80376      DEBUG main            d.u.i.k.p.r.p.TestFile    ... success: reloaded. 
80377      INFO  main            d.u.i.k.p.r.p.TestFile    Now processing file /home/runner/work/key/key/key.core/../key.ui/examples/standard_key/pred_log/tptp/PUZ/PUZ001p1-eq.key 
80378      INFO  main            d.u.i.k.p.i.AbstractProblemLoader Loading environment from /home/runner/work/key/key/key.core/../key.ui/examples/standard_key/pred_log/tptp/PUZ/PUZ001p1-eq.key 
80378      DEBUG main            d.u.i.k.p.i.AbstractProblemLoader Environment load took 169.5ns 
80379      INFO  main            d.u.i.k.p.i.AbstractProblemLoader Creating init config 
82924      DEBUG main            d.u.i.k.p.i.AbstractProblemLoader Init config took 2.54s 
82940      INFO  main            d.u.i.k.p.i.AbstractProblemLoader Replaying proof PUZ001p1-eq.key 
82942      DEBUG main            d.u.i.k.p.i.IntermediateProofReplayer Proof replay took 7.3ns 
83045      INFO  main            d.u.i.k.p.r.p.TestFile    ... finished proof: closed. 
83273      INFO  main            d.u.i.k.p.i.AbstractProblemLoader Loading environment from /home/runner/work/key/key/key.core/../key.ui/examples/standard_key/pred_log/tptp/PUZ/PUZ001p1-eq.key.proof 
83273      DEBUG main            d.u.i.k.p.i.AbstractProblemLoader Environment load took 354.2ns 
83275      INFO  main            d.u.i.k.p.i.AbstractProblemLoader Creating init config 
85781      DEBUG main            d.u.i.k.p.i.AbstractProblemLoader Init config took 2.51s 
85796      INFO  main            d.u.i.k.p.i.AbstractProblemLoader Replaying proof PUZ001p1-eq.key.proof 
85816      DEBUG main            d.u.i.k.p.i.IntermediateProofReplayer Proof replay took 18.07ms 
85817      DEBUG main            d.u.i.k.p.r.p.TestFile    ... success: reloaded. 
85818      INFO  main            d.u.i.k.p.r.p.TestFile    Now processing file /home/runner/work/key/key/key.core/../key.ui/examples/standard_key/pred_log/tptp/PUZ/PUZ031p1.key 
85818      INFO  main            d.u.i.k.p.i.AbstractProblemLoader Loading environment from /home/runner/work/key/key/key.core/../key.ui/examples/standard_key/pred_log/tptp/PUZ/PUZ031p1.key 
85819      DEBUG main            d.u.i.k.p.i.AbstractProblemLoader Environment load took 171.7ns 
85820      INFO  main            d.u.i.k.p.i.AbstractProblemLoader Creating init config 
88369      DEBUG main            d.u.i.k.p.i.AbstractProblemLoader Init config took 2.55s 
88386      INFO  main            d.u.i.k.p.i.AbstractProblemLoader Replaying proof PUZ031p1.key 
88390      DEBUG main            d.u.i.k.p.i.IntermediateProofReplayer Proof replay took 6.9ns 
96342      INFO  main            d.u.i.k.p.r.p.TestFile    ... finished proof: closed. 
96546      INFO  main            d.u.i.k.p.i.AbstractProblemLoader Loading environment from /home/runner/work/key/key/key.core/../key.ui/examples/standard_key/pred_log/tptp/PUZ/PUZ031p1.key.proof 
96547      DEBUG main            d.u.i.k.p.i.AbstractProblemLoader Environment load took 348.31ns 
96548      INFO  main            d.u.i.k.p.i.AbstractProblemLoader Creating init config 
99016      DEBUG main            d.u.i.k.p.i.AbstractProblemLoader Init config took 2.47s 
99032      INFO  main            d.u.i.k.p.i.AbstractProblemLoader Replaying proof PUZ031p1.key.proof 
99075      DEBUG main            d.u.i.k.p.i.IntermediateProofReplayer Proof replay took 39.04ms 
99077      DEBUG main            d.u.i.k.p.r.p.TestFile    ... success: reloaded. 
99077      INFO  main            d.u.i.k.p.r.p.TestFile    Now processing file /home/runner/work/key/key/key.core/../key.ui/examples/standard_key/pred_log/tptp/SET/SET027p3.key 
99078      INFO  main            d.u.i.k.p.i.AbstractProblemLoader Loading environment from /home/runner/work/key/key/key.core/../key.ui/examples/standard_key/pred_log/tptp/SET/SET027p3.key 
99078      DEBUG main            d.u.i.k.p.i.AbstractProblemLoader Environment load took 99.6ns 
99079      INFO  main            d.u.i.k.p.i.AbstractProblemLoader Creating init config 
101662     DEBUG main            d.u.i.k.p.i.AbstractProblemLoader Init config took 2.58s 
101676     INFO  main            d.u.i.k.p.i.AbstractProblemLoader Replaying proof SET027p3.key 
101677     DEBUG main            d.u.i.k.p.i.IntermediateProofReplayer Proof replay took 7ns 
101779     INFO  main            d.u.i.k.p.r.p.TestFile    ... finished proof: closed. 
102006     INFO  main            d.u.i.k.p.i.AbstractProblemLoader Loading environment from /home/runner/work/key/key/key.core/../key.ui/examples/standard_key/pred_log/tptp/SET/SET027p3.key.proof 
102006     DEBUG main            d.u.i.k.p.i.AbstractProblemLoader Environment load took 124.6ns 
102007     INFO  main            d.u.i.k.p.i.AbstractProblemLoader Creating init config 
104460     DEBUG main            d.u.i.k.p.i.AbstractProblemLoader Init config took 2.45s 
104474     INFO  main            d.u.i.k.p.i.AbstractProblemLoader Replaying proof SET027p3.key.proof 
104478     DEBUG main            d.u.i.k.p.i.IntermediateProofReplayer Proof replay took 3.23ms 
104479     DEBUG main            d.u.i.k.p.r.p.TestFile    ... success: reloaded. 
104480     INFO  main            d.u.i.k.p.r.p.TestFile    Now processing file /home/runner/work/key/key/key.core/../key.ui/examples/standard_key/pred_log/tptp/SET/SET043p1.key 
104480     INFO  main            d.u.i.k.p.i.AbstractProblemLoader Loading environment from /home/runner/work/key/key/key.core/../key.ui/examples/standard_key/pred_log/tptp/SET/SET043p1.key 
104480     DEBUG main            d.u.i.k.p.i.AbstractProblemLoader Environment load took 92.5ns 
104481     INFO  main            d.u.i.k.p.i.AbstractProblemLoader Creating init config 
106962     DEBUG main            d.u.i.k.p.i.AbstractProblemLoader Init config took 2.48s 
106976     INFO  main            d.u.i.k.p.i.AbstractProblemLoader Replaying proof SET043p1.key 
106977     DEBUG main            d.u.i.k.p.i.IntermediateProofReplayer Proof replay took 6.1ns 
107079     INFO  main            d.u.i.k.p.r.p.TestFile    ... finished proof: closed. 
107288     INFO  main            d.u.i.k.p.i.AbstractProblemLoader Loading environment from /home/runner/work/key/key/key.core/../key.ui/examples/standard_key/pred_log/tptp/SET/SET043p1.key.proof 
107289     DEBUG main            d.u.i.k.p.i.AbstractProblemLoader Environment load took 222.2ns 
107290     INFO  main            d.u.i.k.p.i.AbstractProblemLoader Creating init config 
109775     DEBUG main            d.u.i.k.p.i.AbstractProblemLoader Init config took 2.48s 
109794     INFO  main            d.u.i.k.p.i.AbstractProblemLoader Replaying proof SET043p1.key.proof 
109797     DEBUG main            d.u.i.k.p.i.IntermediateProofReplayer Proof replay took 1.22ms 
109799     DEBUG main            d.u.i.k.p.r.p.TestFile    ... success: reloaded. 
109799     INFO  main            d.u.i.k.p.r.p.TestFile    Now processing file /home/runner/work/key/key/key.core/../key.ui/examples/standard_key/pred_log/tptp/SET/SET045p1.key 
109800     INFO  main            d.u.i.k.p.i.AbstractProblemLoader Loading environment from /home/runner/work/key/key/key.core/../key.ui/examples/standard_key/pred_log/tptp/SET/SET045p1.key 
109800     DEBUG main            d.u.i.k.p.i.AbstractProblemLoader Environment load took 185.5ns 
109801     INFO  main            d.u.i.k.p.i.AbstractProblemLoader Creating init config 
112338     DEBUG main            d.u.i.k.p.i.AbstractProblemLoader Init config took 2.54s 
112352     INFO  main            d.u.i.k.p.i.AbstractProblemLoader Replaying proof SET045p1.key 
112353     DEBUG main            d.u.i.k.p.i.IntermediateProofReplayer Proof replay took 7.1ns 
112455     INFO  main            d.u.i.k.p.r.p.TestFile    ... finished proof: closed. 
112671     INFO  main            d.u.i.k.p.i.AbstractProblemLoader Loading environment from /home/runner/work/key/key/key.core/../key.ui/examples/standard_key/pred_log/tptp/SET/SET045p1.key.proof 
112671     DEBUG main            d.u.i.k.p.i.AbstractProblemLoader Environment load took 111.2ns 
112672     INFO  main            d.u.i.k.p.i.AbstractProblemLoader Creating init config 
115131     DEBUG main            d.u.i.k.p.i.AbstractProblemLoader Init config took 2.46s 
115145     INFO  main            d.u.i.k.p.i.AbstractProblemLoader Replaying proof SET045p1.key.proof 
115149     DEBUG main            d.u.i.k.p.i.IntermediateProofReplayer Proof replay took 2.51ms 
115150     DEBUG main            d.u.i.k.p.r.p.TestFile    ... success: reloaded. 
115150     INFO  main            d.u.i.k.p.r.p.TestFile    Now processing file /home/runner/work/key/key/key.core/../key.ui/examples/standard_key/pred_log/tptp/SET/SET062p3.key 
115151     INFO  main            d.u.i.k.p.i.AbstractProblemLoader Loading environment from /home/runner/work/key/key/key.core/../key.ui/examples/standard_key/pred_log/tptp/SET/SET062p3.key 
115151     DEBUG main            d.u.i.k.p.i.AbstractProblemLoader Environment load took 74.9ns 
115152     INFO  main            d.u.i.k.p.i.AbstractProblemLoader Creating init config 
117683     DEBUG main            d.u.i.k.p.i.AbstractProblemLoader Init config took 2.53s 
117700     INFO  main            d.u.i.k.p.i.AbstractProblemLoader Replaying proof SET062p3.key 
117702     DEBUG main            d.u.i.k.p.i.IntermediateProofReplayer Proof replay took 7.3ns 
117805     INFO  main            d.u.i.k.p.r.p.TestFile    ... finished proof: closed. 
118032     INFO  main            d.u.i.k.p.i.AbstractProblemLoader Loading environment from /home/runner/work/key/key/key.core/../key.ui/examples/standard_key/pred_log/tptp/SET/SET062p3.key.proof 
118032     DEBUG main            d.u.i.k.p.i.AbstractProblemLoader Environment load took 108.5ns 
118033     INFO  main            d.u.i.k.p.i.AbstractProblemLoader Creating init config 
120485     DEBUG main            d.u.i.k.p.i.AbstractProblemLoader Init config took 2.45s 
120499     INFO  main            d.u.i.k.p.i.AbstractProblemLoader Replaying proof SET062p3.key.proof 
120503     DEBUG main            d.u.i.k.p.i.IntermediateProofReplayer Proof replay took 2.4ms 
120504     DEBUG main            d.u.i.k.p.r.p.TestFile    ... success: reloaded. 
120504     INFO  main            d.u.i.k.p.r.p.TestFile    Now processing file /home/runner/work/key/key/key.core/../key.ui/examples/standard_key/pred_log/tptp/SET/SET063p3.key 
120505     INFO  main            d.u.i.k.p.i.AbstractProblemLoader Loading environment from /home/runner/work/key/key/key.core/../key.ui/examples/standard_key/pred_log/tptp/SET/SET063p3.key 
120505     DEBUG main            d.u.i.k.p.i.AbstractProblemLoader Environment load took 78.8ns 
120506     INFO  main            d.u.i.k.p.i.AbstractProblemLoader Creating init config 
123043     DEBUG main            d.u.i.k.p.i.AbstractProblemLoader Init config took 2.54s 
123057     INFO  main            d.u.i.k.p.i.AbstractProblemLoader Replaying proof SET063p3.key 
123058     DEBUG main            d.u.i.k.p.i.IntermediateProofReplayer Proof replay took 7.4ns 
123161     INFO  main            d.u.i.k.p.r.p.TestFile    ... finished proof: closed. 
123386     INFO  main            d.u.i.k.p.i.AbstractProblemLoader Loading environment from /home/runner/work/key/key/key.core/../key.ui/examples/standard_key/pred_log/tptp/SET/SET063p3.key.proof 
123386     DEBUG main            d.u.i.k.p.i.AbstractProblemLoader Environment load took 111.7ns 
123388     INFO  main            d.u.i.k.p.i.AbstractProblemLoader Creating init config 
125819     DEBUG main            d.u.i.k.p.i.AbstractProblemLoader Init config took 2.43s 
125835     INFO  main            d.u.i.k.p.i.AbstractProblemLoader Replaying proof SET063p3.key.proof 
125840     DEBUG main            d.u.i.k.p.i.IntermediateProofReplayer Proof replay took 2.57ms 
125841     DEBUG main            d.u.i.k.p.r.p.TestFile    ... success: reloaded. 
125842     INFO  main            d.u.i.k.p.r.p.TestFile    Now processing file /home/runner/work/key/key/key.core/../key.ui/examples/standard_key/pred_log/tptp/SYN/SYN036p2.key 
125842     INFO  main            d.u.i.k.p.i.AbstractProblemLoader Loading environment from /home/runner/work/key/key/key.core/../key.ui/examples/standard_key/pred_log/tptp/SYN/SYN036p2.key 
125842     DEBUG main            d.u.i.k.p.i.AbstractProblemLoader Environment load took 166.1ns 
125844     INFO  main            d.u.i.k.p.i.AbstractProblemLoader Creating init config 
128374     DEBUG main            d.u.i.k.p.i.AbstractProblemLoader Init config took 2.53s 
128387     INFO  main            d.u.i.k.p.i.AbstractProblemLoader Replaying proof SYN036p2.key 
128392     DEBUG main            d.u.i.k.p.i.IntermediateProofReplayer Proof replay took 7.2ns 
128697     INFO  main            d.u.i.k.p.r.p.TestFile    ... finished proof: closed. 
128949     INFO  main            d.u.i.k.p.i.AbstractProblemLoader Loading environment from /home/runner/work/key/key/key.core/../key.ui/examples/standard_key/pred_log/tptp/SYN/SYN036p2.key.proof 
128949     DEBUG main            d.u.i.k.p.i.AbstractProblemLoader Environment load took 339.81ns 
128952     INFO  main            d.u.i.k.p.i.AbstractProblemLoader Creating init config 
131444     DEBUG main            d.u.i.k.p.i.AbstractProblemLoader Init config took 2.49s 
131458     INFO  main            d.u.i.k.p.i.AbstractProblemLoader Replaying proof SYN036p2.key.proof 
131515     DEBUG main            d.u.i.k.p.i.IntermediateProofReplayer Proof replay took 50.04ms 
131517     DEBUG main            d.u.i.k.p.r.p.TestFile    ... success: reloaded. 
131517     INFO  main            d.u.i.k.p.r.p.TestFile    Now processing file /home/runner/work/key/key/key.core/../key.ui/examples/standard_key/pred_log/tptp/SYN/SYN550p1.key 
131517     INFO  main            d.u.i.k.p.i.AbstractProblemLoader Loading environment from /home/runner/work/key/key/key.core/../key.ui/examples/standard_key/pred_log/tptp/SYN/SYN550p1.key 
131518     DEBUG main            d.u.i.k.p.i.AbstractProblemLoader Environment load took 77.2ns 
131519     INFO  main            d.u.i.k.p.i.AbstractProblemLoader Creating init config 
134016     DEBUG main            d.u.i.k.p.i.AbstractProblemLoader Init config took 2.5s 
134030     INFO  main            d.u.i.k.p.i.AbstractProblemLoader Replaying proof SYN550p1.key 
134031     DEBUG main            d.u.i.k.p.i.IntermediateProofReplayer Proof replay took 7.9ns 
136761     INFO  main            d.u.i.k.p.r.p.TestFile    ... finished proof: closed. 
137023     INFO  main            d.u.i.k.p.i.AbstractProblemLoader Loading environment from /home/runner/work/key/key/key.core/../key.ui/examples/standard_key/pred_log/tptp/SYN/SYN550p1.key.proof 
137023     DEBUG main            d.u.i.k.p.i.AbstractProblemLoader Environment load took 371.61ns 
137024     INFO  main            d.u.i.k.p.i.AbstractProblemLoader Creating init config 
139461     DEBUG main            d.u.i.k.p.i.AbstractProblemLoader Init config took 2.44s 
139475     INFO  main            d.u.i.k.p.i.AbstractProblemLoader Replaying proof SYN550p1.key.proof 
139528     DEBUG main            d.u.i.k.p.i.IntermediateProofReplayer Proof replay took 47.36ms 
139530     DEBUG main            d.u.i.k.p.r.p.TestFile    ... success: reloaded. 
139530     INFO  main            d.u.i.k.p.r.p.TestFile    Now processing file /home/runner/work/key/key/key.core/../key.ui/examples/standard_key/prop_log/reallySimple.key 
139530     INFO  main            d.u.i.k.p.i.AbstractProblemLoader Loading environment from /home/runner/work/key/key/key.core/../key.ui/examples/standard_key/prop_log/reallySimple.key 
139530     DEBUG main            d.u.i.k.p.i.AbstractProblemLoader Environment load took 71.8ns 
139531     INFO  main            d.u.i.k.p.i.AbstractProblemLoader Creating init config 
142062     DEBUG main            d.u.i.k.p.i.AbstractProblemLoader Init config took 2.53s 
142075     INFO  main            d.u.i.k.p.i.AbstractProblemLoader Replaying proof reallySimple.key 
142076     DEBUG main            d.u.i.k.p.i.IntermediateProofReplayer Proof replay took 6.1ns 
142179     INFO  main            d.u.i.k.p.r.p.TestFile    ... finished proof: open goal(s) 
142440     INFO  main            d.u.i.k.p.r.p.TestFile    Now processing file /home/runner/work/key/key/key.core/../key.ui/examples/standard_key/pred_log/sameName1.key 
142440     INFO  main            d.u.i.k.p.i.AbstractProblemLoader Loading environment from /home/runner/work/key/key/key.core/../key.ui/examples/standard_key/pred_log/sameName1.key 
142441     DEBUG main            d.u.i.k.p.i.AbstractProblemLoader Environment load took 88.1ns 
142444     INFO  main            d.u.i.k.p.i.AbstractProblemLoader Creating init config 
144885     DEBUG main            d.u.i.k.p.i.AbstractProblemLoader Init config took 2.44s 
144898     INFO  main            d.u.i.k.p.i.AbstractProblemLoader Replaying proof sameName1.key 
144899     DEBUG main            d.u.i.k.p.i.IntermediateProofReplayer Proof replay took 8.3ns 
145001     INFO  main            d.u.i.k.p.r.p.TestFile    ... finished proof: open goal(s) 
145235     INFO  main            d.u.i.k.p.r.p.TestFile    Now processing file /home/runner/work/key/key/key.core/../key.ui/examples/standard_key/pred_log/jbyteIfEx.key 
145235     INFO  main            d.u.i.k.p.i.AbstractProblemLoader Loading environment from /home/runner/work/key/key/key.core/../key.ui/examples/standard_key/pred_log/jbyteIfEx.key 
145235     DEBUG main            d.u.i.k.p.i.AbstractProblemLoader Environment load took 60.5ns 
145237     INFO  main            d.u.i.k.p.i.AbstractProblemLoader Creating init config 
147665     DEBUG main            d.u.i.k.p.i.AbstractProblemLoader Init config took 2.43s 
147679     INFO  main            d.u.i.k.p.i.AbstractProblemLoader Replaying proof jbyteIfEx.key 
147680     DEBUG main            d.u.i.k.p.i.IntermediateProofReplayer Proof replay took 6.9ns 
147782     INFO  main            d.u.i.k.p.r.p.TestFile    ... finished proof: closed. 
148024     INFO  main            d.u.i.k.p.i.AbstractProblemLoader Loading environment from /home/runner/work/key/key/key.core/../key.ui/examples/standard_key/pred_log/jbyteIfEx.key.proof 
148024     DEBUG main            d.u.i.k.p.i.AbstractProblemLoader Environment load took 112.6ns 
148026     INFO  main            d.u.i.k.p.i.AbstractProblemLoader Creating init config 
150456     DEBUG main            d.u.i.k.p.i.AbstractProblemLoader Init config took 2.43s 
150470     INFO  main            d.u.i.k.p.i.AbstractProblemLoader Replaying proof jbyteIfEx.key.proof 
150475     DEBUG main            d.u.i.k.p.i.IntermediateProofReplayer Proof replay took 2.86ms 
150476     DEBUG main            d.u.i.k.p.r.p.TestFile    ... success: reloaded. 
150476     INFO  main            d.u.i.k.p.r.p.TestFile    Now processing file /home/runner/work/key/key/key.core/../key.ui/examples/standard_key/prop_log/allClausesLength4.key 
150477     INFO  main            d.u.i.k.p.i.AbstractProblemLoader Loading environment from /home/runner/work/key/key/key.core/../key.ui/examples/standard_key/prop_log/allClausesLength4.key 
150477     DEBUG main            d.u.i.k.p.i.AbstractProblemLoader Environment load took 183.2ns 
150478     INFO  main            d.u.i.k.p.i.AbstractProblemLoader Creating init config 
152991     DEBUG main            d.u.i.k.p.i.AbstractProblemLoader Init config took 2.51s 
153004     INFO  main            d.u.i.k.p.i.AbstractProblemLoader Replaying proof allClausesLength4.key 
153005     DEBUG main            d.u.i.k.p.i.IntermediateProofReplayer Proof replay took 6.9ns 
153115     INFO  main            d.u.i.k.p.r.p.TestFile    ... finished proof: closed. 
153374     INFO  main            d.u.i.k.p.i.AbstractProblemLoader Loading environment from /home/runner/work/key/key/key.core/../key.ui/examples/standard_key/prop_log/allClausesLength4.key.proof 
153374     DEBUG main            d.u.i.k.p.i.AbstractProblemLoader Environment load took 118ns 
153375     INFO  main            d.u.i.k.p.i.AbstractProblemLoader Creating init config 
155851     DEBUG main            d.u.i.k.p.i.AbstractProblemLoader Init config took 2.48s 
155864     INFO  main            d.u.i.k.p.i.AbstractProblemLoader Replaying proof allClausesLength4.key.proof 
155876     DEBUG main            d.u.i.k.p.i.IntermediateProofReplayer Proof replay took 8.6ms 
155877     DEBUG main            d.u.i.k.p.r.p.TestFile    ... success: reloaded. 
155877     INFO  main            d.u.i.k.p.r.p.TestFile    Now processing file /home/runner/work/key/key/key.core/../key.ui/examples/standard_key/prop_log/allClausesLength5.key 
155877     INFO  main            d.u.i.k.p.i.AbstractProblemLoader Loading environment from /home/runner/work/key/key/key.core/../key.ui/examples/standard_key/prop_log/allClausesLength5.key 
155878     DEBUG main            d.u.i.k.p.i.AbstractProblemLoader Environment load took 94.1ns 
155879     INFO  main            d.u.i.k.p.i.AbstractProblemLoader Creating init config 
158377     DEBUG main            d.u.i.k.p.i.AbstractProblemLoader Init config took 2.5s 
158392     INFO  main            d.u.i.k.p.i.AbstractProblemLoader Replaying proof allClausesLength5.key 
158393     DEBUG main            d.u.i.k.p.i.IntermediateProofReplayer Proof replay took 6.4ns 
158700     INFO  main            d.u.i.k.p.r.p.TestFile    ... finished proof: closed. 
158993     INFO  main            d.u.i.k.p.i.AbstractProblemLoader Loading environment from /home/runner/work/key/key/key.core/../key.ui/examples/standard_key/prop_log/allClausesLength5.key.proof 
158993     DEBUG main            d.u.i.k.p.i.AbstractProblemLoader Environment load took 127.6ns 
158995     INFO  main            d.u.i.k.p.i.AbstractProblemLoader Creating init config 
161473     DEBUG main            d.u.i.k.p.i.AbstractProblemLoader Init config took 2.48s 
161493     INFO  main            d.u.i.k.p.i.AbstractProblemLoader Replaying proof allClausesLength5.key.proof 
161523     DEBUG main            d.u.i.k.p.i.IntermediateProofReplayer Proof replay took 25.17ms 
161525     DEBUG main            d.u.i.k.p.r.p.TestFile    ... success: reloaded. 
161525     INFO  main            d.u.i.k.p.r.p.TestFile    Now processing file /home/runner/work/key/key/key.core/../key.ui/examples/standard_key/prop_log/doubleNeg.key 
161525     INFO  main            d.u.i.k.p.i.AbstractProblemLoader Loading environment from /home/runner/work/key/key/key.core/../key.ui/examples/standard_key/prop_log/doubleNeg.key 
161525     DEBUG main            d.u.i.k.p.i.AbstractProblemLoader Environment load took 84.5ns 
161526     INFO  main            d.u.i.k.p.i.AbstractProblemLoader Creating init config 
164001     DEBUG main            d.u.i.k.p.i.AbstractProblemLoader Init config took 2.47s 
164034     INFO  main            d.u.i.k.p.i.AbstractProblemLoader Replaying proof doubleNeg.key 
164037     DEBUG main            d.u.i.k.p.i.IntermediateProofReplayer Proof replay took 7.6ns 
164139     INFO  main            d.u.i.k.p.r.p.TestFile    ... finished proof: closed. 
164401     INFO  main            d.u.i.k.p.i.AbstractProblemLoader Loading environment from /home/runner/work/key/key/key.core/../key.ui/examples/standard_key/prop_log/doubleNeg.key.proof 
164401     DEBUG main            d.u.i.k.p.i.AbstractProblemLoader Environment load took 100.6ns 
164402     INFO  main            d.u.i.k.p.i.AbstractProblemLoader Creating init config 
166824     DEBUG main            d.u.i.k.p.i.AbstractProblemLoader Init config took 2.42s 
166837     INFO  main            d.u.i.k.p.i.AbstractProblemLoader Replaying proof doubleNeg.key.proof 
166839     DEBUG main            d.u.i.k.p.i.IntermediateProofReplayer Proof replay took 335.5ns 
166840     DEBUG main            d.u.i.k.p.r.p.TestFile    ... success: reloaded. 
166840     INFO  main            d.u.i.k.p.r.p.TestFile    Now processing file /home/runner/work/key/key/key.core/../key.ui/examples/standard_key/prop_log/liarsville.key 
166841     INFO  main            d.u.i.k.p.i.AbstractProblemLoader Loading environment from /home/runner/work/key/key/key.core/../key.ui/examples/standard_key/prop_log/liarsville.key 
166841     DEBUG main            d.u.i.k.p.i.AbstractProblemLoader Environment load took 83ns 
166842     INFO  main            d.u.i.k.p.i.AbstractProblemLoader Creating init config 
169333     DEBUG main            d.u.i.k.p.i.AbstractProblemLoader Init config took 2.49s 
169346     INFO  main            d.u.i.k.p.i.AbstractProblemLoader Replaying proof liarsville.key 
169347     DEBUG main            d.u.i.k.p.i.IntermediateProofReplayer Proof replay took 7ns 
169450     INFO  main            d.u.i.k.p.r.p.TestFile    ... finished proof: closed. 
169713     INFO  main            d.u.i.k.p.i.AbstractProblemLoader Loading environment from /home/runner/work/key/key/key.core/../key.ui/examples/standard_key/prop_log/liarsville.key.proof 
169713     DEBUG main            d.u.i.k.p.i.AbstractProblemLoader Environment load took 104.2ns 
169714     INFO  main            d.u.i.k.p.i.AbstractProblemLoader Creating init config 
172142     DEBUG main            d.u.i.k.p.i.AbstractProblemLoader Init config took 2.43s 
172155     INFO  main            d.u.i.k.p.i.AbstractProblemLoader Replaying proof liarsville.key.proof 
172158     DEBUG main            d.u.i.k.p.i.IntermediateProofReplayer Proof replay took 951.81ns 
172159     DEBUG main            d.u.i.k.p.r.p.TestFile    ... success: reloaded. 
172160     INFO  main            d.u.i.k.p.r.p.TestFile    Now processing file /home/runner/work/key/key/key.core/../key.ui/examples/standard_key/prop_log/simplest.key 
172160     INFO  main            d.u.i.k.p.i.AbstractProblemLoader Loading environment from /home/runner/work/key/key/key.core/../key.ui/examples/standard_key/prop_log/simplest.key 
172160     DEBUG main            d.u.i.k.p.i.AbstractProblemLoader Environment load took 57.9ns 
172161     INFO  main            d.u.i.k.p.i.AbstractProblemLoader Creating init config 
174662     DEBUG main            d.u.i.k.p.i.AbstractProblemLoader Init config took 2.5s 
174675     INFO  main            d.u.i.k.p.i.AbstractProblemLoader Replaying proof simplest.key 
174676     DEBUG main            d.u.i.k.p.i.IntermediateProofReplayer Proof replay took 6.4ns 
174780     INFO  main            d.u.i.k.p.r.p.TestFile    ... finished proof: closed. 
175051     INFO  main            d.u.i.k.p.i.AbstractProblemLoader Loading environment from /home/runner/work/key/key/key.core/../key.ui/examples/standard_key/prop_log/simplest.key.proof 
175051     DEBUG main            d.u.i.k.p.i.AbstractProblemLoader Environment load took 102.5ns 
175052     INFO  main            d.u.i.k.p.i.AbstractProblemLoader Creating init config 
177470     DEBUG main            d.u.i.k.p.i.AbstractProblemLoader Init config took 2.42s 
177483     INFO  main            d.u.i.k.p.i.AbstractProblemLoader Replaying proof simplest.key.proof 
177485     DEBUG main            d.u.i.k.p.i.IntermediateProofReplayer Proof replay took 90.1ns 
177485     DEBUG main            d.u.i.k.p.r.p.TestFile    ... success: reloaded. 
177486     INFO  main            d.u.i.k.p.r.p.TestFile    Now processing file /home/runner/work/key/key/key.core/../key.ui/examples/standard_key/prop_log/contraposition.key 
177486     INFO  main            d.u.i.k.p.i.AbstractProblemLoader Loading environment from /home/runner/work/key/key/key.core/../key.ui/examples/standard_key/prop_log/contraposition.key 
177486     DEBUG main            d.u.i.k.p.i.AbstractProblemLoader Environment load took 51.3ns 
177487     INFO  main            d.u.i.k.p.i.AbstractProblemLoader Creating init config 
179973     DEBUG main            d.u.i.k.p.i.AbstractProblemLoader Init config took 2.49s 
179985     INFO  main            d.u.i.k.p.i.AbstractProblemLoader Replaying proof contraposition.key 
179986     DEBUG main            d.u.i.k.p.i.IntermediateProofReplayer Proof replay took 6.8ns 
180088     INFO  main            d.u.i.k.p.r.p.TestFile    ... finished proof: closed. 
180361     INFO  main            d.u.i.k.p.i.AbstractProblemLoader Loading environment from /home/runner/work/key/key/key.core/../key.ui/examples/standard_key/prop_log/contraposition.key.proof 
180361     DEBUG main            d.u.i.k.p.i.AbstractProblemLoader Environment load took 107.9ns 
180362     INFO  main            d.u.i.k.p.i.AbstractProblemLoader Creating init config 
182776     DEBUG main            d.u.i.k.p.i.AbstractProblemLoader Init config took 2.41s 
182789     INFO  main            d.u.i.k.p.i.AbstractProblemLoader Replaying proof contraposition.key.proof 
182790     DEBUG main            d.u.i.k.p.i.IntermediateProofReplayer Proof replay took 443.91ns 
182791     DEBUG main            d.u.i.k.p.r.p.TestFile    ... success: reloaded. 
182791     INFO  main            d.u.i.k.p.r.p.TestFile    Now processing file /home/runner/work/key/key/key.core/../key.ui/examples/standard_key/quantifiers/elimination0.key 
182792     INFO  main            d.u.i.k.p.i.AbstractProblemLoader Loading environment from /home/runner/work/key/key/key.core/../key.ui/examples/standard_key/quantifiers/elimination0.key 
182792     DEBUG main            d.u.i.k.p.i.AbstractProblemLoader Environment load took 69.4ns 
182793     INFO  main            d.u.i.k.p.i.AbstractProblemLoader Creating init config 
185291     DEBUG main            d.u.i.k.p.i.AbstractProblemLoader Init config took 2.5s 
185304     INFO  main            d.u.i.k.p.i.AbstractProblemLoader Replaying proof elimination0.key 
185307     DEBUG main            d.u.i.k.p.i.IntermediateProofReplayer Proof replay took 6.9ns 
185408     INFO  main            d.u.i.k.p.r.p.TestFile    ... finished proof: closed. 
185701     INFO  main            d.u.i.k.p.i.AbstractProblemLoader Loading environment from /home/runner/work/key/key/key.core/../key.ui/examples/standard_key/quantifiers/elimination0.key.proof 
185702     DEBUG main            d.u.i.k.p.i.AbstractProblemLoader Environment load took 103.8ns 
185703     INFO  main            d.u.i.k.p.i.AbstractProblemLoader Creating init config 
188177     DEBUG main            d.u.i.k.p.i.AbstractProblemLoader Init config took 2.47s 
188190     INFO  main            d.u.i.k.p.i.AbstractProblemLoader Replaying proof elimination0.key.proof 
188193     DEBUG main            d.u.i.k.p.i.IntermediateProofReplayer Proof replay took 797.11ns 
188193     DEBUG main            d.u.i.k.p.r.p.TestFile    ... success: reloaded. 
188194     INFO  main            d.u.i.k.p.r.p.TestFile    Now processing file /home/runner/work/key/key/key.core/../key.ui/examples/standard_key/quantifiers/heuristic_PUZ001p1-eq.key 
188194     INFO  main            d.u.i.k.p.i.AbstractProblemLoader Loading environment from /home/runner/work/key/key/key.core/../key.ui/examples/standard_key/quantifiers/heuristic_PUZ001p1-eq.key 
188194     DEBUG main            d.u.i.k.p.i.AbstractProblemLoader Environment load took 88.1ns 
188195     INFO  main            d.u.i.k.p.i.AbstractProblemLoader Creating init config 
190701     DEBUG main            d.u.i.k.p.i.AbstractProblemLoader Init config took 2.51s 
190715     INFO  main            d.u.i.k.p.i.AbstractProblemLoader Replaying proof heuristic_PUZ001p1-eq.key 
190717     DEBUG main            d.u.i.k.p.i.IntermediateProofReplayer Proof replay took 6.4ns 
190819     INFO  main            d.u.i.k.p.r.p.TestFile    ... finished proof: closed. 
191235     INFO  main            d.u.i.k.p.i.AbstractProblemLoader Loading environment from /home/runner/work/key/key/key.core/../key.ui/examples/standard_key/quantifiers/heuristic_PUZ001p1-eq.key.proof 
191236     DEBUG main            d.u.i.k.p.i.AbstractProblemLoader Environment load took 115ns 
191239     INFO  main            d.u.i.k.p.i.AbstractProblemLoader Creating init config 
193686     DEBUG main            d.u.i.k.p.i.AbstractProblemLoader Init config took 2.45s 
193699     INFO  main            d.u.i.k.p.i.AbstractProblemLoader Replaying proof heuristic_PUZ001p1-eq.key.proof 
193724     DEBUG main            d.u.i.k.p.i.IntermediateProofReplayer Proof replay took 22.06ms 
193725     DEBUG main            d.u.i.k.p.r.p.TestFile    ... success: reloaded. 
193728     INFO  main            d.u.i.k.p.r.p.TestFile    Now processing file /home/runner/work/key/key/key.core/../key.ui/examples/standard_key/quantifiers/heuristic_PUZ001p1.key 
193728     INFO  main            d.u.i.k.p.i.AbstractProblemLoader Loading environment from /home/runner/work/key/key/key.core/../key.ui/examples/standard_key/quantifiers/heuristic_PUZ001p1.key 
193732     DEBUG main            d.u.i.k.p.i.AbstractProblemLoader Environment load took 4.53ms 
193734     INFO  main            d.u.i.k.p.i.AbstractProblemLoader Creating init config 
196219     DEBUG main            d.u.i.k.p.i.AbstractProblemLoader Init config took 2.49s 
196234     INFO  main            d.u.i.k.p.i.AbstractProblemLoader Replaying proof heuristic_PUZ001p1.key 
196236     DEBUG main            d.u.i.k.p.i.IntermediateProofReplayer Proof replay took 6.5ns 
197441     INFO  main            d.u.i.k.p.r.p.TestFile    ... finished proof: closed. 
197764     INFO  main            d.u.i.k.p.i.AbstractProblemLoader Loading environment from /home/runner/work/key/key/key.core/../key.ui/examples/standard_key/quantifiers/heuristic_PUZ001p1.key.proof 
197764     DEBUG main            d.u.i.k.p.i.AbstractProblemLoader Environment load took 383.71ns 
197766     INFO  main            d.u.i.k.p.i.AbstractProblemLoader Creating init config 
200209     DEBUG main            d.u.i.k.p.i.AbstractProblemLoader Init config took 2.44s 
200224     INFO  main            d.u.i.k.p.i.AbstractProblemLoader Replaying proof heuristic_PUZ001p1.key.proof 
200258     DEBUG main            d.u.i.k.p.i.IntermediateProofReplayer Proof replay took 29.2ms 
200259     DEBUG main            d.u.i.k.p.r.p.TestFile    ... success: reloaded. 
200260     INFO  main            d.u.i.k.p.r.p.TestFile    Now processing file /home/runner/work/key/key/key.core/../key.ui/examples/standard_key/quantifiers/heuristic_PUZ031p1.key 
200261     INFO  main            d.u.i.k.p.i.AbstractProblemLoader Loading environment from /home/runner/work/key/key/key.core/../key.ui/examples/standard_key/quantifiers/heuristic_PUZ031p1.key 
200261     DEBUG main            d.u.i.k.p.i.AbstractProblemLoader Environment load took 181ns 
200263     INFO  main            d.u.i.k.p.i.AbstractProblemLoader Creating init config 
202845     DEBUG main            d.u.i.k.p.i.AbstractProblemLoader Init config took 2.58s 
202860     INFO  main            d.u.i.k.p.i.AbstractProblemLoader Replaying proof heuristic_PUZ031p1.key 
202861     DEBUG main            d.u.i.k.p.i.IntermediateProofReplayer Proof replay took 7.8ns 
207370     INFO  main            d.u.i.k.p.r.p.TestFile    ... finished proof: closed. 
207701     INFO  main            d.u.i.k.p.i.AbstractProblemLoader Loading environment from /home/runner/work/key/key/key.core/../key.ui/examples/standard_key/quantifiers/heuristic_PUZ031p1.key.proof 
207702     DEBUG main            d.u.i.k.p.i.AbstractProblemLoader Environment load took 523.21ns 
207703     INFO  main            d.u.i.k.p.i.AbstractProblemLoader Creating init config 
210101     DEBUG main            d.u.i.k.p.i.AbstractProblemLoader Init config took 2.4s 
210115     INFO  main            d.u.i.k.p.i.AbstractProblemLoader Replaying proof heuristic_PUZ031p1.key.proof 
210164     DEBUG main            d.u.i.k.p.i.IntermediateProofReplayer Proof replay took 44.33ms 
210165     DEBUG main            d.u.i.k.p.r.p.TestFile    ... success: reloaded. 
210166     INFO  main            d.u.i.k.p.r.p.TestFile    Now processing file /home/runner/work/key/key/key.core/../key.ui/examples/standard_key/quantifiers/heuristic_SYN036p2.key 
210166     INFO  main            d.u.i.k.p.i.AbstractProblemLoader Loading environment from /home/runner/work/key/key/key.core/../key.ui/examples/standard_key/quantifiers/heuristic_SYN036p2.key 
210166     DEBUG main            d.u.i.k.p.i.AbstractProblemLoader Environment load took 83.3ns 
210168     INFO  main            d.u.i.k.p.i.AbstractProblemLoader Creating init config 
212658     DEBUG main            d.u.i.k.p.i.AbstractProblemLoader Init config took 2.49s 
212671     INFO  main            d.u.i.k.p.i.AbstractProblemLoader Replaying proof heuristic_SYN036p2.key 
212673     DEBUG main            d.u.i.k.p.i.IntermediateProofReplayer Proof replay took 6.6ns 
212881     INFO  main            d.u.i.k.p.r.p.TestFile    ... finished proof: closed. 
213218     INFO  main            d.u.i.k.p.i.AbstractProblemLoader Loading environment from /home/runner/work/key/key/key.core/../key.ui/examples/standard_key/quantifiers/heuristic_SYN036p2.key.proof 
213218     DEBUG main            d.u.i.k.p.i.AbstractProblemLoader Environment load took 338.7ns 
213220     INFO  main            d.u.i.k.p.i.AbstractProblemLoader Creating init config 
215626     DEBUG main            d.u.i.k.p.i.AbstractProblemLoader Init config took 2.41s 
215639     INFO  main            d.u.i.k.p.i.AbstractProblemLoader Replaying proof heuristic_SYN036p2.key.proof 
215684     DEBUG main            d.u.i.k.p.i.IntermediateProofReplayer Proof replay took 38.68ms 
215685     DEBUG main            d.u.i.k.p.r.p.TestFile    ... success: reloaded. 
215686     INFO  main            d.u.i.k.p.r.p.TestFile    Now processing file /home/runner/work/key/key/key.core/../key.ui/examples/standard_key/quantifiers/injectivity.key 
215686     INFO  main            d.u.i.k.p.i.AbstractProblemLoader Loading environment from /home/runner/work/key/key/key.core/../key.ui/examples/standard_key/quantifiers/injectivity.key 
215686     DEBUG main            d.u.i.k.p.i.AbstractProblemLoader Environment load took 90.6ns 
215687     INFO  main            d.u.i.k.p.i.AbstractProblemLoader Creating init config 
218145     DEBUG main            d.u.i.k.p.i.AbstractProblemLoader Init config took 2.46s 
218158     INFO  main            d.u.i.k.p.i.AbstractProblemLoader Replaying proof injectivity.key 
218159     DEBUG main            d.u.i.k.p.i.IntermediateProofReplayer Proof replay took 7ns 
218261     INFO  main            d.u.i.k.p.r.p.TestFile    ... finished proof: closed. 
218573     INFO  main            d.u.i.k.p.i.AbstractProblemLoader Loading environment from /home/runner/work/key/key/key.core/../key.ui/examples/standard_key/quantifiers/injectivity.key.proof 
218573     DEBUG main            d.u.i.k.p.i.AbstractProblemLoader Environment load took 106ns 
218574     INFO  main            d.u.i.k.p.i.AbstractProblemLoader Creating init config 
220992     DEBUG main            d.u.i.k.p.i.AbstractProblemLoader Init config took 2.42s 
221005     INFO  main            d.u.i.k.p.i.AbstractProblemLoader Replaying proof injectivity.key.proof 
221007     DEBUG main            d.u.i.k.p.i.IntermediateProofReplayer Proof replay took 1.15ms 
221008     DEBUG main            d.u.i.k.p.r.p.TestFile    ... success: reloaded. 
221009     INFO  main            d.u.i.k.p.r.p.TestFile    Now processing file /home/runner/work/key/key/key.core/../key.ui/examples/standard_key/quantifiers/normalisation0.key 
221009     INFO  main            d.u.i.k.p.i.AbstractProblemLoader Loading environment from /home/runner/work/key/key/key.core/../key.ui/examples/standard_key/quantifiers/normalisation0.key 
221009     DEBUG main            d.u.i.k.p.i.AbstractProblemLoader Environment load took 86.9ns 
221010     INFO  main            d.u.i.k.p.i.AbstractProblemLoader Creating init config 
223463     DEBUG main            d.u.i.k.p.i.AbstractProblemLoader Init config took 2.45s 
223476     INFO  main            d.u.i.k.p.i.AbstractProblemLoader Replaying proof normalisation0.key 
223477     DEBUG main            d.u.i.k.p.i.IntermediateProofReplayer Proof replay took 6.2ns 
223583     INFO  main            d.u.i.k.p.r.p.TestFile    ... finished proof: closed. 
223908     INFO  main            d.u.i.k.p.i.AbstractProblemLoader Loading environment from /home/runner/work/key/key/key.core/../key.ui/examples/standard_key/quantifiers/normalisation0.key.proof 
223908     DEBUG main            d.u.i.k.p.i.AbstractProblemLoader Environment load took 96.7ns 
223909     INFO  main            d.u.i.k.p.i.AbstractProblemLoader Creating init config 
226313     DEBUG main            d.u.i.k.p.i.AbstractProblemLoader Init config took 2.4s 
226327     INFO  main            d.u.i.k.p.i.AbstractProblemLoader Replaying proof normalisation0.key.proof 
226329     DEBUG main            d.u.i.k.p.i.IntermediateProofReplayer Proof replay took 892.01ns 
226330     DEBUG main            d.u.i.k.p.r.p.TestFile    ... success: reloaded. 
226331     INFO  main            d.u.i.k.p.r.p.TestFile    Now processing file /home/runner/work/key/key/key.core/../key.ui/examples/standard_key/quantifiers/normalisation1.key 
226331     INFO  main            d.u.i.k.p.i.AbstractProblemLoader Loading environment from /home/runner/work/key/key/key.core/../key.ui/examples/standard_key/quantifiers/normalisation1.key 
226331     DEBUG main            d.u.i.k.p.i.AbstractProblemLoader Environment load took 51.7ns 
226332     INFO  main            d.u.i.k.p.i.AbstractProblemLoader Creating init config 
228804     DEBUG main            d.u.i.k.p.i.AbstractProblemLoader Init config took 2.47s 
228835     INFO  main            d.u.i.k.p.i.AbstractProblemLoader Replaying proof normalisation1.key 
228837     DEBUG main            d.u.i.k.p.i.IntermediateProofReplayer Proof replay took 8.1ns 
228942     INFO  main            d.u.i.k.p.r.p.TestFile    ... finished proof: closed. 
229269     INFO  main            d.u.i.k.p.i.AbstractProblemLoader Loading environment from /home/runner/work/key/key/key.core/../key.ui/examples/standard_key/quantifiers/normalisation1.key.proof 
229269     DEBUG main            d.u.i.k.p.i.AbstractProblemLoader Environment load took 107.9ns 
229270     INFO  main            d.u.i.k.p.i.AbstractProblemLoader Creating init config 
231673     DEBUG main            d.u.i.k.p.i.AbstractProblemLoader Init config took 2.4s 
231687     INFO  main            d.u.i.k.p.i.AbstractProblemLoader Replaying proof normalisation1.key.proof 
231689     DEBUG main            d.u.i.k.p.i.IntermediateProofReplayer Proof replay took 850.61ns 
231690     DEBUG main            d.u.i.k.p.r.p.TestFile    ... success: reloaded. 
231691     INFO  main            d.u.i.k.p.r.p.TestFile    Now processing file /home/runner/work/key/key/key.core/../key.ui/examples/standard_key/quantifiers/normalisation2.key 
231691     INFO  main            d.u.i.k.p.i.AbstractProblemLoader Loading environment from /home/runner/work/key/key/key.core/../key.ui/examples/standard_key/quantifiers/normalisation2.key 
231691     DEBUG main            d.u.i.k.p.i.AbstractProblemLoader Environment load took 82.7ns 
231692     INFO  main            d.u.i.k.p.i.AbstractProblemLoader Creating init config 
234166     DEBUG main            d.u.i.k.p.i.AbstractProblemLoader Init config took 2.47s 
234180     INFO  main            d.u.i.k.p.i.AbstractProblemLoader Replaying proof normalisation2.key 
234181     DEBUG main            d.u.i.k.p.i.IntermediateProofReplayer Proof replay took 6.9ns 
234282     INFO  main            d.u.i.k.p.r.p.TestFile    ... finished proof: closed. 
234605     INFO  main            d.u.i.k.p.i.AbstractProblemLoader Loading environment from /home/runner/work/key/key/key.core/../key.ui/examples/standard_key/quantifiers/normalisation2.key.proof 
234606     DEBUG main            d.u.i.k.p.i.AbstractProblemLoader Environment load took 96.9ns 
234607     INFO  main            d.u.i.k.p.i.AbstractProblemLoader Creating init config 
237019     DEBUG main            d.u.i.k.p.i.AbstractProblemLoader Init config took 2.41s 
237034     INFO  main            d.u.i.k.p.i.AbstractProblemLoader Replaying proof normalisation2.key.proof 
237037     DEBUG main            d.u.i.k.p.i.IntermediateProofReplayer Proof replay took 1.2ms 
237037     DEBUG main            d.u.i.k.p.r.p.TestFile    ... success: reloaded. 
237038     INFO  main            d.u.i.k.p.r.p.TestFile    Now processing file /home/runner/work/key/key/key.core/../key.ui/examples/standard_key/quantifiers/normalisation3.key 
237038     INFO  main            d.u.i.k.p.i.AbstractProblemLoader Loading environment from /home/runner/work/key/key/key.core/../key.ui/examples/standard_key/quantifiers/normalisation3.key 
237038     DEBUG main            d.u.i.k.p.i.AbstractProblemLoader Environment load took 80.4ns 
237039     INFO  main            d.u.i.k.p.i.AbstractProblemLoader Creating init config 
239486     DEBUG main            d.u.i.k.p.i.AbstractProblemLoader Init config took 2.45s 
239500     INFO  main            d.u.i.k.p.i.AbstractProblemLoader Replaying proof normalisation3.key 
239501     DEBUG main            d.u.i.k.p.i.IntermediateProofReplayer Proof replay took 6.3ns 
239603     INFO  main            d.u.i.k.p.r.p.TestFile    ... finished proof: closed. 
239931     INFO  main            d.u.i.k.p.i.AbstractProblemLoader Loading environment from /home/runner/work/key/key/key.core/../key.ui/examples/standard_key/quantifiers/normalisation3.key.proof 
239931     DEBUG main            d.u.i.k.p.i.AbstractProblemLoader Environment load took 97.9ns 
239932     INFO  main            d.u.i.k.p.i.AbstractProblemLoader Creating init config 
242371     DEBUG main            d.u.i.k.p.i.AbstractProblemLoader Init config took 2.44s 
242385     INFO  main            d.u.i.k.p.i.AbstractProblemLoader Replaying proof normalisation3.key.proof 
242387     DEBUG main            d.u.i.k.p.i.IntermediateProofReplayer Proof replay took 949.61ns 
242388     DEBUG main            d.u.i.k.p.r.p.TestFile    ... success: reloaded. 
242389     INFO  main            d.u.i.k.p.r.p.TestFile    Now processing file /home/runner/work/key/key/key.core/../key.ui/examples/standard_key/quantifiers/normalisation4.key 
242389     INFO  main            d.u.i.k.p.i.AbstractProblemLoader Loading environment from /home/runner/work/key/key/key.core/../key.ui/examples/standard_key/quantifiers/normalisation4.key 
242389     DEBUG main            d.u.i.k.p.i.AbstractProblemLoader Environment load took 176.9ns 
242390     INFO  main            d.u.i.k.p.i.AbstractProblemLoader Creating init config 
244842     DEBUG main            d.u.i.k.p.i.AbstractProblemLoader Init config took 2.45s 
244855     INFO  main            d.u.i.k.p.i.AbstractProblemLoader Replaying proof normalisation4.key 
244857     DEBUG main            d.u.i.k.p.i.IntermediateProofReplayer Proof replay took 6.8ns 
244959     INFO  main            d.u.i.k.p.r.p.TestFile    ... finished proof: closed. 
245303     INFO  main            d.u.i.k.p.i.AbstractProblemLoader Loading environment from /home/runner/work/key/key/key.core/../key.ui/examples/standard_key/quantifiers/normalisation4.key.proof 
245303     DEBUG main            d.u.i.k.p.i.AbstractProblemLoader Environment load took 98.4ns 
245304     INFO  main            d.u.i.k.p.i.AbstractProblemLoader Creating init config 
247716     DEBUG main            d.u.i.k.p.i.AbstractProblemLoader Init config took 2.41s 
247730     INFO  main            d.u.i.k.p.i.AbstractProblemLoader Replaying proof normalisation4.key.proof 
247733     DEBUG main            d.u.i.k.p.i.IntermediateProofReplayer Proof replay took 2ms 
247734     DEBUG main            d.u.i.k.p.r.p.TestFile    ... success: reloaded. 
247735     INFO  main            d.u.i.k.p.r.p.TestFile    Now processing file /home/runner/work/key/key/key.core/../key.ui/examples/standard_key/quantifiers/normalisation5.key 
247735     INFO  main            d.u.i.k.p.i.AbstractProblemLoader Loading environment from /home/runner/work/key/key/key.core/../key.ui/examples/standard_key/quantifiers/normalisation5.key 
247735     DEBUG main            d.u.i.k.p.i.AbstractProblemLoader Environment load took 90.5ns 
247736     INFO  main            d.u.i.k.p.i.AbstractProblemLoader Creating init config 
250194     DEBUG main            d.u.i.k.p.i.AbstractProblemLoader Init config took 2.46s 
250207     INFO  main            d.u.i.k.p.i.AbstractProblemLoader Replaying proof normalisation5.key 
250208     DEBUG main            d.u.i.k.p.i.IntermediateProofReplayer Proof replay took 7.7ns 
250312     INFO  main            d.u.i.k.p.r.p.TestFile    ... finished proof: closed. 
250666     INFO  main            d.u.i.k.p.i.AbstractProblemLoader Loading environment from /home/runner/work/key/key/key.core/../key.ui/examples/standard_key/quantifiers/normalisation5.key.proof 
250666     DEBUG main            d.u.i.k.p.i.AbstractProblemLoader Environment load took 108.9ns 
250667     INFO  main            d.u.i.k.p.i.AbstractProblemLoader Creating init config 
253108     DEBUG main            d.u.i.k.p.i.AbstractProblemLoader Init config took 2.44s 
253121     INFO  main            d.u.i.k.p.i.AbstractProblemLoader Replaying proof normalisation5.key.proof 
253132     DEBUG main            d.u.i.k.p.i.IntermediateProofReplayer Proof replay took 8.5ms 
253134     DEBUG main            d.u.i.k.p.r.p.TestFile    ... success: reloaded. 
253135     INFO  main            d.u.i.k.p.r.p.TestFile    Now processing file /home/runner/work/key/key/key.core/../key.ui/examples/standard_key/quantifiers/normalisation6.key 
253135     INFO  main            d.u.i.k.p.i.AbstractProblemLoader Loading environment from /home/runner/work/key/key/key.core/../key.ui/examples/standard_key/quantifiers/normalisation6.key 
253140     DEBUG main            d.u.i.k.p.i.AbstractProblemLoader Environment load took 4.43ms 
253142     INFO  main            d.u.i.k.p.i.AbstractProblemLoader Creating init config 
255583     DEBUG main            d.u.i.k.p.i.AbstractProblemLoader Init config took 2.44s 
255596     INFO  main            d.u.i.k.p.i.AbstractProblemLoader Replaying proof normalisation6.key 
255597     DEBUG main            d.u.i.k.p.i.IntermediateProofReplayer Proof replay took 7.7ns 
255699     INFO  main            d.u.i.k.p.r.p.TestFile    ... finished proof: closed. 
256047     INFO  main            d.u.i.k.p.i.AbstractProblemLoader Loading environment from /home/runner/work/key/key/key.core/../key.ui/examples/standard_key/quantifiers/normalisation6.key.proof 
256047     DEBUG main            d.u.i.k.p.i.AbstractProblemLoader Environment load took 88.7ns 
256048     INFO  main            d.u.i.k.p.i.AbstractProblemLoader Creating init config 
258466     DEBUG main            d.u.i.k.p.i.AbstractProblemLoader Init config took 2.42s 
258479     INFO  main            d.u.i.k.p.i.AbstractProblemLoader Replaying proof normalisation6.key.proof 
258482     DEBUG main            d.u.i.k.p.i.IntermediateProofReplayer Proof replay took 1.14ms 
258483     DEBUG main            d.u.i.k.p.r.p.TestFile    ... success: reloaded. 
258483     INFO  main            d.u.i.k.p.r.p.TestFile    Now processing file /home/runner/work/key/key/key.core/../key.ui/examples/standard_key/quantifiers/normalisation7.key 
258484     INFO  main            d.u.i.k.p.i.AbstractProblemLoader Loading environment from /home/runner/work/key/key/key.core/../key.ui/examples/standard_key/quantifiers/normalisation7.key 
258484     DEBUG main            d.u.i.k.p.i.AbstractProblemLoader Environment load took 45.5ns 
258484     INFO  main            d.u.i.k.p.i.AbstractProblemLoader Creating init config 
260923     DEBUG main            d.u.i.k.p.i.AbstractProblemLoader Init config took 2.44s 
260937     INFO  main            d.u.i.k.p.i.AbstractProblemLoader Replaying proof normalisation7.key 
260938     DEBUG main            d.u.i.k.p.i.IntermediateProofReplayer Proof replay took 6ns 
261040     INFO  main            d.u.i.k.p.r.p.TestFile    ... finished proof: closed. 
261391     INFO  main            d.u.i.k.p.i.AbstractProblemLoader Loading environment from /home/runner/work/key/key/key.core/../key.ui/examples/standard_key/quantifiers/normalisation7.key.proof 
261391     DEBUG main            d.u.i.k.p.i.AbstractProblemLoader Environment load took 103.3ns 
261392     INFO  main            d.u.i.k.p.i.AbstractProblemLoader Creating init config 
263805     DEBUG main            d.u.i.k.p.i.AbstractProblemLoader Init config took 2.41s 
263819     INFO  main            d.u.i.k.p.i.AbstractProblemLoader Replaying proof normalisation7.key.proof 
263822     DEBUG main            d.u.i.k.p.i.IntermediateProofReplayer Proof replay took 1.11ms 
263822     DEBUG main            d.u.i.k.p.r.p.TestFile    ... success: reloaded. 
263823     INFO  main            d.u.i.k.p.r.p.TestFile    Now processing file /home/runner/work/key/key/key.core/../key.ui/examples/standard_key/quantifiers/normalisation8.key 
263823     INFO  main            d.u.i.k.p.i.AbstractProblemLoader Loading environment from /home/runner/work/key/key/key.core/../key.ui/examples/standard_key/quantifiers/normalisation8.key 
263823     DEBUG main            d.u.i.k.p.i.AbstractProblemLoader Environment load took 46.6ns 
263824     INFO  main            d.u.i.k.p.i.AbstractProblemLoader Creating init config 
266271     DEBUG main            d.u.i.k.p.i.AbstractProblemLoader Init config took 2.45s 
266285     INFO  main            d.u.i.k.p.i.AbstractProblemLoader Replaying proof normalisation8.key 
266287     DEBUG main            d.u.i.k.p.i.IntermediateProofReplayer Proof replay took 6.9ns 
266389     INFO  main            d.u.i.k.p.r.p.TestFile    ... finished proof: closed. 
266743     INFO  main            d.u.i.k.p.i.AbstractProblemLoader Loading environment from /home/runner/work/key/key/key.core/../key.ui/examples/standard_key/quantifiers/normalisation8.key.proof 
266743     DEBUG main            d.u.i.k.p.i.AbstractProblemLoader Environment load took 84.7ns 
266745     INFO  main            d.u.i.k.p.i.AbstractProblemLoader Creating init config 
269154     DEBUG main            d.u.i.k.p.i.AbstractProblemLoader Init config took 2.41s 
269168     INFO  main            d.u.i.k.p.i.AbstractProblemLoader Replaying proof normalisation8.key.proof 
269171     DEBUG main            d.u.i.k.p.i.IntermediateProofReplayer Proof replay took 2.32ms 
269172     DEBUG main            d.u.i.k.p.r.p.TestFile    ... success: reloaded. 
269173     INFO  main            d.u.i.k.p.r.p.TestFile    Now processing file /home/runner/work/key/key/key.core/../key.ui/examples/standard_key/quantifiers/normalisation9.key 
269173     INFO  main            d.u.i.k.p.i.AbstractProblemLoader Loading environment from /home/runner/work/key/key/key.core/../key.ui/examples/standard_key/quantifiers/normalisation9.key 
269174     DEBUG main            d.u.i.k.p.i.AbstractProblemLoader Environment load took 94.8ns 
269175     INFO  main            d.u.i.k.p.i.AbstractProblemLoader Creating init config 
271633     DEBUG main            d.u.i.k.p.i.AbstractProblemLoader Init config took 2.46s 
271645     INFO  main            d.u.i.k.p.i.AbstractProblemLoader Replaying proof normalisation9.key 
271647     DEBUG main            d.u.i.k.p.i.IntermediateProofReplayer Proof replay took 6.5ns 
271749     INFO  main            d.u.i.k.p.r.p.TestFile    ... finished proof: closed. 
272122     INFO  main            d.u.i.k.p.i.AbstractProblemLoader Loading environment from /home/runner/work/key/key/key.core/../key.ui/examples/standard_key/quantifiers/normalisation9.key.proof 
272122     DEBUG main            d.u.i.k.p.i.AbstractProblemLoader Environment load took 85.8ns 
272123     INFO  main            d.u.i.k.p.i.AbstractProblemLoader Creating init config 
274532     DEBUG main            d.u.i.k.p.i.AbstractProblemLoader Init config took 2.41s 
274545     INFO  main            d.u.i.k.p.i.AbstractProblemLoader Replaying proof normalisation9.key.proof 
274549     DEBUG main            d.u.i.k.p.i.IntermediateProofReplayer Proof replay took 2.19ms 
274550     DEBUG main            d.u.i.k.p.r.p.TestFile    ... success: reloaded. 
274550     INFO  main            d.u.i.k.p.r.p.TestFile    Now processing file /home/runner/work/key/key/key.core/../key.ui/examples/standard_key/quantifiers/normalisation10.key 
274551     INFO  main            d.u.i.k.p.i.AbstractProblemLoader Loading environment from /home/runner/work/key/key/key.core/../key.ui/examples/standard_key/quantifiers/normalisation10.key 
274551     DEBUG main            d.u.i.k.p.i.AbstractProblemLoader Environment load took 86.6ns 
274552     INFO  main            d.u.i.k.p.i.AbstractProblemLoader Creating init config 
277004     DEBUG main            d.u.i.k.p.i.AbstractProblemLoader Init config took 2.45s 
277017     INFO  main            d.u.i.k.p.i.AbstractProblemLoader Replaying proof normalisation10.key 
277019     DEBUG main            d.u.i.k.p.i.IntermediateProofReplayer Proof replay took 6.2ns 
277121     INFO  main            d.u.i.k.p.r.p.TestFile    ... finished proof: closed. 
277495     INFO  main            d.u.i.k.p.i.AbstractProblemLoader Loading environment from /home/runner/work/key/key/key.core/../key.ui/examples/standard_key/quantifiers/normalisation10.key.proof 
277495     DEBUG main            d.u.i.k.p.i.AbstractProblemLoader Environment load took 113.7ns 
277496     INFO  main            d.u.i.k.p.i.AbstractProblemLoader Creating init config 
279930     DEBUG main            d.u.i.k.p.i.AbstractProblemLoader Init config took 2.43s 
279944     INFO  main            d.u.i.k.p.i.AbstractProblemLoader Replaying proof normalisation10.key.proof 
279948     DEBUG main            d.u.i.k.p.i.IntermediateProofReplayer Proof replay took 2.61ms 
279949     DEBUG main            d.u.i.k.p.r.p.TestFile    ... success: reloaded. 
279949     INFO  main            d.u.i.k.p.r.p.TestFile    Now processing file /home/runner/work/key/key/key.core/../key.ui/examples/standard_key/quantifiers/normalisation12.key 
279950     INFO  main            d.u.i.k.p.i.AbstractProblemLoader Loading environment from /home/runner/work/key/key/key.core/../key.ui/examples/standard_key/quantifiers/normalisation12.key 
279950     DEBUG main            d.u.i.k.p.i.AbstractProblemLoader Environment load took 45ns 
279950     INFO  main            d.u.i.k.p.i.AbstractProblemLoader Creating init config 
282403     DEBUG main            d.u.i.k.p.i.AbstractProblemLoader Init config took 2.45s 
282416     INFO  main            d.u.i.k.p.i.AbstractProblemLoader Replaying proof normalisation12.key 
282417     DEBUG main            d.u.i.k.p.i.IntermediateProofReplayer Proof replay took 8.1ns 
282519     INFO  main            d.u.i.k.p.r.p.TestFile    ... finished proof: closed. 
282899     INFO  main            d.u.i.k.p.i.AbstractProblemLoader Loading environment from /home/runner/work/key/key/key.core/../key.ui/examples/standard_key/quantifiers/normalisation12.key.proof 
282900     DEBUG main            d.u.i.k.p.i.AbstractProblemLoader Environment load took 87.4ns 
282901     INFO  main            d.u.i.k.p.i.AbstractProblemLoader Creating init config 
285311     DEBUG main            d.u.i.k.p.i.AbstractProblemLoader Init config took 2.41s 
285324     INFO  main            d.u.i.k.p.i.AbstractProblemLoader Replaying proof normalisation12.key.proof 
285326     DEBUG main            d.u.i.k.p.i.IntermediateProofReplayer Proof replay took 843.81ns 
285327     DEBUG main            d.u.i.k.p.r.p.TestFile    ... success: reloaded. 
285328     INFO  main            d.u.i.k.p.r.p.TestFile    Now processing file /home/runner/work/key/key/key.core/../key.ui/examples/standard_key/quantifiers/normalisation13.key 
285328     INFO  main            d.u.i.k.p.i.AbstractProblemLoader Loading environment from /home/runner/work/key/key/key.core/../key.ui/examples/standard_key/quantifiers/normalisation13.key 
285328     DEBUG main            d.u.i.k.p.i.AbstractProblemLoader Environment load took 59ns 
285329     INFO  main            d.u.i.k.p.i.AbstractProblemLoader Creating init config 
287782     DEBUG main            d.u.i.k.p.i.AbstractProblemLoader Init config took 2.45s 
287795     INFO  main            d.u.i.k.p.i.AbstractProblemLoader Replaying proof normalisation13.key 
287796     DEBUG main            d.u.i.k.p.i.IntermediateProofReplayer Proof replay took 7.2ns 
287898     INFO  main            d.u.i.k.p.r.p.TestFile    ... finished proof: closed. 
288279     INFO  main            d.u.i.k.p.i.AbstractProblemLoader Loading environment from /home/runner/work/key/key/key.core/../key.ui/examples/standard_key/quantifiers/normalisation13.key.proof 
288279     DEBUG main            d.u.i.k.p.i.AbstractProblemLoader Environment load took 84.2ns 
288280     INFO  main            d.u.i.k.p.i.AbstractProblemLoader Creating init config 
290683     DEBUG main            d.u.i.k.p.i.AbstractProblemLoader Init config took 2.4s 
290697     INFO  main            d.u.i.k.p.i.AbstractProblemLoader Replaying proof normalisation13.key.proof 
290701     DEBUG main            d.u.i.k.p.i.IntermediateProofReplayer Proof replay took 499.61ns 
290702     DEBUG main            d.u.i.k.p.r.p.TestFile    ... success: reloaded. 
290703     INFO  main            d.u.i.k.p.r.p.TestFile    Now processing file /home/runner/work/key/key/key.core/../key.ui/examples/standard_key/quantifiers/triggers0.key 
290703     INFO  main            d.u.i.k.p.i.AbstractProblemLoader Loading environment from /home/runner/work/key/key/key.core/../key.ui/examples/standard_key/quantifiers/triggers0.key 
290703     DEBUG main            d.u.i.k.p.i.AbstractProblemLoader Environment load took 45.8ns 
290704     INFO  main            d.u.i.k.p.i.AbstractProblemLoader Creating init config 
293177     DEBUG main            d.u.i.k.p.i.AbstractProblemLoader Init config took 2.47s 
293189     INFO  main            d.u.i.k.p.i.AbstractProblemLoader Replaying proof triggers0.key 
293191     DEBUG main            d.u.i.k.p.i.IntermediateProofReplayer Proof replay took 6.8ns 
293294     INFO  main            d.u.i.k.p.r.p.TestFile    ... finished proof: closed. 
293673     INFO  main            d.u.i.k.p.i.AbstractProblemLoader Loading environment from /home/runner/work/key/key/key.core/../key.ui/examples/standard_key/quantifiers/triggers0.key.proof 
293673     DEBUG main            d.u.i.k.p.i.AbstractProblemLoader Environment load took 85.8ns 
293674     INFO  main            d.u.i.k.p.i.AbstractProblemLoader Creating init config 
296085     DEBUG main            d.u.i.k.p.i.AbstractProblemLoader Init config took 2.41s 
296098     INFO  main            d.u.i.k.p.i.AbstractProblemLoader Replaying proof triggers0.key.proof 
296100     DEBUG main            d.u.i.k.p.i.IntermediateProofReplayer Proof replay took 830.91ns 
296101     DEBUG main            d.u.i.k.p.r.p.TestFile    ... success: reloaded. 
3745173    INFO  Test worker     d.u.i.k.p.r.p.StatisticsFile Returning from test FOL 
3745181    INFO  Test worker     d.u.i.k.p.r.p.StatisticsFile Running test strings 
360        INFO  Timeout watchdog d.u.i.k.p.r.p.ForkedTestFileRunner Timeout watcher launched (2000 secs.) 
376        WARN  main            d.u.i.k.s.ProofSettings   The settings in /home/runner/.key/proof-settings.props are *not* read. 
426        INFO  main            d.u.i.k.p.r.p.TestFile    Now processing file /home/runner/work/key/key/key.core/../key.ui/examples/standard_key/strings/charAt0.key 
571        INFO  main            d.u.i.k.p.i.AbstractProblemLoader Loading environment from /home/runner/work/key/key/key.core/../key.ui/examples/standard_key/strings/charAt0.key 
597        DEBUG main            d.u.i.k.p.i.AbstractProblemLoader Environment load took 1.81ms 
842        INFO  main            d.u.i.k.p.i.AbstractProblemLoader Creating init config 
1661       DEBUG main            d.u.i.k.j.TypeConverter   No LDT found for Meta 
1662       DEBUG main            d.u.i.k.j.TypeConverter   No LDT found for Meta 
1663       DEBUG main            d.u.i.k.j.TypeConverter   No LDT found for Meta 
1664       DEBUG main            d.u.i.k.j.TypeConverter   No LDT found for Meta 
3227       DEBUG main            d.u.i.k.j.TypeConverter   No LDT found for JavaBigintExpression 
7886       DEBUG main            d.u.i.k.p.i.AbstractProblemLoader Init config took 7.04s 
7947       INFO  main            d.u.i.k.p.i.AbstractProblemLoader Replaying proof charAt0.key 
7985       DEBUG main            d.u.i.k.p.i.IntermediateProofReplayer Proof replay took 30.8ns 
8359       INFO  main            d.u.i.k.p.r.p.TestFile    ... finished proof: closed. 
8459       INFO  main            d.u.i.k.p.i.AbstractProblemLoader Loading environment from /home/runner/work/key/key/key.core/../key.ui/examples/standard_key/strings/charAt0.key.proof 
8459       DEBUG main            d.u.i.k.p.i.AbstractProblemLoader Environment load took 223.9ns 
8463       INFO  main            d.u.i.k.p.i.AbstractProblemLoader Creating init config 
11098      DEBUG main            d.u.i.k.p.i.AbstractProblemLoader Init config took 2.63s 
11128      INFO  main            d.u.i.k.p.i.AbstractProblemLoader Replaying proof charAt0.key.proof 
11145      DEBUG main            d.u.i.k.p.i.IntermediateProofReplayer Proof replay took 12.61ms 
11156      DEBUG main            d.u.i.k.p.r.p.TestFile    ... success: reloaded. 
11157      INFO  main            d.u.i.k.p.r.p.TestFile    Now processing file /home/runner/work/key/key/key.core/../key.ui/examples/standard_key/strings/charAt1.key 
11158      INFO  main            d.u.i.k.p.i.AbstractProblemLoader Loading environment from /home/runner/work/key/key/key.core/../key.ui/examples/standard_key/strings/charAt1.key 
11158      DEBUG main            d.u.i.k.p.i.AbstractProblemLoader Environment load took 214.2ns 
11161      INFO  main            d.u.i.k.p.i.AbstractProblemLoader Creating init config 
13738      DEBUG main            d.u.i.k.p.i.AbstractProblemLoader Init config took 2.58s 
13767      INFO  main            d.u.i.k.p.i.AbstractProblemLoader Replaying proof charAt1.key 
13769      DEBUG main            d.u.i.k.p.i.IntermediateProofReplayer Proof replay took 6.9ns 
13973      INFO  main            d.u.i.k.p.r.p.TestFile    ... finished proof: closed. 
14103      INFO  main            d.u.i.k.p.i.AbstractProblemLoader Loading environment from /home/runner/work/key/key/key.core/../key.ui/examples/standard_key/strings/charAt1.key.proof 
14103      DEBUG main            d.u.i.k.p.i.AbstractProblemLoader Environment load took 154.5ns 
14107      INFO  main            d.u.i.k.p.i.AbstractProblemLoader Creating init config 
16600      DEBUG main            d.u.i.k.p.i.AbstractProblemLoader Init config took 2.49s 
16624      INFO  main            d.u.i.k.p.i.AbstractProblemLoader Replaying proof charAt1.key.proof 
16638      DEBUG main            d.u.i.k.p.i.IntermediateProofReplayer Proof replay took 10.73ms 
16640      DEBUG main            d.u.i.k.p.r.p.TestFile    ... success: reloaded. 
16641      INFO  main            d.u.i.k.p.r.p.TestFile    Now processing file /home/runner/work/key/key/key.core/../key.ui/examples/standard_key/strings/concat1.key 
16641      INFO  main            d.u.i.k.p.i.AbstractProblemLoader Loading environment from /home/runner/work/key/key/key.core/../key.ui/examples/standard_key/strings/concat1.key 
16641      DEBUG main            d.u.i.k.p.i.AbstractProblemLoader Environment load took 198.6ns 
16642      INFO  main            d.u.i.k.p.i.AbstractProblemLoader Creating init config 
19159      DEBUG main            d.u.i.k.p.i.AbstractProblemLoader Init config took 2.52s 
19180      INFO  main            d.u.i.k.p.i.AbstractProblemLoader Replaying proof concat1.key 
19182      DEBUG main            d.u.i.k.p.i.IntermediateProofReplayer Proof replay took 21.6ns 
19284      INFO  main            d.u.i.k.p.r.p.TestFile    ... finished proof: closed. 
19430      INFO  main            d.u.i.k.p.i.AbstractProblemLoader Loading environment from /home/runner/work/key/key/key.core/../key.ui/examples/standard_key/strings/concat1.key.proof 
19430      DEBUG main            d.u.i.k.p.i.AbstractProblemLoader Environment load took 140.6ns 
19431      INFO  main            d.u.i.k.p.i.AbstractProblemLoader Creating init config 
21941      DEBUG main            d.u.i.k.p.i.AbstractProblemLoader Init config took 2.51s 
21976      INFO  main            d.u.i.k.p.i.AbstractProblemLoader Replaying proof concat1.key.proof 
21980      DEBUG main            d.u.i.k.p.i.IntermediateProofReplayer Proof replay took 1.24ms 
21981      DEBUG main            d.u.i.k.p.r.p.TestFile    ... success: reloaded. 
21981      INFO  main            d.u.i.k.p.r.p.TestFile    Now processing file /home/runner/work/key/key/key.core/../key.ui/examples/standard_key/strings/concat2.key 
21982      INFO  main            d.u.i.k.p.i.AbstractProblemLoader Loading environment from /home/runner/work/key/key/key.core/../key.ui/examples/standard_key/strings/concat2.key 
21982      DEBUG main            d.u.i.k.p.i.AbstractProblemLoader Environment load took 113.7ns 
21983      INFO  main            d.u.i.k.p.i.AbstractProblemLoader Creating init config 
24440      DEBUG main            d.u.i.k.p.i.AbstractProblemLoader Init config took 2.46s 
24483      INFO  main            d.u.i.k.p.i.AbstractProblemLoader Replaying proof concat2.key 
24484      DEBUG main            d.u.i.k.p.i.IntermediateProofReplayer Proof replay took 6ns 
24587      INFO  main            d.u.i.k.p.r.p.TestFile    ... finished proof: closed. 
24721      INFO  main            d.u.i.k.p.i.AbstractProblemLoader Loading environment from /home/runner/work/key/key/key.core/../key.ui/examples/standard_key/strings/concat2.key.proof 
24721      DEBUG main            d.u.i.k.p.i.AbstractProblemLoader Environment load took 129ns 
24723      INFO  main            d.u.i.k.p.i.AbstractProblemLoader Creating init config 
27174      DEBUG main            d.u.i.k.p.i.AbstractProblemLoader Init config took 2.45s 
27193      INFO  main            d.u.i.k.p.i.AbstractProblemLoader Replaying proof concat2.key.proof 
27203      DEBUG main            d.u.i.k.p.i.IntermediateProofReplayer Proof replay took 6.9ms 
27204      DEBUG main            d.u.i.k.p.r.p.TestFile    ... success: reloaded. 
27205      INFO  main            d.u.i.k.p.r.p.TestFile    Now processing file /home/runner/work/key/key/key.core/../key.ui/examples/standard_key/strings/deriveLength1.key 
27205      INFO  main            d.u.i.k.p.i.AbstractProblemLoader Loading environment from /home/runner/work/key/key/key.core/../key.ui/examples/standard_key/strings/deriveLength1.key 
27205      DEBUG main            d.u.i.k.p.i.AbstractProblemLoader Environment load took 193.4ns 
27206      INFO  main            d.u.i.k.p.i.AbstractProblemLoader Creating init config 
29647      DEBUG main            d.u.i.k.p.i.AbstractProblemLoader Init config took 2.44s 
29666      INFO  main            d.u.i.k.p.i.AbstractProblemLoader Replaying proof deriveLength1.key 
29667      DEBUG main            d.u.i.k.p.i.IntermediateProofReplayer Proof replay took 7.8ns 
29769      INFO  main            d.u.i.k.p.r.p.TestFile    ... finished proof: closed. 
29911      INFO  main            d.u.i.k.p.i.AbstractProblemLoader Loading environment from /home/runner/work/key/key/key.core/../key.ui/examples/standard_key/strings/deriveLength1.key.proof 
29911      DEBUG main            d.u.i.k.p.i.AbstractProblemLoader Environment load took 158.2ns 
29913      INFO  main            d.u.i.k.p.i.AbstractProblemLoader Creating init config 
32347      DEBUG main            d.u.i.k.p.i.AbstractProblemLoader Init config took 2.43s 
32366      INFO  main            d.u.i.k.p.i.AbstractProblemLoader Replaying proof deriveLength1.key.proof 
32375      DEBUG main            d.u.i.k.p.i.IntermediateProofReplayer Proof replay took 6.82ms 
32377      DEBUG main            d.u.i.k.p.r.p.TestFile    ... success: reloaded. 
32378      INFO  main            d.u.i.k.p.r.p.TestFile    Now processing file /home/runner/work/key/key/key.core/../key.ui/examples/standard_key/strings/emptyStringLengthZero.key 
32378      INFO  main            d.u.i.k.p.i.AbstractProblemLoader Loading environment from /home/runner/work/key/key/key.core/../key.ui/examples/standard_key/strings/emptyStringLengthZero.key 
32378      DEBUG main            d.u.i.k.p.i.AbstractProblemLoader Environment load took 181ns 
32380      INFO  main            d.u.i.k.p.i.AbstractProblemLoader Creating init config 
34781      DEBUG main            d.u.i.k.p.i.AbstractProblemLoader Init config took 2.4s 
34801      INFO  main            d.u.i.k.p.i.AbstractProblemLoader Replaying proof emptyStringLengthZero.key 
34802      DEBUG main            d.u.i.k.p.i.IntermediateProofReplayer Proof replay took 8.4ns 
34905      INFO  main            d.u.i.k.p.r.p.TestFile    ... finished proof: closed. 
35103      INFO  main            d.u.i.k.p.i.AbstractProblemLoader Loading environment from /home/runner/work/key/key/key.core/../key.ui/examples/standard_key/strings/emptyStringLengthZero.key.proof 
35103      DEBUG main            d.u.i.k.p.i.AbstractProblemLoader Environment load took 130.6ns 
35106      INFO  main            d.u.i.k.p.i.AbstractProblemLoader Creating init config 
37507      DEBUG main            d.u.i.k.p.i.AbstractProblemLoader Init config took 2.4s 
37524      INFO  main            d.u.i.k.p.i.AbstractProblemLoader Replaying proof emptyStringLengthZero.key.proof 
37529      DEBUG main            d.u.i.k.p.i.IntermediateProofReplayer Proof replay took 3.38ms 
37530      DEBUG main            d.u.i.k.p.r.p.TestFile    ... success: reloaded. 
37531      INFO  main            d.u.i.k.p.r.p.TestFile    Now processing file /home/runner/work/key/key/key.core/../key.ui/examples/standard_key/strings/implicitBooleanStringConversion.key 
37531      INFO  main            d.u.i.k.p.i.AbstractProblemLoader Loading environment from /home/runner/work/key/key/key.core/../key.ui/examples/standard_key/strings/implicitBooleanStringConversion.key 
37531      DEBUG main            d.u.i.k.p.i.AbstractProblemLoader Environment load took 99.7ns 
37532      INFO  main            d.u.i.k.p.i.AbstractProblemLoader Creating init config 
39955      DEBUG main            d.u.i.k.p.i.AbstractProblemLoader Init config took 2.42s 
39975      INFO  main            d.u.i.k.p.i.AbstractProblemLoader Replaying proof implicitBooleanStringConversion.key 
39976      DEBUG main            d.u.i.k.p.i.IntermediateProofReplayer Proof replay took 7.5ns 
40993      INFO  main            d.u.i.k.p.r.p.TestFile    ... finished proof: closed. 
41177      INFO  main            d.u.i.k.p.i.AbstractProblemLoader Loading environment from /home/runner/work/key/key/key.core/../key.ui/examples/standard_key/strings/implicitBooleanStringConversion.key.proof 
41178      DEBUG main            d.u.i.k.p.i.AbstractProblemLoader Environment load took 388.61ns 
41182      INFO  main            d.u.i.k.p.i.AbstractProblemLoader Creating init config 
43579      DEBUG main            d.u.i.k.p.i.AbstractProblemLoader Init config took 2.4s 
43607      INFO  main            d.u.i.k.p.i.AbstractProblemLoader Replaying proof implicitBooleanStringConversion.key.proof 
43682      DEBUG main            d.u.i.k.p.i.IntermediateProofReplayer Proof replay took 67.96ms 
43683      DEBUG main            d.u.i.k.p.r.p.TestFile    ... success: reloaded. 
43684      INFO  main            d.u.i.k.p.r.p.TestFile    Now processing file /home/runner/work/key/key/key.core/../key.ui/examples/standard_key/strings/implicitBooleanStringConversion2.key 
43684      INFO  main            d.u.i.k.p.i.AbstractProblemLoader Loading environment from /home/runner/work/key/key/key.core/../key.ui/examples/standard_key/strings/implicitBooleanStringConversion2.key 
43684      DEBUG main            d.u.i.k.p.i.AbstractProblemLoader Environment load took 99.7ns 
43685      INFO  main            d.u.i.k.p.i.AbstractProblemLoader Creating init config 
46077      DEBUG main            d.u.i.k.p.i.AbstractProblemLoader Init config took 2.39s 
46096      INFO  main            d.u.i.k.p.i.AbstractProblemLoader Replaying proof implicitBooleanStringConversion2.key 
46097      DEBUG main            d.u.i.k.p.i.IntermediateProofReplayer Proof replay took 7ns 
46402      INFO  main            d.u.i.k.p.r.p.TestFile    ... finished proof: closed. 
46623      INFO  main            d.u.i.k.p.i.AbstractProblemLoader Loading environment from /home/runner/work/key/key/key.core/../key.ui/examples/standard_key/strings/implicitBooleanStringConversion2.key.proof 
46624      DEBUG main            d.u.i.k.p.i.AbstractProblemLoader Environment load took 172.5ns 
46625      INFO  main            d.u.i.k.p.i.AbstractProblemLoader Creating init config 
48951      DEBUG main            d.u.i.k.p.i.AbstractProblemLoader Init config took 2.33s 
48970      INFO  main            d.u.i.k.p.i.AbstractProblemLoader Replaying proof implicitBooleanStringConversion2.key.proof 
48991      DEBUG main            d.u.i.k.p.i.IntermediateProofReplayer Proof replay took 18.7ms 
48993      DEBUG main            d.u.i.k.p.r.p.TestFile    ... success: reloaded. 
48994      INFO  main            d.u.i.k.p.r.p.TestFile    Now processing file /home/runner/work/key/key/key.core/../key.ui/examples/standard_key/strings/implicitIntStringConversion.key 
48994      INFO  main            d.u.i.k.p.i.AbstractProblemLoader Loading environment from /home/runner/work/key/key/key.core/../key.ui/examples/standard_key/strings/implicitIntStringConversion.key 
48994      DEBUG main            d.u.i.k.p.i.AbstractProblemLoader Environment load took 91.2ns 
48995      INFO  main            d.u.i.k.p.i.AbstractProblemLoader Creating init config 
51426      DEBUG main            d.u.i.k.p.i.AbstractProblemLoader Init config took 2.43s 
51445      INFO  main            d.u.i.k.p.i.AbstractProblemLoader Replaying proof implicitIntStringConversion.key 
51448      DEBUG main            d.u.i.k.p.i.IntermediateProofReplayer Proof replay took 6.8ns 
52052      INFO  main            d.u.i.k.p.r.p.TestFile    ... finished proof: closed. 
52268      INFO  main            d.u.i.k.p.i.AbstractProblemLoader Loading environment from /home/runner/work/key/key/key.core/../key.ui/examples/standard_key/strings/implicitIntStringConversion.key.proof 
52269      DEBUG main            d.u.i.k.p.i.AbstractProblemLoader Environment load took 1.01ms 
52271      INFO  main            d.u.i.k.p.i.AbstractProblemLoader Creating init config 
54604      DEBUG main            d.u.i.k.p.i.AbstractProblemLoader Init config took 2.33s 
54624      INFO  main            d.u.i.k.p.i.AbstractProblemLoader Replaying proof implicitIntStringConversion.key.proof 
54670      DEBUG main            d.u.i.k.p.i.IntermediateProofReplayer Proof replay took 40.04ms 
54671      DEBUG main            d.u.i.k.p.r.p.TestFile    ... success: reloaded. 
54672      INFO  main            d.u.i.k.p.r.p.TestFile    Now processing file /home/runner/work/key/key/key.core/../key.ui/examples/standard_key/strings/implicitNullStringConversion.key 
54672      INFO  main            d.u.i.k.p.i.AbstractProblemLoader Loading environment from /home/runner/work/key/key/key.core/../key.ui/examples/standard_key/strings/implicitNullStringConversion.key 
54673      DEBUG main            d.u.i.k.p.i.AbstractProblemLoader Environment load took 196.7ns 
54674      INFO  main            d.u.i.k.p.i.AbstractProblemLoader Creating init config 
57079      DEBUG main            d.u.i.k.p.i.AbstractProblemLoader Init config took 2.4s 
57095      INFO  main            d.u.i.k.p.i.AbstractProblemLoader Replaying proof implicitNullStringConversion.key 
57097      DEBUG main            d.u.i.k.p.i.IntermediateProofReplayer Proof replay took 6.5ns 
57301      INFO  main            d.u.i.k.p.r.p.TestFile    ... finished proof: closed. 
57522      INFO  main            d.u.i.k.p.i.AbstractProblemLoader Loading environment from /home/runner/work/key/key/key.core/../key.ui/examples/standard_key/strings/implicitNullStringConversion.key.proof 
57522      DEBUG main            d.u.i.k.p.i.AbstractProblemLoader Environment load took 143.1ns 
57524      INFO  main            d.u.i.k.p.i.AbstractProblemLoader Creating init config 
59863      DEBUG main            d.u.i.k.p.i.AbstractProblemLoader Init config took 2.34s 
59880      INFO  main            d.u.i.k.p.i.AbstractProblemLoader Replaying proof implicitNullStringConversion.key.proof 
59900      DEBUG main            d.u.i.k.p.i.IntermediateProofReplayer Proof replay took 16.64ms 
59901      DEBUG main            d.u.i.k.p.r.p.TestFile    ... success: reloaded. 
59902      INFO  main            d.u.i.k.p.r.p.TestFile    Now processing file /home/runner/work/key/key/key.core/../key.ui/examples/standard_key/strings/implicitNullStringConversion2.key 
59902      INFO  main            d.u.i.k.p.i.AbstractProblemLoader Loading environment from /home/runner/work/key/key/key.core/../key.ui/examples/standard_key/strings/implicitNullStringConversion2.key 
59902      DEBUG main            d.u.i.k.p.i.AbstractProblemLoader Environment load took 188.5ns 
59903      INFO  main            d.u.i.k.p.i.AbstractProblemLoader Creating init config 
62260      DEBUG main            d.u.i.k.p.i.AbstractProblemLoader Init config took 2.36s 
62276      INFO  main            d.u.i.k.p.i.AbstractProblemLoader Replaying proof implicitNullStringConversion2.key 
62278      DEBUG main            d.u.i.k.p.i.IntermediateProofReplayer Proof replay took 7.4ns 
62481      INFO  main            d.u.i.k.p.r.p.TestFile    ... finished proof: closed. 
62682      INFO  main            d.u.i.k.p.i.AbstractProblemLoader Loading environment from /home/runner/work/key/key/key.core/../key.ui/examples/standard_key/strings/implicitNullStringConversion2.key.proof 
62682      DEBUG main            d.u.i.k.p.i.AbstractProblemLoader Environment load took 138.3ns 
62683      INFO  main            d.u.i.k.p.i.AbstractProblemLoader Creating init config 
65033      DEBUG main            d.u.i.k.p.i.AbstractProblemLoader Init config took 2.35s 
65049      INFO  main            d.u.i.k.p.i.AbstractProblemLoader Replaying proof implicitNullStringConversion2.key.proof 
65064      DEBUG main            d.u.i.k.p.i.IntermediateProofReplayer Proof replay took 12.39ms 
65065      DEBUG main            d.u.i.k.p.r.p.TestFile    ... success: reloaded. 
65066      INFO  main            d.u.i.k.p.r.p.TestFile    Now processing file /home/runner/work/key/key/key.core/../key.ui/examples/standard_key/strings/implicitObjectStringConversion.key 
65066      INFO  main            d.u.i.k.p.i.AbstractProblemLoader Loading environment from /home/runner/work/key/key/key.core/../key.ui/examples/standard_key/strings/implicitObjectStringConversion.key 
65066      DEBUG main            d.u.i.k.p.i.AbstractProblemLoader Environment load took 99.3ns 
65067      INFO  main            d.u.i.k.p.i.AbstractProblemLoader Creating init config 
67712      DEBUG main            d.u.i.k.p.i.AbstractProblemLoader Init config took 2.64s 
67728      INFO  main            d.u.i.k.p.i.AbstractProblemLoader Replaying proof implicitObjectStringConversion.key 
67729      DEBUG main            d.u.i.k.p.i.IntermediateProofReplayer Proof replay took 6.7ns 
68337      INFO  main            d.u.i.k.p.r.p.TestFile    ... finished proof: closed. 
68546      INFO  main            d.u.i.k.p.i.AbstractProblemLoader Loading environment from /home/runner/work/key/key/key.core/../key.ui/examples/standard_key/strings/implicitObjectStringConversion.key.proof 
68547      DEBUG main            d.u.i.k.p.i.AbstractProblemLoader Environment load took 1.18ms 
68548      INFO  main            d.u.i.k.p.i.AbstractProblemLoader Creating init config 
71084      DEBUG main            d.u.i.k.p.i.AbstractProblemLoader Init config took 2.54s 
71102      INFO  main            d.u.i.k.p.i.AbstractProblemLoader Replaying proof implicitObjectStringConversion.key.proof 
71146      DEBUG main            d.u.i.k.p.i.IntermediateProofReplayer Proof replay took 39.99ms 
71147      DEBUG main            d.u.i.k.p.r.p.TestFile    ... success: reloaded. 
71148      INFO  main            d.u.i.k.p.r.p.TestFile    Now processing file /home/runner/work/key/key/key.core/../key.ui/examples/standard_key/strings/literalEquality.key 
71148      INFO  main            d.u.i.k.p.i.AbstractProblemLoader Loading environment from /home/runner/work/key/key/key.core/../key.ui/examples/standard_key/strings/literalEquality.key 
71148      DEBUG main            d.u.i.k.p.i.AbstractProblemLoader Environment load took 192.9ns 
71149      INFO  main            d.u.i.k.p.i.AbstractProblemLoader Creating init config 
73552      DEBUG main            d.u.i.k.p.i.AbstractProblemLoader Init config took 2.4s 
73567      INFO  main            d.u.i.k.p.i.AbstractProblemLoader Replaying proof literalEquality.key 
73569      DEBUG main            d.u.i.k.p.i.IntermediateProofReplayer Proof replay took 7.6ns 
73673      INFO  main            d.u.i.k.p.r.p.TestFile    ... finished proof: closed. 
73877      INFO  main            d.u.i.k.p.i.AbstractProblemLoader Loading environment from /home/runner/work/key/key/key.core/../key.ui/examples/standard_key/strings/literalEquality.key.proof 
73877      DEBUG main            d.u.i.k.p.i.AbstractProblemLoader Environment load took 135.9ns 
73878      INFO  main            d.u.i.k.p.i.AbstractProblemLoader Creating init config 
76204      DEBUG main            d.u.i.k.p.i.AbstractProblemLoader Init config took 2.33s 
76220      INFO  main            d.u.i.k.p.i.AbstractProblemLoader Replaying proof literalEquality.key.proof 
76223      DEBUG main            d.u.i.k.p.i.IntermediateProofReplayer Proof replay took 2.04ms 
76224      DEBUG main            d.u.i.k.p.r.p.TestFile    ... success: reloaded. 
76225      INFO  main            d.u.i.k.p.r.p.TestFile    Now processing file /home/runner/work/key/key/key.core/../key.ui/examples/standard_key/strings/replace0.key 
76225      INFO  main            d.u.i.k.p.i.AbstractProblemLoader Loading environment from /home/runner/work/key/key/key.core/../key.ui/examples/standard_key/strings/replace0.key 
76226      DEBUG main            d.u.i.k.p.i.AbstractProblemLoader Environment load took 188.7ns 
76227      INFO  main            d.u.i.k.p.i.AbstractProblemLoader Creating init config 
78599      DEBUG main            d.u.i.k.p.i.AbstractProblemLoader Init config took 2.37s 
78612      INFO  main            d.u.i.k.p.i.AbstractProblemLoader Replaying proof replace0.key 
78613      DEBUG main            d.u.i.k.p.i.IntermediateProofReplayer Proof replay took 6.9ns 
78715      INFO  main            d.u.i.k.p.r.p.TestFile    ... finished proof: closed. 
78930      INFO  main            d.u.i.k.p.i.AbstractProblemLoader Loading environment from /home/runner/work/key/key/key.core/../key.ui/examples/standard_key/strings/replace0.key.proof 
78930      DEBUG main            d.u.i.k.p.i.AbstractProblemLoader Environment load took 125ns 
78931      INFO  main            d.u.i.k.p.i.AbstractProblemLoader Creating init config 
81245      DEBUG main            d.u.i.k.p.i.AbstractProblemLoader Init config took 2.31s 
81260      INFO  main            d.u.i.k.p.i.AbstractProblemLoader Replaying proof replace0.key.proof 
81264      DEBUG main            d.u.i.k.p.i.IntermediateProofReplayer Proof replay took 2.47ms 
81265      DEBUG main            d.u.i.k.p.r.p.TestFile    ... success: reloaded. 
81265      INFO  main            d.u.i.k.p.r.p.TestFile    Now processing file /home/runner/work/key/key/key.core/../key.ui/examples/standard_key/strings/replace1.key 
81266      INFO  main            d.u.i.k.p.i.AbstractProblemLoader Loading environment from /home/runner/work/key/key/key.core/../key.ui/examples/standard_key/strings/replace1.key 
81266      DEBUG main            d.u.i.k.p.i.AbstractProblemLoader Environment load took 94.2ns 
81267      INFO  main            d.u.i.k.p.i.AbstractProblemLoader Creating init config 
83629      DEBUG main            d.u.i.k.p.i.AbstractProblemLoader Init config took 2.36s 
83643      INFO  main            d.u.i.k.p.i.AbstractProblemLoader Replaying proof replace1.key 
83644      DEBUG main            d.u.i.k.p.i.IntermediateProofReplayer Proof replay took 6.9ns 
83747      INFO  main            d.u.i.k.p.r.p.TestFile    ... finished proof: closed. 
83950      INFO  main            d.u.i.k.p.i.AbstractProblemLoader Loading environment from /home/runner/work/key/key/key.core/../key.ui/examples/standard_key/strings/replace1.key.proof 
83950      DEBUG main            d.u.i.k.p.i.AbstractProblemLoader Environment load took 125.8ns 
83951      INFO  main            d.u.i.k.p.i.AbstractProblemLoader Creating init config 
86260      DEBUG main            d.u.i.k.p.i.AbstractProblemLoader Init config took 2.31s 
86276      INFO  main            d.u.i.k.p.i.AbstractProblemLoader Replaying proof replace1.key.proof 
86283      DEBUG main            d.u.i.k.p.i.IntermediateProofReplayer Proof replay took 5.75ms 
86286      DEBUG main            d.u.i.k.p.r.p.TestFile    ... success: reloaded. 
86287      INFO  main            d.u.i.k.p.r.p.TestFile    Now processing file /home/runner/work/key/key/key.core/../key.ui/examples/standard_key/strings/simpleAssignment.key 
86287      INFO  main            d.u.i.k.p.i.AbstractProblemLoader Loading environment from /home/runner/work/key/key/key.core/../key.ui/examples/standard_key/strings/simpleAssignment.key 
86287      DEBUG main            d.u.i.k.p.i.AbstractProblemLoader Environment load took 67.9ns 
86288      INFO  main            d.u.i.k.p.i.AbstractProblemLoader Creating init config 
88635      DEBUG main            d.u.i.k.p.i.AbstractProblemLoader Init config took 2.35s 
88649      INFO  main            d.u.i.k.p.i.AbstractProblemLoader Replaying proof simpleAssignment.key 
88650      DEBUG main            d.u.i.k.p.i.IntermediateProofReplayer Proof replay took 6.7ns 
88754      INFO  main            d.u.i.k.p.r.p.TestFile    ... finished proof: closed. 
88963      INFO  main            d.u.i.k.p.i.AbstractProblemLoader Loading environment from /home/runner/work/key/key/key.core/../key.ui/examples/standard_key/strings/simpleAssignment.key.proof 
88963      DEBUG main            d.u.i.k.p.i.AbstractProblemLoader Environment load took 162.6ns 
88965      INFO  main            d.u.i.k.p.i.AbstractProblemLoader Creating init config 
91274      DEBUG main            d.u.i.k.p.i.AbstractProblemLoader Init config took 2.31s 
91289      INFO  main            d.u.i.k.p.i.AbstractProblemLoader Replaying proof simpleAssignment.key.proof 
91292      DEBUG main            d.u.i.k.p.i.IntermediateProofReplayer Proof replay took 1.28ms 
91293      DEBUG main            d.u.i.k.p.r.p.TestFile    ... success: reloaded. 
91293      INFO  main            d.u.i.k.p.r.p.TestFile    Now processing file /home/runner/work/key/key/key.core/../key.ui/examples/standard_key/strings/simpleLengthComp.key 
91294      INFO  main            d.u.i.k.p.i.AbstractProblemLoader Loading environment from /home/runner/work/key/key/key.core/../key.ui/examples/standard_key/strings/simpleLengthComp.key 
91294      DEBUG main            d.u.i.k.p.i.AbstractProblemLoader Environment load took 194.2ns 
91295      INFO  main            d.u.i.k.p.i.AbstractProblemLoader Creating init config 
93630      DEBUG main            d.u.i.k.p.i.AbstractProblemLoader Init config took 2.34s 
93645      INFO  main            d.u.i.k.p.i.AbstractProblemLoader Replaying proof simpleLengthComp.key 
93648      DEBUG main            d.u.i.k.p.i.IntermediateProofReplayer Proof replay took 6.1ns 
93851      INFO  main            d.u.i.k.p.r.p.TestFile    ... finished proof: closed. 
94103      INFO  main            d.u.i.k.p.i.AbstractProblemLoader Loading environment from /home/runner/work/key/key/key.core/../key.ui/examples/standard_key/strings/simpleLengthComp.key.proof 
94103      DEBUG main            d.u.i.k.p.i.AbstractProblemLoader Environment load took 151.7ns 
94106      INFO  main            d.u.i.k.p.i.AbstractProblemLoader Creating init config 
96429      DEBUG main            d.u.i.k.p.i.AbstractProblemLoader Init config took 2.32s 
96445      INFO  main            d.u.i.k.p.i.AbstractProblemLoader Replaying proof simpleLengthComp.key.proof 
96477      DEBUG main            d.u.i.k.p.i.IntermediateProofReplayer Proof replay took 25.25ms 
96478      DEBUG main            d.u.i.k.p.r.p.TestFile    ... success: reloaded. 
96479      INFO  main            d.u.i.k.p.r.p.TestFile    Now processing file /home/runner/work/key/key/key.core/../key.ui/examples/standard_key/strings/stringCompileTimeConstant1.key 
96479      INFO  main            d.u.i.k.p.i.AbstractProblemLoader Loading environment from /home/runner/work/key/key/key.core/../key.ui/examples/standard_key/strings/stringCompileTimeConstant1.key 
96479      DEBUG main            d.u.i.k.p.i.AbstractProblemLoader Environment load took 91.2ns 
96481      INFO  main            d.u.i.k.p.i.AbstractProblemLoader Creating init config 
98889      DEBUG main            d.u.i.k.p.i.AbstractProblemLoader Init config took 2.41s 
98905      INFO  main            d.u.i.k.p.i.AbstractProblemLoader Replaying proof stringCompileTimeConstant1.key 
98907      DEBUG main            d.u.i.k.p.i.IntermediateProofReplayer Proof replay took 6.9ns 
99009      INFO  main            d.u.i.k.p.r.p.TestFile    ... finished proof: closed. 
99238      INFO  main            d.u.i.k.p.i.AbstractProblemLoader Loading environment from /home/runner/work/key/key/key.core/../key.ui/examples/standard_key/strings/stringCompileTimeConstant1.key.proof 
99238      DEBUG main            d.u.i.k.p.i.AbstractProblemLoader Environment load took 127.1ns 
99239      INFO  main            d.u.i.k.p.i.AbstractProblemLoader Creating init config 
101531     DEBUG main            d.u.i.k.p.i.AbstractProblemLoader Init config took 2.29s 
101545     INFO  main            d.u.i.k.p.i.AbstractProblemLoader Replaying proof stringCompileTimeConstant1.key.proof 
101550     DEBUG main            d.u.i.k.p.i.IntermediateProofReplayer Proof replay took 2.88ms 
101551     DEBUG main            d.u.i.k.p.r.p.TestFile    ... success: reloaded. 
101552     INFO  main            d.u.i.k.p.r.p.TestFile    Now processing file /home/runner/work/key/key/key.core/../key.ui/examples/standard_key/strings/stringCompileTimeConstant2.key 
101552     INFO  main            d.u.i.k.p.i.AbstractProblemLoader Loading environment from /home/runner/work/key/key/key.core/../key.ui/examples/standard_key/strings/stringCompileTimeConstant2.key 
101552     DEBUG main            d.u.i.k.p.i.AbstractProblemLoader Environment load took 93.5ns 
101553     INFO  main            d.u.i.k.p.i.AbstractProblemLoader Creating init config 
104054     DEBUG main            d.u.i.k.p.i.AbstractProblemLoader Init config took 2.5s 
104069     INFO  main            d.u.i.k.p.i.AbstractProblemLoader Replaying proof stringCompileTimeConstant2.key 
104071     DEBUG main            d.u.i.k.p.i.IntermediateProofReplayer Proof replay took 6.4ns 
106789     INFO  main            d.u.i.k.p.r.p.TestFile    ... finished proof: closed. 
107057     INFO  main            d.u.i.k.p.i.AbstractProblemLoader Loading environment from /home/runner/work/key/key/key.core/../key.ui/examples/standard_key/strings/stringCompileTimeConstant2.key.proof 
107057     DEBUG main            d.u.i.k.p.i.AbstractProblemLoader Environment load took 349ns 
107059     INFO  main            d.u.i.k.p.i.AbstractProblemLoader Creating init config 
109481     DEBUG main            d.u.i.k.p.i.AbstractProblemLoader Init config took 2.42s 
109496     INFO  main            d.u.i.k.p.i.AbstractProblemLoader Replaying proof stringCompileTimeConstant2.key.proof 
109723     DEBUG main            d.u.i.k.p.i.IntermediateProofReplayer Proof replay took 216.75ms 
109725     DEBUG main            d.u.i.k.p.r.p.TestFile    ... success: reloaded. 
109726     INFO  main            d.u.i.k.p.r.p.TestFile    Now processing file /home/runner/work/key/key/key.core/../key.ui/examples/standard_key/strings/stringEquality1.key 
109726     INFO  main            d.u.i.k.p.i.AbstractProblemLoader Loading environment from /home/runner/work/key/key/key.core/../key.ui/examples/standard_key/strings/stringEquality1.key 
109727     DEBUG main            d.u.i.k.p.i.AbstractProblemLoader Environment load took 210ns 
109728     INFO  main            d.u.i.k.p.i.AbstractProblemLoader Creating init config 
112075     DEBUG main            d.u.i.k.p.i.AbstractProblemLoader Init config took 2.35s 
112088     INFO  main            d.u.i.k.p.i.AbstractProblemLoader Replaying proof stringEquality1.key 
112089     DEBUG main            d.u.i.k.p.i.IntermediateProofReplayer Proof replay took 6.6ns 
112192     INFO  main            d.u.i.k.p.r.p.TestFile    ... finished proof: closed. 
112466     INFO  main            d.u.i.k.p.i.AbstractProblemLoader Loading environment from /home/runner/work/key/key/key.core/../key.ui/examples/standard_key/strings/stringEquality1.key.proof 
112466     DEBUG main            d.u.i.k.p.i.AbstractProblemLoader Environment load took 114.3ns 
112468     INFO  main            d.u.i.k.p.i.AbstractProblemLoader Creating init config 
114723     DEBUG main            d.u.i.k.p.i.AbstractProblemLoader Init config took 2.26s 
114737     INFO  main            d.u.i.k.p.i.AbstractProblemLoader Replaying proof stringEquality1.key.proof 
114743     DEBUG main            d.u.i.k.p.i.IntermediateProofReplayer Proof replay took 4.04ms 
114744     DEBUG main            d.u.i.k.p.r.p.TestFile    ... success: reloaded. 
114744     INFO  main            d.u.i.k.p.r.p.TestFile    Now processing file /home/runner/work/key/key/key.core/../key.ui/examples/standard_key/strings/stringEquality2.key 
114745     INFO  main            d.u.i.k.p.i.AbstractProblemLoader Loading environment from /home/runner/work/key/key/key.core/../key.ui/examples/standard_key/strings/stringEquality2.key 
114745     DEBUG main            d.u.i.k.p.i.AbstractProblemLoader Environment load took 94.1ns 
114746     INFO  main            d.u.i.k.p.i.AbstractProblemLoader Creating init config 
117061     DEBUG main            d.u.i.k.p.i.AbstractProblemLoader Init config took 2.32s 
117075     INFO  main            d.u.i.k.p.i.AbstractProblemLoader Replaying proof stringEquality2.key 
117076     DEBUG main            d.u.i.k.p.i.IntermediateProofReplayer Proof replay took 7.2ns 
117480     INFO  main            d.u.i.k.p.r.p.TestFile    ... finished proof: closed. 
117749     INFO  main            d.u.i.k.p.i.AbstractProblemLoader Loading environment from /home/runner/work/key/key/key.core/../key.ui/examples/standard_key/strings/stringEquality2.key.proof 
117750     DEBUG main            d.u.i.k.p.i.AbstractProblemLoader Environment load took 503.61ns 
117752     INFO  main            d.u.i.k.p.i.AbstractProblemLoader Creating init config 
120074     DEBUG main            d.u.i.k.p.i.AbstractProblemLoader Init config took 2.32s 
120088     INFO  main            d.u.i.k.p.i.AbstractProblemLoader Replaying proof stringEquality2.key.proof 
120118     DEBUG main            d.u.i.k.p.i.IntermediateProofReplayer Proof replay took 25.81ms 
120119     DEBUG main            d.u.i.k.p.r.p.TestFile    ... success: reloaded. 
120121     INFO  main            d.u.i.k.p.r.p.TestFile    Now processing file /home/runner/work/key/key/key.core/../key.ui/examples/standard_key/strings/substring0.key 
120122     INFO  main            d.u.i.k.p.i.AbstractProblemLoader Loading environment from /home/runner/work/key/key/key.core/../key.ui/examples/standard_key/strings/substring0.key 
120122     DEBUG main            d.u.i.k.p.i.AbstractProblemLoader Environment load took 174.3ns 
120123     INFO  main            d.u.i.k.p.i.AbstractProblemLoader Creating init config 
122465     DEBUG main            d.u.i.k.p.i.AbstractProblemLoader Init config took 2.34s 
122478     INFO  main            d.u.i.k.p.i.AbstractProblemLoader Replaying proof substring0.key 
122480     DEBUG main            d.u.i.k.p.i.IntermediateProofReplayer Proof replay took 16.3ns 
122587     INFO  main            d.u.i.k.p.r.p.TestFile    ... finished proof: closed. 
122844     INFO  main            d.u.i.k.p.i.AbstractProblemLoader Loading environment from /home/runner/work/key/key/key.core/../key.ui/examples/standard_key/strings/substring0.key.proof 
122844     DEBUG main            d.u.i.k.p.i.AbstractProblemLoader Environment load took 116.9ns 
122845     INFO  main            d.u.i.k.p.i.AbstractProblemLoader Creating init config 
125107     DEBUG main            d.u.i.k.p.i.AbstractProblemLoader Init config took 2.26s 
125121     INFO  main            d.u.i.k.p.i.AbstractProblemLoader Replaying proof substring0.key.proof 
125123     DEBUG main            d.u.i.k.p.i.IntermediateProofReplayer Proof replay took 439.91ns 
125124     DEBUG main            d.u.i.k.p.r.p.TestFile    ... success: reloaded. 
125125     INFO  main            d.u.i.k.p.r.p.TestFile    Now processing file /home/runner/work/key/key/key.core/../key.ui/examples/standard_key/strings/substring1.key 
125125     INFO  main            d.u.i.k.p.i.AbstractProblemLoader Loading environment from /home/runner/work/key/key/key.core/../key.ui/examples/standard_key/strings/substring1.key 
125125     DEBUG main            d.u.i.k.p.i.AbstractProblemLoader Environment load took 96.3ns 
125126     INFO  main            d.u.i.k.p.i.AbstractProblemLoader Creating init config 
127429     DEBUG main            d.u.i.k.p.i.AbstractProblemLoader Init config took 2.3s 
127442     INFO  main            d.u.i.k.p.i.AbstractProblemLoader Replaying proof substring1.key 
127443     DEBUG main            d.u.i.k.p.i.IntermediateProofReplayer Proof replay took 6.4ns 
127549     INFO  main            d.u.i.k.p.r.p.TestFile    ... finished proof: closed. 
127788     INFO  main            d.u.i.k.p.i.AbstractProblemLoader Loading environment from /home/runner/work/key/key/key.core/../key.ui/examples/standard_key/strings/substring1.key.proof 
127788     DEBUG main            d.u.i.k.p.i.AbstractProblemLoader Environment load took 113.6ns 
127789     INFO  main            d.u.i.k.p.i.AbstractProblemLoader Creating init config 
130041     DEBUG main            d.u.i.k.p.i.AbstractProblemLoader Init config took 2.25s 
130054     INFO  main            d.u.i.k.p.i.AbstractProblemLoader Replaying proof substring1.key.proof 
130056     DEBUG main            d.u.i.k.p.i.IntermediateProofReplayer Proof replay took 484.81ns 
130056     DEBUG main            d.u.i.k.p.r.p.TestFile    ... success: reloaded. 
130057     INFO  main            d.u.i.k.p.r.p.TestFile    Now processing file /home/runner/work/key/key/key.core/../key.ui/examples/standard_key/strings/substring2.key 
130057     INFO  main            d.u.i.k.p.i.AbstractProblemLoader Loading environment from /home/runner/work/key/key/key.core/../key.ui/examples/standard_key/strings/substring2.key 
130057     DEBUG main            d.u.i.k.p.i.AbstractProblemLoader Environment load took 85.7ns 
130058     INFO  main            d.u.i.k.p.i.AbstractProblemLoader Creating init config 
132380     DEBUG main            d.u.i.k.p.i.AbstractProblemLoader Init config took 2.32s 
132394     INFO  main            d.u.i.k.p.i.AbstractProblemLoader Replaying proof substring2.key 
132395     DEBUG main            d.u.i.k.p.i.IntermediateProofReplayer Proof replay took 6.2ns 
132497     INFO  main            d.u.i.k.p.r.p.TestFile    ... finished proof: closed. 
132754     INFO  main            d.u.i.k.p.i.AbstractProblemLoader Loading environment from /home/runner/work/key/key/key.core/../key.ui/examples/standard_key/strings/substring2.key.proof 
132754     DEBUG main            d.u.i.k.p.i.AbstractProblemLoader Environment load took 130.5ns 
132755     INFO  main            d.u.i.k.p.i.AbstractProblemLoader Creating init config 
135029     DEBUG main            d.u.i.k.p.i.AbstractProblemLoader Init config took 2.27s 
135043     INFO  main            d.u.i.k.p.i.AbstractProblemLoader Replaying proof substring2.key.proof 
135046     DEBUG main            d.u.i.k.p.i.IntermediateProofReplayer Proof replay took 701.61ns 
135047     DEBUG main            d.u.i.k.p.r.p.TestFile    ... success: reloaded. 
135049     INFO  main            d.u.i.k.p.r.p.TestFile    Now processing file /home/runner/work/key/key/key.core/../key.ui/examples/standard_key/strings/substring3.key 
135049     INFO  main            d.u.i.k.p.i.AbstractProblemLoader Loading environment from /home/runner/work/key/key/key.core/../key.ui/examples/standard_key/strings/substring3.key 
135049     DEBUG main            d.u.i.k.p.i.AbstractProblemLoader Environment load took 90.3ns 
135050     INFO  main            d.u.i.k.p.i.AbstractProblemLoader Creating init config 
137408     DEBUG main            d.u.i.k.p.i.AbstractProblemLoader Init config took 2.36s 
137421     INFO  main            d.u.i.k.p.i.AbstractProblemLoader Replaying proof substring3.key 
137422     DEBUG main            d.u.i.k.p.i.IntermediateProofReplayer Proof replay took 6.3ns 
137524     INFO  main            d.u.i.k.p.r.p.TestFile    ... finished proof: closed. 
137777     INFO  main            d.u.i.k.p.i.AbstractProblemLoader Loading environment from /home/runner/work/key/key/key.core/../key.ui/examples/standard_key/strings/substring3.key.proof 
137777     DEBUG main            d.u.i.k.p.i.AbstractProblemLoader Environment load took 121.4ns 
137778     INFO  main            d.u.i.k.p.i.AbstractProblemLoader Creating init config 
140059     DEBUG main            d.u.i.k.p.i.AbstractProblemLoader Init config took 2.28s 
140072     INFO  main            d.u.i.k.p.i.AbstractProblemLoader Replaying proof substring3.key.proof 
140076     DEBUG main            d.u.i.k.p.i.IntermediateProofReplayer Proof replay took 1.64ms 
140077     DEBUG main            d.u.i.k.p.r.p.TestFile    ... success: reloaded. 
140077     INFO  main            d.u.i.k.p.r.p.TestFile    Now processing file /home/runner/work/key/key/key.core/../key.ui/examples/standard_key/strings/substring4.key 
140077     INFO  main            d.u.i.k.p.i.AbstractProblemLoader Loading environment from /home/runner/work/key/key/key.core/../key.ui/examples/standard_key/strings/substring4.key 
140078     DEBUG main            d.u.i.k.p.i.AbstractProblemLoader Environment load took 205.1ns 
140078     INFO  main            d.u.i.k.p.i.AbstractProblemLoader Creating init config 
142369     DEBUG main            d.u.i.k.p.i.AbstractProblemLoader Init config took 2.29s 
142383     INFO  main            d.u.i.k.p.i.AbstractProblemLoader Replaying proof substring4.key 
142384     DEBUG main            d.u.i.k.p.i.IntermediateProofReplayer Proof replay took 6.7ns 
142486     INFO  main            d.u.i.k.p.r.p.TestFile    ... finished proof: closed. 
142753     INFO  main            d.u.i.k.p.i.AbstractProblemLoader Loading environment from /home/runner/work/key/key/key.core/../key.ui/examples/standard_key/strings/substring4.key.proof 
142753     DEBUG main            d.u.i.k.p.i.AbstractProblemLoader Environment load took 107.7ns 
142755     INFO  main            d.u.i.k.p.i.AbstractProblemLoader Creating init config 
145029     DEBUG main            d.u.i.k.p.i.AbstractProblemLoader Init config took 2.27s 
145043     INFO  main            d.u.i.k.p.i.AbstractProblemLoader Replaying proof substring4.key.proof 
145046     DEBUG main            d.u.i.k.p.i.IntermediateProofReplayer Proof replay took 2.03ms 
145047     DEBUG main            d.u.i.k.p.r.p.TestFile    ... success: reloaded. 
145048     INFO  main            d.u.i.k.p.r.p.TestFile    Now processing file /home/runner/work/key/key/key.core/../key.ui/examples/standard_key/strings/substring5.key 
145048     INFO  main            d.u.i.k.p.i.AbstractProblemLoader Loading environment from /home/runner/work/key/key/key.core/../key.ui/examples/standard_key/strings/substring5.key 
145048     DEBUG main            d.u.i.k.p.i.AbstractProblemLoader Environment load took 69ns 
145049     INFO  main            d.u.i.k.p.i.AbstractProblemLoader Creating init config 
147366     DEBUG main            d.u.i.k.p.i.AbstractProblemLoader Init config took 2.32s 
147381     INFO  main            d.u.i.k.p.i.AbstractProblemLoader Replaying proof substring5.key 
147382     DEBUG main            d.u.i.k.p.i.IntermediateProofReplayer Proof replay took 7.3ns 
147685     INFO  main            d.u.i.k.p.r.p.TestFile    ... finished proof: closed. 
147964     INFO  main            d.u.i.k.p.i.AbstractProblemLoader Loading environment from /home/runner/work/key/key/key.core/../key.ui/examples/standard_key/strings/substring5.key.proof 
147965     DEBUG main            d.u.i.k.p.i.AbstractProblemLoader Environment load took 347.31ns 
147967     INFO  main            d.u.i.k.p.i.AbstractProblemLoader Creating init config 
150244     DEBUG main            d.u.i.k.p.i.AbstractProblemLoader Init config took 2.28s 
150258     INFO  main            d.u.i.k.p.i.AbstractProblemLoader Replaying proof substring5.key.proof 
150281     DEBUG main            d.u.i.k.p.i.IntermediateProofReplayer Proof replay took 19.09ms 
150282     DEBUG main            d.u.i.k.p.r.p.TestFile    ... success: reloaded. 
3895662    INFO  Test worker     d.u.i.k.p.r.p.StatisticsFile Returning from test strings 
3895665    INFO  Test worker     d.u.i.k.p.r.p.StatisticsFile Running test simple_info_flow 
330        INFO  Timeout watchdog d.u.i.k.p.r.p.ForkedTestFileRunner Timeout watcher launched (2000 secs.) 
338        WARN  main            d.u.i.k.s.ProofSettings   The settings in /home/runner/.key/proof-settings.props are *not* read. 
364        INFO  main            d.u.i.k.p.r.p.TestFile    Now processing file /home/runner/work/key/key/key.core/../key.ui/examples/heap/information_flow/UpdateAbstraction_ex7_1_insecure.key 
468        INFO  main            d.u.i.k.p.i.AbstractProblemLoader Loading environment from /home/runner/work/key/key/key.core/../key.ui/examples/heap/information_flow/UpdateAbstraction_ex7_1_insecure.key 
492        DEBUG main            d.u.i.k.p.i.AbstractProblemLoader Environment load took 2.09ms 
719        INFO  main            d.u.i.k.p.i.AbstractProblemLoader Creating init config 
1544       DEBUG main            d.u.i.k.j.TypeConverter   No LDT found for Meta 
1548       DEBUG main            d.u.i.k.j.TypeConverter   No LDT found for Meta 
1552       DEBUG main            d.u.i.k.j.TypeConverter   No LDT found for Meta 
1553       DEBUG main            d.u.i.k.j.TypeConverter   No LDT found for Meta 
3076       DEBUG main            d.u.i.k.j.TypeConverter   No LDT found for JavaBigintExpression 
8616       DEBUG main            d.u.i.k.p.i.AbstractProblemLoader Init config took 7.9s 
8732       INFO  main            d.u.i.k.p.i.AbstractProblemLoader Replaying proof UpdateAbstraction[UpdateAbstraction::ex7_1_insecure()].JML operation contract.0 
8765       DEBUG main            d.u.i.k.p.i.IntermediateProofReplayer Proof replay took 32.2ns 
9437       INFO  main            d.u.i.k.p.r.p.TestFile    ... finished proof: open goal(s) 
9547       INFO  main            d.u.i.k.p.r.p.TestFile    Now processing file /home/runner/work/key/key/key.core/../key.ui/examples/heap/information_flow/UpdateAbstraction_ex7_2_insecure.key 
9548       INFO  main            d.u.i.k.p.i.AbstractProblemLoader Loading environment from /home/runner/work/key/key/key.core/../key.ui/examples/heap/information_flow/UpdateAbstraction_ex7_2_insecure.key 
9548       DEBUG main            d.u.i.k.p.i.AbstractProblemLoader Environment load took 245.8ns 
9550       INFO  main            d.u.i.k.p.i.AbstractProblemLoader Creating init config 
12637      DEBUG main            d.u.i.k.p.i.AbstractProblemLoader Init config took 3.09s 
12721      INFO  main            d.u.i.k.p.i.AbstractProblemLoader Replaying proof UpdateAbstraction[UpdateAbstraction::ex7_2_insecure()].JML operation contract.0 
12725      DEBUG main            d.u.i.k.p.i.IntermediateProofReplayer Proof replay took 39.2ns 
13133      INFO  main            d.u.i.k.p.r.p.TestFile    ... finished proof: open goal(s) 
3909101    INFO  Test worker     d.u.i.k.p.r.p.StatisticsFile Returning from test simple_info_flow 
3909102    INFO  Test worker     d.u.i.k.p.r.p.StatisticsFile Running test modelMethods 
347        INFO  Timeout watchdog d.u.i.k.p.r.p.ForkedTestFileRunner Timeout watcher launched (2000 secs.) 
360        WARN  main            d.u.i.k.s.ProofSettings   The settings in /home/runner/.key/proof-settings.props are *not* read. 
392        INFO  main            d.u.i.k.p.r.p.TestFile    Now processing file /home/runner/work/key/key/key.core/../key.ui/examples/heap/model_methods/Cell_footprint_acc.key 
535        INFO  main            d.u.i.k.p.i.AbstractProblemLoader Loading environment from /home/runner/work/key/key/key.core/../key.ui/examples/heap/model_methods/Cell_footprint_acc.key 
562        DEBUG main            d.u.i.k.p.i.AbstractProblemLoader Environment load took 2.43ms 
795        INFO  main            d.u.i.k.p.i.AbstractProblemLoader Creating init config 
1628       DEBUG main            d.u.i.k.j.TypeConverter   No LDT found for Meta 
1628       DEBUG main            d.u.i.k.j.TypeConverter   No LDT found for Meta 
1630       DEBUG main            d.u.i.k.j.TypeConverter   No LDT found for Meta 
1630       DEBUG main            d.u.i.k.j.TypeConverter   No LDT found for Meta 
3058       DEBUG main            d.u.i.k.j.TypeConverter   No LDT found for JavaBigintExpression 
8396       DEBUG main            d.u.i.k.p.i.AbstractProblemLoader Init config took 7.6s 
8571       INFO  main            d.u.i.k.p.i.AbstractProblemLoader Replaying proof Cell[Cell::footprint()].JML accessible clause.0 
8606       DEBUG main            d.u.i.k.p.i.IntermediateProofReplayer Proof replay took 33.5ns 
9045       INFO  main            d.u.i.k.p.r.p.TestFile    ... finished proof: closed. 
9156       INFO  main            d.u.i.k.p.i.AbstractProblemLoader Loading environment from /home/runner/work/key/key/key.core/../key.ui/examples/heap/model_methods/Cell_footprint_acc.key.proof 
9156       DEBUG main            d.u.i.k.p.i.AbstractProblemLoader Environment load took 155.4ns 
9158       INFO  main            d.u.i.k.p.i.AbstractProblemLoader Creating init config 
12130      DEBUG main            d.u.i.k.p.i.AbstractProblemLoader Init config took 2.97s 
12198      INFO  main            d.u.i.k.p.i.AbstractProblemLoader Replaying proof Cell[Cell::footprint()].JML accessible clause.0 
12218      DEBUG main            d.u.i.k.p.i.IntermediateProofReplayer Proof replay took 15.93ms 
12224      DEBUG main            d.u.i.k.p.r.p.TestFile    ... success: reloaded. 
12226      INFO  main            d.u.i.k.p.r.p.TestFile    Now processing file /home/runner/work/key/key/key.core/../key.ui/examples/heap/model_methods/Cell_footprint.key 
12227      INFO  main            d.u.i.k.p.i.AbstractProblemLoader Loading environment from /home/runner/work/key/key/key.core/../key.ui/examples/heap/model_methods/Cell_footprint.key 
12227      DEBUG main            d.u.i.k.p.i.AbstractProblemLoader Environment load took 199.5ns 
12229      INFO  main            d.u.i.k.p.i.AbstractProblemLoader Creating init config 
15143      DEBUG main            d.u.i.k.p.i.AbstractProblemLoader Init config took 2.91s 
15230      INFO  main            d.u.i.k.p.i.AbstractProblemLoader Replaying proof Cell[Cell::footprint()].JML model_behavior operation contract.0 
15232      DEBUG main            d.u.i.k.p.i.IntermediateProofReplayer Proof replay took 6.1ns 
15335      INFO  main            d.u.i.k.p.r.p.TestFile    ... finished proof: closed. 
15467      INFO  main            d.u.i.k.p.i.AbstractProblemLoader Loading environment from /home/runner/work/key/key/key.core/../key.ui/examples/heap/model_methods/Cell_footprint.key.proof 
15467      DEBUG main            d.u.i.k.p.i.AbstractProblemLoader Environment load took 137ns 
15468      INFO  main            d.u.i.k.p.i.AbstractProblemLoader Creating init config 
18304      DEBUG main            d.u.i.k.p.i.AbstractProblemLoader Init config took 2.84s 
18359      INFO  main            d.u.i.k.p.i.AbstractProblemLoader Replaying proof Cell[Cell::footprint()].JML model_behavior operation contract.0 
18369      DEBUG main            d.u.i.k.p.i.IntermediateProofReplayer Proof replay took 7.25ms 
18370      DEBUG main            d.u.i.k.p.r.p.TestFile    ... success: reloaded. 
18371      INFO  main            d.u.i.k.p.r.p.TestFile    Now processing file /home/runner/work/key/key/key.core/../key.ui/examples/heap/model_methods/Cell_get_acc.key 
18372      INFO  main            d.u.i.k.p.i.AbstractProblemLoader Loading environment from /home/runner/work/key/key/key.core/../key.ui/examples/heap/model_methods/Cell_get_acc.key 
18372      DEBUG main            d.u.i.k.p.i.AbstractProblemLoader Environment load took 182.3ns 
18373      INFO  main            d.u.i.k.p.i.AbstractProblemLoader Creating init config 
21150      DEBUG main            d.u.i.k.p.i.AbstractProblemLoader Init config took 2.78s 
21201      INFO  main            d.u.i.k.p.i.AbstractProblemLoader Replaying proof Cell[Cell::get()].JML accessible clause.0 
21203      DEBUG main            d.u.i.k.p.i.IntermediateProofReplayer Proof replay took 6.4ns 
21414      INFO  main            d.u.i.k.p.r.p.TestFile    ... finished proof: closed. 
21557      INFO  main            d.u.i.k.p.i.AbstractProblemLoader Loading environment from /home/runner/work/key/key/key.core/../key.ui/examples/heap/model_methods/Cell_get_acc.key.proof 
21558      DEBUG main            d.u.i.k.p.i.AbstractProblemLoader Environment load took 548.01ns 
21560      INFO  main            d.u.i.k.p.i.AbstractProblemLoader Creating init config 
24297      DEBUG main            d.u.i.k.p.i.AbstractProblemLoader Init config took 2.74s 
24347      INFO  main            d.u.i.k.p.i.AbstractProblemLoader Replaying proof Cell[Cell::get()].JML accessible clause.0 
24380      DEBUG main            d.u.i.k.p.i.IntermediateProofReplayer Proof replay took 29.79ms 
24382      DEBUG main            d.u.i.k.p.r.p.TestFile    ... success: reloaded. 
24383      INFO  main            d.u.i.k.p.r.p.TestFile    Now processing file /home/runner/work/key/key/key.core/../key.ui/examples/heap/model_methods/Cell_get.key 
24384      INFO  main            d.u.i.k.p.i.AbstractProblemLoader Loading environment from /home/runner/work/key/key/key.core/../key.ui/examples/heap/model_methods/Cell_get.key 
24384      DEBUG main            d.u.i.k.p.i.AbstractProblemLoader Environment load took 192.3ns 
24385      INFO  main            d.u.i.k.p.i.AbstractProblemLoader Creating init config 
27127      DEBUG main            d.u.i.k.p.i.AbstractProblemLoader Init config took 2.74s 
27190      INFO  main            d.u.i.k.p.i.AbstractProblemLoader Replaying proof Cell[Cell::get()].JML operation contract.0 
27192      DEBUG main            d.u.i.k.p.i.IntermediateProofReplayer Proof replay took 6.4ns 
27295      INFO  main            d.u.i.k.p.r.p.TestFile    ... finished proof: closed. 
27491      INFO  main            d.u.i.k.p.i.AbstractProblemLoader Loading environment from /home/runner/work/key/key/key.core/../key.ui/examples/heap/model_methods/Cell_get.key.proof 
27491      DEBUG main            d.u.i.k.p.i.AbstractProblemLoader Environment load took 125.7ns 
27492      INFO  main            d.u.i.k.p.i.AbstractProblemLoader Creating init config 
30237      DEBUG main            d.u.i.k.p.i.AbstractProblemLoader Init config took 2.74s 
30290      INFO  main            d.u.i.k.p.i.AbstractProblemLoader Replaying proof Cell[Cell::get()].JML operation contract.0 
30313      DEBUG main            d.u.i.k.p.i.IntermediateProofReplayer Proof replay took 15.45ms 
30314      DEBUG main            d.u.i.k.p.r.p.TestFile    ... success: reloaded. 
30315      INFO  main            d.u.i.k.p.r.p.TestFile    Now processing file /home/runner/work/key/key/key.core/../key.ui/examples/heap/model_methods/Cell_post_set.key 
30315      INFO  main            d.u.i.k.p.i.AbstractProblemLoader Loading environment from /home/runner/work/key/key/key.core/../key.ui/examples/heap/model_methods/Cell_post_set.key 
30316      DEBUG main            d.u.i.k.p.i.AbstractProblemLoader Environment load took 194.5ns 
30317      INFO  main            d.u.i.k.p.i.AbstractProblemLoader Creating init config 
33039      DEBUG main            d.u.i.k.p.i.AbstractProblemLoader Init config took 2.72s 
33088      INFO  main            d.u.i.k.p.i.AbstractProblemLoader Replaying proof Cell[Cell::post_set(int)].JML model_behavior operation contract.0 
33090      DEBUG main            d.u.i.k.p.i.IntermediateProofReplayer Proof replay took 5.8ns 
33192      INFO  main            d.u.i.k.p.r.p.TestFile    ... finished proof: closed. 
33344      INFO  main            d.u.i.k.p.i.AbstractProblemLoader Loading environment from /home/runner/work/key/key/key.core/../key.ui/examples/heap/model_methods/Cell_post_set.key.proof 
33344      DEBUG main            d.u.i.k.p.i.AbstractProblemLoader Environment load took 130.2ns 
33346      INFO  main            d.u.i.k.p.i.AbstractProblemLoader Creating init config 
36024      DEBUG main            d.u.i.k.p.i.AbstractProblemLoader Init config took 2.68s 
36073      INFO  main            d.u.i.k.p.i.AbstractProblemLoader Replaying proof Cell[Cell::post_set(int)].JML model_behavior operation contract.0 
36080      DEBUG main            d.u.i.k.p.i.IntermediateProofReplayer Proof replay took 4.68ms 
36081      DEBUG main            d.u.i.k.p.r.p.TestFile    ... success: reloaded. 
36082      INFO  main            d.u.i.k.p.r.p.TestFile    Now processing file /home/runner/work/key/key/key.core/../key.ui/examples/heap/model_methods/Cell_set.key 
36082      INFO  main            d.u.i.k.p.i.AbstractProblemLoader Loading environment from /home/runner/work/key/key/key.core/../key.ui/examples/heap/model_methods/Cell_set.key 
36083      DEBUG main            d.u.i.k.p.i.AbstractProblemLoader Environment load took 184.8ns 
36084      INFO  main            d.u.i.k.p.i.AbstractProblemLoader Creating init config 
38792      DEBUG main            d.u.i.k.p.i.AbstractProblemLoader Init config took 2.71s 
38840      INFO  main            d.u.i.k.p.i.AbstractProblemLoader Replaying proof Cell[Cell::set(int)].JML operation contract.0 
38842      DEBUG main            d.u.i.k.p.i.IntermediateProofReplayer Proof replay took 7.4ns 
45422      INFO  main            d.u.i.k.p.r.p.TestFile    ... finished proof: closed. 
45625      INFO  main            d.u.i.k.p.i.AbstractProblemLoader Loading environment from /home/runner/work/key/key/key.core/../key.ui/examples/heap/model_methods/Cell_set.key.proof 
45626      DEBUG main            d.u.i.k.p.i.AbstractProblemLoader Environment load took 388.11ns 
45627      INFO  main            d.u.i.k.p.i.AbstractProblemLoader Creating init config 
48278      DEBUG main            d.u.i.k.p.i.AbstractProblemLoader Init config took 2.65s 
48329      INFO  main            d.u.i.k.p.i.AbstractProblemLoader Replaying proof Cell[Cell::set(int)].JML operation contract.0 
48849      DEBUG main            d.u.i.k.p.i.IntermediateProofReplayer Proof replay took 495.68ms 
48851      DEBUG main            d.u.i.k.p.r.p.TestFile    ... success: reloaded. 
48852      INFO  main            d.u.i.k.p.r.p.TestFile    Now processing file /home/runner/work/key/key/key.core/../key.ui/examples/heap/model_methods/CellTest_callSet.key 
48853      INFO  main            d.u.i.k.p.i.AbstractProblemLoader Loading environment from /home/runner/work/key/key/key.core/../key.ui/examples/heap/model_methods/CellTest_callSet.key 
48853      DEBUG main            d.u.i.k.p.i.AbstractProblemLoader Environment load took 114.7ns 
48854      INFO  main            d.u.i.k.p.i.AbstractProblemLoader Creating init config 
51611      DEBUG main            d.u.i.k.p.i.AbstractProblemLoader Init config took 2.76s 
51657      INFO  main            d.u.i.k.p.i.AbstractProblemLoader Replaying proof CellTest[CellTest::callSet(Cell,int)].JML operation contract.0 
51658      DEBUG main            d.u.i.k.p.i.IntermediateProofReplayer Proof replay took 7.2ns 
51861      INFO  main            d.u.i.k.p.r.p.TestFile    ... finished proof: closed. 
52035      INFO  main            d.u.i.k.p.i.AbstractProblemLoader Loading environment from /home/runner/work/key/key/key.core/../key.ui/examples/heap/model_methods/CellTest_callSet.key.proof 
52035      DEBUG main            d.u.i.k.p.i.AbstractProblemLoader Environment load took 131.9ns 
52036      INFO  main            d.u.i.k.p.i.AbstractProblemLoader Creating init config 
54675      DEBUG main            d.u.i.k.p.i.AbstractProblemLoader Init config took 2.64s 
54734      INFO  main            d.u.i.k.p.i.AbstractProblemLoader Replaying proof CellTest[CellTest::callSet(Cell,int)].JML operation contract.0 
54772      DEBUG main            d.u.i.k.p.i.IntermediateProofReplayer Proof replay took 34.84ms 
54774      DEBUG main            d.u.i.k.p.r.p.TestFile    ... success: reloaded. 
54776      INFO  main            d.u.i.k.p.r.p.TestFile    Now processing file /home/runner/work/key/key/key.core/../key.ui/examples/heap/model_methods/CellTest_test2.key 
54776      INFO  main            d.u.i.k.p.i.AbstractProblemLoader Loading environment from /home/runner/work/key/key/key.core/../key.ui/examples/heap/model_methods/CellTest_test2.key 
54776      DEBUG main            d.u.i.k.p.i.AbstractProblemLoader Environment load took 190.9ns 
54777      INFO  main            d.u.i.k.p.i.AbstractProblemLoader Creating init config 
57420      DEBUG main            d.u.i.k.p.i.AbstractProblemLoader Init config took 2.64s 
57463      INFO  main            d.u.i.k.p.i.AbstractProblemLoader Replaying proof CellTest[CellTest::test2(Cell)].JML operation contract.0 
57464      DEBUG main            d.u.i.k.p.i.IntermediateProofReplayer Proof replay took 6ns 
57767      INFO  main            d.u.i.k.p.r.p.TestFile    ... finished proof: closed. 
57990      INFO  main            d.u.i.k.p.i.AbstractProblemLoader Loading environment from /home/runner/work/key/key/key.core/../key.ui/examples/heap/model_methods/CellTest_test2.key.proof 
57991      DEBUG main            d.u.i.k.p.i.AbstractProblemLoader Environment load took 130.3ns 
57992      INFO  main            d.u.i.k.p.i.AbstractProblemLoader Creating init config 
60619      DEBUG main            d.u.i.k.p.i.AbstractProblemLoader Init config took 2.63s 
60668      INFO  main            d.u.i.k.p.i.AbstractProblemLoader Replaying proof CellTest[CellTest::test2(Cell)].JML operation contract.0 
60742      DEBUG main            d.u.i.k.p.i.IntermediateProofReplayer Proof replay took 70.57ms 
60743      DEBUG main            d.u.i.k.p.r.p.TestFile    ... success: reloaded. 
60744      INFO  main            d.u.i.k.p.r.p.TestFile    Now processing file /home/runner/work/key/key/key.core/../key.ui/examples/heap/model_methods/CellTest_test.key 
60744      INFO  main            d.u.i.k.p.i.AbstractProblemLoader Loading environment from /home/runner/work/key/key/key.core/../key.ui/examples/heap/model_methods/CellTest_test.key 
60745      DEBUG main            d.u.i.k.p.i.AbstractProblemLoader Environment load took 185ns 
60746      INFO  main            d.u.i.k.p.i.AbstractProblemLoader Creating init config 
63428      DEBUG main            d.u.i.k.p.i.AbstractProblemLoader Init config took 2.68s 
63470      INFO  main            d.u.i.k.p.i.AbstractProblemLoader Replaying proof CellTest[CellTest::test(Recell)].JML operation contract.0 
63471      DEBUG main            d.u.i.k.p.i.IntermediateProofReplayer Proof replay took 6.4ns 
65199      INFO  main            d.u.i.k.p.r.p.TestFile    ... finished proof: closed. 
65425      INFO  main            d.u.i.k.p.i.AbstractProblemLoader Loading environment from /home/runner/work/key/key/key.core/../key.ui/examples/heap/model_methods/CellTest_test.key.proof 
65426      DEBUG main            d.u.i.k.p.i.AbstractProblemLoader Environment load took 393.31ns 
65427      INFO  main            d.u.i.k.p.i.AbstractProblemLoader Creating init config 
68036      DEBUG main            d.u.i.k.p.i.AbstractProblemLoader Init config took 2.61s 
68089      INFO  main            d.u.i.k.p.i.AbstractProblemLoader Replaying proof CellTest[CellTest::test(Recell)].JML operation contract.0 
68533      DEBUG main            d.u.i.k.p.i.IntermediateProofReplayer Proof replay took 414.76ms 
68535      DEBUG main            d.u.i.k.p.r.p.TestFile    ... success: reloaded. 
68536      INFO  main            d.u.i.k.p.r.p.TestFile    Now processing file /home/runner/work/key/key/key.core/../key.ui/examples/heap/model_methods/Coll1_add.key 
68536      INFO  main            d.u.i.k.p.i.AbstractProblemLoader Loading environment from /home/runner/work/key/key/key.core/../key.ui/examples/heap/model_methods/Coll1_add.key 
68537      DEBUG main            d.u.i.k.p.i.AbstractProblemLoader Environment load took 199.8ns 
68538      INFO  main            d.u.i.k.p.i.AbstractProblemLoader Creating init config 
71183      DEBUG main            d.u.i.k.p.i.AbstractProblemLoader Init config took 2.65s 
71224      INFO  main            d.u.i.k.p.i.AbstractProblemLoader Replaying proof Coll1[Coll::add(int)].JML operation contract.0 
71225      DEBUG main            d.u.i.k.p.i.IntermediateProofReplayer Proof replay took 16.5ns 
71331      INFO  main            d.u.i.k.p.r.p.TestFile    ... finished proof: closed. 
71518      INFO  main            d.u.i.k.p.i.AbstractProblemLoader Loading environment from /home/runner/work/key/key/key.core/../key.ui/examples/heap/model_methods/Coll1_add.key.proof 
71519      DEBUG main            d.u.i.k.p.i.AbstractProblemLoader Environment load took 128.3ns 
71519      INFO  main            d.u.i.k.p.i.AbstractProblemLoader Creating init config 
74165      DEBUG main            d.u.i.k.p.i.AbstractProblemLoader Init config took 2.65s 
74213      INFO  main            d.u.i.k.p.i.AbstractProblemLoader Replaying proof Coll1[Coll::add(int)].JML operation contract.0 
74224      DEBUG main            d.u.i.k.p.i.IntermediateProofReplayer Proof replay took 8.41ms 
74225      DEBUG main            d.u.i.k.p.r.p.TestFile    ... success: reloaded. 
74227      INFO  main            d.u.i.k.p.r.p.TestFile    Now processing file /home/runner/work/key/key/key.core/../key.ui/examples/heap/model_methods/Coll1_Coll1_add_pre.key 
74227      INFO  main            d.u.i.k.p.i.AbstractProblemLoader Loading environment from /home/runner/work/key/key/key.core/../key.ui/examples/heap/model_methods/Coll1_Coll1_add_pre.key 
74227      DEBUG main            d.u.i.k.p.i.AbstractProblemLoader Environment load took 68.9ns 
74228      INFO  main            d.u.i.k.p.i.AbstractProblemLoader Creating init config 
76865      DEBUG main            d.u.i.k.p.i.AbstractProblemLoader Init config took 2.64s 
76905      INFO  main            d.u.i.k.p.i.AbstractProblemLoader Replaying proof Coll1[Coll1::add_pre(int)].JML model_behavior operation contract.0 
76909      DEBUG main            d.u.i.k.p.i.IntermediateProofReplayer Proof replay took 6.3ns 
77011      INFO  main            d.u.i.k.p.r.p.TestFile    ... finished proof: closed. 
77203      INFO  main            d.u.i.k.p.i.AbstractProblemLoader Loading environment from /home/runner/work/key/key/key.core/../key.ui/examples/heap/model_methods/Coll1_Coll1_add_pre.key.proof 
77203      DEBUG main            d.u.i.k.p.i.AbstractProblemLoader Environment load took 128.8ns 
77204      INFO  main            d.u.i.k.p.i.AbstractProblemLoader Creating init config 
79796      DEBUG main            d.u.i.k.p.i.AbstractProblemLoader Init config took 2.59s 
79836      INFO  main            d.u.i.k.p.i.AbstractProblemLoader Replaying proof Coll1[Coll1::add_pre(int)].JML model_behavior operation contract.0 
79839      DEBUG main            d.u.i.k.p.i.IntermediateProofReplayer Proof replay took 1.34ms 
79840      DEBUG main            d.u.i.k.p.r.p.TestFile    ... success: reloaded. 
79841      INFO  main            d.u.i.k.p.r.p.TestFile    Now processing file /home/runner/work/key/key/key.core/../key.ui/examples/heap/model_methods/Coll1_Coll_add_pre.key 
79841      INFO  main            d.u.i.k.p.i.AbstractProblemLoader Loading environment from /home/runner/work/key/key/key.core/../key.ui/examples/heap/model_methods/Coll1_Coll_add_pre.key 
79841      DEBUG main            d.u.i.k.p.i.AbstractProblemLoader Environment load took 98.6ns 
79842      INFO  main            d.u.i.k.p.i.AbstractProblemLoader Creating init config 
82489      DEBUG main            d.u.i.k.p.i.AbstractProblemLoader Init config took 2.65s 
82529      INFO  main            d.u.i.k.p.i.AbstractProblemLoader Replaying proof Coll1[Coll::add_pre(int)].JML model_behavior operation contract.0 
82530      DEBUG main            d.u.i.k.p.i.IntermediateProofReplayer Proof replay took 6.8ns 
82634      INFO  main            d.u.i.k.p.r.p.TestFile    ... finished proof: closed. 
82834      INFO  main            d.u.i.k.p.i.AbstractProblemLoader Loading environment from /home/runner/work/key/key/key.core/../key.ui/examples/heap/model_methods/Coll1_Coll_add_pre.key.proof 
82835      DEBUG main            d.u.i.k.p.i.AbstractProblemLoader Environment load took 130.7ns 
82835      INFO  main            d.u.i.k.p.i.AbstractProblemLoader Creating init config 
85430      DEBUG main            d.u.i.k.p.i.AbstractProblemLoader Init config took 2.59s 
85470      INFO  main            d.u.i.k.p.i.AbstractProblemLoader Replaying proof Coll1[Coll::add_pre(int)].JML model_behavior operation contract.0 
85473      DEBUG main            d.u.i.k.p.i.IntermediateProofReplayer Proof replay took 2.14ms 
85474      DEBUG main            d.u.i.k.p.r.p.TestFile    ... success: reloaded. 
85475      INFO  main            d.u.i.k.p.r.p.TestFile    Now processing file /home/runner/work/key/key/key.core/../key.ui/examples/heap/model_methods/Coll2_add.key 
85475      INFO  main            d.u.i.k.p.i.AbstractProblemLoader Loading environment from /home/runner/work/key/key/key.core/../key.ui/examples/heap/model_methods/Coll2_add.key 
85475      DEBUG main            d.u.i.k.p.i.AbstractProblemLoader Environment load took 76.8ns 
85476      INFO  main            d.u.i.k.p.i.AbstractProblemLoader Creating init config 
88131      DEBUG main            d.u.i.k.p.i.AbstractProblemLoader Init config took 2.65s 
88190      INFO  main            d.u.i.k.p.i.AbstractProblemLoader Replaying proof Coll2[Coll::add(int)].JML operation contract.0 
88192      DEBUG main            d.u.i.k.p.i.IntermediateProofReplayer Proof replay took 6.1ns 
88294      INFO  main            d.u.i.k.p.r.p.TestFile    ... finished proof: closed. 
88503      INFO  main            d.u.i.k.p.i.AbstractProblemLoader Loading environment from /home/runner/work/key/key/key.core/../key.ui/examples/heap/model_methods/Coll2_add.key.proof 
88503      DEBUG main            d.u.i.k.p.i.AbstractProblemLoader Environment load took 128ns 
88504      INFO  main            d.u.i.k.p.i.AbstractProblemLoader Creating init config 
91084      DEBUG main            d.u.i.k.p.i.AbstractProblemLoader Init config took 2.58s 
91123      INFO  main            d.u.i.k.p.i.AbstractProblemLoader Replaying proof Coll2[Coll::add(int)].JML operation contract.0 
91130      DEBUG main            d.u.i.k.p.i.IntermediateProofReplayer Proof replay took 6ms 
91131      DEBUG main            d.u.i.k.p.r.p.TestFile    ... success: reloaded. 
91132      INFO  main            d.u.i.k.p.r.p.TestFile    Now processing file /home/runner/work/key/key/key.core/../key.ui/examples/heap/model_methods/Coll2_Coll2_add_pre.key 
91132      INFO  main            d.u.i.k.p.i.AbstractProblemLoader Loading environment from /home/runner/work/key/key/key.core/../key.ui/examples/heap/model_methods/Coll2_Coll2_add_pre.key 
91133      DEBUG main            d.u.i.k.p.i.AbstractProblemLoader Environment load took 168.1ns 
91134      INFO  main            d.u.i.k.p.i.AbstractProblemLoader Creating init config 
93788      DEBUG main            d.u.i.k.p.i.AbstractProblemLoader Init config took 2.65s 
93831      INFO  main            d.u.i.k.p.i.AbstractProblemLoader Replaying proof Coll2[Coll2::add_pre(int)].JML model_behavior operation contract.0 
93833      DEBUG main            d.u.i.k.p.i.IntermediateProofReplayer Proof replay took 6.5ns 
93935      INFO  main            d.u.i.k.p.r.p.TestFile    ... finished proof: closed. 
94150      INFO  main            d.u.i.k.p.i.AbstractProblemLoader Loading environment from /home/runner/work/key/key/key.core/../key.ui/examples/heap/model_methods/Coll2_Coll2_add_pre.key.proof 
94151      DEBUG main            d.u.i.k.p.i.AbstractProblemLoader Environment load took 130.7ns 
94152      INFO  main            d.u.i.k.p.i.AbstractProblemLoader Creating init config 
96736      DEBUG main            d.u.i.k.p.i.AbstractProblemLoader Init config took 2.58s 
96785      INFO  main            d.u.i.k.p.i.AbstractProblemLoader Replaying proof Coll2[Coll2::add_pre(int)].JML model_behavior operation contract.0 
96788      DEBUG main            d.u.i.k.p.i.IntermediateProofReplayer Proof replay took 1.36ms 
96789      DEBUG main            d.u.i.k.p.r.p.TestFile    ... success: reloaded. 
96790      INFO  main            d.u.i.k.p.r.p.TestFile    Now processing file /home/runner/work/key/key/key.core/../key.ui/examples/heap/model_methods/Coll2_Coll_add_pre.key 
96790      INFO  main            d.u.i.k.p.i.AbstractProblemLoader Loading environment from /home/runner/work/key/key/key.core/../key.ui/examples/heap/model_methods/Coll2_Coll_add_pre.key 
96791      DEBUG main            d.u.i.k.p.i.AbstractProblemLoader Environment load took 202.4ns 
96792      INFO  main            d.u.i.k.p.i.AbstractProblemLoader Creating init config 
99452      DEBUG main            d.u.i.k.p.i.AbstractProblemLoader Init config took 2.66s 
99490      INFO  main            d.u.i.k.p.i.AbstractProblemLoader Replaying proof Coll2[Coll::add_pre(int)].JML model_behavior operation contract.0 
99494      DEBUG main            d.u.i.k.p.i.IntermediateProofReplayer Proof replay took 7.3ns 
99598      INFO  main            d.u.i.k.p.r.p.TestFile    ... finished proof: closed. 
99807      INFO  main            d.u.i.k.p.i.AbstractProblemLoader Loading environment from /home/runner/work/key/key/key.core/../key.ui/examples/heap/model_methods/Coll2_Coll_add_pre.key.proof 
99807      DEBUG main            d.u.i.k.p.i.AbstractProblemLoader Environment load took 126.5ns 
99808      INFO  main            d.u.i.k.p.i.AbstractProblemLoader Creating init config 
102415     DEBUG main            d.u.i.k.p.i.AbstractProblemLoader Init config took 2.61s 
102453     INFO  main            d.u.i.k.p.i.AbstractProblemLoader Replaying proof Coll2[Coll::add_pre(int)].JML model_behavior operation contract.0 
102456     DEBUG main            d.u.i.k.p.i.IntermediateProofReplayer Proof replay took 1.9ms 
102457     DEBUG main            d.u.i.k.p.r.p.TestFile    ... success: reloaded. 
102458     INFO  main            d.u.i.k.p.r.p.TestFile    Now processing file /home/runner/work/key/key/key.core/../key.ui/examples/heap/model_methods/Coll_add.key 
102459     INFO  main            d.u.i.k.p.i.AbstractProblemLoader Loading environment from /home/runner/work/key/key/key.core/../key.ui/examples/heap/model_methods/Coll_add.key 
102459     DEBUG main            d.u.i.k.p.i.AbstractProblemLoader Environment load took 100.7ns 
102460     INFO  main            d.u.i.k.p.i.AbstractProblemLoader Creating init config 
105068     DEBUG main            d.u.i.k.p.i.AbstractProblemLoader Init config took 2.61s 
105108     INFO  main            d.u.i.k.p.i.AbstractProblemLoader Replaying proof Coll[Coll::add(int)].JML operation contract.0 
105109     DEBUG main            d.u.i.k.p.i.IntermediateProofReplayer Proof replay took 6.4ns 
105211     INFO  main            d.u.i.k.p.r.p.TestFile    ... finished proof: closed. 
105441     INFO  main            d.u.i.k.p.i.AbstractProblemLoader Loading environment from /home/runner/work/key/key/key.core/../key.ui/examples/heap/model_methods/Coll_add.key.proof 
105441     DEBUG main            d.u.i.k.p.i.AbstractProblemLoader Environment load took 180.5ns 
105442     INFO  main            d.u.i.k.p.i.AbstractProblemLoader Creating init config 
108041     DEBUG main            d.u.i.k.p.i.AbstractProblemLoader Init config took 2.6s 
108079     INFO  main            d.u.i.k.p.i.AbstractProblemLoader Replaying proof Coll[Coll::add(int)].JML operation contract.0 
108083     DEBUG main            d.u.i.k.p.i.IntermediateProofReplayer Proof replay took 1.91ms 
108084     DEBUG main            d.u.i.k.p.r.p.TestFile    ... success: reloaded. 
108084     INFO  main            d.u.i.k.p.r.p.TestFile    Now processing file /home/runner/work/key/key/key.core/../key.ui/examples/heap/model_methods/Coll_add_pre.key 
108085     INFO  main            d.u.i.k.p.i.AbstractProblemLoader Loading environment from /home/runner/work/key/key/key.core/../key.ui/examples/heap/model_methods/Coll_add_pre.key 
108085     DEBUG main            d.u.i.k.p.i.AbstractProblemLoader Environment load took 107.4ns 
108086     INFO  main            d.u.i.k.p.i.AbstractProblemLoader Creating init config 
110736     DEBUG main            d.u.i.k.p.i.AbstractProblemLoader Init config took 2.65s 
110775     INFO  main            d.u.i.k.p.i.AbstractProblemLoader Replaying proof Coll[Coll::add_pre(int)].JML model_behavior operation contract.0 
110777     DEBUG main            d.u.i.k.p.i.IntermediateProofReplayer Proof replay took 6.5ns 
110879     INFO  main            d.u.i.k.p.r.p.TestFile    ... finished proof: closed. 
111105     INFO  main            d.u.i.k.p.i.AbstractProblemLoader Loading environment from /home/runner/work/key/key/key.core/../key.ui/examples/heap/model_methods/Coll_add_pre.key.proof 
111105     DEBUG main            d.u.i.k.p.i.AbstractProblemLoader Environment load took 192.1ns 
111106     INFO  main            d.u.i.k.p.i.AbstractProblemLoader Creating init config 
113688     DEBUG main            d.u.i.k.p.i.AbstractProblemLoader Init config took 2.58s 
113725     INFO  main            d.u.i.k.p.i.AbstractProblemLoader Replaying proof Coll[Coll::add_pre(int)].JML model_behavior operation contract.0 
113729     DEBUG main            d.u.i.k.p.i.IntermediateProofReplayer Proof replay took 2.23ms 
113730     DEBUG main            d.u.i.k.p.r.p.TestFile    ... success: reloaded. 
113731     INFO  main            d.u.i.k.p.r.p.TestFile    Now processing file /home/runner/work/key/key/key.core/../key.ui/examples/heap/model_methods/Indirect_callAdd.key 
113731     INFO  main            d.u.i.k.p.i.AbstractProblemLoader Loading environment from /home/runner/work/key/key/key.core/../key.ui/examples/heap/model_methods/Indirect_callAdd.key 
113731     DEBUG main            d.u.i.k.p.i.AbstractProblemLoader Environment load took 96.1ns 
113732     INFO  main            d.u.i.k.p.i.AbstractProblemLoader Creating init config 
116372     DEBUG main            d.u.i.k.p.i.AbstractProblemLoader Init config took 2.64s 
116412     INFO  main            d.u.i.k.p.i.AbstractProblemLoader Replaying proof Indirect[Indirect::callAdd(Coll,int)].JML operation contract.0 
116413     DEBUG main            d.u.i.k.p.i.IntermediateProofReplayer Proof replay took 7ns 
116515     INFO  main            d.u.i.k.p.r.p.TestFile    ... finished proof: closed. 
116756     INFO  main            d.u.i.k.p.i.AbstractProblemLoader Loading environment from /home/runner/work/key/key/key.core/../key.ui/examples/heap/model_methods/Indirect_callAdd.key.proof 
116756     DEBUG main            d.u.i.k.p.i.AbstractProblemLoader Environment load took 118.6ns 
116757     INFO  main            d.u.i.k.p.i.AbstractProblemLoader Creating init config 
119303     DEBUG main            d.u.i.k.p.i.AbstractProblemLoader Init config took 2.55s 
119344     INFO  main            d.u.i.k.p.i.AbstractProblemLoader Replaying proof Indirect[Indirect::callAdd(Coll,int)].JML operation contract.0 
119366     DEBUG main            d.u.i.k.p.i.IntermediateProofReplayer Proof replay took 20.12ms 
119367     DEBUG main            d.u.i.k.p.r.p.TestFile    ... success: reloaded. 
119369     INFO  main            d.u.i.k.p.r.p.TestFile    Now processing file /home/runner/work/key/key/key.core/../key.ui/examples/heap/model_methods/Indirect_test.key 
119369     INFO  main            d.u.i.k.p.i.AbstractProblemLoader Loading environment from /home/runner/work/key/key/key.core/../key.ui/examples/heap/model_methods/Indirect_test.key 
119369     DEBUG main            d.u.i.k.p.i.AbstractProblemLoader Environment load took 186.4ns 
119370     INFO  main            d.u.i.k.p.i.AbstractProblemLoader Creating init config 
121992     DEBUG main            d.u.i.k.p.i.AbstractProblemLoader Init config took 2.62s 
122051     INFO  main            d.u.i.k.p.i.AbstractProblemLoader Replaying proof Indirect[Indirect::test(Coll1,Coll2)].JML operation contract.0 
122053     DEBUG main            d.u.i.k.p.i.IntermediateProofReplayer Proof replay took 6.5ns 
122259     INFO  main            d.u.i.k.p.r.p.TestFile    ... finished proof: closed. 
122513     INFO  main            d.u.i.k.p.i.AbstractProblemLoader Loading environment from /home/runner/work/key/key/key.core/../key.ui/examples/heap/model_methods/Indirect_test.key.proof 
122513     DEBUG main            d.u.i.k.p.i.AbstractProblemLoader Environment load took 120.8ns 
122514     INFO  main            d.u.i.k.p.i.AbstractProblemLoader Creating init config 
125076     DEBUG main            d.u.i.k.p.i.AbstractProblemLoader Init config took 2.56s 
125114     INFO  main            d.u.i.k.p.i.AbstractProblemLoader Replaying proof Indirect[Indirect::test(Coll1,Coll2)].JML operation contract.0 
125164     DEBUG main            d.u.i.k.p.i.IntermediateProofReplayer Proof replay took 46.45ms 
125165     DEBUG main            d.u.i.k.p.r.p.TestFile    ... success: reloaded. 
125166     INFO  main            d.u.i.k.p.r.p.TestFile    Now processing file /home/runner/work/key/key/key.core/../key.ui/examples/heap/model_methods/Recell_Cell_footprint.key 
125167     INFO  main            d.u.i.k.p.i.AbstractProblemLoader Loading environment from /home/runner/work/key/key/key.core/../key.ui/examples/heap/model_methods/Recell_Cell_footprint.key 
125167     DEBUG main            d.u.i.k.p.i.AbstractProblemLoader Environment load took 202.5ns 
125168     INFO  main            d.u.i.k.p.i.AbstractProblemLoader Creating init config 
127816     DEBUG main            d.u.i.k.p.i.AbstractProblemLoader Init config took 2.65s 
127873     INFO  main            d.u.i.k.p.i.AbstractProblemLoader Replaying proof Recell[Cell::footprint()].JML model_behavior operation contract.0 
127875     DEBUG main            d.u.i.k.p.i.IntermediateProofReplayer Proof replay took 6.4ns 
127979     INFO  main            d.u.i.k.p.r.p.TestFile    ... finished proof: closed. 
128221     INFO  main            d.u.i.k.p.i.AbstractProblemLoader Loading environment from /home/runner/work/key/key/key.core/../key.ui/examples/heap/model_methods/Recell_Cell_footprint.key.proof 
128221     DEBUG main            d.u.i.k.p.i.AbstractProblemLoader Environment load took 109.2ns 
128222     INFO  main            d.u.i.k.p.i.AbstractProblemLoader Creating init config 
130772     DEBUG main            d.u.i.k.p.i.AbstractProblemLoader Init config took 2.55s 
130809     INFO  main            d.u.i.k.p.i.AbstractProblemLoader Replaying proof Recell[Cell::footprint()].JML model_behavior operation contract.0 
130813     DEBUG main            d.u.i.k.p.i.IntermediateProofReplayer Proof replay took 2.51ms 
130814     DEBUG main            d.u.i.k.p.r.p.TestFile    ... success: reloaded. 
130815     INFO  main            d.u.i.k.p.r.p.TestFile    Now processing file /home/runner/work/key/key/key.core/../key.ui/examples/heap/model_methods/Recell_Cell_post_set.key 
130815     INFO  main            d.u.i.k.p.i.AbstractProblemLoader Loading environment from /home/runner/work/key/key/key.core/../key.ui/examples/heap/model_methods/Recell_Cell_post_set.key 
130815     DEBUG main            d.u.i.k.p.i.AbstractProblemLoader Environment load took 90ns 
130816     INFO  main            d.u.i.k.p.i.AbstractProblemLoader Creating init config 
133459     DEBUG main            d.u.i.k.p.i.AbstractProblemLoader Init config took 2.64s 
133504     INFO  main            d.u.i.k.p.i.AbstractProblemLoader Replaying proof Recell[Cell::post_set(int)].JML model_behavior operation contract.0 
133506     DEBUG main            d.u.i.k.p.i.IntermediateProofReplayer Proof replay took 7.5ns 
133607     INFO  main            d.u.i.k.p.r.p.TestFile    ... finished proof: closed. 
133864     INFO  main            d.u.i.k.p.i.AbstractProblemLoader Loading environment from /home/runner/work/key/key/key.core/../key.ui/examples/heap/model_methods/Recell_Cell_post_set.key.proof 
133864     DEBUG main            d.u.i.k.p.i.AbstractProblemLoader Environment load took 115.7ns 
133865     INFO  main            d.u.i.k.p.i.AbstractProblemLoader Creating init config 
136433     DEBUG main            d.u.i.k.p.i.AbstractProblemLoader Init config took 2.57s 
136473     INFO  main            d.u.i.k.p.i.AbstractProblemLoader Replaying proof Recell[Cell::post_set(int)].JML model_behavior operation contract.0 
136478     DEBUG main            d.u.i.k.p.i.IntermediateProofReplayer Proof replay took 3.56ms 
136479     DEBUG main            d.u.i.k.p.r.p.TestFile    ... success: reloaded. 
136480     INFO  main            d.u.i.k.p.r.p.TestFile    Now processing file /home/runner/work/key/key/key.core/../key.ui/examples/heap/model_methods/Recell_footprint_acc.key 
136480     INFO  main            d.u.i.k.p.i.AbstractProblemLoader Loading environment from /home/runner/work/key/key/key.core/../key.ui/examples/heap/model_methods/Recell_footprint_acc.key 
136480     DEBUG main            d.u.i.k.p.i.AbstractProblemLoader Environment load took 84.6ns 
136481     INFO  main            d.u.i.k.p.i.AbstractProblemLoader Creating init config 
139085     DEBUG main            d.u.i.k.p.i.AbstractProblemLoader Init config took 2.6s 
139122     INFO  main            d.u.i.k.p.i.AbstractProblemLoader Replaying proof Recell[Cell::footprint()].JML accessible clause.0 
139123     DEBUG main            d.u.i.k.p.i.IntermediateProofReplayer Proof replay took 7.7ns 
139229     INFO  main            d.u.i.k.p.r.p.TestFile    ... finished proof: closed. 
139510     INFO  main            d.u.i.k.p.i.AbstractProblemLoader Loading environment from /home/runner/work/key/key/key.core/../key.ui/examples/heap/model_methods/Recell_footprint_acc.key.proof 
139511     DEBUG main            d.u.i.k.p.i.AbstractProblemLoader Environment load took 111.5ns 
139511     INFO  main            d.u.i.k.p.i.AbstractProblemLoader Creating init config 
142056     DEBUG main            d.u.i.k.p.i.AbstractProblemLoader Init config took 2.54s 
142096     INFO  main            d.u.i.k.p.i.AbstractProblemLoader Replaying proof Recell[Cell::footprint()].JML accessible clause.0 
142115     DEBUG main            d.u.i.k.p.i.IntermediateProofReplayer Proof replay took 16.35ms 
142116     DEBUG main            d.u.i.k.p.r.p.TestFile    ... success: reloaded. 
142117     INFO  main            d.u.i.k.p.r.p.TestFile    Now processing file /home/runner/work/key/key/key.core/../key.ui/examples/heap/model_methods/Recell_get_acc.key 
142117     INFO  main            d.u.i.k.p.i.AbstractProblemLoader Loading environment from /home/runner/work/key/key/key.core/../key.ui/examples/heap/model_methods/Recell_get_acc.key 
142117     DEBUG main            d.u.i.k.p.i.AbstractProblemLoader Environment load took 88.5ns 
142118     INFO  main            d.u.i.k.p.i.AbstractProblemLoader Creating init config 
144735     DEBUG main            d.u.i.k.p.i.AbstractProblemLoader Init config took 2.62s 
144790     INFO  main            d.u.i.k.p.i.AbstractProblemLoader Replaying proof Recell[Cell::get()].JML accessible clause.0 
144791     DEBUG main            d.u.i.k.p.i.IntermediateProofReplayer Proof replay took 6.2ns 
144893     INFO  main            d.u.i.k.p.r.p.TestFile    ... finished proof: closed. 
145234     INFO  main            d.u.i.k.p.i.AbstractProblemLoader Loading environment from /home/runner/work/key/key/key.core/../key.ui/examples/heap/model_methods/Recell_get_acc.key.proof 
145234     DEBUG main            d.u.i.k.p.i.AbstractProblemLoader Environment load took 114.8ns 
145235     INFO  main            d.u.i.k.p.i.AbstractProblemLoader Creating init config 
147801     DEBUG main            d.u.i.k.p.i.AbstractProblemLoader Init config took 2.57s 
147837     INFO  main            d.u.i.k.p.i.AbstractProblemLoader Replaying proof Recell[Cell::get()].JML accessible clause.0 
147853     DEBUG main            d.u.i.k.p.i.IntermediateProofReplayer Proof replay took 14.11ms 
147854     DEBUG main            d.u.i.k.p.r.p.TestFile    ... success: reloaded. 
147855     INFO  main            d.u.i.k.p.r.p.TestFile    Now processing file /home/runner/work/key/key/key.core/../key.ui/examples/heap/model_methods/Recell_get.key 
147855     INFO  main            d.u.i.k.p.i.AbstractProblemLoader Loading environment from /home/runner/work/key/key/key.core/../key.ui/examples/heap/model_methods/Recell_get.key 
147856     DEBUG main            d.u.i.k.p.i.AbstractProblemLoader Environment load took 89.1ns 
147856     INFO  main            d.u.i.k.p.i.AbstractProblemLoader Creating init config 
150475     DEBUG main            d.u.i.k.p.i.AbstractProblemLoader Init config took 2.62s 
150517     INFO  main            d.u.i.k.p.i.AbstractProblemLoader Replaying proof Recell[Cell::get()].JML operation contract.0 
150519     DEBUG main            d.u.i.k.p.i.IntermediateProofReplayer Proof replay took 6.8ns 
150620     INFO  main            d.u.i.k.p.r.p.TestFile    ... finished proof: closed. 
150894     INFO  main            d.u.i.k.p.i.AbstractProblemLoader Loading environment from /home/runner/work/key/key/key.core/../key.ui/examples/heap/model_methods/Recell_get.key.proof 
150895     DEBUG main            d.u.i.k.p.i.AbstractProblemLoader Environment load took 109.5ns 
150895     INFO  main            d.u.i.k.p.i.AbstractProblemLoader Creating init config 
153433     DEBUG main            d.u.i.k.p.i.AbstractProblemLoader Init config took 2.54s 
153470     INFO  main            d.u.i.k.p.i.AbstractProblemLoader Replaying proof Recell[Cell::get()].JML operation contract.0 
153478     DEBUG main            d.u.i.k.p.i.IntermediateProofReplayer Proof replay took 6.95ms 
153479     DEBUG main            d.u.i.k.p.r.p.TestFile    ... success: reloaded. 
153480     INFO  main            d.u.i.k.p.r.p.TestFile    Now processing file /home/runner/work/key/key/key.core/../key.ui/examples/heap/model_methods/Recell_Recell_footprint.key 
153480     INFO  main            d.u.i.k.p.i.AbstractProblemLoader Loading environment from /home/runner/work/key/key/key.core/../key.ui/examples/heap/model_methods/Recell_Recell_footprint.key 
153481     DEBUG main            d.u.i.k.p.i.AbstractProblemLoader Environment load took 137.5ns 
153482     INFO  main            d.u.i.k.p.i.AbstractProblemLoader Creating init config 
156069     DEBUG main            d.u.i.k.p.i.AbstractProblemLoader Init config took 2.59s 
156130     INFO  main            d.u.i.k.p.i.AbstractProblemLoader Replaying proof Recell[Recell::footprint()].JML model_behavior operation contract.0 
156132     DEBUG main            d.u.i.k.p.i.IntermediateProofReplayer Proof replay took 7.9ns 
156234     INFO  main            d.u.i.k.p.r.p.TestFile    ... finished proof: closed. 
156520     INFO  main            d.u.i.k.p.i.AbstractProblemLoader Loading environment from /home/runner/work/key/key/key.core/../key.ui/examples/heap/model_methods/Recell_Recell_footprint.key.proof 
156521     DEBUG main            d.u.i.k.p.i.AbstractProblemLoader Environment load took 131ns 
156522     INFO  main            d.u.i.k.p.i.AbstractProblemLoader Creating init config 
159059     DEBUG main            d.u.i.k.p.i.AbstractProblemLoader Init config took 2.54s 
159095     INFO  main            d.u.i.k.p.i.AbstractProblemLoader Replaying proof Recell[Recell::footprint()].JML model_behavior operation contract.0 
159098     DEBUG main            d.u.i.k.p.i.IntermediateProofReplayer Proof replay took 1.32ms 
159099     DEBUG main            d.u.i.k.p.r.p.TestFile    ... success: reloaded. 
159100     INFO  main            d.u.i.k.p.r.p.TestFile    Now processing file /home/runner/work/key/key/key.core/../key.ui/examples/heap/model_methods/Recell_Recell_post_set.key 
159100     INFO  main            d.u.i.k.p.i.AbstractProblemLoader Loading environment from /home/runner/work/key/key/key.core/../key.ui/examples/heap/model_methods/Recell_Recell_post_set.key 
159100     DEBUG main            d.u.i.k.p.i.AbstractProblemLoader Environment load took 222.6ns 
159101     INFO  main            d.u.i.k.p.i.AbstractProblemLoader Creating init config 
161751     DEBUG main            d.u.i.k.p.i.AbstractProblemLoader Init config took 2.65s 
161788     INFO  main            d.u.i.k.p.i.AbstractProblemLoader Replaying proof Recell[Recell::post_set(int)].JML model_behavior operation contract.0 
161790     DEBUG main            d.u.i.k.p.i.IntermediateProofReplayer Proof replay took 6.9ns 
161895     INFO  main            d.u.i.k.p.r.p.TestFile    ... finished proof: closed. 
162179     INFO  main            d.u.i.k.p.i.AbstractProblemLoader Loading environment from /home/runner/work/key/key/key.core/../key.ui/examples/heap/model_methods/Recell_Recell_post_set.key.proof 
162179     DEBUG main            d.u.i.k.p.i.AbstractProblemLoader Environment load took 129.6ns 
162180     INFO  main            d.u.i.k.p.i.AbstractProblemLoader Creating init config 
164742     DEBUG main            d.u.i.k.p.i.AbstractProblemLoader Init config took 2.56s 
164781     INFO  main            d.u.i.k.p.i.AbstractProblemLoader Replaying proof Recell[Recell::post_set(int)].JML model_behavior operation contract.0 
164784     DEBUG main            d.u.i.k.p.i.IntermediateProofReplayer Proof replay took 2.11ms 
164785     DEBUG main            d.u.i.k.p.r.p.TestFile    ... success: reloaded. 
164786     INFO  main            d.u.i.k.p.r.p.TestFile    Now processing file /home/runner/work/key/key/key.core/../key.ui/examples/heap/model_methods/Recell_set.key 
164786     INFO  main            d.u.i.k.p.i.AbstractProblemLoader Loading environment from /home/runner/work/key/key/key.core/../key.ui/examples/heap/model_methods/Recell_set.key 
164787     DEBUG main            d.u.i.k.p.i.AbstractProblemLoader Environment load took 207ns 
164788     INFO  main            d.u.i.k.p.i.AbstractProblemLoader Creating init config 
167383     DEBUG main            d.u.i.k.p.i.AbstractProblemLoader Init config took 2.6s 
167420     INFO  main            d.u.i.k.p.i.AbstractProblemLoader Replaying proof Recell[Cell::set(int)].JML operation contract.0 
167421     DEBUG main            d.u.i.k.p.i.IntermediateProofReplayer Proof replay took 6.2ns 
173568     INFO  main            d.u.i.k.p.r.p.TestFile    ... finished proof: closed. 
173884     INFO  main            d.u.i.k.p.i.AbstractProblemLoader Loading environment from /home/runner/work/key/key/key.core/../key.ui/examples/heap/model_methods/Recell_set.key.proof 
173884     DEBUG main            d.u.i.k.p.i.AbstractProblemLoader Environment load took 141.7ns 
173886     INFO  main            d.u.i.k.p.i.AbstractProblemLoader Creating init config 
176448     DEBUG main            d.u.i.k.p.i.AbstractProblemLoader Init config took 2.56s 
176485     INFO  main            d.u.i.k.p.i.AbstractProblemLoader Replaying proof Recell[Cell::set(int)].JML operation contract.0 
176895     DEBUG main            d.u.i.k.p.i.IntermediateProofReplayer Proof replay took 389.22ms 
176896     DEBUG main            d.u.i.k.p.r.p.TestFile    ... success: reloaded. 
176897     INFO  main            d.u.i.k.p.r.p.TestFile    Now processing file /home/runner/work/key/key/key.core/../key.ui/examples/heap/model_methods/Recell_undo.key 
176898     INFO  main            d.u.i.k.p.i.AbstractProblemLoader Loading environment from /home/runner/work/key/key/key.core/../key.ui/examples/heap/model_methods/Recell_undo.key 
176898     DEBUG main            d.u.i.k.p.i.AbstractProblemLoader Environment load took 190.2ns 
176899     INFO  main            d.u.i.k.p.i.AbstractProblemLoader Creating init config 
179504     DEBUG main            d.u.i.k.p.i.AbstractProblemLoader Init config took 2.6s 
179540     INFO  main            d.u.i.k.p.i.AbstractProblemLoader Replaying proof Recell[Recell::undo()].JML operation contract.0 
179542     DEBUG main            d.u.i.k.p.i.IntermediateProofReplayer Proof replay took 5.9ns 
179643     INFO  main            d.u.i.k.p.r.p.TestFile    ... finished proof: closed. 
179930     INFO  main            d.u.i.k.p.i.AbstractProblemLoader Loading environment from /home/runner/work/key/key/key.core/../key.ui/examples/heap/model_methods/Recell_undo.key.proof 
179930     DEBUG main            d.u.i.k.p.i.AbstractProblemLoader Environment load took 106.6ns 
179931     INFO  main            d.u.i.k.p.i.AbstractProblemLoader Creating init config 
182466     DEBUG main            d.u.i.k.p.i.AbstractProblemLoader Init config took 2.53s 
182504     INFO  main            d.u.i.k.p.i.AbstractProblemLoader Replaying proof Recell[Recell::undo()].JML operation contract.0 
182547     DEBUG main            d.u.i.k.p.i.IntermediateProofReplayer Proof replay took 40.54ms 
182548     DEBUG main            d.u.i.k.p.r.p.TestFile    ... success: reloaded. 
4091835    INFO  Test worker     d.u.i.k.p.r.p.StatisticsFile Returning from test modelMethods 
4091837    INFO  Test worker     d.u.i.k.p.r.p.StatisticsFile Running test permissionHeap 
344        INFO  Timeout watchdog d.u.i.k.p.r.p.ForkedTestFileRunner Timeout watcher launched (2000 secs.) 
373        WARN  main            d.u.i.k.s.ProofSettings   The settings in /home/runner/.key/proof-settings.props are *not* read. 
416        INFO  main            d.u.i.k.p.r.p.TestFile    Now processing file /home/runner/work/key/key/key.core/../key.ui/examples/heap/permissions/permissions_method0.key 
536        INFO  main            d.u.i.k.p.i.AbstractProblemLoader Loading environment from /home/runner/work/key/key/key.core/../key.ui/examples/heap/permissions/permissions_method0.key 
562        DEBUG main            d.u.i.k.p.i.AbstractProblemLoader Environment load took 2.02ms 
792        INFO  main            d.u.i.k.p.i.AbstractProblemLoader Creating init config 
1591       DEBUG main            d.u.i.k.j.TypeConverter   No LDT found for Meta 
1592       DEBUG main            d.u.i.k.j.TypeConverter   No LDT found for Meta 
1593       DEBUG main            d.u.i.k.j.TypeConverter   No LDT found for Meta 
1593       DEBUG main            d.u.i.k.j.TypeConverter   No LDT found for Meta 
3171       DEBUG main            d.u.i.k.j.TypeConverter   No LDT found for JavaBigintExpression 
8166       DEBUG main            d.u.i.k.p.i.AbstractProblemLoader Init config took 7.37s 
8313       INFO  main            d.u.i.k.p.i.AbstractProblemLoader Replaying proof MyClass[MyClass::method0()].JML normal_behavior operation contract.0 
8346       DEBUG main            d.u.i.k.p.i.IntermediateProofReplayer Proof replay took 32.7ns 
9369       INFO  main            d.u.i.k.p.r.p.TestFile    ... finished proof: closed. 
9488       INFO  main            d.u.i.k.p.i.AbstractProblemLoader Loading environment from /home/runner/work/key/key/key.core/../key.ui/examples/heap/permissions/permissions_method0.key.proof 
9495       DEBUG main            d.u.i.k.p.i.AbstractProblemLoader Environment load took 6.8ms 
9497       INFO  main            d.u.i.k.p.i.AbstractProblemLoader Creating init config 
12363      DEBUG main            d.u.i.k.p.i.AbstractProblemLoader Init config took 2.87s 
12443      INFO  main            d.u.i.k.p.i.AbstractProblemLoader Replaying proof MyClass[MyClass::method0()].JML normal_behavior operation contract.0 
12602      DEBUG main            d.u.i.k.p.i.IntermediateProofReplayer Proof replay took 144.9ms 
12609      DEBUG main            d.u.i.k.p.r.p.TestFile    ... success: reloaded. 
12612      INFO  main            d.u.i.k.p.r.p.TestFile    Now processing file /home/runner/work/key/key/key.core/../key.ui/examples/heap/permissions/permissions_method1.key 
12612      INFO  main            d.u.i.k.p.i.AbstractProblemLoader Loading environment from /home/runner/work/key/key/key.core/../key.ui/examples/heap/permissions/permissions_method1.key 
12612      DEBUG main            d.u.i.k.p.i.AbstractProblemLoader Environment load took 121ns 
12615      INFO  main            d.u.i.k.p.i.AbstractProblemLoader Creating init config 
15353      DEBUG main            d.u.i.k.p.i.AbstractProblemLoader Init config took 2.74s 
15416      INFO  main            d.u.i.k.p.i.AbstractProblemLoader Replaying proof MyClass[MyClass::method1()].JML normal_behavior operation contract.0 
15419      DEBUG main            d.u.i.k.p.i.IntermediateProofReplayer Proof replay took 6.9ns 
15723      INFO  main            d.u.i.k.p.r.p.TestFile    ... finished proof: closed. 
15864      INFO  main            d.u.i.k.p.i.AbstractProblemLoader Loading environment from /home/runner/work/key/key/key.core/../key.ui/examples/heap/permissions/permissions_method1.key.proof 
15865      DEBUG main            d.u.i.k.p.i.AbstractProblemLoader Environment load took 361ns 
15866      INFO  main            d.u.i.k.p.i.AbstractProblemLoader Creating init config 
18526      DEBUG main            d.u.i.k.p.i.AbstractProblemLoader Init config took 2.66s 
18577      INFO  main            d.u.i.k.p.i.AbstractProblemLoader Replaying proof MyClass[MyClass::method1()].JML normal_behavior operation contract.0 
18649      DEBUG main            d.u.i.k.p.i.IntermediateProofReplayer Proof replay took 67.13ms 
18651      DEBUG main            d.u.i.k.p.r.p.TestFile    ... success: reloaded. 
18653      INFO  main            d.u.i.k.p.r.p.TestFile    Now processing file /home/runner/work/key/key/key.core/../key.ui/examples/heap/permissions/permissions_method3.key 
18653      INFO  main            d.u.i.k.p.i.AbstractProblemLoader Loading environment from /home/runner/work/key/key/key.core/../key.ui/examples/heap/permissions/permissions_method3.key 
18653      DEBUG main            d.u.i.k.p.i.AbstractProblemLoader Environment load took 131.5ns 
18656      INFO  main            d.u.i.k.p.i.AbstractProblemLoader Creating init config 
21296      DEBUG main            d.u.i.k.p.i.AbstractProblemLoader Init config took 2.64s 
21343      INFO  main            d.u.i.k.p.i.AbstractProblemLoader Replaying proof MyClass[MyClass::method3()].JML normal_behavior operation contract.0 
21345      DEBUG main            d.u.i.k.p.i.IntermediateProofReplayer Proof replay took 5.7ns 
22752      INFO  main            d.u.i.k.p.r.p.TestFile    ... finished proof: closed. 
23016      INFO  main            d.u.i.k.p.i.AbstractProblemLoader Loading environment from /home/runner/work/key/key/key.core/../key.ui/examples/heap/permissions/permissions_method3.key.proof 
23016      DEBUG main            d.u.i.k.p.i.AbstractProblemLoader Environment load took 354.9ns 
23017      INFO  main            d.u.i.k.p.i.AbstractProblemLoader Creating init config 
25603      DEBUG main            d.u.i.k.p.i.AbstractProblemLoader Init config took 2.59s 
25647      INFO  main            d.u.i.k.p.i.AbstractProblemLoader Replaying proof MyClass[MyClass::method3()].JML normal_behavior operation contract.0 
25835      DEBUG main            d.u.i.k.p.i.IntermediateProofReplayer Proof replay took 179.91ms 
25836      DEBUG main            d.u.i.k.p.r.p.TestFile    ... success: reloaded. 
25838      INFO  main            d.u.i.k.p.r.p.TestFile    Now processing file /home/runner/work/key/key/key.core/../key.ui/examples/heap/permissions/permissions_setAB.key 
25838      INFO  main            d.u.i.k.p.i.AbstractProblemLoader Loading environment from /home/runner/work/key/key/key.core/../key.ui/examples/heap/permissions/permissions_setAB.key 
25838      DEBUG main            d.u.i.k.p.i.AbstractProblemLoader Environment load took 177.2ns 
25839      INFO  main            d.u.i.k.p.i.AbstractProblemLoader Creating init config 
28369      DEBUG main            d.u.i.k.p.i.AbstractProblemLoader Init config took 2.53s 
28414      INFO  main            d.u.i.k.p.i.AbstractProblemLoader Replaying proof MyClass[MyClass::setAB()].JML normal_behavior operation contract.0 
28416      DEBUG main            d.u.i.k.p.i.IntermediateProofReplayer Proof replay took 6.7ns 
29941      INFO  main            d.u.i.k.p.r.p.TestFile    ... finished proof: closed. 
30113      INFO  main            d.u.i.k.p.i.AbstractProblemLoader Loading environment from /home/runner/work/key/key/key.core/../key.ui/examples/heap/permissions/permissions_setAB.key.proof 
30113      DEBUG main            d.u.i.k.p.i.AbstractProblemLoader Environment load took 445.41ns 
30115      INFO  main            d.u.i.k.p.i.AbstractProblemLoader Creating init config 
32654      DEBUG main            d.u.i.k.p.i.AbstractProblemLoader Init config took 2.54s 
32697      INFO  main            d.u.i.k.p.i.AbstractProblemLoader Replaying proof MyClass[MyClass::setAB()].JML normal_behavior operation contract.0 
32860      DEBUG main            d.u.i.k.p.i.IntermediateProofReplayer Proof replay took 156.25ms 
32861      DEBUG main            d.u.i.k.p.r.p.TestFile    ... success: reloaded. 
32863      INFO  main            d.u.i.k.p.r.p.TestFile    Now processing file /home/runner/work/key/key/key.core/../key.ui/examples/heap/permissions/permissionProperties.key 
32864      INFO  main            d.u.i.k.p.i.AbstractProblemLoader Loading environment from /home/runner/work/key/key/key.core/../key.ui/examples/heap/permissions/permissionProperties.key 
32864      DEBUG main            d.u.i.k.p.i.AbstractProblemLoader Environment load took 188.1ns 
32865      INFO  main            d.u.i.k.p.i.AbstractProblemLoader Creating init config 
33038      DEBUG main            d.u.i.k.j.TypeConverter   No LDT found for Meta 
33039      DEBUG main            d.u.i.k.j.TypeConverter   No LDT found for Meta 
33040      DEBUG main            d.u.i.k.j.TypeConverter   No LDT found for Meta 
33040      DEBUG main            d.u.i.k.j.TypeConverter   No LDT found for Meta 
33760      DEBUG main            d.u.i.k.j.TypeConverter   No LDT found for JavaBigintExpression 
36399      DEBUG main            d.u.i.k.p.i.AbstractProblemLoader Init config took 3.53s 
36419      INFO  main            d.u.i.k.p.i.AbstractProblemLoader Replaying proof permissionProperties.key 
36421      DEBUG main            d.u.i.k.p.i.IntermediateProofReplayer Proof replay took 5.7ns 
36526      INFO  main            d.u.i.k.p.r.p.TestFile    ... finished proof: closed. 
36689      INFO  main            d.u.i.k.p.i.AbstractProblemLoader Loading environment from /home/runner/work/key/key/key.core/../key.ui/examples/heap/permissions/permissionProperties.key.proof 
36689      DEBUG main            d.u.i.k.p.i.AbstractProblemLoader Environment load took 387.7ns 
36691      INFO  main            d.u.i.k.p.i.AbstractProblemLoader Creating init config 
39046      DEBUG main            d.u.i.k.p.i.AbstractProblemLoader Init config took 2.35s 
39068      INFO  main            d.u.i.k.p.i.AbstractProblemLoader Replaying proof permissionProperties.key.proof 
39085      DEBUG main            d.u.i.k.p.i.IntermediateProofReplayer Proof replay took 14.23ms 
39086      DEBUG main            d.u.i.k.p.r.p.TestFile    ... success: reloaded. 
39088      INFO  main            d.u.i.k.p.r.p.TestFile    Now processing file /home/runner/work/key/key/key.core/../key.ui/examples/heap/permissions/threads/AFilter_AFilter.key 
39088      INFO  main            d.u.i.k.p.i.AbstractProblemLoader Loading environment from /home/runner/work/key/key/key.core/../key.ui/examples/heap/permissions/threads/AFilter_AFilter.key 
39088      DEBUG main            d.u.i.k.p.i.AbstractProblemLoader Environment load took 195.5ns 
39090      INFO  main            d.u.i.k.p.i.AbstractProblemLoader Creating init config 
39219      DEBUG main            d.u.i.k.j.TypeConverter   No LDT found for Meta 
39219      DEBUG main            d.u.i.k.j.TypeConverter   No LDT found for Meta 
39220      DEBUG main            d.u.i.k.j.TypeConverter   No LDT found for Meta 
39220      DEBUG main            d.u.i.k.j.TypeConverter   No LDT found for Meta 
39793      DEBUG main            d.u.i.k.j.TypeConverter   No LDT found for JavaBigintExpression 
44924      DEBUG main            d.u.i.k.p.i.AbstractProblemLoader Init config took 5.83s 
45022      INFO  main            d.u.i.k.p.i.AbstractProblemLoader Replaying proof AFilter[AFilter::AFilter(Sampler,Buffer)].JML normal_behavior operation contract.0 
45024      DEBUG main            d.u.i.k.p.i.IntermediateProofReplayer Proof replay took 6.5ns 
46029      INFO  main            d.u.i.k.p.r.p.TestFile    ... finished proof: closed. 
46290      INFO  main            d.u.i.k.p.i.AbstractProblemLoader Loading environment from /home/runner/work/key/key/key.core/../key.ui/examples/heap/permissions/threads/AFilter_AFilter.key.proof 
46291      DEBUG main            d.u.i.k.p.i.AbstractProblemLoader Environment load took 456.31ns 
46296      INFO  main            d.u.i.k.p.i.AbstractProblemLoader Creating init config 
50703      DEBUG main            d.u.i.k.p.i.AbstractProblemLoader Init config took 4.41s 
50793      INFO  main            d.u.i.k.p.i.AbstractProblemLoader Replaying proof AFilter[AFilter::AFilter(Sampler,Buffer)].JML normal_behavior operation contract.0 
50916      DEBUG main            d.u.i.k.p.i.IntermediateProofReplayer Proof replay took 118.82ms 
50918      DEBUG main            d.u.i.k.p.r.p.TestFile    ... success: reloaded. 
50919      INFO  main            d.u.i.k.p.r.p.TestFile    Now processing file /home/runner/work/key/key/key.core/../key.ui/examples/heap/permissions/threads/AFilter_initPost_accessible.key 
50920      INFO  main            d.u.i.k.p.i.AbstractProblemLoader Loading environment from /home/runner/work/key/key/key.core/../key.ui/examples/heap/permissions/threads/AFilter_initPost_accessible.key 
50920      DEBUG main            d.u.i.k.p.i.AbstractProblemLoader Environment load took 180.6ns 
50921      INFO  main            d.u.i.k.p.i.AbstractProblemLoader Creating init config 
55377      DEBUG main            d.u.i.k.p.i.AbstractProblemLoader Init config took 4.46s 
55494      INFO  main            d.u.i.k.p.i.AbstractProblemLoader Replaying proof AFilter[ThreadSpec2::initPost()].JML accessible clause.0 
55496      DEBUG main            d.u.i.k.p.i.IntermediateProofReplayer Proof replay took 6.5ns 
55598      INFO  main            d.u.i.k.p.r.p.TestFile    ... finished proof: closed. 
55850      INFO  main            d.u.i.k.p.i.AbstractProblemLoader Loading environment from /home/runner/work/key/key/key.core/../key.ui/examples/heap/permissions/threads/AFilter_initPost_accessible.key.proof 
55851      DEBUG main            d.u.i.k.p.i.AbstractProblemLoader Environment load took 142.7ns 
55851      INFO  main            d.u.i.k.p.i.AbstractProblemLoader Creating init config 
60261      DEBUG main            d.u.i.k.p.i.AbstractProblemLoader Init config took 4.41s 
60348      INFO  main            d.u.i.k.p.i.AbstractProblemLoader Replaying proof AFilter[ThreadSpec2::initPost()].JML accessible clause.0 
60360      DEBUG main            d.u.i.k.p.i.IntermediateProofReplayer Proof replay took 9.95ms 
60361      DEBUG main            d.u.i.k.p.r.p.TestFile    ... success: reloaded. 
60362      INFO  main            d.u.i.k.p.r.p.TestFile    Now processing file /home/runner/work/key/key/key.core/../key.ui/examples/heap/permissions/threads/AFilter_inv_accessible1.key 
60362      INFO  main            d.u.i.k.p.i.AbstractProblemLoader Loading environment from /home/runner/work/key/key/key.core/../key.ui/examples/heap/permissions/threads/AFilter_inv_accessible1.key 
60362      DEBUG main            d.u.i.k.p.i.AbstractProblemLoader Environment load took 101.4ns 
60363      INFO  main            d.u.i.k.p.i.AbstractProblemLoader Creating init config 
64782      DEBUG main            d.u.i.k.p.i.AbstractProblemLoader Init config took 4.42s 
64893      INFO  main            d.u.i.k.p.i.AbstractProblemLoader Replaying proof AFilter[java.lang.Object::<inv>()].JML accessible clause.0 
64894      DEBUG main            d.u.i.k.p.i.IntermediateProofReplayer Proof replay took 6.5ns 
64996      INFO  main            d.u.i.k.p.r.p.TestFile    ... finished proof: closed. 
65201      INFO  main            d.u.i.k.p.i.AbstractProblemLoader Loading environment from /home/runner/work/key/key/key.core/../key.ui/examples/heap/permissions/threads/AFilter_inv_accessible1.key.proof 
65201      DEBUG main            d.u.i.k.p.i.AbstractProblemLoader Environment load took 125.6ns 
65202      INFO  main            d.u.i.k.p.i.AbstractProblemLoader Creating init config 
69623      DEBUG main            d.u.i.k.p.i.AbstractProblemLoader Init config took 4.42s 
69717      INFO  main            d.u.i.k.p.i.AbstractProblemLoader Replaying proof AFilter[java.lang.Object::<inv>()].JML accessible clause.0 
69721      DEBUG main            d.u.i.k.p.i.IntermediateProofReplayer Proof replay took 1.98ms 
69722      DEBUG main            d.u.i.k.p.r.p.TestFile    ... success: reloaded. 
69723      INFO  main            d.u.i.k.p.r.p.TestFile    Now processing file /home/runner/work/key/key/key.core/../key.ui/examples/heap/permissions/threads/AFilter_inv_accessible2.key 
69724      INFO  main            d.u.i.k.p.i.AbstractProblemLoader Loading environment from /home/runner/work/key/key/key.core/../key.ui/examples/heap/permissions/threads/AFilter_inv_accessible2.key 
69724      DEBUG main            d.u.i.k.p.i.AbstractProblemLoader Environment load took 101.9ns 
69725      INFO  main            d.u.i.k.p.i.AbstractProblemLoader Creating init config 
74129      DEBUG main            d.u.i.k.p.i.AbstractProblemLoader Init config took 4.4s 
74212      INFO  main            d.u.i.k.p.i.AbstractProblemLoader Replaying proof AFilter[java.lang.Object::<inv>()].JML accessible clause.1 
74213      DEBUG main            d.u.i.k.p.i.IntermediateProofReplayer Proof replay took 7ns 
74315      INFO  main            d.u.i.k.p.r.p.TestFile    ... finished proof: closed. 
74529      INFO  main            d.u.i.k.p.i.AbstractProblemLoader Loading environment from /home/runner/work/key/key/key.core/../key.ui/examples/heap/permissions/threads/AFilter_inv_accessible2.key.proof 
74529      DEBUG main            d.u.i.k.p.i.AbstractProblemLoader Environment load took 118.2ns 
74530      INFO  main            d.u.i.k.p.i.AbstractProblemLoader Creating init config 
78952      DEBUG main            d.u.i.k.p.i.AbstractProblemLoader Init config took 4.42s 
79035      INFO  main            d.u.i.k.p.i.AbstractProblemLoader Replaying proof AFilter[java.lang.Object::<inv>()].JML accessible clause.1 
79038      DEBUG main            d.u.i.k.p.i.IntermediateProofReplayer Proof replay took 1.81ms 
79039      DEBUG main            d.u.i.k.p.r.p.TestFile    ... success: reloaded. 
79040      INFO  main            d.u.i.k.p.r.p.TestFile    Now processing file /home/runner/work/key/key/key.core/../key.ui/examples/heap/permissions/threads/AFilter_joinTransfer_accessible.key 
79041      INFO  main            d.u.i.k.p.i.AbstractProblemLoader Loading environment from /home/runner/work/key/key/key.core/../key.ui/examples/heap/permissions/threads/AFilter_joinTransfer_accessible.key 
79041      DEBUG main            d.u.i.k.p.i.AbstractProblemLoader Environment load took 96.5ns 
79042      INFO  main            d.u.i.k.p.i.AbstractProblemLoader Creating init config 
83454      DEBUG main            d.u.i.k.p.i.AbstractProblemLoader Init config took 4.41s 
83535      INFO  main            d.u.i.k.p.i.AbstractProblemLoader Replaying proof AFilter[ThreadSpec2::joinTransfer()].JML accessible clause.0 
83537      DEBUG main            d.u.i.k.p.i.IntermediateProofReplayer Proof replay took 7ns 
86764      INFO  main            d.u.i.k.p.r.p.TestFile    ... finished proof: closed. 
86996      INFO  main            d.u.i.k.p.i.AbstractProblemLoader Loading environment from /home/runner/work/key/key/key.core/../key.ui/examples/heap/permissions/threads/AFilter_joinTransfer_accessible.key.proof 
86996      DEBUG main            d.u.i.k.p.i.AbstractProblemLoader Environment load took 351.9ns 
86997      INFO  main            d.u.i.k.p.i.AbstractProblemLoader Creating init config 
91378      DEBUG main            d.u.i.k.p.i.AbstractProblemLoader Init config took 4.38s 
91460      INFO  main            d.u.i.k.p.i.AbstractProblemLoader Replaying proof AFilter[ThreadSpec2::joinTransfer()].JML accessible clause.0 
91712      DEBUG main            d.u.i.k.p.i.IntermediateProofReplayer Proof replay took 241.61ms 
91714      DEBUG main            d.u.i.k.p.r.p.TestFile    ... success: reloaded. 
91715      INFO  main            d.u.i.k.p.r.p.TestFile    Now processing file /home/runner/work/key/key/key.core/../key.ui/examples/heap/permissions/threads/AFilter_joinTransfer_contract.key 
91716      INFO  main            d.u.i.k.p.i.AbstractProblemLoader Loading environment from /home/runner/work/key/key/key.core/../key.ui/examples/heap/permissions/threads/AFilter_joinTransfer_contract.key 
91716      DEBUG main            d.u.i.k.p.i.AbstractProblemLoader Environment load took 183.6ns 
91717      INFO  main            d.u.i.k.p.i.AbstractProblemLoader Creating init config 
96119      DEBUG main            d.u.i.k.p.i.AbstractProblemLoader Init config took 4.4s 
96206      INFO  main            d.u.i.k.p.i.AbstractProblemLoader Replaying proof AFilter[ThreadSpec2::joinTransfer()].JML model_behavior operation contract.0 
96208      DEBUG main            d.u.i.k.p.i.IntermediateProofReplayer Proof replay took 6.9ns 
96310      INFO  main            d.u.i.k.p.r.p.TestFile    ... finished proof: closed. 
96541      INFO  main            d.u.i.k.p.i.AbstractProblemLoader Loading environment from /home/runner/work/key/key/key.core/../key.ui/examples/heap/permissions/threads/AFilter_joinTransfer_contract.key.proof 
96541      DEBUG main            d.u.i.k.p.i.AbstractProblemLoader Environment load took 142.1ns 
96542      INFO  main            d.u.i.k.p.i.AbstractProblemLoader Creating init config 
100903     DEBUG main            d.u.i.k.p.i.AbstractProblemLoader Init config took 4.36s 
100996     INFO  main            d.u.i.k.p.i.AbstractProblemLoader Replaying proof AFilter[ThreadSpec2::joinTransfer()].JML model_behavior operation contract.0 
101005     DEBUG main            d.u.i.k.p.i.IntermediateProofReplayer Proof replay took 6.98ms 
101006     DEBUG main            d.u.i.k.p.r.p.TestFile    ... success: reloaded. 
101007     INFO  main            d.u.i.k.p.r.p.TestFile    Now processing file /home/runner/work/key/key/key.core/../key.ui/examples/heap/permissions/threads/AFilter_postJoin_accessible.key 
101007     INFO  main            d.u.i.k.p.i.AbstractProblemLoader Loading environment from /home/runner/work/key/key/key.core/../key.ui/examples/heap/permissions/threads/AFilter_postJoin_accessible.key 
101007     DEBUG main            d.u.i.k.p.i.AbstractProblemLoader Environment load took 95.6ns 
101008     INFO  main            d.u.i.k.p.i.AbstractProblemLoader Creating init config 
105367     DEBUG main            d.u.i.k.p.i.AbstractProblemLoader Init config took 4.36s 
105463     INFO  main            d.u.i.k.p.i.AbstractProblemLoader Replaying proof AFilter[ThreadSpec2::postJoin(java.lang.Object)].JML accessible clause.0 
105465     DEBUG main            d.u.i.k.p.i.IntermediateProofReplayer Proof replay took 7.1ns 
105569     INFO  main            d.u.i.k.p.r.p.TestFile    ... finished proof: closed. 
105803     INFO  main            d.u.i.k.p.i.AbstractProblemLoader Loading environment from /home/runner/work/key/key/key.core/../key.ui/examples/heap/permissions/threads/AFilter_postJoin_accessible.key.proof 
105803     DEBUG main            d.u.i.k.p.i.AbstractProblemLoader Environment load took 127.6ns 
105804     INFO  main            d.u.i.k.p.i.AbstractProblemLoader Creating init config 
110137     DEBUG main            d.u.i.k.p.i.AbstractProblemLoader Init config took 4.33s 
110216     INFO  main            d.u.i.k.p.i.AbstractProblemLoader Replaying proof AFilter[ThreadSpec2::postJoin(java.lang.Object)].JML accessible clause.0 
110223     DEBUG main            d.u.i.k.p.i.IntermediateProofReplayer Proof replay took 5.63ms 
110224     DEBUG main            d.u.i.k.p.r.p.TestFile    ... success: reloaded. 
110225     INFO  main            d.u.i.k.p.r.p.TestFile    Now processing file /home/runner/work/key/key/key.core/../key.ui/examples/heap/permissions/threads/AFilter_preStart_accessible.key 
110226     INFO  main            d.u.i.k.p.i.AbstractProblemLoader Loading environment from /home/runner/work/key/key/key.core/../key.ui/examples/heap/permissions/threads/AFilter_preStart_accessible.key 
110226     DEBUG main            d.u.i.k.p.i.AbstractProblemLoader Environment load took 93ns 
110227     INFO  main            d.u.i.k.p.i.AbstractProblemLoader Creating init config 
114679     DEBUG main            d.u.i.k.p.i.AbstractProblemLoader Init config took 4.45s 
114759     INFO  main            d.u.i.k.p.i.AbstractProblemLoader Replaying proof AFilter[ThreadSpec2::preStart(java.lang.Object)].JML accessible clause.0 
114760     DEBUG main            d.u.i.k.p.i.IntermediateProofReplayer Proof replay took 7.4ns 
115066     INFO  main            d.u.i.k.p.r.p.TestFile    ... finished proof: closed. 
115379     INFO  main            d.u.i.k.p.i.AbstractProblemLoader Loading environment from /home/runner/work/key/key/key.core/../key.ui/examples/heap/permissions/threads/AFilter_preStart_accessible.key.proof 
115379     DEBUG main            d.u.i.k.p.i.AbstractProblemLoader Environment load took 125.5ns 
115380     INFO  main            d.u.i.k.p.i.AbstractProblemLoader Creating init config 
119730     DEBUG main            d.u.i.k.p.i.AbstractProblemLoader Init config took 4.35s 
119829     INFO  main            d.u.i.k.p.i.AbstractProblemLoader Replaying proof AFilter[ThreadSpec2::preStart(java.lang.Object)].JML accessible clause.0 
119856     DEBUG main            d.u.i.k.p.i.IntermediateProofReplayer Proof replay took 22.05ms 
119857     DEBUG main            d.u.i.k.p.r.p.TestFile    ... success: reloaded. 
119858     INFO  main            d.u.i.k.p.r.p.TestFile    Now processing file /home/runner/work/key/key/key.core/../key.ui/examples/heap/permissions/threads/AFilter_startTransfer_accessible.key 
119858     INFO  main            d.u.i.k.p.i.AbstractProblemLoader Loading environment from /home/runner/work/key/key/key.core/../key.ui/examples/heap/permissions/threads/AFilter_startTransfer_accessible.key 
119859     DEBUG main            d.u.i.k.p.i.AbstractProblemLoader Environment load took 182.2ns 
119859     INFO  main            d.u.i.k.p.i.AbstractProblemLoader Creating init config 
124253     DEBUG main            d.u.i.k.p.i.AbstractProblemLoader Init config took 4.39s 
124336     INFO  main            d.u.i.k.p.i.AbstractProblemLoader Replaying proof AFilter[ThreadSpec2::startTransfer()].JML accessible clause.0 
124338     DEBUG main            d.u.i.k.p.i.IntermediateProofReplayer Proof replay took 8ns 
130355     INFO  main            d.u.i.k.p.r.p.TestFile    ... finished proof: closed. 
130620     INFO  main            d.u.i.k.p.i.AbstractProblemLoader Loading environment from /home/runner/work/key/key/key.core/../key.ui/examples/heap/permissions/threads/AFilter_startTransfer_accessible.key.proof 
130620     DEBUG main            d.u.i.k.p.i.AbstractProblemLoader Environment load took 366ns 
130622     INFO  main            d.u.i.k.p.i.AbstractProblemLoader Creating init config 
134961     DEBUG main            d.u.i.k.p.i.AbstractProblemLoader Init config took 4.34s 
135038     INFO  main            d.u.i.k.p.i.AbstractProblemLoader Replaying proof AFilter[ThreadSpec2::startTransfer()].JML accessible clause.0 
135376     DEBUG main            d.u.i.k.p.i.IntermediateProofReplayer Proof replay took 322.09ms 
135377     DEBUG main            d.u.i.k.p.r.p.TestFile    ... success: reloaded. 
135378     INFO  main            d.u.i.k.p.r.p.TestFile    Now processing file /home/runner/work/key/key/key.core/../key.ui/examples/heap/permissions/threads/AFilter_startTransfer_contract.key 
135378     INFO  main            d.u.i.k.p.i.AbstractProblemLoader Loading environment from /home/runner/work/key/key/key.core/../key.ui/examples/heap/permissions/threads/AFilter_startTransfer_contract.key 
135379     DEBUG main            d.u.i.k.p.i.AbstractProblemLoader Environment load took 117.5ns 
135380     INFO  main            d.u.i.k.p.i.AbstractProblemLoader Creating init config 
139757     DEBUG main            d.u.i.k.p.i.AbstractProblemLoader Init config took 4.38s 
139860     INFO  main            d.u.i.k.p.i.AbstractProblemLoader Replaying proof AFilter[ThreadSpec2::startTransfer()].JML model_behavior operation contract.0 
139862     DEBUG main            d.u.i.k.p.i.IntermediateProofReplayer Proof replay took 8ns 
140266     INFO  main            d.u.i.k.p.r.p.TestFile    ... finished proof: closed. 
140600     INFO  main            d.u.i.k.p.i.AbstractProblemLoader Loading environment from /home/runner/work/key/key/key.core/../key.ui/examples/heap/permissions/threads/AFilter_startTransfer_contract.key.proof 
140600     DEBUG main            d.u.i.k.p.i.AbstractProblemLoader Environment load took 355.81ns 
140601     INFO  main            d.u.i.k.p.i.AbstractProblemLoader Creating init config 
144930     DEBUG main            d.u.i.k.p.i.AbstractProblemLoader Init config took 4.33s 
145022     INFO  main            d.u.i.k.p.i.AbstractProblemLoader Replaying proof AFilter[ThreadSpec2::startTransfer()].JML model_behavior operation contract.0 
145065     DEBUG main            d.u.i.k.p.i.IntermediateProofReplayer Proof replay took 38.81ms 
145066     DEBUG main            d.u.i.k.p.r.p.TestFile    ... success: reloaded. 
145067     INFO  main            d.u.i.k.p.r.p.TestFile    Now processing file /home/runner/work/key/key/key.core/../key.ui/examples/heap/permissions/threads/AFilter_stateInv_accessible.key 
145068     INFO  main            d.u.i.k.p.i.AbstractProblemLoader Loading environment from /home/runner/work/key/key/key.core/../key.ui/examples/heap/permissions/threads/AFilter_stateInv_accessible.key 
145068     DEBUG main            d.u.i.k.p.i.AbstractProblemLoader Environment load took 202.8ns 
145069     INFO  main            d.u.i.k.p.i.AbstractProblemLoader Creating init config 
149459     DEBUG main            d.u.i.k.p.i.AbstractProblemLoader Init config took 4.39s 
149553     INFO  main            d.u.i.k.p.i.AbstractProblemLoader Replaying proof AFilter[ThreadSpec2::stateInv()].JML accessible clause.0 
149554     DEBUG main            d.u.i.k.p.i.IntermediateProofReplayer Proof replay took 6.9ns 
149857     INFO  main            d.u.i.k.p.r.p.TestFile    ... finished proof: closed. 
150125     INFO  main            d.u.i.k.p.i.AbstractProblemLoader Loading environment from /home/runner/work/key/key/key.core/../key.ui/examples/heap/permissions/threads/AFilter_stateInv_accessible.key.proof 
150125     DEBUG main            d.u.i.k.p.i.AbstractProblemLoader Environment load took 122.6ns 
150126     INFO  main            d.u.i.k.p.i.AbstractProblemLoader Creating init config 
154462     DEBUG main            d.u.i.k.p.i.AbstractProblemLoader Init config took 4.34s 
154539     INFO  main            d.u.i.k.p.i.AbstractProblemLoader Replaying proof AFilter[ThreadSpec2::stateInv()].JML accessible clause.0 
154569     DEBUG main            d.u.i.k.p.i.IntermediateProofReplayer Proof replay took 26.54ms 
154570     DEBUG main            d.u.i.k.p.r.p.TestFile    ... success: reloaded. 
154571     INFO  main            d.u.i.k.p.r.p.TestFile    Now processing file /home/runner/work/key/key/key.core/../key.ui/examples/heap/permissions/threads/AFilter_staticPermissions_accessible.key 
154571     INFO  main            d.u.i.k.p.i.AbstractProblemLoader Loading environment from /home/runner/work/key/key/key.core/../key.ui/examples/heap/permissions/threads/AFilter_staticPermissions_accessible.key 
154571     DEBUG main            d.u.i.k.p.i.AbstractProblemLoader Environment load took 110.8ns 
154572     INFO  main            d.u.i.k.p.i.AbstractProblemLoader Creating init config 
159000     DEBUG main            d.u.i.k.p.i.AbstractProblemLoader Init config took 4.43s 
159078     INFO  main            d.u.i.k.p.i.AbstractProblemLoader Replaying proof AFilter[ThreadSpec2::staticPermissions()].JML accessible clause.0 
159079     DEBUG main            d.u.i.k.p.i.IntermediateProofReplayer Proof replay took 7.1ns 
159181     INFO  main            d.u.i.k.p.r.p.TestFile    ... finished proof: closed. 
159447     INFO  main            d.u.i.k.p.i.AbstractProblemLoader Loading environment from /home/runner/work/key/key/key.core/../key.ui/examples/heap/permissions/threads/AFilter_staticPermissions_accessible.key.proof 
159447     DEBUG main            d.u.i.k.p.i.AbstractProblemLoader Environment load took 128.9ns 
159448     INFO  main            d.u.i.k.p.i.AbstractProblemLoader Creating init config 
163747     DEBUG main            d.u.i.k.p.i.AbstractProblemLoader Init config took 4.3s 
163824     INFO  main            d.u.i.k.p.i.AbstractProblemLoader Replaying proof AFilter[ThreadSpec2::staticPermissions()].JML accessible clause.0 
163833     DEBUG main            d.u.i.k.p.i.IntermediateProofReplayer Proof replay took 7.01ms 
163833     DEBUG main            d.u.i.k.p.r.p.TestFile    ... success: reloaded. 
163834     INFO  main            d.u.i.k.p.r.p.TestFile    Now processing file /home/runner/work/key/key/key.core/../key.ui/examples/heap/permissions/threads/AFilter_workingPermissions_accessible.key 
163835     INFO  main            d.u.i.k.p.i.AbstractProblemLoader Loading environment from /home/runner/work/key/key/key.core/../key.ui/examples/heap/permissions/threads/AFilter_workingPermissions_accessible.key 
163835     DEBUG main            d.u.i.k.p.i.AbstractProblemLoader Environment load took 88.2ns 
163836     INFO  main            d.u.i.k.p.i.AbstractProblemLoader Creating init config 
168237     DEBUG main            d.u.i.k.p.i.AbstractProblemLoader Init config took 4.4s 
168313     INFO  main            d.u.i.k.p.i.AbstractProblemLoader Replaying proof AFilter[ThreadSpec2::workingPermissions()].JML accessible clause.0 
168315     DEBUG main            d.u.i.k.p.i.IntermediateProofReplayer Proof replay took 7.1ns 
168416     INFO  main            d.u.i.k.p.r.p.TestFile    ... finished proof: closed. 
168688     INFO  main            d.u.i.k.p.i.AbstractProblemLoader Loading environment from /home/runner/work/key/key/key.core/../key.ui/examples/heap/permissions/threads/AFilter_workingPermissions_accessible.key.proof 
168688     DEBUG main            d.u.i.k.p.i.AbstractProblemLoader Environment load took 133.5ns 
168689     INFO  main            d.u.i.k.p.i.AbstractProblemLoader Creating init config 
173011     DEBUG main            d.u.i.k.p.i.AbstractProblemLoader Init config took 4.32s 
173097     INFO  main            d.u.i.k.p.i.AbstractProblemLoader Replaying proof AFilter[ThreadSpec2::workingPermissions()].JML accessible clause.0 
173105     DEBUG main            d.u.i.k.p.i.IntermediateProofReplayer Proof replay took 6.53ms 
173106     DEBUG main            d.u.i.k.p.r.p.TestFile    ... success: reloaded. 
173107     INFO  main            d.u.i.k.p.r.p.TestFile    Now processing file /home/runner/work/key/key/key.core/../key.ui/examples/heap/permissions/threads/BFilter_BFilter.key 
173108     INFO  main            d.u.i.k.p.i.AbstractProblemLoader Loading environment from /home/runner/work/key/key/key.core/../key.ui/examples/heap/permissions/threads/BFilter_BFilter.key 
173108     DEBUG main            d.u.i.k.p.i.AbstractProblemLoader Environment load took 135.9ns 
173109     INFO  main            d.u.i.k.p.i.AbstractProblemLoader Creating init config 
177500     DEBUG main            d.u.i.k.p.i.AbstractProblemLoader Init config took 4.39s 
177579     INFO  main            d.u.i.k.p.i.AbstractProblemLoader Replaying proof BFilter[BFilter::BFilter(Sampler,Buffer)].JML normal_behavior operation contract.0 
177580     DEBUG main            d.u.i.k.p.i.IntermediateProofReplayer Proof replay took 6.5ns 
178491     INFO  main            d.u.i.k.p.r.p.TestFile    ... finished proof: closed. 
178797     INFO  main            d.u.i.k.p.i.AbstractProblemLoader Loading environment from /home/runner/work/key/key/key.core/../key.ui/examples/heap/permissions/threads/BFilter_BFilter.key.proof 
178797     DEBUG main            d.u.i.k.p.i.AbstractProblemLoader Environment load took 350.81ns 
178798     INFO  main            d.u.i.k.p.i.AbstractProblemLoader Creating init config 
183106     DEBUG main            d.u.i.k.p.i.AbstractProblemLoader Init config took 4.31s 
183197     INFO  main            d.u.i.k.p.i.AbstractProblemLoader Replaying proof BFilter[BFilter::BFilter(Sampler,Buffer)].JML normal_behavior operation contract.0 
183308     DEBUG main            d.u.i.k.p.i.IntermediateProofReplayer Proof replay took 106.09ms 
183309     DEBUG main            d.u.i.k.p.r.p.TestFile    ... success: reloaded. 
183310     INFO  main            d.u.i.k.p.r.p.TestFile    Now processing file /home/runner/work/key/key/key.core/../key.ui/examples/heap/permissions/threads/BFilter_initPost_accessible.key 
183311     INFO  main            d.u.i.k.p.i.AbstractProblemLoader Loading environment from /home/runner/work/key/key/key.core/../key.ui/examples/heap/permissions/threads/BFilter_initPost_accessible.key 
183311     DEBUG main            d.u.i.k.p.i.AbstractProblemLoader Environment load took 196.2ns 
183312     INFO  main            d.u.i.k.p.i.AbstractProblemLoader Creating init config 
187749     DEBUG main            d.u.i.k.p.i.AbstractProblemLoader Init config took 4.44s 
187842     INFO  main            d.u.i.k.p.i.AbstractProblemLoader Replaying proof BFilter[ThreadSpec2::initPost()].JML accessible clause.0 
187844     DEBUG main            d.u.i.k.p.i.IntermediateProofReplayer Proof replay took 6.2ns 
187949     INFO  main            d.u.i.k.p.r.p.TestFile    ... finished proof: closed. 
188233     INFO  main            d.u.i.k.p.i.AbstractProblemLoader Loading environment from /home/runner/work/key/key/key.core/../key.ui/examples/heap/permissions/threads/BFilter_initPost_accessible.key.proof 
188233     DEBUG main            d.u.i.k.p.i.AbstractProblemLoader Environment load took 140ns 
188234     INFO  main            d.u.i.k.p.i.AbstractProblemLoader Creating init config 
192523     DEBUG main            d.u.i.k.p.i.AbstractProblemLoader Init config took 4.29s 
192617     INFO  main            d.u.i.k.p.i.AbstractProblemLoader Replaying proof BFilter[ThreadSpec2::initPost()].JML accessible clause.0 
192633     DEBUG main            d.u.i.k.p.i.IntermediateProofReplayer Proof replay took 13.22ms 
192634     DEBUG main            d.u.i.k.p.r.p.TestFile    ... success: reloaded. 
192635     INFO  main            d.u.i.k.p.r.p.TestFile    Now processing file /home/runner/work/key/key/key.core/../key.ui/examples/heap/permissions/threads/BFilter_inv_accessible1.key 
192635     INFO  main            d.u.i.k.p.i.AbstractProblemLoader Loading environment from /home/runner/work/key/key/key.core/../key.ui/examples/heap/permissions/threads/BFilter_inv_accessible1.key 
192636     DEBUG main            d.u.i.k.p.i.AbstractProblemLoader Environment load took 94.2ns 
192637     INFO  main            d.u.i.k.p.i.AbstractProblemLoader Creating init config 
197024     DEBUG main            d.u.i.k.p.i.AbstractProblemLoader Init config took 4.39s 
197105     INFO  main            d.u.i.k.p.i.AbstractProblemLoader Replaying proof BFilter[java.lang.Object::<inv>()].JML accessible clause.0 
197106     DEBUG main            d.u.i.k.p.i.IntermediateProofReplayer Proof replay took 7ns 
197208     INFO  main            d.u.i.k.p.r.p.TestFile    ... finished proof: closed. 
197498     INFO  main            d.u.i.k.p.i.AbstractProblemLoader Loading environment from /home/runner/work/key/key/key.core/../key.ui/examples/heap/permissions/threads/BFilter_inv_accessible1.key.proof 
197498     DEBUG main            d.u.i.k.p.i.AbstractProblemLoader Environment load took 118.4ns 
197499     INFO  main            d.u.i.k.p.i.AbstractProblemLoader Creating init config 
201804     DEBUG main            d.u.i.k.p.i.AbstractProblemLoader Init config took 4.3s 
201893     INFO  main            d.u.i.k.p.i.AbstractProblemLoader Replaying proof BFilter[java.lang.Object::<inv>()].JML accessible clause.0 
201896     DEBUG main            d.u.i.k.p.i.IntermediateProofReplayer Proof replay took 1.56ms 
201897     DEBUG main            d.u.i.k.p.r.p.TestFile    ... success: reloaded. 
201898     INFO  main            d.u.i.k.p.r.p.TestFile    Now processing file /home/runner/work/key/key/key.core/../key.ui/examples/heap/permissions/threads/BFilter_inv_accessible2.key 
201898     INFO  main            d.u.i.k.p.i.AbstractProblemLoader Loading environment from /home/runner/work/key/key/key.core/../key.ui/examples/heap/permissions/threads/BFilter_inv_accessible2.key 
201898     DEBUG main            d.u.i.k.p.i.AbstractProblemLoader Environment load took 87.7ns 
201899     INFO  main            d.u.i.k.p.i.AbstractProblemLoader Creating init config 
206314     DEBUG main            d.u.i.k.p.i.AbstractProblemLoader Init config took 4.41s 
206391     INFO  main            d.u.i.k.p.i.AbstractProblemLoader Replaying proof BFilter[java.lang.Object::<inv>()].JML accessible clause.1 
206393     DEBUG main            d.u.i.k.p.i.IntermediateProofReplayer Proof replay took 7.1ns 
206495     INFO  main            d.u.i.k.p.r.p.TestFile    ... finished proof: closed. 
206813     INFO  main            d.u.i.k.p.i.AbstractProblemLoader Loading environment from /home/runner/work/key/key/key.core/../key.ui/examples/heap/permissions/threads/BFilter_inv_accessible2.key.proof 
206813     DEBUG main            d.u.i.k.p.i.AbstractProblemLoader Environment load took 112.4ns 
206813     INFO  main            d.u.i.k.p.i.AbstractProblemLoader Creating init config 
211171     DEBUG main            d.u.i.k.p.i.AbstractProblemLoader Init config took 4.36s 
211260     INFO  main            d.u.i.k.p.i.AbstractProblemLoader Replaying proof BFilter[java.lang.Object::<inv>()].JML accessible clause.1 
211263     DEBUG main            d.u.i.k.p.i.IntermediateProofReplayer Proof replay took 1.6ms 
211264     DEBUG main            d.u.i.k.p.r.p.TestFile    ... success: reloaded. 
211265     INFO  main            d.u.i.k.p.r.p.TestFile    Now processing file /home/runner/work/key/key/key.core/../key.ui/examples/heap/permissions/threads/BFilter_joinTransfer_accessible.key 
211265     INFO  main            d.u.i.k.p.i.AbstractProblemLoader Loading environment from /home/runner/work/key/key/key.core/../key.ui/examples/heap/permissions/threads/BFilter_joinTransfer_accessible.key 
211265     DEBUG main            d.u.i.k.p.i.AbstractProblemLoader Environment load took 98.1ns 
211266     INFO  main            d.u.i.k.p.i.AbstractProblemLoader Creating init config 
215624     DEBUG main            d.u.i.k.p.i.AbstractProblemLoader Init config took 4.36s 
215701     INFO  main            d.u.i.k.p.i.AbstractProblemLoader Replaying proof BFilter[ThreadSpec2::joinTransfer()].JML accessible clause.0 
215703     DEBUG main            d.u.i.k.p.i.IntermediateProofReplayer Proof replay took 7ns 
218909     INFO  main            d.u.i.k.p.r.p.TestFile    ... finished proof: closed. 
219227     INFO  main            d.u.i.k.p.i.AbstractProblemLoader Loading environment from /home/runner/work/key/key/key.core/../key.ui/examples/heap/permissions/threads/BFilter_joinTransfer_accessible.key.proof 
219228     DEBUG main            d.u.i.k.p.i.AbstractProblemLoader Environment load took 349.9ns 
219229     INFO  main            d.u.i.k.p.i.AbstractProblemLoader Creating init config 
223545     DEBUG main            d.u.i.k.p.i.AbstractProblemLoader Init config took 4.32s 
223623     INFO  main            d.u.i.k.p.i.AbstractProblemLoader Replaying proof BFilter[ThreadSpec2::joinTransfer()].JML accessible clause.0 
223843     DEBUG main            d.u.i.k.p.i.IntermediateProofReplayer Proof replay took 210.75ms 
223845     DEBUG main            d.u.i.k.p.r.p.TestFile    ... success: reloaded. 
223846     INFO  main            d.u.i.k.p.r.p.TestFile    Now processing file /home/runner/work/key/key/key.core/../key.ui/examples/heap/permissions/threads/BFilter_joinTransfer_contract.key 
223846     INFO  main            d.u.i.k.p.i.AbstractProblemLoader Loading environment from /home/runner/work/key/key/key.core/../key.ui/examples/heap/permissions/threads/BFilter_joinTransfer_contract.key 
223846     DEBUG main            d.u.i.k.p.i.AbstractProblemLoader Environment load took 102.2ns 
223847     INFO  main            d.u.i.k.p.i.AbstractProblemLoader Creating init config 
228231     DEBUG main            d.u.i.k.p.i.AbstractProblemLoader Init config took 4.38s 
228310     INFO  main            d.u.i.k.p.i.AbstractProblemLoader Replaying proof BFilter[ThreadSpec2::joinTransfer()].JML model_behavior operation contract.0 
228312     DEBUG main            d.u.i.k.p.i.IntermediateProofReplayer Proof replay took 7.3ns 
228413     INFO  main            d.u.i.k.p.r.p.TestFile    ... finished proof: closed. 
228754     INFO  main            d.u.i.k.p.i.AbstractProblemLoader Loading environment from /home/runner/work/key/key/key.core/../key.ui/examples/heap/permissions/threads/BFilter_joinTransfer_contract.key.proof 
228754     DEBUG main            d.u.i.k.p.i.AbstractProblemLoader Environment load took 110.5ns 
228755     INFO  main            d.u.i.k.p.i.AbstractProblemLoader Creating init config 
233178     DEBUG main            d.u.i.k.p.i.AbstractProblemLoader Init config took 4.42s 
233261     INFO  main            d.u.i.k.p.i.AbstractProblemLoader Replaying proof BFilter[ThreadSpec2::joinTransfer()].JML model_behavior operation contract.0 
233269     DEBUG main            d.u.i.k.p.i.IntermediateProofReplayer Proof replay took 7.02ms 
233270     DEBUG main            d.u.i.k.p.r.p.TestFile    ... success: reloaded. 
233271     INFO  main            d.u.i.k.p.r.p.TestFile    Now processing file /home/runner/work/key/key/key.core/../key.ui/examples/heap/permissions/threads/BFilter_postJoin_accessible.key 
233272     INFO  main            d.u.i.k.p.i.AbstractProblemLoader Loading environment from /home/runner/work/key/key/key.core/../key.ui/examples/heap/permissions/threads/BFilter_postJoin_accessible.key 
233272     DEBUG main            d.u.i.k.p.i.AbstractProblemLoader Environment load took 97.8ns 
233273     INFO  main            d.u.i.k.p.i.AbstractProblemLoader Creating init config 
237687     DEBUG main            d.u.i.k.p.i.AbstractProblemLoader Init config took 4.41s 
237771     INFO  main            d.u.i.k.p.i.AbstractProblemLoader Replaying proof BFilter[ThreadSpec2::postJoin(java.lang.Object)].JML accessible clause.0 
237773     DEBUG main            d.u.i.k.p.i.IntermediateProofReplayer Proof replay took 7ns 
237877     INFO  main            d.u.i.k.p.r.p.TestFile    ... finished proof: closed. 
238232     INFO  main            d.u.i.k.p.i.AbstractProblemLoader Loading environment from /home/runner/work/key/key/key.core/../key.ui/examples/heap/permissions/threads/BFilter_postJoin_accessible.key.proof 
238232     DEBUG main            d.u.i.k.p.i.AbstractProblemLoader Environment load took 135.3ns 
238233     INFO  main            d.u.i.k.p.i.AbstractProblemLoader Creating init config 
242538     DEBUG main            d.u.i.k.p.i.AbstractProblemLoader Init config took 4.3s 
242618     INFO  main            d.u.i.k.p.i.AbstractProblemLoader Replaying proof BFilter[ThreadSpec2::postJoin(java.lang.Object)].JML accessible clause.0 
242625     DEBUG main            d.u.i.k.p.i.IntermediateProofReplayer Proof replay took 4.73ms 
242626     DEBUG main            d.u.i.k.p.r.p.TestFile    ... success: reloaded. 
242627     INFO  main            d.u.i.k.p.r.p.TestFile    Now processing file /home/runner/work/key/key/key.core/../key.ui/examples/heap/permissions/threads/BFilter_preStart_accessible.key 
242627     INFO  main            d.u.i.k.p.i.AbstractProblemLoader Loading environment from /home/runner/work/key/key/key.core/../key.ui/examples/heap/permissions/threads/BFilter_preStart_accessible.key 
242628     DEBUG main            d.u.i.k.p.i.AbstractProblemLoader Environment load took 198.9ns 
242631     INFO  main            d.u.i.k.p.i.AbstractProblemLoader Creating init config 
247047     DEBUG main            d.u.i.k.p.i.AbstractProblemLoader Init config took 4.42s 
247124     INFO  main            d.u.i.k.p.i.AbstractProblemLoader Replaying proof BFilter[ThreadSpec2::preStart(java.lang.Object)].JML accessible clause.0 
247125     DEBUG main            d.u.i.k.p.i.IntermediateProofReplayer Proof replay took 7.3ns 
247428     INFO  main            d.u.i.k.p.r.p.TestFile    ... finished proof: closed. 
247772     INFO  main            d.u.i.k.p.i.AbstractProblemLoader Loading environment from /home/runner/work/key/key/key.core/../key.ui/examples/heap/permissions/threads/BFilter_preStart_accessible.key.proof 
247772     DEBUG main            d.u.i.k.p.i.AbstractProblemLoader Environment load took 101.8ns 
247773     INFO  main            d.u.i.k.p.i.AbstractProblemLoader Creating init config 
252090     DEBUG main            d.u.i.k.p.i.AbstractProblemLoader Init config took 4.32s 
252168     INFO  main            d.u.i.k.p.i.AbstractProblemLoader Replaying proof BFilter[ThreadSpec2::preStart(java.lang.Object)].JML accessible clause.0 
252193     DEBUG main            d.u.i.k.p.i.IntermediateProofReplayer Proof replay took 20.59ms 
252194     DEBUG main            d.u.i.k.p.r.p.TestFile    ... success: reloaded. 
252195     INFO  main            d.u.i.k.p.r.p.TestFile    Now processing file /home/runner/work/key/key/key.core/../key.ui/examples/heap/permissions/threads/BFilter_startTransfer_accessible.key 
252195     INFO  main            d.u.i.k.p.i.AbstractProblemLoader Loading environment from /home/runner/work/key/key/key.core/../key.ui/examples/heap/permissions/threads/BFilter_startTransfer_accessible.key 
252195     DEBUG main            d.u.i.k.p.i.AbstractProblemLoader Environment load took 114.5ns 
252197     INFO  main            d.u.i.k.p.i.AbstractProblemLoader Creating init config 
256582     DEBUG main            d.u.i.k.p.i.AbstractProblemLoader Init config took 4.38s 
256658     INFO  main            d.u.i.k.p.i.AbstractProblemLoader Replaying proof BFilter[ThreadSpec2::startTransfer()].JML accessible clause.0 
256659     DEBUG main            d.u.i.k.p.i.IntermediateProofReplayer Proof replay took 6.5ns 
262393     INFO  main            d.u.i.k.p.r.p.TestFile    ... finished proof: closed. 
262747     INFO  main            d.u.i.k.p.i.AbstractProblemLoader Loading environment from /home/runner/work/key/key/key.core/../key.ui/examples/heap/permissions/threads/BFilter_startTransfer_accessible.key.proof 
262747     DEBUG main            d.u.i.k.p.i.AbstractProblemLoader Environment load took 401.11ns 
262748     INFO  main            d.u.i.k.p.i.AbstractProblemLoader Creating init config 
267038     DEBUG main            d.u.i.k.p.i.AbstractProblemLoader Init config took 4.29s 
267127     INFO  main            d.u.i.k.p.i.AbstractProblemLoader Replaying proof BFilter[ThreadSpec2::startTransfer()].JML accessible clause.0 
267449     DEBUG main            d.u.i.k.p.i.IntermediateProofReplayer Proof replay took 307.52ms 
267450     DEBUG main            d.u.i.k.p.r.p.TestFile    ... success: reloaded. 
267452     INFO  main            d.u.i.k.p.r.p.TestFile    Now processing file /home/runner/work/key/key/key.core/../key.ui/examples/heap/permissions/threads/BFilter_startTransfer_contract.key 
267452     INFO  main            d.u.i.k.p.i.AbstractProblemLoader Loading environment from /home/runner/work/key/key/key.core/../key.ui/examples/heap/permissions/threads/BFilter_startTransfer_contract.key 
267453     DEBUG main            d.u.i.k.p.i.AbstractProblemLoader Environment load took 119.5ns 
267453     INFO  main            d.u.i.k.p.i.AbstractProblemLoader Creating init config 
271830     DEBUG main            d.u.i.k.p.i.AbstractProblemLoader Init config took 4.38s 
271907     INFO  main            d.u.i.k.p.i.AbstractProblemLoader Replaying proof BFilter[ThreadSpec2::startTransfer()].JML model_behavior operation contract.0 
271909     DEBUG main            d.u.i.k.p.i.IntermediateProofReplayer Proof replay took 7.6ns 
273014     INFO  main            d.u.i.k.p.r.p.TestFile    ... finished proof: closed. 
273345     INFO  main            d.u.i.k.p.i.AbstractProblemLoader Loading environment from /home/runner/work/key/key/key.core/../key.ui/examples/heap/permissions/threads/BFilter_startTransfer_contract.key.proof 
273345     DEBUG main            d.u.i.k.p.i.AbstractProblemLoader Environment load took 108.1ns 
273346     INFO  main            d.u.i.k.p.i.AbstractProblemLoader Creating init config 
277641     DEBUG main            d.u.i.k.p.i.AbstractProblemLoader Init config took 4.29s 
277717     INFO  main            d.u.i.k.p.i.AbstractProblemLoader Replaying proof BFilter[ThreadSpec2::startTransfer()].JML model_behavior operation contract.0 
277814     DEBUG main            d.u.i.k.p.i.IntermediateProofReplayer Proof replay took 90.75ms 
277816     DEBUG main            d.u.i.k.p.r.p.TestFile    ... success: reloaded. 
277817     INFO  main            d.u.i.k.p.r.p.TestFile    Now processing file /home/runner/work/key/key/key.core/../key.ui/examples/heap/permissions/threads/BFilter_stateInv_accessible.key 
277817     INFO  main            d.u.i.k.p.i.AbstractProblemLoader Loading environment from /home/runner/work/key/key/key.core/../key.ui/examples/heap/permissions/threads/BFilter_stateInv_accessible.key 
277817     DEBUG main            d.u.i.k.p.i.AbstractProblemLoader Environment load took 65.4ns 
277818     INFO  main            d.u.i.k.p.i.AbstractProblemLoader Creating init config 
282177     DEBUG main            d.u.i.k.p.i.AbstractProblemLoader Init config took 4.36s 
282253     INFO  main            d.u.i.k.p.i.AbstractProblemLoader Replaying proof BFilter[ThreadSpec2::stateInv()].JML accessible clause.0 
282254     DEBUG main            d.u.i.k.p.i.IntermediateProofReplayer Proof replay took 6.6ns 
282557     INFO  main            d.u.i.k.p.r.p.TestFile    ... finished proof: closed. 
282946     INFO  main            d.u.i.k.p.i.AbstractProblemLoader Loading environment from /home/runner/work/key/key/key.core/../key.ui/examples/heap/permissions/threads/BFilter_stateInv_accessible.key.proof 
282946     DEBUG main            d.u.i.k.p.i.AbstractProblemLoader Environment load took 100.1ns 
282947     INFO  main            d.u.i.k.p.i.AbstractProblemLoader Creating init config 
287247     DEBUG main            d.u.i.k.p.i.AbstractProblemLoader Init config took 4.3s 
287331     INFO  main            d.u.i.k.p.i.AbstractProblemLoader Replaying proof BFilter[ThreadSpec2::stateInv()].JML accessible clause.0 
287361     DEBUG main            d.u.i.k.p.i.IntermediateProofReplayer Proof replay took 26.59ms 
287362     DEBUG main            d.u.i.k.p.r.p.TestFile    ... success: reloaded. 
287363     INFO  main            d.u.i.k.p.r.p.TestFile    Now processing file /home/runner/work/key/key/key.core/../key.ui/examples/heap/permissions/threads/BFilter_staticPermissions_accessible.key 
287364     INFO  main            d.u.i.k.p.i.AbstractProblemLoader Loading environment from /home/runner/work/key/key/key.core/../key.ui/examples/heap/permissions/threads/BFilter_staticPermissions_accessible.key 
287364     DEBUG main            d.u.i.k.p.i.AbstractProblemLoader Environment load took 210.7ns 
287365     INFO  main            d.u.i.k.p.i.AbstractProblemLoader Creating init config 
291762     DEBUG main            d.u.i.k.p.i.AbstractProblemLoader Init config took 4.4s 
291856     INFO  main            d.u.i.k.p.i.AbstractProblemLoader Replaying proof BFilter[ThreadSpec2::staticPermissions()].JML accessible clause.0 
291857     DEBUG main            d.u.i.k.p.i.IntermediateProofReplayer Proof replay took 7.2ns 
291959     INFO  main            d.u.i.k.p.r.p.TestFile    ... finished proof: closed. 
292305     INFO  main            d.u.i.k.p.i.AbstractProblemLoader Loading environment from /home/runner/work/key/key/key.core/../key.ui/examples/heap/permissions/threads/BFilter_staticPermissions_accessible.key.proof 
292305     DEBUG main            d.u.i.k.p.i.AbstractProblemLoader Environment load took 102.2ns 
292306     INFO  main            d.u.i.k.p.i.AbstractProblemLoader Creating init config 
296585     DEBUG main            d.u.i.k.p.i.AbstractProblemLoader Init config took 4.28s 
296661     INFO  main            d.u.i.k.p.i.AbstractProblemLoader Replaying proof BFilter[ThreadSpec2::staticPermissions()].JML accessible clause.0 
296670     DEBUG main            d.u.i.k.p.i.IntermediateProofReplayer Proof replay took 7.29ms 
296671     DEBUG main            d.u.i.k.p.r.p.TestFile    ... success: reloaded. 
296672     INFO  main            d.u.i.k.p.r.p.TestFile    Now processing file /home/runner/work/key/key/key.core/../key.ui/examples/heap/permissions/threads/BFilter_workingPermissions_accessible.key 
296672     INFO  main            d.u.i.k.p.i.AbstractProblemLoader Loading environment from /home/runner/work/key/key/key.core/../key.ui/examples/heap/permissions/threads/BFilter_workingPermissions_accessible.key 
296672     DEBUG main            d.u.i.k.p.i.AbstractProblemLoader Environment load took 82.8ns 
296673     INFO  main            d.u.i.k.p.i.AbstractProblemLoader Creating init config 
301084     DEBUG main            d.u.i.k.p.i.AbstractProblemLoader Init config took 4.41s 
301160     INFO  main            d.u.i.k.p.i.AbstractProblemLoader Replaying proof BFilter[ThreadSpec2::workingPermissions()].JML accessible clause.0 
301161     DEBUG main            d.u.i.k.p.i.IntermediateProofReplayer Proof replay took 6.9ns 
301264     INFO  main            d.u.i.k.p.r.p.TestFile    ... finished proof: closed. 
301625     INFO  main            d.u.i.k.p.i.AbstractProblemLoader Loading environment from /home/runner/work/key/key/key.core/../key.ui/examples/heap/permissions/threads/BFilter_workingPermissions_accessible.key.proof 
301625     DEBUG main            d.u.i.k.p.i.AbstractProblemLoader Environment load took 101.1ns 
301626     INFO  main            d.u.i.k.p.i.AbstractProblemLoader Creating init config 
305942     DEBUG main            d.u.i.k.p.i.AbstractProblemLoader Init config took 4.32s 
306031     INFO  main            d.u.i.k.p.i.AbstractProblemLoader Replaying proof BFilter[ThreadSpec2::workingPermissions()].JML accessible clause.0 
306039     DEBUG main            d.u.i.k.p.i.IntermediateProofReplayer Proof replay took 6.12ms 
306040     DEBUG main            d.u.i.k.p.r.p.TestFile    ... success: reloaded. 
306041     INFO  main            d.u.i.k.p.r.p.TestFile    Now processing file /home/runner/work/key/key/key.core/../key.ui/examples/heap/permissions/threads/Fib_Fib.key 
306041     INFO  main            d.u.i.k.p.i.AbstractProblemLoader Loading environment from /home/runner/work/key/key/key.core/../key.ui/examples/heap/permissions/threads/Fib_Fib.key 
306041     DEBUG main            d.u.i.k.p.i.AbstractProblemLoader Environment load took 110.1ns 
306042     INFO  main            d.u.i.k.p.i.AbstractProblemLoader Creating init config 
310355     DEBUG main            d.u.i.k.p.i.AbstractProblemLoader Init config took 4.31s 
310452     INFO  main            d.u.i.k.p.i.AbstractProblemLoader Replaying proof Fib[Fib::Fib(int)].JML normal_behavior operation contract.0 
310453     DEBUG main            d.u.i.k.p.i.IntermediateProofReplayer Proof replay took 7.1ns 
311058     INFO  main            d.u.i.k.p.r.p.TestFile    ... finished proof: closed. 
311462     INFO  main            d.u.i.k.p.i.AbstractProblemLoader Loading environment from /home/runner/work/key/key/key.core/../key.ui/examples/heap/permissions/threads/Fib_Fib.key.proof 
311462     DEBUG main            d.u.i.k.p.i.AbstractProblemLoader Environment load took 102.6ns 
311463     INFO  main            d.u.i.k.p.i.AbstractProblemLoader Creating init config 
315728     DEBUG main            d.u.i.k.p.i.AbstractProblemLoader Init config took 4.26s 
315817     INFO  main            d.u.i.k.p.i.AbstractProblemLoader Replaying proof Fib[Fib::Fib(int)].JML normal_behavior operation contract.0 
315890     DEBUG main            d.u.i.k.p.i.IntermediateProofReplayer Proof replay took 68.79ms 
315891     DEBUG main            d.u.i.k.p.r.p.TestFile    ... success: reloaded. 
315892     INFO  main            d.u.i.k.p.r.p.TestFile    Now processing file /home/runner/work/key/key/key.core/../key.ui/examples/heap/permissions/threads/Fib_initPost_accessible.key 
315892     INFO  main            d.u.i.k.p.i.AbstractProblemLoader Loading environment from /home/runner/work/key/key/key.core/../key.ui/examples/heap/permissions/threads/Fib_initPost_accessible.key 
315892     DEBUG main            d.u.i.k.p.i.AbstractProblemLoader Environment load took 76.5ns 
315893     INFO  main            d.u.i.k.p.i.AbstractProblemLoader Creating init config 
320245     DEBUG main            d.u.i.k.p.i.AbstractProblemLoader Init config took 4.35s 
320321     INFO  main            d.u.i.k.p.i.AbstractProblemLoader Replaying proof Fib[ThreadSpec::initPost()].JML accessible clause.0 
320323     DEBUG main            d.u.i.k.p.i.IntermediateProofReplayer Proof replay took 6.5ns 
320424     INFO  main            d.u.i.k.p.r.p.TestFile    ... finished proof: closed. 
320791     INFO  main            d.u.i.k.p.i.AbstractProblemLoader Loading environment from /home/runner/work/key/key/key.core/../key.ui/examples/heap/permissions/threads/Fib_initPost_accessible.key.proof 
320791     DEBUG main            d.u.i.k.p.i.AbstractProblemLoader Environment load took 133.2ns 
320792     INFO  main            d.u.i.k.p.i.AbstractProblemLoader Creating init config 
325072     DEBUG main            d.u.i.k.p.i.AbstractProblemLoader Init config took 4.28s 
325147     INFO  main            d.u.i.k.p.i.AbstractProblemLoader Replaying proof Fib[ThreadSpec::initPost()].JML accessible clause.0 
325153     DEBUG main            d.u.i.k.p.i.IntermediateProofReplayer Proof replay took 3.94ms 
325153     DEBUG main            d.u.i.k.p.r.p.TestFile    ... success: reloaded. 
325155     INFO  main            d.u.i.k.p.r.p.TestFile    Now processing file /home/runner/work/key/key/key.core/../key.ui/examples/heap/permissions/threads/Fib_inv1_accessible.key 
325155     INFO  main            d.u.i.k.p.i.AbstractProblemLoader Loading environment from /home/runner/work/key/key/key.core/../key.ui/examples/heap/permissions/threads/Fib_inv1_accessible.key 
325155     DEBUG main            d.u.i.k.p.i.AbstractProblemLoader Environment load took 109.5ns 
325156     INFO  main            d.u.i.k.p.i.AbstractProblemLoader Creating init config 
329472     DEBUG main            d.u.i.k.p.i.AbstractProblemLoader Init config took 4.32s 
329547     INFO  main            d.u.i.k.p.i.AbstractProblemLoader Replaying proof Fib[java.lang.Object::<inv>()].JML accessible clause.0 
329549     DEBUG main            d.u.i.k.p.i.IntermediateProofReplayer Proof replay took 6.5ns 
329650     INFO  main            d.u.i.k.p.r.p.TestFile    ... finished proof: closed. 
330025     INFO  main            d.u.i.k.p.i.AbstractProblemLoader Loading environment from /home/runner/work/key/key/key.core/../key.ui/examples/heap/permissions/threads/Fib_inv1_accessible.key.proof 
330025     DEBUG main            d.u.i.k.p.i.AbstractProblemLoader Environment load took 92.6ns 
330026     INFO  main            d.u.i.k.p.i.AbstractProblemLoader Creating init config 
334298     DEBUG main            d.u.i.k.p.i.AbstractProblemLoader Init config took 4.27s 
334374     INFO  main            d.u.i.k.p.i.AbstractProblemLoader Replaying proof Fib[java.lang.Object::<inv>()].JML accessible clause.0 
334376     DEBUG main            d.u.i.k.p.i.IntermediateProofReplayer Proof replay took 1.42ms 
334377     DEBUG main            d.u.i.k.p.r.p.TestFile    ... success: reloaded. 
334378     INFO  main            d.u.i.k.p.r.p.TestFile    Now processing file /home/runner/work/key/key/key.core/../key.ui/examples/heap/permissions/threads/Fib_inv2_accessible.key 
334378     INFO  main            d.u.i.k.p.i.AbstractProblemLoader Loading environment from /home/runner/work/key/key/key.core/../key.ui/examples/heap/permissions/threads/Fib_inv2_accessible.key 
334378     DEBUG main            d.u.i.k.p.i.AbstractProblemLoader Environment load took 73.1ns 
334379     INFO  main            d.u.i.k.p.i.AbstractProblemLoader Creating init config 
338696     DEBUG main            d.u.i.k.p.i.AbstractProblemLoader Init config took 4.32s 
338793     INFO  main            d.u.i.k.p.i.AbstractProblemLoader Replaying proof Fib[java.lang.Object::<inv>()].JML accessible clause.1 
338794     DEBUG main            d.u.i.k.p.i.IntermediateProofReplayer Proof replay took 7ns 
338896     INFO  main            d.u.i.k.p.r.p.TestFile    ... finished proof: closed. 
339279     INFO  main            d.u.i.k.p.i.AbstractProblemLoader Loading environment from /home/runner/work/key/key/key.core/../key.ui/examples/heap/permissions/threads/Fib_inv2_accessible.key.proof 
339280     DEBUG main            d.u.i.k.p.i.AbstractProblemLoader Environment load took 93.4ns 
339280     INFO  main            d.u.i.k.p.i.AbstractProblemLoader Creating init config 
343548     DEBUG main            d.u.i.k.p.i.AbstractProblemLoader Init config took 4.27s 
343626     INFO  main            d.u.i.k.p.i.AbstractProblemLoader Replaying proof Fib[java.lang.Object::<inv>()].JML accessible clause.1 
343629     DEBUG main            d.u.i.k.p.i.IntermediateProofReplayer Proof replay took 1.6ms 
343629     DEBUG main            d.u.i.k.p.r.p.TestFile    ... success: reloaded. 
343630     INFO  main            d.u.i.k.p.r.p.TestFile    Now processing file /home/runner/work/key/key/key.core/../key.ui/examples/heap/permissions/threads/Fib_joinTransfer_accessible.key 
343630     INFO  main            d.u.i.k.p.i.AbstractProblemLoader Loading environment from /home/runner/work/key/key/key.core/../key.ui/examples/heap/permissions/threads/Fib_joinTransfer_accessible.key 
343631     DEBUG main            d.u.i.k.p.i.AbstractProblemLoader Environment load took 47.4ns 
343631     INFO  main            d.u.i.k.p.i.AbstractProblemLoader Creating init config 
347996     DEBUG main            d.u.i.k.p.i.AbstractProblemLoader Init config took 4.36s 
348072     INFO  main            d.u.i.k.p.i.AbstractProblemLoader Replaying proof Fib[ThreadSpec::joinTransfer()].JML accessible clause.0 
348073     DEBUG main            d.u.i.k.p.i.IntermediateProofReplayer Proof replay took 7.2ns 
348275     INFO  main            d.u.i.k.p.r.p.TestFile    ... finished proof: closed. 
348665     INFO  main            d.u.i.k.p.i.AbstractProblemLoader Loading environment from /home/runner/work/key/key/key.core/../key.ui/examples/heap/permissions/threads/Fib_joinTransfer_accessible.key.proof 
348665     DEBUG main            d.u.i.k.p.i.AbstractProblemLoader Environment load took 110.1ns 
348666     INFO  main            d.u.i.k.p.i.AbstractProblemLoader Creating init config 
352929     DEBUG main            d.u.i.k.p.i.AbstractProblemLoader Init config took 4.26s 
353005     INFO  main            d.u.i.k.p.i.AbstractProblemLoader Replaying proof Fib[ThreadSpec::joinTransfer()].JML accessible clause.0 
353024     DEBUG main            d.u.i.k.p.i.IntermediateProofReplayer Proof replay took 17.64ms 
353025     DEBUG main            d.u.i.k.p.r.p.TestFile    ... success: reloaded. 
353026     INFO  main            d.u.i.k.p.r.p.TestFile    Now processing file /home/runner/work/key/key/key.core/../key.ui/examples/heap/permissions/threads/Fib_joinTransfer_contract.key 
353026     INFO  main            d.u.i.k.p.i.AbstractProblemLoader Loading environment from /home/runner/work/key/key/key.core/../key.ui/examples/heap/permissions/threads/Fib_joinTransfer_contract.key 
353026     DEBUG main            d.u.i.k.p.i.AbstractProblemLoader Environment load took 86.2ns 
353027     INFO  main            d.u.i.k.p.i.AbstractProblemLoader Creating init config 
357372     DEBUG main            d.u.i.k.p.i.AbstractProblemLoader Init config took 4.34s 
357448     INFO  main            d.u.i.k.p.i.AbstractProblemLoader Replaying proof Fib[ThreadSpec::joinTransfer()].JML model_behavior operation contract.0 
357450     DEBUG main            d.u.i.k.p.i.IntermediateProofReplayer Proof replay took 6.8ns 
357551     INFO  main            d.u.i.k.p.r.p.TestFile    ... finished proof: closed. 
357939     INFO  main            d.u.i.k.p.i.AbstractProblemLoader Loading environment from /home/runner/work/key/key/key.core/../key.ui/examples/heap/permissions/threads/Fib_joinTransfer_contract.key.proof 
357939     DEBUG main            d.u.i.k.p.i.AbstractProblemLoader Environment load took 96.2ns 
357939     INFO  main            d.u.i.k.p.i.AbstractProblemLoader Creating init config 
362204     DEBUG main            d.u.i.k.p.i.AbstractProblemLoader Init config took 4.26s 
362283     INFO  main            d.u.i.k.p.i.AbstractProblemLoader Replaying proof Fib[ThreadSpec::joinTransfer()].JML model_behavior operation contract.0 
362291     DEBUG main            d.u.i.k.p.i.IntermediateProofReplayer Proof replay took 6ms 
362292     DEBUG main            d.u.i.k.p.r.p.TestFile    ... success: reloaded. 
362293     INFO  main            d.u.i.k.p.r.p.TestFile    Now processing file /home/runner/work/key/key/key.core/../key.ui/examples/heap/permissions/threads/Fib_postJoin_accessible.key 
362293     INFO  main            d.u.i.k.p.i.AbstractProblemLoader Loading environment from /home/runner/work/key/key/key.core/../key.ui/examples/heap/permissions/threads/Fib_postJoin_accessible.key 
362293     DEBUG main            d.u.i.k.p.i.AbstractProblemLoader Environment load took 129.2ns 
362294     INFO  main            d.u.i.k.p.i.AbstractProblemLoader Creating init config 
366629     DEBUG main            d.u.i.k.p.i.AbstractProblemLoader Init config took 4.34s 
366704     INFO  main            d.u.i.k.p.i.AbstractProblemLoader Replaying proof Fib[ThreadSpec::postJoin(java.lang.Object)].JML accessible clause.0 
366705     DEBUG main            d.u.i.k.p.i.IntermediateProofReplayer Proof replay took 7.1ns 
366807     INFO  main            d.u.i.k.p.r.p.TestFile    ... finished proof: closed. 
367203     INFO  main            d.u.i.k.p.i.AbstractProblemLoader Loading environment from /home/runner/work/key/key/key.core/../key.ui/examples/heap/permissions/threads/Fib_postJoin_accessible.key.proof 
367203     DEBUG main            d.u.i.k.p.i.AbstractProblemLoader Environment load took 107.9ns 
367204     INFO  main            d.u.i.k.p.i.AbstractProblemLoader Creating init config 
371461     DEBUG main            d.u.i.k.p.i.AbstractProblemLoader Init config took 4.26s 
371536     INFO  main            d.u.i.k.p.i.AbstractProblemLoader Replaying proof Fib[ThreadSpec::postJoin(java.lang.Object)].JML accessible clause.0 
371541     DEBUG main            d.u.i.k.p.i.IntermediateProofReplayer Proof replay took 3.97ms 
371542     DEBUG main            d.u.i.k.p.r.p.TestFile    ... success: reloaded. 
371543     INFO  main            d.u.i.k.p.r.p.TestFile    Now processing file /home/runner/work/key/key/key.core/../key.ui/examples/heap/permissions/threads/Fib_preStart_accessible.key 
371543     INFO  main            d.u.i.k.p.i.AbstractProblemLoader Loading environment from /home/runner/work/key/key/key.core/../key.ui/examples/heap/permissions/threads/Fib_preStart_accessible.key 
371543     DEBUG main            d.u.i.k.p.i.AbstractProblemLoader Environment load took 61.3ns 
371544     INFO  main            d.u.i.k.p.i.AbstractProblemLoader Creating init config 
375902     DEBUG main            d.u.i.k.p.i.AbstractProblemLoader Init config took 4.36s 
375977     INFO  main            d.u.i.k.p.i.AbstractProblemLoader Replaying proof Fib[ThreadSpec::preStart(java.lang.Object)].JML accessible clause.0 
375978     DEBUG main            d.u.i.k.p.i.IntermediateProofReplayer Proof replay took 7.3ns 
376079     INFO  main            d.u.i.k.p.r.p.TestFile    ... finished proof: closed. 
376486     INFO  main            d.u.i.k.p.i.AbstractProblemLoader Loading environment from /home/runner/work/key/key/key.core/../key.ui/examples/heap/permissions/threads/Fib_preStart_accessible.key.proof 
376486     DEBUG main            d.u.i.k.p.i.AbstractProblemLoader Environment load took 101.8ns 
376487     INFO  main            d.u.i.k.p.i.AbstractProblemLoader Creating init config 
380743     DEBUG main            d.u.i.k.p.i.AbstractProblemLoader Init config took 4.26s 
380818     INFO  main            d.u.i.k.p.i.AbstractProblemLoader Replaying proof Fib[ThreadSpec::preStart(java.lang.Object)].JML accessible clause.0 
380824     DEBUG main            d.u.i.k.p.i.IntermediateProofReplayer Proof replay took 4.75ms 
380825     DEBUG main            d.u.i.k.p.r.p.TestFile    ... success: reloaded. 
380826     INFO  main            d.u.i.k.p.r.p.TestFile    Now processing file /home/runner/work/key/key/key.core/../key.ui/examples/heap/permissions/threads/Fib_startTransfer_accessible.key 
380826     INFO  main            d.u.i.k.p.i.AbstractProblemLoader Loading environment from /home/runner/work/key/key/key.core/../key.ui/examples/heap/permissions/threads/Fib_startTransfer_accessible.key 
380826     DEBUG main            d.u.i.k.p.i.AbstractProblemLoader Environment load took 88.6ns 
380827     INFO  main            d.u.i.k.p.i.AbstractProblemLoader Creating init config 
385154     DEBUG main            d.u.i.k.p.i.AbstractProblemLoader Init config took 4.33s 
385244     INFO  main            d.u.i.k.p.i.AbstractProblemLoader Replaying proof Fib[ThreadSpec::startTransfer()].JML accessible clause.0 
385246     DEBUG main            d.u.i.k.p.i.IntermediateProofReplayer Proof replay took 7.8ns 
385448     INFO  main            d.u.i.k.p.r.p.TestFile    ... finished proof: closed. 
385876     INFO  main            d.u.i.k.p.i.AbstractProblemLoader Loading environment from /home/runner/work/key/key/key.core/../key.ui/examples/heap/permissions/threads/Fib_startTransfer_accessible.key.proof 
385876     DEBUG main            d.u.i.k.p.i.AbstractProblemLoader Environment load took 97.7ns 
385877     INFO  main            d.u.i.k.p.i.AbstractProblemLoader Creating init config 
390162     DEBUG main            d.u.i.k.p.i.AbstractProblemLoader Init config took 4.29s 
390256     INFO  main            d.u.i.k.p.i.AbstractProblemLoader Replaying proof Fib[ThreadSpec::startTransfer()].JML accessible clause.0 
390276     DEBUG main            d.u.i.k.p.i.IntermediateProofReplayer Proof replay took 18.04ms 
390277     DEBUG main            d.u.i.k.p.r.p.TestFile    ... success: reloaded. 
390278     INFO  main            d.u.i.k.p.r.p.TestFile    Now processing file /home/runner/work/key/key/key.core/../key.ui/examples/heap/permissions/threads/Fib_startTransfer_contract.key 
390278     INFO  main            d.u.i.k.p.i.AbstractProblemLoader Loading environment from /home/runner/work/key/key/key.core/../key.ui/examples/heap/permissions/threads/Fib_startTransfer_contract.key 
390278     DEBUG main            d.u.i.k.p.i.AbstractProblemLoader Environment load took 79ns 
390279     INFO  main            d.u.i.k.p.i.AbstractProblemLoader Creating init config 
394645     DEBUG main            d.u.i.k.p.i.AbstractProblemLoader Init config took 4.37s 
394721     INFO  main            d.u.i.k.p.i.AbstractProblemLoader Replaying proof Fib[ThreadSpec::startTransfer()].JML model_behavior operation contract.0 
394723     DEBUG main            d.u.i.k.p.i.IntermediateProofReplayer Proof replay took 7.5ns 
394824     INFO  main            d.u.i.k.p.r.p.TestFile    ... finished proof: closed. 
395287     INFO  main            d.u.i.k.p.i.AbstractProblemLoader Loading environment from /home/runner/work/key/key/key.core/../key.ui/examples/heap/permissions/threads/Fib_startTransfer_contract.key.proof 
395287     DEBUG main            d.u.i.k.p.i.AbstractProblemLoader Environment load took 99ns 
395288     INFO  main            d.u.i.k.p.i.AbstractProblemLoader Creating init config 
399560     DEBUG main            d.u.i.k.p.i.AbstractProblemLoader Init config took 4.27s 
399647     INFO  main            d.u.i.k.p.i.AbstractProblemLoader Replaying proof Fib[ThreadSpec::startTransfer()].JML model_behavior operation contract.0 
399655     DEBUG main            d.u.i.k.p.i.IntermediateProofReplayer Proof replay took 6.06ms 
399655     DEBUG main            d.u.i.k.p.r.p.TestFile    ... success: reloaded. 
399656     INFO  main            d.u.i.k.p.r.p.TestFile    Now processing file /home/runner/work/key/key/key.core/../key.ui/examples/heap/permissions/threads/Fib_workingPermissions_accessible.key 
399656     INFO  main            d.u.i.k.p.i.AbstractProblemLoader Loading environment from /home/runner/work/key/key/key.core/../key.ui/examples/heap/permissions/threads/Fib_workingPermissions_accessible.key 
399657     DEBUG main            d.u.i.k.p.i.AbstractProblemLoader Environment load took 46.3ns 
399657     INFO  main            d.u.i.k.p.i.AbstractProblemLoader Creating init config 
403986     DEBUG main            d.u.i.k.p.i.AbstractProblemLoader Init config took 4.33s 
404060     INFO  main            d.u.i.k.p.i.AbstractProblemLoader Replaying proof Fib[ThreadSpec::workingPermissions()].JML accessible clause.0 
404062     DEBUG main            d.u.i.k.p.i.IntermediateProofReplayer Proof replay took 7.7ns 
404164     INFO  main            d.u.i.k.p.r.p.TestFile    ... finished proof: closed. 
404590     INFO  main            d.u.i.k.p.i.AbstractProblemLoader Loading environment from /home/runner/work/key/key/key.core/../key.ui/examples/heap/permissions/threads/Fib_workingPermissions_accessible.key.proof 
404591     DEBUG main            d.u.i.k.p.i.AbstractProblemLoader Environment load took 121.5ns 
404591     INFO  main            d.u.i.k.p.i.AbstractProblemLoader Creating init config 
408874     DEBUG main            d.u.i.k.p.i.AbstractProblemLoader Init config took 4.28s 
408950     INFO  main            d.u.i.k.p.i.AbstractProblemLoader Replaying proof Fib[ThreadSpec::workingPermissions()].JML accessible clause.0 
408953     DEBUG main            d.u.i.k.p.i.IntermediateProofReplayer Proof replay took 1.7ms 
408954     DEBUG main            d.u.i.k.p.r.p.TestFile    ... success: reloaded. 
408955     INFO  main            d.u.i.k.p.r.p.TestFile    Now processing file /home/runner/work/key/key/key.core/../key.ui/examples/heap/permissions/threads/Plotter_initPost_accessible.key 
408955     INFO  main            d.u.i.k.p.i.AbstractProblemLoader Loading environment from /home/runner/work/key/key/key.core/../key.ui/examples/heap/permissions/threads/Plotter_initPost_accessible.key 
408955     DEBUG main            d.u.i.k.p.i.AbstractProblemLoader Environment load took 60.3ns 
408956     INFO  main            d.u.i.k.p.i.AbstractProblemLoader Creating init config 
413287     DEBUG main            d.u.i.k.p.i.AbstractProblemLoader Init config took 4.33s 
413365     INFO  main            d.u.i.k.p.i.AbstractProblemLoader Replaying proof Plotter[ThreadSpec2::initPost()].JML accessible clause.0 
413366     DEBUG main            d.u.i.k.p.i.IntermediateProofReplayer Proof replay took 7ns 
413468     INFO  main            d.u.i.k.p.r.p.TestFile    ... finished proof: closed. 
413902     INFO  main            d.u.i.k.p.i.AbstractProblemLoader Loading environment from /home/runner/work/key/key/key.core/../key.ui/examples/heap/permissions/threads/Plotter_initPost_accessible.key.proof 
413902     DEBUG main            d.u.i.k.p.i.AbstractProblemLoader Environment load took 93.3ns 
413903     INFO  main            d.u.i.k.p.i.AbstractProblemLoader Creating init config 
418193     DEBUG main            d.u.i.k.p.i.AbstractProblemLoader Init config took 4.29s 
418272     INFO  main            d.u.i.k.p.i.AbstractProblemLoader Replaying proof Plotter[ThreadSpec2::initPost()].JML accessible clause.0 
418284     DEBUG main            d.u.i.k.p.i.IntermediateProofReplayer Proof replay took 9.08ms 
418285     DEBUG main            d.u.i.k.p.r.p.TestFile    ... success: reloaded. 
418286     INFO  main            d.u.i.k.p.r.p.TestFile    Now processing file /home/runner/work/key/key/key.core/../key.ui/examples/heap/permissions/threads/Plotter_inv_accessible1.key 
418286     INFO  main            d.u.i.k.p.i.AbstractProblemLoader Loading environment from /home/runner/work/key/key/key.core/../key.ui/examples/heap/permissions/threads/Plotter_inv_accessible1.key 
418286     DEBUG main            d.u.i.k.p.i.AbstractProblemLoader Environment load took 72ns 
418287     INFO  main            d.u.i.k.p.i.AbstractProblemLoader Creating init config 
422647     DEBUG main            d.u.i.k.p.i.AbstractProblemLoader Init config took 4.36s 
422739     INFO  main            d.u.i.k.p.i.AbstractProblemLoader Replaying proof Plotter[java.lang.Object::<inv>()].JML accessible clause.0 
422740     DEBUG main            d.u.i.k.p.i.IntermediateProofReplayer Proof replay took 6.7ns 
422842     INFO  main            d.u.i.k.p.r.p.TestFile    ... finished proof: closed. 
423280     INFO  main            d.u.i.k.p.i.AbstractProblemLoader Loading environment from /home/runner/work/key/key/key.core/../key.ui/examples/heap/permissions/threads/Plotter_inv_accessible1.key.proof 
423280     DEBUG main            d.u.i.k.p.i.AbstractProblemLoader Environment load took 83.8ns 
423281     INFO  main            d.u.i.k.p.i.AbstractProblemLoader Creating init config 
427581     DEBUG main            d.u.i.k.p.i.AbstractProblemLoader Init config took 4.3s 
427656     INFO  main            d.u.i.k.p.i.AbstractProblemLoader Replaying proof Plotter[java.lang.Object::<inv>()].JML accessible clause.0 
427659     DEBUG main            d.u.i.k.p.i.IntermediateProofReplayer Proof replay took 1.4ms 
427660     DEBUG main            d.u.i.k.p.r.p.TestFile    ... success: reloaded. 
427661     INFO  main            d.u.i.k.p.r.p.TestFile    Now processing file /home/runner/work/key/key/key.core/../key.ui/examples/heap/permissions/threads/Plotter_inv_accessible2.key 
427661     INFO  main            d.u.i.k.p.i.AbstractProblemLoader Loading environment from /home/runner/work/key/key/key.core/../key.ui/examples/heap/permissions/threads/Plotter_inv_accessible2.key 
427661     DEBUG main            d.u.i.k.p.i.AbstractProblemLoader Environment load took 44.9ns 
427662     INFO  main            d.u.i.k.p.i.AbstractProblemLoader Creating init config 
432013     DEBUG main            d.u.i.k.p.i.AbstractProblemLoader Init config took 4.35s 
432104     INFO  main            d.u.i.k.p.i.AbstractProblemLoader Replaying proof Plotter[java.lang.Object::<inv>()].JML accessible clause.1 
432105     DEBUG main            d.u.i.k.p.i.IntermediateProofReplayer Proof replay took 8.1ns 
432208     INFO  main            d.u.i.k.p.r.p.TestFile    ... finished proof: closed. 
432651     INFO  main            d.u.i.k.p.i.AbstractProblemLoader Loading environment from /home/runner/work/key/key/key.core/../key.ui/examples/heap/permissions/threads/Plotter_inv_accessible2.key.proof 
432652     DEBUG main            d.u.i.k.p.i.AbstractProblemLoader Environment load took 89.3ns 
432652     INFO  main            d.u.i.k.p.i.AbstractProblemLoader Creating init config 
436941     DEBUG main            d.u.i.k.p.i.AbstractProblemLoader Init config took 4.29s 
437016     INFO  main            d.u.i.k.p.i.AbstractProblemLoader Replaying proof Plotter[java.lang.Object::<inv>()].JML accessible clause.1 
437019     DEBUG main            d.u.i.k.p.i.IntermediateProofReplayer Proof replay took 1.4ms 
437019     DEBUG main            d.u.i.k.p.r.p.TestFile    ... success: reloaded. 
437020     INFO  main            d.u.i.k.p.r.p.TestFile    Now processing file /home/runner/work/key/key/key.core/../key.ui/examples/heap/permissions/threads/Plotter_joinTransfer_contract.key 
437021     INFO  main            d.u.i.k.p.i.AbstractProblemLoader Loading environment from /home/runner/work/key/key/key.core/../key.ui/examples/heap/permissions/threads/Plotter_joinTransfer_contract.key 
437021     DEBUG main            d.u.i.k.p.i.AbstractProblemLoader Environment load took 46.9ns 
437021     INFO  main            d.u.i.k.p.i.AbstractProblemLoader Creating init config 
441370     DEBUG main            d.u.i.k.p.i.AbstractProblemLoader Init config took 4.35s 
441448     INFO  main            d.u.i.k.p.i.AbstractProblemLoader Replaying proof Plotter[ThreadSpec2::joinTransfer()].JML model_behavior operation contract.0 
441449     DEBUG main            d.u.i.k.p.i.IntermediateProofReplayer Proof replay took 7.2ns 
441550     INFO  main            d.u.i.k.p.r.p.TestFile    ... finished proof: closed. 
442024     INFO  main            d.u.i.k.p.i.AbstractProblemLoader Loading environment from /home/runner/work/key/key/key.core/../key.ui/examples/heap/permissions/threads/Plotter_joinTransfer_contract.key.proof 
442024     DEBUG main            d.u.i.k.p.i.AbstractProblemLoader Environment load took 88.7ns 
442025     INFO  main            d.u.i.k.p.i.AbstractProblemLoader Creating init config 
446284     DEBUG main            d.u.i.k.p.i.AbstractProblemLoader Init config took 4.26s 
446360     INFO  main            d.u.i.k.p.i.AbstractProblemLoader Replaying proof Plotter[ThreadSpec2::joinTransfer()].JML model_behavior operation contract.0 
446368     DEBUG main            d.u.i.k.p.i.IntermediateProofReplayer Proof replay took 6.63ms 
446368     DEBUG main            d.u.i.k.p.r.p.TestFile    ... success: reloaded. 
446369     INFO  main            d.u.i.k.p.r.p.TestFile    Now processing file /home/runner/work/key/key/key.core/../key.ui/examples/heap/permissions/threads/Plotter_Plotter.key 
446369     INFO  main            d.u.i.k.p.i.AbstractProblemLoader Loading environment from /home/runner/work/key/key/key.core/../key.ui/examples/heap/permissions/threads/Plotter_Plotter.key 
446369     DEBUG main            d.u.i.k.p.i.AbstractProblemLoader Environment load took 46.4ns 
446370     INFO  main            d.u.i.k.p.i.AbstractProblemLoader Creating init config 
450736     DEBUG main            d.u.i.k.p.i.AbstractProblemLoader Init config took 4.37s 
450813     INFO  main            d.u.i.k.p.i.AbstractProblemLoader Replaying proof Plotter[Plotter::Plotter(AFilter,BFilter,Buffer)].JML normal_behavior operation contract.0 
450814     DEBUG main            d.u.i.k.p.i.IntermediateProofReplayer Proof replay took 7.9ns 
452529     INFO  main            d.u.i.k.p.r.p.TestFile    ... finished proof: closed. 
452994     INFO  main            d.u.i.k.p.i.AbstractProblemLoader Loading environment from /home/runner/work/key/key/key.core/../key.ui/examples/heap/permissions/threads/Plotter_Plotter.key.proof 
452994     DEBUG main            d.u.i.k.p.i.AbstractProblemLoader Environment load took 90.7ns 
452995     INFO  main            d.u.i.k.p.i.AbstractProblemLoader Creating init config 
457277     DEBUG main            d.u.i.k.p.i.AbstractProblemLoader Init config took 4.28s 
457366     INFO  main            d.u.i.k.p.i.AbstractProblemLoader Replaying proof Plotter[Plotter::Plotter(AFilter,BFilter,Buffer)].JML normal_behavior operation contract.0 
457523     DEBUG main            d.u.i.k.p.i.IntermediateProofReplayer Proof replay took 151.96ms 
457524     DEBUG main            d.u.i.k.p.r.p.TestFile    ... success: reloaded. 
457525     INFO  main            d.u.i.k.p.r.p.TestFile    Now processing file /home/runner/work/key/key/key.core/../key.ui/examples/heap/permissions/threads/Plotter_postJoin_accessible.key 
457525     INFO  main            d.u.i.k.p.i.AbstractProblemLoader Loading environment from /home/runner/work/key/key/key.core/../key.ui/examples/heap/permissions/threads/Plotter_postJoin_accessible.key 
457525     DEBUG main            d.u.i.k.p.i.AbstractProblemLoader Environment load took 49.7ns 
457526     INFO  main            d.u.i.k.p.i.AbstractProblemLoader Creating init config 
461918     DEBUG main            d.u.i.k.p.i.AbstractProblemLoader Init config took 4.39s 
461994     INFO  main            d.u.i.k.p.i.AbstractProblemLoader Replaying proof Plotter[ThreadSpec2::postJoin(java.lang.Object)].JML accessible clause.0 
461995     DEBUG main            d.u.i.k.p.i.IntermediateProofReplayer Proof replay took 7.7ns 
462096     INFO  main            d.u.i.k.p.r.p.TestFile    ... finished proof: closed. 
462565     INFO  main            d.u.i.k.p.i.AbstractProblemLoader Loading environment from /home/runner/work/key/key/key.core/../key.ui/examples/heap/permissions/threads/Plotter_postJoin_accessible.key.proof 
462565     DEBUG main            d.u.i.k.p.i.AbstractProblemLoader Environment load took 85.8ns 
462566     INFO  main            d.u.i.k.p.i.AbstractProblemLoader Creating init config 
466817     DEBUG main            d.u.i.k.p.i.AbstractProblemLoader Init config took 4.25s 
466892     INFO  main            d.u.i.k.p.i.AbstractProblemLoader Replaying proof Plotter[ThreadSpec2::postJoin(java.lang.Object)].JML accessible clause.0 
466902     DEBUG main            d.u.i.k.p.i.IntermediateProofReplayer Proof replay took 8.63ms 
466903     DEBUG main            d.u.i.k.p.r.p.TestFile    ... success: reloaded. 
466904     INFO  main            d.u.i.k.p.r.p.TestFile    Now processing file /home/runner/work/key/key/key.core/../key.ui/examples/heap/permissions/threads/Plotter_preStart_accessible.key 
466904     INFO  main            d.u.i.k.p.i.AbstractProblemLoader Loading environment from /home/runner/work/key/key/key.core/../key.ui/examples/heap/permissions/threads/Plotter_preStart_accessible.key 
466904     DEBUG main            d.u.i.k.p.i.AbstractProblemLoader Environment load took 74ns 
466905     INFO  main            d.u.i.k.p.i.AbstractProblemLoader Creating init config 
471250     DEBUG main            d.u.i.k.p.i.AbstractProblemLoader Init config took 4.35s 
471340     INFO  main            d.u.i.k.p.i.AbstractProblemLoader Replaying proof Plotter[ThreadSpec2::preStart(java.lang.Object)].JML accessible clause.0 
471342     DEBUG main            d.u.i.k.p.i.IntermediateProofReplayer Proof replay took 8.2ns 
472345     INFO  main            d.u.i.k.p.r.p.TestFile    ... finished proof: closed. 
472846     INFO  main            d.u.i.k.p.i.AbstractProblemLoader Loading environment from /home/runner/work/key/key/key.core/../key.ui/examples/heap/permissions/threads/Plotter_preStart_accessible.key.proof 
472846     DEBUG main            d.u.i.k.p.i.AbstractProblemLoader Environment load took 97ns 
472847     INFO  main            d.u.i.k.p.i.AbstractProblemLoader Creating init config 
477122     DEBUG main            d.u.i.k.p.i.AbstractProblemLoader Init config took 4.27s 
477197     INFO  main            d.u.i.k.p.i.AbstractProblemLoader Replaying proof Plotter[ThreadSpec2::preStart(java.lang.Object)].JML accessible clause.0 
477248     DEBUG main            d.u.i.k.p.i.IntermediateProofReplayer Proof replay took 47.33ms 
477249     DEBUG main            d.u.i.k.p.r.p.TestFile    ... success: reloaded. 
477249     INFO  main            d.u.i.k.p.r.p.TestFile    Now processing file /home/runner/work/key/key/key.core/../key.ui/examples/heap/permissions/threads/Plotter_stateInv_accessible.key 
477250     INFO  main            d.u.i.k.p.i.AbstractProblemLoader Loading environment from /home/runner/work/key/key/key.core/../key.ui/examples/heap/permissions/threads/Plotter_stateInv_accessible.key 
477250     DEBUG main            d.u.i.k.p.i.AbstractProblemLoader Environment load took 76.5ns 
477250     INFO  main            d.u.i.k.p.i.AbstractProblemLoader Creating init config 
481609     DEBUG main            d.u.i.k.p.i.AbstractProblemLoader Init config took 4.36s 
481702     INFO  main            d.u.i.k.p.i.AbstractProblemLoader Replaying proof Plotter[ThreadSpec2::stateInv()].JML accessible clause.0 
481704     DEBUG main            d.u.i.k.p.i.IntermediateProofReplayer Proof replay took 8.7ns 
489269     INFO  main            d.u.i.k.p.r.p.TestFile    ... finished proof: closed. 
489785     INFO  main            d.u.i.k.p.i.AbstractProblemLoader Loading environment from /home/runner/work/key/key/key.core/../key.ui/examples/heap/permissions/threads/Plotter_stateInv_accessible.key.proof 
489785     DEBUG main            d.u.i.k.p.i.AbstractProblemLoader Environment load took 315.61ns 
489787     INFO  main            d.u.i.k.p.i.AbstractProblemLoader Creating init config 
494077     DEBUG main            d.u.i.k.p.i.AbstractProblemLoader Init config took 4.29s 
494153     INFO  main            d.u.i.k.p.i.AbstractProblemLoader Replaying proof Plotter[ThreadSpec2::stateInv()].JML accessible clause.0 
494541     DEBUG main            d.u.i.k.p.i.IntermediateProofReplayer Proof replay took 373.21ms 
494543     DEBUG main            d.u.i.k.p.r.p.TestFile    ... success: reloaded. 
494544     INFO  main            d.u.i.k.p.r.p.TestFile    Now processing file /home/runner/work/key/key/key.core/../key.ui/examples/heap/permissions/threads/Plotter_staticPermissions_accessible.key 
494544     INFO  main            d.u.i.k.p.i.AbstractProblemLoader Loading environment from /home/runner/work/key/key/key.core/../key.ui/examples/heap/permissions/threads/Plotter_staticPermissions_accessible.key 
494544     DEBUG main            d.u.i.k.p.i.AbstractProblemLoader Environment load took 81.6ns 
494545     INFO  main            d.u.i.k.p.i.AbstractProblemLoader Creating init config 
498889     DEBUG main            d.u.i.k.p.i.AbstractProblemLoader Init config took 4.34s 
498964     INFO  main            d.u.i.k.p.i.AbstractProblemLoader Replaying proof Plotter[ThreadSpec2::staticPermissions()].JML accessible clause.0 
498965     DEBUG main            d.u.i.k.p.i.IntermediateProofReplayer Proof replay took 42.3ns 
499870     INFO  main            d.u.i.k.p.r.p.TestFile    ... finished proof: closed. 
500351     INFO  main            d.u.i.k.p.i.AbstractProblemLoader Loading environment from /home/runner/work/key/key/key.core/../key.ui/examples/heap/permissions/threads/Plotter_staticPermissions_accessible.key.proof 
500351     DEBUG main            d.u.i.k.p.i.AbstractProblemLoader Environment load took 89.5ns 
500352     INFO  main            d.u.i.k.p.i.AbstractProblemLoader Creating init config 
504597     DEBUG main            d.u.i.k.p.i.AbstractProblemLoader Init config took 4.25s 
504673     INFO  main            d.u.i.k.p.i.AbstractProblemLoader Replaying proof Plotter[ThreadSpec2::staticPermissions()].JML accessible clause.0 
504715     DEBUG main            d.u.i.k.p.i.IntermediateProofReplayer Proof replay took 39.61ms 
504716     DEBUG main            d.u.i.k.p.r.p.TestFile    ... success: reloaded. 
504717     INFO  main            d.u.i.k.p.r.p.TestFile    Now processing file /home/runner/work/key/key/key.core/../key.ui/examples/heap/permissions/threads/Plotter_workingPermissions_accessible.key 
504717     INFO  main            d.u.i.k.p.i.AbstractProblemLoader Loading environment from /home/runner/work/key/key/key.core/../key.ui/examples/heap/permissions/threads/Plotter_workingPermissions_accessible.key 
504718     DEBUG main            d.u.i.k.p.i.AbstractProblemLoader Environment load took 75ns 
504718     INFO  main            d.u.i.k.p.i.AbstractProblemLoader Creating init config 
509046     DEBUG main            d.u.i.k.p.i.AbstractProblemLoader Init config took 4.33s 
509121     INFO  main            d.u.i.k.p.i.AbstractProblemLoader Replaying proof Plotter[ThreadSpec2::workingPermissions()].JML accessible clause.0 
509122     DEBUG main            d.u.i.k.p.i.IntermediateProofReplayer Proof replay took 3ns 
509324     INFO  main            d.u.i.k.p.r.p.TestFile    ... finished proof: closed. 
509831     INFO  main            d.u.i.k.p.i.AbstractProblemLoader Loading environment from /home/runner/work/key/key/key.core/../key.ui/examples/heap/permissions/threads/Plotter_workingPermissions_accessible.key.proof 
509832     DEBUG main            d.u.i.k.p.i.AbstractProblemLoader Environment load took 87.5ns 
509832     INFO  main            d.u.i.k.p.i.AbstractProblemLoader Creating init config 
514112     DEBUG main            d.u.i.k.p.i.AbstractProblemLoader Init config took 4.28s 
514188     INFO  main            d.u.i.k.p.i.AbstractProblemLoader Replaying proof Plotter[ThreadSpec2::workingPermissions()].JML accessible clause.0 
514201     DEBUG main            d.u.i.k.p.i.IntermediateProofReplayer Proof replay took 11.18ms 
514202     DEBUG main            d.u.i.k.p.r.p.TestFile    ... success: reloaded. 
514203     INFO  main            d.u.i.k.p.r.p.TestFile    Now processing file /home/runner/work/key/key/key.core/../key.ui/examples/heap/permissions/threads/Sampler_initPost_accessible.key 
514203     INFO  main            d.u.i.k.p.i.AbstractProblemLoader Loading environment from /home/runner/work/key/key/key.core/../key.ui/examples/heap/permissions/threads/Sampler_initPost_accessible.key 
514203     DEBUG main            d.u.i.k.p.i.AbstractProblemLoader Environment load took 45.8ns 
514204     INFO  main            d.u.i.k.p.i.AbstractProblemLoader Creating init config 
518561     DEBUG main            d.u.i.k.p.i.AbstractProblemLoader Init config took 4.36s 
518637     INFO  main            d.u.i.k.p.i.AbstractProblemLoader Replaying proof Sampler[ThreadSpec2::initPost()].JML accessible clause.0 
518639     DEBUG main            d.u.i.k.p.i.IntermediateProofReplayer Proof replay took 3.5ns 
518740     INFO  main            d.u.i.k.p.r.p.TestFile    ... finished proof: closed. 
519243     INFO  main            d.u.i.k.p.i.AbstractProblemLoader Loading environment from /home/runner/work/key/key/key.core/../key.ui/examples/heap/permissions/threads/Sampler_initPost_accessible.key.proof 
519243     DEBUG main            d.u.i.k.p.i.AbstractProblemLoader Environment load took 89.8ns 
519243     INFO  main            d.u.i.k.p.i.AbstractProblemLoader Creating init config 
523517     DEBUG main            d.u.i.k.p.i.AbstractProblemLoader Init config took 4.27s 
523597     INFO  main            d.u.i.k.p.i.AbstractProblemLoader Replaying proof Sampler[ThreadSpec2::initPost()].JML accessible clause.0 
523602     DEBUG main            d.u.i.k.p.i.IntermediateProofReplayer Proof replay took 4.16ms 
523603     DEBUG main            d.u.i.k.p.r.p.TestFile    ... success: reloaded. 
523604     INFO  main            d.u.i.k.p.r.p.TestFile    Now processing file /home/runner/work/key/key/key.core/../key.ui/examples/heap/permissions/threads/Sampler_inv_accessible1.key 
523605     INFO  main            d.u.i.k.p.i.AbstractProblemLoader Loading environment from /home/runner/work/key/key/key.core/../key.ui/examples/heap/permissions/threads/Sampler_inv_accessible1.key 
523605     DEBUG main            d.u.i.k.p.i.AbstractProblemLoader Environment load took 144.3ns 
523605     INFO  main            d.u.i.k.p.i.AbstractProblemLoader Creating init config 
527937     DEBUG main            d.u.i.k.p.i.AbstractProblemLoader Init config took 4.33s 
528028     INFO  main            d.u.i.k.p.i.AbstractProblemLoader Replaying proof Sampler[java.lang.Object::<inv>()].JML accessible clause.0 
528029     DEBUG main            d.u.i.k.p.i.IntermediateProofReplayer Proof replay took 3.6ns 
528131     INFO  main            d.u.i.k.p.r.p.TestFile    ... finished proof: closed. 
528629     INFO  main            d.u.i.k.p.i.AbstractProblemLoader Loading environment from /home/runner/work/key/key/key.core/../key.ui/examples/heap/permissions/threads/Sampler_inv_accessible1.key.proof 
528629     DEBUG main            d.u.i.k.p.i.AbstractProblemLoader Environment load took 83.8ns 
528629     INFO  main            d.u.i.k.p.i.AbstractProblemLoader Creating init config 
532918     DEBUG main            d.u.i.k.p.i.AbstractProblemLoader Init config took 4.29s 
532993     INFO  main            d.u.i.k.p.i.AbstractProblemLoader Replaying proof Sampler[java.lang.Object::<inv>()].JML accessible clause.0 
532995     DEBUG main            d.u.i.k.p.i.IntermediateProofReplayer Proof replay took 1.33ms 
532996     DEBUG main            d.u.i.k.p.r.p.TestFile    ... success: reloaded. 
532997     INFO  main            d.u.i.k.p.r.p.TestFile    Now processing file /home/runner/work/key/key/key.core/../key.ui/examples/heap/permissions/threads/Sampler_inv_accessible2.key 
532997     INFO  main            d.u.i.k.p.i.AbstractProblemLoader Loading environment from /home/runner/work/key/key/key.core/../key.ui/examples/heap/permissions/threads/Sampler_inv_accessible2.key 
532997     DEBUG main            d.u.i.k.p.i.AbstractProblemLoader Environment load took 44ns 
532998     INFO  main            d.u.i.k.p.i.AbstractProblemLoader Creating init config 
537330     DEBUG main            d.u.i.k.p.i.AbstractProblemLoader Init config took 4.33s 
537405     INFO  main            d.u.i.k.p.i.AbstractProblemLoader Replaying proof Sampler[java.lang.Object::<inv>()].JML accessible clause.1 
537406     DEBUG main            d.u.i.k.p.i.IntermediateProofReplayer Proof replay took 3.1ns 
537507     INFO  main            d.u.i.k.p.r.p.TestFile    ... finished proof: closed. 
538018     INFO  main            d.u.i.k.p.i.AbstractProblemLoader Loading environment from /home/runner/work/key/key/key.core/../key.ui/examples/heap/permissions/threads/Sampler_inv_accessible2.key.proof 
538018     DEBUG main            d.u.i.k.p.i.AbstractProblemLoader Environment load took 84.2ns 
538019     INFO  main            d.u.i.k.p.i.AbstractProblemLoader Creating init config 
542298     DEBUG main            d.u.i.k.p.i.AbstractProblemLoader Init config took 4.28s 
542373     INFO  main            d.u.i.k.p.i.AbstractProblemLoader Replaying proof Sampler[java.lang.Object::<inv>()].JML accessible clause.1 
542375     DEBUG main            d.u.i.k.p.i.IntermediateProofReplayer Proof replay took 1.32ms 
542376     DEBUG main            d.u.i.k.p.r.p.TestFile    ... success: reloaded. 
542377     INFO  main            d.u.i.k.p.r.p.TestFile    Now processing file /home/runner/work/key/key/key.core/../key.ui/examples/heap/permissions/threads/Sampler_joinTransfer_accessible.key 
542377     INFO  main            d.u.i.k.p.i.AbstractProblemLoader Loading environment from /home/runner/work/key/key/key.core/../key.ui/examples/heap/permissions/threads/Sampler_joinTransfer_accessible.key 
542377     DEBUG main            d.u.i.k.p.i.AbstractProblemLoader Environment load took 66.4ns 
542378     INFO  main            d.u.i.k.p.i.AbstractProblemLoader Creating init config 
546700     DEBUG main            d.u.i.k.p.i.AbstractProblemLoader Init config took 4.32s 
546775     INFO  main            d.u.i.k.p.i.AbstractProblemLoader Replaying proof Sampler[ThreadSpec2::joinTransfer()].JML accessible clause.0 
546776     DEBUG main            d.u.i.k.p.i.IntermediateProofReplayer Proof replay took 3ns 
550011     INFO  main            d.u.i.k.p.r.p.TestFile    ... finished proof: closed. 
550550     INFO  main            d.u.i.k.p.i.AbstractProblemLoader Loading environment from /home/runner/work/key/key/key.core/../key.ui/examples/heap/permissions/threads/Sampler_joinTransfer_accessible.key.proof 
550550     DEBUG main            d.u.i.k.p.i.AbstractProblemLoader Environment load took 149.2ns 
550552     INFO  main            d.u.i.k.p.i.AbstractProblemLoader Creating init config 
554841     DEBUG main            d.u.i.k.p.i.AbstractProblemLoader Init config took 4.29s 
554916     INFO  main            d.u.i.k.p.i.AbstractProblemLoader Replaying proof Sampler[ThreadSpec2::joinTransfer()].JML accessible clause.0 
555359     DEBUG main            d.u.i.k.p.i.IntermediateProofReplayer Proof replay took 432.05ms 
555361     DEBUG main            d.u.i.k.p.r.p.TestFile    ... success: reloaded. 
555361     INFO  main            d.u.i.k.p.r.p.TestFile    Now processing file /home/runner/work/key/key/key.core/../key.ui/examples/heap/permissions/threads/Sampler_joinTransfer_contract.key 
555362     INFO  main            d.u.i.k.p.i.AbstractProblemLoader Loading environment from /home/runner/work/key/key/key.core/../key.ui/examples/heap/permissions/threads/Sampler_joinTransfer_contract.key 
555362     DEBUG main            d.u.i.k.p.i.AbstractProblemLoader Environment load took 48.7ns 
555362     INFO  main            d.u.i.k.p.i.AbstractProblemLoader Creating init config 
559696     DEBUG main            d.u.i.k.p.i.AbstractProblemLoader Init config took 4.33s 
559771     INFO  main            d.u.i.k.p.i.AbstractProblemLoader Replaying proof Sampler[ThreadSpec2::joinTransfer()].JML model_behavior operation contract.0 
559772     DEBUG main            d.u.i.k.p.i.IntermediateProofReplayer Proof replay took 2.9ns 
559876     INFO  main            d.u.i.k.p.r.p.TestFile    ... finished proof: closed. 
560401     INFO  main            d.u.i.k.p.i.AbstractProblemLoader Loading environment from /home/runner/work/key/key/key.core/../key.ui/examples/heap/permissions/threads/Sampler_joinTransfer_contract.key.proof 
560401     DEBUG main            d.u.i.k.p.i.AbstractProblemLoader Environment load took 82.7ns 
560401     INFO  main            d.u.i.k.p.i.AbstractProblemLoader Creating init config 
564660     DEBUG main            d.u.i.k.p.i.AbstractProblemLoader Init config took 4.26s 
564735     INFO  main            d.u.i.k.p.i.AbstractProblemLoader Replaying proof Sampler[ThreadSpec2::joinTransfer()].JML model_behavior operation contract.0 
564742     DEBUG main            d.u.i.k.p.i.IntermediateProofReplayer Proof replay took 6.04ms 
564743     DEBUG main            d.u.i.k.p.r.p.TestFile    ... success: reloaded. 
564744     INFO  main            d.u.i.k.p.r.p.TestFile    Now processing file /home/runner/work/key/key/key.core/../key.ui/examples/heap/permissions/threads/Sampler_postJoin_accessible.key 
564744     INFO  main            d.u.i.k.p.i.AbstractProblemLoader Loading environment from /home/runner/work/key/key/key.core/../key.ui/examples/heap/permissions/threads/Sampler_postJoin_accessible.key 
564744     DEBUG main            d.u.i.k.p.i.AbstractProblemLoader Environment load took 119.3ns 
564745     INFO  main            d.u.i.k.p.i.AbstractProblemLoader Creating init config 
569118     DEBUG main            d.u.i.k.p.i.AbstractProblemLoader Init config took 4.37s 
569200     INFO  main            d.u.i.k.p.i.AbstractProblemLoader Replaying proof Sampler[ThreadSpec2::postJoin(java.lang.Object)].JML accessible clause.0 
569202     DEBUG main            d.u.i.k.p.i.IntermediateProofReplayer Proof replay took 3.2ns 
569303     INFO  main            d.u.i.k.p.r.p.TestFile    ... finished proof: closed. 
569879     INFO  main            d.u.i.k.p.i.AbstractProblemLoader Loading environment from /home/runner/work/key/key/key.core/../key.ui/examples/heap/permissions/threads/Sampler_postJoin_accessible.key.proof 
569879     DEBUG main            d.u.i.k.p.i.AbstractProblemLoader Environment load took 111.3ns 
569880     INFO  main            d.u.i.k.p.i.AbstractProblemLoader Creating init config 
574163     DEBUG main            d.u.i.k.p.i.AbstractProblemLoader Init config took 4.28s 
574242     INFO  main            d.u.i.k.p.i.AbstractProblemLoader Replaying proof Sampler[ThreadSpec2::postJoin(java.lang.Object)].JML accessible clause.0 
574252     DEBUG main            d.u.i.k.p.i.IntermediateProofReplayer Proof replay took 7.6ms 
574253     DEBUG main            d.u.i.k.p.r.p.TestFile    ... success: reloaded. 
574254     INFO  main            d.u.i.k.p.r.p.TestFile    Now processing file /home/runner/work/key/key/key.core/../key.ui/examples/heap/permissions/threads/Sampler_preStart_accessible.key 
574254     INFO  main            d.u.i.k.p.i.AbstractProblemLoader Loading environment from /home/runner/work/key/key/key.core/../key.ui/examples/heap/permissions/threads/Sampler_preStart_accessible.key 
574254     DEBUG main            d.u.i.k.p.i.AbstractProblemLoader Environment load took 176.6ns 
574255     INFO  main            d.u.i.k.p.i.AbstractProblemLoader Creating init config 
578624     DEBUG main            d.u.i.k.p.i.AbstractProblemLoader Init config took 4.37s 
578713     INFO  main            d.u.i.k.p.i.AbstractProblemLoader Replaying proof Sampler[ThreadSpec2::preStart(java.lang.Object)].JML accessible clause.0 
578715     DEBUG main            d.u.i.k.p.i.IntermediateProofReplayer Proof replay took 3.3ns 
578816     INFO  main            d.u.i.k.p.r.p.TestFile    ... finished proof: closed. 
579361     INFO  main            d.u.i.k.p.i.AbstractProblemLoader Loading environment from /home/runner/work/key/key/key.core/../key.ui/examples/heap/permissions/threads/Sampler_preStart_accessible.key.proof 
579362     DEBUG main            d.u.i.k.p.i.AbstractProblemLoader Environment load took 90.8ns 
579362     INFO  main            d.u.i.k.p.i.AbstractProblemLoader Creating init config 
583646     DEBUG main            d.u.i.k.p.i.AbstractProblemLoader Init config took 4.28s 
583733     INFO  main            d.u.i.k.p.i.AbstractProblemLoader Replaying proof Sampler[ThreadSpec2::preStart(java.lang.Object)].JML accessible clause.0 
583742     DEBUG main            d.u.i.k.p.i.IntermediateProofReplayer Proof replay took 7.01ms 
583743     DEBUG main            d.u.i.k.p.r.p.TestFile    ... success: reloaded. 
583744     INFO  main            d.u.i.k.p.r.p.TestFile    Now processing file /home/runner/work/key/key/key.core/../key.ui/examples/heap/permissions/threads/Sampler_run.key 
583744     INFO  main            d.u.i.k.p.i.AbstractProblemLoader Loading environment from /home/runner/work/key/key/key.core/../key.ui/examples/heap/permissions/threads/Sampler_run.key 
583744     DEBUG main            d.u.i.k.p.i.AbstractProblemLoader Environment load took 143.9ns 
583745     INFO  main            d.u.i.k.p.i.AbstractProblemLoader Creating init config 
588092     DEBUG main            d.u.i.k.p.i.AbstractProblemLoader Init config took 4.35s 
588168     INFO  main            d.u.i.k.p.i.AbstractProblemLoader Replaying proof Sampler[ThreadSpec2::run()].JML normal_behavior operation contract.0 
588169     DEBUG main            d.u.i.k.p.i.IntermediateProofReplayer Proof replay took 3.6ns 
588371     INFO  main            d.u.i.k.p.r.p.TestFile    ... finished proof: closed. 
588920     INFO  main            d.u.i.k.p.i.AbstractProblemLoader Loading environment from /home/runner/work/key/key/key.core/../key.ui/examples/heap/permissions/threads/Sampler_run.key.proof 
588920     DEBUG main            d.u.i.k.p.i.AbstractProblemLoader Environment load took 85.8ns 
588921     INFO  main            d.u.i.k.p.i.AbstractProblemLoader Creating init config 
593180     DEBUG main            d.u.i.k.p.i.AbstractProblemLoader Init config took 4.26s 
593267     INFO  main            d.u.i.k.p.i.AbstractProblemLoader Replaying proof Sampler[ThreadSpec2::run()].JML normal_behavior operation contract.0 
593294     DEBUG main            d.u.i.k.p.i.IntermediateProofReplayer Proof replay took 24.54ms 
593295     DEBUG main            d.u.i.k.p.r.p.TestFile    ... success: reloaded. 
593295     INFO  main            d.u.i.k.p.r.p.TestFile    Now processing file /home/runner/work/key/key/key.core/../key.ui/examples/heap/permissions/threads/Sampler_Sampler.key 
593296     INFO  main            d.u.i.k.p.i.AbstractProblemLoader Loading environment from /home/runner/work/key/key/key.core/../key.ui/examples/heap/permissions/threads/Sampler_Sampler.key 
593296     DEBUG main            d.u.i.k.p.i.AbstractProblemLoader Environment load took 72.4ns 
593297     INFO  main            d.u.i.k.p.i.AbstractProblemLoader Creating init config 
597668     DEBUG main            d.u.i.k.p.i.AbstractProblemLoader Init config took 4.37s 
597743     INFO  main            d.u.i.k.p.i.AbstractProblemLoader Replaying proof Sampler[Sampler::Sampler(Buffer)].JML normal_behavior operation contract.0 
597744     DEBUG main            d.u.i.k.p.i.IntermediateProofReplayer Proof replay took 2.9ns 
598247     INFO  main            d.u.i.k.p.r.p.TestFile    ... finished proof: closed. 
598798     INFO  main            d.u.i.k.p.i.AbstractProblemLoader Loading environment from /home/runner/work/key/key/key.core/../key.ui/examples/heap/permissions/threads/Sampler_Sampler.key.proof 
598798     DEBUG main            d.u.i.k.p.i.AbstractProblemLoader Environment load took 78.6ns 
598798     INFO  main            d.u.i.k.p.i.AbstractProblemLoader Creating init config 
603123     DEBUG main            d.u.i.k.p.i.AbstractProblemLoader Init config took 4.32s 
603199     INFO  main            d.u.i.k.p.i.AbstractProblemLoader Replaying proof Sampler[Sampler::Sampler(Buffer)].JML normal_behavior operation contract.0 
603267     DEBUG main            d.u.i.k.p.i.IntermediateProofReplayer Proof replay took 65.88ms 
603268     DEBUG main            d.u.i.k.p.r.p.TestFile    ... success: reloaded. 
603269     INFO  main            d.u.i.k.p.r.p.TestFile    Now processing file /home/runner/work/key/key/key.core/../key.ui/examples/heap/permissions/threads/Sampler_startTransfer_accessible.key 
603269     INFO  main            d.u.i.k.p.i.AbstractProblemLoader Loading environment from /home/runner/work/key/key/key.core/../key.ui/examples/heap/permissions/threads/Sampler_startTransfer_accessible.key 
603269     DEBUG main            d.u.i.k.p.i.AbstractProblemLoader Environment load took 72.6ns 
603270     INFO  main            d.u.i.k.p.i.AbstractProblemLoader Creating init config 
607680     DEBUG main            d.u.i.k.p.i.AbstractProblemLoader Init config took 4.41s 
607756     INFO  main            d.u.i.k.p.i.AbstractProblemLoader Replaying proof Sampler[ThreadSpec2::startTransfer()].JML accessible clause.0 
607757     DEBUG main            d.u.i.k.p.i.IntermediateProofReplayer Proof replay took 2.4ns 
611279     INFO  main            d.u.i.k.p.r.p.TestFile    ... finished proof: closed. 
611829     INFO  main            d.u.i.k.p.i.AbstractProblemLoader Loading environment from /home/runner/work/key/key/key.core/../key.ui/examples/heap/permissions/threads/Sampler_startTransfer_accessible.key.proof 
611829     DEBUG main            d.u.i.k.p.i.AbstractProblemLoader Environment load took 85.5ns 
611831     INFO  main            d.u.i.k.p.i.AbstractProblemLoader Creating init config 
616109     DEBUG main            d.u.i.k.p.i.AbstractProblemLoader Init config took 4.28s 
616183     INFO  main            d.u.i.k.p.i.AbstractProblemLoader Replaying proof Sampler[ThreadSpec2::startTransfer()].JML accessible clause.0 
616563     DEBUG main            d.u.i.k.p.i.IntermediateProofReplayer Proof replay took 369.9ms 
616564     DEBUG main            d.u.i.k.p.r.p.TestFile    ... success: reloaded. 
616565     INFO  main            d.u.i.k.p.r.p.TestFile    Now processing file /home/runner/work/key/key/key.core/../key.ui/examples/heap/permissions/threads/Sampler_startTransfer_contract.key 
616565     INFO  main            d.u.i.k.p.i.AbstractProblemLoader Loading environment from /home/runner/work/key/key/key.core/../key.ui/examples/heap/permissions/threads/Sampler_startTransfer_contract.key 
616565     DEBUG main            d.u.i.k.p.i.AbstractProblemLoader Environment load took 45.7ns 
616566     INFO  main            d.u.i.k.p.i.AbstractProblemLoader Creating init config 
620978     DEBUG main            d.u.i.k.p.i.AbstractProblemLoader Init config took 4.41s 
621054     INFO  main            d.u.i.k.p.i.AbstractProblemLoader Replaying proof Sampler[ThreadSpec2::startTransfer()].JML model_behavior operation contract.0 
621055     DEBUG main            d.u.i.k.p.i.IntermediateProofReplayer Proof replay took 3.3ns 
621156     INFO  main            d.u.i.k.p.r.p.TestFile    ... finished proof: closed. 
621705     INFO  main            d.u.i.k.p.i.AbstractProblemLoader Loading environment from /home/runner/work/key/key/key.core/../key.ui/examples/heap/permissions/threads/Sampler_startTransfer_contract.key.proof 
621705     DEBUG main            d.u.i.k.p.i.AbstractProblemLoader Environment load took 76.1ns 
621706     INFO  main            d.u.i.k.p.i.AbstractProblemLoader Creating init config 
625977     DEBUG main            d.u.i.k.p.i.AbstractProblemLoader Init config took 4.27s 
626055     INFO  main            d.u.i.k.p.i.AbstractProblemLoader Replaying proof Sampler[ThreadSpec2::startTransfer()].JML model_behavior operation contract.0 
626062     DEBUG main            d.u.i.k.p.i.IntermediateProofReplayer Proof replay took 6.05ms 
626063     DEBUG main            d.u.i.k.p.r.p.TestFile    ... success: reloaded. 
626064     INFO  main            d.u.i.k.p.r.p.TestFile    Now processing file /home/runner/work/key/key/key.core/../key.ui/examples/heap/permissions/threads/Sampler_stateInv_accessible.key 
626064     INFO  main            d.u.i.k.p.i.AbstractProblemLoader Loading environment from /home/runner/work/key/key/key.core/../key.ui/examples/heap/permissions/threads/Sampler_stateInv_accessible.key 
626064     DEBUG main            d.u.i.k.p.i.AbstractProblemLoader Environment load took 44.6ns 
626065     INFO  main            d.u.i.k.p.i.AbstractProblemLoader Creating init config 
630511     DEBUG main            d.u.i.k.p.i.AbstractProblemLoader Init config took 4.45s 
630603     INFO  main            d.u.i.k.p.i.AbstractProblemLoader Replaying proof Sampler[ThreadSpec2::stateInv()].JML accessible clause.0 
630604     DEBUG main            d.u.i.k.p.i.IntermediateProofReplayer Proof replay took 2.3ns 
630706     INFO  main            d.u.i.k.p.r.p.TestFile    ... finished proof: closed. 
631261     INFO  main            d.u.i.k.p.i.AbstractProblemLoader Loading environment from /home/runner/work/key/key/key.core/../key.ui/examples/heap/permissions/threads/Sampler_stateInv_accessible.key.proof 
631261     DEBUG main            d.u.i.k.p.i.AbstractProblemLoader Environment load took 73.2ns 
631262     INFO  main            d.u.i.k.p.i.AbstractProblemLoader Creating init config 
635719     DEBUG main            d.u.i.k.p.i.AbstractProblemLoader Init config took 4.46s 
635829     INFO  main            d.u.i.k.p.i.AbstractProblemLoader Replaying proof Sampler[ThreadSpec2::stateInv()].JML accessible clause.0 
635854     DEBUG main            d.u.i.k.p.i.IntermediateProofReplayer Proof replay took 13.89ms 
635859     DEBUG main            d.u.i.k.p.r.p.TestFile    ... success: reloaded. 
635860     INFO  main            d.u.i.k.p.r.p.TestFile    Now processing file /home/runner/work/key/key/key.core/../key.ui/examples/heap/permissions/threads/Sampler_staticPermissions_accessible.key 
635884     INFO  main            d.u.i.k.p.i.AbstractProblemLoader Loading environment from /home/runner/work/key/key/key.core/../key.ui/examples/heap/permissions/threads/Sampler_staticPermissions_accessible.key 
635884     DEBUG main            d.u.i.k.p.i.AbstractProblemLoader Environment load took 71.1ns 
635885     INFO  main            d.u.i.k.p.i.AbstractProblemLoader Creating init config 
640367     DEBUG main            d.u.i.k.p.i.AbstractProblemLoader Init config took 4.48s 
640454     INFO  main            d.u.i.k.p.i.AbstractProblemLoader Replaying proof Sampler[ThreadSpec2::staticPermissions()].JML accessible clause.0 
640456     DEBUG main            d.u.i.k.p.i.IntermediateProofReplayer Proof replay took 2.6ns 
640558     INFO  main            d.u.i.k.p.r.p.TestFile    ... finished proof: closed. 
641120     INFO  main            d.u.i.k.p.i.AbstractProblemLoader Loading environment from /home/runner/work/key/key/key.core/../key.ui/examples/heap/permissions/threads/Sampler_staticPermissions_accessible.key.proof 
641120     DEBUG main            d.u.i.k.p.i.AbstractProblemLoader Environment load took 74.8ns 
641121     INFO  main            d.u.i.k.p.i.AbstractProblemLoader Creating init config 
645546     DEBUG main            d.u.i.k.p.i.AbstractProblemLoader Init config took 4.43s 
645634     INFO  main            d.u.i.k.p.i.AbstractProblemLoader Replaying proof Sampler[ThreadSpec2::staticPermissions()].JML accessible clause.0 
645640     DEBUG main            d.u.i.k.p.i.IntermediateProofReplayer Proof replay took 3.18ms 
645641     DEBUG main            d.u.i.k.p.r.p.TestFile    ... success: reloaded. 
645642     INFO  main            d.u.i.k.p.r.p.TestFile    Now processing file /home/runner/work/key/key/key.core/../key.ui/examples/heap/permissions/threads/Sampler_workingPermissions_accessible.key 
645643     INFO  main            d.u.i.k.p.i.AbstractProblemLoader Loading environment from /home/runner/work/key/key/key.core/../key.ui/examples/heap/permissions/threads/Sampler_workingPermissions_accessible.key 
645643     DEBUG main            d.u.i.k.p.i.AbstractProblemLoader Environment load took 150.5ns 
645644     INFO  main            d.u.i.k.p.i.AbstractProblemLoader Creating init config 
650174     DEBUG main            d.u.i.k.p.i.AbstractProblemLoader Init config took 4.53s 
650249     INFO  main            d.u.i.k.p.i.AbstractProblemLoader Replaying proof Sampler[ThreadSpec2::workingPermissions()].JML accessible clause.0 
650251     DEBUG main            d.u.i.k.p.i.IntermediateProofReplayer Proof replay took 2.3ns 
650352     INFO  main            d.u.i.k.p.r.p.TestFile    ... finished proof: closed. 
650918     INFO  main            d.u.i.k.p.i.AbstractProblemLoader Loading environment from /home/runner/work/key/key/key.core/../key.ui/examples/heap/permissions/threads/Sampler_workingPermissions_accessible.key.proof 
650918     DEBUG main            d.u.i.k.p.i.AbstractProblemLoader Environment load took 77.1ns 
650919     INFO  main            d.u.i.k.p.i.AbstractProblemLoader Creating init config 
655572     DEBUG main            d.u.i.k.p.i.AbstractProblemLoader Init config took 4.65s 
655659     INFO  main            d.u.i.k.p.i.AbstractProblemLoader Replaying proof Sampler[ThreadSpec2::workingPermissions()].JML accessible clause.0 
655665     DEBUG main            d.u.i.k.p.i.IntermediateProofReplayer Proof replay took 4.53ms 
655666     DEBUG main            d.u.i.k.p.r.p.TestFile    ... success: reloaded. 
655667     INFO  main            d.u.i.k.p.r.p.TestFile    Now processing file /home/runner/work/key/key/key.core/../key.ui/examples/heap/permissions/mulleretal/ReadWrite_doRead_contract.key 
655667     INFO  main            d.u.i.k.p.i.AbstractProblemLoader Loading environment from /home/runner/work/key/key/key.core/../key.ui/examples/heap/permissions/mulleretal/ReadWrite_doRead_contract.key 
655667     DEBUG main            d.u.i.k.p.i.AbstractProblemLoader Environment load took 245.2ns 
655668     INFO  main            d.u.i.k.p.i.AbstractProblemLoader Creating init config 
658322     DEBUG main            d.u.i.k.p.i.AbstractProblemLoader Init config took 2.65s 
658353     INFO  main            d.u.i.k.p.i.AbstractProblemLoader Replaying proof ReadWrite[ReadWrite::doRead()].JML normal_behavior operation contract.0 
658355     DEBUG main            d.u.i.k.p.i.IntermediateProofReplayer Proof replay took 2.5ns 
659972     INFO  main            d.u.i.k.p.r.p.TestFile    ... finished proof: closed. 
660567     INFO  main            d.u.i.k.p.i.AbstractProblemLoader Loading environment from /home/runner/work/key/key/key.core/../key.ui/examples/heap/permissions/mulleretal/ReadWrite_doRead_contract.key.proof 
660567     DEBUG main            d.u.i.k.p.i.AbstractProblemLoader Environment load took 141.9ns 
660568     INFO  main            d.u.i.k.p.i.AbstractProblemLoader Creating init config 
663037     DEBUG main            d.u.i.k.p.i.AbstractProblemLoader Init config took 2.47s 
663072     INFO  main            d.u.i.k.p.i.AbstractProblemLoader Replaying proof ReadWrite[ReadWrite::doRead()].JML normal_behavior operation contract.0 
663362     DEBUG main            d.u.i.k.p.i.IntermediateProofReplayer Proof replay took 284.14ms 
663363     DEBUG main            d.u.i.k.p.r.p.TestFile    ... success: reloaded. 
663363     INFO  main            d.u.i.k.p.r.p.TestFile    Now processing file /home/runner/work/key/key/key.core/../key.ui/examples/heap/permissions/mulleretal/ReadWrite_doWrite_contract.key 
663363     INFO  main            d.u.i.k.p.i.AbstractProblemLoader Loading environment from /home/runner/work/key/key/key.core/../key.ui/examples/heap/permissions/mulleretal/ReadWrite_doWrite_contract.key 
663363     DEBUG main            d.u.i.k.p.i.AbstractProblemLoader Environment load took 74.2ns 
663364     INFO  main            d.u.i.k.p.i.AbstractProblemLoader Creating init config 
666056     DEBUG main            d.u.i.k.p.i.AbstractProblemLoader Init config took 2.69s 
666108     INFO  main            d.u.i.k.p.i.AbstractProblemLoader Replaying proof ReadWrite[ReadWrite::doWrite()].JML normal_behavior operation contract.0 
666109     DEBUG main            d.u.i.k.p.i.IntermediateProofReplayer Proof replay took 2ns 
667714     INFO  main            d.u.i.k.p.r.p.TestFile    ... finished proof: closed. 
668321     INFO  main            d.u.i.k.p.i.AbstractProblemLoader Loading environment from /home/runner/work/key/key/key.core/../key.ui/examples/heap/permissions/mulleretal/ReadWrite_doWrite_contract.key.proof 
668322     DEBUG main            d.u.i.k.p.i.AbstractProblemLoader Environment load took 303ns 
668323     INFO  main            d.u.i.k.p.i.AbstractProblemLoader Creating init config 
670804     DEBUG main            d.u.i.k.p.i.AbstractProblemLoader Init config took 2.48s 
670840     INFO  main            d.u.i.k.p.i.AbstractProblemLoader Replaying proof ReadWrite[ReadWrite::doWrite()].JML normal_behavior operation contract.0 
671439     DEBUG main            d.u.i.k.p.i.IntermediateProofReplayer Proof replay took 592.23ms 
671444     DEBUG main            d.u.i.k.p.r.p.TestFile    ... success: reloaded. 
671445     INFO  main            d.u.i.k.p.r.p.TestFile    Now processing file /home/runner/work/key/key/key.core/../key.ui/examples/heap/permissions/mulleretal/ReadWrite_read_contract.key 
671445     INFO  main            d.u.i.k.p.i.AbstractProblemLoader Loading environment from /home/runner/work/key/key/key.core/../key.ui/examples/heap/permissions/mulleretal/ReadWrite_read_contract.key 
671445     DEBUG main            d.u.i.k.p.i.AbstractProblemLoader Environment load took 175.2ns 
671446     INFO  main            d.u.i.k.p.i.AbstractProblemLoader Creating init config 
674142     DEBUG main            d.u.i.k.p.i.AbstractProblemLoader Init config took 2.7s 
674173     INFO  main            d.u.i.k.p.i.AbstractProblemLoader Replaying proof ReadWrite[ReadWrite::read()].JML normal_behavior operation contract.0 
674174     DEBUG main            d.u.i.k.p.i.IntermediateProofReplayer Proof replay took 2ns 
674275     INFO  main            d.u.i.k.p.r.p.TestFile    ... finished proof: closed. 
674856     INFO  main            d.u.i.k.p.i.AbstractProblemLoader Loading environment from /home/runner/work/key/key/key.core/../key.ui/examples/heap/permissions/mulleretal/ReadWrite_read_contract.key.proof 
674856     DEBUG main            d.u.i.k.p.i.AbstractProblemLoader Environment load took 80ns 
674857     INFO  main            d.u.i.k.p.i.AbstractProblemLoader Creating init config 
677270     DEBUG main            d.u.i.k.p.i.AbstractProblemLoader Init config took 2.41s 
677301     INFO  main            d.u.i.k.p.i.AbstractProblemLoader Replaying proof ReadWrite[ReadWrite::read()].JML normal_behavior operation contract.0 
677307     DEBUG main            d.u.i.k.p.i.IntermediateProofReplayer Proof replay took 4.91ms 
677307     DEBUG main            d.u.i.k.p.r.p.TestFile    ... success: reloaded. 
677308     INFO  main            d.u.i.k.p.r.p.TestFile    Now processing file /home/runner/work/key/key/key.core/../key.ui/examples/heap/permissions/mulleretal/ReadWrite_write_contract.key 
677308     INFO  main            d.u.i.k.p.i.AbstractProblemLoader Loading environment from /home/runner/work/key/key/key.core/../key.ui/examples/heap/permissions/mulleretal/ReadWrite_write_contract.key 
677308     DEBUG main            d.u.i.k.p.i.AbstractProblemLoader Environment load took 54.9ns 
677309     INFO  main            d.u.i.k.p.i.AbstractProblemLoader Creating init config 
679744     DEBUG main            d.u.i.k.p.i.AbstractProblemLoader Init config took 2.44s 
679776     INFO  main            d.u.i.k.p.i.AbstractProblemLoader Replaying proof ReadWrite[ReadWrite::write()].JML normal_behavior operation contract.0 
679777     DEBUG main            d.u.i.k.p.i.IntermediateProofReplayer Proof replay took 2.2ns 
679878     INFO  main            d.u.i.k.p.r.p.TestFile    ... finished proof: closed. 
680475     INFO  main            d.u.i.k.p.i.AbstractProblemLoader Loading environment from /home/runner/work/key/key/key.core/../key.ui/examples/heap/permissions/mulleretal/ReadWrite_write_contract.key.proof 
680475     DEBUG main            d.u.i.k.p.i.AbstractProblemLoader Environment load took 78.3ns 
680476     INFO  main            d.u.i.k.p.i.AbstractProblemLoader Creating init config 
682861     DEBUG main            d.u.i.k.p.i.AbstractProblemLoader Init config took 2.39s 
682892     INFO  main            d.u.i.k.p.i.AbstractProblemLoader Replaying proof ReadWrite[ReadWrite::write()].JML normal_behavior operation contract.0 
682911     DEBUG main            d.u.i.k.p.i.IntermediateProofReplayer Proof replay took 17.61ms 
682912     DEBUG main            d.u.i.k.p.r.p.TestFile    ... success: reloaded. 
682912     INFO  main            d.u.i.k.p.r.p.TestFile    Now processing file /home/runner/work/key/key/key.core/../key.ui/examples/heap/permissions/mulleretal/ReadWrite_inv1_accessible.key 
682913     INFO  main            d.u.i.k.p.i.AbstractProblemLoader Loading environment from /home/runner/work/key/key/key.core/../key.ui/examples/heap/permissions/mulleretal/ReadWrite_inv1_accessible.key 
682913     DEBUG main            d.u.i.k.p.i.AbstractProblemLoader Environment load took 45.8ns 
682913     INFO  main            d.u.i.k.p.i.AbstractProblemLoader Creating init config 
685363     DEBUG main            d.u.i.k.p.i.AbstractProblemLoader Init config took 2.45s 
685394     INFO  main            d.u.i.k.p.i.AbstractProblemLoader Replaying proof ReadWrite[java.lang.Object::<inv>()].JML accessible clause.0 
685395     DEBUG main            d.u.i.k.p.i.IntermediateProofReplayer Proof replay took 2.7ns 
685496     INFO  main            d.u.i.k.p.r.p.TestFile    ... finished proof: closed. 
686088     INFO  main            d.u.i.k.p.i.AbstractProblemLoader Loading environment from /home/runner/work/key/key/key.core/../key.ui/examples/heap/permissions/mulleretal/ReadWrite_inv1_accessible.key.proof 
686088     DEBUG main            d.u.i.k.p.i.AbstractProblemLoader Environment load took 73.6ns 
686089     INFO  main            d.u.i.k.p.i.AbstractProblemLoader Creating init config 
688482     DEBUG main            d.u.i.k.p.i.AbstractProblemLoader Init config took 2.39s 
688512     INFO  main            d.u.i.k.p.i.AbstractProblemLoader Replaying proof ReadWrite[java.lang.Object::<inv>()].JML accessible clause.0 
688515     DEBUG main            d.u.i.k.p.i.IntermediateProofReplayer Proof replay took 1.28ms 
688515     DEBUG main            d.u.i.k.p.r.p.TestFile    ... success: reloaded. 
688516     INFO  main            d.u.i.k.p.r.p.TestFile    Now processing file /home/runner/work/key/key/key.core/../key.ui/examples/heap/permissions/mulleretal/ReadWrite_inv2_accessible.key 
688516     INFO  main            d.u.i.k.p.i.AbstractProblemLoader Loading environment from /home/runner/work/key/key/key.core/../key.ui/examples/heap/permissions/mulleretal/ReadWrite_inv2_accessible.key 
688516     DEBUG main            d.u.i.k.p.i.AbstractProblemLoader Environment load took 56.2ns 
688517     INFO  main            d.u.i.k.p.i.AbstractProblemLoader Creating init config 
690956     DEBUG main            d.u.i.k.p.i.AbstractProblemLoader Init config took 2.44s 
690987     INFO  main            d.u.i.k.p.i.AbstractProblemLoader Replaying proof ReadWrite[java.lang.Object::<inv>()].JML accessible clause.1 
690988     DEBUG main            d.u.i.k.p.i.IntermediateProofReplayer Proof replay took 2.4ns 
691089     INFO  main            d.u.i.k.p.r.p.TestFile    ... finished proof: closed. 
691690     INFO  main            d.u.i.k.p.i.AbstractProblemLoader Loading environment from /home/runner/work/key/key/key.core/../key.ui/examples/heap/permissions/mulleretal/ReadWrite_inv2_accessible.key.proof 
691690     DEBUG main            d.u.i.k.p.i.AbstractProblemLoader Environment load took 76.7ns 
691691     INFO  main            d.u.i.k.p.i.AbstractProblemLoader Creating init config 
694070     DEBUG main            d.u.i.k.p.i.AbstractProblemLoader Init config took 2.38s 
694100     INFO  main            d.u.i.k.p.i.AbstractProblemLoader Replaying proof ReadWrite[java.lang.Object::<inv>()].JML accessible clause.1 
694102     DEBUG main            d.u.i.k.p.i.IntermediateProofReplayer Proof replay took 1.29ms 
694103     DEBUG main            d.u.i.k.p.r.p.TestFile    ... success: reloaded. 
694104     INFO  main            d.u.i.k.p.r.p.TestFile    Now processing file /home/runner/work/key/key/key.core/../key.ui/examples/heap/permissions/lockspec/Counter_lockConsistent_contract.key 
694104     INFO  main            d.u.i.k.p.i.AbstractProblemLoader Loading environment from /home/runner/work/key/key/key.core/../key.ui/examples/heap/permissions/lockspec/Counter_lockConsistent_contract.key 
694104     DEBUG main            d.u.i.k.p.i.AbstractProblemLoader Environment load took 44.2ns 
694104     INFO  main            d.u.i.k.p.i.AbstractProblemLoader Creating init config 
697058     DEBUG main            d.u.i.k.p.i.AbstractProblemLoader Init config took 2.95s 
697108     INFO  main            d.u.i.k.p.i.AbstractProblemLoader Replaying proof Counter[LockSpec::lockConsistent()].JML model_behavior operation contract.0 
697110     DEBUG main            d.u.i.k.p.i.IntermediateProofReplayer Proof replay took 2.5ns 
698114     INFO  main            d.u.i.k.p.r.p.TestFile    ... finished proof: closed. 
698752     INFO  main            d.u.i.k.p.i.AbstractProblemLoader Loading environment from /home/runner/work/key/key/key.core/../key.ui/examples/heap/permissions/lockspec/Counter_lockConsistent_contract.key.proof 
698753     DEBUG main            d.u.i.k.p.i.AbstractProblemLoader Environment load took 83.8ns 
698754     INFO  main            d.u.i.k.p.i.AbstractProblemLoader Creating init config 
701573     DEBUG main            d.u.i.k.p.i.AbstractProblemLoader Init config took 2.82s 
701622     INFO  main            d.u.i.k.p.i.AbstractProblemLoader Replaying proof Counter[LockSpec::lockConsistent()].JML model_behavior operation contract.0 
701771     DEBUG main            d.u.i.k.p.i.IntermediateProofReplayer Proof replay took 141.15ms 
701772     DEBUG main            d.u.i.k.p.r.p.TestFile    ... success: reloaded. 
701772     INFO  main            d.u.i.k.p.r.p.TestFile    Now processing file /home/runner/work/key/key/key.core/../key.ui/examples/heap/permissions/lockspec/Counter_increase_contract.key 
701773     INFO  main            d.u.i.k.p.i.AbstractProblemLoader Loading environment from /home/runner/work/key/key/key.core/../key.ui/examples/heap/permissions/lockspec/Counter_increase_contract.key 
701773     DEBUG main            d.u.i.k.p.i.AbstractProblemLoader Environment load took 103.8ns 
701774     INFO  main            d.u.i.k.p.i.AbstractProblemLoader Creating init config 
704651     DEBUG main            d.u.i.k.p.i.AbstractProblemLoader Init config took 2.88s 
704695     INFO  main            d.u.i.k.p.i.AbstractProblemLoader Replaying proof Counter[Counter::increase()].JML normal_behavior operation contract.0 
704701     DEBUG main            d.u.i.k.p.i.IntermediateProofReplayer Proof replay took 3ns 
706140     INFO  main            d.u.i.k.p.r.p.TestFile    ... finished proof: closed. 
706797     INFO  main            d.u.i.k.p.i.AbstractProblemLoader Loading environment from /home/runner/work/key/key/key.core/../key.ui/examples/heap/permissions/lockspec/Counter_increase_contract.key.proof 
706797     DEBUG main            d.u.i.k.p.i.AbstractProblemLoader Environment load took 321ns 
706799     INFO  main            d.u.i.k.p.i.AbstractProblemLoader Creating init config 
709606     DEBUG main            d.u.i.k.p.i.AbstractProblemLoader Init config took 2.81s 
709652     INFO  main            d.u.i.k.p.i.AbstractProblemLoader Replaying proof Counter[Counter::increase()].JML normal_behavior operation contract.0 
709821     DEBUG main            d.u.i.k.p.i.IntermediateProofReplayer Proof replay took 153.7ms 
709823     DEBUG main            d.u.i.k.p.r.p.TestFile    ... success: reloaded. 
709823     INFO  main            d.u.i.k.p.r.p.TestFile    Now processing file /home/runner/work/key/key/key.core/../key.ui/examples/heap/permissions/lockspec/Counter_fp_accessible.key 
709824     INFO  main            d.u.i.k.p.i.AbstractProblemLoader Loading environment from /home/runner/work/key/key/key.core/../key.ui/examples/heap/permissions/lockspec/Counter_fp_accessible.key 
709824     DEBUG main            d.u.i.k.p.i.AbstractProblemLoader Environment load took 83.1ns 
709824     INFO  main            d.u.i.k.p.i.AbstractProblemLoader Creating init config 
712672     DEBUG main            d.u.i.k.p.i.AbstractProblemLoader Init config took 2.85s 
712720     INFO  main            d.u.i.k.p.i.AbstractProblemLoader Replaying proof Counter[LockSpec::fp()].JML accessible clause.0 
712722     DEBUG main            d.u.i.k.p.i.IntermediateProofReplayer Proof replay took 2.7ns 
712823     INFO  main            d.u.i.k.p.r.p.TestFile    ... finished proof: closed. 
713434     INFO  main            d.u.i.k.p.i.AbstractProblemLoader Loading environment from /home/runner/work/key/key/key.core/../key.ui/examples/heap/permissions/lockspec/Counter_fp_accessible.key.proof 
713434     DEBUG main            d.u.i.k.p.i.AbstractProblemLoader Environment load took 75ns 
713435     INFO  main            d.u.i.k.p.i.AbstractProblemLoader Creating init config 
716268     DEBUG main            d.u.i.k.p.i.AbstractProblemLoader Init config took 2.83s 
716316     INFO  main            d.u.i.k.p.i.AbstractProblemLoader Replaying proof Counter[LockSpec::fp()].JML accessible clause.0 
716323     DEBUG main            d.u.i.k.p.i.IntermediateProofReplayer Proof replay took 6.05ms 
716324     DEBUG main            d.u.i.k.p.r.p.TestFile    ... success: reloaded. 
716325     INFO  main            d.u.i.k.p.r.p.TestFile    Now processing file /home/runner/work/key/key/key.core/../key.ui/examples/heap/permissions/lockspec/Counter_fpLock_accessible.key 
716325     INFO  main            d.u.i.k.p.i.AbstractProblemLoader Loading environment from /home/runner/work/key/key/key.core/../key.ui/examples/heap/permissions/lockspec/Counter_fpLock_accessible.key 
716325     DEBUG main            d.u.i.k.p.i.AbstractProblemLoader Environment load took 42.3ns 
716325     INFO  main            d.u.i.k.p.i.AbstractProblemLoader Creating init config 
719200     DEBUG main            d.u.i.k.p.i.AbstractProblemLoader Init config took 2.87s 
719248     INFO  main            d.u.i.k.p.i.AbstractProblemLoader Replaying proof Counter[LockSpec::fpLock()].JML accessible clause.0 
719250     DEBUG main            d.u.i.k.p.i.IntermediateProofReplayer Proof replay took 2.1ns 
719351     INFO  main            d.u.i.k.p.r.p.TestFile    ... finished proof: closed. 
720047     INFO  main            d.u.i.k.p.i.AbstractProblemLoader Loading environment from /home/runner/work/key/key/key.core/../key.ui/examples/heap/permissions/lockspec/Counter_fpLock_accessible.key.proof 
720047     DEBUG main            d.u.i.k.p.i.AbstractProblemLoader Environment load took 73.2ns 
720048     INFO  main            d.u.i.k.p.i.AbstractProblemLoader Creating init config 
722885     DEBUG main            d.u.i.k.p.i.AbstractProblemLoader Init config took 2.84s 
722933     INFO  main            d.u.i.k.p.i.AbstractProblemLoader Replaying proof Counter[LockSpec::fpLock()].JML accessible clause.0 
722940     DEBUG main            d.u.i.k.p.i.IntermediateProofReplayer Proof replay took 5.93ms 
722941     DEBUG main            d.u.i.k.p.r.p.TestFile    ... success: reloaded. 
722941     INFO  main            d.u.i.k.p.r.p.TestFile    Now processing file /home/runner/work/key/key/key.core/../key.ui/examples/heap/permissions/lockspec/Counter_fpPerm_accessible.key 
722942     INFO  main            d.u.i.k.p.i.AbstractProblemLoader Loading environment from /home/runner/work/key/key/key.core/../key.ui/examples/heap/permissions/lockspec/Counter_fpPerm_accessible.key 
722942     DEBUG main            d.u.i.k.p.i.AbstractProblemLoader Environment load took 42.5ns 
722942     INFO  main            d.u.i.k.p.i.AbstractProblemLoader Creating init config 
725824     DEBUG main            d.u.i.k.p.i.AbstractProblemLoader Init config took 2.88s 
725872     INFO  main            d.u.i.k.p.i.AbstractProblemLoader Replaying proof Counter[LockSpec::fpPerm()].JML accessible clause.0 
725874     DEBUG main            d.u.i.k.p.i.IntermediateProofReplayer Proof replay took 2.3ns 
725978     INFO  main            d.u.i.k.p.r.p.TestFile    ... finished proof: closed. 
726616     INFO  main            d.u.i.k.p.i.AbstractProblemLoader Loading environment from /home/runner/work/key/key/key.core/../key.ui/examples/heap/permissions/lockspec/Counter_fpPerm_accessible.key.proof 
726616     DEBUG main            d.u.i.k.p.i.AbstractProblemLoader Environment load took 88.8ns 
726617     INFO  main            d.u.i.k.p.i.AbstractProblemLoader Creating init config 
729530     DEBUG main            d.u.i.k.p.i.AbstractProblemLoader Init config took 2.91s 
729586     INFO  main            d.u.i.k.p.i.AbstractProblemLoader Replaying proof Counter[LockSpec::fpPerm()].JML accessible clause.0 
729595     DEBUG main            d.u.i.k.p.i.IntermediateProofReplayer Proof replay took 6.63ms 
729596     DEBUG main            d.u.i.k.p.r.p.TestFile    ... success: reloaded. 
729597     INFO  main            d.u.i.k.p.r.p.TestFile    Now processing file /home/runner/work/key/key/key.core/../key.ui/examples/heap/permissions/lockspec/Counter_inv_accessible1.key 
729597     INFO  main            d.u.i.k.p.i.AbstractProblemLoader Loading environment from /home/runner/work/key/key/key.core/../key.ui/examples/heap/permissions/lockspec/Counter_inv_accessible1.key 
729597     DEBUG main            d.u.i.k.p.i.AbstractProblemLoader Environment load took 147.4ns 
729598     INFO  main            d.u.i.k.p.i.AbstractProblemLoader Creating init config 
732615     DEBUG main            d.u.i.k.p.i.AbstractProblemLoader Init config took 3.02s 
732663     INFO  main            d.u.i.k.p.i.AbstractProblemLoader Replaying proof Counter[java.lang.Object::<inv>()].JML accessible clause.0 
732664     DEBUG main            d.u.i.k.p.i.IntermediateProofReplayer Proof replay took 2.4ns 
732768     INFO  main            d.u.i.k.p.r.p.TestFile    ... finished proof: closed. 
733418     INFO  main            d.u.i.k.p.i.AbstractProblemLoader Loading environment from /home/runner/work/key/key/key.core/../key.ui/examples/heap/permissions/lockspec/Counter_inv_accessible1.key.proof 
733418     DEBUG main            d.u.i.k.p.i.AbstractProblemLoader Environment load took 89.2ns 
733419     INFO  main            d.u.i.k.p.i.AbstractProblemLoader Creating init config 
736338     DEBUG main            d.u.i.k.p.i.AbstractProblemLoader Init config took 2.92s 
736393     INFO  main            d.u.i.k.p.i.AbstractProblemLoader Replaying proof Counter[java.lang.Object::<inv>()].JML accessible clause.0 
736404     DEBUG main            d.u.i.k.p.i.IntermediateProofReplayer Proof replay took 9.05ms 
736404     DEBUG main            d.u.i.k.p.r.p.TestFile    ... success: reloaded. 
736405     INFO  main            d.u.i.k.p.r.p.TestFile    Now processing file /home/runner/work/key/key/key.core/../key.ui/examples/heap/permissions/lockspec/Counter_inv_accessible2.key 
736405     INFO  main            d.u.i.k.p.i.AbstractProblemLoader Loading environment from /home/runner/work/key/key/key.core/../key.ui/examples/heap/permissions/lockspec/Counter_inv_accessible2.key 
736405     DEBUG main            d.u.i.k.p.i.AbstractProblemLoader Environment load took 68.2ns 
736406     INFO  main            d.u.i.k.p.i.AbstractProblemLoader Creating init config 
739423     DEBUG main            d.u.i.k.p.i.AbstractProblemLoader Init config took 3.02s 
739472     INFO  main            d.u.i.k.p.i.AbstractProblemLoader Replaying proof Counter[java.lang.Object::<inv>()].JML accessible clause.1 
739476     DEBUG main            d.u.i.k.p.i.IntermediateProofReplayer Proof replay took 2.1ns 
739577     INFO  main            d.u.i.k.p.r.p.TestFile    ... finished proof: closed. 
740222     INFO  main            d.u.i.k.p.i.AbstractProblemLoader Loading environment from /home/runner/work/key/key/key.core/../key.ui/examples/heap/permissions/lockspec/Counter_inv_accessible2.key.proof 
740222     DEBUG main            d.u.i.k.p.i.AbstractProblemLoader Environment load took 78.3ns 
740223     INFO  main            d.u.i.k.p.i.AbstractProblemLoader Creating init config 
743147     DEBUG main            d.u.i.k.p.i.AbstractProblemLoader Init config took 2.92s 
743202     INFO  main            d.u.i.k.p.i.AbstractProblemLoader Replaying proof Counter[java.lang.Object::<inv>()].JML accessible clause.1 
743213     DEBUG main            d.u.i.k.p.i.IntermediateProofReplayer Proof replay took 8.81ms 
743214     DEBUG main            d.u.i.k.p.r.p.TestFile    ... success: reloaded. 
743215     INFO  main            d.u.i.k.p.r.p.TestFile    Now processing file /home/runner/work/key/key/key.core/../key.ui/examples/heap/permissions/lockspec/Counter_lockRef_accessible.key 
743215     INFO  main            d.u.i.k.p.i.AbstractProblemLoader Loading environment from /home/runner/work/key/key/key.core/../key.ui/examples/heap/permissions/lockspec/Counter_lockRef_accessible.key 
743215     DEBUG main            d.u.i.k.p.i.AbstractProblemLoader Environment load took 140.9ns 
743216     INFO  main            d.u.i.k.p.i.AbstractProblemLoader Creating init config 
746202     DEBUG main            d.u.i.k.p.i.AbstractProblemLoader Init config took 2.99s 
746268     INFO  main            d.u.i.k.p.i.AbstractProblemLoader Replaying proof Counter[LockSpec::lockRef()].JML accessible clause.0 
746270     DEBUG main            d.u.i.k.p.i.IntermediateProofReplayer Proof replay took 2.2ns 
746472     INFO  main            d.u.i.k.p.r.p.TestFile    ... finished proof: closed. 
747118     INFO  main            d.u.i.k.p.i.AbstractProblemLoader Loading environment from /home/runner/work/key/key/key.core/../key.ui/examples/heap/permissions/lockspec/Counter_lockRef_accessible.key.proof 
747118     DEBUG main            d.u.i.k.p.i.AbstractProblemLoader Environment load took 76.7ns 
747119     INFO  main            d.u.i.k.p.i.AbstractProblemLoader Creating init config 
750030     DEBUG main            d.u.i.k.p.i.AbstractProblemLoader Init config took 2.91s 
750085     INFO  main            d.u.i.k.p.i.AbstractProblemLoader Replaying proof Counter[LockSpec::lockRef()].JML accessible clause.0 
750129     DEBUG main            d.u.i.k.p.i.IntermediateProofReplayer Proof replay took 40.85ms 
750130     DEBUG main            d.u.i.k.p.r.p.TestFile    ... success: reloaded. 
750130     INFO  main            d.u.i.k.p.r.p.TestFile    Now processing file /home/runner/work/key/key/key.core/../key.ui/examples/heap/permissions/lockspec/Counter_lockRef_contract1.key 
750131     INFO  main            d.u.i.k.p.i.AbstractProblemLoader Loading environment from /home/runner/work/key/key/key.core/../key.ui/examples/heap/permissions/lockspec/Counter_lockRef_contract1.key 
750132     DEBUG main            d.u.i.k.p.i.AbstractProblemLoader Environment load took 199.2ns 
750132     INFO  main            d.u.i.k.p.i.AbstractProblemLoader Creating init config 
753128     DEBUG main            d.u.i.k.p.i.AbstractProblemLoader Init config took 3s 
753177     INFO  main            d.u.i.k.p.i.AbstractProblemLoader Replaying proof Counter[LockSpec::lockRef()].JML model_behavior operation contract.0 
753178     DEBUG main            d.u.i.k.p.i.IntermediateProofReplayer Proof replay took 2.7ns 
753285     INFO  main            d.u.i.k.p.r.p.TestFile    ... finished proof: closed. 
753932     INFO  main            d.u.i.k.p.i.AbstractProblemLoader Loading environment from /home/runner/work/key/key/key.core/../key.ui/examples/heap/permissions/lockspec/Counter_lockRef_contract1.key.proof 
753932     DEBUG main            d.u.i.k.p.i.AbstractProblemLoader Environment load took 75.8ns 
753932     INFO  main            d.u.i.k.p.i.AbstractProblemLoader Creating init config 
756831     DEBUG main            d.u.i.k.p.i.AbstractProblemLoader Init config took 2.9s 
756895     INFO  main            d.u.i.k.p.i.AbstractProblemLoader Replaying proof Counter[LockSpec::lockRef()].JML model_behavior operation contract.0 
756900     DEBUG main            d.u.i.k.p.i.IntermediateProofReplayer Proof replay took 3.63ms 
756901     DEBUG main            d.u.i.k.p.r.p.TestFile    ... success: reloaded. 
756902     INFO  main            d.u.i.k.p.r.p.TestFile    Now processing file /home/runner/work/key/key/key.core/../key.ui/examples/heap/permissions/lockspec/Counter_lockRef_contract2.key 
756902     INFO  main            d.u.i.k.p.i.AbstractProblemLoader Loading environment from /home/runner/work/key/key/key.core/../key.ui/examples/heap/permissions/lockspec/Counter_lockRef_contract2.key 
756902     DEBUG main            d.u.i.k.p.i.AbstractProblemLoader Environment load took 72.3ns 
756903     INFO  main            d.u.i.k.p.i.AbstractProblemLoader Creating init config 
760027     DEBUG main            d.u.i.k.p.i.AbstractProblemLoader Init config took 3.12s 
760075     INFO  main            d.u.i.k.p.i.AbstractProblemLoader Replaying proof Counter[Counter::lockRef()].JML model_behavior operation contract.0 
760076     DEBUG main            d.u.i.k.p.i.IntermediateProofReplayer Proof replay took 2.4ns 
760180     INFO  main            d.u.i.k.p.r.p.TestFile    ... finished proof: closed. 
760838     INFO  main            d.u.i.k.p.i.AbstractProblemLoader Loading environment from /home/runner/work/key/key/key.core/../key.ui/examples/heap/permissions/lockspec/Counter_lockRef_contract2.key.proof 
760838     DEBUG main            d.u.i.k.p.i.AbstractProblemLoader Environment load took 74.7ns 
760839     INFO  main            d.u.i.k.p.i.AbstractProblemLoader Creating init config 
763767     DEBUG main            d.u.i.k.p.i.AbstractProblemLoader Init config took 2.93s 
763886     INFO  main            d.u.i.k.p.i.AbstractProblemLoader Replaying proof Counter[Counter::lockRef()].JML model_behavior operation contract.0 
763899     DEBUG main            d.u.i.k.p.i.IntermediateProofReplayer Proof replay took 11.64ms 
763902     DEBUG main            d.u.i.k.p.r.p.TestFile    ... success: reloaded. 
763902     INFO  main            d.u.i.k.p.r.p.TestFile    Now processing file /home/runner/work/key/key/key.core/../key.ui/examples/heap/permissions/lockspec/Counter_lockState_accessible.key 
763902     INFO  main            d.u.i.k.p.i.AbstractProblemLoader Loading environment from /home/runner/work/key/key/key.core/../key.ui/examples/heap/permissions/lockspec/Counter_lockState_accessible.key 
763902     DEBUG main            d.u.i.k.p.i.AbstractProblemLoader Environment load took 71.3ns 
763903     INFO  main            d.u.i.k.p.i.AbstractProblemLoader Creating init config 
767025     DEBUG main            d.u.i.k.p.i.AbstractProblemLoader Init config took 3.12s 
767073     INFO  main            d.u.i.k.p.i.AbstractProblemLoader Replaying proof Counter[LockSpec::lockState(boolean)].JML accessible clause.0 
767074     DEBUG main            d.u.i.k.p.i.IntermediateProofReplayer Proof replay took 2.5ns 
767276     INFO  main            d.u.i.k.p.r.p.TestFile    ... finished proof: closed. 
767943     INFO  main            d.u.i.k.p.i.AbstractProblemLoader Loading environment from /home/runner/work/key/key/key.core/../key.ui/examples/heap/permissions/lockspec/Counter_lockState_accessible.key.proof 
767943     DEBUG main            d.u.i.k.p.i.AbstractProblemLoader Environment load took 78.5ns 
767944     INFO  main            d.u.i.k.p.i.AbstractProblemLoader Creating init config 
770997     DEBUG main            d.u.i.k.p.i.AbstractProblemLoader Init config took 3.05s 
771052     INFO  main            d.u.i.k.p.i.AbstractProblemLoader Replaying proof Counter[LockSpec::lockState(boolean)].JML accessible clause.0 
771098     DEBUG main            d.u.i.k.p.i.IntermediateProofReplayer Proof replay took 43.72ms 
771099     DEBUG main            d.u.i.k.p.r.p.TestFile    ... success: reloaded. 
771100     INFO  main            d.u.i.k.p.r.p.TestFile    Now processing file /home/runner/work/key/key/key.core/../key.ui/examples/heap/permissions/lockspec/Counter_lockStatus_accessible.key 
771102     INFO  main            d.u.i.k.p.i.AbstractProblemLoader Loading environment from /home/runner/work/key/key/key.core/../key.ui/examples/heap/permissions/lockspec/Counter_lockStatus_accessible.key 
771102     DEBUG main            d.u.i.k.p.i.AbstractProblemLoader Environment load took 236.2ns 
771103     INFO  main            d.u.i.k.p.i.AbstractProblemLoader Creating init config 
774076     DEBUG main            d.u.i.k.p.i.AbstractProblemLoader Init config took 2.97s 
774124     INFO  main            d.u.i.k.p.i.AbstractProblemLoader Replaying proof Counter[LockSpec::lockStatus(boolean)].JML accessible clause.0 
774125     DEBUG main            d.u.i.k.p.i.IntermediateProofReplayer Proof replay took 2.6ns 
774228     INFO  main            d.u.i.k.p.r.p.TestFile    ... finished proof: closed. 
774901     INFO  main            d.u.i.k.p.i.AbstractProblemLoader Loading environment from /home/runner/work/key/key/key.core/../key.ui/examples/heap/permissions/lockspec/Counter_lockStatus_accessible.key.proof 
774902     DEBUG main            d.u.i.k.p.i.AbstractProblemLoader Environment load took 76.8ns 
774902     INFO  main            d.u.i.k.p.i.AbstractProblemLoader Creating init config 
777844     DEBUG main            d.u.i.k.p.i.AbstractProblemLoader Init config took 2.94s 
777902     INFO  main            d.u.i.k.p.i.AbstractProblemLoader Replaying proof Counter[LockSpec::lockStatus(boolean)].JML accessible clause.0 
777922     DEBUG main            d.u.i.k.p.i.IntermediateProofReplayer Proof replay took 17.6ms 
777923     DEBUG main            d.u.i.k.p.r.p.TestFile    ... success: reloaded. 
777923     INFO  main            d.u.i.k.p.r.p.TestFile    Now processing file /home/runner/work/key/key/key.core/../key.ui/examples/heap/permissions/lockspec/Counter_lockTransfer_accessible.key 
777924     INFO  main            d.u.i.k.p.i.AbstractProblemLoader Loading environment from /home/runner/work/key/key/key.core/../key.ui/examples/heap/permissions/lockspec/Counter_lockTransfer_accessible.key 
777924     DEBUG main            d.u.i.k.p.i.AbstractProblemLoader Environment load took 150.3ns 
777925     INFO  main            d.u.i.k.p.i.AbstractProblemLoader Creating init config 
780984     DEBUG main            d.u.i.k.p.i.AbstractProblemLoader Init config took 3.06s 
781032     INFO  main            d.u.i.k.p.i.AbstractProblemLoader Replaying proof Counter[LockSpec::lockTransfer()].JML accessible clause.0 
781033     DEBUG main            d.u.i.k.p.i.IntermediateProofReplayer Proof replay took 2.8ns 
781335     INFO  main            d.u.i.k.p.r.p.TestFile    ... finished proof: closed. 
782030     INFO  main            d.u.i.k.p.i.AbstractProblemLoader Loading environment from /home/runner/work/key/key/key.core/../key.ui/examples/heap/permissions/lockspec/Counter_lockTransfer_accessible.key.proof 
782030     DEBUG main            d.u.i.k.p.i.AbstractProblemLoader Environment load took 80.4ns 
782031     INFO  main            d.u.i.k.p.i.AbstractProblemLoader Creating init config 
784958     DEBUG main            d.u.i.k.p.i.AbstractProblemLoader Init config took 2.93s 
785013     INFO  main            d.u.i.k.p.i.AbstractProblemLoader Replaying proof Counter[LockSpec::lockTransfer()].JML accessible clause.0 
785073     DEBUG main            d.u.i.k.p.i.IntermediateProofReplayer Proof replay took 56.1ms 
785074     DEBUG main            d.u.i.k.p.r.p.TestFile    ... success: reloaded. 
785074     INFO  main            d.u.i.k.p.r.p.TestFile    Now processing file /home/runner/work/key/key/key.core/../key.ui/examples/heap/permissions/lockspec/Counter_unlockTransfer_accessible.key 
785075     INFO  main            d.u.i.k.p.i.AbstractProblemLoader Loading environment from /home/runner/work/key/key/key.core/../key.ui/examples/heap/permissions/lockspec/Counter_unlockTransfer_accessible.key 
785075     DEBUG main            d.u.i.k.p.i.AbstractProblemLoader Environment load took 208.6ns 
785076     INFO  main            d.u.i.k.p.i.AbstractProblemLoader Creating init config 
788150     DEBUG main            d.u.i.k.p.i.AbstractProblemLoader Init config took 3.07s 
788198     INFO  main            d.u.i.k.p.i.AbstractProblemLoader Replaying proof Counter[LockSpec::unlockTransfer()].JML accessible clause.0 
788199     DEBUG main            d.u.i.k.p.i.IntermediateProofReplayer Proof replay took 2.8ns 
788604     INFO  main            d.u.i.k.p.r.p.TestFile    ... finished proof: closed. 
789302     INFO  main            d.u.i.k.p.i.AbstractProblemLoader Loading environment from /home/runner/work/key/key/key.core/../key.ui/examples/heap/permissions/lockspec/Counter_unlockTransfer_accessible.key.proof 
789302     DEBUG main            d.u.i.k.p.i.AbstractProblemLoader Environment load took 77.6ns 
789303     INFO  main            d.u.i.k.p.i.AbstractProblemLoader Creating init config 
792253     DEBUG main            d.u.i.k.p.i.AbstractProblemLoader Init config took 2.95s 
792308     INFO  main            d.u.i.k.p.i.AbstractProblemLoader Replaying proof Counter[LockSpec::unlockTransfer()].JML accessible clause.0 
792369     DEBUG main            d.u.i.k.p.i.IntermediateProofReplayer Proof replay took 57.43ms 
792370     DEBUG main            d.u.i.k.p.r.p.TestFile    ... success: reloaded. 
792370     INFO  main            d.u.i.k.p.r.p.TestFile    Now processing file /home/runner/work/key/key/key.core/../key.ui/examples/heap/permissions/threads/Plotter_startTransfer_contract.proof 
792371     INFO  main            d.u.i.k.p.i.AbstractProblemLoader Loading environment from /home/runner/work/key/key/key.core/../key.ui/examples/heap/permissions/threads/Plotter_startTransfer_contract.proof 
792371     DEBUG main            d.u.i.k.p.i.AbstractProblemLoader Environment load took 214.8ns 
792372     INFO  main            d.u.i.k.p.i.AbstractProblemLoader Creating init config 
796882     DEBUG main            d.u.i.k.p.i.AbstractProblemLoader Init config took 4.51s 
796959     INFO  main            d.u.i.k.p.i.AbstractProblemLoader Replaying proof Plotter[ThreadSpec2::startTransfer()].JML model_behavior operation contract.0 
797089     DEBUG main            d.u.i.k.p.i.IntermediateProofReplayer Proof replay took 121.24ms 
797090     INFO  main            d.u.i.k.p.r.p.TestFile    ... success: loaded 
797091     INFO  main            d.u.i.k.p.r.p.TestFile    Now processing file /home/runner/work/key/key/key.core/../key.ui/examples/heap/permissions/threads/Plotter_startTransfer_accessible.proof 
797098     INFO  main            d.u.i.k.p.i.AbstractProblemLoader Loading environment from /home/runner/work/key/key/key.core/../key.ui/examples/heap/permissions/threads/Plotter_startTransfer_accessible.proof 
797098     DEBUG main            d.u.i.k.p.i.AbstractProblemLoader Environment load took 90.2ns 
797099     INFO  main            d.u.i.k.p.i.AbstractProblemLoader Creating init config 
801694     DEBUG main            d.u.i.k.p.i.AbstractProblemLoader Init config took 4.59s 
801785     INFO  main            d.u.i.k.p.i.AbstractProblemLoader Replaying proof Plotter[ThreadSpec2::startTransfer()].JML accessible clause.0 
801845     DEBUG main            d.u.i.k.p.i.IntermediateProofReplayer Proof replay took 56.36ms 
801846     INFO  main            d.u.i.k.p.r.p.TestFile    ... success: loaded 
801847     INFO  main            d.u.i.k.p.r.p.TestFile    Now processing file /home/runner/work/key/key/key.core/../key.ui/examples/heap/permissions/threads/Plotter_joinTransfer_accessible.proof 
801847     INFO  main            d.u.i.k.p.i.AbstractProblemLoader Loading environment from /home/runner/work/key/key/key.core/../key.ui/examples/heap/permissions/threads/Plotter_joinTransfer_accessible.proof 
801847     DEBUG main            d.u.i.k.p.i.AbstractProblemLoader Environment load took 69.3ns 
801848     INFO  main            d.u.i.k.p.i.AbstractProblemLoader Creating init config 
806300     DEBUG main            d.u.i.k.p.i.AbstractProblemLoader Init config took 4.45s 
806375     INFO  main            d.u.i.k.p.i.AbstractProblemLoader Replaying proof Plotter[ThreadSpec2::joinTransfer()].JML accessible clause.0 
806381     WARN  main            d.u.i.k.p.i.IntermediateProofReplayer Proof contains wrong number of \assumes instatiations for Definition_axiom_for_stateInv_in_Plotter 
806383     WARN  main            d.u.i.k.p.i.IntermediateProofReplayer Proof contains wrong number of \assumes instatiations for Definition_axiom_for_stateInv_in_Plotter 
806384     WARN  main            d.u.i.k.p.i.IntermediateProofReplayer Proof contains wrong number of \assumes instatiations for Definition_axiom_for_workingPermissions_in_Plotter 
806385     WARN  main            d.u.i.k.p.i.IntermediateProofReplayer Proof contains wrong number of \assumes instatiations for Definition_axiom_for_staticPermissions_in_Plotter 
806385     WARN  main            d.u.i.k.p.i.IntermediateProofReplayer Proof contains wrong number of \assumes instatiations for Definition_axiom_for_joinTransfer_in_Plotter 
806386     WARN  main            d.u.i.k.p.i.IntermediateProofReplayer Proof contains wrong number of \assumes instatiations for Definition_axiom_for_stateInv_in_BFilter 
806387     WARN  main            d.u.i.k.p.i.IntermediateProofReplayer Proof contains wrong number of \assumes instatiations for Definition_axiom_for_stateInv_in_AFilter 
806388     WARN  main            d.u.i.k.p.i.IntermediateProofReplayer Proof contains wrong number of \assumes instatiations for Definition_axiom_for_stateInv_in_BFilter 
806390     WARN  main            d.u.i.k.p.i.IntermediateProofReplayer Proof contains wrong number of \assumes instatiations for Definition_axiom_for_stateInv_in_AFilter 
806391     WARN  main            d.u.i.k.p.i.IntermediateProofReplayer Proof contains wrong number of \assumes instatiations for Definition_axiom_for_staticPermissions_in_AFilter 
806391     WARN  main            d.u.i.k.p.i.IntermediateProofReplayer Proof contains wrong number of \assumes instatiations for Definition_axiom_for_staticPermissions_in_Plotter 
806392     WARN  main            d.u.i.k.p.i.IntermediateProofReplayer Proof contains wrong number of \assumes instatiations for Definition_axiom_for_staticPermissions_in_BFilter 
806392     WARN  main            d.u.i.k.p.i.IntermediateProofReplayer Proof contains wrong number of \assumes instatiations for Definition_axiom_for_workingPermissions_in_Plotter 
806392     WARN  main            d.u.i.k.p.i.IntermediateProofReplayer Proof contains wrong number of \assumes instatiations for Definition_axiom_for_stateInv_in_Sampler 
806393     WARN  main            d.u.i.k.p.i.IntermediateProofReplayer Proof contains wrong number of \assumes instatiations for Definition_axiom_for_stateInv_in_Sampler 
806394     WARN  main            d.u.i.k.p.i.IntermediateProofReplayer Proof contains wrong number of \assumes instatiations for Definition_axiom_for_staticPermissions_in_Sampler 
806394     WARN  main            d.u.i.k.p.i.IntermediateProofReplayer Proof contains wrong number of \assumes instatiations for Definition_axiom_for_staticPermissions_in_BFilter 
806394     WARN  main            d.u.i.k.p.i.IntermediateProofReplayer Proof contains wrong number of \assumes instatiations for Definition_axiom_for_staticPermissions_in_AFilter 
806395     WARN  main            d.u.i.k.p.i.IntermediateProofReplayer Proof contains wrong number of \assumes instatiations for Definition_axiom_for_staticPermissions_in_Sampler 
806395     WARN  main            d.u.i.k.p.i.IntermediateProofReplayer Proof contains wrong number of \assumes instatiations for Definition_axiom_for_staticPermissions_in_Sampler 
806395     WARN  main            d.u.i.k.p.i.IntermediateProofReplayer Proof contains wrong number of \assumes instatiations for Definition_axiom_for_staticPermissions_in_Sampler 
806396     WARN  main            d.u.i.k.p.i.IntermediateProofReplayer Proof contains wrong number of \assumes instatiations for Definition_axiom_for_joinTransfer_in_Plotter 
806443     DEBUG main            d.u.i.k.p.i.IntermediateProofReplayer Proof replay took 64.93ms 
806444     INFO  main            d.u.i.k.p.r.p.TestFile    ... success: loaded 
4898472    INFO  Test worker     d.u.i.k.p.r.p.StatisticsFile Returning from test permissionHeap 
4898476    INFO  Test worker     d.u.i.k.p.r.p.StatisticsFile Running test completionScopes 
341        INFO  Timeout watchdog d.u.i.k.p.r.p.ForkedTestFileRunner Timeout watcher launched (2000 secs.) 
351        WARN  main            d.u.i.k.s.ProofSettings   The settings in /home/runner/.key/proof-settings.props are *not* read. 
380        INFO  main            d.u.i.k.p.r.p.TestFile    Now processing file /home/runner/work/key/key/key.core/../key.ui/examples/completionscopes/testCcatchReturnVal.key 
482        INFO  main            d.u.i.k.p.i.AbstractProblemLoader Loading environment from /home/runner/work/key/key/key.core/../key.ui/examples/completionscopes/testCcatchReturnVal.key 
506        DEBUG main            d.u.i.k.p.i.AbstractProblemLoader Environment load took 1.88ms 
738        INFO  main            d.u.i.k.p.i.AbstractProblemLoader Creating init config 
1625       DEBUG main            d.u.i.k.j.TypeConverter   No LDT found for Meta 
1626       DEBUG main            d.u.i.k.j.TypeConverter   No LDT found for Meta 
1627       DEBUG main            d.u.i.k.j.TypeConverter   No LDT found for Meta 
1627       DEBUG main            d.u.i.k.j.TypeConverter   No LDT found for Meta 
3170       DEBUG main            d.u.i.k.j.TypeConverter   No LDT found for JavaBigintExpression 
7970       DEBUG main            d.u.i.k.p.i.AbstractProblemLoader Init config took 7.23s 
8098       INFO  main            d.u.i.k.p.i.AbstractProblemLoader Replaying proof CompletionScopes[CompletionScopes::testCcatchReturnVal()].JML normal_behavior operation contract.0 
8130       DEBUG main            d.u.i.k.p.i.IntermediateProofReplayer Proof replay took 30.3ns 
8673       INFO  main            d.u.i.k.p.r.p.TestFile    ... finished proof: closed. 
8794       INFO  main            d.u.i.k.p.i.AbstractProblemLoader Loading environment from /home/runner/work/key/key/key.core/../key.ui/examples/completionscopes/testCcatchReturnVal.key.proof 
8795       DEBUG main            d.u.i.k.p.i.AbstractProblemLoader Environment load took 1.18ms 
8798       INFO  main            d.u.i.k.p.i.AbstractProblemLoader Creating init config 
11607      DEBUG main            d.u.i.k.p.i.AbstractProblemLoader Init config took 2.81s 
11703      INFO  main            d.u.i.k.p.i.AbstractProblemLoader Replaying proof CompletionScopes[CompletionScopes::testCcatchReturnVal()].JML normal_behavior operation contract.0 
11773      DEBUG main            d.u.i.k.p.i.IntermediateProofReplayer Proof replay took 61.37ms 
11781      DEBUG main            d.u.i.k.p.r.p.TestFile    ... success: reloaded. 
11787      INFO  main            d.u.i.k.p.r.p.TestFile    Now processing file /home/runner/work/key/key/key.core/../key.ui/examples/completionscopes/testMultCcatchClauses.key 
11787      INFO  main            d.u.i.k.p.i.AbstractProblemLoader Loading environment from /home/runner/work/key/key/key.core/../key.ui/examples/completionscopes/testMultCcatchClauses.key 
11787      DEBUG main            d.u.i.k.p.i.AbstractProblemLoader Environment load took 119.2ns 
11790      INFO  main            d.u.i.k.p.i.AbstractProblemLoader Creating init config 
14425      DEBUG main            d.u.i.k.p.i.AbstractProblemLoader Init config took 2.64s 
14501      INFO  main            d.u.i.k.p.i.AbstractProblemLoader Replaying proof CompletionScopes[CompletionScopes::testMultCcatchClauses()].JML normal_behavior operation contract.0 
14504      DEBUG main            d.u.i.k.p.i.IntermediateProofReplayer Proof replay took 6.4ns 
15012      INFO  main            d.u.i.k.p.r.p.TestFile    ... finished proof: closed. 
15158      INFO  main            d.u.i.k.p.i.AbstractProblemLoader Loading environment from /home/runner/work/key/key/key.core/../key.ui/examples/completionscopes/testMultCcatchClauses.key.proof 
15159      DEBUG main            d.u.i.k.p.i.AbstractProblemLoader Environment load took 1.02ms 
15163      INFO  main            d.u.i.k.p.i.AbstractProblemLoader Creating init config 
17758      DEBUG main            d.u.i.k.p.i.AbstractProblemLoader Init config took 2.6s 
17833      INFO  main            d.u.i.k.p.i.AbstractProblemLoader Replaying proof CompletionScopes[CompletionScopes::testMultCcatchClauses()].JML normal_behavior operation contract.0 
17962      DEBUG main            d.u.i.k.p.i.IntermediateProofReplayer Proof replay took 120.35ms 
17964      DEBUG main            d.u.i.k.p.r.p.TestFile    ... success: reloaded. 
17966      INFO  main            d.u.i.k.p.r.p.TestFile    Now processing file /home/runner/work/key/key/key.core/../key.ui/examples/completionscopes/testNestedExec.key 
17967      INFO  main            d.u.i.k.p.i.AbstractProblemLoader Loading environment from /home/runner/work/key/key/key.core/../key.ui/examples/completionscopes/testNestedExec.key 
17967      DEBUG main            d.u.i.k.p.i.AbstractProblemLoader Environment load took 207.8ns 
17969      INFO  main            d.u.i.k.p.i.AbstractProblemLoader Creating init config 
20474      DEBUG main            d.u.i.k.p.i.AbstractProblemLoader Init config took 2.5s 
20520      INFO  main            d.u.i.k.p.i.AbstractProblemLoader Replaying proof CompletionScopes[CompletionScopes::testMultCcatchClauses()].JML normal_behavior operation contract.0 
20522      DEBUG main            d.u.i.k.p.i.IntermediateProofReplayer Proof replay took 6.6ns 
20825      INFO  main            d.u.i.k.p.r.p.TestFile    ... finished proof: closed. 
20950      INFO  main            d.u.i.k.p.i.AbstractProblemLoader Loading environment from /home/runner/work/key/key/key.core/../key.ui/examples/completionscopes/testNestedExec.key.proof 
20950      DEBUG main            d.u.i.k.p.i.AbstractProblemLoader Environment load took 375.31ns 
20951      INFO  main            d.u.i.k.p.i.AbstractProblemLoader Creating init config 
23391      DEBUG main            d.u.i.k.p.i.AbstractProblemLoader Init config took 2.44s 
23436      INFO  main            d.u.i.k.p.i.AbstractProblemLoader Replaying proof CompletionScopes[CompletionScopes::testMultCcatchClauses()].JML normal_behavior operation contract.0 
23497      DEBUG main            d.u.i.k.p.i.IntermediateProofReplayer Proof replay took 57.25ms 
23498      DEBUG main            d.u.i.k.p.r.p.TestFile    ... success: reloaded. 
23500      INFO  main            d.u.i.k.p.r.p.TestFile    Now processing file /home/runner/work/key/key/key.core/../key.ui/examples/completionscopes/testCcatchBreakLabel.key 
23500      INFO  main            d.u.i.k.p.i.AbstractProblemLoader Loading environment from /home/runner/work/key/key/key.core/../key.ui/examples/completionscopes/testCcatchBreakLabel.key 
23500      DEBUG main            d.u.i.k.p.i.AbstractProblemLoader Environment load took 233ns 
23501      INFO  main            d.u.i.k.p.i.AbstractProblemLoader Creating init config 
25966      DEBUG main            d.u.i.k.p.i.AbstractProblemLoader Init config took 2.46s 
26015      INFO  main            d.u.i.k.p.i.AbstractProblemLoader Replaying proof CompletionScopes[CompletionScopes::testBreakLabel()].JML normal_behavior operation contract.0 
26018      DEBUG main            d.u.i.k.p.i.IntermediateProofReplayer Proof replay took 5.8ns 
26040      DEBUG Thread-10       d.u.i.k.l.o.ProgramSV     Match failed: Former match of  SchemaVariable incompatible with  the current match. 
26121      INFO  main            d.u.i.k.p.r.p.TestFile    ... finished proof: closed. 
26265      INFO  main            d.u.i.k.p.i.AbstractProblemLoader Loading environment from /home/runner/work/key/key/key.core/../key.ui/examples/completionscopes/testCcatchBreakLabel.key.proof 
26265      DEBUG main            d.u.i.k.p.i.AbstractProblemLoader Environment load took 132.5ns 
26266      INFO  main            d.u.i.k.p.i.AbstractProblemLoader Creating init config 
28720      DEBUG main            d.u.i.k.p.i.AbstractProblemLoader Init config took 2.45s 
28764      INFO  main            d.u.i.k.p.i.AbstractProblemLoader Replaying proof CompletionScopes[CompletionScopes::testBreakLabel()].JML normal_behavior operation contract.0 
28772      DEBUG main            d.u.i.k.p.i.IntermediateProofReplayer Proof replay took 6.72ms 
28773      DEBUG main            d.u.i.k.p.r.p.TestFile    ... success: reloaded. 
28774      INFO  main            d.u.i.k.p.r.p.TestFile    Now processing file /home/runner/work/key/key/key.core/../key.ui/examples/completionscopes/testCcatchContinueLabel.key 
28775      INFO  main            d.u.i.k.p.i.AbstractProblemLoader Loading environment from /home/runner/work/key/key/key.core/../key.ui/examples/completionscopes/testCcatchContinueLabel.key 
28775      DEBUG main            d.u.i.k.p.i.AbstractProblemLoader Environment load took 94.4ns 
28776      INFO  main            d.u.i.k.p.i.AbstractProblemLoader Creating init config 
31217      DEBUG main            d.u.i.k.p.i.AbstractProblemLoader Init config took 2.44s 
31260      INFO  main            d.u.i.k.p.i.AbstractProblemLoader Replaying proof CompletionScopes[CompletionScopes::testContinueLabel()].JML normal_behavior operation contract.0 
31262      DEBUG main            d.u.i.k.p.i.IntermediateProofReplayer Proof replay took 6.3ns 
31279      DEBUG Thread-13       d.u.i.k.l.o.ProgramSV     Match failed: Former match of  SchemaVariable incompatible with  the current match. 
31365      INFO  main            d.u.i.k.p.r.p.TestFile    ... finished proof: closed. 
31534      INFO  main            d.u.i.k.p.i.AbstractProblemLoader Loading environment from /home/runner/work/key/key/key.core/../key.ui/examples/completionscopes/testCcatchContinueLabel.key.proof 
31535      DEBUG main            d.u.i.k.p.i.AbstractProblemLoader Environment load took 146.8ns 
31536      INFO  main            d.u.i.k.p.i.AbstractProblemLoader Creating init config 
33984      DEBUG main            d.u.i.k.p.i.AbstractProblemLoader Init config took 2.45s 
34028      INFO  main            d.u.i.k.p.i.AbstractProblemLoader Replaying proof CompletionScopes[CompletionScopes::testContinueLabel()].JML normal_behavior operation contract.0 
34036      DEBUG main            d.u.i.k.p.i.IntermediateProofReplayer Proof replay took 6.79ms 
34037      DEBUG main            d.u.i.k.p.r.p.TestFile    ... success: reloaded. 
34038      INFO  main            d.u.i.k.p.r.p.TestFile    Now processing file /home/runner/work/key/key/key.core/../key.ui/examples/completionscopes/testCcatchBreakLabelWildcard.key 
34039      INFO  main            d.u.i.k.p.i.AbstractProblemLoader Loading environment from /home/runner/work/key/key/key.core/../key.ui/examples/completionscopes/testCcatchBreakLabelWildcard.key 
34039      DEBUG main            d.u.i.k.p.i.AbstractProblemLoader Environment load took 200.7ns 
34040      INFO  main            d.u.i.k.p.i.AbstractProblemLoader Creating init config 
36501      DEBUG main            d.u.i.k.p.i.AbstractProblemLoader Init config took 2.46s 
36543      INFO  main            d.u.i.k.p.i.AbstractProblemLoader Replaying proof CompletionScopes[CompletionScopes::testBreakLabelWildcard()].JML normal_behavior operation contract.0 
36545      DEBUG main            d.u.i.k.p.i.IntermediateProofReplayer Proof replay took 7.2ns 
36561      DEBUG Thread-16       d.u.i.k.l.o.ProgramSV     Match failed: Former match of  SchemaVariable incompatible with  the current match. 
36563      DEBUG Thread-16       d.u.i.k.l.o.ProgramSV     Match failed: Former match of  SchemaVariable incompatible with  the current match. 
36647      INFO  main            d.u.i.k.p.r.p.TestFile    ... finished proof: closed. 
36863      INFO  main            d.u.i.k.p.i.AbstractProblemLoader Loading environment from /home/runner/work/key/key/key.core/../key.ui/examples/completionscopes/testCcatchBreakLabelWildcard.key.proof 
36863      DEBUG main            d.u.i.k.p.i.AbstractProblemLoader Environment load took 139.3ns 
36864      INFO  main            d.u.i.k.p.i.AbstractProblemLoader Creating init config 
39275      DEBUG main            d.u.i.k.p.i.AbstractProblemLoader Init config took 2.41s 
39319      INFO  main            d.u.i.k.p.i.AbstractProblemLoader Replaying proof CompletionScopes[CompletionScopes::testBreakLabelWildcard()].JML normal_behavior operation contract.0 
39328      DEBUG main            d.u.i.k.p.i.IntermediateProofReplayer Proof replay took 6.3ms 
39329      DEBUG main            d.u.i.k.p.r.p.TestFile    ... success: reloaded. 
39330      INFO  main            d.u.i.k.p.r.p.TestFile    Now processing file /home/runner/work/key/key/key.core/../key.ui/examples/completionscopes/testCcatchContinueLabelWildcard.key 
39330      INFO  main            d.u.i.k.p.i.AbstractProblemLoader Loading environment from /home/runner/work/key/key/key.core/../key.ui/examples/completionscopes/testCcatchContinueLabelWildcard.key 
39330      DEBUG main            d.u.i.k.p.i.AbstractProblemLoader Environment load took 188.1ns 
39332      INFO  main            d.u.i.k.p.i.AbstractProblemLoader Creating init config 
41751      DEBUG main            d.u.i.k.p.i.AbstractProblemLoader Init config took 2.42s 
41810      INFO  main            d.u.i.k.p.i.AbstractProblemLoader Replaying proof CompletionScopes[CompletionScopes::testContinueLabelWildcard()].JML normal_behavior operation contract.0 
41812      DEBUG main            d.u.i.k.p.i.IntermediateProofReplayer Proof replay took 7.4ns 
41832      DEBUG Thread-19       d.u.i.k.l.o.ProgramSV     Match failed: Former match of  SchemaVariable incompatible with  the current match. 
41833      DEBUG Thread-19       d.u.i.k.l.o.ProgramSV     Match failed: Former match of  SchemaVariable incompatible with  the current match. 
41918      INFO  main            d.u.i.k.p.r.p.TestFile    ... finished proof: closed. 
42079      INFO  main            d.u.i.k.p.i.AbstractProblemLoader Loading environment from /home/runner/work/key/key/key.core/../key.ui/examples/completionscopes/testCcatchContinueLabelWildcard.key.proof 
42079      DEBUG main            d.u.i.k.p.i.AbstractProblemLoader Environment load took 138.9ns 
42080      INFO  main            d.u.i.k.p.i.AbstractProblemLoader Creating init config 
44478      DEBUG main            d.u.i.k.p.i.AbstractProblemLoader Init config took 2.4s 
44519      INFO  main            d.u.i.k.p.i.AbstractProblemLoader Replaying proof CompletionScopes[CompletionScopes::testContinueLabelWildcard()].JML normal_behavior operation contract.0 
44527      DEBUG main            d.u.i.k.p.i.IntermediateProofReplayer Proof replay took 6.15ms 
44528      DEBUG main            d.u.i.k.p.r.p.TestFile    ... success: reloaded. 
44529      INFO  main            d.u.i.k.p.r.p.TestFile    Now processing file /home/runner/work/key/key/key.core/../key.ui/examples/completionscopes/testCcatchBreakLabelNonmatchingNested.key 
44530      INFO  main            d.u.i.k.p.i.AbstractProblemLoader Loading environment from /home/runner/work/key/key/key.core/../key.ui/examples/completionscopes/testCcatchBreakLabelNonmatchingNested.key 
44530      DEBUG main            d.u.i.k.p.i.AbstractProblemLoader Environment load took 186ns 
44531      INFO  main            d.u.i.k.p.i.AbstractProblemLoader Creating init config 
46959      DEBUG main            d.u.i.k.p.i.AbstractProblemLoader Init config took 2.43s 
47002      INFO  main            d.u.i.k.p.i.AbstractProblemLoader Replaying proof CompletionScopes[CompletionScopes::testBreakLabelNonmatchingNested()].JML normal_behavior operation contract.0 
47004      DEBUG main            d.u.i.k.p.i.IntermediateProofReplayer Proof replay took 7.5ns 
47022      DEBUG Thread-22       d.u.i.k.l.o.ProgramSV     Match failed: Former match of  SchemaVariable incompatible with  the current match. 
47023      DEBUG Thread-22       d.u.i.k.l.o.ProgramSV     Match failed: Former match of  SchemaVariable incompatible with  the current match. 
47110      INFO  main            d.u.i.k.p.r.p.TestFile    ... finished proof: closed. 
47275      INFO  main            d.u.i.k.p.i.AbstractProblemLoader Loading environment from /home/runner/work/key/key/key.core/../key.ui/examples/completionscopes/testCcatchBreakLabelNonmatchingNested.key.proof 
47275      DEBUG main            d.u.i.k.p.i.AbstractProblemLoader Environment load took 128.9ns 
47277      INFO  main            d.u.i.k.p.i.AbstractProblemLoader Creating init config 
49639      DEBUG main            d.u.i.k.p.i.AbstractProblemLoader Init config took 2.36s 
49692      INFO  main            d.u.i.k.p.i.AbstractProblemLoader Replaying proof CompletionScopes[CompletionScopes::testBreakLabelNonmatchingNested()].JML normal_behavior operation contract.0 
49704      DEBUG main            d.u.i.k.p.i.IntermediateProofReplayer Proof replay took 7.59ms 
49705      DEBUG main            d.u.i.k.p.r.p.TestFile    ... success: reloaded. 
4948365    INFO  Test worker     d.u.i.k.p.r.p.StatisticsFile Returning from test completionScopes 
4948367    INFO  Test worker     d.u.i.k.p.r.p.StatisticsFile Running test reload_examples 
380        INFO  Timeout watchdog d.u.i.k.p.r.p.ForkedTestFileRunner Timeout watcher launched (2000 secs.) 
403        WARN  main            d.u.i.k.s.ProofSettings   The settings in /home/runner/.key/proof-settings.props are *not* read. 
441        INFO  main            d.u.i.k.p.r.p.TestFile    Now processing file /home/runner/work/key/key/key.core/../key.ui/examples/firstTouch/05-ReverseArray/reverseArray.key 
542        INFO  main            d.u.i.k.p.i.AbstractProblemLoader Loading environment from /home/runner/work/key/key/key.core/../key.ui/examples/firstTouch/05-ReverseArray/reverseArray.key 
567        DEBUG main            d.u.i.k.p.i.AbstractProblemLoader Environment load took 2.17ms 
803        INFO  main            d.u.i.k.p.i.AbstractProblemLoader Creating init config 
1772       DEBUG main            d.u.i.k.j.TypeConverter   No LDT found for Meta 
1772       DEBUG main            d.u.i.k.j.TypeConverter   No LDT found for Meta 
1776       DEBUG main            d.u.i.k.j.TypeConverter   No LDT found for Meta 
1776       DEBUG main            d.u.i.k.j.TypeConverter   No LDT found for Meta 
3412       DEBUG main            d.u.i.k.j.TypeConverter   No LDT found for JavaBigintExpression 
8347       DEBUG main            d.u.i.k.p.i.AbstractProblemLoader Init config took 7.54s 
8447       INFO  main            d.u.i.k.p.i.AbstractProblemLoader Replaying proof ReverseArray[ReverseArray::reverse()].JML normal_behavior operation contract.0 
8498       DEBUG main            d.u.i.k.p.i.IntermediateProofReplayer Proof replay took 36.9ns 
18338      INFO  main            d.u.i.k.p.r.p.TestFile    ... finished proof: closed. 
18615      INFO  main            d.u.i.k.p.i.AbstractProblemLoader Loading environment from /home/runner/work/key/key/key.core/../key.ui/examples/firstTouch/05-ReverseArray/reverseArray.key.proof 
18615      DEBUG main            d.u.i.k.p.i.AbstractProblemLoader Environment load took 410.91ns 
18620      INFO  main            d.u.i.k.p.i.AbstractProblemLoader Creating init config 
21474      DEBUG main            d.u.i.k.p.i.AbstractProblemLoader Init config took 2.85s 
21518      INFO  main            d.u.i.k.p.i.AbstractProblemLoader Replaying proof ReverseArray[ReverseArray::reverse()].JML normal_behavior operation contract.0 
22099      DEBUG main            d.u.i.k.p.i.IntermediateProofReplayer Proof replay took 522.27ms 
22113      DEBUG main            d.u.i.k.p.r.p.TestFile    ... success: reloaded. 
22115      INFO  main            d.u.i.k.p.r.p.TestFile    Now processing file /home/runner/work/key/key/key.core/../key.ui/examples/standard_key/arith/saveProofTest.key.proof 
22115      INFO  main            d.u.i.k.p.i.AbstractProblemLoader Loading environment from /home/runner/work/key/key/key.core/../key.ui/examples/standard_key/arith/saveProofTest.key.proof 
22116      DEBUG main            d.u.i.k.p.i.AbstractProblemLoader Environment load took 211.3ns 
22117      INFO  main            d.u.i.k.p.i.AbstractProblemLoader Creating init config 
24671      DEBUG main            d.u.i.k.p.i.AbstractProblemLoader Init config took 2.55s 
24697      INFO  main            d.u.i.k.p.i.AbstractProblemLoader Replaying proof saveProofTest.key.proof 
24704      DEBUG main            d.u.i.k.p.i.IntermediateProofReplayer Proof replay took 2.47ms 
24705      INFO  main            d.u.i.k.p.r.p.TestFile    ... success: loaded 
24706      INFO  main            d.u.i.k.p.r.p.TestFile    Now processing file /home/runner/work/key/key/key.core/../key.ui/examples/heap/permutedSum/perm.proof 
24706      INFO  main            d.u.i.k.p.i.AbstractProblemLoader Loading environment from /home/runner/work/key/key/key.core/../key.ui/examples/heap/permutedSum/perm.proof 
24707      DEBUG main            d.u.i.k.p.i.AbstractProblemLoader Environment load took 229.8ns 
24710      INFO  main            d.u.i.k.p.i.AbstractProblemLoader Creating init config 
27320      DEBUG main            d.u.i.k.p.i.AbstractProblemLoader Init config took 2.61s 
27425      INFO  main            d.u.i.k.p.i.AbstractProblemLoader Replaying proof Perm[Perm::foo()].JML normal_behavior operation contract.0 
28150      DEBUG main            d.u.i.k.p.i.IntermediateProofReplayer Proof replay took 674.73ms 
28153      INFO  main            d.u.i.k.p.r.p.TestFile    ... success: loaded 
28156      INFO  main            d.u.i.k.p.r.p.TestFile    Now processing file /home/runner/work/key/key/key.core/../key.ui/examples/firstTouch/05-ReverseArray/reverseArray.proof 
28156      INFO  main            d.u.i.k.p.i.AbstractProblemLoader Loading environment from /home/runner/work/key/key/key.core/../key.ui/examples/firstTouch/05-ReverseArray/reverseArray.proof 
28156      DEBUG main            d.u.i.k.p.i.AbstractProblemLoader Environment load took 207.3ns 
28160      INFO  main            d.u.i.k.p.i.AbstractProblemLoader Creating init config 
30803      DEBUG main            d.u.i.k.p.i.AbstractProblemLoader Init config took 2.64s 
30868      INFO  main            d.u.i.k.p.i.AbstractProblemLoader Replaying proof ReverseArray[ReverseArray::reverse()].JML normal_behavior operation contract.0 
31277      DEBUG main            d.u.i.k.p.i.IntermediateProofReplayer Proof replay took 369.92ms 
31281      INFO  main            d.u.i.k.p.r.p.TestFile    ... success: loaded 
31282      INFO  main            d.u.i.k.p.r.p.TestFile    Now processing file /home/runner/work/key/key/key.core/../key.ui/examples/heap/verifyThis15_1_RelaxedPrefix/relax.proof 
31282      INFO  main            d.u.i.k.p.i.AbstractProblemLoader Loading environment from /home/runner/work/key/key/key.core/../key.ui/examples/heap/verifyThis15_1_RelaxedPrefix/relax.proof 
31282      DEBUG main            d.u.i.k.p.i.AbstractProblemLoader Environment load took 232.5ns 
31285      INFO  main            d.u.i.k.p.i.AbstractProblemLoader Creating init config 
33988      DEBUG main            d.u.i.k.p.i.AbstractProblemLoader Init config took 2.7s 
34033      INFO  main            d.u.i.k.p.i.AbstractProblemLoader Replaying proof Relaxed[Relaxed::isRelaxedPrefix([I,[I)].JML operation contract.0 
34389      DEBUG main            d.u.i.k.p.i.IntermediateProofReplayer Proof replay took 335.81ms 
34390      INFO  main            d.u.i.k.p.r.p.TestFile    ... success: loaded 
34392      INFO  main            d.u.i.k.p.r.p.TestFile    Now processing file /home/runner/work/key/key/key.core/../key.ui/examples/heap/verifyThis15_3_DLL/doUndo.proof 
34392      INFO  main            d.u.i.k.p.i.AbstractProblemLoader Loading environment from /home/runner/work/key/key/key.core/../key.ui/examples/heap/verifyThis15_3_DLL/doUndo.proof 
34392      DEBUG main            d.u.i.k.p.i.AbstractProblemLoader Environment load took 236.8ns 
34395      INFO  main            d.u.i.k.p.i.AbstractProblemLoader Creating init config 
35328      DEBUG main            d.u.i.k.j.r.ClassPreparationMethodBuilder clPrepBuilder: Inner Class detected. Reject building class initialisation methods. 
37211      DEBUG main            d.u.i.k.p.i.AbstractProblemLoader Init config took 2.82s 
37286      INFO  main            d.u.i.k.p.i.AbstractProblemLoader Replaying proof DoubleLinkedList[DoubleLinkedList::doUndo(DoubleLinkedList.Node,int)].JML normal_behavior operation contract.0 
37716      DEBUG main            d.u.i.k.p.i.IntermediateProofReplayer Proof replay took 397.09ms 
37718      INFO  main            d.u.i.k.p.r.p.TestFile    ... success: loaded 
37719      INFO  main            d.u.i.k.p.r.p.TestFile    Now processing file /home/runner/work/key/key/key.core/../key.ui/examples/heap/verifyThis15_2_ParallelGcd/parallelGcd.proof 
37720      INFO  main            d.u.i.k.p.i.AbstractProblemLoader Loading environment from /home/runner/work/key/key/key.core/../key.ui/examples/heap/verifyThis15_2_ParallelGcd/parallelGcd.proof 
37720      DEBUG main            d.u.i.k.p.i.AbstractProblemLoader Environment load took 196.5ns 
37721      INFO  main            d.u.i.k.p.i.AbstractProblemLoader Creating init config 
40357      DEBUG main            d.u.i.k.p.i.AbstractProblemLoader Init config took 2.64s 
40439      INFO  main            d.u.i.k.p.i.AbstractProblemLoader Replaying proof ParallelGcd[ParallelGcd::parallelGcd(int,int,[Z)].JML behavior operation contract.0 
40858      DEBUG main            d.u.i.k.p.i.IntermediateProofReplayer Proof replay took 402.66ms 
40859      INFO  main            d.u.i.k.p.r.p.TestFile    ... success: loaded 
4989420    INFO  Test worker     d.u.i.k.p.r.p.StatisticsFile Returning from test reload_examples 
4989421    INFO  Test worker     d.u.i.k.p.r.p.StatisticsFile Running test proofLoadRepair 
352        INFO  Timeout watchdog d.u.i.k.p.r.p.ForkedTestFileRunner Timeout watcher launched (2000 secs.) 
360        WARN  main            d.u.i.k.s.ProofSettings   The settings in /home/runner/.key/proof-settings.props are *not* read. 
386        INFO  main            d.u.i.k.p.r.p.TestFile    Now processing file /home/runner/work/key/key/key.core/../key.ui/examples/proofLoadRepair/disjConj-manipulated.proof 
490        INFO  main            d.u.i.k.p.i.AbstractProblemLoader Loading environment from /home/runner/work/key/key/key.core/../key.ui/examples/proofLoadRepair/disjConj-manipulated.proof 
518        DEBUG main            d.u.i.k.p.i.AbstractProblemLoader Environment load took 1.96ms 
786        INFO  main            d.u.i.k.p.i.AbstractProblemLoader Creating init config 
1751       DEBUG main            d.u.i.k.j.TypeConverter   No LDT found for Meta 
1752       DEBUG main            d.u.i.k.j.TypeConverter   No LDT found for Meta 
1755       DEBUG main            d.u.i.k.j.TypeConverter   No LDT found for Meta 
1756       DEBUG main            d.u.i.k.j.TypeConverter   No LDT found for Meta 
3101       DEBUG main            d.u.i.k.j.TypeConverter   No LDT found for JavaBigintExpression 
7835       DEBUG main            d.u.i.k.p.i.AbstractProblemLoader Init config took 7.05s 
7893       INFO  main            d.u.i.k.p.i.AbstractProblemLoader Replaying proof disjConj-manipulated.proof 
7936       WARN  main            d.u.i.k.p.i.IntermediateProofReplayer Proof contains wrong number of \assumes instatiations for andLeft 
7937       WARN  main            d.u.i.k.p.i.IntermediateProofReplayer Proof contains wrong number of \assumes instatiations for replace_known_right 
7940       WARN  main            d.u.i.k.p.i.IntermediateProofReplayer Proof contains wrong number of \assumes instatiations for close 
7941       DEBUG main            d.u.i.k.p.i.IntermediateProofReplayer Proof replay took 13.34ms 
7945       INFO  main            d.u.i.k.p.r.p.TestFile    ... success: loaded 
7949       INFO  main            d.u.i.k.p.r.p.TestFile    Now processing file /home/runner/work/key/key/key.core/../key.ui/examples/proofLoadRepair/insufficient-manipulated.proof 
7950       INFO  main            d.u.i.k.p.i.AbstractProblemLoader Loading environment from /home/runner/work/key/key/key.core/../key.ui/examples/proofLoadRepair/insufficient-manipulated.proof 
7950       DEBUG main            d.u.i.k.p.i.AbstractProblemLoader Environment load took 257.9ns 
7954       INFO  main            d.u.i.k.p.i.AbstractProblemLoader Creating init config 
10704      DEBUG main            d.u.i.k.p.i.AbstractProblemLoader Init config took 2.75s 
10722      INFO  main            d.u.i.k.p.i.AbstractProblemLoader Replaying proof insufficient-manipulated.proof 
10740      WARN  main            d.u.i.k.p.i.IntermediateProofReplayer Proof contains wrong number of \assumes instatiations for applyEq 
10749      DEBUG main            d.u.i.k.p.i.IntermediateProofReplayer Proof replay took 10.57ms 
10752      INFO  main            d.u.i.k.p.r.p.TestFile    ... success: loading failed 
10754      INFO  main            d.u.i.k.p.r.p.TestFile    Now processing file /home/runner/work/key/key/key.core/../key.ui/examples/../../key.core/src/test/resources/testcase/issues/1716/incorrectPolarity.proof 
10754      INFO  main            d.u.i.k.p.i.AbstractProblemLoader Loading environment from /home/runner/work/key/key/key.core/../key.ui/examples/../../key.core/src/test/resources/testcase/issues/1716/incorrectPolarity.proof 
10754      DEBUG main            d.u.i.k.p.i.AbstractProblemLoader Environment load took 216.4ns 
10756      INFO  main            d.u.i.k.p.i.AbstractProblemLoader Creating init config 
13588      DEBUG main            d.u.i.k.p.i.AbstractProblemLoader Init config took 2.83s 
13618      INFO  main            d.u.i.k.p.i.AbstractProblemLoader Replaying proof incorrectPolarity.proof 
13621      DEBUG main            d.u.i.k.p.i.IntermediateProofReplayer Proof replay took 208.4ns 
13622      INFO  main            d.u.i.k.p.r.p.TestFile    ... success: loading failed 
13623      INFO  main            d.u.i.k.p.r.p.TestFile    Now processing file /home/runner/work/key/key/key.core/../key.ui/examples/../../key.core/src/test/resources/testcase/issues/1716/incorrectPolarity2.proof 
13623      INFO  main            d.u.i.k.p.i.AbstractProblemLoader Loading environment from /home/runner/work/key/key/key.core/../key.ui/examples/../../key.core/src/test/resources/testcase/issues/1716/incorrectPolarity2.proof 
13623      DEBUG main            d.u.i.k.p.i.AbstractProblemLoader Environment load took 217.5ns 
13625      INFO  main            d.u.i.k.p.i.AbstractProblemLoader Creating init config 
16148      DEBUG main            d.u.i.k.p.i.AbstractProblemLoader Init config took 2.52s 
16171      INFO  main            d.u.i.k.p.i.AbstractProblemLoader Replaying proof incorrectPolarity2.proof 
16174      DEBUG main            d.u.i.k.p.i.IntermediateProofReplayer Proof replay took 422.21ns 
16175      INFO  main            d.u.i.k.p.r.p.TestFile    ... success: loading failed 
16176      INFO  main            d.u.i.k.p.r.p.TestFile    Now processing file /home/runner/work/key/key/key.core/../key.ui/examples/../../key.core/src/test/resources/testcase/issues/1716/incorrectPolarity3.proof 
16176      INFO  main            d.u.i.k.p.i.AbstractProblemLoader Loading environment from /home/runner/work/key/key/key.core/../key.ui/examples/../../key.core/src/test/resources/testcase/issues/1716/incorrectPolarity3.proof 
16177      DEBUG main            d.u.i.k.p.i.AbstractProblemLoader Environment load took 227.1ns 
16178      INFO  main            d.u.i.k.p.i.AbstractProblemLoader Creating init config 
18642      DEBUG main            d.u.i.k.p.i.AbstractProblemLoader Init config took 2.46s 
18663      INFO  main            d.u.i.k.p.i.AbstractProblemLoader Replaying proof incorrectPolarity3.proof 
18667      DEBUG main            d.u.i.k.p.i.IntermediateProofReplayer Proof replay took 1.04ms 
18667      INFO  main            d.u.i.k.p.r.p.TestFile    ... success: loading failed 
5008289    INFO  Test worker     d.u.i.k.p.r.p.StatisticsFile Returning from test proofLoadRepair 
5008291    INFO  Test worker     d.u.i.k.p.r.p.StatisticsFile Running test switch 
439        INFO  Timeout watchdog d.u.i.k.p.r.p.ForkedTestFileRunner Timeout watcher launched (2000 secs.) 
458        WARN  main            d.u.i.k.s.ProofSettings   The settings in /home/runner/.key/proof-settings.props are *not* read. 
486        INFO  main            d.u.i.k.p.r.p.TestFile    Now processing file /home/runner/work/key/key/key.core/../key.ui/examples/standard_key/java_dl/switch/labeled_case.key 
583        INFO  main            d.u.i.k.p.i.AbstractProblemLoader Loading environment from /home/runner/work/key/key/key.core/../key.ui/examples/standard_key/java_dl/switch/labeled_case.key 
604        DEBUG main            d.u.i.k.p.i.AbstractProblemLoader Environment load took 1.84ms 
816        INFO  main            d.u.i.k.p.i.AbstractProblemLoader Creating init config 
1777       DEBUG main            d.u.i.k.j.TypeConverter   No LDT found for Meta 
1778       DEBUG main            d.u.i.k.j.TypeConverter   No LDT found for Meta 
1781       DEBUG main            d.u.i.k.j.TypeConverter   No LDT found for Meta 
1781       DEBUG main            d.u.i.k.j.TypeConverter   No LDT found for Meta 
3334       DEBUG main            d.u.i.k.j.TypeConverter   No LDT found for JavaBigintExpression 
8796       DEBUG main            d.u.i.k.p.i.AbstractProblemLoader Init config took 7.98s 
8916       INFO  main            d.u.i.k.p.i.AbstractProblemLoader Replaying proof LabeledCase[LabeledCase::m(int)].JML normal_behavior operation contract.0 
8949       DEBUG main            d.u.i.k.p.i.IntermediateProofReplayer Proof replay took 33.1ns 
9573       INFO  main            d.u.i.k.p.r.p.TestFile    ... finished proof: closed. 
9683       INFO  main            d.u.i.k.p.i.AbstractProblemLoader Loading environment from /home/runner/work/key/key/key.core/../key.ui/examples/standard_key/java_dl/switch/labeled_case.key.proof 
9684       DEBUG main            d.u.i.k.p.i.AbstractProblemLoader Environment load took 476.31ns 
9686       INFO  main            d.u.i.k.p.i.AbstractProblemLoader Creating init config 
12542      DEBUG main            d.u.i.k.p.i.AbstractProblemLoader Init config took 2.86s 
12602      INFO  main            d.u.i.k.p.i.AbstractProblemLoader Replaying proof LabeledCase[LabeledCase::m(int)].JML normal_behavior operation contract.0 
12656      DEBUG main            d.u.i.k.p.i.IntermediateProofReplayer Proof replay took 49.15ms 
12663      DEBUG main            d.u.i.k.p.r.p.TestFile    ... success: reloaded. 
12665      INFO  main            d.u.i.k.p.r.p.TestFile    Now processing file /home/runner/work/key/key/key.core/../key.ui/examples/standard_key/java_dl/switch/empty_switch.key 
12665      INFO  main            d.u.i.k.p.i.AbstractProblemLoader Loading environment from /home/runner/work/key/key/key.core/../key.ui/examples/standard_key/java_dl/switch/empty_switch.key 
12665      DEBUG main            d.u.i.k.p.i.AbstractProblemLoader Environment load took 213.6ns 
12667      INFO  main            d.u.i.k.p.i.AbstractProblemLoader Creating init config 
15326      DEBUG main            d.u.i.k.p.i.AbstractProblemLoader Init config took 2.66s 
15355      INFO  main            d.u.i.k.p.i.AbstractProblemLoader Replaying proof empty_switch.key 
15358      DEBUG main            d.u.i.k.p.i.IntermediateProofReplayer Proof replay took 6.6ns 
15461      INFO  main            d.u.i.k.p.r.p.TestFile    ... finished proof: closed. 
15596      INFO  main            d.u.i.k.p.i.AbstractProblemLoader Loading environment from /home/runner/work/key/key/key.core/../key.ui/examples/standard_key/java_dl/switch/empty_switch.key.proof 
15596      DEBUG main            d.u.i.k.p.i.AbstractProblemLoader Environment load took 141.7ns 
15600      INFO  main            d.u.i.k.p.i.AbstractProblemLoader Creating init config 
18210      DEBUG main            d.u.i.k.p.i.AbstractProblemLoader Init config took 2.61s 
18234      INFO  main            d.u.i.k.p.i.AbstractProblemLoader Replaying proof empty_switch.key.proof 
18239      DEBUG main            d.u.i.k.p.i.IntermediateProofReplayer Proof replay took 1.82ms 
18240      DEBUG main            d.u.i.k.p.r.p.TestFile    ... success: reloaded. 
18241      INFO  main            d.u.i.k.p.r.p.TestFile    Now processing file /home/runner/work/key/key/key.core/../key.ui/examples/standard_key/java_dl/switch/empty_switch_null.key 
18241      INFO  main            d.u.i.k.p.i.AbstractProblemLoader Loading environment from /home/runner/work/key/key/key.core/../key.ui/examples/standard_key/java_dl/switch/empty_switch_null.key 
18241      DEBUG main            d.u.i.k.p.i.AbstractProblemLoader Environment load took 195.8ns 
18243      INFO  main            d.u.i.k.p.i.AbstractProblemLoader Creating init config 
20816      DEBUG main            d.u.i.k.p.i.AbstractProblemLoader Init config took 2.57s 
20838      INFO  main            d.u.i.k.p.i.AbstractProblemLoader Replaying proof empty_switch_null.key 
20840      DEBUG main            d.u.i.k.p.i.IntermediateProofReplayer Proof replay took 6.5ns 
21043      INFO  main            d.u.i.k.p.r.p.TestFile    ... finished proof: closed. 
21184      INFO  main            d.u.i.k.p.i.AbstractProblemLoader Loading environment from /home/runner/work/key/key/key.core/../key.ui/examples/standard_key/java_dl/switch/empty_switch_null.key.proof 
21185      DEBUG main            d.u.i.k.p.i.AbstractProblemLoader Environment load took 1.29ms 
21187      INFO  main            d.u.i.k.p.i.AbstractProblemLoader Creating init config 
23780      DEBUG main            d.u.i.k.p.i.AbstractProblemLoader Init config took 2.59s 
23802      INFO  main            d.u.i.k.p.i.AbstractProblemLoader Replaying proof empty_switch_null.key.proof 
23829      DEBUG main            d.u.i.k.p.i.IntermediateProofReplayer Proof replay took 24.59ms 
23830      DEBUG main            d.u.i.k.p.r.p.TestFile    ... success: reloaded. 
23831      INFO  main            d.u.i.k.p.r.p.TestFile    Now processing file /home/runner/work/key/key/key.core/../key.ui/examples/standard_key/java_dl/switch/empty_switch_null_catch.key 
23832      INFO  main            d.u.i.k.p.i.AbstractProblemLoader Loading environment from /home/runner/work/key/key/key.core/../key.ui/examples/standard_key/java_dl/switch/empty_switch_null_catch.key 
23832      DEBUG main            d.u.i.k.p.i.AbstractProblemLoader Environment load took 186.1ns 
23833      INFO  main            d.u.i.k.p.i.AbstractProblemLoader Creating init config 
26392      DEBUG main            d.u.i.k.p.i.AbstractProblemLoader Init config took 2.56s 
26415      INFO  main            d.u.i.k.p.i.AbstractProblemLoader Replaying proof empty_switch_null_catch.key 
26417      DEBUG main            d.u.i.k.p.i.IntermediateProofReplayer Proof replay took 6.1ns 
26623      INFO  main            d.u.i.k.p.r.p.TestFile    ... finished proof: closed. 
26798      INFO  main            d.u.i.k.p.i.AbstractProblemLoader Loading environment from /home/runner/work/key/key/key.core/../key.ui/examples/standard_key/java_dl/switch/empty_switch_null_catch.key.proof 
26798      DEBUG main            d.u.i.k.p.i.AbstractProblemLoader Environment load took 363.81ns 
26800      INFO  main            d.u.i.k.p.i.AbstractProblemLoader Creating init config 
29315      DEBUG main            d.u.i.k.p.i.AbstractProblemLoader Init config took 2.52s 
29336      INFO  main            d.u.i.k.p.i.AbstractProblemLoader Replaying proof empty_switch_null_catch.key.proof 
29367      DEBUG main            d.u.i.k.p.i.IntermediateProofReplayer Proof replay took 28.39ms 
29368      DEBUG main            d.u.i.k.p.r.p.TestFile    ... success: reloaded. 
29369      INFO  main            d.u.i.k.p.r.p.TestFile    Now processing file /home/runner/work/key/key/key.core/../key.ui/examples/standard_key/java_dl/switch/empty_switch_array_out_of_bounds.key 
29370      INFO  main            d.u.i.k.p.i.AbstractProblemLoader Loading environment from /home/runner/work/key/key/key.core/../key.ui/examples/standard_key/java_dl/switch/empty_switch_array_out_of_bounds.key 
29370      DEBUG main            d.u.i.k.p.i.AbstractProblemLoader Environment load took 184.8ns 
29371      INFO  main            d.u.i.k.p.i.AbstractProblemLoader Creating init config 
31936      DEBUG main            d.u.i.k.p.i.AbstractProblemLoader Init config took 2.57s 
31956      INFO  main            d.u.i.k.p.i.AbstractProblemLoader Replaying proof empty_switch_array_out_of_bounds.key 
31966      DEBUG main            d.u.i.k.p.i.IntermediateProofReplayer Proof replay took 6.5ns 
32271      INFO  main            d.u.i.k.p.r.p.TestFile    ... finished proof: closed. 
32449      INFO  main            d.u.i.k.p.i.AbstractProblemLoader Loading environment from /home/runner/work/key/key/key.core/../key.ui/examples/standard_key/java_dl/switch/empty_switch_array_out_of_bounds.key.proof 
32449      DEBUG main            d.u.i.k.p.i.AbstractProblemLoader Environment load took 138.8ns 
32450      INFO  main            d.u.i.k.p.i.AbstractProblemLoader Creating init config 
34924      DEBUG main            d.u.i.k.p.i.AbstractProblemLoader Init config took 2.47s 
34944      INFO  main            d.u.i.k.p.i.AbstractProblemLoader Replaying proof empty_switch_array_out_of_bounds.key.proof 
34996      DEBUG main            d.u.i.k.p.i.IntermediateProofReplayer Proof replay took 48.75ms 
34997      DEBUG main            d.u.i.k.p.r.p.TestFile    ... success: reloaded. 
34998      INFO  main            d.u.i.k.p.r.p.TestFile    Now processing file /home/runner/work/key/key/key.core/../key.ui/examples/standard_key/java_dl/switch/empty_switch_array_out_of_bounds_catch.key 
34999      INFO  main            d.u.i.k.p.i.AbstractProblemLoader Loading environment from /home/runner/work/key/key/key.core/../key.ui/examples/standard_key/java_dl/switch/empty_switch_array_out_of_bounds_catch.key 
34999      DEBUG main            d.u.i.k.p.i.AbstractProblemLoader Environment load took 249.1ns 
35000      INFO  main            d.u.i.k.p.i.AbstractProblemLoader Creating init config 
37528      DEBUG main            d.u.i.k.p.i.AbstractProblemLoader Init config took 2.53s 
37549      INFO  main            d.u.i.k.p.i.AbstractProblemLoader Replaying proof empty_switch_array_out_of_bounds_catch.key 
37552      DEBUG main            d.u.i.k.p.i.IntermediateProofReplayer Proof replay took 6.9ns 
37755      INFO  main            d.u.i.k.p.r.p.TestFile    ... finished proof: closed. 
37922      INFO  main            d.u.i.k.p.i.AbstractProblemLoader Loading environment from /home/runner/work/key/key/key.core/../key.ui/examples/standard_key/java_dl/switch/empty_switch_array_out_of_bounds_catch.key.proof 
37922      DEBUG main            d.u.i.k.p.i.AbstractProblemLoader Environment load took 133.3ns 
37925      INFO  main            d.u.i.k.p.i.AbstractProblemLoader Creating init config 
40418      DEBUG main            d.u.i.k.p.i.AbstractProblemLoader Init config took 2.49s 
40439      INFO  main            d.u.i.k.p.i.AbstractProblemLoader Replaying proof empty_switch_array_out_of_bounds_catch.key.proof 
40502      DEBUG main            d.u.i.k.p.i.IntermediateProofReplayer Proof replay took 58.8ms 
40503      DEBUG main            d.u.i.k.p.r.p.TestFile    ... success: reloaded. 
40504      INFO  main            d.u.i.k.p.r.p.TestFile    Now processing file /home/runner/work/key/key/key.core/../key.ui/examples/standard_key/java_dl/switch/switch_in_switch.key 
40505      INFO  main            d.u.i.k.p.i.AbstractProblemLoader Loading environment from /home/runner/work/key/key/key.core/../key.ui/examples/standard_key/java_dl/switch/switch_in_switch.key 
40505      DEBUG main            d.u.i.k.p.i.AbstractProblemLoader Environment load took 202.5ns 
40506      INFO  main            d.u.i.k.p.i.AbstractProblemLoader Creating init config 
43166      DEBUG main            d.u.i.k.p.i.AbstractProblemLoader Init config took 2.66s 
43222      INFO  main            d.u.i.k.p.i.AbstractProblemLoader Replaying proof SwitchInSwitch[SwitchInSwitch::m(int)].JML normal_behavior operation contract.0 
43224      DEBUG main            d.u.i.k.p.i.IntermediateProofReplayer Proof replay took 6.5ns 
47180      INFO  main            d.u.i.k.p.r.p.TestFile    ... finished proof: closed. 
47477      INFO  main            d.u.i.k.p.i.AbstractProblemLoader Loading environment from /home/runner/work/key/key/key.core/../key.ui/examples/standard_key/java_dl/switch/switch_in_switch.key.proof 
47480      DEBUG main            d.u.i.k.p.i.AbstractProblemLoader Environment load took 3.33ms 
47482      INFO  main            d.u.i.k.p.i.AbstractProblemLoader Creating init config 
50023      DEBUG main            d.u.i.k.p.i.AbstractProblemLoader Init config took 2.54s 
50066      INFO  main            d.u.i.k.p.i.AbstractProblemLoader Replaying proof SwitchInSwitch[SwitchInSwitch::m(int)].JML normal_behavior operation contract.0 
50423      DEBUG main            d.u.i.k.p.i.IntermediateProofReplayer Proof replay took 329.97ms 
50425      DEBUG main            d.u.i.k.p.r.p.TestFile    ... success: reloaded. 
50426      INFO  main            d.u.i.k.p.r.p.TestFile    Now processing file /home/runner/work/key/key/key.core/../key.ui/examples/standard_key/java_dl/switch/while_and_switch.key 
50427      INFO  main            d.u.i.k.p.i.AbstractProblemLoader Loading environment from /home/runner/work/key/key/key.core/../key.ui/examples/standard_key/java_dl/switch/while_and_switch.key 
50427      DEBUG main            d.u.i.k.p.i.AbstractProblemLoader Environment load took 195.7ns 
50428      INFO  main            d.u.i.k.p.i.AbstractProblemLoader Creating init config 
53075      DEBUG main            d.u.i.k.p.i.AbstractProblemLoader Init config took 2.65s 
53118      INFO  main            d.u.i.k.p.i.AbstractProblemLoader Replaying proof WhileAndSwitch[WhileAndSwitch::m(int)].JML normal_behavior operation contract.0 
53121      DEBUG main            d.u.i.k.p.i.IntermediateProofReplayer Proof replay took 7ns 
53825      INFO  main            d.u.i.k.p.r.p.TestFile    ... finished proof: closed. 
53999      INFO  main            d.u.i.k.p.i.AbstractProblemLoader Loading environment from /home/runner/work/key/key/key.core/../key.ui/examples/standard_key/java_dl/switch/while_and_switch.key.proof 
54000      DEBUG main            d.u.i.k.p.i.AbstractProblemLoader Environment load took 907.51ns 
54001      INFO  main            d.u.i.k.p.i.AbstractProblemLoader Creating init config 
56538      DEBUG main            d.u.i.k.p.i.AbstractProblemLoader Init config took 2.54s 
56580      INFO  main            d.u.i.k.p.i.AbstractProblemLoader Replaying proof WhileAndSwitch[WhileAndSwitch::m(int)].JML normal_behavior operation contract.0 
56681      DEBUG main            d.u.i.k.p.i.IntermediateProofReplayer Proof replay took 95ms 
56682      DEBUG main            d.u.i.k.p.r.p.TestFile    ... success: reloaded. 
56684      INFO  main            d.u.i.k.p.r.p.TestFile    Now processing file /home/runner/work/key/key/key.core/../key.ui/examples/standard_key/java_dl/switch/large_switch.key 
56684      INFO  main            d.u.i.k.p.i.AbstractProblemLoader Loading environment from /home/runner/work/key/key/key.core/../key.ui/examples/standard_key/java_dl/switch/large_switch.key 
56684      DEBUG main            d.u.i.k.p.i.AbstractProblemLoader Environment load took 193ns 
56685      INFO  main            d.u.i.k.p.i.AbstractProblemLoader Creating init config 
59336      DEBUG main            d.u.i.k.p.i.AbstractProblemLoader Init config took 2.65s 
59385      INFO  main            d.u.i.k.p.i.AbstractProblemLoader Replaying proof LargeSwitch[LargeSwitch::m(int)].JML normal_behavior operation contract.0 
59387      DEBUG main            d.u.i.k.p.i.IntermediateProofReplayer Proof replay took 6.7ns 
60705      INFO  main            d.u.i.k.p.r.p.TestFile    ... finished proof: closed. 
60912      INFO  main            d.u.i.k.p.i.AbstractProblemLoader Loading environment from /home/runner/work/key/key/key.core/../key.ui/examples/standard_key/java_dl/switch/large_switch.key.proof 
60915      DEBUG main            d.u.i.k.p.i.AbstractProblemLoader Environment load took 2.96ms 
60917      INFO  main            d.u.i.k.p.i.AbstractProblemLoader Creating init config 
63471      DEBUG main            d.u.i.k.p.i.AbstractProblemLoader Init config took 2.55s 
63524      INFO  main            d.u.i.k.p.i.AbstractProblemLoader Replaying proof LargeSwitch[LargeSwitch::m(int)].JML normal_behavior operation contract.0 
63811      DEBUG main            d.u.i.k.p.i.IntermediateProofReplayer Proof replay took 267.59ms 
63813      DEBUG main            d.u.i.k.p.r.p.TestFile    ... success: reloaded. 
5072279    INFO  Test worker     d.u.i.k.p.r.p.StatisticsFile Returning from test switch 
5072281    INFO  Test worker     d.u.i.k.p.r.p.StatisticsFile Running test redux 
391        INFO  Timeout watchdog d.u.i.k.p.r.p.ForkedTestFileRunner Timeout watcher launched (2000 secs.) 
404        WARN  main            d.u.i.k.s.ProofSettings   The settings in /home/runner/.key/proof-settings.props are *not* read. 
448        INFO  main            d.u.i.k.p.r.p.TestFile    Now processing file /home/runner/work/key/key/key.core/../key.ui/examples/redux/arrays/Arrays.copyOf.key 
549        INFO  main            d.u.i.k.p.i.AbstractProblemLoader Loading environment from /home/runner/work/key/key/key.core/../key.ui/examples/redux/arrays/Arrays.copyOf.key 
577        DEBUG main            d.u.i.k.p.i.AbstractProblemLoader Environment load took 1.83ms 
804        INFO  main            d.u.i.k.p.i.AbstractProblemLoader Creating init config 
1778       DEBUG main            d.u.i.k.j.TypeConverter   No LDT found for Meta 
1779       DEBUG main            d.u.i.k.j.TypeConverter   No LDT found for Meta 
1782       DEBUG main            d.u.i.k.j.TypeConverter   No LDT found for Meta 
1783       DEBUG main            d.u.i.k.j.TypeConverter   No LDT found for Meta 
3687       DEBUG main            d.u.i.k.j.TypeConverter   No LDT found for JavaBigintExpression 
9401       DEBUG main            d.u.i.k.p.i.AbstractProblemLoader Init config took 8.6s 
9560       INFO  main            d.u.i.k.p.i.AbstractProblemLoader Replaying proof Arrays[Arrays::copyOf([I,int)].JML normal_behavior operation contract.0 
9592       DEBUG main            d.u.i.k.p.i.IntermediateProofReplayer Proof replay took 31.3ns 
14453      INFO  main            d.u.i.k.p.r.p.TestFile    ... finished proof: closed. 
14623      INFO  main            d.u.i.k.p.i.AbstractProblemLoader Loading environment from /home/runner/work/key/key/key.core/../key.ui/examples/redux/arrays/Arrays.copyOf.key.proof 
14625      DEBUG main            d.u.i.k.p.i.AbstractProblemLoader Environment load took 2.14ms 
14628      INFO  main            d.u.i.k.p.i.AbstractProblemLoader Creating init config 
18069      DEBUG main            d.u.i.k.p.i.AbstractProblemLoader Init config took 3.44s 
18152      INFO  main            d.u.i.k.p.i.AbstractProblemLoader Replaying proof Arrays[Arrays::copyOf([I,int)].JML normal_behavior operation contract.0 
18579      DEBUG main            d.u.i.k.p.i.IntermediateProofReplayer Proof replay took 407.47ms 
18588      DEBUG main            d.u.i.k.p.r.p.TestFile    ... success: reloaded. 
18589      INFO  main            d.u.i.k.p.r.p.TestFile    Now processing file /home/runner/work/key/key/key.core/../key.ui/examples/redux/arrays/Arrays.copyOf.float.key 
18590      INFO  main            d.u.i.k.p.i.AbstractProblemLoader Loading environment from /home/runner/work/key/key/key.core/../key.ui/examples/redux/arrays/Arrays.copyOf.float.key 
18590      DEBUG main            d.u.i.k.p.i.AbstractProblemLoader Environment load took 226.5ns 
18591      INFO  main            d.u.i.k.p.i.AbstractProblemLoader Creating init config 
21885      DEBUG main            d.u.i.k.p.i.AbstractProblemLoader Init config took 3.29s 
21941      INFO  main            d.u.i.k.p.i.AbstractProblemLoader Replaying proof Arrays[Arrays::copyOf([F,int)].JML normal_behavior operation contract.0 
21943      DEBUG main            d.u.i.k.p.i.IntermediateProofReplayer Proof replay took 6.3ns 
21974      DEBUG main            d.u.i.k.m.s.ProofScriptEngine [1] goal: 0, source line: 6, command: 'macro autopilot' 
26337      DEBUG main            d.u.i.k.m.s.ProofScriptEngine [2] goal: 17, source line: 7, command: 'smt solver=Z3' 
26421      INFO  main            d.u.i.k.m.s.SMTCommand    Finished run on goal 17 in 61ms, result is valid 
26425      DEBUG main            d.u.i.k.m.s.ProofScriptEngine [3] goal: 309, source line: 8, command: 'tryclose' 
28116      INFO  main            d.u.i.k.p.r.p.TestFile    ... finished proof: closed. 
28302      INFO  main            d.u.i.k.p.i.AbstractProblemLoader Loading environment from /home/runner/work/key/key/key.core/../key.ui/examples/redux/arrays/Arrays.copyOf.float.key.proof 
28302      DEBUG main            d.u.i.k.p.i.AbstractProblemLoader Environment load took 150.7ns 
28307      INFO  main            d.u.i.k.p.i.AbstractProblemLoader Creating init config 
31548      DEBUG main            d.u.i.k.p.i.AbstractProblemLoader Init config took 3.24s 
31598      INFO  main            d.u.i.k.p.i.AbstractProblemLoader Replaying proof Arrays[Arrays::copyOf([F,int)].JML normal_behavior operation contract.0 
31668      INFO  main            d.u.i.k.s.SMTFocusResults Analyzing unsat core: (L_6) 
32151      DEBUG main            d.u.i.k.p.i.IntermediateProofReplayer Proof replay took 533.04ms 
32153      DEBUG main            d.u.i.k.p.r.p.TestFile    ... success: reloaded. 
32154      INFO  main            d.u.i.k.p.r.p.TestFile    Now processing file /home/runner/work/key/key/key.core/../key.ui/examples/redux/arrays/Arrays.copyOfRange.key 
32155      INFO  main            d.u.i.k.p.i.AbstractProblemLoader Loading environment from /home/runner/work/key/key/key.core/../key.ui/examples/redux/arrays/Arrays.copyOfRange.key 
32155      DEBUG main            d.u.i.k.p.i.AbstractProblemLoader Environment load took 190.9ns 
32156      INFO  main            d.u.i.k.p.i.AbstractProblemLoader Creating init config 
35459      DEBUG main            d.u.i.k.p.i.AbstractProblemLoader Init config took 3.3s 
35503      INFO  main            d.u.i.k.p.i.AbstractProblemLoader Replaying proof Arrays[Arrays::copyOfRange([I,int,int)].JML normal_behavior operation contract.0 
35505      DEBUG main            d.u.i.k.p.i.IntermediateProofReplayer Proof replay took 6.3ns 
39952      INFO  main            d.u.i.k.p.r.p.TestFile    ... finished proof: closed. 
40191      INFO  main            d.u.i.k.p.i.AbstractProblemLoader Loading environment from /home/runner/work/key/key/key.core/../key.ui/examples/redux/arrays/Arrays.copyOfRange.key.proof 
40191      DEBUG main            d.u.i.k.p.i.AbstractProblemLoader Environment load took 378.11ns 
40195      INFO  main            d.u.i.k.p.i.AbstractProblemLoader Creating init config 
43279      DEBUG main            d.u.i.k.p.i.AbstractProblemLoader Init config took 3.08s 
43331      INFO  main            d.u.i.k.p.i.AbstractProblemLoader Replaying proof Arrays[Arrays::copyOfRange([I,int,int)].JML normal_behavior operation contract.0 
43725      DEBUG main            d.u.i.k.p.i.IntermediateProofReplayer Proof replay took 371.42ms 
43726      DEBUG main            d.u.i.k.p.r.p.TestFile    ... success: reloaded. 
43727      INFO  main            d.u.i.k.p.r.p.TestFile    Now processing file /home/runner/work/key/key/key.core/../key.ui/examples/redux/arrays/Arrays.copyOfRange.float.key 
43728      INFO  main            d.u.i.k.p.i.AbstractProblemLoader Loading environment from /home/runner/work/key/key/key.core/../key.ui/examples/redux/arrays/Arrays.copyOfRange.float.key 
43728      DEBUG main            d.u.i.k.p.i.AbstractProblemLoader Environment load took 201.6ns 
43729      INFO  main            d.u.i.k.p.i.AbstractProblemLoader Creating init config 
46873      DEBUG main            d.u.i.k.p.i.AbstractProblemLoader Init config took 3.14s 
46916      INFO  main            d.u.i.k.p.i.AbstractProblemLoader Replaying proof Arrays[Arrays::copyOfRange([F,int,int)].JML normal_behavior operation contract.0 
46917      DEBUG main            d.u.i.k.p.i.IntermediateProofReplayer Proof replay took 4.8ns 
46918      DEBUG main            d.u.i.k.m.s.ProofScriptEngine [1] goal: 0, source line: 6, command: 'macro autopilot' 
52808      DEBUG main            d.u.i.k.m.s.ProofScriptEngine [2] goal: 27, source line: 7, command: 'smt solver=Z3' 
52842      INFO  main            d.u.i.k.m.s.SMTCommand    Finished run on goal 27 in 30ms, result is valid 
52843      DEBUG main            d.u.i.k.m.s.ProofScriptEngine [3] goal: 375, source line: 8, command: 'tryclose' 
56170      INFO  main            d.u.i.k.p.r.p.TestFile    ... finished proof: closed. 
56364      INFO  main            d.u.i.k.p.i.AbstractProblemLoader Loading environment from /home/runner/work/key/key/key.core/../key.ui/examples/redux/arrays/Arrays.copyOfRange.float.key.proof 
56364      DEBUG main            d.u.i.k.p.i.AbstractProblemLoader Environment load took 221.1ns 
56366      INFO  main            d.u.i.k.p.i.AbstractProblemLoader Creating init config 
59461      DEBUG main            d.u.i.k.p.i.AbstractProblemLoader Init config took 3.09s 
59516      INFO  main            d.u.i.k.p.i.AbstractProblemLoader Replaying proof Arrays[Arrays::copyOfRange([F,int,int)].JML normal_behavior operation contract.0 
59592      INFO  main            d.u.i.k.s.SMTFocusResults Analyzing unsat core: (L_8) 
60221      DEBUG main            d.u.i.k.p.i.IntermediateProofReplayer Proof replay took 679.95ms 
60223      DEBUG main            d.u.i.k.p.r.p.TestFile    ... success: reloaded. 
60224      INFO  main            d.u.i.k.p.r.p.TestFile    Now processing file /home/runner/work/key/key/key.core/../key.ui/examples/redux/arrays/Arrays.equals.key 
60224      INFO  main            d.u.i.k.p.i.AbstractProblemLoader Loading environment from /home/runner/work/key/key/key.core/../key.ui/examples/redux/arrays/Arrays.equals.key 
60224      DEBUG main            d.u.i.k.p.i.AbstractProblemLoader Environment load took 207.8ns 
60225      INFO  main            d.u.i.k.p.i.AbstractProblemLoader Creating init config 
63423      DEBUG main            d.u.i.k.p.i.AbstractProblemLoader Init config took 3.2s 
63465      INFO  main            d.u.i.k.p.i.AbstractProblemLoader Replaying proof Arrays[Arrays::equals([B,[B)].JML normal_behavior operation contract.0 
63466      DEBUG main            d.u.i.k.p.i.IntermediateProofReplayer Proof replay took 5.9ns 
63971      INFO  main            d.u.i.k.p.r.p.TestFile    ... finished proof: closed. 
64227      INFO  main            d.u.i.k.p.i.AbstractProblemLoader Loading environment from /home/runner/work/key/key/key.core/../key.ui/examples/redux/arrays/Arrays.equals.key.proof 
64228      DEBUG main            d.u.i.k.p.i.AbstractProblemLoader Environment load took 340.4ns 
64229      INFO  main            d.u.i.k.p.i.AbstractProblemLoader Creating init config 
67270      DEBUG main            d.u.i.k.p.i.AbstractProblemLoader Init config took 3.04s 
67310      INFO  main            d.u.i.k.p.i.AbstractProblemLoader Replaying proof Arrays[Arrays::equals([B,[B)].JML normal_behavior operation contract.0 
67415      DEBUG main            d.u.i.k.p.i.IntermediateProofReplayer Proof replay took 100.99ms 
67416      DEBUG main            d.u.i.k.p.r.p.TestFile    ... success: reloaded. 
67417      INFO  main            d.u.i.k.p.r.p.TestFile    Now processing file /home/runner/work/key/key/key.core/../key.ui/examples/redux/arrays/Arrays.fill.key 
67417      INFO  main            d.u.i.k.p.i.AbstractProblemLoader Loading environment from /home/runner/work/key/key/key.core/../key.ui/examples/redux/arrays/Arrays.fill.key 
67417      DEBUG main            d.u.i.k.p.i.AbstractProblemLoader Environment load took 167.8ns 
67418      INFO  main            d.u.i.k.p.i.AbstractProblemLoader Creating init config 
70583      DEBUG main            d.u.i.k.p.i.AbstractProblemLoader Init config took 3.16s 
70621      INFO  main            d.u.i.k.p.i.AbstractProblemLoader Replaying proof Arrays[Arrays::fill([I,int)].JML normal_behavior operation contract.0 
70622      DEBUG main            d.u.i.k.p.i.IntermediateProofReplayer Proof replay took 6.6ns 
70825      INFO  main            d.u.i.k.p.r.p.TestFile    ... finished proof: closed. 
71063      INFO  main            d.u.i.k.p.i.AbstractProblemLoader Loading environment from /home/runner/work/key/key/key.core/../key.ui/examples/redux/arrays/Arrays.fill.key.proof 
71063      DEBUG main            d.u.i.k.p.i.AbstractProblemLoader Environment load took 138.1ns 
71064      INFO  main            d.u.i.k.p.i.AbstractProblemLoader Creating init config 
74200      DEBUG main            d.u.i.k.p.i.AbstractProblemLoader Init config took 3.14s 
74238      INFO  main            d.u.i.k.p.i.AbstractProblemLoader Replaying proof Arrays[Arrays::fill([I,int)].JML normal_behavior operation contract.0 
74262      DEBUG main            d.u.i.k.p.i.IntermediateProofReplayer Proof replay took 22.71ms 
74263      DEBUG main            d.u.i.k.p.r.p.TestFile    ... success: reloaded. 
74264      INFO  main            d.u.i.k.p.r.p.TestFile    Now processing file /home/runner/work/key/key/key.core/../key.ui/examples/redux/arrays/Arrays.fill.float.key 
74264      INFO  main            d.u.i.k.p.i.AbstractProblemLoader Loading environment from /home/runner/work/key/key/key.core/../key.ui/examples/redux/arrays/Arrays.fill.float.key 
74264      DEBUG main            d.u.i.k.p.i.AbstractProblemLoader Environment load took 127.8ns 
74265      INFO  main            d.u.i.k.p.i.AbstractProblemLoader Creating init config 
77324      DEBUG main            d.u.i.k.p.i.AbstractProblemLoader Init config took 3.06s 
77361      INFO  main            d.u.i.k.p.i.AbstractProblemLoader Replaying proof Arrays[Arrays::fill([F,float)].JML normal_behavior operation contract.0 
77362      DEBUG main            d.u.i.k.p.i.IntermediateProofReplayer Proof replay took 6.6ns 
77566      INFO  main            d.u.i.k.p.r.p.TestFile    ... finished proof: closed. 
77763      INFO  main            d.u.i.k.p.i.AbstractProblemLoader Loading environment from /home/runner/work/key/key/key.core/../key.ui/examples/redux/arrays/Arrays.fill.float.key.proof 
77764      DEBUG main            d.u.i.k.p.i.AbstractProblemLoader Environment load took 133.1ns 
77765      INFO  main            d.u.i.k.p.i.AbstractProblemLoader Creating init config 
80849      DEBUG main            d.u.i.k.p.i.AbstractProblemLoader Init config took 3.08s 
80885      INFO  main            d.u.i.k.p.i.AbstractProblemLoader Replaying proof Arrays[Arrays::fill([F,float)].JML normal_behavior operation contract.0 
80933      DEBUG main            d.u.i.k.p.i.IntermediateProofReplayer Proof replay took 45.39ms 
80934      DEBUG main            d.u.i.k.p.r.p.TestFile    ... success: reloaded. 
80935      INFO  main            d.u.i.k.p.r.p.TestFile    Now processing file /home/runner/work/key/key/key.core/../key.ui/examples/redux/arrays/Arrays.fillFromTo.key 
80936      INFO  main            d.u.i.k.p.i.AbstractProblemLoader Loading environment from /home/runner/work/key/key/key.core/../key.ui/examples/redux/arrays/Arrays.fillFromTo.key 
80936      DEBUG main            d.u.i.k.p.i.AbstractProblemLoader Environment load took 191.4ns 
80937      INFO  main            d.u.i.k.p.i.AbstractProblemLoader Creating init config 
84050      DEBUG main            d.u.i.k.p.i.AbstractProblemLoader Init config took 3.11s 
84099      INFO  main            d.u.i.k.p.i.AbstractProblemLoader Replaying proof Arrays[Arrays::fill([I,int,int,int)].JML normal_behavior operation contract.0 
84100      DEBUG main            d.u.i.k.p.i.IntermediateProofReplayer Proof replay took 5.9ns 
84607      INFO  main            d.u.i.k.p.r.p.TestFile    ... finished proof: closed. 
84881      INFO  main            d.u.i.k.p.i.AbstractProblemLoader Loading environment from /home/runner/work/key/key/key.core/../key.ui/examples/redux/arrays/Arrays.fillFromTo.key.proof 
84882      DEBUG main            d.u.i.k.p.i.AbstractProblemLoader Environment load took 384.61ns 
84883      INFO  main            d.u.i.k.p.i.AbstractProblemLoader Creating init config 
87950      DEBUG main            d.u.i.k.p.i.AbstractProblemLoader Init config took 3.07s 
87985      INFO  main            d.u.i.k.p.i.AbstractProblemLoader Replaying proof Arrays[Arrays::fill([I,int,int,int)].JML normal_behavior operation contract.0 
88062      DEBUG main            d.u.i.k.p.i.IntermediateProofReplayer Proof replay took 72.81ms 
88063      DEBUG main            d.u.i.k.p.r.p.TestFile    ... success: reloaded. 
88064      INFO  main            d.u.i.k.p.r.p.TestFile    Now processing file /home/runner/work/key/key/key.core/../key.ui/examples/redux/arrays/Arrays.fillFromTo.float.key 
88065      INFO  main            d.u.i.k.p.i.AbstractProblemLoader Loading environment from /home/runner/work/key/key/key.core/../key.ui/examples/redux/arrays/Arrays.fillFromTo.float.key 
88065      DEBUG main            d.u.i.k.p.i.AbstractProblemLoader Environment load took 190ns 
88066      INFO  main            d.u.i.k.p.i.AbstractProblemLoader Creating init config 
91106      DEBUG main            d.u.i.k.p.i.AbstractProblemLoader Init config took 3.04s 
91163      INFO  main            d.u.i.k.p.i.AbstractProblemLoader Replaying proof Arrays[Arrays::fill([F,int,int,float)].JML normal_behavior operation contract.0 
91165      DEBUG main            d.u.i.k.p.i.IntermediateProofReplayer Proof replay took 5.8ns 
91769      INFO  main            d.u.i.k.p.r.p.TestFile    ... finished proof: closed. 
91995      INFO  main            d.u.i.k.p.i.AbstractProblemLoader Loading environment from /home/runner/work/key/key/key.core/../key.ui/examples/redux/arrays/Arrays.fillFromTo.float.key.proof 
91995      DEBUG main            d.u.i.k.p.i.AbstractProblemLoader Environment load took 357.81ns 
91996      INFO  main            d.u.i.k.p.i.AbstractProblemLoader Creating init config 
95026      DEBUG main            d.u.i.k.p.i.AbstractProblemLoader Init config took 3.03s 
95061      INFO  main            d.u.i.k.p.i.AbstractProblemLoader Replaying proof Arrays[Arrays::fill([F,int,int,float)].JML normal_behavior operation contract.0 
95158      DEBUG main            d.u.i.k.p.i.IntermediateProofReplayer Proof replay took 92.37ms 
95159      DEBUG main            d.u.i.k.p.r.p.TestFile    ... success: reloaded. 
95160      INFO  main            d.u.i.k.p.r.p.TestFile    Now processing file /home/runner/work/key/key/key.core/../key.ui/examples/redux/arrays/ArrayCopy.arraycopy.normal.0.key 
95160      INFO  main            d.u.i.k.p.i.AbstractProblemLoader Loading environment from /home/runner/work/key/key/key.core/../key.ui/examples/redux/arrays/ArrayCopy.arraycopy.normal.0.key 
95160      DEBUG main            d.u.i.k.p.i.AbstractProblemLoader Environment load took 78.1ns 
95161      INFO  main            d.u.i.k.p.i.AbstractProblemLoader Creating init config 
98286      DEBUG main            d.u.i.k.p.i.AbstractProblemLoader Init config took 3.13s 
98320      INFO  main            d.u.i.k.p.i.AbstractProblemLoader Replaying proof ArrayCopy[ArrayCopy::arraycopy(java.lang.Object,int,java.lang.Object,int,int)].JML normal_behavior operation contract.0 
98321      DEBUG main            d.u.i.k.p.i.IntermediateProofReplayer Proof replay took 6.2ns 
104242     INFO  main            d.u.i.k.p.r.p.TestFile    ... finished proof: closed. 
104479     INFO  main            d.u.i.k.p.i.AbstractProblemLoader Loading environment from /home/runner/work/key/key/key.core/../key.ui/examples/redux/arrays/ArrayCopy.arraycopy.normal.0.key.proof 
104479     DEBUG main            d.u.i.k.p.i.AbstractProblemLoader Environment load took 374ns 
104481     INFO  main            d.u.i.k.p.i.AbstractProblemLoader Creating init config 
107531     DEBUG main            d.u.i.k.p.i.AbstractProblemLoader Init config took 3.05s 
107564     INFO  main            d.u.i.k.p.i.AbstractProblemLoader Replaying proof ArrayCopy[ArrayCopy::arraycopy(java.lang.Object,int,java.lang.Object,int,int)].JML normal_behavior operation contract.0 
108178     DEBUG main            d.u.i.k.p.i.IntermediateProofReplayer Proof replay took 598.46ms 
108180     DEBUG main            d.u.i.k.p.r.p.TestFile    ... success: reloaded. 
108182     INFO  main            d.u.i.k.p.r.p.TestFile    Now processing file /home/runner/work/key/key/key.core/../key.ui/examples/redux/arrays/ArrayCopy.arraycopy.exceptional.0.key 
108182     INFO  main            d.u.i.k.p.i.AbstractProblemLoader Loading environment from /home/runner/work/key/key/key.core/../key.ui/examples/redux/arrays/ArrayCopy.arraycopy.exceptional.0.key 
108182     DEBUG main            d.u.i.k.p.i.AbstractProblemLoader Environment load took 220.5ns 
108183     INFO  main            d.u.i.k.p.i.AbstractProblemLoader Creating init config 
111245     DEBUG main            d.u.i.k.p.i.AbstractProblemLoader Init config took 3.06s 
111279     INFO  main            d.u.i.k.p.i.AbstractProblemLoader Replaying proof ArrayCopy[ArrayCopy::arraycopy(java.lang.Object,int,java.lang.Object,int,int)].JML exceptional_behavior operation contract.0 
111280     DEBUG main            d.u.i.k.p.i.IntermediateProofReplayer Proof replay took 5.8ns 
111686     INFO  main            d.u.i.k.p.r.p.TestFile    ... finished proof: closed. 
111912     INFO  main            d.u.i.k.p.i.AbstractProblemLoader Loading environment from /home/runner/work/key/key/key.core/../key.ui/examples/redux/arrays/ArrayCopy.arraycopy.exceptional.0.key.proof 
111912     DEBUG main            d.u.i.k.p.i.AbstractProblemLoader Environment load took 128.4ns 
111913     INFO  main            d.u.i.k.p.i.AbstractProblemLoader Creating init config 
114954     DEBUG main            d.u.i.k.p.i.AbstractProblemLoader Init config took 3.04s 
114987     INFO  main            d.u.i.k.p.i.AbstractProblemLoader Replaying proof ArrayCopy[ArrayCopy::arraycopy(java.lang.Object,int,java.lang.Object,int,int)].JML exceptional_behavior operation contract.0 
115080     DEBUG main            d.u.i.k.p.i.IntermediateProofReplayer Proof replay took 89.31ms 
115081     DEBUG main            d.u.i.k.p.r.p.TestFile    ... success: reloaded. 
115081     INFO  main            d.u.i.k.p.r.p.TestFile    Now processing file /home/runner/work/key/key/key.core/../key.ui/examples/redux/arrays/ArrayCopy.arraycopy.exceptional.1.key 
115082     INFO  main            d.u.i.k.p.i.AbstractProblemLoader Loading environment from /home/runner/work/key/key/key.core/../key.ui/examples/redux/arrays/ArrayCopy.arraycopy.exceptional.1.key 
115082     DEBUG main            d.u.i.k.p.i.AbstractProblemLoader Environment load took 64ns 
115082     INFO  main            d.u.i.k.p.i.AbstractProblemLoader Creating init config 
118126     DEBUG main            d.u.i.k.p.i.AbstractProblemLoader Init config took 3.04s 
118178     INFO  main            d.u.i.k.p.i.AbstractProblemLoader Replaying proof ArrayCopy[ArrayCopy::arraycopy(java.lang.Object,int,java.lang.Object,int,int)].JML exceptional_behavior operation contract.1 
118180     DEBUG main            d.u.i.k.p.i.IntermediateProofReplayer Proof replay took 6.5ns 
124079     INFO  main            d.u.i.k.p.r.p.TestFile    ... finished proof: closed. 
124317     INFO  main            d.u.i.k.p.i.AbstractProblemLoader Loading environment from /home/runner/work/key/key/key.core/../key.ui/examples/redux/arrays/ArrayCopy.arraycopy.exceptional.1.key.proof 
124318     DEBUG main            d.u.i.k.p.i.AbstractProblemLoader Environment load took 378.31ns 
124320     INFO  main            d.u.i.k.p.i.AbstractProblemLoader Creating init config 
127348     DEBUG main            d.u.i.k.p.i.AbstractProblemLoader Init config took 3.03s 
127381     INFO  main            d.u.i.k.p.i.AbstractProblemLoader Replaying proof ArrayCopy[ArrayCopy::arraycopy(java.lang.Object,int,java.lang.Object,int,int)].JML exceptional_behavior operation contract.1 
128519     DEBUG main            d.u.i.k.p.i.IntermediateProofReplayer Proof replay took 1.12s 
128521     DEBUG main            d.u.i.k.p.r.p.TestFile    ... success: reloaded. 
5200965    INFO  Test worker     d.u.i.k.p.r.p.StatisticsFile Returning from test redux 
]]></system-out>
  <system-err><![CDATA[]]></system-err>
</testsuite>
