<?xml version="1.0" encoding="UTF-8"?>
<testsuite name="de.uka.ilkd.key.proof.runallproofs.RunAllProofsFunctional" tests="34" skipped="0" failures="31" errors="0" timestamp="2023-04-05T17:25:24" hostname="fv-az555-590" time="4956.568">
  <properties/>
  <testcase name="newBook" classname="de.uka.ilkd.key.proof.runallproofs.RunAllProofsFunctional" time="55.916">
    <failure message="org.opentest4j.AssertionFailedError: Executed process terminated with non-zero exit value. ==&gt; expected: &lt;0&gt; but was: &lt;1&gt;" type="org.opentest4j.AssertionFailedError">org.opentest4j.AssertionFailedError: Executed process terminated with non-zero exit value. ==&gt; expected: &lt;0&gt; but was: &lt;1&gt;
	at app//org.junit.jupiter.api.AssertionFailureBuilder.build(AssertionFailureBuilder.java:151)
	at app//org.junit.jupiter.api.AssertionFailureBuilder.buildAndThrow(AssertionFailureBuilder.java:132)
	at app//org.junit.jupiter.api.AssertEquals.failNotEqual(AssertEquals.java:197)
	at app//org.junit.jupiter.api.AssertEquals.assertEquals(AssertEquals.java:150)
	at app//org.junit.jupiter.api.Assertions.assertEquals(Assertions.java:560)
	at app//de.uka.ilkd.key.proof.runallproofs.proofcollection.ForkedTestFileRunner.processTestFiles(ForkedTestFileRunner.java:130)
	at app//de.uka.ilkd.key.proof.runallproofs.RunAllProofsTestUnit.runTest(RunAllProofsTestUnit.java:89)
	at app//de.uka.ilkd.key.proof.runallproofs.RunAllProofsTest.lambda$data$0(RunAllProofsTest.java:77)
	at app//org.junit.jupiter.engine.descriptor.DynamicTestTestDescriptor.lambda$execute$0(DynamicTestTestDescriptor.java:53)
	at app//org.junit.jupiter.engine.execution.InvocationInterceptorChain$ValidatingInvocation.proceed(InvocationInterceptorChain.java:131)
	at app//org.junit.jupiter.api.extension.InvocationInterceptor.interceptDynamicTest(InvocationInterceptor.java:167)
	at app//org.junit.jupiter.api.extension.InvocationInterceptor.interceptDynamicTest(InvocationInterceptor.java:184)
	at app//org.junit.jupiter.engine.descriptor.DynamicTestTestDescriptor.lambda$execute$1(DynamicTestTestDescriptor.java:61)
	at app//org.junit.jupiter.engine.execution.InvocationInterceptorChain$InterceptorCall.lambda$ofVoid$0(InvocationInterceptorChain.java:78)
	at app//org.junit.jupiter.engine.execution.InvocationInterceptorChain$InterceptedInvocation.proceed(InvocationInterceptorChain.java:106)
	at app//org.junit.jupiter.engine.execution.InvocationInterceptorChain.proceed(InvocationInterceptorChain.java:64)
	at app//org.junit.jupiter.engine.execution.InvocationInterceptorChain.chainAndInvoke(InvocationInterceptorChain.java:45)
	at app//org.junit.jupiter.engine.execution.InvocationInterceptorChain.invoke(InvocationInterceptorChain.java:37)
	at app//org.junit.jupiter.engine.descriptor.DynamicTestTestDescriptor.execute(DynamicTestTestDescriptor.java:60)
	at app//org.junit.jupiter.engine.descriptor.DynamicTestTestDescriptor.execute(DynamicTestTestDescriptor.java:32)
	at app//org.junit.platform.engine.support.hierarchical.NodeTestTask.lambda$executeRecursively$6(NodeTestTask.java:151)
	at app//org.junit.platform.engine.support.hierarchical.ThrowableCollector.execute(ThrowableCollector.java:73)
	at app//org.junit.platform.engine.support.hierarchical.NodeTestTask.lambda$executeRecursively$8(NodeTestTask.java:141)
	at app//org.junit.platform.engine.support.hierarchical.Node.around(Node.java:137)
	at app//org.junit.platform.engine.support.hierarchical.NodeTestTask.lambda$executeRecursively$9(NodeTestTask.java:139)
	at app//org.junit.platform.engine.support.hierarchical.ThrowableCollector.execute(ThrowableCollector.java:73)
	at app//org.junit.platform.engine.support.hierarchical.NodeTestTask.executeRecursively(NodeTestTask.java:138)
	at app//org.junit.platform.engine.support.hierarchical.NodeTestTask.execute(NodeTestTask.java:95)
	at app//org.junit.platform.engine.support.hierarchical.SameThreadHierarchicalTestExecutorService.submit(SameThreadHierarchicalTestExecutorService.java:35)
	at app//org.junit.platform.engine.support.hierarchical.NodeTestTask$DefaultDynamicTestExecutor.execute(NodeTestTask.java:226)
	at app//org.junit.platform.engine.support.hierarchical.NodeTestTask$DefaultDynamicTestExecutor.execute(NodeTestTask.java:204)
	at java.base@11.0.18/java.util.Optional.ifPresent(Optional.java:183)
	at app//org.junit.jupiter.engine.descriptor.TestFactoryTestDescriptor.lambda$invokeTestMethod$1(TestFactoryTestDescriptor.java:108)
	at app//org.junit.platform.engine.support.hierarchical.ThrowableCollector.execute(ThrowableCollector.java:73)
	at app//org.junit.jupiter.engine.descriptor.TestFactoryTestDescriptor.invokeTestMethod(TestFactoryTestDescriptor.java:95)
	at app//org.junit.jupiter.engine.descriptor.TestMethodTestDescriptor.execute(TestMethodTestDescriptor.java:138)
	at app//org.junit.jupiter.engine.descriptor.TestMethodTestDescriptor.execute(TestMethodTestDescriptor.java:68)
	at app//org.junit.platform.engine.support.hierarchical.NodeTestTask.lambda$executeRecursively$6(NodeTestTask.java:151)
	at app//org.junit.platform.engine.support.hierarchical.ThrowableCollector.execute(ThrowableCollector.java:73)
	at app//org.junit.platform.engine.support.hierarchical.NodeTestTask.lambda$executeRecursively$8(NodeTestTask.java:141)
	at app//org.junit.platform.engine.support.hierarchical.Node.around(Node.java:137)
	at app//org.junit.platform.engine.support.hierarchical.NodeTestTask.lambda$executeRecursively$9(NodeTestTask.java:139)
	at app//org.junit.platform.engine.support.hierarchical.ThrowableCollector.execute(ThrowableCollector.java:73)
	at app//org.junit.platform.engine.support.hierarchical.NodeTestTask.executeRecursively(NodeTestTask.java:138)
	at app//org.junit.platform.engine.support.hierarchical.NodeTestTask.execute(NodeTestTask.java:95)
	at java.base@11.0.18/java.util.ArrayList.forEach(ArrayList.java:1541)
	at app//org.junit.platform.engine.support.hierarchical.SameThreadHierarchicalTestExecutorService.invokeAll(SameThreadHierarchicalTestExecutorService.java:41)
	at app//org.junit.platform.engine.support.hierarchical.NodeTestTask.lambda$executeRecursively$6(NodeTestTask.java:155)
	at app//org.junit.platform.engine.support.hierarchical.ThrowableCollector.execute(ThrowableCollector.java:73)
	at app//org.junit.platform.engine.support.hierarchical.NodeTestTask.lambda$executeRecursively$8(NodeTestTask.java:141)
	at app//org.junit.platform.engine.support.hierarchical.Node.around(Node.java:137)
	at app//org.junit.platform.engine.support.hierarchical.NodeTestTask.lambda$executeRecursively$9(NodeTestTask.java:139)
	at app//org.junit.platform.engine.support.hierarchical.ThrowableCollector.execute(ThrowableCollector.java:73)
	at app//org.junit.platform.engine.support.hierarchical.NodeTestTask.executeRecursively(NodeTestTask.java:138)
	at app//org.junit.platform.engine.support.hierarchical.NodeTestTask.execute(NodeTestTask.java:95)
	at java.base@11.0.18/java.util.ArrayList.forEach(ArrayList.java:1541)
	at app//org.junit.platform.engine.support.hierarchical.SameThreadHierarchicalTestExecutorService.invokeAll(SameThreadHierarchicalTestExecutorService.java:41)
	at app//org.junit.platform.engine.support.hierarchical.NodeTestTask.lambda$executeRecursively$6(NodeTestTask.java:155)
	at app//org.junit.platform.engine.support.hierarchical.ThrowableCollector.execute(ThrowableCollector.java:73)
	at app//org.junit.platform.engine.support.hierarchical.NodeTestTask.lambda$executeRecursively$8(NodeTestTask.java:141)
	at app//org.junit.platform.engine.support.hierarchical.Node.around(Node.java:137)
	at app//org.junit.platform.engine.support.hierarchical.NodeTestTask.lambda$executeRecursively$9(NodeTestTask.java:139)
	at app//org.junit.platform.engine.support.hierarchical.ThrowableCollector.execute(ThrowableCollector.java:73)
	at app//org.junit.platform.engine.support.hierarchical.NodeTestTask.executeRecursively(NodeTestTask.java:138)
	at app//org.junit.platform.engine.support.hierarchical.NodeTestTask.execute(NodeTestTask.java:95)
	at app//org.junit.platform.engine.support.hierarchical.SameThreadHierarchicalTestExecutorService.submit(SameThreadHierarchicalTestExecutorService.java:35)
	at app//org.junit.platform.engine.support.hierarchical.HierarchicalTestExecutor.execute(HierarchicalTestExecutor.java:57)
	at app//org.junit.platform.engine.support.hierarchical.HierarchicalTestEngine.execute(HierarchicalTestEngine.java:54)
	at app//org.junit.platform.launcher.core.EngineExecutionOrchestrator.execute(EngineExecutionOrchestrator.java:107)
	at app//org.junit.platform.launcher.core.EngineExecutionOrchestrator.execute(EngineExecutionOrchestrator.java:88)
	at app//org.junit.platform.launcher.core.EngineExecutionOrchestrator.lambda$execute$0(EngineExecutionOrchestrator.java:54)
	at app//org.junit.platform.launcher.core.EngineExecutionOrchestrator.withInterceptedStreams(EngineExecutionOrchestrator.java:67)
	at app//org.junit.platform.launcher.core.EngineExecutionOrchestrator.execute(EngineExecutionOrchestrator.java:52)
	at app//org.junit.platform.launcher.core.DefaultLauncher.execute(DefaultLauncher.java:114)
	at app//org.junit.platform.launcher.core.DefaultLauncher.execute(DefaultLauncher.java:86)
	at app//org.junit.platform.launcher.core.DefaultLauncherSession$DelegatingLauncher.execute(DefaultLauncherSession.java:86)
	at org.gradle.api.internal.tasks.testing.junitplatform.JUnitPlatformTestClassProcessor$CollectAllTestClassesExecutor.processAllTestClasses(JUnitPlatformTestClassProcessor.java:110)
	at org.gradle.api.internal.tasks.testing.junitplatform.JUnitPlatformTestClassProcessor$CollectAllTestClassesExecutor.access$000(JUnitPlatformTestClassProcessor.java:90)
	at org.gradle.api.internal.tasks.testing.junitplatform.JUnitPlatformTestClassProcessor.stop(JUnitPlatformTestClassProcessor.java:85)
	at org.gradle.api.internal.tasks.testing.SuiteTestClassProcessor.stop(SuiteTestClassProcessor.java:62)
	at java.base@11.0.18/jdk.internal.reflect.NativeMethodAccessorImpl.invoke0(Native Method)
	at java.base@11.0.18/jdk.internal.reflect.NativeMethodAccessorImpl.invoke(NativeMethodAccessorImpl.java:62)
	at java.base@11.0.18/jdk.internal.reflect.DelegatingMethodAccessorImpl.invoke(DelegatingMethodAccessorImpl.java:43)
	at java.base@11.0.18/java.lang.reflect.Method.invoke(Method.java:566)
	at org.gradle.internal.dispatch.ReflectionDispatch.dispatch(ReflectionDispatch.java:36)
	at org.gradle.internal.dispatch.ReflectionDispatch.dispatch(ReflectionDispatch.java:24)
	at org.gradle.internal.dispatch.ContextClassLoaderDispatch.dispatch(ContextClassLoaderDispatch.java:33)
	at org.gradle.internal.dispatch.ProxyDispatchAdapter$DispatchingInvocationHandler.invoke(ProxyDispatchAdapter.java:94)
	at com.sun.proxy.$Proxy2.stop(Unknown Source)
	at org.gradle.api.internal.tasks.testing.worker.TestWorker$3.run(TestWorker.java:193)
	at org.gradle.api.internal.tasks.testing.worker.TestWorker.executeAndMaintainThreadName(TestWorker.java:129)
	at org.gradle.api.internal.tasks.testing.worker.TestWorker.execute(TestWorker.java:100)
	at org.gradle.api.internal.tasks.testing.worker.TestWorker.execute(TestWorker.java:60)
	at org.gradle.process.internal.worker.child.ActionExecutionWorker.execute(ActionExecutionWorker.java:56)
	at org.gradle.process.internal.worker.child.SystemApplicationClassLoaderWorker.call(SystemApplicationClassLoaderWorker.java:113)
	at org.gradle.process.internal.worker.child.SystemApplicationClassLoaderWorker.call(SystemApplicationClassLoaderWorker.java:65)
	at app//worker.org.gradle.process.internal.worker.GradleWorkerMain.run(GradleWorkerMain.java:69)
	at app//worker.org.gradle.process.internal.worker.GradleWorkerMain.main(GradleWorkerMain.java:74)
</failure>
  </testcase>
  <testcase name="oldBook" classname="de.uka.ilkd.key.proof.runallproofs.RunAllProofsFunctional" time="16.798">
    <failure message="org.opentest4j.AssertionFailedError: Executed process terminated with non-zero exit value. ==&gt; expected: &lt;0&gt; but was: &lt;1&gt;" type="org.opentest4j.AssertionFailedError">org.opentest4j.AssertionFailedError: Executed process terminated with non-zero exit value. ==&gt; expected: &lt;0&gt; but was: &lt;1&gt;
	at app//org.junit.jupiter.api.AssertionFailureBuilder.build(AssertionFailureBuilder.java:151)
	at app//org.junit.jupiter.api.AssertionFailureBuilder.buildAndThrow(AssertionFailureBuilder.java:132)
	at app//org.junit.jupiter.api.AssertEquals.failNotEqual(AssertEquals.java:197)
	at app//org.junit.jupiter.api.AssertEquals.assertEquals(AssertEquals.java:150)
	at app//org.junit.jupiter.api.Assertions.assertEquals(Assertions.java:560)
	at app//de.uka.ilkd.key.proof.runallproofs.proofcollection.ForkedTestFileRunner.processTestFiles(ForkedTestFileRunner.java:130)
	at app//de.uka.ilkd.key.proof.runallproofs.RunAllProofsTestUnit.runTest(RunAllProofsTestUnit.java:89)
	at app//de.uka.ilkd.key.proof.runallproofs.RunAllProofsTest.lambda$data$0(RunAllProofsTest.java:77)
	at app//org.junit.jupiter.engine.descriptor.DynamicTestTestDescriptor.lambda$execute$0(DynamicTestTestDescriptor.java:53)
	at app//org.junit.jupiter.engine.execution.InvocationInterceptorChain$ValidatingInvocation.proceed(InvocationInterceptorChain.java:131)
	at app//org.junit.jupiter.api.extension.InvocationInterceptor.interceptDynamicTest(InvocationInterceptor.java:167)
	at app//org.junit.jupiter.api.extension.InvocationInterceptor.interceptDynamicTest(InvocationInterceptor.java:184)
	at app//org.junit.jupiter.engine.descriptor.DynamicTestTestDescriptor.lambda$execute$1(DynamicTestTestDescriptor.java:61)
	at app//org.junit.jupiter.engine.execution.InvocationInterceptorChain$InterceptorCall.lambda$ofVoid$0(InvocationInterceptorChain.java:78)
	at app//org.junit.jupiter.engine.execution.InvocationInterceptorChain$InterceptedInvocation.proceed(InvocationInterceptorChain.java:106)
	at app//org.junit.jupiter.engine.execution.InvocationInterceptorChain.proceed(InvocationInterceptorChain.java:64)
	at app//org.junit.jupiter.engine.execution.InvocationInterceptorChain.chainAndInvoke(InvocationInterceptorChain.java:45)
	at app//org.junit.jupiter.engine.execution.InvocationInterceptorChain.invoke(InvocationInterceptorChain.java:37)
	at app//org.junit.jupiter.engine.descriptor.DynamicTestTestDescriptor.execute(DynamicTestTestDescriptor.java:60)
	at app//org.junit.jupiter.engine.descriptor.DynamicTestTestDescriptor.execute(DynamicTestTestDescriptor.java:32)
	at app//org.junit.platform.engine.support.hierarchical.NodeTestTask.lambda$executeRecursively$6(NodeTestTask.java:151)
	at app//org.junit.platform.engine.support.hierarchical.ThrowableCollector.execute(ThrowableCollector.java:73)
	at app//org.junit.platform.engine.support.hierarchical.NodeTestTask.lambda$executeRecursively$8(NodeTestTask.java:141)
	at app//org.junit.platform.engine.support.hierarchical.Node.around(Node.java:137)
	at app//org.junit.platform.engine.support.hierarchical.NodeTestTask.lambda$executeRecursively$9(NodeTestTask.java:139)
	at app//org.junit.platform.engine.support.hierarchical.ThrowableCollector.execute(ThrowableCollector.java:73)
	at app//org.junit.platform.engine.support.hierarchical.NodeTestTask.executeRecursively(NodeTestTask.java:138)
	at app//org.junit.platform.engine.support.hierarchical.NodeTestTask.execute(NodeTestTask.java:95)
	at app//org.junit.platform.engine.support.hierarchical.SameThreadHierarchicalTestExecutorService.submit(SameThreadHierarchicalTestExecutorService.java:35)
	at app//org.junit.platform.engine.support.hierarchical.NodeTestTask$DefaultDynamicTestExecutor.execute(NodeTestTask.java:226)
	at app//org.junit.platform.engine.support.hierarchical.NodeTestTask$DefaultDynamicTestExecutor.execute(NodeTestTask.java:204)
	at java.base@11.0.18/java.util.Optional.ifPresent(Optional.java:183)
	at app//org.junit.jupiter.engine.descriptor.TestFactoryTestDescriptor.lambda$invokeTestMethod$1(TestFactoryTestDescriptor.java:108)
	at app//org.junit.platform.engine.support.hierarchical.ThrowableCollector.execute(ThrowableCollector.java:73)
	at app//org.junit.jupiter.engine.descriptor.TestFactoryTestDescriptor.invokeTestMethod(TestFactoryTestDescriptor.java:95)
	at app//org.junit.jupiter.engine.descriptor.TestMethodTestDescriptor.execute(TestMethodTestDescriptor.java:138)
	at app//org.junit.jupiter.engine.descriptor.TestMethodTestDescriptor.execute(TestMethodTestDescriptor.java:68)
	at app//org.junit.platform.engine.support.hierarchical.NodeTestTask.lambda$executeRecursively$6(NodeTestTask.java:151)
	at app//org.junit.platform.engine.support.hierarchical.ThrowableCollector.execute(ThrowableCollector.java:73)
	at app//org.junit.platform.engine.support.hierarchical.NodeTestTask.lambda$executeRecursively$8(NodeTestTask.java:141)
	at app//org.junit.platform.engine.support.hierarchical.Node.around(Node.java:137)
	at app//org.junit.platform.engine.support.hierarchical.NodeTestTask.lambda$executeRecursively$9(NodeTestTask.java:139)
	at app//org.junit.platform.engine.support.hierarchical.ThrowableCollector.execute(ThrowableCollector.java:73)
	at app//org.junit.platform.engine.support.hierarchical.NodeTestTask.executeRecursively(NodeTestTask.java:138)
	at app//org.junit.platform.engine.support.hierarchical.NodeTestTask.execute(NodeTestTask.java:95)
	at java.base@11.0.18/java.util.ArrayList.forEach(ArrayList.java:1541)
	at app//org.junit.platform.engine.support.hierarchical.SameThreadHierarchicalTestExecutorService.invokeAll(SameThreadHierarchicalTestExecutorService.java:41)
	at app//org.junit.platform.engine.support.hierarchical.NodeTestTask.lambda$executeRecursively$6(NodeTestTask.java:155)
	at app//org.junit.platform.engine.support.hierarchical.ThrowableCollector.execute(ThrowableCollector.java:73)
	at app//org.junit.platform.engine.support.hierarchical.NodeTestTask.lambda$executeRecursively$8(NodeTestTask.java:141)
	at app//org.junit.platform.engine.support.hierarchical.Node.around(Node.java:137)
	at app//org.junit.platform.engine.support.hierarchical.NodeTestTask.lambda$executeRecursively$9(NodeTestTask.java:139)
	at app//org.junit.platform.engine.support.hierarchical.ThrowableCollector.execute(ThrowableCollector.java:73)
	at app//org.junit.platform.engine.support.hierarchical.NodeTestTask.executeRecursively(NodeTestTask.java:138)
	at app//org.junit.platform.engine.support.hierarchical.NodeTestTask.execute(NodeTestTask.java:95)
	at java.base@11.0.18/java.util.ArrayList.forEach(ArrayList.java:1541)
	at app//org.junit.platform.engine.support.hierarchical.SameThreadHierarchicalTestExecutorService.invokeAll(SameThreadHierarchicalTestExecutorService.java:41)
	at app//org.junit.platform.engine.support.hierarchical.NodeTestTask.lambda$executeRecursively$6(NodeTestTask.java:155)
	at app//org.junit.platform.engine.support.hierarchical.ThrowableCollector.execute(ThrowableCollector.java:73)
	at app//org.junit.platform.engine.support.hierarchical.NodeTestTask.lambda$executeRecursively$8(NodeTestTask.java:141)
	at app//org.junit.platform.engine.support.hierarchical.Node.around(Node.java:137)
	at app//org.junit.platform.engine.support.hierarchical.NodeTestTask.lambda$executeRecursively$9(NodeTestTask.java:139)
	at app//org.junit.platform.engine.support.hierarchical.ThrowableCollector.execute(ThrowableCollector.java:73)
	at app//org.junit.platform.engine.support.hierarchical.NodeTestTask.executeRecursively(NodeTestTask.java:138)
	at app//org.junit.platform.engine.support.hierarchical.NodeTestTask.execute(NodeTestTask.java:95)
	at app//org.junit.platform.engine.support.hierarchical.SameThreadHierarchicalTestExecutorService.submit(SameThreadHierarchicalTestExecutorService.java:35)
	at app//org.junit.platform.engine.support.hierarchical.HierarchicalTestExecutor.execute(HierarchicalTestExecutor.java:57)
	at app//org.junit.platform.engine.support.hierarchical.HierarchicalTestEngine.execute(HierarchicalTestEngine.java:54)
	at app//org.junit.platform.launcher.core.EngineExecutionOrchestrator.execute(EngineExecutionOrchestrator.java:107)
	at app//org.junit.platform.launcher.core.EngineExecutionOrchestrator.execute(EngineExecutionOrchestrator.java:88)
	at app//org.junit.platform.launcher.core.EngineExecutionOrchestrator.lambda$execute$0(EngineExecutionOrchestrator.java:54)
	at app//org.junit.platform.launcher.core.EngineExecutionOrchestrator.withInterceptedStreams(EngineExecutionOrchestrator.java:67)
	at app//org.junit.platform.launcher.core.EngineExecutionOrchestrator.execute(EngineExecutionOrchestrator.java:52)
	at app//org.junit.platform.launcher.core.DefaultLauncher.execute(DefaultLauncher.java:114)
	at app//org.junit.platform.launcher.core.DefaultLauncher.execute(DefaultLauncher.java:86)
	at app//org.junit.platform.launcher.core.DefaultLauncherSession$DelegatingLauncher.execute(DefaultLauncherSession.java:86)
	at org.gradle.api.internal.tasks.testing.junitplatform.JUnitPlatformTestClassProcessor$CollectAllTestClassesExecutor.processAllTestClasses(JUnitPlatformTestClassProcessor.java:110)
	at org.gradle.api.internal.tasks.testing.junitplatform.JUnitPlatformTestClassProcessor$CollectAllTestClassesExecutor.access$000(JUnitPlatformTestClassProcessor.java:90)
	at org.gradle.api.internal.tasks.testing.junitplatform.JUnitPlatformTestClassProcessor.stop(JUnitPlatformTestClassProcessor.java:85)
	at org.gradle.api.internal.tasks.testing.SuiteTestClassProcessor.stop(SuiteTestClassProcessor.java:62)
	at java.base@11.0.18/jdk.internal.reflect.NativeMethodAccessorImpl.invoke0(Native Method)
	at java.base@11.0.18/jdk.internal.reflect.NativeMethodAccessorImpl.invoke(NativeMethodAccessorImpl.java:62)
	at java.base@11.0.18/jdk.internal.reflect.DelegatingMethodAccessorImpl.invoke(DelegatingMethodAccessorImpl.java:43)
	at java.base@11.0.18/java.lang.reflect.Method.invoke(Method.java:566)
	at org.gradle.internal.dispatch.ReflectionDispatch.dispatch(ReflectionDispatch.java:36)
	at org.gradle.internal.dispatch.ReflectionDispatch.dispatch(ReflectionDispatch.java:24)
	at org.gradle.internal.dispatch.ContextClassLoaderDispatch.dispatch(ContextClassLoaderDispatch.java:33)
	at org.gradle.internal.dispatch.ProxyDispatchAdapter$DispatchingInvocationHandler.invoke(ProxyDispatchAdapter.java:94)
	at com.sun.proxy.$Proxy2.stop(Unknown Source)
	at org.gradle.api.internal.tasks.testing.worker.TestWorker$3.run(TestWorker.java:193)
	at org.gradle.api.internal.tasks.testing.worker.TestWorker.executeAndMaintainThreadName(TestWorker.java:129)
	at org.gradle.api.internal.tasks.testing.worker.TestWorker.execute(TestWorker.java:100)
	at org.gradle.api.internal.tasks.testing.worker.TestWorker.execute(TestWorker.java:60)
	at org.gradle.process.internal.worker.child.ActionExecutionWorker.execute(ActionExecutionWorker.java:56)
	at org.gradle.process.internal.worker.child.SystemApplicationClassLoaderWorker.call(SystemApplicationClassLoaderWorker.java:113)
	at org.gradle.process.internal.worker.child.SystemApplicationClassLoaderWorker.call(SystemApplicationClassLoaderWorker.java:65)
	at app//worker.org.gradle.process.internal.worker.GradleWorkerMain.run(GradleWorkerMain.java:69)
	at app//worker.org.gradle.process.internal.worker.GradleWorkerMain.main(GradleWorkerMain.java:74)
</failure>
  </testcase>
  <testcase name="comprehensions" classname="de.uka.ilkd.key.proof.runallproofs.RunAllProofsFunctional" time="64.7">
    <failure message="org.opentest4j.AssertionFailedError: Executed process terminated with non-zero exit value. ==&gt; expected: &lt;0&gt; but was: &lt;1&gt;" type="org.opentest4j.AssertionFailedError">org.opentest4j.AssertionFailedError: Executed process terminated with non-zero exit value. ==&gt; expected: &lt;0&gt; but was: &lt;1&gt;
	at app//org.junit.jupiter.api.AssertionFailureBuilder.build(AssertionFailureBuilder.java:151)
	at app//org.junit.jupiter.api.AssertionFailureBuilder.buildAndThrow(AssertionFailureBuilder.java:132)
	at app//org.junit.jupiter.api.AssertEquals.failNotEqual(AssertEquals.java:197)
	at app//org.junit.jupiter.api.AssertEquals.assertEquals(AssertEquals.java:150)
	at app//org.junit.jupiter.api.Assertions.assertEquals(Assertions.java:560)
	at app//de.uka.ilkd.key.proof.runallproofs.proofcollection.ForkedTestFileRunner.processTestFiles(ForkedTestFileRunner.java:130)
	at app//de.uka.ilkd.key.proof.runallproofs.RunAllProofsTestUnit.runTest(RunAllProofsTestUnit.java:89)
	at app//de.uka.ilkd.key.proof.runallproofs.RunAllProofsTest.lambda$data$0(RunAllProofsTest.java:77)
	at app//org.junit.jupiter.engine.descriptor.DynamicTestTestDescriptor.lambda$execute$0(DynamicTestTestDescriptor.java:53)
	at app//org.junit.jupiter.engine.execution.InvocationInterceptorChain$ValidatingInvocation.proceed(InvocationInterceptorChain.java:131)
	at app//org.junit.jupiter.api.extension.InvocationInterceptor.interceptDynamicTest(InvocationInterceptor.java:167)
	at app//org.junit.jupiter.api.extension.InvocationInterceptor.interceptDynamicTest(InvocationInterceptor.java:184)
	at app//org.junit.jupiter.engine.descriptor.DynamicTestTestDescriptor.lambda$execute$1(DynamicTestTestDescriptor.java:61)
	at app//org.junit.jupiter.engine.execution.InvocationInterceptorChain$InterceptorCall.lambda$ofVoid$0(InvocationInterceptorChain.java:78)
	at app//org.junit.jupiter.engine.execution.InvocationInterceptorChain$InterceptedInvocation.proceed(InvocationInterceptorChain.java:106)
	at app//org.junit.jupiter.engine.execution.InvocationInterceptorChain.proceed(InvocationInterceptorChain.java:64)
	at app//org.junit.jupiter.engine.execution.InvocationInterceptorChain.chainAndInvoke(InvocationInterceptorChain.java:45)
	at app//org.junit.jupiter.engine.execution.InvocationInterceptorChain.invoke(InvocationInterceptorChain.java:37)
	at app//org.junit.jupiter.engine.descriptor.DynamicTestTestDescriptor.execute(DynamicTestTestDescriptor.java:60)
	at app//org.junit.jupiter.engine.descriptor.DynamicTestTestDescriptor.execute(DynamicTestTestDescriptor.java:32)
	at app//org.junit.platform.engine.support.hierarchical.NodeTestTask.lambda$executeRecursively$6(NodeTestTask.java:151)
	at app//org.junit.platform.engine.support.hierarchical.ThrowableCollector.execute(ThrowableCollector.java:73)
	at app//org.junit.platform.engine.support.hierarchical.NodeTestTask.lambda$executeRecursively$8(NodeTestTask.java:141)
	at app//org.junit.platform.engine.support.hierarchical.Node.around(Node.java:137)
	at app//org.junit.platform.engine.support.hierarchical.NodeTestTask.lambda$executeRecursively$9(NodeTestTask.java:139)
	at app//org.junit.platform.engine.support.hierarchical.ThrowableCollector.execute(ThrowableCollector.java:73)
	at app//org.junit.platform.engine.support.hierarchical.NodeTestTask.executeRecursively(NodeTestTask.java:138)
	at app//org.junit.platform.engine.support.hierarchical.NodeTestTask.execute(NodeTestTask.java:95)
	at app//org.junit.platform.engine.support.hierarchical.SameThreadHierarchicalTestExecutorService.submit(SameThreadHierarchicalTestExecutorService.java:35)
	at app//org.junit.platform.engine.support.hierarchical.NodeTestTask$DefaultDynamicTestExecutor.execute(NodeTestTask.java:226)
	at app//org.junit.platform.engine.support.hierarchical.NodeTestTask$DefaultDynamicTestExecutor.execute(NodeTestTask.java:204)
	at java.base@11.0.18/java.util.Optional.ifPresent(Optional.java:183)
	at app//org.junit.jupiter.engine.descriptor.TestFactoryTestDescriptor.lambda$invokeTestMethod$1(TestFactoryTestDescriptor.java:108)
	at app//org.junit.platform.engine.support.hierarchical.ThrowableCollector.execute(ThrowableCollector.java:73)
	at app//org.junit.jupiter.engine.descriptor.TestFactoryTestDescriptor.invokeTestMethod(TestFactoryTestDescriptor.java:95)
	at app//org.junit.jupiter.engine.descriptor.TestMethodTestDescriptor.execute(TestMethodTestDescriptor.java:138)
	at app//org.junit.jupiter.engine.descriptor.TestMethodTestDescriptor.execute(TestMethodTestDescriptor.java:68)
	at app//org.junit.platform.engine.support.hierarchical.NodeTestTask.lambda$executeRecursively$6(NodeTestTask.java:151)
	at app//org.junit.platform.engine.support.hierarchical.ThrowableCollector.execute(ThrowableCollector.java:73)
	at app//org.junit.platform.engine.support.hierarchical.NodeTestTask.lambda$executeRecursively$8(NodeTestTask.java:141)
	at app//org.junit.platform.engine.support.hierarchical.Node.around(Node.java:137)
	at app//org.junit.platform.engine.support.hierarchical.NodeTestTask.lambda$executeRecursively$9(NodeTestTask.java:139)
	at app//org.junit.platform.engine.support.hierarchical.ThrowableCollector.execute(ThrowableCollector.java:73)
	at app//org.junit.platform.engine.support.hierarchical.NodeTestTask.executeRecursively(NodeTestTask.java:138)
	at app//org.junit.platform.engine.support.hierarchical.NodeTestTask.execute(NodeTestTask.java:95)
	at java.base@11.0.18/java.util.ArrayList.forEach(ArrayList.java:1541)
	at app//org.junit.platform.engine.support.hierarchical.SameThreadHierarchicalTestExecutorService.invokeAll(SameThreadHierarchicalTestExecutorService.java:41)
	at app//org.junit.platform.engine.support.hierarchical.NodeTestTask.lambda$executeRecursively$6(NodeTestTask.java:155)
	at app//org.junit.platform.engine.support.hierarchical.ThrowableCollector.execute(ThrowableCollector.java:73)
	at app//org.junit.platform.engine.support.hierarchical.NodeTestTask.lambda$executeRecursively$8(NodeTestTask.java:141)
	at app//org.junit.platform.engine.support.hierarchical.Node.around(Node.java:137)
	at app//org.junit.platform.engine.support.hierarchical.NodeTestTask.lambda$executeRecursively$9(NodeTestTask.java:139)
	at app//org.junit.platform.engine.support.hierarchical.ThrowableCollector.execute(ThrowableCollector.java:73)
	at app//org.junit.platform.engine.support.hierarchical.NodeTestTask.executeRecursively(NodeTestTask.java:138)
	at app//org.junit.platform.engine.support.hierarchical.NodeTestTask.execute(NodeTestTask.java:95)
	at java.base@11.0.18/java.util.ArrayList.forEach(ArrayList.java:1541)
	at app//org.junit.platform.engine.support.hierarchical.SameThreadHierarchicalTestExecutorService.invokeAll(SameThreadHierarchicalTestExecutorService.java:41)
	at app//org.junit.platform.engine.support.hierarchical.NodeTestTask.lambda$executeRecursively$6(NodeTestTask.java:155)
	at app//org.junit.platform.engine.support.hierarchical.ThrowableCollector.execute(ThrowableCollector.java:73)
	at app//org.junit.platform.engine.support.hierarchical.NodeTestTask.lambda$executeRecursively$8(NodeTestTask.java:141)
	at app//org.junit.platform.engine.support.hierarchical.Node.around(Node.java:137)
	at app//org.junit.platform.engine.support.hierarchical.NodeTestTask.lambda$executeRecursively$9(NodeTestTask.java:139)
	at app//org.junit.platform.engine.support.hierarchical.ThrowableCollector.execute(ThrowableCollector.java:73)
	at app//org.junit.platform.engine.support.hierarchical.NodeTestTask.executeRecursively(NodeTestTask.java:138)
	at app//org.junit.platform.engine.support.hierarchical.NodeTestTask.execute(NodeTestTask.java:95)
	at app//org.junit.platform.engine.support.hierarchical.SameThreadHierarchicalTestExecutorService.submit(SameThreadHierarchicalTestExecutorService.java:35)
	at app//org.junit.platform.engine.support.hierarchical.HierarchicalTestExecutor.execute(HierarchicalTestExecutor.java:57)
	at app//org.junit.platform.engine.support.hierarchical.HierarchicalTestEngine.execute(HierarchicalTestEngine.java:54)
	at app//org.junit.platform.launcher.core.EngineExecutionOrchestrator.execute(EngineExecutionOrchestrator.java:107)
	at app//org.junit.platform.launcher.core.EngineExecutionOrchestrator.execute(EngineExecutionOrchestrator.java:88)
	at app//org.junit.platform.launcher.core.EngineExecutionOrchestrator.lambda$execute$0(EngineExecutionOrchestrator.java:54)
	at app//org.junit.platform.launcher.core.EngineExecutionOrchestrator.withInterceptedStreams(EngineExecutionOrchestrator.java:67)
	at app//org.junit.platform.launcher.core.EngineExecutionOrchestrator.execute(EngineExecutionOrchestrator.java:52)
	at app//org.junit.platform.launcher.core.DefaultLauncher.execute(DefaultLauncher.java:114)
	at app//org.junit.platform.launcher.core.DefaultLauncher.execute(DefaultLauncher.java:86)
	at app//org.junit.platform.launcher.core.DefaultLauncherSession$DelegatingLauncher.execute(DefaultLauncherSession.java:86)
	at org.gradle.api.internal.tasks.testing.junitplatform.JUnitPlatformTestClassProcessor$CollectAllTestClassesExecutor.processAllTestClasses(JUnitPlatformTestClassProcessor.java:110)
	at org.gradle.api.internal.tasks.testing.junitplatform.JUnitPlatformTestClassProcessor$CollectAllTestClassesExecutor.access$000(JUnitPlatformTestClassProcessor.java:90)
	at org.gradle.api.internal.tasks.testing.junitplatform.JUnitPlatformTestClassProcessor.stop(JUnitPlatformTestClassProcessor.java:85)
	at org.gradle.api.internal.tasks.testing.SuiteTestClassProcessor.stop(SuiteTestClassProcessor.java:62)
	at java.base@11.0.18/jdk.internal.reflect.NativeMethodAccessorImpl.invoke0(Native Method)
	at java.base@11.0.18/jdk.internal.reflect.NativeMethodAccessorImpl.invoke(NativeMethodAccessorImpl.java:62)
	at java.base@11.0.18/jdk.internal.reflect.DelegatingMethodAccessorImpl.invoke(DelegatingMethodAccessorImpl.java:43)
	at java.base@11.0.18/java.lang.reflect.Method.invoke(Method.java:566)
	at org.gradle.internal.dispatch.ReflectionDispatch.dispatch(ReflectionDispatch.java:36)
	at org.gradle.internal.dispatch.ReflectionDispatch.dispatch(ReflectionDispatch.java:24)
	at org.gradle.internal.dispatch.ContextClassLoaderDispatch.dispatch(ContextClassLoaderDispatch.java:33)
	at org.gradle.internal.dispatch.ProxyDispatchAdapter$DispatchingInvocationHandler.invoke(ProxyDispatchAdapter.java:94)
	at com.sun.proxy.$Proxy2.stop(Unknown Source)
	at org.gradle.api.internal.tasks.testing.worker.TestWorker$3.run(TestWorker.java:193)
	at org.gradle.api.internal.tasks.testing.worker.TestWorker.executeAndMaintainThreadName(TestWorker.java:129)
	at org.gradle.api.internal.tasks.testing.worker.TestWorker.execute(TestWorker.java:100)
	at org.gradle.api.internal.tasks.testing.worker.TestWorker.execute(TestWorker.java:60)
	at org.gradle.process.internal.worker.child.ActionExecutionWorker.execute(ActionExecutionWorker.java:56)
	at org.gradle.process.internal.worker.child.SystemApplicationClassLoaderWorker.call(SystemApplicationClassLoaderWorker.java:113)
	at org.gradle.process.internal.worker.child.SystemApplicationClassLoaderWorker.call(SystemApplicationClassLoaderWorker.java:65)
	at app//worker.org.gradle.process.internal.worker.GradleWorkerMain.run(GradleWorkerMain.java:69)
	at app//worker.org.gradle.process.internal.worker.GradleWorkerMain.main(GradleWorkerMain.java:74)
</failure>
  </testcase>
  <testcase name="performance" classname="de.uka.ilkd.key.proof.runallproofs.RunAllProofsFunctional" time="206.18">
    <failure message="org.opentest4j.AssertionFailedError: Executed process terminated with non-zero exit value. ==&gt; expected: &lt;0&gt; but was: &lt;1&gt;" type="org.opentest4j.AssertionFailedError">org.opentest4j.AssertionFailedError: Executed process terminated with non-zero exit value. ==&gt; expected: &lt;0&gt; but was: &lt;1&gt;
	at app//org.junit.jupiter.api.AssertionFailureBuilder.build(AssertionFailureBuilder.java:151)
	at app//org.junit.jupiter.api.AssertionFailureBuilder.buildAndThrow(AssertionFailureBuilder.java:132)
	at app//org.junit.jupiter.api.AssertEquals.failNotEqual(AssertEquals.java:197)
	at app//org.junit.jupiter.api.AssertEquals.assertEquals(AssertEquals.java:150)
	at app//org.junit.jupiter.api.Assertions.assertEquals(Assertions.java:560)
	at app//de.uka.ilkd.key.proof.runallproofs.proofcollection.ForkedTestFileRunner.processTestFiles(ForkedTestFileRunner.java:130)
	at app//de.uka.ilkd.key.proof.runallproofs.RunAllProofsTestUnit.runTest(RunAllProofsTestUnit.java:89)
	at app//de.uka.ilkd.key.proof.runallproofs.RunAllProofsTest.lambda$data$0(RunAllProofsTest.java:77)
	at app//org.junit.jupiter.engine.descriptor.DynamicTestTestDescriptor.lambda$execute$0(DynamicTestTestDescriptor.java:53)
	at app//org.junit.jupiter.engine.execution.InvocationInterceptorChain$ValidatingInvocation.proceed(InvocationInterceptorChain.java:131)
	at app//org.junit.jupiter.api.extension.InvocationInterceptor.interceptDynamicTest(InvocationInterceptor.java:167)
	at app//org.junit.jupiter.api.extension.InvocationInterceptor.interceptDynamicTest(InvocationInterceptor.java:184)
	at app//org.junit.jupiter.engine.descriptor.DynamicTestTestDescriptor.lambda$execute$1(DynamicTestTestDescriptor.java:61)
	at app//org.junit.jupiter.engine.execution.InvocationInterceptorChain$InterceptorCall.lambda$ofVoid$0(InvocationInterceptorChain.java:78)
	at app//org.junit.jupiter.engine.execution.InvocationInterceptorChain$InterceptedInvocation.proceed(InvocationInterceptorChain.java:106)
	at app//org.junit.jupiter.engine.execution.InvocationInterceptorChain.proceed(InvocationInterceptorChain.java:64)
	at app//org.junit.jupiter.engine.execution.InvocationInterceptorChain.chainAndInvoke(InvocationInterceptorChain.java:45)
	at app//org.junit.jupiter.engine.execution.InvocationInterceptorChain.invoke(InvocationInterceptorChain.java:37)
	at app//org.junit.jupiter.engine.descriptor.DynamicTestTestDescriptor.execute(DynamicTestTestDescriptor.java:60)
	at app//org.junit.jupiter.engine.descriptor.DynamicTestTestDescriptor.execute(DynamicTestTestDescriptor.java:32)
	at app//org.junit.platform.engine.support.hierarchical.NodeTestTask.lambda$executeRecursively$6(NodeTestTask.java:151)
	at app//org.junit.platform.engine.support.hierarchical.ThrowableCollector.execute(ThrowableCollector.java:73)
	at app//org.junit.platform.engine.support.hierarchical.NodeTestTask.lambda$executeRecursively$8(NodeTestTask.java:141)
	at app//org.junit.platform.engine.support.hierarchical.Node.around(Node.java:137)
	at app//org.junit.platform.engine.support.hierarchical.NodeTestTask.lambda$executeRecursively$9(NodeTestTask.java:139)
	at app//org.junit.platform.engine.support.hierarchical.ThrowableCollector.execute(ThrowableCollector.java:73)
	at app//org.junit.platform.engine.support.hierarchical.NodeTestTask.executeRecursively(NodeTestTask.java:138)
	at app//org.junit.platform.engine.support.hierarchical.NodeTestTask.execute(NodeTestTask.java:95)
	at app//org.junit.platform.engine.support.hierarchical.SameThreadHierarchicalTestExecutorService.submit(SameThreadHierarchicalTestExecutorService.java:35)
	at app//org.junit.platform.engine.support.hierarchical.NodeTestTask$DefaultDynamicTestExecutor.execute(NodeTestTask.java:226)
	at app//org.junit.platform.engine.support.hierarchical.NodeTestTask$DefaultDynamicTestExecutor.execute(NodeTestTask.java:204)
	at java.base@11.0.18/java.util.Optional.ifPresent(Optional.java:183)
	at app//org.junit.jupiter.engine.descriptor.TestFactoryTestDescriptor.lambda$invokeTestMethod$1(TestFactoryTestDescriptor.java:108)
	at app//org.junit.platform.engine.support.hierarchical.ThrowableCollector.execute(ThrowableCollector.java:73)
	at app//org.junit.jupiter.engine.descriptor.TestFactoryTestDescriptor.invokeTestMethod(TestFactoryTestDescriptor.java:95)
	at app//org.junit.jupiter.engine.descriptor.TestMethodTestDescriptor.execute(TestMethodTestDescriptor.java:138)
	at app//org.junit.jupiter.engine.descriptor.TestMethodTestDescriptor.execute(TestMethodTestDescriptor.java:68)
	at app//org.junit.platform.engine.support.hierarchical.NodeTestTask.lambda$executeRecursively$6(NodeTestTask.java:151)
	at app//org.junit.platform.engine.support.hierarchical.ThrowableCollector.execute(ThrowableCollector.java:73)
	at app//org.junit.platform.engine.support.hierarchical.NodeTestTask.lambda$executeRecursively$8(NodeTestTask.java:141)
	at app//org.junit.platform.engine.support.hierarchical.Node.around(Node.java:137)
	at app//org.junit.platform.engine.support.hierarchical.NodeTestTask.lambda$executeRecursively$9(NodeTestTask.java:139)
	at app//org.junit.platform.engine.support.hierarchical.ThrowableCollector.execute(ThrowableCollector.java:73)
	at app//org.junit.platform.engine.support.hierarchical.NodeTestTask.executeRecursively(NodeTestTask.java:138)
	at app//org.junit.platform.engine.support.hierarchical.NodeTestTask.execute(NodeTestTask.java:95)
	at java.base@11.0.18/java.util.ArrayList.forEach(ArrayList.java:1541)
	at app//org.junit.platform.engine.support.hierarchical.SameThreadHierarchicalTestExecutorService.invokeAll(SameThreadHierarchicalTestExecutorService.java:41)
	at app//org.junit.platform.engine.support.hierarchical.NodeTestTask.lambda$executeRecursively$6(NodeTestTask.java:155)
	at app//org.junit.platform.engine.support.hierarchical.ThrowableCollector.execute(ThrowableCollector.java:73)
	at app//org.junit.platform.engine.support.hierarchical.NodeTestTask.lambda$executeRecursively$8(NodeTestTask.java:141)
	at app//org.junit.platform.engine.support.hierarchical.Node.around(Node.java:137)
	at app//org.junit.platform.engine.support.hierarchical.NodeTestTask.lambda$executeRecursively$9(NodeTestTask.java:139)
	at app//org.junit.platform.engine.support.hierarchical.ThrowableCollector.execute(ThrowableCollector.java:73)
	at app//org.junit.platform.engine.support.hierarchical.NodeTestTask.executeRecursively(NodeTestTask.java:138)
	at app//org.junit.platform.engine.support.hierarchical.NodeTestTask.execute(NodeTestTask.java:95)
	at java.base@11.0.18/java.util.ArrayList.forEach(ArrayList.java:1541)
	at app//org.junit.platform.engine.support.hierarchical.SameThreadHierarchicalTestExecutorService.invokeAll(SameThreadHierarchicalTestExecutorService.java:41)
	at app//org.junit.platform.engine.support.hierarchical.NodeTestTask.lambda$executeRecursively$6(NodeTestTask.java:155)
	at app//org.junit.platform.engine.support.hierarchical.ThrowableCollector.execute(ThrowableCollector.java:73)
	at app//org.junit.platform.engine.support.hierarchical.NodeTestTask.lambda$executeRecursively$8(NodeTestTask.java:141)
	at app//org.junit.platform.engine.support.hierarchical.Node.around(Node.java:137)
	at app//org.junit.platform.engine.support.hierarchical.NodeTestTask.lambda$executeRecursively$9(NodeTestTask.java:139)
	at app//org.junit.platform.engine.support.hierarchical.ThrowableCollector.execute(ThrowableCollector.java:73)
	at app//org.junit.platform.engine.support.hierarchical.NodeTestTask.executeRecursively(NodeTestTask.java:138)
	at app//org.junit.platform.engine.support.hierarchical.NodeTestTask.execute(NodeTestTask.java:95)
	at app//org.junit.platform.engine.support.hierarchical.SameThreadHierarchicalTestExecutorService.submit(SameThreadHierarchicalTestExecutorService.java:35)
	at app//org.junit.platform.engine.support.hierarchical.HierarchicalTestExecutor.execute(HierarchicalTestExecutor.java:57)
	at app//org.junit.platform.engine.support.hierarchical.HierarchicalTestEngine.execute(HierarchicalTestEngine.java:54)
	at app//org.junit.platform.launcher.core.EngineExecutionOrchestrator.execute(EngineExecutionOrchestrator.java:107)
	at app//org.junit.platform.launcher.core.EngineExecutionOrchestrator.execute(EngineExecutionOrchestrator.java:88)
	at app//org.junit.platform.launcher.core.EngineExecutionOrchestrator.lambda$execute$0(EngineExecutionOrchestrator.java:54)
	at app//org.junit.platform.launcher.core.EngineExecutionOrchestrator.withInterceptedStreams(EngineExecutionOrchestrator.java:67)
	at app//org.junit.platform.launcher.core.EngineExecutionOrchestrator.execute(EngineExecutionOrchestrator.java:52)
	at app//org.junit.platform.launcher.core.DefaultLauncher.execute(DefaultLauncher.java:114)
	at app//org.junit.platform.launcher.core.DefaultLauncher.execute(DefaultLauncher.java:86)
	at app//org.junit.platform.launcher.core.DefaultLauncherSession$DelegatingLauncher.execute(DefaultLauncherSession.java:86)
	at org.gradle.api.internal.tasks.testing.junitplatform.JUnitPlatformTestClassProcessor$CollectAllTestClassesExecutor.processAllTestClasses(JUnitPlatformTestClassProcessor.java:110)
	at org.gradle.api.internal.tasks.testing.junitplatform.JUnitPlatformTestClassProcessor$CollectAllTestClassesExecutor.access$000(JUnitPlatformTestClassProcessor.java:90)
	at org.gradle.api.internal.tasks.testing.junitplatform.JUnitPlatformTestClassProcessor.stop(JUnitPlatformTestClassProcessor.java:85)
	at org.gradle.api.internal.tasks.testing.SuiteTestClassProcessor.stop(SuiteTestClassProcessor.java:62)
	at java.base@11.0.18/jdk.internal.reflect.NativeMethodAccessorImpl.invoke0(Native Method)
	at java.base@11.0.18/jdk.internal.reflect.NativeMethodAccessorImpl.invoke(NativeMethodAccessorImpl.java:62)
	at java.base@11.0.18/jdk.internal.reflect.DelegatingMethodAccessorImpl.invoke(DelegatingMethodAccessorImpl.java:43)
	at java.base@11.0.18/java.lang.reflect.Method.invoke(Method.java:566)
	at org.gradle.internal.dispatch.ReflectionDispatch.dispatch(ReflectionDispatch.java:36)
	at org.gradle.internal.dispatch.ReflectionDispatch.dispatch(ReflectionDispatch.java:24)
	at org.gradle.internal.dispatch.ContextClassLoaderDispatch.dispatch(ContextClassLoaderDispatch.java:33)
	at org.gradle.internal.dispatch.ProxyDispatchAdapter$DispatchingInvocationHandler.invoke(ProxyDispatchAdapter.java:94)
	at com.sun.proxy.$Proxy2.stop(Unknown Source)
	at org.gradle.api.internal.tasks.testing.worker.TestWorker$3.run(TestWorker.java:193)
	at org.gradle.api.internal.tasks.testing.worker.TestWorker.executeAndMaintainThreadName(TestWorker.java:129)
	at org.gradle.api.internal.tasks.testing.worker.TestWorker.execute(TestWorker.java:100)
	at org.gradle.api.internal.tasks.testing.worker.TestWorker.execute(TestWorker.java:60)
	at org.gradle.process.internal.worker.child.ActionExecutionWorker.execute(ActionExecutionWorker.java:56)
	at org.gradle.process.internal.worker.child.SystemApplicationClassLoaderWorker.call(SystemApplicationClassLoaderWorker.java:113)
	at org.gradle.process.internal.worker.child.SystemApplicationClassLoaderWorker.call(SystemApplicationClassLoaderWorker.java:65)
	at app//worker.org.gradle.process.internal.worker.GradleWorkerMain.run(GradleWorkerMain.java:69)
	at app//worker.org.gradle.process.internal.worker.GradleWorkerMain.main(GradleWorkerMain.java:74)
</failure>
  </testcase>
  <testcase name="performancePOConstruction" classname="de.uka.ilkd.key.proof.runallproofs.RunAllProofsFunctional" time="69.334">
    <failure message="org.opentest4j.AssertionFailedError: Executed process terminated with non-zero exit value. ==&gt; expected: &lt;0&gt; but was: &lt;1&gt;" type="org.opentest4j.AssertionFailedError">org.opentest4j.AssertionFailedError: Executed process terminated with non-zero exit value. ==&gt; expected: &lt;0&gt; but was: &lt;1&gt;
	at app//org.junit.jupiter.api.AssertionFailureBuilder.build(AssertionFailureBuilder.java:151)
	at app//org.junit.jupiter.api.AssertionFailureBuilder.buildAndThrow(AssertionFailureBuilder.java:132)
	at app//org.junit.jupiter.api.AssertEquals.failNotEqual(AssertEquals.java:197)
	at app//org.junit.jupiter.api.AssertEquals.assertEquals(AssertEquals.java:150)
	at app//org.junit.jupiter.api.Assertions.assertEquals(Assertions.java:560)
	at app//de.uka.ilkd.key.proof.runallproofs.proofcollection.ForkedTestFileRunner.processTestFiles(ForkedTestFileRunner.java:130)
	at app//de.uka.ilkd.key.proof.runallproofs.RunAllProofsTestUnit.runTest(RunAllProofsTestUnit.java:89)
	at app//de.uka.ilkd.key.proof.runallproofs.RunAllProofsTest.lambda$data$0(RunAllProofsTest.java:77)
	at app//org.junit.jupiter.engine.descriptor.DynamicTestTestDescriptor.lambda$execute$0(DynamicTestTestDescriptor.java:53)
	at app//org.junit.jupiter.engine.execution.InvocationInterceptorChain$ValidatingInvocation.proceed(InvocationInterceptorChain.java:131)
	at app//org.junit.jupiter.api.extension.InvocationInterceptor.interceptDynamicTest(InvocationInterceptor.java:167)
	at app//org.junit.jupiter.api.extension.InvocationInterceptor.interceptDynamicTest(InvocationInterceptor.java:184)
	at app//org.junit.jupiter.engine.descriptor.DynamicTestTestDescriptor.lambda$execute$1(DynamicTestTestDescriptor.java:61)
	at app//org.junit.jupiter.engine.execution.InvocationInterceptorChain$InterceptorCall.lambda$ofVoid$0(InvocationInterceptorChain.java:78)
	at app//org.junit.jupiter.engine.execution.InvocationInterceptorChain$InterceptedInvocation.proceed(InvocationInterceptorChain.java:106)
	at app//org.junit.jupiter.engine.execution.InvocationInterceptorChain.proceed(InvocationInterceptorChain.java:64)
	at app//org.junit.jupiter.engine.execution.InvocationInterceptorChain.chainAndInvoke(InvocationInterceptorChain.java:45)
	at app//org.junit.jupiter.engine.execution.InvocationInterceptorChain.invoke(InvocationInterceptorChain.java:37)
	at app//org.junit.jupiter.engine.descriptor.DynamicTestTestDescriptor.execute(DynamicTestTestDescriptor.java:60)
	at app//org.junit.jupiter.engine.descriptor.DynamicTestTestDescriptor.execute(DynamicTestTestDescriptor.java:32)
	at app//org.junit.platform.engine.support.hierarchical.NodeTestTask.lambda$executeRecursively$6(NodeTestTask.java:151)
	at app//org.junit.platform.engine.support.hierarchical.ThrowableCollector.execute(ThrowableCollector.java:73)
	at app//org.junit.platform.engine.support.hierarchical.NodeTestTask.lambda$executeRecursively$8(NodeTestTask.java:141)
	at app//org.junit.platform.engine.support.hierarchical.Node.around(Node.java:137)
	at app//org.junit.platform.engine.support.hierarchical.NodeTestTask.lambda$executeRecursively$9(NodeTestTask.java:139)
	at app//org.junit.platform.engine.support.hierarchical.ThrowableCollector.execute(ThrowableCollector.java:73)
	at app//org.junit.platform.engine.support.hierarchical.NodeTestTask.executeRecursively(NodeTestTask.java:138)
	at app//org.junit.platform.engine.support.hierarchical.NodeTestTask.execute(NodeTestTask.java:95)
	at app//org.junit.platform.engine.support.hierarchical.SameThreadHierarchicalTestExecutorService.submit(SameThreadHierarchicalTestExecutorService.java:35)
	at app//org.junit.platform.engine.support.hierarchical.NodeTestTask$DefaultDynamicTestExecutor.execute(NodeTestTask.java:226)
	at app//org.junit.platform.engine.support.hierarchical.NodeTestTask$DefaultDynamicTestExecutor.execute(NodeTestTask.java:204)
	at java.base@11.0.18/java.util.Optional.ifPresent(Optional.java:183)
	at app//org.junit.jupiter.engine.descriptor.TestFactoryTestDescriptor.lambda$invokeTestMethod$1(TestFactoryTestDescriptor.java:108)
	at app//org.junit.platform.engine.support.hierarchical.ThrowableCollector.execute(ThrowableCollector.java:73)
	at app//org.junit.jupiter.engine.descriptor.TestFactoryTestDescriptor.invokeTestMethod(TestFactoryTestDescriptor.java:95)
	at app//org.junit.jupiter.engine.descriptor.TestMethodTestDescriptor.execute(TestMethodTestDescriptor.java:138)
	at app//org.junit.jupiter.engine.descriptor.TestMethodTestDescriptor.execute(TestMethodTestDescriptor.java:68)
	at app//org.junit.platform.engine.support.hierarchical.NodeTestTask.lambda$executeRecursively$6(NodeTestTask.java:151)
	at app//org.junit.platform.engine.support.hierarchical.ThrowableCollector.execute(ThrowableCollector.java:73)
	at app//org.junit.platform.engine.support.hierarchical.NodeTestTask.lambda$executeRecursively$8(NodeTestTask.java:141)
	at app//org.junit.platform.engine.support.hierarchical.Node.around(Node.java:137)
	at app//org.junit.platform.engine.support.hierarchical.NodeTestTask.lambda$executeRecursively$9(NodeTestTask.java:139)
	at app//org.junit.platform.engine.support.hierarchical.ThrowableCollector.execute(ThrowableCollector.java:73)
	at app//org.junit.platform.engine.support.hierarchical.NodeTestTask.executeRecursively(NodeTestTask.java:138)
	at app//org.junit.platform.engine.support.hierarchical.NodeTestTask.execute(NodeTestTask.java:95)
	at java.base@11.0.18/java.util.ArrayList.forEach(ArrayList.java:1541)
	at app//org.junit.platform.engine.support.hierarchical.SameThreadHierarchicalTestExecutorService.invokeAll(SameThreadHierarchicalTestExecutorService.java:41)
	at app//org.junit.platform.engine.support.hierarchical.NodeTestTask.lambda$executeRecursively$6(NodeTestTask.java:155)
	at app//org.junit.platform.engine.support.hierarchical.ThrowableCollector.execute(ThrowableCollector.java:73)
	at app//org.junit.platform.engine.support.hierarchical.NodeTestTask.lambda$executeRecursively$8(NodeTestTask.java:141)
	at app//org.junit.platform.engine.support.hierarchical.Node.around(Node.java:137)
	at app//org.junit.platform.engine.support.hierarchical.NodeTestTask.lambda$executeRecursively$9(NodeTestTask.java:139)
	at app//org.junit.platform.engine.support.hierarchical.ThrowableCollector.execute(ThrowableCollector.java:73)
	at app//org.junit.platform.engine.support.hierarchical.NodeTestTask.executeRecursively(NodeTestTask.java:138)
	at app//org.junit.platform.engine.support.hierarchical.NodeTestTask.execute(NodeTestTask.java:95)
	at java.base@11.0.18/java.util.ArrayList.forEach(ArrayList.java:1541)
	at app//org.junit.platform.engine.support.hierarchical.SameThreadHierarchicalTestExecutorService.invokeAll(SameThreadHierarchicalTestExecutorService.java:41)
	at app//org.junit.platform.engine.support.hierarchical.NodeTestTask.lambda$executeRecursively$6(NodeTestTask.java:155)
	at app//org.junit.platform.engine.support.hierarchical.ThrowableCollector.execute(ThrowableCollector.java:73)
	at app//org.junit.platform.engine.support.hierarchical.NodeTestTask.lambda$executeRecursively$8(NodeTestTask.java:141)
	at app//org.junit.platform.engine.support.hierarchical.Node.around(Node.java:137)
	at app//org.junit.platform.engine.support.hierarchical.NodeTestTask.lambda$executeRecursively$9(NodeTestTask.java:139)
	at app//org.junit.platform.engine.support.hierarchical.ThrowableCollector.execute(ThrowableCollector.java:73)
	at app//org.junit.platform.engine.support.hierarchical.NodeTestTask.executeRecursively(NodeTestTask.java:138)
	at app//org.junit.platform.engine.support.hierarchical.NodeTestTask.execute(NodeTestTask.java:95)
	at app//org.junit.platform.engine.support.hierarchical.SameThreadHierarchicalTestExecutorService.submit(SameThreadHierarchicalTestExecutorService.java:35)
	at app//org.junit.platform.engine.support.hierarchical.HierarchicalTestExecutor.execute(HierarchicalTestExecutor.java:57)
	at app//org.junit.platform.engine.support.hierarchical.HierarchicalTestEngine.execute(HierarchicalTestEngine.java:54)
	at app//org.junit.platform.launcher.core.EngineExecutionOrchestrator.execute(EngineExecutionOrchestrator.java:107)
	at app//org.junit.platform.launcher.core.EngineExecutionOrchestrator.execute(EngineExecutionOrchestrator.java:88)
	at app//org.junit.platform.launcher.core.EngineExecutionOrchestrator.lambda$execute$0(EngineExecutionOrchestrator.java:54)
	at app//org.junit.platform.launcher.core.EngineExecutionOrchestrator.withInterceptedStreams(EngineExecutionOrchestrator.java:67)
	at app//org.junit.platform.launcher.core.EngineExecutionOrchestrator.execute(EngineExecutionOrchestrator.java:52)
	at app//org.junit.platform.launcher.core.DefaultLauncher.execute(DefaultLauncher.java:114)
	at app//org.junit.platform.launcher.core.DefaultLauncher.execute(DefaultLauncher.java:86)
	at app//org.junit.platform.launcher.core.DefaultLauncherSession$DelegatingLauncher.execute(DefaultLauncherSession.java:86)
	at org.gradle.api.internal.tasks.testing.junitplatform.JUnitPlatformTestClassProcessor$CollectAllTestClassesExecutor.processAllTestClasses(JUnitPlatformTestClassProcessor.java:110)
	at org.gradle.api.internal.tasks.testing.junitplatform.JUnitPlatformTestClassProcessor$CollectAllTestClassesExecutor.access$000(JUnitPlatformTestClassProcessor.java:90)
	at org.gradle.api.internal.tasks.testing.junitplatform.JUnitPlatformTestClassProcessor.stop(JUnitPlatformTestClassProcessor.java:85)
	at org.gradle.api.internal.tasks.testing.SuiteTestClassProcessor.stop(SuiteTestClassProcessor.java:62)
	at java.base@11.0.18/jdk.internal.reflect.NativeMethodAccessorImpl.invoke0(Native Method)
	at java.base@11.0.18/jdk.internal.reflect.NativeMethodAccessorImpl.invoke(NativeMethodAccessorImpl.java:62)
	at java.base@11.0.18/jdk.internal.reflect.DelegatingMethodAccessorImpl.invoke(DelegatingMethodAccessorImpl.java:43)
	at java.base@11.0.18/java.lang.reflect.Method.invoke(Method.java:566)
	at org.gradle.internal.dispatch.ReflectionDispatch.dispatch(ReflectionDispatch.java:36)
	at org.gradle.internal.dispatch.ReflectionDispatch.dispatch(ReflectionDispatch.java:24)
	at org.gradle.internal.dispatch.ContextClassLoaderDispatch.dispatch(ContextClassLoaderDispatch.java:33)
	at org.gradle.internal.dispatch.ProxyDispatchAdapter$DispatchingInvocationHandler.invoke(ProxyDispatchAdapter.java:94)
	at com.sun.proxy.$Proxy2.stop(Unknown Source)
	at org.gradle.api.internal.tasks.testing.worker.TestWorker$3.run(TestWorker.java:193)
	at org.gradle.api.internal.tasks.testing.worker.TestWorker.executeAndMaintainThreadName(TestWorker.java:129)
	at org.gradle.api.internal.tasks.testing.worker.TestWorker.execute(TestWorker.java:100)
	at org.gradle.api.internal.tasks.testing.worker.TestWorker.execute(TestWorker.java:60)
	at org.gradle.process.internal.worker.child.ActionExecutionWorker.execute(ActionExecutionWorker.java:56)
	at org.gradle.process.internal.worker.child.SystemApplicationClassLoaderWorker.call(SystemApplicationClassLoaderWorker.java:113)
	at org.gradle.process.internal.worker.child.SystemApplicationClassLoaderWorker.call(SystemApplicationClassLoaderWorker.java:65)
	at app//worker.org.gradle.process.internal.worker.GradleWorkerMain.run(GradleWorkerMain.java:69)
	at app//worker.org.gradle.process.internal.worker.GradleWorkerMain.main(GradleWorkerMain.java:74)
</failure>
  </testcase>
  <testcase name="applicationRestrictions" classname="de.uka.ilkd.key.proof.runallproofs.RunAllProofsFunctional" time="47.848"/>
  <testcase name="blockContracts" classname="de.uka.ilkd.key.proof.runallproofs.RunAllProofsFunctional" time="127.161">
    <failure message="org.opentest4j.AssertionFailedError: Executed process terminated with non-zero exit value. ==&gt; expected: &lt;0&gt; but was: &lt;1&gt;" type="org.opentest4j.AssertionFailedError">org.opentest4j.AssertionFailedError: Executed process terminated with non-zero exit value. ==&gt; expected: &lt;0&gt; but was: &lt;1&gt;
	at app//org.junit.jupiter.api.AssertionFailureBuilder.build(AssertionFailureBuilder.java:151)
	at app//org.junit.jupiter.api.AssertionFailureBuilder.buildAndThrow(AssertionFailureBuilder.java:132)
	at app//org.junit.jupiter.api.AssertEquals.failNotEqual(AssertEquals.java:197)
	at app//org.junit.jupiter.api.AssertEquals.assertEquals(AssertEquals.java:150)
	at app//org.junit.jupiter.api.Assertions.assertEquals(Assertions.java:560)
	at app//de.uka.ilkd.key.proof.runallproofs.proofcollection.ForkedTestFileRunner.processTestFiles(ForkedTestFileRunner.java:130)
	at app//de.uka.ilkd.key.proof.runallproofs.RunAllProofsTestUnit.runTest(RunAllProofsTestUnit.java:89)
	at app//de.uka.ilkd.key.proof.runallproofs.RunAllProofsTest.lambda$data$0(RunAllProofsTest.java:77)
	at app//org.junit.jupiter.engine.descriptor.DynamicTestTestDescriptor.lambda$execute$0(DynamicTestTestDescriptor.java:53)
	at app//org.junit.jupiter.engine.execution.InvocationInterceptorChain$ValidatingInvocation.proceed(InvocationInterceptorChain.java:131)
	at app//org.junit.jupiter.api.extension.InvocationInterceptor.interceptDynamicTest(InvocationInterceptor.java:167)
	at app//org.junit.jupiter.api.extension.InvocationInterceptor.interceptDynamicTest(InvocationInterceptor.java:184)
	at app//org.junit.jupiter.engine.descriptor.DynamicTestTestDescriptor.lambda$execute$1(DynamicTestTestDescriptor.java:61)
	at app//org.junit.jupiter.engine.execution.InvocationInterceptorChain$InterceptorCall.lambda$ofVoid$0(InvocationInterceptorChain.java:78)
	at app//org.junit.jupiter.engine.execution.InvocationInterceptorChain$InterceptedInvocation.proceed(InvocationInterceptorChain.java:106)
	at app//org.junit.jupiter.engine.execution.InvocationInterceptorChain.proceed(InvocationInterceptorChain.java:64)
	at app//org.junit.jupiter.engine.execution.InvocationInterceptorChain.chainAndInvoke(InvocationInterceptorChain.java:45)
	at app//org.junit.jupiter.engine.execution.InvocationInterceptorChain.invoke(InvocationInterceptorChain.java:37)
	at app//org.junit.jupiter.engine.descriptor.DynamicTestTestDescriptor.execute(DynamicTestTestDescriptor.java:60)
	at app//org.junit.jupiter.engine.descriptor.DynamicTestTestDescriptor.execute(DynamicTestTestDescriptor.java:32)
	at app//org.junit.platform.engine.support.hierarchical.NodeTestTask.lambda$executeRecursively$6(NodeTestTask.java:151)
	at app//org.junit.platform.engine.support.hierarchical.ThrowableCollector.execute(ThrowableCollector.java:73)
	at app//org.junit.platform.engine.support.hierarchical.NodeTestTask.lambda$executeRecursively$8(NodeTestTask.java:141)
	at app//org.junit.platform.engine.support.hierarchical.Node.around(Node.java:137)
	at app//org.junit.platform.engine.support.hierarchical.NodeTestTask.lambda$executeRecursively$9(NodeTestTask.java:139)
	at app//org.junit.platform.engine.support.hierarchical.ThrowableCollector.execute(ThrowableCollector.java:73)
	at app//org.junit.platform.engine.support.hierarchical.NodeTestTask.executeRecursively(NodeTestTask.java:138)
	at app//org.junit.platform.engine.support.hierarchical.NodeTestTask.execute(NodeTestTask.java:95)
	at app//org.junit.platform.engine.support.hierarchical.SameThreadHierarchicalTestExecutorService.submit(SameThreadHierarchicalTestExecutorService.java:35)
	at app//org.junit.platform.engine.support.hierarchical.NodeTestTask$DefaultDynamicTestExecutor.execute(NodeTestTask.java:226)
	at app//org.junit.platform.engine.support.hierarchical.NodeTestTask$DefaultDynamicTestExecutor.execute(NodeTestTask.java:204)
	at java.base@11.0.18/java.util.Optional.ifPresent(Optional.java:183)
	at app//org.junit.jupiter.engine.descriptor.TestFactoryTestDescriptor.lambda$invokeTestMethod$1(TestFactoryTestDescriptor.java:108)
	at app//org.junit.platform.engine.support.hierarchical.ThrowableCollector.execute(ThrowableCollector.java:73)
	at app//org.junit.jupiter.engine.descriptor.TestFactoryTestDescriptor.invokeTestMethod(TestFactoryTestDescriptor.java:95)
	at app//org.junit.jupiter.engine.descriptor.TestMethodTestDescriptor.execute(TestMethodTestDescriptor.java:138)
	at app//org.junit.jupiter.engine.descriptor.TestMethodTestDescriptor.execute(TestMethodTestDescriptor.java:68)
	at app//org.junit.platform.engine.support.hierarchical.NodeTestTask.lambda$executeRecursively$6(NodeTestTask.java:151)
	at app//org.junit.platform.engine.support.hierarchical.ThrowableCollector.execute(ThrowableCollector.java:73)
	at app//org.junit.platform.engine.support.hierarchical.NodeTestTask.lambda$executeRecursively$8(NodeTestTask.java:141)
	at app//org.junit.platform.engine.support.hierarchical.Node.around(Node.java:137)
	at app//org.junit.platform.engine.support.hierarchical.NodeTestTask.lambda$executeRecursively$9(NodeTestTask.java:139)
	at app//org.junit.platform.engine.support.hierarchical.ThrowableCollector.execute(ThrowableCollector.java:73)
	at app//org.junit.platform.engine.support.hierarchical.NodeTestTask.executeRecursively(NodeTestTask.java:138)
	at app//org.junit.platform.engine.support.hierarchical.NodeTestTask.execute(NodeTestTask.java:95)
	at java.base@11.0.18/java.util.ArrayList.forEach(ArrayList.java:1541)
	at app//org.junit.platform.engine.support.hierarchical.SameThreadHierarchicalTestExecutorService.invokeAll(SameThreadHierarchicalTestExecutorService.java:41)
	at app//org.junit.platform.engine.support.hierarchical.NodeTestTask.lambda$executeRecursively$6(NodeTestTask.java:155)
	at app//org.junit.platform.engine.support.hierarchical.ThrowableCollector.execute(ThrowableCollector.java:73)
	at app//org.junit.platform.engine.support.hierarchical.NodeTestTask.lambda$executeRecursively$8(NodeTestTask.java:141)
	at app//org.junit.platform.engine.support.hierarchical.Node.around(Node.java:137)
	at app//org.junit.platform.engine.support.hierarchical.NodeTestTask.lambda$executeRecursively$9(NodeTestTask.java:139)
	at app//org.junit.platform.engine.support.hierarchical.ThrowableCollector.execute(ThrowableCollector.java:73)
	at app//org.junit.platform.engine.support.hierarchical.NodeTestTask.executeRecursively(NodeTestTask.java:138)
	at app//org.junit.platform.engine.support.hierarchical.NodeTestTask.execute(NodeTestTask.java:95)
	at java.base@11.0.18/java.util.ArrayList.forEach(ArrayList.java:1541)
	at app//org.junit.platform.engine.support.hierarchical.SameThreadHierarchicalTestExecutorService.invokeAll(SameThreadHierarchicalTestExecutorService.java:41)
	at app//org.junit.platform.engine.support.hierarchical.NodeTestTask.lambda$executeRecursively$6(NodeTestTask.java:155)
	at app//org.junit.platform.engine.support.hierarchical.ThrowableCollector.execute(ThrowableCollector.java:73)
	at app//org.junit.platform.engine.support.hierarchical.NodeTestTask.lambda$executeRecursively$8(NodeTestTask.java:141)
	at app//org.junit.platform.engine.support.hierarchical.Node.around(Node.java:137)
	at app//org.junit.platform.engine.support.hierarchical.NodeTestTask.lambda$executeRecursively$9(NodeTestTask.java:139)
	at app//org.junit.platform.engine.support.hierarchical.ThrowableCollector.execute(ThrowableCollector.java:73)
	at app//org.junit.platform.engine.support.hierarchical.NodeTestTask.executeRecursively(NodeTestTask.java:138)
	at app//org.junit.platform.engine.support.hierarchical.NodeTestTask.execute(NodeTestTask.java:95)
	at app//org.junit.platform.engine.support.hierarchical.SameThreadHierarchicalTestExecutorService.submit(SameThreadHierarchicalTestExecutorService.java:35)
	at app//org.junit.platform.engine.support.hierarchical.HierarchicalTestExecutor.execute(HierarchicalTestExecutor.java:57)
	at app//org.junit.platform.engine.support.hierarchical.HierarchicalTestEngine.execute(HierarchicalTestEngine.java:54)
	at app//org.junit.platform.launcher.core.EngineExecutionOrchestrator.execute(EngineExecutionOrchestrator.java:107)
	at app//org.junit.platform.launcher.core.EngineExecutionOrchestrator.execute(EngineExecutionOrchestrator.java:88)
	at app//org.junit.platform.launcher.core.EngineExecutionOrchestrator.lambda$execute$0(EngineExecutionOrchestrator.java:54)
	at app//org.junit.platform.launcher.core.EngineExecutionOrchestrator.withInterceptedStreams(EngineExecutionOrchestrator.java:67)
	at app//org.junit.platform.launcher.core.EngineExecutionOrchestrator.execute(EngineExecutionOrchestrator.java:52)
	at app//org.junit.platform.launcher.core.DefaultLauncher.execute(DefaultLauncher.java:114)
	at app//org.junit.platform.launcher.core.DefaultLauncher.execute(DefaultLauncher.java:86)
	at app//org.junit.platform.launcher.core.DefaultLauncherSession$DelegatingLauncher.execute(DefaultLauncherSession.java:86)
	at org.gradle.api.internal.tasks.testing.junitplatform.JUnitPlatformTestClassProcessor$CollectAllTestClassesExecutor.processAllTestClasses(JUnitPlatformTestClassProcessor.java:110)
	at org.gradle.api.internal.tasks.testing.junitplatform.JUnitPlatformTestClassProcessor$CollectAllTestClassesExecutor.access$000(JUnitPlatformTestClassProcessor.java:90)
	at org.gradle.api.internal.tasks.testing.junitplatform.JUnitPlatformTestClassProcessor.stop(JUnitPlatformTestClassProcessor.java:85)
	at org.gradle.api.internal.tasks.testing.SuiteTestClassProcessor.stop(SuiteTestClassProcessor.java:62)
	at java.base@11.0.18/jdk.internal.reflect.NativeMethodAccessorImpl.invoke0(Native Method)
	at java.base@11.0.18/jdk.internal.reflect.NativeMethodAccessorImpl.invoke(NativeMethodAccessorImpl.java:62)
	at java.base@11.0.18/jdk.internal.reflect.DelegatingMethodAccessorImpl.invoke(DelegatingMethodAccessorImpl.java:43)
	at java.base@11.0.18/java.lang.reflect.Method.invoke(Method.java:566)
	at org.gradle.internal.dispatch.ReflectionDispatch.dispatch(ReflectionDispatch.java:36)
	at org.gradle.internal.dispatch.ReflectionDispatch.dispatch(ReflectionDispatch.java:24)
	at org.gradle.internal.dispatch.ContextClassLoaderDispatch.dispatch(ContextClassLoaderDispatch.java:33)
	at org.gradle.internal.dispatch.ProxyDispatchAdapter$DispatchingInvocationHandler.invoke(ProxyDispatchAdapter.java:94)
	at com.sun.proxy.$Proxy2.stop(Unknown Source)
	at org.gradle.api.internal.tasks.testing.worker.TestWorker$3.run(TestWorker.java:193)
	at org.gradle.api.internal.tasks.testing.worker.TestWorker.executeAndMaintainThreadName(TestWorker.java:129)
	at org.gradle.api.internal.tasks.testing.worker.TestWorker.execute(TestWorker.java:100)
	at org.gradle.api.internal.tasks.testing.worker.TestWorker.execute(TestWorker.java:60)
	at org.gradle.process.internal.worker.child.ActionExecutionWorker.execute(ActionExecutionWorker.java:56)
	at org.gradle.process.internal.worker.child.SystemApplicationClassLoaderWorker.call(SystemApplicationClassLoaderWorker.java:113)
	at org.gradle.process.internal.worker.child.SystemApplicationClassLoaderWorker.call(SystemApplicationClassLoaderWorker.java:65)
	at app//worker.org.gradle.process.internal.worker.GradleWorkerMain.run(GradleWorkerMain.java:69)
	at app//worker.org.gradle.process.internal.worker.GradleWorkerMain.main(GradleWorkerMain.java:74)
</failure>
  </testcase>
  <testcase name="jmlAsserts" classname="de.uka.ilkd.key.proof.runallproofs.RunAllProofsFunctional" time="84.494">
    <failure message="org.opentest4j.AssertionFailedError: Executed process terminated with non-zero exit value. ==&gt; expected: &lt;0&gt; but was: &lt;1&gt;" type="org.opentest4j.AssertionFailedError">org.opentest4j.AssertionFailedError: Executed process terminated with non-zero exit value. ==&gt; expected: &lt;0&gt; but was: &lt;1&gt;
	at app//org.junit.jupiter.api.AssertionFailureBuilder.build(AssertionFailureBuilder.java:151)
	at app//org.junit.jupiter.api.AssertionFailureBuilder.buildAndThrow(AssertionFailureBuilder.java:132)
	at app//org.junit.jupiter.api.AssertEquals.failNotEqual(AssertEquals.java:197)
	at app//org.junit.jupiter.api.AssertEquals.assertEquals(AssertEquals.java:150)
	at app//org.junit.jupiter.api.Assertions.assertEquals(Assertions.java:560)
	at app//de.uka.ilkd.key.proof.runallproofs.proofcollection.ForkedTestFileRunner.processTestFiles(ForkedTestFileRunner.java:130)
	at app//de.uka.ilkd.key.proof.runallproofs.RunAllProofsTestUnit.runTest(RunAllProofsTestUnit.java:89)
	at app//de.uka.ilkd.key.proof.runallproofs.RunAllProofsTest.lambda$data$0(RunAllProofsTest.java:77)
	at app//org.junit.jupiter.engine.descriptor.DynamicTestTestDescriptor.lambda$execute$0(DynamicTestTestDescriptor.java:53)
	at app//org.junit.jupiter.engine.execution.InvocationInterceptorChain$ValidatingInvocation.proceed(InvocationInterceptorChain.java:131)
	at app//org.junit.jupiter.api.extension.InvocationInterceptor.interceptDynamicTest(InvocationInterceptor.java:167)
	at app//org.junit.jupiter.api.extension.InvocationInterceptor.interceptDynamicTest(InvocationInterceptor.java:184)
	at app//org.junit.jupiter.engine.descriptor.DynamicTestTestDescriptor.lambda$execute$1(DynamicTestTestDescriptor.java:61)
	at app//org.junit.jupiter.engine.execution.InvocationInterceptorChain$InterceptorCall.lambda$ofVoid$0(InvocationInterceptorChain.java:78)
	at app//org.junit.jupiter.engine.execution.InvocationInterceptorChain$InterceptedInvocation.proceed(InvocationInterceptorChain.java:106)
	at app//org.junit.jupiter.engine.execution.InvocationInterceptorChain.proceed(InvocationInterceptorChain.java:64)
	at app//org.junit.jupiter.engine.execution.InvocationInterceptorChain.chainAndInvoke(InvocationInterceptorChain.java:45)
	at app//org.junit.jupiter.engine.execution.InvocationInterceptorChain.invoke(InvocationInterceptorChain.java:37)
	at app//org.junit.jupiter.engine.descriptor.DynamicTestTestDescriptor.execute(DynamicTestTestDescriptor.java:60)
	at app//org.junit.jupiter.engine.descriptor.DynamicTestTestDescriptor.execute(DynamicTestTestDescriptor.java:32)
	at app//org.junit.platform.engine.support.hierarchical.NodeTestTask.lambda$executeRecursively$6(NodeTestTask.java:151)
	at app//org.junit.platform.engine.support.hierarchical.ThrowableCollector.execute(ThrowableCollector.java:73)
	at app//org.junit.platform.engine.support.hierarchical.NodeTestTask.lambda$executeRecursively$8(NodeTestTask.java:141)
	at app//org.junit.platform.engine.support.hierarchical.Node.around(Node.java:137)
	at app//org.junit.platform.engine.support.hierarchical.NodeTestTask.lambda$executeRecursively$9(NodeTestTask.java:139)
	at app//org.junit.platform.engine.support.hierarchical.ThrowableCollector.execute(ThrowableCollector.java:73)
	at app//org.junit.platform.engine.support.hierarchical.NodeTestTask.executeRecursively(NodeTestTask.java:138)
	at app//org.junit.platform.engine.support.hierarchical.NodeTestTask.execute(NodeTestTask.java:95)
	at app//org.junit.platform.engine.support.hierarchical.SameThreadHierarchicalTestExecutorService.submit(SameThreadHierarchicalTestExecutorService.java:35)
	at app//org.junit.platform.engine.support.hierarchical.NodeTestTask$DefaultDynamicTestExecutor.execute(NodeTestTask.java:226)
	at app//org.junit.platform.engine.support.hierarchical.NodeTestTask$DefaultDynamicTestExecutor.execute(NodeTestTask.java:204)
	at java.base@11.0.18/java.util.Optional.ifPresent(Optional.java:183)
	at app//org.junit.jupiter.engine.descriptor.TestFactoryTestDescriptor.lambda$invokeTestMethod$1(TestFactoryTestDescriptor.java:108)
	at app//org.junit.platform.engine.support.hierarchical.ThrowableCollector.execute(ThrowableCollector.java:73)
	at app//org.junit.jupiter.engine.descriptor.TestFactoryTestDescriptor.invokeTestMethod(TestFactoryTestDescriptor.java:95)
	at app//org.junit.jupiter.engine.descriptor.TestMethodTestDescriptor.execute(TestMethodTestDescriptor.java:138)
	at app//org.junit.jupiter.engine.descriptor.TestMethodTestDescriptor.execute(TestMethodTestDescriptor.java:68)
	at app//org.junit.platform.engine.support.hierarchical.NodeTestTask.lambda$executeRecursively$6(NodeTestTask.java:151)
	at app//org.junit.platform.engine.support.hierarchical.ThrowableCollector.execute(ThrowableCollector.java:73)
	at app//org.junit.platform.engine.support.hierarchical.NodeTestTask.lambda$executeRecursively$8(NodeTestTask.java:141)
	at app//org.junit.platform.engine.support.hierarchical.Node.around(Node.java:137)
	at app//org.junit.platform.engine.support.hierarchical.NodeTestTask.lambda$executeRecursively$9(NodeTestTask.java:139)
	at app//org.junit.platform.engine.support.hierarchical.ThrowableCollector.execute(ThrowableCollector.java:73)
	at app//org.junit.platform.engine.support.hierarchical.NodeTestTask.executeRecursively(NodeTestTask.java:138)
	at app//org.junit.platform.engine.support.hierarchical.NodeTestTask.execute(NodeTestTask.java:95)
	at java.base@11.0.18/java.util.ArrayList.forEach(ArrayList.java:1541)
	at app//org.junit.platform.engine.support.hierarchical.SameThreadHierarchicalTestExecutorService.invokeAll(SameThreadHierarchicalTestExecutorService.java:41)
	at app//org.junit.platform.engine.support.hierarchical.NodeTestTask.lambda$executeRecursively$6(NodeTestTask.java:155)
	at app//org.junit.platform.engine.support.hierarchical.ThrowableCollector.execute(ThrowableCollector.java:73)
	at app//org.junit.platform.engine.support.hierarchical.NodeTestTask.lambda$executeRecursively$8(NodeTestTask.java:141)
	at app//org.junit.platform.engine.support.hierarchical.Node.around(Node.java:137)
	at app//org.junit.platform.engine.support.hierarchical.NodeTestTask.lambda$executeRecursively$9(NodeTestTask.java:139)
	at app//org.junit.platform.engine.support.hierarchical.ThrowableCollector.execute(ThrowableCollector.java:73)
	at app//org.junit.platform.engine.support.hierarchical.NodeTestTask.executeRecursively(NodeTestTask.java:138)
	at app//org.junit.platform.engine.support.hierarchical.NodeTestTask.execute(NodeTestTask.java:95)
	at java.base@11.0.18/java.util.ArrayList.forEach(ArrayList.java:1541)
	at app//org.junit.platform.engine.support.hierarchical.SameThreadHierarchicalTestExecutorService.invokeAll(SameThreadHierarchicalTestExecutorService.java:41)
	at app//org.junit.platform.engine.support.hierarchical.NodeTestTask.lambda$executeRecursively$6(NodeTestTask.java:155)
	at app//org.junit.platform.engine.support.hierarchical.ThrowableCollector.execute(ThrowableCollector.java:73)
	at app//org.junit.platform.engine.support.hierarchical.NodeTestTask.lambda$executeRecursively$8(NodeTestTask.java:141)
	at app//org.junit.platform.engine.support.hierarchical.Node.around(Node.java:137)
	at app//org.junit.platform.engine.support.hierarchical.NodeTestTask.lambda$executeRecursively$9(NodeTestTask.java:139)
	at app//org.junit.platform.engine.support.hierarchical.ThrowableCollector.execute(ThrowableCollector.java:73)
	at app//org.junit.platform.engine.support.hierarchical.NodeTestTask.executeRecursively(NodeTestTask.java:138)
	at app//org.junit.platform.engine.support.hierarchical.NodeTestTask.execute(NodeTestTask.java:95)
	at app//org.junit.platform.engine.support.hierarchical.SameThreadHierarchicalTestExecutorService.submit(SameThreadHierarchicalTestExecutorService.java:35)
	at app//org.junit.platform.engine.support.hierarchical.HierarchicalTestExecutor.execute(HierarchicalTestExecutor.java:57)
	at app//org.junit.platform.engine.support.hierarchical.HierarchicalTestEngine.execute(HierarchicalTestEngine.java:54)
	at app//org.junit.platform.launcher.core.EngineExecutionOrchestrator.execute(EngineExecutionOrchestrator.java:107)
	at app//org.junit.platform.launcher.core.EngineExecutionOrchestrator.execute(EngineExecutionOrchestrator.java:88)
	at app//org.junit.platform.launcher.core.EngineExecutionOrchestrator.lambda$execute$0(EngineExecutionOrchestrator.java:54)
	at app//org.junit.platform.launcher.core.EngineExecutionOrchestrator.withInterceptedStreams(EngineExecutionOrchestrator.java:67)
	at app//org.junit.platform.launcher.core.EngineExecutionOrchestrator.execute(EngineExecutionOrchestrator.java:52)
	at app//org.junit.platform.launcher.core.DefaultLauncher.execute(DefaultLauncher.java:114)
	at app//org.junit.platform.launcher.core.DefaultLauncher.execute(DefaultLauncher.java:86)
	at app//org.junit.platform.launcher.core.DefaultLauncherSession$DelegatingLauncher.execute(DefaultLauncherSession.java:86)
	at org.gradle.api.internal.tasks.testing.junitplatform.JUnitPlatformTestClassProcessor$CollectAllTestClassesExecutor.processAllTestClasses(JUnitPlatformTestClassProcessor.java:110)
	at org.gradle.api.internal.tasks.testing.junitplatform.JUnitPlatformTestClassProcessor$CollectAllTestClassesExecutor.access$000(JUnitPlatformTestClassProcessor.java:90)
	at org.gradle.api.internal.tasks.testing.junitplatform.JUnitPlatformTestClassProcessor.stop(JUnitPlatformTestClassProcessor.java:85)
	at org.gradle.api.internal.tasks.testing.SuiteTestClassProcessor.stop(SuiteTestClassProcessor.java:62)
	at java.base@11.0.18/jdk.internal.reflect.NativeMethodAccessorImpl.invoke0(Native Method)
	at java.base@11.0.18/jdk.internal.reflect.NativeMethodAccessorImpl.invoke(NativeMethodAccessorImpl.java:62)
	at java.base@11.0.18/jdk.internal.reflect.DelegatingMethodAccessorImpl.invoke(DelegatingMethodAccessorImpl.java:43)
	at java.base@11.0.18/java.lang.reflect.Method.invoke(Method.java:566)
	at org.gradle.internal.dispatch.ReflectionDispatch.dispatch(ReflectionDispatch.java:36)
	at org.gradle.internal.dispatch.ReflectionDispatch.dispatch(ReflectionDispatch.java:24)
	at org.gradle.internal.dispatch.ContextClassLoaderDispatch.dispatch(ContextClassLoaderDispatch.java:33)
	at org.gradle.internal.dispatch.ProxyDispatchAdapter$DispatchingInvocationHandler.invoke(ProxyDispatchAdapter.java:94)
	at com.sun.proxy.$Proxy2.stop(Unknown Source)
	at org.gradle.api.internal.tasks.testing.worker.TestWorker$3.run(TestWorker.java:193)
	at org.gradle.api.internal.tasks.testing.worker.TestWorker.executeAndMaintainThreadName(TestWorker.java:129)
	at org.gradle.api.internal.tasks.testing.worker.TestWorker.execute(TestWorker.java:100)
	at org.gradle.api.internal.tasks.testing.worker.TestWorker.execute(TestWorker.java:60)
	at org.gradle.process.internal.worker.child.ActionExecutionWorker.execute(ActionExecutionWorker.java:56)
	at org.gradle.process.internal.worker.child.SystemApplicationClassLoaderWorker.call(SystemApplicationClassLoaderWorker.java:113)
	at org.gradle.process.internal.worker.child.SystemApplicationClassLoaderWorker.call(SystemApplicationClassLoaderWorker.java:65)
	at app//worker.org.gradle.process.internal.worker.GradleWorkerMain.run(GradleWorkerMain.java:69)
	at app//worker.org.gradle.process.internal.worker.GradleWorkerMain.main(GradleWorkerMain.java:74)
</failure>
  </testcase>
  <testcase name="javaCard" classname="de.uka.ilkd.key.proof.runallproofs.RunAllProofsFunctional" time="120.637">
    <failure message="org.opentest4j.AssertionFailedError: Executed process terminated with non-zero exit value. ==&gt; expected: &lt;0&gt; but was: &lt;1&gt;" type="org.opentest4j.AssertionFailedError">org.opentest4j.AssertionFailedError: Executed process terminated with non-zero exit value. ==&gt; expected: &lt;0&gt; but was: &lt;1&gt;
	at app//org.junit.jupiter.api.AssertionFailureBuilder.build(AssertionFailureBuilder.java:151)
	at app//org.junit.jupiter.api.AssertionFailureBuilder.buildAndThrow(AssertionFailureBuilder.java:132)
	at app//org.junit.jupiter.api.AssertEquals.failNotEqual(AssertEquals.java:197)
	at app//org.junit.jupiter.api.AssertEquals.assertEquals(AssertEquals.java:150)
	at app//org.junit.jupiter.api.Assertions.assertEquals(Assertions.java:560)
	at app//de.uka.ilkd.key.proof.runallproofs.proofcollection.ForkedTestFileRunner.processTestFiles(ForkedTestFileRunner.java:130)
	at app//de.uka.ilkd.key.proof.runallproofs.RunAllProofsTestUnit.runTest(RunAllProofsTestUnit.java:89)
	at app//de.uka.ilkd.key.proof.runallproofs.RunAllProofsTest.lambda$data$0(RunAllProofsTest.java:77)
	at app//org.junit.jupiter.engine.descriptor.DynamicTestTestDescriptor.lambda$execute$0(DynamicTestTestDescriptor.java:53)
	at app//org.junit.jupiter.engine.execution.InvocationInterceptorChain$ValidatingInvocation.proceed(InvocationInterceptorChain.java:131)
	at app//org.junit.jupiter.api.extension.InvocationInterceptor.interceptDynamicTest(InvocationInterceptor.java:167)
	at app//org.junit.jupiter.api.extension.InvocationInterceptor.interceptDynamicTest(InvocationInterceptor.java:184)
	at app//org.junit.jupiter.engine.descriptor.DynamicTestTestDescriptor.lambda$execute$1(DynamicTestTestDescriptor.java:61)
	at app//org.junit.jupiter.engine.execution.InvocationInterceptorChain$InterceptorCall.lambda$ofVoid$0(InvocationInterceptorChain.java:78)
	at app//org.junit.jupiter.engine.execution.InvocationInterceptorChain$InterceptedInvocation.proceed(InvocationInterceptorChain.java:106)
	at app//org.junit.jupiter.engine.execution.InvocationInterceptorChain.proceed(InvocationInterceptorChain.java:64)
	at app//org.junit.jupiter.engine.execution.InvocationInterceptorChain.chainAndInvoke(InvocationInterceptorChain.java:45)
	at app//org.junit.jupiter.engine.execution.InvocationInterceptorChain.invoke(InvocationInterceptorChain.java:37)
	at app//org.junit.jupiter.engine.descriptor.DynamicTestTestDescriptor.execute(DynamicTestTestDescriptor.java:60)
	at app//org.junit.jupiter.engine.descriptor.DynamicTestTestDescriptor.execute(DynamicTestTestDescriptor.java:32)
	at app//org.junit.platform.engine.support.hierarchical.NodeTestTask.lambda$executeRecursively$6(NodeTestTask.java:151)
	at app//org.junit.platform.engine.support.hierarchical.ThrowableCollector.execute(ThrowableCollector.java:73)
	at app//org.junit.platform.engine.support.hierarchical.NodeTestTask.lambda$executeRecursively$8(NodeTestTask.java:141)
	at app//org.junit.platform.engine.support.hierarchical.Node.around(Node.java:137)
	at app//org.junit.platform.engine.support.hierarchical.NodeTestTask.lambda$executeRecursively$9(NodeTestTask.java:139)
	at app//org.junit.platform.engine.support.hierarchical.ThrowableCollector.execute(ThrowableCollector.java:73)
	at app//org.junit.platform.engine.support.hierarchical.NodeTestTask.executeRecursively(NodeTestTask.java:138)
	at app//org.junit.platform.engine.support.hierarchical.NodeTestTask.execute(NodeTestTask.java:95)
	at app//org.junit.platform.engine.support.hierarchical.SameThreadHierarchicalTestExecutorService.submit(SameThreadHierarchicalTestExecutorService.java:35)
	at app//org.junit.platform.engine.support.hierarchical.NodeTestTask$DefaultDynamicTestExecutor.execute(NodeTestTask.java:226)
	at app//org.junit.platform.engine.support.hierarchical.NodeTestTask$DefaultDynamicTestExecutor.execute(NodeTestTask.java:204)
	at java.base@11.0.18/java.util.Optional.ifPresent(Optional.java:183)
	at app//org.junit.jupiter.engine.descriptor.TestFactoryTestDescriptor.lambda$invokeTestMethod$1(TestFactoryTestDescriptor.java:108)
	at app//org.junit.platform.engine.support.hierarchical.ThrowableCollector.execute(ThrowableCollector.java:73)
	at app//org.junit.jupiter.engine.descriptor.TestFactoryTestDescriptor.invokeTestMethod(TestFactoryTestDescriptor.java:95)
	at app//org.junit.jupiter.engine.descriptor.TestMethodTestDescriptor.execute(TestMethodTestDescriptor.java:138)
	at app//org.junit.jupiter.engine.descriptor.TestMethodTestDescriptor.execute(TestMethodTestDescriptor.java:68)
	at app//org.junit.platform.engine.support.hierarchical.NodeTestTask.lambda$executeRecursively$6(NodeTestTask.java:151)
	at app//org.junit.platform.engine.support.hierarchical.ThrowableCollector.execute(ThrowableCollector.java:73)
	at app//org.junit.platform.engine.support.hierarchical.NodeTestTask.lambda$executeRecursively$8(NodeTestTask.java:141)
	at app//org.junit.platform.engine.support.hierarchical.Node.around(Node.java:137)
	at app//org.junit.platform.engine.support.hierarchical.NodeTestTask.lambda$executeRecursively$9(NodeTestTask.java:139)
	at app//org.junit.platform.engine.support.hierarchical.ThrowableCollector.execute(ThrowableCollector.java:73)
	at app//org.junit.platform.engine.support.hierarchical.NodeTestTask.executeRecursively(NodeTestTask.java:138)
	at app//org.junit.platform.engine.support.hierarchical.NodeTestTask.execute(NodeTestTask.java:95)
	at java.base@11.0.18/java.util.ArrayList.forEach(ArrayList.java:1541)
	at app//org.junit.platform.engine.support.hierarchical.SameThreadHierarchicalTestExecutorService.invokeAll(SameThreadHierarchicalTestExecutorService.java:41)
	at app//org.junit.platform.engine.support.hierarchical.NodeTestTask.lambda$executeRecursively$6(NodeTestTask.java:155)
	at app//org.junit.platform.engine.support.hierarchical.ThrowableCollector.execute(ThrowableCollector.java:73)
	at app//org.junit.platform.engine.support.hierarchical.NodeTestTask.lambda$executeRecursively$8(NodeTestTask.java:141)
	at app//org.junit.platform.engine.support.hierarchical.Node.around(Node.java:137)
	at app//org.junit.platform.engine.support.hierarchical.NodeTestTask.lambda$executeRecursively$9(NodeTestTask.java:139)
	at app//org.junit.platform.engine.support.hierarchical.ThrowableCollector.execute(ThrowableCollector.java:73)
	at app//org.junit.platform.engine.support.hierarchical.NodeTestTask.executeRecursively(NodeTestTask.java:138)
	at app//org.junit.platform.engine.support.hierarchical.NodeTestTask.execute(NodeTestTask.java:95)
	at java.base@11.0.18/java.util.ArrayList.forEach(ArrayList.java:1541)
	at app//org.junit.platform.engine.support.hierarchical.SameThreadHierarchicalTestExecutorService.invokeAll(SameThreadHierarchicalTestExecutorService.java:41)
	at app//org.junit.platform.engine.support.hierarchical.NodeTestTask.lambda$executeRecursively$6(NodeTestTask.java:155)
	at app//org.junit.platform.engine.support.hierarchical.ThrowableCollector.execute(ThrowableCollector.java:73)
	at app//org.junit.platform.engine.support.hierarchical.NodeTestTask.lambda$executeRecursively$8(NodeTestTask.java:141)
	at app//org.junit.platform.engine.support.hierarchical.Node.around(Node.java:137)
	at app//org.junit.platform.engine.support.hierarchical.NodeTestTask.lambda$executeRecursively$9(NodeTestTask.java:139)
	at app//org.junit.platform.engine.support.hierarchical.ThrowableCollector.execute(ThrowableCollector.java:73)
	at app//org.junit.platform.engine.support.hierarchical.NodeTestTask.executeRecursively(NodeTestTask.java:138)
	at app//org.junit.platform.engine.support.hierarchical.NodeTestTask.execute(NodeTestTask.java:95)
	at app//org.junit.platform.engine.support.hierarchical.SameThreadHierarchicalTestExecutorService.submit(SameThreadHierarchicalTestExecutorService.java:35)
	at app//org.junit.platform.engine.support.hierarchical.HierarchicalTestExecutor.execute(HierarchicalTestExecutor.java:57)
	at app//org.junit.platform.engine.support.hierarchical.HierarchicalTestEngine.execute(HierarchicalTestEngine.java:54)
	at app//org.junit.platform.launcher.core.EngineExecutionOrchestrator.execute(EngineExecutionOrchestrator.java:107)
	at app//org.junit.platform.launcher.core.EngineExecutionOrchestrator.execute(EngineExecutionOrchestrator.java:88)
	at app//org.junit.platform.launcher.core.EngineExecutionOrchestrator.lambda$execute$0(EngineExecutionOrchestrator.java:54)
	at app//org.junit.platform.launcher.core.EngineExecutionOrchestrator.withInterceptedStreams(EngineExecutionOrchestrator.java:67)
	at app//org.junit.platform.launcher.core.EngineExecutionOrchestrator.execute(EngineExecutionOrchestrator.java:52)
	at app//org.junit.platform.launcher.core.DefaultLauncher.execute(DefaultLauncher.java:114)
	at app//org.junit.platform.launcher.core.DefaultLauncher.execute(DefaultLauncher.java:86)
	at app//org.junit.platform.launcher.core.DefaultLauncherSession$DelegatingLauncher.execute(DefaultLauncherSession.java:86)
	at org.gradle.api.internal.tasks.testing.junitplatform.JUnitPlatformTestClassProcessor$CollectAllTestClassesExecutor.processAllTestClasses(JUnitPlatformTestClassProcessor.java:110)
	at org.gradle.api.internal.tasks.testing.junitplatform.JUnitPlatformTestClassProcessor$CollectAllTestClassesExecutor.access$000(JUnitPlatformTestClassProcessor.java:90)
	at org.gradle.api.internal.tasks.testing.junitplatform.JUnitPlatformTestClassProcessor.stop(JUnitPlatformTestClassProcessor.java:85)
	at org.gradle.api.internal.tasks.testing.SuiteTestClassProcessor.stop(SuiteTestClassProcessor.java:62)
	at java.base@11.0.18/jdk.internal.reflect.NativeMethodAccessorImpl.invoke0(Native Method)
	at java.base@11.0.18/jdk.internal.reflect.NativeMethodAccessorImpl.invoke(NativeMethodAccessorImpl.java:62)
	at java.base@11.0.18/jdk.internal.reflect.DelegatingMethodAccessorImpl.invoke(DelegatingMethodAccessorImpl.java:43)
	at java.base@11.0.18/java.lang.reflect.Method.invoke(Method.java:566)
	at org.gradle.internal.dispatch.ReflectionDispatch.dispatch(ReflectionDispatch.java:36)
	at org.gradle.internal.dispatch.ReflectionDispatch.dispatch(ReflectionDispatch.java:24)
	at org.gradle.internal.dispatch.ContextClassLoaderDispatch.dispatch(ContextClassLoaderDispatch.java:33)
	at org.gradle.internal.dispatch.ProxyDispatchAdapter$DispatchingInvocationHandler.invoke(ProxyDispatchAdapter.java:94)
	at com.sun.proxy.$Proxy2.stop(Unknown Source)
	at org.gradle.api.internal.tasks.testing.worker.TestWorker$3.run(TestWorker.java:193)
	at org.gradle.api.internal.tasks.testing.worker.TestWorker.executeAndMaintainThreadName(TestWorker.java:129)
	at org.gradle.api.internal.tasks.testing.worker.TestWorker.execute(TestWorker.java:100)
	at org.gradle.api.internal.tasks.testing.worker.TestWorker.execute(TestWorker.java:60)
	at org.gradle.process.internal.worker.child.ActionExecutionWorker.execute(ActionExecutionWorker.java:56)
	at org.gradle.process.internal.worker.child.SystemApplicationClassLoaderWorker.call(SystemApplicationClassLoaderWorker.java:113)
	at org.gradle.process.internal.worker.child.SystemApplicationClassLoaderWorker.call(SystemApplicationClassLoaderWorker.java:65)
	at app//worker.org.gradle.process.internal.worker.GradleWorkerMain.run(GradleWorkerMain.java:69)
	at app//worker.org.gradle.process.internal.worker.GradleWorkerMain.main(GradleWorkerMain.java:74)
</failure>
  </testcase>
  <testcase name="list" classname="de.uka.ilkd.key.proof.runallproofs.RunAllProofsFunctional" time="249.28">
    <failure message="org.opentest4j.AssertionFailedError: Executed process terminated with non-zero exit value. ==&gt; expected: &lt;0&gt; but was: &lt;1&gt;" type="org.opentest4j.AssertionFailedError">org.opentest4j.AssertionFailedError: Executed process terminated with non-zero exit value. ==&gt; expected: &lt;0&gt; but was: &lt;1&gt;
	at app//org.junit.jupiter.api.AssertionFailureBuilder.build(AssertionFailureBuilder.java:151)
	at app//org.junit.jupiter.api.AssertionFailureBuilder.buildAndThrow(AssertionFailureBuilder.java:132)
	at app//org.junit.jupiter.api.AssertEquals.failNotEqual(AssertEquals.java:197)
	at app//org.junit.jupiter.api.AssertEquals.assertEquals(AssertEquals.java:150)
	at app//org.junit.jupiter.api.Assertions.assertEquals(Assertions.java:560)
	at app//de.uka.ilkd.key.proof.runallproofs.proofcollection.ForkedTestFileRunner.processTestFiles(ForkedTestFileRunner.java:130)
	at app//de.uka.ilkd.key.proof.runallproofs.RunAllProofsTestUnit.runTest(RunAllProofsTestUnit.java:89)
	at app//de.uka.ilkd.key.proof.runallproofs.RunAllProofsTest.lambda$data$0(RunAllProofsTest.java:77)
	at app//org.junit.jupiter.engine.descriptor.DynamicTestTestDescriptor.lambda$execute$0(DynamicTestTestDescriptor.java:53)
	at app//org.junit.jupiter.engine.execution.InvocationInterceptorChain$ValidatingInvocation.proceed(InvocationInterceptorChain.java:131)
	at app//org.junit.jupiter.api.extension.InvocationInterceptor.interceptDynamicTest(InvocationInterceptor.java:167)
	at app//org.junit.jupiter.api.extension.InvocationInterceptor.interceptDynamicTest(InvocationInterceptor.java:184)
	at app//org.junit.jupiter.engine.descriptor.DynamicTestTestDescriptor.lambda$execute$1(DynamicTestTestDescriptor.java:61)
	at app//org.junit.jupiter.engine.execution.InvocationInterceptorChain$InterceptorCall.lambda$ofVoid$0(InvocationInterceptorChain.java:78)
	at app//org.junit.jupiter.engine.execution.InvocationInterceptorChain$InterceptedInvocation.proceed(InvocationInterceptorChain.java:106)
	at app//org.junit.jupiter.engine.execution.InvocationInterceptorChain.proceed(InvocationInterceptorChain.java:64)
	at app//org.junit.jupiter.engine.execution.InvocationInterceptorChain.chainAndInvoke(InvocationInterceptorChain.java:45)
	at app//org.junit.jupiter.engine.execution.InvocationInterceptorChain.invoke(InvocationInterceptorChain.java:37)
	at app//org.junit.jupiter.engine.descriptor.DynamicTestTestDescriptor.execute(DynamicTestTestDescriptor.java:60)
	at app//org.junit.jupiter.engine.descriptor.DynamicTestTestDescriptor.execute(DynamicTestTestDescriptor.java:32)
	at app//org.junit.platform.engine.support.hierarchical.NodeTestTask.lambda$executeRecursively$6(NodeTestTask.java:151)
	at app//org.junit.platform.engine.support.hierarchical.ThrowableCollector.execute(ThrowableCollector.java:73)
	at app//org.junit.platform.engine.support.hierarchical.NodeTestTask.lambda$executeRecursively$8(NodeTestTask.java:141)
	at app//org.junit.platform.engine.support.hierarchical.Node.around(Node.java:137)
	at app//org.junit.platform.engine.support.hierarchical.NodeTestTask.lambda$executeRecursively$9(NodeTestTask.java:139)
	at app//org.junit.platform.engine.support.hierarchical.ThrowableCollector.execute(ThrowableCollector.java:73)
	at app//org.junit.platform.engine.support.hierarchical.NodeTestTask.executeRecursively(NodeTestTask.java:138)
	at app//org.junit.platform.engine.support.hierarchical.NodeTestTask.execute(NodeTestTask.java:95)
	at app//org.junit.platform.engine.support.hierarchical.SameThreadHierarchicalTestExecutorService.submit(SameThreadHierarchicalTestExecutorService.java:35)
	at app//org.junit.platform.engine.support.hierarchical.NodeTestTask$DefaultDynamicTestExecutor.execute(NodeTestTask.java:226)
	at app//org.junit.platform.engine.support.hierarchical.NodeTestTask$DefaultDynamicTestExecutor.execute(NodeTestTask.java:204)
	at java.base@11.0.18/java.util.Optional.ifPresent(Optional.java:183)
	at app//org.junit.jupiter.engine.descriptor.TestFactoryTestDescriptor.lambda$invokeTestMethod$1(TestFactoryTestDescriptor.java:108)
	at app//org.junit.platform.engine.support.hierarchical.ThrowableCollector.execute(ThrowableCollector.java:73)
	at app//org.junit.jupiter.engine.descriptor.TestFactoryTestDescriptor.invokeTestMethod(TestFactoryTestDescriptor.java:95)
	at app//org.junit.jupiter.engine.descriptor.TestMethodTestDescriptor.execute(TestMethodTestDescriptor.java:138)
	at app//org.junit.jupiter.engine.descriptor.TestMethodTestDescriptor.execute(TestMethodTestDescriptor.java:68)
	at app//org.junit.platform.engine.support.hierarchical.NodeTestTask.lambda$executeRecursively$6(NodeTestTask.java:151)
	at app//org.junit.platform.engine.support.hierarchical.ThrowableCollector.execute(ThrowableCollector.java:73)
	at app//org.junit.platform.engine.support.hierarchical.NodeTestTask.lambda$executeRecursively$8(NodeTestTask.java:141)
	at app//org.junit.platform.engine.support.hierarchical.Node.around(Node.java:137)
	at app//org.junit.platform.engine.support.hierarchical.NodeTestTask.lambda$executeRecursively$9(NodeTestTask.java:139)
	at app//org.junit.platform.engine.support.hierarchical.ThrowableCollector.execute(ThrowableCollector.java:73)
	at app//org.junit.platform.engine.support.hierarchical.NodeTestTask.executeRecursively(NodeTestTask.java:138)
	at app//org.junit.platform.engine.support.hierarchical.NodeTestTask.execute(NodeTestTask.java:95)
	at java.base@11.0.18/java.util.ArrayList.forEach(ArrayList.java:1541)
	at app//org.junit.platform.engine.support.hierarchical.SameThreadHierarchicalTestExecutorService.invokeAll(SameThreadHierarchicalTestExecutorService.java:41)
	at app//org.junit.platform.engine.support.hierarchical.NodeTestTask.lambda$executeRecursively$6(NodeTestTask.java:155)
	at app//org.junit.platform.engine.support.hierarchical.ThrowableCollector.execute(ThrowableCollector.java:73)
	at app//org.junit.platform.engine.support.hierarchical.NodeTestTask.lambda$executeRecursively$8(NodeTestTask.java:141)
	at app//org.junit.platform.engine.support.hierarchical.Node.around(Node.java:137)
	at app//org.junit.platform.engine.support.hierarchical.NodeTestTask.lambda$executeRecursively$9(NodeTestTask.java:139)
	at app//org.junit.platform.engine.support.hierarchical.ThrowableCollector.execute(ThrowableCollector.java:73)
	at app//org.junit.platform.engine.support.hierarchical.NodeTestTask.executeRecursively(NodeTestTask.java:138)
	at app//org.junit.platform.engine.support.hierarchical.NodeTestTask.execute(NodeTestTask.java:95)
	at java.base@11.0.18/java.util.ArrayList.forEach(ArrayList.java:1541)
	at app//org.junit.platform.engine.support.hierarchical.SameThreadHierarchicalTestExecutorService.invokeAll(SameThreadHierarchicalTestExecutorService.java:41)
	at app//org.junit.platform.engine.support.hierarchical.NodeTestTask.lambda$executeRecursively$6(NodeTestTask.java:155)
	at app//org.junit.platform.engine.support.hierarchical.ThrowableCollector.execute(ThrowableCollector.java:73)
	at app//org.junit.platform.engine.support.hierarchical.NodeTestTask.lambda$executeRecursively$8(NodeTestTask.java:141)
	at app//org.junit.platform.engine.support.hierarchical.Node.around(Node.java:137)
	at app//org.junit.platform.engine.support.hierarchical.NodeTestTask.lambda$executeRecursively$9(NodeTestTask.java:139)
	at app//org.junit.platform.engine.support.hierarchical.ThrowableCollector.execute(ThrowableCollector.java:73)
	at app//org.junit.platform.engine.support.hierarchical.NodeTestTask.executeRecursively(NodeTestTask.java:138)
	at app//org.junit.platform.engine.support.hierarchical.NodeTestTask.execute(NodeTestTask.java:95)
	at app//org.junit.platform.engine.support.hierarchical.SameThreadHierarchicalTestExecutorService.submit(SameThreadHierarchicalTestExecutorService.java:35)
	at app//org.junit.platform.engine.support.hierarchical.HierarchicalTestExecutor.execute(HierarchicalTestExecutor.java:57)
	at app//org.junit.platform.engine.support.hierarchical.HierarchicalTestEngine.execute(HierarchicalTestEngine.java:54)
	at app//org.junit.platform.launcher.core.EngineExecutionOrchestrator.execute(EngineExecutionOrchestrator.java:107)
	at app//org.junit.platform.launcher.core.EngineExecutionOrchestrator.execute(EngineExecutionOrchestrator.java:88)
	at app//org.junit.platform.launcher.core.EngineExecutionOrchestrator.lambda$execute$0(EngineExecutionOrchestrator.java:54)
	at app//org.junit.platform.launcher.core.EngineExecutionOrchestrator.withInterceptedStreams(EngineExecutionOrchestrator.java:67)
	at app//org.junit.platform.launcher.core.EngineExecutionOrchestrator.execute(EngineExecutionOrchestrator.java:52)
	at app//org.junit.platform.launcher.core.DefaultLauncher.execute(DefaultLauncher.java:114)
	at app//org.junit.platform.launcher.core.DefaultLauncher.execute(DefaultLauncher.java:86)
	at app//org.junit.platform.launcher.core.DefaultLauncherSession$DelegatingLauncher.execute(DefaultLauncherSession.java:86)
	at org.gradle.api.internal.tasks.testing.junitplatform.JUnitPlatformTestClassProcessor$CollectAllTestClassesExecutor.processAllTestClasses(JUnitPlatformTestClassProcessor.java:110)
	at org.gradle.api.internal.tasks.testing.junitplatform.JUnitPlatformTestClassProcessor$CollectAllTestClassesExecutor.access$000(JUnitPlatformTestClassProcessor.java:90)
	at org.gradle.api.internal.tasks.testing.junitplatform.JUnitPlatformTestClassProcessor.stop(JUnitPlatformTestClassProcessor.java:85)
	at org.gradle.api.internal.tasks.testing.SuiteTestClassProcessor.stop(SuiteTestClassProcessor.java:62)
	at java.base@11.0.18/jdk.internal.reflect.NativeMethodAccessorImpl.invoke0(Native Method)
	at java.base@11.0.18/jdk.internal.reflect.NativeMethodAccessorImpl.invoke(NativeMethodAccessorImpl.java:62)
	at java.base@11.0.18/jdk.internal.reflect.DelegatingMethodAccessorImpl.invoke(DelegatingMethodAccessorImpl.java:43)
	at java.base@11.0.18/java.lang.reflect.Method.invoke(Method.java:566)
	at org.gradle.internal.dispatch.ReflectionDispatch.dispatch(ReflectionDispatch.java:36)
	at org.gradle.internal.dispatch.ReflectionDispatch.dispatch(ReflectionDispatch.java:24)
	at org.gradle.internal.dispatch.ContextClassLoaderDispatch.dispatch(ContextClassLoaderDispatch.java:33)
	at org.gradle.internal.dispatch.ProxyDispatchAdapter$DispatchingInvocationHandler.invoke(ProxyDispatchAdapter.java:94)
	at com.sun.proxy.$Proxy2.stop(Unknown Source)
	at org.gradle.api.internal.tasks.testing.worker.TestWorker$3.run(TestWorker.java:193)
	at org.gradle.api.internal.tasks.testing.worker.TestWorker.executeAndMaintainThreadName(TestWorker.java:129)
	at org.gradle.api.internal.tasks.testing.worker.TestWorker.execute(TestWorker.java:100)
	at org.gradle.api.internal.tasks.testing.worker.TestWorker.execute(TestWorker.java:60)
	at org.gradle.process.internal.worker.child.ActionExecutionWorker.execute(ActionExecutionWorker.java:56)
	at org.gradle.process.internal.worker.child.SystemApplicationClassLoaderWorker.call(SystemApplicationClassLoaderWorker.java:113)
	at org.gradle.process.internal.worker.child.SystemApplicationClassLoaderWorker.call(SystemApplicationClassLoaderWorker.java:65)
	at app//worker.org.gradle.process.internal.worker.GradleWorkerMain.run(GradleWorkerMain.java:69)
	at app//worker.org.gradle.process.internal.worker.GradleWorkerMain.main(GradleWorkerMain.java:74)
</failure>
  </testcase>
  <testcase name="list_ghost" classname="de.uka.ilkd.key.proof.runallproofs.RunAllProofsFunctional" time="60.905">
    <failure message="org.opentest4j.AssertionFailedError: Executed process terminated with non-zero exit value. ==&gt; expected: &lt;0&gt; but was: &lt;1&gt;" type="org.opentest4j.AssertionFailedError">org.opentest4j.AssertionFailedError: Executed process terminated with non-zero exit value. ==&gt; expected: &lt;0&gt; but was: &lt;1&gt;
	at app//org.junit.jupiter.api.AssertionFailureBuilder.build(AssertionFailureBuilder.java:151)
	at app//org.junit.jupiter.api.AssertionFailureBuilder.buildAndThrow(AssertionFailureBuilder.java:132)
	at app//org.junit.jupiter.api.AssertEquals.failNotEqual(AssertEquals.java:197)
	at app//org.junit.jupiter.api.AssertEquals.assertEquals(AssertEquals.java:150)
	at app//org.junit.jupiter.api.Assertions.assertEquals(Assertions.java:560)
	at app//de.uka.ilkd.key.proof.runallproofs.proofcollection.ForkedTestFileRunner.processTestFiles(ForkedTestFileRunner.java:130)
	at app//de.uka.ilkd.key.proof.runallproofs.RunAllProofsTestUnit.runTest(RunAllProofsTestUnit.java:89)
	at app//de.uka.ilkd.key.proof.runallproofs.RunAllProofsTest.lambda$data$0(RunAllProofsTest.java:77)
	at app//org.junit.jupiter.engine.descriptor.DynamicTestTestDescriptor.lambda$execute$0(DynamicTestTestDescriptor.java:53)
	at app//org.junit.jupiter.engine.execution.InvocationInterceptorChain$ValidatingInvocation.proceed(InvocationInterceptorChain.java:131)
	at app//org.junit.jupiter.api.extension.InvocationInterceptor.interceptDynamicTest(InvocationInterceptor.java:167)
	at app//org.junit.jupiter.api.extension.InvocationInterceptor.interceptDynamicTest(InvocationInterceptor.java:184)
	at app//org.junit.jupiter.engine.descriptor.DynamicTestTestDescriptor.lambda$execute$1(DynamicTestTestDescriptor.java:61)
	at app//org.junit.jupiter.engine.execution.InvocationInterceptorChain$InterceptorCall.lambda$ofVoid$0(InvocationInterceptorChain.java:78)
	at app//org.junit.jupiter.engine.execution.InvocationInterceptorChain$InterceptedInvocation.proceed(InvocationInterceptorChain.java:106)
	at app//org.junit.jupiter.engine.execution.InvocationInterceptorChain.proceed(InvocationInterceptorChain.java:64)
	at app//org.junit.jupiter.engine.execution.InvocationInterceptorChain.chainAndInvoke(InvocationInterceptorChain.java:45)
	at app//org.junit.jupiter.engine.execution.InvocationInterceptorChain.invoke(InvocationInterceptorChain.java:37)
	at app//org.junit.jupiter.engine.descriptor.DynamicTestTestDescriptor.execute(DynamicTestTestDescriptor.java:60)
	at app//org.junit.jupiter.engine.descriptor.DynamicTestTestDescriptor.execute(DynamicTestTestDescriptor.java:32)
	at app//org.junit.platform.engine.support.hierarchical.NodeTestTask.lambda$executeRecursively$6(NodeTestTask.java:151)
	at app//org.junit.platform.engine.support.hierarchical.ThrowableCollector.execute(ThrowableCollector.java:73)
	at app//org.junit.platform.engine.support.hierarchical.NodeTestTask.lambda$executeRecursively$8(NodeTestTask.java:141)
	at app//org.junit.platform.engine.support.hierarchical.Node.around(Node.java:137)
	at app//org.junit.platform.engine.support.hierarchical.NodeTestTask.lambda$executeRecursively$9(NodeTestTask.java:139)
	at app//org.junit.platform.engine.support.hierarchical.ThrowableCollector.execute(ThrowableCollector.java:73)
	at app//org.junit.platform.engine.support.hierarchical.NodeTestTask.executeRecursively(NodeTestTask.java:138)
	at app//org.junit.platform.engine.support.hierarchical.NodeTestTask.execute(NodeTestTask.java:95)
	at app//org.junit.platform.engine.support.hierarchical.SameThreadHierarchicalTestExecutorService.submit(SameThreadHierarchicalTestExecutorService.java:35)
	at app//org.junit.platform.engine.support.hierarchical.NodeTestTask$DefaultDynamicTestExecutor.execute(NodeTestTask.java:226)
	at app//org.junit.platform.engine.support.hierarchical.NodeTestTask$DefaultDynamicTestExecutor.execute(NodeTestTask.java:204)
	at java.base@11.0.18/java.util.Optional.ifPresent(Optional.java:183)
	at app//org.junit.jupiter.engine.descriptor.TestFactoryTestDescriptor.lambda$invokeTestMethod$1(TestFactoryTestDescriptor.java:108)
	at app//org.junit.platform.engine.support.hierarchical.ThrowableCollector.execute(ThrowableCollector.java:73)
	at app//org.junit.jupiter.engine.descriptor.TestFactoryTestDescriptor.invokeTestMethod(TestFactoryTestDescriptor.java:95)
	at app//org.junit.jupiter.engine.descriptor.TestMethodTestDescriptor.execute(TestMethodTestDescriptor.java:138)
	at app//org.junit.jupiter.engine.descriptor.TestMethodTestDescriptor.execute(TestMethodTestDescriptor.java:68)
	at app//org.junit.platform.engine.support.hierarchical.NodeTestTask.lambda$executeRecursively$6(NodeTestTask.java:151)
	at app//org.junit.platform.engine.support.hierarchical.ThrowableCollector.execute(ThrowableCollector.java:73)
	at app//org.junit.platform.engine.support.hierarchical.NodeTestTask.lambda$executeRecursively$8(NodeTestTask.java:141)
	at app//org.junit.platform.engine.support.hierarchical.Node.around(Node.java:137)
	at app//org.junit.platform.engine.support.hierarchical.NodeTestTask.lambda$executeRecursively$9(NodeTestTask.java:139)
	at app//org.junit.platform.engine.support.hierarchical.ThrowableCollector.execute(ThrowableCollector.java:73)
	at app//org.junit.platform.engine.support.hierarchical.NodeTestTask.executeRecursively(NodeTestTask.java:138)
	at app//org.junit.platform.engine.support.hierarchical.NodeTestTask.execute(NodeTestTask.java:95)
	at java.base@11.0.18/java.util.ArrayList.forEach(ArrayList.java:1541)
	at app//org.junit.platform.engine.support.hierarchical.SameThreadHierarchicalTestExecutorService.invokeAll(SameThreadHierarchicalTestExecutorService.java:41)
	at app//org.junit.platform.engine.support.hierarchical.NodeTestTask.lambda$executeRecursively$6(NodeTestTask.java:155)
	at app//org.junit.platform.engine.support.hierarchical.ThrowableCollector.execute(ThrowableCollector.java:73)
	at app//org.junit.platform.engine.support.hierarchical.NodeTestTask.lambda$executeRecursively$8(NodeTestTask.java:141)
	at app//org.junit.platform.engine.support.hierarchical.Node.around(Node.java:137)
	at app//org.junit.platform.engine.support.hierarchical.NodeTestTask.lambda$executeRecursively$9(NodeTestTask.java:139)
	at app//org.junit.platform.engine.support.hierarchical.ThrowableCollector.execute(ThrowableCollector.java:73)
	at app//org.junit.platform.engine.support.hierarchical.NodeTestTask.executeRecursively(NodeTestTask.java:138)
	at app//org.junit.platform.engine.support.hierarchical.NodeTestTask.execute(NodeTestTask.java:95)
	at java.base@11.0.18/java.util.ArrayList.forEach(ArrayList.java:1541)
	at app//org.junit.platform.engine.support.hierarchical.SameThreadHierarchicalTestExecutorService.invokeAll(SameThreadHierarchicalTestExecutorService.java:41)
	at app//org.junit.platform.engine.support.hierarchical.NodeTestTask.lambda$executeRecursively$6(NodeTestTask.java:155)
	at app//org.junit.platform.engine.support.hierarchical.ThrowableCollector.execute(ThrowableCollector.java:73)
	at app//org.junit.platform.engine.support.hierarchical.NodeTestTask.lambda$executeRecursively$8(NodeTestTask.java:141)
	at app//org.junit.platform.engine.support.hierarchical.Node.around(Node.java:137)
	at app//org.junit.platform.engine.support.hierarchical.NodeTestTask.lambda$executeRecursively$9(NodeTestTask.java:139)
	at app//org.junit.platform.engine.support.hierarchical.ThrowableCollector.execute(ThrowableCollector.java:73)
	at app//org.junit.platform.engine.support.hierarchical.NodeTestTask.executeRecursively(NodeTestTask.java:138)
	at app//org.junit.platform.engine.support.hierarchical.NodeTestTask.execute(NodeTestTask.java:95)
	at app//org.junit.platform.engine.support.hierarchical.SameThreadHierarchicalTestExecutorService.submit(SameThreadHierarchicalTestExecutorService.java:35)
	at app//org.junit.platform.engine.support.hierarchical.HierarchicalTestExecutor.execute(HierarchicalTestExecutor.java:57)
	at app//org.junit.platform.engine.support.hierarchical.HierarchicalTestEngine.execute(HierarchicalTestEngine.java:54)
	at app//org.junit.platform.launcher.core.EngineExecutionOrchestrator.execute(EngineExecutionOrchestrator.java:107)
	at app//org.junit.platform.launcher.core.EngineExecutionOrchestrator.execute(EngineExecutionOrchestrator.java:88)
	at app//org.junit.platform.launcher.core.EngineExecutionOrchestrator.lambda$execute$0(EngineExecutionOrchestrator.java:54)
	at app//org.junit.platform.launcher.core.EngineExecutionOrchestrator.withInterceptedStreams(EngineExecutionOrchestrator.java:67)
	at app//org.junit.platform.launcher.core.EngineExecutionOrchestrator.execute(EngineExecutionOrchestrator.java:52)
	at app//org.junit.platform.launcher.core.DefaultLauncher.execute(DefaultLauncher.java:114)
	at app//org.junit.platform.launcher.core.DefaultLauncher.execute(DefaultLauncher.java:86)
	at app//org.junit.platform.launcher.core.DefaultLauncherSession$DelegatingLauncher.execute(DefaultLauncherSession.java:86)
	at org.gradle.api.internal.tasks.testing.junitplatform.JUnitPlatformTestClassProcessor$CollectAllTestClassesExecutor.processAllTestClasses(JUnitPlatformTestClassProcessor.java:110)
	at org.gradle.api.internal.tasks.testing.junitplatform.JUnitPlatformTestClassProcessor$CollectAllTestClassesExecutor.access$000(JUnitPlatformTestClassProcessor.java:90)
	at org.gradle.api.internal.tasks.testing.junitplatform.JUnitPlatformTestClassProcessor.stop(JUnitPlatformTestClassProcessor.java:85)
	at org.gradle.api.internal.tasks.testing.SuiteTestClassProcessor.stop(SuiteTestClassProcessor.java:62)
	at java.base@11.0.18/jdk.internal.reflect.NativeMethodAccessorImpl.invoke0(Native Method)
	at java.base@11.0.18/jdk.internal.reflect.NativeMethodAccessorImpl.invoke(NativeMethodAccessorImpl.java:62)
	at java.base@11.0.18/jdk.internal.reflect.DelegatingMethodAccessorImpl.invoke(DelegatingMethodAccessorImpl.java:43)
	at java.base@11.0.18/java.lang.reflect.Method.invoke(Method.java:566)
	at org.gradle.internal.dispatch.ReflectionDispatch.dispatch(ReflectionDispatch.java:36)
	at org.gradle.internal.dispatch.ReflectionDispatch.dispatch(ReflectionDispatch.java:24)
	at org.gradle.internal.dispatch.ContextClassLoaderDispatch.dispatch(ContextClassLoaderDispatch.java:33)
	at org.gradle.internal.dispatch.ProxyDispatchAdapter$DispatchingInvocationHandler.invoke(ProxyDispatchAdapter.java:94)
	at com.sun.proxy.$Proxy2.stop(Unknown Source)
	at org.gradle.api.internal.tasks.testing.worker.TestWorker$3.run(TestWorker.java:193)
	at org.gradle.api.internal.tasks.testing.worker.TestWorker.executeAndMaintainThreadName(TestWorker.java:129)
	at org.gradle.api.internal.tasks.testing.worker.TestWorker.execute(TestWorker.java:100)
	at org.gradle.api.internal.tasks.testing.worker.TestWorker.execute(TestWorker.java:60)
	at org.gradle.process.internal.worker.child.ActionExecutionWorker.execute(ActionExecutionWorker.java:56)
	at org.gradle.process.internal.worker.child.SystemApplicationClassLoaderWorker.call(SystemApplicationClassLoaderWorker.java:113)
	at org.gradle.process.internal.worker.child.SystemApplicationClassLoaderWorker.call(SystemApplicationClassLoaderWorker.java:65)
	at app//worker.org.gradle.process.internal.worker.GradleWorkerMain.run(GradleWorkerMain.java:69)
	at app//worker.org.gradle.process.internal.worker.GradleWorkerMain.main(GradleWorkerMain.java:74)
</failure>
  </testcase>
  <testcase name="list_recursive" classname="de.uka.ilkd.key.proof.runallproofs.RunAllProofsFunctional" time="17.768">
    <failure message="org.opentest4j.AssertionFailedError: Executed process terminated with non-zero exit value. ==&gt; expected: &lt;0&gt; but was: &lt;1&gt;" type="org.opentest4j.AssertionFailedError">org.opentest4j.AssertionFailedError: Executed process terminated with non-zero exit value. ==&gt; expected: &lt;0&gt; but was: &lt;1&gt;
	at app//org.junit.jupiter.api.AssertionFailureBuilder.build(AssertionFailureBuilder.java:151)
	at app//org.junit.jupiter.api.AssertionFailureBuilder.buildAndThrow(AssertionFailureBuilder.java:132)
	at app//org.junit.jupiter.api.AssertEquals.failNotEqual(AssertEquals.java:197)
	at app//org.junit.jupiter.api.AssertEquals.assertEquals(AssertEquals.java:150)
	at app//org.junit.jupiter.api.Assertions.assertEquals(Assertions.java:560)
	at app//de.uka.ilkd.key.proof.runallproofs.proofcollection.ForkedTestFileRunner.processTestFiles(ForkedTestFileRunner.java:130)
	at app//de.uka.ilkd.key.proof.runallproofs.RunAllProofsTestUnit.runTest(RunAllProofsTestUnit.java:89)
	at app//de.uka.ilkd.key.proof.runallproofs.RunAllProofsTest.lambda$data$0(RunAllProofsTest.java:77)
	at app//org.junit.jupiter.engine.descriptor.DynamicTestTestDescriptor.lambda$execute$0(DynamicTestTestDescriptor.java:53)
	at app//org.junit.jupiter.engine.execution.InvocationInterceptorChain$ValidatingInvocation.proceed(InvocationInterceptorChain.java:131)
	at app//org.junit.jupiter.api.extension.InvocationInterceptor.interceptDynamicTest(InvocationInterceptor.java:167)
	at app//org.junit.jupiter.api.extension.InvocationInterceptor.interceptDynamicTest(InvocationInterceptor.java:184)
	at app//org.junit.jupiter.engine.descriptor.DynamicTestTestDescriptor.lambda$execute$1(DynamicTestTestDescriptor.java:61)
	at app//org.junit.jupiter.engine.execution.InvocationInterceptorChain$InterceptorCall.lambda$ofVoid$0(InvocationInterceptorChain.java:78)
	at app//org.junit.jupiter.engine.execution.InvocationInterceptorChain$InterceptedInvocation.proceed(InvocationInterceptorChain.java:106)
	at app//org.junit.jupiter.engine.execution.InvocationInterceptorChain.proceed(InvocationInterceptorChain.java:64)
	at app//org.junit.jupiter.engine.execution.InvocationInterceptorChain.chainAndInvoke(InvocationInterceptorChain.java:45)
	at app//org.junit.jupiter.engine.execution.InvocationInterceptorChain.invoke(InvocationInterceptorChain.java:37)
	at app//org.junit.jupiter.engine.descriptor.DynamicTestTestDescriptor.execute(DynamicTestTestDescriptor.java:60)
	at app//org.junit.jupiter.engine.descriptor.DynamicTestTestDescriptor.execute(DynamicTestTestDescriptor.java:32)
	at app//org.junit.platform.engine.support.hierarchical.NodeTestTask.lambda$executeRecursively$6(NodeTestTask.java:151)
	at app//org.junit.platform.engine.support.hierarchical.ThrowableCollector.execute(ThrowableCollector.java:73)
	at app//org.junit.platform.engine.support.hierarchical.NodeTestTask.lambda$executeRecursively$8(NodeTestTask.java:141)
	at app//org.junit.platform.engine.support.hierarchical.Node.around(Node.java:137)
	at app//org.junit.platform.engine.support.hierarchical.NodeTestTask.lambda$executeRecursively$9(NodeTestTask.java:139)
	at app//org.junit.platform.engine.support.hierarchical.ThrowableCollector.execute(ThrowableCollector.java:73)
	at app//org.junit.platform.engine.support.hierarchical.NodeTestTask.executeRecursively(NodeTestTask.java:138)
	at app//org.junit.platform.engine.support.hierarchical.NodeTestTask.execute(NodeTestTask.java:95)
	at app//org.junit.platform.engine.support.hierarchical.SameThreadHierarchicalTestExecutorService.submit(SameThreadHierarchicalTestExecutorService.java:35)
	at app//org.junit.platform.engine.support.hierarchical.NodeTestTask$DefaultDynamicTestExecutor.execute(NodeTestTask.java:226)
	at app//org.junit.platform.engine.support.hierarchical.NodeTestTask$DefaultDynamicTestExecutor.execute(NodeTestTask.java:204)
	at java.base@11.0.18/java.util.Optional.ifPresent(Optional.java:183)
	at app//org.junit.jupiter.engine.descriptor.TestFactoryTestDescriptor.lambda$invokeTestMethod$1(TestFactoryTestDescriptor.java:108)
	at app//org.junit.platform.engine.support.hierarchical.ThrowableCollector.execute(ThrowableCollector.java:73)
	at app//org.junit.jupiter.engine.descriptor.TestFactoryTestDescriptor.invokeTestMethod(TestFactoryTestDescriptor.java:95)
	at app//org.junit.jupiter.engine.descriptor.TestMethodTestDescriptor.execute(TestMethodTestDescriptor.java:138)
	at app//org.junit.jupiter.engine.descriptor.TestMethodTestDescriptor.execute(TestMethodTestDescriptor.java:68)
	at app//org.junit.platform.engine.support.hierarchical.NodeTestTask.lambda$executeRecursively$6(NodeTestTask.java:151)
	at app//org.junit.platform.engine.support.hierarchical.ThrowableCollector.execute(ThrowableCollector.java:73)
	at app//org.junit.platform.engine.support.hierarchical.NodeTestTask.lambda$executeRecursively$8(NodeTestTask.java:141)
	at app//org.junit.platform.engine.support.hierarchical.Node.around(Node.java:137)
	at app//org.junit.platform.engine.support.hierarchical.NodeTestTask.lambda$executeRecursively$9(NodeTestTask.java:139)
	at app//org.junit.platform.engine.support.hierarchical.ThrowableCollector.execute(ThrowableCollector.java:73)
	at app//org.junit.platform.engine.support.hierarchical.NodeTestTask.executeRecursively(NodeTestTask.java:138)
	at app//org.junit.platform.engine.support.hierarchical.NodeTestTask.execute(NodeTestTask.java:95)
	at java.base@11.0.18/java.util.ArrayList.forEach(ArrayList.java:1541)
	at app//org.junit.platform.engine.support.hierarchical.SameThreadHierarchicalTestExecutorService.invokeAll(SameThreadHierarchicalTestExecutorService.java:41)
	at app//org.junit.platform.engine.support.hierarchical.NodeTestTask.lambda$executeRecursively$6(NodeTestTask.java:155)
	at app//org.junit.platform.engine.support.hierarchical.ThrowableCollector.execute(ThrowableCollector.java:73)
	at app//org.junit.platform.engine.support.hierarchical.NodeTestTask.lambda$executeRecursively$8(NodeTestTask.java:141)
	at app//org.junit.platform.engine.support.hierarchical.Node.around(Node.java:137)
	at app//org.junit.platform.engine.support.hierarchical.NodeTestTask.lambda$executeRecursively$9(NodeTestTask.java:139)
	at app//org.junit.platform.engine.support.hierarchical.ThrowableCollector.execute(ThrowableCollector.java:73)
	at app//org.junit.platform.engine.support.hierarchical.NodeTestTask.executeRecursively(NodeTestTask.java:138)
	at app//org.junit.platform.engine.support.hierarchical.NodeTestTask.execute(NodeTestTask.java:95)
	at java.base@11.0.18/java.util.ArrayList.forEach(ArrayList.java:1541)
	at app//org.junit.platform.engine.support.hierarchical.SameThreadHierarchicalTestExecutorService.invokeAll(SameThreadHierarchicalTestExecutorService.java:41)
	at app//org.junit.platform.engine.support.hierarchical.NodeTestTask.lambda$executeRecursively$6(NodeTestTask.java:155)
	at app//org.junit.platform.engine.support.hierarchical.ThrowableCollector.execute(ThrowableCollector.java:73)
	at app//org.junit.platform.engine.support.hierarchical.NodeTestTask.lambda$executeRecursively$8(NodeTestTask.java:141)
	at app//org.junit.platform.engine.support.hierarchical.Node.around(Node.java:137)
	at app//org.junit.platform.engine.support.hierarchical.NodeTestTask.lambda$executeRecursively$9(NodeTestTask.java:139)
	at app//org.junit.platform.engine.support.hierarchical.ThrowableCollector.execute(ThrowableCollector.java:73)
	at app//org.junit.platform.engine.support.hierarchical.NodeTestTask.executeRecursively(NodeTestTask.java:138)
	at app//org.junit.platform.engine.support.hierarchical.NodeTestTask.execute(NodeTestTask.java:95)
	at app//org.junit.platform.engine.support.hierarchical.SameThreadHierarchicalTestExecutorService.submit(SameThreadHierarchicalTestExecutorService.java:35)
	at app//org.junit.platform.engine.support.hierarchical.HierarchicalTestExecutor.execute(HierarchicalTestExecutor.java:57)
	at app//org.junit.platform.engine.support.hierarchical.HierarchicalTestEngine.execute(HierarchicalTestEngine.java:54)
	at app//org.junit.platform.launcher.core.EngineExecutionOrchestrator.execute(EngineExecutionOrchestrator.java:107)
	at app//org.junit.platform.launcher.core.EngineExecutionOrchestrator.execute(EngineExecutionOrchestrator.java:88)
	at app//org.junit.platform.launcher.core.EngineExecutionOrchestrator.lambda$execute$0(EngineExecutionOrchestrator.java:54)
	at app//org.junit.platform.launcher.core.EngineExecutionOrchestrator.withInterceptedStreams(EngineExecutionOrchestrator.java:67)
	at app//org.junit.platform.launcher.core.EngineExecutionOrchestrator.execute(EngineExecutionOrchestrator.java:52)
	at app//org.junit.platform.launcher.core.DefaultLauncher.execute(DefaultLauncher.java:114)
	at app//org.junit.platform.launcher.core.DefaultLauncher.execute(DefaultLauncher.java:86)
	at app//org.junit.platform.launcher.core.DefaultLauncherSession$DelegatingLauncher.execute(DefaultLauncherSession.java:86)
	at org.gradle.api.internal.tasks.testing.junitplatform.JUnitPlatformTestClassProcessor$CollectAllTestClassesExecutor.processAllTestClasses(JUnitPlatformTestClassProcessor.java:110)
	at org.gradle.api.internal.tasks.testing.junitplatform.JUnitPlatformTestClassProcessor$CollectAllTestClassesExecutor.access$000(JUnitPlatformTestClassProcessor.java:90)
	at org.gradle.api.internal.tasks.testing.junitplatform.JUnitPlatformTestClassProcessor.stop(JUnitPlatformTestClassProcessor.java:85)
	at org.gradle.api.internal.tasks.testing.SuiteTestClassProcessor.stop(SuiteTestClassProcessor.java:62)
	at java.base@11.0.18/jdk.internal.reflect.NativeMethodAccessorImpl.invoke0(Native Method)
	at java.base@11.0.18/jdk.internal.reflect.NativeMethodAccessorImpl.invoke(NativeMethodAccessorImpl.java:62)
	at java.base@11.0.18/jdk.internal.reflect.DelegatingMethodAccessorImpl.invoke(DelegatingMethodAccessorImpl.java:43)
	at java.base@11.0.18/java.lang.reflect.Method.invoke(Method.java:566)
	at org.gradle.internal.dispatch.ReflectionDispatch.dispatch(ReflectionDispatch.java:36)
	at org.gradle.internal.dispatch.ReflectionDispatch.dispatch(ReflectionDispatch.java:24)
	at org.gradle.internal.dispatch.ContextClassLoaderDispatch.dispatch(ContextClassLoaderDispatch.java:33)
	at org.gradle.internal.dispatch.ProxyDispatchAdapter$DispatchingInvocationHandler.invoke(ProxyDispatchAdapter.java:94)
	at com.sun.proxy.$Proxy2.stop(Unknown Source)
	at org.gradle.api.internal.tasks.testing.worker.TestWorker$3.run(TestWorker.java:193)
	at org.gradle.api.internal.tasks.testing.worker.TestWorker.executeAndMaintainThreadName(TestWorker.java:129)
	at org.gradle.api.internal.tasks.testing.worker.TestWorker.execute(TestWorker.java:100)
	at org.gradle.api.internal.tasks.testing.worker.TestWorker.execute(TestWorker.java:60)
	at org.gradle.process.internal.worker.child.ActionExecutionWorker.execute(ActionExecutionWorker.java:56)
	at org.gradle.process.internal.worker.child.SystemApplicationClassLoaderWorker.call(SystemApplicationClassLoaderWorker.java:113)
	at org.gradle.process.internal.worker.child.SystemApplicationClassLoaderWorker.call(SystemApplicationClassLoaderWorker.java:65)
	at app//worker.org.gradle.process.internal.worker.GradleWorkerMain.run(GradleWorkerMain.java:69)
	at app//worker.org.gradle.process.internal.worker.GradleWorkerMain.main(GradleWorkerMain.java:74)
</failure>
  </testcase>
  <testcase name="list_seq" classname="de.uka.ilkd.key.proof.runallproofs.RunAllProofsFunctional" time="144.408">
    <failure message="org.opentest4j.AssertionFailedError: Executed process terminated with non-zero exit value. ==&gt; expected: &lt;0&gt; but was: &lt;1&gt;" type="org.opentest4j.AssertionFailedError">org.opentest4j.AssertionFailedError: Executed process terminated with non-zero exit value. ==&gt; expected: &lt;0&gt; but was: &lt;1&gt;
	at app//org.junit.jupiter.api.AssertionFailureBuilder.build(AssertionFailureBuilder.java:151)
	at app//org.junit.jupiter.api.AssertionFailureBuilder.buildAndThrow(AssertionFailureBuilder.java:132)
	at app//org.junit.jupiter.api.AssertEquals.failNotEqual(AssertEquals.java:197)
	at app//org.junit.jupiter.api.AssertEquals.assertEquals(AssertEquals.java:150)
	at app//org.junit.jupiter.api.Assertions.assertEquals(Assertions.java:560)
	at app//de.uka.ilkd.key.proof.runallproofs.proofcollection.ForkedTestFileRunner.processTestFiles(ForkedTestFileRunner.java:130)
	at app//de.uka.ilkd.key.proof.runallproofs.RunAllProofsTestUnit.runTest(RunAllProofsTestUnit.java:89)
	at app//de.uka.ilkd.key.proof.runallproofs.RunAllProofsTest.lambda$data$0(RunAllProofsTest.java:77)
	at app//org.junit.jupiter.engine.descriptor.DynamicTestTestDescriptor.lambda$execute$0(DynamicTestTestDescriptor.java:53)
	at app//org.junit.jupiter.engine.execution.InvocationInterceptorChain$ValidatingInvocation.proceed(InvocationInterceptorChain.java:131)
	at app//org.junit.jupiter.api.extension.InvocationInterceptor.interceptDynamicTest(InvocationInterceptor.java:167)
	at app//org.junit.jupiter.api.extension.InvocationInterceptor.interceptDynamicTest(InvocationInterceptor.java:184)
	at app//org.junit.jupiter.engine.descriptor.DynamicTestTestDescriptor.lambda$execute$1(DynamicTestTestDescriptor.java:61)
	at app//org.junit.jupiter.engine.execution.InvocationInterceptorChain$InterceptorCall.lambda$ofVoid$0(InvocationInterceptorChain.java:78)
	at app//org.junit.jupiter.engine.execution.InvocationInterceptorChain$InterceptedInvocation.proceed(InvocationInterceptorChain.java:106)
	at app//org.junit.jupiter.engine.execution.InvocationInterceptorChain.proceed(InvocationInterceptorChain.java:64)
	at app//org.junit.jupiter.engine.execution.InvocationInterceptorChain.chainAndInvoke(InvocationInterceptorChain.java:45)
	at app//org.junit.jupiter.engine.execution.InvocationInterceptorChain.invoke(InvocationInterceptorChain.java:37)
	at app//org.junit.jupiter.engine.descriptor.DynamicTestTestDescriptor.execute(DynamicTestTestDescriptor.java:60)
	at app//org.junit.jupiter.engine.descriptor.DynamicTestTestDescriptor.execute(DynamicTestTestDescriptor.java:32)
	at app//org.junit.platform.engine.support.hierarchical.NodeTestTask.lambda$executeRecursively$6(NodeTestTask.java:151)
	at app//org.junit.platform.engine.support.hierarchical.ThrowableCollector.execute(ThrowableCollector.java:73)
	at app//org.junit.platform.engine.support.hierarchical.NodeTestTask.lambda$executeRecursively$8(NodeTestTask.java:141)
	at app//org.junit.platform.engine.support.hierarchical.Node.around(Node.java:137)
	at app//org.junit.platform.engine.support.hierarchical.NodeTestTask.lambda$executeRecursively$9(NodeTestTask.java:139)
	at app//org.junit.platform.engine.support.hierarchical.ThrowableCollector.execute(ThrowableCollector.java:73)
	at app//org.junit.platform.engine.support.hierarchical.NodeTestTask.executeRecursively(NodeTestTask.java:138)
	at app//org.junit.platform.engine.support.hierarchical.NodeTestTask.execute(NodeTestTask.java:95)
	at app//org.junit.platform.engine.support.hierarchical.SameThreadHierarchicalTestExecutorService.submit(SameThreadHierarchicalTestExecutorService.java:35)
	at app//org.junit.platform.engine.support.hierarchical.NodeTestTask$DefaultDynamicTestExecutor.execute(NodeTestTask.java:226)
	at app//org.junit.platform.engine.support.hierarchical.NodeTestTask$DefaultDynamicTestExecutor.execute(NodeTestTask.java:204)
	at java.base@11.0.18/java.util.Optional.ifPresent(Optional.java:183)
	at app//org.junit.jupiter.engine.descriptor.TestFactoryTestDescriptor.lambda$invokeTestMethod$1(TestFactoryTestDescriptor.java:108)
	at app//org.junit.platform.engine.support.hierarchical.ThrowableCollector.execute(ThrowableCollector.java:73)
	at app//org.junit.jupiter.engine.descriptor.TestFactoryTestDescriptor.invokeTestMethod(TestFactoryTestDescriptor.java:95)
	at app//org.junit.jupiter.engine.descriptor.TestMethodTestDescriptor.execute(TestMethodTestDescriptor.java:138)
	at app//org.junit.jupiter.engine.descriptor.TestMethodTestDescriptor.execute(TestMethodTestDescriptor.java:68)
	at app//org.junit.platform.engine.support.hierarchical.NodeTestTask.lambda$executeRecursively$6(NodeTestTask.java:151)
	at app//org.junit.platform.engine.support.hierarchical.ThrowableCollector.execute(ThrowableCollector.java:73)
	at app//org.junit.platform.engine.support.hierarchical.NodeTestTask.lambda$executeRecursively$8(NodeTestTask.java:141)
	at app//org.junit.platform.engine.support.hierarchical.Node.around(Node.java:137)
	at app//org.junit.platform.engine.support.hierarchical.NodeTestTask.lambda$executeRecursively$9(NodeTestTask.java:139)
	at app//org.junit.platform.engine.support.hierarchical.ThrowableCollector.execute(ThrowableCollector.java:73)
	at app//org.junit.platform.engine.support.hierarchical.NodeTestTask.executeRecursively(NodeTestTask.java:138)
	at app//org.junit.platform.engine.support.hierarchical.NodeTestTask.execute(NodeTestTask.java:95)
	at java.base@11.0.18/java.util.ArrayList.forEach(ArrayList.java:1541)
	at app//org.junit.platform.engine.support.hierarchical.SameThreadHierarchicalTestExecutorService.invokeAll(SameThreadHierarchicalTestExecutorService.java:41)
	at app//org.junit.platform.engine.support.hierarchical.NodeTestTask.lambda$executeRecursively$6(NodeTestTask.java:155)
	at app//org.junit.platform.engine.support.hierarchical.ThrowableCollector.execute(ThrowableCollector.java:73)
	at app//org.junit.platform.engine.support.hierarchical.NodeTestTask.lambda$executeRecursively$8(NodeTestTask.java:141)
	at app//org.junit.platform.engine.support.hierarchical.Node.around(Node.java:137)
	at app//org.junit.platform.engine.support.hierarchical.NodeTestTask.lambda$executeRecursively$9(NodeTestTask.java:139)
	at app//org.junit.platform.engine.support.hierarchical.ThrowableCollector.execute(ThrowableCollector.java:73)
	at app//org.junit.platform.engine.support.hierarchical.NodeTestTask.executeRecursively(NodeTestTask.java:138)
	at app//org.junit.platform.engine.support.hierarchical.NodeTestTask.execute(NodeTestTask.java:95)
	at java.base@11.0.18/java.util.ArrayList.forEach(ArrayList.java:1541)
	at app//org.junit.platform.engine.support.hierarchical.SameThreadHierarchicalTestExecutorService.invokeAll(SameThreadHierarchicalTestExecutorService.java:41)
	at app//org.junit.platform.engine.support.hierarchical.NodeTestTask.lambda$executeRecursively$6(NodeTestTask.java:155)
	at app//org.junit.platform.engine.support.hierarchical.ThrowableCollector.execute(ThrowableCollector.java:73)
	at app//org.junit.platform.engine.support.hierarchical.NodeTestTask.lambda$executeRecursively$8(NodeTestTask.java:141)
	at app//org.junit.platform.engine.support.hierarchical.Node.around(Node.java:137)
	at app//org.junit.platform.engine.support.hierarchical.NodeTestTask.lambda$executeRecursively$9(NodeTestTask.java:139)
	at app//org.junit.platform.engine.support.hierarchical.ThrowableCollector.execute(ThrowableCollector.java:73)
	at app//org.junit.platform.engine.support.hierarchical.NodeTestTask.executeRecursively(NodeTestTask.java:138)
	at app//org.junit.platform.engine.support.hierarchical.NodeTestTask.execute(NodeTestTask.java:95)
	at app//org.junit.platform.engine.support.hierarchical.SameThreadHierarchicalTestExecutorService.submit(SameThreadHierarchicalTestExecutorService.java:35)
	at app//org.junit.platform.engine.support.hierarchical.HierarchicalTestExecutor.execute(HierarchicalTestExecutor.java:57)
	at app//org.junit.platform.engine.support.hierarchical.HierarchicalTestEngine.execute(HierarchicalTestEngine.java:54)
	at app//org.junit.platform.launcher.core.EngineExecutionOrchestrator.execute(EngineExecutionOrchestrator.java:107)
	at app//org.junit.platform.launcher.core.EngineExecutionOrchestrator.execute(EngineExecutionOrchestrator.java:88)
	at app//org.junit.platform.launcher.core.EngineExecutionOrchestrator.lambda$execute$0(EngineExecutionOrchestrator.java:54)
	at app//org.junit.platform.launcher.core.EngineExecutionOrchestrator.withInterceptedStreams(EngineExecutionOrchestrator.java:67)
	at app//org.junit.platform.launcher.core.EngineExecutionOrchestrator.execute(EngineExecutionOrchestrator.java:52)
	at app//org.junit.platform.launcher.core.DefaultLauncher.execute(DefaultLauncher.java:114)
	at app//org.junit.platform.launcher.core.DefaultLauncher.execute(DefaultLauncher.java:86)
	at app//org.junit.platform.launcher.core.DefaultLauncherSession$DelegatingLauncher.execute(DefaultLauncherSession.java:86)
	at org.gradle.api.internal.tasks.testing.junitplatform.JUnitPlatformTestClassProcessor$CollectAllTestClassesExecutor.processAllTestClasses(JUnitPlatformTestClassProcessor.java:110)
	at org.gradle.api.internal.tasks.testing.junitplatform.JUnitPlatformTestClassProcessor$CollectAllTestClassesExecutor.access$000(JUnitPlatformTestClassProcessor.java:90)
	at org.gradle.api.internal.tasks.testing.junitplatform.JUnitPlatformTestClassProcessor.stop(JUnitPlatformTestClassProcessor.java:85)
	at org.gradle.api.internal.tasks.testing.SuiteTestClassProcessor.stop(SuiteTestClassProcessor.java:62)
	at java.base@11.0.18/jdk.internal.reflect.NativeMethodAccessorImpl.invoke0(Native Method)
	at java.base@11.0.18/jdk.internal.reflect.NativeMethodAccessorImpl.invoke(NativeMethodAccessorImpl.java:62)
	at java.base@11.0.18/jdk.internal.reflect.DelegatingMethodAccessorImpl.invoke(DelegatingMethodAccessorImpl.java:43)
	at java.base@11.0.18/java.lang.reflect.Method.invoke(Method.java:566)
	at org.gradle.internal.dispatch.ReflectionDispatch.dispatch(ReflectionDispatch.java:36)
	at org.gradle.internal.dispatch.ReflectionDispatch.dispatch(ReflectionDispatch.java:24)
	at org.gradle.internal.dispatch.ContextClassLoaderDispatch.dispatch(ContextClassLoaderDispatch.java:33)
	at org.gradle.internal.dispatch.ProxyDispatchAdapter$DispatchingInvocationHandler.invoke(ProxyDispatchAdapter.java:94)
	at com.sun.proxy.$Proxy2.stop(Unknown Source)
	at org.gradle.api.internal.tasks.testing.worker.TestWorker$3.run(TestWorker.java:193)
	at org.gradle.api.internal.tasks.testing.worker.TestWorker.executeAndMaintainThreadName(TestWorker.java:129)
	at org.gradle.api.internal.tasks.testing.worker.TestWorker.execute(TestWorker.java:100)
	at org.gradle.api.internal.tasks.testing.worker.TestWorker.execute(TestWorker.java:60)
	at org.gradle.process.internal.worker.child.ActionExecutionWorker.execute(ActionExecutionWorker.java:56)
	at org.gradle.process.internal.worker.child.SystemApplicationClassLoaderWorker.call(SystemApplicationClassLoaderWorker.java:113)
	at org.gradle.process.internal.worker.child.SystemApplicationClassLoaderWorker.call(SystemApplicationClassLoaderWorker.java:65)
	at app//worker.org.gradle.process.internal.worker.GradleWorkerMain.run(GradleWorkerMain.java:69)
	at app//worker.org.gradle.process.internal.worker.GradleWorkerMain.main(GradleWorkerMain.java:74)
</failure>
  </testcase>
  <testcase name="observer" classname="de.uka.ilkd.key.proof.runallproofs.RunAllProofsFunctional" time="95.495">
    <failure message="org.opentest4j.AssertionFailedError: Executed process terminated with non-zero exit value. ==&gt; expected: &lt;0&gt; but was: &lt;1&gt;" type="org.opentest4j.AssertionFailedError">org.opentest4j.AssertionFailedError: Executed process terminated with non-zero exit value. ==&gt; expected: &lt;0&gt; but was: &lt;1&gt;
	at app//org.junit.jupiter.api.AssertionFailureBuilder.build(AssertionFailureBuilder.java:151)
	at app//org.junit.jupiter.api.AssertionFailureBuilder.buildAndThrow(AssertionFailureBuilder.java:132)
	at app//org.junit.jupiter.api.AssertEquals.failNotEqual(AssertEquals.java:197)
	at app//org.junit.jupiter.api.AssertEquals.assertEquals(AssertEquals.java:150)
	at app//org.junit.jupiter.api.Assertions.assertEquals(Assertions.java:560)
	at app//de.uka.ilkd.key.proof.runallproofs.proofcollection.ForkedTestFileRunner.processTestFiles(ForkedTestFileRunner.java:130)
	at app//de.uka.ilkd.key.proof.runallproofs.RunAllProofsTestUnit.runTest(RunAllProofsTestUnit.java:89)
	at app//de.uka.ilkd.key.proof.runallproofs.RunAllProofsTest.lambda$data$0(RunAllProofsTest.java:77)
	at app//org.junit.jupiter.engine.descriptor.DynamicTestTestDescriptor.lambda$execute$0(DynamicTestTestDescriptor.java:53)
	at app//org.junit.jupiter.engine.execution.InvocationInterceptorChain$ValidatingInvocation.proceed(InvocationInterceptorChain.java:131)
	at app//org.junit.jupiter.api.extension.InvocationInterceptor.interceptDynamicTest(InvocationInterceptor.java:167)
	at app//org.junit.jupiter.api.extension.InvocationInterceptor.interceptDynamicTest(InvocationInterceptor.java:184)
	at app//org.junit.jupiter.engine.descriptor.DynamicTestTestDescriptor.lambda$execute$1(DynamicTestTestDescriptor.java:61)
	at app//org.junit.jupiter.engine.execution.InvocationInterceptorChain$InterceptorCall.lambda$ofVoid$0(InvocationInterceptorChain.java:78)
	at app//org.junit.jupiter.engine.execution.InvocationInterceptorChain$InterceptedInvocation.proceed(InvocationInterceptorChain.java:106)
	at app//org.junit.jupiter.engine.execution.InvocationInterceptorChain.proceed(InvocationInterceptorChain.java:64)
	at app//org.junit.jupiter.engine.execution.InvocationInterceptorChain.chainAndInvoke(InvocationInterceptorChain.java:45)
	at app//org.junit.jupiter.engine.execution.InvocationInterceptorChain.invoke(InvocationInterceptorChain.java:37)
	at app//org.junit.jupiter.engine.descriptor.DynamicTestTestDescriptor.execute(DynamicTestTestDescriptor.java:60)
	at app//org.junit.jupiter.engine.descriptor.DynamicTestTestDescriptor.execute(DynamicTestTestDescriptor.java:32)
	at app//org.junit.platform.engine.support.hierarchical.NodeTestTask.lambda$executeRecursively$6(NodeTestTask.java:151)
	at app//org.junit.platform.engine.support.hierarchical.ThrowableCollector.execute(ThrowableCollector.java:73)
	at app//org.junit.platform.engine.support.hierarchical.NodeTestTask.lambda$executeRecursively$8(NodeTestTask.java:141)
	at app//org.junit.platform.engine.support.hierarchical.Node.around(Node.java:137)
	at app//org.junit.platform.engine.support.hierarchical.NodeTestTask.lambda$executeRecursively$9(NodeTestTask.java:139)
	at app//org.junit.platform.engine.support.hierarchical.ThrowableCollector.execute(ThrowableCollector.java:73)
	at app//org.junit.platform.engine.support.hierarchical.NodeTestTask.executeRecursively(NodeTestTask.java:138)
	at app//org.junit.platform.engine.support.hierarchical.NodeTestTask.execute(NodeTestTask.java:95)
	at app//org.junit.platform.engine.support.hierarchical.SameThreadHierarchicalTestExecutorService.submit(SameThreadHierarchicalTestExecutorService.java:35)
	at app//org.junit.platform.engine.support.hierarchical.NodeTestTask$DefaultDynamicTestExecutor.execute(NodeTestTask.java:226)
	at app//org.junit.platform.engine.support.hierarchical.NodeTestTask$DefaultDynamicTestExecutor.execute(NodeTestTask.java:204)
	at java.base@11.0.18/java.util.Optional.ifPresent(Optional.java:183)
	at app//org.junit.jupiter.engine.descriptor.TestFactoryTestDescriptor.lambda$invokeTestMethod$1(TestFactoryTestDescriptor.java:108)
	at app//org.junit.platform.engine.support.hierarchical.ThrowableCollector.execute(ThrowableCollector.java:73)
	at app//org.junit.jupiter.engine.descriptor.TestFactoryTestDescriptor.invokeTestMethod(TestFactoryTestDescriptor.java:95)
	at app//org.junit.jupiter.engine.descriptor.TestMethodTestDescriptor.execute(TestMethodTestDescriptor.java:138)
	at app//org.junit.jupiter.engine.descriptor.TestMethodTestDescriptor.execute(TestMethodTestDescriptor.java:68)
	at app//org.junit.platform.engine.support.hierarchical.NodeTestTask.lambda$executeRecursively$6(NodeTestTask.java:151)
	at app//org.junit.platform.engine.support.hierarchical.ThrowableCollector.execute(ThrowableCollector.java:73)
	at app//org.junit.platform.engine.support.hierarchical.NodeTestTask.lambda$executeRecursively$8(NodeTestTask.java:141)
	at app//org.junit.platform.engine.support.hierarchical.Node.around(Node.java:137)
	at app//org.junit.platform.engine.support.hierarchical.NodeTestTask.lambda$executeRecursively$9(NodeTestTask.java:139)
	at app//org.junit.platform.engine.support.hierarchical.ThrowableCollector.execute(ThrowableCollector.java:73)
	at app//org.junit.platform.engine.support.hierarchical.NodeTestTask.executeRecursively(NodeTestTask.java:138)
	at app//org.junit.platform.engine.support.hierarchical.NodeTestTask.execute(NodeTestTask.java:95)
	at java.base@11.0.18/java.util.ArrayList.forEach(ArrayList.java:1541)
	at app//org.junit.platform.engine.support.hierarchical.SameThreadHierarchicalTestExecutorService.invokeAll(SameThreadHierarchicalTestExecutorService.java:41)
	at app//org.junit.platform.engine.support.hierarchical.NodeTestTask.lambda$executeRecursively$6(NodeTestTask.java:155)
	at app//org.junit.platform.engine.support.hierarchical.ThrowableCollector.execute(ThrowableCollector.java:73)
	at app//org.junit.platform.engine.support.hierarchical.NodeTestTask.lambda$executeRecursively$8(NodeTestTask.java:141)
	at app//org.junit.platform.engine.support.hierarchical.Node.around(Node.java:137)
	at app//org.junit.platform.engine.support.hierarchical.NodeTestTask.lambda$executeRecursively$9(NodeTestTask.java:139)
	at app//org.junit.platform.engine.support.hierarchical.ThrowableCollector.execute(ThrowableCollector.java:73)
	at app//org.junit.platform.engine.support.hierarchical.NodeTestTask.executeRecursively(NodeTestTask.java:138)
	at app//org.junit.platform.engine.support.hierarchical.NodeTestTask.execute(NodeTestTask.java:95)
	at java.base@11.0.18/java.util.ArrayList.forEach(ArrayList.java:1541)
	at app//org.junit.platform.engine.support.hierarchical.SameThreadHierarchicalTestExecutorService.invokeAll(SameThreadHierarchicalTestExecutorService.java:41)
	at app//org.junit.platform.engine.support.hierarchical.NodeTestTask.lambda$executeRecursively$6(NodeTestTask.java:155)
	at app//org.junit.platform.engine.support.hierarchical.ThrowableCollector.execute(ThrowableCollector.java:73)
	at app//org.junit.platform.engine.support.hierarchical.NodeTestTask.lambda$executeRecursively$8(NodeTestTask.java:141)
	at app//org.junit.platform.engine.support.hierarchical.Node.around(Node.java:137)
	at app//org.junit.platform.engine.support.hierarchical.NodeTestTask.lambda$executeRecursively$9(NodeTestTask.java:139)
	at app//org.junit.platform.engine.support.hierarchical.ThrowableCollector.execute(ThrowableCollector.java:73)
	at app//org.junit.platform.engine.support.hierarchical.NodeTestTask.executeRecursively(NodeTestTask.java:138)
	at app//org.junit.platform.engine.support.hierarchical.NodeTestTask.execute(NodeTestTask.java:95)
	at app//org.junit.platform.engine.support.hierarchical.SameThreadHierarchicalTestExecutorService.submit(SameThreadHierarchicalTestExecutorService.java:35)
	at app//org.junit.platform.engine.support.hierarchical.HierarchicalTestExecutor.execute(HierarchicalTestExecutor.java:57)
	at app//org.junit.platform.engine.support.hierarchical.HierarchicalTestEngine.execute(HierarchicalTestEngine.java:54)
	at app//org.junit.platform.launcher.core.EngineExecutionOrchestrator.execute(EngineExecutionOrchestrator.java:107)
	at app//org.junit.platform.launcher.core.EngineExecutionOrchestrator.execute(EngineExecutionOrchestrator.java:88)
	at app//org.junit.platform.launcher.core.EngineExecutionOrchestrator.lambda$execute$0(EngineExecutionOrchestrator.java:54)
	at app//org.junit.platform.launcher.core.EngineExecutionOrchestrator.withInterceptedStreams(EngineExecutionOrchestrator.java:67)
	at app//org.junit.platform.launcher.core.EngineExecutionOrchestrator.execute(EngineExecutionOrchestrator.java:52)
	at app//org.junit.platform.launcher.core.DefaultLauncher.execute(DefaultLauncher.java:114)
	at app//org.junit.platform.launcher.core.DefaultLauncher.execute(DefaultLauncher.java:86)
	at app//org.junit.platform.launcher.core.DefaultLauncherSession$DelegatingLauncher.execute(DefaultLauncherSession.java:86)
	at org.gradle.api.internal.tasks.testing.junitplatform.JUnitPlatformTestClassProcessor$CollectAllTestClassesExecutor.processAllTestClasses(JUnitPlatformTestClassProcessor.java:110)
	at org.gradle.api.internal.tasks.testing.junitplatform.JUnitPlatformTestClassProcessor$CollectAllTestClassesExecutor.access$000(JUnitPlatformTestClassProcessor.java:90)
	at org.gradle.api.internal.tasks.testing.junitplatform.JUnitPlatformTestClassProcessor.stop(JUnitPlatformTestClassProcessor.java:85)
	at org.gradle.api.internal.tasks.testing.SuiteTestClassProcessor.stop(SuiteTestClassProcessor.java:62)
	at java.base@11.0.18/jdk.internal.reflect.NativeMethodAccessorImpl.invoke0(Native Method)
	at java.base@11.0.18/jdk.internal.reflect.NativeMethodAccessorImpl.invoke(NativeMethodAccessorImpl.java:62)
	at java.base@11.0.18/jdk.internal.reflect.DelegatingMethodAccessorImpl.invoke(DelegatingMethodAccessorImpl.java:43)
	at java.base@11.0.18/java.lang.reflect.Method.invoke(Method.java:566)
	at org.gradle.internal.dispatch.ReflectionDispatch.dispatch(ReflectionDispatch.java:36)
	at org.gradle.internal.dispatch.ReflectionDispatch.dispatch(ReflectionDispatch.java:24)
	at org.gradle.internal.dispatch.ContextClassLoaderDispatch.dispatch(ContextClassLoaderDispatch.java:33)
	at org.gradle.internal.dispatch.ProxyDispatchAdapter$DispatchingInvocationHandler.invoke(ProxyDispatchAdapter.java:94)
	at com.sun.proxy.$Proxy2.stop(Unknown Source)
	at org.gradle.api.internal.tasks.testing.worker.TestWorker$3.run(TestWorker.java:193)
	at org.gradle.api.internal.tasks.testing.worker.TestWorker.executeAndMaintainThreadName(TestWorker.java:129)
	at org.gradle.api.internal.tasks.testing.worker.TestWorker.execute(TestWorker.java:100)
	at org.gradle.api.internal.tasks.testing.worker.TestWorker.execute(TestWorker.java:60)
	at org.gradle.process.internal.worker.child.ActionExecutionWorker.execute(ActionExecutionWorker.java:56)
	at org.gradle.process.internal.worker.child.SystemApplicationClassLoaderWorker.call(SystemApplicationClassLoaderWorker.java:113)
	at org.gradle.process.internal.worker.child.SystemApplicationClassLoaderWorker.call(SystemApplicationClassLoaderWorker.java:65)
	at app//worker.org.gradle.process.internal.worker.GradleWorkerMain.run(GradleWorkerMain.java:69)
	at app//worker.org.gradle.process.internal.worker.GradleWorkerMain.main(GradleWorkerMain.java:74)
</failure>
  </testcase>
  <testcase name="removeDups" classname="de.uka.ilkd.key.proof.runallproofs.RunAllProofsFunctional" time="123.55">
    <failure message="org.opentest4j.AssertionFailedError: Executed process terminated with non-zero exit value. ==&gt; expected: &lt;0&gt; but was: &lt;1&gt;" type="org.opentest4j.AssertionFailedError">org.opentest4j.AssertionFailedError: Executed process terminated with non-zero exit value. ==&gt; expected: &lt;0&gt; but was: &lt;1&gt;
	at app//org.junit.jupiter.api.AssertionFailureBuilder.build(AssertionFailureBuilder.java:151)
	at app//org.junit.jupiter.api.AssertionFailureBuilder.buildAndThrow(AssertionFailureBuilder.java:132)
	at app//org.junit.jupiter.api.AssertEquals.failNotEqual(AssertEquals.java:197)
	at app//org.junit.jupiter.api.AssertEquals.assertEquals(AssertEquals.java:150)
	at app//org.junit.jupiter.api.Assertions.assertEquals(Assertions.java:560)
	at app//de.uka.ilkd.key.proof.runallproofs.proofcollection.ForkedTestFileRunner.processTestFiles(ForkedTestFileRunner.java:130)
	at app//de.uka.ilkd.key.proof.runallproofs.RunAllProofsTestUnit.runTest(RunAllProofsTestUnit.java:89)
	at app//de.uka.ilkd.key.proof.runallproofs.RunAllProofsTest.lambda$data$0(RunAllProofsTest.java:77)
	at app//org.junit.jupiter.engine.descriptor.DynamicTestTestDescriptor.lambda$execute$0(DynamicTestTestDescriptor.java:53)
	at app//org.junit.jupiter.engine.execution.InvocationInterceptorChain$ValidatingInvocation.proceed(InvocationInterceptorChain.java:131)
	at app//org.junit.jupiter.api.extension.InvocationInterceptor.interceptDynamicTest(InvocationInterceptor.java:167)
	at app//org.junit.jupiter.api.extension.InvocationInterceptor.interceptDynamicTest(InvocationInterceptor.java:184)
	at app//org.junit.jupiter.engine.descriptor.DynamicTestTestDescriptor.lambda$execute$1(DynamicTestTestDescriptor.java:61)
	at app//org.junit.jupiter.engine.execution.InvocationInterceptorChain$InterceptorCall.lambda$ofVoid$0(InvocationInterceptorChain.java:78)
	at app//org.junit.jupiter.engine.execution.InvocationInterceptorChain$InterceptedInvocation.proceed(InvocationInterceptorChain.java:106)
	at app//org.junit.jupiter.engine.execution.InvocationInterceptorChain.proceed(InvocationInterceptorChain.java:64)
	at app//org.junit.jupiter.engine.execution.InvocationInterceptorChain.chainAndInvoke(InvocationInterceptorChain.java:45)
	at app//org.junit.jupiter.engine.execution.InvocationInterceptorChain.invoke(InvocationInterceptorChain.java:37)
	at app//org.junit.jupiter.engine.descriptor.DynamicTestTestDescriptor.execute(DynamicTestTestDescriptor.java:60)
	at app//org.junit.jupiter.engine.descriptor.DynamicTestTestDescriptor.execute(DynamicTestTestDescriptor.java:32)
	at app//org.junit.platform.engine.support.hierarchical.NodeTestTask.lambda$executeRecursively$6(NodeTestTask.java:151)
	at app//org.junit.platform.engine.support.hierarchical.ThrowableCollector.execute(ThrowableCollector.java:73)
	at app//org.junit.platform.engine.support.hierarchical.NodeTestTask.lambda$executeRecursively$8(NodeTestTask.java:141)
	at app//org.junit.platform.engine.support.hierarchical.Node.around(Node.java:137)
	at app//org.junit.platform.engine.support.hierarchical.NodeTestTask.lambda$executeRecursively$9(NodeTestTask.java:139)
	at app//org.junit.platform.engine.support.hierarchical.ThrowableCollector.execute(ThrowableCollector.java:73)
	at app//org.junit.platform.engine.support.hierarchical.NodeTestTask.executeRecursively(NodeTestTask.java:138)
	at app//org.junit.platform.engine.support.hierarchical.NodeTestTask.execute(NodeTestTask.java:95)
	at app//org.junit.platform.engine.support.hierarchical.SameThreadHierarchicalTestExecutorService.submit(SameThreadHierarchicalTestExecutorService.java:35)
	at app//org.junit.platform.engine.support.hierarchical.NodeTestTask$DefaultDynamicTestExecutor.execute(NodeTestTask.java:226)
	at app//org.junit.platform.engine.support.hierarchical.NodeTestTask$DefaultDynamicTestExecutor.execute(NodeTestTask.java:204)
	at java.base@11.0.18/java.util.Optional.ifPresent(Optional.java:183)
	at app//org.junit.jupiter.engine.descriptor.TestFactoryTestDescriptor.lambda$invokeTestMethod$1(TestFactoryTestDescriptor.java:108)
	at app//org.junit.platform.engine.support.hierarchical.ThrowableCollector.execute(ThrowableCollector.java:73)
	at app//org.junit.jupiter.engine.descriptor.TestFactoryTestDescriptor.invokeTestMethod(TestFactoryTestDescriptor.java:95)
	at app//org.junit.jupiter.engine.descriptor.TestMethodTestDescriptor.execute(TestMethodTestDescriptor.java:138)
	at app//org.junit.jupiter.engine.descriptor.TestMethodTestDescriptor.execute(TestMethodTestDescriptor.java:68)
	at app//org.junit.platform.engine.support.hierarchical.NodeTestTask.lambda$executeRecursively$6(NodeTestTask.java:151)
	at app//org.junit.platform.engine.support.hierarchical.ThrowableCollector.execute(ThrowableCollector.java:73)
	at app//org.junit.platform.engine.support.hierarchical.NodeTestTask.lambda$executeRecursively$8(NodeTestTask.java:141)
	at app//org.junit.platform.engine.support.hierarchical.Node.around(Node.java:137)
	at app//org.junit.platform.engine.support.hierarchical.NodeTestTask.lambda$executeRecursively$9(NodeTestTask.java:139)
	at app//org.junit.platform.engine.support.hierarchical.ThrowableCollector.execute(ThrowableCollector.java:73)
	at app//org.junit.platform.engine.support.hierarchical.NodeTestTask.executeRecursively(NodeTestTask.java:138)
	at app//org.junit.platform.engine.support.hierarchical.NodeTestTask.execute(NodeTestTask.java:95)
	at java.base@11.0.18/java.util.ArrayList.forEach(ArrayList.java:1541)
	at app//org.junit.platform.engine.support.hierarchical.SameThreadHierarchicalTestExecutorService.invokeAll(SameThreadHierarchicalTestExecutorService.java:41)
	at app//org.junit.platform.engine.support.hierarchical.NodeTestTask.lambda$executeRecursively$6(NodeTestTask.java:155)
	at app//org.junit.platform.engine.support.hierarchical.ThrowableCollector.execute(ThrowableCollector.java:73)
	at app//org.junit.platform.engine.support.hierarchical.NodeTestTask.lambda$executeRecursively$8(NodeTestTask.java:141)
	at app//org.junit.platform.engine.support.hierarchical.Node.around(Node.java:137)
	at app//org.junit.platform.engine.support.hierarchical.NodeTestTask.lambda$executeRecursively$9(NodeTestTask.java:139)
	at app//org.junit.platform.engine.support.hierarchical.ThrowableCollector.execute(ThrowableCollector.java:73)
	at app//org.junit.platform.engine.support.hierarchical.NodeTestTask.executeRecursively(NodeTestTask.java:138)
	at app//org.junit.platform.engine.support.hierarchical.NodeTestTask.execute(NodeTestTask.java:95)
	at java.base@11.0.18/java.util.ArrayList.forEach(ArrayList.java:1541)
	at app//org.junit.platform.engine.support.hierarchical.SameThreadHierarchicalTestExecutorService.invokeAll(SameThreadHierarchicalTestExecutorService.java:41)
	at app//org.junit.platform.engine.support.hierarchical.NodeTestTask.lambda$executeRecursively$6(NodeTestTask.java:155)
	at app//org.junit.platform.engine.support.hierarchical.ThrowableCollector.execute(ThrowableCollector.java:73)
	at app//org.junit.platform.engine.support.hierarchical.NodeTestTask.lambda$executeRecursively$8(NodeTestTask.java:141)
	at app//org.junit.platform.engine.support.hierarchical.Node.around(Node.java:137)
	at app//org.junit.platform.engine.support.hierarchical.NodeTestTask.lambda$executeRecursively$9(NodeTestTask.java:139)
	at app//org.junit.platform.engine.support.hierarchical.ThrowableCollector.execute(ThrowableCollector.java:73)
	at app//org.junit.platform.engine.support.hierarchical.NodeTestTask.executeRecursively(NodeTestTask.java:138)
	at app//org.junit.platform.engine.support.hierarchical.NodeTestTask.execute(NodeTestTask.java:95)
	at app//org.junit.platform.engine.support.hierarchical.SameThreadHierarchicalTestExecutorService.submit(SameThreadHierarchicalTestExecutorService.java:35)
	at app//org.junit.platform.engine.support.hierarchical.HierarchicalTestExecutor.execute(HierarchicalTestExecutor.java:57)
	at app//org.junit.platform.engine.support.hierarchical.HierarchicalTestEngine.execute(HierarchicalTestEngine.java:54)
	at app//org.junit.platform.launcher.core.EngineExecutionOrchestrator.execute(EngineExecutionOrchestrator.java:107)
	at app//org.junit.platform.launcher.core.EngineExecutionOrchestrator.execute(EngineExecutionOrchestrator.java:88)
	at app//org.junit.platform.launcher.core.EngineExecutionOrchestrator.lambda$execute$0(EngineExecutionOrchestrator.java:54)
	at app//org.junit.platform.launcher.core.EngineExecutionOrchestrator.withInterceptedStreams(EngineExecutionOrchestrator.java:67)
	at app//org.junit.platform.launcher.core.EngineExecutionOrchestrator.execute(EngineExecutionOrchestrator.java:52)
	at app//org.junit.platform.launcher.core.DefaultLauncher.execute(DefaultLauncher.java:114)
	at app//org.junit.platform.launcher.core.DefaultLauncher.execute(DefaultLauncher.java:86)
	at app//org.junit.platform.launcher.core.DefaultLauncherSession$DelegatingLauncher.execute(DefaultLauncherSession.java:86)
	at org.gradle.api.internal.tasks.testing.junitplatform.JUnitPlatformTestClassProcessor$CollectAllTestClassesExecutor.processAllTestClasses(JUnitPlatformTestClassProcessor.java:110)
	at org.gradle.api.internal.tasks.testing.junitplatform.JUnitPlatformTestClassProcessor$CollectAllTestClassesExecutor.access$000(JUnitPlatformTestClassProcessor.java:90)
	at org.gradle.api.internal.tasks.testing.junitplatform.JUnitPlatformTestClassProcessor.stop(JUnitPlatformTestClassProcessor.java:85)
	at org.gradle.api.internal.tasks.testing.SuiteTestClassProcessor.stop(SuiteTestClassProcessor.java:62)
	at java.base@11.0.18/jdk.internal.reflect.NativeMethodAccessorImpl.invoke0(Native Method)
	at java.base@11.0.18/jdk.internal.reflect.NativeMethodAccessorImpl.invoke(NativeMethodAccessorImpl.java:62)
	at java.base@11.0.18/jdk.internal.reflect.DelegatingMethodAccessorImpl.invoke(DelegatingMethodAccessorImpl.java:43)
	at java.base@11.0.18/java.lang.reflect.Method.invoke(Method.java:566)
	at org.gradle.internal.dispatch.ReflectionDispatch.dispatch(ReflectionDispatch.java:36)
	at org.gradle.internal.dispatch.ReflectionDispatch.dispatch(ReflectionDispatch.java:24)
	at org.gradle.internal.dispatch.ContextClassLoaderDispatch.dispatch(ContextClassLoaderDispatch.java:33)
	at org.gradle.internal.dispatch.ProxyDispatchAdapter$DispatchingInvocationHandler.invoke(ProxyDispatchAdapter.java:94)
	at com.sun.proxy.$Proxy2.stop(Unknown Source)
	at org.gradle.api.internal.tasks.testing.worker.TestWorker$3.run(TestWorker.java:193)
	at org.gradle.api.internal.tasks.testing.worker.TestWorker.executeAndMaintainThreadName(TestWorker.java:129)
	at org.gradle.api.internal.tasks.testing.worker.TestWorker.execute(TestWorker.java:100)
	at org.gradle.api.internal.tasks.testing.worker.TestWorker.execute(TestWorker.java:60)
	at org.gradle.process.internal.worker.child.ActionExecutionWorker.execute(ActionExecutionWorker.java:56)
	at org.gradle.process.internal.worker.child.SystemApplicationClassLoaderWorker.call(SystemApplicationClassLoaderWorker.java:113)
	at org.gradle.process.internal.worker.child.SystemApplicationClassLoaderWorker.call(SystemApplicationClassLoaderWorker.java:65)
	at app//worker.org.gradle.process.internal.worker.GradleWorkerMain.run(GradleWorkerMain.java:69)
	at app//worker.org.gradle.process.internal.worker.GradleWorkerMain.main(GradleWorkerMain.java:74)
</failure>
  </testcase>
  <testcase name="quicksort" classname="de.uka.ilkd.key.proof.runallproofs.RunAllProofsFunctional" time="84.383">
    <failure message="org.opentest4j.AssertionFailedError: Executed process terminated with non-zero exit value. ==&gt; expected: &lt;0&gt; but was: &lt;1&gt;" type="org.opentest4j.AssertionFailedError">org.opentest4j.AssertionFailedError: Executed process terminated with non-zero exit value. ==&gt; expected: &lt;0&gt; but was: &lt;1&gt;
	at app//org.junit.jupiter.api.AssertionFailureBuilder.build(AssertionFailureBuilder.java:151)
	at app//org.junit.jupiter.api.AssertionFailureBuilder.buildAndThrow(AssertionFailureBuilder.java:132)
	at app//org.junit.jupiter.api.AssertEquals.failNotEqual(AssertEquals.java:197)
	at app//org.junit.jupiter.api.AssertEquals.assertEquals(AssertEquals.java:150)
	at app//org.junit.jupiter.api.Assertions.assertEquals(Assertions.java:560)
	at app//de.uka.ilkd.key.proof.runallproofs.proofcollection.ForkedTestFileRunner.processTestFiles(ForkedTestFileRunner.java:130)
	at app//de.uka.ilkd.key.proof.runallproofs.RunAllProofsTestUnit.runTest(RunAllProofsTestUnit.java:89)
	at app//de.uka.ilkd.key.proof.runallproofs.RunAllProofsTest.lambda$data$0(RunAllProofsTest.java:77)
	at app//org.junit.jupiter.engine.descriptor.DynamicTestTestDescriptor.lambda$execute$0(DynamicTestTestDescriptor.java:53)
	at app//org.junit.jupiter.engine.execution.InvocationInterceptorChain$ValidatingInvocation.proceed(InvocationInterceptorChain.java:131)
	at app//org.junit.jupiter.api.extension.InvocationInterceptor.interceptDynamicTest(InvocationInterceptor.java:167)
	at app//org.junit.jupiter.api.extension.InvocationInterceptor.interceptDynamicTest(InvocationInterceptor.java:184)
	at app//org.junit.jupiter.engine.descriptor.DynamicTestTestDescriptor.lambda$execute$1(DynamicTestTestDescriptor.java:61)
	at app//org.junit.jupiter.engine.execution.InvocationInterceptorChain$InterceptorCall.lambda$ofVoid$0(InvocationInterceptorChain.java:78)
	at app//org.junit.jupiter.engine.execution.InvocationInterceptorChain$InterceptedInvocation.proceed(InvocationInterceptorChain.java:106)
	at app//org.junit.jupiter.engine.execution.InvocationInterceptorChain.proceed(InvocationInterceptorChain.java:64)
	at app//org.junit.jupiter.engine.execution.InvocationInterceptorChain.chainAndInvoke(InvocationInterceptorChain.java:45)
	at app//org.junit.jupiter.engine.execution.InvocationInterceptorChain.invoke(InvocationInterceptorChain.java:37)
	at app//org.junit.jupiter.engine.descriptor.DynamicTestTestDescriptor.execute(DynamicTestTestDescriptor.java:60)
	at app//org.junit.jupiter.engine.descriptor.DynamicTestTestDescriptor.execute(DynamicTestTestDescriptor.java:32)
	at app//org.junit.platform.engine.support.hierarchical.NodeTestTask.lambda$executeRecursively$6(NodeTestTask.java:151)
	at app//org.junit.platform.engine.support.hierarchical.ThrowableCollector.execute(ThrowableCollector.java:73)
	at app//org.junit.platform.engine.support.hierarchical.NodeTestTask.lambda$executeRecursively$8(NodeTestTask.java:141)
	at app//org.junit.platform.engine.support.hierarchical.Node.around(Node.java:137)
	at app//org.junit.platform.engine.support.hierarchical.NodeTestTask.lambda$executeRecursively$9(NodeTestTask.java:139)
	at app//org.junit.platform.engine.support.hierarchical.ThrowableCollector.execute(ThrowableCollector.java:73)
	at app//org.junit.platform.engine.support.hierarchical.NodeTestTask.executeRecursively(NodeTestTask.java:138)
	at app//org.junit.platform.engine.support.hierarchical.NodeTestTask.execute(NodeTestTask.java:95)
	at app//org.junit.platform.engine.support.hierarchical.SameThreadHierarchicalTestExecutorService.submit(SameThreadHierarchicalTestExecutorService.java:35)
	at app//org.junit.platform.engine.support.hierarchical.NodeTestTask$DefaultDynamicTestExecutor.execute(NodeTestTask.java:226)
	at app//org.junit.platform.engine.support.hierarchical.NodeTestTask$DefaultDynamicTestExecutor.execute(NodeTestTask.java:204)
	at java.base@11.0.18/java.util.Optional.ifPresent(Optional.java:183)
	at app//org.junit.jupiter.engine.descriptor.TestFactoryTestDescriptor.lambda$invokeTestMethod$1(TestFactoryTestDescriptor.java:108)
	at app//org.junit.platform.engine.support.hierarchical.ThrowableCollector.execute(ThrowableCollector.java:73)
	at app//org.junit.jupiter.engine.descriptor.TestFactoryTestDescriptor.invokeTestMethod(TestFactoryTestDescriptor.java:95)
	at app//org.junit.jupiter.engine.descriptor.TestMethodTestDescriptor.execute(TestMethodTestDescriptor.java:138)
	at app//org.junit.jupiter.engine.descriptor.TestMethodTestDescriptor.execute(TestMethodTestDescriptor.java:68)
	at app//org.junit.platform.engine.support.hierarchical.NodeTestTask.lambda$executeRecursively$6(NodeTestTask.java:151)
	at app//org.junit.platform.engine.support.hierarchical.ThrowableCollector.execute(ThrowableCollector.java:73)
	at app//org.junit.platform.engine.support.hierarchical.NodeTestTask.lambda$executeRecursively$8(NodeTestTask.java:141)
	at app//org.junit.platform.engine.support.hierarchical.Node.around(Node.java:137)
	at app//org.junit.platform.engine.support.hierarchical.NodeTestTask.lambda$executeRecursively$9(NodeTestTask.java:139)
	at app//org.junit.platform.engine.support.hierarchical.ThrowableCollector.execute(ThrowableCollector.java:73)
	at app//org.junit.platform.engine.support.hierarchical.NodeTestTask.executeRecursively(NodeTestTask.java:138)
	at app//org.junit.platform.engine.support.hierarchical.NodeTestTask.execute(NodeTestTask.java:95)
	at java.base@11.0.18/java.util.ArrayList.forEach(ArrayList.java:1541)
	at app//org.junit.platform.engine.support.hierarchical.SameThreadHierarchicalTestExecutorService.invokeAll(SameThreadHierarchicalTestExecutorService.java:41)
	at app//org.junit.platform.engine.support.hierarchical.NodeTestTask.lambda$executeRecursively$6(NodeTestTask.java:155)
	at app//org.junit.platform.engine.support.hierarchical.ThrowableCollector.execute(ThrowableCollector.java:73)
	at app//org.junit.platform.engine.support.hierarchical.NodeTestTask.lambda$executeRecursively$8(NodeTestTask.java:141)
	at app//org.junit.platform.engine.support.hierarchical.Node.around(Node.java:137)
	at app//org.junit.platform.engine.support.hierarchical.NodeTestTask.lambda$executeRecursively$9(NodeTestTask.java:139)
	at app//org.junit.platform.engine.support.hierarchical.ThrowableCollector.execute(ThrowableCollector.java:73)
	at app//org.junit.platform.engine.support.hierarchical.NodeTestTask.executeRecursively(NodeTestTask.java:138)
	at app//org.junit.platform.engine.support.hierarchical.NodeTestTask.execute(NodeTestTask.java:95)
	at java.base@11.0.18/java.util.ArrayList.forEach(ArrayList.java:1541)
	at app//org.junit.platform.engine.support.hierarchical.SameThreadHierarchicalTestExecutorService.invokeAll(SameThreadHierarchicalTestExecutorService.java:41)
	at app//org.junit.platform.engine.support.hierarchical.NodeTestTask.lambda$executeRecursively$6(NodeTestTask.java:155)
	at app//org.junit.platform.engine.support.hierarchical.ThrowableCollector.execute(ThrowableCollector.java:73)
	at app//org.junit.platform.engine.support.hierarchical.NodeTestTask.lambda$executeRecursively$8(NodeTestTask.java:141)
	at app//org.junit.platform.engine.support.hierarchical.Node.around(Node.java:137)
	at app//org.junit.platform.engine.support.hierarchical.NodeTestTask.lambda$executeRecursively$9(NodeTestTask.java:139)
	at app//org.junit.platform.engine.support.hierarchical.ThrowableCollector.execute(ThrowableCollector.java:73)
	at app//org.junit.platform.engine.support.hierarchical.NodeTestTask.executeRecursively(NodeTestTask.java:138)
	at app//org.junit.platform.engine.support.hierarchical.NodeTestTask.execute(NodeTestTask.java:95)
	at app//org.junit.platform.engine.support.hierarchical.SameThreadHierarchicalTestExecutorService.submit(SameThreadHierarchicalTestExecutorService.java:35)
	at app//org.junit.platform.engine.support.hierarchical.HierarchicalTestExecutor.execute(HierarchicalTestExecutor.java:57)
	at app//org.junit.platform.engine.support.hierarchical.HierarchicalTestEngine.execute(HierarchicalTestEngine.java:54)
	at app//org.junit.platform.launcher.core.EngineExecutionOrchestrator.execute(EngineExecutionOrchestrator.java:107)
	at app//org.junit.platform.launcher.core.EngineExecutionOrchestrator.execute(EngineExecutionOrchestrator.java:88)
	at app//org.junit.platform.launcher.core.EngineExecutionOrchestrator.lambda$execute$0(EngineExecutionOrchestrator.java:54)
	at app//org.junit.platform.launcher.core.EngineExecutionOrchestrator.withInterceptedStreams(EngineExecutionOrchestrator.java:67)
	at app//org.junit.platform.launcher.core.EngineExecutionOrchestrator.execute(EngineExecutionOrchestrator.java:52)
	at app//org.junit.platform.launcher.core.DefaultLauncher.execute(DefaultLauncher.java:114)
	at app//org.junit.platform.launcher.core.DefaultLauncher.execute(DefaultLauncher.java:86)
	at app//org.junit.platform.launcher.core.DefaultLauncherSession$DelegatingLauncher.execute(DefaultLauncherSession.java:86)
	at org.gradle.api.internal.tasks.testing.junitplatform.JUnitPlatformTestClassProcessor$CollectAllTestClassesExecutor.processAllTestClasses(JUnitPlatformTestClassProcessor.java:110)
	at org.gradle.api.internal.tasks.testing.junitplatform.JUnitPlatformTestClassProcessor$CollectAllTestClassesExecutor.access$000(JUnitPlatformTestClassProcessor.java:90)
	at org.gradle.api.internal.tasks.testing.junitplatform.JUnitPlatformTestClassProcessor.stop(JUnitPlatformTestClassProcessor.java:85)
	at org.gradle.api.internal.tasks.testing.SuiteTestClassProcessor.stop(SuiteTestClassProcessor.java:62)
	at java.base@11.0.18/jdk.internal.reflect.NativeMethodAccessorImpl.invoke0(Native Method)
	at java.base@11.0.18/jdk.internal.reflect.NativeMethodAccessorImpl.invoke(NativeMethodAccessorImpl.java:62)
	at java.base@11.0.18/jdk.internal.reflect.DelegatingMethodAccessorImpl.invoke(DelegatingMethodAccessorImpl.java:43)
	at java.base@11.0.18/java.lang.reflect.Method.invoke(Method.java:566)
	at org.gradle.internal.dispatch.ReflectionDispatch.dispatch(ReflectionDispatch.java:36)
	at org.gradle.internal.dispatch.ReflectionDispatch.dispatch(ReflectionDispatch.java:24)
	at org.gradle.internal.dispatch.ContextClassLoaderDispatch.dispatch(ContextClassLoaderDispatch.java:33)
	at org.gradle.internal.dispatch.ProxyDispatchAdapter$DispatchingInvocationHandler.invoke(ProxyDispatchAdapter.java:94)
	at com.sun.proxy.$Proxy2.stop(Unknown Source)
	at org.gradle.api.internal.tasks.testing.worker.TestWorker$3.run(TestWorker.java:193)
	at org.gradle.api.internal.tasks.testing.worker.TestWorker.executeAndMaintainThreadName(TestWorker.java:129)
	at org.gradle.api.internal.tasks.testing.worker.TestWorker.execute(TestWorker.java:100)
	at org.gradle.api.internal.tasks.testing.worker.TestWorker.execute(TestWorker.java:60)
	at org.gradle.process.internal.worker.child.ActionExecutionWorker.execute(ActionExecutionWorker.java:56)
	at org.gradle.process.internal.worker.child.SystemApplicationClassLoaderWorker.call(SystemApplicationClassLoaderWorker.java:113)
	at org.gradle.process.internal.worker.child.SystemApplicationClassLoaderWorker.call(SystemApplicationClassLoaderWorker.java:65)
	at app//worker.org.gradle.process.internal.worker.GradleWorkerMain.run(GradleWorkerMain.java:69)
	at app//worker.org.gradle.process.internal.worker.GradleWorkerMain.main(GradleWorkerMain.java:74)
</failure>
  </testcase>
  <testcase name="simpleTests" classname="de.uka.ilkd.key.proof.runallproofs.RunAllProofsFunctional" time="144.366">
    <failure message="org.opentest4j.AssertionFailedError: Executed process terminated with non-zero exit value. ==&gt; expected: &lt;0&gt; but was: &lt;1&gt;" type="org.opentest4j.AssertionFailedError">org.opentest4j.AssertionFailedError: Executed process terminated with non-zero exit value. ==&gt; expected: &lt;0&gt; but was: &lt;1&gt;
	at app//org.junit.jupiter.api.AssertionFailureBuilder.build(AssertionFailureBuilder.java:151)
	at app//org.junit.jupiter.api.AssertionFailureBuilder.buildAndThrow(AssertionFailureBuilder.java:132)
	at app//org.junit.jupiter.api.AssertEquals.failNotEqual(AssertEquals.java:197)
	at app//org.junit.jupiter.api.AssertEquals.assertEquals(AssertEquals.java:150)
	at app//org.junit.jupiter.api.Assertions.assertEquals(Assertions.java:560)
	at app//de.uka.ilkd.key.proof.runallproofs.proofcollection.ForkedTestFileRunner.processTestFiles(ForkedTestFileRunner.java:130)
	at app//de.uka.ilkd.key.proof.runallproofs.RunAllProofsTestUnit.runTest(RunAllProofsTestUnit.java:89)
	at app//de.uka.ilkd.key.proof.runallproofs.RunAllProofsTest.lambda$data$0(RunAllProofsTest.java:77)
	at app//org.junit.jupiter.engine.descriptor.DynamicTestTestDescriptor.lambda$execute$0(DynamicTestTestDescriptor.java:53)
	at app//org.junit.jupiter.engine.execution.InvocationInterceptorChain$ValidatingInvocation.proceed(InvocationInterceptorChain.java:131)
	at app//org.junit.jupiter.api.extension.InvocationInterceptor.interceptDynamicTest(InvocationInterceptor.java:167)
	at app//org.junit.jupiter.api.extension.InvocationInterceptor.interceptDynamicTest(InvocationInterceptor.java:184)
	at app//org.junit.jupiter.engine.descriptor.DynamicTestTestDescriptor.lambda$execute$1(DynamicTestTestDescriptor.java:61)
	at app//org.junit.jupiter.engine.execution.InvocationInterceptorChain$InterceptorCall.lambda$ofVoid$0(InvocationInterceptorChain.java:78)
	at app//org.junit.jupiter.engine.execution.InvocationInterceptorChain$InterceptedInvocation.proceed(InvocationInterceptorChain.java:106)
	at app//org.junit.jupiter.engine.execution.InvocationInterceptorChain.proceed(InvocationInterceptorChain.java:64)
	at app//org.junit.jupiter.engine.execution.InvocationInterceptorChain.chainAndInvoke(InvocationInterceptorChain.java:45)
	at app//org.junit.jupiter.engine.execution.InvocationInterceptorChain.invoke(InvocationInterceptorChain.java:37)
	at app//org.junit.jupiter.engine.descriptor.DynamicTestTestDescriptor.execute(DynamicTestTestDescriptor.java:60)
	at app//org.junit.jupiter.engine.descriptor.DynamicTestTestDescriptor.execute(DynamicTestTestDescriptor.java:32)
	at app//org.junit.platform.engine.support.hierarchical.NodeTestTask.lambda$executeRecursively$6(NodeTestTask.java:151)
	at app//org.junit.platform.engine.support.hierarchical.ThrowableCollector.execute(ThrowableCollector.java:73)
	at app//org.junit.platform.engine.support.hierarchical.NodeTestTask.lambda$executeRecursively$8(NodeTestTask.java:141)
	at app//org.junit.platform.engine.support.hierarchical.Node.around(Node.java:137)
	at app//org.junit.platform.engine.support.hierarchical.NodeTestTask.lambda$executeRecursively$9(NodeTestTask.java:139)
	at app//org.junit.platform.engine.support.hierarchical.ThrowableCollector.execute(ThrowableCollector.java:73)
	at app//org.junit.platform.engine.support.hierarchical.NodeTestTask.executeRecursively(NodeTestTask.java:138)
	at app//org.junit.platform.engine.support.hierarchical.NodeTestTask.execute(NodeTestTask.java:95)
	at app//org.junit.platform.engine.support.hierarchical.SameThreadHierarchicalTestExecutorService.submit(SameThreadHierarchicalTestExecutorService.java:35)
	at app//org.junit.platform.engine.support.hierarchical.NodeTestTask$DefaultDynamicTestExecutor.execute(NodeTestTask.java:226)
	at app//org.junit.platform.engine.support.hierarchical.NodeTestTask$DefaultDynamicTestExecutor.execute(NodeTestTask.java:204)
	at java.base@11.0.18/java.util.Optional.ifPresent(Optional.java:183)
	at app//org.junit.jupiter.engine.descriptor.TestFactoryTestDescriptor.lambda$invokeTestMethod$1(TestFactoryTestDescriptor.java:108)
	at app//org.junit.platform.engine.support.hierarchical.ThrowableCollector.execute(ThrowableCollector.java:73)
	at app//org.junit.jupiter.engine.descriptor.TestFactoryTestDescriptor.invokeTestMethod(TestFactoryTestDescriptor.java:95)
	at app//org.junit.jupiter.engine.descriptor.TestMethodTestDescriptor.execute(TestMethodTestDescriptor.java:138)
	at app//org.junit.jupiter.engine.descriptor.TestMethodTestDescriptor.execute(TestMethodTestDescriptor.java:68)
	at app//org.junit.platform.engine.support.hierarchical.NodeTestTask.lambda$executeRecursively$6(NodeTestTask.java:151)
	at app//org.junit.platform.engine.support.hierarchical.ThrowableCollector.execute(ThrowableCollector.java:73)
	at app//org.junit.platform.engine.support.hierarchical.NodeTestTask.lambda$executeRecursively$8(NodeTestTask.java:141)
	at app//org.junit.platform.engine.support.hierarchical.Node.around(Node.java:137)
	at app//org.junit.platform.engine.support.hierarchical.NodeTestTask.lambda$executeRecursively$9(NodeTestTask.java:139)
	at app//org.junit.platform.engine.support.hierarchical.ThrowableCollector.execute(ThrowableCollector.java:73)
	at app//org.junit.platform.engine.support.hierarchical.NodeTestTask.executeRecursively(NodeTestTask.java:138)
	at app//org.junit.platform.engine.support.hierarchical.NodeTestTask.execute(NodeTestTask.java:95)
	at java.base@11.0.18/java.util.ArrayList.forEach(ArrayList.java:1541)
	at app//org.junit.platform.engine.support.hierarchical.SameThreadHierarchicalTestExecutorService.invokeAll(SameThreadHierarchicalTestExecutorService.java:41)
	at app//org.junit.platform.engine.support.hierarchical.NodeTestTask.lambda$executeRecursively$6(NodeTestTask.java:155)
	at app//org.junit.platform.engine.support.hierarchical.ThrowableCollector.execute(ThrowableCollector.java:73)
	at app//org.junit.platform.engine.support.hierarchical.NodeTestTask.lambda$executeRecursively$8(NodeTestTask.java:141)
	at app//org.junit.platform.engine.support.hierarchical.Node.around(Node.java:137)
	at app//org.junit.platform.engine.support.hierarchical.NodeTestTask.lambda$executeRecursively$9(NodeTestTask.java:139)
	at app//org.junit.platform.engine.support.hierarchical.ThrowableCollector.execute(ThrowableCollector.java:73)
	at app//org.junit.platform.engine.support.hierarchical.NodeTestTask.executeRecursively(NodeTestTask.java:138)
	at app//org.junit.platform.engine.support.hierarchical.NodeTestTask.execute(NodeTestTask.java:95)
	at java.base@11.0.18/java.util.ArrayList.forEach(ArrayList.java:1541)
	at app//org.junit.platform.engine.support.hierarchical.SameThreadHierarchicalTestExecutorService.invokeAll(SameThreadHierarchicalTestExecutorService.java:41)
	at app//org.junit.platform.engine.support.hierarchical.NodeTestTask.lambda$executeRecursively$6(NodeTestTask.java:155)
	at app//org.junit.platform.engine.support.hierarchical.ThrowableCollector.execute(ThrowableCollector.java:73)
	at app//org.junit.platform.engine.support.hierarchical.NodeTestTask.lambda$executeRecursively$8(NodeTestTask.java:141)
	at app//org.junit.platform.engine.support.hierarchical.Node.around(Node.java:137)
	at app//org.junit.platform.engine.support.hierarchical.NodeTestTask.lambda$executeRecursively$9(NodeTestTask.java:139)
	at app//org.junit.platform.engine.support.hierarchical.ThrowableCollector.execute(ThrowableCollector.java:73)
	at app//org.junit.platform.engine.support.hierarchical.NodeTestTask.executeRecursively(NodeTestTask.java:138)
	at app//org.junit.platform.engine.support.hierarchical.NodeTestTask.execute(NodeTestTask.java:95)
	at app//org.junit.platform.engine.support.hierarchical.SameThreadHierarchicalTestExecutorService.submit(SameThreadHierarchicalTestExecutorService.java:35)
	at app//org.junit.platform.engine.support.hierarchical.HierarchicalTestExecutor.execute(HierarchicalTestExecutor.java:57)
	at app//org.junit.platform.engine.support.hierarchical.HierarchicalTestEngine.execute(HierarchicalTestEngine.java:54)
	at app//org.junit.platform.launcher.core.EngineExecutionOrchestrator.execute(EngineExecutionOrchestrator.java:107)
	at app//org.junit.platform.launcher.core.EngineExecutionOrchestrator.execute(EngineExecutionOrchestrator.java:88)
	at app//org.junit.platform.launcher.core.EngineExecutionOrchestrator.lambda$execute$0(EngineExecutionOrchestrator.java:54)
	at app//org.junit.platform.launcher.core.EngineExecutionOrchestrator.withInterceptedStreams(EngineExecutionOrchestrator.java:67)
	at app//org.junit.platform.launcher.core.EngineExecutionOrchestrator.execute(EngineExecutionOrchestrator.java:52)
	at app//org.junit.platform.launcher.core.DefaultLauncher.execute(DefaultLauncher.java:114)
	at app//org.junit.platform.launcher.core.DefaultLauncher.execute(DefaultLauncher.java:86)
	at app//org.junit.platform.launcher.core.DefaultLauncherSession$DelegatingLauncher.execute(DefaultLauncherSession.java:86)
	at org.gradle.api.internal.tasks.testing.junitplatform.JUnitPlatformTestClassProcessor$CollectAllTestClassesExecutor.processAllTestClasses(JUnitPlatformTestClassProcessor.java:110)
	at org.gradle.api.internal.tasks.testing.junitplatform.JUnitPlatformTestClassProcessor$CollectAllTestClassesExecutor.access$000(JUnitPlatformTestClassProcessor.java:90)
	at org.gradle.api.internal.tasks.testing.junitplatform.JUnitPlatformTestClassProcessor.stop(JUnitPlatformTestClassProcessor.java:85)
	at org.gradle.api.internal.tasks.testing.SuiteTestClassProcessor.stop(SuiteTestClassProcessor.java:62)
	at java.base@11.0.18/jdk.internal.reflect.NativeMethodAccessorImpl.invoke0(Native Method)
	at java.base@11.0.18/jdk.internal.reflect.NativeMethodAccessorImpl.invoke(NativeMethodAccessorImpl.java:62)
	at java.base@11.0.18/jdk.internal.reflect.DelegatingMethodAccessorImpl.invoke(DelegatingMethodAccessorImpl.java:43)
	at java.base@11.0.18/java.lang.reflect.Method.invoke(Method.java:566)
	at org.gradle.internal.dispatch.ReflectionDispatch.dispatch(ReflectionDispatch.java:36)
	at org.gradle.internal.dispatch.ReflectionDispatch.dispatch(ReflectionDispatch.java:24)
	at org.gradle.internal.dispatch.ContextClassLoaderDispatch.dispatch(ContextClassLoaderDispatch.java:33)
	at org.gradle.internal.dispatch.ProxyDispatchAdapter$DispatchingInvocationHandler.invoke(ProxyDispatchAdapter.java:94)
	at com.sun.proxy.$Proxy2.stop(Unknown Source)
	at org.gradle.api.internal.tasks.testing.worker.TestWorker$3.run(TestWorker.java:193)
	at org.gradle.api.internal.tasks.testing.worker.TestWorker.executeAndMaintainThreadName(TestWorker.java:129)
	at org.gradle.api.internal.tasks.testing.worker.TestWorker.execute(TestWorker.java:100)
	at org.gradle.api.internal.tasks.testing.worker.TestWorker.execute(TestWorker.java:60)
	at org.gradle.process.internal.worker.child.ActionExecutionWorker.execute(ActionExecutionWorker.java:56)
	at org.gradle.process.internal.worker.child.SystemApplicationClassLoaderWorker.call(SystemApplicationClassLoaderWorker.java:113)
	at org.gradle.process.internal.worker.child.SystemApplicationClassLoaderWorker.call(SystemApplicationClassLoaderWorker.java:65)
	at app//worker.org.gradle.process.internal.worker.GradleWorkerMain.run(GradleWorkerMain.java:69)
	at app//worker.org.gradle.process.internal.worker.GradleWorkerMain.main(GradleWorkerMain.java:74)
</failure>
  </testcase>
  <testcase name="SmansEtAl" classname="de.uka.ilkd.key.proof.runallproofs.RunAllProofsFunctional" time="184.651">
    <failure message="org.opentest4j.AssertionFailedError: Executed process terminated with non-zero exit value. ==&gt; expected: &lt;0&gt; but was: &lt;1&gt;" type="org.opentest4j.AssertionFailedError">org.opentest4j.AssertionFailedError: Executed process terminated with non-zero exit value. ==&gt; expected: &lt;0&gt; but was: &lt;1&gt;
	at app//org.junit.jupiter.api.AssertionFailureBuilder.build(AssertionFailureBuilder.java:151)
	at app//org.junit.jupiter.api.AssertionFailureBuilder.buildAndThrow(AssertionFailureBuilder.java:132)
	at app//org.junit.jupiter.api.AssertEquals.failNotEqual(AssertEquals.java:197)
	at app//org.junit.jupiter.api.AssertEquals.assertEquals(AssertEquals.java:150)
	at app//org.junit.jupiter.api.Assertions.assertEquals(Assertions.java:560)
	at app//de.uka.ilkd.key.proof.runallproofs.proofcollection.ForkedTestFileRunner.processTestFiles(ForkedTestFileRunner.java:130)
	at app//de.uka.ilkd.key.proof.runallproofs.RunAllProofsTestUnit.runTest(RunAllProofsTestUnit.java:89)
	at app//de.uka.ilkd.key.proof.runallproofs.RunAllProofsTest.lambda$data$0(RunAllProofsTest.java:77)
	at app//org.junit.jupiter.engine.descriptor.DynamicTestTestDescriptor.lambda$execute$0(DynamicTestTestDescriptor.java:53)
	at app//org.junit.jupiter.engine.execution.InvocationInterceptorChain$ValidatingInvocation.proceed(InvocationInterceptorChain.java:131)
	at app//org.junit.jupiter.api.extension.InvocationInterceptor.interceptDynamicTest(InvocationInterceptor.java:167)
	at app//org.junit.jupiter.api.extension.InvocationInterceptor.interceptDynamicTest(InvocationInterceptor.java:184)
	at app//org.junit.jupiter.engine.descriptor.DynamicTestTestDescriptor.lambda$execute$1(DynamicTestTestDescriptor.java:61)
	at app//org.junit.jupiter.engine.execution.InvocationInterceptorChain$InterceptorCall.lambda$ofVoid$0(InvocationInterceptorChain.java:78)
	at app//org.junit.jupiter.engine.execution.InvocationInterceptorChain$InterceptedInvocation.proceed(InvocationInterceptorChain.java:106)
	at app//org.junit.jupiter.engine.execution.InvocationInterceptorChain.proceed(InvocationInterceptorChain.java:64)
	at app//org.junit.jupiter.engine.execution.InvocationInterceptorChain.chainAndInvoke(InvocationInterceptorChain.java:45)
	at app//org.junit.jupiter.engine.execution.InvocationInterceptorChain.invoke(InvocationInterceptorChain.java:37)
	at app//org.junit.jupiter.engine.descriptor.DynamicTestTestDescriptor.execute(DynamicTestTestDescriptor.java:60)
	at app//org.junit.jupiter.engine.descriptor.DynamicTestTestDescriptor.execute(DynamicTestTestDescriptor.java:32)
	at app//org.junit.platform.engine.support.hierarchical.NodeTestTask.lambda$executeRecursively$6(NodeTestTask.java:151)
	at app//org.junit.platform.engine.support.hierarchical.ThrowableCollector.execute(ThrowableCollector.java:73)
	at app//org.junit.platform.engine.support.hierarchical.NodeTestTask.lambda$executeRecursively$8(NodeTestTask.java:141)
	at app//org.junit.platform.engine.support.hierarchical.Node.around(Node.java:137)
	at app//org.junit.platform.engine.support.hierarchical.NodeTestTask.lambda$executeRecursively$9(NodeTestTask.java:139)
	at app//org.junit.platform.engine.support.hierarchical.ThrowableCollector.execute(ThrowableCollector.java:73)
	at app//org.junit.platform.engine.support.hierarchical.NodeTestTask.executeRecursively(NodeTestTask.java:138)
	at app//org.junit.platform.engine.support.hierarchical.NodeTestTask.execute(NodeTestTask.java:95)
	at app//org.junit.platform.engine.support.hierarchical.SameThreadHierarchicalTestExecutorService.submit(SameThreadHierarchicalTestExecutorService.java:35)
	at app//org.junit.platform.engine.support.hierarchical.NodeTestTask$DefaultDynamicTestExecutor.execute(NodeTestTask.java:226)
	at app//org.junit.platform.engine.support.hierarchical.NodeTestTask$DefaultDynamicTestExecutor.execute(NodeTestTask.java:204)
	at java.base@11.0.18/java.util.Optional.ifPresent(Optional.java:183)
	at app//org.junit.jupiter.engine.descriptor.TestFactoryTestDescriptor.lambda$invokeTestMethod$1(TestFactoryTestDescriptor.java:108)
	at app//org.junit.platform.engine.support.hierarchical.ThrowableCollector.execute(ThrowableCollector.java:73)
	at app//org.junit.jupiter.engine.descriptor.TestFactoryTestDescriptor.invokeTestMethod(TestFactoryTestDescriptor.java:95)
	at app//org.junit.jupiter.engine.descriptor.TestMethodTestDescriptor.execute(TestMethodTestDescriptor.java:138)
	at app//org.junit.jupiter.engine.descriptor.TestMethodTestDescriptor.execute(TestMethodTestDescriptor.java:68)
	at app//org.junit.platform.engine.support.hierarchical.NodeTestTask.lambda$executeRecursively$6(NodeTestTask.java:151)
	at app//org.junit.platform.engine.support.hierarchical.ThrowableCollector.execute(ThrowableCollector.java:73)
	at app//org.junit.platform.engine.support.hierarchical.NodeTestTask.lambda$executeRecursively$8(NodeTestTask.java:141)
	at app//org.junit.platform.engine.support.hierarchical.Node.around(Node.java:137)
	at app//org.junit.platform.engine.support.hierarchical.NodeTestTask.lambda$executeRecursively$9(NodeTestTask.java:139)
	at app//org.junit.platform.engine.support.hierarchical.ThrowableCollector.execute(ThrowableCollector.java:73)
	at app//org.junit.platform.engine.support.hierarchical.NodeTestTask.executeRecursively(NodeTestTask.java:138)
	at app//org.junit.platform.engine.support.hierarchical.NodeTestTask.execute(NodeTestTask.java:95)
	at java.base@11.0.18/java.util.ArrayList.forEach(ArrayList.java:1541)
	at app//org.junit.platform.engine.support.hierarchical.SameThreadHierarchicalTestExecutorService.invokeAll(SameThreadHierarchicalTestExecutorService.java:41)
	at app//org.junit.platform.engine.support.hierarchical.NodeTestTask.lambda$executeRecursively$6(NodeTestTask.java:155)
	at app//org.junit.platform.engine.support.hierarchical.ThrowableCollector.execute(ThrowableCollector.java:73)
	at app//org.junit.platform.engine.support.hierarchical.NodeTestTask.lambda$executeRecursively$8(NodeTestTask.java:141)
	at app//org.junit.platform.engine.support.hierarchical.Node.around(Node.java:137)
	at app//org.junit.platform.engine.support.hierarchical.NodeTestTask.lambda$executeRecursively$9(NodeTestTask.java:139)
	at app//org.junit.platform.engine.support.hierarchical.ThrowableCollector.execute(ThrowableCollector.java:73)
	at app//org.junit.platform.engine.support.hierarchical.NodeTestTask.executeRecursively(NodeTestTask.java:138)
	at app//org.junit.platform.engine.support.hierarchical.NodeTestTask.execute(NodeTestTask.java:95)
	at java.base@11.0.18/java.util.ArrayList.forEach(ArrayList.java:1541)
	at app//org.junit.platform.engine.support.hierarchical.SameThreadHierarchicalTestExecutorService.invokeAll(SameThreadHierarchicalTestExecutorService.java:41)
	at app//org.junit.platform.engine.support.hierarchical.NodeTestTask.lambda$executeRecursively$6(NodeTestTask.java:155)
	at app//org.junit.platform.engine.support.hierarchical.ThrowableCollector.execute(ThrowableCollector.java:73)
	at app//org.junit.platform.engine.support.hierarchical.NodeTestTask.lambda$executeRecursively$8(NodeTestTask.java:141)
	at app//org.junit.platform.engine.support.hierarchical.Node.around(Node.java:137)
	at app//org.junit.platform.engine.support.hierarchical.NodeTestTask.lambda$executeRecursively$9(NodeTestTask.java:139)
	at app//org.junit.platform.engine.support.hierarchical.ThrowableCollector.execute(ThrowableCollector.java:73)
	at app//org.junit.platform.engine.support.hierarchical.NodeTestTask.executeRecursively(NodeTestTask.java:138)
	at app//org.junit.platform.engine.support.hierarchical.NodeTestTask.execute(NodeTestTask.java:95)
	at app//org.junit.platform.engine.support.hierarchical.SameThreadHierarchicalTestExecutorService.submit(SameThreadHierarchicalTestExecutorService.java:35)
	at app//org.junit.platform.engine.support.hierarchical.HierarchicalTestExecutor.execute(HierarchicalTestExecutor.java:57)
	at app//org.junit.platform.engine.support.hierarchical.HierarchicalTestEngine.execute(HierarchicalTestEngine.java:54)
	at app//org.junit.platform.launcher.core.EngineExecutionOrchestrator.execute(EngineExecutionOrchestrator.java:107)
	at app//org.junit.platform.launcher.core.EngineExecutionOrchestrator.execute(EngineExecutionOrchestrator.java:88)
	at app//org.junit.platform.launcher.core.EngineExecutionOrchestrator.lambda$execute$0(EngineExecutionOrchestrator.java:54)
	at app//org.junit.platform.launcher.core.EngineExecutionOrchestrator.withInterceptedStreams(EngineExecutionOrchestrator.java:67)
	at app//org.junit.platform.launcher.core.EngineExecutionOrchestrator.execute(EngineExecutionOrchestrator.java:52)
	at app//org.junit.platform.launcher.core.DefaultLauncher.execute(DefaultLauncher.java:114)
	at app//org.junit.platform.launcher.core.DefaultLauncher.execute(DefaultLauncher.java:86)
	at app//org.junit.platform.launcher.core.DefaultLauncherSession$DelegatingLauncher.execute(DefaultLauncherSession.java:86)
	at org.gradle.api.internal.tasks.testing.junitplatform.JUnitPlatformTestClassProcessor$CollectAllTestClassesExecutor.processAllTestClasses(JUnitPlatformTestClassProcessor.java:110)
	at org.gradle.api.internal.tasks.testing.junitplatform.JUnitPlatformTestClassProcessor$CollectAllTestClassesExecutor.access$000(JUnitPlatformTestClassProcessor.java:90)
	at org.gradle.api.internal.tasks.testing.junitplatform.JUnitPlatformTestClassProcessor.stop(JUnitPlatformTestClassProcessor.java:85)
	at org.gradle.api.internal.tasks.testing.SuiteTestClassProcessor.stop(SuiteTestClassProcessor.java:62)
	at java.base@11.0.18/jdk.internal.reflect.NativeMethodAccessorImpl.invoke0(Native Method)
	at java.base@11.0.18/jdk.internal.reflect.NativeMethodAccessorImpl.invoke(NativeMethodAccessorImpl.java:62)
	at java.base@11.0.18/jdk.internal.reflect.DelegatingMethodAccessorImpl.invoke(DelegatingMethodAccessorImpl.java:43)
	at java.base@11.0.18/java.lang.reflect.Method.invoke(Method.java:566)
	at org.gradle.internal.dispatch.ReflectionDispatch.dispatch(ReflectionDispatch.java:36)
	at org.gradle.internal.dispatch.ReflectionDispatch.dispatch(ReflectionDispatch.java:24)
	at org.gradle.internal.dispatch.ContextClassLoaderDispatch.dispatch(ContextClassLoaderDispatch.java:33)
	at org.gradle.internal.dispatch.ProxyDispatchAdapter$DispatchingInvocationHandler.invoke(ProxyDispatchAdapter.java:94)
	at com.sun.proxy.$Proxy2.stop(Unknown Source)
	at org.gradle.api.internal.tasks.testing.worker.TestWorker$3.run(TestWorker.java:193)
	at org.gradle.api.internal.tasks.testing.worker.TestWorker.executeAndMaintainThreadName(TestWorker.java:129)
	at org.gradle.api.internal.tasks.testing.worker.TestWorker.execute(TestWorker.java:100)
	at org.gradle.api.internal.tasks.testing.worker.TestWorker.execute(TestWorker.java:60)
	at org.gradle.process.internal.worker.child.ActionExecutionWorker.execute(ActionExecutionWorker.java:56)
	at org.gradle.process.internal.worker.child.SystemApplicationClassLoaderWorker.call(SystemApplicationClassLoaderWorker.java:113)
	at org.gradle.process.internal.worker.child.SystemApplicationClassLoaderWorker.call(SystemApplicationClassLoaderWorker.java:65)
	at app//worker.org.gradle.process.internal.worker.GradleWorkerMain.run(GradleWorkerMain.java:69)
	at app//worker.org.gradle.process.internal.worker.GradleWorkerMain.main(GradleWorkerMain.java:74)
</failure>
  </testcase>
  <testcase name="VACID0" classname="de.uka.ilkd.key.proof.runallproofs.RunAllProofsFunctional" time="70.255">
    <failure message="org.opentest4j.AssertionFailedError: Executed process terminated with non-zero exit value. ==&gt; expected: &lt;0&gt; but was: &lt;1&gt;" type="org.opentest4j.AssertionFailedError">org.opentest4j.AssertionFailedError: Executed process terminated with non-zero exit value. ==&gt; expected: &lt;0&gt; but was: &lt;1&gt;
	at app//org.junit.jupiter.api.AssertionFailureBuilder.build(AssertionFailureBuilder.java:151)
	at app//org.junit.jupiter.api.AssertionFailureBuilder.buildAndThrow(AssertionFailureBuilder.java:132)
	at app//org.junit.jupiter.api.AssertEquals.failNotEqual(AssertEquals.java:197)
	at app//org.junit.jupiter.api.AssertEquals.assertEquals(AssertEquals.java:150)
	at app//org.junit.jupiter.api.Assertions.assertEquals(Assertions.java:560)
	at app//de.uka.ilkd.key.proof.runallproofs.proofcollection.ForkedTestFileRunner.processTestFiles(ForkedTestFileRunner.java:130)
	at app//de.uka.ilkd.key.proof.runallproofs.RunAllProofsTestUnit.runTest(RunAllProofsTestUnit.java:89)
	at app//de.uka.ilkd.key.proof.runallproofs.RunAllProofsTest.lambda$data$0(RunAllProofsTest.java:77)
	at app//org.junit.jupiter.engine.descriptor.DynamicTestTestDescriptor.lambda$execute$0(DynamicTestTestDescriptor.java:53)
	at app//org.junit.jupiter.engine.execution.InvocationInterceptorChain$ValidatingInvocation.proceed(InvocationInterceptorChain.java:131)
	at app//org.junit.jupiter.api.extension.InvocationInterceptor.interceptDynamicTest(InvocationInterceptor.java:167)
	at app//org.junit.jupiter.api.extension.InvocationInterceptor.interceptDynamicTest(InvocationInterceptor.java:184)
	at app//org.junit.jupiter.engine.descriptor.DynamicTestTestDescriptor.lambda$execute$1(DynamicTestTestDescriptor.java:61)
	at app//org.junit.jupiter.engine.execution.InvocationInterceptorChain$InterceptorCall.lambda$ofVoid$0(InvocationInterceptorChain.java:78)
	at app//org.junit.jupiter.engine.execution.InvocationInterceptorChain$InterceptedInvocation.proceed(InvocationInterceptorChain.java:106)
	at app//org.junit.jupiter.engine.execution.InvocationInterceptorChain.proceed(InvocationInterceptorChain.java:64)
	at app//org.junit.jupiter.engine.execution.InvocationInterceptorChain.chainAndInvoke(InvocationInterceptorChain.java:45)
	at app//org.junit.jupiter.engine.execution.InvocationInterceptorChain.invoke(InvocationInterceptorChain.java:37)
	at app//org.junit.jupiter.engine.descriptor.DynamicTestTestDescriptor.execute(DynamicTestTestDescriptor.java:60)
	at app//org.junit.jupiter.engine.descriptor.DynamicTestTestDescriptor.execute(DynamicTestTestDescriptor.java:32)
	at app//org.junit.platform.engine.support.hierarchical.NodeTestTask.lambda$executeRecursively$6(NodeTestTask.java:151)
	at app//org.junit.platform.engine.support.hierarchical.ThrowableCollector.execute(ThrowableCollector.java:73)
	at app//org.junit.platform.engine.support.hierarchical.NodeTestTask.lambda$executeRecursively$8(NodeTestTask.java:141)
	at app//org.junit.platform.engine.support.hierarchical.Node.around(Node.java:137)
	at app//org.junit.platform.engine.support.hierarchical.NodeTestTask.lambda$executeRecursively$9(NodeTestTask.java:139)
	at app//org.junit.platform.engine.support.hierarchical.ThrowableCollector.execute(ThrowableCollector.java:73)
	at app//org.junit.platform.engine.support.hierarchical.NodeTestTask.executeRecursively(NodeTestTask.java:138)
	at app//org.junit.platform.engine.support.hierarchical.NodeTestTask.execute(NodeTestTask.java:95)
	at app//org.junit.platform.engine.support.hierarchical.SameThreadHierarchicalTestExecutorService.submit(SameThreadHierarchicalTestExecutorService.java:35)
	at app//org.junit.platform.engine.support.hierarchical.NodeTestTask$DefaultDynamicTestExecutor.execute(NodeTestTask.java:226)
	at app//org.junit.platform.engine.support.hierarchical.NodeTestTask$DefaultDynamicTestExecutor.execute(NodeTestTask.java:204)
	at java.base@11.0.18/java.util.Optional.ifPresent(Optional.java:183)
	at app//org.junit.jupiter.engine.descriptor.TestFactoryTestDescriptor.lambda$invokeTestMethod$1(TestFactoryTestDescriptor.java:108)
	at app//org.junit.platform.engine.support.hierarchical.ThrowableCollector.execute(ThrowableCollector.java:73)
	at app//org.junit.jupiter.engine.descriptor.TestFactoryTestDescriptor.invokeTestMethod(TestFactoryTestDescriptor.java:95)
	at app//org.junit.jupiter.engine.descriptor.TestMethodTestDescriptor.execute(TestMethodTestDescriptor.java:138)
	at app//org.junit.jupiter.engine.descriptor.TestMethodTestDescriptor.execute(TestMethodTestDescriptor.java:68)
	at app//org.junit.platform.engine.support.hierarchical.NodeTestTask.lambda$executeRecursively$6(NodeTestTask.java:151)
	at app//org.junit.platform.engine.support.hierarchical.ThrowableCollector.execute(ThrowableCollector.java:73)
	at app//org.junit.platform.engine.support.hierarchical.NodeTestTask.lambda$executeRecursively$8(NodeTestTask.java:141)
	at app//org.junit.platform.engine.support.hierarchical.Node.around(Node.java:137)
	at app//org.junit.platform.engine.support.hierarchical.NodeTestTask.lambda$executeRecursively$9(NodeTestTask.java:139)
	at app//org.junit.platform.engine.support.hierarchical.ThrowableCollector.execute(ThrowableCollector.java:73)
	at app//org.junit.platform.engine.support.hierarchical.NodeTestTask.executeRecursively(NodeTestTask.java:138)
	at app//org.junit.platform.engine.support.hierarchical.NodeTestTask.execute(NodeTestTask.java:95)
	at java.base@11.0.18/java.util.ArrayList.forEach(ArrayList.java:1541)
	at app//org.junit.platform.engine.support.hierarchical.SameThreadHierarchicalTestExecutorService.invokeAll(SameThreadHierarchicalTestExecutorService.java:41)
	at app//org.junit.platform.engine.support.hierarchical.NodeTestTask.lambda$executeRecursively$6(NodeTestTask.java:155)
	at app//org.junit.platform.engine.support.hierarchical.ThrowableCollector.execute(ThrowableCollector.java:73)
	at app//org.junit.platform.engine.support.hierarchical.NodeTestTask.lambda$executeRecursively$8(NodeTestTask.java:141)
	at app//org.junit.platform.engine.support.hierarchical.Node.around(Node.java:137)
	at app//org.junit.platform.engine.support.hierarchical.NodeTestTask.lambda$executeRecursively$9(NodeTestTask.java:139)
	at app//org.junit.platform.engine.support.hierarchical.ThrowableCollector.execute(ThrowableCollector.java:73)
	at app//org.junit.platform.engine.support.hierarchical.NodeTestTask.executeRecursively(NodeTestTask.java:138)
	at app//org.junit.platform.engine.support.hierarchical.NodeTestTask.execute(NodeTestTask.java:95)
	at java.base@11.0.18/java.util.ArrayList.forEach(ArrayList.java:1541)
	at app//org.junit.platform.engine.support.hierarchical.SameThreadHierarchicalTestExecutorService.invokeAll(SameThreadHierarchicalTestExecutorService.java:41)
	at app//org.junit.platform.engine.support.hierarchical.NodeTestTask.lambda$executeRecursively$6(NodeTestTask.java:155)
	at app//org.junit.platform.engine.support.hierarchical.ThrowableCollector.execute(ThrowableCollector.java:73)
	at app//org.junit.platform.engine.support.hierarchical.NodeTestTask.lambda$executeRecursively$8(NodeTestTask.java:141)
	at app//org.junit.platform.engine.support.hierarchical.Node.around(Node.java:137)
	at app//org.junit.platform.engine.support.hierarchical.NodeTestTask.lambda$executeRecursively$9(NodeTestTask.java:139)
	at app//org.junit.platform.engine.support.hierarchical.ThrowableCollector.execute(ThrowableCollector.java:73)
	at app//org.junit.platform.engine.support.hierarchical.NodeTestTask.executeRecursively(NodeTestTask.java:138)
	at app//org.junit.platform.engine.support.hierarchical.NodeTestTask.execute(NodeTestTask.java:95)
	at app//org.junit.platform.engine.support.hierarchical.SameThreadHierarchicalTestExecutorService.submit(SameThreadHierarchicalTestExecutorService.java:35)
	at app//org.junit.platform.engine.support.hierarchical.HierarchicalTestExecutor.execute(HierarchicalTestExecutor.java:57)
	at app//org.junit.platform.engine.support.hierarchical.HierarchicalTestEngine.execute(HierarchicalTestEngine.java:54)
	at app//org.junit.platform.launcher.core.EngineExecutionOrchestrator.execute(EngineExecutionOrchestrator.java:107)
	at app//org.junit.platform.launcher.core.EngineExecutionOrchestrator.execute(EngineExecutionOrchestrator.java:88)
	at app//org.junit.platform.launcher.core.EngineExecutionOrchestrator.lambda$execute$0(EngineExecutionOrchestrator.java:54)
	at app//org.junit.platform.launcher.core.EngineExecutionOrchestrator.withInterceptedStreams(EngineExecutionOrchestrator.java:67)
	at app//org.junit.platform.launcher.core.EngineExecutionOrchestrator.execute(EngineExecutionOrchestrator.java:52)
	at app//org.junit.platform.launcher.core.DefaultLauncher.execute(DefaultLauncher.java:114)
	at app//org.junit.platform.launcher.core.DefaultLauncher.execute(DefaultLauncher.java:86)
	at app//org.junit.platform.launcher.core.DefaultLauncherSession$DelegatingLauncher.execute(DefaultLauncherSession.java:86)
	at org.gradle.api.internal.tasks.testing.junitplatform.JUnitPlatformTestClassProcessor$CollectAllTestClassesExecutor.processAllTestClasses(JUnitPlatformTestClassProcessor.java:110)
	at org.gradle.api.internal.tasks.testing.junitplatform.JUnitPlatformTestClassProcessor$CollectAllTestClassesExecutor.access$000(JUnitPlatformTestClassProcessor.java:90)
	at org.gradle.api.internal.tasks.testing.junitplatform.JUnitPlatformTestClassProcessor.stop(JUnitPlatformTestClassProcessor.java:85)
	at org.gradle.api.internal.tasks.testing.SuiteTestClassProcessor.stop(SuiteTestClassProcessor.java:62)
	at java.base@11.0.18/jdk.internal.reflect.NativeMethodAccessorImpl.invoke0(Native Method)
	at java.base@11.0.18/jdk.internal.reflect.NativeMethodAccessorImpl.invoke(NativeMethodAccessorImpl.java:62)
	at java.base@11.0.18/jdk.internal.reflect.DelegatingMethodAccessorImpl.invoke(DelegatingMethodAccessorImpl.java:43)
	at java.base@11.0.18/java.lang.reflect.Method.invoke(Method.java:566)
	at org.gradle.internal.dispatch.ReflectionDispatch.dispatch(ReflectionDispatch.java:36)
	at org.gradle.internal.dispatch.ReflectionDispatch.dispatch(ReflectionDispatch.java:24)
	at org.gradle.internal.dispatch.ContextClassLoaderDispatch.dispatch(ContextClassLoaderDispatch.java:33)
	at org.gradle.internal.dispatch.ProxyDispatchAdapter$DispatchingInvocationHandler.invoke(ProxyDispatchAdapter.java:94)
	at com.sun.proxy.$Proxy2.stop(Unknown Source)
	at org.gradle.api.internal.tasks.testing.worker.TestWorker$3.run(TestWorker.java:193)
	at org.gradle.api.internal.tasks.testing.worker.TestWorker.executeAndMaintainThreadName(TestWorker.java:129)
	at org.gradle.api.internal.tasks.testing.worker.TestWorker.execute(TestWorker.java:100)
	at org.gradle.api.internal.tasks.testing.worker.TestWorker.execute(TestWorker.java:60)
	at org.gradle.process.internal.worker.child.ActionExecutionWorker.execute(ActionExecutionWorker.java:56)
	at org.gradle.process.internal.worker.child.SystemApplicationClassLoaderWorker.call(SystemApplicationClassLoaderWorker.java:113)
	at org.gradle.process.internal.worker.child.SystemApplicationClassLoaderWorker.call(SystemApplicationClassLoaderWorker.java:65)
	at app//worker.org.gradle.process.internal.worker.GradleWorkerMain.run(GradleWorkerMain.java:69)
	at app//worker.org.gradle.process.internal.worker.GradleWorkerMain.main(GradleWorkerMain.java:74)
</failure>
  </testcase>
  <testcase name="VSTTE10" classname="de.uka.ilkd.key.proof.runallproofs.RunAllProofsFunctional" time="157.367">
    <failure message="org.opentest4j.AssertionFailedError: Executed process terminated with non-zero exit value. ==&gt; expected: &lt;0&gt; but was: &lt;1&gt;" type="org.opentest4j.AssertionFailedError">org.opentest4j.AssertionFailedError: Executed process terminated with non-zero exit value. ==&gt; expected: &lt;0&gt; but was: &lt;1&gt;
	at app//org.junit.jupiter.api.AssertionFailureBuilder.build(AssertionFailureBuilder.java:151)
	at app//org.junit.jupiter.api.AssertionFailureBuilder.buildAndThrow(AssertionFailureBuilder.java:132)
	at app//org.junit.jupiter.api.AssertEquals.failNotEqual(AssertEquals.java:197)
	at app//org.junit.jupiter.api.AssertEquals.assertEquals(AssertEquals.java:150)
	at app//org.junit.jupiter.api.Assertions.assertEquals(Assertions.java:560)
	at app//de.uka.ilkd.key.proof.runallproofs.proofcollection.ForkedTestFileRunner.processTestFiles(ForkedTestFileRunner.java:130)
	at app//de.uka.ilkd.key.proof.runallproofs.RunAllProofsTestUnit.runTest(RunAllProofsTestUnit.java:89)
	at app//de.uka.ilkd.key.proof.runallproofs.RunAllProofsTest.lambda$data$0(RunAllProofsTest.java:77)
	at app//org.junit.jupiter.engine.descriptor.DynamicTestTestDescriptor.lambda$execute$0(DynamicTestTestDescriptor.java:53)
	at app//org.junit.jupiter.engine.execution.InvocationInterceptorChain$ValidatingInvocation.proceed(InvocationInterceptorChain.java:131)
	at app//org.junit.jupiter.api.extension.InvocationInterceptor.interceptDynamicTest(InvocationInterceptor.java:167)
	at app//org.junit.jupiter.api.extension.InvocationInterceptor.interceptDynamicTest(InvocationInterceptor.java:184)
	at app//org.junit.jupiter.engine.descriptor.DynamicTestTestDescriptor.lambda$execute$1(DynamicTestTestDescriptor.java:61)
	at app//org.junit.jupiter.engine.execution.InvocationInterceptorChain$InterceptorCall.lambda$ofVoid$0(InvocationInterceptorChain.java:78)
	at app//org.junit.jupiter.engine.execution.InvocationInterceptorChain$InterceptedInvocation.proceed(InvocationInterceptorChain.java:106)
	at app//org.junit.jupiter.engine.execution.InvocationInterceptorChain.proceed(InvocationInterceptorChain.java:64)
	at app//org.junit.jupiter.engine.execution.InvocationInterceptorChain.chainAndInvoke(InvocationInterceptorChain.java:45)
	at app//org.junit.jupiter.engine.execution.InvocationInterceptorChain.invoke(InvocationInterceptorChain.java:37)
	at app//org.junit.jupiter.engine.descriptor.DynamicTestTestDescriptor.execute(DynamicTestTestDescriptor.java:60)
	at app//org.junit.jupiter.engine.descriptor.DynamicTestTestDescriptor.execute(DynamicTestTestDescriptor.java:32)
	at app//org.junit.platform.engine.support.hierarchical.NodeTestTask.lambda$executeRecursively$6(NodeTestTask.java:151)
	at app//org.junit.platform.engine.support.hierarchical.ThrowableCollector.execute(ThrowableCollector.java:73)
	at app//org.junit.platform.engine.support.hierarchical.NodeTestTask.lambda$executeRecursively$8(NodeTestTask.java:141)
	at app//org.junit.platform.engine.support.hierarchical.Node.around(Node.java:137)
	at app//org.junit.platform.engine.support.hierarchical.NodeTestTask.lambda$executeRecursively$9(NodeTestTask.java:139)
	at app//org.junit.platform.engine.support.hierarchical.ThrowableCollector.execute(ThrowableCollector.java:73)
	at app//org.junit.platform.engine.support.hierarchical.NodeTestTask.executeRecursively(NodeTestTask.java:138)
	at app//org.junit.platform.engine.support.hierarchical.NodeTestTask.execute(NodeTestTask.java:95)
	at app//org.junit.platform.engine.support.hierarchical.SameThreadHierarchicalTestExecutorService.submit(SameThreadHierarchicalTestExecutorService.java:35)
	at app//org.junit.platform.engine.support.hierarchical.NodeTestTask$DefaultDynamicTestExecutor.execute(NodeTestTask.java:226)
	at app//org.junit.platform.engine.support.hierarchical.NodeTestTask$DefaultDynamicTestExecutor.execute(NodeTestTask.java:204)
	at java.base@11.0.18/java.util.Optional.ifPresent(Optional.java:183)
	at app//org.junit.jupiter.engine.descriptor.TestFactoryTestDescriptor.lambda$invokeTestMethod$1(TestFactoryTestDescriptor.java:108)
	at app//org.junit.platform.engine.support.hierarchical.ThrowableCollector.execute(ThrowableCollector.java:73)
	at app//org.junit.jupiter.engine.descriptor.TestFactoryTestDescriptor.invokeTestMethod(TestFactoryTestDescriptor.java:95)
	at app//org.junit.jupiter.engine.descriptor.TestMethodTestDescriptor.execute(TestMethodTestDescriptor.java:138)
	at app//org.junit.jupiter.engine.descriptor.TestMethodTestDescriptor.execute(TestMethodTestDescriptor.java:68)
	at app//org.junit.platform.engine.support.hierarchical.NodeTestTask.lambda$executeRecursively$6(NodeTestTask.java:151)
	at app//org.junit.platform.engine.support.hierarchical.ThrowableCollector.execute(ThrowableCollector.java:73)
	at app//org.junit.platform.engine.support.hierarchical.NodeTestTask.lambda$executeRecursively$8(NodeTestTask.java:141)
	at app//org.junit.platform.engine.support.hierarchical.Node.around(Node.java:137)
	at app//org.junit.platform.engine.support.hierarchical.NodeTestTask.lambda$executeRecursively$9(NodeTestTask.java:139)
	at app//org.junit.platform.engine.support.hierarchical.ThrowableCollector.execute(ThrowableCollector.java:73)
	at app//org.junit.platform.engine.support.hierarchical.NodeTestTask.executeRecursively(NodeTestTask.java:138)
	at app//org.junit.platform.engine.support.hierarchical.NodeTestTask.execute(NodeTestTask.java:95)
	at java.base@11.0.18/java.util.ArrayList.forEach(ArrayList.java:1541)
	at app//org.junit.platform.engine.support.hierarchical.SameThreadHierarchicalTestExecutorService.invokeAll(SameThreadHierarchicalTestExecutorService.java:41)
	at app//org.junit.platform.engine.support.hierarchical.NodeTestTask.lambda$executeRecursively$6(NodeTestTask.java:155)
	at app//org.junit.platform.engine.support.hierarchical.ThrowableCollector.execute(ThrowableCollector.java:73)
	at app//org.junit.platform.engine.support.hierarchical.NodeTestTask.lambda$executeRecursively$8(NodeTestTask.java:141)
	at app//org.junit.platform.engine.support.hierarchical.Node.around(Node.java:137)
	at app//org.junit.platform.engine.support.hierarchical.NodeTestTask.lambda$executeRecursively$9(NodeTestTask.java:139)
	at app//org.junit.platform.engine.support.hierarchical.ThrowableCollector.execute(ThrowableCollector.java:73)
	at app//org.junit.platform.engine.support.hierarchical.NodeTestTask.executeRecursively(NodeTestTask.java:138)
	at app//org.junit.platform.engine.support.hierarchical.NodeTestTask.execute(NodeTestTask.java:95)
	at java.base@11.0.18/java.util.ArrayList.forEach(ArrayList.java:1541)
	at app//org.junit.platform.engine.support.hierarchical.SameThreadHierarchicalTestExecutorService.invokeAll(SameThreadHierarchicalTestExecutorService.java:41)
	at app//org.junit.platform.engine.support.hierarchical.NodeTestTask.lambda$executeRecursively$6(NodeTestTask.java:155)
	at app//org.junit.platform.engine.support.hierarchical.ThrowableCollector.execute(ThrowableCollector.java:73)
	at app//org.junit.platform.engine.support.hierarchical.NodeTestTask.lambda$executeRecursively$8(NodeTestTask.java:141)
	at app//org.junit.platform.engine.support.hierarchical.Node.around(Node.java:137)
	at app//org.junit.platform.engine.support.hierarchical.NodeTestTask.lambda$executeRecursively$9(NodeTestTask.java:139)
	at app//org.junit.platform.engine.support.hierarchical.ThrowableCollector.execute(ThrowableCollector.java:73)
	at app//org.junit.platform.engine.support.hierarchical.NodeTestTask.executeRecursively(NodeTestTask.java:138)
	at app//org.junit.platform.engine.support.hierarchical.NodeTestTask.execute(NodeTestTask.java:95)
	at app//org.junit.platform.engine.support.hierarchical.SameThreadHierarchicalTestExecutorService.submit(SameThreadHierarchicalTestExecutorService.java:35)
	at app//org.junit.platform.engine.support.hierarchical.HierarchicalTestExecutor.execute(HierarchicalTestExecutor.java:57)
	at app//org.junit.platform.engine.support.hierarchical.HierarchicalTestEngine.execute(HierarchicalTestEngine.java:54)
	at app//org.junit.platform.launcher.core.EngineExecutionOrchestrator.execute(EngineExecutionOrchestrator.java:107)
	at app//org.junit.platform.launcher.core.EngineExecutionOrchestrator.execute(EngineExecutionOrchestrator.java:88)
	at app//org.junit.platform.launcher.core.EngineExecutionOrchestrator.lambda$execute$0(EngineExecutionOrchestrator.java:54)
	at app//org.junit.platform.launcher.core.EngineExecutionOrchestrator.withInterceptedStreams(EngineExecutionOrchestrator.java:67)
	at app//org.junit.platform.launcher.core.EngineExecutionOrchestrator.execute(EngineExecutionOrchestrator.java:52)
	at app//org.junit.platform.launcher.core.DefaultLauncher.execute(DefaultLauncher.java:114)
	at app//org.junit.platform.launcher.core.DefaultLauncher.execute(DefaultLauncher.java:86)
	at app//org.junit.platform.launcher.core.DefaultLauncherSession$DelegatingLauncher.execute(DefaultLauncherSession.java:86)
	at org.gradle.api.internal.tasks.testing.junitplatform.JUnitPlatformTestClassProcessor$CollectAllTestClassesExecutor.processAllTestClasses(JUnitPlatformTestClassProcessor.java:110)
	at org.gradle.api.internal.tasks.testing.junitplatform.JUnitPlatformTestClassProcessor$CollectAllTestClassesExecutor.access$000(JUnitPlatformTestClassProcessor.java:90)
	at org.gradle.api.internal.tasks.testing.junitplatform.JUnitPlatformTestClassProcessor.stop(JUnitPlatformTestClassProcessor.java:85)
	at org.gradle.api.internal.tasks.testing.SuiteTestClassProcessor.stop(SuiteTestClassProcessor.java:62)
	at java.base@11.0.18/jdk.internal.reflect.NativeMethodAccessorImpl.invoke0(Native Method)
	at java.base@11.0.18/jdk.internal.reflect.NativeMethodAccessorImpl.invoke(NativeMethodAccessorImpl.java:62)
	at java.base@11.0.18/jdk.internal.reflect.DelegatingMethodAccessorImpl.invoke(DelegatingMethodAccessorImpl.java:43)
	at java.base@11.0.18/java.lang.reflect.Method.invoke(Method.java:566)
	at org.gradle.internal.dispatch.ReflectionDispatch.dispatch(ReflectionDispatch.java:36)
	at org.gradle.internal.dispatch.ReflectionDispatch.dispatch(ReflectionDispatch.java:24)
	at org.gradle.internal.dispatch.ContextClassLoaderDispatch.dispatch(ContextClassLoaderDispatch.java:33)
	at org.gradle.internal.dispatch.ProxyDispatchAdapter$DispatchingInvocationHandler.invoke(ProxyDispatchAdapter.java:94)
	at com.sun.proxy.$Proxy2.stop(Unknown Source)
	at org.gradle.api.internal.tasks.testing.worker.TestWorker$3.run(TestWorker.java:193)
	at org.gradle.api.internal.tasks.testing.worker.TestWorker.executeAndMaintainThreadName(TestWorker.java:129)
	at org.gradle.api.internal.tasks.testing.worker.TestWorker.execute(TestWorker.java:100)
	at org.gradle.api.internal.tasks.testing.worker.TestWorker.execute(TestWorker.java:60)
	at org.gradle.process.internal.worker.child.ActionExecutionWorker.execute(ActionExecutionWorker.java:56)
	at org.gradle.process.internal.worker.child.SystemApplicationClassLoaderWorker.call(SystemApplicationClassLoaderWorker.java:113)
	at org.gradle.process.internal.worker.child.SystemApplicationClassLoaderWorker.call(SystemApplicationClassLoaderWorker.java:65)
	at app//worker.org.gradle.process.internal.worker.GradleWorkerMain.run(GradleWorkerMain.java:69)
	at app//worker.org.gradle.process.internal.worker.GradleWorkerMain.main(GradleWorkerMain.java:74)
</failure>
  </testcase>
  <testcase name="WeideEtAl" classname="de.uka.ilkd.key.proof.runallproofs.RunAllProofsFunctional" time="26.992">
    <failure message="org.opentest4j.AssertionFailedError: Executed process terminated with non-zero exit value. ==&gt; expected: &lt;0&gt; but was: &lt;1&gt;" type="org.opentest4j.AssertionFailedError">org.opentest4j.AssertionFailedError: Executed process terminated with non-zero exit value. ==&gt; expected: &lt;0&gt; but was: &lt;1&gt;
	at app//org.junit.jupiter.api.AssertionFailureBuilder.build(AssertionFailureBuilder.java:151)
	at app//org.junit.jupiter.api.AssertionFailureBuilder.buildAndThrow(AssertionFailureBuilder.java:132)
	at app//org.junit.jupiter.api.AssertEquals.failNotEqual(AssertEquals.java:197)
	at app//org.junit.jupiter.api.AssertEquals.assertEquals(AssertEquals.java:150)
	at app//org.junit.jupiter.api.Assertions.assertEquals(Assertions.java:560)
	at app//de.uka.ilkd.key.proof.runallproofs.proofcollection.ForkedTestFileRunner.processTestFiles(ForkedTestFileRunner.java:130)
	at app//de.uka.ilkd.key.proof.runallproofs.RunAllProofsTestUnit.runTest(RunAllProofsTestUnit.java:89)
	at app//de.uka.ilkd.key.proof.runallproofs.RunAllProofsTest.lambda$data$0(RunAllProofsTest.java:77)
	at app//org.junit.jupiter.engine.descriptor.DynamicTestTestDescriptor.lambda$execute$0(DynamicTestTestDescriptor.java:53)
	at app//org.junit.jupiter.engine.execution.InvocationInterceptorChain$ValidatingInvocation.proceed(InvocationInterceptorChain.java:131)
	at app//org.junit.jupiter.api.extension.InvocationInterceptor.interceptDynamicTest(InvocationInterceptor.java:167)
	at app//org.junit.jupiter.api.extension.InvocationInterceptor.interceptDynamicTest(InvocationInterceptor.java:184)
	at app//org.junit.jupiter.engine.descriptor.DynamicTestTestDescriptor.lambda$execute$1(DynamicTestTestDescriptor.java:61)
	at app//org.junit.jupiter.engine.execution.InvocationInterceptorChain$InterceptorCall.lambda$ofVoid$0(InvocationInterceptorChain.java:78)
	at app//org.junit.jupiter.engine.execution.InvocationInterceptorChain$InterceptedInvocation.proceed(InvocationInterceptorChain.java:106)
	at app//org.junit.jupiter.engine.execution.InvocationInterceptorChain.proceed(InvocationInterceptorChain.java:64)
	at app//org.junit.jupiter.engine.execution.InvocationInterceptorChain.chainAndInvoke(InvocationInterceptorChain.java:45)
	at app//org.junit.jupiter.engine.execution.InvocationInterceptorChain.invoke(InvocationInterceptorChain.java:37)
	at app//org.junit.jupiter.engine.descriptor.DynamicTestTestDescriptor.execute(DynamicTestTestDescriptor.java:60)
	at app//org.junit.jupiter.engine.descriptor.DynamicTestTestDescriptor.execute(DynamicTestTestDescriptor.java:32)
	at app//org.junit.platform.engine.support.hierarchical.NodeTestTask.lambda$executeRecursively$6(NodeTestTask.java:151)
	at app//org.junit.platform.engine.support.hierarchical.ThrowableCollector.execute(ThrowableCollector.java:73)
	at app//org.junit.platform.engine.support.hierarchical.NodeTestTask.lambda$executeRecursively$8(NodeTestTask.java:141)
	at app//org.junit.platform.engine.support.hierarchical.Node.around(Node.java:137)
	at app//org.junit.platform.engine.support.hierarchical.NodeTestTask.lambda$executeRecursively$9(NodeTestTask.java:139)
	at app//org.junit.platform.engine.support.hierarchical.ThrowableCollector.execute(ThrowableCollector.java:73)
	at app//org.junit.platform.engine.support.hierarchical.NodeTestTask.executeRecursively(NodeTestTask.java:138)
	at app//org.junit.platform.engine.support.hierarchical.NodeTestTask.execute(NodeTestTask.java:95)
	at app//org.junit.platform.engine.support.hierarchical.SameThreadHierarchicalTestExecutorService.submit(SameThreadHierarchicalTestExecutorService.java:35)
	at app//org.junit.platform.engine.support.hierarchical.NodeTestTask$DefaultDynamicTestExecutor.execute(NodeTestTask.java:226)
	at app//org.junit.platform.engine.support.hierarchical.NodeTestTask$DefaultDynamicTestExecutor.execute(NodeTestTask.java:204)
	at java.base@11.0.18/java.util.Optional.ifPresent(Optional.java:183)
	at app//org.junit.jupiter.engine.descriptor.TestFactoryTestDescriptor.lambda$invokeTestMethod$1(TestFactoryTestDescriptor.java:108)
	at app//org.junit.platform.engine.support.hierarchical.ThrowableCollector.execute(ThrowableCollector.java:73)
	at app//org.junit.jupiter.engine.descriptor.TestFactoryTestDescriptor.invokeTestMethod(TestFactoryTestDescriptor.java:95)
	at app//org.junit.jupiter.engine.descriptor.TestMethodTestDescriptor.execute(TestMethodTestDescriptor.java:138)
	at app//org.junit.jupiter.engine.descriptor.TestMethodTestDescriptor.execute(TestMethodTestDescriptor.java:68)
	at app//org.junit.platform.engine.support.hierarchical.NodeTestTask.lambda$executeRecursively$6(NodeTestTask.java:151)
	at app//org.junit.platform.engine.support.hierarchical.ThrowableCollector.execute(ThrowableCollector.java:73)
	at app//org.junit.platform.engine.support.hierarchical.NodeTestTask.lambda$executeRecursively$8(NodeTestTask.java:141)
	at app//org.junit.platform.engine.support.hierarchical.Node.around(Node.java:137)
	at app//org.junit.platform.engine.support.hierarchical.NodeTestTask.lambda$executeRecursively$9(NodeTestTask.java:139)
	at app//org.junit.platform.engine.support.hierarchical.ThrowableCollector.execute(ThrowableCollector.java:73)
	at app//org.junit.platform.engine.support.hierarchical.NodeTestTask.executeRecursively(NodeTestTask.java:138)
	at app//org.junit.platform.engine.support.hierarchical.NodeTestTask.execute(NodeTestTask.java:95)
	at java.base@11.0.18/java.util.ArrayList.forEach(ArrayList.java:1541)
	at app//org.junit.platform.engine.support.hierarchical.SameThreadHierarchicalTestExecutorService.invokeAll(SameThreadHierarchicalTestExecutorService.java:41)
	at app//org.junit.platform.engine.support.hierarchical.NodeTestTask.lambda$executeRecursively$6(NodeTestTask.java:155)
	at app//org.junit.platform.engine.support.hierarchical.ThrowableCollector.execute(ThrowableCollector.java:73)
	at app//org.junit.platform.engine.support.hierarchical.NodeTestTask.lambda$executeRecursively$8(NodeTestTask.java:141)
	at app//org.junit.platform.engine.support.hierarchical.Node.around(Node.java:137)
	at app//org.junit.platform.engine.support.hierarchical.NodeTestTask.lambda$executeRecursively$9(NodeTestTask.java:139)
	at app//org.junit.platform.engine.support.hierarchical.ThrowableCollector.execute(ThrowableCollector.java:73)
	at app//org.junit.platform.engine.support.hierarchical.NodeTestTask.executeRecursively(NodeTestTask.java:138)
	at app//org.junit.platform.engine.support.hierarchical.NodeTestTask.execute(NodeTestTask.java:95)
	at java.base@11.0.18/java.util.ArrayList.forEach(ArrayList.java:1541)
	at app//org.junit.platform.engine.support.hierarchical.SameThreadHierarchicalTestExecutorService.invokeAll(SameThreadHierarchicalTestExecutorService.java:41)
	at app//org.junit.platform.engine.support.hierarchical.NodeTestTask.lambda$executeRecursively$6(NodeTestTask.java:155)
	at app//org.junit.platform.engine.support.hierarchical.ThrowableCollector.execute(ThrowableCollector.java:73)
	at app//org.junit.platform.engine.support.hierarchical.NodeTestTask.lambda$executeRecursively$8(NodeTestTask.java:141)
	at app//org.junit.platform.engine.support.hierarchical.Node.around(Node.java:137)
	at app//org.junit.platform.engine.support.hierarchical.NodeTestTask.lambda$executeRecursively$9(NodeTestTask.java:139)
	at app//org.junit.platform.engine.support.hierarchical.ThrowableCollector.execute(ThrowableCollector.java:73)
	at app//org.junit.platform.engine.support.hierarchical.NodeTestTask.executeRecursively(NodeTestTask.java:138)
	at app//org.junit.platform.engine.support.hierarchical.NodeTestTask.execute(NodeTestTask.java:95)
	at app//org.junit.platform.engine.support.hierarchical.SameThreadHierarchicalTestExecutorService.submit(SameThreadHierarchicalTestExecutorService.java:35)
	at app//org.junit.platform.engine.support.hierarchical.HierarchicalTestExecutor.execute(HierarchicalTestExecutor.java:57)
	at app//org.junit.platform.engine.support.hierarchical.HierarchicalTestEngine.execute(HierarchicalTestEngine.java:54)
	at app//org.junit.platform.launcher.core.EngineExecutionOrchestrator.execute(EngineExecutionOrchestrator.java:107)
	at app//org.junit.platform.launcher.core.EngineExecutionOrchestrator.execute(EngineExecutionOrchestrator.java:88)
	at app//org.junit.platform.launcher.core.EngineExecutionOrchestrator.lambda$execute$0(EngineExecutionOrchestrator.java:54)
	at app//org.junit.platform.launcher.core.EngineExecutionOrchestrator.withInterceptedStreams(EngineExecutionOrchestrator.java:67)
	at app//org.junit.platform.launcher.core.EngineExecutionOrchestrator.execute(EngineExecutionOrchestrator.java:52)
	at app//org.junit.platform.launcher.core.DefaultLauncher.execute(DefaultLauncher.java:114)
	at app//org.junit.platform.launcher.core.DefaultLauncher.execute(DefaultLauncher.java:86)
	at app//org.junit.platform.launcher.core.DefaultLauncherSession$DelegatingLauncher.execute(DefaultLauncherSession.java:86)
	at org.gradle.api.internal.tasks.testing.junitplatform.JUnitPlatformTestClassProcessor$CollectAllTestClassesExecutor.processAllTestClasses(JUnitPlatformTestClassProcessor.java:110)
	at org.gradle.api.internal.tasks.testing.junitplatform.JUnitPlatformTestClassProcessor$CollectAllTestClassesExecutor.access$000(JUnitPlatformTestClassProcessor.java:90)
	at org.gradle.api.internal.tasks.testing.junitplatform.JUnitPlatformTestClassProcessor.stop(JUnitPlatformTestClassProcessor.java:85)
	at org.gradle.api.internal.tasks.testing.SuiteTestClassProcessor.stop(SuiteTestClassProcessor.java:62)
	at java.base@11.0.18/jdk.internal.reflect.NativeMethodAccessorImpl.invoke0(Native Method)
	at java.base@11.0.18/jdk.internal.reflect.NativeMethodAccessorImpl.invoke(NativeMethodAccessorImpl.java:62)
	at java.base@11.0.18/jdk.internal.reflect.DelegatingMethodAccessorImpl.invoke(DelegatingMethodAccessorImpl.java:43)
	at java.base@11.0.18/java.lang.reflect.Method.invoke(Method.java:566)
	at org.gradle.internal.dispatch.ReflectionDispatch.dispatch(ReflectionDispatch.java:36)
	at org.gradle.internal.dispatch.ReflectionDispatch.dispatch(ReflectionDispatch.java:24)
	at org.gradle.internal.dispatch.ContextClassLoaderDispatch.dispatch(ContextClassLoaderDispatch.java:33)
	at org.gradle.internal.dispatch.ProxyDispatchAdapter$DispatchingInvocationHandler.invoke(ProxyDispatchAdapter.java:94)
	at com.sun.proxy.$Proxy2.stop(Unknown Source)
	at org.gradle.api.internal.tasks.testing.worker.TestWorker$3.run(TestWorker.java:193)
	at org.gradle.api.internal.tasks.testing.worker.TestWorker.executeAndMaintainThreadName(TestWorker.java:129)
	at org.gradle.api.internal.tasks.testing.worker.TestWorker.execute(TestWorker.java:100)
	at org.gradle.api.internal.tasks.testing.worker.TestWorker.execute(TestWorker.java:60)
	at org.gradle.process.internal.worker.child.ActionExecutionWorker.execute(ActionExecutionWorker.java:56)
	at org.gradle.process.internal.worker.child.SystemApplicationClassLoaderWorker.call(SystemApplicationClassLoaderWorker.java:113)
	at org.gradle.process.internal.worker.child.SystemApplicationClassLoaderWorker.call(SystemApplicationClassLoaderWorker.java:65)
	at app//worker.org.gradle.process.internal.worker.GradleWorkerMain.run(GradleWorkerMain.java:69)
	at app//worker.org.gradle.process.internal.worker.GradleWorkerMain.main(GradleWorkerMain.java:74)
</failure>
  </testcase>
  <testcase name="arithmetic" classname="de.uka.ilkd.key.proof.runallproofs.RunAllProofsFunctional" time="465.259">
    <failure message="org.opentest4j.AssertionFailedError: Executed process terminated with non-zero exit value. ==&gt; expected: &lt;0&gt; but was: &lt;1&gt;" type="org.opentest4j.AssertionFailedError">org.opentest4j.AssertionFailedError: Executed process terminated with non-zero exit value. ==&gt; expected: &lt;0&gt; but was: &lt;1&gt;
	at app//org.junit.jupiter.api.AssertionFailureBuilder.build(AssertionFailureBuilder.java:151)
	at app//org.junit.jupiter.api.AssertionFailureBuilder.buildAndThrow(AssertionFailureBuilder.java:132)
	at app//org.junit.jupiter.api.AssertEquals.failNotEqual(AssertEquals.java:197)
	at app//org.junit.jupiter.api.AssertEquals.assertEquals(AssertEquals.java:150)
	at app//org.junit.jupiter.api.Assertions.assertEquals(Assertions.java:560)
	at app//de.uka.ilkd.key.proof.runallproofs.proofcollection.ForkedTestFileRunner.processTestFiles(ForkedTestFileRunner.java:130)
	at app//de.uka.ilkd.key.proof.runallproofs.RunAllProofsTestUnit.runTest(RunAllProofsTestUnit.java:89)
	at app//de.uka.ilkd.key.proof.runallproofs.RunAllProofsTest.lambda$data$0(RunAllProofsTest.java:77)
	at app//org.junit.jupiter.engine.descriptor.DynamicTestTestDescriptor.lambda$execute$0(DynamicTestTestDescriptor.java:53)
	at app//org.junit.jupiter.engine.execution.InvocationInterceptorChain$ValidatingInvocation.proceed(InvocationInterceptorChain.java:131)
	at app//org.junit.jupiter.api.extension.InvocationInterceptor.interceptDynamicTest(InvocationInterceptor.java:167)
	at app//org.junit.jupiter.api.extension.InvocationInterceptor.interceptDynamicTest(InvocationInterceptor.java:184)
	at app//org.junit.jupiter.engine.descriptor.DynamicTestTestDescriptor.lambda$execute$1(DynamicTestTestDescriptor.java:61)
	at app//org.junit.jupiter.engine.execution.InvocationInterceptorChain$InterceptorCall.lambda$ofVoid$0(InvocationInterceptorChain.java:78)
	at app//org.junit.jupiter.engine.execution.InvocationInterceptorChain$InterceptedInvocation.proceed(InvocationInterceptorChain.java:106)
	at app//org.junit.jupiter.engine.execution.InvocationInterceptorChain.proceed(InvocationInterceptorChain.java:64)
	at app//org.junit.jupiter.engine.execution.InvocationInterceptorChain.chainAndInvoke(InvocationInterceptorChain.java:45)
	at app//org.junit.jupiter.engine.execution.InvocationInterceptorChain.invoke(InvocationInterceptorChain.java:37)
	at app//org.junit.jupiter.engine.descriptor.DynamicTestTestDescriptor.execute(DynamicTestTestDescriptor.java:60)
	at app//org.junit.jupiter.engine.descriptor.DynamicTestTestDescriptor.execute(DynamicTestTestDescriptor.java:32)
	at app//org.junit.platform.engine.support.hierarchical.NodeTestTask.lambda$executeRecursively$6(NodeTestTask.java:151)
	at app//org.junit.platform.engine.support.hierarchical.ThrowableCollector.execute(ThrowableCollector.java:73)
	at app//org.junit.platform.engine.support.hierarchical.NodeTestTask.lambda$executeRecursively$8(NodeTestTask.java:141)
	at app//org.junit.platform.engine.support.hierarchical.Node.around(Node.java:137)
	at app//org.junit.platform.engine.support.hierarchical.NodeTestTask.lambda$executeRecursively$9(NodeTestTask.java:139)
	at app//org.junit.platform.engine.support.hierarchical.ThrowableCollector.execute(ThrowableCollector.java:73)
	at app//org.junit.platform.engine.support.hierarchical.NodeTestTask.executeRecursively(NodeTestTask.java:138)
	at app//org.junit.platform.engine.support.hierarchical.NodeTestTask.execute(NodeTestTask.java:95)
	at app//org.junit.platform.engine.support.hierarchical.SameThreadHierarchicalTestExecutorService.submit(SameThreadHierarchicalTestExecutorService.java:35)
	at app//org.junit.platform.engine.support.hierarchical.NodeTestTask$DefaultDynamicTestExecutor.execute(NodeTestTask.java:226)
	at app//org.junit.platform.engine.support.hierarchical.NodeTestTask$DefaultDynamicTestExecutor.execute(NodeTestTask.java:204)
	at java.base@11.0.18/java.util.Optional.ifPresent(Optional.java:183)
	at app//org.junit.jupiter.engine.descriptor.TestFactoryTestDescriptor.lambda$invokeTestMethod$1(TestFactoryTestDescriptor.java:108)
	at app//org.junit.platform.engine.support.hierarchical.ThrowableCollector.execute(ThrowableCollector.java:73)
	at app//org.junit.jupiter.engine.descriptor.TestFactoryTestDescriptor.invokeTestMethod(TestFactoryTestDescriptor.java:95)
	at app//org.junit.jupiter.engine.descriptor.TestMethodTestDescriptor.execute(TestMethodTestDescriptor.java:138)
	at app//org.junit.jupiter.engine.descriptor.TestMethodTestDescriptor.execute(TestMethodTestDescriptor.java:68)
	at app//org.junit.platform.engine.support.hierarchical.NodeTestTask.lambda$executeRecursively$6(NodeTestTask.java:151)
	at app//org.junit.platform.engine.support.hierarchical.ThrowableCollector.execute(ThrowableCollector.java:73)
	at app//org.junit.platform.engine.support.hierarchical.NodeTestTask.lambda$executeRecursively$8(NodeTestTask.java:141)
	at app//org.junit.platform.engine.support.hierarchical.Node.around(Node.java:137)
	at app//org.junit.platform.engine.support.hierarchical.NodeTestTask.lambda$executeRecursively$9(NodeTestTask.java:139)
	at app//org.junit.platform.engine.support.hierarchical.ThrowableCollector.execute(ThrowableCollector.java:73)
	at app//org.junit.platform.engine.support.hierarchical.NodeTestTask.executeRecursively(NodeTestTask.java:138)
	at app//org.junit.platform.engine.support.hierarchical.NodeTestTask.execute(NodeTestTask.java:95)
	at java.base@11.0.18/java.util.ArrayList.forEach(ArrayList.java:1541)
	at app//org.junit.platform.engine.support.hierarchical.SameThreadHierarchicalTestExecutorService.invokeAll(SameThreadHierarchicalTestExecutorService.java:41)
	at app//org.junit.platform.engine.support.hierarchical.NodeTestTask.lambda$executeRecursively$6(NodeTestTask.java:155)
	at app//org.junit.platform.engine.support.hierarchical.ThrowableCollector.execute(ThrowableCollector.java:73)
	at app//org.junit.platform.engine.support.hierarchical.NodeTestTask.lambda$executeRecursively$8(NodeTestTask.java:141)
	at app//org.junit.platform.engine.support.hierarchical.Node.around(Node.java:137)
	at app//org.junit.platform.engine.support.hierarchical.NodeTestTask.lambda$executeRecursively$9(NodeTestTask.java:139)
	at app//org.junit.platform.engine.support.hierarchical.ThrowableCollector.execute(ThrowableCollector.java:73)
	at app//org.junit.platform.engine.support.hierarchical.NodeTestTask.executeRecursively(NodeTestTask.java:138)
	at app//org.junit.platform.engine.support.hierarchical.NodeTestTask.execute(NodeTestTask.java:95)
	at java.base@11.0.18/java.util.ArrayList.forEach(ArrayList.java:1541)
	at app//org.junit.platform.engine.support.hierarchical.SameThreadHierarchicalTestExecutorService.invokeAll(SameThreadHierarchicalTestExecutorService.java:41)
	at app//org.junit.platform.engine.support.hierarchical.NodeTestTask.lambda$executeRecursively$6(NodeTestTask.java:155)
	at app//org.junit.platform.engine.support.hierarchical.ThrowableCollector.execute(ThrowableCollector.java:73)
	at app//org.junit.platform.engine.support.hierarchical.NodeTestTask.lambda$executeRecursively$8(NodeTestTask.java:141)
	at app//org.junit.platform.engine.support.hierarchical.Node.around(Node.java:137)
	at app//org.junit.platform.engine.support.hierarchical.NodeTestTask.lambda$executeRecursively$9(NodeTestTask.java:139)
	at app//org.junit.platform.engine.support.hierarchical.ThrowableCollector.execute(ThrowableCollector.java:73)
	at app//org.junit.platform.engine.support.hierarchical.NodeTestTask.executeRecursively(NodeTestTask.java:138)
	at app//org.junit.platform.engine.support.hierarchical.NodeTestTask.execute(NodeTestTask.java:95)
	at app//org.junit.platform.engine.support.hierarchical.SameThreadHierarchicalTestExecutorService.submit(SameThreadHierarchicalTestExecutorService.java:35)
	at app//org.junit.platform.engine.support.hierarchical.HierarchicalTestExecutor.execute(HierarchicalTestExecutor.java:57)
	at app//org.junit.platform.engine.support.hierarchical.HierarchicalTestEngine.execute(HierarchicalTestEngine.java:54)
	at app//org.junit.platform.launcher.core.EngineExecutionOrchestrator.execute(EngineExecutionOrchestrator.java:107)
	at app//org.junit.platform.launcher.core.EngineExecutionOrchestrator.execute(EngineExecutionOrchestrator.java:88)
	at app//org.junit.platform.launcher.core.EngineExecutionOrchestrator.lambda$execute$0(EngineExecutionOrchestrator.java:54)
	at app//org.junit.platform.launcher.core.EngineExecutionOrchestrator.withInterceptedStreams(EngineExecutionOrchestrator.java:67)
	at app//org.junit.platform.launcher.core.EngineExecutionOrchestrator.execute(EngineExecutionOrchestrator.java:52)
	at app//org.junit.platform.launcher.core.DefaultLauncher.execute(DefaultLauncher.java:114)
	at app//org.junit.platform.launcher.core.DefaultLauncher.execute(DefaultLauncher.java:86)
	at app//org.junit.platform.launcher.core.DefaultLauncherSession$DelegatingLauncher.execute(DefaultLauncherSession.java:86)
	at org.gradle.api.internal.tasks.testing.junitplatform.JUnitPlatformTestClassProcessor$CollectAllTestClassesExecutor.processAllTestClasses(JUnitPlatformTestClassProcessor.java:110)
	at org.gradle.api.internal.tasks.testing.junitplatform.JUnitPlatformTestClassProcessor$CollectAllTestClassesExecutor.access$000(JUnitPlatformTestClassProcessor.java:90)
	at org.gradle.api.internal.tasks.testing.junitplatform.JUnitPlatformTestClassProcessor.stop(JUnitPlatformTestClassProcessor.java:85)
	at org.gradle.api.internal.tasks.testing.SuiteTestClassProcessor.stop(SuiteTestClassProcessor.java:62)
	at java.base@11.0.18/jdk.internal.reflect.NativeMethodAccessorImpl.invoke0(Native Method)
	at java.base@11.0.18/jdk.internal.reflect.NativeMethodAccessorImpl.invoke(NativeMethodAccessorImpl.java:62)
	at java.base@11.0.18/jdk.internal.reflect.DelegatingMethodAccessorImpl.invoke(DelegatingMethodAccessorImpl.java:43)
	at java.base@11.0.18/java.lang.reflect.Method.invoke(Method.java:566)
	at org.gradle.internal.dispatch.ReflectionDispatch.dispatch(ReflectionDispatch.java:36)
	at org.gradle.internal.dispatch.ReflectionDispatch.dispatch(ReflectionDispatch.java:24)
	at org.gradle.internal.dispatch.ContextClassLoaderDispatch.dispatch(ContextClassLoaderDispatch.java:33)
	at org.gradle.internal.dispatch.ProxyDispatchAdapter$DispatchingInvocationHandler.invoke(ProxyDispatchAdapter.java:94)
	at com.sun.proxy.$Proxy2.stop(Unknown Source)
	at org.gradle.api.internal.tasks.testing.worker.TestWorker$3.run(TestWorker.java:193)
	at org.gradle.api.internal.tasks.testing.worker.TestWorker.executeAndMaintainThreadName(TestWorker.java:129)
	at org.gradle.api.internal.tasks.testing.worker.TestWorker.execute(TestWorker.java:100)
	at org.gradle.api.internal.tasks.testing.worker.TestWorker.execute(TestWorker.java:60)
	at org.gradle.process.internal.worker.child.ActionExecutionWorker.execute(ActionExecutionWorker.java:56)
	at org.gradle.process.internal.worker.child.SystemApplicationClassLoaderWorker.call(SystemApplicationClassLoaderWorker.java:113)
	at org.gradle.process.internal.worker.child.SystemApplicationClassLoaderWorker.call(SystemApplicationClassLoaderWorker.java:65)
	at app//worker.org.gradle.process.internal.worker.GradleWorkerMain.run(GradleWorkerMain.java:69)
	at app//worker.org.gradle.process.internal.worker.GradleWorkerMain.main(GradleWorkerMain.java:74)
</failure>
  </testcase>
  <testcase name="arrays" classname="de.uka.ilkd.key.proof.runallproofs.RunAllProofsFunctional" time="52.764">
    <failure message="org.opentest4j.AssertionFailedError: Executed process terminated with non-zero exit value. ==&gt; expected: &lt;0&gt; but was: &lt;1&gt;" type="org.opentest4j.AssertionFailedError">org.opentest4j.AssertionFailedError: Executed process terminated with non-zero exit value. ==&gt; expected: &lt;0&gt; but was: &lt;1&gt;
	at app//org.junit.jupiter.api.AssertionFailureBuilder.build(AssertionFailureBuilder.java:151)
	at app//org.junit.jupiter.api.AssertionFailureBuilder.buildAndThrow(AssertionFailureBuilder.java:132)
	at app//org.junit.jupiter.api.AssertEquals.failNotEqual(AssertEquals.java:197)
	at app//org.junit.jupiter.api.AssertEquals.assertEquals(AssertEquals.java:150)
	at app//org.junit.jupiter.api.Assertions.assertEquals(Assertions.java:560)
	at app//de.uka.ilkd.key.proof.runallproofs.proofcollection.ForkedTestFileRunner.processTestFiles(ForkedTestFileRunner.java:130)
	at app//de.uka.ilkd.key.proof.runallproofs.RunAllProofsTestUnit.runTest(RunAllProofsTestUnit.java:89)
	at app//de.uka.ilkd.key.proof.runallproofs.RunAllProofsTest.lambda$data$0(RunAllProofsTest.java:77)
	at app//org.junit.jupiter.engine.descriptor.DynamicTestTestDescriptor.lambda$execute$0(DynamicTestTestDescriptor.java:53)
	at app//org.junit.jupiter.engine.execution.InvocationInterceptorChain$ValidatingInvocation.proceed(InvocationInterceptorChain.java:131)
	at app//org.junit.jupiter.api.extension.InvocationInterceptor.interceptDynamicTest(InvocationInterceptor.java:167)
	at app//org.junit.jupiter.api.extension.InvocationInterceptor.interceptDynamicTest(InvocationInterceptor.java:184)
	at app//org.junit.jupiter.engine.descriptor.DynamicTestTestDescriptor.lambda$execute$1(DynamicTestTestDescriptor.java:61)
	at app//org.junit.jupiter.engine.execution.InvocationInterceptorChain$InterceptorCall.lambda$ofVoid$0(InvocationInterceptorChain.java:78)
	at app//org.junit.jupiter.engine.execution.InvocationInterceptorChain$InterceptedInvocation.proceed(InvocationInterceptorChain.java:106)
	at app//org.junit.jupiter.engine.execution.InvocationInterceptorChain.proceed(InvocationInterceptorChain.java:64)
	at app//org.junit.jupiter.engine.execution.InvocationInterceptorChain.chainAndInvoke(InvocationInterceptorChain.java:45)
	at app//org.junit.jupiter.engine.execution.InvocationInterceptorChain.invoke(InvocationInterceptorChain.java:37)
	at app//org.junit.jupiter.engine.descriptor.DynamicTestTestDescriptor.execute(DynamicTestTestDescriptor.java:60)
	at app//org.junit.jupiter.engine.descriptor.DynamicTestTestDescriptor.execute(DynamicTestTestDescriptor.java:32)
	at app//org.junit.platform.engine.support.hierarchical.NodeTestTask.lambda$executeRecursively$6(NodeTestTask.java:151)
	at app//org.junit.platform.engine.support.hierarchical.ThrowableCollector.execute(ThrowableCollector.java:73)
	at app//org.junit.platform.engine.support.hierarchical.NodeTestTask.lambda$executeRecursively$8(NodeTestTask.java:141)
	at app//org.junit.platform.engine.support.hierarchical.Node.around(Node.java:137)
	at app//org.junit.platform.engine.support.hierarchical.NodeTestTask.lambda$executeRecursively$9(NodeTestTask.java:139)
	at app//org.junit.platform.engine.support.hierarchical.ThrowableCollector.execute(ThrowableCollector.java:73)
	at app//org.junit.platform.engine.support.hierarchical.NodeTestTask.executeRecursively(NodeTestTask.java:138)
	at app//org.junit.platform.engine.support.hierarchical.NodeTestTask.execute(NodeTestTask.java:95)
	at app//org.junit.platform.engine.support.hierarchical.SameThreadHierarchicalTestExecutorService.submit(SameThreadHierarchicalTestExecutorService.java:35)
	at app//org.junit.platform.engine.support.hierarchical.NodeTestTask$DefaultDynamicTestExecutor.execute(NodeTestTask.java:226)
	at app//org.junit.platform.engine.support.hierarchical.NodeTestTask$DefaultDynamicTestExecutor.execute(NodeTestTask.java:204)
	at java.base@11.0.18/java.util.Optional.ifPresent(Optional.java:183)
	at app//org.junit.jupiter.engine.descriptor.TestFactoryTestDescriptor.lambda$invokeTestMethod$1(TestFactoryTestDescriptor.java:108)
	at app//org.junit.platform.engine.support.hierarchical.ThrowableCollector.execute(ThrowableCollector.java:73)
	at app//org.junit.jupiter.engine.descriptor.TestFactoryTestDescriptor.invokeTestMethod(TestFactoryTestDescriptor.java:95)
	at app//org.junit.jupiter.engine.descriptor.TestMethodTestDescriptor.execute(TestMethodTestDescriptor.java:138)
	at app//org.junit.jupiter.engine.descriptor.TestMethodTestDescriptor.execute(TestMethodTestDescriptor.java:68)
	at app//org.junit.platform.engine.support.hierarchical.NodeTestTask.lambda$executeRecursively$6(NodeTestTask.java:151)
	at app//org.junit.platform.engine.support.hierarchical.ThrowableCollector.execute(ThrowableCollector.java:73)
	at app//org.junit.platform.engine.support.hierarchical.NodeTestTask.lambda$executeRecursively$8(NodeTestTask.java:141)
	at app//org.junit.platform.engine.support.hierarchical.Node.around(Node.java:137)
	at app//org.junit.platform.engine.support.hierarchical.NodeTestTask.lambda$executeRecursively$9(NodeTestTask.java:139)
	at app//org.junit.platform.engine.support.hierarchical.ThrowableCollector.execute(ThrowableCollector.java:73)
	at app//org.junit.platform.engine.support.hierarchical.NodeTestTask.executeRecursively(NodeTestTask.java:138)
	at app//org.junit.platform.engine.support.hierarchical.NodeTestTask.execute(NodeTestTask.java:95)
	at java.base@11.0.18/java.util.ArrayList.forEach(ArrayList.java:1541)
	at app//org.junit.platform.engine.support.hierarchical.SameThreadHierarchicalTestExecutorService.invokeAll(SameThreadHierarchicalTestExecutorService.java:41)
	at app//org.junit.platform.engine.support.hierarchical.NodeTestTask.lambda$executeRecursively$6(NodeTestTask.java:155)
	at app//org.junit.platform.engine.support.hierarchical.ThrowableCollector.execute(ThrowableCollector.java:73)
	at app//org.junit.platform.engine.support.hierarchical.NodeTestTask.lambda$executeRecursively$8(NodeTestTask.java:141)
	at app//org.junit.platform.engine.support.hierarchical.Node.around(Node.java:137)
	at app//org.junit.platform.engine.support.hierarchical.NodeTestTask.lambda$executeRecursively$9(NodeTestTask.java:139)
	at app//org.junit.platform.engine.support.hierarchical.ThrowableCollector.execute(ThrowableCollector.java:73)
	at app//org.junit.platform.engine.support.hierarchical.NodeTestTask.executeRecursively(NodeTestTask.java:138)
	at app//org.junit.platform.engine.support.hierarchical.NodeTestTask.execute(NodeTestTask.java:95)
	at java.base@11.0.18/java.util.ArrayList.forEach(ArrayList.java:1541)
	at app//org.junit.platform.engine.support.hierarchical.SameThreadHierarchicalTestExecutorService.invokeAll(SameThreadHierarchicalTestExecutorService.java:41)
	at app//org.junit.platform.engine.support.hierarchical.NodeTestTask.lambda$executeRecursively$6(NodeTestTask.java:155)
	at app//org.junit.platform.engine.support.hierarchical.ThrowableCollector.execute(ThrowableCollector.java:73)
	at app//org.junit.platform.engine.support.hierarchical.NodeTestTask.lambda$executeRecursively$8(NodeTestTask.java:141)
	at app//org.junit.platform.engine.support.hierarchical.Node.around(Node.java:137)
	at app//org.junit.platform.engine.support.hierarchical.NodeTestTask.lambda$executeRecursively$9(NodeTestTask.java:139)
	at app//org.junit.platform.engine.support.hierarchical.ThrowableCollector.execute(ThrowableCollector.java:73)
	at app//org.junit.platform.engine.support.hierarchical.NodeTestTask.executeRecursively(NodeTestTask.java:138)
	at app//org.junit.platform.engine.support.hierarchical.NodeTestTask.execute(NodeTestTask.java:95)
	at app//org.junit.platform.engine.support.hierarchical.SameThreadHierarchicalTestExecutorService.submit(SameThreadHierarchicalTestExecutorService.java:35)
	at app//org.junit.platform.engine.support.hierarchical.HierarchicalTestExecutor.execute(HierarchicalTestExecutor.java:57)
	at app//org.junit.platform.engine.support.hierarchical.HierarchicalTestEngine.execute(HierarchicalTestEngine.java:54)
	at app//org.junit.platform.launcher.core.EngineExecutionOrchestrator.execute(EngineExecutionOrchestrator.java:107)
	at app//org.junit.platform.launcher.core.EngineExecutionOrchestrator.execute(EngineExecutionOrchestrator.java:88)
	at app//org.junit.platform.launcher.core.EngineExecutionOrchestrator.lambda$execute$0(EngineExecutionOrchestrator.java:54)
	at app//org.junit.platform.launcher.core.EngineExecutionOrchestrator.withInterceptedStreams(EngineExecutionOrchestrator.java:67)
	at app//org.junit.platform.launcher.core.EngineExecutionOrchestrator.execute(EngineExecutionOrchestrator.java:52)
	at app//org.junit.platform.launcher.core.DefaultLauncher.execute(DefaultLauncher.java:114)
	at app//org.junit.platform.launcher.core.DefaultLauncher.execute(DefaultLauncher.java:86)
	at app//org.junit.platform.launcher.core.DefaultLauncherSession$DelegatingLauncher.execute(DefaultLauncherSession.java:86)
	at org.gradle.api.internal.tasks.testing.junitplatform.JUnitPlatformTestClassProcessor$CollectAllTestClassesExecutor.processAllTestClasses(JUnitPlatformTestClassProcessor.java:110)
	at org.gradle.api.internal.tasks.testing.junitplatform.JUnitPlatformTestClassProcessor$CollectAllTestClassesExecutor.access$000(JUnitPlatformTestClassProcessor.java:90)
	at org.gradle.api.internal.tasks.testing.junitplatform.JUnitPlatformTestClassProcessor.stop(JUnitPlatformTestClassProcessor.java:85)
	at org.gradle.api.internal.tasks.testing.SuiteTestClassProcessor.stop(SuiteTestClassProcessor.java:62)
	at java.base@11.0.18/jdk.internal.reflect.NativeMethodAccessorImpl.invoke0(Native Method)
	at java.base@11.0.18/jdk.internal.reflect.NativeMethodAccessorImpl.invoke(NativeMethodAccessorImpl.java:62)
	at java.base@11.0.18/jdk.internal.reflect.DelegatingMethodAccessorImpl.invoke(DelegatingMethodAccessorImpl.java:43)
	at java.base@11.0.18/java.lang.reflect.Method.invoke(Method.java:566)
	at org.gradle.internal.dispatch.ReflectionDispatch.dispatch(ReflectionDispatch.java:36)
	at org.gradle.internal.dispatch.ReflectionDispatch.dispatch(ReflectionDispatch.java:24)
	at org.gradle.internal.dispatch.ContextClassLoaderDispatch.dispatch(ContextClassLoaderDispatch.java:33)
	at org.gradle.internal.dispatch.ProxyDispatchAdapter$DispatchingInvocationHandler.invoke(ProxyDispatchAdapter.java:94)
	at com.sun.proxy.$Proxy2.stop(Unknown Source)
	at org.gradle.api.internal.tasks.testing.worker.TestWorker$3.run(TestWorker.java:193)
	at org.gradle.api.internal.tasks.testing.worker.TestWorker.executeAndMaintainThreadName(TestWorker.java:129)
	at org.gradle.api.internal.tasks.testing.worker.TestWorker.execute(TestWorker.java:100)
	at org.gradle.api.internal.tasks.testing.worker.TestWorker.execute(TestWorker.java:60)
	at org.gradle.process.internal.worker.child.ActionExecutionWorker.execute(ActionExecutionWorker.java:56)
	at org.gradle.process.internal.worker.child.SystemApplicationClassLoaderWorker.call(SystemApplicationClassLoaderWorker.java:113)
	at org.gradle.process.internal.worker.child.SystemApplicationClassLoaderWorker.call(SystemApplicationClassLoaderWorker.java:65)
	at app//worker.org.gradle.process.internal.worker.GradleWorkerMain.run(GradleWorkerMain.java:69)
	at app//worker.org.gradle.process.internal.worker.GradleWorkerMain.main(GradleWorkerMain.java:74)
</failure>
  </testcase>
  <testcase name="javadl" classname="de.uka.ilkd.key.proof.runallproofs.RunAllProofsFunctional" time="559.762">
    <failure message="org.opentest4j.AssertionFailedError: Executed process terminated with non-zero exit value. ==&gt; expected: &lt;0&gt; but was: &lt;1&gt;" type="org.opentest4j.AssertionFailedError">org.opentest4j.AssertionFailedError: Executed process terminated with non-zero exit value. ==&gt; expected: &lt;0&gt; but was: &lt;1&gt;
	at app//org.junit.jupiter.api.AssertionFailureBuilder.build(AssertionFailureBuilder.java:151)
	at app//org.junit.jupiter.api.AssertionFailureBuilder.buildAndThrow(AssertionFailureBuilder.java:132)
	at app//org.junit.jupiter.api.AssertEquals.failNotEqual(AssertEquals.java:197)
	at app//org.junit.jupiter.api.AssertEquals.assertEquals(AssertEquals.java:150)
	at app//org.junit.jupiter.api.Assertions.assertEquals(Assertions.java:560)
	at app//de.uka.ilkd.key.proof.runallproofs.proofcollection.ForkedTestFileRunner.processTestFiles(ForkedTestFileRunner.java:130)
	at app//de.uka.ilkd.key.proof.runallproofs.RunAllProofsTestUnit.runTest(RunAllProofsTestUnit.java:89)
	at app//de.uka.ilkd.key.proof.runallproofs.RunAllProofsTest.lambda$data$0(RunAllProofsTest.java:77)
	at app//org.junit.jupiter.engine.descriptor.DynamicTestTestDescriptor.lambda$execute$0(DynamicTestTestDescriptor.java:53)
	at app//org.junit.jupiter.engine.execution.InvocationInterceptorChain$ValidatingInvocation.proceed(InvocationInterceptorChain.java:131)
	at app//org.junit.jupiter.api.extension.InvocationInterceptor.interceptDynamicTest(InvocationInterceptor.java:167)
	at app//org.junit.jupiter.api.extension.InvocationInterceptor.interceptDynamicTest(InvocationInterceptor.java:184)
	at app//org.junit.jupiter.engine.descriptor.DynamicTestTestDescriptor.lambda$execute$1(DynamicTestTestDescriptor.java:61)
	at app//org.junit.jupiter.engine.execution.InvocationInterceptorChain$InterceptorCall.lambda$ofVoid$0(InvocationInterceptorChain.java:78)
	at app//org.junit.jupiter.engine.execution.InvocationInterceptorChain$InterceptedInvocation.proceed(InvocationInterceptorChain.java:106)
	at app//org.junit.jupiter.engine.execution.InvocationInterceptorChain.proceed(InvocationInterceptorChain.java:64)
	at app//org.junit.jupiter.engine.execution.InvocationInterceptorChain.chainAndInvoke(InvocationInterceptorChain.java:45)
	at app//org.junit.jupiter.engine.execution.InvocationInterceptorChain.invoke(InvocationInterceptorChain.java:37)
	at app//org.junit.jupiter.engine.descriptor.DynamicTestTestDescriptor.execute(DynamicTestTestDescriptor.java:60)
	at app//org.junit.jupiter.engine.descriptor.DynamicTestTestDescriptor.execute(DynamicTestTestDescriptor.java:32)
	at app//org.junit.platform.engine.support.hierarchical.NodeTestTask.lambda$executeRecursively$6(NodeTestTask.java:151)
	at app//org.junit.platform.engine.support.hierarchical.ThrowableCollector.execute(ThrowableCollector.java:73)
	at app//org.junit.platform.engine.support.hierarchical.NodeTestTask.lambda$executeRecursively$8(NodeTestTask.java:141)
	at app//org.junit.platform.engine.support.hierarchical.Node.around(Node.java:137)
	at app//org.junit.platform.engine.support.hierarchical.NodeTestTask.lambda$executeRecursively$9(NodeTestTask.java:139)
	at app//org.junit.platform.engine.support.hierarchical.ThrowableCollector.execute(ThrowableCollector.java:73)
	at app//org.junit.platform.engine.support.hierarchical.NodeTestTask.executeRecursively(NodeTestTask.java:138)
	at app//org.junit.platform.engine.support.hierarchical.NodeTestTask.execute(NodeTestTask.java:95)
	at app//org.junit.platform.engine.support.hierarchical.SameThreadHierarchicalTestExecutorService.submit(SameThreadHierarchicalTestExecutorService.java:35)
	at app//org.junit.platform.engine.support.hierarchical.NodeTestTask$DefaultDynamicTestExecutor.execute(NodeTestTask.java:226)
	at app//org.junit.platform.engine.support.hierarchical.NodeTestTask$DefaultDynamicTestExecutor.execute(NodeTestTask.java:204)
	at java.base@11.0.18/java.util.Optional.ifPresent(Optional.java:183)
	at app//org.junit.jupiter.engine.descriptor.TestFactoryTestDescriptor.lambda$invokeTestMethod$1(TestFactoryTestDescriptor.java:108)
	at app//org.junit.platform.engine.support.hierarchical.ThrowableCollector.execute(ThrowableCollector.java:73)
	at app//org.junit.jupiter.engine.descriptor.TestFactoryTestDescriptor.invokeTestMethod(TestFactoryTestDescriptor.java:95)
	at app//org.junit.jupiter.engine.descriptor.TestMethodTestDescriptor.execute(TestMethodTestDescriptor.java:138)
	at app//org.junit.jupiter.engine.descriptor.TestMethodTestDescriptor.execute(TestMethodTestDescriptor.java:68)
	at app//org.junit.platform.engine.support.hierarchical.NodeTestTask.lambda$executeRecursively$6(NodeTestTask.java:151)
	at app//org.junit.platform.engine.support.hierarchical.ThrowableCollector.execute(ThrowableCollector.java:73)
	at app//org.junit.platform.engine.support.hierarchical.NodeTestTask.lambda$executeRecursively$8(NodeTestTask.java:141)
	at app//org.junit.platform.engine.support.hierarchical.Node.around(Node.java:137)
	at app//org.junit.platform.engine.support.hierarchical.NodeTestTask.lambda$executeRecursively$9(NodeTestTask.java:139)
	at app//org.junit.platform.engine.support.hierarchical.ThrowableCollector.execute(ThrowableCollector.java:73)
	at app//org.junit.platform.engine.support.hierarchical.NodeTestTask.executeRecursively(NodeTestTask.java:138)
	at app//org.junit.platform.engine.support.hierarchical.NodeTestTask.execute(NodeTestTask.java:95)
	at java.base@11.0.18/java.util.ArrayList.forEach(ArrayList.java:1541)
	at app//org.junit.platform.engine.support.hierarchical.SameThreadHierarchicalTestExecutorService.invokeAll(SameThreadHierarchicalTestExecutorService.java:41)
	at app//org.junit.platform.engine.support.hierarchical.NodeTestTask.lambda$executeRecursively$6(NodeTestTask.java:155)
	at app//org.junit.platform.engine.support.hierarchical.ThrowableCollector.execute(ThrowableCollector.java:73)
	at app//org.junit.platform.engine.support.hierarchical.NodeTestTask.lambda$executeRecursively$8(NodeTestTask.java:141)
	at app//org.junit.platform.engine.support.hierarchical.Node.around(Node.java:137)
	at app//org.junit.platform.engine.support.hierarchical.NodeTestTask.lambda$executeRecursively$9(NodeTestTask.java:139)
	at app//org.junit.platform.engine.support.hierarchical.ThrowableCollector.execute(ThrowableCollector.java:73)
	at app//org.junit.platform.engine.support.hierarchical.NodeTestTask.executeRecursively(NodeTestTask.java:138)
	at app//org.junit.platform.engine.support.hierarchical.NodeTestTask.execute(NodeTestTask.java:95)
	at java.base@11.0.18/java.util.ArrayList.forEach(ArrayList.java:1541)
	at app//org.junit.platform.engine.support.hierarchical.SameThreadHierarchicalTestExecutorService.invokeAll(SameThreadHierarchicalTestExecutorService.java:41)
	at app//org.junit.platform.engine.support.hierarchical.NodeTestTask.lambda$executeRecursively$6(NodeTestTask.java:155)
	at app//org.junit.platform.engine.support.hierarchical.ThrowableCollector.execute(ThrowableCollector.java:73)
	at app//org.junit.platform.engine.support.hierarchical.NodeTestTask.lambda$executeRecursively$8(NodeTestTask.java:141)
	at app//org.junit.platform.engine.support.hierarchical.Node.around(Node.java:137)
	at app//org.junit.platform.engine.support.hierarchical.NodeTestTask.lambda$executeRecursively$9(NodeTestTask.java:139)
	at app//org.junit.platform.engine.support.hierarchical.ThrowableCollector.execute(ThrowableCollector.java:73)
	at app//org.junit.platform.engine.support.hierarchical.NodeTestTask.executeRecursively(NodeTestTask.java:138)
	at app//org.junit.platform.engine.support.hierarchical.NodeTestTask.execute(NodeTestTask.java:95)
	at app//org.junit.platform.engine.support.hierarchical.SameThreadHierarchicalTestExecutorService.submit(SameThreadHierarchicalTestExecutorService.java:35)
	at app//org.junit.platform.engine.support.hierarchical.HierarchicalTestExecutor.execute(HierarchicalTestExecutor.java:57)
	at app//org.junit.platform.engine.support.hierarchical.HierarchicalTestEngine.execute(HierarchicalTestEngine.java:54)
	at app//org.junit.platform.launcher.core.EngineExecutionOrchestrator.execute(EngineExecutionOrchestrator.java:107)
	at app//org.junit.platform.launcher.core.EngineExecutionOrchestrator.execute(EngineExecutionOrchestrator.java:88)
	at app//org.junit.platform.launcher.core.EngineExecutionOrchestrator.lambda$execute$0(EngineExecutionOrchestrator.java:54)
	at app//org.junit.platform.launcher.core.EngineExecutionOrchestrator.withInterceptedStreams(EngineExecutionOrchestrator.java:67)
	at app//org.junit.platform.launcher.core.EngineExecutionOrchestrator.execute(EngineExecutionOrchestrator.java:52)
	at app//org.junit.platform.launcher.core.DefaultLauncher.execute(DefaultLauncher.java:114)
	at app//org.junit.platform.launcher.core.DefaultLauncher.execute(DefaultLauncher.java:86)
	at app//org.junit.platform.launcher.core.DefaultLauncherSession$DelegatingLauncher.execute(DefaultLauncherSession.java:86)
	at org.gradle.api.internal.tasks.testing.junitplatform.JUnitPlatformTestClassProcessor$CollectAllTestClassesExecutor.processAllTestClasses(JUnitPlatformTestClassProcessor.java:110)
	at org.gradle.api.internal.tasks.testing.junitplatform.JUnitPlatformTestClassProcessor$CollectAllTestClassesExecutor.access$000(JUnitPlatformTestClassProcessor.java:90)
	at org.gradle.api.internal.tasks.testing.junitplatform.JUnitPlatformTestClassProcessor.stop(JUnitPlatformTestClassProcessor.java:85)
	at org.gradle.api.internal.tasks.testing.SuiteTestClassProcessor.stop(SuiteTestClassProcessor.java:62)
	at java.base@11.0.18/jdk.internal.reflect.NativeMethodAccessorImpl.invoke0(Native Method)
	at java.base@11.0.18/jdk.internal.reflect.NativeMethodAccessorImpl.invoke(NativeMethodAccessorImpl.java:62)
	at java.base@11.0.18/jdk.internal.reflect.DelegatingMethodAccessorImpl.invoke(DelegatingMethodAccessorImpl.java:43)
	at java.base@11.0.18/java.lang.reflect.Method.invoke(Method.java:566)
	at org.gradle.internal.dispatch.ReflectionDispatch.dispatch(ReflectionDispatch.java:36)
	at org.gradle.internal.dispatch.ReflectionDispatch.dispatch(ReflectionDispatch.java:24)
	at org.gradle.internal.dispatch.ContextClassLoaderDispatch.dispatch(ContextClassLoaderDispatch.java:33)
	at org.gradle.internal.dispatch.ProxyDispatchAdapter$DispatchingInvocationHandler.invoke(ProxyDispatchAdapter.java:94)
	at com.sun.proxy.$Proxy2.stop(Unknown Source)
	at org.gradle.api.internal.tasks.testing.worker.TestWorker$3.run(TestWorker.java:193)
	at org.gradle.api.internal.tasks.testing.worker.TestWorker.executeAndMaintainThreadName(TestWorker.java:129)
	at org.gradle.api.internal.tasks.testing.worker.TestWorker.execute(TestWorker.java:100)
	at org.gradle.api.internal.tasks.testing.worker.TestWorker.execute(TestWorker.java:60)
	at org.gradle.process.internal.worker.child.ActionExecutionWorker.execute(ActionExecutionWorker.java:56)
	at org.gradle.process.internal.worker.child.SystemApplicationClassLoaderWorker.call(SystemApplicationClassLoaderWorker.java:113)
	at org.gradle.process.internal.worker.child.SystemApplicationClassLoaderWorker.call(SystemApplicationClassLoaderWorker.java:65)
	at app//worker.org.gradle.process.internal.worker.GradleWorkerMain.run(GradleWorkerMain.java:69)
	at app//worker.org.gradle.process.internal.worker.GradleWorkerMain.main(GradleWorkerMain.java:74)
</failure>
  </testcase>
  <testcase name="FOL" classname="de.uka.ilkd.key.proof.runallproofs.RunAllProofsFunctional" time="268.705">
    <failure message="org.opentest4j.AssertionFailedError: Executed process terminated with non-zero exit value. ==&gt; expected: &lt;0&gt; but was: &lt;1&gt;" type="org.opentest4j.AssertionFailedError">org.opentest4j.AssertionFailedError: Executed process terminated with non-zero exit value. ==&gt; expected: &lt;0&gt; but was: &lt;1&gt;
	at app//org.junit.jupiter.api.AssertionFailureBuilder.build(AssertionFailureBuilder.java:151)
	at app//org.junit.jupiter.api.AssertionFailureBuilder.buildAndThrow(AssertionFailureBuilder.java:132)
	at app//org.junit.jupiter.api.AssertEquals.failNotEqual(AssertEquals.java:197)
	at app//org.junit.jupiter.api.AssertEquals.assertEquals(AssertEquals.java:150)
	at app//org.junit.jupiter.api.Assertions.assertEquals(Assertions.java:560)
	at app//de.uka.ilkd.key.proof.runallproofs.proofcollection.ForkedTestFileRunner.processTestFiles(ForkedTestFileRunner.java:130)
	at app//de.uka.ilkd.key.proof.runallproofs.RunAllProofsTestUnit.runTest(RunAllProofsTestUnit.java:89)
	at app//de.uka.ilkd.key.proof.runallproofs.RunAllProofsTest.lambda$data$0(RunAllProofsTest.java:77)
	at app//org.junit.jupiter.engine.descriptor.DynamicTestTestDescriptor.lambda$execute$0(DynamicTestTestDescriptor.java:53)
	at app//org.junit.jupiter.engine.execution.InvocationInterceptorChain$ValidatingInvocation.proceed(InvocationInterceptorChain.java:131)
	at app//org.junit.jupiter.api.extension.InvocationInterceptor.interceptDynamicTest(InvocationInterceptor.java:167)
	at app//org.junit.jupiter.api.extension.InvocationInterceptor.interceptDynamicTest(InvocationInterceptor.java:184)
	at app//org.junit.jupiter.engine.descriptor.DynamicTestTestDescriptor.lambda$execute$1(DynamicTestTestDescriptor.java:61)
	at app//org.junit.jupiter.engine.execution.InvocationInterceptorChain$InterceptorCall.lambda$ofVoid$0(InvocationInterceptorChain.java:78)
	at app//org.junit.jupiter.engine.execution.InvocationInterceptorChain$InterceptedInvocation.proceed(InvocationInterceptorChain.java:106)
	at app//org.junit.jupiter.engine.execution.InvocationInterceptorChain.proceed(InvocationInterceptorChain.java:64)
	at app//org.junit.jupiter.engine.execution.InvocationInterceptorChain.chainAndInvoke(InvocationInterceptorChain.java:45)
	at app//org.junit.jupiter.engine.execution.InvocationInterceptorChain.invoke(InvocationInterceptorChain.java:37)
	at app//org.junit.jupiter.engine.descriptor.DynamicTestTestDescriptor.execute(DynamicTestTestDescriptor.java:60)
	at app//org.junit.jupiter.engine.descriptor.DynamicTestTestDescriptor.execute(DynamicTestTestDescriptor.java:32)
	at app//org.junit.platform.engine.support.hierarchical.NodeTestTask.lambda$executeRecursively$6(NodeTestTask.java:151)
	at app//org.junit.platform.engine.support.hierarchical.ThrowableCollector.execute(ThrowableCollector.java:73)
	at app//org.junit.platform.engine.support.hierarchical.NodeTestTask.lambda$executeRecursively$8(NodeTestTask.java:141)
	at app//org.junit.platform.engine.support.hierarchical.Node.around(Node.java:137)
	at app//org.junit.platform.engine.support.hierarchical.NodeTestTask.lambda$executeRecursively$9(NodeTestTask.java:139)
	at app//org.junit.platform.engine.support.hierarchical.ThrowableCollector.execute(ThrowableCollector.java:73)
	at app//org.junit.platform.engine.support.hierarchical.NodeTestTask.executeRecursively(NodeTestTask.java:138)
	at app//org.junit.platform.engine.support.hierarchical.NodeTestTask.execute(NodeTestTask.java:95)
	at app//org.junit.platform.engine.support.hierarchical.SameThreadHierarchicalTestExecutorService.submit(SameThreadHierarchicalTestExecutorService.java:35)
	at app//org.junit.platform.engine.support.hierarchical.NodeTestTask$DefaultDynamicTestExecutor.execute(NodeTestTask.java:226)
	at app//org.junit.platform.engine.support.hierarchical.NodeTestTask$DefaultDynamicTestExecutor.execute(NodeTestTask.java:204)
	at java.base@11.0.18/java.util.Optional.ifPresent(Optional.java:183)
	at app//org.junit.jupiter.engine.descriptor.TestFactoryTestDescriptor.lambda$invokeTestMethod$1(TestFactoryTestDescriptor.java:108)
	at app//org.junit.platform.engine.support.hierarchical.ThrowableCollector.execute(ThrowableCollector.java:73)
	at app//org.junit.jupiter.engine.descriptor.TestFactoryTestDescriptor.invokeTestMethod(TestFactoryTestDescriptor.java:95)
	at app//org.junit.jupiter.engine.descriptor.TestMethodTestDescriptor.execute(TestMethodTestDescriptor.java:138)
	at app//org.junit.jupiter.engine.descriptor.TestMethodTestDescriptor.execute(TestMethodTestDescriptor.java:68)
	at app//org.junit.platform.engine.support.hierarchical.NodeTestTask.lambda$executeRecursively$6(NodeTestTask.java:151)
	at app//org.junit.platform.engine.support.hierarchical.ThrowableCollector.execute(ThrowableCollector.java:73)
	at app//org.junit.platform.engine.support.hierarchical.NodeTestTask.lambda$executeRecursively$8(NodeTestTask.java:141)
	at app//org.junit.platform.engine.support.hierarchical.Node.around(Node.java:137)
	at app//org.junit.platform.engine.support.hierarchical.NodeTestTask.lambda$executeRecursively$9(NodeTestTask.java:139)
	at app//org.junit.platform.engine.support.hierarchical.ThrowableCollector.execute(ThrowableCollector.java:73)
	at app//org.junit.platform.engine.support.hierarchical.NodeTestTask.executeRecursively(NodeTestTask.java:138)
	at app//org.junit.platform.engine.support.hierarchical.NodeTestTask.execute(NodeTestTask.java:95)
	at java.base@11.0.18/java.util.ArrayList.forEach(ArrayList.java:1541)
	at app//org.junit.platform.engine.support.hierarchical.SameThreadHierarchicalTestExecutorService.invokeAll(SameThreadHierarchicalTestExecutorService.java:41)
	at app//org.junit.platform.engine.support.hierarchical.NodeTestTask.lambda$executeRecursively$6(NodeTestTask.java:155)
	at app//org.junit.platform.engine.support.hierarchical.ThrowableCollector.execute(ThrowableCollector.java:73)
	at app//org.junit.platform.engine.support.hierarchical.NodeTestTask.lambda$executeRecursively$8(NodeTestTask.java:141)
	at app//org.junit.platform.engine.support.hierarchical.Node.around(Node.java:137)
	at app//org.junit.platform.engine.support.hierarchical.NodeTestTask.lambda$executeRecursively$9(NodeTestTask.java:139)
	at app//org.junit.platform.engine.support.hierarchical.ThrowableCollector.execute(ThrowableCollector.java:73)
	at app//org.junit.platform.engine.support.hierarchical.NodeTestTask.executeRecursively(NodeTestTask.java:138)
	at app//org.junit.platform.engine.support.hierarchical.NodeTestTask.execute(NodeTestTask.java:95)
	at java.base@11.0.18/java.util.ArrayList.forEach(ArrayList.java:1541)
	at app//org.junit.platform.engine.support.hierarchical.SameThreadHierarchicalTestExecutorService.invokeAll(SameThreadHierarchicalTestExecutorService.java:41)
	at app//org.junit.platform.engine.support.hierarchical.NodeTestTask.lambda$executeRecursively$6(NodeTestTask.java:155)
	at app//org.junit.platform.engine.support.hierarchical.ThrowableCollector.execute(ThrowableCollector.java:73)
	at app//org.junit.platform.engine.support.hierarchical.NodeTestTask.lambda$executeRecursively$8(NodeTestTask.java:141)
	at app//org.junit.platform.engine.support.hierarchical.Node.around(Node.java:137)
	at app//org.junit.platform.engine.support.hierarchical.NodeTestTask.lambda$executeRecursively$9(NodeTestTask.java:139)
	at app//org.junit.platform.engine.support.hierarchical.ThrowableCollector.execute(ThrowableCollector.java:73)
	at app//org.junit.platform.engine.support.hierarchical.NodeTestTask.executeRecursively(NodeTestTask.java:138)
	at app//org.junit.platform.engine.support.hierarchical.NodeTestTask.execute(NodeTestTask.java:95)
	at app//org.junit.platform.engine.support.hierarchical.SameThreadHierarchicalTestExecutorService.submit(SameThreadHierarchicalTestExecutorService.java:35)
	at app//org.junit.platform.engine.support.hierarchical.HierarchicalTestExecutor.execute(HierarchicalTestExecutor.java:57)
	at app//org.junit.platform.engine.support.hierarchical.HierarchicalTestEngine.execute(HierarchicalTestEngine.java:54)
	at app//org.junit.platform.launcher.core.EngineExecutionOrchestrator.execute(EngineExecutionOrchestrator.java:107)
	at app//org.junit.platform.launcher.core.EngineExecutionOrchestrator.execute(EngineExecutionOrchestrator.java:88)
	at app//org.junit.platform.launcher.core.EngineExecutionOrchestrator.lambda$execute$0(EngineExecutionOrchestrator.java:54)
	at app//org.junit.platform.launcher.core.EngineExecutionOrchestrator.withInterceptedStreams(EngineExecutionOrchestrator.java:67)
	at app//org.junit.platform.launcher.core.EngineExecutionOrchestrator.execute(EngineExecutionOrchestrator.java:52)
	at app//org.junit.platform.launcher.core.DefaultLauncher.execute(DefaultLauncher.java:114)
	at app//org.junit.platform.launcher.core.DefaultLauncher.execute(DefaultLauncher.java:86)
	at app//org.junit.platform.launcher.core.DefaultLauncherSession$DelegatingLauncher.execute(DefaultLauncherSession.java:86)
	at org.gradle.api.internal.tasks.testing.junitplatform.JUnitPlatformTestClassProcessor$CollectAllTestClassesExecutor.processAllTestClasses(JUnitPlatformTestClassProcessor.java:110)
	at org.gradle.api.internal.tasks.testing.junitplatform.JUnitPlatformTestClassProcessor$CollectAllTestClassesExecutor.access$000(JUnitPlatformTestClassProcessor.java:90)
	at org.gradle.api.internal.tasks.testing.junitplatform.JUnitPlatformTestClassProcessor.stop(JUnitPlatformTestClassProcessor.java:85)
	at org.gradle.api.internal.tasks.testing.SuiteTestClassProcessor.stop(SuiteTestClassProcessor.java:62)
	at java.base@11.0.18/jdk.internal.reflect.NativeMethodAccessorImpl.invoke0(Native Method)
	at java.base@11.0.18/jdk.internal.reflect.NativeMethodAccessorImpl.invoke(NativeMethodAccessorImpl.java:62)
	at java.base@11.0.18/jdk.internal.reflect.DelegatingMethodAccessorImpl.invoke(DelegatingMethodAccessorImpl.java:43)
	at java.base@11.0.18/java.lang.reflect.Method.invoke(Method.java:566)
	at org.gradle.internal.dispatch.ReflectionDispatch.dispatch(ReflectionDispatch.java:36)
	at org.gradle.internal.dispatch.ReflectionDispatch.dispatch(ReflectionDispatch.java:24)
	at org.gradle.internal.dispatch.ContextClassLoaderDispatch.dispatch(ContextClassLoaderDispatch.java:33)
	at org.gradle.internal.dispatch.ProxyDispatchAdapter$DispatchingInvocationHandler.invoke(ProxyDispatchAdapter.java:94)
	at com.sun.proxy.$Proxy2.stop(Unknown Source)
	at org.gradle.api.internal.tasks.testing.worker.TestWorker$3.run(TestWorker.java:193)
	at org.gradle.api.internal.tasks.testing.worker.TestWorker.executeAndMaintainThreadName(TestWorker.java:129)
	at org.gradle.api.internal.tasks.testing.worker.TestWorker.execute(TestWorker.java:100)
	at org.gradle.api.internal.tasks.testing.worker.TestWorker.execute(TestWorker.java:60)
	at org.gradle.process.internal.worker.child.ActionExecutionWorker.execute(ActionExecutionWorker.java:56)
	at org.gradle.process.internal.worker.child.SystemApplicationClassLoaderWorker.call(SystemApplicationClassLoaderWorker.java:113)
	at org.gradle.process.internal.worker.child.SystemApplicationClassLoaderWorker.call(SystemApplicationClassLoaderWorker.java:65)
	at app//worker.org.gradle.process.internal.worker.GradleWorkerMain.run(GradleWorkerMain.java:69)
	at app//worker.org.gradle.process.internal.worker.GradleWorkerMain.main(GradleWorkerMain.java:74)
</failure>
  </testcase>
  <testcase name="strings" classname="de.uka.ilkd.key.proof.runallproofs.RunAllProofsFunctional" time="140.754">
    <failure message="org.opentest4j.AssertionFailedError: Executed process terminated with non-zero exit value. ==&gt; expected: &lt;0&gt; but was: &lt;1&gt;" type="org.opentest4j.AssertionFailedError">org.opentest4j.AssertionFailedError: Executed process terminated with non-zero exit value. ==&gt; expected: &lt;0&gt; but was: &lt;1&gt;
	at app//org.junit.jupiter.api.AssertionFailureBuilder.build(AssertionFailureBuilder.java:151)
	at app//org.junit.jupiter.api.AssertionFailureBuilder.buildAndThrow(AssertionFailureBuilder.java:132)
	at app//org.junit.jupiter.api.AssertEquals.failNotEqual(AssertEquals.java:197)
	at app//org.junit.jupiter.api.AssertEquals.assertEquals(AssertEquals.java:150)
	at app//org.junit.jupiter.api.Assertions.assertEquals(Assertions.java:560)
	at app//de.uka.ilkd.key.proof.runallproofs.proofcollection.ForkedTestFileRunner.processTestFiles(ForkedTestFileRunner.java:130)
	at app//de.uka.ilkd.key.proof.runallproofs.RunAllProofsTestUnit.runTest(RunAllProofsTestUnit.java:89)
	at app//de.uka.ilkd.key.proof.runallproofs.RunAllProofsTest.lambda$data$0(RunAllProofsTest.java:77)
	at app//org.junit.jupiter.engine.descriptor.DynamicTestTestDescriptor.lambda$execute$0(DynamicTestTestDescriptor.java:53)
	at app//org.junit.jupiter.engine.execution.InvocationInterceptorChain$ValidatingInvocation.proceed(InvocationInterceptorChain.java:131)
	at app//org.junit.jupiter.api.extension.InvocationInterceptor.interceptDynamicTest(InvocationInterceptor.java:167)
	at app//org.junit.jupiter.api.extension.InvocationInterceptor.interceptDynamicTest(InvocationInterceptor.java:184)
	at app//org.junit.jupiter.engine.descriptor.DynamicTestTestDescriptor.lambda$execute$1(DynamicTestTestDescriptor.java:61)
	at app//org.junit.jupiter.engine.execution.InvocationInterceptorChain$InterceptorCall.lambda$ofVoid$0(InvocationInterceptorChain.java:78)
	at app//org.junit.jupiter.engine.execution.InvocationInterceptorChain$InterceptedInvocation.proceed(InvocationInterceptorChain.java:106)
	at app//org.junit.jupiter.engine.execution.InvocationInterceptorChain.proceed(InvocationInterceptorChain.java:64)
	at app//org.junit.jupiter.engine.execution.InvocationInterceptorChain.chainAndInvoke(InvocationInterceptorChain.java:45)
	at app//org.junit.jupiter.engine.execution.InvocationInterceptorChain.invoke(InvocationInterceptorChain.java:37)
	at app//org.junit.jupiter.engine.descriptor.DynamicTestTestDescriptor.execute(DynamicTestTestDescriptor.java:60)
	at app//org.junit.jupiter.engine.descriptor.DynamicTestTestDescriptor.execute(DynamicTestTestDescriptor.java:32)
	at app//org.junit.platform.engine.support.hierarchical.NodeTestTask.lambda$executeRecursively$6(NodeTestTask.java:151)
	at app//org.junit.platform.engine.support.hierarchical.ThrowableCollector.execute(ThrowableCollector.java:73)
	at app//org.junit.platform.engine.support.hierarchical.NodeTestTask.lambda$executeRecursively$8(NodeTestTask.java:141)
	at app//org.junit.platform.engine.support.hierarchical.Node.around(Node.java:137)
	at app//org.junit.platform.engine.support.hierarchical.NodeTestTask.lambda$executeRecursively$9(NodeTestTask.java:139)
	at app//org.junit.platform.engine.support.hierarchical.ThrowableCollector.execute(ThrowableCollector.java:73)
	at app//org.junit.platform.engine.support.hierarchical.NodeTestTask.executeRecursively(NodeTestTask.java:138)
	at app//org.junit.platform.engine.support.hierarchical.NodeTestTask.execute(NodeTestTask.java:95)
	at app//org.junit.platform.engine.support.hierarchical.SameThreadHierarchicalTestExecutorService.submit(SameThreadHierarchicalTestExecutorService.java:35)
	at app//org.junit.platform.engine.support.hierarchical.NodeTestTask$DefaultDynamicTestExecutor.execute(NodeTestTask.java:226)
	at app//org.junit.platform.engine.support.hierarchical.NodeTestTask$DefaultDynamicTestExecutor.execute(NodeTestTask.java:204)
	at java.base@11.0.18/java.util.Optional.ifPresent(Optional.java:183)
	at app//org.junit.jupiter.engine.descriptor.TestFactoryTestDescriptor.lambda$invokeTestMethod$1(TestFactoryTestDescriptor.java:108)
	at app//org.junit.platform.engine.support.hierarchical.ThrowableCollector.execute(ThrowableCollector.java:73)
	at app//org.junit.jupiter.engine.descriptor.TestFactoryTestDescriptor.invokeTestMethod(TestFactoryTestDescriptor.java:95)
	at app//org.junit.jupiter.engine.descriptor.TestMethodTestDescriptor.execute(TestMethodTestDescriptor.java:138)
	at app//org.junit.jupiter.engine.descriptor.TestMethodTestDescriptor.execute(TestMethodTestDescriptor.java:68)
	at app//org.junit.platform.engine.support.hierarchical.NodeTestTask.lambda$executeRecursively$6(NodeTestTask.java:151)
	at app//org.junit.platform.engine.support.hierarchical.ThrowableCollector.execute(ThrowableCollector.java:73)
	at app//org.junit.platform.engine.support.hierarchical.NodeTestTask.lambda$executeRecursively$8(NodeTestTask.java:141)
	at app//org.junit.platform.engine.support.hierarchical.Node.around(Node.java:137)
	at app//org.junit.platform.engine.support.hierarchical.NodeTestTask.lambda$executeRecursively$9(NodeTestTask.java:139)
	at app//org.junit.platform.engine.support.hierarchical.ThrowableCollector.execute(ThrowableCollector.java:73)
	at app//org.junit.platform.engine.support.hierarchical.NodeTestTask.executeRecursively(NodeTestTask.java:138)
	at app//org.junit.platform.engine.support.hierarchical.NodeTestTask.execute(NodeTestTask.java:95)
	at java.base@11.0.18/java.util.ArrayList.forEach(ArrayList.java:1541)
	at app//org.junit.platform.engine.support.hierarchical.SameThreadHierarchicalTestExecutorService.invokeAll(SameThreadHierarchicalTestExecutorService.java:41)
	at app//org.junit.platform.engine.support.hierarchical.NodeTestTask.lambda$executeRecursively$6(NodeTestTask.java:155)
	at app//org.junit.platform.engine.support.hierarchical.ThrowableCollector.execute(ThrowableCollector.java:73)
	at app//org.junit.platform.engine.support.hierarchical.NodeTestTask.lambda$executeRecursively$8(NodeTestTask.java:141)
	at app//org.junit.platform.engine.support.hierarchical.Node.around(Node.java:137)
	at app//org.junit.platform.engine.support.hierarchical.NodeTestTask.lambda$executeRecursively$9(NodeTestTask.java:139)
	at app//org.junit.platform.engine.support.hierarchical.ThrowableCollector.execute(ThrowableCollector.java:73)
	at app//org.junit.platform.engine.support.hierarchical.NodeTestTask.executeRecursively(NodeTestTask.java:138)
	at app//org.junit.platform.engine.support.hierarchical.NodeTestTask.execute(NodeTestTask.java:95)
	at java.base@11.0.18/java.util.ArrayList.forEach(ArrayList.java:1541)
	at app//org.junit.platform.engine.support.hierarchical.SameThreadHierarchicalTestExecutorService.invokeAll(SameThreadHierarchicalTestExecutorService.java:41)
	at app//org.junit.platform.engine.support.hierarchical.NodeTestTask.lambda$executeRecursively$6(NodeTestTask.java:155)
	at app//org.junit.platform.engine.support.hierarchical.ThrowableCollector.execute(ThrowableCollector.java:73)
	at app//org.junit.platform.engine.support.hierarchical.NodeTestTask.lambda$executeRecursively$8(NodeTestTask.java:141)
	at app//org.junit.platform.engine.support.hierarchical.Node.around(Node.java:137)
	at app//org.junit.platform.engine.support.hierarchical.NodeTestTask.lambda$executeRecursively$9(NodeTestTask.java:139)
	at app//org.junit.platform.engine.support.hierarchical.ThrowableCollector.execute(ThrowableCollector.java:73)
	at app//org.junit.platform.engine.support.hierarchical.NodeTestTask.executeRecursively(NodeTestTask.java:138)
	at app//org.junit.platform.engine.support.hierarchical.NodeTestTask.execute(NodeTestTask.java:95)
	at app//org.junit.platform.engine.support.hierarchical.SameThreadHierarchicalTestExecutorService.submit(SameThreadHierarchicalTestExecutorService.java:35)
	at app//org.junit.platform.engine.support.hierarchical.HierarchicalTestExecutor.execute(HierarchicalTestExecutor.java:57)
	at app//org.junit.platform.engine.support.hierarchical.HierarchicalTestEngine.execute(HierarchicalTestEngine.java:54)
	at app//org.junit.platform.launcher.core.EngineExecutionOrchestrator.execute(EngineExecutionOrchestrator.java:107)
	at app//org.junit.platform.launcher.core.EngineExecutionOrchestrator.execute(EngineExecutionOrchestrator.java:88)
	at app//org.junit.platform.launcher.core.EngineExecutionOrchestrator.lambda$execute$0(EngineExecutionOrchestrator.java:54)
	at app//org.junit.platform.launcher.core.EngineExecutionOrchestrator.withInterceptedStreams(EngineExecutionOrchestrator.java:67)
	at app//org.junit.platform.launcher.core.EngineExecutionOrchestrator.execute(EngineExecutionOrchestrator.java:52)
	at app//org.junit.platform.launcher.core.DefaultLauncher.execute(DefaultLauncher.java:114)
	at app//org.junit.platform.launcher.core.DefaultLauncher.execute(DefaultLauncher.java:86)
	at app//org.junit.platform.launcher.core.DefaultLauncherSession$DelegatingLauncher.execute(DefaultLauncherSession.java:86)
	at org.gradle.api.internal.tasks.testing.junitplatform.JUnitPlatformTestClassProcessor$CollectAllTestClassesExecutor.processAllTestClasses(JUnitPlatformTestClassProcessor.java:110)
	at org.gradle.api.internal.tasks.testing.junitplatform.JUnitPlatformTestClassProcessor$CollectAllTestClassesExecutor.access$000(JUnitPlatformTestClassProcessor.java:90)
	at org.gradle.api.internal.tasks.testing.junitplatform.JUnitPlatformTestClassProcessor.stop(JUnitPlatformTestClassProcessor.java:85)
	at org.gradle.api.internal.tasks.testing.SuiteTestClassProcessor.stop(SuiteTestClassProcessor.java:62)
	at java.base@11.0.18/jdk.internal.reflect.NativeMethodAccessorImpl.invoke0(Native Method)
	at java.base@11.0.18/jdk.internal.reflect.NativeMethodAccessorImpl.invoke(NativeMethodAccessorImpl.java:62)
	at java.base@11.0.18/jdk.internal.reflect.DelegatingMethodAccessorImpl.invoke(DelegatingMethodAccessorImpl.java:43)
	at java.base@11.0.18/java.lang.reflect.Method.invoke(Method.java:566)
	at org.gradle.internal.dispatch.ReflectionDispatch.dispatch(ReflectionDispatch.java:36)
	at org.gradle.internal.dispatch.ReflectionDispatch.dispatch(ReflectionDispatch.java:24)
	at org.gradle.internal.dispatch.ContextClassLoaderDispatch.dispatch(ContextClassLoaderDispatch.java:33)
	at org.gradle.internal.dispatch.ProxyDispatchAdapter$DispatchingInvocationHandler.invoke(ProxyDispatchAdapter.java:94)
	at com.sun.proxy.$Proxy2.stop(Unknown Source)
	at org.gradle.api.internal.tasks.testing.worker.TestWorker$3.run(TestWorker.java:193)
	at org.gradle.api.internal.tasks.testing.worker.TestWorker.executeAndMaintainThreadName(TestWorker.java:129)
	at org.gradle.api.internal.tasks.testing.worker.TestWorker.execute(TestWorker.java:100)
	at org.gradle.api.internal.tasks.testing.worker.TestWorker.execute(TestWorker.java:60)
	at org.gradle.process.internal.worker.child.ActionExecutionWorker.execute(ActionExecutionWorker.java:56)
	at org.gradle.process.internal.worker.child.SystemApplicationClassLoaderWorker.call(SystemApplicationClassLoaderWorker.java:113)
	at org.gradle.process.internal.worker.child.SystemApplicationClassLoaderWorker.call(SystemApplicationClassLoaderWorker.java:65)
	at app//worker.org.gradle.process.internal.worker.GradleWorkerMain.run(GradleWorkerMain.java:69)
	at app//worker.org.gradle.process.internal.worker.GradleWorkerMain.main(GradleWorkerMain.java:74)
</failure>
  </testcase>
  <testcase name="simple_info_flow" classname="de.uka.ilkd.key.proof.runallproofs.RunAllProofsFunctional" time="12.918"/>
  <testcase name="modelMethods" classname="de.uka.ilkd.key.proof.runallproofs.RunAllProofsFunctional" time="186.068">
    <failure message="org.opentest4j.AssertionFailedError: Executed process terminated with non-zero exit value. ==&gt; expected: &lt;0&gt; but was: &lt;1&gt;" type="org.opentest4j.AssertionFailedError">org.opentest4j.AssertionFailedError: Executed process terminated with non-zero exit value. ==&gt; expected: &lt;0&gt; but was: &lt;1&gt;
	at app//org.junit.jupiter.api.AssertionFailureBuilder.build(AssertionFailureBuilder.java:151)
	at app//org.junit.jupiter.api.AssertionFailureBuilder.buildAndThrow(AssertionFailureBuilder.java:132)
	at app//org.junit.jupiter.api.AssertEquals.failNotEqual(AssertEquals.java:197)
	at app//org.junit.jupiter.api.AssertEquals.assertEquals(AssertEquals.java:150)
	at app//org.junit.jupiter.api.Assertions.assertEquals(Assertions.java:560)
	at app//de.uka.ilkd.key.proof.runallproofs.proofcollection.ForkedTestFileRunner.processTestFiles(ForkedTestFileRunner.java:130)
	at app//de.uka.ilkd.key.proof.runallproofs.RunAllProofsTestUnit.runTest(RunAllProofsTestUnit.java:89)
	at app//de.uka.ilkd.key.proof.runallproofs.RunAllProofsTest.lambda$data$0(RunAllProofsTest.java:77)
	at app//org.junit.jupiter.engine.descriptor.DynamicTestTestDescriptor.lambda$execute$0(DynamicTestTestDescriptor.java:53)
	at app//org.junit.jupiter.engine.execution.InvocationInterceptorChain$ValidatingInvocation.proceed(InvocationInterceptorChain.java:131)
	at app//org.junit.jupiter.api.extension.InvocationInterceptor.interceptDynamicTest(InvocationInterceptor.java:167)
	at app//org.junit.jupiter.api.extension.InvocationInterceptor.interceptDynamicTest(InvocationInterceptor.java:184)
	at app//org.junit.jupiter.engine.descriptor.DynamicTestTestDescriptor.lambda$execute$1(DynamicTestTestDescriptor.java:61)
	at app//org.junit.jupiter.engine.execution.InvocationInterceptorChain$InterceptorCall.lambda$ofVoid$0(InvocationInterceptorChain.java:78)
	at app//org.junit.jupiter.engine.execution.InvocationInterceptorChain$InterceptedInvocation.proceed(InvocationInterceptorChain.java:106)
	at app//org.junit.jupiter.engine.execution.InvocationInterceptorChain.proceed(InvocationInterceptorChain.java:64)
	at app//org.junit.jupiter.engine.execution.InvocationInterceptorChain.chainAndInvoke(InvocationInterceptorChain.java:45)
	at app//org.junit.jupiter.engine.execution.InvocationInterceptorChain.invoke(InvocationInterceptorChain.java:37)
	at app//org.junit.jupiter.engine.descriptor.DynamicTestTestDescriptor.execute(DynamicTestTestDescriptor.java:60)
	at app//org.junit.jupiter.engine.descriptor.DynamicTestTestDescriptor.execute(DynamicTestTestDescriptor.java:32)
	at app//org.junit.platform.engine.support.hierarchical.NodeTestTask.lambda$executeRecursively$6(NodeTestTask.java:151)
	at app//org.junit.platform.engine.support.hierarchical.ThrowableCollector.execute(ThrowableCollector.java:73)
	at app//org.junit.platform.engine.support.hierarchical.NodeTestTask.lambda$executeRecursively$8(NodeTestTask.java:141)
	at app//org.junit.platform.engine.support.hierarchical.Node.around(Node.java:137)
	at app//org.junit.platform.engine.support.hierarchical.NodeTestTask.lambda$executeRecursively$9(NodeTestTask.java:139)
	at app//org.junit.platform.engine.support.hierarchical.ThrowableCollector.execute(ThrowableCollector.java:73)
	at app//org.junit.platform.engine.support.hierarchical.NodeTestTask.executeRecursively(NodeTestTask.java:138)
	at app//org.junit.platform.engine.support.hierarchical.NodeTestTask.execute(NodeTestTask.java:95)
	at app//org.junit.platform.engine.support.hierarchical.SameThreadHierarchicalTestExecutorService.submit(SameThreadHierarchicalTestExecutorService.java:35)
	at app//org.junit.platform.engine.support.hierarchical.NodeTestTask$DefaultDynamicTestExecutor.execute(NodeTestTask.java:226)
	at app//org.junit.platform.engine.support.hierarchical.NodeTestTask$DefaultDynamicTestExecutor.execute(NodeTestTask.java:204)
	at java.base@11.0.18/java.util.Optional.ifPresent(Optional.java:183)
	at app//org.junit.jupiter.engine.descriptor.TestFactoryTestDescriptor.lambda$invokeTestMethod$1(TestFactoryTestDescriptor.java:108)
	at app//org.junit.platform.engine.support.hierarchical.ThrowableCollector.execute(ThrowableCollector.java:73)
	at app//org.junit.jupiter.engine.descriptor.TestFactoryTestDescriptor.invokeTestMethod(TestFactoryTestDescriptor.java:95)
	at app//org.junit.jupiter.engine.descriptor.TestMethodTestDescriptor.execute(TestMethodTestDescriptor.java:138)
	at app//org.junit.jupiter.engine.descriptor.TestMethodTestDescriptor.execute(TestMethodTestDescriptor.java:68)
	at app//org.junit.platform.engine.support.hierarchical.NodeTestTask.lambda$executeRecursively$6(NodeTestTask.java:151)
	at app//org.junit.platform.engine.support.hierarchical.ThrowableCollector.execute(ThrowableCollector.java:73)
	at app//org.junit.platform.engine.support.hierarchical.NodeTestTask.lambda$executeRecursively$8(NodeTestTask.java:141)
	at app//org.junit.platform.engine.support.hierarchical.Node.around(Node.java:137)
	at app//org.junit.platform.engine.support.hierarchical.NodeTestTask.lambda$executeRecursively$9(NodeTestTask.java:139)
	at app//org.junit.platform.engine.support.hierarchical.ThrowableCollector.execute(ThrowableCollector.java:73)
	at app//org.junit.platform.engine.support.hierarchical.NodeTestTask.executeRecursively(NodeTestTask.java:138)
	at app//org.junit.platform.engine.support.hierarchical.NodeTestTask.execute(NodeTestTask.java:95)
	at java.base@11.0.18/java.util.ArrayList.forEach(ArrayList.java:1541)
	at app//org.junit.platform.engine.support.hierarchical.SameThreadHierarchicalTestExecutorService.invokeAll(SameThreadHierarchicalTestExecutorService.java:41)
	at app//org.junit.platform.engine.support.hierarchical.NodeTestTask.lambda$executeRecursively$6(NodeTestTask.java:155)
	at app//org.junit.platform.engine.support.hierarchical.ThrowableCollector.execute(ThrowableCollector.java:73)
	at app//org.junit.platform.engine.support.hierarchical.NodeTestTask.lambda$executeRecursively$8(NodeTestTask.java:141)
	at app//org.junit.platform.engine.support.hierarchical.Node.around(Node.java:137)
	at app//org.junit.platform.engine.support.hierarchical.NodeTestTask.lambda$executeRecursively$9(NodeTestTask.java:139)
	at app//org.junit.platform.engine.support.hierarchical.ThrowableCollector.execute(ThrowableCollector.java:73)
	at app//org.junit.platform.engine.support.hierarchical.NodeTestTask.executeRecursively(NodeTestTask.java:138)
	at app//org.junit.platform.engine.support.hierarchical.NodeTestTask.execute(NodeTestTask.java:95)
	at java.base@11.0.18/java.util.ArrayList.forEach(ArrayList.java:1541)
	at app//org.junit.platform.engine.support.hierarchical.SameThreadHierarchicalTestExecutorService.invokeAll(SameThreadHierarchicalTestExecutorService.java:41)
	at app//org.junit.platform.engine.support.hierarchical.NodeTestTask.lambda$executeRecursively$6(NodeTestTask.java:155)
	at app//org.junit.platform.engine.support.hierarchical.ThrowableCollector.execute(ThrowableCollector.java:73)
	at app//org.junit.platform.engine.support.hierarchical.NodeTestTask.lambda$executeRecursively$8(NodeTestTask.java:141)
	at app//org.junit.platform.engine.support.hierarchical.Node.around(Node.java:137)
	at app//org.junit.platform.engine.support.hierarchical.NodeTestTask.lambda$executeRecursively$9(NodeTestTask.java:139)
	at app//org.junit.platform.engine.support.hierarchical.ThrowableCollector.execute(ThrowableCollector.java:73)
	at app//org.junit.platform.engine.support.hierarchical.NodeTestTask.executeRecursively(NodeTestTask.java:138)
	at app//org.junit.platform.engine.support.hierarchical.NodeTestTask.execute(NodeTestTask.java:95)
	at app//org.junit.platform.engine.support.hierarchical.SameThreadHierarchicalTestExecutorService.submit(SameThreadHierarchicalTestExecutorService.java:35)
	at app//org.junit.platform.engine.support.hierarchical.HierarchicalTestExecutor.execute(HierarchicalTestExecutor.java:57)
	at app//org.junit.platform.engine.support.hierarchical.HierarchicalTestEngine.execute(HierarchicalTestEngine.java:54)
	at app//org.junit.platform.launcher.core.EngineExecutionOrchestrator.execute(EngineExecutionOrchestrator.java:107)
	at app//org.junit.platform.launcher.core.EngineExecutionOrchestrator.execute(EngineExecutionOrchestrator.java:88)
	at app//org.junit.platform.launcher.core.EngineExecutionOrchestrator.lambda$execute$0(EngineExecutionOrchestrator.java:54)
	at app//org.junit.platform.launcher.core.EngineExecutionOrchestrator.withInterceptedStreams(EngineExecutionOrchestrator.java:67)
	at app//org.junit.platform.launcher.core.EngineExecutionOrchestrator.execute(EngineExecutionOrchestrator.java:52)
	at app//org.junit.platform.launcher.core.DefaultLauncher.execute(DefaultLauncher.java:114)
	at app//org.junit.platform.launcher.core.DefaultLauncher.execute(DefaultLauncher.java:86)
	at app//org.junit.platform.launcher.core.DefaultLauncherSession$DelegatingLauncher.execute(DefaultLauncherSession.java:86)
	at org.gradle.api.internal.tasks.testing.junitplatform.JUnitPlatformTestClassProcessor$CollectAllTestClassesExecutor.processAllTestClasses(JUnitPlatformTestClassProcessor.java:110)
	at org.gradle.api.internal.tasks.testing.junitplatform.JUnitPlatformTestClassProcessor$CollectAllTestClassesExecutor.access$000(JUnitPlatformTestClassProcessor.java:90)
	at org.gradle.api.internal.tasks.testing.junitplatform.JUnitPlatformTestClassProcessor.stop(JUnitPlatformTestClassProcessor.java:85)
	at org.gradle.api.internal.tasks.testing.SuiteTestClassProcessor.stop(SuiteTestClassProcessor.java:62)
	at java.base@11.0.18/jdk.internal.reflect.NativeMethodAccessorImpl.invoke0(Native Method)
	at java.base@11.0.18/jdk.internal.reflect.NativeMethodAccessorImpl.invoke(NativeMethodAccessorImpl.java:62)
	at java.base@11.0.18/jdk.internal.reflect.DelegatingMethodAccessorImpl.invoke(DelegatingMethodAccessorImpl.java:43)
	at java.base@11.0.18/java.lang.reflect.Method.invoke(Method.java:566)
	at org.gradle.internal.dispatch.ReflectionDispatch.dispatch(ReflectionDispatch.java:36)
	at org.gradle.internal.dispatch.ReflectionDispatch.dispatch(ReflectionDispatch.java:24)
	at org.gradle.internal.dispatch.ContextClassLoaderDispatch.dispatch(ContextClassLoaderDispatch.java:33)
	at org.gradle.internal.dispatch.ProxyDispatchAdapter$DispatchingInvocationHandler.invoke(ProxyDispatchAdapter.java:94)
	at com.sun.proxy.$Proxy2.stop(Unknown Source)
	at org.gradle.api.internal.tasks.testing.worker.TestWorker$3.run(TestWorker.java:193)
	at org.gradle.api.internal.tasks.testing.worker.TestWorker.executeAndMaintainThreadName(TestWorker.java:129)
	at org.gradle.api.internal.tasks.testing.worker.TestWorker.execute(TestWorker.java:100)
	at org.gradle.api.internal.tasks.testing.worker.TestWorker.execute(TestWorker.java:60)
	at org.gradle.process.internal.worker.child.ActionExecutionWorker.execute(ActionExecutionWorker.java:56)
	at org.gradle.process.internal.worker.child.SystemApplicationClassLoaderWorker.call(SystemApplicationClassLoaderWorker.java:113)
	at org.gradle.process.internal.worker.child.SystemApplicationClassLoaderWorker.call(SystemApplicationClassLoaderWorker.java:65)
	at app//worker.org.gradle.process.internal.worker.GradleWorkerMain.run(GradleWorkerMain.java:69)
	at app//worker.org.gradle.process.internal.worker.GradleWorkerMain.main(GradleWorkerMain.java:74)
</failure>
  </testcase>
  <testcase name="permissionHeap" classname="de.uka.ilkd.key.proof.runallproofs.RunAllProofsFunctional" time="852.342">
    <failure message="org.opentest4j.AssertionFailedError: Executed process terminated with non-zero exit value. ==&gt; expected: &lt;0&gt; but was: &lt;1&gt;" type="org.opentest4j.AssertionFailedError">org.opentest4j.AssertionFailedError: Executed process terminated with non-zero exit value. ==&gt; expected: &lt;0&gt; but was: &lt;1&gt;
	at app//org.junit.jupiter.api.AssertionFailureBuilder.build(AssertionFailureBuilder.java:151)
	at app//org.junit.jupiter.api.AssertionFailureBuilder.buildAndThrow(AssertionFailureBuilder.java:132)
	at app//org.junit.jupiter.api.AssertEquals.failNotEqual(AssertEquals.java:197)
	at app//org.junit.jupiter.api.AssertEquals.assertEquals(AssertEquals.java:150)
	at app//org.junit.jupiter.api.Assertions.assertEquals(Assertions.java:560)
	at app//de.uka.ilkd.key.proof.runallproofs.proofcollection.ForkedTestFileRunner.processTestFiles(ForkedTestFileRunner.java:130)
	at app//de.uka.ilkd.key.proof.runallproofs.RunAllProofsTestUnit.runTest(RunAllProofsTestUnit.java:89)
	at app//de.uka.ilkd.key.proof.runallproofs.RunAllProofsTest.lambda$data$0(RunAllProofsTest.java:77)
	at app//org.junit.jupiter.engine.descriptor.DynamicTestTestDescriptor.lambda$execute$0(DynamicTestTestDescriptor.java:53)
	at app//org.junit.jupiter.engine.execution.InvocationInterceptorChain$ValidatingInvocation.proceed(InvocationInterceptorChain.java:131)
	at app//org.junit.jupiter.api.extension.InvocationInterceptor.interceptDynamicTest(InvocationInterceptor.java:167)
	at app//org.junit.jupiter.api.extension.InvocationInterceptor.interceptDynamicTest(InvocationInterceptor.java:184)
	at app//org.junit.jupiter.engine.descriptor.DynamicTestTestDescriptor.lambda$execute$1(DynamicTestTestDescriptor.java:61)
	at app//org.junit.jupiter.engine.execution.InvocationInterceptorChain$InterceptorCall.lambda$ofVoid$0(InvocationInterceptorChain.java:78)
	at app//org.junit.jupiter.engine.execution.InvocationInterceptorChain$InterceptedInvocation.proceed(InvocationInterceptorChain.java:106)
	at app//org.junit.jupiter.engine.execution.InvocationInterceptorChain.proceed(InvocationInterceptorChain.java:64)
	at app//org.junit.jupiter.engine.execution.InvocationInterceptorChain.chainAndInvoke(InvocationInterceptorChain.java:45)
	at app//org.junit.jupiter.engine.execution.InvocationInterceptorChain.invoke(InvocationInterceptorChain.java:37)
	at app//org.junit.jupiter.engine.descriptor.DynamicTestTestDescriptor.execute(DynamicTestTestDescriptor.java:60)
	at app//org.junit.jupiter.engine.descriptor.DynamicTestTestDescriptor.execute(DynamicTestTestDescriptor.java:32)
	at app//org.junit.platform.engine.support.hierarchical.NodeTestTask.lambda$executeRecursively$6(NodeTestTask.java:151)
	at app//org.junit.platform.engine.support.hierarchical.ThrowableCollector.execute(ThrowableCollector.java:73)
	at app//org.junit.platform.engine.support.hierarchical.NodeTestTask.lambda$executeRecursively$8(NodeTestTask.java:141)
	at app//org.junit.platform.engine.support.hierarchical.Node.around(Node.java:137)
	at app//org.junit.platform.engine.support.hierarchical.NodeTestTask.lambda$executeRecursively$9(NodeTestTask.java:139)
	at app//org.junit.platform.engine.support.hierarchical.ThrowableCollector.execute(ThrowableCollector.java:73)
	at app//org.junit.platform.engine.support.hierarchical.NodeTestTask.executeRecursively(NodeTestTask.java:138)
	at app//org.junit.platform.engine.support.hierarchical.NodeTestTask.execute(NodeTestTask.java:95)
	at app//org.junit.platform.engine.support.hierarchical.SameThreadHierarchicalTestExecutorService.submit(SameThreadHierarchicalTestExecutorService.java:35)
	at app//org.junit.platform.engine.support.hierarchical.NodeTestTask$DefaultDynamicTestExecutor.execute(NodeTestTask.java:226)
	at app//org.junit.platform.engine.support.hierarchical.NodeTestTask$DefaultDynamicTestExecutor.execute(NodeTestTask.java:204)
	at java.base@11.0.18/java.util.Optional.ifPresent(Optional.java:183)
	at app//org.junit.jupiter.engine.descriptor.TestFactoryTestDescriptor.lambda$invokeTestMethod$1(TestFactoryTestDescriptor.java:108)
	at app//org.junit.platform.engine.support.hierarchical.ThrowableCollector.execute(ThrowableCollector.java:73)
	at app//org.junit.jupiter.engine.descriptor.TestFactoryTestDescriptor.invokeTestMethod(TestFactoryTestDescriptor.java:95)
	at app//org.junit.jupiter.engine.descriptor.TestMethodTestDescriptor.execute(TestMethodTestDescriptor.java:138)
	at app//org.junit.jupiter.engine.descriptor.TestMethodTestDescriptor.execute(TestMethodTestDescriptor.java:68)
	at app//org.junit.platform.engine.support.hierarchical.NodeTestTask.lambda$executeRecursively$6(NodeTestTask.java:151)
	at app//org.junit.platform.engine.support.hierarchical.ThrowableCollector.execute(ThrowableCollector.java:73)
	at app//org.junit.platform.engine.support.hierarchical.NodeTestTask.lambda$executeRecursively$8(NodeTestTask.java:141)
	at app//org.junit.platform.engine.support.hierarchical.Node.around(Node.java:137)
	at app//org.junit.platform.engine.support.hierarchical.NodeTestTask.lambda$executeRecursively$9(NodeTestTask.java:139)
	at app//org.junit.platform.engine.support.hierarchical.ThrowableCollector.execute(ThrowableCollector.java:73)
	at app//org.junit.platform.engine.support.hierarchical.NodeTestTask.executeRecursively(NodeTestTask.java:138)
	at app//org.junit.platform.engine.support.hierarchical.NodeTestTask.execute(NodeTestTask.java:95)
	at java.base@11.0.18/java.util.ArrayList.forEach(ArrayList.java:1541)
	at app//org.junit.platform.engine.support.hierarchical.SameThreadHierarchicalTestExecutorService.invokeAll(SameThreadHierarchicalTestExecutorService.java:41)
	at app//org.junit.platform.engine.support.hierarchical.NodeTestTask.lambda$executeRecursively$6(NodeTestTask.java:155)
	at app//org.junit.platform.engine.support.hierarchical.ThrowableCollector.execute(ThrowableCollector.java:73)
	at app//org.junit.platform.engine.support.hierarchical.NodeTestTask.lambda$executeRecursively$8(NodeTestTask.java:141)
	at app//org.junit.platform.engine.support.hierarchical.Node.around(Node.java:137)
	at app//org.junit.platform.engine.support.hierarchical.NodeTestTask.lambda$executeRecursively$9(NodeTestTask.java:139)
	at app//org.junit.platform.engine.support.hierarchical.ThrowableCollector.execute(ThrowableCollector.java:73)
	at app//org.junit.platform.engine.support.hierarchical.NodeTestTask.executeRecursively(NodeTestTask.java:138)
	at app//org.junit.platform.engine.support.hierarchical.NodeTestTask.execute(NodeTestTask.java:95)
	at java.base@11.0.18/java.util.ArrayList.forEach(ArrayList.java:1541)
	at app//org.junit.platform.engine.support.hierarchical.SameThreadHierarchicalTestExecutorService.invokeAll(SameThreadHierarchicalTestExecutorService.java:41)
	at app//org.junit.platform.engine.support.hierarchical.NodeTestTask.lambda$executeRecursively$6(NodeTestTask.java:155)
	at app//org.junit.platform.engine.support.hierarchical.ThrowableCollector.execute(ThrowableCollector.java:73)
	at app//org.junit.platform.engine.support.hierarchical.NodeTestTask.lambda$executeRecursively$8(NodeTestTask.java:141)
	at app//org.junit.platform.engine.support.hierarchical.Node.around(Node.java:137)
	at app//org.junit.platform.engine.support.hierarchical.NodeTestTask.lambda$executeRecursively$9(NodeTestTask.java:139)
	at app//org.junit.platform.engine.support.hierarchical.ThrowableCollector.execute(ThrowableCollector.java:73)
	at app//org.junit.platform.engine.support.hierarchical.NodeTestTask.executeRecursively(NodeTestTask.java:138)
	at app//org.junit.platform.engine.support.hierarchical.NodeTestTask.execute(NodeTestTask.java:95)
	at app//org.junit.platform.engine.support.hierarchical.SameThreadHierarchicalTestExecutorService.submit(SameThreadHierarchicalTestExecutorService.java:35)
	at app//org.junit.platform.engine.support.hierarchical.HierarchicalTestExecutor.execute(HierarchicalTestExecutor.java:57)
	at app//org.junit.platform.engine.support.hierarchical.HierarchicalTestEngine.execute(HierarchicalTestEngine.java:54)
	at app//org.junit.platform.launcher.core.EngineExecutionOrchestrator.execute(EngineExecutionOrchestrator.java:107)
	at app//org.junit.platform.launcher.core.EngineExecutionOrchestrator.execute(EngineExecutionOrchestrator.java:88)
	at app//org.junit.platform.launcher.core.EngineExecutionOrchestrator.lambda$execute$0(EngineExecutionOrchestrator.java:54)
	at app//org.junit.platform.launcher.core.EngineExecutionOrchestrator.withInterceptedStreams(EngineExecutionOrchestrator.java:67)
	at app//org.junit.platform.launcher.core.EngineExecutionOrchestrator.execute(EngineExecutionOrchestrator.java:52)
	at app//org.junit.platform.launcher.core.DefaultLauncher.execute(DefaultLauncher.java:114)
	at app//org.junit.platform.launcher.core.DefaultLauncher.execute(DefaultLauncher.java:86)
	at app//org.junit.platform.launcher.core.DefaultLauncherSession$DelegatingLauncher.execute(DefaultLauncherSession.java:86)
	at org.gradle.api.internal.tasks.testing.junitplatform.JUnitPlatformTestClassProcessor$CollectAllTestClassesExecutor.processAllTestClasses(JUnitPlatformTestClassProcessor.java:110)
	at org.gradle.api.internal.tasks.testing.junitplatform.JUnitPlatformTestClassProcessor$CollectAllTestClassesExecutor.access$000(JUnitPlatformTestClassProcessor.java:90)
	at org.gradle.api.internal.tasks.testing.junitplatform.JUnitPlatformTestClassProcessor.stop(JUnitPlatformTestClassProcessor.java:85)
	at org.gradle.api.internal.tasks.testing.SuiteTestClassProcessor.stop(SuiteTestClassProcessor.java:62)
	at java.base@11.0.18/jdk.internal.reflect.NativeMethodAccessorImpl.invoke0(Native Method)
	at java.base@11.0.18/jdk.internal.reflect.NativeMethodAccessorImpl.invoke(NativeMethodAccessorImpl.java:62)
	at java.base@11.0.18/jdk.internal.reflect.DelegatingMethodAccessorImpl.invoke(DelegatingMethodAccessorImpl.java:43)
	at java.base@11.0.18/java.lang.reflect.Method.invoke(Method.java:566)
	at org.gradle.internal.dispatch.ReflectionDispatch.dispatch(ReflectionDispatch.java:36)
	at org.gradle.internal.dispatch.ReflectionDispatch.dispatch(ReflectionDispatch.java:24)
	at org.gradle.internal.dispatch.ContextClassLoaderDispatch.dispatch(ContextClassLoaderDispatch.java:33)
	at org.gradle.internal.dispatch.ProxyDispatchAdapter$DispatchingInvocationHandler.invoke(ProxyDispatchAdapter.java:94)
	at com.sun.proxy.$Proxy2.stop(Unknown Source)
	at org.gradle.api.internal.tasks.testing.worker.TestWorker$3.run(TestWorker.java:193)
	at org.gradle.api.internal.tasks.testing.worker.TestWorker.executeAndMaintainThreadName(TestWorker.java:129)
	at org.gradle.api.internal.tasks.testing.worker.TestWorker.execute(TestWorker.java:100)
	at org.gradle.api.internal.tasks.testing.worker.TestWorker.execute(TestWorker.java:60)
	at org.gradle.process.internal.worker.child.ActionExecutionWorker.execute(ActionExecutionWorker.java:56)
	at org.gradle.process.internal.worker.child.SystemApplicationClassLoaderWorker.call(SystemApplicationClassLoaderWorker.java:113)
	at org.gradle.process.internal.worker.child.SystemApplicationClassLoaderWorker.call(SystemApplicationClassLoaderWorker.java:65)
	at app//worker.org.gradle.process.internal.worker.GradleWorkerMain.run(GradleWorkerMain.java:69)
	at app//worker.org.gradle.process.internal.worker.GradleWorkerMain.main(GradleWorkerMain.java:74)
</failure>
  </testcase>
  <testcase name="completionScopes" classname="de.uka.ilkd.key.proof.runallproofs.RunAllProofsFunctional" time="51.447">
    <failure message="org.opentest4j.AssertionFailedError: Executed process terminated with non-zero exit value. ==&gt; expected: &lt;0&gt; but was: &lt;1&gt;" type="org.opentest4j.AssertionFailedError">org.opentest4j.AssertionFailedError: Executed process terminated with non-zero exit value. ==&gt; expected: &lt;0&gt; but was: &lt;1&gt;
	at app//org.junit.jupiter.api.AssertionFailureBuilder.build(AssertionFailureBuilder.java:151)
	at app//org.junit.jupiter.api.AssertionFailureBuilder.buildAndThrow(AssertionFailureBuilder.java:132)
	at app//org.junit.jupiter.api.AssertEquals.failNotEqual(AssertEquals.java:197)
	at app//org.junit.jupiter.api.AssertEquals.assertEquals(AssertEquals.java:150)
	at app//org.junit.jupiter.api.Assertions.assertEquals(Assertions.java:560)
	at app//de.uka.ilkd.key.proof.runallproofs.proofcollection.ForkedTestFileRunner.processTestFiles(ForkedTestFileRunner.java:130)
	at app//de.uka.ilkd.key.proof.runallproofs.RunAllProofsTestUnit.runTest(RunAllProofsTestUnit.java:89)
	at app//de.uka.ilkd.key.proof.runallproofs.RunAllProofsTest.lambda$data$0(RunAllProofsTest.java:77)
	at app//org.junit.jupiter.engine.descriptor.DynamicTestTestDescriptor.lambda$execute$0(DynamicTestTestDescriptor.java:53)
	at app//org.junit.jupiter.engine.execution.InvocationInterceptorChain$ValidatingInvocation.proceed(InvocationInterceptorChain.java:131)
	at app//org.junit.jupiter.api.extension.InvocationInterceptor.interceptDynamicTest(InvocationInterceptor.java:167)
	at app//org.junit.jupiter.api.extension.InvocationInterceptor.interceptDynamicTest(InvocationInterceptor.java:184)
	at app//org.junit.jupiter.engine.descriptor.DynamicTestTestDescriptor.lambda$execute$1(DynamicTestTestDescriptor.java:61)
	at app//org.junit.jupiter.engine.execution.InvocationInterceptorChain$InterceptorCall.lambda$ofVoid$0(InvocationInterceptorChain.java:78)
	at app//org.junit.jupiter.engine.execution.InvocationInterceptorChain$InterceptedInvocation.proceed(InvocationInterceptorChain.java:106)
	at app//org.junit.jupiter.engine.execution.InvocationInterceptorChain.proceed(InvocationInterceptorChain.java:64)
	at app//org.junit.jupiter.engine.execution.InvocationInterceptorChain.chainAndInvoke(InvocationInterceptorChain.java:45)
	at app//org.junit.jupiter.engine.execution.InvocationInterceptorChain.invoke(InvocationInterceptorChain.java:37)
	at app//org.junit.jupiter.engine.descriptor.DynamicTestTestDescriptor.execute(DynamicTestTestDescriptor.java:60)
	at app//org.junit.jupiter.engine.descriptor.DynamicTestTestDescriptor.execute(DynamicTestTestDescriptor.java:32)
	at app//org.junit.platform.engine.support.hierarchical.NodeTestTask.lambda$executeRecursively$6(NodeTestTask.java:151)
	at app//org.junit.platform.engine.support.hierarchical.ThrowableCollector.execute(ThrowableCollector.java:73)
	at app//org.junit.platform.engine.support.hierarchical.NodeTestTask.lambda$executeRecursively$8(NodeTestTask.java:141)
	at app//org.junit.platform.engine.support.hierarchical.Node.around(Node.java:137)
	at app//org.junit.platform.engine.support.hierarchical.NodeTestTask.lambda$executeRecursively$9(NodeTestTask.java:139)
	at app//org.junit.platform.engine.support.hierarchical.ThrowableCollector.execute(ThrowableCollector.java:73)
	at app//org.junit.platform.engine.support.hierarchical.NodeTestTask.executeRecursively(NodeTestTask.java:138)
	at app//org.junit.platform.engine.support.hierarchical.NodeTestTask.execute(NodeTestTask.java:95)
	at app//org.junit.platform.engine.support.hierarchical.SameThreadHierarchicalTestExecutorService.submit(SameThreadHierarchicalTestExecutorService.java:35)
	at app//org.junit.platform.engine.support.hierarchical.NodeTestTask$DefaultDynamicTestExecutor.execute(NodeTestTask.java:226)
	at app//org.junit.platform.engine.support.hierarchical.NodeTestTask$DefaultDynamicTestExecutor.execute(NodeTestTask.java:204)
	at java.base@11.0.18/java.util.Optional.ifPresent(Optional.java:183)
	at app//org.junit.jupiter.engine.descriptor.TestFactoryTestDescriptor.lambda$invokeTestMethod$1(TestFactoryTestDescriptor.java:108)
	at app//org.junit.platform.engine.support.hierarchical.ThrowableCollector.execute(ThrowableCollector.java:73)
	at app//org.junit.jupiter.engine.descriptor.TestFactoryTestDescriptor.invokeTestMethod(TestFactoryTestDescriptor.java:95)
	at app//org.junit.jupiter.engine.descriptor.TestMethodTestDescriptor.execute(TestMethodTestDescriptor.java:138)
	at app//org.junit.jupiter.engine.descriptor.TestMethodTestDescriptor.execute(TestMethodTestDescriptor.java:68)
	at app//org.junit.platform.engine.support.hierarchical.NodeTestTask.lambda$executeRecursively$6(NodeTestTask.java:151)
	at app//org.junit.platform.engine.support.hierarchical.ThrowableCollector.execute(ThrowableCollector.java:73)
	at app//org.junit.platform.engine.support.hierarchical.NodeTestTask.lambda$executeRecursively$8(NodeTestTask.java:141)
	at app//org.junit.platform.engine.support.hierarchical.Node.around(Node.java:137)
	at app//org.junit.platform.engine.support.hierarchical.NodeTestTask.lambda$executeRecursively$9(NodeTestTask.java:139)
	at app//org.junit.platform.engine.support.hierarchical.ThrowableCollector.execute(ThrowableCollector.java:73)
	at app//org.junit.platform.engine.support.hierarchical.NodeTestTask.executeRecursively(NodeTestTask.java:138)
	at app//org.junit.platform.engine.support.hierarchical.NodeTestTask.execute(NodeTestTask.java:95)
	at java.base@11.0.18/java.util.ArrayList.forEach(ArrayList.java:1541)
	at app//org.junit.platform.engine.support.hierarchical.SameThreadHierarchicalTestExecutorService.invokeAll(SameThreadHierarchicalTestExecutorService.java:41)
	at app//org.junit.platform.engine.support.hierarchical.NodeTestTask.lambda$executeRecursively$6(NodeTestTask.java:155)
	at app//org.junit.platform.engine.support.hierarchical.ThrowableCollector.execute(ThrowableCollector.java:73)
	at app//org.junit.platform.engine.support.hierarchical.NodeTestTask.lambda$executeRecursively$8(NodeTestTask.java:141)
	at app//org.junit.platform.engine.support.hierarchical.Node.around(Node.java:137)
	at app//org.junit.platform.engine.support.hierarchical.NodeTestTask.lambda$executeRecursively$9(NodeTestTask.java:139)
	at app//org.junit.platform.engine.support.hierarchical.ThrowableCollector.execute(ThrowableCollector.java:73)
	at app//org.junit.platform.engine.support.hierarchical.NodeTestTask.executeRecursively(NodeTestTask.java:138)
	at app//org.junit.platform.engine.support.hierarchical.NodeTestTask.execute(NodeTestTask.java:95)
	at java.base@11.0.18/java.util.ArrayList.forEach(ArrayList.java:1541)
	at app//org.junit.platform.engine.support.hierarchical.SameThreadHierarchicalTestExecutorService.invokeAll(SameThreadHierarchicalTestExecutorService.java:41)
	at app//org.junit.platform.engine.support.hierarchical.NodeTestTask.lambda$executeRecursively$6(NodeTestTask.java:155)
	at app//org.junit.platform.engine.support.hierarchical.ThrowableCollector.execute(ThrowableCollector.java:73)
	at app//org.junit.platform.engine.support.hierarchical.NodeTestTask.lambda$executeRecursively$8(NodeTestTask.java:141)
	at app//org.junit.platform.engine.support.hierarchical.Node.around(Node.java:137)
	at app//org.junit.platform.engine.support.hierarchical.NodeTestTask.lambda$executeRecursively$9(NodeTestTask.java:139)
	at app//org.junit.platform.engine.support.hierarchical.ThrowableCollector.execute(ThrowableCollector.java:73)
	at app//org.junit.platform.engine.support.hierarchical.NodeTestTask.executeRecursively(NodeTestTask.java:138)
	at app//org.junit.platform.engine.support.hierarchical.NodeTestTask.execute(NodeTestTask.java:95)
	at app//org.junit.platform.engine.support.hierarchical.SameThreadHierarchicalTestExecutorService.submit(SameThreadHierarchicalTestExecutorService.java:35)
	at app//org.junit.platform.engine.support.hierarchical.HierarchicalTestExecutor.execute(HierarchicalTestExecutor.java:57)
	at app//org.junit.platform.engine.support.hierarchical.HierarchicalTestEngine.execute(HierarchicalTestEngine.java:54)
	at app//org.junit.platform.launcher.core.EngineExecutionOrchestrator.execute(EngineExecutionOrchestrator.java:107)
	at app//org.junit.platform.launcher.core.EngineExecutionOrchestrator.execute(EngineExecutionOrchestrator.java:88)
	at app//org.junit.platform.launcher.core.EngineExecutionOrchestrator.lambda$execute$0(EngineExecutionOrchestrator.java:54)
	at app//org.junit.platform.launcher.core.EngineExecutionOrchestrator.withInterceptedStreams(EngineExecutionOrchestrator.java:67)
	at app//org.junit.platform.launcher.core.EngineExecutionOrchestrator.execute(EngineExecutionOrchestrator.java:52)
	at app//org.junit.platform.launcher.core.DefaultLauncher.execute(DefaultLauncher.java:114)
	at app//org.junit.platform.launcher.core.DefaultLauncher.execute(DefaultLauncher.java:86)
	at app//org.junit.platform.launcher.core.DefaultLauncherSession$DelegatingLauncher.execute(DefaultLauncherSession.java:86)
	at org.gradle.api.internal.tasks.testing.junitplatform.JUnitPlatformTestClassProcessor$CollectAllTestClassesExecutor.processAllTestClasses(JUnitPlatformTestClassProcessor.java:110)
	at org.gradle.api.internal.tasks.testing.junitplatform.JUnitPlatformTestClassProcessor$CollectAllTestClassesExecutor.access$000(JUnitPlatformTestClassProcessor.java:90)
	at org.gradle.api.internal.tasks.testing.junitplatform.JUnitPlatformTestClassProcessor.stop(JUnitPlatformTestClassProcessor.java:85)
	at org.gradle.api.internal.tasks.testing.SuiteTestClassProcessor.stop(SuiteTestClassProcessor.java:62)
	at java.base@11.0.18/jdk.internal.reflect.NativeMethodAccessorImpl.invoke0(Native Method)
	at java.base@11.0.18/jdk.internal.reflect.NativeMethodAccessorImpl.invoke(NativeMethodAccessorImpl.java:62)
	at java.base@11.0.18/jdk.internal.reflect.DelegatingMethodAccessorImpl.invoke(DelegatingMethodAccessorImpl.java:43)
	at java.base@11.0.18/java.lang.reflect.Method.invoke(Method.java:566)
	at org.gradle.internal.dispatch.ReflectionDispatch.dispatch(ReflectionDispatch.java:36)
	at org.gradle.internal.dispatch.ReflectionDispatch.dispatch(ReflectionDispatch.java:24)
	at org.gradle.internal.dispatch.ContextClassLoaderDispatch.dispatch(ContextClassLoaderDispatch.java:33)
	at org.gradle.internal.dispatch.ProxyDispatchAdapter$DispatchingInvocationHandler.invoke(ProxyDispatchAdapter.java:94)
	at com.sun.proxy.$Proxy2.stop(Unknown Source)
	at org.gradle.api.internal.tasks.testing.worker.TestWorker$3.run(TestWorker.java:193)
	at org.gradle.api.internal.tasks.testing.worker.TestWorker.executeAndMaintainThreadName(TestWorker.java:129)
	at org.gradle.api.internal.tasks.testing.worker.TestWorker.execute(TestWorker.java:100)
	at org.gradle.api.internal.tasks.testing.worker.TestWorker.execute(TestWorker.java:60)
	at org.gradle.process.internal.worker.child.ActionExecutionWorker.execute(ActionExecutionWorker.java:56)
	at org.gradle.process.internal.worker.child.SystemApplicationClassLoaderWorker.call(SystemApplicationClassLoaderWorker.java:113)
	at org.gradle.process.internal.worker.child.SystemApplicationClassLoaderWorker.call(SystemApplicationClassLoaderWorker.java:65)
	at app//worker.org.gradle.process.internal.worker.GradleWorkerMain.run(GradleWorkerMain.java:69)
	at app//worker.org.gradle.process.internal.worker.GradleWorkerMain.main(GradleWorkerMain.java:74)
</failure>
  </testcase>
  <testcase name="reload_examples" classname="de.uka.ilkd.key.proof.runallproofs.RunAllProofsFunctional" time="22.956">
    <failure message="org.opentest4j.AssertionFailedError: Executed process terminated with non-zero exit value. ==&gt; expected: &lt;0&gt; but was: &lt;1&gt;" type="org.opentest4j.AssertionFailedError">org.opentest4j.AssertionFailedError: Executed process terminated with non-zero exit value. ==&gt; expected: &lt;0&gt; but was: &lt;1&gt;
	at app//org.junit.jupiter.api.AssertionFailureBuilder.build(AssertionFailureBuilder.java:151)
	at app//org.junit.jupiter.api.AssertionFailureBuilder.buildAndThrow(AssertionFailureBuilder.java:132)
	at app//org.junit.jupiter.api.AssertEquals.failNotEqual(AssertEquals.java:197)
	at app//org.junit.jupiter.api.AssertEquals.assertEquals(AssertEquals.java:150)
	at app//org.junit.jupiter.api.Assertions.assertEquals(Assertions.java:560)
	at app//de.uka.ilkd.key.proof.runallproofs.proofcollection.ForkedTestFileRunner.processTestFiles(ForkedTestFileRunner.java:130)
	at app//de.uka.ilkd.key.proof.runallproofs.RunAllProofsTestUnit.runTest(RunAllProofsTestUnit.java:89)
	at app//de.uka.ilkd.key.proof.runallproofs.RunAllProofsTest.lambda$data$0(RunAllProofsTest.java:77)
	at app//org.junit.jupiter.engine.descriptor.DynamicTestTestDescriptor.lambda$execute$0(DynamicTestTestDescriptor.java:53)
	at app//org.junit.jupiter.engine.execution.InvocationInterceptorChain$ValidatingInvocation.proceed(InvocationInterceptorChain.java:131)
	at app//org.junit.jupiter.api.extension.InvocationInterceptor.interceptDynamicTest(InvocationInterceptor.java:167)
	at app//org.junit.jupiter.api.extension.InvocationInterceptor.interceptDynamicTest(InvocationInterceptor.java:184)
	at app//org.junit.jupiter.engine.descriptor.DynamicTestTestDescriptor.lambda$execute$1(DynamicTestTestDescriptor.java:61)
	at app//org.junit.jupiter.engine.execution.InvocationInterceptorChain$InterceptorCall.lambda$ofVoid$0(InvocationInterceptorChain.java:78)
	at app//org.junit.jupiter.engine.execution.InvocationInterceptorChain$InterceptedInvocation.proceed(InvocationInterceptorChain.java:106)
	at app//org.junit.jupiter.engine.execution.InvocationInterceptorChain.proceed(InvocationInterceptorChain.java:64)
	at app//org.junit.jupiter.engine.execution.InvocationInterceptorChain.chainAndInvoke(InvocationInterceptorChain.java:45)
	at app//org.junit.jupiter.engine.execution.InvocationInterceptorChain.invoke(InvocationInterceptorChain.java:37)
	at app//org.junit.jupiter.engine.descriptor.DynamicTestTestDescriptor.execute(DynamicTestTestDescriptor.java:60)
	at app//org.junit.jupiter.engine.descriptor.DynamicTestTestDescriptor.execute(DynamicTestTestDescriptor.java:32)
	at app//org.junit.platform.engine.support.hierarchical.NodeTestTask.lambda$executeRecursively$6(NodeTestTask.java:151)
	at app//org.junit.platform.engine.support.hierarchical.ThrowableCollector.execute(ThrowableCollector.java:73)
	at app//org.junit.platform.engine.support.hierarchical.NodeTestTask.lambda$executeRecursively$8(NodeTestTask.java:141)
	at app//org.junit.platform.engine.support.hierarchical.Node.around(Node.java:137)
	at app//org.junit.platform.engine.support.hierarchical.NodeTestTask.lambda$executeRecursively$9(NodeTestTask.java:139)
	at app//org.junit.platform.engine.support.hierarchical.ThrowableCollector.execute(ThrowableCollector.java:73)
	at app//org.junit.platform.engine.support.hierarchical.NodeTestTask.executeRecursively(NodeTestTask.java:138)
	at app//org.junit.platform.engine.support.hierarchical.NodeTestTask.execute(NodeTestTask.java:95)
	at app//org.junit.platform.engine.support.hierarchical.SameThreadHierarchicalTestExecutorService.submit(SameThreadHierarchicalTestExecutorService.java:35)
	at app//org.junit.platform.engine.support.hierarchical.NodeTestTask$DefaultDynamicTestExecutor.execute(NodeTestTask.java:226)
	at app//org.junit.platform.engine.support.hierarchical.NodeTestTask$DefaultDynamicTestExecutor.execute(NodeTestTask.java:204)
	at java.base@11.0.18/java.util.Optional.ifPresent(Optional.java:183)
	at app//org.junit.jupiter.engine.descriptor.TestFactoryTestDescriptor.lambda$invokeTestMethod$1(TestFactoryTestDescriptor.java:108)
	at app//org.junit.platform.engine.support.hierarchical.ThrowableCollector.execute(ThrowableCollector.java:73)
	at app//org.junit.jupiter.engine.descriptor.TestFactoryTestDescriptor.invokeTestMethod(TestFactoryTestDescriptor.java:95)
	at app//org.junit.jupiter.engine.descriptor.TestMethodTestDescriptor.execute(TestMethodTestDescriptor.java:138)
	at app//org.junit.jupiter.engine.descriptor.TestMethodTestDescriptor.execute(TestMethodTestDescriptor.java:68)
	at app//org.junit.platform.engine.support.hierarchical.NodeTestTask.lambda$executeRecursively$6(NodeTestTask.java:151)
	at app//org.junit.platform.engine.support.hierarchical.ThrowableCollector.execute(ThrowableCollector.java:73)
	at app//org.junit.platform.engine.support.hierarchical.NodeTestTask.lambda$executeRecursively$8(NodeTestTask.java:141)
	at app//org.junit.platform.engine.support.hierarchical.Node.around(Node.java:137)
	at app//org.junit.platform.engine.support.hierarchical.NodeTestTask.lambda$executeRecursively$9(NodeTestTask.java:139)
	at app//org.junit.platform.engine.support.hierarchical.ThrowableCollector.execute(ThrowableCollector.java:73)
	at app//org.junit.platform.engine.support.hierarchical.NodeTestTask.executeRecursively(NodeTestTask.java:138)
	at app//org.junit.platform.engine.support.hierarchical.NodeTestTask.execute(NodeTestTask.java:95)
	at java.base@11.0.18/java.util.ArrayList.forEach(ArrayList.java:1541)
	at app//org.junit.platform.engine.support.hierarchical.SameThreadHierarchicalTestExecutorService.invokeAll(SameThreadHierarchicalTestExecutorService.java:41)
	at app//org.junit.platform.engine.support.hierarchical.NodeTestTask.lambda$executeRecursively$6(NodeTestTask.java:155)
	at app//org.junit.platform.engine.support.hierarchical.ThrowableCollector.execute(ThrowableCollector.java:73)
	at app//org.junit.platform.engine.support.hierarchical.NodeTestTask.lambda$executeRecursively$8(NodeTestTask.java:141)
	at app//org.junit.platform.engine.support.hierarchical.Node.around(Node.java:137)
	at app//org.junit.platform.engine.support.hierarchical.NodeTestTask.lambda$executeRecursively$9(NodeTestTask.java:139)
	at app//org.junit.platform.engine.support.hierarchical.ThrowableCollector.execute(ThrowableCollector.java:73)
	at app//org.junit.platform.engine.support.hierarchical.NodeTestTask.executeRecursively(NodeTestTask.java:138)
	at app//org.junit.platform.engine.support.hierarchical.NodeTestTask.execute(NodeTestTask.java:95)
	at java.base@11.0.18/java.util.ArrayList.forEach(ArrayList.java:1541)
	at app//org.junit.platform.engine.support.hierarchical.SameThreadHierarchicalTestExecutorService.invokeAll(SameThreadHierarchicalTestExecutorService.java:41)
	at app//org.junit.platform.engine.support.hierarchical.NodeTestTask.lambda$executeRecursively$6(NodeTestTask.java:155)
	at app//org.junit.platform.engine.support.hierarchical.ThrowableCollector.execute(ThrowableCollector.java:73)
	at app//org.junit.platform.engine.support.hierarchical.NodeTestTask.lambda$executeRecursively$8(NodeTestTask.java:141)
	at app//org.junit.platform.engine.support.hierarchical.Node.around(Node.java:137)
	at app//org.junit.platform.engine.support.hierarchical.NodeTestTask.lambda$executeRecursively$9(NodeTestTask.java:139)
	at app//org.junit.platform.engine.support.hierarchical.ThrowableCollector.execute(ThrowableCollector.java:73)
	at app//org.junit.platform.engine.support.hierarchical.NodeTestTask.executeRecursively(NodeTestTask.java:138)
	at app//org.junit.platform.engine.support.hierarchical.NodeTestTask.execute(NodeTestTask.java:95)
	at app//org.junit.platform.engine.support.hierarchical.SameThreadHierarchicalTestExecutorService.submit(SameThreadHierarchicalTestExecutorService.java:35)
	at app//org.junit.platform.engine.support.hierarchical.HierarchicalTestExecutor.execute(HierarchicalTestExecutor.java:57)
	at app//org.junit.platform.engine.support.hierarchical.HierarchicalTestEngine.execute(HierarchicalTestEngine.java:54)
	at app//org.junit.platform.launcher.core.EngineExecutionOrchestrator.execute(EngineExecutionOrchestrator.java:107)
	at app//org.junit.platform.launcher.core.EngineExecutionOrchestrator.execute(EngineExecutionOrchestrator.java:88)
	at app//org.junit.platform.launcher.core.EngineExecutionOrchestrator.lambda$execute$0(EngineExecutionOrchestrator.java:54)
	at app//org.junit.platform.launcher.core.EngineExecutionOrchestrator.withInterceptedStreams(EngineExecutionOrchestrator.java:67)
	at app//org.junit.platform.launcher.core.EngineExecutionOrchestrator.execute(EngineExecutionOrchestrator.java:52)
	at app//org.junit.platform.launcher.core.DefaultLauncher.execute(DefaultLauncher.java:114)
	at app//org.junit.platform.launcher.core.DefaultLauncher.execute(DefaultLauncher.java:86)
	at app//org.junit.platform.launcher.core.DefaultLauncherSession$DelegatingLauncher.execute(DefaultLauncherSession.java:86)
	at org.gradle.api.internal.tasks.testing.junitplatform.JUnitPlatformTestClassProcessor$CollectAllTestClassesExecutor.processAllTestClasses(JUnitPlatformTestClassProcessor.java:110)
	at org.gradle.api.internal.tasks.testing.junitplatform.JUnitPlatformTestClassProcessor$CollectAllTestClassesExecutor.access$000(JUnitPlatformTestClassProcessor.java:90)
	at org.gradle.api.internal.tasks.testing.junitplatform.JUnitPlatformTestClassProcessor.stop(JUnitPlatformTestClassProcessor.java:85)
	at org.gradle.api.internal.tasks.testing.SuiteTestClassProcessor.stop(SuiteTestClassProcessor.java:62)
	at java.base@11.0.18/jdk.internal.reflect.NativeMethodAccessorImpl.invoke0(Native Method)
	at java.base@11.0.18/jdk.internal.reflect.NativeMethodAccessorImpl.invoke(NativeMethodAccessorImpl.java:62)
	at java.base@11.0.18/jdk.internal.reflect.DelegatingMethodAccessorImpl.invoke(DelegatingMethodAccessorImpl.java:43)
	at java.base@11.0.18/java.lang.reflect.Method.invoke(Method.java:566)
	at org.gradle.internal.dispatch.ReflectionDispatch.dispatch(ReflectionDispatch.java:36)
	at org.gradle.internal.dispatch.ReflectionDispatch.dispatch(ReflectionDispatch.java:24)
	at org.gradle.internal.dispatch.ContextClassLoaderDispatch.dispatch(ContextClassLoaderDispatch.java:33)
	at org.gradle.internal.dispatch.ProxyDispatchAdapter$DispatchingInvocationHandler.invoke(ProxyDispatchAdapter.java:94)
	at com.sun.proxy.$Proxy2.stop(Unknown Source)
	at org.gradle.api.internal.tasks.testing.worker.TestWorker$3.run(TestWorker.java:193)
	at org.gradle.api.internal.tasks.testing.worker.TestWorker.executeAndMaintainThreadName(TestWorker.java:129)
	at org.gradle.api.internal.tasks.testing.worker.TestWorker.execute(TestWorker.java:100)
	at org.gradle.api.internal.tasks.testing.worker.TestWorker.execute(TestWorker.java:60)
	at org.gradle.process.internal.worker.child.ActionExecutionWorker.execute(ActionExecutionWorker.java:56)
	at org.gradle.process.internal.worker.child.SystemApplicationClassLoaderWorker.call(SystemApplicationClassLoaderWorker.java:113)
	at org.gradle.process.internal.worker.child.SystemApplicationClassLoaderWorker.call(SystemApplicationClassLoaderWorker.java:65)
	at app//worker.org.gradle.process.internal.worker.GradleWorkerMain.run(GradleWorkerMain.java:69)
	at app//worker.org.gradle.process.internal.worker.GradleWorkerMain.main(GradleWorkerMain.java:74)
</failure>
  </testcase>
  <testcase name="proofLoadRepair" classname="de.uka.ilkd.key.proof.runallproofs.RunAllProofsFunctional" time="18.152"/>
  <testcase name="switch" classname="de.uka.ilkd.key.proof.runallproofs.RunAllProofsFunctional" time="58.474">
    <failure message="org.opentest4j.AssertionFailedError: Executed process terminated with non-zero exit value. ==&gt; expected: &lt;0&gt; but was: &lt;1&gt;" type="org.opentest4j.AssertionFailedError">org.opentest4j.AssertionFailedError: Executed process terminated with non-zero exit value. ==&gt; expected: &lt;0&gt; but was: &lt;1&gt;
	at app//org.junit.jupiter.api.AssertionFailureBuilder.build(AssertionFailureBuilder.java:151)
	at app//org.junit.jupiter.api.AssertionFailureBuilder.buildAndThrow(AssertionFailureBuilder.java:132)
	at app//org.junit.jupiter.api.AssertEquals.failNotEqual(AssertEquals.java:197)
	at app//org.junit.jupiter.api.AssertEquals.assertEquals(AssertEquals.java:150)
	at app//org.junit.jupiter.api.Assertions.assertEquals(Assertions.java:560)
	at app//de.uka.ilkd.key.proof.runallproofs.proofcollection.ForkedTestFileRunner.processTestFiles(ForkedTestFileRunner.java:130)
	at app//de.uka.ilkd.key.proof.runallproofs.RunAllProofsTestUnit.runTest(RunAllProofsTestUnit.java:89)
	at app//de.uka.ilkd.key.proof.runallproofs.RunAllProofsTest.lambda$data$0(RunAllProofsTest.java:77)
	at app//org.junit.jupiter.engine.descriptor.DynamicTestTestDescriptor.lambda$execute$0(DynamicTestTestDescriptor.java:53)
	at app//org.junit.jupiter.engine.execution.InvocationInterceptorChain$ValidatingInvocation.proceed(InvocationInterceptorChain.java:131)
	at app//org.junit.jupiter.api.extension.InvocationInterceptor.interceptDynamicTest(InvocationInterceptor.java:167)
	at app//org.junit.jupiter.api.extension.InvocationInterceptor.interceptDynamicTest(InvocationInterceptor.java:184)
	at app//org.junit.jupiter.engine.descriptor.DynamicTestTestDescriptor.lambda$execute$1(DynamicTestTestDescriptor.java:61)
	at app//org.junit.jupiter.engine.execution.InvocationInterceptorChain$InterceptorCall.lambda$ofVoid$0(InvocationInterceptorChain.java:78)
	at app//org.junit.jupiter.engine.execution.InvocationInterceptorChain$InterceptedInvocation.proceed(InvocationInterceptorChain.java:106)
	at app//org.junit.jupiter.engine.execution.InvocationInterceptorChain.proceed(InvocationInterceptorChain.java:64)
	at app//org.junit.jupiter.engine.execution.InvocationInterceptorChain.chainAndInvoke(InvocationInterceptorChain.java:45)
	at app//org.junit.jupiter.engine.execution.InvocationInterceptorChain.invoke(InvocationInterceptorChain.java:37)
	at app//org.junit.jupiter.engine.descriptor.DynamicTestTestDescriptor.execute(DynamicTestTestDescriptor.java:60)
	at app//org.junit.jupiter.engine.descriptor.DynamicTestTestDescriptor.execute(DynamicTestTestDescriptor.java:32)
	at app//org.junit.platform.engine.support.hierarchical.NodeTestTask.lambda$executeRecursively$6(NodeTestTask.java:151)
	at app//org.junit.platform.engine.support.hierarchical.ThrowableCollector.execute(ThrowableCollector.java:73)
	at app//org.junit.platform.engine.support.hierarchical.NodeTestTask.lambda$executeRecursively$8(NodeTestTask.java:141)
	at app//org.junit.platform.engine.support.hierarchical.Node.around(Node.java:137)
	at app//org.junit.platform.engine.support.hierarchical.NodeTestTask.lambda$executeRecursively$9(NodeTestTask.java:139)
	at app//org.junit.platform.engine.support.hierarchical.ThrowableCollector.execute(ThrowableCollector.java:73)
	at app//org.junit.platform.engine.support.hierarchical.NodeTestTask.executeRecursively(NodeTestTask.java:138)
	at app//org.junit.platform.engine.support.hierarchical.NodeTestTask.execute(NodeTestTask.java:95)
	at app//org.junit.platform.engine.support.hierarchical.SameThreadHierarchicalTestExecutorService.submit(SameThreadHierarchicalTestExecutorService.java:35)
	at app//org.junit.platform.engine.support.hierarchical.NodeTestTask$DefaultDynamicTestExecutor.execute(NodeTestTask.java:226)
	at app//org.junit.platform.engine.support.hierarchical.NodeTestTask$DefaultDynamicTestExecutor.execute(NodeTestTask.java:204)
	at java.base@11.0.18/java.util.Optional.ifPresent(Optional.java:183)
	at app//org.junit.jupiter.engine.descriptor.TestFactoryTestDescriptor.lambda$invokeTestMethod$1(TestFactoryTestDescriptor.java:108)
	at app//org.junit.platform.engine.support.hierarchical.ThrowableCollector.execute(ThrowableCollector.java:73)
	at app//org.junit.jupiter.engine.descriptor.TestFactoryTestDescriptor.invokeTestMethod(TestFactoryTestDescriptor.java:95)
	at app//org.junit.jupiter.engine.descriptor.TestMethodTestDescriptor.execute(TestMethodTestDescriptor.java:138)
	at app//org.junit.jupiter.engine.descriptor.TestMethodTestDescriptor.execute(TestMethodTestDescriptor.java:68)
	at app//org.junit.platform.engine.support.hierarchical.NodeTestTask.lambda$executeRecursively$6(NodeTestTask.java:151)
	at app//org.junit.platform.engine.support.hierarchical.ThrowableCollector.execute(ThrowableCollector.java:73)
	at app//org.junit.platform.engine.support.hierarchical.NodeTestTask.lambda$executeRecursively$8(NodeTestTask.java:141)
	at app//org.junit.platform.engine.support.hierarchical.Node.around(Node.java:137)
	at app//org.junit.platform.engine.support.hierarchical.NodeTestTask.lambda$executeRecursively$9(NodeTestTask.java:139)
	at app//org.junit.platform.engine.support.hierarchical.ThrowableCollector.execute(ThrowableCollector.java:73)
	at app//org.junit.platform.engine.support.hierarchical.NodeTestTask.executeRecursively(NodeTestTask.java:138)
	at app//org.junit.platform.engine.support.hierarchical.NodeTestTask.execute(NodeTestTask.java:95)
	at java.base@11.0.18/java.util.ArrayList.forEach(ArrayList.java:1541)
	at app//org.junit.platform.engine.support.hierarchical.SameThreadHierarchicalTestExecutorService.invokeAll(SameThreadHierarchicalTestExecutorService.java:41)
	at app//org.junit.platform.engine.support.hierarchical.NodeTestTask.lambda$executeRecursively$6(NodeTestTask.java:155)
	at app//org.junit.platform.engine.support.hierarchical.ThrowableCollector.execute(ThrowableCollector.java:73)
	at app//org.junit.platform.engine.support.hierarchical.NodeTestTask.lambda$executeRecursively$8(NodeTestTask.java:141)
	at app//org.junit.platform.engine.support.hierarchical.Node.around(Node.java:137)
	at app//org.junit.platform.engine.support.hierarchical.NodeTestTask.lambda$executeRecursively$9(NodeTestTask.java:139)
	at app//org.junit.platform.engine.support.hierarchical.ThrowableCollector.execute(ThrowableCollector.java:73)
	at app//org.junit.platform.engine.support.hierarchical.NodeTestTask.executeRecursively(NodeTestTask.java:138)
	at app//org.junit.platform.engine.support.hierarchical.NodeTestTask.execute(NodeTestTask.java:95)
	at java.base@11.0.18/java.util.ArrayList.forEach(ArrayList.java:1541)
	at app//org.junit.platform.engine.support.hierarchical.SameThreadHierarchicalTestExecutorService.invokeAll(SameThreadHierarchicalTestExecutorService.java:41)
	at app//org.junit.platform.engine.support.hierarchical.NodeTestTask.lambda$executeRecursively$6(NodeTestTask.java:155)
	at app//org.junit.platform.engine.support.hierarchical.ThrowableCollector.execute(ThrowableCollector.java:73)
	at app//org.junit.platform.engine.support.hierarchical.NodeTestTask.lambda$executeRecursively$8(NodeTestTask.java:141)
	at app//org.junit.platform.engine.support.hierarchical.Node.around(Node.java:137)
	at app//org.junit.platform.engine.support.hierarchical.NodeTestTask.lambda$executeRecursively$9(NodeTestTask.java:139)
	at app//org.junit.platform.engine.support.hierarchical.ThrowableCollector.execute(ThrowableCollector.java:73)
	at app//org.junit.platform.engine.support.hierarchical.NodeTestTask.executeRecursively(NodeTestTask.java:138)
	at app//org.junit.platform.engine.support.hierarchical.NodeTestTask.execute(NodeTestTask.java:95)
	at app//org.junit.platform.engine.support.hierarchical.SameThreadHierarchicalTestExecutorService.submit(SameThreadHierarchicalTestExecutorService.java:35)
	at app//org.junit.platform.engine.support.hierarchical.HierarchicalTestExecutor.execute(HierarchicalTestExecutor.java:57)
	at app//org.junit.platform.engine.support.hierarchical.HierarchicalTestEngine.execute(HierarchicalTestEngine.java:54)
	at app//org.junit.platform.launcher.core.EngineExecutionOrchestrator.execute(EngineExecutionOrchestrator.java:107)
	at app//org.junit.platform.launcher.core.EngineExecutionOrchestrator.execute(EngineExecutionOrchestrator.java:88)
	at app//org.junit.platform.launcher.core.EngineExecutionOrchestrator.lambda$execute$0(EngineExecutionOrchestrator.java:54)
	at app//org.junit.platform.launcher.core.EngineExecutionOrchestrator.withInterceptedStreams(EngineExecutionOrchestrator.java:67)
	at app//org.junit.platform.launcher.core.EngineExecutionOrchestrator.execute(EngineExecutionOrchestrator.java:52)
	at app//org.junit.platform.launcher.core.DefaultLauncher.execute(DefaultLauncher.java:114)
	at app//org.junit.platform.launcher.core.DefaultLauncher.execute(DefaultLauncher.java:86)
	at app//org.junit.platform.launcher.core.DefaultLauncherSession$DelegatingLauncher.execute(DefaultLauncherSession.java:86)
	at org.gradle.api.internal.tasks.testing.junitplatform.JUnitPlatformTestClassProcessor$CollectAllTestClassesExecutor.processAllTestClasses(JUnitPlatformTestClassProcessor.java:110)
	at org.gradle.api.internal.tasks.testing.junitplatform.JUnitPlatformTestClassProcessor$CollectAllTestClassesExecutor.access$000(JUnitPlatformTestClassProcessor.java:90)
	at org.gradle.api.internal.tasks.testing.junitplatform.JUnitPlatformTestClassProcessor.stop(JUnitPlatformTestClassProcessor.java:85)
	at org.gradle.api.internal.tasks.testing.SuiteTestClassProcessor.stop(SuiteTestClassProcessor.java:62)
	at java.base@11.0.18/jdk.internal.reflect.NativeMethodAccessorImpl.invoke0(Native Method)
	at java.base@11.0.18/jdk.internal.reflect.NativeMethodAccessorImpl.invoke(NativeMethodAccessorImpl.java:62)
	at java.base@11.0.18/jdk.internal.reflect.DelegatingMethodAccessorImpl.invoke(DelegatingMethodAccessorImpl.java:43)
	at java.base@11.0.18/java.lang.reflect.Method.invoke(Method.java:566)
	at org.gradle.internal.dispatch.ReflectionDispatch.dispatch(ReflectionDispatch.java:36)
	at org.gradle.internal.dispatch.ReflectionDispatch.dispatch(ReflectionDispatch.java:24)
	at org.gradle.internal.dispatch.ContextClassLoaderDispatch.dispatch(ContextClassLoaderDispatch.java:33)
	at org.gradle.internal.dispatch.ProxyDispatchAdapter$DispatchingInvocationHandler.invoke(ProxyDispatchAdapter.java:94)
	at com.sun.proxy.$Proxy2.stop(Unknown Source)
	at org.gradle.api.internal.tasks.testing.worker.TestWorker$3.run(TestWorker.java:193)
	at org.gradle.api.internal.tasks.testing.worker.TestWorker.executeAndMaintainThreadName(TestWorker.java:129)
	at org.gradle.api.internal.tasks.testing.worker.TestWorker.execute(TestWorker.java:100)
	at org.gradle.api.internal.tasks.testing.worker.TestWorker.execute(TestWorker.java:60)
	at org.gradle.process.internal.worker.child.ActionExecutionWorker.execute(ActionExecutionWorker.java:56)
	at org.gradle.process.internal.worker.child.SystemApplicationClassLoaderWorker.call(SystemApplicationClassLoaderWorker.java:113)
	at org.gradle.process.internal.worker.child.SystemApplicationClassLoaderWorker.call(SystemApplicationClassLoaderWorker.java:65)
	at app//worker.org.gradle.process.internal.worker.GradleWorkerMain.run(GradleWorkerMain.java:69)
	at app//worker.org.gradle.process.internal.worker.GradleWorkerMain.main(GradleWorkerMain.java:74)
</failure>
  </testcase>
  <testcase name="redux" classname="de.uka.ilkd.key.proof.runallproofs.RunAllProofsFunctional" time="114.455">
    <failure message="org.opentest4j.AssertionFailedError: Executed process terminated with non-zero exit value. ==&gt; expected: &lt;0&gt; but was: &lt;1&gt;" type="org.opentest4j.AssertionFailedError">org.opentest4j.AssertionFailedError: Executed process terminated with non-zero exit value. ==&gt; expected: &lt;0&gt; but was: &lt;1&gt;
	at app//org.junit.jupiter.api.AssertionFailureBuilder.build(AssertionFailureBuilder.java:151)
	at app//org.junit.jupiter.api.AssertionFailureBuilder.buildAndThrow(AssertionFailureBuilder.java:132)
	at app//org.junit.jupiter.api.AssertEquals.failNotEqual(AssertEquals.java:197)
	at app//org.junit.jupiter.api.AssertEquals.assertEquals(AssertEquals.java:150)
	at app//org.junit.jupiter.api.Assertions.assertEquals(Assertions.java:560)
	at app//de.uka.ilkd.key.proof.runallproofs.proofcollection.ForkedTestFileRunner.processTestFiles(ForkedTestFileRunner.java:130)
	at app//de.uka.ilkd.key.proof.runallproofs.RunAllProofsTestUnit.runTest(RunAllProofsTestUnit.java:89)
	at app//de.uka.ilkd.key.proof.runallproofs.RunAllProofsTest.lambda$data$0(RunAllProofsTest.java:77)
	at app//org.junit.jupiter.engine.descriptor.DynamicTestTestDescriptor.lambda$execute$0(DynamicTestTestDescriptor.java:53)
	at app//org.junit.jupiter.engine.execution.InvocationInterceptorChain$ValidatingInvocation.proceed(InvocationInterceptorChain.java:131)
	at app//org.junit.jupiter.api.extension.InvocationInterceptor.interceptDynamicTest(InvocationInterceptor.java:167)
	at app//org.junit.jupiter.api.extension.InvocationInterceptor.interceptDynamicTest(InvocationInterceptor.java:184)
	at app//org.junit.jupiter.engine.descriptor.DynamicTestTestDescriptor.lambda$execute$1(DynamicTestTestDescriptor.java:61)
	at app//org.junit.jupiter.engine.execution.InvocationInterceptorChain$InterceptorCall.lambda$ofVoid$0(InvocationInterceptorChain.java:78)
	at app//org.junit.jupiter.engine.execution.InvocationInterceptorChain$InterceptedInvocation.proceed(InvocationInterceptorChain.java:106)
	at app//org.junit.jupiter.engine.execution.InvocationInterceptorChain.proceed(InvocationInterceptorChain.java:64)
	at app//org.junit.jupiter.engine.execution.InvocationInterceptorChain.chainAndInvoke(InvocationInterceptorChain.java:45)
	at app//org.junit.jupiter.engine.execution.InvocationInterceptorChain.invoke(InvocationInterceptorChain.java:37)
	at app//org.junit.jupiter.engine.descriptor.DynamicTestTestDescriptor.execute(DynamicTestTestDescriptor.java:60)
	at app//org.junit.jupiter.engine.descriptor.DynamicTestTestDescriptor.execute(DynamicTestTestDescriptor.java:32)
	at app//org.junit.platform.engine.support.hierarchical.NodeTestTask.lambda$executeRecursively$6(NodeTestTask.java:151)
	at app//org.junit.platform.engine.support.hierarchical.ThrowableCollector.execute(ThrowableCollector.java:73)
	at app//org.junit.platform.engine.support.hierarchical.NodeTestTask.lambda$executeRecursively$8(NodeTestTask.java:141)
	at app//org.junit.platform.engine.support.hierarchical.Node.around(Node.java:137)
	at app//org.junit.platform.engine.support.hierarchical.NodeTestTask.lambda$executeRecursively$9(NodeTestTask.java:139)
	at app//org.junit.platform.engine.support.hierarchical.ThrowableCollector.execute(ThrowableCollector.java:73)
	at app//org.junit.platform.engine.support.hierarchical.NodeTestTask.executeRecursively(NodeTestTask.java:138)
	at app//org.junit.platform.engine.support.hierarchical.NodeTestTask.execute(NodeTestTask.java:95)
	at app//org.junit.platform.engine.support.hierarchical.SameThreadHierarchicalTestExecutorService.submit(SameThreadHierarchicalTestExecutorService.java:35)
	at app//org.junit.platform.engine.support.hierarchical.NodeTestTask$DefaultDynamicTestExecutor.execute(NodeTestTask.java:226)
	at app//org.junit.platform.engine.support.hierarchical.NodeTestTask$DefaultDynamicTestExecutor.execute(NodeTestTask.java:204)
	at java.base@11.0.18/java.util.Optional.ifPresent(Optional.java:183)
	at app//org.junit.jupiter.engine.descriptor.TestFactoryTestDescriptor.lambda$invokeTestMethod$1(TestFactoryTestDescriptor.java:108)
	at app//org.junit.platform.engine.support.hierarchical.ThrowableCollector.execute(ThrowableCollector.java:73)
	at app//org.junit.jupiter.engine.descriptor.TestFactoryTestDescriptor.invokeTestMethod(TestFactoryTestDescriptor.java:95)
	at app//org.junit.jupiter.engine.descriptor.TestMethodTestDescriptor.execute(TestMethodTestDescriptor.java:138)
	at app//org.junit.jupiter.engine.descriptor.TestMethodTestDescriptor.execute(TestMethodTestDescriptor.java:68)
	at app//org.junit.platform.engine.support.hierarchical.NodeTestTask.lambda$executeRecursively$6(NodeTestTask.java:151)
	at app//org.junit.platform.engine.support.hierarchical.ThrowableCollector.execute(ThrowableCollector.java:73)
	at app//org.junit.platform.engine.support.hierarchical.NodeTestTask.lambda$executeRecursively$8(NodeTestTask.java:141)
	at app//org.junit.platform.engine.support.hierarchical.Node.around(Node.java:137)
	at app//org.junit.platform.engine.support.hierarchical.NodeTestTask.lambda$executeRecursively$9(NodeTestTask.java:139)
	at app//org.junit.platform.engine.support.hierarchical.ThrowableCollector.execute(ThrowableCollector.java:73)
	at app//org.junit.platform.engine.support.hierarchical.NodeTestTask.executeRecursively(NodeTestTask.java:138)
	at app//org.junit.platform.engine.support.hierarchical.NodeTestTask.execute(NodeTestTask.java:95)
	at java.base@11.0.18/java.util.ArrayList.forEach(ArrayList.java:1541)
	at app//org.junit.platform.engine.support.hierarchical.SameThreadHierarchicalTestExecutorService.invokeAll(SameThreadHierarchicalTestExecutorService.java:41)
	at app//org.junit.platform.engine.support.hierarchical.NodeTestTask.lambda$executeRecursively$6(NodeTestTask.java:155)
	at app//org.junit.platform.engine.support.hierarchical.ThrowableCollector.execute(ThrowableCollector.java:73)
	at app//org.junit.platform.engine.support.hierarchical.NodeTestTask.lambda$executeRecursively$8(NodeTestTask.java:141)
	at app//org.junit.platform.engine.support.hierarchical.Node.around(Node.java:137)
	at app//org.junit.platform.engine.support.hierarchical.NodeTestTask.lambda$executeRecursively$9(NodeTestTask.java:139)
	at app//org.junit.platform.engine.support.hierarchical.ThrowableCollector.execute(ThrowableCollector.java:73)
	at app//org.junit.platform.engine.support.hierarchical.NodeTestTask.executeRecursively(NodeTestTask.java:138)
	at app//org.junit.platform.engine.support.hierarchical.NodeTestTask.execute(NodeTestTask.java:95)
	at java.base@11.0.18/java.util.ArrayList.forEach(ArrayList.java:1541)
	at app//org.junit.platform.engine.support.hierarchical.SameThreadHierarchicalTestExecutorService.invokeAll(SameThreadHierarchicalTestExecutorService.java:41)
	at app//org.junit.platform.engine.support.hierarchical.NodeTestTask.lambda$executeRecursively$6(NodeTestTask.java:155)
	at app//org.junit.platform.engine.support.hierarchical.ThrowableCollector.execute(ThrowableCollector.java:73)
	at app//org.junit.platform.engine.support.hierarchical.NodeTestTask.lambda$executeRecursively$8(NodeTestTask.java:141)
	at app//org.junit.platform.engine.support.hierarchical.Node.around(Node.java:137)
	at app//org.junit.platform.engine.support.hierarchical.NodeTestTask.lambda$executeRecursively$9(NodeTestTask.java:139)
	at app//org.junit.platform.engine.support.hierarchical.ThrowableCollector.execute(ThrowableCollector.java:73)
	at app//org.junit.platform.engine.support.hierarchical.NodeTestTask.executeRecursively(NodeTestTask.java:138)
	at app//org.junit.platform.engine.support.hierarchical.NodeTestTask.execute(NodeTestTask.java:95)
	at app//org.junit.platform.engine.support.hierarchical.SameThreadHierarchicalTestExecutorService.submit(SameThreadHierarchicalTestExecutorService.java:35)
	at app//org.junit.platform.engine.support.hierarchical.HierarchicalTestExecutor.execute(HierarchicalTestExecutor.java:57)
	at app//org.junit.platform.engine.support.hierarchical.HierarchicalTestEngine.execute(HierarchicalTestEngine.java:54)
	at app//org.junit.platform.launcher.core.EngineExecutionOrchestrator.execute(EngineExecutionOrchestrator.java:107)
	at app//org.junit.platform.launcher.core.EngineExecutionOrchestrator.execute(EngineExecutionOrchestrator.java:88)
	at app//org.junit.platform.launcher.core.EngineExecutionOrchestrator.lambda$execute$0(EngineExecutionOrchestrator.java:54)
	at app//org.junit.platform.launcher.core.EngineExecutionOrchestrator.withInterceptedStreams(EngineExecutionOrchestrator.java:67)
	at app//org.junit.platform.launcher.core.EngineExecutionOrchestrator.execute(EngineExecutionOrchestrator.java:52)
	at app//org.junit.platform.launcher.core.DefaultLauncher.execute(DefaultLauncher.java:114)
	at app//org.junit.platform.launcher.core.DefaultLauncher.execute(DefaultLauncher.java:86)
	at app//org.junit.platform.launcher.core.DefaultLauncherSession$DelegatingLauncher.execute(DefaultLauncherSession.java:86)
	at org.gradle.api.internal.tasks.testing.junitplatform.JUnitPlatformTestClassProcessor$CollectAllTestClassesExecutor.processAllTestClasses(JUnitPlatformTestClassProcessor.java:110)
	at org.gradle.api.internal.tasks.testing.junitplatform.JUnitPlatformTestClassProcessor$CollectAllTestClassesExecutor.access$000(JUnitPlatformTestClassProcessor.java:90)
	at org.gradle.api.internal.tasks.testing.junitplatform.JUnitPlatformTestClassProcessor.stop(JUnitPlatformTestClassProcessor.java:85)
	at org.gradle.api.internal.tasks.testing.SuiteTestClassProcessor.stop(SuiteTestClassProcessor.java:62)
	at java.base@11.0.18/jdk.internal.reflect.NativeMethodAccessorImpl.invoke0(Native Method)
	at java.base@11.0.18/jdk.internal.reflect.NativeMethodAccessorImpl.invoke(NativeMethodAccessorImpl.java:62)
	at java.base@11.0.18/jdk.internal.reflect.DelegatingMethodAccessorImpl.invoke(DelegatingMethodAccessorImpl.java:43)
	at java.base@11.0.18/java.lang.reflect.Method.invoke(Method.java:566)
	at org.gradle.internal.dispatch.ReflectionDispatch.dispatch(ReflectionDispatch.java:36)
	at org.gradle.internal.dispatch.ReflectionDispatch.dispatch(ReflectionDispatch.java:24)
	at org.gradle.internal.dispatch.ContextClassLoaderDispatch.dispatch(ContextClassLoaderDispatch.java:33)
	at org.gradle.internal.dispatch.ProxyDispatchAdapter$DispatchingInvocationHandler.invoke(ProxyDispatchAdapter.java:94)
	at com.sun.proxy.$Proxy2.stop(Unknown Source)
	at org.gradle.api.internal.tasks.testing.worker.TestWorker$3.run(TestWorker.java:193)
	at org.gradle.api.internal.tasks.testing.worker.TestWorker.executeAndMaintainThreadName(TestWorker.java:129)
	at org.gradle.api.internal.tasks.testing.worker.TestWorker.execute(TestWorker.java:100)
	at org.gradle.api.internal.tasks.testing.worker.TestWorker.execute(TestWorker.java:60)
	at org.gradle.process.internal.worker.child.ActionExecutionWorker.execute(ActionExecutionWorker.java:56)
	at org.gradle.process.internal.worker.child.SystemApplicationClassLoaderWorker.call(SystemApplicationClassLoaderWorker.java:113)
	at org.gradle.process.internal.worker.child.SystemApplicationClassLoaderWorker.call(SystemApplicationClassLoaderWorker.java:65)
	at app//worker.org.gradle.process.internal.worker.GradleWorkerMain.run(GradleWorkerMain.java:69)
	at app//worker.org.gradle.process.internal.worker.GradleWorkerMain.main(GradleWorkerMain.java:74)
</failure>
  </testcase>
  <system-out><![CDATA[326        WARN  main            d.u.i.k.s.ProofSettings   No proof-settings could be loaded, using defaults java.io.FileNotFoundException: /home/runner/.key/proof-settings.props (No such file or directory)
	at java.base/java.io.FileInputStream.open0(Native Method)

27597      WARN  main            d.u.i.k.p.r.p.TestFile    Replay exception de.uka.ilkd.key.proof.io.ProblemLoaderException: Error loading proof.
Line 95, goal 34, rule Class_invariant_axiom_for_ArrayList not available or not applicable in this context.
	at de.uka.ilkd.key.proof.io.IntermediateProofReplayer.reportError(IntermediateProofReplayer.java:779)
Caused by: java.lang.NullPointerException: null
	at java.base/java.util.PriorityQueue.<init>(PriorityQueue.java:224)

27604      WARN  main            d.u.i.k.p.r.p.ForkedTestFileRunner Run failed java.lang.Exception: Exception while loading proof (see cause for details): /home/runner/work/key/key/key.core/../key.ui/examples/newBook/09.list_modelfield/ArrayList.add.key.proof
	at de.uka.ilkd.key.proof.runallproofs.proofcollection.TestFile.reloadProof(TestFile.java:314)
Caused by: de.uka.ilkd.key.proof.io.ProblemLoaderException: Error loading proof.
Line 95, goal 34, rule Class_invariant_axiom_for_ArrayList not available or not applicable in this context.
	at de.uka.ilkd.key.proof.io.IntermediateProofReplayer.reportError(IntermediateProofReplayer.java:779)
Caused by: java.lang.NullPointerException: null
	at java.base/java.util.PriorityQueue.<init>(PriorityQueue.java:224)

37404      WARN  main            d.u.i.k.p.r.p.TestFile    Replay exception de.uka.ilkd.key.proof.io.ProblemLoaderException: Error loading proof.
Line 82, goal 21, rule Class_invariant_axiom_for_ArrayList not available or not applicable in this context.
	at de.uka.ilkd.key.proof.io.IntermediateProofReplayer.reportError(IntermediateProofReplayer.java:779)
Caused by: java.lang.NullPointerException: null
	at java.base/java.util.PriorityQueue.<init>(PriorityQueue.java:224)

37415      WARN  main            d.u.i.k.p.r.p.ForkedTestFileRunner Run failed java.lang.Exception: Exception while loading proof (see cause for details): /home/runner/work/key/key/key.core/../key.ui/examples/newBook/09.list_modelfield/ArrayList.remFirst.key.proof
	at de.uka.ilkd.key.proof.runallproofs.proofcollection.TestFile.reloadProof(TestFile.java:314)
Caused by: de.uka.ilkd.key.proof.io.ProblemLoaderException: Error loading proof.
Line 82, goal 21, rule Class_invariant_axiom_for_ArrayList not available or not applicable in this context.
	at de.uka.ilkd.key.proof.io.IntermediateProofReplayer.reportError(IntermediateProofReplayer.java:779)
Caused by: java.lang.NullPointerException: null
	at java.base/java.util.PriorityQueue.<init>(PriorityQueue.java:224)

43708      WARN  main            d.u.i.k.p.r.p.TestFile    Replay exception de.uka.ilkd.key.proof.io.ProblemLoaderException: Error loading proof.
Line 73, goal 12, rule Class_invariant_axiom_for_ArrayList not available or not applicable in this context.
	at de.uka.ilkd.key.proof.io.IntermediateProofReplayer.reportError(IntermediateProofReplayer.java:779)
Caused by: java.lang.NullPointerException: null
	at java.base/java.util.PriorityQueue.<init>(PriorityQueue.java:224)

43709      WARN  main            d.u.i.k.p.r.p.ForkedTestFileRunner Run failed java.lang.Exception: Exception while loading proof (see cause for details): /home/runner/work/key/key/key.core/../key.ui/examples/newBook/09.list_modelfield/ArrayList.empty.key.proof
	at de.uka.ilkd.key.proof.runallproofs.proofcollection.TestFile.reloadProof(TestFile.java:314)
Caused by: de.uka.ilkd.key.proof.io.ProblemLoaderException: Error loading proof.
Line 73, goal 12, rule Class_invariant_axiom_for_ArrayList not available or not applicable in this context.
	at de.uka.ilkd.key.proof.io.IntermediateProofReplayer.reportError(IntermediateProofReplayer.java:779)
Caused by: java.lang.NullPointerException: null
	at java.base/java.util.PriorityQueue.<init>(PriorityQueue.java:224)

49451      WARN  main            d.u.i.k.p.r.p.TestFile    Replay exception de.uka.ilkd.key.proof.io.ProblemLoaderException: Error loading proof.
Line 73, goal 12, rule Class_invariant_axiom_for_ArrayList not available or not applicable in this context.
	at de.uka.ilkd.key.proof.io.IntermediateProofReplayer.reportError(IntermediateProofReplayer.java:779)
Caused by: java.lang.NullPointerException: null
	at java.base/java.util.PriorityQueue.<init>(PriorityQueue.java:224)

49452      WARN  main            d.u.i.k.p.r.p.ForkedTestFileRunner Run failed java.lang.Exception: Exception while loading proof (see cause for details): /home/runner/work/key/key/key.core/../key.ui/examples/newBook/09.list_modelfield/ArrayList.size.key.proof
	at de.uka.ilkd.key.proof.runallproofs.proofcollection.TestFile.reloadProof(TestFile.java:314)
Caused by: de.uka.ilkd.key.proof.io.ProblemLoaderException: Error loading proof.
Line 73, goal 12, rule Class_invariant_axiom_for_ArrayList not available or not applicable in this context.
	at de.uka.ilkd.key.proof.io.IntermediateProofReplayer.reportError(IntermediateProofReplayer.java:779)
Caused by: java.lang.NullPointerException: null
	at java.base/java.util.PriorityQueue.<init>(PriorityQueue.java:224)

55712      WARN  main            d.u.i.k.p.r.p.TestFile    Replay exception de.uka.ilkd.key.proof.io.ProblemLoaderException: Error loading proof.
Line 108, goal 47, rule Class_invariant_axiom_for_ArrayList not available or not applicable in this context.
	at de.uka.ilkd.key.proof.io.IntermediateProofReplayer.reportError(IntermediateProofReplayer.java:779)
Caused by: java.lang.NullPointerException: null
	at java.base/java.util.PriorityQueue.<init>(PriorityQueue.java:224)

55713      WARN  main            d.u.i.k.p.r.p.ForkedTestFileRunner Run failed java.lang.Exception: Exception while loading proof (see cause for details): /home/runner/work/key/key/key.core/../key.ui/examples/newBook/09.list_modelfield/ArrayList.get.key.proof
	at de.uka.ilkd.key.proof.runallproofs.proofcollection.TestFile.reloadProof(TestFile.java:314)
Caused by: de.uka.ilkd.key.proof.io.ProblemLoaderException: Error loading proof.
Line 108, goal 47, rule Class_invariant_axiom_for_ArrayList not available or not applicable in this context.
	at de.uka.ilkd.key.proof.io.IntermediateProofReplayer.reportError(IntermediateProofReplayer.java:779)
Caused by: java.lang.NullPointerException: null
	at java.base/java.util.PriorityQueue.<init>(PriorityQueue.java:224)

364        WARN  main            d.u.i.k.s.ProofSettings   The settings in /home/runner/.key/proof-settings.props are *not* read. 
16484      WARN  main            d.u.i.k.p.r.p.TestFile    Replay exception de.uka.ilkd.key.proof.io.ProblemLoaderException: Error loading proof.
Line 158, goal 90, rule assignment_write_attribute not available or not applicable in this context.
	at de.uka.ilkd.key.proof.io.IntermediateProofReplayer.reportError(IntermediateProofReplayer.java:779)
Caused by: java.lang.NullPointerException: null
	at java.base/java.util.PriorityQueue.<init>(PriorityQueue.java:224)

16488      WARN  main            d.u.i.k.p.r.p.ForkedTestFileRunner Run failed java.lang.Exception: Exception while loading proof (see cause for details): /home/runner/work/key/key/key.core/../key.ui/examples/standard_key/BookExamples/03DynamicLogic/Sect3.3.1.key.proof
	at de.uka.ilkd.key.proof.runallproofs.proofcollection.TestFile.reloadProof(TestFile.java:314)
Caused by: de.uka.ilkd.key.proof.io.ProblemLoaderException: Error loading proof.
Line 158, goal 90, rule assignment_write_attribute not available or not applicable in this context.
	at de.uka.ilkd.key.proof.io.IntermediateProofReplayer.reportError(IntermediateProofReplayer.java:779)
Caused by: java.lang.NullPointerException: null
	at java.base/java.util.PriorityQueue.<init>(PriorityQueue.java:224)

397        WARN  main            d.u.i.k.s.ProofSettings   The settings in /home/runner/.key/proof-settings.props are *not* read. 
18113      WARN  main            d.u.i.k.p.r.p.TestFile    Replay exception de.uka.ilkd.key.proof.io.ProblemLoaderException: Error loading proof.
Line 85, goal 24, rule loopScopeInvDia not available or not applicable in this context.
	at de.uka.ilkd.key.proof.io.IntermediateProofReplayer.reportError(IntermediateProofReplayer.java:779)
Caused by: java.lang.NullPointerException: null
	at java.base/java.util.PriorityQueue.<init>(PriorityQueue.java:224)

18116      WARN  main            d.u.i.k.p.r.p.ForkedTestFileRunner Run failed java.lang.Exception: Exception while loading proof (see cause for details): /home/runner/work/key/key/key.core/../key.ui/examples/heap/comprehensions/sum0.key.proof
	at de.uka.ilkd.key.proof.runallproofs.proofcollection.TestFile.reloadProof(TestFile.java:314)
Caused by: de.uka.ilkd.key.proof.io.ProblemLoaderException: Error loading proof.
Line 85, goal 24, rule loopScopeInvDia not available or not applicable in this context.
	at de.uka.ilkd.key.proof.io.IntermediateProofReplayer.reportError(IntermediateProofReplayer.java:779)
Caused by: java.lang.NullPointerException: null
	at java.base/java.util.PriorityQueue.<init>(PriorityQueue.java:224)

24179      WARN  main            d.u.i.k.p.r.p.TestFile    Replay exception de.uka.ilkd.key.proof.io.ProblemLoaderException: Error loading proof.
Line 85, goal 24, rule loopScopeInvDia not available or not applicable in this context.
	at de.uka.ilkd.key.proof.io.IntermediateProofReplayer.reportError(IntermediateProofReplayer.java:779)
Caused by: java.lang.NullPointerException: null
	at java.base/java.util.PriorityQueue.<init>(PriorityQueue.java:224)

24186      WARN  main            d.u.i.k.p.r.p.ForkedTestFileRunner Run failed java.lang.Exception: Exception while loading proof (see cause for details): /home/runner/work/key/key/key.core/../key.ui/examples/heap/comprehensions/sum1.key.proof
	at de.uka.ilkd.key.proof.runallproofs.proofcollection.TestFile.reloadProof(TestFile.java:314)
Caused by: de.uka.ilkd.key.proof.io.ProblemLoaderException: Error loading proof.
Line 85, goal 24, rule loopScopeInvDia not available or not applicable in this context.
	at de.uka.ilkd.key.proof.io.IntermediateProofReplayer.reportError(IntermediateProofReplayer.java:779)
Caused by: java.lang.NullPointerException: null
	at java.base/java.util.PriorityQueue.<init>(PriorityQueue.java:224)

29956      WARN  main            d.u.i.k.p.r.p.TestFile    Replay exception de.uka.ilkd.key.proof.io.ProblemLoaderException: Error loading proof.
Line 82, goal 21, rule assignment_read_length not available or not applicable in this context.
	at de.uka.ilkd.key.proof.io.IntermediateProofReplayer.reportError(IntermediateProofReplayer.java:779)
Caused by: java.lang.NullPointerException: null
	at java.base/java.util.PriorityQueue.<init>(PriorityQueue.java:224)

29957      WARN  main            d.u.i.k.p.r.p.ForkedTestFileRunner Run failed java.lang.Exception: Exception while loading proof (see cause for details): /home/runner/work/key/key/key.core/../key.ui/examples/heap/comprehensions/sum2.key.proof
	at de.uka.ilkd.key.proof.runallproofs.proofcollection.TestFile.reloadProof(TestFile.java:314)
Caused by: de.uka.ilkd.key.proof.io.ProblemLoaderException: Error loading proof.
Line 82, goal 21, rule assignment_read_length not available or not applicable in this context.
	at de.uka.ilkd.key.proof.io.IntermediateProofReplayer.reportError(IntermediateProofReplayer.java:779)
Caused by: java.lang.NullPointerException: null
	at java.base/java.util.PriorityQueue.<init>(PriorityQueue.java:224)

35658      WARN  main            d.u.i.k.p.r.p.TestFile    Replay exception de.uka.ilkd.key.proof.io.ProblemLoaderException: Error loading proof.
Line 82, goal 21, rule assignment_read_length not available or not applicable in this context.
	at de.uka.ilkd.key.proof.io.IntermediateProofReplayer.reportError(IntermediateProofReplayer.java:779)
Caused by: java.lang.NullPointerException: null
	at java.base/java.util.PriorityQueue.<init>(PriorityQueue.java:224)

35659      WARN  main            d.u.i.k.p.r.p.ForkedTestFileRunner Run failed java.lang.Exception: Exception while loading proof (see cause for details): /home/runner/work/key/key/key.core/../key.ui/examples/heap/comprehensions/sum3.key.proof
	at de.uka.ilkd.key.proof.runallproofs.proofcollection.TestFile.reloadProof(TestFile.java:314)
Caused by: de.uka.ilkd.key.proof.io.ProblemLoaderException: Error loading proof.
Line 82, goal 21, rule assignment_read_length not available or not applicable in this context.
	at de.uka.ilkd.key.proof.io.IntermediateProofReplayer.reportError(IntermediateProofReplayer.java:779)
Caused by: java.lang.NullPointerException: null
	at java.base/java.util.PriorityQueue.<init>(PriorityQueue.java:224)

41411      WARN  main            d.u.i.k.p.r.p.TestFile    Replay exception de.uka.ilkd.key.proof.io.ProblemLoaderException: Error loading proof.
Line 96, goal 35, rule loopScopeInvDia not available or not applicable in this context.
	at de.uka.ilkd.key.proof.io.IntermediateProofReplayer.reportError(IntermediateProofReplayer.java:779)
Caused by: java.lang.NullPointerException: null
	at java.base/java.util.PriorityQueue.<init>(PriorityQueue.java:224)

41412      WARN  main            d.u.i.k.p.r.p.ForkedTestFileRunner Run failed java.lang.Exception: Exception while loading proof (see cause for details): /home/runner/work/key/key/key.core/../key.ui/examples/heap/comprehensions/segsum.key.proof
	at de.uka.ilkd.key.proof.runallproofs.proofcollection.TestFile.reloadProof(TestFile.java:314)
Caused by: de.uka.ilkd.key.proof.io.ProblemLoaderException: Error loading proof.
Line 96, goal 35, rule loopScopeInvDia not available or not applicable in this context.
	at de.uka.ilkd.key.proof.io.IntermediateProofReplayer.reportError(IntermediateProofReplayer.java:779)
Caused by: java.lang.NullPointerException: null
	at java.base/java.util.PriorityQueue.<init>(PriorityQueue.java:224)

358        WARN  main            d.u.i.k.s.ProofSettings   The settings in /home/runner/.key/proof-settings.props are *not* read. 
28898      WARN  main            d.u.i.k.p.r.p.TestFile    Replay exception de.uka.ilkd.key.proof.io.ProblemLoaderException: Error loading proof.
Line 82, goal 20, rule Use Operation Contract not available or not applicable in this context.
	at de.uka.ilkd.key.proof.io.IntermediateProofReplayer.reportError(IntermediateProofReplayer.java:779)
Caused by: java.lang.NullPointerException: null
	at java.base/java.util.PriorityQueue.<init>(PriorityQueue.java:224)

28913      WARN  main            d.u.i.k.p.r.p.ForkedTestFileRunner Run failed java.lang.Exception: Exception while loading proof (see cause for details): /home/runner/work/key/key/key.core/../key.ui/examples/performance-test/Disjoint(Disjoint__disjoint_08()).JML_operation_contract.0.key.proof
	at de.uka.ilkd.key.proof.runallproofs.proofcollection.TestFile.reloadProof(TestFile.java:314)
Caused by: de.uka.ilkd.key.proof.io.ProblemLoaderException: Error loading proof.
Line 82, goal 20, rule Use Operation Contract not available or not applicable in this context.
	at de.uka.ilkd.key.proof.io.IntermediateProofReplayer.reportError(IntermediateProofReplayer.java:779)
Caused by: java.lang.NullPointerException: null
	at java.base/java.util.PriorityQueue.<init>(PriorityQueue.java:224)

49313      WARN  main            d.u.i.k.p.r.p.TestFile    Replay exception de.uka.ilkd.key.proof.io.ProblemLoaderException: Error loading proof.
Line 100, goal 38, rule Use Operation Contract not available or not applicable in this context.
	at de.uka.ilkd.key.proof.io.IntermediateProofReplayer.reportError(IntermediateProofReplayer.java:779)
Caused by: java.lang.NullPointerException: null
	at java.base/java.util.PriorityQueue.<init>(PriorityQueue.java:224)

49316      WARN  main            d.u.i.k.p.r.p.ForkedTestFileRunner Run failed java.lang.Exception: Exception while loading proof (see cause for details): /home/runner/work/key/key/key.core/../key.ui/examples/performance-test/Disjoint(Disjoint__disjoint2_08()).JML_operation_contract.0.key.proof
	at de.uka.ilkd.key.proof.runallproofs.proofcollection.TestFile.reloadProof(TestFile.java:314)
Caused by: de.uka.ilkd.key.proof.io.ProblemLoaderException: Error loading proof.
Line 100, goal 38, rule Use Operation Contract not available or not applicable in this context.
	at de.uka.ilkd.key.proof.io.IntermediateProofReplayer.reportError(IntermediateProofReplayer.java:779)
Caused by: java.lang.NullPointerException: null
	at java.base/java.util.PriorityQueue.<init>(PriorityQueue.java:224)

70906      WARN  main            d.u.i.k.p.r.p.TestFile    Replay exception de.uka.ilkd.key.proof.io.ProblemLoaderException: Error loading proof.
Line 108, goal 46, rule assignment_read_attribute not available or not applicable in this context.
	at de.uka.ilkd.key.proof.io.IntermediateProofReplayer.reportError(IntermediateProofReplayer.java:779)
Caused by: java.lang.NullPointerException: null
	at java.base/java.util.PriorityQueue.<init>(PriorityQueue.java:224)

70909      WARN  main            d.u.i.k.p.r.p.ForkedTestFileRunner Run failed java.lang.Exception: Exception while loading proof (see cause for details): /home/runner/work/key/key/key.core/../key.ui/examples/performance-test/AccessChain1(AccessChain1__foo_08()).JML_operation_contract.0.key.proof
	at de.uka.ilkd.key.proof.runallproofs.proofcollection.TestFile.reloadProof(TestFile.java:314)
Caused by: de.uka.ilkd.key.proof.io.ProblemLoaderException: Error loading proof.
Line 108, goal 46, rule assignment_read_attribute not available or not applicable in this context.
	at de.uka.ilkd.key.proof.io.IntermediateProofReplayer.reportError(IntermediateProofReplayer.java:779)
Caused by: java.lang.NullPointerException: null
	at java.base/java.util.PriorityQueue.<init>(PriorityQueue.java:224)

95918      WARN  main            d.u.i.k.p.r.p.TestFile    Replay exception de.uka.ilkd.key.proof.io.ProblemLoaderException: Error loading proof.
Line 109, goal 47, rule assignment_read_attribute not available or not applicable in this context.
	at de.uka.ilkd.key.proof.io.IntermediateProofReplayer.reportError(IntermediateProofReplayer.java:779)
Caused by: java.lang.NullPointerException: null
	at java.base/java.util.PriorityQueue.<init>(PriorityQueue.java:224)

95922      WARN  main            d.u.i.k.p.r.p.ForkedTestFileRunner Run failed java.lang.Exception: Exception while loading proof (see cause for details): /home/runner/work/key/key/key.core/../key.ui/examples/performance-test/AccessChain4(AccessChain4__foo_08()).JML_operation_contract.0.key.proof
	at de.uka.ilkd.key.proof.runallproofs.proofcollection.TestFile.reloadProof(TestFile.java:314)
Caused by: de.uka.ilkd.key.proof.io.ProblemLoaderException: Error loading proof.
Line 109, goal 47, rule assignment_read_attribute not available or not applicable in this context.
	at de.uka.ilkd.key.proof.io.IntermediateProofReplayer.reportError(IntermediateProofReplayer.java:779)
Caused by: java.lang.NullPointerException: null
	at java.base/java.util.PriorityQueue.<init>(PriorityQueue.java:224)

115804     WARN  main            d.u.i.k.p.r.p.TestFile    Replay exception de.uka.ilkd.key.proof.io.ProblemLoaderException: Error loading proof.
Line 77, goal 15, rule Use Operation Contract not available or not applicable in this context.
	at de.uka.ilkd.key.proof.io.IntermediateProofReplayer.reportError(IntermediateProofReplayer.java:779)
Caused by: java.lang.NullPointerException: null
	at java.base/java.util.PriorityQueue.<init>(PriorityQueue.java:224)

115806     WARN  main            d.u.i.k.p.r.p.ForkedTestFileRunner Run failed java.lang.Exception: Exception while loading proof (see cause for details): /home/runner/work/key/key/key.core/../key.ui/examples/performance-test/Disjoint(Disjoint__xZero_08()).JML_operation_contract.0.key.proof
	at de.uka.ilkd.key.proof.runallproofs.proofcollection.TestFile.reloadProof(TestFile.java:314)
Caused by: de.uka.ilkd.key.proof.io.ProblemLoaderException: Error loading proof.
Line 77, goal 15, rule Use Operation Contract not available or not applicable in this context.
	at de.uka.ilkd.key.proof.io.IntermediateProofReplayer.reportError(IntermediateProofReplayer.java:779)
Caused by: java.lang.NullPointerException: null
	at java.base/java.util.PriorityQueue.<init>(PriorityQueue.java:224)

139928     WARN  main            d.u.i.k.p.r.p.TestFile    Replay exception de.uka.ilkd.key.proof.io.ProblemLoaderException: Error loading proof.
Line 110, goal 48, rule assignment_read_attribute not available or not applicable in this context.
	at de.uka.ilkd.key.proof.io.IntermediateProofReplayer.reportError(IntermediateProofReplayer.java:779)
Caused by: java.lang.NullPointerException: null
	at java.base/java.util.PriorityQueue.<init>(PriorityQueue.java:224)

139932     WARN  main            d.u.i.k.p.r.p.ForkedTestFileRunner Run failed java.lang.Exception: Exception while loading proof (see cause for details): /home/runner/work/key/key/key.core/../key.ui/examples/performance-test/Dynamic(Dynamic__foo_08()).JML_operation_contract.0.key.proof
	at de.uka.ilkd.key.proof.runallproofs.proofcollection.TestFile.reloadProof(TestFile.java:314)
Caused by: de.uka.ilkd.key.proof.io.ProblemLoaderException: Error loading proof.
Line 110, goal 48, rule assignment_read_attribute not available or not applicable in this context.
	at de.uka.ilkd.key.proof.io.IntermediateProofReplayer.reportError(IntermediateProofReplayer.java:779)
Caused by: java.lang.NullPointerException: null
	at java.base/java.util.PriorityQueue.<init>(PriorityQueue.java:224)

163244     WARN  main            d.u.i.k.p.r.p.TestFile    Replay exception de.uka.ilkd.key.proof.io.ProblemLoaderException: Error loading proof.
Line 112, goal 50, rule assignment_read_attribute not available or not applicable in this context.
	at de.uka.ilkd.key.proof.io.IntermediateProofReplayer.reportError(IntermediateProofReplayer.java:779)
Caused by: java.lang.NullPointerException: null
	at java.base/java.util.PriorityQueue.<init>(PriorityQueue.java:224)

163246     WARN  main            d.u.i.k.p.r.p.ForkedTestFileRunner Run failed java.lang.Exception: Exception while loading proof (see cause for details): /home/runner/work/key/key/key.core/../key.ui/examples/performance-test/DynamicGhost(DynamicGhost__dynamicGhost_08()).JML_normal_behavior_operation_contract.0.key.proof
	at de.uka.ilkd.key.proof.runallproofs.proofcollection.TestFile.reloadProof(TestFile.java:314)
Caused by: de.uka.ilkd.key.proof.io.ProblemLoaderException: Error loading proof.
Line 112, goal 50, rule assignment_read_attribute not available or not applicable in this context.
	at de.uka.ilkd.key.proof.io.IntermediateProofReplayer.reportError(IntermediateProofReplayer.java:779)
Caused by: java.lang.NullPointerException: null
	at java.base/java.util.PriorityQueue.<init>(PriorityQueue.java:224)

184126     WARN  main            d.u.i.k.p.r.p.TestFile    Replay exception de.uka.ilkd.key.proof.io.ProblemLoaderException: Error loading proof.
Line 110, goal 48, rule assignment_read_attribute not available or not applicable in this context.
	at de.uka.ilkd.key.proof.io.IntermediateProofReplayer.reportError(IntermediateProofReplayer.java:779)
Caused by: java.lang.NullPointerException: null
	at java.base/java.util.PriorityQueue.<init>(PriorityQueue.java:224)

184129     WARN  main            d.u.i.k.p.r.p.ForkedTestFileRunner Run failed java.lang.Exception: Exception while loading proof (see cause for details): /home/runner/work/key/key/key.core/../key.ui/examples/performance-test/GhostFrame(GhostFrame__foo_08()).JML_operation_contract.0.key.proof
	at de.uka.ilkd.key.proof.runallproofs.proofcollection.TestFile.reloadProof(TestFile.java:314)
Caused by: de.uka.ilkd.key.proof.io.ProblemLoaderException: Error loading proof.
Line 110, goal 48, rule assignment_read_attribute not available or not applicable in this context.
	at de.uka.ilkd.key.proof.io.IntermediateProofReplayer.reportError(IntermediateProofReplayer.java:779)
Caused by: java.lang.NullPointerException: null
	at java.base/java.util.PriorityQueue.<init>(PriorityQueue.java:224)

205993     WARN  main            d.u.i.k.p.r.p.TestFile    Replay exception de.uka.ilkd.key.proof.io.ProblemLoaderException: Error loading proof.
Line 109, goal 48, rule assignment_read_attribute not available or not applicable in this context.
	at de.uka.ilkd.key.proof.io.IntermediateProofReplayer.reportError(IntermediateProofReplayer.java:779)
Caused by: java.lang.NullPointerException: null
	at java.base/java.util.PriorityQueue.<init>(PriorityQueue.java:224)

205997     WARN  main            d.u.i.k.p.r.p.ForkedTestFileRunner Run failed java.lang.Exception: Exception while loading proof (see cause for details): /home/runner/work/key/key/key.core/../key.ui/examples/performance-test/Modelfield(Modelfield__foo_08()).JML_operation_contract.0.key.proof
	at de.uka.ilkd.key.proof.runallproofs.proofcollection.TestFile.reloadProof(TestFile.java:314)
Caused by: de.uka.ilkd.key.proof.io.ProblemLoaderException: Error loading proof.
Line 109, goal 48, rule assignment_read_attribute not available or not applicable in this context.
	at de.uka.ilkd.key.proof.io.IntermediateProofReplayer.reportError(IntermediateProofReplayer.java:779)
Caused by: java.lang.NullPointerException: null
	at java.base/java.util.PriorityQueue.<init>(PriorityQueue.java:224)

514        WARN  main            d.u.i.k.s.ProofSettings   The settings in /home/runner/.key/proof-settings.props are *not* read. 
28204      WARN  main            d.u.i.k.p.r.p.TestFile    Replay exception de.uka.ilkd.key.proof.io.ProblemLoaderException: Error loading proof.
Line 72, goal 11, rule Class_invariant_axiom_for_Test not available or not applicable in this context.
	at de.uka.ilkd.key.proof.io.IntermediateProofReplayer.reportError(IntermediateProofReplayer.java:779)
Caused by: java.lang.NullPointerException: null
	at java.base/java.util.PriorityQueue.<init>(PriorityQueue.java:224)

28212      WARN  main            d.u.i.k.p.r.p.ForkedTestFileRunner Run failed java.lang.Exception: Exception while loading proof (see cause for details): /home/runner/work/key/key/key.core/../key.ui/examples/performance-test/Test(Test__a0(int)).JML_normal_behavior_operation_contract.0.key.proof
	at de.uka.ilkd.key.proof.runallproofs.proofcollection.TestFile.reloadProof(TestFile.java:314)
Caused by: de.uka.ilkd.key.proof.io.ProblemLoaderException: Error loading proof.
Line 72, goal 11, rule Class_invariant_axiom_for_Test not available or not applicable in this context.
	at de.uka.ilkd.key.proof.io.IntermediateProofReplayer.reportError(IntermediateProofReplayer.java:779)
Caused by: java.lang.NullPointerException: null
	at java.base/java.util.PriorityQueue.<init>(PriorityQueue.java:224)

49110      WARN  main            d.u.i.k.p.r.p.TestFile    Replay exception de.uka.ilkd.key.proof.io.ProblemLoaderException: Error loading proof.
Line 79, goal 18, rule Class_invariant_axiom_for_Test not available or not applicable in this context.
	at de.uka.ilkd.key.proof.io.IntermediateProofReplayer.reportError(IntermediateProofReplayer.java:779)
Caused by: java.lang.NullPointerException: null
	at java.base/java.util.PriorityQueue.<init>(PriorityQueue.java:224)

49114      WARN  main            d.u.i.k.p.r.p.ForkedTestFileRunner Run failed java.lang.Exception: Exception while loading proof (see cause for details): /home/runner/work/key/key/key.core/../key.ui/examples/performance-test/Test(Test__a1(int)).JML_normal_behavior_operation_contract.0.key.proof
	at de.uka.ilkd.key.proof.runallproofs.proofcollection.TestFile.reloadProof(TestFile.java:314)
Caused by: de.uka.ilkd.key.proof.io.ProblemLoaderException: Error loading proof.
Line 79, goal 18, rule Class_invariant_axiom_for_Test not available or not applicable in this context.
	at de.uka.ilkd.key.proof.io.IntermediateProofReplayer.reportError(IntermediateProofReplayer.java:779)
Caused by: java.lang.NullPointerException: null
	at java.base/java.util.PriorityQueue.<init>(PriorityQueue.java:224)

69142      WARN  main            d.u.i.k.p.r.p.TestFile    Replay exception de.uka.ilkd.key.proof.io.ProblemLoaderException: Error loading proof.
Line 79, goal 18, rule Class_invariant_axiom_for_Test not available or not applicable in this context.
	at de.uka.ilkd.key.proof.io.IntermediateProofReplayer.reportError(IntermediateProofReplayer.java:779)
Caused by: java.lang.NullPointerException: null
	at java.base/java.util.PriorityQueue.<init>(PriorityQueue.java:224)

69143      WARN  main            d.u.i.k.p.r.p.ForkedTestFileRunner Run failed java.lang.Exception: Exception while loading proof (see cause for details): /home/runner/work/key/key/key.core/../key.ui/examples/performance-test/Test(Test__f1(int)).JML_normal_behavior_operation_contract.0.key.proof
	at de.uka.ilkd.key.proof.runallproofs.proofcollection.TestFile.reloadProof(TestFile.java:314)
Caused by: de.uka.ilkd.key.proof.io.ProblemLoaderException: Error loading proof.
Line 79, goal 18, rule Class_invariant_axiom_for_Test not available or not applicable in this context.
	at de.uka.ilkd.key.proof.io.IntermediateProofReplayer.reportError(IntermediateProofReplayer.java:779)
Caused by: java.lang.NullPointerException: null
	at java.base/java.util.PriorityQueue.<init>(PriorityQueue.java:224)

352        WARN  main            d.u.i.k.s.ProofSettings   The settings in /home/runner/.key/proof-settings.props are *not* read. 
343        WARN  main            d.u.i.k.s.ProofSettings   The settings in /home/runner/.key/proof-settings.props are *not* read. 
12525      WARN  main            d.u.i.k.p.r.p.TestFile    Replay exception de.uka.ilkd.key.proof.io.ProblemLoaderException: Error loading proof.
Line 86, goal 24, rule Class_invariant_axiom_for_Simple not available or not applicable in this context.
	at de.uka.ilkd.key.proof.io.IntermediateProofReplayer.reportError(IntermediateProofReplayer.java:779)
Caused by: java.lang.NullPointerException: null
	at java.base/java.util.PriorityQueue.<init>(PriorityQueue.java:224)

12535      WARN  main            d.u.i.k.p.r.p.ForkedTestFileRunner Run failed java.lang.Exception: Exception while loading proof (see cause for details): /home/runner/work/key/key/key.core/../key.ui/examples/heap/block_contracts/Simple__add.key.proof
	at de.uka.ilkd.key.proof.runallproofs.proofcollection.TestFile.reloadProof(TestFile.java:314)
Caused by: de.uka.ilkd.key.proof.io.ProblemLoaderException: Error loading proof.
Line 86, goal 24, rule Class_invariant_axiom_for_Simple not available or not applicable in this context.
	at de.uka.ilkd.key.proof.io.IntermediateProofReplayer.reportError(IntermediateProofReplayer.java:779)
Caused by: java.lang.NullPointerException: null
	at java.base/java.util.PriorityQueue.<init>(PriorityQueue.java:224)

19879      WARN  main            d.u.i.k.p.r.p.TestFile    Replay exception de.uka.ilkd.key.proof.io.ProblemLoaderException: Error loading proof.
Line 98, goal 36, rule Class_invariant_axiom_for_Simple not available or not applicable in this context.
	at de.uka.ilkd.key.proof.io.IntermediateProofReplayer.reportError(IntermediateProofReplayer.java:779)
Caused by: java.lang.NullPointerException: null
	at java.base/java.util.PriorityQueue.<init>(PriorityQueue.java:224)

19880      WARN  main            d.u.i.k.p.r.p.ForkedTestFileRunner Run failed java.lang.Exception: Exception while loading proof (see cause for details): /home/runner/work/key/key/key.core/../key.ui/examples/heap/block_contracts/Simple__addAbsoluteValues.key.proof
	at de.uka.ilkd.key.proof.runallproofs.proofcollection.TestFile.reloadProof(TestFile.java:314)
Caused by: de.uka.ilkd.key.proof.io.ProblemLoaderException: Error loading proof.
Line 98, goal 36, rule Class_invariant_axiom_for_Simple not available or not applicable in this context.
	at de.uka.ilkd.key.proof.io.IntermediateProofReplayer.reportError(IntermediateProofReplayer.java:779)
Caused by: java.lang.NullPointerException: null
	at java.base/java.util.PriorityQueue.<init>(PriorityQueue.java:224)

26075      WARN  main            d.u.i.k.p.r.p.TestFile    Replay exception de.uka.ilkd.key.proof.io.ProblemLoaderException: Error loading proof.
Line 86, goal 24, rule Class_invariant_axiom_for_Simple not available or not applicable in this context.
	at de.uka.ilkd.key.proof.io.IntermediateProofReplayer.reportError(IntermediateProofReplayer.java:779)
Caused by: java.lang.NullPointerException: null
	at java.base/java.util.PriorityQueue.<init>(PriorityQueue.java:224)

26075      WARN  main            d.u.i.k.p.r.p.ForkedTestFileRunner Run failed java.lang.Exception: Exception while loading proof (see cause for details): /home/runner/work/key/key/key.core/../key.ui/examples/heap/block_contracts/Simple__addWithJump.key.proof
	at de.uka.ilkd.key.proof.runallproofs.proofcollection.TestFile.reloadProof(TestFile.java:314)
Caused by: de.uka.ilkd.key.proof.io.ProblemLoaderException: Error loading proof.
Line 86, goal 24, rule Class_invariant_axiom_for_Simple not available or not applicable in this context.
	at de.uka.ilkd.key.proof.io.IntermediateProofReplayer.reportError(IntermediateProofReplayer.java:779)
Caused by: java.lang.NullPointerException: null
	at java.base/java.util.PriorityQueue.<init>(PriorityQueue.java:224)

32271      WARN  main            d.u.i.k.p.r.p.TestFile    Replay exception de.uka.ilkd.key.proof.io.ProblemLoaderException: Error loading proof.
Line 84, goal 22, rule Class_invariant_axiom_for_Simple not available or not applicable in this context.
	at de.uka.ilkd.key.proof.io.IntermediateProofReplayer.reportError(IntermediateProofReplayer.java:779)
Caused by: java.lang.NullPointerException: null
	at java.base/java.util.PriorityQueue.<init>(PriorityQueue.java:224)

32271      WARN  main            d.u.i.k.p.r.p.ForkedTestFileRunner Run failed java.lang.Exception: Exception while loading proof (see cause for details): /home/runner/work/key/key/key.core/../key.ui/examples/heap/block_contracts/Simple__addWithTwoBlockContracts.key.proof
	at de.uka.ilkd.key.proof.runallproofs.proofcollection.TestFile.reloadProof(TestFile.java:314)
Caused by: de.uka.ilkd.key.proof.io.ProblemLoaderException: Error loading proof.
Line 84, goal 22, rule Class_invariant_axiom_for_Simple not available or not applicable in this context.
	at de.uka.ilkd.key.proof.io.IntermediateProofReplayer.reportError(IntermediateProofReplayer.java:779)
Caused by: java.lang.NullPointerException: null
	at java.base/java.util.PriorityQueue.<init>(PriorityQueue.java:224)

39678      WARN  main            d.u.i.k.p.r.p.TestFile    Replay exception de.uka.ilkd.key.proof.io.ProblemLoaderException: Error loading proof.
Line 74, goal 12, rule Class_invariant_axiom_for_Simple not available or not applicable in this context.
	at de.uka.ilkd.key.proof.io.IntermediateProofReplayer.reportError(IntermediateProofReplayer.java:779)
Caused by: java.lang.NullPointerException: null
	at java.base/java.util.PriorityQueue.<init>(PriorityQueue.java:224)

39686      WARN  main            d.u.i.k.p.r.p.ForkedTestFileRunner Run failed java.lang.Exception: Exception while loading proof (see cause for details): /home/runner/work/key/key/key.core/../key.ui/examples/heap/block_contracts/Simple__generateByteArray.key.proof
	at de.uka.ilkd.key.proof.runallproofs.proofcollection.TestFile.reloadProof(TestFile.java:314)
Caused by: de.uka.ilkd.key.proof.io.ProblemLoaderException: Error loading proof.
Line 74, goal 12, rule Class_invariant_axiom_for_Simple not available or not applicable in this context.
	at de.uka.ilkd.key.proof.io.IntermediateProofReplayer.reportError(IntermediateProofReplayer.java:779)
Caused by: java.lang.NullPointerException: null
	at java.base/java.util.PriorityQueue.<init>(PriorityQueue.java:224)

45679      WARN  main            d.u.i.k.p.r.p.TestFile    Replay exception de.uka.ilkd.key.proof.io.ProblemLoaderException: Error loading proof.
Line 73, goal 11, rule Class_invariant_axiom_for_Simple not available or not applicable in this context.
	at de.uka.ilkd.key.proof.io.IntermediateProofReplayer.reportError(IntermediateProofReplayer.java:779)
Caused by: java.lang.NullPointerException: null
	at java.base/java.util.PriorityQueue.<init>(PriorityQueue.java:224)

45680      WARN  main            d.u.i.k.p.r.p.ForkedTestFileRunner Run failed java.lang.Exception: Exception while loading proof (see cause for details): /home/runner/work/key/key/key.core/../key.ui/examples/heap/block_contracts/Simple__getLength.key.proof
	at de.uka.ilkd.key.proof.runallproofs.proofcollection.TestFile.reloadProof(TestFile.java:314)
Caused by: de.uka.ilkd.key.proof.io.ProblemLoaderException: Error loading proof.
Line 73, goal 11, rule Class_invariant_axiom_for_Simple not available or not applicable in this context.
	at de.uka.ilkd.key.proof.io.IntermediateProofReplayer.reportError(IntermediateProofReplayer.java:779)
Caused by: java.lang.NullPointerException: null
	at java.base/java.util.PriorityQueue.<init>(PriorityQueue.java:224)

51823      WARN  main            d.u.i.k.p.r.p.TestFile    Replay exception de.uka.ilkd.key.proof.io.ProblemLoaderException: Error loading proof.
Line 76, goal 14, rule Class_invariant_axiom_for_Simple not available or not applicable in this context.
	at de.uka.ilkd.key.proof.io.IntermediateProofReplayer.reportError(IntermediateProofReplayer.java:779)
Caused by: java.lang.NullPointerException: null
	at java.base/java.util.PriorityQueue.<init>(PriorityQueue.java:224)

51824      WARN  main            d.u.i.k.p.r.p.ForkedTestFileRunner Run failed java.lang.Exception: Exception while loading proof (see cause for details): /home/runner/work/key/key/key.core/../key.ui/examples/heap/block_contracts/Simple__square.key.proof
	at de.uka.ilkd.key.proof.runallproofs.proofcollection.TestFile.reloadProof(TestFile.java:314)
Caused by: de.uka.ilkd.key.proof.io.ProblemLoaderException: Error loading proof.
Line 76, goal 14, rule Class_invariant_axiom_for_Simple not available or not applicable in this context.
	at de.uka.ilkd.key.proof.io.IntermediateProofReplayer.reportError(IntermediateProofReplayer.java:779)
Caused by: java.lang.NullPointerException: null
	at java.base/java.util.PriorityQueue.<init>(PriorityQueue.java:224)

57825      WARN  main            d.u.i.k.p.r.p.TestFile    Replay exception de.uka.ilkd.key.proof.io.ProblemLoaderException: Error loading proof.
Line 73, goal 11, rule Class_invariant_axiom_for_Simple not available or not applicable in this context.
	at de.uka.ilkd.key.proof.io.IntermediateProofReplayer.reportError(IntermediateProofReplayer.java:779)
Caused by: java.lang.NullPointerException: null
	at java.base/java.util.PriorityQueue.<init>(PriorityQueue.java:224)

57826      WARN  main            d.u.i.k.p.r.p.ForkedTestFileRunner Run failed java.lang.Exception: Exception while loading proof (see cause for details): /home/runner/work/key/key/key.core/../key.ui/examples/heap/block_contracts/Simple__unnecessaryBlockContract.key.proof
	at de.uka.ilkd.key.proof.runallproofs.proofcollection.TestFile.reloadProof(TestFile.java:314)
Caused by: de.uka.ilkd.key.proof.io.ProblemLoaderException: Error loading proof.
Line 73, goal 11, rule Class_invariant_axiom_for_Simple not available or not applicable in this context.
	at de.uka.ilkd.key.proof.io.IntermediateProofReplayer.reportError(IntermediateProofReplayer.java:779)
Caused by: java.lang.NullPointerException: null
	at java.base/java.util.PriorityQueue.<init>(PriorityQueue.java:224)

63782      WARN  main            d.u.i.k.p.r.p.TestFile    Replay exception de.uka.ilkd.key.proof.io.ProblemLoaderException: Error loading proof.
Line 73, goal 11, rule Class_invariant_axiom_for_Simple not available or not applicable in this context.
	at de.uka.ilkd.key.proof.io.IntermediateProofReplayer.reportError(IntermediateProofReplayer.java:779)
Caused by: java.lang.NullPointerException: null
	at java.base/java.util.PriorityQueue.<init>(PriorityQueue.java:224)

63785      WARN  main            d.u.i.k.p.r.p.ForkedTestFileRunner Run failed java.lang.Exception: Exception while loading proof (see cause for details): /home/runner/work/key/key/key.core/../key.ui/examples/heap/block_contracts/Simple__unnecessaryLoopInvariant.key.proof
	at de.uka.ilkd.key.proof.runallproofs.proofcollection.TestFile.reloadProof(TestFile.java:314)
Caused by: de.uka.ilkd.key.proof.io.ProblemLoaderException: Error loading proof.
Line 73, goal 11, rule Class_invariant_axiom_for_Simple not available or not applicable in this context.
	at de.uka.ilkd.key.proof.io.IntermediateProofReplayer.reportError(IntermediateProofReplayer.java:779)
Caused by: java.lang.NullPointerException: null
	at java.base/java.util.PriorityQueue.<init>(PriorityQueue.java:224)

69150      WARN  main            d.u.i.k.p.r.p.TestFile    Replay exception de.uka.ilkd.key.proof.io.ProblemLoaderException: Error loading proof.
Line 82, goal 21, rule JML assert not available or not applicable in this context.
	at de.uka.ilkd.key.proof.io.IntermediateProofReplayer.reportError(IntermediateProofReplayer.java:779)
Caused by: java.lang.NullPointerException: null
	at java.base/java.util.PriorityQueue.<init>(PriorityQueue.java:224)

69152      WARN  main            d.u.i.k.p.r.p.ForkedTestFileRunner Run failed java.lang.Exception: Exception while loading proof (see cause for details): /home/runner/work/key/key/key.core/../key.ui/examples/standard_key/java_dl/jml-assert/assert.key.proof
	at de.uka.ilkd.key.proof.runallproofs.proofcollection.TestFile.reloadProof(TestFile.java:314)
Caused by: de.uka.ilkd.key.proof.io.ProblemLoaderException: Error loading proof.
Line 82, goal 21, rule JML assert not available or not applicable in this context.
	at de.uka.ilkd.key.proof.io.IntermediateProofReplayer.reportError(IntermediateProofReplayer.java:779)
Caused by: java.lang.NullPointerException: null
	at java.base/java.util.PriorityQueue.<init>(PriorityQueue.java:224)

74383      WARN  main            d.u.i.k.p.r.p.TestFile    Replay exception de.uka.ilkd.key.proof.io.ProblemLoaderException: Error loading proof.
Line 81, goal 20, rule JML assert not available or not applicable in this context.
	at de.uka.ilkd.key.proof.io.IntermediateProofReplayer.reportError(IntermediateProofReplayer.java:779)
Caused by: java.lang.NullPointerException: null
	at java.base/java.util.PriorityQueue.<init>(PriorityQueue.java:224)

74385      WARN  main            d.u.i.k.p.r.p.ForkedTestFileRunner Run failed java.lang.Exception: Exception while loading proof (see cause for details): /home/runner/work/key/key/key.core/../key.ui/examples/standard_key/java_dl/jml-assert/assert_assume_order.key.proof
	at de.uka.ilkd.key.proof.runallproofs.proofcollection.TestFile.reloadProof(TestFile.java:314)
Caused by: de.uka.ilkd.key.proof.io.ProblemLoaderException: Error loading proof.
Line 81, goal 20, rule JML assert not available or not applicable in this context.
	at de.uka.ilkd.key.proof.io.IntermediateProofReplayer.reportError(IntermediateProofReplayer.java:779)
Caused by: java.lang.NullPointerException: null
	at java.base/java.util.PriorityQueue.<init>(PriorityQueue.java:224)

80218      WARN  main            d.u.i.k.p.r.p.TestFile    Replay exception de.uka.ilkd.key.proof.io.ProblemLoaderException: Error loading proof.
Line 82, goal 20, rule Block Contract (External) not available or not applicable in this context.
	at de.uka.ilkd.key.proof.io.IntermediateProofReplayer.reportError(IntermediateProofReplayer.java:779)
Caused by: java.lang.NullPointerException: null
	at java.base/java.util.PriorityQueue.<init>(PriorityQueue.java:224)

80220      WARN  main            d.u.i.k.p.r.p.ForkedTestFileRunner Run failed java.lang.Exception: Exception while loading proof (see cause for details): /home/runner/work/key/key/key.core/../key.ui/examples/heap/block_loop_contracts/SimpleVariants/sum_onBlock_external.key.proof
	at de.uka.ilkd.key.proof.runallproofs.proofcollection.TestFile.reloadProof(TestFile.java:314)
Caused by: de.uka.ilkd.key.proof.io.ProblemLoaderException: Error loading proof.
Line 82, goal 20, rule Block Contract (External) not available or not applicable in this context.
	at de.uka.ilkd.key.proof.io.IntermediateProofReplayer.reportError(IntermediateProofReplayer.java:779)
Caused by: java.lang.NullPointerException: null
	at java.base/java.util.PriorityQueue.<init>(PriorityQueue.java:224)

86386      WARN  main            d.u.i.k.p.r.p.TestFile    Replay exception de.uka.ilkd.key.proof.io.ProblemLoaderException: Error loading proof.
Line 92, goal 30, rule Loop Contract (Internal) not available or not applicable in this context.
	at de.uka.ilkd.key.proof.io.IntermediateProofReplayer.reportError(IntermediateProofReplayer.java:779)
Caused by: java.lang.NullPointerException: null
	at java.base/java.util.PriorityQueue.<init>(PriorityQueue.java:224)

86388      WARN  main            d.u.i.k.p.r.p.ForkedTestFileRunner Run failed java.lang.Exception: Exception while loading proof (see cause for details): /home/runner/work/key/key/key.core/../key.ui/examples/heap/block_loop_contracts/SimpleVariants/sum_onBlock_internal.key.proof
	at de.uka.ilkd.key.proof.runallproofs.proofcollection.TestFile.reloadProof(TestFile.java:314)
Caused by: de.uka.ilkd.key.proof.io.ProblemLoaderException: Error loading proof.
Line 92, goal 30, rule Loop Contract (Internal) not available or not applicable in this context.
	at de.uka.ilkd.key.proof.io.IntermediateProofReplayer.reportError(IntermediateProofReplayer.java:779)
Caused by: java.lang.NullPointerException: null
	at java.base/java.util.PriorityQueue.<init>(PriorityQueue.java:224)

92619      WARN  main            d.u.i.k.p.r.p.TestFile    Replay exception de.uka.ilkd.key.proof.io.ProblemLoaderException: Error loading proof.
Line 99, goal 37, rule Loop Contract (Internal) not available or not applicable in this context.
	at de.uka.ilkd.key.proof.io.IntermediateProofReplayer.reportError(IntermediateProofReplayer.java:779)
Caused by: java.lang.NullPointerException: null
	at java.base/java.util.PriorityQueue.<init>(PriorityQueue.java:224)

92621      WARN  main            d.u.i.k.p.r.p.ForkedTestFileRunner Run failed java.lang.Exception: Exception while loading proof (see cause for details): /home/runner/work/key/key/key.core/../key.ui/examples/heap/block_loop_contracts/SimpleVariants/sum_onBlock_loop.key.proof
	at de.uka.ilkd.key.proof.runallproofs.proofcollection.TestFile.reloadProof(TestFile.java:314)
Caused by: de.uka.ilkd.key.proof.io.ProblemLoaderException: Error loading proof.
Line 99, goal 37, rule Loop Contract (Internal) not available or not applicable in this context.
	at de.uka.ilkd.key.proof.io.IntermediateProofReplayer.reportError(IntermediateProofReplayer.java:779)
Caused by: java.lang.NullPointerException: null
	at java.base/java.util.PriorityQueue.<init>(PriorityQueue.java:224)

98302      WARN  main            d.u.i.k.p.r.p.TestFile    Replay exception de.uka.ilkd.key.proof.io.ProblemLoaderException: Error loading proof.
Line 82, goal 20, rule Block Contract (External) not available or not applicable in this context.
	at de.uka.ilkd.key.proof.io.IntermediateProofReplayer.reportError(IntermediateProofReplayer.java:779)
Caused by: java.lang.NullPointerException: null
	at java.base/java.util.PriorityQueue.<init>(PriorityQueue.java:224)

98303      WARN  main            d.u.i.k.p.r.p.ForkedTestFileRunner Run failed java.lang.Exception: Exception while loading proof (see cause for details): /home/runner/work/key/key/key.core/../key.ui/examples/heap/block_loop_contracts/SimpleVariants/sum_onLoop_external.key.proof
	at de.uka.ilkd.key.proof.runallproofs.proofcollection.TestFile.reloadProof(TestFile.java:314)
Caused by: de.uka.ilkd.key.proof.io.ProblemLoaderException: Error loading proof.
Line 82, goal 20, rule Block Contract (External) not available or not applicable in this context.
	at de.uka.ilkd.key.proof.io.IntermediateProofReplayer.reportError(IntermediateProofReplayer.java:779)
Caused by: java.lang.NullPointerException: null
	at java.base/java.util.PriorityQueue.<init>(PriorityQueue.java:224)

104496     WARN  main            d.u.i.k.p.r.p.TestFile    Replay exception de.uka.ilkd.key.proof.io.ProblemLoaderException: Error loading proof.
Line 92, goal 30, rule Loop Contract (Internal) not available or not applicable in this context.
	at de.uka.ilkd.key.proof.io.IntermediateProofReplayer.reportError(IntermediateProofReplayer.java:779)
Caused by: java.lang.NullPointerException: null
	at java.base/java.util.PriorityQueue.<init>(PriorityQueue.java:224)

104497     WARN  main            d.u.i.k.p.r.p.ForkedTestFileRunner Run failed java.lang.Exception: Exception while loading proof (see cause for details): /home/runner/work/key/key/key.core/../key.ui/examples/heap/block_loop_contracts/SimpleVariants/sum_onLoop_internal.key.proof
	at de.uka.ilkd.key.proof.runallproofs.proofcollection.TestFile.reloadProof(TestFile.java:314)
Caused by: de.uka.ilkd.key.proof.io.ProblemLoaderException: Error loading proof.
Line 92, goal 30, rule Loop Contract (Internal) not available or not applicable in this context.
	at de.uka.ilkd.key.proof.io.IntermediateProofReplayer.reportError(IntermediateProofReplayer.java:779)
Caused by: java.lang.NullPointerException: null
	at java.base/java.util.PriorityQueue.<init>(PriorityQueue.java:224)

110695     WARN  main            d.u.i.k.p.r.p.TestFile    Replay exception de.uka.ilkd.key.proof.io.ProblemLoaderException: Error loading proof.
Line 99, goal 37, rule Loop Contract (Internal) not available or not applicable in this context.
	at de.uka.ilkd.key.proof.io.IntermediateProofReplayer.reportError(IntermediateProofReplayer.java:779)
Caused by: java.lang.NullPointerException: null
	at java.base/java.util.PriorityQueue.<init>(PriorityQueue.java:224)

110696     WARN  main            d.u.i.k.p.r.p.ForkedTestFileRunner Run failed java.lang.Exception: Exception while loading proof (see cause for details): /home/runner/work/key/key/key.core/../key.ui/examples/heap/block_loop_contracts/SimpleVariants/sum_onLoop_loop.key.proof
	at de.uka.ilkd.key.proof.runallproofs.proofcollection.TestFile.reloadProof(TestFile.java:314)
Caused by: de.uka.ilkd.key.proof.io.ProblemLoaderException: Error loading proof.
Line 99, goal 37, rule Loop Contract (Internal) not available or not applicable in this context.
	at de.uka.ilkd.key.proof.io.IntermediateProofReplayer.reportError(IntermediateProofReplayer.java:779)
Caused by: java.lang.NullPointerException: null
	at java.base/java.util.PriorityQueue.<init>(PriorityQueue.java:224)

115699     WARN  main            d.u.i.k.p.r.p.TestFile    Replay exception de.uka.ilkd.key.proof.io.ProblemLoaderException: Error loading proof.
Line 69, goal 7, rule Block Contract (Internal) not available or not applicable in this context.
	at de.uka.ilkd.key.proof.io.IntermediateProofReplayer.reportError(IntermediateProofReplayer.java:779)
Caused by: java.lang.NullPointerException: null
	at java.base/java.util.PriorityQueue.<init>(PriorityQueue.java:224)

115700     WARN  main            d.u.i.k.p.r.p.ForkedTestFileRunner Run failed java.lang.Exception: Exception while loading proof (see cause for details): /home/runner/work/key/key/key.core/../key.ui/examples/heap/block_loop_contracts/Free/blockContracts0.key.proof
	at de.uka.ilkd.key.proof.runallproofs.proofcollection.TestFile.reloadProof(TestFile.java:314)
Caused by: de.uka.ilkd.key.proof.io.ProblemLoaderException: Error loading proof.
Line 69, goal 7, rule Block Contract (Internal) not available or not applicable in this context.
	at de.uka.ilkd.key.proof.io.IntermediateProofReplayer.reportError(IntermediateProofReplayer.java:779)
Caused by: java.lang.NullPointerException: null
	at java.base/java.util.PriorityQueue.<init>(PriorityQueue.java:224)

120731     WARN  main            d.u.i.k.p.r.p.TestFile    Replay exception de.uka.ilkd.key.proof.io.ProblemLoaderException: Error loading proof.
Line 69, goal 7, rule Block Contract (Internal) not available or not applicable in this context.
	at de.uka.ilkd.key.proof.io.IntermediateProofReplayer.reportError(IntermediateProofReplayer.java:779)
Caused by: java.lang.NullPointerException: null
	at java.base/java.util.PriorityQueue.<init>(PriorityQueue.java:224)

120733     WARN  main            d.u.i.k.p.r.p.ForkedTestFileRunner Run failed java.lang.Exception: Exception while loading proof (see cause for details): /home/runner/work/key/key/key.core/../key.ui/examples/heap/block_loop_contracts/Free/blockContracts1.key.proof
	at de.uka.ilkd.key.proof.runallproofs.proofcollection.TestFile.reloadProof(TestFile.java:314)
Caused by: de.uka.ilkd.key.proof.io.ProblemLoaderException: Error loading proof.
Line 69, goal 7, rule Block Contract (Internal) not available or not applicable in this context.
	at de.uka.ilkd.key.proof.io.IntermediateProofReplayer.reportError(IntermediateProofReplayer.java:779)
Caused by: java.lang.NullPointerException: null
	at java.base/java.util.PriorityQueue.<init>(PriorityQueue.java:224)

336        WARN  main            d.u.i.k.s.ProofSettings   The settings in /home/runner/.key/proof-settings.props are *not* read. 
11811      WARN  main            d.u.i.k.p.r.p.TestFile    Replay exception de.uka.ilkd.key.proof.io.ProblemLoaderException: Error loading proof.
Line 82, goal 21, rule JML assert not available or not applicable in this context.
	at de.uka.ilkd.key.proof.io.IntermediateProofReplayer.reportError(IntermediateProofReplayer.java:779)
Caused by: java.lang.NullPointerException: null
	at java.base/java.util.PriorityQueue.<init>(PriorityQueue.java:224)

11818      WARN  main            d.u.i.k.p.r.p.ForkedTestFileRunner Run failed java.lang.Exception: Exception while loading proof (see cause for details): /home/runner/work/key/key/key.core/../key.ui/examples/standard_key/java_dl/jml-assert/assert.key.proof
	at de.uka.ilkd.key.proof.runallproofs.proofcollection.TestFile.reloadProof(TestFile.java:314)
Caused by: de.uka.ilkd.key.proof.io.ProblemLoaderException: Error loading proof.
Line 82, goal 21, rule JML assert not available or not applicable in this context.
	at de.uka.ilkd.key.proof.io.IntermediateProofReplayer.reportError(IntermediateProofReplayer.java:779)
Caused by: java.lang.NullPointerException: null
	at java.base/java.util.PriorityQueue.<init>(PriorityQueue.java:224)

17095      WARN  main            d.u.i.k.p.r.p.TestFile    Replay exception de.uka.ilkd.key.proof.io.ProblemLoaderException: Error loading proof.
Line 96, goal 34, rule JML assert not available or not applicable in this context.
	at de.uka.ilkd.key.proof.io.IntermediateProofReplayer.reportError(IntermediateProofReplayer.java:779)
Caused by: java.lang.NullPointerException: null
	at java.base/java.util.PriorityQueue.<init>(PriorityQueue.java:224)

17103      WARN  main            d.u.i.k.p.r.p.ForkedTestFileRunner Run failed java.lang.Exception: Exception while loading proof (see cause for details): /home/runner/work/key/key/key.core/../key.ui/examples/heap/block_loop_contracts/Free/assertions0.key.proof
	at de.uka.ilkd.key.proof.runallproofs.proofcollection.TestFile.reloadProof(TestFile.java:314)
Caused by: de.uka.ilkd.key.proof.io.ProblemLoaderException: Error loading proof.
Line 96, goal 34, rule JML assert not available or not applicable in this context.
	at de.uka.ilkd.key.proof.io.IntermediateProofReplayer.reportError(IntermediateProofReplayer.java:779)
Caused by: java.lang.NullPointerException: null
	at java.base/java.util.PriorityQueue.<init>(PriorityQueue.java:224)

27612      WARN  main            d.u.i.k.p.r.p.TestFile    Replay exception de.uka.ilkd.key.proof.io.ProblemLoaderException: Error loading proof.
Line 73, goal 12, rule Class_invariant_axiom_for_RecursiveMethod not available or not applicable in this context.
	at de.uka.ilkd.key.proof.io.IntermediateProofReplayer.reportError(IntermediateProofReplayer.java:779)
Caused by: java.lang.NullPointerException: null
	at java.base/java.util.PriorityQueue.<init>(PriorityQueue.java:224)

27613      WARN  main            d.u.i.k.p.r.p.ForkedTestFileRunner Run failed java.lang.Exception: Exception while loading proof (see cause for details): /home/runner/work/key/key/key.core/../key.ui/examples/standard_key/java_dl/jml-assert/recursion-assert.key.proof
	at de.uka.ilkd.key.proof.runallproofs.proofcollection.TestFile.reloadProof(TestFile.java:314)
Caused by: de.uka.ilkd.key.proof.io.ProblemLoaderException: Error loading proof.
Line 73, goal 12, rule Class_invariant_axiom_for_RecursiveMethod not available or not applicable in this context.
	at de.uka.ilkd.key.proof.io.IntermediateProofReplayer.reportError(IntermediateProofReplayer.java:779)
Caused by: java.lang.NullPointerException: null
	at java.base/java.util.PriorityQueue.<init>(PriorityQueue.java:224)

32970      WARN  main            d.u.i.k.p.r.p.TestFile    Replay exception de.uka.ilkd.key.proof.io.ProblemLoaderException: Error loading proof.
Line 73, goal 12, rule Class_invariant_axiom_for_RecursiveMethod not available or not applicable in this context.
	at de.uka.ilkd.key.proof.io.IntermediateProofReplayer.reportError(IntermediateProofReplayer.java:779)
Caused by: java.lang.NullPointerException: null
	at java.base/java.util.PriorityQueue.<init>(PriorityQueue.java:224)

32973      WARN  main            d.u.i.k.p.r.p.ForkedTestFileRunner Run failed java.lang.Exception: Exception while loading proof (see cause for details): /home/runner/work/key/key/key.core/../key.ui/examples/standard_key/java_dl/jml-assert/recursion-assume.key.proof
	at de.uka.ilkd.key.proof.runallproofs.proofcollection.TestFile.reloadProof(TestFile.java:314)
Caused by: de.uka.ilkd.key.proof.io.ProblemLoaderException: Error loading proof.
Line 73, goal 12, rule Class_invariant_axiom_for_RecursiveMethod not available or not applicable in this context.
	at de.uka.ilkd.key.proof.io.IntermediateProofReplayer.reportError(IntermediateProofReplayer.java:779)
Caused by: java.lang.NullPointerException: null
	at java.base/java.util.PriorityQueue.<init>(PriorityQueue.java:224)

38179      WARN  main            d.u.i.k.p.r.p.TestFile    Replay exception de.uka.ilkd.key.proof.io.ProblemLoaderException: Error loading proof.
Line 80, goal 19, rule Class_invariant_axiom_for_Quantor not available or not applicable in this context.
	at de.uka.ilkd.key.proof.io.IntermediateProofReplayer.reportError(IntermediateProofReplayer.java:779)
Caused by: java.lang.NullPointerException: null
	at java.base/java.util.PriorityQueue.<init>(PriorityQueue.java:224)

38180      WARN  main            d.u.i.k.p.r.p.ForkedTestFileRunner Run failed java.lang.Exception: Exception while loading proof (see cause for details): /home/runner/work/key/key/key.core/../key.ui/examples/standard_key/java_dl/jml-assert/quantor-assert.key.proof
	at de.uka.ilkd.key.proof.runallproofs.proofcollection.TestFile.reloadProof(TestFile.java:314)
Caused by: de.uka.ilkd.key.proof.io.ProblemLoaderException: Error loading proof.
Line 80, goal 19, rule Class_invariant_axiom_for_Quantor not available or not applicable in this context.
	at de.uka.ilkd.key.proof.io.IntermediateProofReplayer.reportError(IntermediateProofReplayer.java:779)
Caused by: java.lang.NullPointerException: null
	at java.base/java.util.PriorityQueue.<init>(PriorityQueue.java:224)

43341      WARN  main            d.u.i.k.p.r.p.TestFile    Replay exception de.uka.ilkd.key.proof.io.ProblemLoaderException: Error loading proof.
Line 80, goal 19, rule Class_invariant_axiom_for_Quantor not available or not applicable in this context.
	at de.uka.ilkd.key.proof.io.IntermediateProofReplayer.reportError(IntermediateProofReplayer.java:779)
Caused by: java.lang.NullPointerException: null
	at java.base/java.util.PriorityQueue.<init>(PriorityQueue.java:224)

43342      WARN  main            d.u.i.k.p.r.p.ForkedTestFileRunner Run failed java.lang.Exception: Exception while loading proof (see cause for details): /home/runner/work/key/key/key.core/../key.ui/examples/standard_key/java_dl/jml-assert/quantor-assume.key.proof
	at de.uka.ilkd.key.proof.runallproofs.proofcollection.TestFile.reloadProof(TestFile.java:314)
Caused by: de.uka.ilkd.key.proof.io.ProblemLoaderException: Error loading proof.
Line 80, goal 19, rule Class_invariant_axiom_for_Quantor not available or not applicable in this context.
	at de.uka.ilkd.key.proof.io.IntermediateProofReplayer.reportError(IntermediateProofReplayer.java:779)
Caused by: java.lang.NullPointerException: null
	at java.base/java.util.PriorityQueue.<init>(PriorityQueue.java:224)

48490      WARN  main            d.u.i.k.p.r.p.TestFile    Replay exception de.uka.ilkd.key.proof.io.ProblemLoaderException: Error loading proof.
Line 68, goal 7, rule JML assert not available or not applicable in this context.
	at de.uka.ilkd.key.proof.io.IntermediateProofReplayer.reportError(IntermediateProofReplayer.java:779)
Caused by: java.lang.NullPointerException: null
	at java.base/java.util.PriorityQueue.<init>(PriorityQueue.java:224)

48491      WARN  main            d.u.i.k.p.r.p.ForkedTestFileRunner Run failed java.lang.Exception: Exception while loading proof (see cause for details): /home/runner/work/key/key/key.core/../key.ui/examples/standard_key/java_dl/jml-assert/model-methods-static-static.key.proof
	at de.uka.ilkd.key.proof.runallproofs.proofcollection.TestFile.reloadProof(TestFile.java:314)
Caused by: de.uka.ilkd.key.proof.io.ProblemLoaderException: Error loading proof.
Line 68, goal 7, rule JML assert not available or not applicable in this context.
	at de.uka.ilkd.key.proof.io.IntermediateProofReplayer.reportError(IntermediateProofReplayer.java:779)
Caused by: java.lang.NullPointerException: null
	at java.base/java.util.PriorityQueue.<init>(PriorityQueue.java:224)

53732      WARN  main            d.u.i.k.p.r.p.TestFile    Replay exception de.uka.ilkd.key.proof.io.ProblemLoaderException: Error loading proof.
Line 71, goal 10, rule Class_invariant_axiom_for_ModelMethods not available or not applicable in this context.
	at de.uka.ilkd.key.proof.io.IntermediateProofReplayer.reportError(IntermediateProofReplayer.java:779)
Caused by: java.lang.NullPointerException: null
	at java.base/java.util.PriorityQueue.<init>(PriorityQueue.java:224)

53734      WARN  main            d.u.i.k.p.r.p.ForkedTestFileRunner Run failed java.lang.Exception: Exception while loading proof (see cause for details): /home/runner/work/key/key/key.core/../key.ui/examples/standard_key/java_dl/jml-assert/model-methods-instance-static.key.proof
	at de.uka.ilkd.key.proof.runallproofs.proofcollection.TestFile.reloadProof(TestFile.java:314)
Caused by: de.uka.ilkd.key.proof.io.ProblemLoaderException: Error loading proof.
Line 71, goal 10, rule Class_invariant_axiom_for_ModelMethods not available or not applicable in this context.
	at de.uka.ilkd.key.proof.io.IntermediateProofReplayer.reportError(IntermediateProofReplayer.java:779)
Caused by: java.lang.NullPointerException: null
	at java.base/java.util.PriorityQueue.<init>(PriorityQueue.java:224)

58943      WARN  main            d.u.i.k.p.r.p.TestFile    Replay exception de.uka.ilkd.key.proof.io.ProblemLoaderException: Error loading proof.
Line 71, goal 10, rule Class_invariant_axiom_for_ModelMethods not available or not applicable in this context.
	at de.uka.ilkd.key.proof.io.IntermediateProofReplayer.reportError(IntermediateProofReplayer.java:779)
Caused by: java.lang.NullPointerException: null
	at java.base/java.util.PriorityQueue.<init>(PriorityQueue.java:224)

58944      WARN  main            d.u.i.k.p.r.p.ForkedTestFileRunner Run failed java.lang.Exception: Exception while loading proof (see cause for details): /home/runner/work/key/key/key.core/../key.ui/examples/standard_key/java_dl/jml-assert/model-methods-instance-instance.key.proof
	at de.uka.ilkd.key.proof.runallproofs.proofcollection.TestFile.reloadProof(TestFile.java:314)
Caused by: de.uka.ilkd.key.proof.io.ProblemLoaderException: Error loading proof.
Line 71, goal 10, rule Class_invariant_axiom_for_ModelMethods not available or not applicable in this context.
	at de.uka.ilkd.key.proof.io.IntermediateProofReplayer.reportError(IntermediateProofReplayer.java:779)
Caused by: java.lang.NullPointerException: null
	at java.base/java.util.PriorityQueue.<init>(PriorityQueue.java:224)

64120      WARN  main            d.u.i.k.p.r.p.TestFile    Replay exception de.uka.ilkd.key.proof.io.ProblemLoaderException: Error loading proof.
Line 119, goal 58, rule assignment_write_attribute not available or not applicable in this context.
	at de.uka.ilkd.key.proof.io.IntermediateProofReplayer.reportError(IntermediateProofReplayer.java:779)
Caused by: java.lang.NullPointerException: null
	at java.base/java.util.PriorityQueue.<init>(PriorityQueue.java:224)

64126      WARN  main            d.u.i.k.p.r.p.ForkedTestFileRunner Run failed java.lang.Exception: Exception while loading proof (see cause for details): /home/runner/work/key/key/key.core/../key.ui/examples/standard_key/java_dl/jml-assert/model-methods-static-instance.key.proof
	at de.uka.ilkd.key.proof.runallproofs.proofcollection.TestFile.reloadProof(TestFile.java:314)
Caused by: de.uka.ilkd.key.proof.io.ProblemLoaderException: Error loading proof.
Line 119, goal 58, rule assignment_write_attribute not available or not applicable in this context.
	at de.uka.ilkd.key.proof.io.IntermediateProofReplayer.reportError(IntermediateProofReplayer.java:779)
Caused by: java.lang.NullPointerException: null
	at java.base/java.util.PriorityQueue.<init>(PriorityQueue.java:224)

69311      WARN  main            d.u.i.k.p.r.p.TestFile    Replay exception de.uka.ilkd.key.proof.io.ProblemLoaderException: Error loading proof.
Line 82, goal 21, rule Class_invariant_axiom_for_Inc not available or not applicable in this context.
	at de.uka.ilkd.key.proof.io.IntermediateProofReplayer.reportError(IntermediateProofReplayer.java:779)
Caused by: java.lang.NullPointerException: null
	at java.base/java.util.PriorityQueue.<init>(PriorityQueue.java:224)

69312      WARN  main            d.u.i.k.p.r.p.ForkedTestFileRunner Run failed java.lang.Exception: Exception while loading proof (see cause for details): /home/runner/work/key/key/key.core/../key.ui/examples/standard_key/java_dl/jml-assert/assert-old/inc-field.key.proof
	at de.uka.ilkd.key.proof.runallproofs.proofcollection.TestFile.reloadProof(TestFile.java:314)
Caused by: de.uka.ilkd.key.proof.io.ProblemLoaderException: Error loading proof.
Line 82, goal 21, rule Class_invariant_axiom_for_Inc not available or not applicable in this context.
	at de.uka.ilkd.key.proof.io.IntermediateProofReplayer.reportError(IntermediateProofReplayer.java:779)
Caused by: java.lang.NullPointerException: null
	at java.base/java.util.PriorityQueue.<init>(PriorityQueue.java:224)

74234      WARN  main            d.u.i.k.p.r.p.TestFile    Replay exception de.uka.ilkd.key.proof.io.ProblemLoaderException: Error loading proof.
Line 74, goal 13, rule Class_invariant_axiom_for_Inc not available or not applicable in this context.
	at de.uka.ilkd.key.proof.io.IntermediateProofReplayer.reportError(IntermediateProofReplayer.java:779)
Caused by: java.lang.NullPointerException: null
	at java.base/java.util.PriorityQueue.<init>(PriorityQueue.java:224)

74235      WARN  main            d.u.i.k.p.r.p.ForkedTestFileRunner Run failed java.lang.Exception: Exception while loading proof (see cause for details): /home/runner/work/key/key/key.core/../key.ui/examples/standard_key/java_dl/jml-assert/assert-old/inc-parameter.key.proof
	at de.uka.ilkd.key.proof.runallproofs.proofcollection.TestFile.reloadProof(TestFile.java:314)
Caused by: de.uka.ilkd.key.proof.io.ProblemLoaderException: Error loading proof.
Line 74, goal 13, rule Class_invariant_axiom_for_Inc not available or not applicable in this context.
	at de.uka.ilkd.key.proof.io.IntermediateProofReplayer.reportError(IntermediateProofReplayer.java:779)
Caused by: java.lang.NullPointerException: null
	at java.base/java.util.PriorityQueue.<init>(PriorityQueue.java:224)

79313      WARN  main            d.u.i.k.p.r.p.TestFile    Replay exception de.uka.ilkd.key.proof.io.ProblemLoaderException: Error loading proof.
Line 87, goal 26, rule Class_invariant_axiom_for_Inc not available or not applicable in this context.
	at de.uka.ilkd.key.proof.io.IntermediateProofReplayer.reportError(IntermediateProofReplayer.java:779)
Caused by: java.lang.NullPointerException: null
	at java.base/java.util.PriorityQueue.<init>(PriorityQueue.java:224)

79314      WARN  main            d.u.i.k.p.r.p.ForkedTestFileRunner Run failed java.lang.Exception: Exception while loading proof (see cause for details): /home/runner/work/key/key/key.core/../key.ui/examples/standard_key/java_dl/jml-assert/assert-old/inc-parameter-field.key.proof
	at de.uka.ilkd.key.proof.runallproofs.proofcollection.TestFile.reloadProof(TestFile.java:314)
Caused by: de.uka.ilkd.key.proof.io.ProblemLoaderException: Error loading proof.
Line 87, goal 26, rule Class_invariant_axiom_for_Inc not available or not applicable in this context.
	at de.uka.ilkd.key.proof.io.IntermediateProofReplayer.reportError(IntermediateProofReplayer.java:779)
Caused by: java.lang.NullPointerException: null
	at java.base/java.util.PriorityQueue.<init>(PriorityQueue.java:224)

84304      WARN  main            d.u.i.k.p.r.p.TestFile    Replay exception de.uka.ilkd.key.proof.io.ProblemLoaderException: Error loading proof.
Line 82, goal 21, rule Class_invariant_axiom_for_Inc not available or not applicable in this context.
	at de.uka.ilkd.key.proof.io.IntermediateProofReplayer.reportError(IntermediateProofReplayer.java:779)
Caused by: java.lang.NullPointerException: null
	at java.base/java.util.PriorityQueue.<init>(PriorityQueue.java:224)

84304      WARN  main            d.u.i.k.p.r.p.ForkedTestFileRunner Run failed java.lang.Exception: Exception while loading proof (see cause for details): /home/runner/work/key/key/key.core/../key.ui/examples/standard_key/java_dl/jml-assert/assert-old/inc-ghost-field.key.proof
	at de.uka.ilkd.key.proof.runallproofs.proofcollection.TestFile.reloadProof(TestFile.java:314)
Caused by: de.uka.ilkd.key.proof.io.ProblemLoaderException: Error loading proof.
Line 82, goal 21, rule Class_invariant_axiom_for_Inc not available or not applicable in this context.
	at de.uka.ilkd.key.proof.io.IntermediateProofReplayer.reportError(IntermediateProofReplayer.java:779)
Caused by: java.lang.NullPointerException: null
	at java.base/java.util.PriorityQueue.<init>(PriorityQueue.java:224)

612        WARN  main            d.u.i.k.s.ProofSettings   The settings in /home/runner/.key/proof-settings.props are *not* read. 
10101      WARN  main            d.u.i.k.p.r.p.TestFile    Replay exception de.uka.ilkd.key.proof.io.ProblemLoaderException: Error loading proof.
Line 120, goal 57, rule Use Operation Contract not available or not applicable in this context.
	at de.uka.ilkd.key.proof.io.IntermediateProofReplayer.reportError(IntermediateProofReplayer.java:779)
Caused by: java.lang.NullPointerException: null
	at java.base/java.util.PriorityQueue.<init>(PriorityQueue.java:224)

10108      WARN  main            d.u.i.k.p.r.p.ForkedTestFileRunner Run failed java.lang.Exception: Exception while loading proof (see cause for details): /home/runner/work/key/key/key.core/../key.ui/examples/heap/javacard/updateBalance0.key.proof
	at de.uka.ilkd.key.proof.runallproofs.proofcollection.TestFile.reloadProof(TestFile.java:314)
Caused by: de.uka.ilkd.key.proof.io.ProblemLoaderException: Error loading proof.
Line 120, goal 57, rule Use Operation Contract not available or not applicable in this context.
	at de.uka.ilkd.key.proof.io.IntermediateProofReplayer.reportError(IntermediateProofReplayer.java:779)
Caused by: java.lang.NullPointerException: null
	at java.base/java.util.PriorityQueue.<init>(PriorityQueue.java:224)

14028      WARN  main            d.u.i.k.p.r.p.TestFile    Replay exception de.uka.ilkd.key.proof.io.ProblemLoaderException: Error loading proof.
Line 117, goal 54, rule Use Operation Contract not available or not applicable in this context.
	at de.uka.ilkd.key.proof.io.IntermediateProofReplayer.reportError(IntermediateProofReplayer.java:779)
Caused by: java.lang.NullPointerException: null
	at java.base/java.util.PriorityQueue.<init>(PriorityQueue.java:224)

14030      WARN  main            d.u.i.k.p.r.p.ForkedTestFileRunner Run failed java.lang.Exception: Exception while loading proof (see cause for details): /home/runner/work/key/key/key.core/../key.ui/examples/heap/javacard/updateBalance1.key.proof
	at de.uka.ilkd.key.proof.runallproofs.proofcollection.TestFile.reloadProof(TestFile.java:314)
Caused by: de.uka.ilkd.key.proof.io.ProblemLoaderException: Error loading proof.
Line 117, goal 54, rule Use Operation Contract not available or not applicable in this context.
	at de.uka.ilkd.key.proof.io.IntermediateProofReplayer.reportError(IntermediateProofReplayer.java:779)
Caused by: java.lang.NullPointerException: null
	at java.base/java.util.PriorityQueue.<init>(PriorityQueue.java:224)

18357      WARN  main            d.u.i.k.p.r.p.TestFile    Replay exception de.uka.ilkd.key.proof.io.ProblemLoaderException: Error loading proof.
Line 135, goal 72, rule Use Operation Contract not available or not applicable in this context.
	at de.uka.ilkd.key.proof.io.IntermediateProofReplayer.reportError(IntermediateProofReplayer.java:779)
Caused by: java.lang.NullPointerException: null
	at java.base/java.util.PriorityQueue.<init>(PriorityQueue.java:224)

18360      WARN  main            d.u.i.k.p.r.p.ForkedTestFileRunner Run failed java.lang.Exception: Exception while loading proof (see cause for details): /home/runner/work/key/key/key.core/../key.ui/examples/heap/javacard/setArray1.key.proof
	at de.uka.ilkd.key.proof.runallproofs.proofcollection.TestFile.reloadProof(TestFile.java:314)
Caused by: de.uka.ilkd.key.proof.io.ProblemLoaderException: Error loading proof.
Line 135, goal 72, rule Use Operation Contract not available or not applicable in this context.
	at de.uka.ilkd.key.proof.io.IntermediateProofReplayer.reportError(IntermediateProofReplayer.java:779)
Caused by: java.lang.NullPointerException: null
	at java.base/java.util.PriorityQueue.<init>(PriorityQueue.java:224)

22495      WARN  main            d.u.i.k.p.r.p.TestFile    Replay exception de.uka.ilkd.key.proof.io.ProblemLoaderException: Error loading proof.
Line 136, goal 73, rule Use Operation Contract not available or not applicable in this context.
	at de.uka.ilkd.key.proof.io.IntermediateProofReplayer.reportError(IntermediateProofReplayer.java:779)
Caused by: java.lang.NullPointerException: null
	at java.base/java.util.PriorityQueue.<init>(PriorityQueue.java:224)

22498      WARN  main            d.u.i.k.p.r.p.ForkedTestFileRunner Run failed java.lang.Exception: Exception while loading proof (see cause for details): /home/runner/work/key/key/key.core/../key.ui/examples/heap/javacard/setArray2.key.proof
	at de.uka.ilkd.key.proof.runallproofs.proofcollection.TestFile.reloadProof(TestFile.java:314)
Caused by: de.uka.ilkd.key.proof.io.ProblemLoaderException: Error loading proof.
Line 136, goal 73, rule Use Operation Contract not available or not applicable in this context.
	at de.uka.ilkd.key.proof.io.IntermediateProofReplayer.reportError(IntermediateProofReplayer.java:779)
Caused by: java.lang.NullPointerException: null
	at java.base/java.util.PriorityQueue.<init>(PriorityQueue.java:224)

29119      WARN  main            d.u.i.k.p.r.p.TestFile    Replay exception de.uka.ilkd.key.proof.io.ProblemLoaderException: Error loading proof.
Line 131, goal 68, rule ifSplit not available or not applicable in this context.
	at de.uka.ilkd.key.proof.io.IntermediateProofReplayer.reportError(IntermediateProofReplayer.java:779)
Caused by: java.lang.NullPointerException: null
	at java.base/java.util.PriorityQueue.<init>(PriorityQueue.java:224)

29120      WARN  main            d.u.i.k.p.r.p.ForkedTestFileRunner Run failed java.lang.Exception: Exception while loading proof (see cause for details): /home/runner/work/key/key/key.core/../key.ui/examples/heap/javacard/arrayFillNonAtomic.key.proof
	at de.uka.ilkd.key.proof.runallproofs.proofcollection.TestFile.reloadProof(TestFile.java:314)
Caused by: de.uka.ilkd.key.proof.io.ProblemLoaderException: Error loading proof.
Line 131, goal 68, rule ifSplit not available or not applicable in this context.
	at de.uka.ilkd.key.proof.io.IntermediateProofReplayer.reportError(IntermediateProofReplayer.java:779)
Caused by: java.lang.NullPointerException: null
	at java.base/java.util.PriorityQueue.<init>(PriorityQueue.java:224)

50447      WARN  main            d.u.i.k.p.r.p.TestFile    Replay exception de.uka.ilkd.key.proof.io.ProblemLoaderException: Error loading proof.
Line 190, goal 129, rule Class_invariant_axiom_for_CC not available or not applicable in this context.
	at de.uka.ilkd.key.proof.io.IntermediateProofReplayer.reportError(IntermediateProofReplayer.java:779)
Caused by: java.lang.NullPointerException: null
	at java.base/java.util.PriorityQueue.<init>(PriorityQueue.java:224)

50448      WARN  main            d.u.i.k.p.r.p.ForkedTestFileRunner Run failed java.lang.Exception: Exception while loading proof (see cause for details): /home/runner/work/key/key/key.core/../key.ui/examples/heap/coincidence_count/project.key.proof
	at de.uka.ilkd.key.proof.runallproofs.proofcollection.TestFile.reloadProof(TestFile.java:314)
Caused by: de.uka.ilkd.key.proof.io.ProblemLoaderException: Error loading proof.
Line 190, goal 129, rule Class_invariant_axiom_for_CC not available or not applicable in this context.
	at de.uka.ilkd.key.proof.io.IntermediateProofReplayer.reportError(IntermediateProofReplayer.java:779)
Caused by: java.lang.NullPointerException: null
	at java.base/java.util.PriorityQueue.<init>(PriorityQueue.java:224)

56642      WARN  main            d.u.i.k.p.r.p.TestFile    Replay exception de.uka.ilkd.key.proof.io.ProblemLoaderException: Error loading proof.
Line 122, goal 61, rule assignment_read_length not available or not applicable in this context.
	at de.uka.ilkd.key.proof.io.IntermediateProofReplayer.reportError(IntermediateProofReplayer.java:779)
Caused by: java.lang.NullPointerException: null
	at java.base/java.util.PriorityQueue.<init>(PriorityQueue.java:224)

56644      WARN  main            d.u.i.k.p.r.p.ForkedTestFileRunner Run failed java.lang.Exception: Exception while loading proof (see cause for details): /home/runner/work/key/key/key.core/../key.ui/examples/heap/verifyThis11_1_Maximum/project.key.proof
	at de.uka.ilkd.key.proof.runallproofs.proofcollection.TestFile.reloadProof(TestFile.java:314)
Caused by: de.uka.ilkd.key.proof.io.ProblemLoaderException: Error loading proof.
Line 122, goal 61, rule assignment_read_length not available or not applicable in this context.
	at de.uka.ilkd.key.proof.io.IntermediateProofReplayer.reportError(IntermediateProofReplayer.java:779)
Caused by: java.lang.NullPointerException: null
	at java.base/java.util.PriorityQueue.<init>(PriorityQueue.java:224)

63769      WARN  main            d.u.i.k.p.r.p.TestFile    Replay exception de.uka.ilkd.key.proof.io.ProblemLoaderException: Error loading proof.
Line 186, goal 125, rule loopScopeInvDia not available or not applicable in this context.
	at de.uka.ilkd.key.proof.io.IntermediateProofReplayer.reportError(IntermediateProofReplayer.java:779)
Caused by: java.lang.NullPointerException: null
	at java.base/java.util.PriorityQueue.<init>(PriorityQueue.java:224)

63770      WARN  main            d.u.i.k.p.r.p.ForkedTestFileRunner Run failed java.lang.Exception: Exception while loading proof (see cause for details): /home/runner/work/key/key/key.core/../key.ui/examples/heap/fm12_01_LRS/lcp.key.proof
	at de.uka.ilkd.key.proof.runallproofs.proofcollection.TestFile.reloadProof(TestFile.java:314)
Caused by: de.uka.ilkd.key.proof.io.ProblemLoaderException: Error loading proof.
Line 186, goal 125, rule loopScopeInvDia not available or not applicable in this context.
	at de.uka.ilkd.key.proof.io.IntermediateProofReplayer.reportError(IntermediateProofReplayer.java:779)
Caused by: java.lang.NullPointerException: null
	at java.base/java.util.PriorityQueue.<init>(PriorityQueue.java:224)

72820      WARN  main            d.u.i.k.p.r.p.TestFile    Replay exception de.uka.ilkd.key.proof.io.ProblemLoaderException: Error loading proof.
Line 183, goal 122, rule Use Operation Contract not available or not applicable in this context.
	at de.uka.ilkd.key.proof.io.IntermediateProofReplayer.reportError(IntermediateProofReplayer.java:779)
Caused by: java.lang.NullPointerException: null
	at java.base/java.util.PriorityQueue.<init>(PriorityQueue.java:224)

72821      WARN  main            d.u.i.k.p.r.p.ForkedTestFileRunner Run failed java.lang.Exception: Exception while loading proof (see cause for details): /home/runner/work/key/key/key.core/../key.ui/examples/heap/SemanticSlicing/project.key.proof
	at de.uka.ilkd.key.proof.runallproofs.proofcollection.TestFile.reloadProof(TestFile.java:314)
Caused by: de.uka.ilkd.key.proof.io.ProblemLoaderException: Error loading proof.
Line 183, goal 122, rule Use Operation Contract not available or not applicable in this context.
	at de.uka.ilkd.key.proof.io.IntermediateProofReplayer.reportError(IntermediateProofReplayer.java:779)
Caused by: java.lang.NullPointerException: null
	at java.base/java.util.PriorityQueue.<init>(PriorityQueue.java:224)

78795      WARN  main            d.u.i.k.p.r.p.TestFile    Replay exception de.uka.ilkd.key.proof.io.ProblemLoaderException: Error loading proof.
Line 90, goal 29, rule Class_invariant_axiom_for_ArrayList not available or not applicable in this context.
	at de.uka.ilkd.key.proof.io.IntermediateProofReplayer.reportError(IntermediateProofReplayer.java:779)
Caused by: java.lang.NullPointerException: null
	at java.base/java.util.PriorityQueue.<init>(PriorityQueue.java:224)

78796      WARN  main            d.u.i.k.p.r.p.ForkedTestFileRunner Run failed java.lang.Exception: Exception while loading proof (see cause for details): /home/runner/work/key/key/key.core/../key.ui/examples/heap/information_flow/ArrayList_contains.key.proof
	at de.uka.ilkd.key.proof.runallproofs.proofcollection.TestFile.reloadProof(TestFile.java:314)
Caused by: de.uka.ilkd.key.proof.io.ProblemLoaderException: Error loading proof.
Line 90, goal 29, rule Class_invariant_axiom_for_ArrayList not available or not applicable in this context.
	at de.uka.ilkd.key.proof.io.IntermediateProofReplayer.reportError(IntermediateProofReplayer.java:779)
Caused by: java.lang.NullPointerException: null
	at java.base/java.util.PriorityQueue.<init>(PriorityQueue.java:224)

85185      WARN  main            d.u.i.k.p.r.p.TestFile    Replay exception de.uka.ilkd.key.proof.io.ProblemLoaderException: Error loading proof.
Line 77, goal 16, rule Class_invariant_axiom_for_ArrayList not available or not applicable in this context.
	at de.uka.ilkd.key.proof.io.IntermediateProofReplayer.reportError(IntermediateProofReplayer.java:779)
Caused by: java.lang.NullPointerException: null
	at java.base/java.util.PriorityQueue.<init>(PriorityQueue.java:224)

85186      WARN  main            d.u.i.k.p.r.p.ForkedTestFileRunner Run failed java.lang.Exception: Exception while loading proof (see cause for details): /home/runner/work/key/key/key.core/../key.ui/examples/heap/information_flow/ArrayList_get.key.proof
	at de.uka.ilkd.key.proof.runallproofs.proofcollection.TestFile.reloadProof(TestFile.java:314)
Caused by: de.uka.ilkd.key.proof.io.ProblemLoaderException: Error loading proof.
Line 77, goal 16, rule Class_invariant_axiom_for_ArrayList not available or not applicable in this context.
	at de.uka.ilkd.key.proof.io.IntermediateProofReplayer.reportError(IntermediateProofReplayer.java:779)
Caused by: java.lang.NullPointerException: null
	at java.base/java.util.PriorityQueue.<init>(PriorityQueue.java:224)

90871      WARN  main            d.u.i.k.p.r.p.TestFile    Replay exception de.uka.ilkd.key.proof.io.ProblemLoaderException: Error loading proof.
Line 76, goal 15, rule Class_invariant_axiom_for_ArrayList not available or not applicable in this context.
	at de.uka.ilkd.key.proof.io.IntermediateProofReplayer.reportError(IntermediateProofReplayer.java:779)
Caused by: java.lang.NullPointerException: null
	at java.base/java.util.PriorityQueue.<init>(PriorityQueue.java:224)

90872      WARN  main            d.u.i.k.p.r.p.ForkedTestFileRunner Run failed java.lang.Exception: Exception while loading proof (see cause for details): /home/runner/work/key/key/key.core/../key.ui/examples/heap/information_flow/ArrayList_size.key.proof
	at de.uka.ilkd.key.proof.runallproofs.proofcollection.TestFile.reloadProof(TestFile.java:314)
Caused by: de.uka.ilkd.key.proof.io.ProblemLoaderException: Error loading proof.
Line 76, goal 15, rule Class_invariant_axiom_for_ArrayList not available or not applicable in this context.
	at de.uka.ilkd.key.proof.io.IntermediateProofReplayer.reportError(IntermediateProofReplayer.java:779)
Caused by: java.lang.NullPointerException: null
	at java.base/java.util.PriorityQueue.<init>(PriorityQueue.java:224)

96590      WARN  main            d.u.i.k.p.r.p.TestFile    Replay exception de.uka.ilkd.key.proof.io.ProblemLoaderException: Error loading proof.
Line 109, goal 48, rule ifElseSplit not available or not applicable in this context.
	at de.uka.ilkd.key.proof.io.IntermediateProofReplayer.reportError(IntermediateProofReplayer.java:779)
Caused by: java.lang.NullPointerException: null
	at java.base/java.util.PriorityQueue.<init>(PriorityQueue.java:224)

96591      WARN  main            d.u.i.k.p.r.p.ForkedTestFileRunner Run failed java.lang.Exception: Exception while loading proof (see cause for details): /home/runner/work/key/key/key.core/../key.ui/examples/heap/information_flow/UpdateAbstraction_ex7_3_secure.key.proof
	at de.uka.ilkd.key.proof.runallproofs.proofcollection.TestFile.reloadProof(TestFile.java:314)
Caused by: de.uka.ilkd.key.proof.io.ProblemLoaderException: Error loading proof.
Line 109, goal 48, rule ifElseSplit not available or not applicable in this context.
	at de.uka.ilkd.key.proof.io.IntermediateProofReplayer.reportError(IntermediateProofReplayer.java:779)
Caused by: java.lang.NullPointerException: null
	at java.base/java.util.PriorityQueue.<init>(PriorityQueue.java:224)

102328     WARN  main            d.u.i.k.p.r.p.TestFile    Replay exception de.uka.ilkd.key.proof.io.ProblemLoaderException: Error loading proof.
Line 115, goal 54, rule ifElseSplit not available or not applicable in this context.
	at de.uka.ilkd.key.proof.io.IntermediateProofReplayer.reportError(IntermediateProofReplayer.java:779)
Caused by: java.lang.NullPointerException: null
	at java.base/java.util.PriorityQueue.<init>(PriorityQueue.java:224)

102329     WARN  main            d.u.i.k.p.r.p.ForkedTestFileRunner Run failed java.lang.Exception: Exception while loading proof (see cause for details): /home/runner/work/key/key/key.core/../key.ui/examples/heap/information_flow/UpdateAbstraction_ex7_4_secure.key.proof
	at de.uka.ilkd.key.proof.runallproofs.proofcollection.TestFile.reloadProof(TestFile.java:314)
Caused by: de.uka.ilkd.key.proof.io.ProblemLoaderException: Error loading proof.
Line 115, goal 54, rule ifElseSplit not available or not applicable in this context.
	at de.uka.ilkd.key.proof.io.IntermediateProofReplayer.reportError(IntermediateProofReplayer.java:779)
Caused by: java.lang.NullPointerException: null
	at java.base/java.util.PriorityQueue.<init>(PriorityQueue.java:224)

113782     WARN  main            d.u.i.k.p.r.p.TestFile    Replay exception de.uka.ilkd.key.proof.io.ProblemLoaderException: Error loading proof.
Line 102, goal 41, rule ifSplit not available or not applicable in this context.
	at de.uka.ilkd.key.proof.io.IntermediateProofReplayer.reportError(IntermediateProofReplayer.java:779)
Caused by: java.lang.NullPointerException: null
	at java.base/java.util.PriorityQueue.<init>(PriorityQueue.java:224)

113783     WARN  main            d.u.i.k.p.r.p.ForkedTestFileRunner Run failed java.lang.Exception: Exception while loading proof (see cause for details): /home/runner/work/key/key/key.core/../key.ui/examples/heap/information_flow/UpdateAbstraction_ex7_6_secure.key.proof
	at de.uka.ilkd.key.proof.runallproofs.proofcollection.TestFile.reloadProof(TestFile.java:314)
Caused by: de.uka.ilkd.key.proof.io.ProblemLoaderException: Error loading proof.
Line 102, goal 41, rule ifSplit not available or not applicable in this context.
	at de.uka.ilkd.key.proof.io.IntermediateProofReplayer.reportError(IntermediateProofReplayer.java:779)
Caused by: java.lang.NullPointerException: null
	at java.base/java.util.PriorityQueue.<init>(PriorityQueue.java:224)

120242     WARN  main            d.u.i.k.p.r.p.TestFile    Replay exception de.uka.ilkd.key.proof.io.ProblemLoaderException: Error loading proof.
Line 135, goal 74, rule loopScopeInvBox not available or not applicable in this context.
	at de.uka.ilkd.key.proof.io.IntermediateProofReplayer.reportError(IntermediateProofReplayer.java:779)
Caused by: java.lang.NullPointerException: null
	at java.base/java.util.PriorityQueue.<init>(PriorityQueue.java:224)

120243     WARN  main            d.u.i.k.p.r.p.ForkedTestFileRunner Run failed java.lang.Exception: Exception while loading proof (see cause for details): /home/runner/work/key/key/key.core/../key.ui/examples/heap/information_flow/UpdateAbstraction_ex9_secure.key.proof
	at de.uka.ilkd.key.proof.runallproofs.proofcollection.TestFile.reloadProof(TestFile.java:314)
Caused by: de.uka.ilkd.key.proof.io.ProblemLoaderException: Error loading proof.
Line 135, goal 74, rule loopScopeInvBox not available or not applicable in this context.
	at de.uka.ilkd.key.proof.io.IntermediateProofReplayer.reportError(IntermediateProofReplayer.java:779)
Caused by: java.lang.NullPointerException: null
	at java.base/java.util.PriorityQueue.<init>(PriorityQueue.java:224)

328        WARN  main            d.u.i.k.s.ProofSettings   The settings in /home/runner/.key/proof-settings.props are *not* read. 
17522      WARN  main            d.u.i.k.p.r.p.TestFile    Replay exception de.uka.ilkd.key.proof.io.ProblemLoaderException: Error loading proof.
Line 121, goal 60, rule Class_invariant_axiom_for_ArrayList not available or not applicable in this context.
	at de.uka.ilkd.key.proof.io.IntermediateProofReplayer.reportError(IntermediateProofReplayer.java:779)
Caused by: java.lang.NullPointerException: null
	at java.base/java.util.PriorityQueue.<init>(PriorityQueue.java:224)

17530      WARN  main            d.u.i.k.p.r.p.ForkedTestFileRunner Run failed java.lang.Exception: Exception while loading proof (see cause for details): /home/runner/work/key/key/key.core/../key.ui/examples/heap/list/ArrayList_add.key.proof
	at de.uka.ilkd.key.proof.runallproofs.proofcollection.TestFile.reloadProof(TestFile.java:314)
Caused by: de.uka.ilkd.key.proof.io.ProblemLoaderException: Error loading proof.
Line 121, goal 60, rule Class_invariant_axiom_for_ArrayList not available or not applicable in this context.
	at de.uka.ilkd.key.proof.io.IntermediateProofReplayer.reportError(IntermediateProofReplayer.java:779)
Caused by: java.lang.NullPointerException: null
	at java.base/java.util.PriorityQueue.<init>(PriorityQueue.java:224)

25616      WARN  main            d.u.i.k.p.r.p.TestFile    Replay exception de.uka.ilkd.key.proof.io.ProblemLoaderException: Error loading proof.
Line 135, goal 74, rule ifSplit not available or not applicable in this context.
	at de.uka.ilkd.key.proof.io.IntermediateProofReplayer.reportError(IntermediateProofReplayer.java:779)
Caused by: java.lang.NullPointerException: null
	at java.base/java.util.PriorityQueue.<init>(PriorityQueue.java:224)

25618      WARN  main            d.u.i.k.p.r.p.ForkedTestFileRunner Run failed java.lang.Exception: Exception while loading proof (see cause for details): /home/runner/work/key/key/key.core/../key.ui/examples/heap/list/ArrayList_ArrayList.key.proof
	at de.uka.ilkd.key.proof.runallproofs.proofcollection.TestFile.reloadProof(TestFile.java:314)
Caused by: de.uka.ilkd.key.proof.io.ProblemLoaderException: Error loading proof.
Line 135, goal 74, rule ifSplit not available or not applicable in this context.
	at de.uka.ilkd.key.proof.io.IntermediateProofReplayer.reportError(IntermediateProofReplayer.java:779)
Caused by: java.lang.NullPointerException: null
	at java.base/java.util.PriorityQueue.<init>(PriorityQueue.java:224)

57996      WARN  main            d.u.i.k.p.r.p.TestFile    Replay exception de.uka.ilkd.key.proof.io.ProblemLoaderException: Error loading proof.
Line 81, goal 20, rule JML_represents_clause_for_List_footprint not available or not applicable in this context.
	at de.uka.ilkd.key.proof.io.IntermediateProofReplayer.reportError(IntermediateProofReplayer.java:779)
Caused by: java.lang.NullPointerException: null
	at java.base/java.util.PriorityQueue.<init>(PriorityQueue.java:224)

57998      WARN  main            d.u.i.k.p.r.p.ForkedTestFileRunner Run failed java.lang.Exception: Exception while loading proof (see cause for details): /home/runner/work/key/key/key.core/../key.ui/examples/heap/list/ArrayList_concatenate.key.proof
	at de.uka.ilkd.key.proof.runallproofs.proofcollection.TestFile.reloadProof(TestFile.java:314)
Caused by: de.uka.ilkd.key.proof.io.ProblemLoaderException: Error loading proof.
Line 81, goal 20, rule JML_represents_clause_for_List_footprint not available or not applicable in this context.
	at de.uka.ilkd.key.proof.io.IntermediateProofReplayer.reportError(IntermediateProofReplayer.java:779)
Caused by: java.lang.NullPointerException: null
	at java.base/java.util.PriorityQueue.<init>(PriorityQueue.java:224)

66866      WARN  main            d.u.i.k.p.r.p.TestFile    Replay exception de.uka.ilkd.key.proof.io.ProblemLoaderException: Error loading proof.
Line 85, goal 24, rule JML_represents_clause_for_List_footprint not available or not applicable in this context.
	at de.uka.ilkd.key.proof.io.IntermediateProofReplayer.reportError(IntermediateProofReplayer.java:779)
Caused by: java.lang.NullPointerException: null
	at java.base/java.util.PriorityQueue.<init>(PriorityQueue.java:224)

66867      WARN  main            d.u.i.k.p.r.p.ForkedTestFileRunner Run failed java.lang.Exception: Exception while loading proof (see cause for details): /home/runner/work/key/key/key.core/../key.ui/examples/heap/list/ArrayList_contains_dep.key.proof
	at de.uka.ilkd.key.proof.runallproofs.proofcollection.TestFile.reloadProof(TestFile.java:314)
Caused by: de.uka.ilkd.key.proof.io.ProblemLoaderException: Error loading proof.
Line 85, goal 24, rule JML_represents_clause_for_List_footprint not available or not applicable in this context.
	at de.uka.ilkd.key.proof.io.IntermediateProofReplayer.reportError(IntermediateProofReplayer.java:779)
Caused by: java.lang.NullPointerException: null
	at java.base/java.util.PriorityQueue.<init>(PriorityQueue.java:224)

75322      WARN  main            d.u.i.k.p.r.p.TestFile    Replay exception de.uka.ilkd.key.proof.io.ProblemLoaderException: Error loading proof.
Line 108, goal 47, rule Class_invariant_axiom_for_ArrayList not available or not applicable in this context.
	at de.uka.ilkd.key.proof.io.IntermediateProofReplayer.reportError(IntermediateProofReplayer.java:779)
Caused by: java.lang.NullPointerException: null
	at java.base/java.util.PriorityQueue.<init>(PriorityQueue.java:224)

75323      WARN  main            d.u.i.k.p.r.p.ForkedTestFileRunner Run failed java.lang.Exception: Exception while loading proof (see cause for details): /home/runner/work/key/key/key.core/../key.ui/examples/heap/list/ArrayList_enlarge.key.proof
	at de.uka.ilkd.key.proof.runallproofs.proofcollection.TestFile.reloadProof(TestFile.java:314)
Caused by: de.uka.ilkd.key.proof.io.ProblemLoaderException: Error loading proof.
Line 108, goal 47, rule Class_invariant_axiom_for_ArrayList not available or not applicable in this context.
	at de.uka.ilkd.key.proof.io.IntermediateProofReplayer.reportError(IntermediateProofReplayer.java:779)
Caused by: java.lang.NullPointerException: null
	at java.base/java.util.PriorityQueue.<init>(PriorityQueue.java:224)

88294      WARN  main            d.u.i.k.p.r.p.TestFile    Replay exception de.uka.ilkd.key.proof.io.ProblemLoaderException: Error loading proof.
Line 96, goal 35, rule JML_represents_clause_for_List_footprint not available or not applicable in this context.
	at de.uka.ilkd.key.proof.io.IntermediateProofReplayer.reportError(IntermediateProofReplayer.java:779)
Caused by: java.lang.NullPointerException: null
	at java.base/java.util.PriorityQueue.<init>(PriorityQueue.java:224)

88295      WARN  main            d.u.i.k.p.r.p.ForkedTestFileRunner Run failed java.lang.Exception: Exception while loading proof (see cause for details): /home/runner/work/key/key/key.core/../key.ui/examples/heap/list/ArrayList_get_dep.key.proof
	at de.uka.ilkd.key.proof.runallproofs.proofcollection.TestFile.reloadProof(TestFile.java:314)
Caused by: de.uka.ilkd.key.proof.io.ProblemLoaderException: Error loading proof.
Line 96, goal 35, rule JML_represents_clause_for_List_footprint not available or not applicable in this context.
	at de.uka.ilkd.key.proof.io.IntermediateProofReplayer.reportError(IntermediateProofReplayer.java:779)
Caused by: java.lang.NullPointerException: null
	at java.base/java.util.PriorityQueue.<init>(PriorityQueue.java:224)

95631      WARN  main            d.u.i.k.p.r.p.TestFile    Replay exception de.uka.ilkd.key.proof.io.ProblemLoaderException: Error loading proof.
Line 84, goal 23, rule Class_invariant_axiom_for_ArrayList not available or not applicable in this context.
	at de.uka.ilkd.key.proof.io.IntermediateProofReplayer.reportError(IntermediateProofReplayer.java:779)
Caused by: java.lang.NullPointerException: null
	at java.base/java.util.PriorityQueue.<init>(PriorityQueue.java:224)

95632      WARN  main            d.u.i.k.p.r.p.ForkedTestFileRunner Run failed java.lang.Exception: Exception while loading proof (see cause for details): /home/runner/work/key/key/key.core/../key.ui/examples/heap/list/ArrayList_get_exceptional.key.proof
	at de.uka.ilkd.key.proof.runallproofs.proofcollection.TestFile.reloadProof(TestFile.java:314)
Caused by: de.uka.ilkd.key.proof.io.ProblemLoaderException: Error loading proof.
Line 84, goal 23, rule Class_invariant_axiom_for_ArrayList not available or not applicable in this context.
	at de.uka.ilkd.key.proof.io.IntermediateProofReplayer.reportError(IntermediateProofReplayer.java:779)
Caused by: java.lang.NullPointerException: null
	at java.base/java.util.PriorityQueue.<init>(PriorityQueue.java:224)

102210     WARN  main            d.u.i.k.p.r.p.TestFile    Replay exception de.uka.ilkd.key.proof.io.ProblemLoaderException: Error loading proof.
Line 88, goal 27, rule Class_invariant_axiom_for_ArrayList not available or not applicable in this context.
	at de.uka.ilkd.key.proof.io.IntermediateProofReplayer.reportError(IntermediateProofReplayer.java:779)
Caused by: java.lang.NullPointerException: null
	at java.base/java.util.PriorityQueue.<init>(PriorityQueue.java:224)

102211     WARN  main            d.u.i.k.p.r.p.ForkedTestFileRunner Run failed java.lang.Exception: Exception while loading proof (see cause for details): /home/runner/work/key/key/key.core/../key.ui/examples/heap/list/ArrayList_get_normal.key.proof
	at de.uka.ilkd.key.proof.runallproofs.proofcollection.TestFile.reloadProof(TestFile.java:314)
Caused by: de.uka.ilkd.key.proof.io.ProblemLoaderException: Error loading proof.
Line 88, goal 27, rule Class_invariant_axiom_for_ArrayList not available or not applicable in this context.
	at de.uka.ilkd.key.proof.io.IntermediateProofReplayer.reportError(IntermediateProofReplayer.java:779)
Caused by: java.lang.NullPointerException: null
	at java.base/java.util.PriorityQueue.<init>(PriorityQueue.java:224)

108658     WARN  main            d.u.i.k.p.r.p.TestFile    Replay exception de.uka.ilkd.key.proof.io.ProblemLoaderException: Error loading proof.
Line 73, goal 12, rule Class_invariant_axiom_for_ArrayList not available or not applicable in this context.
	at de.uka.ilkd.key.proof.io.IntermediateProofReplayer.reportError(IntermediateProofReplayer.java:779)
Caused by: java.lang.NullPointerException: null
	at java.base/java.util.PriorityQueue.<init>(PriorityQueue.java:224)

108659     WARN  main            d.u.i.k.p.r.p.ForkedTestFileRunner Run failed java.lang.Exception: Exception while loading proof (see cause for details): /home/runner/work/key/key/key.core/../key.ui/examples/heap/list/ArrayList_inv.key.proof
	at de.uka.ilkd.key.proof.runallproofs.proofcollection.TestFile.reloadProof(TestFile.java:314)
Caused by: de.uka.ilkd.key.proof.io.ProblemLoaderException: Error loading proof.
Line 73, goal 12, rule Class_invariant_axiom_for_ArrayList not available or not applicable in this context.
	at de.uka.ilkd.key.proof.io.IntermediateProofReplayer.reportError(IntermediateProofReplayer.java:779)
Caused by: java.lang.NullPointerException: null
	at java.base/java.util.PriorityQueue.<init>(PriorityQueue.java:224)

115317     WARN  main            d.u.i.k.p.r.p.TestFile    Replay exception de.uka.ilkd.key.proof.io.ProblemLoaderException: Error loading proof.
Line 74, goal 13, rule Class_invariant_axiom_for_ArrayList not available or not applicable in this context.
	at de.uka.ilkd.key.proof.io.IntermediateProofReplayer.reportError(IntermediateProofReplayer.java:779)
Caused by: java.lang.NullPointerException: null
	at java.base/java.util.PriorityQueue.<init>(PriorityQueue.java:224)

115318     WARN  main            d.u.i.k.p.r.p.ForkedTestFileRunner Run failed java.lang.Exception: Exception while loading proof (see cause for details): /home/runner/work/key/key/key.core/../key.ui/examples/heap/list/ArrayList_iterator.key.proof
	at de.uka.ilkd.key.proof.runallproofs.proofcollection.TestFile.reloadProof(TestFile.java:314)
Caused by: de.uka.ilkd.key.proof.io.ProblemLoaderException: Error loading proof.
Line 74, goal 13, rule Class_invariant_axiom_for_ArrayList not available or not applicable in this context.
	at de.uka.ilkd.key.proof.io.IntermediateProofReplayer.reportError(IntermediateProofReplayer.java:779)
Caused by: java.lang.NullPointerException: null
	at java.base/java.util.PriorityQueue.<init>(PriorityQueue.java:224)

121747     WARN  main            d.u.i.k.p.r.p.TestFile    Replay exception de.uka.ilkd.key.proof.io.ProblemLoaderException: Error loading proof.
Line 82, goal 21, rule JML_represents_clause_for_List_footprint not available or not applicable in this context.
	at de.uka.ilkd.key.proof.io.IntermediateProofReplayer.reportError(IntermediateProofReplayer.java:779)
Caused by: java.lang.NullPointerException: null
	at java.base/java.util.PriorityQueue.<init>(PriorityQueue.java:224)

121748     WARN  main            d.u.i.k.p.r.p.ForkedTestFileRunner Run failed java.lang.Exception: Exception while loading proof (see cause for details): /home/runner/work/key/key/key.core/../key.ui/examples/heap/list/ArrayList_size_dep.key.proof
	at de.uka.ilkd.key.proof.runallproofs.proofcollection.TestFile.reloadProof(TestFile.java:314)
Caused by: de.uka.ilkd.key.proof.io.ProblemLoaderException: Error loading proof.
Line 82, goal 21, rule JML_represents_clause_for_List_footprint not available or not applicable in this context.
	at de.uka.ilkd.key.proof.io.IntermediateProofReplayer.reportError(IntermediateProofReplayer.java:779)
Caused by: java.lang.NullPointerException: null
	at java.base/java.util.PriorityQueue.<init>(PriorityQueue.java:224)

128091     WARN  main            d.u.i.k.p.r.p.TestFile    Replay exception de.uka.ilkd.key.proof.io.ProblemLoaderException: Error loading proof.
Line 73, goal 12, rule Class_invariant_axiom_for_ArrayList not available or not applicable in this context.
	at de.uka.ilkd.key.proof.io.IntermediateProofReplayer.reportError(IntermediateProofReplayer.java:779)
Caused by: java.lang.NullPointerException: null
	at java.base/java.util.PriorityQueue.<init>(PriorityQueue.java:224)

128092     WARN  main            d.u.i.k.p.r.p.ForkedTestFileRunner Run failed java.lang.Exception: Exception while loading proof (see cause for details): /home/runner/work/key/key/key.core/../key.ui/examples/heap/list/ArrayList_size.key.proof
	at de.uka.ilkd.key.proof.runallproofs.proofcollection.TestFile.reloadProof(TestFile.java:314)
Caused by: de.uka.ilkd.key.proof.io.ProblemLoaderException: Error loading proof.
Line 73, goal 12, rule Class_invariant_axiom_for_ArrayList not available or not applicable in this context.
	at de.uka.ilkd.key.proof.io.IntermediateProofReplayer.reportError(IntermediateProofReplayer.java:779)
Caused by: java.lang.NullPointerException: null
	at java.base/java.util.PriorityQueue.<init>(PriorityQueue.java:224)

134891     WARN  main            d.u.i.k.p.r.p.TestFile    Replay exception de.uka.ilkd.key.proof.io.ProblemLoaderException: Error loading proof.
Line 76, goal 15, rule Class_invariant_axiom_for_ArrayList not available or not applicable in this context.
	at de.uka.ilkd.key.proof.io.IntermediateProofReplayer.reportError(IntermediateProofReplayer.java:779)
Caused by: java.lang.NullPointerException: null
	at java.base/java.util.PriorityQueue.<init>(PriorityQueue.java:224)

134893     WARN  main            d.u.i.k.p.r.p.ForkedTestFileRunner Run failed java.lang.Exception: Exception while loading proof (see cause for details): /home/runner/work/key/key/key.core/../key.ui/examples/heap/list/ArrayList.ArrayListIterator_ArrayListIterator.key.proof
	at de.uka.ilkd.key.proof.runallproofs.proofcollection.TestFile.reloadProof(TestFile.java:314)
Caused by: de.uka.ilkd.key.proof.io.ProblemLoaderException: Error loading proof.
Line 76, goal 15, rule Class_invariant_axiom_for_ArrayList not available or not applicable in this context.
	at de.uka.ilkd.key.proof.io.IntermediateProofReplayer.reportError(IntermediateProofReplayer.java:779)
Caused by: java.lang.NullPointerException: null
	at java.base/java.util.PriorityQueue.<init>(PriorityQueue.java:224)

141334     WARN  main            d.u.i.k.p.r.p.TestFile    Replay exception de.uka.ilkd.key.proof.io.ProblemLoaderException: Error loading proof.
Line 81, goal 20, rule JML_represents_clause_for_ListIterator_list not available or not applicable in this context.
	at de.uka.ilkd.key.proof.io.IntermediateProofReplayer.reportError(IntermediateProofReplayer.java:779)
Caused by: java.lang.NullPointerException: null
	at java.base/java.util.PriorityQueue.<init>(PriorityQueue.java:224)

141335     WARN  main            d.u.i.k.p.r.p.ForkedTestFileRunner Run failed java.lang.Exception: Exception while loading proof (see cause for details): /home/runner/work/key/key/key.core/../key.ui/examples/heap/list/ArrayList.ArrayListIterator_hasNext_dep.key.proof
	at de.uka.ilkd.key.proof.runallproofs.proofcollection.TestFile.reloadProof(TestFile.java:314)
Caused by: de.uka.ilkd.key.proof.io.ProblemLoaderException: Error loading proof.
Line 81, goal 20, rule JML_represents_clause_for_ListIterator_list not available or not applicable in this context.
	at de.uka.ilkd.key.proof.io.IntermediateProofReplayer.reportError(IntermediateProofReplayer.java:779)
Caused by: java.lang.NullPointerException: null
	at java.base/java.util.PriorityQueue.<init>(PriorityQueue.java:224)

147878     WARN  main            d.u.i.k.p.r.p.TestFile    Replay exception de.uka.ilkd.key.proof.io.ProblemLoaderException: Error loading proof.
Line 79, goal 18, rule Class_invariant_axiom_for_ArrayList_ArrayListIterator not available or not applicable in this context.
	at de.uka.ilkd.key.proof.io.IntermediateProofReplayer.reportError(IntermediateProofReplayer.java:779)
Caused by: java.lang.NullPointerException: null
	at java.base/java.util.PriorityQueue.<init>(PriorityQueue.java:224)

147879     WARN  main            d.u.i.k.p.r.p.ForkedTestFileRunner Run failed java.lang.Exception: Exception while loading proof (see cause for details): /home/runner/work/key/key/key.core/../key.ui/examples/heap/list/ArrayList.ArrayListIterator_hasNext.key.proof
	at de.uka.ilkd.key.proof.runallproofs.proofcollection.TestFile.reloadProof(TestFile.java:314)
Caused by: de.uka.ilkd.key.proof.io.ProblemLoaderException: Error loading proof.
Line 79, goal 18, rule Class_invariant_axiom_for_ArrayList_ArrayListIterator not available or not applicable in this context.
	at de.uka.ilkd.key.proof.io.IntermediateProofReplayer.reportError(IntermediateProofReplayer.java:779)
Caused by: java.lang.NullPointerException: null
	at java.base/java.util.PriorityQueue.<init>(PriorityQueue.java:224)

154997     WARN  main            d.u.i.k.p.r.p.TestFile    Replay exception de.uka.ilkd.key.proof.io.ProblemLoaderException: Error loading proof.
Line 73, goal 12, rule Class_invariant_axiom_for_ArrayList_ArrayListIterator not available or not applicable in this context.
	at de.uka.ilkd.key.proof.io.IntermediateProofReplayer.reportError(IntermediateProofReplayer.java:779)
Caused by: java.lang.NullPointerException: null
	at java.base/java.util.PriorityQueue.<init>(PriorityQueue.java:224)

154998     WARN  main            d.u.i.k.p.r.p.ForkedTestFileRunner Run failed java.lang.Exception: Exception while loading proof (see cause for details): /home/runner/work/key/key/key.core/../key.ui/examples/heap/list/ArrayList.ArrayListIterator_inv.key.proof
	at de.uka.ilkd.key.proof.runallproofs.proofcollection.TestFile.reloadProof(TestFile.java:314)
Caused by: de.uka.ilkd.key.proof.io.ProblemLoaderException: Error loading proof.
Line 73, goal 12, rule Class_invariant_axiom_for_ArrayList_ArrayListIterator not available or not applicable in this context.
	at de.uka.ilkd.key.proof.io.IntermediateProofReplayer.reportError(IntermediateProofReplayer.java:779)
Caused by: java.lang.NullPointerException: null
	at java.base/java.util.PriorityQueue.<init>(PriorityQueue.java:224)

168179     WARN  main            d.u.i.k.p.r.p.TestFile    Replay exception de.uka.ilkd.key.proof.io.ProblemLoaderException: Error loading proof.
Line 75, goal 14, rule Class_invariant_axiom_for_ArrayList_ArrayListIterator not available or not applicable in this context.
	at de.uka.ilkd.key.proof.io.IntermediateProofReplayer.reportError(IntermediateProofReplayer.java:779)
Caused by: java.lang.NullPointerException: null
	at java.base/java.util.PriorityQueue.<init>(PriorityQueue.java:224)

168180     WARN  main            d.u.i.k.p.r.p.ForkedTestFileRunner Run failed java.lang.Exception: Exception while loading proof (see cause for details): /home/runner/work/key/key/key.core/../key.ui/examples/heap/list/ArrayList.ArrayListIterator_next_exceptional.key.proof
	at de.uka.ilkd.key.proof.runallproofs.proofcollection.TestFile.reloadProof(TestFile.java:314)
Caused by: de.uka.ilkd.key.proof.io.ProblemLoaderException: Error loading proof.
Line 75, goal 14, rule Class_invariant_axiom_for_ArrayList_ArrayListIterator not available or not applicable in this context.
	at de.uka.ilkd.key.proof.io.IntermediateProofReplayer.reportError(IntermediateProofReplayer.java:779)
Caused by: java.lang.NullPointerException: null
	at java.base/java.util.PriorityQueue.<init>(PriorityQueue.java:224)

175073     WARN  main            d.u.i.k.p.r.p.TestFile    Replay exception de.uka.ilkd.key.proof.io.ProblemLoaderException: Error loading proof.
Line 91, goal 30, rule Class_invariant_axiom_for_ArrayList_ArrayListIterator not available or not applicable in this context.
	at de.uka.ilkd.key.proof.io.IntermediateProofReplayer.reportError(IntermediateProofReplayer.java:779)
Caused by: java.lang.NullPointerException: null
	at java.base/java.util.PriorityQueue.<init>(PriorityQueue.java:224)

175074     WARN  main            d.u.i.k.p.r.p.ForkedTestFileRunner Run failed java.lang.Exception: Exception while loading proof (see cause for details): /home/runner/work/key/key/key.core/../key.ui/examples/heap/list/ArrayList.ArrayListIterator_next_normal.key.proof
	at de.uka.ilkd.key.proof.runallproofs.proofcollection.TestFile.reloadProof(TestFile.java:314)
Caused by: de.uka.ilkd.key.proof.io.ProblemLoaderException: Error loading proof.
Line 91, goal 30, rule Class_invariant_axiom_for_ArrayList_ArrayListIterator not available or not applicable in this context.
	at de.uka.ilkd.key.proof.io.IntermediateProofReplayer.reportError(IntermediateProofReplayer.java:779)
Caused by: java.lang.NullPointerException: null
	at java.base/java.util.PriorityQueue.<init>(PriorityQueue.java:224)

187747     WARN  main            d.u.i.k.p.r.p.TestFile    Replay exception de.uka.ilkd.key.proof.io.ProblemLoaderException: Error loading proof.
Line 87, goal 26, rule Class_invariant_axiom_for_Client not available or not applicable in this context.
	at de.uka.ilkd.key.proof.io.IntermediateProofReplayer.reportError(IntermediateProofReplayer.java:779)
Caused by: java.lang.NullPointerException: null
	at java.base/java.util.PriorityQueue.<init>(PriorityQueue.java:224)

187748     WARN  main            d.u.i.k.p.r.p.ForkedTestFileRunner Run failed java.lang.Exception: Exception while loading proof (see cause for details): /home/runner/work/key/key/key.core/../key.ui/examples/heap/list/Client_m.key.proof
	at de.uka.ilkd.key.proof.runallproofs.proofcollection.TestFile.reloadProof(TestFile.java:314)
Caused by: de.uka.ilkd.key.proof.io.ProblemLoaderException: Error loading proof.
Line 87, goal 26, rule Class_invariant_axiom_for_Client not available or not applicable in this context.
	at de.uka.ilkd.key.proof.io.IntermediateProofReplayer.reportError(IntermediateProofReplayer.java:779)
Caused by: java.lang.NullPointerException: null
	at java.base/java.util.PriorityQueue.<init>(PriorityQueue.java:224)

194098     WARN  main            d.u.i.k.p.r.p.TestFile    Replay exception de.uka.ilkd.key.proof.io.ProblemLoaderException: Error loading proof.
Line 78, goal 17, rule Class_invariant_axiom_for_Client not available or not applicable in this context.
	at de.uka.ilkd.key.proof.io.IntermediateProofReplayer.reportError(IntermediateProofReplayer.java:779)
Caused by: java.lang.NullPointerException: null
	at java.base/java.util.PriorityQueue.<init>(PriorityQueue.java:224)

194099     WARN  main            d.u.i.k.p.r.p.ForkedTestFileRunner Run failed java.lang.Exception: Exception while loading proof (see cause for details): /home/runner/work/key/key/key.core/../key.ui/examples/heap/list/Client_n.key.proof
	at de.uka.ilkd.key.proof.runallproofs.proofcollection.TestFile.reloadProof(TestFile.java:314)
Caused by: de.uka.ilkd.key.proof.io.ProblemLoaderException: Error loading proof.
Line 78, goal 17, rule Class_invariant_axiom_for_Client not available or not applicable in this context.
	at de.uka.ilkd.key.proof.io.IntermediateProofReplayer.reportError(IntermediateProofReplayer.java:779)
Caused by: java.lang.NullPointerException: null
	at java.base/java.util.PriorityQueue.<init>(PriorityQueue.java:224)

202254     WARN  main            d.u.i.k.p.r.p.TestFile    Replay exception de.uka.ilkd.key.proof.io.ProblemLoaderException: Error loading proof.
Line 84, goal 23, rule Class_invariant_axiom_for_LinkedList not available or not applicable in this context.
	at de.uka.ilkd.key.proof.io.IntermediateProofReplayer.reportError(IntermediateProofReplayer.java:779)
Caused by: java.lang.NullPointerException: null
	at java.base/java.util.PriorityQueue.<init>(PriorityQueue.java:224)

202255     WARN  main            d.u.i.k.p.r.p.ForkedTestFileRunner Run failed java.lang.Exception: Exception while loading proof (see cause for details): /home/runner/work/key/key/key.core/../key.ui/examples/heap/list/LinkedList_get_exceptional.key.proof
	at de.uka.ilkd.key.proof.runallproofs.proofcollection.TestFile.reloadProof(TestFile.java:314)
Caused by: de.uka.ilkd.key.proof.io.ProblemLoaderException: Error loading proof.
Line 84, goal 23, rule Class_invariant_axiom_for_LinkedList not available or not applicable in this context.
	at de.uka.ilkd.key.proof.io.IntermediateProofReplayer.reportError(IntermediateProofReplayer.java:779)
Caused by: java.lang.NullPointerException: null
	at java.base/java.util.PriorityQueue.<init>(PriorityQueue.java:224)

214477     WARN  main            d.u.i.k.p.r.p.TestFile    Replay exception de.uka.ilkd.key.proof.io.ProblemLoaderException: Error loading proof.
Line 88, goal 27, rule Class_invariant_axiom_for_LinkedList not available or not applicable in this context.
	at de.uka.ilkd.key.proof.io.IntermediateProofReplayer.reportError(IntermediateProofReplayer.java:779)
Caused by: java.lang.NullPointerException: null
	at java.base/java.util.PriorityQueue.<init>(PriorityQueue.java:224)

214478     WARN  main            d.u.i.k.p.r.p.ForkedTestFileRunner Run failed java.lang.Exception: Exception while loading proof (see cause for details): /home/runner/work/key/key/key.core/../key.ui/examples/heap/list/LinkedList_get_normal.key.proof
	at de.uka.ilkd.key.proof.runallproofs.proofcollection.TestFile.reloadProof(TestFile.java:314)
Caused by: de.uka.ilkd.key.proof.io.ProblemLoaderException: Error loading proof.
Line 88, goal 27, rule Class_invariant_axiom_for_LinkedList not available or not applicable in this context.
	at de.uka.ilkd.key.proof.io.IntermediateProofReplayer.reportError(IntermediateProofReplayer.java:779)
Caused by: java.lang.NullPointerException: null
	at java.base/java.util.PriorityQueue.<init>(PriorityQueue.java:224)

221169     WARN  main            d.u.i.k.p.r.p.TestFile    Replay exception de.uka.ilkd.key.proof.io.ProblemLoaderException: Error loading proof.
Line 123, goal 62, rule assignment_write_attribute not available or not applicable in this context.
	at de.uka.ilkd.key.proof.io.IntermediateProofReplayer.reportError(IntermediateProofReplayer.java:779)
Caused by: java.lang.NullPointerException: null
	at java.base/java.util.PriorityQueue.<init>(PriorityQueue.java:224)

221170     WARN  main            d.u.i.k.p.r.p.ForkedTestFileRunner Run failed java.lang.Exception: Exception while loading proof (see cause for details): /home/runner/work/key/key/key.core/../key.ui/examples/heap/list/LinkedList_LinkedList.key.proof
	at de.uka.ilkd.key.proof.runallproofs.proofcollection.TestFile.reloadProof(TestFile.java:314)
Caused by: de.uka.ilkd.key.proof.io.ProblemLoaderException: Error loading proof.
Line 123, goal 62, rule assignment_write_attribute not available or not applicable in this context.
	at de.uka.ilkd.key.proof.io.IntermediateProofReplayer.reportError(IntermediateProofReplayer.java:779)
Caused by: java.lang.NullPointerException: null
	at java.base/java.util.PriorityQueue.<init>(PriorityQueue.java:224)

227803     WARN  main            d.u.i.k.p.r.p.TestFile    Replay exception de.uka.ilkd.key.proof.io.ProblemLoaderException: Error loading proof.
Line 82, goal 21, rule JML_represents_clause_for_List_footprint not available or not applicable in this context.
	at de.uka.ilkd.key.proof.io.IntermediateProofReplayer.reportError(IntermediateProofReplayer.java:779)
Caused by: java.lang.NullPointerException: null
	at java.base/java.util.PriorityQueue.<init>(PriorityQueue.java:224)

227804     WARN  main            d.u.i.k.p.r.p.ForkedTestFileRunner Run failed java.lang.Exception: Exception while loading proof (see cause for details): /home/runner/work/key/key/key.core/../key.ui/examples/heap/list/LinkedList_size_dep.key.proof
	at de.uka.ilkd.key.proof.runallproofs.proofcollection.TestFile.reloadProof(TestFile.java:314)
Caused by: de.uka.ilkd.key.proof.io.ProblemLoaderException: Error loading proof.
Line 82, goal 21, rule JML_represents_clause_for_List_footprint not available or not applicable in this context.
	at de.uka.ilkd.key.proof.io.IntermediateProofReplayer.reportError(IntermediateProofReplayer.java:779)
Caused by: java.lang.NullPointerException: null
	at java.base/java.util.PriorityQueue.<init>(PriorityQueue.java:224)

234355     WARN  main            d.u.i.k.p.r.p.TestFile    Replay exception de.uka.ilkd.key.proof.io.ProblemLoaderException: Error loading proof.
Line 73, goal 12, rule Class_invariant_axiom_for_LinkedList not available or not applicable in this context.
	at de.uka.ilkd.key.proof.io.IntermediateProofReplayer.reportError(IntermediateProofReplayer.java:779)
Caused by: java.lang.NullPointerException: null
	at java.base/java.util.PriorityQueue.<init>(PriorityQueue.java:224)

234357     WARN  main            d.u.i.k.p.r.p.ForkedTestFileRunner Run failed java.lang.Exception: Exception while loading proof (see cause for details): /home/runner/work/key/key/key.core/../key.ui/examples/heap/list/LinkedList_size.key.proof
	at de.uka.ilkd.key.proof.runallproofs.proofcollection.TestFile.reloadProof(TestFile.java:314)
Caused by: de.uka.ilkd.key.proof.io.ProblemLoaderException: Error loading proof.
Line 73, goal 12, rule Class_invariant_axiom_for_LinkedList not available or not applicable in this context.
	at de.uka.ilkd.key.proof.io.IntermediateProofReplayer.reportError(IntermediateProofReplayer.java:779)
Caused by: java.lang.NullPointerException: null
	at java.base/java.util.PriorityQueue.<init>(PriorityQueue.java:224)

240689     WARN  main            d.u.i.k.p.r.p.TestFile    Replay exception de.uka.ilkd.key.proof.io.ProblemLoaderException: Error loading proof.
Line 72, goal 11, rule JML_represents_clause_for_MySet_footprint not available or not applicable in this context.
	at de.uka.ilkd.key.proof.io.IntermediateProofReplayer.reportError(IntermediateProofReplayer.java:779)
Caused by: java.lang.NullPointerException: null
	at java.base/java.util.PriorityQueue.<init>(PriorityQueue.java:224)

240690     WARN  main            d.u.i.k.p.r.p.ForkedTestFileRunner Run failed java.lang.Exception: Exception while loading proof (see cause for details): /home/runner/work/key/key/key.core/../key.ui/examples/heap/list/MySet_footprint.key.proof
	at de.uka.ilkd.key.proof.runallproofs.proofcollection.TestFile.reloadProof(TestFile.java:314)
Caused by: de.uka.ilkd.key.proof.io.ProblemLoaderException: Error loading proof.
Line 72, goal 11, rule JML_represents_clause_for_MySet_footprint not available or not applicable in this context.
	at de.uka.ilkd.key.proof.io.IntermediateProofReplayer.reportError(IntermediateProofReplayer.java:779)
Caused by: java.lang.NullPointerException: null
	at java.base/java.util.PriorityQueue.<init>(PriorityQueue.java:224)

249099     WARN  main            d.u.i.k.p.r.p.TestFile    Replay exception de.uka.ilkd.key.proof.io.ProblemLoaderException: Error loading proof.
Line 129, goal 68, rule Use Operation Contract not available or not applicable in this context.
	at de.uka.ilkd.key.proof.io.IntermediateProofReplayer.reportError(IntermediateProofReplayer.java:779)
Caused by: java.lang.NullPointerException: null
	at java.base/java.util.PriorityQueue.<init>(PriorityQueue.java:224)

249100     WARN  main            d.u.i.k.p.r.p.ForkedTestFileRunner Run failed java.lang.Exception: Exception while loading proof (see cause for details): /home/runner/work/key/key/key.core/../key.ui/examples/heap/list/MySet_MySet.key.proof
	at de.uka.ilkd.key.proof.runallproofs.proofcollection.TestFile.reloadProof(TestFile.java:314)
Caused by: de.uka.ilkd.key.proof.io.ProblemLoaderException: Error loading proof.
Line 129, goal 68, rule Use Operation Contract not available or not applicable in this context.
	at de.uka.ilkd.key.proof.io.IntermediateProofReplayer.reportError(IntermediateProofReplayer.java:779)
Caused by: java.lang.NullPointerException: null
	at java.base/java.util.PriorityQueue.<init>(PriorityQueue.java:224)

542        WARN  main            d.u.i.k.s.ProofSettings   The settings in /home/runner/.key/proof-settings.props are *not* read. 
15835      WARN  main            d.u.i.k.p.r.p.TestFile    Replay exception de.uka.ilkd.key.proof.io.ProblemLoaderException: Error loading proof.
Line 117, goal 56, rule Class_invariant_axiom_for_ArrayList not available or not applicable in this context.
	at de.uka.ilkd.key.proof.io.IntermediateProofReplayer.reportError(IntermediateProofReplayer.java:779)
Caused by: java.lang.NullPointerException: null
	at java.base/java.util.PriorityQueue.<init>(PriorityQueue.java:224)

15846      WARN  main            d.u.i.k.p.r.p.ForkedTestFileRunner Run failed java.lang.Exception: Exception while loading proof (see cause for details): /home/runner/work/key/key/key.core/../key.ui/examples/heap/list_ghost/ArrayList_add.key.proof
	at de.uka.ilkd.key.proof.runallproofs.proofcollection.TestFile.reloadProof(TestFile.java:314)
Caused by: de.uka.ilkd.key.proof.io.ProblemLoaderException: Error loading proof.
Line 117, goal 56, rule Class_invariant_axiom_for_ArrayList not available or not applicable in this context.
	at de.uka.ilkd.key.proof.io.IntermediateProofReplayer.reportError(IntermediateProofReplayer.java:779)
Caused by: java.lang.NullPointerException: null
	at java.base/java.util.PriorityQueue.<init>(PriorityQueue.java:224)

22243      WARN  main            d.u.i.k.p.r.p.TestFile    Replay exception de.uka.ilkd.key.proof.io.ProblemLoaderException: Error loading proof.
Line 139, goal 78, rule ifSplit not available or not applicable in this context.
	at de.uka.ilkd.key.proof.io.IntermediateProofReplayer.reportError(IntermediateProofReplayer.java:779)
Caused by: java.lang.NullPointerException: null
	at java.base/java.util.PriorityQueue.<init>(PriorityQueue.java:224)

22244      WARN  main            d.u.i.k.p.r.p.ForkedTestFileRunner Run failed java.lang.Exception: Exception while loading proof (see cause for details): /home/runner/work/key/key/key.core/../key.ui/examples/heap/list_ghost/ArrayList_ArrayList.key.proof
	at de.uka.ilkd.key.proof.runallproofs.proofcollection.TestFile.reloadProof(TestFile.java:314)
Caused by: de.uka.ilkd.key.proof.io.ProblemLoaderException: Error loading proof.
Line 139, goal 78, rule ifSplit not available or not applicable in this context.
	at de.uka.ilkd.key.proof.io.IntermediateProofReplayer.reportError(IntermediateProofReplayer.java:779)
Caused by: java.lang.NullPointerException: null
	at java.base/java.util.PriorityQueue.<init>(PriorityQueue.java:224)

29463      WARN  main            d.u.i.k.p.r.p.TestFile    Replay exception de.uka.ilkd.key.proof.io.ProblemLoaderException: Error loading proof.
Line 108, goal 47, rule Class_invariant_axiom_for_ArrayList not available or not applicable in this context.
	at de.uka.ilkd.key.proof.io.IntermediateProofReplayer.reportError(IntermediateProofReplayer.java:779)
Caused by: java.lang.NullPointerException: null
	at java.base/java.util.PriorityQueue.<init>(PriorityQueue.java:224)

29464      WARN  main            d.u.i.k.p.r.p.ForkedTestFileRunner Run failed java.lang.Exception: Exception while loading proof (see cause for details): /home/runner/work/key/key/key.core/../key.ui/examples/heap/list_ghost/ArrayList_enlarge.key.proof
	at de.uka.ilkd.key.proof.runallproofs.proofcollection.TestFile.reloadProof(TestFile.java:314)
Caused by: de.uka.ilkd.key.proof.io.ProblemLoaderException: Error loading proof.
Line 108, goal 47, rule Class_invariant_axiom_for_ArrayList not available or not applicable in this context.
	at de.uka.ilkd.key.proof.io.IntermediateProofReplayer.reportError(IntermediateProofReplayer.java:779)
Caused by: java.lang.NullPointerException: null
	at java.base/java.util.PriorityQueue.<init>(PriorityQueue.java:224)

34832      WARN  main            d.u.i.k.p.r.p.TestFile    Replay exception de.uka.ilkd.key.proof.io.ProblemLoaderException: Error loading proof.
Line 96, goal 35, rule Class_invariant_axiom_for_ArrayList not available or not applicable in this context.
	at de.uka.ilkd.key.proof.io.IntermediateProofReplayer.reportError(IntermediateProofReplayer.java:779)
Caused by: java.lang.NullPointerException: null
	at java.base/java.util.PriorityQueue.<init>(PriorityQueue.java:224)

34833      WARN  main            d.u.i.k.p.r.p.ForkedTestFileRunner Run failed java.lang.Exception: Exception while loading proof (see cause for details): /home/runner/work/key/key/key.core/../key.ui/examples/heap/list_ghost/ArrayList_get_dep.key.proof
	at de.uka.ilkd.key.proof.runallproofs.proofcollection.TestFile.reloadProof(TestFile.java:314)
Caused by: de.uka.ilkd.key.proof.io.ProblemLoaderException: Error loading proof.
Line 96, goal 35, rule Class_invariant_axiom_for_ArrayList not available or not applicable in this context.
	at de.uka.ilkd.key.proof.io.IntermediateProofReplayer.reportError(IntermediateProofReplayer.java:779)
Caused by: java.lang.NullPointerException: null
	at java.base/java.util.PriorityQueue.<init>(PriorityQueue.java:224)

40569      WARN  main            d.u.i.k.p.r.p.TestFile    Replay exception de.uka.ilkd.key.proof.io.ProblemLoaderException: Error loading proof.
Line 84, goal 23, rule Class_invariant_axiom_for_ArrayList not available or not applicable in this context.
	at de.uka.ilkd.key.proof.io.IntermediateProofReplayer.reportError(IntermediateProofReplayer.java:779)
Caused by: java.lang.NullPointerException: null
	at java.base/java.util.PriorityQueue.<init>(PriorityQueue.java:224)

40570      WARN  main            d.u.i.k.p.r.p.ForkedTestFileRunner Run failed java.lang.Exception: Exception while loading proof (see cause for details): /home/runner/work/key/key/key.core/../key.ui/examples/heap/list_ghost/ArrayList_get_exceptional.key.proof
	at de.uka.ilkd.key.proof.runallproofs.proofcollection.TestFile.reloadProof(TestFile.java:314)
Caused by: de.uka.ilkd.key.proof.io.ProblemLoaderException: Error loading proof.
Line 84, goal 23, rule Class_invariant_axiom_for_ArrayList not available or not applicable in this context.
	at de.uka.ilkd.key.proof.io.IntermediateProofReplayer.reportError(IntermediateProofReplayer.java:779)
Caused by: java.lang.NullPointerException: null
	at java.base/java.util.PriorityQueue.<init>(PriorityQueue.java:224)

45779      WARN  main            d.u.i.k.p.r.p.TestFile    Replay exception de.uka.ilkd.key.proof.io.ProblemLoaderException: Error loading proof.
Line 88, goal 27, rule Class_invariant_axiom_for_ArrayList not available or not applicable in this context.
	at de.uka.ilkd.key.proof.io.IntermediateProofReplayer.reportError(IntermediateProofReplayer.java:779)
Caused by: java.lang.NullPointerException: null
	at java.base/java.util.PriorityQueue.<init>(PriorityQueue.java:224)

45780      WARN  main            d.u.i.k.p.r.p.ForkedTestFileRunner Run failed java.lang.Exception: Exception while loading proof (see cause for details): /home/runner/work/key/key/key.core/../key.ui/examples/heap/list_ghost/ArrayList_get_normal.key.proof
	at de.uka.ilkd.key.proof.runallproofs.proofcollection.TestFile.reloadProof(TestFile.java:314)
Caused by: de.uka.ilkd.key.proof.io.ProblemLoaderException: Error loading proof.
Line 88, goal 27, rule Class_invariant_axiom_for_ArrayList not available or not applicable in this context.
	at de.uka.ilkd.key.proof.io.IntermediateProofReplayer.reportError(IntermediateProofReplayer.java:779)
Caused by: java.lang.NullPointerException: null
	at java.base/java.util.PriorityQueue.<init>(PriorityQueue.java:224)

50784      WARN  main            d.u.i.k.p.r.p.TestFile    Replay exception de.uka.ilkd.key.proof.io.ProblemLoaderException: Error loading proof.
Line 73, goal 12, rule Class_invariant_axiom_for_ArrayList not available or not applicable in this context.
	at de.uka.ilkd.key.proof.io.IntermediateProofReplayer.reportError(IntermediateProofReplayer.java:779)
Caused by: java.lang.NullPointerException: null
	at java.base/java.util.PriorityQueue.<init>(PriorityQueue.java:224)

50785      WARN  main            d.u.i.k.p.r.p.ForkedTestFileRunner Run failed java.lang.Exception: Exception while loading proof (see cause for details): /home/runner/work/key/key/key.core/../key.ui/examples/heap/list_ghost/ArrayList_inv.key.proof
	at de.uka.ilkd.key.proof.runallproofs.proofcollection.TestFile.reloadProof(TestFile.java:314)
Caused by: de.uka.ilkd.key.proof.io.ProblemLoaderException: Error loading proof.
Line 73, goal 12, rule Class_invariant_axiom_for_ArrayList not available or not applicable in this context.
	at de.uka.ilkd.key.proof.io.IntermediateProofReplayer.reportError(IntermediateProofReplayer.java:779)
Caused by: java.lang.NullPointerException: null
	at java.base/java.util.PriorityQueue.<init>(PriorityQueue.java:224)

55730      WARN  main            d.u.i.k.p.r.p.TestFile    Replay exception de.uka.ilkd.key.proof.io.ProblemLoaderException: Error loading proof.
Line 82, goal 21, rule Class_invariant_axiom_for_ArrayList not available or not applicable in this context.
	at de.uka.ilkd.key.proof.io.IntermediateProofReplayer.reportError(IntermediateProofReplayer.java:779)
Caused by: java.lang.NullPointerException: null
	at java.base/java.util.PriorityQueue.<init>(PriorityQueue.java:224)

55731      WARN  main            d.u.i.k.p.r.p.ForkedTestFileRunner Run failed java.lang.Exception: Exception while loading proof (see cause for details): /home/runner/work/key/key/key.core/../key.ui/examples/heap/list_ghost/ArrayList_size_dep.key.proof
	at de.uka.ilkd.key.proof.runallproofs.proofcollection.TestFile.reloadProof(TestFile.java:314)
Caused by: de.uka.ilkd.key.proof.io.ProblemLoaderException: Error loading proof.
Line 82, goal 21, rule Class_invariant_axiom_for_ArrayList not available or not applicable in this context.
	at de.uka.ilkd.key.proof.io.IntermediateProofReplayer.reportError(IntermediateProofReplayer.java:779)
Caused by: java.lang.NullPointerException: null
	at java.base/java.util.PriorityQueue.<init>(PriorityQueue.java:224)

60737      WARN  main            d.u.i.k.p.r.p.TestFile    Replay exception de.uka.ilkd.key.proof.io.ProblemLoaderException: Error loading proof.
Line 73, goal 12, rule Class_invariant_axiom_for_ArrayList not available or not applicable in this context.
	at de.uka.ilkd.key.proof.io.IntermediateProofReplayer.reportError(IntermediateProofReplayer.java:779)
Caused by: java.lang.NullPointerException: null
	at java.base/java.util.PriorityQueue.<init>(PriorityQueue.java:224)

60738      WARN  main            d.u.i.k.p.r.p.ForkedTestFileRunner Run failed java.lang.Exception: Exception while loading proof (see cause for details): /home/runner/work/key/key/key.core/../key.ui/examples/heap/list_ghost/ArrayList_size.key.proof
	at de.uka.ilkd.key.proof.runallproofs.proofcollection.TestFile.reloadProof(TestFile.java:314)
Caused by: de.uka.ilkd.key.proof.io.ProblemLoaderException: Error loading proof.
Line 73, goal 12, rule Class_invariant_axiom_for_ArrayList not available or not applicable in this context.
	at de.uka.ilkd.key.proof.io.IntermediateProofReplayer.reportError(IntermediateProofReplayer.java:779)
Caused by: java.lang.NullPointerException: null
	at java.base/java.util.PriorityQueue.<init>(PriorityQueue.java:224)

320        WARN  main            d.u.i.k.s.ProofSettings   The settings in /home/runner/.key/proof-settings.props are *not* read. 
12424      WARN  main            d.u.i.k.p.r.p.TestFile    Replay exception de.uka.ilkd.key.proof.io.ProblemLoaderException: Error loading proof.
Line 112, goal 51, rule loopScopeInvDia not available or not applicable in this context.
	at de.uka.ilkd.key.proof.io.IntermediateProofReplayer.reportError(IntermediateProofReplayer.java:779)
Caused by: java.lang.NullPointerException: null
	at java.base/java.util.PriorityQueue.<init>(PriorityQueue.java:224)

12430      WARN  main            d.u.i.k.p.r.p.ForkedTestFileRunner Run failed java.lang.Exception: Exception while loading proof (see cause for details): /home/runner/work/key/key/key.core/../key.ui/examples/heap/list_recursiveSpec/ListOperationsNonNull_getNextNN_normal_behavior.key.proof
	at de.uka.ilkd.key.proof.runallproofs.proofcollection.TestFile.reloadProof(TestFile.java:314)
Caused by: de.uka.ilkd.key.proof.io.ProblemLoaderException: Error loading proof.
Line 112, goal 51, rule loopScopeInvDia not available or not applicable in this context.
	at de.uka.ilkd.key.proof.io.IntermediateProofReplayer.reportError(IntermediateProofReplayer.java:779)
Caused by: java.lang.NullPointerException: null
	at java.base/java.util.PriorityQueue.<init>(PriorityQueue.java:224)

17585      WARN  main            d.u.i.k.p.r.p.ForkedTestFileRunner Run failed de.uka.ilkd.key.macros.scripts.ScriptException: Error while executing script: null

Command: rule observerDependencyEQ
	at de.uka.ilkd.key.macros.scripts.ProofScriptEngine.execute(ProofScriptEngine.java:174)
Caused by: java.lang.NullPointerException: null
	at java.base/java.util.PriorityQueue.<init>(PriorityQueue.java:224)

312        WARN  main            d.u.i.k.s.ProofSettings   The settings in /home/runner/.key/proof-settings.props are *not* read. 
71131      WARN  main            d.u.i.k.p.r.p.TestFile    Replay exception de.uka.ilkd.key.proof.io.ProblemLoaderException: Error loading proof.
Line 87, goal 26, rule Class_invariant_axiom_for_SimplifiedLinkedList not available or not applicable in this context.
	at de.uka.ilkd.key.proof.io.IntermediateProofReplayer.reportError(IntermediateProofReplayer.java:779)
Caused by: java.lang.NullPointerException: null
	at java.base/java.util.PriorityQueue.<init>(PriorityQueue.java:224)

71138      WARN  main            d.u.i.k.p.r.p.ForkedTestFileRunner Run failed java.lang.Exception: Exception while loading proof (see cause for details): /home/runner/work/key/key/key.core/../key.ui/examples/heap/list_seq/SimplifiedLinkedList.remove.key.proof
	at de.uka.ilkd.key.proof.runallproofs.proofcollection.TestFile.reloadProof(TestFile.java:314)
Caused by: de.uka.ilkd.key.proof.io.ProblemLoaderException: Error loading proof.
Line 87, goal 26, rule Class_invariant_axiom_for_SimplifiedLinkedList not available or not applicable in this context.
	at de.uka.ilkd.key.proof.io.IntermediateProofReplayer.reportError(IntermediateProofReplayer.java:779)
Caused by: java.lang.NullPointerException: null
	at java.base/java.util.PriorityQueue.<init>(PriorityQueue.java:224)

78802      WARN  main            d.u.i.k.p.r.p.TestFile    Replay exception de.uka.ilkd.key.proof.io.ProblemLoaderException: Error loading proof.
Line 125, goal 64, rule Use Operation Contract not available or not applicable in this context.
	at de.uka.ilkd.key.proof.io.IntermediateProofReplayer.reportError(IntermediateProofReplayer.java:779)
Caused by: java.lang.NullPointerException: null
	at java.base/java.util.PriorityQueue.<init>(PriorityQueue.java:224)

78803      WARN  main            d.u.i.k.p.r.p.ForkedTestFileRunner Run failed java.lang.Exception: Exception while loading proof (see cause for details): /home/runner/work/key/key/key.core/../key.ui/examples/heap/list_seq/ArrayList.ArrayList.key.proof
	at de.uka.ilkd.key.proof.runallproofs.proofcollection.TestFile.reloadProof(TestFile.java:314)
Caused by: de.uka.ilkd.key.proof.io.ProblemLoaderException: Error loading proof.
Line 125, goal 64, rule Use Operation Contract not available or not applicable in this context.
	at de.uka.ilkd.key.proof.io.IntermediateProofReplayer.reportError(IntermediateProofReplayer.java:779)
Caused by: java.lang.NullPointerException: null
	at java.base/java.util.PriorityQueue.<init>(PriorityQueue.java:224)

88462      WARN  main            d.u.i.k.p.r.p.TestFile    Replay exception de.uka.ilkd.key.proof.io.ProblemLoaderException: Error loading proof.
Line 78, goal 17, rule Class_invariant_axiom_for_ArrayList not available or not applicable in this context.
	at de.uka.ilkd.key.proof.io.IntermediateProofReplayer.reportError(IntermediateProofReplayer.java:779)
Caused by: java.lang.NullPointerException: null
	at java.base/java.util.PriorityQueue.<init>(PriorityQueue.java:224)

88463      WARN  main            d.u.i.k.p.r.p.ForkedTestFileRunner Run failed java.lang.Exception: Exception while loading proof (see cause for details): /home/runner/work/key/key/key.core/../key.ui/examples/heap/list_seq/ArrayList.add.key.proof
	at de.uka.ilkd.key.proof.runallproofs.proofcollection.TestFile.reloadProof(TestFile.java:314)
Caused by: de.uka.ilkd.key.proof.io.ProblemLoaderException: Error loading proof.
Line 78, goal 17, rule Class_invariant_axiom_for_ArrayList not available or not applicable in this context.
	at de.uka.ilkd.key.proof.io.IntermediateProofReplayer.reportError(IntermediateProofReplayer.java:779)
Caused by: java.lang.NullPointerException: null
	at java.base/java.util.PriorityQueue.<init>(PriorityQueue.java:224)

96486      WARN  main            d.u.i.k.p.r.p.TestFile    Replay exception de.uka.ilkd.key.proof.io.ProblemLoaderException: Error loading proof.
Line 88, goal 27, rule Class_invariant_axiom_for_ArrayList not available or not applicable in this context.
	at de.uka.ilkd.key.proof.io.IntermediateProofReplayer.reportError(IntermediateProofReplayer.java:779)
Caused by: java.lang.NullPointerException: null
	at java.base/java.util.PriorityQueue.<init>(PriorityQueue.java:224)

96487      WARN  main            d.u.i.k.p.r.p.ForkedTestFileRunner Run failed java.lang.Exception: Exception while loading proof (see cause for details): /home/runner/work/key/key/key.core/../key.ui/examples/heap/list_seq/ArrayList.contains.key.proof
	at de.uka.ilkd.key.proof.runallproofs.proofcollection.TestFile.reloadProof(TestFile.java:314)
Caused by: de.uka.ilkd.key.proof.io.ProblemLoaderException: Error loading proof.
Line 88, goal 27, rule Class_invariant_axiom_for_ArrayList not available or not applicable in this context.
	at de.uka.ilkd.key.proof.io.IntermediateProofReplayer.reportError(IntermediateProofReplayer.java:779)
Caused by: java.lang.NullPointerException: null
	at java.base/java.util.PriorityQueue.<init>(PriorityQueue.java:224)

104942     WARN  main            d.u.i.k.p.r.p.TestFile    Replay exception de.uka.ilkd.key.proof.io.ProblemLoaderException: Error loading proof.
Line 110, goal 49, rule Class_invariant_axiom_for_ArrayList not available or not applicable in this context.
	at de.uka.ilkd.key.proof.io.IntermediateProofReplayer.reportError(IntermediateProofReplayer.java:779)
Caused by: java.lang.NullPointerException: null
	at java.base/java.util.PriorityQueue.<init>(PriorityQueue.java:224)

104943     WARN  main            d.u.i.k.p.r.p.ForkedTestFileRunner Run failed java.lang.Exception: Exception while loading proof (see cause for details): /home/runner/work/key/key/key.core/../key.ui/examples/heap/list_seq/ArrayList.enlarge.key.proof
	at de.uka.ilkd.key.proof.runallproofs.proofcollection.TestFile.reloadProof(TestFile.java:314)
Caused by: de.uka.ilkd.key.proof.io.ProblemLoaderException: Error loading proof.
Line 110, goal 49, rule Class_invariant_axiom_for_ArrayList not available or not applicable in this context.
	at de.uka.ilkd.key.proof.io.IntermediateProofReplayer.reportError(IntermediateProofReplayer.java:779)
Caused by: java.lang.NullPointerException: null
	at java.base/java.util.PriorityQueue.<init>(PriorityQueue.java:224)

111907     WARN  main            d.u.i.k.p.r.p.TestFile    Replay exception de.uka.ilkd.key.proof.io.ProblemLoaderException: Error loading proof.
Line 83, goal 22, rule Class_invariant_axiom_for_ArrayList not available or not applicable in this context.
	at de.uka.ilkd.key.proof.io.IntermediateProofReplayer.reportError(IntermediateProofReplayer.java:779)
Caused by: java.lang.NullPointerException: null
	at java.base/java.util.PriorityQueue.<init>(PriorityQueue.java:224)

111908     WARN  main            d.u.i.k.p.r.p.ForkedTestFileRunner Run failed java.lang.Exception: Exception while loading proof (see cause for details): /home/runner/work/key/key/key.core/../key.ui/examples/heap/list_seq/ArrayList.get.key.proof
	at de.uka.ilkd.key.proof.runallproofs.proofcollection.TestFile.reloadProof(TestFile.java:314)
Caused by: de.uka.ilkd.key.proof.io.ProblemLoaderException: Error loading proof.
Line 83, goal 22, rule Class_invariant_axiom_for_ArrayList not available or not applicable in this context.
	at de.uka.ilkd.key.proof.io.IntermediateProofReplayer.reportError(IntermediateProofReplayer.java:779)
Caused by: java.lang.NullPointerException: null
	at java.base/java.util.PriorityQueue.<init>(PriorityQueue.java:224)

118644     WARN  main            d.u.i.k.p.r.p.TestFile    Replay exception de.uka.ilkd.key.proof.io.ProblemLoaderException: Error loading proof.
Line 96, goal 35, rule ifSplit not available or not applicable in this context.
	at de.uka.ilkd.key.proof.io.IntermediateProofReplayer.reportError(IntermediateProofReplayer.java:779)
Caused by: java.lang.NullPointerException: null
	at java.base/java.util.PriorityQueue.<init>(PriorityQueue.java:224)

118646     WARN  main            d.u.i.k.p.r.p.ForkedTestFileRunner Run failed java.lang.Exception: Exception while loading proof (see cause for details): /home/runner/work/key/key/key.core/../key.ui/examples/heap/list_seq/ArrayList.newArray.key.proof
	at de.uka.ilkd.key.proof.runallproofs.proofcollection.TestFile.reloadProof(TestFile.java:314)
Caused by: de.uka.ilkd.key.proof.io.ProblemLoaderException: Error loading proof.
Line 96, goal 35, rule ifSplit not available or not applicable in this context.
	at de.uka.ilkd.key.proof.io.IntermediateProofReplayer.reportError(IntermediateProofReplayer.java:779)
Caused by: java.lang.NullPointerException: null
	at java.base/java.util.PriorityQueue.<init>(PriorityQueue.java:224)

126960     WARN  main            d.u.i.k.p.r.p.TestFile    Replay exception de.uka.ilkd.key.proof.io.ProblemLoaderException: Error loading proof.
Line 104, goal 43, rule Class_invariant_axiom_for_ArrayList not available or not applicable in this context.
	at de.uka.ilkd.key.proof.io.IntermediateProofReplayer.reportError(IntermediateProofReplayer.java:779)
Caused by: java.lang.NullPointerException: null
	at java.base/java.util.PriorityQueue.<init>(PriorityQueue.java:224)

126962     WARN  main            d.u.i.k.p.r.p.ForkedTestFileRunner Run failed java.lang.Exception: Exception while loading proof (see cause for details): /home/runner/work/key/key/key.core/../key.ui/examples/heap/list_seq/ArrayList.remove.0.key.proof
	at de.uka.ilkd.key.proof.runallproofs.proofcollection.TestFile.reloadProof(TestFile.java:314)
Caused by: de.uka.ilkd.key.proof.io.ProblemLoaderException: Error loading proof.
Line 104, goal 43, rule Class_invariant_axiom_for_ArrayList not available or not applicable in this context.
	at de.uka.ilkd.key.proof.io.IntermediateProofReplayer.reportError(IntermediateProofReplayer.java:779)
Caused by: java.lang.NullPointerException: null
	at java.base/java.util.PriorityQueue.<init>(PriorityQueue.java:224)

144238     WARN  main            d.u.i.k.p.r.p.TestFile    Replay exception de.uka.ilkd.key.proof.io.ProblemLoaderException: Error loading proof.
Line 100, goal 39, rule Class_invariant_axiom_for_ArrayList not available or not applicable in this context.
	at de.uka.ilkd.key.proof.io.IntermediateProofReplayer.reportError(IntermediateProofReplayer.java:779)
Caused by: java.lang.NullPointerException: null
	at java.base/java.util.PriorityQueue.<init>(PriorityQueue.java:224)

144240     WARN  main            d.u.i.k.p.r.p.ForkedTestFileRunner Run failed java.lang.Exception: Exception while loading proof (see cause for details): /home/runner/work/key/key/key.core/../key.ui/examples/heap/list_seq/ArrayList.remove.1.key.proof
	at de.uka.ilkd.key.proof.runallproofs.proofcollection.TestFile.reloadProof(TestFile.java:314)
Caused by: de.uka.ilkd.key.proof.io.ProblemLoaderException: Error loading proof.
Line 100, goal 39, rule Class_invariant_axiom_for_ArrayList not available or not applicable in this context.
	at de.uka.ilkd.key.proof.io.IntermediateProofReplayer.reportError(IntermediateProofReplayer.java:779)
Caused by: java.lang.NullPointerException: null
	at java.base/java.util.PriorityQueue.<init>(PriorityQueue.java:224)

337        WARN  main            d.u.i.k.s.ProofSettings   The settings in /home/runner/.key/proof-settings.props are *not* read. 
12533      WARN  main            d.u.i.k.p.r.p.TestFile    Replay exception de.uka.ilkd.key.proof.io.ProblemLoaderException: Error loading proof.
Line 133, goal 72, rule assignment_write_attribute not available or not applicable in this context.
	at de.uka.ilkd.key.proof.io.IntermediateProofReplayer.reportError(IntermediateProofReplayer.java:779)
Caused by: java.lang.NullPointerException: null
	at java.base/java.util.PriorityQueue.<init>(PriorityQueue.java:224)

12539      WARN  main            d.u.i.k.p.r.p.ForkedTestFileRunner Run failed java.lang.Exception: Exception while loading proof (see cause for details): /home/runner/work/key/key/key.core/../key.ui/examples/heap/observer/ExampleObserver_ExampleObserver.key.proof
	at de.uka.ilkd.key.proof.runallproofs.proofcollection.TestFile.reloadProof(TestFile.java:314)
Caused by: de.uka.ilkd.key.proof.io.ProblemLoaderException: Error loading proof.
Line 133, goal 72, rule assignment_write_attribute not available or not applicable in this context.
	at de.uka.ilkd.key.proof.io.IntermediateProofReplayer.reportError(IntermediateProofReplayer.java:779)
Caused by: java.lang.NullPointerException: null
	at java.base/java.util.PriorityQueue.<init>(PriorityQueue.java:224)

18717      WARN  main            d.u.i.k.p.r.p.TestFile    Replay exception de.uka.ilkd.key.proof.io.ProblemLoaderException: Error loading proof.
Line 73, goal 12, rule Class_invariant_axiom_for_ExampleObserver not available or not applicable in this context.
	at de.uka.ilkd.key.proof.io.IntermediateProofReplayer.reportError(IntermediateProofReplayer.java:779)
Caused by: java.lang.NullPointerException: null
	at java.base/java.util.PriorityQueue.<init>(PriorityQueue.java:224)

18719      WARN  main            d.u.i.k.p.r.p.ForkedTestFileRunner Run failed java.lang.Exception: Exception while loading proof (see cause for details): /home/runner/work/key/key/key.core/../key.ui/examples/heap/observer/ExampleObserver_inv.key.proof
	at de.uka.ilkd.key.proof.runallproofs.proofcollection.TestFile.reloadProof(TestFile.java:314)
Caused by: de.uka.ilkd.key.proof.io.ProblemLoaderException: Error loading proof.
Line 73, goal 12, rule Class_invariant_axiom_for_ExampleObserver not available or not applicable in this context.
	at de.uka.ilkd.key.proof.io.IntermediateProofReplayer.reportError(IntermediateProofReplayer.java:779)
Caused by: java.lang.NullPointerException: null
	at java.base/java.util.PriorityQueue.<init>(PriorityQueue.java:224)

30636      WARN  main            d.u.i.k.p.r.p.TestFile    Replay exception de.uka.ilkd.key.proof.io.ProblemLoaderException: Error loading proof.
Line 78, goal 17, rule Class_invariant_axiom_for_ExampleObserver not available or not applicable in this context.
	at de.uka.ilkd.key.proof.io.IntermediateProofReplayer.reportError(IntermediateProofReplayer.java:779)
Caused by: java.lang.NullPointerException: null
	at java.base/java.util.PriorityQueue.<init>(PriorityQueue.java:224)

30636      WARN  main            d.u.i.k.p.r.p.ForkedTestFileRunner Run failed java.lang.Exception: Exception while loading proof (see cause for details): /home/runner/work/key/key/key.core/../key.ui/examples/heap/observer/ExampleObserver_update.key.proof
	at de.uka.ilkd.key.proof.runallproofs.proofcollection.TestFile.reloadProof(TestFile.java:314)
Caused by: de.uka.ilkd.key.proof.io.ProblemLoaderException: Error loading proof.
Line 78, goal 17, rule Class_invariant_axiom_for_ExampleObserver not available or not applicable in this context.
	at de.uka.ilkd.key.proof.io.IntermediateProofReplayer.reportError(IntermediateProofReplayer.java:779)
Caused by: java.lang.NullPointerException: null
	at java.base/java.util.PriorityQueue.<init>(PriorityQueue.java:224)

36498      WARN  main            d.u.i.k.p.r.p.TestFile    Replay exception de.uka.ilkd.key.proof.io.ProblemLoaderException: Error loading proof.
Line 72, goal 11, rule JML_represents_clause_for_Observer_subject not available or not applicable in this context.
	at de.uka.ilkd.key.proof.io.IntermediateProofReplayer.reportError(IntermediateProofReplayer.java:779)
Caused by: java.lang.NullPointerException: null
	at java.base/java.util.PriorityQueue.<init>(PriorityQueue.java:224)

36500      WARN  main            d.u.i.k.p.r.p.ForkedTestFileRunner Run failed java.lang.Exception: Exception while loading proof (see cause for details): /home/runner/work/key/key/key.core/../key.ui/examples/heap/observer/ExampleObserver_upToDate.key.proof
	at de.uka.ilkd.key.proof.runallproofs.proofcollection.TestFile.reloadProof(TestFile.java:314)
Caused by: de.uka.ilkd.key.proof.io.ProblemLoaderException: Error loading proof.
Line 72, goal 11, rule JML_represents_clause_for_Observer_subject not available or not applicable in this context.
	at de.uka.ilkd.key.proof.io.IntermediateProofReplayer.reportError(IntermediateProofReplayer.java:779)
Caused by: java.lang.NullPointerException: null
	at java.base/java.util.PriorityQueue.<init>(PriorityQueue.java:224)

42217      WARN  main            d.u.i.k.p.r.p.TestFile    Replay exception de.uka.ilkd.key.proof.io.ProblemLoaderException: Error loading proof.
Line 74, goal 13, rule JML_represents_clause_for_Observer_upToDate not available or not applicable in this context.
	at de.uka.ilkd.key.proof.io.IntermediateProofReplayer.reportError(IntermediateProofReplayer.java:779)
Caused by: java.lang.NullPointerException: null
	at java.base/java.util.PriorityQueue.<init>(PriorityQueue.java:224)

42219      WARN  main            d.u.i.k.p.r.p.ForkedTestFileRunner Run failed java.lang.Exception: Exception while loading proof (see cause for details): /home/runner/work/key/key/key.core/../key.ui/examples/heap/observer/ExampleObserver_value.key.proof
	at de.uka.ilkd.key.proof.runallproofs.proofcollection.TestFile.reloadProof(TestFile.java:314)
Caused by: de.uka.ilkd.key.proof.io.ProblemLoaderException: Error loading proof.
Line 74, goal 13, rule JML_represents_clause_for_Observer_upToDate not available or not applicable in this context.
	at de.uka.ilkd.key.proof.io.IntermediateProofReplayer.reportError(IntermediateProofReplayer.java:779)
Caused by: java.lang.NullPointerException: null
	at java.base/java.util.PriorityQueue.<init>(PriorityQueue.java:224)

53606      WARN  main            d.u.i.k.p.r.p.TestFile    Replay exception de.uka.ilkd.key.proof.io.ProblemLoaderException: Error loading proof.
Line 131, goal 70, rule JML_represents_clause_for_Subject_footprint not available or not applicable in this context.
	at de.uka.ilkd.key.proof.io.IntermediateProofReplayer.reportError(IntermediateProofReplayer.java:779)
Caused by: java.lang.NullPointerException: null
	at java.base/java.util.PriorityQueue.<init>(PriorityQueue.java:224)

53609      WARN  main            d.u.i.k.p.r.p.ForkedTestFileRunner Run failed java.lang.Exception: Exception while loading proof (see cause for details): /home/runner/work/key/key/key.core/../key.ui/examples/heap/observer/ExampleSubject_addObserver.key.proof
	at de.uka.ilkd.key.proof.runallproofs.proofcollection.TestFile.reloadProof(TestFile.java:314)
Caused by: de.uka.ilkd.key.proof.io.ProblemLoaderException: Error loading proof.
Line 131, goal 70, rule JML_represents_clause_for_Subject_footprint not available or not applicable in this context.
	at de.uka.ilkd.key.proof.io.IntermediateProofReplayer.reportError(IntermediateProofReplayer.java:779)
Caused by: java.lang.NullPointerException: null
	at java.base/java.util.PriorityQueue.<init>(PriorityQueue.java:224)

59638      WARN  main            d.u.i.k.p.r.p.TestFile    Replay exception de.uka.ilkd.key.proof.io.ProblemLoaderException: Error loading proof.
Line 73, goal 12, rule Class_invariant_axiom_for_ExampleSubject not available or not applicable in this context.
	at de.uka.ilkd.key.proof.io.IntermediateProofReplayer.reportError(IntermediateProofReplayer.java:779)
Caused by: java.lang.NullPointerException: null
	at java.base/java.util.PriorityQueue.<init>(PriorityQueue.java:224)

59640      WARN  main            d.u.i.k.p.r.p.ForkedTestFileRunner Run failed java.lang.Exception: Exception while loading proof (see cause for details): /home/runner/work/key/key/key.core/../key.ui/examples/heap/observer/ExampleSubject_change.key.proof
	at de.uka.ilkd.key.proof.runallproofs.proofcollection.TestFile.reloadProof(TestFile.java:314)
Caused by: de.uka.ilkd.key.proof.io.ProblemLoaderException: Error loading proof.
Line 73, goal 12, rule Class_invariant_axiom_for_ExampleSubject not available or not applicable in this context.
	at de.uka.ilkd.key.proof.io.IntermediateProofReplayer.reportError(IntermediateProofReplayer.java:779)
Caused by: java.lang.NullPointerException: null
	at java.base/java.util.PriorityQueue.<init>(PriorityQueue.java:224)

66186      WARN  main            d.u.i.k.p.r.p.TestFile    Replay exception de.uka.ilkd.key.proof.io.ProblemLoaderException: Error loading proof.
Line 148, goal 87, rule ifSplit not available or not applicable in this context.
	at de.uka.ilkd.key.proof.io.IntermediateProofReplayer.reportError(IntermediateProofReplayer.java:779)
Caused by: java.lang.NullPointerException: null
	at java.base/java.util.PriorityQueue.<init>(PriorityQueue.java:224)

66187      WARN  main            d.u.i.k.p.r.p.ForkedTestFileRunner Run failed java.lang.Exception: Exception while loading proof (see cause for details): /home/runner/work/key/key/key.core/../key.ui/examples/heap/observer/ExampleSubject_ExampleSubject.key.proof
	at de.uka.ilkd.key.proof.runallproofs.proofcollection.TestFile.reloadProof(TestFile.java:314)
Caused by: de.uka.ilkd.key.proof.io.ProblemLoaderException: Error loading proof.
Line 148, goal 87, rule ifSplit not available or not applicable in this context.
	at de.uka.ilkd.key.proof.io.IntermediateProofReplayer.reportError(IntermediateProofReplayer.java:779)
Caused by: java.lang.NullPointerException: null
	at java.base/java.util.PriorityQueue.<init>(PriorityQueue.java:224)

71885      WARN  main            d.u.i.k.p.r.p.TestFile    Replay exception de.uka.ilkd.key.proof.io.ProblemLoaderException: Error loading proof.
Line 72, goal 11, rule JML_represents_clause_for_Subject_footprint not available or not applicable in this context.
	at de.uka.ilkd.key.proof.io.IntermediateProofReplayer.reportError(IntermediateProofReplayer.java:779)
Caused by: java.lang.NullPointerException: null
	at java.base/java.util.PriorityQueue.<init>(PriorityQueue.java:224)

71885      WARN  main            d.u.i.k.p.r.p.ForkedTestFileRunner Run failed java.lang.Exception: Exception while loading proof (see cause for details): /home/runner/work/key/key/key.core/../key.ui/examples/heap/observer/ExampleSubject_footprint.key.proof
	at de.uka.ilkd.key.proof.runallproofs.proofcollection.TestFile.reloadProof(TestFile.java:314)
Caused by: de.uka.ilkd.key.proof.io.ProblemLoaderException: Error loading proof.
Line 72, goal 11, rule JML_represents_clause_for_Subject_footprint not available or not applicable in this context.
	at de.uka.ilkd.key.proof.io.IntermediateProofReplayer.reportError(IntermediateProofReplayer.java:779)
Caused by: java.lang.NullPointerException: null
	at java.base/java.util.PriorityQueue.<init>(PriorityQueue.java:224)

78375      WARN  main            d.u.i.k.p.r.p.TestFile    Replay exception de.uka.ilkd.key.proof.io.ProblemLoaderException: Error loading proof.
Line 84, goal 23, rule Class_invariant_axiom_for_ExampleSubject not available or not applicable in this context.
	at de.uka.ilkd.key.proof.io.IntermediateProofReplayer.reportError(IntermediateProofReplayer.java:779)
Caused by: java.lang.NullPointerException: null
	at java.base/java.util.PriorityQueue.<init>(PriorityQueue.java:224)

78376      WARN  main            d.u.i.k.p.r.p.ForkedTestFileRunner Run failed java.lang.Exception: Exception while loading proof (see cause for details): /home/runner/work/key/key/key.core/../key.ui/examples/heap/observer/ExampleSubject_inv.key.proof
	at de.uka.ilkd.key.proof.runallproofs.proofcollection.TestFile.reloadProof(TestFile.java:314)
Caused by: de.uka.ilkd.key.proof.io.ProblemLoaderException: Error loading proof.
Line 84, goal 23, rule Class_invariant_axiom_for_ExampleSubject not available or not applicable in this context.
	at de.uka.ilkd.key.proof.io.IntermediateProofReplayer.reportError(IntermediateProofReplayer.java:779)
Caused by: java.lang.NullPointerException: null
	at java.base/java.util.PriorityQueue.<init>(PriorityQueue.java:224)

89670      WARN  main            d.u.i.k.p.r.p.TestFile    Replay exception de.uka.ilkd.key.proof.io.ProblemLoaderException: Error loading proof.
Line 81, goal 20, rule JML_represents_clause_for_Subject_footprint not available or not applicable in this context.
	at de.uka.ilkd.key.proof.io.IntermediateProofReplayer.reportError(IntermediateProofReplayer.java:779)
Caused by: java.lang.NullPointerException: null
	at java.base/java.util.PriorityQueue.<init>(PriorityQueue.java:224)

89671      WARN  main            d.u.i.k.p.r.p.ForkedTestFileRunner Run failed java.lang.Exception: Exception while loading proof (see cause for details): /home/runner/work/key/key/key.core/../key.ui/examples/heap/observer/ExampleSubject_value_dep.key.proof
	at de.uka.ilkd.key.proof.runallproofs.proofcollection.TestFile.reloadProof(TestFile.java:314)
Caused by: de.uka.ilkd.key.proof.io.ProblemLoaderException: Error loading proof.
Line 81, goal 20, rule JML_represents_clause_for_Subject_footprint not available or not applicable in this context.
	at de.uka.ilkd.key.proof.io.IntermediateProofReplayer.reportError(IntermediateProofReplayer.java:779)
Caused by: java.lang.NullPointerException: null
	at java.base/java.util.PriorityQueue.<init>(PriorityQueue.java:224)

493        WARN  main            d.u.i.k.s.ProofSettings   The settings in /home/runner/.key/proof-settings.props are *not* read. 
13404      WARN  main            d.u.i.k.p.r.p.TestFile    Replay exception de.uka.ilkd.key.proof.io.ProblemLoaderException: Error loading proof.
Line 124, goal 63, rule ifSplit not available or not applicable in this context.
	at de.uka.ilkd.key.proof.io.IntermediateProofReplayer.reportError(IntermediateProofReplayer.java:779)
Caused by: java.lang.NullPointerException: null
	at java.base/java.util.PriorityQueue.<init>(PriorityQueue.java:224)

13411      WARN  main            d.u.i.k.p.r.p.ForkedTestFileRunner Run failed java.lang.Exception: Exception while loading proof (see cause for details): /home/runner/work/key/key/key.core/../key.ui/examples/heap/removeDups/arrayPart.key.proof
	at de.uka.ilkd.key.proof.runallproofs.proofcollection.TestFile.reloadProof(TestFile.java:314)
Caused by: de.uka.ilkd.key.proof.io.ProblemLoaderException: Error loading proof.
Line 124, goal 63, rule ifSplit not available or not applicable in this context.
	at de.uka.ilkd.key.proof.io.IntermediateProofReplayer.reportError(IntermediateProofReplayer.java:779)
Caused by: java.lang.NullPointerException: null
	at java.base/java.util.PriorityQueue.<init>(PriorityQueue.java:224)

19257      WARN  main            d.u.i.k.p.r.p.TestFile    Replay exception de.uka.ilkd.key.proof.io.ProblemLoaderException: Error loading proof.
Line 95, goal 34, rule loopScopeInvDia not available or not applicable in this context.
	at de.uka.ilkd.key.proof.io.IntermediateProofReplayer.reportError(IntermediateProofReplayer.java:779)
Caused by: java.lang.NullPointerException: null
	at java.base/java.util.PriorityQueue.<init>(PriorityQueue.java:224)

19258      WARN  main            d.u.i.k.p.r.p.ForkedTestFileRunner Run failed java.lang.Exception: Exception while loading proof (see cause for details): /home/runner/work/key/key/key.core/../key.ui/examples/heap/removeDups/contains.key.proof
	at de.uka.ilkd.key.proof.runallproofs.proofcollection.TestFile.reloadProof(TestFile.java:314)
Caused by: de.uka.ilkd.key.proof.io.ProblemLoaderException: Error loading proof.
Line 95, goal 34, rule loopScopeInvDia not available or not applicable in this context.
	at de.uka.ilkd.key.proof.io.IntermediateProofReplayer.reportError(IntermediateProofReplayer.java:779)
Caused by: java.lang.NullPointerException: null
	at java.base/java.util.PriorityQueue.<init>(PriorityQueue.java:224)

36203      WARN  main            d.u.i.k.p.r.p.TestFile    Replay exception de.uka.ilkd.key.proof.io.ProblemLoaderException: Error loading proof.
Line 156, goal 95, rule assignment_read_length not available or not applicable in this context.
	at de.uka.ilkd.key.proof.io.IntermediateProofReplayer.reportError(IntermediateProofReplayer.java:779)
Caused by: java.lang.NullPointerException: null
	at java.base/java.util.PriorityQueue.<init>(PriorityQueue.java:224)

36204      WARN  main            d.u.i.k.p.r.p.ForkedTestFileRunner Run failed java.lang.Exception: Exception while loading proof (see cause for details): /home/runner/work/key/key/key.core/../key.ui/examples/heap/removeDups/removeDup.key.proof
	at de.uka.ilkd.key.proof.runallproofs.proofcollection.TestFile.reloadProof(TestFile.java:314)
Caused by: de.uka.ilkd.key.proof.io.ProblemLoaderException: Error loading proof.
Line 156, goal 95, rule assignment_read_length not available or not applicable in this context.
	at de.uka.ilkd.key.proof.io.IntermediateProofReplayer.reportError(IntermediateProofReplayer.java:779)
Caused by: java.lang.NullPointerException: null
	at java.base/java.util.PriorityQueue.<init>(PriorityQueue.java:224)

123350     WARN  main            d.u.i.k.p.r.p.TestFile    Replay exception de.uka.ilkd.key.proof.io.ProblemLoaderException: Error loading proof.
Line 357, goal 296, rule Class_invariant_axiom_for_Saddleback not available or not applicable in this context.
	at de.uka.ilkd.key.proof.io.IntermediateProofReplayer.reportError(IntermediateProofReplayer.java:779)
Caused by: java.lang.NullPointerException: null
	at java.base/java.util.PriorityQueue.<init>(PriorityQueue.java:224)

123351     WARN  main            d.u.i.k.p.r.p.ForkedTestFileRunner Run failed java.lang.Exception: Exception while loading proof (see cause for details): /home/runner/work/key/key/key.core/../key.ui/examples/heap/saddleback_search/Saddleback_search.key.proof
	at de.uka.ilkd.key.proof.runallproofs.proofcollection.TestFile.reloadProof(TestFile.java:314)
Caused by: de.uka.ilkd.key.proof.io.ProblemLoaderException: Error loading proof.
Line 357, goal 296, rule Class_invariant_axiom_for_Saddleback not available or not applicable in this context.
	at de.uka.ilkd.key.proof.io.IntermediateProofReplayer.reportError(IntermediateProofReplayer.java:779)
Caused by: java.lang.NullPointerException: null
	at java.base/java.util.PriorityQueue.<init>(PriorityQueue.java:224)

405        WARN  main            d.u.i.k.s.ProofSettings   The settings in /home/runner/.key/proof-settings.props are *not* read. 
12643      WARN  main            d.u.i.k.p.r.p.TestFile    Replay exception de.uka.ilkd.key.proof.io.ProblemLoaderException: Error loading proof.
Line 115, goal 54, rule Class_invariant_axiom_for_Quicksort not available or not applicable in this context.
	at de.uka.ilkd.key.proof.io.IntermediateProofReplayer.reportError(IntermediateProofReplayer.java:779)
Caused by: java.lang.NullPointerException: null
	at java.base/java.util.PriorityQueue.<init>(PriorityQueue.java:224)

12649      WARN  main            d.u.i.k.p.r.p.ForkedTestFileRunner Run failed java.lang.Exception: Exception while loading proof (see cause for details): /home/runner/work/key/key/key.core/../key.ui/examples/heap/quicksort/toplevel.key.proof
	at de.uka.ilkd.key.proof.runallproofs.proofcollection.TestFile.reloadProof(TestFile.java:314)
Caused by: de.uka.ilkd.key.proof.io.ProblemLoaderException: Error loading proof.
Line 115, goal 54, rule Class_invariant_axiom_for_Quicksort not available or not applicable in this context.
	at de.uka.ilkd.key.proof.io.IntermediateProofReplayer.reportError(IntermediateProofReplayer.java:779)
Caused by: java.lang.NullPointerException: null
	at java.base/java.util.PriorityQueue.<init>(PriorityQueue.java:224)

15422      INFO  main            d.u.i.k.m.s.ProofScriptCommand Included script /home/runner/work/key/key/key.core/../key.ui/examples/heap/quicksort/sort.script 
45054      WARN  main            d.u.i.k.p.r.p.TestFile    Replay exception de.uka.ilkd.key.proof.io.ProblemLoaderException: Error loading proof.
Line 112, goal 51, rule Class_invariant_axiom_for_Quicksort not available or not applicable in this context.
	at de.uka.ilkd.key.proof.io.IntermediateProofReplayer.reportError(IntermediateProofReplayer.java:779)
Caused by: java.lang.NullPointerException: null
	at java.base/java.util.PriorityQueue.<init>(PriorityQueue.java:224)

45056      WARN  main            d.u.i.k.p.r.p.ForkedTestFileRunner Run failed java.lang.Exception: Exception while loading proof (see cause for details): /home/runner/work/key/key/key.core/../key.ui/examples/heap/quicksort/sort.key.proof
	at de.uka.ilkd.key.proof.runallproofs.proofcollection.TestFile.reloadProof(TestFile.java:314)
Caused by: de.uka.ilkd.key.proof.io.ProblemLoaderException: Error loading proof.
Line 112, goal 51, rule Class_invariant_axiom_for_Quicksort not available or not applicable in this context.
	at de.uka.ilkd.key.proof.io.IntermediateProofReplayer.reportError(IntermediateProofReplayer.java:779)
Caused by: java.lang.NullPointerException: null
	at java.base/java.util.PriorityQueue.<init>(PriorityQueue.java:224)

84205      WARN  main            d.u.i.k.p.r.p.ForkedTestFileRunner Run failed de.uka.ilkd.key.macros.scripts.ScriptException: Error while executing script: null

Command: rule andRight
	at de.uka.ilkd.key.macros.scripts.ProofScriptEngine.execute(ProofScriptEngine.java:174)
Caused by: java.lang.NullPointerException: null
	at java.base/java.util.PriorityQueue.<init>(PriorityQueue.java:224)

377        WARN  main            d.u.i.k.s.ProofSettings   The settings in /home/runner/.key/proof-settings.props are *not* read. 
16048      WARN  main            d.u.i.k.p.r.p.TestFile    Replay exception de.uka.ilkd.key.proof.io.ProblemLoaderException: Error loading proof.
Line 90, goal 13, rule ifSplit not available or not applicable in this context.
	at de.uka.ilkd.key.proof.io.IntermediateProofReplayer.reportError(IntermediateProofReplayer.java:779)
Caused by: java.lang.NullPointerException: null
	at java.base/java.util.PriorityQueue.<init>(PriorityQueue.java:224)

16067      WARN  main            d.u.i.k.p.r.p.ForkedTestFileRunner Run failed java.lang.Exception: Exception while loading proof (see cause for details): /home/runner/work/key/key/key.core/../key.ui/examples/heap/simple/array_creation.key.proof
	at de.uka.ilkd.key.proof.runallproofs.proofcollection.TestFile.reloadProof(TestFile.java:314)
Caused by: de.uka.ilkd.key.proof.io.ProblemLoaderException: Error loading proof.
Line 90, goal 13, rule ifSplit not available or not applicable in this context.
	at de.uka.ilkd.key.proof.io.IntermediateProofReplayer.reportError(IntermediateProofReplayer.java:779)
Caused by: java.lang.NullPointerException: null
	at java.base/java.util.PriorityQueue.<init>(PriorityQueue.java:224)

20995      WARN  main            d.u.i.k.p.r.p.TestFile    Replay exception de.uka.ilkd.key.proof.io.ProblemLoaderException: Error loading proof.
Line 95, goal 19, rule assignment_to_primitive_array_component not available or not applicable in this context.
	at de.uka.ilkd.key.proof.io.IntermediateProofReplayer.reportError(IntermediateProofReplayer.java:779)
Caused by: java.lang.NullPointerException: null
	at java.base/java.util.PriorityQueue.<init>(PriorityQueue.java:224)

20996      WARN  main            d.u.i.k.p.r.p.ForkedTestFileRunner Run failed java.lang.Exception: Exception while loading proof (see cause for details): /home/runner/work/key/key/key.core/../key.ui/examples/heap/simple/arrays_with_disjoint_sorts.key.proof
	at de.uka.ilkd.key.proof.runallproofs.proofcollection.TestFile.reloadProof(TestFile.java:314)
Caused by: de.uka.ilkd.key.proof.io.ProblemLoaderException: Error loading proof.
Line 95, goal 19, rule assignment_to_primitive_array_component not available or not applicable in this context.
	at de.uka.ilkd.key.proof.io.IntermediateProofReplayer.reportError(IntermediateProofReplayer.java:779)
Caused by: java.lang.NullPointerException: null
	at java.base/java.util.PriorityQueue.<init>(PriorityQueue.java:224)

25890      WARN  main            d.u.i.k.p.r.p.TestFile    Replay exception de.uka.ilkd.key.proof.io.ProblemLoaderException: Error loading proof.
Line 75, goal 11, rule assignment_to_primitive_array_component not available or not applicable in this context.
	at de.uka.ilkd.key.proof.io.IntermediateProofReplayer.reportError(IntermediateProofReplayer.java:779)
Caused by: java.lang.NullPointerException: null
	at java.base/java.util.PriorityQueue.<init>(PriorityQueue.java:224)

25891      WARN  main            d.u.i.k.p.r.p.ForkedTestFileRunner Run failed java.lang.Exception: Exception while loading proof (see cause for details): /home/runner/work/key/key/key.core/../key.ui/examples/heap/simple/arrays.key.proof
	at de.uka.ilkd.key.proof.runallproofs.proofcollection.TestFile.reloadProof(TestFile.java:314)
Caused by: de.uka.ilkd.key.proof.io.ProblemLoaderException: Error loading proof.
Line 75, goal 11, rule assignment_to_primitive_array_component not available or not applicable in this context.
	at de.uka.ilkd.key.proof.io.IntermediateProofReplayer.reportError(IntermediateProofReplayer.java:779)
Caused by: java.lang.NullPointerException: null
	at java.base/java.util.PriorityQueue.<init>(PriorityQueue.java:224)

30642      WARN  main            d.u.i.k.p.r.p.TestFile    Replay exception de.uka.ilkd.key.proof.io.ProblemLoaderException: Error loading proof.
Line 67, goal 4, rule assignment_read_length not available or not applicable in this context.
	at de.uka.ilkd.key.proof.io.IntermediateProofReplayer.reportError(IntermediateProofReplayer.java:779)
Caused by: java.lang.NullPointerException: null
	at java.base/java.util.PriorityQueue.<init>(PriorityQueue.java:224)

30643      WARN  main            d.u.i.k.p.r.p.ForkedTestFileRunner Run failed java.lang.Exception: Exception while loading proof (see cause for details): /home/runner/work/key/key/key.core/../key.ui/examples/heap/simple/attributes.key.proof
	at de.uka.ilkd.key.proof.runallproofs.proofcollection.TestFile.reloadProof(TestFile.java:314)
Caused by: de.uka.ilkd.key.proof.io.ProblemLoaderException: Error loading proof.
Line 67, goal 4, rule assignment_read_length not available or not applicable in this context.
	at de.uka.ilkd.key.proof.io.IntermediateProofReplayer.reportError(IntermediateProofReplayer.java:779)
Caused by: java.lang.NullPointerException: null
	at java.base/java.util.PriorityQueue.<init>(PriorityQueue.java:224)

36522      WARN  main            d.u.i.k.p.r.p.TestFile    Replay exception de.uka.ilkd.key.proof.io.ProblemLoaderException: Error loading proof.
Line 161, goal 62, rule Use Operation Contract not available or not applicable in this context.
	at de.uka.ilkd.key.proof.io.IntermediateProofReplayer.reportError(IntermediateProofReplayer.java:779)
Caused by: java.lang.NullPointerException: null
	at java.base/java.util.PriorityQueue.<init>(PriorityQueue.java:224)

36524      WARN  main            d.u.i.k.p.r.p.ForkedTestFileRunner Run failed java.lang.Exception: Exception while loading proof (see cause for details): /home/runner/work/key/key/key.core/../key.ui/examples/heap/simple/constructor_contracts.key.proof
	at de.uka.ilkd.key.proof.runallproofs.proofcollection.TestFile.reloadProof(TestFile.java:314)
Caused by: de.uka.ilkd.key.proof.io.ProblemLoaderException: Error loading proof.
Line 161, goal 62, rule Use Operation Contract not available or not applicable in this context.
	at de.uka.ilkd.key.proof.io.IntermediateProofReplayer.reportError(IntermediateProofReplayer.java:779)
Caused by: java.lang.NullPointerException: null
	at java.base/java.util.PriorityQueue.<init>(PriorityQueue.java:224)

41261      WARN  main            d.u.i.k.p.r.p.TestFile    Replay exception de.uka.ilkd.key.proof.io.ProblemLoaderException: Error loading proof.
Line 113, goal 34, rule ifthenelse_split not available or not applicable in this context.
	at de.uka.ilkd.key.proof.io.IntermediateProofReplayer.reportError(IntermediateProofReplayer.java:779)
Caused by: java.lang.NullPointerException: null
	at java.base/java.util.PriorityQueue.<init>(PriorityQueue.java:224)

41262      WARN  main            d.u.i.k.p.r.p.ForkedTestFileRunner Run failed java.lang.Exception: Exception while loading proof (see cause for details): /home/runner/work/key/key/key.core/../key.ui/examples/heap/simple/dependencies.key.proof
	at de.uka.ilkd.key.proof.runallproofs.proofcollection.TestFile.reloadProof(TestFile.java:314)
Caused by: de.uka.ilkd.key.proof.io.ProblemLoaderException: Error loading proof.
Line 113, goal 34, rule ifthenelse_split not available or not applicable in this context.
	at de.uka.ilkd.key.proof.io.IntermediateProofReplayer.reportError(IntermediateProofReplayer.java:779)
Caused by: java.lang.NullPointerException: null
	at java.base/java.util.PriorityQueue.<init>(PriorityQueue.java:224)

47533      WARN  main            d.u.i.k.p.r.p.TestFile    Replay exception de.uka.ilkd.key.proof.io.ProblemLoaderException: Error loading proof.
Line 141, goal 33, rule Use Operation Contract not available or not applicable in this context.
	at de.uka.ilkd.key.proof.io.IntermediateProofReplayer.reportError(IntermediateProofReplayer.java:779)
Caused by: java.lang.NullPointerException: null
	at java.base/java.util.PriorityQueue.<init>(PriorityQueue.java:224)

47534      WARN  main            d.u.i.k.p.r.p.ForkedTestFileRunner Run failed java.lang.Exception: Exception while loading proof (see cause for details): /home/runner/work/key/key/key.core/../key.ui/examples/heap/simple/dependency_contracts.key.proof
	at de.uka.ilkd.key.proof.runallproofs.proofcollection.TestFile.reloadProof(TestFile.java:314)
Caused by: de.uka.ilkd.key.proof.io.ProblemLoaderException: Error loading proof.
Line 141, goal 33, rule Use Operation Contract not available or not applicable in this context.
	at de.uka.ilkd.key.proof.io.IntermediateProofReplayer.reportError(IntermediateProofReplayer.java:779)
Caused by: java.lang.NullPointerException: null
	at java.base/java.util.PriorityQueue.<init>(PriorityQueue.java:224)

52816      WARN  main            d.u.i.k.p.r.p.TestFile    Replay exception de.uka.ilkd.key.proof.io.ProblemLoaderException: Error loading proof.
Line 147, goal 43, rule assignment_read_attribute not available or not applicable in this context.
	at de.uka.ilkd.key.proof.io.IntermediateProofReplayer.reportError(IntermediateProofReplayer.java:779)
Caused by: java.lang.NullPointerException: null
	at java.base/java.util.PriorityQueue.<init>(PriorityQueue.java:224)

52817      WARN  main            d.u.i.k.p.r.p.ForkedTestFileRunner Run failed java.lang.Exception: Exception while loading proof (see cause for details): /home/runner/work/key/key/key.core/../key.ui/examples/heap/simple/invariant_preservation.key.proof
	at de.uka.ilkd.key.proof.runallproofs.proofcollection.TestFile.reloadProof(TestFile.java:314)
Caused by: de.uka.ilkd.key.proof.io.ProblemLoaderException: Error loading proof.
Line 147, goal 43, rule assignment_read_attribute not available or not applicable in this context.
	at de.uka.ilkd.key.proof.io.IntermediateProofReplayer.reportError(IntermediateProofReplayer.java:779)
Caused by: java.lang.NullPointerException: null
	at java.base/java.util.PriorityQueue.<init>(PriorityQueue.java:224)

62724      WARN  main            d.u.i.k.p.r.p.TestFile    Replay exception de.uka.ilkd.key.proof.io.ProblemLoaderException: Error loading proof.
Line 104, goal 22, rule ifSplit not available or not applicable in this context.
	at de.uka.ilkd.key.proof.io.IntermediateProofReplayer.reportError(IntermediateProofReplayer.java:779)
Caused by: java.lang.NullPointerException: null
	at java.base/java.util.PriorityQueue.<init>(PriorityQueue.java:224)

62725      WARN  main            d.u.i.k.p.r.p.ForkedTestFileRunner Run failed java.lang.Exception: Exception while loading proof (see cause for details): /home/runner/work/key/key/key.core/../key.ui/examples/heap/simple/loop1.key.proof
	at de.uka.ilkd.key.proof.runallproofs.proofcollection.TestFile.reloadProof(TestFile.java:314)
Caused by: de.uka.ilkd.key.proof.io.ProblemLoaderException: Error loading proof.
Line 104, goal 22, rule ifSplit not available or not applicable in this context.
	at de.uka.ilkd.key.proof.io.IntermediateProofReplayer.reportError(IntermediateProofReplayer.java:779)
Caused by: java.lang.NullPointerException: null
	at java.base/java.util.PriorityQueue.<init>(PriorityQueue.java:224)

68373      WARN  main            d.u.i.k.p.r.p.TestFile    Replay exception de.uka.ilkd.key.proof.io.ProblemLoaderException: Error loading proof.
Line 139, goal 49, rule loopScopeInvDia not available or not applicable in this context.
	at de.uka.ilkd.key.proof.io.IntermediateProofReplayer.reportError(IntermediateProofReplayer.java:779)
Caused by: java.lang.NullPointerException: null
	at java.base/java.util.PriorityQueue.<init>(PriorityQueue.java:224)

68374      WARN  main            d.u.i.k.p.r.p.ForkedTestFileRunner Run failed java.lang.Exception: Exception while loading proof (see cause for details): /home/runner/work/key/key/key.core/../key.ui/examples/heap/simple/loop2.key.proof
	at de.uka.ilkd.key.proof.runallproofs.proofcollection.TestFile.reloadProof(TestFile.java:314)
Caused by: de.uka.ilkd.key.proof.io.ProblemLoaderException: Error loading proof.
Line 139, goal 49, rule loopScopeInvDia not available or not applicable in this context.
	at de.uka.ilkd.key.proof.io.IntermediateProofReplayer.reportError(IntermediateProofReplayer.java:779)
Caused by: java.lang.NullPointerException: null
	at java.base/java.util.PriorityQueue.<init>(PriorityQueue.java:224)

77789      WARN  main            d.u.i.k.p.r.p.TestFile    Replay exception de.uka.ilkd.key.proof.io.ProblemLoaderException: Error loading proof.
Line 168, goal 63, rule ifthenelse_split not available or not applicable in this context.
	at de.uka.ilkd.key.proof.io.IntermediateProofReplayer.reportError(IntermediateProofReplayer.java:779)
Caused by: java.lang.NullPointerException: null
	at java.base/java.util.PriorityQueue.<init>(PriorityQueue.java:224)

77790      WARN  main            d.u.i.k.p.r.p.ForkedTestFileRunner Run failed java.lang.Exception: Exception while loading proof (see cause for details): /home/runner/work/key/key/key.core/../key.ui/examples/heap/simple/modifies.key.proof
	at de.uka.ilkd.key.proof.runallproofs.proofcollection.TestFile.reloadProof(TestFile.java:314)
Caused by: de.uka.ilkd.key.proof.io.ProblemLoaderException: Error loading proof.
Line 168, goal 63, rule ifthenelse_split not available or not applicable in this context.
	at de.uka.ilkd.key.proof.io.IntermediateProofReplayer.reportError(IntermediateProofReplayer.java:779)
Caused by: java.lang.NullPointerException: null
	at java.base/java.util.PriorityQueue.<init>(PriorityQueue.java:224)

82581      WARN  main            d.u.i.k.p.r.p.TestFile    Replay exception de.uka.ilkd.key.proof.io.ProblemLoaderException: Error loading proof.
Line 158, goal 73, rule assignment_write_attribute not available or not applicable in this context.
	at de.uka.ilkd.key.proof.io.IntermediateProofReplayer.reportError(IntermediateProofReplayer.java:779)
Caused by: java.lang.NullPointerException: null
	at java.base/java.util.PriorityQueue.<init>(PriorityQueue.java:224)

82581      WARN  main            d.u.i.k.p.r.p.ForkedTestFileRunner Run failed java.lang.Exception: Exception while loading proof (see cause for details): /home/runner/work/key/key/key.core/../key.ui/examples/heap/simple/object_creation.key.proof
	at de.uka.ilkd.key.proof.runallproofs.proofcollection.TestFile.reloadProof(TestFile.java:314)
Caused by: de.uka.ilkd.key.proof.io.ProblemLoaderException: Error loading proof.
Line 158, goal 73, rule assignment_write_attribute not available or not applicable in this context.
	at de.uka.ilkd.key.proof.io.IntermediateProofReplayer.reportError(IntermediateProofReplayer.java:779)
Caused by: java.lang.NullPointerException: null
	at java.base/java.util.PriorityQueue.<init>(PriorityQueue.java:224)

88420      WARN  main            d.u.i.k.p.r.p.TestFile    Replay exception de.uka.ilkd.key.proof.io.ProblemLoaderException: Error loading proof.
Line 176, goal 65, rule assignment_read_attribute not available or not applicable in this context.
	at de.uka.ilkd.key.proof.io.IntermediateProofReplayer.reportError(IntermediateProofReplayer.java:779)
Caused by: java.lang.NullPointerException: null
	at java.base/java.util.PriorityQueue.<init>(PriorityQueue.java:224)

88421      WARN  main            d.u.i.k.p.r.p.ForkedTestFileRunner Run failed java.lang.Exception: Exception while loading proof (see cause for details): /home/runner/work/key/key/key.core/../key.ui/examples/heap/simple/operation_contracts.key.proof
	at de.uka.ilkd.key.proof.runallproofs.proofcollection.TestFile.reloadProof(TestFile.java:314)
Caused by: de.uka.ilkd.key.proof.io.ProblemLoaderException: Error loading proof.
Line 176, goal 65, rule assignment_read_attribute not available or not applicable in this context.
	at de.uka.ilkd.key.proof.io.IntermediateProofReplayer.reportError(IntermediateProofReplayer.java:779)
Caused by: java.lang.NullPointerException: null
	at java.base/java.util.PriorityQueue.<init>(PriorityQueue.java:224)

101449     WARN  main            d.u.i.k.p.r.p.TestFile    Replay exception de.uka.ilkd.key.proof.io.ProblemLoaderException: Error loading proof.
Line 148, goal 62, rule loopScopeInvBox not available or not applicable in this context.
	at de.uka.ilkd.key.proof.io.IntermediateProofReplayer.reportError(IntermediateProofReplayer.java:779)
Caused by: java.lang.NullPointerException: null
	at java.base/java.util.PriorityQueue.<init>(PriorityQueue.java:224)

101450     WARN  main            d.u.i.k.p.r.p.ForkedTestFileRunner Run failed java.lang.Exception: Exception while loading proof (see cause for details): /home/runner/work/key/key/key.core/../key.ui/examples/heap/simple/selection_sort.key.proof
	at de.uka.ilkd.key.proof.runallproofs.proofcollection.TestFile.reloadProof(TestFile.java:314)
Caused by: de.uka.ilkd.key.proof.io.ProblemLoaderException: Error loading proof.
Line 148, goal 62, rule loopScopeInvBox not available or not applicable in this context.
	at de.uka.ilkd.key.proof.io.IntermediateProofReplayer.reportError(IntermediateProofReplayer.java:779)
Caused by: java.lang.NullPointerException: null
	at java.base/java.util.PriorityQueue.<init>(PriorityQueue.java:224)

106484     WARN  main            d.u.i.k.p.r.p.TestFile    Replay exception de.uka.ilkd.key.proof.io.ProblemLoaderException: Error loading proof.
Line 299, goal 219, rule cut_direct not available or not applicable in this context.
	at de.uka.ilkd.key.proof.io.IntermediateProofReplayer.reportError(IntermediateProofReplayer.java:779)
Caused by: java.lang.NullPointerException: null
	at java.base/java.util.PriorityQueue.<init>(PriorityQueue.java:224)

106485     WARN  main            d.u.i.k.p.r.p.ForkedTestFileRunner Run failed java.lang.Exception: Exception while loading proof (see cause for details): /home/runner/work/key/key/key.core/../key.ui/examples/heap/simple/seq.key.proof
	at de.uka.ilkd.key.proof.runallproofs.proofcollection.TestFile.reloadProof(TestFile.java:314)
Caused by: de.uka.ilkd.key.proof.io.ProblemLoaderException: Error loading proof.
Line 299, goal 219, rule cut_direct not available or not applicable in this context.
	at de.uka.ilkd.key.proof.io.IntermediateProofReplayer.reportError(IntermediateProofReplayer.java:779)
Caused by: java.lang.NullPointerException: null
	at java.base/java.util.PriorityQueue.<init>(PriorityQueue.java:224)

111785     WARN  main            d.u.i.k.p.r.p.TestFile    Replay exception de.uka.ilkd.key.proof.io.ProblemLoaderException: Error loading proof.
Line 78, goal 17, rule Class_invariant_axiom_for_OldForParameters not available or not applicable in this context.
	at de.uka.ilkd.key.proof.io.IntermediateProofReplayer.reportError(IntermediateProofReplayer.java:779)
Caused by: java.lang.NullPointerException: null
	at java.base/java.util.PriorityQueue.<init>(PriorityQueue.java:224)

111786     WARN  main            d.u.i.k.p.r.p.ForkedTestFileRunner Run failed java.lang.Exception: Exception while loading proof (see cause for details): /home/runner/work/key/key/key.core/../key.ui/examples/heap/simple/oldForParams.key.proof
	at de.uka.ilkd.key.proof.runallproofs.proofcollection.TestFile.reloadProof(TestFile.java:314)
Caused by: de.uka.ilkd.key.proof.io.ProblemLoaderException: Error loading proof.
Line 78, goal 17, rule Class_invariant_axiom_for_OldForParameters not available or not applicable in this context.
	at de.uka.ilkd.key.proof.io.IntermediateProofReplayer.reportError(IntermediateProofReplayer.java:779)
Caused by: java.lang.NullPointerException: null
	at java.base/java.util.PriorityQueue.<init>(PriorityQueue.java:224)

116935     WARN  main            d.u.i.k.p.r.p.TestFile    Replay exception de.uka.ilkd.key.proof.io.ProblemLoaderException: Error loading proof.
Line 79, goal 18, rule Class_invariant_axiom_for_ParseLmtd not available or not applicable in this context.
	at de.uka.ilkd.key.proof.io.IntermediateProofReplayer.reportError(IntermediateProofReplayer.java:779)
Caused by: java.lang.NullPointerException: null
	at java.base/java.util.PriorityQueue.<init>(PriorityQueue.java:224)

116936     WARN  main            d.u.i.k.p.r.p.ForkedTestFileRunner Run failed java.lang.Exception: Exception while loading proof (see cause for details): /home/runner/work/key/key/key.core/../key.ui/examples/heap/simple/parse_lmtd.key.proof
	at de.uka.ilkd.key.proof.runallproofs.proofcollection.TestFile.reloadProof(TestFile.java:314)
Caused by: de.uka.ilkd.key.proof.io.ProblemLoaderException: Error loading proof.
Line 79, goal 18, rule Class_invariant_axiom_for_ParseLmtd not available or not applicable in this context.
	at de.uka.ilkd.key.proof.io.IntermediateProofReplayer.reportError(IntermediateProofReplayer.java:779)
Caused by: java.lang.NullPointerException: null
	at java.base/java.util.PriorityQueue.<init>(PriorityQueue.java:224)

121921     WARN  main            d.u.i.k.p.r.p.TestFile    Replay exception de.uka.ilkd.key.proof.io.ProblemLoaderException: Error loading proof.
Line 74, goal 13, rule Class_invariant_axiom_for_StrictlyPure not available or not applicable in this context.
	at de.uka.ilkd.key.proof.io.IntermediateProofReplayer.reportError(IntermediateProofReplayer.java:779)
Caused by: java.lang.NullPointerException: null
	at java.base/java.util.PriorityQueue.<init>(PriorityQueue.java:224)

121922     WARN  main            d.u.i.k.p.r.p.ForkedTestFileRunner Run failed java.lang.Exception: Exception while loading proof (see cause for details): /home/runner/work/key/key/key.core/../key.ui/examples/heap/strictly_pure/strictlyPureMethod.key.proof
	at de.uka.ilkd.key.proof.runallproofs.proofcollection.TestFile.reloadProof(TestFile.java:314)
Caused by: de.uka.ilkd.key.proof.io.ProblemLoaderException: Error loading proof.
Line 74, goal 13, rule Class_invariant_axiom_for_StrictlyPure not available or not applicable in this context.
	at de.uka.ilkd.key.proof.io.IntermediateProofReplayer.reportError(IntermediateProofReplayer.java:779)
Caused by: java.lang.NullPointerException: null
	at java.base/java.util.PriorityQueue.<init>(PriorityQueue.java:224)

126879     WARN  main            d.u.i.k.p.r.p.TestFile    Replay exception de.uka.ilkd.key.proof.io.ProblemLoaderException: Error loading proof.
Line 80, goal 19, rule Class_invariant_axiom_for_StrictlyPure not available or not applicable in this context.
	at de.uka.ilkd.key.proof.io.IntermediateProofReplayer.reportError(IntermediateProofReplayer.java:779)
Caused by: java.lang.NullPointerException: null
	at java.base/java.util.PriorityQueue.<init>(PriorityQueue.java:224)

126880     WARN  main            d.u.i.k.p.r.p.ForkedTestFileRunner Run failed java.lang.Exception: Exception while loading proof (see cause for details): /home/runner/work/key/key/key.core/../key.ui/examples/heap/strictly_pure/useStrictlyPureMethod.key.proof
	at de.uka.ilkd.key.proof.runallproofs.proofcollection.TestFile.reloadProof(TestFile.java:314)
Caused by: de.uka.ilkd.key.proof.io.ProblemLoaderException: Error loading proof.
Line 80, goal 19, rule Class_invariant_axiom_for_StrictlyPure not available or not applicable in this context.
	at de.uka.ilkd.key.proof.io.IntermediateProofReplayer.reportError(IntermediateProofReplayer.java:779)
Caused by: java.lang.NullPointerException: null
	at java.base/java.util.PriorityQueue.<init>(PriorityQueue.java:224)

132068     WARN  main            d.u.i.k.p.r.p.TestFile    Replay exception de.uka.ilkd.key.proof.io.ProblemLoaderException: Error loading proof.
Line 76, goal 15, rule Class_invariant_axiom_for_Ackermann not available or not applicable in this context.
	at de.uka.ilkd.key.proof.io.IntermediateProofReplayer.reportError(IntermediateProofReplayer.java:779)
Caused by: java.lang.NullPointerException: null
	at java.base/java.util.PriorityQueue.<init>(PriorityQueue.java:224)

132069     WARN  main            d.u.i.k.p.r.p.ForkedTestFileRunner Run failed java.lang.Exception: Exception while loading proof (see cause for details): /home/runner/work/key/key/key.core/../key.ui/examples/heap/Wellfounded/ackermann.key.proof
	at de.uka.ilkd.key.proof.runallproofs.proofcollection.TestFile.reloadProof(TestFile.java:314)
Caused by: de.uka.ilkd.key.proof.io.ProblemLoaderException: Error loading proof.
Line 76, goal 15, rule Class_invariant_axiom_for_Ackermann not available or not applicable in this context.
	at de.uka.ilkd.key.proof.io.IntermediateProofReplayer.reportError(IntermediateProofReplayer.java:779)
Caused by: java.lang.NullPointerException: null
	at java.base/java.util.PriorityQueue.<init>(PriorityQueue.java:224)

141582     WARN  main            d.u.i.k.p.r.p.TestFile    Replay exception de.uka.ilkd.key.proof.io.ProblemLoaderException: Error loading proof.
Line 92, goal 31, rule methodCall not available or not applicable in this context.
	at de.uka.ilkd.key.proof.io.IntermediateProofReplayer.reportError(IntermediateProofReplayer.java:779)
Caused by: java.lang.NullPointerException: null
	at java.base/java.util.PriorityQueue.<init>(PriorityQueue.java:224)

141583     WARN  main            d.u.i.k.p.r.p.ForkedTestFileRunner Run failed java.lang.Exception: Exception while loading proof (see cause for details): /home/runner/work/key/key/key.core/../key.ui/examples/heap/strictlyModular/mayExpand.key.proof
	at de.uka.ilkd.key.proof.runallproofs.proofcollection.TestFile.reloadProof(TestFile.java:314)
Caused by: de.uka.ilkd.key.proof.io.ProblemLoaderException: Error loading proof.
Line 92, goal 31, rule methodCall not available or not applicable in this context.
	at de.uka.ilkd.key.proof.io.IntermediateProofReplayer.reportError(IntermediateProofReplayer.java:779)
Caused by: java.lang.NullPointerException: null
	at java.base/java.util.PriorityQueue.<init>(PriorityQueue.java:224)

332        WARN  main            d.u.i.k.s.ProofSettings   The settings in /home/runner/.key/proof-settings.props are *not* read. 
18399      WARN  main            d.u.i.k.p.r.p.TestFile    Replay exception de.uka.ilkd.key.proof.io.ProblemLoaderException: Error loading proof.
Line 117, goal 56, rule Class_invariant_axiom_for_ArrayList not available or not applicable in this context.
	at de.uka.ilkd.key.proof.io.IntermediateProofReplayer.reportError(IntermediateProofReplayer.java:779)
Caused by: java.lang.NullPointerException: null
	at java.base/java.util.PriorityQueue.<init>(PriorityQueue.java:224)

18406      WARN  main            d.u.i.k.p.r.p.ForkedTestFileRunner Run failed java.lang.Exception: Exception while loading proof (see cause for details): /home/runner/work/key/key/key.core/../key.ui/examples/heap/SmansEtAl/ArrayList_add.key.proof
	at de.uka.ilkd.key.proof.runallproofs.proofcollection.TestFile.reloadProof(TestFile.java:314)
Caused by: de.uka.ilkd.key.proof.io.ProblemLoaderException: Error loading proof.
Line 117, goal 56, rule Class_invariant_axiom_for_ArrayList not available or not applicable in this context.
	at de.uka.ilkd.key.proof.io.IntermediateProofReplayer.reportError(IntermediateProofReplayer.java:779)
Caused by: java.lang.NullPointerException: null
	at java.base/java.util.PriorityQueue.<init>(PriorityQueue.java:224)

24979      WARN  main            d.u.i.k.p.r.p.TestFile    Replay exception de.uka.ilkd.key.proof.io.ProblemLoaderException: Error loading proof.
Line 135, goal 74, rule ifSplit not available or not applicable in this context.
	at de.uka.ilkd.key.proof.io.IntermediateProofReplayer.reportError(IntermediateProofReplayer.java:779)
Caused by: java.lang.NullPointerException: null
	at java.base/java.util.PriorityQueue.<init>(PriorityQueue.java:224)

24980      WARN  main            d.u.i.k.p.r.p.ForkedTestFileRunner Run failed java.lang.Exception: Exception while loading proof (see cause for details): /home/runner/work/key/key/key.core/../key.ui/examples/heap/SmansEtAl/ArrayList_ArrayList.key.proof
	at de.uka.ilkd.key.proof.runallproofs.proofcollection.TestFile.reloadProof(TestFile.java:314)
Caused by: de.uka.ilkd.key.proof.io.ProblemLoaderException: Error loading proof.
Line 135, goal 74, rule ifSplit not available or not applicable in this context.
	at de.uka.ilkd.key.proof.io.IntermediateProofReplayer.reportError(IntermediateProofReplayer.java:779)
Caused by: java.lang.NullPointerException: null
	at java.base/java.util.PriorityQueue.<init>(PriorityQueue.java:224)

30687      WARN  main            d.u.i.k.p.r.p.TestFile    Replay exception de.uka.ilkd.key.proof.io.ProblemLoaderException: Error loading proof.
Line 72, goal 11, rule JML_represents_clause_for_ArrayList_footprint not available or not applicable in this context.
	at de.uka.ilkd.key.proof.io.IntermediateProofReplayer.reportError(IntermediateProofReplayer.java:779)
Caused by: java.lang.NullPointerException: null
	at java.base/java.util.PriorityQueue.<init>(PriorityQueue.java:224)

30688      WARN  main            d.u.i.k.p.r.p.ForkedTestFileRunner Run failed java.lang.Exception: Exception while loading proof (see cause for details): /home/runner/work/key/key/key.core/../key.ui/examples/heap/SmansEtAl/ArrayList_footprint.key.proof
	at de.uka.ilkd.key.proof.runallproofs.proofcollection.TestFile.reloadProof(TestFile.java:314)
Caused by: de.uka.ilkd.key.proof.io.ProblemLoaderException: Error loading proof.
Line 72, goal 11, rule JML_represents_clause_for_ArrayList_footprint not available or not applicable in this context.
	at de.uka.ilkd.key.proof.io.IntermediateProofReplayer.reportError(IntermediateProofReplayer.java:779)
Caused by: java.lang.NullPointerException: null
	at java.base/java.util.PriorityQueue.<init>(PriorityQueue.java:224)

36490      WARN  main            d.u.i.k.p.r.p.TestFile    Replay exception de.uka.ilkd.key.proof.io.ProblemLoaderException: Error loading proof.
Line 97, goal 36, rule JML_represents_clause_for_ArrayList_footprint not available or not applicable in this context.
	at de.uka.ilkd.key.proof.io.IntermediateProofReplayer.reportError(IntermediateProofReplayer.java:779)
Caused by: java.lang.NullPointerException: null
	at java.base/java.util.PriorityQueue.<init>(PriorityQueue.java:224)

36491      WARN  main            d.u.i.k.p.r.p.ForkedTestFileRunner Run failed java.lang.Exception: Exception while loading proof (see cause for details): /home/runner/work/key/key/key.core/../key.ui/examples/heap/SmansEtAl/ArrayList_get_dep.key.proof
	at de.uka.ilkd.key.proof.runallproofs.proofcollection.TestFile.reloadProof(TestFile.java:314)
Caused by: de.uka.ilkd.key.proof.io.ProblemLoaderException: Error loading proof.
Line 97, goal 36, rule JML_represents_clause_for_ArrayList_footprint not available or not applicable in this context.
	at de.uka.ilkd.key.proof.io.IntermediateProofReplayer.reportError(IntermediateProofReplayer.java:779)
Caused by: java.lang.NullPointerException: null
	at java.base/java.util.PriorityQueue.<init>(PriorityQueue.java:224)

42195      WARN  main            d.u.i.k.p.r.p.TestFile    Replay exception de.uka.ilkd.key.proof.io.ProblemLoaderException: Error loading proof.
Line 88, goal 27, rule Class_invariant_axiom_for_ArrayList not available or not applicable in this context.
	at de.uka.ilkd.key.proof.io.IntermediateProofReplayer.reportError(IntermediateProofReplayer.java:779)
Caused by: java.lang.NullPointerException: null
	at java.base/java.util.PriorityQueue.<init>(PriorityQueue.java:224)

42196      WARN  main            d.u.i.k.p.r.p.ForkedTestFileRunner Run failed java.lang.Exception: Exception while loading proof (see cause for details): /home/runner/work/key/key/key.core/../key.ui/examples/heap/SmansEtAl/ArrayList_get.key.proof
	at de.uka.ilkd.key.proof.runallproofs.proofcollection.TestFile.reloadProof(TestFile.java:314)
Caused by: de.uka.ilkd.key.proof.io.ProblemLoaderException: Error loading proof.
Line 88, goal 27, rule Class_invariant_axiom_for_ArrayList not available or not applicable in this context.
	at de.uka.ilkd.key.proof.io.IntermediateProofReplayer.reportError(IntermediateProofReplayer.java:779)
Caused by: java.lang.NullPointerException: null
	at java.base/java.util.PriorityQueue.<init>(PriorityQueue.java:224)

47640      WARN  main            d.u.i.k.p.r.p.TestFile    Replay exception de.uka.ilkd.key.proof.io.ProblemLoaderException: Error loading proof.
Line 73, goal 12, rule Class_invariant_axiom_for_ArrayList not available or not applicable in this context.
	at de.uka.ilkd.key.proof.io.IntermediateProofReplayer.reportError(IntermediateProofReplayer.java:779)
Caused by: java.lang.NullPointerException: null
	at java.base/java.util.PriorityQueue.<init>(PriorityQueue.java:224)

47641      WARN  main            d.u.i.k.p.r.p.ForkedTestFileRunner Run failed java.lang.Exception: Exception while loading proof (see cause for details): /home/runner/work/key/key/key.core/../key.ui/examples/heap/SmansEtAl/ArrayList_inv.key.proof
	at de.uka.ilkd.key.proof.runallproofs.proofcollection.TestFile.reloadProof(TestFile.java:314)
Caused by: de.uka.ilkd.key.proof.io.ProblemLoaderException: Error loading proof.
Line 73, goal 12, rule Class_invariant_axiom_for_ArrayList not available or not applicable in this context.
	at de.uka.ilkd.key.proof.io.IntermediateProofReplayer.reportError(IntermediateProofReplayer.java:779)
Caused by: java.lang.NullPointerException: null
	at java.base/java.util.PriorityQueue.<init>(PriorityQueue.java:224)

53132      WARN  main            d.u.i.k.p.r.p.TestFile    Replay exception de.uka.ilkd.key.proof.io.ProblemLoaderException: Error loading proof.
Line 83, goal 22, rule JML_represents_clause_for_ArrayList_footprint not available or not applicable in this context.
	at de.uka.ilkd.key.proof.io.IntermediateProofReplayer.reportError(IntermediateProofReplayer.java:779)
Caused by: java.lang.NullPointerException: null
	at java.base/java.util.PriorityQueue.<init>(PriorityQueue.java:224)

53132      WARN  main            d.u.i.k.p.r.p.ForkedTestFileRunner Run failed java.lang.Exception: Exception while loading proof (see cause for details): /home/runner/work/key/key/key.core/../key.ui/examples/heap/SmansEtAl/ArrayList_size_dep.key.proof
	at de.uka.ilkd.key.proof.runallproofs.proofcollection.TestFile.reloadProof(TestFile.java:314)
Caused by: de.uka.ilkd.key.proof.io.ProblemLoaderException: Error loading proof.
Line 83, goal 22, rule JML_represents_clause_for_ArrayList_footprint not available or not applicable in this context.
	at de.uka.ilkd.key.proof.io.IntermediateProofReplayer.reportError(IntermediateProofReplayer.java:779)
Caused by: java.lang.NullPointerException: null
	at java.base/java.util.PriorityQueue.<init>(PriorityQueue.java:224)

58626      WARN  main            d.u.i.k.p.r.p.TestFile    Replay exception de.uka.ilkd.key.proof.io.ProblemLoaderException: Error loading proof.
Line 74, goal 13, rule Class_invariant_axiom_for_ArrayList not available or not applicable in this context.
	at de.uka.ilkd.key.proof.io.IntermediateProofReplayer.reportError(IntermediateProofReplayer.java:779)
Caused by: java.lang.NullPointerException: null
	at java.base/java.util.PriorityQueue.<init>(PriorityQueue.java:224)

58628      WARN  main            d.u.i.k.p.r.p.ForkedTestFileRunner Run failed java.lang.Exception: Exception while loading proof (see cause for details): /home/runner/work/key/key/key.core/../key.ui/examples/heap/SmansEtAl/ArrayList_size.key.proof
	at de.uka.ilkd.key.proof.runallproofs.proofcollection.TestFile.reloadProof(TestFile.java:314)
Caused by: de.uka.ilkd.key.proof.io.ProblemLoaderException: Error loading proof.
Line 74, goal 13, rule Class_invariant_axiom_for_ArrayList not available or not applicable in this context.
	at de.uka.ilkd.key.proof.io.IntermediateProofReplayer.reportError(IntermediateProofReplayer.java:779)
Caused by: java.lang.NullPointerException: null
	at java.base/java.util.PriorityQueue.<init>(PriorityQueue.java:224)

64171      WARN  main            d.u.i.k.p.r.p.TestFile    Replay exception de.uka.ilkd.key.proof.io.ProblemLoaderException: Error loading proof.
Line 119, goal 58, rule assignment_write_attribute not available or not applicable in this context.
	at de.uka.ilkd.key.proof.io.IntermediateProofReplayer.reportError(IntermediateProofReplayer.java:779)
Caused by: java.lang.NullPointerException: null
	at java.base/java.util.PriorityQueue.<init>(PriorityQueue.java:224)

64172      WARN  main            d.u.i.k.p.r.p.ForkedTestFileRunner Run failed java.lang.Exception: Exception while loading proof (see cause for details): /home/runner/work/key/key/key.core/../key.ui/examples/heap/SmansEtAl/Cell_Cell.key.proof
	at de.uka.ilkd.key.proof.runallproofs.proofcollection.TestFile.reloadProof(TestFile.java:314)
Caused by: de.uka.ilkd.key.proof.io.ProblemLoaderException: Error loading proof.
Line 119, goal 58, rule assignment_write_attribute not available or not applicable in this context.
	at de.uka.ilkd.key.proof.io.IntermediateProofReplayer.reportError(IntermediateProofReplayer.java:779)
Caused by: java.lang.NullPointerException: null
	at java.base/java.util.PriorityQueue.<init>(PriorityQueue.java:224)

69612      WARN  main            d.u.i.k.p.r.p.TestFile    Replay exception de.uka.ilkd.key.proof.io.ProblemLoaderException: Error loading proof.
Line 72, goal 11, rule JML_represents_clause_for_Cell_footprint not available or not applicable in this context.
	at de.uka.ilkd.key.proof.io.IntermediateProofReplayer.reportError(IntermediateProofReplayer.java:779)
Caused by: java.lang.NullPointerException: null
	at java.base/java.util.PriorityQueue.<init>(PriorityQueue.java:224)

69613      WARN  main            d.u.i.k.p.r.p.ForkedTestFileRunner Run failed java.lang.Exception: Exception while loading proof (see cause for details): /home/runner/work/key/key/key.core/../key.ui/examples/heap/SmansEtAl/Cell_footprint.key.proof
	at de.uka.ilkd.key.proof.runallproofs.proofcollection.TestFile.reloadProof(TestFile.java:314)
Caused by: de.uka.ilkd.key.proof.io.ProblemLoaderException: Error loading proof.
Line 72, goal 11, rule JML_represents_clause_for_Cell_footprint not available or not applicable in this context.
	at de.uka.ilkd.key.proof.io.IntermediateProofReplayer.reportError(IntermediateProofReplayer.java:779)
Caused by: java.lang.NullPointerException: null
	at java.base/java.util.PriorityQueue.<init>(PriorityQueue.java:224)

75046      WARN  main            d.u.i.k.p.r.p.TestFile    Replay exception de.uka.ilkd.key.proof.io.ProblemLoaderException: Error loading proof.
Line 85, goal 24, rule JML_represents_clause_for_Cell_footprint not available or not applicable in this context.
	at de.uka.ilkd.key.proof.io.IntermediateProofReplayer.reportError(IntermediateProofReplayer.java:779)
Caused by: java.lang.NullPointerException: null
	at java.base/java.util.PriorityQueue.<init>(PriorityQueue.java:224)

75047      WARN  main            d.u.i.k.p.r.p.ForkedTestFileRunner Run failed java.lang.Exception: Exception while loading proof (see cause for details): /home/runner/work/key/key/key.core/../key.ui/examples/heap/SmansEtAl/Cell_getX_dep.key.proof
	at de.uka.ilkd.key.proof.runallproofs.proofcollection.TestFile.reloadProof(TestFile.java:314)
Caused by: de.uka.ilkd.key.proof.io.ProblemLoaderException: Error loading proof.
Line 85, goal 24, rule JML_represents_clause_for_Cell_footprint not available or not applicable in this context.
	at de.uka.ilkd.key.proof.io.IntermediateProofReplayer.reportError(IntermediateProofReplayer.java:779)
Caused by: java.lang.NullPointerException: null
	at java.base/java.util.PriorityQueue.<init>(PriorityQueue.java:224)

80514      WARN  main            d.u.i.k.p.r.p.TestFile    Replay exception de.uka.ilkd.key.proof.io.ProblemLoaderException: Error loading proof.
Line 73, goal 12, rule Class_invariant_axiom_for_Cell not available or not applicable in this context.
	at de.uka.ilkd.key.proof.io.IntermediateProofReplayer.reportError(IntermediateProofReplayer.java:779)
Caused by: java.lang.NullPointerException: null
	at java.base/java.util.PriorityQueue.<init>(PriorityQueue.java:224)

80516      WARN  main            d.u.i.k.p.r.p.ForkedTestFileRunner Run failed java.lang.Exception: Exception while loading proof (see cause for details): /home/runner/work/key/key/key.core/../key.ui/examples/heap/SmansEtAl/Cell_getX.key.proof
	at de.uka.ilkd.key.proof.runallproofs.proofcollection.TestFile.reloadProof(TestFile.java:314)
Caused by: de.uka.ilkd.key.proof.io.ProblemLoaderException: Error loading proof.
Line 73, goal 12, rule Class_invariant_axiom_for_Cell not available or not applicable in this context.
	at de.uka.ilkd.key.proof.io.IntermediateProofReplayer.reportError(IntermediateProofReplayer.java:779)
Caused by: java.lang.NullPointerException: null
	at java.base/java.util.PriorityQueue.<init>(PriorityQueue.java:224)

85921      WARN  main            d.u.i.k.p.r.p.TestFile    Replay exception de.uka.ilkd.key.proof.io.ProblemLoaderException: Error loading proof.
Line 73, goal 12, rule Class_invariant_axiom_for_Cell not available or not applicable in this context.
	at de.uka.ilkd.key.proof.io.IntermediateProofReplayer.reportError(IntermediateProofReplayer.java:779)
Caused by: java.lang.NullPointerException: null
	at java.base/java.util.PriorityQueue.<init>(PriorityQueue.java:224)

85922      WARN  main            d.u.i.k.p.r.p.ForkedTestFileRunner Run failed java.lang.Exception: Exception while loading proof (see cause for details): /home/runner/work/key/key/key.core/../key.ui/examples/heap/SmansEtAl/Cell_inv.key.proof
	at de.uka.ilkd.key.proof.runallproofs.proofcollection.TestFile.reloadProof(TestFile.java:314)
Caused by: de.uka.ilkd.key.proof.io.ProblemLoaderException: Error loading proof.
Line 73, goal 12, rule Class_invariant_axiom_for_Cell not available or not applicable in this context.
	at de.uka.ilkd.key.proof.io.IntermediateProofReplayer.reportError(IntermediateProofReplayer.java:779)
Caused by: java.lang.NullPointerException: null
	at java.base/java.util.PriorityQueue.<init>(PriorityQueue.java:224)

91427      WARN  main            d.u.i.k.p.r.p.TestFile    Replay exception de.uka.ilkd.key.proof.io.ProblemLoaderException: Error loading proof.
Line 73, goal 12, rule Class_invariant_axiom_for_Cell not available or not applicable in this context.
	at de.uka.ilkd.key.proof.io.IntermediateProofReplayer.reportError(IntermediateProofReplayer.java:779)
Caused by: java.lang.NullPointerException: null
	at java.base/java.util.PriorityQueue.<init>(PriorityQueue.java:224)

91428      WARN  main            d.u.i.k.p.r.p.ForkedTestFileRunner Run failed java.lang.Exception: Exception while loading proof (see cause for details): /home/runner/work/key/key/key.core/../key.ui/examples/heap/SmansEtAl/Cell_setX.key.proof
	at de.uka.ilkd.key.proof.runallproofs.proofcollection.TestFile.reloadProof(TestFile.java:314)
Caused by: de.uka.ilkd.key.proof.io.ProblemLoaderException: Error loading proof.
Line 73, goal 12, rule Class_invariant_axiom_for_Cell not available or not applicable in this context.
	at de.uka.ilkd.key.proof.io.IntermediateProofReplayer.reportError(IntermediateProofReplayer.java:779)
Caused by: java.lang.NullPointerException: null
	at java.base/java.util.PriorityQueue.<init>(PriorityQueue.java:224)

97246      WARN  main            d.u.i.k.p.r.p.TestFile    Replay exception de.uka.ilkd.key.proof.io.ProblemLoaderException: Error loading proof.
Line 71, goal 10, rule Class_invariant_axiom_for_CellClient not available or not applicable in this context.
	at de.uka.ilkd.key.proof.io.IntermediateProofReplayer.reportError(IntermediateProofReplayer.java:779)
Caused by: java.lang.NullPointerException: null
	at java.base/java.util.PriorityQueue.<init>(PriorityQueue.java:224)

97247      WARN  main            d.u.i.k.p.r.p.ForkedTestFileRunner Run failed java.lang.Exception: Exception while loading proof (see cause for details): /home/runner/work/key/key/key.core/../key.ui/examples/heap/SmansEtAl/CellClient_m.key.proof
	at de.uka.ilkd.key.proof.runallproofs.proofcollection.TestFile.reloadProof(TestFile.java:314)
Caused by: de.uka.ilkd.key.proof.io.ProblemLoaderException: Error loading proof.
Line 71, goal 10, rule Class_invariant_axiom_for_CellClient not available or not applicable in this context.
	at de.uka.ilkd.key.proof.io.IntermediateProofReplayer.reportError(IntermediateProofReplayer.java:779)
Caused by: java.lang.NullPointerException: null
	at java.base/java.util.PriorityQueue.<init>(PriorityQueue.java:224)

102723     WARN  main            d.u.i.k.p.r.p.TestFile    Replay exception de.uka.ilkd.key.proof.io.ProblemLoaderException: Error loading proof.
Line 72, goal 11, rule JML_represents_clause_for_Iterator_footprint not available or not applicable in this context.
	at de.uka.ilkd.key.proof.io.IntermediateProofReplayer.reportError(IntermediateProofReplayer.java:779)
Caused by: java.lang.NullPointerException: null
	at java.base/java.util.PriorityQueue.<init>(PriorityQueue.java:224)

102724     WARN  main            d.u.i.k.p.r.p.ForkedTestFileRunner Run failed java.lang.Exception: Exception while loading proof (see cause for details): /home/runner/work/key/key/key.core/../key.ui/examples/heap/SmansEtAl/Iterator_footprint.key.proof
	at de.uka.ilkd.key.proof.runallproofs.proofcollection.TestFile.reloadProof(TestFile.java:314)
Caused by: de.uka.ilkd.key.proof.io.ProblemLoaderException: Error loading proof.
Line 72, goal 11, rule JML_represents_clause_for_Iterator_footprint not available or not applicable in this context.
	at de.uka.ilkd.key.proof.io.IntermediateProofReplayer.reportError(IntermediateProofReplayer.java:779)
Caused by: java.lang.NullPointerException: null
	at java.base/java.util.PriorityQueue.<init>(PriorityQueue.java:224)

108684     WARN  main            d.u.i.k.p.r.p.TestFile    Replay exception de.uka.ilkd.key.proof.io.ProblemLoaderException: Error loading proof.
Line 86, goal 25, rule JML_represents_clause_for_Iterator_footprint not available or not applicable in this context.
	at de.uka.ilkd.key.proof.io.IntermediateProofReplayer.reportError(IntermediateProofReplayer.java:779)
Caused by: java.lang.NullPointerException: null
	at java.base/java.util.PriorityQueue.<init>(PriorityQueue.java:224)

108685     WARN  main            d.u.i.k.p.r.p.ForkedTestFileRunner Run failed java.lang.Exception: Exception while loading proof (see cause for details): /home/runner/work/key/key/key.core/../key.ui/examples/heap/SmansEtAl/Iterator_hasNext_dep.key.proof
	at de.uka.ilkd.key.proof.runallproofs.proofcollection.TestFile.reloadProof(TestFile.java:314)
Caused by: de.uka.ilkd.key.proof.io.ProblemLoaderException: Error loading proof.
Line 86, goal 25, rule JML_represents_clause_for_Iterator_footprint not available or not applicable in this context.
	at de.uka.ilkd.key.proof.io.IntermediateProofReplayer.reportError(IntermediateProofReplayer.java:779)
Caused by: java.lang.NullPointerException: null
	at java.base/java.util.PriorityQueue.<init>(PriorityQueue.java:224)

114509     WARN  main            d.u.i.k.p.r.p.TestFile    Replay exception de.uka.ilkd.key.proof.io.ProblemLoaderException: Error loading proof.
Line 73, goal 12, rule Class_invariant_axiom_for_Iterator not available or not applicable in this context.
	at de.uka.ilkd.key.proof.io.IntermediateProofReplayer.reportError(IntermediateProofReplayer.java:779)
Caused by: java.lang.NullPointerException: null
	at java.base/java.util.PriorityQueue.<init>(PriorityQueue.java:224)

114509     WARN  main            d.u.i.k.p.r.p.ForkedTestFileRunner Run failed java.lang.Exception: Exception while loading proof (see cause for details): /home/runner/work/key/key/key.core/../key.ui/examples/heap/SmansEtAl/Iterator_hasNext.key.proof
	at de.uka.ilkd.key.proof.runallproofs.proofcollection.TestFile.reloadProof(TestFile.java:314)
Caused by: de.uka.ilkd.key.proof.io.ProblemLoaderException: Error loading proof.
Line 73, goal 12, rule Class_invariant_axiom_for_Iterator not available or not applicable in this context.
	at de.uka.ilkd.key.proof.io.IntermediateProofReplayer.reportError(IntermediateProofReplayer.java:779)
Caused by: java.lang.NullPointerException: null
	at java.base/java.util.PriorityQueue.<init>(PriorityQueue.java:224)

120033     WARN  main            d.u.i.k.p.r.p.TestFile    Replay exception de.uka.ilkd.key.proof.io.ProblemLoaderException: Error loading proof.
Line 78, goal 17, rule Class_invariant_axiom_for_Iterator not available or not applicable in this context.
	at de.uka.ilkd.key.proof.io.IntermediateProofReplayer.reportError(IntermediateProofReplayer.java:779)
Caused by: java.lang.NullPointerException: null
	at java.base/java.util.PriorityQueue.<init>(PriorityQueue.java:224)

120034     WARN  main            d.u.i.k.p.r.p.ForkedTestFileRunner Run failed java.lang.Exception: Exception while loading proof (see cause for details): /home/runner/work/key/key/key.core/../key.ui/examples/heap/SmansEtAl/Iterator_inv.key.proof
	at de.uka.ilkd.key.proof.runallproofs.proofcollection.TestFile.reloadProof(TestFile.java:314)
Caused by: de.uka.ilkd.key.proof.io.ProblemLoaderException: Error loading proof.
Line 78, goal 17, rule Class_invariant_axiom_for_Iterator not available or not applicable in this context.
	at de.uka.ilkd.key.proof.io.IntermediateProofReplayer.reportError(IntermediateProofReplayer.java:779)
Caused by: java.lang.NullPointerException: null
	at java.base/java.util.PriorityQueue.<init>(PriorityQueue.java:224)

126676     WARN  main            d.u.i.k.p.r.p.TestFile    Replay exception de.uka.ilkd.key.proof.io.ProblemLoaderException: Error loading proof.
Line 136, goal 75, rule assignment_write_attribute not available or not applicable in this context.
	at de.uka.ilkd.key.proof.io.IntermediateProofReplayer.reportError(IntermediateProofReplayer.java:779)
Caused by: java.lang.NullPointerException: null
	at java.base/java.util.PriorityQueue.<init>(PriorityQueue.java:224)

126681     WARN  main            d.u.i.k.p.r.p.ForkedTestFileRunner Run failed java.lang.Exception: Exception while loading proof (see cause for details): /home/runner/work/key/key/key.core/../key.ui/examples/heap/SmansEtAl/Iterator_Iterator.key.proof
	at de.uka.ilkd.key.proof.runallproofs.proofcollection.TestFile.reloadProof(TestFile.java:314)
Caused by: de.uka.ilkd.key.proof.io.ProblemLoaderException: Error loading proof.
Line 136, goal 75, rule assignment_write_attribute not available or not applicable in this context.
	at de.uka.ilkd.key.proof.io.IntermediateProofReplayer.reportError(IntermediateProofReplayer.java:779)
Caused by: java.lang.NullPointerException: null
	at java.base/java.util.PriorityQueue.<init>(PriorityQueue.java:224)

132134     WARN  main            d.u.i.k.p.r.p.TestFile    Replay exception de.uka.ilkd.key.proof.io.ProblemLoaderException: Error loading proof.
Line 81, goal 20, rule JML_represents_clause_for_Iterator_footprint not available or not applicable in this context.
	at de.uka.ilkd.key.proof.io.IntermediateProofReplayer.reportError(IntermediateProofReplayer.java:779)
Caused by: java.lang.NullPointerException: null
	at java.base/java.util.PriorityQueue.<init>(PriorityQueue.java:224)

132135     WARN  main            d.u.i.k.p.r.p.ForkedTestFileRunner Run failed java.lang.Exception: Exception while loading proof (see cause for details): /home/runner/work/key/key/key.core/../key.ui/examples/heap/SmansEtAl/Iterator_list_dep.key.proof
	at de.uka.ilkd.key.proof.runallproofs.proofcollection.TestFile.reloadProof(TestFile.java:314)
Caused by: de.uka.ilkd.key.proof.io.ProblemLoaderException: Error loading proof.
Line 81, goal 20, rule JML_represents_clause_for_Iterator_footprint not available or not applicable in this context.
	at de.uka.ilkd.key.proof.io.IntermediateProofReplayer.reportError(IntermediateProofReplayer.java:779)
Caused by: java.lang.NullPointerException: null
	at java.base/java.util.PriorityQueue.<init>(PriorityQueue.java:224)

137572     WARN  main            d.u.i.k.p.r.p.TestFile    Replay exception de.uka.ilkd.key.proof.io.ProblemLoaderException: Error loading proof.
Line 73, goal 12, rule Class_invariant_axiom_for_Iterator not available or not applicable in this context.
	at de.uka.ilkd.key.proof.io.IntermediateProofReplayer.reportError(IntermediateProofReplayer.java:779)
Caused by: java.lang.NullPointerException: null
	at java.base/java.util.PriorityQueue.<init>(PriorityQueue.java:224)

137573     WARN  main            d.u.i.k.p.r.p.ForkedTestFileRunner Run failed java.lang.Exception: Exception while loading proof (see cause for details): /home/runner/work/key/key/key.core/../key.ui/examples/heap/SmansEtAl/Iterator_list.key.proof
	at de.uka.ilkd.key.proof.runallproofs.proofcollection.TestFile.reloadProof(TestFile.java:314)
Caused by: de.uka.ilkd.key.proof.io.ProblemLoaderException: Error loading proof.
Line 73, goal 12, rule Class_invariant_axiom_for_Iterator not available or not applicable in this context.
	at de.uka.ilkd.key.proof.io.IntermediateProofReplayer.reportError(IntermediateProofReplayer.java:779)
Caused by: java.lang.NullPointerException: null
	at java.base/java.util.PriorityQueue.<init>(PriorityQueue.java:224)

145518     WARN  main            d.u.i.k.p.r.p.TestFile    Replay exception de.uka.ilkd.key.proof.io.ProblemLoaderException: Error loading proof.
Line 80, goal 19, rule Class_invariant_axiom_for_Iterator not available or not applicable in this context.
	at de.uka.ilkd.key.proof.io.IntermediateProofReplayer.reportError(IntermediateProofReplayer.java:779)
Caused by: java.lang.NullPointerException: null
	at java.base/java.util.PriorityQueue.<init>(PriorityQueue.java:224)

145519     WARN  main            d.u.i.k.p.r.p.ForkedTestFileRunner Run failed java.lang.Exception: Exception while loading proof (see cause for details): /home/runner/work/key/key/key.core/../key.ui/examples/heap/SmansEtAl/Iterator_next.key.proof
	at de.uka.ilkd.key.proof.runallproofs.proofcollection.TestFile.reloadProof(TestFile.java:314)
Caused by: de.uka.ilkd.key.proof.io.ProblemLoaderException: Error loading proof.
Line 80, goal 19, rule Class_invariant_axiom_for_Iterator not available or not applicable in this context.
	at de.uka.ilkd.key.proof.io.IntermediateProofReplayer.reportError(IntermediateProofReplayer.java:779)
Caused by: java.lang.NullPointerException: null
	at java.base/java.util.PriorityQueue.<init>(PriorityQueue.java:224)

151052     WARN  main            d.u.i.k.p.r.p.TestFile    Replay exception de.uka.ilkd.key.proof.io.ProblemLoaderException: Error loading proof.
Line 72, goal 11, rule JML_represents_clause_for_Stack_footprint not available or not applicable in this context.
	at de.uka.ilkd.key.proof.io.IntermediateProofReplayer.reportError(IntermediateProofReplayer.java:779)
Caused by: java.lang.NullPointerException: null
	at java.base/java.util.PriorityQueue.<init>(PriorityQueue.java:224)

151053     WARN  main            d.u.i.k.p.r.p.ForkedTestFileRunner Run failed java.lang.Exception: Exception while loading proof (see cause for details): /home/runner/work/key/key/key.core/../key.ui/examples/heap/SmansEtAl/Stack_footprint.key.proof
	at de.uka.ilkd.key.proof.runallproofs.proofcollection.TestFile.reloadProof(TestFile.java:314)
Caused by: de.uka.ilkd.key.proof.io.ProblemLoaderException: Error loading proof.
Line 72, goal 11, rule JML_represents_clause_for_Stack_footprint not available or not applicable in this context.
	at de.uka.ilkd.key.proof.io.IntermediateProofReplayer.reportError(IntermediateProofReplayer.java:779)
Caused by: java.lang.NullPointerException: null
	at java.base/java.util.PriorityQueue.<init>(PriorityQueue.java:224)

156467     WARN  main            d.u.i.k.p.r.p.TestFile    Replay exception de.uka.ilkd.key.proof.io.ProblemLoaderException: Error loading proof.
Line 73, goal 12, rule Class_invariant_axiom_for_Stack not available or not applicable in this context.
	at de.uka.ilkd.key.proof.io.IntermediateProofReplayer.reportError(IntermediateProofReplayer.java:779)
Caused by: java.lang.NullPointerException: null
	at java.base/java.util.PriorityQueue.<init>(PriorityQueue.java:224)

156468     WARN  main            d.u.i.k.p.r.p.ForkedTestFileRunner Run failed java.lang.Exception: Exception while loading proof (see cause for details): /home/runner/work/key/key/key.core/../key.ui/examples/heap/SmansEtAl/Stack_inv.key.proof
	at de.uka.ilkd.key.proof.runallproofs.proofcollection.TestFile.reloadProof(TestFile.java:314)
Caused by: de.uka.ilkd.key.proof.io.ProblemLoaderException: Error loading proof.
Line 73, goal 12, rule Class_invariant_axiom_for_Stack not available or not applicable in this context.
	at de.uka.ilkd.key.proof.io.IntermediateProofReplayer.reportError(IntermediateProofReplayer.java:779)
Caused by: java.lang.NullPointerException: null
	at java.base/java.util.PriorityQueue.<init>(PriorityQueue.java:224)

162524     WARN  main            d.u.i.k.p.r.p.TestFile    Replay exception de.uka.ilkd.key.proof.io.ProblemLoaderException: Error loading proof.
Line 82, goal 21, rule Class_invariant_axiom_for_Stack not available or not applicable in this context.
	at de.uka.ilkd.key.proof.io.IntermediateProofReplayer.reportError(IntermediateProofReplayer.java:779)
Caused by: java.lang.NullPointerException: null
	at java.base/java.util.PriorityQueue.<init>(PriorityQueue.java:224)

162525     WARN  main            d.u.i.k.p.r.p.ForkedTestFileRunner Run failed java.lang.Exception: Exception while loading proof (see cause for details): /home/runner/work/key/key/key.core/../key.ui/examples/heap/SmansEtAl/Stack_push.key.proof
	at de.uka.ilkd.key.proof.runallproofs.proofcollection.TestFile.reloadProof(TestFile.java:314)
Caused by: de.uka.ilkd.key.proof.io.ProblemLoaderException: Error loading proof.
Line 82, goal 21, rule Class_invariant_axiom_for_Stack not available or not applicable in this context.
	at de.uka.ilkd.key.proof.io.IntermediateProofReplayer.reportError(IntermediateProofReplayer.java:779)
Caused by: java.lang.NullPointerException: null
	at java.base/java.util.PriorityQueue.<init>(PriorityQueue.java:224)

168175     WARN  main            d.u.i.k.p.r.p.TestFile    Replay exception de.uka.ilkd.key.proof.io.ProblemLoaderException: Error loading proof.
Line 83, goal 22, rule JML_represents_clause_for_Stack_footprint not available or not applicable in this context.
	at de.uka.ilkd.key.proof.io.IntermediateProofReplayer.reportError(IntermediateProofReplayer.java:779)
Caused by: java.lang.NullPointerException: null
	at java.base/java.util.PriorityQueue.<init>(PriorityQueue.java:224)

168176     WARN  main            d.u.i.k.p.r.p.ForkedTestFileRunner Run failed java.lang.Exception: Exception while loading proof (see cause for details): /home/runner/work/key/key/key.core/../key.ui/examples/heap/SmansEtAl/Stack_size.key.proof
	at de.uka.ilkd.key.proof.runallproofs.proofcollection.TestFile.reloadProof(TestFile.java:314)
Caused by: de.uka.ilkd.key.proof.io.ProblemLoaderException: Error loading proof.
Line 83, goal 22, rule JML_represents_clause_for_Stack_footprint not available or not applicable in this context.
	at de.uka.ilkd.key.proof.io.IntermediateProofReplayer.reportError(IntermediateProofReplayer.java:779)
Caused by: java.lang.NullPointerException: null
	at java.base/java.util.PriorityQueue.<init>(PriorityQueue.java:224)

174460     WARN  main            d.u.i.k.p.r.p.TestFile    Replay exception de.uka.ilkd.key.proof.io.ProblemLoaderException: Error loading proof.
Line 121, goal 60, rule Use Operation Contract not available or not applicable in this context.
	at de.uka.ilkd.key.proof.io.IntermediateProofReplayer.reportError(IntermediateProofReplayer.java:779)
Caused by: java.lang.NullPointerException: null
	at java.base/java.util.PriorityQueue.<init>(PriorityQueue.java:224)

174462     WARN  main            d.u.i.k.p.r.p.ForkedTestFileRunner Run failed java.lang.Exception: Exception while loading proof (see cause for details): /home/runner/work/key/key/key.core/../key.ui/examples/heap/SmansEtAl/Stack_Stack.key.proof
	at de.uka.ilkd.key.proof.runallproofs.proofcollection.TestFile.reloadProof(TestFile.java:314)
Caused by: de.uka.ilkd.key.proof.io.ProblemLoaderException: Error loading proof.
Line 121, goal 60, rule Use Operation Contract not available or not applicable in this context.
	at de.uka.ilkd.key.proof.io.IntermediateProofReplayer.reportError(IntermediateProofReplayer.java:779)
Caused by: java.lang.NullPointerException: null
	at java.base/java.util.PriorityQueue.<init>(PriorityQueue.java:224)

184466     WARN  main            d.u.i.k.p.r.p.TestFile    Replay exception de.uka.ilkd.key.proof.io.ProblemLoaderException: Error loading proof.
Line 85, goal 24, rule JML_represents_clause_for_Stack_footprint not available or not applicable in this context.
	at de.uka.ilkd.key.proof.io.IntermediateProofReplayer.reportError(IntermediateProofReplayer.java:779)
Caused by: java.lang.NullPointerException: null
	at java.base/java.util.PriorityQueue.<init>(PriorityQueue.java:224)

184466     WARN  main            d.u.i.k.p.r.p.ForkedTestFileRunner Run failed java.lang.Exception: Exception while loading proof (see cause for details): /home/runner/work/key/key/key.core/../key.ui/examples/heap/SmansEtAl/Stack_switchContents.key.proof
	at de.uka.ilkd.key.proof.runallproofs.proofcollection.TestFile.reloadProof(TestFile.java:314)
Caused by: de.uka.ilkd.key.proof.io.ProblemLoaderException: Error loading proof.
Line 85, goal 24, rule JML_represents_clause_for_Stack_footprint not available or not applicable in this context.
	at de.uka.ilkd.key.proof.io.IntermediateProofReplayer.reportError(IntermediateProofReplayer.java:779)
Caused by: java.lang.NullPointerException: null
	at java.base/java.util.PriorityQueue.<init>(PriorityQueue.java:224)

384        WARN  main            d.u.i.k.s.ProofSettings   The settings in /home/runner/.key/proof-settings.props are *not* read. 
12960      WARN  main            d.u.i.k.p.r.p.TestFile    Replay exception de.uka.ilkd.key.proof.io.ProblemLoaderException: Error loading proof.
Line 71, goal 10, rule Use Operation Contract not available or not applicable in this context.
	at de.uka.ilkd.key.proof.io.IntermediateProofReplayer.reportError(IntermediateProofReplayer.java:779)
Caused by: java.lang.NullPointerException: null
	at java.base/java.util.PriorityQueue.<init>(PriorityQueue.java:224)

12977      WARN  main            d.u.i.k.p.r.p.ForkedTestFileRunner Run failed java.lang.Exception: Exception while loading proof (see cause for details): /home/runner/work/key/key/key.core/../key.ui/examples/heap/vacid0_01_SparseArray/Harness_sparseArrayTestHarness1.key.proof
	at de.uka.ilkd.key.proof.runallproofs.proofcollection.TestFile.reloadProof(TestFile.java:314)
Caused by: de.uka.ilkd.key.proof.io.ProblemLoaderException: Error loading proof.
Line 71, goal 10, rule Use Operation Contract not available or not applicable in this context.
	at de.uka.ilkd.key.proof.io.IntermediateProofReplayer.reportError(IntermediateProofReplayer.java:779)
Caused by: java.lang.NullPointerException: null
	at java.base/java.util.PriorityQueue.<init>(PriorityQueue.java:224)

26266      WARN  main            d.u.i.k.p.r.p.TestFile    Replay exception de.uka.ilkd.key.proof.io.ProblemLoaderException: Error loading proof.
Line 71, goal 10, rule Use Operation Contract not available or not applicable in this context.
	at de.uka.ilkd.key.proof.io.IntermediateProofReplayer.reportError(IntermediateProofReplayer.java:779)
Caused by: java.lang.NullPointerException: null
	at java.base/java.util.PriorityQueue.<init>(PriorityQueue.java:224)

26267      WARN  main            d.u.i.k.p.r.p.ForkedTestFileRunner Run failed java.lang.Exception: Exception while loading proof (see cause for details): /home/runner/work/key/key/key.core/../key.ui/examples/heap/vacid0_01_SparseArray/Harness_sparseArrayTestHarness2.key.proof
	at de.uka.ilkd.key.proof.runallproofs.proofcollection.TestFile.reloadProof(TestFile.java:314)
Caused by: de.uka.ilkd.key.proof.io.ProblemLoaderException: Error loading proof.
Line 71, goal 10, rule Use Operation Contract not available or not applicable in this context.
	at de.uka.ilkd.key.proof.io.IntermediateProofReplayer.reportError(IntermediateProofReplayer.java:779)
Caused by: java.lang.NullPointerException: null
	at java.base/java.util.PriorityQueue.<init>(PriorityQueue.java:224)

32743      WARN  main            d.u.i.k.p.r.p.TestFile    Replay exception de.uka.ilkd.key.proof.io.ProblemLoaderException: Error loading proof.
Line 118, goal 57, rule ifSplit not available or not applicable in this context.
	at de.uka.ilkd.key.proof.io.IntermediateProofReplayer.reportError(IntermediateProofReplayer.java:779)
Caused by: java.lang.NullPointerException: null
	at java.base/java.util.PriorityQueue.<init>(PriorityQueue.java:224)

32744      WARN  main            d.u.i.k.p.r.p.ForkedTestFileRunner Run failed java.lang.Exception: Exception while loading proof (see cause for details): /home/runner/work/key/key/key.core/../key.ui/examples/heap/vacid0_01_SparseArray/MemoryAllocator_alloc_unsigned.key.proof
	at de.uka.ilkd.key.proof.runallproofs.proofcollection.TestFile.reloadProof(TestFile.java:314)
Caused by: de.uka.ilkd.key.proof.io.ProblemLoaderException: Error loading proof.
Line 118, goal 57, rule ifSplit not available or not applicable in this context.
	at de.uka.ilkd.key.proof.io.IntermediateProofReplayer.reportError(IntermediateProofReplayer.java:779)
Caused by: java.lang.NullPointerException: null
	at java.base/java.util.PriorityQueue.<init>(PriorityQueue.java:224)

38805      WARN  main            d.u.i.k.p.r.p.TestFile    Replay exception de.uka.ilkd.key.proof.io.ProblemLoaderException: Error loading proof.
Line 92, goal 31, rule ifSplit not available or not applicable in this context.
	at de.uka.ilkd.key.proof.io.IntermediateProofReplayer.reportError(IntermediateProofReplayer.java:779)
Caused by: java.lang.NullPointerException: null
	at java.base/java.util.PriorityQueue.<init>(PriorityQueue.java:224)

38806      WARN  main            d.u.i.k.p.r.p.ForkedTestFileRunner Run failed java.lang.Exception: Exception while loading proof (see cause for details): /home/runner/work/key/key/key.core/../key.ui/examples/heap/vacid0_01_SparseArray/MemoryAllocator_alloc.key.proof
	at de.uka.ilkd.key.proof.runallproofs.proofcollection.TestFile.reloadProof(TestFile.java:314)
Caused by: de.uka.ilkd.key.proof.io.ProblemLoaderException: Error loading proof.
Line 92, goal 31, rule ifSplit not available or not applicable in this context.
	at de.uka.ilkd.key.proof.io.IntermediateProofReplayer.reportError(IntermediateProofReplayer.java:779)
Caused by: java.lang.NullPointerException: null
	at java.base/java.util.PriorityQueue.<init>(PriorityQueue.java:224)

46568      WARN  main            d.u.i.k.p.r.p.TestFile    Replay exception de.uka.ilkd.key.proof.io.ProblemLoaderException: Error loading proof.
Line 94, goal 33, rule Class_invariant_axiom_for_SparseArray not available or not applicable in this context.
	at de.uka.ilkd.key.proof.io.IntermediateProofReplayer.reportError(IntermediateProofReplayer.java:779)
Caused by: java.lang.NullPointerException: null
	at java.base/java.util.PriorityQueue.<init>(PriorityQueue.java:224)

46569      WARN  main            d.u.i.k.p.r.p.ForkedTestFileRunner Run failed java.lang.Exception: Exception while loading proof (see cause for details): /home/runner/work/key/key/key.core/../key.ui/examples/heap/vacid0_01_SparseArray/SparseArray_get_dep.key.proof
	at de.uka.ilkd.key.proof.runallproofs.proofcollection.TestFile.reloadProof(TestFile.java:314)
Caused by: de.uka.ilkd.key.proof.io.ProblemLoaderException: Error loading proof.
Line 94, goal 33, rule Class_invariant_axiom_for_SparseArray not available or not applicable in this context.
	at de.uka.ilkd.key.proof.io.IntermediateProofReplayer.reportError(IntermediateProofReplayer.java:779)
Caused by: java.lang.NullPointerException: null
	at java.base/java.util.PriorityQueue.<init>(PriorityQueue.java:224)

54170      WARN  main            d.u.i.k.p.r.p.TestFile    Replay exception de.uka.ilkd.key.proof.io.ProblemLoaderException: Error loading proof.
Line 83, goal 22, rule Class_invariant_axiom_for_SparseArray not available or not applicable in this context.
	at de.uka.ilkd.key.proof.io.IntermediateProofReplayer.reportError(IntermediateProofReplayer.java:779)
Caused by: java.lang.NullPointerException: null
	at java.base/java.util.PriorityQueue.<init>(PriorityQueue.java:224)

54172      WARN  main            d.u.i.k.p.r.p.ForkedTestFileRunner Run failed java.lang.Exception: Exception while loading proof (see cause for details): /home/runner/work/key/key/key.core/../key.ui/examples/heap/vacid0_01_SparseArray/SparseArray_get.key.proof
	at de.uka.ilkd.key.proof.runallproofs.proofcollection.TestFile.reloadProof(TestFile.java:314)
Caused by: de.uka.ilkd.key.proof.io.ProblemLoaderException: Error loading proof.
Line 83, goal 22, rule Class_invariant_axiom_for_SparseArray not available or not applicable in this context.
	at de.uka.ilkd.key.proof.io.IntermediateProofReplayer.reportError(IntermediateProofReplayer.java:779)
Caused by: java.lang.NullPointerException: null
	at java.base/java.util.PriorityQueue.<init>(PriorityQueue.java:224)

61506      WARN  main            d.u.i.k.p.r.p.TestFile    Replay exception de.uka.ilkd.key.proof.io.ProblemLoaderException: Error loading proof.
Line 74, goal 13, rule Class_invariant_axiom_for_SparseArray not available or not applicable in this context.
	at de.uka.ilkd.key.proof.io.IntermediateProofReplayer.reportError(IntermediateProofReplayer.java:779)
Caused by: java.lang.NullPointerException: null
	at java.base/java.util.PriorityQueue.<init>(PriorityQueue.java:224)

61507      WARN  main            d.u.i.k.p.r.p.ForkedTestFileRunner Run failed java.lang.Exception: Exception while loading proof (see cause for details): /home/runner/work/key/key/key.core/../key.ui/examples/heap/vacid0_01_SparseArray/SparseArray_inv.key.proof
	at de.uka.ilkd.key.proof.runallproofs.proofcollection.TestFile.reloadProof(TestFile.java:314)
Caused by: de.uka.ilkd.key.proof.io.ProblemLoaderException: Error loading proof.
Line 74, goal 13, rule Class_invariant_axiom_for_SparseArray not available or not applicable in this context.
	at de.uka.ilkd.key.proof.io.IntermediateProofReplayer.reportError(IntermediateProofReplayer.java:779)
Caused by: java.lang.NullPointerException: null
	at java.base/java.util.PriorityQueue.<init>(PriorityQueue.java:224)

70076      WARN  main            d.u.i.k.p.r.p.TestFile    Replay exception de.uka.ilkd.key.proof.io.ProblemLoaderException: Error loading proof.
Line 173, goal 112, rule Use Operation Contract not available or not applicable in this context.
	at de.uka.ilkd.key.proof.io.IntermediateProofReplayer.reportError(IntermediateProofReplayer.java:779)
Caused by: java.lang.NullPointerException: null
	at java.base/java.util.PriorityQueue.<init>(PriorityQueue.java:224)

70077      WARN  main            d.u.i.k.p.r.p.ForkedTestFileRunner Run failed java.lang.Exception: Exception while loading proof (see cause for details): /home/runner/work/key/key/key.core/../key.ui/examples/heap/vacid0_01_SparseArray/SparseArray_SparseArray.key.proof
	at de.uka.ilkd.key.proof.runallproofs.proofcollection.TestFile.reloadProof(TestFile.java:314)
Caused by: de.uka.ilkd.key.proof.io.ProblemLoaderException: Error loading proof.
Line 173, goal 112, rule Use Operation Contract not available or not applicable in this context.
	at de.uka.ilkd.key.proof.io.IntermediateProofReplayer.reportError(IntermediateProofReplayer.java:779)
Caused by: java.lang.NullPointerException: null
	at java.base/java.util.PriorityQueue.<init>(PriorityQueue.java:224)

330        WARN  main            d.u.i.k.s.ProofSettings   The settings in /home/runner/.key/proof-settings.props are *not* read. 
15588      WARN  main            d.u.i.k.p.r.p.TestFile    Replay exception de.uka.ilkd.key.proof.io.ProblemLoaderException: Error loading proof.
Line 151, goal 90, rule Class_invariant_axiom_for_SumAndMax not available or not applicable in this context.
	at de.uka.ilkd.key.proof.io.IntermediateProofReplayer.reportError(IntermediateProofReplayer.java:779)
Caused by: java.lang.NullPointerException: null
	at java.base/java.util.PriorityQueue.<init>(PriorityQueue.java:224)

15594      WARN  main            d.u.i.k.p.r.p.ForkedTestFileRunner Run failed java.lang.Exception: Exception while loading proof (see cause for details): /home/runner/work/key/key/key.core/../key.ui/examples/heap/vstte10_01_SumAndMax/SumAndMax_sumAndMax.key.proof
	at de.uka.ilkd.key.proof.runallproofs.proofcollection.TestFile.reloadProof(TestFile.java:314)
Caused by: de.uka.ilkd.key.proof.io.ProblemLoaderException: Error loading proof.
Line 151, goal 90, rule Class_invariant_axiom_for_SumAndMax not available or not applicable in this context.
	at de.uka.ilkd.key.proof.io.IntermediateProofReplayer.reportError(IntermediateProofReplayer.java:779)
Caused by: java.lang.NullPointerException: null
	at java.base/java.util.PriorityQueue.<init>(PriorityQueue.java:224)

22796      WARN  main            d.u.i.k.p.r.p.TestFile    Replay exception de.uka.ilkd.key.proof.io.ProblemLoaderException: Error loading proof.
Line 134, goal 73, rule assignment_write_attribute not available or not applicable in this context.
	at de.uka.ilkd.key.proof.io.IntermediateProofReplayer.reportError(IntermediateProofReplayer.java:779)
Caused by: java.lang.NullPointerException: null
	at java.base/java.util.PriorityQueue.<init>(PriorityQueue.java:224)

22797      WARN  main            d.u.i.k.p.r.p.ForkedTestFileRunner Run failed java.lang.Exception: Exception while loading proof (see cause for details): /home/runner/work/key/key/key.core/../key.ui/examples/heap/vstte10_03_LinkedList/Node_cons.key.proof
	at de.uka.ilkd.key.proof.runallproofs.proofcollection.TestFile.reloadProof(TestFile.java:314)
Caused by: de.uka.ilkd.key.proof.io.ProblemLoaderException: Error loading proof.
Line 134, goal 73, rule assignment_write_attribute not available or not applicable in this context.
	at de.uka.ilkd.key.proof.io.IntermediateProofReplayer.reportError(IntermediateProofReplayer.java:779)
Caused by: java.lang.NullPointerException: null
	at java.base/java.util.PriorityQueue.<init>(PriorityQueue.java:224)

28478      WARN  main            d.u.i.k.p.r.p.TestFile    Replay exception de.uka.ilkd.key.proof.io.ProblemLoaderException: Error loading proof.
Line 73, goal 12, rule Class_invariant_axiom_for_Node not available or not applicable in this context.
	at de.uka.ilkd.key.proof.io.IntermediateProofReplayer.reportError(IntermediateProofReplayer.java:779)
Caused by: java.lang.NullPointerException: null
	at java.base/java.util.PriorityQueue.<init>(PriorityQueue.java:224)

28479      WARN  main            d.u.i.k.p.r.p.ForkedTestFileRunner Run failed java.lang.Exception: Exception while loading proof (see cause for details): /home/runner/work/key/key/key.core/../key.ui/examples/heap/vstte10_03_LinkedList/Node_inv.key.proof
	at de.uka.ilkd.key.proof.runallproofs.proofcollection.TestFile.reloadProof(TestFile.java:314)
Caused by: de.uka.ilkd.key.proof.io.ProblemLoaderException: Error loading proof.
Line 73, goal 12, rule Class_invariant_axiom_for_Node not available or not applicable in this context.
	at de.uka.ilkd.key.proof.io.IntermediateProofReplayer.reportError(IntermediateProofReplayer.java:779)
Caused by: java.lang.NullPointerException: null
	at java.base/java.util.PriorityQueue.<init>(PriorityQueue.java:224)

39862      WARN  main            d.u.i.k.p.r.p.TestFile    Replay exception de.uka.ilkd.key.proof.io.ProblemLoaderException: Error loading proof.
Line 106, goal 45, rule Class_invariant_axiom_for_Node not available or not applicable in this context.
	at de.uka.ilkd.key.proof.io.IntermediateProofReplayer.reportError(IntermediateProofReplayer.java:779)
Caused by: java.lang.NullPointerException: null
	at java.base/java.util.PriorityQueue.<init>(PriorityQueue.java:224)

39863      WARN  main            d.u.i.k.p.r.p.ForkedTestFileRunner Run failed java.lang.Exception: Exception while loading proof (see cause for details): /home/runner/work/key/key/key.core/../key.ui/examples/heap/vstte10_03_LinkedList/Node_search.key.proof
	at de.uka.ilkd.key.proof.runallproofs.proofcollection.TestFile.reloadProof(TestFile.java:314)
Caused by: de.uka.ilkd.key.proof.io.ProblemLoaderException: Error loading proof.
Line 106, goal 45, rule Class_invariant_axiom_for_Node not available or not applicable in this context.
	at de.uka.ilkd.key.proof.io.IntermediateProofReplayer.reportError(IntermediateProofReplayer.java:779)
Caused by: java.lang.NullPointerException: null
	at java.base/java.util.PriorityQueue.<init>(PriorityQueue.java:224)

47388      WARN  main            d.u.i.k.p.r.p.TestFile    Replay exception de.uka.ilkd.key.proof.io.ProblemLoaderException: Error loading proof.
Line 150, goal 89, rule loopScopeInvDia not available or not applicable in this context.
	at de.uka.ilkd.key.proof.io.IntermediateProofReplayer.reportError(IntermediateProofReplayer.java:779)
Caused by: java.lang.NullPointerException: null
	at java.base/java.util.PriorityQueue.<init>(PriorityQueue.java:224)

47389      WARN  main            d.u.i.k.p.r.p.ForkedTestFileRunner Run failed java.lang.Exception: Exception while loading proof (see cause for details): /home/runner/work/key/key/key.core/../key.ui/examples/heap/vstte10_04_Queens/Queens_isConsistent.key.proof
	at de.uka.ilkd.key.proof.runallproofs.proofcollection.TestFile.reloadProof(TestFile.java:314)
Caused by: de.uka.ilkd.key.proof.io.ProblemLoaderException: Error loading proof.
Line 150, goal 89, rule loopScopeInvDia not available or not applicable in this context.
	at de.uka.ilkd.key.proof.io.IntermediateProofReplayer.reportError(IntermediateProofReplayer.java:779)
Caused by: java.lang.NullPointerException: null
	at java.base/java.util.PriorityQueue.<init>(PriorityQueue.java:224)

64752      WARN  main            d.u.i.k.p.r.p.TestFile    Replay exception de.uka.ilkd.key.proof.io.ProblemLoaderException: Error loading proof.
Line 327, goal 266, rule ifSplit not available or not applicable in this context.
	at de.uka.ilkd.key.proof.io.IntermediateProofReplayer.reportError(IntermediateProofReplayer.java:779)
Caused by: java.lang.NullPointerException: null
	at java.base/java.util.PriorityQueue.<init>(PriorityQueue.java:224)

64753      WARN  main            d.u.i.k.p.r.p.ForkedTestFileRunner Run failed java.lang.Exception: Exception while loading proof (see cause for details): /home/runner/work/key/key/key.core/../key.ui/examples/heap/vstte10_04_Queens/Queens_nQueens.key.proof
	at de.uka.ilkd.key.proof.runallproofs.proofcollection.TestFile.reloadProof(TestFile.java:314)
Caused by: de.uka.ilkd.key.proof.io.ProblemLoaderException: Error loading proof.
Line 327, goal 266, rule ifSplit not available or not applicable in this context.
	at de.uka.ilkd.key.proof.io.IntermediateProofReplayer.reportError(IntermediateProofReplayer.java:779)
Caused by: java.lang.NullPointerException: null
	at java.base/java.util.PriorityQueue.<init>(PriorityQueue.java:224)

71560      WARN  main            d.u.i.k.p.r.p.TestFile    Replay exception de.uka.ilkd.key.proof.io.ProblemLoaderException: Error loading proof.
Line 131, goal 70, rule Use Operation Contract not available or not applicable in this context.
	at de.uka.ilkd.key.proof.io.IntermediateProofReplayer.reportError(IntermediateProofReplayer.java:779)
Caused by: java.lang.NullPointerException: null
	at java.base/java.util.PriorityQueue.<init>(PriorityQueue.java:224)

71561      WARN  main            d.u.i.k.p.r.p.ForkedTestFileRunner Run failed java.lang.Exception: Exception while loading proof (see cause for details): /home/runner/work/key/key/key.core/../key.ui/examples/heap/vstte10_05_Queue/AmortizedQueue_AmortizedQueue.key.proof
	at de.uka.ilkd.key.proof.runallproofs.proofcollection.TestFile.reloadProof(TestFile.java:314)
Caused by: de.uka.ilkd.key.proof.io.ProblemLoaderException: Error loading proof.
Line 131, goal 70, rule Use Operation Contract not available or not applicable in this context.
	at de.uka.ilkd.key.proof.io.IntermediateProofReplayer.reportError(IntermediateProofReplayer.java:779)
Caused by: java.lang.NullPointerException: null
	at java.base/java.util.PriorityQueue.<init>(PriorityQueue.java:224)

77359      WARN  main            d.u.i.k.p.r.p.TestFile    Replay exception de.uka.ilkd.key.proof.io.ProblemLoaderException: Error loading proof.
Line 75, goal 14, rule Class_invariant_axiom_for_AmortizedQueue not available or not applicable in this context.
	at de.uka.ilkd.key.proof.io.IntermediateProofReplayer.reportError(IntermediateProofReplayer.java:779)
Caused by: java.lang.NullPointerException: null
	at java.base/java.util.PriorityQueue.<init>(PriorityQueue.java:224)

77360      WARN  main            d.u.i.k.p.r.p.ForkedTestFileRunner Run failed java.lang.Exception: Exception while loading proof (see cause for details): /home/runner/work/key/key/key.core/../key.ui/examples/heap/vstte10_05_Queue/AmortizedQueue_front.key.proof
	at de.uka.ilkd.key.proof.runallproofs.proofcollection.TestFile.reloadProof(TestFile.java:314)
Caused by: de.uka.ilkd.key.proof.io.ProblemLoaderException: Error loading proof.
Line 75, goal 14, rule Class_invariant_axiom_for_AmortizedQueue not available or not applicable in this context.
	at de.uka.ilkd.key.proof.io.IntermediateProofReplayer.reportError(IntermediateProofReplayer.java:779)
Caused by: java.lang.NullPointerException: null
	at java.base/java.util.PriorityQueue.<init>(PriorityQueue.java:224)

90772      WARN  main            d.u.i.k.p.r.p.TestFile    Replay exception de.uka.ilkd.key.proof.io.ProblemLoaderException: Error loading proof.
Line 80, goal 19, rule Class_invariant_axiom_for_LinkedList not available or not applicable in this context.
	at de.uka.ilkd.key.proof.io.IntermediateProofReplayer.reportError(IntermediateProofReplayer.java:779)
Caused by: java.lang.NullPointerException: null
	at java.base/java.util.PriorityQueue.<init>(PriorityQueue.java:224)

90773      WARN  main            d.u.i.k.p.r.p.ForkedTestFileRunner Run failed java.lang.Exception: Exception while loading proof (see cause for details): /home/runner/work/key/key/key.core/../key.ui/examples/heap/vstte10_05_Queue/LinkedList_concat.key.proof
	at de.uka.ilkd.key.proof.runallproofs.proofcollection.TestFile.reloadProof(TestFile.java:314)
Caused by: de.uka.ilkd.key.proof.io.ProblemLoaderException: Error loading proof.
Line 80, goal 19, rule Class_invariant_axiom_for_LinkedList not available or not applicable in this context.
	at de.uka.ilkd.key.proof.io.IntermediateProofReplayer.reportError(IntermediateProofReplayer.java:779)
Caused by: java.lang.NullPointerException: null
	at java.base/java.util.PriorityQueue.<init>(PriorityQueue.java:224)

98344      WARN  main            d.u.i.k.p.r.p.TestFile    Replay exception de.uka.ilkd.key.proof.io.ProblemLoaderException: Error loading proof.
Line 75, goal 14, rule Class_invariant_axiom_for_LinkedList not available or not applicable in this context.
	at de.uka.ilkd.key.proof.io.IntermediateProofReplayer.reportError(IntermediateProofReplayer.java:779)
Caused by: java.lang.NullPointerException: null
	at java.base/java.util.PriorityQueue.<init>(PriorityQueue.java:224)

98345      WARN  main            d.u.i.k.p.r.p.ForkedTestFileRunner Run failed java.lang.Exception: Exception while loading proof (see cause for details): /home/runner/work/key/key/key.core/../key.ui/examples/heap/vstte10_05_Queue/LinkedList_cons.key.proof
	at de.uka.ilkd.key.proof.runallproofs.proofcollection.TestFile.reloadProof(TestFile.java:314)
Caused by: de.uka.ilkd.key.proof.io.ProblemLoaderException: Error loading proof.
Line 75, goal 14, rule Class_invariant_axiom_for_LinkedList not available or not applicable in this context.
	at de.uka.ilkd.key.proof.io.IntermediateProofReplayer.reportError(IntermediateProofReplayer.java:779)
Caused by: java.lang.NullPointerException: null
	at java.base/java.util.PriorityQueue.<init>(PriorityQueue.java:224)

103801     WARN  main            d.u.i.k.p.r.p.TestFile    Replay exception de.uka.ilkd.key.proof.io.ProblemLoaderException: Error loading proof.
Line 75, goal 14, rule Class_invariant_axiom_for_LinkedList not available or not applicable in this context.
	at de.uka.ilkd.key.proof.io.IntermediateProofReplayer.reportError(IntermediateProofReplayer.java:779)
Caused by: java.lang.NullPointerException: null
	at java.base/java.util.PriorityQueue.<init>(PriorityQueue.java:224)

103802     WARN  main            d.u.i.k.p.r.p.ForkedTestFileRunner Run failed java.lang.Exception: Exception while loading proof (see cause for details): /home/runner/work/key/key/key.core/../key.ui/examples/heap/vstte10_05_Queue/LinkedList_head.key.proof
	at de.uka.ilkd.key.proof.runallproofs.proofcollection.TestFile.reloadProof(TestFile.java:314)
Caused by: de.uka.ilkd.key.proof.io.ProblemLoaderException: Error loading proof.
Line 75, goal 14, rule Class_invariant_axiom_for_LinkedList not available or not applicable in this context.
	at de.uka.ilkd.key.proof.io.IntermediateProofReplayer.reportError(IntermediateProofReplayer.java:779)
Caused by: java.lang.NullPointerException: null
	at java.base/java.util.PriorityQueue.<init>(PriorityQueue.java:224)

109508     WARN  main            d.u.i.k.p.r.p.TestFile    Replay exception de.uka.ilkd.key.proof.io.ProblemLoaderException: Error loading proof.
Line 73, goal 12, rule Class_invariant_axiom_for_LinkedList not available or not applicable in this context.
	at de.uka.ilkd.key.proof.io.IntermediateProofReplayer.reportError(IntermediateProofReplayer.java:779)
Caused by: java.lang.NullPointerException: null
	at java.base/java.util.PriorityQueue.<init>(PriorityQueue.java:224)

109509     WARN  main            d.u.i.k.p.r.p.ForkedTestFileRunner Run failed java.lang.Exception: Exception while loading proof (see cause for details): /home/runner/work/key/key/key.core/../key.ui/examples/heap/vstte10_05_Queue/LinkedList_inv.key.proof
	at de.uka.ilkd.key.proof.runallproofs.proofcollection.TestFile.reloadProof(TestFile.java:314)
Caused by: de.uka.ilkd.key.proof.io.ProblemLoaderException: Error loading proof.
Line 73, goal 12, rule Class_invariant_axiom_for_LinkedList not available or not applicable in this context.
	at de.uka.ilkd.key.proof.io.IntermediateProofReplayer.reportError(IntermediateProofReplayer.java:779)
Caused by: java.lang.NullPointerException: null
	at java.base/java.util.PriorityQueue.<init>(PriorityQueue.java:224)

114999     WARN  main            d.u.i.k.p.r.p.TestFile    Replay exception de.uka.ilkd.key.proof.io.ProblemLoaderException: Error loading proof.
Line 73, goal 12, rule Class_invariant_axiom_for_LinkedList not available or not applicable in this context.
	at de.uka.ilkd.key.proof.io.IntermediateProofReplayer.reportError(IntermediateProofReplayer.java:779)
Caused by: java.lang.NullPointerException: null
	at java.base/java.util.PriorityQueue.<init>(PriorityQueue.java:224)

115000     WARN  main            d.u.i.k.p.r.p.ForkedTestFileRunner Run failed java.lang.Exception: Exception while loading proof (see cause for details): /home/runner/work/key/key/key.core/../key.ui/examples/heap/vstte10_05_Queue/LinkedList_length.key.proof
	at de.uka.ilkd.key.proof.runallproofs.proofcollection.TestFile.reloadProof(TestFile.java:314)
Caused by: de.uka.ilkd.key.proof.io.ProblemLoaderException: Error loading proof.
Line 73, goal 12, rule Class_invariant_axiom_for_LinkedList not available or not applicable in this context.
	at de.uka.ilkd.key.proof.io.IntermediateProofReplayer.reportError(IntermediateProofReplayer.java:779)
Caused by: java.lang.NullPointerException: null
	at java.base/java.util.PriorityQueue.<init>(PriorityQueue.java:224)

122407     WARN  main            d.u.i.k.p.r.p.TestFile    Replay exception de.uka.ilkd.key.proof.io.ProblemLoaderException: Error loading proof.
Line 173, goal 112, rule Use Operation Contract not available or not applicable in this context.
	at de.uka.ilkd.key.proof.io.IntermediateProofReplayer.reportError(IntermediateProofReplayer.java:779)
Caused by: java.lang.NullPointerException: null
	at java.base/java.util.PriorityQueue.<init>(PriorityQueue.java:224)

122408     WARN  main            d.u.i.k.p.r.p.ForkedTestFileRunner Run failed java.lang.Exception: Exception while loading proof (see cause for details): /home/runner/work/key/key/key.core/../key.ui/examples/heap/vstte10_05_Queue/LinkedList_LinkedList1.key.proof
	at de.uka.ilkd.key.proof.runallproofs.proofcollection.TestFile.reloadProof(TestFile.java:314)
Caused by: de.uka.ilkd.key.proof.io.ProblemLoaderException: Error loading proof.
Line 173, goal 112, rule Use Operation Contract not available or not applicable in this context.
	at de.uka.ilkd.key.proof.io.IntermediateProofReplayer.reportError(IntermediateProofReplayer.java:779)
Caused by: java.lang.NullPointerException: null
	at java.base/java.util.PriorityQueue.<init>(PriorityQueue.java:224)

129808     WARN  main            d.u.i.k.p.r.p.TestFile    Replay exception de.uka.ilkd.key.proof.io.ProblemLoaderException: Error loading proof.
Line 173, goal 112, rule Use Operation Contract not available or not applicable in this context.
	at de.uka.ilkd.key.proof.io.IntermediateProofReplayer.reportError(IntermediateProofReplayer.java:779)
Caused by: java.lang.NullPointerException: null
	at java.base/java.util.PriorityQueue.<init>(PriorityQueue.java:224)

129808     WARN  main            d.u.i.k.p.r.p.ForkedTestFileRunner Run failed java.lang.Exception: Exception while loading proof (see cause for details): /home/runner/work/key/key/key.core/../key.ui/examples/heap/vstte10_05_Queue/LinkedList_LinkedList2.key.proof
	at de.uka.ilkd.key.proof.runallproofs.proofcollection.TestFile.reloadProof(TestFile.java:314)
Caused by: de.uka.ilkd.key.proof.io.ProblemLoaderException: Error loading proof.
Line 173, goal 112, rule Use Operation Contract not available or not applicable in this context.
	at de.uka.ilkd.key.proof.io.IntermediateProofReplayer.reportError(IntermediateProofReplayer.java:779)
Caused by: java.lang.NullPointerException: null
	at java.base/java.util.PriorityQueue.<init>(PriorityQueue.java:224)

137558     WARN  main            d.u.i.k.p.r.p.TestFile    Replay exception de.uka.ilkd.key.proof.io.ProblemLoaderException: Error loading proof.
Line 169, goal 108, rule Use Operation Contract not available or not applicable in this context.
	at de.uka.ilkd.key.proof.io.IntermediateProofReplayer.reportError(IntermediateProofReplayer.java:779)
Caused by: java.lang.NullPointerException: null
	at java.base/java.util.PriorityQueue.<init>(PriorityQueue.java:224)

137559     WARN  main            d.u.i.k.p.r.p.ForkedTestFileRunner Run failed java.lang.Exception: Exception while loading proof (see cause for details): /home/runner/work/key/key/key.core/../key.ui/examples/heap/vstte10_05_Queue/LinkedList_LinkedList3.key.proof
	at de.uka.ilkd.key.proof.runallproofs.proofcollection.TestFile.reloadProof(TestFile.java:314)
Caused by: de.uka.ilkd.key.proof.io.ProblemLoaderException: Error loading proof.
Line 169, goal 108, rule Use Operation Contract not available or not applicable in this context.
	at de.uka.ilkd.key.proof.io.IntermediateProofReplayer.reportError(IntermediateProofReplayer.java:779)
Caused by: java.lang.NullPointerException: null
	at java.base/java.util.PriorityQueue.<init>(PriorityQueue.java:224)

151299     WARN  main            d.u.i.k.p.r.p.TestFile    Replay exception de.uka.ilkd.key.proof.io.ProblemLoaderException: Error loading proof.
Line 74, goal 13, rule Class_invariant_axiom_for_LinkedList not available or not applicable in this context.
	at de.uka.ilkd.key.proof.io.IntermediateProofReplayer.reportError(IntermediateProofReplayer.java:779)
Caused by: java.lang.NullPointerException: null
	at java.base/java.util.PriorityQueue.<init>(PriorityQueue.java:224)

151300     WARN  main            d.u.i.k.p.r.p.ForkedTestFileRunner Run failed java.lang.Exception: Exception while loading proof (see cause for details): /home/runner/work/key/key/key.core/../key.ui/examples/heap/vstte10_05_Queue/LinkedList_reverse.key.proof
	at de.uka.ilkd.key.proof.runallproofs.proofcollection.TestFile.reloadProof(TestFile.java:314)
Caused by: de.uka.ilkd.key.proof.io.ProblemLoaderException: Error loading proof.
Line 74, goal 13, rule Class_invariant_axiom_for_LinkedList not available or not applicable in this context.
	at de.uka.ilkd.key.proof.io.IntermediateProofReplayer.reportError(IntermediateProofReplayer.java:779)
Caused by: java.lang.NullPointerException: null
	at java.base/java.util.PriorityQueue.<init>(PriorityQueue.java:224)

157209     WARN  main            d.u.i.k.p.r.p.TestFile    Replay exception de.uka.ilkd.key.proof.io.ProblemLoaderException: Error loading proof.
Line 74, goal 13, rule Class_invariant_axiom_for_LinkedList not available or not applicable in this context.
	at de.uka.ilkd.key.proof.io.IntermediateProofReplayer.reportError(IntermediateProofReplayer.java:779)
Caused by: java.lang.NullPointerException: null
	at java.base/java.util.PriorityQueue.<init>(PriorityQueue.java:224)

157210     WARN  main            d.u.i.k.p.r.p.ForkedTestFileRunner Run failed java.lang.Exception: Exception while loading proof (see cause for details): /home/runner/work/key/key/key.core/../key.ui/examples/heap/vstte10_05_Queue/LinkedList_tail.key.proof
	at de.uka.ilkd.key.proof.runallproofs.proofcollection.TestFile.reloadProof(TestFile.java:314)
Caused by: de.uka.ilkd.key.proof.io.ProblemLoaderException: Error loading proof.
Line 74, goal 13, rule Class_invariant_axiom_for_LinkedList not available or not applicable in this context.
	at de.uka.ilkd.key.proof.io.IntermediateProofReplayer.reportError(IntermediateProofReplayer.java:779)
Caused by: java.lang.NullPointerException: null
	at java.base/java.util.PriorityQueue.<init>(PriorityQueue.java:224)

430        WARN  main            d.u.i.k.s.ProofSettings   The settings in /home/runner/.key/proof-settings.props are *not* read. 
12749      WARN  main            d.u.i.k.p.r.p.TestFile    Replay exception de.uka.ilkd.key.proof.io.ProblemLoaderException: Error loading proof.
Line 83, goal 22, rule Class_invariant_axiom_for_AddAndMultiply not available or not applicable in this context.
	at de.uka.ilkd.key.proof.io.IntermediateProofReplayer.reportError(IntermediateProofReplayer.java:779)
Caused by: java.lang.NullPointerException: null
	at java.base/java.util.PriorityQueue.<init>(PriorityQueue.java:224)

12755      WARN  main            d.u.i.k.p.r.p.ForkedTestFileRunner Run failed java.lang.Exception: Exception while loading proof (see cause for details): /home/runner/work/key/key/key.core/../key.ui/examples/heap/WeideEtAl_01_AddAndMultiply/AddAndMultiply_add.key.proof
	at de.uka.ilkd.key.proof.runallproofs.proofcollection.TestFile.reloadProof(TestFile.java:314)
Caused by: de.uka.ilkd.key.proof.io.ProblemLoaderException: Error loading proof.
Line 83, goal 22, rule Class_invariant_axiom_for_AddAndMultiply not available or not applicable in this context.
	at de.uka.ilkd.key.proof.io.IntermediateProofReplayer.reportError(IntermediateProofReplayer.java:779)
Caused by: java.lang.NullPointerException: null
	at java.base/java.util.PriorityQueue.<init>(PriorityQueue.java:224)

18585      WARN  main            d.u.i.k.p.r.p.TestFile    Replay exception de.uka.ilkd.key.proof.io.ProblemLoaderException: Error loading proof.
Line 82, goal 21, rule Class_invariant_axiom_for_AddAndMultiply not available or not applicable in this context.
	at de.uka.ilkd.key.proof.io.IntermediateProofReplayer.reportError(IntermediateProofReplayer.java:779)
Caused by: java.lang.NullPointerException: null
	at java.base/java.util.PriorityQueue.<init>(PriorityQueue.java:224)

18586      WARN  main            d.u.i.k.p.r.p.ForkedTestFileRunner Run failed java.lang.Exception: Exception while loading proof (see cause for details): /home/runner/work/key/key/key.core/../key.ui/examples/heap/WeideEtAl_01_AddAndMultiply/AddAndMultiply_mul.key.proof
	at de.uka.ilkd.key.proof.runallproofs.proofcollection.TestFile.reloadProof(TestFile.java:314)
Caused by: de.uka.ilkd.key.proof.io.ProblemLoaderException: Error loading proof.
Line 82, goal 21, rule Class_invariant_axiom_for_AddAndMultiply not available or not applicable in this context.
	at de.uka.ilkd.key.proof.io.IntermediateProofReplayer.reportError(IntermediateProofReplayer.java:779)
Caused by: java.lang.NullPointerException: null
	at java.base/java.util.PriorityQueue.<init>(PriorityQueue.java:224)

26819      WARN  main            d.u.i.k.p.r.p.TestFile    Replay exception de.uka.ilkd.key.proof.io.ProblemLoaderException: Error loading proof.
Line 137, goal 76, rule assignment_read_length not available or not applicable in this context.
	at de.uka.ilkd.key.proof.io.IntermediateProofReplayer.reportError(IntermediateProofReplayer.java:779)
Caused by: java.lang.NullPointerException: null
	at java.base/java.util.PriorityQueue.<init>(PriorityQueue.java:224)

26820      WARN  main            d.u.i.k.p.r.p.ForkedTestFileRunner Run failed java.lang.Exception: Exception while loading proof (see cause for details): /home/runner/work/key/key/key.core/../key.ui/examples/heap/WeideEtAl_02_BinarySearch/BinarySearch_search.key.proof
	at de.uka.ilkd.key.proof.runallproofs.proofcollection.TestFile.reloadProof(TestFile.java:314)
Caused by: de.uka.ilkd.key.proof.io.ProblemLoaderException: Error loading proof.
Line 137, goal 76, rule assignment_read_length not available or not applicable in this context.
	at de.uka.ilkd.key.proof.io.IntermediateProofReplayer.reportError(IntermediateProofReplayer.java:779)
Caused by: java.lang.NullPointerException: null
	at java.base/java.util.PriorityQueue.<init>(PriorityQueue.java:224)

396        WARN  main            d.u.i.k.s.ProofSettings   The settings in /home/runner/.key/proof-settings.props are *not* read. 
26569      WARN  main            d.u.i.k.p.r.p.TestFile    Replay exception de.uka.ilkd.key.proof.io.ProblemLoaderException: Error loading proof.
Line 144, goal 71, rule ifthenelse_split_for not available or not applicable in this context.
	at de.uka.ilkd.key.proof.io.IntermediateProofReplayer.reportError(IntermediateProofReplayer.java:779)
Caused by: java.lang.NullPointerException: null
	at java.base/java.util.PriorityQueue.<init>(PriorityQueue.java:224)

26572      WARN  main            d.u.i.k.p.r.p.ForkedTestFileRunner Run failed java.lang.Exception: Exception while loading proof (see cause for details): /home/runner/work/key/key/key.core/../key.ui/examples/standard_key/arith/check_jdiv.key.proof
	at de.uka.ilkd.key.proof.runallproofs.proofcollection.TestFile.reloadProof(TestFile.java:314)
Caused by: de.uka.ilkd.key.proof.io.ProblemLoaderException: Error loading proof.
Line 144, goal 71, rule ifthenelse_split_for not available or not applicable in this context.
	at de.uka.ilkd.key.proof.io.IntermediateProofReplayer.reportError(IntermediateProofReplayer.java:779)
Caused by: java.lang.NullPointerException: null
	at java.base/java.util.PriorityQueue.<init>(PriorityQueue.java:224)

39516      WARN  main            d.u.i.k.p.r.p.TestFile    Replay exception de.uka.ilkd.key.proof.io.ProblemLoaderException: Error loading proof.
Line 185, goal 95, rule ifthenelse_split_for not available or not applicable in this context.
	at de.uka.ilkd.key.proof.io.IntermediateProofReplayer.reportError(IntermediateProofReplayer.java:779)
Caused by: java.lang.NullPointerException: null
	at java.base/java.util.PriorityQueue.<init>(PriorityQueue.java:224)

39517      WARN  main            d.u.i.k.p.r.p.ForkedTestFileRunner Run failed java.lang.Exception: Exception while loading proof (see cause for details): /home/runner/work/key/key/key.core/../key.ui/examples/standard_key/arith/check_jdiv_instantiated.key.proof
	at de.uka.ilkd.key.proof.runallproofs.proofcollection.TestFile.reloadProof(TestFile.java:314)
Caused by: de.uka.ilkd.key.proof.io.ProblemLoaderException: Error loading proof.
Line 185, goal 95, rule ifthenelse_split_for not available or not applicable in this context.
	at de.uka.ilkd.key.proof.io.IntermediateProofReplayer.reportError(IntermediateProofReplayer.java:779)
Caused by: java.lang.NullPointerException: null
	at java.base/java.util.PriorityQueue.<init>(PriorityQueue.java:224)

44733      WARN  main            d.u.i.k.p.r.p.TestFile    Replay exception de.uka.ilkd.key.proof.io.ProblemLoaderException: Error loading proof.
Line 357, goal 282, rule andRight not available or not applicable in this context.
	at de.uka.ilkd.key.proof.io.IntermediateProofReplayer.reportError(IntermediateProofReplayer.java:779)
Caused by: java.lang.NullPointerException: null
	at java.base/java.util.PriorityQueue.<init>(PriorityQueue.java:224)

44733      WARN  main            d.u.i.k.p.r.p.ForkedTestFileRunner Run failed java.lang.Exception: Exception while loading proof (see cause for details): /home/runner/work/key/key/key.core/../key.ui/examples/standard_key/arith/check_jmod.key.proof
	at de.uka.ilkd.key.proof.runallproofs.proofcollection.TestFile.reloadProof(TestFile.java:314)
Caused by: de.uka.ilkd.key.proof.io.ProblemLoaderException: Error loading proof.
Line 357, goal 282, rule andRight not available or not applicable in this context.
	at de.uka.ilkd.key.proof.io.IntermediateProofReplayer.reportError(IntermediateProofReplayer.java:779)
Caused by: java.lang.NullPointerException: null
	at java.base/java.util.PriorityQueue.<init>(PriorityQueue.java:224)

60316      WARN  main            d.u.i.k.p.r.p.TestFile    Replay exception de.uka.ilkd.key.proof.io.ProblemLoaderException: Error loading proof.
Line 530, goal 408, rule assignmentDivisionInt not available or not applicable in this context.
	at de.uka.ilkd.key.proof.io.IntermediateProofReplayer.reportError(IntermediateProofReplayer.java:779)
Caused by: java.lang.NullPointerException: null
	at java.base/java.util.PriorityQueue.<init>(PriorityQueue.java:224)

60317      WARN  main            d.u.i.k.p.r.p.ForkedTestFileRunner Run failed java.lang.Exception: Exception while loading proof (see cause for details): /home/runner/work/key/key/key.core/../key.ui/examples/standard_key/arith/computation.key.proof
	at de.uka.ilkd.key.proof.runallproofs.proofcollection.TestFile.reloadProof(TestFile.java:314)
Caused by: de.uka.ilkd.key.proof.io.ProblemLoaderException: Error loading proof.
Line 530, goal 408, rule assignmentDivisionInt not available or not applicable in this context.
	at de.uka.ilkd.key.proof.io.IntermediateProofReplayer.reportError(IntermediateProofReplayer.java:779)
Caused by: java.lang.NullPointerException: null
	at java.base/java.util.PriorityQueue.<init>(PriorityQueue.java:224)

66603      WARN  main            d.u.i.k.p.r.p.TestFile    Replay exception de.uka.ilkd.key.proof.io.ProblemLoaderException: Error loading proof.
Line 128, goal 41, rule loopScopeInvBox not available or not applicable in this context.
	at de.uka.ilkd.key.proof.io.IntermediateProofReplayer.reportError(IntermediateProofReplayer.java:779)
Caused by: java.lang.NullPointerException: null
	at java.base/java.util.PriorityQueue.<init>(PriorityQueue.java:224)

66604      WARN  main            d.u.i.k.p.r.p.ForkedTestFileRunner Run failed java.lang.Exception: Exception while loading proof (see cause for details): /home/runner/work/key/key/key.core/../key.ui/examples/standard_key/arith/cubicSum.key.proof
	at de.uka.ilkd.key.proof.runallproofs.proofcollection.TestFile.reloadProof(TestFile.java:314)
Caused by: de.uka.ilkd.key.proof.io.ProblemLoaderException: Error loading proof.
Line 128, goal 41, rule loopScopeInvBox not available or not applicable in this context.
	at de.uka.ilkd.key.proof.io.IntermediateProofReplayer.reportError(IntermediateProofReplayer.java:779)
Caused by: java.lang.NullPointerException: null
	at java.base/java.util.PriorityQueue.<init>(PriorityQueue.java:224)

71593      WARN  main            d.u.i.k.p.r.p.TestFile    Replay exception de.uka.ilkd.key.proof.io.ProblemLoaderException: Error loading proof.
Line 70, goal 4, rule ifthenelse_split_for not available or not applicable in this context.
	at de.uka.ilkd.key.proof.io.IntermediateProofReplayer.reportError(IntermediateProofReplayer.java:779)
Caused by: java.lang.NullPointerException: null
	at java.base/java.util.PriorityQueue.<init>(PriorityQueue.java:224)

71594      WARN  main            d.u.i.k.p.r.p.ForkedTestFileRunner Run failed java.lang.Exception: Exception while loading proof (see cause for details): /home/runner/work/key/key/key.core/../key.ui/examples/standard_key/arith/divByZero.key.proof
	at de.uka.ilkd.key.proof.runallproofs.proofcollection.TestFile.reloadProof(TestFile.java:314)
Caused by: de.uka.ilkd.key.proof.io.ProblemLoaderException: Error loading proof.
Line 70, goal 4, rule ifthenelse_split_for not available or not applicable in this context.
	at de.uka.ilkd.key.proof.io.IntermediateProofReplayer.reportError(IntermediateProofReplayer.java:779)
Caused by: java.lang.NullPointerException: null
	at java.base/java.util.PriorityQueue.<init>(PriorityQueue.java:224)

77250      WARN  main            d.u.i.k.p.r.p.TestFile    Replay exception de.uka.ilkd.key.proof.io.ProblemLoaderException: Error loading proof.
Line 105, goal 44, rule orLeft not available or not applicable in this context.
	at de.uka.ilkd.key.proof.io.IntermediateProofReplayer.reportError(IntermediateProofReplayer.java:779)
Caused by: java.lang.NullPointerException: null
	at java.base/java.util.PriorityQueue.<init>(PriorityQueue.java:224)

77251      WARN  main            d.u.i.k.p.r.p.ForkedTestFileRunner Run failed java.lang.Exception: Exception while loading proof (see cause for details): /home/runner/work/key/key/key.core/../key.ui/examples/standard_key/arith/divisionAssoc.key.proof
	at de.uka.ilkd.key.proof.runallproofs.proofcollection.TestFile.reloadProof(TestFile.java:314)
Caused by: de.uka.ilkd.key.proof.io.ProblemLoaderException: Error loading proof.
Line 105, goal 44, rule orLeft not available or not applicable in this context.
	at de.uka.ilkd.key.proof.io.IntermediateProofReplayer.reportError(IntermediateProofReplayer.java:779)
Caused by: java.lang.NullPointerException: null
	at java.base/java.util.PriorityQueue.<init>(PriorityQueue.java:224)

82200      WARN  main            d.u.i.k.p.r.p.TestFile    Replay exception de.uka.ilkd.key.proof.io.ProblemLoaderException: Error loading proof.
Line 62, goal 2, rule equiv_right not available or not applicable in this context.
	at de.uka.ilkd.key.proof.io.IntermediateProofReplayer.reportError(IntermediateProofReplayer.java:779)
Caused by: java.lang.NullPointerException: null
	at java.base/java.util.PriorityQueue.<init>(PriorityQueue.java:224)

82207      WARN  main            d.u.i.k.p.r.p.ForkedTestFileRunner Run failed java.lang.Exception: Exception while loading proof (see cause for details): /home/runner/work/key/key/key.core/../key.ui/examples/standard_key/arith/divisionBy2.key.proof
	at de.uka.ilkd.key.proof.runallproofs.proofcollection.TestFile.reloadProof(TestFile.java:314)
Caused by: de.uka.ilkd.key.proof.io.ProblemLoaderException: Error loading proof.
Line 62, goal 2, rule equiv_right not available or not applicable in this context.
	at de.uka.ilkd.key.proof.io.IntermediateProofReplayer.reportError(IntermediateProofReplayer.java:779)
Caused by: java.lang.NullPointerException: null
	at java.base/java.util.PriorityQueue.<init>(PriorityQueue.java:224)

90484      WARN  main            d.u.i.k.p.r.p.TestFile    Replay exception de.uka.ilkd.key.proof.io.ProblemLoaderException: Error loading proof.
Line 139, goal 33, rule loopScopeInvDia not available or not applicable in this context.
	at de.uka.ilkd.key.proof.io.IntermediateProofReplayer.reportError(IntermediateProofReplayer.java:779)
Caused by: java.lang.NullPointerException: null
	at java.base/java.util.PriorityQueue.<init>(PriorityQueue.java:224)

90485      WARN  main            d.u.i.k.p.r.p.ForkedTestFileRunner Run failed java.lang.Exception: Exception while loading proof (see cause for details): /home/runner/work/key/key/key.core/../key.ui/examples/standard_key/arith/euclidean/gcdHelp-post.key.proof
	at de.uka.ilkd.key.proof.runallproofs.proofcollection.TestFile.reloadProof(TestFile.java:314)
Caused by: de.uka.ilkd.key.proof.io.ProblemLoaderException: Error loading proof.
Line 139, goal 33, rule loopScopeInvDia not available or not applicable in this context.
	at de.uka.ilkd.key.proof.io.IntermediateProofReplayer.reportError(IntermediateProofReplayer.java:779)
Caused by: java.lang.NullPointerException: null
	at java.base/java.util.PriorityQueue.<init>(PriorityQueue.java:224)

135150     WARN  main            d.u.i.k.p.r.p.TestFile    Replay exception de.uka.ilkd.key.proof.io.ProblemLoaderException: Error loading proof.
Line 263, goal 164, rule assignment_read_attribute not available or not applicable in this context.
	at de.uka.ilkd.key.proof.io.IntermediateProofReplayer.reportError(IntermediateProofReplayer.java:779)
Caused by: java.lang.NullPointerException: null
	at java.base/java.util.PriorityQueue.<init>(PriorityQueue.java:224)

135151     WARN  main            d.u.i.k.p.r.p.ForkedTestFileRunner Run failed java.lang.Exception: Exception while loading proof (see cause for details): /home/runner/work/key/key/key.core/../key.ui/examples/standard_key/arith/gemplusDecimal/add.key.proof
	at de.uka.ilkd.key.proof.runallproofs.proofcollection.TestFile.reloadProof(TestFile.java:314)
Caused by: de.uka.ilkd.key.proof.io.ProblemLoaderException: Error loading proof.
Line 263, goal 164, rule assignment_read_attribute not available or not applicable in this context.
	at de.uka.ilkd.key.proof.io.IntermediateProofReplayer.reportError(IntermediateProofReplayer.java:779)
Caused by: java.lang.NullPointerException: null
	at java.base/java.util.PriorityQueue.<init>(PriorityQueue.java:224)

140178     WARN  main            d.u.i.k.p.r.p.TestFile    Replay exception de.uka.ilkd.key.proof.io.ProblemLoaderException: Error loading proof.
Line 144, goal 78, rule ifthenelse_split not available or not applicable in this context.
	at de.uka.ilkd.key.proof.io.IntermediateProofReplayer.reportError(IntermediateProofReplayer.java:779)
Caused by: java.lang.NullPointerException: null
	at java.base/java.util.PriorityQueue.<init>(PriorityQueue.java:224)

140179     WARN  main            d.u.i.k.p.r.p.ForkedTestFileRunner Run failed java.lang.Exception: Exception while loading proof (see cause for details): /home/runner/work/key/key/key.core/../key.ui/examples/standard_key/arith/jdivevenodd.key.proof
	at de.uka.ilkd.key.proof.runallproofs.proofcollection.TestFile.reloadProof(TestFile.java:314)
Caused by: de.uka.ilkd.key.proof.io.ProblemLoaderException: Error loading proof.
Line 144, goal 78, rule ifthenelse_split not available or not applicable in this context.
	at de.uka.ilkd.key.proof.io.IntermediateProofReplayer.reportError(IntermediateProofReplayer.java:779)
Caused by: java.lang.NullPointerException: null
	at java.base/java.util.PriorityQueue.<init>(PriorityQueue.java:224)

158941     WARN  main            d.u.i.k.p.r.p.TestFile    Replay exception de.uka.ilkd.key.proof.io.ProblemLoaderException: Error loading proof.
Line 110, goal 36, rule ifElseSplit not available or not applicable in this context.
	at de.uka.ilkd.key.proof.io.IntermediateProofReplayer.reportError(IntermediateProofReplayer.java:779)
Caused by: java.lang.NullPointerException: null
	at java.base/java.util.PriorityQueue.<init>(PriorityQueue.java:224)

158942     WARN  main            d.u.i.k.p.r.p.ForkedTestFileRunner Run failed java.lang.Exception: Exception while loading proof (see cause for details): /home/runner/work/key/key/key.core/../key.ui/examples/standard_key/arith/median.key.proof
	at de.uka.ilkd.key.proof.runallproofs.proofcollection.TestFile.reloadProof(TestFile.java:314)
Caused by: de.uka.ilkd.key.proof.io.ProblemLoaderException: Error loading proof.
Line 110, goal 36, rule ifElseSplit not available or not applicable in this context.
	at de.uka.ilkd.key.proof.io.IntermediateProofReplayer.reportError(IntermediateProofReplayer.java:779)
Caused by: java.lang.NullPointerException: null
	at java.base/java.util.PriorityQueue.<init>(PriorityQueue.java:224)

182462     WARN  main            d.u.i.k.p.r.p.TestFile    Replay exception de.uka.ilkd.key.proof.io.ProblemLoaderException: Error loading proof.
Line 179, goal 68, rule assignmentDivisionInt not available or not applicable in this context.
	at de.uka.ilkd.key.proof.io.IntermediateProofReplayer.reportError(IntermediateProofReplayer.java:779)
Caused by: java.lang.NullPointerException: null
	at java.base/java.util.PriorityQueue.<init>(PriorityQueue.java:224)

182463     WARN  main            d.u.i.k.p.r.p.ForkedTestFileRunner Run failed java.lang.Exception: Exception while loading proof (see cause for details): /home/runner/work/key/key/key.core/../key.ui/examples/standard_key/arith/overflow_hija.key.proof
	at de.uka.ilkd.key.proof.runallproofs.proofcollection.TestFile.reloadProof(TestFile.java:314)
Caused by: de.uka.ilkd.key.proof.io.ProblemLoaderException: Error loading proof.
Line 179, goal 68, rule assignmentDivisionInt not available or not applicable in this context.
	at de.uka.ilkd.key.proof.io.IntermediateProofReplayer.reportError(IntermediateProofReplayer.java:779)
Caused by: java.lang.NullPointerException: null
	at java.base/java.util.PriorityQueue.<init>(PriorityQueue.java:224)

192127     WARN  main            d.u.i.k.p.r.p.TestFile    Replay exception de.uka.ilkd.key.proof.io.ProblemLoaderException: Error loading proof.
Line 110, goal 49, rule ifthenelse_split not available or not applicable in this context.
	at de.uka.ilkd.key.proof.io.IntermediateProofReplayer.reportError(IntermediateProofReplayer.java:779)
Caused by: java.lang.NullPointerException: null
	at java.base/java.util.PriorityQueue.<init>(PriorityQueue.java:224)

192127     WARN  main            d.u.i.k.p.r.p.ForkedTestFileRunner Run failed java.lang.Exception: Exception while loading proof (see cause for details): /home/runner/work/key/key/key.core/../key.ui/examples/standard_key/arith/poly_division1.key.proof
	at de.uka.ilkd.key.proof.runallproofs.proofcollection.TestFile.reloadProof(TestFile.java:314)
Caused by: de.uka.ilkd.key.proof.io.ProblemLoaderException: Error loading proof.
Line 110, goal 49, rule ifthenelse_split not available or not applicable in this context.
	at de.uka.ilkd.key.proof.io.IntermediateProofReplayer.reportError(IntermediateProofReplayer.java:779)
Caused by: java.lang.NullPointerException: null
	at java.base/java.util.PriorityQueue.<init>(PriorityQueue.java:224)

198553     WARN  main            d.u.i.k.p.r.p.TestFile    Replay exception de.uka.ilkd.key.proof.io.ProblemLoaderException: Error loading proof.
Line 92, goal 30, rule ifthenelse_split_for not available or not applicable in this context.
	at de.uka.ilkd.key.proof.io.IntermediateProofReplayer.reportError(IntermediateProofReplayer.java:779)
Caused by: java.lang.NullPointerException: null
	at java.base/java.util.PriorityQueue.<init>(PriorityQueue.java:224)

198554     WARN  main            d.u.i.k.p.r.p.ForkedTestFileRunner Run failed java.lang.Exception: Exception while loading proof (see cause for details): /home/runner/work/key/key/key.core/../key.ui/examples/standard_key/inEqSimp/division.key.proof
	at de.uka.ilkd.key.proof.runallproofs.proofcollection.TestFile.reloadProof(TestFile.java:314)
Caused by: de.uka.ilkd.key.proof.io.ProblemLoaderException: Error loading proof.
Line 92, goal 30, rule ifthenelse_split_for not available or not applicable in this context.
	at de.uka.ilkd.key.proof.io.IntermediateProofReplayer.reportError(IntermediateProofReplayer.java:779)
Caused by: java.lang.NullPointerException: null
	at java.base/java.util.PriorityQueue.<init>(PriorityQueue.java:224)

227411     WARN  main            d.u.i.k.p.r.p.TestFile    Replay exception de.uka.ilkd.key.proof.io.ProblemLoaderException: Error loading proof.
Line 67, goal 1, rule andRight not available or not applicable in this context.
	at de.uka.ilkd.key.proof.io.IntermediateProofReplayer.reportError(IntermediateProofReplayer.java:779)
Caused by: java.lang.NullPointerException: null
	at java.base/java.util.PriorityQueue.<init>(PriorityQueue.java:224)

227411     WARN  main            d.u.i.k.p.r.p.ForkedTestFileRunner Run failed java.lang.Exception: Exception while loading proof (see cause for details): /home/runner/work/key/key/key.core/../key.ui/examples/standard_key/inEqSimp/nonLinInEqExample2.key.proof
	at de.uka.ilkd.key.proof.runallproofs.proofcollection.TestFile.reloadProof(TestFile.java:314)
Caused by: de.uka.ilkd.key.proof.io.ProblemLoaderException: Error loading proof.
Line 67, goal 1, rule andRight not available or not applicable in this context.
	at de.uka.ilkd.key.proof.io.IntermediateProofReplayer.reportError(IntermediateProofReplayer.java:779)
Caused by: java.lang.NullPointerException: null
	at java.base/java.util.PriorityQueue.<init>(PriorityQueue.java:224)

232369     WARN  main            d.u.i.k.p.r.p.TestFile    Replay exception de.uka.ilkd.key.proof.io.ProblemLoaderException: Error loading proof.
Line 76, goal 6, rule equiv_right not available or not applicable in this context.
	at de.uka.ilkd.key.proof.io.IntermediateProofReplayer.reportError(IntermediateProofReplayer.java:779)
Caused by: java.lang.NullPointerException: null
	at java.base/java.util.PriorityQueue.<init>(PriorityQueue.java:224)

232370     WARN  main            d.u.i.k.p.r.p.ForkedTestFileRunner Run failed java.lang.Exception: Exception while loading proof (see cause for details): /home/runner/work/key/key/key.core/../key.ui/examples/standard_key/inEqSimp/nonLinInEqExample3.key.proof
	at de.uka.ilkd.key.proof.runallproofs.proofcollection.TestFile.reloadProof(TestFile.java:314)
Caused by: de.uka.ilkd.key.proof.io.ProblemLoaderException: Error loading proof.
Line 76, goal 6, rule equiv_right not available or not applicable in this context.
	at de.uka.ilkd.key.proof.io.IntermediateProofReplayer.reportError(IntermediateProofReplayer.java:779)
Caused by: java.lang.NullPointerException: null
	at java.base/java.util.PriorityQueue.<init>(PriorityQueue.java:224)

237210     WARN  main            d.u.i.k.p.r.p.TestFile    Replay exception de.uka.ilkd.key.proof.io.ProblemLoaderException: Error loading proof.
Line 65, goal 3, rule cut_direct not available or not applicable in this context.
	at de.uka.ilkd.key.proof.io.IntermediateProofReplayer.reportError(IntermediateProofReplayer.java:779)
Caused by: java.lang.NullPointerException: null
	at java.base/java.util.PriorityQueue.<init>(PriorityQueue.java:224)

237211     WARN  main            d.u.i.k.p.r.p.ForkedTestFileRunner Run failed java.lang.Exception: Exception while loading proof (see cause for details): /home/runner/work/key/key/key.core/../key.ui/examples/standard_key/inEqSimp/nonLinInEqExample4.key.proof
	at de.uka.ilkd.key.proof.runallproofs.proofcollection.TestFile.reloadProof(TestFile.java:314)
Caused by: de.uka.ilkd.key.proof.io.ProblemLoaderException: Error loading proof.
Line 65, goal 3, rule cut_direct not available or not applicable in this context.
	at de.uka.ilkd.key.proof.io.IntermediateProofReplayer.reportError(IntermediateProofReplayer.java:779)
Caused by: java.lang.NullPointerException: null
	at java.base/java.util.PriorityQueue.<init>(PriorityQueue.java:224)

242253     WARN  main            d.u.i.k.p.r.p.TestFile    Replay exception de.uka.ilkd.key.proof.io.ProblemLoaderException: Error loading proof.
Line 91, goal 19, rule andRight not available or not applicable in this context.
	at de.uka.ilkd.key.proof.io.IntermediateProofReplayer.reportError(IntermediateProofReplayer.java:779)
Caused by: java.lang.NullPointerException: null
	at java.base/java.util.PriorityQueue.<init>(PriorityQueue.java:224)

242254     WARN  main            d.u.i.k.p.r.p.ForkedTestFileRunner Run failed java.lang.Exception: Exception while loading proof (see cause for details): /home/runner/work/key/key/key.core/../key.ui/examples/standard_key/inEqSimp/quadraticInEq.key.proof
	at de.uka.ilkd.key.proof.runallproofs.proofcollection.TestFile.reloadProof(TestFile.java:314)
Caused by: de.uka.ilkd.key.proof.io.ProblemLoaderException: Error loading proof.
Line 91, goal 19, rule andRight not available or not applicable in this context.
	at de.uka.ilkd.key.proof.io.IntermediateProofReplayer.reportError(IntermediateProofReplayer.java:779)
Caused by: java.lang.NullPointerException: null
	at java.base/java.util.PriorityQueue.<init>(PriorityQueue.java:224)

247193     WARN  main            d.u.i.k.p.r.p.TestFile    Replay exception de.uka.ilkd.key.proof.io.ProblemLoaderException: Error loading proof.
Line 299, goal 238, rule sign_case_distinction not available or not applicable in this context.
	at de.uka.ilkd.key.proof.io.IntermediateProofReplayer.reportError(IntermediateProofReplayer.java:779)
Caused by: java.lang.NullPointerException: null
	at java.base/java.util.PriorityQueue.<init>(PriorityQueue.java:224)

247195     WARN  main            d.u.i.k.p.r.p.ForkedTestFileRunner Run failed java.lang.Exception: Exception while loading proof (see cause for details): /home/runner/work/key/key/key.core/../key.ui/examples/standard_key/inEqSimp/quadraticInEq10.key.proof
	at de.uka.ilkd.key.proof.runallproofs.proofcollection.TestFile.reloadProof(TestFile.java:314)
Caused by: de.uka.ilkd.key.proof.io.ProblemLoaderException: Error loading proof.
Line 299, goal 238, rule sign_case_distinction not available or not applicable in this context.
	at de.uka.ilkd.key.proof.io.IntermediateProofReplayer.reportError(IntermediateProofReplayer.java:779)
Caused by: java.lang.NullPointerException: null
	at java.base/java.util.PriorityQueue.<init>(PriorityQueue.java:224)

252142     WARN  main            d.u.i.k.p.r.p.TestFile    Replay exception de.uka.ilkd.key.proof.io.ProblemLoaderException: Error loading proof.
Line 393, goal 332, rule sign_case_distinction not available or not applicable in this context.
	at de.uka.ilkd.key.proof.io.IntermediateProofReplayer.reportError(IntermediateProofReplayer.java:779)
Caused by: java.lang.NullPointerException: null
	at java.base/java.util.PriorityQueue.<init>(PriorityQueue.java:224)

252142     WARN  main            d.u.i.k.p.r.p.ForkedTestFileRunner Run failed java.lang.Exception: Exception while loading proof (see cause for details): /home/runner/work/key/key/key.core/../key.ui/examples/standard_key/inEqSimp/quadraticInEq13.key.proof
	at de.uka.ilkd.key.proof.runallproofs.proofcollection.TestFile.reloadProof(TestFile.java:314)
Caused by: de.uka.ilkd.key.proof.io.ProblemLoaderException: Error loading proof.
Line 393, goal 332, rule sign_case_distinction not available or not applicable in this context.
	at de.uka.ilkd.key.proof.io.IntermediateProofReplayer.reportError(IntermediateProofReplayer.java:779)
Caused by: java.lang.NullPointerException: null
	at java.base/java.util.PriorityQueue.<init>(PriorityQueue.java:224)

257163     WARN  main            d.u.i.k.p.r.p.TestFile    Replay exception de.uka.ilkd.key.proof.io.ProblemLoaderException: Error loading proof.
Line 221, goal 160, rule sign_case_distinction not available or not applicable in this context.
	at de.uka.ilkd.key.proof.io.IntermediateProofReplayer.reportError(IntermediateProofReplayer.java:779)
Caused by: java.lang.NullPointerException: null
	at java.base/java.util.PriorityQueue.<init>(PriorityQueue.java:224)

257163     WARN  main            d.u.i.k.p.r.p.ForkedTestFileRunner Run failed java.lang.Exception: Exception while loading proof (see cause for details): /home/runner/work/key/key/key.core/../key.ui/examples/standard_key/inEqSimp/quadraticInEq14.key.proof
	at de.uka.ilkd.key.proof.runallproofs.proofcollection.TestFile.reloadProof(TestFile.java:314)
Caused by: de.uka.ilkd.key.proof.io.ProblemLoaderException: Error loading proof.
Line 221, goal 160, rule sign_case_distinction not available or not applicable in this context.
	at de.uka.ilkd.key.proof.io.IntermediateProofReplayer.reportError(IntermediateProofReplayer.java:779)
Caused by: java.lang.NullPointerException: null
	at java.base/java.util.PriorityQueue.<init>(PriorityQueue.java:224)

261984     WARN  main            d.u.i.k.p.r.p.TestFile    Replay exception de.uka.ilkd.key.proof.io.ProblemLoaderException: Error loading proof.
Line 64, goal 4, rule splitEquationSucc not available or not applicable in this context.
	at de.uka.ilkd.key.proof.io.IntermediateProofReplayer.reportError(IntermediateProofReplayer.java:779)
Caused by: java.lang.NullPointerException: null
	at java.base/java.util.PriorityQueue.<init>(PriorityQueue.java:224)

261985     WARN  main            d.u.i.k.p.r.p.ForkedTestFileRunner Run failed java.lang.Exception: Exception while loading proof (see cause for details): /home/runner/work/key/key/key.core/../key.ui/examples/standard_key/inEqSimp/quadraticInEq2.key.proof
	at de.uka.ilkd.key.proof.runallproofs.proofcollection.TestFile.reloadProof(TestFile.java:314)
Caused by: de.uka.ilkd.key.proof.io.ProblemLoaderException: Error loading proof.
Line 64, goal 4, rule splitEquationSucc not available or not applicable in this context.
	at de.uka.ilkd.key.proof.io.IntermediateProofReplayer.reportError(IntermediateProofReplayer.java:779)
Caused by: java.lang.NullPointerException: null
	at java.base/java.util.PriorityQueue.<init>(PriorityQueue.java:224)

266794     WARN  main            d.u.i.k.p.r.p.TestFile    Replay exception de.uka.ilkd.key.proof.io.ProblemLoaderException: Error loading proof.
Line 118, goal 58, rule cut not available or not applicable in this context.
	at de.uka.ilkd.key.proof.io.IntermediateProofReplayer.reportError(IntermediateProofReplayer.java:779)
Caused by: java.lang.NullPointerException: null
	at java.base/java.util.PriorityQueue.<init>(PriorityQueue.java:224)

266795     WARN  main            d.u.i.k.p.r.p.ForkedTestFileRunner Run failed java.lang.Exception: Exception while loading proof (see cause for details): /home/runner/work/key/key/key.core/../key.ui/examples/standard_key/inEqSimp/quadraticInEq3.key.proof
	at de.uka.ilkd.key.proof.runallproofs.proofcollection.TestFile.reloadProof(TestFile.java:314)
Caused by: de.uka.ilkd.key.proof.io.ProblemLoaderException: Error loading proof.
Line 118, goal 58, rule cut not available or not applicable in this context.
	at de.uka.ilkd.key.proof.io.IntermediateProofReplayer.reportError(IntermediateProofReplayer.java:779)
Caused by: java.lang.NullPointerException: null
	at java.base/java.util.PriorityQueue.<init>(PriorityQueue.java:224)

271609     WARN  main            d.u.i.k.p.r.p.TestFile    Replay exception de.uka.ilkd.key.proof.io.ProblemLoaderException: Error loading proof.
Line 89, goal 24, rule equiv_right not available or not applicable in this context.
	at de.uka.ilkd.key.proof.io.IntermediateProofReplayer.reportError(IntermediateProofReplayer.java:779)
Caused by: java.lang.NullPointerException: null
	at java.base/java.util.PriorityQueue.<init>(PriorityQueue.java:224)

271610     WARN  main            d.u.i.k.p.r.p.ForkedTestFileRunner Run failed java.lang.Exception: Exception while loading proof (see cause for details): /home/runner/work/key/key/key.core/../key.ui/examples/standard_key/inEqSimp/quadraticInEq4.key.proof
	at de.uka.ilkd.key.proof.runallproofs.proofcollection.TestFile.reloadProof(TestFile.java:314)
Caused by: de.uka.ilkd.key.proof.io.ProblemLoaderException: Error loading proof.
Line 89, goal 24, rule equiv_right not available or not applicable in this context.
	at de.uka.ilkd.key.proof.io.IntermediateProofReplayer.reportError(IntermediateProofReplayer.java:779)
Caused by: java.lang.NullPointerException: null
	at java.base/java.util.PriorityQueue.<init>(PriorityQueue.java:224)

281243     WARN  main            d.u.i.k.p.r.p.TestFile    Replay exception de.uka.ilkd.key.proof.io.ProblemLoaderException: Error loading proof.
Line 95, goal 33, rule sign_case_distinction not available or not applicable in this context.
	at de.uka.ilkd.key.proof.io.IntermediateProofReplayer.reportError(IntermediateProofReplayer.java:779)
Caused by: java.lang.NullPointerException: null
	at java.base/java.util.PriorityQueue.<init>(PriorityQueue.java:224)

281244     WARN  main            d.u.i.k.p.r.p.ForkedTestFileRunner Run failed java.lang.Exception: Exception while loading proof (see cause for details): /home/runner/work/key/key/key.core/../key.ui/examples/standard_key/inEqSimp/quadraticInEq6.key.proof
	at de.uka.ilkd.key.proof.runallproofs.proofcollection.TestFile.reloadProof(TestFile.java:314)
Caused by: de.uka.ilkd.key.proof.io.ProblemLoaderException: Error loading proof.
Line 95, goal 33, rule sign_case_distinction not available or not applicable in this context.
	at de.uka.ilkd.key.proof.io.IntermediateProofReplayer.reportError(IntermediateProofReplayer.java:779)
Caused by: java.lang.NullPointerException: null
	at java.base/java.util.PriorityQueue.<init>(PriorityQueue.java:224)

290928     WARN  main            d.u.i.k.p.r.p.TestFile    Replay exception de.uka.ilkd.key.proof.io.ProblemLoaderException: Error loading proof.
Line 78, goal 16, rule andRight not available or not applicable in this context.
	at de.uka.ilkd.key.proof.io.IntermediateProofReplayer.reportError(IntermediateProofReplayer.java:779)
Caused by: java.lang.NullPointerException: null
	at java.base/java.util.PriorityQueue.<init>(PriorityQueue.java:224)

290929     WARN  main            d.u.i.k.p.r.p.ForkedTestFileRunner Run failed java.lang.Exception: Exception while loading proof (see cause for details): /home/runner/work/key/key/key.core/../key.ui/examples/standard_key/inEqSimp/quadraticInEq8.key.proof
	at de.uka.ilkd.key.proof.runallproofs.proofcollection.TestFile.reloadProof(TestFile.java:314)
Caused by: de.uka.ilkd.key.proof.io.ProblemLoaderException: Error loading proof.
Line 78, goal 16, rule andRight not available or not applicable in this context.
	at de.uka.ilkd.key.proof.io.IntermediateProofReplayer.reportError(IntermediateProofReplayer.java:779)
Caused by: java.lang.NullPointerException: null
	at java.base/java.util.PriorityQueue.<init>(PriorityQueue.java:224)

305607     WARN  main            d.u.i.k.p.r.p.TestFile    Replay exception de.uka.ilkd.key.proof.io.ProblemLoaderException: Error loading proof.
Line 75, goal 6, rule equiv_right not available or not applicable in this context.
	at de.uka.ilkd.key.proof.io.IntermediateProofReplayer.reportError(IntermediateProofReplayer.java:779)
Caused by: java.lang.NullPointerException: null
	at java.base/java.util.PriorityQueue.<init>(PriorityQueue.java:224)

305607     WARN  main            d.u.i.k.p.r.p.ForkedTestFileRunner Run failed java.lang.Exception: Exception while loading proof (see cause for details): /home/runner/work/key/key/key.core/../key.ui/examples/standard_key/inEqSimp/simplify2.key.proof
	at de.uka.ilkd.key.proof.runallproofs.proofcollection.TestFile.reloadProof(TestFile.java:314)
Caused by: de.uka.ilkd.key.proof.io.ProblemLoaderException: Error loading proof.
Line 75, goal 6, rule equiv_right not available or not applicable in this context.
	at de.uka.ilkd.key.proof.io.IntermediateProofReplayer.reportError(IntermediateProofReplayer.java:779)
Caused by: java.lang.NullPointerException: null
	at java.base/java.util.PriorityQueue.<init>(PriorityQueue.java:224)

320700     WARN  main            d.u.i.k.p.r.p.TestFile    Replay exception de.uka.ilkd.key.proof.io.ProblemLoaderException: Error loading proof.
Line 75, goal 8, rule andRight not available or not applicable in this context.
	at de.uka.ilkd.key.proof.io.IntermediateProofReplayer.reportError(IntermediateProofReplayer.java:779)
Caused by: java.lang.NullPointerException: null
	at java.base/java.util.PriorityQueue.<init>(PriorityQueue.java:224)

320701     WARN  main            d.u.i.k.p.r.p.ForkedTestFileRunner Run failed java.lang.Exception: Exception while loading proof (see cause for details): /home/runner/work/key/key/key.core/../key.ui/examples/standard_key/inEqSimp/simplify5.key.proof
	at de.uka.ilkd.key.proof.runallproofs.proofcollection.TestFile.reloadProof(TestFile.java:314)
Caused by: de.uka.ilkd.key.proof.io.ProblemLoaderException: Error loading proof.
Line 75, goal 8, rule andRight not available or not applicable in this context.
	at de.uka.ilkd.key.proof.io.IntermediateProofReplayer.reportError(IntermediateProofReplayer.java:779)
Caused by: java.lang.NullPointerException: null
	at java.base/java.util.PriorityQueue.<init>(PriorityQueue.java:224)

572        WARN  main            d.u.i.k.s.ProofSettings   The settings in /home/runner/.key/proof-settings.props are *not* read. 
14106      WARN  main            d.u.i.k.p.r.p.TestFile    Replay exception de.uka.ilkd.key.proof.io.ProblemLoaderException: Error loading proof.
Line 100, goal 22, rule ifSplit not available or not applicable in this context.
	at de.uka.ilkd.key.proof.io.IntermediateProofReplayer.reportError(IntermediateProofReplayer.java:779)
Caused by: java.lang.NullPointerException: null
	at java.base/java.util.PriorityQueue.<init>(PriorityQueue.java:224)

14113      WARN  main            d.u.i.k.p.r.p.ForkedTestFileRunner Run failed java.lang.Exception: Exception while loading proof (see cause for details): /home/runner/work/key/key/key.core/../key.ui/examples/standard_key/arrays/arrayStoreException/array2DimPrim.key.proof
	at de.uka.ilkd.key.proof.runallproofs.proofcollection.TestFile.reloadProof(TestFile.java:314)
Caused by: de.uka.ilkd.key.proof.io.ProblemLoaderException: Error loading proof.
Line 100, goal 22, rule ifSplit not available or not applicable in this context.
	at de.uka.ilkd.key.proof.io.IntermediateProofReplayer.reportError(IntermediateProofReplayer.java:779)
Caused by: java.lang.NullPointerException: null
	at java.base/java.util.PriorityQueue.<init>(PriorityQueue.java:224)

19564      WARN  main            d.u.i.k.p.r.p.TestFile    Replay exception de.uka.ilkd.key.proof.io.ProblemLoaderException: Error loading proof.
Line 114, goal 52, rule assignment_write_attribute not available or not applicable in this context.
	at de.uka.ilkd.key.proof.io.IntermediateProofReplayer.reportError(IntermediateProofReplayer.java:779)
Caused by: java.lang.NullPointerException: null
	at java.base/java.util.PriorityQueue.<init>(PriorityQueue.java:224)

19565      WARN  main            d.u.i.k.p.r.p.ForkedTestFileRunner Run failed java.lang.Exception: Exception while loading proof (see cause for details): /home/runner/work/key/key/key.core/../key.ui/examples/standard_key/arrays/arrayStoreException/arrayStoreKnownDynType.key.proof
	at de.uka.ilkd.key.proof.runallproofs.proofcollection.TestFile.reloadProof(TestFile.java:314)
Caused by: de.uka.ilkd.key.proof.io.ProblemLoaderException: Error loading proof.
Line 114, goal 52, rule assignment_write_attribute not available or not applicable in this context.
	at de.uka.ilkd.key.proof.io.IntermediateProofReplayer.reportError(IntermediateProofReplayer.java:779)
Caused by: java.lang.NullPointerException: null
	at java.base/java.util.PriorityQueue.<init>(PriorityQueue.java:224)

25172      WARN  main            d.u.i.k.p.r.p.TestFile    Replay exception de.uka.ilkd.key.proof.io.ProblemLoaderException: Error loading proof.
Line 85, goal 19, rule assignment_read_length not available or not applicable in this context.
	at de.uka.ilkd.key.proof.io.IntermediateProofReplayer.reportError(IntermediateProofReplayer.java:779)
Caused by: java.lang.NullPointerException: null
	at java.base/java.util.PriorityQueue.<init>(PriorityQueue.java:224)

25173      WARN  main            d.u.i.k.p.r.p.ForkedTestFileRunner Run failed java.lang.Exception: Exception while loading proof (see cause for details): /home/runner/work/key/key/key.core/../key.ui/examples/standard_key/arrays/arrayStoreException/reverseArray.key.proof
	at de.uka.ilkd.key.proof.runallproofs.proofcollection.TestFile.reloadProof(TestFile.java:314)
Caused by: de.uka.ilkd.key.proof.io.ProblemLoaderException: Error loading proof.
Line 85, goal 19, rule assignment_read_length not available or not applicable in this context.
	at de.uka.ilkd.key.proof.io.IntermediateProofReplayer.reportError(IntermediateProofReplayer.java:779)
Caused by: java.lang.NullPointerException: null
	at java.base/java.util.PriorityQueue.<init>(PriorityQueue.java:224)

30472      WARN  main            d.u.i.k.p.r.p.TestFile    Replay exception de.uka.ilkd.key.proof.io.ProblemLoaderException: Error loading proof.
Line 87, goal 15, rule ifSplit not available or not applicable in this context.
	at de.uka.ilkd.key.proof.io.IntermediateProofReplayer.reportError(IntermediateProofReplayer.java:779)
Caused by: java.lang.NullPointerException: null
	at java.base/java.util.PriorityQueue.<init>(PriorityQueue.java:224)

30473      WARN  main            d.u.i.k.p.r.p.ForkedTestFileRunner Run failed java.lang.Exception: Exception while loading proof (see cause for details): /home/runner/work/key/key/key.core/../key.ui/examples/standard_key/arrays/arrayStoreException/throwArrayStoreException.key.proof
	at de.uka.ilkd.key.proof.runallproofs.proofcollection.TestFile.reloadProof(TestFile.java:314)
Caused by: de.uka.ilkd.key.proof.io.ProblemLoaderException: Error loading proof.
Line 87, goal 15, rule ifSplit not available or not applicable in this context.
	at de.uka.ilkd.key.proof.io.IntermediateProofReplayer.reportError(IntermediateProofReplayer.java:779)
Caused by: java.lang.NullPointerException: null
	at java.base/java.util.PriorityQueue.<init>(PriorityQueue.java:224)

35399      WARN  main            d.u.i.k.p.r.p.TestFile    Replay exception de.uka.ilkd.key.proof.io.ProblemLoaderException: Error loading proof.
Line 79, goal 13, rule ifSplit not available or not applicable in this context.
	at de.uka.ilkd.key.proof.io.IntermediateProofReplayer.reportError(IntermediateProofReplayer.java:779)
Caused by: java.lang.NullPointerException: null
	at java.base/java.util.PriorityQueue.<init>(PriorityQueue.java:224)

35400      WARN  main            d.u.i.k.p.r.p.ForkedTestFileRunner Run failed java.lang.Exception: Exception while loading proof (see cause for details): /home/runner/work/key/key/key.core/../key.ui/examples/standard_key/arrays/creation/arrayCreation1.key.proof
	at de.uka.ilkd.key.proof.runallproofs.proofcollection.TestFile.reloadProof(TestFile.java:314)
Caused by: de.uka.ilkd.key.proof.io.ProblemLoaderException: Error loading proof.
Line 79, goal 13, rule ifSplit not available or not applicable in this context.
	at de.uka.ilkd.key.proof.io.IntermediateProofReplayer.reportError(IntermediateProofReplayer.java:779)
Caused by: java.lang.NullPointerException: null
	at java.base/java.util.PriorityQueue.<init>(PriorityQueue.java:224)

340        WARN  main            d.u.i.k.s.ProofSettings   The settings in /home/runner/.key/proof-settings.props are *not* read. 
12092      WARN  main            d.u.i.k.p.r.p.TestFile    Replay exception de.uka.ilkd.key.proof.io.ProblemLoaderException: Error loading proof.
Line 160, goal 92, rule assignment_write_attribute not available or not applicable in this context.
	at de.uka.ilkd.key.proof.io.IntermediateProofReplayer.reportError(IntermediateProofReplayer.java:779)
Caused by: java.lang.NullPointerException: null
	at java.base/java.util.PriorityQueue.<init>(PriorityQueue.java:224)

12102      WARN  main            d.u.i.k.p.r.p.ForkedTestFileRunner Run failed java.lang.Exception: Exception while loading proof (see cause for details): /home/runner/work/key/key/key.core/../key.ui/examples/standard_key/instanceCreation/instanceCreation1.key.proof
	at de.uka.ilkd.key.proof.runallproofs.proofcollection.TestFile.reloadProof(TestFile.java:314)
Caused by: de.uka.ilkd.key.proof.io.ProblemLoaderException: Error loading proof.
Line 160, goal 92, rule assignment_write_attribute not available or not applicable in this context.
	at de.uka.ilkd.key.proof.io.IntermediateProofReplayer.reportError(IntermediateProofReplayer.java:779)
Caused by: java.lang.NullPointerException: null
	at java.base/java.util.PriorityQueue.<init>(PriorityQueue.java:224)

17996      WARN  main            d.u.i.k.p.r.p.TestFile    Replay exception de.uka.ilkd.key.proof.io.ProblemLoaderException: Error loading proof.
Line 136, goal 69, rule methodCall not available or not applicable in this context.
	at de.uka.ilkd.key.proof.io.IntermediateProofReplayer.reportError(IntermediateProofReplayer.java:779)
Caused by: java.lang.NullPointerException: null
	at java.base/java.util.PriorityQueue.<init>(PriorityQueue.java:224)

17997      WARN  main            d.u.i.k.p.r.p.ForkedTestFileRunner Run failed java.lang.Exception: Exception while loading proof (see cause for details): /home/runner/work/key/key/key.core/../key.ui/examples/standard_key/instanceCreation/instanceCreation2.key.proof
	at de.uka.ilkd.key.proof.runallproofs.proofcollection.TestFile.reloadProof(TestFile.java:314)
Caused by: de.uka.ilkd.key.proof.io.ProblemLoaderException: Error loading proof.
Line 136, goal 69, rule methodCall not available or not applicable in this context.
	at de.uka.ilkd.key.proof.io.IntermediateProofReplayer.reportError(IntermediateProofReplayer.java:779)
Caused by: java.lang.NullPointerException: null
	at java.base/java.util.PriorityQueue.<init>(PriorityQueue.java:224)

28968      WARN  main            d.u.i.k.p.r.p.TestFile    Replay exception de.uka.ilkd.key.proof.io.ProblemLoaderException: Error loading proof.
Line 71, goal 5, rule Use Operation Contract not available or not applicable in this context.
	at de.uka.ilkd.key.proof.io.IntermediateProofReplayer.reportError(IntermediateProofReplayer.java:779)
Caused by: java.lang.NullPointerException: null
	at java.base/java.util.PriorityQueue.<init>(PriorityQueue.java:224)

28969      WARN  main            d.u.i.k.p.r.p.ForkedTestFileRunner Run failed java.lang.Exception: Exception while loading proof (see cause for details): /home/runner/work/key/key/key.core/../key.ui/examples/standard_key/instanceCreation/successiveCreatedObjectsAreDistinct.key.proof
	at de.uka.ilkd.key.proof.runallproofs.proofcollection.TestFile.reloadProof(TestFile.java:314)
Caused by: de.uka.ilkd.key.proof.io.ProblemLoaderException: Error loading proof.
Line 71, goal 5, rule Use Operation Contract not available or not applicable in this context.
	at de.uka.ilkd.key.proof.io.IntermediateProofReplayer.reportError(IntermediateProofReplayer.java:779)
Caused by: java.lang.NullPointerException: null
	at java.base/java.util.PriorityQueue.<init>(PriorityQueue.java:224)

34438      WARN  main            d.u.i.k.p.r.p.TestFile    Replay exception de.uka.ilkd.key.proof.io.ProblemLoaderException: Error loading proof.
Line 129, goal 66, rule methodCall not available or not applicable in this context.
	at de.uka.ilkd.key.proof.io.IntermediateProofReplayer.reportError(IntermediateProofReplayer.java:779)
Caused by: java.lang.NullPointerException: null
	at java.base/java.util.PriorityQueue.<init>(PriorityQueue.java:224)

34440      WARN  main            d.u.i.k.p.r.p.ForkedTestFileRunner Run failed java.lang.Exception: Exception while loading proof (see cause for details): /home/runner/work/key/key/key.core/../key.ui/examples/standard_key/instanceCreation/testOverloadingConstructors.key.proof
	at de.uka.ilkd.key.proof.runallproofs.proofcollection.TestFile.reloadProof(TestFile.java:314)
Caused by: de.uka.ilkd.key.proof.io.ProblemLoaderException: Error loading proof.
Line 129, goal 66, rule methodCall not available or not applicable in this context.
	at de.uka.ilkd.key.proof.io.IntermediateProofReplayer.reportError(IntermediateProofReplayer.java:779)
Caused by: java.lang.NullPointerException: null
	at java.base/java.util.PriorityQueue.<init>(PriorityQueue.java:224)

39609      WARN  main            d.u.i.k.p.r.p.TestFile    Replay exception de.uka.ilkd.key.proof.io.ProblemLoaderException: Error loading proof.
Line 124, goal 58, rule assignment_write_attribute not available or not applicable in this context.
	at de.uka.ilkd.key.proof.io.IntermediateProofReplayer.reportError(IntermediateProofReplayer.java:779)
Caused by: java.lang.NullPointerException: null
	at java.base/java.util.PriorityQueue.<init>(PriorityQueue.java:224)

39611      WARN  main            d.u.i.k.p.r.p.ForkedTestFileRunner Run failed java.lang.Exception: Exception while loading proof (see cause for details): /home/runner/work/key/key/key.core/../key.ui/examples/standard_key/java_dl/SimpleAttributes.key.proof
	at de.uka.ilkd.key.proof.runallproofs.proofcollection.TestFile.reloadProof(TestFile.java:314)
Caused by: de.uka.ilkd.key.proof.io.ProblemLoaderException: Error loading proof.
Line 124, goal 58, rule assignment_write_attribute not available or not applicable in this context.
	at de.uka.ilkd.key.proof.io.IntermediateProofReplayer.reportError(IntermediateProofReplayer.java:779)
Caused by: java.lang.NullPointerException: null
	at java.base/java.util.PriorityQueue.<init>(PriorityQueue.java:224)

46049      WARN  main            d.u.i.k.p.r.p.TestFile    Replay exception de.uka.ilkd.key.proof.io.ProblemLoaderException: Error loading proof.
Line 155, goal 56, rule assignment_read_length not available or not applicable in this context.
	at de.uka.ilkd.key.proof.io.IntermediateProofReplayer.reportError(IntermediateProofReplayer.java:779)
Caused by: java.lang.NullPointerException: null
	at java.base/java.util.PriorityQueue.<init>(PriorityQueue.java:224)

46050      WARN  main            d.u.i.k.p.r.p.ForkedTestFileRunner Run failed java.lang.Exception: Exception while loading proof (see cause for details): /home/runner/work/key/key/key.core/../key.ui/examples/standard_key/java_dl/arrayMax.key.proof
	at de.uka.ilkd.key.proof.runallproofs.proofcollection.TestFile.reloadProof(TestFile.java:314)
Caused by: de.uka.ilkd.key.proof.io.ProblemLoaderException: Error loading proof.
Line 155, goal 56, rule assignment_read_length not available or not applicable in this context.
	at de.uka.ilkd.key.proof.io.IntermediateProofReplayer.reportError(IntermediateProofReplayer.java:779)
Caused by: java.lang.NullPointerException: null
	at java.base/java.util.PriorityQueue.<init>(PriorityQueue.java:224)

46075      WARN  main            d.u.i.k.j.r.KeYCrossReferenceNameInfo Datatype java.io.PrintStream declared twice: Once in FILE:/home/runner/work/key/key/key.core/../key.ui/examples/standard_key/java_dl/./classpath/PrintStream.java and once in URL:file:/home/runner/work/key/key/key.core/build/resources/main/de/uka/ilkd/key/java/JavaRedux/java/io/PrintStream.java, Keeping one from URL:file:/home/runner/work/key/key/key.core/build/resources/main/de/uka/ilkd/key/java/JavaRedux/java/io/PrintStream.java 
46076      WARN  main            d.u.i.k.j.r.KeYCrossReferenceNameInfo Datatype java.io.InputStream declared twice: Once in FILE:/home/runner/work/key/key/key.core/../key.ui/examples/standard_key/java_dl/./classpath/InputStream.java and once in URL:file:/home/runner/work/key/key/key.core/build/resources/main/de/uka/ilkd/key/java/JavaRedux/java/io/InputStream.java, Keeping one from URL:file:/home/runner/work/key/key/key.core/build/resources/main/de/uka/ilkd/key/java/JavaRedux/java/io/InputStream.java 
46076      WARN  main            d.u.i.k.j.r.KeYCrossReferenceNameInfo Datatype java.lang.System declared twice: Once in FILE:/home/runner/work/key/key/key.core/../key.ui/examples/standard_key/java_dl/./classpath/System.java and once in URL:file:/home/runner/work/key/key/key.core/build/resources/main/de/uka/ilkd/key/java/JavaRedux/java/lang/System.java, Keeping one from URL:file:/home/runner/work/key/key/key.core/build/resources/main/de/uka/ilkd/key/java/JavaRedux/java/lang/System.java 
48828      WARN  main            d.u.i.k.j.r.KeYCrossReferenceNameInfo Datatype java.io.PrintStream declared twice: Once in FILE:/home/runner/work/key/key/key.core/../key.ui/examples/standard_key/java_dl/classpath/PrintStream.java and once in URL:file:/home/runner/work/key/key/key.core/build/resources/main/de/uka/ilkd/key/java/JavaRedux/java/io/PrintStream.java, Keeping one from URL:file:/home/runner/work/key/key/key.core/build/resources/main/de/uka/ilkd/key/java/JavaRedux/java/io/PrintStream.java 
48828      WARN  main            d.u.i.k.j.r.KeYCrossReferenceNameInfo Datatype java.io.InputStream declared twice: Once in FILE:/home/runner/work/key/key/key.core/../key.ui/examples/standard_key/java_dl/classpath/InputStream.java and once in URL:file:/home/runner/work/key/key/key.core/build/resources/main/de/uka/ilkd/key/java/JavaRedux/java/io/InputStream.java, Keeping one from URL:file:/home/runner/work/key/key/key.core/build/resources/main/de/uka/ilkd/key/java/JavaRedux/java/io/InputStream.java 
48829      WARN  main            d.u.i.k.j.r.KeYCrossReferenceNameInfo Datatype java.lang.System declared twice: Once in FILE:/home/runner/work/key/key/key.core/../key.ui/examples/standard_key/java_dl/classpath/System.java and once in URL:file:/home/runner/work/key/key/key.core/build/resources/main/de/uka/ilkd/key/java/JavaRedux/java/lang/System.java, Keeping one from URL:file:/home/runner/work/key/key/key.core/build/resources/main/de/uka/ilkd/key/java/JavaRedux/java/lang/System.java 
56477      WARN  main            d.u.i.k.p.r.p.TestFile    Replay exception de.uka.ilkd.key.proof.io.ProblemLoaderException: Error loading proof.
Line 152, goal 88, rule assignment_write_attribute not available or not applicable in this context.
	at de.uka.ilkd.key.proof.io.IntermediateProofReplayer.reportError(IntermediateProofReplayer.java:779)
Caused by: java.lang.NullPointerException: null
	at java.base/java.util.PriorityQueue.<init>(PriorityQueue.java:224)

56478      WARN  main            d.u.i.k.p.r.p.ForkedTestFileRunner Run failed java.lang.Exception: Exception while loading proof (see cause for details): /home/runner/work/key/key/key.core/../key.ui/examples/standard_key/java_dl/attributes.key.proof
	at de.uka.ilkd.key.proof.runallproofs.proofcollection.TestFile.reloadProof(TestFile.java:314)
Caused by: de.uka.ilkd.key.proof.io.ProblemLoaderException: Error loading proof.
Line 152, goal 88, rule assignment_write_attribute not available or not applicable in this context.
	at de.uka.ilkd.key.proof.io.IntermediateProofReplayer.reportError(IntermediateProofReplayer.java:779)
Caused by: java.lang.NullPointerException: null
	at java.base/java.util.PriorityQueue.<init>(PriorityQueue.java:224)

56498      WARN  main            d.u.i.k.j.r.KeYCrossReferenceNameInfo Datatype java.io.PrintStream declared twice: Once in FILE:/home/runner/work/key/key/key.core/../key.ui/examples/standard_key/java_dl/classpath/PrintStream.java and once in URL:file:/home/runner/work/key/key/key.core/build/resources/main/de/uka/ilkd/key/java/JavaRedux/java/io/PrintStream.java, Keeping one from URL:file:/home/runner/work/key/key/key.core/build/resources/main/de/uka/ilkd/key/java/JavaRedux/java/io/PrintStream.java 
56498      WARN  main            d.u.i.k.j.r.KeYCrossReferenceNameInfo Datatype java.io.InputStream declared twice: Once in FILE:/home/runner/work/key/key/key.core/../key.ui/examples/standard_key/java_dl/classpath/InputStream.java and once in URL:file:/home/runner/work/key/key/key.core/build/resources/main/de/uka/ilkd/key/java/JavaRedux/java/io/InputStream.java, Keeping one from URL:file:/home/runner/work/key/key/key.core/build/resources/main/de/uka/ilkd/key/java/JavaRedux/java/io/InputStream.java 
56498      WARN  main            d.u.i.k.j.r.KeYCrossReferenceNameInfo Datatype java.lang.System declared twice: Once in FILE:/home/runner/work/key/key/key.core/../key.ui/examples/standard_key/java_dl/classpath/System.java and once in URL:file:/home/runner/work/key/key/key.core/build/resources/main/de/uka/ilkd/key/java/JavaRedux/java/lang/System.java, Keeping one from URL:file:/home/runner/work/key/key/key.core/build/resources/main/de/uka/ilkd/key/java/JavaRedux/java/lang/System.java 
59186      WARN  main            d.u.i.k.j.r.KeYCrossReferenceNameInfo Datatype java.io.PrintStream declared twice: Once in FILE:/home/runner/work/key/key/key.core/../key.ui/examples/standard_key/java_dl/classpath/PrintStream.java and once in URL:file:/home/runner/work/key/key/key.core/build/resources/main/de/uka/ilkd/key/java/JavaRedux/java/io/PrintStream.java, Keeping one from URL:file:/home/runner/work/key/key/key.core/build/resources/main/de/uka/ilkd/key/java/JavaRedux/java/io/PrintStream.java 
59186      WARN  main            d.u.i.k.j.r.KeYCrossReferenceNameInfo Datatype java.io.InputStream declared twice: Once in FILE:/home/runner/work/key/key/key.core/../key.ui/examples/standard_key/java_dl/classpath/InputStream.java and once in URL:file:/home/runner/work/key/key/key.core/build/resources/main/de/uka/ilkd/key/java/JavaRedux/java/io/InputStream.java, Keeping one from URL:file:/home/runner/work/key/key/key.core/build/resources/main/de/uka/ilkd/key/java/JavaRedux/java/io/InputStream.java 
59187      WARN  main            d.u.i.k.j.r.KeYCrossReferenceNameInfo Datatype java.lang.System declared twice: Once in FILE:/home/runner/work/key/key/key.core/../key.ui/examples/standard_key/java_dl/classpath/System.java and once in URL:file:/home/runner/work/key/key/key.core/build/resources/main/de/uka/ilkd/key/java/JavaRedux/java/lang/System.java, Keeping one from URL:file:/home/runner/work/key/key/key.core/build/resources/main/de/uka/ilkd/key/java/JavaRedux/java/lang/System.java 
61547      WARN  main            d.u.i.k.p.r.p.TestFile    Replay exception de.uka.ilkd.key.proof.io.ProblemLoaderException: Error loading proof.
Line 76, goal 12, rule ifSplit not available or not applicable in this context.
	at de.uka.ilkd.key.proof.io.IntermediateProofReplayer.reportError(IntermediateProofReplayer.java:779)
Caused by: java.lang.NullPointerException: null
	at java.base/java.util.PriorityQueue.<init>(PriorityQueue.java:224)

61549      WARN  main            d.u.i.k.p.r.p.ForkedTestFileRunner Run failed java.lang.Exception: Exception while loading proof (see cause for details): /home/runner/work/key/key/key.core/../key.ui/examples/standard_key/java_dl/break.key.proof
	at de.uka.ilkd.key.proof.runallproofs.proofcollection.TestFile.reloadProof(TestFile.java:314)
Caused by: de.uka.ilkd.key.proof.io.ProblemLoaderException: Error loading proof.
Line 76, goal 12, rule ifSplit not available or not applicable in this context.
	at de.uka.ilkd.key.proof.io.IntermediateProofReplayer.reportError(IntermediateProofReplayer.java:779)
Caused by: java.lang.NullPointerException: null
	at java.base/java.util.PriorityQueue.<init>(PriorityQueue.java:224)

71700      WARN  main            d.u.i.k.p.r.p.TestFile    Replay exception de.uka.ilkd.key.proof.io.ProblemLoaderException: Error loading proof.
Line 110, goal 51, rule assignment_write_attribute not available or not applicable in this context.
	at de.uka.ilkd.key.proof.io.IntermediateProofReplayer.reportError(IntermediateProofReplayer.java:779)
Caused by: java.lang.NullPointerException: null
	at java.base/java.util.PriorityQueue.<init>(PriorityQueue.java:224)

71701      WARN  main            d.u.i.k.p.r.p.ForkedTestFileRunner Run failed java.lang.Exception: Exception while loading proof (see cause for details): /home/runner/work/key/key/key.core/../key.ui/examples/standard_key/java_dl/compileTimeConstants.key.proof
	at de.uka.ilkd.key.proof.runallproofs.proofcollection.TestFile.reloadProof(TestFile.java:314)
Caused by: de.uka.ilkd.key.proof.io.ProblemLoaderException: Error loading proof.
Line 110, goal 51, rule assignment_write_attribute not available or not applicable in this context.
	at de.uka.ilkd.key.proof.io.IntermediateProofReplayer.reportError(IntermediateProofReplayer.java:779)
Caused by: java.lang.NullPointerException: null
	at java.base/java.util.PriorityQueue.<init>(PriorityQueue.java:224)

77062      WARN  main            d.u.i.k.p.r.p.TestFile    Replay exception de.uka.ilkd.key.proof.io.ProblemLoaderException: Error loading proof.
Line 72, goal 11, rule Static_class_invariant_axiom_for_Test not available or not applicable in this context.
	at de.uka.ilkd.key.proof.io.IntermediateProofReplayer.reportError(IntermediateProofReplayer.java:779)
Caused by: java.lang.NullPointerException: null
	at java.base/java.util.PriorityQueue.<init>(PriorityQueue.java:224)

77063      WARN  main            d.u.i.k.p.r.p.ForkedTestFileRunner Run failed java.lang.Exception: Exception while loading proof (see cause for details): /home/runner/work/key/key/key.core/../key.ui/examples/standard_key/java_dl/constructorException/test.key.proof
	at de.uka.ilkd.key.proof.runallproofs.proofcollection.TestFile.reloadProof(TestFile.java:314)
Caused by: de.uka.ilkd.key.proof.io.ProblemLoaderException: Error loading proof.
Line 72, goal 11, rule Static_class_invariant_axiom_for_Test not available or not applicable in this context.
	at de.uka.ilkd.key.proof.io.IntermediateProofReplayer.reportError(IntermediateProofReplayer.java:779)
Caused by: java.lang.NullPointerException: null
	at java.base/java.util.PriorityQueue.<init>(PriorityQueue.java:224)

79818      WARN  main            d.u.i.k.j.r.KeYCrossReferenceNameInfo Datatype java.io.PrintStream declared twice: Once in FILE:/home/runner/work/key/key/key.core/../key.ui/examples/standard_key/java_dl/classpath/PrintStream.java and once in URL:file:/home/runner/work/key/key/key.core/build/resources/main/de/uka/ilkd/key/java/JavaRedux/java/io/PrintStream.java, Keeping one from URL:file:/home/runner/work/key/key/key.core/build/resources/main/de/uka/ilkd/key/java/JavaRedux/java/io/PrintStream.java 
79819      WARN  main            d.u.i.k.j.r.KeYCrossReferenceNameInfo Datatype java.io.InputStream declared twice: Once in FILE:/home/runner/work/key/key/key.core/../key.ui/examples/standard_key/java_dl/classpath/InputStream.java and once in URL:file:/home/runner/work/key/key/key.core/build/resources/main/de/uka/ilkd/key/java/JavaRedux/java/io/InputStream.java, Keeping one from URL:file:/home/runner/work/key/key/key.core/build/resources/main/de/uka/ilkd/key/java/JavaRedux/java/io/InputStream.java 
79819      WARN  main            d.u.i.k.j.r.KeYCrossReferenceNameInfo Datatype java.lang.System declared twice: Once in FILE:/home/runner/work/key/key/key.core/../key.ui/examples/standard_key/java_dl/classpath/System.java and once in URL:file:/home/runner/work/key/key/key.core/build/resources/main/de/uka/ilkd/key/java/JavaRedux/java/lang/System.java, Keeping one from URL:file:/home/runner/work/key/key/key.core/build/resources/main/de/uka/ilkd/key/java/JavaRedux/java/lang/System.java 
82456      WARN  main            d.u.i.k.j.r.KeYCrossReferenceNameInfo Datatype java.io.PrintStream declared twice: Once in FILE:/home/runner/work/key/key/key.core/../key.ui/examples/standard_key/java_dl/classpath/PrintStream.java and once in URL:file:/home/runner/work/key/key/key.core/build/resources/main/de/uka/ilkd/key/java/JavaRedux/java/io/PrintStream.java, Keeping one from URL:file:/home/runner/work/key/key/key.core/build/resources/main/de/uka/ilkd/key/java/JavaRedux/java/io/PrintStream.java 
82457      WARN  main            d.u.i.k.j.r.KeYCrossReferenceNameInfo Datatype java.io.InputStream declared twice: Once in FILE:/home/runner/work/key/key/key.core/../key.ui/examples/standard_key/java_dl/classpath/InputStream.java and once in URL:file:/home/runner/work/key/key/key.core/build/resources/main/de/uka/ilkd/key/java/JavaRedux/java/io/InputStream.java, Keeping one from URL:file:/home/runner/work/key/key/key.core/build/resources/main/de/uka/ilkd/key/java/JavaRedux/java/io/InputStream.java 
82457      WARN  main            d.u.i.k.j.r.KeYCrossReferenceNameInfo Datatype java.lang.System declared twice: Once in FILE:/home/runner/work/key/key/key.core/../key.ui/examples/standard_key/java_dl/classpath/System.java and once in URL:file:/home/runner/work/key/key/key.core/build/resources/main/de/uka/ilkd/key/java/JavaRedux/java/lang/System.java, Keeping one from URL:file:/home/runner/work/key/key/key.core/build/resources/main/de/uka/ilkd/key/java/JavaRedux/java/lang/System.java 
84814      WARN  main            d.u.i.k.p.r.p.TestFile    Replay exception de.uka.ilkd.key.proof.io.ProblemLoaderException: Error loading proof.
Line 94, goal 27, rule ifSplit not available or not applicable in this context.
	at de.uka.ilkd.key.proof.io.IntermediateProofReplayer.reportError(IntermediateProofReplayer.java:779)
Caused by: java.lang.NullPointerException: null
	at java.base/java.util.PriorityQueue.<init>(PriorityQueue.java:224)

84815      WARN  main            d.u.i.k.p.r.p.ForkedTestFileRunner Run failed java.lang.Exception: Exception while loading proof (see cause for details): /home/runner/work/key/key/key.core/../key.ui/examples/standard_key/java_dl/continue1.key.proof
	at de.uka.ilkd.key.proof.runallproofs.proofcollection.TestFile.reloadProof(TestFile.java:314)
Caused by: de.uka.ilkd.key.proof.io.ProblemLoaderException: Error loading proof.
Line 94, goal 27, rule ifSplit not available or not applicable in this context.
	at de.uka.ilkd.key.proof.io.IntermediateProofReplayer.reportError(IntermediateProofReplayer.java:779)
Caused by: java.lang.NullPointerException: null
	at java.base/java.util.PriorityQueue.<init>(PriorityQueue.java:224)

84836      WARN  main            d.u.i.k.j.r.KeYCrossReferenceNameInfo Datatype java.io.PrintStream declared twice: Once in FILE:/home/runner/work/key/key/key.core/../key.ui/examples/standard_key/java_dl/classpath/PrintStream.java and once in URL:file:/home/runner/work/key/key/key.core/build/resources/main/de/uka/ilkd/key/java/JavaRedux/java/io/PrintStream.java, Keeping one from URL:file:/home/runner/work/key/key/key.core/build/resources/main/de/uka/ilkd/key/java/JavaRedux/java/io/PrintStream.java 
84836      WARN  main            d.u.i.k.j.r.KeYCrossReferenceNameInfo Datatype java.io.InputStream declared twice: Once in FILE:/home/runner/work/key/key/key.core/../key.ui/examples/standard_key/java_dl/classpath/InputStream.java and once in URL:file:/home/runner/work/key/key/key.core/build/resources/main/de/uka/ilkd/key/java/JavaRedux/java/io/InputStream.java, Keeping one from URL:file:/home/runner/work/key/key/key.core/build/resources/main/de/uka/ilkd/key/java/JavaRedux/java/io/InputStream.java 
84836      WARN  main            d.u.i.k.j.r.KeYCrossReferenceNameInfo Datatype java.lang.System declared twice: Once in FILE:/home/runner/work/key/key/key.core/../key.ui/examples/standard_key/java_dl/classpath/System.java and once in URL:file:/home/runner/work/key/key/key.core/build/resources/main/de/uka/ilkd/key/java/JavaRedux/java/lang/System.java, Keeping one from URL:file:/home/runner/work/key/key/key.core/build/resources/main/de/uka/ilkd/key/java/JavaRedux/java/lang/System.java 
87715      WARN  main            d.u.i.k.j.r.KeYCrossReferenceNameInfo Datatype java.io.PrintStream declared twice: Once in FILE:/home/runner/work/key/key/key.core/../key.ui/examples/standard_key/java_dl/classpath/PrintStream.java and once in URL:file:/home/runner/work/key/key/key.core/build/resources/main/de/uka/ilkd/key/java/JavaRedux/java/io/PrintStream.java, Keeping one from URL:file:/home/runner/work/key/key/key.core/build/resources/main/de/uka/ilkd/key/java/JavaRedux/java/io/PrintStream.java 
87715      WARN  main            d.u.i.k.j.r.KeYCrossReferenceNameInfo Datatype java.io.InputStream declared twice: Once in FILE:/home/runner/work/key/key/key.core/../key.ui/examples/standard_key/java_dl/classpath/InputStream.java and once in URL:file:/home/runner/work/key/key/key.core/build/resources/main/de/uka/ilkd/key/java/JavaRedux/java/io/InputStream.java, Keeping one from URL:file:/home/runner/work/key/key/key.core/build/resources/main/de/uka/ilkd/key/java/JavaRedux/java/io/InputStream.java 
87715      WARN  main            d.u.i.k.j.r.KeYCrossReferenceNameInfo Datatype java.lang.System declared twice: Once in FILE:/home/runner/work/key/key/key.core/../key.ui/examples/standard_key/java_dl/classpath/System.java and once in URL:file:/home/runner/work/key/key/key.core/build/resources/main/de/uka/ilkd/key/java/JavaRedux/java/lang/System.java, Keeping one from URL:file:/home/runner/work/key/key/key.core/build/resources/main/de/uka/ilkd/key/java/JavaRedux/java/lang/System.java 
90049      WARN  main            d.u.i.k.p.r.p.TestFile    Replay exception de.uka.ilkd.key.proof.io.ProblemLoaderException: Error loading proof.
Line 90, goal 26, rule ifSplit not available or not applicable in this context.
	at de.uka.ilkd.key.proof.io.IntermediateProofReplayer.reportError(IntermediateProofReplayer.java:779)
Caused by: java.lang.NullPointerException: null
	at java.base/java.util.PriorityQueue.<init>(PriorityQueue.java:224)

90051      WARN  main            d.u.i.k.p.r.p.ForkedTestFileRunner Run failed java.lang.Exception: Exception while loading proof (see cause for details): /home/runner/work/key/key/key.core/../key.ui/examples/standard_key/java_dl/continue2.key.proof
	at de.uka.ilkd.key.proof.runallproofs.proofcollection.TestFile.reloadProof(TestFile.java:314)
Caused by: de.uka.ilkd.key.proof.io.ProblemLoaderException: Error loading proof.
Line 90, goal 26, rule ifSplit not available or not applicable in this context.
	at de.uka.ilkd.key.proof.io.IntermediateProofReplayer.reportError(IntermediateProofReplayer.java:779)
Caused by: java.lang.NullPointerException: null
	at java.base/java.util.PriorityQueue.<init>(PriorityQueue.java:224)

95000      WARN  main            d.u.i.k.p.r.p.TestFile    Replay exception de.uka.ilkd.key.proof.io.ProblemLoaderException: Error loading proof.
Line 92, goal 28, rule ifSplit not available or not applicable in this context.
	at de.uka.ilkd.key.proof.io.IntermediateProofReplayer.reportError(IntermediateProofReplayer.java:779)
Caused by: java.lang.NullPointerException: null
	at java.base/java.util.PriorityQueue.<init>(PriorityQueue.java:224)

95000      WARN  main            d.u.i.k.p.r.p.ForkedTestFileRunner Run failed java.lang.Exception: Exception while loading proof (see cause for details): /home/runner/work/key/key/key.core/../key.ui/examples/standard_key/java_dl/complexAssignment.key.proof
	at de.uka.ilkd.key.proof.runallproofs.proofcollection.TestFile.reloadProof(TestFile.java:314)
Caused by: de.uka.ilkd.key.proof.io.ProblemLoaderException: Error loading proof.
Line 92, goal 28, rule ifSplit not available or not applicable in this context.
	at de.uka.ilkd.key.proof.io.IntermediateProofReplayer.reportError(IntermediateProofReplayer.java:779)
Caused by: java.lang.NullPointerException: null
	at java.base/java.util.PriorityQueue.<init>(PriorityQueue.java:224)

99939      WARN  main            d.u.i.k.p.r.p.TestFile    Replay exception de.uka.ilkd.key.proof.io.ProblemLoaderException: Error loading proof.
Line 85, goal 19, rule ifSplit not available or not applicable in this context.
	at de.uka.ilkd.key.proof.io.IntermediateProofReplayer.reportError(IntermediateProofReplayer.java:779)
Caused by: java.lang.NullPointerException: null
	at java.base/java.util.PriorityQueue.<init>(PriorityQueue.java:224)

99939      WARN  main            d.u.i.k.p.r.p.ForkedTestFileRunner Run failed java.lang.Exception: Exception while loading proof (see cause for details): /home/runner/work/key/key/key.core/../key.ui/examples/standard_key/java_dl/danglingElseSolution1.key.proof
	at de.uka.ilkd.key.proof.runallproofs.proofcollection.TestFile.reloadProof(TestFile.java:314)
Caused by: de.uka.ilkd.key.proof.io.ProblemLoaderException: Error loading proof.
Line 85, goal 19, rule ifSplit not available or not applicable in this context.
	at de.uka.ilkd.key.proof.io.IntermediateProofReplayer.reportError(IntermediateProofReplayer.java:779)
Caused by: java.lang.NullPointerException: null
	at java.base/java.util.PriorityQueue.<init>(PriorityQueue.java:224)

104921     WARN  main            d.u.i.k.p.r.p.TestFile    Replay exception de.uka.ilkd.key.proof.io.ProblemLoaderException: Error loading proof.
Line 85, goal 19, rule ifElseSplit not available or not applicable in this context.
	at de.uka.ilkd.key.proof.io.IntermediateProofReplayer.reportError(IntermediateProofReplayer.java:779)
Caused by: java.lang.NullPointerException: null
	at java.base/java.util.PriorityQueue.<init>(PriorityQueue.java:224)

104921     WARN  main            d.u.i.k.p.r.p.ForkedTestFileRunner Run failed java.lang.Exception: Exception while loading proof (see cause for details): /home/runner/work/key/key/key.core/../key.ui/examples/standard_key/java_dl/danglingElseSolution2.key.proof
	at de.uka.ilkd.key.proof.runallproofs.proofcollection.TestFile.reloadProof(TestFile.java:314)
Caused by: de.uka.ilkd.key.proof.io.ProblemLoaderException: Error loading proof.
Line 85, goal 19, rule ifElseSplit not available or not applicable in this context.
	at de.uka.ilkd.key.proof.io.IntermediateProofReplayer.reportError(IntermediateProofReplayer.java:779)
Caused by: java.lang.NullPointerException: null
	at java.base/java.util.PriorityQueue.<init>(PriorityQueue.java:224)

110202     WARN  main            d.u.i.k.p.r.p.TestFile    Replay exception de.uka.ilkd.key.proof.io.ProblemLoaderException: Error loading proof.
Line 101, goal 40, rule Class_invariant_axiom_for_Arrays not available or not applicable in this context.
	at de.uka.ilkd.key.proof.io.IntermediateProofReplayer.reportError(IntermediateProofReplayer.java:779)
Caused by: java.lang.NullPointerException: null
	at java.base/java.util.PriorityQueue.<init>(PriorityQueue.java:224)

110203     WARN  main            d.u.i.k.p.r.p.ForkedTestFileRunner Run failed java.lang.Exception: Exception while loading proof (see cause for details): /home/runner/work/key/key/key.core/../key.ui/examples/standard_key/java_dl/deepNonNull/deepNonNull0.key.proof
	at de.uka.ilkd.key.proof.runallproofs.proofcollection.TestFile.reloadProof(TestFile.java:314)
Caused by: de.uka.ilkd.key.proof.io.ProblemLoaderException: Error loading proof.
Line 101, goal 40, rule Class_invariant_axiom_for_Arrays not available or not applicable in this context.
	at de.uka.ilkd.key.proof.io.IntermediateProofReplayer.reportError(IntermediateProofReplayer.java:779)
Caused by: java.lang.NullPointerException: null
	at java.base/java.util.PriorityQueue.<init>(PriorityQueue.java:224)

115384     WARN  main            d.u.i.k.p.r.p.TestFile    Replay exception de.uka.ilkd.key.proof.io.ProblemLoaderException: Error loading proof.
Line 77, goal 16, rule Class_invariant_axiom_for_Arrays not available or not applicable in this context.
	at de.uka.ilkd.key.proof.io.IntermediateProofReplayer.reportError(IntermediateProofReplayer.java:779)
Caused by: java.lang.NullPointerException: null
	at java.base/java.util.PriorityQueue.<init>(PriorityQueue.java:224)

115385     WARN  main            d.u.i.k.p.r.p.ForkedTestFileRunner Run failed java.lang.Exception: Exception while loading proof (see cause for details): /home/runner/work/key/key/key.core/../key.ui/examples/standard_key/java_dl/deepNonNull/deepNonNull1.key.proof
	at de.uka.ilkd.key.proof.runallproofs.proofcollection.TestFile.reloadProof(TestFile.java:314)
Caused by: de.uka.ilkd.key.proof.io.ProblemLoaderException: Error loading proof.
Line 77, goal 16, rule Class_invariant_axiom_for_Arrays not available or not applicable in this context.
	at de.uka.ilkd.key.proof.io.IntermediateProofReplayer.reportError(IntermediateProofReplayer.java:779)
Caused by: java.lang.NullPointerException: null
	at java.base/java.util.PriorityQueue.<init>(PriorityQueue.java:224)

124058     WARN  main            d.u.i.k.p.r.p.TestFile    Replay exception de.uka.ilkd.key.proof.io.ProblemLoaderException: Error loading proof.
Line 172, goal 111, rule Class_invariant_axiom_for_Arrays not available or not applicable in this context.
	at de.uka.ilkd.key.proof.io.IntermediateProofReplayer.reportError(IntermediateProofReplayer.java:779)
Caused by: java.lang.NullPointerException: null
	at java.base/java.util.PriorityQueue.<init>(PriorityQueue.java:224)

124059     WARN  main            d.u.i.k.p.r.p.ForkedTestFileRunner Run failed java.lang.Exception: Exception while loading proof (see cause for details): /home/runner/work/key/key/key.core/../key.ui/examples/standard_key/java_dl/deepNonNull/deepNonNull3.key.proof
	at de.uka.ilkd.key.proof.runallproofs.proofcollection.TestFile.reloadProof(TestFile.java:314)
Caused by: de.uka.ilkd.key.proof.io.ProblemLoaderException: Error loading proof.
Line 172, goal 111, rule Class_invariant_axiom_for_Arrays not available or not applicable in this context.
	at de.uka.ilkd.key.proof.io.IntermediateProofReplayer.reportError(IntermediateProofReplayer.java:779)
Caused by: java.lang.NullPointerException: null
	at java.base/java.util.PriorityQueue.<init>(PriorityQueue.java:224)

124078     WARN  main            d.u.i.k.j.r.KeYCrossReferenceNameInfo Datatype java.io.PrintStream declared twice: Once in FILE:/home/runner/work/key/key/key.core/../key.ui/examples/standard_key/java_dl/classpath/PrintStream.java and once in URL:file:/home/runner/work/key/key/key.core/build/resources/main/de/uka/ilkd/key/java/JavaRedux/java/io/PrintStream.java, Keeping one from URL:file:/home/runner/work/key/key/key.core/build/resources/main/de/uka/ilkd/key/java/JavaRedux/java/io/PrintStream.java 
124078     WARN  main            d.u.i.k.j.r.KeYCrossReferenceNameInfo Datatype java.io.InputStream declared twice: Once in FILE:/home/runner/work/key/key/key.core/../key.ui/examples/standard_key/java_dl/classpath/InputStream.java and once in URL:file:/home/runner/work/key/key/key.core/build/resources/main/de/uka/ilkd/key/java/JavaRedux/java/io/InputStream.java, Keeping one from URL:file:/home/runner/work/key/key/key.core/build/resources/main/de/uka/ilkd/key/java/JavaRedux/java/io/InputStream.java 
124078     WARN  main            d.u.i.k.j.r.KeYCrossReferenceNameInfo Datatype java.lang.System declared twice: Once in FILE:/home/runner/work/key/key/key.core/../key.ui/examples/standard_key/java_dl/classpath/System.java and once in URL:file:/home/runner/work/key/key/key.core/build/resources/main/de/uka/ilkd/key/java/JavaRedux/java/lang/System.java, Keeping one from URL:file:/home/runner/work/key/key/key.core/build/resources/main/de/uka/ilkd/key/java/JavaRedux/java/lang/System.java 
126948     WARN  main            d.u.i.k.j.r.KeYCrossReferenceNameInfo Datatype java.io.PrintStream declared twice: Once in FILE:/home/runner/work/key/key/key.core/../key.ui/examples/standard_key/java_dl/classpath/PrintStream.java and once in URL:file:/home/runner/work/key/key/key.core/build/resources/main/de/uka/ilkd/key/java/JavaRedux/java/io/PrintStream.java, Keeping one from URL:file:/home/runner/work/key/key/key.core/build/resources/main/de/uka/ilkd/key/java/JavaRedux/java/io/PrintStream.java 
126951     WARN  main            d.u.i.k.j.r.KeYCrossReferenceNameInfo Datatype java.io.InputStream declared twice: Once in FILE:/home/runner/work/key/key/key.core/../key.ui/examples/standard_key/java_dl/classpath/InputStream.java and once in URL:file:/home/runner/work/key/key/key.core/build/resources/main/de/uka/ilkd/key/java/JavaRedux/java/io/InputStream.java, Keeping one from URL:file:/home/runner/work/key/key/key.core/build/resources/main/de/uka/ilkd/key/java/JavaRedux/java/io/InputStream.java 
126952     WARN  main            d.u.i.k.j.r.KeYCrossReferenceNameInfo Datatype java.lang.System declared twice: Once in FILE:/home/runner/work/key/key/key.core/../key.ui/examples/standard_key/java_dl/classpath/System.java and once in URL:file:/home/runner/work/key/key/key.core/build/resources/main/de/uka/ilkd/key/java/JavaRedux/java/lang/System.java, Keeping one from URL:file:/home/runner/work/key/key/key.core/build/resources/main/de/uka/ilkd/key/java/JavaRedux/java/lang/System.java 
129309     WARN  main            d.u.i.k.p.r.p.TestFile    Replay exception de.uka.ilkd.key.proof.io.ProblemLoaderException: Error loading proof.
Line 152, goal 88, rule assignment_write_attribute not available or not applicable in this context.
	at de.uka.ilkd.key.proof.io.IntermediateProofReplayer.reportError(IntermediateProofReplayer.java:779)
Caused by: java.lang.NullPointerException: null
	at java.base/java.util.PriorityQueue.<init>(PriorityQueue.java:224)

129310     WARN  main            d.u.i.k.p.r.p.ForkedTestFileRunner Run failed java.lang.Exception: Exception while loading proof (see cause for details): /home/runner/work/key/key/key.core/../key.ui/examples/standard_key/java_dl/exceptions.key.proof
	at de.uka.ilkd.key.proof.runallproofs.proofcollection.TestFile.reloadProof(TestFile.java:314)
Caused by: de.uka.ilkd.key.proof.io.ProblemLoaderException: Error loading proof.
Line 152, goal 88, rule assignment_write_attribute not available or not applicable in this context.
	at de.uka.ilkd.key.proof.io.IntermediateProofReplayer.reportError(IntermediateProofReplayer.java:779)
Caused by: java.lang.NullPointerException: null
	at java.base/java.util.PriorityQueue.<init>(PriorityQueue.java:224)

134313     WARN  main            d.u.i.k.p.r.p.TestFile    Replay exception de.uka.ilkd.key.proof.io.ProblemLoaderException: Error loading proof.
Line 159, goal 89, rule assignment_write_attribute not available or not applicable in this context.
	at de.uka.ilkd.key.proof.io.IntermediateProofReplayer.reportError(IntermediateProofReplayer.java:779)
Caused by: java.lang.NullPointerException: null
	at java.base/java.util.PriorityQueue.<init>(PriorityQueue.java:224)

134313     WARN  main            d.u.i.k.p.r.p.ForkedTestFileRunner Run failed java.lang.Exception: Exception while loading proof (see cause for details): /home/runner/work/key/key/key.core/../key.ui/examples/standard_key/java_dl/exceptions1.key.proof
	at de.uka.ilkd.key.proof.runallproofs.proofcollection.TestFile.reloadProof(TestFile.java:314)
Caused by: de.uka.ilkd.key.proof.io.ProblemLoaderException: Error loading proof.
Line 159, goal 89, rule assignment_write_attribute not available or not applicable in this context.
	at de.uka.ilkd.key.proof.io.IntermediateProofReplayer.reportError(IntermediateProofReplayer.java:779)
Caused by: java.lang.NullPointerException: null
	at java.base/java.util.PriorityQueue.<init>(PriorityQueue.java:224)

139324     WARN  main            d.u.i.k.p.r.p.TestFile    Replay exception de.uka.ilkd.key.proof.io.ProblemLoaderException: Error loading proof.
Line 80, goal 8, rule ifElseSplit not available or not applicable in this context.
	at de.uka.ilkd.key.proof.io.IntermediateProofReplayer.reportError(IntermediateProofReplayer.java:779)
Caused by: java.lang.NullPointerException: null
	at java.base/java.util.PriorityQueue.<init>(PriorityQueue.java:224)

139325     WARN  main            d.u.i.k.p.r.p.ForkedTestFileRunner Run failed java.lang.Exception: Exception while loading proof (see cause for details): /home/runner/work/key/key/key.core/../key.ui/examples/standard_key/java_dl/exceptions2.key.proof
	at de.uka.ilkd.key.proof.runallproofs.proofcollection.TestFile.reloadProof(TestFile.java:314)
Caused by: de.uka.ilkd.key.proof.io.ProblemLoaderException: Error loading proof.
Line 80, goal 8, rule ifElseSplit not available or not applicable in this context.
	at de.uka.ilkd.key.proof.io.IntermediateProofReplayer.reportError(IntermediateProofReplayer.java:779)
Caused by: java.lang.NullPointerException: null
	at java.base/java.util.PriorityQueue.<init>(PriorityQueue.java:224)

139344     WARN  main            d.u.i.k.j.r.KeYCrossReferenceNameInfo Datatype java.io.PrintStream declared twice: Once in FILE:/home/runner/work/key/key/key.core/../key.ui/examples/standard_key/java_dl/classpath/PrintStream.java and once in URL:file:/home/runner/work/key/key/key.core/build/resources/main/de/uka/ilkd/key/java/JavaRedux/java/io/PrintStream.java, Keeping one from URL:file:/home/runner/work/key/key/key.core/build/resources/main/de/uka/ilkd/key/java/JavaRedux/java/io/PrintStream.java 
139344     WARN  main            d.u.i.k.j.r.KeYCrossReferenceNameInfo Datatype java.io.InputStream declared twice: Once in FILE:/home/runner/work/key/key/key.core/../key.ui/examples/standard_key/java_dl/classpath/InputStream.java and once in URL:file:/home/runner/work/key/key/key.core/build/resources/main/de/uka/ilkd/key/java/JavaRedux/java/io/InputStream.java, Keeping one from URL:file:/home/runner/work/key/key/key.core/build/resources/main/de/uka/ilkd/key/java/JavaRedux/java/io/InputStream.java 
139344     WARN  main            d.u.i.k.j.r.KeYCrossReferenceNameInfo Datatype java.lang.System declared twice: Once in FILE:/home/runner/work/key/key/key.core/../key.ui/examples/standard_key/java_dl/classpath/System.java and once in URL:file:/home/runner/work/key/key/key.core/build/resources/main/de/uka/ilkd/key/java/JavaRedux/java/lang/System.java, Keeping one from URL:file:/home/runner/work/key/key/key.core/build/resources/main/de/uka/ilkd/key/java/JavaRedux/java/lang/System.java 
142036     WARN  main            d.u.i.k.j.r.KeYCrossReferenceNameInfo Datatype java.io.PrintStream declared twice: Once in FILE:/home/runner/work/key/key/key.core/../key.ui/examples/standard_key/java_dl/classpath/PrintStream.java and once in URL:file:/home/runner/work/key/key/key.core/build/resources/main/de/uka/ilkd/key/java/JavaRedux/java/io/PrintStream.java, Keeping one from URL:file:/home/runner/work/key/key/key.core/build/resources/main/de/uka/ilkd/key/java/JavaRedux/java/io/PrintStream.java 
142036     WARN  main            d.u.i.k.j.r.KeYCrossReferenceNameInfo Datatype java.io.InputStream declared twice: Once in FILE:/home/runner/work/key/key/key.core/../key.ui/examples/standard_key/java_dl/classpath/InputStream.java and once in URL:file:/home/runner/work/key/key/key.core/build/resources/main/de/uka/ilkd/key/java/JavaRedux/java/io/InputStream.java, Keeping one from URL:file:/home/runner/work/key/key/key.core/build/resources/main/de/uka/ilkd/key/java/JavaRedux/java/io/InputStream.java 
142037     WARN  main            d.u.i.k.j.r.KeYCrossReferenceNameInfo Datatype java.lang.System declared twice: Once in FILE:/home/runner/work/key/key/key.core/../key.ui/examples/standard_key/java_dl/classpath/System.java and once in URL:file:/home/runner/work/key/key/key.core/build/resources/main/de/uka/ilkd/key/java/JavaRedux/java/lang/System.java, Keeping one from URL:file:/home/runner/work/key/key/key.core/build/resources/main/de/uka/ilkd/key/java/JavaRedux/java/lang/System.java 
154238     WARN  main            d.u.i.k.p.r.p.TestFile    Replay exception de.uka.ilkd.key.proof.io.ProblemLoaderException: Error loading proof.
Line 74, goal 10, rule ifElseSplit not available or not applicable in this context.
	at de.uka.ilkd.key.proof.io.IntermediateProofReplayer.reportError(IntermediateProofReplayer.java:779)
Caused by: java.lang.NullPointerException: null
	at java.base/java.util.PriorityQueue.<init>(PriorityQueue.java:224)

154239     WARN  main            d.u.i.k.p.r.p.ForkedTestFileRunner Run failed java.lang.Exception: Exception while loading proof (see cause for details): /home/runner/work/key/key/key.core/../key.ui/examples/standard_key/java_dl/if.key.proof
	at de.uka.ilkd.key.proof.runallproofs.proofcollection.TestFile.reloadProof(TestFile.java:314)
Caused by: de.uka.ilkd.key.proof.io.ProblemLoaderException: Error loading proof.
Line 74, goal 10, rule ifElseSplit not available or not applicable in this context.
	at de.uka.ilkd.key.proof.io.IntermediateProofReplayer.reportError(IntermediateProofReplayer.java:779)
Caused by: java.lang.NullPointerException: null
	at java.base/java.util.PriorityQueue.<init>(PriorityQueue.java:224)

167073     WARN  main            d.u.i.k.p.r.p.TestFile    Replay exception de.uka.ilkd.key.proof.io.ProblemLoaderException: Error loading proof.
Line 81, goal 13, rule ifSplit not available or not applicable in this context.
	at de.uka.ilkd.key.proof.io.IntermediateProofReplayer.reportError(IntermediateProofReplayer.java:779)
Caused by: java.lang.NullPointerException: null
	at java.base/java.util.PriorityQueue.<init>(PriorityQueue.java:224)

167073     WARN  main            d.u.i.k.p.r.p.ForkedTestFileRunner Run failed java.lang.Exception: Exception while loading proof (see cause for details): /home/runner/work/key/key/key.core/../key.ui/examples/standard_key/java_dl/iteratedAssignment.key.proof
	at de.uka.ilkd.key.proof.runallproofs.proofcollection.TestFile.reloadProof(TestFile.java:314)
Caused by: de.uka.ilkd.key.proof.io.ProblemLoaderException: Error loading proof.
Line 81, goal 13, rule ifSplit not available or not applicable in this context.
	at de.uka.ilkd.key.proof.io.IntermediateProofReplayer.reportError(IntermediateProofReplayer.java:779)
Caused by: java.lang.NullPointerException: null
	at java.base/java.util.PriorityQueue.<init>(PriorityQueue.java:224)

175151     WARN  main            d.u.i.k.p.r.p.TestFile    Replay exception de.uka.ilkd.key.proof.io.ProblemLoaderException: Error loading proof.
Line 75, goal 14, rule assert not available or not applicable in this context.
	at de.uka.ilkd.key.proof.io.IntermediateProofReplayer.reportError(IntermediateProofReplayer.java:779)
Caused by: java.lang.NullPointerException: null
	at java.base/java.util.PriorityQueue.<init>(PriorityQueue.java:224)

175152     WARN  main            d.u.i.k.p.r.p.ForkedTestFileRunner Run failed java.lang.Exception: Exception while loading proof (see cause for details): /home/runner/work/key/key/key.core/../key.ui/examples/standard_key/java_dl/assert/assert2.key.proof
	at de.uka.ilkd.key.proof.runallproofs.proofcollection.TestFile.reloadProof(TestFile.java:314)
Caused by: de.uka.ilkd.key.proof.io.ProblemLoaderException: Error loading proof.
Line 75, goal 14, rule assert not available or not applicable in this context.
	at de.uka.ilkd.key.proof.io.IntermediateProofReplayer.reportError(IntermediateProofReplayer.java:779)
Caused by: java.lang.NullPointerException: null
	at java.base/java.util.PriorityQueue.<init>(PriorityQueue.java:224)

184569     WARN  main            d.u.i.k.p.r.p.TestFile    Replay exception de.uka.ilkd.key.proof.io.ProblemLoaderException: Error loading proof.
Line 110, goal 13, rule andRight not available or not applicable in this context.
	at de.uka.ilkd.key.proof.io.IntermediateProofReplayer.reportError(IntermediateProofReplayer.java:779)
Caused by: java.lang.NullPointerException: null
	at java.base/java.util.PriorityQueue.<init>(PriorityQueue.java:224)

184571     WARN  main            d.u.i.k.p.r.p.ForkedTestFileRunner Run failed java.lang.Exception: Exception while loading proof (see cause for details): /home/runner/work/key/key/key.core/../key.ui/examples/standard_key/java_dl/java5/vararg.key.proof
	at de.uka.ilkd.key.proof.runallproofs.proofcollection.TestFile.reloadProof(TestFile.java:314)
Caused by: de.uka.ilkd.key.proof.io.ProblemLoaderException: Error loading proof.
Line 110, goal 13, rule andRight not available or not applicable in this context.
	at de.uka.ilkd.key.proof.io.IntermediateProofReplayer.reportError(IntermediateProofReplayer.java:779)
Caused by: java.lang.NullPointerException: null
	at java.base/java.util.PriorityQueue.<init>(PriorityQueue.java:224)

190437     WARN  main            d.u.i.k.p.r.p.TestFile    Replay exception de.uka.ilkd.key.proof.io.ProblemLoaderException: Error loading proof.
Line 78, goal 17, rule Class_invariant_axiom_for_For not available or not applicable in this context.
	at de.uka.ilkd.key.proof.io.IntermediateProofReplayer.reportError(IntermediateProofReplayer.java:779)
Caused by: java.lang.NullPointerException: null
	at java.base/java.util.PriorityQueue.<init>(PriorityQueue.java:224)

190438     WARN  main            d.u.i.k.p.r.p.ForkedTestFileRunner Run failed java.lang.Exception: Exception while loading proof (see cause for details): /home/runner/work/key/key/key.core/../key.ui/examples/standard_key/java_dl/java5/for_Array.key.proof
	at de.uka.ilkd.key.proof.runallproofs.proofcollection.TestFile.reloadProof(TestFile.java:314)
Caused by: de.uka.ilkd.key.proof.io.ProblemLoaderException: Error loading proof.
Line 78, goal 17, rule Class_invariant_axiom_for_For not available or not applicable in this context.
	at de.uka.ilkd.key.proof.io.IntermediateProofReplayer.reportError(IntermediateProofReplayer.java:779)
Caused by: java.lang.NullPointerException: null
	at java.base/java.util.PriorityQueue.<init>(PriorityQueue.java:224)

196051     WARN  main            d.u.i.k.p.r.p.TestFile    Replay exception de.uka.ilkd.key.proof.io.ProblemLoaderException: Error loading proof.
Line 78, goal 17, rule Class_invariant_axiom_for_For not available or not applicable in this context.
	at de.uka.ilkd.key.proof.io.IntermediateProofReplayer.reportError(IntermediateProofReplayer.java:779)
Caused by: java.lang.NullPointerException: null
	at java.base/java.util.PriorityQueue.<init>(PriorityQueue.java:224)

196052     WARN  main            d.u.i.k.p.r.p.ForkedTestFileRunner Run failed java.lang.Exception: Exception while loading proof (see cause for details): /home/runner/work/key/key/key.core/../key.ui/examples/standard_key/java_dl/java5/for_Iterable.key.proof
	at de.uka.ilkd.key.proof.runallproofs.proofcollection.TestFile.reloadProof(TestFile.java:314)
Caused by: de.uka.ilkd.key.proof.io.ProblemLoaderException: Error loading proof.
Line 78, goal 17, rule Class_invariant_axiom_for_For not available or not applicable in this context.
	at de.uka.ilkd.key.proof.io.IntermediateProofReplayer.reportError(IntermediateProofReplayer.java:779)
Caused by: java.lang.NullPointerException: null
	at java.base/java.util.PriorityQueue.<init>(PriorityQueue.java:224)

201651     WARN  main            d.u.i.k.p.r.p.TestFile    Replay exception de.uka.ilkd.key.proof.io.ProblemLoaderException: Error loading proof.
Line 124, goal 63, rule loopScopeInvDia not available or not applicable in this context.
	at de.uka.ilkd.key.proof.io.IntermediateProofReplayer.reportError(IntermediateProofReplayer.java:779)
Caused by: java.lang.NullPointerException: null
	at java.base/java.util.PriorityQueue.<init>(PriorityQueue.java:224)

201653     WARN  main            d.u.i.k.p.r.p.ForkedTestFileRunner Run failed java.lang.Exception: Exception while loading proof (see cause for details): /home/runner/work/key/key/key.core/../key.ui/examples/standard_key/java_dl/java5/for_ReferenceArray.key.proof
	at de.uka.ilkd.key.proof.runallproofs.proofcollection.TestFile.reloadProof(TestFile.java:314)
Caused by: de.uka.ilkd.key.proof.io.ProblemLoaderException: Error loading proof.
Line 124, goal 63, rule loopScopeInvDia not available or not applicable in this context.
	at de.uka.ilkd.key.proof.io.IntermediateProofReplayer.reportError(IntermediateProofReplayer.java:779)
Caused by: java.lang.NullPointerException: null
	at java.base/java.util.PriorityQueue.<init>(PriorityQueue.java:224)

206893     WARN  main            d.u.i.k.p.r.p.TestFile    Replay exception de.uka.ilkd.key.proof.io.ProblemLoaderException: Error loading proof.
Line 71, goal 10, rule Class_invariant_axiom_for_Mult not available or not applicable in this context.
	at de.uka.ilkd.key.proof.io.IntermediateProofReplayer.reportError(IntermediateProofReplayer.java:779)
Caused by: java.lang.NullPointerException: null
	at java.base/java.util.PriorityQueue.<init>(PriorityQueue.java:224)

206894     WARN  main            d.u.i.k.p.r.p.ForkedTestFileRunner Run failed java.lang.Exception: Exception while loading proof (see cause for details): /home/runner/work/key/key/key.core/../key.ui/examples/standard_key/java_dl/jml-bigint/cast.key.proof
	at de.uka.ilkd.key.proof.runallproofs.proofcollection.TestFile.reloadProof(TestFile.java:314)
Caused by: de.uka.ilkd.key.proof.io.ProblemLoaderException: Error loading proof.
Line 71, goal 10, rule Class_invariant_axiom_for_Mult not available or not applicable in this context.
	at de.uka.ilkd.key.proof.io.IntermediateProofReplayer.reportError(IntermediateProofReplayer.java:779)
Caused by: java.lang.NullPointerException: null
	at java.base/java.util.PriorityQueue.<init>(PriorityQueue.java:224)

212120     WARN  main            d.u.i.k.p.r.p.TestFile    Replay exception de.uka.ilkd.key.proof.io.ProblemLoaderException: Error loading proof.
Line 77, goal 16, rule loopScopeInvBox not available or not applicable in this context.
	at de.uka.ilkd.key.proof.io.IntermediateProofReplayer.reportError(IntermediateProofReplayer.java:779)
Caused by: java.lang.NullPointerException: null
	at java.base/java.util.PriorityQueue.<init>(PriorityQueue.java:224)

212121     WARN  main            d.u.i.k.p.r.p.ForkedTestFileRunner Run failed java.lang.Exception: Exception while loading proof (see cause for details): /home/runner/work/key/key/key.core/../key.ui/examples/standard_key/java_dl/jml-free/loopInvFree.key.proof
	at de.uka.ilkd.key.proof.runallproofs.proofcollection.TestFile.reloadProof(TestFile.java:314)
Caused by: de.uka.ilkd.key.proof.io.ProblemLoaderException: Error loading proof.
Line 77, goal 16, rule loopScopeInvBox not available or not applicable in this context.
	at de.uka.ilkd.key.proof.io.IntermediateProofReplayer.reportError(IntermediateProofReplayer.java:779)
Caused by: java.lang.NullPointerException: null
	at java.base/java.util.PriorityQueue.<init>(PriorityQueue.java:224)

217255     WARN  main            d.u.i.k.p.r.p.TestFile    Replay exception de.uka.ilkd.key.proof.io.ProblemLoaderException: Error loading proof.
Line 73, goal 12, rule Use Operation Contract not available or not applicable in this context.
	at de.uka.ilkd.key.proof.io.IntermediateProofReplayer.reportError(IntermediateProofReplayer.java:779)
Caused by: java.lang.NullPointerException: null
	at java.base/java.util.PriorityQueue.<init>(PriorityQueue.java:224)

217256     WARN  main            d.u.i.k.p.r.p.ForkedTestFileRunner Run failed java.lang.Exception: Exception while loading proof (see cause for details): /home/runner/work/key/key/key.core/../key.ui/examples/standard_key/java_dl/jml-free/ensuresFree.key.proof
	at de.uka.ilkd.key.proof.runallproofs.proofcollection.TestFile.reloadProof(TestFile.java:314)
Caused by: de.uka.ilkd.key.proof.io.ProblemLoaderException: Error loading proof.
Line 73, goal 12, rule Use Operation Contract not available or not applicable in this context.
	at de.uka.ilkd.key.proof.io.IntermediateProofReplayer.reportError(IntermediateProofReplayer.java:779)
Caused by: java.lang.NullPointerException: null
	at java.base/java.util.PriorityQueue.<init>(PriorityQueue.java:224)

290526     WARN  main            d.u.i.k.p.r.p.TestFile    Replay exception de.uka.ilkd.key.proof.io.ProblemLoaderException: Error loading proof.
Line 543, goal 282, rule assignment_to_primitive_array_component not available or not applicable in this context.
	at de.uka.ilkd.key.proof.io.IntermediateProofReplayer.reportError(IntermediateProofReplayer.java:779)
Caused by: java.lang.NullPointerException: null
	at java.base/java.util.PriorityQueue.<init>(PriorityQueue.java:224)

290527     WARN  main            d.u.i.k.p.r.p.ForkedTestFileRunner Run failed java.lang.Exception: Exception while loading proof (see cause for details): /home/runner/work/key/key/key.core/../key.ui/examples/standard_key/java_dl/jml-information-flow.key.proof
	at de.uka.ilkd.key.proof.runallproofs.proofcollection.TestFile.reloadProof(TestFile.java:314)
Caused by: de.uka.ilkd.key.proof.io.ProblemLoaderException: Error loading proof.
Line 543, goal 282, rule assignment_to_primitive_array_component not available or not applicable in this context.
	at de.uka.ilkd.key.proof.io.IntermediateProofReplayer.reportError(IntermediateProofReplayer.java:779)
Caused by: java.lang.NullPointerException: null
	at java.base/java.util.PriorityQueue.<init>(PriorityQueue.java:224)

306466     WARN  main            d.u.i.k.p.r.p.TestFile    Replay exception de.uka.ilkd.key.proof.io.ProblemLoaderException: Error loading proof.
Line 124, goal 58, rule assignment_write_attribute not available or not applicable in this context.
	at de.uka.ilkd.key.proof.io.IntermediateProofReplayer.reportError(IntermediateProofReplayer.java:779)
Caused by: java.lang.NullPointerException: null
	at java.base/java.util.PriorityQueue.<init>(PriorityQueue.java:224)

306467     WARN  main            d.u.i.k.p.r.p.ForkedTestFileRunner Run failed java.lang.Exception: Exception while loading proof (see cause for details): /home/runner/work/key/key/key.core/../key.ui/examples/standard_key/java_dl/methodCall1.key.proof
	at de.uka.ilkd.key.proof.runallproofs.proofcollection.TestFile.reloadProof(TestFile.java:314)
Caused by: de.uka.ilkd.key.proof.io.ProblemLoaderException: Error loading proof.
Line 124, goal 58, rule assignment_write_attribute not available or not applicable in this context.
	at de.uka.ilkd.key.proof.io.IntermediateProofReplayer.reportError(IntermediateProofReplayer.java:779)
Caused by: java.lang.NullPointerException: null
	at java.base/java.util.PriorityQueue.<init>(PriorityQueue.java:224)

311805     WARN  main            d.u.i.k.p.r.p.TestFile    Replay exception de.uka.ilkd.key.proof.io.ProblemLoaderException: Error loading proof.
Line 122, goal 58, rule assignment_write_attribute not available or not applicable in this context.
	at de.uka.ilkd.key.proof.io.IntermediateProofReplayer.reportError(IntermediateProofReplayer.java:779)
Caused by: java.lang.NullPointerException: null
	at java.base/java.util.PriorityQueue.<init>(PriorityQueue.java:224)

311806     WARN  main            d.u.i.k.p.r.p.ForkedTestFileRunner Run failed java.lang.Exception: Exception while loading proof (see cause for details): /home/runner/work/key/key/key.core/../key.ui/examples/standard_key/java_dl/methodCall1box.key.proof
	at de.uka.ilkd.key.proof.runallproofs.proofcollection.TestFile.reloadProof(TestFile.java:314)
Caused by: de.uka.ilkd.key.proof.io.ProblemLoaderException: Error loading proof.
Line 122, goal 58, rule assignment_write_attribute not available or not applicable in this context.
	at de.uka.ilkd.key.proof.io.IntermediateProofReplayer.reportError(IntermediateProofReplayer.java:779)
Caused by: java.lang.NullPointerException: null
	at java.base/java.util.PriorityQueue.<init>(PriorityQueue.java:224)

316920     WARN  main            d.u.i.k.p.r.p.TestFile    Replay exception de.uka.ilkd.key.proof.io.ProblemLoaderException: Error loading proof.
Line 69, goal 2, rule methodCallWithAssignment not available or not applicable in this context.
	at de.uka.ilkd.key.proof.io.IntermediateProofReplayer.reportError(IntermediateProofReplayer.java:779)
Caused by: java.lang.NullPointerException: null
	at java.base/java.util.PriorityQueue.<init>(PriorityQueue.java:224)

316921     WARN  main            d.u.i.k.p.r.p.ForkedTestFileRunner Run failed java.lang.Exception: Exception while loading proof (see cause for details): /home/runner/work/key/key/key.core/../key.ui/examples/standard_key/java_dl/methodCall3.key.proof
	at de.uka.ilkd.key.proof.runallproofs.proofcollection.TestFile.reloadProof(TestFile.java:314)
Caused by: de.uka.ilkd.key.proof.io.ProblemLoaderException: Error loading proof.
Line 69, goal 2, rule methodCallWithAssignment not available or not applicable in this context.
	at de.uka.ilkd.key.proof.io.IntermediateProofReplayer.reportError(IntermediateProofReplayer.java:779)
Caused by: java.lang.NullPointerException: null
	at java.base/java.util.PriorityQueue.<init>(PriorityQueue.java:224)

324305     WARN  main            d.u.i.k.p.r.p.TestFile    Replay exception de.uka.ilkd.key.proof.io.ProblemLoaderException: Error loading proof.
Line 187, goal 85, rule assignment_read_length not available or not applicable in this context.
	at de.uka.ilkd.key.proof.io.IntermediateProofReplayer.reportError(IntermediateProofReplayer.java:779)
Caused by: java.lang.NullPointerException: null
	at java.base/java.util.PriorityQueue.<init>(PriorityQueue.java:224)

324306     WARN  main            d.u.i.k.p.r.p.ForkedTestFileRunner Run failed java.lang.Exception: Exception while loading proof (see cause for details): /home/runner/work/key/key/key.core/../key.ui/examples/standard_key/java_dl/polishFlagSort.key.proof
	at de.uka.ilkd.key.proof.runallproofs.proofcollection.TestFile.reloadProof(TestFile.java:314)
Caused by: de.uka.ilkd.key.proof.io.ProblemLoaderException: Error loading proof.
Line 187, goal 85, rule assignment_read_length not available or not applicable in this context.
	at de.uka.ilkd.key.proof.io.IntermediateProofReplayer.reportError(IntermediateProofReplayer.java:779)
Caused by: java.lang.NullPointerException: null
	at java.base/java.util.PriorityQueue.<init>(PriorityQueue.java:224)

339602     WARN  main            d.u.i.k.p.r.p.TestFile    Replay exception de.uka.ilkd.key.proof.io.ProblemLoaderException: Error loading proof.
Line 91, goal 13, rule assignment_read_attribute not available or not applicable in this context.
	at de.uka.ilkd.key.proof.io.IntermediateProofReplayer.reportError(IntermediateProofReplayer.java:779)
Caused by: java.lang.NullPointerException: null
	at java.base/java.util.PriorityQueue.<init>(PriorityQueue.java:224)

339603     WARN  main            d.u.i.k.p.r.p.ForkedTestFileRunner Run failed java.lang.Exception: Exception while loading proof (see cause for details): /home/runner/work/key/key/key.core/../key.ui/examples/standard_key/java_dl/quantifiedQuery.key.proof
	at de.uka.ilkd.key.proof.runallproofs.proofcollection.TestFile.reloadProof(TestFile.java:314)
Caused by: de.uka.ilkd.key.proof.io.ProblemLoaderException: Error loading proof.
Line 91, goal 13, rule assignment_read_attribute not available or not applicable in this context.
	at de.uka.ilkd.key.proof.io.IntermediateProofReplayer.reportError(IntermediateProofReplayer.java:779)
Caused by: java.lang.NullPointerException: null
	at java.base/java.util.PriorityQueue.<init>(PriorityQueue.java:224)

344882     WARN  main            d.u.i.k.p.r.p.TestFile    Replay exception de.uka.ilkd.key.proof.io.ProblemLoaderException: Error loading proof.
Line 85, goal 24, rule Class_invariant_axiom_for_Triangular not available or not applicable in this context.
	at de.uka.ilkd.key.proof.io.IntermediateProofReplayer.reportError(IntermediateProofReplayer.java:779)
Caused by: java.lang.NullPointerException: null
	at java.base/java.util.PriorityQueue.<init>(PriorityQueue.java:224)

344883     WARN  main            d.u.i.k.p.r.p.ForkedTestFileRunner Run failed java.lang.Exception: Exception while loading proof (see cause for details): /home/runner/work/key/key/key.core/../key.ui/examples/standard_key/java_dl/recursion/triangular.key.proof
	at de.uka.ilkd.key.proof.runallproofs.proofcollection.TestFile.reloadProof(TestFile.java:314)
Caused by: de.uka.ilkd.key.proof.io.ProblemLoaderException: Error loading proof.
Line 85, goal 24, rule Class_invariant_axiom_for_Triangular not available or not applicable in this context.
	at de.uka.ilkd.key.proof.io.IntermediateProofReplayer.reportError(IntermediateProofReplayer.java:779)
Caused by: java.lang.NullPointerException: null
	at java.base/java.util.PriorityQueue.<init>(PriorityQueue.java:224)

344902     WARN  main            d.u.i.k.j.r.KeYCrossReferenceNameInfo Datatype java.io.PrintStream declared twice: Once in FILE:/home/runner/work/key/key/key.core/../key.ui/examples/standard_key/java_dl/./classpath/PrintStream.java and once in URL:file:/home/runner/work/key/key/key.core/build/resources/main/de/uka/ilkd/key/java/JavaRedux/java/io/PrintStream.java, Keeping one from URL:file:/home/runner/work/key/key/key.core/build/resources/main/de/uka/ilkd/key/java/JavaRedux/java/io/PrintStream.java 
344902     WARN  main            d.u.i.k.j.r.KeYCrossReferenceNameInfo Datatype java.io.InputStream declared twice: Once in FILE:/home/runner/work/key/key/key.core/../key.ui/examples/standard_key/java_dl/./classpath/InputStream.java and once in URL:file:/home/runner/work/key/key/key.core/build/resources/main/de/uka/ilkd/key/java/JavaRedux/java/io/InputStream.java, Keeping one from URL:file:/home/runner/work/key/key/key.core/build/resources/main/de/uka/ilkd/key/java/JavaRedux/java/io/InputStream.java 
344902     WARN  main            d.u.i.k.j.r.KeYCrossReferenceNameInfo Datatype java.lang.System declared twice: Once in FILE:/home/runner/work/key/key/key.core/../key.ui/examples/standard_key/java_dl/./classpath/System.java and once in URL:file:/home/runner/work/key/key/key.core/build/resources/main/de/uka/ilkd/key/java/JavaRedux/java/lang/System.java, Keeping one from URL:file:/home/runner/work/key/key/key.core/build/resources/main/de/uka/ilkd/key/java/JavaRedux/java/lang/System.java 
352088     WARN  main            d.u.i.k.j.r.KeYCrossReferenceNameInfo Datatype java.io.PrintStream declared twice: Once in FILE:/home/runner/work/key/key/key.core/../key.ui/examples/standard_key/java_dl/classpath/PrintStream.java and once in URL:file:/home/runner/work/key/key/key.core/build/resources/main/de/uka/ilkd/key/java/JavaRedux/java/io/PrintStream.java, Keeping one from URL:file:/home/runner/work/key/key/key.core/build/resources/main/de/uka/ilkd/key/java/JavaRedux/java/io/PrintStream.java 
352088     WARN  main            d.u.i.k.j.r.KeYCrossReferenceNameInfo Datatype java.io.InputStream declared twice: Once in FILE:/home/runner/work/key/key/key.core/../key.ui/examples/standard_key/java_dl/classpath/InputStream.java and once in URL:file:/home/runner/work/key/key/key.core/build/resources/main/de/uka/ilkd/key/java/JavaRedux/java/io/InputStream.java, Keeping one from URL:file:/home/runner/work/key/key/key.core/build/resources/main/de/uka/ilkd/key/java/JavaRedux/java/io/InputStream.java 
352089     WARN  main            d.u.i.k.j.r.KeYCrossReferenceNameInfo Datatype java.lang.System declared twice: Once in FILE:/home/runner/work/key/key/key.core/../key.ui/examples/standard_key/java_dl/classpath/System.java and once in URL:file:/home/runner/work/key/key/key.core/build/resources/main/de/uka/ilkd/key/java/JavaRedux/java/lang/System.java, Keeping one from URL:file:/home/runner/work/key/key/key.core/build/resources/main/de/uka/ilkd/key/java/JavaRedux/java/lang/System.java 
354579     WARN  main            d.u.i.k.p.r.p.TestFile    Replay exception de.uka.ilkd.key.proof.io.ProblemLoaderException: Error loading proof.
Line 177, goal 63, rule assignment_read_length not available or not applicable in this context.
	at de.uka.ilkd.key.proof.io.IntermediateProofReplayer.reportError(IntermediateProofReplayer.java:779)
Caused by: java.lang.NullPointerException: null
	at java.base/java.util.PriorityQueue.<init>(PriorityQueue.java:224)

354580     WARN  main            d.u.i.k.p.r.p.ForkedTestFileRunner Run failed java.lang.Exception: Exception while loading proof (see cause for details): /home/runner/work/key/key/key.core/../key.ui/examples/standard_key/java_dl/reverseArray.key.proof
	at de.uka.ilkd.key.proof.runallproofs.proofcollection.TestFile.reloadProof(TestFile.java:314)
Caused by: de.uka.ilkd.key.proof.io.ProblemLoaderException: Error loading proof.
Line 177, goal 63, rule assignment_read_length not available or not applicable in this context.
	at de.uka.ilkd.key.proof.io.IntermediateProofReplayer.reportError(IntermediateProofReplayer.java:779)
Caused by: java.lang.NullPointerException: null
	at java.base/java.util.PriorityQueue.<init>(PriorityQueue.java:224)

354599     WARN  main            d.u.i.k.j.r.KeYCrossReferenceNameInfo Datatype java.io.PrintStream declared twice: Once in FILE:/home/runner/work/key/key/key.core/../key.ui/examples/standard_key/java_dl/classpath/PrintStream.java and once in URL:file:/home/runner/work/key/key/key.core/build/resources/main/de/uka/ilkd/key/java/JavaRedux/java/io/PrintStream.java, Keeping one from URL:file:/home/runner/work/key/key/key.core/build/resources/main/de/uka/ilkd/key/java/JavaRedux/java/io/PrintStream.java 
354600     WARN  main            d.u.i.k.j.r.KeYCrossReferenceNameInfo Datatype java.io.InputStream declared twice: Once in FILE:/home/runner/work/key/key/key.core/../key.ui/examples/standard_key/java_dl/classpath/InputStream.java and once in URL:file:/home/runner/work/key/key/key.core/build/resources/main/de/uka/ilkd/key/java/JavaRedux/java/io/InputStream.java, Keeping one from URL:file:/home/runner/work/key/key/key.core/build/resources/main/de/uka/ilkd/key/java/JavaRedux/java/io/InputStream.java 
354600     WARN  main            d.u.i.k.j.r.KeYCrossReferenceNameInfo Datatype java.lang.System declared twice: Once in FILE:/home/runner/work/key/key/key.core/../key.ui/examples/standard_key/java_dl/classpath/System.java and once in URL:file:/home/runner/work/key/key/key.core/build/resources/main/de/uka/ilkd/key/java/JavaRedux/java/lang/System.java, Keeping one from URL:file:/home/runner/work/key/key/key.core/build/resources/main/de/uka/ilkd/key/java/JavaRedux/java/lang/System.java 
358869     WARN  main            d.u.i.k.j.r.KeYCrossReferenceNameInfo Datatype java.io.PrintStream declared twice: Once in FILE:/home/runner/work/key/key/key.core/../key.ui/examples/standard_key/java_dl/classpath/PrintStream.java and once in URL:file:/home/runner/work/key/key/key.core/build/resources/main/de/uka/ilkd/key/java/JavaRedux/java/io/PrintStream.java, Keeping one from URL:file:/home/runner/work/key/key/key.core/build/resources/main/de/uka/ilkd/key/java/JavaRedux/java/io/PrintStream.java 
358869     WARN  main            d.u.i.k.j.r.KeYCrossReferenceNameInfo Datatype java.io.InputStream declared twice: Once in FILE:/home/runner/work/key/key/key.core/../key.ui/examples/standard_key/java_dl/classpath/InputStream.java and once in URL:file:/home/runner/work/key/key/key.core/build/resources/main/de/uka/ilkd/key/java/JavaRedux/java/io/InputStream.java, Keeping one from URL:file:/home/runner/work/key/key/key.core/build/resources/main/de/uka/ilkd/key/java/JavaRedux/java/io/InputStream.java 
358869     WARN  main            d.u.i.k.j.r.KeYCrossReferenceNameInfo Datatype java.lang.System declared twice: Once in FILE:/home/runner/work/key/key/key.core/../key.ui/examples/standard_key/java_dl/classpath/System.java and once in URL:file:/home/runner/work/key/key/key.core/build/resources/main/de/uka/ilkd/key/java/JavaRedux/java/lang/System.java, Keeping one from URL:file:/home/runner/work/key/key/key.core/build/resources/main/de/uka/ilkd/key/java/JavaRedux/java/lang/System.java 
361316     WARN  main            d.u.i.k.p.r.p.TestFile    Replay exception de.uka.ilkd.key.proof.io.ProblemLoaderException: Error loading proof.
Line 177, goal 57, rule assignment_read_length not available or not applicable in this context.
	at de.uka.ilkd.key.proof.io.IntermediateProofReplayer.reportError(IntermediateProofReplayer.java:779)
Caused by: java.lang.NullPointerException: null
	at java.base/java.util.PriorityQueue.<init>(PriorityQueue.java:224)

361318     WARN  main            d.u.i.k.p.r.p.ForkedTestFileRunner Run failed java.lang.Exception: Exception while loading proof (see cause for details): /home/runner/work/key/key/key.core/../key.ui/examples/standard_key/java_dl/reverseArray2.key.proof
	at de.uka.ilkd.key.proof.runallproofs.proofcollection.TestFile.reloadProof(TestFile.java:314)
Caused by: de.uka.ilkd.key.proof.io.ProblemLoaderException: Error loading proof.
Line 177, goal 57, rule assignment_read_length not available or not applicable in this context.
	at de.uka.ilkd.key.proof.io.IntermediateProofReplayer.reportError(IntermediateProofReplayer.java:779)
Caused by: java.lang.NullPointerException: null
	at java.base/java.util.PriorityQueue.<init>(PriorityQueue.java:224)

376635     WARN  main            d.u.i.k.p.r.p.TestFile    Replay exception de.uka.ilkd.key.proof.io.ProblemLoaderException: Error loading proof.
Line 78, goal 11, rule equiv_right not available or not applicable in this context.
	at de.uka.ilkd.key.proof.io.IntermediateProofReplayer.reportError(IntermediateProofReplayer.java:779)
Caused by: java.lang.NullPointerException: null
	at java.base/java.util.PriorityQueue.<init>(PriorityQueue.java:224)

376638     WARN  main            d.u.i.k.p.r.p.ForkedTestFileRunner Run failed java.lang.Exception: Exception while loading proof (see cause for details): /home/runner/work/key/key/key.core/../key.ui/examples/standard_key/java_dl/splittingWithQueries.key.proof
	at de.uka.ilkd.key.proof.runallproofs.proofcollection.TestFile.reloadProof(TestFile.java:314)
Caused by: de.uka.ilkd.key.proof.io.ProblemLoaderException: Error loading proof.
Line 78, goal 11, rule equiv_right not available or not applicable in this context.
	at de.uka.ilkd.key.proof.io.IntermediateProofReplayer.reportError(IntermediateProofReplayer.java:779)
Caused by: java.lang.NullPointerException: null
	at java.base/java.util.PriorityQueue.<init>(PriorityQueue.java:224)

386868     WARN  main            d.u.i.k.p.r.p.TestFile    Replay exception de.uka.ilkd.key.proof.io.ProblemLoaderException: Error loading proof.
Line 88, goal 27, rule assignment_read_attribute not available or not applicable in this context.
	at de.uka.ilkd.key.proof.io.IntermediateProofReplayer.reportError(IntermediateProofReplayer.java:779)
Caused by: java.lang.NullPointerException: null
	at java.base/java.util.PriorityQueue.<init>(PriorityQueue.java:224)

386869     WARN  main            d.u.i.k.p.r.p.ForkedTestFileRunner Run failed java.lang.Exception: Exception while loading proof (see cause for details): /home/runner/work/key/key/key.core/../key.ui/examples/standard_key/java_dl/strassen/strassen.key.proof
	at de.uka.ilkd.key.proof.runallproofs.proofcollection.TestFile.reloadProof(TestFile.java:314)
Caused by: de.uka.ilkd.key.proof.io.ProblemLoaderException: Error loading proof.
Line 88, goal 27, rule assignment_read_attribute not available or not applicable in this context.
	at de.uka.ilkd.key.proof.io.IntermediateProofReplayer.reportError(IntermediateProofReplayer.java:779)
Caused by: java.lang.NullPointerException: null
	at java.base/java.util.PriorityQueue.<init>(PriorityQueue.java:224)

486948     WARN  main            d.u.i.k.p.r.p.TestFile    Replay exception de.uka.ilkd.key.proof.io.ProblemLoaderException: Error loading proof.
Line 398, goal 217, rule assignment_array2 not available or not applicable in this context.
	at de.uka.ilkd.key.proof.io.IntermediateProofReplayer.reportError(IntermediateProofReplayer.java:779)
Caused by: java.lang.NullPointerException: null
	at java.base/java.util.PriorityQueue.<init>(PriorityQueue.java:224)

486948     WARN  main            d.u.i.k.p.r.p.ForkedTestFileRunner Run failed java.lang.Exception: Exception while loading proof (see cause for details): /home/runner/work/key/key/key.core/../key.ui/examples/standard_key/java_dl/symmArray.key.proof
	at de.uka.ilkd.key.proof.runallproofs.proofcollection.TestFile.reloadProof(TestFile.java:314)
Caused by: de.uka.ilkd.key.proof.io.ProblemLoaderException: Error loading proof.
Line 398, goal 217, rule assignment_array2 not available or not applicable in this context.
	at de.uka.ilkd.key.proof.io.IntermediateProofReplayer.reportError(IntermediateProofReplayer.java:779)
Caused by: java.lang.NullPointerException: null
	at java.base/java.util.PriorityQueue.<init>(PriorityQueue.java:224)

486966     WARN  main            d.u.i.k.j.r.KeYCrossReferenceNameInfo Datatype java.io.PrintStream declared twice: Once in FILE:/home/runner/work/key/key/key.core/../key.ui/examples/standard_key/java_dl/classpath/PrintStream.java and once in URL:file:/home/runner/work/key/key/key.core/build/resources/main/de/uka/ilkd/key/java/JavaRedux/java/io/PrintStream.java, Keeping one from URL:file:/home/runner/work/key/key/key.core/build/resources/main/de/uka/ilkd/key/java/JavaRedux/java/io/PrintStream.java 
486966     WARN  main            d.u.i.k.j.r.KeYCrossReferenceNameInfo Datatype java.io.InputStream declared twice: Once in FILE:/home/runner/work/key/key/key.core/../key.ui/examples/standard_key/java_dl/classpath/InputStream.java and once in URL:file:/home/runner/work/key/key/key.core/build/resources/main/de/uka/ilkd/key/java/JavaRedux/java/io/InputStream.java, Keeping one from URL:file:/home/runner/work/key/key/key.core/build/resources/main/de/uka/ilkd/key/java/JavaRedux/java/io/InputStream.java 
486966     WARN  main            d.u.i.k.j.r.KeYCrossReferenceNameInfo Datatype java.lang.System declared twice: Once in FILE:/home/runner/work/key/key/key.core/../key.ui/examples/standard_key/java_dl/classpath/System.java and once in URL:file:/home/runner/work/key/key/key.core/build/resources/main/de/uka/ilkd/key/java/JavaRedux/java/lang/System.java, Keeping one from URL:file:/home/runner/work/key/key/key.core/build/resources/main/de/uka/ilkd/key/java/JavaRedux/java/lang/System.java 
490197     WARN  main            d.u.i.k.j.r.KeYCrossReferenceNameInfo Datatype java.io.PrintStream declared twice: Once in FILE:/home/runner/work/key/key/key.core/../key.ui/examples/standard_key/java_dl/classpath/PrintStream.java and once in URL:file:/home/runner/work/key/key/key.core/build/resources/main/de/uka/ilkd/key/java/JavaRedux/java/io/PrintStream.java, Keeping one from URL:file:/home/runner/work/key/key/key.core/build/resources/main/de/uka/ilkd/key/java/JavaRedux/java/io/PrintStream.java 
490197     WARN  main            d.u.i.k.j.r.KeYCrossReferenceNameInfo Datatype java.io.InputStream declared twice: Once in FILE:/home/runner/work/key/key/key.core/../key.ui/examples/standard_key/java_dl/classpath/InputStream.java and once in URL:file:/home/runner/work/key/key/key.core/build/resources/main/de/uka/ilkd/key/java/JavaRedux/java/io/InputStream.java, Keeping one from URL:file:/home/runner/work/key/key/key.core/build/resources/main/de/uka/ilkd/key/java/JavaRedux/java/io/InputStream.java 
490197     WARN  main            d.u.i.k.j.r.KeYCrossReferenceNameInfo Datatype java.lang.System declared twice: Once in FILE:/home/runner/work/key/key/key.core/../key.ui/examples/standard_key/java_dl/classpath/System.java and once in URL:file:/home/runner/work/key/key/key.core/build/resources/main/de/uka/ilkd/key/java/JavaRedux/java/lang/System.java, Keeping one from URL:file:/home/runner/work/key/key/key.core/build/resources/main/de/uka/ilkd/key/java/JavaRedux/java/lang/System.java 
492506     WARN  main            d.u.i.k.p.r.p.TestFile    Replay exception de.uka.ilkd.key.proof.io.ProblemLoaderException: Error loading proof.
Line 167, goal 61, rule assignment_write_attribute not available or not applicable in this context.
	at de.uka.ilkd.key.proof.io.IntermediateProofReplayer.reportError(IntermediateProofReplayer.java:779)
Caused by: java.lang.NullPointerException: null
	at java.base/java.util.PriorityQueue.<init>(PriorityQueue.java:224)

492507     WARN  main            d.u.i.k.p.r.p.ForkedTestFileRunner Run failed java.lang.Exception: Exception while loading proof (see cause for details): /home/runner/work/key/key/key.core/../key.ui/examples/standard_key/java_dl/testcontext.key.proof
	at de.uka.ilkd.key.proof.runallproofs.proofcollection.TestFile.reloadProof(TestFile.java:314)
Caused by: de.uka.ilkd.key.proof.io.ProblemLoaderException: Error loading proof.
Line 167, goal 61, rule assignment_write_attribute not available or not applicable in this context.
	at de.uka.ilkd.key.proof.io.IntermediateProofReplayer.reportError(IntermediateProofReplayer.java:779)
Caused by: java.lang.NullPointerException: null
	at java.base/java.util.PriorityQueue.<init>(PriorityQueue.java:224)

492526     WARN  main            d.u.i.k.j.r.KeYCrossReferenceNameInfo Datatype java.io.PrintStream declared twice: Once in FILE:/home/runner/work/key/key/key.core/../key.ui/examples/standard_key/staticInitialisation/classpath/PrintStream.java and once in URL:file:/home/runner/work/key/key/key.core/build/resources/main/de/uka/ilkd/key/java/JavaRedux/java/io/PrintStream.java, Keeping one from URL:file:/home/runner/work/key/key/key.core/build/resources/main/de/uka/ilkd/key/java/JavaRedux/java/io/PrintStream.java 
492526     WARN  main            d.u.i.k.j.r.KeYCrossReferenceNameInfo Datatype java.lang.System declared twice: Once in FILE:/home/runner/work/key/key/key.core/../key.ui/examples/standard_key/staticInitialisation/classpath/System.java and once in URL:file:/home/runner/work/key/key/key.core/build/resources/main/de/uka/ilkd/key/java/JavaRedux/java/lang/System.java, Keeping one from URL:file:/home/runner/work/key/key/key.core/build/resources/main/de/uka/ilkd/key/java/JavaRedux/java/lang/System.java 
495974     WARN  main            d.u.i.k.j.r.KeYCrossReferenceNameInfo Datatype java.io.PrintStream declared twice: Once in FILE:/home/runner/work/key/key/key.core/../key.ui/examples/standard_key/staticInitialisation/classpath/PrintStream.java and once in URL:file:/home/runner/work/key/key/key.core/build/resources/main/de/uka/ilkd/key/java/JavaRedux/java/io/PrintStream.java, Keeping one from URL:file:/home/runner/work/key/key/key.core/build/resources/main/de/uka/ilkd/key/java/JavaRedux/java/io/PrintStream.java 
495974     WARN  main            d.u.i.k.j.r.KeYCrossReferenceNameInfo Datatype java.lang.System declared twice: Once in FILE:/home/runner/work/key/key/key.core/../key.ui/examples/standard_key/staticInitialisation/classpath/System.java and once in URL:file:/home/runner/work/key/key/key.core/build/resources/main/de/uka/ilkd/key/java/JavaRedux/java/lang/System.java, Keeping one from URL:file:/home/runner/work/key/key/key.core/build/resources/main/de/uka/ilkd/key/java/JavaRedux/java/lang/System.java 
498358     WARN  main            d.u.i.k.p.r.p.TestFile    Replay exception de.uka.ilkd.key.proof.io.ProblemLoaderException: Error loading proof.
Line 154, goal 36, rule ifSplit not available or not applicable in this context.
	at de.uka.ilkd.key.proof.io.IntermediateProofReplayer.reportError(IntermediateProofReplayer.java:779)
Caused by: java.lang.NullPointerException: null
	at java.base/java.util.PriorityQueue.<init>(PriorityQueue.java:224)

498359     WARN  main            d.u.i.k.p.r.p.ForkedTestFileRunner Run failed java.lang.Exception: Exception while loading proof (see cause for details): /home/runner/work/key/key/key.core/../key.ui/examples/standard_key/staticInitialisation/cascadeStaticInitialisation.key.proof
	at de.uka.ilkd.key.proof.runallproofs.proofcollection.TestFile.reloadProof(TestFile.java:314)
Caused by: de.uka.ilkd.key.proof.io.ProblemLoaderException: Error loading proof.
Line 154, goal 36, rule ifSplit not available or not applicable in this context.
	at de.uka.ilkd.key.proof.io.IntermediateProofReplayer.reportError(IntermediateProofReplayer.java:779)
Caused by: java.lang.NullPointerException: null
	at java.base/java.util.PriorityQueue.<init>(PriorityQueue.java:224)

498377     WARN  main            d.u.i.k.j.r.KeYCrossReferenceNameInfo Datatype java.io.PrintStream declared twice: Once in FILE:/home/runner/work/key/key/key.core/../key.ui/examples/standard_key/staticInitialisation/classpath/PrintStream.java and once in URL:file:/home/runner/work/key/key/key.core/build/resources/main/de/uka/ilkd/key/java/JavaRedux/java/io/PrintStream.java, Keeping one from URL:file:/home/runner/work/key/key/key.core/build/resources/main/de/uka/ilkd/key/java/JavaRedux/java/io/PrintStream.java 
498377     WARN  main            d.u.i.k.j.r.KeYCrossReferenceNameInfo Datatype java.lang.System declared twice: Once in FILE:/home/runner/work/key/key/key.core/../key.ui/examples/standard_key/staticInitialisation/classpath/System.java and once in URL:file:/home/runner/work/key/key/key.core/build/resources/main/de/uka/ilkd/key/java/JavaRedux/java/lang/System.java, Keeping one from URL:file:/home/runner/work/key/key/key.core/build/resources/main/de/uka/ilkd/key/java/JavaRedux/java/lang/System.java 
501288     WARN  main            d.u.i.k.j.r.KeYCrossReferenceNameInfo Datatype java.io.PrintStream declared twice: Once in FILE:/home/runner/work/key/key/key.core/../key.ui/examples/standard_key/staticInitialisation/classpath/PrintStream.java and once in URL:file:/home/runner/work/key/key/key.core/build/resources/main/de/uka/ilkd/key/java/JavaRedux/java/io/PrintStream.java, Keeping one from URL:file:/home/runner/work/key/key/key.core/build/resources/main/de/uka/ilkd/key/java/JavaRedux/java/io/PrintStream.java 
501288     WARN  main            d.u.i.k.j.r.KeYCrossReferenceNameInfo Datatype java.lang.System declared twice: Once in FILE:/home/runner/work/key/key/key.core/../key.ui/examples/standard_key/staticInitialisation/classpath/System.java and once in URL:file:/home/runner/work/key/key/key.core/build/resources/main/de/uka/ilkd/key/java/JavaRedux/java/lang/System.java, Keeping one from URL:file:/home/runner/work/key/key/key.core/build/resources/main/de/uka/ilkd/key/java/JavaRedux/java/lang/System.java 
503682     WARN  main            d.u.i.k.j.r.KeYCrossReferenceNameInfo Datatype java.io.PrintStream declared twice: Once in FILE:/home/runner/work/key/key/key.core/../key.ui/examples/standard_key/staticInitialisation/classpath/PrintStream.java and once in URL:file:/home/runner/work/key/key/key.core/build/resources/main/de/uka/ilkd/key/java/JavaRedux/java/io/PrintStream.java, Keeping one from URL:file:/home/runner/work/key/key/key.core/build/resources/main/de/uka/ilkd/key/java/JavaRedux/java/io/PrintStream.java 
503683     WARN  main            d.u.i.k.j.r.KeYCrossReferenceNameInfo Datatype java.lang.System declared twice: Once in FILE:/home/runner/work/key/key/key.core/../key.ui/examples/standard_key/staticInitialisation/classpath/System.java and once in URL:file:/home/runner/work/key/key/key.core/build/resources/main/de/uka/ilkd/key/java/JavaRedux/java/lang/System.java, Keeping one from URL:file:/home/runner/work/key/key/key.core/build/resources/main/de/uka/ilkd/key/java/JavaRedux/java/lang/System.java 
506639     WARN  main            d.u.i.k.j.r.KeYCrossReferenceNameInfo Datatype java.io.PrintStream declared twice: Once in FILE:/home/runner/work/key/key/key.core/../key.ui/examples/standard_key/staticInitialisation/classpath/PrintStream.java and once in URL:file:/home/runner/work/key/key/key.core/build/resources/main/de/uka/ilkd/key/java/JavaRedux/java/io/PrintStream.java, Keeping one from URL:file:/home/runner/work/key/key/key.core/build/resources/main/de/uka/ilkd/key/java/JavaRedux/java/io/PrintStream.java 
506639     WARN  main            d.u.i.k.j.r.KeYCrossReferenceNameInfo Datatype java.lang.System declared twice: Once in FILE:/home/runner/work/key/key/key.core/../key.ui/examples/standard_key/staticInitialisation/classpath/System.java and once in URL:file:/home/runner/work/key/key/key.core/build/resources/main/de/uka/ilkd/key/java/JavaRedux/java/lang/System.java, Keeping one from URL:file:/home/runner/work/key/key/key.core/build/resources/main/de/uka/ilkd/key/java/JavaRedux/java/lang/System.java 
509009     WARN  main            d.u.i.k.j.r.KeYCrossReferenceNameInfo Datatype java.io.PrintStream declared twice: Once in FILE:/home/runner/work/key/key/key.core/../key.ui/examples/standard_key/staticInitialisation/classpath/PrintStream.java and once in URL:file:/home/runner/work/key/key/key.core/build/resources/main/de/uka/ilkd/key/java/JavaRedux/java/io/PrintStream.java, Keeping one from URL:file:/home/runner/work/key/key/key.core/build/resources/main/de/uka/ilkd/key/java/JavaRedux/java/io/PrintStream.java 
509009     WARN  main            d.u.i.k.j.r.KeYCrossReferenceNameInfo Datatype java.lang.System declared twice: Once in FILE:/home/runner/work/key/key/key.core/../key.ui/examples/standard_key/staticInitialisation/classpath/System.java and once in URL:file:/home/runner/work/key/key/key.core/build/resources/main/de/uka/ilkd/key/java/JavaRedux/java/lang/System.java, Keeping one from URL:file:/home/runner/work/key/key/key.core/build/resources/main/de/uka/ilkd/key/java/JavaRedux/java/lang/System.java 
512097     WARN  main            d.u.i.k.j.r.KeYCrossReferenceNameInfo Datatype java.io.PrintStream declared twice: Once in FILE:/home/runner/work/key/key/key.core/../key.ui/examples/standard_key/staticInitialisation/classpath/PrintStream.java and once in URL:file:/home/runner/work/key/key/key.core/build/resources/main/de/uka/ilkd/key/java/JavaRedux/java/io/PrintStream.java, Keeping one from URL:file:/home/runner/work/key/key/key.core/build/resources/main/de/uka/ilkd/key/java/JavaRedux/java/io/PrintStream.java 
512097     WARN  main            d.u.i.k.j.r.KeYCrossReferenceNameInfo Datatype java.lang.System declared twice: Once in FILE:/home/runner/work/key/key/key.core/../key.ui/examples/standard_key/staticInitialisation/classpath/System.java and once in URL:file:/home/runner/work/key/key/key.core/build/resources/main/de/uka/ilkd/key/java/JavaRedux/java/lang/System.java, Keeping one from URL:file:/home/runner/work/key/key/key.core/build/resources/main/de/uka/ilkd/key/java/JavaRedux/java/lang/System.java 
514398     WARN  main            d.u.i.k.p.r.p.TestFile    Replay exception de.uka.ilkd.key.proof.io.ProblemLoaderException: Error loading proof.
Line 135, goal 37, rule ifSplit not available or not applicable in this context.
	at de.uka.ilkd.key.proof.io.IntermediateProofReplayer.reportError(IntermediateProofReplayer.java:779)
Caused by: java.lang.NullPointerException: null
	at java.base/java.util.PriorityQueue.<init>(PriorityQueue.java:224)

514399     WARN  main            d.u.i.k.p.r.p.ForkedTestFileRunner Run failed java.lang.Exception: Exception while loading proof (see cause for details): /home/runner/work/key/key/key.core/../key.ui/examples/standard_key/staticInitialisation/localDeclared.key.proof
	at de.uka.ilkd.key.proof.runallproofs.proofcollection.TestFile.reloadProof(TestFile.java:314)
Caused by: de.uka.ilkd.key.proof.io.ProblemLoaderException: Error loading proof.
Line 135, goal 37, rule ifSplit not available or not applicable in this context.
	at de.uka.ilkd.key.proof.io.IntermediateProofReplayer.reportError(IntermediateProofReplayer.java:779)
Caused by: java.lang.NullPointerException: null
	at java.base/java.util.PriorityQueue.<init>(PriorityQueue.java:224)

514417     WARN  main            d.u.i.k.j.r.KeYCrossReferenceNameInfo Datatype java.io.PrintStream declared twice: Once in FILE:/home/runner/work/key/key/key.core/../key.ui/examples/standard_key/staticInitialisation/classpath/PrintStream.java and once in URL:file:/home/runner/work/key/key/key.core/build/resources/main/de/uka/ilkd/key/java/JavaRedux/java/io/PrintStream.java, Keeping one from URL:file:/home/runner/work/key/key/key.core/build/resources/main/de/uka/ilkd/key/java/JavaRedux/java/io/PrintStream.java 
514417     WARN  main            d.u.i.k.j.r.KeYCrossReferenceNameInfo Datatype java.lang.System declared twice: Once in FILE:/home/runner/work/key/key/key.core/../key.ui/examples/standard_key/staticInitialisation/classpath/System.java and once in URL:file:/home/runner/work/key/key/key.core/build/resources/main/de/uka/ilkd/key/java/JavaRedux/java/lang/System.java, Keeping one from URL:file:/home/runner/work/key/key/key.core/build/resources/main/de/uka/ilkd/key/java/JavaRedux/java/lang/System.java 
517438     WARN  main            d.u.i.k.j.r.KeYCrossReferenceNameInfo Datatype java.io.PrintStream declared twice: Once in FILE:/home/runner/work/key/key/key.core/../key.ui/examples/standard_key/staticInitialisation/classpath/PrintStream.java and once in URL:file:/home/runner/work/key/key/key.core/build/resources/main/de/uka/ilkd/key/java/JavaRedux/java/io/PrintStream.java, Keeping one from URL:file:/home/runner/work/key/key/key.core/build/resources/main/de/uka/ilkd/key/java/JavaRedux/java/io/PrintStream.java 
517439     WARN  main            d.u.i.k.j.r.KeYCrossReferenceNameInfo Datatype java.lang.System declared twice: Once in FILE:/home/runner/work/key/key/key.core/../key.ui/examples/standard_key/staticInitialisation/classpath/System.java and once in URL:file:/home/runner/work/key/key/key.core/build/resources/main/de/uka/ilkd/key/java/JavaRedux/java/lang/System.java, Keeping one from URL:file:/home/runner/work/key/key/key.core/build/resources/main/de/uka/ilkd/key/java/JavaRedux/java/lang/System.java 
519739     WARN  main            d.u.i.k.p.r.p.TestFile    Replay exception de.uka.ilkd.key.proof.io.ProblemLoaderException: Error loading proof.
Line 131, goal 33, rule ifSplit not available or not applicable in this context.
	at de.uka.ilkd.key.proof.io.IntermediateProofReplayer.reportError(IntermediateProofReplayer.java:779)
Caused by: java.lang.NullPointerException: null
	at java.base/java.util.PriorityQueue.<init>(PriorityQueue.java:224)

519740     WARN  main            d.u.i.k.p.r.p.ForkedTestFileRunner Run failed java.lang.Exception: Exception while loading proof (see cause for details): /home/runner/work/key/key/key.core/../key.ui/examples/standard_key/staticInitialisation/localDeclaredMethod.key.proof
	at de.uka.ilkd.key.proof.runallproofs.proofcollection.TestFile.reloadProof(TestFile.java:314)
Caused by: de.uka.ilkd.key.proof.io.ProblemLoaderException: Error loading proof.
Line 131, goal 33, rule ifSplit not available or not applicable in this context.
	at de.uka.ilkd.key.proof.io.IntermediateProofReplayer.reportError(IntermediateProofReplayer.java:779)
Caused by: java.lang.NullPointerException: null
	at java.base/java.util.PriorityQueue.<init>(PriorityQueue.java:224)

519757     WARN  main            d.u.i.k.j.r.KeYCrossReferenceNameInfo Datatype java.io.PrintStream declared twice: Once in FILE:/home/runner/work/key/key/key.core/../key.ui/examples/standard_key/staticInitialisation/classpath/PrintStream.java and once in URL:file:/home/runner/work/key/key/key.core/build/resources/main/de/uka/ilkd/key/java/JavaRedux/java/io/PrintStream.java, Keeping one from URL:file:/home/runner/work/key/key/key.core/build/resources/main/de/uka/ilkd/key/java/JavaRedux/java/io/PrintStream.java 
519757     WARN  main            d.u.i.k.j.r.KeYCrossReferenceNameInfo Datatype java.lang.System declared twice: Once in FILE:/home/runner/work/key/key/key.core/../key.ui/examples/standard_key/staticInitialisation/classpath/System.java and once in URL:file:/home/runner/work/key/key/key.core/build/resources/main/de/uka/ilkd/key/java/JavaRedux/java/lang/System.java, Keeping one from URL:file:/home/runner/work/key/key/key.core/build/resources/main/de/uka/ilkd/key/java/JavaRedux/java/lang/System.java 
535270     WARN  main            d.u.i.k.j.r.KeYCrossReferenceNameInfo Datatype java.io.PrintStream declared twice: Once in FILE:/home/runner/work/key/key/key.core/../key.ui/examples/standard_key/staticInitialisation/classpath/PrintStream.java and once in URL:file:/home/runner/work/key/key/key.core/build/resources/main/de/uka/ilkd/key/java/JavaRedux/java/io/PrintStream.java, Keeping one from URL:file:/home/runner/work/key/key/key.core/build/resources/main/de/uka/ilkd/key/java/JavaRedux/java/io/PrintStream.java 
535270     WARN  main            d.u.i.k.j.r.KeYCrossReferenceNameInfo Datatype java.lang.System declared twice: Once in FILE:/home/runner/work/key/key/key.core/../key.ui/examples/standard_key/staticInitialisation/classpath/System.java and once in URL:file:/home/runner/work/key/key/key.core/build/resources/main/de/uka/ilkd/key/java/JavaRedux/java/lang/System.java, Keeping one from URL:file:/home/runner/work/key/key/key.core/build/resources/main/de/uka/ilkd/key/java/JavaRedux/java/lang/System.java 
537604     WARN  main            d.u.i.k.p.r.p.TestFile    Replay exception de.uka.ilkd.key.proof.io.ProblemLoaderException: Error loading proof.
Line 164, goal 40, rule ifSplit not available or not applicable in this context.
	at de.uka.ilkd.key.proof.io.IntermediateProofReplayer.reportError(IntermediateProofReplayer.java:779)
Caused by: java.lang.NullPointerException: null
	at java.base/java.util.PriorityQueue.<init>(PriorityQueue.java:224)

537605     WARN  main            d.u.i.k.p.r.p.ForkedTestFileRunner Run failed java.lang.Exception: Exception while loading proof (see cause for details): /home/runner/work/key/key/key.core/../key.ui/examples/standard_key/staticInitialisation/objectOfErroneousClass.key.proof
	at de.uka.ilkd.key.proof.runallproofs.proofcollection.TestFile.reloadProof(TestFile.java:314)
Caused by: de.uka.ilkd.key.proof.io.ProblemLoaderException: Error loading proof.
Line 164, goal 40, rule ifSplit not available or not applicable in this context.
	at de.uka.ilkd.key.proof.io.IntermediateProofReplayer.reportError(IntermediateProofReplayer.java:779)
Caused by: java.lang.NullPointerException: null
	at java.base/java.util.PriorityQueue.<init>(PriorityQueue.java:224)

537624     WARN  main            d.u.i.k.j.r.KeYCrossReferenceNameInfo Datatype java.io.PrintStream declared twice: Once in FILE:/home/runner/work/key/key/key.core/../key.ui/examples/standard_key/staticInitialisation/classpath/PrintStream.java and once in URL:file:/home/runner/work/key/key/key.core/build/resources/main/de/uka/ilkd/key/java/JavaRedux/java/io/PrintStream.java, Keeping one from URL:file:/home/runner/work/key/key/key.core/build/resources/main/de/uka/ilkd/key/java/JavaRedux/java/io/PrintStream.java 
537624     WARN  main            d.u.i.k.j.r.KeYCrossReferenceNameInfo Datatype java.lang.System declared twice: Once in FILE:/home/runner/work/key/key/key.core/../key.ui/examples/standard_key/staticInitialisation/classpath/System.java and once in URL:file:/home/runner/work/key/key/key.core/build/resources/main/de/uka/ilkd/key/java/JavaRedux/java/lang/System.java, Keeping one from URL:file:/home/runner/work/key/key/key.core/build/resources/main/de/uka/ilkd/key/java/JavaRedux/java/lang/System.java 
540819     WARN  main            d.u.i.k.j.r.KeYCrossReferenceNameInfo Datatype java.io.PrintStream declared twice: Once in FILE:/home/runner/work/key/key/key.core/../key.ui/examples/standard_key/staticInitialisation/classpath/PrintStream.java and once in URL:file:/home/runner/work/key/key/key.core/build/resources/main/de/uka/ilkd/key/java/JavaRedux/java/io/PrintStream.java, Keeping one from URL:file:/home/runner/work/key/key/key.core/build/resources/main/de/uka/ilkd/key/java/JavaRedux/java/io/PrintStream.java 
540819     WARN  main            d.u.i.k.j.r.KeYCrossReferenceNameInfo Datatype java.lang.System declared twice: Once in FILE:/home/runner/work/key/key/key.core/../key.ui/examples/standard_key/staticInitialisation/classpath/System.java and once in URL:file:/home/runner/work/key/key/key.core/build/resources/main/de/uka/ilkd/key/java/JavaRedux/java/lang/System.java, Keeping one from URL:file:/home/runner/work/key/key/key.core/build/resources/main/de/uka/ilkd/key/java/JavaRedux/java/lang/System.java 
543124     WARN  main            d.u.i.k.p.r.p.TestFile    Replay exception de.uka.ilkd.key.proof.io.ProblemLoaderException: Error loading proof.
Line 123, goal 35, rule ifSplit not available or not applicable in this context.
	at de.uka.ilkd.key.proof.io.IntermediateProofReplayer.reportError(IntermediateProofReplayer.java:779)
Caused by: java.lang.NullPointerException: null
	at java.base/java.util.PriorityQueue.<init>(PriorityQueue.java:224)

543125     WARN  main            d.u.i.k.p.r.p.ForkedTestFileRunner Run failed java.lang.Exception: Exception while loading proof (see cause for details): /home/runner/work/key/key/key.core/../key.ui/examples/standard_key/staticInitialisation/staticInitialisersAreNonSimple.key.proof
	at de.uka.ilkd.key.proof.runallproofs.proofcollection.TestFile.reloadProof(TestFile.java:314)
Caused by: de.uka.ilkd.key.proof.io.ProblemLoaderException: Error loading proof.
Line 123, goal 35, rule ifSplit not available or not applicable in this context.
	at de.uka.ilkd.key.proof.io.IntermediateProofReplayer.reportError(IntermediateProofReplayer.java:779)
Caused by: java.lang.NullPointerException: null
	at java.base/java.util.PriorityQueue.<init>(PriorityQueue.java:224)

548245     WARN  main            d.u.i.k.j.r.KeYCrossReferenceNameInfo Datatype cp.C declared twice: Once in FILE:/home/runner/work/key/key/key.core/../key.ui/examples/../../key.core/src/test/resources/testcase/classpath/classpath/C.class and once in FILE:/home/runner/work/key/key/key.core/../key.ui/examples/../../key.core/src/test/resources/testcase/classpath/classpath/C.jml, Keeping one from FILE:/home/runner/work/key/key/key.core/../key.ui/examples/../../key.core/src/test/resources/testcase/classpath/classpath/C.jml 
551266     WARN  main            d.u.i.k.j.r.KeYCrossReferenceNameInfo Datatype cp.C declared twice: Once in FILE:/home/runner/work/key/key/key.core/../key.ui/examples/../../key.core/src/test/resources/testcase/classpath/classpath/C.class and once in FILE:/home/runner/work/key/key/key.core/../key.ui/examples/../../key.core/src/test/resources/testcase/classpath/classpath/C.jml, Keeping one from FILE:/home/runner/work/key/key/key.core/../key.ui/examples/../../key.core/src/test/resources/testcase/classpath/classpath/C.jml 
413        WARN  main            d.u.i.k.s.ProofSettings   The settings in /home/runner/.key/proof-settings.props are *not* read. 
63026      WARN  main            d.u.i.k.p.r.p.TestFile    Replay exception de.uka.ilkd.key.proof.io.ProblemLoaderException: Error loading proof.
Line 222, goal 28, rule animal_VEGGY_or_CARNY not available or not applicable in this context.
	at de.uka.ilkd.key.proof.io.IntermediateProofReplayer.reportError(IntermediateProofReplayer.java:779)
Caused by: java.lang.NullPointerException: null
	at java.base/java.util.PriorityQueue.<init>(PriorityQueue.java:224)

63029      WARN  main            d.u.i.k.p.r.p.ForkedTestFileRunner Run failed java.lang.Exception: Exception while loading proof (see cause for details): /home/runner/work/key/key/key.core/../key.ui/examples/standard_key/pred_log/steam1.key.proof
	at de.uka.ilkd.key.proof.runallproofs.proofcollection.TestFile.reloadProof(TestFile.java:314)
Caused by: de.uka.ilkd.key.proof.io.ProblemLoaderException: Error loading proof.
Line 222, goal 28, rule animal_VEGGY_or_CARNY not available or not applicable in this context.
	at de.uka.ilkd.key.proof.io.IntermediateProofReplayer.reportError(IntermediateProofReplayer.java:779)
Caused by: java.lang.NullPointerException: null
	at java.base/java.util.PriorityQueue.<init>(PriorityQueue.java:224)

70801      WARN  main            d.u.i.k.p.r.p.TestFile    Replay exception de.uka.ilkd.key.proof.io.ProblemLoaderException: Error loading proof.
Line 254, goal 117, rule cut_direct not available or not applicable in this context.
	at de.uka.ilkd.key.proof.io.IntermediateProofReplayer.reportError(IntermediateProofReplayer.java:779)
Caused by: java.lang.NullPointerException: null
	at java.base/java.util.PriorityQueue.<init>(PriorityQueue.java:224)

70802      WARN  main            d.u.i.k.p.r.p.ForkedTestFileRunner Run failed java.lang.Exception: Exception while loading proof (see cause for details): /home/runner/work/key/key/key.core/../key.ui/examples/standard_key/pred_log/tptp/PUZ/PUZ001p1.key.proof
	at de.uka.ilkd.key.proof.runallproofs.proofcollection.TestFile.reloadProof(TestFile.java:314)
Caused by: de.uka.ilkd.key.proof.io.ProblemLoaderException: Error loading proof.
Line 254, goal 117, rule cut_direct not available or not applicable in this context.
	at de.uka.ilkd.key.proof.io.IntermediateProofReplayer.reportError(IntermediateProofReplayer.java:779)
Caused by: java.lang.NullPointerException: null
	at java.base/java.util.PriorityQueue.<init>(PriorityQueue.java:224)

75557      WARN  main            d.u.i.k.p.r.p.TestFile    Replay exception de.uka.ilkd.key.proof.io.ProblemLoaderException: Error loading proof.
Line 202, goal 108, rule cut_direct not available or not applicable in this context.
	at de.uka.ilkd.key.proof.io.IntermediateProofReplayer.reportError(IntermediateProofReplayer.java:779)
Caused by: java.lang.NullPointerException: null
	at java.base/java.util.PriorityQueue.<init>(PriorityQueue.java:224)

75558      WARN  main            d.u.i.k.p.r.p.ForkedTestFileRunner Run failed java.lang.Exception: Exception while loading proof (see cause for details): /home/runner/work/key/key/key.core/../key.ui/examples/standard_key/pred_log/tptp/PUZ/PUZ001p1-eq.key.proof
	at de.uka.ilkd.key.proof.runallproofs.proofcollection.TestFile.reloadProof(TestFile.java:314)
Caused by: de.uka.ilkd.key.proof.io.ProblemLoaderException: Error loading proof.
Line 202, goal 108, rule cut_direct not available or not applicable in this context.
	at de.uka.ilkd.key.proof.io.IntermediateProofReplayer.reportError(IntermediateProofReplayer.java:779)
Caused by: java.lang.NullPointerException: null
	at java.base/java.util.PriorityQueue.<init>(PriorityQueue.java:224)

95308      WARN  main            d.u.i.k.p.r.p.TestFile    Replay exception de.uka.ilkd.key.proof.io.ProblemLoaderException: Error loading proof.
Line 395, goal 272, rule cut_direct not available or not applicable in this context.
	at de.uka.ilkd.key.proof.io.IntermediateProofReplayer.reportError(IntermediateProofReplayer.java:779)
Caused by: java.lang.NullPointerException: null
	at java.base/java.util.PriorityQueue.<init>(PriorityQueue.java:224)

95309      WARN  main            d.u.i.k.p.r.p.ForkedTestFileRunner Run failed java.lang.Exception: Exception while loading proof (see cause for details): /home/runner/work/key/key/key.core/../key.ui/examples/standard_key/pred_log/tptp/PUZ/PUZ031p1.key.proof
	at de.uka.ilkd.key.proof.runallproofs.proofcollection.TestFile.reloadProof(TestFile.java:314)
Caused by: de.uka.ilkd.key.proof.io.ProblemLoaderException: Error loading proof.
Line 395, goal 272, rule cut_direct not available or not applicable in this context.
	at de.uka.ilkd.key.proof.io.IntermediateProofReplayer.reportError(IntermediateProofReplayer.java:779)
Caused by: java.lang.NullPointerException: null
	at java.base/java.util.PriorityQueue.<init>(PriorityQueue.java:224)

123622     WARN  main            d.u.i.k.p.r.p.TestFile    Replay exception de.uka.ilkd.key.proof.io.ProblemLoaderException: Error loading proof.
Line 72, goal 1, rule equiv_right not available or not applicable in this context.
	at de.uka.ilkd.key.proof.io.IntermediateProofReplayer.reportError(IntermediateProofReplayer.java:779)
Caused by: java.lang.NullPointerException: null
	at java.base/java.util.PriorityQueue.<init>(PriorityQueue.java:224)

123623     WARN  main            d.u.i.k.p.r.p.ForkedTestFileRunner Run failed java.lang.Exception: Exception while loading proof (see cause for details): /home/runner/work/key/key/key.core/../key.ui/examples/standard_key/pred_log/tptp/SYN/SYN036p2.key.proof
	at de.uka.ilkd.key.proof.runallproofs.proofcollection.TestFile.reloadProof(TestFile.java:314)
Caused by: de.uka.ilkd.key.proof.io.ProblemLoaderException: Error loading proof.
Line 72, goal 1, rule equiv_right not available or not applicable in this context.
	at de.uka.ilkd.key.proof.io.IntermediateProofReplayer.reportError(IntermediateProofReplayer.java:779)
Caused by: java.lang.NullPointerException: null
	at java.base/java.util.PriorityQueue.<init>(PriorityQueue.java:224)

131039     WARN  main            d.u.i.k.p.r.p.TestFile    Replay exception de.uka.ilkd.key.proof.io.ProblemLoaderException: Error loading proof.
Line 92, goal 9, rule equiv_right not available or not applicable in this context.
	at de.uka.ilkd.key.proof.io.IntermediateProofReplayer.reportError(IntermediateProofReplayer.java:779)
Caused by: java.lang.NullPointerException: null
	at java.base/java.util.PriorityQueue.<init>(PriorityQueue.java:224)

131040     WARN  main            d.u.i.k.p.r.p.ForkedTestFileRunner Run failed java.lang.Exception: Exception while loading proof (see cause for details): /home/runner/work/key/key/key.core/../key.ui/examples/standard_key/pred_log/tptp/SYN/SYN550p1.key.proof
	at de.uka.ilkd.key.proof.runallproofs.proofcollection.TestFile.reloadProof(TestFile.java:314)
Caused by: de.uka.ilkd.key.proof.io.ProblemLoaderException: Error loading proof.
Line 92, goal 9, rule equiv_right not available or not applicable in this context.
	at de.uka.ilkd.key.proof.io.IntermediateProofReplayer.reportError(IntermediateProofReplayer.java:779)
Caused by: java.lang.NullPointerException: null
	at java.base/java.util.PriorityQueue.<init>(PriorityQueue.java:224)

140655     WARN  main            d.u.i.k.p.r.p.TestFile    Replay exception de.uka.ilkd.key.proof.io.ProblemLoaderException: Error loading proof.
Line 67, goal 6, rule ifExthenelse1_split not available or not applicable in this context.
	at de.uka.ilkd.key.proof.io.IntermediateProofReplayer.reportError(IntermediateProofReplayer.java:779)
Caused by: java.lang.NullPointerException: null
	at java.base/java.util.PriorityQueue.<init>(PriorityQueue.java:224)

140656     WARN  main            d.u.i.k.p.r.p.ForkedTestFileRunner Run failed java.lang.Exception: Exception while loading proof (see cause for details): /home/runner/work/key/key/key.core/../key.ui/examples/standard_key/pred_log/jbyteIfEx.key.proof
	at de.uka.ilkd.key.proof.runallproofs.proofcollection.TestFile.reloadProof(TestFile.java:314)
Caused by: de.uka.ilkd.key.proof.io.ProblemLoaderException: Error loading proof.
Line 67, goal 6, rule ifExthenelse1_split not available or not applicable in this context.
	at de.uka.ilkd.key.proof.io.IntermediateProofReplayer.reportError(IntermediateProofReplayer.java:779)
Caused by: java.lang.NullPointerException: null
	at java.base/java.util.PriorityQueue.<init>(PriorityQueue.java:224)

145325     WARN  main            d.u.i.k.p.r.p.TestFile    Replay exception de.uka.ilkd.key.proof.io.ProblemLoaderException: Error loading proof.
Line 94, goal 17, rule cut_direct not available or not applicable in this context.
	at de.uka.ilkd.key.proof.io.IntermediateProofReplayer.reportError(IntermediateProofReplayer.java:779)
Caused by: java.lang.NullPointerException: null
	at java.base/java.util.PriorityQueue.<init>(PriorityQueue.java:224)

145325     WARN  main            d.u.i.k.p.r.p.ForkedTestFileRunner Run failed java.lang.Exception: Exception while loading proof (see cause for details): /home/runner/work/key/key/key.core/../key.ui/examples/standard_key/prop_log/allClausesLength4.key.proof
	at de.uka.ilkd.key.proof.runallproofs.proofcollection.TestFile.reloadProof(TestFile.java:314)
Caused by: de.uka.ilkd.key.proof.io.ProblemLoaderException: Error loading proof.
Line 94, goal 17, rule cut_direct not available or not applicable in this context.
	at de.uka.ilkd.key.proof.io.IntermediateProofReplayer.reportError(IntermediateProofReplayer.java:779)
Caused by: java.lang.NullPointerException: null
	at java.base/java.util.PriorityQueue.<init>(PriorityQueue.java:224)

150275     WARN  main            d.u.i.k.p.r.p.TestFile    Replay exception de.uka.ilkd.key.proof.io.ProblemLoaderException: Error loading proof.
Line 127, goal 33, rule cut_direct not available or not applicable in this context.
	at de.uka.ilkd.key.proof.io.IntermediateProofReplayer.reportError(IntermediateProofReplayer.java:779)
Caused by: java.lang.NullPointerException: null
	at java.base/java.util.PriorityQueue.<init>(PriorityQueue.java:224)

150276     WARN  main            d.u.i.k.p.r.p.ForkedTestFileRunner Run failed java.lang.Exception: Exception while loading proof (see cause for details): /home/runner/work/key/key/key.core/../key.ui/examples/standard_key/prop_log/allClausesLength5.key.proof
	at de.uka.ilkd.key.proof.runallproofs.proofcollection.TestFile.reloadProof(TestFile.java:314)
Caused by: de.uka.ilkd.key.proof.io.ProblemLoaderException: Error loading proof.
Line 127, goal 33, rule cut_direct not available or not applicable in this context.
	at de.uka.ilkd.key.proof.io.IntermediateProofReplayer.reportError(IntermediateProofReplayer.java:779)
Caused by: java.lang.NullPointerException: null
	at java.base/java.util.PriorityQueue.<init>(PriorityQueue.java:224)

178375     WARN  main            d.u.i.k.p.r.p.TestFile    Replay exception de.uka.ilkd.key.proof.io.ProblemLoaderException: Error loading proof.
Line 202, goal 108, rule cut_direct not available or not applicable in this context.
	at de.uka.ilkd.key.proof.io.IntermediateProofReplayer.reportError(IntermediateProofReplayer.java:779)
Caused by: java.lang.NullPointerException: null
	at java.base/java.util.PriorityQueue.<init>(PriorityQueue.java:224)

178375     WARN  main            d.u.i.k.p.r.p.ForkedTestFileRunner Run failed java.lang.Exception: Exception while loading proof (see cause for details): /home/runner/work/key/key/key.core/../key.ui/examples/standard_key/quantifiers/heuristic_PUZ001p1-eq.key.proof
	at de.uka.ilkd.key.proof.runallproofs.proofcollection.TestFile.reloadProof(TestFile.java:314)
Caused by: de.uka.ilkd.key.proof.io.ProblemLoaderException: Error loading proof.
Line 202, goal 108, rule cut_direct not available or not applicable in this context.
	at de.uka.ilkd.key.proof.io.IntermediateProofReplayer.reportError(IntermediateProofReplayer.java:779)
Caused by: java.lang.NullPointerException: null
	at java.base/java.util.PriorityQueue.<init>(PriorityQueue.java:224)

184543     WARN  main            d.u.i.k.p.r.p.TestFile    Replay exception de.uka.ilkd.key.proof.io.ProblemLoaderException: Error loading proof.
Line 462, goal 325, rule cut_direct not available or not applicable in this context.
	at de.uka.ilkd.key.proof.io.IntermediateProofReplayer.reportError(IntermediateProofReplayer.java:779)
Caused by: java.lang.NullPointerException: null
	at java.base/java.util.PriorityQueue.<init>(PriorityQueue.java:224)

184543     WARN  main            d.u.i.k.p.r.p.ForkedTestFileRunner Run failed java.lang.Exception: Exception while loading proof (see cause for details): /home/runner/work/key/key/key.core/../key.ui/examples/standard_key/quantifiers/heuristic_PUZ001p1.key.proof
	at de.uka.ilkd.key.proof.runallproofs.proofcollection.TestFile.reloadProof(TestFile.java:314)
Caused by: de.uka.ilkd.key.proof.io.ProblemLoaderException: Error loading proof.
Line 462, goal 325, rule cut_direct not available or not applicable in this context.
	at de.uka.ilkd.key.proof.io.IntermediateProofReplayer.reportError(IntermediateProofReplayer.java:779)
Caused by: java.lang.NullPointerException: null
	at java.base/java.util.PriorityQueue.<init>(PriorityQueue.java:224)

197520     WARN  main            d.u.i.k.p.r.p.TestFile    Replay exception de.uka.ilkd.key.proof.io.ProblemLoaderException: Error loading proof.
Line 72, goal 1, rule equiv_right not available or not applicable in this context.
	at de.uka.ilkd.key.proof.io.IntermediateProofReplayer.reportError(IntermediateProofReplayer.java:779)
Caused by: java.lang.NullPointerException: null
	at java.base/java.util.PriorityQueue.<init>(PriorityQueue.java:224)

197521     WARN  main            d.u.i.k.p.r.p.ForkedTestFileRunner Run failed java.lang.Exception: Exception while loading proof (see cause for details): /home/runner/work/key/key/key.core/../key.ui/examples/standard_key/quantifiers/heuristic_SYN036p2.key.proof
	at de.uka.ilkd.key.proof.runallproofs.proofcollection.TestFile.reloadProof(TestFile.java:314)
Caused by: de.uka.ilkd.key.proof.io.ProblemLoaderException: Error loading proof.
Line 72, goal 1, rule equiv_right not available or not applicable in this context.
	at de.uka.ilkd.key.proof.io.IntermediateProofReplayer.reportError(IntermediateProofReplayer.java:779)
Caused by: java.lang.NullPointerException: null
	at java.base/java.util.PriorityQueue.<init>(PriorityQueue.java:224)

254250     WARN  main            d.u.i.k.p.r.p.TestFile    Replay exception de.uka.ilkd.key.proof.io.ProblemLoaderException: Error loading proof.
Line 114, goal 35, rule cut_direct not available or not applicable in this context.
	at de.uka.ilkd.key.proof.io.IntermediateProofReplayer.reportError(IntermediateProofReplayer.java:779)
Caused by: java.lang.NullPointerException: null
	at java.base/java.util.PriorityQueue.<init>(PriorityQueue.java:224)

254251     WARN  main            d.u.i.k.p.r.p.ForkedTestFileRunner Run failed java.lang.Exception: Exception while loading proof (see cause for details): /home/runner/work/key/key/key.core/../key.ui/examples/standard_key/quantifiers/normalisation10.key.proof
	at de.uka.ilkd.key.proof.runallproofs.proofcollection.TestFile.reloadProof(TestFile.java:314)
Caused by: de.uka.ilkd.key.proof.io.ProblemLoaderException: Error loading proof.
Line 114, goal 35, rule cut_direct not available or not applicable in this context.
	at de.uka.ilkd.key.proof.io.IntermediateProofReplayer.reportError(IntermediateProofReplayer.java:779)
Caused by: java.lang.NullPointerException: null
	at java.base/java.util.PriorityQueue.<init>(PriorityQueue.java:224)

381        WARN  main            d.u.i.k.s.ProofSettings   The settings in /home/runner/.key/proof-settings.props are *not* read. 
35190      WARN  main            d.u.i.k.p.r.p.TestFile    Replay exception de.uka.ilkd.key.proof.io.ProblemLoaderException: Error loading proof.
Line 59, goal 2, rule equiv_right not available or not applicable in this context.
	at de.uka.ilkd.key.proof.io.IntermediateProofReplayer.reportError(IntermediateProofReplayer.java:779)
Caused by: java.lang.NullPointerException: null
	at java.base/java.util.PriorityQueue.<init>(PriorityQueue.java:224)

35193      WARN  main            d.u.i.k.p.r.p.ForkedTestFileRunner Run failed java.lang.Exception: Exception while loading proof (see cause for details): /home/runner/work/key/key/key.core/../key.ui/examples/standard_key/strings/emptyStringLengthZero.key.proof
	at de.uka.ilkd.key.proof.runallproofs.proofcollection.TestFile.reloadProof(TestFile.java:314)
Caused by: de.uka.ilkd.key.proof.io.ProblemLoaderException: Error loading proof.
Line 59, goal 2, rule equiv_right not available or not applicable in this context.
	at de.uka.ilkd.key.proof.io.IntermediateProofReplayer.reportError(IntermediateProofReplayer.java:779)
Caused by: java.lang.NullPointerException: null
	at java.base/java.util.PriorityQueue.<init>(PriorityQueue.java:224)

51034      WARN  main            d.u.i.k.p.r.p.TestFile    Replay exception de.uka.ilkd.key.proof.io.ProblemLoaderException: Error loading proof.
Line 623, goal 552, rule ifthenelse_split not available or not applicable in this context.
	at de.uka.ilkd.key.proof.io.IntermediateProofReplayer.reportError(IntermediateProofReplayer.java:779)
Caused by: java.lang.NullPointerException: null
	at java.base/java.util.PriorityQueue.<init>(PriorityQueue.java:224)

51034      WARN  main            d.u.i.k.p.r.p.ForkedTestFileRunner Run failed java.lang.Exception: Exception while loading proof (see cause for details): /home/runner/work/key/key/key.core/../key.ui/examples/standard_key/strings/implicitIntStringConversion.key.proof
	at de.uka.ilkd.key.proof.runallproofs.proofcollection.TestFile.reloadProof(TestFile.java:314)
Caused by: de.uka.ilkd.key.proof.io.ProblemLoaderException: Error loading proof.
Line 623, goal 552, rule ifthenelse_split not available or not applicable in this context.
	at de.uka.ilkd.key.proof.io.IntermediateProofReplayer.reportError(IntermediateProofReplayer.java:779)
Caused by: java.lang.NullPointerException: null
	at java.base/java.util.PriorityQueue.<init>(PriorityQueue.java:224)

56312      WARN  main            d.u.i.k.p.r.p.TestFile    Replay exception de.uka.ilkd.key.proof.io.ProblemLoaderException: Error loading proof.
Line 564, goal 494, rule ifthenelse_split not available or not applicable in this context.
	at de.uka.ilkd.key.proof.io.IntermediateProofReplayer.reportError(IntermediateProofReplayer.java:779)
Caused by: java.lang.NullPointerException: null
	at java.base/java.util.PriorityQueue.<init>(PriorityQueue.java:224)

56312      WARN  main            d.u.i.k.p.r.p.ForkedTestFileRunner Run failed java.lang.Exception: Exception while loading proof (see cause for details): /home/runner/work/key/key/key.core/../key.ui/examples/standard_key/strings/implicitNullStringConversion.key.proof
	at de.uka.ilkd.key.proof.runallproofs.proofcollection.TestFile.reloadProof(TestFile.java:314)
Caused by: de.uka.ilkd.key.proof.io.ProblemLoaderException: Error loading proof.
Line 564, goal 494, rule ifthenelse_split not available or not applicable in this context.
	at de.uka.ilkd.key.proof.io.IntermediateProofReplayer.reportError(IntermediateProofReplayer.java:779)
Caused by: java.lang.NullPointerException: null
	at java.base/java.util.PriorityQueue.<init>(PriorityQueue.java:224)

61595      WARN  main            d.u.i.k.p.r.p.TestFile    Replay exception de.uka.ilkd.key.proof.io.ProblemLoaderException: Error loading proof.
Line 83, goal 12, rule stringConcatObjectRight not available or not applicable in this context.
	at de.uka.ilkd.key.proof.io.IntermediateProofReplayer.reportError(IntermediateProofReplayer.java:779)
Caused by: java.lang.NullPointerException: null
	at java.base/java.util.PriorityQueue.<init>(PriorityQueue.java:224)

61596      WARN  main            d.u.i.k.p.r.p.ForkedTestFileRunner Run failed java.lang.Exception: Exception while loading proof (see cause for details): /home/runner/work/key/key/key.core/../key.ui/examples/standard_key/strings/implicitNullStringConversion2.key.proof
	at de.uka.ilkd.key.proof.runallproofs.proofcollection.TestFile.reloadProof(TestFile.java:314)
Caused by: de.uka.ilkd.key.proof.io.ProblemLoaderException: Error loading proof.
Line 83, goal 12, rule stringConcatObjectRight not available or not applicable in this context.
	at de.uka.ilkd.key.proof.io.IntermediateProofReplayer.reportError(IntermediateProofReplayer.java:779)
Caused by: java.lang.NullPointerException: null
	at java.base/java.util.PriorityQueue.<init>(PriorityQueue.java:224)

67225      WARN  main            d.u.i.k.p.r.p.TestFile    Replay exception de.uka.ilkd.key.proof.io.ProblemLoaderException: Error loading proof.
Line 125, goal 52, rule assignment_write_attribute not available or not applicable in this context.
	at de.uka.ilkd.key.proof.io.IntermediateProofReplayer.reportError(IntermediateProofReplayer.java:779)
Caused by: java.lang.NullPointerException: null
	at java.base/java.util.PriorityQueue.<init>(PriorityQueue.java:224)

67226      WARN  main            d.u.i.k.p.r.p.ForkedTestFileRunner Run failed java.lang.Exception: Exception while loading proof (see cause for details): /home/runner/work/key/key/key.core/../key.ui/examples/standard_key/strings/implicitObjectStringConversion.key.proof
	at de.uka.ilkd.key.proof.runallproofs.proofcollection.TestFile.reloadProof(TestFile.java:314)
Caused by: de.uka.ilkd.key.proof.io.ProblemLoaderException: Error loading proof.
Line 125, goal 52, rule assignment_write_attribute not available or not applicable in this context.
	at de.uka.ilkd.key.proof.io.IntermediateProofReplayer.reportError(IntermediateProofReplayer.java:779)
Caused by: java.lang.NullPointerException: null
	at java.base/java.util.PriorityQueue.<init>(PriorityQueue.java:224)

81310      WARN  main            d.u.i.k.p.r.p.TestFile    Replay exception de.uka.ilkd.key.proof.io.ProblemLoaderException: Error loading proof.
Line 105, goal 42, rule ifthenelse_split not available or not applicable in this context.
	at de.uka.ilkd.key.proof.io.IntermediateProofReplayer.reportError(IntermediateProofReplayer.java:779)
Caused by: java.lang.NullPointerException: null
	at java.base/java.util.PriorityQueue.<init>(PriorityQueue.java:224)

81311      WARN  main            d.u.i.k.p.r.p.ForkedTestFileRunner Run failed java.lang.Exception: Exception while loading proof (see cause for details): /home/runner/work/key/key/key.core/../key.ui/examples/standard_key/strings/replace1.key.proof
	at de.uka.ilkd.key.proof.runallproofs.proofcollection.TestFile.reloadProof(TestFile.java:314)
Caused by: de.uka.ilkd.key.proof.io.ProblemLoaderException: Error loading proof.
Line 105, goal 42, rule ifthenelse_split not available or not applicable in this context.
	at de.uka.ilkd.key.proof.io.IntermediateProofReplayer.reportError(IntermediateProofReplayer.java:779)
Caused by: java.lang.NullPointerException: null
	at java.base/java.util.PriorityQueue.<init>(PriorityQueue.java:224)

90796      WARN  main            d.u.i.k.p.r.p.TestFile    Replay exception de.uka.ilkd.key.proof.io.ProblemLoaderException: Error loading proof.
Line 76, goal 5, rule Use Operation Contract not available or not applicable in this context.
	at de.uka.ilkd.key.proof.io.IntermediateProofReplayer.reportError(IntermediateProofReplayer.java:779)
Caused by: java.lang.NullPointerException: null
	at java.base/java.util.PriorityQueue.<init>(PriorityQueue.java:224)

90797      WARN  main            d.u.i.k.p.r.p.ForkedTestFileRunner Run failed java.lang.Exception: Exception while loading proof (see cause for details): /home/runner/work/key/key/key.core/../key.ui/examples/standard_key/strings/simpleLengthComp.key.proof
	at de.uka.ilkd.key.proof.runallproofs.proofcollection.TestFile.reloadProof(TestFile.java:314)
Caused by: de.uka.ilkd.key.proof.io.ProblemLoaderException: Error loading proof.
Line 76, goal 5, rule Use Operation Contract not available or not applicable in this context.
	at de.uka.ilkd.key.proof.io.IntermediateProofReplayer.reportError(IntermediateProofReplayer.java:779)
Caused by: java.lang.NullPointerException: null
	at java.base/java.util.PriorityQueue.<init>(PriorityQueue.java:224)

102819     WARN  main            d.u.i.k.p.r.p.TestFile    Replay exception de.uka.ilkd.key.proof.io.ProblemLoaderException: Error loading proof.
Line 88, goal 17, rule Use Operation Contract not available or not applicable in this context.
	at de.uka.ilkd.key.proof.io.IntermediateProofReplayer.reportError(IntermediateProofReplayer.java:779)
Caused by: java.lang.NullPointerException: null
	at java.base/java.util.PriorityQueue.<init>(PriorityQueue.java:224)

102820     WARN  main            d.u.i.k.p.r.p.ForkedTestFileRunner Run failed java.lang.Exception: Exception while loading proof (see cause for details): /home/runner/work/key/key/key.core/../key.ui/examples/standard_key/strings/stringCompileTimeConstant2.key.proof
	at de.uka.ilkd.key.proof.runallproofs.proofcollection.TestFile.reloadProof(TestFile.java:314)
Caused by: de.uka.ilkd.key.proof.io.ProblemLoaderException: Error loading proof.
Line 88, goal 17, rule Use Operation Contract not available or not applicable in this context.
	at de.uka.ilkd.key.proof.io.IntermediateProofReplayer.reportError(IntermediateProofReplayer.java:779)
Caused by: java.lang.NullPointerException: null
	at java.base/java.util.PriorityQueue.<init>(PriorityQueue.java:224)

107488     WARN  main            d.u.i.k.p.r.p.TestFile    Replay exception de.uka.ilkd.key.proof.io.ProblemLoaderException: Error loading proof.
Line 121, goal 59, rule ifthenelse_split not available or not applicable in this context.
	at de.uka.ilkd.key.proof.io.IntermediateProofReplayer.reportError(IntermediateProofReplayer.java:779)
Caused by: java.lang.NullPointerException: null
	at java.base/java.util.PriorityQueue.<init>(PriorityQueue.java:224)

107490     WARN  main            d.u.i.k.p.r.p.ForkedTestFileRunner Run failed java.lang.Exception: Exception while loading proof (see cause for details): /home/runner/work/key/key/key.core/../key.ui/examples/standard_key/strings/stringEquality1.key.proof
	at de.uka.ilkd.key.proof.runallproofs.proofcollection.TestFile.reloadProof(TestFile.java:314)
Caused by: de.uka.ilkd.key.proof.io.ProblemLoaderException: Error loading proof.
Line 121, goal 59, rule ifthenelse_split not available or not applicable in this context.
	at de.uka.ilkd.key.proof.io.IntermediateProofReplayer.reportError(IntermediateProofReplayer.java:779)
Caused by: java.lang.NullPointerException: null
	at java.base/java.util.PriorityQueue.<init>(PriorityQueue.java:224)

112381     WARN  main            d.u.i.k.p.r.p.TestFile    Replay exception de.uka.ilkd.key.proof.io.ProblemLoaderException: Error loading proof.
Line 405, goal 339, rule ifthenelse_split not available or not applicable in this context.
	at de.uka.ilkd.key.proof.io.IntermediateProofReplayer.reportError(IntermediateProofReplayer.java:779)
Caused by: java.lang.NullPointerException: null
	at java.base/java.util.PriorityQueue.<init>(PriorityQueue.java:224)

112382     WARN  main            d.u.i.k.p.r.p.ForkedTestFileRunner Run failed java.lang.Exception: Exception while loading proof (see cause for details): /home/runner/work/key/key/key.core/../key.ui/examples/standard_key/strings/stringEquality2.key.proof
	at de.uka.ilkd.key.proof.runallproofs.proofcollection.TestFile.reloadProof(TestFile.java:314)
Caused by: de.uka.ilkd.key.proof.io.ProblemLoaderException: Error loading proof.
Line 405, goal 339, rule ifthenelse_split not available or not applicable in this context.
	at de.uka.ilkd.key.proof.io.IntermediateProofReplayer.reportError(IntermediateProofReplayer.java:779)
Caused by: java.lang.NullPointerException: null
	at java.base/java.util.PriorityQueue.<init>(PriorityQueue.java:224)

140560     WARN  main            d.u.i.k.p.r.p.TestFile    Replay exception de.uka.ilkd.key.proof.io.ProblemLoaderException: Error loading proof.
Line 149, goal 81, rule ifthenelse_split not available or not applicable in this context.
	at de.uka.ilkd.key.proof.io.IntermediateProofReplayer.reportError(IntermediateProofReplayer.java:779)
Caused by: java.lang.NullPointerException: null
	at java.base/java.util.PriorityQueue.<init>(PriorityQueue.java:224)

140560     WARN  main            d.u.i.k.p.r.p.ForkedTestFileRunner Run failed java.lang.Exception: Exception while loading proof (see cause for details): /home/runner/work/key/key/key.core/../key.ui/examples/standard_key/strings/substring5.key.proof
	at de.uka.ilkd.key.proof.runallproofs.proofcollection.TestFile.reloadProof(TestFile.java:314)
Caused by: de.uka.ilkd.key.proof.io.ProblemLoaderException: Error loading proof.
Line 149, goal 81, rule ifthenelse_split not available or not applicable in this context.
	at de.uka.ilkd.key.proof.io.IntermediateProofReplayer.reportError(IntermediateProofReplayer.java:779)
Caused by: java.lang.NullPointerException: null
	at java.base/java.util.PriorityQueue.<init>(PriorityQueue.java:224)

328        WARN  main            d.u.i.k.s.ProofSettings   The settings in /home/runner/.key/proof-settings.props are *not* read. 
385        WARN  main            d.u.i.k.s.ProofSettings   The settings in /home/runner/.key/proof-settings.props are *not* read. 
57817      WARN  main            d.u.i.k.p.r.p.TestFile    Replay exception de.uka.ilkd.key.proof.io.ProblemLoaderException: Error loading proof.
Line 82, goal 21, rule Use Operation Contract not available or not applicable in this context.
	at de.uka.ilkd.key.proof.io.IntermediateProofReplayer.reportError(IntermediateProofReplayer.java:779)
Caused by: java.lang.NullPointerException: null
	at java.base/java.util.PriorityQueue.<init>(PriorityQueue.java:224)

57820      WARN  main            d.u.i.k.p.r.p.ForkedTestFileRunner Run failed java.lang.Exception: Exception while loading proof (see cause for details): /home/runner/work/key/key/key.core/../key.ui/examples/heap/model_methods/CellTest_callSet.key.proof
	at de.uka.ilkd.key.proof.runallproofs.proofcollection.TestFile.reloadProof(TestFile.java:314)
Caused by: de.uka.ilkd.key.proof.io.ProblemLoaderException: Error loading proof.
Line 82, goal 21, rule Use Operation Contract not available or not applicable in this context.
	at de.uka.ilkd.key.proof.io.IntermediateProofReplayer.reportError(IntermediateProofReplayer.java:779)
Caused by: java.lang.NullPointerException: null
	at java.base/java.util.PriorityQueue.<init>(PriorityQueue.java:224)

63703      WARN  main            d.u.i.k.p.r.p.TestFile    Replay exception de.uka.ilkd.key.proof.io.ProblemLoaderException: Error loading proof.
Line 82, goal 21, rule Use Operation Contract not available or not applicable in this context.
	at de.uka.ilkd.key.proof.io.IntermediateProofReplayer.reportError(IntermediateProofReplayer.java:779)
Caused by: java.lang.NullPointerException: null
	at java.base/java.util.PriorityQueue.<init>(PriorityQueue.java:224)

63704      WARN  main            d.u.i.k.p.r.p.ForkedTestFileRunner Run failed java.lang.Exception: Exception while loading proof (see cause for details): /home/runner/work/key/key/key.core/../key.ui/examples/heap/model_methods/CellTest_test2.key.proof
	at de.uka.ilkd.key.proof.runallproofs.proofcollection.TestFile.reloadProof(TestFile.java:314)
Caused by: de.uka.ilkd.key.proof.io.ProblemLoaderException: Error loading proof.
Line 82, goal 21, rule Use Operation Contract not available or not applicable in this context.
	at de.uka.ilkd.key.proof.io.IntermediateProofReplayer.reportError(IntermediateProofReplayer.java:779)
Caused by: java.lang.NullPointerException: null
	at java.base/java.util.PriorityQueue.<init>(PriorityQueue.java:224)

71175      WARN  main            d.u.i.k.p.r.p.TestFile    Replay exception de.uka.ilkd.key.proof.io.ProblemLoaderException: Error loading proof.
Line 84, goal 23, rule Use Operation Contract not available or not applicable in this context.
	at de.uka.ilkd.key.proof.io.IntermediateProofReplayer.reportError(IntermediateProofReplayer.java:779)
Caused by: java.lang.NullPointerException: null
	at java.base/java.util.PriorityQueue.<init>(PriorityQueue.java:224)

71176      WARN  main            d.u.i.k.p.r.p.ForkedTestFileRunner Run failed java.lang.Exception: Exception while loading proof (see cause for details): /home/runner/work/key/key/key.core/../key.ui/examples/heap/model_methods/CellTest_test.key.proof
	at de.uka.ilkd.key.proof.runallproofs.proofcollection.TestFile.reloadProof(TestFile.java:314)
Caused by: de.uka.ilkd.key.proof.io.ProblemLoaderException: Error loading proof.
Line 84, goal 23, rule Use Operation Contract not available or not applicable in this context.
	at de.uka.ilkd.key.proof.io.IntermediateProofReplayer.reportError(IntermediateProofReplayer.java:779)
Caused by: java.lang.NullPointerException: null
	at java.base/java.util.PriorityQueue.<init>(PriorityQueue.java:224)

121385     WARN  main            d.u.i.k.p.r.p.TestFile    Replay exception de.uka.ilkd.key.proof.io.ProblemLoaderException: Error loading proof.
Line 87, goal 26, rule Use Operation Contract not available or not applicable in this context.
	at de.uka.ilkd.key.proof.io.IntermediateProofReplayer.reportError(IntermediateProofReplayer.java:779)
Caused by: java.lang.NullPointerException: null
	at java.base/java.util.PriorityQueue.<init>(PriorityQueue.java:224)

121386     WARN  main            d.u.i.k.p.r.p.ForkedTestFileRunner Run failed java.lang.Exception: Exception while loading proof (see cause for details): /home/runner/work/key/key/key.core/../key.ui/examples/heap/model_methods/Indirect_callAdd.key.proof
	at de.uka.ilkd.key.proof.runallproofs.proofcollection.TestFile.reloadProof(TestFile.java:314)
Caused by: de.uka.ilkd.key.proof.io.ProblemLoaderException: Error loading proof.
Line 87, goal 26, rule Use Operation Contract not available or not applicable in this context.
	at de.uka.ilkd.key.proof.io.IntermediateProofReplayer.reportError(IntermediateProofReplayer.java:779)
Caused by: java.lang.NullPointerException: null
	at java.base/java.util.PriorityQueue.<init>(PriorityQueue.java:224)

127025     WARN  main            d.u.i.k.p.r.p.TestFile    Replay exception de.uka.ilkd.key.proof.io.ProblemLoaderException: Error loading proof.
Line 90, goal 29, rule Use Operation Contract not available or not applicable in this context.
	at de.uka.ilkd.key.proof.io.IntermediateProofReplayer.reportError(IntermediateProofReplayer.java:779)
Caused by: java.lang.NullPointerException: null
	at java.base/java.util.PriorityQueue.<init>(PriorityQueue.java:224)

127026     WARN  main            d.u.i.k.p.r.p.ForkedTestFileRunner Run failed java.lang.Exception: Exception while loading proof (see cause for details): /home/runner/work/key/key/key.core/../key.ui/examples/heap/model_methods/Indirect_test.key.proof
	at de.uka.ilkd.key.proof.runallproofs.proofcollection.TestFile.reloadProof(TestFile.java:314)
Caused by: de.uka.ilkd.key.proof.io.ProblemLoaderException: Error loading proof.
Line 90, goal 29, rule Use Operation Contract not available or not applicable in this context.
	at de.uka.ilkd.key.proof.io.IntermediateProofReplayer.reportError(IntermediateProofReplayer.java:779)
Caused by: java.lang.NullPointerException: null
	at java.base/java.util.PriorityQueue.<init>(PriorityQueue.java:224)

185886     WARN  main            d.u.i.k.p.r.p.TestFile    Replay exception de.uka.ilkd.key.proof.io.ProblemLoaderException: Error loading proof.
Line 87, goal 26, rule assignment_write_attribute not available or not applicable in this context.
	at de.uka.ilkd.key.proof.io.IntermediateProofReplayer.reportError(IntermediateProofReplayer.java:779)
Caused by: java.lang.NullPointerException: null
	at java.base/java.util.PriorityQueue.<init>(PriorityQueue.java:224)

185886     WARN  main            d.u.i.k.p.r.p.ForkedTestFileRunner Run failed java.lang.Exception: Exception while loading proof (see cause for details): /home/runner/work/key/key/key.core/../key.ui/examples/heap/model_methods/Recell_undo.key.proof
	at de.uka.ilkd.key.proof.runallproofs.proofcollection.TestFile.reloadProof(TestFile.java:314)
Caused by: de.uka.ilkd.key.proof.io.ProblemLoaderException: Error loading proof.
Line 87, goal 26, rule assignment_write_attribute not available or not applicable in this context.
	at de.uka.ilkd.key.proof.io.IntermediateProofReplayer.reportError(IntermediateProofReplayer.java:779)
Caused by: java.lang.NullPointerException: null
	at java.base/java.util.PriorityQueue.<init>(PriorityQueue.java:224)

357        WARN  main            d.u.i.k.s.ProofSettings   The settings in /home/runner/.key/proof-settings.props are *not* read. 
12265      WARN  main            d.u.i.k.p.r.p.TestFile    Replay exception de.uka.ilkd.key.proof.io.ProblemLoaderException: Error loading proof.
Line 97, goal 36, rule Use Operation Contract not available or not applicable in this context.
	at de.uka.ilkd.key.proof.io.IntermediateProofReplayer.reportError(IntermediateProofReplayer.java:779)
Caused by: java.lang.NullPointerException: null
	at java.base/java.util.PriorityQueue.<init>(PriorityQueue.java:224)

12273      WARN  main            d.u.i.k.p.r.p.ForkedTestFileRunner Run failed java.lang.Exception: Exception while loading proof (see cause for details): /home/runner/work/key/key/key.core/../key.ui/examples/heap/permissions/permissions_method0.key.proof
	at de.uka.ilkd.key.proof.runallproofs.proofcollection.TestFile.reloadProof(TestFile.java:314)
Caused by: de.uka.ilkd.key.proof.io.ProblemLoaderException: Error loading proof.
Line 97, goal 36, rule Use Operation Contract not available or not applicable in this context.
	at de.uka.ilkd.key.proof.io.IntermediateProofReplayer.reportError(IntermediateProofReplayer.java:779)
Caused by: java.lang.NullPointerException: null
	at java.base/java.util.PriorityQueue.<init>(PriorityQueue.java:224)

18310      WARN  main            d.u.i.k.p.r.p.TestFile    Replay exception de.uka.ilkd.key.proof.io.ProblemLoaderException: Error loading proof.
Line 90, goal 29, rule Use Operation Contract not available or not applicable in this context.
	at de.uka.ilkd.key.proof.io.IntermediateProofReplayer.reportError(IntermediateProofReplayer.java:779)
Caused by: java.lang.NullPointerException: null
	at java.base/java.util.PriorityQueue.<init>(PriorityQueue.java:224)

18311      WARN  main            d.u.i.k.p.r.p.ForkedTestFileRunner Run failed java.lang.Exception: Exception while loading proof (see cause for details): /home/runner/work/key/key/key.core/../key.ui/examples/heap/permissions/permissions_method1.key.proof
	at de.uka.ilkd.key.proof.runallproofs.proofcollection.TestFile.reloadProof(TestFile.java:314)
Caused by: de.uka.ilkd.key.proof.io.ProblemLoaderException: Error loading proof.
Line 90, goal 29, rule Use Operation Contract not available or not applicable in this context.
	at de.uka.ilkd.key.proof.io.IntermediateProofReplayer.reportError(IntermediateProofReplayer.java:779)
Caused by: java.lang.NullPointerException: null
	at java.base/java.util.PriorityQueue.<init>(PriorityQueue.java:224)

25275      WARN  main            d.u.i.k.p.r.p.TestFile    Replay exception de.uka.ilkd.key.proof.io.ProblemLoaderException: Error loading proof.
Line 145, goal 84, rule loopScopeInvDia not available or not applicable in this context.
	at de.uka.ilkd.key.proof.io.IntermediateProofReplayer.reportError(IntermediateProofReplayer.java:779)
Caused by: java.lang.NullPointerException: null
	at java.base/java.util.PriorityQueue.<init>(PriorityQueue.java:224)

25277      WARN  main            d.u.i.k.p.r.p.ForkedTestFileRunner Run failed java.lang.Exception: Exception while loading proof (see cause for details): /home/runner/work/key/key/key.core/../key.ui/examples/heap/permissions/permissions_method3.key.proof
	at de.uka.ilkd.key.proof.runallproofs.proofcollection.TestFile.reloadProof(TestFile.java:314)
Caused by: de.uka.ilkd.key.proof.io.ProblemLoaderException: Error loading proof.
Line 145, goal 84, rule loopScopeInvDia not available or not applicable in this context.
	at de.uka.ilkd.key.proof.io.IntermediateProofReplayer.reportError(IntermediateProofReplayer.java:779)
Caused by: java.lang.NullPointerException: null
	at java.base/java.util.PriorityQueue.<init>(PriorityQueue.java:224)

32021      WARN  main            d.u.i.k.p.r.p.TestFile    Replay exception de.uka.ilkd.key.proof.io.ProblemLoaderException: Error loading proof.
Line 96, goal 35, rule assignment_read_attribute_this not available or not applicable in this context.
	at de.uka.ilkd.key.proof.io.IntermediateProofReplayer.reportError(IntermediateProofReplayer.java:779)
Caused by: java.lang.NullPointerException: null
	at java.base/java.util.PriorityQueue.<init>(PriorityQueue.java:224)

32022      WARN  main            d.u.i.k.p.r.p.ForkedTestFileRunner Run failed java.lang.Exception: Exception while loading proof (see cause for details): /home/runner/work/key/key/key.core/../key.ui/examples/heap/permissions/permissions_setAB.key.proof
	at de.uka.ilkd.key.proof.runallproofs.proofcollection.TestFile.reloadProof(TestFile.java:314)
Caused by: de.uka.ilkd.key.proof.io.ProblemLoaderException: Error loading proof.
Line 96, goal 35, rule assignment_read_attribute_this not available or not applicable in this context.
	at de.uka.ilkd.key.proof.io.IntermediateProofReplayer.reportError(IntermediateProofReplayer.java:779)
Caused by: java.lang.NullPointerException: null
	at java.base/java.util.PriorityQueue.<init>(PriorityQueue.java:224)

38002      WARN  main            d.u.i.k.p.r.p.TestFile    Replay exception de.uka.ilkd.key.proof.io.ProblemLoaderException: Error loading proof.
Line 112, goal 20, rule insertPermissionOwner not available or not applicable in this context.
	at de.uka.ilkd.key.proof.io.IntermediateProofReplayer.reportError(IntermediateProofReplayer.java:779)
Caused by: java.lang.NullPointerException: null
	at java.base/java.util.PriorityQueue.<init>(PriorityQueue.java:224)

38003      WARN  main            d.u.i.k.p.r.p.ForkedTestFileRunner Run failed java.lang.Exception: Exception while loading proof (see cause for details): /home/runner/work/key/key/key.core/../key.ui/examples/heap/permissions/permissionProperties.key.proof
	at de.uka.ilkd.key.proof.runallproofs.proofcollection.TestFile.reloadProof(TestFile.java:314)
Caused by: de.uka.ilkd.key.proof.io.ProblemLoaderException: Error loading proof.
Line 112, goal 20, rule insertPermissionOwner not available or not applicable in this context.
	at de.uka.ilkd.key.proof.io.IntermediateProofReplayer.reportError(IntermediateProofReplayer.java:779)
Caused by: java.lang.NullPointerException: null
	at java.base/java.util.PriorityQueue.<init>(PriorityQueue.java:224)

49856      WARN  main            d.u.i.k.p.r.p.TestFile    Replay exception de.uka.ilkd.key.proof.io.ProblemLoaderException: Error loading proof.
Line 118, goal 57, rule assignment_write_attribute_this not available or not applicable in this context.
	at de.uka.ilkd.key.proof.io.IntermediateProofReplayer.reportError(IntermediateProofReplayer.java:779)
Caused by: java.lang.NullPointerException: null
	at java.base/java.util.PriorityQueue.<init>(PriorityQueue.java:224)

49857      WARN  main            d.u.i.k.p.r.p.ForkedTestFileRunner Run failed java.lang.Exception: Exception while loading proof (see cause for details): /home/runner/work/key/key/key.core/../key.ui/examples/heap/permissions/threads/AFilter_AFilter.key.proof
	at de.uka.ilkd.key.proof.runallproofs.proofcollection.TestFile.reloadProof(TestFile.java:314)
Caused by: de.uka.ilkd.key.proof.io.ProblemLoaderException: Error loading proof.
Line 118, goal 57, rule assignment_write_attribute_this not available or not applicable in this context.
	at de.uka.ilkd.key.proof.io.IntermediateProofReplayer.reportError(IntermediateProofReplayer.java:779)
Caused by: java.lang.NullPointerException: null
	at java.base/java.util.PriorityQueue.<init>(PriorityQueue.java:224)

92993      WARN  main            d.u.i.k.p.r.p.TestFile    Replay exception de.uka.ilkd.key.proof.io.ProblemLoaderException: Error loading proof.
Line 814, goal 753, rule equiv_right not available or not applicable in this context.
	at de.uka.ilkd.key.proof.io.IntermediateProofReplayer.reportError(IntermediateProofReplayer.java:779)
Caused by: java.lang.NullPointerException: null
	at java.base/java.util.PriorityQueue.<init>(PriorityQueue.java:224)

92994      WARN  main            d.u.i.k.p.r.p.ForkedTestFileRunner Run failed java.lang.Exception: Exception while loading proof (see cause for details): /home/runner/work/key/key/key.core/../key.ui/examples/heap/permissions/threads/AFilter_joinTransfer_accessible.key.proof
	at de.uka.ilkd.key.proof.runallproofs.proofcollection.TestFile.reloadProof(TestFile.java:314)
Caused by: de.uka.ilkd.key.proof.io.ProblemLoaderException: Error loading proof.
Line 814, goal 753, rule equiv_right not available or not applicable in this context.
	at de.uka.ilkd.key.proof.io.IntermediateProofReplayer.reportError(IntermediateProofReplayer.java:779)
Caused by: java.lang.NullPointerException: null
	at java.base/java.util.PriorityQueue.<init>(PriorityQueue.java:224)

121756     WARN  main            d.u.i.k.p.r.p.TestFile    Replay exception de.uka.ilkd.key.proof.io.ProblemLoaderException: Error loading proof.
Line 192, goal 131, rule equiv_right not available or not applicable in this context.
	at de.uka.ilkd.key.proof.io.IntermediateProofReplayer.reportError(IntermediateProofReplayer.java:779)
Caused by: java.lang.NullPointerException: null
	at java.base/java.util.PriorityQueue.<init>(PriorityQueue.java:224)

121757     WARN  main            d.u.i.k.p.r.p.ForkedTestFileRunner Run failed java.lang.Exception: Exception while loading proof (see cause for details): /home/runner/work/key/key/key.core/../key.ui/examples/heap/permissions/threads/AFilter_preStart_accessible.key.proof
	at de.uka.ilkd.key.proof.runallproofs.proofcollection.TestFile.reloadProof(TestFile.java:314)
Caused by: de.uka.ilkd.key.proof.io.ProblemLoaderException: Error loading proof.
Line 192, goal 131, rule equiv_right not available or not applicable in this context.
	at de.uka.ilkd.key.proof.io.IntermediateProofReplayer.reportError(IntermediateProofReplayer.java:779)
Caused by: java.lang.NullPointerException: null
	at java.base/java.util.PriorityQueue.<init>(PriorityQueue.java:224)

158838     WARN  main            d.u.i.k.p.r.p.TestFile    Replay exception de.uka.ilkd.key.proof.io.ProblemLoaderException: Error loading proof.
Line 800, goal 739, rule ifthenelse_split not available or not applicable in this context.
	at de.uka.ilkd.key.proof.io.IntermediateProofReplayer.reportError(IntermediateProofReplayer.java:779)
Caused by: java.lang.NullPointerException: null
	at java.base/java.util.PriorityQueue.<init>(PriorityQueue.java:224)

158839     WARN  main            d.u.i.k.p.r.p.ForkedTestFileRunner Run failed java.lang.Exception: Exception while loading proof (see cause for details): /home/runner/work/key/key/key.core/../key.ui/examples/heap/permissions/threads/AFilter_startTransfer_accessible.key.proof
	at de.uka.ilkd.key.proof.runallproofs.proofcollection.TestFile.reloadProof(TestFile.java:314)
Caused by: de.uka.ilkd.key.proof.io.ProblemLoaderException: Error loading proof.
Line 800, goal 739, rule ifthenelse_split not available or not applicable in this context.
	at de.uka.ilkd.key.proof.io.IntermediateProofReplayer.reportError(IntermediateProofReplayer.java:779)
Caused by: java.lang.NullPointerException: null
	at java.base/java.util.PriorityQueue.<init>(PriorityQueue.java:224)

168576     WARN  main            d.u.i.k.p.r.p.TestFile    Replay exception de.uka.ilkd.key.proof.io.ProblemLoaderException: Error loading proof.
Line 159, goal 98, rule insertPermissionOwner not available or not applicable in this context.
	at de.uka.ilkd.key.proof.io.IntermediateProofReplayer.reportError(IntermediateProofReplayer.java:779)
Caused by: java.lang.NullPointerException: null
	at java.base/java.util.PriorityQueue.<init>(PriorityQueue.java:224)

168577     WARN  main            d.u.i.k.p.r.p.ForkedTestFileRunner Run failed java.lang.Exception: Exception while loading proof (see cause for details): /home/runner/work/key/key/key.core/../key.ui/examples/heap/permissions/threads/AFilter_startTransfer_contract.key.proof
	at de.uka.ilkd.key.proof.runallproofs.proofcollection.TestFile.reloadProof(TestFile.java:314)
Caused by: de.uka.ilkd.key.proof.io.ProblemLoaderException: Error loading proof.
Line 159, goal 98, rule insertPermissionOwner not available or not applicable in this context.
	at de.uka.ilkd.key.proof.io.IntermediateProofReplayer.reportError(IntermediateProofReplayer.java:779)
Caused by: java.lang.NullPointerException: null
	at java.base/java.util.PriorityQueue.<init>(PriorityQueue.java:224)

178281     WARN  main            d.u.i.k.p.r.p.TestFile    Replay exception de.uka.ilkd.key.proof.io.ProblemLoaderException: Error loading proof.
Line 196, goal 135, rule equiv_right not available or not applicable in this context.
	at de.uka.ilkd.key.proof.io.IntermediateProofReplayer.reportError(IntermediateProofReplayer.java:779)
Caused by: java.lang.NullPointerException: null
	at java.base/java.util.PriorityQueue.<init>(PriorityQueue.java:224)

178282     WARN  main            d.u.i.k.p.r.p.ForkedTestFileRunner Run failed java.lang.Exception: Exception while loading proof (see cause for details): /home/runner/work/key/key/key.core/../key.ui/examples/heap/permissions/threads/AFilter_stateInv_accessible.key.proof
	at de.uka.ilkd.key.proof.runallproofs.proofcollection.TestFile.reloadProof(TestFile.java:314)
Caused by: de.uka.ilkd.key.proof.io.ProblemLoaderException: Error loading proof.
Line 196, goal 135, rule equiv_right not available or not applicable in this context.
	at de.uka.ilkd.key.proof.io.IntermediateProofReplayer.reportError(IntermediateProofReplayer.java:779)
Caused by: java.lang.NullPointerException: null
	at java.base/java.util.PriorityQueue.<init>(PriorityQueue.java:224)

207367     WARN  main            d.u.i.k.p.r.p.TestFile    Replay exception de.uka.ilkd.key.proof.io.ProblemLoaderException: Error loading proof.
Line 118, goal 57, rule assignment_write_attribute_this not available or not applicable in this context.
	at de.uka.ilkd.key.proof.io.IntermediateProofReplayer.reportError(IntermediateProofReplayer.java:779)
Caused by: java.lang.NullPointerException: null
	at java.base/java.util.PriorityQueue.<init>(PriorityQueue.java:224)

207368     WARN  main            d.u.i.k.p.r.p.ForkedTestFileRunner Run failed java.lang.Exception: Exception while loading proof (see cause for details): /home/runner/work/key/key/key.core/../key.ui/examples/heap/permissions/threads/BFilter_BFilter.key.proof
	at de.uka.ilkd.key.proof.runallproofs.proofcollection.TestFile.reloadProof(TestFile.java:314)
Caused by: de.uka.ilkd.key.proof.io.ProblemLoaderException: Error loading proof.
Line 118, goal 57, rule assignment_write_attribute_this not available or not applicable in this context.
	at de.uka.ilkd.key.proof.io.IntermediateProofReplayer.reportError(IntermediateProofReplayer.java:779)
Caused by: java.lang.NullPointerException: null
	at java.base/java.util.PriorityQueue.<init>(PriorityQueue.java:224)

249851     WARN  main            d.u.i.k.p.r.p.TestFile    Replay exception de.uka.ilkd.key.proof.io.ProblemLoaderException: Error loading proof.
Line 814, goal 753, rule equiv_right not available or not applicable in this context.
	at de.uka.ilkd.key.proof.io.IntermediateProofReplayer.reportError(IntermediateProofReplayer.java:779)
Caused by: java.lang.NullPointerException: null
	at java.base/java.util.PriorityQueue.<init>(PriorityQueue.java:224)

249853     WARN  main            d.u.i.k.p.r.p.ForkedTestFileRunner Run failed java.lang.Exception: Exception while loading proof (see cause for details): /home/runner/work/key/key/key.core/../key.ui/examples/heap/permissions/threads/BFilter_joinTransfer_accessible.key.proof
	at de.uka.ilkd.key.proof.runallproofs.proofcollection.TestFile.reloadProof(TestFile.java:314)
Caused by: de.uka.ilkd.key.proof.io.ProblemLoaderException: Error loading proof.
Line 814, goal 753, rule equiv_right not available or not applicable in this context.
	at de.uka.ilkd.key.proof.io.IntermediateProofReplayer.reportError(IntermediateProofReplayer.java:779)
Caused by: java.lang.NullPointerException: null
	at java.base/java.util.PriorityQueue.<init>(PriorityQueue.java:224)

278331     WARN  main            d.u.i.k.p.r.p.TestFile    Replay exception de.uka.ilkd.key.proof.io.ProblemLoaderException: Error loading proof.
Line 192, goal 131, rule equiv_right not available or not applicable in this context.
	at de.uka.ilkd.key.proof.io.IntermediateProofReplayer.reportError(IntermediateProofReplayer.java:779)
Caused by: java.lang.NullPointerException: null
	at java.base/java.util.PriorityQueue.<init>(PriorityQueue.java:224)

278332     WARN  main            d.u.i.k.p.r.p.ForkedTestFileRunner Run failed java.lang.Exception: Exception while loading proof (see cause for details): /home/runner/work/key/key/key.core/../key.ui/examples/heap/permissions/threads/BFilter_preStart_accessible.key.proof
	at de.uka.ilkd.key.proof.runallproofs.proofcollection.TestFile.reloadProof(TestFile.java:314)
Caused by: de.uka.ilkd.key.proof.io.ProblemLoaderException: Error loading proof.
Line 192, goal 131, rule equiv_right not available or not applicable in this context.
	at de.uka.ilkd.key.proof.io.IntermediateProofReplayer.reportError(IntermediateProofReplayer.java:779)
Caused by: java.lang.NullPointerException: null
	at java.base/java.util.PriorityQueue.<init>(PriorityQueue.java:224)

315659     WARN  main            d.u.i.k.p.r.p.TestFile    Replay exception de.uka.ilkd.key.proof.io.ProblemLoaderException: Error loading proof.
Line 800, goal 739, rule ifthenelse_split not available or not applicable in this context.
	at de.uka.ilkd.key.proof.io.IntermediateProofReplayer.reportError(IntermediateProofReplayer.java:779)
Caused by: java.lang.NullPointerException: null
	at java.base/java.util.PriorityQueue.<init>(PriorityQueue.java:224)

315661     WARN  main            d.u.i.k.p.r.p.ForkedTestFileRunner Run failed java.lang.Exception: Exception while loading proof (see cause for details): /home/runner/work/key/key/key.core/../key.ui/examples/heap/permissions/threads/BFilter_startTransfer_accessible.key.proof
	at de.uka.ilkd.key.proof.runallproofs.proofcollection.TestFile.reloadProof(TestFile.java:314)
Caused by: de.uka.ilkd.key.proof.io.ProblemLoaderException: Error loading proof.
Line 800, goal 739, rule ifthenelse_split not available or not applicable in this context.
	at de.uka.ilkd.key.proof.io.IntermediateProofReplayer.reportError(IntermediateProofReplayer.java:779)
Caused by: java.lang.NullPointerException: null
	at java.base/java.util.PriorityQueue.<init>(PriorityQueue.java:224)

325652     WARN  main            d.u.i.k.p.r.p.TestFile    Replay exception de.uka.ilkd.key.proof.io.ProblemLoaderException: Error loading proof.
Line 166, goal 105, rule insertPermissionOwner not available or not applicable in this context.
	at de.uka.ilkd.key.proof.io.IntermediateProofReplayer.reportError(IntermediateProofReplayer.java:779)
Caused by: java.lang.NullPointerException: null
	at java.base/java.util.PriorityQueue.<init>(PriorityQueue.java:224)

325653     WARN  main            d.u.i.k.p.r.p.ForkedTestFileRunner Run failed java.lang.Exception: Exception while loading proof (see cause for details): /home/runner/work/key/key/key.core/../key.ui/examples/heap/permissions/threads/BFilter_startTransfer_contract.key.proof
	at de.uka.ilkd.key.proof.runallproofs.proofcollection.TestFile.reloadProof(TestFile.java:314)
Caused by: de.uka.ilkd.key.proof.io.ProblemLoaderException: Error loading proof.
Line 166, goal 105, rule insertPermissionOwner not available or not applicable in this context.
	at de.uka.ilkd.key.proof.io.IntermediateProofReplayer.reportError(IntermediateProofReplayer.java:779)
Caused by: java.lang.NullPointerException: null
	at java.base/java.util.PriorityQueue.<init>(PriorityQueue.java:224)

335305     WARN  main            d.u.i.k.p.r.p.TestFile    Replay exception de.uka.ilkd.key.proof.io.ProblemLoaderException: Error loading proof.
Line 196, goal 135, rule equiv_right not available or not applicable in this context.
	at de.uka.ilkd.key.proof.io.IntermediateProofReplayer.reportError(IntermediateProofReplayer.java:779)
Caused by: java.lang.NullPointerException: null
	at java.base/java.util.PriorityQueue.<init>(PriorityQueue.java:224)

335306     WARN  main            d.u.i.k.p.r.p.ForkedTestFileRunner Run failed java.lang.Exception: Exception while loading proof (see cause for details): /home/runner/work/key/key/key.core/../key.ui/examples/heap/permissions/threads/BFilter_stateInv_accessible.key.proof
	at de.uka.ilkd.key.proof.runallproofs.proofcollection.TestFile.reloadProof(TestFile.java:314)
Caused by: de.uka.ilkd.key.proof.io.ProblemLoaderException: Error loading proof.
Line 196, goal 135, rule equiv_right not available or not applicable in this context.
	at de.uka.ilkd.key.proof.io.IntermediateProofReplayer.reportError(IntermediateProofReplayer.java:779)
Caused by: java.lang.NullPointerException: null
	at java.base/java.util.PriorityQueue.<init>(PriorityQueue.java:224)

364219     WARN  main            d.u.i.k.p.r.p.TestFile    Replay exception de.uka.ilkd.key.proof.io.ProblemLoaderException: Error loading proof.
Line 95, goal 34, rule assignment_write_attribute_this not available or not applicable in this context.
	at de.uka.ilkd.key.proof.io.IntermediateProofReplayer.reportError(IntermediateProofReplayer.java:779)
Caused by: java.lang.NullPointerException: null
	at java.base/java.util.PriorityQueue.<init>(PriorityQueue.java:224)

364220     WARN  main            d.u.i.k.p.r.p.ForkedTestFileRunner Run failed java.lang.Exception: Exception while loading proof (see cause for details): /home/runner/work/key/key/key.core/../key.ui/examples/heap/permissions/threads/Fib_Fib.key.proof
	at de.uka.ilkd.key.proof.runallproofs.proofcollection.TestFile.reloadProof(TestFile.java:314)
Caused by: de.uka.ilkd.key.proof.io.ProblemLoaderException: Error loading proof.
Line 95, goal 34, rule assignment_write_attribute_this not available or not applicable in this context.
	at de.uka.ilkd.key.proof.io.IntermediateProofReplayer.reportError(IntermediateProofReplayer.java:779)
Caused by: java.lang.NullPointerException: null
	at java.base/java.util.PriorityQueue.<init>(PriorityQueue.java:224)

510495     WARN  main            d.u.i.k.p.r.p.TestFile    Replay exception de.uka.ilkd.key.proof.io.ProblemLoaderException: Error loading proof.
Line 178, goal 117, rule assignment_write_attribute_this not available or not applicable in this context.
	at de.uka.ilkd.key.proof.io.IntermediateProofReplayer.reportError(IntermediateProofReplayer.java:779)
Caused by: java.lang.NullPointerException: null
	at java.base/java.util.PriorityQueue.<init>(PriorityQueue.java:224)

510496     WARN  main            d.u.i.k.p.r.p.ForkedTestFileRunner Run failed java.lang.Exception: Exception while loading proof (see cause for details): /home/runner/work/key/key/key.core/../key.ui/examples/heap/permissions/threads/Plotter_Plotter.key.proof
	at de.uka.ilkd.key.proof.runallproofs.proofcollection.TestFile.reloadProof(TestFile.java:314)
Caused by: de.uka.ilkd.key.proof.io.ProblemLoaderException: Error loading proof.
Line 178, goal 117, rule assignment_write_attribute_this not available or not applicable in this context.
	at de.uka.ilkd.key.proof.io.IntermediateProofReplayer.reportError(IntermediateProofReplayer.java:779)
Caused by: java.lang.NullPointerException: null
	at java.base/java.util.PriorityQueue.<init>(PriorityQueue.java:224)

530274     WARN  main            d.u.i.k.p.r.p.TestFile    Replay exception de.uka.ilkd.key.proof.io.ProblemLoaderException: Error loading proof.
Line 401, goal 340, rule equiv_right not available or not applicable in this context.
	at de.uka.ilkd.key.proof.io.IntermediateProofReplayer.reportError(IntermediateProofReplayer.java:779)
Caused by: java.lang.NullPointerException: null
	at java.base/java.util.PriorityQueue.<init>(PriorityQueue.java:224)

530275     WARN  main            d.u.i.k.p.r.p.ForkedTestFileRunner Run failed java.lang.Exception: Exception while loading proof (see cause for details): /home/runner/work/key/key/key.core/../key.ui/examples/heap/permissions/threads/Plotter_preStart_accessible.key.proof
	at de.uka.ilkd.key.proof.runallproofs.proofcollection.TestFile.reloadProof(TestFile.java:314)
Caused by: de.uka.ilkd.key.proof.io.ProblemLoaderException: Error loading proof.
Line 401, goal 340, rule equiv_right not available or not applicable in this context.
	at de.uka.ilkd.key.proof.io.IntermediateProofReplayer.reportError(IntermediateProofReplayer.java:779)
Caused by: java.lang.NullPointerException: null
	at java.base/java.util.PriorityQueue.<init>(PriorityQueue.java:224)

547306     WARN  main            d.u.i.k.p.r.p.TestFile    Replay exception de.uka.ilkd.key.proof.io.ProblemLoaderException: Error loading proof.
Line 324, goal 263, rule ifthenelse_split not available or not applicable in this context.
	at de.uka.ilkd.key.proof.io.IntermediateProofReplayer.reportError(IntermediateProofReplayer.java:779)
Caused by: java.lang.NullPointerException: null
	at java.base/java.util.PriorityQueue.<init>(PriorityQueue.java:224)

547307     WARN  main            d.u.i.k.p.r.p.ForkedTestFileRunner Run failed java.lang.Exception: Exception while loading proof (see cause for details): /home/runner/work/key/key/key.core/../key.ui/examples/heap/permissions/threads/Plotter_stateInv_accessible.key.proof
	at de.uka.ilkd.key.proof.runallproofs.proofcollection.TestFile.reloadProof(TestFile.java:314)
Caused by: de.uka.ilkd.key.proof.io.ProblemLoaderException: Error loading proof.
Line 324, goal 263, rule ifthenelse_split not available or not applicable in this context.
	at de.uka.ilkd.key.proof.io.IntermediateProofReplayer.reportError(IntermediateProofReplayer.java:779)
Caused by: java.lang.NullPointerException: null
	at java.base/java.util.PriorityQueue.<init>(PriorityQueue.java:224)

557459     WARN  main            d.u.i.k.p.r.p.TestFile    Replay exception de.uka.ilkd.key.proof.io.ProblemLoaderException: Error loading proof.
Line 323, goal 262, rule ifthenelse_split not available or not applicable in this context.
	at de.uka.ilkd.key.proof.io.IntermediateProofReplayer.reportError(IntermediateProofReplayer.java:779)
Caused by: java.lang.NullPointerException: null
	at java.base/java.util.PriorityQueue.<init>(PriorityQueue.java:224)

557459     WARN  main            d.u.i.k.p.r.p.ForkedTestFileRunner Run failed java.lang.Exception: Exception while loading proof (see cause for details): /home/runner/work/key/key/key.core/../key.ui/examples/heap/permissions/threads/Plotter_staticPermissions_accessible.key.proof
	at de.uka.ilkd.key.proof.runallproofs.proofcollection.TestFile.reloadProof(TestFile.java:314)
Caused by: de.uka.ilkd.key.proof.io.ProblemLoaderException: Error loading proof.
Line 323, goal 262, rule ifthenelse_split not available or not applicable in this context.
	at de.uka.ilkd.key.proof.io.IntermediateProofReplayer.reportError(IntermediateProofReplayer.java:779)
Caused by: java.lang.NullPointerException: null
	at java.base/java.util.PriorityQueue.<init>(PriorityQueue.java:224)

607341     WARN  main            d.u.i.k.p.r.p.TestFile    Replay exception de.uka.ilkd.key.proof.io.ProblemLoaderException: Error loading proof.
Line 294, goal 233, rule equiv_right not available or not applicable in this context.
	at de.uka.ilkd.key.proof.io.IntermediateProofReplayer.reportError(IntermediateProofReplayer.java:779)
Caused by: java.lang.NullPointerException: null
	at java.base/java.util.PriorityQueue.<init>(PriorityQueue.java:224)

607341     WARN  main            d.u.i.k.p.r.p.ForkedTestFileRunner Run failed java.lang.Exception: Exception while loading proof (see cause for details): /home/runner/work/key/key/key.core/../key.ui/examples/heap/permissions/threads/Sampler_joinTransfer_accessible.key.proof
	at de.uka.ilkd.key.proof.runallproofs.proofcollection.TestFile.reloadProof(TestFile.java:314)
Caused by: de.uka.ilkd.key.proof.io.ProblemLoaderException: Error loading proof.
Line 294, goal 233, rule equiv_right not available or not applicable in this context.
	at de.uka.ilkd.key.proof.io.IntermediateProofReplayer.reportError(IntermediateProofReplayer.java:779)
Caused by: java.lang.NullPointerException: null
	at java.base/java.util.PriorityQueue.<init>(PriorityQueue.java:224)

626646     WARN  main            d.u.i.k.p.r.p.TestFile    Replay exception de.uka.ilkd.key.proof.io.ProblemLoaderException: Error loading proof.
Line 124, goal 63, rule equiv_right not available or not applicable in this context.
	at de.uka.ilkd.key.proof.io.IntermediateProofReplayer.reportError(IntermediateProofReplayer.java:779)
Caused by: java.lang.NullPointerException: null
	at java.base/java.util.PriorityQueue.<init>(PriorityQueue.java:224)

626647     WARN  main            d.u.i.k.p.r.p.ForkedTestFileRunner Run failed java.lang.Exception: Exception while loading proof (see cause for details): /home/runner/work/key/key/key.core/../key.ui/examples/heap/permissions/threads/Sampler_postJoin_accessible.key.proof
	at de.uka.ilkd.key.proof.runallproofs.proofcollection.TestFile.reloadProof(TestFile.java:314)
Caused by: de.uka.ilkd.key.proof.io.ProblemLoaderException: Error loading proof.
Line 124, goal 63, rule equiv_right not available or not applicable in this context.
	at de.uka.ilkd.key.proof.io.IntermediateProofReplayer.reportError(IntermediateProofReplayer.java:779)
Caused by: java.lang.NullPointerException: null
	at java.base/java.util.PriorityQueue.<init>(PriorityQueue.java:224)

636215     WARN  main            d.u.i.k.p.r.p.TestFile    Replay exception de.uka.ilkd.key.proof.io.ProblemLoaderException: Error loading proof.
Line 124, goal 63, rule equiv_right not available or not applicable in this context.
	at de.uka.ilkd.key.proof.io.IntermediateProofReplayer.reportError(IntermediateProofReplayer.java:779)
Caused by: java.lang.NullPointerException: null
	at java.base/java.util.PriorityQueue.<init>(PriorityQueue.java:224)

636216     WARN  main            d.u.i.k.p.r.p.ForkedTestFileRunner Run failed java.lang.Exception: Exception while loading proof (see cause for details): /home/runner/work/key/key/key.core/../key.ui/examples/heap/permissions/threads/Sampler_preStart_accessible.key.proof
	at de.uka.ilkd.key.proof.runallproofs.proofcollection.TestFile.reloadProof(TestFile.java:314)
Caused by: de.uka.ilkd.key.proof.io.ProblemLoaderException: Error loading proof.
Line 124, goal 63, rule equiv_right not available or not applicable in this context.
	at de.uka.ilkd.key.proof.io.IntermediateProofReplayer.reportError(IntermediateProofReplayer.java:779)
Caused by: java.lang.NullPointerException: null
	at java.base/java.util.PriorityQueue.<init>(PriorityQueue.java:224)

645774     WARN  main            d.u.i.k.p.r.p.TestFile    Replay exception de.uka.ilkd.key.proof.io.ProblemLoaderException: Error loading proof.
Line 95, goal 34, rule assignment_read_attribute_this not available or not applicable in this context.
	at de.uka.ilkd.key.proof.io.IntermediateProofReplayer.reportError(IntermediateProofReplayer.java:779)
Caused by: java.lang.NullPointerException: null
	at java.base/java.util.PriorityQueue.<init>(PriorityQueue.java:224)

645775     WARN  main            d.u.i.k.p.r.p.ForkedTestFileRunner Run failed java.lang.Exception: Exception while loading proof (see cause for details): /home/runner/work/key/key/key.core/../key.ui/examples/heap/permissions/threads/Sampler_run.key.proof
	at de.uka.ilkd.key.proof.runallproofs.proofcollection.TestFile.reloadProof(TestFile.java:314)
Caused by: de.uka.ilkd.key.proof.io.ProblemLoaderException: Error loading proof.
Line 95, goal 34, rule assignment_read_attribute_this not available or not applicable in this context.
	at de.uka.ilkd.key.proof.io.IntermediateProofReplayer.reportError(IntermediateProofReplayer.java:779)
Caused by: java.lang.NullPointerException: null
	at java.base/java.util.PriorityQueue.<init>(PriorityQueue.java:224)

655917     WARN  main            d.u.i.k.p.r.p.TestFile    Replay exception de.uka.ilkd.key.proof.io.ProblemLoaderException: Error loading proof.
Line 98, goal 37, rule assignment_write_attribute_this not available or not applicable in this context.
	at de.uka.ilkd.key.proof.io.IntermediateProofReplayer.reportError(IntermediateProofReplayer.java:779)
Caused by: java.lang.NullPointerException: null
	at java.base/java.util.PriorityQueue.<init>(PriorityQueue.java:224)

655918     WARN  main            d.u.i.k.p.r.p.ForkedTestFileRunner Run failed java.lang.Exception: Exception while loading proof (see cause for details): /home/runner/work/key/key/key.core/../key.ui/examples/heap/permissions/threads/Sampler_Sampler.key.proof
	at de.uka.ilkd.key.proof.runallproofs.proofcollection.TestFile.reloadProof(TestFile.java:314)
Caused by: de.uka.ilkd.key.proof.io.ProblemLoaderException: Error loading proof.
Line 98, goal 37, rule assignment_write_attribute_this not available or not applicable in this context.
	at de.uka.ilkd.key.proof.io.IntermediateProofReplayer.reportError(IntermediateProofReplayer.java:779)
Caused by: java.lang.NullPointerException: null
	at java.base/java.util.PriorityQueue.<init>(PriorityQueue.java:224)

669711     WARN  main            d.u.i.k.p.r.p.TestFile    Replay exception de.uka.ilkd.key.proof.io.ProblemLoaderException: Error loading proof.
Line 367, goal 306, rule equiv_right not available or not applicable in this context.
	at de.uka.ilkd.key.proof.io.IntermediateProofReplayer.reportError(IntermediateProofReplayer.java:779)
Caused by: java.lang.NullPointerException: null
	at java.base/java.util.PriorityQueue.<init>(PriorityQueue.java:224)

669712     WARN  main            d.u.i.k.p.r.p.ForkedTestFileRunner Run failed java.lang.Exception: Exception while loading proof (see cause for details): /home/runner/work/key/key/key.core/../key.ui/examples/heap/permissions/threads/Sampler_startTransfer_accessible.key.proof
	at de.uka.ilkd.key.proof.runallproofs.proofcollection.TestFile.reloadProof(TestFile.java:314)
Caused by: de.uka.ilkd.key.proof.io.ProblemLoaderException: Error loading proof.
Line 367, goal 306, rule equiv_right not available or not applicable in this context.
	at de.uka.ilkd.key.proof.io.IntermediateProofReplayer.reportError(IntermediateProofReplayer.java:779)
Caused by: java.lang.NullPointerException: null
	at java.base/java.util.PriorityQueue.<init>(PriorityQueue.java:224)

717139     WARN  main            d.u.i.k.p.r.p.TestFile    Replay exception de.uka.ilkd.key.proof.io.ProblemLoaderException: Error loading proof.
Line 96, goal 35, rule Use Operation Contract not available or not applicable in this context.
	at de.uka.ilkd.key.proof.io.IntermediateProofReplayer.reportError(IntermediateProofReplayer.java:779)
Caused by: java.lang.NullPointerException: null
	at java.base/java.util.PriorityQueue.<init>(PriorityQueue.java:224)

717140     WARN  main            d.u.i.k.p.r.p.ForkedTestFileRunner Run failed java.lang.Exception: Exception while loading proof (see cause for details): /home/runner/work/key/key/key.core/../key.ui/examples/heap/permissions/mulleretal/ReadWrite_doRead_contract.key.proof
	at de.uka.ilkd.key.proof.runallproofs.proofcollection.TestFile.reloadProof(TestFile.java:314)
Caused by: de.uka.ilkd.key.proof.io.ProblemLoaderException: Error loading proof.
Line 96, goal 35, rule Use Operation Contract not available or not applicable in this context.
	at de.uka.ilkd.key.proof.io.IntermediateProofReplayer.reportError(IntermediateProofReplayer.java:779)
Caused by: java.lang.NullPointerException: null
	at java.base/java.util.PriorityQueue.<init>(PriorityQueue.java:224)

724661     WARN  main            d.u.i.k.p.r.p.TestFile    Replay exception de.uka.ilkd.key.proof.io.ProblemLoaderException: Error loading proof.
Line 100, goal 39, rule loopScopeInvBox not available or not applicable in this context.
	at de.uka.ilkd.key.proof.io.IntermediateProofReplayer.reportError(IntermediateProofReplayer.java:779)
Caused by: java.lang.NullPointerException: null
	at java.base/java.util.PriorityQueue.<init>(PriorityQueue.java:224)

724662     WARN  main            d.u.i.k.p.r.p.ForkedTestFileRunner Run failed java.lang.Exception: Exception while loading proof (see cause for details): /home/runner/work/key/key/key.core/../key.ui/examples/heap/permissions/mulleretal/ReadWrite_doWrite_contract.key.proof
	at de.uka.ilkd.key.proof.runallproofs.proofcollection.TestFile.reloadProof(TestFile.java:314)
Caused by: de.uka.ilkd.key.proof.io.ProblemLoaderException: Error loading proof.
Line 100, goal 39, rule loopScopeInvBox not available or not applicable in this context.
	at de.uka.ilkd.key.proof.io.IntermediateProofReplayer.reportError(IntermediateProofReplayer.java:779)
Caused by: java.lang.NullPointerException: null
	at java.base/java.util.PriorityQueue.<init>(PriorityQueue.java:224)

730624     WARN  main            d.u.i.k.p.r.p.TestFile    Replay exception de.uka.ilkd.key.proof.io.ProblemLoaderException: Error loading proof.
Line 86, goal 25, rule assignment_read_attribute_this not available or not applicable in this context.
	at de.uka.ilkd.key.proof.io.IntermediateProofReplayer.reportError(IntermediateProofReplayer.java:779)
Caused by: java.lang.NullPointerException: null
	at java.base/java.util.PriorityQueue.<init>(PriorityQueue.java:224)

730625     WARN  main            d.u.i.k.p.r.p.ForkedTestFileRunner Run failed java.lang.Exception: Exception while loading proof (see cause for details): /home/runner/work/key/key/key.core/../key.ui/examples/heap/permissions/mulleretal/ReadWrite_read_contract.key.proof
	at de.uka.ilkd.key.proof.runallproofs.proofcollection.TestFile.reloadProof(TestFile.java:314)
Caused by: de.uka.ilkd.key.proof.io.ProblemLoaderException: Error loading proof.
Line 86, goal 25, rule assignment_read_attribute_this not available or not applicable in this context.
	at de.uka.ilkd.key.proof.io.IntermediateProofReplayer.reportError(IntermediateProofReplayer.java:779)
Caused by: java.lang.NullPointerException: null
	at java.base/java.util.PriorityQueue.<init>(PriorityQueue.java:224)

736657     WARN  main            d.u.i.k.p.r.p.TestFile    Replay exception de.uka.ilkd.key.proof.io.ProblemLoaderException: Error loading proof.
Line 111, goal 50, rule assignment_read_attribute not available or not applicable in this context.
	at de.uka.ilkd.key.proof.io.IntermediateProofReplayer.reportError(IntermediateProofReplayer.java:779)
Caused by: java.lang.NullPointerException: null
	at java.base/java.util.PriorityQueue.<init>(PriorityQueue.java:224)

736658     WARN  main            d.u.i.k.p.r.p.ForkedTestFileRunner Run failed java.lang.Exception: Exception while loading proof (see cause for details): /home/runner/work/key/key/key.core/../key.ui/examples/heap/permissions/mulleretal/ReadWrite_write_contract.key.proof
	at de.uka.ilkd.key.proof.runallproofs.proofcollection.TestFile.reloadProof(TestFile.java:314)
Caused by: de.uka.ilkd.key.proof.io.ProblemLoaderException: Error loading proof.
Line 111, goal 50, rule assignment_read_attribute not available or not applicable in this context.
	at de.uka.ilkd.key.proof.io.IntermediateProofReplayer.reportError(IntermediateProofReplayer.java:779)
Caused by: java.lang.NullPointerException: null
	at java.base/java.util.PriorityQueue.<init>(PriorityQueue.java:224)

756383     WARN  main            d.u.i.k.p.r.p.TestFile    Replay exception de.uka.ilkd.key.proof.io.ProblemLoaderException: Error loading proof.
Line 1398, goal 1337, rule andRight not available or not applicable in this context.
	at de.uka.ilkd.key.proof.io.IntermediateProofReplayer.reportError(IntermediateProofReplayer.java:779)
Caused by: java.lang.NullPointerException: null
	at java.base/java.util.PriorityQueue.<init>(PriorityQueue.java:224)

756396     WARN  main            d.u.i.k.p.r.p.ForkedTestFileRunner Run failed java.lang.Exception: Exception while loading proof (see cause for details): /home/runner/work/key/key/key.core/../key.ui/examples/heap/permissions/lockspec/Counter_lockConsistent_contract.key.proof
	at de.uka.ilkd.key.proof.runallproofs.proofcollection.TestFile.reloadProof(TestFile.java:314)
Caused by: de.uka.ilkd.key.proof.io.ProblemLoaderException: Error loading proof.
Line 1398, goal 1337, rule andRight not available or not applicable in this context.
	at de.uka.ilkd.key.proof.io.IntermediateProofReplayer.reportError(IntermediateProofReplayer.java:779)
Caused by: java.lang.NullPointerException: null
	at java.base/java.util.PriorityQueue.<init>(PriorityQueue.java:224)

789890     WARN  main            d.u.i.k.p.r.p.TestFile    Replay exception de.uka.ilkd.key.proof.io.ProblemLoaderException: Error loading proof.
Line 140, goal 79, rule ifthenelse_split not available or not applicable in this context.
	at de.uka.ilkd.key.proof.io.IntermediateProofReplayer.reportError(IntermediateProofReplayer.java:779)
Caused by: java.lang.NullPointerException: null
	at java.base/java.util.PriorityQueue.<init>(PriorityQueue.java:224)

789892     WARN  main            d.u.i.k.p.r.p.ForkedTestFileRunner Run failed java.lang.Exception: Exception while loading proof (see cause for details): /home/runner/work/key/key/key.core/../key.ui/examples/heap/permissions/lockspec/Counter_inv_accessible1.key.proof
	at de.uka.ilkd.key.proof.runallproofs.proofcollection.TestFile.reloadProof(TestFile.java:314)
Caused by: de.uka.ilkd.key.proof.io.ProblemLoaderException: Error loading proof.
Line 140, goal 79, rule ifthenelse_split not available or not applicable in this context.
	at de.uka.ilkd.key.proof.io.IntermediateProofReplayer.reportError(IntermediateProofReplayer.java:779)
Caused by: java.lang.NullPointerException: null
	at java.base/java.util.PriorityQueue.<init>(PriorityQueue.java:224)

796939     WARN  main            d.u.i.k.p.r.p.TestFile    Replay exception de.uka.ilkd.key.proof.io.ProblemLoaderException: Error loading proof.
Line 143, goal 82, rule ifthenelse_split not available or not applicable in this context.
	at de.uka.ilkd.key.proof.io.IntermediateProofReplayer.reportError(IntermediateProofReplayer.java:779)
Caused by: java.lang.NullPointerException: null
	at java.base/java.util.PriorityQueue.<init>(PriorityQueue.java:224)

796940     WARN  main            d.u.i.k.p.r.p.ForkedTestFileRunner Run failed java.lang.Exception: Exception while loading proof (see cause for details): /home/runner/work/key/key/key.core/../key.ui/examples/heap/permissions/lockspec/Counter_inv_accessible2.key.proof
	at de.uka.ilkd.key.proof.runallproofs.proofcollection.TestFile.reloadProof(TestFile.java:314)
Caused by: de.uka.ilkd.key.proof.io.ProblemLoaderException: Error loading proof.
Line 143, goal 82, rule ifthenelse_split not available or not applicable in this context.
	at de.uka.ilkd.key.proof.io.IntermediateProofReplayer.reportError(IntermediateProofReplayer.java:779)
Caused by: java.lang.NullPointerException: null
	at java.base/java.util.PriorityQueue.<init>(PriorityQueue.java:224)

465        WARN  main            d.u.i.k.s.ProofSettings   The settings in /home/runner/.key/proof-settings.props are *not* read. 
18045      WARN  main            d.u.i.k.p.r.p.TestFile    Replay exception de.uka.ilkd.key.proof.io.ProblemLoaderException: Error loading proof.
Line 153, goal 92, rule assignment_write_attribute not available or not applicable in this context.
	at de.uka.ilkd.key.proof.io.IntermediateProofReplayer.reportError(IntermediateProofReplayer.java:779)
Caused by: java.lang.NullPointerException: null
	at java.base/java.util.PriorityQueue.<init>(PriorityQueue.java:224)

18047      WARN  main            d.u.i.k.p.r.p.ForkedTestFileRunner Run failed java.lang.Exception: Exception while loading proof (see cause for details): /home/runner/work/key/key/key.core/../key.ui/examples/completionscopes/testMultCcatchClauses.key.proof
	at de.uka.ilkd.key.proof.runallproofs.proofcollection.TestFile.reloadProof(TestFile.java:314)
Caused by: de.uka.ilkd.key.proof.io.ProblemLoaderException: Error loading proof.
Line 153, goal 92, rule assignment_write_attribute not available or not applicable in this context.
	at de.uka.ilkd.key.proof.io.IntermediateProofReplayer.reportError(IntermediateProofReplayer.java:779)
Caused by: java.lang.NullPointerException: null
	at java.base/java.util.PriorityQueue.<init>(PriorityQueue.java:224)

23780      WARN  main            d.u.i.k.p.r.p.TestFile    Replay exception de.uka.ilkd.key.proof.io.ProblemLoaderException: Error loading proof.
Line 153, goal 92, rule assignment_write_attribute not available or not applicable in this context.
	at de.uka.ilkd.key.proof.io.IntermediateProofReplayer.reportError(IntermediateProofReplayer.java:779)
Caused by: java.lang.NullPointerException: null
	at java.base/java.util.PriorityQueue.<init>(PriorityQueue.java:224)

23781      WARN  main            d.u.i.k.p.r.p.ForkedTestFileRunner Run failed java.lang.Exception: Exception while loading proof (see cause for details): /home/runner/work/key/key/key.core/../key.ui/examples/completionscopes/testNestedExec.key.proof
	at de.uka.ilkd.key.proof.runallproofs.proofcollection.TestFile.reloadProof(TestFile.java:314)
Caused by: de.uka.ilkd.key.proof.io.ProblemLoaderException: Error loading proof.
Line 153, goal 92, rule assignment_write_attribute not available or not applicable in this context.
	at de.uka.ilkd.key.proof.io.IntermediateProofReplayer.reportError(IntermediateProofReplayer.java:779)
Caused by: java.lang.NullPointerException: null
	at java.base/java.util.PriorityQueue.<init>(PriorityQueue.java:224)

323        WARN  main            d.u.i.k.s.ProofSettings   The settings in /home/runner/.key/proof-settings.props are *not* read. 
20364      WARN  main            d.u.i.k.p.r.p.TestFile    Replay exception de.uka.ilkd.key.proof.io.ProblemLoaderException: Error loading proof.
Line 134, goal 73, rule assignment_read_length not available or not applicable in this context.
	at de.uka.ilkd.key.proof.io.IntermediateProofReplayer.reportError(IntermediateProofReplayer.java:779)
Caused by: java.lang.NullPointerException: null
	at java.base/java.util.PriorityQueue.<init>(PriorityQueue.java:224)

20376      WARN  main            d.u.i.k.p.r.p.ForkedTestFileRunner Run failed java.lang.Exception: Exception while loading proof (see cause for details): /home/runner/work/key/key/key.core/../key.ui/examples/firstTouch/05-ReverseArray/reverseArray.key.proof
	at de.uka.ilkd.key.proof.runallproofs.proofcollection.TestFile.reloadProof(TestFile.java:314)
Caused by: de.uka.ilkd.key.proof.io.ProblemLoaderException: Error loading proof.
Line 134, goal 73, rule assignment_read_length not available or not applicable in this context.
	at de.uka.ilkd.key.proof.io.IntermediateProofReplayer.reportError(IntermediateProofReplayer.java:779)
Caused by: java.lang.NullPointerException: null
	at java.base/java.util.PriorityQueue.<init>(PriorityQueue.java:224)

341        WARN  main            d.u.i.k.s.ProofSettings   The settings in /home/runner/.key/proof-settings.props are *not* read. 
7618       WARN  main            d.u.i.k.p.i.IntermediateProofReplayer Proof contains wrong number of \assumes instatiations for andLeft 
7619       WARN  main            d.u.i.k.p.i.IntermediateProofReplayer Proof contains wrong number of \assumes instatiations for replace_known_right 
7623       WARN  main            d.u.i.k.p.i.IntermediateProofReplayer Proof contains wrong number of \assumes instatiations for close 
10414      WARN  main            d.u.i.k.p.i.IntermediateProofReplayer Proof contains wrong number of \assumes instatiations for applyEq 
10425      INFO  main            d.u.i.k.p.r.p.TestFile    ... success: loading failed 
13001      INFO  main            d.u.i.k.p.r.p.TestFile    ... success: loading failed 
15560      INFO  main            d.u.i.k.p.r.p.TestFile    ... success: loading failed 
17983      INFO  main            d.u.i.k.p.r.p.TestFile    ... success: loading failed 
347        WARN  main            d.u.i.k.s.ProofSettings   The settings in /home/runner/.key/proof-settings.props are *not* read. 
11257      WARN  main            d.u.i.k.p.r.p.TestFile    Replay exception de.uka.ilkd.key.proof.io.ProblemLoaderException: Error loading proof.
Line 73, goal 12, rule Class_invariant_axiom_for_LabeledCase not available or not applicable in this context.
	at de.uka.ilkd.key.proof.io.IntermediateProofReplayer.reportError(IntermediateProofReplayer.java:779)
Caused by: java.lang.NullPointerException: null
	at java.base/java.util.PriorityQueue.<init>(PriorityQueue.java:224)

11263      WARN  main            d.u.i.k.p.r.p.ForkedTestFileRunner Run failed java.lang.Exception: Exception while loading proof (see cause for details): /home/runner/work/key/key/key.core/../key.ui/examples/standard_key/java_dl/switch/labeled_case.key.proof
	at de.uka.ilkd.key.proof.runallproofs.proofcollection.TestFile.reloadProof(TestFile.java:314)
Caused by: de.uka.ilkd.key.proof.io.ProblemLoaderException: Error loading proof.
Line 73, goal 12, rule Class_invariant_axiom_for_LabeledCase not available or not applicable in this context.
	at de.uka.ilkd.key.proof.io.IntermediateProofReplayer.reportError(IntermediateProofReplayer.java:779)
Caused by: java.lang.NullPointerException: null
	at java.base/java.util.PriorityQueue.<init>(PriorityQueue.java:224)

21787      WARN  main            d.u.i.k.p.r.p.TestFile    Replay exception de.uka.ilkd.key.proof.io.ProblemLoaderException: Error loading proof.
Line 75, goal 12, rule ifSplit not available or not applicable in this context.
	at de.uka.ilkd.key.proof.io.IntermediateProofReplayer.reportError(IntermediateProofReplayer.java:779)
Caused by: java.lang.NullPointerException: null
	at java.base/java.util.PriorityQueue.<init>(PriorityQueue.java:224)

21788      WARN  main            d.u.i.k.p.r.p.ForkedTestFileRunner Run failed java.lang.Exception: Exception while loading proof (see cause for details): /home/runner/work/key/key/key.core/../key.ui/examples/standard_key/java_dl/switch/empty_switch_null.key.proof
	at de.uka.ilkd.key.proof.runallproofs.proofcollection.TestFile.reloadProof(TestFile.java:314)
Caused by: de.uka.ilkd.key.proof.io.ProblemLoaderException: Error loading proof.
Line 75, goal 12, rule ifSplit not available or not applicable in this context.
	at de.uka.ilkd.key.proof.io.IntermediateProofReplayer.reportError(IntermediateProofReplayer.java:779)
Caused by: java.lang.NullPointerException: null
	at java.base/java.util.PriorityQueue.<init>(PriorityQueue.java:224)

26936      WARN  main            d.u.i.k.p.r.p.TestFile    Replay exception de.uka.ilkd.key.proof.io.ProblemLoaderException: Error loading proof.
Line 78, goal 12, rule ifSplit not available or not applicable in this context.
	at de.uka.ilkd.key.proof.io.IntermediateProofReplayer.reportError(IntermediateProofReplayer.java:779)
Caused by: java.lang.NullPointerException: null
	at java.base/java.util.PriorityQueue.<init>(PriorityQueue.java:224)

26938      WARN  main            d.u.i.k.p.r.p.ForkedTestFileRunner Run failed java.lang.Exception: Exception while loading proof (see cause for details): /home/runner/work/key/key/key.core/../key.ui/examples/standard_key/java_dl/switch/empty_switch_null_catch.key.proof
	at de.uka.ilkd.key.proof.runallproofs.proofcollection.TestFile.reloadProof(TestFile.java:314)
Caused by: de.uka.ilkd.key.proof.io.ProblemLoaderException: Error loading proof.
Line 78, goal 12, rule ifSplit not available or not applicable in this context.
	at de.uka.ilkd.key.proof.io.IntermediateProofReplayer.reportError(IntermediateProofReplayer.java:779)
Caused by: java.lang.NullPointerException: null
	at java.base/java.util.PriorityQueue.<init>(PriorityQueue.java:224)

32057      WARN  main            d.u.i.k.p.r.p.TestFile    Replay exception de.uka.ilkd.key.proof.io.ProblemLoaderException: Error loading proof.
Line 67, goal 4, rule assignment_array2 not available or not applicable in this context.
	at de.uka.ilkd.key.proof.io.IntermediateProofReplayer.reportError(IntermediateProofReplayer.java:779)
Caused by: java.lang.NullPointerException: null
	at java.base/java.util.PriorityQueue.<init>(PriorityQueue.java:224)

32058      WARN  main            d.u.i.k.p.r.p.ForkedTestFileRunner Run failed java.lang.Exception: Exception while loading proof (see cause for details): /home/runner/work/key/key/key.core/../key.ui/examples/standard_key/java_dl/switch/empty_switch_array_out_of_bounds.key.proof
	at de.uka.ilkd.key.proof.runallproofs.proofcollection.TestFile.reloadProof(TestFile.java:314)
Caused by: de.uka.ilkd.key.proof.io.ProblemLoaderException: Error loading proof.
Line 67, goal 4, rule assignment_array2 not available or not applicable in this context.
	at de.uka.ilkd.key.proof.io.IntermediateProofReplayer.reportError(IntermediateProofReplayer.java:779)
Caused by: java.lang.NullPointerException: null
	at java.base/java.util.PriorityQueue.<init>(PriorityQueue.java:224)

37101      WARN  main            d.u.i.k.p.r.p.TestFile    Replay exception de.uka.ilkd.key.proof.io.ProblemLoaderException: Error loading proof.
Line 72, goal 6, rule assignment_array2 not available or not applicable in this context.
	at de.uka.ilkd.key.proof.io.IntermediateProofReplayer.reportError(IntermediateProofReplayer.java:779)
Caused by: java.lang.NullPointerException: null
	at java.base/java.util.PriorityQueue.<init>(PriorityQueue.java:224)

37102      WARN  main            d.u.i.k.p.r.p.ForkedTestFileRunner Run failed java.lang.Exception: Exception while loading proof (see cause for details): /home/runner/work/key/key/key.core/../key.ui/examples/standard_key/java_dl/switch/empty_switch_array_out_of_bounds_catch.key.proof
	at de.uka.ilkd.key.proof.runallproofs.proofcollection.TestFile.reloadProof(TestFile.java:314)
Caused by: de.uka.ilkd.key.proof.io.ProblemLoaderException: Error loading proof.
Line 72, goal 6, rule assignment_array2 not available or not applicable in this context.
	at de.uka.ilkd.key.proof.io.IntermediateProofReplayer.reportError(IntermediateProofReplayer.java:779)
Caused by: java.lang.NullPointerException: null
	at java.base/java.util.PriorityQueue.<init>(PriorityQueue.java:224)

46196      WARN  main            d.u.i.k.p.r.p.TestFile    Replay exception de.uka.ilkd.key.proof.io.ProblemLoaderException: Error loading proof.
Line 74, goal 13, rule Class_invariant_axiom_for_SwitchInSwitch not available or not applicable in this context.
	at de.uka.ilkd.key.proof.io.IntermediateProofReplayer.reportError(IntermediateProofReplayer.java:779)
Caused by: java.lang.NullPointerException: null
	at java.base/java.util.PriorityQueue.<init>(PriorityQueue.java:224)

46199      WARN  main            d.u.i.k.p.r.p.ForkedTestFileRunner Run failed java.lang.Exception: Exception while loading proof (see cause for details): /home/runner/work/key/key/key.core/../key.ui/examples/standard_key/java_dl/switch/switch_in_switch.key.proof
	at de.uka.ilkd.key.proof.runallproofs.proofcollection.TestFile.reloadProof(TestFile.java:314)
Caused by: de.uka.ilkd.key.proof.io.ProblemLoaderException: Error loading proof.
Line 74, goal 13, rule Class_invariant_axiom_for_SwitchInSwitch not available or not applicable in this context.
	at de.uka.ilkd.key.proof.io.IntermediateProofReplayer.reportError(IntermediateProofReplayer.java:779)
Caused by: java.lang.NullPointerException: null
	at java.base/java.util.PriorityQueue.<init>(PriorityQueue.java:224)

51974      WARN  main            d.u.i.k.p.r.p.TestFile    Replay exception de.uka.ilkd.key.proof.io.ProblemLoaderException: Error loading proof.
Line 75, goal 14, rule Class_invariant_axiom_for_WhileAndSwitch not available or not applicable in this context.
	at de.uka.ilkd.key.proof.io.IntermediateProofReplayer.reportError(IntermediateProofReplayer.java:779)
Caused by: java.lang.NullPointerException: null
	at java.base/java.util.PriorityQueue.<init>(PriorityQueue.java:224)

51975      WARN  main            d.u.i.k.p.r.p.ForkedTestFileRunner Run failed java.lang.Exception: Exception while loading proof (see cause for details): /home/runner/work/key/key/key.core/../key.ui/examples/standard_key/java_dl/switch/while_and_switch.key.proof
	at de.uka.ilkd.key.proof.runallproofs.proofcollection.TestFile.reloadProof(TestFile.java:314)
Caused by: de.uka.ilkd.key.proof.io.ProblemLoaderException: Error loading proof.
Line 75, goal 14, rule Class_invariant_axiom_for_WhileAndSwitch not available or not applicable in this context.
	at de.uka.ilkd.key.proof.io.IntermediateProofReplayer.reportError(IntermediateProofReplayer.java:779)
Caused by: java.lang.NullPointerException: null
	at java.base/java.util.PriorityQueue.<init>(PriorityQueue.java:224)

58275      WARN  main            d.u.i.k.p.r.p.TestFile    Replay exception de.uka.ilkd.key.proof.io.ProblemLoaderException: Error loading proof.
Line 76, goal 15, rule Class_invariant_axiom_for_LargeSwitch not available or not applicable in this context.
	at de.uka.ilkd.key.proof.io.IntermediateProofReplayer.reportError(IntermediateProofReplayer.java:779)
Caused by: java.lang.NullPointerException: null
	at java.base/java.util.PriorityQueue.<init>(PriorityQueue.java:224)

58276      WARN  main            d.u.i.k.p.r.p.ForkedTestFileRunner Run failed java.lang.Exception: Exception while loading proof (see cause for details): /home/runner/work/key/key/key.core/../key.ui/examples/standard_key/java_dl/switch/large_switch.key.proof
	at de.uka.ilkd.key.proof.runallproofs.proofcollection.TestFile.reloadProof(TestFile.java:314)
Caused by: de.uka.ilkd.key.proof.io.ProblemLoaderException: Error loading proof.
Line 76, goal 15, rule Class_invariant_axiom_for_LargeSwitch not available or not applicable in this context.
	at de.uka.ilkd.key.proof.io.IntermediateProofReplayer.reportError(IntermediateProofReplayer.java:779)
Caused by: java.lang.NullPointerException: null
	at java.base/java.util.PriorityQueue.<init>(PriorityQueue.java:224)

354        WARN  main            d.u.i.k.s.ProofSettings   The settings in /home/runner/.key/proof-settings.props are *not* read. 
16239      WARN  main            d.u.i.k.p.r.p.TestFile    Replay exception de.uka.ilkd.key.proof.io.ProblemLoaderException: Error loading proof.
Line 131, goal 70, rule ifSplit not available or not applicable in this context.
	at de.uka.ilkd.key.proof.io.IntermediateProofReplayer.reportError(IntermediateProofReplayer.java:779)
Caused by: java.lang.NullPointerException: null
	at java.base/java.util.PriorityQueue.<init>(PriorityQueue.java:224)

16245      WARN  main            d.u.i.k.p.r.p.ForkedTestFileRunner Run failed java.lang.Exception: Exception while loading proof (see cause for details): /home/runner/work/key/key/key.core/../key.ui/examples/redux/arrays/Arrays.copyOf.key.proof
	at de.uka.ilkd.key.proof.runallproofs.proofcollection.TestFile.reloadProof(TestFile.java:314)
Caused by: de.uka.ilkd.key.proof.io.ProblemLoaderException: Error loading proof.
Line 131, goal 70, rule ifSplit not available or not applicable in this context.
	at de.uka.ilkd.key.proof.io.IntermediateProofReplayer.reportError(IntermediateProofReplayer.java:779)
Caused by: java.lang.NullPointerException: null
	at java.base/java.util.PriorityQueue.<init>(PriorityQueue.java:224)

23412      INFO  main            d.u.i.k.m.s.SMTCommand    Finished run on goal 17 in 41ms, result is valid 
28162      WARN  main            d.u.i.k.p.r.p.TestFile    Replay exception de.uka.ilkd.key.proof.io.ProblemLoaderException: Error loading proof.
Line 78, goal 17, rule JML assert not available or not applicable in this context.
	at de.uka.ilkd.key.proof.io.IntermediateProofReplayer.reportError(IntermediateProofReplayer.java:779)
Caused by: java.lang.NullPointerException: null
	at java.base/java.util.PriorityQueue.<init>(PriorityQueue.java:224)

28167      WARN  main            d.u.i.k.p.r.p.ForkedTestFileRunner Run failed java.lang.Exception: Exception while loading proof (see cause for details): /home/runner/work/key/key/key.core/../key.ui/examples/redux/arrays/Arrays.copyOf.float.key.proof
	at de.uka.ilkd.key.proof.runallproofs.proofcollection.TestFile.reloadProof(TestFile.java:314)
Caused by: de.uka.ilkd.key.proof.io.ProblemLoaderException: Error loading proof.
Line 78, goal 17, rule JML assert not available or not applicable in this context.
	at de.uka.ilkd.key.proof.io.IntermediateProofReplayer.reportError(IntermediateProofReplayer.java:779)
Caused by: java.lang.NullPointerException: null
	at java.base/java.util.PriorityQueue.<init>(PriorityQueue.java:224)

38490      WARN  main            d.u.i.k.p.r.p.TestFile    Replay exception de.uka.ilkd.key.proof.io.ProblemLoaderException: Error loading proof.
Line 160, goal 99, rule ifSplit not available or not applicable in this context.
	at de.uka.ilkd.key.proof.io.IntermediateProofReplayer.reportError(IntermediateProofReplayer.java:779)
Caused by: java.lang.NullPointerException: null
	at java.base/java.util.PriorityQueue.<init>(PriorityQueue.java:224)

38491      WARN  main            d.u.i.k.p.r.p.ForkedTestFileRunner Run failed java.lang.Exception: Exception while loading proof (see cause for details): /home/runner/work/key/key/key.core/../key.ui/examples/redux/arrays/Arrays.copyOfRange.key.proof
	at de.uka.ilkd.key.proof.runallproofs.proofcollection.TestFile.reloadProof(TestFile.java:314)
Caused by: de.uka.ilkd.key.proof.io.ProblemLoaderException: Error loading proof.
Line 160, goal 99, rule ifSplit not available or not applicable in this context.
	at de.uka.ilkd.key.proof.io.IntermediateProofReplayer.reportError(IntermediateProofReplayer.java:779)
Caused by: java.lang.NullPointerException: null
	at java.base/java.util.PriorityQueue.<init>(PriorityQueue.java:224)

46932      INFO  main            d.u.i.k.m.s.SMTCommand    Finished run on goal 27 in 36ms, result is valid 
53195      WARN  main            d.u.i.k.p.r.p.TestFile    Replay exception de.uka.ilkd.key.proof.io.ProblemLoaderException: Error loading proof.
Line 88, goal 27, rule JML assert not available or not applicable in this context.
	at de.uka.ilkd.key.proof.io.IntermediateProofReplayer.reportError(IntermediateProofReplayer.java:779)
Caused by: java.lang.NullPointerException: null
	at java.base/java.util.PriorityQueue.<init>(PriorityQueue.java:224)

53202      WARN  main            d.u.i.k.p.r.p.ForkedTestFileRunner Run failed java.lang.Exception: Exception while loading proof (see cause for details): /home/runner/work/key/key/key.core/../key.ui/examples/redux/arrays/Arrays.copyOfRange.float.key.proof
	at de.uka.ilkd.key.proof.runallproofs.proofcollection.TestFile.reloadProof(TestFile.java:314)
Caused by: de.uka.ilkd.key.proof.io.ProblemLoaderException: Error loading proof.
Line 88, goal 27, rule JML assert not available or not applicable in this context.
	at de.uka.ilkd.key.proof.io.IntermediateProofReplayer.reportError(IntermediateProofReplayer.java:779)
Caused by: java.lang.NullPointerException: null
	at java.base/java.util.PriorityQueue.<init>(PriorityQueue.java:224)

59712      WARN  main            d.u.i.k.p.r.p.TestFile    Replay exception de.uka.ilkd.key.proof.io.ProblemLoaderException: Error loading proof.
Line 105, goal 44, rule ifSplit not available or not applicable in this context.
	at de.uka.ilkd.key.proof.io.IntermediateProofReplayer.reportError(IntermediateProofReplayer.java:779)
Caused by: java.lang.NullPointerException: null
	at java.base/java.util.PriorityQueue.<init>(PriorityQueue.java:224)

59713      WARN  main            d.u.i.k.p.r.p.ForkedTestFileRunner Run failed java.lang.Exception: Exception while loading proof (see cause for details): /home/runner/work/key/key/key.core/../key.ui/examples/redux/arrays/Arrays.equals.key.proof
	at de.uka.ilkd.key.proof.runallproofs.proofcollection.TestFile.reloadProof(TestFile.java:314)
Caused by: de.uka.ilkd.key.proof.io.ProblemLoaderException: Error loading proof.
Line 105, goal 44, rule ifSplit not available or not applicable in this context.
	at de.uka.ilkd.key.proof.io.IntermediateProofReplayer.reportError(IntermediateProofReplayer.java:779)
Caused by: java.lang.NullPointerException: null
	at java.base/java.util.PriorityQueue.<init>(PriorityQueue.java:224)

65751      WARN  main            d.u.i.k.p.r.p.TestFile    Replay exception de.uka.ilkd.key.proof.io.ProblemLoaderException: Error loading proof.
Line 111, goal 50, rule assignment_read_length not available or not applicable in this context.
	at de.uka.ilkd.key.proof.io.IntermediateProofReplayer.reportError(IntermediateProofReplayer.java:779)
Caused by: java.lang.NullPointerException: null
	at java.base/java.util.PriorityQueue.<init>(PriorityQueue.java:224)

65753      WARN  main            d.u.i.k.p.r.p.ForkedTestFileRunner Run failed java.lang.Exception: Exception while loading proof (see cause for details): /home/runner/work/key/key/key.core/../key.ui/examples/redux/arrays/Arrays.fill.key.proof
	at de.uka.ilkd.key.proof.runallproofs.proofcollection.TestFile.reloadProof(TestFile.java:314)
Caused by: de.uka.ilkd.key.proof.io.ProblemLoaderException: Error loading proof.
Line 111, goal 50, rule assignment_read_length not available or not applicable in this context.
	at de.uka.ilkd.key.proof.io.IntermediateProofReplayer.reportError(IntermediateProofReplayer.java:779)
Caused by: java.lang.NullPointerException: null
	at java.base/java.util.PriorityQueue.<init>(PriorityQueue.java:224)

71908      WARN  main            d.u.i.k.p.r.p.TestFile    Replay exception de.uka.ilkd.key.proof.io.ProblemLoaderException: Error loading proof.
Line 111, goal 50, rule assignment_read_length not available or not applicable in this context.
	at de.uka.ilkd.key.proof.io.IntermediateProofReplayer.reportError(IntermediateProofReplayer.java:779)
Caused by: java.lang.NullPointerException: null
	at java.base/java.util.PriorityQueue.<init>(PriorityQueue.java:224)

71908      WARN  main            d.u.i.k.p.r.p.ForkedTestFileRunner Run failed java.lang.Exception: Exception while loading proof (see cause for details): /home/runner/work/key/key/key.core/../key.ui/examples/redux/arrays/Arrays.fill.float.key.proof
	at de.uka.ilkd.key.proof.runallproofs.proofcollection.TestFile.reloadProof(TestFile.java:314)
Caused by: de.uka.ilkd.key.proof.io.ProblemLoaderException: Error loading proof.
Line 111, goal 50, rule assignment_read_length not available or not applicable in this context.
	at de.uka.ilkd.key.proof.io.IntermediateProofReplayer.reportError(IntermediateProofReplayer.java:779)
Caused by: java.lang.NullPointerException: null
	at java.base/java.util.PriorityQueue.<init>(PriorityQueue.java:224)

78388      WARN  main            d.u.i.k.p.r.p.TestFile    Replay exception de.uka.ilkd.key.proof.io.ProblemLoaderException: Error loading proof.
Line 119, goal 58, rule loopScopeInvDia not available or not applicable in this context.
	at de.uka.ilkd.key.proof.io.IntermediateProofReplayer.reportError(IntermediateProofReplayer.java:779)
Caused by: java.lang.NullPointerException: null
	at java.base/java.util.PriorityQueue.<init>(PriorityQueue.java:224)

78389      WARN  main            d.u.i.k.p.r.p.ForkedTestFileRunner Run failed java.lang.Exception: Exception while loading proof (see cause for details): /home/runner/work/key/key/key.core/../key.ui/examples/redux/arrays/Arrays.fillFromTo.key.proof
	at de.uka.ilkd.key.proof.runallproofs.proofcollection.TestFile.reloadProof(TestFile.java:314)
Caused by: de.uka.ilkd.key.proof.io.ProblemLoaderException: Error loading proof.
Line 119, goal 58, rule loopScopeInvDia not available or not applicable in this context.
	at de.uka.ilkd.key.proof.io.IntermediateProofReplayer.reportError(IntermediateProofReplayer.java:779)
Caused by: java.lang.NullPointerException: null
	at java.base/java.util.PriorityQueue.<init>(PriorityQueue.java:224)

84952      WARN  main            d.u.i.k.p.r.p.TestFile    Replay exception de.uka.ilkd.key.proof.io.ProblemLoaderException: Error loading proof.
Line 119, goal 58, rule loopScopeInvDia not available or not applicable in this context.
	at de.uka.ilkd.key.proof.io.IntermediateProofReplayer.reportError(IntermediateProofReplayer.java:779)
Caused by: java.lang.NullPointerException: null
	at java.base/java.util.PriorityQueue.<init>(PriorityQueue.java:224)

84953      WARN  main            d.u.i.k.p.r.p.ForkedTestFileRunner Run failed java.lang.Exception: Exception while loading proof (see cause for details): /home/runner/work/key/key/key.core/../key.ui/examples/redux/arrays/Arrays.fillFromTo.float.key.proof
	at de.uka.ilkd.key.proof.runallproofs.proofcollection.TestFile.reloadProof(TestFile.java:314)
Caused by: de.uka.ilkd.key.proof.io.ProblemLoaderException: Error loading proof.
Line 119, goal 58, rule loopScopeInvDia not available or not applicable in this context.
	at de.uka.ilkd.key.proof.io.IntermediateProofReplayer.reportError(IntermediateProofReplayer.java:779)
Caused by: java.lang.NullPointerException: null
	at java.base/java.util.PriorityQueue.<init>(PriorityQueue.java:224)

96588      WARN  main            d.u.i.k.p.r.p.TestFile    Replay exception de.uka.ilkd.key.proof.io.ProblemLoaderException: Error loading proof.
Line 133, goal 72, rule ifElseSplit not available or not applicable in this context.
	at de.uka.ilkd.key.proof.io.IntermediateProofReplayer.reportError(IntermediateProofReplayer.java:779)
Caused by: java.lang.NullPointerException: null
	at java.base/java.util.PriorityQueue.<init>(PriorityQueue.java:224)

96589      WARN  main            d.u.i.k.p.r.p.ForkedTestFileRunner Run failed java.lang.Exception: Exception while loading proof (see cause for details): /home/runner/work/key/key/key.core/../key.ui/examples/redux/arrays/ArrayCopy.arraycopy.normal.0.key.proof
	at de.uka.ilkd.key.proof.runallproofs.proofcollection.TestFile.reloadProof(TestFile.java:314)
Caused by: de.uka.ilkd.key.proof.io.ProblemLoaderException: Error loading proof.
Line 133, goal 72, rule ifElseSplit not available or not applicable in this context.
	at de.uka.ilkd.key.proof.io.IntermediateProofReplayer.reportError(IntermediateProofReplayer.java:779)
Caused by: java.lang.NullPointerException: null
	at java.base/java.util.PriorityQueue.<init>(PriorityQueue.java:224)

102804     WARN  main            d.u.i.k.p.r.p.TestFile    Replay exception de.uka.ilkd.key.proof.io.ProblemLoaderException: Error loading proof.
Line 81, goal 20, rule ifElseSplit not available or not applicable in this context.
	at de.uka.ilkd.key.proof.io.IntermediateProofReplayer.reportError(IntermediateProofReplayer.java:779)
Caused by: java.lang.NullPointerException: null
	at java.base/java.util.PriorityQueue.<init>(PriorityQueue.java:224)

102805     WARN  main            d.u.i.k.p.r.p.ForkedTestFileRunner Run failed java.lang.Exception: Exception while loading proof (see cause for details): /home/runner/work/key/key/key.core/../key.ui/examples/redux/arrays/ArrayCopy.arraycopy.exceptional.0.key.proof
	at de.uka.ilkd.key.proof.runallproofs.proofcollection.TestFile.reloadProof(TestFile.java:314)
Caused by: de.uka.ilkd.key.proof.io.ProblemLoaderException: Error loading proof.
Line 81, goal 20, rule ifElseSplit not available or not applicable in this context.
	at de.uka.ilkd.key.proof.io.IntermediateProofReplayer.reportError(IntermediateProofReplayer.java:779)
Caused by: java.lang.NullPointerException: null
	at java.base/java.util.PriorityQueue.<init>(PriorityQueue.java:224)

114276     WARN  main            d.u.i.k.p.r.p.TestFile    Replay exception de.uka.ilkd.key.proof.io.ProblemLoaderException: Error loading proof.
Line 127, goal 66, rule ifElseSplit not available or not applicable in this context.
	at de.uka.ilkd.key.proof.io.IntermediateProofReplayer.reportError(IntermediateProofReplayer.java:779)
Caused by: java.lang.NullPointerException: null
	at java.base/java.util.PriorityQueue.<init>(PriorityQueue.java:224)

114277     WARN  main            d.u.i.k.p.r.p.ForkedTestFileRunner Run failed java.lang.Exception: Exception while loading proof (see cause for details): /home/runner/work/key/key/key.core/../key.ui/examples/redux/arrays/ArrayCopy.arraycopy.exceptional.1.key.proof
	at de.uka.ilkd.key.proof.runallproofs.proofcollection.TestFile.reloadProof(TestFile.java:314)
Caused by: de.uka.ilkd.key.proof.io.ProblemLoaderException: Error loading proof.
Line 127, goal 66, rule ifElseSplit not available or not applicable in this context.
	at de.uka.ilkd.key.proof.io.IntermediateProofReplayer.reportError(IntermediateProofReplayer.java:779)
Caused by: java.lang.NullPointerException: null
	at java.base/java.util.PriorityQueue.<init>(PriorityQueue.java:224)

]]></system-out>
  <system-err><![CDATA[Exception in thread "main" org.opentest4j.AssertionFailedError: Exception during the execution of proofs. See log for more details.
	at org.junit.jupiter.api.AssertionUtils.fail(AssertionUtils.java:38)
	at org.junit.jupiter.api.Assertions.fail(Assertions.java:135)
	at de.uka.ilkd.key.proof.runallproofs.proofcollection.ForkedTestFileRunner.main(ForkedTestFileRunner.java:192)
Exception in thread "main" org.opentest4j.AssertionFailedError: Exception during the execution of proofs. See log for more details.
	at org.junit.jupiter.api.AssertionUtils.fail(AssertionUtils.java:38)
	at org.junit.jupiter.api.Assertions.fail(Assertions.java:135)
	at de.uka.ilkd.key.proof.runallproofs.proofcollection.ForkedTestFileRunner.main(ForkedTestFileRunner.java:192)
Exception in thread "main" org.opentest4j.AssertionFailedError: Exception during the execution of proofs. See log for more details.
	at org.junit.jupiter.api.AssertionUtils.fail(AssertionUtils.java:38)
	at org.junit.jupiter.api.Assertions.fail(Assertions.java:135)
	at de.uka.ilkd.key.proof.runallproofs.proofcollection.ForkedTestFileRunner.main(ForkedTestFileRunner.java:192)
Exception in thread "main" org.opentest4j.AssertionFailedError: Exception during the execution of proofs. See log for more details.
	at org.junit.jupiter.api.AssertionUtils.fail(AssertionUtils.java:38)
	at org.junit.jupiter.api.Assertions.fail(Assertions.java:135)
	at de.uka.ilkd.key.proof.runallproofs.proofcollection.ForkedTestFileRunner.main(ForkedTestFileRunner.java:192)
Exception in thread "main" org.opentest4j.AssertionFailedError: Exception during the execution of proofs. See log for more details.
	at org.junit.jupiter.api.AssertionUtils.fail(AssertionUtils.java:38)
	at org.junit.jupiter.api.Assertions.fail(Assertions.java:135)
	at de.uka.ilkd.key.proof.runallproofs.proofcollection.ForkedTestFileRunner.main(ForkedTestFileRunner.java:192)
Exception in thread "main" org.opentest4j.AssertionFailedError: Exception during the execution of proofs. See log for more details.
	at org.junit.jupiter.api.AssertionUtils.fail(AssertionUtils.java:38)
	at org.junit.jupiter.api.Assertions.fail(Assertions.java:135)
	at de.uka.ilkd.key.proof.runallproofs.proofcollection.ForkedTestFileRunner.main(ForkedTestFileRunner.java:192)
Exception in thread "main" org.opentest4j.AssertionFailedError: Exception during the execution of proofs. See log for more details.
	at org.junit.jupiter.api.AssertionUtils.fail(AssertionUtils.java:38)
	at org.junit.jupiter.api.Assertions.fail(Assertions.java:135)
	at de.uka.ilkd.key.proof.runallproofs.proofcollection.ForkedTestFileRunner.main(ForkedTestFileRunner.java:192)
Exception in thread "main" org.opentest4j.AssertionFailedError: Exception during the execution of proofs. See log for more details.
	at org.junit.jupiter.api.AssertionUtils.fail(AssertionUtils.java:38)
	at org.junit.jupiter.api.Assertions.fail(Assertions.java:135)
	at de.uka.ilkd.key.proof.runallproofs.proofcollection.ForkedTestFileRunner.main(ForkedTestFileRunner.java:192)
Exception in thread "main" org.opentest4j.AssertionFailedError: Exception during the execution of proofs. See log for more details.
	at org.junit.jupiter.api.AssertionUtils.fail(AssertionUtils.java:38)
	at org.junit.jupiter.api.Assertions.fail(Assertions.java:135)
	at de.uka.ilkd.key.proof.runallproofs.proofcollection.ForkedTestFileRunner.main(ForkedTestFileRunner.java:192)
Exception in thread "main" org.opentest4j.AssertionFailedError: Exception during the execution of proofs. See log for more details.
	at org.junit.jupiter.api.AssertionUtils.fail(AssertionUtils.java:38)
	at org.junit.jupiter.api.Assertions.fail(Assertions.java:135)
	at de.uka.ilkd.key.proof.runallproofs.proofcollection.ForkedTestFileRunner.main(ForkedTestFileRunner.java:192)
Exception in thread "main" org.opentest4j.AssertionFailedError: Exception during the execution of proofs. See log for more details.
	at org.junit.jupiter.api.AssertionUtils.fail(AssertionUtils.java:38)
	at org.junit.jupiter.api.Assertions.fail(Assertions.java:135)
	at de.uka.ilkd.key.proof.runallproofs.proofcollection.ForkedTestFileRunner.main(ForkedTestFileRunner.java:192)
Exception in thread "main" org.opentest4j.AssertionFailedError: Exception during the execution of proofs. See log for more details.
	at org.junit.jupiter.api.AssertionUtils.fail(AssertionUtils.java:38)
	at org.junit.jupiter.api.Assertions.fail(Assertions.java:135)
	at de.uka.ilkd.key.proof.runallproofs.proofcollection.ForkedTestFileRunner.main(ForkedTestFileRunner.java:192)
Exception in thread "main" org.opentest4j.AssertionFailedError: Exception during the execution of proofs. See log for more details.
	at org.junit.jupiter.api.AssertionUtils.fail(AssertionUtils.java:38)
	at org.junit.jupiter.api.Assertions.fail(Assertions.java:135)
	at de.uka.ilkd.key.proof.runallproofs.proofcollection.ForkedTestFileRunner.main(ForkedTestFileRunner.java:192)
Exception in thread "main" org.opentest4j.AssertionFailedError: Exception during the execution of proofs. See log for more details.
	at org.junit.jupiter.api.AssertionUtils.fail(AssertionUtils.java:38)
	at org.junit.jupiter.api.Assertions.fail(Assertions.java:135)
	at de.uka.ilkd.key.proof.runallproofs.proofcollection.ForkedTestFileRunner.main(ForkedTestFileRunner.java:192)
Exception in thread "main" org.opentest4j.AssertionFailedError: Exception during the execution of proofs. See log for more details.
	at org.junit.jupiter.api.AssertionUtils.fail(AssertionUtils.java:38)
	at org.junit.jupiter.api.Assertions.fail(Assertions.java:135)
	at de.uka.ilkd.key.proof.runallproofs.proofcollection.ForkedTestFileRunner.main(ForkedTestFileRunner.java:192)
Exception in thread "main" org.opentest4j.AssertionFailedError: Exception during the execution of proofs. See log for more details.
	at org.junit.jupiter.api.AssertionUtils.fail(AssertionUtils.java:38)
	at org.junit.jupiter.api.Assertions.fail(Assertions.java:135)
	at de.uka.ilkd.key.proof.runallproofs.proofcollection.ForkedTestFileRunner.main(ForkedTestFileRunner.java:192)
Exception in thread "main" org.opentest4j.AssertionFailedError: Exception during the execution of proofs. See log for more details.
	at org.junit.jupiter.api.AssertionUtils.fail(AssertionUtils.java:38)
	at org.junit.jupiter.api.Assertions.fail(Assertions.java:135)
	at de.uka.ilkd.key.proof.runallproofs.proofcollection.ForkedTestFileRunner.main(ForkedTestFileRunner.java:192)
Exception in thread "main" org.opentest4j.AssertionFailedError: Exception during the execution of proofs. See log for more details.
	at org.junit.jupiter.api.AssertionUtils.fail(AssertionUtils.java:38)
	at org.junit.jupiter.api.Assertions.fail(Assertions.java:135)
	at de.uka.ilkd.key.proof.runallproofs.proofcollection.ForkedTestFileRunner.main(ForkedTestFileRunner.java:192)
Exception in thread "main" org.opentest4j.AssertionFailedError: Exception during the execution of proofs. See log for more details.
	at org.junit.jupiter.api.AssertionUtils.fail(AssertionUtils.java:38)
	at org.junit.jupiter.api.Assertions.fail(Assertions.java:135)
	at de.uka.ilkd.key.proof.runallproofs.proofcollection.ForkedTestFileRunner.main(ForkedTestFileRunner.java:192)
Exception in thread "main" org.opentest4j.AssertionFailedError: Exception during the execution of proofs. See log for more details.
	at org.junit.jupiter.api.AssertionUtils.fail(AssertionUtils.java:38)
	at org.junit.jupiter.api.Assertions.fail(Assertions.java:135)
	at de.uka.ilkd.key.proof.runallproofs.proofcollection.ForkedTestFileRunner.main(ForkedTestFileRunner.java:192)
Exception in thread "main" org.opentest4j.AssertionFailedError: Exception during the execution of proofs. See log for more details.
	at org.junit.jupiter.api.AssertionUtils.fail(AssertionUtils.java:38)
	at org.junit.jupiter.api.Assertions.fail(Assertions.java:135)
	at de.uka.ilkd.key.proof.runallproofs.proofcollection.ForkedTestFileRunner.main(ForkedTestFileRunner.java:192)
Exception in thread "main" org.opentest4j.AssertionFailedError: Exception during the execution of proofs. See log for more details.
	at org.junit.jupiter.api.AssertionUtils.fail(AssertionUtils.java:38)
	at org.junit.jupiter.api.Assertions.fail(Assertions.java:135)
	at de.uka.ilkd.key.proof.runallproofs.proofcollection.ForkedTestFileRunner.main(ForkedTestFileRunner.java:192)
Exception in thread "main" org.opentest4j.AssertionFailedError: Exception during the execution of proofs. See log for more details.
	at org.junit.jupiter.api.AssertionUtils.fail(AssertionUtils.java:38)
	at org.junit.jupiter.api.Assertions.fail(Assertions.java:135)
	at de.uka.ilkd.key.proof.runallproofs.proofcollection.ForkedTestFileRunner.main(ForkedTestFileRunner.java:192)
Exception in thread "main" org.opentest4j.AssertionFailedError: Exception during the execution of proofs. See log for more details.
	at org.junit.jupiter.api.AssertionUtils.fail(AssertionUtils.java:38)
	at org.junit.jupiter.api.Assertions.fail(Assertions.java:135)
	at de.uka.ilkd.key.proof.runallproofs.proofcollection.ForkedTestFileRunner.main(ForkedTestFileRunner.java:192)
Exception in thread "main" org.opentest4j.AssertionFailedError: Exception during the execution of proofs. See log for more details.
	at org.junit.jupiter.api.AssertionUtils.fail(AssertionUtils.java:38)
	at org.junit.jupiter.api.Assertions.fail(Assertions.java:135)
	at de.uka.ilkd.key.proof.runallproofs.proofcollection.ForkedTestFileRunner.main(ForkedTestFileRunner.java:192)
Exception in thread "main" org.opentest4j.AssertionFailedError: Exception during the execution of proofs. See log for more details.
	at org.junit.jupiter.api.AssertionUtils.fail(AssertionUtils.java:38)
	at org.junit.jupiter.api.Assertions.fail(Assertions.java:135)
	at de.uka.ilkd.key.proof.runallproofs.proofcollection.ForkedTestFileRunner.main(ForkedTestFileRunner.java:192)
Exception in thread "main" org.opentest4j.AssertionFailedError: Exception during the execution of proofs. See log for more details.
	at org.junit.jupiter.api.AssertionUtils.fail(AssertionUtils.java:38)
	at org.junit.jupiter.api.Assertions.fail(Assertions.java:135)
	at de.uka.ilkd.key.proof.runallproofs.proofcollection.ForkedTestFileRunner.main(ForkedTestFileRunner.java:192)
Exception in thread "main" org.opentest4j.AssertionFailedError: Exception during the execution of proofs. See log for more details.
	at org.junit.jupiter.api.AssertionUtils.fail(AssertionUtils.java:38)
	at org.junit.jupiter.api.Assertions.fail(Assertions.java:135)
	at de.uka.ilkd.key.proof.runallproofs.proofcollection.ForkedTestFileRunner.main(ForkedTestFileRunner.java:192)
Exception in thread "main" org.opentest4j.AssertionFailedError: Exception during the execution of proofs. See log for more details.
	at org.junit.jupiter.api.AssertionUtils.fail(AssertionUtils.java:38)
	at org.junit.jupiter.api.Assertions.fail(Assertions.java:135)
	at de.uka.ilkd.key.proof.runallproofs.proofcollection.ForkedTestFileRunner.main(ForkedTestFileRunner.java:192)
Exception in thread "main" org.opentest4j.AssertionFailedError: Exception during the execution of proofs. See log for more details.
	at org.junit.jupiter.api.AssertionUtils.fail(AssertionUtils.java:38)
	at org.junit.jupiter.api.Assertions.fail(Assertions.java:135)
	at de.uka.ilkd.key.proof.runallproofs.proofcollection.ForkedTestFileRunner.main(ForkedTestFileRunner.java:192)
Exception in thread "main" org.opentest4j.AssertionFailedError: Exception during the execution of proofs. See log for more details.
	at org.junit.jupiter.api.AssertionUtils.fail(AssertionUtils.java:38)
	at org.junit.jupiter.api.Assertions.fail(Assertions.java:135)
	at de.uka.ilkd.key.proof.runallproofs.proofcollection.ForkedTestFileRunner.main(ForkedTestFileRunner.java:192)
]]></system-err>
</testsuite>
