<?xml version="1.0" encoding="UTF-8"?>
<testsuite name="de.uka.ilkd.key.proof.runallproofs.RunAllProofsFunctional" tests="34" skipped="0" failures="0" errors="0" timestamp="2023-05-31T07:36:55" hostname="fv-az402-757" time="5179.805">
  <properties/>
  <testcase name="newBook" classname="de.uka.ilkd.key.proof.runallproofs.RunAllProofsFunctional" time="61.473"/>
  <testcase name="oldBook" classname="de.uka.ilkd.key.proof.runallproofs.RunAllProofsFunctional" time="18.196"/>
  <testcase name="comprehensions" classname="de.uka.ilkd.key.proof.runallproofs.RunAllProofsFunctional" time="67.43"/>
  <testcase name="performance" classname="de.uka.ilkd.key.proof.runallproofs.RunAllProofsFunctional" time="214.228"/>
  <testcase name="performancePOConstruction" classname="de.uka.ilkd.key.proof.runallproofs.RunAllProofsFunctional" time="72.118"/>
  <testcase name="applicationRestrictions" classname="de.uka.ilkd.key.proof.runallproofs.RunAllProofsFunctional" time="51.067"/>
  <testcase name="blockContracts" classname="de.uka.ilkd.key.proof.runallproofs.RunAllProofsFunctional" time="138.266"/>
  <testcase name="jmlAsserts" classname="de.uka.ilkd.key.proof.runallproofs.RunAllProofsFunctional" time="89.258"/>
  <testcase name="javaCard" classname="de.uka.ilkd.key.proof.runallproofs.RunAllProofsFunctional" time="129.544"/>
  <testcase name="list" classname="de.uka.ilkd.key.proof.runallproofs.RunAllProofsFunctional" time="260.221"/>
  <testcase name="list_ghost" classname="de.uka.ilkd.key.proof.runallproofs.RunAllProofsFunctional" time="65.69"/>
  <testcase name="list_recursive" classname="de.uka.ilkd.key.proof.runallproofs.RunAllProofsFunctional" time="22.068"/>
  <testcase name="list_seq" classname="de.uka.ilkd.key.proof.runallproofs.RunAllProofsFunctional" time="167.876"/>
  <testcase name="observer" classname="de.uka.ilkd.key.proof.runallproofs.RunAllProofsFunctional" time="98.046"/>
  <testcase name="removeDups" classname="de.uka.ilkd.key.proof.runallproofs.RunAllProofsFunctional" time="139.788"/>
  <testcase name="quicksort" classname="de.uka.ilkd.key.proof.runallproofs.RunAllProofsFunctional" time="106.614"/>
  <testcase name="simpleTests" classname="de.uka.ilkd.key.proof.runallproofs.RunAllProofsFunctional" time="158.223"/>
  <testcase name="SmansEtAl" classname="de.uka.ilkd.key.proof.runallproofs.RunAllProofsFunctional" time="193.693"/>
  <testcase name="VACID0" classname="de.uka.ilkd.key.proof.runallproofs.RunAllProofsFunctional" time="75.56"/>
  <testcase name="VSTTE10" classname="de.uka.ilkd.key.proof.runallproofs.RunAllProofsFunctional" time="174.334"/>
  <testcase name="WeideEtAl" classname="de.uka.ilkd.key.proof.runallproofs.RunAllProofsFunctional" time="28.412"/>
  <testcase name="arithmetic" classname="de.uka.ilkd.key.proof.runallproofs.RunAllProofsFunctional" time="483.439"/>
  <testcase name="arrays" classname="de.uka.ilkd.key.proof.runallproofs.RunAllProofsFunctional" time="55.561"/>
  <testcase name="javadl" classname="de.uka.ilkd.key.proof.runallproofs.RunAllProofsFunctional" time="591.043"/>
  <testcase name="FOL" classname="de.uka.ilkd.key.proof.runallproofs.RunAllProofsFunctional" time="266.285"/>
  <testcase name="strings" classname="de.uka.ilkd.key.proof.runallproofs.RunAllProofsFunctional" time="152.26"/>
  <testcase name="simple_info_flow" classname="de.uka.ilkd.key.proof.runallproofs.RunAllProofsFunctional" time="13.204"/>
  <testcase name="modelMethods" classname="de.uka.ilkd.key.proof.runallproofs.RunAllProofsFunctional" time="173.071"/>
  <testcase name="permissionHeap" classname="de.uka.ilkd.key.proof.runallproofs.RunAllProofsFunctional" time="811.64"/>
  <testcase name="completionScopes" classname="de.uka.ilkd.key.proof.runallproofs.RunAllProofsFunctional" time="51.03"/>
  <testcase name="reload_examples" classname="de.uka.ilkd.key.proof.runallproofs.RunAllProofsFunctional" time="43.601"/>
  <testcase name="proofLoadRepair" classname="de.uka.ilkd.key.proof.runallproofs.RunAllProofsFunctional" time="18.118"/>
  <testcase name="switch" classname="de.uka.ilkd.key.proof.runallproofs.RunAllProofsFunctional" time="61.368"/>
  <testcase name="redux" classname="de.uka.ilkd.key.proof.runallproofs.RunAllProofsFunctional" time="127.072"/>
  <system-out><![CDATA[241        INFO  Test worker     d.u.i.k.p.r.RunAllProofsTestUnit Running test newBook 
320        INFO  Timeout watchdog d.u.i.k.p.r.p.ForkedTestFileRunner Timeout watcher launched (2000 secs.) 
337        WARN  main            d.u.i.k.s.ProofSettings   No proof-settings could be loaded, using defaults java.io.FileNotFoundException: /home/runner/.key/proof-settings.props (No such file or directory)
	at java.base/java.io.FileInputStream.open0(Native Method)

373        INFO  main            d.u.i.k.p.r.p.TestFile    Now processing file /home/runner/work/key/key/key.core/../key.ui/examples/newBook/09.list_modelfield/ArrayList.add.key 
511        INFO  main            d.u.i.k.p.i.AbstractProblemLoader Loading environment from /home/runner/work/key/key/key.core/../key.ui/examples/newBook/09.list_modelfield/ArrayList.add.key 
533        DEBUG main            d.u.i.k.p.i.AbstractProblemLoader Environment load took 2.33ms 
765        INFO  main            d.u.i.k.p.i.AbstractProblemLoader Creating init config 
1585       DEBUG main            d.u.i.k.j.TypeConverter   No LDT found for Meta 
1586       DEBUG main            d.u.i.k.j.TypeConverter   No LDT found for Meta 
1593       DEBUG main            d.u.i.k.j.TypeConverter   No LDT found for Meta 
1593       DEBUG main            d.u.i.k.j.TypeConverter   No LDT found for Meta 
3081       DEBUG main            d.u.i.k.j.TypeConverter   No LDT found for JavaBigintExpression 
8293       DEBUG main            d.u.i.k.p.i.AbstractProblemLoader Init config took 7.53s 
8421       INFO  main            d.u.i.k.p.i.AbstractProblemLoader Replaying proof ArrayList[List::add(int)].JML normal_behavior operation contract.0 
8454       DEBUG main            d.u.i.k.p.i.IntermediateProofReplayer Proof replay took 31.7ns 
25612      INFO  main            d.u.i.k.p.r.p.TestFile    ... finished proof: closed. 
25825      INFO  main            d.u.i.k.p.i.AbstractProblemLoader Loading environment from /home/runner/work/key/key/key.core/../key.ui/examples/newBook/09.list_modelfield/ArrayList.add.key.proof 
25825      DEBUG main            d.u.i.k.p.i.AbstractProblemLoader Environment load took 147.6ns 
25833      INFO  main            d.u.i.k.p.i.AbstractProblemLoader Creating init config 
28728      DEBUG main            d.u.i.k.p.i.AbstractProblemLoader Init config took 2.9s 
28788      INFO  main            d.u.i.k.p.i.AbstractProblemLoader Replaying proof ArrayList[List::add(int)].JML normal_behavior operation contract.0 
30144      DEBUG main            d.u.i.k.p.i.IntermediateProofReplayer Proof replay took 1.29s 
30155      DEBUG main            d.u.i.k.p.r.p.TestFile    ... success: reloaded. 
30158      INFO  main            d.u.i.k.p.r.p.TestFile    Now processing file /home/runner/work/key/key/key.core/../key.ui/examples/newBook/09.list_modelfield/ArrayList.remFirst.key 
30158      INFO  main            d.u.i.k.p.i.AbstractProblemLoader Loading environment from /home/runner/work/key/key/key.core/../key.ui/examples/newBook/09.list_modelfield/ArrayList.remFirst.key 
30160      DEBUG main            d.u.i.k.p.i.AbstractProblemLoader Environment load took 1.33ms 
30162      INFO  main            d.u.i.k.p.i.AbstractProblemLoader Creating init config 
33132      DEBUG main            d.u.i.k.p.i.AbstractProblemLoader Init config took 2.97s 
33192      INFO  main            d.u.i.k.p.i.AbstractProblemLoader Replaying proof ArrayList[List::remFirst()].JML normal_behavior operation contract.0 
33194      DEBUG main            d.u.i.k.p.i.IntermediateProofReplayer Proof replay took 5.9ns 
37436      INFO  main            d.u.i.k.p.r.p.TestFile    ... finished proof: closed. 
37665      INFO  main            d.u.i.k.p.i.AbstractProblemLoader Loading environment from /home/runner/work/key/key/key.core/../key.ui/examples/newBook/09.list_modelfield/ArrayList.remFirst.key.proof 
37665      DEBUG main            d.u.i.k.p.i.AbstractProblemLoader Environment load took 138ns 
37669      INFO  main            d.u.i.k.p.i.AbstractProblemLoader Creating init config 
40409      DEBUG main            d.u.i.k.p.i.AbstractProblemLoader Init config took 2.74s 
40461      INFO  main            d.u.i.k.p.i.AbstractProblemLoader Replaying proof ArrayList[List::remFirst()].JML normal_behavior operation contract.0 
41070      DEBUG main            d.u.i.k.p.i.IntermediateProofReplayer Proof replay took 591.39ms 
41072      DEBUG main            d.u.i.k.p.r.p.TestFile    ... success: reloaded. 
41074      INFO  main            d.u.i.k.p.r.p.TestFile    Now processing file /home/runner/work/key/key/key.core/../key.ui/examples/newBook/09.list_modelfield/ArrayList.empty.key 
41074      INFO  main            d.u.i.k.p.i.AbstractProblemLoader Loading environment from /home/runner/work/key/key/key.core/../key.ui/examples/newBook/09.list_modelfield/ArrayList.empty.key 
41075      DEBUG main            d.u.i.k.p.i.AbstractProblemLoader Environment load took 430.51ns 
41076      INFO  main            d.u.i.k.p.i.AbstractProblemLoader Creating init config 
43858      DEBUG main            d.u.i.k.p.i.AbstractProblemLoader Init config took 2.78s 
43907      INFO  main            d.u.i.k.p.i.AbstractProblemLoader Replaying proof ArrayList[List::empty()].JML normal_behavior operation contract.0 
43908      DEBUG main            d.u.i.k.p.i.IntermediateProofReplayer Proof replay took 5.5ns 
44931      INFO  main            d.u.i.k.p.r.p.TestFile    ... finished proof: closed. 
45128      INFO  main            d.u.i.k.p.i.AbstractProblemLoader Loading environment from /home/runner/work/key/key/key.core/../key.ui/examples/newBook/09.list_modelfield/ArrayList.empty.key.proof 
45131      DEBUG main            d.u.i.k.p.i.AbstractProblemLoader Environment load took 131.6ns 
45132      INFO  main            d.u.i.k.p.i.AbstractProblemLoader Creating init config 
47781      DEBUG main            d.u.i.k.p.i.AbstractProblemLoader Init config took 2.65s 
47845      INFO  main            d.u.i.k.p.i.AbstractProblemLoader Replaying proof ArrayList[List::empty()].JML normal_behavior operation contract.0 
48010      DEBUG main            d.u.i.k.p.i.IntermediateProofReplayer Proof replay took 158.61ms 
48012      DEBUG main            d.u.i.k.p.r.p.TestFile    ... success: reloaded. 
48014      INFO  main            d.u.i.k.p.r.p.TestFile    Now processing file /home/runner/work/key/key/key.core/../key.ui/examples/newBook/09.list_modelfield/ArrayList.size.key 
48014      INFO  main            d.u.i.k.p.i.AbstractProblemLoader Loading environment from /home/runner/work/key/key/key.core/../key.ui/examples/newBook/09.list_modelfield/ArrayList.size.key 
48014      DEBUG main            d.u.i.k.p.i.AbstractProblemLoader Environment load took 64.6ns 
48015      INFO  main            d.u.i.k.p.i.AbstractProblemLoader Creating init config 
50760      DEBUG main            d.u.i.k.p.i.AbstractProblemLoader Init config took 2.75s 
50807      INFO  main            d.u.i.k.p.i.AbstractProblemLoader Replaying proof ArrayList[List::size()].JML normal_behavior operation contract.0 
50808      DEBUG main            d.u.i.k.p.i.IntermediateProofReplayer Proof replay took 6ns 
51238      INFO  main            d.u.i.k.p.r.p.TestFile    ... finished proof: closed. 
51384      INFO  main            d.u.i.k.p.i.AbstractProblemLoader Loading environment from /home/runner/work/key/key/key.core/../key.ui/examples/newBook/09.list_modelfield/ArrayList.size.key.proof 
51387      DEBUG main            d.u.i.k.p.i.AbstractProblemLoader Environment load took 122.2ns 
51388      INFO  main            d.u.i.k.p.i.AbstractProblemLoader Creating init config 
54192      DEBUG main            d.u.i.k.p.i.AbstractProblemLoader Init config took 2.8s 
54251      INFO  main            d.u.i.k.p.i.AbstractProblemLoader Replaying proof ArrayList[List::size()].JML normal_behavior operation contract.0 
54311      DEBUG main            d.u.i.k.p.i.IntermediateProofReplayer Proof replay took 55.67ms 
54312      DEBUG main            d.u.i.k.p.r.p.TestFile    ... success: reloaded. 
54314      INFO  main            d.u.i.k.p.r.p.TestFile    Now processing file /home/runner/work/key/key/key.core/../key.ui/examples/newBook/09.list_modelfield/ArrayList.get.key 
54314      INFO  main            d.u.i.k.p.i.AbstractProblemLoader Loading environment from /home/runner/work/key/key/key.core/../key.ui/examples/newBook/09.list_modelfield/ArrayList.get.key 
54315      DEBUG main            d.u.i.k.p.i.AbstractProblemLoader Environment load took 774.72ns 
54317      INFO  main            d.u.i.k.p.i.AbstractProblemLoader Creating init config 
57148      DEBUG main            d.u.i.k.p.i.AbstractProblemLoader Init config took 2.83s 
57193      INFO  main            d.u.i.k.p.i.AbstractProblemLoader Replaying proof ArrayList[List::get(int)].JML normal_behavior operation contract.0 
57194      DEBUG main            d.u.i.k.p.i.IntermediateProofReplayer Proof replay took 5.6ns 
58199      INFO  main            d.u.i.k.p.r.p.TestFile    ... finished proof: closed. 
58377      INFO  main            d.u.i.k.p.i.AbstractProblemLoader Loading environment from /home/runner/work/key/key/key.core/../key.ui/examples/newBook/09.list_modelfield/ArrayList.get.key.proof 
58377      DEBUG main            d.u.i.k.p.i.AbstractProblemLoader Environment load took 131.5ns 
58378      INFO  main            d.u.i.k.p.i.AbstractProblemLoader Creating init config 
61039      DEBUG main            d.u.i.k.p.i.AbstractProblemLoader Init config took 2.66s 
61084      INFO  main            d.u.i.k.p.i.AbstractProblemLoader Replaying proof ArrayList[List::get(int)].JML normal_behavior operation contract.0 
61193      DEBUG main            d.u.i.k.p.i.IntermediateProofReplayer Proof replay took 104ms 
61194      DEBUG main            d.u.i.k.p.r.p.TestFile    ... success: reloaded. 
61707      INFO  Test worker     d.u.i.k.p.r.RunAllProofsTestUnit Returning from test newBook 
61710      INFO  Test worker     d.u.i.k.p.r.RunAllProofsTestUnit Running test oldBook 
368        INFO  Timeout watchdog d.u.i.k.p.r.p.ForkedTestFileRunner Timeout watcher launched (2000 secs.) 
390        WARN  main            d.u.i.k.s.ProofSettings   The settings in /home/runner/.key/proof-settings.props are *not* read. 
422        INFO  main            d.u.i.k.p.r.p.TestFile    Now processing file /home/runner/work/key/key/key.core/../key.ui/examples/standard_key/BookExamples/02FirstOrderLogic/Ex2.58.key 
558        INFO  main            d.u.i.k.p.i.AbstractProblemLoader Loading environment from /home/runner/work/key/key/key.core/../key.ui/examples/standard_key/BookExamples/02FirstOrderLogic/Ex2.58.key 
582        DEBUG main            d.u.i.k.p.i.AbstractProblemLoader Environment load took 2.01ms 
811        INFO  main            d.u.i.k.p.i.AbstractProblemLoader Creating init config 
1600       DEBUG main            d.u.i.k.j.TypeConverter   No LDT found for Meta 
1600       DEBUG main            d.u.i.k.j.TypeConverter   No LDT found for Meta 
1604       DEBUG main            d.u.i.k.j.TypeConverter   No LDT found for Meta 
1605       DEBUG main            d.u.i.k.j.TypeConverter   No LDT found for Meta 
3035       DEBUG main            d.u.i.k.j.TypeConverter   No LDT found for JavaBigintExpression 
8683       DEBUG main            d.u.i.k.p.i.AbstractProblemLoader Init config took 7.87s 
8752       INFO  main            d.u.i.k.p.i.AbstractProblemLoader Replaying proof Ex2.58.key 
8784       DEBUG main            d.u.i.k.p.i.IntermediateProofReplayer Proof replay took 40.9ns 
8960       INFO  main            d.u.i.k.p.r.p.TestFile    ... finished proof: closed. 
9055       INFO  main            d.u.i.k.p.i.AbstractProblemLoader Loading environment from /home/runner/work/key/key/key.core/../key.ui/examples/standard_key/BookExamples/02FirstOrderLogic/Ex2.58.key.proof 
9055       DEBUG main            d.u.i.k.p.i.AbstractProblemLoader Environment load took 141.3ns 
9061       INFO  main            d.u.i.k.p.i.AbstractProblemLoader Creating init config 
11837      DEBUG main            d.u.i.k.p.i.AbstractProblemLoader Init config took 2.78s 
11888      INFO  main            d.u.i.k.p.i.AbstractProblemLoader Replaying proof Ex2.58.key.proof 
11896      DEBUG main            d.u.i.k.p.i.IntermediateProofReplayer Proof replay took 3.73ms 
11907      DEBUG main            d.u.i.k.p.r.p.TestFile    ... success: reloaded. 
11909      INFO  main            d.u.i.k.p.r.p.TestFile    Now processing file /home/runner/work/key/key/key.core/../key.ui/examples/standard_key/BookExamples/03DynamicLogic/Sect3.3.1.key 
11909      INFO  main            d.u.i.k.p.i.AbstractProblemLoader Loading environment from /home/runner/work/key/key/key.core/../key.ui/examples/standard_key/BookExamples/03DynamicLogic/Sect3.3.1.key 
11909      DEBUG main            d.u.i.k.p.i.AbstractProblemLoader Environment load took 83.8ns 
11911      INFO  main            d.u.i.k.p.i.AbstractProblemLoader Creating init config 
14585      DEBUG main            d.u.i.k.p.i.AbstractProblemLoader Init config took 2.67s 
14618      INFO  main            d.u.i.k.p.i.AbstractProblemLoader Replaying proof Sect3.3.1.key 
14622      DEBUG main            d.u.i.k.p.i.IntermediateProofReplayer Proof replay took 6.9ns 
15133      INFO  main            d.u.i.k.p.r.p.TestFile    ... finished proof: closed. 
15265      INFO  main            d.u.i.k.p.i.AbstractProblemLoader Loading environment from /home/runner/work/key/key/key.core/../key.ui/examples/standard_key/BookExamples/03DynamicLogic/Sect3.3.1.key.proof 
15265      DEBUG main            d.u.i.k.p.i.AbstractProblemLoader Environment load took 463.21ns 
15268      INFO  main            d.u.i.k.p.i.AbstractProblemLoader Creating init config 
17909      DEBUG main            d.u.i.k.p.i.AbstractProblemLoader Init config took 2.64s 
17955      INFO  main            d.u.i.k.p.i.AbstractProblemLoader Replaying proof Sect3.3.1.key.proof 
18027      DEBUG main            d.u.i.k.p.i.IntermediateProofReplayer Proof replay took 68.56ms 
18030      DEBUG main            d.u.i.k.p.r.p.TestFile    ... success: reloaded. 
79905      INFO  Test worker     d.u.i.k.p.r.RunAllProofsTestUnit Returning from test oldBook 
79907      INFO  Test worker     d.u.i.k.p.r.RunAllProofsTestUnit Running test comprehensions 
349        INFO  Timeout watchdog d.u.i.k.p.r.p.ForkedTestFileRunner Timeout watcher launched (2000 secs.) 
362        WARN  main            d.u.i.k.s.ProofSettings   The settings in /home/runner/.key/proof-settings.props are *not* read. 
389        INFO  main            d.u.i.k.p.r.p.TestFile    Now processing file /home/runner/work/key/key/key.core/../key.ui/examples/heap/comprehensions/general_sum.key 
498        INFO  main            d.u.i.k.p.i.AbstractProblemLoader Loading environment from /home/runner/work/key/key/key.core/../key.ui/examples/heap/comprehensions/general_sum.key 
514        DEBUG main            d.u.i.k.p.i.AbstractProblemLoader Environment load took 2.42ms 
734        INFO  main            d.u.i.k.p.i.AbstractProblemLoader Creating init config 
1605       DEBUG main            d.u.i.k.j.TypeConverter   No LDT found for Meta 
1607       DEBUG main            d.u.i.k.j.TypeConverter   No LDT found for Meta 
1609       DEBUG main            d.u.i.k.j.TypeConverter   No LDT found for Meta 
1609       DEBUG main            d.u.i.k.j.TypeConverter   No LDT found for Meta 
2888       DEBUG main            d.u.i.k.j.TypeConverter   No LDT found for JavaBigintExpression 
8143       DEBUG main            d.u.i.k.p.i.AbstractProblemLoader Init config took 7.41s 
8271       INFO  main            d.u.i.k.p.i.AbstractProblemLoader Replaying proof GSum[GSum::doNothing()].JML operation contract.0 
8303       DEBUG main            d.u.i.k.p.i.IntermediateProofReplayer Proof replay took 32ns 
8688       INFO  main            d.u.i.k.p.r.p.TestFile    ... finished proof: closed. 
8789       INFO  main            d.u.i.k.p.i.AbstractProblemLoader Loading environment from /home/runner/work/key/key/key.core/../key.ui/examples/heap/comprehensions/general_sum.key.proof 
8789       DEBUG main            d.u.i.k.p.i.AbstractProblemLoader Environment load took 139.6ns 
8791       INFO  main            d.u.i.k.p.i.AbstractProblemLoader Creating init config 
11708      DEBUG main            d.u.i.k.p.i.AbstractProblemLoader Init config took 2.92s 
11789      INFO  main            d.u.i.k.p.i.AbstractProblemLoader Replaying proof GSum[GSum::doNothing()].JML operation contract.0 
11821      DEBUG main            d.u.i.k.p.i.IntermediateProofReplayer Proof replay took 27.85ms 
11835      DEBUG main            d.u.i.k.p.r.p.TestFile    ... success: reloaded. 
11839      INFO  main            d.u.i.k.p.r.p.TestFile    Now processing file /home/runner/work/key/key/key.core/../key.ui/examples/heap/comprehensions/sum0.key 
11840      INFO  main            d.u.i.k.p.i.AbstractProblemLoader Loading environment from /home/runner/work/key/key/key.core/../key.ui/examples/heap/comprehensions/sum0.key 
11840      DEBUG main            d.u.i.k.p.i.AbstractProblemLoader Environment load took 372.71ns 
11844      INFO  main            d.u.i.k.p.i.AbstractProblemLoader Creating init config 
14734      DEBUG main            d.u.i.k.p.i.AbstractProblemLoader Init config took 2.89s 
14793      INFO  main            d.u.i.k.p.i.AbstractProblemLoader Replaying proof Sum[Sum::sum0([I)].JML normal_behavior operation contract.0 
14796      DEBUG main            d.u.i.k.p.i.IntermediateProofReplayer Proof replay took 6ns 
14891      DEBUG Thread-4        d.u.i.k.l.l.OriginTermLabel commonFileName is null! 
14892      DEBUG Thread-4        d.u.i.k.l.l.OriginTermLabel commonFileName is null! 
15060      DEBUG Thread-4        d.u.i.k.l.l.OriginTermLabel commonFileName is null! 
15061      DEBUG Thread-4        d.u.i.k.l.l.OriginTermLabel commonFileName is null! 
15244      DEBUG Thread-4        d.u.i.k.l.l.OriginTermLabel commonFileName is null! 
15505      INFO  main            d.u.i.k.p.r.p.TestFile    ... finished proof: closed. 
15657      INFO  main            d.u.i.k.p.i.AbstractProblemLoader Loading environment from /home/runner/work/key/key/key.core/../key.ui/examples/heap/comprehensions/sum0.key.proof 
15657      DEBUG main            d.u.i.k.p.i.AbstractProblemLoader Environment load took 712.12ns 
15659      INFO  main            d.u.i.k.p.i.AbstractProblemLoader Creating init config 
18451      DEBUG main            d.u.i.k.p.i.AbstractProblemLoader Init config took 2.79s 
18501      INFO  main            d.u.i.k.p.i.AbstractProblemLoader Replaying proof Sum[Sum::sum0([I)].JML normal_behavior operation contract.0 
18533      DEBUG main            d.u.i.k.l.l.OriginTermLabel commonFileName is null! 
18534      DEBUG main            d.u.i.k.l.l.OriginTermLabel commonFileName is null! 
18610      DEBUG main            d.u.i.k.l.l.OriginTermLabel commonFileName is null! 
18674      DEBUG main            d.u.i.k.l.l.OriginTermLabel commonFileName is null! 
18675      DEBUG main            d.u.i.k.l.l.OriginTermLabel commonFileName is null! 
18678      DEBUG main            d.u.i.k.p.i.IntermediateProofReplayer Proof replay took 172.14ms 
18679      DEBUG main            d.u.i.k.p.r.p.TestFile    ... success: reloaded. 
18681      INFO  main            d.u.i.k.p.r.p.TestFile    Now processing file /home/runner/work/key/key/key.core/../key.ui/examples/heap/comprehensions/sum1.key 
18681      INFO  main            d.u.i.k.p.i.AbstractProblemLoader Loading environment from /home/runner/work/key/key/key.core/../key.ui/examples/heap/comprehensions/sum1.key 
18682      DEBUG main            d.u.i.k.p.i.AbstractProblemLoader Environment load took 502.81ns 
18684      INFO  main            d.u.i.k.p.i.AbstractProblemLoader Creating init config 
21434      DEBUG main            d.u.i.k.p.i.AbstractProblemLoader Init config took 2.75s 
21485      INFO  main            d.u.i.k.p.i.AbstractProblemLoader Replaying proof Sum[Sum::sum1([I)].JML normal_behavior operation contract.0 
21487      DEBUG main            d.u.i.k.p.i.IntermediateProofReplayer Proof replay took 5.7ns 
21548      DEBUG Thread-7        d.u.i.k.l.l.OriginTermLabel commonFileName is null! 
21549      DEBUG Thread-7        d.u.i.k.l.l.OriginTermLabel commonFileName is null! 
21693      DEBUG Thread-7        d.u.i.k.l.l.OriginTermLabel commonFileName is null! 
21694      DEBUG Thread-7        d.u.i.k.l.l.OriginTermLabel commonFileName is null! 
21815      DEBUG Thread-7        d.u.i.k.l.l.OriginTermLabel commonFileName is null! 
22092      INFO  main            d.u.i.k.p.r.p.TestFile    ... finished proof: closed. 
22254      INFO  main            d.u.i.k.p.i.AbstractProblemLoader Loading environment from /home/runner/work/key/key/key.core/../key.ui/examples/heap/comprehensions/sum1.key.proof 
22255      DEBUG main            d.u.i.k.p.i.AbstractProblemLoader Environment load took 707.62ns 
22257      INFO  main            d.u.i.k.p.i.AbstractProblemLoader Creating init config 
24940      DEBUG main            d.u.i.k.p.i.AbstractProblemLoader Init config took 2.68s 
24991      INFO  main            d.u.i.k.p.i.AbstractProblemLoader Replaying proof Sum[Sum::sum1([I)].JML normal_behavior operation contract.0 
25033      DEBUG main            d.u.i.k.l.l.OriginTermLabel commonFileName is null! 
25033      DEBUG main            d.u.i.k.l.l.OriginTermLabel commonFileName is null! 
25082      DEBUG main            d.u.i.k.l.l.OriginTermLabel commonFileName is null! 
25116      DEBUG main            d.u.i.k.l.l.OriginTermLabel commonFileName is null! 
25116      DEBUG main            d.u.i.k.l.l.OriginTermLabel commonFileName is null! 
25120      DEBUG main            d.u.i.k.p.i.IntermediateProofReplayer Proof replay took 118.23ms 
25121      DEBUG main            d.u.i.k.p.r.p.TestFile    ... success: reloaded. 
25122      INFO  main            d.u.i.k.p.r.p.TestFile    Now processing file /home/runner/work/key/key/key.core/../key.ui/examples/heap/comprehensions/sum2.key 
25122      INFO  main            d.u.i.k.p.i.AbstractProblemLoader Loading environment from /home/runner/work/key/key/key.core/../key.ui/examples/heap/comprehensions/sum2.key 
25122      DEBUG main            d.u.i.k.p.i.AbstractProblemLoader Environment load took 57.6ns 
25124      INFO  main            d.u.i.k.p.i.AbstractProblemLoader Creating init config 
27847      DEBUG main            d.u.i.k.p.i.AbstractProblemLoader Init config took 2.72s 
27892      INFO  main            d.u.i.k.p.i.AbstractProblemLoader Replaying proof Sum[Sum::sum2([I)].JML normal_behavior operation contract.0 
27894      DEBUG main            d.u.i.k.p.i.IntermediateProofReplayer Proof replay took 6ns 
27940      DEBUG Thread-10       d.u.i.k.l.l.OriginTermLabel commonFileName is null! 
27940      DEBUG Thread-10       d.u.i.k.l.l.OriginTermLabel commonFileName is null! 
28054      DEBUG Thread-10       d.u.i.k.l.l.OriginTermLabel commonFileName is null! 
28055      DEBUG Thread-10       d.u.i.k.l.l.OriginTermLabel commonFileName is null! 
28127      DEBUG Thread-10       d.u.i.k.l.l.OriginTermLabel commonFileName is null! 
28317      INFO  main            d.u.i.k.p.r.p.TestFile    ... finished proof: closed. 
28453      INFO  main            d.u.i.k.p.i.AbstractProblemLoader Loading environment from /home/runner/work/key/key/key.core/../key.ui/examples/heap/comprehensions/sum2.key.proof 
28453      DEBUG main            d.u.i.k.p.i.AbstractProblemLoader Environment load took 702.92ns 
28455      INFO  main            d.u.i.k.p.i.AbstractProblemLoader Creating init config 
31071      DEBUG main            d.u.i.k.p.i.AbstractProblemLoader Init config took 2.62s 
31115      INFO  main            d.u.i.k.p.i.AbstractProblemLoader Replaying proof Sum[Sum::sum2([I)].JML normal_behavior operation contract.0 
31139      DEBUG main            d.u.i.k.l.l.OriginTermLabel commonFileName is null! 
31140      DEBUG main            d.u.i.k.l.l.OriginTermLabel commonFileName is null! 
31173      DEBUG main            d.u.i.k.l.l.OriginTermLabel commonFileName is null! 
31199      DEBUG main            d.u.i.k.l.l.OriginTermLabel commonFileName is null! 
31200      DEBUG main            d.u.i.k.l.l.OriginTermLabel commonFileName is null! 
31202      DEBUG main            d.u.i.k.p.i.IntermediateProofReplayer Proof replay took 83.09ms 
31203      DEBUG main            d.u.i.k.p.r.p.TestFile    ... success: reloaded. 
31204      INFO  main            d.u.i.k.p.r.p.TestFile    Now processing file /home/runner/work/key/key/key.core/../key.ui/examples/heap/comprehensions/sum3.key 
31205      INFO  main            d.u.i.k.p.i.AbstractProblemLoader Loading environment from /home/runner/work/key/key/key.core/../key.ui/examples/heap/comprehensions/sum3.key 
31205      DEBUG main            d.u.i.k.p.i.AbstractProblemLoader Environment load took 325.61ns 
31207      INFO  main            d.u.i.k.p.i.AbstractProblemLoader Creating init config 
33900      DEBUG main            d.u.i.k.p.i.AbstractProblemLoader Init config took 2.69s 
33961      INFO  main            d.u.i.k.p.i.AbstractProblemLoader Replaying proof Sum[Sum::sum3([I)].JML normal_behavior operation contract.0 
33962      DEBUG main            d.u.i.k.p.i.IntermediateProofReplayer Proof replay took 5.4ns 
34010      DEBUG Thread-13       d.u.i.k.l.l.OriginTermLabel commonFileName is null! 
34010      DEBUG Thread-13       d.u.i.k.l.l.OriginTermLabel commonFileName is null! 
34113      DEBUG Thread-13       d.u.i.k.l.l.OriginTermLabel commonFileName is null! 
34114      DEBUG Thread-13       d.u.i.k.l.l.OriginTermLabel commonFileName is null! 
34188      DEBUG Thread-13       d.u.i.k.l.l.OriginTermLabel commonFileName is null! 
34366      INFO  main            d.u.i.k.p.r.p.TestFile    ... finished proof: closed. 
34528      INFO  main            d.u.i.k.p.i.AbstractProblemLoader Loading environment from /home/runner/work/key/key/key.core/../key.ui/examples/heap/comprehensions/sum3.key.proof 
34528      DEBUG main            d.u.i.k.p.i.AbstractProblemLoader Environment load took 118.4ns 
34529      INFO  main            d.u.i.k.p.i.AbstractProblemLoader Creating init config 
37144      DEBUG main            d.u.i.k.p.i.AbstractProblemLoader Init config took 2.61s 
37186      INFO  main            d.u.i.k.p.i.AbstractProblemLoader Replaying proof Sum[Sum::sum3([I)].JML normal_behavior operation contract.0 
37212      DEBUG main            d.u.i.k.l.l.OriginTermLabel commonFileName is null! 
37212      DEBUG main            d.u.i.k.l.l.OriginTermLabel commonFileName is null! 
37249      DEBUG main            d.u.i.k.l.l.OriginTermLabel commonFileName is null! 
37272      DEBUG main            d.u.i.k.l.l.OriginTermLabel commonFileName is null! 
37272      DEBUG main            d.u.i.k.l.l.OriginTermLabel commonFileName is null! 
37274      DEBUG main            d.u.i.k.p.i.IntermediateProofReplayer Proof replay took 84.86ms 
37274      DEBUG main            d.u.i.k.p.r.p.TestFile    ... success: reloaded. 
37275      INFO  main            d.u.i.k.p.r.p.TestFile    Now processing file /home/runner/work/key/key/key.core/../key.ui/examples/heap/comprehensions/segsum.key 
37275      INFO  main            d.u.i.k.p.i.AbstractProblemLoader Loading environment from /home/runner/work/key/key/key.core/../key.ui/examples/heap/comprehensions/segsum.key 
37275      DEBUG main            d.u.i.k.p.i.AbstractProblemLoader Environment load took 82ns 
37276      INFO  main            d.u.i.k.p.i.AbstractProblemLoader Creating init config 
39935      DEBUG main            d.u.i.k.p.i.AbstractProblemLoader Init config took 2.66s 
39975      INFO  main            d.u.i.k.p.i.AbstractProblemLoader Replaying proof SegSum[SegSum::segSum([I,int,int)].JML normal_behavior operation contract.0 
39976      DEBUG main            d.u.i.k.p.i.IntermediateProofReplayer Proof replay took 6.7ns 
40487      INFO  main            d.u.i.k.p.r.p.TestFile    ... finished proof: closed. 
40681      INFO  main            d.u.i.k.p.i.AbstractProblemLoader Loading environment from /home/runner/work/key/key/key.core/../key.ui/examples/heap/comprehensions/segsum.key.proof 
40681      DEBUG main            d.u.i.k.p.i.AbstractProblemLoader Environment load took 125.4ns 
40684      INFO  main            d.u.i.k.p.i.AbstractProblemLoader Creating init config 
43306      DEBUG main            d.u.i.k.p.i.AbstractProblemLoader Init config took 2.62s 
43346      INFO  main            d.u.i.k.p.i.AbstractProblemLoader Replaying proof SegSum[SegSum::segSum([I,int,int)].JML normal_behavior operation contract.0 
43443      DEBUG main            d.u.i.k.p.i.IntermediateProofReplayer Proof replay took 93.23ms 
43444      DEBUG main            d.u.i.k.p.r.p.TestFile    ... success: reloaded. 
43445      INFO  main            d.u.i.k.p.r.p.TestFile    Now processing file /home/runner/work/key/key/key.core/../key.ui/examples/heap/comprehensions/bsum_negative.key 
43445      INFO  main            d.u.i.k.p.i.AbstractProblemLoader Loading environment from /home/runner/work/key/key/key.core/../key.ui/examples/heap/comprehensions/bsum_negative.key 
43445      DEBUG main            d.u.i.k.p.i.AbstractProblemLoader Environment load took 96.1ns 
43446      INFO  main            d.u.i.k.p.i.AbstractProblemLoader Creating init config 
45945      DEBUG main            d.u.i.k.p.i.AbstractProblemLoader Init config took 2.5s 
45963      INFO  main            d.u.i.k.p.i.AbstractProblemLoader Replaying proof bsum_negative.key 
45966      DEBUG main            d.u.i.k.p.i.IntermediateProofReplayer Proof replay took 7.4ns 
46073      INFO  main            d.u.i.k.p.r.p.TestFile    ... finished proof: closed. 
46273      INFO  main            d.u.i.k.p.i.AbstractProblemLoader Loading environment from /home/runner/work/key/key/key.core/../key.ui/examples/heap/comprehensions/bsum_negative.key.proof 
46273      DEBUG main            d.u.i.k.p.i.AbstractProblemLoader Environment load took 129.1ns 
46275      INFO  main            d.u.i.k.p.i.AbstractProblemLoader Creating init config 
48762      DEBUG main            d.u.i.k.p.i.AbstractProblemLoader Init config took 2.49s 
48780      INFO  main            d.u.i.k.p.i.AbstractProblemLoader Replaying proof bsum_negative.key.proof 
48783      DEBUG main            d.u.i.k.p.i.IntermediateProofReplayer Proof replay took 1.51ms 
48784      DEBUG main            d.u.i.k.p.r.p.TestFile    ... success: reloaded. 
48785      INFO  main            d.u.i.k.p.r.p.TestFile    Now processing file /home/runner/work/key/key/key.core/../key.ui/examples/heap/comprehensions/bsum_neg2.key 
48785      INFO  main            d.u.i.k.p.i.AbstractProblemLoader Loading environment from /home/runner/work/key/key/key.core/../key.ui/examples/heap/comprehensions/bsum_neg2.key 
48785      DEBUG main            d.u.i.k.p.i.AbstractProblemLoader Environment load took 55.9ns 
48786      INFO  main            d.u.i.k.p.i.AbstractProblemLoader Creating init config 
51295      DEBUG main            d.u.i.k.p.i.AbstractProblemLoader Init config took 2.51s 
51312      INFO  main            d.u.i.k.p.i.AbstractProblemLoader Replaying proof bsum_neg2.key 
51313      DEBUG main            d.u.i.k.p.i.IntermediateProofReplayer Proof replay took 6.3ns 
51415      INFO  main            d.u.i.k.p.r.p.TestFile    ... finished proof: closed. 
51574      INFO  main            d.u.i.k.p.i.AbstractProblemLoader Loading environment from /home/runner/work/key/key/key.core/../key.ui/examples/heap/comprehensions/bsum_neg2.key.proof 
51575      DEBUG main            d.u.i.k.p.i.AbstractProblemLoader Environment load took 120.5ns 
51576      INFO  main            d.u.i.k.p.i.AbstractProblemLoader Creating init config 
54004      DEBUG main            d.u.i.k.p.i.AbstractProblemLoader Init config took 2.43s 
54021      INFO  main            d.u.i.k.p.i.AbstractProblemLoader Replaying proof bsum_neg2.key.proof 
54023      DEBUG main            d.u.i.k.p.i.IntermediateProofReplayer Proof replay took 922.12ns 
54024      DEBUG main            d.u.i.k.p.r.p.TestFile    ... success: reloaded. 
54025      INFO  main            d.u.i.k.p.r.p.TestFile    Now processing file /home/runner/work/key/key/key.core/../key.ui/examples/heap/comprehensions/bsumSplit.key 
54025      INFO  main            d.u.i.k.p.i.AbstractProblemLoader Loading environment from /home/runner/work/key/key/key.core/../key.ui/examples/heap/comprehensions/bsumSplit.key 
54025      DEBUG main            d.u.i.k.p.i.AbstractProblemLoader Environment load took 124.4ns 
54026      INFO  main            d.u.i.k.p.i.AbstractProblemLoader Creating init config 
56538      DEBUG main            d.u.i.k.p.i.AbstractProblemLoader Init config took 2.51s 
56554      INFO  main            d.u.i.k.p.i.AbstractProblemLoader Replaying proof bsumSplit.key 
56555      DEBUG main            d.u.i.k.p.i.IntermediateProofReplayer Proof replay took 6.1ns 
56657      INFO  main            d.u.i.k.p.r.p.TestFile    ... finished proof: closed. 
56823      INFO  main            d.u.i.k.p.i.AbstractProblemLoader Loading environment from /home/runner/work/key/key/key.core/../key.ui/examples/heap/comprehensions/bsumSplit.key.proof 
56823      DEBUG main            d.u.i.k.p.i.AbstractProblemLoader Environment load took 118.3ns 
56824      INFO  main            d.u.i.k.p.i.AbstractProblemLoader Creating init config 
59276      DEBUG main            d.u.i.k.p.i.AbstractProblemLoader Init config took 2.45s 
59291      INFO  main            d.u.i.k.p.i.AbstractProblemLoader Replaying proof bsumSplit.key.proof 
59297      DEBUG main            d.u.i.k.p.i.IntermediateProofReplayer Proof replay took 4.23ms 
59299      DEBUG main            d.u.i.k.p.r.p.TestFile    ... success: reloaded. 
59299      INFO  main            d.u.i.k.p.r.p.TestFile    Now processing file /home/runner/work/key/key/key.core/../key.ui/examples/heap/comprehensions/bprodSplit.key 
59300      INFO  main            d.u.i.k.p.i.AbstractProblemLoader Loading environment from /home/runner/work/key/key/key.core/../key.ui/examples/heap/comprehensions/bprodSplit.key 
59300      DEBUG main            d.u.i.k.p.i.AbstractProblemLoader Environment load took 111.1ns 
59301      INFO  main            d.u.i.k.p.i.AbstractProblemLoader Creating init config 
61751      DEBUG main            d.u.i.k.p.i.AbstractProblemLoader Init config took 2.45s 
61766      INFO  main            d.u.i.k.p.i.AbstractProblemLoader Replaying proof bprodSplit.key 
61767      DEBUG main            d.u.i.k.p.i.IntermediateProofReplayer Proof replay took 5.9ns 
61873      INFO  main            d.u.i.k.p.r.p.TestFile    ... finished proof: closed. 
62044      INFO  main            d.u.i.k.p.i.AbstractProblemLoader Loading environment from /home/runner/work/key/key/key.core/../key.ui/examples/heap/comprehensions/bprodSplit.key.proof 
62044      DEBUG main            d.u.i.k.p.i.AbstractProblemLoader Environment load took 114.2ns 
62045      INFO  main            d.u.i.k.p.i.AbstractProblemLoader Creating init config 
64463      DEBUG main            d.u.i.k.p.i.AbstractProblemLoader Init config took 2.42s 
64482      INFO  main            d.u.i.k.p.i.AbstractProblemLoader Replaying proof bprodSplit.key.proof 
64487      DEBUG main            d.u.i.k.p.i.IntermediateProofReplayer Proof replay took 2.63ms 
64488      DEBUG main            d.u.i.k.p.r.p.TestFile    ... success: reloaded. 
64488      INFO  main            d.u.i.k.p.r.p.TestFile    Now processing file /home/runner/work/key/key/key.core/../key.ui/examples/heap/comprehensions/bsumSplitInvalid.key 
64489      INFO  main            d.u.i.k.p.i.AbstractProblemLoader Loading environment from /home/runner/work/key/key/key.core/../key.ui/examples/heap/comprehensions/bsumSplitInvalid.key 
64489      DEBUG main            d.u.i.k.p.i.AbstractProblemLoader Environment load took 123.7ns 
64490      INFO  main            d.u.i.k.p.i.AbstractProblemLoader Creating init config 
66967      DEBUG main            d.u.i.k.p.i.AbstractProblemLoader Init config took 2.48s 
66982      INFO  main            d.u.i.k.p.i.AbstractProblemLoader Replaying proof bsumSplitInvalid.key 
66983      DEBUG main            d.u.i.k.p.i.IntermediateProofReplayer Proof replay took 6.1ns 
67086      INFO  main            d.u.i.k.p.r.p.TestFile    ... finished proof: open goal(s) 
147336     INFO  Test worker     d.u.i.k.p.r.RunAllProofsTestUnit Returning from test comprehensions 
147338     INFO  Test worker     d.u.i.k.p.r.RunAllProofsTestUnit Running test performance 
341        INFO  Timeout watchdog d.u.i.k.p.r.p.ForkedTestFileRunner Timeout watcher launched (2000 secs.) 
360        WARN  main            d.u.i.k.s.ProofSettings   The settings in /home/runner/.key/proof-settings.props are *not* read. 
411        INFO  main            d.u.i.k.p.r.p.TestFile    Now processing file /home/runner/work/key/key/key.core/../key.ui/examples/performance-test/Disjoint(Disjoint__disjoint_08()).JML_operation_contract.0.key 
570        INFO  main            d.u.i.k.p.i.AbstractProblemLoader Loading environment from /home/runner/work/key/key/key.core/../key.ui/examples/performance-test/Disjoint(Disjoint__disjoint_08()).JML_operation_contract.0.key 
596        DEBUG main            d.u.i.k.p.i.AbstractProblemLoader Environment load took 6.35ms 
841        INFO  main            d.u.i.k.p.i.AbstractProblemLoader Creating init config 
1905       DEBUG main            d.u.i.k.j.TypeConverter   No LDT found for Meta 
1906       DEBUG main            d.u.i.k.j.TypeConverter   No LDT found for Meta 
1909       DEBUG main            d.u.i.k.j.TypeConverter   No LDT found for Meta 
1909       DEBUG main            d.u.i.k.j.TypeConverter   No LDT found for Meta 
3179       DEBUG main            d.u.i.k.j.TypeConverter   No LDT found for JavaBigintExpression 
8599       DEBUG main            d.u.i.k.j.r.ClassPreparationMethodBuilder clPrepBuilder: Inner Class detected. Reject building class initialisation methods. 
16431      DEBUG main            d.u.i.k.p.i.AbstractProblemLoader Init config took 15.59s 
16624      INFO  main            d.u.i.k.p.i.AbstractProblemLoader Replaying proof Disjoint[Disjoint::disjoint_8()].JML operation contract.0 
16712      DEBUG main            d.u.i.k.p.i.IntermediateProofReplayer Proof replay took 412.41ns 
19451      INFO  main            d.u.i.k.p.r.p.TestFile    ... finished proof: closed. 
19659      INFO  main            d.u.i.k.p.i.AbstractProblemLoader Loading environment from /home/runner/work/key/key/key.core/../key.ui/examples/performance-test/Disjoint(Disjoint__disjoint_08()).JML_operation_contract.0.key.proof 
19660      DEBUG main            d.u.i.k.p.i.AbstractProblemLoader Environment load took 710.22ns 
19662      INFO  main            d.u.i.k.p.i.AbstractProblemLoader Creating init config 
22750      DEBUG main            d.u.i.k.j.r.ClassPreparationMethodBuilder clPrepBuilder: Inner Class detected. Reject building class initialisation methods. 
29793      DEBUG main            d.u.i.k.p.i.AbstractProblemLoader Init config took 10.13s 
29955      INFO  main            d.u.i.k.p.i.AbstractProblemLoader Replaying proof Disjoint[Disjoint::disjoint_8()].JML operation contract.0 
30339      DEBUG main            d.u.i.k.p.i.IntermediateProofReplayer Proof replay took 372.88ms 
30354      DEBUG main            d.u.i.k.p.r.p.TestFile    ... success: reloaded. 
30358      INFO  main            d.u.i.k.p.r.p.TestFile    Now processing file /home/runner/work/key/key/key.core/../key.ui/examples/performance-test/Disjoint(Disjoint__disjoint2_08()).JML_operation_contract.0.key 
30360      INFO  main            d.u.i.k.p.i.AbstractProblemLoader Loading environment from /home/runner/work/key/key/key.core/../key.ui/examples/performance-test/Disjoint(Disjoint__disjoint2_08()).JML_operation_contract.0.key 
30360      DEBUG main            d.u.i.k.p.i.AbstractProblemLoader Environment load took 189.5ns 
30362      INFO  main            d.u.i.k.p.i.AbstractProblemLoader Creating init config 
33297      DEBUG main            d.u.i.k.j.r.ClassPreparationMethodBuilder clPrepBuilder: Inner Class detected. Reject building class initialisation methods. 
40146      DEBUG main            d.u.i.k.p.i.AbstractProblemLoader Init config took 9.78s 
40254      INFO  main            d.u.i.k.p.i.AbstractProblemLoader Replaying proof Disjoint[Disjoint::disjoint2_8()].JML operation contract.0 
40258      DEBUG main            d.u.i.k.p.i.IntermediateProofReplayer Proof replay took 28ns 
41263      INFO  main            d.u.i.k.p.r.p.TestFile    ... finished proof: closed. 
41530      INFO  main            d.u.i.k.p.i.AbstractProblemLoader Loading environment from /home/runner/work/key/key/key.core/../key.ui/examples/performance-test/Disjoint(Disjoint__disjoint2_08()).JML_operation_contract.0.key.proof 
41531      DEBUG main            d.u.i.k.p.i.AbstractProblemLoader Environment load took 855.82ns 
41532      INFO  main            d.u.i.k.p.i.AbstractProblemLoader Creating init config 
44338      DEBUG main            d.u.i.k.j.r.ClassPreparationMethodBuilder clPrepBuilder: Inner Class detected. Reject building class initialisation methods. 
51077      DEBUG main            d.u.i.k.p.i.AbstractProblemLoader Init config took 9.54s 
51188      INFO  main            d.u.i.k.p.i.AbstractProblemLoader Replaying proof Disjoint[Disjoint::disjoint2_8()].JML operation contract.0 
51313      DEBUG main            d.u.i.k.p.i.IntermediateProofReplayer Proof replay took 116.38ms 
51319      DEBUG main            d.u.i.k.p.r.p.TestFile    ... success: reloaded. 
51329      INFO  main            d.u.i.k.p.r.p.TestFile    Now processing file /home/runner/work/key/key/key.core/../key.ui/examples/performance-test/AccessChain1(AccessChain1__foo_08()).JML_operation_contract.0.key 
51331      INFO  main            d.u.i.k.p.i.AbstractProblemLoader Loading environment from /home/runner/work/key/key/key.core/../key.ui/examples/performance-test/AccessChain1(AccessChain1__foo_08()).JML_operation_contract.0.key 
51332      DEBUG main            d.u.i.k.p.i.AbstractProblemLoader Environment load took 781.92ns 
51335      INFO  main            d.u.i.k.p.i.AbstractProblemLoader Creating init config 
54257      DEBUG main            d.u.i.k.j.r.ClassPreparationMethodBuilder clPrepBuilder: Inner Class detected. Reject building class initialisation methods. 
60990      DEBUG main            d.u.i.k.p.i.AbstractProblemLoader Init config took 9.66s 
61087      INFO  main            d.u.i.k.p.i.AbstractProblemLoader Replaying proof AccessChain1[AccessChain1::foo_8()].JML operation contract.0 
61089      DEBUG main            d.u.i.k.p.i.IntermediateProofReplayer Proof replay took 11.3ns 
63431      INFO  main            d.u.i.k.p.r.p.TestFile    ... finished proof: closed. 
63765      INFO  main            d.u.i.k.p.i.AbstractProblemLoader Loading environment from /home/runner/work/key/key/key.core/../key.ui/examples/performance-test/AccessChain1(AccessChain1__foo_08()).JML_operation_contract.0.key.proof 
63766      DEBUG main            d.u.i.k.p.i.AbstractProblemLoader Environment load took 675.91ns 
63768      INFO  main            d.u.i.k.p.i.AbstractProblemLoader Creating init config 
66612      DEBUG main            d.u.i.k.j.r.ClassPreparationMethodBuilder clPrepBuilder: Inner Class detected. Reject building class initialisation methods. 
73294      DEBUG main            d.u.i.k.p.i.AbstractProblemLoader Init config took 9.53s 
73390      INFO  main            d.u.i.k.p.i.AbstractProblemLoader Replaying proof AccessChain1[AccessChain1::foo_8()].JML operation contract.0 
73877      DEBUG main            d.u.i.k.p.i.IntermediateProofReplayer Proof replay took 473.34ms 
73879      DEBUG main            d.u.i.k.p.r.p.TestFile    ... success: reloaded. 
73880      INFO  main            d.u.i.k.p.r.p.TestFile    Now processing file /home/runner/work/key/key/key.core/../key.ui/examples/performance-test/AccessChain4(AccessChain4__foo_08()).JML_operation_contract.0.key 
73880      INFO  main            d.u.i.k.p.i.AbstractProblemLoader Loading environment from /home/runner/work/key/key/key.core/../key.ui/examples/performance-test/AccessChain4(AccessChain4__foo_08()).JML_operation_contract.0.key 
73880      DEBUG main            d.u.i.k.p.i.AbstractProblemLoader Environment load took 65.6ns 
73882      INFO  main            d.u.i.k.p.i.AbstractProblemLoader Creating init config 
76769      DEBUG main            d.u.i.k.j.r.ClassPreparationMethodBuilder clPrepBuilder: Inner Class detected. Reject building class initialisation methods. 
83422      DEBUG main            d.u.i.k.p.i.AbstractProblemLoader Init config took 9.54s 
83518      INFO  main            d.u.i.k.p.i.AbstractProblemLoader Replaying proof AccessChain4[AccessChain4::foo_8()].JML operation contract.0 
83520      DEBUG main            d.u.i.k.p.i.IntermediateProofReplayer Proof replay took 20.6ns 
89253      INFO  main            d.u.i.k.p.r.p.TestFile    ... finished proof: closed. 
89613      INFO  main            d.u.i.k.p.i.AbstractProblemLoader Loading environment from /home/runner/work/key/key/key.core/../key.ui/examples/performance-test/AccessChain4(AccessChain4__foo_08()).JML_operation_contract.0.key.proof 
89614      DEBUG main            d.u.i.k.p.i.AbstractProblemLoader Environment load took 661.41ns 
89616      INFO  main            d.u.i.k.p.i.AbstractProblemLoader Creating init config 
92383      DEBUG main            d.u.i.k.j.r.ClassPreparationMethodBuilder clPrepBuilder: Inner Class detected. Reject building class initialisation methods. 
99023      DEBUG main            d.u.i.k.p.i.AbstractProblemLoader Init config took 9.41s 
99115      INFO  main            d.u.i.k.p.i.AbstractProblemLoader Replaying proof AccessChain4[AccessChain4::foo_8()].JML operation contract.0 
100055     DEBUG main            d.u.i.k.p.i.IntermediateProofReplayer Proof replay took 910.91ms 
100058     DEBUG main            d.u.i.k.p.r.p.TestFile    ... success: reloaded. 
100059     INFO  main            d.u.i.k.p.r.p.TestFile    Now processing file /home/runner/work/key/key/key.core/../key.ui/examples/performance-test/Disjoint(Disjoint__xZero_08()).JML_operation_contract.0.key 
100060     INFO  main            d.u.i.k.p.i.AbstractProblemLoader Loading environment from /home/runner/work/key/key/key.core/../key.ui/examples/performance-test/Disjoint(Disjoint__xZero_08()).JML_operation_contract.0.key 
100060     DEBUG main            d.u.i.k.p.i.AbstractProblemLoader Environment load took 347.31ns 
100061     INFO  main            d.u.i.k.p.i.AbstractProblemLoader Creating init config 
102958     DEBUG main            d.u.i.k.j.r.ClassPreparationMethodBuilder clPrepBuilder: Inner Class detected. Reject building class initialisation methods. 
109603     DEBUG main            d.u.i.k.p.i.AbstractProblemLoader Init config took 9.54s 
109694     INFO  main            d.u.i.k.p.i.AbstractProblemLoader Replaying proof Disjoint[Disjoint::xZero_8()].JML operation contract.0 
109696     DEBUG main            d.u.i.k.p.i.IntermediateProofReplayer Proof replay took 10.8ns 
110604     INFO  main            d.u.i.k.p.r.p.TestFile    ... finished proof: closed. 
110963     INFO  main            d.u.i.k.p.i.AbstractProblemLoader Loading environment from /home/runner/work/key/key/key.core/../key.ui/examples/performance-test/Disjoint(Disjoint__xZero_08()).JML_operation_contract.0.key.proof 
110964     DEBUG main            d.u.i.k.p.i.AbstractProblemLoader Environment load took 1.27ms 
110970     INFO  main            d.u.i.k.p.i.AbstractProblemLoader Creating init config 
113759     DEBUG main            d.u.i.k.j.r.ClassPreparationMethodBuilder clPrepBuilder: Inner Class detected. Reject building class initialisation methods. 
120397     DEBUG main            d.u.i.k.p.i.AbstractProblemLoader Init config took 9.43s 
120512     INFO  main            d.u.i.k.p.i.AbstractProblemLoader Replaying proof Disjoint[Disjoint::xZero_8()].JML operation contract.0 
120702     DEBUG main            d.u.i.k.p.i.IntermediateProofReplayer Proof replay took 183.03ms 
120703     DEBUG main            d.u.i.k.p.r.p.TestFile    ... success: reloaded. 
120705     INFO  main            d.u.i.k.p.r.p.TestFile    Now processing file /home/runner/work/key/key/key.core/../key.ui/examples/performance-test/Dynamic(Dynamic__foo_08()).JML_operation_contract.0.key 
120705     INFO  main            d.u.i.k.p.i.AbstractProblemLoader Loading environment from /home/runner/work/key/key/key.core/../key.ui/examples/performance-test/Dynamic(Dynamic__foo_08()).JML_operation_contract.0.key 
120705     DEBUG main            d.u.i.k.p.i.AbstractProblemLoader Environment load took 189.8ns 
120706     INFO  main            d.u.i.k.p.i.AbstractProblemLoader Creating init config 
123614     DEBUG main            d.u.i.k.j.r.ClassPreparationMethodBuilder clPrepBuilder: Inner Class detected. Reject building class initialisation methods. 
130264     DEBUG main            d.u.i.k.p.i.AbstractProblemLoader Init config took 9.56s 
130354     INFO  main            d.u.i.k.p.i.AbstractProblemLoader Replaying proof Dynamic[Dynamic::foo_8()].JML operation contract.0 
130356     DEBUG main            d.u.i.k.p.i.IntermediateProofReplayer Proof replay took 12.5ns 
135164     INFO  main            d.u.i.k.p.r.p.TestFile    ... finished proof: closed. 
135550     INFO  main            d.u.i.k.p.i.AbstractProblemLoader Loading environment from /home/runner/work/key/key/key.core/../key.ui/examples/performance-test/Dynamic(Dynamic__foo_08()).JML_operation_contract.0.key.proof 
135551     DEBUG main            d.u.i.k.p.i.AbstractProblemLoader Environment load took 1.15ms 
135553     INFO  main            d.u.i.k.p.i.AbstractProblemLoader Creating init config 
138325     DEBUG main            d.u.i.k.j.r.ClassPreparationMethodBuilder clPrepBuilder: Inner Class detected. Reject building class initialisation methods. 
144922     DEBUG main            d.u.i.k.p.i.AbstractProblemLoader Init config took 9.37s 
145010     INFO  main            d.u.i.k.p.i.AbstractProblemLoader Replaying proof Dynamic[Dynamic::foo_8()].JML operation contract.0 
145585     DEBUG main            d.u.i.k.p.i.IntermediateProofReplayer Proof replay took 554.28ms 
145587     DEBUG main            d.u.i.k.p.r.p.TestFile    ... success: reloaded. 
145589     INFO  main            d.u.i.k.p.r.p.TestFile    Now processing file /home/runner/work/key/key/key.core/../key.ui/examples/performance-test/DynamicGhost(DynamicGhost__dynamicGhost_08()).JML_normal_behavior_operation_contract.0.key 
145589     INFO  main            d.u.i.k.p.i.AbstractProblemLoader Loading environment from /home/runner/work/key/key/key.core/../key.ui/examples/performance-test/DynamicGhost(DynamicGhost__dynamicGhost_08()).JML_normal_behavior_operation_contract.0.key 
145589     DEBUG main            d.u.i.k.p.i.AbstractProblemLoader Environment load took 132.5ns 
145590     INFO  main            d.u.i.k.p.i.AbstractProblemLoader Creating init config 
148450     DEBUG main            d.u.i.k.j.r.ClassPreparationMethodBuilder clPrepBuilder: Inner Class detected. Reject building class initialisation methods. 
155115     DEBUG main            d.u.i.k.p.i.AbstractProblemLoader Init config took 9.52s 
155207     INFO  main            d.u.i.k.p.i.AbstractProblemLoader Replaying proof DynamicGhost[DynamicGhost::dynamicGhost_8()].JML normal_behavior operation contract.0 
155209     DEBUG main            d.u.i.k.p.i.IntermediateProofReplayer Proof replay took 10.9ns 
159055     INFO  main            d.u.i.k.p.r.p.TestFile    ... finished proof: closed. 
159511     INFO  main            d.u.i.k.p.i.AbstractProblemLoader Loading environment from /home/runner/work/key/key/key.core/../key.ui/examples/performance-test/DynamicGhost(DynamicGhost__dynamicGhost_08()).JML_normal_behavior_operation_contract.0.key.proof 
159512     DEBUG main            d.u.i.k.p.i.AbstractProblemLoader Environment load took 735.62ns 
159514     INFO  main            d.u.i.k.p.i.AbstractProblemLoader Creating init config 
162258     DEBUG main            d.u.i.k.j.r.ClassPreparationMethodBuilder clPrepBuilder: Inner Class detected. Reject building class initialisation methods. 
168865     DEBUG main            d.u.i.k.p.i.AbstractProblemLoader Init config took 9.35s 
168957     INFO  main            d.u.i.k.p.i.AbstractProblemLoader Replaying proof DynamicGhost[DynamicGhost::dynamicGhost_8()].JML normal_behavior operation contract.0 
169582     DEBUG main            d.u.i.k.p.i.IntermediateProofReplayer Proof replay took 597.47ms 
169584     DEBUG main            d.u.i.k.p.r.p.TestFile    ... success: reloaded. 
169586     INFO  main            d.u.i.k.p.r.p.TestFile    Now processing file /home/runner/work/key/key/key.core/../key.ui/examples/performance-test/GhostFrame(GhostFrame__foo_08()).JML_operation_contract.0.key 
169586     INFO  main            d.u.i.k.p.i.AbstractProblemLoader Loading environment from /home/runner/work/key/key/key.core/../key.ui/examples/performance-test/GhostFrame(GhostFrame__foo_08()).JML_operation_contract.0.key 
169586     DEBUG main            d.u.i.k.p.i.AbstractProblemLoader Environment load took 132.1ns 
169587     INFO  main            d.u.i.k.p.i.AbstractProblemLoader Creating init config 
172478     DEBUG main            d.u.i.k.j.r.ClassPreparationMethodBuilder clPrepBuilder: Inner Class detected. Reject building class initialisation methods. 
179180     DEBUG main            d.u.i.k.p.i.AbstractProblemLoader Init config took 9.59s 
179267     INFO  main            d.u.i.k.p.i.AbstractProblemLoader Replaying proof GhostFrame[GhostFrame::foo_8()].JML operation contract.0 
179269     DEBUG main            d.u.i.k.p.i.IntermediateProofReplayer Proof replay took 24.6ns 
181015     INFO  main            d.u.i.k.p.r.p.TestFile    ... finished proof: closed. 
181462     INFO  main            d.u.i.k.p.i.AbstractProblemLoader Loading environment from /home/runner/work/key/key/key.core/../key.ui/examples/performance-test/GhostFrame(GhostFrame__foo_08()).JML_operation_contract.0.key.proof 
181463     DEBUG main            d.u.i.k.p.i.AbstractProblemLoader Environment load took 492.91ns 
181464     INFO  main            d.u.i.k.p.i.AbstractProblemLoader Creating init config 
184208     DEBUG main            d.u.i.k.j.r.ClassPreparationMethodBuilder clPrepBuilder: Inner Class detected. Reject building class initialisation methods. 
190819     DEBUG main            d.u.i.k.p.i.AbstractProblemLoader Init config took 9.35s 
190906     INFO  main            d.u.i.k.p.i.AbstractProblemLoader Replaying proof GhostFrame[GhostFrame::foo_8()].JML operation contract.0 
191280     DEBUG main            d.u.i.k.p.i.IntermediateProofReplayer Proof replay took 365.75ms 
191284     DEBUG main            d.u.i.k.p.r.p.TestFile    ... success: reloaded. 
191287     INFO  main            d.u.i.k.p.r.p.TestFile    Now processing file /home/runner/work/key/key/key.core/../key.ui/examples/performance-test/Modelfield(Modelfield__foo_08()).JML_operation_contract.0.key 
191288     INFO  main            d.u.i.k.p.i.AbstractProblemLoader Loading environment from /home/runner/work/key/key/key.core/../key.ui/examples/performance-test/Modelfield(Modelfield__foo_08()).JML_operation_contract.0.key 
191288     DEBUG main            d.u.i.k.p.i.AbstractProblemLoader Environment load took 81ns 
191289     INFO  main            d.u.i.k.p.i.AbstractProblemLoader Creating init config 
194196     DEBUG main            d.u.i.k.j.r.ClassPreparationMethodBuilder clPrepBuilder: Inner Class detected. Reject building class initialisation methods. 
200850     DEBUG main            d.u.i.k.p.i.AbstractProblemLoader Init config took 9.56s 
200940     INFO  main            d.u.i.k.p.i.AbstractProblemLoader Replaying proof Modelfield[Modelfield::foo_8()].JML operation contract.0 
200941     DEBUG main            d.u.i.k.p.i.IntermediateProofReplayer Proof replay took 6ns 
203684     INFO  main            d.u.i.k.p.r.p.TestFile    ... finished proof: closed. 
204130     INFO  main            d.u.i.k.p.i.AbstractProblemLoader Loading environment from /home/runner/work/key/key/key.core/../key.ui/examples/performance-test/Modelfield(Modelfield__foo_08()).JML_operation_contract.0.key.proof 
204130     DEBUG main            d.u.i.k.p.i.AbstractProblemLoader Environment load took 586.31ns 
204132     INFO  main            d.u.i.k.p.i.AbstractProblemLoader Creating init config 
206867     DEBUG main            d.u.i.k.j.r.ClassPreparationMethodBuilder clPrepBuilder: Inner Class detected. Reject building class initialisation methods. 
213478     DEBUG main            d.u.i.k.p.i.AbstractProblemLoader Init config took 9.35s 
213565     INFO  main            d.u.i.k.p.i.AbstractProblemLoader Replaying proof Modelfield[Modelfield::foo_8()].JML operation contract.0 
214038     DEBUG main            d.u.i.k.p.i.IntermediateProofReplayer Proof replay took 457.36ms 
214040     DEBUG main            d.u.i.k.p.r.p.TestFile    ... success: reloaded. 
361563     INFO  Test worker     d.u.i.k.p.r.RunAllProofsTestUnit Returning from test performance 
361565     INFO  Test worker     d.u.i.k.p.r.RunAllProofsTestUnit Running test performancePOConstruction 
336        INFO  Timeout watchdog d.u.i.k.p.r.p.ForkedTestFileRunner Timeout watcher launched (2000 secs.) 
356        WARN  main            d.u.i.k.s.ProofSettings   The settings in /home/runner/.key/proof-settings.props are *not* read. 
387        INFO  main            d.u.i.k.p.r.p.TestFile    Now processing file /home/runner/work/key/key/key.core/../key.ui/examples/performance-test/Test(Test__a0(int)).JML_normal_behavior_operation_contract.0.key 
497        INFO  main            d.u.i.k.p.i.AbstractProblemLoader Loading environment from /home/runner/work/key/key/key.core/../key.ui/examples/performance-test/Test(Test__a0(int)).JML_normal_behavior_operation_contract.0.key 
514        DEBUG main            d.u.i.k.p.i.AbstractProblemLoader Environment load took 2.7ms 
739        INFO  main            d.u.i.k.p.i.AbstractProblemLoader Creating init config 
1704       DEBUG main            d.u.i.k.j.TypeConverter   No LDT found for Meta 
1709       DEBUG main            d.u.i.k.j.TypeConverter   No LDT found for Meta 
1710       DEBUG main            d.u.i.k.j.TypeConverter   No LDT found for Meta 
1711       DEBUG main            d.u.i.k.j.TypeConverter   No LDT found for Meta 
3062       DEBUG main            d.u.i.k.j.TypeConverter   No LDT found for JavaBigintExpression 
8194       DEBUG main            d.u.i.k.j.r.ClassPreparationMethodBuilder clPrepBuilder: Inner Class detected. Reject building class initialisation methods. 
15930      DEBUG main            d.u.i.k.p.i.AbstractProblemLoader Init config took 15.19s 
17053      INFO  main            d.u.i.k.p.i.AbstractProblemLoader Replaying proof Test[Test::a0(int)].JML normal_behavior operation contract.0 
17148      DEBUG main            d.u.i.k.p.i.IntermediateProofReplayer Proof replay took 33.5ns 
17619      INFO  main            d.u.i.k.p.r.p.TestFile    ... finished proof: closed. 
17770      INFO  main            d.u.i.k.p.i.AbstractProblemLoader Loading environment from /home/runner/work/key/key/key.core/../key.ui/examples/performance-test/Test(Test__a0(int)).JML_normal_behavior_operation_contract.0.key.proof 
17770      DEBUG main            d.u.i.k.p.i.AbstractProblemLoader Environment load took 143.8ns 
17776      INFO  main            d.u.i.k.p.i.AbstractProblemLoader Creating init config 
20816      DEBUG main            d.u.i.k.j.r.ClassPreparationMethodBuilder clPrepBuilder: Inner Class detected. Reject building class initialisation methods. 
27930      DEBUG main            d.u.i.k.p.i.AbstractProblemLoader Init config took 10.15s 
28929      INFO  main            d.u.i.k.p.i.AbstractProblemLoader Replaying proof Test[Test::a0(int)].JML normal_behavior operation contract.0 
28956      DEBUG main            d.u.i.k.p.i.IntermediateProofReplayer Proof replay took 22.77ms 
28963      DEBUG main            d.u.i.k.p.r.p.TestFile    ... success: reloaded. 
28964      INFO  main            d.u.i.k.p.r.p.TestFile    Now processing file /home/runner/work/key/key/key.core/../key.ui/examples/performance-test/Test(Test__a1(int)).JML_normal_behavior_operation_contract.0.key 
28965      INFO  main            d.u.i.k.p.i.AbstractProblemLoader Loading environment from /home/runner/work/key/key/key.core/../key.ui/examples/performance-test/Test(Test__a1(int)).JML_normal_behavior_operation_contract.0.key 
28965      DEBUG main            d.u.i.k.p.i.AbstractProblemLoader Environment load took 265.81ns 
28967      INFO  main            d.u.i.k.p.i.AbstractProblemLoader Creating init config 
31918      DEBUG main            d.u.i.k.j.r.ClassPreparationMethodBuilder clPrepBuilder: Inner Class detected. Reject building class initialisation methods. 
38651      DEBUG main            d.u.i.k.p.i.AbstractProblemLoader Init config took 9.68s 
39508      INFO  main            d.u.i.k.p.i.AbstractProblemLoader Replaying proof Test[Test::a1(int)].JML normal_behavior operation contract.0 
39510      DEBUG main            d.u.i.k.p.i.IntermediateProofReplayer Proof replay took 6ns 
39917      INFO  main            d.u.i.k.p.r.p.TestFile    ... finished proof: closed. 
40161      INFO  main            d.u.i.k.p.i.AbstractProblemLoader Loading environment from /home/runner/work/key/key/key.core/../key.ui/examples/performance-test/Test(Test__a1(int)).JML_normal_behavior_operation_contract.0.key.proof 
40161      DEBUG main            d.u.i.k.p.i.AbstractProblemLoader Environment load took 133.4ns 
40163      INFO  main            d.u.i.k.p.i.AbstractProblemLoader Creating init config 
43041      DEBUG main            d.u.i.k.j.r.ClassPreparationMethodBuilder clPrepBuilder: Inner Class detected. Reject building class initialisation methods. 
49722      DEBUG main            d.u.i.k.p.i.AbstractProblemLoader Init config took 9.56s 
50581      INFO  main            d.u.i.k.p.i.AbstractProblemLoader Replaying proof Test[Test::a1(int)].JML normal_behavior operation contract.0 
50690      DEBUG main            d.u.i.k.p.i.IntermediateProofReplayer Proof replay took 105.71ms 
50694      DEBUG main            d.u.i.k.p.r.p.TestFile    ... success: reloaded. 
50697      INFO  main            d.u.i.k.p.r.p.TestFile    Now processing file /home/runner/work/key/key/key.core/../key.ui/examples/performance-test/Test(Test__f1(int)).JML_normal_behavior_operation_contract.0.key 
50697      INFO  main            d.u.i.k.p.i.AbstractProblemLoader Loading environment from /home/runner/work/key/key/key.core/../key.ui/examples/performance-test/Test(Test__f1(int)).JML_normal_behavior_operation_contract.0.key 
50698      DEBUG main            d.u.i.k.p.i.AbstractProblemLoader Environment load took 309.61ns 
50700      INFO  main            d.u.i.k.p.i.AbstractProblemLoader Creating init config 
53591      DEBUG main            d.u.i.k.j.r.ClassPreparationMethodBuilder clPrepBuilder: Inner Class detected. Reject building class initialisation methods. 
60292      DEBUG main            d.u.i.k.p.i.AbstractProblemLoader Init config took 9.59s 
61133      INFO  main            d.u.i.k.p.i.AbstractProblemLoader Replaying proof Test[Test::f1(int)].JML normal_behavior operation contract.0 
61136      DEBUG main            d.u.i.k.p.i.IntermediateProofReplayer Proof replay took 6.2ns 
61339      INFO  main            d.u.i.k.p.r.p.TestFile    ... finished proof: closed. 
61643      INFO  main            d.u.i.k.p.i.AbstractProblemLoader Loading environment from /home/runner/work/key/key/key.core/../key.ui/examples/performance-test/Test(Test__f1(int)).JML_normal_behavior_operation_contract.0.key.proof 
61644      DEBUG main            d.u.i.k.p.i.AbstractProblemLoader Environment load took 580.01ns 
61645      INFO  main            d.u.i.k.p.i.AbstractProblemLoader Creating init config 
64440      DEBUG main            d.u.i.k.j.r.ClassPreparationMethodBuilder clPrepBuilder: Inner Class detected. Reject building class initialisation methods. 
71028      DEBUG main            d.u.i.k.p.i.AbstractProblemLoader Init config took 9.38s 
71869      INFO  main            d.u.i.k.p.i.AbstractProblemLoader Replaying proof Test[Test::f1(int)].JML normal_behavior operation contract.0 
71931      DEBUG main            d.u.i.k.p.i.IntermediateProofReplayer Proof replay took 55.12ms 
71933      DEBUG main            d.u.i.k.p.r.p.TestFile    ... success: reloaded. 
433681     INFO  Test worker     d.u.i.k.p.r.RunAllProofsTestUnit Returning from test performancePOConstruction 
433683     INFO  Test worker     d.u.i.k.p.r.RunAllProofsTestUnit Running test applicationRestrictions 
364        INFO  Timeout watchdog d.u.i.k.p.r.p.ForkedTestFileRunner Timeout watcher launched (2000 secs.) 
396        WARN  main            d.u.i.k.s.ProofSettings   The settings in /home/runner/.key/proof-settings.props are *not* read. 
439        INFO  main            d.u.i.k.p.r.p.TestFile    Now processing file /home/runner/work/key/key/key.core/../key.ui/examples/heap/polarity_tests/wellformed1.key 
563        INFO  main            d.u.i.k.p.i.AbstractProblemLoader Loading environment from /home/runner/work/key/key/key.core/../key.ui/examples/heap/polarity_tests/wellformed1.key 
583        DEBUG main            d.u.i.k.p.i.AbstractProblemLoader Environment load took 2.18ms 
817        INFO  main            d.u.i.k.p.i.AbstractProblemLoader Creating init config 
1834       DEBUG main            d.u.i.k.j.TypeConverter   No LDT found for Meta 
1835       DEBUG main            d.u.i.k.j.TypeConverter   No LDT found for Meta 
1838       DEBUG main            d.u.i.k.j.TypeConverter   No LDT found for Meta 
1839       DEBUG main            d.u.i.k.j.TypeConverter   No LDT found for Meta 
3273       DEBUG main            d.u.i.k.j.TypeConverter   No LDT found for JavaBigintExpression 
8442       DEBUG main            d.u.i.k.p.i.AbstractProblemLoader Init config took 7.62s 
8501       INFO  main            d.u.i.k.p.i.AbstractProblemLoader Replaying proof wellformed1.key 
8533       DEBUG main            d.u.i.k.p.i.IntermediateProofReplayer Proof replay took 34.9ns 
8703       INFO  main            d.u.i.k.p.r.p.TestFile    ... finished proof: closed. 
8798       INFO  main            d.u.i.k.p.i.AbstractProblemLoader Loading environment from /home/runner/work/key/key/key.core/../key.ui/examples/heap/polarity_tests/wellformed1.key.proof 
8799       DEBUG main            d.u.i.k.p.i.AbstractProblemLoader Environment load took 155.1ns 
8804       INFO  main            d.u.i.k.p.i.AbstractProblemLoader Creating init config 
11718      DEBUG main            d.u.i.k.p.i.AbstractProblemLoader Init config took 2.91s 
11761      INFO  main            d.u.i.k.p.i.AbstractProblemLoader Replaying proof wellformed1.key.proof 
11768      DEBUG main            d.u.i.k.p.i.IntermediateProofReplayer Proof replay took 2.36ms 
11778      DEBUG main            d.u.i.k.p.r.p.TestFile    ... success: reloaded. 
11779      INFO  main            d.u.i.k.p.r.p.TestFile    Now processing file /home/runner/work/key/key/key.core/../key.ui/examples/heap/polarity_tests/wellformed2.key 
11780      INFO  main            d.u.i.k.p.i.AbstractProblemLoader Loading environment from /home/runner/work/key/key/key.core/../key.ui/examples/heap/polarity_tests/wellformed2.key 
11780      DEBUG main            d.u.i.k.p.i.AbstractProblemLoader Environment load took 269.01ns 
11782      INFO  main            d.u.i.k.p.i.AbstractProblemLoader Creating init config 
14525      DEBUG main            d.u.i.k.p.i.AbstractProblemLoader Init config took 2.74s 
14554      INFO  main            d.u.i.k.p.i.AbstractProblemLoader Replaying proof wellformed2.key 
14556      DEBUG main            d.u.i.k.p.i.IntermediateProofReplayer Proof replay took 5.9ns 
14659      INFO  main            d.u.i.k.p.r.p.TestFile    ... finished proof: open goal(s) 
14777      INFO  main            d.u.i.k.p.r.p.TestFile    Now processing file /home/runner/work/key/key/key.core/../key.ui/examples/heap/polarity_tests/wellformed3.key 
14778      INFO  main            d.u.i.k.p.i.AbstractProblemLoader Loading environment from /home/runner/work/key/key/key.core/../key.ui/examples/heap/polarity_tests/wellformed3.key 
14778      DEBUG main            d.u.i.k.p.i.AbstractProblemLoader Environment load took 76.5ns 
14779      INFO  main            d.u.i.k.p.i.AbstractProblemLoader Creating init config 
17452      DEBUG main            d.u.i.k.p.i.AbstractProblemLoader Init config took 2.67s 
17476      INFO  main            d.u.i.k.p.i.AbstractProblemLoader Replaying proof wellformed3.key 
17478      DEBUG main            d.u.i.k.p.i.IntermediateProofReplayer Proof replay took 5.3ns 
17582      INFO  main            d.u.i.k.p.r.p.TestFile    ... finished proof: closed. 
17735      INFO  main            d.u.i.k.p.i.AbstractProblemLoader Loading environment from /home/runner/work/key/key/key.core/../key.ui/examples/heap/polarity_tests/wellformed3.key.proof 
17735      DEBUG main            d.u.i.k.p.i.AbstractProblemLoader Environment load took 133.2ns 
17737      INFO  main            d.u.i.k.p.i.AbstractProblemLoader Creating init config 
20423      DEBUG main            d.u.i.k.p.i.AbstractProblemLoader Init config took 2.69s 
20445      INFO  main            d.u.i.k.p.i.AbstractProblemLoader Replaying proof wellformed3.key.proof 
20450      DEBUG main            d.u.i.k.p.i.IntermediateProofReplayer Proof replay took 2.15ms 
20451      DEBUG main            d.u.i.k.p.r.p.TestFile    ... success: reloaded. 
20452      INFO  main            d.u.i.k.p.r.p.TestFile    Now processing file /home/runner/work/key/key/key.core/../key.ui/examples/heap/polarity_tests/wellformed4.key 
20452      INFO  main            d.u.i.k.p.i.AbstractProblemLoader Loading environment from /home/runner/work/key/key/key.core/../key.ui/examples/heap/polarity_tests/wellformed4.key 
20453      DEBUG main            d.u.i.k.p.i.AbstractProblemLoader Environment load took 265.71ns 
20454      INFO  main            d.u.i.k.p.i.AbstractProblemLoader Creating init config 
23071      DEBUG main            d.u.i.k.p.i.AbstractProblemLoader Init config took 2.62s 
23091      INFO  main            d.u.i.k.p.i.AbstractProblemLoader Replaying proof wellformed4.key 
23092      DEBUG main            d.u.i.k.p.i.IntermediateProofReplayer Proof replay took 5.5ns 
23196      INFO  main            d.u.i.k.p.r.p.TestFile    ... finished proof: open goal(s) 
23324      INFO  main            d.u.i.k.p.r.p.TestFile    Now processing file /home/runner/work/key/key/key.core/../key.ui/examples/heap/polarity_tests/wellformed5.key 
23324      INFO  main            d.u.i.k.p.i.AbstractProblemLoader Loading environment from /home/runner/work/key/key/key.core/../key.ui/examples/heap/polarity_tests/wellformed5.key 
23324      DEBUG main            d.u.i.k.p.i.AbstractProblemLoader Environment load took 79.8ns 
23326      INFO  main            d.u.i.k.p.i.AbstractProblemLoader Creating init config 
25898      DEBUG main            d.u.i.k.p.i.AbstractProblemLoader Init config took 2.57s 
25917      INFO  main            d.u.i.k.p.i.AbstractProblemLoader Replaying proof wellformed5.key 
25919      DEBUG main            d.u.i.k.p.i.IntermediateProofReplayer Proof replay took 5.8ns 
26023      INFO  main            d.u.i.k.p.r.p.TestFile    ... finished proof: closed. 
26179      INFO  main            d.u.i.k.p.i.AbstractProblemLoader Loading environment from /home/runner/work/key/key/key.core/../key.ui/examples/heap/polarity_tests/wellformed5.key.proof 
26179      DEBUG main            d.u.i.k.p.i.AbstractProblemLoader Environment load took 123ns 
26180      INFO  main            d.u.i.k.p.i.AbstractProblemLoader Creating init config 
28770      DEBUG main            d.u.i.k.p.i.AbstractProblemLoader Init config took 2.59s 
28789      INFO  main            d.u.i.k.p.i.AbstractProblemLoader Replaying proof wellformed5.key.proof 
28793      DEBUG main            d.u.i.k.p.i.IntermediateProofReplayer Proof replay took 1.24ms 
28802      DEBUG main            d.u.i.k.p.r.p.TestFile    ... success: reloaded. 
28803      INFO  main            d.u.i.k.p.r.p.TestFile    Now processing file /home/runner/work/key/key/key.core/../key.ui/examples/heap/polarity_tests/wellformed6.key 
28814      INFO  main            d.u.i.k.p.i.AbstractProblemLoader Loading environment from /home/runner/work/key/key/key.core/../key.ui/examples/heap/polarity_tests/wellformed6.key 
28814      DEBUG main            d.u.i.k.p.i.AbstractProblemLoader Environment load took 266.9ns 
28815      INFO  main            d.u.i.k.p.i.AbstractProblemLoader Creating init config 
31392      DEBUG main            d.u.i.k.p.i.AbstractProblemLoader Init config took 2.58s 
31411      INFO  main            d.u.i.k.p.i.AbstractProblemLoader Replaying proof wellformed6.key 
31413      DEBUG main            d.u.i.k.p.i.IntermediateProofReplayer Proof replay took 6.4ns 
31515      INFO  main            d.u.i.k.p.r.p.TestFile    ... finished proof: open goal(s) 
31659      INFO  main            d.u.i.k.p.r.p.TestFile    Now processing file /home/runner/work/key/key/key.core/../key.ui/examples/heap/polarity_tests/wellformed7.key 
31660      INFO  main            d.u.i.k.p.i.AbstractProblemLoader Loading environment from /home/runner/work/key/key/key.core/../key.ui/examples/heap/polarity_tests/wellformed7.key 
31660      DEBUG main            d.u.i.k.p.i.AbstractProblemLoader Environment load took 121.5ns 
31661      INFO  main            d.u.i.k.p.i.AbstractProblemLoader Creating init config 
34204      DEBUG main            d.u.i.k.p.i.AbstractProblemLoader Init config took 2.54s 
34222      INFO  main            d.u.i.k.p.i.AbstractProblemLoader Replaying proof wellformed7.key 
34224      DEBUG main            d.u.i.k.p.i.IntermediateProofReplayer Proof replay took 6.5ns 
34326      INFO  main            d.u.i.k.p.r.p.TestFile    ... finished proof: closed. 
34495      INFO  main            d.u.i.k.p.i.AbstractProblemLoader Loading environment from /home/runner/work/key/key/key.core/../key.ui/examples/heap/polarity_tests/wellformed7.key.proof 
34495      DEBUG main            d.u.i.k.p.i.AbstractProblemLoader Environment load took 119.2ns 
34496      INFO  main            d.u.i.k.p.i.AbstractProblemLoader Creating init config 
37044      DEBUG main            d.u.i.k.p.i.AbstractProblemLoader Init config took 2.55s 
37063      INFO  main            d.u.i.k.p.i.AbstractProblemLoader Replaying proof wellformed7.key.proof 
37066      DEBUG main            d.u.i.k.p.i.IntermediateProofReplayer Proof replay took 1.47ms 
37067      DEBUG main            d.u.i.k.p.r.p.TestFile    ... success: reloaded. 
37068      INFO  main            d.u.i.k.p.r.p.TestFile    Now processing file /home/runner/work/key/key/key.core/../key.ui/examples/heap/polarity_tests/wellformed8.key 
37068      INFO  main            d.u.i.k.p.i.AbstractProblemLoader Loading environment from /home/runner/work/key/key/key.core/../key.ui/examples/heap/polarity_tests/wellformed8.key 
37072      DEBUG main            d.u.i.k.p.i.AbstractProblemLoader Environment load took 3.57ms 
37073      INFO  main            d.u.i.k.p.i.AbstractProblemLoader Creating init config 
39636      DEBUG main            d.u.i.k.p.i.AbstractProblemLoader Init config took 2.56s 
39664      INFO  main            d.u.i.k.p.i.AbstractProblemLoader Replaying proof wellformed8.key 
39670      DEBUG main            d.u.i.k.p.i.IntermediateProofReplayer Proof replay took 7.8ns 
39773      INFO  main            d.u.i.k.p.r.p.TestFile    ... finished proof: open goal(s) 
39921      INFO  main            d.u.i.k.p.r.p.TestFile    Now processing file /home/runner/work/key/key/key.core/../key.ui/examples/heap/polarity_tests/wellformed9.key 
39921      INFO  main            d.u.i.k.p.i.AbstractProblemLoader Loading environment from /home/runner/work/key/key/key.core/../key.ui/examples/heap/polarity_tests/wellformed9.key 
39921      DEBUG main            d.u.i.k.p.i.AbstractProblemLoader Environment load took 70.4ns 
39923      INFO  main            d.u.i.k.p.i.AbstractProblemLoader Creating init config 
42431      DEBUG main            d.u.i.k.p.i.AbstractProblemLoader Init config took 2.51s 
42447      INFO  main            d.u.i.k.p.i.AbstractProblemLoader Replaying proof wellformed9.key 
42449      DEBUG main            d.u.i.k.p.i.IntermediateProofReplayer Proof replay took 6.5ns 
42551      INFO  main            d.u.i.k.p.r.p.TestFile    ... finished proof: closed. 
42689      INFO  main            d.u.i.k.p.i.AbstractProblemLoader Loading environment from /home/runner/work/key/key/key.core/../key.ui/examples/heap/polarity_tests/wellformed9.key.proof 
42689      DEBUG main            d.u.i.k.p.i.AbstractProblemLoader Environment load took 123.1ns 
42690      INFO  main            d.u.i.k.p.i.AbstractProblemLoader Creating init config 
45232      DEBUG main            d.u.i.k.p.i.AbstractProblemLoader Init config took 2.54s 
45250      INFO  main            d.u.i.k.p.i.AbstractProblemLoader Replaying proof wellformed9.key.proof 
45254      DEBUG main            d.u.i.k.p.i.IntermediateProofReplayer Proof replay took 1.57ms 
45255      DEBUG main            d.u.i.k.p.r.p.TestFile    ... success: reloaded. 
45256      INFO  main            d.u.i.k.p.r.p.TestFile    Now processing file /home/runner/work/key/key/key.core/../key.ui/examples/heap/polarity_tests/wellformed10.key 
45257      INFO  main            d.u.i.k.p.i.AbstractProblemLoader Loading environment from /home/runner/work/key/key/key.core/../key.ui/examples/heap/polarity_tests/wellformed10.key 
45257      DEBUG main            d.u.i.k.p.i.AbstractProblemLoader Environment load took 259.91ns 
45258      INFO  main            d.u.i.k.p.i.AbstractProblemLoader Creating init config 
47846      DEBUG main            d.u.i.k.p.i.AbstractProblemLoader Init config took 2.59s 
47862      INFO  main            d.u.i.k.p.i.AbstractProblemLoader Replaying proof wellformed10.key 
47863      DEBUG main            d.u.i.k.p.i.IntermediateProofReplayer Proof replay took 6.3ns 
47966      INFO  main            d.u.i.k.p.r.p.TestFile    ... finished proof: open goal(s) 
48128      INFO  main            d.u.i.k.p.r.p.TestFile    Now processing file /home/runner/work/key/key/key.core/../key.ui/examples/heap/polarity_tests/wellformed11.key 
48128      INFO  main            d.u.i.k.p.i.AbstractProblemLoader Loading environment from /home/runner/work/key/key/key.core/../key.ui/examples/heap/polarity_tests/wellformed11.key 
48128      DEBUG main            d.u.i.k.p.i.AbstractProblemLoader Environment load took 74.5ns 
48130      INFO  main            d.u.i.k.p.i.AbstractProblemLoader Creating init config 
50620      DEBUG main            d.u.i.k.p.i.AbstractProblemLoader Init config took 2.49s 
50641      INFO  main            d.u.i.k.p.i.AbstractProblemLoader Replaying proof wellformed11.key 
50642      DEBUG main            d.u.i.k.p.i.IntermediateProofReplayer Proof replay took 6.7ns 
50746      INFO  main            d.u.i.k.p.r.p.TestFile    ... finished proof: open goal(s) 
484750     INFO  Test worker     d.u.i.k.p.r.RunAllProofsTestUnit Returning from test applicationRestrictions 
484752     INFO  Test worker     d.u.i.k.p.r.RunAllProofsTestUnit Running test blockContracts 
344        INFO  Timeout watchdog d.u.i.k.p.r.p.ForkedTestFileRunner Timeout watcher launched (2000 secs.) 
361        WARN  main            d.u.i.k.s.ProofSettings   The settings in /home/runner/.key/proof-settings.props are *not* read. 
403        INFO  main            d.u.i.k.p.r.p.TestFile    Now processing file /home/runner/work/key/key/key.core/../key.ui/examples/heap/block_contracts/Simple__add.key 
521        INFO  main            d.u.i.k.p.i.AbstractProblemLoader Loading environment from /home/runner/work/key/key/key.core/../key.ui/examples/heap/block_contracts/Simple__add.key 
537        DEBUG main            d.u.i.k.p.i.AbstractProblemLoader Environment load took 2.23ms 
752        INFO  main            d.u.i.k.p.i.AbstractProblemLoader Creating init config 
1668       DEBUG main            d.u.i.k.j.TypeConverter   No LDT found for Meta 
1669       DEBUG main            d.u.i.k.j.TypeConverter   No LDT found for Meta 
1671       DEBUG main            d.u.i.k.j.TypeConverter   No LDT found for Meta 
1671       DEBUG main            d.u.i.k.j.TypeConverter   No LDT found for Meta 
2868       DEBUG main            d.u.i.k.j.TypeConverter   No LDT found for JavaBigintExpression 
8694       DEBUG main            d.u.i.k.p.i.AbstractProblemLoader Init config took 7.94s 
8811       INFO  main            d.u.i.k.p.i.AbstractProblemLoader Replaying proof Simple[Simple::add(int,int)].JML operation contract.0 
8907       DEBUG main            d.u.i.k.p.i.IntermediateProofReplayer Proof replay took 8.41ms 
9639       INFO  main            d.u.i.k.p.r.p.TestFile    ... finished proof: closed. 
9800       INFO  main            d.u.i.k.p.i.AbstractProblemLoader Loading environment from /home/runner/work/key/key/key.core/../key.ui/examples/heap/block_contracts/Simple__add.key.proof 
9800       DEBUG main            d.u.i.k.p.i.AbstractProblemLoader Environment load took 166.3ns 
9803       INFO  main            d.u.i.k.p.i.AbstractProblemLoader Creating init config 
13175      DEBUG main            d.u.i.k.p.i.AbstractProblemLoader Init config took 3.37s 
13254      INFO  main            d.u.i.k.p.i.AbstractProblemLoader Replaying proof Simple[Simple::add(int,int)].JML operation contract.0 
13332      DEBUG main            d.u.i.k.p.i.IntermediateProofReplayer Proof replay took 74.1ms 
13339      DEBUG main            d.u.i.k.p.r.p.TestFile    ... success: reloaded. 
13341      INFO  main            d.u.i.k.p.r.p.TestFile    Now processing file /home/runner/work/key/key/key.core/../key.ui/examples/heap/block_contracts/Simple__addAbsoluteValues.key 
13341      INFO  main            d.u.i.k.p.i.AbstractProblemLoader Loading environment from /home/runner/work/key/key/key.core/../key.ui/examples/heap/block_contracts/Simple__addAbsoluteValues.key 
13342      DEBUG main            d.u.i.k.p.i.AbstractProblemLoader Environment load took 272.71ns 
13343      INFO  main            d.u.i.k.p.i.AbstractProblemLoader Creating init config 
16564      DEBUG main            d.u.i.k.p.i.AbstractProblemLoader Init config took 3.22s 
16623      INFO  main            d.u.i.k.p.i.AbstractProblemLoader Replaying proof Simple[Simple::addAbsoluteValues(int,int)].JML normal_behavior operation contract.0 
16625      DEBUG main            d.u.i.k.p.i.IntermediateProofReplayer Proof replay took 14.1ns 
17739      INFO  main            d.u.i.k.p.r.p.TestFile    ... finished proof: closed. 
17934      INFO  main            d.u.i.k.p.i.AbstractProblemLoader Loading environment from /home/runner/work/key/key/key.core/../key.ui/examples/heap/block_contracts/Simple__addAbsoluteValues.key.proof 
17935      DEBUG main            d.u.i.k.p.i.AbstractProblemLoader Environment load took 1.07ms 
17937      INFO  main            d.u.i.k.p.i.AbstractProblemLoader Creating init config 
21068      DEBUG main            d.u.i.k.p.i.AbstractProblemLoader Init config took 3.13s 
21117      INFO  main            d.u.i.k.p.i.AbstractProblemLoader Replaying proof Simple[Simple::addAbsoluteValues(int,int)].JML normal_behavior operation contract.0 
21294      DEBUG main            d.u.i.k.p.i.IntermediateProofReplayer Proof replay took 168.31ms 
21296      DEBUG main            d.u.i.k.p.r.p.TestFile    ... success: reloaded. 
21297      INFO  main            d.u.i.k.p.r.p.TestFile    Now processing file /home/runner/work/key/key/key.core/../key.ui/examples/heap/block_contracts/Simple__addWithJump.key 
21298      INFO  main            d.u.i.k.p.i.AbstractProblemLoader Loading environment from /home/runner/work/key/key/key.core/../key.ui/examples/heap/block_contracts/Simple__addWithJump.key 
21298      DEBUG main            d.u.i.k.p.i.AbstractProblemLoader Environment load took 280.81ns 
21299      INFO  main            d.u.i.k.p.i.AbstractProblemLoader Creating init config 
24465      DEBUG main            d.u.i.k.p.i.AbstractProblemLoader Init config took 3.17s 
24513      INFO  main            d.u.i.k.p.i.AbstractProblemLoader Replaying proof Simple[Simple::addWithJump(int,int,int)].JML operation contract.0 
24516      DEBUG main            d.u.i.k.p.i.IntermediateProofReplayer Proof replay took 11.8ns 
24718      INFO  main            d.u.i.k.p.r.p.TestFile    ... finished proof: closed. 
24902      INFO  main            d.u.i.k.p.i.AbstractProblemLoader Loading environment from /home/runner/work/key/key/key.core/../key.ui/examples/heap/block_contracts/Simple__addWithJump.key.proof 
24902      DEBUG main            d.u.i.k.p.i.AbstractProblemLoader Environment load took 123.4ns 
24904      INFO  main            d.u.i.k.p.i.AbstractProblemLoader Creating init config 
27968      DEBUG main            d.u.i.k.p.i.AbstractProblemLoader Init config took 3.06s 
28014      INFO  main            d.u.i.k.p.i.AbstractProblemLoader Replaying proof Simple[Simple::addWithJump(int,int,int)].JML operation contract.0 
28058      DEBUG main            d.u.i.k.p.i.IntermediateProofReplayer Proof replay took 41.22ms 
28060      DEBUG main            d.u.i.k.p.r.p.TestFile    ... success: reloaded. 
28061      INFO  main            d.u.i.k.p.r.p.TestFile    Now processing file /home/runner/work/key/key/key.core/../key.ui/examples/heap/block_contracts/Simple__addWithTwoBlockContracts.key 
28062      INFO  main            d.u.i.k.p.i.AbstractProblemLoader Loading environment from /home/runner/work/key/key/key.core/../key.ui/examples/heap/block_contracts/Simple__addWithTwoBlockContracts.key 
28062      DEBUG main            d.u.i.k.p.i.AbstractProblemLoader Environment load took 252.41ns 
28063      INFO  main            d.u.i.k.p.i.AbstractProblemLoader Creating init config 
31143      DEBUG main            d.u.i.k.p.i.AbstractProblemLoader Init config took 3.08s 
31190      INFO  main            d.u.i.k.p.i.AbstractProblemLoader Replaying proof Simple[Simple::addWithTwoBlockContracts(int,int,int)].JML operation contract.0 
31193      DEBUG main            d.u.i.k.p.i.IntermediateProofReplayer Proof replay took 10.5ns 
31395      INFO  main            d.u.i.k.p.r.p.TestFile    ... finished proof: closed. 
31597      INFO  main            d.u.i.k.p.i.AbstractProblemLoader Loading environment from /home/runner/work/key/key/key.core/../key.ui/examples/heap/block_contracts/Simple__addWithTwoBlockContracts.key.proof 
31597      DEBUG main            d.u.i.k.p.i.AbstractProblemLoader Environment load took 132.1ns 
31598      INFO  main            d.u.i.k.p.i.AbstractProblemLoader Creating init config 
34671      DEBUG main            d.u.i.k.p.i.AbstractProblemLoader Init config took 3.07s 
34726      INFO  main            d.u.i.k.p.i.AbstractProblemLoader Replaying proof Simple[Simple::addWithTwoBlockContracts(int,int,int)].JML operation contract.0 
34787      DEBUG main            d.u.i.k.p.i.IntermediateProofReplayer Proof replay took 56.41ms 
34788      DEBUG main            d.u.i.k.p.r.p.TestFile    ... success: reloaded. 
34789      INFO  main            d.u.i.k.p.r.p.TestFile    Now processing file /home/runner/work/key/key/key.core/../key.ui/examples/heap/block_contracts/Simple__generateByteArray.key 
34789      INFO  main            d.u.i.k.p.i.AbstractProblemLoader Loading environment from /home/runner/work/key/key/key.core/../key.ui/examples/heap/block_contracts/Simple__generateByteArray.key 
34789      DEBUG main            d.u.i.k.p.i.AbstractProblemLoader Environment load took 98.5ns 
34790      INFO  main            d.u.i.k.p.i.AbstractProblemLoader Creating init config 
37874      DEBUG main            d.u.i.k.p.i.AbstractProblemLoader Init config took 3.08s 
37919      INFO  main            d.u.i.k.p.i.AbstractProblemLoader Replaying proof Simple[Simple::generateByteArray()].JML normal_behavior operation contract.0 
37921      DEBUG main            d.u.i.k.p.i.IntermediateProofReplayer Proof replay took 10.2ns 
39930      INFO  main            d.u.i.k.p.r.p.TestFile    ... finished proof: closed. 
40138      INFO  main            d.u.i.k.p.i.AbstractProblemLoader Loading environment from /home/runner/work/key/key/key.core/../key.ui/examples/heap/block_contracts/Simple__generateByteArray.key.proof 
40140      DEBUG main            d.u.i.k.p.i.AbstractProblemLoader Environment load took 2.18ms 
40142      INFO  main            d.u.i.k.p.i.AbstractProblemLoader Creating init config 
43165      DEBUG main            d.u.i.k.p.i.AbstractProblemLoader Init config took 3.02s 
43209      INFO  main            d.u.i.k.p.i.AbstractProblemLoader Replaying proof Simple[Simple::generateByteArray()].JML normal_behavior operation contract.0 
43465      DEBUG main            d.u.i.k.p.i.IntermediateProofReplayer Proof replay took 239.79ms 
43467      DEBUG main            d.u.i.k.p.r.p.TestFile    ... success: reloaded. 
43468      INFO  main            d.u.i.k.p.r.p.TestFile    Now processing file /home/runner/work/key/key/key.core/../key.ui/examples/heap/block_contracts/Simple__getLength.key 
43468      INFO  main            d.u.i.k.p.i.AbstractProblemLoader Loading environment from /home/runner/work/key/key/key.core/../key.ui/examples/heap/block_contracts/Simple__getLength.key 
43469      DEBUG main            d.u.i.k.p.i.AbstractProblemLoader Environment load took 253.5ns 
43470      INFO  main            d.u.i.k.p.i.AbstractProblemLoader Creating init config 
46523      DEBUG main            d.u.i.k.p.i.AbstractProblemLoader Init config took 3.05s 
46565      INFO  main            d.u.i.k.p.i.AbstractProblemLoader Replaying proof Simple[Simple::getLength()].JML normal_behavior operation contract.0 
46567      DEBUG main            d.u.i.k.p.i.IntermediateProofReplayer Proof replay took 10.3ns 
46672      INFO  main            d.u.i.k.p.r.p.TestFile    ... finished proof: closed. 
46921      INFO  main            d.u.i.k.p.i.AbstractProblemLoader Loading environment from /home/runner/work/key/key/key.core/../key.ui/examples/heap/block_contracts/Simple__getLength.key.proof 
46922      DEBUG main            d.u.i.k.p.i.AbstractProblemLoader Environment load took 119.4ns 
46923      INFO  main            d.u.i.k.p.i.AbstractProblemLoader Creating init config 
49903      DEBUG main            d.u.i.k.p.i.AbstractProblemLoader Init config took 2.98s 
49958      INFO  main            d.u.i.k.p.i.AbstractProblemLoader Replaying proof Simple[Simple::getLength()].JML normal_behavior operation contract.0 
49967      DEBUG main            d.u.i.k.p.i.IntermediateProofReplayer Proof replay took 6.92ms 
49968      DEBUG main            d.u.i.k.p.r.p.TestFile    ... success: reloaded. 
49969      INFO  main            d.u.i.k.p.r.p.TestFile    Now processing file /home/runner/work/key/key/key.core/../key.ui/examples/heap/block_contracts/Simple__square.key 
49970      INFO  main            d.u.i.k.p.i.AbstractProblemLoader Loading environment from /home/runner/work/key/key/key.core/../key.ui/examples/heap/block_contracts/Simple__square.key 
49970      DEBUG main            d.u.i.k.p.i.AbstractProblemLoader Environment load took 290.51ns 
49971      INFO  main            d.u.i.k.p.i.AbstractProblemLoader Creating init config 
52979      DEBUG main            d.u.i.k.p.i.AbstractProblemLoader Init config took 3.01s 
53038      INFO  main            d.u.i.k.p.i.AbstractProblemLoader Replaying proof Simple[Simple::square(int)].JML operation contract.0 
53040      DEBUG main            d.u.i.k.p.i.IntermediateProofReplayer Proof replay took 11.8ns 
53344      INFO  main            d.u.i.k.p.r.p.TestFile    ... finished proof: closed. 
53525      INFO  main            d.u.i.k.p.i.AbstractProblemLoader Loading environment from /home/runner/work/key/key/key.core/../key.ui/examples/heap/block_contracts/Simple__square.key.proof 
53525      DEBUG main            d.u.i.k.p.i.AbstractProblemLoader Environment load took 117.2ns 
53526      INFO  main            d.u.i.k.p.i.AbstractProblemLoader Creating init config 
56491      DEBUG main            d.u.i.k.p.i.AbstractProblemLoader Init config took 2.96s 
56533      INFO  main            d.u.i.k.p.i.AbstractProblemLoader Replaying proof Simple[Simple::square(int)].JML operation contract.0 
56678      DEBUG main            d.u.i.k.p.i.IntermediateProofReplayer Proof replay took 133.67ms 
56679      DEBUG main            d.u.i.k.p.r.p.TestFile    ... success: reloaded. 
56681      INFO  main            d.u.i.k.p.r.p.TestFile    Now processing file /home/runner/work/key/key/key.core/../key.ui/examples/heap/block_contracts/Simple__unnecessaryBlockContract.key 
56681      INFO  main            d.u.i.k.p.i.AbstractProblemLoader Loading environment from /home/runner/work/key/key/key.core/../key.ui/examples/heap/block_contracts/Simple__unnecessaryBlockContract.key 
56681      DEBUG main            d.u.i.k.p.i.AbstractProblemLoader Environment load took 125.5ns 
56682      INFO  main            d.u.i.k.p.i.AbstractProblemLoader Creating init config 
59749      DEBUG main            d.u.i.k.p.i.AbstractProblemLoader Init config took 3.07s 
59788      INFO  main            d.u.i.k.p.i.AbstractProblemLoader Replaying proof Simple[Simple::unnecessaryBlockContract()].JML operation contract.0 
59790      DEBUG main            d.u.i.k.p.i.IntermediateProofReplayer Proof replay took 15ns 
59892      INFO  main            d.u.i.k.p.r.p.TestFile    ... finished proof: closed. 
60089      INFO  main            d.u.i.k.p.i.AbstractProblemLoader Loading environment from /home/runner/work/key/key/key.core/../key.ui/examples/heap/block_contracts/Simple__unnecessaryBlockContract.key.proof 
60089      DEBUG main            d.u.i.k.p.i.AbstractProblemLoader Environment load took 157.3ns 
60091      INFO  main            d.u.i.k.p.i.AbstractProblemLoader Creating init config 
63044      DEBUG main            d.u.i.k.p.i.AbstractProblemLoader Init config took 2.95s 
63083      INFO  main            d.u.i.k.p.i.AbstractProblemLoader Replaying proof Simple[Simple::unnecessaryBlockContract()].JML operation contract.0 
63106      DEBUG main            d.u.i.k.p.i.IntermediateProofReplayer Proof replay took 20.74ms 
63107      DEBUG main            d.u.i.k.p.r.p.TestFile    ... success: reloaded. 
63108      INFO  main            d.u.i.k.p.r.p.TestFile    Now processing file /home/runner/work/key/key/key.core/../key.ui/examples/heap/block_contracts/Simple__unnecessaryLoopInvariant.key 
63108      INFO  main            d.u.i.k.p.i.AbstractProblemLoader Loading environment from /home/runner/work/key/key/key.core/../key.ui/examples/heap/block_contracts/Simple__unnecessaryLoopInvariant.key 
63108      DEBUG main            d.u.i.k.p.i.AbstractProblemLoader Environment load took 85.9ns 
63109      INFO  main            d.u.i.k.p.i.AbstractProblemLoader Creating init config 
66172      DEBUG main            d.u.i.k.p.i.AbstractProblemLoader Init config took 3.06s 
66211      INFO  main            d.u.i.k.p.i.AbstractProblemLoader Replaying proof Simple[Simple::unnecessaryLoopInvariant()].JML operation contract.0 
66213      DEBUG main            d.u.i.k.p.i.IntermediateProofReplayer Proof replay took 10.8ns 
66316      INFO  main            d.u.i.k.p.r.p.TestFile    ... finished proof: closed. 
66512      INFO  main            d.u.i.k.p.i.AbstractProblemLoader Loading environment from /home/runner/work/key/key/key.core/../key.ui/examples/heap/block_contracts/Simple__unnecessaryLoopInvariant.key.proof 
66512      DEBUG main            d.u.i.k.p.i.AbstractProblemLoader Environment load took 113.7ns 
66513      INFO  main            d.u.i.k.p.i.AbstractProblemLoader Creating init config 
69469      DEBUG main            d.u.i.k.p.i.AbstractProblemLoader Init config took 2.96s 
69513      INFO  main            d.u.i.k.p.i.AbstractProblemLoader Replaying proof Simple[Simple::unnecessaryLoopInvariant()].JML operation contract.0 
69533      DEBUG main            d.u.i.k.p.i.IntermediateProofReplayer Proof replay took 18.9ms 
69534      DEBUG main            d.u.i.k.p.r.p.TestFile    ... success: reloaded. 
69541      INFO  main            d.u.i.k.p.r.p.TestFile    Now processing file /home/runner/work/key/key/key.core/../key.ui/examples/standard_key/java_dl/jml-assert/assert.key 
69541      INFO  main            d.u.i.k.p.i.AbstractProblemLoader Loading environment from /home/runner/work/key/key/key.core/../key.ui/examples/standard_key/java_dl/jml-assert/assert.key 
69541      DEBUG main            d.u.i.k.p.i.AbstractProblemLoader Environment load took 101.8ns 
69542      INFO  main            d.u.i.k.p.i.AbstractProblemLoader Creating init config 
72213      DEBUG main            d.u.i.k.p.i.AbstractProblemLoader Init config took 2.67s 
72253      INFO  main            d.u.i.k.p.i.AbstractProblemLoader Replaying proof Assert[Assert::createArray(int)].JML normal_behavior operation contract.0 
72255      DEBUG main            d.u.i.k.p.i.IntermediateProofReplayer Proof replay took 5.7ns 
72457      INFO  main            d.u.i.k.p.r.p.TestFile    ... finished proof: closed. 
72634      INFO  main            d.u.i.k.p.i.AbstractProblemLoader Loading environment from /home/runner/work/key/key/key.core/../key.ui/examples/standard_key/java_dl/jml-assert/assert.key.proof 
72634      DEBUG main            d.u.i.k.p.i.AbstractProblemLoader Environment load took 119.6ns 
72635      INFO  main            d.u.i.k.p.i.AbstractProblemLoader Creating init config 
75236      DEBUG main            d.u.i.k.p.i.AbstractProblemLoader Init config took 2.6s 
75284      INFO  main            d.u.i.k.p.i.AbstractProblemLoader Replaying proof Assert[Assert::createArray(int)].JML normal_behavior operation contract.0 
75344      DEBUG main            d.u.i.k.p.i.IntermediateProofReplayer Proof replay took 56.5ms 
75345      DEBUG main            d.u.i.k.p.r.p.TestFile    ... success: reloaded. 
75347      INFO  main            d.u.i.k.p.r.p.TestFile    Now processing file /home/runner/work/key/key/key.core/../key.ui/examples/standard_key/java_dl/jml-assert/assert_assume_order.key 
75348      INFO  main            d.u.i.k.p.i.AbstractProblemLoader Loading environment from /home/runner/work/key/key/key.core/../key.ui/examples/standard_key/java_dl/jml-assert/assert_assume_order.key 
75348      DEBUG main            d.u.i.k.p.i.AbstractProblemLoader Environment load took 256.51ns 
75349      INFO  main            d.u.i.k.p.i.AbstractProblemLoader Creating init config 
77978      DEBUG main            d.u.i.k.p.i.AbstractProblemLoader Init config took 2.63s 
78017      INFO  main            d.u.i.k.p.i.AbstractProblemLoader Replaying proof AssertAssume[AssertAssume::singleAssumeAssert(int)].JML normal_behavior operation contract.0 
78019      DEBUG main            d.u.i.k.p.i.IntermediateProofReplayer Proof replay took 6.6ns 
78120      INFO  main            d.u.i.k.p.r.p.TestFile    ... finished proof: closed. 
78310      INFO  main            d.u.i.k.p.i.AbstractProblemLoader Loading environment from /home/runner/work/key/key/key.core/../key.ui/examples/standard_key/java_dl/jml-assert/assert_assume_order.key.proof 
78310      DEBUG main            d.u.i.k.p.i.AbstractProblemLoader Environment load took 121.6ns 
78311      INFO  main            d.u.i.k.p.i.AbstractProblemLoader Creating init config 
80912      DEBUG main            d.u.i.k.p.i.AbstractProblemLoader Init config took 2.6s 
80950      INFO  main            d.u.i.k.p.i.AbstractProblemLoader Replaying proof AssertAssume[AssertAssume::singleAssumeAssert(int)].JML normal_behavior operation contract.0 
80962      DEBUG main            d.u.i.k.p.i.IntermediateProofReplayer Proof replay took 10.3ms 
80966      DEBUG main            d.u.i.k.p.r.p.TestFile    ... success: reloaded. 
80968      INFO  main            d.u.i.k.p.r.p.TestFile    Now processing file /home/runner/work/key/key/key.core/../key.ui/examples/heap/block_loop_contracts/SimpleVariants/sum_onBlock_external.key 
80969      INFO  main            d.u.i.k.p.i.AbstractProblemLoader Loading environment from /home/runner/work/key/key/key.core/../key.ui/examples/heap/block_loop_contracts/SimpleVariants/sum_onBlock_external.key 
80970      DEBUG main            d.u.i.k.p.i.AbstractProblemLoader Environment load took 1.69ms 
80971      INFO  main            d.u.i.k.p.i.AbstractProblemLoader Creating init config 
83826      DEBUG main            d.u.i.k.p.i.AbstractProblemLoader Init config took 2.85s 
83867      INFO  main            d.u.i.k.p.i.AbstractProblemLoader Replaying proof LoopContractExamplesAll[LoopContractExamplesAll::sum_loopContract_onBlock([I)].JML normal_behavior operation contract.0 
83870      DEBUG main            d.u.i.k.p.i.IntermediateProofReplayer Proof replay took 12.8ns 
83972      INFO  main            d.u.i.k.p.r.p.TestFile    ... finished proof: closed. 
84210      INFO  main            d.u.i.k.p.i.AbstractProblemLoader Loading environment from /home/runner/work/key/key/key.core/../key.ui/examples/heap/block_loop_contracts/SimpleVariants/sum_onBlock_external.key.proof 
84210      DEBUG main            d.u.i.k.p.i.AbstractProblemLoader Environment load took 122.7ns 
84211      INFO  main            d.u.i.k.p.i.AbstractProblemLoader Creating init config 
87001      DEBUG main            d.u.i.k.p.i.AbstractProblemLoader Init config took 2.79s 
87035      INFO  main            d.u.i.k.p.i.AbstractProblemLoader Replaying proof LoopContractExamplesAll[LoopContractExamplesAll::sum_loopContract_onBlock([I)].JML normal_behavior operation contract.0 
87067      DEBUG main            d.u.i.k.p.i.IntermediateProofReplayer Proof replay took 30.12ms 
87068      DEBUG main            d.u.i.k.p.r.p.TestFile    ... success: reloaded. 
87069      INFO  main            d.u.i.k.p.r.p.TestFile    Now processing file /home/runner/work/key/key/key.core/../key.ui/examples/heap/block_loop_contracts/SimpleVariants/sum_onBlock_internal.key 
87069      INFO  main            d.u.i.k.p.i.AbstractProblemLoader Loading environment from /home/runner/work/key/key/key.core/../key.ui/examples/heap/block_loop_contracts/SimpleVariants/sum_onBlock_internal.key 
87069      DEBUG main            d.u.i.k.p.i.AbstractProblemLoader Environment load took 97.6ns 
87070      INFO  main            d.u.i.k.p.i.AbstractProblemLoader Creating init config 
89950      DEBUG main            d.u.i.k.p.i.AbstractProblemLoader Init config took 2.88s 
89985      INFO  main            d.u.i.k.p.i.AbstractProblemLoader Replaying proof LoopContractExamplesAll[LoopContractExamplesAll::sum_loopContract_onBlock([I)].JML normal_behavior operation contract.0 
89987      DEBUG main            d.u.i.k.p.i.IntermediateProofReplayer Proof replay took 13.8ns 
90593      INFO  main            d.u.i.k.p.r.p.TestFile    ... finished proof: closed. 
90872      INFO  main            d.u.i.k.p.i.AbstractProblemLoader Loading environment from /home/runner/work/key/key/key.core/../key.ui/examples/heap/block_loop_contracts/SimpleVariants/sum_onBlock_internal.key.proof 
90872      DEBUG main            d.u.i.k.p.i.AbstractProblemLoader Environment load took 117.1ns 
90873      INFO  main            d.u.i.k.p.i.AbstractProblemLoader Creating init config 
93632      DEBUG main            d.u.i.k.p.i.AbstractProblemLoader Init config took 2.76s 
93671      INFO  main            d.u.i.k.p.i.AbstractProblemLoader Replaying proof LoopContractExamplesAll[LoopContractExamplesAll::sum_loopContract_onBlock([I)].JML normal_behavior operation contract.0 
93902      DEBUG main            d.u.i.k.p.i.IntermediateProofReplayer Proof replay took 227.09ms 
93903      DEBUG main            d.u.i.k.p.r.p.TestFile    ... success: reloaded. 
93904      INFO  main            d.u.i.k.p.r.p.TestFile    Now processing file /home/runner/work/key/key/key.core/../key.ui/examples/heap/block_loop_contracts/SimpleVariants/sum_onBlock_loop.key 
93904      INFO  main            d.u.i.k.p.i.AbstractProblemLoader Loading environment from /home/runner/work/key/key/key.core/../key.ui/examples/heap/block_loop_contracts/SimpleVariants/sum_onBlock_loop.key 
93905      DEBUG main            d.u.i.k.p.i.AbstractProblemLoader Environment load took 276.81ns 
93906      INFO  main            d.u.i.k.p.i.AbstractProblemLoader Creating init config 
96758      DEBUG main            d.u.i.k.p.i.AbstractProblemLoader Init config took 2.85s 
96795      INFO  main            d.u.i.k.p.i.AbstractProblemLoader Replaying proof LoopContractExamplesAll[LoopContractExamplesAll::sum_loopContract_onBlock([I)].JML normal_behavior loop contract.0 
96797      DEBUG main            d.u.i.k.p.i.IntermediateProofReplayer Proof replay took 11.7ns 
97501      INFO  main            d.u.i.k.p.r.p.TestFile    ... finished proof: closed. 
97782      INFO  main            d.u.i.k.p.i.AbstractProblemLoader Loading environment from /home/runner/work/key/key/key.core/../key.ui/examples/heap/block_loop_contracts/SimpleVariants/sum_onBlock_loop.key.proof 
97782      DEBUG main            d.u.i.k.p.i.AbstractProblemLoader Environment load took 119.4ns 
97784      INFO  main            d.u.i.k.p.i.AbstractProblemLoader Creating init config 
100526     DEBUG main            d.u.i.k.p.i.AbstractProblemLoader Init config took 2.74s 
100560     INFO  main            d.u.i.k.p.i.AbstractProblemLoader Replaying proof LoopContractExamplesAll[LoopContractExamplesAll::sum_loopContract_onBlock([I)].JML normal_behavior loop contract.0 
100811     DEBUG main            d.u.i.k.p.i.IntermediateProofReplayer Proof replay took 247.02ms 
100812     DEBUG main            d.u.i.k.p.r.p.TestFile    ... success: reloaded. 
100813     INFO  main            d.u.i.k.p.r.p.TestFile    Now processing file /home/runner/work/key/key/key.core/../key.ui/examples/heap/block_loop_contracts/SimpleVariants/sum_onLoop_external.key 
100814     INFO  main            d.u.i.k.p.i.AbstractProblemLoader Loading environment from /home/runner/work/key/key/key.core/../key.ui/examples/heap/block_loop_contracts/SimpleVariants/sum_onLoop_external.key 
100814     DEBUG main            d.u.i.k.p.i.AbstractProblemLoader Environment load took 234.71ns 
100815     INFO  main            d.u.i.k.p.i.AbstractProblemLoader Creating init config 
103712     DEBUG main            d.u.i.k.p.i.AbstractProblemLoader Init config took 2.9s 
103754     INFO  main            d.u.i.k.p.i.AbstractProblemLoader Replaying proof LoopContractExamplesAll[LoopContractExamplesAll::sum_loopContract_onLoop([I)].JML normal_behavior operation contract.0 
103761     DEBUG main            d.u.i.k.p.i.IntermediateProofReplayer Proof replay took 12.1ns 
103865     INFO  main            d.u.i.k.p.r.p.TestFile    ... finished proof: closed. 
104146     INFO  main            d.u.i.k.p.i.AbstractProblemLoader Loading environment from /home/runner/work/key/key/key.core/../key.ui/examples/heap/block_loop_contracts/SimpleVariants/sum_onLoop_external.key.proof 
104147     DEBUG main            d.u.i.k.p.i.AbstractProblemLoader Environment load took 147.1ns 
104147     INFO  main            d.u.i.k.p.i.AbstractProblemLoader Creating init config 
106877     DEBUG main            d.u.i.k.p.i.AbstractProblemLoader Init config took 2.73s 
106915     INFO  main            d.u.i.k.p.i.AbstractProblemLoader Replaying proof LoopContractExamplesAll[LoopContractExamplesAll::sum_loopContract_onLoop([I)].JML normal_behavior operation contract.0 
106962     DEBUG main            d.u.i.k.p.i.IntermediateProofReplayer Proof replay took 44.08ms 
106963     DEBUG main            d.u.i.k.p.r.p.TestFile    ... success: reloaded. 
106964     INFO  main            d.u.i.k.p.r.p.TestFile    Now processing file /home/runner/work/key/key/key.core/../key.ui/examples/heap/block_loop_contracts/SimpleVariants/sum_onLoop_internal.key 
106964     INFO  main            d.u.i.k.p.i.AbstractProblemLoader Loading environment from /home/runner/work/key/key/key.core/../key.ui/examples/heap/block_loop_contracts/SimpleVariants/sum_onLoop_internal.key 
106964     DEBUG main            d.u.i.k.p.i.AbstractProblemLoader Environment load took 83.3ns 
106965     INFO  main            d.u.i.k.p.i.AbstractProblemLoader Creating init config 
109789     DEBUG main            d.u.i.k.p.i.AbstractProblemLoader Init config took 2.82s 
109823     INFO  main            d.u.i.k.p.i.AbstractProblemLoader Replaying proof LoopContractExamplesAll[LoopContractExamplesAll::sum_loopContract_onLoop([I)].JML normal_behavior operation contract.0 
109825     DEBUG main            d.u.i.k.p.i.IntermediateProofReplayer Proof replay took 12.6ns 
110429     INFO  main            d.u.i.k.p.r.p.TestFile    ... finished proof: closed. 
110675     INFO  main            d.u.i.k.p.i.AbstractProblemLoader Loading environment from /home/runner/work/key/key/key.core/../key.ui/examples/heap/block_loop_contracts/SimpleVariants/sum_onLoop_internal.key.proof 
110676     DEBUG main            d.u.i.k.p.i.AbstractProblemLoader Environment load took 652.41ns 
110677     INFO  main            d.u.i.k.p.i.AbstractProblemLoader Creating init config 
113418     DEBUG main            d.u.i.k.p.i.AbstractProblemLoader Init config took 2.74s 
113465     INFO  main            d.u.i.k.p.i.AbstractProblemLoader Replaying proof LoopContractExamplesAll[LoopContractExamplesAll::sum_loopContract_onLoop([I)].JML normal_behavior operation contract.0 
113703     DEBUG main            d.u.i.k.p.i.IntermediateProofReplayer Proof replay took 230.12ms 
113704     DEBUG main            d.u.i.k.p.r.p.TestFile    ... success: reloaded. 
113705     INFO  main            d.u.i.k.p.r.p.TestFile    Now processing file /home/runner/work/key/key/key.core/../key.ui/examples/heap/block_loop_contracts/SimpleVariants/sum_onLoop_loop.key 
113706     INFO  main            d.u.i.k.p.i.AbstractProblemLoader Loading environment from /home/runner/work/key/key/key.core/../key.ui/examples/heap/block_loop_contracts/SimpleVariants/sum_onLoop_loop.key 
113706     DEBUG main            d.u.i.k.p.i.AbstractProblemLoader Environment load took 247.51ns 
113707     INFO  main            d.u.i.k.p.i.AbstractProblemLoader Creating init config 
116565     DEBUG main            d.u.i.k.p.i.AbstractProblemLoader Init config took 2.86s 
116600     INFO  main            d.u.i.k.p.i.AbstractProblemLoader Replaying proof LoopContractExamplesAll[LoopContractExamplesAll::sum_loopContract_onLoop([I)].JML normal_behavior loop contract.0 
116602     DEBUG main            d.u.i.k.p.i.IntermediateProofReplayer Proof replay took 12.3ns 
117305     INFO  main            d.u.i.k.p.r.p.TestFile    ... finished proof: closed. 
117605     INFO  main            d.u.i.k.p.i.AbstractProblemLoader Loading environment from /home/runner/work/key/key/key.core/../key.ui/examples/heap/block_loop_contracts/SimpleVariants/sum_onLoop_loop.key.proof 
117605     DEBUG main            d.u.i.k.p.i.AbstractProblemLoader Environment load took 159.4ns 
117606     INFO  main            d.u.i.k.p.i.AbstractProblemLoader Creating init config 
120328     DEBUG main            d.u.i.k.p.i.AbstractProblemLoader Init config took 2.72s 
120362     INFO  main            d.u.i.k.p.i.AbstractProblemLoader Replaying proof LoopContractExamplesAll[LoopContractExamplesAll::sum_loopContract_onLoop([I)].JML normal_behavior loop contract.0 
120589     DEBUG main            d.u.i.k.p.i.IntermediateProofReplayer Proof replay took 223.1ms 
120590     DEBUG main            d.u.i.k.p.r.p.TestFile    ... success: reloaded. 
120591     INFO  main            d.u.i.k.p.r.p.TestFile    Now processing file /home/runner/work/key/key/key.core/../key.ui/examples/heap/block_loop_contracts/Free/blockContracts0.key 
120592     INFO  main            d.u.i.k.p.i.AbstractProblemLoader Loading environment from /home/runner/work/key/key/key.core/../key.ui/examples/heap/block_loop_contracts/Free/blockContracts0.key 
120592     DEBUG main            d.u.i.k.p.i.AbstractProblemLoader Environment load took 125.4ns 
120593     INFO  main            d.u.i.k.p.i.AbstractProblemLoader Creating init config 
123107     DEBUG main            d.u.i.k.p.i.AbstractProblemLoader Init config took 2.51s 
123140     INFO  main            d.u.i.k.p.i.AbstractProblemLoader Replaying proof FreeConditions[FreeConditions::blockContract0()].JML normal_behavior operation contract.0 
123141     DEBUG main            d.u.i.k.p.i.IntermediateProofReplayer Proof replay took 23.1ns 
123243     INFO  main            d.u.i.k.p.r.p.TestFile    ... finished proof: closed. 
123523     INFO  main            d.u.i.k.p.i.AbstractProblemLoader Loading environment from /home/runner/work/key/key/key.core/../key.ui/examples/heap/block_loop_contracts/Free/blockContracts0.key.proof 
123523     DEBUG main            d.u.i.k.p.i.AbstractProblemLoader Environment load took 109.4ns 
123524     INFO  main            d.u.i.k.p.i.AbstractProblemLoader Creating init config 
125944     DEBUG main            d.u.i.k.p.i.AbstractProblemLoader Init config took 2.42s 
125977     INFO  main            d.u.i.k.p.i.AbstractProblemLoader Replaying proof FreeConditions[FreeConditions::blockContract0()].JML normal_behavior operation contract.0 
125998     DEBUG main            d.u.i.k.p.i.IntermediateProofReplayer Proof replay took 19.29ms 
125999     DEBUG main            d.u.i.k.p.r.p.TestFile    ... success: reloaded. 
126000     INFO  main            d.u.i.k.p.r.p.TestFile    Now processing file /home/runner/work/key/key/key.core/../key.ui/examples/heap/block_loop_contracts/Free/blockContracts1.key 
126000     INFO  main            d.u.i.k.p.i.AbstractProblemLoader Loading environment from /home/runner/work/key/key/key.core/../key.ui/examples/heap/block_loop_contracts/Free/blockContracts1.key 
126000     DEBUG main            d.u.i.k.p.i.AbstractProblemLoader Environment load took 102ns 
126001     INFO  main            d.u.i.k.p.i.AbstractProblemLoader Creating init config 
128469     DEBUG main            d.u.i.k.p.i.AbstractProblemLoader Init config took 2.47s 
128503     INFO  main            d.u.i.k.p.i.AbstractProblemLoader Replaying proof FreeConditions[FreeConditions::blockContract1()].JML normal_behavior operation contract.0 
128505     DEBUG main            d.u.i.k.p.i.IntermediateProofReplayer Proof replay took 12.6ns 
128608     INFO  main            d.u.i.k.p.r.p.TestFile    ... finished proof: closed. 
128872     INFO  main            d.u.i.k.p.i.AbstractProblemLoader Loading environment from /home/runner/work/key/key/key.core/../key.ui/examples/heap/block_loop_contracts/Free/blockContracts1.key.proof 
128872     DEBUG main            d.u.i.k.p.i.AbstractProblemLoader Environment load took 110.7ns 
128873     INFO  main            d.u.i.k.p.i.AbstractProblemLoader Creating init config 
131284     DEBUG main            d.u.i.k.p.i.AbstractProblemLoader Init config took 2.41s 
131319     INFO  main            d.u.i.k.p.i.AbstractProblemLoader Replaying proof FreeConditions[FreeConditions::blockContract1()].JML normal_behavior operation contract.0 
131341     DEBUG main            d.u.i.k.p.i.IntermediateProofReplayer Proof replay took 18.07ms 
131342     DEBUG main            d.u.i.k.p.r.p.TestFile    ... success: reloaded. 
131343     INFO  main            d.u.i.k.p.r.p.TestFile    Now processing file /home/runner/work/key/key/key.core/../key.ui/examples/heap/block_loop_contracts/Finally/block_finally.key 
131344     INFO  main            d.u.i.k.p.i.AbstractProblemLoader Loading environment from /home/runner/work/key/key/key.core/../key.ui/examples/heap/block_loop_contracts/Finally/block_finally.key 
131344     DEBUG main            d.u.i.k.p.i.AbstractProblemLoader Environment load took 223.6ns 
131345     INFO  main            d.u.i.k.p.i.AbstractProblemLoader Creating init config 
133840     DEBUG main            d.u.i.k.p.i.AbstractProblemLoader Init config took 2.5s 
133880     INFO  main            d.u.i.k.p.i.AbstractProblemLoader Replaying proof AuxiliaryContractsFinally[AuxiliaryContractsFinally::breakThrowContinueBlockContract(java.lang.Exception)].JML block contract.0 
133882     DEBUG main            d.u.i.k.p.i.IntermediateProofReplayer Proof replay took 11.9ns 
134386     INFO  main            d.u.i.k.p.r.p.TestFile    ... finished proof: open goal(s) 
134714     INFO  main            d.u.i.k.p.r.p.TestFile    Now processing file /home/runner/work/key/key/key.core/../key.ui/examples/heap/block_loop_contracts/Finally/loop_finally.key 
134715     INFO  main            d.u.i.k.p.i.AbstractProblemLoader Loading environment from /home/runner/work/key/key/key.core/../key.ui/examples/heap/block_loop_contracts/Finally/loop_finally.key 
134715     DEBUG main            d.u.i.k.p.i.AbstractProblemLoader Environment load took 113.2ns 
134716     INFO  main            d.u.i.k.p.i.AbstractProblemLoader Creating init config 
137137     DEBUG main            d.u.i.k.p.i.AbstractProblemLoader Init config took 2.42s 
137178     INFO  main            d.u.i.k.p.i.AbstractProblemLoader Replaying proof AuxiliaryContractsFinally[AuxiliaryContractsFinally::breakThrowContinueLoopContract(java.lang.Exception)].JML normal_behavior loop contract.0 
137182     DEBUG main            d.u.i.k.p.i.IntermediateProofReplayer Proof replay took 12.8ns 
137791     INFO  main            d.u.i.k.p.r.p.TestFile    ... finished proof: open goal(s) 
623017     INFO  Test worker     d.u.i.k.p.r.RunAllProofsTestUnit Returning from test blockContracts 
623018     INFO  Test worker     d.u.i.k.p.r.RunAllProofsTestUnit Running test jmlAsserts 
326        INFO  Timeout watchdog d.u.i.k.p.r.p.ForkedTestFileRunner Timeout watcher launched (2000 secs.) 
338        WARN  main            d.u.i.k.s.ProofSettings   The settings in /home/runner/.key/proof-settings.props are *not* read. 
365        INFO  main            d.u.i.k.p.r.p.TestFile    Now processing file /home/runner/work/key/key/key.core/../key.ui/examples/standard_key/java_dl/jml-assert/assert.key 
471        INFO  main            d.u.i.k.p.i.AbstractProblemLoader Loading environment from /home/runner/work/key/key/key.core/../key.ui/examples/standard_key/java_dl/jml-assert/assert.key 
497        DEBUG main            d.u.i.k.p.i.AbstractProblemLoader Environment load took 2.09ms 
721        INFO  main            d.u.i.k.p.i.AbstractProblemLoader Creating init config 
1553       DEBUG main            d.u.i.k.j.TypeConverter   No LDT found for Meta 
1554       DEBUG main            d.u.i.k.j.TypeConverter   No LDT found for Meta 
1555       DEBUG main            d.u.i.k.j.TypeConverter   No LDT found for Meta 
1556       DEBUG main            d.u.i.k.j.TypeConverter   No LDT found for Meta 
3055       DEBUG main            d.u.i.k.j.TypeConverter   No LDT found for JavaBigintExpression 
8040       DEBUG main            d.u.i.k.p.i.AbstractProblemLoader Init config took 7.32s 
8166       INFO  main            d.u.i.k.p.i.AbstractProblemLoader Replaying proof Assert[Assert::createArray(int)].JML normal_behavior operation contract.0 
8198       DEBUG main            d.u.i.k.p.i.IntermediateProofReplayer Proof replay took 33ns 
9129       INFO  main            d.u.i.k.p.r.p.TestFile    ... finished proof: closed. 
9257       INFO  main            d.u.i.k.p.i.AbstractProblemLoader Loading environment from /home/runner/work/key/key/key.core/../key.ui/examples/standard_key/java_dl/jml-assert/assert.key.proof 
9259       DEBUG main            d.u.i.k.p.i.AbstractProblemLoader Environment load took 1.23ms 
9263       INFO  main            d.u.i.k.p.i.AbstractProblemLoader Creating init config 
12159      DEBUG main            d.u.i.k.p.i.AbstractProblemLoader Init config took 2.9s 
12252      INFO  main            d.u.i.k.p.i.AbstractProblemLoader Replaying proof Assert[Assert::createArray(int)].JML normal_behavior operation contract.0 
12436      DEBUG main            d.u.i.k.p.i.IntermediateProofReplayer Proof replay took 170.66ms 
12444      DEBUG main            d.u.i.k.p.r.p.TestFile    ... success: reloaded. 
12447      INFO  main            d.u.i.k.p.r.p.TestFile    Now processing file /home/runner/work/key/key/key.core/../key.ui/examples/heap/block_loop_contracts/Free/assertions0.key 
12447      INFO  main            d.u.i.k.p.i.AbstractProblemLoader Loading environment from /home/runner/work/key/key/key.core/../key.ui/examples/heap/block_loop_contracts/Free/assertions0.key 
12447      DEBUG main            d.u.i.k.p.i.AbstractProblemLoader Environment load took 120ns 
12452      INFO  main            d.u.i.k.p.i.AbstractProblemLoader Creating init config 
15171      DEBUG main            d.u.i.k.p.i.AbstractProblemLoader Init config took 2.72s 
15227      INFO  main            d.u.i.k.p.i.AbstractProblemLoader Replaying proof FreeConditions[FreeConditions::assertions0()].JML normal_behavior operation contract.0 
15230      DEBUG main            d.u.i.k.p.i.IntermediateProofReplayer Proof replay took 12.4ns 
15332      INFO  main            d.u.i.k.p.r.p.TestFile    ... finished proof: closed. 
15454      INFO  main            d.u.i.k.p.i.AbstractProblemLoader Loading environment from /home/runner/work/key/key/key.core/../key.ui/examples/heap/block_loop_contracts/Free/assertions0.key.proof 
15455      DEBUG main            d.u.i.k.p.i.AbstractProblemLoader Environment load took 127.1ns 
15456      INFO  main            d.u.i.k.p.i.AbstractProblemLoader Creating init config 
17992      DEBUG main            d.u.i.k.p.i.AbstractProblemLoader Init config took 2.54s 
18041      INFO  main            d.u.i.k.p.i.AbstractProblemLoader Replaying proof FreeConditions[FreeConditions::assertions0()].JML normal_behavior operation contract.0 
18066      DEBUG main            d.u.i.k.p.i.IntermediateProofReplayer Proof replay took 22.48ms 
18068      DEBUG main            d.u.i.k.p.r.p.TestFile    ... success: reloaded. 
18069      INFO  main            d.u.i.k.p.r.p.TestFile    Now processing file /home/runner/work/key/key/key.core/../key.ui/examples/heap/block_loop_contracts/Free/assertions1.key 
18069      INFO  main            d.u.i.k.p.i.AbstractProblemLoader Loading environment from /home/runner/work/key/key/key.core/../key.ui/examples/heap/block_loop_contracts/Free/assertions1.key 
18070      DEBUG main            d.u.i.k.p.i.AbstractProblemLoader Environment load took 274.51ns 
18071      INFO  main            d.u.i.k.p.i.AbstractProblemLoader Creating init config 
20596      DEBUG main            d.u.i.k.p.i.AbstractProblemLoader Init config took 2.53s 
20644      INFO  main            d.u.i.k.p.i.AbstractProblemLoader Replaying proof FreeConditions[FreeConditions::assertions1()].JML normal_behavior operation contract.0 
20646      DEBUG main            d.u.i.k.p.i.IntermediateProofReplayer Proof replay took 13.9ns 
20752      INFO  main            d.u.i.k.p.r.p.TestFile    ... finished proof: closed. 
20900      INFO  main            d.u.i.k.p.i.AbstractProblemLoader Loading environment from /home/runner/work/key/key/key.core/../key.ui/examples/heap/block_loop_contracts/Free/assertions1.key.proof 
20900      DEBUG main            d.u.i.k.p.i.AbstractProblemLoader Environment load took 123.7ns 
20901      INFO  main            d.u.i.k.p.i.AbstractProblemLoader Creating init config 
23409      DEBUG main            d.u.i.k.p.i.AbstractProblemLoader Init config took 2.51s 
23455      INFO  main            d.u.i.k.p.i.AbstractProblemLoader Replaying proof FreeConditions[FreeConditions::assertions1()].JML normal_behavior operation contract.0 
23462      DEBUG main            d.u.i.k.p.i.IntermediateProofReplayer Proof replay took 5.29ms 
23463      DEBUG main            d.u.i.k.p.r.p.TestFile    ... success: reloaded. 
23465      INFO  main            d.u.i.k.p.r.p.TestFile    Now processing file /home/runner/work/key/key/key.core/../key.ui/examples/standard_key/java_dl/jml-assert/recursion-assert.key 
23465      INFO  main            d.u.i.k.p.i.AbstractProblemLoader Loading environment from /home/runner/work/key/key/key.core/../key.ui/examples/standard_key/java_dl/jml-assert/recursion-assert.key 
23466      DEBUG main            d.u.i.k.p.i.AbstractProblemLoader Environment load took 280.41ns 
23467      INFO  main            d.u.i.k.p.i.AbstractProblemLoader Creating init config 
26098      DEBUG main            d.u.i.k.p.i.AbstractProblemLoader Init config took 2.63s 
26146      INFO  main            d.u.i.k.p.i.AbstractProblemLoader Replaying proof RecursiveMethod[RecursiveMethod::fac1(int)].JML normal_behavior operation contract.0 
26148      DEBUG main            d.u.i.k.p.i.IntermediateProofReplayer Proof replay took 6.3ns 
26353      INFO  main            d.u.i.k.p.r.p.TestFile    ... finished proof: closed. 
26523      INFO  main            d.u.i.k.p.i.AbstractProblemLoader Loading environment from /home/runner/work/key/key/key.core/../key.ui/examples/standard_key/java_dl/jml-assert/recursion-assert.key.proof 
26524      DEBUG main            d.u.i.k.p.i.AbstractProblemLoader Environment load took 502.41ns 
26526      INFO  main            d.u.i.k.p.i.AbstractProblemLoader Creating init config 
29123      DEBUG main            d.u.i.k.p.i.AbstractProblemLoader Init config took 2.6s 
29181      INFO  main            d.u.i.k.p.i.AbstractProblemLoader Replaying proof RecursiveMethod[RecursiveMethod::fac1(int)].JML normal_behavior operation contract.0 
29225      DEBUG main            d.u.i.k.p.i.IntermediateProofReplayer Proof replay took 41.21ms 
29226      DEBUG main            d.u.i.k.p.r.p.TestFile    ... success: reloaded. 
29227      INFO  main            d.u.i.k.p.r.p.TestFile    Now processing file /home/runner/work/key/key/key.core/../key.ui/examples/standard_key/java_dl/jml-assert/recursion-assume.key 
29228      INFO  main            d.u.i.k.p.i.AbstractProblemLoader Loading environment from /home/runner/work/key/key/key.core/../key.ui/examples/standard_key/java_dl/jml-assert/recursion-assume.key 
29228      DEBUG main            d.u.i.k.p.i.AbstractProblemLoader Environment load took 120.6ns 
29229      INFO  main            d.u.i.k.p.i.AbstractProblemLoader Creating init config 
31856      DEBUG main            d.u.i.k.p.i.AbstractProblemLoader Init config took 2.63s 
31901      INFO  main            d.u.i.k.p.i.AbstractProblemLoader Replaying proof RecursiveMethod[RecursiveMethod::fac2(int)].JML normal_behavior operation contract.0 
31902      DEBUG main            d.u.i.k.p.i.IntermediateProofReplayer Proof replay took 5.4ns 
32105      INFO  main            d.u.i.k.p.r.p.TestFile    ... finished proof: closed. 
32274      INFO  main            d.u.i.k.p.i.AbstractProblemLoader Loading environment from /home/runner/work/key/key/key.core/../key.ui/examples/standard_key/java_dl/jml-assert/recursion-assume.key.proof 
32274      DEBUG main            d.u.i.k.p.i.AbstractProblemLoader Environment load took 126ns 
32275      INFO  main            d.u.i.k.p.i.AbstractProblemLoader Creating init config 
34824      DEBUG main            d.u.i.k.p.i.AbstractProblemLoader Init config took 2.55s 
34869      INFO  main            d.u.i.k.p.i.AbstractProblemLoader Replaying proof RecursiveMethod[RecursiveMethod::fac2(int)].JML normal_behavior operation contract.0 
34909      DEBUG main            d.u.i.k.p.i.IntermediateProofReplayer Proof replay took 36.9ms 
34910      DEBUG main            d.u.i.k.p.r.p.TestFile    ... success: reloaded. 
34923      INFO  main            d.u.i.k.p.r.p.TestFile    Now processing file /home/runner/work/key/key/key.core/../key.ui/examples/standard_key/java_dl/jml-assert/quantor-assert.key 
34924      INFO  main            d.u.i.k.p.i.AbstractProblemLoader Loading environment from /home/runner/work/key/key/key.core/../key.ui/examples/standard_key/java_dl/jml-assert/quantor-assert.key 
34924      DEBUG main            d.u.i.k.p.i.AbstractProblemLoader Environment load took 300.61ns 
34925      INFO  main            d.u.i.k.p.i.AbstractProblemLoader Creating init config 
37487      DEBUG main            d.u.i.k.p.i.AbstractProblemLoader Init config took 2.56s 
37531      INFO  main            d.u.i.k.p.i.AbstractProblemLoader Replaying proof Quantor[Quantor::square1(int)].JML normal_behavior operation contract.0 
37533      DEBUG main            d.u.i.k.p.i.IntermediateProofReplayer Proof replay took 7.1ns 
37636      INFO  main            d.u.i.k.p.r.p.TestFile    ... finished proof: closed. 
37815      INFO  main            d.u.i.k.p.i.AbstractProblemLoader Loading environment from /home/runner/work/key/key/key.core/../key.ui/examples/standard_key/java_dl/jml-assert/quantor-assert.key.proof 
37816      DEBUG main            d.u.i.k.p.i.AbstractProblemLoader Environment load took 128.2ns 
37817      INFO  main            d.u.i.k.p.i.AbstractProblemLoader Creating init config 
40374      DEBUG main            d.u.i.k.p.i.AbstractProblemLoader Init config took 2.56s 
40418      INFO  main            d.u.i.k.p.i.AbstractProblemLoader Replaying proof Quantor[Quantor::square1(int)].JML normal_behavior operation contract.0 
40437      DEBUG main            d.u.i.k.p.i.IntermediateProofReplayer Proof replay took 16.45ms 
40438      DEBUG main            d.u.i.k.p.r.p.TestFile    ... success: reloaded. 
40439      INFO  main            d.u.i.k.p.r.p.TestFile    Now processing file /home/runner/work/key/key/key.core/../key.ui/examples/standard_key/java_dl/jml-assert/quantor-assume.key 
40440      INFO  main            d.u.i.k.p.i.AbstractProblemLoader Loading environment from /home/runner/work/key/key/key.core/../key.ui/examples/standard_key/java_dl/jml-assert/quantor-assume.key 
40440      DEBUG main            d.u.i.k.p.i.AbstractProblemLoader Environment load took 256.81ns 
40441      INFO  main            d.u.i.k.p.i.AbstractProblemLoader Creating init config 
43014      DEBUG main            d.u.i.k.p.i.AbstractProblemLoader Init config took 2.57s 
43056      INFO  main            d.u.i.k.p.i.AbstractProblemLoader Replaying proof Quantor[Quantor::square2(int)].JML normal_behavior operation contract.0 
43057      DEBUG main            d.u.i.k.p.i.IntermediateProofReplayer Proof replay took 7ns 
43159      INFO  main            d.u.i.k.p.r.p.TestFile    ... finished proof: closed. 
43413      INFO  main            d.u.i.k.p.i.AbstractProblemLoader Loading environment from /home/runner/work/key/key/key.core/../key.ui/examples/standard_key/java_dl/jml-assert/quantor-assume.key.proof 
43413      DEBUG main            d.u.i.k.p.i.AbstractProblemLoader Environment load took 121.7ns 
43415      INFO  main            d.u.i.k.p.i.AbstractProblemLoader Creating init config 
45938      DEBUG main            d.u.i.k.p.i.AbstractProblemLoader Init config took 2.52s 
45988      INFO  main            d.u.i.k.p.i.AbstractProblemLoader Replaying proof Quantor[Quantor::square2(int)].JML normal_behavior operation contract.0 
46007      DEBUG main            d.u.i.k.p.i.IntermediateProofReplayer Proof replay took 16.19ms 
46008      DEBUG main            d.u.i.k.p.r.p.TestFile    ... success: reloaded. 
46009      INFO  main            d.u.i.k.p.r.p.TestFile    Now processing file /home/runner/work/key/key/key.core/../key.ui/examples/standard_key/java_dl/jml-assert/model-methods-static-static.key 
46009      INFO  main            d.u.i.k.p.i.AbstractProblemLoader Loading environment from /home/runner/work/key/key/key.core/../key.ui/examples/standard_key/java_dl/jml-assert/model-methods-static-static.key 
46010      DEBUG main            d.u.i.k.p.i.AbstractProblemLoader Environment load took 235.51ns 
46011      INFO  main            d.u.i.k.p.i.AbstractProblemLoader Creating init config 
48583      DEBUG main            d.u.i.k.p.i.AbstractProblemLoader Init config took 2.57s 
48632      INFO  main            d.u.i.k.p.i.AbstractProblemLoader Replaying proof ModelMethods[ModelMethods::test1()].JML normal_behavior operation contract.0 
48634      DEBUG main            d.u.i.k.p.i.IntermediateProofReplayer Proof replay took 8.1ns 
48737      INFO  main            d.u.i.k.p.r.p.TestFile    ... finished proof: closed. 
48926      INFO  main            d.u.i.k.p.i.AbstractProblemLoader Loading environment from /home/runner/work/key/key/key.core/../key.ui/examples/standard_key/java_dl/jml-assert/model-methods-static-static.key.proof 
48926      DEBUG main            d.u.i.k.p.i.AbstractProblemLoader Environment load took 125.8ns 
48927      INFO  main            d.u.i.k.p.i.AbstractProblemLoader Creating init config 
51456      DEBUG main            d.u.i.k.p.i.AbstractProblemLoader Init config took 2.53s 
51505      INFO  main            d.u.i.k.p.i.AbstractProblemLoader Replaying proof ModelMethods[ModelMethods::test1()].JML normal_behavior operation contract.0 
51514      DEBUG main            d.u.i.k.p.i.IntermediateProofReplayer Proof replay took 7.38ms 
51515      DEBUG main            d.u.i.k.p.r.p.TestFile    ... success: reloaded. 
51516      INFO  main            d.u.i.k.p.r.p.TestFile    Now processing file /home/runner/work/key/key/key.core/../key.ui/examples/standard_key/java_dl/jml-assert/model-methods-instance-static.key 
51516      INFO  main            d.u.i.k.p.i.AbstractProblemLoader Loading environment from /home/runner/work/key/key/key.core/../key.ui/examples/standard_key/java_dl/jml-assert/model-methods-instance-static.key 
51516      DEBUG main            d.u.i.k.p.i.AbstractProblemLoader Environment load took 93.3ns 
51517      INFO  main            d.u.i.k.p.i.AbstractProblemLoader Creating init config 
54125      DEBUG main            d.u.i.k.p.i.AbstractProblemLoader Init config took 2.61s 
54165      INFO  main            d.u.i.k.p.i.AbstractProblemLoader Replaying proof ModelMethods[ModelMethods::test2()].JML normal_behavior operation contract.0 
54167      DEBUG main            d.u.i.k.p.i.IntermediateProofReplayer Proof replay took 7.6ns 
54272      INFO  main            d.u.i.k.p.r.p.TestFile    ... finished proof: closed. 
54503      INFO  main            d.u.i.k.p.i.AbstractProblemLoader Loading environment from /home/runner/work/key/key/key.core/../key.ui/examples/standard_key/java_dl/jml-assert/model-methods-instance-static.key.proof 
54503      DEBUG main            d.u.i.k.p.i.AbstractProblemLoader Environment load took 121.2ns 
54504      INFO  main            d.u.i.k.p.i.AbstractProblemLoader Creating init config 
56984      DEBUG main            d.u.i.k.p.i.AbstractProblemLoader Init config took 2.48s 
57023      INFO  main            d.u.i.k.p.i.AbstractProblemLoader Replaying proof ModelMethods[ModelMethods::test2()].JML normal_behavior operation contract.0 
57046      DEBUG main            d.u.i.k.p.i.IntermediateProofReplayer Proof replay took 8.93ms 
57047      DEBUG main            d.u.i.k.p.r.p.TestFile    ... success: reloaded. 
57049      INFO  main            d.u.i.k.p.r.p.TestFile    Now processing file /home/runner/work/key/key/key.core/../key.ui/examples/standard_key/java_dl/jml-assert/model-methods-instance-instance.key 
57049      INFO  main            d.u.i.k.p.i.AbstractProblemLoader Loading environment from /home/runner/work/key/key/key.core/../key.ui/examples/standard_key/java_dl/jml-assert/model-methods-instance-instance.key 
57049      DEBUG main            d.u.i.k.p.i.AbstractProblemLoader Environment load took 238.81ns 
57050      INFO  main            d.u.i.k.p.i.AbstractProblemLoader Creating init config 
59592      DEBUG main            d.u.i.k.p.i.AbstractProblemLoader Init config took 2.54s 
59630      INFO  main            d.u.i.k.p.i.AbstractProblemLoader Replaying proof ModelMethods[ModelMethods::test3()].JML normal_behavior operation contract.0 
59631      DEBUG main            d.u.i.k.p.i.IntermediateProofReplayer Proof replay took 7ns 
59736      INFO  main            d.u.i.k.p.r.p.TestFile    ... finished proof: closed. 
59930      INFO  main            d.u.i.k.p.i.AbstractProblemLoader Loading environment from /home/runner/work/key/key/key.core/../key.ui/examples/standard_key/java_dl/jml-assert/model-methods-instance-instance.key.proof 
59930      DEBUG main            d.u.i.k.p.i.AbstractProblemLoader Environment load took 124.2ns 
59931      INFO  main            d.u.i.k.p.i.AbstractProblemLoader Creating init config 
62414      DEBUG main            d.u.i.k.p.i.AbstractProblemLoader Init config took 2.48s 
62453      INFO  main            d.u.i.k.p.i.AbstractProblemLoader Replaying proof ModelMethods[ModelMethods::test3()].JML normal_behavior operation contract.0 
62465      DEBUG main            d.u.i.k.p.i.IntermediateProofReplayer Proof replay took 10.91ms 
62466      DEBUG main            d.u.i.k.p.r.p.TestFile    ... success: reloaded. 
62467      INFO  main            d.u.i.k.p.r.p.TestFile    Now processing file /home/runner/work/key/key/key.core/../key.ui/examples/standard_key/java_dl/jml-assert/model-methods-static-instance.key 
62468      INFO  main            d.u.i.k.p.i.AbstractProblemLoader Loading environment from /home/runner/work/key/key/key.core/../key.ui/examples/standard_key/java_dl/jml-assert/model-methods-static-instance.key 
62468      DEBUG main            d.u.i.k.p.i.AbstractProblemLoader Environment load took 104.7ns 
62468      INFO  main            d.u.i.k.p.i.AbstractProblemLoader Creating init config 
64997      DEBUG main            d.u.i.k.p.i.AbstractProblemLoader Init config took 2.53s 
65036      INFO  main            d.u.i.k.p.i.AbstractProblemLoader Replaying proof ModelMethods[ModelMethods::test4()].JML normal_behavior operation contract.0 
65037      DEBUG main            d.u.i.k.p.i.IntermediateProofReplayer Proof replay took 6.5ns 
65140      INFO  main            d.u.i.k.p.r.p.TestFile    ... finished proof: closed. 
65341      INFO  main            d.u.i.k.p.i.AbstractProblemLoader Loading environment from /home/runner/work/key/key/key.core/../key.ui/examples/standard_key/java_dl/jml-assert/model-methods-static-instance.key.proof 
65341      DEBUG main            d.u.i.k.p.i.AbstractProblemLoader Environment load took 125.5ns 
65342      INFO  main            d.u.i.k.p.i.AbstractProblemLoader Creating init config 
67824      DEBUG main            d.u.i.k.p.i.AbstractProblemLoader Init config took 2.48s 
67866      INFO  main            d.u.i.k.p.i.AbstractProblemLoader Replaying proof ModelMethods[ModelMethods::test4()].JML normal_behavior operation contract.0 
67901      DEBUG main            d.u.i.k.p.i.IntermediateProofReplayer Proof replay took 32.88ms 
67903      DEBUG main            d.u.i.k.p.r.p.TestFile    ... success: reloaded. 
67904      INFO  main            d.u.i.k.p.r.p.TestFile    Now processing file /home/runner/work/key/key/key.core/../key.ui/examples/standard_key/java_dl/jml-assert/assert-old/inc-field.key 
67904      INFO  main            d.u.i.k.p.i.AbstractProblemLoader Loading environment from /home/runner/work/key/key/key.core/../key.ui/examples/standard_key/java_dl/jml-assert/assert-old/inc-field.key 
67905      DEBUG main            d.u.i.k.p.i.AbstractProblemLoader Environment load took 237.21ns 
67906      INFO  main            d.u.i.k.p.i.AbstractProblemLoader Creating init config 
70412      DEBUG main            d.u.i.k.p.i.AbstractProblemLoader Init config took 2.51s 
70449      INFO  main            d.u.i.k.p.i.AbstractProblemLoader Replaying proof Inc[Inc::inc_field()].JML normal_behavior operation contract.0 
70450      DEBUG main            d.u.i.k.p.i.IntermediateProofReplayer Proof replay took 6.3ns 
70552      INFO  main            d.u.i.k.p.r.p.TestFile    ... finished proof: closed. 
70758      INFO  main            d.u.i.k.p.i.AbstractProblemLoader Loading environment from /home/runner/work/key/key/key.core/../key.ui/examples/standard_key/java_dl/jml-assert/assert-old/inc-field.key.proof 
70758      DEBUG main            d.u.i.k.p.i.AbstractProblemLoader Environment load took 123.4ns 
70761      INFO  main            d.u.i.k.p.i.AbstractProblemLoader Creating init config 
73135      DEBUG main            d.u.i.k.p.i.AbstractProblemLoader Init config took 2.37s 
73171      INFO  main            d.u.i.k.p.i.AbstractProblemLoader Replaying proof Inc[Inc::inc_field()].JML normal_behavior operation contract.0 
73201      DEBUG main            d.u.i.k.p.i.IntermediateProofReplayer Proof replay took 27.93ms 
73202      DEBUG main            d.u.i.k.p.r.p.TestFile    ... success: reloaded. 
73203      INFO  main            d.u.i.k.p.r.p.TestFile    Now processing file /home/runner/work/key/key/key.core/../key.ui/examples/standard_key/java_dl/jml-assert/assert-old/inc-parameter.key 
73203      INFO  main            d.u.i.k.p.i.AbstractProblemLoader Loading environment from /home/runner/work/key/key/key.core/../key.ui/examples/standard_key/java_dl/jml-assert/assert-old/inc-parameter.key 
73203      DEBUG main            d.u.i.k.p.i.AbstractProblemLoader Environment load took 105.3ns 
73204      INFO  main            d.u.i.k.p.i.AbstractProblemLoader Creating init config 
75671      DEBUG main            d.u.i.k.p.i.AbstractProblemLoader Init config took 2.47s 
75708      INFO  main            d.u.i.k.p.i.AbstractProblemLoader Replaying proof Inc[Inc::inc_parameter(int)].JML normal_behavior operation contract.0 
75709      DEBUG main            d.u.i.k.p.i.IntermediateProofReplayer Proof replay took 6.8ns 
75811      INFO  main            d.u.i.k.p.r.p.TestFile    ... finished proof: closed. 
76034      INFO  main            d.u.i.k.p.i.AbstractProblemLoader Loading environment from /home/runner/work/key/key/key.core/../key.ui/examples/standard_key/java_dl/jml-assert/assert-old/inc-parameter.key.proof 
76034      DEBUG main            d.u.i.k.p.i.AbstractProblemLoader Environment load took 123.5ns 
76035      INFO  main            d.u.i.k.p.i.AbstractProblemLoader Creating init config 
78445      DEBUG main            d.u.i.k.p.i.AbstractProblemLoader Init config took 2.41s 
78480      INFO  main            d.u.i.k.p.i.AbstractProblemLoader Replaying proof Inc[Inc::inc_parameter(int)].JML normal_behavior operation contract.0 
78495      DEBUG main            d.u.i.k.p.i.IntermediateProofReplayer Proof replay took 13.57ms 
78496      DEBUG main            d.u.i.k.p.r.p.TestFile    ... success: reloaded. 
78497      INFO  main            d.u.i.k.p.r.p.TestFile    Now processing file /home/runner/work/key/key/key.core/../key.ui/examples/standard_key/java_dl/jml-assert/assert-old/inc-parameter-field.key 
78498      INFO  main            d.u.i.k.p.i.AbstractProblemLoader Loading environment from /home/runner/work/key/key/key.core/../key.ui/examples/standard_key/java_dl/jml-assert/assert-old/inc-parameter-field.key 
78498      DEBUG main            d.u.i.k.p.i.AbstractProblemLoader Environment load took 228.31ns 
78499      INFO  main            d.u.i.k.p.i.AbstractProblemLoader Creating init config 
80915      DEBUG main            d.u.i.k.p.i.AbstractProblemLoader Init config took 2.42s 
80950      INFO  main            d.u.i.k.p.i.AbstractProblemLoader Replaying proof Inc[Inc::inc_parameter_field(Inc)].JML normal_behavior operation contract.0 
80951      DEBUG main            d.u.i.k.p.i.IntermediateProofReplayer Proof replay took 6.9ns 
81155      INFO  main            d.u.i.k.p.r.p.TestFile    ... finished proof: closed. 
81385      INFO  main            d.u.i.k.p.i.AbstractProblemLoader Loading environment from /home/runner/work/key/key/key.core/../key.ui/examples/standard_key/java_dl/jml-assert/assert-old/inc-parameter-field.key.proof 
81385      DEBUG main            d.u.i.k.p.i.AbstractProblemLoader Environment load took 121.8ns 
81386      INFO  main            d.u.i.k.p.i.AbstractProblemLoader Creating init config 
83764      DEBUG main            d.u.i.k.p.i.AbstractProblemLoader Init config took 2.38s 
83800      INFO  main            d.u.i.k.p.i.AbstractProblemLoader Replaying proof Inc[Inc::inc_parameter_field(Inc)].JML normal_behavior operation contract.0 
83833      DEBUG main            d.u.i.k.p.i.IntermediateProofReplayer Proof replay took 31.29ms 
83834      DEBUG main            d.u.i.k.p.r.p.TestFile    ... success: reloaded. 
83835      INFO  main            d.u.i.k.p.r.p.TestFile    Now processing file /home/runner/work/key/key/key.core/../key.ui/examples/standard_key/java_dl/jml-assert/assert-old/inc-ghost-field.key 
83835      INFO  main            d.u.i.k.p.i.AbstractProblemLoader Loading environment from /home/runner/work/key/key/key.core/../key.ui/examples/standard_key/java_dl/jml-assert/assert-old/inc-ghost-field.key 
83839      DEBUG main            d.u.i.k.p.i.AbstractProblemLoader Environment load took 3.66ms 
83840      INFO  main            d.u.i.k.p.i.AbstractProblemLoader Creating init config 
86295      DEBUG main            d.u.i.k.p.i.AbstractProblemLoader Init config took 2.46s 
86330      INFO  main            d.u.i.k.p.i.AbstractProblemLoader Replaying proof Inc[Inc::inc_ghost_field()].JML normal_behavior operation contract.0 
86332      DEBUG main            d.u.i.k.p.i.IntermediateProofReplayer Proof replay took 6.7ns 
86436      INFO  main            d.u.i.k.p.r.p.TestFile    ... finished proof: closed. 
86667      INFO  main            d.u.i.k.p.i.AbstractProblemLoader Loading environment from /home/runner/work/key/key/key.core/../key.ui/examples/standard_key/java_dl/jml-assert/assert-old/inc-ghost-field.key.proof 
86667      DEBUG main            d.u.i.k.p.i.AbstractProblemLoader Environment load took 140.9ns 
86668      INFO  main            d.u.i.k.p.i.AbstractProblemLoader Creating init config 
89027      DEBUG main            d.u.i.k.p.i.AbstractProblemLoader Init config took 2.36s 
89062      INFO  main            d.u.i.k.p.i.AbstractProblemLoader Replaying proof Inc[Inc::inc_ghost_field()].JML normal_behavior operation contract.0 
89091      DEBUG main            d.u.i.k.p.i.IntermediateProofReplayer Proof replay took 26.84ms 
89092      DEBUG main            d.u.i.k.p.r.p.TestFile    ... success: reloaded. 
712275     INFO  Test worker     d.u.i.k.p.r.RunAllProofsTestUnit Returning from test jmlAsserts 
712277     INFO  Test worker     d.u.i.k.p.r.RunAllProofsTestUnit Running test javaCard 
374        INFO  Timeout watchdog d.u.i.k.p.r.p.ForkedTestFileRunner Timeout watcher launched (2000 secs.) 
378        WARN  main            d.u.i.k.s.ProofSettings   The settings in /home/runner/.key/proof-settings.props are *not* read. 
404        INFO  main            d.u.i.k.p.r.p.TestFile    Now processing file /home/runner/work/key/key/key.core/../key.ui/examples/heap/javacard/updateBalance0.key 
507        INFO  main            d.u.i.k.p.i.AbstractProblemLoader Loading environment from /home/runner/work/key/key/key.core/../key.ui/examples/heap/javacard/updateBalance0.key 
538        DEBUG main            d.u.i.k.p.i.AbstractProblemLoader Environment load took 2.19ms 
783        INFO  main            d.u.i.k.p.i.AbstractProblemLoader Creating init config 
1734       DEBUG main            d.u.i.k.j.TypeConverter   No LDT found for Meta 
1734       DEBUG main            d.u.i.k.j.TypeConverter   No LDT found for Meta 
1738       DEBUG main            d.u.i.k.j.TypeConverter   No LDT found for Meta 
1738       DEBUG main            d.u.i.k.j.TypeConverter   No LDT found for Meta 
3664       DEBUG main            d.u.i.k.j.TypeConverter   No LDT found for JavaBigintExpression 
7084       DEBUG main            d.u.i.k.p.i.AbstractProblemLoader Init config took 6.3s 
7203       INFO  main            d.u.i.k.p.i.AbstractProblemLoader Replaying proof Examples[Examples::updateBalance(short)].JML normal_behavior operation contract.0 
7236       DEBUG main            d.u.i.k.p.i.IntermediateProofReplayer Proof replay took 34ns 
8476       INFO  main            d.u.i.k.p.r.p.TestFile    ... finished proof: closed. 
8589       INFO  main            d.u.i.k.p.i.AbstractProblemLoader Loading environment from /home/runner/work/key/key/key.core/../key.ui/examples/heap/javacard/updateBalance0.key.proof 
8590       DEBUG main            d.u.i.k.p.i.AbstractProblemLoader Environment load took 1.43ms 
8596       INFO  main            d.u.i.k.p.i.AbstractProblemLoader Creating init config 
10254      DEBUG main            d.u.i.k.p.i.AbstractProblemLoader Init config took 1.66s 
10308      INFO  main            d.u.i.k.p.i.AbstractProblemLoader Replaying proof Examples[Examples::updateBalance(short)].JML normal_behavior operation contract.0 
10490      DEBUG main            d.u.i.k.p.i.IntermediateProofReplayer Proof replay took 172.51ms 
10497      DEBUG main            d.u.i.k.p.r.p.TestFile    ... success: reloaded. 
10500      INFO  main            d.u.i.k.p.r.p.TestFile    Now processing file /home/runner/work/key/key/key.core/../key.ui/examples/heap/javacard/updateBalance1.key 
10501      INFO  main            d.u.i.k.p.i.AbstractProblemLoader Loading environment from /home/runner/work/key/key/key.core/../key.ui/examples/heap/javacard/updateBalance1.key 
10501      DEBUG main            d.u.i.k.p.i.AbstractProblemLoader Environment load took 319.51ns 
10503      INFO  main            d.u.i.k.p.i.AbstractProblemLoader Creating init config 
12190      DEBUG main            d.u.i.k.p.i.AbstractProblemLoader Init config took 1.69s 
12256      INFO  main            d.u.i.k.p.i.AbstractProblemLoader Replaying proof Examples[Examples::updateBalance(short)].JML normal_behavior operation contract.1 
12262      DEBUG main            d.u.i.k.p.i.IntermediateProofReplayer Proof replay took 6.5ns 
12970      INFO  main            d.u.i.k.p.r.p.TestFile    ... finished proof: closed. 
13096      INFO  main            d.u.i.k.p.i.AbstractProblemLoader Loading environment from /home/runner/work/key/key/key.core/../key.ui/examples/heap/javacard/updateBalance1.key.proof 
13097      DEBUG main            d.u.i.k.p.i.AbstractProblemLoader Environment load took 923.82ns 
13099      INFO  main            d.u.i.k.p.i.AbstractProblemLoader Creating init config 
14700      DEBUG main            d.u.i.k.p.i.AbstractProblemLoader Init config took 1.6s 
14744      INFO  main            d.u.i.k.p.i.AbstractProblemLoader Replaying proof Examples[Examples::updateBalance(short)].JML normal_behavior operation contract.1 
14883      DEBUG main            d.u.i.k.p.i.IntermediateProofReplayer Proof replay took 134.99ms 
14885      DEBUG main            d.u.i.k.p.r.p.TestFile    ... success: reloaded. 
14888      INFO  main            d.u.i.k.p.r.p.TestFile    Now processing file /home/runner/work/key/key/key.core/../key.ui/examples/heap/javacard/setArray1.key 
14888      INFO  main            d.u.i.k.p.i.AbstractProblemLoader Loading environment from /home/runner/work/key/key/key.core/../key.ui/examples/heap/javacard/setArray1.key 
14889      DEBUG main            d.u.i.k.p.i.AbstractProblemLoader Environment load took 282.31ns 
14891      INFO  main            d.u.i.k.p.i.AbstractProblemLoader Creating init config 
16469      DEBUG main            d.u.i.k.p.i.AbstractProblemLoader Init config took 1.58s 
16509      INFO  main            d.u.i.k.p.i.AbstractProblemLoader Replaying proof Examples[Examples::setArray1([B)].JML normal_behavior operation contract.0 
16512      DEBUG main            d.u.i.k.p.i.IntermediateProofReplayer Proof replay took 7.2ns 
17656      INFO  main            d.u.i.k.p.r.p.TestFile    ... finished proof: closed. 
17773      INFO  main            d.u.i.k.p.i.AbstractProblemLoader Loading environment from /home/runner/work/key/key/key.core/../key.ui/examples/heap/javacard/setArray1.key.proof 
17773      DEBUG main            d.u.i.k.p.i.AbstractProblemLoader Environment load took 523.91ns 
17775      INFO  main            d.u.i.k.p.i.AbstractProblemLoader Creating init config 
19308      DEBUG main            d.u.i.k.p.i.AbstractProblemLoader Init config took 1.53s 
19365      INFO  main            d.u.i.k.p.i.AbstractProblemLoader Replaying proof Examples[Examples::setArray1([B)].JML normal_behavior operation contract.0 
19657      DEBUG main            d.u.i.k.p.i.IntermediateProofReplayer Proof replay took 284.58ms 
19660      DEBUG main            d.u.i.k.p.r.p.TestFile    ... success: reloaded. 
19663      INFO  main            d.u.i.k.p.r.p.TestFile    Now processing file /home/runner/work/key/key/key.core/../key.ui/examples/heap/javacard/setArray2.key 
19664      INFO  main            d.u.i.k.p.i.AbstractProblemLoader Loading environment from /home/runner/work/key/key/key.core/../key.ui/examples/heap/javacard/setArray2.key 
19664      DEBUG main            d.u.i.k.p.i.AbstractProblemLoader Environment load took 262.81ns 
19665      INFO  main            d.u.i.k.p.i.AbstractProblemLoader Creating init config 
21257      DEBUG main            d.u.i.k.p.i.AbstractProblemLoader Init config took 1.59s 
21297      INFO  main            d.u.i.k.p.i.AbstractProblemLoader Replaying proof Examples[Examples::setArray2([B)].JML normal_behavior operation contract.0 
21299      DEBUG main            d.u.i.k.p.i.IntermediateProofReplayer Proof replay took 6.9ns 
22404      INFO  main            d.u.i.k.p.r.p.TestFile    ... finished proof: closed. 
22523      INFO  main            d.u.i.k.p.i.AbstractProblemLoader Loading environment from /home/runner/work/key/key/key.core/../key.ui/examples/heap/javacard/setArray2.key.proof 
22523      DEBUG main            d.u.i.k.p.i.AbstractProblemLoader Environment load took 136.9ns 
22524      INFO  main            d.u.i.k.p.i.AbstractProblemLoader Creating init config 
24029      DEBUG main            d.u.i.k.p.i.AbstractProblemLoader Init config took 1.5s 
24068      INFO  main            d.u.i.k.p.i.AbstractProblemLoader Replaying proof Examples[Examples::setArray2([B)].JML normal_behavior operation contract.0 
24264      DEBUG main            d.u.i.k.p.i.IntermediateProofReplayer Proof replay took 190.33ms 
24266      DEBUG main            d.u.i.k.p.r.p.TestFile    ... success: reloaded. 
24268      INFO  main            d.u.i.k.p.r.p.TestFile    Now processing file /home/runner/work/key/key/key.core/../key.ui/examples/heap/javacard/arrayFillNonAtomic.key 
24269      INFO  main            d.u.i.k.p.i.AbstractProblemLoader Loading environment from /home/runner/work/key/key/key.core/../key.ui/examples/heap/javacard/arrayFillNonAtomic.key 
24269      DEBUG main            d.u.i.k.p.i.AbstractProblemLoader Environment load took 232.5ns 
24270      INFO  main            d.u.i.k.p.i.AbstractProblemLoader Creating init config 
25777      DEBUG main            d.u.i.k.p.i.AbstractProblemLoader Init config took 1.51s 
25844      INFO  main            d.u.i.k.p.i.AbstractProblemLoader Replaying proof javacard.framework.Util[javacard.framework.Util::arrayFillNonAtomic([B,short,short,byte)].JML behavior operation contract.0.transaction_inactive 
25846      DEBUG main            d.u.i.k.p.i.IntermediateProofReplayer Proof replay took 6.3ns 
26785      DEBUG Thread-13       d.u.i.k.l.o.ProgramSV     Match failed: Former match of  SchemaVariable incompatible with  the current match. 
26785      DEBUG Thread-13       d.u.i.k.l.o.ProgramSV     Match failed: Former match of  SchemaVariable incompatible with  the current match. 
28146      DEBUG Thread-13       d.u.i.k.l.o.ProgramSV     Match failed: Former match of  SchemaVariable incompatible with  the current match. 
28146      DEBUG Thread-13       d.u.i.k.l.o.ProgramSV     Match failed: Former match of  SchemaVariable incompatible with  the current match. 
29669      INFO  main            d.u.i.k.p.r.p.TestFile    ... finished proof: closed. 
29857      INFO  main            d.u.i.k.p.i.AbstractProblemLoader Loading environment from /home/runner/work/key/key/key.core/../key.ui/examples/heap/javacard/arrayFillNonAtomic.key.proof 
29858      DEBUG main            d.u.i.k.p.i.AbstractProblemLoader Environment load took 1.18ms 
29865      INFO  main            d.u.i.k.p.i.AbstractProblemLoader Creating init config 
31399      DEBUG main            d.u.i.k.p.i.AbstractProblemLoader Init config took 1.53s 
31453      INFO  main            d.u.i.k.p.i.AbstractProblemLoader Replaying proof javacard.framework.Util[javacard.framework.Util::arrayFillNonAtomic([B,short,short,byte)].JML behavior operation contract.0.transaction_inactive 
32292      DEBUG main            d.u.i.k.p.i.IntermediateProofReplayer Proof replay took 822.01ms 
32293      DEBUG main            d.u.i.k.p.r.p.TestFile    ... success: reloaded. 
32294      INFO  main            d.u.i.k.p.r.p.TestFile    Now processing file /home/runner/work/key/key/key.core/../key.ui/examples/heap/coincidence_count/project.key 
32294      INFO  main            d.u.i.k.p.i.AbstractProblemLoader Loading environment from /home/runner/work/key/key/key.core/../key.ui/examples/heap/coincidence_count/project.key 
32295      DEBUG main            d.u.i.k.p.i.AbstractProblemLoader Environment load took 166.7ns 
32296      INFO  main            d.u.i.k.p.i.AbstractProblemLoader Creating init config 
35548      DEBUG main            d.u.i.k.p.i.AbstractProblemLoader Init config took 3.25s 
35596      INFO  main            d.u.i.k.p.i.AbstractProblemLoader Replaying proof CC[CC::calcCoinIndex([I,[I)].JML normal_behavior operation contract.0 
35600      DEBUG main            d.u.i.k.p.i.IntermediateProofReplayer Proof replay took 7.8ns 
53358      INFO  main            d.u.i.k.p.r.p.TestFile    ... finished proof: closed. 
53650      INFO  main            d.u.i.k.p.i.AbstractProblemLoader Loading environment from /home/runner/work/key/key/key.core/../key.ui/examples/heap/coincidence_count/project.key.proof 
53650      DEBUG main            d.u.i.k.p.i.AbstractProblemLoader Environment load took 509.21ns 
53654      INFO  main            d.u.i.k.p.i.AbstractProblemLoader Creating init config 
56133      DEBUG main            d.u.i.k.p.i.AbstractProblemLoader Init config took 2.48s 
56175      INFO  main            d.u.i.k.p.i.AbstractProblemLoader Replaying proof CC[CC::calcCoinIndex([I,[I)].JML normal_behavior operation contract.0 
57206      DEBUG main            d.u.i.k.p.i.IntermediateProofReplayer Proof replay took 970ms 
57209      DEBUG main            d.u.i.k.p.r.p.TestFile    ... success: reloaded. 
57211      INFO  main            d.u.i.k.p.r.p.TestFile    Now processing file /home/runner/work/key/key/key.core/../key.ui/examples/heap/verifyThis11_1_Maximum/project.key 
57211      INFO  main            d.u.i.k.p.i.AbstractProblemLoader Loading environment from /home/runner/work/key/key/key.core/../key.ui/examples/heap/verifyThis11_1_Maximum/project.key 
57211      DEBUG main            d.u.i.k.p.i.AbstractProblemLoader Environment load took 235.71ns 
57213      INFO  main            d.u.i.k.p.i.AbstractProblemLoader Creating init config 
59717      DEBUG main            d.u.i.k.p.i.AbstractProblemLoader Init config took 2.5s 
59757      INFO  main            d.u.i.k.p.i.AbstractProblemLoader Replaying proof Maximum[Maximum::maxIndex([I)].JML normal_behavior operation contract.0 
59759      DEBUG main            d.u.i.k.p.i.IntermediateProofReplayer Proof replay took 6.6ns 
60665      INFO  main            d.u.i.k.p.r.p.TestFile    ... finished proof: closed. 
60931      INFO  main            d.u.i.k.p.i.AbstractProblemLoader Loading environment from /home/runner/work/key/key/key.core/../key.ui/examples/heap/verifyThis11_1_Maximum/project.key.proof 
60931      DEBUG main            d.u.i.k.p.i.AbstractProblemLoader Environment load took 144.3ns 
60932      INFO  main            d.u.i.k.p.i.AbstractProblemLoader Creating init config 
63401      DEBUG main            d.u.i.k.p.i.AbstractProblemLoader Init config took 2.47s 
63446      INFO  main            d.u.i.k.p.i.AbstractProblemLoader Replaying proof Maximum[Maximum::maxIndex([I)].JML normal_behavior operation contract.0 
63640      DEBUG main            d.u.i.k.p.i.IntermediateProofReplayer Proof replay took 187.39ms 
63641      DEBUG main            d.u.i.k.p.r.p.TestFile    ... success: reloaded. 
63642      INFO  main            d.u.i.k.p.r.p.TestFile    Now processing file /home/runner/work/key/key/key.core/../key.ui/examples/heap/fm12_01_LRS/lcp.key 
63643      INFO  main            d.u.i.k.p.i.AbstractProblemLoader Loading environment from /home/runner/work/key/key/key.core/../key.ui/examples/heap/fm12_01_LRS/lcp.key 
63643      DEBUG main            d.u.i.k.p.i.AbstractProblemLoader Environment load took 226.1ns 
63644      INFO  main            d.u.i.k.p.i.AbstractProblemLoader Creating init config 
66673      DEBUG main            d.u.i.k.p.i.AbstractProblemLoader Init config took 3.03s 
66730      INFO  main            d.u.i.k.p.i.AbstractProblemLoader Replaying proof LCP[LCP::lcp([I,int,int)].JML normal_behavior operation contract.0 
66732      DEBUG main            d.u.i.k.p.i.IntermediateProofReplayer Proof replay took 6.9ns 
67656      INFO  main            d.u.i.k.p.r.p.TestFile    ... finished proof: closed. 
67917      INFO  main            d.u.i.k.p.i.AbstractProblemLoader Loading environment from /home/runner/work/key/key/key.core/../key.ui/examples/heap/fm12_01_LRS/lcp.key.proof 
67917      DEBUG main            d.u.i.k.p.i.AbstractProblemLoader Environment load took 492.61ns 
67919      INFO  main            d.u.i.k.p.i.AbstractProblemLoader Creating init config 
70776      DEBUG main            d.u.i.k.p.i.AbstractProblemLoader Init config took 2.86s 
70834      INFO  main            d.u.i.k.p.i.AbstractProblemLoader Replaying proof LCP[LCP::lcp([I,int,int)].JML normal_behavior operation contract.0 
71051      DEBUG main            d.u.i.k.p.i.IntermediateProofReplayer Proof replay took 209.12ms 
71053      DEBUG main            d.u.i.k.p.r.p.TestFile    ... success: reloaded. 
71056      INFO  main            d.u.i.k.p.r.p.TestFile    Now processing file /home/runner/work/key/key/key.core/../key.ui/examples/heap/SemanticSlicing/project.key 
71057      INFO  main            d.u.i.k.p.i.AbstractProblemLoader Loading environment from /home/runner/work/key/key/key.core/../key.ui/examples/heap/SemanticSlicing/project.key 
71057      DEBUG main            d.u.i.k.p.i.AbstractProblemLoader Environment load took 259.21ns 
71058      INFO  main            d.u.i.k.p.i.AbstractProblemLoader Creating init config 
73652      DEBUG main            d.u.i.k.p.i.AbstractProblemLoader Init config took 2.59s 
73702      INFO  main            d.u.i.k.p.i.AbstractProblemLoader Replaying proof unsatcore_after.competition.postcond5.scope333.LRS[unsatcore_after.competition.postcond5.scope333.LRS::doLRS()].JML operation contract.0 
73704      DEBUG main            d.u.i.k.p.i.IntermediateProofReplayer Proof replay took 6.8ns 
77517      INFO  main            d.u.i.k.p.r.p.TestFile    ... finished proof: closed. 
77912      INFO  main            d.u.i.k.p.i.AbstractProblemLoader Loading environment from /home/runner/work/key/key/key.core/../key.ui/examples/heap/SemanticSlicing/project.key.proof 
77913      DEBUG main            d.u.i.k.p.i.AbstractProblemLoader Environment load took 488.51ns 
77915      INFO  main            d.u.i.k.p.i.AbstractProblemLoader Creating init config 
80402      DEBUG main            d.u.i.k.p.i.AbstractProblemLoader Init config took 2.49s 
80452      INFO  main            d.u.i.k.p.i.AbstractProblemLoader Replaying proof unsatcore_after.competition.postcond5.scope333.LRS[unsatcore_after.competition.postcond5.scope333.LRS::doLRS()].JML operation contract.0 
81299      DEBUG main            d.u.i.k.p.i.IntermediateProofReplayer Proof replay took 834.57ms 
81300      DEBUG main            d.u.i.k.p.r.p.TestFile    ... success: reloaded. 
81301      INFO  main            d.u.i.k.p.r.p.TestFile    Now processing file /home/runner/work/key/key/key.core/../key.ui/examples/heap/information_flow/ArrayList_contains.key 
81302      INFO  main            d.u.i.k.p.i.AbstractProblemLoader Loading environment from /home/runner/work/key/key/key.core/../key.ui/examples/heap/information_flow/ArrayList_contains.key 
81302      DEBUG main            d.u.i.k.p.i.AbstractProblemLoader Environment load took 94.5ns 
81303      INFO  main            d.u.i.k.p.i.AbstractProblemLoader Creating init config 
84075      DEBUG main            d.u.i.k.p.i.AbstractProblemLoader Init config took 2.77s 
84125      INFO  main            d.u.i.k.p.i.AbstractProblemLoader Replaying proof ArrayList[ArrayList::get(int)].JML normal_behavior operation contract.0 
84127      DEBUG main            d.u.i.k.p.i.IntermediateProofReplayer Proof replay took 7.1ns 
84430      INFO  main            d.u.i.k.p.r.p.TestFile    ... finished proof: closed. 
84687      INFO  main            d.u.i.k.p.i.AbstractProblemLoader Loading environment from /home/runner/work/key/key/key.core/../key.ui/examples/heap/information_flow/ArrayList_contains.key.proof 
84687      DEBUG main            d.u.i.k.p.i.AbstractProblemLoader Environment load took 125.3ns 
84688      INFO  main            d.u.i.k.p.i.AbstractProblemLoader Creating init config 
87254      DEBUG main            d.u.i.k.p.i.AbstractProblemLoader Init config took 2.57s 
87292      INFO  main            d.u.i.k.p.i.AbstractProblemLoader Replaying proof ArrayList[ArrayList::get(int)].JML normal_behavior operation contract.0 
87345      DEBUG main            d.u.i.k.p.i.IntermediateProofReplayer Proof replay took 50.71ms 
87346      DEBUG main            d.u.i.k.p.r.p.TestFile    ... success: reloaded. 
87347      INFO  main            d.u.i.k.p.r.p.TestFile    Now processing file /home/runner/work/key/key/key.core/../key.ui/examples/heap/information_flow/ArrayList_get.key 
87348      INFO  main            d.u.i.k.p.i.AbstractProblemLoader Loading environment from /home/runner/work/key/key/key.core/../key.ui/examples/heap/information_flow/ArrayList_get.key 
87348      DEBUG main            d.u.i.k.p.i.AbstractProblemLoader Environment load took 249.31ns 
87349      INFO  main            d.u.i.k.p.i.AbstractProblemLoader Creating init config 
90072      DEBUG main            d.u.i.k.p.i.AbstractProblemLoader Init config took 2.72s 
90109      INFO  main            d.u.i.k.p.i.AbstractProblemLoader Replaying proof ArrayList[ArrayList::contains(java.lang.Object)].JML normal_behavior operation contract.0 
90110      DEBUG main            d.u.i.k.p.i.IntermediateProofReplayer Proof replay took 6.8ns 
90947      INFO  main            d.u.i.k.p.r.p.TestFile    ... finished proof: closed. 
91199      INFO  main            d.u.i.k.p.i.AbstractProblemLoader Loading environment from /home/runner/work/key/key/key.core/../key.ui/examples/heap/information_flow/ArrayList_get.key.proof 
91200      DEBUG main            d.u.i.k.p.i.AbstractProblemLoader Environment load took 484.01ns 
91201      INFO  main            d.u.i.k.p.i.AbstractProblemLoader Creating init config 
93809      DEBUG main            d.u.i.k.p.i.AbstractProblemLoader Init config took 2.61s 
93846      INFO  main            d.u.i.k.p.i.AbstractProblemLoader Replaying proof ArrayList[ArrayList::contains(java.lang.Object)].JML normal_behavior operation contract.0 
94003      DEBUG main            d.u.i.k.p.i.IntermediateProofReplayer Proof replay took 153ms 
94005      DEBUG main            d.u.i.k.p.r.p.TestFile    ... success: reloaded. 
94006      INFO  main            d.u.i.k.p.r.p.TestFile    Now processing file /home/runner/work/key/key/key.core/../key.ui/examples/heap/information_flow/ArrayList_size.key 
94006      INFO  main            d.u.i.k.p.i.AbstractProblemLoader Loading environment from /home/runner/work/key/key/key.core/../key.ui/examples/heap/information_flow/ArrayList_size.key 
94006      DEBUG main            d.u.i.k.p.i.AbstractProblemLoader Environment load took 174.4ns 
94007      INFO  main            d.u.i.k.p.i.AbstractProblemLoader Creating init config 
96636      DEBUG main            d.u.i.k.p.i.AbstractProblemLoader Init config took 2.63s 
96672      INFO  main            d.u.i.k.p.i.AbstractProblemLoader Replaying proof ArrayList[ArrayList::size()].JML normal_behavior operation contract.0 
96677      DEBUG main            d.u.i.k.p.i.IntermediateProofReplayer Proof replay took 7.6ns 
96779      INFO  main            d.u.i.k.p.r.p.TestFile    ... finished proof: closed. 
97081      INFO  main            d.u.i.k.p.i.AbstractProblemLoader Loading environment from /home/runner/work/key/key/key.core/../key.ui/examples/heap/information_flow/ArrayList_size.key.proof 
97081      DEBUG main            d.u.i.k.p.i.AbstractProblemLoader Environment load took 123ns 
97082      INFO  main            d.u.i.k.p.i.AbstractProblemLoader Creating init config 
99672      DEBUG main            d.u.i.k.p.i.AbstractProblemLoader Init config took 2.59s 
99716      INFO  main            d.u.i.k.p.i.AbstractProblemLoader Replaying proof ArrayList[ArrayList::size()].JML normal_behavior operation contract.0 
99732      DEBUG main            d.u.i.k.p.i.IntermediateProofReplayer Proof replay took 14.55ms 
99733      DEBUG main            d.u.i.k.p.r.p.TestFile    ... success: reloaded. 
99735      INFO  main            d.u.i.k.p.r.p.TestFile    Now processing file /home/runner/work/key/key/key.core/../key.ui/examples/heap/information_flow/UpdateAbstraction_ex7_3_secure.key 
99735      INFO  main            d.u.i.k.p.i.AbstractProblemLoader Loading environment from /home/runner/work/key/key/key.core/../key.ui/examples/heap/information_flow/UpdateAbstraction_ex7_3_secure.key 
99735      DEBUG main            d.u.i.k.p.i.AbstractProblemLoader Environment load took 221ns 
99736      INFO  main            d.u.i.k.p.i.AbstractProblemLoader Creating init config 
102333     DEBUG main            d.u.i.k.p.i.AbstractProblemLoader Init config took 2.6s 
102368     INFO  main            d.u.i.k.p.i.AbstractProblemLoader Replaying proof UpdateAbstraction[UpdateAbstraction::ex7_3_secure()].JML operation contract.0 
102370     DEBUG main            d.u.i.k.p.i.IntermediateProofReplayer Proof replay took 6.7ns 
102572     INFO  main            d.u.i.k.p.r.p.TestFile    ... finished proof: closed. 
102846     INFO  main            d.u.i.k.p.i.AbstractProblemLoader Loading environment from /home/runner/work/key/key/key.core/../key.ui/examples/heap/information_flow/UpdateAbstraction_ex7_3_secure.key.proof 
102846     DEBUG main            d.u.i.k.p.i.AbstractProblemLoader Environment load took 120.9ns 
102847     INFO  main            d.u.i.k.p.i.AbstractProblemLoader Creating init config 
105407     DEBUG main            d.u.i.k.p.i.AbstractProblemLoader Init config took 2.56s 
105442     INFO  main            d.u.i.k.p.i.AbstractProblemLoader Replaying proof UpdateAbstraction[UpdateAbstraction::ex7_3_secure()].JML operation contract.0 
105473     DEBUG main            d.u.i.k.p.i.IntermediateProofReplayer Proof replay took 28.36ms 
105474     DEBUG main            d.u.i.k.p.r.p.TestFile    ... success: reloaded. 
105474     INFO  main            d.u.i.k.p.r.p.TestFile    Now processing file /home/runner/work/key/key/key.core/../key.ui/examples/heap/information_flow/UpdateAbstraction_ex7_4_secure.key 
105475     INFO  main            d.u.i.k.p.i.AbstractProblemLoader Loading environment from /home/runner/work/key/key/key.core/../key.ui/examples/heap/information_flow/UpdateAbstraction_ex7_4_secure.key 
105475     DEBUG main            d.u.i.k.p.i.AbstractProblemLoader Environment load took 140.7ns 
105476     INFO  main            d.u.i.k.p.i.AbstractProblemLoader Creating init config 
108084     DEBUG main            d.u.i.k.p.i.AbstractProblemLoader Init config took 2.61s 
108128     INFO  main            d.u.i.k.p.i.AbstractProblemLoader Replaying proof UpdateAbstraction[UpdateAbstraction::ex7_4_secure()].JML operation contract.0 
108131     DEBUG main            d.u.i.k.p.i.IntermediateProofReplayer Proof replay took 8.2ns 
108334     INFO  main            d.u.i.k.p.r.p.TestFile    ... finished proof: closed. 
108590     INFO  main            d.u.i.k.p.i.AbstractProblemLoader Loading environment from /home/runner/work/key/key/key.core/../key.ui/examples/heap/information_flow/UpdateAbstraction_ex7_4_secure.key.proof 
108590     DEBUG main            d.u.i.k.p.i.AbstractProblemLoader Environment load took 125.5ns 
108591     INFO  main            d.u.i.k.p.i.AbstractProblemLoader Creating init config 
111156     DEBUG main            d.u.i.k.p.i.AbstractProblemLoader Init config took 2.57s 
111191     INFO  main            d.u.i.k.p.i.AbstractProblemLoader Replaying proof UpdateAbstraction[UpdateAbstraction::ex7_4_secure()].JML operation contract.0 
111235     DEBUG main            d.u.i.k.p.i.IntermediateProofReplayer Proof replay took 42.53ms 
111236     DEBUG main            d.u.i.k.p.r.p.TestFile    ... success: reloaded. 
111237     INFO  main            d.u.i.k.p.r.p.TestFile    Now processing file /home/runner/work/key/key/key.core/../key.ui/examples/heap/information_flow/UpdateAbstraction_ex7_5_secure.key 
111237     INFO  main            d.u.i.k.p.i.AbstractProblemLoader Loading environment from /home/runner/work/key/key/key.core/../key.ui/examples/heap/information_flow/UpdateAbstraction_ex7_5_secure.key 
111237     DEBUG main            d.u.i.k.p.i.AbstractProblemLoader Environment load took 105ns 
111238     INFO  main            d.u.i.k.p.i.AbstractProblemLoader Creating init config 
113899     DEBUG main            d.u.i.k.p.i.AbstractProblemLoader Init config took 2.66s 
113933     INFO  main            d.u.i.k.p.i.AbstractProblemLoader Replaying proof UpdateAbstraction[UpdateAbstraction::ex7_5_secure()].JML operation contract.0 
113934     DEBUG main            d.u.i.k.p.i.IntermediateProofReplayer Proof replay took 6.7ns 
114037     INFO  main            d.u.i.k.p.r.p.TestFile    ... finished proof: closed. 
114311     INFO  main            d.u.i.k.p.i.AbstractProblemLoader Loading environment from /home/runner/work/key/key/key.core/../key.ui/examples/heap/information_flow/UpdateAbstraction_ex7_5_secure.key.proof 
114311     DEBUG main            d.u.i.k.p.i.AbstractProblemLoader Environment load took 130.8ns 
114312     INFO  main            d.u.i.k.p.i.AbstractProblemLoader Creating init config 
116870     DEBUG main            d.u.i.k.p.i.AbstractProblemLoader Init config took 2.56s 
116904     INFO  main            d.u.i.k.p.i.AbstractProblemLoader Replaying proof UpdateAbstraction[UpdateAbstraction::ex7_5_secure()].JML operation contract.0 
116936     DEBUG main            d.u.i.k.p.i.IntermediateProofReplayer Proof replay took 30.3ms 
116937     DEBUG main            d.u.i.k.p.r.p.TestFile    ... success: reloaded. 
116938     INFO  main            d.u.i.k.p.r.p.TestFile    Now processing file /home/runner/work/key/key/key.core/../key.ui/examples/heap/information_flow/UpdateAbstraction_ex7_6_secure.key 
116938     INFO  main            d.u.i.k.p.i.AbstractProblemLoader Loading environment from /home/runner/work/key/key/key.core/../key.ui/examples/heap/information_flow/UpdateAbstraction_ex7_6_secure.key 
116938     DEBUG main            d.u.i.k.p.i.AbstractProblemLoader Environment load took 99.3ns 
116939     INFO  main            d.u.i.k.p.i.AbstractProblemLoader Creating init config 
119540     DEBUG main            d.u.i.k.p.i.AbstractProblemLoader Init config took 2.6s 
119574     INFO  main            d.u.i.k.p.i.AbstractProblemLoader Replaying proof UpdateAbstraction[UpdateAbstraction::ex7_6_secure()].JML operation contract.0 
119576     DEBUG main            d.u.i.k.p.i.IntermediateProofReplayer Proof replay took 6.8ns 
119884     INFO  main            d.u.i.k.p.r.p.TestFile    ... finished proof: closed. 
120154     INFO  main            d.u.i.k.p.i.AbstractProblemLoader Loading environment from /home/runner/work/key/key/key.core/../key.ui/examples/heap/information_flow/UpdateAbstraction_ex7_6_secure.key.proof 
120154     DEBUG main            d.u.i.k.p.i.AbstractProblemLoader Environment load took 126.5ns 
120155     INFO  main            d.u.i.k.p.i.AbstractProblemLoader Creating init config 
122689     DEBUG main            d.u.i.k.p.i.AbstractProblemLoader Init config took 2.53s 
122723     INFO  main            d.u.i.k.p.i.AbstractProblemLoader Replaying proof UpdateAbstraction[UpdateAbstraction::ex7_6_secure()].JML operation contract.0 
122782     DEBUG main            d.u.i.k.p.i.IntermediateProofReplayer Proof replay took 56.96ms 
122783     DEBUG main            d.u.i.k.p.r.p.TestFile    ... success: reloaded. 
122784     INFO  main            d.u.i.k.p.r.p.TestFile    Now processing file /home/runner/work/key/key/key.core/../key.ui/examples/heap/information_flow/UpdateAbstraction_ex9_secure.key 
122785     INFO  main            d.u.i.k.p.i.AbstractProblemLoader Loading environment from /home/runner/work/key/key/key.core/../key.ui/examples/heap/information_flow/UpdateAbstraction_ex9_secure.key 
122785     DEBUG main            d.u.i.k.p.i.AbstractProblemLoader Environment load took 227.11ns 
122786     INFO  main            d.u.i.k.p.i.AbstractProblemLoader Creating init config 
125402     DEBUG main            d.u.i.k.p.i.AbstractProblemLoader Init config took 2.62s 
125435     INFO  main            d.u.i.k.p.i.AbstractProblemLoader Replaying proof UpdateAbstraction[UpdateAbstraction::ex9_secure()].JML operation contract.0 
125436     DEBUG main            d.u.i.k.p.i.IntermediateProofReplayer Proof replay took 6.6ns 
126258     INFO  main            d.u.i.k.p.r.p.TestFile    ... finished proof: closed. 
126581     INFO  main            d.u.i.k.p.i.AbstractProblemLoader Loading environment from /home/runner/work/key/key/key.core/../key.ui/examples/heap/information_flow/UpdateAbstraction_ex9_secure.key.proof 
126581     DEBUG main            d.u.i.k.p.i.AbstractProblemLoader Environment load took 122ns 
126582     INFO  main            d.u.i.k.p.i.AbstractProblemLoader Creating init config 
129125     DEBUG main            d.u.i.k.p.i.AbstractProblemLoader Init config took 2.54s 
129162     INFO  main            d.u.i.k.p.i.AbstractProblemLoader Replaying proof UpdateAbstraction[UpdateAbstraction::ex9_secure()].JML operation contract.0 
129360     DEBUG main            d.u.i.k.p.i.IntermediateProofReplayer Proof replay took 195.01ms 
129362     DEBUG main            d.u.i.k.p.r.p.TestFile    ... success: reloaded. 
841819     INFO  Test worker     d.u.i.k.p.r.RunAllProofsTestUnit Returning from test javaCard 
841821     INFO  Test worker     d.u.i.k.p.r.RunAllProofsTestUnit Running test list 
360        INFO  Timeout watchdog d.u.i.k.p.r.p.ForkedTestFileRunner Timeout watcher launched (2000 secs.) 
381        WARN  main            d.u.i.k.s.ProofSettings   The settings in /home/runner/.key/proof-settings.props are *not* read. 
426        INFO  main            d.u.i.k.p.r.p.TestFile    Now processing file /home/runner/work/key/key/key.core/../key.ui/examples/heap/list/ArrayList_add.key 
545        INFO  main            d.u.i.k.p.i.AbstractProblemLoader Loading environment from /home/runner/work/key/key/key.core/../key.ui/examples/heap/list/ArrayList_add.key 
567        DEBUG main            d.u.i.k.p.i.AbstractProblemLoader Environment load took 1.73ms 
774        INFO  main            d.u.i.k.p.i.AbstractProblemLoader Creating init config 
1755       DEBUG main            d.u.i.k.j.TypeConverter   No LDT found for Meta 
1755       DEBUG main            d.u.i.k.j.TypeConverter   No LDT found for Meta 
1758       DEBUG main            d.u.i.k.j.TypeConverter   No LDT found for Meta 
1758       DEBUG main            d.u.i.k.j.TypeConverter   No LDT found for Meta 
2968       DEBUG main            d.u.i.k.j.TypeConverter   No LDT found for JavaBigintExpression 
6076       DEBUG main            d.u.i.k.j.r.ClassPreparationMethodBuilder clPrepBuilder: Inner Class detected. Reject building class initialisation methods. 
8636       DEBUG main            d.u.i.k.p.i.AbstractProblemLoader Init config took 7.86s 
8775       INFO  main            d.u.i.k.p.i.AbstractProblemLoader Replaying proof ArrayList[List::add(java.lang.Object)].JML normal_behavior operation contract.0 
8851       DEBUG main            d.u.i.k.p.i.IntermediateProofReplayer Proof replay took 32.8ns 
14579      INFO  main            d.u.i.k.p.r.p.TestFile    ... finished proof: closed. 
14816      INFO  main            d.u.i.k.p.i.AbstractProblemLoader Loading environment from /home/runner/work/key/key/key.core/../key.ui/examples/heap/list/ArrayList_add.key.proof 
14816      DEBUG main            d.u.i.k.p.i.AbstractProblemLoader Environment load took 544.81ns 
14819      INFO  main            d.u.i.k.p.i.AbstractProblemLoader Creating init config 
16027      DEBUG main            d.u.i.k.j.r.ClassPreparationMethodBuilder clPrepBuilder: Inner Class detected. Reject building class initialisation methods. 
18153      DEBUG main            d.u.i.k.p.i.AbstractProblemLoader Init config took 3.33s 
18237      INFO  main            d.u.i.k.p.i.AbstractProblemLoader Replaying proof ArrayList[List::add(java.lang.Object)].JML normal_behavior operation contract.0 
19256      DEBUG main            d.u.i.k.p.i.IntermediateProofReplayer Proof replay took 991.77ms 
19265      DEBUG main            d.u.i.k.p.r.p.TestFile    ... success: reloaded. 
19267      INFO  main            d.u.i.k.p.r.p.TestFile    Now processing file /home/runner/work/key/key/key.core/../key.ui/examples/heap/list/ArrayList_ArrayList.key 
19267      INFO  main            d.u.i.k.p.i.AbstractProblemLoader Loading environment from /home/runner/work/key/key/key.core/../key.ui/examples/heap/list/ArrayList_ArrayList.key 
19268      DEBUG main            d.u.i.k.p.i.AbstractProblemLoader Environment load took 342.31ns 
19269      INFO  main            d.u.i.k.p.i.AbstractProblemLoader Creating init config 
20315      DEBUG main            d.u.i.k.j.r.ClassPreparationMethodBuilder clPrepBuilder: Inner Class detected. Reject building class initialisation methods. 
22496      DEBUG main            d.u.i.k.p.i.AbstractProblemLoader Init config took 3.23s 
22563      INFO  main            d.u.i.k.p.i.AbstractProblemLoader Replaying proof ArrayList[ArrayList::ArrayList()].JML normal_behavior operation contract.0 
22566      DEBUG main            d.u.i.k.p.i.IntermediateProofReplayer Proof replay took 7.4ns 
23977      INFO  main            d.u.i.k.p.r.p.TestFile    ... finished proof: closed. 
24160      INFO  main            d.u.i.k.p.i.AbstractProblemLoader Loading environment from /home/runner/work/key/key/key.core/../key.ui/examples/heap/list/ArrayList_ArrayList.key.proof 
24160      DEBUG main            d.u.i.k.p.i.AbstractProblemLoader Environment load took 499.91ns 
24164      INFO  main            d.u.i.k.p.i.AbstractProblemLoader Creating init config 
25193      DEBUG main            d.u.i.k.j.r.ClassPreparationMethodBuilder clPrepBuilder: Inner Class detected. Reject building class initialisation methods. 
27346      DEBUG main            d.u.i.k.p.i.AbstractProblemLoader Init config took 3.18s 
27418      INFO  main            d.u.i.k.p.i.AbstractProblemLoader Replaying proof ArrayList[ArrayList::ArrayList()].JML normal_behavior operation contract.0 
27651      DEBUG main            d.u.i.k.p.i.IntermediateProofReplayer Proof replay took 223.15ms 
27653      DEBUG main            d.u.i.k.p.r.p.TestFile    ... success: reloaded. 
27655      INFO  main            d.u.i.k.p.r.p.TestFile    Now processing file /home/runner/work/key/key/key.core/../key.ui/examples/heap/list/ArrayList_concatenate.key 
27655      INFO  main            d.u.i.k.p.i.AbstractProblemLoader Loading environment from /home/runner/work/key/key/key.core/../key.ui/examples/heap/list/ArrayList_concatenate.key 
27655      DEBUG main            d.u.i.k.p.i.AbstractProblemLoader Environment load took 121.2ns 
27657      INFO  main            d.u.i.k.p.i.AbstractProblemLoader Creating init config 
28705      DEBUG main            d.u.i.k.j.r.ClassPreparationMethodBuilder clPrepBuilder: Inner Class detected. Reject building class initialisation methods. 
30808      DEBUG main            d.u.i.k.p.i.AbstractProblemLoader Init config took 3.15s 
30867      INFO  main            d.u.i.k.p.i.AbstractProblemLoader Replaying proof ArrayList[List::concatenate(List)].JML normal_behavior operation contract.0 
30869      DEBUG main            d.u.i.k.p.i.IntermediateProofReplayer Proof replay took 6.8ns 
55660      INFO  main            d.u.i.k.p.r.p.TestFile    ... finished proof: closed. 
55923      INFO  main            d.u.i.k.p.i.AbstractProblemLoader Loading environment from /home/runner/work/key/key/key.core/../key.ui/examples/heap/list/ArrayList_concatenate.key.proof 
55923      DEBUG main            d.u.i.k.p.i.AbstractProblemLoader Environment load took 250.51ns 
55931      INFO  main            d.u.i.k.p.i.AbstractProblemLoader Creating init config 
56931      DEBUG main            d.u.i.k.j.r.ClassPreparationMethodBuilder clPrepBuilder: Inner Class detected. Reject building class initialisation methods. 
59017      DEBUG main            d.u.i.k.p.i.AbstractProblemLoader Init config took 3.09s 
59078      INFO  main            d.u.i.k.p.i.AbstractProblemLoader Replaying proof ArrayList[List::concatenate(List)].JML normal_behavior operation contract.0 
61284      DEBUG main            d.u.i.k.p.i.IntermediateProofReplayer Proof replay took 2.11s 
61288      DEBUG main            d.u.i.k.p.r.p.TestFile    ... success: reloaded. 
61290      INFO  main            d.u.i.k.p.r.p.TestFile    Now processing file /home/runner/work/key/key/key.core/../key.ui/examples/heap/list/ArrayList_contains_dep.key 
61290      INFO  main            d.u.i.k.p.i.AbstractProblemLoader Loading environment from /home/runner/work/key/key/key.core/../key.ui/examples/heap/list/ArrayList_contains_dep.key 
61291      DEBUG main            d.u.i.k.p.i.AbstractProblemLoader Environment load took 251.21ns 
61292      INFO  main            d.u.i.k.p.i.AbstractProblemLoader Creating init config 
62400      DEBUG main            d.u.i.k.j.r.ClassPreparationMethodBuilder clPrepBuilder: Inner Class detected. Reject building class initialisation methods. 
64527      DEBUG main            d.u.i.k.p.i.AbstractProblemLoader Init config took 3.24s 
64585      INFO  main            d.u.i.k.p.i.AbstractProblemLoader Replaying proof ArrayList[List::contains(java.lang.Object)].JML accessible clause.0 
64587      DEBUG main            d.u.i.k.p.i.IntermediateProofReplayer Proof replay took 5.7ns 
67258      INFO  main            d.u.i.k.p.r.p.TestFile    ... finished proof: closed. 
67530      INFO  main            d.u.i.k.p.i.AbstractProblemLoader Loading environment from /home/runner/work/key/key/key.core/../key.ui/examples/heap/list/ArrayList_contains_dep.key.proof 
67531      DEBUG main            d.u.i.k.p.i.AbstractProblemLoader Environment load took 485.51ns 
67533      INFO  main            d.u.i.k.p.i.AbstractProblemLoader Creating init config 
68489      DEBUG main            d.u.i.k.j.r.ClassPreparationMethodBuilder clPrepBuilder: Inner Class detected. Reject building class initialisation methods. 
70605      DEBUG main            d.u.i.k.p.i.AbstractProblemLoader Init config took 3.07s 
70670      INFO  main            d.u.i.k.p.i.AbstractProblemLoader Replaying proof ArrayList[List::contains(java.lang.Object)].JML accessible clause.0 
71124      DEBUG main            d.u.i.k.p.i.IntermediateProofReplayer Proof replay took 443.21ms 
71126      DEBUG main            d.u.i.k.p.r.p.TestFile    ... success: reloaded. 
71127      INFO  main            d.u.i.k.p.r.p.TestFile    Now processing file /home/runner/work/key/key/key.core/../key.ui/examples/heap/list/ArrayList_enlarge.key 
71128      INFO  main            d.u.i.k.p.i.AbstractProblemLoader Loading environment from /home/runner/work/key/key/key.core/../key.ui/examples/heap/list/ArrayList_enlarge.key 
71128      DEBUG main            d.u.i.k.p.i.AbstractProblemLoader Environment load took 258.61ns 
71129      INFO  main            d.u.i.k.p.i.AbstractProblemLoader Creating init config 
72152      DEBUG main            d.u.i.k.j.r.ClassPreparationMethodBuilder clPrepBuilder: Inner Class detected. Reject building class initialisation methods. 
74281      DEBUG main            d.u.i.k.p.i.AbstractProblemLoader Init config took 3.15s 
74335      INFO  main            d.u.i.k.p.i.AbstractProblemLoader Replaying proof ArrayList[ArrayList::enlarge()].JML normal_behavior operation contract.0 
74337      DEBUG main            d.u.i.k.p.i.IntermediateProofReplayer Proof replay took 5.7ns 
76545      INFO  main            d.u.i.k.p.r.p.TestFile    ... finished proof: closed. 
76752      INFO  main            d.u.i.k.p.i.AbstractProblemLoader Loading environment from /home/runner/work/key/key/key.core/../key.ui/examples/heap/list/ArrayList_enlarge.key.proof 
76752      DEBUG main            d.u.i.k.p.i.AbstractProblemLoader Environment load took 232.31ns 
76755      INFO  main            d.u.i.k.p.i.AbstractProblemLoader Creating init config 
77710      DEBUG main            d.u.i.k.j.r.ClassPreparationMethodBuilder clPrepBuilder: Inner Class detected. Reject building class initialisation methods. 
79793      DEBUG main            d.u.i.k.p.i.AbstractProblemLoader Init config took 3.04s 
79844      INFO  main            d.u.i.k.p.i.AbstractProblemLoader Replaying proof ArrayList[ArrayList::enlarge()].JML normal_behavior operation contract.0 
80255      DEBUG main            d.u.i.k.p.i.IntermediateProofReplayer Proof replay took 401.59ms 
80257      DEBUG main            d.u.i.k.p.r.p.TestFile    ... success: reloaded. 
80258      INFO  main            d.u.i.k.p.r.p.TestFile    Now processing file /home/runner/work/key/key/key.core/../key.ui/examples/heap/list/ArrayList_footprint.key 
80258      INFO  main            d.u.i.k.p.i.AbstractProblemLoader Loading environment from /home/runner/work/key/key/key.core/../key.ui/examples/heap/list/ArrayList_footprint.key 
80258      DEBUG main            d.u.i.k.p.i.AbstractProblemLoader Environment load took 268.71ns 
80259      INFO  main            d.u.i.k.p.i.AbstractProblemLoader Creating init config 
81248      DEBUG main            d.u.i.k.j.r.ClassPreparationMethodBuilder clPrepBuilder: Inner Class detected. Reject building class initialisation methods. 
83358      DEBUG main            d.u.i.k.p.i.AbstractProblemLoader Init config took 3.1s 
83401      INFO  main            d.u.i.k.p.i.AbstractProblemLoader Replaying proof List[List::$footprint()].JML accessible clause.0 
83403      DEBUG main            d.u.i.k.p.i.IntermediateProofReplayer Proof replay took 5.6ns 
83507      INFO  main            d.u.i.k.p.r.p.TestFile    ... finished proof: closed. 
83722      INFO  main            d.u.i.k.p.i.AbstractProblemLoader Loading environment from /home/runner/work/key/key/key.core/../key.ui/examples/heap/list/ArrayList_footprint.key.proof 
83722      DEBUG main            d.u.i.k.p.i.AbstractProblemLoader Environment load took 124.6ns 
83723      INFO  main            d.u.i.k.p.i.AbstractProblemLoader Creating init config 
84679      DEBUG main            d.u.i.k.j.r.ClassPreparationMethodBuilder clPrepBuilder: Inner Class detected. Reject building class initialisation methods. 
86740      DEBUG main            d.u.i.k.p.i.AbstractProblemLoader Init config took 3.02s 
86784      INFO  main            d.u.i.k.p.i.AbstractProblemLoader Replaying proof List[List::$footprint()].JML accessible clause.0 
86787      DEBUG main            d.u.i.k.p.i.IntermediateProofReplayer Proof replay took 1.22ms 
86788      DEBUG main            d.u.i.k.p.r.p.TestFile    ... success: reloaded. 
86790      INFO  main            d.u.i.k.p.r.p.TestFile    Now processing file /home/runner/work/key/key/key.core/../key.ui/examples/heap/list/ArrayList_get_dep.key 
86790      INFO  main            d.u.i.k.p.i.AbstractProblemLoader Loading environment from /home/runner/work/key/key/key.core/../key.ui/examples/heap/list/ArrayList_get_dep.key 
86790      DEBUG main            d.u.i.k.p.i.AbstractProblemLoader Environment load took 236.5ns 
86791      INFO  main            d.u.i.k.p.i.AbstractProblemLoader Creating init config 
87772      DEBUG main            d.u.i.k.j.r.ClassPreparationMethodBuilder clPrepBuilder: Inner Class detected. Reject building class initialisation methods. 
89821      DEBUG main            d.u.i.k.p.i.AbstractProblemLoader Init config took 3.03s 
89870      INFO  main            d.u.i.k.p.i.AbstractProblemLoader Replaying proof ArrayList[List::get(int)].JML accessible clause.0 
89872      DEBUG main            d.u.i.k.p.i.IntermediateProofReplayer Proof replay took 6.7ns 
90284      INFO  main            d.u.i.k.p.r.p.TestFile    ... finished proof: closed. 
90488      INFO  main            d.u.i.k.p.i.AbstractProblemLoader Loading environment from /home/runner/work/key/key/key.core/../key.ui/examples/heap/list/ArrayList_get_dep.key.proof 
90489      DEBUG main            d.u.i.k.p.i.AbstractProblemLoader Environment load took 485.61ns 
90490      INFO  main            d.u.i.k.p.i.AbstractProblemLoader Creating init config 
91430      DEBUG main            d.u.i.k.j.r.ClassPreparationMethodBuilder clPrepBuilder: Inner Class detected. Reject building class initialisation methods. 
93503      DEBUG main            d.u.i.k.p.i.AbstractProblemLoader Init config took 3.01s 
93552      INFO  main            d.u.i.k.p.i.AbstractProblemLoader Replaying proof ArrayList[List::get(int)].JML accessible clause.0 
93635      DEBUG main            d.u.i.k.p.i.IntermediateProofReplayer Proof replay took 77.88ms 
93636      DEBUG main            d.u.i.k.p.r.p.TestFile    ... success: reloaded. 
93638      INFO  main            d.u.i.k.p.r.p.TestFile    Now processing file /home/runner/work/key/key/key.core/../key.ui/examples/heap/list/ArrayList_get_exceptional.key 
93639      INFO  main            d.u.i.k.p.i.AbstractProblemLoader Loading environment from /home/runner/work/key/key/key.core/../key.ui/examples/heap/list/ArrayList_get_exceptional.key 
93641      DEBUG main            d.u.i.k.p.i.AbstractProblemLoader Environment load took 2.2ms 
93642      INFO  main            d.u.i.k.p.i.AbstractProblemLoader Creating init config 
94619      DEBUG main            d.u.i.k.j.r.ClassPreparationMethodBuilder clPrepBuilder: Inner Class detected. Reject building class initialisation methods. 
96697      DEBUG main            d.u.i.k.p.i.AbstractProblemLoader Init config took 3.06s 
96745      INFO  main            d.u.i.k.p.i.AbstractProblemLoader Replaying proof ArrayList[List::get(int)].JML exceptional_behavior operation contract.0 
96747      DEBUG main            d.u.i.k.p.i.IntermediateProofReplayer Proof replay took 6ns 
97977      INFO  main            d.u.i.k.p.r.p.TestFile    ... finished proof: closed. 
98252      INFO  main            d.u.i.k.p.i.AbstractProblemLoader Loading environment from /home/runner/work/key/key/key.core/../key.ui/examples/heap/list/ArrayList_get_exceptional.key.proof 
98252      DEBUG main            d.u.i.k.p.i.AbstractProblemLoader Environment load took 509.31ns 
98254      INFO  main            d.u.i.k.p.i.AbstractProblemLoader Creating init config 
99198      DEBUG main            d.u.i.k.j.r.ClassPreparationMethodBuilder clPrepBuilder: Inner Class detected. Reject building class initialisation methods. 
101262     DEBUG main            d.u.i.k.p.i.AbstractProblemLoader Init config took 3.01s 
101310     INFO  main            d.u.i.k.p.i.AbstractProblemLoader Replaying proof ArrayList[List::get(int)].JML exceptional_behavior operation contract.0 
101558     DEBUG main            d.u.i.k.p.i.IntermediateProofReplayer Proof replay took 240.31ms 
101560     DEBUG main            d.u.i.k.p.r.p.TestFile    ... success: reloaded. 
101561     INFO  main            d.u.i.k.p.r.p.TestFile    Now processing file /home/runner/work/key/key/key.core/../key.ui/examples/heap/list/ArrayList_get_normal.key 
101562     INFO  main            d.u.i.k.p.i.AbstractProblemLoader Loading environment from /home/runner/work/key/key/key.core/../key.ui/examples/heap/list/ArrayList_get_normal.key 
101562     DEBUG main            d.u.i.k.p.i.AbstractProblemLoader Environment load took 371.81ns 
101565     INFO  main            d.u.i.k.p.i.AbstractProblemLoader Creating init config 
102561     DEBUG main            d.u.i.k.j.r.ClassPreparationMethodBuilder clPrepBuilder: Inner Class detected. Reject building class initialisation methods. 
104617     DEBUG main            d.u.i.k.p.i.AbstractProblemLoader Init config took 3.05s 
104664     INFO  main            d.u.i.k.p.i.AbstractProblemLoader Replaying proof ArrayList[List::get(int)].JML normal_behavior operation contract.0 
104666     DEBUG main            d.u.i.k.p.i.IntermediateProofReplayer Proof replay took 5.4ns 
105070     INFO  main            d.u.i.k.p.r.p.TestFile    ... finished proof: closed. 
105292     INFO  main            d.u.i.k.p.i.AbstractProblemLoader Loading environment from /home/runner/work/key/key/key.core/../key.ui/examples/heap/list/ArrayList_get_normal.key.proof 
105292     DEBUG main            d.u.i.k.p.i.AbstractProblemLoader Environment load took 505.41ns 
105294     INFO  main            d.u.i.k.p.i.AbstractProblemLoader Creating init config 
106261     DEBUG main            d.u.i.k.j.r.ClassPreparationMethodBuilder clPrepBuilder: Inner Class detected. Reject building class initialisation methods. 
108288     DEBUG main            d.u.i.k.p.i.AbstractProblemLoader Init config took 2.99s 
108336     INFO  main            d.u.i.k.p.i.AbstractProblemLoader Replaying proof ArrayList[List::get(int)].JML normal_behavior operation contract.0 
108417     DEBUG main            d.u.i.k.p.i.IntermediateProofReplayer Proof replay took 76.89ms 
108419     DEBUG main            d.u.i.k.p.r.p.TestFile    ... success: reloaded. 
108420     INFO  main            d.u.i.k.p.r.p.TestFile    Now processing file /home/runner/work/key/key/key.core/../key.ui/examples/heap/list/ArrayList_inv.key 
108421     INFO  main            d.u.i.k.p.i.AbstractProblemLoader Loading environment from /home/runner/work/key/key/key.core/../key.ui/examples/heap/list/ArrayList_inv.key 
108421     DEBUG main            d.u.i.k.p.i.AbstractProblemLoader Environment load took 271.11ns 
108422     INFO  main            d.u.i.k.p.i.AbstractProblemLoader Creating init config 
109416     DEBUG main            d.u.i.k.j.r.ClassPreparationMethodBuilder clPrepBuilder: Inner Class detected. Reject building class initialisation methods. 
111478     DEBUG main            d.u.i.k.p.i.AbstractProblemLoader Init config took 3.06s 
111525     INFO  main            d.u.i.k.p.i.AbstractProblemLoader Replaying proof ArrayList[java.lang.Object::<inv>()].JML accessible clause.0 
111527     DEBUG main            d.u.i.k.p.i.IntermediateProofReplayer Proof replay took 6.1ns 
111934     INFO  main            d.u.i.k.p.r.p.TestFile    ... finished proof: closed. 
112139     INFO  main            d.u.i.k.p.i.AbstractProblemLoader Loading environment from /home/runner/work/key/key/key.core/../key.ui/examples/heap/list/ArrayList_inv.key.proof 
112141     DEBUG main            d.u.i.k.p.i.AbstractProblemLoader Environment load took 120.9ns 
112142     INFO  main            d.u.i.k.p.i.AbstractProblemLoader Creating init config 
113103     DEBUG main            d.u.i.k.j.r.ClassPreparationMethodBuilder clPrepBuilder: Inner Class detected. Reject building class initialisation methods. 
115172     DEBUG main            d.u.i.k.p.i.AbstractProblemLoader Init config took 3.03s 
115220     INFO  main            d.u.i.k.p.i.AbstractProblemLoader Replaying proof ArrayList[java.lang.Object::<inv>()].JML accessible clause.0 
115269     DEBUG main            d.u.i.k.p.i.IntermediateProofReplayer Proof replay took 44.33ms 
115276     DEBUG main            d.u.i.k.p.r.p.TestFile    ... success: reloaded. 
115278     INFO  main            d.u.i.k.p.r.p.TestFile    Now processing file /home/runner/work/key/key/key.core/../key.ui/examples/heap/list/ArrayList_iterator.key 
115278     INFO  main            d.u.i.k.p.i.AbstractProblemLoader Loading environment from /home/runner/work/key/key/key.core/../key.ui/examples/heap/list/ArrayList_iterator.key 
115279     DEBUG main            d.u.i.k.p.i.AbstractProblemLoader Environment load took 231.6ns 
115280     INFO  main            d.u.i.k.p.i.AbstractProblemLoader Creating init config 
116238     DEBUG main            d.u.i.k.j.r.ClassPreparationMethodBuilder clPrepBuilder: Inner Class detected. Reject building class initialisation methods. 
118271     DEBUG main            d.u.i.k.p.i.AbstractProblemLoader Init config took 2.99s 
118318     INFO  main            d.u.i.k.p.i.AbstractProblemLoader Replaying proof ArrayList[List::iterator()].JML normal_behavior operation contract.0 
118319     DEBUG main            d.u.i.k.p.i.IntermediateProofReplayer Proof replay took 5.4ns 
118822     INFO  main            d.u.i.k.p.r.p.TestFile    ... finished proof: closed. 
119087     INFO  main            d.u.i.k.p.i.AbstractProblemLoader Loading environment from /home/runner/work/key/key/key.core/../key.ui/examples/heap/list/ArrayList_iterator.key.proof 
119088     DEBUG main            d.u.i.k.p.i.AbstractProblemLoader Environment load took 514.81ns 
119089     INFO  main            d.u.i.k.p.i.AbstractProblemLoader Creating init config 
120058     DEBUG main            d.u.i.k.j.r.ClassPreparationMethodBuilder clPrepBuilder: Inner Class detected. Reject building class initialisation methods. 
122117     DEBUG main            d.u.i.k.p.i.AbstractProblemLoader Init config took 3.03s 
122164     INFO  main            d.u.i.k.p.i.AbstractProblemLoader Replaying proof ArrayList[List::iterator()].JML normal_behavior operation contract.0 
122249     DEBUG main            d.u.i.k.p.i.IntermediateProofReplayer Proof replay took 81.31ms 
122250     DEBUG main            d.u.i.k.p.r.p.TestFile    ... success: reloaded. 
122251     INFO  main            d.u.i.k.p.r.p.TestFile    Now processing file /home/runner/work/key/key/key.core/../key.ui/examples/heap/list/ArrayList_size_dep.key 
122251     INFO  main            d.u.i.k.p.i.AbstractProblemLoader Loading environment from /home/runner/work/key/key/key.core/../key.ui/examples/heap/list/ArrayList_size_dep.key 
122251     DEBUG main            d.u.i.k.p.i.AbstractProblemLoader Environment load took 102.5ns 
122252     INFO  main            d.u.i.k.p.i.AbstractProblemLoader Creating init config 
123221     DEBUG main            d.u.i.k.j.r.ClassPreparationMethodBuilder clPrepBuilder: Inner Class detected. Reject building class initialisation methods. 
125254     DEBUG main            d.u.i.k.p.i.AbstractProblemLoader Init config took 3s 
125301     INFO  main            d.u.i.k.p.i.AbstractProblemLoader Replaying proof ArrayList[List::size()].JML accessible clause.0 
125303     DEBUG main            d.u.i.k.p.i.IntermediateProofReplayer Proof replay took 5.7ns 
125505     INFO  main            d.u.i.k.p.r.p.TestFile    ... finished proof: closed. 
125725     INFO  main            d.u.i.k.p.i.AbstractProblemLoader Loading environment from /home/runner/work/key/key/key.core/../key.ui/examples/heap/list/ArrayList_size_dep.key.proof 
125725     DEBUG main            d.u.i.k.p.i.AbstractProblemLoader Environment load took 125.1ns 
125727     INFO  main            d.u.i.k.p.i.AbstractProblemLoader Creating init config 
126666     DEBUG main            d.u.i.k.j.r.ClassPreparationMethodBuilder clPrepBuilder: Inner Class detected. Reject building class initialisation methods. 
128706     DEBUG main            d.u.i.k.p.i.AbstractProblemLoader Init config took 2.98s 
128752     INFO  main            d.u.i.k.p.i.AbstractProblemLoader Replaying proof ArrayList[List::size()].JML accessible clause.0 
128778     DEBUG main            d.u.i.k.p.i.IntermediateProofReplayer Proof replay took 24.08ms 
128779     DEBUG main            d.u.i.k.p.r.p.TestFile    ... success: reloaded. 
128780     INFO  main            d.u.i.k.p.r.p.TestFile    Now processing file /home/runner/work/key/key/key.core/../key.ui/examples/heap/list/ArrayList_size.key 
128781     INFO  main            d.u.i.k.p.i.AbstractProblemLoader Loading environment from /home/runner/work/key/key/key.core/../key.ui/examples/heap/list/ArrayList_size.key 
128781     DEBUG main            d.u.i.k.p.i.AbstractProblemLoader Environment load took 93.7ns 
128782     INFO  main            d.u.i.k.p.i.AbstractProblemLoader Creating init config 
129737     DEBUG main            d.u.i.k.j.r.ClassPreparationMethodBuilder clPrepBuilder: Inner Class detected. Reject building class initialisation methods. 
131776     DEBUG main            d.u.i.k.p.i.AbstractProblemLoader Init config took 2.99s 
131822     INFO  main            d.u.i.k.p.i.AbstractProblemLoader Replaying proof ArrayList[List::size()].JML normal_behavior operation contract.0 
131824     DEBUG main            d.u.i.k.p.i.IntermediateProofReplayer Proof replay took 5.8ns 
132026     INFO  main            d.u.i.k.p.r.p.TestFile    ... finished proof: closed. 
132255     INFO  main            d.u.i.k.p.i.AbstractProblemLoader Loading environment from /home/runner/work/key/key/key.core/../key.ui/examples/heap/list/ArrayList_size.key.proof 
132255     DEBUG main            d.u.i.k.p.i.AbstractProblemLoader Environment load took 121.1ns 
132256     INFO  main            d.u.i.k.p.i.AbstractProblemLoader Creating init config 
133181     DEBUG main            d.u.i.k.j.r.ClassPreparationMethodBuilder clPrepBuilder: Inner Class detected. Reject building class initialisation methods. 
135232     DEBUG main            d.u.i.k.p.i.AbstractProblemLoader Init config took 2.98s 
135278     INFO  main            d.u.i.k.p.i.AbstractProblemLoader Replaying proof ArrayList[List::size()].JML normal_behavior operation contract.0 
135315     DEBUG main            d.u.i.k.p.i.IntermediateProofReplayer Proof replay took 34.86ms 
135316     DEBUG main            d.u.i.k.p.r.p.TestFile    ... success: reloaded. 
135317     INFO  main            d.u.i.k.p.r.p.TestFile    Now processing file /home/runner/work/key/key/key.core/../key.ui/examples/heap/list/ArrayList.ArrayListIterator_ArrayListIterator.key 
135318     INFO  main            d.u.i.k.p.i.AbstractProblemLoader Loading environment from /home/runner/work/key/key/key.core/../key.ui/examples/heap/list/ArrayList.ArrayListIterator_ArrayListIterator.key 
135318     DEBUG main            d.u.i.k.p.i.AbstractProblemLoader Environment load took 93.6ns 
135318     INFO  main            d.u.i.k.p.i.AbstractProblemLoader Creating init config 
136262     DEBUG main            d.u.i.k.j.r.ClassPreparationMethodBuilder clPrepBuilder: Inner Class detected. Reject building class initialisation methods. 
138280     DEBUG main            d.u.i.k.p.i.AbstractProblemLoader Init config took 2.96s 
138335     INFO  main            d.u.i.k.p.i.AbstractProblemLoader Replaying proof ArrayList.ArrayListIterator[ArrayList.ArrayListIterator::ArrayListIterator(ArrayList)].JML normal_behavior operation contract.0 
138337     DEBUG main            d.u.i.k.p.i.IntermediateProofReplayer Proof replay took 5.8ns 
138941     INFO  main            d.u.i.k.p.r.p.TestFile    ... finished proof: closed. 
139174     INFO  main            d.u.i.k.p.i.AbstractProblemLoader Loading environment from /home/runner/work/key/key/key.core/../key.ui/examples/heap/list/ArrayList.ArrayListIterator_ArrayListIterator.key.proof 
139175     DEBUG main            d.u.i.k.p.i.AbstractProblemLoader Environment load took 613.51ns 
139176     INFO  main            d.u.i.k.p.i.AbstractProblemLoader Creating init config 
140120     DEBUG main            d.u.i.k.j.r.ClassPreparationMethodBuilder clPrepBuilder: Inner Class detected. Reject building class initialisation methods. 
142127     DEBUG main            d.u.i.k.p.i.AbstractProblemLoader Init config took 2.95s 
142180     INFO  main            d.u.i.k.p.i.AbstractProblemLoader Replaying proof ArrayList.ArrayListIterator[ArrayList.ArrayListIterator::ArrayListIterator(ArrayList)].JML normal_behavior operation contract.0 
142287     DEBUG main            d.u.i.k.p.i.IntermediateProofReplayer Proof replay took 103.17ms 
142288     DEBUG main            d.u.i.k.p.r.p.TestFile    ... success: reloaded. 
142289     INFO  main            d.u.i.k.p.r.p.TestFile    Now processing file /home/runner/work/key/key/key.core/../key.ui/examples/heap/list/ArrayList.ArrayListIterator_hasNext_dep.key 
142289     INFO  main            d.u.i.k.p.i.AbstractProblemLoader Loading environment from /home/runner/work/key/key/key.core/../key.ui/examples/heap/list/ArrayList.ArrayListIterator_hasNext_dep.key 
142289     DEBUG main            d.u.i.k.p.i.AbstractProblemLoader Environment load took 61.5ns 
142290     INFO  main            d.u.i.k.p.i.AbstractProblemLoader Creating init config 
143268     DEBUG main            d.u.i.k.j.r.ClassPreparationMethodBuilder clPrepBuilder: Inner Class detected. Reject building class initialisation methods. 
145354     DEBUG main            d.u.i.k.p.i.AbstractProblemLoader Init config took 3.06s 
145406     INFO  main            d.u.i.k.p.i.AbstractProblemLoader Replaying proof ArrayList.ArrayListIterator[ListIterator::hasNext()].JML accessible clause.0 
145409     DEBUG main            d.u.i.k.p.i.IntermediateProofReplayer Proof replay took 6.8ns 
145711     INFO  main            d.u.i.k.p.r.p.TestFile    ... finished proof: closed. 
145967     INFO  main            d.u.i.k.p.i.AbstractProblemLoader Loading environment from /home/runner/work/key/key/key.core/../key.ui/examples/heap/list/ArrayList.ArrayListIterator_hasNext_dep.key.proof 
145967     DEBUG main            d.u.i.k.p.i.AbstractProblemLoader Environment load took 129.9ns 
145968     INFO  main            d.u.i.k.p.i.AbstractProblemLoader Creating init config 
146904     DEBUG main            d.u.i.k.j.r.ClassPreparationMethodBuilder clPrepBuilder: Inner Class detected. Reject building class initialisation methods. 
148898     DEBUG main            d.u.i.k.p.i.AbstractProblemLoader Init config took 2.93s 
148950     INFO  main            d.u.i.k.p.i.AbstractProblemLoader Replaying proof ArrayList.ArrayListIterator[ListIterator::hasNext()].JML accessible clause.0 
149004     DEBUG main            d.u.i.k.p.i.IntermediateProofReplayer Proof replay took 51.36ms 
149005     DEBUG main            d.u.i.k.p.r.p.TestFile    ... success: reloaded. 
149006     INFO  main            d.u.i.k.p.r.p.TestFile    Now processing file /home/runner/work/key/key/key.core/../key.ui/examples/heap/list/ArrayList.ArrayListIterator_hasNext.key 
149007     INFO  main            d.u.i.k.p.i.AbstractProblemLoader Loading environment from /home/runner/work/key/key/key.core/../key.ui/examples/heap/list/ArrayList.ArrayListIterator_hasNext.key 
149007     DEBUG main            d.u.i.k.p.i.AbstractProblemLoader Environment load took 231ns 
149008     INFO  main            d.u.i.k.p.i.AbstractProblemLoader Creating init config 
149980     DEBUG main            d.u.i.k.j.r.ClassPreparationMethodBuilder clPrepBuilder: Inner Class detected. Reject building class initialisation methods. 
152030     DEBUG main            d.u.i.k.p.i.AbstractProblemLoader Init config took 3.02s 
152083     INFO  main            d.u.i.k.p.i.AbstractProblemLoader Replaying proof ArrayList.ArrayListIterator[ListIterator::hasNext()].JML normal_behavior operation contract.0 
152085     DEBUG main            d.u.i.k.p.i.IntermediateProofReplayer Proof replay took 6.4ns 
152494     INFO  main            d.u.i.k.p.r.p.TestFile    ... finished proof: closed. 
152731     INFO  main            d.u.i.k.p.i.AbstractProblemLoader Loading environment from /home/runner/work/key/key/key.core/../key.ui/examples/heap/list/ArrayList.ArrayListIterator_hasNext.key.proof 
152731     DEBUG main            d.u.i.k.p.i.AbstractProblemLoader Environment load took 142ns 
152733     INFO  main            d.u.i.k.p.i.AbstractProblemLoader Creating init config 
153687     DEBUG main            d.u.i.k.j.r.ClassPreparationMethodBuilder clPrepBuilder: Inner Class detected. Reject building class initialisation methods. 
155666     DEBUG main            d.u.i.k.p.i.AbstractProblemLoader Init config took 2.93s 
155738     INFO  main            d.u.i.k.p.i.AbstractProblemLoader Replaying proof ArrayList.ArrayListIterator[ListIterator::hasNext()].JML normal_behavior operation contract.0 
155795     DEBUG main            d.u.i.k.p.i.IntermediateProofReplayer Proof replay took 54.38ms 
155797     DEBUG main            d.u.i.k.p.r.p.TestFile    ... success: reloaded. 
155798     INFO  main            d.u.i.k.p.r.p.TestFile    Now processing file /home/runner/work/key/key/key.core/../key.ui/examples/heap/list/ArrayList.ArrayListIterator_inv.key 
155798     INFO  main            d.u.i.k.p.i.AbstractProblemLoader Loading environment from /home/runner/work/key/key/key.core/../key.ui/examples/heap/list/ArrayList.ArrayListIterator_inv.key 
155799     DEBUG main            d.u.i.k.p.i.AbstractProblemLoader Environment load took 238.91ns 
155800     INFO  main            d.u.i.k.p.i.AbstractProblemLoader Creating init config 
156757     DEBUG main            d.u.i.k.j.r.ClassPreparationMethodBuilder clPrepBuilder: Inner Class detected. Reject building class initialisation methods. 
158789     DEBUG main            d.u.i.k.p.i.AbstractProblemLoader Init config took 2.99s 
158866     INFO  main            d.u.i.k.p.i.AbstractProblemLoader Replaying proof ArrayList.ArrayListIterator[java.lang.Object::<inv>()].JML accessible clause.0 
158869     DEBUG main            d.u.i.k.p.i.IntermediateProofReplayer Proof replay took 6.2ns 
159773     INFO  main            d.u.i.k.p.r.p.TestFile    ... finished proof: closed. 
160062     INFO  main            d.u.i.k.p.i.AbstractProblemLoader Loading environment from /home/runner/work/key/key/key.core/../key.ui/examples/heap/list/ArrayList.ArrayListIterator_inv.key.proof 
160062     DEBUG main            d.u.i.k.p.i.AbstractProblemLoader Environment load took 500.21ns 
160064     INFO  main            d.u.i.k.p.i.AbstractProblemLoader Creating init config 
160993     DEBUG main            d.u.i.k.j.r.ClassPreparationMethodBuilder clPrepBuilder: Inner Class detected. Reject building class initialisation methods. 
162973     DEBUG main            d.u.i.k.p.i.AbstractProblemLoader Init config took 2.91s 
163025     INFO  main            d.u.i.k.p.i.AbstractProblemLoader Replaying proof ArrayList.ArrayListIterator[java.lang.Object::<inv>()].JML accessible clause.0 
163120     DEBUG main            d.u.i.k.p.i.IntermediateProofReplayer Proof replay took 91ms 
163122     DEBUG main            d.u.i.k.p.r.p.TestFile    ... success: reloaded. 
163123     INFO  main            d.u.i.k.p.r.p.TestFile    Now processing file /home/runner/work/key/key/key.core/../key.ui/examples/heap/list/ArrayList.ArrayListIterator_list.key 
163123     INFO  main            d.u.i.k.p.i.AbstractProblemLoader Loading environment from /home/runner/work/key/key/key.core/../key.ui/examples/heap/list/ArrayList.ArrayListIterator_list.key 
163123     DEBUG main            d.u.i.k.p.i.AbstractProblemLoader Environment load took 80.3ns 
163124     INFO  main            d.u.i.k.p.i.AbstractProblemLoader Creating init config 
164090     DEBUG main            d.u.i.k.j.r.ClassPreparationMethodBuilder clPrepBuilder: Inner Class detected. Reject building class initialisation methods. 
166135     DEBUG main            d.u.i.k.p.i.AbstractProblemLoader Init config took 3.01s 
166175     INFO  main            d.u.i.k.p.i.AbstractProblemLoader Replaying proof ListIterator[ListIterator::$list()].JML accessible clause.0 
166176     DEBUG main            d.u.i.k.p.i.IntermediateProofReplayer Proof replay took 6.6ns 
166278     INFO  main            d.u.i.k.p.r.p.TestFile    ... finished proof: closed. 
166528     INFO  main            d.u.i.k.p.i.AbstractProblemLoader Loading environment from /home/runner/work/key/key/key.core/../key.ui/examples/heap/list/ArrayList.ArrayListIterator_list.key.proof 
166529     DEBUG main            d.u.i.k.p.i.AbstractProblemLoader Environment load took 118ns 
166529     INFO  main            d.u.i.k.p.i.AbstractProblemLoader Creating init config 
167467     DEBUG main            d.u.i.k.j.r.ClassPreparationMethodBuilder clPrepBuilder: Inner Class detected. Reject building class initialisation methods. 
169463     DEBUG main            d.u.i.k.p.i.AbstractProblemLoader Init config took 2.93s 
169502     INFO  main            d.u.i.k.p.i.AbstractProblemLoader Replaying proof ListIterator[ListIterator::$list()].JML accessible clause.0 
169505     DEBUG main            d.u.i.k.p.i.IntermediateProofReplayer Proof replay took 1.02ms 
169505     DEBUG main            d.u.i.k.p.r.p.TestFile    ... success: reloaded. 
169506     INFO  main            d.u.i.k.p.r.p.TestFile    Now processing file /home/runner/work/key/key/key.core/../key.ui/examples/heap/list/ArrayList.ArrayListIterator_next_exceptional.key 
169506     INFO  main            d.u.i.k.p.i.AbstractProblemLoader Loading environment from /home/runner/work/key/key/key.core/../key.ui/examples/heap/list/ArrayList.ArrayListIterator_next_exceptional.key 
169506     DEBUG main            d.u.i.k.p.i.AbstractProblemLoader Environment load took 59.7ns 
169507     INFO  main            d.u.i.k.p.i.AbstractProblemLoader Creating init config 
170498     DEBUG main            d.u.i.k.j.r.ClassPreparationMethodBuilder clPrepBuilder: Inner Class detected. Reject building class initialisation methods. 
172510     DEBUG main            d.u.i.k.p.i.AbstractProblemLoader Init config took 3s 
172565     INFO  main            d.u.i.k.p.i.AbstractProblemLoader Replaying proof ArrayList.ArrayListIterator[ListIterator::next()].JML exceptional_behavior operation contract.0 
172568     DEBUG main            d.u.i.k.p.i.IntermediateProofReplayer Proof replay took 6.3ns 
173373     INFO  main            d.u.i.k.p.r.p.TestFile    ... finished proof: closed. 
173668     INFO  main            d.u.i.k.p.i.AbstractProblemLoader Loading environment from /home/runner/work/key/key/key.core/../key.ui/examples/heap/list/ArrayList.ArrayListIterator_next_exceptional.key.proof 
173668     DEBUG main            d.u.i.k.p.i.AbstractProblemLoader Environment load took 468.41ns 
173669     INFO  main            d.u.i.k.p.i.AbstractProblemLoader Creating init config 
174611     DEBUG main            d.u.i.k.j.r.ClassPreparationMethodBuilder clPrepBuilder: Inner Class detected. Reject building class initialisation methods. 
176591     DEBUG main            d.u.i.k.p.i.AbstractProblemLoader Init config took 2.92s 
176643     INFO  main            d.u.i.k.p.i.AbstractProblemLoader Replaying proof ArrayList.ArrayListIterator[ListIterator::next()].JML exceptional_behavior operation contract.0 
176804     DEBUG main            d.u.i.k.p.i.IntermediateProofReplayer Proof replay took 156.86ms 
176806     DEBUG main            d.u.i.k.p.r.p.TestFile    ... success: reloaded. 
176807     INFO  main            d.u.i.k.p.r.p.TestFile    Now processing file /home/runner/work/key/key/key.core/../key.ui/examples/heap/list/ArrayList.ArrayListIterator_next_normal.key 
176807     INFO  main            d.u.i.k.p.i.AbstractProblemLoader Loading environment from /home/runner/work/key/key/key.core/../key.ui/examples/heap/list/ArrayList.ArrayListIterator_next_normal.key 
176807     DEBUG main            d.u.i.k.p.i.AbstractProblemLoader Environment load took 96.3ns 
176808     INFO  main            d.u.i.k.p.i.AbstractProblemLoader Creating init config 
177761     DEBUG main            d.u.i.k.j.r.ClassPreparationMethodBuilder clPrepBuilder: Inner Class detected. Reject building class initialisation methods. 
179795     DEBUG main            d.u.i.k.p.i.AbstractProblemLoader Init config took 2.99s 
179848     INFO  main            d.u.i.k.p.i.AbstractProblemLoader Replaying proof ArrayList.ArrayListIterator[ListIterator::next()].JML normal_behavior operation contract.0 
179850     DEBUG main            d.u.i.k.p.i.IntermediateProofReplayer Proof replay took 6.4ns 
180754     INFO  main            d.u.i.k.p.r.p.TestFile    ... finished proof: closed. 
181070     INFO  main            d.u.i.k.p.i.AbstractProblemLoader Loading environment from /home/runner/work/key/key/key.core/../key.ui/examples/heap/list/ArrayList.ArrayListIterator_next_normal.key.proof 
181071     DEBUG main            d.u.i.k.p.i.AbstractProblemLoader Environment load took 471.01ns 
181072     INFO  main            d.u.i.k.p.i.AbstractProblemLoader Creating init config 
182003     DEBUG main            d.u.i.k.j.r.ClassPreparationMethodBuilder clPrepBuilder: Inner Class detected. Reject building class initialisation methods. 
183976     DEBUG main            d.u.i.k.p.i.AbstractProblemLoader Init config took 2.9s 
184041     INFO  main            d.u.i.k.p.i.AbstractProblemLoader Replaying proof ArrayList.ArrayListIterator[ListIterator::next()].JML normal_behavior operation contract.0 
184217     DEBUG main            d.u.i.k.p.i.IntermediateProofReplayer Proof replay took 170.93ms 
184218     DEBUG main            d.u.i.k.p.r.p.TestFile    ... success: reloaded. 
184220     INFO  main            d.u.i.k.p.r.p.TestFile    Now processing file /home/runner/work/key/key/key.core/../key.ui/examples/heap/list/ArrayList.ArrayListIterator_pos.key 
184220     INFO  main            d.u.i.k.p.i.AbstractProblemLoader Loading environment from /home/runner/work/key/key/key.core/../key.ui/examples/heap/list/ArrayList.ArrayListIterator_pos.key 
184220     DEBUG main            d.u.i.k.p.i.AbstractProblemLoader Environment load took 224.1ns 
184221     INFO  main            d.u.i.k.p.i.AbstractProblemLoader Creating init config 
185170     DEBUG main            d.u.i.k.j.r.ClassPreparationMethodBuilder clPrepBuilder: Inner Class detected. Reject building class initialisation methods. 
187223     DEBUG main            d.u.i.k.p.i.AbstractProblemLoader Init config took 3s 
187262     INFO  main            d.u.i.k.p.i.AbstractProblemLoader Replaying proof ListIterator[ListIterator::$pos()].JML accessible clause.0 
187263     DEBUG main            d.u.i.k.p.i.IntermediateProofReplayer Proof replay took 6.1ns 
187368     INFO  main            d.u.i.k.p.r.p.TestFile    ... finished proof: closed. 
187632     INFO  main            d.u.i.k.p.i.AbstractProblemLoader Loading environment from /home/runner/work/key/key/key.core/../key.ui/examples/heap/list/ArrayList.ArrayListIterator_pos.key.proof 
187632     DEBUG main            d.u.i.k.p.i.AbstractProblemLoader Environment load took 119.4ns 
187633     INFO  main            d.u.i.k.p.i.AbstractProblemLoader Creating init config 
188563     DEBUG main            d.u.i.k.j.r.ClassPreparationMethodBuilder clPrepBuilder: Inner Class detected. Reject building class initialisation methods. 
190526     DEBUG main            d.u.i.k.p.i.AbstractProblemLoader Init config took 2.89s 
190569     INFO  main            d.u.i.k.p.i.AbstractProblemLoader Replaying proof ListIterator[ListIterator::$pos()].JML accessible clause.0 
190571     DEBUG main            d.u.i.k.p.i.IntermediateProofReplayer Proof replay took 962.72ns 
190573     DEBUG main            d.u.i.k.p.r.p.TestFile    ... success: reloaded. 
190574     INFO  main            d.u.i.k.p.r.p.TestFile    Now processing file /home/runner/work/key/key/key.core/../key.ui/examples/heap/list/Client_m.key 
190575     INFO  main            d.u.i.k.p.i.AbstractProblemLoader Loading environment from /home/runner/work/key/key/key.core/../key.ui/examples/heap/list/Client_m.key 
190575     DEBUG main            d.u.i.k.p.i.AbstractProblemLoader Environment load took 219.81ns 
190576     INFO  main            d.u.i.k.p.i.AbstractProblemLoader Creating init config 
191577     DEBUG main            d.u.i.k.j.r.ClassPreparationMethodBuilder clPrepBuilder: Inner Class detected. Reject building class initialisation methods. 
193564     DEBUG main            d.u.i.k.p.i.AbstractProblemLoader Init config took 2.99s 
193624     INFO  main            d.u.i.k.p.i.AbstractProblemLoader Replaying proof Client[Client::m(List)].JML normal_behavior operation contract.0 
193626     DEBUG main            d.u.i.k.p.i.IntermediateProofReplayer Proof replay took 6.9ns 
193929     INFO  main            d.u.i.k.p.r.p.TestFile    ... finished proof: closed. 
194208     INFO  main            d.u.i.k.p.i.AbstractProblemLoader Loading environment from /home/runner/work/key/key/key.core/../key.ui/examples/heap/list/Client_m.key.proof 
194209     DEBUG main            d.u.i.k.p.i.AbstractProblemLoader Environment load took 116.4ns 
194210     INFO  main            d.u.i.k.p.i.AbstractProblemLoader Creating init config 
195141     DEBUG main            d.u.i.k.j.r.ClassPreparationMethodBuilder clPrepBuilder: Inner Class detected. Reject building class initialisation methods. 
197107     DEBUG main            d.u.i.k.p.i.AbstractProblemLoader Init config took 2.9s 
197147     INFO  main            d.u.i.k.p.i.AbstractProblemLoader Replaying proof Client[Client::m(List)].JML normal_behavior operation contract.0 
197208     DEBUG main            d.u.i.k.p.i.IntermediateProofReplayer Proof replay took 57.53ms 
197209     DEBUG main            d.u.i.k.p.r.p.TestFile    ... success: reloaded. 
197210     INFO  main            d.u.i.k.p.r.p.TestFile    Now processing file /home/runner/work/key/key/key.core/../key.ui/examples/heap/list/Client_n.key 
197210     INFO  main            d.u.i.k.p.i.AbstractProblemLoader Loading environment from /home/runner/work/key/key/key.core/../key.ui/examples/heap/list/Client_n.key 
197210     DEBUG main            d.u.i.k.p.i.AbstractProblemLoader Environment load took 149.2ns 
197211     INFO  main            d.u.i.k.p.i.AbstractProblemLoader Creating init config 
198182     DEBUG main            d.u.i.k.j.r.ClassPreparationMethodBuilder clPrepBuilder: Inner Class detected. Reject building class initialisation methods. 
200194     DEBUG main            d.u.i.k.p.i.AbstractProblemLoader Init config took 2.98s 
200234     INFO  main            d.u.i.k.p.i.AbstractProblemLoader Replaying proof Client[Client::n(List)].JML normal_behavior operation contract.0 
200235     DEBUG main            d.u.i.k.p.i.IntermediateProofReplayer Proof replay took 6.4ns 
200336     INFO  main            d.u.i.k.p.r.p.TestFile    ... finished proof: closed. 
200629     INFO  main            d.u.i.k.p.i.AbstractProblemLoader Loading environment from /home/runner/work/key/key/key.core/../key.ui/examples/heap/list/Client_n.key.proof 
200629     DEBUG main            d.u.i.k.p.i.AbstractProblemLoader Environment load took 107.2ns 
200630     INFO  main            d.u.i.k.p.i.AbstractProblemLoader Creating init config 
201561     DEBUG main            d.u.i.k.j.r.ClassPreparationMethodBuilder clPrepBuilder: Inner Class detected. Reject building class initialisation methods. 
203571     DEBUG main            d.u.i.k.p.i.AbstractProblemLoader Init config took 2.94s 
203610     INFO  main            d.u.i.k.p.i.AbstractProblemLoader Replaying proof Client[Client::n(List)].JML normal_behavior operation contract.0 
203629     DEBUG main            d.u.i.k.p.i.IntermediateProofReplayer Proof replay took 17.12ms 
203630     DEBUG main            d.u.i.k.p.r.p.TestFile    ... success: reloaded. 
203631     INFO  main            d.u.i.k.p.r.p.TestFile    Now processing file /home/runner/work/key/key/key.core/../key.ui/examples/heap/list/LinkedList_get_exceptional.key 
203632     INFO  main            d.u.i.k.p.i.AbstractProblemLoader Loading environment from /home/runner/work/key/key/key.core/../key.ui/examples/heap/list/LinkedList_get_exceptional.key 
203632     DEBUG main            d.u.i.k.p.i.AbstractProblemLoader Environment load took 93.5ns 
203632     INFO  main            d.u.i.k.p.i.AbstractProblemLoader Creating init config 
204585     DEBUG main            d.u.i.k.j.r.ClassPreparationMethodBuilder clPrepBuilder: Inner Class detected. Reject building class initialisation methods. 
206574     DEBUG main            d.u.i.k.p.i.AbstractProblemLoader Init config took 2.94s 
206619     INFO  main            d.u.i.k.p.i.AbstractProblemLoader Replaying proof LinkedList[List::get(int)].JML exceptional_behavior operation contract.0 
206621     DEBUG main            d.u.i.k.p.i.IntermediateProofReplayer Proof replay took 5.8ns 
208629     INFO  main            d.u.i.k.p.r.p.TestFile    ... finished proof: closed. 
208948     INFO  main            d.u.i.k.p.i.AbstractProblemLoader Loading environment from /home/runner/work/key/key/key.core/../key.ui/examples/heap/list/LinkedList_get_exceptional.key.proof 
208948     DEBUG main            d.u.i.k.p.i.AbstractProblemLoader Environment load took 471.31ns 
208950     INFO  main            d.u.i.k.p.i.AbstractProblemLoader Creating init config 
209880     DEBUG main            d.u.i.k.j.r.ClassPreparationMethodBuilder clPrepBuilder: Inner Class detected. Reject building class initialisation methods. 
211829     DEBUG main            d.u.i.k.p.i.AbstractProblemLoader Init config took 2.88s 
211888     INFO  main            d.u.i.k.p.i.AbstractProblemLoader Replaying proof LinkedList[List::get(int)].JML exceptional_behavior operation contract.0 
212181     DEBUG main            d.u.i.k.p.i.IntermediateProofReplayer Proof replay took 284.88ms 
212182     DEBUG main            d.u.i.k.p.r.p.TestFile    ... success: reloaded. 
212183     INFO  main            d.u.i.k.p.r.p.TestFile    Now processing file /home/runner/work/key/key/key.core/../key.ui/examples/heap/list/LinkedList_get_normal.key 
212184     INFO  main            d.u.i.k.p.i.AbstractProblemLoader Loading environment from /home/runner/work/key/key/key.core/../key.ui/examples/heap/list/LinkedList_get_normal.key 
212184     DEBUG main            d.u.i.k.p.i.AbstractProblemLoader Environment load took 75.9ns 
212185     INFO  main            d.u.i.k.p.i.AbstractProblemLoader Creating init config 
213133     DEBUG main            d.u.i.k.j.r.ClassPreparationMethodBuilder clPrepBuilder: Inner Class detected. Reject building class initialisation methods. 
215145     DEBUG main            d.u.i.k.p.i.AbstractProblemLoader Init config took 2.96s 
215189     INFO  main            d.u.i.k.p.i.AbstractProblemLoader Replaying proof LinkedList[List::get(int)].JML normal_behavior operation contract.0 
215191     DEBUG main            d.u.i.k.p.i.IntermediateProofReplayer Proof replay took 6ns 
220207     INFO  main            d.u.i.k.p.r.p.TestFile    ... finished proof: closed. 
220580     INFO  main            d.u.i.k.p.i.AbstractProblemLoader Loading environment from /home/runner/work/key/key/key.core/../key.ui/examples/heap/list/LinkedList_get_normal.key.proof 
220580     DEBUG main            d.u.i.k.p.i.AbstractProblemLoader Environment load took 473.11ns 
220583     INFO  main            d.u.i.k.p.i.AbstractProblemLoader Creating init config 
221508     DEBUG main            d.u.i.k.j.r.ClassPreparationMethodBuilder clPrepBuilder: Inner Class detected. Reject building class initialisation methods. 
223479     DEBUG main            d.u.i.k.p.i.AbstractProblemLoader Init config took 2.9s 
223524     INFO  main            d.u.i.k.p.i.AbstractProblemLoader Replaying proof LinkedList[List::get(int)].JML normal_behavior operation contract.0 
223954     DEBUG main            d.u.i.k.p.i.IntermediateProofReplayer Proof replay took 408.71ms 
223956     DEBUG main            d.u.i.k.p.r.p.TestFile    ... success: reloaded. 
223956     INFO  main            d.u.i.k.p.r.p.TestFile    Now processing file /home/runner/work/key/key/key.core/../key.ui/examples/heap/list/LinkedList_LinkedList.key 
223957     INFO  main            d.u.i.k.p.i.AbstractProblemLoader Loading environment from /home/runner/work/key/key/key.core/../key.ui/examples/heap/list/LinkedList_LinkedList.key 
223957     DEBUG main            d.u.i.k.p.i.AbstractProblemLoader Environment load took 80.4ns 
223958     INFO  main            d.u.i.k.p.i.AbstractProblemLoader Creating init config 
224904     DEBUG main            d.u.i.k.j.r.ClassPreparationMethodBuilder clPrepBuilder: Inner Class detected. Reject building class initialisation methods. 
226920     DEBUG main            d.u.i.k.p.i.AbstractProblemLoader Init config took 2.96s 
226967     INFO  main            d.u.i.k.p.i.AbstractProblemLoader Replaying proof LinkedList[LinkedList::LinkedList()].JML normal_behavior operation contract.0 
226969     DEBUG main            d.u.i.k.p.i.IntermediateProofReplayer Proof replay took 5.8ns 
227472     INFO  main            d.u.i.k.p.r.p.TestFile    ... finished proof: closed. 
227798     INFO  main            d.u.i.k.p.i.AbstractProblemLoader Loading environment from /home/runner/work/key/key/key.core/../key.ui/examples/heap/list/LinkedList_LinkedList.key.proof 
227798     DEBUG main            d.u.i.k.p.i.AbstractProblemLoader Environment load took 107.1ns 
227800     INFO  main            d.u.i.k.p.i.AbstractProblemLoader Creating init config 
228720     DEBUG main            d.u.i.k.j.r.ClassPreparationMethodBuilder clPrepBuilder: Inner Class detected. Reject building class initialisation methods. 
230674     DEBUG main            d.u.i.k.p.i.AbstractProblemLoader Init config took 2.87s 
230720     INFO  main            d.u.i.k.p.i.AbstractProblemLoader Replaying proof LinkedList[LinkedList::LinkedList()].JML normal_behavior operation contract.0 
230814     DEBUG main            d.u.i.k.p.i.IntermediateProofReplayer Proof replay took 91ms 
230815     DEBUG main            d.u.i.k.p.r.p.TestFile    ... success: reloaded. 
230816     INFO  main            d.u.i.k.p.r.p.TestFile    Now processing file /home/runner/work/key/key/key.core/../key.ui/examples/heap/list/LinkedList_size_dep.key 
230816     INFO  main            d.u.i.k.p.i.AbstractProblemLoader Loading environment from /home/runner/work/key/key/key.core/../key.ui/examples/heap/list/LinkedList_size_dep.key 
230816     DEBUG main            d.u.i.k.p.i.AbstractProblemLoader Environment load took 96.2ns 
230817     INFO  main            d.u.i.k.p.i.AbstractProblemLoader Creating init config 
231761     DEBUG main            d.u.i.k.j.r.ClassPreparationMethodBuilder clPrepBuilder: Inner Class detected. Reject building class initialisation methods. 
233764     DEBUG main            d.u.i.k.p.i.AbstractProblemLoader Init config took 2.95s 
233807     INFO  main            d.u.i.k.p.i.AbstractProblemLoader Replaying proof LinkedList[List::size()].JML accessible clause.0 
233809     DEBUG main            d.u.i.k.p.i.IntermediateProofReplayer Proof replay took 6.4ns 
234311     INFO  main            d.u.i.k.p.r.p.TestFile    ... finished proof: closed. 
234614     INFO  main            d.u.i.k.p.i.AbstractProblemLoader Loading environment from /home/runner/work/key/key/key.core/../key.ui/examples/heap/list/LinkedList_size_dep.key.proof 
234614     DEBUG main            d.u.i.k.p.i.AbstractProblemLoader Environment load took 113.5ns 
234615     INFO  main            d.u.i.k.p.i.AbstractProblemLoader Creating init config 
235538     DEBUG main            d.u.i.k.j.r.ClassPreparationMethodBuilder clPrepBuilder: Inner Class detected. Reject building class initialisation methods. 
237483     DEBUG main            d.u.i.k.p.i.AbstractProblemLoader Init config took 2.87s 
237528     INFO  main            d.u.i.k.p.i.AbstractProblemLoader Replaying proof LinkedList[List::size()].JML accessible clause.0 
237577     DEBUG main            d.u.i.k.p.i.IntermediateProofReplayer Proof replay took 45.87ms 
237577     DEBUG main            d.u.i.k.p.r.p.TestFile    ... success: reloaded. 
237578     INFO  main            d.u.i.k.p.r.p.TestFile    Now processing file /home/runner/work/key/key/key.core/../key.ui/examples/heap/list/LinkedList_size.key 
237579     INFO  main            d.u.i.k.p.i.AbstractProblemLoader Loading environment from /home/runner/work/key/key/key.core/../key.ui/examples/heap/list/LinkedList_size.key 
237579     DEBUG main            d.u.i.k.p.i.AbstractProblemLoader Environment load took 87.9ns 
237580     INFO  main            d.u.i.k.p.i.AbstractProblemLoader Creating init config 
238539     DEBUG main            d.u.i.k.j.r.ClassPreparationMethodBuilder clPrepBuilder: Inner Class detected. Reject building class initialisation methods. 
240514     DEBUG main            d.u.i.k.p.i.AbstractProblemLoader Init config took 2.93s 
240558     INFO  main            d.u.i.k.p.i.AbstractProblemLoader Replaying proof LinkedList[List::size()].JML normal_behavior operation contract.0 
240559     DEBUG main            d.u.i.k.p.i.IntermediateProofReplayer Proof replay took 6.1ns 
241061     INFO  main            d.u.i.k.p.r.p.TestFile    ... finished proof: closed. 
241372     INFO  main            d.u.i.k.p.i.AbstractProblemLoader Loading environment from /home/runner/work/key/key/key.core/../key.ui/examples/heap/list/LinkedList_size.key.proof 
241372     DEBUG main            d.u.i.k.p.i.AbstractProblemLoader Environment load took 139.4ns 
241373     INFO  main            d.u.i.k.p.i.AbstractProblemLoader Creating init config 
242295     DEBUG main            d.u.i.k.j.r.ClassPreparationMethodBuilder clPrepBuilder: Inner Class detected. Reject building class initialisation methods. 
244240     DEBUG main            d.u.i.k.p.i.AbstractProblemLoader Init config took 2.87s 
244284     INFO  main            d.u.i.k.p.i.AbstractProblemLoader Replaying proof LinkedList[List::size()].JML normal_behavior operation contract.0 
244343     DEBUG main            d.u.i.k.p.i.IntermediateProofReplayer Proof replay took 56.25ms 
244344     DEBUG main            d.u.i.k.p.r.p.TestFile    ... success: reloaded. 
244344     INFO  main            d.u.i.k.p.r.p.TestFile    Now processing file /home/runner/work/key/key/key.core/../key.ui/examples/heap/list/MySet_footprint.key 
244345     INFO  main            d.u.i.k.p.i.AbstractProblemLoader Loading environment from /home/runner/work/key/key/key.core/../key.ui/examples/heap/list/MySet_footprint.key 
244345     DEBUG main            d.u.i.k.p.i.AbstractProblemLoader Environment load took 52.6ns 
244345     INFO  main            d.u.i.k.p.i.AbstractProblemLoader Creating init config 
245293     DEBUG main            d.u.i.k.j.r.ClassPreparationMethodBuilder clPrepBuilder: Inner Class detected. Reject building class initialisation methods. 
247300     DEBUG main            d.u.i.k.p.i.AbstractProblemLoader Init config took 2.95s 
247346     INFO  main            d.u.i.k.p.i.AbstractProblemLoader Replaying proof MySet[MySet::$footprint()].JML accessible clause.0 
247347     DEBUG main            d.u.i.k.p.i.IntermediateProofReplayer Proof replay took 6.7ns 
247650     INFO  main            d.u.i.k.p.r.p.TestFile    ... finished proof: closed. 
248004     INFO  main            d.u.i.k.p.i.AbstractProblemLoader Loading environment from /home/runner/work/key/key/key.core/../key.ui/examples/heap/list/MySet_footprint.key.proof 
248005     DEBUG main            d.u.i.k.p.i.AbstractProblemLoader Environment load took 103.9ns 
248006     INFO  main            d.u.i.k.p.i.AbstractProblemLoader Creating init config 
248939     DEBUG main            d.u.i.k.j.r.ClassPreparationMethodBuilder clPrepBuilder: Inner Class detected. Reject building class initialisation methods. 
250886     DEBUG main            d.u.i.k.p.i.AbstractProblemLoader Init config took 2.88s 
250943     INFO  main            d.u.i.k.p.i.AbstractProblemLoader Replaying proof MySet[MySet::$footprint()].JML accessible clause.0 
250980     DEBUG main            d.u.i.k.p.i.IntermediateProofReplayer Proof replay took 34.56ms 
250981     DEBUG main            d.u.i.k.p.r.p.TestFile    ... success: reloaded. 
250982     INFO  main            d.u.i.k.p.r.p.TestFile    Now processing file /home/runner/work/key/key/key.core/../key.ui/examples/heap/list/MySet_MySet.key 
250982     INFO  main            d.u.i.k.p.i.AbstractProblemLoader Loading environment from /home/runner/work/key/key/key.core/../key.ui/examples/heap/list/MySet_MySet.key 
250982     DEBUG main            d.u.i.k.p.i.AbstractProblemLoader Environment load took 74.4ns 
250983     INFO  main            d.u.i.k.p.i.AbstractProblemLoader Creating init config 
251925     DEBUG main            d.u.i.k.j.r.ClassPreparationMethodBuilder clPrepBuilder: Inner Class detected. Reject building class initialisation methods. 
253925     DEBUG main            d.u.i.k.p.i.AbstractProblemLoader Init config took 2.94s 
253971     INFO  main            d.u.i.k.p.i.AbstractProblemLoader Replaying proof MySet[MySet::MySet()].JML normal_behavior operation contract.0 
253974     DEBUG main            d.u.i.k.p.i.IntermediateProofReplayer Proof replay took 6.6ns 
256395     INFO  main            d.u.i.k.p.r.p.TestFile    ... finished proof: closed. 
256736     INFO  main            d.u.i.k.p.i.AbstractProblemLoader Loading environment from /home/runner/work/key/key/key.core/../key.ui/examples/heap/list/MySet_MySet.key.proof 
256736     DEBUG main            d.u.i.k.p.i.AbstractProblemLoader Environment load took 468.01ns 
256738     INFO  main            d.u.i.k.p.i.AbstractProblemLoader Creating init config 
257666     DEBUG main            d.u.i.k.j.r.ClassPreparationMethodBuilder clPrepBuilder: Inner Class detected. Reject building class initialisation methods. 
259621     DEBUG main            d.u.i.k.p.i.AbstractProblemLoader Init config took 2.88s 
259668     INFO  main            d.u.i.k.p.i.AbstractProblemLoader Replaying proof MySet[MySet::MySet()].JML normal_behavior operation contract.0 
260018     DEBUG main            d.u.i.k.p.i.IntermediateProofReplayer Proof replay took 337.53ms 
260020     DEBUG main            d.u.i.k.p.r.p.TestFile    ... success: reloaded. 
1102040    INFO  Test worker     d.u.i.k.p.r.RunAllProofsTestUnit Returning from test list 
1102041    INFO  Test worker     d.u.i.k.p.r.RunAllProofsTestUnit Running test list_ghost 
365        INFO  Timeout watchdog d.u.i.k.p.r.p.ForkedTestFileRunner Timeout watcher launched (2000 secs.) 
375        WARN  main            d.u.i.k.s.ProofSettings   The settings in /home/runner/.key/proof-settings.props are *not* read. 
420        INFO  main            d.u.i.k.p.r.p.TestFile    Now processing file /home/runner/work/key/key/key.core/../key.ui/examples/heap/list_ghost/ArrayList_add.key 
543        INFO  main            d.u.i.k.p.i.AbstractProblemLoader Loading environment from /home/runner/work/key/key/key.core/../key.ui/examples/heap/list_ghost/ArrayList_add.key 
565        DEBUG main            d.u.i.k.p.i.AbstractProblemLoader Environment load took 2.15ms 
776        INFO  main            d.u.i.k.p.i.AbstractProblemLoader Creating init config 
1655       DEBUG main            d.u.i.k.j.TypeConverter   No LDT found for Meta 
1659       DEBUG main            d.u.i.k.j.TypeConverter   No LDT found for Meta 
1662       DEBUG main            d.u.i.k.j.TypeConverter   No LDT found for Meta 
1663       DEBUG main            d.u.i.k.j.TypeConverter   No LDT found for Meta 
3134       DEBUG main            d.u.i.k.j.TypeConverter   No LDT found for JavaBigintExpression 
8043       DEBUG main            d.u.i.k.p.i.AbstractProblemLoader Init config took 7.27s 
8173       INFO  main            d.u.i.k.p.i.AbstractProblemLoader Replaying proof ArrayList[List::add(java.lang.Object)].JML normal_behavior operation contract.0 
8205       DEBUG main            d.u.i.k.p.i.IntermediateProofReplayer Proof replay took 30.7ns 
12932      INFO  main            d.u.i.k.p.r.p.TestFile    ... finished proof: closed. 
13103      INFO  main            d.u.i.k.p.i.AbstractProblemLoader Loading environment from /home/runner/work/key/key/key.core/../key.ui/examples/heap/list_ghost/ArrayList_add.key.proof 
13104      DEBUG main            d.u.i.k.p.i.AbstractProblemLoader Environment load took 517.41ns 
13107      INFO  main            d.u.i.k.p.i.AbstractProblemLoader Creating init config 
15899      DEBUG main            d.u.i.k.p.i.AbstractProblemLoader Init config took 2.79s 
16000      INFO  main            d.u.i.k.p.i.AbstractProblemLoader Replaying proof ArrayList[List::add(java.lang.Object)].JML normal_behavior operation contract.0 
16676      DEBUG main            d.u.i.k.p.i.IntermediateProofReplayer Proof replay took 649.61ms 
16686      DEBUG main            d.u.i.k.p.r.p.TestFile    ... success: reloaded. 
16690      INFO  main            d.u.i.k.p.r.p.TestFile    Now processing file /home/runner/work/key/key/key.core/../key.ui/examples/heap/list_ghost/ArrayList_ArrayList.key 
16690      INFO  main            d.u.i.k.p.i.AbstractProblemLoader Loading environment from /home/runner/work/key/key/key.core/../key.ui/examples/heap/list_ghost/ArrayList_ArrayList.key 
16690      DEBUG main            d.u.i.k.p.i.AbstractProblemLoader Environment load took 124ns 
16694      INFO  main            d.u.i.k.p.i.AbstractProblemLoader Creating init config 
19556      DEBUG main            d.u.i.k.p.i.AbstractProblemLoader Init config took 2.86s 
19612      INFO  main            d.u.i.k.p.i.AbstractProblemLoader Replaying proof ArrayList[ArrayList::ArrayList()].JML normal_behavior operation contract.0 
19615      DEBUG main            d.u.i.k.p.i.IntermediateProofReplayer Proof replay took 6.6ns 
20520      INFO  main            d.u.i.k.p.r.p.TestFile    ... finished proof: closed. 
20721      INFO  main            d.u.i.k.p.i.AbstractProblemLoader Loading environment from /home/runner/work/key/key/key.core/../key.ui/examples/heap/list_ghost/ArrayList_ArrayList.key.proof 
20721      DEBUG main            d.u.i.k.p.i.AbstractProblemLoader Environment load took 534.91ns 
20723      INFO  main            d.u.i.k.p.i.AbstractProblemLoader Creating init config 
23400      DEBUG main            d.u.i.k.p.i.AbstractProblemLoader Init config took 2.68s 
23451      INFO  main            d.u.i.k.p.i.AbstractProblemLoader Replaying proof ArrayList[ArrayList::ArrayList()].JML normal_behavior operation contract.0 
23616      DEBUG main            d.u.i.k.p.i.IntermediateProofReplayer Proof replay took 157.54ms 
23618      DEBUG main            d.u.i.k.p.r.p.TestFile    ... success: reloaded. 
23619      INFO  main            d.u.i.k.p.r.p.TestFile    Now processing file /home/runner/work/key/key/key.core/../key.ui/examples/heap/list_ghost/ArrayList_enlarge.key 
23620      INFO  main            d.u.i.k.p.i.AbstractProblemLoader Loading environment from /home/runner/work/key/key/key.core/../key.ui/examples/heap/list_ghost/ArrayList_enlarge.key 
23620      DEBUG main            d.u.i.k.p.i.AbstractProblemLoader Environment load took 263.71ns 
23621      INFO  main            d.u.i.k.p.i.AbstractProblemLoader Creating init config 
26231      DEBUG main            d.u.i.k.p.i.AbstractProblemLoader Init config took 2.61s 
26277      INFO  main            d.u.i.k.p.i.AbstractProblemLoader Replaying proof ArrayList[ArrayList::enlarge()].JML normal_behavior operation contract.0 
26280      DEBUG main            d.u.i.k.p.i.IntermediateProofReplayer Proof replay took 5.8ns 
28194      INFO  main            d.u.i.k.p.r.p.TestFile    ... finished proof: closed. 
28356      INFO  main            d.u.i.k.p.i.AbstractProblemLoader Loading environment from /home/runner/work/key/key/key.core/../key.ui/examples/heap/list_ghost/ArrayList_enlarge.key.proof 
28356      DEBUG main            d.u.i.k.p.i.AbstractProblemLoader Environment load took 217.41ns 
28361      INFO  main            d.u.i.k.p.i.AbstractProblemLoader Creating init config 
31010      DEBUG main            d.u.i.k.p.i.AbstractProblemLoader Init config took 2.65s 
31057      INFO  main            d.u.i.k.p.i.AbstractProblemLoader Replaying proof ArrayList[ArrayList::enlarge()].JML normal_behavior operation contract.0 
31505      DEBUG main            d.u.i.k.p.i.IntermediateProofReplayer Proof replay took 436.69ms 
31508      DEBUG main            d.u.i.k.p.r.p.TestFile    ... success: reloaded. 
31509      INFO  main            d.u.i.k.p.r.p.TestFile    Now processing file /home/runner/work/key/key/key.core/../key.ui/examples/heap/list_ghost/ArrayList_get_dep.key 
31510      INFO  main            d.u.i.k.p.i.AbstractProblemLoader Loading environment from /home/runner/work/key/key/key.core/../key.ui/examples/heap/list_ghost/ArrayList_get_dep.key 
31510      DEBUG main            d.u.i.k.p.i.AbstractProblemLoader Environment load took 237.81ns 
31511      INFO  main            d.u.i.k.p.i.AbstractProblemLoader Creating init config 
34121      DEBUG main            d.u.i.k.p.i.AbstractProblemLoader Init config took 2.61s 
34199      INFO  main            d.u.i.k.p.i.AbstractProblemLoader Replaying proof ArrayList[List::get(int)].JML accessible clause.0 
34201      DEBUG main            d.u.i.k.p.i.IntermediateProofReplayer Proof replay took 6.7ns 
34505      INFO  main            d.u.i.k.p.r.p.TestFile    ... finished proof: closed. 
34674      INFO  main            d.u.i.k.p.i.AbstractProblemLoader Loading environment from /home/runner/work/key/key/key.core/../key.ui/examples/heap/list_ghost/ArrayList_get_dep.key.proof 
34674      DEBUG main            d.u.i.k.p.i.AbstractProblemLoader Environment load took 126.8ns 
34675      INFO  main            d.u.i.k.p.i.AbstractProblemLoader Creating init config 
37258      DEBUG main            d.u.i.k.p.i.AbstractProblemLoader Init config took 2.58s 
37301      INFO  main            d.u.i.k.p.i.AbstractProblemLoader Replaying proof ArrayList[List::get(int)].JML accessible clause.0 
37364      DEBUG main            d.u.i.k.p.i.IntermediateProofReplayer Proof replay took 59.75ms 
37365      DEBUG main            d.u.i.k.p.r.p.TestFile    ... success: reloaded. 
37366      INFO  main            d.u.i.k.p.r.p.TestFile    Now processing file /home/runner/work/key/key/key.core/../key.ui/examples/heap/list_ghost/ArrayList_get_exceptional.key 
37367      INFO  main            d.u.i.k.p.i.AbstractProblemLoader Loading environment from /home/runner/work/key/key/key.core/../key.ui/examples/heap/list_ghost/ArrayList_get_exceptional.key 
37367      DEBUG main            d.u.i.k.p.i.AbstractProblemLoader Environment load took 234.21ns 
37368      INFO  main            d.u.i.k.p.i.AbstractProblemLoader Creating init config 
39955      DEBUG main            d.u.i.k.p.i.AbstractProblemLoader Init config took 2.59s 
40001      INFO  main            d.u.i.k.p.i.AbstractProblemLoader Replaying proof ArrayList[List::get(int)].JML exceptional_behavior operation contract.0 
40005      DEBUG main            d.u.i.k.p.i.IntermediateProofReplayer Proof replay took 6.8ns 
40711      INFO  main            d.u.i.k.p.r.p.TestFile    ... finished proof: closed. 
40952      INFO  main            d.u.i.k.p.i.AbstractProblemLoader Loading environment from /home/runner/work/key/key/key.core/../key.ui/examples/heap/list_ghost/ArrayList_get_exceptional.key.proof 
40952      DEBUG main            d.u.i.k.p.i.AbstractProblemLoader Environment load took 647.32ns 
40954      INFO  main            d.u.i.k.p.i.AbstractProblemLoader Creating init config 
43539      DEBUG main            d.u.i.k.p.i.AbstractProblemLoader Init config took 2.59s 
43582      INFO  main            d.u.i.k.p.i.AbstractProblemLoader Replaying proof ArrayList[List::get(int)].JML exceptional_behavior operation contract.0 
43754      DEBUG main            d.u.i.k.p.i.IntermediateProofReplayer Proof replay took 155.57ms 
43756      DEBUG main            d.u.i.k.p.r.p.TestFile    ... success: reloaded. 
43757      INFO  main            d.u.i.k.p.r.p.TestFile    Now processing file /home/runner/work/key/key/key.core/../key.ui/examples/heap/list_ghost/ArrayList_get_normal.key 
43757      INFO  main            d.u.i.k.p.i.AbstractProblemLoader Loading environment from /home/runner/work/key/key/key.core/../key.ui/examples/heap/list_ghost/ArrayList_get_normal.key 
43758      DEBUG main            d.u.i.k.p.i.AbstractProblemLoader Environment load took 248.41ns 
43759      INFO  main            d.u.i.k.p.i.AbstractProblemLoader Creating init config 
46273      DEBUG main            d.u.i.k.p.i.AbstractProblemLoader Init config took 2.51s 
46315      INFO  main            d.u.i.k.p.i.AbstractProblemLoader Replaying proof ArrayList[List::get(int)].JML normal_behavior operation contract.0 
46317      DEBUG main            d.u.i.k.p.i.IntermediateProofReplayer Proof replay took 6.6ns 
46522      INFO  main            d.u.i.k.p.r.p.TestFile    ... finished proof: closed. 
46698      INFO  main            d.u.i.k.p.i.AbstractProblemLoader Loading environment from /home/runner/work/key/key/key.core/../key.ui/examples/heap/list_ghost/ArrayList_get_normal.key.proof 
46698      DEBUG main            d.u.i.k.p.i.AbstractProblemLoader Environment load took 136.4ns 
46699      INFO  main            d.u.i.k.p.i.AbstractProblemLoader Creating init config 
49167      DEBUG main            d.u.i.k.p.i.AbstractProblemLoader Init config took 2.47s 
49230      INFO  main            d.u.i.k.p.i.AbstractProblemLoader Replaying proof ArrayList[List::get(int)].JML normal_behavior operation contract.0 
49280      DEBUG main            d.u.i.k.p.i.IntermediateProofReplayer Proof replay took 47.17ms 
49281      DEBUG main            d.u.i.k.p.r.p.TestFile    ... success: reloaded. 
49282      INFO  main            d.u.i.k.p.r.p.TestFile    Now processing file /home/runner/work/key/key/key.core/../key.ui/examples/heap/list_ghost/ArrayList_inv.key 
49283      INFO  main            d.u.i.k.p.i.AbstractProblemLoader Loading environment from /home/runner/work/key/key/key.core/../key.ui/examples/heap/list_ghost/ArrayList_inv.key 
49283      DEBUG main            d.u.i.k.p.i.AbstractProblemLoader Environment load took 103ns 
49284      INFO  main            d.u.i.k.p.i.AbstractProblemLoader Creating init config 
51802      DEBUG main            d.u.i.k.p.i.AbstractProblemLoader Init config took 2.52s 
51857      INFO  main            d.u.i.k.p.i.AbstractProblemLoader Replaying proof ArrayList[java.lang.Object::<inv>()].JML accessible clause.0 
51860      DEBUG main            d.u.i.k.p.i.IntermediateProofReplayer Proof replay took 7ns 
51962      INFO  main            d.u.i.k.p.r.p.TestFile    ... finished proof: closed. 
52127      INFO  main            d.u.i.k.p.i.AbstractProblemLoader Loading environment from /home/runner/work/key/key/key.core/../key.ui/examples/heap/list_ghost/ArrayList_inv.key.proof 
52127      DEBUG main            d.u.i.k.p.i.AbstractProblemLoader Environment load took 124.9ns 
52128      INFO  main            d.u.i.k.p.i.AbstractProblemLoader Creating init config 
54607      DEBUG main            d.u.i.k.p.i.AbstractProblemLoader Init config took 2.48s 
54650      INFO  main            d.u.i.k.p.i.AbstractProblemLoader Replaying proof ArrayList[java.lang.Object::<inv>()].JML accessible clause.0 
54663      DEBUG main            d.u.i.k.p.i.IntermediateProofReplayer Proof replay took 9.61ms 
54664      DEBUG main            d.u.i.k.p.r.p.TestFile    ... success: reloaded. 
54665      INFO  main            d.u.i.k.p.r.p.TestFile    Now processing file /home/runner/work/key/key/key.core/../key.ui/examples/heap/list_ghost/ArrayList_size_dep.key 
54665      INFO  main            d.u.i.k.p.i.AbstractProblemLoader Loading environment from /home/runner/work/key/key/key.core/../key.ui/examples/heap/list_ghost/ArrayList_size_dep.key 
54665      DEBUG main            d.u.i.k.p.i.AbstractProblemLoader Environment load took 103.2ns 
54666      INFO  main            d.u.i.k.p.i.AbstractProblemLoader Creating init config 
57188      DEBUG main            d.u.i.k.p.i.AbstractProblemLoader Init config took 2.52s 
57226      INFO  main            d.u.i.k.p.i.AbstractProblemLoader Replaying proof ArrayList[List::size()].JML accessible clause.0 
57228      DEBUG main            d.u.i.k.p.i.IntermediateProofReplayer Proof replay took 6.6ns 
57331      INFO  main            d.u.i.k.p.r.p.TestFile    ... finished proof: closed. 
57507      INFO  main            d.u.i.k.p.i.AbstractProblemLoader Loading environment from /home/runner/work/key/key/key.core/../key.ui/examples/heap/list_ghost/ArrayList_size_dep.key.proof 
57507      DEBUG main            d.u.i.k.p.i.AbstractProblemLoader Environment load took 139.7ns 
57508      INFO  main            d.u.i.k.p.i.AbstractProblemLoader Creating init config 
59991      DEBUG main            d.u.i.k.p.i.AbstractProblemLoader Init config took 2.48s 
60029      INFO  main            d.u.i.k.p.i.AbstractProblemLoader Replaying proof ArrayList[List::size()].JML accessible clause.0 
60052      DEBUG main            d.u.i.k.p.i.IntermediateProofReplayer Proof replay took 21.46ms 
60061      DEBUG main            d.u.i.k.p.r.p.TestFile    ... success: reloaded. 
60062      INFO  main            d.u.i.k.p.r.p.TestFile    Now processing file /home/runner/work/key/key/key.core/../key.ui/examples/heap/list_ghost/ArrayList_size.key 
60063      INFO  main            d.u.i.k.p.i.AbstractProblemLoader Loading environment from /home/runner/work/key/key/key.core/../key.ui/examples/heap/list_ghost/ArrayList_size.key 
60063      DEBUG main            d.u.i.k.p.i.AbstractProblemLoader Environment load took 100.1ns 
60063      INFO  main            d.u.i.k.p.i.AbstractProblemLoader Creating init config 
62621      DEBUG main            d.u.i.k.p.i.AbstractProblemLoader Init config took 2.56s 
62676      INFO  main            d.u.i.k.p.i.AbstractProblemLoader Replaying proof ArrayList[List::size()].JML normal_behavior operation contract.0 
62678      DEBUG main            d.u.i.k.p.i.IntermediateProofReplayer Proof replay took 6.6ns 
62780      INFO  main            d.u.i.k.p.r.p.TestFile    ... finished proof: closed. 
63006      INFO  main            d.u.i.k.p.i.AbstractProblemLoader Loading environment from /home/runner/work/key/key/key.core/../key.ui/examples/heap/list_ghost/ArrayList_size.key.proof 
63006      DEBUG main            d.u.i.k.p.i.AbstractProblemLoader Environment load took 128.2ns 
63007      INFO  main            d.u.i.k.p.i.AbstractProblemLoader Creating init config 
65471      DEBUG main            d.u.i.k.p.i.AbstractProblemLoader Init config took 2.46s 
65508      INFO  main            d.u.i.k.p.i.AbstractProblemLoader Replaying proof ArrayList[List::size()].JML normal_behavior operation contract.0 
65524      DEBUG main            d.u.i.k.p.i.IntermediateProofReplayer Proof replay took 13.43ms 
65525      DEBUG main            d.u.i.k.p.r.p.TestFile    ... success: reloaded. 
1167731    INFO  Test worker     d.u.i.k.p.r.RunAllProofsTestUnit Returning from test list_ghost 
1167732    INFO  Test worker     d.u.i.k.p.r.RunAllProofsTestUnit Running test list_recursive 
333        INFO  Timeout watchdog d.u.i.k.p.r.p.ForkedTestFileRunner Timeout watcher launched (2000 secs.) 
352        WARN  main            d.u.i.k.s.ProofSettings   The settings in /home/runner/.key/proof-settings.props are *not* read. 
386        INFO  main            d.u.i.k.p.r.p.TestFile    Now processing file /home/runner/work/key/key/key.core/../key.ui/examples/heap/list_recursiveSpec/ListOperationsNonNull_getNextNN_normal_behavior.key 
511        INFO  main            d.u.i.k.p.i.AbstractProblemLoader Loading environment from /home/runner/work/key/key/key.core/../key.ui/examples/heap/list_recursiveSpec/ListOperationsNonNull_getNextNN_normal_behavior.key 
532        DEBUG main            d.u.i.k.p.i.AbstractProblemLoader Environment load took 2.22ms 
739        INFO  main            d.u.i.k.p.i.AbstractProblemLoader Creating init config 
1610       DEBUG main            d.u.i.k.j.TypeConverter   No LDT found for Meta 
1611       DEBUG main            d.u.i.k.j.TypeConverter   No LDT found for Meta 
1612       DEBUG main            d.u.i.k.j.TypeConverter   No LDT found for Meta 
1613       DEBUG main            d.u.i.k.j.TypeConverter   No LDT found for Meta 
2894       DEBUG main            d.u.i.k.j.TypeConverter   No LDT found for JavaBigintExpression 
8115       DEBUG main            d.u.i.k.p.i.AbstractProblemLoader Init config took 7.38s 
8246       INFO  main            d.u.i.k.p.i.AbstractProblemLoader Replaying proof ListOperationsNonNull[ListOperationsNonNull::getNextNN(ListNN,int)].JML normal_behavior operation contract.0 
8278       DEBUG main            d.u.i.k.p.i.IntermediateProofReplayer Proof replay took 32.6ns 
9719       INFO  main            d.u.i.k.p.r.p.TestFile    ... finished proof: closed. 
9848       INFO  main            d.u.i.k.p.i.AbstractProblemLoader Loading environment from /home/runner/work/key/key/key.core/../key.ui/examples/heap/list_recursiveSpec/ListOperationsNonNull_getNextNN_normal_behavior.key.proof 
9848       DEBUG main            d.u.i.k.p.i.AbstractProblemLoader Environment load took 543.31ns 
9851       INFO  main            d.u.i.k.p.i.AbstractProblemLoader Creating init config 
12945      DEBUG main            d.u.i.k.p.i.AbstractProblemLoader Init config took 3.09s 
13014      INFO  main            d.u.i.k.p.i.AbstractProblemLoader Replaying proof ListOperationsNonNull[ListOperationsNonNull::getNextNN(ListNN,int)].JML normal_behavior operation contract.0 
13207      DEBUG main            d.u.i.k.p.i.IntermediateProofReplayer Proof replay took 185.28ms 
13216      DEBUG main            d.u.i.k.p.r.p.TestFile    ... success: reloaded. 
13219      INFO  main            d.u.i.k.p.r.p.TestFile    Now processing file /home/runner/work/key/key/key.core/../key.ui/examples/heap/list_recursiveSpec/ListOperationsNonNull_setValueAt_normal_behavior.key 
13220      INFO  main            d.u.i.k.p.i.AbstractProblemLoader Loading environment from /home/runner/work/key/key/key.core/../key.ui/examples/heap/list_recursiveSpec/ListOperationsNonNull_setValueAt_normal_behavior.key 
13220      DEBUG main            d.u.i.k.p.i.AbstractProblemLoader Environment load took 137.2ns 
13223      INFO  main            d.u.i.k.p.i.AbstractProblemLoader Creating init config 
16247      DEBUG main            d.u.i.k.p.i.AbstractProblemLoader Init config took 3.02s 
16315      INFO  main            d.u.i.k.p.i.AbstractProblemLoader Replaying proof ListOperationsNonNull[ListOperationsNonNull::setValueAt_NN(ListNN,int,int)].JML normal_behavior operation contract.0 
16318      DEBUG main            d.u.i.k.p.i.IntermediateProofReplayer Proof replay took 6.8ns 
16344      DEBUG main            d.u.i.k.m.s.ProofScriptEngine 1: 'macro autopilot' 
18586      DEBUG main            d.u.i.k.m.s.ProofScriptEngine 2: 'macro simp-upd' 
18594      DEBUG main            d.u.i.k.m.s.ProofScriptEngine 3: 'rule observerDependencyEQ' 
18620      DEBUG main            d.u.i.k.m.s.ProofScriptEngine 4: 'tryclose' 
18647      INFO  main            d.u.i.k.p.r.p.TestFile    ... finished proof: closed. 
18851      INFO  main            d.u.i.k.p.i.AbstractProblemLoader Loading environment from /home/runner/work/key/key/key.core/../key.ui/examples/heap/list_recursiveSpec/ListOperationsNonNull_setValueAt_normal_behavior.key.proof 
18851      DEBUG main            d.u.i.k.p.i.AbstractProblemLoader Environment load took 511.71ns 
18859      INFO  main            d.u.i.k.p.i.AbstractProblemLoader Creating init config 
21699      DEBUG main            d.u.i.k.p.i.AbstractProblemLoader Init config took 2.84s 
21753      INFO  main            d.u.i.k.p.i.AbstractProblemLoader Replaying proof ListOperationsNonNull[ListOperationsNonNull::setValueAt_NN(ListNN,int,int)].JML normal_behavior operation contract.0 
21886      DEBUG main            d.u.i.k.p.i.IntermediateProofReplayer Proof replay took 127.13ms 
21887      DEBUG main            d.u.i.k.p.r.p.TestFile    ... success: reloaded. 
1189799    INFO  Test worker     d.u.i.k.p.r.RunAllProofsTestUnit Returning from test list_recursive 
1189800    INFO  Test worker     d.u.i.k.p.r.RunAllProofsTestUnit Running test list_seq 
362        INFO  Timeout watchdog d.u.i.k.p.r.p.ForkedTestFileRunner Timeout watcher launched (2000 secs.) 
380        WARN  main            d.u.i.k.s.ProofSettings   The settings in /home/runner/.key/proof-settings.props are *not* read. 
409        INFO  main            d.u.i.k.p.r.p.TestFile    Now processing file /home/runner/work/key/key/key.core/../key.ui/examples/heap/list_seq/SimplifiedLinkedList.remove.key 
517        INFO  main            d.u.i.k.p.i.AbstractProblemLoader Loading environment from /home/runner/work/key/key/key.core/../key.ui/examples/heap/list_seq/SimplifiedLinkedList.remove.key 
533        DEBUG main            d.u.i.k.p.i.AbstractProblemLoader Environment load took 1.75ms 
742        INFO  main            d.u.i.k.p.i.AbstractProblemLoader Creating init config 
1595       DEBUG main            d.u.i.k.j.TypeConverter   No LDT found for Meta 
1595       DEBUG main            d.u.i.k.j.TypeConverter   No LDT found for Meta 
1597       DEBUG main            d.u.i.k.j.TypeConverter   No LDT found for Meta 
1597       DEBUG main            d.u.i.k.j.TypeConverter   No LDT found for Meta 
2856       DEBUG main            d.u.i.k.j.TypeConverter   No LDT found for JavaBigintExpression 
8591       DEBUG main            d.u.i.k.p.i.AbstractProblemLoader Init config took 7.85s 
8828       INFO  main            d.u.i.k.p.i.AbstractProblemLoader Replaying proof SimplifiedLinkedList[SimplifiedLinkedList::remove(int)].JML normal_behavior operation contract.0 
8930       DEBUG main            d.u.i.k.p.i.IntermediateProofReplayer Proof replay took 37.9ns 
84315      INFO  main            d.u.i.k.p.r.p.TestFile    ... finished proof: closed. 
84771      INFO  main            d.u.i.k.p.i.AbstractProblemLoader Loading environment from /home/runner/work/key/key/key.core/../key.ui/examples/heap/list_seq/SimplifiedLinkedList.remove.key.proof 
84771      DEBUG main            d.u.i.k.p.i.AbstractProblemLoader Environment load took 560.91ns 
84786      INFO  main            d.u.i.k.p.i.AbstractProblemLoader Creating init config 
88078      DEBUG main            d.u.i.k.p.i.AbstractProblemLoader Init config took 3.29s 
88187      INFO  main            d.u.i.k.p.i.AbstractProblemLoader Replaying proof SimplifiedLinkedList[SimplifiedLinkedList::remove(int)].JML normal_behavior operation contract.0 
92283      DEBUG main            d.u.i.k.p.i.IntermediateProofReplayer Proof replay took 3.83s 
92302      DEBUG main            d.u.i.k.p.r.p.TestFile    ... success: reloaded. 
92304      INFO  main            d.u.i.k.p.r.p.TestFile    Now processing file /home/runner/work/key/key/key.core/../key.ui/examples/heap/list_seq/ArrayList.ArrayList.key 
92304      INFO  main            d.u.i.k.p.i.AbstractProblemLoader Loading environment from /home/runner/work/key/key/key.core/../key.ui/examples/heap/list_seq/ArrayList.ArrayList.key 
92305      DEBUG main            d.u.i.k.p.i.AbstractProblemLoader Environment load took 293.41ns 
92306      INFO  main            d.u.i.k.p.i.AbstractProblemLoader Creating init config 
95492      DEBUG main            d.u.i.k.p.i.AbstractProblemLoader Init config took 3.19s 
95576      INFO  main            d.u.i.k.p.i.AbstractProblemLoader Replaying proof ArrayList[ArrayList::ArrayList()].JML normal_behavior operation contract.0 
95578      DEBUG main            d.u.i.k.p.i.IntermediateProofReplayer Proof replay took 6ns 
96483      INFO  main            d.u.i.k.p.r.p.TestFile    ... finished proof: closed. 
96693      INFO  main            d.u.i.k.p.i.AbstractProblemLoader Loading environment from /home/runner/work/key/key/key.core/../key.ui/examples/heap/list_seq/ArrayList.ArrayList.key.proof 
96694      DEBUG main            d.u.i.k.p.i.AbstractProblemLoader Environment load took 468.71ns 
96695      INFO  main            d.u.i.k.p.i.AbstractProblemLoader Creating init config 
99740      DEBUG main            d.u.i.k.p.i.AbstractProblemLoader Init config took 3.04s 
99816      INFO  main            d.u.i.k.p.i.AbstractProblemLoader Replaying proof ArrayList[ArrayList::ArrayList()].JML normal_behavior operation contract.0 
99953      DEBUG main            d.u.i.k.p.i.IntermediateProofReplayer Proof replay took 131.53ms 
99955      DEBUG main            d.u.i.k.p.r.p.TestFile    ... success: reloaded. 
99956      INFO  main            d.u.i.k.p.r.p.TestFile    Now processing file /home/runner/work/key/key/key.core/../key.ui/examples/heap/list_seq/ArrayList.add.key 
99957      INFO  main            d.u.i.k.p.i.AbstractProblemLoader Loading environment from /home/runner/work/key/key/key.core/../key.ui/examples/heap/list_seq/ArrayList.add.key 
99957      DEBUG main            d.u.i.k.p.i.AbstractProblemLoader Environment load took 236.51ns 
99958      INFO  main            d.u.i.k.p.i.AbstractProblemLoader Creating init config 
103073     DEBUG main            d.u.i.k.p.i.AbstractProblemLoader Init config took 3.11s 
103155     INFO  main            d.u.i.k.p.i.AbstractProblemLoader Replaying proof ArrayList[List::add(java.lang.Object)].JML normal_behavior operation contract.0 
103157     DEBUG main            d.u.i.k.p.i.IntermediateProofReplayer Proof replay took 5.4ns 
106265     INFO  main            d.u.i.k.p.r.p.TestFile    ... finished proof: closed. 
106456     INFO  main            d.u.i.k.p.i.AbstractProblemLoader Loading environment from /home/runner/work/key/key/key.core/../key.ui/examples/heap/list_seq/ArrayList.add.key.proof 
106456     DEBUG main            d.u.i.k.p.i.AbstractProblemLoader Environment load took 476.01ns 
106458     INFO  main            d.u.i.k.p.i.AbstractProblemLoader Creating init config 
109532     DEBUG main            d.u.i.k.p.i.AbstractProblemLoader Init config took 3.07s 
109606     INFO  main            d.u.i.k.p.i.AbstractProblemLoader Replaying proof ArrayList[List::add(java.lang.Object)].JML normal_behavior operation contract.0 
110061     DEBUG main            d.u.i.k.p.i.IntermediateProofReplayer Proof replay took 440.1ms 
110063     DEBUG main            d.u.i.k.p.r.p.TestFile    ... success: reloaded. 
110066     INFO  main            d.u.i.k.p.r.p.TestFile    Now processing file /home/runner/work/key/key/key.core/../key.ui/examples/heap/list_seq/ArrayList.contains.key 
110066     INFO  main            d.u.i.k.p.i.AbstractProblemLoader Loading environment from /home/runner/work/key/key/key.core/../key.ui/examples/heap/list_seq/ArrayList.contains.key 
110074     DEBUG main            d.u.i.k.p.i.AbstractProblemLoader Environment load took 7.65ms 
110075     INFO  main            d.u.i.k.p.i.AbstractProblemLoader Creating init config 
113134     DEBUG main            d.u.i.k.p.i.AbstractProblemLoader Init config took 3.06s 
113207     INFO  main            d.u.i.k.p.i.AbstractProblemLoader Replaying proof ArrayList[List::contains(java.lang.Object)].JML normal_behavior operation contract.0 
113209     DEBUG main            d.u.i.k.p.i.IntermediateProofReplayer Proof replay took 5.6ns 
114715     INFO  main            d.u.i.k.p.r.p.TestFile    ... finished proof: closed. 
114914     INFO  main            d.u.i.k.p.i.AbstractProblemLoader Loading environment from /home/runner/work/key/key/key.core/../key.ui/examples/heap/list_seq/ArrayList.contains.key.proof 
114915     DEBUG main            d.u.i.k.p.i.AbstractProblemLoader Environment load took 539.71ns 
114916     INFO  main            d.u.i.k.p.i.AbstractProblemLoader Creating init config 
117951     DEBUG main            d.u.i.k.p.i.AbstractProblemLoader Init config took 3.03s 
118040     INFO  main            d.u.i.k.p.i.AbstractProblemLoader Replaying proof ArrayList[List::contains(java.lang.Object)].JML normal_behavior operation contract.0 
118288     DEBUG main            d.u.i.k.p.i.IntermediateProofReplayer Proof replay took 241.12ms 
118290     DEBUG main            d.u.i.k.p.r.p.TestFile    ... success: reloaded. 
118291     INFO  main            d.u.i.k.p.r.p.TestFile    Now processing file /home/runner/work/key/key/key.core/../key.ui/examples/heap/list_seq/ArrayList.enlarge.key 
118292     INFO  main            d.u.i.k.p.i.AbstractProblemLoader Loading environment from /home/runner/work/key/key/key.core/../key.ui/examples/heap/list_seq/ArrayList.enlarge.key 
118292     DEBUG main            d.u.i.k.p.i.AbstractProblemLoader Environment load took 223.21ns 
118293     INFO  main            d.u.i.k.p.i.AbstractProblemLoader Creating init config 
121360     DEBUG main            d.u.i.k.p.i.AbstractProblemLoader Init config took 3.07s 
121433     INFO  main            d.u.i.k.p.i.AbstractProblemLoader Replaying proof ArrayList[ArrayList::enlarge()].JML normal_behavior operation contract.0 
121435     DEBUG main            d.u.i.k.p.i.IntermediateProofReplayer Proof replay took 5.6ns 
123453     INFO  main            d.u.i.k.p.r.p.TestFile    ... finished proof: closed. 
123650     INFO  main            d.u.i.k.p.i.AbstractProblemLoader Loading environment from /home/runner/work/key/key/key.core/../key.ui/examples/heap/list_seq/ArrayList.enlarge.key.proof 
123650     DEBUG main            d.u.i.k.p.i.AbstractProblemLoader Environment load took 468.71ns 
123652     INFO  main            d.u.i.k.p.i.AbstractProblemLoader Creating init config 
126618     DEBUG main            d.u.i.k.p.i.AbstractProblemLoader Init config took 2.97s 
126701     INFO  main            d.u.i.k.p.i.AbstractProblemLoader Replaying proof ArrayList[ArrayList::enlarge()].JML normal_behavior operation contract.0 
127015     DEBUG main            d.u.i.k.p.i.IntermediateProofReplayer Proof replay took 305.21ms 
127017     DEBUG main            d.u.i.k.p.r.p.TestFile    ... success: reloaded. 
127018     INFO  main            d.u.i.k.p.r.p.TestFile    Now processing file /home/runner/work/key/key/key.core/../key.ui/examples/heap/list_seq/ArrayList.get.key 
127018     INFO  main            d.u.i.k.p.i.AbstractProblemLoader Loading environment from /home/runner/work/key/key/key.core/../key.ui/examples/heap/list_seq/ArrayList.get.key 
127019     DEBUG main            d.u.i.k.p.i.AbstractProblemLoader Environment load took 759.62ns 
127020     INFO  main            d.u.i.k.p.i.AbstractProblemLoader Creating init config 
130025     DEBUG main            d.u.i.k.p.i.AbstractProblemLoader Init config took 3s 
130095     INFO  main            d.u.i.k.p.i.AbstractProblemLoader Replaying proof ArrayList[List::get(int)].JML normal_behavior operation contract.0 
130097     DEBUG main            d.u.i.k.p.i.IntermediateProofReplayer Proof replay took 6.8ns 
130603     INFO  main            d.u.i.k.p.r.p.TestFile    ... finished proof: closed. 
130805     INFO  main            d.u.i.k.p.i.AbstractProblemLoader Loading environment from /home/runner/work/key/key/key.core/../key.ui/examples/heap/list_seq/ArrayList.get.key.proof 
130806     DEBUG main            d.u.i.k.p.i.AbstractProblemLoader Environment load took 477.71ns 
130807     INFO  main            d.u.i.k.p.i.AbstractProblemLoader Creating init config 
133789     DEBUG main            d.u.i.k.p.i.AbstractProblemLoader Init config took 2.98s 
133859     INFO  main            d.u.i.k.p.i.AbstractProblemLoader Replaying proof ArrayList[List::get(int)].JML normal_behavior operation contract.0 
133921     DEBUG main            d.u.i.k.p.i.IntermediateProofReplayer Proof replay took 59.19ms 
133922     DEBUG main            d.u.i.k.p.r.p.TestFile    ... success: reloaded. 
133923     INFO  main            d.u.i.k.p.r.p.TestFile    Now processing file /home/runner/work/key/key/key.core/../key.ui/examples/heap/list_seq/ArrayList.newArray.key 
133923     INFO  main            d.u.i.k.p.i.AbstractProblemLoader Loading environment from /home/runner/work/key/key/key.core/../key.ui/examples/heap/list_seq/ArrayList.newArray.key 
133924     DEBUG main            d.u.i.k.p.i.AbstractProblemLoader Environment load took 107.2ns 
133924     INFO  main            d.u.i.k.p.i.AbstractProblemLoader Creating init config 
136963     DEBUG main            d.u.i.k.p.i.AbstractProblemLoader Init config took 3.04s 
137051     INFO  main            d.u.i.k.p.i.AbstractProblemLoader Replaying proof ArrayList[ArrayList::newArray(int)].JML normal_behavior operation contract.0 
137053     DEBUG main            d.u.i.k.p.i.IntermediateProofReplayer Proof replay took 6ns 
137358     INFO  main            d.u.i.k.p.r.p.TestFile    ... finished proof: closed. 
137552     INFO  main            d.u.i.k.p.i.AbstractProblemLoader Loading environment from /home/runner/work/key/key/key.core/../key.ui/examples/heap/list_seq/ArrayList.newArray.key.proof 
137552     DEBUG main            d.u.i.k.p.i.AbstractProblemLoader Environment load took 125.3ns 
137553     INFO  main            d.u.i.k.p.i.AbstractProblemLoader Creating init config 
140514     DEBUG main            d.u.i.k.p.i.AbstractProblemLoader Init config took 2.96s 
140593     INFO  main            d.u.i.k.p.i.AbstractProblemLoader Replaying proof ArrayList[ArrayList::newArray(int)].JML normal_behavior operation contract.0 
140645     DEBUG main            d.u.i.k.p.i.IntermediateProofReplayer Proof replay took 49.17ms 
140647     DEBUG main            d.u.i.k.p.r.p.TestFile    ... success: reloaded. 
140648     INFO  main            d.u.i.k.p.r.p.TestFile    Now processing file /home/runner/work/key/key/key.core/../key.ui/examples/heap/list_seq/ArrayList.remove.0.key 
140648     INFO  main            d.u.i.k.p.i.AbstractProblemLoader Loading environment from /home/runner/work/key/key/key.core/../key.ui/examples/heap/list_seq/ArrayList.remove.0.key 
140648     DEBUG main            d.u.i.k.p.i.AbstractProblemLoader Environment load took 233.5ns 
140649     INFO  main            d.u.i.k.p.i.AbstractProblemLoader Creating init config 
143586     DEBUG main            d.u.i.k.p.i.AbstractProblemLoader Init config took 2.94s 
143653     INFO  main            d.u.i.k.p.i.AbstractProblemLoader Replaying proof ArrayList[List::remove(java.lang.Object)].JML normal_behavior operation contract.0 
143654     DEBUG main            d.u.i.k.p.i.IntermediateProofReplayer Proof replay took 5.4ns 
145460     INFO  main            d.u.i.k.p.r.p.TestFile    ... finished proof: closed. 
145680     INFO  main            d.u.i.k.p.i.AbstractProblemLoader Loading environment from /home/runner/work/key/key/key.core/../key.ui/examples/heap/list_seq/ArrayList.remove.0.key.proof 
145681     DEBUG main            d.u.i.k.p.i.AbstractProblemLoader Environment load took 475.11ns 
145682     INFO  main            d.u.i.k.p.i.AbstractProblemLoader Creating init config 
148600     DEBUG main            d.u.i.k.p.i.AbstractProblemLoader Init config took 2.92s 
148676     INFO  main            d.u.i.k.p.i.AbstractProblemLoader Replaying proof ArrayList[List::remove(java.lang.Object)].JML normal_behavior operation contract.0 
149150     DEBUG main            d.u.i.k.p.i.IntermediateProofReplayer Proof replay took 465.13ms 
149151     DEBUG main            d.u.i.k.p.r.p.TestFile    ... success: reloaded. 
149152     INFO  main            d.u.i.k.p.r.p.TestFile    Now processing file /home/runner/work/key/key/key.core/../key.ui/examples/heap/list_seq/ArrayList.remove.1.key 
149153     INFO  main            d.u.i.k.p.i.AbstractProblemLoader Loading environment from /home/runner/work/key/key/key.core/../key.ui/examples/heap/list_seq/ArrayList.remove.1.key 
149153     DEBUG main            d.u.i.k.p.i.AbstractProblemLoader Environment load took 236.91ns 
149154     INFO  main            d.u.i.k.p.i.AbstractProblemLoader Creating init config 
152122     DEBUG main            d.u.i.k.p.i.AbstractProblemLoader Init config took 2.97s 
152210     INFO  main            d.u.i.k.p.i.AbstractProblemLoader Replaying proof ArrayList[List::remove(java.lang.Object)].JML normal_behavior operation contract.1 
152212     DEBUG main            d.u.i.k.p.i.IntermediateProofReplayer Proof replay took 6.4ns 
163040     INFO  main            d.u.i.k.p.r.p.TestFile    ... finished proof: closed. 
163306     INFO  main            d.u.i.k.p.i.AbstractProblemLoader Loading environment from /home/runner/work/key/key/key.core/../key.ui/examples/heap/list_seq/ArrayList.remove.1.key.proof 
163306     DEBUG main            d.u.i.k.p.i.AbstractProblemLoader Environment load took 482.81ns 
163309     INFO  main            d.u.i.k.p.i.AbstractProblemLoader Creating init config 
166218     DEBUG main            d.u.i.k.p.i.AbstractProblemLoader Init config took 2.91s 
166284     INFO  main            d.u.i.k.p.i.AbstractProblemLoader Replaying proof ArrayList[List::remove(java.lang.Object)].JML normal_behavior operation contract.1 
167682     DEBUG main            d.u.i.k.p.i.IntermediateProofReplayer Proof replay took 1.36s 
167685     DEBUG main            d.u.i.k.p.r.p.TestFile    ... success: reloaded. 
1357674    INFO  Test worker     d.u.i.k.p.r.RunAllProofsTestUnit Returning from test list_seq 
1357676    INFO  Test worker     d.u.i.k.p.r.RunAllProofsTestUnit Running test observer 
316        INFO  Timeout watchdog d.u.i.k.p.r.p.ForkedTestFileRunner Timeout watcher launched (2000 secs.) 
326        WARN  main            d.u.i.k.s.ProofSettings   The settings in /home/runner/.key/proof-settings.props are *not* read. 
352        INFO  main            d.u.i.k.p.r.p.TestFile    Now processing file /home/runner/work/key/key/key.core/../key.ui/examples/heap/observer/ExampleObserver_ExampleObserver.key 
457        INFO  main            d.u.i.k.p.i.AbstractProblemLoader Loading environment from /home/runner/work/key/key/key.core/../key.ui/examples/heap/observer/ExampleObserver_ExampleObserver.key 
478        DEBUG main            d.u.i.k.p.i.AbstractProblemLoader Environment load took 1.98ms 
717        INFO  main            d.u.i.k.p.i.AbstractProblemLoader Creating init config 
1684       DEBUG main            d.u.i.k.j.TypeConverter   No LDT found for Meta 
1685       DEBUG main            d.u.i.k.j.TypeConverter   No LDT found for Meta 
1686       DEBUG main            d.u.i.k.j.TypeConverter   No LDT found for Meta 
1686       DEBUG main            d.u.i.k.j.TypeConverter   No LDT found for Meta 
2969       DEBUG main            d.u.i.k.j.TypeConverter   No LDT found for JavaBigintExpression 
8381       DEBUG main            d.u.i.k.p.i.AbstractProblemLoader Init config took 7.66s 
8531       INFO  main            d.u.i.k.p.i.AbstractProblemLoader Replaying proof ExampleObserver[ExampleObserver::ExampleObserver(ExampleSubject)].JML normal_behavior operation contract.0 
8563       DEBUG main            d.u.i.k.p.i.IntermediateProofReplayer Proof replay took 32.5ns 
9640       INFO  main            d.u.i.k.p.r.p.TestFile    ... finished proof: closed. 
9794       INFO  main            d.u.i.k.p.i.AbstractProblemLoader Loading environment from /home/runner/work/key/key/key.core/../key.ui/examples/heap/observer/ExampleObserver_ExampleObserver.key.proof 
9795       DEBUG main            d.u.i.k.p.i.AbstractProblemLoader Environment load took 491.61ns 
9797       INFO  main            d.u.i.k.p.i.AbstractProblemLoader Creating init config 
12795      DEBUG main            d.u.i.k.p.i.AbstractProblemLoader Init config took 3s 
12863      INFO  main            d.u.i.k.p.i.AbstractProblemLoader Replaying proof ExampleObserver[ExampleObserver::ExampleObserver(ExampleSubject)].JML normal_behavior operation contract.0 
12984      DEBUG main            d.u.i.k.p.i.IntermediateProofReplayer Proof replay took 113.66ms 
12994      DEBUG main            d.u.i.k.p.r.p.TestFile    ... success: reloaded. 
12999      INFO  main            d.u.i.k.p.r.p.TestFile    Now processing file /home/runner/work/key/key/key.core/../key.ui/examples/heap/observer/ExampleObserver_inv.key 
12999      INFO  main            d.u.i.k.p.i.AbstractProblemLoader Loading environment from /home/runner/work/key/key/key.core/../key.ui/examples/heap/observer/ExampleObserver_inv.key 
12999      DEBUG main            d.u.i.k.p.i.AbstractProblemLoader Environment load took 238.21ns 
13003      INFO  main            d.u.i.k.p.i.AbstractProblemLoader Creating init config 
15925      DEBUG main            d.u.i.k.p.i.AbstractProblemLoader Init config took 2.92s 
16007      INFO  main            d.u.i.k.p.i.AbstractProblemLoader Replaying proof ExampleObserver[java.lang.Object::<inv>()].JML accessible clause.0 
16009      DEBUG main            d.u.i.k.p.i.IntermediateProofReplayer Proof replay took 21.6ns 
16112      INFO  main            d.u.i.k.p.r.p.TestFile    ... finished proof: closed. 
16247      INFO  main            d.u.i.k.p.i.AbstractProblemLoader Loading environment from /home/runner/work/key/key/key.core/../key.ui/examples/heap/observer/ExampleObserver_inv.key.proof 
16247      DEBUG main            d.u.i.k.p.i.AbstractProblemLoader Environment load took 134.9ns 
16248      INFO  main            d.u.i.k.p.i.AbstractProblemLoader Creating init config 
19030      DEBUG main            d.u.i.k.p.i.AbstractProblemLoader Init config took 2.78s 
19091      INFO  main            d.u.i.k.p.i.AbstractProblemLoader Replaying proof ExampleObserver[java.lang.Object::<inv>()].JML accessible clause.0 
19110      DEBUG main            d.u.i.k.p.i.IntermediateProofReplayer Proof replay took 16.25ms 
19111      DEBUG main            d.u.i.k.p.r.p.TestFile    ... success: reloaded. 
19112      INFO  main            d.u.i.k.p.r.p.TestFile    Now processing file /home/runner/work/key/key/key.core/../key.ui/examples/heap/observer/ExampleObserver_subject.key 
19113      INFO  main            d.u.i.k.p.i.AbstractProblemLoader Loading environment from /home/runner/work/key/key/key.core/../key.ui/examples/heap/observer/ExampleObserver_subject.key 
19113      DEBUG main            d.u.i.k.p.i.AbstractProblemLoader Environment load took 236.6ns 
19114      INFO  main            d.u.i.k.p.i.AbstractProblemLoader Creating init config 
21920      DEBUG main            d.u.i.k.p.i.AbstractProblemLoader Init config took 2.81s 
21979      INFO  main            d.u.i.k.p.i.AbstractProblemLoader Replaying proof Observer[Observer::$subject()].JML accessible clause.0 
21983      DEBUG main            d.u.i.k.p.i.IntermediateProofReplayer Proof replay took 7.1ns 
22091      INFO  main            d.u.i.k.p.r.p.TestFile    ... finished proof: closed. 
22237      INFO  main            d.u.i.k.p.i.AbstractProblemLoader Loading environment from /home/runner/work/key/key/key.core/../key.ui/examples/heap/observer/ExampleObserver_subject.key.proof 
22237      DEBUG main            d.u.i.k.p.i.AbstractProblemLoader Environment load took 132ns 
22238      INFO  main            d.u.i.k.p.i.AbstractProblemLoader Creating init config 
25022      DEBUG main            d.u.i.k.p.i.AbstractProblemLoader Init config took 2.78s 
25075      INFO  main            d.u.i.k.p.i.AbstractProblemLoader Replaying proof Observer[Observer::$subject()].JML accessible clause.0 
25079      DEBUG main            d.u.i.k.p.i.IntermediateProofReplayer Proof replay took 2ms 
25080      DEBUG main            d.u.i.k.p.r.p.TestFile    ... success: reloaded. 
25081      INFO  main            d.u.i.k.p.r.p.TestFile    Now processing file /home/runner/work/key/key/key.core/../key.ui/examples/heap/observer/ExampleObserver_update.key 
25081      INFO  main            d.u.i.k.p.i.AbstractProblemLoader Loading environment from /home/runner/work/key/key/key.core/../key.ui/examples/heap/observer/ExampleObserver_update.key 
25081      DEBUG main            d.u.i.k.p.i.AbstractProblemLoader Environment load took 115.4ns 
25082      INFO  main            d.u.i.k.p.i.AbstractProblemLoader Creating init config 
27885      DEBUG main            d.u.i.k.p.i.AbstractProblemLoader Init config took 2.8s 
27935      INFO  main            d.u.i.k.p.i.AbstractProblemLoader Replaying proof ExampleObserver[Observer::update()].JML normal_behavior operation contract.0 
27937      DEBUG main            d.u.i.k.p.i.IntermediateProofReplayer Proof replay took 7ns 
28241      INFO  main            d.u.i.k.p.r.p.TestFile    ... finished proof: closed. 
28416      INFO  main            d.u.i.k.p.i.AbstractProblemLoader Loading environment from /home/runner/work/key/key/key.core/../key.ui/examples/heap/observer/ExampleObserver_update.key.proof 
28416      DEBUG main            d.u.i.k.p.i.AbstractProblemLoader Environment load took 497.31ns 
28417      INFO  main            d.u.i.k.p.i.AbstractProblemLoader Creating init config 
31154      DEBUG main            d.u.i.k.p.i.AbstractProblemLoader Init config took 2.74s 
31201      INFO  main            d.u.i.k.p.i.AbstractProblemLoader Replaying proof ExampleObserver[Observer::update()].JML normal_behavior operation contract.0 
31281      DEBUG main            d.u.i.k.p.i.IntermediateProofReplayer Proof replay took 75.22ms 
31282      DEBUG main            d.u.i.k.p.r.p.TestFile    ... success: reloaded. 
31284      INFO  main            d.u.i.k.p.r.p.TestFile    Now processing file /home/runner/work/key/key/key.core/../key.ui/examples/heap/observer/ExampleObserver_upToDate.key 
31284      INFO  main            d.u.i.k.p.i.AbstractProblemLoader Loading environment from /home/runner/work/key/key/key.core/../key.ui/examples/heap/observer/ExampleObserver_upToDate.key 
31285      DEBUG main            d.u.i.k.p.i.AbstractProblemLoader Environment load took 244ns 
31286      INFO  main            d.u.i.k.p.i.AbstractProblemLoader Creating init config 
34045      DEBUG main            d.u.i.k.p.i.AbstractProblemLoader Init config took 2.76s 
34090      INFO  main            d.u.i.k.p.i.AbstractProblemLoader Replaying proof ExampleObserver[Observer::$upToDate()].JML accessible clause.0 
34094      DEBUG main            d.u.i.k.p.i.IntermediateProofReplayer Proof replay took 6.3ns 
34297      INFO  main            d.u.i.k.p.r.p.TestFile    ... finished proof: closed. 
34448      INFO  main            d.u.i.k.p.i.AbstractProblemLoader Loading environment from /home/runner/work/key/key/key.core/../key.ui/examples/heap/observer/ExampleObserver_upToDate.key.proof 
34449      DEBUG main            d.u.i.k.p.i.AbstractProblemLoader Environment load took 124.9ns 
34450      INFO  main            d.u.i.k.p.i.AbstractProblemLoader Creating init config 
37187      DEBUG main            d.u.i.k.p.i.AbstractProblemLoader Init config took 2.74s 
37232      INFO  main            d.u.i.k.p.i.AbstractProblemLoader Replaying proof ExampleObserver[Observer::$upToDate()].JML accessible clause.0 
37251      DEBUG main            d.u.i.k.p.i.IntermediateProofReplayer Proof replay took 17.3ms 
37252      DEBUG main            d.u.i.k.p.r.p.TestFile    ... success: reloaded. 
37253      INFO  main            d.u.i.k.p.r.p.TestFile    Now processing file /home/runner/work/key/key/key.core/../key.ui/examples/heap/observer/ExampleObserver_value.key 
37254      INFO  main            d.u.i.k.p.i.AbstractProblemLoader Loading environment from /home/runner/work/key/key/key.core/../key.ui/examples/heap/observer/ExampleObserver_value.key 
37254      DEBUG main            d.u.i.k.p.i.AbstractProblemLoader Environment load took 125.6ns 
37255      INFO  main            d.u.i.k.p.i.AbstractProblemLoader Creating init config 
39974      DEBUG main            d.u.i.k.p.i.AbstractProblemLoader Init config took 2.72s 
40018      INFO  main            d.u.i.k.p.i.AbstractProblemLoader Replaying proof ExampleObserver[ExampleObserver::value()].JML normal_behavior operation contract.0 
40020      DEBUG main            d.u.i.k.p.i.IntermediateProofReplayer Proof replay took 7ns 
40123      INFO  main            d.u.i.k.p.r.p.TestFile    ... finished proof: closed. 
40287      INFO  main            d.u.i.k.p.i.AbstractProblemLoader Loading environment from /home/runner/work/key/key/key.core/../key.ui/examples/heap/observer/ExampleObserver_value.key.proof 
40287      DEBUG main            d.u.i.k.p.i.AbstractProblemLoader Environment load took 119.3ns 
40288      INFO  main            d.u.i.k.p.i.AbstractProblemLoader Creating init config 
42965      DEBUG main            d.u.i.k.p.i.AbstractProblemLoader Init config took 2.68s 
43010      INFO  main            d.u.i.k.p.i.AbstractProblemLoader Replaying proof ExampleObserver[ExampleObserver::value()].JML normal_behavior operation contract.0 
43029      DEBUG main            d.u.i.k.p.i.IntermediateProofReplayer Proof replay took 17.05ms 
43030      DEBUG main            d.u.i.k.p.r.p.TestFile    ... success: reloaded. 
43032      INFO  main            d.u.i.k.p.r.p.TestFile    Now processing file /home/runner/work/key/key/key.core/../key.ui/examples/heap/observer/ExampleSubject_addObserver.key 
43032      INFO  main            d.u.i.k.p.i.AbstractProblemLoader Loading environment from /home/runner/work/key/key/key.core/../key.ui/examples/heap/observer/ExampleSubject_addObserver.key 
43032      DEBUG main            d.u.i.k.p.i.AbstractProblemLoader Environment load took 226.71ns 
43033      INFO  main            d.u.i.k.p.i.AbstractProblemLoader Creating init config 
45730      DEBUG main            d.u.i.k.p.i.AbstractProblemLoader Init config took 2.7s 
45778      INFO  main            d.u.i.k.p.i.AbstractProblemLoader Replaying proof ExampleSubject[Subject::addObserver(Observer)].JML normal_behavior operation contract.0 
45780      DEBUG main            d.u.i.k.p.i.IntermediateProofReplayer Proof replay took 6.5ns 
51162      INFO  main            d.u.i.k.p.r.p.TestFile    ... finished proof: closed. 
51393      INFO  main            d.u.i.k.p.i.AbstractProblemLoader Loading environment from /home/runner/work/key/key/key.core/../key.ui/examples/heap/observer/ExampleSubject_addObserver.key.proof 
51395      DEBUG main            d.u.i.k.p.i.AbstractProblemLoader Environment load took 2.03ms 
51398      INFO  main            d.u.i.k.p.i.AbstractProblemLoader Creating init config 
54039      DEBUG main            d.u.i.k.p.i.AbstractProblemLoader Init config took 2.64s 
54092      INFO  main            d.u.i.k.p.i.AbstractProblemLoader Replaying proof ExampleSubject[Subject::addObserver(Observer)].JML normal_behavior operation contract.0 
54887      DEBUG main            d.u.i.k.p.i.IntermediateProofReplayer Proof replay took 772.87ms 
54889      DEBUG main            d.u.i.k.p.r.p.TestFile    ... success: reloaded. 
54891      INFO  main            d.u.i.k.p.r.p.TestFile    Now processing file /home/runner/work/key/key/key.core/../key.ui/examples/heap/observer/ExampleSubject_change.key 
54891      INFO  main            d.u.i.k.p.i.AbstractProblemLoader Loading environment from /home/runner/work/key/key/key.core/../key.ui/examples/heap/observer/ExampleSubject_change.key 
54891      DEBUG main            d.u.i.k.p.i.AbstractProblemLoader Environment load took 261.2ns 
54892      INFO  main            d.u.i.k.p.i.AbstractProblemLoader Creating init config 
57620      DEBUG main            d.u.i.k.p.i.AbstractProblemLoader Init config took 2.73s 
57665      INFO  main            d.u.i.k.p.i.AbstractProblemLoader Replaying proof ExampleSubject[ExampleSubject::change()].JML normal_behavior operation contract.0 
57667      DEBUG main            d.u.i.k.p.i.IntermediateProofReplayer Proof replay took 5.6ns 
58172      INFO  main            d.u.i.k.p.r.p.TestFile    ... finished proof: closed. 
58360      INFO  main            d.u.i.k.p.i.AbstractProblemLoader Loading environment from /home/runner/work/key/key/key.core/../key.ui/examples/heap/observer/ExampleSubject_change.key.proof 
58361      DEBUG main            d.u.i.k.p.i.AbstractProblemLoader Environment load took 485.21ns 
58362      INFO  main            d.u.i.k.p.i.AbstractProblemLoader Creating init config 
61017      DEBUG main            d.u.i.k.p.i.AbstractProblemLoader Init config took 2.65s 
61075      INFO  main            d.u.i.k.p.i.AbstractProblemLoader Replaying proof ExampleSubject[ExampleSubject::change()].JML normal_behavior operation contract.0 
61161      DEBUG main            d.u.i.k.p.i.IntermediateProofReplayer Proof replay took 81.95ms 
61162      DEBUG main            d.u.i.k.p.r.p.TestFile    ... success: reloaded. 
61164      INFO  main            d.u.i.k.p.r.p.TestFile    Now processing file /home/runner/work/key/key/key.core/../key.ui/examples/heap/observer/ExampleSubject_ExampleSubject.key 
61164      INFO  main            d.u.i.k.p.i.AbstractProblemLoader Loading environment from /home/runner/work/key/key/key.core/../key.ui/examples/heap/observer/ExampleSubject_ExampleSubject.key 
61164      DEBUG main            d.u.i.k.p.i.AbstractProblemLoader Environment load took 238.81ns 
61165      INFO  main            d.u.i.k.p.i.AbstractProblemLoader Creating init config 
63880      DEBUG main            d.u.i.k.p.i.AbstractProblemLoader Init config took 2.72s 
63928      INFO  main            d.u.i.k.p.i.AbstractProblemLoader Replaying proof ExampleSubject[ExampleSubject::ExampleSubject()].JML normal_behavior operation contract.0 
63930      DEBUG main            d.u.i.k.p.i.IntermediateProofReplayer Proof replay took 6.8ns 
64934      INFO  main            d.u.i.k.p.r.p.TestFile    ... finished proof: closed. 
65142      INFO  main            d.u.i.k.p.i.AbstractProblemLoader Loading environment from /home/runner/work/key/key/key.core/../key.ui/examples/heap/observer/ExampleSubject_ExampleSubject.key.proof 
65143      DEBUG main            d.u.i.k.p.i.AbstractProblemLoader Environment load took 464.21ns 
65144      INFO  main            d.u.i.k.p.i.AbstractProblemLoader Creating init config 
67771      DEBUG main            d.u.i.k.p.i.AbstractProblemLoader Init config took 2.63s 
67815      INFO  main            d.u.i.k.p.i.AbstractProblemLoader Replaying proof ExampleSubject[ExampleSubject::ExampleSubject()].JML normal_behavior operation contract.0 
68033      DEBUG main            d.u.i.k.p.i.IntermediateProofReplayer Proof replay took 211.13ms 
68034      DEBUG main            d.u.i.k.p.r.p.TestFile    ... success: reloaded. 
68035      INFO  main            d.u.i.k.p.r.p.TestFile    Now processing file /home/runner/work/key/key/key.core/../key.ui/examples/heap/observer/ExampleSubject_footprint.key 
68036      INFO  main            d.u.i.k.p.i.AbstractProblemLoader Loading environment from /home/runner/work/key/key/key.core/../key.ui/examples/heap/observer/ExampleSubject_footprint.key 
68036      DEBUG main            d.u.i.k.p.i.AbstractProblemLoader Environment load took 253.31ns 
68037      INFO  main            d.u.i.k.p.i.AbstractProblemLoader Creating init config 
70724      DEBUG main            d.u.i.k.p.i.AbstractProblemLoader Init config took 2.69s 
70767      INFO  main            d.u.i.k.p.i.AbstractProblemLoader Replaying proof ExampleSubject[Subject::$footprint()].JML accessible clause.0 
70769      DEBUG main            d.u.i.k.p.i.IntermediateProofReplayer Proof replay took 5.7ns 
70875      INFO  main            d.u.i.k.p.r.p.TestFile    ... finished proof: closed. 
71068      INFO  main            d.u.i.k.p.i.AbstractProblemLoader Loading environment from /home/runner/work/key/key/key.core/../key.ui/examples/heap/observer/ExampleSubject_footprint.key.proof 
71068      DEBUG main            d.u.i.k.p.i.AbstractProblemLoader Environment load took 126.5ns 
71069      INFO  main            d.u.i.k.p.i.AbstractProblemLoader Creating init config 
73725      DEBUG main            d.u.i.k.p.i.AbstractProblemLoader Init config took 2.66s 
73769      INFO  main            d.u.i.k.p.i.AbstractProblemLoader Replaying proof ExampleSubject[Subject::$footprint()].JML accessible clause.0 
73787      DEBUG main            d.u.i.k.p.i.IntermediateProofReplayer Proof replay took 15.8ms 
73788      DEBUG main            d.u.i.k.p.r.p.TestFile    ... success: reloaded. 
73789      INFO  main            d.u.i.k.p.r.p.TestFile    Now processing file /home/runner/work/key/key/key.core/../key.ui/examples/heap/observer/ExampleSubject_inv.key 
73790      INFO  main            d.u.i.k.p.i.AbstractProblemLoader Loading environment from /home/runner/work/key/key/key.core/../key.ui/examples/heap/observer/ExampleSubject_inv.key 
73790      DEBUG main            d.u.i.k.p.i.AbstractProblemLoader Environment load took 264.01ns 
73791      INFO  main            d.u.i.k.p.i.AbstractProblemLoader Creating init config 
76519      DEBUG main            d.u.i.k.p.i.AbstractProblemLoader Init config took 2.73s 
76569      INFO  main            d.u.i.k.p.i.AbstractProblemLoader Replaying proof ExampleSubject[java.lang.Object::<inv>()].JML accessible clause.0 
76571      DEBUG main            d.u.i.k.p.i.IntermediateProofReplayer Proof replay took 6.7ns 
77675      INFO  main            d.u.i.k.p.r.p.TestFile    ... finished proof: closed. 
77879      INFO  main            d.u.i.k.p.i.AbstractProblemLoader Loading environment from /home/runner/work/key/key/key.core/../key.ui/examples/heap/observer/ExampleSubject_inv.key.proof 
77879      DEBUG main            d.u.i.k.p.i.AbstractProblemLoader Environment load took 326.11ns 
77881      INFO  main            d.u.i.k.p.i.AbstractProblemLoader Creating init config 
80552      DEBUG main            d.u.i.k.p.i.AbstractProblemLoader Init config took 2.67s 
80594      INFO  main            d.u.i.k.p.i.AbstractProblemLoader Replaying proof ExampleSubject[java.lang.Object::<inv>()].JML accessible clause.0 
80711      DEBUG main            d.u.i.k.p.i.IntermediateProofReplayer Proof replay took 110.31ms 
80712      DEBUG main            d.u.i.k.p.r.p.TestFile    ... success: reloaded. 
80713      INFO  main            d.u.i.k.p.r.p.TestFile    Now processing file /home/runner/work/key/key/key.core/../key.ui/examples/heap/observer/ExampleSubject_notifyObservers.key 
80714      INFO  main            d.u.i.k.p.i.AbstractProblemLoader Loading environment from /home/runner/work/key/key/key.core/../key.ui/examples/heap/observer/ExampleSubject_notifyObservers.key 
80714      DEBUG main            d.u.i.k.p.i.AbstractProblemLoader Environment load took 229.31ns 
80715      INFO  main            d.u.i.k.p.i.AbstractProblemLoader Creating init config 
83385      DEBUG main            d.u.i.k.p.i.AbstractProblemLoader Init config took 2.67s 
83428      INFO  main            d.u.i.k.p.i.AbstractProblemLoader Replaying proof Subject[Subject::notifyObservers()].JML normal_behavior operation contract.0 
83429      DEBUG main            d.u.i.k.p.i.IntermediateProofReplayer Proof replay took 6ns 
83534      INFO  main            d.u.i.k.p.r.p.TestFile    ... finished proof: closed. 
83734      INFO  main            d.u.i.k.p.i.AbstractProblemLoader Loading environment from /home/runner/work/key/key/key.core/../key.ui/examples/heap/observer/ExampleSubject_notifyObservers.key.proof 
83734      DEBUG main            d.u.i.k.p.i.AbstractProblemLoader Environment load took 132.5ns 
83735      INFO  main            d.u.i.k.p.i.AbstractProblemLoader Creating init config 
86351      DEBUG main            d.u.i.k.p.i.AbstractProblemLoader Init config took 2.62s 
86394      INFO  main            d.u.i.k.p.i.AbstractProblemLoader Replaying proof Subject[Subject::notifyObservers()].JML normal_behavior operation contract.0 
86399      DEBUG main            d.u.i.k.p.i.IntermediateProofReplayer Proof replay took 2.84ms 
86400      DEBUG main            d.u.i.k.p.r.p.TestFile    ... success: reloaded. 
86401      INFO  main            d.u.i.k.p.r.p.TestFile    Now processing file /home/runner/work/key/key/key.core/../key.ui/examples/heap/observer/ExampleSubject_value_dep.key 
86402      INFO  main            d.u.i.k.p.i.AbstractProblemLoader Loading environment from /home/runner/work/key/key/key.core/../key.ui/examples/heap/observer/ExampleSubject_value_dep.key 
86402      DEBUG main            d.u.i.k.p.i.AbstractProblemLoader Environment load took 252.91ns 
86404      INFO  main            d.u.i.k.p.i.AbstractProblemLoader Creating init config 
89096      DEBUG main            d.u.i.k.p.i.AbstractProblemLoader Init config took 2.69s 
89137      INFO  main            d.u.i.k.p.i.AbstractProblemLoader Replaying proof ExampleSubject[ExampleSubject::value()].JML accessible clause.0 
89139      DEBUG main            d.u.i.k.p.i.IntermediateProofReplayer Proof replay took 6.7ns 
89243      INFO  main            d.u.i.k.p.r.p.TestFile    ... finished proof: closed. 
89486      INFO  main            d.u.i.k.p.i.AbstractProblemLoader Loading environment from /home/runner/work/key/key/key.core/../key.ui/examples/heap/observer/ExampleSubject_value_dep.key.proof 
89487      DEBUG main            d.u.i.k.p.i.AbstractProblemLoader Environment load took 125ns 
89487      INFO  main            d.u.i.k.p.i.AbstractProblemLoader Creating init config 
92093      DEBUG main            d.u.i.k.p.i.AbstractProblemLoader Init config took 2.61s 
92135      INFO  main            d.u.i.k.p.i.AbstractProblemLoader Replaying proof ExampleSubject[ExampleSubject::value()].JML accessible clause.0 
92150      DEBUG main            d.u.i.k.p.i.IntermediateProofReplayer Proof replay took 12.55ms 
92151      DEBUG main            d.u.i.k.p.r.p.TestFile    ... success: reloaded. 
92152      INFO  main            d.u.i.k.p.r.p.TestFile    Now processing file /home/runner/work/key/key/key.core/../key.ui/examples/heap/observer/ExampleSubject_value.key 
92152      INFO  main            d.u.i.k.p.i.AbstractProblemLoader Loading environment from /home/runner/work/key/key/key.core/../key.ui/examples/heap/observer/ExampleSubject_value.key 
92153      DEBUG main            d.u.i.k.p.i.AbstractProblemLoader Environment load took 272.41ns 
92154      INFO  main            d.u.i.k.p.i.AbstractProblemLoader Creating init config 
94840      DEBUG main            d.u.i.k.p.i.AbstractProblemLoader Init config took 2.69s 
94882      INFO  main            d.u.i.k.p.i.AbstractProblemLoader Replaying proof ExampleSubject[ExampleSubject::value()].JML normal_behavior operation contract.0 
94883      DEBUG main            d.u.i.k.p.i.IntermediateProofReplayer Proof replay took 6.7ns 
94986      INFO  main            d.u.i.k.p.r.p.TestFile    ... finished proof: closed. 
95205      INFO  main            d.u.i.k.p.i.AbstractProblemLoader Loading environment from /home/runner/work/key/key/key.core/../key.ui/examples/heap/observer/ExampleSubject_value.key.proof 
95206      DEBUG main            d.u.i.k.p.i.AbstractProblemLoader Environment load took 121ns 
95207      INFO  main            d.u.i.k.p.i.AbstractProblemLoader Creating init config 
97802      DEBUG main            d.u.i.k.p.i.AbstractProblemLoader Init config took 2.6s 
97855      INFO  main            d.u.i.k.p.i.AbstractProblemLoader Replaying proof ExampleSubject[ExampleSubject::value()].JML normal_behavior operation contract.0 
97866      DEBUG main            d.u.i.k.p.i.IntermediateProofReplayer Proof replay took 10.16ms 
97867      DEBUG main            d.u.i.k.p.r.p.TestFile    ... success: reloaded. 
1455721    INFO  Test worker     d.u.i.k.p.r.RunAllProofsTestUnit Returning from test observer 
1455722    INFO  Test worker     d.u.i.k.p.r.RunAllProofsTestUnit Running test removeDups 
309        INFO  Timeout watchdog d.u.i.k.p.r.p.ForkedTestFileRunner Timeout watcher launched (2000 secs.) 
322        WARN  main            d.u.i.k.s.ProofSettings   The settings in /home/runner/.key/proof-settings.props are *not* read. 
354        INFO  main            d.u.i.k.p.r.p.TestFile    Now processing file /home/runner/work/key/key/key.core/../key.ui/examples/heap/removeDups/arrayPart.key 
473        INFO  main            d.u.i.k.p.i.AbstractProblemLoader Loading environment from /home/runner/work/key/key/key.core/../key.ui/examples/heap/removeDups/arrayPart.key 
490        DEBUG main            d.u.i.k.p.i.AbstractProblemLoader Environment load took 2.3ms 
712        INFO  main            d.u.i.k.p.i.AbstractProblemLoader Creating init config 
1592       DEBUG main            d.u.i.k.j.TypeConverter   No LDT found for Meta 
1593       DEBUG main            d.u.i.k.j.TypeConverter   No LDT found for Meta 
1596       DEBUG main            d.u.i.k.j.TypeConverter   No LDT found for Meta 
1597       DEBUG main            d.u.i.k.j.TypeConverter   No LDT found for Meta 
3094       DEBUG main            d.u.i.k.j.TypeConverter   No LDT found for JavaBigintExpression 
7999       DEBUG main            d.u.i.k.p.i.AbstractProblemLoader Init config took 7.29s 
8122       INFO  main            d.u.i.k.p.i.AbstractProblemLoader Replaying proof RemoveDup[RemoveDup::arrayPart([I,int)].JML normal_behavior operation contract.0 
8154       DEBUG main            d.u.i.k.p.i.IntermediateProofReplayer Proof replay took 38ns 
10584      INFO  main            d.u.i.k.p.r.p.TestFile    ... finished proof: closed. 
10725      INFO  main            d.u.i.k.p.i.AbstractProblemLoader Loading environment from /home/runner/work/key/key/key.core/../key.ui/examples/heap/removeDups/arrayPart.key.proof 
10726      DEBUG main            d.u.i.k.p.i.AbstractProblemLoader Environment load took 1.38ms 
10728      INFO  main            d.u.i.k.p.i.AbstractProblemLoader Creating init config 
13404      DEBUG main            d.u.i.k.p.i.AbstractProblemLoader Init config took 2.68s 
13461      INFO  main            d.u.i.k.p.i.AbstractProblemLoader Replaying proof RemoveDup[RemoveDup::arrayPart([I,int)].JML normal_behavior operation contract.0 
13787      DEBUG main            d.u.i.k.p.i.IntermediateProofReplayer Proof replay took 313.61ms 
13795      DEBUG main            d.u.i.k.p.r.p.TestFile    ... success: reloaded. 
13796      INFO  main            d.u.i.k.p.r.p.TestFile    Now processing file /home/runner/work/key/key/key.core/../key.ui/examples/heap/removeDups/contains.key 
13797      INFO  main            d.u.i.k.p.i.AbstractProblemLoader Loading environment from /home/runner/work/key/key/key.core/../key.ui/examples/heap/removeDups/contains.key 
13797      DEBUG main            d.u.i.k.p.i.AbstractProblemLoader Environment load took 244.71ns 
13799      INFO  main            d.u.i.k.p.i.AbstractProblemLoader Creating init config 
16441      DEBUG main            d.u.i.k.p.i.AbstractProblemLoader Init config took 2.64s 
16514      INFO  main            d.u.i.k.p.i.AbstractProblemLoader Replaying proof RemoveDup[RemoveDup::contains([I,int,int)].JML normal_behavior operation contract.0 
16517      DEBUG main            d.u.i.k.p.i.IntermediateProofReplayer Proof replay took 6.3ns 
17121      INFO  main            d.u.i.k.p.r.p.TestFile    ... finished proof: closed. 
17272      INFO  main            d.u.i.k.p.i.AbstractProblemLoader Loading environment from /home/runner/work/key/key/key.core/../key.ui/examples/heap/removeDups/contains.key.proof 
17272      DEBUG main            d.u.i.k.p.i.AbstractProblemLoader Environment load took 145.9ns 
17273      INFO  main            d.u.i.k.p.i.AbstractProblemLoader Creating init config 
19873      DEBUG main            d.u.i.k.p.i.AbstractProblemLoader Init config took 2.6s 
19919      INFO  main            d.u.i.k.p.i.AbstractProblemLoader Replaying proof RemoveDup[RemoveDup::contains([I,int,int)].JML normal_behavior operation contract.0 
20028      DEBUG main            d.u.i.k.p.i.IntermediateProofReplayer Proof replay took 103.97ms 
20030      DEBUG main            d.u.i.k.p.r.p.TestFile    ... success: reloaded. 
20031      INFO  main            d.u.i.k.p.r.p.TestFile    Now processing file /home/runner/work/key/key/key.core/../key.ui/examples/heap/removeDups/removeDup.key 
20031      INFO  main            d.u.i.k.p.i.AbstractProblemLoader Loading environment from /home/runner/work/key/key/key.core/../key.ui/examples/heap/removeDups/removeDup.key 
20032      DEBUG main            d.u.i.k.p.i.AbstractProblemLoader Environment load took 219.4ns 
20033      INFO  main            d.u.i.k.p.i.AbstractProblemLoader Creating init config 
22652      DEBUG main            d.u.i.k.p.i.AbstractProblemLoader Init config took 2.62s 
22697      INFO  main            d.u.i.k.p.i.AbstractProblemLoader Replaying proof RemoveDup[RemoveDup::removeDup([I)].JML normal_behavior operation contract.0 
22699      DEBUG main            d.u.i.k.p.i.IntermediateProofReplayer Proof replay took 5.8ns 
27382      DEBUG Thread-7        d.u.i.k.j.d.VariableSpecification Program match. Variables have different dimension (template #v0 = #vi;, source a#11[] = var;) 
47858      INFO  main            d.u.i.k.p.r.p.TestFile    ... finished proof: closed. 
48110      INFO  main            d.u.i.k.p.i.AbstractProblemLoader Loading environment from /home/runner/work/key/key/key.core/../key.ui/examples/heap/removeDups/removeDup.key.proof 
48110      DEBUG main            d.u.i.k.p.i.AbstractProblemLoader Environment load took 219.81ns 
48123      INFO  main            d.u.i.k.p.i.AbstractProblemLoader Creating init config 
50672      DEBUG main            d.u.i.k.p.i.AbstractProblemLoader Init config took 2.55s 
50754      INFO  main            d.u.i.k.p.i.AbstractProblemLoader Replaying proof RemoveDup[RemoveDup::removeDup([I)].JML normal_behavior operation contract.0 
52662      DEBUG main            d.u.i.k.p.i.IntermediateProofReplayer Proof replay took 1.83s 
52666      DEBUG main            d.u.i.k.p.r.p.TestFile    ... success: reloaded. 
52668      INFO  main            d.u.i.k.p.r.p.TestFile    Now processing file /home/runner/work/key/key/key.core/../key.ui/examples/heap/saddleback_search/Saddleback_search.key 
52670      INFO  main            d.u.i.k.p.i.AbstractProblemLoader Loading environment from /home/runner/work/key/key/key.core/../key.ui/examples/heap/saddleback_search/Saddleback_search.key 
52670      DEBUG main            d.u.i.k.p.i.AbstractProblemLoader Environment load took 272.81ns 
52671      INFO  main            d.u.i.k.p.i.AbstractProblemLoader Creating init config 
55283      DEBUG main            d.u.i.k.p.i.AbstractProblemLoader Init config took 2.61s 
55320      INFO  main            d.u.i.k.p.i.AbstractProblemLoader Replaying proof Saddleback[Saddleback::search([[I,int)].JML normal_behavior operation contract.0 
55329      DEBUG main            d.u.i.k.p.i.IntermediateProofReplayer Proof replay took 5.5ns 
134083     INFO  main            d.u.i.k.p.r.p.TestFile    ... finished proof: closed. 
134482     INFO  main            d.u.i.k.p.i.AbstractProblemLoader Loading environment from /home/runner/work/key/key/key.core/../key.ui/examples/heap/saddleback_search/Saddleback_search.key.proof 
134482     DEBUG main            d.u.i.k.p.i.AbstractProblemLoader Environment load took 210.3ns 
134492     INFO  main            d.u.i.k.p.i.AbstractProblemLoader Creating init config 
136922     DEBUG main            d.u.i.k.p.i.AbstractProblemLoader Init config took 2.43s 
136973     INFO  main            d.u.i.k.p.i.AbstractProblemLoader Replaying proof Saddleback[Saddleback::search([[I,int)].JML normal_behavior operation contract.0 
139592     DEBUG main            d.u.i.k.p.i.IntermediateProofReplayer Proof replay took 2.47s 
139603     DEBUG main            d.u.i.k.p.r.p.TestFile    ... success: reloaded. 
1595508    INFO  Test worker     d.u.i.k.p.r.RunAllProofsTestUnit Returning from test removeDups 
1595509    INFO  Test worker     d.u.i.k.p.r.RunAllProofsTestUnit Running test quicksort 
358        INFO  Timeout watchdog d.u.i.k.p.r.p.ForkedTestFileRunner Timeout watcher launched (2000 secs.) 
357        WARN  main            d.u.i.k.s.ProofSettings   The settings in /home/runner/.key/proof-settings.props are *not* read. 
387        INFO  main            d.u.i.k.p.r.p.TestFile    Now processing file /home/runner/work/key/key/key.core/../key.ui/examples/heap/quicksort/toplevel.key 
497        INFO  main            d.u.i.k.p.i.AbstractProblemLoader Loading environment from /home/runner/work/key/key/key.core/../key.ui/examples/heap/quicksort/toplevel.key 
518        DEBUG main            d.u.i.k.p.i.AbstractProblemLoader Environment load took 2.21ms 
734        INFO  main            d.u.i.k.p.i.AbstractProblemLoader Creating init config 
1645       DEBUG main            d.u.i.k.j.TypeConverter   No LDT found for Meta 
1646       DEBUG main            d.u.i.k.j.TypeConverter   No LDT found for Meta 
1649       DEBUG main            d.u.i.k.j.TypeConverter   No LDT found for Meta 
1650       DEBUG main            d.u.i.k.j.TypeConverter   No LDT found for Meta 
2900       DEBUG main            d.u.i.k.j.TypeConverter   No LDT found for JavaBigintExpression 
8313       DEBUG main            d.u.i.k.p.i.AbstractProblemLoader Init config took 7.58s 
8462       INFO  main            d.u.i.k.p.i.AbstractProblemLoader Replaying proof Quicksort[Quicksort::sort([I)].JML normal_behavior operation contract.0 
8495       DEBUG main            d.u.i.k.p.i.IntermediateProofReplayer Proof replay took 29.2ns 
9629       INFO  main            d.u.i.k.p.r.p.TestFile    ... finished proof: closed. 
9750       INFO  main            d.u.i.k.p.i.AbstractProblemLoader Loading environment from /home/runner/work/key/key/key.core/../key.ui/examples/heap/quicksort/toplevel.key.proof 
9757       DEBUG main            d.u.i.k.p.i.AbstractProblemLoader Environment load took 7.08ms 
9759       INFO  main            d.u.i.k.p.i.AbstractProblemLoader Creating init config 
12784      DEBUG main            d.u.i.k.p.i.AbstractProblemLoader Init config took 3.02s 
12864      INFO  main            d.u.i.k.p.i.AbstractProblemLoader Replaying proof Quicksort[Quicksort::sort([I)].JML normal_behavior operation contract.0 
13029      DEBUG main            d.u.i.k.p.i.IntermediateProofReplayer Proof replay took 157.42ms 
13036      DEBUG main            d.u.i.k.p.r.p.TestFile    ... success: reloaded. 
13038      INFO  main            d.u.i.k.p.r.p.TestFile    Now processing file /home/runner/work/key/key/key.core/../key.ui/examples/heap/quicksort/sort.key 
13039      INFO  main            d.u.i.k.p.i.AbstractProblemLoader Loading environment from /home/runner/work/key/key/key.core/../key.ui/examples/heap/quicksort/sort.key 
13039      DEBUG main            d.u.i.k.p.i.AbstractProblemLoader Environment load took 248.21ns 
13041      INFO  main            d.u.i.k.p.i.AbstractProblemLoader Creating init config 
15983      DEBUG main            d.u.i.k.p.i.AbstractProblemLoader Init config took 2.94s 
16043      INFO  main            d.u.i.k.p.i.AbstractProblemLoader Replaying proof Quicksort[Quicksort::sort([I,int,int)].JML normal_behavior operation contract.0 
16049      DEBUG main            d.u.i.k.p.i.IntermediateProofReplayer Proof replay took 7.6ns 
16079      DEBUG main            d.u.i.k.m.s.ProofScriptEngine 1: 'script 'sort.script'' 
16085      INFO  main            d.u.i.k.m.s.ProofScriptCommand Included script /home/runner/work/key/key/key.core/../key.ui/examples/heap/quicksort/sort.script 
16086      DEBUG main            d.u.i.k.m.s.ProofScriptEngine 1: 'macro autopilot-prep' 
17204      DEBUG main            d.u.i.k.m.s.ProofScriptEngine 2: 'select formula="{heapAtPre:=heap || exc:=null || heap:=heapAfter_sort_0}
   seq ...' 
17207      DEBUG main            d.u.i.k.m.s.ProofScriptEngine 3: 'macro simp-upd' 
17220      DEBUG main            d.u.i.k.m.s.ProofScriptEngine 4: 'let   @seqPre="seqDef{int u;}(0, array.length, array[u])"
    @seqSplit="seqDef ...' 
17222      DEBUG main            d.u.i.k.m.s.ProofScriptEngine 5: 'rule seqPermSym 
  formula="seqPerm(@seqSplit, @seqPre)"' 
17242      DEBUG main            d.u.i.k.m.s.ProofScriptEngine 6: 'rule seqPermSym
  formula="seqPerm(@seqSort, @seqSplit)"' 
17244      DEBUG main            d.u.i.k.m.s.ProofScriptEngine 7: 'rule seqPermSym
  formula="seqPerm(@seqSort0, @seqSort)"' 
17245      DEBUG main            d.u.i.k.m.s.ProofScriptEngine 8: 'rule seqPermTrans
  formula="seqPerm(@seqPre, @seqSplit)"' 
17246      DEBUG main            d.u.i.k.m.s.ProofScriptEngine 9: 'rule seqPermTrans
  formula="seqPerm(@seqPre, @seqSort)"' 
17246      DEBUG main            d.u.i.k.m.s.ProofScriptEngine 10: 'rule seqPermSym
  formula="seqPerm(@seqPre, @seqSort0)"' 
17247      DEBUG main            d.u.i.k.m.s.ProofScriptEngine 11: 'tryclose' 
42575      INFO  main            d.u.i.k.p.r.p.TestFile    ... finished proof: closed. 
42853      INFO  main            d.u.i.k.p.i.AbstractProblemLoader Loading environment from /home/runner/work/key/key/key.core/../key.ui/examples/heap/quicksort/sort.key.proof 
42854      DEBUG main            d.u.i.k.p.i.AbstractProblemLoader Environment load took 491.01ns 
42860      INFO  main            d.u.i.k.p.i.AbstractProblemLoader Creating init config 
45651      DEBUG main            d.u.i.k.p.i.AbstractProblemLoader Init config took 2.79s 
45699      INFO  main            d.u.i.k.p.i.AbstractProblemLoader Replaying proof Quicksort[Quicksort::sort([I,int,int)].JML normal_behavior operation contract.0 
47568      DEBUG main            d.u.i.k.p.i.IntermediateProofReplayer Proof replay took 1.75s 
47574      DEBUG main            d.u.i.k.p.r.p.TestFile    ... success: reloaded. 
47589      INFO  main            d.u.i.k.p.r.p.TestFile    Now processing file /home/runner/work/key/key/key.core/../key.ui/examples/heap/quicksort/split.key 
47589      INFO  main            d.u.i.k.p.i.AbstractProblemLoader Loading environment from /home/runner/work/key/key/key.core/../key.ui/examples/heap/quicksort/split.key 
47589      DEBUG main            d.u.i.k.p.i.AbstractProblemLoader Environment load took 82.3ns 
47590      INFO  main            d.u.i.k.p.i.AbstractProblemLoader Creating init config 
50542      DEBUG main            d.u.i.k.p.i.AbstractProblemLoader Init config took 2.95s 
50587      INFO  main            d.u.i.k.p.i.AbstractProblemLoader Replaying proof Quicksort[Quicksort::split([I,int,int)].JML normal_behavior operation contract.0 
50590      DEBUG main            d.u.i.k.p.i.IntermediateProofReplayer Proof replay took 5.9ns 
50593      DEBUG main            d.u.i.k.m.s.ProofScriptEngine 1: 'macro autopilot-prep' 
51788      DEBUG main            d.u.i.k.m.s.ProofScriptEngine 2: 'tryclose' 
87825      DEBUG main            d.u.i.k.m.s.ProofScriptEngine 3: 'macro simp-upd' 
87933      DEBUG main            d.u.i.k.m.s.ProofScriptEngine 4: 'rule seqPermFromSwap' 
87948      DEBUG main            d.u.i.k.m.s.ProofScriptEngine 5: 'rule andRight' 
87951      DEBUG main            d.u.i.k.m.s.ProofScriptEngine 6: 'auto' 
87977      DEBUG main            d.u.i.k.m.s.ProofScriptEngine 7: 'instantiate hide var=iv with=i_0' 
87982      DEBUG main            d.u.i.k.m.s.ProofScriptEngine 8: 'instantiate hide var=jv with=j_0' 
87983      DEBUG main            d.u.i.k.m.s.ProofScriptEngine 9: 'auto' 
94324      DEBUG main            d.u.i.k.m.s.ProofScriptEngine 10: 'macro simp-upd' 
94392      DEBUG main            d.u.i.k.m.s.ProofScriptEngine 11: 'rule seqPermFromSwap' 
94395      DEBUG main            d.u.i.k.m.s.ProofScriptEngine 12: 'rule andRight' 
94397      DEBUG main            d.u.i.k.m.s.ProofScriptEngine 13: 'auto' 
94411      DEBUG main            d.u.i.k.m.s.ProofScriptEngine 14: 'instantiate hide var=iv with=i_0' 
94414      DEBUG main            d.u.i.k.m.s.ProofScriptEngine 15: 'instantiate hide var=jv with=to' 
94415      DEBUG main            d.u.i.k.m.s.ProofScriptEngine 16: 'auto' 
99280      INFO  main            d.u.i.k.p.r.p.TestFile    ... finished proof: closed. 
99797      INFO  main            d.u.i.k.p.i.AbstractProblemLoader Loading environment from /home/runner/work/key/key/key.core/../key.ui/examples/heap/quicksort/split.key.proof 
99797      DEBUG main            d.u.i.k.p.i.AbstractProblemLoader Environment load took 222.1ns 
99811      INFO  main            d.u.i.k.p.i.AbstractProblemLoader Creating init config 
102489     DEBUG main            d.u.i.k.p.i.AbstractProblemLoader Init config took 2.68s 
102534     INFO  main            d.u.i.k.p.i.AbstractProblemLoader Replaying proof Quicksort[Quicksort::split([I,int,int)].JML normal_behavior operation contract.0 
106283     DEBUG main            d.u.i.k.p.i.IntermediateProofReplayer Proof replay took 3.48s 
106308     DEBUG main            d.u.i.k.p.r.p.TestFile    ... success: reloaded. 
1702123    INFO  Test worker     d.u.i.k.p.r.RunAllProofsTestUnit Returning from test quicksort 
1702125    INFO  Test worker     d.u.i.k.p.r.RunAllProofsTestUnit Running test simpleTests 
352        INFO  Timeout watchdog d.u.i.k.p.r.p.ForkedTestFileRunner Timeout watcher launched (2000 secs.) 
364        WARN  main            d.u.i.k.s.ProofSettings   The settings in /home/runner/.key/proof-settings.props are *not* read. 
414        INFO  main            d.u.i.k.p.r.p.TestFile    Now processing file /home/runner/work/key/key/key.core/../key.ui/examples/heap/simple/anonymise_datagroup.key 
551        INFO  main            d.u.i.k.p.i.AbstractProblemLoader Loading environment from /home/runner/work/key/key/key.core/../key.ui/examples/heap/simple/anonymise_datagroup.key 
567        DEBUG main            d.u.i.k.p.i.AbstractProblemLoader Environment load took 2.22ms 
827        INFO  main            d.u.i.k.p.i.AbstractProblemLoader Creating init config 
1647       DEBUG main            d.u.i.k.j.TypeConverter   No LDT found for Meta 
1652       DEBUG main            d.u.i.k.j.TypeConverter   No LDT found for Meta 
1654       DEBUG main            d.u.i.k.j.TypeConverter   No LDT found for Meta 
1655       DEBUG main            d.u.i.k.j.TypeConverter   No LDT found for Meta 
3294       DEBUG main            d.u.i.k.j.TypeConverter   No LDT found for JavaBigintExpression 
7973       DEBUG main            d.u.i.k.p.i.AbstractProblemLoader Init config took 7.15s 
8054       INFO  main            d.u.i.k.p.i.AbstractProblemLoader Replaying proof anonymise_datagroup.key 
8090       DEBUG main            d.u.i.k.p.i.IntermediateProofReplayer Proof replay took 34ns 
8358       INFO  main            d.u.i.k.p.r.p.TestFile    ... finished proof: closed. 
8457       INFO  main            d.u.i.k.p.i.AbstractProblemLoader Loading environment from /home/runner/work/key/key/key.core/../key.ui/examples/heap/simple/anonymise_datagroup.key.proof 
8457       DEBUG main            d.u.i.k.p.i.AbstractProblemLoader Environment load took 147.1ns 
8461       INFO  main            d.u.i.k.p.i.AbstractProblemLoader Creating init config 
11211      DEBUG main            d.u.i.k.p.i.AbstractProblemLoader Init config took 2.75s 
11254      INFO  main            d.u.i.k.p.i.AbstractProblemLoader Replaying proof anonymise_datagroup.key.proof 
11270      DEBUG main            d.u.i.k.p.i.IntermediateProofReplayer Proof replay took 12.16ms 
11283      DEBUG main            d.u.i.k.p.r.p.TestFile    ... success: reloaded. 
11284      INFO  main            d.u.i.k.p.r.p.TestFile    Now processing file /home/runner/work/key/key/key.core/../key.ui/examples/heap/simple/array_creation.key 
11285      INFO  main            d.u.i.k.p.i.AbstractProblemLoader Loading environment from /home/runner/work/key/key/key.core/../key.ui/examples/heap/simple/array_creation.key 
11285      DEBUG main            d.u.i.k.p.i.AbstractProblemLoader Environment load took 240.81ns 
11289      INFO  main            d.u.i.k.p.i.AbstractProblemLoader Creating init config 
13920      DEBUG main            d.u.i.k.p.i.AbstractProblemLoader Init config took 2.63s 
13952      INFO  main            d.u.i.k.p.i.AbstractProblemLoader Replaying proof array_creation.key 
13956      DEBUG main            d.u.i.k.p.i.IntermediateProofReplayer Proof replay took 6.2ns 
14667      INFO  main            d.u.i.k.p.r.p.TestFile    ... finished proof: closed. 
14813      INFO  main            d.u.i.k.p.i.AbstractProblemLoader Loading environment from /home/runner/work/key/key/key.core/../key.ui/examples/heap/simple/array_creation.key.proof 
14817      DEBUG main            d.u.i.k.p.i.AbstractProblemLoader Environment load took 4.05ms 
14819      INFO  main            d.u.i.k.p.i.AbstractProblemLoader Creating init config 
17337      DEBUG main            d.u.i.k.p.i.AbstractProblemLoader Init config took 2.52s 
17363      INFO  main            d.u.i.k.p.i.AbstractProblemLoader Replaying proof array_creation.key.proof 
17516      DEBUG main            d.u.i.k.p.i.IntermediateProofReplayer Proof replay took 148.62ms 
17517      DEBUG main            d.u.i.k.p.r.p.TestFile    ... success: reloaded. 
17520      INFO  main            d.u.i.k.p.r.p.TestFile    Now processing file /home/runner/work/key/key/key.core/../key.ui/examples/heap/simple/arrays_with_disjoint_sorts.key 
17520      INFO  main            d.u.i.k.p.i.AbstractProblemLoader Loading environment from /home/runner/work/key/key/key.core/../key.ui/examples/heap/simple/arrays_with_disjoint_sorts.key 
17520      DEBUG main            d.u.i.k.p.i.AbstractProblemLoader Environment load took 117.2ns 
17523      INFO  main            d.u.i.k.p.i.AbstractProblemLoader Creating init config 
20058      DEBUG main            d.u.i.k.p.i.AbstractProblemLoader Init config took 2.53s 
20086      INFO  main            d.u.i.k.p.i.AbstractProblemLoader Replaying proof arrays_with_disjoint_sorts.key 
20088      DEBUG main            d.u.i.k.p.i.IntermediateProofReplayer Proof replay took 7ns 
20292      INFO  main            d.u.i.k.p.r.p.TestFile    ... finished proof: closed. 
20438      INFO  main            d.u.i.k.p.i.AbstractProblemLoader Loading environment from /home/runner/work/key/key/key.core/../key.ui/examples/heap/simple/arrays_with_disjoint_sorts.key.proof 
20438      DEBUG main            d.u.i.k.p.i.AbstractProblemLoader Environment load took 132.9ns 
20439      INFO  main            d.u.i.k.p.i.AbstractProblemLoader Creating init config 
22899      DEBUG main            d.u.i.k.p.i.AbstractProblemLoader Init config took 2.46s 
22920      INFO  main            d.u.i.k.p.i.AbstractProblemLoader Replaying proof arrays_with_disjoint_sorts.key.proof 
22961      DEBUG main            d.u.i.k.p.i.IntermediateProofReplayer Proof replay took 32.93ms 
22962      DEBUG main            d.u.i.k.p.r.p.TestFile    ... success: reloaded. 
22963      INFO  main            d.u.i.k.p.r.p.TestFile    Now processing file /home/runner/work/key/key/key.core/../key.ui/examples/heap/simple/arrays.key 
22964      INFO  main            d.u.i.k.p.i.AbstractProblemLoader Loading environment from /home/runner/work/key/key/key.core/../key.ui/examples/heap/simple/arrays.key 
22964      DEBUG main            d.u.i.k.p.i.AbstractProblemLoader Environment load took 107.3ns 
22965      INFO  main            d.u.i.k.p.i.AbstractProblemLoader Creating init config 
25447      DEBUG main            d.u.i.k.p.i.AbstractProblemLoader Init config took 2.48s 
25470      INFO  main            d.u.i.k.p.i.AbstractProblemLoader Replaying proof arrays.key 
25476      DEBUG main            d.u.i.k.p.i.IntermediateProofReplayer Proof replay took 7.3ns 
25684      INFO  main            d.u.i.k.p.r.p.TestFile    ... finished proof: closed. 
25856      INFO  main            d.u.i.k.p.i.AbstractProblemLoader Loading environment from /home/runner/work/key/key/key.core/../key.ui/examples/heap/simple/arrays.key.proof 
25857      DEBUG main            d.u.i.k.p.i.AbstractProblemLoader Environment load took 609.01ns 
25858      INFO  main            d.u.i.k.p.i.AbstractProblemLoader Creating init config 
28300      DEBUG main            d.u.i.k.p.i.AbstractProblemLoader Init config took 2.44s 
28321      INFO  main            d.u.i.k.p.i.AbstractProblemLoader Replaying proof arrays.key.proof 
28342      DEBUG main            d.u.i.k.p.i.IntermediateProofReplayer Proof replay took 17.64ms 
28343      DEBUG main            d.u.i.k.p.r.p.TestFile    ... success: reloaded. 
28344      INFO  main            d.u.i.k.p.r.p.TestFile    Now processing file /home/runner/work/key/key/key.core/../key.ui/examples/heap/simple/attributes.key 
28345      INFO  main            d.u.i.k.p.i.AbstractProblemLoader Loading environment from /home/runner/work/key/key/key.core/../key.ui/examples/heap/simple/attributes.key 
28345      DEBUG main            d.u.i.k.p.i.AbstractProblemLoader Environment load took 220ns 
28346      INFO  main            d.u.i.k.p.i.AbstractProblemLoader Creating init config 
30818      DEBUG main            d.u.i.k.p.i.AbstractProblemLoader Init config took 2.47s 
30838      INFO  main            d.u.i.k.p.i.AbstractProblemLoader Replaying proof attributes.key 
30840      DEBUG main            d.u.i.k.p.i.IntermediateProofReplayer Proof replay took 6.2ns 
30942      INFO  main            d.u.i.k.p.r.p.TestFile    ... finished proof: closed. 
31178      INFO  main            d.u.i.k.p.i.AbstractProblemLoader Loading environment from /home/runner/work/key/key/key.core/../key.ui/examples/heap/simple/attributes.key.proof 
31178      DEBUG main            d.u.i.k.p.i.AbstractProblemLoader Environment load took 126.3ns 
31179      INFO  main            d.u.i.k.p.i.AbstractProblemLoader Creating init config 
33596      DEBUG main            d.u.i.k.p.i.AbstractProblemLoader Init config took 2.42s 
33616      INFO  main            d.u.i.k.p.i.AbstractProblemLoader Replaying proof attributes.key.proof 
33620      DEBUG main            d.u.i.k.p.i.IntermediateProofReplayer Proof replay took 1.7ms 
33621      DEBUG main            d.u.i.k.p.r.p.TestFile    ... success: reloaded. 
33622      INFO  main            d.u.i.k.p.r.p.TestFile    Now processing file /home/runner/work/key/key/key.core/../key.ui/examples/heap/simple/constructor_contracts.key 
33622      INFO  main            d.u.i.k.p.i.AbstractProblemLoader Loading environment from /home/runner/work/key/key/key.core/../key.ui/examples/heap/simple/constructor_contracts.key 
33623      DEBUG main            d.u.i.k.p.i.AbstractProblemLoader Environment load took 222.91ns 
33625      INFO  main            d.u.i.k.p.i.AbstractProblemLoader Creating init config 
36473      DEBUG main            d.u.i.k.p.i.AbstractProblemLoader Init config took 2.85s 
36495      INFO  main            d.u.i.k.p.i.AbstractProblemLoader Replaying proof constructor_contracts.key 
36497      DEBUG main            d.u.i.k.p.i.IntermediateProofReplayer Proof replay took 7.3ns 
37005      INFO  main            d.u.i.k.p.r.p.TestFile    ... finished proof: closed. 
37197      INFO  main            d.u.i.k.p.i.AbstractProblemLoader Loading environment from /home/runner/work/key/key/key.core/../key.ui/examples/heap/simple/constructor_contracts.key.proof 
37197      DEBUG main            d.u.i.k.p.i.AbstractProblemLoader Environment load took 436.01ns 
37199      INFO  main            d.u.i.k.p.i.AbstractProblemLoader Creating init config 
39968      DEBUG main            d.u.i.k.p.i.AbstractProblemLoader Init config took 2.77s 
39990      INFO  main            d.u.i.k.p.i.AbstractProblemLoader Replaying proof constructor_contracts.key.proof 
40101      DEBUG main            d.u.i.k.p.i.IntermediateProofReplayer Proof replay took 105.98ms 
40103      DEBUG main            d.u.i.k.p.r.p.TestFile    ... success: reloaded. 
40105      INFO  main            d.u.i.k.p.r.p.TestFile    Now processing file /home/runner/work/key/key/key.core/../key.ui/examples/heap/simple/dependencies.key 
40105      INFO  main            d.u.i.k.p.i.AbstractProblemLoader Loading environment from /home/runner/work/key/key/key.core/../key.ui/examples/heap/simple/dependencies.key 
40105      DEBUG main            d.u.i.k.p.i.AbstractProblemLoader Environment load took 243.01ns 
40107      INFO  main            d.u.i.k.p.i.AbstractProblemLoader Creating init config 
42549      DEBUG main            d.u.i.k.p.i.AbstractProblemLoader Init config took 2.44s 
42573      INFO  main            d.u.i.k.p.i.AbstractProblemLoader Replaying proof dependencies.key 
42575      DEBUG main            d.u.i.k.p.i.IntermediateProofReplayer Proof replay took 7.8ns 
42678      INFO  main            d.u.i.k.p.r.p.TestFile    ... finished proof: closed. 
42903      INFO  main            d.u.i.k.p.i.AbstractProblemLoader Loading environment from /home/runner/work/key/key/key.core/../key.ui/examples/heap/simple/dependencies.key.proof 
42903      DEBUG main            d.u.i.k.p.i.AbstractProblemLoader Environment load took 124.5ns 
42905      INFO  main            d.u.i.k.p.i.AbstractProblemLoader Creating init config 
45314      DEBUG main            d.u.i.k.p.i.AbstractProblemLoader Init config took 2.41s 
45334      INFO  main            d.u.i.k.p.i.AbstractProblemLoader Replaying proof dependencies.key.proof 
45343      DEBUG main            d.u.i.k.p.i.IntermediateProofReplayer Proof replay took 7.77ms 
45344      DEBUG main            d.u.i.k.p.r.p.TestFile    ... success: reloaded. 
45345      INFO  main            d.u.i.k.p.r.p.TestFile    Now processing file /home/runner/work/key/key/key.core/../key.ui/examples/heap/simple/dependency_contracts.key 
45345      INFO  main            d.u.i.k.p.i.AbstractProblemLoader Loading environment from /home/runner/work/key/key/key.core/../key.ui/examples/heap/simple/dependency_contracts.key 
45345      DEBUG main            d.u.i.k.p.i.AbstractProblemLoader Environment load took 99ns 
45347      INFO  main            d.u.i.k.p.i.AbstractProblemLoader Creating init config 
48032      DEBUG main            d.u.i.k.p.i.AbstractProblemLoader Init config took 2.69s 
48053      INFO  main            d.u.i.k.p.i.AbstractProblemLoader Replaying proof dependency_contracts.key 
48055      DEBUG main            d.u.i.k.p.i.IntermediateProofReplayer Proof replay took 7.3ns 
49163      INFO  main            d.u.i.k.p.r.p.TestFile    ... finished proof: closed. 
49368      INFO  main            d.u.i.k.p.i.AbstractProblemLoader Loading environment from /home/runner/work/key/key/key.core/../key.ui/examples/heap/simple/dependency_contracts.key.proof 
49369      DEBUG main            d.u.i.k.p.i.AbstractProblemLoader Environment load took 1.04ms 
49371      INFO  main            d.u.i.k.p.i.AbstractProblemLoader Creating init config 
51988      DEBUG main            d.u.i.k.p.i.AbstractProblemLoader Init config took 2.62s 
52009      INFO  main            d.u.i.k.p.i.AbstractProblemLoader Replaying proof dependency_contracts.key.proof 
52199      DEBUG main            d.u.i.k.p.i.IntermediateProofReplayer Proof replay took 181.68ms 
52201      DEBUG main            d.u.i.k.p.r.p.TestFile    ... success: reloaded. 
52202      INFO  main            d.u.i.k.p.r.p.TestFile    Now processing file /home/runner/work/key/key/key.core/../key.ui/examples/heap/simple/invariant_preservation.key 
52203      INFO  main            d.u.i.k.p.i.AbstractProblemLoader Loading environment from /home/runner/work/key/key/key.core/../key.ui/examples/heap/simple/invariant_preservation.key 
52203      DEBUG main            d.u.i.k.p.i.AbstractProblemLoader Environment load took 218.21ns 
52205      INFO  main            d.u.i.k.p.i.AbstractProblemLoader Creating init config 
54870      DEBUG main            d.u.i.k.p.i.AbstractProblemLoader Init config took 2.67s 
54891      INFO  main            d.u.i.k.p.i.AbstractProblemLoader Replaying proof invariant_preservation.key 
54893      DEBUG main            d.u.i.k.p.i.IntermediateProofReplayer Proof replay took 7.2ns 
55096      INFO  main            d.u.i.k.p.r.p.TestFile    ... finished proof: closed. 
55304      INFO  main            d.u.i.k.p.i.AbstractProblemLoader Loading environment from /home/runner/work/key/key/key.core/../key.ui/examples/heap/simple/invariant_preservation.key.proof 
55304      DEBUG main            d.u.i.k.p.i.AbstractProblemLoader Environment load took 127.1ns 
55306      INFO  main            d.u.i.k.p.i.AbstractProblemLoader Creating init config 
57936      DEBUG main            d.u.i.k.p.i.AbstractProblemLoader Init config took 2.63s 
57955      INFO  main            d.u.i.k.p.i.AbstractProblemLoader Replaying proof invariant_preservation.key.proof 
57984      DEBUG main            d.u.i.k.p.i.IntermediateProofReplayer Proof replay took 27.12ms 
57986      DEBUG main            d.u.i.k.p.r.p.TestFile    ... success: reloaded. 
57987      INFO  main            d.u.i.k.p.r.p.TestFile    Now processing file /home/runner/work/key/key/key.core/../key.ui/examples/heap/simple/locsets.key 
57987      INFO  main            d.u.i.k.p.i.AbstractProblemLoader Loading environment from /home/runner/work/key/key/key.core/../key.ui/examples/heap/simple/locsets.key 
57987      DEBUG main            d.u.i.k.p.i.AbstractProblemLoader Environment load took 79.2ns 
57988      INFO  main            d.u.i.k.p.i.AbstractProblemLoader Creating init config 
60379      DEBUG main            d.u.i.k.p.i.AbstractProblemLoader Init config took 2.39s 
60396      INFO  main            d.u.i.k.p.i.AbstractProblemLoader Replaying proof locsets.key 
60398      DEBUG main            d.u.i.k.p.i.IntermediateProofReplayer Proof replay took 8ns 
60502      INFO  main            d.u.i.k.p.r.p.TestFile    ... finished proof: closed. 
60683      INFO  main            d.u.i.k.p.i.AbstractProblemLoader Loading environment from /home/runner/work/key/key/key.core/../key.ui/examples/heap/simple/locsets.key.proof 
60683      DEBUG main            d.u.i.k.p.i.AbstractProblemLoader Environment load took 126.2ns 
60684      INFO  main            d.u.i.k.p.i.AbstractProblemLoader Creating init config 
63048      DEBUG main            d.u.i.k.p.i.AbstractProblemLoader Init config took 2.36s 
63064      INFO  main            d.u.i.k.p.i.AbstractProblemLoader Replaying proof locsets.key.proof 
63067      DEBUG main            d.u.i.k.p.i.IntermediateProofReplayer Proof replay took 1.53ms 
63068      DEBUG main            d.u.i.k.p.r.p.TestFile    ... success: reloaded. 
63068      INFO  main            d.u.i.k.p.r.p.TestFile    Now processing file /home/runner/work/key/key/key.core/../key.ui/examples/heap/simple/loop1.key 
63069      INFO  main            d.u.i.k.p.i.AbstractProblemLoader Loading environment from /home/runner/work/key/key/key.core/../key.ui/examples/heap/simple/loop1.key 
63069      DEBUG main            d.u.i.k.p.i.AbstractProblemLoader Environment load took 84.5ns 
63070      INFO  main            d.u.i.k.p.i.AbstractProblemLoader Creating init config 
65742      DEBUG main            d.u.i.k.p.i.AbstractProblemLoader Init config took 2.67s 
65758      INFO  main            d.u.i.k.p.i.AbstractProblemLoader Replaying proof loop1.key 
65759      DEBUG main            d.u.i.k.p.i.IntermediateProofReplayer Proof replay took 6.8ns 
65962      INFO  main            d.u.i.k.p.r.p.TestFile    ... finished proof: closed. 
66145      INFO  main            d.u.i.k.p.i.AbstractProblemLoader Loading environment from /home/runner/work/key/key/key.core/../key.ui/examples/heap/simple/loop1.key.proof 
66145      DEBUG main            d.u.i.k.p.i.AbstractProblemLoader Environment load took 127.3ns 
66147      INFO  main            d.u.i.k.p.i.AbstractProblemLoader Creating init config 
68727      DEBUG main            d.u.i.k.p.i.AbstractProblemLoader Init config took 2.58s 
68744      INFO  main            d.u.i.k.p.i.AbstractProblemLoader Replaying proof loop1.key.proof 
68813      DEBUG main            d.u.i.k.p.i.IntermediateProofReplayer Proof replay took 62.2ms 
68814      DEBUG main            d.u.i.k.p.r.p.TestFile    ... success: reloaded. 
68815      INFO  main            d.u.i.k.p.r.p.TestFile    Now processing file /home/runner/work/key/key/key.core/../key.ui/examples/heap/simple/loop2.key 
68815      INFO  main            d.u.i.k.p.i.AbstractProblemLoader Loading environment from /home/runner/work/key/key/key.core/../key.ui/examples/heap/simple/loop2.key 
68816      DEBUG main            d.u.i.k.p.i.AbstractProblemLoader Environment load took 97.2ns 
68817      INFO  main            d.u.i.k.p.i.AbstractProblemLoader Creating init config 
71450      DEBUG main            d.u.i.k.p.i.AbstractProblemLoader Init config took 2.63s 
71466      INFO  main            d.u.i.k.p.i.AbstractProblemLoader Replaying proof loop2.key 
71468      DEBUG main            d.u.i.k.p.i.IntermediateProofReplayer Proof replay took 7.1ns 
72176      INFO  main            d.u.i.k.p.r.p.TestFile    ... finished proof: closed. 
72369      INFO  main            d.u.i.k.p.i.AbstractProblemLoader Loading environment from /home/runner/work/key/key/key.core/../key.ui/examples/heap/simple/loop2.key.proof 
72369      DEBUG main            d.u.i.k.p.i.AbstractProblemLoader Environment load took 528.11ns 
72371      INFO  main            d.u.i.k.p.i.AbstractProblemLoader Creating init config 
74933      DEBUG main            d.u.i.k.p.i.AbstractProblemLoader Init config took 2.56s 
74950      INFO  main            d.u.i.k.p.i.AbstractProblemLoader Replaying proof loop2.key.proof 
75108      DEBUG main            d.u.i.k.p.i.IntermediateProofReplayer Proof replay took 153.2ms 
75110      DEBUG main            d.u.i.k.p.r.p.TestFile    ... success: reloaded. 
75111      INFO  main            d.u.i.k.p.r.p.TestFile    Now processing file /home/runner/work/key/key/key.core/../key.ui/examples/heap/simple/modifies_datagroup.key 
75111      INFO  main            d.u.i.k.p.i.AbstractProblemLoader Loading environment from /home/runner/work/key/key/key.core/../key.ui/examples/heap/simple/modifies_datagroup.key 
75111      DEBUG main            d.u.i.k.p.i.AbstractProblemLoader Environment load took 99.9ns 
75112      INFO  main            d.u.i.k.p.i.AbstractProblemLoader Creating init config 
77517      DEBUG main            d.u.i.k.p.i.AbstractProblemLoader Init config took 2.4s 
77532      INFO  main            d.u.i.k.p.i.AbstractProblemLoader Replaying proof modifies_datagroup.key 
77533      DEBUG main            d.u.i.k.p.i.IntermediateProofReplayer Proof replay took 7.2ns 
77638      INFO  main            d.u.i.k.p.r.p.TestFile    ... finished proof: closed. 
77873      INFO  main            d.u.i.k.p.i.AbstractProblemLoader Loading environment from /home/runner/work/key/key/key.core/../key.ui/examples/heap/simple/modifies_datagroup.key.proof 
77873      DEBUG main            d.u.i.k.p.i.AbstractProblemLoader Environment load took 118.5ns 
77874      INFO  main            d.u.i.k.p.i.AbstractProblemLoader Creating init config 
80223      DEBUG main            d.u.i.k.p.i.AbstractProblemLoader Init config took 2.35s 
80238      INFO  main            d.u.i.k.p.i.AbstractProblemLoader Replaying proof modifies_datagroup.key.proof 
80242      DEBUG main            d.u.i.k.p.i.IntermediateProofReplayer Proof replay took 3.16ms 
80243      DEBUG main            d.u.i.k.p.r.p.TestFile    ... success: reloaded. 
80244      INFO  main            d.u.i.k.p.r.p.TestFile    Now processing file /home/runner/work/key/key/key.core/../key.ui/examples/heap/simple/modifies.key 
80244      INFO  main            d.u.i.k.p.i.AbstractProblemLoader Loading environment from /home/runner/work/key/key/key.core/../key.ui/examples/heap/simple/modifies.key 
80244      DEBUG main            d.u.i.k.p.i.AbstractProblemLoader Environment load took 92.8ns 
80246      INFO  main            d.u.i.k.p.i.AbstractProblemLoader Creating init config 
82635      DEBUG main            d.u.i.k.p.i.AbstractProblemLoader Init config took 2.39s 
82650      INFO  main            d.u.i.k.p.i.AbstractProblemLoader Replaying proof modifies.key 
82651      DEBUG main            d.u.i.k.p.i.IntermediateProofReplayer Proof replay took 6.8ns 
82754      INFO  main            d.u.i.k.p.r.p.TestFile    ... finished proof: closed. 
82958      INFO  main            d.u.i.k.p.i.AbstractProblemLoader Loading environment from /home/runner/work/key/key/key.core/../key.ui/examples/heap/simple/modifies.key.proof 
82958      DEBUG main            d.u.i.k.p.i.AbstractProblemLoader Environment load took 124.1ns 
82960      INFO  main            d.u.i.k.p.i.AbstractProblemLoader Creating init config 
85287      DEBUG main            d.u.i.k.p.i.AbstractProblemLoader Init config took 2.33s 
85302      INFO  main            d.u.i.k.p.i.AbstractProblemLoader Replaying proof modifies.key.proof 
85325      DEBUG main            d.u.i.k.p.i.IntermediateProofReplayer Proof replay took 21.25ms 
85326      DEBUG main            d.u.i.k.p.r.p.TestFile    ... success: reloaded. 
85328      INFO  main            d.u.i.k.p.r.p.TestFile    Now processing file /home/runner/work/key/key/key.core/../key.ui/examples/heap/simple/object_creation.key 
85328      INFO  main            d.u.i.k.p.i.AbstractProblemLoader Loading environment from /home/runner/work/key/key/key.core/../key.ui/examples/heap/simple/object_creation.key 
85328      DEBUG main            d.u.i.k.p.i.AbstractProblemLoader Environment load took 96.3ns 
85329      INFO  main            d.u.i.k.p.i.AbstractProblemLoader Creating init config 
87739      DEBUG main            d.u.i.k.p.i.AbstractProblemLoader Init config took 2.41s 
87754      INFO  main            d.u.i.k.p.i.AbstractProblemLoader Replaying proof object_creation.key 
87757      DEBUG main            d.u.i.k.p.i.IntermediateProofReplayer Proof replay took 7.2ns 
87962      INFO  main            d.u.i.k.p.r.p.TestFile    ... finished proof: closed. 
88207      INFO  main            d.u.i.k.p.i.AbstractProblemLoader Loading environment from /home/runner/work/key/key/key.core/../key.ui/examples/heap/simple/object_creation.key.proof 
88207      DEBUG main            d.u.i.k.p.i.AbstractProblemLoader Environment load took 127.2ns 
88209      INFO  main            d.u.i.k.p.i.AbstractProblemLoader Creating init config 
90516      DEBUG main            d.u.i.k.p.i.AbstractProblemLoader Init config took 2.31s 
90531      INFO  main            d.u.i.k.p.i.AbstractProblemLoader Replaying proof object_creation.key.proof 
90578      DEBUG main            d.u.i.k.p.i.IntermediateProofReplayer Proof replay took 44.16ms 
90579      DEBUG main            d.u.i.k.p.r.p.TestFile    ... success: reloaded. 
90580      INFO  main            d.u.i.k.p.r.p.TestFile    Now processing file /home/runner/work/key/key/key.core/../key.ui/examples/heap/simple/operation_contracts.key 
90580      INFO  main            d.u.i.k.p.i.AbstractProblemLoader Loading environment from /home/runner/work/key/key/key.core/../key.ui/examples/heap/simple/operation_contracts.key 
90581      DEBUG main            d.u.i.k.p.i.AbstractProblemLoader Environment load took 225.41ns 
90582      INFO  main            d.u.i.k.p.i.AbstractProblemLoader Creating init config 
93208      DEBUG main            d.u.i.k.p.i.AbstractProblemLoader Init config took 2.63s 
93224      INFO  main            d.u.i.k.p.i.AbstractProblemLoader Replaying proof operation_contracts.key 
93226      DEBUG main            d.u.i.k.p.i.IntermediateProofReplayer Proof replay took 7.5ns 
93933      INFO  main            d.u.i.k.p.r.p.TestFile    ... finished proof: closed. 
94179      INFO  main            d.u.i.k.p.i.AbstractProblemLoader Loading environment from /home/runner/work/key/key/key.core/../key.ui/examples/heap/simple/operation_contracts.key.proof 
94180      DEBUG main            d.u.i.k.p.i.AbstractProblemLoader Environment load took 449.51ns 
94182      INFO  main            d.u.i.k.p.i.AbstractProblemLoader Creating init config 
96725      DEBUG main            d.u.i.k.p.i.AbstractProblemLoader Init config took 2.54s 
96741      INFO  main            d.u.i.k.p.i.AbstractProblemLoader Replaying proof operation_contracts.key.proof 
96868      DEBUG main            d.u.i.k.p.i.IntermediateProofReplayer Proof replay took 120.26ms 
96870      DEBUG main            d.u.i.k.p.r.p.TestFile    ... success: reloaded. 
96871      INFO  main            d.u.i.k.p.r.p.TestFile    Now processing file /home/runner/work/key/key/key.core/../key.ui/examples/heap/simple/select_store.key 
96871      INFO  main            d.u.i.k.p.i.AbstractProblemLoader Loading environment from /home/runner/work/key/key/key.core/../key.ui/examples/heap/simple/select_store.key 
96871      DEBUG main            d.u.i.k.p.i.AbstractProblemLoader Environment load took 136.7ns 
96872      INFO  main            d.u.i.k.p.i.AbstractProblemLoader Creating init config 
99282      DEBUG main            d.u.i.k.p.i.AbstractProblemLoader Init config took 2.41s 
99297      INFO  main            d.u.i.k.p.i.AbstractProblemLoader Replaying proof select_store.key 
99298      DEBUG main            d.u.i.k.p.i.IntermediateProofReplayer Proof replay took 7.1ns 
99400      INFO  main            d.u.i.k.p.r.p.TestFile    ... finished proof: closed. 
99642      INFO  main            d.u.i.k.p.i.AbstractProblemLoader Loading environment from /home/runner/work/key/key/key.core/../key.ui/examples/heap/simple/select_store.key.proof 
99642      DEBUG main            d.u.i.k.p.i.AbstractProblemLoader Environment load took 159.2ns 
99644      INFO  main            d.u.i.k.p.i.AbstractProblemLoader Creating init config 
101937     DEBUG main            d.u.i.k.p.i.AbstractProblemLoader Init config took 2.29s 
101953     INFO  main            d.u.i.k.p.i.AbstractProblemLoader Replaying proof select_store.key.proof 
101957     DEBUG main            d.u.i.k.p.i.IntermediateProofReplayer Proof replay took 2.04ms 
101958     DEBUG main            d.u.i.k.p.r.p.TestFile    ... success: reloaded. 
101960     INFO  main            d.u.i.k.p.r.p.TestFile    Now processing file /home/runner/work/key/key/key.core/../key.ui/examples/heap/simple/selection_sort.key 
101961     INFO  main            d.u.i.k.p.i.AbstractProblemLoader Loading environment from /home/runner/work/key/key/key.core/../key.ui/examples/heap/simple/selection_sort.key 
101961     DEBUG main            d.u.i.k.p.i.AbstractProblemLoader Environment load took 203.7ns 
101963     INFO  main            d.u.i.k.p.i.AbstractProblemLoader Creating init config 
104579     DEBUG main            d.u.i.k.p.i.AbstractProblemLoader Init config took 2.62s 
104595     INFO  main            d.u.i.k.p.i.AbstractProblemLoader Replaying proof selection_sort.key 
104599     DEBUG main            d.u.i.k.p.i.IntermediateProofReplayer Proof replay took 8.1ns 
108042     INFO  main            d.u.i.k.p.r.p.TestFile    ... finished proof: closed. 
108316     INFO  main            d.u.i.k.p.i.AbstractProblemLoader Loading environment from /home/runner/work/key/key/key.core/../key.ui/examples/heap/simple/selection_sort.key.proof 
108316     DEBUG main            d.u.i.k.p.i.AbstractProblemLoader Environment load took 191.5ns 
108318     INFO  main            d.u.i.k.p.i.AbstractProblemLoader Creating init config 
110858     DEBUG main            d.u.i.k.p.i.AbstractProblemLoader Init config took 2.54s 
110873     INFO  main            d.u.i.k.p.i.AbstractProblemLoader Replaying proof selection_sort.key.proof 
111518     DEBUG main            d.u.i.k.p.i.IntermediateProofReplayer Proof replay took 623.66ms 
111521     DEBUG main            d.u.i.k.p.r.p.TestFile    ... success: reloaded. 
111523     INFO  main            d.u.i.k.p.r.p.TestFile    Now processing file /home/runner/work/key/key/key.core/../key.ui/examples/heap/simple/seq.key 
111524     INFO  main            d.u.i.k.p.i.AbstractProblemLoader Loading environment from /home/runner/work/key/key/key.core/../key.ui/examples/heap/simple/seq.key 
111524     DEBUG main            d.u.i.k.p.i.AbstractProblemLoader Environment load took 209.1ns 
111525     INFO  main            d.u.i.k.p.i.AbstractProblemLoader Creating init config 
113947     DEBUG main            d.u.i.k.p.i.AbstractProblemLoader Init config took 2.42s 
113960     INFO  main            d.u.i.k.p.i.AbstractProblemLoader Replaying proof seq.key 
113961     DEBUG main            d.u.i.k.p.i.IntermediateProofReplayer Proof replay took 7.9ns 
114366     INFO  main            d.u.i.k.p.r.p.TestFile    ... finished proof: closed. 
114677     INFO  main            d.u.i.k.p.i.AbstractProblemLoader Loading environment from /home/runner/work/key/key/key.core/../key.ui/examples/heap/simple/seq.key.proof 
114677     DEBUG main            d.u.i.k.p.i.AbstractProblemLoader Environment load took 114.6ns 
114678     INFO  main            d.u.i.k.p.i.AbstractProblemLoader Creating init config 
116961     DEBUG main            d.u.i.k.p.i.AbstractProblemLoader Init config took 2.28s 
116975     INFO  main            d.u.i.k.p.i.AbstractProblemLoader Replaying proof seq.key.proof 
117024     DEBUG main            d.u.i.k.p.i.IntermediateProofReplayer Proof replay took 44.73ms 
117026     DEBUG main            d.u.i.k.p.r.p.TestFile    ... success: reloaded. 
117026     INFO  main            d.u.i.k.p.r.p.TestFile    Now processing file /home/runner/work/key/key/key.core/../key.ui/examples/heap/simple/oldForParams.key 
117027     INFO  main            d.u.i.k.p.i.AbstractProblemLoader Loading environment from /home/runner/work/key/key/key.core/../key.ui/examples/heap/simple/oldForParams.key 
117027     DEBUG main            d.u.i.k.p.i.AbstractProblemLoader Environment load took 196.5ns 
117028     INFO  main            d.u.i.k.p.i.AbstractProblemLoader Creating init config 
119583     DEBUG main            d.u.i.k.p.i.AbstractProblemLoader Init config took 2.55s 
119664     INFO  main            d.u.i.k.p.i.AbstractProblemLoader Replaying proof OldForParameters[OldForParameters::method(int)].JML operation contract.0 
119666     DEBUG main            d.u.i.k.p.i.IntermediateProofReplayer Proof replay took 6.9ns 
119870     INFO  main            d.u.i.k.p.r.p.TestFile    ... finished proof: closed. 
120133     INFO  main            d.u.i.k.p.i.AbstractProblemLoader Loading environment from /home/runner/work/key/key/key.core/../key.ui/examples/heap/simple/oldForParams.key.proof 
120134     DEBUG main            d.u.i.k.p.i.AbstractProblemLoader Environment load took 113.6ns 
120135     INFO  main            d.u.i.k.p.i.AbstractProblemLoader Creating init config 
122657     DEBUG main            d.u.i.k.p.i.AbstractProblemLoader Init config took 2.52s 
122698     INFO  main            d.u.i.k.p.i.AbstractProblemLoader Replaying proof OldForParameters[OldForParameters::method(int)].JML operation contract.0 
122744     DEBUG main            d.u.i.k.p.i.IntermediateProofReplayer Proof replay took 43.37ms 
122745     DEBUG main            d.u.i.k.p.r.p.TestFile    ... success: reloaded. 
122746     INFO  main            d.u.i.k.p.r.p.TestFile    Now processing file /home/runner/work/key/key/key.core/../key.ui/examples/heap/simple/parse_lmtd.key 
122746     INFO  main            d.u.i.k.p.i.AbstractProblemLoader Loading environment from /home/runner/work/key/key/key.core/../key.ui/examples/heap/simple/parse_lmtd.key 
122746     DEBUG main            d.u.i.k.p.i.AbstractProblemLoader Environment load took 154.7ns 
122747     INFO  main            d.u.i.k.p.i.AbstractProblemLoader Creating init config 
125348     DEBUG main            d.u.i.k.p.i.AbstractProblemLoader Init config took 2.6s 
125388     INFO  main            d.u.i.k.p.i.AbstractProblemLoader Replaying proof ParseLmtd[ParseLmtd::simple(int)].JML normal_behavior operation contract.0 
125389     DEBUG main            d.u.i.k.p.i.IntermediateProofReplayer Proof replay took 6.2ns 
125494     INFO  main            d.u.i.k.p.r.p.TestFile    ... finished proof: closed. 
125766     INFO  main            d.u.i.k.p.i.AbstractProblemLoader Loading environment from /home/runner/work/key/key/key.core/../key.ui/examples/heap/simple/parse_lmtd.key.proof 
125766     DEBUG main            d.u.i.k.p.i.AbstractProblemLoader Environment load took 121.3ns 
125767     INFO  main            d.u.i.k.p.i.AbstractProblemLoader Creating init config 
128283     DEBUG main            d.u.i.k.p.i.AbstractProblemLoader Init config took 2.52s 
128322     INFO  main            d.u.i.k.p.i.AbstractProblemLoader Replaying proof ParseLmtd[ParseLmtd::simple(int)].JML normal_behavior operation contract.0 
128346     DEBUG main            d.u.i.k.p.i.IntermediateProofReplayer Proof replay took 22.18ms 
128347     DEBUG main            d.u.i.k.p.r.p.TestFile    ... success: reloaded. 
128347     INFO  main            d.u.i.k.p.r.p.TestFile    Now processing file /home/runner/work/key/key/key.core/../key.ui/examples/heap/strictly_pure/strictlyPureMethod.key 
128348     INFO  main            d.u.i.k.p.i.AbstractProblemLoader Loading environment from /home/runner/work/key/key/key.core/../key.ui/examples/heap/strictly_pure/strictlyPureMethod.key 
128348     DEBUG main            d.u.i.k.p.i.AbstractProblemLoader Environment load took 78.4ns 
128349     INFO  main            d.u.i.k.p.i.AbstractProblemLoader Creating init config 
130828     DEBUG main            d.u.i.k.p.i.AbstractProblemLoader Init config took 2.48s 
130864     INFO  main            d.u.i.k.p.i.AbstractProblemLoader Replaying proof StrictlyPure[StrictlyPure::strictlyPureMethod()].JML operation contract.0 
130865     DEBUG main            d.u.i.k.p.i.IntermediateProofReplayer Proof replay took 5.8ns 
131071     INFO  main            d.u.i.k.p.r.p.TestFile    ... finished proof: closed. 
131322     INFO  main            d.u.i.k.p.i.AbstractProblemLoader Loading environment from /home/runner/work/key/key/key.core/../key.ui/examples/heap/strictly_pure/strictlyPureMethod.key.proof 
131323     DEBUG main            d.u.i.k.p.i.AbstractProblemLoader Environment load took 112.5ns 
131324     INFO  main            d.u.i.k.p.i.AbstractProblemLoader Creating init config 
133716     DEBUG main            d.u.i.k.p.i.AbstractProblemLoader Init config took 2.39s 
133751     INFO  main            d.u.i.k.p.i.AbstractProblemLoader Replaying proof StrictlyPure[StrictlyPure::strictlyPureMethod()].JML operation contract.0 
133790     DEBUG main            d.u.i.k.p.i.IntermediateProofReplayer Proof replay took 36.04ms 
133790     DEBUG main            d.u.i.k.p.r.p.TestFile    ... success: reloaded. 
133791     INFO  main            d.u.i.k.p.r.p.TestFile    Now processing file /home/runner/work/key/key/key.core/../key.ui/examples/heap/strictly_pure/useStrictlyPureMethod.key 
133792     INFO  main            d.u.i.k.p.i.AbstractProblemLoader Loading environment from /home/runner/work/key/key/key.core/../key.ui/examples/heap/strictly_pure/useStrictlyPureMethod.key 
133792     DEBUG main            d.u.i.k.p.i.AbstractProblemLoader Environment load took 72.8ns 
133792     INFO  main            d.u.i.k.p.i.AbstractProblemLoader Creating init config 
136222     DEBUG main            d.u.i.k.p.i.AbstractProblemLoader Init config took 2.43s 
136256     INFO  main            d.u.i.k.p.i.AbstractProblemLoader Replaying proof StrictlyPure[StrictlyPure::useStrictlyPureMethod(StrictlyPureClass)].JML operation contract.0 
136258     DEBUG main            d.u.i.k.p.i.IntermediateProofReplayer Proof replay took 7.1ns 
136460     INFO  main            d.u.i.k.p.r.p.TestFile    ... finished proof: closed. 
136726     INFO  main            d.u.i.k.p.i.AbstractProblemLoader Loading environment from /home/runner/work/key/key/key.core/../key.ui/examples/heap/strictly_pure/useStrictlyPureMethod.key.proof 
136726     DEBUG main            d.u.i.k.p.i.AbstractProblemLoader Environment load took 112.3ns 
136727     INFO  main            d.u.i.k.p.i.AbstractProblemLoader Creating init config 
139105     DEBUG main            d.u.i.k.p.i.AbstractProblemLoader Init config took 2.38s 
139140     INFO  main            d.u.i.k.p.i.AbstractProblemLoader Replaying proof StrictlyPure[StrictlyPure::useStrictlyPureMethod(StrictlyPureClass)].JML operation contract.0 
139206     DEBUG main            d.u.i.k.p.i.IntermediateProofReplayer Proof replay took 58.57ms 
139207     DEBUG main            d.u.i.k.p.r.p.TestFile    ... success: reloaded. 
139209     INFO  main            d.u.i.k.p.r.p.TestFile    Now processing file /home/runner/work/key/key/key.core/../key.ui/examples/heap/Wellfounded/ackermann.key 
139209     INFO  main            d.u.i.k.p.i.AbstractProblemLoader Loading environment from /home/runner/work/key/key/key.core/../key.ui/examples/heap/Wellfounded/ackermann.key 
139209     DEBUG main            d.u.i.k.p.i.AbstractProblemLoader Environment load took 229.41ns 
139210     INFO  main            d.u.i.k.p.i.AbstractProblemLoader Creating init config 
141703     DEBUG main            d.u.i.k.p.i.AbstractProblemLoader Init config took 2.49s 
141737     INFO  main            d.u.i.k.p.i.AbstractProblemLoader Replaying proof Ackermann[Ackermann::a(int,int)].JML normal_behavior operation contract.0 
141740     DEBUG main            d.u.i.k.p.i.IntermediateProofReplayer Proof replay took 6.8ns 
142042     INFO  main            d.u.i.k.p.r.p.TestFile    ... finished proof: closed. 
142351     INFO  main            d.u.i.k.p.i.AbstractProblemLoader Loading environment from /home/runner/work/key/key/key.core/../key.ui/examples/heap/Wellfounded/ackermann.key.proof 
142351     DEBUG main            d.u.i.k.p.i.AbstractProblemLoader Environment load took 111.3ns 
142352     INFO  main            d.u.i.k.p.i.AbstractProblemLoader Creating init config 
144743     DEBUG main            d.u.i.k.p.i.AbstractProblemLoader Init config took 2.39s 
144778     INFO  main            d.u.i.k.p.i.AbstractProblemLoader Replaying proof Ackermann[Ackermann::a(int,int)].JML normal_behavior operation contract.0 
144839     DEBUG main            d.u.i.k.p.i.IntermediateProofReplayer Proof replay took 58.23ms 
144840     DEBUG main            d.u.i.k.p.r.p.TestFile    ... success: reloaded. 
144841     INFO  main            d.u.i.k.p.r.p.TestFile    Now processing file /home/runner/work/key/key/key.core/../key.ui/examples/standard_key/unicode_test.key 
144841     INFO  main            d.u.i.k.p.i.AbstractProblemLoader Loading environment from /home/runner/work/key/key/key.core/../key.ui/examples/standard_key/unicode_test.key 
144841     DEBUG main            d.u.i.k.p.i.AbstractProblemLoader Environment load took 132.8ns 
144843     INFO  main            d.u.i.k.p.i.AbstractProblemLoader Creating init config 
147213     DEBUG main            d.u.i.k.p.i.AbstractProblemLoader Init config took 2.37s 
147227     INFO  main            d.u.i.k.p.i.AbstractProblemLoader Replaying proof unicode_test.key 
147229     DEBUG main            d.u.i.k.p.i.IntermediateProofReplayer Proof replay took 6.9ns 
147332     INFO  main            d.u.i.k.p.r.p.TestFile    ... finished proof: closed. 
147598     INFO  main            d.u.i.k.p.i.AbstractProblemLoader Loading environment from /home/runner/work/key/key/key.core/../key.ui/examples/standard_key/unicode_test.key.proof 
147598     DEBUG main            d.u.i.k.p.i.AbstractProblemLoader Environment load took 123.3ns 
147599     INFO  main            d.u.i.k.p.i.AbstractProblemLoader Creating init config 
149927     DEBUG main            d.u.i.k.p.i.AbstractProblemLoader Init config took 2.33s 
149940     INFO  main            d.u.i.k.p.i.AbstractProblemLoader Replaying proof unicode_test.key.proof 
149943     DEBUG main            d.u.i.k.p.i.IntermediateProofReplayer Proof replay took 380.21ns 
149944     DEBUG main            d.u.i.k.p.r.p.TestFile    ... success: reloaded. 
149945     INFO  main            d.u.i.k.p.r.p.TestFile    Now processing file /home/runner/work/key/key/key.core/../key.ui/examples/heap/strictlyModular/mayExpand.key 
149945     INFO  main            d.u.i.k.p.i.AbstractProblemLoader Loading environment from /home/runner/work/key/key/key.core/../key.ui/examples/heap/strictlyModular/mayExpand.key 
149950     DEBUG main            d.u.i.k.p.i.AbstractProblemLoader Environment load took 4.7ms 
149952     INFO  main            d.u.i.k.p.i.AbstractProblemLoader Creating init config 
152382     DEBUG main            d.u.i.k.p.i.AbstractProblemLoader Init config took 2.43s 
152416     INFO  main            d.u.i.k.p.i.AbstractProblemLoader Replaying proof Modular[Modular::m()].JML operation contract.0 
152418     DEBUG main            d.u.i.k.p.i.IntermediateProofReplayer Proof replay took 6.8ns 
152521     INFO  main            d.u.i.k.p.r.p.TestFile    ... finished proof: closed. 
152807     INFO  main            d.u.i.k.p.i.AbstractProblemLoader Loading environment from /home/runner/work/key/key/key.core/../key.ui/examples/heap/strictlyModular/mayExpand.key.proof 
152807     DEBUG main            d.u.i.k.p.i.AbstractProblemLoader Environment load took 105.5ns 
152808     INFO  main            d.u.i.k.p.i.AbstractProblemLoader Creating init config 
155169     DEBUG main            d.u.i.k.p.i.AbstractProblemLoader Init config took 2.36s 
155203     INFO  main            d.u.i.k.p.i.AbstractProblemLoader Replaying proof Modular[Modular::m()].JML operation contract.0 
155219     DEBUG main            d.u.i.k.p.i.IntermediateProofReplayer Proof replay took 13.9ms 
155220     DEBUG main            d.u.i.k.p.r.p.TestFile    ... success: reloaded. 
155221     INFO  main            d.u.i.k.p.r.p.TestFile    Now processing file /home/runner/work/key/key/key.core/../key.ui/examples/heap/strictlyModular/modularOnly.key 
155221     INFO  main            d.u.i.k.p.i.AbstractProblemLoader Loading environment from /home/runner/work/key/key/key.core/../key.ui/examples/heap/strictlyModular/modularOnly.key 
155221     DEBUG main            d.u.i.k.p.i.AbstractProblemLoader Environment load took 48.7ns 
155222     INFO  main            d.u.i.k.p.i.AbstractProblemLoader Creating init config 
157639     DEBUG main            d.u.i.k.p.i.AbstractProblemLoader Init config took 2.42s 
157673     INFO  main            d.u.i.k.p.i.AbstractProblemLoader Replaying proof Modular[Modular::m()].JML operation contract.0 
157674     DEBUG main            d.u.i.k.p.i.IntermediateProofReplayer Proof replay took 6.8ns 
157777     INFO  main            d.u.i.k.p.r.p.TestFile    ... finished proof: open goal(s) 
1860347    INFO  Test worker     d.u.i.k.p.r.RunAllProofsTestUnit Returning from test simpleTests 
1860351    INFO  Test worker     d.u.i.k.p.r.RunAllProofsTestUnit Running test SmansEtAl 
349        INFO  Timeout watchdog d.u.i.k.p.r.p.ForkedTestFileRunner Timeout watcher launched (2000 secs.) 
353        WARN  main            d.u.i.k.s.ProofSettings   The settings in /home/runner/.key/proof-settings.props are *not* read. 
387        INFO  main            d.u.i.k.p.r.p.TestFile    Now processing file /home/runner/work/key/key/key.core/../key.ui/examples/heap/SmansEtAl/ArrayList_add.key 
534        INFO  main            d.u.i.k.p.i.AbstractProblemLoader Loading environment from /home/runner/work/key/key/key.core/../key.ui/examples/heap/SmansEtAl/ArrayList_add.key 
558        DEBUG main            d.u.i.k.p.i.AbstractProblemLoader Environment load took 2.43ms 
801        INFO  main            d.u.i.k.p.i.AbstractProblemLoader Creating init config 
1637       DEBUG main            d.u.i.k.j.TypeConverter   No LDT found for Meta 
1638       DEBUG main            d.u.i.k.j.TypeConverter   No LDT found for Meta 
1639       DEBUG main            d.u.i.k.j.TypeConverter   No LDT found for Meta 
1639       DEBUG main            d.u.i.k.j.TypeConverter   No LDT found for Meta 
2995       DEBUG main            d.u.i.k.j.TypeConverter   No LDT found for JavaBigintExpression 
8540       DEBUG main            d.u.i.k.p.i.AbstractProblemLoader Init config took 7.74s 
8660       INFO  main            d.u.i.k.p.i.AbstractProblemLoader Replaying proof ArrayList[ArrayList::add(java.lang.Object)].JML normal_behavior operation contract.0 
8691       DEBUG main            d.u.i.k.p.i.IntermediateProofReplayer Proof replay took 30.1ns 
16327      INFO  main            d.u.i.k.p.r.p.TestFile    ... finished proof: closed. 
16522      INFO  main            d.u.i.k.p.i.AbstractProblemLoader Loading environment from /home/runner/work/key/key/key.core/../key.ui/examples/heap/SmansEtAl/ArrayList_add.key.proof 
16523      DEBUG main            d.u.i.k.p.i.AbstractProblemLoader Environment load took 457.01ns 
16528      INFO  main            d.u.i.k.p.i.AbstractProblemLoader Creating init config 
19624      DEBUG main            d.u.i.k.p.i.AbstractProblemLoader Init config took 3.1s 
19714      INFO  main            d.u.i.k.p.i.AbstractProblemLoader Replaying proof ArrayList[ArrayList::add(java.lang.Object)].JML normal_behavior operation contract.0 
20873      DEBUG main            d.u.i.k.p.i.IntermediateProofReplayer Proof replay took 1.12s 
20882      DEBUG main            d.u.i.k.p.r.p.TestFile    ... success: reloaded. 
20884      INFO  main            d.u.i.k.p.r.p.TestFile    Now processing file /home/runner/work/key/key/key.core/../key.ui/examples/heap/SmansEtAl/ArrayList_ArrayList.key 
20884      INFO  main            d.u.i.k.p.i.AbstractProblemLoader Loading environment from /home/runner/work/key/key/key.core/../key.ui/examples/heap/SmansEtAl/ArrayList_ArrayList.key 
20885      DEBUG main            d.u.i.k.p.i.AbstractProblemLoader Environment load took 227.71ns 
20886      INFO  main            d.u.i.k.p.i.AbstractProblemLoader Creating init config 
23705      DEBUG main            d.u.i.k.p.i.AbstractProblemLoader Init config took 2.82s 
23763      INFO  main            d.u.i.k.p.i.AbstractProblemLoader Replaying proof ArrayList[ArrayList::ArrayList()].JML normal_behavior operation contract.0 
23766      DEBUG main            d.u.i.k.p.i.IntermediateProofReplayer Proof replay took 5.5ns 
24771      INFO  main            d.u.i.k.p.r.p.TestFile    ... finished proof: closed. 
24936      INFO  main            d.u.i.k.p.i.AbstractProblemLoader Loading environment from /home/runner/work/key/key/key.core/../key.ui/examples/heap/SmansEtAl/ArrayList_ArrayList.key.proof 
24938      DEBUG main            d.u.i.k.p.i.AbstractProblemLoader Environment load took 1.28ms 
24939      INFO  main            d.u.i.k.p.i.AbstractProblemLoader Creating init config 
27676      DEBUG main            d.u.i.k.p.i.AbstractProblemLoader Init config took 2.74s 
27729      INFO  main            d.u.i.k.p.i.AbstractProblemLoader Replaying proof ArrayList[ArrayList::ArrayList()].JML normal_behavior operation contract.0 
27916      DEBUG main            d.u.i.k.p.i.IntermediateProofReplayer Proof replay took 179.52ms 
27918      DEBUG main            d.u.i.k.p.r.p.TestFile    ... success: reloaded. 
27919      INFO  main            d.u.i.k.p.r.p.TestFile    Now processing file /home/runner/work/key/key/key.core/../key.ui/examples/heap/SmansEtAl/ArrayList_footprint.key 
27920      INFO  main            d.u.i.k.p.i.AbstractProblemLoader Loading environment from /home/runner/work/key/key/key.core/../key.ui/examples/heap/SmansEtAl/ArrayList_footprint.key 
27920      DEBUG main            d.u.i.k.p.i.AbstractProblemLoader Environment load took 256.51ns 
27921      INFO  main            d.u.i.k.p.i.AbstractProblemLoader Creating init config 
30675      DEBUG main            d.u.i.k.p.i.AbstractProblemLoader Init config took 2.75s 
30723      INFO  main            d.u.i.k.p.i.AbstractProblemLoader Replaying proof ArrayList[ArrayList::$footprint()].JML accessible clause.0 
30725      DEBUG main            d.u.i.k.p.i.IntermediateProofReplayer Proof replay took 6.8ns 
30827      INFO  main            d.u.i.k.p.r.p.TestFile    ... finished proof: closed. 
30973      INFO  main            d.u.i.k.p.i.AbstractProblemLoader Loading environment from /home/runner/work/key/key/key.core/../key.ui/examples/heap/SmansEtAl/ArrayList_footprint.key.proof 
30973      DEBUG main            d.u.i.k.p.i.AbstractProblemLoader Environment load took 125.3ns 
30978      INFO  main            d.u.i.k.p.i.AbstractProblemLoader Creating init config 
33709      DEBUG main            d.u.i.k.p.i.AbstractProblemLoader Init config took 2.73s 
33754      INFO  main            d.u.i.k.p.i.AbstractProblemLoader Replaying proof ArrayList[ArrayList::$footprint()].JML accessible clause.0 
33766      DEBUG main            d.u.i.k.p.i.IntermediateProofReplayer Proof replay took 10.01ms 
33767      DEBUG main            d.u.i.k.p.r.p.TestFile    ... success: reloaded. 
33768      INFO  main            d.u.i.k.p.r.p.TestFile    Now processing file /home/runner/work/key/key/key.core/../key.ui/examples/heap/SmansEtAl/ArrayList_get_dep.key 
33769      INFO  main            d.u.i.k.p.i.AbstractProblemLoader Loading environment from /home/runner/work/key/key/key.core/../key.ui/examples/heap/SmansEtAl/ArrayList_get_dep.key 
33769      DEBUG main            d.u.i.k.p.i.AbstractProblemLoader Environment load took 66.7ns 
33770      INFO  main            d.u.i.k.p.i.AbstractProblemLoader Creating init config 
36486      DEBUG main            d.u.i.k.p.i.AbstractProblemLoader Init config took 2.72s 
36530      INFO  main            d.u.i.k.p.i.AbstractProblemLoader Replaying proof ArrayList[ArrayList::get(int)].JML accessible clause.0 
36532      DEBUG main            d.u.i.k.p.i.IntermediateProofReplayer Proof replay took 7ns 
36837      INFO  main            d.u.i.k.p.r.p.TestFile    ... finished proof: closed. 
36985      INFO  main            d.u.i.k.p.i.AbstractProblemLoader Loading environment from /home/runner/work/key/key/key.core/../key.ui/examples/heap/SmansEtAl/ArrayList_get_dep.key.proof 
36985      DEBUG main            d.u.i.k.p.i.AbstractProblemLoader Environment load took 460.71ns 
36986      INFO  main            d.u.i.k.p.i.AbstractProblemLoader Creating init config 
39639      DEBUG main            d.u.i.k.p.i.AbstractProblemLoader Init config took 2.65s 
39682      INFO  main            d.u.i.k.p.i.AbstractProblemLoader Replaying proof ArrayList[ArrayList::get(int)].JML accessible clause.0 
39748      DEBUG main            d.u.i.k.p.i.IntermediateProofReplayer Proof replay took 62.19ms 
39749      DEBUG main            d.u.i.k.p.r.p.TestFile    ... success: reloaded. 
39750      INFO  main            d.u.i.k.p.r.p.TestFile    Now processing file /home/runner/work/key/key/key.core/../key.ui/examples/heap/SmansEtAl/ArrayList_get.key 
39751      INFO  main            d.u.i.k.p.i.AbstractProblemLoader Loading environment from /home/runner/work/key/key/key.core/../key.ui/examples/heap/SmansEtAl/ArrayList_get.key 
39751      DEBUG main            d.u.i.k.p.i.AbstractProblemLoader Environment load took 210ns 
39752      INFO  main            d.u.i.k.p.i.AbstractProblemLoader Creating init config 
42468      DEBUG main            d.u.i.k.p.i.AbstractProblemLoader Init config took 2.72s 
42513      INFO  main            d.u.i.k.p.i.AbstractProblemLoader Replaying proof ArrayList[ArrayList::get(int)].JML normal_behavior operation contract.0 
42514      DEBUG main            d.u.i.k.p.i.IntermediateProofReplayer Proof replay took 5.9ns 
42719      INFO  main            d.u.i.k.p.r.p.TestFile    ... finished proof: closed. 
42879      INFO  main            d.u.i.k.p.i.AbstractProblemLoader Loading environment from /home/runner/work/key/key/key.core/../key.ui/examples/heap/SmansEtAl/ArrayList_get.key.proof 
42879      DEBUG main            d.u.i.k.p.i.AbstractProblemLoader Environment load took 123.5ns 
42880      INFO  main            d.u.i.k.p.i.AbstractProblemLoader Creating init config 
45538      DEBUG main            d.u.i.k.p.i.AbstractProblemLoader Init config took 2.66s 
45581      INFO  main            d.u.i.k.p.i.AbstractProblemLoader Replaying proof ArrayList[ArrayList::get(int)].JML normal_behavior operation contract.0 
45614      DEBUG main            d.u.i.k.p.i.IntermediateProofReplayer Proof replay took 30.6ms 
45615      DEBUG main            d.u.i.k.p.r.p.TestFile    ... success: reloaded. 
45616      INFO  main            d.u.i.k.p.r.p.TestFile    Now processing file /home/runner/work/key/key/key.core/../key.ui/examples/heap/SmansEtAl/ArrayList_inv.key 
45617      INFO  main            d.u.i.k.p.i.AbstractProblemLoader Loading environment from /home/runner/work/key/key/key.core/../key.ui/examples/heap/SmansEtAl/ArrayList_inv.key 
45617      DEBUG main            d.u.i.k.p.i.AbstractProblemLoader Environment load took 108.9ns 
45618      INFO  main            d.u.i.k.p.i.AbstractProblemLoader Creating init config 
48306      DEBUG main            d.u.i.k.p.i.AbstractProblemLoader Init config took 2.69s 
48350      INFO  main            d.u.i.k.p.i.AbstractProblemLoader Replaying proof ArrayList[java.lang.Object::<inv>()].JML accessible clause.0 
48352      DEBUG main            d.u.i.k.p.i.IntermediateProofReplayer Proof replay took 6.1ns 
48454      INFO  main            d.u.i.k.p.r.p.TestFile    ... finished proof: closed. 
48629      INFO  main            d.u.i.k.p.i.AbstractProblemLoader Loading environment from /home/runner/work/key/key/key.core/../key.ui/examples/heap/SmansEtAl/ArrayList_inv.key.proof 
48629      DEBUG main            d.u.i.k.p.i.AbstractProblemLoader Environment load took 120.2ns 
48630      INFO  main            d.u.i.k.p.i.AbstractProblemLoader Creating init config 
51251      DEBUG main            d.u.i.k.p.i.AbstractProblemLoader Init config took 2.62s 
51295      INFO  main            d.u.i.k.p.i.AbstractProblemLoader Replaying proof ArrayList[java.lang.Object::<inv>()].JML accessible clause.0 
51307      DEBUG main            d.u.i.k.p.i.IntermediateProofReplayer Proof replay took 10.53ms 
51309      DEBUG main            d.u.i.k.p.r.p.TestFile    ... success: reloaded. 
51310      INFO  main            d.u.i.k.p.r.p.TestFile    Now processing file /home/runner/work/key/key/key.core/../key.ui/examples/heap/SmansEtAl/ArrayList_size_dep.key 
51311      INFO  main            d.u.i.k.p.i.AbstractProblemLoader Loading environment from /home/runner/work/key/key/key.core/../key.ui/examples/heap/SmansEtAl/ArrayList_size_dep.key 
51311      DEBUG main            d.u.i.k.p.i.AbstractProblemLoader Environment load took 228.81ns 
51312      INFO  main            d.u.i.k.p.i.AbstractProblemLoader Creating init config 
53990      DEBUG main            d.u.i.k.p.i.AbstractProblemLoader Init config took 2.68s 
54030      INFO  main            d.u.i.k.p.i.AbstractProblemLoader Replaying proof ArrayList[ArrayList::size()].JML accessible clause.0 
54032      DEBUG main            d.u.i.k.p.i.IntermediateProofReplayer Proof replay took 6.4ns 
54135      INFO  main            d.u.i.k.p.r.p.TestFile    ... finished proof: closed. 
54312      INFO  main            d.u.i.k.p.i.AbstractProblemLoader Loading environment from /home/runner/work/key/key/key.core/../key.ui/examples/heap/SmansEtAl/ArrayList_size_dep.key.proof 
54312      DEBUG main            d.u.i.k.p.i.AbstractProblemLoader Environment load took 121.1ns 
54313      INFO  main            d.u.i.k.p.i.AbstractProblemLoader Creating init config 
56942      DEBUG main            d.u.i.k.p.i.AbstractProblemLoader Init config took 2.63s 
56981      INFO  main            d.u.i.k.p.i.AbstractProblemLoader Replaying proof ArrayList[ArrayList::size()].JML accessible clause.0 
56999      DEBUG main            d.u.i.k.p.i.IntermediateProofReplayer Proof replay took 15.7ms 
57000      DEBUG main            d.u.i.k.p.r.p.TestFile    ... success: reloaded. 
57001      INFO  main            d.u.i.k.p.r.p.TestFile    Now processing file /home/runner/work/key/key/key.core/../key.ui/examples/heap/SmansEtAl/ArrayList_size.key 
57001      INFO  main            d.u.i.k.p.i.AbstractProblemLoader Loading environment from /home/runner/work/key/key/key.core/../key.ui/examples/heap/SmansEtAl/ArrayList_size.key 
57001      DEBUG main            d.u.i.k.p.i.AbstractProblemLoader Environment load took 90.3ns 
57002      INFO  main            d.u.i.k.p.i.AbstractProblemLoader Creating init config 
59645      DEBUG main            d.u.i.k.p.i.AbstractProblemLoader Init config took 2.64s 
59683      INFO  main            d.u.i.k.p.i.AbstractProblemLoader Replaying proof ArrayList[ArrayList::size()].JML normal_behavior operation contract.0 
59685      DEBUG main            d.u.i.k.p.i.IntermediateProofReplayer Proof replay took 6.2ns 
59786      INFO  main            d.u.i.k.p.r.p.TestFile    ... finished proof: closed. 
60046      INFO  main            d.u.i.k.p.i.AbstractProblemLoader Loading environment from /home/runner/work/key/key/key.core/../key.ui/examples/heap/SmansEtAl/ArrayList_size.key.proof 
60047      DEBUG main            d.u.i.k.p.i.AbstractProblemLoader Environment load took 125ns 
60048      INFO  main            d.u.i.k.p.i.AbstractProblemLoader Creating init config 
62650      DEBUG main            d.u.i.k.p.i.AbstractProblemLoader Init config took 2.6s 
62689      INFO  main            d.u.i.k.p.i.AbstractProblemLoader Replaying proof ArrayList[ArrayList::size()].JML normal_behavior operation contract.0 
62704      DEBUG main            d.u.i.k.p.i.IntermediateProofReplayer Proof replay took 13.89ms 
62706      DEBUG main            d.u.i.k.p.r.p.TestFile    ... success: reloaded. 
62707      INFO  main            d.u.i.k.p.r.p.TestFile    Now processing file /home/runner/work/key/key/key.core/../key.ui/examples/heap/SmansEtAl/Cell_Cell.key 
62707      INFO  main            d.u.i.k.p.i.AbstractProblemLoader Loading environment from /home/runner/work/key/key/key.core/../key.ui/examples/heap/SmansEtAl/Cell_Cell.key 
62708      DEBUG main            d.u.i.k.p.i.AbstractProblemLoader Environment load took 204.91ns 
62709      INFO  main            d.u.i.k.p.i.AbstractProblemLoader Creating init config 
65400      DEBUG main            d.u.i.k.p.i.AbstractProblemLoader Init config took 2.69s 
65439      INFO  main            d.u.i.k.p.i.AbstractProblemLoader Replaying proof Cell[Cell::Cell()].JML normal_behavior operation contract.0 
65441      DEBUG main            d.u.i.k.p.i.IntermediateProofReplayer Proof replay took 6.5ns 
65644      INFO  main            d.u.i.k.p.r.p.TestFile    ... finished proof: closed. 
65838      INFO  main            d.u.i.k.p.i.AbstractProblemLoader Loading environment from /home/runner/work/key/key/key.core/../key.ui/examples/heap/SmansEtAl/Cell_Cell.key.proof 
65838      DEBUG main            d.u.i.k.p.i.AbstractProblemLoader Environment load took 121.4ns 
65839      INFO  main            d.u.i.k.p.i.AbstractProblemLoader Creating init config 
68442      DEBUG main            d.u.i.k.p.i.AbstractProblemLoader Init config took 2.6s 
68478      INFO  main            d.u.i.k.p.i.AbstractProblemLoader Replaying proof Cell[Cell::Cell()].JML normal_behavior operation contract.0 
68520      DEBUG main            d.u.i.k.p.i.IntermediateProofReplayer Proof replay took 38.76ms 
68521      DEBUG main            d.u.i.k.p.r.p.TestFile    ... success: reloaded. 
68522      INFO  main            d.u.i.k.p.r.p.TestFile    Now processing file /home/runner/work/key/key/key.core/../key.ui/examples/heap/SmansEtAl/Cell_footprint.key 
68522      INFO  main            d.u.i.k.p.i.AbstractProblemLoader Loading environment from /home/runner/work/key/key/key.core/../key.ui/examples/heap/SmansEtAl/Cell_footprint.key 
68523      DEBUG main            d.u.i.k.p.i.AbstractProblemLoader Environment load took 228.6ns 
68524      INFO  main            d.u.i.k.p.i.AbstractProblemLoader Creating init config 
71247      DEBUG main            d.u.i.k.p.i.AbstractProblemLoader Init config took 2.72s 
71282      INFO  main            d.u.i.k.p.i.AbstractProblemLoader Replaying proof Cell[Cell::$footprint()].JML accessible clause.0 
71284      DEBUG main            d.u.i.k.p.i.IntermediateProofReplayer Proof replay took 7.5ns 
71387      INFO  main            d.u.i.k.p.r.p.TestFile    ... finished proof: closed. 
71573      INFO  main            d.u.i.k.p.i.AbstractProblemLoader Loading environment from /home/runner/work/key/key/key.core/../key.ui/examples/heap/SmansEtAl/Cell_footprint.key.proof 
71573      DEBUG main            d.u.i.k.p.i.AbstractProblemLoader Environment load took 158.6ns 
71574      INFO  main            d.u.i.k.p.i.AbstractProblemLoader Creating init config 
74195      DEBUG main            d.u.i.k.p.i.AbstractProblemLoader Init config took 2.62s 
74231      INFO  main            d.u.i.k.p.i.AbstractProblemLoader Replaying proof Cell[Cell::$footprint()].JML accessible clause.0 
74237      DEBUG main            d.u.i.k.p.i.IntermediateProofReplayer Proof replay took 4.14ms 
74238      DEBUG main            d.u.i.k.p.r.p.TestFile    ... success: reloaded. 
74239      INFO  main            d.u.i.k.p.r.p.TestFile    Now processing file /home/runner/work/key/key/key.core/../key.ui/examples/heap/SmansEtAl/Cell_getX_dep.key 
74240      INFO  main            d.u.i.k.p.i.AbstractProblemLoader Loading environment from /home/runner/work/key/key/key.core/../key.ui/examples/heap/SmansEtAl/Cell_getX_dep.key 
74240      DEBUG main            d.u.i.k.p.i.AbstractProblemLoader Environment load took 216ns 
74241      INFO  main            d.u.i.k.p.i.AbstractProblemLoader Creating init config 
76906      DEBUG main            d.u.i.k.p.i.AbstractProblemLoader Init config took 2.66s 
76941      INFO  main            d.u.i.k.p.i.AbstractProblemLoader Replaying proof Cell[Cell::getX()].JML accessible clause.0 
76942      DEBUG main            d.u.i.k.p.i.IntermediateProofReplayer Proof replay took 5.8ns 
77047      INFO  main            d.u.i.k.p.r.p.TestFile    ... finished proof: closed. 
77258      INFO  main            d.u.i.k.p.i.AbstractProblemLoader Loading environment from /home/runner/work/key/key/key.core/../key.ui/examples/heap/SmansEtAl/Cell_getX_dep.key.proof 
77258      DEBUG main            d.u.i.k.p.i.AbstractProblemLoader Environment load took 122.1ns 
77259      INFO  main            d.u.i.k.p.i.AbstractProblemLoader Creating init config 
79876      DEBUG main            d.u.i.k.p.i.AbstractProblemLoader Init config took 2.62s 
79917      INFO  main            d.u.i.k.p.i.AbstractProblemLoader Replaying proof Cell[Cell::getX()].JML accessible clause.0 
79934      DEBUG main            d.u.i.k.p.i.IntermediateProofReplayer Proof replay took 14.67ms 
79934      DEBUG main            d.u.i.k.p.r.p.TestFile    ... success: reloaded. 
79936      INFO  main            d.u.i.k.p.r.p.TestFile    Now processing file /home/runner/work/key/key/key.core/../key.ui/examples/heap/SmansEtAl/Cell_getX.key 
79936      INFO  main            d.u.i.k.p.i.AbstractProblemLoader Loading environment from /home/runner/work/key/key/key.core/../key.ui/examples/heap/SmansEtAl/Cell_getX.key 
79936      DEBUG main            d.u.i.k.p.i.AbstractProblemLoader Environment load took 96.4ns 
79937      INFO  main            d.u.i.k.p.i.AbstractProblemLoader Creating init config 
82582      DEBUG main            d.u.i.k.p.i.AbstractProblemLoader Init config took 2.65s 
82617      INFO  main            d.u.i.k.p.i.AbstractProblemLoader Replaying proof Cell[Cell::getX()].JML normal_behavior operation contract.0 
82618      DEBUG main            d.u.i.k.p.i.IntermediateProofReplayer Proof replay took 6.6ns 
82723      INFO  main            d.u.i.k.p.r.p.TestFile    ... finished proof: closed. 
82927      INFO  main            d.u.i.k.p.i.AbstractProblemLoader Loading environment from /home/runner/work/key/key/key.core/../key.ui/examples/heap/SmansEtAl/Cell_getX.key.proof 
82927      DEBUG main            d.u.i.k.p.i.AbstractProblemLoader Environment load took 131.6ns 
82928      INFO  main            d.u.i.k.p.i.AbstractProblemLoader Creating init config 
85491      DEBUG main            d.u.i.k.p.i.AbstractProblemLoader Init config took 2.56s 
85527      INFO  main            d.u.i.k.p.i.AbstractProblemLoader Replaying proof Cell[Cell::getX()].JML normal_behavior operation contract.0 
85541      DEBUG main            d.u.i.k.p.i.IntermediateProofReplayer Proof replay took 11.91ms 
85542      DEBUG main            d.u.i.k.p.r.p.TestFile    ... success: reloaded. 
85543      INFO  main            d.u.i.k.p.r.p.TestFile    Now processing file /home/runner/work/key/key/key.core/../key.ui/examples/heap/SmansEtAl/Cell_inv.key 
85543      INFO  main            d.u.i.k.p.i.AbstractProblemLoader Loading environment from /home/runner/work/key/key/key.core/../key.ui/examples/heap/SmansEtAl/Cell_inv.key 
85544      DEBUG main            d.u.i.k.p.i.AbstractProblemLoader Environment load took 206.1ns 
85545      INFO  main            d.u.i.k.p.i.AbstractProblemLoader Creating init config 
88221      DEBUG main            d.u.i.k.p.i.AbstractProblemLoader Init config took 2.68s 
88255      INFO  main            d.u.i.k.p.i.AbstractProblemLoader Replaying proof Cell[java.lang.Object::<inv>()].JML accessible clause.0 
88257      DEBUG main            d.u.i.k.p.i.IntermediateProofReplayer Proof replay took 7.5ns 
88358      INFO  main            d.u.i.k.p.r.p.TestFile    ... finished proof: closed. 
88567      INFO  main            d.u.i.k.p.i.AbstractProblemLoader Loading environment from /home/runner/work/key/key/key.core/../key.ui/examples/heap/SmansEtAl/Cell_inv.key.proof 
88567      DEBUG main            d.u.i.k.p.i.AbstractProblemLoader Environment load took 121.6ns 
88568      INFO  main            d.u.i.k.p.i.AbstractProblemLoader Creating init config 
91121      DEBUG main            d.u.i.k.p.i.AbstractProblemLoader Init config took 2.55s 
91154      INFO  main            d.u.i.k.p.i.AbstractProblemLoader Replaying proof Cell[java.lang.Object::<inv>()].JML accessible clause.0 
91157      DEBUG main            d.u.i.k.p.i.IntermediateProofReplayer Proof replay took 1.61ms 
91158      DEBUG main            d.u.i.k.p.r.p.TestFile    ... success: reloaded. 
91159      INFO  main            d.u.i.k.p.r.p.TestFile    Now processing file /home/runner/work/key/key/key.core/../key.ui/examples/heap/SmansEtAl/Cell_setX.key 
91159      INFO  main            d.u.i.k.p.i.AbstractProblemLoader Loading environment from /home/runner/work/key/key/key.core/../key.ui/examples/heap/SmansEtAl/Cell_setX.key 
91159      DEBUG main            d.u.i.k.p.i.AbstractProblemLoader Environment load took 102.7ns 
91160      INFO  main            d.u.i.k.p.i.AbstractProblemLoader Creating init config 
93810      DEBUG main            d.u.i.k.p.i.AbstractProblemLoader Init config took 2.65s 
93850      INFO  main            d.u.i.k.p.i.AbstractProblemLoader Replaying proof Cell[Cell::setX(int)].JML normal_behavior operation contract.0 
93851      DEBUG main            d.u.i.k.p.i.IntermediateProofReplayer Proof replay took 6.5ns 
93954      INFO  main            d.u.i.k.p.r.p.TestFile    ... finished proof: closed. 
94170      INFO  main            d.u.i.k.p.i.AbstractProblemLoader Loading environment from /home/runner/work/key/key/key.core/../key.ui/examples/heap/SmansEtAl/Cell_setX.key.proof 
94170      DEBUG main            d.u.i.k.p.i.AbstractProblemLoader Environment load took 118.3ns 
94171      INFO  main            d.u.i.k.p.i.AbstractProblemLoader Creating init config 
96752      DEBUG main            d.u.i.k.p.i.AbstractProblemLoader Init config took 2.58s 
96786      INFO  main            d.u.i.k.p.i.AbstractProblemLoader Replaying proof Cell[Cell::setX(int)].JML normal_behavior operation contract.0 
96809      DEBUG main            d.u.i.k.p.i.IntermediateProofReplayer Proof replay took 21.05ms 
96810      DEBUG main            d.u.i.k.p.r.p.TestFile    ... success: reloaded. 
96811      INFO  main            d.u.i.k.p.r.p.TestFile    Now processing file /home/runner/work/key/key/key.core/../key.ui/examples/heap/SmansEtAl/CellClient_m.key 
96812      INFO  main            d.u.i.k.p.i.AbstractProblemLoader Loading environment from /home/runner/work/key/key/key.core/../key.ui/examples/heap/SmansEtAl/CellClient_m.key 
96812      DEBUG main            d.u.i.k.p.i.AbstractProblemLoader Environment load took 227.61ns 
96813      INFO  main            d.u.i.k.p.i.AbstractProblemLoader Creating init config 
99454      DEBUG main            d.u.i.k.p.i.AbstractProblemLoader Init config took 2.64s 
99487      INFO  main            d.u.i.k.p.i.AbstractProblemLoader Replaying proof CellClient[CellClient::m()].JML operation contract.0 
99489      DEBUG main            d.u.i.k.p.i.IntermediateProofReplayer Proof replay took 7.5ns 
99996      INFO  main            d.u.i.k.p.r.p.TestFile    ... finished proof: closed. 
100244     INFO  main            d.u.i.k.p.i.AbstractProblemLoader Loading environment from /home/runner/work/key/key/key.core/../key.ui/examples/heap/SmansEtAl/CellClient_m.key.proof 
100246     DEBUG main            d.u.i.k.p.i.AbstractProblemLoader Environment load took 1.4ms 
100247     INFO  main            d.u.i.k.p.i.AbstractProblemLoader Creating init config 
102821     DEBUG main            d.u.i.k.p.i.AbstractProblemLoader Init config took 2.57s 
102855     INFO  main            d.u.i.k.p.i.AbstractProblemLoader Replaying proof CellClient[CellClient::m()].JML operation contract.0 
102956     DEBUG main            d.u.i.k.p.i.IntermediateProofReplayer Proof replay took 97.72ms 
102957     DEBUG main            d.u.i.k.p.r.p.TestFile    ... success: reloaded. 
102958     INFO  main            d.u.i.k.p.r.p.TestFile    Now processing file /home/runner/work/key/key/key.core/../key.ui/examples/heap/SmansEtAl/Iterator_footprint.key 
102958     INFO  main            d.u.i.k.p.i.AbstractProblemLoader Loading environment from /home/runner/work/key/key/key.core/../key.ui/examples/heap/SmansEtAl/Iterator_footprint.key 
102958     DEBUG main            d.u.i.k.p.i.AbstractProblemLoader Environment load took 66.8ns 
102959     INFO  main            d.u.i.k.p.i.AbstractProblemLoader Creating init config 
105570     DEBUG main            d.u.i.k.p.i.AbstractProblemLoader Init config took 2.61s 
105607     INFO  main            d.u.i.k.p.i.AbstractProblemLoader Replaying proof Iterator[Iterator::$footprint()].JML accessible clause.0 
105608     DEBUG main            d.u.i.k.p.i.IntermediateProofReplayer Proof replay took 5.7ns 
105711     INFO  main            d.u.i.k.p.r.p.TestFile    ... finished proof: closed. 
105940     INFO  main            d.u.i.k.p.i.AbstractProblemLoader Loading environment from /home/runner/work/key/key/key.core/../key.ui/examples/heap/SmansEtAl/Iterator_footprint.key.proof 
105940     DEBUG main            d.u.i.k.p.i.AbstractProblemLoader Environment load took 120.3ns 
105941     INFO  main            d.u.i.k.p.i.AbstractProblemLoader Creating init config 
108484     DEBUG main            d.u.i.k.p.i.AbstractProblemLoader Init config took 2.54s 
108520     INFO  main            d.u.i.k.p.i.AbstractProblemLoader Replaying proof Iterator[Iterator::$footprint()].JML accessible clause.0 
108528     DEBUG main            d.u.i.k.p.i.IntermediateProofReplayer Proof replay took 6.38ms 
108529     DEBUG main            d.u.i.k.p.r.p.TestFile    ... success: reloaded. 
108531     INFO  main            d.u.i.k.p.r.p.TestFile    Now processing file /home/runner/work/key/key/key.core/../key.ui/examples/heap/SmansEtAl/Iterator_hasNext_dep.key 
108531     INFO  main            d.u.i.k.p.i.AbstractProblemLoader Loading environment from /home/runner/work/key/key/key.core/../key.ui/examples/heap/SmansEtAl/Iterator_hasNext_dep.key 
108531     DEBUG main            d.u.i.k.p.i.AbstractProblemLoader Environment load took 232.91ns 
108532     INFO  main            d.u.i.k.p.i.AbstractProblemLoader Creating init config 
111183     DEBUG main            d.u.i.k.p.i.AbstractProblemLoader Init config took 2.65s 
111218     INFO  main            d.u.i.k.p.i.AbstractProblemLoader Replaying proof Iterator[Iterator::hasNext()].JML accessible clause.0 
111220     DEBUG main            d.u.i.k.p.i.IntermediateProofReplayer Proof replay took 6.3ns 
111824     INFO  main            d.u.i.k.p.r.p.TestFile    ... finished proof: closed. 
112093     INFO  main            d.u.i.k.p.i.AbstractProblemLoader Loading environment from /home/runner/work/key/key/key.core/../key.ui/examples/heap/SmansEtAl/Iterator_hasNext_dep.key.proof 
112095     DEBUG main            d.u.i.k.p.i.AbstractProblemLoader Environment load took 1.71ms 
112096     INFO  main            d.u.i.k.p.i.AbstractProblemLoader Creating init config 
114648     DEBUG main            d.u.i.k.p.i.AbstractProblemLoader Init config took 2.55s 
114689     INFO  main            d.u.i.k.p.i.AbstractProblemLoader Replaying proof Iterator[Iterator::hasNext()].JML accessible clause.0 
114797     DEBUG main            d.u.i.k.p.i.IntermediateProofReplayer Proof replay took 103.65ms 
114799     DEBUG main            d.u.i.k.p.r.p.TestFile    ... success: reloaded. 
114799     INFO  main            d.u.i.k.p.r.p.TestFile    Now processing file /home/runner/work/key/key/key.core/../key.ui/examples/heap/SmansEtAl/Iterator_hasNext.key 
114800     INFO  main            d.u.i.k.p.i.AbstractProblemLoader Loading environment from /home/runner/work/key/key/key.core/../key.ui/examples/heap/SmansEtAl/Iterator_hasNext.key 
114800     DEBUG main            d.u.i.k.p.i.AbstractProblemLoader Environment load took 219.91ns 
114801     INFO  main            d.u.i.k.p.i.AbstractProblemLoader Creating init config 
117406     DEBUG main            d.u.i.k.p.i.AbstractProblemLoader Init config took 2.6s 
117442     INFO  main            d.u.i.k.p.i.AbstractProblemLoader Replaying proof Iterator[Iterator::hasNext()].JML normal_behavior operation contract.0 
117444     DEBUG main            d.u.i.k.p.i.IntermediateProofReplayer Proof replay took 6.4ns 
117949     INFO  main            d.u.i.k.p.r.p.TestFile    ... finished proof: closed. 
118209     INFO  main            d.u.i.k.p.i.AbstractProblemLoader Loading environment from /home/runner/work/key/key/key.core/../key.ui/examples/heap/SmansEtAl/Iterator_hasNext.key.proof 
118210     DEBUG main            d.u.i.k.p.i.AbstractProblemLoader Environment load took 1.06ms 
118212     INFO  main            d.u.i.k.p.i.AbstractProblemLoader Creating init config 
120750     DEBUG main            d.u.i.k.p.i.AbstractProblemLoader Init config took 2.54s 
120786     INFO  main            d.u.i.k.p.i.AbstractProblemLoader Replaying proof Iterator[Iterator::hasNext()].JML normal_behavior operation contract.0 
120868     DEBUG main            d.u.i.k.p.i.IntermediateProofReplayer Proof replay took 76.71ms 
120869     DEBUG main            d.u.i.k.p.r.p.TestFile    ... success: reloaded. 
120870     INFO  main            d.u.i.k.p.r.p.TestFile    Now processing file /home/runner/work/key/key/key.core/../key.ui/examples/heap/SmansEtAl/Iterator_inv.key 
120870     INFO  main            d.u.i.k.p.i.AbstractProblemLoader Loading environment from /home/runner/work/key/key/key.core/../key.ui/examples/heap/SmansEtAl/Iterator_inv.key 
120870     DEBUG main            d.u.i.k.p.i.AbstractProblemLoader Environment load took 101.8ns 
120871     INFO  main            d.u.i.k.p.i.AbstractProblemLoader Creating init config 
123505     DEBUG main            d.u.i.k.p.i.AbstractProblemLoader Init config took 2.63s 
123540     INFO  main            d.u.i.k.p.i.AbstractProblemLoader Replaying proof Iterator[java.lang.Object::<inv>()].JML accessible clause.0 
123541     DEBUG main            d.u.i.k.p.i.IntermediateProofReplayer Proof replay took 6.4ns 
123747     INFO  main            d.u.i.k.p.r.p.TestFile    ... finished proof: closed. 
123994     INFO  main            d.u.i.k.p.i.AbstractProblemLoader Loading environment from /home/runner/work/key/key/key.core/../key.ui/examples/heap/SmansEtAl/Iterator_inv.key.proof 
123994     DEBUG main            d.u.i.k.p.i.AbstractProblemLoader Environment load took 115.2ns 
123995     INFO  main            d.u.i.k.p.i.AbstractProblemLoader Creating init config 
126547     DEBUG main            d.u.i.k.p.i.AbstractProblemLoader Init config took 2.55s 
126584     INFO  main            d.u.i.k.p.i.AbstractProblemLoader Replaying proof Iterator[java.lang.Object::<inv>()].JML accessible clause.0 
126611     DEBUG main            d.u.i.k.p.i.IntermediateProofReplayer Proof replay took 24.15ms 
126615     DEBUG main            d.u.i.k.p.r.p.TestFile    ... success: reloaded. 
126616     INFO  main            d.u.i.k.p.r.p.TestFile    Now processing file /home/runner/work/key/key/key.core/../key.ui/examples/heap/SmansEtAl/Iterator_Iterator.key 
126617     INFO  main            d.u.i.k.p.i.AbstractProblemLoader Loading environment from /home/runner/work/key/key/key.core/../key.ui/examples/heap/SmansEtAl/Iterator_Iterator.key 
126617     DEBUG main            d.u.i.k.p.i.AbstractProblemLoader Environment load took 204.91ns 
126618     INFO  main            d.u.i.k.p.i.AbstractProblemLoader Creating init config 
129246     DEBUG main            d.u.i.k.p.i.AbstractProblemLoader Init config took 2.63s 
129282     INFO  main            d.u.i.k.p.i.AbstractProblemLoader Replaying proof Iterator[Iterator::Iterator(ArrayList)].JML normal_behavior operation contract.0 
129283     DEBUG main            d.u.i.k.p.i.IntermediateProofReplayer Proof replay took 6.6ns 
130491     INFO  main            d.u.i.k.p.r.p.TestFile    ... finished proof: closed. 
130786     INFO  main            d.u.i.k.p.i.AbstractProblemLoader Loading environment from /home/runner/work/key/key/key.core/../key.ui/examples/heap/SmansEtAl/Iterator_Iterator.key.proof 
130787     DEBUG main            d.u.i.k.p.i.AbstractProblemLoader Environment load took 429.41ns 
130788     INFO  main            d.u.i.k.p.i.AbstractProblemLoader Creating init config 
133324     DEBUG main            d.u.i.k.p.i.AbstractProblemLoader Init config took 2.54s 
133359     INFO  main            d.u.i.k.p.i.AbstractProblemLoader Replaying proof Iterator[Iterator::Iterator(ArrayList)].JML normal_behavior operation contract.0 
133540     DEBUG main            d.u.i.k.p.i.IntermediateProofReplayer Proof replay took 169.17ms 
133541     DEBUG main            d.u.i.k.p.r.p.TestFile    ... success: reloaded. 
133542     INFO  main            d.u.i.k.p.r.p.TestFile    Now processing file /home/runner/work/key/key/key.core/../key.ui/examples/heap/SmansEtAl/Iterator_list_dep.key 
133543     INFO  main            d.u.i.k.p.i.AbstractProblemLoader Loading environment from /home/runner/work/key/key/key.core/../key.ui/examples/heap/SmansEtAl/Iterator_list_dep.key 
133543     DEBUG main            d.u.i.k.p.i.AbstractProblemLoader Environment load took 228.91ns 
133544     INFO  main            d.u.i.k.p.i.AbstractProblemLoader Creating init config 
136174     DEBUG main            d.u.i.k.p.i.AbstractProblemLoader Init config took 2.63s 
136208     INFO  main            d.u.i.k.p.i.AbstractProblemLoader Replaying proof Iterator[Iterator::list()].JML accessible clause.0 
136210     DEBUG main            d.u.i.k.p.i.IntermediateProofReplayer Proof replay took 5.7ns 
136311     INFO  main            d.u.i.k.p.r.p.TestFile    ... finished proof: closed. 
136570     INFO  main            d.u.i.k.p.i.AbstractProblemLoader Loading environment from /home/runner/work/key/key/key.core/../key.ui/examples/heap/SmansEtAl/Iterator_list_dep.key.proof 
136570     DEBUG main            d.u.i.k.p.i.AbstractProblemLoader Environment load took 111.6ns 
136571     INFO  main            d.u.i.k.p.i.AbstractProblemLoader Creating init config 
139111     DEBUG main            d.u.i.k.p.i.AbstractProblemLoader Init config took 2.54s 
139145     INFO  main            d.u.i.k.p.i.AbstractProblemLoader Replaying proof Iterator[Iterator::list()].JML accessible clause.0 
139164     DEBUG main            d.u.i.k.p.i.IntermediateProofReplayer Proof replay took 16.83ms 
139165     DEBUG main            d.u.i.k.p.r.p.TestFile    ... success: reloaded. 
139166     INFO  main            d.u.i.k.p.r.p.TestFile    Now processing file /home/runner/work/key/key/key.core/../key.ui/examples/heap/SmansEtAl/Iterator_list.key 
139166     INFO  main            d.u.i.k.p.i.AbstractProblemLoader Loading environment from /home/runner/work/key/key/key.core/../key.ui/examples/heap/SmansEtAl/Iterator_list.key 
139166     DEBUG main            d.u.i.k.p.i.AbstractProblemLoader Environment load took 101.6ns 
139167     INFO  main            d.u.i.k.p.i.AbstractProblemLoader Creating init config 
141755     DEBUG main            d.u.i.k.p.i.AbstractProblemLoader Init config took 2.59s 
141791     INFO  main            d.u.i.k.p.i.AbstractProblemLoader Replaying proof Iterator[Iterator::list()].JML normal_behavior operation contract.0 
141792     DEBUG main            d.u.i.k.p.i.IntermediateProofReplayer Proof replay took 6ns 
141894     INFO  main            d.u.i.k.p.r.p.TestFile    ... finished proof: closed. 
142155     INFO  main            d.u.i.k.p.i.AbstractProblemLoader Loading environment from /home/runner/work/key/key/key.core/../key.ui/examples/heap/SmansEtAl/Iterator_list.key.proof 
142155     DEBUG main            d.u.i.k.p.i.AbstractProblemLoader Environment load took 111.4ns 
142156     INFO  main            d.u.i.k.p.i.AbstractProblemLoader Creating init config 
144694     DEBUG main            d.u.i.k.p.i.AbstractProblemLoader Init config took 2.54s 
144730     INFO  main            d.u.i.k.p.i.AbstractProblemLoader Replaying proof Iterator[Iterator::list()].JML normal_behavior operation contract.0 
144746     DEBUG main            d.u.i.k.p.i.IntermediateProofReplayer Proof replay took 14.1ms 
144747     DEBUG main            d.u.i.k.p.r.p.TestFile    ... success: reloaded. 
144748     INFO  main            d.u.i.k.p.r.p.TestFile    Now processing file /home/runner/work/key/key/key.core/../key.ui/examples/heap/SmansEtAl/Iterator_next.key 
144748     INFO  main            d.u.i.k.p.i.AbstractProblemLoader Loading environment from /home/runner/work/key/key/key.core/../key.ui/examples/heap/SmansEtAl/Iterator_next.key 
144748     DEBUG main            d.u.i.k.p.i.AbstractProblemLoader Environment load took 102.7ns 
144749     INFO  main            d.u.i.k.p.i.AbstractProblemLoader Creating init config 
147346     DEBUG main            d.u.i.k.p.i.AbstractProblemLoader Init config took 2.6s 
147381     INFO  main            d.u.i.k.p.i.AbstractProblemLoader Replaying proof Iterator[Iterator::next()].JML normal_behavior operation contract.0 
147382     DEBUG main            d.u.i.k.p.i.IntermediateProofReplayer Proof replay took 7.1ns 
150009     INFO  main            d.u.i.k.p.r.p.TestFile    ... finished proof: closed. 
150304     INFO  main            d.u.i.k.p.i.AbstractProblemLoader Loading environment from /home/runner/work/key/key/key.core/../key.ui/examples/heap/SmansEtAl/Iterator_next.key.proof 
150304     DEBUG main            d.u.i.k.p.i.AbstractProblemLoader Environment load took 193.21ns 
150306     INFO  main            d.u.i.k.p.i.AbstractProblemLoader Creating init config 
152833     DEBUG main            d.u.i.k.p.i.AbstractProblemLoader Init config took 2.53s 
152868     INFO  main            d.u.i.k.p.i.AbstractProblemLoader Replaying proof Iterator[Iterator::next()].JML normal_behavior operation contract.0 
153193     DEBUG main            d.u.i.k.p.i.IntermediateProofReplayer Proof replay took 308.82ms 
153195     DEBUG main            d.u.i.k.p.r.p.TestFile    ... success: reloaded. 
153196     INFO  main            d.u.i.k.p.r.p.TestFile    Now processing file /home/runner/work/key/key/key.core/../key.ui/examples/heap/SmansEtAl/Stack_footprint.key 
153196     INFO  main            d.u.i.k.p.i.AbstractProblemLoader Loading environment from /home/runner/work/key/key/key.core/../key.ui/examples/heap/SmansEtAl/Stack_footprint.key 
153197     DEBUG main            d.u.i.k.p.i.AbstractProblemLoader Environment load took 197ns 
153198     INFO  main            d.u.i.k.p.i.AbstractProblemLoader Creating init config 
155807     DEBUG main            d.u.i.k.p.i.AbstractProblemLoader Init config took 2.61s 
155841     INFO  main            d.u.i.k.p.i.AbstractProblemLoader Replaying proof Stack[Stack::$footprint()].JML accessible clause.0 
155843     DEBUG main            d.u.i.k.p.i.IntermediateProofReplayer Proof replay took 6.9ns 
156045     INFO  main            d.u.i.k.p.r.p.TestFile    ... finished proof: closed. 
156317     INFO  main            d.u.i.k.p.i.AbstractProblemLoader Loading environment from /home/runner/work/key/key/key.core/../key.ui/examples/heap/SmansEtAl/Stack_footprint.key.proof 
156317     DEBUG main            d.u.i.k.p.i.AbstractProblemLoader Environment load took 133.1ns 
156319     INFO  main            d.u.i.k.p.i.AbstractProblemLoader Creating init config 
158856     DEBUG main            d.u.i.k.p.i.AbstractProblemLoader Init config took 2.54s 
158890     INFO  main            d.u.i.k.p.i.AbstractProblemLoader Replaying proof Stack[Stack::$footprint()].JML accessible clause.0 
158924     DEBUG main            d.u.i.k.p.i.IntermediateProofReplayer Proof replay took 30.71ms 
158925     DEBUG main            d.u.i.k.p.r.p.TestFile    ... success: reloaded. 
158927     INFO  main            d.u.i.k.p.r.p.TestFile    Now processing file /home/runner/work/key/key/key.core/../key.ui/examples/heap/SmansEtAl/Stack_inv.key 
158927     INFO  main            d.u.i.k.p.i.AbstractProblemLoader Loading environment from /home/runner/work/key/key/key.core/../key.ui/examples/heap/SmansEtAl/Stack_inv.key 
158927     DEBUG main            d.u.i.k.p.i.AbstractProblemLoader Environment load took 88.4ns 
158929     INFO  main            d.u.i.k.p.i.AbstractProblemLoader Creating init config 
161543     DEBUG main            d.u.i.k.p.i.AbstractProblemLoader Init config took 2.61s 
161576     INFO  main            d.u.i.k.p.i.AbstractProblemLoader Replaying proof Stack[java.lang.Object::<inv>()].JML accessible clause.0 
161577     DEBUG main            d.u.i.k.p.i.IntermediateProofReplayer Proof replay took 5.9ns 
161678     INFO  main            d.u.i.k.p.r.p.TestFile    ... finished proof: closed. 
161960     INFO  main            d.u.i.k.p.i.AbstractProblemLoader Loading environment from /home/runner/work/key/key/key.core/../key.ui/examples/heap/SmansEtAl/Stack_inv.key.proof 
161960     DEBUG main            d.u.i.k.p.i.AbstractProblemLoader Environment load took 109.9ns 
161961     INFO  main            d.u.i.k.p.i.AbstractProblemLoader Creating init config 
164487     DEBUG main            d.u.i.k.p.i.AbstractProblemLoader Init config took 2.53s 
164520     INFO  main            d.u.i.k.p.i.AbstractProblemLoader Replaying proof Stack[java.lang.Object::<inv>()].JML accessible clause.0 
164531     DEBUG main            d.u.i.k.p.i.IntermediateProofReplayer Proof replay took 9.35ms 
164532     DEBUG main            d.u.i.k.p.r.p.TestFile    ... success: reloaded. 
164532     INFO  main            d.u.i.k.p.r.p.TestFile    Now processing file /home/runner/work/key/key/key.core/../key.ui/examples/heap/SmansEtAl/Stack_push.key 
164533     INFO  main            d.u.i.k.p.i.AbstractProblemLoader Loading environment from /home/runner/work/key/key/key.core/../key.ui/examples/heap/SmansEtAl/Stack_push.key 
164533     DEBUG main            d.u.i.k.p.i.AbstractProblemLoader Environment load took 218.6ns 
164534     INFO  main            d.u.i.k.p.i.AbstractProblemLoader Creating init config 
167123     DEBUG main            d.u.i.k.p.i.AbstractProblemLoader Init config took 2.59s 
167157     INFO  main            d.u.i.k.p.i.AbstractProblemLoader Replaying proof Stack[Stack::push(java.lang.Object)].JML normal_behavior operation contract.0 
167158     DEBUG main            d.u.i.k.p.i.IntermediateProofReplayer Proof replay took 6.6ns 
167862     INFO  main            d.u.i.k.p.r.p.TestFile    ... finished proof: closed. 
168152     INFO  main            d.u.i.k.p.i.AbstractProblemLoader Loading environment from /home/runner/work/key/key/key.core/../key.ui/examples/heap/SmansEtAl/Stack_push.key.proof 
168153     DEBUG main            d.u.i.k.p.i.AbstractProblemLoader Environment load took 457.41ns 
168154     INFO  main            d.u.i.k.p.i.AbstractProblemLoader Creating init config 
170680     DEBUG main            d.u.i.k.p.i.AbstractProblemLoader Init config took 2.53s 
170714     INFO  main            d.u.i.k.p.i.AbstractProblemLoader Replaying proof Stack[Stack::push(java.lang.Object)].JML normal_behavior operation contract.0 
170844     DEBUG main            d.u.i.k.p.i.IntermediateProofReplayer Proof replay took 125.69ms 
170846     DEBUG main            d.u.i.k.p.r.p.TestFile    ... success: reloaded. 
170847     INFO  main            d.u.i.k.p.r.p.TestFile    Now processing file /home/runner/work/key/key/key.core/../key.ui/examples/heap/SmansEtAl/Stack_size.key 
170847     INFO  main            d.u.i.k.p.i.AbstractProblemLoader Loading environment from /home/runner/work/key/key/key.core/../key.ui/examples/heap/SmansEtAl/Stack_size.key 
170847     DEBUG main            d.u.i.k.p.i.AbstractProblemLoader Environment load took 222.31ns 
170848     INFO  main            d.u.i.k.p.i.AbstractProblemLoader Creating init config 
173461     DEBUG main            d.u.i.k.p.i.AbstractProblemLoader Init config took 2.61s 
173494     INFO  main            d.u.i.k.p.i.AbstractProblemLoader Replaying proof Stack[Stack::size()].JML accessible clause.0 
173496     DEBUG main            d.u.i.k.p.i.IntermediateProofReplayer Proof replay took 6.3ns 
173698     INFO  main            d.u.i.k.p.r.p.TestFile    ... finished proof: closed. 
173993     INFO  main            d.u.i.k.p.i.AbstractProblemLoader Loading environment from /home/runner/work/key/key/key.core/../key.ui/examples/heap/SmansEtAl/Stack_size.key.proof 
173994     DEBUG main            d.u.i.k.p.i.AbstractProblemLoader Environment load took 132.2ns 
173994     INFO  main            d.u.i.k.p.i.AbstractProblemLoader Creating init config 
176511     DEBUG main            d.u.i.k.p.i.AbstractProblemLoader Init config took 2.52s 
176559     INFO  main            d.u.i.k.p.i.AbstractProblemLoader Replaying proof Stack[Stack::size()].JML accessible clause.0 
176599     DEBUG main            d.u.i.k.p.i.IntermediateProofReplayer Proof replay took 38.03ms 
176600     DEBUG main            d.u.i.k.p.r.p.TestFile    ... success: reloaded. 
176601     INFO  main            d.u.i.k.p.r.p.TestFile    Now processing file /home/runner/work/key/key/key.core/../key.ui/examples/heap/SmansEtAl/Stack_Stack.key 
176601     INFO  main            d.u.i.k.p.i.AbstractProblemLoader Loading environment from /home/runner/work/key/key/key.core/../key.ui/examples/heap/SmansEtAl/Stack_Stack.key 
176601     DEBUG main            d.u.i.k.p.i.AbstractProblemLoader Environment load took 90.3ns 
176602     INFO  main            d.u.i.k.p.i.AbstractProblemLoader Creating init config 
179209     DEBUG main            d.u.i.k.p.i.AbstractProblemLoader Init config took 2.61s 
179244     INFO  main            d.u.i.k.p.i.AbstractProblemLoader Replaying proof Stack[Stack::Stack()].JML normal_behavior operation contract.0 
179245     DEBUG main            d.u.i.k.p.i.IntermediateProofReplayer Proof replay took 7ns 
180254     INFO  main            d.u.i.k.p.r.p.TestFile    ... finished proof: closed. 
180578     INFO  main            d.u.i.k.p.i.AbstractProblemLoader Loading environment from /home/runner/work/key/key/key.core/../key.ui/examples/heap/SmansEtAl/Stack_Stack.key.proof 
180578     DEBUG main            d.u.i.k.p.i.AbstractProblemLoader Environment load took 271.31ns 
180580     INFO  main            d.u.i.k.p.i.AbstractProblemLoader Creating init config 
183118     DEBUG main            d.u.i.k.p.i.AbstractProblemLoader Init config took 2.54s 
183163     INFO  main            d.u.i.k.p.i.AbstractProblemLoader Replaying proof Stack[Stack::Stack()].JML normal_behavior operation contract.0 
183340     DEBUG main            d.u.i.k.p.i.IntermediateProofReplayer Proof replay took 171.82ms 
183342     DEBUG main            d.u.i.k.p.r.p.TestFile    ... success: reloaded. 
183342     INFO  main            d.u.i.k.p.r.p.TestFile    Now processing file /home/runner/work/key/key/key.core/../key.ui/examples/heap/SmansEtAl/Stack_switchContents.key 
183343     INFO  main            d.u.i.k.p.i.AbstractProblemLoader Loading environment from /home/runner/work/key/key/key.core/../key.ui/examples/heap/SmansEtAl/Stack_switchContents.key 
183343     DEBUG main            d.u.i.k.p.i.AbstractProblemLoader Environment load took 92.4ns 
183344     INFO  main            d.u.i.k.p.i.AbstractProblemLoader Creating init config 
185903     DEBUG main            d.u.i.k.p.i.AbstractProblemLoader Init config took 2.56s 
185937     INFO  main            d.u.i.k.p.i.AbstractProblemLoader Replaying proof Stack[Stack::switchContents(Stack)].JML normal_behavior operation contract.0 
185938     DEBUG main            d.u.i.k.p.i.IntermediateProofReplayer Proof replay took 5.8ns 
190160     INFO  main            d.u.i.k.p.r.p.TestFile    ... finished proof: closed. 
190488     INFO  main            d.u.i.k.p.i.AbstractProblemLoader Loading environment from /home/runner/work/key/key/key.core/../key.ui/examples/heap/SmansEtAl/Stack_switchContents.key.proof 
190488     DEBUG main            d.u.i.k.p.i.AbstractProblemLoader Environment load took 173.5ns 
190490     INFO  main            d.u.i.k.p.i.AbstractProblemLoader Creating init config 
193020     DEBUG main            d.u.i.k.p.i.AbstractProblemLoader Init config took 2.53s 
193055     INFO  main            d.u.i.k.p.i.AbstractProblemLoader Replaying proof Stack[Stack::switchContents(Stack)].JML normal_behavior operation contract.0 
193494     DEBUG main            d.u.i.k.p.i.IntermediateProofReplayer Proof replay took 425.82ms 
193496     DEBUG main            d.u.i.k.p.r.p.TestFile    ... success: reloaded. 
2054043    INFO  Test worker     d.u.i.k.p.r.RunAllProofsTestUnit Returning from test SmansEtAl 
2054044    INFO  Test worker     d.u.i.k.p.r.RunAllProofsTestUnit Running test VACID0 
343        INFO  Timeout watchdog d.u.i.k.p.r.p.ForkedTestFileRunner Timeout watcher launched (2000 secs.) 
351        WARN  main            d.u.i.k.s.ProofSettings   The settings in /home/runner/.key/proof-settings.props are *not* read. 
379        INFO  main            d.u.i.k.p.r.p.TestFile    Now processing file /home/runner/work/key/key/key.core/../key.ui/examples/heap/vacid0_01_SparseArray/Harness_sparseArrayTestHarness1.key 
518        INFO  main            d.u.i.k.p.i.AbstractProblemLoader Loading environment from /home/runner/work/key/key/key.core/../key.ui/examples/heap/vacid0_01_SparseArray/Harness_sparseArrayTestHarness1.key 
538        DEBUG main            d.u.i.k.p.i.AbstractProblemLoader Environment load took 1.91ms 
775        INFO  main            d.u.i.k.p.i.AbstractProblemLoader Creating init config 
1858       DEBUG main            d.u.i.k.j.TypeConverter   No LDT found for Meta 
1858       DEBUG main            d.u.i.k.j.TypeConverter   No LDT found for Meta 
1859       DEBUG main            d.u.i.k.j.TypeConverter   No LDT found for Meta 
1859       DEBUG main            d.u.i.k.j.TypeConverter   No LDT found for Meta 
3272       DEBUG main            d.u.i.k.j.TypeConverter   No LDT found for JavaBigintExpression 
8199       DEBUG main            d.u.i.k.p.i.AbstractProblemLoader Init config took 7.42s 
8342       INFO  main            d.u.i.k.p.i.AbstractProblemLoader Replaying proof Harness[Harness::sparseArrayTestHarness1()].JML normal_behavior operation contract.0 
8373       DEBUG main            d.u.i.k.p.i.IntermediateProofReplayer Proof replay took 35.4ns 
9954       INFO  main            d.u.i.k.p.r.p.TestFile    ... finished proof: closed. 
10093      INFO  main            d.u.i.k.p.i.AbstractProblemLoader Loading environment from /home/runner/work/key/key/key.core/../key.ui/examples/heap/vacid0_01_SparseArray/Harness_sparseArrayTestHarness1.key.proof 
10094      DEBUG main            d.u.i.k.p.i.AbstractProblemLoader Environment load took 471.21ns 
10096      INFO  main            d.u.i.k.p.i.AbstractProblemLoader Creating init config 
12919      DEBUG main            d.u.i.k.p.i.AbstractProblemLoader Init config took 2.82s 
12981      INFO  main            d.u.i.k.p.i.AbstractProblemLoader Replaying proof Harness[Harness::sparseArrayTestHarness1()].JML normal_behavior operation contract.0 
13157      DEBUG main            d.u.i.k.p.i.IntermediateProofReplayer Proof replay took 167.1ms 
13164      DEBUG main            d.u.i.k.p.r.p.TestFile    ... success: reloaded. 
13166      INFO  main            d.u.i.k.p.r.p.TestFile    Now processing file /home/runner/work/key/key/key.core/../key.ui/examples/heap/vacid0_01_SparseArray/Harness_sparseArrayTestHarness2.key 
13166      INFO  main            d.u.i.k.p.i.AbstractProblemLoader Loading environment from /home/runner/work/key/key/key.core/../key.ui/examples/heap/vacid0_01_SparseArray/Harness_sparseArrayTestHarness2.key 
13166      DEBUG main            d.u.i.k.p.i.AbstractProblemLoader Environment load took 248.31ns 
13168      INFO  main            d.u.i.k.p.i.AbstractProblemLoader Creating init config 
15934      DEBUG main            d.u.i.k.p.i.AbstractProblemLoader Init config took 2.77s 
15991      INFO  main            d.u.i.k.p.i.AbstractProblemLoader Replaying proof Harness[Harness::sparseArrayTestHarness2()].JML normal_behavior operation contract.0 
15995      DEBUG main            d.u.i.k.p.i.IntermediateProofReplayer Proof replay took 6.2ns 
25730      INFO  main            d.u.i.k.p.r.p.TestFile    ... finished proof: closed. 
25946      INFO  main            d.u.i.k.p.i.AbstractProblemLoader Loading environment from /home/runner/work/key/key/key.core/../key.ui/examples/heap/vacid0_01_SparseArray/Harness_sparseArrayTestHarness2.key.proof 
25947      DEBUG main            d.u.i.k.p.i.AbstractProblemLoader Environment load took 499.61ns 
25958      INFO  main            d.u.i.k.p.i.AbstractProblemLoader Creating init config 
28653      DEBUG main            d.u.i.k.p.i.AbstractProblemLoader Init config took 2.7s 
28712      INFO  main            d.u.i.k.p.i.AbstractProblemLoader Replaying proof Harness[Harness::sparseArrayTestHarness2()].JML normal_behavior operation contract.0 
29829      DEBUG main            d.u.i.k.p.i.IntermediateProofReplayer Proof replay took 1.07s 
29832      DEBUG main            d.u.i.k.p.r.p.TestFile    ... success: reloaded. 
29834      INFO  main            d.u.i.k.p.r.p.TestFile    Now processing file /home/runner/work/key/key/key.core/../key.ui/examples/heap/vacid0_01_SparseArray/MemoryAllocator_alloc_unsigned.key 
29834      INFO  main            d.u.i.k.p.i.AbstractProblemLoader Loading environment from /home/runner/work/key/key/key.core/../key.ui/examples/heap/vacid0_01_SparseArray/MemoryAllocator_alloc_unsigned.key 
29834      DEBUG main            d.u.i.k.p.i.AbstractProblemLoader Environment load took 227.1ns 
29836      INFO  main            d.u.i.k.p.i.AbstractProblemLoader Creating init config 
32480      DEBUG main            d.u.i.k.p.i.AbstractProblemLoader Init config took 2.64s 
32524      INFO  main            d.u.i.k.p.i.AbstractProblemLoader Replaying proof MemoryAllocator[MemoryAllocator::alloc_unsigned(int)].JML normal_behavior operation contract.0 
32526      DEBUG main            d.u.i.k.p.i.IntermediateProofReplayer Proof replay took 6.4ns 
33431      INFO  main            d.u.i.k.p.r.p.TestFile    ... finished proof: closed. 
33626      INFO  main            d.u.i.k.p.i.AbstractProblemLoader Loading environment from /home/runner/work/key/key/key.core/../key.ui/examples/heap/vacid0_01_SparseArray/MemoryAllocator_alloc_unsigned.key.proof 
33626      DEBUG main            d.u.i.k.p.i.AbstractProblemLoader Environment load took 428.31ns 
33628      INFO  main            d.u.i.k.p.i.AbstractProblemLoader Creating init config 
36172      DEBUG main            d.u.i.k.p.i.AbstractProblemLoader Init config took 2.54s 
36221      INFO  main            d.u.i.k.p.i.AbstractProblemLoader Replaying proof MemoryAllocator[MemoryAllocator::alloc_unsigned(int)].JML normal_behavior operation contract.0 
36438      DEBUG main            d.u.i.k.p.i.IntermediateProofReplayer Proof replay took 208.13ms 
36439      DEBUG main            d.u.i.k.p.r.p.TestFile    ... success: reloaded. 
36441      INFO  main            d.u.i.k.p.r.p.TestFile    Now processing file /home/runner/work/key/key/key.core/../key.ui/examples/heap/vacid0_01_SparseArray/MemoryAllocator_alloc.key 
36441      INFO  main            d.u.i.k.p.i.AbstractProblemLoader Loading environment from /home/runner/work/key/key/key.core/../key.ui/examples/heap/vacid0_01_SparseArray/MemoryAllocator_alloc.key 
36441      DEBUG main            d.u.i.k.p.i.AbstractProblemLoader Environment load took 218.6ns 
36442      INFO  main            d.u.i.k.p.i.AbstractProblemLoader Creating init config 
39040      DEBUG main            d.u.i.k.p.i.AbstractProblemLoader Init config took 2.6s 
39082      INFO  main            d.u.i.k.p.i.AbstractProblemLoader Replaying proof MemoryAllocator[MemoryAllocator::alloc(int)].JML normal_behavior operation contract.0 
39084      DEBUG main            d.u.i.k.p.i.IntermediateProofReplayer Proof replay took 5.7ns 
39687      INFO  main            d.u.i.k.p.r.p.TestFile    ... finished proof: closed. 
39860      INFO  main            d.u.i.k.p.i.AbstractProblemLoader Loading environment from /home/runner/work/key/key/key.core/../key.ui/examples/heap/vacid0_01_SparseArray/MemoryAllocator_alloc.key.proof 
39861      DEBUG main            d.u.i.k.p.i.AbstractProblemLoader Environment load took 476.71ns 
39862      INFO  main            d.u.i.k.p.i.AbstractProblemLoader Creating init config 
42380      DEBUG main            d.u.i.k.p.i.AbstractProblemLoader Init config took 2.52s 
42422      INFO  main            d.u.i.k.p.i.AbstractProblemLoader Replaying proof MemoryAllocator[MemoryAllocator::alloc(int)].JML normal_behavior operation contract.0 
42555      DEBUG main            d.u.i.k.p.i.IntermediateProofReplayer Proof replay took 128.66ms 
42556      DEBUG main            d.u.i.k.p.r.p.TestFile    ... success: reloaded. 
42558      INFO  main            d.u.i.k.p.r.p.TestFile    Now processing file /home/runner/work/key/key/key.core/../key.ui/examples/heap/vacid0_01_SparseArray/SparseArray_get_dep.key 
42558      INFO  main            d.u.i.k.p.i.AbstractProblemLoader Loading environment from /home/runner/work/key/key/key.core/../key.ui/examples/heap/vacid0_01_SparseArray/SparseArray_get_dep.key 
42558      DEBUG main            d.u.i.k.p.i.AbstractProblemLoader Environment load took 96.9ns 
42559      INFO  main            d.u.i.k.p.i.AbstractProblemLoader Creating init config 
45137      DEBUG main            d.u.i.k.p.i.AbstractProblemLoader Init config took 2.58s 
45218      INFO  main            d.u.i.k.p.i.AbstractProblemLoader Replaying proof SparseArray[SparseArray::get(int)].JML accessible clause.0 
45220      DEBUG main            d.u.i.k.p.i.IntermediateProofReplayer Proof replay took 6.4ns 
48190      INFO  main            d.u.i.k.p.r.p.TestFile    ... finished proof: closed. 
48458      INFO  main            d.u.i.k.p.i.AbstractProblemLoader Loading environment from /home/runner/work/key/key/key.core/../key.ui/examples/heap/vacid0_01_SparseArray/SparseArray_get_dep.key.proof 
48459      DEBUG main            d.u.i.k.p.i.AbstractProblemLoader Environment load took 445.01ns 
48460      INFO  main            d.u.i.k.p.i.AbstractProblemLoader Creating init config 
50994      DEBUG main            d.u.i.k.p.i.AbstractProblemLoader Init config took 2.53s 
51051      INFO  main            d.u.i.k.p.i.AbstractProblemLoader Replaying proof SparseArray[SparseArray::get(int)].JML accessible clause.0 
51376      DEBUG main            d.u.i.k.p.i.IntermediateProofReplayer Proof replay took 313.07ms 
51378      DEBUG main            d.u.i.k.p.r.p.TestFile    ... success: reloaded. 
51379      INFO  main            d.u.i.k.p.r.p.TestFile    Now processing file /home/runner/work/key/key/key.core/../key.ui/examples/heap/vacid0_01_SparseArray/SparseArray_get.key 
51379      INFO  main            d.u.i.k.p.i.AbstractProblemLoader Loading environment from /home/runner/work/key/key/key.core/../key.ui/examples/heap/vacid0_01_SparseArray/SparseArray_get.key 
51380      DEBUG main            d.u.i.k.p.i.AbstractProblemLoader Environment load took 264.41ns 
51381      INFO  main            d.u.i.k.p.i.AbstractProblemLoader Creating init config 
53903      DEBUG main            d.u.i.k.p.i.AbstractProblemLoader Init config took 2.52s 
53960      INFO  main            d.u.i.k.p.i.AbstractProblemLoader Replaying proof SparseArray[SparseArray::get(int)].JML normal_behavior operation contract.0 
53962      DEBUG main            d.u.i.k.p.i.IntermediateProofReplayer Proof replay took 6.7ns 
56104      INFO  main            d.u.i.k.p.r.p.TestFile    ... finished proof: closed. 
56288      INFO  main            d.u.i.k.p.i.AbstractProblemLoader Loading environment from /home/runner/work/key/key/key.core/../key.ui/examples/heap/vacid0_01_SparseArray/SparseArray_get.key.proof 
56288      DEBUG main            d.u.i.k.p.i.AbstractProblemLoader Environment load took 437.41ns 
56290      INFO  main            d.u.i.k.p.i.AbstractProblemLoader Creating init config 
58816      DEBUG main            d.u.i.k.p.i.AbstractProblemLoader Init config took 2.53s 
58886      INFO  main            d.u.i.k.p.i.AbstractProblemLoader Replaying proof SparseArray[SparseArray::get(int)].JML normal_behavior operation contract.0 
59184      DEBUG main            d.u.i.k.p.i.IntermediateProofReplayer Proof replay took 288.29ms 
59185      DEBUG main            d.u.i.k.p.r.p.TestFile    ... success: reloaded. 
59187      INFO  main            d.u.i.k.p.r.p.TestFile    Now processing file /home/runner/work/key/key/key.core/../key.ui/examples/heap/vacid0_01_SparseArray/SparseArray_inv.key 
59187      INFO  main            d.u.i.k.p.i.AbstractProblemLoader Loading environment from /home/runner/work/key/key/key.core/../key.ui/examples/heap/vacid0_01_SparseArray/SparseArray_inv.key 
59187      DEBUG main            d.u.i.k.p.i.AbstractProblemLoader Environment load took 211.81ns 
59188      INFO  main            d.u.i.k.p.i.AbstractProblemLoader Creating init config 
61709      DEBUG main            d.u.i.k.p.i.AbstractProblemLoader Init config took 2.52s 
61764      INFO  main            d.u.i.k.p.i.AbstractProblemLoader Replaying proof SparseArray[java.lang.Object::<inv>()].JML accessible clause.0 
61765      DEBUG main            d.u.i.k.p.i.IntermediateProofReplayer Proof replay took 6.3ns 
63484      INFO  main            d.u.i.k.p.r.p.TestFile    ... finished proof: closed. 
63673      INFO  main            d.u.i.k.p.i.AbstractProblemLoader Loading environment from /home/runner/work/key/key/key.core/../key.ui/examples/heap/vacid0_01_SparseArray/SparseArray_inv.key.proof 
63674      DEBUG main            d.u.i.k.p.i.AbstractProblemLoader Environment load took 506.91ns 
63675      INFO  main            d.u.i.k.p.i.AbstractProblemLoader Creating init config 
66217      DEBUG main            d.u.i.k.p.i.AbstractProblemLoader Init config took 2.54s 
66283      INFO  main            d.u.i.k.p.i.AbstractProblemLoader Replaying proof SparseArray[java.lang.Object::<inv>()].JML accessible clause.0 
66434      DEBUG main            d.u.i.k.p.i.IntermediateProofReplayer Proof replay took 144.66ms 
66435      DEBUG main            d.u.i.k.p.r.p.TestFile    ... success: reloaded. 
66436      INFO  main            d.u.i.k.p.r.p.TestFile    Now processing file /home/runner/work/key/key/key.core/../key.ui/examples/heap/vacid0_01_SparseArray/SparseArray_SparseArray.key 
66436      INFO  main            d.u.i.k.p.i.AbstractProblemLoader Loading environment from /home/runner/work/key/key/key.core/../key.ui/examples/heap/vacid0_01_SparseArray/SparseArray_SparseArray.key 
66437      DEBUG main            d.u.i.k.p.i.AbstractProblemLoader Environment load took 221ns 
66437      INFO  main            d.u.i.k.p.i.AbstractProblemLoader Creating init config 
68916      DEBUG main            d.u.i.k.p.i.AbstractProblemLoader Init config took 2.48s 
68970      INFO  main            d.u.i.k.p.i.AbstractProblemLoader Replaying proof SparseArray[SparseArray::SparseArray(int)].JML normal_behavior operation contract.0 
68971      DEBUG main            d.u.i.k.p.i.IntermediateProofReplayer Proof replay took 6ns 
72196      INFO  main            d.u.i.k.p.r.p.TestFile    ... finished proof: closed. 
72396      INFO  main            d.u.i.k.p.i.AbstractProblemLoader Loading environment from /home/runner/work/key/key/key.core/../key.ui/examples/heap/vacid0_01_SparseArray/SparseArray_SparseArray.key.proof 
72397      DEBUG main            d.u.i.k.p.i.AbstractProblemLoader Environment load took 448.21ns 
72398      INFO  main            d.u.i.k.p.i.AbstractProblemLoader Creating init config 
74841      DEBUG main            d.u.i.k.p.i.AbstractProblemLoader Init config took 2.44s 
74905      INFO  main            d.u.i.k.p.i.AbstractProblemLoader Replaying proof SparseArray[SparseArray::SparseArray(int)].JML normal_behavior operation contract.0 
75379      DEBUG main            d.u.i.k.p.i.IntermediateProofReplayer Proof replay took 464.66ms 
75380      DEBUG main            d.u.i.k.p.r.p.TestFile    ... success: reloaded. 
2129603    INFO  Test worker     d.u.i.k.p.r.RunAllProofsTestUnit Returning from test VACID0 
2129605    INFO  Test worker     d.u.i.k.p.r.RunAllProofsTestUnit Running test VSTTE10 
346        INFO  Timeout watchdog d.u.i.k.p.r.p.ForkedTestFileRunner Timeout watcher launched (2000 secs.) 
356        WARN  main            d.u.i.k.s.ProofSettings   The settings in /home/runner/.key/proof-settings.props are *not* read. 
407        INFO  main            d.u.i.k.p.r.p.TestFile    Now processing file /home/runner/work/key/key/key.core/../key.ui/examples/heap/vstte10_01_SumAndMax/SumAndMax_sumAndMax.key 
543        INFO  main            d.u.i.k.p.i.AbstractProblemLoader Loading environment from /home/runner/work/key/key/key.core/../key.ui/examples/heap/vstte10_01_SumAndMax/SumAndMax_sumAndMax.key 
563        DEBUG main            d.u.i.k.p.i.AbstractProblemLoader Environment load took 5.56ms 
806        INFO  main            d.u.i.k.p.i.AbstractProblemLoader Creating init config 
1846       DEBUG main            d.u.i.k.j.TypeConverter   No LDT found for Meta 
1847       DEBUG main            d.u.i.k.j.TypeConverter   No LDT found for Meta 
1850       DEBUG main            d.u.i.k.j.TypeConverter   No LDT found for Meta 
1850       DEBUG main            d.u.i.k.j.TypeConverter   No LDT found for Meta 
3434       DEBUG main            d.u.i.k.j.TypeConverter   No LDT found for JavaBigintExpression 
8645       DEBUG main            d.u.i.k.p.i.AbstractProblemLoader Init config took 7.84s 
8776       INFO  main            d.u.i.k.p.i.AbstractProblemLoader Replaying proof SumAndMax[SumAndMax::sumAndMax([I)].JML normal_behavior operation contract.0 
8810       DEBUG main            d.u.i.k.p.i.IntermediateProofReplayer Proof replay took 37.9ns 
13651      INFO  main            d.u.i.k.p.r.p.TestFile    ... finished proof: closed. 
13815      INFO  main            d.u.i.k.p.i.AbstractProblemLoader Loading environment from /home/runner/work/key/key/key.core/../key.ui/examples/heap/vstte10_01_SumAndMax/SumAndMax_sumAndMax.key.proof 
13816      DEBUG main            d.u.i.k.p.i.AbstractProblemLoader Environment load took 469.11ns 
13818      INFO  main            d.u.i.k.p.i.AbstractProblemLoader Creating init config 
16567      DEBUG main            d.u.i.k.p.i.AbstractProblemLoader Init config took 2.75s 
16639      INFO  main            d.u.i.k.p.i.AbstractProblemLoader Replaying proof SumAndMax[SumAndMax::sumAndMax([I)].JML normal_behavior operation contract.0 
17400      DEBUG main            d.u.i.k.p.i.IntermediateProofReplayer Proof replay took 728.95ms 
17409      DEBUG main            d.u.i.k.p.r.p.TestFile    ... success: reloaded. 
17414      INFO  main            d.u.i.k.p.r.p.TestFile    Now processing file /home/runner/work/key/key/key.core/../key.ui/examples/heap/vstte10_03_LinkedList/Node_cons.key 
17415      INFO  main            d.u.i.k.p.i.AbstractProblemLoader Loading environment from /home/runner/work/key/key/key.core/../key.ui/examples/heap/vstte10_03_LinkedList/Node_cons.key 
17415      DEBUG main            d.u.i.k.p.i.AbstractProblemLoader Environment load took 305.51ns 
17419      INFO  main            d.u.i.k.p.i.AbstractProblemLoader Creating init config 
20176      DEBUG main            d.u.i.k.p.i.AbstractProblemLoader Init config took 2.76s 
20237      INFO  main            d.u.i.k.p.i.AbstractProblemLoader Replaying proof Node[Node::cons(int,Node)].JML normal_behavior operation contract.0 
20240      DEBUG main            d.u.i.k.p.i.IntermediateProofReplayer Proof replay took 6.1ns 
21748      INFO  main            d.u.i.k.p.r.p.TestFile    ... finished proof: closed. 
21922      INFO  main            d.u.i.k.p.i.AbstractProblemLoader Loading environment from /home/runner/work/key/key/key.core/../key.ui/examples/heap/vstte10_03_LinkedList/Node_cons.key.proof 
21923      DEBUG main            d.u.i.k.p.i.AbstractProblemLoader Environment load took 446.11ns 
21924      INFO  main            d.u.i.k.p.i.AbstractProblemLoader Creating init config 
24466      DEBUG main            d.u.i.k.p.i.AbstractProblemLoader Init config took 2.54s 
24529      INFO  main            d.u.i.k.p.i.AbstractProblemLoader Replaying proof Node[Node::cons(int,Node)].JML normal_behavior operation contract.0 
24804      DEBUG main            d.u.i.k.p.i.IntermediateProofReplayer Proof replay took 264.36ms 
24807      DEBUG main            d.u.i.k.p.r.p.TestFile    ... success: reloaded. 
24808      INFO  main            d.u.i.k.p.r.p.TestFile    Now processing file /home/runner/work/key/key/key.core/../key.ui/examples/heap/vstte10_03_LinkedList/Node_inv.key 
24809      INFO  main            d.u.i.k.p.i.AbstractProblemLoader Loading environment from /home/runner/work/key/key/key.core/../key.ui/examples/heap/vstte10_03_LinkedList/Node_inv.key 
24809      DEBUG main            d.u.i.k.p.i.AbstractProblemLoader Environment load took 247.51ns 
24810      INFO  main            d.u.i.k.p.i.AbstractProblemLoader Creating init config 
27343      DEBUG main            d.u.i.k.p.i.AbstractProblemLoader Init config took 2.53s 
27396      INFO  main            d.u.i.k.p.i.AbstractProblemLoader Replaying proof Node[java.lang.Object::<inv>()].JML accessible clause.0 
27398      DEBUG main            d.u.i.k.p.i.IntermediateProofReplayer Proof replay took 5.4ns 
27701      INFO  main            d.u.i.k.p.r.p.TestFile    ... finished proof: closed. 
27855      INFO  main            d.u.i.k.p.i.AbstractProblemLoader Loading environment from /home/runner/work/key/key/key.core/../key.ui/examples/heap/vstte10_03_LinkedList/Node_inv.key.proof 
27856      DEBUG main            d.u.i.k.p.i.AbstractProblemLoader Environment load took 138.7ns 
27857      INFO  main            d.u.i.k.p.i.AbstractProblemLoader Creating init config 
30399      DEBUG main            d.u.i.k.p.i.AbstractProblemLoader Init config took 2.54s 
30448      INFO  main            d.u.i.k.p.i.AbstractProblemLoader Replaying proof Node[java.lang.Object::<inv>()].JML accessible clause.0 
30485      DEBUG main            d.u.i.k.p.i.IntermediateProofReplayer Proof replay took 33.26ms 
30486      DEBUG main            d.u.i.k.p.r.p.TestFile    ... success: reloaded. 
30487      INFO  main            d.u.i.k.p.r.p.TestFile    Now processing file /home/runner/work/key/key/key.core/../key.ui/examples/heap/vstte10_03_LinkedList/Node_search.key 
30488      INFO  main            d.u.i.k.p.i.AbstractProblemLoader Loading environment from /home/runner/work/key/key/key.core/../key.ui/examples/heap/vstte10_03_LinkedList/Node_search.key 
30488      DEBUG main            d.u.i.k.p.i.AbstractProblemLoader Environment load took 219.81ns 
30489      INFO  main            d.u.i.k.p.i.AbstractProblemLoader Creating init config 
33028      DEBUG main            d.u.i.k.p.i.AbstractProblemLoader Init config took 2.54s 
33078      INFO  main            d.u.i.k.p.i.AbstractProblemLoader Replaying proof Node[Node::search()].JML normal_behavior operation contract.0 
33080      DEBUG main            d.u.i.k.p.i.IntermediateProofReplayer Proof replay took 6.4ns 
39085      INFO  main            d.u.i.k.p.r.p.TestFile    ... finished proof: closed. 
39288      INFO  main            d.u.i.k.p.i.AbstractProblemLoader Loading environment from /home/runner/work/key/key/key.core/../key.ui/examples/heap/vstte10_03_LinkedList/Node_search.key.proof 
39291      DEBUG main            d.u.i.k.p.i.AbstractProblemLoader Environment load took 2.28ms 
39293      INFO  main            d.u.i.k.p.i.AbstractProblemLoader Creating init config 
41787      DEBUG main            d.u.i.k.p.i.AbstractProblemLoader Init config took 2.49s 
41836      INFO  main            d.u.i.k.p.i.AbstractProblemLoader Replaying proof Node[Node::search()].JML normal_behavior operation contract.0 
42537      DEBUG main            d.u.i.k.p.i.IntermediateProofReplayer Proof replay took 646.87ms 
42540      DEBUG main            d.u.i.k.p.r.p.TestFile    ... success: reloaded. 
42542      INFO  main            d.u.i.k.p.r.p.TestFile    Now processing file /home/runner/work/key/key/key.core/../key.ui/examples/heap/vstte10_04_Queens/Queens_isConsistent.key 
42542      INFO  main            d.u.i.k.p.i.AbstractProblemLoader Loading environment from /home/runner/work/key/key/key.core/../key.ui/examples/heap/vstte10_04_Queens/Queens_isConsistent.key 
42543      DEBUG main            d.u.i.k.p.i.AbstractProblemLoader Environment load took 222.1ns 
42543      INFO  main            d.u.i.k.p.i.AbstractProblemLoader Creating init config 
45569      DEBUG main            d.u.i.k.p.i.AbstractProblemLoader Init config took 3.02s 
45625      INFO  main            d.u.i.k.p.i.AbstractProblemLoader Replaying proof Queens[Queens::isConsistent([I,int)].JML normal_behavior operation contract.0 
45627      DEBUG main            d.u.i.k.p.i.IntermediateProofReplayer Proof replay took 5.9ns 
47367      INFO  main            d.u.i.k.p.r.p.TestFile    ... finished proof: closed. 
47599      INFO  main            d.u.i.k.p.i.AbstractProblemLoader Loading environment from /home/runner/work/key/key/key.core/../key.ui/examples/heap/vstte10_04_Queens/Queens_isConsistent.key.proof 
47599      DEBUG main            d.u.i.k.p.i.AbstractProblemLoader Environment load took 465.91ns 
47601      INFO  main            d.u.i.k.p.i.AbstractProblemLoader Creating init config 
50173      DEBUG main            d.u.i.k.p.i.AbstractProblemLoader Init config took 2.57s 
50212      INFO  main            d.u.i.k.p.i.AbstractProblemLoader Replaying proof Queens[Queens::isConsistent([I,int)].JML normal_behavior operation contract.0 
50604      DEBUG main            d.u.i.k.p.i.IntermediateProofReplayer Proof replay took 383.41ms 
50605      DEBUG main            d.u.i.k.p.r.p.TestFile    ... success: reloaded. 
50607      INFO  main            d.u.i.k.p.r.p.TestFile    Now processing file /home/runner/work/key/key/key.core/../key.ui/examples/heap/vstte10_04_Queens/Queens_nQueens.key 
50607      INFO  main            d.u.i.k.p.i.AbstractProblemLoader Loading environment from /home/runner/work/key/key/key.core/../key.ui/examples/heap/vstte10_04_Queens/Queens_nQueens.key 
50607      DEBUG main            d.u.i.k.p.i.AbstractProblemLoader Environment load took 240ns 
50608      INFO  main            d.u.i.k.p.i.AbstractProblemLoader Creating init config 
53246      DEBUG main            d.u.i.k.p.i.AbstractProblemLoader Init config took 2.64s 
53287      INFO  main            d.u.i.k.p.i.AbstractProblemLoader Replaying proof Queens[Queens::nQueens(int)].JML normal_behavior operation contract.0 
53289      DEBUG main            d.u.i.k.p.i.IntermediateProofReplayer Proof replay took 5.9ns 
64937      INFO  main            d.u.i.k.p.r.p.TestFile    ... finished proof: closed. 
65174      INFO  main            d.u.i.k.p.i.AbstractProblemLoader Loading environment from /home/runner/work/key/key/key.core/../key.ui/examples/heap/vstte10_04_Queens/Queens_nQueens.key.proof 
65174      DEBUG main            d.u.i.k.p.i.AbstractProblemLoader Environment load took 536.11ns 
65176      INFO  main            d.u.i.k.p.i.AbstractProblemLoader Creating init config 
67677      DEBUG main            d.u.i.k.p.i.AbstractProblemLoader Init config took 2.5s 
67719      INFO  main            d.u.i.k.p.i.AbstractProblemLoader Replaying proof Queens[Queens::nQueens(int)].JML normal_behavior operation contract.0 
68733      DEBUG main            d.u.i.k.p.i.IntermediateProofReplayer Proof replay took 997.38ms 
68734      DEBUG main            d.u.i.k.p.r.p.TestFile    ... success: reloaded. 
68736      INFO  main            d.u.i.k.p.r.p.TestFile    Now processing file /home/runner/work/key/key/key.core/../key.ui/examples/heap/vstte10_05_Queue/AmortizedQueue_AmortizedQueue.key 
68736      INFO  main            d.u.i.k.p.i.AbstractProblemLoader Loading environment from /home/runner/work/key/key/key.core/../key.ui/examples/heap/vstte10_05_Queue/AmortizedQueue_AmortizedQueue.key 
68736      DEBUG main            d.u.i.k.p.i.AbstractProblemLoader Environment load took 207.5ns 
68737      INFO  main            d.u.i.k.p.i.AbstractProblemLoader Creating init config 
71532      DEBUG main            d.u.i.k.p.i.AbstractProblemLoader Init config took 2.79s 
71576      INFO  main            d.u.i.k.p.i.AbstractProblemLoader Replaying proof AmortizedQueue[AmortizedQueue::AmortizedQueue()].JML normal_behavior operation contract.0 
71578      DEBUG main            d.u.i.k.p.i.IntermediateProofReplayer Proof replay took 6.4ns 
72884      INFO  main            d.u.i.k.p.r.p.TestFile    ... finished proof: closed. 
73100      INFO  main            d.u.i.k.p.i.AbstractProblemLoader Loading environment from /home/runner/work/key/key/key.core/../key.ui/examples/heap/vstte10_05_Queue/AmortizedQueue_AmortizedQueue.key.proof 
73101      DEBUG main            d.u.i.k.p.i.AbstractProblemLoader Environment load took 442.31ns 
73102      INFO  main            d.u.i.k.p.i.AbstractProblemLoader Creating init config 
75634      DEBUG main            d.u.i.k.p.i.AbstractProblemLoader Init config took 2.53s 
75687      INFO  main            d.u.i.k.p.i.AbstractProblemLoader Replaying proof AmortizedQueue[AmortizedQueue::AmortizedQueue()].JML normal_behavior operation contract.0 
75927      DEBUG main            d.u.i.k.p.i.IntermediateProofReplayer Proof replay took 233.13ms 
75929      DEBUG main            d.u.i.k.p.r.p.TestFile    ... success: reloaded. 
75930      INFO  main            d.u.i.k.p.r.p.TestFile    Now processing file /home/runner/work/key/key/key.core/../key.ui/examples/heap/vstte10_05_Queue/AmortizedQueue_front.key 
75930      INFO  main            d.u.i.k.p.i.AbstractProblemLoader Loading environment from /home/runner/work/key/key/key.core/../key.ui/examples/heap/vstte10_05_Queue/AmortizedQueue_front.key 
75930      DEBUG main            d.u.i.k.p.i.AbstractProblemLoader Environment load took 100.9ns 
75931      INFO  main            d.u.i.k.p.i.AbstractProblemLoader Creating init config 
78508      DEBUG main            d.u.i.k.p.i.AbstractProblemLoader Init config took 2.58s 
78552      INFO  main            d.u.i.k.p.i.AbstractProblemLoader Replaying proof AmortizedQueue[AmortizedQueue::front()].JML normal_behavior operation contract.0 
78554      DEBUG main            d.u.i.k.p.i.IntermediateProofReplayer Proof replay took 6.5ns 
78968      INFO  main            d.u.i.k.p.r.p.TestFile    ... finished proof: closed. 
79158      INFO  main            d.u.i.k.p.i.AbstractProblemLoader Loading environment from /home/runner/work/key/key/key.core/../key.ui/examples/heap/vstte10_05_Queue/AmortizedQueue_front.key.proof 
79159      DEBUG main            d.u.i.k.p.i.AbstractProblemLoader Environment load took 127.2ns 
79160      INFO  main            d.u.i.k.p.i.AbstractProblemLoader Creating init config 
81684      DEBUG main            d.u.i.k.p.i.AbstractProblemLoader Init config took 2.52s 
81727      INFO  main            d.u.i.k.p.i.AbstractProblemLoader Replaying proof AmortizedQueue[AmortizedQueue::front()].JML normal_behavior operation contract.0 
81779      DEBUG main            d.u.i.k.p.i.IntermediateProofReplayer Proof replay took 48.73ms 
81780      DEBUG main            d.u.i.k.p.r.p.TestFile    ... success: reloaded. 
81781      INFO  main            d.u.i.k.p.r.p.TestFile    Now processing file /home/runner/work/key/key/key.core/../key.ui/examples/heap/vstte10_05_Queue/LinkedList_concat.key 
81782      INFO  main            d.u.i.k.p.i.AbstractProblemLoader Loading environment from /home/runner/work/key/key/key.core/../key.ui/examples/heap/vstte10_05_Queue/LinkedList_concat.key 
81782      DEBUG main            d.u.i.k.p.i.AbstractProblemLoader Environment load took 208.8ns 
81783      INFO  main            d.u.i.k.p.i.AbstractProblemLoader Creating init config 
84415      DEBUG main            d.u.i.k.p.i.AbstractProblemLoader Init config took 2.63s 
84462      INFO  main            d.u.i.k.p.i.AbstractProblemLoader Replaying proof LinkedList[LinkedList::concat(LinkedList)].JML normal_behavior operation contract.0 
84463      DEBUG main            d.u.i.k.p.i.IntermediateProofReplayer Proof replay took 6.3ns 
92240      INFO  main            d.u.i.k.p.r.p.TestFile    ... finished proof: closed. 
92508      INFO  main            d.u.i.k.p.i.AbstractProblemLoader Loading environment from /home/runner/work/key/key/key.core/../key.ui/examples/heap/vstte10_05_Queue/LinkedList_concat.key.proof 
92508      DEBUG main            d.u.i.k.p.i.AbstractProblemLoader Environment load took 462.21ns 
92511      INFO  main            d.u.i.k.p.i.AbstractProblemLoader Creating init config 
95000      DEBUG main            d.u.i.k.p.i.AbstractProblemLoader Init config took 2.49s 
95044      INFO  main            d.u.i.k.p.i.AbstractProblemLoader Replaying proof LinkedList[LinkedList::concat(LinkedList)].JML normal_behavior operation contract.0 
95817      DEBUG main            d.u.i.k.p.i.IntermediateProofReplayer Proof replay took 744.68ms 
95819      DEBUG main            d.u.i.k.p.r.p.TestFile    ... success: reloaded. 
95821      INFO  main            d.u.i.k.p.r.p.TestFile    Now processing file /home/runner/work/key/key/key.core/../key.ui/examples/heap/vstte10_05_Queue/LinkedList_cons.key 
95821      INFO  main            d.u.i.k.p.i.AbstractProblemLoader Loading environment from /home/runner/work/key/key/key.core/../key.ui/examples/heap/vstte10_05_Queue/LinkedList_cons.key 
95821      DEBUG main            d.u.i.k.p.i.AbstractProblemLoader Environment load took 213.81ns 
95822      INFO  main            d.u.i.k.p.i.AbstractProblemLoader Creating init config 
98447      DEBUG main            d.u.i.k.p.i.AbstractProblemLoader Init config took 2.62s 
98491      INFO  main            d.u.i.k.p.i.AbstractProblemLoader Replaying proof LinkedList[LinkedList::cons(int)].JML normal_behavior operation contract.0 
98492      DEBUG main            d.u.i.k.p.i.IntermediateProofReplayer Proof replay took 5.5ns 
100604     INFO  main            d.u.i.k.p.r.p.TestFile    ... finished proof: closed. 
100854     INFO  main            d.u.i.k.p.i.AbstractProblemLoader Loading environment from /home/runner/work/key/key/key.core/../key.ui/examples/heap/vstte10_05_Queue/LinkedList_cons.key.proof 
100854     DEBUG main            d.u.i.k.p.i.AbstractProblemLoader Environment load took 434.01ns 
100856     INFO  main            d.u.i.k.p.i.AbstractProblemLoader Creating init config 
103342     DEBUG main            d.u.i.k.p.i.AbstractProblemLoader Init config took 2.49s 
103385     INFO  main            d.u.i.k.p.i.AbstractProblemLoader Replaying proof LinkedList[LinkedList::cons(int)].JML normal_behavior operation contract.0 
103662     DEBUG main            d.u.i.k.p.i.IntermediateProofReplayer Proof replay took 250.71ms 
103665     DEBUG main            d.u.i.k.p.r.p.TestFile    ... success: reloaded. 
103667     INFO  main            d.u.i.k.p.r.p.TestFile    Now processing file /home/runner/work/key/key/key.core/../key.ui/examples/heap/vstte10_05_Queue/LinkedList_head.key 
103668     INFO  main            d.u.i.k.p.i.AbstractProblemLoader Loading environment from /home/runner/work/key/key/key.core/../key.ui/examples/heap/vstte10_05_Queue/LinkedList_head.key 
103668     DEBUG main            d.u.i.k.p.i.AbstractProblemLoader Environment load took 259.61ns 
103669     INFO  main            d.u.i.k.p.i.AbstractProblemLoader Creating init config 
106224     DEBUG main            d.u.i.k.p.i.AbstractProblemLoader Init config took 2.55s 
106266     INFO  main            d.u.i.k.p.i.AbstractProblemLoader Replaying proof LinkedList[LinkedList::head()].JML normal_behavior operation contract.0 
106267     DEBUG main            d.u.i.k.p.i.IntermediateProofReplayer Proof replay took 5.4ns 
106369     INFO  main            d.u.i.k.p.r.p.TestFile    ... finished proof: closed. 
106576     INFO  main            d.u.i.k.p.i.AbstractProblemLoader Loading environment from /home/runner/work/key/key/key.core/../key.ui/examples/heap/vstte10_05_Queue/LinkedList_head.key.proof 
106576     DEBUG main            d.u.i.k.p.i.AbstractProblemLoader Environment load took 126.6ns 
106577     INFO  main            d.u.i.k.p.i.AbstractProblemLoader Creating init config 
109072     DEBUG main            d.u.i.k.p.i.AbstractProblemLoader Init config took 2.49s 
109114     INFO  main            d.u.i.k.p.i.AbstractProblemLoader Replaying proof LinkedList[LinkedList::head()].JML normal_behavior operation contract.0 
109130     DEBUG main            d.u.i.k.p.i.IntermediateProofReplayer Proof replay took 12.15ms 
109132     DEBUG main            d.u.i.k.p.r.p.TestFile    ... success: reloaded. 
109134     INFO  main            d.u.i.k.p.r.p.TestFile    Now processing file /home/runner/work/key/key/key.core/../key.ui/examples/heap/vstte10_05_Queue/LinkedList_inv.key 
109134     INFO  main            d.u.i.k.p.i.AbstractProblemLoader Loading environment from /home/runner/work/key/key/key.core/../key.ui/examples/heap/vstte10_05_Queue/LinkedList_inv.key 
109134     DEBUG main            d.u.i.k.p.i.AbstractProblemLoader Environment load took 232.1ns 
109135     INFO  main            d.u.i.k.p.i.AbstractProblemLoader Creating init config 
111714     DEBUG main            d.u.i.k.p.i.AbstractProblemLoader Init config took 2.58s 
111755     INFO  main            d.u.i.k.p.i.AbstractProblemLoader Replaying proof LinkedList[java.lang.Object::<inv>()].JML accessible clause.0 
111756     DEBUG main            d.u.i.k.p.i.IntermediateProofReplayer Proof replay took 6.2ns 
112062     INFO  main            d.u.i.k.p.r.p.TestFile    ... finished proof: closed. 
112266     INFO  main            d.u.i.k.p.i.AbstractProblemLoader Loading environment from /home/runner/work/key/key/key.core/../key.ui/examples/heap/vstte10_05_Queue/LinkedList_inv.key.proof 
112266     DEBUG main            d.u.i.k.p.i.AbstractProblemLoader Environment load took 126.5ns 
112267     INFO  main            d.u.i.k.p.i.AbstractProblemLoader Creating init config 
114764     DEBUG main            d.u.i.k.p.i.AbstractProblemLoader Init config took 2.5s 
114806     INFO  main            d.u.i.k.p.i.AbstractProblemLoader Replaying proof LinkedList[java.lang.Object::<inv>()].JML accessible clause.0 
114832     DEBUG main            d.u.i.k.p.i.IntermediateProofReplayer Proof replay took 24.36ms 
114833     DEBUG main            d.u.i.k.p.r.p.TestFile    ... success: reloaded. 
114834     INFO  main            d.u.i.k.p.r.p.TestFile    Now processing file /home/runner/work/key/key/key.core/../key.ui/examples/heap/vstte10_05_Queue/LinkedList_length.key 
114835     INFO  main            d.u.i.k.p.i.AbstractProblemLoader Loading environment from /home/runner/work/key/key/key.core/../key.ui/examples/heap/vstte10_05_Queue/LinkedList_length.key 
114835     DEBUG main            d.u.i.k.p.i.AbstractProblemLoader Environment load took 149.8ns 
114836     INFO  main            d.u.i.k.p.i.AbstractProblemLoader Creating init config 
117388     DEBUG main            d.u.i.k.p.i.AbstractProblemLoader Init config took 2.55s 
117429     INFO  main            d.u.i.k.p.i.AbstractProblemLoader Replaying proof LinkedList[LinkedList::length()].JML normal_behavior operation contract.0 
117431     DEBUG main            d.u.i.k.p.i.IntermediateProofReplayer Proof replay took 6ns 
117533     INFO  main            d.u.i.k.p.r.p.TestFile    ... finished proof: closed. 
117779     INFO  main            d.u.i.k.p.i.AbstractProblemLoader Loading environment from /home/runner/work/key/key/key.core/../key.ui/examples/heap/vstte10_05_Queue/LinkedList_length.key.proof 
117779     DEBUG main            d.u.i.k.p.i.AbstractProblemLoader Environment load took 119.3ns 
117780     INFO  main            d.u.i.k.p.i.AbstractProblemLoader Creating init config 
120241     DEBUG main            d.u.i.k.p.i.AbstractProblemLoader Init config took 2.46s 
120282     INFO  main            d.u.i.k.p.i.AbstractProblemLoader Replaying proof LinkedList[LinkedList::length()].JML normal_behavior operation contract.0 
120296     DEBUG main            d.u.i.k.p.i.IntermediateProofReplayer Proof replay took 11.83ms 
120296     DEBUG main            d.u.i.k.p.r.p.TestFile    ... success: reloaded. 
120297     INFO  main            d.u.i.k.p.r.p.TestFile    Now processing file /home/runner/work/key/key/key.core/../key.ui/examples/heap/vstte10_05_Queue/LinkedList_LinkedList1.key 
120298     INFO  main            d.u.i.k.p.i.AbstractProblemLoader Loading environment from /home/runner/work/key/key/key.core/../key.ui/examples/heap/vstte10_05_Queue/LinkedList_LinkedList1.key 
120298     DEBUG main            d.u.i.k.p.i.AbstractProblemLoader Environment load took 79.1ns 
120298     INFO  main            d.u.i.k.p.i.AbstractProblemLoader Creating init config 
122879     DEBUG main            d.u.i.k.p.i.AbstractProblemLoader Init config took 2.58s 
122921     INFO  main            d.u.i.k.p.i.AbstractProblemLoader Replaying proof LinkedList[LinkedList::LinkedList(int,LinkedList)].JML normal_behavior operation contract.0 
122922     DEBUG main            d.u.i.k.p.i.IntermediateProofReplayer Proof replay took 6ns 
124650     INFO  main            d.u.i.k.p.r.p.TestFile    ... finished proof: closed. 
124890     INFO  main            d.u.i.k.p.i.AbstractProblemLoader Loading environment from /home/runner/work/key/key/key.core/../key.ui/examples/heap/vstte10_05_Queue/LinkedList_LinkedList1.key.proof 
124890     DEBUG main            d.u.i.k.p.i.AbstractProblemLoader Environment load took 254.51ns 
124891     INFO  main            d.u.i.k.p.i.AbstractProblemLoader Creating init config 
127349     DEBUG main            d.u.i.k.p.i.AbstractProblemLoader Init config took 2.46s 
127390     INFO  main            d.u.i.k.p.i.AbstractProblemLoader Replaying proof LinkedList[LinkedList::LinkedList(int,LinkedList)].JML normal_behavior operation contract.0 
127628     DEBUG main            d.u.i.k.p.i.IntermediateProofReplayer Proof replay took 231.7ms 
127629     DEBUG main            d.u.i.k.p.r.p.TestFile    ... success: reloaded. 
127631     INFO  main            d.u.i.k.p.r.p.TestFile    Now processing file /home/runner/work/key/key/key.core/../key.ui/examples/heap/vstte10_05_Queue/LinkedList_LinkedList2.key 
127631     INFO  main            d.u.i.k.p.i.AbstractProblemLoader Loading environment from /home/runner/work/key/key/key.core/../key.ui/examples/heap/vstte10_05_Queue/LinkedList_LinkedList2.key 
127631     DEBUG main            d.u.i.k.p.i.AbstractProblemLoader Environment load took 98.9ns 
127632     INFO  main            d.u.i.k.p.i.AbstractProblemLoader Creating init config 
130177     DEBUG main            d.u.i.k.p.i.AbstractProblemLoader Init config took 2.55s 
130219     INFO  main            d.u.i.k.p.i.AbstractProblemLoader Replaying proof LinkedList[LinkedList::LinkedList(int,LinkedList)].JML normal_behavior operation contract.0 
130220     DEBUG main            d.u.i.k.p.i.IntermediateProofReplayer Proof replay took 5.6ns 
131826     INFO  main            d.u.i.k.p.r.p.TestFile    ... finished proof: closed. 
132078     INFO  main            d.u.i.k.p.i.AbstractProblemLoader Loading environment from /home/runner/work/key/key/key.core/../key.ui/examples/heap/vstte10_05_Queue/LinkedList_LinkedList2.key.proof 
132081     DEBUG main            d.u.i.k.p.i.AbstractProblemLoader Environment load took 2.34ms 
132082     INFO  main            d.u.i.k.p.i.AbstractProblemLoader Creating init config 
134654     DEBUG main            d.u.i.k.p.i.AbstractProblemLoader Init config took 2.57s 
134695     INFO  main            d.u.i.k.p.i.AbstractProblemLoader Replaying proof LinkedList[LinkedList::LinkedList(int,LinkedList)].JML normal_behavior operation contract.0 
134928     DEBUG main            d.u.i.k.p.i.IntermediateProofReplayer Proof replay took 227.14ms 
134929     DEBUG main            d.u.i.k.p.r.p.TestFile    ... success: reloaded. 
134930     INFO  main            d.u.i.k.p.r.p.TestFile    Now processing file /home/runner/work/key/key/key.core/../key.ui/examples/heap/vstte10_05_Queue/LinkedList_LinkedList3.key 
134931     INFO  main            d.u.i.k.p.i.AbstractProblemLoader Loading environment from /home/runner/work/key/key/key.core/../key.ui/examples/heap/vstte10_05_Queue/LinkedList_LinkedList3.key 
134931     DEBUG main            d.u.i.k.p.i.AbstractProblemLoader Environment load took 64ns 
134932     INFO  main            d.u.i.k.p.i.AbstractProblemLoader Creating init config 
137431     DEBUG main            d.u.i.k.p.i.AbstractProblemLoader Init config took 2.5s 
137490     INFO  main            d.u.i.k.p.i.AbstractProblemLoader Replaying proof LinkedList[LinkedList::LinkedList(int,LinkedList)].JML normal_behavior operation contract.0 
137492     DEBUG main            d.u.i.k.p.i.IntermediateProofReplayer Proof replay took 6.6ns 
149669     INFO  main            d.u.i.k.p.r.p.TestFile    ... finished proof: closed. 
149997     INFO  main            d.u.i.k.p.i.AbstractProblemLoader Loading environment from /home/runner/work/key/key/key.core/../key.ui/examples/heap/vstte10_05_Queue/LinkedList_LinkedList3.key.proof 
149997     DEBUG main            d.u.i.k.p.i.AbstractProblemLoader Environment load took 431.51ns 
150003     INFO  main            d.u.i.k.p.i.AbstractProblemLoader Creating init config 
152496     DEBUG main            d.u.i.k.p.i.AbstractProblemLoader Init config took 2.49s 
152539     INFO  main            d.u.i.k.p.i.AbstractProblemLoader Replaying proof LinkedList[LinkedList::LinkedList(int,LinkedList)].JML normal_behavior operation contract.0 
153636     DEBUG main            d.u.i.k.p.i.IntermediateProofReplayer Proof replay took 1.01s 
153642     DEBUG main            d.u.i.k.p.r.p.TestFile    ... success: reloaded. 
153643     INFO  main            d.u.i.k.p.r.p.TestFile    Now processing file /home/runner/work/key/key/key.core/../key.ui/examples/heap/vstte10_05_Queue/LinkedList_reverse.key 
153644     INFO  main            d.u.i.k.p.i.AbstractProblemLoader Loading environment from /home/runner/work/key/key/key.core/../key.ui/examples/heap/vstte10_05_Queue/LinkedList_reverse.key 
153644     DEBUG main            d.u.i.k.p.i.AbstractProblemLoader Environment load took 194.8ns 
153645     INFO  main            d.u.i.k.p.i.AbstractProblemLoader Creating init config 
156206     DEBUG main            d.u.i.k.p.i.AbstractProblemLoader Init config took 2.56s 
156249     INFO  main            d.u.i.k.p.i.AbstractProblemLoader Replaying proof LinkedList[LinkedList::reverse()].JML normal_behavior operation contract.0 
156250     DEBUG main            d.u.i.k.p.i.IntermediateProofReplayer Proof replay took 5.9ns 
164704     INFO  main            d.u.i.k.p.r.p.TestFile    ... finished proof: closed. 
164999     INFO  main            d.u.i.k.p.i.AbstractProblemLoader Loading environment from /home/runner/work/key/key/key.core/../key.ui/examples/heap/vstte10_05_Queue/LinkedList_reverse.key.proof 
164999     DEBUG main            d.u.i.k.p.i.AbstractProblemLoader Environment load took 276.71ns 
165002     INFO  main            d.u.i.k.p.i.AbstractProblemLoader Creating init config 
167451     DEBUG main            d.u.i.k.p.i.AbstractProblemLoader Init config took 2.45s 
167502     INFO  main            d.u.i.k.p.i.AbstractProblemLoader Replaying proof LinkedList[LinkedList::reverse()].JML normal_behavior operation contract.0 
168218     DEBUG main            d.u.i.k.p.i.IntermediateProofReplayer Proof replay took 690.14ms 
168220     DEBUG main            d.u.i.k.p.r.p.TestFile    ... success: reloaded. 
168221     INFO  main            d.u.i.k.p.r.p.TestFile    Now processing file /home/runner/work/key/key/key.core/../key.ui/examples/heap/vstte10_05_Queue/LinkedList_tail.key 
168221     INFO  main            d.u.i.k.p.i.AbstractProblemLoader Loading environment from /home/runner/work/key/key/key.core/../key.ui/examples/heap/vstte10_05_Queue/LinkedList_tail.key 
168221     DEBUG main            d.u.i.k.p.i.AbstractProblemLoader Environment load took 81.4ns 
168222     INFO  main            d.u.i.k.p.i.AbstractProblemLoader Creating init config 
170751     DEBUG main            d.u.i.k.p.i.AbstractProblemLoader Init config took 2.53s 
170791     INFO  main            d.u.i.k.p.i.AbstractProblemLoader Replaying proof LinkedList[LinkedList::tail()].JML normal_behavior operation contract.0 
170793     DEBUG main            d.u.i.k.p.i.IntermediateProofReplayer Proof replay took 42.4ns 
171303     INFO  main            d.u.i.k.p.r.p.TestFile    ... finished proof: closed. 
171556     INFO  main            d.u.i.k.p.i.AbstractProblemLoader Loading environment from /home/runner/work/key/key/key.core/../key.ui/examples/heap/vstte10_05_Queue/LinkedList_tail.key.proof 
171556     DEBUG main            d.u.i.k.p.i.AbstractProblemLoader Environment load took 116.7ns 
171558     INFO  main            d.u.i.k.p.i.AbstractProblemLoader Creating init config 
174016     DEBUG main            d.u.i.k.p.i.AbstractProblemLoader Init config took 2.46s 
174057     INFO  main            d.u.i.k.p.i.AbstractProblemLoader Replaying proof LinkedList[LinkedList::tail()].JML normal_behavior operation contract.0 
174149     DEBUG main            d.u.i.k.p.i.IntermediateProofReplayer Proof replay took 89.02ms 
174150     DEBUG main            d.u.i.k.p.r.p.TestFile    ... success: reloaded. 
2303937    INFO  Test worker     d.u.i.k.p.r.RunAllProofsTestUnit Returning from test VSTTE10 
2303938    INFO  Test worker     d.u.i.k.p.r.RunAllProofsTestUnit Running test WeideEtAl 
373        INFO  Timeout watchdog d.u.i.k.p.r.p.ForkedTestFileRunner Timeout watcher launched (2000 secs.) 
394        WARN  main            d.u.i.k.s.ProofSettings   The settings in /home/runner/.key/proof-settings.props are *not* read. 
421        INFO  main            d.u.i.k.p.r.p.TestFile    Now processing file /home/runner/work/key/key/key.core/../key.ui/examples/heap/WeideEtAl_01_AddAndMultiply/AddAndMultiply_add.key 
535        INFO  main            d.u.i.k.p.i.AbstractProblemLoader Loading environment from /home/runner/work/key/key/key.core/../key.ui/examples/heap/WeideEtAl_01_AddAndMultiply/AddAndMultiply_add.key 
564        DEBUG main            d.u.i.k.p.i.AbstractProblemLoader Environment load took 2.17ms 
788        INFO  main            d.u.i.k.p.i.AbstractProblemLoader Creating init config 
1728       DEBUG main            d.u.i.k.j.TypeConverter   No LDT found for Meta 
1730       DEBUG main            d.u.i.k.j.TypeConverter   No LDT found for Meta 
1734       DEBUG main            d.u.i.k.j.TypeConverter   No LDT found for Meta 
1735       DEBUG main            d.u.i.k.j.TypeConverter   No LDT found for Meta 
3296       DEBUG main            d.u.i.k.j.TypeConverter   No LDT found for JavaBigintExpression 
8157       DEBUG main            d.u.i.k.p.i.AbstractProblemLoader Init config took 7.37s 
8292       INFO  main            d.u.i.k.p.i.AbstractProblemLoader Replaying proof AddAndMultiply[AddAndMultiply::add(int,int)].JML normal_behavior operation contract.0 
8329       DEBUG main            d.u.i.k.p.i.IntermediateProofReplayer Proof replay took 33.4ns 
9968       INFO  main            d.u.i.k.p.r.p.TestFile    ... finished proof: closed. 
10107      INFO  main            d.u.i.k.p.i.AbstractProblemLoader Loading environment from /home/runner/work/key/key/key.core/../key.ui/examples/heap/WeideEtAl_01_AddAndMultiply/AddAndMultiply_add.key.proof 
10108      DEBUG main            d.u.i.k.p.i.AbstractProblemLoader Environment load took 470.41ns 
10110      INFO  main            d.u.i.k.p.i.AbstractProblemLoader Creating init config 
12801      DEBUG main            d.u.i.k.p.i.AbstractProblemLoader Init config took 2.69s 
12887      INFO  main            d.u.i.k.p.i.AbstractProblemLoader Replaying proof AddAndMultiply[AddAndMultiply::add(int,int)].JML normal_behavior operation contract.0 
13131      DEBUG main            d.u.i.k.p.i.IntermediateProofReplayer Proof replay took 234.04ms 
13139      DEBUG main            d.u.i.k.p.r.p.TestFile    ... success: reloaded. 
13142      INFO  main            d.u.i.k.p.r.p.TestFile    Now processing file /home/runner/work/key/key/key.core/../key.ui/examples/heap/WeideEtAl_01_AddAndMultiply/AddAndMultiply_mul.key 
13142      INFO  main            d.u.i.k.p.i.AbstractProblemLoader Loading environment from /home/runner/work/key/key/key.core/../key.ui/examples/heap/WeideEtAl_01_AddAndMultiply/AddAndMultiply_mul.key 
13142      DEBUG main            d.u.i.k.p.i.AbstractProblemLoader Environment load took 121.2ns 
13145      INFO  main            d.u.i.k.p.i.AbstractProblemLoader Creating init config 
15804      DEBUG main            d.u.i.k.p.i.AbstractProblemLoader Init config took 2.66s 
15859      INFO  main            d.u.i.k.p.i.AbstractProblemLoader Replaying proof AddAndMultiply[AddAndMultiply::mul(int,int)].JML normal_behavior operation contract.0 
15862      DEBUG main            d.u.i.k.p.i.IntermediateProofReplayer Proof replay took 6.3ns 
16366      INFO  main            d.u.i.k.p.r.p.TestFile    ... finished proof: closed. 
16517      INFO  main            d.u.i.k.p.i.AbstractProblemLoader Loading environment from /home/runner/work/key/key/key.core/../key.ui/examples/heap/WeideEtAl_01_AddAndMultiply/AddAndMultiply_mul.key.proof 
16517      DEBUG main            d.u.i.k.p.i.AbstractProblemLoader Environment load took 427.11ns 
16519      INFO  main            d.u.i.k.p.i.AbstractProblemLoader Creating init config 
19053      DEBUG main            d.u.i.k.p.i.AbstractProblemLoader Init config took 2.53s 
19102      INFO  main            d.u.i.k.p.i.AbstractProblemLoader Replaying proof AddAndMultiply[AddAndMultiply::mul(int,int)].JML normal_behavior operation contract.0 
19231      DEBUG main            d.u.i.k.p.i.IntermediateProofReplayer Proof replay took 124.94ms 
19233      DEBUG main            d.u.i.k.p.r.p.TestFile    ... success: reloaded. 
19236      INFO  main            d.u.i.k.p.r.p.TestFile    Now processing file /home/runner/work/key/key/key.core/../key.ui/examples/heap/WeideEtAl_02_BinarySearch/BinarySearch_search.key 
19236      INFO  main            d.u.i.k.p.i.AbstractProblemLoader Loading environment from /home/runner/work/key/key/key.core/../key.ui/examples/heap/WeideEtAl_02_BinarySearch/BinarySearch_search.key 
19236      DEBUG main            d.u.i.k.p.i.AbstractProblemLoader Environment load took 112.1ns 
19238      INFO  main            d.u.i.k.p.i.AbstractProblemLoader Creating init config 
21806      DEBUG main            d.u.i.k.p.i.AbstractProblemLoader Init config took 2.57s 
21851      INFO  main            d.u.i.k.p.i.AbstractProblemLoader Replaying proof BinarySearch[BinarySearch::search([I,int)].JML normal_behavior operation contract.0 
21855      DEBUG main            d.u.i.k.p.i.IntermediateProofReplayer Proof replay took 6.3ns 
24886      INFO  main            d.u.i.k.p.r.p.TestFile    ... finished proof: closed. 
25155      INFO  main            d.u.i.k.p.i.AbstractProblemLoader Loading environment from /home/runner/work/key/key/key.core/../key.ui/examples/heap/WeideEtAl_02_BinarySearch/BinarySearch_search.key.proof 
25155      DEBUG main            d.u.i.k.p.i.AbstractProblemLoader Environment load took 132.8ns 
25156      INFO  main            d.u.i.k.p.i.AbstractProblemLoader Creating init config 
27651      DEBUG main            d.u.i.k.p.i.AbstractProblemLoader Init config took 2.49s 
27694      INFO  main            d.u.i.k.p.i.AbstractProblemLoader Replaying proof BinarySearch[BinarySearch::search([I,int)].JML normal_behavior operation contract.0 
28248      DEBUG main            d.u.i.k.p.i.IntermediateProofReplayer Proof replay took 535.95ms 
28250      DEBUG main            d.u.i.k.p.r.p.TestFile    ... success: reloaded. 
2332349    INFO  Test worker     d.u.i.k.p.r.RunAllProofsTestUnit Returning from test WeideEtAl 
2332350    INFO  Test worker     d.u.i.k.p.r.RunAllProofsTestUnit Running test arithmetic 
391        INFO  Timeout watchdog d.u.i.k.p.r.p.ForkedTestFileRunner Timeout watcher launched (2000 secs.) 
399        WARN  main            d.u.i.k.s.ProofSettings   The settings in /home/runner/.key/proof-settings.props are *not* read. 
440        INFO  main            d.u.i.k.p.r.p.TestFile    Now processing file /home/runner/work/key/key/key.core/../key.ui/examples/standard_key/arith/binomial1.key 
564        INFO  main            d.u.i.k.p.i.AbstractProblemLoader Loading environment from /home/runner/work/key/key/key.core/../key.ui/examples/standard_key/arith/binomial1.key 
581        DEBUG main            d.u.i.k.p.i.AbstractProblemLoader Environment load took 2.15ms 
821        INFO  main            d.u.i.k.p.i.AbstractProblemLoader Creating init config 
1805       DEBUG main            d.u.i.k.j.TypeConverter   No LDT found for Meta 
1806       DEBUG main            d.u.i.k.j.TypeConverter   No LDT found for Meta 
1809       DEBUG main            d.u.i.k.j.TypeConverter   No LDT found for Meta 
1809       DEBUG main            d.u.i.k.j.TypeConverter   No LDT found for Meta 
3172       DEBUG main            d.u.i.k.j.TypeConverter   No LDT found for JavaBigintExpression 
8001       DEBUG main            d.u.i.k.p.i.AbstractProblemLoader Init config took 7.18s 
8061       INFO  main            d.u.i.k.p.i.AbstractProblemLoader Replaying proof binomial1.key 
8093       DEBUG main            d.u.i.k.p.i.IntermediateProofReplayer Proof replay took 34.7ns 
8354       INFO  main            d.u.i.k.p.r.p.TestFile    ... finished proof: closed. 
8463       INFO  main            d.u.i.k.p.i.AbstractProblemLoader Loading environment from /home/runner/work/key/key/key.core/../key.ui/examples/standard_key/arith/binomial1.key.proof 
8463       DEBUG main            d.u.i.k.p.i.AbstractProblemLoader Environment load took 322.61ns 
8467       INFO  main            d.u.i.k.p.i.AbstractProblemLoader Creating init config 
11170      DEBUG main            d.u.i.k.p.i.AbstractProblemLoader Init config took 2.7s 
11212      INFO  main            d.u.i.k.p.i.AbstractProblemLoader Replaying proof binomial1.key.proof 
11246      DEBUG main            d.u.i.k.p.i.IntermediateProofReplayer Proof replay took 25.54ms 
11265      DEBUG main            d.u.i.k.p.r.p.TestFile    ... success: reloaded. 
11268      INFO  main            d.u.i.k.p.r.p.TestFile    Now processing file /home/runner/work/key/key/key.core/../key.ui/examples/standard_key/arith/binomial2.key 
11271      INFO  main            d.u.i.k.p.i.AbstractProblemLoader Loading environment from /home/runner/work/key/key/key.core/../key.ui/examples/standard_key/arith/binomial2.key 
11271      DEBUG main            d.u.i.k.p.i.AbstractProblemLoader Environment load took 255.81ns 
11272      INFO  main            d.u.i.k.p.i.AbstractProblemLoader Creating init config 
13864      DEBUG main            d.u.i.k.p.i.AbstractProblemLoader Init config took 2.59s 
13900      INFO  main            d.u.i.k.p.i.AbstractProblemLoader Replaying proof binomial2.key 
13907      DEBUG main            d.u.i.k.p.i.IntermediateProofReplayer Proof replay took 6.5ns 
14010      INFO  main            d.u.i.k.p.r.p.TestFile    ... finished proof: closed. 
14166      INFO  main            d.u.i.k.p.i.AbstractProblemLoader Loading environment from /home/runner/work/key/key/key.core/../key.ui/examples/standard_key/arith/binomial2.key.proof 
14166      DEBUG main            d.u.i.k.p.i.AbstractProblemLoader Environment load took 218.5ns 
14168      INFO  main            d.u.i.k.p.i.AbstractProblemLoader Creating init config 
16630      DEBUG main            d.u.i.k.p.i.AbstractProblemLoader Init config took 2.46s 
16652      INFO  main            d.u.i.k.p.i.AbstractProblemLoader Replaying proof binomial2.key.proof 
16670      DEBUG main            d.u.i.k.p.i.IntermediateProofReplayer Proof replay took 15.45ms 
16671      DEBUG main            d.u.i.k.p.r.p.TestFile    ... success: reloaded. 
16674      INFO  main            d.u.i.k.p.r.p.TestFile    Now processing file /home/runner/work/key/key/key.core/../key.ui/examples/standard_key/arith/check_jdiv.key 
16674      INFO  main            d.u.i.k.p.i.AbstractProblemLoader Loading environment from /home/runner/work/key/key/key.core/../key.ui/examples/standard_key/arith/check_jdiv.key 
16674      DEBUG main            d.u.i.k.p.i.AbstractProblemLoader Environment load took 115.5ns 
16676      INFO  main            d.u.i.k.p.i.AbstractProblemLoader Creating init config 
19230      DEBUG main            d.u.i.k.p.i.AbstractProblemLoader Init config took 2.55s 
19252      INFO  main            d.u.i.k.p.i.AbstractProblemLoader Replaying proof check_jdiv.key 
19256      DEBUG main            d.u.i.k.p.i.IntermediateProofReplayer Proof replay took 7.2ns 
24451      INFO  main            d.u.i.k.p.r.p.TestFile    ... finished proof: closed. 
24660      INFO  main            d.u.i.k.p.i.AbstractProblemLoader Loading environment from /home/runner/work/key/key/key.core/../key.ui/examples/standard_key/arith/check_jdiv.key.proof 
24660      DEBUG main            d.u.i.k.p.i.AbstractProblemLoader Environment load took 205.81ns 
24662      INFO  main            d.u.i.k.p.i.AbstractProblemLoader Creating init config 
27056      DEBUG main            d.u.i.k.p.i.AbstractProblemLoader Init config took 2.39s 
27077      INFO  main            d.u.i.k.p.i.AbstractProblemLoader Replaying proof check_jdiv.key.proof 
27459      DEBUG main            d.u.i.k.p.i.IntermediateProofReplayer Proof replay took 350.66ms 
27462      DEBUG main            d.u.i.k.p.r.p.TestFile    ... success: reloaded. 
27463      INFO  main            d.u.i.k.p.r.p.TestFile    Now processing file /home/runner/work/key/key/key.core/../key.ui/examples/standard_key/arith/check_jdiv_concrete.key 
27463      INFO  main            d.u.i.k.p.i.AbstractProblemLoader Loading environment from /home/runner/work/key/key/key.core/../key.ui/examples/standard_key/arith/check_jdiv_concrete.key 
27464      DEBUG main            d.u.i.k.p.i.AbstractProblemLoader Environment load took 224.6ns 
27465      INFO  main            d.u.i.k.p.i.AbstractProblemLoader Creating init config 
29905      DEBUG main            d.u.i.k.p.i.AbstractProblemLoader Init config took 2.44s 
29926      INFO  main            d.u.i.k.p.i.AbstractProblemLoader Replaying proof check_jdiv_concrete.key 
29928      DEBUG main            d.u.i.k.p.i.IntermediateProofReplayer Proof replay took 6.7ns 
30031      INFO  main            d.u.i.k.p.r.p.TestFile    ... finished proof: closed. 
30234      INFO  main            d.u.i.k.p.i.AbstractProblemLoader Loading environment from /home/runner/work/key/key/key.core/../key.ui/examples/standard_key/arith/check_jdiv_concrete.key.proof 
30234      DEBUG main            d.u.i.k.p.i.AbstractProblemLoader Environment load took 143.7ns 
30235      INFO  main            d.u.i.k.p.i.AbstractProblemLoader Creating init config 
32635      DEBUG main            d.u.i.k.p.i.AbstractProblemLoader Init config took 2.4s 
32657      INFO  main            d.u.i.k.p.i.AbstractProblemLoader Replaying proof check_jdiv_concrete.key.proof 
32665      DEBUG main            d.u.i.k.p.i.IntermediateProofReplayer Proof replay took 3.46ms 
32666      DEBUG main            d.u.i.k.p.r.p.TestFile    ... success: reloaded. 
32667      INFO  main            d.u.i.k.p.r.p.TestFile    Now processing file /home/runner/work/key/key/key.core/../key.ui/examples/standard_key/arith/check_jdiv_instantiated.key 
32668      INFO  main            d.u.i.k.p.i.AbstractProblemLoader Loading environment from /home/runner/work/key/key/key.core/../key.ui/examples/standard_key/arith/check_jdiv_instantiated.key 
32668      DEBUG main            d.u.i.k.p.i.AbstractProblemLoader Environment load took 206.91ns 
32669      INFO  main            d.u.i.k.p.i.AbstractProblemLoader Creating init config 
35093      DEBUG main            d.u.i.k.p.i.AbstractProblemLoader Init config took 2.42s 
35114      INFO  main            d.u.i.k.p.i.AbstractProblemLoader Replaying proof check_jdiv_instantiated.key 
35116      DEBUG main            d.u.i.k.p.i.IntermediateProofReplayer Proof replay took 7.5ns 
38369      INFO  main            d.u.i.k.p.r.p.TestFile    ... finished proof: closed. 
38568      INFO  main            d.u.i.k.p.i.AbstractProblemLoader Loading environment from /home/runner/work/key/key/key.core/../key.ui/examples/standard_key/arith/check_jdiv_instantiated.key.proof 
38568      DEBUG main            d.u.i.k.p.i.AbstractProblemLoader Environment load took 434.31ns 
38571      INFO  main            d.u.i.k.p.i.AbstractProblemLoader Creating init config 
41005      DEBUG main            d.u.i.k.p.i.AbstractProblemLoader Init config took 2.43s 
41045      INFO  main            d.u.i.k.p.i.AbstractProblemLoader Replaying proof check_jdiv_instantiated.key.proof 
41252      DEBUG main            d.u.i.k.p.i.IntermediateProofReplayer Proof replay took 182.04ms 
41254      DEBUG main            d.u.i.k.p.r.p.TestFile    ... success: reloaded. 
41255      INFO  main            d.u.i.k.p.r.p.TestFile    Now processing file /home/runner/work/key/key/key.core/../key.ui/examples/standard_key/arith/check_jmod.key 
41256      INFO  main            d.u.i.k.p.i.AbstractProblemLoader Loading environment from /home/runner/work/key/key/key.core/../key.ui/examples/standard_key/arith/check_jmod.key 
41256      DEBUG main            d.u.i.k.p.i.AbstractProblemLoader Environment load took 259.91ns 
41259      INFO  main            d.u.i.k.p.i.AbstractProblemLoader Creating init config 
43701      DEBUG main            d.u.i.k.p.i.AbstractProblemLoader Init config took 2.44s 
43721      INFO  main            d.u.i.k.p.i.AbstractProblemLoader Replaying proof check_jmod.key 
43724      DEBUG main            d.u.i.k.p.i.IntermediateProofReplayer Proof replay took 6ns 
44231      INFO  main            d.u.i.k.p.r.p.TestFile    ... finished proof: closed. 
44456      INFO  main            d.u.i.k.p.i.AbstractProblemLoader Loading environment from /home/runner/work/key/key/key.core/../key.ui/examples/standard_key/arith/check_jmod.key.proof 
44457      DEBUG main            d.u.i.k.p.i.AbstractProblemLoader Environment load took 326.81ns 
44458      INFO  main            d.u.i.k.p.i.AbstractProblemLoader Creating init config 
46793      DEBUG main            d.u.i.k.p.i.AbstractProblemLoader Init config took 2.34s 
46811      INFO  main            d.u.i.k.p.i.AbstractProblemLoader Replaying proof check_jmod.key.proof 
46851      DEBUG main            d.u.i.k.p.i.IntermediateProofReplayer Proof replay took 35.44ms 
46853      DEBUG main            d.u.i.k.p.r.p.TestFile    ... success: reloaded. 
46854      INFO  main            d.u.i.k.p.r.p.TestFile    Now processing file /home/runner/work/key/key/key.core/../key.ui/examples/standard_key/arith/complexExpressions.key 
46854      INFO  main            d.u.i.k.p.i.AbstractProblemLoader Loading environment from /home/runner/work/key/key/key.core/../key.ui/examples/standard_key/arith/complexExpressions.key 
46855      DEBUG main            d.u.i.k.p.i.AbstractProblemLoader Environment load took 216.5ns 
46856      INFO  main            d.u.i.k.p.i.AbstractProblemLoader Creating init config 
49231      DEBUG main            d.u.i.k.p.i.AbstractProblemLoader Init config took 2.38s 
49251      INFO  main            d.u.i.k.p.i.AbstractProblemLoader Replaying proof complexExpressions.key 
49253      DEBUG main            d.u.i.k.p.i.IntermediateProofReplayer Proof replay took 6.4ns 
49359      INFO  main            d.u.i.k.p.r.p.TestFile    ... finished proof: closed. 
49530      INFO  main            d.u.i.k.p.i.AbstractProblemLoader Loading environment from /home/runner/work/key/key/key.core/../key.ui/examples/standard_key/arith/complexExpressions.key.proof 
49531      DEBUG main            d.u.i.k.p.i.AbstractProblemLoader Environment load took 123.1ns 
49532      INFO  main            d.u.i.k.p.i.AbstractProblemLoader Creating init config 
51864      DEBUG main            d.u.i.k.p.i.AbstractProblemLoader Init config took 2.33s 
51883      INFO  main            d.u.i.k.p.i.AbstractProblemLoader Replaying proof complexExpressions.key.proof 
51895      DEBUG main            d.u.i.k.p.i.IntermediateProofReplayer Proof replay took 9.62ms 
51895      DEBUG main            d.u.i.k.p.r.p.TestFile    ... success: reloaded. 
51896      INFO  main            d.u.i.k.p.r.p.TestFile    Now processing file /home/runner/work/key/key/key.core/../key.ui/examples/standard_key/arith/compound_unaryMinus.key 
51896      INFO  main            d.u.i.k.p.i.AbstractProblemLoader Loading environment from /home/runner/work/key/key/key.core/../key.ui/examples/standard_key/arith/compound_unaryMinus.key 
51896      DEBUG main            d.u.i.k.p.i.AbstractProblemLoader Environment load took 96ns 
51897      INFO  main            d.u.i.k.p.i.AbstractProblemLoader Creating init config 
54279      DEBUG main            d.u.i.k.p.i.AbstractProblemLoader Init config took 2.38s 
54298      INFO  main            d.u.i.k.p.i.AbstractProblemLoader Replaying proof compound_unaryMinus.key 
54300      DEBUG main            d.u.i.k.p.i.IntermediateProofReplayer Proof replay took 6.6ns 
54403      INFO  main            d.u.i.k.p.r.p.TestFile    ... finished proof: closed. 
54570      INFO  main            d.u.i.k.p.i.AbstractProblemLoader Loading environment from /home/runner/work/key/key/key.core/../key.ui/examples/standard_key/arith/compound_unaryMinus.key.proof 
54570      DEBUG main            d.u.i.k.p.i.AbstractProblemLoader Environment load took 127.9ns 
54571      INFO  main            d.u.i.k.p.i.AbstractProblemLoader Creating init config 
56918      DEBUG main            d.u.i.k.p.i.AbstractProblemLoader Init config took 2.35s 
56936      INFO  main            d.u.i.k.p.i.AbstractProblemLoader Replaying proof compound_unaryMinus.key.proof 
56941      DEBUG main            d.u.i.k.p.i.IntermediateProofReplayer Proof replay took 3.6ms 
56942      DEBUG main            d.u.i.k.p.r.p.TestFile    ... success: reloaded. 
56946      INFO  main            d.u.i.k.p.r.p.TestFile    Now processing file /home/runner/work/key/key/key.core/../key.ui/examples/standard_key/arith/computation.key 
56948      INFO  main            d.u.i.k.p.i.AbstractProblemLoader Loading environment from /home/runner/work/key/key/key.core/../key.ui/examples/standard_key/arith/computation.key 
56948      DEBUG main            d.u.i.k.p.i.AbstractProblemLoader Environment load took 240.6ns 
56949      INFO  main            d.u.i.k.p.i.AbstractProblemLoader Creating init config 
59337      DEBUG main            d.u.i.k.p.i.AbstractProblemLoader Init config took 2.39s 
59357      INFO  main            d.u.i.k.p.i.AbstractProblemLoader Replaying proof computation.key 
59360      DEBUG main            d.u.i.k.p.i.IntermediateProofReplayer Proof replay took 6.5ns 
60770      INFO  main            d.u.i.k.p.r.p.TestFile    ... finished proof: closed. 
61002      INFO  main            d.u.i.k.p.i.AbstractProblemLoader Loading environment from /home/runner/work/key/key/key.core/../key.ui/examples/standard_key/arith/computation.key.proof 
61002      DEBUG main            d.u.i.k.p.i.AbstractProblemLoader Environment load took 476.41ns 
61004      INFO  main            d.u.i.k.p.i.AbstractProblemLoader Creating init config 
63336      DEBUG main            d.u.i.k.p.i.AbstractProblemLoader Init config took 2.33s 
63354      INFO  main            d.u.i.k.p.i.AbstractProblemLoader Replaying proof computation.key.proof 
63483      DEBUG main            d.u.i.k.p.i.IntermediateProofReplayer Proof replay took 124.53ms 
63484      DEBUG main            d.u.i.k.p.r.p.TestFile    ... success: reloaded. 
63485      INFO  main            d.u.i.k.p.r.p.TestFile    Now processing file /home/runner/work/key/key/key.core/../key.ui/examples/standard_key/arith/cubicSum.key 
63486      INFO  main            d.u.i.k.p.i.AbstractProblemLoader Loading environment from /home/runner/work/key/key/key.core/../key.ui/examples/standard_key/arith/cubicSum.key 
63486      DEBUG main            d.u.i.k.p.i.AbstractProblemLoader Environment load took 88.4ns 
63487      INFO  main            d.u.i.k.p.i.AbstractProblemLoader Creating init config 
65979      DEBUG main            d.u.i.k.p.i.AbstractProblemLoader Init config took 2.49s 
65997      INFO  main            d.u.i.k.p.i.AbstractProblemLoader Replaying proof cubicSum.key 
65999      DEBUG main            d.u.i.k.p.i.IntermediateProofReplayer Proof replay took 6.6ns 
67106      INFO  main            d.u.i.k.p.r.p.TestFile    ... finished proof: closed. 
67358      INFO  main            d.u.i.k.p.i.AbstractProblemLoader Loading environment from /home/runner/work/key/key/key.core/../key.ui/examples/standard_key/arith/cubicSum.key.proof 
67358      DEBUG main            d.u.i.k.p.i.AbstractProblemLoader Environment load took 142.1ns 
67359      INFO  main            d.u.i.k.p.i.AbstractProblemLoader Creating init config 
69777      DEBUG main            d.u.i.k.p.i.AbstractProblemLoader Init config took 2.42s 
69813      INFO  main            d.u.i.k.p.i.AbstractProblemLoader Replaying proof cubicSum.key.proof 
69931      DEBUG main            d.u.i.k.p.i.IntermediateProofReplayer Proof replay took 113.98ms 
69932      DEBUG main            d.u.i.k.p.r.p.TestFile    ... success: reloaded. 
69933      INFO  main            d.u.i.k.p.r.p.TestFile    Now processing file /home/runner/work/key/key/key.core/../key.ui/examples/standard_key/arith/divByZero.key 
69937      INFO  main            d.u.i.k.p.i.AbstractProblemLoader Loading environment from /home/runner/work/key/key/key.core/../key.ui/examples/standard_key/arith/divByZero.key 
69937      DEBUG main            d.u.i.k.p.i.AbstractProblemLoader Environment load took 258.91ns 
69938      INFO  main            d.u.i.k.p.i.AbstractProblemLoader Creating init config 
72274      DEBUG main            d.u.i.k.p.i.AbstractProblemLoader Init config took 2.34s 
72291      INFO  main            d.u.i.k.p.i.AbstractProblemLoader Replaying proof divByZero.key 
72293      DEBUG main            d.u.i.k.p.i.IntermediateProofReplayer Proof replay took 6.8ns 
72495      INFO  main            d.u.i.k.p.r.p.TestFile    ... finished proof: closed. 
72682      INFO  main            d.u.i.k.p.i.AbstractProblemLoader Loading environment from /home/runner/work/key/key/key.core/../key.ui/examples/standard_key/arith/divByZero.key.proof 
72683      DEBUG main            d.u.i.k.p.i.AbstractProblemLoader Environment load took 118.7ns 
72684      INFO  main            d.u.i.k.p.i.AbstractProblemLoader Creating init config 
75051      DEBUG main            d.u.i.k.p.i.AbstractProblemLoader Init config took 2.37s 
75070      INFO  main            d.u.i.k.p.i.AbstractProblemLoader Replaying proof divByZero.key.proof 
75106      DEBUG main            d.u.i.k.p.i.IntermediateProofReplayer Proof replay took 33.16ms 
75107      DEBUG main            d.u.i.k.p.r.p.TestFile    ... success: reloaded. 
75108      INFO  main            d.u.i.k.p.r.p.TestFile    Now processing file /home/runner/work/key/key/key.core/../key.ui/examples/standard_key/arith/divisionAssoc.key 
75109      INFO  main            d.u.i.k.p.i.AbstractProblemLoader Loading environment from /home/runner/work/key/key/key.core/../key.ui/examples/standard_key/arith/divisionAssoc.key 
75109      DEBUG main            d.u.i.k.p.i.AbstractProblemLoader Environment load took 102.4ns 
75110      INFO  main            d.u.i.k.p.i.AbstractProblemLoader Creating init config 
77425      DEBUG main            d.u.i.k.p.i.AbstractProblemLoader Init config took 2.32s 
77460      INFO  main            d.u.i.k.p.i.AbstractProblemLoader Replaying proof divisionAssoc.key 
77467      DEBUG main            d.u.i.k.p.i.IntermediateProofReplayer Proof replay took 6.4ns 
78173      INFO  main            d.u.i.k.p.r.p.TestFile    ... finished proof: closed. 
78393      INFO  main            d.u.i.k.p.i.AbstractProblemLoader Loading environment from /home/runner/work/key/key/key.core/../key.ui/examples/standard_key/arith/divisionAssoc.key.proof 
78393      DEBUG main            d.u.i.k.p.i.AbstractProblemLoader Environment load took 461.61ns 
78395      INFO  main            d.u.i.k.p.i.AbstractProblemLoader Creating init config 
80718      DEBUG main            d.u.i.k.p.i.AbstractProblemLoader Init config took 2.32s 
80734      INFO  main            d.u.i.k.p.i.AbstractProblemLoader Replaying proof divisionAssoc.key.proof 
80775      DEBUG main            d.u.i.k.p.i.IntermediateProofReplayer Proof replay took 36.83ms 
80776      DEBUG main            d.u.i.k.p.r.p.TestFile    ... success: reloaded. 
80778      INFO  main            d.u.i.k.p.r.p.TestFile    Now processing file /home/runner/work/key/key/key.core/../key.ui/examples/standard_key/arith/divisionBy2.key 
80778      INFO  main            d.u.i.k.p.i.AbstractProblemLoader Loading environment from /home/runner/work/key/key/key.core/../key.ui/examples/standard_key/arith/divisionBy2.key 
80778      DEBUG main            d.u.i.k.p.i.AbstractProblemLoader Environment load took 211.41ns 
80779      INFO  main            d.u.i.k.p.i.AbstractProblemLoader Creating init config 
83085      DEBUG main            d.u.i.k.p.i.AbstractProblemLoader Init config took 2.31s 
83100      INFO  main            d.u.i.k.p.i.AbstractProblemLoader Replaying proof divisionBy2.key 
83101      DEBUG main            d.u.i.k.p.i.IntermediateProofReplayer Proof replay took 6.6ns 
83203      INFO  main            d.u.i.k.p.r.p.TestFile    ... finished proof: closed. 
83503      INFO  main            d.u.i.k.p.i.AbstractProblemLoader Loading environment from /home/runner/work/key/key/key.core/../key.ui/examples/standard_key/arith/divisionBy2.key.proof 
83503      DEBUG main            d.u.i.k.p.i.AbstractProblemLoader Environment load took 114.2ns 
83504      INFO  main            d.u.i.k.p.i.AbstractProblemLoader Creating init config 
85797      DEBUG main            d.u.i.k.p.i.AbstractProblemLoader Init config took 2.29s 
85812      INFO  main            d.u.i.k.p.i.AbstractProblemLoader Replaying proof divisionBy2.key.proof 
85818      DEBUG main            d.u.i.k.p.i.IntermediateProofReplayer Proof replay took 4.84ms 
85819      DEBUG main            d.u.i.k.p.r.p.TestFile    ... success: reloaded. 
85820      INFO  main            d.u.i.k.p.r.p.TestFile    Now processing file /home/runner/work/key/key/key.core/../key.ui/examples/standard_key/arith/euclidean/gcdHelp-post.key 
85820      INFO  main            d.u.i.k.p.i.AbstractProblemLoader Loading environment from /home/runner/work/key/key/key.core/../key.ui/examples/standard_key/arith/euclidean/gcdHelp-post.key 
85820      DEBUG main            d.u.i.k.p.i.AbstractProblemLoader Environment load took 91.8ns 
85821      INFO  main            d.u.i.k.p.i.AbstractProblemLoader Creating init config 
88315      DEBUG main            d.u.i.k.p.i.AbstractProblemLoader Init config took 2.49s 
88331      INFO  main            d.u.i.k.p.i.AbstractProblemLoader Replaying proof gcdHelp-post.key 
88333      DEBUG main            d.u.i.k.p.i.IntermediateProofReplayer Proof replay took 6.8ns 
91444      INFO  main            d.u.i.k.p.r.p.TestFile    ... finished proof: closed. 
91681      INFO  main            d.u.i.k.p.i.AbstractProblemLoader Loading environment from /home/runner/work/key/key/key.core/../key.ui/examples/standard_key/arith/euclidean/gcdHelp-post.key.proof 
91681      DEBUG main            d.u.i.k.p.i.AbstractProblemLoader Environment load took 449.51ns 
91683      INFO  main            d.u.i.k.p.i.AbstractProblemLoader Creating init config 
94055      DEBUG main            d.u.i.k.p.i.AbstractProblemLoader Init config took 2.37s 
94072      INFO  main            d.u.i.k.p.i.AbstractProblemLoader Replaying proof gcdHelp-post.key.proof 
94274      DEBUG main            d.u.i.k.p.i.IntermediateProofReplayer Proof replay took 192.77ms 
94276      DEBUG main            d.u.i.k.p.r.p.TestFile    ... success: reloaded. 
94277      INFO  main            d.u.i.k.p.r.p.TestFile    Now processing file /home/runner/work/key/key/key.core/../key.ui/examples/standard_key/arith/gemplusDecimal/add.key 
94278      INFO  main            d.u.i.k.p.i.AbstractProblemLoader Loading environment from /home/runner/work/key/key/key.core/../key.ui/examples/standard_key/arith/gemplusDecimal/add.key 
94278      DEBUG main            d.u.i.k.p.i.AbstractProblemLoader Environment load took 244ns 
94280      INFO  main            d.u.i.k.p.i.AbstractProblemLoader Creating init config 
96783      DEBUG main            d.u.i.k.p.i.AbstractProblemLoader Init config took 2.5s 
96800      INFO  main            d.u.i.k.p.i.AbstractProblemLoader Replaying proof add.key 
96801      DEBUG main            d.u.i.k.p.i.IntermediateProofReplayer Proof replay took 6.4ns 
137593     INFO  main            d.u.i.k.p.r.p.TestFile    ... finished proof: closed. 
137976     INFO  main            d.u.i.k.p.i.AbstractProblemLoader Loading environment from /home/runner/work/key/key/key.core/../key.ui/examples/standard_key/arith/gemplusDecimal/add.key.proof 
137977     DEBUG main            d.u.i.k.p.i.AbstractProblemLoader Environment load took 473.11ns 
137987     INFO  main            d.u.i.k.p.i.AbstractProblemLoader Creating init config 
140298     DEBUG main            d.u.i.k.p.i.AbstractProblemLoader Init config took 2.31s 
140315     INFO  main            d.u.i.k.p.i.AbstractProblemLoader Replaying proof add.key.proof 
144032     DEBUG main            d.u.i.k.p.i.IntermediateProofReplayer Proof replay took 3.6s 
144041     DEBUG main            d.u.i.k.p.r.p.TestFile    ... success: reloaded. 
144042     INFO  main            d.u.i.k.p.r.p.TestFile    Now processing file /home/runner/work/key/key/key.core/../key.ui/examples/standard_key/arith/jdivevenodd.key 
144042     INFO  main            d.u.i.k.p.i.AbstractProblemLoader Loading environment from /home/runner/work/key/key/key.core/../key.ui/examples/standard_key/arith/jdivevenodd.key 
144043     DEBUG main            d.u.i.k.p.i.AbstractProblemLoader Environment load took 221.31ns 
144044     INFO  main            d.u.i.k.p.i.AbstractProblemLoader Creating init config 
146450     DEBUG main            d.u.i.k.p.i.AbstractProblemLoader Init config took 2.41s 
146464     INFO  main            d.u.i.k.p.i.AbstractProblemLoader Replaying proof jdivevenodd.key 
146466     DEBUG main            d.u.i.k.p.i.IntermediateProofReplayer Proof replay took 5.1ns 
146669     INFO  main            d.u.i.k.p.r.p.TestFile    ... finished proof: closed. 
147006     INFO  main            d.u.i.k.p.i.AbstractProblemLoader Loading environment from /home/runner/work/key/key/key.core/../key.ui/examples/standard_key/arith/jdivevenodd.key.proof 
147006     DEBUG main            d.u.i.k.p.i.AbstractProblemLoader Environment load took 122ns 
147008     INFO  main            d.u.i.k.p.i.AbstractProblemLoader Creating init config 
149310     DEBUG main            d.u.i.k.p.i.AbstractProblemLoader Init config took 2.3s 
149325     INFO  main            d.u.i.k.p.i.AbstractProblemLoader Replaying proof jdivevenodd.key.proof 
149340     DEBUG main            d.u.i.k.p.i.IntermediateProofReplayer Proof replay took 13.03ms 
149341     DEBUG main            d.u.i.k.p.r.p.TestFile    ... success: reloaded. 
149342     INFO  main            d.u.i.k.p.r.p.TestFile    Now processing file /home/runner/work/key/key/key.core/../key.ui/examples/standard_key/arith/median.key 
149342     INFO  main            d.u.i.k.p.i.AbstractProblemLoader Loading environment from /home/runner/work/key/key/key.core/../key.ui/examples/standard_key/arith/median.key 
149342     DEBUG main            d.u.i.k.p.i.AbstractProblemLoader Environment load took 87ns 
149343     INFO  main            d.u.i.k.p.i.AbstractProblemLoader Creating init config 
151600     DEBUG main            d.u.i.k.p.i.AbstractProblemLoader Init config took 2.26s 
151615     INFO  main            d.u.i.k.p.i.AbstractProblemLoader Replaying proof median.key 
151617     DEBUG main            d.u.i.k.p.i.IntermediateProofReplayer Proof replay took 6.1ns 
166763     INFO  main            d.u.i.k.p.r.p.TestFile    ... finished proof: closed. 
167094     INFO  main            d.u.i.k.p.i.AbstractProblemLoader Loading environment from /home/runner/work/key/key/key.core/../key.ui/examples/standard_key/arith/median.key.proof 
167098     DEBUG main            d.u.i.k.p.i.AbstractProblemLoader Environment load took 5.55ms 
167102     INFO  main            d.u.i.k.p.i.AbstractProblemLoader Creating init config 
169376     DEBUG main            d.u.i.k.p.i.AbstractProblemLoader Init config took 2.27s 
169392     INFO  main            d.u.i.k.p.i.AbstractProblemLoader Replaying proof median.key.proof 
170482     DEBUG main            d.u.i.k.p.i.IntermediateProofReplayer Proof replay took 1.05s 
170486     DEBUG main            d.u.i.k.p.r.p.TestFile    ... success: reloaded. 
170487     INFO  main            d.u.i.k.p.r.p.TestFile    Now processing file /home/runner/work/key/key/key.core/../key.ui/examples/standard_key/arith/mod1.key 
170487     INFO  main            d.u.i.k.p.i.AbstractProblemLoader Loading environment from /home/runner/work/key/key/key.core/../key.ui/examples/standard_key/arith/mod1.key 
170487     DEBUG main            d.u.i.k.p.i.AbstractProblemLoader Environment load took 208.71ns 
170488     INFO  main            d.u.i.k.p.i.AbstractProblemLoader Creating init config 
172795     DEBUG main            d.u.i.k.p.i.AbstractProblemLoader Init config took 2.31s 
172809     INFO  main            d.u.i.k.p.i.AbstractProblemLoader Replaying proof mod1.key 
172811     DEBUG main            d.u.i.k.p.i.IntermediateProofReplayer Proof replay took 6ns 
172913     INFO  main            d.u.i.k.p.r.p.TestFile    ... finished proof: closed. 
173223     INFO  main            d.u.i.k.p.i.AbstractProblemLoader Loading environment from /home/runner/work/key/key/key.core/../key.ui/examples/standard_key/arith/mod1.key.proof 
173223     DEBUG main            d.u.i.k.p.i.AbstractProblemLoader Environment load took 101.9ns 
173224     INFO  main            d.u.i.k.p.i.AbstractProblemLoader Creating init config 
175514     DEBUG main            d.u.i.k.p.i.AbstractProblemLoader Init config took 2.29s 
175528     INFO  main            d.u.i.k.p.i.AbstractProblemLoader Replaying proof mod1.key.proof 
175532     DEBUG main            d.u.i.k.p.i.IntermediateProofReplayer Proof replay took 2.17ms 
175533     DEBUG main            d.u.i.k.p.r.p.TestFile    ... success: reloaded. 
175534     INFO  main            d.u.i.k.p.r.p.TestFile    Now processing file /home/runner/work/key/key/key.core/../key.ui/examples/standard_key/arith/mod2.key 
175534     INFO  main            d.u.i.k.p.i.AbstractProblemLoader Loading environment from /home/runner/work/key/key/key.core/../key.ui/examples/standard_key/arith/mod2.key 
175534     DEBUG main            d.u.i.k.p.i.AbstractProblemLoader Environment load took 217.4ns 
175535     INFO  main            d.u.i.k.p.i.AbstractProblemLoader Creating init config 
177805     DEBUG main            d.u.i.k.p.i.AbstractProblemLoader Init config took 2.27s 
177822     INFO  main            d.u.i.k.p.i.AbstractProblemLoader Replaying proof mod2.key 
177824     DEBUG main            d.u.i.k.p.i.IntermediateProofReplayer Proof replay took 6.9ns 
177929     INFO  main            d.u.i.k.p.r.p.TestFile    ... finished proof: closed. 
178161     INFO  main            d.u.i.k.p.i.AbstractProblemLoader Loading environment from /home/runner/work/key/key/key.core/../key.ui/examples/standard_key/arith/mod2.key.proof 
178161     DEBUG main            d.u.i.k.p.i.AbstractProblemLoader Environment load took 111.3ns 
178162     INFO  main            d.u.i.k.p.i.AbstractProblemLoader Creating init config 
180425     DEBUG main            d.u.i.k.p.i.AbstractProblemLoader Init config took 2.26s 
180439     INFO  main            d.u.i.k.p.i.AbstractProblemLoader Replaying proof mod2.key.proof 
180442     DEBUG main            d.u.i.k.p.i.IntermediateProofReplayer Proof replay took 1.56ms 
180443     DEBUG main            d.u.i.k.p.r.p.TestFile    ... success: reloaded. 
180444     INFO  main            d.u.i.k.p.r.p.TestFile    Now processing file /home/runner/work/key/key/key.core/../key.ui/examples/standard_key/arith/mod7.key 
180444     INFO  main            d.u.i.k.p.i.AbstractProblemLoader Loading environment from /home/runner/work/key/key/key.core/../key.ui/examples/standard_key/arith/mod7.key 
180444     DEBUG main            d.u.i.k.p.i.AbstractProblemLoader Environment load took 290.41ns 
180445     INFO  main            d.u.i.k.p.i.AbstractProblemLoader Creating init config 
182755     DEBUG main            d.u.i.k.p.i.AbstractProblemLoader Init config took 2.31s 
182768     INFO  main            d.u.i.k.p.i.AbstractProblemLoader Replaying proof mod7.key 
182770     DEBUG main            d.u.i.k.p.i.IntermediateProofReplayer Proof replay took 6.4ns 
182874     INFO  main            d.u.i.k.p.r.p.TestFile    ... finished proof: closed. 
183113     INFO  main            d.u.i.k.p.i.AbstractProblemLoader Loading environment from /home/runner/work/key/key/key.core/../key.ui/examples/standard_key/arith/mod7.key.proof 
183113     DEBUG main            d.u.i.k.p.i.AbstractProblemLoader Environment load took 101.9ns 
183114     INFO  main            d.u.i.k.p.i.AbstractProblemLoader Creating init config 
185406     DEBUG main            d.u.i.k.p.i.AbstractProblemLoader Init config took 2.29s 
185420     INFO  main            d.u.i.k.p.i.AbstractProblemLoader Replaying proof mod7.key.proof 
185429     DEBUG main            d.u.i.k.p.i.IntermediateProofReplayer Proof replay took 7.83ms 
185430     DEBUG main            d.u.i.k.p.r.p.TestFile    ... success: reloaded. 
185431     INFO  main            d.u.i.k.p.r.p.TestFile    Now processing file /home/runner/work/key/key/key.core/../key.ui/examples/standard_key/arith/overflow_hija.key 
185431     INFO  main            d.u.i.k.p.i.AbstractProblemLoader Loading environment from /home/runner/work/key/key/key.core/../key.ui/examples/standard_key/arith/overflow_hija.key 
185431     DEBUG main            d.u.i.k.p.i.AbstractProblemLoader Environment load took 83.2ns 
185433     INFO  main            d.u.i.k.p.i.AbstractProblemLoader Creating init config 
187752     DEBUG main            d.u.i.k.p.i.AbstractProblemLoader Init config took 2.32s 
187769     INFO  main            d.u.i.k.p.i.AbstractProblemLoader Replaying proof overflow_hija.key 
187771     DEBUG main            d.u.i.k.p.i.IntermediateProofReplayer Proof replay took 5.2ns 
192222     INFO  main            d.u.i.k.p.r.p.TestFile    ... finished proof: closed. 
192507     INFO  main            d.u.i.k.p.i.AbstractProblemLoader Loading environment from /home/runner/work/key/key/key.core/../key.ui/examples/standard_key/arith/overflow_hija.key.proof 
192507     DEBUG main            d.u.i.k.p.i.AbstractProblemLoader Environment load took 392.81ns 
192509     INFO  main            d.u.i.k.p.i.AbstractProblemLoader Creating init config 
194817     DEBUG main            d.u.i.k.p.i.AbstractProblemLoader Init config took 2.31s 
194834     INFO  main            d.u.i.k.p.i.AbstractProblemLoader Replaying proof overflow_hija.key.proof 
195173     DEBUG main            d.u.i.k.p.i.IntermediateProofReplayer Proof replay took 330.27ms 
195175     DEBUG main            d.u.i.k.p.r.p.TestFile    ... success: reloaded. 
195176     INFO  main            d.u.i.k.p.r.p.TestFile    Now processing file /home/runner/work/key/key/key.core/../key.ui/examples/standard_key/arith/poly_division0.key 
195176     INFO  main            d.u.i.k.p.i.AbstractProblemLoader Loading environment from /home/runner/work/key/key/key.core/../key.ui/examples/standard_key/arith/poly_division0.key 
195176     DEBUG main            d.u.i.k.p.i.AbstractProblemLoader Environment load took 267.81ns 
195177     INFO  main            d.u.i.k.p.i.AbstractProblemLoader Creating init config 
197489     DEBUG main            d.u.i.k.p.i.AbstractProblemLoader Init config took 2.31s 
197502     INFO  main            d.u.i.k.p.i.AbstractProblemLoader Replaying proof poly_division0.key 
197503     DEBUG main            d.u.i.k.p.i.IntermediateProofReplayer Proof replay took 6.6ns 
197609     INFO  main            d.u.i.k.p.r.p.TestFile    ... finished proof: closed. 
197915     INFO  main            d.u.i.k.p.i.AbstractProblemLoader Loading environment from /home/runner/work/key/key/key.core/../key.ui/examples/standard_key/arith/poly_division0.key.proof 
197915     DEBUG main            d.u.i.k.p.i.AbstractProblemLoader Environment load took 98.8ns 
197916     INFO  main            d.u.i.k.p.i.AbstractProblemLoader Creating init config 
200155     DEBUG main            d.u.i.k.p.i.AbstractProblemLoader Init config took 2.24s 
200169     INFO  main            d.u.i.k.p.i.AbstractProblemLoader Replaying proof poly_division0.key.proof 
200179     DEBUG main            d.u.i.k.p.i.IntermediateProofReplayer Proof replay took 7.51ms 
200180     DEBUG main            d.u.i.k.p.r.p.TestFile    ... success: reloaded. 
200181     INFO  main            d.u.i.k.p.r.p.TestFile    Now processing file /home/runner/work/key/key/key.core/../key.ui/examples/standard_key/arith/poly_division1.key 
200181     INFO  main            d.u.i.k.p.i.AbstractProblemLoader Loading environment from /home/runner/work/key/key/key.core/../key.ui/examples/standard_key/arith/poly_division1.key 
200181     DEBUG main            d.u.i.k.p.i.AbstractProblemLoader Environment load took 69.4ns 
200182     INFO  main            d.u.i.k.p.i.AbstractProblemLoader Creating init config 
202461     DEBUG main            d.u.i.k.p.i.AbstractProblemLoader Init config took 2.28s 
202474     INFO  main            d.u.i.k.p.i.AbstractProblemLoader Replaying proof poly_division1.key 
202475     DEBUG main            d.u.i.k.p.i.IntermediateProofReplayer Proof replay took 6.8ns 
202577     INFO  main            d.u.i.k.p.r.p.TestFile    ... finished proof: closed. 
202835     INFO  main            d.u.i.k.p.i.AbstractProblemLoader Loading environment from /home/runner/work/key/key/key.core/../key.ui/examples/standard_key/arith/poly_division1.key.proof 
202835     DEBUG main            d.u.i.k.p.i.AbstractProblemLoader Environment load took 108.5ns 
202836     INFO  main            d.u.i.k.p.i.AbstractProblemLoader Creating init config 
205087     DEBUG main            d.u.i.k.p.i.AbstractProblemLoader Init config took 2.25s 
205100     INFO  main            d.u.i.k.p.i.AbstractProblemLoader Replaying proof poly_division1.key.proof 
205109     DEBUG main            d.u.i.k.p.i.IntermediateProofReplayer Proof replay took 6.58ms 
205109     DEBUG main            d.u.i.k.p.r.p.TestFile    ... success: reloaded. 
205110     INFO  main            d.u.i.k.p.r.p.TestFile    Now processing file /home/runner/work/key/key/key.core/../key.ui/examples/standard_key/inEqSimp/division.key 
205110     INFO  main            d.u.i.k.p.i.AbstractProblemLoader Loading environment from /home/runner/work/key/key/key.core/../key.ui/examples/standard_key/inEqSimp/division.key 
205110     DEBUG main            d.u.i.k.p.i.AbstractProblemLoader Environment load took 84.2ns 
205111     INFO  main            d.u.i.k.p.i.AbstractProblemLoader Creating init config 
207411     DEBUG main            d.u.i.k.p.i.AbstractProblemLoader Init config took 2.3s 
207425     INFO  main            d.u.i.k.p.i.AbstractProblemLoader Replaying proof division.key 
207426     DEBUG main            d.u.i.k.p.i.IntermediateProofReplayer Proof replay took 6.4ns 
209341     INFO  main            d.u.i.k.p.r.p.TestFile    ... finished proof: closed. 
209615     INFO  main            d.u.i.k.p.i.AbstractProblemLoader Loading environment from /home/runner/work/key/key/key.core/../key.ui/examples/standard_key/inEqSimp/division.key.proof 
209615     DEBUG main            d.u.i.k.p.i.AbstractProblemLoader Environment load took 186ns 
209616     INFO  main            d.u.i.k.p.i.AbstractProblemLoader Creating init config 
211854     DEBUG main            d.u.i.k.p.i.AbstractProblemLoader Init config took 2.24s 
211868     INFO  main            d.u.i.k.p.i.AbstractProblemLoader Replaying proof division.key.proof 
211954     DEBUG main            d.u.i.k.p.i.IntermediateProofReplayer Proof replay took 78.71ms 
211955     DEBUG main            d.u.i.k.p.r.p.TestFile    ... success: reloaded. 
211956     INFO  main            d.u.i.k.p.r.p.TestFile    Now processing file /home/runner/work/key/key/key.core/../key.ui/examples/standard_key/inEqSimp/inequations0.key 
211956     INFO  main            d.u.i.k.p.i.AbstractProblemLoader Loading environment from /home/runner/work/key/key/key.core/../key.ui/examples/standard_key/inEqSimp/inequations0.key 
211956     DEBUG main            d.u.i.k.p.i.AbstractProblemLoader Environment load took 83.6ns 
211958     INFO  main            d.u.i.k.p.i.AbstractProblemLoader Creating init config 
214281     DEBUG main            d.u.i.k.p.i.AbstractProblemLoader Init config took 2.32s 
214294     INFO  main            d.u.i.k.p.i.AbstractProblemLoader Replaying proof inequations0.key 
214295     DEBUG main            d.u.i.k.p.i.IntermediateProofReplayer Proof replay took 35.8ns 
214397     INFO  main            d.u.i.k.p.r.p.TestFile    ... finished proof: closed. 
214699     INFO  main            d.u.i.k.p.i.AbstractProblemLoader Loading environment from /home/runner/work/key/key/key.core/../key.ui/examples/standard_key/inEqSimp/inequations0.key.proof 
214699     DEBUG main            d.u.i.k.p.i.AbstractProblemLoader Environment load took 99.2ns 
214701     INFO  main            d.u.i.k.p.i.AbstractProblemLoader Creating init config 
216934     DEBUG main            d.u.i.k.p.i.AbstractProblemLoader Init config took 2.23s 
216948     INFO  main            d.u.i.k.p.i.AbstractProblemLoader Replaying proof inequations0.key.proof 
216951     DEBUG main            d.u.i.k.p.i.IntermediateProofReplayer Proof replay took 1.95ms 
216952     DEBUG main            d.u.i.k.p.r.p.TestFile    ... success: reloaded. 
216952     INFO  main            d.u.i.k.p.r.p.TestFile    Now processing file /home/runner/work/key/key/key.core/../key.ui/examples/standard_key/inEqSimp/inequations1.key 
216952     INFO  main            d.u.i.k.p.i.AbstractProblemLoader Loading environment from /home/runner/work/key/key/key.core/../key.ui/examples/standard_key/inEqSimp/inequations1.key 
216952     DEBUG main            d.u.i.k.p.i.AbstractProblemLoader Environment load took 71.8ns 
216953     INFO  main            d.u.i.k.p.i.AbstractProblemLoader Creating init config 
219226     DEBUG main            d.u.i.k.p.i.AbstractProblemLoader Init config took 2.27s 
219239     INFO  main            d.u.i.k.p.i.AbstractProblemLoader Replaying proof inequations1.key 
219240     DEBUG main            d.u.i.k.p.i.IntermediateProofReplayer Proof replay took 2.5ns 
219342     INFO  main            d.u.i.k.p.r.p.TestFile    ... finished proof: closed. 
219606     INFO  main            d.u.i.k.p.i.AbstractProblemLoader Loading environment from /home/runner/work/key/key/key.core/../key.ui/examples/standard_key/inEqSimp/inequations1.key.proof 
219606     DEBUG main            d.u.i.k.p.i.AbstractProblemLoader Environment load took 92.7ns 
219607     INFO  main            d.u.i.k.p.i.AbstractProblemLoader Creating init config 
221852     DEBUG main            d.u.i.k.p.i.AbstractProblemLoader Init config took 2.24s 
221864     INFO  main            d.u.i.k.p.i.AbstractProblemLoader Replaying proof inequations1.key.proof 
221867     DEBUG main            d.u.i.k.p.i.IntermediateProofReplayer Proof replay took 1.17ms 
221868     DEBUG main            d.u.i.k.p.r.p.TestFile    ... success: reloaded. 
221868     INFO  main            d.u.i.k.p.r.p.TestFile    Now processing file /home/runner/work/key/key/key.core/../key.ui/examples/standard_key/inEqSimp/inequations2.key 
221868     INFO  main            d.u.i.k.p.i.AbstractProblemLoader Loading environment from /home/runner/work/key/key/key.core/../key.ui/examples/standard_key/inEqSimp/inequations2.key 
221868     DEBUG main            d.u.i.k.p.i.AbstractProblemLoader Environment load took 95ns 
221869     INFO  main            d.u.i.k.p.i.AbstractProblemLoader Creating init config 
224172     DEBUG main            d.u.i.k.p.i.AbstractProblemLoader Init config took 2.3s 
224185     INFO  main            d.u.i.k.p.i.AbstractProblemLoader Replaying proof inequations2.key 
224186     DEBUG main            d.u.i.k.p.i.IntermediateProofReplayer Proof replay took 2.5ns 
224288     INFO  main            d.u.i.k.p.r.p.TestFile    ... finished proof: closed. 
224552     INFO  main            d.u.i.k.p.i.AbstractProblemLoader Loading environment from /home/runner/work/key/key/key.core/../key.ui/examples/standard_key/inEqSimp/inequations2.key.proof 
224552     DEBUG main            d.u.i.k.p.i.AbstractProblemLoader Environment load took 83.5ns 
224553     INFO  main            d.u.i.k.p.i.AbstractProblemLoader Creating init config 
226812     DEBUG main            d.u.i.k.p.i.AbstractProblemLoader Init config took 2.26s 
226827     INFO  main            d.u.i.k.p.i.AbstractProblemLoader Replaying proof inequations2.key.proof 
226830     DEBUG main            d.u.i.k.p.i.IntermediateProofReplayer Proof replay took 1.9ms 
226831     DEBUG main            d.u.i.k.p.r.p.TestFile    ... success: reloaded. 
226832     INFO  main            d.u.i.k.p.r.p.TestFile    Now processing file /home/runner/work/key/key/key.core/../key.ui/examples/standard_key/inEqSimp/linApprox.key 
226832     INFO  main            d.u.i.k.p.i.AbstractProblemLoader Loading environment from /home/runner/work/key/key/key.core/../key.ui/examples/standard_key/inEqSimp/linApprox.key 
226832     DEBUG main            d.u.i.k.p.i.AbstractProblemLoader Environment load took 183.9ns 
226833     INFO  main            d.u.i.k.p.i.AbstractProblemLoader Creating init config 
229103     DEBUG main            d.u.i.k.p.i.AbstractProblemLoader Init config took 2.27s 
229116     INFO  main            d.u.i.k.p.i.AbstractProblemLoader Replaying proof linApprox.key 
229118     DEBUG main            d.u.i.k.p.i.IntermediateProofReplayer Proof replay took 2.9ns 
229220     INFO  main            d.u.i.k.p.r.p.TestFile    ... finished proof: closed. 
229503     INFO  main            d.u.i.k.p.i.AbstractProblemLoader Loading environment from /home/runner/work/key/key/key.core/../key.ui/examples/standard_key/inEqSimp/linApprox.key.proof 
229503     DEBUG main            d.u.i.k.p.i.AbstractProblemLoader Environment load took 86.8ns 
229504     INFO  main            d.u.i.k.p.i.AbstractProblemLoader Creating init config 
231729     DEBUG main            d.u.i.k.p.i.AbstractProblemLoader Init config took 2.23s 
231742     INFO  main            d.u.i.k.p.i.AbstractProblemLoader Replaying proof linApprox.key.proof 
231745     DEBUG main            d.u.i.k.p.i.IntermediateProofReplayer Proof replay took 2.42ms 
231746     DEBUG main            d.u.i.k.p.r.p.TestFile    ... success: reloaded. 
231747     INFO  main            d.u.i.k.p.r.p.TestFile    Now processing file /home/runner/work/key/key/key.core/../key.ui/examples/standard_key/inEqSimp/nonLinInEqExample0.key 
231747     INFO  main            d.u.i.k.p.i.AbstractProblemLoader Loading environment from /home/runner/work/key/key/key.core/../key.ui/examples/standard_key/inEqSimp/nonLinInEqExample0.key 
231747     DEBUG main            d.u.i.k.p.i.AbstractProblemLoader Environment load took 59.2ns 
231748     INFO  main            d.u.i.k.p.i.AbstractProblemLoader Creating init config 
234013     DEBUG main            d.u.i.k.p.i.AbstractProblemLoader Init config took 2.26s 
234026     INFO  main            d.u.i.k.p.i.AbstractProblemLoader Replaying proof nonLinInEqExample0.key 
234027     DEBUG main            d.u.i.k.p.i.IntermediateProofReplayer Proof replay took 3.4ns 
234129     INFO  main            d.u.i.k.p.r.p.TestFile    ... finished proof: closed. 
234411     INFO  main            d.u.i.k.p.i.AbstractProblemLoader Loading environment from /home/runner/work/key/key/key.core/../key.ui/examples/standard_key/inEqSimp/nonLinInEqExample0.key.proof 
234411     DEBUG main            d.u.i.k.p.i.AbstractProblemLoader Environment load took 99.5ns 
234412     INFO  main            d.u.i.k.p.i.AbstractProblemLoader Creating init config 
236648     DEBUG main            d.u.i.k.p.i.AbstractProblemLoader Init config took 2.24s 
236661     INFO  main            d.u.i.k.p.i.AbstractProblemLoader Replaying proof nonLinInEqExample0.key.proof 
236663     DEBUG main            d.u.i.k.p.i.IntermediateProofReplayer Proof replay took 867.82ns 
236663     DEBUG main            d.u.i.k.p.r.p.TestFile    ... success: reloaded. 
236664     INFO  main            d.u.i.k.p.r.p.TestFile    Now processing file /home/runner/work/key/key/key.core/../key.ui/examples/standard_key/inEqSimp/nonLinInEqExample2.key 
236664     INFO  main            d.u.i.k.p.i.AbstractProblemLoader Loading environment from /home/runner/work/key/key/key.core/../key.ui/examples/standard_key/inEqSimp/nonLinInEqExample2.key 
236664     DEBUG main            d.u.i.k.p.i.AbstractProblemLoader Environment load took 45.4ns 
236665     INFO  main            d.u.i.k.p.i.AbstractProblemLoader Creating init config 
238937     DEBUG main            d.u.i.k.p.i.AbstractProblemLoader Init config took 2.27s 
238949     INFO  main            d.u.i.k.p.i.AbstractProblemLoader Replaying proof nonLinInEqExample2.key 
238951     DEBUG main            d.u.i.k.p.i.IntermediateProofReplayer Proof replay took 3.3ns 
239254     INFO  main            d.u.i.k.p.r.p.TestFile    ... finished proof: closed. 
239549     INFO  main            d.u.i.k.p.i.AbstractProblemLoader Loading environment from /home/runner/work/key/key/key.core/../key.ui/examples/standard_key/inEqSimp/nonLinInEqExample2.key.proof 
239550     DEBUG main            d.u.i.k.p.i.AbstractProblemLoader Environment load took 391.21ns 
239551     INFO  main            d.u.i.k.p.i.AbstractProblemLoader Creating init config 
241775     DEBUG main            d.u.i.k.p.i.AbstractProblemLoader Init config took 2.22s 
241800     INFO  main            d.u.i.k.p.i.AbstractProblemLoader Replaying proof nonLinInEqExample2.key.proof 
241826     DEBUG main            d.u.i.k.p.i.IntermediateProofReplayer Proof replay took 23.63ms 
241828     DEBUG main            d.u.i.k.p.r.p.TestFile    ... success: reloaded. 
241829     INFO  main            d.u.i.k.p.r.p.TestFile    Now processing file /home/runner/work/key/key/key.core/../key.ui/examples/standard_key/inEqSimp/nonLinInEqExample3.key 
241830     INFO  main            d.u.i.k.p.i.AbstractProblemLoader Loading environment from /home/runner/work/key/key/key.core/../key.ui/examples/standard_key/inEqSimp/nonLinInEqExample3.key 
241830     DEBUG main            d.u.i.k.p.i.AbstractProblemLoader Environment load took 200.4ns 
241831     INFO  main            d.u.i.k.p.i.AbstractProblemLoader Creating init config 
244102     DEBUG main            d.u.i.k.p.i.AbstractProblemLoader Init config took 2.27s 
244115     INFO  main            d.u.i.k.p.i.AbstractProblemLoader Replaying proof nonLinInEqExample3.key 
244116     DEBUG main            d.u.i.k.p.i.IntermediateProofReplayer Proof replay took 2.7ns 
244318     INFO  main            d.u.i.k.p.r.p.TestFile    ... finished proof: closed. 
244624     INFO  main            d.u.i.k.p.i.AbstractProblemLoader Loading environment from /home/runner/work/key/key/key.core/../key.ui/examples/standard_key/inEqSimp/nonLinInEqExample3.key.proof 
244624     DEBUG main            d.u.i.k.p.i.AbstractProblemLoader Environment load took 97.1ns 
244625     INFO  main            d.u.i.k.p.i.AbstractProblemLoader Creating init config 
246868     DEBUG main            d.u.i.k.p.i.AbstractProblemLoader Init config took 2.24s 
246881     INFO  main            d.u.i.k.p.i.AbstractProblemLoader Replaying proof nonLinInEqExample3.key.proof 
246898     DEBUG main            d.u.i.k.p.i.IntermediateProofReplayer Proof replay took 14.78ms 
246899     DEBUG main            d.u.i.k.p.r.p.TestFile    ... success: reloaded. 
246900     INFO  main            d.u.i.k.p.r.p.TestFile    Now processing file /home/runner/work/key/key/key.core/../key.ui/examples/standard_key/inEqSimp/nonLinInEqExample4.key 
246900     INFO  main            d.u.i.k.p.i.AbstractProblemLoader Loading environment from /home/runner/work/key/key/key.core/../key.ui/examples/standard_key/inEqSimp/nonLinInEqExample4.key 
246900     DEBUG main            d.u.i.k.p.i.AbstractProblemLoader Environment load took 45.7ns 
246901     INFO  main            d.u.i.k.p.i.AbstractProblemLoader Creating init config 
249171     DEBUG main            d.u.i.k.p.i.AbstractProblemLoader Init config took 2.27s 
249184     INFO  main            d.u.i.k.p.i.AbstractProblemLoader Replaying proof nonLinInEqExample4.key 
249185     DEBUG main            d.u.i.k.p.i.IntermediateProofReplayer Proof replay took 3ns 
249287     INFO  main            d.u.i.k.p.r.p.TestFile    ... finished proof: closed. 
249592     INFO  main            d.u.i.k.p.i.AbstractProblemLoader Loading environment from /home/runner/work/key/key/key.core/../key.ui/examples/standard_key/inEqSimp/nonLinInEqExample4.key.proof 
249592     DEBUG main            d.u.i.k.p.i.AbstractProblemLoader Environment load took 90.4ns 
249593     INFO  main            d.u.i.k.p.i.AbstractProblemLoader Creating init config 
251821     DEBUG main            d.u.i.k.p.i.AbstractProblemLoader Init config took 2.23s 
251834     INFO  main            d.u.i.k.p.i.AbstractProblemLoader Replaying proof nonLinInEqExample4.key.proof 
251839     DEBUG main            d.u.i.k.p.i.IntermediateProofReplayer Proof replay took 3.31ms 
251840     DEBUG main            d.u.i.k.p.r.p.TestFile    ... success: reloaded. 
251840     INFO  main            d.u.i.k.p.r.p.TestFile    Now processing file /home/runner/work/key/key/key.core/../key.ui/examples/standard_key/inEqSimp/quadraticInEq.key 
251841     INFO  main            d.u.i.k.p.i.AbstractProblemLoader Loading environment from /home/runner/work/key/key/key.core/../key.ui/examples/standard_key/inEqSimp/quadraticInEq.key 
251841     DEBUG main            d.u.i.k.p.i.AbstractProblemLoader Environment load took 63.1ns 
251842     INFO  main            d.u.i.k.p.i.AbstractProblemLoader Creating init config 
254109     DEBUG main            d.u.i.k.p.i.AbstractProblemLoader Init config took 2.27s 
254122     INFO  main            d.u.i.k.p.i.AbstractProblemLoader Replaying proof quadraticInEq.key 
254124     DEBUG main            d.u.i.k.p.i.IntermediateProofReplayer Proof replay took 2.5ns 
254427     INFO  main            d.u.i.k.p.r.p.TestFile    ... finished proof: closed. 
254747     INFO  main            d.u.i.k.p.i.AbstractProblemLoader Loading environment from /home/runner/work/key/key/key.core/../key.ui/examples/standard_key/inEqSimp/quadraticInEq.key.proof 
254748     DEBUG main            d.u.i.k.p.i.AbstractProblemLoader Environment load took 382.41ns 
254749     INFO  main            d.u.i.k.p.i.AbstractProblemLoader Creating init config 
256989     DEBUG main            d.u.i.k.p.i.AbstractProblemLoader Init config took 2.24s 
257003     INFO  main            d.u.i.k.p.i.AbstractProblemLoader Replaying proof quadraticInEq.key.proof 
257040     DEBUG main            d.u.i.k.p.i.IntermediateProofReplayer Proof replay took 33.02ms 
257042     DEBUG main            d.u.i.k.p.r.p.TestFile    ... success: reloaded. 
257043     INFO  main            d.u.i.k.p.r.p.TestFile    Now processing file /home/runner/work/key/key/key.core/../key.ui/examples/standard_key/inEqSimp/quadraticInEq10.key 
257043     INFO  main            d.u.i.k.p.i.AbstractProblemLoader Loading environment from /home/runner/work/key/key/key.core/../key.ui/examples/standard_key/inEqSimp/quadraticInEq10.key 
257043     DEBUG main            d.u.i.k.p.i.AbstractProblemLoader Environment load took 195.3ns 
257044     INFO  main            d.u.i.k.p.i.AbstractProblemLoader Creating init config 
259316     DEBUG main            d.u.i.k.p.i.AbstractProblemLoader Init config took 2.27s 
259329     INFO  main            d.u.i.k.p.i.AbstractProblemLoader Replaying proof quadraticInEq10.key 
259331     DEBUG main            d.u.i.k.p.i.IntermediateProofReplayer Proof replay took 3ns 
259558     INFO  main            d.u.i.k.p.r.p.TestFile    ... finished proof: closed. 
259866     INFO  main            d.u.i.k.p.i.AbstractProblemLoader Loading environment from /home/runner/work/key/key/key.core/../key.ui/examples/standard_key/inEqSimp/quadraticInEq10.key.proof 
259866     DEBUG main            d.u.i.k.p.i.AbstractProblemLoader Environment load took 150ns 
259867     INFO  main            d.u.i.k.p.i.AbstractProblemLoader Creating init config 
262096     DEBUG main            d.u.i.k.p.i.AbstractProblemLoader Init config took 2.23s 
262110     INFO  main            d.u.i.k.p.i.AbstractProblemLoader Replaying proof quadraticInEq10.key.proof 
262123     DEBUG main            d.u.i.k.p.i.IntermediateProofReplayer Proof replay took 11.42ms 
262124     DEBUG main            d.u.i.k.p.r.p.TestFile    ... success: reloaded. 
262125     INFO  main            d.u.i.k.p.r.p.TestFile    Now processing file /home/runner/work/key/key/key.core/../key.ui/examples/standard_key/inEqSimp/quadraticInEq13.key 
262125     INFO  main            d.u.i.k.p.i.AbstractProblemLoader Loading environment from /home/runner/work/key/key/key.core/../key.ui/examples/standard_key/inEqSimp/quadraticInEq13.key 
262125     DEBUG main            d.u.i.k.p.i.AbstractProblemLoader Environment load took 78.8ns 
262126     INFO  main            d.u.i.k.p.i.AbstractProblemLoader Creating init config 
264403     DEBUG main            d.u.i.k.p.i.AbstractProblemLoader Init config took 2.28s 
264433     INFO  main            d.u.i.k.p.i.AbstractProblemLoader Replaying proof quadraticInEq13.key 
264434     DEBUG main            d.u.i.k.p.i.IntermediateProofReplayer Proof replay took 2.5ns 
264637     INFO  main            d.u.i.k.p.r.p.TestFile    ... finished proof: closed. 
264955     INFO  main            d.u.i.k.p.i.AbstractProblemLoader Loading environment from /home/runner/work/key/key/key.core/../key.ui/examples/standard_key/inEqSimp/quadraticInEq13.key.proof 
264955     DEBUG main            d.u.i.k.p.i.AbstractProblemLoader Environment load took 92ns 
264956     INFO  main            d.u.i.k.p.i.AbstractProblemLoader Creating init config 
267195     DEBUG main            d.u.i.k.p.i.AbstractProblemLoader Init config took 2.24s 
267208     INFO  main            d.u.i.k.p.i.AbstractProblemLoader Replaying proof quadraticInEq13.key.proof 
267226     DEBUG main            d.u.i.k.p.i.IntermediateProofReplayer Proof replay took 14.88ms 
267227     DEBUG main            d.u.i.k.p.r.p.TestFile    ... success: reloaded. 
267228     INFO  main            d.u.i.k.p.r.p.TestFile    Now processing file /home/runner/work/key/key/key.core/../key.ui/examples/standard_key/inEqSimp/quadraticInEq14.key 
267229     INFO  main            d.u.i.k.p.i.AbstractProblemLoader Loading environment from /home/runner/work/key/key/key.core/../key.ui/examples/standard_key/inEqSimp/quadraticInEq14.key 
267229     DEBUG main            d.u.i.k.p.i.AbstractProblemLoader Environment load took 215.41ns 
267230     INFO  main            d.u.i.k.p.i.AbstractProblemLoader Creating init config 
269547     DEBUG main            d.u.i.k.p.i.AbstractProblemLoader Init config took 2.32s 
269560     INFO  main            d.u.i.k.p.i.AbstractProblemLoader Replaying proof quadraticInEq14.key 
269561     DEBUG main            d.u.i.k.p.i.IntermediateProofReplayer Proof replay took 3.2ns 
269864     INFO  main            d.u.i.k.p.r.p.TestFile    ... finished proof: closed. 
270202     INFO  main            d.u.i.k.p.i.AbstractProblemLoader Loading environment from /home/runner/work/key/key/key.core/../key.ui/examples/standard_key/inEqSimp/quadraticInEq14.key.proof 
270202     DEBUG main            d.u.i.k.p.i.AbstractProblemLoader Environment load took 86.8ns 
270203     INFO  main            d.u.i.k.p.i.AbstractProblemLoader Creating init config 
272430     DEBUG main            d.u.i.k.p.i.AbstractProblemLoader Init config took 2.23s 
272443     INFO  main            d.u.i.k.p.i.AbstractProblemLoader Replaying proof quadraticInEq14.key.proof 
272463     DEBUG main            d.u.i.k.p.i.IntermediateProofReplayer Proof replay took 17.51ms 
272463     DEBUG main            d.u.i.k.p.r.p.TestFile    ... success: reloaded. 
272464     INFO  main            d.u.i.k.p.r.p.TestFile    Now processing file /home/runner/work/key/key/key.core/../key.ui/examples/standard_key/inEqSimp/quadraticInEq2.key 
272464     INFO  main            d.u.i.k.p.i.AbstractProblemLoader Loading environment from /home/runner/work/key/key/key.core/../key.ui/examples/standard_key/inEqSimp/quadraticInEq2.key 
272464     DEBUG main            d.u.i.k.p.i.AbstractProblemLoader Environment load took 62.4ns 
272465     INFO  main            d.u.i.k.p.i.AbstractProblemLoader Creating init config 
274709     DEBUG main            d.u.i.k.p.i.AbstractProblemLoader Init config took 2.24s 
274723     INFO  main            d.u.i.k.p.i.AbstractProblemLoader Replaying proof quadraticInEq2.key 
274725     DEBUG main            d.u.i.k.p.i.IntermediateProofReplayer Proof replay took 2.8ns 
274828     INFO  main            d.u.i.k.p.r.p.TestFile    ... finished proof: closed. 
275175     INFO  main            d.u.i.k.p.i.AbstractProblemLoader Loading environment from /home/runner/work/key/key/key.core/../key.ui/examples/standard_key/inEqSimp/quadraticInEq2.key.proof 
275175     DEBUG main            d.u.i.k.p.i.AbstractProblemLoader Environment load took 148.6ns 
275176     INFO  main            d.u.i.k.p.i.AbstractProblemLoader Creating init config 
277396     DEBUG main            d.u.i.k.p.i.AbstractProblemLoader Init config took 2.22s 
277409     INFO  main            d.u.i.k.p.i.AbstractProblemLoader Replaying proof quadraticInEq2.key.proof 
277412     DEBUG main            d.u.i.k.p.i.IntermediateProofReplayer Proof replay took 1.99ms 
277413     DEBUG main            d.u.i.k.p.r.p.TestFile    ... success: reloaded. 
277414     INFO  main            d.u.i.k.p.r.p.TestFile    Now processing file /home/runner/work/key/key/key.core/../key.ui/examples/standard_key/inEqSimp/quadraticInEq3.key 
277414     INFO  main            d.u.i.k.p.i.AbstractProblemLoader Loading environment from /home/runner/work/key/key/key.core/../key.ui/examples/standard_key/inEqSimp/quadraticInEq3.key 
277414     DEBUG main            d.u.i.k.p.i.AbstractProblemLoader Environment load took 42.7ns 
277415     INFO  main            d.u.i.k.p.i.AbstractProblemLoader Creating init config 
279663     DEBUG main            d.u.i.k.p.i.AbstractProblemLoader Init config took 2.25s 
279676     INFO  main            d.u.i.k.p.i.AbstractProblemLoader Replaying proof quadraticInEq3.key 
279678     DEBUG main            d.u.i.k.p.i.IntermediateProofReplayer Proof replay took 2.7ns 
279780     INFO  main            d.u.i.k.p.r.p.TestFile    ... finished proof: closed. 
280111     INFO  main            d.u.i.k.p.i.AbstractProblemLoader Loading environment from /home/runner/work/key/key/key.core/../key.ui/examples/standard_key/inEqSimp/quadraticInEq3.key.proof 
280112     DEBUG main            d.u.i.k.p.i.AbstractProblemLoader Environment load took 78.2ns 
280115     INFO  main            d.u.i.k.p.i.AbstractProblemLoader Creating init config 
282328     DEBUG main            d.u.i.k.p.i.AbstractProblemLoader Init config took 2.21s 
282344     INFO  main            d.u.i.k.p.i.AbstractProblemLoader Replaying proof quadraticInEq3.key.proof 
282351     DEBUG main            d.u.i.k.p.i.IntermediateProofReplayer Proof replay took 5.03ms 
282352     DEBUG main            d.u.i.k.p.r.p.TestFile    ... success: reloaded. 
282352     INFO  main            d.u.i.k.p.r.p.TestFile    Now processing file /home/runner/work/key/key/key.core/../key.ui/examples/standard_key/inEqSimp/quadraticInEq4.key 
282353     INFO  main            d.u.i.k.p.i.AbstractProblemLoader Loading environment from /home/runner/work/key/key/key.core/../key.ui/examples/standard_key/inEqSimp/quadraticInEq4.key 
282353     DEBUG main            d.u.i.k.p.i.AbstractProblemLoader Environment load took 87.1ns 
282353     INFO  main            d.u.i.k.p.i.AbstractProblemLoader Creating init config 
284605     DEBUG main            d.u.i.k.p.i.AbstractProblemLoader Init config took 2.25s 
284619     INFO  main            d.u.i.k.p.i.AbstractProblemLoader Replaying proof quadraticInEq4.key 
284620     DEBUG main            d.u.i.k.p.i.IntermediateProofReplayer Proof replay took 2.6ns 
284722     INFO  main            d.u.i.k.p.r.p.TestFile    ... finished proof: closed. 
285060     INFO  main            d.u.i.k.p.i.AbstractProblemLoader Loading environment from /home/runner/work/key/key/key.core/../key.ui/examples/standard_key/inEqSimp/quadraticInEq4.key.proof 
285060     DEBUG main            d.u.i.k.p.i.AbstractProblemLoader Environment load took 77.7ns 
285061     INFO  main            d.u.i.k.p.i.AbstractProblemLoader Creating init config 
287275     DEBUG main            d.u.i.k.p.i.AbstractProblemLoader Init config took 2.21s 
287288     INFO  main            d.u.i.k.p.i.AbstractProblemLoader Replaying proof quadraticInEq4.key.proof 
287294     DEBUG main            d.u.i.k.p.i.IntermediateProofReplayer Proof replay took 3.95ms 
287295     DEBUG main            d.u.i.k.p.r.p.TestFile    ... success: reloaded. 
287295     INFO  main            d.u.i.k.p.r.p.TestFile    Now processing file /home/runner/work/key/key/key.core/../key.ui/examples/standard_key/inEqSimp/quadraticInEq5.key 
287295     INFO  main            d.u.i.k.p.i.AbstractProblemLoader Loading environment from /home/runner/work/key/key/key.core/../key.ui/examples/standard_key/inEqSimp/quadraticInEq5.key 
287296     DEBUG main            d.u.i.k.p.i.AbstractProblemLoader Environment load took 80.7ns 
287296     INFO  main            d.u.i.k.p.i.AbstractProblemLoader Creating init config 
289544     DEBUG main            d.u.i.k.p.i.AbstractProblemLoader Init config took 2.25s 
289558     INFO  main            d.u.i.k.p.i.AbstractProblemLoader Replaying proof quadraticInEq5.key 
289560     DEBUG main            d.u.i.k.p.i.IntermediateProofReplayer Proof replay took 2.7ns 
289662     INFO  main            d.u.i.k.p.r.p.TestFile    ... finished proof: closed. 
290002     INFO  main            d.u.i.k.p.i.AbstractProblemLoader Loading environment from /home/runner/work/key/key/key.core/../key.ui/examples/standard_key/inEqSimp/quadraticInEq5.key.proof 
290002     DEBUG main            d.u.i.k.p.i.AbstractProblemLoader Environment load took 75.3ns 
290003     INFO  main            d.u.i.k.p.i.AbstractProblemLoader Creating init config 
292213     DEBUG main            d.u.i.k.p.i.AbstractProblemLoader Init config took 2.21s 
292226     INFO  main            d.u.i.k.p.i.AbstractProblemLoader Replaying proof quadraticInEq5.key.proof 
292231     DEBUG main            d.u.i.k.p.i.IntermediateProofReplayer Proof replay took 3.83ms 
292232     DEBUG main            d.u.i.k.p.r.p.TestFile    ... success: reloaded. 
292232     INFO  main            d.u.i.k.p.r.p.TestFile    Now processing file /home/runner/work/key/key/key.core/../key.ui/examples/standard_key/inEqSimp/quadraticInEq6.key 
292232     INFO  main            d.u.i.k.p.i.AbstractProblemLoader Loading environment from /home/runner/work/key/key/key.core/../key.ui/examples/standard_key/inEqSimp/quadraticInEq6.key 
292232     DEBUG main            d.u.i.k.p.i.AbstractProblemLoader Environment load took 47.1ns 
292235     INFO  main            d.u.i.k.p.i.AbstractProblemLoader Creating init config 
294481     DEBUG main            d.u.i.k.p.i.AbstractProblemLoader Init config took 2.25s 
294493     INFO  main            d.u.i.k.p.i.AbstractProblemLoader Replaying proof quadraticInEq6.key 
294495     DEBUG main            d.u.i.k.p.i.IntermediateProofReplayer Proof replay took 3.3ns 
294597     INFO  main            d.u.i.k.p.r.p.TestFile    ... finished proof: closed. 
294942     INFO  main            d.u.i.k.p.i.AbstractProblemLoader Loading environment from /home/runner/work/key/key/key.core/../key.ui/examples/standard_key/inEqSimp/quadraticInEq6.key.proof 
294942     DEBUG main            d.u.i.k.p.i.AbstractProblemLoader Environment load took 77.4ns 
294944     INFO  main            d.u.i.k.p.i.AbstractProblemLoader Creating init config 
297158     DEBUG main            d.u.i.k.p.i.AbstractProblemLoader Init config took 2.21s 
297171     INFO  main            d.u.i.k.p.i.AbstractProblemLoader Replaying proof quadraticInEq6.key.proof 
297176     DEBUG main            d.u.i.k.p.i.IntermediateProofReplayer Proof replay took 3.76ms 
297177     DEBUG main            d.u.i.k.p.r.p.TestFile    ... success: reloaded. 
297177     INFO  main            d.u.i.k.p.r.p.TestFile    Now processing file /home/runner/work/key/key/key.core/../key.ui/examples/standard_key/inEqSimp/quadraticInEq7.key 
297177     INFO  main            d.u.i.k.p.i.AbstractProblemLoader Loading environment from /home/runner/work/key/key/key.core/../key.ui/examples/standard_key/inEqSimp/quadraticInEq7.key 
297178     DEBUG main            d.u.i.k.p.i.AbstractProblemLoader Environment load took 76ns 
297178     INFO  main            d.u.i.k.p.i.AbstractProblemLoader Creating init config 
299430     DEBUG main            d.u.i.k.p.i.AbstractProblemLoader Init config took 2.25s 
299443     INFO  main            d.u.i.k.p.i.AbstractProblemLoader Replaying proof quadraticInEq7.key 
299444     DEBUG main            d.u.i.k.p.i.IntermediateProofReplayer Proof replay took 3.4ns 
299546     INFO  main            d.u.i.k.p.r.p.TestFile    ... finished proof: closed. 
299895     INFO  main            d.u.i.k.p.i.AbstractProblemLoader Loading environment from /home/runner/work/key/key/key.core/../key.ui/examples/standard_key/inEqSimp/quadraticInEq7.key.proof 
299895     DEBUG main            d.u.i.k.p.i.AbstractProblemLoader Environment load took 82.2ns 
299896     INFO  main            d.u.i.k.p.i.AbstractProblemLoader Creating init config 
302103     DEBUG main            d.u.i.k.p.i.AbstractProblemLoader Init config took 2.21s 
302116     INFO  main            d.u.i.k.p.i.AbstractProblemLoader Replaying proof quadraticInEq7.key.proof 
302119     DEBUG main            d.u.i.k.p.i.IntermediateProofReplayer Proof replay took 2.07ms 
302120     DEBUG main            d.u.i.k.p.r.p.TestFile    ... success: reloaded. 
302122     INFO  main            d.u.i.k.p.r.p.TestFile    Now processing file /home/runner/work/key/key/key.core/../key.ui/examples/standard_key/inEqSimp/quadraticInEq8.key 
302122     INFO  main            d.u.i.k.p.i.AbstractProblemLoader Loading environment from /home/runner/work/key/key/key.core/../key.ui/examples/standard_key/inEqSimp/quadraticInEq8.key 
302123     DEBUG main            d.u.i.k.p.i.AbstractProblemLoader Environment load took 226.31ns 
302124     INFO  main            d.u.i.k.p.i.AbstractProblemLoader Creating init config 
304367     DEBUG main            d.u.i.k.p.i.AbstractProblemLoader Init config took 2.24s 
304380     INFO  main            d.u.i.k.p.i.AbstractProblemLoader Replaying proof quadraticInEq8.key 
304381     DEBUG main            d.u.i.k.p.i.IntermediateProofReplayer Proof replay took 2.8ns 
304486     INFO  main            d.u.i.k.p.r.p.TestFile    ... finished proof: closed. 
304847     INFO  main            d.u.i.k.p.i.AbstractProblemLoader Loading environment from /home/runner/work/key/key/key.core/../key.ui/examples/standard_key/inEqSimp/quadraticInEq8.key.proof 
304847     DEBUG main            d.u.i.k.p.i.AbstractProblemLoader Environment load took 81.4ns 
304848     INFO  main            d.u.i.k.p.i.AbstractProblemLoader Creating init config 
307056     DEBUG main            d.u.i.k.p.i.AbstractProblemLoader Init config took 2.21s 
307069     INFO  main            d.u.i.k.p.i.AbstractProblemLoader Replaying proof quadraticInEq8.key.proof 
307077     DEBUG main            d.u.i.k.p.i.IntermediateProofReplayer Proof replay took 6.35ms 
307078     DEBUG main            d.u.i.k.p.r.p.TestFile    ... success: reloaded. 
307079     INFO  main            d.u.i.k.p.r.p.TestFile    Now processing file /home/runner/work/key/key/key.core/../key.ui/examples/standard_key/inEqSimp/simplify0.key 
307079     INFO  main            d.u.i.k.p.i.AbstractProblemLoader Loading environment from /home/runner/work/key/key/key.core/../key.ui/examples/standard_key/inEqSimp/simplify0.key 
307079     DEBUG main            d.u.i.k.p.i.AbstractProblemLoader Environment load took 78.8ns 
307080     INFO  main            d.u.i.k.p.i.AbstractProblemLoader Creating init config 
309344     DEBUG main            d.u.i.k.p.i.AbstractProblemLoader Init config took 2.26s 
309358     INFO  main            d.u.i.k.p.i.AbstractProblemLoader Replaying proof simplify0.key 
309360     DEBUG main            d.u.i.k.p.i.IntermediateProofReplayer Proof replay took 3ns 
309462     INFO  main            d.u.i.k.p.r.p.TestFile    ... finished proof: closed. 
309829     INFO  main            d.u.i.k.p.i.AbstractProblemLoader Loading environment from /home/runner/work/key/key/key.core/../key.ui/examples/standard_key/inEqSimp/simplify0.key.proof 
309830     DEBUG main            d.u.i.k.p.i.AbstractProblemLoader Environment load took 95.7ns 
309831     INFO  main            d.u.i.k.p.i.AbstractProblemLoader Creating init config 
312035     DEBUG main            d.u.i.k.p.i.AbstractProblemLoader Init config took 2.2s 
312048     INFO  main            d.u.i.k.p.i.AbstractProblemLoader Replaying proof simplify0.key.proof 
312052     DEBUG main            d.u.i.k.p.i.IntermediateProofReplayer Proof replay took 2.15ms 
312052     DEBUG main            d.u.i.k.p.r.p.TestFile    ... success: reloaded. 
312053     INFO  main            d.u.i.k.p.r.p.TestFile    Now processing file /home/runner/work/key/key/key.core/../key.ui/examples/standard_key/inEqSimp/simplify1.key 
312053     INFO  main            d.u.i.k.p.i.AbstractProblemLoader Loading environment from /home/runner/work/key/key/key.core/../key.ui/examples/standard_key/inEqSimp/simplify1.key 
312053     DEBUG main            d.u.i.k.p.i.AbstractProblemLoader Environment load took 42.6ns 
312054     INFO  main            d.u.i.k.p.i.AbstractProblemLoader Creating init config 
314300     DEBUG main            d.u.i.k.p.i.AbstractProblemLoader Init config took 2.25s 
314330     INFO  main            d.u.i.k.p.i.AbstractProblemLoader Replaying proof simplify1.key 
314330     DEBUG main            d.u.i.k.p.i.IntermediateProofReplayer Proof replay took 3.7ns 
314433     INFO  main            d.u.i.k.p.r.p.TestFile    ... finished proof: closed. 
314798     INFO  main            d.u.i.k.p.i.AbstractProblemLoader Loading environment from /home/runner/work/key/key/key.core/../key.ui/examples/standard_key/inEqSimp/simplify1.key.proof 
314798     DEBUG main            d.u.i.k.p.i.AbstractProblemLoader Environment load took 80.2ns 
314798     INFO  main            d.u.i.k.p.i.AbstractProblemLoader Creating init config 
317006     DEBUG main            d.u.i.k.p.i.AbstractProblemLoader Init config took 2.21s 
317019     INFO  main            d.u.i.k.p.i.AbstractProblemLoader Replaying proof simplify1.key.proof 
317021     DEBUG main            d.u.i.k.p.i.IntermediateProofReplayer Proof replay took 1.19ms 
317022     DEBUG main            d.u.i.k.p.r.p.TestFile    ... success: reloaded. 
317022     INFO  main            d.u.i.k.p.r.p.TestFile    Now processing file /home/runner/work/key/key/key.core/../key.ui/examples/standard_key/inEqSimp/simplify2.key 
317022     INFO  main            d.u.i.k.p.i.AbstractProblemLoader Loading environment from /home/runner/work/key/key/key.core/../key.ui/examples/standard_key/inEqSimp/simplify2.key 
317022     DEBUG main            d.u.i.k.p.i.AbstractProblemLoader Environment load took 57ns 
317023     INFO  main            d.u.i.k.p.i.AbstractProblemLoader Creating init config 
319275     DEBUG main            d.u.i.k.p.i.AbstractProblemLoader Init config took 2.25s 
319288     INFO  main            d.u.i.k.p.i.AbstractProblemLoader Replaying proof simplify2.key 
319289     DEBUG main            d.u.i.k.p.i.IntermediateProofReplayer Proof replay took 2.4ns 
319391     INFO  main            d.u.i.k.p.r.p.TestFile    ... finished proof: closed. 
319762     INFO  main            d.u.i.k.p.i.AbstractProblemLoader Loading environment from /home/runner/work/key/key/key.core/../key.ui/examples/standard_key/inEqSimp/simplify2.key.proof 
319762     DEBUG main            d.u.i.k.p.i.AbstractProblemLoader Environment load took 77.3ns 
319763     INFO  main            d.u.i.k.p.i.AbstractProblemLoader Creating init config 
321973     DEBUG main            d.u.i.k.p.i.AbstractProblemLoader Init config took 2.21s 
321986     INFO  main            d.u.i.k.p.i.AbstractProblemLoader Replaying proof simplify2.key.proof 
321997     DEBUG main            d.u.i.k.p.i.IntermediateProofReplayer Proof replay took 9.46ms 
321998     DEBUG main            d.u.i.k.p.r.p.TestFile    ... success: reloaded. 
321998     INFO  main            d.u.i.k.p.r.p.TestFile    Now processing file /home/runner/work/key/key/key.core/../key.ui/examples/standard_key/inEqSimp/simplify3.key 
321999     INFO  main            d.u.i.k.p.i.AbstractProblemLoader Loading environment from /home/runner/work/key/key/key.core/../key.ui/examples/standard_key/inEqSimp/simplify3.key 
321999     DEBUG main            d.u.i.k.p.i.AbstractProblemLoader Environment load took 45.6ns 
321999     INFO  main            d.u.i.k.p.i.AbstractProblemLoader Creating init config 
324244     DEBUG main            d.u.i.k.p.i.AbstractProblemLoader Init config took 2.24s 
324257     INFO  main            d.u.i.k.p.i.AbstractProblemLoader Replaying proof simplify3.key 
324257     DEBUG main            d.u.i.k.p.i.IntermediateProofReplayer Proof replay took 2ns 
324359     INFO  main            d.u.i.k.p.r.p.TestFile    ... finished proof: closed. 
324743     INFO  main            d.u.i.k.p.i.AbstractProblemLoader Loading environment from /home/runner/work/key/key/key.core/../key.ui/examples/standard_key/inEqSimp/simplify3.key.proof 
324743     DEBUG main            d.u.i.k.p.i.AbstractProblemLoader Environment load took 82.8ns 
324744     INFO  main            d.u.i.k.p.i.AbstractProblemLoader Creating init config 
326960     DEBUG main            d.u.i.k.p.i.AbstractProblemLoader Init config took 2.22s 
326973     INFO  main            d.u.i.k.p.i.AbstractProblemLoader Replaying proof simplify3.key.proof 
326976     DEBUG main            d.u.i.k.p.i.IntermediateProofReplayer Proof replay took 1.65ms 
326976     DEBUG main            d.u.i.k.p.r.p.TestFile    ... success: reloaded. 
326977     INFO  main            d.u.i.k.p.r.p.TestFile    Now processing file /home/runner/work/key/key/key.core/../key.ui/examples/standard_key/inEqSimp/simplify4.key 
326977     INFO  main            d.u.i.k.p.i.AbstractProblemLoader Loading environment from /home/runner/work/key/key/key.core/../key.ui/examples/standard_key/inEqSimp/simplify4.key 
326977     DEBUG main            d.u.i.k.p.i.AbstractProblemLoader Environment load took 40.6ns 
326978     INFO  main            d.u.i.k.p.i.AbstractProblemLoader Creating init config 
329236     DEBUG main            d.u.i.k.p.i.AbstractProblemLoader Init config took 2.26s 
329250     INFO  main            d.u.i.k.p.i.AbstractProblemLoader Replaying proof simplify4.key 
329250     DEBUG main            d.u.i.k.p.i.IntermediateProofReplayer Proof replay took 2.3ns 
329352     INFO  main            d.u.i.k.p.r.p.TestFile    ... finished proof: closed. 
329738     INFO  main            d.u.i.k.p.i.AbstractProblemLoader Loading environment from /home/runner/work/key/key/key.core/../key.ui/examples/standard_key/inEqSimp/simplify4.key.proof 
329738     DEBUG main            d.u.i.k.p.i.AbstractProblemLoader Environment load took 78.6ns 
329739     INFO  main            d.u.i.k.p.i.AbstractProblemLoader Creating init config 
331957     DEBUG main            d.u.i.k.p.i.AbstractProblemLoader Init config took 2.22s 
331971     INFO  main            d.u.i.k.p.i.AbstractProblemLoader Replaying proof simplify4.key.proof 
331988     DEBUG main            d.u.i.k.p.i.IntermediateProofReplayer Proof replay took 11.43ms 
331989     DEBUG main            d.u.i.k.p.r.p.TestFile    ... success: reloaded. 
331990     INFO  main            d.u.i.k.p.r.p.TestFile    Now processing file /home/runner/work/key/key/key.core/../key.ui/examples/standard_key/inEqSimp/simplify5.key 
331990     INFO  main            d.u.i.k.p.i.AbstractProblemLoader Loading environment from /home/runner/work/key/key/key.core/../key.ui/examples/standard_key/inEqSimp/simplify5.key 
331990     DEBUG main            d.u.i.k.p.i.AbstractProblemLoader Environment load took 169.2ns 
331991     INFO  main            d.u.i.k.p.i.AbstractProblemLoader Creating init config 
334245     DEBUG main            d.u.i.k.p.i.AbstractProblemLoader Init config took 2.25s 
334258     INFO  main            d.u.i.k.p.i.AbstractProblemLoader Replaying proof simplify5.key 
334259     DEBUG main            d.u.i.k.p.i.IntermediateProofReplayer Proof replay took 2.5ns 
334763     INFO  main            d.u.i.k.p.r.p.TestFile    ... finished proof: closed. 
335186     INFO  main            d.u.i.k.p.i.AbstractProblemLoader Loading environment from /home/runner/work/key/key/key.core/../key.ui/examples/standard_key/inEqSimp/simplify5.key.proof 
335186     DEBUG main            d.u.i.k.p.i.AbstractProblemLoader Environment load took 88.2ns 
335189     INFO  main            d.u.i.k.p.i.AbstractProblemLoader Creating init config 
337397     DEBUG main            d.u.i.k.p.i.AbstractProblemLoader Init config took 2.21s 
337410     INFO  main            d.u.i.k.p.i.AbstractProblemLoader Replaying proof simplify5.key.proof 
337461     DEBUG main            d.u.i.k.p.i.IntermediateProofReplayer Proof replay took 46.62ms 
337462     DEBUG main            d.u.i.k.p.r.p.TestFile    ... success: reloaded. 
337463     INFO  main            d.u.i.k.p.r.p.TestFile    Now processing file /home/runner/work/key/key/key.core/../key.ui/examples/standard_key/inEqSimp/subsumptionExample.key 
337463     INFO  main            d.u.i.k.p.i.AbstractProblemLoader Loading environment from /home/runner/work/key/key/key.core/../key.ui/examples/standard_key/inEqSimp/subsumptionExample.key 
337463     DEBUG main            d.u.i.k.p.i.AbstractProblemLoader Environment load took 72.2ns 
337464     INFO  main            d.u.i.k.p.i.AbstractProblemLoader Creating init config 
339714     DEBUG main            d.u.i.k.p.i.AbstractProblemLoader Init config took 2.25s 
339727     INFO  main            d.u.i.k.p.i.AbstractProblemLoader Replaying proof subsumptionExample.key 
339728     DEBUG main            d.u.i.k.p.i.IntermediateProofReplayer Proof replay took 2.7ns 
339830     INFO  main            d.u.i.k.p.r.p.TestFile    ... finished proof: closed. 
340241     INFO  main            d.u.i.k.p.i.AbstractProblemLoader Loading environment from /home/runner/work/key/key/key.core/../key.ui/examples/standard_key/inEqSimp/subsumptionExample.key.proof 
340241     DEBUG main            d.u.i.k.p.i.AbstractProblemLoader Environment load took 75.5ns 
340242     INFO  main            d.u.i.k.p.i.AbstractProblemLoader Creating init config 
342460     DEBUG main            d.u.i.k.p.i.AbstractProblemLoader Init config took 2.22s 
342473     INFO  main            d.u.i.k.p.i.AbstractProblemLoader Replaying proof subsumptionExample.key.proof 
342475     DEBUG main            d.u.i.k.p.i.IntermediateProofReplayer Proof replay took 711.92ns 
342475     DEBUG main            d.u.i.k.p.r.p.TestFile    ... success: reloaded. 
342476     INFO  main            d.u.i.k.p.r.p.TestFile    Now processing file /home/runner/work/key/key/key.core/../key.ui/examples/standard_key/polySimp/simplify0.key 
342476     INFO  main            d.u.i.k.p.i.AbstractProblemLoader Loading environment from /home/runner/work/key/key/key.core/../key.ui/examples/standard_key/polySimp/simplify0.key 
342476     DEBUG main            d.u.i.k.p.i.AbstractProblemLoader Environment load took 41.4ns 
342477     INFO  main            d.u.i.k.p.i.AbstractProblemLoader Creating init config 
344711     DEBUG main            d.u.i.k.p.i.AbstractProblemLoader Init config took 2.23s 
344726     INFO  main            d.u.i.k.p.i.AbstractProblemLoader Replaying proof simplify0.key 
344727     DEBUG main            d.u.i.k.p.i.IntermediateProofReplayer Proof replay took 2.6ns 
344930     INFO  main            d.u.i.k.p.r.p.TestFile    ... finished proof: closed. 
345320     INFO  main            d.u.i.k.p.i.AbstractProblemLoader Loading environment from /home/runner/work/key/key/key.core/../key.ui/examples/standard_key/polySimp/simplify0.key.proof 
345320     DEBUG main            d.u.i.k.p.i.AbstractProblemLoader Environment load took 97.6ns 
345321     INFO  main            d.u.i.k.p.i.AbstractProblemLoader Creating init config 
347534     DEBUG main            d.u.i.k.p.i.AbstractProblemLoader Init config took 2.21s 
347548     INFO  main            d.u.i.k.p.i.AbstractProblemLoader Replaying proof simplify0.key.proof 
347566     DEBUG main            d.u.i.k.p.i.IntermediateProofReplayer Proof replay took 13.49ms 
347567     DEBUG main            d.u.i.k.p.r.p.TestFile    ... success: reloaded. 
347568     INFO  main            d.u.i.k.p.r.p.TestFile    Now processing file /home/runner/work/key/key/key.core/../key.ui/examples/standard_key/polySimp/simplify1.key 
347569     INFO  main            d.u.i.k.p.i.AbstractProblemLoader Loading environment from /home/runner/work/key/key/key.core/../key.ui/examples/standard_key/polySimp/simplify1.key 
347569     DEBUG main            d.u.i.k.p.i.AbstractProblemLoader Environment load took 146.7ns 
347570     INFO  main            d.u.i.k.p.i.AbstractProblemLoader Creating init config 
349810     DEBUG main            d.u.i.k.p.i.AbstractProblemLoader Init config took 2.24s 
349823     INFO  main            d.u.i.k.p.i.AbstractProblemLoader Replaying proof simplify1.key 
349824     DEBUG main            d.u.i.k.p.i.IntermediateProofReplayer Proof replay took 2.4ns 
350127     INFO  main            d.u.i.k.p.r.p.TestFile    ... finished proof: closed. 
350543     INFO  main            d.u.i.k.p.i.AbstractProblemLoader Loading environment from /home/runner/work/key/key/key.core/../key.ui/examples/standard_key/polySimp/simplify1.key.proof 
350543     DEBUG main            d.u.i.k.p.i.AbstractProblemLoader Environment load took 86.2ns 
350545     INFO  main            d.u.i.k.p.i.AbstractProblemLoader Creating init config 
352770     DEBUG main            d.u.i.k.p.i.AbstractProblemLoader Init config took 2.23s 
352783     INFO  main            d.u.i.k.p.i.AbstractProblemLoader Replaying proof simplify1.key.proof 
352804     DEBUG main            d.u.i.k.p.i.IntermediateProofReplayer Proof replay took 19.04ms 
352805     DEBUG main            d.u.i.k.p.r.p.TestFile    ... success: reloaded. 
352806     INFO  main            d.u.i.k.p.r.p.TestFile    Now processing file /home/runner/work/key/key/key.core/../key.ui/examples/standard_key/polySimp/simplify10.key 
352806     INFO  main            d.u.i.k.p.i.AbstractProblemLoader Loading environment from /home/runner/work/key/key/key.core/../key.ui/examples/standard_key/polySimp/simplify10.key 
352806     DEBUG main            d.u.i.k.p.i.AbstractProblemLoader Environment load took 43.3ns 
352807     INFO  main            d.u.i.k.p.i.AbstractProblemLoader Creating init config 
355073     DEBUG main            d.u.i.k.p.i.AbstractProblemLoader Init config took 2.27s 
355087     INFO  main            d.u.i.k.p.i.AbstractProblemLoader Replaying proof simplify10.key 
355088     DEBUG main            d.u.i.k.p.i.IntermediateProofReplayer Proof replay took 3ns 
355291     INFO  main            d.u.i.k.p.r.p.TestFile    ... finished proof: closed. 
355738     INFO  main            d.u.i.k.p.i.AbstractProblemLoader Loading environment from /home/runner/work/key/key/key.core/../key.ui/examples/standard_key/polySimp/simplify10.key.proof 
355738     DEBUG main            d.u.i.k.p.i.AbstractProblemLoader Environment load took 193.4ns 
355739     INFO  main            d.u.i.k.p.i.AbstractProblemLoader Creating init config 
357958     DEBUG main            d.u.i.k.p.i.AbstractProblemLoader Init config took 2.22s 
357974     INFO  main            d.u.i.k.p.i.AbstractProblemLoader Replaying proof simplify10.key.proof 
358002     DEBUG main            d.u.i.k.p.i.IntermediateProofReplayer Proof replay took 26.48ms 
358003     DEBUG main            d.u.i.k.p.r.p.TestFile    ... success: reloaded. 
358004     INFO  main            d.u.i.k.p.r.p.TestFile    Now processing file /home/runner/work/key/key/key.core/../key.ui/examples/standard_key/polySimp/simplify11.key 
358004     INFO  main            d.u.i.k.p.i.AbstractProblemLoader Loading environment from /home/runner/work/key/key/key.core/../key.ui/examples/standard_key/polySimp/simplify11.key 
358004     DEBUG main            d.u.i.k.p.i.AbstractProblemLoader Environment load took 50.1ns 
358005     INFO  main            d.u.i.k.p.i.AbstractProblemLoader Creating init config 
360275     DEBUG main            d.u.i.k.p.i.AbstractProblemLoader Init config took 2.27s 
360288     INFO  main            d.u.i.k.p.i.AbstractProblemLoader Replaying proof simplify11.key 
360289     DEBUG main            d.u.i.k.p.i.IntermediateProofReplayer Proof replay took 2.5ns 
360493     INFO  main            d.u.i.k.p.r.p.TestFile    ... finished proof: closed. 
360932     INFO  main            d.u.i.k.p.i.AbstractProblemLoader Loading environment from /home/runner/work/key/key/key.core/../key.ui/examples/standard_key/polySimp/simplify11.key.proof 
360932     DEBUG main            d.u.i.k.p.i.AbstractProblemLoader Environment load took 106.1ns 
360934     INFO  main            d.u.i.k.p.i.AbstractProblemLoader Creating init config 
363158     DEBUG main            d.u.i.k.p.i.AbstractProblemLoader Init config took 2.22s 
363172     INFO  main            d.u.i.k.p.i.AbstractProblemLoader Replaying proof simplify11.key.proof 
363191     DEBUG main            d.u.i.k.p.i.IntermediateProofReplayer Proof replay took 17.07ms 
363192     DEBUG main            d.u.i.k.p.r.p.TestFile    ... success: reloaded. 
363193     INFO  main            d.u.i.k.p.r.p.TestFile    Now processing file /home/runner/work/key/key/key.core/../key.ui/examples/standard_key/polySimp/simplify12.key 
363193     INFO  main            d.u.i.k.p.i.AbstractProblemLoader Loading environment from /home/runner/work/key/key/key.core/../key.ui/examples/standard_key/polySimp/simplify12.key 
363193     DEBUG main            d.u.i.k.p.i.AbstractProblemLoader Environment load took 44.6ns 
363194     INFO  main            d.u.i.k.p.i.AbstractProblemLoader Creating init config 
365457     DEBUG main            d.u.i.k.p.i.AbstractProblemLoader Init config took 2.26s 
365470     INFO  main            d.u.i.k.p.i.AbstractProblemLoader Replaying proof simplify12.key 
365471     DEBUG main            d.u.i.k.p.i.IntermediateProofReplayer Proof replay took 2.7ns 
365573     INFO  main            d.u.i.k.p.r.p.TestFile    ... finished proof: closed. 
365996     INFO  main            d.u.i.k.p.i.AbstractProblemLoader Loading environment from /home/runner/work/key/key/key.core/../key.ui/examples/standard_key/polySimp/simplify12.key.proof 
365996     DEBUG main            d.u.i.k.p.i.AbstractProblemLoader Environment load took 83ns 
365997     INFO  main            d.u.i.k.p.i.AbstractProblemLoader Creating init config 
368207     DEBUG main            d.u.i.k.p.i.AbstractProblemLoader Init config took 2.21s 
368220     INFO  main            d.u.i.k.p.i.AbstractProblemLoader Replaying proof simplify12.key.proof 
368230     DEBUG main            d.u.i.k.p.i.IntermediateProofReplayer Proof replay took 7.97ms 
368230     DEBUG main            d.u.i.k.p.r.p.TestFile    ... success: reloaded. 
368231     INFO  main            d.u.i.k.p.r.p.TestFile    Now processing file /home/runner/work/key/key/key.core/../key.ui/examples/standard_key/polySimp/simplify13.key 
368231     INFO  main            d.u.i.k.p.i.AbstractProblemLoader Loading environment from /home/runner/work/key/key/key.core/../key.ui/examples/standard_key/polySimp/simplify13.key 
368231     DEBUG main            d.u.i.k.p.i.AbstractProblemLoader Environment load took 45.6ns 
368232     INFO  main            d.u.i.k.p.i.AbstractProblemLoader Creating init config 
370499     DEBUG main            d.u.i.k.p.i.AbstractProblemLoader Init config took 2.27s 
370512     INFO  main            d.u.i.k.p.i.AbstractProblemLoader Replaying proof simplify13.key 
370513     DEBUG main            d.u.i.k.p.i.IntermediateProofReplayer Proof replay took 2.6ns 
370615     INFO  main            d.u.i.k.p.r.p.TestFile    ... finished proof: closed. 
371045     INFO  main            d.u.i.k.p.i.AbstractProblemLoader Loading environment from /home/runner/work/key/key/key.core/../key.ui/examples/standard_key/polySimp/simplify13.key.proof 
371045     DEBUG main            d.u.i.k.p.i.AbstractProblemLoader Environment load took 83.6ns 
371047     INFO  main            d.u.i.k.p.i.AbstractProblemLoader Creating init config 
373276     DEBUG main            d.u.i.k.p.i.AbstractProblemLoader Init config took 2.23s 
373290     INFO  main            d.u.i.k.p.i.AbstractProblemLoader Replaying proof simplify13.key.proof 
373296     DEBUG main            d.u.i.k.p.i.IntermediateProofReplayer Proof replay took 4.65ms 
373297     DEBUG main            d.u.i.k.p.r.p.TestFile    ... success: reloaded. 
373297     INFO  main            d.u.i.k.p.r.p.TestFile    Now processing file /home/runner/work/key/key/key.core/../key.ui/examples/standard_key/polySimp/simplify14.key 
373297     INFO  main            d.u.i.k.p.i.AbstractProblemLoader Loading environment from /home/runner/work/key/key/key.core/../key.ui/examples/standard_key/polySimp/simplify14.key 
373297     DEBUG main            d.u.i.k.p.i.AbstractProblemLoader Environment load took 43.6ns 
373298     INFO  main            d.u.i.k.p.i.AbstractProblemLoader Creating init config 
375554     DEBUG main            d.u.i.k.p.i.AbstractProblemLoader Init config took 2.26s 
375568     INFO  main            d.u.i.k.p.i.AbstractProblemLoader Replaying proof simplify14.key 
375568     DEBUG main            d.u.i.k.p.i.IntermediateProofReplayer Proof replay took 2.3ns 
375670     INFO  main            d.u.i.k.p.r.p.TestFile    ... finished proof: closed. 
376097     INFO  main            d.u.i.k.p.i.AbstractProblemLoader Loading environment from /home/runner/work/key/key/key.core/../key.ui/examples/standard_key/polySimp/simplify14.key.proof 
376097     DEBUG main            d.u.i.k.p.i.AbstractProblemLoader Environment load took 78.9ns 
376098     INFO  main            d.u.i.k.p.i.AbstractProblemLoader Creating init config 
378317     DEBUG main            d.u.i.k.p.i.AbstractProblemLoader Init config took 2.22s 
378331     INFO  main            d.u.i.k.p.i.AbstractProblemLoader Replaying proof simplify14.key.proof 
378335     DEBUG main            d.u.i.k.p.i.IntermediateProofReplayer Proof replay took 1.26ms 
378335     DEBUG main            d.u.i.k.p.r.p.TestFile    ... success: reloaded. 
378336     INFO  main            d.u.i.k.p.r.p.TestFile    Now processing file /home/runner/work/key/key/key.core/../key.ui/examples/standard_key/polySimp/simplify15.key 
378336     INFO  main            d.u.i.k.p.i.AbstractProblemLoader Loading environment from /home/runner/work/key/key/key.core/../key.ui/examples/standard_key/polySimp/simplify15.key 
378336     DEBUG main            d.u.i.k.p.i.AbstractProblemLoader Environment load took 42.9ns 
378338     INFO  main            d.u.i.k.p.i.AbstractProblemLoader Creating init config 
380603     DEBUG main            d.u.i.k.p.i.AbstractProblemLoader Init config took 2.27s 
380616     INFO  main            d.u.i.k.p.i.AbstractProblemLoader Replaying proof simplify15.key 
380617     DEBUG main            d.u.i.k.p.i.IntermediateProofReplayer Proof replay took 2.8ns 
380719     INFO  main            d.u.i.k.p.r.p.TestFile    ... finished proof: closed. 
381145     INFO  main            d.u.i.k.p.i.AbstractProblemLoader Loading environment from /home/runner/work/key/key/key.core/../key.ui/examples/standard_key/polySimp/simplify15.key.proof 
381145     DEBUG main            d.u.i.k.p.i.AbstractProblemLoader Environment load took 78.1ns 
381146     INFO  main            d.u.i.k.p.i.AbstractProblemLoader Creating init config 
383358     DEBUG main            d.u.i.k.p.i.AbstractProblemLoader Init config took 2.21s 
383371     INFO  main            d.u.i.k.p.i.AbstractProblemLoader Replaying proof simplify15.key.proof 
383373     DEBUG main            d.u.i.k.p.i.IntermediateProofReplayer Proof replay took 644.01ns 
383373     DEBUG main            d.u.i.k.p.r.p.TestFile    ... success: reloaded. 
383374     INFO  main            d.u.i.k.p.r.p.TestFile    Now processing file /home/runner/work/key/key/key.core/../key.ui/examples/standard_key/polySimp/simplify16.key 
383374     INFO  main            d.u.i.k.p.i.AbstractProblemLoader Loading environment from /home/runner/work/key/key/key.core/../key.ui/examples/standard_key/polySimp/simplify16.key 
383374     DEBUG main            d.u.i.k.p.i.AbstractProblemLoader Environment load took 62.7ns 
383375     INFO  main            d.u.i.k.p.i.AbstractProblemLoader Creating init config 
385631     DEBUG main            d.u.i.k.p.i.AbstractProblemLoader Init config took 2.26s 
385644     INFO  main            d.u.i.k.p.i.AbstractProblemLoader Replaying proof simplify16.key 
385645     DEBUG main            d.u.i.k.p.i.IntermediateProofReplayer Proof replay took 2.7ns 
385750     INFO  main            d.u.i.k.p.r.p.TestFile    ... finished proof: closed. 
386188     INFO  main            d.u.i.k.p.i.AbstractProblemLoader Loading environment from /home/runner/work/key/key/key.core/../key.ui/examples/standard_key/polySimp/simplify16.key.proof 
386188     DEBUG main            d.u.i.k.p.i.AbstractProblemLoader Environment load took 88.2ns 
386189     INFO  main            d.u.i.k.p.i.AbstractProblemLoader Creating init config 
388391     DEBUG main            d.u.i.k.p.i.AbstractProblemLoader Init config took 2.2s 
388403     INFO  main            d.u.i.k.p.i.AbstractProblemLoader Replaying proof simplify16.key.proof 
388405     DEBUG main            d.u.i.k.p.i.IntermediateProofReplayer Proof replay took 451.51ns 
388405     DEBUG main            d.u.i.k.p.r.p.TestFile    ... success: reloaded. 
388406     INFO  main            d.u.i.k.p.r.p.TestFile    Now processing file /home/runner/work/key/key/key.core/../key.ui/examples/standard_key/polySimp/simplify17.key 
388406     INFO  main            d.u.i.k.p.i.AbstractProblemLoader Loading environment from /home/runner/work/key/key/key.core/../key.ui/examples/standard_key/polySimp/simplify17.key 
388406     DEBUG main            d.u.i.k.p.i.AbstractProblemLoader Environment load took 41.3ns 
388407     INFO  main            d.u.i.k.p.i.AbstractProblemLoader Creating init config 
390658     DEBUG main            d.u.i.k.p.i.AbstractProblemLoader Init config took 2.25s 
390670     INFO  main            d.u.i.k.p.i.AbstractProblemLoader Replaying proof simplify17.key 
390671     DEBUG main            d.u.i.k.p.i.IntermediateProofReplayer Proof replay took 3.2ns 
390774     INFO  main            d.u.i.k.p.r.p.TestFile    ... finished proof: closed. 
391223     INFO  main            d.u.i.k.p.i.AbstractProblemLoader Loading environment from /home/runner/work/key/key/key.core/../key.ui/examples/standard_key/polySimp/simplify17.key.proof 
391223     DEBUG main            d.u.i.k.p.i.AbstractProblemLoader Environment load took 80.6ns 
391224     INFO  main            d.u.i.k.p.i.AbstractProblemLoader Creating init config 
393449     DEBUG main            d.u.i.k.p.i.AbstractProblemLoader Init config took 2.22s 
393462     INFO  main            d.u.i.k.p.i.AbstractProblemLoader Replaying proof simplify17.key.proof 
393468     DEBUG main            d.u.i.k.p.i.IntermediateProofReplayer Proof replay took 4.87ms 
393469     DEBUG main            d.u.i.k.p.r.p.TestFile    ... success: reloaded. 
393469     INFO  main            d.u.i.k.p.r.p.TestFile    Now processing file /home/runner/work/key/key/key.core/../key.ui/examples/standard_key/polySimp/simplify18.key 
393469     INFO  main            d.u.i.k.p.i.AbstractProblemLoader Loading environment from /home/runner/work/key/key/key.core/../key.ui/examples/standard_key/polySimp/simplify18.key 
393469     DEBUG main            d.u.i.k.p.i.AbstractProblemLoader Environment load took 42.7ns 
393470     INFO  main            d.u.i.k.p.i.AbstractProblemLoader Creating init config 
395755     DEBUG main            d.u.i.k.p.i.AbstractProblemLoader Init config took 2.29s 
395769     INFO  main            d.u.i.k.p.i.AbstractProblemLoader Replaying proof simplify18.key 
395770     DEBUG main            d.u.i.k.p.i.IntermediateProofReplayer Proof replay took 2.5ns 
395975     INFO  main            d.u.i.k.p.r.p.TestFile    ... finished proof: closed. 
396424     INFO  main            d.u.i.k.p.i.AbstractProblemLoader Loading environment from /home/runner/work/key/key/key.core/../key.ui/examples/standard_key/polySimp/simplify18.key.proof 
396424     DEBUG main            d.u.i.k.p.i.AbstractProblemLoader Environment load took 85.2ns 
396425     INFO  main            d.u.i.k.p.i.AbstractProblemLoader Creating init config 
398639     DEBUG main            d.u.i.k.p.i.AbstractProblemLoader Init config took 2.21s 
398662     INFO  main            d.u.i.k.p.i.AbstractProblemLoader Replaying proof simplify18.key.proof 
398677     DEBUG main            d.u.i.k.p.i.IntermediateProofReplayer Proof replay took 12.7ms 
398678     DEBUG main            d.u.i.k.p.r.p.TestFile    ... success: reloaded. 
398678     INFO  main            d.u.i.k.p.r.p.TestFile    Now processing file /home/runner/work/key/key/key.core/../key.ui/examples/standard_key/polySimp/simplify19.key 
398678     INFO  main            d.u.i.k.p.i.AbstractProblemLoader Loading environment from /home/runner/work/key/key/key.core/../key.ui/examples/standard_key/polySimp/simplify19.key 
398678     DEBUG main            d.u.i.k.p.i.AbstractProblemLoader Environment load took 76.8ns 
398679     INFO  main            d.u.i.k.p.i.AbstractProblemLoader Creating init config 
400967     DEBUG main            d.u.i.k.p.i.AbstractProblemLoader Init config took 2.29s 
400980     INFO  main            d.u.i.k.p.i.AbstractProblemLoader Replaying proof simplify19.key 
400981     DEBUG main            d.u.i.k.p.i.IntermediateProofReplayer Proof replay took 2.6ns 
403890     INFO  main            d.u.i.k.p.r.p.TestFile    ... finished proof: closed. 
404393     INFO  main            d.u.i.k.p.i.AbstractProblemLoader Loading environment from /home/runner/work/key/key/key.core/../key.ui/examples/standard_key/polySimp/simplify19.key.proof 
404393     DEBUG main            d.u.i.k.p.i.AbstractProblemLoader Environment load took 88.3ns 
404395     INFO  main            d.u.i.k.p.i.AbstractProblemLoader Creating init config 
406599     DEBUG main            d.u.i.k.p.i.AbstractProblemLoader Init config took 2.2s 
406613     INFO  main            d.u.i.k.p.i.AbstractProblemLoader Replaying proof simplify19.key.proof 
406837     DEBUG main            d.u.i.k.p.i.IntermediateProofReplayer Proof replay took 212.27ms 
406839     DEBUG main            d.u.i.k.p.r.p.TestFile    ... success: reloaded. 
406839     INFO  main            d.u.i.k.p.r.p.TestFile    Now processing file /home/runner/work/key/key/key.core/../key.ui/examples/standard_key/polySimp/simplify2.key 
406840     INFO  main            d.u.i.k.p.i.AbstractProblemLoader Loading environment from /home/runner/work/key/key/key.core/../key.ui/examples/standard_key/polySimp/simplify2.key 
406840     DEBUG main            d.u.i.k.p.i.AbstractProblemLoader Environment load took 364.21ns 
406841     INFO  main            d.u.i.k.p.i.AbstractProblemLoader Creating init config 
409100     DEBUG main            d.u.i.k.p.i.AbstractProblemLoader Init config took 2.26s 
409112     INFO  main            d.u.i.k.p.i.AbstractProblemLoader Replaying proof simplify2.key 
409113     DEBUG main            d.u.i.k.p.i.IntermediateProofReplayer Proof replay took 3ns 
409215     INFO  main            d.u.i.k.p.r.p.TestFile    ... finished proof: closed. 
409711     INFO  main            d.u.i.k.p.i.AbstractProblemLoader Loading environment from /home/runner/work/key/key/key.core/../key.ui/examples/standard_key/polySimp/simplify2.key.proof 
409711     DEBUG main            d.u.i.k.p.i.AbstractProblemLoader Environment load took 78.4ns 
409712     INFO  main            d.u.i.k.p.i.AbstractProblemLoader Creating init config 
411916     DEBUG main            d.u.i.k.p.i.AbstractProblemLoader Init config took 2.2s 
411929     INFO  main            d.u.i.k.p.i.AbstractProblemLoader Replaying proof simplify2.key.proof 
411931     DEBUG main            d.u.i.k.p.i.IntermediateProofReplayer Proof replay took 765.12ns 
411932     DEBUG main            d.u.i.k.p.r.p.TestFile    ... success: reloaded. 
411932     INFO  main            d.u.i.k.p.r.p.TestFile    Now processing file /home/runner/work/key/key/key.core/../key.ui/examples/standard_key/polySimp/simplify20.key 
411932     INFO  main            d.u.i.k.p.i.AbstractProblemLoader Loading environment from /home/runner/work/key/key/key.core/../key.ui/examples/standard_key/polySimp/simplify20.key 
411932     DEBUG main            d.u.i.k.p.i.AbstractProblemLoader Environment load took 41ns 
411933     INFO  main            d.u.i.k.p.i.AbstractProblemLoader Creating init config 
414167     DEBUG main            d.u.i.k.p.i.AbstractProblemLoader Init config took 2.23s 
414180     INFO  main            d.u.i.k.p.i.AbstractProblemLoader Replaying proof simplify20.key 
414181     DEBUG main            d.u.i.k.p.i.IntermediateProofReplayer Proof replay took 2.3ns 
414785     INFO  main            d.u.i.k.p.r.p.TestFile    ... finished proof: closed. 
415292     INFO  main            d.u.i.k.p.i.AbstractProblemLoader Loading environment from /home/runner/work/key/key/key.core/../key.ui/examples/standard_key/polySimp/simplify20.key.proof 
415293     DEBUG main            d.u.i.k.p.i.AbstractProblemLoader Environment load took 384.21ns 
415294     INFO  main            d.u.i.k.p.i.AbstractProblemLoader Creating init config 
417493     DEBUG main            d.u.i.k.p.i.AbstractProblemLoader Init config took 2.2s 
417507     INFO  main            d.u.i.k.p.i.AbstractProblemLoader Replaying proof simplify20.key.proof 
417582     DEBUG main            d.u.i.k.p.i.IntermediateProofReplayer Proof replay took 71.21ms 
417584     DEBUG main            d.u.i.k.p.r.p.TestFile    ... success: reloaded. 
417585     INFO  main            d.u.i.k.p.r.p.TestFile    Now processing file /home/runner/work/key/key/key.core/../key.ui/examples/standard_key/polySimp/simplify21.key 
417585     INFO  main            d.u.i.k.p.i.AbstractProblemLoader Loading environment from /home/runner/work/key/key/key.core/../key.ui/examples/standard_key/polySimp/simplify21.key 
417585     DEBUG main            d.u.i.k.p.i.AbstractProblemLoader Environment load took 121.2ns 
417588     INFO  main            d.u.i.k.p.i.AbstractProblemLoader Creating init config 
419833     DEBUG main            d.u.i.k.p.i.AbstractProblemLoader Init config took 2.25s 
419847     INFO  main            d.u.i.k.p.i.AbstractProblemLoader Replaying proof simplify21.key 
419848     DEBUG main            d.u.i.k.p.i.IntermediateProofReplayer Proof replay took 3ns 
420453     INFO  main            d.u.i.k.p.r.p.TestFile    ... finished proof: closed. 
420981     INFO  main            d.u.i.k.p.i.AbstractProblemLoader Loading environment from /home/runner/work/key/key/key.core/../key.ui/examples/standard_key/polySimp/simplify21.key.proof 
420981     DEBUG main            d.u.i.k.p.i.AbstractProblemLoader Environment load took 320.31ns 
420983     INFO  main            d.u.i.k.p.i.AbstractProblemLoader Creating init config 
423201     DEBUG main            d.u.i.k.p.i.AbstractProblemLoader Init config took 2.22s 
423217     INFO  main            d.u.i.k.p.i.AbstractProblemLoader Replaying proof simplify21.key.proof 
423264     DEBUG main            d.u.i.k.p.i.IntermediateProofReplayer Proof replay took 42.83ms 
423266     DEBUG main            d.u.i.k.p.r.p.TestFile    ... success: reloaded. 
423266     INFO  main            d.u.i.k.p.r.p.TestFile    Now processing file /home/runner/work/key/key/key.core/../key.ui/examples/standard_key/polySimp/simplify22.key 
423266     INFO  main            d.u.i.k.p.i.AbstractProblemLoader Loading environment from /home/runner/work/key/key/key.core/../key.ui/examples/standard_key/polySimp/simplify22.key 
423266     DEBUG main            d.u.i.k.p.i.AbstractProblemLoader Environment load took 46.5ns 
423267     INFO  main            d.u.i.k.p.i.AbstractProblemLoader Creating init config 
425510     DEBUG main            d.u.i.k.p.i.AbstractProblemLoader Init config took 2.24s 
425522     INFO  main            d.u.i.k.p.i.AbstractProblemLoader Replaying proof simplify22.key 
425523     DEBUG main            d.u.i.k.p.i.IntermediateProofReplayer Proof replay took 2.8ns 
425626     INFO  main            d.u.i.k.p.r.p.TestFile    ... finished proof: closed. 
426127     INFO  main            d.u.i.k.p.i.AbstractProblemLoader Loading environment from /home/runner/work/key/key/key.core/../key.ui/examples/standard_key/polySimp/simplify22.key.proof 
426127     DEBUG main            d.u.i.k.p.i.AbstractProblemLoader Environment load took 83.7ns 
426128     INFO  main            d.u.i.k.p.i.AbstractProblemLoader Creating init config 
428324     DEBUG main            d.u.i.k.p.i.AbstractProblemLoader Init config took 2.2s 
428337     INFO  main            d.u.i.k.p.i.AbstractProblemLoader Replaying proof simplify22.key.proof 
428340     DEBUG main            d.u.i.k.p.i.IntermediateProofReplayer Proof replay took 2.1ms 
428341     DEBUG main            d.u.i.k.p.r.p.TestFile    ... success: reloaded. 
428341     INFO  main            d.u.i.k.p.r.p.TestFile    Now processing file /home/runner/work/key/key/key.core/../key.ui/examples/standard_key/polySimp/simplify23.key 
428341     INFO  main            d.u.i.k.p.i.AbstractProblemLoader Loading environment from /home/runner/work/key/key/key.core/../key.ui/examples/standard_key/polySimp/simplify23.key 
428341     DEBUG main            d.u.i.k.p.i.AbstractProblemLoader Environment load took 41.6ns 
428342     INFO  main            d.u.i.k.p.i.AbstractProblemLoader Creating init config 
430569     DEBUG main            d.u.i.k.p.i.AbstractProblemLoader Init config took 2.23s 
430582     INFO  main            d.u.i.k.p.i.AbstractProblemLoader Replaying proof simplify23.key 
430583     DEBUG main            d.u.i.k.p.i.IntermediateProofReplayer Proof replay took 3.7ns 
430784     INFO  main            d.u.i.k.p.r.p.TestFile    ... finished proof: closed. 
431258     INFO  main            d.u.i.k.p.i.AbstractProblemLoader Loading environment from /home/runner/work/key/key/key.core/../key.ui/examples/standard_key/polySimp/simplify23.key.proof 
431258     DEBUG main            d.u.i.k.p.i.AbstractProblemLoader Environment load took 89.3ns 
431259     INFO  main            d.u.i.k.p.i.AbstractProblemLoader Creating init config 
433465     DEBUG main            d.u.i.k.p.i.AbstractProblemLoader Init config took 2.21s 
433478     INFO  main            d.u.i.k.p.i.AbstractProblemLoader Replaying proof simplify23.key.proof 
433490     DEBUG main            d.u.i.k.p.i.IntermediateProofReplayer Proof replay took 10.33ms 
433491     DEBUG main            d.u.i.k.p.r.p.TestFile    ... success: reloaded. 
433491     INFO  main            d.u.i.k.p.r.p.TestFile    Now processing file /home/runner/work/key/key/key.core/../key.ui/examples/standard_key/polySimp/simplify24.key 
433492     INFO  main            d.u.i.k.p.i.AbstractProblemLoader Loading environment from /home/runner/work/key/key/key.core/../key.ui/examples/standard_key/polySimp/simplify24.key 
433492     DEBUG main            d.u.i.k.p.i.AbstractProblemLoader Environment load took 42.3ns 
433492     INFO  main            d.u.i.k.p.i.AbstractProblemLoader Creating init config 
435719     DEBUG main            d.u.i.k.p.i.AbstractProblemLoader Init config took 2.23s 
435732     INFO  main            d.u.i.k.p.i.AbstractProblemLoader Replaying proof simplify24.key 
435732     DEBUG main            d.u.i.k.p.i.IntermediateProofReplayer Proof replay took 2.3ns 
435834     INFO  main            d.u.i.k.p.r.p.TestFile    ... finished proof: closed. 
436335     INFO  main            d.u.i.k.p.i.AbstractProblemLoader Loading environment from /home/runner/work/key/key/key.core/../key.ui/examples/standard_key/polySimp/simplify24.key.proof 
436335     DEBUG main            d.u.i.k.p.i.AbstractProblemLoader Environment load took 83ns 
436336     INFO  main            d.u.i.k.p.i.AbstractProblemLoader Creating init config 
438544     DEBUG main            d.u.i.k.p.i.AbstractProblemLoader Init config took 2.21s 
438558     INFO  main            d.u.i.k.p.i.AbstractProblemLoader Replaying proof simplify24.key.proof 
438562     DEBUG main            d.u.i.k.p.i.IntermediateProofReplayer Proof replay took 2.29ms 
438562     DEBUG main            d.u.i.k.p.r.p.TestFile    ... success: reloaded. 
438563     INFO  main            d.u.i.k.p.r.p.TestFile    Now processing file /home/runner/work/key/key/key.core/../key.ui/examples/standard_key/polySimp/simplify25.key 
438563     INFO  main            d.u.i.k.p.i.AbstractProblemLoader Loading environment from /home/runner/work/key/key/key.core/../key.ui/examples/standard_key/polySimp/simplify25.key 
438563     DEBUG main            d.u.i.k.p.i.AbstractProblemLoader Environment load took 73.9ns 
438564     INFO  main            d.u.i.k.p.i.AbstractProblemLoader Creating init config 
440793     DEBUG main            d.u.i.k.p.i.AbstractProblemLoader Init config took 2.23s 
440807     INFO  main            d.u.i.k.p.i.AbstractProblemLoader Replaying proof simplify25.key 
440808     DEBUG main            d.u.i.k.p.i.IntermediateProofReplayer Proof replay took 2.8ns 
440910     INFO  main            d.u.i.k.p.r.p.TestFile    ... finished proof: closed. 
441400     INFO  main            d.u.i.k.p.i.AbstractProblemLoader Loading environment from /home/runner/work/key/key/key.core/../key.ui/examples/standard_key/polySimp/simplify25.key.proof 
441400     DEBUG main            d.u.i.k.p.i.AbstractProblemLoader Environment load took 83.3ns 
441401     INFO  main            d.u.i.k.p.i.AbstractProblemLoader Creating init config 
443597     DEBUG main            d.u.i.k.p.i.AbstractProblemLoader Init config took 2.2s 
443610     INFO  main            d.u.i.k.p.i.AbstractProblemLoader Replaying proof simplify25.key.proof 
443613     DEBUG main            d.u.i.k.p.i.IntermediateProofReplayer Proof replay took 2.3ms 
443614     DEBUG main            d.u.i.k.p.r.p.TestFile    ... success: reloaded. 
443614     INFO  main            d.u.i.k.p.r.p.TestFile    Now processing file /home/runner/work/key/key/key.core/../key.ui/examples/standard_key/polySimp/simplify3.key 
443615     INFO  main            d.u.i.k.p.i.AbstractProblemLoader Loading environment from /home/runner/work/key/key/key.core/../key.ui/examples/standard_key/polySimp/simplify3.key 
443615     DEBUG main            d.u.i.k.p.i.AbstractProblemLoader Environment load took 73.8ns 
443615     INFO  main            d.u.i.k.p.i.AbstractProblemLoader Creating init config 
445835     DEBUG main            d.u.i.k.p.i.AbstractProblemLoader Init config took 2.22s 
445848     INFO  main            d.u.i.k.p.i.AbstractProblemLoader Replaying proof simplify3.key 
445849     DEBUG main            d.u.i.k.p.i.IntermediateProofReplayer Proof replay took 2.4ns 
445950     INFO  main            d.u.i.k.p.r.p.TestFile    ... finished proof: closed. 
446447     INFO  main            d.u.i.k.p.i.AbstractProblemLoader Loading environment from /home/runner/work/key/key/key.core/../key.ui/examples/standard_key/polySimp/simplify3.key.proof 
446447     DEBUG main            d.u.i.k.p.i.AbstractProblemLoader Environment load took 82.3ns 
446448     INFO  main            d.u.i.k.p.i.AbstractProblemLoader Creating init config 
448639     DEBUG main            d.u.i.k.p.i.AbstractProblemLoader Init config took 2.19s 
448652     INFO  main            d.u.i.k.p.i.AbstractProblemLoader Replaying proof simplify3.key.proof 
448654     DEBUG main            d.u.i.k.p.i.IntermediateProofReplayer Proof replay took 780.32ns 
448655     DEBUG main            d.u.i.k.p.r.p.TestFile    ... success: reloaded. 
448655     INFO  main            d.u.i.k.p.r.p.TestFile    Now processing file /home/runner/work/key/key/key.core/../key.ui/examples/standard_key/polySimp/simplify4.key 
448655     INFO  main            d.u.i.k.p.i.AbstractProblemLoader Loading environment from /home/runner/work/key/key/key.core/../key.ui/examples/standard_key/polySimp/simplify4.key 
448655     DEBUG main            d.u.i.k.p.i.AbstractProblemLoader Environment load took 42.8ns 
448656     INFO  main            d.u.i.k.p.i.AbstractProblemLoader Creating init config 
450899     DEBUG main            d.u.i.k.p.i.AbstractProblemLoader Init config took 2.24s 
450912     INFO  main            d.u.i.k.p.i.AbstractProblemLoader Replaying proof simplify4.key 
450913     DEBUG main            d.u.i.k.p.i.IntermediateProofReplayer Proof replay took 3ns 
451015     INFO  main            d.u.i.k.p.r.p.TestFile    ... finished proof: closed. 
451529     INFO  main            d.u.i.k.p.i.AbstractProblemLoader Loading environment from /home/runner/work/key/key/key.core/../key.ui/examples/standard_key/polySimp/simplify4.key.proof 
451529     DEBUG main            d.u.i.k.p.i.AbstractProblemLoader Environment load took 81.9ns 
451530     INFO  main            d.u.i.k.p.i.AbstractProblemLoader Creating init config 
453735     DEBUG main            d.u.i.k.p.i.AbstractProblemLoader Init config took 2.2s 
453747     INFO  main            d.u.i.k.p.i.AbstractProblemLoader Replaying proof simplify4.key.proof 
453750     DEBUG main            d.u.i.k.p.i.IntermediateProofReplayer Proof replay took 1.01ms 
453750     DEBUG main            d.u.i.k.p.r.p.TestFile    ... success: reloaded. 
453750     INFO  main            d.u.i.k.p.r.p.TestFile    Now processing file /home/runner/work/key/key/key.core/../key.ui/examples/standard_key/polySimp/simplify5.key 
453751     INFO  main            d.u.i.k.p.i.AbstractProblemLoader Loading environment from /home/runner/work/key/key/key.core/../key.ui/examples/standard_key/polySimp/simplify5.key 
453751     DEBUG main            d.u.i.k.p.i.AbstractProblemLoader Environment load took 60.5ns 
453752     INFO  main            d.u.i.k.p.i.AbstractProblemLoader Creating init config 
455988     DEBUG main            d.u.i.k.p.i.AbstractProblemLoader Init config took 2.24s 
456001     INFO  main            d.u.i.k.p.i.AbstractProblemLoader Replaying proof simplify5.key 
456002     DEBUG main            d.u.i.k.p.i.IntermediateProofReplayer Proof replay took 2.9ns 
456103     INFO  main            d.u.i.k.p.r.p.TestFile    ... finished proof: closed. 
456618     INFO  main            d.u.i.k.p.i.AbstractProblemLoader Loading environment from /home/runner/work/key/key/key.core/../key.ui/examples/standard_key/polySimp/simplify5.key.proof 
456618     DEBUG main            d.u.i.k.p.i.AbstractProblemLoader Environment load took 80.7ns 
456619     INFO  main            d.u.i.k.p.i.AbstractProblemLoader Creating init config 
458835     DEBUG main            d.u.i.k.p.i.AbstractProblemLoader Init config took 2.22s 
458849     INFO  main            d.u.i.k.p.i.AbstractProblemLoader Replaying proof simplify5.key.proof 
458855     DEBUG main            d.u.i.k.p.i.IntermediateProofReplayer Proof replay took 5.25ms 
458856     DEBUG main            d.u.i.k.p.r.p.TestFile    ... success: reloaded. 
458856     INFO  main            d.u.i.k.p.r.p.TestFile    Now processing file /home/runner/work/key/key/key.core/../key.ui/examples/standard_key/polySimp/simplify6.key 
458857     INFO  main            d.u.i.k.p.i.AbstractProblemLoader Loading environment from /home/runner/work/key/key/key.core/../key.ui/examples/standard_key/polySimp/simplify6.key 
458857     DEBUG main            d.u.i.k.p.i.AbstractProblemLoader Environment load took 39.5ns 
458857     INFO  main            d.u.i.k.p.i.AbstractProblemLoader Creating init config 
461093     DEBUG main            d.u.i.k.p.i.AbstractProblemLoader Init config took 2.24s 
461107     INFO  main            d.u.i.k.p.i.AbstractProblemLoader Replaying proof simplify6.key 
461108     DEBUG main            d.u.i.k.p.i.IntermediateProofReplayer Proof replay took 3.1ns 
461209     INFO  main            d.u.i.k.p.r.p.TestFile    ... finished proof: closed. 
461719     INFO  main            d.u.i.k.p.i.AbstractProblemLoader Loading environment from /home/runner/work/key/key/key.core/../key.ui/examples/standard_key/polySimp/simplify6.key.proof 
461719     DEBUG main            d.u.i.k.p.i.AbstractProblemLoader Environment load took 79.1ns 
461720     INFO  main            d.u.i.k.p.i.AbstractProblemLoader Creating init config 
463917     DEBUG main            d.u.i.k.p.i.AbstractProblemLoader Init config took 2.2s 
463930     INFO  main            d.u.i.k.p.i.AbstractProblemLoader Replaying proof simplify6.key.proof 
463932     DEBUG main            d.u.i.k.p.i.IntermediateProofReplayer Proof replay took 324.71ns 
463932     DEBUG main            d.u.i.k.p.r.p.TestFile    ... success: reloaded. 
463932     INFO  main            d.u.i.k.p.r.p.TestFile    Now processing file /home/runner/work/key/key/key.core/../key.ui/examples/standard_key/polySimp/simplify7.key 
463933     INFO  main            d.u.i.k.p.i.AbstractProblemLoader Loading environment from /home/runner/work/key/key/key.core/../key.ui/examples/standard_key/polySimp/simplify7.key 
463933     DEBUG main            d.u.i.k.p.i.AbstractProblemLoader Environment load took 41.9ns 
463933     INFO  main            d.u.i.k.p.i.AbstractProblemLoader Creating init config 
466156     DEBUG main            d.u.i.k.p.i.AbstractProblemLoader Init config took 2.22s 
466169     INFO  main            d.u.i.k.p.i.AbstractProblemLoader Replaying proof simplify7.key 
466170     DEBUG main            d.u.i.k.p.i.IntermediateProofReplayer Proof replay took 2.8ns 
466272     INFO  main            d.u.i.k.p.r.p.TestFile    ... finished proof: closed. 
466794     INFO  main            d.u.i.k.p.i.AbstractProblemLoader Loading environment from /home/runner/work/key/key/key.core/../key.ui/examples/standard_key/polySimp/simplify7.key.proof 
466794     DEBUG main            d.u.i.k.p.i.AbstractProblemLoader Environment load took 79.2ns 
466795     INFO  main            d.u.i.k.p.i.AbstractProblemLoader Creating init config 
468998     DEBUG main            d.u.i.k.p.i.AbstractProblemLoader Init config took 2.2s 
469011     INFO  main            d.u.i.k.p.i.AbstractProblemLoader Replaying proof simplify7.key.proof 
469013     DEBUG main            d.u.i.k.p.i.IntermediateProofReplayer Proof replay took 546.21ns 
469014     DEBUG main            d.u.i.k.p.r.p.TestFile    ... success: reloaded. 
469014     INFO  main            d.u.i.k.p.r.p.TestFile    Now processing file /home/runner/work/key/key/key.core/../key.ui/examples/standard_key/polySimp/simplify8.key 
469014     INFO  main            d.u.i.k.p.i.AbstractProblemLoader Loading environment from /home/runner/work/key/key/key.core/../key.ui/examples/standard_key/polySimp/simplify8.key 
469014     DEBUG main            d.u.i.k.p.i.AbstractProblemLoader Environment load took 42.1ns 
469017     INFO  main            d.u.i.k.p.i.AbstractProblemLoader Creating init config 
471242     DEBUG main            d.u.i.k.p.i.AbstractProblemLoader Init config took 2.22s 
471255     INFO  main            d.u.i.k.p.i.AbstractProblemLoader Replaying proof simplify8.key 
471256     DEBUG main            d.u.i.k.p.i.IntermediateProofReplayer Proof replay took 2.9ns 
474981     INFO  main            d.u.i.k.p.r.p.TestFile    ... finished proof: closed. 
475534     INFO  main            d.u.i.k.p.i.AbstractProblemLoader Loading environment from /home/runner/work/key/key/key.core/../key.ui/examples/standard_key/polySimp/simplify8.key.proof 
475534     DEBUG main            d.u.i.k.p.i.AbstractProblemLoader Environment load took 84.2ns 
475536     INFO  main            d.u.i.k.p.i.AbstractProblemLoader Creating init config 
477749     DEBUG main            d.u.i.k.p.i.AbstractProblemLoader Init config took 2.21s 
477765     INFO  main            d.u.i.k.p.i.AbstractProblemLoader Replaying proof simplify8.key.proof 
477929     DEBUG main            d.u.i.k.p.i.IntermediateProofReplayer Proof replay took 159.79ms 
477931     DEBUG main            d.u.i.k.p.r.p.TestFile    ... success: reloaded. 
477931     INFO  main            d.u.i.k.p.r.p.TestFile    Now processing file /home/runner/work/key/key/key.core/../key.ui/examples/standard_key/polySimp/simplify9.key 
477932     INFO  main            d.u.i.k.p.i.AbstractProblemLoader Loading environment from /home/runner/work/key/key/key.core/../key.ui/examples/standard_key/polySimp/simplify9.key 
477932     DEBUG main            d.u.i.k.p.i.AbstractProblemLoader Environment load took 45.5ns 
477933     INFO  main            d.u.i.k.p.i.AbstractProblemLoader Creating init config 
480210     DEBUG main            d.u.i.k.p.i.AbstractProblemLoader Init config took 2.28s 
480245     INFO  main            d.u.i.k.p.i.AbstractProblemLoader Replaying proof simplify9.key 
480246     DEBUG main            d.u.i.k.p.i.IntermediateProofReplayer Proof replay took 2.5ns 
480448     INFO  main            d.u.i.k.p.r.p.TestFile    ... finished proof: closed. 
481029     INFO  main            d.u.i.k.p.i.AbstractProblemLoader Loading environment from /home/runner/work/key/key/key.core/../key.ui/examples/standard_key/polySimp/simplify9.key.proof 
481029     DEBUG main            d.u.i.k.p.i.AbstractProblemLoader Environment load took 80.8ns 
481030     INFO  main            d.u.i.k.p.i.AbstractProblemLoader Creating init config 
483223     DEBUG main            d.u.i.k.p.i.AbstractProblemLoader Init config took 2.19s 
483237     INFO  main            d.u.i.k.p.i.AbstractProblemLoader Replaying proof simplify9.key.proof 
483247     DEBUG main            d.u.i.k.p.i.IntermediateProofReplayer Proof replay took 8.62ms 
483248     DEBUG main            d.u.i.k.p.r.p.TestFile    ... success: reloaded. 
2815787    INFO  Test worker     d.u.i.k.p.r.RunAllProofsTestUnit Returning from test arithmetic 
2815788    INFO  Test worker     d.u.i.k.p.r.RunAllProofsTestUnit Running test arrays 
340        INFO  Timeout watchdog d.u.i.k.p.r.p.ForkedTestFileRunner Timeout watcher launched (2000 secs.) 
350        WARN  main            d.u.i.k.s.ProofSettings   The settings in /home/runner/.key/proof-settings.props are *not* read. 
376        INFO  main            d.u.i.k.p.r.p.TestFile    Now processing file /home/runner/work/key/key/key.core/../key.ui/examples/standard_key/arrays/arrayStoreException/array2DimPrim.key 
490        INFO  main            d.u.i.k.p.i.AbstractProblemLoader Loading environment from /home/runner/work/key/key/key.core/../key.ui/examples/standard_key/arrays/arrayStoreException/array2DimPrim.key 
505        DEBUG main            d.u.i.k.p.i.AbstractProblemLoader Environment load took 1.79ms 
759        INFO  main            d.u.i.k.p.i.AbstractProblemLoader Creating init config 
1637       DEBUG main            d.u.i.k.j.TypeConverter   No LDT found for Meta 
1638       DEBUG main            d.u.i.k.j.TypeConverter   No LDT found for Meta 
1639       DEBUG main            d.u.i.k.j.TypeConverter   No LDT found for Meta 
1640       DEBUG main            d.u.i.k.j.TypeConverter   No LDT found for Meta 
3245       DEBUG main            d.u.i.k.j.TypeConverter   No LDT found for JavaBigintExpression 
8082       DEBUG main            d.u.i.k.p.i.AbstractProblemLoader Init config took 7.32s 
8145       INFO  main            d.u.i.k.p.i.AbstractProblemLoader Replaying proof array2DimPrim.key 
8178       DEBUG main            d.u.i.k.p.i.IntermediateProofReplayer Proof replay took 37.4ns 
11644      INFO  main            d.u.i.k.p.r.p.TestFile    ... finished proof: closed. 
11869      INFO  main            d.u.i.k.p.i.AbstractProblemLoader Loading environment from /home/runner/work/key/key/key.core/../key.ui/examples/standard_key/arrays/arrayStoreException/array2DimPrim.key.proof 
11874      DEBUG main            d.u.i.k.p.i.AbstractProblemLoader Environment load took 5.84ms 
11880      INFO  main            d.u.i.k.p.i.AbstractProblemLoader Creating init config 
14539      DEBUG main            d.u.i.k.p.i.AbstractProblemLoader Init config took 2.66s 
14571      INFO  main            d.u.i.k.p.i.AbstractProblemLoader Replaying proof array2DimPrim.key.proof 
15215      DEBUG main            d.u.i.k.p.i.IntermediateProofReplayer Proof replay took 617.19ms 
15228      DEBUG main            d.u.i.k.p.r.p.TestFile    ... success: reloaded. 
15230      INFO  main            d.u.i.k.p.r.p.TestFile    Now processing file /home/runner/work/key/key/key.core/../key.ui/examples/standard_key/arrays/arrayStoreException/arrayStoreKnownDynType.key 
15231      INFO  main            d.u.i.k.p.i.AbstractProblemLoader Loading environment from /home/runner/work/key/key/key.core/../key.ui/examples/standard_key/arrays/arrayStoreException/arrayStoreKnownDynType.key 
15231      DEBUG main            d.u.i.k.p.i.AbstractProblemLoader Environment load took 222.6ns 
15233      INFO  main            d.u.i.k.p.i.AbstractProblemLoader Creating init config 
17814      DEBUG main            d.u.i.k.p.i.AbstractProblemLoader Init config took 2.58s 
17843      INFO  main            d.u.i.k.p.i.AbstractProblemLoader Replaying proof arrayStoreKnownDynType.key 
17846      DEBUG main            d.u.i.k.p.i.IntermediateProofReplayer Proof replay took 6ns 
18149      INFO  main            d.u.i.k.p.r.p.TestFile    ... finished proof: closed. 
18386      INFO  main            d.u.i.k.p.i.AbstractProblemLoader Loading environment from /home/runner/work/key/key/key.core/../key.ui/examples/standard_key/arrays/arrayStoreException/arrayStoreKnownDynType.key.proof 
18387      DEBUG main            d.u.i.k.p.i.AbstractProblemLoader Environment load took 133.4ns 
18388      INFO  main            d.u.i.k.p.i.AbstractProblemLoader Creating init config 
20836      DEBUG main            d.u.i.k.p.i.AbstractProblemLoader Init config took 2.45s 
20861      INFO  main            d.u.i.k.p.i.AbstractProblemLoader Replaying proof arrayStoreKnownDynType.key.proof 
20906      DEBUG main            d.u.i.k.p.i.IntermediateProofReplayer Proof replay took 40.99ms 
20908      DEBUG main            d.u.i.k.p.r.p.TestFile    ... success: reloaded. 
20909      INFO  main            d.u.i.k.p.r.p.TestFile    Now processing file /home/runner/work/key/key/key.core/../key.ui/examples/standard_key/arrays/arrayStoreException/reverseArray.key 
20909      INFO  main            d.u.i.k.p.i.AbstractProblemLoader Loading environment from /home/runner/work/key/key/key.core/../key.ui/examples/standard_key/arrays/arrayStoreException/reverseArray.key 
20909      DEBUG main            d.u.i.k.p.i.AbstractProblemLoader Environment load took 214.81ns 
20911      INFO  main            d.u.i.k.p.i.AbstractProblemLoader Creating init config 
23345      DEBUG main            d.u.i.k.p.i.AbstractProblemLoader Init config took 2.43s 
23367      INFO  main            d.u.i.k.p.i.AbstractProblemLoader Replaying proof reverseArray.key 
23369      DEBUG main            d.u.i.k.p.i.IntermediateProofReplayer Proof replay took 6.3ns 
23874      INFO  main            d.u.i.k.p.r.p.TestFile    ... finished proof: closed. 
24048      INFO  main            d.u.i.k.p.i.AbstractProblemLoader Loading environment from /home/runner/work/key/key/key.core/../key.ui/examples/standard_key/arrays/arrayStoreException/reverseArray.key.proof 
24049      DEBUG main            d.u.i.k.p.i.AbstractProblemLoader Environment load took 409.61ns 
24050      INFO  main            d.u.i.k.p.i.AbstractProblemLoader Creating init config 
26511      DEBUG main            d.u.i.k.p.i.AbstractProblemLoader Init config took 2.46s 
26535      INFO  main            d.u.i.k.p.i.AbstractProblemLoader Replaying proof reverseArray.key.proof 
26679      DEBUG main            d.u.i.k.p.i.IntermediateProofReplayer Proof replay took 137.24ms 
26681      DEBUG main            d.u.i.k.p.r.p.TestFile    ... success: reloaded. 
26682      INFO  main            d.u.i.k.p.r.p.TestFile    Now processing file /home/runner/work/key/key/key.core/../key.ui/examples/standard_key/arrays/arrayStoreException/throwArrayStoreException.key 
26682      INFO  main            d.u.i.k.p.i.AbstractProblemLoader Loading environment from /home/runner/work/key/key/key.core/../key.ui/examples/standard_key/arrays/arrayStoreException/throwArrayStoreException.key 
26683      DEBUG main            d.u.i.k.p.i.AbstractProblemLoader Environment load took 201.6ns 
26684      INFO  main            d.u.i.k.p.i.AbstractProblemLoader Creating init config 
29145      DEBUG main            d.u.i.k.p.i.AbstractProblemLoader Init config took 2.46s 
29166      INFO  main            d.u.i.k.p.i.AbstractProblemLoader Replaying proof throwArrayStoreException.key 
29168      DEBUG main            d.u.i.k.p.i.IntermediateProofReplayer Proof replay took 6.8ns 
29574      INFO  main            d.u.i.k.p.r.p.TestFile    ... finished proof: closed. 
29770      INFO  main            d.u.i.k.p.i.AbstractProblemLoader Loading environment from /home/runner/work/key/key/key.core/../key.ui/examples/standard_key/arrays/arrayStoreException/throwArrayStoreException.key.proof 
29770      DEBUG main            d.u.i.k.p.i.AbstractProblemLoader Environment load took 469.41ns 
29772      INFO  main            d.u.i.k.p.i.AbstractProblemLoader Creating init config 
32181      DEBUG main            d.u.i.k.p.i.AbstractProblemLoader Init config took 2.41s 
32214      INFO  main            d.u.i.k.p.i.AbstractProblemLoader Replaying proof throwArrayStoreException.key.proof 
32308      DEBUG main            d.u.i.k.p.i.IntermediateProofReplayer Proof replay took 88.48ms 
32309      DEBUG main            d.u.i.k.p.r.p.TestFile    ... success: reloaded. 
32310      INFO  main            d.u.i.k.p.r.p.TestFile    Now processing file /home/runner/work/key/key/key.core/../key.ui/examples/standard_key/arrays/creation/arrayCreation1.key 
32310      INFO  main            d.u.i.k.p.i.AbstractProblemLoader Loading environment from /home/runner/work/key/key/key.core/../key.ui/examples/standard_key/arrays/creation/arrayCreation1.key 
32311      DEBUG main            d.u.i.k.p.i.AbstractProblemLoader Environment load took 211.21ns 
32312      INFO  main            d.u.i.k.p.i.AbstractProblemLoader Creating init config 
34750      DEBUG main            d.u.i.k.p.i.AbstractProblemLoader Init config took 2.44s 
34773      INFO  main            d.u.i.k.p.i.AbstractProblemLoader Replaying proof arrayCreation1.key 
34777      DEBUG main            d.u.i.k.p.i.IntermediateProofReplayer Proof replay took 8.3ns 
34981      INFO  main            d.u.i.k.p.r.p.TestFile    ... finished proof: closed. 
35170      INFO  main            d.u.i.k.p.i.AbstractProblemLoader Loading environment from /home/runner/work/key/key/key.core/../key.ui/examples/standard_key/arrays/creation/arrayCreation1.key.proof 
35171      DEBUG main            d.u.i.k.p.i.AbstractProblemLoader Environment load took 125.4ns 
35172      INFO  main            d.u.i.k.p.i.AbstractProblemLoader Creating init config 
37588      DEBUG main            d.u.i.k.p.i.AbstractProblemLoader Init config took 2.42s 
37611      INFO  main            d.u.i.k.p.i.AbstractProblemLoader Replaying proof arrayCreation1.key.proof 
37639      DEBUG main            d.u.i.k.p.i.IntermediateProofReplayer Proof replay took 25.66ms 
37640      DEBUG main            d.u.i.k.p.r.p.TestFile    ... success: reloaded. 
37641      INFO  main            d.u.i.k.p.r.p.TestFile    Now processing file /home/runner/work/key/key/key.core/../key.ui/examples/standard_key/arrays/arrayStoreException/array2Dim.key 
37641      INFO  main            d.u.i.k.p.i.AbstractProblemLoader Loading environment from /home/runner/work/key/key/key.core/../key.ui/examples/standard_key/arrays/arrayStoreException/array2Dim.key 
37641      DEBUG main            d.u.i.k.p.i.AbstractProblemLoader Environment load took 99.5ns 
37643      INFO  main            d.u.i.k.p.i.AbstractProblemLoader Creating init config 
40068      DEBUG main            d.u.i.k.p.i.AbstractProblemLoader Init config took 2.42s 
40086      INFO  main            d.u.i.k.p.i.AbstractProblemLoader Replaying proof array2Dim.key 
40089      DEBUG main            d.u.i.k.p.i.IntermediateProofReplayer Proof replay took 6.7ns 
43419      INFO  main            d.u.i.k.p.r.p.TestFile    ... finished proof: open goal(s) 
43678      INFO  main            d.u.i.k.p.r.p.TestFile    Now processing file /home/runner/work/key/key/key.core/../key.ui/examples/standard_key/arrays/arrayStoreException/array2DimClose.key 
43678      INFO  main            d.u.i.k.p.i.AbstractProblemLoader Loading environment from /home/runner/work/key/key/key.core/../key.ui/examples/standard_key/arrays/arrayStoreException/array2DimClose.key 
43678      DEBUG main            d.u.i.k.p.i.AbstractProblemLoader Environment load took 66.3ns 
43683      INFO  main            d.u.i.k.p.i.AbstractProblemLoader Creating init config 
45989      DEBUG main            d.u.i.k.p.i.AbstractProblemLoader Init config took 2.31s 
46007      INFO  main            d.u.i.k.p.i.AbstractProblemLoader Replaying proof array2DimClose.key 
46009      DEBUG main            d.u.i.k.p.i.IntermediateProofReplayer Proof replay took 11.7ns 
48243      INFO  main            d.u.i.k.p.r.p.TestFile    ... finished proof: open goal(s) 
48598      INFO  main            d.u.i.k.p.r.p.TestFile    Now processing file /home/runner/work/key/key/key.core/../key.ui/examples/standard_key/arrays/arrayStoreException/throwASEForPrim.key 
48599      INFO  main            d.u.i.k.p.i.AbstractProblemLoader Loading environment from /home/runner/work/key/key/key.core/../key.ui/examples/standard_key/arrays/arrayStoreException/throwASEForPrim.key 
48599      DEBUG main            d.u.i.k.p.i.AbstractProblemLoader Environment load took 108.4ns 
48600      INFO  main            d.u.i.k.p.i.AbstractProblemLoader Creating init config 
50893      DEBUG main            d.u.i.k.p.i.AbstractProblemLoader Init config took 2.29s 
50909      INFO  main            d.u.i.k.p.i.AbstractProblemLoader Replaying proof throwASEForPrim.key 
50911      DEBUG main            d.u.i.k.p.i.IntermediateProofReplayer Proof replay took 6.3ns 
55067      INFO  main            d.u.i.k.p.r.p.TestFile    ... finished proof: open goal(s) 
2871348    INFO  Test worker     d.u.i.k.p.r.RunAllProofsTestUnit Returning from test arrays 
2871349    INFO  Test worker     d.u.i.k.p.r.RunAllProofsTestUnit Running test javadl 
371        INFO  Timeout watchdog d.u.i.k.p.r.p.ForkedTestFileRunner Timeout watcher launched (2000 secs.) 
388        WARN  main            d.u.i.k.s.ProofSettings   The settings in /home/runner/.key/proof-settings.props are *not* read. 
439        INFO  main            d.u.i.k.p.r.p.TestFile    Now processing file /home/runner/work/key/key/key.core/../key.ui/examples/standard_key/instanceCreation/instanceCreation1.key 
558        INFO  main            d.u.i.k.p.i.AbstractProblemLoader Loading environment from /home/runner/work/key/key/key.core/../key.ui/examples/standard_key/instanceCreation/instanceCreation1.key 
574        DEBUG main            d.u.i.k.p.i.AbstractProblemLoader Environment load took 1.79ms 
843        INFO  main            d.u.i.k.p.i.AbstractProblemLoader Creating init config 
1926       DEBUG main            d.u.i.k.j.TypeConverter   No LDT found for Meta 
1927       DEBUG main            d.u.i.k.j.TypeConverter   No LDT found for Meta 
1930       DEBUG main            d.u.i.k.j.TypeConverter   No LDT found for Meta 
1931       DEBUG main            d.u.i.k.j.TypeConverter   No LDT found for Meta 
3457       DEBUG main            d.u.i.k.j.TypeConverter   No LDT found for JavaBigintExpression 
8241       DEBUG main            d.u.i.k.p.i.AbstractProblemLoader Init config took 7.4s 
8306       INFO  main            d.u.i.k.p.i.AbstractProblemLoader Replaying proof instanceCreation1.key 
8338       DEBUG main            d.u.i.k.p.i.IntermediateProofReplayer Proof replay took 37ns 
9274       INFO  main            d.u.i.k.p.r.p.TestFile    ... finished proof: closed. 
9414       INFO  main            d.u.i.k.p.i.AbstractProblemLoader Loading environment from /home/runner/work/key/key/key.core/../key.ui/examples/standard_key/instanceCreation/instanceCreation1.key.proof 
9415       DEBUG main            d.u.i.k.p.i.AbstractProblemLoader Environment load took 972.82ns 
9421       INFO  main            d.u.i.k.p.i.AbstractProblemLoader Creating init config 
12092      DEBUG main            d.u.i.k.p.i.AbstractProblemLoader Init config took 2.67s 
12124      INFO  main            d.u.i.k.p.i.AbstractProblemLoader Replaying proof instanceCreation1.key.proof 
12280      DEBUG main            d.u.i.k.p.i.IntermediateProofReplayer Proof replay took 133.51ms 
12293      DEBUG main            d.u.i.k.p.r.p.TestFile    ... success: reloaded. 
12295      INFO  main            d.u.i.k.p.r.p.TestFile    Now processing file /home/runner/work/key/key/key.core/../key.ui/examples/standard_key/instanceCreation/instanceCreation2.key 
12295      INFO  main            d.u.i.k.p.i.AbstractProblemLoader Loading environment from /home/runner/work/key/key/key.core/../key.ui/examples/standard_key/instanceCreation/instanceCreation2.key 
12295      DEBUG main            d.u.i.k.p.i.AbstractProblemLoader Environment load took 104.4ns 
12299      INFO  main            d.u.i.k.p.i.AbstractProblemLoader Creating init config 
14972      DEBUG main            d.u.i.k.p.i.AbstractProblemLoader Init config took 2.67s 
15001      INFO  main            d.u.i.k.p.i.AbstractProblemLoader Replaying proof instanceCreation2.key 
15004      DEBUG main            d.u.i.k.p.i.IntermediateProofReplayer Proof replay took 6ns 
15514      INFO  main            d.u.i.k.p.r.p.TestFile    ... finished proof: closed. 
15673      INFO  main            d.u.i.k.p.i.AbstractProblemLoader Loading environment from /home/runner/work/key/key/key.core/../key.ui/examples/standard_key/instanceCreation/instanceCreation2.key.proof 
15683      DEBUG main            d.u.i.k.p.i.AbstractProblemLoader Environment load took 10.28ms 
15687      INFO  main            d.u.i.k.p.i.AbstractProblemLoader Creating init config 
18229      DEBUG main            d.u.i.k.p.i.AbstractProblemLoader Init config took 2.54s 
18255      INFO  main            d.u.i.k.p.i.AbstractProblemLoader Replaying proof instanceCreation2.key.proof 
18367      DEBUG main            d.u.i.k.p.i.IntermediateProofReplayer Proof replay took 106.27ms 
18368      DEBUG main            d.u.i.k.p.r.p.TestFile    ... success: reloaded. 
18369      INFO  main            d.u.i.k.p.r.p.TestFile    Now processing file /home/runner/work/key/key/key.core/../key.ui/examples/standard_key/instanceCreation/interfacesAndAbstractClassesHaveNoInstances.key 
18370      INFO  main            d.u.i.k.p.i.AbstractProblemLoader Loading environment from /home/runner/work/key/key/key.core/../key.ui/examples/standard_key/instanceCreation/interfacesAndAbstractClassesHaveNoInstances.key 
18370      DEBUG main            d.u.i.k.p.i.AbstractProblemLoader Environment load took 212.3ns 
18371      INFO  main            d.u.i.k.p.i.AbstractProblemLoader Creating init config 
20869      DEBUG main            d.u.i.k.p.i.AbstractProblemLoader Init config took 2.5s 
20892      INFO  main            d.u.i.k.p.i.AbstractProblemLoader Replaying proof interfacesAndAbstractClassesHaveNoInstances.key 
20894      DEBUG main            d.u.i.k.p.i.IntermediateProofReplayer Proof replay took 6.4ns 
20997      INFO  main            d.u.i.k.p.r.p.TestFile    ... finished proof: closed. 
21152      INFO  main            d.u.i.k.p.i.AbstractProblemLoader Loading environment from /home/runner/work/key/key/key.core/../key.ui/examples/standard_key/instanceCreation/interfacesAndAbstractClassesHaveNoInstances.key.proof 
21152      DEBUG main            d.u.i.k.p.i.AbstractProblemLoader Environment load took 124.6ns 
21154      INFO  main            d.u.i.k.p.i.AbstractProblemLoader Creating init config 
23563      DEBUG main            d.u.i.k.p.i.AbstractProblemLoader Init config took 2.41s 
23588      INFO  main            d.u.i.k.p.i.AbstractProblemLoader Replaying proof interfacesAndAbstractClassesHaveNoInstances.key.proof 
23594      DEBUG main            d.u.i.k.p.i.IntermediateProofReplayer Proof replay took 2.16ms 
23595      DEBUG main            d.u.i.k.p.r.p.TestFile    ... success: reloaded. 
23597      INFO  main            d.u.i.k.p.r.p.TestFile    Now processing file /home/runner/work/key/key/key.core/../key.ui/examples/standard_key/instanceCreation/successiveCreatedObjectsAreDistinct.key 
23598      INFO  main            d.u.i.k.p.i.AbstractProblemLoader Loading environment from /home/runner/work/key/key/key.core/../key.ui/examples/standard_key/instanceCreation/successiveCreatedObjectsAreDistinct.key 
23598      DEBUG main            d.u.i.k.p.i.AbstractProblemLoader Environment load took 275.11ns 
23599      INFO  main            d.u.i.k.p.i.AbstractProblemLoader Creating init config 
26045      DEBUG main            d.u.i.k.p.i.AbstractProblemLoader Init config took 2.45s 
26067      INFO  main            d.u.i.k.p.i.AbstractProblemLoader Replaying proof successiveCreatedObjectsAreDistinct.key 
26069      DEBUG main            d.u.i.k.p.i.IntermediateProofReplayer Proof replay took 7.1ns 
26372      INFO  main            d.u.i.k.p.r.p.TestFile    ... finished proof: closed. 
26582      INFO  main            d.u.i.k.p.i.AbstractProblemLoader Loading environment from /home/runner/work/key/key/key.core/../key.ui/examples/standard_key/instanceCreation/successiveCreatedObjectsAreDistinct.key.proof 
26582      DEBUG main            d.u.i.k.p.i.AbstractProblemLoader Environment load took 403.91ns 
26583      INFO  main            d.u.i.k.p.i.AbstractProblemLoader Creating init config 
28974      DEBUG main            d.u.i.k.p.i.AbstractProblemLoader Init config took 2.39s 
29003      INFO  main            d.u.i.k.p.i.AbstractProblemLoader Replaying proof successiveCreatedObjectsAreDistinct.key.proof 
29068      DEBUG main            d.u.i.k.p.i.IntermediateProofReplayer Proof replay took 60.47ms 
29069      DEBUG main            d.u.i.k.p.r.p.TestFile    ... success: reloaded. 
29071      INFO  main            d.u.i.k.p.r.p.TestFile    Now processing file /home/runner/work/key/key/key.core/../key.ui/examples/standard_key/instanceCreation/testOverloadingConstructors.key 
29071      INFO  main            d.u.i.k.p.i.AbstractProblemLoader Loading environment from /home/runner/work/key/key/key.core/../key.ui/examples/standard_key/instanceCreation/testOverloadingConstructors.key 
29071      DEBUG main            d.u.i.k.p.i.AbstractProblemLoader Environment load took 107.5ns 
29072      INFO  main            d.u.i.k.p.i.AbstractProblemLoader Creating init config 
31528      DEBUG main            d.u.i.k.p.i.AbstractProblemLoader Init config took 2.46s 
31549      INFO  main            d.u.i.k.p.i.AbstractProblemLoader Replaying proof testOverloadingConstructors.key 
31551      DEBUG main            d.u.i.k.p.i.IntermediateProofReplayer Proof replay took 6ns 
31854      INFO  main            d.u.i.k.p.r.p.TestFile    ... finished proof: closed. 
32038      INFO  main            d.u.i.k.p.i.AbstractProblemLoader Loading environment from /home/runner/work/key/key/key.core/../key.ui/examples/standard_key/instanceCreation/testOverloadingConstructors.key.proof 
32038      DEBUG main            d.u.i.k.p.i.AbstractProblemLoader Environment load took 132ns 
32048      INFO  main            d.u.i.k.p.i.AbstractProblemLoader Creating init config 
34435      DEBUG main            d.u.i.k.p.i.AbstractProblemLoader Init config took 2.39s 
34456      INFO  main            d.u.i.k.p.i.AbstractProblemLoader Replaying proof testOverloadingConstructors.key.proof 
34513      DEBUG main            d.u.i.k.p.i.IntermediateProofReplayer Proof replay took 53.76ms 
34514      DEBUG main            d.u.i.k.p.r.p.TestFile    ... success: reloaded. 
34516      INFO  main            d.u.i.k.p.r.p.TestFile    Now processing file /home/runner/work/key/key/key.core/../key.ui/examples/standard_key/java_dl/SimpleAttributes.key 
34516      INFO  main            d.u.i.k.p.i.AbstractProblemLoader Loading environment from /home/runner/work/key/key/key.core/../key.ui/examples/standard_key/java_dl/SimpleAttributes.key 
34516      DEBUG main            d.u.i.k.p.i.AbstractProblemLoader Environment load took 221.1ns 
34517      INFO  main            d.u.i.k.p.i.AbstractProblemLoader Creating init config 
36896      DEBUG main            d.u.i.k.p.i.AbstractProblemLoader Init config took 2.38s 
36916      INFO  main            d.u.i.k.p.i.AbstractProblemLoader Replaying proof SimpleAttributes.key 
36918      DEBUG main            d.u.i.k.p.i.IntermediateProofReplayer Proof replay took 8.3ns 
37023      INFO  main            d.u.i.k.p.r.p.TestFile    ... finished proof: closed. 
37189      INFO  main            d.u.i.k.p.i.AbstractProblemLoader Loading environment from /home/runner/work/key/key/key.core/../key.ui/examples/standard_key/java_dl/SimpleAttributes.key.proof 
37189      DEBUG main            d.u.i.k.p.i.AbstractProblemLoader Environment load took 137.5ns 
37191      INFO  main            d.u.i.k.p.i.AbstractProblemLoader Creating init config 
39525      DEBUG main            d.u.i.k.p.i.AbstractProblemLoader Init config took 2.33s 
39557      INFO  main            d.u.i.k.p.i.AbstractProblemLoader Replaying proof SimpleAttributes.key.proof 
39587      DEBUG main            d.u.i.k.p.i.IntermediateProofReplayer Proof replay took 26.56ms 
39588      DEBUG main            d.u.i.k.p.r.p.TestFile    ... success: reloaded. 
39589      INFO  main            d.u.i.k.p.r.p.TestFile    Now processing file /home/runner/work/key/key/key.core/../key.ui/examples/standard_key/java_dl/arrayMax.key 
39589      INFO  main            d.u.i.k.p.i.AbstractProblemLoader Loading environment from /home/runner/work/key/key/key.core/../key.ui/examples/standard_key/java_dl/arrayMax.key 
39589      DEBUG main            d.u.i.k.p.i.AbstractProblemLoader Environment load took 202ns 
39592      INFO  main            d.u.i.k.p.i.AbstractProblemLoader Creating init config 
42065      DEBUG main            d.u.i.k.p.i.AbstractProblemLoader Init config took 2.47s 
42085      INFO  main            d.u.i.k.p.i.AbstractProblemLoader Replaying proof arrayMax.key 
42088      DEBUG main            d.u.i.k.p.i.IntermediateProofReplayer Proof replay took 6.7ns 
43394      INFO  main            d.u.i.k.p.r.p.TestFile    ... finished proof: closed. 
43601      INFO  main            d.u.i.k.p.i.AbstractProblemLoader Loading environment from /home/runner/work/key/key/key.core/../key.ui/examples/standard_key/java_dl/arrayMax.key.proof 
43604      DEBUG main            d.u.i.k.p.i.AbstractProblemLoader Environment load took 2.57ms 
43606      INFO  main            d.u.i.k.p.i.AbstractProblemLoader Creating init config 
46020      DEBUG main            d.u.i.k.p.i.AbstractProblemLoader Init config took 2.41s 
46042      INFO  main            d.u.i.k.p.i.AbstractProblemLoader Replaying proof arrayMax.key.proof 
46292      DEBUG main            d.u.i.k.p.i.IntermediateProofReplayer Proof replay took 242.89ms 
46294      DEBUG main            d.u.i.k.p.r.p.TestFile    ... success: reloaded. 
46295      INFO  main            d.u.i.k.p.r.p.TestFile    Now processing file /home/runner/work/key/key/key.core/../key.ui/examples/standard_key/java_dl/arrayUpdateSimp.key 
46295      INFO  main            d.u.i.k.p.i.AbstractProblemLoader Loading environment from /home/runner/work/key/key/key.core/../key.ui/examples/standard_key/java_dl/arrayUpdateSimp.key 
46296      DEBUG main            d.u.i.k.p.i.AbstractProblemLoader Environment load took 215.71ns 
46298      INFO  main            d.u.i.k.p.i.AbstractProblemLoader Creating init config 
46324      WARN  main            d.u.i.k.j.r.KeYCrossReferenceNameInfo Datatype java.io.InputStream declared twice: Once in FILE:/home/runner/work/key/key/key.core/../key.ui/examples/standard_key/java_dl/./classpath/InputStream.java and once in URL:file:/home/runner/work/key/key/key.core/build/resources/main/de/uka/ilkd/key/java/JavaRedux/java/io/InputStream.java, Keeping one from URL:file:/home/runner/work/key/key/key.core/build/resources/main/de/uka/ilkd/key/java/JavaRedux/java/io/InputStream.java 
46325      WARN  main            d.u.i.k.j.r.KeYCrossReferenceNameInfo Datatype java.lang.System declared twice: Once in FILE:/home/runner/work/key/key/key.core/../key.ui/examples/standard_key/java_dl/./classpath/System.java and once in URL:file:/home/runner/work/key/key/key.core/build/resources/main/de/uka/ilkd/key/java/JavaRedux/java/lang/System.java, Keeping one from URL:file:/home/runner/work/key/key/key.core/build/resources/main/de/uka/ilkd/key/java/JavaRedux/java/lang/System.java 
46325      WARN  main            d.u.i.k.j.r.KeYCrossReferenceNameInfo Datatype java.io.PrintStream declared twice: Once in FILE:/home/runner/work/key/key/key.core/../key.ui/examples/standard_key/java_dl/./classpath/PrintStream.java and once in URL:file:/home/runner/work/key/key/key.core/build/resources/main/de/uka/ilkd/key/java/JavaRedux/java/io/PrintStream.java, Keeping one from URL:file:/home/runner/work/key/key/key.core/build/resources/main/de/uka/ilkd/key/java/JavaRedux/java/io/PrintStream.java 
46330      DEBUG main            d.u.i.k.j.r.ClassFileDeclarationBuilder Parsing: package java.io; public class Closeable { } 
46330      DEBUG main            r.s.KeYCrossReferenceSourceInfo Dynamically created class: java.io.Closeable 
48761      DEBUG main            d.u.i.k.p.i.AbstractProblemLoader Init config took 2.46s 
48782      INFO  main            d.u.i.k.p.i.AbstractProblemLoader Replaying proof arrayUpdateSimp.key 
48783      DEBUG main            d.u.i.k.p.i.IntermediateProofReplayer Proof replay took 5.6ns 
48886      INFO  main            d.u.i.k.p.r.p.TestFile    ... finished proof: closed. 
49118      INFO  main            d.u.i.k.p.i.AbstractProblemLoader Loading environment from /home/runner/work/key/key/key.core/../key.ui/examples/standard_key/java_dl/arrayUpdateSimp.key.proof 
49118      DEBUG main            d.u.i.k.p.i.AbstractProblemLoader Environment load took 123.5ns 
49122      INFO  main            d.u.i.k.p.i.AbstractProblemLoader Creating init config 
49145      WARN  main            d.u.i.k.j.r.KeYCrossReferenceNameInfo Datatype java.io.InputStream declared twice: Once in FILE:/home/runner/work/key/key/key.core/../key.ui/examples/standard_key/java_dl/classpath/InputStream.java and once in URL:file:/home/runner/work/key/key/key.core/build/resources/main/de/uka/ilkd/key/java/JavaRedux/java/io/InputStream.java, Keeping one from URL:file:/home/runner/work/key/key/key.core/build/resources/main/de/uka/ilkd/key/java/JavaRedux/java/io/InputStream.java 
49145      WARN  main            d.u.i.k.j.r.KeYCrossReferenceNameInfo Datatype java.lang.System declared twice: Once in FILE:/home/runner/work/key/key/key.core/../key.ui/examples/standard_key/java_dl/classpath/System.java and once in URL:file:/home/runner/work/key/key/key.core/build/resources/main/de/uka/ilkd/key/java/JavaRedux/java/lang/System.java, Keeping one from URL:file:/home/runner/work/key/key/key.core/build/resources/main/de/uka/ilkd/key/java/JavaRedux/java/lang/System.java 
49145      WARN  main            d.u.i.k.j.r.KeYCrossReferenceNameInfo Datatype java.io.PrintStream declared twice: Once in FILE:/home/runner/work/key/key/key.core/../key.ui/examples/standard_key/java_dl/classpath/PrintStream.java and once in URL:file:/home/runner/work/key/key/key.core/build/resources/main/de/uka/ilkd/key/java/JavaRedux/java/io/PrintStream.java, Keeping one from URL:file:/home/runner/work/key/key/key.core/build/resources/main/de/uka/ilkd/key/java/JavaRedux/java/io/PrintStream.java 
49148      DEBUG main            d.u.i.k.j.r.ClassFileDeclarationBuilder Parsing: package java.io; public class Closeable { } 
49148      DEBUG main            r.s.KeYCrossReferenceSourceInfo Dynamically created class: java.io.Closeable 
51547      DEBUG main            d.u.i.k.p.i.AbstractProblemLoader Init config took 2.43s 
51571      INFO  main            d.u.i.k.p.i.AbstractProblemLoader Replaying proof arrayUpdateSimp.key.proof 
51573      DEBUG main            d.u.i.k.p.i.IntermediateProofReplayer Proof replay took 509.91ns 
51575      DEBUG main            d.u.i.k.p.r.p.TestFile    ... success: reloaded. 
51576      INFO  main            d.u.i.k.p.r.p.TestFile    Now processing file /home/runner/work/key/key/key.core/../key.ui/examples/standard_key/java_dl/attributes.key 
51576      INFO  main            d.u.i.k.p.i.AbstractProblemLoader Loading environment from /home/runner/work/key/key/key.core/../key.ui/examples/standard_key/java_dl/attributes.key 
51576      DEBUG main            d.u.i.k.p.i.AbstractProblemLoader Environment load took 125.6ns 
51577      INFO  main            d.u.i.k.p.i.AbstractProblemLoader Creating init config 
53977      DEBUG main            d.u.i.k.p.i.AbstractProblemLoader Init config took 2.4s 
53996      INFO  main            d.u.i.k.p.i.AbstractProblemLoader Replaying proof attributes.key 
53997      DEBUG main            d.u.i.k.p.i.IntermediateProofReplayer Proof replay took 6.1ns 
54200      INFO  main            d.u.i.k.p.r.p.TestFile    ... finished proof: closed. 
54469      INFO  main            d.u.i.k.p.i.AbstractProblemLoader Loading environment from /home/runner/work/key/key/key.core/../key.ui/examples/standard_key/java_dl/attributes.key.proof 
54469      DEBUG main            d.u.i.k.p.i.AbstractProblemLoader Environment load took 120.8ns 
54471      INFO  main            d.u.i.k.p.i.AbstractProblemLoader Creating init config 
56862      DEBUG main            d.u.i.k.p.i.AbstractProblemLoader Init config took 2.39s 
56880      INFO  main            d.u.i.k.p.i.AbstractProblemLoader Replaying proof attributes.key.proof 
56916      DEBUG main            d.u.i.k.p.i.IntermediateProofReplayer Proof replay took 33.8ms 
56917      DEBUG main            d.u.i.k.p.r.p.TestFile    ... success: reloaded. 
56918      INFO  main            d.u.i.k.p.r.p.TestFile    Now processing file /home/runner/work/key/key/key.core/../key.ui/examples/standard_key/java_dl/break.key 
56918      INFO  main            d.u.i.k.p.i.AbstractProblemLoader Loading environment from /home/runner/work/key/key/key.core/../key.ui/examples/standard_key/java_dl/break.key 
56918      DEBUG main            d.u.i.k.p.i.AbstractProblemLoader Environment load took 76.9ns 
56919      INFO  main            d.u.i.k.p.i.AbstractProblemLoader Creating init config 
56940      WARN  main            d.u.i.k.j.r.KeYCrossReferenceNameInfo Datatype java.io.InputStream declared twice: Once in FILE:/home/runner/work/key/key/key.core/../key.ui/examples/standard_key/java_dl/classpath/InputStream.java and once in URL:file:/home/runner/work/key/key/key.core/build/resources/main/de/uka/ilkd/key/java/JavaRedux/java/io/InputStream.java, Keeping one from URL:file:/home/runner/work/key/key/key.core/build/resources/main/de/uka/ilkd/key/java/JavaRedux/java/io/InputStream.java 
56940      WARN  main            d.u.i.k.j.r.KeYCrossReferenceNameInfo Datatype java.lang.System declared twice: Once in FILE:/home/runner/work/key/key/key.core/../key.ui/examples/standard_key/java_dl/classpath/System.java and once in URL:file:/home/runner/work/key/key/key.core/build/resources/main/de/uka/ilkd/key/java/JavaRedux/java/lang/System.java, Keeping one from URL:file:/home/runner/work/key/key/key.core/build/resources/main/de/uka/ilkd/key/java/JavaRedux/java/lang/System.java 
56941      WARN  main            d.u.i.k.j.r.KeYCrossReferenceNameInfo Datatype java.io.PrintStream declared twice: Once in FILE:/home/runner/work/key/key/key.core/../key.ui/examples/standard_key/java_dl/classpath/PrintStream.java and once in URL:file:/home/runner/work/key/key/key.core/build/resources/main/de/uka/ilkd/key/java/JavaRedux/java/io/PrintStream.java, Keeping one from URL:file:/home/runner/work/key/key/key.core/build/resources/main/de/uka/ilkd/key/java/JavaRedux/java/io/PrintStream.java 
56944      DEBUG main            d.u.i.k.j.r.ClassFileDeclarationBuilder Parsing: package java.io; public class Closeable { } 
56944      DEBUG main            r.s.KeYCrossReferenceSourceInfo Dynamically created class: java.io.Closeable 
59386      DEBUG main            d.u.i.k.p.i.AbstractProblemLoader Init config took 2.47s 
59407      INFO  main            d.u.i.k.p.i.AbstractProblemLoader Replaying proof break.key 
59409      DEBUG main            d.u.i.k.p.i.IntermediateProofReplayer Proof replay took 6.9ns 
59515      INFO  main            d.u.i.k.p.r.p.TestFile    ... finished proof: closed. 
59701      INFO  main            d.u.i.k.p.i.AbstractProblemLoader Loading environment from /home/runner/work/key/key/key.core/../key.ui/examples/standard_key/java_dl/break.key.proof 
59701      DEBUG main            d.u.i.k.p.i.AbstractProblemLoader Environment load took 117.9ns 
59702      INFO  main            d.u.i.k.p.i.AbstractProblemLoader Creating init config 
59724      WARN  main            d.u.i.k.j.r.KeYCrossReferenceNameInfo Datatype java.io.InputStream declared twice: Once in FILE:/home/runner/work/key/key/key.core/../key.ui/examples/standard_key/java_dl/classpath/InputStream.java and once in URL:file:/home/runner/work/key/key/key.core/build/resources/main/de/uka/ilkd/key/java/JavaRedux/java/io/InputStream.java, Keeping one from URL:file:/home/runner/work/key/key/key.core/build/resources/main/de/uka/ilkd/key/java/JavaRedux/java/io/InputStream.java 
59724      WARN  main            d.u.i.k.j.r.KeYCrossReferenceNameInfo Datatype java.lang.System declared twice: Once in FILE:/home/runner/work/key/key/key.core/../key.ui/examples/standard_key/java_dl/classpath/System.java and once in URL:file:/home/runner/work/key/key/key.core/build/resources/main/de/uka/ilkd/key/java/JavaRedux/java/lang/System.java, Keeping one from URL:file:/home/runner/work/key/key/key.core/build/resources/main/de/uka/ilkd/key/java/JavaRedux/java/lang/System.java 
59724      WARN  main            d.u.i.k.j.r.KeYCrossReferenceNameInfo Datatype java.io.PrintStream declared twice: Once in FILE:/home/runner/work/key/key/key.core/../key.ui/examples/standard_key/java_dl/classpath/PrintStream.java and once in URL:file:/home/runner/work/key/key/key.core/build/resources/main/de/uka/ilkd/key/java/JavaRedux/java/io/PrintStream.java, Keeping one from URL:file:/home/runner/work/key/key/key.core/build/resources/main/de/uka/ilkd/key/java/JavaRedux/java/io/PrintStream.java 
59727      DEBUG main            d.u.i.k.j.r.ClassFileDeclarationBuilder Parsing: package java.io; public class Closeable { } 
59727      DEBUG main            r.s.KeYCrossReferenceSourceInfo Dynamically created class: java.io.Closeable 
62052      DEBUG main            d.u.i.k.p.i.AbstractProblemLoader Init config took 2.35s 
62071      INFO  main            d.u.i.k.p.i.AbstractProblemLoader Replaying proof break.key.proof 
62080      DEBUG main            d.u.i.k.p.i.IntermediateProofReplayer Proof replay took 7.24ms 
62081      DEBUG main            d.u.i.k.p.r.p.TestFile    ... success: reloaded. 
62082      INFO  main            d.u.i.k.p.r.p.TestFile    Now processing file /home/runner/work/key/key/key.core/../key.ui/examples/standard_key/java_dl/char.key 
62082      INFO  main            d.u.i.k.p.i.AbstractProblemLoader Loading environment from /home/runner/work/key/key/key.core/../key.ui/examples/standard_key/java_dl/char.key 
62083      DEBUG main            d.u.i.k.p.i.AbstractProblemLoader Environment load took 132.3ns 
62083      INFO  main            d.u.i.k.p.i.AbstractProblemLoader Creating init config 
64431      DEBUG main            d.u.i.k.p.i.AbstractProblemLoader Init config took 2.35s 
64450      INFO  main            d.u.i.k.p.i.AbstractProblemLoader Replaying proof char.key 
64452      DEBUG main            d.u.i.k.p.i.IntermediateProofReplayer Proof replay took 7.4ns 
64554      INFO  main            d.u.i.k.p.r.p.TestFile    ... finished proof: closed. 
64745      INFO  main            d.u.i.k.p.i.AbstractProblemLoader Loading environment from /home/runner/work/key/key/key.core/../key.ui/examples/standard_key/java_dl/char.key.proof 
64745      DEBUG main            d.u.i.k.p.i.AbstractProblemLoader Environment load took 123.4ns 
64746      INFO  main            d.u.i.k.p.i.AbstractProblemLoader Creating init config 
67029      DEBUG main            d.u.i.k.p.i.AbstractProblemLoader Init config took 2.28s 
67047      INFO  main            d.u.i.k.p.i.AbstractProblemLoader Replaying proof char.key.proof 
67052      DEBUG main            d.u.i.k.p.i.IntermediateProofReplayer Proof replay took 2.73ms 
67053      DEBUG main            d.u.i.k.p.r.p.TestFile    ... success: reloaded. 
67053      INFO  main            d.u.i.k.p.r.p.TestFile    Now processing file /home/runner/work/key/key/key.core/../key.ui/examples/standard_key/java_dl/compileTimeConstants.key 
67054      INFO  main            d.u.i.k.p.i.AbstractProblemLoader Loading environment from /home/runner/work/key/key/key.core/../key.ui/examples/standard_key/java_dl/compileTimeConstants.key 
67054      DEBUG main            d.u.i.k.p.i.AbstractProblemLoader Environment load took 216.81ns 
67055      INFO  main            d.u.i.k.p.i.AbstractProblemLoader Creating init config 
69487      DEBUG main            d.u.i.k.p.i.AbstractProblemLoader Init config took 2.43s 
69504      INFO  main            d.u.i.k.p.i.AbstractProblemLoader Replaying proof compileTimeConstants.key 
69505      DEBUG main            d.u.i.k.p.i.IntermediateProofReplayer Proof replay took 7.8ns 
69614      INFO  main            d.u.i.k.p.r.p.TestFile    ... finished proof: closed. 
69804      INFO  main            d.u.i.k.p.i.AbstractProblemLoader Loading environment from /home/runner/work/key/key/key.core/../key.ui/examples/standard_key/java_dl/compileTimeConstants.key.proof 
69804      DEBUG main            d.u.i.k.p.i.AbstractProblemLoader Environment load took 121.2ns 
69806      INFO  main            d.u.i.k.p.i.AbstractProblemLoader Creating init config 
72160      DEBUG main            d.u.i.k.p.i.AbstractProblemLoader Init config took 2.35s 
72176      INFO  main            d.u.i.k.p.i.AbstractProblemLoader Replaying proof compileTimeConstants.key.proof 
72189      DEBUG main            d.u.i.k.p.i.IntermediateProofReplayer Proof replay took 10.86ms 
72190      DEBUG main            d.u.i.k.p.r.p.TestFile    ... success: reloaded. 
72191      INFO  main            d.u.i.k.p.r.p.TestFile    Now processing file /home/runner/work/key/key/key.core/../key.ui/examples/standard_key/java_dl/constructorException/test.key 
72191      INFO  main            d.u.i.k.p.i.AbstractProblemLoader Loading environment from /home/runner/work/key/key/key.core/../key.ui/examples/standard_key/java_dl/constructorException/test.key 
72191      DEBUG main            d.u.i.k.p.i.AbstractProblemLoader Environment load took 75.9ns 
72192      INFO  main            d.u.i.k.p.i.AbstractProblemLoader Creating init config 
74647      DEBUG main            d.u.i.k.p.i.AbstractProblemLoader Init config took 2.46s 
74710      INFO  main            d.u.i.k.p.i.AbstractProblemLoader Replaying proof Test[Test::Test(int)].JML operation contract.0 
74711      DEBUG main            d.u.i.k.p.i.IntermediateProofReplayer Proof replay took 5.9ns 
74914      INFO  main            d.u.i.k.p.r.p.TestFile    ... finished proof: closed. 
75184      INFO  main            d.u.i.k.p.i.AbstractProblemLoader Loading environment from /home/runner/work/key/key/key.core/../key.ui/examples/standard_key/java_dl/constructorException/test.key.proof 
75184      DEBUG main            d.u.i.k.p.i.AbstractProblemLoader Environment load took 124.4ns 
75185      INFO  main            d.u.i.k.p.i.AbstractProblemLoader Creating init config 
77536      DEBUG main            d.u.i.k.p.i.AbstractProblemLoader Init config took 2.35s 
77584      INFO  main            d.u.i.k.p.i.AbstractProblemLoader Replaying proof Test[Test::Test(int)].JML operation contract.0 
77645      DEBUG main            d.u.i.k.p.i.IntermediateProofReplayer Proof replay took 58.21ms 
77647      DEBUG main            d.u.i.k.p.r.p.TestFile    ... success: reloaded. 
77648      INFO  main            d.u.i.k.p.r.p.TestFile    Now processing file /home/runner/work/key/key/key.core/../key.ui/examples/standard_key/java_dl/constructorException/regressionTestBug1333.key 
77648      INFO  main            d.u.i.k.p.i.AbstractProblemLoader Loading environment from /home/runner/work/key/key/key.core/../key.ui/examples/standard_key/java_dl/constructorException/regressionTestBug1333.key 
77648      DEBUG main            d.u.i.k.p.i.AbstractProblemLoader Environment load took 195.41ns 
77649      INFO  main            d.u.i.k.p.i.AbstractProblemLoader Creating init config 
80077      DEBUG main            d.u.i.k.p.i.AbstractProblemLoader Init config took 2.43s 
80116      INFO  main            d.u.i.k.p.i.AbstractProblemLoader Replaying proof False[False::False()].JML normal_behavior operation contract.0 
80118      DEBUG main            d.u.i.k.p.i.IntermediateProofReplayer Proof replay took 6.1ns 
80224      INFO  main            d.u.i.k.p.r.p.TestFile    ... finished proof: open goal(s) 
80436      INFO  main            d.u.i.k.p.r.p.TestFile    Now processing file /home/runner/work/key/key/key.core/../key.ui/examples/standard_key/java_dl/continue1.key 
80436      INFO  main            d.u.i.k.p.i.AbstractProblemLoader Loading environment from /home/runner/work/key/key/key.core/../key.ui/examples/standard_key/java_dl/continue1.key 
80437      DEBUG main            d.u.i.k.p.i.AbstractProblemLoader Environment load took 523.71ns 
80438      INFO  main            d.u.i.k.p.i.AbstractProblemLoader Creating init config 
80459      WARN  main            d.u.i.k.j.r.KeYCrossReferenceNameInfo Datatype java.io.InputStream declared twice: Once in FILE:/home/runner/work/key/key/key.core/../key.ui/examples/standard_key/java_dl/classpath/InputStream.java and once in URL:file:/home/runner/work/key/key/key.core/build/resources/main/de/uka/ilkd/key/java/JavaRedux/java/io/InputStream.java, Keeping one from URL:file:/home/runner/work/key/key/key.core/build/resources/main/de/uka/ilkd/key/java/JavaRedux/java/io/InputStream.java 
80459      WARN  main            d.u.i.k.j.r.KeYCrossReferenceNameInfo Datatype java.lang.System declared twice: Once in FILE:/home/runner/work/key/key/key.core/../key.ui/examples/standard_key/java_dl/classpath/System.java and once in URL:file:/home/runner/work/key/key/key.core/build/resources/main/de/uka/ilkd/key/java/JavaRedux/java/lang/System.java, Keeping one from URL:file:/home/runner/work/key/key/key.core/build/resources/main/de/uka/ilkd/key/java/JavaRedux/java/lang/System.java 
80460      WARN  main            d.u.i.k.j.r.KeYCrossReferenceNameInfo Datatype java.io.PrintStream declared twice: Once in FILE:/home/runner/work/key/key/key.core/../key.ui/examples/standard_key/java_dl/classpath/PrintStream.java and once in URL:file:/home/runner/work/key/key/key.core/build/resources/main/de/uka/ilkd/key/java/JavaRedux/java/io/PrintStream.java, Keeping one from URL:file:/home/runner/work/key/key/key.core/build/resources/main/de/uka/ilkd/key/java/JavaRedux/java/io/PrintStream.java 
80463      DEBUG main            d.u.i.k.j.r.ClassFileDeclarationBuilder Parsing: package java.io; public class Closeable { } 
80463      DEBUG main            r.s.KeYCrossReferenceSourceInfo Dynamically created class: java.io.Closeable 
82754      DEBUG main            d.u.i.k.p.i.AbstractProblemLoader Init config took 2.32s 
82771      INFO  main            d.u.i.k.p.i.AbstractProblemLoader Replaying proof continue1.key 
82772      DEBUG main            d.u.i.k.p.i.IntermediateProofReplayer Proof replay took 7.4ns 
82874      INFO  main            d.u.i.k.p.r.p.TestFile    ... finished proof: closed. 
83078      INFO  main            d.u.i.k.p.i.AbstractProblemLoader Loading environment from /home/runner/work/key/key/key.core/../key.ui/examples/standard_key/java_dl/continue1.key.proof 
83078      DEBUG main            d.u.i.k.p.i.AbstractProblemLoader Environment load took 122.6ns 
83079      INFO  main            d.u.i.k.p.i.AbstractProblemLoader Creating init config 
83102      WARN  main            d.u.i.k.j.r.KeYCrossReferenceNameInfo Datatype java.io.InputStream declared twice: Once in FILE:/home/runner/work/key/key/key.core/../key.ui/examples/standard_key/java_dl/classpath/InputStream.java and once in URL:file:/home/runner/work/key/key/key.core/build/resources/main/de/uka/ilkd/key/java/JavaRedux/java/io/InputStream.java, Keeping one from URL:file:/home/runner/work/key/key/key.core/build/resources/main/de/uka/ilkd/key/java/JavaRedux/java/io/InputStream.java 
83102      WARN  main            d.u.i.k.j.r.KeYCrossReferenceNameInfo Datatype java.lang.System declared twice: Once in FILE:/home/runner/work/key/key/key.core/../key.ui/examples/standard_key/java_dl/classpath/System.java and once in URL:file:/home/runner/work/key/key/key.core/build/resources/main/de/uka/ilkd/key/java/JavaRedux/java/lang/System.java, Keeping one from URL:file:/home/runner/work/key/key/key.core/build/resources/main/de/uka/ilkd/key/java/JavaRedux/java/lang/System.java 
83103      WARN  main            d.u.i.k.j.r.KeYCrossReferenceNameInfo Datatype java.io.PrintStream declared twice: Once in FILE:/home/runner/work/key/key/key.core/../key.ui/examples/standard_key/java_dl/classpath/PrintStream.java and once in URL:file:/home/runner/work/key/key/key.core/build/resources/main/de/uka/ilkd/key/java/JavaRedux/java/io/PrintStream.java, Keeping one from URL:file:/home/runner/work/key/key/key.core/build/resources/main/de/uka/ilkd/key/java/JavaRedux/java/io/PrintStream.java 
83105      DEBUG main            d.u.i.k.j.r.ClassFileDeclarationBuilder Parsing: package java.io; public class Closeable { } 
83105      DEBUG main            r.s.KeYCrossReferenceSourceInfo Dynamically created class: java.io.Closeable 
85442      DEBUG main            d.u.i.k.p.i.AbstractProblemLoader Init config took 2.36s 
85457      INFO  main            d.u.i.k.p.i.AbstractProblemLoader Replaying proof continue1.key.proof 
85477      DEBUG main            d.u.i.k.p.i.IntermediateProofReplayer Proof replay took 18.2ms 
85479      DEBUG main            d.u.i.k.p.r.p.TestFile    ... success: reloaded. 
85480      INFO  main            d.u.i.k.p.r.p.TestFile    Now processing file /home/runner/work/key/key/key.core/../key.ui/examples/standard_key/java_dl/continue2.key 
85480      INFO  main            d.u.i.k.p.i.AbstractProblemLoader Loading environment from /home/runner/work/key/key/key.core/../key.ui/examples/standard_key/java_dl/continue2.key 
85481      DEBUG main            d.u.i.k.p.i.AbstractProblemLoader Environment load took 182.8ns 
85482      INFO  main            d.u.i.k.p.i.AbstractProblemLoader Creating init config 
85503      WARN  main            d.u.i.k.j.r.KeYCrossReferenceNameInfo Datatype java.io.InputStream declared twice: Once in FILE:/home/runner/work/key/key/key.core/../key.ui/examples/standard_key/java_dl/classpath/InputStream.java and once in URL:file:/home/runner/work/key/key/key.core/build/resources/main/de/uka/ilkd/key/java/JavaRedux/java/io/InputStream.java, Keeping one from URL:file:/home/runner/work/key/key/key.core/build/resources/main/de/uka/ilkd/key/java/JavaRedux/java/io/InputStream.java 
85504      WARN  main            d.u.i.k.j.r.KeYCrossReferenceNameInfo Datatype java.lang.System declared twice: Once in FILE:/home/runner/work/key/key/key.core/../key.ui/examples/standard_key/java_dl/classpath/System.java and once in URL:file:/home/runner/work/key/key/key.core/build/resources/main/de/uka/ilkd/key/java/JavaRedux/java/lang/System.java, Keeping one from URL:file:/home/runner/work/key/key/key.core/build/resources/main/de/uka/ilkd/key/java/JavaRedux/java/lang/System.java 
85504      WARN  main            d.u.i.k.j.r.KeYCrossReferenceNameInfo Datatype java.io.PrintStream declared twice: Once in FILE:/home/runner/work/key/key/key.core/../key.ui/examples/standard_key/java_dl/classpath/PrintStream.java and once in URL:file:/home/runner/work/key/key/key.core/build/resources/main/de/uka/ilkd/key/java/JavaRedux/java/io/PrintStream.java, Keeping one from URL:file:/home/runner/work/key/key/key.core/build/resources/main/de/uka/ilkd/key/java/JavaRedux/java/io/PrintStream.java 
85507      DEBUG main            d.u.i.k.j.r.ClassFileDeclarationBuilder Parsing: package java.io; public class Closeable { } 
85507      DEBUG main            r.s.KeYCrossReferenceSourceInfo Dynamically created class: java.io.Closeable 
87902      DEBUG main            d.u.i.k.p.i.AbstractProblemLoader Init config took 2.42s 
87917      INFO  main            d.u.i.k.p.i.AbstractProblemLoader Replaying proof continue2.key 
87918      DEBUG main            d.u.i.k.p.i.IntermediateProofReplayer Proof replay took 7.1ns 
88223      INFO  main            d.u.i.k.p.r.p.TestFile    ... finished proof: closed. 
88451      INFO  main            d.u.i.k.p.i.AbstractProblemLoader Loading environment from /home/runner/work/key/key/key.core/../key.ui/examples/standard_key/java_dl/continue2.key.proof 
88451      DEBUG main            d.u.i.k.p.i.AbstractProblemLoader Environment load took 110ns 
88453      INFO  main            d.u.i.k.p.i.AbstractProblemLoader Creating init config 
88477      WARN  main            d.u.i.k.j.r.KeYCrossReferenceNameInfo Datatype java.io.InputStream declared twice: Once in FILE:/home/runner/work/key/key/key.core/../key.ui/examples/standard_key/java_dl/classpath/InputStream.java and once in URL:file:/home/runner/work/key/key/key.core/build/resources/main/de/uka/ilkd/key/java/JavaRedux/java/io/InputStream.java, Keeping one from URL:file:/home/runner/work/key/key/key.core/build/resources/main/de/uka/ilkd/key/java/JavaRedux/java/io/InputStream.java 
88477      WARN  main            d.u.i.k.j.r.KeYCrossReferenceNameInfo Datatype java.lang.System declared twice: Once in FILE:/home/runner/work/key/key/key.core/../key.ui/examples/standard_key/java_dl/classpath/System.java and once in URL:file:/home/runner/work/key/key/key.core/build/resources/main/de/uka/ilkd/key/java/JavaRedux/java/lang/System.java, Keeping one from URL:file:/home/runner/work/key/key/key.core/build/resources/main/de/uka/ilkd/key/java/JavaRedux/java/lang/System.java 
88478      WARN  main            d.u.i.k.j.r.KeYCrossReferenceNameInfo Datatype java.io.PrintStream declared twice: Once in FILE:/home/runner/work/key/key/key.core/../key.ui/examples/standard_key/java_dl/classpath/PrintStream.java and once in URL:file:/home/runner/work/key/key/key.core/build/resources/main/de/uka/ilkd/key/java/JavaRedux/java/io/PrintStream.java, Keeping one from URL:file:/home/runner/work/key/key/key.core/build/resources/main/de/uka/ilkd/key/java/JavaRedux/java/io/PrintStream.java 
88480      DEBUG main            d.u.i.k.j.r.ClassFileDeclarationBuilder Parsing: package java.io; public class Closeable { } 
88481      DEBUG main            r.s.KeYCrossReferenceSourceInfo Dynamically created class: java.io.Closeable 
90769      DEBUG main            d.u.i.k.p.i.AbstractProblemLoader Init config took 2.32s 
90783      INFO  main            d.u.i.k.p.i.AbstractProblemLoader Replaying proof continue2.key.proof 
90850      DEBUG main            d.u.i.k.p.i.IntermediateProofReplayer Proof replay took 64.57ms 
90851      DEBUG main            d.u.i.k.p.r.p.TestFile    ... success: reloaded. 
90854      INFO  main            d.u.i.k.p.r.p.TestFile    Now processing file /home/runner/work/key/key/key.core/../key.ui/examples/standard_key/java_dl/complexAssignment.key 
90854      INFO  main            d.u.i.k.p.i.AbstractProblemLoader Loading environment from /home/runner/work/key/key/key.core/../key.ui/examples/standard_key/java_dl/complexAssignment.key 
90854      DEBUG main            d.u.i.k.p.i.AbstractProblemLoader Environment load took 194.31ns 
90855      INFO  main            d.u.i.k.p.i.AbstractProblemLoader Creating init config 
93210      DEBUG main            d.u.i.k.p.i.AbstractProblemLoader Init config took 2.35s 
93225      INFO  main            d.u.i.k.p.i.AbstractProblemLoader Replaying proof complexAssignment.key 
93227      DEBUG main            d.u.i.k.p.i.IntermediateProofReplayer Proof replay took 7.5ns 
93331      INFO  main            d.u.i.k.p.r.p.TestFile    ... finished proof: closed. 
93562      INFO  main            d.u.i.k.p.i.AbstractProblemLoader Loading environment from /home/runner/work/key/key/key.core/../key.ui/examples/standard_key/java_dl/complexAssignment.key.proof 
93562      DEBUG main            d.u.i.k.p.i.AbstractProblemLoader Environment load took 112ns 
93563      INFO  main            d.u.i.k.p.i.AbstractProblemLoader Creating init config 
95826      DEBUG main            d.u.i.k.p.i.AbstractProblemLoader Init config took 2.26s 
95840      INFO  main            d.u.i.k.p.i.AbstractProblemLoader Replaying proof complexAssignment.key.proof 
95848      DEBUG main            d.u.i.k.p.i.IntermediateProofReplayer Proof replay took 5.88ms 
95848      DEBUG main            d.u.i.k.p.r.p.TestFile    ... success: reloaded. 
95849      INFO  main            d.u.i.k.p.r.p.TestFile    Now processing file /home/runner/work/key/key/key.core/../key.ui/examples/standard_key/java_dl/danglingElseSolution1.key 
95849      INFO  main            d.u.i.k.p.i.AbstractProblemLoader Loading environment from /home/runner/work/key/key/key.core/../key.ui/examples/standard_key/java_dl/danglingElseSolution1.key 
95849      DEBUG main            d.u.i.k.p.i.AbstractProblemLoader Environment load took 84.2ns 
95850      INFO  main            d.u.i.k.p.i.AbstractProblemLoader Creating init config 
98212      DEBUG main            d.u.i.k.p.i.AbstractProblemLoader Init config took 2.36s 
98226      INFO  main            d.u.i.k.p.i.AbstractProblemLoader Replaying proof danglingElseSolution1.key 
98227      DEBUG main            d.u.i.k.p.i.IntermediateProofReplayer Proof replay took 7.1ns 
98331      INFO  main            d.u.i.k.p.r.p.TestFile    ... finished proof: closed. 
98564      INFO  main            d.u.i.k.p.i.AbstractProblemLoader Loading environment from /home/runner/work/key/key/key.core/../key.ui/examples/standard_key/java_dl/danglingElseSolution1.key.proof 
98564      DEBUG main            d.u.i.k.p.i.AbstractProblemLoader Environment load took 117.1ns 
98565      INFO  main            d.u.i.k.p.i.AbstractProblemLoader Creating init config 
100833     DEBUG main            d.u.i.k.p.i.AbstractProblemLoader Init config took 2.27s 
100852     INFO  main            d.u.i.k.p.i.AbstractProblemLoader Replaying proof danglingElseSolution1.key.proof 
100863     DEBUG main            d.u.i.k.p.i.IntermediateProofReplayer Proof replay took 8.39ms 
100864     DEBUG main            d.u.i.k.p.r.p.TestFile    ... success: reloaded. 
100864     INFO  main            d.u.i.k.p.r.p.TestFile    Now processing file /home/runner/work/key/key/key.core/../key.ui/examples/standard_key/java_dl/danglingElseSolution2.key 
100865     INFO  main            d.u.i.k.p.i.AbstractProblemLoader Loading environment from /home/runner/work/key/key/key.core/../key.ui/examples/standard_key/java_dl/danglingElseSolution2.key 
100865     DEBUG main            d.u.i.k.p.i.AbstractProblemLoader Environment load took 79.1ns 
100866     INFO  main            d.u.i.k.p.i.AbstractProblemLoader Creating init config 
103190     DEBUG main            d.u.i.k.p.i.AbstractProblemLoader Init config took 2.32s 
103205     INFO  main            d.u.i.k.p.i.AbstractProblemLoader Replaying proof danglingElseSolution2.key 
103206     DEBUG main            d.u.i.k.p.i.IntermediateProofReplayer Proof replay took 6.3ns 
103311     INFO  main            d.u.i.k.p.r.p.TestFile    ... finished proof: closed. 
103545     INFO  main            d.u.i.k.p.i.AbstractProblemLoader Loading environment from /home/runner/work/key/key/key.core/../key.ui/examples/standard_key/java_dl/danglingElseSolution2.key.proof 
103546     DEBUG main            d.u.i.k.p.i.AbstractProblemLoader Environment load took 402.21ns 
103547     INFO  main            d.u.i.k.p.i.AbstractProblemLoader Creating init config 
105819     DEBUG main            d.u.i.k.p.i.AbstractProblemLoader Init config took 2.27s 
105835     INFO  main            d.u.i.k.p.i.AbstractProblemLoader Replaying proof danglingElseSolution2.key.proof 
105846     DEBUG main            d.u.i.k.p.i.IntermediateProofReplayer Proof replay took 8.04ms 
105848     DEBUG main            d.u.i.k.p.r.p.TestFile    ... success: reloaded. 
105849     INFO  main            d.u.i.k.p.r.p.TestFile    Now processing file /home/runner/work/key/key/key.core/../key.ui/examples/standard_key/java_dl/deepNonNull/deepNonNull0.key 
105849     INFO  main            d.u.i.k.p.i.AbstractProblemLoader Loading environment from /home/runner/work/key/key/key.core/../key.ui/examples/standard_key/java_dl/deepNonNull/deepNonNull0.key 
105850     DEBUG main            d.u.i.k.p.i.AbstractProblemLoader Environment load took 160.8ns 
105850     INFO  main            d.u.i.k.p.i.AbstractProblemLoader Creating init config 
108275     DEBUG main            d.u.i.k.p.i.AbstractProblemLoader Init config took 2.42s 
108314     INFO  main            d.u.i.k.p.i.AbstractProblemLoader Replaying proof Arrays[Arrays::get()].JML operation contract.0 
108315     DEBUG main            d.u.i.k.p.i.IntermediateProofReplayer Proof replay took 6.2ns 
108519     INFO  main            d.u.i.k.p.r.p.TestFile    ... finished proof: closed. 
108776     INFO  main            d.u.i.k.p.i.AbstractProblemLoader Loading environment from /home/runner/work/key/key/key.core/../key.ui/examples/standard_key/java_dl/deepNonNull/deepNonNull0.key.proof 
108776     DEBUG main            d.u.i.k.p.i.AbstractProblemLoader Environment load took 111.6ns 
108777     INFO  main            d.u.i.k.p.i.AbstractProblemLoader Creating init config 
111114     DEBUG main            d.u.i.k.p.i.AbstractProblemLoader Init config took 2.34s 
111163     INFO  main            d.u.i.k.p.i.AbstractProblemLoader Replaying proof Arrays[Arrays::get()].JML operation contract.0 
111201     DEBUG main            d.u.i.k.p.i.IntermediateProofReplayer Proof replay took 31.72ms 
111202     DEBUG main            d.u.i.k.p.r.p.TestFile    ... success: reloaded. 
111211     INFO  main            d.u.i.k.p.r.p.TestFile    Now processing file /home/runner/work/key/key/key.core/../key.ui/examples/standard_key/java_dl/deepNonNull/deepNonNull1.key 
111212     INFO  main            d.u.i.k.p.i.AbstractProblemLoader Loading environment from /home/runner/work/key/key/key.core/../key.ui/examples/standard_key/java_dl/deepNonNull/deepNonNull1.key 
111212     DEBUG main            d.u.i.k.p.i.AbstractProblemLoader Environment load took 207.91ns 
111213     INFO  main            d.u.i.k.p.i.AbstractProblemLoader Creating init config 
113604     DEBUG main            d.u.i.k.p.i.AbstractProblemLoader Init config took 2.39s 
113640     INFO  main            d.u.i.k.p.i.AbstractProblemLoader Replaying proof Arrays[Arrays::head()].JML operation contract.0 
113641     DEBUG main            d.u.i.k.p.i.IntermediateProofReplayer Proof replay took 6.2ns 
113843     INFO  main            d.u.i.k.p.r.p.TestFile    ... finished proof: closed. 
114090     INFO  main            d.u.i.k.p.i.AbstractProblemLoader Loading environment from /home/runner/work/key/key/key.core/../key.ui/examples/standard_key/java_dl/deepNonNull/deepNonNull1.key.proof 
114090     DEBUG main            d.u.i.k.p.i.AbstractProblemLoader Environment load took 110.8ns 
114091     INFO  main            d.u.i.k.p.i.AbstractProblemLoader Creating init config 
116420     DEBUG main            d.u.i.k.p.i.AbstractProblemLoader Init config took 2.33s 
116455     INFO  main            d.u.i.k.p.i.AbstractProblemLoader Replaying proof Arrays[Arrays::head()].JML operation contract.0 
116481     DEBUG main            d.u.i.k.p.i.IntermediateProofReplayer Proof replay took 23.05ms 
116482     DEBUG main            d.u.i.k.p.r.p.TestFile    ... success: reloaded. 
116483     INFO  main            d.u.i.k.p.r.p.TestFile    Now processing file /home/runner/work/key/key/key.core/../key.ui/examples/standard_key/java_dl/deepNonNull/deepNonNull2.key 
116483     INFO  main            d.u.i.k.p.i.AbstractProblemLoader Loading environment from /home/runner/work/key/key/key.core/../key.ui/examples/standard_key/java_dl/deepNonNull/deepNonNull2.key 
116483     DEBUG main            d.u.i.k.p.i.AbstractProblemLoader Environment load took 195.6ns 
116484     INFO  main            d.u.i.k.p.i.AbstractProblemLoader Creating init config 
118901     DEBUG main            d.u.i.k.p.i.AbstractProblemLoader Init config took 2.42s 
118936     INFO  main            d.u.i.k.p.i.AbstractProblemLoader Replaying proof Arrays[Arrays::unprovable(java.lang.Object)].JML operation contract.0 
118937     DEBUG main            d.u.i.k.p.i.IntermediateProofReplayer Proof replay took 6.9ns 
119043     INFO  main            d.u.i.k.p.r.p.TestFile    ... finished proof: open goal(s) 
119293     INFO  main            d.u.i.k.p.r.p.TestFile    Now processing file /home/runner/work/key/key/key.core/../key.ui/examples/standard_key/java_dl/deepNonNull/deepNonNull3.key 
119293     INFO  main            d.u.i.k.p.i.AbstractProblemLoader Loading environment from /home/runner/work/key/key/key.core/../key.ui/examples/standard_key/java_dl/deepNonNull/deepNonNull3.key 
119293     DEBUG main            d.u.i.k.p.i.AbstractProblemLoader Environment load took 75.7ns 
119294     INFO  main            d.u.i.k.p.i.AbstractProblemLoader Creating init config 
121629     DEBUG main            d.u.i.k.p.i.AbstractProblemLoader Init config took 2.34s 
121664     INFO  main            d.u.i.k.p.i.AbstractProblemLoader Replaying proof Arrays[Arrays::head([[[[Ljava.lang.Object)].JML operation contract.0 
121665     DEBUG main            d.u.i.k.p.i.IntermediateProofReplayer Proof replay took 21.4ns 
122473     INFO  main            d.u.i.k.p.r.p.TestFile    ... finished proof: closed. 
122809     INFO  main            d.u.i.k.p.i.AbstractProblemLoader Loading environment from /home/runner/work/key/key/key.core/../key.ui/examples/standard_key/java_dl/deepNonNull/deepNonNull3.key.proof 
122813     DEBUG main            d.u.i.k.p.i.AbstractProblemLoader Environment load took 3.97ms 
122814     INFO  main            d.u.i.k.p.i.AbstractProblemLoader Creating init config 
125204     DEBUG main            d.u.i.k.p.i.AbstractProblemLoader Init config took 2.39s 
125238     INFO  main            d.u.i.k.p.i.AbstractProblemLoader Replaying proof Arrays[Arrays::head([[[[Ljava.lang.Object)].JML operation contract.0 
125346     DEBUG main            d.u.i.k.p.i.IntermediateProofReplayer Proof replay took 103.33ms 
125347     DEBUG main            d.u.i.k.p.r.p.TestFile    ... success: reloaded. 
125348     INFO  main            d.u.i.k.p.r.p.TestFile    Now processing file /home/runner/work/key/key/key.core/../key.ui/examples/standard_key/java_dl/exceptions.key 
125348     INFO  main            d.u.i.k.p.i.AbstractProblemLoader Loading environment from /home/runner/work/key/key/key.core/../key.ui/examples/standard_key/java_dl/exceptions.key 
125349     DEBUG main            d.u.i.k.p.i.AbstractProblemLoader Environment load took 749.32ns 
125350     INFO  main            d.u.i.k.p.i.AbstractProblemLoader Creating init config 
125376     WARN  main            d.u.i.k.j.r.KeYCrossReferenceNameInfo Datatype java.io.InputStream declared twice: Once in FILE:/home/runner/work/key/key/key.core/../key.ui/examples/standard_key/java_dl/classpath/InputStream.java and once in URL:file:/home/runner/work/key/key/key.core/build/resources/main/de/uka/ilkd/key/java/JavaRedux/java/io/InputStream.java, Keeping one from URL:file:/home/runner/work/key/key/key.core/build/resources/main/de/uka/ilkd/key/java/JavaRedux/java/io/InputStream.java 
125377     WARN  main            d.u.i.k.j.r.KeYCrossReferenceNameInfo Datatype java.lang.System declared twice: Once in FILE:/home/runner/work/key/key/key.core/../key.ui/examples/standard_key/java_dl/classpath/System.java and once in URL:file:/home/runner/work/key/key/key.core/build/resources/main/de/uka/ilkd/key/java/JavaRedux/java/lang/System.java, Keeping one from URL:file:/home/runner/work/key/key/key.core/build/resources/main/de/uka/ilkd/key/java/JavaRedux/java/lang/System.java 
125381     WARN  main            d.u.i.k.j.r.KeYCrossReferenceNameInfo Datatype java.io.PrintStream declared twice: Once in FILE:/home/runner/work/key/key/key.core/../key.ui/examples/standard_key/java_dl/classpath/PrintStream.java and once in URL:file:/home/runner/work/key/key/key.core/build/resources/main/de/uka/ilkd/key/java/JavaRedux/java/io/PrintStream.java, Keeping one from URL:file:/home/runner/work/key/key/key.core/build/resources/main/de/uka/ilkd/key/java/JavaRedux/java/io/PrintStream.java 
125384     DEBUG main            d.u.i.k.j.r.ClassFileDeclarationBuilder Parsing: package java.io; public class Closeable { } 
125385     DEBUG main            r.s.KeYCrossReferenceSourceInfo Dynamically created class: java.io.Closeable 
127700     DEBUG main            d.u.i.k.p.i.AbstractProblemLoader Init config took 2.35s 
127714     INFO  main            d.u.i.k.p.i.AbstractProblemLoader Replaying proof exceptions.key 
127716     DEBUG main            d.u.i.k.p.i.IntermediateProofReplayer Proof replay took 12.7ns 
127918     INFO  main            d.u.i.k.p.r.p.TestFile    ... finished proof: closed. 
128181     INFO  main            d.u.i.k.p.i.AbstractProblemLoader Loading environment from /home/runner/work/key/key/key.core/../key.ui/examples/standard_key/java_dl/exceptions.key.proof 
128181     DEBUG main            d.u.i.k.p.i.AbstractProblemLoader Environment load took 97.8ns 
128182     INFO  main            d.u.i.k.p.i.AbstractProblemLoader Creating init config 
128204     WARN  main            d.u.i.k.j.r.KeYCrossReferenceNameInfo Datatype java.io.InputStream declared twice: Once in FILE:/home/runner/work/key/key/key.core/../key.ui/examples/standard_key/java_dl/classpath/InputStream.java and once in URL:file:/home/runner/work/key/key/key.core/build/resources/main/de/uka/ilkd/key/java/JavaRedux/java/io/InputStream.java, Keeping one from URL:file:/home/runner/work/key/key/key.core/build/resources/main/de/uka/ilkd/key/java/JavaRedux/java/io/InputStream.java 
128204     WARN  main            d.u.i.k.j.r.KeYCrossReferenceNameInfo Datatype java.lang.System declared twice: Once in FILE:/home/runner/work/key/key/key.core/../key.ui/examples/standard_key/java_dl/classpath/System.java and once in URL:file:/home/runner/work/key/key/key.core/build/resources/main/de/uka/ilkd/key/java/JavaRedux/java/lang/System.java, Keeping one from URL:file:/home/runner/work/key/key/key.core/build/resources/main/de/uka/ilkd/key/java/JavaRedux/java/lang/System.java 
128204     WARN  main            d.u.i.k.j.r.KeYCrossReferenceNameInfo Datatype java.io.PrintStream declared twice: Once in FILE:/home/runner/work/key/key/key.core/../key.ui/examples/standard_key/java_dl/classpath/PrintStream.java and once in URL:file:/home/runner/work/key/key/key.core/build/resources/main/de/uka/ilkd/key/java/JavaRedux/java/io/PrintStream.java, Keeping one from URL:file:/home/runner/work/key/key/key.core/build/resources/main/de/uka/ilkd/key/java/JavaRedux/java/io/PrintStream.java 
128207     DEBUG main            d.u.i.k.j.r.ClassFileDeclarationBuilder Parsing: package java.io; public class Closeable { } 
128207     DEBUG main            r.s.KeYCrossReferenceSourceInfo Dynamically created class: java.io.Closeable 
130478     DEBUG main            d.u.i.k.p.i.AbstractProblemLoader Init config took 2.3s 
130493     INFO  main            d.u.i.k.p.i.AbstractProblemLoader Replaying proof exceptions.key.proof 
130532     DEBUG main            d.u.i.k.p.i.IntermediateProofReplayer Proof replay took 37.32ms 
130533     DEBUG main            d.u.i.k.p.r.p.TestFile    ... success: reloaded. 
130534     INFO  main            d.u.i.k.p.r.p.TestFile    Now processing file /home/runner/work/key/key/key.core/../key.ui/examples/standard_key/java_dl/exceptions1.key 
130534     INFO  main            d.u.i.k.p.i.AbstractProblemLoader Loading environment from /home/runner/work/key/key/key.core/../key.ui/examples/standard_key/java_dl/exceptions1.key 
130535     DEBUG main            d.u.i.k.p.i.AbstractProblemLoader Environment load took 77.8ns 
130536     INFO  main            d.u.i.k.p.i.AbstractProblemLoader Creating init config 
132822     DEBUG main            d.u.i.k.p.i.AbstractProblemLoader Init config took 2.29s 
132837     INFO  main            d.u.i.k.p.i.AbstractProblemLoader Replaying proof exceptions1.key 
132839     DEBUG main            d.u.i.k.p.i.IntermediateProofReplayer Proof replay took 6.4ns 
132943     INFO  main            d.u.i.k.p.r.p.TestFile    ... finished proof: closed. 
133221     INFO  main            d.u.i.k.p.i.AbstractProblemLoader Loading environment from /home/runner/work/key/key/key.core/../key.ui/examples/standard_key/java_dl/exceptions1.key.proof 
133221     DEBUG main            d.u.i.k.p.i.AbstractProblemLoader Environment load took 93.1ns 
133225     INFO  main            d.u.i.k.p.i.AbstractProblemLoader Creating init config 
135488     DEBUG main            d.u.i.k.p.i.AbstractProblemLoader Init config took 2.26s 
135502     INFO  main            d.u.i.k.p.i.AbstractProblemLoader Replaying proof exceptions1.key.proof 
135532     DEBUG main            d.u.i.k.p.i.IntermediateProofReplayer Proof replay took 27.54ms 
135533     DEBUG main            d.u.i.k.p.r.p.TestFile    ... success: reloaded. 
135534     INFO  main            d.u.i.k.p.r.p.TestFile    Now processing file /home/runner/work/key/key/key.core/../key.ui/examples/standard_key/java_dl/exceptions2.key 
135534     INFO  main            d.u.i.k.p.i.AbstractProblemLoader Loading environment from /home/runner/work/key/key/key.core/../key.ui/examples/standard_key/java_dl/exceptions2.key 
135534     DEBUG main            d.u.i.k.p.i.AbstractProblemLoader Environment load took 97ns 
135535     INFO  main            d.u.i.k.p.i.AbstractProblemLoader Creating init config 
137907     DEBUG main            d.u.i.k.p.i.AbstractProblemLoader Init config took 2.37s 
137925     INFO  main            d.u.i.k.p.i.AbstractProblemLoader Replaying proof exceptions2.key 
137927     DEBUG main            d.u.i.k.p.i.IntermediateProofReplayer Proof replay took 7.4ns 
138130     INFO  main            d.u.i.k.p.r.p.TestFile    ... finished proof: closed. 
138404     INFO  main            d.u.i.k.p.i.AbstractProblemLoader Loading environment from /home/runner/work/key/key/key.core/../key.ui/examples/standard_key/java_dl/exceptions2.key.proof 
138404     DEBUG main            d.u.i.k.p.i.AbstractProblemLoader Environment load took 90.1ns 
138405     INFO  main            d.u.i.k.p.i.AbstractProblemLoader Creating init config 
140652     DEBUG main            d.u.i.k.p.i.AbstractProblemLoader Init config took 2.25s 
140667     INFO  main            d.u.i.k.p.i.AbstractProblemLoader Replaying proof exceptions2.key.proof 
140698     DEBUG main            d.u.i.k.p.i.IntermediateProofReplayer Proof replay took 28.32ms 
140699     DEBUG main            d.u.i.k.p.r.p.TestFile    ... success: reloaded. 
140700     INFO  main            d.u.i.k.p.r.p.TestFile    Now processing file /home/runner/work/key/key/key.core/../key.ui/examples/standard_key/java_dl/exceptions3.key 
140700     INFO  main            d.u.i.k.p.i.AbstractProblemLoader Loading environment from /home/runner/work/key/key/key.core/../key.ui/examples/standard_key/java_dl/exceptions3.key 
140700     DEBUG main            d.u.i.k.p.i.AbstractProblemLoader Environment load took 187.2ns 
140701     INFO  main            d.u.i.k.p.i.AbstractProblemLoader Creating init config 
140721     WARN  main            d.u.i.k.j.r.KeYCrossReferenceNameInfo Datatype java.io.InputStream declared twice: Once in FILE:/home/runner/work/key/key/key.core/../key.ui/examples/standard_key/java_dl/classpath/InputStream.java and once in URL:file:/home/runner/work/key/key/key.core/build/resources/main/de/uka/ilkd/key/java/JavaRedux/java/io/InputStream.java, Keeping one from URL:file:/home/runner/work/key/key/key.core/build/resources/main/de/uka/ilkd/key/java/JavaRedux/java/io/InputStream.java 
140722     WARN  main            d.u.i.k.j.r.KeYCrossReferenceNameInfo Datatype java.lang.System declared twice: Once in FILE:/home/runner/work/key/key/key.core/../key.ui/examples/standard_key/java_dl/classpath/System.java and once in URL:file:/home/runner/work/key/key/key.core/build/resources/main/de/uka/ilkd/key/java/JavaRedux/java/lang/System.java, Keeping one from URL:file:/home/runner/work/key/key/key.core/build/resources/main/de/uka/ilkd/key/java/JavaRedux/java/lang/System.java 
140722     WARN  main            d.u.i.k.j.r.KeYCrossReferenceNameInfo Datatype java.io.PrintStream declared twice: Once in FILE:/home/runner/work/key/key/key.core/../key.ui/examples/standard_key/java_dl/classpath/PrintStream.java and once in URL:file:/home/runner/work/key/key/key.core/build/resources/main/de/uka/ilkd/key/java/JavaRedux/java/io/PrintStream.java, Keeping one from URL:file:/home/runner/work/key/key/key.core/build/resources/main/de/uka/ilkd/key/java/JavaRedux/java/io/PrintStream.java 
140725     DEBUG main            d.u.i.k.j.r.ClassFileDeclarationBuilder Parsing: package java.io; public class Closeable { } 
140725     DEBUG main            r.s.KeYCrossReferenceSourceInfo Dynamically created class: java.io.Closeable 
143033     DEBUG main            d.u.i.k.p.i.AbstractProblemLoader Init config took 2.33s 
143047     INFO  main            d.u.i.k.p.i.AbstractProblemLoader Replaying proof exceptions3.key 
143048     DEBUG main            d.u.i.k.p.i.IntermediateProofReplayer Proof replay took 7.2ns 
143151     INFO  main            d.u.i.k.p.r.p.TestFile    ... finished proof: closed. 
143425     INFO  main            d.u.i.k.p.i.AbstractProblemLoader Loading environment from /home/runner/work/key/key/key.core/../key.ui/examples/standard_key/java_dl/exceptions3.key.proof 
143425     DEBUG main            d.u.i.k.p.i.AbstractProblemLoader Environment load took 99.1ns 
143426     INFO  main            d.u.i.k.p.i.AbstractProblemLoader Creating init config 
143447     WARN  main            d.u.i.k.j.r.KeYCrossReferenceNameInfo Datatype java.io.InputStream declared twice: Once in FILE:/home/runner/work/key/key/key.core/../key.ui/examples/standard_key/java_dl/classpath/InputStream.java and once in URL:file:/home/runner/work/key/key/key.core/build/resources/main/de/uka/ilkd/key/java/JavaRedux/java/io/InputStream.java, Keeping one from URL:file:/home/runner/work/key/key/key.core/build/resources/main/de/uka/ilkd/key/java/JavaRedux/java/io/InputStream.java 
143447     WARN  main            d.u.i.k.j.r.KeYCrossReferenceNameInfo Datatype java.lang.System declared twice: Once in FILE:/home/runner/work/key/key/key.core/../key.ui/examples/standard_key/java_dl/classpath/System.java and once in URL:file:/home/runner/work/key/key/key.core/build/resources/main/de/uka/ilkd/key/java/JavaRedux/java/lang/System.java, Keeping one from URL:file:/home/runner/work/key/key/key.core/build/resources/main/de/uka/ilkd/key/java/JavaRedux/java/lang/System.java 
143447     WARN  main            d.u.i.k.j.r.KeYCrossReferenceNameInfo Datatype java.io.PrintStream declared twice: Once in FILE:/home/runner/work/key/key/key.core/../key.ui/examples/standard_key/java_dl/classpath/PrintStream.java and once in URL:file:/home/runner/work/key/key/key.core/build/resources/main/de/uka/ilkd/key/java/JavaRedux/java/io/PrintStream.java, Keeping one from URL:file:/home/runner/work/key/key/key.core/build/resources/main/de/uka/ilkd/key/java/JavaRedux/java/io/PrintStream.java 
143450     DEBUG main            d.u.i.k.j.r.ClassFileDeclarationBuilder Parsing: package java.io; public class Closeable { } 
143450     DEBUG main            r.s.KeYCrossReferenceSourceInfo Dynamically created class: java.io.Closeable 
145740     DEBUG main            d.u.i.k.p.i.AbstractProblemLoader Init config took 2.31s 
145754     INFO  main            d.u.i.k.p.i.AbstractProblemLoader Replaying proof exceptions3.key.proof 
145759     DEBUG main            d.u.i.k.p.i.IntermediateProofReplayer Proof replay took 3.63ms 
145760     DEBUG main            d.u.i.k.p.r.p.TestFile    ... success: reloaded. 
145760     INFO  main            d.u.i.k.p.r.p.TestFile    Now processing file /home/runner/work/key/key/key.core/../key.ui/examples/standard_key/java_dl/exchange.key 
145761     INFO  main            d.u.i.k.p.i.AbstractProblemLoader Loading environment from /home/runner/work/key/key/key.core/../key.ui/examples/standard_key/java_dl/exchange.key 
145761     DEBUG main            d.u.i.k.p.i.AbstractProblemLoader Environment load took 78.2ns 
145762     INFO  main            d.u.i.k.p.i.AbstractProblemLoader Creating init config 
148053     DEBUG main            d.u.i.k.p.i.AbstractProblemLoader Init config took 2.29s 
148068     INFO  main            d.u.i.k.p.i.AbstractProblemLoader Replaying proof exchange.key 
148069     DEBUG main            d.u.i.k.p.i.IntermediateProofReplayer Proof replay took 7.3ns 
148172     INFO  main            d.u.i.k.p.r.p.TestFile    ... finished proof: closed. 
148447     INFO  main            d.u.i.k.p.i.AbstractProblemLoader Loading environment from /home/runner/work/key/key/key.core/../key.ui/examples/standard_key/java_dl/exchange.key.proof 
148447     DEBUG main            d.u.i.k.p.i.AbstractProblemLoader Environment load took 106.9ns 
148448     INFO  main            d.u.i.k.p.i.AbstractProblemLoader Creating init config 
150701     DEBUG main            d.u.i.k.p.i.AbstractProblemLoader Init config took 2.25s 
150715     INFO  main            d.u.i.k.p.i.AbstractProblemLoader Replaying proof exchange.key.proof 
150722     DEBUG main            d.u.i.k.p.i.IntermediateProofReplayer Proof replay took 4.12ms 
150722     DEBUG main            d.u.i.k.p.r.p.TestFile    ... success: reloaded. 
150723     INFO  main            d.u.i.k.p.r.p.TestFile    Now processing file /home/runner/work/key/key/key.core/../key.ui/examples/standard_key/java_dl/if.key 
150723     INFO  main            d.u.i.k.p.i.AbstractProblemLoader Loading environment from /home/runner/work/key/key/key.core/../key.ui/examples/standard_key/java_dl/if.key 
150723     DEBUG main            d.u.i.k.p.i.AbstractProblemLoader Environment load took 80ns 
150724     INFO  main            d.u.i.k.p.i.AbstractProblemLoader Creating init config 
153014     DEBUG main            d.u.i.k.p.i.AbstractProblemLoader Init config took 2.29s 
153027     INFO  main            d.u.i.k.p.i.AbstractProblemLoader Replaying proof if.key 
153028     DEBUG main            d.u.i.k.p.i.IntermediateProofReplayer Proof replay took 6.9ns 
153131     INFO  main            d.u.i.k.p.r.p.TestFile    ... finished proof: closed. 
153483     INFO  main            d.u.i.k.p.i.AbstractProblemLoader Loading environment from /home/runner/work/key/key/key.core/../key.ui/examples/standard_key/java_dl/if.key.proof 
153483     DEBUG main            d.u.i.k.p.i.AbstractProblemLoader Environment load took 93.4ns 
153484     INFO  main            d.u.i.k.p.i.AbstractProblemLoader Creating init config 
155738     DEBUG main            d.u.i.k.p.i.AbstractProblemLoader Init config took 2.25s 
155751     INFO  main            d.u.i.k.p.i.AbstractProblemLoader Replaying proof if.key.proof 
155756     DEBUG main            d.u.i.k.p.i.IntermediateProofReplayer Proof replay took 2.76ms 
155756     DEBUG main            d.u.i.k.p.r.p.TestFile    ... success: reloaded. 
155757     INFO  main            d.u.i.k.p.r.p.TestFile    Now processing file /home/runner/work/key/key/key.core/../key.ui/examples/standard_key/java_dl/incrementcounter.key 
155757     INFO  main            d.u.i.k.p.i.AbstractProblemLoader Loading environment from /home/runner/work/key/key/key.core/../key.ui/examples/standard_key/java_dl/incrementcounter.key 
155757     DEBUG main            d.u.i.k.p.i.AbstractProblemLoader Environment load took 76.7ns 
155758     INFO  main            d.u.i.k.p.i.AbstractProblemLoader Creating init config 
158038     DEBUG main            d.u.i.k.p.i.AbstractProblemLoader Init config took 2.28s 
158052     INFO  main            d.u.i.k.p.i.AbstractProblemLoader Replaying proof incrementcounter.key 
158054     DEBUG main            d.u.i.k.p.i.IntermediateProofReplayer Proof replay took 6.5ns 
158155     INFO  main            d.u.i.k.p.r.p.TestFile    ... finished proof: closed. 
158448     INFO  main            d.u.i.k.p.i.AbstractProblemLoader Loading environment from /home/runner/work/key/key/key.core/../key.ui/examples/standard_key/java_dl/incrementcounter.key.proof 
158448     DEBUG main            d.u.i.k.p.i.AbstractProblemLoader Environment load took 96.7ns 
158449     INFO  main            d.u.i.k.p.i.AbstractProblemLoader Creating init config 
160695     DEBUG main            d.u.i.k.p.i.AbstractProblemLoader Init config took 2.25s 
160708     INFO  main            d.u.i.k.p.i.AbstractProblemLoader Replaying proof incrementcounter.key.proof 
160711     DEBUG main            d.u.i.k.p.i.IntermediateProofReplayer Proof replay took 1.83ms 
160712     DEBUG main            d.u.i.k.p.r.p.TestFile    ... success: reloaded. 
160713     INFO  main            d.u.i.k.p.r.p.TestFile    Now processing file /home/runner/work/key/key/key.core/../key.ui/examples/standard_key/java_dl/danglingElse.key 
160713     INFO  main            d.u.i.k.p.i.AbstractProblemLoader Loading environment from /home/runner/work/key/key/key.core/../key.ui/examples/standard_key/java_dl/danglingElse.key 
160713     DEBUG main            d.u.i.k.p.i.AbstractProblemLoader Environment load took 78.1ns 
160714     INFO  main            d.u.i.k.p.i.AbstractProblemLoader Creating init config 
163042     DEBUG main            d.u.i.k.p.i.AbstractProblemLoader Init config took 2.33s 
163056     INFO  main            d.u.i.k.p.i.AbstractProblemLoader Replaying proof danglingElse.key 
163058     DEBUG main            d.u.i.k.p.i.IntermediateProofReplayer Proof replay took 7.1ns 
163160     INFO  main            d.u.i.k.p.r.p.TestFile    ... finished proof: open goal(s) 
163524     INFO  main            d.u.i.k.p.r.p.TestFile    Now processing file /home/runner/work/key/key/key.core/../key.ui/examples/standard_key/java_dl/iteratedAssignment.key 
163524     INFO  main            d.u.i.k.p.i.AbstractProblemLoader Loading environment from /home/runner/work/key/key/key.core/../key.ui/examples/standard_key/java_dl/iteratedAssignment.key 
163524     DEBUG main            d.u.i.k.p.i.AbstractProblemLoader Environment load took 52.9ns 
163525     INFO  main            d.u.i.k.p.i.AbstractProblemLoader Creating init config 
165818     DEBUG main            d.u.i.k.p.i.AbstractProblemLoader Init config took 2.29s 
165834     INFO  main            d.u.i.k.p.i.AbstractProblemLoader Replaying proof iteratedAssignment.key 
165836     DEBUG main            d.u.i.k.p.i.IntermediateProofReplayer Proof replay took 7.6ns 
166146     INFO  main            d.u.i.k.p.r.p.TestFile    ... finished proof: closed. 
166491     INFO  main            d.u.i.k.p.i.AbstractProblemLoader Loading environment from /home/runner/work/key/key/key.core/../key.ui/examples/standard_key/java_dl/iteratedAssignment.key.proof 
166491     DEBUG main            d.u.i.k.p.i.AbstractProblemLoader Environment load took 100.2ns 
166492     INFO  main            d.u.i.k.p.i.AbstractProblemLoader Creating init config 
168746     DEBUG main            d.u.i.k.p.i.AbstractProblemLoader Init config took 2.25s 
168760     INFO  main            d.u.i.k.p.i.AbstractProblemLoader Replaying proof iteratedAssignment.key.proof 
168834     DEBUG main            d.u.i.k.p.i.IntermediateProofReplayer Proof replay took 71.44ms 
168835     DEBUG main            d.u.i.k.p.r.p.TestFile    ... success: reloaded. 
168836     INFO  main            d.u.i.k.p.r.p.TestFile    Now processing file /home/runner/work/key/key/key.core/../key.ui/examples/standard_key/java_dl/assert/assert1.key 
168836     INFO  main            d.u.i.k.p.i.AbstractProblemLoader Loading environment from /home/runner/work/key/key/key.core/../key.ui/examples/standard_key/java_dl/assert/assert1.key 
168837     DEBUG main            d.u.i.k.p.i.AbstractProblemLoader Environment load took 170.4ns 
168838     INFO  main            d.u.i.k.p.i.AbstractProblemLoader Creating init config 
171188     DEBUG main            d.u.i.k.p.i.AbstractProblemLoader Init config took 2.35s 
171221     INFO  main            d.u.i.k.p.i.AbstractProblemLoader Replaying proof C[C::foo()].JML normal_behavior operation contract.0 
171222     DEBUG main            d.u.i.k.p.i.IntermediateProofReplayer Proof replay took 6.8ns 
171427     INFO  main            d.u.i.k.p.r.p.TestFile    ... finished proof: open goal(s) 
171746     INFO  main            d.u.i.k.p.r.p.TestFile    Now processing file /home/runner/work/key/key/key.core/../key.ui/examples/standard_key/java_dl/assert/assert2.key 
171746     INFO  main            d.u.i.k.p.i.AbstractProblemLoader Loading environment from /home/runner/work/key/key/key.core/../key.ui/examples/standard_key/java_dl/assert/assert2.key 
171746     DEBUG main            d.u.i.k.p.i.AbstractProblemLoader Environment load took 51.9ns 
171747     INFO  main            d.u.i.k.p.i.AbstractProblemLoader Creating init config 
174046     DEBUG main            d.u.i.k.p.i.AbstractProblemLoader Init config took 2.3s 
174079     INFO  main            d.u.i.k.p.i.AbstractProblemLoader Replaying proof C[C::bar()].JML exceptional_behavior operation contract.0 
174081     DEBUG main            d.u.i.k.p.i.IntermediateProofReplayer Proof replay took 7.5ns 
174287     INFO  main            d.u.i.k.p.r.p.TestFile    ... finished proof: closed. 
174590     INFO  main            d.u.i.k.p.i.AbstractProblemLoader Loading environment from /home/runner/work/key/key/key.core/../key.ui/examples/standard_key/java_dl/assert/assert2.key.proof 
174590     DEBUG main            d.u.i.k.p.i.AbstractProblemLoader Environment load took 90.1ns 
174591     INFO  main            d.u.i.k.p.i.AbstractProblemLoader Creating init config 
176879     DEBUG main            d.u.i.k.p.i.AbstractProblemLoader Init config took 2.29s 
176913     INFO  main            d.u.i.k.p.i.AbstractProblemLoader Replaying proof C[C::bar()].JML exceptional_behavior operation contract.0 
176970     DEBUG main            d.u.i.k.p.i.IntermediateProofReplayer Proof replay took 47.84ms 
176971     DEBUG main            d.u.i.k.p.r.p.TestFile    ... success: reloaded. 
176973     INFO  main            d.u.i.k.p.r.p.TestFile    Now processing file /home/runner/work/key/key/key.core/../key.ui/examples/standard_key/java_dl/assert/assert3.key 
176973     INFO  main            d.u.i.k.p.i.AbstractProblemLoader Loading environment from /home/runner/work/key/key/key.core/../key.ui/examples/standard_key/java_dl/assert/assert3.key 
176973     DEBUG main            d.u.i.k.p.i.AbstractProblemLoader Environment load took 170ns 
176974     INFO  main            d.u.i.k.p.i.AbstractProblemLoader Creating init config 
179305     DEBUG main            d.u.i.k.p.i.AbstractProblemLoader Init config took 2.33s 
179355     INFO  main            d.u.i.k.p.i.AbstractProblemLoader Replaying proof C[C::foo()].JML normal_behavior operation contract.0 
179358     DEBUG main            d.u.i.k.p.i.IntermediateProofReplayer Proof replay took 6.8ns 
179459     INFO  main            d.u.i.k.p.r.p.TestFile    ... finished proof: open goal(s) 
179883     INFO  main            d.u.i.k.p.r.p.TestFile    Now processing file /home/runner/work/key/key/key.core/../key.ui/examples/standard_key/java_dl/java5/vararg.key 
179884     INFO  main            d.u.i.k.p.i.AbstractProblemLoader Loading environment from /home/runner/work/key/key/key.core/../key.ui/examples/standard_key/java_dl/java5/vararg.key 
179884     DEBUG main            d.u.i.k.p.i.AbstractProblemLoader Environment load took 53ns 
179885     INFO  main            d.u.i.k.p.i.AbstractProblemLoader Creating init config 
180710     DEBUG main            d.u.i.k.j.r.ClassPreparationMethodBuilder clPrepBuilder: Inner Class detected. Reject building class initialisation methods. 
182797     DEBUG main            d.u.i.k.p.i.AbstractProblemLoader Init config took 2.91s 
182822     INFO  main            d.u.i.k.p.i.AbstractProblemLoader Replaying proof vararg.key 
182823     DEBUG main            d.u.i.k.p.i.IntermediateProofReplayer Proof replay took 7.9ns 
183078     DEBUG Thread-101      d.u.i.k.j.d.VariableSpecification Program match. Variables have different dimension (template #v0 = #vi;, source var#17[] = new java.lang.Object[]{d1, d2};) 
183240     DEBUG Thread-101      d.u.i.k.j.d.VariableSpecification Program match. Variables have different dimension (template #v0 = #vi;, source var#24[] = new java.lang.Object[]{d1, d2};) 
183381     DEBUG Thread-101      d.u.i.k.j.d.VariableSpecification Program match. Variables have different dimension (template #v0 = #vi;, source var#33[] = new java.lang.Object[]{var_1};) 
183382     DEBUG Thread-101      d.u.i.k.j.d.VariableSpecification Program match. Variables have different dimension (template #v0 = #vi;, source var#33[] = new java.lang.Object[]{var_1};) 
183492     DEBUG Thread-101      d.u.i.k.j.d.VariableSpecification Program match. Variables have different dimension (template #v0 = #vi;, source var#39[] = new java.lang.Object[]{null, null};) 
183627     DEBUG Thread-101      d.u.i.k.j.d.VariableSpecification Program match. Variables have different dimension (template #v0 = #vi;, source var#46[] = new java.lang.Object[]{};) 
184031     INFO  main            d.u.i.k.p.r.p.TestFile    ... finished proof: closed. 
184409     INFO  main            d.u.i.k.p.i.AbstractProblemLoader Loading environment from /home/runner/work/key/key/key.core/../key.ui/examples/standard_key/java_dl/java5/vararg.key.proof 
184410     DEBUG main            d.u.i.k.p.i.AbstractProblemLoader Environment load took 358.61ns 
184411     INFO  main            d.u.i.k.p.i.AbstractProblemLoader Creating init config 
185207     DEBUG main            d.u.i.k.j.r.ClassPreparationMethodBuilder clPrepBuilder: Inner Class detected. Reject building class initialisation methods. 
186917     DEBUG main            d.u.i.k.p.i.AbstractProblemLoader Init config took 2.51s 
186949     INFO  main            d.u.i.k.p.i.AbstractProblemLoader Replaying proof vararg.key.proof 
187279     DEBUG main            d.u.i.k.p.i.IntermediateProofReplayer Proof replay took 319.56ms 
187280     DEBUG main            d.u.i.k.p.r.p.TestFile    ... success: reloaded. 
187281     INFO  main            d.u.i.k.p.r.p.TestFile    Now processing file /home/runner/work/key/key/key.core/../key.ui/examples/standard_key/java_dl/java5/for_Array.key 
187281     INFO  main            d.u.i.k.p.i.AbstractProblemLoader Loading environment from /home/runner/work/key/key/key.core/../key.ui/examples/standard_key/java_dl/java5/for_Array.key 
187281     DEBUG main            d.u.i.k.p.i.AbstractProblemLoader Environment load took 207.7ns 
187283     INFO  main            d.u.i.k.p.i.AbstractProblemLoader Creating init config 
188096     DEBUG main            d.u.i.k.j.r.ClassPreparationMethodBuilder clPrepBuilder: Inner Class detected. Reject building class initialisation methods. 
189843     DEBUG main            d.u.i.k.p.i.AbstractProblemLoader Init config took 2.56s 
189926     INFO  main            d.u.i.k.p.i.AbstractProblemLoader Replaying proof For[For::sum([I)].JML operation contract.0 
189928     DEBUG main            d.u.i.k.p.i.IntermediateProofReplayer Proof replay took 8ns 
190230     INFO  main            d.u.i.k.p.r.p.TestFile    ... finished proof: closed. 
190612     INFO  main            d.u.i.k.p.i.AbstractProblemLoader Loading environment from /home/runner/work/key/key/key.core/../key.ui/examples/standard_key/java_dl/java5/for_Array.key.proof 
190612     DEBUG main            d.u.i.k.p.i.AbstractProblemLoader Environment load took 95.8ns 
190614     INFO  main            d.u.i.k.p.i.AbstractProblemLoader Creating init config 
191398     DEBUG main            d.u.i.k.j.r.ClassPreparationMethodBuilder clPrepBuilder: Inner Class detected. Reject building class initialisation methods. 
193061     DEBUG main            d.u.i.k.p.i.AbstractProblemLoader Init config took 2.45s 
193129     INFO  main            d.u.i.k.p.i.AbstractProblemLoader Replaying proof For[For::sum([I)].JML operation contract.0 
193230     DEBUG main            d.u.i.k.p.i.IntermediateProofReplayer Proof replay took 97.05ms 
193231     DEBUG main            d.u.i.k.p.r.p.TestFile    ... success: reloaded. 
193232     INFO  main            d.u.i.k.p.r.p.TestFile    Now processing file /home/runner/work/key/key/key.core/../key.ui/examples/standard_key/java_dl/java5/for_Iterable.key 
193232     INFO  main            d.u.i.k.p.i.AbstractProblemLoader Loading environment from /home/runner/work/key/key/key.core/../key.ui/examples/standard_key/java_dl/java5/for_Iterable.key 
193232     DEBUG main            d.u.i.k.p.i.AbstractProblemLoader Environment load took 180ns 
193233     INFO  main            d.u.i.k.p.i.AbstractProblemLoader Creating init config 
194033     DEBUG main            d.u.i.k.j.r.ClassPreparationMethodBuilder clPrepBuilder: Inner Class detected. Reject building class initialisation methods. 
195767     DEBUG main            d.u.i.k.p.i.AbstractProblemLoader Init config took 2.53s 
195815     INFO  main            d.u.i.k.p.i.AbstractProblemLoader Replaying proof For[For::infiniteLoop(For)].JML operation contract.0 
195816     DEBUG main            d.u.i.k.p.i.IntermediateProofReplayer Proof replay took 7ns 
196019     INFO  main            d.u.i.k.p.r.p.TestFile    ... finished proof: closed. 
196362     INFO  main            d.u.i.k.p.i.AbstractProblemLoader Loading environment from /home/runner/work/key/key/key.core/../key.ui/examples/standard_key/java_dl/java5/for_Iterable.key.proof 
196362     DEBUG main            d.u.i.k.p.i.AbstractProblemLoader Environment load took 108ns 
196363     INFO  main            d.u.i.k.p.i.AbstractProblemLoader Creating init config 
197138     DEBUG main            d.u.i.k.j.r.ClassPreparationMethodBuilder clPrepBuilder: Inner Class detected. Reject building class initialisation methods. 
198811     DEBUG main            d.u.i.k.p.i.AbstractProblemLoader Init config took 2.45s 
198858     INFO  main            d.u.i.k.p.i.AbstractProblemLoader Replaying proof For[For::infiniteLoop(For)].JML operation contract.0 
198906     DEBUG main            d.u.i.k.p.i.IntermediateProofReplayer Proof replay took 46.68ms 
198907     DEBUG main            d.u.i.k.p.r.p.TestFile    ... success: reloaded. 
198908     INFO  main            d.u.i.k.p.r.p.TestFile    Now processing file /home/runner/work/key/key/key.core/../key.ui/examples/standard_key/java_dl/java5/for_ReferenceArray.key 
198908     INFO  main            d.u.i.k.p.i.AbstractProblemLoader Loading environment from /home/runner/work/key/key/key.core/../key.ui/examples/standard_key/java_dl/java5/for_ReferenceArray.key 
198908     DEBUG main            d.u.i.k.p.i.AbstractProblemLoader Environment load took 84ns 
198909     INFO  main            d.u.i.k.p.i.AbstractProblemLoader Creating init config 
199735     DEBUG main            d.u.i.k.j.r.ClassPreparationMethodBuilder clPrepBuilder: Inner Class detected. Reject building class initialisation methods. 
201412     DEBUG main            d.u.i.k.p.i.AbstractProblemLoader Init config took 2.5s 
201459     INFO  main            d.u.i.k.p.i.AbstractProblemLoader Replaying proof ForReferenceArray[ForReferenceArray::foo([Ljava.lang.Object)].JML operation contract.0 
201461     DEBUG main            d.u.i.k.p.i.IntermediateProofReplayer Proof replay took 8ns 
201764     INFO  main            d.u.i.k.p.r.p.TestFile    ... finished proof: closed. 
202115     INFO  main            d.u.i.k.p.i.AbstractProblemLoader Loading environment from /home/runner/work/key/key/key.core/../key.ui/examples/standard_key/java_dl/java5/for_ReferenceArray.key.proof 
202115     DEBUG main            d.u.i.k.p.i.AbstractProblemLoader Environment load took 114.3ns 
202116     INFO  main            d.u.i.k.p.i.AbstractProblemLoader Creating init config 
202886     DEBUG main            d.u.i.k.j.r.ClassPreparationMethodBuilder clPrepBuilder: Inner Class detected. Reject building class initialisation methods. 
204537     DEBUG main            d.u.i.k.p.i.AbstractProblemLoader Init config took 2.42s 
204585     INFO  main            d.u.i.k.p.i.AbstractProblemLoader Replaying proof ForReferenceArray[ForReferenceArray::foo([Ljava.lang.Object)].JML operation contract.0 
204643     DEBUG main            d.u.i.k.p.i.IntermediateProofReplayer Proof replay took 56.02ms 
204646     DEBUG main            d.u.i.k.p.r.p.TestFile    ... success: reloaded. 
204647     INFO  main            d.u.i.k.p.r.p.TestFile    Now processing file /home/runner/work/key/key/key.core/../key.ui/examples/standard_key/java_dl/jml-bigint/cast.key 
204647     INFO  main            d.u.i.k.p.i.AbstractProblemLoader Loading environment from /home/runner/work/key/key/key.core/../key.ui/examples/standard_key/java_dl/jml-bigint/cast.key 
204647     DEBUG main            d.u.i.k.p.i.AbstractProblemLoader Environment load took 153.1ns 
204648     INFO  main            d.u.i.k.p.i.AbstractProblemLoader Creating init config 
207036     DEBUG main            d.u.i.k.p.i.AbstractProblemLoader Init config took 2.39s 
207069     INFO  main            d.u.i.k.p.i.AbstractProblemLoader Replaying proof Mult[Mult::cast()].JML operation contract.0 
207071     DEBUG main            d.u.i.k.p.i.IntermediateProofReplayer Proof replay took 7.7ns 
207173     INFO  main            d.u.i.k.p.r.p.TestFile    ... finished proof: closed. 
207580     INFO  main            d.u.i.k.p.i.AbstractProblemLoader Loading environment from /home/runner/work/key/key/key.core/../key.ui/examples/standard_key/java_dl/jml-bigint/cast.key.proof 
207580     DEBUG main            d.u.i.k.p.i.AbstractProblemLoader Environment load took 102.6ns 
207581     INFO  main            d.u.i.k.p.i.AbstractProblemLoader Creating init config 
209912     DEBUG main            d.u.i.k.p.i.AbstractProblemLoader Init config took 2.33s 
209945     INFO  main            d.u.i.k.p.i.AbstractProblemLoader Replaying proof Mult[Mult::cast()].JML operation contract.0 
209967     DEBUG main            d.u.i.k.p.i.IntermediateProofReplayer Proof replay took 20.49ms 
209968     DEBUG main            d.u.i.k.p.r.p.TestFile    ... success: reloaded. 
209968     INFO  main            d.u.i.k.p.r.p.TestFile    Now processing file /home/runner/work/key/key/key.core/../key.ui/examples/standard_key/java_dl/jml-free/loopInvFree.key 
209969     INFO  main            d.u.i.k.p.i.AbstractProblemLoader Loading environment from /home/runner/work/key/key/key.core/../key.ui/examples/standard_key/java_dl/jml-free/loopInvFree.key 
209969     DEBUG main            d.u.i.k.p.i.AbstractProblemLoader Environment load took 46.9ns 
209969     INFO  main            d.u.i.k.p.i.AbstractProblemLoader Creating init config 
212325     DEBUG main            d.u.i.k.p.i.AbstractProblemLoader Init config took 2.36s 
212357     INFO  main            d.u.i.k.p.i.AbstractProblemLoader Replaying proof LoopInvFree[LoopInvFree::test()].JML operation contract.0 
212358     DEBUG main            d.u.i.k.p.i.IntermediateProofReplayer Proof replay took 6.8ns 
212563     INFO  main            d.u.i.k.p.r.p.TestFile    ... finished proof: closed. 
212925     INFO  main            d.u.i.k.p.i.AbstractProblemLoader Loading environment from /home/runner/work/key/key/key.core/../key.ui/examples/standard_key/java_dl/jml-free/loopInvFree.key.proof 
212925     DEBUG main            d.u.i.k.p.i.AbstractProblemLoader Environment load took 81.7ns 
212926     INFO  main            d.u.i.k.p.i.AbstractProblemLoader Creating init config 
215207     DEBUG main            d.u.i.k.p.i.AbstractProblemLoader Init config took 2.28s 
215239     INFO  main            d.u.i.k.p.i.AbstractProblemLoader Replaying proof LoopInvFree[LoopInvFree::test()].JML operation contract.0 
215279     DEBUG main            d.u.i.k.p.i.IntermediateProofReplayer Proof replay took 38.28ms 
215280     DEBUG main            d.u.i.k.p.r.p.TestFile    ... success: reloaded. 
215281     INFO  main            d.u.i.k.p.r.p.TestFile    Now processing file /home/runner/work/key/key/key.core/../key.ui/examples/standard_key/java_dl/jml-free/ensuresFree.key 
215281     INFO  main            d.u.i.k.p.i.AbstractProblemLoader Loading environment from /home/runner/work/key/key/key.core/../key.ui/examples/standard_key/java_dl/jml-free/ensuresFree.key 
215281     DEBUG main            d.u.i.k.p.i.AbstractProblemLoader Environment load took 70.8ns 
215282     INFO  main            d.u.i.k.p.i.AbstractProblemLoader Creating init config 
217601     DEBUG main            d.u.i.k.p.i.AbstractProblemLoader Init config took 2.32s 
217633     INFO  main            d.u.i.k.p.i.AbstractProblemLoader Replaying proof EnsuresFree[EnsuresFree::test()].JML operation contract.0 
217637     DEBUG main            d.u.i.k.p.i.IntermediateProofReplayer Proof replay took 6.8ns 
217739     INFO  main            d.u.i.k.p.r.p.TestFile    ... finished proof: closed. 
218115     INFO  main            d.u.i.k.p.i.AbstractProblemLoader Loading environment from /home/runner/work/key/key/key.core/../key.ui/examples/standard_key/java_dl/jml-free/ensuresFree.key.proof 
218115     DEBUG main            d.u.i.k.p.i.AbstractProblemLoader Environment load took 82.6ns 
218115     INFO  main            d.u.i.k.p.i.AbstractProblemLoader Creating init config 
220396     DEBUG main            d.u.i.k.p.i.AbstractProblemLoader Init config took 2.28s 
220428     INFO  main            d.u.i.k.p.i.AbstractProblemLoader Replaying proof EnsuresFree[EnsuresFree::test()].JML operation contract.0 
220446     DEBUG main            d.u.i.k.p.i.IntermediateProofReplayer Proof replay took 16.02ms 
220446     DEBUG main            d.u.i.k.p.r.p.TestFile    ... success: reloaded. 
220447     INFO  main            d.u.i.k.p.r.p.TestFile    Now processing file /home/runner/work/key/key/key.core/../key.ui/examples/standard_key/java_dl/jml-information-flow.key 
220447     INFO  main            d.u.i.k.p.i.AbstractProblemLoader Loading environment from /home/runner/work/key/key/key.core/../key.ui/examples/standard_key/java_dl/jml-information-flow.key 
220447     DEBUG main            d.u.i.k.p.i.AbstractProblemLoader Environment load took 58.4ns 
220452     INFO  main            d.u.i.k.p.i.AbstractProblemLoader Creating init config 
222932     DEBUG main            d.u.i.k.p.i.AbstractProblemLoader Init config took 2.48s 
222950     INFO  main            d.u.i.k.p.i.AbstractProblemLoader Replaying proof jml-information-flow.key 
222951     DEBUG main            d.u.i.k.p.i.IntermediateProofReplayer Proof replay took 7.7ns 
327099     INFO  main            d.u.i.k.p.r.p.TestFile    ... finished proof: closed. 
327628     INFO  main            d.u.i.k.p.i.AbstractProblemLoader Loading environment from /home/runner/work/key/key/key.core/../key.ui/examples/standard_key/java_dl/jml-information-flow.key.proof 
327629     DEBUG main            d.u.i.k.p.i.AbstractProblemLoader Environment load took 338.31ns 
327637     INFO  main            d.u.i.k.p.i.AbstractProblemLoader Creating init config 
330074     DEBUG main            d.u.i.k.p.i.AbstractProblemLoader Init config took 2.44s 
330093     INFO  main            d.u.i.k.p.i.AbstractProblemLoader Replaying proof jml-information-flow.key.proof 
333438     DEBUG main            d.u.i.k.p.i.IntermediateProofReplayer Proof replay took 3.25s 
333446     DEBUG main            d.u.i.k.p.r.p.TestFile    ... success: reloaded. 
333446     INFO  main            d.u.i.k.p.r.p.TestFile    Now processing file /home/runner/work/key/key/key.core/../key.ui/examples/standard_key/java_dl/jml-min/min-unprovable1.key 
333447     INFO  main            d.u.i.k.p.i.AbstractProblemLoader Loading environment from /home/runner/work/key/key/key.core/../key.ui/examples/standard_key/java_dl/jml-min/min-unprovable1.key 
333447     DEBUG main            d.u.i.k.p.i.AbstractProblemLoader Environment load took 48.1ns 
333448     INFO  main            d.u.i.k.p.i.AbstractProblemLoader Creating init config 
335908     DEBUG main            d.u.i.k.p.i.AbstractProblemLoader Init config took 2.46s 
335940     INFO  main            d.u.i.k.p.i.AbstractProblemLoader Replaying proof Min[Min::foo()].JML operation contract.0 
335941     DEBUG main            d.u.i.k.p.i.IntermediateProofReplayer Proof replay took 6.5ns 
336043     INFO  main            d.u.i.k.p.r.p.TestFile    ... finished proof: open goal(s) 
336552     INFO  main            d.u.i.k.p.r.p.TestFile    Now processing file /home/runner/work/key/key/key.core/../key.ui/examples/standard_key/java_dl/jml-min/min-unprovable2.key 
336552     INFO  main            d.u.i.k.p.i.AbstractProblemLoader Loading environment from /home/runner/work/key/key/key.core/../key.ui/examples/standard_key/java_dl/jml-min/min-unprovable2.key 
336552     DEBUG main            d.u.i.k.p.i.AbstractProblemLoader Environment load took 46.1ns 
336553     INFO  main            d.u.i.k.p.i.AbstractProblemLoader Creating init config 
338860     DEBUG main            d.u.i.k.p.i.AbstractProblemLoader Init config took 2.31s 
338892     INFO  main            d.u.i.k.p.i.AbstractProblemLoader Replaying proof Min[Min::foo2()].JML operation contract.0 
338893     DEBUG main            d.u.i.k.p.i.IntermediateProofReplayer Proof replay took 7ns 
338995     INFO  main            d.u.i.k.p.r.p.TestFile    ... finished proof: open goal(s) 
339366     INFO  main            d.u.i.k.p.r.p.TestFile    Now processing file /home/runner/work/key/key/key.core/../key.ui/examples/standard_key/java_dl/methodCall.key 
339366     INFO  main            d.u.i.k.p.i.AbstractProblemLoader Loading environment from /home/runner/work/key/key/key.core/../key.ui/examples/standard_key/java_dl/methodCall.key 
339366     DEBUG main            d.u.i.k.p.i.AbstractProblemLoader Environment load took 48.6ns 
339367     INFO  main            d.u.i.k.p.i.AbstractProblemLoader Creating init config 
341650     DEBUG main            d.u.i.k.p.i.AbstractProblemLoader Init config took 2.28s 
341663     INFO  main            d.u.i.k.p.i.AbstractProblemLoader Replaying proof methodCall.key 
341665     DEBUG main            d.u.i.k.p.i.IntermediateProofReplayer Proof replay took 7.2ns 
341766     INFO  main            d.u.i.k.p.r.p.TestFile    ... finished proof: closed. 
342136     INFO  main            d.u.i.k.p.i.AbstractProblemLoader Loading environment from /home/runner/work/key/key/key.core/../key.ui/examples/standard_key/java_dl/methodCall.key.proof 
342136     DEBUG main            d.u.i.k.p.i.AbstractProblemLoader Environment load took 79.6ns 
342137     INFO  main            d.u.i.k.p.i.AbstractProblemLoader Creating init config 
344429     DEBUG main            d.u.i.k.p.i.AbstractProblemLoader Init config took 2.29s 
344443     INFO  main            d.u.i.k.p.i.AbstractProblemLoader Replaying proof methodCall.key.proof 
344446     DEBUG main            d.u.i.k.p.i.IntermediateProofReplayer Proof replay took 1.77ms 
344447     DEBUG main            d.u.i.k.p.r.p.TestFile    ... success: reloaded. 
344447     INFO  main            d.u.i.k.p.r.p.TestFile    Now processing file /home/runner/work/key/key/key.core/../key.ui/examples/standard_key/java_dl/methodCall1.key 
344447     INFO  main            d.u.i.k.p.i.AbstractProblemLoader Loading environment from /home/runner/work/key/key/key.core/../key.ui/examples/standard_key/java_dl/methodCall1.key 
344447     DEBUG main            d.u.i.k.p.i.AbstractProblemLoader Environment load took 74.9ns 
344448     INFO  main            d.u.i.k.p.i.AbstractProblemLoader Creating init config 
346754     DEBUG main            d.u.i.k.p.i.AbstractProblemLoader Init config took 2.31s 
346768     INFO  main            d.u.i.k.p.i.AbstractProblemLoader Replaying proof methodCall1.key 
346769     DEBUG main            d.u.i.k.p.i.IntermediateProofReplayer Proof replay took 7.2ns 
346871     INFO  main            d.u.i.k.p.r.p.TestFile    ... finished proof: closed. 
347260     INFO  main            d.u.i.k.p.i.AbstractProblemLoader Loading environment from /home/runner/work/key/key/key.core/../key.ui/examples/standard_key/java_dl/methodCall1.key.proof 
347261     DEBUG main            d.u.i.k.p.i.AbstractProblemLoader Environment load took 80.8ns 
347261     INFO  main            d.u.i.k.p.i.AbstractProblemLoader Creating init config 
349538     DEBUG main            d.u.i.k.p.i.AbstractProblemLoader Init config took 2.28s 
349552     INFO  main            d.u.i.k.p.i.AbstractProblemLoader Replaying proof methodCall1.key.proof 
349565     DEBUG main            d.u.i.k.p.i.IntermediateProofReplayer Proof replay took 11.44ms 
349566     DEBUG main            d.u.i.k.p.r.p.TestFile    ... success: reloaded. 
349566     INFO  main            d.u.i.k.p.r.p.TestFile    Now processing file /home/runner/work/key/key/key.core/../key.ui/examples/standard_key/java_dl/methodCall1box.key 
349567     INFO  main            d.u.i.k.p.i.AbstractProblemLoader Loading environment from /home/runner/work/key/key/key.core/../key.ui/examples/standard_key/java_dl/methodCall1box.key 
349567     DEBUG main            d.u.i.k.p.i.AbstractProblemLoader Environment load took 85.6ns 
349567     INFO  main            d.u.i.k.p.i.AbstractProblemLoader Creating init config 
351874     DEBUG main            d.u.i.k.p.i.AbstractProblemLoader Init config took 2.31s 
351892     INFO  main            d.u.i.k.p.i.AbstractProblemLoader Replaying proof methodCall1box.key 
351893     DEBUG main            d.u.i.k.p.i.IntermediateProofReplayer Proof replay took 9.1ns 
351995     INFO  main            d.u.i.k.p.r.p.TestFile    ... finished proof: closed. 
352384     INFO  main            d.u.i.k.p.i.AbstractProblemLoader Loading environment from /home/runner/work/key/key/key.core/../key.ui/examples/standard_key/java_dl/methodCall1box.key.proof 
352384     DEBUG main            d.u.i.k.p.i.AbstractProblemLoader Environment load took 83ns 
352385     INFO  main            d.u.i.k.p.i.AbstractProblemLoader Creating init config 
354673     DEBUG main            d.u.i.k.p.i.AbstractProblemLoader Init config took 2.29s 
354686     INFO  main            d.u.i.k.p.i.AbstractProblemLoader Replaying proof methodCall1box.key.proof 
354701     DEBUG main            d.u.i.k.p.i.IntermediateProofReplayer Proof replay took 12.35ms 
354701     DEBUG main            d.u.i.k.p.r.p.TestFile    ... success: reloaded. 
354702     INFO  main            d.u.i.k.p.r.p.TestFile    Now processing file /home/runner/work/key/key/key.core/../key.ui/examples/standard_key/java_dl/methodCall3.key 
354702     INFO  main            d.u.i.k.p.i.AbstractProblemLoader Loading environment from /home/runner/work/key/key/key.core/../key.ui/examples/standard_key/java_dl/methodCall3.key 
354702     DEBUG main            d.u.i.k.p.i.AbstractProblemLoader Environment load took 69ns 
354703     INFO  main            d.u.i.k.p.i.AbstractProblemLoader Creating init config 
357002     DEBUG main            d.u.i.k.p.i.AbstractProblemLoader Init config took 2.3s 
357016     INFO  main            d.u.i.k.p.i.AbstractProblemLoader Replaying proof methodCall3.key 
357017     DEBUG main            d.u.i.k.p.i.IntermediateProofReplayer Proof replay took 6.9ns 
357119     INFO  main            d.u.i.k.p.r.p.TestFile    ... finished proof: closed. 
357530     INFO  main            d.u.i.k.p.i.AbstractProblemLoader Loading environment from /home/runner/work/key/key/key.core/../key.ui/examples/standard_key/java_dl/methodCall3.key.proof 
357530     DEBUG main            d.u.i.k.p.i.AbstractProblemLoader Environment load took 93.5ns 
357531     INFO  main            d.u.i.k.p.i.AbstractProblemLoader Creating init config 
359813     DEBUG main            d.u.i.k.p.i.AbstractProblemLoader Init config took 2.28s 
359826     INFO  main            d.u.i.k.p.i.AbstractProblemLoader Replaying proof methodCall3.key.proof 
359836     DEBUG main            d.u.i.k.p.i.IntermediateProofReplayer Proof replay took 7.75ms 
359837     DEBUG main            d.u.i.k.p.r.p.TestFile    ... success: reloaded. 
359837     INFO  main            d.u.i.k.p.r.p.TestFile    Now processing file /home/runner/work/key/key/key.core/../key.ui/examples/standard_key/java_dl/polishFlagSort.key 
359837     INFO  main            d.u.i.k.p.i.AbstractProblemLoader Loading environment from /home/runner/work/key/key/key.core/../key.ui/examples/standard_key/java_dl/polishFlagSort.key 
359837     DEBUG main            d.u.i.k.p.i.AbstractProblemLoader Environment load took 62.8ns 
359839     INFO  main            d.u.i.k.p.i.AbstractProblemLoader Creating init config 
362205     DEBUG main            d.u.i.k.p.i.AbstractProblemLoader Init config took 2.37s 
362220     INFO  main            d.u.i.k.p.i.AbstractProblemLoader Replaying proof polishFlagSort.key 
362221     DEBUG main            d.u.i.k.p.i.IntermediateProofReplayer Proof replay took 6.6ns 
364232     INFO  main            d.u.i.k.p.r.p.TestFile    ... finished proof: closed. 
364673     INFO  main            d.u.i.k.p.i.AbstractProblemLoader Loading environment from /home/runner/work/key/key/key.core/../key.ui/examples/standard_key/java_dl/polishFlagSort.key.proof 
364674     DEBUG main            d.u.i.k.p.i.AbstractProblemLoader Environment load took 333.81ns 
364676     INFO  main            d.u.i.k.p.i.AbstractProblemLoader Creating init config 
366994     DEBUG main            d.u.i.k.p.i.AbstractProblemLoader Init config took 2.32s 
367010     INFO  main            d.u.i.k.p.i.AbstractProblemLoader Replaying proof polishFlagSort.key.proof 
367369     DEBUG main            d.u.i.k.p.i.IntermediateProofReplayer Proof replay took 346.86ms 
367371     DEBUG main            d.u.i.k.p.r.p.TestFile    ... success: reloaded. 
367372     INFO  main            d.u.i.k.p.r.p.TestFile    Now processing file /home/runner/work/key/key/key.core/../key.ui/examples/standard_key/java_dl/postConditionTaclets1.key 
367372     INFO  main            d.u.i.k.p.i.AbstractProblemLoader Loading environment from /home/runner/work/key/key/key.core/../key.ui/examples/standard_key/java_dl/postConditionTaclets1.key 
367372     DEBUG main            d.u.i.k.p.i.AbstractProblemLoader Environment load took 79.5ns 
367373     INFO  main            d.u.i.k.p.i.AbstractProblemLoader Creating init config 
369659     DEBUG main            d.u.i.k.p.i.AbstractProblemLoader Init config took 2.29s 
369673     INFO  main            d.u.i.k.p.i.AbstractProblemLoader Replaying proof postConditionTaclets1.key 
369674     DEBUG main            d.u.i.k.p.i.IntermediateProofReplayer Proof replay took 6.1ns 
369776     INFO  main            d.u.i.k.p.r.p.TestFile    ... finished proof: closed. 
370218     INFO  main            d.u.i.k.p.i.AbstractProblemLoader Loading environment from /home/runner/work/key/key/key.core/../key.ui/examples/standard_key/java_dl/postConditionTaclets1.key.proof 
370218     DEBUG main            d.u.i.k.p.i.AbstractProblemLoader Environment load took 82.6ns 
370219     INFO  main            d.u.i.k.p.i.AbstractProblemLoader Creating init config 
372447     DEBUG main            d.u.i.k.p.i.AbstractProblemLoader Init config took 2.23s 
372461     INFO  main            d.u.i.k.p.i.AbstractProblemLoader Replaying proof postConditionTaclets1.key.proof 
372462     DEBUG main            d.u.i.k.p.i.IntermediateProofReplayer Proof replay took 431.01ns 
372463     DEBUG main            d.u.i.k.p.r.p.TestFile    ... success: reloaded. 
372464     INFO  main            d.u.i.k.p.r.p.TestFile    Now processing file /home/runner/work/key/key/key.core/../key.ui/examples/standard_key/java_dl/postConditionTaclets2.key 
372464     INFO  main            d.u.i.k.p.i.AbstractProblemLoader Loading environment from /home/runner/work/key/key/key.core/../key.ui/examples/standard_key/java_dl/postConditionTaclets2.key 
372464     DEBUG main            d.u.i.k.p.i.AbstractProblemLoader Environment load took 71.3ns 
372465     INFO  main            d.u.i.k.p.i.AbstractProblemLoader Creating init config 
374728     DEBUG main            d.u.i.k.p.i.AbstractProblemLoader Init config took 2.26s 
374741     INFO  main            d.u.i.k.p.i.AbstractProblemLoader Replaying proof postConditionTaclets2.key 
374742     DEBUG main            d.u.i.k.p.i.IntermediateProofReplayer Proof replay took 7.1ns 
374844     INFO  main            d.u.i.k.p.r.p.TestFile    ... finished proof: closed. 
375257     INFO  main            d.u.i.k.p.i.AbstractProblemLoader Loading environment from /home/runner/work/key/key/key.core/../key.ui/examples/standard_key/java_dl/postConditionTaclets2.key.proof 
375257     DEBUG main            d.u.i.k.p.i.AbstractProblemLoader Environment load took 95.6ns 
375258     INFO  main            d.u.i.k.p.i.AbstractProblemLoader Creating init config 
377477     DEBUG main            d.u.i.k.p.i.AbstractProblemLoader Init config took 2.22s 
377491     INFO  main            d.u.i.k.p.i.AbstractProblemLoader Replaying proof postConditionTaclets2.key.proof 
377493     DEBUG main            d.u.i.k.p.i.IntermediateProofReplayer Proof replay took 658.22ns 
377493     DEBUG main            d.u.i.k.p.r.p.TestFile    ... success: reloaded. 
377494     INFO  main            d.u.i.k.p.r.p.TestFile    Now processing file /home/runner/work/key/key/key.core/../key.ui/examples/standard_key/java_dl/quantifiedQuery.key 
377494     INFO  main            d.u.i.k.p.i.AbstractProblemLoader Loading environment from /home/runner/work/key/key/key.core/../key.ui/examples/standard_key/java_dl/quantifiedQuery.key 
377494     DEBUG main            d.u.i.k.p.i.AbstractProblemLoader Environment load took 45.7ns 
377495     INFO  main            d.u.i.k.p.i.AbstractProblemLoader Creating init config 
379801     DEBUG main            d.u.i.k.p.i.AbstractProblemLoader Init config took 2.31s 
379815     INFO  main            d.u.i.k.p.i.AbstractProblemLoader Replaying proof quantifiedQuery.key 
379817     DEBUG main            d.u.i.k.p.i.IntermediateProofReplayer Proof replay took 6ns 
379919     INFO  main            d.u.i.k.p.r.p.TestFile    ... finished proof: closed. 
380338     INFO  main            d.u.i.k.p.i.AbstractProblemLoader Loading environment from /home/runner/work/key/key/key.core/../key.ui/examples/standard_key/java_dl/quantifiedQuery.key.proof 
380338     DEBUG main            d.u.i.k.p.i.AbstractProblemLoader Environment load took 83.5ns 
380339     INFO  main            d.u.i.k.p.i.AbstractProblemLoader Creating init config 
382636     DEBUG main            d.u.i.k.p.i.AbstractProblemLoader Init config took 2.3s 
382650     INFO  main            d.u.i.k.p.i.AbstractProblemLoader Replaying proof quantifiedQuery.key.proof 
382661     DEBUG main            d.u.i.k.p.i.IntermediateProofReplayer Proof replay took 9.17ms 
382661     DEBUG main            d.u.i.k.p.r.p.TestFile    ... success: reloaded. 
382662     INFO  main            d.u.i.k.p.r.p.TestFile    Now processing file /home/runner/work/key/key/key.core/../key.ui/examples/standard_key/java_dl/recursion/triangular.key 
382662     INFO  main            d.u.i.k.p.i.AbstractProblemLoader Loading environment from /home/runner/work/key/key/key.core/../key.ui/examples/standard_key/java_dl/recursion/triangular.key 
382662     DEBUG main            d.u.i.k.p.i.AbstractProblemLoader Environment load took 70.3ns 
382663     INFO  main            d.u.i.k.p.i.AbstractProblemLoader Creating init config 
384971     DEBUG main            d.u.i.k.p.i.AbstractProblemLoader Init config took 2.31s 
385020     INFO  main            d.u.i.k.p.i.AbstractProblemLoader Replaying proof Triangular[Triangular::tria(int)].JML normal_behavior operation contract.0 
385021     DEBUG main            d.u.i.k.p.i.IntermediateProofReplayer Proof replay took 6.7ns 
385223     INFO  main            d.u.i.k.p.r.p.TestFile    ... finished proof: closed. 
385656     INFO  main            d.u.i.k.p.i.AbstractProblemLoader Loading environment from /home/runner/work/key/key/key.core/../key.ui/examples/standard_key/java_dl/recursion/triangular.key.proof 
385656     DEBUG main            d.u.i.k.p.i.AbstractProblemLoader Environment load took 83ns 
385657     INFO  main            d.u.i.k.p.i.AbstractProblemLoader Creating init config 
387921     DEBUG main            d.u.i.k.p.i.AbstractProblemLoader Init config took 2.26s 
387953     INFO  main            d.u.i.k.p.i.AbstractProblemLoader Replaying proof Triangular[Triangular::tria(int)].JML normal_behavior operation contract.0 
387985     DEBUG main            d.u.i.k.p.i.IntermediateProofReplayer Proof replay took 30.06ms 
387986     DEBUG main            d.u.i.k.p.r.p.TestFile    ... success: reloaded. 
387986     INFO  main            d.u.i.k.p.r.p.TestFile    Now processing file /home/runner/work/key/key/key.core/../key.ui/examples/standard_key/java_dl/reverseArray.key 
387986     INFO  main            d.u.i.k.p.i.AbstractProblemLoader Loading environment from /home/runner/work/key/key/key.core/../key.ui/examples/standard_key/java_dl/reverseArray.key 
387986     DEBUG main            d.u.i.k.p.i.AbstractProblemLoader Environment load took 69.3ns 
387988     INFO  main            d.u.i.k.p.i.AbstractProblemLoader Creating init config 
388007     WARN  main            d.u.i.k.j.r.KeYCrossReferenceNameInfo Datatype java.io.InputStream declared twice: Once in FILE:/home/runner/work/key/key/key.core/../key.ui/examples/standard_key/java_dl/./classpath/InputStream.java and once in URL:file:/home/runner/work/key/key/key.core/build/resources/main/de/uka/ilkd/key/java/JavaRedux/java/io/InputStream.java, Keeping one from URL:file:/home/runner/work/key/key/key.core/build/resources/main/de/uka/ilkd/key/java/JavaRedux/java/io/InputStream.java 
388007     WARN  main            d.u.i.k.j.r.KeYCrossReferenceNameInfo Datatype java.lang.System declared twice: Once in FILE:/home/runner/work/key/key/key.core/../key.ui/examples/standard_key/java_dl/./classpath/System.java and once in URL:file:/home/runner/work/key/key/key.core/build/resources/main/de/uka/ilkd/key/java/JavaRedux/java/lang/System.java, Keeping one from URL:file:/home/runner/work/key/key/key.core/build/resources/main/de/uka/ilkd/key/java/JavaRedux/java/lang/System.java 
388007     WARN  main            d.u.i.k.j.r.KeYCrossReferenceNameInfo Datatype java.io.PrintStream declared twice: Once in FILE:/home/runner/work/key/key/key.core/../key.ui/examples/standard_key/java_dl/./classpath/PrintStream.java and once in URL:file:/home/runner/work/key/key/key.core/build/resources/main/de/uka/ilkd/key/java/JavaRedux/java/io/PrintStream.java, Keeping one from URL:file:/home/runner/work/key/key/key.core/build/resources/main/de/uka/ilkd/key/java/JavaRedux/java/io/PrintStream.java 
388010     DEBUG main            d.u.i.k.j.r.ClassFileDeclarationBuilder Parsing: package java.io; public class Closeable { } 
388010     DEBUG main            r.s.KeYCrossReferenceSourceInfo Dynamically created class: java.io.Closeable 
390406     DEBUG main            d.u.i.k.p.i.AbstractProblemLoader Init config took 2.42s 
390429     INFO  main            d.u.i.k.p.i.AbstractProblemLoader Replaying proof reverseArray.key 
390431     DEBUG main            d.u.i.k.p.i.IntermediateProofReplayer Proof replay took 42.1ns 
394612     INFO  main            d.u.i.k.p.r.p.TestFile    ... finished proof: closed. 
395086     INFO  main            d.u.i.k.p.i.AbstractProblemLoader Loading environment from /home/runner/work/key/key/key.core/../key.ui/examples/standard_key/java_dl/reverseArray.key.proof 
395087     DEBUG main            d.u.i.k.p.i.AbstractProblemLoader Environment load took 312.51ns 
395089     INFO  main            d.u.i.k.p.i.AbstractProblemLoader Creating init config 
395108     WARN  main            d.u.i.k.j.r.KeYCrossReferenceNameInfo Datatype java.io.InputStream declared twice: Once in FILE:/home/runner/work/key/key/key.core/../key.ui/examples/standard_key/java_dl/classpath/InputStream.java and once in URL:file:/home/runner/work/key/key/key.core/build/resources/main/de/uka/ilkd/key/java/JavaRedux/java/io/InputStream.java, Keeping one from URL:file:/home/runner/work/key/key/key.core/build/resources/main/de/uka/ilkd/key/java/JavaRedux/java/io/InputStream.java 
395108     WARN  main            d.u.i.k.j.r.KeYCrossReferenceNameInfo Datatype java.lang.System declared twice: Once in FILE:/home/runner/work/key/key/key.core/../key.ui/examples/standard_key/java_dl/classpath/System.java and once in URL:file:/home/runner/work/key/key/key.core/build/resources/main/de/uka/ilkd/key/java/JavaRedux/java/lang/System.java, Keeping one from URL:file:/home/runner/work/key/key/key.core/build/resources/main/de/uka/ilkd/key/java/JavaRedux/java/lang/System.java 
395109     WARN  main            d.u.i.k.j.r.KeYCrossReferenceNameInfo Datatype java.io.PrintStream declared twice: Once in FILE:/home/runner/work/key/key/key.core/../key.ui/examples/standard_key/java_dl/classpath/PrintStream.java and once in URL:file:/home/runner/work/key/key/key.core/build/resources/main/de/uka/ilkd/key/java/JavaRedux/java/io/PrintStream.java, Keeping one from URL:file:/home/runner/work/key/key/key.core/build/resources/main/de/uka/ilkd/key/java/JavaRedux/java/io/PrintStream.java 
395111     DEBUG main            d.u.i.k.j.r.ClassFileDeclarationBuilder Parsing: package java.io; public class Closeable { } 
395112     DEBUG main            r.s.KeYCrossReferenceSourceInfo Dynamically created class: java.io.Closeable 
397427     DEBUG main            d.u.i.k.p.i.AbstractProblemLoader Init config took 2.34s 
397442     INFO  main            d.u.i.k.p.i.AbstractProblemLoader Replaying proof reverseArray.key.proof 
398078     DEBUG main            d.u.i.k.p.i.IntermediateProofReplayer Proof replay took 625.16ms 
398080     DEBUG main            d.u.i.k.p.r.p.TestFile    ... success: reloaded. 
398081     INFO  main            d.u.i.k.p.r.p.TestFile    Now processing file /home/runner/work/key/key/key.core/../key.ui/examples/standard_key/java_dl/reverseArray2.key 
398081     INFO  main            d.u.i.k.p.i.AbstractProblemLoader Loading environment from /home/runner/work/key/key/key.core/../key.ui/examples/standard_key/java_dl/reverseArray2.key 
398081     DEBUG main            d.u.i.k.p.i.AbstractProblemLoader Environment load took 57.9ns 
398083     INFO  main            d.u.i.k.p.i.AbstractProblemLoader Creating init config 
398102     WARN  main            d.u.i.k.j.r.KeYCrossReferenceNameInfo Datatype java.io.InputStream declared twice: Once in FILE:/home/runner/work/key/key/key.core/../key.ui/examples/standard_key/java_dl/classpath/InputStream.java and once in URL:file:/home/runner/work/key/key/key.core/build/resources/main/de/uka/ilkd/key/java/JavaRedux/java/io/InputStream.java, Keeping one from URL:file:/home/runner/work/key/key/key.core/build/resources/main/de/uka/ilkd/key/java/JavaRedux/java/io/InputStream.java 
398102     WARN  main            d.u.i.k.j.r.KeYCrossReferenceNameInfo Datatype java.lang.System declared twice: Once in FILE:/home/runner/work/key/key/key.core/../key.ui/examples/standard_key/java_dl/classpath/System.java and once in URL:file:/home/runner/work/key/key/key.core/build/resources/main/de/uka/ilkd/key/java/JavaRedux/java/lang/System.java, Keeping one from URL:file:/home/runner/work/key/key/key.core/build/resources/main/de/uka/ilkd/key/java/JavaRedux/java/lang/System.java 
398102     WARN  main            d.u.i.k.j.r.KeYCrossReferenceNameInfo Datatype java.io.PrintStream declared twice: Once in FILE:/home/runner/work/key/key/key.core/../key.ui/examples/standard_key/java_dl/classpath/PrintStream.java and once in URL:file:/home/runner/work/key/key/key.core/build/resources/main/de/uka/ilkd/key/java/JavaRedux/java/io/PrintStream.java, Keeping one from URL:file:/home/runner/work/key/key/key.core/build/resources/main/de/uka/ilkd/key/java/JavaRedux/java/io/PrintStream.java 
398104     DEBUG main            d.u.i.k.j.r.ClassFileDeclarationBuilder Parsing: package java.io; public class Closeable { } 
398105     DEBUG main            r.s.KeYCrossReferenceSourceInfo Dynamically created class: java.io.Closeable 
400612     DEBUG main            d.u.i.k.p.i.AbstractProblemLoader Init config took 2.53s 
400627     INFO  main            d.u.i.k.p.i.AbstractProblemLoader Replaying proof reverseArray2.key 
400628     DEBUG main            d.u.i.k.p.i.IntermediateProofReplayer Proof replay took 3ns 
401934     INFO  main            d.u.i.k.p.r.p.TestFile    ... finished proof: closed. 
402471     INFO  main            d.u.i.k.p.i.AbstractProblemLoader Loading environment from /home/runner/work/key/key/key.core/../key.ui/examples/standard_key/java_dl/reverseArray2.key.proof 
402471     DEBUG main            d.u.i.k.p.i.AbstractProblemLoader Environment load took 84.2ns 
402472     INFO  main            d.u.i.k.p.i.AbstractProblemLoader Creating init config 
402500     WARN  main            d.u.i.k.j.r.KeYCrossReferenceNameInfo Datatype java.io.InputStream declared twice: Once in FILE:/home/runner/work/key/key/key.core/../key.ui/examples/standard_key/java_dl/classpath/InputStream.java and once in URL:file:/home/runner/work/key/key/key.core/build/resources/main/de/uka/ilkd/key/java/JavaRedux/java/io/InputStream.java, Keeping one from URL:file:/home/runner/work/key/key/key.core/build/resources/main/de/uka/ilkd/key/java/JavaRedux/java/io/InputStream.java 
402501     WARN  main            d.u.i.k.j.r.KeYCrossReferenceNameInfo Datatype java.lang.System declared twice: Once in FILE:/home/runner/work/key/key/key.core/../key.ui/examples/standard_key/java_dl/classpath/System.java and once in URL:file:/home/runner/work/key/key/key.core/build/resources/main/de/uka/ilkd/key/java/JavaRedux/java/lang/System.java, Keeping one from URL:file:/home/runner/work/key/key/key.core/build/resources/main/de/uka/ilkd/key/java/JavaRedux/java/lang/System.java 
402501     WARN  main            d.u.i.k.j.r.KeYCrossReferenceNameInfo Datatype java.io.PrintStream declared twice: Once in FILE:/home/runner/work/key/key/key.core/../key.ui/examples/standard_key/java_dl/classpath/PrintStream.java and once in URL:file:/home/runner/work/key/key/key.core/build/resources/main/de/uka/ilkd/key/java/JavaRedux/java/io/PrintStream.java, Keeping one from URL:file:/home/runner/work/key/key/key.core/build/resources/main/de/uka/ilkd/key/java/JavaRedux/java/io/PrintStream.java 
402505     DEBUG main            d.u.i.k.j.r.ClassFileDeclarationBuilder Parsing: package java.io; public class Closeable { } 
402505     DEBUG main            r.s.KeYCrossReferenceSourceInfo Dynamically created class: java.io.Closeable 
404816     DEBUG main            d.u.i.k.p.i.AbstractProblemLoader Init config took 2.34s 
404831     INFO  main            d.u.i.k.p.i.AbstractProblemLoader Replaying proof reverseArray2.key.proof 
405047     DEBUG main            d.u.i.k.p.i.IntermediateProofReplayer Proof replay took 211.86ms 
405049     DEBUG main            d.u.i.k.p.r.p.TestFile    ... success: reloaded. 
405050     INFO  main            d.u.i.k.p.r.p.TestFile    Now processing file /home/runner/work/key/key/key.core/../key.ui/examples/standard_key/java_dl/simpleAssignment.key 
405050     INFO  main            d.u.i.k.p.i.AbstractProblemLoader Loading environment from /home/runner/work/key/key/key.core/../key.ui/examples/standard_key/java_dl/simpleAssignment.key 
405050     DEBUG main            d.u.i.k.p.i.AbstractProblemLoader Environment load took 48.6ns 
405051     INFO  main            d.u.i.k.p.i.AbstractProblemLoader Creating init config 
407328     DEBUG main            d.u.i.k.p.i.AbstractProblemLoader Init config took 2.28s 
407341     INFO  main            d.u.i.k.p.i.AbstractProblemLoader Replaying proof simpleAssignment.key 
407342     DEBUG main            d.u.i.k.p.i.IntermediateProofReplayer Proof replay took 3.6ns 
407444     INFO  main            d.u.i.k.p.r.p.TestFile    ... finished proof: closed. 
407932     INFO  main            d.u.i.k.p.i.AbstractProblemLoader Loading environment from /home/runner/work/key/key/key.core/../key.ui/examples/standard_key/java_dl/simpleAssignment.key.proof 
407932     DEBUG main            d.u.i.k.p.i.AbstractProblemLoader Environment load took 79.2ns 
407933     INFO  main            d.u.i.k.p.i.AbstractProblemLoader Creating init config 
410142     DEBUG main            d.u.i.k.p.i.AbstractProblemLoader Init config took 2.21s 
410155     INFO  main            d.u.i.k.p.i.AbstractProblemLoader Replaying proof simpleAssignment.key.proof 
410159     DEBUG main            d.u.i.k.p.i.IntermediateProofReplayer Proof replay took 615.21ns 
410159     DEBUG main            d.u.i.k.p.r.p.TestFile    ... success: reloaded. 
410159     INFO  main            d.u.i.k.p.r.p.TestFile    Now processing file /home/runner/work/key/key/key.core/../key.ui/examples/standard_key/java_dl/simpleAssignment2.key 
410160     INFO  main            d.u.i.k.p.i.AbstractProblemLoader Loading environment from /home/runner/work/key/key/key.core/../key.ui/examples/standard_key/java_dl/simpleAssignment2.key 
410160     DEBUG main            d.u.i.k.p.i.AbstractProblemLoader Environment load took 46.9ns 
410160     INFO  main            d.u.i.k.p.i.AbstractProblemLoader Creating init config 
412421     DEBUG main            d.u.i.k.p.i.AbstractProblemLoader Init config took 2.26s 
412434     INFO  main            d.u.i.k.p.i.AbstractProblemLoader Replaying proof simpleAssignment2.key 
412435     DEBUG main            d.u.i.k.p.i.IntermediateProofReplayer Proof replay took 2.8ns 
412538     INFO  main            d.u.i.k.p.r.p.TestFile    ... finished proof: closed. 
412992     INFO  main            d.u.i.k.p.i.AbstractProblemLoader Loading environment from /home/runner/work/key/key/key.core/../key.ui/examples/standard_key/java_dl/simpleAssignment2.key.proof 
412992     DEBUG main            d.u.i.k.p.i.AbstractProblemLoader Environment load took 77ns 
412993     INFO  main            d.u.i.k.p.i.AbstractProblemLoader Creating init config 
415222     DEBUG main            d.u.i.k.p.i.AbstractProblemLoader Init config took 2.23s 
415235     INFO  main            d.u.i.k.p.i.AbstractProblemLoader Replaying proof simpleAssignment2.key.proof 
415237     DEBUG main            d.u.i.k.p.i.IntermediateProofReplayer Proof replay took 374.61ns 
415238     DEBUG main            d.u.i.k.p.r.p.TestFile    ... success: reloaded. 
415238     INFO  main            d.u.i.k.p.r.p.TestFile    Now processing file /home/runner/work/key/key/key.core/../key.ui/examples/standard_key/java_dl/splittingWithQueries.key 
415238     INFO  main            d.u.i.k.p.i.AbstractProblemLoader Loading environment from /home/runner/work/key/key/key.core/../key.ui/examples/standard_key/java_dl/splittingWithQueries.key 
415238     DEBUG main            d.u.i.k.p.i.AbstractProblemLoader Environment load took 83.8ns 
415239     INFO  main            d.u.i.k.p.i.AbstractProblemLoader Creating init config 
417546     DEBUG main            d.u.i.k.p.i.AbstractProblemLoader Init config took 2.31s 
417559     INFO  main            d.u.i.k.p.i.AbstractProblemLoader Replaying proof splittingWithQueries.key 
417561     DEBUG main            d.u.i.k.p.i.IntermediateProofReplayer Proof replay took 3.2ns 
417667     INFO  main            d.u.i.k.p.r.p.TestFile    ... finished proof: closed. 
418151     INFO  main            d.u.i.k.p.i.AbstractProblemLoader Loading environment from /home/runner/work/key/key/key.core/../key.ui/examples/standard_key/java_dl/splittingWithQueries.key.proof 
418151     DEBUG main            d.u.i.k.p.i.AbstractProblemLoader Environment load took 78.7ns 
418152     INFO  main            d.u.i.k.p.i.AbstractProblemLoader Creating init config 
420430     DEBUG main            d.u.i.k.p.i.AbstractProblemLoader Init config took 2.28s 
420443     INFO  main            d.u.i.k.p.i.AbstractProblemLoader Replaying proof splittingWithQueries.key.proof 
420446     DEBUG main            d.u.i.k.p.i.IntermediateProofReplayer Proof replay took 1.65ms 
420447     DEBUG main            d.u.i.k.p.r.p.TestFile    ... success: reloaded. 
420448     INFO  main            d.u.i.k.p.r.p.TestFile    Now processing file /home/runner/work/key/key/key.core/../key.ui/examples/standard_key/java_dl/strassen/strassen.key 
420448     INFO  main            d.u.i.k.p.i.AbstractProblemLoader Loading environment from /home/runner/work/key/key/key.core/../key.ui/examples/standard_key/java_dl/strassen/strassen.key 
420448     DEBUG main            d.u.i.k.p.i.AbstractProblemLoader Environment load took 59.6ns 
420449     INFO  main            d.u.i.k.p.i.AbstractProblemLoader Creating init config 
422823     DEBUG main            d.u.i.k.p.i.AbstractProblemLoader Init config took 2.37s 
422856     INFO  main            d.u.i.k.p.i.AbstractProblemLoader Replaying proof Matrix22[Matrix22::strassen(Matrix22,Matrix22)].JML normal_behavior operation contract.0 
422857     DEBUG main            d.u.i.k.p.i.IntermediateProofReplayer Proof replay took 3ns 
427403     INFO  main            d.u.i.k.p.r.p.TestFile    ... finished proof: closed. 
427996     INFO  main            d.u.i.k.p.i.AbstractProblemLoader Loading environment from /home/runner/work/key/key/key.core/../key.ui/examples/standard_key/java_dl/strassen/strassen.key.proof 
427996     DEBUG main            d.u.i.k.p.i.AbstractProblemLoader Environment load took 140.3ns 
427998     INFO  main            d.u.i.k.p.i.AbstractProblemLoader Creating init config 
430347     DEBUG main            d.u.i.k.p.i.AbstractProblemLoader Init config took 2.35s 
430392     INFO  main            d.u.i.k.p.i.AbstractProblemLoader Replaying proof Matrix22[Matrix22::strassen(Matrix22,Matrix22)].JML normal_behavior operation contract.0 
431089     DEBUG main            d.u.i.k.p.i.IntermediateProofReplayer Proof replay took 687.22ms 
431090     DEBUG main            d.u.i.k.p.r.p.TestFile    ... success: reloaded. 
431091     INFO  main            d.u.i.k.p.r.p.TestFile    Now processing file /home/runner/work/key/key/key.core/../key.ui/examples/standard_key/java_dl/symmArray.key 
431091     INFO  main            d.u.i.k.p.i.AbstractProblemLoader Loading environment from /home/runner/work/key/key/key.core/../key.ui/examples/standard_key/java_dl/symmArray.key 
431091     DEBUG main            d.u.i.k.p.i.AbstractProblemLoader Environment load took 78.4ns 
431094     INFO  main            d.u.i.k.p.i.AbstractProblemLoader Creating init config 
433534     DEBUG main            d.u.i.k.p.i.AbstractProblemLoader Init config took 2.44s 
433548     INFO  main            d.u.i.k.p.i.AbstractProblemLoader Replaying proof symmArray.key 
433550     DEBUG main            d.u.i.k.p.i.IntermediateProofReplayer Proof replay took 2.9ns 
512030     INFO  main            d.u.i.k.p.r.p.TestFile    ... finished proof: closed. 
512630     INFO  main            d.u.i.k.p.i.AbstractProblemLoader Loading environment from /home/runner/work/key/key/key.core/../key.ui/examples/standard_key/java_dl/symmArray.key.proof 
512630     DEBUG main            d.u.i.k.p.i.AbstractProblemLoader Environment load took 315.61ns 
512636     INFO  main            d.u.i.k.p.i.AbstractProblemLoader Creating init config 
514963     DEBUG main            d.u.i.k.p.i.AbstractProblemLoader Init config took 2.33s 
514979     INFO  main            d.u.i.k.p.i.AbstractProblemLoader Replaying proof symmArray.key.proof 
516075     DEBUG main            d.u.i.k.p.i.IntermediateProofReplayer Proof replay took 1.04s 
516080     DEBUG main            d.u.i.k.p.r.p.TestFile    ... success: reloaded. 
516081     INFO  main            d.u.i.k.p.r.p.TestFile    Now processing file /home/runner/work/key/key/key.core/../key.ui/examples/standard_key/java_dl/testcontext.key 
516081     INFO  main            d.u.i.k.p.i.AbstractProblemLoader Loading environment from /home/runner/work/key/key/key.core/../key.ui/examples/standard_key/java_dl/testcontext.key 
516081     DEBUG main            d.u.i.k.p.i.AbstractProblemLoader Environment load took 105.4ns 
516082     INFO  main            d.u.i.k.p.i.AbstractProblemLoader Creating init config 
516101     WARN  main            d.u.i.k.j.r.KeYCrossReferenceNameInfo Datatype java.io.InputStream declared twice: Once in FILE:/home/runner/work/key/key/key.core/../key.ui/examples/standard_key/java_dl/classpath/InputStream.java and once in URL:file:/home/runner/work/key/key/key.core/build/resources/main/de/uka/ilkd/key/java/JavaRedux/java/io/InputStream.java, Keeping one from URL:file:/home/runner/work/key/key/key.core/build/resources/main/de/uka/ilkd/key/java/JavaRedux/java/io/InputStream.java 
516102     WARN  main            d.u.i.k.j.r.KeYCrossReferenceNameInfo Datatype java.lang.System declared twice: Once in FILE:/home/runner/work/key/key/key.core/../key.ui/examples/standard_key/java_dl/classpath/System.java and once in URL:file:/home/runner/work/key/key/key.core/build/resources/main/de/uka/ilkd/key/java/JavaRedux/java/lang/System.java, Keeping one from URL:file:/home/runner/work/key/key/key.core/build/resources/main/de/uka/ilkd/key/java/JavaRedux/java/lang/System.java 
516102     WARN  main            d.u.i.k.j.r.KeYCrossReferenceNameInfo Datatype java.io.PrintStream declared twice: Once in FILE:/home/runner/work/key/key/key.core/../key.ui/examples/standard_key/java_dl/classpath/PrintStream.java and once in URL:file:/home/runner/work/key/key/key.core/build/resources/main/de/uka/ilkd/key/java/JavaRedux/java/io/PrintStream.java, Keeping one from URL:file:/home/runner/work/key/key/key.core/build/resources/main/de/uka/ilkd/key/java/JavaRedux/java/io/PrintStream.java 
516104     DEBUG main            d.u.i.k.j.r.ClassFileDeclarationBuilder Parsing: package java.io; public class Closeable { } 
516104     DEBUG main            r.s.KeYCrossReferenceSourceInfo Dynamically created class: java.io.Closeable 
518477     DEBUG main            d.u.i.k.p.i.AbstractProblemLoader Init config took 2.39s 
518491     INFO  main            d.u.i.k.p.i.AbstractProblemLoader Replaying proof testcontext.key 
518492     DEBUG main            d.u.i.k.p.i.IntermediateProofReplayer Proof replay took 3.3ns 
518795     INFO  main            d.u.i.k.p.r.p.TestFile    ... finished proof: closed. 
519389     INFO  main            d.u.i.k.p.i.AbstractProblemLoader Loading environment from /home/runner/work/key/key/key.core/../key.ui/examples/standard_key/java_dl/testcontext.key.proof 
519389     DEBUG main            d.u.i.k.p.i.AbstractProblemLoader Environment load took 82.8ns 
519390     INFO  main            d.u.i.k.p.i.AbstractProblemLoader Creating init config 
519409     WARN  main            d.u.i.k.j.r.KeYCrossReferenceNameInfo Datatype java.io.InputStream declared twice: Once in FILE:/home/runner/work/key/key/key.core/../key.ui/examples/standard_key/java_dl/classpath/InputStream.java and once in URL:file:/home/runner/work/key/key/key.core/build/resources/main/de/uka/ilkd/key/java/JavaRedux/java/io/InputStream.java, Keeping one from URL:file:/home/runner/work/key/key/key.core/build/resources/main/de/uka/ilkd/key/java/JavaRedux/java/io/InputStream.java 
519410     WARN  main            d.u.i.k.j.r.KeYCrossReferenceNameInfo Datatype java.lang.System declared twice: Once in FILE:/home/runner/work/key/key/key.core/../key.ui/examples/standard_key/java_dl/classpath/System.java and once in URL:file:/home/runner/work/key/key/key.core/build/resources/main/de/uka/ilkd/key/java/JavaRedux/java/lang/System.java, Keeping one from URL:file:/home/runner/work/key/key/key.core/build/resources/main/de/uka/ilkd/key/java/JavaRedux/java/lang/System.java 
519410     WARN  main            d.u.i.k.j.r.KeYCrossReferenceNameInfo Datatype java.io.PrintStream declared twice: Once in FILE:/home/runner/work/key/key/key.core/../key.ui/examples/standard_key/java_dl/classpath/PrintStream.java and once in URL:file:/home/runner/work/key/key/key.core/build/resources/main/de/uka/ilkd/key/java/JavaRedux/java/io/PrintStream.java, Keeping one from URL:file:/home/runner/work/key/key/key.core/build/resources/main/de/uka/ilkd/key/java/JavaRedux/java/io/PrintStream.java 
519413     DEBUG main            d.u.i.k.j.r.ClassFileDeclarationBuilder Parsing: package java.io; public class Closeable { } 
519413     DEBUG main            r.s.KeYCrossReferenceSourceInfo Dynamically created class: java.io.Closeable 
521736     DEBUG main            d.u.i.k.p.i.AbstractProblemLoader Init config took 2.35s 
521749     INFO  main            d.u.i.k.p.i.AbstractProblemLoader Replaying proof testcontext.key.proof 
521802     DEBUG main            d.u.i.k.p.i.IntermediateProofReplayer Proof replay took 50.35ms 
521803     DEBUG main            d.u.i.k.p.r.p.TestFile    ... success: reloaded. 
521804     INFO  main            d.u.i.k.p.r.p.TestFile    Now processing file /home/runner/work/key/key/key.core/../key.ui/examples/standard_key/staticInitialisation/cascadeStaticInitialisation.key 
521804     INFO  main            d.u.i.k.p.i.AbstractProblemLoader Loading environment from /home/runner/work/key/key/key.core/../key.ui/examples/standard_key/staticInitialisation/cascadeStaticInitialisation.key 
521804     DEBUG main            d.u.i.k.p.i.AbstractProblemLoader Environment load took 61.9ns 
521806     INFO  main            d.u.i.k.p.i.AbstractProblemLoader Creating init config 
521824     WARN  main            d.u.i.k.j.r.KeYCrossReferenceNameInfo Datatype java.lang.System declared twice: Once in FILE:/home/runner/work/key/key/key.core/../key.ui/examples/standard_key/staticInitialisation/classpath/System.java and once in URL:file:/home/runner/work/key/key/key.core/build/resources/main/de/uka/ilkd/key/java/JavaRedux/java/lang/System.java, Keeping one from URL:file:/home/runner/work/key/key/key.core/build/resources/main/de/uka/ilkd/key/java/JavaRedux/java/lang/System.java 
521824     WARN  main            d.u.i.k.j.r.KeYCrossReferenceNameInfo Datatype java.io.PrintStream declared twice: Once in FILE:/home/runner/work/key/key/key.core/../key.ui/examples/standard_key/staticInitialisation/classpath/PrintStream.java and once in URL:file:/home/runner/work/key/key/key.core/build/resources/main/de/uka/ilkd/key/java/JavaRedux/java/io/PrintStream.java, Keeping one from URL:file:/home/runner/work/key/key/key.core/build/resources/main/de/uka/ilkd/key/java/JavaRedux/java/io/PrintStream.java 
524202     DEBUG main            d.u.i.k.p.i.AbstractProblemLoader Init config took 2.4s 
524216     INFO  main            d.u.i.k.p.i.AbstractProblemLoader Replaying proof cascadeStaticInitialisation.key 
524217     DEBUG main            d.u.i.k.p.i.IntermediateProofReplayer Proof replay took 3ns 
524922     INFO  main            d.u.i.k.p.r.p.TestFile    ... finished proof: closed. 
525455     INFO  main            d.u.i.k.p.i.AbstractProblemLoader Loading environment from /home/runner/work/key/key/key.core/../key.ui/examples/standard_key/staticInitialisation/cascadeStaticInitialisation.key.proof 
525455     DEBUG main            d.u.i.k.p.i.AbstractProblemLoader Environment load took 89ns 
525457     INFO  main            d.u.i.k.p.i.AbstractProblemLoader Creating init config 
525481     WARN  main            d.u.i.k.j.r.KeYCrossReferenceNameInfo Datatype java.lang.System declared twice: Once in FILE:/home/runner/work/key/key/key.core/../key.ui/examples/standard_key/staticInitialisation/classpath/System.java and once in URL:file:/home/runner/work/key/key/key.core/build/resources/main/de/uka/ilkd/key/java/JavaRedux/java/lang/System.java, Keeping one from URL:file:/home/runner/work/key/key/key.core/build/resources/main/de/uka/ilkd/key/java/JavaRedux/java/lang/System.java 
525481     WARN  main            d.u.i.k.j.r.KeYCrossReferenceNameInfo Datatype java.io.PrintStream declared twice: Once in FILE:/home/runner/work/key/key/key.core/../key.ui/examples/standard_key/staticInitialisation/classpath/PrintStream.java and once in URL:file:/home/runner/work/key/key/key.core/build/resources/main/de/uka/ilkd/key/java/JavaRedux/java/io/PrintStream.java, Keeping one from URL:file:/home/runner/work/key/key/key.core/build/resources/main/de/uka/ilkd/key/java/JavaRedux/java/io/PrintStream.java 
527805     DEBUG main            d.u.i.k.p.i.AbstractProblemLoader Init config took 2.35s 
527819     INFO  main            d.u.i.k.p.i.AbstractProblemLoader Replaying proof cascadeStaticInitialisation.key.proof 
527954     DEBUG main            d.u.i.k.p.i.IntermediateProofReplayer Proof replay took 132.92ms 
527955     DEBUG main            d.u.i.k.p.r.p.TestFile    ... success: reloaded. 
527956     INFO  main            d.u.i.k.p.r.p.TestFile    Now processing file /home/runner/work/key/key/key.core/../key.ui/examples/standard_key/staticInitialisation/erroneousClassImpliesErroneousSubclass.key 
527956     INFO  main            d.u.i.k.p.i.AbstractProblemLoader Loading environment from /home/runner/work/key/key/key.core/../key.ui/examples/standard_key/staticInitialisation/erroneousClassImpliesErroneousSubclass.key 
527956     DEBUG main            d.u.i.k.p.i.AbstractProblemLoader Environment load took 73.7ns 
527957     INFO  main            d.u.i.k.p.i.AbstractProblemLoader Creating init config 
527975     WARN  main            d.u.i.k.j.r.KeYCrossReferenceNameInfo Datatype java.lang.System declared twice: Once in FILE:/home/runner/work/key/key/key.core/../key.ui/examples/standard_key/staticInitialisation/classpath/System.java and once in URL:file:/home/runner/work/key/key/key.core/build/resources/main/de/uka/ilkd/key/java/JavaRedux/java/lang/System.java, Keeping one from URL:file:/home/runner/work/key/key/key.core/build/resources/main/de/uka/ilkd/key/java/JavaRedux/java/lang/System.java 
527975     WARN  main            d.u.i.k.j.r.KeYCrossReferenceNameInfo Datatype java.io.PrintStream declared twice: Once in FILE:/home/runner/work/key/key/key.core/../key.ui/examples/standard_key/staticInitialisation/classpath/PrintStream.java and once in URL:file:/home/runner/work/key/key/key.core/build/resources/main/de/uka/ilkd/key/java/JavaRedux/java/io/PrintStream.java, Keeping one from URL:file:/home/runner/work/key/key/key.core/build/resources/main/de/uka/ilkd/key/java/JavaRedux/java/io/PrintStream.java 
530338     DEBUG main            d.u.i.k.p.i.AbstractProblemLoader Init config took 2.38s 
530350     INFO  main            d.u.i.k.p.i.AbstractProblemLoader Replaying proof erroneousClassImpliesErroneousSubclass.key 
530351     DEBUG main            d.u.i.k.p.i.IntermediateProofReplayer Proof replay took 2.7ns 
530453     INFO  main            d.u.i.k.p.r.p.TestFile    ... finished proof: closed. 
530970     INFO  main            d.u.i.k.p.i.AbstractProblemLoader Loading environment from /home/runner/work/key/key/key.core/../key.ui/examples/standard_key/staticInitialisation/erroneousClassImpliesErroneousSubclass.key.proof 
530970     DEBUG main            d.u.i.k.p.i.AbstractProblemLoader Environment load took 81.8ns 
530971     INFO  main            d.u.i.k.p.i.AbstractProblemLoader Creating init config 
530993     WARN  main            d.u.i.k.j.r.KeYCrossReferenceNameInfo Datatype java.lang.System declared twice: Once in FILE:/home/runner/work/key/key/key.core/../key.ui/examples/standard_key/staticInitialisation/classpath/System.java and once in URL:file:/home/runner/work/key/key/key.core/build/resources/main/de/uka/ilkd/key/java/JavaRedux/java/lang/System.java, Keeping one from URL:file:/home/runner/work/key/key/key.core/build/resources/main/de/uka/ilkd/key/java/JavaRedux/java/lang/System.java 
530993     WARN  main            d.u.i.k.j.r.KeYCrossReferenceNameInfo Datatype java.io.PrintStream declared twice: Once in FILE:/home/runner/work/key/key/key.core/../key.ui/examples/standard_key/staticInitialisation/classpath/PrintStream.java and once in URL:file:/home/runner/work/key/key/key.core/build/resources/main/de/uka/ilkd/key/java/JavaRedux/java/io/PrintStream.java, Keeping one from URL:file:/home/runner/work/key/key/key.core/build/resources/main/de/uka/ilkd/key/java/JavaRedux/java/io/PrintStream.java 
533307     DEBUG main            d.u.i.k.p.i.AbstractProblemLoader Init config took 2.34s 
533319     INFO  main            d.u.i.k.p.i.AbstractProblemLoader Replaying proof erroneousClassImpliesErroneousSubclass.key.proof 
533321     DEBUG main            d.u.i.k.p.i.IntermediateProofReplayer Proof replay took 483.41ns 
533322     DEBUG main            d.u.i.k.p.r.p.TestFile    ... success: reloaded. 
533323     INFO  main            d.u.i.k.p.r.p.TestFile    Now processing file /home/runner/work/key/key/key.core/../key.ui/examples/standard_key/staticInitialisation/initializedSubclassImpliesInitializedSuperclass.key 
533323     INFO  main            d.u.i.k.p.i.AbstractProblemLoader Loading environment from /home/runner/work/key/key/key.core/../key.ui/examples/standard_key/staticInitialisation/initializedSubclassImpliesInitializedSuperclass.key 
533323     DEBUG main            d.u.i.k.p.i.AbstractProblemLoader Environment load took 144.9ns 
533324     INFO  main            d.u.i.k.p.i.AbstractProblemLoader Creating init config 
533343     WARN  main            d.u.i.k.j.r.KeYCrossReferenceNameInfo Datatype java.lang.System declared twice: Once in FILE:/home/runner/work/key/key/key.core/../key.ui/examples/standard_key/staticInitialisation/classpath/System.java and once in URL:file:/home/runner/work/key/key/key.core/build/resources/main/de/uka/ilkd/key/java/JavaRedux/java/lang/System.java, Keeping one from URL:file:/home/runner/work/key/key/key.core/build/resources/main/de/uka/ilkd/key/java/JavaRedux/java/lang/System.java 
533343     WARN  main            d.u.i.k.j.r.KeYCrossReferenceNameInfo Datatype java.io.PrintStream declared twice: Once in FILE:/home/runner/work/key/key/key.core/../key.ui/examples/standard_key/staticInitialisation/classpath/PrintStream.java and once in URL:file:/home/runner/work/key/key/key.core/build/resources/main/de/uka/ilkd/key/java/JavaRedux/java/io/PrintStream.java, Keeping one from URL:file:/home/runner/work/key/key/key.core/build/resources/main/de/uka/ilkd/key/java/JavaRedux/java/io/PrintStream.java 
535606     DEBUG main            d.u.i.k.p.i.AbstractProblemLoader Init config took 2.28s 
535618     INFO  main            d.u.i.k.p.i.AbstractProblemLoader Replaying proof initializedSubclassImpliesInitializedSuperclass.key 
535619     DEBUG main            d.u.i.k.p.i.IntermediateProofReplayer Proof replay took 3.1ns 
535722     INFO  main            d.u.i.k.p.r.p.TestFile    ... finished proof: closed. 
536221     INFO  main            d.u.i.k.p.i.AbstractProblemLoader Loading environment from /home/runner/work/key/key/key.core/../key.ui/examples/standard_key/staticInitialisation/initializedSubclassImpliesInitializedSuperclass.key.proof 
536221     DEBUG main            d.u.i.k.p.i.AbstractProblemLoader Environment load took 92.5ns 
536222     INFO  main            d.u.i.k.p.i.AbstractProblemLoader Creating init config 
536240     WARN  main            d.u.i.k.j.r.KeYCrossReferenceNameInfo Datatype java.lang.System declared twice: Once in FILE:/home/runner/work/key/key/key.core/../key.ui/examples/standard_key/staticInitialisation/classpath/System.java and once in URL:file:/home/runner/work/key/key/key.core/build/resources/main/de/uka/ilkd/key/java/JavaRedux/java/lang/System.java, Keeping one from URL:file:/home/runner/work/key/key/key.core/build/resources/main/de/uka/ilkd/key/java/JavaRedux/java/lang/System.java 
536240     WARN  main            d.u.i.k.j.r.KeYCrossReferenceNameInfo Datatype java.io.PrintStream declared twice: Once in FILE:/home/runner/work/key/key/key.core/../key.ui/examples/standard_key/staticInitialisation/classpath/PrintStream.java and once in URL:file:/home/runner/work/key/key/key.core/build/resources/main/de/uka/ilkd/key/java/JavaRedux/java/io/PrintStream.java, Keeping one from URL:file:/home/runner/work/key/key/key.core/build/resources/main/de/uka/ilkd/key/java/JavaRedux/java/io/PrintStream.java 
538483     DEBUG main            d.u.i.k.p.i.AbstractProblemLoader Init config took 2.26s 
538495     INFO  main            d.u.i.k.p.i.AbstractProblemLoader Replaying proof initializedSubclassImpliesInitializedSuperclass.key.proof 
538497     DEBUG main            d.u.i.k.p.i.IntermediateProofReplayer Proof replay took 405.92ns 
538498     DEBUG main            d.u.i.k.p.r.p.TestFile    ... success: reloaded. 
538498     INFO  main            d.u.i.k.p.r.p.TestFile    Now processing file /home/runner/work/key/key/key.core/../key.ui/examples/standard_key/staticInitialisation/localDeclared.key 
538499     INFO  main            d.u.i.k.p.i.AbstractProblemLoader Loading environment from /home/runner/work/key/key/key.core/../key.ui/examples/standard_key/staticInitialisation/localDeclared.key 
538499     DEBUG main            d.u.i.k.p.i.AbstractProblemLoader Environment load took 70.5ns 
538500     INFO  main            d.u.i.k.p.i.AbstractProblemLoader Creating init config 
538518     WARN  main            d.u.i.k.j.r.KeYCrossReferenceNameInfo Datatype java.lang.System declared twice: Once in FILE:/home/runner/work/key/key/key.core/../key.ui/examples/standard_key/staticInitialisation/classpath/System.java and once in URL:file:/home/runner/work/key/key/key.core/build/resources/main/de/uka/ilkd/key/java/JavaRedux/java/lang/System.java, Keeping one from URL:file:/home/runner/work/key/key/key.core/build/resources/main/de/uka/ilkd/key/java/JavaRedux/java/lang/System.java 
538518     WARN  main            d.u.i.k.j.r.KeYCrossReferenceNameInfo Datatype java.io.PrintStream declared twice: Once in FILE:/home/runner/work/key/key/key.core/../key.ui/examples/standard_key/staticInitialisation/classpath/PrintStream.java and once in URL:file:/home/runner/work/key/key/key.core/build/resources/main/de/uka/ilkd/key/java/JavaRedux/java/io/PrintStream.java, Keeping one from URL:file:/home/runner/work/key/key/key.core/build/resources/main/de/uka/ilkd/key/java/JavaRedux/java/io/PrintStream.java 
540857     DEBUG main            d.u.i.k.p.i.AbstractProblemLoader Init config took 2.36s 
540871     INFO  main            d.u.i.k.p.i.AbstractProblemLoader Replaying proof localDeclared.key 
540872     DEBUG main            d.u.i.k.p.i.IntermediateProofReplayer Proof replay took 3.5ns 
541175     INFO  main            d.u.i.k.p.r.p.TestFile    ... finished proof: closed. 
541682     INFO  main            d.u.i.k.p.i.AbstractProblemLoader Loading environment from /home/runner/work/key/key/key.core/../key.ui/examples/standard_key/staticInitialisation/localDeclared.key.proof 
541682     DEBUG main            d.u.i.k.p.i.AbstractProblemLoader Environment load took 81.1ns 
541683     INFO  main            d.u.i.k.p.i.AbstractProblemLoader Creating init config 
541701     WARN  main            d.u.i.k.j.r.KeYCrossReferenceNameInfo Datatype java.lang.System declared twice: Once in FILE:/home/runner/work/key/key/key.core/../key.ui/examples/standard_key/staticInitialisation/classpath/System.java and once in URL:file:/home/runner/work/key/key/key.core/build/resources/main/de/uka/ilkd/key/java/JavaRedux/java/lang/System.java, Keeping one from URL:file:/home/runner/work/key/key/key.core/build/resources/main/de/uka/ilkd/key/java/JavaRedux/java/lang/System.java 
541701     WARN  main            d.u.i.k.j.r.KeYCrossReferenceNameInfo Datatype java.io.PrintStream declared twice: Once in FILE:/home/runner/work/key/key/key.core/../key.ui/examples/standard_key/staticInitialisation/classpath/PrintStream.java and once in URL:file:/home/runner/work/key/key/key.core/build/resources/main/de/uka/ilkd/key/java/JavaRedux/java/io/PrintStream.java, Keeping one from URL:file:/home/runner/work/key/key/key.core/build/resources/main/de/uka/ilkd/key/java/JavaRedux/java/io/PrintStream.java 
543951     DEBUG main            d.u.i.k.p.i.AbstractProblemLoader Init config took 2.27s 
543964     INFO  main            d.u.i.k.p.i.AbstractProblemLoader Replaying proof localDeclared.key.proof 
544018     DEBUG main            d.u.i.k.p.i.IntermediateProofReplayer Proof replay took 51.82ms 
544019     DEBUG main            d.u.i.k.p.r.p.TestFile    ... success: reloaded. 
544020     INFO  main            d.u.i.k.p.r.p.TestFile    Now processing file /home/runner/work/key/key/key.core/../key.ui/examples/standard_key/staticInitialisation/localDeclaredMethod.key 
544020     INFO  main            d.u.i.k.p.i.AbstractProblemLoader Loading environment from /home/runner/work/key/key/key.core/../key.ui/examples/standard_key/staticInitialisation/localDeclaredMethod.key 
544020     DEBUG main            d.u.i.k.p.i.AbstractProblemLoader Environment load took 76.9ns 
544022     INFO  main            d.u.i.k.p.i.AbstractProblemLoader Creating init config 
544040     WARN  main            d.u.i.k.j.r.KeYCrossReferenceNameInfo Datatype java.lang.System declared twice: Once in FILE:/home/runner/work/key/key/key.core/../key.ui/examples/standard_key/staticInitialisation/classpath/System.java and once in URL:file:/home/runner/work/key/key/key.core/build/resources/main/de/uka/ilkd/key/java/JavaRedux/java/lang/System.java, Keeping one from URL:file:/home/runner/work/key/key/key.core/build/resources/main/de/uka/ilkd/key/java/JavaRedux/java/lang/System.java 
544040     WARN  main            d.u.i.k.j.r.KeYCrossReferenceNameInfo Datatype java.io.PrintStream declared twice: Once in FILE:/home/runner/work/key/key/key.core/../key.ui/examples/standard_key/staticInitialisation/classpath/PrintStream.java and once in URL:file:/home/runner/work/key/key/key.core/build/resources/main/de/uka/ilkd/key/java/JavaRedux/java/io/PrintStream.java, Keeping one from URL:file:/home/runner/work/key/key/key.core/build/resources/main/de/uka/ilkd/key/java/JavaRedux/java/io/PrintStream.java 
546311     DEBUG main            d.u.i.k.p.i.AbstractProblemLoader Init config took 2.29s 
546325     INFO  main            d.u.i.k.p.i.AbstractProblemLoader Replaying proof localDeclaredMethod.key 
546326     DEBUG main            d.u.i.k.p.i.IntermediateProofReplayer Proof replay took 3.6ns 
546629     INFO  main            d.u.i.k.p.r.p.TestFile    ... finished proof: closed. 
547155     INFO  main            d.u.i.k.p.i.AbstractProblemLoader Loading environment from /home/runner/work/key/key/key.core/../key.ui/examples/standard_key/staticInitialisation/localDeclaredMethod.key.proof 
547155     DEBUG main            d.u.i.k.p.i.AbstractProblemLoader Environment load took 88.6ns 
547156     INFO  main            d.u.i.k.p.i.AbstractProblemLoader Creating init config 
547174     WARN  main            d.u.i.k.j.r.KeYCrossReferenceNameInfo Datatype java.lang.System declared twice: Once in FILE:/home/runner/work/key/key/key.core/../key.ui/examples/standard_key/staticInitialisation/classpath/System.java and once in URL:file:/home/runner/work/key/key/key.core/build/resources/main/de/uka/ilkd/key/java/JavaRedux/java/lang/System.java, Keeping one from URL:file:/home/runner/work/key/key/key.core/build/resources/main/de/uka/ilkd/key/java/JavaRedux/java/lang/System.java 
547174     WARN  main            d.u.i.k.j.r.KeYCrossReferenceNameInfo Datatype java.io.PrintStream declared twice: Once in FILE:/home/runner/work/key/key/key.core/../key.ui/examples/standard_key/staticInitialisation/classpath/PrintStream.java and once in URL:file:/home/runner/work/key/key/key.core/build/resources/main/de/uka/ilkd/key/java/JavaRedux/java/io/PrintStream.java, Keeping one from URL:file:/home/runner/work/key/key/key.core/build/resources/main/de/uka/ilkd/key/java/JavaRedux/java/io/PrintStream.java 
549424     DEBUG main            d.u.i.k.p.i.AbstractProblemLoader Init config took 2.27s 
549438     INFO  main            d.u.i.k.p.i.AbstractProblemLoader Replaying proof localDeclaredMethod.key.proof 
549487     DEBUG main            d.u.i.k.p.i.IntermediateProofReplayer Proof replay took 47.45ms 
549489     DEBUG main            d.u.i.k.p.r.p.TestFile    ... success: reloaded. 
549489     INFO  main            d.u.i.k.p.r.p.TestFile    Now processing file /home/runner/work/key/key/key.core/../key.ui/examples/standard_key/staticInitialisation/objectOfErroneousClass.key 
549490     INFO  main            d.u.i.k.p.i.AbstractProblemLoader Loading environment from /home/runner/work/key/key/key.core/../key.ui/examples/standard_key/staticInitialisation/objectOfErroneousClass.key 
549490     DEBUG main            d.u.i.k.p.i.AbstractProblemLoader Environment load took 75.6ns 
549491     INFO  main            d.u.i.k.p.i.AbstractProblemLoader Creating init config 
549509     WARN  main            d.u.i.k.j.r.KeYCrossReferenceNameInfo Datatype java.lang.System declared twice: Once in FILE:/home/runner/work/key/key/key.core/../key.ui/examples/standard_key/staticInitialisation/classpath/System.java and once in URL:file:/home/runner/work/key/key/key.core/build/resources/main/de/uka/ilkd/key/java/JavaRedux/java/lang/System.java, Keeping one from URL:file:/home/runner/work/key/key/key.core/build/resources/main/de/uka/ilkd/key/java/JavaRedux/java/lang/System.java 
549510     WARN  main            d.u.i.k.j.r.KeYCrossReferenceNameInfo Datatype java.io.PrintStream declared twice: Once in FILE:/home/runner/work/key/key/key.core/../key.ui/examples/standard_key/staticInitialisation/classpath/PrintStream.java and once in URL:file:/home/runner/work/key/key/key.core/build/resources/main/de/uka/ilkd/key/java/JavaRedux/java/io/PrintStream.java, Keeping one from URL:file:/home/runner/work/key/key/key.core/build/resources/main/de/uka/ilkd/key/java/JavaRedux/java/io/PrintStream.java 
551858     DEBUG main            d.u.i.k.p.i.AbstractProblemLoader Init config took 2.37s 
551873     INFO  main            d.u.i.k.p.i.AbstractProblemLoader Replaying proof objectOfErroneousClass.key 
551878     DEBUG main            d.u.i.k.p.i.IntermediateProofReplayer Proof replay took 3.2ns 
563766     INFO  main            d.u.i.k.p.r.p.TestFile    ... finished proof: closed. 
564353     INFO  main            d.u.i.k.p.i.AbstractProblemLoader Loading environment from /home/runner/work/key/key/key.core/../key.ui/examples/standard_key/staticInitialisation/objectOfErroneousClass.key.proof 
564353     DEBUG main            d.u.i.k.p.i.AbstractProblemLoader Environment load took 313.01ns 
564357     INFO  main            d.u.i.k.p.i.AbstractProblemLoader Creating init config 
564375     WARN  main            d.u.i.k.j.r.KeYCrossReferenceNameInfo Datatype java.lang.System declared twice: Once in FILE:/home/runner/work/key/key/key.core/../key.ui/examples/standard_key/staticInitialisation/classpath/System.java and once in URL:file:/home/runner/work/key/key/key.core/build/resources/main/de/uka/ilkd/key/java/JavaRedux/java/lang/System.java, Keeping one from URL:file:/home/runner/work/key/key/key.core/build/resources/main/de/uka/ilkd/key/java/JavaRedux/java/lang/System.java 
564376     WARN  main            d.u.i.k.j.r.KeYCrossReferenceNameInfo Datatype java.io.PrintStream declared twice: Once in FILE:/home/runner/work/key/key/key.core/../key.ui/examples/standard_key/staticInitialisation/classpath/PrintStream.java and once in URL:file:/home/runner/work/key/key/key.core/build/resources/main/de/uka/ilkd/key/java/JavaRedux/java/io/PrintStream.java, Keeping one from URL:file:/home/runner/work/key/key/key.core/build/resources/main/de/uka/ilkd/key/java/JavaRedux/java/io/PrintStream.java 
566622     DEBUG main            d.u.i.k.p.i.AbstractProblemLoader Init config took 2.27s 
566636     INFO  main            d.u.i.k.p.i.AbstractProblemLoader Replaying proof objectOfErroneousClass.key.proof 
568653     DEBUG main            d.u.i.k.p.i.IntermediateProofReplayer Proof replay took 1.99s 
568657     DEBUG main            d.u.i.k.p.r.p.TestFile    ... success: reloaded. 
568658     INFO  main            d.u.i.k.p.r.p.TestFile    Now processing file /home/runner/work/key/key/key.core/../key.ui/examples/standard_key/staticInitialisation/staticInitialisersAreNonSimple.key 
568658     INFO  main            d.u.i.k.p.i.AbstractProblemLoader Loading environment from /home/runner/work/key/key/key.core/../key.ui/examples/standard_key/staticInitialisation/staticInitialisersAreNonSimple.key 
568659     DEBUG main            d.u.i.k.p.i.AbstractProblemLoader Environment load took 151.6ns 
568660     INFO  main            d.u.i.k.p.i.AbstractProblemLoader Creating init config 
568678     WARN  main            d.u.i.k.j.r.KeYCrossReferenceNameInfo Datatype java.lang.System declared twice: Once in FILE:/home/runner/work/key/key/key.core/../key.ui/examples/standard_key/staticInitialisation/classpath/System.java and once in URL:file:/home/runner/work/key/key/key.core/build/resources/main/de/uka/ilkd/key/java/JavaRedux/java/lang/System.java, Keeping one from URL:file:/home/runner/work/key/key/key.core/build/resources/main/de/uka/ilkd/key/java/JavaRedux/java/lang/System.java 
568679     WARN  main            d.u.i.k.j.r.KeYCrossReferenceNameInfo Datatype java.io.PrintStream declared twice: Once in FILE:/home/runner/work/key/key/key.core/../key.ui/examples/standard_key/staticInitialisation/classpath/PrintStream.java and once in URL:file:/home/runner/work/key/key/key.core/build/resources/main/de/uka/ilkd/key/java/JavaRedux/java/io/PrintStream.java, Keeping one from URL:file:/home/runner/work/key/key/key.core/build/resources/main/de/uka/ilkd/key/java/JavaRedux/java/io/PrintStream.java 
571020     DEBUG main            d.u.i.k.p.i.AbstractProblemLoader Init config took 2.36s 
571034     INFO  main            d.u.i.k.p.i.AbstractProblemLoader Replaying proof staticInitialisersAreNonSimple.key 
571035     DEBUG main            d.u.i.k.p.i.IntermediateProofReplayer Proof replay took 2.9ns 
571337     INFO  main            d.u.i.k.p.r.p.TestFile    ... finished proof: closed. 
571956     INFO  main            d.u.i.k.p.i.AbstractProblemLoader Loading environment from /home/runner/work/key/key/key.core/../key.ui/examples/standard_key/staticInitialisation/staticInitialisersAreNonSimple.key.proof 
571956     DEBUG main            d.u.i.k.p.i.AbstractProblemLoader Environment load took 81.8ns 
571958     INFO  main            d.u.i.k.p.i.AbstractProblemLoader Creating init config 
571979     WARN  main            d.u.i.k.j.r.KeYCrossReferenceNameInfo Datatype java.lang.System declared twice: Once in FILE:/home/runner/work/key/key/key.core/../key.ui/examples/standard_key/staticInitialisation/classpath/System.java and once in URL:file:/home/runner/work/key/key/key.core/build/resources/main/de/uka/ilkd/key/java/JavaRedux/java/lang/System.java, Keeping one from URL:file:/home/runner/work/key/key/key.core/build/resources/main/de/uka/ilkd/key/java/JavaRedux/java/lang/System.java 
571979     WARN  main            d.u.i.k.j.r.KeYCrossReferenceNameInfo Datatype java.io.PrintStream declared twice: Once in FILE:/home/runner/work/key/key/key.core/../key.ui/examples/standard_key/staticInitialisation/classpath/PrintStream.java and once in URL:file:/home/runner/work/key/key/key.core/build/resources/main/de/uka/ilkd/key/java/JavaRedux/java/io/PrintStream.java, Keeping one from URL:file:/home/runner/work/key/key/key.core/build/resources/main/de/uka/ilkd/key/java/JavaRedux/java/io/PrintStream.java 
574228     DEBUG main            d.u.i.k.p.i.AbstractProblemLoader Init config took 2.27s 
574244     INFO  main            d.u.i.k.p.i.AbstractProblemLoader Replaying proof staticInitialisersAreNonSimple.key.proof 
574315     DEBUG main            d.u.i.k.p.i.IntermediateProofReplayer Proof replay took 69.2ms 
574316     DEBUG main            d.u.i.k.p.r.p.TestFile    ... success: reloaded. 
574317     INFO  main            d.u.i.k.p.r.p.TestFile    Now processing file /home/runner/work/key/key/key.core/../key.ui/examples/standard_key/types/disjoint.key 
574317     INFO  main            d.u.i.k.p.i.AbstractProblemLoader Loading environment from /home/runner/work/key/key/key.core/../key.ui/examples/standard_key/types/disjoint.key 
574317     DEBUG main            d.u.i.k.p.i.AbstractProblemLoader Environment load took 67.8ns 
574318     INFO  main            d.u.i.k.p.i.AbstractProblemLoader Creating init config 
576562     DEBUG main            d.u.i.k.p.i.AbstractProblemLoader Init config took 2.24s 
576574     INFO  main            d.u.i.k.p.i.AbstractProblemLoader Replaying proof disjoint.key 
576575     DEBUG main            d.u.i.k.p.i.IntermediateProofReplayer Proof replay took 3.5ns 
576678     INFO  main            d.u.i.k.p.r.p.TestFile    ... finished proof: closed. 
577224     INFO  main            d.u.i.k.p.i.AbstractProblemLoader Loading environment from /home/runner/work/key/key/key.core/../key.ui/examples/standard_key/types/disjoint.key.proof 
577224     DEBUG main            d.u.i.k.p.i.AbstractProblemLoader Environment load took 81.4ns 
577225     INFO  main            d.u.i.k.p.i.AbstractProblemLoader Creating init config 
579429     DEBUG main            d.u.i.k.p.i.AbstractProblemLoader Init config took 2.2s 
579441     INFO  main            d.u.i.k.p.i.AbstractProblemLoader Replaying proof disjoint.key.proof 
579443     DEBUG main            d.u.i.k.p.i.IntermediateProofReplayer Proof replay took 495.51ns 
579444     DEBUG main            d.u.i.k.p.r.p.TestFile    ... success: reloaded. 
579444     INFO  main            d.u.i.k.p.r.p.TestFile    Now processing file /home/runner/work/key/key/key.core/../key.ui/examples/../../key.core/src/test/resources/testcase/classpath/classpath.key 
579444     INFO  main            d.u.i.k.p.i.AbstractProblemLoader Loading environment from /home/runner/work/key/key/key.core/../key.ui/examples/../../key.core/src/test/resources/testcase/classpath/classpath.key 
579444     DEBUG main            d.u.i.k.p.i.AbstractProblemLoader Environment load took 96.6ns 
579445     INFO  main            d.u.i.k.p.i.AbstractProblemLoader Creating init config 
579466     WARN  main            d.u.i.k.j.r.KeYCrossReferenceNameInfo Datatype cp.C declared twice: Once in FILE:/home/runner/work/key/key/key.core/../key.ui/examples/../../key.core/src/test/resources/testcase/classpath/classpath/C.class and once in FILE:/home/runner/work/key/key/key.core/../key.ui/examples/../../key.core/src/test/resources/testcase/classpath/classpath/C.jml, Keeping one from FILE:/home/runner/work/key/key/key.core/../key.ui/examples/../../key.core/src/test/resources/testcase/classpath/classpath/C.jml 
579469     DEBUG main            d.u.i.k.j.r.ClassFileDeclarationBuilder Parsing: package cp; public class Unresolved1 { } 
579469     DEBUG main            r.s.KeYCrossReferenceSourceInfo Dynamically created class: cp.Unresolved1 
579469     DEBUG main            d.u.i.k.j.r.ClassFileDeclarationBuilder Parsing: package cp; public class Unresolved2 { } 
579469     DEBUG main            r.s.KeYCrossReferenceSourceInfo Dynamically created class: cp.Unresolved2 
581857     DEBUG main            d.u.i.k.p.i.AbstractProblemLoader Init config took 2.41s 
581872     INFO  main            d.u.i.k.p.i.AbstractProblemLoader Replaying proof classpath.key 
581873     DEBUG main            d.u.i.k.p.i.IntermediateProofReplayer Proof replay took 3.1ns 
581975     INFO  main            d.u.i.k.p.r.p.TestFile    ... finished proof: closed. 
582523     INFO  main            d.u.i.k.p.i.AbstractProblemLoader Loading environment from /home/runner/work/key/key/key.core/../key.ui/examples/../../key.core/src/test/resources/testcase/classpath/classpath.key.proof 
582523     DEBUG main            d.u.i.k.p.i.AbstractProblemLoader Environment load took 97ns 
582524     INFO  main            d.u.i.k.p.i.AbstractProblemLoader Creating init config 
582547     WARN  main            d.u.i.k.j.r.KeYCrossReferenceNameInfo Datatype cp.C declared twice: Once in FILE:/home/runner/work/key/key/key.core/../key.ui/examples/../../key.core/src/test/resources/testcase/classpath/classpath/C.class and once in FILE:/home/runner/work/key/key/key.core/../key.ui/examples/../../key.core/src/test/resources/testcase/classpath/classpath/C.jml, Keeping one from FILE:/home/runner/work/key/key/key.core/../key.ui/examples/../../key.core/src/test/resources/testcase/classpath/classpath/C.jml 
582551     DEBUG main            d.u.i.k.j.r.ClassFileDeclarationBuilder Parsing: package cp; public class Unresolved1 { } 
582551     DEBUG main            r.s.KeYCrossReferenceSourceInfo Dynamically created class: cp.Unresolved1 
582551     DEBUG main            d.u.i.k.j.r.ClassFileDeclarationBuilder Parsing: package cp; public class Unresolved2 { } 
582551     DEBUG main            r.s.KeYCrossReferenceSourceInfo Dynamically created class: cp.Unresolved2 
584877     DEBUG main            d.u.i.k.p.i.AbstractProblemLoader Init config took 2.35s 
584892     INFO  main            d.u.i.k.p.i.AbstractProblemLoader Replaying proof classpath.key.proof 
584894     DEBUG main            d.u.i.k.p.i.IntermediateProofReplayer Proof replay took 530.81ns 
584895     DEBUG main            d.u.i.k.p.r.p.TestFile    ... success: reloaded. 
584896     INFO  main            d.u.i.k.p.r.p.TestFile    Now processing file /home/runner/work/key/key/key.core/../key.ui/examples/heap/inconsistent_represents/MyClass_m.key 
584896     INFO  main            d.u.i.k.p.i.AbstractProblemLoader Loading environment from /home/runner/work/key/key/key.core/../key.ui/examples/heap/inconsistent_represents/MyClass_m.key 
584896     DEBUG main            d.u.i.k.p.i.AbstractProblemLoader Environment load took 150.1ns 
584897     INFO  main            d.u.i.k.p.i.AbstractProblemLoader Creating init config 
587235     DEBUG main            d.u.i.k.p.i.AbstractProblemLoader Init config took 2.34s 
587270     INFO  main            d.u.i.k.p.i.AbstractProblemLoader Replaying proof MyClass[MyClass::m()].JML operation contract.0 
587271     DEBUG main            d.u.i.k.p.i.IntermediateProofReplayer Proof replay took 2.8ns 
587375     INFO  main            d.u.i.k.p.r.p.TestFile    ... finished proof: open goal(s) 
587906     INFO  main            d.u.i.k.p.r.p.TestFile    Now processing file /home/runner/work/key/key/key.core/../key.ui/examples/heap/inconsistent_represents/MyClass_n.key 
587906     INFO  main            d.u.i.k.p.i.AbstractProblemLoader Loading environment from /home/runner/work/key/key/key.core/../key.ui/examples/heap/inconsistent_represents/MyClass_n.key 
587907     DEBUG main            d.u.i.k.p.i.AbstractProblemLoader Environment load took 46.7ns 
587907     INFO  main            d.u.i.k.p.i.AbstractProblemLoader Creating init config 
590193     DEBUG main            d.u.i.k.p.i.AbstractProblemLoader Init config took 2.29s 
590227     INFO  main            d.u.i.k.p.i.AbstractProblemLoader Replaying proof MyClass[MyClass::n()].JML operation contract.0 
590229     DEBUG main            d.u.i.k.p.i.IntermediateProofReplayer Proof replay took 2.8ns 
590330     INFO  main            d.u.i.k.p.r.p.TestFile    ... finished proof: open goal(s) 
3462392    INFO  Test worker     d.u.i.k.p.r.RunAllProofsTestUnit Returning from test javadl 
3462392    INFO  Test worker     d.u.i.k.p.r.RunAllProofsTestUnit Running test FOL 
343        INFO  Timeout watchdog d.u.i.k.p.r.p.ForkedTestFileRunner Timeout watcher launched (2000 secs.) 
364        WARN  main            d.u.i.k.s.ProofSettings   The settings in /home/runner/.key/proof-settings.props are *not* read. 
406        INFO  main            d.u.i.k.p.r.p.TestFile    Now processing file /home/runner/work/key/key/key.core/../key.ui/examples/standard_key/pred_log/count.key 
554        INFO  main            d.u.i.k.p.i.AbstractProblemLoader Loading environment from /home/runner/work/key/key/key.core/../key.ui/examples/standard_key/pred_log/count.key 
574        DEBUG main            d.u.i.k.p.i.AbstractProblemLoader Environment load took 2.04ms 
835        INFO  main            d.u.i.k.p.i.AbstractProblemLoader Creating init config 
1823       DEBUG main            d.u.i.k.j.TypeConverter   No LDT found for Meta 
1823       DEBUG main            d.u.i.k.j.TypeConverter   No LDT found for Meta 
1826       DEBUG main            d.u.i.k.j.TypeConverter   No LDT found for Meta 
1826       DEBUG main            d.u.i.k.j.TypeConverter   No LDT found for Meta 
3140       DEBUG main            d.u.i.k.j.TypeConverter   No LDT found for JavaBigintExpression 
7758       DEBUG main            d.u.i.k.p.i.AbstractProblemLoader Init config took 6.92s 
7844       INFO  main            d.u.i.k.p.i.AbstractProblemLoader Replaying proof count.key 
7882       DEBUG main            d.u.i.k.p.i.IntermediateProofReplayer Proof replay took 37.8ns 
8062       INFO  main            d.u.i.k.p.r.p.TestFile    ... finished proof: closed. 
8163       INFO  main            d.u.i.k.p.i.AbstractProblemLoader Loading environment from /home/runner/work/key/key/key.core/../key.ui/examples/standard_key/pred_log/count.key.proof 
8164       DEBUG main            d.u.i.k.p.i.AbstractProblemLoader Environment load took 729.62ns 
8169       INFO  main            d.u.i.k.p.i.AbstractProblemLoader Creating init config 
10783      DEBUG main            d.u.i.k.p.i.AbstractProblemLoader Init config took 2.61s 
10842      INFO  main            d.u.i.k.p.i.AbstractProblemLoader Replaying proof count.key.proof 
10871      DEBUG main            d.u.i.k.p.i.IntermediateProofReplayer Proof replay took 20.48ms 
10886      DEBUG main            d.u.i.k.p.r.p.TestFile    ... success: reloaded. 
10887      INFO  main            d.u.i.k.p.r.p.TestFile    Now processing file /home/runner/work/key/key/key.core/../key.ui/examples/standard_key/pred_log/count2.key 
10888      INFO  main            d.u.i.k.p.i.AbstractProblemLoader Loading environment from /home/runner/work/key/key/key.core/../key.ui/examples/standard_key/pred_log/count2.key 
10888      DEBUG main            d.u.i.k.p.i.AbstractProblemLoader Environment load took 108.5ns 
10891      INFO  main            d.u.i.k.p.i.AbstractProblemLoader Creating init config 
13299      DEBUG main            d.u.i.k.p.i.AbstractProblemLoader Init config took 2.41s 
13350      INFO  main            d.u.i.k.p.i.AbstractProblemLoader Replaying proof count2.key 
13352      DEBUG main            d.u.i.k.p.i.IntermediateProofReplayer Proof replay took 6.4ns 
13455      INFO  main            d.u.i.k.p.r.p.TestFile    ... finished proof: closed. 
13574      INFO  main            d.u.i.k.p.i.AbstractProblemLoader Loading environment from /home/runner/work/key/key/key.core/../key.ui/examples/standard_key/pred_log/count2.key.proof 
13574      DEBUG main            d.u.i.k.p.i.AbstractProblemLoader Environment load took 126.8ns 
13576      INFO  main            d.u.i.k.p.i.AbstractProblemLoader Creating init config 
15921      DEBUG main            d.u.i.k.p.i.AbstractProblemLoader Init config took 2.35s 
15944      INFO  main            d.u.i.k.p.i.AbstractProblemLoader Replaying proof count2.key.proof 
15949      DEBUG main            d.u.i.k.p.i.IntermediateProofReplayer Proof replay took 3.58ms 
15950      DEBUG main            d.u.i.k.p.r.p.TestFile    ... success: reloaded. 
15951      INFO  main            d.u.i.k.p.r.p.TestFile    Now processing file /home/runner/work/key/key/key.core/../key.ui/examples/standard_key/pred_log/count3.key 
15951      INFO  main            d.u.i.k.p.i.AbstractProblemLoader Loading environment from /home/runner/work/key/key/key.core/../key.ui/examples/standard_key/pred_log/count3.key 
15951      DEBUG main            d.u.i.k.p.i.AbstractProblemLoader Environment load took 100.8ns 
15952      INFO  main            d.u.i.k.p.i.AbstractProblemLoader Creating init config 
18316      DEBUG main            d.u.i.k.p.i.AbstractProblemLoader Init config took 2.36s 
18336      INFO  main            d.u.i.k.p.i.AbstractProblemLoader Replaying proof count3.key 
18338      DEBUG main            d.u.i.k.p.i.IntermediateProofReplayer Proof replay took 6.4ns 
18440      INFO  main            d.u.i.k.p.r.p.TestFile    ... finished proof: closed. 
18570      INFO  main            d.u.i.k.p.i.AbstractProblemLoader Loading environment from /home/runner/work/key/key/key.core/../key.ui/examples/standard_key/pred_log/count3.key.proof 
18570      DEBUG main            d.u.i.k.p.i.AbstractProblemLoader Environment load took 136.2ns 
18571      INFO  main            d.u.i.k.p.i.AbstractProblemLoader Creating init config 
20962      DEBUG main            d.u.i.k.p.i.AbstractProblemLoader Init config took 2.39s 
20983      INFO  main            d.u.i.k.p.i.AbstractProblemLoader Replaying proof count3.key.proof 
20991      DEBUG main            d.u.i.k.p.i.IntermediateProofReplayer Proof replay took 5.21ms 
20993      DEBUG main            d.u.i.k.p.r.p.TestFile    ... success: reloaded. 
20995      INFO  main            d.u.i.k.p.r.p.TestFile    Now processing file /home/runner/work/key/key/key.core/../key.ui/examples/standard_key/pred_log/equalities.key 
20995      INFO  main            d.u.i.k.p.i.AbstractProblemLoader Loading environment from /home/runner/work/key/key/key.core/../key.ui/examples/standard_key/pred_log/equalities.key 
20996      DEBUG main            d.u.i.k.p.i.AbstractProblemLoader Environment load took 186.4ns 
20997      INFO  main            d.u.i.k.p.i.AbstractProblemLoader Creating init config 
23335      DEBUG main            d.u.i.k.p.i.AbstractProblemLoader Init config took 2.34s 
23355      INFO  main            d.u.i.k.p.i.AbstractProblemLoader Replaying proof equalities.key 
23356      DEBUG main            d.u.i.k.p.i.IntermediateProofReplayer Proof replay took 7.3ns 
23459      INFO  main            d.u.i.k.p.r.p.TestFile    ... finished proof: closed. 
23605      INFO  main            d.u.i.k.p.i.AbstractProblemLoader Loading environment from /home/runner/work/key/key/key.core/../key.ui/examples/standard_key/pred_log/equalities.key.proof 
23605      DEBUG main            d.u.i.k.p.i.AbstractProblemLoader Environment load took 119.2ns 
23606      INFO  main            d.u.i.k.p.i.AbstractProblemLoader Creating init config 
25917      DEBUG main            d.u.i.k.p.i.AbstractProblemLoader Init config took 2.31s 
25936      INFO  main            d.u.i.k.p.i.AbstractProblemLoader Replaying proof equalities.key.proof 
25940      DEBUG main            d.u.i.k.p.i.IntermediateProofReplayer Proof replay took 1.65ms 
25940      DEBUG main            d.u.i.k.p.r.p.TestFile    ... success: reloaded. 
25941      INFO  main            d.u.i.k.p.r.p.TestFile    Now processing file /home/runner/work/key/key/key.core/../key.ui/examples/standard_key/pred_log/equalities2.key 
25941      INFO  main            d.u.i.k.p.i.AbstractProblemLoader Loading environment from /home/runner/work/key/key/key.core/../key.ui/examples/standard_key/pred_log/equalities2.key 
25941      DEBUG main            d.u.i.k.p.i.AbstractProblemLoader Environment load took 111.7ns 
25942      INFO  main            d.u.i.k.p.i.AbstractProblemLoader Creating init config 
28232      DEBUG main            d.u.i.k.p.i.AbstractProblemLoader Init config took 2.29s 
28252      INFO  main            d.u.i.k.p.i.AbstractProblemLoader Replaying proof equalities2.key 
28253      DEBUG main            d.u.i.k.p.i.IntermediateProofReplayer Proof replay took 7.3ns 
28359      INFO  main            d.u.i.k.p.r.p.TestFile    ... finished proof: closed. 
28505      INFO  main            d.u.i.k.p.i.AbstractProblemLoader Loading environment from /home/runner/work/key/key/key.core/../key.ui/examples/standard_key/pred_log/equalities2.key.proof 
28507      DEBUG main            d.u.i.k.p.i.AbstractProblemLoader Environment load took 130.4ns 
28509      INFO  main            d.u.i.k.p.i.AbstractProblemLoader Creating init config 
30803      DEBUG main            d.u.i.k.p.i.AbstractProblemLoader Init config took 2.29s 
30822      INFO  main            d.u.i.k.p.i.AbstractProblemLoader Replaying proof equalities2.key.proof 
30828      DEBUG main            d.u.i.k.p.i.IntermediateProofReplayer Proof replay took 4.04ms 
30830      DEBUG main            d.u.i.k.p.r.p.TestFile    ... success: reloaded. 
30830      INFO  main            d.u.i.k.p.r.p.TestFile    Now processing file /home/runner/work/key/key/key.core/../key.ui/examples/standard_key/pred_log/equalities3.key 
30831      INFO  main            d.u.i.k.p.i.AbstractProblemLoader Loading environment from /home/runner/work/key/key/key.core/../key.ui/examples/standard_key/pred_log/equalities3.key 
30831      DEBUG main            d.u.i.k.p.i.AbstractProblemLoader Environment load took 198ns 
30832      INFO  main            d.u.i.k.p.i.AbstractProblemLoader Creating init config 
33106      DEBUG main            d.u.i.k.p.i.AbstractProblemLoader Init config took 2.27s 
33128      INFO  main            d.u.i.k.p.i.AbstractProblemLoader Replaying proof equalities3.key 
33129      DEBUG main            d.u.i.k.p.i.IntermediateProofReplayer Proof replay took 7.6ns 
33232      INFO  main            d.u.i.k.p.r.p.TestFile    ... finished proof: closed. 
33374      INFO  main            d.u.i.k.p.i.AbstractProblemLoader Loading environment from /home/runner/work/key/key/key.core/../key.ui/examples/standard_key/pred_log/equalities3.key.proof 
33374      DEBUG main            d.u.i.k.p.i.AbstractProblemLoader Environment load took 121.4ns 
33376      INFO  main            d.u.i.k.p.i.AbstractProblemLoader Creating init config 
35616      DEBUG main            d.u.i.k.p.i.AbstractProblemLoader Init config took 2.24s 
35635      INFO  main            d.u.i.k.p.i.AbstractProblemLoader Replaying proof equalities3.key.proof 
35643      DEBUG main            d.u.i.k.p.i.IntermediateProofReplayer Proof replay took 6.54ms 
35644      DEBUG main            d.u.i.k.p.r.p.TestFile    ... success: reloaded. 
35645      INFO  main            d.u.i.k.p.r.p.TestFile    Now processing file /home/runner/work/key/key/key.core/../key.ui/examples/standard_key/pred_log/functions.key 
35645      INFO  main            d.u.i.k.p.i.AbstractProblemLoader Loading environment from /home/runner/work/key/key/key.core/../key.ui/examples/standard_key/pred_log/functions.key 
35646      DEBUG main            d.u.i.k.p.i.AbstractProblemLoader Environment load took 206.6ns 
35647      INFO  main            d.u.i.k.p.i.AbstractProblemLoader Creating init config 
37985      DEBUG main            d.u.i.k.p.i.AbstractProblemLoader Init config took 2.34s 
38002      INFO  main            d.u.i.k.p.i.AbstractProblemLoader Replaying proof functions.key 
38003      DEBUG main            d.u.i.k.p.i.IntermediateProofReplayer Proof replay took 5.9ns 
38105      INFO  main            d.u.i.k.p.r.p.TestFile    ... finished proof: closed. 
38261      INFO  main            d.u.i.k.p.i.AbstractProblemLoader Loading environment from /home/runner/work/key/key/key.core/../key.ui/examples/standard_key/pred_log/functions.key.proof 
38261      DEBUG main            d.u.i.k.p.i.AbstractProblemLoader Environment load took 117.1ns 
38262      INFO  main            d.u.i.k.p.i.AbstractProblemLoader Creating init config 
40513      DEBUG main            d.u.i.k.p.i.AbstractProblemLoader Init config took 2.25s 
40529      INFO  main            d.u.i.k.p.i.AbstractProblemLoader Replaying proof functions.key.proof 
40534      DEBUG main            d.u.i.k.p.i.IntermediateProofReplayer Proof replay took 2.52ms 
40535      DEBUG main            d.u.i.k.p.r.p.TestFile    ... success: reloaded. 
40535      INFO  main            d.u.i.k.p.r.p.TestFile    Now processing file /home/runner/work/key/key/key.core/../key.ui/examples/standard_key/pred_log/mv1.key 
40536      INFO  main            d.u.i.k.p.i.AbstractProblemLoader Loading environment from /home/runner/work/key/key/key.core/../key.ui/examples/standard_key/pred_log/mv1.key 
40536      DEBUG main            d.u.i.k.p.i.AbstractProblemLoader Environment load took 91ns 
40537      INFO  main            d.u.i.k.p.i.AbstractProblemLoader Creating init config 
42824      DEBUG main            d.u.i.k.p.i.AbstractProblemLoader Init config took 2.29s 
42839      INFO  main            d.u.i.k.p.i.AbstractProblemLoader Replaying proof mv1.key 
42841      DEBUG main            d.u.i.k.p.i.IntermediateProofReplayer Proof replay took 7.1ns 
42943      INFO  main            d.u.i.k.p.r.p.TestFile    ... finished proof: closed. 
43114      INFO  main            d.u.i.k.p.i.AbstractProblemLoader Loading environment from /home/runner/work/key/key/key.core/../key.ui/examples/standard_key/pred_log/mv1.key.proof 
43114      DEBUG main            d.u.i.k.p.i.AbstractProblemLoader Environment load took 131.4ns 
43115      INFO  main            d.u.i.k.p.i.AbstractProblemLoader Creating init config 
45326      DEBUG main            d.u.i.k.p.i.AbstractProblemLoader Init config took 2.21s 
45341      INFO  main            d.u.i.k.p.i.AbstractProblemLoader Replaying proof mv1.key.proof 
45344      DEBUG main            d.u.i.k.p.i.IntermediateProofReplayer Proof replay took 1.04ms 
45345      DEBUG main            d.u.i.k.p.r.p.TestFile    ... success: reloaded. 
45346      INFO  main            d.u.i.k.p.r.p.TestFile    Now processing file /home/runner/work/key/key/key.core/../key.ui/examples/standard_key/pred_log/mv2.key 
45346      INFO  main            d.u.i.k.p.i.AbstractProblemLoader Loading environment from /home/runner/work/key/key/key.core/../key.ui/examples/standard_key/pred_log/mv2.key 
45346      DEBUG main            d.u.i.k.p.i.AbstractProblemLoader Environment load took 177.8ns 
45347      INFO  main            d.u.i.k.p.i.AbstractProblemLoader Creating init config 
47595      DEBUG main            d.u.i.k.p.i.AbstractProblemLoader Init config took 2.25s 
47610      INFO  main            d.u.i.k.p.i.AbstractProblemLoader Replaying proof mv2.key 
47611      DEBUG main            d.u.i.k.p.i.IntermediateProofReplayer Proof replay took 6.8ns 
47713      INFO  main            d.u.i.k.p.r.p.TestFile    ... finished proof: closed. 
47883      INFO  main            d.u.i.k.p.i.AbstractProblemLoader Loading environment from /home/runner/work/key/key/key.core/../key.ui/examples/standard_key/pred_log/mv2.key.proof 
47883      DEBUG main            d.u.i.k.p.i.AbstractProblemLoader Environment load took 118.1ns 
47884      INFO  main            d.u.i.k.p.i.AbstractProblemLoader Creating init config 
50079      DEBUG main            d.u.i.k.p.i.AbstractProblemLoader Init config took 2.19s 
50093      INFO  main            d.u.i.k.p.i.AbstractProblemLoader Replaying proof mv2.key.proof 
50096      DEBUG main            d.u.i.k.p.i.IntermediateProofReplayer Proof replay took 1.75ms 
50097      DEBUG main            d.u.i.k.p.r.p.TestFile    ... success: reloaded. 
50098      INFO  main            d.u.i.k.p.r.p.TestFile    Now processing file /home/runner/work/key/key/key.core/../key.ui/examples/standard_key/pred_log/quantifiers.key 
50098      INFO  main            d.u.i.k.p.i.AbstractProblemLoader Loading environment from /home/runner/work/key/key/key.core/../key.ui/examples/standard_key/pred_log/quantifiers.key 
50098      DEBUG main            d.u.i.k.p.i.AbstractProblemLoader Environment load took 87.9ns 
50099      INFO  main            d.u.i.k.p.i.AbstractProblemLoader Creating init config 
52396      DEBUG main            d.u.i.k.p.i.AbstractProblemLoader Init config took 2.3s 
52411      INFO  main            d.u.i.k.p.i.AbstractProblemLoader Replaying proof quantifiers.key 
52412      DEBUG main            d.u.i.k.p.i.IntermediateProofReplayer Proof replay took 6.5ns 
52519      INFO  main            d.u.i.k.p.r.p.TestFile    ... finished proof: closed. 
52690      INFO  main            d.u.i.k.p.i.AbstractProblemLoader Loading environment from /home/runner/work/key/key/key.core/../key.ui/examples/standard_key/pred_log/quantifiers.key.proof 
52690      DEBUG main            d.u.i.k.p.i.AbstractProblemLoader Environment load took 124.6ns 
52691      INFO  main            d.u.i.k.p.i.AbstractProblemLoader Creating init config 
54891      DEBUG main            d.u.i.k.p.i.AbstractProblemLoader Init config took 2.2s 
54906      INFO  main            d.u.i.k.p.i.AbstractProblemLoader Replaying proof quantifiers.key.proof 
54910      DEBUG main            d.u.i.k.p.i.IntermediateProofReplayer Proof replay took 2.27ms 
54911      DEBUG main            d.u.i.k.p.r.p.TestFile    ... success: reloaded. 
54912      INFO  main            d.u.i.k.p.r.p.TestFile    Now processing file /home/runner/work/key/key/key.core/../key.ui/examples/standard_key/pred_log/simpleEps.key 
54912      INFO  main            d.u.i.k.p.i.AbstractProblemLoader Loading environment from /home/runner/work/key/key/key.core/../key.ui/examples/standard_key/pred_log/simpleEps.key 
54912      DEBUG main            d.u.i.k.p.i.AbstractProblemLoader Environment load took 125.1ns 
54913      INFO  main            d.u.i.k.p.i.AbstractProblemLoader Creating init config 
57178      DEBUG main            d.u.i.k.p.i.AbstractProblemLoader Init config took 2.27s 
57193      INFO  main            d.u.i.k.p.i.AbstractProblemLoader Replaying proof simpleEps.key 
57194      DEBUG main            d.u.i.k.p.i.IntermediateProofReplayer Proof replay took 7.4ns 
57299      INFO  main            d.u.i.k.p.r.p.TestFile    ... finished proof: closed. 
57493      INFO  main            d.u.i.k.p.i.AbstractProblemLoader Loading environment from /home/runner/work/key/key/key.core/../key.ui/examples/standard_key/pred_log/simpleEps.key.proof 
57493      DEBUG main            d.u.i.k.p.i.AbstractProblemLoader Environment load took 116.8ns 
57494      INFO  main            d.u.i.k.p.i.AbstractProblemLoader Creating init config 
59695      DEBUG main            d.u.i.k.p.i.AbstractProblemLoader Init config took 2.2s 
59710      INFO  main            d.u.i.k.p.i.AbstractProblemLoader Replaying proof simpleEps.key.proof 
59719      DEBUG main            d.u.i.k.p.i.IntermediateProofReplayer Proof replay took 4.21ms 
59721      DEBUG main            d.u.i.k.p.r.p.TestFile    ... success: reloaded. 
59722      INFO  main            d.u.i.k.p.r.p.TestFile    Now processing file /home/runner/work/key/key/key.core/../key.ui/examples/standard_key/pred_log/steam1.key 
59722      INFO  main            d.u.i.k.p.i.AbstractProblemLoader Loading environment from /home/runner/work/key/key/key.core/../key.ui/examples/standard_key/pred_log/steam1.key 
59722      DEBUG main            d.u.i.k.p.i.AbstractProblemLoader Environment load took 90.6ns 
59725      INFO  main            d.u.i.k.p.i.AbstractProblemLoader Creating init config 
62014      DEBUG main            d.u.i.k.p.i.AbstractProblemLoader Init config took 2.29s 
62036      INFO  main            d.u.i.k.p.i.AbstractProblemLoader Replaying proof steam1.key 
62037      DEBUG main            d.u.i.k.p.i.IntermediateProofReplayer Proof replay took 7ns 
62344      INFO  main            d.u.i.k.p.r.p.TestFile    ... finished proof: closed. 
62534      INFO  main            d.u.i.k.p.i.AbstractProblemLoader Loading environment from /home/runner/work/key/key/key.core/../key.ui/examples/standard_key/pred_log/steam1.key.proof 
62534      DEBUG main            d.u.i.k.p.i.AbstractProblemLoader Environment load took 353.51ns 
62536      INFO  main            d.u.i.k.p.i.AbstractProblemLoader Creating init config 
64736      DEBUG main            d.u.i.k.p.i.AbstractProblemLoader Init config took 2.2s 
64755      INFO  main            d.u.i.k.p.i.AbstractProblemLoader Replaying proof steam1.key.proof 
64775      DEBUG main            d.u.i.k.p.i.IntermediateProofReplayer Proof replay took 16.15ms 
64777      DEBUG main            d.u.i.k.p.r.p.TestFile    ... success: reloaded. 
64778      INFO  main            d.u.i.k.p.r.p.TestFile    Now processing file /home/runner/work/key/key/key.core/../key.ui/examples/standard_key/pred_log/tptp/PUZ/PUZ001p1.key 
64778      INFO  main            d.u.i.k.p.i.AbstractProblemLoader Loading environment from /home/runner/work/key/key/key.core/../key.ui/examples/standard_key/pred_log/tptp/PUZ/PUZ001p1.key 
64778      DEBUG main            d.u.i.k.p.i.AbstractProblemLoader Environment load took 175.5ns 
64780      INFO  main            d.u.i.k.p.i.AbstractProblemLoader Creating init config 
67024      DEBUG main            d.u.i.k.p.i.AbstractProblemLoader Init config took 2.24s 
67046      INFO  main            d.u.i.k.p.i.AbstractProblemLoader Replaying proof PUZ001p1.key 
67047      DEBUG main            d.u.i.k.p.i.IntermediateProofReplayer Proof replay took 7.3ns 
69799      INFO  main            d.u.i.k.p.r.p.TestFile    ... finished proof: closed. 
70105      INFO  main            d.u.i.k.p.i.AbstractProblemLoader Loading environment from /home/runner/work/key/key/key.core/../key.ui/examples/standard_key/pred_log/tptp/PUZ/PUZ001p1.key.proof 
70105      DEBUG main            d.u.i.k.p.i.AbstractProblemLoader Environment load took 120.4ns 
70107      INFO  main            d.u.i.k.p.i.AbstractProblemLoader Creating init config 
72282      DEBUG main            d.u.i.k.p.i.AbstractProblemLoader Init config took 2.17s 
72298      INFO  main            d.u.i.k.p.i.AbstractProblemLoader Replaying proof PUZ001p1.key.proof 
72437      DEBUG main            d.u.i.k.p.i.IntermediateProofReplayer Proof replay took 130.6ms 
72438      DEBUG main            d.u.i.k.p.r.p.TestFile    ... success: reloaded. 
72439      INFO  main            d.u.i.k.p.r.p.TestFile    Now processing file /home/runner/work/key/key/key.core/../key.ui/examples/standard_key/pred_log/tptp/PUZ/PUZ001p1-eq.key 
72440      INFO  main            d.u.i.k.p.i.AbstractProblemLoader Loading environment from /home/runner/work/key/key/key.core/../key.ui/examples/standard_key/pred_log/tptp/PUZ/PUZ001p1-eq.key 
72440      DEBUG main            d.u.i.k.p.i.AbstractProblemLoader Environment load took 170.7ns 
72441      INFO  main            d.u.i.k.p.i.AbstractProblemLoader Creating init config 
74678      DEBUG main            d.u.i.k.p.i.AbstractProblemLoader Init config took 2.24s 
74692      INFO  main            d.u.i.k.p.i.AbstractProblemLoader Replaying proof PUZ001p1-eq.key 
74693      DEBUG main            d.u.i.k.p.i.IntermediateProofReplayer Proof replay took 6.9ns 
74796      INFO  main            d.u.i.k.p.r.p.TestFile    ... finished proof: closed. 
75015      INFO  main            d.u.i.k.p.i.AbstractProblemLoader Loading environment from /home/runner/work/key/key/key.core/../key.ui/examples/standard_key/pred_log/tptp/PUZ/PUZ001p1-eq.key.proof 
75015      DEBUG main            d.u.i.k.p.i.AbstractProblemLoader Environment load took 122.4ns 
75017      INFO  main            d.u.i.k.p.i.AbstractProblemLoader Creating init config 
77189      DEBUG main            d.u.i.k.p.i.AbstractProblemLoader Init config took 2.17s 
77204      INFO  main            d.u.i.k.p.i.AbstractProblemLoader Replaying proof PUZ001p1-eq.key.proof 
77218      DEBUG main            d.u.i.k.p.i.IntermediateProofReplayer Proof replay took 11.79ms 
77219      DEBUG main            d.u.i.k.p.r.p.TestFile    ... success: reloaded. 
77219      INFO  main            d.u.i.k.p.r.p.TestFile    Now processing file /home/runner/work/key/key/key.core/../key.ui/examples/standard_key/pred_log/tptp/PUZ/PUZ031p1.key 
77219      INFO  main            d.u.i.k.p.i.AbstractProblemLoader Loading environment from /home/runner/work/key/key/key.core/../key.ui/examples/standard_key/pred_log/tptp/PUZ/PUZ031p1.key 
77219      DEBUG main            d.u.i.k.p.i.AbstractProblemLoader Environment load took 85.7ns 
77221      INFO  main            d.u.i.k.p.i.AbstractProblemLoader Creating init config 
79467      DEBUG main            d.u.i.k.p.i.AbstractProblemLoader Init config took 2.25s 
79501      INFO  main            d.u.i.k.p.i.AbstractProblemLoader Replaying proof PUZ031p1.key 
79505      DEBUG main            d.u.i.k.p.i.IntermediateProofReplayer Proof replay took 7.7ns 
87434      INFO  main            d.u.i.k.p.r.p.TestFile    ... finished proof: closed. 
87647      INFO  main            d.u.i.k.p.i.AbstractProblemLoader Loading environment from /home/runner/work/key/key/key.core/../key.ui/examples/standard_key/pred_log/tptp/PUZ/PUZ031p1.key.proof 
87647      DEBUG main            d.u.i.k.p.i.AbstractProblemLoader Environment load took 125ns 
87649      INFO  main            d.u.i.k.p.i.AbstractProblemLoader Creating init config 
89803      DEBUG main            d.u.i.k.p.i.AbstractProblemLoader Init config took 2.15s 
89818      INFO  main            d.u.i.k.p.i.AbstractProblemLoader Replaying proof PUZ031p1.key.proof 
89878      DEBUG main            d.u.i.k.p.i.IntermediateProofReplayer Proof replay took 55.51ms 
89880      DEBUG main            d.u.i.k.p.r.p.TestFile    ... success: reloaded. 
89881      INFO  main            d.u.i.k.p.r.p.TestFile    Now processing file /home/runner/work/key/key/key.core/../key.ui/examples/standard_key/pred_log/tptp/SET/SET027p3.key 
89881      INFO  main            d.u.i.k.p.i.AbstractProblemLoader Loading environment from /home/runner/work/key/key/key.core/../key.ui/examples/standard_key/pred_log/tptp/SET/SET027p3.key 
89881      DEBUG main            d.u.i.k.p.i.AbstractProblemLoader Environment load took 175.1ns 
89882      INFO  main            d.u.i.k.p.i.AbstractProblemLoader Creating init config 
92119      DEBUG main            d.u.i.k.p.i.AbstractProblemLoader Init config took 2.24s 
92132      INFO  main            d.u.i.k.p.i.AbstractProblemLoader Replaying proof SET027p3.key 
92134      DEBUG main            d.u.i.k.p.i.IntermediateProofReplayer Proof replay took 7ns 
92235      INFO  main            d.u.i.k.p.r.p.TestFile    ... finished proof: closed. 
92451      INFO  main            d.u.i.k.p.i.AbstractProblemLoader Loading environment from /home/runner/work/key/key/key.core/../key.ui/examples/standard_key/pred_log/tptp/SET/SET027p3.key.proof 
92451      DEBUG main            d.u.i.k.p.i.AbstractProblemLoader Environment load took 122.9ns 
92452      INFO  main            d.u.i.k.p.i.AbstractProblemLoader Creating init config 
94619      DEBUG main            d.u.i.k.p.i.AbstractProblemLoader Init config took 2.17s 
94632      INFO  main            d.u.i.k.p.i.AbstractProblemLoader Replaying proof SET027p3.key.proof 
94639      DEBUG main            d.u.i.k.p.i.IntermediateProofReplayer Proof replay took 4.84ms 
94640      DEBUG main            d.u.i.k.p.r.p.TestFile    ... success: reloaded. 
94640      INFO  main            d.u.i.k.p.r.p.TestFile    Now processing file /home/runner/work/key/key/key.core/../key.ui/examples/standard_key/pred_log/tptp/SET/SET043p1.key 
94641      INFO  main            d.u.i.k.p.i.AbstractProblemLoader Loading environment from /home/runner/work/key/key/key.core/../key.ui/examples/standard_key/pred_log/tptp/SET/SET043p1.key 
94641      DEBUG main            d.u.i.k.p.i.AbstractProblemLoader Environment load took 92.5ns 
94641      INFO  main            d.u.i.k.p.i.AbstractProblemLoader Creating init config 
96842      DEBUG main            d.u.i.k.p.i.AbstractProblemLoader Init config took 2.2s 
96855      INFO  main            d.u.i.k.p.i.AbstractProblemLoader Replaying proof SET043p1.key 
96856      DEBUG main            d.u.i.k.p.i.IntermediateProofReplayer Proof replay took 6.9ns 
96958      INFO  main            d.u.i.k.p.r.p.TestFile    ... finished proof: closed. 
97166      INFO  main            d.u.i.k.p.i.AbstractProblemLoader Loading environment from /home/runner/work/key/key/key.core/../key.ui/examples/standard_key/pred_log/tptp/SET/SET043p1.key.proof 
97166      DEBUG main            d.u.i.k.p.i.AbstractProblemLoader Environment load took 303.21ns 
97167      INFO  main            d.u.i.k.p.i.AbstractProblemLoader Creating init config 
99320      DEBUG main            d.u.i.k.p.i.AbstractProblemLoader Init config took 2.15s 
99336      INFO  main            d.u.i.k.p.i.AbstractProblemLoader Replaying proof SET043p1.key.proof 
99338      DEBUG main            d.u.i.k.p.i.IntermediateProofReplayer Proof replay took 1.19ms 
99339      DEBUG main            d.u.i.k.p.r.p.TestFile    ... success: reloaded. 
99339      INFO  main            d.u.i.k.p.r.p.TestFile    Now processing file /home/runner/work/key/key/key.core/../key.ui/examples/standard_key/pred_log/tptp/SET/SET045p1.key 
99340      INFO  main            d.u.i.k.p.i.AbstractProblemLoader Loading environment from /home/runner/work/key/key/key.core/../key.ui/examples/standard_key/pred_log/tptp/SET/SET045p1.key 
99340      DEBUG main            d.u.i.k.p.i.AbstractProblemLoader Environment load took 75ns 
99341      INFO  main            d.u.i.k.p.i.AbstractProblemLoader Creating init config 
101564     DEBUG main            d.u.i.k.p.i.AbstractProblemLoader Init config took 2.22s 
101578     INFO  main            d.u.i.k.p.i.AbstractProblemLoader Replaying proof SET045p1.key 
101580     DEBUG main            d.u.i.k.p.i.IntermediateProofReplayer Proof replay took 7.2ns 
101682     INFO  main            d.u.i.k.p.r.p.TestFile    ... finished proof: closed. 
101902     INFO  main            d.u.i.k.p.i.AbstractProblemLoader Loading environment from /home/runner/work/key/key/key.core/../key.ui/examples/standard_key/pred_log/tptp/SET/SET045p1.key.proof 
101902     DEBUG main            d.u.i.k.p.i.AbstractProblemLoader Environment load took 112.5ns 
101903     INFO  main            d.u.i.k.p.i.AbstractProblemLoader Creating init config 
104049     DEBUG main            d.u.i.k.p.i.AbstractProblemLoader Init config took 2.15s 
104063     INFO  main            d.u.i.k.p.i.AbstractProblemLoader Replaying proof SET045p1.key.proof 
104069     DEBUG main            d.u.i.k.p.i.IntermediateProofReplayer Proof replay took 4.19ms 
104070     DEBUG main            d.u.i.k.p.r.p.TestFile    ... success: reloaded. 
104071     INFO  main            d.u.i.k.p.r.p.TestFile    Now processing file /home/runner/work/key/key/key.core/../key.ui/examples/standard_key/pred_log/tptp/SET/SET062p3.key 
104071     INFO  main            d.u.i.k.p.i.AbstractProblemLoader Loading environment from /home/runner/work/key/key/key.core/../key.ui/examples/standard_key/pred_log/tptp/SET/SET062p3.key 
104072     DEBUG main            d.u.i.k.p.i.AbstractProblemLoader Environment load took 175.9ns 
104073     INFO  main            d.u.i.k.p.i.AbstractProblemLoader Creating init config 
106328     DEBUG main            d.u.i.k.p.i.AbstractProblemLoader Init config took 2.25s 
106342     INFO  main            d.u.i.k.p.i.AbstractProblemLoader Replaying proof SET062p3.key 
106343     DEBUG main            d.u.i.k.p.i.IntermediateProofReplayer Proof replay took 7.6ns 
106446     INFO  main            d.u.i.k.p.r.p.TestFile    ... finished proof: closed. 
106671     INFO  main            d.u.i.k.p.i.AbstractProblemLoader Loading environment from /home/runner/work/key/key/key.core/../key.ui/examples/standard_key/pred_log/tptp/SET/SET062p3.key.proof 
106671     DEBUG main            d.u.i.k.p.i.AbstractProblemLoader Environment load took 108.6ns 
106672     INFO  main            d.u.i.k.p.i.AbstractProblemLoader Creating init config 
108820     DEBUG main            d.u.i.k.p.i.AbstractProblemLoader Init config took 2.15s 
108834     INFO  main            d.u.i.k.p.i.AbstractProblemLoader Replaying proof SET062p3.key.proof 
108840     DEBUG main            d.u.i.k.p.i.IntermediateProofReplayer Proof replay took 4.69ms 
108841     DEBUG main            d.u.i.k.p.r.p.TestFile    ... success: reloaded. 
108841     INFO  main            d.u.i.k.p.r.p.TestFile    Now processing file /home/runner/work/key/key/key.core/../key.ui/examples/standard_key/pred_log/tptp/SET/SET063p3.key 
108842     INFO  main            d.u.i.k.p.i.AbstractProblemLoader Loading environment from /home/runner/work/key/key/key.core/../key.ui/examples/standard_key/pred_log/tptp/SET/SET063p3.key 
108842     DEBUG main            d.u.i.k.p.i.AbstractProblemLoader Environment load took 83.5ns 
108843     INFO  main            d.u.i.k.p.i.AbstractProblemLoader Creating init config 
111081     DEBUG main            d.u.i.k.p.i.AbstractProblemLoader Init config took 2.24s 
111096     INFO  main            d.u.i.k.p.i.AbstractProblemLoader Replaying proof SET063p3.key 
111097     DEBUG main            d.u.i.k.p.i.IntermediateProofReplayer Proof replay took 6.2ns 
111199     INFO  main            d.u.i.k.p.r.p.TestFile    ... finished proof: closed. 
111433     INFO  main            d.u.i.k.p.i.AbstractProblemLoader Loading environment from /home/runner/work/key/key/key.core/../key.ui/examples/standard_key/pred_log/tptp/SET/SET063p3.key.proof 
111433     DEBUG main            d.u.i.k.p.i.AbstractProblemLoader Environment load took 105.4ns 
111434     INFO  main            d.u.i.k.p.i.AbstractProblemLoader Creating init config 
113575     DEBUG main            d.u.i.k.p.i.AbstractProblemLoader Init config took 2.14s 
113589     INFO  main            d.u.i.k.p.i.AbstractProblemLoader Replaying proof SET063p3.key.proof 
113596     DEBUG main            d.u.i.k.p.i.IntermediateProofReplayer Proof replay took 5.21ms 
113597     DEBUG main            d.u.i.k.p.r.p.TestFile    ... success: reloaded. 
113597     INFO  main            d.u.i.k.p.r.p.TestFile    Now processing file /home/runner/work/key/key/key.core/../key.ui/examples/standard_key/pred_log/tptp/SYN/SYN036p2.key 
113598     INFO  main            d.u.i.k.p.i.AbstractProblemLoader Loading environment from /home/runner/work/key/key/key.core/../key.ui/examples/standard_key/pred_log/tptp/SYN/SYN036p2.key 
113598     DEBUG main            d.u.i.k.p.i.AbstractProblemLoader Environment load took 89ns 
113599     INFO  main            d.u.i.k.p.i.AbstractProblemLoader Creating init config 
115851     DEBUG main            d.u.i.k.p.i.AbstractProblemLoader Init config took 2.25s 
115866     INFO  main            d.u.i.k.p.i.AbstractProblemLoader Replaying proof SYN036p2.key 
115867     DEBUG main            d.u.i.k.p.i.IntermediateProofReplayer Proof replay took 6ns 
116172     INFO  main            d.u.i.k.p.r.p.TestFile    ... finished proof: closed. 
116418     INFO  main            d.u.i.k.p.i.AbstractProblemLoader Loading environment from /home/runner/work/key/key/key.core/../key.ui/examples/standard_key/pred_log/tptp/SYN/SYN036p2.key.proof 
116419     DEBUG main            d.u.i.k.p.i.AbstractProblemLoader Environment load took 339.31ns 
116420     INFO  main            d.u.i.k.p.i.AbstractProblemLoader Creating init config 
118556     DEBUG main            d.u.i.k.p.i.AbstractProblemLoader Init config took 2.14s 
118569     INFO  main            d.u.i.k.p.i.AbstractProblemLoader Replaying proof SYN036p2.key.proof 
118638     DEBUG main            d.u.i.k.p.i.IntermediateProofReplayer Proof replay took 61.58ms 
118639     DEBUG main            d.u.i.k.p.r.p.TestFile    ... success: reloaded. 
118639     INFO  main            d.u.i.k.p.r.p.TestFile    Now processing file /home/runner/work/key/key/key.core/../key.ui/examples/standard_key/pred_log/tptp/SYN/SYN550p1.key 
118640     INFO  main            d.u.i.k.p.i.AbstractProblemLoader Loading environment from /home/runner/work/key/key/key.core/../key.ui/examples/standard_key/pred_log/tptp/SYN/SYN550p1.key 
118640     DEBUG main            d.u.i.k.p.i.AbstractProblemLoader Environment load took 73.2ns 
118641     INFO  main            d.u.i.k.p.i.AbstractProblemLoader Creating init config 
120850     DEBUG main            d.u.i.k.p.i.AbstractProblemLoader Init config took 2.21s 
120864     INFO  main            d.u.i.k.p.i.AbstractProblemLoader Replaying proof SYN550p1.key 
120865     DEBUG main            d.u.i.k.p.i.IntermediateProofReplayer Proof replay took 7ns 
123576     INFO  main            d.u.i.k.p.r.p.TestFile    ... finished proof: closed. 
123826     INFO  main            d.u.i.k.p.i.AbstractProblemLoader Loading environment from /home/runner/work/key/key/key.core/../key.ui/examples/standard_key/pred_log/tptp/SYN/SYN550p1.key.proof 
123826     DEBUG main            d.u.i.k.p.i.AbstractProblemLoader Environment load took 450.81ns 
123828     INFO  main            d.u.i.k.p.i.AbstractProblemLoader Creating init config 
125962     DEBUG main            d.u.i.k.p.i.AbstractProblemLoader Init config took 2.13s 
125975     INFO  main            d.u.i.k.p.i.AbstractProblemLoader Replaying proof SYN550p1.key.proof 
126074     DEBUG main            d.u.i.k.p.i.IntermediateProofReplayer Proof replay took 92.45ms 
126076     DEBUG main            d.u.i.k.p.r.p.TestFile    ... success: reloaded. 
126077     INFO  main            d.u.i.k.p.r.p.TestFile    Now processing file /home/runner/work/key/key/key.core/../key.ui/examples/standard_key/prop_log/reallySimple.key 
126077     INFO  main            d.u.i.k.p.i.AbstractProblemLoader Loading environment from /home/runner/work/key/key/key.core/../key.ui/examples/standard_key/prop_log/reallySimple.key 
126077     DEBUG main            d.u.i.k.p.i.AbstractProblemLoader Environment load took 87.6ns 
126078     INFO  main            d.u.i.k.p.i.AbstractProblemLoader Creating init config 
128282     DEBUG main            d.u.i.k.p.i.AbstractProblemLoader Init config took 2.2s 
128313     INFO  main            d.u.i.k.p.i.AbstractProblemLoader Replaying proof reallySimple.key 
128314     DEBUG main            d.u.i.k.p.i.IntermediateProofReplayer Proof replay took 7.2ns 
128422     INFO  main            d.u.i.k.p.r.p.TestFile    ... finished proof: open goal(s) 
128666     INFO  main            d.u.i.k.p.r.p.TestFile    Now processing file /home/runner/work/key/key/key.core/../key.ui/examples/standard_key/pred_log/sameName1.key 
128666     INFO  main            d.u.i.k.p.i.AbstractProblemLoader Loading environment from /home/runner/work/key/key/key.core/../key.ui/examples/standard_key/pred_log/sameName1.key 
128667     DEBUG main            d.u.i.k.p.i.AbstractProblemLoader Environment load took 62.5ns 
128667     INFO  main            d.u.i.k.p.i.AbstractProblemLoader Creating init config 
130820     DEBUG main            d.u.i.k.p.i.AbstractProblemLoader Init config took 2.15s 
130833     INFO  main            d.u.i.k.p.i.AbstractProblemLoader Replaying proof sameName1.key 
130834     DEBUG main            d.u.i.k.p.i.IntermediateProofReplayer Proof replay took 6.5ns 
130935     INFO  main            d.u.i.k.p.r.p.TestFile    ... finished proof: open goal(s) 
131164     INFO  main            d.u.i.k.p.r.p.TestFile    Now processing file /home/runner/work/key/key/key.core/../key.ui/examples/standard_key/pred_log/jbyteIfEx.key 
131164     INFO  main            d.u.i.k.p.i.AbstractProblemLoader Loading environment from /home/runner/work/key/key/key.core/../key.ui/examples/standard_key/pred_log/jbyteIfEx.key 
131164     DEBUG main            d.u.i.k.p.i.AbstractProblemLoader Environment load took 64.3ns 
131165     INFO  main            d.u.i.k.p.i.AbstractProblemLoader Creating init config 
133356     DEBUG main            d.u.i.k.p.i.AbstractProblemLoader Init config took 2.19s 
133369     INFO  main            d.u.i.k.p.i.AbstractProblemLoader Replaying proof jbyteIfEx.key 
133370     DEBUG main            d.u.i.k.p.i.IntermediateProofReplayer Proof replay took 7ns 
133472     INFO  main            d.u.i.k.p.r.p.TestFile    ... finished proof: closed. 
133767     INFO  main            d.u.i.k.p.i.AbstractProblemLoader Loading environment from /home/runner/work/key/key/key.core/../key.ui/examples/standard_key/pred_log/jbyteIfEx.key.proof 
133767     DEBUG main            d.u.i.k.p.i.AbstractProblemLoader Environment load took 101.7ns 
133768     INFO  main            d.u.i.k.p.i.AbstractProblemLoader Creating init config 
135899     DEBUG main            d.u.i.k.p.i.AbstractProblemLoader Init config took 2.13s 
135911     INFO  main            d.u.i.k.p.i.AbstractProblemLoader Replaying proof jbyteIfEx.key.proof 
135918     DEBUG main            d.u.i.k.p.i.IntermediateProofReplayer Proof replay took 5.39ms 
135919     DEBUG main            d.u.i.k.p.r.p.TestFile    ... success: reloaded. 
135920     INFO  main            d.u.i.k.p.r.p.TestFile    Now processing file /home/runner/work/key/key/key.core/../key.ui/examples/standard_key/prop_log/allClausesLength4.key 
135920     INFO  main            d.u.i.k.p.i.AbstractProblemLoader Loading environment from /home/runner/work/key/key/key.core/../key.ui/examples/standard_key/prop_log/allClausesLength4.key 
135920     DEBUG main            d.u.i.k.p.i.AbstractProblemLoader Environment load took 81.1ns 
135921     INFO  main            d.u.i.k.p.i.AbstractProblemLoader Creating init config 
138144     DEBUG main            d.u.i.k.p.i.AbstractProblemLoader Init config took 2.22s 
138157     INFO  main            d.u.i.k.p.i.AbstractProblemLoader Replaying proof allClausesLength4.key 
138158     DEBUG main            d.u.i.k.p.i.IntermediateProofReplayer Proof replay took 7.1ns 
138260     INFO  main            d.u.i.k.p.r.p.TestFile    ... finished proof: closed. 
138517     INFO  main            d.u.i.k.p.i.AbstractProblemLoader Loading environment from /home/runner/work/key/key/key.core/../key.ui/examples/standard_key/prop_log/allClausesLength4.key.proof 
138517     DEBUG main            d.u.i.k.p.i.AbstractProblemLoader Environment load took 103.8ns 
138518     INFO  main            d.u.i.k.p.i.AbstractProblemLoader Creating init config 
140654     DEBUG main            d.u.i.k.p.i.AbstractProblemLoader Init config took 2.14s 
140667     INFO  main            d.u.i.k.p.i.AbstractProblemLoader Replaying proof allClausesLength4.key.proof 
140680     DEBUG main            d.u.i.k.p.i.IntermediateProofReplayer Proof replay took 10.43ms 
140681     DEBUG main            d.u.i.k.p.r.p.TestFile    ... success: reloaded. 
140682     INFO  main            d.u.i.k.p.r.p.TestFile    Now processing file /home/runner/work/key/key/key.core/../key.ui/examples/standard_key/prop_log/allClausesLength5.key 
140682     INFO  main            d.u.i.k.p.i.AbstractProblemLoader Loading environment from /home/runner/work/key/key/key.core/../key.ui/examples/standard_key/prop_log/allClausesLength5.key 
140682     DEBUG main            d.u.i.k.p.i.AbstractProblemLoader Environment load took 72ns 
140683     INFO  main            d.u.i.k.p.i.AbstractProblemLoader Creating init config 
142902     DEBUG main            d.u.i.k.p.i.AbstractProblemLoader Init config took 2.22s 
142916     INFO  main            d.u.i.k.p.i.AbstractProblemLoader Replaying proof allClausesLength5.key 
142917     DEBUG main            d.u.i.k.p.i.IntermediateProofReplayer Proof replay took 6.5ns 
143223     INFO  main            d.u.i.k.p.r.p.TestFile    ... finished proof: closed. 
143487     INFO  main            d.u.i.k.p.i.AbstractProblemLoader Loading environment from /home/runner/work/key/key/key.core/../key.ui/examples/standard_key/prop_log/allClausesLength5.key.proof 
143487     DEBUG main            d.u.i.k.p.i.AbstractProblemLoader Environment load took 346.91ns 
143490     INFO  main            d.u.i.k.p.i.AbstractProblemLoader Creating init config 
145659     DEBUG main            d.u.i.k.p.i.AbstractProblemLoader Init config took 2.17s 
145673     INFO  main            d.u.i.k.p.i.AbstractProblemLoader Replaying proof allClausesLength5.key.proof 
145706     DEBUG main            d.u.i.k.p.i.IntermediateProofReplayer Proof replay took 28.02ms 
145707     DEBUG main            d.u.i.k.p.r.p.TestFile    ... success: reloaded. 
145708     INFO  main            d.u.i.k.p.r.p.TestFile    Now processing file /home/runner/work/key/key/key.core/../key.ui/examples/standard_key/prop_log/doubleNeg.key 
145708     INFO  main            d.u.i.k.p.i.AbstractProblemLoader Loading environment from /home/runner/work/key/key/key.core/../key.ui/examples/standard_key/prop_log/doubleNeg.key 
145708     DEBUG main            d.u.i.k.p.i.AbstractProblemLoader Environment load took 80ns 
145710     INFO  main            d.u.i.k.p.i.AbstractProblemLoader Creating init config 
147921     DEBUG main            d.u.i.k.p.i.AbstractProblemLoader Init config took 2.21s 
147934     INFO  main            d.u.i.k.p.i.AbstractProblemLoader Replaying proof doubleNeg.key 
147935     DEBUG main            d.u.i.k.p.i.IntermediateProofReplayer Proof replay took 5.9ns 
148037     INFO  main            d.u.i.k.p.r.p.TestFile    ... finished proof: closed. 
148307     INFO  main            d.u.i.k.p.i.AbstractProblemLoader Loading environment from /home/runner/work/key/key/key.core/../key.ui/examples/standard_key/prop_log/doubleNeg.key.proof 
148307     DEBUG main            d.u.i.k.p.i.AbstractProblemLoader Environment load took 96.3ns 
148308     INFO  main            d.u.i.k.p.i.AbstractProblemLoader Creating init config 
150443     DEBUG main            d.u.i.k.p.i.AbstractProblemLoader Init config took 2.13s 
150456     INFO  main            d.u.i.k.p.i.AbstractProblemLoader Replaying proof doubleNeg.key.proof 
150458     DEBUG main            d.u.i.k.p.i.IntermediateProofReplayer Proof replay took 379.81ns 
150459     DEBUG main            d.u.i.k.p.r.p.TestFile    ... success: reloaded. 
150460     INFO  main            d.u.i.k.p.r.p.TestFile    Now processing file /home/runner/work/key/key/key.core/../key.ui/examples/standard_key/prop_log/liarsville.key 
150460     INFO  main            d.u.i.k.p.i.AbstractProblemLoader Loading environment from /home/runner/work/key/key/key.core/../key.ui/examples/standard_key/prop_log/liarsville.key 
150460     DEBUG main            d.u.i.k.p.i.AbstractProblemLoader Environment load took 84ns 
150462     INFO  main            d.u.i.k.p.i.AbstractProblemLoader Creating init config 
152641     DEBUG main            d.u.i.k.p.i.AbstractProblemLoader Init config took 2.18s 
152655     INFO  main            d.u.i.k.p.i.AbstractProblemLoader Replaying proof liarsville.key 
152656     DEBUG main            d.u.i.k.p.i.IntermediateProofReplayer Proof replay took 6.4ns 
152758     INFO  main            d.u.i.k.p.r.p.TestFile    ... finished proof: closed. 
153018     INFO  main            d.u.i.k.p.i.AbstractProblemLoader Loading environment from /home/runner/work/key/key/key.core/../key.ui/examples/standard_key/prop_log/liarsville.key.proof 
153018     DEBUG main            d.u.i.k.p.i.AbstractProblemLoader Environment load took 93.6ns 
153020     INFO  main            d.u.i.k.p.i.AbstractProblemLoader Creating init config 
155155     DEBUG main            d.u.i.k.p.i.AbstractProblemLoader Init config took 2.14s 
155170     INFO  main            d.u.i.k.p.i.AbstractProblemLoader Replaying proof liarsville.key.proof 
155172     DEBUG main            d.u.i.k.p.i.IntermediateProofReplayer Proof replay took 1.03ms 
155173     DEBUG main            d.u.i.k.p.r.p.TestFile    ... success: reloaded. 
155173     INFO  main            d.u.i.k.p.r.p.TestFile    Now processing file /home/runner/work/key/key/key.core/../key.ui/examples/standard_key/prop_log/simplest.key 
155173     INFO  main            d.u.i.k.p.i.AbstractProblemLoader Loading environment from /home/runner/work/key/key/key.core/../key.ui/examples/standard_key/prop_log/simplest.key 
155173     DEBUG main            d.u.i.k.p.i.AbstractProblemLoader Environment load took 77.9ns 
155174     INFO  main            d.u.i.k.p.i.AbstractProblemLoader Creating init config 
157347     DEBUG main            d.u.i.k.p.i.AbstractProblemLoader Init config took 2.17s 
157359     INFO  main            d.u.i.k.p.i.AbstractProblemLoader Replaying proof simplest.key 
157360     DEBUG main            d.u.i.k.p.i.IntermediateProofReplayer Proof replay took 6.6ns 
157462     INFO  main            d.u.i.k.p.r.p.TestFile    ... finished proof: closed. 
157727     INFO  main            d.u.i.k.p.i.AbstractProblemLoader Loading environment from /home/runner/work/key/key/key.core/../key.ui/examples/standard_key/prop_log/simplest.key.proof 
157727     DEBUG main            d.u.i.k.p.i.AbstractProblemLoader Environment load took 93.3ns 
157728     INFO  main            d.u.i.k.p.i.AbstractProblemLoader Creating init config 
159872     DEBUG main            d.u.i.k.p.i.AbstractProblemLoader Init config took 2.14s 
159884     INFO  main            d.u.i.k.p.i.AbstractProblemLoader Replaying proof simplest.key.proof 
159885     DEBUG main            d.u.i.k.p.i.IntermediateProofReplayer Proof replay took 93.9ns 
159886     DEBUG main            d.u.i.k.p.r.p.TestFile    ... success: reloaded. 
159886     INFO  main            d.u.i.k.p.r.p.TestFile    Now processing file /home/runner/work/key/key/key.core/../key.ui/examples/standard_key/prop_log/contraposition.key 
159887     INFO  main            d.u.i.k.p.i.AbstractProblemLoader Loading environment from /home/runner/work/key/key/key.core/../key.ui/examples/standard_key/prop_log/contraposition.key 
159887     DEBUG main            d.u.i.k.p.i.AbstractProblemLoader Environment load took 48.6ns 
159888     INFO  main            d.u.i.k.p.i.AbstractProblemLoader Creating init config 
162074     DEBUG main            d.u.i.k.p.i.AbstractProblemLoader Init config took 2.19s 
162086     INFO  main            d.u.i.k.p.i.AbstractProblemLoader Replaying proof contraposition.key 
162087     DEBUG main            d.u.i.k.p.i.IntermediateProofReplayer Proof replay took 6.5ns 
162189     INFO  main            d.u.i.k.p.r.p.TestFile    ... finished proof: closed. 
162463     INFO  main            d.u.i.k.p.i.AbstractProblemLoader Loading environment from /home/runner/work/key/key/key.core/../key.ui/examples/standard_key/prop_log/contraposition.key.proof 
162463     DEBUG main            d.u.i.k.p.i.AbstractProblemLoader Environment load took 97.8ns 
162464     INFO  main            d.u.i.k.p.i.AbstractProblemLoader Creating init config 
164596     DEBUG main            d.u.i.k.p.i.AbstractProblemLoader Init config took 2.13s 
164609     INFO  main            d.u.i.k.p.i.AbstractProblemLoader Replaying proof contraposition.key.proof 
164611     DEBUG main            d.u.i.k.p.i.IntermediateProofReplayer Proof replay took 490.71ns 
164611     DEBUG main            d.u.i.k.p.r.p.TestFile    ... success: reloaded. 
164612     INFO  main            d.u.i.k.p.r.p.TestFile    Now processing file /home/runner/work/key/key/key.core/../key.ui/examples/standard_key/quantifiers/elimination0.key 
164612     INFO  main            d.u.i.k.p.i.AbstractProblemLoader Loading environment from /home/runner/work/key/key/key.core/../key.ui/examples/standard_key/quantifiers/elimination0.key 
164612     DEBUG main            d.u.i.k.p.i.AbstractProblemLoader Environment load took 63.5ns 
164613     INFO  main            d.u.i.k.p.i.AbstractProblemLoader Creating init config 
166786     DEBUG main            d.u.i.k.p.i.AbstractProblemLoader Init config took 2.17s 
166799     INFO  main            d.u.i.k.p.i.AbstractProblemLoader Replaying proof elimination0.key 
166801     DEBUG main            d.u.i.k.p.i.IntermediateProofReplayer Proof replay took 6ns 
166904     INFO  main            d.u.i.k.p.r.p.TestFile    ... finished proof: closed. 
167286     INFO  main            d.u.i.k.p.i.AbstractProblemLoader Loading environment from /home/runner/work/key/key/key.core/../key.ui/examples/standard_key/quantifiers/elimination0.key.proof 
167286     DEBUG main            d.u.i.k.p.i.AbstractProblemLoader Environment load took 111.2ns 
167287     INFO  main            d.u.i.k.p.i.AbstractProblemLoader Creating init config 
169431     DEBUG main            d.u.i.k.p.i.AbstractProblemLoader Init config took 2.14s 
169443     INFO  main            d.u.i.k.p.i.AbstractProblemLoader Replaying proof elimination0.key.proof 
169446     DEBUG main            d.u.i.k.p.i.IntermediateProofReplayer Proof replay took 1.19ms 
169447     DEBUG main            d.u.i.k.p.r.p.TestFile    ... success: reloaded. 
169448     INFO  main            d.u.i.k.p.r.p.TestFile    Now processing file /home/runner/work/key/key/key.core/../key.ui/examples/standard_key/quantifiers/heuristic_PUZ001p1-eq.key 
169448     INFO  main            d.u.i.k.p.i.AbstractProblemLoader Loading environment from /home/runner/work/key/key/key.core/../key.ui/examples/standard_key/quantifiers/heuristic_PUZ001p1-eq.key 
169448     DEBUG main            d.u.i.k.p.i.AbstractProblemLoader Environment load took 161.9ns 
169449     INFO  main            d.u.i.k.p.i.AbstractProblemLoader Creating init config 
171620     DEBUG main            d.u.i.k.p.i.AbstractProblemLoader Init config took 2.17s 
171634     INFO  main            d.u.i.k.p.i.AbstractProblemLoader Replaying proof heuristic_PUZ001p1-eq.key 
171635     DEBUG main            d.u.i.k.p.i.IntermediateProofReplayer Proof replay took 6.7ns 
171839     INFO  main            d.u.i.k.p.r.p.TestFile    ... finished proof: closed. 
172119     INFO  main            d.u.i.k.p.i.AbstractProblemLoader Loading environment from /home/runner/work/key/key/key.core/../key.ui/examples/standard_key/quantifiers/heuristic_PUZ001p1-eq.key.proof 
172119     DEBUG main            d.u.i.k.p.i.AbstractProblemLoader Environment load took 98ns 
172121     INFO  main            d.u.i.k.p.i.AbstractProblemLoader Creating init config 
174272     DEBUG main            d.u.i.k.p.i.AbstractProblemLoader Init config took 2.15s 
174286     INFO  main            d.u.i.k.p.i.AbstractProblemLoader Replaying proof heuristic_PUZ001p1-eq.key.proof 
174303     DEBUG main            d.u.i.k.p.i.IntermediateProofReplayer Proof replay took 9.75ms 
174305     DEBUG main            d.u.i.k.p.r.p.TestFile    ... success: reloaded. 
174306     INFO  main            d.u.i.k.p.r.p.TestFile    Now processing file /home/runner/work/key/key/key.core/../key.ui/examples/standard_key/quantifiers/heuristic_PUZ001p1.key 
174306     INFO  main            d.u.i.k.p.i.AbstractProblemLoader Loading environment from /home/runner/work/key/key/key.core/../key.ui/examples/standard_key/quantifiers/heuristic_PUZ001p1.key 
174306     DEBUG main            d.u.i.k.p.i.AbstractProblemLoader Environment load took 211.41ns 
174308     INFO  main            d.u.i.k.p.i.AbstractProblemLoader Creating init config 
176547     DEBUG main            d.u.i.k.p.i.AbstractProblemLoader Init config took 2.24s 
176562     INFO  main            d.u.i.k.p.i.AbstractProblemLoader Replaying proof heuristic_PUZ001p1.key 
176564     DEBUG main            d.u.i.k.p.i.IntermediateProofReplayer Proof replay took 6.3ns 
177869     INFO  main            d.u.i.k.p.r.p.TestFile    ... finished proof: closed. 
178180     INFO  main            d.u.i.k.p.i.AbstractProblemLoader Loading environment from /home/runner/work/key/key/key.core/../key.ui/examples/standard_key/quantifiers/heuristic_PUZ001p1.key.proof 
178180     DEBUG main            d.u.i.k.p.i.AbstractProblemLoader Environment load took 340.31ns 
178182     INFO  main            d.u.i.k.p.i.AbstractProblemLoader Creating init config 
180303     DEBUG main            d.u.i.k.p.i.AbstractProblemLoader Init config took 2.12s 
180318     INFO  main            d.u.i.k.p.i.AbstractProblemLoader Replaying proof heuristic_PUZ001p1.key.proof 
180363     DEBUG main            d.u.i.k.p.i.IntermediateProofReplayer Proof replay took 40.89ms 
180364     DEBUG main            d.u.i.k.p.r.p.TestFile    ... success: reloaded. 
180365     INFO  main            d.u.i.k.p.r.p.TestFile    Now processing file /home/runner/work/key/key/key.core/../key.ui/examples/standard_key/quantifiers/heuristic_PUZ031p1.key 
180365     INFO  main            d.u.i.k.p.i.AbstractProblemLoader Loading environment from /home/runner/work/key/key/key.core/../key.ui/examples/standard_key/quantifiers/heuristic_PUZ031p1.key 
180366     DEBUG main            d.u.i.k.p.i.AbstractProblemLoader Environment load took 217.5ns 
180367     INFO  main            d.u.i.k.p.i.AbstractProblemLoader Creating init config 
182521     DEBUG main            d.u.i.k.p.i.AbstractProblemLoader Init config took 2.15s 
182535     INFO  main            d.u.i.k.p.i.AbstractProblemLoader Replaying proof heuristic_PUZ031p1.key 
182536     DEBUG main            d.u.i.k.p.i.IntermediateProofReplayer Proof replay took 6.6ns 
187066     INFO  main            d.u.i.k.p.r.p.TestFile    ... finished proof: closed. 
187396     INFO  main            d.u.i.k.p.i.AbstractProblemLoader Loading environment from /home/runner/work/key/key/key.core/../key.ui/examples/standard_key/quantifiers/heuristic_PUZ031p1.key.proof 
187396     DEBUG main            d.u.i.k.p.i.AbstractProblemLoader Environment load took 204.41ns 
187398     INFO  main            d.u.i.k.p.i.AbstractProblemLoader Creating init config 
189542     DEBUG main            d.u.i.k.p.i.AbstractProblemLoader Init config took 2.14s 
189557     INFO  main            d.u.i.k.p.i.AbstractProblemLoader Replaying proof heuristic_PUZ031p1.key.proof 
189606     DEBUG main            d.u.i.k.p.i.IntermediateProofReplayer Proof replay took 45.66ms 
189607     DEBUG main            d.u.i.k.p.r.p.TestFile    ... success: reloaded. 
189608     INFO  main            d.u.i.k.p.r.p.TestFile    Now processing file /home/runner/work/key/key/key.core/../key.ui/examples/standard_key/quantifiers/heuristic_SYN036p2.key 
189608     INFO  main            d.u.i.k.p.i.AbstractProblemLoader Loading environment from /home/runner/work/key/key/key.core/../key.ui/examples/standard_key/quantifiers/heuristic_SYN036p2.key 
189608     DEBUG main            d.u.i.k.p.i.AbstractProblemLoader Environment load took 78.3ns 
189609     INFO  main            d.u.i.k.p.i.AbstractProblemLoader Creating init config 
191778     DEBUG main            d.u.i.k.p.i.AbstractProblemLoader Init config took 2.17s 
191790     INFO  main            d.u.i.k.p.i.AbstractProblemLoader Replaying proof heuristic_SYN036p2.key 
191792     DEBUG main            d.u.i.k.p.i.IntermediateProofReplayer Proof replay took 5.9ns 
191996     INFO  main            d.u.i.k.p.r.p.TestFile    ... finished proof: closed. 
192324     INFO  main            d.u.i.k.p.i.AbstractProblemLoader Loading environment from /home/runner/work/key/key/key.core/../key.ui/examples/standard_key/quantifiers/heuristic_SYN036p2.key.proof 
192325     DEBUG main            d.u.i.k.p.i.AbstractProblemLoader Environment load took 359.31ns 
192326     INFO  main            d.u.i.k.p.i.AbstractProblemLoader Creating init config 
194447     DEBUG main            d.u.i.k.p.i.AbstractProblemLoader Init config took 2.12s 
194459     INFO  main            d.u.i.k.p.i.AbstractProblemLoader Replaying proof heuristic_SYN036p2.key.proof 
194515     DEBUG main            d.u.i.k.p.i.IntermediateProofReplayer Proof replay took 48.54ms 
194516     DEBUG main            d.u.i.k.p.r.p.TestFile    ... success: reloaded. 
194517     INFO  main            d.u.i.k.p.r.p.TestFile    Now processing file /home/runner/work/key/key/key.core/../key.ui/examples/standard_key/quantifiers/injectivity.key 
194517     INFO  main            d.u.i.k.p.i.AbstractProblemLoader Loading environment from /home/runner/work/key/key/key.core/../key.ui/examples/standard_key/quantifiers/injectivity.key 
194517     DEBUG main            d.u.i.k.p.i.AbstractProblemLoader Environment load took 87.3ns 
194518     INFO  main            d.u.i.k.p.i.AbstractProblemLoader Creating init config 
196696     DEBUG main            d.u.i.k.p.i.AbstractProblemLoader Init config took 2.18s 
196709     INFO  main            d.u.i.k.p.i.AbstractProblemLoader Replaying proof injectivity.key 
196710     DEBUG main            d.u.i.k.p.i.IntermediateProofReplayer Proof replay took 5.8ns 
196812     INFO  main            d.u.i.k.p.r.p.TestFile    ... finished proof: closed. 
197122     INFO  main            d.u.i.k.p.i.AbstractProblemLoader Loading environment from /home/runner/work/key/key/key.core/../key.ui/examples/standard_key/quantifiers/injectivity.key.proof 
197122     DEBUG main            d.u.i.k.p.i.AbstractProblemLoader Environment load took 103.4ns 
197123     INFO  main            d.u.i.k.p.i.AbstractProblemLoader Creating init config 
199232     DEBUG main            d.u.i.k.p.i.AbstractProblemLoader Init config took 2.11s 
199245     INFO  main            d.u.i.k.p.i.AbstractProblemLoader Replaying proof injectivity.key.proof 
199247     DEBUG main            d.u.i.k.p.i.IntermediateProofReplayer Proof replay took 1.58ms 
199248     DEBUG main            d.u.i.k.p.r.p.TestFile    ... success: reloaded. 
199249     INFO  main            d.u.i.k.p.r.p.TestFile    Now processing file /home/runner/work/key/key/key.core/../key.ui/examples/standard_key/quantifiers/normalisation0.key 
199249     INFO  main            d.u.i.k.p.i.AbstractProblemLoader Loading environment from /home/runner/work/key/key/key.core/../key.ui/examples/standard_key/quantifiers/normalisation0.key 
199249     DEBUG main            d.u.i.k.p.i.AbstractProblemLoader Environment load took 63.5ns 
199250     INFO  main            d.u.i.k.p.i.AbstractProblemLoader Creating init config 
201413     DEBUG main            d.u.i.k.p.i.AbstractProblemLoader Init config took 2.16s 
201425     INFO  main            d.u.i.k.p.i.AbstractProblemLoader Replaying proof normalisation0.key 
201426     DEBUG main            d.u.i.k.p.i.IntermediateProofReplayer Proof replay took 6.7ns 
201528     INFO  main            d.u.i.k.p.r.p.TestFile    ... finished proof: closed. 
201847     INFO  main            d.u.i.k.p.i.AbstractProblemLoader Loading environment from /home/runner/work/key/key/key.core/../key.ui/examples/standard_key/quantifiers/normalisation0.key.proof 
201847     DEBUG main            d.u.i.k.p.i.AbstractProblemLoader Environment load took 102.5ns 
201849     INFO  main            d.u.i.k.p.i.AbstractProblemLoader Creating init config 
203972     DEBUG main            d.u.i.k.p.i.AbstractProblemLoader Init config took 2.12s 
203985     INFO  main            d.u.i.k.p.i.AbstractProblemLoader Replaying proof normalisation0.key.proof 
203988     DEBUG main            d.u.i.k.p.i.IntermediateProofReplayer Proof replay took 1.85ms 
203989     DEBUG main            d.u.i.k.p.r.p.TestFile    ... success: reloaded. 
203990     INFO  main            d.u.i.k.p.r.p.TestFile    Now processing file /home/runner/work/key/key/key.core/../key.ui/examples/standard_key/quantifiers/normalisation1.key 
203990     INFO  main            d.u.i.k.p.i.AbstractProblemLoader Loading environment from /home/runner/work/key/key/key.core/../key.ui/examples/standard_key/quantifiers/normalisation1.key 
203990     DEBUG main            d.u.i.k.p.i.AbstractProblemLoader Environment load took 48.5ns 
203991     INFO  main            d.u.i.k.p.i.AbstractProblemLoader Creating init config 
206137     DEBUG main            d.u.i.k.p.i.AbstractProblemLoader Init config took 2.15s 
206152     INFO  main            d.u.i.k.p.i.AbstractProblemLoader Replaying proof normalisation1.key 
206153     DEBUG main            d.u.i.k.p.i.IntermediateProofReplayer Proof replay took 5.9ns 
206258     INFO  main            d.u.i.k.p.r.p.TestFile    ... finished proof: closed. 
206581     INFO  main            d.u.i.k.p.i.AbstractProblemLoader Loading environment from /home/runner/work/key/key/key.core/../key.ui/examples/standard_key/quantifiers/normalisation1.key.proof 
206581     DEBUG main            d.u.i.k.p.i.AbstractProblemLoader Environment load took 88.2ns 
206582     INFO  main            d.u.i.k.p.i.AbstractProblemLoader Creating init config 
208695     DEBUG main            d.u.i.k.p.i.AbstractProblemLoader Init config took 2.11s 
208709     INFO  main            d.u.i.k.p.i.AbstractProblemLoader Replaying proof normalisation1.key.proof 
208713     DEBUG main            d.u.i.k.p.i.IntermediateProofReplayer Proof replay took 2.91ms 
208714     DEBUG main            d.u.i.k.p.r.p.TestFile    ... success: reloaded. 
208714     INFO  main            d.u.i.k.p.r.p.TestFile    Now processing file /home/runner/work/key/key/key.core/../key.ui/examples/standard_key/quantifiers/normalisation2.key 
208715     INFO  main            d.u.i.k.p.i.AbstractProblemLoader Loading environment from /home/runner/work/key/key/key.core/../key.ui/examples/standard_key/quantifiers/normalisation2.key 
208715     DEBUG main            d.u.i.k.p.i.AbstractProblemLoader Environment load took 86.3ns 
208716     INFO  main            d.u.i.k.p.i.AbstractProblemLoader Creating init config 
210871     DEBUG main            d.u.i.k.p.i.AbstractProblemLoader Init config took 2.16s 
210884     INFO  main            d.u.i.k.p.i.AbstractProblemLoader Replaying proof normalisation2.key 
210886     DEBUG main            d.u.i.k.p.i.IntermediateProofReplayer Proof replay took 8.2ns 
210987     INFO  main            d.u.i.k.p.r.p.TestFile    ... finished proof: closed. 
211313     INFO  main            d.u.i.k.p.i.AbstractProblemLoader Loading environment from /home/runner/work/key/key/key.core/../key.ui/examples/standard_key/quantifiers/normalisation2.key.proof 
211313     DEBUG main            d.u.i.k.p.i.AbstractProblemLoader Environment load took 94.8ns 
211315     INFO  main            d.u.i.k.p.i.AbstractProblemLoader Creating init config 
213423     DEBUG main            d.u.i.k.p.i.AbstractProblemLoader Init config took 2.11s 
213436     INFO  main            d.u.i.k.p.i.AbstractProblemLoader Replaying proof normalisation2.key.proof 
213442     DEBUG main            d.u.i.k.p.i.IntermediateProofReplayer Proof replay took 5.41ms 
213443     DEBUG main            d.u.i.k.p.r.p.TestFile    ... success: reloaded. 
213444     INFO  main            d.u.i.k.p.r.p.TestFile    Now processing file /home/runner/work/key/key/key.core/../key.ui/examples/standard_key/quantifiers/normalisation3.key 
213444     INFO  main            d.u.i.k.p.i.AbstractProblemLoader Loading environment from /home/runner/work/key/key/key.core/../key.ui/examples/standard_key/quantifiers/normalisation3.key 
213445     DEBUG main            d.u.i.k.p.i.AbstractProblemLoader Environment load took 173.6ns 
213446     INFO  main            d.u.i.k.p.i.AbstractProblemLoader Creating init config 
215586     DEBUG main            d.u.i.k.p.i.AbstractProblemLoader Init config took 2.14s 
215599     INFO  main            d.u.i.k.p.i.AbstractProblemLoader Replaying proof normalisation3.key 
215600     DEBUG main            d.u.i.k.p.i.IntermediateProofReplayer Proof replay took 7.4ns 
215702     INFO  main            d.u.i.k.p.r.p.TestFile    ... finished proof: closed. 
216090     INFO  main            d.u.i.k.p.i.AbstractProblemLoader Loading environment from /home/runner/work/key/key/key.core/../key.ui/examples/standard_key/quantifiers/normalisation3.key.proof 
216090     DEBUG main            d.u.i.k.p.i.AbstractProblemLoader Environment load took 88.1ns 
216092     INFO  main            d.u.i.k.p.i.AbstractProblemLoader Creating init config 
218214     DEBUG main            d.u.i.k.p.i.AbstractProblemLoader Init config took 2.12s 
218227     INFO  main            d.u.i.k.p.i.AbstractProblemLoader Replaying proof normalisation3.key.proof 
218230     DEBUG main            d.u.i.k.p.i.IntermediateProofReplayer Proof replay took 2.26ms 
218231     DEBUG main            d.u.i.k.p.r.p.TestFile    ... success: reloaded. 
218232     INFO  main            d.u.i.k.p.r.p.TestFile    Now processing file /home/runner/work/key/key/key.core/../key.ui/examples/standard_key/quantifiers/normalisation4.key 
218232     INFO  main            d.u.i.k.p.i.AbstractProblemLoader Loading environment from /home/runner/work/key/key/key.core/../key.ui/examples/standard_key/quantifiers/normalisation4.key 
218232     DEBUG main            d.u.i.k.p.i.AbstractProblemLoader Environment load took 77.3ns 
218233     INFO  main            d.u.i.k.p.i.AbstractProblemLoader Creating init config 
220399     DEBUG main            d.u.i.k.p.i.AbstractProblemLoader Init config took 2.17s 
220412     INFO  main            d.u.i.k.p.i.AbstractProblemLoader Replaying proof normalisation4.key 
220414     DEBUG main            d.u.i.k.p.i.IntermediateProofReplayer Proof replay took 6.9ns 
220516     INFO  main            d.u.i.k.p.r.p.TestFile    ... finished proof: closed. 
220863     INFO  main            d.u.i.k.p.i.AbstractProblemLoader Loading environment from /home/runner/work/key/key/key.core/../key.ui/examples/standard_key/quantifiers/normalisation4.key.proof 
220863     DEBUG main            d.u.i.k.p.i.AbstractProblemLoader Environment load took 94ns 
220864     INFO  main            d.u.i.k.p.i.AbstractProblemLoader Creating init config 
222993     DEBUG main            d.u.i.k.p.i.AbstractProblemLoader Init config took 2.13s 
223007     INFO  main            d.u.i.k.p.i.AbstractProblemLoader Replaying proof normalisation4.key.proof 
223013     DEBUG main            d.u.i.k.p.i.IntermediateProofReplayer Proof replay took 4.38ms 
223014     DEBUG main            d.u.i.k.p.r.p.TestFile    ... success: reloaded. 
223015     INFO  main            d.u.i.k.p.r.p.TestFile    Now processing file /home/runner/work/key/key/key.core/../key.ui/examples/standard_key/quantifiers/normalisation5.key 
223015     INFO  main            d.u.i.k.p.i.AbstractProblemLoader Loading environment from /home/runner/work/key/key/key.core/../key.ui/examples/standard_key/quantifiers/normalisation5.key 
223015     DEBUG main            d.u.i.k.p.i.AbstractProblemLoader Environment load took 166.1ns 
223016     INFO  main            d.u.i.k.p.i.AbstractProblemLoader Creating init config 
225177     DEBUG main            d.u.i.k.p.i.AbstractProblemLoader Init config took 2.16s 
225190     INFO  main            d.u.i.k.p.i.AbstractProblemLoader Replaying proof normalisation5.key 
225191     DEBUG main            d.u.i.k.p.i.IntermediateProofReplayer Proof replay took 8ns 
225293     INFO  main            d.u.i.k.p.r.p.TestFile    ... finished proof: closed. 
225637     INFO  main            d.u.i.k.p.i.AbstractProblemLoader Loading environment from /home/runner/work/key/key/key.core/../key.ui/examples/standard_key/quantifiers/normalisation5.key.proof 
225637     DEBUG main            d.u.i.k.p.i.AbstractProblemLoader Environment load took 100.3ns 
225638     INFO  main            d.u.i.k.p.i.AbstractProblemLoader Creating init config 
227756     DEBUG main            d.u.i.k.p.i.AbstractProblemLoader Init config took 2.12s 
227769     INFO  main            d.u.i.k.p.i.AbstractProblemLoader Replaying proof normalisation5.key.proof 
227773     DEBUG main            d.u.i.k.p.i.IntermediateProofReplayer Proof replay took 3.12ms 
227774     DEBUG main            d.u.i.k.p.r.p.TestFile    ... success: reloaded. 
227775     INFO  main            d.u.i.k.p.r.p.TestFile    Now processing file /home/runner/work/key/key/key.core/../key.ui/examples/standard_key/quantifiers/normalisation6.key 
227775     INFO  main            d.u.i.k.p.i.AbstractProblemLoader Loading environment from /home/runner/work/key/key/key.core/../key.ui/examples/standard_key/quantifiers/normalisation6.key 
227775     DEBUG main            d.u.i.k.p.i.AbstractProblemLoader Environment load took 171.3ns 
227776     INFO  main            d.u.i.k.p.i.AbstractProblemLoader Creating init config 
229928     DEBUG main            d.u.i.k.p.i.AbstractProblemLoader Init config took 2.15s 
229940     INFO  main            d.u.i.k.p.i.AbstractProblemLoader Replaying proof normalisation6.key 
229942     DEBUG main            d.u.i.k.p.i.IntermediateProofReplayer Proof replay took 6.2ns 
230043     INFO  main            d.u.i.k.p.r.p.TestFile    ... finished proof: closed. 
230390     INFO  main            d.u.i.k.p.i.AbstractProblemLoader Loading environment from /home/runner/work/key/key/key.core/../key.ui/examples/standard_key/quantifiers/normalisation6.key.proof 
230391     DEBUG main            d.u.i.k.p.i.AbstractProblemLoader Environment load took 85ns 
230392     INFO  main            d.u.i.k.p.i.AbstractProblemLoader Creating init config 
232510     DEBUG main            d.u.i.k.p.i.AbstractProblemLoader Init config took 2.12s 
232523     INFO  main            d.u.i.k.p.i.AbstractProblemLoader Replaying proof normalisation6.key.proof 
232527     DEBUG main            d.u.i.k.p.i.IntermediateProofReplayer Proof replay took 1.98ms 
232527     DEBUG main            d.u.i.k.p.r.p.TestFile    ... success: reloaded. 
232528     INFO  main            d.u.i.k.p.r.p.TestFile    Now processing file /home/runner/work/key/key/key.core/../key.ui/examples/standard_key/quantifiers/normalisation7.key 
232528     INFO  main            d.u.i.k.p.i.AbstractProblemLoader Loading environment from /home/runner/work/key/key/key.core/../key.ui/examples/standard_key/quantifiers/normalisation7.key 
232528     DEBUG main            d.u.i.k.p.i.AbstractProblemLoader Environment load took 72.8ns 
232529     INFO  main            d.u.i.k.p.i.AbstractProblemLoader Creating init config 
234685     DEBUG main            d.u.i.k.p.i.AbstractProblemLoader Init config took 2.16s 
234698     INFO  main            d.u.i.k.p.i.AbstractProblemLoader Replaying proof normalisation7.key 
234700     DEBUG main            d.u.i.k.p.i.IntermediateProofReplayer Proof replay took 6.4ns 
234801     INFO  main            d.u.i.k.p.r.p.TestFile    ... finished proof: closed. 
235154     INFO  main            d.u.i.k.p.i.AbstractProblemLoader Loading environment from /home/runner/work/key/key/key.core/../key.ui/examples/standard_key/quantifiers/normalisation7.key.proof 
235154     DEBUG main            d.u.i.k.p.i.AbstractProblemLoader Environment load took 90.5ns 
235155     INFO  main            d.u.i.k.p.i.AbstractProblemLoader Creating init config 
237272     DEBUG main            d.u.i.k.p.i.AbstractProblemLoader Init config took 2.12s 
237286     INFO  main            d.u.i.k.p.i.AbstractProblemLoader Replaying proof normalisation7.key.proof 
237289     DEBUG main            d.u.i.k.p.i.IntermediateProofReplayer Proof replay took 1.95ms 
237290     DEBUG main            d.u.i.k.p.r.p.TestFile    ... success: reloaded. 
237290     INFO  main            d.u.i.k.p.r.p.TestFile    Now processing file /home/runner/work/key/key/key.core/../key.ui/examples/standard_key/quantifiers/normalisation8.key 
237291     INFO  main            d.u.i.k.p.i.AbstractProblemLoader Loading environment from /home/runner/work/key/key/key.core/../key.ui/examples/standard_key/quantifiers/normalisation8.key 
237291     DEBUG main            d.u.i.k.p.i.AbstractProblemLoader Environment load took 73ns 
237291     INFO  main            d.u.i.k.p.i.AbstractProblemLoader Creating init config 
239448     DEBUG main            d.u.i.k.p.i.AbstractProblemLoader Init config took 2.16s 
239462     INFO  main            d.u.i.k.p.i.AbstractProblemLoader Replaying proof normalisation8.key 
239463     DEBUG main            d.u.i.k.p.i.IntermediateProofReplayer Proof replay took 7.5ns 
239566     INFO  main            d.u.i.k.p.r.p.TestFile    ... finished proof: closed. 
239925     INFO  main            d.u.i.k.p.i.AbstractProblemLoader Loading environment from /home/runner/work/key/key/key.core/../key.ui/examples/standard_key/quantifiers/normalisation8.key.proof 
239925     DEBUG main            d.u.i.k.p.i.AbstractProblemLoader Environment load took 84.7ns 
239926     INFO  main            d.u.i.k.p.i.AbstractProblemLoader Creating init config 
242045     DEBUG main            d.u.i.k.p.i.AbstractProblemLoader Init config took 2.12s 
242059     INFO  main            d.u.i.k.p.i.AbstractProblemLoader Replaying proof normalisation8.key.proof 
242064     DEBUG main            d.u.i.k.p.i.IntermediateProofReplayer Proof replay took 4.27ms 
242065     DEBUG main            d.u.i.k.p.r.p.TestFile    ... success: reloaded. 
242066     INFO  main            d.u.i.k.p.r.p.TestFile    Now processing file /home/runner/work/key/key/key.core/../key.ui/examples/standard_key/quantifiers/normalisation9.key 
242066     INFO  main            d.u.i.k.p.i.AbstractProblemLoader Loading environment from /home/runner/work/key/key/key.core/../key.ui/examples/standard_key/quantifiers/normalisation9.key 
242066     DEBUG main            d.u.i.k.p.i.AbstractProblemLoader Environment load took 74ns 
242067     INFO  main            d.u.i.k.p.i.AbstractProblemLoader Creating init config 
244218     DEBUG main            d.u.i.k.p.i.AbstractProblemLoader Init config took 2.15s 
244230     INFO  main            d.u.i.k.p.i.AbstractProblemLoader Replaying proof normalisation9.key 
244232     DEBUG main            d.u.i.k.p.i.IntermediateProofReplayer Proof replay took 6.2ns 
244333     INFO  main            d.u.i.k.p.r.p.TestFile    ... finished proof: closed. 
244706     INFO  main            d.u.i.k.p.i.AbstractProblemLoader Loading environment from /home/runner/work/key/key/key.core/../key.ui/examples/standard_key/quantifiers/normalisation9.key.proof 
244707     DEBUG main            d.u.i.k.p.i.AbstractProblemLoader Environment load took 83.8ns 
244708     INFO  main            d.u.i.k.p.i.AbstractProblemLoader Creating init config 
246830     DEBUG main            d.u.i.k.p.i.AbstractProblemLoader Init config took 2.12s 
246843     INFO  main            d.u.i.k.p.i.AbstractProblemLoader Replaying proof normalisation9.key.proof 
246850     DEBUG main            d.u.i.k.p.i.IntermediateProofReplayer Proof replay took 5.57ms 
246851     DEBUG main            d.u.i.k.p.r.p.TestFile    ... success: reloaded. 
246851     INFO  main            d.u.i.k.p.r.p.TestFile    Now processing file /home/runner/work/key/key/key.core/../key.ui/examples/standard_key/quantifiers/normalisation10.key 
246852     INFO  main            d.u.i.k.p.i.AbstractProblemLoader Loading environment from /home/runner/work/key/key/key.core/../key.ui/examples/standard_key/quantifiers/normalisation10.key 
246852     DEBUG main            d.u.i.k.p.i.AbstractProblemLoader Environment load took 73ns 
246853     INFO  main            d.u.i.k.p.i.AbstractProblemLoader Creating init config 
248996     DEBUG main            d.u.i.k.p.i.AbstractProblemLoader Init config took 2.14s 
249009     INFO  main            d.u.i.k.p.i.AbstractProblemLoader Replaying proof normalisation10.key 
249011     DEBUG main            d.u.i.k.p.i.IntermediateProofReplayer Proof replay took 6.2ns 
249114     INFO  main            d.u.i.k.p.r.p.TestFile    ... finished proof: closed. 
249484     INFO  main            d.u.i.k.p.i.AbstractProblemLoader Loading environment from /home/runner/work/key/key/key.core/../key.ui/examples/standard_key/quantifiers/normalisation10.key.proof 
249484     DEBUG main            d.u.i.k.p.i.AbstractProblemLoader Environment load took 87.1ns 
249485     INFO  main            d.u.i.k.p.i.AbstractProblemLoader Creating init config 
251604     DEBUG main            d.u.i.k.p.i.AbstractProblemLoader Init config took 2.12s 
251617     INFO  main            d.u.i.k.p.i.AbstractProblemLoader Replaying proof normalisation10.key.proof 
251623     DEBUG main            d.u.i.k.p.i.IntermediateProofReplayer Proof replay took 4.27ms 
251624     DEBUG main            d.u.i.k.p.r.p.TestFile    ... success: reloaded. 
251625     INFO  main            d.u.i.k.p.r.p.TestFile    Now processing file /home/runner/work/key/key/key.core/../key.ui/examples/standard_key/quantifiers/normalisation12.key 
251625     INFO  main            d.u.i.k.p.i.AbstractProblemLoader Loading environment from /home/runner/work/key/key/key.core/../key.ui/examples/standard_key/quantifiers/normalisation12.key 
251625     DEBUG main            d.u.i.k.p.i.AbstractProblemLoader Environment load took 45.7ns 
251626     INFO  main            d.u.i.k.p.i.AbstractProblemLoader Creating init config 
253794     DEBUG main            d.u.i.k.p.i.AbstractProblemLoader Init config took 2.17s 
253808     INFO  main            d.u.i.k.p.i.AbstractProblemLoader Replaying proof normalisation12.key 
253809     DEBUG main            d.u.i.k.p.i.IntermediateProofReplayer Proof replay took 6.7ns 
253911     INFO  main            d.u.i.k.p.r.p.TestFile    ... finished proof: closed. 
254280     INFO  main            d.u.i.k.p.i.AbstractProblemLoader Loading environment from /home/runner/work/key/key/key.core/../key.ui/examples/standard_key/quantifiers/normalisation12.key.proof 
254280     DEBUG main            d.u.i.k.p.i.AbstractProblemLoader Environment load took 87.7ns 
254281     INFO  main            d.u.i.k.p.i.AbstractProblemLoader Creating init config 
256404     DEBUG main            d.u.i.k.p.i.AbstractProblemLoader Init config took 2.12s 
256417     INFO  main            d.u.i.k.p.i.AbstractProblemLoader Replaying proof normalisation12.key.proof 
256420     DEBUG main            d.u.i.k.p.i.IntermediateProofReplayer Proof replay took 1.05ms 
256420     DEBUG main            d.u.i.k.p.r.p.TestFile    ... success: reloaded. 
256421     INFO  main            d.u.i.k.p.r.p.TestFile    Now processing file /home/runner/work/key/key/key.core/../key.ui/examples/standard_key/quantifiers/normalisation13.key 
256421     INFO  main            d.u.i.k.p.i.AbstractProblemLoader Loading environment from /home/runner/work/key/key/key.core/../key.ui/examples/standard_key/quantifiers/normalisation13.key 
256421     DEBUG main            d.u.i.k.p.i.AbstractProblemLoader Environment load took 55.4ns 
256422     INFO  main            d.u.i.k.p.i.AbstractProblemLoader Creating init config 
258589     DEBUG main            d.u.i.k.p.i.AbstractProblemLoader Init config took 2.17s 
258602     INFO  main            d.u.i.k.p.i.AbstractProblemLoader Replaying proof normalisation13.key 
258603     DEBUG main            d.u.i.k.p.i.IntermediateProofReplayer Proof replay took 6.7ns 
258705     INFO  main            d.u.i.k.p.r.p.TestFile    ... finished proof: closed. 
259083     INFO  main            d.u.i.k.p.i.AbstractProblemLoader Loading environment from /home/runner/work/key/key/key.core/../key.ui/examples/standard_key/quantifiers/normalisation13.key.proof 
259083     DEBUG main            d.u.i.k.p.i.AbstractProblemLoader Environment load took 88.6ns 
259084     INFO  main            d.u.i.k.p.i.AbstractProblemLoader Creating init config 
261195     DEBUG main            d.u.i.k.p.i.AbstractProblemLoader Init config took 2.11s 
261208     INFO  main            d.u.i.k.p.i.AbstractProblemLoader Replaying proof normalisation13.key.proof 
261209     DEBUG main            d.u.i.k.p.i.IntermediateProofReplayer Proof replay took 494.31ns 
261210     DEBUG main            d.u.i.k.p.r.p.TestFile    ... success: reloaded. 
261211     INFO  main            d.u.i.k.p.r.p.TestFile    Now processing file /home/runner/work/key/key/key.core/../key.ui/examples/standard_key/quantifiers/triggers0.key 
261211     INFO  main            d.u.i.k.p.i.AbstractProblemLoader Loading environment from /home/runner/work/key/key/key.core/../key.ui/examples/standard_key/quantifiers/triggers0.key 
261211     DEBUG main            d.u.i.k.p.i.AbstractProblemLoader Environment load took 43.7ns 
261212     INFO  main            d.u.i.k.p.i.AbstractProblemLoader Creating init config 
263372     DEBUG main            d.u.i.k.p.i.AbstractProblemLoader Init config took 2.16s 
263385     INFO  main            d.u.i.k.p.i.AbstractProblemLoader Replaying proof triggers0.key 
263387     DEBUG main            d.u.i.k.p.i.IntermediateProofReplayer Proof replay took 7.3ns 
263488     INFO  main            d.u.i.k.p.r.p.TestFile    ... finished proof: closed. 
263968     INFO  main            d.u.i.k.p.i.AbstractProblemLoader Loading environment from /home/runner/work/key/key/key.core/../key.ui/examples/standard_key/quantifiers/triggers0.key.proof 
263968     DEBUG main            d.u.i.k.p.i.AbstractProblemLoader Environment load took 92.9ns 
263969     INFO  main            d.u.i.k.p.i.AbstractProblemLoader Creating init config 
266088     DEBUG main            d.u.i.k.p.i.AbstractProblemLoader Init config took 2.12s 
266101     INFO  main            d.u.i.k.p.i.AbstractProblemLoader Replaying proof triggers0.key.proof 
266104     DEBUG main            d.u.i.k.p.i.IntermediateProofReplayer Proof replay took 1.28ms 
266104     DEBUG main            d.u.i.k.p.r.p.TestFile    ... success: reloaded. 
3728677    INFO  Test worker     d.u.i.k.p.r.RunAllProofsTestUnit Returning from test FOL 
3728678    INFO  Test worker     d.u.i.k.p.r.RunAllProofsTestUnit Running test strings 
371        INFO  Timeout watchdog d.u.i.k.p.r.p.ForkedTestFileRunner Timeout watcher launched (2000 secs.) 
381        WARN  main            d.u.i.k.s.ProofSettings   The settings in /home/runner/.key/proof-settings.props are *not* read. 
425        INFO  main            d.u.i.k.p.r.p.TestFile    Now processing file /home/runner/work/key/key/key.core/../key.ui/examples/standard_key/strings/charAt0.key 
555        INFO  main            d.u.i.k.p.i.AbstractProblemLoader Loading environment from /home/runner/work/key/key/key.core/../key.ui/examples/standard_key/strings/charAt0.key 
571        DEBUG main            d.u.i.k.p.i.AbstractProblemLoader Environment load took 1.84ms 
831        INFO  main            d.u.i.k.p.i.AbstractProblemLoader Creating init config 
1656       DEBUG main            d.u.i.k.j.TypeConverter   No LDT found for Meta 
1657       DEBUG main            d.u.i.k.j.TypeConverter   No LDT found for Meta 
1659       DEBUG main            d.u.i.k.j.TypeConverter   No LDT found for Meta 
1659       DEBUG main            d.u.i.k.j.TypeConverter   No LDT found for Meta 
2866       DEBUG main            d.u.i.k.j.TypeConverter   No LDT found for JavaBigintExpression 
7873       DEBUG main            d.u.i.k.p.i.AbstractProblemLoader Init config took 7.04s 
7942       INFO  main            d.u.i.k.p.i.AbstractProblemLoader Replaying proof charAt0.key 
7978       DEBUG main            d.u.i.k.p.i.IntermediateProofReplayer Proof replay took 34.2ns 
8367       INFO  main            d.u.i.k.p.r.p.TestFile    ... finished proof: closed. 
8474       INFO  main            d.u.i.k.p.i.AbstractProblemLoader Loading environment from /home/runner/work/key/key/key.core/../key.ui/examples/standard_key/strings/charAt0.key.proof 
8474       DEBUG main            d.u.i.k.p.i.AbstractProblemLoader Environment load took 154.7ns 
8480       INFO  main            d.u.i.k.p.i.AbstractProblemLoader Creating init config 
11221      DEBUG main            d.u.i.k.p.i.AbstractProblemLoader Init config took 2.74s 
11267      INFO  main            d.u.i.k.p.i.AbstractProblemLoader Replaying proof charAt0.key.proof 
11306      DEBUG main            d.u.i.k.p.i.IntermediateProofReplayer Proof replay took 33.61ms 
11319      DEBUG main            d.u.i.k.p.r.p.TestFile    ... success: reloaded. 
11320      INFO  main            d.u.i.k.p.r.p.TestFile    Now processing file /home/runner/work/key/key/key.core/../key.ui/examples/standard_key/strings/charAt1.key 
11321      INFO  main            d.u.i.k.p.i.AbstractProblemLoader Loading environment from /home/runner/work/key/key/key.core/../key.ui/examples/standard_key/strings/charAt1.key 
11321      DEBUG main            d.u.i.k.p.i.AbstractProblemLoader Environment load took 202.21ns 
11324      INFO  main            d.u.i.k.p.i.AbstractProblemLoader Creating init config 
13985      DEBUG main            d.u.i.k.p.i.AbstractProblemLoader Init config took 2.66s 
14013      INFO  main            d.u.i.k.p.i.AbstractProblemLoader Replaying proof charAt1.key 
14015      DEBUG main            d.u.i.k.p.i.IntermediateProofReplayer Proof replay took 6.7ns 
14222      INFO  main            d.u.i.k.p.r.p.TestFile    ... finished proof: closed. 
14350      INFO  main            d.u.i.k.p.i.AbstractProblemLoader Loading environment from /home/runner/work/key/key/key.core/../key.ui/examples/standard_key/strings/charAt1.key.proof 
14353      DEBUG main            d.u.i.k.p.i.AbstractProblemLoader Environment load took 2.4ms 
14354      INFO  main            d.u.i.k.p.i.AbstractProblemLoader Creating init config 
16900      DEBUG main            d.u.i.k.p.i.AbstractProblemLoader Init config took 2.55s 
16934      INFO  main            d.u.i.k.p.i.AbstractProblemLoader Replaying proof charAt1.key.proof 
16953      DEBUG main            d.u.i.k.p.i.IntermediateProofReplayer Proof replay took 15.4ms 
16955      DEBUG main            d.u.i.k.p.r.p.TestFile    ... success: reloaded. 
16956      INFO  main            d.u.i.k.p.r.p.TestFile    Now processing file /home/runner/work/key/key/key.core/../key.ui/examples/standard_key/strings/concat1.key 
16956      INFO  main            d.u.i.k.p.i.AbstractProblemLoader Loading environment from /home/runner/work/key/key/key.core/../key.ui/examples/standard_key/strings/concat1.key 
16956      DEBUG main            d.u.i.k.p.i.AbstractProblemLoader Environment load took 196.31ns 
16958      INFO  main            d.u.i.k.p.i.AbstractProblemLoader Creating init config 
19471      DEBUG main            d.u.i.k.p.i.AbstractProblemLoader Init config took 2.51s 
19490      INFO  main            d.u.i.k.p.i.AbstractProblemLoader Replaying proof concat1.key 
19492      DEBUG main            d.u.i.k.p.i.IntermediateProofReplayer Proof replay took 5.6ns 
19595      INFO  main            d.u.i.k.p.r.p.TestFile    ... finished proof: closed. 
19723      INFO  main            d.u.i.k.p.i.AbstractProblemLoader Loading environment from /home/runner/work/key/key/key.core/../key.ui/examples/standard_key/strings/concat1.key.proof 
19724      DEBUG main            d.u.i.k.p.i.AbstractProblemLoader Environment load took 279.71ns 
19725      INFO  main            d.u.i.k.p.i.AbstractProblemLoader Creating init config 
22213      DEBUG main            d.u.i.k.p.i.AbstractProblemLoader Init config took 2.49s 
22233      INFO  main            d.u.i.k.p.i.AbstractProblemLoader Replaying proof concat1.key.proof 
22237      DEBUG main            d.u.i.k.p.i.IntermediateProofReplayer Proof replay took 1.37ms 
22238      DEBUG main            d.u.i.k.p.r.p.TestFile    ... success: reloaded. 
22239      INFO  main            d.u.i.k.p.r.p.TestFile    Now processing file /home/runner/work/key/key/key.core/../key.ui/examples/standard_key/strings/concat2.key 
22239      INFO  main            d.u.i.k.p.i.AbstractProblemLoader Loading environment from /home/runner/work/key/key/key.core/../key.ui/examples/standard_key/strings/concat2.key 
22239      DEBUG main            d.u.i.k.p.i.AbstractProblemLoader Environment load took 184.6ns 
22240      INFO  main            d.u.i.k.p.i.AbstractProblemLoader Creating init config 
24765      DEBUG main            d.u.i.k.p.i.AbstractProblemLoader Init config took 2.52s 
24785      INFO  main            d.u.i.k.p.i.AbstractProblemLoader Replaying proof concat2.key 
24786      DEBUG main            d.u.i.k.p.i.IntermediateProofReplayer Proof replay took 5.2ns 
24889      INFO  main            d.u.i.k.p.r.p.TestFile    ... finished proof: closed. 
25017      INFO  main            d.u.i.k.p.i.AbstractProblemLoader Loading environment from /home/runner/work/key/key/key.core/../key.ui/examples/standard_key/strings/concat2.key.proof 
25017      DEBUG main            d.u.i.k.p.i.AbstractProblemLoader Environment load took 127ns 
25018      INFO  main            d.u.i.k.p.i.AbstractProblemLoader Creating init config 
27466      DEBUG main            d.u.i.k.p.i.AbstractProblemLoader Init config took 2.45s 
27486      INFO  main            d.u.i.k.p.i.AbstractProblemLoader Replaying proof concat2.key.proof 
27497      DEBUG main            d.u.i.k.p.i.IntermediateProofReplayer Proof replay took 9.17ms 
27498      DEBUG main            d.u.i.k.p.r.p.TestFile    ... success: reloaded. 
27499      INFO  main            d.u.i.k.p.r.p.TestFile    Now processing file /home/runner/work/key/key/key.core/../key.ui/examples/standard_key/strings/deriveLength1.key 
27499      INFO  main            d.u.i.k.p.i.AbstractProblemLoader Loading environment from /home/runner/work/key/key/key.core/../key.ui/examples/standard_key/strings/deriveLength1.key 
27499      DEBUG main            d.u.i.k.p.i.AbstractProblemLoader Environment load took 135.7ns 
27500      INFO  main            d.u.i.k.p.i.AbstractProblemLoader Creating init config 
29985      DEBUG main            d.u.i.k.p.i.AbstractProblemLoader Init config took 2.48s 
30005      INFO  main            d.u.i.k.p.i.AbstractProblemLoader Replaying proof deriveLength1.key 
30006      DEBUG main            d.u.i.k.p.i.IntermediateProofReplayer Proof replay took 6.1ns 
30109      INFO  main            d.u.i.k.p.r.p.TestFile    ... finished proof: closed. 
30260      INFO  main            d.u.i.k.p.i.AbstractProblemLoader Loading environment from /home/runner/work/key/key/key.core/../key.ui/examples/standard_key/strings/deriveLength1.key.proof 
30261      DEBUG main            d.u.i.k.p.i.AbstractProblemLoader Environment load took 692.12ns 
30262      INFO  main            d.u.i.k.p.i.AbstractProblemLoader Creating init config 
32709      DEBUG main            d.u.i.k.p.i.AbstractProblemLoader Init config took 2.45s 
32729      INFO  main            d.u.i.k.p.i.AbstractProblemLoader Replaying proof deriveLength1.key.proof 
32750      DEBUG main            d.u.i.k.p.i.IntermediateProofReplayer Proof replay took 17.78ms 
32754      DEBUG main            d.u.i.k.p.r.p.TestFile    ... success: reloaded. 
32755      INFO  main            d.u.i.k.p.r.p.TestFile    Now processing file /home/runner/work/key/key/key.core/../key.ui/examples/standard_key/strings/emptyStringLengthZero.key 
32755      INFO  main            d.u.i.k.p.i.AbstractProblemLoader Loading environment from /home/runner/work/key/key/key.core/../key.ui/examples/standard_key/strings/emptyStringLengthZero.key 
32755      DEBUG main            d.u.i.k.p.i.AbstractProblemLoader Environment load took 186.81ns 
32756      INFO  main            d.u.i.k.p.i.AbstractProblemLoader Creating init config 
35254      DEBUG main            d.u.i.k.p.i.AbstractProblemLoader Init config took 2.5s 
35273      INFO  main            d.u.i.k.p.i.AbstractProblemLoader Replaying proof emptyStringLengthZero.key 
35275      DEBUG main            d.u.i.k.p.i.IntermediateProofReplayer Proof replay took 6.7ns 
35379      INFO  main            d.u.i.k.p.r.p.TestFile    ... finished proof: closed. 
35525      INFO  main            d.u.i.k.p.i.AbstractProblemLoader Loading environment from /home/runner/work/key/key/key.core/../key.ui/examples/standard_key/strings/emptyStringLengthZero.key.proof 
35525      DEBUG main            d.u.i.k.p.i.AbstractProblemLoader Environment load took 130ns 
35526      INFO  main            d.u.i.k.p.i.AbstractProblemLoader Creating init config 
37986      DEBUG main            d.u.i.k.p.i.AbstractProblemLoader Init config took 2.46s 
38002      INFO  main            d.u.i.k.p.i.AbstractProblemLoader Replaying proof emptyStringLengthZero.key.proof 
38007      DEBUG main            d.u.i.k.p.i.IntermediateProofReplayer Proof replay took 3.12ms 
38008      DEBUG main            d.u.i.k.p.r.p.TestFile    ... success: reloaded. 
38009      INFO  main            d.u.i.k.p.r.p.TestFile    Now processing file /home/runner/work/key/key/key.core/../key.ui/examples/standard_key/strings/implicitBooleanStringConversion.key 
38009      INFO  main            d.u.i.k.p.i.AbstractProblemLoader Loading environment from /home/runner/work/key/key/key.core/../key.ui/examples/standard_key/strings/implicitBooleanStringConversion.key 
38009      DEBUG main            d.u.i.k.p.i.AbstractProblemLoader Environment load took 194.21ns 
38010      INFO  main            d.u.i.k.p.i.AbstractProblemLoader Creating init config 
40465      DEBUG main            d.u.i.k.p.i.AbstractProblemLoader Init config took 2.45s 
40496      INFO  main            d.u.i.k.p.i.AbstractProblemLoader Replaying proof implicitBooleanStringConversion.key 
40499      DEBUG main            d.u.i.k.p.i.IntermediateProofReplayer Proof replay took 6.4ns 
41408      INFO  main            d.u.i.k.p.r.p.TestFile    ... finished proof: closed. 
41605      INFO  main            d.u.i.k.p.i.AbstractProblemLoader Loading environment from /home/runner/work/key/key/key.core/../key.ui/examples/standard_key/strings/implicitBooleanStringConversion.key.proof 
41606      DEBUG main            d.u.i.k.p.i.AbstractProblemLoader Environment load took 495.71ns 
41607      INFO  main            d.u.i.k.p.i.AbstractProblemLoader Creating init config 
44076      DEBUG main            d.u.i.k.p.i.AbstractProblemLoader Init config took 2.47s 
44096      INFO  main            d.u.i.k.p.i.AbstractProblemLoader Replaying proof implicitBooleanStringConversion.key.proof 
44186      DEBUG main            d.u.i.k.p.i.IntermediateProofReplayer Proof replay took 84.28ms 
44187      DEBUG main            d.u.i.k.p.r.p.TestFile    ... success: reloaded. 
44188      INFO  main            d.u.i.k.p.r.p.TestFile    Now processing file /home/runner/work/key/key/key.core/../key.ui/examples/standard_key/strings/implicitBooleanStringConversion2.key 
44188      INFO  main            d.u.i.k.p.i.AbstractProblemLoader Loading environment from /home/runner/work/key/key/key.core/../key.ui/examples/standard_key/strings/implicitBooleanStringConversion2.key 
44188      DEBUG main            d.u.i.k.p.i.AbstractProblemLoader Environment load took 183.2ns 
44189      INFO  main            d.u.i.k.p.i.AbstractProblemLoader Creating init config 
46689      DEBUG main            d.u.i.k.p.i.AbstractProblemLoader Init config took 2.5s 
46710      INFO  main            d.u.i.k.p.i.AbstractProblemLoader Replaying proof implicitBooleanStringConversion2.key 
46713      DEBUG main            d.u.i.k.p.i.IntermediateProofReplayer Proof replay took 7.2ns 
47016      INFO  main            d.u.i.k.p.r.p.TestFile    ... finished proof: closed. 
47203      INFO  main            d.u.i.k.p.i.AbstractProblemLoader Loading environment from /home/runner/work/key/key/key.core/../key.ui/examples/standard_key/strings/implicitBooleanStringConversion2.key.proof 
47206      DEBUG main            d.u.i.k.p.i.AbstractProblemLoader Environment load took 2.78ms 
47207      INFO  main            d.u.i.k.p.i.AbstractProblemLoader Creating init config 
49597      DEBUG main            d.u.i.k.p.i.AbstractProblemLoader Init config took 2.39s 
49619      INFO  main            d.u.i.k.p.i.AbstractProblemLoader Replaying proof implicitBooleanStringConversion2.key.proof 
49662      DEBUG main            d.u.i.k.p.i.IntermediateProofReplayer Proof replay took 39.43ms 
49664      DEBUG main            d.u.i.k.p.r.p.TestFile    ... success: reloaded. 
49665      INFO  main            d.u.i.k.p.r.p.TestFile    Now processing file /home/runner/work/key/key/key.core/../key.ui/examples/standard_key/strings/implicitIntStringConversion.key 
49667      INFO  main            d.u.i.k.p.i.AbstractProblemLoader Loading environment from /home/runner/work/key/key/key.core/../key.ui/examples/standard_key/strings/implicitIntStringConversion.key 
49667      DEBUG main            d.u.i.k.p.i.AbstractProblemLoader Environment load took 128.3ns 
49668      INFO  main            d.u.i.k.p.i.AbstractProblemLoader Creating init config 
52133      DEBUG main            d.u.i.k.p.i.AbstractProblemLoader Init config took 2.47s 
52150      INFO  main            d.u.i.k.p.i.AbstractProblemLoader Replaying proof implicitIntStringConversion.key 
52151      DEBUG main            d.u.i.k.p.i.IntermediateProofReplayer Proof replay took 6.1ns 
52755      INFO  main            d.u.i.k.p.r.p.TestFile    ... finished proof: closed. 
52958      INFO  main            d.u.i.k.p.i.AbstractProblemLoader Loading environment from /home/runner/work/key/key/key.core/../key.ui/examples/standard_key/strings/implicitIntStringConversion.key.proof 
52959      DEBUG main            d.u.i.k.p.i.AbstractProblemLoader Environment load took 1.23ms 
52961      INFO  main            d.u.i.k.p.i.AbstractProblemLoader Creating init config 
55331      DEBUG main            d.u.i.k.p.i.AbstractProblemLoader Init config took 2.37s 
55349      INFO  main            d.u.i.k.p.i.AbstractProblemLoader Replaying proof implicitIntStringConversion.key.proof 
55425      DEBUG main            d.u.i.k.p.i.IntermediateProofReplayer Proof replay took 70.36ms 
55426      DEBUG main            d.u.i.k.p.r.p.TestFile    ... success: reloaded. 
55427      INFO  main            d.u.i.k.p.r.p.TestFile    Now processing file /home/runner/work/key/key/key.core/../key.ui/examples/standard_key/strings/implicitNullStringConversion.key 
55427      INFO  main            d.u.i.k.p.i.AbstractProblemLoader Loading environment from /home/runner/work/key/key/key.core/../key.ui/examples/standard_key/strings/implicitNullStringConversion.key 
55427      DEBUG main            d.u.i.k.p.i.AbstractProblemLoader Environment load took 175.7ns 
55428      INFO  main            d.u.i.k.p.i.AbstractProblemLoader Creating init config 
57874      DEBUG main            d.u.i.k.p.i.AbstractProblemLoader Init config took 2.45s 
57891      INFO  main            d.u.i.k.p.i.AbstractProblemLoader Replaying proof implicitNullStringConversion.key 
57892      DEBUG main            d.u.i.k.p.i.IntermediateProofReplayer Proof replay took 6.6ns 
58195      INFO  main            d.u.i.k.p.r.p.TestFile    ... finished proof: closed. 
58398      INFO  main            d.u.i.k.p.i.AbstractProblemLoader Loading environment from /home/runner/work/key/key/key.core/../key.ui/examples/standard_key/strings/implicitNullStringConversion.key.proof 
58398      DEBUG main            d.u.i.k.p.i.AbstractProblemLoader Environment load took 2.32ms 
58401      INFO  main            d.u.i.k.p.i.AbstractProblemLoader Creating init config 
60815      DEBUG main            d.u.i.k.p.i.AbstractProblemLoader Init config took 2.41s 
60833      INFO  main            d.u.i.k.p.i.AbstractProblemLoader Replaying proof implicitNullStringConversion.key.proof 
60868      DEBUG main            d.u.i.k.p.i.IntermediateProofReplayer Proof replay took 31.43ms 
60869      DEBUG main            d.u.i.k.p.r.p.TestFile    ... success: reloaded. 
60870      INFO  main            d.u.i.k.p.r.p.TestFile    Now processing file /home/runner/work/key/key/key.core/../key.ui/examples/standard_key/strings/implicitNullStringConversion2.key 
60870      INFO  main            d.u.i.k.p.i.AbstractProblemLoader Loading environment from /home/runner/work/key/key/key.core/../key.ui/examples/standard_key/strings/implicitNullStringConversion2.key 
60870      DEBUG main            d.u.i.k.p.i.AbstractProblemLoader Environment load took 94.3ns 
60871      INFO  main            d.u.i.k.p.i.AbstractProblemLoader Creating init config 
63323      DEBUG main            d.u.i.k.p.i.AbstractProblemLoader Init config took 2.45s 
63339      INFO  main            d.u.i.k.p.i.AbstractProblemLoader Replaying proof implicitNullStringConversion2.key 
63340      DEBUG main            d.u.i.k.p.i.IntermediateProofReplayer Proof replay took 6.7ns 
63545      INFO  main            d.u.i.k.p.r.p.TestFile    ... finished proof: closed. 
63745      INFO  main            d.u.i.k.p.i.AbstractProblemLoader Loading environment from /home/runner/work/key/key/key.core/../key.ui/examples/standard_key/strings/implicitNullStringConversion2.key.proof 
63745      DEBUG main            d.u.i.k.p.i.AbstractProblemLoader Environment load took 118.5ns 
63748      INFO  main            d.u.i.k.p.i.AbstractProblemLoader Creating init config 
66156      DEBUG main            d.u.i.k.p.i.AbstractProblemLoader Init config took 2.41s 
66172      INFO  main            d.u.i.k.p.i.AbstractProblemLoader Replaying proof implicitNullStringConversion2.key.proof 
66195      DEBUG main            d.u.i.k.p.i.IntermediateProofReplayer Proof replay took 19.65ms 
66196      DEBUG main            d.u.i.k.p.r.p.TestFile    ... success: reloaded. 
66197      INFO  main            d.u.i.k.p.r.p.TestFile    Now processing file /home/runner/work/key/key/key.core/../key.ui/examples/standard_key/strings/implicitObjectStringConversion.key 
66197      INFO  main            d.u.i.k.p.i.AbstractProblemLoader Loading environment from /home/runner/work/key/key/key.core/../key.ui/examples/standard_key/strings/implicitObjectStringConversion.key 
66197      DEBUG main            d.u.i.k.p.i.AbstractProblemLoader Environment load took 123.3ns 
66198      INFO  main            d.u.i.k.p.i.AbstractProblemLoader Creating init config 
68775      DEBUG main            d.u.i.k.p.i.AbstractProblemLoader Init config took 2.58s 
68796      INFO  main            d.u.i.k.p.i.AbstractProblemLoader Replaying proof implicitObjectStringConversion.key 
68798      DEBUG main            d.u.i.k.p.i.IntermediateProofReplayer Proof replay took 6.6ns 
69304      INFO  main            d.u.i.k.p.r.p.TestFile    ... finished proof: closed. 
69505      INFO  main            d.u.i.k.p.i.AbstractProblemLoader Loading environment from /home/runner/work/key/key/key.core/../key.ui/examples/standard_key/strings/implicitObjectStringConversion.key.proof 
69505      DEBUG main            d.u.i.k.p.i.AbstractProblemLoader Environment load took 372.31ns 
69507      INFO  main            d.u.i.k.p.i.AbstractProblemLoader Creating init config 
72084      DEBUG main            d.u.i.k.p.i.AbstractProblemLoader Init config took 2.58s 
72105      INFO  main            d.u.i.k.p.i.AbstractProblemLoader Replaying proof implicitObjectStringConversion.key.proof 
72162      DEBUG main            d.u.i.k.p.i.IntermediateProofReplayer Proof replay took 52.74ms 
72163      DEBUG main            d.u.i.k.p.r.p.TestFile    ... success: reloaded. 
72164      INFO  main            d.u.i.k.p.r.p.TestFile    Now processing file /home/runner/work/key/key/key.core/../key.ui/examples/standard_key/strings/literalEquality.key 
72164      INFO  main            d.u.i.k.p.i.AbstractProblemLoader Loading environment from /home/runner/work/key/key/key.core/../key.ui/examples/standard_key/strings/literalEquality.key 
72164      DEBUG main            d.u.i.k.p.i.AbstractProblemLoader Environment load took 89.2ns 
72165      INFO  main            d.u.i.k.p.i.AbstractProblemLoader Creating init config 
74574      DEBUG main            d.u.i.k.p.i.AbstractProblemLoader Init config took 2.41s 
74590      INFO  main            d.u.i.k.p.i.AbstractProblemLoader Replaying proof literalEquality.key 
74591      DEBUG main            d.u.i.k.p.i.IntermediateProofReplayer Proof replay took 6.6ns 
74697      INFO  main            d.u.i.k.p.r.p.TestFile    ... finished proof: closed. 
74935      INFO  main            d.u.i.k.p.i.AbstractProblemLoader Loading environment from /home/runner/work/key/key/key.core/../key.ui/examples/standard_key/strings/literalEquality.key.proof 
74935      DEBUG main            d.u.i.k.p.i.AbstractProblemLoader Environment load took 168.6ns 
74936      INFO  main            d.u.i.k.p.i.AbstractProblemLoader Creating init config 
77288      DEBUG main            d.u.i.k.p.i.AbstractProblemLoader Init config took 2.35s 
77302      INFO  main            d.u.i.k.p.i.AbstractProblemLoader Replaying proof literalEquality.key.proof 
77306      DEBUG main            d.u.i.k.p.i.IntermediateProofReplayer Proof replay took 2.17ms 
77308      DEBUG main            d.u.i.k.p.r.p.TestFile    ... success: reloaded. 
77308      INFO  main            d.u.i.k.p.r.p.TestFile    Now processing file /home/runner/work/key/key/key.core/../key.ui/examples/standard_key/strings/replace0.key 
77309      INFO  main            d.u.i.k.p.i.AbstractProblemLoader Loading environment from /home/runner/work/key/key/key.core/../key.ui/examples/standard_key/strings/replace0.key 
77309      DEBUG main            d.u.i.k.p.i.AbstractProblemLoader Environment load took 166.9ns 
77310      INFO  main            d.u.i.k.p.i.AbstractProblemLoader Creating init config 
79678      DEBUG main            d.u.i.k.p.i.AbstractProblemLoader Init config took 2.37s 
79691      INFO  main            d.u.i.k.p.i.AbstractProblemLoader Replaying proof replace0.key 
79692      DEBUG main            d.u.i.k.p.i.IntermediateProofReplayer Proof replay took 6.2ns 
79797      INFO  main            d.u.i.k.p.r.p.TestFile    ... finished proof: closed. 
79997      INFO  main            d.u.i.k.p.i.AbstractProblemLoader Loading environment from /home/runner/work/key/key/key.core/../key.ui/examples/standard_key/strings/replace0.key.proof 
79997      DEBUG main            d.u.i.k.p.i.AbstractProblemLoader Environment load took 124.3ns 
79998      INFO  main            d.u.i.k.p.i.AbstractProblemLoader Creating init config 
82343      DEBUG main            d.u.i.k.p.i.AbstractProblemLoader Init config took 2.34s 
82357      INFO  main            d.u.i.k.p.i.AbstractProblemLoader Replaying proof replace0.key.proof 
82363      DEBUG main            d.u.i.k.p.i.IntermediateProofReplayer Proof replay took 3.95ms 
82364      DEBUG main            d.u.i.k.p.r.p.TestFile    ... success: reloaded. 
82364      INFO  main            d.u.i.k.p.r.p.TestFile    Now processing file /home/runner/work/key/key/key.core/../key.ui/examples/standard_key/strings/replace1.key 
82365      INFO  main            d.u.i.k.p.i.AbstractProblemLoader Loading environment from /home/runner/work/key/key/key.core/../key.ui/examples/standard_key/strings/replace1.key 
82365      DEBUG main            d.u.i.k.p.i.AbstractProblemLoader Environment load took 123.4ns 
82366      INFO  main            d.u.i.k.p.i.AbstractProblemLoader Creating init config 
84796      DEBUG main            d.u.i.k.p.i.AbstractProblemLoader Init config took 2.43s 
84809      INFO  main            d.u.i.k.p.i.AbstractProblemLoader Replaying proof replace1.key 
84810      DEBUG main            d.u.i.k.p.i.IntermediateProofReplayer Proof replay took 6.3ns 
84913      INFO  main            d.u.i.k.p.r.p.TestFile    ... finished proof: closed. 
85116      INFO  main            d.u.i.k.p.i.AbstractProblemLoader Loading environment from /home/runner/work/key/key/key.core/../key.ui/examples/standard_key/strings/replace1.key.proof 
85116      DEBUG main            d.u.i.k.p.i.AbstractProblemLoader Environment load took 113.5ns 
85117      INFO  main            d.u.i.k.p.i.AbstractProblemLoader Creating init config 
87463      DEBUG main            d.u.i.k.p.i.AbstractProblemLoader Init config took 2.35s 
87477      INFO  main            d.u.i.k.p.i.AbstractProblemLoader Replaying proof replace1.key.proof 
87486      DEBUG main            d.u.i.k.p.i.IntermediateProofReplayer Proof replay took 7.73ms 
87487      DEBUG main            d.u.i.k.p.r.p.TestFile    ... success: reloaded. 
87488      INFO  main            d.u.i.k.p.r.p.TestFile    Now processing file /home/runner/work/key/key/key.core/../key.ui/examples/standard_key/strings/simpleAssignment.key 
87489      INFO  main            d.u.i.k.p.i.AbstractProblemLoader Loading environment from /home/runner/work/key/key/key.core/../key.ui/examples/standard_key/strings/simpleAssignment.key 
87489      DEBUG main            d.u.i.k.p.i.AbstractProblemLoader Environment load took 182.1ns 
87490      INFO  main            d.u.i.k.p.i.AbstractProblemLoader Creating init config 
89889      DEBUG main            d.u.i.k.p.i.AbstractProblemLoader Init config took 2.4s 
89904      INFO  main            d.u.i.k.p.i.AbstractProblemLoader Replaying proof simpleAssignment.key 
89905      DEBUG main            d.u.i.k.p.i.IntermediateProofReplayer Proof replay took 6.6ns 
90007      INFO  main            d.u.i.k.p.r.p.TestFile    ... finished proof: closed. 
90217      INFO  main            d.u.i.k.p.i.AbstractProblemLoader Loading environment from /home/runner/work/key/key/key.core/../key.ui/examples/standard_key/strings/simpleAssignment.key.proof 
90217      DEBUG main            d.u.i.k.p.i.AbstractProblemLoader Environment load took 124.7ns 
90218      INFO  main            d.u.i.k.p.i.AbstractProblemLoader Creating init config 
92550      DEBUG main            d.u.i.k.p.i.AbstractProblemLoader Init config took 2.33s 
92565      INFO  main            d.u.i.k.p.i.AbstractProblemLoader Replaying proof simpleAssignment.key.proof 
92571      DEBUG main            d.u.i.k.p.i.IntermediateProofReplayer Proof replay took 2.71ms 
92573      DEBUG main            d.u.i.k.p.r.p.TestFile    ... success: reloaded. 
92573      INFO  main            d.u.i.k.p.r.p.TestFile    Now processing file /home/runner/work/key/key/key.core/../key.ui/examples/standard_key/strings/simpleLengthComp.key 
92573      INFO  main            d.u.i.k.p.i.AbstractProblemLoader Loading environment from /home/runner/work/key/key/key.core/../key.ui/examples/standard_key/strings/simpleLengthComp.key 
92574      DEBUG main            d.u.i.k.p.i.AbstractProblemLoader Environment load took 367.11ns 
92575      INFO  main            d.u.i.k.p.i.AbstractProblemLoader Creating init config 
95028      DEBUG main            d.u.i.k.p.i.AbstractProblemLoader Init config took 2.45s 
95044      INFO  main            d.u.i.k.p.i.AbstractProblemLoader Replaying proof simpleLengthComp.key 
95048      DEBUG main            d.u.i.k.p.i.IntermediateProofReplayer Proof replay took 6.8ns 
95251      INFO  main            d.u.i.k.p.r.p.TestFile    ... finished proof: closed. 
95487      INFO  main            d.u.i.k.p.i.AbstractProblemLoader Loading environment from /home/runner/work/key/key/key.core/../key.ui/examples/standard_key/strings/simpleLengthComp.key.proof 
95488      DEBUG main            d.u.i.k.p.i.AbstractProblemLoader Environment load took 1ms 
95490      INFO  main            d.u.i.k.p.i.AbstractProblemLoader Creating init config 
97828      DEBUG main            d.u.i.k.p.i.AbstractProblemLoader Init config took 2.34s 
97843      INFO  main            d.u.i.k.p.i.AbstractProblemLoader Replaying proof simpleLengthComp.key.proof 
97868      DEBUG main            d.u.i.k.p.i.IntermediateProofReplayer Proof replay took 22.53ms 
97869      DEBUG main            d.u.i.k.p.r.p.TestFile    ... success: reloaded. 
97870      INFO  main            d.u.i.k.p.r.p.TestFile    Now processing file /home/runner/work/key/key/key.core/../key.ui/examples/standard_key/strings/stringCompileTimeConstant1.key 
97870      INFO  main            d.u.i.k.p.i.AbstractProblemLoader Loading environment from /home/runner/work/key/key/key.core/../key.ui/examples/standard_key/strings/stringCompileTimeConstant1.key 
97871      DEBUG main            d.u.i.k.p.i.AbstractProblemLoader Environment load took 223.81ns 
97871      INFO  main            d.u.i.k.p.i.AbstractProblemLoader Creating init config 
100266     DEBUG main            d.u.i.k.p.i.AbstractProblemLoader Init config took 2.39s 
100280     INFO  main            d.u.i.k.p.i.AbstractProblemLoader Replaying proof stringCompileTimeConstant1.key 
100282     DEBUG main            d.u.i.k.p.i.IntermediateProofReplayer Proof replay took 6.8ns 
100385     INFO  main            d.u.i.k.p.r.p.TestFile    ... finished proof: closed. 
100606     INFO  main            d.u.i.k.p.i.AbstractProblemLoader Loading environment from /home/runner/work/key/key/key.core/../key.ui/examples/standard_key/strings/stringCompileTimeConstant1.key.proof 
100606     DEBUG main            d.u.i.k.p.i.AbstractProblemLoader Environment load took 110.7ns 
100607     INFO  main            d.u.i.k.p.i.AbstractProblemLoader Creating init config 
102928     DEBUG main            d.u.i.k.p.i.AbstractProblemLoader Init config took 2.32s 
102943     INFO  main            d.u.i.k.p.i.AbstractProblemLoader Replaying proof stringCompileTimeConstant1.key.proof 
102948     DEBUG main            d.u.i.k.p.i.IntermediateProofReplayer Proof replay took 3.26ms 
102949     DEBUG main            d.u.i.k.p.r.p.TestFile    ... success: reloaded. 
102950     INFO  main            d.u.i.k.p.r.p.TestFile    Now processing file /home/runner/work/key/key/key.core/../key.ui/examples/standard_key/strings/stringCompileTimeConstant2.key 
102950     INFO  main            d.u.i.k.p.i.AbstractProblemLoader Loading environment from /home/runner/work/key/key/key.core/../key.ui/examples/standard_key/strings/stringCompileTimeConstant2.key 
102950     DEBUG main            d.u.i.k.p.i.AbstractProblemLoader Environment load took 89.7ns 
102951     INFO  main            d.u.i.k.p.i.AbstractProblemLoader Creating init config 
105485     DEBUG main            d.u.i.k.p.i.AbstractProblemLoader Init config took 2.53s 
105501     INFO  main            d.u.i.k.p.i.AbstractProblemLoader Replaying proof stringCompileTimeConstant2.key 
105503     DEBUG main            d.u.i.k.p.i.IntermediateProofReplayer Proof replay took 6.6ns 
108013     INFO  main            d.u.i.k.p.r.p.TestFile    ... finished proof: closed. 
108259     INFO  main            d.u.i.k.p.i.AbstractProblemLoader Loading environment from /home/runner/work/key/key/key.core/../key.ui/examples/standard_key/strings/stringCompileTimeConstant2.key.proof 
108259     DEBUG main            d.u.i.k.p.i.AbstractProblemLoader Environment load took 114.4ns 
108261     INFO  main            d.u.i.k.p.i.AbstractProblemLoader Creating init config 
110743     DEBUG main            d.u.i.k.p.i.AbstractProblemLoader Init config took 2.48s 
110757     INFO  main            d.u.i.k.p.i.AbstractProblemLoader Replaying proof stringCompileTimeConstant2.key.proof 
111068     DEBUG main            d.u.i.k.p.i.IntermediateProofReplayer Proof replay took 299.45ms 
111070     DEBUG main            d.u.i.k.p.r.p.TestFile    ... success: reloaded. 
111071     INFO  main            d.u.i.k.p.r.p.TestFile    Now processing file /home/runner/work/key/key/key.core/../key.ui/examples/standard_key/strings/stringEquality1.key 
111071     INFO  main            d.u.i.k.p.i.AbstractProblemLoader Loading environment from /home/runner/work/key/key/key.core/../key.ui/examples/standard_key/strings/stringEquality1.key 
111071     DEBUG main            d.u.i.k.p.i.AbstractProblemLoader Environment load took 106.5ns 
111079     INFO  main            d.u.i.k.p.i.AbstractProblemLoader Creating init config 
113448     DEBUG main            d.u.i.k.p.i.AbstractProblemLoader Init config took 2.37s 
113461     INFO  main            d.u.i.k.p.i.AbstractProblemLoader Replaying proof stringEquality1.key 
113462     DEBUG main            d.u.i.k.p.i.IntermediateProofReplayer Proof replay took 7.1ns 
113565     INFO  main            d.u.i.k.p.r.p.TestFile    ... finished proof: closed. 
113818     INFO  main            d.u.i.k.p.i.AbstractProblemLoader Loading environment from /home/runner/work/key/key/key.core/../key.ui/examples/standard_key/strings/stringEquality1.key.proof 
113818     DEBUG main            d.u.i.k.p.i.AbstractProblemLoader Environment load took 124.8ns 
113820     INFO  main            d.u.i.k.p.i.AbstractProblemLoader Creating init config 
116124     DEBUG main            d.u.i.k.p.i.AbstractProblemLoader Init config took 2.3s 
116137     INFO  main            d.u.i.k.p.i.AbstractProblemLoader Replaying proof stringEquality1.key.proof 
116146     DEBUG main            d.u.i.k.p.i.IntermediateProofReplayer Proof replay took 6.54ms 
116146     DEBUG main            d.u.i.k.p.r.p.TestFile    ... success: reloaded. 
116147     INFO  main            d.u.i.k.p.r.p.TestFile    Now processing file /home/runner/work/key/key/key.core/../key.ui/examples/standard_key/strings/stringEquality2.key 
116147     INFO  main            d.u.i.k.p.i.AbstractProblemLoader Loading environment from /home/runner/work/key/key/key.core/../key.ui/examples/standard_key/strings/stringEquality2.key 
116148     DEBUG main            d.u.i.k.p.i.AbstractProblemLoader Environment load took 187.5ns 
116149     INFO  main            d.u.i.k.p.i.AbstractProblemLoader Creating init config 
118507     DEBUG main            d.u.i.k.p.i.AbstractProblemLoader Init config took 2.36s 
118520     INFO  main            d.u.i.k.p.i.AbstractProblemLoader Replaying proof stringEquality2.key 
118521     DEBUG main            d.u.i.k.p.i.IntermediateProofReplayer Proof replay took 7.2ns 
118925     INFO  main            d.u.i.k.p.r.p.TestFile    ... finished proof: closed. 
119157     INFO  main            d.u.i.k.p.i.AbstractProblemLoader Loading environment from /home/runner/work/key/key/key.core/../key.ui/examples/standard_key/strings/stringEquality2.key.proof 
119157     DEBUG main            d.u.i.k.p.i.AbstractProblemLoader Environment load took 426.01ns 
119158     INFO  main            d.u.i.k.p.i.AbstractProblemLoader Creating init config 
121467     DEBUG main            d.u.i.k.p.i.AbstractProblemLoader Init config took 2.31s 
121480     INFO  main            d.u.i.k.p.i.AbstractProblemLoader Replaying proof stringEquality2.key.proof 
121529     DEBUG main            d.u.i.k.p.i.IntermediateProofReplayer Proof replay took 44.53ms 
121530     DEBUG main            d.u.i.k.p.r.p.TestFile    ... success: reloaded. 
121531     INFO  main            d.u.i.k.p.r.p.TestFile    Now processing file /home/runner/work/key/key/key.core/../key.ui/examples/standard_key/strings/substring0.key 
121531     INFO  main            d.u.i.k.p.i.AbstractProblemLoader Loading environment from /home/runner/work/key/key/key.core/../key.ui/examples/standard_key/strings/substring0.key 
121531     DEBUG main            d.u.i.k.p.i.AbstractProblemLoader Environment load took 72ns 
121532     INFO  main            d.u.i.k.p.i.AbstractProblemLoader Creating init config 
123900     DEBUG main            d.u.i.k.p.i.AbstractProblemLoader Init config took 2.37s 
123913     INFO  main            d.u.i.k.p.i.AbstractProblemLoader Replaying proof substring0.key 
123914     DEBUG main            d.u.i.k.p.i.IntermediateProofReplayer Proof replay took 7.1ns 
124020     INFO  main            d.u.i.k.p.r.p.TestFile    ... finished proof: closed. 
124274     INFO  main            d.u.i.k.p.i.AbstractProblemLoader Loading environment from /home/runner/work/key/key/key.core/../key.ui/examples/standard_key/strings/substring0.key.proof 
124274     DEBUG main            d.u.i.k.p.i.AbstractProblemLoader Environment load took 113.2ns 
124276     INFO  main            d.u.i.k.p.i.AbstractProblemLoader Creating init config 
126585     DEBUG main            d.u.i.k.p.i.AbstractProblemLoader Init config took 2.31s 
126604     INFO  main            d.u.i.k.p.i.AbstractProblemLoader Replaying proof substring0.key.proof 
126606     DEBUG main            d.u.i.k.p.i.IntermediateProofReplayer Proof replay took 402.81ns 
126607     DEBUG main            d.u.i.k.p.r.p.TestFile    ... success: reloaded. 
126608     INFO  main            d.u.i.k.p.r.p.TestFile    Now processing file /home/runner/work/key/key/key.core/../key.ui/examples/standard_key/strings/substring1.key 
126608     INFO  main            d.u.i.k.p.i.AbstractProblemLoader Loading environment from /home/runner/work/key/key/key.core/../key.ui/examples/standard_key/strings/substring1.key 
126608     DEBUG main            d.u.i.k.p.i.AbstractProblemLoader Environment load took 170.5ns 
126609     INFO  main            d.u.i.k.p.i.AbstractProblemLoader Creating init config 
128949     DEBUG main            d.u.i.k.p.i.AbstractProblemLoader Init config took 2.34s 
128962     INFO  main            d.u.i.k.p.i.AbstractProblemLoader Replaying proof substring1.key 
128963     DEBUG main            d.u.i.k.p.i.IntermediateProofReplayer Proof replay took 6.9ns 
129066     INFO  main            d.u.i.k.p.r.p.TestFile    ... finished proof: closed. 
129302     INFO  main            d.u.i.k.p.i.AbstractProblemLoader Loading environment from /home/runner/work/key/key/key.core/../key.ui/examples/standard_key/strings/substring1.key.proof 
129302     DEBUG main            d.u.i.k.p.i.AbstractProblemLoader Environment load took 112.5ns 
129303     INFO  main            d.u.i.k.p.i.AbstractProblemLoader Creating init config 
131608     DEBUG main            d.u.i.k.p.i.AbstractProblemLoader Init config took 2.3s 
131621     INFO  main            d.u.i.k.p.i.AbstractProblemLoader Replaying proof substring1.key.proof 
131623     DEBUG main            d.u.i.k.p.i.IntermediateProofReplayer Proof replay took 418.21ns 
131623     DEBUG main            d.u.i.k.p.r.p.TestFile    ... success: reloaded. 
131624     INFO  main            d.u.i.k.p.r.p.TestFile    Now processing file /home/runner/work/key/key/key.core/../key.ui/examples/standard_key/strings/substring2.key 
131624     INFO  main            d.u.i.k.p.i.AbstractProblemLoader Loading environment from /home/runner/work/key/key/key.core/../key.ui/examples/standard_key/strings/substring2.key 
131624     DEBUG main            d.u.i.k.p.i.AbstractProblemLoader Environment load took 92.5ns 
131625     INFO  main            d.u.i.k.p.i.AbstractProblemLoader Creating init config 
133990     DEBUG main            d.u.i.k.p.i.AbstractProblemLoader Init config took 2.37s 
134003     INFO  main            d.u.i.k.p.i.AbstractProblemLoader Replaying proof substring2.key 
134005     DEBUG main            d.u.i.k.p.i.IntermediateProofReplayer Proof replay took 6.6ns 
134109     INFO  main            d.u.i.k.p.r.p.TestFile    ... finished proof: closed. 
134361     INFO  main            d.u.i.k.p.i.AbstractProblemLoader Loading environment from /home/runner/work/key/key/key.core/../key.ui/examples/standard_key/strings/substring2.key.proof 
134361     DEBUG main            d.u.i.k.p.i.AbstractProblemLoader Environment load took 109ns 
134362     INFO  main            d.u.i.k.p.i.AbstractProblemLoader Creating init config 
136668     DEBUG main            d.u.i.k.p.i.AbstractProblemLoader Init config took 2.31s 
136682     INFO  main            d.u.i.k.p.i.AbstractProblemLoader Replaying proof substring2.key.proof 
136684     DEBUG main            d.u.i.k.p.i.IntermediateProofReplayer Proof replay took 834.62ns 
136685     DEBUG main            d.u.i.k.p.r.p.TestFile    ... success: reloaded. 
136686     INFO  main            d.u.i.k.p.r.p.TestFile    Now processing file /home/runner/work/key/key/key.core/../key.ui/examples/standard_key/strings/substring3.key 
136686     INFO  main            d.u.i.k.p.i.AbstractProblemLoader Loading environment from /home/runner/work/key/key/key.core/../key.ui/examples/standard_key/strings/substring3.key 
136686     DEBUG main            d.u.i.k.p.i.AbstractProblemLoader Environment load took 175.1ns 
136687     INFO  main            d.u.i.k.p.i.AbstractProblemLoader Creating init config 
139052     DEBUG main            d.u.i.k.p.i.AbstractProblemLoader Init config took 2.36s 
139066     INFO  main            d.u.i.k.p.i.AbstractProblemLoader Replaying proof substring3.key 
139067     DEBUG main            d.u.i.k.p.i.IntermediateProofReplayer Proof replay took 6.8ns 
139170     INFO  main            d.u.i.k.p.r.p.TestFile    ... finished proof: closed. 
139418     INFO  main            d.u.i.k.p.i.AbstractProblemLoader Loading environment from /home/runner/work/key/key/key.core/../key.ui/examples/standard_key/strings/substring3.key.proof 
139418     DEBUG main            d.u.i.k.p.i.AbstractProblemLoader Environment load took 110.8ns 
139419     INFO  main            d.u.i.k.p.i.AbstractProblemLoader Creating init config 
141711     DEBUG main            d.u.i.k.p.i.AbstractProblemLoader Init config took 2.29s 
141723     INFO  main            d.u.i.k.p.i.AbstractProblemLoader Replaying proof substring3.key.proof 
141731     DEBUG main            d.u.i.k.p.i.IntermediateProofReplayer Proof replay took 2.25ms 
141735     DEBUG main            d.u.i.k.p.r.p.TestFile    ... success: reloaded. 
141736     INFO  main            d.u.i.k.p.r.p.TestFile    Now processing file /home/runner/work/key/key/key.core/../key.ui/examples/standard_key/strings/substring4.key 
141736     INFO  main            d.u.i.k.p.i.AbstractProblemLoader Loading environment from /home/runner/work/key/key/key.core/../key.ui/examples/standard_key/strings/substring4.key 
141740     DEBUG main            d.u.i.k.p.i.AbstractProblemLoader Environment load took 3.86ms 
141742     INFO  main            d.u.i.k.p.i.AbstractProblemLoader Creating init config 
144128     DEBUG main            d.u.i.k.p.i.AbstractProblemLoader Init config took 2.39s 
144140     INFO  main            d.u.i.k.p.i.AbstractProblemLoader Replaying proof substring4.key 
144141     DEBUG main            d.u.i.k.p.i.IntermediateProofReplayer Proof replay took 7.2ns 
144245     INFO  main            d.u.i.k.p.r.p.TestFile    ... finished proof: closed. 
144552     INFO  main            d.u.i.k.p.i.AbstractProblemLoader Loading environment from /home/runner/work/key/key/key.core/../key.ui/examples/standard_key/strings/substring4.key.proof 
144552     DEBUG main            d.u.i.k.p.i.AbstractProblemLoader Environment load took 94.4ns 
144553     INFO  main            d.u.i.k.p.i.AbstractProblemLoader Creating init config 
146855     DEBUG main            d.u.i.k.p.i.AbstractProblemLoader Init config took 2.3s 
146868     INFO  main            d.u.i.k.p.i.AbstractProblemLoader Replaying proof substring4.key.proof 
146872     DEBUG main            d.u.i.k.p.i.IntermediateProofReplayer Proof replay took 3.09ms 
146873     DEBUG main            d.u.i.k.p.r.p.TestFile    ... success: reloaded. 
146874     INFO  main            d.u.i.k.p.r.p.TestFile    Now processing file /home/runner/work/key/key/key.core/../key.ui/examples/standard_key/strings/substring5.key 
146874     INFO  main            d.u.i.k.p.i.AbstractProblemLoader Loading environment from /home/runner/work/key/key/key.core/../key.ui/examples/standard_key/strings/substring5.key 
146874     DEBUG main            d.u.i.k.p.i.AbstractProblemLoader Environment load took 80.3ns 
146875     INFO  main            d.u.i.k.p.i.AbstractProblemLoader Creating init config 
149226     DEBUG main            d.u.i.k.p.i.AbstractProblemLoader Init config took 2.35s 
149239     INFO  main            d.u.i.k.p.i.AbstractProblemLoader Replaying proof substring5.key 
149240     DEBUG main            d.u.i.k.p.i.IntermediateProofReplayer Proof replay took 6.9ns 
149443     INFO  main            d.u.i.k.p.r.p.TestFile    ... finished proof: closed. 
149722     INFO  main            d.u.i.k.p.i.AbstractProblemLoader Loading environment from /home/runner/work/key/key/key.core/../key.ui/examples/standard_key/strings/substring5.key.proof 
149722     DEBUG main            d.u.i.k.p.i.AbstractProblemLoader Environment load took 97.4ns 
149723     INFO  main            d.u.i.k.p.i.AbstractProblemLoader Creating init config 
152023     DEBUG main            d.u.i.k.p.i.AbstractProblemLoader Init config took 2.3s 
152037     INFO  main            d.u.i.k.p.i.AbstractProblemLoader Replaying proof substring5.key.proof 
152065     DEBUG main            d.u.i.k.p.i.IntermediateProofReplayer Proof replay took 25.22ms 
152066     DEBUG main            d.u.i.k.p.r.p.TestFile    ... success: reloaded. 
3880937    INFO  Test worker     d.u.i.k.p.r.RunAllProofsTestUnit Returning from test strings 
3880938    INFO  Test worker     d.u.i.k.p.r.RunAllProofsTestUnit Running test simple_info_flow 
350        INFO  Timeout watchdog d.u.i.k.p.r.p.ForkedTestFileRunner Timeout watcher launched (2000 secs.) 
353        WARN  main            d.u.i.k.s.ProofSettings   The settings in /home/runner/.key/proof-settings.props are *not* read. 
397        INFO  main            d.u.i.k.p.r.p.TestFile    Now processing file /home/runner/work/key/key/key.core/../key.ui/examples/heap/information_flow/UpdateAbstraction_ex7_1_insecure.key 
553        INFO  main            d.u.i.k.p.i.AbstractProblemLoader Loading environment from /home/runner/work/key/key/key.core/../key.ui/examples/heap/information_flow/UpdateAbstraction_ex7_1_insecure.key 
569        DEBUG main            d.u.i.k.p.i.AbstractProblemLoader Environment load took 1.89ms 
790        INFO  main            d.u.i.k.p.i.AbstractProblemLoader Creating init config 
1801       DEBUG main            d.u.i.k.j.TypeConverter   No LDT found for Meta 
1802       DEBUG main            d.u.i.k.j.TypeConverter   No LDT found for Meta 
1805       DEBUG main            d.u.i.k.j.TypeConverter   No LDT found for Meta 
1805       DEBUG main            d.u.i.k.j.TypeConverter   No LDT found for Meta 
3385       DEBUG main            d.u.i.k.j.TypeConverter   No LDT found for JavaBigintExpression 
8536       DEBUG main            d.u.i.k.p.i.AbstractProblemLoader Init config took 7.75s 
8714       INFO  main            d.u.i.k.p.i.AbstractProblemLoader Replaying proof UpdateAbstraction[UpdateAbstraction::ex7_1_insecure()].JML operation contract.0 
8750       DEBUG main            d.u.i.k.p.i.IntermediateProofReplayer Proof replay took 34.1ns 
9326       INFO  main            d.u.i.k.p.r.p.TestFile    ... finished proof: open goal(s) 
9445       INFO  main            d.u.i.k.p.r.p.TestFile    Now processing file /home/runner/work/key/key/key.core/../key.ui/examples/heap/information_flow/UpdateAbstraction_ex7_2_insecure.key 
9446       INFO  main            d.u.i.k.p.i.AbstractProblemLoader Loading environment from /home/runner/work/key/key/key.core/../key.ui/examples/heap/information_flow/UpdateAbstraction_ex7_2_insecure.key 
9446       DEBUG main            d.u.i.k.p.i.AbstractProblemLoader Environment load took 271.51ns 
9448       INFO  main            d.u.i.k.p.i.AbstractProblemLoader Creating init config 
12456      DEBUG main            d.u.i.k.p.i.AbstractProblemLoader Init config took 3.01s 
12518      INFO  main            d.u.i.k.p.i.AbstractProblemLoader Replaying proof UpdateAbstraction[UpdateAbstraction::ex7_2_insecure()].JML operation contract.0 
12520      DEBUG main            d.u.i.k.p.i.IntermediateProofReplayer Proof replay took 6.1ns 
12929      INFO  main            d.u.i.k.p.r.p.TestFile    ... finished proof: open goal(s) 
3894140    INFO  Test worker     d.u.i.k.p.r.RunAllProofsTestUnit Returning from test simple_info_flow 
3894141    INFO  Test worker     d.u.i.k.p.r.RunAllProofsTestUnit Running test modelMethods 
337        INFO  Timeout watchdog d.u.i.k.p.r.p.ForkedTestFileRunner Timeout watcher launched (2000 secs.) 
362        WARN  main            d.u.i.k.s.ProofSettings   The settings in /home/runner/.key/proof-settings.props are *not* read. 
409        INFO  main            d.u.i.k.p.r.p.TestFile    Now processing file /home/runner/work/key/key/key.core/../key.ui/examples/heap/model_methods/Cell_footprint_acc.key 
539        INFO  main            d.u.i.k.p.i.AbstractProblemLoader Loading environment from /home/runner/work/key/key/key.core/../key.ui/examples/heap/model_methods/Cell_footprint_acc.key 
564        DEBUG main            d.u.i.k.p.i.AbstractProblemLoader Environment load took 2.07ms 
786        INFO  main            d.u.i.k.p.i.AbstractProblemLoader Creating init config 
1731       DEBUG main            d.u.i.k.j.TypeConverter   No LDT found for Meta 
1732       DEBUG main            d.u.i.k.j.TypeConverter   No LDT found for Meta 
1735       DEBUG main            d.u.i.k.j.TypeConverter   No LDT found for Meta 
1735       DEBUG main            d.u.i.k.j.TypeConverter   No LDT found for Meta 
3017       DEBUG main            d.u.i.k.j.TypeConverter   No LDT found for JavaBigintExpression 
8045       DEBUG main            d.u.i.k.p.i.AbstractProblemLoader Init config took 7.26s 
8226       INFO  main            d.u.i.k.p.i.AbstractProblemLoader Replaying proof Cell[Cell::footprint()].JML accessible clause.0 
8261       DEBUG main            d.u.i.k.p.i.IntermediateProofReplayer Proof replay took 33.2ns 
8798       INFO  main            d.u.i.k.p.r.p.TestFile    ... finished proof: closed. 
8900       INFO  main            d.u.i.k.p.i.AbstractProblemLoader Loading environment from /home/runner/work/key/key/key.core/../key.ui/examples/heap/model_methods/Cell_footprint_acc.key.proof 
8902       DEBUG main            d.u.i.k.p.i.AbstractProblemLoader Environment load took 1.63ms 
8904       INFO  main            d.u.i.k.p.i.AbstractProblemLoader Creating init config 
11777      DEBUG main            d.u.i.k.p.i.AbstractProblemLoader Init config took 2.87s 
11869      INFO  main            d.u.i.k.p.i.AbstractProblemLoader Replaying proof Cell[Cell::footprint()].JML accessible clause.0 
11910      DEBUG main            d.u.i.k.p.i.IntermediateProofReplayer Proof replay took 35.75ms 
11917      DEBUG main            d.u.i.k.p.r.p.TestFile    ... success: reloaded. 
11920      INFO  main            d.u.i.k.p.r.p.TestFile    Now processing file /home/runner/work/key/key/key.core/../key.ui/examples/heap/model_methods/Cell_footprint.key 
11920      INFO  main            d.u.i.k.p.i.AbstractProblemLoader Loading environment from /home/runner/work/key/key/key.core/../key.ui/examples/heap/model_methods/Cell_footprint.key 
11921      DEBUG main            d.u.i.k.p.i.AbstractProblemLoader Environment load took 227.41ns 
11925      INFO  main            d.u.i.k.p.i.AbstractProblemLoader Creating init config 
14658      DEBUG main            d.u.i.k.p.i.AbstractProblemLoader Init config took 2.73s 
14728      INFO  main            d.u.i.k.p.i.AbstractProblemLoader Replaying proof Cell[Cell::footprint()].JML model_behavior operation contract.0 
14730      DEBUG main            d.u.i.k.p.i.IntermediateProofReplayer Proof replay took 6.4ns 
14833      INFO  main            d.u.i.k.p.r.p.TestFile    ... finished proof: closed. 
14960      INFO  main            d.u.i.k.p.i.AbstractProblemLoader Loading environment from /home/runner/work/key/key/key.core/../key.ui/examples/heap/model_methods/Cell_footprint.key.proof 
14960      DEBUG main            d.u.i.k.p.i.AbstractProblemLoader Environment load took 132ns 
14962      INFO  main            d.u.i.k.p.i.AbstractProblemLoader Creating init config 
17604      DEBUG main            d.u.i.k.p.i.AbstractProblemLoader Init config took 2.64s 
17658      INFO  main            d.u.i.k.p.i.AbstractProblemLoader Replaying proof Cell[Cell::footprint()].JML model_behavior operation contract.0 
17667      DEBUG main            d.u.i.k.p.i.IntermediateProofReplayer Proof replay took 6.43ms 
17668      DEBUG main            d.u.i.k.p.r.p.TestFile    ... success: reloaded. 
17669      INFO  main            d.u.i.k.p.r.p.TestFile    Now processing file /home/runner/work/key/key/key.core/../key.ui/examples/heap/model_methods/Cell_get_acc.key 
17670      INFO  main            d.u.i.k.p.i.AbstractProblemLoader Loading environment from /home/runner/work/key/key/key.core/../key.ui/examples/heap/model_methods/Cell_get_acc.key 
17670      DEBUG main            d.u.i.k.p.i.AbstractProblemLoader Environment load took 227.21ns 
17671      INFO  main            d.u.i.k.p.i.AbstractProblemLoader Creating init config 
20301      DEBUG main            d.u.i.k.p.i.AbstractProblemLoader Init config took 2.63s 
20352      INFO  main            d.u.i.k.p.i.AbstractProblemLoader Replaying proof Cell[Cell::get()].JML accessible clause.0 
20354      DEBUG main            d.u.i.k.p.i.IntermediateProofReplayer Proof replay took 6.7ns 
20562      INFO  main            d.u.i.k.p.r.p.TestFile    ... finished proof: closed. 
20704      INFO  main            d.u.i.k.p.i.AbstractProblemLoader Loading environment from /home/runner/work/key/key/key.core/../key.ui/examples/heap/model_methods/Cell_get_acc.key.proof 
20705      DEBUG main            d.u.i.k.p.i.AbstractProblemLoader Environment load took 381.51ns 
20706      INFO  main            d.u.i.k.p.i.AbstractProblemLoader Creating init config 
23273      DEBUG main            d.u.i.k.p.i.AbstractProblemLoader Init config took 2.57s 
23321      INFO  main            d.u.i.k.p.i.AbstractProblemLoader Replaying proof Cell[Cell::get()].JML accessible clause.0 
23356      DEBUG main            d.u.i.k.p.i.IntermediateProofReplayer Proof replay took 31.65ms 
23357      DEBUG main            d.u.i.k.p.r.p.TestFile    ... success: reloaded. 
23358      INFO  main            d.u.i.k.p.r.p.TestFile    Now processing file /home/runner/work/key/key/key.core/../key.ui/examples/heap/model_methods/Cell_get.key 
23358      INFO  main            d.u.i.k.p.i.AbstractProblemLoader Loading environment from /home/runner/work/key/key/key.core/../key.ui/examples/heap/model_methods/Cell_get.key 
23359      DEBUG main            d.u.i.k.p.i.AbstractProblemLoader Environment load took 187.5ns 
23360      INFO  main            d.u.i.k.p.i.AbstractProblemLoader Creating init config 
25988      DEBUG main            d.u.i.k.p.i.AbstractProblemLoader Init config took 2.63s 
26045      INFO  main            d.u.i.k.p.i.AbstractProblemLoader Replaying proof Cell[Cell::get()].JML operation contract.0 
26048      DEBUG main            d.u.i.k.p.i.IntermediateProofReplayer Proof replay took 5.7ns 
26150      INFO  main            d.u.i.k.p.r.p.TestFile    ... finished proof: closed. 
26291      INFO  main            d.u.i.k.p.i.AbstractProblemLoader Loading environment from /home/runner/work/key/key/key.core/../key.ui/examples/heap/model_methods/Cell_get.key.proof 
26292      DEBUG main            d.u.i.k.p.i.AbstractProblemLoader Environment load took 126ns 
26293      INFO  main            d.u.i.k.p.i.AbstractProblemLoader Creating init config 
28833      DEBUG main            d.u.i.k.p.i.AbstractProblemLoader Init config took 2.54s 
28883      INFO  main            d.u.i.k.p.i.AbstractProblemLoader Replaying proof Cell[Cell::get()].JML operation contract.0 
28901      DEBUG main            d.u.i.k.p.i.IntermediateProofReplayer Proof replay took 16.08ms 
28902      DEBUG main            d.u.i.k.p.r.p.TestFile    ... success: reloaded. 
28903      INFO  main            d.u.i.k.p.r.p.TestFile    Now processing file /home/runner/work/key/key/key.core/../key.ui/examples/heap/model_methods/Cell_post_set.key 
28904      INFO  main            d.u.i.k.p.i.AbstractProblemLoader Loading environment from /home/runner/work/key/key/key.core/../key.ui/examples/heap/model_methods/Cell_post_set.key 
28904      DEBUG main            d.u.i.k.p.i.AbstractProblemLoader Environment load took 161.1ns 
28905      INFO  main            d.u.i.k.p.i.AbstractProblemLoader Creating init config 
31493      DEBUG main            d.u.i.k.p.i.AbstractProblemLoader Init config took 2.59s 
31540      INFO  main            d.u.i.k.p.i.AbstractProblemLoader Replaying proof Cell[Cell::post_set(int)].JML model_behavior operation contract.0 
31542      DEBUG main            d.u.i.k.p.i.IntermediateProofReplayer Proof replay took 6.9ns 
31645      INFO  main            d.u.i.k.p.r.p.TestFile    ... finished proof: closed. 
31797      INFO  main            d.u.i.k.p.i.AbstractProblemLoader Loading environment from /home/runner/work/key/key/key.core/../key.ui/examples/heap/model_methods/Cell_post_set.key.proof 
31797      DEBUG main            d.u.i.k.p.i.AbstractProblemLoader Environment load took 120.6ns 
31798      INFO  main            d.u.i.k.p.i.AbstractProblemLoader Creating init config 
34314      DEBUG main            d.u.i.k.p.i.AbstractProblemLoader Init config took 2.52s 
34361      INFO  main            d.u.i.k.p.i.AbstractProblemLoader Replaying proof Cell[Cell::post_set(int)].JML model_behavior operation contract.0 
34368      DEBUG main            d.u.i.k.p.i.IntermediateProofReplayer Proof replay took 5.04ms 
34369      DEBUG main            d.u.i.k.p.r.p.TestFile    ... success: reloaded. 
34370      INFO  main            d.u.i.k.p.r.p.TestFile    Now processing file /home/runner/work/key/key/key.core/../key.ui/examples/heap/model_methods/Cell_set.key 
34370      INFO  main            d.u.i.k.p.i.AbstractProblemLoader Loading environment from /home/runner/work/key/key/key.core/../key.ui/examples/heap/model_methods/Cell_set.key 
34371      DEBUG main            d.u.i.k.p.i.AbstractProblemLoader Environment load took 204.41ns 
34372      INFO  main            d.u.i.k.p.i.AbstractProblemLoader Creating init config 
36906      DEBUG main            d.u.i.k.p.i.AbstractProblemLoader Init config took 2.53s 
36951      INFO  main            d.u.i.k.p.i.AbstractProblemLoader Replaying proof Cell[Cell::set(int)].JML operation contract.0 
36953      DEBUG main            d.u.i.k.p.i.IntermediateProofReplayer Proof replay took 6ns 
42706      INFO  main            d.u.i.k.p.r.p.TestFile    ... finished proof: closed. 
42913      INFO  main            d.u.i.k.p.i.AbstractProblemLoader Loading environment from /home/runner/work/key/key/key.core/../key.ui/examples/heap/model_methods/Cell_set.key.proof 
42914      DEBUG main            d.u.i.k.p.i.AbstractProblemLoader Environment load took 368.21ns 
42915      INFO  main            d.u.i.k.p.i.AbstractProblemLoader Creating init config 
45440      DEBUG main            d.u.i.k.p.i.AbstractProblemLoader Init config took 2.52s 
45497      INFO  main            d.u.i.k.p.i.AbstractProblemLoader Replaying proof Cell[Cell::set(int)].JML operation contract.0 
46055      DEBUG main            d.u.i.k.p.i.IntermediateProofReplayer Proof replay took 542.76ms 
46057      DEBUG main            d.u.i.k.p.r.p.TestFile    ... success: reloaded. 
46058      INFO  main            d.u.i.k.p.r.p.TestFile    Now processing file /home/runner/work/key/key/key.core/../key.ui/examples/heap/model_methods/CellTest_callSet.key 
46059      INFO  main            d.u.i.k.p.i.AbstractProblemLoader Loading environment from /home/runner/work/key/key/key.core/../key.ui/examples/heap/model_methods/CellTest_callSet.key 
46059      DEBUG main            d.u.i.k.p.i.AbstractProblemLoader Environment load took 185.91ns 
46060      INFO  main            d.u.i.k.p.i.AbstractProblemLoader Creating init config 
48616      DEBUG main            d.u.i.k.p.i.AbstractProblemLoader Init config took 2.56s 
48658      INFO  main            d.u.i.k.p.i.AbstractProblemLoader Replaying proof CellTest[CellTest::callSet(Cell,int)].JML operation contract.0 
48660      DEBUG main            d.u.i.k.p.i.IntermediateProofReplayer Proof replay took 6.9ns 
48862      INFO  main            d.u.i.k.p.r.p.TestFile    ... finished proof: closed. 
49087      INFO  main            d.u.i.k.p.i.AbstractProblemLoader Loading environment from /home/runner/work/key/key/key.core/../key.ui/examples/heap/model_methods/CellTest_callSet.key.proof 
49087      DEBUG main            d.u.i.k.p.i.AbstractProblemLoader Environment load took 131.4ns 
49088      INFO  main            d.u.i.k.p.i.AbstractProblemLoader Creating init config 
51573      DEBUG main            d.u.i.k.p.i.AbstractProblemLoader Init config took 2.48s 
51615      INFO  main            d.u.i.k.p.i.AbstractProblemLoader Replaying proof CellTest[CellTest::callSet(Cell,int)].JML operation contract.0 
51658      DEBUG main            d.u.i.k.p.i.IntermediateProofReplayer Proof replay took 40.55ms 
51659      DEBUG main            d.u.i.k.p.r.p.TestFile    ... success: reloaded. 
51660      INFO  main            d.u.i.k.p.r.p.TestFile    Now processing file /home/runner/work/key/key/key.core/../key.ui/examples/heap/model_methods/CellTest_test2.key 
51660      INFO  main            d.u.i.k.p.i.AbstractProblemLoader Loading environment from /home/runner/work/key/key/key.core/../key.ui/examples/heap/model_methods/CellTest_test2.key 
51661      DEBUG main            d.u.i.k.p.i.AbstractProblemLoader Environment load took 219.5ns 
51662      INFO  main            d.u.i.k.p.i.AbstractProblemLoader Creating init config 
54184      DEBUG main            d.u.i.k.p.i.AbstractProblemLoader Init config took 2.52s 
54225      INFO  main            d.u.i.k.p.i.AbstractProblemLoader Replaying proof CellTest[CellTest::test2(Cell)].JML operation contract.0 
54227      DEBUG main            d.u.i.k.p.i.IntermediateProofReplayer Proof replay took 6.3ns 
54531      INFO  main            d.u.i.k.p.r.p.TestFile    ... finished proof: closed. 
54736      INFO  main            d.u.i.k.p.i.AbstractProblemLoader Loading environment from /home/runner/work/key/key/key.core/../key.ui/examples/heap/model_methods/CellTest_test2.key.proof 
54739      DEBUG main            d.u.i.k.p.i.AbstractProblemLoader Environment load took 2.04ms 
54740      INFO  main            d.u.i.k.p.i.AbstractProblemLoader Creating init config 
57202      DEBUG main            d.u.i.k.p.i.AbstractProblemLoader Init config took 2.46s 
57244      INFO  main            d.u.i.k.p.i.AbstractProblemLoader Replaying proof CellTest[CellTest::test2(Cell)].JML operation contract.0 
57322      DEBUG main            d.u.i.k.p.i.IntermediateProofReplayer Proof replay took 75.75ms 
57324      DEBUG main            d.u.i.k.p.r.p.TestFile    ... success: reloaded. 
57325      INFO  main            d.u.i.k.p.r.p.TestFile    Now processing file /home/runner/work/key/key/key.core/../key.ui/examples/heap/model_methods/CellTest_test.key 
57326      INFO  main            d.u.i.k.p.i.AbstractProblemLoader Loading environment from /home/runner/work/key/key/key.core/../key.ui/examples/heap/model_methods/CellTest_test.key 
57326      DEBUG main            d.u.i.k.p.i.AbstractProblemLoader Environment load took 198.21ns 
57327      INFO  main            d.u.i.k.p.i.AbstractProblemLoader Creating init config 
59841      DEBUG main            d.u.i.k.p.i.AbstractProblemLoader Init config took 2.51s 
59882      INFO  main            d.u.i.k.p.i.AbstractProblemLoader Replaying proof CellTest[CellTest::test(Recell)].JML operation contract.0 
59884      DEBUG main            d.u.i.k.p.i.IntermediateProofReplayer Proof replay took 6.5ns 
62009      INFO  main            d.u.i.k.p.r.p.TestFile    ... finished proof: closed. 
62227      INFO  main            d.u.i.k.p.i.AbstractProblemLoader Loading environment from /home/runner/work/key/key/key.core/../key.ui/examples/heap/model_methods/CellTest_test.key.proof 
62227      DEBUG main            d.u.i.k.p.i.AbstractProblemLoader Environment load took 142.1ns 
62228      INFO  main            d.u.i.k.p.i.AbstractProblemLoader Creating init config 
64673      DEBUG main            d.u.i.k.p.i.AbstractProblemLoader Init config took 2.44s 
64730      INFO  main            d.u.i.k.p.i.AbstractProblemLoader Replaying proof CellTest[CellTest::test(Recell)].JML operation contract.0 
65275      DEBUG main            d.u.i.k.p.i.IntermediateProofReplayer Proof replay took 527.13ms 
65277      DEBUG main            d.u.i.k.p.r.p.TestFile    ... success: reloaded. 
65278      INFO  main            d.u.i.k.p.r.p.TestFile    Now processing file /home/runner/work/key/key/key.core/../key.ui/examples/heap/model_methods/Coll1_add.key 
65278      INFO  main            d.u.i.k.p.i.AbstractProblemLoader Loading environment from /home/runner/work/key/key/key.core/../key.ui/examples/heap/model_methods/Coll1_add.key 
65278      DEBUG main            d.u.i.k.p.i.AbstractProblemLoader Environment load took 180.1ns 
65279      INFO  main            d.u.i.k.p.i.AbstractProblemLoader Creating init config 
67826      DEBUG main            d.u.i.k.p.i.AbstractProblemLoader Init config took 2.55s 
67883      INFO  main            d.u.i.k.p.i.AbstractProblemLoader Replaying proof Coll1[Coll::add(int)].JML operation contract.0 
67885      DEBUG main            d.u.i.k.p.i.IntermediateProofReplayer Proof replay took 6.8ns 
67990      INFO  main            d.u.i.k.p.r.p.TestFile    ... finished proof: closed. 
68160      INFO  main            d.u.i.k.p.i.AbstractProblemLoader Loading environment from /home/runner/work/key/key/key.core/../key.ui/examples/heap/model_methods/Coll1_add.key.proof 
68160      DEBUG main            d.u.i.k.p.i.AbstractProblemLoader Environment load took 128.6ns 
68161      INFO  main            d.u.i.k.p.i.AbstractProblemLoader Creating init config 
70635      DEBUG main            d.u.i.k.p.i.AbstractProblemLoader Init config took 2.47s 
70676      INFO  main            d.u.i.k.p.i.AbstractProblemLoader Replaying proof Coll1[Coll::add(int)].JML operation contract.0 
70684      DEBUG main            d.u.i.k.p.i.IntermediateProofReplayer Proof replay took 6.58ms 
70685      DEBUG main            d.u.i.k.p.r.p.TestFile    ... success: reloaded. 
70686      INFO  main            d.u.i.k.p.r.p.TestFile    Now processing file /home/runner/work/key/key/key.core/../key.ui/examples/heap/model_methods/Coll1_Coll1_add_pre.key 
70686      INFO  main            d.u.i.k.p.i.AbstractProblemLoader Loading environment from /home/runner/work/key/key/key.core/../key.ui/examples/heap/model_methods/Coll1_Coll1_add_pre.key 
70686      DEBUG main            d.u.i.k.p.i.AbstractProblemLoader Environment load took 96.1ns 
70687      INFO  main            d.u.i.k.p.i.AbstractProblemLoader Creating init config 
73211      DEBUG main            d.u.i.k.p.i.AbstractProblemLoader Init config took 2.52s 
73253      INFO  main            d.u.i.k.p.i.AbstractProblemLoader Replaying proof Coll1[Coll1::add_pre(int)].JML model_behavior operation contract.0 
73254      DEBUG main            d.u.i.k.p.i.IntermediateProofReplayer Proof replay took 6.7ns 
73356      INFO  main            d.u.i.k.p.r.p.TestFile    ... finished proof: closed. 
73544      INFO  main            d.u.i.k.p.i.AbstractProblemLoader Loading environment from /home/runner/work/key/key/key.core/../key.ui/examples/heap/model_methods/Coll1_Coll1_add_pre.key.proof 
73544      DEBUG main            d.u.i.k.p.i.AbstractProblemLoader Environment load took 125.7ns 
73546      INFO  main            d.u.i.k.p.i.AbstractProblemLoader Creating init config 
75982      DEBUG main            d.u.i.k.p.i.AbstractProblemLoader Init config took 2.44s 
76021      INFO  main            d.u.i.k.p.i.AbstractProblemLoader Replaying proof Coll1[Coll1::add_pre(int)].JML model_behavior operation contract.0 
76024      DEBUG main            d.u.i.k.p.i.IntermediateProofReplayer Proof replay took 1.36ms 
76024      DEBUG main            d.u.i.k.p.r.p.TestFile    ... success: reloaded. 
76025      INFO  main            d.u.i.k.p.r.p.TestFile    Now processing file /home/runner/work/key/key/key.core/../key.ui/examples/heap/model_methods/Coll1_Coll_add_pre.key 
76026      INFO  main            d.u.i.k.p.i.AbstractProblemLoader Loading environment from /home/runner/work/key/key/key.core/../key.ui/examples/heap/model_methods/Coll1_Coll_add_pre.key 
76026      DEBUG main            d.u.i.k.p.i.AbstractProblemLoader Environment load took 76.7ns 
76027      INFO  main            d.u.i.k.p.i.AbstractProblemLoader Creating init config 
78542      DEBUG main            d.u.i.k.p.i.AbstractProblemLoader Init config took 2.52s 
78582      INFO  main            d.u.i.k.p.i.AbstractProblemLoader Replaying proof Coll1[Coll::add_pre(int)].JML model_behavior operation contract.0 
78584      DEBUG main            d.u.i.k.p.i.IntermediateProofReplayer Proof replay took 7ns 
78689      INFO  main            d.u.i.k.p.r.p.TestFile    ... finished proof: closed. 
78885      INFO  main            d.u.i.k.p.i.AbstractProblemLoader Loading environment from /home/runner/work/key/key/key.core/../key.ui/examples/heap/model_methods/Coll1_Coll_add_pre.key.proof 
78885      DEBUG main            d.u.i.k.p.i.AbstractProblemLoader Environment load took 126.7ns 
78886      INFO  main            d.u.i.k.p.i.AbstractProblemLoader Creating init config 
81333      DEBUG main            d.u.i.k.p.i.AbstractProblemLoader Init config took 2.45s 
81372      INFO  main            d.u.i.k.p.i.AbstractProblemLoader Replaying proof Coll1[Coll::add_pre(int)].JML model_behavior operation contract.0 
81376      DEBUG main            d.u.i.k.p.i.IntermediateProofReplayer Proof replay took 2.11ms 
81376      DEBUG main            d.u.i.k.p.r.p.TestFile    ... success: reloaded. 
81377      INFO  main            d.u.i.k.p.r.p.TestFile    Now processing file /home/runner/work/key/key/key.core/../key.ui/examples/heap/model_methods/Coll2_add.key 
81378      INFO  main            d.u.i.k.p.i.AbstractProblemLoader Loading environment from /home/runner/work/key/key/key.core/../key.ui/examples/heap/model_methods/Coll2_add.key 
81378      DEBUG main            d.u.i.k.p.i.AbstractProblemLoader Environment load took 105.2ns 
81379      INFO  main            d.u.i.k.p.i.AbstractProblemLoader Creating init config 
83886      DEBUG main            d.u.i.k.p.i.AbstractProblemLoader Init config took 2.51s 
83933      INFO  main            d.u.i.k.p.i.AbstractProblemLoader Replaying proof Coll2[Coll::add(int)].JML operation contract.0 
83934      DEBUG main            d.u.i.k.p.i.IntermediateProofReplayer Proof replay took 6.7ns 
84038      INFO  main            d.u.i.k.p.r.p.TestFile    ... finished proof: closed. 
84237      INFO  main            d.u.i.k.p.i.AbstractProblemLoader Loading environment from /home/runner/work/key/key/key.core/../key.ui/examples/heap/model_methods/Coll2_add.key.proof 
84237      DEBUG main            d.u.i.k.p.i.AbstractProblemLoader Environment load took 119.5ns 
84238      INFO  main            d.u.i.k.p.i.AbstractProblemLoader Creating init config 
86694      DEBUG main            d.u.i.k.p.i.AbstractProblemLoader Init config took 2.46s 
86733      INFO  main            d.u.i.k.p.i.AbstractProblemLoader Replaying proof Coll2[Coll::add(int)].JML operation contract.0 
86741      DEBUG main            d.u.i.k.p.i.IntermediateProofReplayer Proof replay took 6.47ms 
86742      DEBUG main            d.u.i.k.p.r.p.TestFile    ... success: reloaded. 
86743      INFO  main            d.u.i.k.p.r.p.TestFile    Now processing file /home/runner/work/key/key/key.core/../key.ui/examples/heap/model_methods/Coll2_Coll2_add_pre.key 
86743      INFO  main            d.u.i.k.p.i.AbstractProblemLoader Loading environment from /home/runner/work/key/key/key.core/../key.ui/examples/heap/model_methods/Coll2_Coll2_add_pre.key 
86744      DEBUG main            d.u.i.k.p.i.AbstractProblemLoader Environment load took 131.1ns 
86744      INFO  main            d.u.i.k.p.i.AbstractProblemLoader Creating init config 
89247      DEBUG main            d.u.i.k.p.i.AbstractProblemLoader Init config took 2.5s 
89285      INFO  main            d.u.i.k.p.i.AbstractProblemLoader Replaying proof Coll2[Coll2::add_pre(int)].JML model_behavior operation contract.0 
89287      DEBUG main            d.u.i.k.p.i.IntermediateProofReplayer Proof replay took 6.6ns 
89388      INFO  main            d.u.i.k.p.r.p.TestFile    ... finished proof: closed. 
89595      INFO  main            d.u.i.k.p.i.AbstractProblemLoader Loading environment from /home/runner/work/key/key/key.core/../key.ui/examples/heap/model_methods/Coll2_Coll2_add_pre.key.proof 
89595      DEBUG main            d.u.i.k.p.i.AbstractProblemLoader Environment load took 122.1ns 
89596      INFO  main            d.u.i.k.p.i.AbstractProblemLoader Creating init config 
92041      DEBUG main            d.u.i.k.p.i.AbstractProblemLoader Init config took 2.45s 
92077      INFO  main            d.u.i.k.p.i.AbstractProblemLoader Replaying proof Coll2[Coll2::add_pre(int)].JML model_behavior operation contract.0 
92080      DEBUG main            d.u.i.k.p.i.IntermediateProofReplayer Proof replay took 1.32ms 
92081      DEBUG main            d.u.i.k.p.r.p.TestFile    ... success: reloaded. 
92082      INFO  main            d.u.i.k.p.r.p.TestFile    Now processing file /home/runner/work/key/key/key.core/../key.ui/examples/heap/model_methods/Coll2_Coll_add_pre.key 
92082      INFO  main            d.u.i.k.p.i.AbstractProblemLoader Loading environment from /home/runner/work/key/key/key.core/../key.ui/examples/heap/model_methods/Coll2_Coll_add_pre.key 
92082      DEBUG main            d.u.i.k.p.i.AbstractProblemLoader Environment load took 117.7ns 
92083      INFO  main            d.u.i.k.p.i.AbstractProblemLoader Creating init config 
94558      DEBUG main            d.u.i.k.p.i.AbstractProblemLoader Init config took 2.47s 
94596      INFO  main            d.u.i.k.p.i.AbstractProblemLoader Replaying proof Coll2[Coll::add_pre(int)].JML model_behavior operation contract.0 
94597      DEBUG main            d.u.i.k.p.i.IntermediateProofReplayer Proof replay took 7.8ns 
94699      INFO  main            d.u.i.k.p.r.p.TestFile    ... finished proof: closed. 
94917      INFO  main            d.u.i.k.p.i.AbstractProblemLoader Loading environment from /home/runner/work/key/key/key.core/../key.ui/examples/heap/model_methods/Coll2_Coll_add_pre.key.proof 
94918      DEBUG main            d.u.i.k.p.i.AbstractProblemLoader Environment load took 118.2ns 
94919      INFO  main            d.u.i.k.p.i.AbstractProblemLoader Creating init config 
97322      DEBUG main            d.u.i.k.p.i.AbstractProblemLoader Init config took 2.4s 
97360      INFO  main            d.u.i.k.p.i.AbstractProblemLoader Replaying proof Coll2[Coll::add_pre(int)].JML model_behavior operation contract.0 
97364      DEBUG main            d.u.i.k.p.i.IntermediateProofReplayer Proof replay took 2.01ms 
97365      DEBUG main            d.u.i.k.p.r.p.TestFile    ... success: reloaded. 
97366      INFO  main            d.u.i.k.p.r.p.TestFile    Now processing file /home/runner/work/key/key/key.core/../key.ui/examples/heap/model_methods/Coll_add.key 
97366      INFO  main            d.u.i.k.p.i.AbstractProblemLoader Loading environment from /home/runner/work/key/key/key.core/../key.ui/examples/heap/model_methods/Coll_add.key 
97366      DEBUG main            d.u.i.k.p.i.AbstractProblemLoader Environment load took 92.8ns 
97367      INFO  main            d.u.i.k.p.i.AbstractProblemLoader Creating init config 
99873      DEBUG main            d.u.i.k.p.i.AbstractProblemLoader Init config took 2.51s 
99912      INFO  main            d.u.i.k.p.i.AbstractProblemLoader Replaying proof Coll[Coll::add(int)].JML operation contract.0 
99936      DEBUG main            d.u.i.k.p.i.IntermediateProofReplayer Proof replay took 8.8ns 
100037     INFO  main            d.u.i.k.p.r.p.TestFile    ... finished proof: closed. 
100244     INFO  main            d.u.i.k.p.i.AbstractProblemLoader Loading environment from /home/runner/work/key/key/key.core/../key.ui/examples/heap/model_methods/Coll_add.key.proof 
100244     DEBUG main            d.u.i.k.p.i.AbstractProblemLoader Environment load took 141.5ns 
100245     INFO  main            d.u.i.k.p.i.AbstractProblemLoader Creating init config 
102647     DEBUG main            d.u.i.k.p.i.AbstractProblemLoader Init config took 2.4s 
102685     INFO  main            d.u.i.k.p.i.AbstractProblemLoader Replaying proof Coll[Coll::add(int)].JML operation contract.0 
102688     DEBUG main            d.u.i.k.p.i.IntermediateProofReplayer Proof replay took 2.08ms 
102689     DEBUG main            d.u.i.k.p.r.p.TestFile    ... success: reloaded. 
102691     INFO  main            d.u.i.k.p.r.p.TestFile    Now processing file /home/runner/work/key/key/key.core/../key.ui/examples/heap/model_methods/Coll_add_pre.key 
102691     INFO  main            d.u.i.k.p.i.AbstractProblemLoader Loading environment from /home/runner/work/key/key/key.core/../key.ui/examples/heap/model_methods/Coll_add_pre.key 
102691     DEBUG main            d.u.i.k.p.i.AbstractProblemLoader Environment load took 113.1ns 
102692     INFO  main            d.u.i.k.p.i.AbstractProblemLoader Creating init config 
105217     DEBUG main            d.u.i.k.p.i.AbstractProblemLoader Init config took 2.52s 
105255     INFO  main            d.u.i.k.p.i.AbstractProblemLoader Replaying proof Coll[Coll::add_pre(int)].JML model_behavior operation contract.0 
105256     DEBUG main            d.u.i.k.p.i.IntermediateProofReplayer Proof replay took 7.7ns 
105361     INFO  main            d.u.i.k.p.r.p.TestFile    ... finished proof: closed. 
105589     INFO  main            d.u.i.k.p.i.AbstractProblemLoader Loading environment from /home/runner/work/key/key/key.core/../key.ui/examples/heap/model_methods/Coll_add_pre.key.proof 
105590     DEBUG main            d.u.i.k.p.i.AbstractProblemLoader Environment load took 189.6ns 
105591     INFO  main            d.u.i.k.p.i.AbstractProblemLoader Creating init config 
107997     DEBUG main            d.u.i.k.p.i.AbstractProblemLoader Init config took 2.41s 
108033     INFO  main            d.u.i.k.p.i.AbstractProblemLoader Replaying proof Coll[Coll::add_pre(int)].JML model_behavior operation contract.0 
108037     DEBUG main            d.u.i.k.p.i.IntermediateProofReplayer Proof replay took 2.33ms 
108038     DEBUG main            d.u.i.k.p.r.p.TestFile    ... success: reloaded. 
108039     INFO  main            d.u.i.k.p.r.p.TestFile    Now processing file /home/runner/work/key/key/key.core/../key.ui/examples/heap/model_methods/Indirect_callAdd.key 
108039     INFO  main            d.u.i.k.p.i.AbstractProblemLoader Loading environment from /home/runner/work/key/key/key.core/../key.ui/examples/heap/model_methods/Indirect_callAdd.key 
108039     DEBUG main            d.u.i.k.p.i.AbstractProblemLoader Environment load took 79.4ns 
108040     INFO  main            d.u.i.k.p.i.AbstractProblemLoader Creating init config 
110537     DEBUG main            d.u.i.k.p.i.AbstractProblemLoader Init config took 2.5s 
110573     INFO  main            d.u.i.k.p.i.AbstractProblemLoader Replaying proof Indirect[Indirect::callAdd(Coll,int)].JML operation contract.0 
110575     DEBUG main            d.u.i.k.p.i.IntermediateProofReplayer Proof replay took 8ns 
110677     INFO  main            d.u.i.k.p.r.p.TestFile    ... finished proof: closed. 
110907     INFO  main            d.u.i.k.p.i.AbstractProblemLoader Loading environment from /home/runner/work/key/key/key.core/../key.ui/examples/heap/model_methods/Indirect_callAdd.key.proof 
110907     DEBUG main            d.u.i.k.p.i.AbstractProblemLoader Environment load took 111.8ns 
110908     INFO  main            d.u.i.k.p.i.AbstractProblemLoader Creating init config 
113298     DEBUG main            d.u.i.k.p.i.AbstractProblemLoader Init config took 2.39s 
113350     INFO  main            d.u.i.k.p.i.AbstractProblemLoader Replaying proof Indirect[Indirect::callAdd(Coll,int)].JML operation contract.0 
113377     DEBUG main            d.u.i.k.p.i.IntermediateProofReplayer Proof replay took 24.87ms 
113378     DEBUG main            d.u.i.k.p.r.p.TestFile    ... success: reloaded. 
113383     INFO  main            d.u.i.k.p.r.p.TestFile    Now processing file /home/runner/work/key/key/key.core/../key.ui/examples/heap/model_methods/Indirect_test.key 
113383     INFO  main            d.u.i.k.p.i.AbstractProblemLoader Loading environment from /home/runner/work/key/key/key.core/../key.ui/examples/heap/model_methods/Indirect_test.key 
113383     DEBUG main            d.u.i.k.p.i.AbstractProblemLoader Environment load took 101.7ns 
113384     INFO  main            d.u.i.k.p.i.AbstractProblemLoader Creating init config 
115869     DEBUG main            d.u.i.k.p.i.AbstractProblemLoader Init config took 2.49s 
115907     INFO  main            d.u.i.k.p.i.AbstractProblemLoader Replaying proof Indirect[Indirect::test(Coll1,Coll2)].JML operation contract.0 
115908     DEBUG main            d.u.i.k.p.i.IntermediateProofReplayer Proof replay took 6.6ns 
116112     INFO  main            d.u.i.k.p.r.p.TestFile    ... finished proof: closed. 
116360     INFO  main            d.u.i.k.p.i.AbstractProblemLoader Loading environment from /home/runner/work/key/key/key.core/../key.ui/examples/heap/model_methods/Indirect_test.key.proof 
116360     DEBUG main            d.u.i.k.p.i.AbstractProblemLoader Environment load took 110.8ns 
116362     INFO  main            d.u.i.k.p.i.AbstractProblemLoader Creating init config 
118775     DEBUG main            d.u.i.k.p.i.AbstractProblemLoader Init config took 2.41s 
118812     INFO  main            d.u.i.k.p.i.AbstractProblemLoader Replaying proof Indirect[Indirect::test(Coll1,Coll2)].JML operation contract.0 
118864     DEBUG main            d.u.i.k.p.i.IntermediateProofReplayer Proof replay took 48.91ms 
118865     DEBUG main            d.u.i.k.p.r.p.TestFile    ... success: reloaded. 
118866     INFO  main            d.u.i.k.p.r.p.TestFile    Now processing file /home/runner/work/key/key/key.core/../key.ui/examples/heap/model_methods/Recell_Cell_footprint.key 
118866     INFO  main            d.u.i.k.p.i.AbstractProblemLoader Loading environment from /home/runner/work/key/key/key.core/../key.ui/examples/heap/model_methods/Recell_Cell_footprint.key 
118866     DEBUG main            d.u.i.k.p.i.AbstractProblemLoader Environment load took 83.1ns 
118867     INFO  main            d.u.i.k.p.i.AbstractProblemLoader Creating init config 
121355     DEBUG main            d.u.i.k.p.i.AbstractProblemLoader Init config took 2.49s 
121391     INFO  main            d.u.i.k.p.i.AbstractProblemLoader Replaying proof Recell[Cell::footprint()].JML model_behavior operation contract.0 
121393     DEBUG main            d.u.i.k.p.i.IntermediateProofReplayer Proof replay took 7ns 
121497     INFO  main            d.u.i.k.p.r.p.TestFile    ... finished proof: closed. 
121738     INFO  main            d.u.i.k.p.i.AbstractProblemLoader Loading environment from /home/runner/work/key/key/key.core/../key.ui/examples/heap/model_methods/Recell_Cell_footprint.key.proof 
121738     DEBUG main            d.u.i.k.p.i.AbstractProblemLoader Environment load took 104.6ns 
121739     INFO  main            d.u.i.k.p.i.AbstractProblemLoader Creating init config 
124138     DEBUG main            d.u.i.k.p.i.AbstractProblemLoader Init config took 2.4s 
124176     INFO  main            d.u.i.k.p.i.AbstractProblemLoader Replaying proof Recell[Cell::footprint()].JML model_behavior operation contract.0 
124180     DEBUG main            d.u.i.k.p.i.IntermediateProofReplayer Proof replay took 2.67ms 
124181     DEBUG main            d.u.i.k.p.r.p.TestFile    ... success: reloaded. 
124182     INFO  main            d.u.i.k.p.r.p.TestFile    Now processing file /home/runner/work/key/key/key.core/../key.ui/examples/heap/model_methods/Recell_Cell_post_set.key 
124182     INFO  main            d.u.i.k.p.i.AbstractProblemLoader Loading environment from /home/runner/work/key/key/key.core/../key.ui/examples/heap/model_methods/Recell_Cell_post_set.key 
124183     DEBUG main            d.u.i.k.p.i.AbstractProblemLoader Environment load took 54ns 
124183     INFO  main            d.u.i.k.p.i.AbstractProblemLoader Creating init config 
126660     DEBUG main            d.u.i.k.p.i.AbstractProblemLoader Init config took 2.48s 
126696     INFO  main            d.u.i.k.p.i.AbstractProblemLoader Replaying proof Recell[Cell::post_set(int)].JML model_behavior operation contract.0 
126698     DEBUG main            d.u.i.k.p.i.IntermediateProofReplayer Proof replay took 6.3ns 
126799     INFO  main            d.u.i.k.p.r.p.TestFile    ... finished proof: closed. 
127044     INFO  main            d.u.i.k.p.i.AbstractProblemLoader Loading environment from /home/runner/work/key/key/key.core/../key.ui/examples/heap/model_methods/Recell_Cell_post_set.key.proof 
127044     DEBUG main            d.u.i.k.p.i.AbstractProblemLoader Environment load took 111.1ns 
127045     INFO  main            d.u.i.k.p.i.AbstractProblemLoader Creating init config 
129459     DEBUG main            d.u.i.k.p.i.AbstractProblemLoader Init config took 2.41s 
129494     INFO  main            d.u.i.k.p.i.AbstractProblemLoader Replaying proof Recell[Cell::post_set(int)].JML model_behavior operation contract.0 
129499     DEBUG main            d.u.i.k.p.i.IntermediateProofReplayer Proof replay took 3.64ms 
129500     DEBUG main            d.u.i.k.p.r.p.TestFile    ... success: reloaded. 
129501     INFO  main            d.u.i.k.p.r.p.TestFile    Now processing file /home/runner/work/key/key/key.core/../key.ui/examples/heap/model_methods/Recell_footprint_acc.key 
129501     INFO  main            d.u.i.k.p.i.AbstractProblemLoader Loading environment from /home/runner/work/key/key/key.core/../key.ui/examples/heap/model_methods/Recell_footprint_acc.key 
129501     DEBUG main            d.u.i.k.p.i.AbstractProblemLoader Environment load took 69.3ns 
129502     INFO  main            d.u.i.k.p.i.AbstractProblemLoader Creating init config 
131957     DEBUG main            d.u.i.k.p.i.AbstractProblemLoader Init config took 2.46s 
131993     INFO  main            d.u.i.k.p.i.AbstractProblemLoader Replaying proof Recell[Cell::footprint()].JML accessible clause.0 
131995     DEBUG main            d.u.i.k.p.i.IntermediateProofReplayer Proof replay took 6.8ns 
132100     INFO  main            d.u.i.k.p.r.p.TestFile    ... finished proof: closed. 
132364     INFO  main            d.u.i.k.p.i.AbstractProblemLoader Loading environment from /home/runner/work/key/key/key.core/../key.ui/examples/heap/model_methods/Recell_footprint_acc.key.proof 
132365     DEBUG main            d.u.i.k.p.i.AbstractProblemLoader Environment load took 371.81ns 
132366     INFO  main            d.u.i.k.p.i.AbstractProblemLoader Creating init config 
134770     DEBUG main            d.u.i.k.p.i.AbstractProblemLoader Init config took 2.4s 
134806     INFO  main            d.u.i.k.p.i.AbstractProblemLoader Replaying proof Recell[Cell::footprint()].JML accessible clause.0 
134826     DEBUG main            d.u.i.k.p.i.IntermediateProofReplayer Proof replay took 17.3ms 
134827     DEBUG main            d.u.i.k.p.r.p.TestFile    ... success: reloaded. 
134827     INFO  main            d.u.i.k.p.r.p.TestFile    Now processing file /home/runner/work/key/key/key.core/../key.ui/examples/heap/model_methods/Recell_get_acc.key 
134828     INFO  main            d.u.i.k.p.i.AbstractProblemLoader Loading environment from /home/runner/work/key/key/key.core/../key.ui/examples/heap/model_methods/Recell_get_acc.key 
134828     DEBUG main            d.u.i.k.p.i.AbstractProblemLoader Environment load took 83.2ns 
134829     INFO  main            d.u.i.k.p.i.AbstractProblemLoader Creating init config 
137263     DEBUG main            d.u.i.k.p.i.AbstractProblemLoader Init config took 2.43s 
137300     INFO  main            d.u.i.k.p.i.AbstractProblemLoader Replaying proof Recell[Cell::get()].JML accessible clause.0 
137301     DEBUG main            d.u.i.k.p.i.IntermediateProofReplayer Proof replay took 6.6ns 
137403     INFO  main            d.u.i.k.p.r.p.TestFile    ... finished proof: closed. 
137647     INFO  main            d.u.i.k.p.i.AbstractProblemLoader Loading environment from /home/runner/work/key/key/key.core/../key.ui/examples/heap/model_methods/Recell_get_acc.key.proof 
137648     DEBUG main            d.u.i.k.p.i.AbstractProblemLoader Environment load took 107.3ns 
137648     INFO  main            d.u.i.k.p.i.AbstractProblemLoader Creating init config 
140021     DEBUG main            d.u.i.k.p.i.AbstractProblemLoader Init config took 2.37s 
140057     INFO  main            d.u.i.k.p.i.AbstractProblemLoader Replaying proof Recell[Cell::get()].JML accessible clause.0 
140088     DEBUG main            d.u.i.k.p.i.IntermediateProofReplayer Proof replay took 29.1ms 
140089     DEBUG main            d.u.i.k.p.r.p.TestFile    ... success: reloaded. 
140090     INFO  main            d.u.i.k.p.r.p.TestFile    Now processing file /home/runner/work/key/key/key.core/../key.ui/examples/heap/model_methods/Recell_get.key 
140090     INFO  main            d.u.i.k.p.i.AbstractProblemLoader Loading environment from /home/runner/work/key/key/key.core/../key.ui/examples/heap/model_methods/Recell_get.key 
140090     DEBUG main            d.u.i.k.p.i.AbstractProblemLoader Environment load took 56.2ns 
140091     INFO  main            d.u.i.k.p.i.AbstractProblemLoader Creating init config 
142571     DEBUG main            d.u.i.k.p.i.AbstractProblemLoader Init config took 2.48s 
142613     INFO  main            d.u.i.k.p.i.AbstractProblemLoader Replaying proof Recell[Cell::get()].JML operation contract.0 
142614     DEBUG main            d.u.i.k.p.i.IntermediateProofReplayer Proof replay took 7.2ns 
142716     INFO  main            d.u.i.k.p.r.p.TestFile    ... finished proof: closed. 
142985     INFO  main            d.u.i.k.p.i.AbstractProblemLoader Loading environment from /home/runner/work/key/key/key.core/../key.ui/examples/heap/model_methods/Recell_get.key.proof 
142985     DEBUG main            d.u.i.k.p.i.AbstractProblemLoader Environment load took 106.3ns 
142986     INFO  main            d.u.i.k.p.i.AbstractProblemLoader Creating init config 
145368     DEBUG main            d.u.i.k.p.i.AbstractProblemLoader Init config took 2.38s 
145404     INFO  main            d.u.i.k.p.i.AbstractProblemLoader Replaying proof Recell[Cell::get()].JML operation contract.0 
145414     DEBUG main            d.u.i.k.p.i.IntermediateProofReplayer Proof replay took 8.04ms 
145415     DEBUG main            d.u.i.k.p.r.p.TestFile    ... success: reloaded. 
145416     INFO  main            d.u.i.k.p.r.p.TestFile    Now processing file /home/runner/work/key/key/key.core/../key.ui/examples/heap/model_methods/Recell_Recell_footprint.key 
145416     INFO  main            d.u.i.k.p.i.AbstractProblemLoader Loading environment from /home/runner/work/key/key/key.core/../key.ui/examples/heap/model_methods/Recell_Recell_footprint.key 
145416     DEBUG main            d.u.i.k.p.i.AbstractProblemLoader Environment load took 173.5ns 
145417     INFO  main            d.u.i.k.p.i.AbstractProblemLoader Creating init config 
147882     DEBUG main            d.u.i.k.p.i.AbstractProblemLoader Init config took 2.47s 
147918     INFO  main            d.u.i.k.p.i.AbstractProblemLoader Replaying proof Recell[Recell::footprint()].JML model_behavior operation contract.0 
147920     DEBUG main            d.u.i.k.p.i.IntermediateProofReplayer Proof replay took 6.7ns 
148022     INFO  main            d.u.i.k.p.r.p.TestFile    ... finished proof: closed. 
148293     INFO  main            d.u.i.k.p.i.AbstractProblemLoader Loading environment from /home/runner/work/key/key/key.core/../key.ui/examples/heap/model_methods/Recell_Recell_footprint.key.proof 
148293     DEBUG main            d.u.i.k.p.i.AbstractProblemLoader Environment load took 113.8ns 
148294     INFO  main            d.u.i.k.p.i.AbstractProblemLoader Creating init config 
150681     DEBUG main            d.u.i.k.p.i.AbstractProblemLoader Init config took 2.39s 
150716     INFO  main            d.u.i.k.p.i.AbstractProblemLoader Replaying proof Recell[Recell::footprint()].JML model_behavior operation contract.0 
150719     DEBUG main            d.u.i.k.p.i.IntermediateProofReplayer Proof replay took 1.25ms 
150720     DEBUG main            d.u.i.k.p.r.p.TestFile    ... success: reloaded. 
150720     INFO  main            d.u.i.k.p.r.p.TestFile    Now processing file /home/runner/work/key/key/key.core/../key.ui/examples/heap/model_methods/Recell_Recell_post_set.key 
150721     INFO  main            d.u.i.k.p.i.AbstractProblemLoader Loading environment from /home/runner/work/key/key/key.core/../key.ui/examples/heap/model_methods/Recell_Recell_post_set.key 
150721     DEBUG main            d.u.i.k.p.i.AbstractProblemLoader Environment load took 328.61ns 
150722     INFO  main            d.u.i.k.p.i.AbstractProblemLoader Creating init config 
153179     DEBUG main            d.u.i.k.p.i.AbstractProblemLoader Init config took 2.46s 
153215     INFO  main            d.u.i.k.p.i.AbstractProblemLoader Replaying proof Recell[Recell::post_set(int)].JML model_behavior operation contract.0 
153217     DEBUG main            d.u.i.k.p.i.IntermediateProofReplayer Proof replay took 7.8ns 
153319     INFO  main            d.u.i.k.p.r.p.TestFile    ... finished proof: closed. 
153598     INFO  main            d.u.i.k.p.i.AbstractProblemLoader Loading environment from /home/runner/work/key/key/key.core/../key.ui/examples/heap/model_methods/Recell_Recell_post_set.key.proof 
153598     DEBUG main            d.u.i.k.p.i.AbstractProblemLoader Environment load took 106.2ns 
153599     INFO  main            d.u.i.k.p.i.AbstractProblemLoader Creating init config 
155990     DEBUG main            d.u.i.k.p.i.AbstractProblemLoader Init config took 2.39s 
156027     INFO  main            d.u.i.k.p.i.AbstractProblemLoader Replaying proof Recell[Recell::post_set(int)].JML model_behavior operation contract.0 
156034     DEBUG main            d.u.i.k.p.i.IntermediateProofReplayer Proof replay took 3.59ms 
156035     DEBUG main            d.u.i.k.p.r.p.TestFile    ... success: reloaded. 
156036     INFO  main            d.u.i.k.p.r.p.TestFile    Now processing file /home/runner/work/key/key/key.core/../key.ui/examples/heap/model_methods/Recell_set.key 
156036     INFO  main            d.u.i.k.p.i.AbstractProblemLoader Loading environment from /home/runner/work/key/key/key.core/../key.ui/examples/heap/model_methods/Recell_set.key 
156036     DEBUG main            d.u.i.k.p.i.AbstractProblemLoader Environment load took 89.6ns 
156037     INFO  main            d.u.i.k.p.i.AbstractProblemLoader Creating init config 
158476     DEBUG main            d.u.i.k.p.i.AbstractProblemLoader Init config took 2.44s 
158512     INFO  main            d.u.i.k.p.i.AbstractProblemLoader Replaying proof Recell[Cell::set(int)].JML operation contract.0 
158514     DEBUG main            d.u.i.k.p.i.IntermediateProofReplayer Proof replay took 8.1ns 
164239     INFO  main            d.u.i.k.p.r.p.TestFile    ... finished proof: closed. 
164563     INFO  main            d.u.i.k.p.i.AbstractProblemLoader Loading environment from /home/runner/work/key/key/key.core/../key.ui/examples/heap/model_methods/Recell_set.key.proof 
164563     DEBUG main            d.u.i.k.p.i.AbstractProblemLoader Environment load took 172.7ns 
164564     INFO  main            d.u.i.k.p.i.AbstractProblemLoader Creating init config 
166953     DEBUG main            d.u.i.k.p.i.AbstractProblemLoader Init config took 2.39s 
166989     INFO  main            d.u.i.k.p.i.AbstractProblemLoader Replaying proof Recell[Cell::set(int)].JML operation contract.0 
167500     DEBUG main            d.u.i.k.p.i.IntermediateProofReplayer Proof replay took 493.58ms 
167501     DEBUG main            d.u.i.k.p.r.p.TestFile    ... success: reloaded. 
167502     INFO  main            d.u.i.k.p.r.p.TestFile    Now processing file /home/runner/work/key/key/key.core/../key.ui/examples/heap/model_methods/Recell_undo.key 
167502     INFO  main            d.u.i.k.p.i.AbstractProblemLoader Loading environment from /home/runner/work/key/key/key.core/../key.ui/examples/heap/model_methods/Recell_undo.key 
167503     DEBUG main            d.u.i.k.p.i.AbstractProblemLoader Environment load took 176.3ns 
167503     INFO  main            d.u.i.k.p.i.AbstractProblemLoader Creating init config 
169951     DEBUG main            d.u.i.k.p.i.AbstractProblemLoader Init config took 2.45s 
169988     INFO  main            d.u.i.k.p.i.AbstractProblemLoader Replaying proof Recell[Recell::undo()].JML operation contract.0 
169989     DEBUG main            d.u.i.k.p.i.IntermediateProofReplayer Proof replay took 9.2ns 
170094     INFO  main            d.u.i.k.p.r.p.TestFile    ... finished proof: closed. 
170402     INFO  main            d.u.i.k.p.i.AbstractProblemLoader Loading environment from /home/runner/work/key/key/key.core/../key.ui/examples/heap/model_methods/Recell_undo.key.proof 
170402     DEBUG main            d.u.i.k.p.i.AbstractProblemLoader Environment load took 108ns 
170403     INFO  main            d.u.i.k.p.i.AbstractProblemLoader Creating init config 
172823     DEBUG main            d.u.i.k.p.i.AbstractProblemLoader Init config took 2.42s 
172859     INFO  main            d.u.i.k.p.i.AbstractProblemLoader Replaying proof Recell[Recell::undo()].JML operation contract.0 
172892     DEBUG main            d.u.i.k.p.i.IntermediateProofReplayer Proof replay took 29.7ms 
172892     DEBUG main            d.u.i.k.p.r.p.TestFile    ... success: reloaded. 
4067212    INFO  Test worker     d.u.i.k.p.r.RunAllProofsTestUnit Returning from test modelMethods 
4067212    INFO  Test worker     d.u.i.k.p.r.RunAllProofsTestUnit Running test permissionHeap 
387        INFO  Timeout watchdog d.u.i.k.p.r.p.ForkedTestFileRunner Timeout watcher launched (2000 secs.) 
392        WARN  main            d.u.i.k.s.ProofSettings   The settings in /home/runner/.key/proof-settings.props are *not* read. 
441        INFO  main            d.u.i.k.p.r.p.TestFile    Now processing file /home/runner/work/key/key/key.core/../key.ui/examples/heap/permissions/permissions_method0.key 
560        INFO  main            d.u.i.k.p.i.AbstractProblemLoader Loading environment from /home/runner/work/key/key/key.core/../key.ui/examples/heap/permissions/permissions_method0.key 
587        DEBUG main            d.u.i.k.p.i.AbstractProblemLoader Environment load took 1.93ms 
803        INFO  main            d.u.i.k.p.i.AbstractProblemLoader Creating init config 
1696       DEBUG main            d.u.i.k.j.TypeConverter   No LDT found for Meta 
1701       DEBUG main            d.u.i.k.j.TypeConverter   No LDT found for Meta 
1703       DEBUG main            d.u.i.k.j.TypeConverter   No LDT found for Meta 
1704       DEBUG main            d.u.i.k.j.TypeConverter   No LDT found for Meta 
3175       DEBUG main            d.u.i.k.j.TypeConverter   No LDT found for JavaBigintExpression 
8390       DEBUG main            d.u.i.k.p.i.AbstractProblemLoader Init config took 7.59s 
8533       INFO  main            d.u.i.k.p.i.AbstractProblemLoader Replaying proof MyClass[MyClass::method0()].JML normal_behavior operation contract.0 
8568       DEBUG main            d.u.i.k.p.i.IntermediateProofReplayer Proof replay took 35.7ns 
9557       INFO  main            d.u.i.k.p.r.p.TestFile    ... finished proof: closed. 
9678       INFO  main            d.u.i.k.p.i.AbstractProblemLoader Loading environment from /home/runner/work/key/key/key.core/../key.ui/examples/heap/permissions/permissions_method0.key.proof 
9681       DEBUG main            d.u.i.k.p.i.AbstractProblemLoader Environment load took 2.67ms 
9683       INFO  main            d.u.i.k.p.i.AbstractProblemLoader Creating init config 
12505      DEBUG main            d.u.i.k.p.i.AbstractProblemLoader Init config took 2.82s 
12578      INFO  main            d.u.i.k.p.i.AbstractProblemLoader Replaying proof MyClass[MyClass::method0()].JML normal_behavior operation contract.0 
12671      DEBUG main            d.u.i.k.p.i.IntermediateProofReplayer Proof replay took 87.41ms 
12678      DEBUG main            d.u.i.k.p.r.p.TestFile    ... success: reloaded. 
12680      INFO  main            d.u.i.k.p.r.p.TestFile    Now processing file /home/runner/work/key/key/key.core/../key.ui/examples/heap/permissions/permissions_method1.key 
12680      INFO  main            d.u.i.k.p.i.AbstractProblemLoader Loading environment from /home/runner/work/key/key/key.core/../key.ui/examples/heap/permissions/permissions_method1.key 
12680      DEBUG main            d.u.i.k.p.i.AbstractProblemLoader Environment load took 199.81ns 
12682      INFO  main            d.u.i.k.p.i.AbstractProblemLoader Creating init config 
15474      DEBUG main            d.u.i.k.p.i.AbstractProblemLoader Init config took 2.79s 
15536      INFO  main            d.u.i.k.p.i.AbstractProblemLoader Replaying proof MyClass[MyClass::method1()].JML normal_behavior operation contract.0 
15539      DEBUG main            d.u.i.k.p.i.IntermediateProofReplayer Proof replay took 6.3ns 
15843      INFO  main            d.u.i.k.p.r.p.TestFile    ... finished proof: closed. 
15986      INFO  main            d.u.i.k.p.i.AbstractProblemLoader Loading environment from /home/runner/work/key/key/key.core/../key.ui/examples/heap/permissions/permissions_method1.key.proof 
15989      DEBUG main            d.u.i.k.p.i.AbstractProblemLoader Environment load took 3.18ms 
15991      INFO  main            d.u.i.k.p.i.AbstractProblemLoader Creating init config 
18613      DEBUG main            d.u.i.k.p.i.AbstractProblemLoader Init config took 2.62s 
18667      INFO  main            d.u.i.k.p.i.AbstractProblemLoader Replaying proof MyClass[MyClass::method1()].JML normal_behavior operation contract.0 
18737      DEBUG main            d.u.i.k.p.i.IntermediateProofReplayer Proof replay took 66.81ms 
18739      DEBUG main            d.u.i.k.p.r.p.TestFile    ... success: reloaded. 
18740      INFO  main            d.u.i.k.p.r.p.TestFile    Now processing file /home/runner/work/key/key/key.core/../key.ui/examples/heap/permissions/permissions_method3.key 
18740      INFO  main            d.u.i.k.p.i.AbstractProblemLoader Loading environment from /home/runner/work/key/key/key.core/../key.ui/examples/heap/permissions/permissions_method3.key 
18741      DEBUG main            d.u.i.k.p.i.AbstractProblemLoader Environment load took 199.6ns 
18742      INFO  main            d.u.i.k.p.i.AbstractProblemLoader Creating init config 
21352      DEBUG main            d.u.i.k.p.i.AbstractProblemLoader Init config took 2.61s 
21402      INFO  main            d.u.i.k.p.i.AbstractProblemLoader Replaying proof MyClass[MyClass::method3()].JML normal_behavior operation contract.0 
21406      DEBUG main            d.u.i.k.p.i.IntermediateProofReplayer Proof replay took 7.2ns 
22716      INFO  main            d.u.i.k.p.r.p.TestFile    ... finished proof: closed. 
22890      INFO  main            d.u.i.k.p.i.AbstractProblemLoader Loading environment from /home/runner/work/key/key/key.core/../key.ui/examples/heap/permissions/permissions_method3.key.proof 
22890      DEBUG main            d.u.i.k.p.i.AbstractProblemLoader Environment load took 468.51ns 
22892      INFO  main            d.u.i.k.p.i.AbstractProblemLoader Creating init config 
25467      DEBUG main            d.u.i.k.p.i.AbstractProblemLoader Init config took 2.58s 
25513      INFO  main            d.u.i.k.p.i.AbstractProblemLoader Replaying proof MyClass[MyClass::method3()].JML normal_behavior operation contract.0 
25778      DEBUG main            d.u.i.k.p.i.IntermediateProofReplayer Proof replay took 258.11ms 
25779      DEBUG main            d.u.i.k.p.r.p.TestFile    ... success: reloaded. 
25781      INFO  main            d.u.i.k.p.r.p.TestFile    Now processing file /home/runner/work/key/key/key.core/../key.ui/examples/heap/permissions/permissions_setAB.key 
25781      INFO  main            d.u.i.k.p.i.AbstractProblemLoader Loading environment from /home/runner/work/key/key/key.core/../key.ui/examples/heap/permissions/permissions_setAB.key 
25781      DEBUG main            d.u.i.k.p.i.AbstractProblemLoader Environment load took 190.1ns 
25782      INFO  main            d.u.i.k.p.i.AbstractProblemLoader Creating init config 
28398      DEBUG main            d.u.i.k.p.i.AbstractProblemLoader Init config took 2.62s 
28443      INFO  main            d.u.i.k.p.i.AbstractProblemLoader Replaying proof MyClass[MyClass::setAB()].JML normal_behavior operation contract.0 
28445      DEBUG main            d.u.i.k.p.i.IntermediateProofReplayer Proof replay took 7.6ns 
29753      INFO  main            d.u.i.k.p.r.p.TestFile    ... finished proof: closed. 
29918      INFO  main            d.u.i.k.p.i.AbstractProblemLoader Loading environment from /home/runner/work/key/key/key.core/../key.ui/examples/heap/permissions/permissions_setAB.key.proof 
29920      DEBUG main            d.u.i.k.p.i.AbstractProblemLoader Environment load took 1.75ms 
29922      INFO  main            d.u.i.k.p.i.AbstractProblemLoader Creating init config 
32530      DEBUG main            d.u.i.k.p.i.AbstractProblemLoader Init config took 2.61s 
32576      INFO  main            d.u.i.k.p.i.AbstractProblemLoader Replaying proof MyClass[MyClass::setAB()].JML normal_behavior operation contract.0 
32800      DEBUG main            d.u.i.k.p.i.IntermediateProofReplayer Proof replay took 214.92ms 
32802      DEBUG main            d.u.i.k.p.r.p.TestFile    ... success: reloaded. 
32803      INFO  main            d.u.i.k.p.r.p.TestFile    Now processing file /home/runner/work/key/key/key.core/../key.ui/examples/heap/permissions/permissionProperties.key 
32803      INFO  main            d.u.i.k.p.i.AbstractProblemLoader Loading environment from /home/runner/work/key/key/key.core/../key.ui/examples/heap/permissions/permissionProperties.key 
32803      DEBUG main            d.u.i.k.p.i.AbstractProblemLoader Environment load took 196.5ns 
32805      INFO  main            d.u.i.k.p.i.AbstractProblemLoader Creating init config 
32933      DEBUG main            d.u.i.k.j.TypeConverter   No LDT found for Meta 
32933      DEBUG main            d.u.i.k.j.TypeConverter   No LDT found for Meta 
32934      DEBUG main            d.u.i.k.j.TypeConverter   No LDT found for Meta 
32934      DEBUG main            d.u.i.k.j.TypeConverter   No LDT found for Meta 
33505      DEBUG main            d.u.i.k.j.TypeConverter   No LDT found for JavaBigintExpression 
36183      DEBUG main            d.u.i.k.p.i.AbstractProblemLoader Init config took 3.38s 
36204      INFO  main            d.u.i.k.p.i.AbstractProblemLoader Replaying proof permissionProperties.key 
36206      DEBUG main            d.u.i.k.p.i.IntermediateProofReplayer Proof replay took 7.9ns 
36309      INFO  main            d.u.i.k.p.r.p.TestFile    ... finished proof: closed. 
36469      INFO  main            d.u.i.k.p.i.AbstractProblemLoader Loading environment from /home/runner/work/key/key/key.core/../key.ui/examples/heap/permissions/permissionProperties.key.proof 
36470      DEBUG main            d.u.i.k.p.i.AbstractProblemLoader Environment load took 365.51ns 
36471      INFO  main            d.u.i.k.p.i.AbstractProblemLoader Creating init config 
38826      DEBUG main            d.u.i.k.p.i.AbstractProblemLoader Init config took 2.35s 
38845      INFO  main            d.u.i.k.p.i.AbstractProblemLoader Replaying proof permissionProperties.key.proof 
38863      DEBUG main            d.u.i.k.p.i.IntermediateProofReplayer Proof replay took 15.53ms 
38864      DEBUG main            d.u.i.k.p.r.p.TestFile    ... success: reloaded. 
38865      INFO  main            d.u.i.k.p.r.p.TestFile    Now processing file /home/runner/work/key/key/key.core/../key.ui/examples/heap/permissions/threads/AFilter_AFilter.key 
38865      INFO  main            d.u.i.k.p.i.AbstractProblemLoader Loading environment from /home/runner/work/key/key/key.core/../key.ui/examples/heap/permissions/threads/AFilter_AFilter.key 
38866      DEBUG main            d.u.i.k.p.i.AbstractProblemLoader Environment load took 106.1ns 
38866      INFO  main            d.u.i.k.p.i.AbstractProblemLoader Creating init config 
38980      DEBUG main            d.u.i.k.j.TypeConverter   No LDT found for Meta 
38980      DEBUG main            d.u.i.k.j.TypeConverter   No LDT found for Meta 
38981      DEBUG main            d.u.i.k.j.TypeConverter   No LDT found for Meta 
38981      DEBUG main            d.u.i.k.j.TypeConverter   No LDT found for Meta 
39504      DEBUG main            d.u.i.k.j.TypeConverter   No LDT found for JavaBigintExpression 
44606      DEBUG main            d.u.i.k.p.i.AbstractProblemLoader Init config took 5.74s 
44701      INFO  main            d.u.i.k.p.i.AbstractProblemLoader Replaying proof AFilter[AFilter::AFilter(Sampler,Buffer)].JML normal_behavior operation contract.0 
44703      DEBUG main            d.u.i.k.p.i.IntermediateProofReplayer Proof replay took 7.2ns 
45643      INFO  main            d.u.i.k.p.r.p.TestFile    ... finished proof: closed. 
45877      INFO  main            d.u.i.k.p.i.AbstractProblemLoader Loading environment from /home/runner/work/key/key/key.core/../key.ui/examples/heap/permissions/threads/AFilter_AFilter.key.proof 
45878      DEBUG main            d.u.i.k.p.i.AbstractProblemLoader Environment load took 374.21ns 
45879      INFO  main            d.u.i.k.p.i.AbstractProblemLoader Creating init config 
50350      DEBUG main            d.u.i.k.p.i.AbstractProblemLoader Init config took 4.47s 
50462      INFO  main            d.u.i.k.p.i.AbstractProblemLoader Replaying proof AFilter[AFilter::AFilter(Sampler,Buffer)].JML normal_behavior operation contract.0 
50624      DEBUG main            d.u.i.k.p.i.IntermediateProofReplayer Proof replay took 157.67ms 
50625      DEBUG main            d.u.i.k.p.r.p.TestFile    ... success: reloaded. 
50626      INFO  main            d.u.i.k.p.r.p.TestFile    Now processing file /home/runner/work/key/key/key.core/../key.ui/examples/heap/permissions/threads/AFilter_initPost_accessible.key 
50627      INFO  main            d.u.i.k.p.i.AbstractProblemLoader Loading environment from /home/runner/work/key/key/key.core/../key.ui/examples/heap/permissions/threads/AFilter_initPost_accessible.key 
50627      DEBUG main            d.u.i.k.p.i.AbstractProblemLoader Environment load took 99ns 
50628      INFO  main            d.u.i.k.p.i.AbstractProblemLoader Creating init config 
55146      DEBUG main            d.u.i.k.p.i.AbstractProblemLoader Init config took 4.52s 
55262      INFO  main            d.u.i.k.p.i.AbstractProblemLoader Replaying proof AFilter[ThreadSpec2::initPost()].JML accessible clause.0 
55264      DEBUG main            d.u.i.k.p.i.IntermediateProofReplayer Proof replay took 8.6ns 
55366      INFO  main            d.u.i.k.p.r.p.TestFile    ... finished proof: closed. 
55567      INFO  main            d.u.i.k.p.i.AbstractProblemLoader Loading environment from /home/runner/work/key/key/key.core/../key.ui/examples/heap/permissions/threads/AFilter_initPost_accessible.key.proof 
55567      DEBUG main            d.u.i.k.p.i.AbstractProblemLoader Environment load took 125.5ns 
55568      INFO  main            d.u.i.k.p.i.AbstractProblemLoader Creating init config 
60018      DEBUG main            d.u.i.k.p.i.AbstractProblemLoader Init config took 4.45s 
60119      INFO  main            d.u.i.k.p.i.AbstractProblemLoader Replaying proof AFilter[ThreadSpec2::initPost()].JML accessible clause.0 
60132      DEBUG main            d.u.i.k.p.i.IntermediateProofReplayer Proof replay took 11.9ms 
60133      DEBUG main            d.u.i.k.p.r.p.TestFile    ... success: reloaded. 
60134      INFO  main            d.u.i.k.p.r.p.TestFile    Now processing file /home/runner/work/key/key/key.core/../key.ui/examples/heap/permissions/threads/AFilter_inv_accessible1.key 
60135      INFO  main            d.u.i.k.p.i.AbstractProblemLoader Loading environment from /home/runner/work/key/key/key.core/../key.ui/examples/heap/permissions/threads/AFilter_inv_accessible1.key 
60135      DEBUG main            d.u.i.k.p.i.AbstractProblemLoader Environment load took 94.1ns 
60136      INFO  main            d.u.i.k.p.i.AbstractProblemLoader Creating init config 
64603      DEBUG main            d.u.i.k.p.i.AbstractProblemLoader Init config took 4.47s 
64686      INFO  main            d.u.i.k.p.i.AbstractProblemLoader Replaying proof AFilter[java.lang.Object::<inv>()].JML accessible clause.0 
64691      DEBUG main            d.u.i.k.p.i.IntermediateProofReplayer Proof replay took 8.3ns 
64793      INFO  main            d.u.i.k.p.r.p.TestFile    ... finished proof: closed. 
65050      INFO  main            d.u.i.k.p.i.AbstractProblemLoader Loading environment from /home/runner/work/key/key/key.core/../key.ui/examples/heap/permissions/threads/AFilter_inv_accessible1.key.proof 
65050      DEBUG main            d.u.i.k.p.i.AbstractProblemLoader Environment load took 117.1ns 
65051      INFO  main            d.u.i.k.p.i.AbstractProblemLoader Creating init config 
69469      DEBUG main            d.u.i.k.p.i.AbstractProblemLoader Init config took 4.42s 
69565      INFO  main            d.u.i.k.p.i.AbstractProblemLoader Replaying proof AFilter[java.lang.Object::<inv>()].JML accessible clause.0 
69569      DEBUG main            d.u.i.k.p.i.IntermediateProofReplayer Proof replay took 2.53ms 
69571      DEBUG main            d.u.i.k.p.r.p.TestFile    ... success: reloaded. 
69572      INFO  main            d.u.i.k.p.r.p.TestFile    Now processing file /home/runner/work/key/key/key.core/../key.ui/examples/heap/permissions/threads/AFilter_inv_accessible2.key 
69572      INFO  main            d.u.i.k.p.i.AbstractProblemLoader Loading environment from /home/runner/work/key/key/key.core/../key.ui/examples/heap/permissions/threads/AFilter_inv_accessible2.key 
69572      DEBUG main            d.u.i.k.p.i.AbstractProblemLoader Environment load took 88.6ns 
69573      INFO  main            d.u.i.k.p.i.AbstractProblemLoader Creating init config 
74040      DEBUG main            d.u.i.k.p.i.AbstractProblemLoader Init config took 4.47s 
74130      INFO  main            d.u.i.k.p.i.AbstractProblemLoader Replaying proof AFilter[java.lang.Object::<inv>()].JML accessible clause.1 
74131      DEBUG main            d.u.i.k.p.i.IntermediateProofReplayer Proof replay took 7.4ns 
74233      INFO  main            d.u.i.k.p.r.p.TestFile    ... finished proof: closed. 
74448      INFO  main            d.u.i.k.p.i.AbstractProblemLoader Loading environment from /home/runner/work/key/key/key.core/../key.ui/examples/heap/permissions/threads/AFilter_inv_accessible2.key.proof 
74448      DEBUG main            d.u.i.k.p.i.AbstractProblemLoader Environment load took 117.9ns 
74449      INFO  main            d.u.i.k.p.i.AbstractProblemLoader Creating init config 
78879      DEBUG main            d.u.i.k.p.i.AbstractProblemLoader Init config took 4.43s 
78984      INFO  main            d.u.i.k.p.i.AbstractProblemLoader Replaying proof AFilter[java.lang.Object::<inv>()].JML accessible clause.1 
78991      DEBUG main            d.u.i.k.p.i.IntermediateProofReplayer Proof replay took 2.79ms 
78993      DEBUG main            d.u.i.k.p.r.p.TestFile    ... success: reloaded. 
78995      INFO  main            d.u.i.k.p.r.p.TestFile    Now processing file /home/runner/work/key/key/key.core/../key.ui/examples/heap/permissions/threads/AFilter_joinTransfer_accessible.key 
78995      INFO  main            d.u.i.k.p.i.AbstractProblemLoader Loading environment from /home/runner/work/key/key/key.core/../key.ui/examples/heap/permissions/threads/AFilter_joinTransfer_accessible.key 
78996      DEBUG main            d.u.i.k.p.i.AbstractProblemLoader Environment load took 94.9ns 
78996      INFO  main            d.u.i.k.p.i.AbstractProblemLoader Creating init config 
83410      DEBUG main            d.u.i.k.p.i.AbstractProblemLoader Init config took 4.41s 
83494      INFO  main            d.u.i.k.p.i.AbstractProblemLoader Replaying proof AFilter[ThreadSpec2::joinTransfer()].JML accessible clause.0 
83496      DEBUG main            d.u.i.k.p.i.IntermediateProofReplayer Proof replay took 7.9ns 
84500      INFO  main            d.u.i.k.p.r.p.TestFile    ... finished proof: closed. 
84802      INFO  main            d.u.i.k.p.i.AbstractProblemLoader Loading environment from /home/runner/work/key/key/key.core/../key.ui/examples/heap/permissions/threads/AFilter_joinTransfer_accessible.key.proof 
84806      DEBUG main            d.u.i.k.p.i.AbstractProblemLoader Environment load took 4.09ms 
84807      INFO  main            d.u.i.k.p.i.AbstractProblemLoader Creating init config 
89217      DEBUG main            d.u.i.k.p.i.AbstractProblemLoader Init config took 4.41s 
89300      INFO  main            d.u.i.k.p.i.AbstractProblemLoader Replaying proof AFilter[ThreadSpec2::joinTransfer()].JML accessible clause.0 
89420      DEBUG main            d.u.i.k.p.i.IntermediateProofReplayer Proof replay took 115.02ms 
89421      DEBUG main            d.u.i.k.p.r.p.TestFile    ... success: reloaded. 
89423      INFO  main            d.u.i.k.p.r.p.TestFile    Now processing file /home/runner/work/key/key/key.core/../key.ui/examples/heap/permissions/threads/AFilter_joinTransfer_contract.key 
89423      INFO  main            d.u.i.k.p.i.AbstractProblemLoader Loading environment from /home/runner/work/key/key/key.core/../key.ui/examples/heap/permissions/threads/AFilter_joinTransfer_contract.key 
89423      DEBUG main            d.u.i.k.p.i.AbstractProblemLoader Environment load took 84.8ns 
89424      INFO  main            d.u.i.k.p.i.AbstractProblemLoader Creating init config 
93884      DEBUG main            d.u.i.k.p.i.AbstractProblemLoader Init config took 4.46s 
93996      INFO  main            d.u.i.k.p.i.AbstractProblemLoader Replaying proof AFilter[ThreadSpec2::joinTransfer()].JML model_behavior operation contract.0 
93997      DEBUG main            d.u.i.k.p.i.IntermediateProofReplayer Proof replay took 9.3ns 
94099      INFO  main            d.u.i.k.p.r.p.TestFile    ... finished proof: closed. 
94329      INFO  main            d.u.i.k.p.i.AbstractProblemLoader Loading environment from /home/runner/work/key/key/key.core/../key.ui/examples/heap/permissions/threads/AFilter_joinTransfer_contract.key.proof 
94329      DEBUG main            d.u.i.k.p.i.AbstractProblemLoader Environment load took 142.8ns 
94330      INFO  main            d.u.i.k.p.i.AbstractProblemLoader Creating init config 
98724      DEBUG main            d.u.i.k.p.i.AbstractProblemLoader Init config took 4.39s 
98819      INFO  main            d.u.i.k.p.i.AbstractProblemLoader Replaying proof AFilter[ThreadSpec2::joinTransfer()].JML model_behavior operation contract.0 
98832      DEBUG main            d.u.i.k.p.i.IntermediateProofReplayer Proof replay took 7.08ms 
98834      DEBUG main            d.u.i.k.p.r.p.TestFile    ... success: reloaded. 
98836      INFO  main            d.u.i.k.p.r.p.TestFile    Now processing file /home/runner/work/key/key/key.core/../key.ui/examples/heap/permissions/threads/AFilter_postJoin_accessible.key 
98836      INFO  main            d.u.i.k.p.i.AbstractProblemLoader Loading environment from /home/runner/work/key/key/key.core/../key.ui/examples/heap/permissions/threads/AFilter_postJoin_accessible.key 
98836      DEBUG main            d.u.i.k.p.i.AbstractProblemLoader Environment load took 192.4ns 
98837      INFO  main            d.u.i.k.p.i.AbstractProblemLoader Creating init config 
103294     DEBUG main            d.u.i.k.p.i.AbstractProblemLoader Init config took 4.46s 
103387     INFO  main            d.u.i.k.p.i.AbstractProblemLoader Replaying proof AFilter[ThreadSpec2::postJoin(java.lang.Object)].JML accessible clause.0 
103391     DEBUG main            d.u.i.k.p.i.IntermediateProofReplayer Proof replay took 9.2ns 
103493     INFO  main            d.u.i.k.p.r.p.TestFile    ... finished proof: closed. 
103728     INFO  main            d.u.i.k.p.i.AbstractProblemLoader Loading environment from /home/runner/work/key/key/key.core/../key.ui/examples/heap/permissions/threads/AFilter_postJoin_accessible.key.proof 
103728     DEBUG main            d.u.i.k.p.i.AbstractProblemLoader Environment load took 120.1ns 
103729     INFO  main            d.u.i.k.p.i.AbstractProblemLoader Creating init config 
108091     DEBUG main            d.u.i.k.p.i.AbstractProblemLoader Init config took 4.36s 
108173     INFO  main            d.u.i.k.p.i.AbstractProblemLoader Replaying proof AFilter[ThreadSpec2::postJoin(java.lang.Object)].JML accessible clause.0 
108182     DEBUG main            d.u.i.k.p.i.IntermediateProofReplayer Proof replay took 6.82ms 
108183     DEBUG main            d.u.i.k.p.r.p.TestFile    ... success: reloaded. 
108184     INFO  main            d.u.i.k.p.r.p.TestFile    Now processing file /home/runner/work/key/key/key.core/../key.ui/examples/heap/permissions/threads/AFilter_preStart_accessible.key 
108184     INFO  main            d.u.i.k.p.i.AbstractProblemLoader Loading environment from /home/runner/work/key/key/key.core/../key.ui/examples/heap/permissions/threads/AFilter_preStart_accessible.key 
108184     DEBUG main            d.u.i.k.p.i.AbstractProblemLoader Environment load took 84.9ns 
108185     INFO  main            d.u.i.k.p.i.AbstractProblemLoader Creating init config 
112617     DEBUG main            d.u.i.k.p.i.AbstractProblemLoader Init config took 4.43s 
112697     INFO  main            d.u.i.k.p.i.AbstractProblemLoader Replaying proof AFilter[ThreadSpec2::preStart(java.lang.Object)].JML accessible clause.0 
112698     DEBUG main            d.u.i.k.p.i.IntermediateProofReplayer Proof replay took 7.8ns 
113001     INFO  main            d.u.i.k.p.r.p.TestFile    ... finished proof: closed. 
113249     INFO  main            d.u.i.k.p.i.AbstractProblemLoader Loading environment from /home/runner/work/key/key/key.core/../key.ui/examples/heap/permissions/threads/AFilter_preStart_accessible.key.proof 
113249     DEBUG main            d.u.i.k.p.i.AbstractProblemLoader Environment load took 117.5ns 
113250     INFO  main            d.u.i.k.p.i.AbstractProblemLoader Creating init config 
117649     DEBUG main            d.u.i.k.p.i.AbstractProblemLoader Init config took 4.4s 
117735     INFO  main            d.u.i.k.p.i.AbstractProblemLoader Replaying proof AFilter[ThreadSpec2::preStart(java.lang.Object)].JML accessible clause.0 
117807     DEBUG main            d.u.i.k.p.i.IntermediateProofReplayer Proof replay took 62.03ms 
117809     DEBUG main            d.u.i.k.p.r.p.TestFile    ... success: reloaded. 
117810     INFO  main            d.u.i.k.p.r.p.TestFile    Now processing file /home/runner/work/key/key/key.core/../key.ui/examples/heap/permissions/threads/AFilter_startTransfer_accessible.key 
117810     INFO  main            d.u.i.k.p.i.AbstractProblemLoader Loading environment from /home/runner/work/key/key/key.core/../key.ui/examples/heap/permissions/threads/AFilter_startTransfer_accessible.key 
117810     DEBUG main            d.u.i.k.p.i.AbstractProblemLoader Environment load took 119.3ns 
117811     INFO  main            d.u.i.k.p.i.AbstractProblemLoader Creating init config 
122280     DEBUG main            d.u.i.k.p.i.AbstractProblemLoader Init config took 4.47s 
122362     INFO  main            d.u.i.k.p.i.AbstractProblemLoader Replaying proof AFilter[ThreadSpec2::startTransfer()].JML accessible clause.0 
122364     DEBUG main            d.u.i.k.p.i.IntermediateProofReplayer Proof replay took 8.7ns 
131062     INFO  main            d.u.i.k.p.r.p.TestFile    ... finished proof: closed. 
131347     INFO  main            d.u.i.k.p.i.AbstractProblemLoader Loading environment from /home/runner/work/key/key/key.core/../key.ui/examples/heap/permissions/threads/AFilter_startTransfer_accessible.key.proof 
131348     DEBUG main            d.u.i.k.p.i.AbstractProblemLoader Environment load took 367.11ns 
131349     INFO  main            d.u.i.k.p.i.AbstractProblemLoader Creating init config 
135709     DEBUG main            d.u.i.k.p.i.AbstractProblemLoader Init config took 4.36s 
135800     INFO  main            d.u.i.k.p.i.AbstractProblemLoader Replaying proof AFilter[ThreadSpec2::startTransfer()].JML accessible clause.0 
136624     DEBUG main            d.u.i.k.p.i.IntermediateProofReplayer Proof replay took 799.14ms 
136626     DEBUG main            d.u.i.k.p.r.p.TestFile    ... success: reloaded. 
136627     INFO  main            d.u.i.k.p.r.p.TestFile    Now processing file /home/runner/work/key/key/key.core/../key.ui/examples/heap/permissions/threads/AFilter_startTransfer_contract.key 
136627     INFO  main            d.u.i.k.p.i.AbstractProblemLoader Loading environment from /home/runner/work/key/key/key.core/../key.ui/examples/heap/permissions/threads/AFilter_startTransfer_contract.key 
136627     DEBUG main            d.u.i.k.p.i.AbstractProblemLoader Environment load took 174.5ns 
136628     INFO  main            d.u.i.k.p.i.AbstractProblemLoader Creating init config 
141086     DEBUG main            d.u.i.k.p.i.AbstractProblemLoader Init config took 4.46s 
141166     INFO  main            d.u.i.k.p.i.AbstractProblemLoader Replaying proof AFilter[ThreadSpec2::startTransfer()].JML model_behavior operation contract.0 
141168     DEBUG main            d.u.i.k.p.i.IntermediateProofReplayer Proof replay took 8.1ns 
141571     INFO  main            d.u.i.k.p.r.p.TestFile    ... finished proof: closed. 
141839     INFO  main            d.u.i.k.p.i.AbstractProblemLoader Loading environment from /home/runner/work/key/key/key.core/../key.ui/examples/heap/permissions/threads/AFilter_startTransfer_contract.key.proof 
141840     DEBUG main            d.u.i.k.p.i.AbstractProblemLoader Environment load took 122.3ns 
141841     INFO  main            d.u.i.k.p.i.AbstractProblemLoader Creating init config 
146233     DEBUG main            d.u.i.k.p.i.AbstractProblemLoader Init config took 4.39s 
146314     INFO  main            d.u.i.k.p.i.AbstractProblemLoader Replaying proof AFilter[ThreadSpec2::startTransfer()].JML model_behavior operation contract.0 
146362     DEBUG main            d.u.i.k.p.i.IntermediateProofReplayer Proof replay took 43.99ms 
146363     DEBUG main            d.u.i.k.p.r.p.TestFile    ... success: reloaded. 
146364     INFO  main            d.u.i.k.p.r.p.TestFile    Now processing file /home/runner/work/key/key/key.core/../key.ui/examples/heap/permissions/threads/AFilter_stateInv_accessible.key 
146365     INFO  main            d.u.i.k.p.i.AbstractProblemLoader Loading environment from /home/runner/work/key/key/key.core/../key.ui/examples/heap/permissions/threads/AFilter_stateInv_accessible.key 
146365     DEBUG main            d.u.i.k.p.i.AbstractProblemLoader Environment load took 108.5ns 
146366     INFO  main            d.u.i.k.p.i.AbstractProblemLoader Creating init config 
150754     DEBUG main            d.u.i.k.p.i.AbstractProblemLoader Init config took 4.39s 
150832     INFO  main            d.u.i.k.p.i.AbstractProblemLoader Replaying proof AFilter[ThreadSpec2::stateInv()].JML accessible clause.0 
150833     DEBUG main            d.u.i.k.p.i.IntermediateProofReplayer Proof replay took 7.8ns 
151136     INFO  main            d.u.i.k.p.r.p.TestFile    ... finished proof: closed. 
151407     INFO  main            d.u.i.k.p.i.AbstractProblemLoader Loading environment from /home/runner/work/key/key/key.core/../key.ui/examples/heap/permissions/threads/AFilter_stateInv_accessible.key.proof 
151407     DEBUG main            d.u.i.k.p.i.AbstractProblemLoader Environment load took 117.8ns 
151408     INFO  main            d.u.i.k.p.i.AbstractProblemLoader Creating init config 
155744     DEBUG main            d.u.i.k.p.i.AbstractProblemLoader Init config took 4.34s 
155822     INFO  main            d.u.i.k.p.i.AbstractProblemLoader Replaying proof AFilter[ThreadSpec2::stateInv()].JML accessible clause.0 
155860     DEBUG main            d.u.i.k.p.i.IntermediateProofReplayer Proof replay took 34.8ms 
155861     DEBUG main            d.u.i.k.p.r.p.TestFile    ... success: reloaded. 
155862     INFO  main            d.u.i.k.p.r.p.TestFile    Now processing file /home/runner/work/key/key/key.core/../key.ui/examples/heap/permissions/threads/AFilter_staticPermissions_accessible.key 
155863     INFO  main            d.u.i.k.p.i.AbstractProblemLoader Loading environment from /home/runner/work/key/key/key.core/../key.ui/examples/heap/permissions/threads/AFilter_staticPermissions_accessible.key 
155863     DEBUG main            d.u.i.k.p.i.AbstractProblemLoader Environment load took 94.5ns 
155864     INFO  main            d.u.i.k.p.i.AbstractProblemLoader Creating init config 
160280     DEBUG main            d.u.i.k.p.i.AbstractProblemLoader Init config took 4.42s 
160358     INFO  main            d.u.i.k.p.i.AbstractProblemLoader Replaying proof AFilter[ThreadSpec2::staticPermissions()].JML accessible clause.0 
160359     DEBUG main            d.u.i.k.p.i.IntermediateProofReplayer Proof replay took 7.7ns 
160461     INFO  main            d.u.i.k.p.r.p.TestFile    ... finished proof: closed. 
160738     INFO  main            d.u.i.k.p.i.AbstractProblemLoader Loading environment from /home/runner/work/key/key/key.core/../key.ui/examples/heap/permissions/threads/AFilter_staticPermissions_accessible.key.proof 
160738     DEBUG main            d.u.i.k.p.i.AbstractProblemLoader Environment load took 111.6ns 
160739     INFO  main            d.u.i.k.p.i.AbstractProblemLoader Creating init config 
165092     DEBUG main            d.u.i.k.p.i.AbstractProblemLoader Init config took 4.35s 
165170     INFO  main            d.u.i.k.p.i.AbstractProblemLoader Replaying proof AFilter[ThreadSpec2::staticPermissions()].JML accessible clause.0 
165181     DEBUG main            d.u.i.k.p.i.IntermediateProofReplayer Proof replay took 8.88ms 
165182     DEBUG main            d.u.i.k.p.r.p.TestFile    ... success: reloaded. 
165183     INFO  main            d.u.i.k.p.r.p.TestFile    Now processing file /home/runner/work/key/key/key.core/../key.ui/examples/heap/permissions/threads/AFilter_workingPermissions_accessible.key 
165183     INFO  main            d.u.i.k.p.i.AbstractProblemLoader Loading environment from /home/runner/work/key/key/key.core/../key.ui/examples/heap/permissions/threads/AFilter_workingPermissions_accessible.key 
165183     DEBUG main            d.u.i.k.p.i.AbstractProblemLoader Environment load took 97.4ns 
165184     INFO  main            d.u.i.k.p.i.AbstractProblemLoader Creating init config 
169647     DEBUG main            d.u.i.k.p.i.AbstractProblemLoader Init config took 4.46s 
169725     INFO  main            d.u.i.k.p.i.AbstractProblemLoader Replaying proof AFilter[ThreadSpec2::workingPermissions()].JML accessible clause.0 
169726     DEBUG main            d.u.i.k.p.i.IntermediateProofReplayer Proof replay took 7.5ns 
169828     INFO  main            d.u.i.k.p.r.p.TestFile    ... finished proof: closed. 
170106     INFO  main            d.u.i.k.p.i.AbstractProblemLoader Loading environment from /home/runner/work/key/key/key.core/../key.ui/examples/heap/permissions/threads/AFilter_workingPermissions_accessible.key.proof 
170106     DEBUG main            d.u.i.k.p.i.AbstractProblemLoader Environment load took 108.5ns 
170107     INFO  main            d.u.i.k.p.i.AbstractProblemLoader Creating init config 
174436     DEBUG main            d.u.i.k.p.i.AbstractProblemLoader Init config took 4.33s 
174526     INFO  main            d.u.i.k.p.i.AbstractProblemLoader Replaying proof AFilter[ThreadSpec2::workingPermissions()].JML accessible clause.0 
174535     DEBUG main            d.u.i.k.p.i.IntermediateProofReplayer Proof replay took 7.8ms 
174536     DEBUG main            d.u.i.k.p.r.p.TestFile    ... success: reloaded. 
174537     INFO  main            d.u.i.k.p.r.p.TestFile    Now processing file /home/runner/work/key/key/key.core/../key.ui/examples/heap/permissions/threads/BFilter_BFilter.key 
174538     INFO  main            d.u.i.k.p.i.AbstractProblemLoader Loading environment from /home/runner/work/key/key/key.core/../key.ui/examples/heap/permissions/threads/BFilter_BFilter.key 
174538     DEBUG main            d.u.i.k.p.i.AbstractProblemLoader Environment load took 71.2ns 
174538     INFO  main            d.u.i.k.p.i.AbstractProblemLoader Creating init config 
178953     DEBUG main            d.u.i.k.p.i.AbstractProblemLoader Init config took 4.41s 
179032     INFO  main            d.u.i.k.p.i.AbstractProblemLoader Replaying proof BFilter[BFilter::BFilter(Sampler,Buffer)].JML normal_behavior operation contract.0 
179034     DEBUG main            d.u.i.k.p.i.IntermediateProofReplayer Proof replay took 7.9ns 
179938     INFO  main            d.u.i.k.p.r.p.TestFile    ... finished proof: closed. 
180299     INFO  main            d.u.i.k.p.i.AbstractProblemLoader Loading environment from /home/runner/work/key/key/key.core/../key.ui/examples/heap/permissions/threads/BFilter_BFilter.key.proof 
180300     DEBUG main            d.u.i.k.p.i.AbstractProblemLoader Environment load took 659.01ns 
180301     INFO  main            d.u.i.k.p.i.AbstractProblemLoader Creating init config 
184663     DEBUG main            d.u.i.k.p.i.AbstractProblemLoader Init config took 4.36s 
184742     INFO  main            d.u.i.k.p.i.AbstractProblemLoader Replaying proof BFilter[BFilter::BFilter(Sampler,Buffer)].JML normal_behavior operation contract.0 
184884     DEBUG main            d.u.i.k.p.i.IntermediateProofReplayer Proof replay took 137.97ms 
184885     DEBUG main            d.u.i.k.p.r.p.TestFile    ... success: reloaded. 
184886     INFO  main            d.u.i.k.p.r.p.TestFile    Now processing file /home/runner/work/key/key/key.core/../key.ui/examples/heap/permissions/threads/BFilter_initPost_accessible.key 
184886     INFO  main            d.u.i.k.p.i.AbstractProblemLoader Loading environment from /home/runner/work/key/key/key.core/../key.ui/examples/heap/permissions/threads/BFilter_initPost_accessible.key 
184886     DEBUG main            d.u.i.k.p.i.AbstractProblemLoader Environment load took 94.2ns 
184887     INFO  main            d.u.i.k.p.i.AbstractProblemLoader Creating init config 
189277     DEBUG main            d.u.i.k.p.i.AbstractProblemLoader Init config took 4.39s 
189355     INFO  main            d.u.i.k.p.i.AbstractProblemLoader Replaying proof BFilter[ThreadSpec2::initPost()].JML accessible clause.0 
189356     DEBUG main            d.u.i.k.p.i.IntermediateProofReplayer Proof replay took 27.8ns 
189458     INFO  main            d.u.i.k.p.r.p.TestFile    ... finished proof: closed. 
189904     INFO  main            d.u.i.k.p.i.AbstractProblemLoader Loading environment from /home/runner/work/key/key/key.core/../key.ui/examples/heap/permissions/threads/BFilter_initPost_accessible.key.proof 
189905     DEBUG main            d.u.i.k.p.i.AbstractProblemLoader Environment load took 161.4ns 
189905     INFO  main            d.u.i.k.p.i.AbstractProblemLoader Creating init config 
194227     DEBUG main            d.u.i.k.p.i.AbstractProblemLoader Init config took 4.32s 
194304     INFO  main            d.u.i.k.p.i.AbstractProblemLoader Replaying proof BFilter[ThreadSpec2::initPost()].JML accessible clause.0 
194318     DEBUG main            d.u.i.k.p.i.IntermediateProofReplayer Proof replay took 11.65ms 
194319     DEBUG main            d.u.i.k.p.r.p.TestFile    ... success: reloaded. 
194320     INFO  main            d.u.i.k.p.r.p.TestFile    Now processing file /home/runner/work/key/key/key.core/../key.ui/examples/heap/permissions/threads/BFilter_inv_accessible1.key 
194320     INFO  main            d.u.i.k.p.i.AbstractProblemLoader Loading environment from /home/runner/work/key/key/key.core/../key.ui/examples/heap/permissions/threads/BFilter_inv_accessible1.key 
194320     DEBUG main            d.u.i.k.p.i.AbstractProblemLoader Environment load took 84.1ns 
194321     INFO  main            d.u.i.k.p.i.AbstractProblemLoader Creating init config 
198718     DEBUG main            d.u.i.k.p.i.AbstractProblemLoader Init config took 4.4s 
198812     INFO  main            d.u.i.k.p.i.AbstractProblemLoader Replaying proof BFilter[java.lang.Object::<inv>()].JML accessible clause.0 
198814     DEBUG main            d.u.i.k.p.i.IntermediateProofReplayer Proof replay took 7.3ns 
198916     INFO  main            d.u.i.k.p.r.p.TestFile    ... finished proof: closed. 
199206     INFO  main            d.u.i.k.p.i.AbstractProblemLoader Loading environment from /home/runner/work/key/key/key.core/../key.ui/examples/heap/permissions/threads/BFilter_inv_accessible1.key.proof 
199206     DEBUG main            d.u.i.k.p.i.AbstractProblemLoader Environment load took 109.4ns 
199207     INFO  main            d.u.i.k.p.i.AbstractProblemLoader Creating init config 
203571     DEBUG main            d.u.i.k.p.i.AbstractProblemLoader Init config took 4.36s 
203649     INFO  main            d.u.i.k.p.i.AbstractProblemLoader Replaying proof BFilter[java.lang.Object::<inv>()].JML accessible clause.0 
203652     DEBUG main            d.u.i.k.p.i.IntermediateProofReplayer Proof replay took 1.78ms 
203653     DEBUG main            d.u.i.k.p.r.p.TestFile    ... success: reloaded. 
203654     INFO  main            d.u.i.k.p.r.p.TestFile    Now processing file /home/runner/work/key/key/key.core/../key.ui/examples/heap/permissions/threads/BFilter_inv_accessible2.key 
203654     INFO  main            d.u.i.k.p.i.AbstractProblemLoader Loading environment from /home/runner/work/key/key/key.core/../key.ui/examples/heap/permissions/threads/BFilter_inv_accessible2.key 
203654     DEBUG main            d.u.i.k.p.i.AbstractProblemLoader Environment load took 67.3ns 
203655     INFO  main            d.u.i.k.p.i.AbstractProblemLoader Creating init config 
208007     DEBUG main            d.u.i.k.p.i.AbstractProblemLoader Init config took 4.35s 
208085     INFO  main            d.u.i.k.p.i.AbstractProblemLoader Replaying proof BFilter[java.lang.Object::<inv>()].JML accessible clause.1 
208086     DEBUG main            d.u.i.k.p.i.IntermediateProofReplayer Proof replay took 7ns 
208192     INFO  main            d.u.i.k.p.r.p.TestFile    ... finished proof: closed. 
208490     INFO  main            d.u.i.k.p.i.AbstractProblemLoader Loading environment from /home/runner/work/key/key/key.core/../key.ui/examples/heap/permissions/threads/BFilter_inv_accessible2.key.proof 
208490     DEBUG main            d.u.i.k.p.i.AbstractProblemLoader Environment load took 114.7ns 
208491     INFO  main            d.u.i.k.p.i.AbstractProblemLoader Creating init config 
212799     DEBUG main            d.u.i.k.p.i.AbstractProblemLoader Init config took 4.31s 
212878     INFO  main            d.u.i.k.p.i.AbstractProblemLoader Replaying proof BFilter[java.lang.Object::<inv>()].JML accessible clause.1 
212881     DEBUG main            d.u.i.k.p.i.IntermediateProofReplayer Proof replay took 1.62ms 
212882     DEBUG main            d.u.i.k.p.r.p.TestFile    ... success: reloaded. 
212883     INFO  main            d.u.i.k.p.r.p.TestFile    Now processing file /home/runner/work/key/key/key.core/../key.ui/examples/heap/permissions/threads/BFilter_joinTransfer_accessible.key 
212883     INFO  main            d.u.i.k.p.i.AbstractProblemLoader Loading environment from /home/runner/work/key/key/key.core/../key.ui/examples/heap/permissions/threads/BFilter_joinTransfer_accessible.key 
212883     DEBUG main            d.u.i.k.p.i.AbstractProblemLoader Environment load took 63.9ns 
212884     INFO  main            d.u.i.k.p.i.AbstractProblemLoader Creating init config 
217281     DEBUG main            d.u.i.k.p.i.AbstractProblemLoader Init config took 4.4s 
217376     INFO  main            d.u.i.k.p.i.AbstractProblemLoader Replaying proof BFilter[ThreadSpec2::joinTransfer()].JML accessible clause.0 
217377     DEBUG main            d.u.i.k.p.i.IntermediateProofReplayer Proof replay took 6.4ns 
218281     INFO  main            d.u.i.k.p.r.p.TestFile    ... finished proof: closed. 
218612     INFO  main            d.u.i.k.p.i.AbstractProblemLoader Loading environment from /home/runner/work/key/key/key.core/../key.ui/examples/heap/permissions/threads/BFilter_joinTransfer_accessible.key.proof 
218613     DEBUG main            d.u.i.k.p.i.AbstractProblemLoader Environment load took 482.31ns 
218614     INFO  main            d.u.i.k.p.i.AbstractProblemLoader Creating init config 
222923     DEBUG main            d.u.i.k.p.i.AbstractProblemLoader Init config took 4.31s 
223013     INFO  main            d.u.i.k.p.i.AbstractProblemLoader Replaying proof BFilter[ThreadSpec2::joinTransfer()].JML accessible clause.0 
223121     DEBUG main            d.u.i.k.p.i.IntermediateProofReplayer Proof replay took 102.43ms 
223123     DEBUG main            d.u.i.k.p.r.p.TestFile    ... success: reloaded. 
223124     INFO  main            d.u.i.k.p.r.p.TestFile    Now processing file /home/runner/work/key/key/key.core/../key.ui/examples/heap/permissions/threads/BFilter_joinTransfer_contract.key 
223124     INFO  main            d.u.i.k.p.i.AbstractProblemLoader Loading environment from /home/runner/work/key/key/key.core/../key.ui/examples/heap/permissions/threads/BFilter_joinTransfer_contract.key 
223125     DEBUG main            d.u.i.k.p.i.AbstractProblemLoader Environment load took 177.9ns 
223126     INFO  main            d.u.i.k.p.i.AbstractProblemLoader Creating init config 
227531     DEBUG main            d.u.i.k.p.i.AbstractProblemLoader Init config took 4.41s 
227629     INFO  main            d.u.i.k.p.i.AbstractProblemLoader Replaying proof BFilter[ThreadSpec2::joinTransfer()].JML model_behavior operation contract.0 
227631     DEBUG main            d.u.i.k.p.i.IntermediateProofReplayer Proof replay took 7.6ns 
227733     INFO  main            d.u.i.k.p.r.p.TestFile    ... finished proof: closed. 
228123     INFO  main            d.u.i.k.p.i.AbstractProblemLoader Loading environment from /home/runner/work/key/key/key.core/../key.ui/examples/heap/permissions/threads/BFilter_joinTransfer_contract.key.proof 
228123     DEBUG main            d.u.i.k.p.i.AbstractProblemLoader Environment load took 101ns 
228124     INFO  main            d.u.i.k.p.i.AbstractProblemLoader Creating init config 
232453     DEBUG main            d.u.i.k.p.i.AbstractProblemLoader Init config took 4.33s 
232535     INFO  main            d.u.i.k.p.i.AbstractProblemLoader Replaying proof BFilter[ThreadSpec2::joinTransfer()].JML model_behavior operation contract.0 
232543     DEBUG main            d.u.i.k.p.i.IntermediateProofReplayer Proof replay took 6.6ms 
232544     DEBUG main            d.u.i.k.p.r.p.TestFile    ... success: reloaded. 
232545     INFO  main            d.u.i.k.p.r.p.TestFile    Now processing file /home/runner/work/key/key/key.core/../key.ui/examples/heap/permissions/threads/BFilter_postJoin_accessible.key 
232546     INFO  main            d.u.i.k.p.i.AbstractProblemLoader Loading environment from /home/runner/work/key/key/key.core/../key.ui/examples/heap/permissions/threads/BFilter_postJoin_accessible.key 
232546     DEBUG main            d.u.i.k.p.i.AbstractProblemLoader Environment load took 192.3ns 
232547     INFO  main            d.u.i.k.p.i.AbstractProblemLoader Creating init config 
236946     DEBUG main            d.u.i.k.p.i.AbstractProblemLoader Init config took 4.4s 
237022     INFO  main            d.u.i.k.p.i.AbstractProblemLoader Replaying proof BFilter[ThreadSpec2::postJoin(java.lang.Object)].JML accessible clause.0 
237024     DEBUG main            d.u.i.k.p.i.IntermediateProofReplayer Proof replay took 7.3ns 
237129     INFO  main            d.u.i.k.p.r.p.TestFile    ... finished proof: closed. 
237459     INFO  main            d.u.i.k.p.i.AbstractProblemLoader Loading environment from /home/runner/work/key/key/key.core/../key.ui/examples/heap/permissions/threads/BFilter_postJoin_accessible.key.proof 
237459     DEBUG main            d.u.i.k.p.i.AbstractProblemLoader Environment load took 101.2ns 
237460     INFO  main            d.u.i.k.p.i.AbstractProblemLoader Creating init config 
241771     DEBUG main            d.u.i.k.p.i.AbstractProblemLoader Init config took 4.31s 
241847     INFO  main            d.u.i.k.p.i.AbstractProblemLoader Replaying proof BFilter[ThreadSpec2::postJoin(java.lang.Object)].JML accessible clause.0 
241855     DEBUG main            d.u.i.k.p.i.IntermediateProofReplayer Proof replay took 5.89ms 
241855     DEBUG main            d.u.i.k.p.r.p.TestFile    ... success: reloaded. 
241856     INFO  main            d.u.i.k.p.r.p.TestFile    Now processing file /home/runner/work/key/key/key.core/../key.ui/examples/heap/permissions/threads/BFilter_preStart_accessible.key 
241857     INFO  main            d.u.i.k.p.i.AbstractProblemLoader Loading environment from /home/runner/work/key/key/key.core/../key.ui/examples/heap/permissions/threads/BFilter_preStart_accessible.key 
241857     DEBUG main            d.u.i.k.p.i.AbstractProblemLoader Environment load took 78.9ns 
241858     INFO  main            d.u.i.k.p.i.AbstractProblemLoader Creating init config 
246232     DEBUG main            d.u.i.k.p.i.AbstractProblemLoader Init config took 4.37s 
246323     INFO  main            d.u.i.k.p.i.AbstractProblemLoader Replaying proof BFilter[ThreadSpec2::preStart(java.lang.Object)].JML accessible clause.0 
246325     DEBUG main            d.u.i.k.p.i.IntermediateProofReplayer Proof replay took 7.1ns 
246630     INFO  main            d.u.i.k.p.r.p.TestFile    ... finished proof: closed. 
246954     INFO  main            d.u.i.k.p.i.AbstractProblemLoader Loading environment from /home/runner/work/key/key/key.core/../key.ui/examples/heap/permissions/threads/BFilter_preStart_accessible.key.proof 
246955     DEBUG main            d.u.i.k.p.i.AbstractProblemLoader Environment load took 123.9ns 
246956     INFO  main            d.u.i.k.p.i.AbstractProblemLoader Creating init config 
251272     DEBUG main            d.u.i.k.p.i.AbstractProblemLoader Init config took 4.32s 
251349     INFO  main            d.u.i.k.p.i.AbstractProblemLoader Replaying proof BFilter[ThreadSpec2::preStart(java.lang.Object)].JML accessible clause.0 
251380     DEBUG main            d.u.i.k.p.i.IntermediateProofReplayer Proof replay took 27.94ms 
251381     DEBUG main            d.u.i.k.p.r.p.TestFile    ... success: reloaded. 
251381     INFO  main            d.u.i.k.p.r.p.TestFile    Now processing file /home/runner/work/key/key/key.core/../key.ui/examples/heap/permissions/threads/BFilter_startTransfer_accessible.key 
251382     INFO  main            d.u.i.k.p.i.AbstractProblemLoader Loading environment from /home/runner/work/key/key/key.core/../key.ui/examples/heap/permissions/threads/BFilter_startTransfer_accessible.key 
251382     DEBUG main            d.u.i.k.p.i.AbstractProblemLoader Environment load took 98.2ns 
251383     INFO  main            d.u.i.k.p.i.AbstractProblemLoader Creating init config 
255772     DEBUG main            d.u.i.k.p.i.AbstractProblemLoader Init config took 4.39s 
255848     INFO  main            d.u.i.k.p.i.AbstractProblemLoader Replaying proof BFilter[ThreadSpec2::startTransfer()].JML accessible clause.0 
255850     DEBUG main            d.u.i.k.p.i.IntermediateProofReplayer Proof replay took 7ns 
264917     INFO  main            d.u.i.k.p.r.p.TestFile    ... finished proof: closed. 
265284     INFO  main            d.u.i.k.p.i.AbstractProblemLoader Loading environment from /home/runner/work/key/key/key.core/../key.ui/examples/heap/permissions/threads/BFilter_startTransfer_accessible.key.proof 
265285     DEBUG main            d.u.i.k.p.i.AbstractProblemLoader Environment load took 352.61ns 
265287     INFO  main            d.u.i.k.p.i.AbstractProblemLoader Creating init config 
269600     DEBUG main            d.u.i.k.p.i.AbstractProblemLoader Init config took 4.31s 
269676     INFO  main            d.u.i.k.p.i.AbstractProblemLoader Replaying proof BFilter[ThreadSpec2::startTransfer()].JML accessible clause.0 
270467     DEBUG main            d.u.i.k.p.i.IntermediateProofReplayer Proof replay took 774.3ms 
270468     DEBUG main            d.u.i.k.p.r.p.TestFile    ... success: reloaded. 
270470     INFO  main            d.u.i.k.p.r.p.TestFile    Now processing file /home/runner/work/key/key/key.core/../key.ui/examples/heap/permissions/threads/BFilter_startTransfer_contract.key 
270470     INFO  main            d.u.i.k.p.i.AbstractProblemLoader Loading environment from /home/runner/work/key/key/key.core/../key.ui/examples/heap/permissions/threads/BFilter_startTransfer_contract.key 
270470     DEBUG main            d.u.i.k.p.i.AbstractProblemLoader Environment load took 160ns 
270471     INFO  main            d.u.i.k.p.i.AbstractProblemLoader Creating init config 
274887     DEBUG main            d.u.i.k.p.i.AbstractProblemLoader Init config took 4.42s 
274965     INFO  main            d.u.i.k.p.i.AbstractProblemLoader Replaying proof BFilter[ThreadSpec2::startTransfer()].JML model_behavior operation contract.0 
274966     DEBUG main            d.u.i.k.p.i.IntermediateProofReplayer Proof replay took 7.2ns 
275972     INFO  main            d.u.i.k.p.r.p.TestFile    ... finished proof: closed. 
276307     INFO  main            d.u.i.k.p.i.AbstractProblemLoader Loading environment from /home/runner/work/key/key/key.core/../key.ui/examples/heap/permissions/threads/BFilter_startTransfer_contract.key.proof 
276307     DEBUG main            d.u.i.k.p.i.AbstractProblemLoader Environment load took 243.91ns 
276308     INFO  main            d.u.i.k.p.i.AbstractProblemLoader Creating init config 
280619     DEBUG main            d.u.i.k.p.i.AbstractProblemLoader Init config took 4.31s 
280697     INFO  main            d.u.i.k.p.i.AbstractProblemLoader Replaying proof BFilter[ThreadSpec2::startTransfer()].JML model_behavior operation contract.0 
280792     DEBUG main            d.u.i.k.p.i.IntermediateProofReplayer Proof replay took 89.72ms 
280793     DEBUG main            d.u.i.k.p.r.p.TestFile    ... success: reloaded. 
280794     INFO  main            d.u.i.k.p.r.p.TestFile    Now processing file /home/runner/work/key/key/key.core/../key.ui/examples/heap/permissions/threads/BFilter_stateInv_accessible.key 
280794     INFO  main            d.u.i.k.p.i.AbstractProblemLoader Loading environment from /home/runner/work/key/key/key.core/../key.ui/examples/heap/permissions/threads/BFilter_stateInv_accessible.key 
280794     DEBUG main            d.u.i.k.p.i.AbstractProblemLoader Environment load took 64.8ns 
280795     INFO  main            d.u.i.k.p.i.AbstractProblemLoader Creating init config 
285176     DEBUG main            d.u.i.k.p.i.AbstractProblemLoader Init config took 4.38s 
285268     INFO  main            d.u.i.k.p.i.AbstractProblemLoader Replaying proof BFilter[ThreadSpec2::stateInv()].JML accessible clause.0 
285269     DEBUG main            d.u.i.k.p.i.IntermediateProofReplayer Proof replay took 7.4ns 
285571     INFO  main            d.u.i.k.p.r.p.TestFile    ... finished proof: closed. 
285931     INFO  main            d.u.i.k.p.i.AbstractProblemLoader Loading environment from /home/runner/work/key/key/key.core/../key.ui/examples/heap/permissions/threads/BFilter_stateInv_accessible.key.proof 
285931     DEBUG main            d.u.i.k.p.i.AbstractProblemLoader Environment load took 101.8ns 
285932     INFO  main            d.u.i.k.p.i.AbstractProblemLoader Creating init config 
290245     DEBUG main            d.u.i.k.p.i.AbstractProblemLoader Init config took 4.31s 
290323     INFO  main            d.u.i.k.p.i.AbstractProblemLoader Replaying proof BFilter[ThreadSpec2::stateInv()].JML accessible clause.0 
290358     DEBUG main            d.u.i.k.p.i.IntermediateProofReplayer Proof replay took 33.29ms 
290359     DEBUG main            d.u.i.k.p.r.p.TestFile    ... success: reloaded. 
290360     INFO  main            d.u.i.k.p.r.p.TestFile    Now processing file /home/runner/work/key/key/key.core/../key.ui/examples/heap/permissions/threads/BFilter_staticPermissions_accessible.key 
290360     INFO  main            d.u.i.k.p.i.AbstractProblemLoader Loading environment from /home/runner/work/key/key/key.core/../key.ui/examples/heap/permissions/threads/BFilter_staticPermissions_accessible.key 
290360     DEBUG main            d.u.i.k.p.i.AbstractProblemLoader Environment load took 97.9ns 
290361     INFO  main            d.u.i.k.p.i.AbstractProblemLoader Creating init config 
294762     DEBUG main            d.u.i.k.p.i.AbstractProblemLoader Init config took 4.4s 
294840     INFO  main            d.u.i.k.p.i.AbstractProblemLoader Replaying proof BFilter[ThreadSpec2::staticPermissions()].JML accessible clause.0 
294846     DEBUG main            d.u.i.k.p.i.IntermediateProofReplayer Proof replay took 7.5ns 
294948     INFO  main            d.u.i.k.p.r.p.TestFile    ... finished proof: closed. 
295302     INFO  main            d.u.i.k.p.i.AbstractProblemLoader Loading environment from /home/runner/work/key/key/key.core/../key.ui/examples/heap/permissions/threads/BFilter_staticPermissions_accessible.key.proof 
295302     DEBUG main            d.u.i.k.p.i.AbstractProblemLoader Environment load took 101.5ns 
295303     INFO  main            d.u.i.k.p.i.AbstractProblemLoader Creating init config 
299599     DEBUG main            d.u.i.k.p.i.AbstractProblemLoader Init config took 4.3s 
299675     INFO  main            d.u.i.k.p.i.AbstractProblemLoader Replaying proof BFilter[ThreadSpec2::staticPermissions()].JML accessible clause.0 
299685     DEBUG main            d.u.i.k.p.i.IntermediateProofReplayer Proof replay took 8.29ms 
299686     DEBUG main            d.u.i.k.p.r.p.TestFile    ... success: reloaded. 
299687     INFO  main            d.u.i.k.p.r.p.TestFile    Now processing file /home/runner/work/key/key/key.core/../key.ui/examples/heap/permissions/threads/BFilter_workingPermissions_accessible.key 
299687     INFO  main            d.u.i.k.p.i.AbstractProblemLoader Loading environment from /home/runner/work/key/key/key.core/../key.ui/examples/heap/permissions/threads/BFilter_workingPermissions_accessible.key 
299687     DEBUG main            d.u.i.k.p.i.AbstractProblemLoader Environment load took 77.4ns 
299688     INFO  main            d.u.i.k.p.i.AbstractProblemLoader Creating init config 
304062     DEBUG main            d.u.i.k.p.i.AbstractProblemLoader Init config took 4.37s 
304138     INFO  main            d.u.i.k.p.i.AbstractProblemLoader Replaying proof BFilter[ThreadSpec2::workingPermissions()].JML accessible clause.0 
304139     DEBUG main            d.u.i.k.p.i.IntermediateProofReplayer Proof replay took 7.3ns 
304241     INFO  main            d.u.i.k.p.r.p.TestFile    ... finished proof: closed. 
304593     INFO  main            d.u.i.k.p.i.AbstractProblemLoader Loading environment from /home/runner/work/key/key/key.core/../key.ui/examples/heap/permissions/threads/BFilter_workingPermissions_accessible.key.proof 
304593     DEBUG main            d.u.i.k.p.i.AbstractProblemLoader Environment load took 101.6ns 
304594     INFO  main            d.u.i.k.p.i.AbstractProblemLoader Creating init config 
308891     DEBUG main            d.u.i.k.p.i.AbstractProblemLoader Init config took 4.3s 
308967     INFO  main            d.u.i.k.p.i.AbstractProblemLoader Replaying proof BFilter[ThreadSpec2::workingPermissions()].JML accessible clause.0 
308975     DEBUG main            d.u.i.k.p.i.IntermediateProofReplayer Proof replay took 7.1ms 
308976     DEBUG main            d.u.i.k.p.r.p.TestFile    ... success: reloaded. 
308977     INFO  main            d.u.i.k.p.r.p.TestFile    Now processing file /home/runner/work/key/key/key.core/../key.ui/examples/heap/permissions/threads/Fib_Fib.key 
308977     INFO  main            d.u.i.k.p.i.AbstractProblemLoader Loading environment from /home/runner/work/key/key/key.core/../key.ui/examples/heap/permissions/threads/Fib_Fib.key 
308977     DEBUG main            d.u.i.k.p.i.AbstractProblemLoader Environment load took 86.6ns 
308978     INFO  main            d.u.i.k.p.i.AbstractProblemLoader Creating init config 
313350     DEBUG main            d.u.i.k.p.i.AbstractProblemLoader Init config took 4.37s 
313444     INFO  main            d.u.i.k.p.i.AbstractProblemLoader Replaying proof Fib[Fib::Fib(int)].JML normal_behavior operation contract.0 
313445     DEBUG main            d.u.i.k.p.i.IntermediateProofReplayer Proof replay took 8ns 
314050     INFO  main            d.u.i.k.p.r.p.TestFile    ... finished proof: closed. 
314442     INFO  main            d.u.i.k.p.i.AbstractProblemLoader Loading environment from /home/runner/work/key/key/key.core/../key.ui/examples/heap/permissions/threads/Fib_Fib.key.proof 
314442     DEBUG main            d.u.i.k.p.i.AbstractProblemLoader Environment load took 108.7ns 
314443     INFO  main            d.u.i.k.p.i.AbstractProblemLoader Creating init config 
318771     DEBUG main            d.u.i.k.p.i.AbstractProblemLoader Init config took 4.33s 
318847     INFO  main            d.u.i.k.p.i.AbstractProblemLoader Replaying proof Fib[Fib::Fib(int)].JML normal_behavior operation contract.0 
318942     DEBUG main            d.u.i.k.p.i.IntermediateProofReplayer Proof replay took 92.73ms 
318944     DEBUG main            d.u.i.k.p.r.p.TestFile    ... success: reloaded. 
318945     INFO  main            d.u.i.k.p.r.p.TestFile    Now processing file /home/runner/work/key/key/key.core/../key.ui/examples/heap/permissions/threads/Fib_initPost_accessible.key 
318945     INFO  main            d.u.i.k.p.i.AbstractProblemLoader Loading environment from /home/runner/work/key/key/key.core/../key.ui/examples/heap/permissions/threads/Fib_initPost_accessible.key 
318945     DEBUG main            d.u.i.k.p.i.AbstractProblemLoader Environment load took 184.9ns 
318946     INFO  main            d.u.i.k.p.i.AbstractProblemLoader Creating init config 
323352     DEBUG main            d.u.i.k.p.i.AbstractProblemLoader Init config took 4.41s 
323445     INFO  main            d.u.i.k.p.i.AbstractProblemLoader Replaying proof Fib[ThreadSpec::initPost()].JML accessible clause.0 
323446     DEBUG main            d.u.i.k.p.i.IntermediateProofReplayer Proof replay took 7.2ns 
323549     INFO  main            d.u.i.k.p.r.p.TestFile    ... finished proof: closed. 
323917     INFO  main            d.u.i.k.p.i.AbstractProblemLoader Loading environment from /home/runner/work/key/key/key.core/../key.ui/examples/heap/permissions/threads/Fib_initPost_accessible.key.proof 
323917     DEBUG main            d.u.i.k.p.i.AbstractProblemLoader Environment load took 99.2ns 
323918     INFO  main            d.u.i.k.p.i.AbstractProblemLoader Creating init config 
328226     DEBUG main            d.u.i.k.p.i.AbstractProblemLoader Init config took 4.31s 
328314     INFO  main            d.u.i.k.p.i.AbstractProblemLoader Replaying proof Fib[ThreadSpec::initPost()].JML accessible clause.0 
328320     DEBUG main            d.u.i.k.p.i.IntermediateProofReplayer Proof replay took 4.51ms 
328321     DEBUG main            d.u.i.k.p.r.p.TestFile    ... success: reloaded. 
328321     INFO  main            d.u.i.k.p.r.p.TestFile    Now processing file /home/runner/work/key/key/key.core/../key.ui/examples/heap/permissions/threads/Fib_inv1_accessible.key 
328322     INFO  main            d.u.i.k.p.i.AbstractProblemLoader Loading environment from /home/runner/work/key/key/key.core/../key.ui/examples/heap/permissions/threads/Fib_inv1_accessible.key 
328322     DEBUG main            d.u.i.k.p.i.AbstractProblemLoader Environment load took 120.3ns 
328323     INFO  main            d.u.i.k.p.i.AbstractProblemLoader Creating init config 
332710     DEBUG main            d.u.i.k.p.i.AbstractProblemLoader Init config took 4.39s 
332786     INFO  main            d.u.i.k.p.i.AbstractProblemLoader Replaying proof Fib[java.lang.Object::<inv>()].JML accessible clause.0 
332788     DEBUG main            d.u.i.k.p.i.IntermediateProofReplayer Proof replay took 7.4ns 
332889     INFO  main            d.u.i.k.p.r.p.TestFile    ... finished proof: closed. 
333264     INFO  main            d.u.i.k.p.i.AbstractProblemLoader Loading environment from /home/runner/work/key/key/key.core/../key.ui/examples/heap/permissions/threads/Fib_inv1_accessible.key.proof 
333264     DEBUG main            d.u.i.k.p.i.AbstractProblemLoader Environment load took 90.3ns 
333265     INFO  main            d.u.i.k.p.i.AbstractProblemLoader Creating init config 
337585     DEBUG main            d.u.i.k.p.i.AbstractProblemLoader Init config took 4.32s 
337661     INFO  main            d.u.i.k.p.i.AbstractProblemLoader Replaying proof Fib[java.lang.Object::<inv>()].JML accessible clause.0 
337664     DEBUG main            d.u.i.k.p.i.IntermediateProofReplayer Proof replay took 1.53ms 
337664     DEBUG main            d.u.i.k.p.r.p.TestFile    ... success: reloaded. 
337665     INFO  main            d.u.i.k.p.r.p.TestFile    Now processing file /home/runner/work/key/key/key.core/../key.ui/examples/heap/permissions/threads/Fib_inv2_accessible.key 
337665     INFO  main            d.u.i.k.p.i.AbstractProblemLoader Loading environment from /home/runner/work/key/key/key.core/../key.ui/examples/heap/permissions/threads/Fib_inv2_accessible.key 
337665     DEBUG main            d.u.i.k.p.i.AbstractProblemLoader Environment load took 54.9ns 
337666     INFO  main            d.u.i.k.p.i.AbstractProblemLoader Creating init config 
342008     DEBUG main            d.u.i.k.p.i.AbstractProblemLoader Init config took 4.34s 
342085     INFO  main            d.u.i.k.p.i.AbstractProblemLoader Replaying proof Fib[java.lang.Object::<inv>()].JML accessible clause.1 
342086     DEBUG main            d.u.i.k.p.i.IntermediateProofReplayer Proof replay took 8.4ns 
342187     INFO  main            d.u.i.k.p.r.p.TestFile    ... finished proof: closed. 
342568     INFO  main            d.u.i.k.p.i.AbstractProblemLoader Loading environment from /home/runner/work/key/key/key.core/../key.ui/examples/heap/permissions/threads/Fib_inv2_accessible.key.proof 
342568     DEBUG main            d.u.i.k.p.i.AbstractProblemLoader Environment load took 115.1ns 
342569     INFO  main            d.u.i.k.p.i.AbstractProblemLoader Creating init config 
346833     DEBUG main            d.u.i.k.p.i.AbstractProblemLoader Init config took 4.26s 
346909     INFO  main            d.u.i.k.p.i.AbstractProblemLoader Replaying proof Fib[java.lang.Object::<inv>()].JML accessible clause.1 
346912     DEBUG main            d.u.i.k.p.i.IntermediateProofReplayer Proof replay took 1.53ms 
346912     DEBUG main            d.u.i.k.p.r.p.TestFile    ... success: reloaded. 
346913     INFO  main            d.u.i.k.p.r.p.TestFile    Now processing file /home/runner/work/key/key/key.core/../key.ui/examples/heap/permissions/threads/Fib_joinTransfer_accessible.key 
346913     INFO  main            d.u.i.k.p.i.AbstractProblemLoader Loading environment from /home/runner/work/key/key/key.core/../key.ui/examples/heap/permissions/threads/Fib_joinTransfer_accessible.key 
346914     DEBUG main            d.u.i.k.p.i.AbstractProblemLoader Environment load took 60.4ns 
346914     INFO  main            d.u.i.k.p.i.AbstractProblemLoader Creating init config 
351261     DEBUG main            d.u.i.k.p.i.AbstractProblemLoader Init config took 4.35s 
351359     INFO  main            d.u.i.k.p.i.AbstractProblemLoader Replaying proof Fib[ThreadSpec::joinTransfer()].JML accessible clause.0 
351360     DEBUG main            d.u.i.k.p.i.IntermediateProofReplayer Proof replay took 8.7ns 
351562     INFO  main            d.u.i.k.p.r.p.TestFile    ... finished proof: closed. 
351950     INFO  main            d.u.i.k.p.i.AbstractProblemLoader Loading environment from /home/runner/work/key/key/key.core/../key.ui/examples/heap/permissions/threads/Fib_joinTransfer_accessible.key.proof 
351950     DEBUG main            d.u.i.k.p.i.AbstractProblemLoader Environment load took 95.1ns 
351951     INFO  main            d.u.i.k.p.i.AbstractProblemLoader Creating init config 
356213     DEBUG main            d.u.i.k.p.i.AbstractProblemLoader Init config took 4.26s 
356302     INFO  main            d.u.i.k.p.i.AbstractProblemLoader Replaying proof Fib[ThreadSpec::joinTransfer()].JML accessible clause.0 
356325     DEBUG main            d.u.i.k.p.i.IntermediateProofReplayer Proof replay took 21.58ms 
356326     DEBUG main            d.u.i.k.p.r.p.TestFile    ... success: reloaded. 
356327     INFO  main            d.u.i.k.p.r.p.TestFile    Now processing file /home/runner/work/key/key/key.core/../key.ui/examples/heap/permissions/threads/Fib_joinTransfer_contract.key 
356327     INFO  main            d.u.i.k.p.i.AbstractProblemLoader Loading environment from /home/runner/work/key/key/key.core/../key.ui/examples/heap/permissions/threads/Fib_joinTransfer_contract.key 
356327     DEBUG main            d.u.i.k.p.i.AbstractProblemLoader Environment load took 80.7ns 
356328     INFO  main            d.u.i.k.p.i.AbstractProblemLoader Creating init config 
360677     DEBUG main            d.u.i.k.p.i.AbstractProblemLoader Init config took 4.35s 
360753     INFO  main            d.u.i.k.p.i.AbstractProblemLoader Replaying proof Fib[ThreadSpec::joinTransfer()].JML model_behavior operation contract.0 
360754     DEBUG main            d.u.i.k.p.i.IntermediateProofReplayer Proof replay took 8.5ns 
360856     INFO  main            d.u.i.k.p.r.p.TestFile    ... finished proof: closed. 
361248     INFO  main            d.u.i.k.p.i.AbstractProblemLoader Loading environment from /home/runner/work/key/key/key.core/../key.ui/examples/heap/permissions/threads/Fib_joinTransfer_contract.key.proof 
361248     DEBUG main            d.u.i.k.p.i.AbstractProblemLoader Environment load took 108.8ns 
361249     INFO  main            d.u.i.k.p.i.AbstractProblemLoader Creating init config 
365515     DEBUG main            d.u.i.k.p.i.AbstractProblemLoader Init config took 4.27s 
365603     INFO  main            d.u.i.k.p.i.AbstractProblemLoader Replaying proof Fib[ThreadSpec::joinTransfer()].JML model_behavior operation contract.0 
365611     DEBUG main            d.u.i.k.p.i.IntermediateProofReplayer Proof replay took 5.82ms 
365612     DEBUG main            d.u.i.k.p.r.p.TestFile    ... success: reloaded. 
365613     INFO  main            d.u.i.k.p.r.p.TestFile    Now processing file /home/runner/work/key/key/key.core/../key.ui/examples/heap/permissions/threads/Fib_postJoin_accessible.key 
365613     INFO  main            d.u.i.k.p.i.AbstractProblemLoader Loading environment from /home/runner/work/key/key/key.core/../key.ui/examples/heap/permissions/threads/Fib_postJoin_accessible.key 
365613     DEBUG main            d.u.i.k.p.i.AbstractProblemLoader Environment load took 155.5ns 
365614     INFO  main            d.u.i.k.p.i.AbstractProblemLoader Creating init config 
369966     DEBUG main            d.u.i.k.p.i.AbstractProblemLoader Init config took 4.35s 
370042     INFO  main            d.u.i.k.p.i.AbstractProblemLoader Replaying proof Fib[ThreadSpec::postJoin(java.lang.Object)].JML accessible clause.0 
370043     DEBUG main            d.u.i.k.p.i.IntermediateProofReplayer Proof replay took 7.5ns 
370145     INFO  main            d.u.i.k.p.r.p.TestFile    ... finished proof: closed. 
370543     INFO  main            d.u.i.k.p.i.AbstractProblemLoader Loading environment from /home/runner/work/key/key/key.core/../key.ui/examples/heap/permissions/threads/Fib_postJoin_accessible.key.proof 
370543     DEBUG main            d.u.i.k.p.i.AbstractProblemLoader Environment load took 90.2ns 
370544     INFO  main            d.u.i.k.p.i.AbstractProblemLoader Creating init config 
374826     DEBUG main            d.u.i.k.p.i.AbstractProblemLoader Init config took 4.28s 
374917     INFO  main            d.u.i.k.p.i.AbstractProblemLoader Replaying proof Fib[ThreadSpec::postJoin(java.lang.Object)].JML accessible clause.0 
374923     DEBUG main            d.u.i.k.p.i.IntermediateProofReplayer Proof replay took 4.83ms 
374924     DEBUG main            d.u.i.k.p.r.p.TestFile    ... success: reloaded. 
374925     INFO  main            d.u.i.k.p.r.p.TestFile    Now processing file /home/runner/work/key/key/key.core/../key.ui/examples/heap/permissions/threads/Fib_preStart_accessible.key 
374925     INFO  main            d.u.i.k.p.i.AbstractProblemLoader Loading environment from /home/runner/work/key/key/key.core/../key.ui/examples/heap/permissions/threads/Fib_preStart_accessible.key 
374925     DEBUG main            d.u.i.k.p.i.AbstractProblemLoader Environment load took 87.7ns 
374926     INFO  main            d.u.i.k.p.i.AbstractProblemLoader Creating init config 
379269     DEBUG main            d.u.i.k.p.i.AbstractProblemLoader Init config took 4.34s 
379344     INFO  main            d.u.i.k.p.i.AbstractProblemLoader Replaying proof Fib[ThreadSpec::preStart(java.lang.Object)].JML accessible clause.0 
379345     DEBUG main            d.u.i.k.p.i.IntermediateProofReplayer Proof replay took 7.8ns 
379446     INFO  main            d.u.i.k.p.r.p.TestFile    ... finished proof: closed. 
379846     INFO  main            d.u.i.k.p.i.AbstractProblemLoader Loading environment from /home/runner/work/key/key/key.core/../key.ui/examples/heap/permissions/threads/Fib_preStart_accessible.key.proof 
379846     DEBUG main            d.u.i.k.p.i.AbstractProblemLoader Environment load took 90.9ns 
379847     INFO  main            d.u.i.k.p.i.AbstractProblemLoader Creating init config 
384127     DEBUG main            d.u.i.k.p.i.AbstractProblemLoader Init config took 4.28s 
384202     INFO  main            d.u.i.k.p.i.AbstractProblemLoader Replaying proof Fib[ThreadSpec::preStart(java.lang.Object)].JML accessible clause.0 
384208     DEBUG main            d.u.i.k.p.i.IntermediateProofReplayer Proof replay took 4.79ms 
384209     DEBUG main            d.u.i.k.p.r.p.TestFile    ... success: reloaded. 
384210     INFO  main            d.u.i.k.p.r.p.TestFile    Now processing file /home/runner/work/key/key/key.core/../key.ui/examples/heap/permissions/threads/Fib_startTransfer_accessible.key 
384210     INFO  main            d.u.i.k.p.i.AbstractProblemLoader Loading environment from /home/runner/work/key/key/key.core/../key.ui/examples/heap/permissions/threads/Fib_startTransfer_accessible.key 
384210     DEBUG main            d.u.i.k.p.i.AbstractProblemLoader Environment load took 109ns 
384211     INFO  main            d.u.i.k.p.i.AbstractProblemLoader Creating init config 
388563     DEBUG main            d.u.i.k.p.i.AbstractProblemLoader Init config took 4.35s 
388639     INFO  main            d.u.i.k.p.i.AbstractProblemLoader Replaying proof Fib[ThreadSpec::startTransfer()].JML accessible clause.0 
388640     DEBUG main            d.u.i.k.p.i.IntermediateProofReplayer Proof replay took 7.1ns 
388842     INFO  main            d.u.i.k.p.r.p.TestFile    ... finished proof: closed. 
389266     INFO  main            d.u.i.k.p.i.AbstractProblemLoader Loading environment from /home/runner/work/key/key/key.core/../key.ui/examples/heap/permissions/threads/Fib_startTransfer_accessible.key.proof 
389266     DEBUG main            d.u.i.k.p.i.AbstractProblemLoader Environment load took 94.5ns 
389267     INFO  main            d.u.i.k.p.i.AbstractProblemLoader Creating init config 
393532     DEBUG main            d.u.i.k.p.i.AbstractProblemLoader Init config took 4.26s 
393607     INFO  main            d.u.i.k.p.i.AbstractProblemLoader Replaying proof Fib[ThreadSpec::startTransfer()].JML accessible clause.0 
393643     DEBUG main            d.u.i.k.p.i.IntermediateProofReplayer Proof replay took 33.99ms 
393644     DEBUG main            d.u.i.k.p.r.p.TestFile    ... success: reloaded. 
393644     INFO  main            d.u.i.k.p.r.p.TestFile    Now processing file /home/runner/work/key/key/key.core/../key.ui/examples/heap/permissions/threads/Fib_startTransfer_contract.key 
393645     INFO  main            d.u.i.k.p.i.AbstractProblemLoader Loading environment from /home/runner/work/key/key/key.core/../key.ui/examples/heap/permissions/threads/Fib_startTransfer_contract.key 
393645     DEBUG main            d.u.i.k.p.i.AbstractProblemLoader Environment load took 54.7ns 
393645     INFO  main            d.u.i.k.p.i.AbstractProblemLoader Creating init config 
397997     DEBUG main            d.u.i.k.p.i.AbstractProblemLoader Init config took 4.35s 
398074     INFO  main            d.u.i.k.p.i.AbstractProblemLoader Replaying proof Fib[ThreadSpec::startTransfer()].JML model_behavior operation contract.0 
398075     DEBUG main            d.u.i.k.p.i.IntermediateProofReplayer Proof replay took 7.5ns 
398177     INFO  main            d.u.i.k.p.r.p.TestFile    ... finished proof: closed. 
398590     INFO  main            d.u.i.k.p.i.AbstractProblemLoader Loading environment from /home/runner/work/key/key/key.core/../key.ui/examples/heap/permissions/threads/Fib_startTransfer_contract.key.proof 
398590     DEBUG main            d.u.i.k.p.i.AbstractProblemLoader Environment load took 93.2ns 
398591     INFO  main            d.u.i.k.p.i.AbstractProblemLoader Creating init config 
402854     DEBUG main            d.u.i.k.p.i.AbstractProblemLoader Init config took 4.26s 
402930     INFO  main            d.u.i.k.p.i.AbstractProblemLoader Replaying proof Fib[ThreadSpec::startTransfer()].JML model_behavior operation contract.0 
402937     DEBUG main            d.u.i.k.p.i.IntermediateProofReplayer Proof replay took 5.97ms 
402938     DEBUG main            d.u.i.k.p.r.p.TestFile    ... success: reloaded. 
402939     INFO  main            d.u.i.k.p.r.p.TestFile    Now processing file /home/runner/work/key/key/key.core/../key.ui/examples/heap/permissions/threads/Fib_workingPermissions_accessible.key 
402939     INFO  main            d.u.i.k.p.i.AbstractProblemLoader Loading environment from /home/runner/work/key/key/key.core/../key.ui/examples/heap/permissions/threads/Fib_workingPermissions_accessible.key 
402939     DEBUG main            d.u.i.k.p.i.AbstractProblemLoader Environment load took 46.3ns 
402940     INFO  main            d.u.i.k.p.i.AbstractProblemLoader Creating init config 
407308     DEBUG main            d.u.i.k.p.i.AbstractProblemLoader Init config took 4.37s 
407384     INFO  main            d.u.i.k.p.i.AbstractProblemLoader Replaying proof Fib[ThreadSpec::workingPermissions()].JML accessible clause.0 
407385     DEBUG main            d.u.i.k.p.i.IntermediateProofReplayer Proof replay took 7.4ns 
407487     INFO  main            d.u.i.k.p.r.p.TestFile    ... finished proof: closed. 
407905     INFO  main            d.u.i.k.p.i.AbstractProblemLoader Loading environment from /home/runner/work/key/key/key.core/../key.ui/examples/heap/permissions/threads/Fib_workingPermissions_accessible.key.proof 
407905     DEBUG main            d.u.i.k.p.i.AbstractProblemLoader Environment load took 112.3ns 
407905     INFO  main            d.u.i.k.p.i.AbstractProblemLoader Creating init config 
412175     DEBUG main            d.u.i.k.p.i.AbstractProblemLoader Init config took 4.27s 
412250     INFO  main            d.u.i.k.p.i.AbstractProblemLoader Replaying proof Fib[ThreadSpec::workingPermissions()].JML accessible clause.0 
412253     DEBUG main            d.u.i.k.p.i.IntermediateProofReplayer Proof replay took 1.97ms 
412254     DEBUG main            d.u.i.k.p.r.p.TestFile    ... success: reloaded. 
412254     INFO  main            d.u.i.k.p.r.p.TestFile    Now processing file /home/runner/work/key/key/key.core/../key.ui/examples/heap/permissions/threads/Plotter_initPost_accessible.key 
412255     INFO  main            d.u.i.k.p.i.AbstractProblemLoader Loading environment from /home/runner/work/key/key/key.core/../key.ui/examples/heap/permissions/threads/Plotter_initPost_accessible.key 
412255     DEBUG main            d.u.i.k.p.i.AbstractProblemLoader Environment load took 48.2ns 
412255     INFO  main            d.u.i.k.p.i.AbstractProblemLoader Creating init config 
416613     DEBUG main            d.u.i.k.p.i.AbstractProblemLoader Init config took 4.36s 
416689     INFO  main            d.u.i.k.p.i.AbstractProblemLoader Replaying proof Plotter[ThreadSpec2::initPost()].JML accessible clause.0 
416690     DEBUG main            d.u.i.k.p.i.IntermediateProofReplayer Proof replay took 7.3ns 
416792     INFO  main            d.u.i.k.p.r.p.TestFile    ... finished proof: closed. 
417224     INFO  main            d.u.i.k.p.i.AbstractProblemLoader Loading environment from /home/runner/work/key/key/key.core/../key.ui/examples/heap/permissions/threads/Plotter_initPost_accessible.key.proof 
417224     DEBUG main            d.u.i.k.p.i.AbstractProblemLoader Environment load took 94.1ns 
417225     INFO  main            d.u.i.k.p.i.AbstractProblemLoader Creating init config 
421509     DEBUG main            d.u.i.k.p.i.AbstractProblemLoader Init config took 4.28s 
421584     INFO  main            d.u.i.k.p.i.AbstractProblemLoader Replaying proof Plotter[ThreadSpec2::initPost()].JML accessible clause.0 
421597     DEBUG main            d.u.i.k.p.i.IntermediateProofReplayer Proof replay took 11.66ms 
421598     DEBUG main            d.u.i.k.p.r.p.TestFile    ... success: reloaded. 
421599     INFO  main            d.u.i.k.p.r.p.TestFile    Now processing file /home/runner/work/key/key/key.core/../key.ui/examples/heap/permissions/threads/Plotter_inv_accessible1.key 
421599     INFO  main            d.u.i.k.p.i.AbstractProblemLoader Loading environment from /home/runner/work/key/key/key.core/../key.ui/examples/heap/permissions/threads/Plotter_inv_accessible1.key 
421599     DEBUG main            d.u.i.k.p.i.AbstractProblemLoader Environment load took 47.3ns 
421600     INFO  main            d.u.i.k.p.i.AbstractProblemLoader Creating init config 
425952     DEBUG main            d.u.i.k.p.i.AbstractProblemLoader Init config took 4.35s 
426028     INFO  main            d.u.i.k.p.i.AbstractProblemLoader Replaying proof Plotter[java.lang.Object::<inv>()].JML accessible clause.0 
426029     DEBUG main            d.u.i.k.p.i.IntermediateProofReplayer Proof replay took 7.4ns 
426131     INFO  main            d.u.i.k.p.r.p.TestFile    ... finished proof: closed. 
426563     INFO  main            d.u.i.k.p.i.AbstractProblemLoader Loading environment from /home/runner/work/key/key/key.core/../key.ui/examples/heap/permissions/threads/Plotter_inv_accessible1.key.proof 
426563     DEBUG main            d.u.i.k.p.i.AbstractProblemLoader Environment load took 91.7ns 
426564     INFO  main            d.u.i.k.p.i.AbstractProblemLoader Creating init config 
430843     DEBUG main            d.u.i.k.p.i.AbstractProblemLoader Init config took 4.28s 
430918     INFO  main            d.u.i.k.p.i.AbstractProblemLoader Replaying proof Plotter[java.lang.Object::<inv>()].JML accessible clause.0 
430921     DEBUG main            d.u.i.k.p.i.IntermediateProofReplayer Proof replay took 1.57ms 
430921     DEBUG main            d.u.i.k.p.r.p.TestFile    ... success: reloaded. 
430922     INFO  main            d.u.i.k.p.r.p.TestFile    Now processing file /home/runner/work/key/key/key.core/../key.ui/examples/heap/permissions/threads/Plotter_inv_accessible2.key 
430922     INFO  main            d.u.i.k.p.i.AbstractProblemLoader Loading environment from /home/runner/work/key/key/key.core/../key.ui/examples/heap/permissions/threads/Plotter_inv_accessible2.key 
430922     DEBUG main            d.u.i.k.p.i.AbstractProblemLoader Environment load took 48ns 
430923     INFO  main            d.u.i.k.p.i.AbstractProblemLoader Creating init config 
435277     DEBUG main            d.u.i.k.p.i.AbstractProblemLoader Init config took 4.35s 
435353     INFO  main            d.u.i.k.p.i.AbstractProblemLoader Replaying proof Plotter[java.lang.Object::<inv>()].JML accessible clause.1 
435354     DEBUG main            d.u.i.k.p.i.IntermediateProofReplayer Proof replay took 7.9ns 
435455     INFO  main            d.u.i.k.p.r.p.TestFile    ... finished proof: closed. 
435893     INFO  main            d.u.i.k.p.i.AbstractProblemLoader Loading environment from /home/runner/work/key/key/key.core/../key.ui/examples/heap/permissions/threads/Plotter_inv_accessible2.key.proof 
435893     DEBUG main            d.u.i.k.p.i.AbstractProblemLoader Environment load took 90.2ns 
435894     INFO  main            d.u.i.k.p.i.AbstractProblemLoader Creating init config 
440180     DEBUG main            d.u.i.k.p.i.AbstractProblemLoader Init config took 4.29s 
440255     INFO  main            d.u.i.k.p.i.AbstractProblemLoader Replaying proof Plotter[java.lang.Object::<inv>()].JML accessible clause.1 
440257     DEBUG main            d.u.i.k.p.i.IntermediateProofReplayer Proof replay took 1.59ms 
440258     DEBUG main            d.u.i.k.p.r.p.TestFile    ... success: reloaded. 
440259     INFO  main            d.u.i.k.p.r.p.TestFile    Now processing file /home/runner/work/key/key/key.core/../key.ui/examples/heap/permissions/threads/Plotter_joinTransfer_contract.key 
440259     INFO  main            d.u.i.k.p.i.AbstractProblemLoader Loading environment from /home/runner/work/key/key/key.core/../key.ui/examples/heap/permissions/threads/Plotter_joinTransfer_contract.key 
440259     DEBUG main            d.u.i.k.p.i.AbstractProblemLoader Environment load took 48.3ns 
440260     INFO  main            d.u.i.k.p.i.AbstractProblemLoader Creating init config 
444625     DEBUG main            d.u.i.k.p.i.AbstractProblemLoader Init config took 4.36s 
444716     INFO  main            d.u.i.k.p.i.AbstractProblemLoader Replaying proof Plotter[ThreadSpec2::joinTransfer()].JML model_behavior operation contract.0 
444718     DEBUG main            d.u.i.k.p.i.IntermediateProofReplayer Proof replay took 7.8ns 
444819     INFO  main            d.u.i.k.p.r.p.TestFile    ... finished proof: closed. 
445267     INFO  main            d.u.i.k.p.i.AbstractProblemLoader Loading environment from /home/runner/work/key/key/key.core/../key.ui/examples/heap/permissions/threads/Plotter_joinTransfer_contract.key.proof 
445267     DEBUG main            d.u.i.k.p.i.AbstractProblemLoader Environment load took 92.1ns 
445268     INFO  main            d.u.i.k.p.i.AbstractProblemLoader Creating init config 
449551     DEBUG main            d.u.i.k.p.i.AbstractProblemLoader Init config took 4.28s 
449627     INFO  main            d.u.i.k.p.i.AbstractProblemLoader Replaying proof Plotter[ThreadSpec2::joinTransfer()].JML model_behavior operation contract.0 
449635     DEBUG main            d.u.i.k.p.i.IntermediateProofReplayer Proof replay took 6.68ms 
449636     DEBUG main            d.u.i.k.p.r.p.TestFile    ... success: reloaded. 
449637     INFO  main            d.u.i.k.p.r.p.TestFile    Now processing file /home/runner/work/key/key/key.core/../key.ui/examples/heap/permissions/threads/Plotter_Plotter.key 
449637     INFO  main            d.u.i.k.p.i.AbstractProblemLoader Loading environment from /home/runner/work/key/key/key.core/../key.ui/examples/heap/permissions/threads/Plotter_Plotter.key 
449637     DEBUG main            d.u.i.k.p.i.AbstractProblemLoader Environment load took 46.8ns 
449638     INFO  main            d.u.i.k.p.i.AbstractProblemLoader Creating init config 
454009     DEBUG main            d.u.i.k.p.i.AbstractProblemLoader Init config took 4.37s 
454084     INFO  main            d.u.i.k.p.i.AbstractProblemLoader Replaying proof Plotter[Plotter::Plotter(AFilter,BFilter,Buffer)].JML normal_behavior operation contract.0 
454085     DEBUG main            d.u.i.k.p.i.IntermediateProofReplayer Proof replay took 7.8ns 
455690     INFO  main            d.u.i.k.p.r.p.TestFile    ... finished proof: closed. 
456168     INFO  main            d.u.i.k.p.i.AbstractProblemLoader Loading environment from /home/runner/work/key/key/key.core/../key.ui/examples/heap/permissions/threads/Plotter_Plotter.key.proof 
456168     DEBUG main            d.u.i.k.p.i.AbstractProblemLoader Environment load took 97.9ns 
456169     INFO  main            d.u.i.k.p.i.AbstractProblemLoader Creating init config 
460472     DEBUG main            d.u.i.k.p.i.AbstractProblemLoader Init config took 4.3s 
460548     INFO  main            d.u.i.k.p.i.AbstractProblemLoader Replaying proof Plotter[Plotter::Plotter(AFilter,BFilter,Buffer)].JML normal_behavior operation contract.0 
460783     DEBUG main            d.u.i.k.p.i.IntermediateProofReplayer Proof replay took 229.77ms 
460784     DEBUG main            d.u.i.k.p.r.p.TestFile    ... success: reloaded. 
460784     INFO  main            d.u.i.k.p.r.p.TestFile    Now processing file /home/runner/work/key/key/key.core/../key.ui/examples/heap/permissions/threads/Plotter_postJoin_accessible.key 
460785     INFO  main            d.u.i.k.p.i.AbstractProblemLoader Loading environment from /home/runner/work/key/key/key.core/../key.ui/examples/heap/permissions/threads/Plotter_postJoin_accessible.key 
460785     DEBUG main            d.u.i.k.p.i.AbstractProblemLoader Environment load took 51.4ns 
460785     INFO  main            d.u.i.k.p.i.AbstractProblemLoader Creating init config 
465180     DEBUG main            d.u.i.k.p.i.AbstractProblemLoader Init config took 4.39s 
465256     INFO  main            d.u.i.k.p.i.AbstractProblemLoader Replaying proof Plotter[ThreadSpec2::postJoin(java.lang.Object)].JML accessible clause.0 
465257     DEBUG main            d.u.i.k.p.i.IntermediateProofReplayer Proof replay took 8.1ns 
465359     INFO  main            d.u.i.k.p.r.p.TestFile    ... finished proof: closed. 
465836     INFO  main            d.u.i.k.p.i.AbstractProblemLoader Loading environment from /home/runner/work/key/key/key.core/../key.ui/examples/heap/permissions/threads/Plotter_postJoin_accessible.key.proof 
465836     DEBUG main            d.u.i.k.p.i.AbstractProblemLoader Environment load took 92.5ns 
465836     INFO  main            d.u.i.k.p.i.AbstractProblemLoader Creating init config 
470124     DEBUG main            d.u.i.k.p.i.AbstractProblemLoader Init config took 4.29s 
470199     INFO  main            d.u.i.k.p.i.AbstractProblemLoader Replaying proof Plotter[ThreadSpec2::postJoin(java.lang.Object)].JML accessible clause.0 
470211     DEBUG main            d.u.i.k.p.i.IntermediateProofReplayer Proof replay took 10.88ms 
470212     DEBUG main            d.u.i.k.p.r.p.TestFile    ... success: reloaded. 
470213     INFO  main            d.u.i.k.p.r.p.TestFile    Now processing file /home/runner/work/key/key/key.core/../key.ui/examples/heap/permissions/threads/Plotter_preStart_accessible.key 
470213     INFO  main            d.u.i.k.p.i.AbstractProblemLoader Loading environment from /home/runner/work/key/key/key.core/../key.ui/examples/heap/permissions/threads/Plotter_preStart_accessible.key 
470213     DEBUG main            d.u.i.k.p.i.AbstractProblemLoader Environment load took 47.3ns 
470214     INFO  main            d.u.i.k.p.i.AbstractProblemLoader Creating init config 
474568     DEBUG main            d.u.i.k.p.i.AbstractProblemLoader Init config took 4.35s 
474643     INFO  main            d.u.i.k.p.i.AbstractProblemLoader Replaying proof Plotter[ThreadSpec2::preStart(java.lang.Object)].JML accessible clause.0 
474644     DEBUG main            d.u.i.k.p.i.IntermediateProofReplayer Proof replay took 7.7ns 
475647     INFO  main            d.u.i.k.p.r.p.TestFile    ... finished proof: closed. 
476117     INFO  main            d.u.i.k.p.i.AbstractProblemLoader Loading environment from /home/runner/work/key/key/key.core/../key.ui/examples/heap/permissions/threads/Plotter_preStart_accessible.key.proof 
476117     DEBUG main            d.u.i.k.p.i.AbstractProblemLoader Environment load took 105.9ns 
476118     INFO  main            d.u.i.k.p.i.AbstractProblemLoader Creating init config 
480418     DEBUG main            d.u.i.k.p.i.AbstractProblemLoader Init config took 4.3s 
480492     INFO  main            d.u.i.k.p.i.AbstractProblemLoader Replaying proof Plotter[ThreadSpec2::preStart(java.lang.Object)].JML accessible clause.0 
480571     DEBUG main            d.u.i.k.p.i.IntermediateProofReplayer Proof replay took 74.78ms 
480572     DEBUG main            d.u.i.k.p.r.p.TestFile    ... success: reloaded. 
480573     INFO  main            d.u.i.k.p.r.p.TestFile    Now processing file /home/runner/work/key/key/key.core/../key.ui/examples/heap/permissions/threads/Plotter_stateInv_accessible.key 
480573     INFO  main            d.u.i.k.p.i.AbstractProblemLoader Loading environment from /home/runner/work/key/key/key.core/../key.ui/examples/heap/permissions/threads/Plotter_stateInv_accessible.key 
480573     DEBUG main            d.u.i.k.p.i.AbstractProblemLoader Environment load took 79.5ns 
480574     INFO  main            d.u.i.k.p.i.AbstractProblemLoader Creating init config 
484932     DEBUG main            d.u.i.k.p.i.AbstractProblemLoader Init config took 4.36s 
485022     INFO  main            d.u.i.k.p.i.AbstractProblemLoader Replaying proof Plotter[ThreadSpec2::stateInv()].JML accessible clause.0 
485023     DEBUG main            d.u.i.k.p.i.IntermediateProofReplayer Proof replay took 7.6ns 
491767     INFO  main            d.u.i.k.p.r.p.TestFile    ... finished proof: closed. 
492279     INFO  main            d.u.i.k.p.i.AbstractProblemLoader Loading environment from /home/runner/work/key/key/key.core/../key.ui/examples/heap/permissions/threads/Plotter_stateInv_accessible.key.proof 
492279     DEBUG main            d.u.i.k.p.i.AbstractProblemLoader Environment load took 387.51ns 
492281     INFO  main            d.u.i.k.p.i.AbstractProblemLoader Creating init config 
496582     DEBUG main            d.u.i.k.p.i.AbstractProblemLoader Init config took 4.3s 
496657     INFO  main            d.u.i.k.p.i.AbstractProblemLoader Replaying proof Plotter[ThreadSpec2::stateInv()].JML accessible clause.0 
497265     DEBUG main            d.u.i.k.p.i.IntermediateProofReplayer Proof replay took 595.19ms 
497267     DEBUG main            d.u.i.k.p.r.p.TestFile    ... success: reloaded. 
497268     INFO  main            d.u.i.k.p.r.p.TestFile    Now processing file /home/runner/work/key/key/key.core/../key.ui/examples/heap/permissions/threads/Plotter_staticPermissions_accessible.key 
497268     INFO  main            d.u.i.k.p.i.AbstractProblemLoader Loading environment from /home/runner/work/key/key/key.core/../key.ui/examples/heap/permissions/threads/Plotter_staticPermissions_accessible.key 
497268     DEBUG main            d.u.i.k.p.i.AbstractProblemLoader Environment load took 49.4ns 
497269     INFO  main            d.u.i.k.p.i.AbstractProblemLoader Creating init config 
501668     DEBUG main            d.u.i.k.p.i.AbstractProblemLoader Init config took 4.4s 
501743     INFO  main            d.u.i.k.p.i.AbstractProblemLoader Replaying proof Plotter[ThreadSpec2::staticPermissions()].JML accessible clause.0 
501744     DEBUG main            d.u.i.k.p.i.IntermediateProofReplayer Proof replay took 43.7ns 
502452     INFO  main            d.u.i.k.p.r.p.TestFile    ... finished proof: closed. 
502933     INFO  main            d.u.i.k.p.i.AbstractProblemLoader Loading environment from /home/runner/work/key/key/key.core/../key.ui/examples/heap/permissions/threads/Plotter_staticPermissions_accessible.key.proof 
502933     DEBUG main            d.u.i.k.p.i.AbstractProblemLoader Environment load took 89ns 
502934     INFO  main            d.u.i.k.p.i.AbstractProblemLoader Creating init config 
507222     DEBUG main            d.u.i.k.p.i.AbstractProblemLoader Init config took 4.29s 
507299     INFO  main            d.u.i.k.p.i.AbstractProblemLoader Replaying proof Plotter[ThreadSpec2::staticPermissions()].JML accessible clause.0 
507356     DEBUG main            d.u.i.k.p.i.IntermediateProofReplayer Proof replay took 54.29ms 
507357     DEBUG main            d.u.i.k.p.r.p.TestFile    ... success: reloaded. 
507357     INFO  main            d.u.i.k.p.r.p.TestFile    Now processing file /home/runner/work/key/key/key.core/../key.ui/examples/heap/permissions/threads/Plotter_workingPermissions_accessible.key 
507358     INFO  main            d.u.i.k.p.i.AbstractProblemLoader Loading environment from /home/runner/work/key/key/key.core/../key.ui/examples/heap/permissions/threads/Plotter_workingPermissions_accessible.key 
507358     DEBUG main            d.u.i.k.p.i.AbstractProblemLoader Environment load took 72.5ns 
507359     INFO  main            d.u.i.k.p.i.AbstractProblemLoader Creating init config 
511732     DEBUG main            d.u.i.k.p.i.AbstractProblemLoader Init config took 4.37s 
511808     INFO  main            d.u.i.k.p.i.AbstractProblemLoader Replaying proof Plotter[ThreadSpec2::workingPermissions()].JML accessible clause.0 
511809     DEBUG main            d.u.i.k.p.i.IntermediateProofReplayer Proof replay took 3.1ns 
512011     INFO  main            d.u.i.k.p.r.p.TestFile    ... finished proof: closed. 
512500     INFO  main            d.u.i.k.p.i.AbstractProblemLoader Loading environment from /home/runner/work/key/key/key.core/../key.ui/examples/heap/permissions/threads/Plotter_workingPermissions_accessible.key.proof 
512500     DEBUG main            d.u.i.k.p.i.AbstractProblemLoader Environment load took 88.6ns 
512501     INFO  main            d.u.i.k.p.i.AbstractProblemLoader Creating init config 
516769     DEBUG main            d.u.i.k.p.i.AbstractProblemLoader Init config took 4.27s 
516845     INFO  main            d.u.i.k.p.i.AbstractProblemLoader Replaying proof Plotter[ThreadSpec2::workingPermissions()].JML accessible clause.0 
516860     DEBUG main            d.u.i.k.p.i.IntermediateProofReplayer Proof replay took 13.89ms 
516861     DEBUG main            d.u.i.k.p.r.p.TestFile    ... success: reloaded. 
516862     INFO  main            d.u.i.k.p.r.p.TestFile    Now processing file /home/runner/work/key/key/key.core/../key.ui/examples/heap/permissions/threads/Sampler_initPost_accessible.key 
516862     INFO  main            d.u.i.k.p.i.AbstractProblemLoader Loading environment from /home/runner/work/key/key/key.core/../key.ui/examples/heap/permissions/threads/Sampler_initPost_accessible.key 
516862     DEBUG main            d.u.i.k.p.i.AbstractProblemLoader Environment load took 58.1ns 
516863     INFO  main            d.u.i.k.p.i.AbstractProblemLoader Creating init config 
521205     DEBUG main            d.u.i.k.p.i.AbstractProblemLoader Init config took 4.34s 
521281     INFO  main            d.u.i.k.p.i.AbstractProblemLoader Replaying proof Sampler[ThreadSpec2::initPost()].JML accessible clause.0 
521282     DEBUG main            d.u.i.k.p.i.IntermediateProofReplayer Proof replay took 3.4ns 
521384     INFO  main            d.u.i.k.p.r.p.TestFile    ... finished proof: closed. 
521881     INFO  main            d.u.i.k.p.i.AbstractProblemLoader Loading environment from /home/runner/work/key/key/key.core/../key.ui/examples/heap/permissions/threads/Sampler_initPost_accessible.key.proof 
521881     DEBUG main            d.u.i.k.p.i.AbstractProblemLoader Environment load took 89ns 
521882     INFO  main            d.u.i.k.p.i.AbstractProblemLoader Creating init config 
526157     DEBUG main            d.u.i.k.p.i.AbstractProblemLoader Init config took 4.28s 
526233     INFO  main            d.u.i.k.p.i.AbstractProblemLoader Replaying proof Sampler[ThreadSpec2::initPost()].JML accessible clause.0 
526239     DEBUG main            d.u.i.k.p.i.IntermediateProofReplayer Proof replay took 5.02ms 
526240     DEBUG main            d.u.i.k.p.r.p.TestFile    ... success: reloaded. 
526241     INFO  main            d.u.i.k.p.r.p.TestFile    Now processing file /home/runner/work/key/key/key.core/../key.ui/examples/heap/permissions/threads/Sampler_inv_accessible1.key 
526241     INFO  main            d.u.i.k.p.i.AbstractProblemLoader Loading environment from /home/runner/work/key/key/key.core/../key.ui/examples/heap/permissions/threads/Sampler_inv_accessible1.key 
526241     DEBUG main            d.u.i.k.p.i.AbstractProblemLoader Environment load took 46.5ns 
526242     INFO  main            d.u.i.k.p.i.AbstractProblemLoader Creating init config 
530594     DEBUG main            d.u.i.k.p.i.AbstractProblemLoader Init config took 4.35s 
530669     INFO  main            d.u.i.k.p.i.AbstractProblemLoader Replaying proof Sampler[java.lang.Object::<inv>()].JML accessible clause.0 
530670     DEBUG main            d.u.i.k.p.i.IntermediateProofReplayer Proof replay took 2.7ns 
530771     INFO  main            d.u.i.k.p.r.p.TestFile    ... finished proof: closed. 
531267     INFO  main            d.u.i.k.p.i.AbstractProblemLoader Loading environment from /home/runner/work/key/key/key.core/../key.ui/examples/heap/permissions/threads/Sampler_inv_accessible1.key.proof 
531267     DEBUG main            d.u.i.k.p.i.AbstractProblemLoader Environment load took 87.8ns 
531268     INFO  main            d.u.i.k.p.i.AbstractProblemLoader Creating init config 
535531     DEBUG main            d.u.i.k.p.i.AbstractProblemLoader Init config took 4.26s 
535605     INFO  main            d.u.i.k.p.i.AbstractProblemLoader Replaying proof Sampler[java.lang.Object::<inv>()].JML accessible clause.0 
535607     DEBUG main            d.u.i.k.p.i.IntermediateProofReplayer Proof replay took 1.44ms 
535608     DEBUG main            d.u.i.k.p.r.p.TestFile    ... success: reloaded. 
535609     INFO  main            d.u.i.k.p.r.p.TestFile    Now processing file /home/runner/work/key/key/key.core/../key.ui/examples/heap/permissions/threads/Sampler_inv_accessible2.key 
535609     INFO  main            d.u.i.k.p.i.AbstractProblemLoader Loading environment from /home/runner/work/key/key/key.core/../key.ui/examples/heap/permissions/threads/Sampler_inv_accessible2.key 
535609     DEBUG main            d.u.i.k.p.i.AbstractProblemLoader Environment load took 42.6ns 
535610     INFO  main            d.u.i.k.p.i.AbstractProblemLoader Creating init config 
539943     DEBUG main            d.u.i.k.p.i.AbstractProblemLoader Init config took 4.33s 
540018     INFO  main            d.u.i.k.p.i.AbstractProblemLoader Replaying proof Sampler[java.lang.Object::<inv>()].JML accessible clause.1 
540019     DEBUG main            d.u.i.k.p.i.IntermediateProofReplayer Proof replay took 3.3ns 
540121     INFO  main            d.u.i.k.p.r.p.TestFile    ... finished proof: closed. 
540621     INFO  main            d.u.i.k.p.i.AbstractProblemLoader Loading environment from /home/runner/work/key/key/key.core/../key.ui/examples/heap/permissions/threads/Sampler_inv_accessible2.key.proof 
540622     DEBUG main            d.u.i.k.p.i.AbstractProblemLoader Environment load took 84ns 
540622     INFO  main            d.u.i.k.p.i.AbstractProblemLoader Creating init config 
544875     DEBUG main            d.u.i.k.p.i.AbstractProblemLoader Init config took 4.25s 
544950     INFO  main            d.u.i.k.p.i.AbstractProblemLoader Replaying proof Sampler[java.lang.Object::<inv>()].JML accessible clause.1 
544953     DEBUG main            d.u.i.k.p.i.IntermediateProofReplayer Proof replay took 1.49ms 
544953     DEBUG main            d.u.i.k.p.r.p.TestFile    ... success: reloaded. 
544954     INFO  main            d.u.i.k.p.r.p.TestFile    Now processing file /home/runner/work/key/key/key.core/../key.ui/examples/heap/permissions/threads/Sampler_joinTransfer_accessible.key 
544954     INFO  main            d.u.i.k.p.i.AbstractProblemLoader Loading environment from /home/runner/work/key/key/key.core/../key.ui/examples/heap/permissions/threads/Sampler_joinTransfer_accessible.key 
544954     DEBUG main            d.u.i.k.p.i.AbstractProblemLoader Environment load took 61.4ns 
544955     INFO  main            d.u.i.k.p.i.AbstractProblemLoader Creating init config 
549283     DEBUG main            d.u.i.k.p.i.AbstractProblemLoader Init config took 4.33s 
549376     INFO  main            d.u.i.k.p.i.AbstractProblemLoader Replaying proof Sampler[ThreadSpec2::joinTransfer()].JML accessible clause.0 
549377     DEBUG main            d.u.i.k.p.i.IntermediateProofReplayer Proof replay took 3.3ns 
552390     INFO  main            d.u.i.k.p.r.p.TestFile    ... finished proof: closed. 
552912     INFO  main            d.u.i.k.p.i.AbstractProblemLoader Loading environment from /home/runner/work/key/key/key.core/../key.ui/examples/heap/permissions/threads/Sampler_joinTransfer_accessible.key.proof 
552913     DEBUG main            d.u.i.k.p.i.AbstractProblemLoader Environment load took 722.22ns 
552914     INFO  main            d.u.i.k.p.i.AbstractProblemLoader Creating init config 
557181     DEBUG main            d.u.i.k.p.i.AbstractProblemLoader Init config took 4.27s 
557256     INFO  main            d.u.i.k.p.i.AbstractProblemLoader Replaying proof Sampler[ThreadSpec2::joinTransfer()].JML accessible clause.0 
557845     DEBUG main            d.u.i.k.p.i.IntermediateProofReplayer Proof replay took 579.75ms 
557846     DEBUG main            d.u.i.k.p.r.p.TestFile    ... success: reloaded. 
557847     INFO  main            d.u.i.k.p.r.p.TestFile    Now processing file /home/runner/work/key/key/key.core/../key.ui/examples/heap/permissions/threads/Sampler_joinTransfer_contract.key 
557847     INFO  main            d.u.i.k.p.i.AbstractProblemLoader Loading environment from /home/runner/work/key/key/key.core/../key.ui/examples/heap/permissions/threads/Sampler_joinTransfer_contract.key 
557848     DEBUG main            d.u.i.k.p.i.AbstractProblemLoader Environment load took 75.7ns 
557848     INFO  main            d.u.i.k.p.i.AbstractProblemLoader Creating init config 
562217     DEBUG main            d.u.i.k.p.i.AbstractProblemLoader Init config took 4.37s 
562293     INFO  main            d.u.i.k.p.i.AbstractProblemLoader Replaying proof Sampler[ThreadSpec2::joinTransfer()].JML model_behavior operation contract.0 
562294     DEBUG main            d.u.i.k.p.i.IntermediateProofReplayer Proof replay took 3.4ns 
562396     INFO  main            d.u.i.k.p.r.p.TestFile    ... finished proof: closed. 
562913     INFO  main            d.u.i.k.p.i.AbstractProblemLoader Loading environment from /home/runner/work/key/key/key.core/../key.ui/examples/heap/permissions/threads/Sampler_joinTransfer_contract.key.proof 
562913     DEBUG main            d.u.i.k.p.i.AbstractProblemLoader Environment load took 81.5ns 
562914     INFO  main            d.u.i.k.p.i.AbstractProblemLoader Creating init config 
567189     DEBUG main            d.u.i.k.p.i.AbstractProblemLoader Init config took 4.27s 
567277     INFO  main            d.u.i.k.p.i.AbstractProblemLoader Replaying proof Sampler[ThreadSpec2::joinTransfer()].JML model_behavior operation contract.0 
567284     DEBUG main            d.u.i.k.p.i.IntermediateProofReplayer Proof replay took 6.01ms 
567285     DEBUG main            d.u.i.k.p.r.p.TestFile    ... success: reloaded. 
567286     INFO  main            d.u.i.k.p.r.p.TestFile    Now processing file /home/runner/work/key/key/key.core/../key.ui/examples/heap/permissions/threads/Sampler_postJoin_accessible.key 
567286     INFO  main            d.u.i.k.p.i.AbstractProblemLoader Loading environment from /home/runner/work/key/key/key.core/../key.ui/examples/heap/permissions/threads/Sampler_postJoin_accessible.key 
567286     DEBUG main            d.u.i.k.p.i.AbstractProblemLoader Environment load took 89.1ns 
567287     INFO  main            d.u.i.k.p.i.AbstractProblemLoader Creating init config 
571627     DEBUG main            d.u.i.k.p.i.AbstractProblemLoader Init config took 4.34s 
571701     INFO  main            d.u.i.k.p.i.AbstractProblemLoader Replaying proof Sampler[ThreadSpec2::postJoin(java.lang.Object)].JML accessible clause.0 
571703     DEBUG main            d.u.i.k.p.i.IntermediateProofReplayer Proof replay took 3.1ns 
571804     INFO  main            d.u.i.k.p.r.p.TestFile    ... finished proof: closed. 
572326     INFO  main            d.u.i.k.p.i.AbstractProblemLoader Loading environment from /home/runner/work/key/key/key.core/../key.ui/examples/heap/permissions/threads/Sampler_postJoin_accessible.key.proof 
572326     DEBUG main            d.u.i.k.p.i.AbstractProblemLoader Environment load took 79.3ns 
572327     INFO  main            d.u.i.k.p.i.AbstractProblemLoader Creating init config 
576597     DEBUG main            d.u.i.k.p.i.AbstractProblemLoader Init config took 4.27s 
576682     INFO  main            d.u.i.k.p.i.AbstractProblemLoader Replaying proof Sampler[ThreadSpec2::postJoin(java.lang.Object)].JML accessible clause.0 
576692     DEBUG main            d.u.i.k.p.i.IntermediateProofReplayer Proof replay took 7.67ms 
576693     DEBUG main            d.u.i.k.p.r.p.TestFile    ... success: reloaded. 
576694     INFO  main            d.u.i.k.p.r.p.TestFile    Now processing file /home/runner/work/key/key/key.core/../key.ui/examples/heap/permissions/threads/Sampler_preStart_accessible.key 
576694     INFO  main            d.u.i.k.p.i.AbstractProblemLoader Loading environment from /home/runner/work/key/key/key.core/../key.ui/examples/heap/permissions/threads/Sampler_preStart_accessible.key 
576694     DEBUG main            d.u.i.k.p.i.AbstractProblemLoader Environment load took 151.7ns 
576695     INFO  main            d.u.i.k.p.i.AbstractProblemLoader Creating init config 
581023     DEBUG main            d.u.i.k.p.i.AbstractProblemLoader Init config took 4.33s 
581097     INFO  main            d.u.i.k.p.i.AbstractProblemLoader Replaying proof Sampler[ThreadSpec2::preStart(java.lang.Object)].JML accessible clause.0 
581099     DEBUG main            d.u.i.k.p.i.IntermediateProofReplayer Proof replay took 3ns 
581200     INFO  main            d.u.i.k.p.r.p.TestFile    ... finished proof: closed. 
581770     INFO  main            d.u.i.k.p.i.AbstractProblemLoader Loading environment from /home/runner/work/key/key/key.core/../key.ui/examples/heap/permissions/threads/Sampler_preStart_accessible.key.proof 
581770     DEBUG main            d.u.i.k.p.i.AbstractProblemLoader Environment load took 102.1ns 
581771     INFO  main            d.u.i.k.p.i.AbstractProblemLoader Creating init config 
586054     DEBUG main            d.u.i.k.p.i.AbstractProblemLoader Init config took 4.28s 
586128     INFO  main            d.u.i.k.p.i.AbstractProblemLoader Replaying proof Sampler[ThreadSpec2::preStart(java.lang.Object)].JML accessible clause.0 
586137     DEBUG main            d.u.i.k.p.i.IntermediateProofReplayer Proof replay took 7.64ms 
586138     DEBUG main            d.u.i.k.p.r.p.TestFile    ... success: reloaded. 
586138     INFO  main            d.u.i.k.p.r.p.TestFile    Now processing file /home/runner/work/key/key/key.core/../key.ui/examples/heap/permissions/threads/Sampler_run.key 
586139     INFO  main            d.u.i.k.p.i.AbstractProblemLoader Loading environment from /home/runner/work/key/key/key.core/../key.ui/examples/heap/permissions/threads/Sampler_run.key 
586139     DEBUG main            d.u.i.k.p.i.AbstractProblemLoader Environment load took 42.8ns 
586139     INFO  main            d.u.i.k.p.i.AbstractProblemLoader Creating init config 
590487     DEBUG main            d.u.i.k.p.i.AbstractProblemLoader Init config took 4.35s 
590562     INFO  main            d.u.i.k.p.i.AbstractProblemLoader Replaying proof Sampler[ThreadSpec2::run()].JML normal_behavior operation contract.0 
590563     DEBUG main            d.u.i.k.p.i.IntermediateProofReplayer Proof replay took 3.1ns 
590665     INFO  main            d.u.i.k.p.r.p.TestFile    ... finished proof: closed. 
591202     INFO  main            d.u.i.k.p.i.AbstractProblemLoader Loading environment from /home/runner/work/key/key/key.core/../key.ui/examples/heap/permissions/threads/Sampler_run.key.proof 
591202     DEBUG main            d.u.i.k.p.i.AbstractProblemLoader Environment load took 86.3ns 
591203     INFO  main            d.u.i.k.p.i.AbstractProblemLoader Creating init config 
595478     DEBUG main            d.u.i.k.p.i.AbstractProblemLoader Init config took 4.27s 
595552     INFO  main            d.u.i.k.p.i.AbstractProblemLoader Replaying proof Sampler[ThreadSpec2::run()].JML normal_behavior operation contract.0 
595583     DEBUG main            d.u.i.k.p.i.IntermediateProofReplayer Proof replay took 29.23ms 
595584     DEBUG main            d.u.i.k.p.r.p.TestFile    ... success: reloaded. 
595585     INFO  main            d.u.i.k.p.r.p.TestFile    Now processing file /home/runner/work/key/key/key.core/../key.ui/examples/heap/permissions/threads/Sampler_Sampler.key 
595585     INFO  main            d.u.i.k.p.i.AbstractProblemLoader Loading environment from /home/runner/work/key/key/key.core/../key.ui/examples/heap/permissions/threads/Sampler_Sampler.key 
595585     DEBUG main            d.u.i.k.p.i.AbstractProblemLoader Environment load took 76.1ns 
595586     INFO  main            d.u.i.k.p.i.AbstractProblemLoader Creating init config 
599952     DEBUG main            d.u.i.k.p.i.AbstractProblemLoader Init config took 4.37s 
600027     INFO  main            d.u.i.k.p.i.AbstractProblemLoader Replaying proof Sampler[Sampler::Sampler(Buffer)].JML normal_behavior operation contract.0 
600028     DEBUG main            d.u.i.k.p.i.IntermediateProofReplayer Proof replay took 3.2ns 
600530     INFO  main            d.u.i.k.p.r.p.TestFile    ... finished proof: closed. 
601096     INFO  main            d.u.i.k.p.i.AbstractProblemLoader Loading environment from /home/runner/work/key/key/key.core/../key.ui/examples/heap/permissions/threads/Sampler_Sampler.key.proof 
601096     DEBUG main            d.u.i.k.p.i.AbstractProblemLoader Environment load took 80.9ns 
601105     INFO  main            d.u.i.k.p.i.AbstractProblemLoader Creating init config 
605459     DEBUG main            d.u.i.k.p.i.AbstractProblemLoader Init config took 4.35s 
605533     INFO  main            d.u.i.k.p.i.AbstractProblemLoader Replaying proof Sampler[Sampler::Sampler(Buffer)].JML normal_behavior operation contract.0 
605613     DEBUG main            d.u.i.k.p.i.IntermediateProofReplayer Proof replay took 77.13ms 
605614     DEBUG main            d.u.i.k.p.r.p.TestFile    ... success: reloaded. 
605614     INFO  main            d.u.i.k.p.r.p.TestFile    Now processing file /home/runner/work/key/key/key.core/../key.ui/examples/heap/permissions/threads/Sampler_startTransfer_accessible.key 
605614     INFO  main            d.u.i.k.p.i.AbstractProblemLoader Loading environment from /home/runner/work/key/key/key.core/../key.ui/examples/heap/permissions/threads/Sampler_startTransfer_accessible.key 
605615     DEBUG main            d.u.i.k.p.i.AbstractProblemLoader Environment load took 46.3ns 
605615     INFO  main            d.u.i.k.p.i.AbstractProblemLoader Creating init config 
609966     DEBUG main            d.u.i.k.p.i.AbstractProblemLoader Init config took 4.35s 
610040     INFO  main            d.u.i.k.p.i.AbstractProblemLoader Replaying proof Sampler[ThreadSpec2::startTransfer()].JML accessible clause.0 
610042     DEBUG main            d.u.i.k.p.i.IntermediateProofReplayer Proof replay took 3ns 
613774     INFO  main            d.u.i.k.p.r.p.TestFile    ... finished proof: closed. 
614337     INFO  main            d.u.i.k.p.i.AbstractProblemLoader Loading environment from /home/runner/work/key/key/key.core/../key.ui/examples/heap/permissions/threads/Sampler_startTransfer_accessible.key.proof 
614337     DEBUG main            d.u.i.k.p.i.AbstractProblemLoader Environment load took 82.9ns 
614338     INFO  main            d.u.i.k.p.i.AbstractProblemLoader Creating init config 
618601     DEBUG main            d.u.i.k.p.i.AbstractProblemLoader Init config took 4.26s 
618675     INFO  main            d.u.i.k.p.i.AbstractProblemLoader Replaying proof Sampler[ThreadSpec2::startTransfer()].JML accessible clause.0 
619262     DEBUG main            d.u.i.k.p.i.IntermediateProofReplayer Proof replay took 560.5ms 
619263     DEBUG main            d.u.i.k.p.r.p.TestFile    ... success: reloaded. 
619264     INFO  main            d.u.i.k.p.r.p.TestFile    Now processing file /home/runner/work/key/key/key.core/../key.ui/examples/heap/permissions/threads/Sampler_startTransfer_contract.key 
619264     INFO  main            d.u.i.k.p.i.AbstractProblemLoader Loading environment from /home/runner/work/key/key/key.core/../key.ui/examples/heap/permissions/threads/Sampler_startTransfer_contract.key 
619264     DEBUG main            d.u.i.k.p.i.AbstractProblemLoader Environment load took 46.5ns 
619265     INFO  main            d.u.i.k.p.i.AbstractProblemLoader Creating init config 
623630     DEBUG main            d.u.i.k.p.i.AbstractProblemLoader Init config took 4.36s 
623704     INFO  main            d.u.i.k.p.i.AbstractProblemLoader Replaying proof Sampler[ThreadSpec2::startTransfer()].JML model_behavior operation contract.0 
623705     DEBUG main            d.u.i.k.p.i.IntermediateProofReplayer Proof replay took 3.2ns 
623806     INFO  main            d.u.i.k.p.r.p.TestFile    ... finished proof: closed. 
624357     INFO  main            d.u.i.k.p.i.AbstractProblemLoader Loading environment from /home/runner/work/key/key/key.core/../key.ui/examples/heap/permissions/threads/Sampler_startTransfer_contract.key.proof 
624357     DEBUG main            d.u.i.k.p.i.AbstractProblemLoader Environment load took 75.1ns 
624358     INFO  main            d.u.i.k.p.i.AbstractProblemLoader Creating init config 
628626     DEBUG main            d.u.i.k.p.i.AbstractProblemLoader Init config took 4.27s 
628701     INFO  main            d.u.i.k.p.i.AbstractProblemLoader Replaying proof Sampler[ThreadSpec2::startTransfer()].JML model_behavior operation contract.0 
628708     DEBUG main            d.u.i.k.p.i.IntermediateProofReplayer Proof replay took 6.05ms 
628709     DEBUG main            d.u.i.k.p.r.p.TestFile    ... success: reloaded. 
628710     INFO  main            d.u.i.k.p.r.p.TestFile    Now processing file /home/runner/work/key/key/key.core/../key.ui/examples/heap/permissions/threads/Sampler_stateInv_accessible.key 
628710     INFO  main            d.u.i.k.p.i.AbstractProblemLoader Loading environment from /home/runner/work/key/key/key.core/../key.ui/examples/heap/permissions/threads/Sampler_stateInv_accessible.key 
628710     DEBUG main            d.u.i.k.p.i.AbstractProblemLoader Environment load took 41.9ns 
628711     INFO  main            d.u.i.k.p.i.AbstractProblemLoader Creating init config 
633054     DEBUG main            d.u.i.k.p.i.AbstractProblemLoader Init config took 4.34s 
633127     INFO  main            d.u.i.k.p.i.AbstractProblemLoader Replaying proof Sampler[ThreadSpec2::stateInv()].JML accessible clause.0 
633129     DEBUG main            d.u.i.k.p.i.IntermediateProofReplayer Proof replay took 2.7ns 
633230     INFO  main            d.u.i.k.p.r.p.TestFile    ... finished proof: closed. 
633788     INFO  main            d.u.i.k.p.i.AbstractProblemLoader Loading environment from /home/runner/work/key/key/key.core/../key.ui/examples/heap/permissions/threads/Sampler_stateInv_accessible.key.proof 
633788     DEBUG main            d.u.i.k.p.i.AbstractProblemLoader Environment load took 79.3ns 
633788     INFO  main            d.u.i.k.p.i.AbstractProblemLoader Creating init config 
638064     DEBUG main            d.u.i.k.p.i.AbstractProblemLoader Init config took 4.28s 
638138     INFO  main            d.u.i.k.p.i.AbstractProblemLoader Replaying proof Sampler[ThreadSpec2::stateInv()].JML accessible clause.0 
638147     DEBUG main            d.u.i.k.p.i.IntermediateProofReplayer Proof replay took 5.74ms 
638148     DEBUG main            d.u.i.k.p.r.p.TestFile    ... success: reloaded. 
638149     INFO  main            d.u.i.k.p.r.p.TestFile    Now processing file /home/runner/work/key/key/key.core/../key.ui/examples/heap/permissions/threads/Sampler_staticPermissions_accessible.key 
638149     INFO  main            d.u.i.k.p.i.AbstractProblemLoader Loading environment from /home/runner/work/key/key/key.core/../key.ui/examples/heap/permissions/threads/Sampler_staticPermissions_accessible.key 
638149     DEBUG main            d.u.i.k.p.i.AbstractProblemLoader Environment load took 149.3ns 
638150     INFO  main            d.u.i.k.p.i.AbstractProblemLoader Creating init config 
642500     DEBUG main            d.u.i.k.p.i.AbstractProblemLoader Init config took 4.35s 
642589     INFO  main            d.u.i.k.p.i.AbstractProblemLoader Replaying proof Sampler[ThreadSpec2::staticPermissions()].JML accessible clause.0 
642590     DEBUG main            d.u.i.k.p.i.IntermediateProofReplayer Proof replay took 3.4ns 
642692     INFO  main            d.u.i.k.p.r.p.TestFile    ... finished proof: closed. 
643248     INFO  main            d.u.i.k.p.i.AbstractProblemLoader Loading environment from /home/runner/work/key/key/key.core/../key.ui/examples/heap/permissions/threads/Sampler_staticPermissions_accessible.key.proof 
643249     DEBUG main            d.u.i.k.p.i.AbstractProblemLoader Environment load took 77.4ns 
643249     INFO  main            d.u.i.k.p.i.AbstractProblemLoader Creating init config 
647524     DEBUG main            d.u.i.k.p.i.AbstractProblemLoader Init config took 4.27s 
647598     INFO  main            d.u.i.k.p.i.AbstractProblemLoader Replaying proof Sampler[ThreadSpec2::staticPermissions()].JML accessible clause.0 
647603     DEBUG main            d.u.i.k.p.i.IntermediateProofReplayer Proof replay took 3.24ms 
647604     DEBUG main            d.u.i.k.p.r.p.TestFile    ... success: reloaded. 
647604     INFO  main            d.u.i.k.p.r.p.TestFile    Now processing file /home/runner/work/key/key/key.core/../key.ui/examples/heap/permissions/threads/Sampler_workingPermissions_accessible.key 
647605     INFO  main            d.u.i.k.p.i.AbstractProblemLoader Loading environment from /home/runner/work/key/key/key.core/../key.ui/examples/heap/permissions/threads/Sampler_workingPermissions_accessible.key 
647605     DEBUG main            d.u.i.k.p.i.AbstractProblemLoader Environment load took 68ns 
647605     INFO  main            d.u.i.k.p.i.AbstractProblemLoader Creating init config 
652039     DEBUG main            d.u.i.k.p.i.AbstractProblemLoader Init config took 4.43s 
652116     INFO  main            d.u.i.k.p.i.AbstractProblemLoader Replaying proof Sampler[ThreadSpec2::workingPermissions()].JML accessible clause.0 
652118     DEBUG main            d.u.i.k.p.i.IntermediateProofReplayer Proof replay took 3.1ns 
652219     INFO  main            d.u.i.k.p.r.p.TestFile    ... finished proof: closed. 
652785     INFO  main            d.u.i.k.p.i.AbstractProblemLoader Loading environment from /home/runner/work/key/key/key.core/../key.ui/examples/heap/permissions/threads/Sampler_workingPermissions_accessible.key.proof 
652785     DEBUG main            d.u.i.k.p.i.AbstractProblemLoader Environment load took 67ns 
652786     INFO  main            d.u.i.k.p.i.AbstractProblemLoader Creating init config 
657067     DEBUG main            d.u.i.k.p.i.AbstractProblemLoader Init config took 4.28s 
657141     INFO  main            d.u.i.k.p.i.AbstractProblemLoader Replaying proof Sampler[ThreadSpec2::workingPermissions()].JML accessible clause.0 
657147     DEBUG main            d.u.i.k.p.i.IntermediateProofReplayer Proof replay took 4.48ms 
657147     DEBUG main            d.u.i.k.p.r.p.TestFile    ... success: reloaded. 
657148     INFO  main            d.u.i.k.p.r.p.TestFile    Now processing file /home/runner/work/key/key/key.core/../key.ui/examples/heap/permissions/mulleretal/ReadWrite_doRead_contract.key 
657148     INFO  main            d.u.i.k.p.i.AbstractProblemLoader Loading environment from /home/runner/work/key/key/key.core/../key.ui/examples/heap/permissions/mulleretal/ReadWrite_doRead_contract.key 
657148     DEBUG main            d.u.i.k.p.i.AbstractProblemLoader Environment load took 42.3ns 
657149     INFO  main            d.u.i.k.p.i.AbstractProblemLoader Creating init config 
659648     DEBUG main            d.u.i.k.p.i.AbstractProblemLoader Init config took 2.5s 
659679     INFO  main            d.u.i.k.p.i.AbstractProblemLoader Replaying proof ReadWrite[ReadWrite::doRead()].JML normal_behavior operation contract.0 
659681     DEBUG main            d.u.i.k.p.i.IntermediateProofReplayer Proof replay took 3.2ns 
661090     INFO  main            d.u.i.k.p.r.p.TestFile    ... finished proof: closed. 
661699     INFO  main            d.u.i.k.p.i.AbstractProblemLoader Loading environment from /home/runner/work/key/key/key.core/../key.ui/examples/heap/permissions/mulleretal/ReadWrite_doRead_contract.key.proof 
661700     DEBUG main            d.u.i.k.p.i.AbstractProblemLoader Environment load took 329.91ns 
661701     INFO  main            d.u.i.k.p.i.AbstractProblemLoader Creating init config 
664381     DEBUG main            d.u.i.k.p.i.AbstractProblemLoader Init config took 2.68s 
664416     INFO  main            d.u.i.k.p.i.AbstractProblemLoader Replaying proof ReadWrite[ReadWrite::doRead()].JML normal_behavior operation contract.0 
664867     DEBUG main            d.u.i.k.p.i.IntermediateProofReplayer Proof replay took 441.63ms 
664868     DEBUG main            d.u.i.k.p.r.p.TestFile    ... success: reloaded. 
664870     INFO  main            d.u.i.k.p.r.p.TestFile    Now processing file /home/runner/work/key/key/key.core/../key.ui/examples/heap/permissions/mulleretal/ReadWrite_doWrite_contract.key 
664870     INFO  main            d.u.i.k.p.i.AbstractProblemLoader Loading environment from /home/runner/work/key/key/key.core/../key.ui/examples/heap/permissions/mulleretal/ReadWrite_doWrite_contract.key 
664870     DEBUG main            d.u.i.k.p.i.AbstractProblemLoader Environment load took 174.2ns 
664871     INFO  main            d.u.i.k.p.i.AbstractProblemLoader Creating init config 
667746     DEBUG main            d.u.i.k.p.i.AbstractProblemLoader Init config took 2.87s 
667777     INFO  main            d.u.i.k.p.i.AbstractProblemLoader Replaying proof ReadWrite[ReadWrite::doWrite()].JML normal_behavior operation contract.0 
667779     DEBUG main            d.u.i.k.p.i.IntermediateProofReplayer Proof replay took 2.7ns 
669452     INFO  main            d.u.i.k.p.r.p.TestFile    ... finished proof: closed. 
670058     INFO  main            d.u.i.k.p.i.AbstractProblemLoader Loading environment from /home/runner/work/key/key/key.core/../key.ui/examples/heap/permissions/mulleretal/ReadWrite_doWrite_contract.key.proof 
670058     DEBUG main            d.u.i.k.p.i.AbstractProblemLoader Environment load took 81.7ns 
670059     INFO  main            d.u.i.k.p.i.AbstractProblemLoader Creating init config 
672614     DEBUG main            d.u.i.k.p.i.AbstractProblemLoader Init config took 2.55s 
672645     INFO  main            d.u.i.k.p.i.AbstractProblemLoader Replaying proof ReadWrite[ReadWrite::doWrite()].JML normal_behavior operation contract.0 
673140     DEBUG main            d.u.i.k.p.i.IntermediateProofReplayer Proof replay took 489.01ms 
673141     DEBUG main            d.u.i.k.p.r.p.TestFile    ... success: reloaded. 
673141     INFO  main            d.u.i.k.p.r.p.TestFile    Now processing file /home/runner/work/key/key/key.core/../key.ui/examples/heap/permissions/mulleretal/ReadWrite_read_contract.key 
673141     INFO  main            d.u.i.k.p.i.AbstractProblemLoader Loading environment from /home/runner/work/key/key/key.core/../key.ui/examples/heap/permissions/mulleretal/ReadWrite_read_contract.key 
673142     DEBUG main            d.u.i.k.p.i.AbstractProblemLoader Environment load took 68.1ns 
673142     INFO  main            d.u.i.k.p.i.AbstractProblemLoader Creating init config 
675851     DEBUG main            d.u.i.k.p.i.AbstractProblemLoader Init config took 2.71s 
675885     INFO  main            d.u.i.k.p.i.AbstractProblemLoader Replaying proof ReadWrite[ReadWrite::read()].JML normal_behavior operation contract.0 
675887     DEBUG main            d.u.i.k.p.i.IntermediateProofReplayer Proof replay took 3.3ns 
675988     INFO  main            d.u.i.k.p.r.p.TestFile    ... finished proof: closed. 
676567     INFO  main            d.u.i.k.p.i.AbstractProblemLoader Loading environment from /home/runner/work/key/key/key.core/../key.ui/examples/heap/permissions/mulleretal/ReadWrite_read_contract.key.proof 
676567     DEBUG main            d.u.i.k.p.i.AbstractProblemLoader Environment load took 71.1ns 
676568     INFO  main            d.u.i.k.p.i.AbstractProblemLoader Creating init config 
679054     DEBUG main            d.u.i.k.p.i.AbstractProblemLoader Init config took 2.49s 
679085     INFO  main            d.u.i.k.p.i.AbstractProblemLoader Replaying proof ReadWrite[ReadWrite::read()].JML normal_behavior operation contract.0 
679092     DEBUG main            d.u.i.k.p.i.IntermediateProofReplayer Proof replay took 6.23ms 
679093     DEBUG main            d.u.i.k.p.r.p.TestFile    ... success: reloaded. 
679094     INFO  main            d.u.i.k.p.r.p.TestFile    Now processing file /home/runner/work/key/key/key.core/../key.ui/examples/heap/permissions/mulleretal/ReadWrite_write_contract.key 
679094     INFO  main            d.u.i.k.p.i.AbstractProblemLoader Loading environment from /home/runner/work/key/key/key.core/../key.ui/examples/heap/permissions/mulleretal/ReadWrite_write_contract.key 
679094     DEBUG main            d.u.i.k.p.i.AbstractProblemLoader Environment load took 55.2ns 
679095     INFO  main            d.u.i.k.p.i.AbstractProblemLoader Creating init config 
681656     DEBUG main            d.u.i.k.p.i.AbstractProblemLoader Init config took 2.56s 
681691     INFO  main            d.u.i.k.p.i.AbstractProblemLoader Replaying proof ReadWrite[ReadWrite::write()].JML normal_behavior operation contract.0 
681693     DEBUG main            d.u.i.k.p.i.IntermediateProofReplayer Proof replay took 3ns 
681794     INFO  main            d.u.i.k.p.r.p.TestFile    ... finished proof: closed. 
682379     INFO  main            d.u.i.k.p.i.AbstractProblemLoader Loading environment from /home/runner/work/key/key/key.core/../key.ui/examples/heap/permissions/mulleretal/ReadWrite_write_contract.key.proof 
682379     DEBUG main            d.u.i.k.p.i.AbstractProblemLoader Environment load took 76.4ns 
682379     INFO  main            d.u.i.k.p.i.AbstractProblemLoader Creating init config 
684882     DEBUG main            d.u.i.k.p.i.AbstractProblemLoader Init config took 2.5s 
684917     INFO  main            d.u.i.k.p.i.AbstractProblemLoader Replaying proof ReadWrite[ReadWrite::write()].JML normal_behavior operation contract.0 
684940     DEBUG main            d.u.i.k.p.i.IntermediateProofReplayer Proof replay took 22.05ms 
684941     DEBUG main            d.u.i.k.p.r.p.TestFile    ... success: reloaded. 
684941     INFO  main            d.u.i.k.p.r.p.TestFile    Now processing file /home/runner/work/key/key/key.core/../key.ui/examples/heap/permissions/mulleretal/ReadWrite_inv1_accessible.key 
684942     INFO  main            d.u.i.k.p.i.AbstractProblemLoader Loading environment from /home/runner/work/key/key/key.core/../key.ui/examples/heap/permissions/mulleretal/ReadWrite_inv1_accessible.key 
684942     DEBUG main            d.u.i.k.p.i.AbstractProblemLoader Environment load took 42.2ns 
684942     INFO  main            d.u.i.k.p.i.AbstractProblemLoader Creating init config 
687551     DEBUG main            d.u.i.k.p.i.AbstractProblemLoader Init config took 2.61s 
687586     INFO  main            d.u.i.k.p.i.AbstractProblemLoader Replaying proof ReadWrite[java.lang.Object::<inv>()].JML accessible clause.0 
687587     DEBUG main            d.u.i.k.p.i.IntermediateProofReplayer Proof replay took 2.7ns 
687698     INFO  main            d.u.i.k.p.r.p.TestFile    ... finished proof: closed. 
688269     INFO  main            d.u.i.k.p.i.AbstractProblemLoader Loading environment from /home/runner/work/key/key/key.core/../key.ui/examples/heap/permissions/mulleretal/ReadWrite_inv1_accessible.key.proof 
688269     DEBUG main            d.u.i.k.p.i.AbstractProblemLoader Environment load took 67.9ns 
688270     INFO  main            d.u.i.k.p.i.AbstractProblemLoader Creating init config 
690751     DEBUG main            d.u.i.k.p.i.AbstractProblemLoader Init config took 2.48s 
690781     INFO  main            d.u.i.k.p.i.AbstractProblemLoader Replaying proof ReadWrite[java.lang.Object::<inv>()].JML accessible clause.0 
690784     DEBUG main            d.u.i.k.p.i.IntermediateProofReplayer Proof replay took 1.44ms 
690784     DEBUG main            d.u.i.k.p.r.p.TestFile    ... success: reloaded. 
690785     INFO  main            d.u.i.k.p.r.p.TestFile    Now processing file /home/runner/work/key/key/key.core/../key.ui/examples/heap/permissions/mulleretal/ReadWrite_inv2_accessible.key 
690785     INFO  main            d.u.i.k.p.i.AbstractProblemLoader Loading environment from /home/runner/work/key/key/key.core/../key.ui/examples/heap/permissions/mulleretal/ReadWrite_inv2_accessible.key 
690785     DEBUG main            d.u.i.k.p.i.AbstractProblemLoader Environment load took 41.3ns 
690786     INFO  main            d.u.i.k.p.i.AbstractProblemLoader Creating init config 
693346     DEBUG main            d.u.i.k.p.i.AbstractProblemLoader Init config took 2.56s 
693381     INFO  main            d.u.i.k.p.i.AbstractProblemLoader Replaying proof ReadWrite[java.lang.Object::<inv>()].JML accessible clause.1 
693383     DEBUG main            d.u.i.k.p.i.IntermediateProofReplayer Proof replay took 2.5ns 
693484     INFO  main            d.u.i.k.p.r.p.TestFile    ... finished proof: closed. 
694061     INFO  main            d.u.i.k.p.i.AbstractProblemLoader Loading environment from /home/runner/work/key/key/key.core/../key.ui/examples/heap/permissions/mulleretal/ReadWrite_inv2_accessible.key.proof 
694061     DEBUG main            d.u.i.k.p.i.AbstractProblemLoader Environment load took 70.9ns 
694062     INFO  main            d.u.i.k.p.i.AbstractProblemLoader Creating init config 
696548     DEBUG main            d.u.i.k.p.i.AbstractProblemLoader Init config took 2.49s 
696578     INFO  main            d.u.i.k.p.i.AbstractProblemLoader Replaying proof ReadWrite[java.lang.Object::<inv>()].JML accessible clause.1 
696581     DEBUG main            d.u.i.k.p.i.IntermediateProofReplayer Proof replay took 1.48ms 
696582     DEBUG main            d.u.i.k.p.r.p.TestFile    ... success: reloaded. 
696582     INFO  main            d.u.i.k.p.r.p.TestFile    Now processing file /home/runner/work/key/key/key.core/../key.ui/examples/heap/permissions/lockspec/Counter_lockConsistent_contract.key 
696582     INFO  main            d.u.i.k.p.i.AbstractProblemLoader Loading environment from /home/runner/work/key/key/key.core/../key.ui/examples/heap/permissions/lockspec/Counter_lockConsistent_contract.key 
696582     DEBUG main            d.u.i.k.p.i.AbstractProblemLoader Environment load took 39.9ns 
696583     INFO  main            d.u.i.k.p.i.AbstractProblemLoader Creating init config 
699838     DEBUG main            d.u.i.k.p.i.AbstractProblemLoader Init config took 3.25s 
699893     INFO  main            d.u.i.k.p.i.AbstractProblemLoader Replaying proof Counter[LockSpec::lockConsistent()].JML model_behavior operation contract.0 
699894     DEBUG main            d.u.i.k.p.i.IntermediateProofReplayer Proof replay took 3.4ns 
700799     INFO  main            d.u.i.k.p.r.p.TestFile    ... finished proof: closed. 
701388     INFO  main            d.u.i.k.p.i.AbstractProblemLoader Loading environment from /home/runner/work/key/key/key.core/../key.ui/examples/heap/permissions/lockspec/Counter_lockConsistent_contract.key.proof 
701388     DEBUG main            d.u.i.k.p.i.AbstractProblemLoader Environment load took 82.2ns 
701389     INFO  main            d.u.i.k.p.i.AbstractProblemLoader Creating init config 
704331     DEBUG main            d.u.i.k.p.i.AbstractProblemLoader Init config took 2.94s 
704436     INFO  main            d.u.i.k.p.i.AbstractProblemLoader Replaying proof Counter[LockSpec::lockConsistent()].JML model_behavior operation contract.0 
704747     DEBUG main            d.u.i.k.p.i.IntermediateProofReplayer Proof replay took 293.51ms 
704748     DEBUG main            d.u.i.k.p.r.p.TestFile    ... success: reloaded. 
704749     INFO  main            d.u.i.k.p.r.p.TestFile    Now processing file /home/runner/work/key/key/key.core/../key.ui/examples/heap/permissions/lockspec/Counter_increase_contract.key 
704749     INFO  main            d.u.i.k.p.i.AbstractProblemLoader Loading environment from /home/runner/work/key/key/key.core/../key.ui/examples/heap/permissions/lockspec/Counter_increase_contract.key 
704749     DEBUG main            d.u.i.k.p.i.AbstractProblemLoader Environment load took 185ns 
704750     INFO  main            d.u.i.k.p.i.AbstractProblemLoader Creating init config 
707876     DEBUG main            d.u.i.k.p.i.AbstractProblemLoader Init config took 3.13s 
707927     INFO  main            d.u.i.k.p.i.AbstractProblemLoader Replaying proof Counter[Counter::increase()].JML normal_behavior operation contract.0 
707933     DEBUG main            d.u.i.k.p.i.IntermediateProofReplayer Proof replay took 2.9ns 
709455     INFO  main            d.u.i.k.p.r.p.TestFile    ... finished proof: closed. 
710079     INFO  main            d.u.i.k.p.i.AbstractProblemLoader Loading environment from /home/runner/work/key/key/key.core/../key.ui/examples/heap/permissions/lockspec/Counter_increase_contract.key.proof 
710080     DEBUG main            d.u.i.k.p.i.AbstractProblemLoader Environment load took 311.91ns 
710081     INFO  main            d.u.i.k.p.i.AbstractProblemLoader Creating init config 
713025     DEBUG main            d.u.i.k.p.i.AbstractProblemLoader Init config took 2.94s 
713076     INFO  main            d.u.i.k.p.i.AbstractProblemLoader Replaying proof Counter[Counter::increase()].JML normal_behavior operation contract.0 
713466     DEBUG main            d.u.i.k.p.i.IntermediateProofReplayer Proof replay took 373.34ms 
713468     DEBUG main            d.u.i.k.p.r.p.TestFile    ... success: reloaded. 
713469     INFO  main            d.u.i.k.p.r.p.TestFile    Now processing file /home/runner/work/key/key/key.core/../key.ui/examples/heap/permissions/lockspec/Counter_fp_accessible.key 
713469     INFO  main            d.u.i.k.p.i.AbstractProblemLoader Loading environment from /home/runner/work/key/key/key.core/../key.ui/examples/heap/permissions/lockspec/Counter_fp_accessible.key 
713469     DEBUG main            d.u.i.k.p.i.AbstractProblemLoader Environment load took 215.6ns 
713470     INFO  main            d.u.i.k.p.i.AbstractProblemLoader Creating init config 
716453     DEBUG main            d.u.i.k.p.i.AbstractProblemLoader Init config took 2.98s 
716506     INFO  main            d.u.i.k.p.i.AbstractProblemLoader Replaying proof Counter[LockSpec::fp()].JML accessible clause.0 
716508     DEBUG main            d.u.i.k.p.i.IntermediateProofReplayer Proof replay took 2.8ns 
716609     INFO  main            d.u.i.k.p.r.p.TestFile    ... finished proof: closed. 
717203     INFO  main            d.u.i.k.p.i.AbstractProblemLoader Loading environment from /home/runner/work/key/key/key.core/../key.ui/examples/heap/permissions/lockspec/Counter_fp_accessible.key.proof 
717203     DEBUG main            d.u.i.k.p.i.AbstractProblemLoader Environment load took 71.9ns 
717204     INFO  main            d.u.i.k.p.i.AbstractProblemLoader Creating init config 
720134     DEBUG main            d.u.i.k.p.i.AbstractProblemLoader Init config took 2.93s 
720199     INFO  main            d.u.i.k.p.i.AbstractProblemLoader Replaying proof Counter[LockSpec::fp()].JML accessible clause.0 
720209     DEBUG main            d.u.i.k.p.i.IntermediateProofReplayer Proof replay took 8.49ms 
720210     DEBUG main            d.u.i.k.p.r.p.TestFile    ... success: reloaded. 
720211     INFO  main            d.u.i.k.p.r.p.TestFile    Now processing file /home/runner/work/key/key/key.core/../key.ui/examples/heap/permissions/lockspec/Counter_fpLock_accessible.key 
720211     INFO  main            d.u.i.k.p.i.AbstractProblemLoader Loading environment from /home/runner/work/key/key/key.core/../key.ui/examples/heap/permissions/lockspec/Counter_fpLock_accessible.key 
720211     DEBUG main            d.u.i.k.p.i.AbstractProblemLoader Environment load took 147.3ns 
720212     INFO  main            d.u.i.k.p.i.AbstractProblemLoader Creating init config 
723237     DEBUG main            d.u.i.k.p.i.AbstractProblemLoader Init config took 3.03s 
723286     INFO  main            d.u.i.k.p.i.AbstractProblemLoader Replaying proof Counter[LockSpec::fpLock()].JML accessible clause.0 
723287     DEBUG main            d.u.i.k.p.i.IntermediateProofReplayer Proof replay took 2.7ns 
723389     INFO  main            d.u.i.k.p.r.p.TestFile    ... finished proof: closed. 
724007     INFO  main            d.u.i.k.p.i.AbstractProblemLoader Loading environment from /home/runner/work/key/key/key.core/../key.ui/examples/heap/permissions/lockspec/Counter_fpLock_accessible.key.proof 
724007     DEBUG main            d.u.i.k.p.i.AbstractProblemLoader Environment load took 68.8ns 
724008     INFO  main            d.u.i.k.p.i.AbstractProblemLoader Creating init config 
726993     DEBUG main            d.u.i.k.p.i.AbstractProblemLoader Init config took 2.99s 
727041     INFO  main            d.u.i.k.p.i.AbstractProblemLoader Replaying proof Counter[LockSpec::fpLock()].JML accessible clause.0 
727050     DEBUG main            d.u.i.k.p.i.IntermediateProofReplayer Proof replay took 7.37ms 
727051     DEBUG main            d.u.i.k.p.r.p.TestFile    ... success: reloaded. 
727052     INFO  main            d.u.i.k.p.r.p.TestFile    Now processing file /home/runner/work/key/key/key.core/../key.ui/examples/heap/permissions/lockspec/Counter_fpPerm_accessible.key 
727052     INFO  main            d.u.i.k.p.i.AbstractProblemLoader Loading environment from /home/runner/work/key/key/key.core/../key.ui/examples/heap/permissions/lockspec/Counter_fpPerm_accessible.key 
727052     DEBUG main            d.u.i.k.p.i.AbstractProblemLoader Environment load took 188.6ns 
727053     INFO  main            d.u.i.k.p.i.AbstractProblemLoader Creating init config 
730033     DEBUG main            d.u.i.k.p.i.AbstractProblemLoader Init config took 2.98s 
730080     INFO  main            d.u.i.k.p.i.AbstractProblemLoader Replaying proof Counter[LockSpec::fpPerm()].JML accessible clause.0 
730082     DEBUG main            d.u.i.k.p.i.IntermediateProofReplayer Proof replay took 2.9ns 
730185     INFO  main            d.u.i.k.p.r.p.TestFile    ... finished proof: closed. 
730791     INFO  main            d.u.i.k.p.i.AbstractProblemLoader Loading environment from /home/runner/work/key/key/key.core/../key.ui/examples/heap/permissions/lockspec/Counter_fpPerm_accessible.key.proof 
730791     DEBUG main            d.u.i.k.p.i.AbstractProblemLoader Environment load took 70ns 
730791     INFO  main            d.u.i.k.p.i.AbstractProblemLoader Creating init config 
733726     DEBUG main            d.u.i.k.p.i.AbstractProblemLoader Init config took 2.93s 
733780     INFO  main            d.u.i.k.p.i.AbstractProblemLoader Replaying proof Counter[LockSpec::fpPerm()].JML accessible clause.0 
733789     DEBUG main            d.u.i.k.p.i.IntermediateProofReplayer Proof replay took 7.82ms 
733790     DEBUG main            d.u.i.k.p.r.p.TestFile    ... success: reloaded. 
733790     INFO  main            d.u.i.k.p.r.p.TestFile    Now processing file /home/runner/work/key/key/key.core/../key.ui/examples/heap/permissions/lockspec/Counter_inv_accessible1.key 
733791     INFO  main            d.u.i.k.p.i.AbstractProblemLoader Loading environment from /home/runner/work/key/key/key.core/../key.ui/examples/heap/permissions/lockspec/Counter_inv_accessible1.key 
733791     DEBUG main            d.u.i.k.p.i.AbstractProblemLoader Environment load took 59.5ns 
733792     INFO  main            d.u.i.k.p.i.AbstractProblemLoader Creating init config 
736811     DEBUG main            d.u.i.k.p.i.AbstractProblemLoader Init config took 3.02s 
736859     INFO  main            d.u.i.k.p.i.AbstractProblemLoader Replaying proof Counter[java.lang.Object::<inv>()].JML accessible clause.0 
736860     DEBUG main            d.u.i.k.p.i.IntermediateProofReplayer Proof replay took 3ns 
736961     INFO  main            d.u.i.k.p.r.p.TestFile    ... finished proof: closed. 
737583     INFO  main            d.u.i.k.p.i.AbstractProblemLoader Loading environment from /home/runner/work/key/key/key.core/../key.ui/examples/heap/permissions/lockspec/Counter_inv_accessible1.key.proof 
737583     DEBUG main            d.u.i.k.p.i.AbstractProblemLoader Environment load took 86.1ns 
737583     INFO  main            d.u.i.k.p.i.AbstractProblemLoader Creating init config 
740524     DEBUG main            d.u.i.k.p.i.AbstractProblemLoader Init config took 2.94s 
740578     INFO  main            d.u.i.k.p.i.AbstractProblemLoader Replaying proof Counter[java.lang.Object::<inv>()].JML accessible clause.0 
740593     DEBUG main            d.u.i.k.p.i.IntermediateProofReplayer Proof replay took 12.74ms 
740594     DEBUG main            d.u.i.k.p.r.p.TestFile    ... success: reloaded. 
740594     INFO  main            d.u.i.k.p.r.p.TestFile    Now processing file /home/runner/work/key/key/key.core/../key.ui/examples/heap/permissions/lockspec/Counter_inv_accessible2.key 
740595     INFO  main            d.u.i.k.p.i.AbstractProblemLoader Loading environment from /home/runner/work/key/key/key.core/../key.ui/examples/heap/permissions/lockspec/Counter_inv_accessible2.key 
740595     DEBUG main            d.u.i.k.p.i.AbstractProblemLoader Environment load took 151.8ns 
740596     INFO  main            d.u.i.k.p.i.AbstractProblemLoader Creating init config 
743595     DEBUG main            d.u.i.k.p.i.AbstractProblemLoader Init config took 3s 
743661     INFO  main            d.u.i.k.p.i.AbstractProblemLoader Replaying proof Counter[java.lang.Object::<inv>()].JML accessible clause.1 
743662     DEBUG main            d.u.i.k.p.i.IntermediateProofReplayer Proof replay took 2.5ns 
743763     INFO  main            d.u.i.k.p.r.p.TestFile    ... finished proof: closed. 
744394     INFO  main            d.u.i.k.p.i.AbstractProblemLoader Loading environment from /home/runner/work/key/key/key.core/../key.ui/examples/heap/permissions/lockspec/Counter_inv_accessible2.key.proof 
744394     DEBUG main            d.u.i.k.p.i.AbstractProblemLoader Environment load took 71.6ns 
744394     INFO  main            d.u.i.k.p.i.AbstractProblemLoader Creating init config 
747426     DEBUG main            d.u.i.k.p.i.AbstractProblemLoader Init config took 3.03s 
747476     INFO  main            d.u.i.k.p.i.AbstractProblemLoader Replaying proof Counter[java.lang.Object::<inv>()].JML accessible clause.1 
747486     DEBUG main            d.u.i.k.p.i.IntermediateProofReplayer Proof replay took 8.68ms 
747487     DEBUG main            d.u.i.k.p.r.p.TestFile    ... success: reloaded. 
747488     INFO  main            d.u.i.k.p.r.p.TestFile    Now processing file /home/runner/work/key/key/key.core/../key.ui/examples/heap/permissions/lockspec/Counter_lockRef_accessible.key 
747488     INFO  main            d.u.i.k.p.i.AbstractProblemLoader Loading environment from /home/runner/work/key/key/key.core/../key.ui/examples/heap/permissions/lockspec/Counter_lockRef_accessible.key 
747488     DEBUG main            d.u.i.k.p.i.AbstractProblemLoader Environment load took 178.5ns 
747489     INFO  main            d.u.i.k.p.i.AbstractProblemLoader Creating init config 
750541     DEBUG main            d.u.i.k.p.i.AbstractProblemLoader Init config took 3.05s 
750595     INFO  main            d.u.i.k.p.i.AbstractProblemLoader Replaying proof Counter[LockSpec::lockRef()].JML accessible clause.0 
750596     DEBUG main            d.u.i.k.p.i.IntermediateProofReplayer Proof replay took 2.9ns 
750798     INFO  main            d.u.i.k.p.r.p.TestFile    ... finished proof: closed. 
751440     INFO  main            d.u.i.k.p.i.AbstractProblemLoader Loading environment from /home/runner/work/key/key/key.core/../key.ui/examples/heap/permissions/lockspec/Counter_lockRef_accessible.key.proof 
751440     DEBUG main            d.u.i.k.p.i.AbstractProblemLoader Environment load took 74.7ns 
751441     INFO  main            d.u.i.k.p.i.AbstractProblemLoader Creating init config 
754375     DEBUG main            d.u.i.k.p.i.AbstractProblemLoader Init config took 2.93s 
754429     INFO  main            d.u.i.k.p.i.AbstractProblemLoader Replaying proof Counter[LockSpec::lockRef()].JML accessible clause.0 
754471     DEBUG main            d.u.i.k.p.i.IntermediateProofReplayer Proof replay took 39.41ms 
754472     DEBUG main            d.u.i.k.p.r.p.TestFile    ... success: reloaded. 
754473     INFO  main            d.u.i.k.p.r.p.TestFile    Now processing file /home/runner/work/key/key/key.core/../key.ui/examples/heap/permissions/lockspec/Counter_lockRef_contract1.key 
754473     INFO  main            d.u.i.k.p.i.AbstractProblemLoader Loading environment from /home/runner/work/key/key/key.core/../key.ui/examples/heap/permissions/lockspec/Counter_lockRef_contract1.key 
754473     DEBUG main            d.u.i.k.p.i.AbstractProblemLoader Environment load took 155.1ns 
754474     INFO  main            d.u.i.k.p.i.AbstractProblemLoader Creating init config 
757535     DEBUG main            d.u.i.k.p.i.AbstractProblemLoader Init config took 3.06s 
757582     INFO  main            d.u.i.k.p.i.AbstractProblemLoader Replaying proof Counter[LockSpec::lockRef()].JML model_behavior operation contract.0 
757584     DEBUG main            d.u.i.k.p.i.IntermediateProofReplayer Proof replay took 2.8ns 
757686     INFO  main            d.u.i.k.p.r.p.TestFile    ... finished proof: closed. 
758320     INFO  main            d.u.i.k.p.i.AbstractProblemLoader Loading environment from /home/runner/work/key/key/key.core/../key.ui/examples/heap/permissions/lockspec/Counter_lockRef_contract1.key.proof 
758320     DEBUG main            d.u.i.k.p.i.AbstractProblemLoader Environment load took 71.5ns 
758320     INFO  main            d.u.i.k.p.i.AbstractProblemLoader Creating init config 
761260     DEBUG main            d.u.i.k.p.i.AbstractProblemLoader Init config took 2.94s 
761316     INFO  main            d.u.i.k.p.i.AbstractProblemLoader Replaying proof Counter[LockSpec::lockRef()].JML model_behavior operation contract.0 
761321     DEBUG main            d.u.i.k.p.i.IntermediateProofReplayer Proof replay took 3.7ms 
761322     DEBUG main            d.u.i.k.p.r.p.TestFile    ... success: reloaded. 
761323     INFO  main            d.u.i.k.p.r.p.TestFile    Now processing file /home/runner/work/key/key/key.core/../key.ui/examples/heap/permissions/lockspec/Counter_lockRef_contract2.key 
761323     INFO  main            d.u.i.k.p.i.AbstractProblemLoader Loading environment from /home/runner/work/key/key/key.core/../key.ui/examples/heap/permissions/lockspec/Counter_lockRef_contract2.key 
761323     DEBUG main            d.u.i.k.p.i.AbstractProblemLoader Environment load took 145.2ns 
761324     INFO  main            d.u.i.k.p.i.AbstractProblemLoader Creating init config 
764427     DEBUG main            d.u.i.k.p.i.AbstractProblemLoader Init config took 3.1s 
764475     INFO  main            d.u.i.k.p.i.AbstractProblemLoader Replaying proof Counter[Counter::lockRef()].JML model_behavior operation contract.0 
764476     DEBUG main            d.u.i.k.p.i.IntermediateProofReplayer Proof replay took 3.1ns 
764577     INFO  main            d.u.i.k.p.r.p.TestFile    ... finished proof: closed. 
765211     INFO  main            d.u.i.k.p.i.AbstractProblemLoader Loading environment from /home/runner/work/key/key/key.core/../key.ui/examples/heap/permissions/lockspec/Counter_lockRef_contract2.key.proof 
765211     DEBUG main            d.u.i.k.p.i.AbstractProblemLoader Environment load took 68.9ns 
765212     INFO  main            d.u.i.k.p.i.AbstractProblemLoader Creating init config 
768196     DEBUG main            d.u.i.k.p.i.AbstractProblemLoader Init config took 2.98s 
768261     INFO  main            d.u.i.k.p.i.AbstractProblemLoader Replaying proof Counter[Counter::lockRef()].JML model_behavior operation contract.0 
768266     DEBUG main            d.u.i.k.p.i.IntermediateProofReplayer Proof replay took 3.67ms 
768267     DEBUG main            d.u.i.k.p.r.p.TestFile    ... success: reloaded. 
768268     INFO  main            d.u.i.k.p.r.p.TestFile    Now processing file /home/runner/work/key/key/key.core/../key.ui/examples/heap/permissions/lockspec/Counter_lockState_accessible.key 
768268     INFO  main            d.u.i.k.p.i.AbstractProblemLoader Loading environment from /home/runner/work/key/key/key.core/../key.ui/examples/heap/permissions/lockspec/Counter_lockState_accessible.key 
768269     DEBUG main            d.u.i.k.p.i.AbstractProblemLoader Environment load took 191.7ns 
768269     INFO  main            d.u.i.k.p.i.AbstractProblemLoader Creating init config 
771440     DEBUG main            d.u.i.k.p.i.AbstractProblemLoader Init config took 3.17s 
771487     INFO  main            d.u.i.k.p.i.AbstractProblemLoader Replaying proof Counter[LockSpec::lockState(boolean)].JML accessible clause.0 
771488     DEBUG main            d.u.i.k.p.i.IntermediateProofReplayer Proof replay took 2.8ns 
771791     INFO  main            d.u.i.k.p.r.p.TestFile    ... finished proof: closed. 
772444     INFO  main            d.u.i.k.p.i.AbstractProblemLoader Loading environment from /home/runner/work/key/key/key.core/../key.ui/examples/heap/permissions/lockspec/Counter_lockState_accessible.key.proof 
772444     DEBUG main            d.u.i.k.p.i.AbstractProblemLoader Environment load took 75.1ns 
772445     INFO  main            d.u.i.k.p.i.AbstractProblemLoader Creating init config 
775484     DEBUG main            d.u.i.k.p.i.AbstractProblemLoader Init config took 3.04s 
775538     INFO  main            d.u.i.k.p.i.AbstractProblemLoader Replaying proof Counter[LockSpec::lockState(boolean)].JML accessible clause.0 
775625     DEBUG main            d.u.i.k.p.i.IntermediateProofReplayer Proof replay took 83.11ms 
775626     DEBUG main            d.u.i.k.p.r.p.TestFile    ... success: reloaded. 
775627     INFO  main            d.u.i.k.p.r.p.TestFile    Now processing file /home/runner/work/key/key/key.core/../key.ui/examples/heap/permissions/lockspec/Counter_lockStatus_accessible.key 
775629     INFO  main            d.u.i.k.p.i.AbstractProblemLoader Loading environment from /home/runner/work/key/key/key.core/../key.ui/examples/heap/permissions/lockspec/Counter_lockStatus_accessible.key 
775629     DEBUG main            d.u.i.k.p.i.AbstractProblemLoader Environment load took 169.2ns 
775630     INFO  main            d.u.i.k.p.i.AbstractProblemLoader Creating init config 
778736     DEBUG main            d.u.i.k.p.i.AbstractProblemLoader Init config took 3.11s 
778790     INFO  main            d.u.i.k.p.i.AbstractProblemLoader Replaying proof Counter[LockSpec::lockStatus(boolean)].JML accessible clause.0 
778791     DEBUG main            d.u.i.k.p.i.IntermediateProofReplayer Proof replay took 3.2ns 
778893     INFO  main            d.u.i.k.p.r.p.TestFile    ... finished proof: closed. 
779539     INFO  main            d.u.i.k.p.i.AbstractProblemLoader Loading environment from /home/runner/work/key/key/key.core/../key.ui/examples/heap/permissions/lockspec/Counter_lockStatus_accessible.key.proof 
779539     DEBUG main            d.u.i.k.p.i.AbstractProblemLoader Environment load took 75.3ns 
779540     INFO  main            d.u.i.k.p.i.AbstractProblemLoader Creating init config 
782476     DEBUG main            d.u.i.k.p.i.AbstractProblemLoader Init config took 2.94s 
782544     INFO  main            d.u.i.k.p.i.AbstractProblemLoader Replaying proof Counter[LockSpec::lockStatus(boolean)].JML accessible clause.0 
782566     DEBUG main            d.u.i.k.p.i.IntermediateProofReplayer Proof replay took 20.36ms 
782567     DEBUG main            d.u.i.k.p.r.p.TestFile    ... success: reloaded. 
782568     INFO  main            d.u.i.k.p.r.p.TestFile    Now processing file /home/runner/work/key/key/key.core/../key.ui/examples/heap/permissions/lockspec/Counter_lockTransfer_accessible.key 
782568     INFO  main            d.u.i.k.p.i.AbstractProblemLoader Loading environment from /home/runner/work/key/key/key.core/../key.ui/examples/heap/permissions/lockspec/Counter_lockTransfer_accessible.key 
782568     DEBUG main            d.u.i.k.p.i.AbstractProblemLoader Environment load took 174.1ns 
782569     INFO  main            d.u.i.k.p.i.AbstractProblemLoader Creating init config 
785659     DEBUG main            d.u.i.k.p.i.AbstractProblemLoader Init config took 3.09s 
785707     INFO  main            d.u.i.k.p.i.AbstractProblemLoader Replaying proof Counter[LockSpec::lockTransfer()].JML accessible clause.0 
785708     DEBUG main            d.u.i.k.p.i.IntermediateProofReplayer Proof replay took 2.8ns 
786010     INFO  main            d.u.i.k.p.r.p.TestFile    ... finished proof: closed. 
786684     INFO  main            d.u.i.k.p.i.AbstractProblemLoader Loading environment from /home/runner/work/key/key/key.core/../key.ui/examples/heap/permissions/lockspec/Counter_lockTransfer_accessible.key.proof 
786684     DEBUG main            d.u.i.k.p.i.AbstractProblemLoader Environment load took 73.9ns 
786685     INFO  main            d.u.i.k.p.i.AbstractProblemLoader Creating init config 
789671     DEBUG main            d.u.i.k.p.i.AbstractProblemLoader Init config took 2.99s 
789726     INFO  main            d.u.i.k.p.i.AbstractProblemLoader Replaying proof Counter[LockSpec::lockTransfer()].JML accessible clause.0 
789789     DEBUG main            d.u.i.k.p.i.IntermediateProofReplayer Proof replay took 60.03ms 
789790     DEBUG main            d.u.i.k.p.r.p.TestFile    ... success: reloaded. 
789791     INFO  main            d.u.i.k.p.r.p.TestFile    Now processing file /home/runner/work/key/key/key.core/../key.ui/examples/heap/permissions/lockspec/Counter_unlockTransfer_accessible.key 
789792     INFO  main            d.u.i.k.p.i.AbstractProblemLoader Loading environment from /home/runner/work/key/key/key.core/../key.ui/examples/heap/permissions/lockspec/Counter_unlockTransfer_accessible.key 
789792     DEBUG main            d.u.i.k.p.i.AbstractProblemLoader Environment load took 159.5ns 
789792     INFO  main            d.u.i.k.p.i.AbstractProblemLoader Creating init config 
792930     DEBUG main            d.u.i.k.p.i.AbstractProblemLoader Init config took 3.14s 
792985     INFO  main            d.u.i.k.p.i.AbstractProblemLoader Replaying proof Counter[LockSpec::unlockTransfer()].JML accessible clause.0 
792987     DEBUG main            d.u.i.k.p.i.IntermediateProofReplayer Proof replay took 3.2ns 
793290     INFO  main            d.u.i.k.p.r.p.TestFile    ... finished proof: closed. 
793970     INFO  main            d.u.i.k.p.i.AbstractProblemLoader Loading environment from /home/runner/work/key/key/key.core/../key.ui/examples/heap/permissions/lockspec/Counter_unlockTransfer_accessible.key.proof 
793970     DEBUG main            d.u.i.k.p.i.AbstractProblemLoader Environment load took 80.1ns 
793971     INFO  main            d.u.i.k.p.i.AbstractProblemLoader Creating init config 
796934     DEBUG main            d.u.i.k.p.i.AbstractProblemLoader Init config took 2.96s 
796994     INFO  main            d.u.i.k.p.i.AbstractProblemLoader Replaying proof Counter[LockSpec::unlockTransfer()].JML accessible clause.0 
797059     DEBUG main            d.u.i.k.p.i.IntermediateProofReplayer Proof replay took 59.62ms 
797060     DEBUG main            d.u.i.k.p.r.p.TestFile    ... success: reloaded. 
797061     INFO  main            d.u.i.k.p.r.p.TestFile    Now processing file /home/runner/work/key/key/key.core/../key.ui/examples/heap/permissions/threads/Plotter_startTransfer_contract.proof 
797061     INFO  main            d.u.i.k.p.i.AbstractProblemLoader Loading environment from /home/runner/work/key/key/key.core/../key.ui/examples/heap/permissions/threads/Plotter_startTransfer_contract.proof 
797062     DEBUG main            d.u.i.k.p.i.AbstractProblemLoader Environment load took 172.2ns 
797063     INFO  main            d.u.i.k.p.i.AbstractProblemLoader Creating init config 
801611     DEBUG main            d.u.i.k.p.i.AbstractProblemLoader Init config took 4.55s 
801694     INFO  main            d.u.i.k.p.i.AbstractProblemLoader Replaying proof Plotter[ThreadSpec2::startTransfer()].JML model_behavior operation contract.0 
801827     DEBUG main            d.u.i.k.p.i.IntermediateProofReplayer Proof replay took 125.37ms 
801828     INFO  main            d.u.i.k.p.r.p.TestFile    ... success: loaded 
801829     INFO  main            d.u.i.k.p.r.p.TestFile    Now processing file /home/runner/work/key/key/key.core/../key.ui/examples/heap/permissions/threads/Plotter_startTransfer_accessible.proof 
801829     INFO  main            d.u.i.k.p.i.AbstractProblemLoader Loading environment from /home/runner/work/key/key/key.core/../key.ui/examples/heap/permissions/threads/Plotter_startTransfer_accessible.proof 
801830     DEBUG main            d.u.i.k.p.i.AbstractProblemLoader Environment load took 178.6ns 
801830     INFO  main            d.u.i.k.p.i.AbstractProblemLoader Creating init config 
806370     DEBUG main            d.u.i.k.p.i.AbstractProblemLoader Init config took 4.54s 
806455     INFO  main            d.u.i.k.p.i.AbstractProblemLoader Replaying proof Plotter[ThreadSpec2::startTransfer()].JML accessible clause.0 
806605     DEBUG main            d.u.i.k.p.i.IntermediateProofReplayer Proof replay took 139.02ms 
806606     INFO  main            d.u.i.k.p.r.p.TestFile    ... success: loaded 
806607     INFO  main            d.u.i.k.p.r.p.TestFile    Now processing file /home/runner/work/key/key/key.core/../key.ui/examples/heap/permissions/threads/Plotter_joinTransfer_accessible.proof 
806607     INFO  main            d.u.i.k.p.i.AbstractProblemLoader Loading environment from /home/runner/work/key/key/key.core/../key.ui/examples/heap/permissions/threads/Plotter_joinTransfer_accessible.proof 
806607     DEBUG main            d.u.i.k.p.i.AbstractProblemLoader Environment load took 68.5ns 
806608     INFO  main            d.u.i.k.p.i.AbstractProblemLoader Creating init config 
811221     DEBUG main            d.u.i.k.p.i.AbstractProblemLoader Init config took 4.61s 
811310     INFO  main            d.u.i.k.p.i.AbstractProblemLoader Replaying proof Plotter[ThreadSpec2::joinTransfer()].JML accessible clause.0 
811322     WARN  main            d.u.i.k.p.i.IntermediateProofReplayer Proof contains wrong number of \assumes instatiations for Definition_axiom_for_stateInv_in_Plotter 
811333     WARN  main            d.u.i.k.p.i.IntermediateProofReplayer Proof contains wrong number of \assumes instatiations for Definition_axiom_for_stateInv_in_Plotter 
811335     WARN  main            d.u.i.k.p.i.IntermediateProofReplayer Proof contains wrong number of \assumes instatiations for Definition_axiom_for_workingPermissions_in_Plotter 
811336     WARN  main            d.u.i.k.p.i.IntermediateProofReplayer Proof contains wrong number of \assumes instatiations for Definition_axiom_for_staticPermissions_in_Plotter 
811340     WARN  main            d.u.i.k.p.i.IntermediateProofReplayer Proof contains wrong number of \assumes instatiations for Definition_axiom_for_joinTransfer_in_Plotter 
811341     WARN  main            d.u.i.k.p.i.IntermediateProofReplayer Proof contains wrong number of \assumes instatiations for Definition_axiom_for_stateInv_in_BFilter 
811354     WARN  main            d.u.i.k.p.i.IntermediateProofReplayer Proof contains wrong number of \assumes instatiations for Definition_axiom_for_stateInv_in_AFilter 
811355     WARN  main            d.u.i.k.p.i.IntermediateProofReplayer Proof contains wrong number of \assumes instatiations for Definition_axiom_for_stateInv_in_BFilter 
811357     WARN  main            d.u.i.k.p.i.IntermediateProofReplayer Proof contains wrong number of \assumes instatiations for Definition_axiom_for_stateInv_in_AFilter 
811359     WARN  main            d.u.i.k.p.i.IntermediateProofReplayer Proof contains wrong number of \assumes instatiations for Definition_axiom_for_staticPermissions_in_AFilter 
811360     WARN  main            d.u.i.k.p.i.IntermediateProofReplayer Proof contains wrong number of \assumes instatiations for Definition_axiom_for_staticPermissions_in_Plotter 
811369     WARN  main            d.u.i.k.p.i.IntermediateProofReplayer Proof contains wrong number of \assumes instatiations for Definition_axiom_for_staticPermissions_in_BFilter 
811370     WARN  main            d.u.i.k.p.i.IntermediateProofReplayer Proof contains wrong number of \assumes instatiations for Definition_axiom_for_workingPermissions_in_Plotter 
811371     WARN  main            d.u.i.k.p.i.IntermediateProofReplayer Proof contains wrong number of \assumes instatiations for Definition_axiom_for_stateInv_in_Sampler 
811371     WARN  main            d.u.i.k.p.i.IntermediateProofReplayer Proof contains wrong number of \assumes instatiations for Definition_axiom_for_stateInv_in_Sampler 
811372     WARN  main            d.u.i.k.p.i.IntermediateProofReplayer Proof contains wrong number of \assumes instatiations for Definition_axiom_for_staticPermissions_in_Sampler 
811373     WARN  main            d.u.i.k.p.i.IntermediateProofReplayer Proof contains wrong number of \assumes instatiations for Definition_axiom_for_staticPermissions_in_BFilter 
811374     WARN  main            d.u.i.k.p.i.IntermediateProofReplayer Proof contains wrong number of \assumes instatiations for Definition_axiom_for_staticPermissions_in_AFilter 
811375     WARN  main            d.u.i.k.p.i.IntermediateProofReplayer Proof contains wrong number of \assumes instatiations for Definition_axiom_for_staticPermissions_in_Sampler 
811375     WARN  main            d.u.i.k.p.i.IntermediateProofReplayer Proof contains wrong number of \assumes instatiations for Definition_axiom_for_staticPermissions_in_Sampler 
811376     WARN  main            d.u.i.k.p.i.IntermediateProofReplayer Proof contains wrong number of \assumes instatiations for Definition_axiom_for_staticPermissions_in_Sampler 
811377     WARN  main            d.u.i.k.p.i.IntermediateProofReplayer Proof contains wrong number of \assumes instatiations for Definition_axiom_for_joinTransfer_in_Plotter 
811456     DEBUG main            d.u.i.k.p.i.IntermediateProofReplayer Proof replay took 137.4ms 
811456     INFO  main            d.u.i.k.p.r.p.TestFile    ... success: loaded 
4878852    INFO  Test worker     d.u.i.k.p.r.RunAllProofsTestUnit Returning from test permissionHeap 
4878853    INFO  Test worker     d.u.i.k.p.r.RunAllProofsTestUnit Running test completionScopes 
330        INFO  Timeout watchdog d.u.i.k.p.r.p.ForkedTestFileRunner Timeout watcher launched (2000 secs.) 
330        WARN  main            d.u.i.k.s.ProofSettings   The settings in /home/runner/.key/proof-settings.props are *not* read. 
377        INFO  main            d.u.i.k.p.r.p.TestFile    Now processing file /home/runner/work/key/key/key.core/../key.ui/examples/completionscopes/testCcatchReturnVal.key 
513        INFO  main            d.u.i.k.p.i.AbstractProblemLoader Loading environment from /home/runner/work/key/key/key.core/../key.ui/examples/completionscopes/testCcatchReturnVal.key 
538        DEBUG main            d.u.i.k.p.i.AbstractProblemLoader Environment load took 2.07ms 
779        INFO  main            d.u.i.k.p.i.AbstractProblemLoader Creating init config 
1767       DEBUG main            d.u.i.k.j.TypeConverter   No LDT found for Meta 
1767       DEBUG main            d.u.i.k.j.TypeConverter   No LDT found for Meta 
1768       DEBUG main            d.u.i.k.j.TypeConverter   No LDT found for Meta 
1769       DEBUG main            d.u.i.k.j.TypeConverter   No LDT found for Meta 
3138       DEBUG main            d.u.i.k.j.TypeConverter   No LDT found for JavaBigintExpression 
8269       DEBUG main            d.u.i.k.p.i.AbstractProblemLoader Init config took 7.49s 
8422       INFO  main            d.u.i.k.p.i.AbstractProblemLoader Replaying proof CompletionScopes[CompletionScopes::testCcatchReturnVal()].JML normal_behavior operation contract.0 
8456       DEBUG main            d.u.i.k.p.i.IntermediateProofReplayer Proof replay took 34.9ns 
8995       INFO  main            d.u.i.k.p.r.p.TestFile    ... finished proof: closed. 
9102       INFO  main            d.u.i.k.p.i.AbstractProblemLoader Loading environment from /home/runner/work/key/key/key.core/../key.ui/examples/completionscopes/testCcatchReturnVal.key.proof 
9102       DEBUG main            d.u.i.k.p.i.AbstractProblemLoader Environment load took 398.91ns 
9106       INFO  main            d.u.i.k.p.i.AbstractProblemLoader Creating init config 
12088      DEBUG main            d.u.i.k.p.i.AbstractProblemLoader Init config took 2.98s 
12182      INFO  main            d.u.i.k.p.i.AbstractProblemLoader Replaying proof CompletionScopes[CompletionScopes::testCcatchReturnVal()].JML normal_behavior operation contract.0 
12257      DEBUG main            d.u.i.k.p.i.IntermediateProofReplayer Proof replay took 70.48ms 
12275      DEBUG main            d.u.i.k.p.r.p.TestFile    ... success: reloaded. 
12278      INFO  main            d.u.i.k.p.r.p.TestFile    Now processing file /home/runner/work/key/key/key.core/../key.ui/examples/completionscopes/testMultCcatchClauses.key 
12279      INFO  main            d.u.i.k.p.i.AbstractProblemLoader Loading environment from /home/runner/work/key/key/key.core/../key.ui/examples/completionscopes/testMultCcatchClauses.key 
12279      DEBUG main            d.u.i.k.p.i.AbstractProblemLoader Environment load took 210.71ns 
12282      INFO  main            d.u.i.k.p.i.AbstractProblemLoader Creating init config 
15044      DEBUG main            d.u.i.k.p.i.AbstractProblemLoader Init config took 2.76s 
15107      INFO  main            d.u.i.k.p.i.AbstractProblemLoader Replaying proof CompletionScopes[CompletionScopes::testMultCcatchClauses()].JML normal_behavior operation contract.0 
15110      DEBUG main            d.u.i.k.p.i.IntermediateProofReplayer Proof replay took 6.7ns 
15414      INFO  main            d.u.i.k.p.r.p.TestFile    ... finished proof: closed. 
15558      INFO  main            d.u.i.k.p.i.AbstractProblemLoader Loading environment from /home/runner/work/key/key/key.core/../key.ui/examples/completionscopes/testMultCcatchClauses.key.proof 
15559      DEBUG main            d.u.i.k.p.i.AbstractProblemLoader Environment load took 883.82ns 
15564      INFO  main            d.u.i.k.p.i.AbstractProblemLoader Creating init config 
18139      DEBUG main            d.u.i.k.p.i.AbstractProblemLoader Init config took 2.57s 
18189      INFO  main            d.u.i.k.p.i.AbstractProblemLoader Replaying proof CompletionScopes[CompletionScopes::testMultCcatchClauses()].JML normal_behavior operation contract.0 
18328      DEBUG main            d.u.i.k.p.i.IntermediateProofReplayer Proof replay took 134.19ms 
18330      DEBUG main            d.u.i.k.p.r.p.TestFile    ... success: reloaded. 
18332      INFO  main            d.u.i.k.p.r.p.TestFile    Now processing file /home/runner/work/key/key/key.core/../key.ui/examples/completionscopes/testNestedExec.key 
18333      INFO  main            d.u.i.k.p.i.AbstractProblemLoader Loading environment from /home/runner/work/key/key/key.core/../key.ui/examples/completionscopes/testNestedExec.key 
18333      DEBUG main            d.u.i.k.p.i.AbstractProblemLoader Environment load took 194.7ns 
18335      INFO  main            d.u.i.k.p.i.AbstractProblemLoader Creating init config 
20952      DEBUG main            d.u.i.k.p.i.AbstractProblemLoader Init config took 2.62s 
21007      INFO  main            d.u.i.k.p.i.AbstractProblemLoader Replaying proof CompletionScopes[CompletionScopes::testMultCcatchClauses()].JML normal_behavior operation contract.0 
21011      DEBUG main            d.u.i.k.p.i.IntermediateProofReplayer Proof replay took 6.9ns 
21314      INFO  main            d.u.i.k.p.r.p.TestFile    ... finished proof: closed. 
21461      INFO  main            d.u.i.k.p.i.AbstractProblemLoader Loading environment from /home/runner/work/key/key/key.core/../key.ui/examples/completionscopes/testNestedExec.key.proof 
21463      DEBUG main            d.u.i.k.p.i.AbstractProblemLoader Environment load took 1.46ms 
21464      INFO  main            d.u.i.k.p.i.AbstractProblemLoader Creating init config 
23989      DEBUG main            d.u.i.k.p.i.AbstractProblemLoader Init config took 2.52s 
24034      INFO  main            d.u.i.k.p.i.AbstractProblemLoader Replaying proof CompletionScopes[CompletionScopes::testMultCcatchClauses()].JML normal_behavior operation contract.0 
24103      DEBUG main            d.u.i.k.p.i.IntermediateProofReplayer Proof replay took 65.87ms 
24104      DEBUG main            d.u.i.k.p.r.p.TestFile    ... success: reloaded. 
24106      INFO  main            d.u.i.k.p.r.p.TestFile    Now processing file /home/runner/work/key/key/key.core/../key.ui/examples/completionscopes/testCcatchBreakLabel.key 
24106      INFO  main            d.u.i.k.p.i.AbstractProblemLoader Loading environment from /home/runner/work/key/key/key.core/../key.ui/examples/completionscopes/testCcatchBreakLabel.key 
24106      DEBUG main            d.u.i.k.p.i.AbstractProblemLoader Environment load took 182.1ns 
24107      INFO  main            d.u.i.k.p.i.AbstractProblemLoader Creating init config 
26643      DEBUG main            d.u.i.k.p.i.AbstractProblemLoader Init config took 2.54s 
26694      INFO  main            d.u.i.k.p.i.AbstractProblemLoader Replaying proof CompletionScopes[CompletionScopes::testBreakLabel()].JML normal_behavior operation contract.0 
26696      DEBUG main            d.u.i.k.p.i.IntermediateProofReplayer Proof replay took 7.5ns 
26714      DEBUG Thread-10       d.u.i.k.l.o.ProgramSV     Match failed: Former match of  SchemaVariable incompatible with  the current match. 
26800      INFO  main            d.u.i.k.p.r.p.TestFile    ... finished proof: closed. 
26943      INFO  main            d.u.i.k.p.i.AbstractProblemLoader Loading environment from /home/runner/work/key/key/key.core/../key.ui/examples/completionscopes/testCcatchBreakLabel.key.proof 
26943      DEBUG main            d.u.i.k.p.i.AbstractProblemLoader Environment load took 126.9ns 
26944      INFO  main            d.u.i.k.p.i.AbstractProblemLoader Creating init config 
29418      DEBUG main            d.u.i.k.p.i.AbstractProblemLoader Init config took 2.47s 
29461      INFO  main            d.u.i.k.p.i.AbstractProblemLoader Replaying proof CompletionScopes[CompletionScopes::testBreakLabel()].JML normal_behavior operation contract.0 
29471      DEBUG main            d.u.i.k.p.i.IntermediateProofReplayer Proof replay took 7.32ms 
29471      DEBUG main            d.u.i.k.p.r.p.TestFile    ... success: reloaded. 
29472      INFO  main            d.u.i.k.p.r.p.TestFile    Now processing file /home/runner/work/key/key/key.core/../key.ui/examples/completionscopes/testCcatchContinueLabel.key 
29473      INFO  main            d.u.i.k.p.i.AbstractProblemLoader Loading environment from /home/runner/work/key/key/key.core/../key.ui/examples/completionscopes/testCcatchContinueLabel.key 
29473      DEBUG main            d.u.i.k.p.i.AbstractProblemLoader Environment load took 94.5ns 
29474      INFO  main            d.u.i.k.p.i.AbstractProblemLoader Creating init config 
31975      DEBUG main            d.u.i.k.p.i.AbstractProblemLoader Init config took 2.5s 
32020      INFO  main            d.u.i.k.p.i.AbstractProblemLoader Replaying proof CompletionScopes[CompletionScopes::testContinueLabel()].JML normal_behavior operation contract.0 
32022      DEBUG main            d.u.i.k.p.i.IntermediateProofReplayer Proof replay took 6.5ns 
32038      DEBUG Thread-13       d.u.i.k.l.o.ProgramSV     Match failed: Former match of  SchemaVariable incompatible with  the current match. 
32124      INFO  main            d.u.i.k.p.r.p.TestFile    ... finished proof: closed. 
32312      INFO  main            d.u.i.k.p.i.AbstractProblemLoader Loading environment from /home/runner/work/key/key/key.core/../key.ui/examples/completionscopes/testCcatchContinueLabel.key.proof 
32312      DEBUG main            d.u.i.k.p.i.AbstractProblemLoader Environment load took 151.1ns 
32313      INFO  main            d.u.i.k.p.i.AbstractProblemLoader Creating init config 
34799      DEBUG main            d.u.i.k.p.i.AbstractProblemLoader Init config took 2.49s 
34854      INFO  main            d.u.i.k.p.i.AbstractProblemLoader Replaying proof CompletionScopes[CompletionScopes::testContinueLabel()].JML normal_behavior operation contract.0 
34865      DEBUG main            d.u.i.k.p.i.IntermediateProofReplayer Proof replay took 9.23ms 
34866      DEBUG main            d.u.i.k.p.r.p.TestFile    ... success: reloaded. 
34868      INFO  main            d.u.i.k.p.r.p.TestFile    Now processing file /home/runner/work/key/key/key.core/../key.ui/examples/completionscopes/testCcatchBreakLabelWildcard.key 
34868      INFO  main            d.u.i.k.p.i.AbstractProblemLoader Loading environment from /home/runner/work/key/key/key.core/../key.ui/examples/completionscopes/testCcatchBreakLabelWildcard.key 
34868      DEBUG main            d.u.i.k.p.i.AbstractProblemLoader Environment load took 192.8ns 
34869      INFO  main            d.u.i.k.p.i.AbstractProblemLoader Creating init config 
37382      DEBUG main            d.u.i.k.p.i.AbstractProblemLoader Init config took 2.51s 
37422      INFO  main            d.u.i.k.p.i.AbstractProblemLoader Replaying proof CompletionScopes[CompletionScopes::testBreakLabelWildcard()].JML normal_behavior operation contract.0 
37424      DEBUG main            d.u.i.k.p.i.IntermediateProofReplayer Proof replay took 6.9ns 
37438      DEBUG Thread-16       d.u.i.k.l.o.ProgramSV     Match failed: Former match of  SchemaVariable incompatible with  the current match. 
37439      DEBUG Thread-16       d.u.i.k.l.o.ProgramSV     Match failed: Former match of  SchemaVariable incompatible with  the current match. 
37527      INFO  main            d.u.i.k.p.r.p.TestFile    ... finished proof: closed. 
37764      INFO  main            d.u.i.k.p.i.AbstractProblemLoader Loading environment from /home/runner/work/key/key/key.core/../key.ui/examples/completionscopes/testCcatchBreakLabelWildcard.key.proof 
37764      DEBUG main            d.u.i.k.p.i.AbstractProblemLoader Environment load took 120.8ns 
37765      INFO  main            d.u.i.k.p.i.AbstractProblemLoader Creating init config 
40203      DEBUG main            d.u.i.k.p.i.AbstractProblemLoader Init config took 2.44s 
40253      INFO  main            d.u.i.k.p.i.AbstractProblemLoader Replaying proof CompletionScopes[CompletionScopes::testBreakLabelWildcard()].JML normal_behavior operation contract.0 
40266      DEBUG main            d.u.i.k.p.i.IntermediateProofReplayer Proof replay took 9.78ms 
40267      DEBUG main            d.u.i.k.p.r.p.TestFile    ... success: reloaded. 
40268      INFO  main            d.u.i.k.p.r.p.TestFile    Now processing file /home/runner/work/key/key/key.core/../key.ui/examples/completionscopes/testCcatchContinueLabelWildcard.key 
40268      INFO  main            d.u.i.k.p.i.AbstractProblemLoader Loading environment from /home/runner/work/key/key/key.core/../key.ui/examples/completionscopes/testCcatchContinueLabelWildcard.key 
40268      DEBUG main            d.u.i.k.p.i.AbstractProblemLoader Environment load took 189.1ns 
40270      INFO  main            d.u.i.k.p.i.AbstractProblemLoader Creating init config 
42784      DEBUG main            d.u.i.k.p.i.AbstractProblemLoader Init config took 2.51s 
42825      INFO  main            d.u.i.k.p.i.AbstractProblemLoader Replaying proof CompletionScopes[CompletionScopes::testContinueLabelWildcard()].JML normal_behavior operation contract.0 
42827      DEBUG main            d.u.i.k.p.i.IntermediateProofReplayer Proof replay took 8.1ns 
42846      DEBUG Thread-19       d.u.i.k.l.o.ProgramSV     Match failed: Former match of  SchemaVariable incompatible with  the current match. 
42847      DEBUG Thread-19       d.u.i.k.l.o.ProgramSV     Match failed: Former match of  SchemaVariable incompatible with  the current match. 
42929      INFO  main            d.u.i.k.p.r.p.TestFile    ... finished proof: closed. 
43094      INFO  main            d.u.i.k.p.i.AbstractProblemLoader Loading environment from /home/runner/work/key/key/key.core/../key.ui/examples/completionscopes/testCcatchContinueLabelWildcard.key.proof 
43095      DEBUG main            d.u.i.k.p.i.AbstractProblemLoader Environment load took 125.1ns 
43096      INFO  main            d.u.i.k.p.i.AbstractProblemLoader Creating init config 
45523      DEBUG main            d.u.i.k.p.i.AbstractProblemLoader Init config took 2.43s 
45562      INFO  main            d.u.i.k.p.i.AbstractProblemLoader Replaying proof CompletionScopes[CompletionScopes::testContinueLabelWildcard()].JML normal_behavior operation contract.0 
45572      DEBUG main            d.u.i.k.p.i.IntermediateProofReplayer Proof replay took 8.66ms 
45573      DEBUG main            d.u.i.k.p.r.p.TestFile    ... success: reloaded. 
45574      INFO  main            d.u.i.k.p.r.p.TestFile    Now processing file /home/runner/work/key/key/key.core/../key.ui/examples/completionscopes/testCcatchBreakLabelNonmatchingNested.key 
45574      INFO  main            d.u.i.k.p.i.AbstractProblemLoader Loading environment from /home/runner/work/key/key/key.core/../key.ui/examples/completionscopes/testCcatchBreakLabelNonmatchingNested.key 
45574      DEBUG main            d.u.i.k.p.i.AbstractProblemLoader Environment load took 112.5ns 
45575      INFO  main            d.u.i.k.p.i.AbstractProblemLoader Creating init config 
48044      DEBUG main            d.u.i.k.p.i.AbstractProblemLoader Init config took 2.47s 
48083      INFO  main            d.u.i.k.p.i.AbstractProblemLoader Replaying proof CompletionScopes[CompletionScopes::testBreakLabelNonmatchingNested()].JML normal_behavior operation contract.0 
48085      DEBUG main            d.u.i.k.p.i.IntermediateProofReplayer Proof replay took 6.1ns 
48106      DEBUG Thread-22       d.u.i.k.l.o.ProgramSV     Match failed: Former match of  SchemaVariable incompatible with  the current match. 
48107      DEBUG Thread-22       d.u.i.k.l.o.ProgramSV     Match failed: Former match of  SchemaVariable incompatible with  the current match. 
48186      INFO  main            d.u.i.k.p.r.p.TestFile    ... finished proof: closed. 
48357      INFO  main            d.u.i.k.p.i.AbstractProblemLoader Loading environment from /home/runner/work/key/key/key.core/../key.ui/examples/completionscopes/testCcatchBreakLabelNonmatchingNested.key.proof 
48357      DEBUG main            d.u.i.k.p.i.AbstractProblemLoader Environment load took 139.2ns 
48358      INFO  main            d.u.i.k.p.i.AbstractProblemLoader Creating init config 
50799      DEBUG main            d.u.i.k.p.i.AbstractProblemLoader Init config took 2.44s 
50838      INFO  main            d.u.i.k.p.i.AbstractProblemLoader Replaying proof CompletionScopes[CompletionScopes::testBreakLabelNonmatchingNested()].JML normal_behavior operation contract.0 
50849      DEBUG main            d.u.i.k.p.i.IntermediateProofReplayer Proof replay took 9.07ms 
50849      DEBUG main            d.u.i.k.p.r.p.TestFile    ... success: reloaded. 
4929881    INFO  Test worker     d.u.i.k.p.r.RunAllProofsTestUnit Returning from test completionScopes 
4929883    INFO  Test worker     d.u.i.k.p.r.RunAllProofsTestUnit Running test reload_examples 
330        INFO  Timeout watchdog d.u.i.k.p.r.p.ForkedTestFileRunner Timeout watcher launched (2000 secs.) 
335        WARN  main            d.u.i.k.s.ProofSettings   The settings in /home/runner/.key/proof-settings.props are *not* read. 
363        INFO  main            d.u.i.k.p.r.p.TestFile    Now processing file /home/runner/work/key/key/key.core/../key.ui/examples/firstTouch/05-ReverseArray/reverseArray.key 
467        INFO  main            d.u.i.k.p.i.AbstractProblemLoader Loading environment from /home/runner/work/key/key/key.core/../key.ui/examples/firstTouch/05-ReverseArray/reverseArray.key 
493        DEBUG main            d.u.i.k.p.i.AbstractProblemLoader Environment load took 1.81ms 
715        INFO  main            d.u.i.k.p.i.AbstractProblemLoader Creating init config 
1662       DEBUG main            d.u.i.k.j.TypeConverter   No LDT found for Meta 
1663       DEBUG main            d.u.i.k.j.TypeConverter   No LDT found for Meta 
1664       DEBUG main            d.u.i.k.j.TypeConverter   No LDT found for Meta 
1664       DEBUG main            d.u.i.k.j.TypeConverter   No LDT found for Meta 
3031       DEBUG main            d.u.i.k.j.TypeConverter   No LDT found for JavaBigintExpression 
8037       DEBUG main            d.u.i.k.p.i.AbstractProblemLoader Init config took 7.32s 
8179       INFO  main            d.u.i.k.p.i.AbstractProblemLoader Replaying proof ReverseArray[ReverseArray::reverse()].JML normal_behavior operation contract.0 
8241       DEBUG main            d.u.i.k.p.i.IntermediateProofReplayer Proof replay took 35.3ns 
19254      INFO  main            d.u.i.k.p.r.p.TestFile    ... finished proof: closed. 
19501      INFO  main            d.u.i.k.p.i.AbstractProblemLoader Loading environment from /home/runner/work/key/key/key.core/../key.ui/examples/firstTouch/05-ReverseArray/reverseArray.key.proof 
19501      DEBUG main            d.u.i.k.p.i.AbstractProblemLoader Environment load took 150.5ns 
19510      INFO  main            d.u.i.k.p.i.AbstractProblemLoader Creating init config 
22254      DEBUG main            d.u.i.k.p.i.AbstractProblemLoader Init config took 2.74s 
22297      INFO  main            d.u.i.k.p.i.AbstractProblemLoader Replaying proof ReverseArray[ReverseArray::reverse()].JML normal_behavior operation contract.0 
23530      DEBUG main            d.u.i.k.p.i.IntermediateProofReplayer Proof replay took 1.18s 
23542      DEBUG main            d.u.i.k.p.r.p.TestFile    ... success: reloaded. 
23543      INFO  main            d.u.i.k.p.r.p.TestFile    Now processing file /home/runner/work/key/key/key.core/../key.ui/examples/standard_key/arith/saveProofTest.key.proof 
23544      INFO  main            d.u.i.k.p.i.AbstractProblemLoader Loading environment from /home/runner/work/key/key/key.core/../key.ui/examples/standard_key/arith/saveProofTest.key.proof 
23544      DEBUG main            d.u.i.k.p.i.AbstractProblemLoader Environment load took 207.1ns 
23546      INFO  main            d.u.i.k.p.i.AbstractProblemLoader Creating init config 
26069      DEBUG main            d.u.i.k.p.i.AbstractProblemLoader Init config took 2.52s 
26096      INFO  main            d.u.i.k.p.i.AbstractProblemLoader Replaying proof saveProofTest.key.proof 
26103      DEBUG main            d.u.i.k.p.i.IntermediateProofReplayer Proof replay took 2.93ms 
26103      INFO  main            d.u.i.k.p.r.p.TestFile    ... success: loaded 
26105      INFO  main            d.u.i.k.p.r.p.TestFile    Now processing file /home/runner/work/key/key/key.core/../key.ui/examples/heap/permutedSum/perm.proof 
26105      INFO  main            d.u.i.k.p.i.AbstractProblemLoader Loading environment from /home/runner/work/key/key/key.core/../key.ui/examples/heap/permutedSum/perm.proof 
26105      DEBUG main            d.u.i.k.p.i.AbstractProblemLoader Environment load took 192.6ns 
26108      INFO  main            d.u.i.k.p.i.AbstractProblemLoader Creating init config 
28760      DEBUG main            d.u.i.k.p.i.AbstractProblemLoader Init config took 2.65s 
28825      INFO  main            d.u.i.k.p.i.AbstractProblemLoader Replaying proof Perm[Perm::foo()].JML normal_behavior operation contract.0 
29946      DEBUG main            d.u.i.k.p.i.IntermediateProofReplayer Proof replay took 1.07s 
29949      INFO  main            d.u.i.k.p.r.p.TestFile    ... success: loaded 
29950      INFO  main            d.u.i.k.p.r.p.TestFile    Now processing file /home/runner/work/key/key/key.core/../key.ui/examples/firstTouch/05-ReverseArray/reverseArray.proof 
29950      INFO  main            d.u.i.k.p.i.AbstractProblemLoader Loading environment from /home/runner/work/key/key/key.core/../key.ui/examples/firstTouch/05-ReverseArray/reverseArray.proof 
29951      DEBUG main            d.u.i.k.p.i.AbstractProblemLoader Environment load took 211.2ns 
29953      INFO  main            d.u.i.k.p.i.AbstractProblemLoader Creating init config 
32514      DEBUG main            d.u.i.k.p.i.AbstractProblemLoader Init config took 2.56s 
32552      INFO  main            d.u.i.k.p.i.AbstractProblemLoader Replaying proof ReverseArray[ReverseArray::reverse()].JML normal_behavior operation contract.0 
33600      DEBUG main            d.u.i.k.p.i.IntermediateProofReplayer Proof replay took 1.01s 
33603      INFO  main            d.u.i.k.p.r.p.TestFile    ... success: loaded 
33604      INFO  main            d.u.i.k.p.r.p.TestFile    Now processing file /home/runner/work/key/key/key.core/../key.ui/examples/heap/verifyThis15_1_RelaxedPrefix/relax.proof 
33604      INFO  main            d.u.i.k.p.i.AbstractProblemLoader Loading environment from /home/runner/work/key/key/key.core/../key.ui/examples/heap/verifyThis15_1_RelaxedPrefix/relax.proof 
33605      DEBUG main            d.u.i.k.p.i.AbstractProblemLoader Environment load took 179.4ns 
33606      INFO  main            d.u.i.k.p.i.AbstractProblemLoader Creating init config 
36110      DEBUG main            d.u.i.k.p.i.AbstractProblemLoader Init config took 2.5s 
36163      INFO  main            d.u.i.k.p.i.AbstractProblemLoader Replaying proof Relaxed[Relaxed::isRelaxedPrefix([I,[I)].JML operation contract.0 
36687      DEBUG main            d.u.i.k.p.i.IntermediateProofReplayer Proof replay took 503.86ms 
36689      INFO  main            d.u.i.k.p.r.p.TestFile    ... success: loaded 
36690      INFO  main            d.u.i.k.p.r.p.TestFile    Now processing file /home/runner/work/key/key/key.core/../key.ui/examples/heap/verifyThis15_3_DLL/doUndo.proof 
36690      INFO  main            d.u.i.k.p.i.AbstractProblemLoader Loading environment from /home/runner/work/key/key/key.core/../key.ui/examples/heap/verifyThis15_3_DLL/doUndo.proof 
36691      DEBUG main            d.u.i.k.p.i.AbstractProblemLoader Environment load took 135.8ns 
36695      INFO  main            d.u.i.k.p.i.AbstractProblemLoader Creating init config 
37602      DEBUG main            d.u.i.k.j.r.ClassPreparationMethodBuilder clPrepBuilder: Inner Class detected. Reject building class initialisation methods. 
39409      DEBUG main            d.u.i.k.p.i.AbstractProblemLoader Init config took 2.71s 
39483      INFO  main            d.u.i.k.p.i.AbstractProblemLoader Replaying proof DoubleLinkedList[DoubleLinkedList::doUndo(DoubleLinkedList.Node,int)].JML normal_behavior operation contract.0 
40249      DEBUG main            d.u.i.k.p.i.IntermediateProofReplayer Proof replay took 736.59ms 
40251      INFO  main            d.u.i.k.p.r.p.TestFile    ... success: loaded 
40252      INFO  main            d.u.i.k.p.r.p.TestFile    Now processing file /home/runner/work/key/key/key.core/../key.ui/examples/heap/verifyThis15_2_ParallelGcd/parallelGcd.proof 
40253      INFO  main            d.u.i.k.p.i.AbstractProblemLoader Loading environment from /home/runner/work/key/key/key.core/../key.ui/examples/heap/verifyThis15_2_ParallelGcd/parallelGcd.proof 
40253      DEBUG main            d.u.i.k.p.i.AbstractProblemLoader Environment load took 177.6ns 
40254      INFO  main            d.u.i.k.p.i.AbstractProblemLoader Creating init config 
42787      DEBUG main            d.u.i.k.p.i.AbstractProblemLoader Init config took 2.53s 
42837      INFO  main            d.u.i.k.p.i.AbstractProblemLoader Replaying proof ParallelGcd[ParallelGcd::parallelGcd(int,int,[Z)].JML behavior operation contract.0 
43408      DEBUG main            d.u.i.k.p.i.IntermediateProofReplayer Proof replay took 557.52ms 
43409      INFO  main            d.u.i.k.p.r.p.TestFile    ... success: loaded 
4973483    INFO  Test worker     d.u.i.k.p.r.RunAllProofsTestUnit Returning from test reload_examples 
4973484    INFO  Test worker     d.u.i.k.p.r.RunAllProofsTestUnit Running test proofLoadRepair 
334        INFO  Timeout watchdog d.u.i.k.p.r.p.ForkedTestFileRunner Timeout watcher launched (2000 secs.) 
347        WARN  main            d.u.i.k.s.ProofSettings   The settings in /home/runner/.key/proof-settings.props are *not* read. 
376        INFO  main            d.u.i.k.p.r.p.TestFile    Now processing file /home/runner/work/key/key/key.core/../key.ui/examples/proofLoadRepair/disjConj-manipulated.proof 
508        INFO  main            d.u.i.k.p.i.AbstractProblemLoader Loading environment from /home/runner/work/key/key/key.core/../key.ui/examples/proofLoadRepair/disjConj-manipulated.proof 
525        DEBUG main            d.u.i.k.p.i.AbstractProblemLoader Environment load took 2.28ms 
774        INFO  main            d.u.i.k.p.i.AbstractProblemLoader Creating init config 
1646       DEBUG main            d.u.i.k.j.TypeConverter   No LDT found for Meta 
1647       DEBUG main            d.u.i.k.j.TypeConverter   No LDT found for Meta 
1650       DEBUG main            d.u.i.k.j.TypeConverter   No LDT found for Meta 
1650       DEBUG main            d.u.i.k.j.TypeConverter   No LDT found for Meta 
3114       DEBUG main            d.u.i.k.j.TypeConverter   No LDT found for JavaBigintExpression 
7707       DEBUG main            d.u.i.k.p.i.AbstractProblemLoader Init config took 6.93s 
7793       INFO  main            d.u.i.k.p.i.AbstractProblemLoader Replaying proof disjConj-manipulated.proof 
7845       WARN  main            d.u.i.k.p.i.IntermediateProofReplayer Proof contains wrong number of \assumes instatiations for andLeft 
7847       WARN  main            d.u.i.k.p.i.IntermediateProofReplayer Proof contains wrong number of \assumes instatiations for replace_known_right 
7851       WARN  main            d.u.i.k.p.i.IntermediateProofReplayer Proof contains wrong number of \assumes instatiations for close 
7852       DEBUG main            d.u.i.k.p.i.IntermediateProofReplayer Proof replay took 18.46ms 
7856       INFO  main            d.u.i.k.p.r.p.TestFile    ... success: loaded 
7860       INFO  main            d.u.i.k.p.r.p.TestFile    Now processing file /home/runner/work/key/key/key.core/../key.ui/examples/proofLoadRepair/insufficient-manipulated.proof 
7860       INFO  main            d.u.i.k.p.i.AbstractProblemLoader Loading environment from /home/runner/work/key/key/key.core/../key.ui/examples/proofLoadRepair/insufficient-manipulated.proof 
7860       DEBUG main            d.u.i.k.p.i.AbstractProblemLoader Environment load took 241.71ns 
7864       INFO  main            d.u.i.k.p.i.AbstractProblemLoader Creating init config 
10460      DEBUG main            d.u.i.k.p.i.AbstractProblemLoader Init config took 2.6s 
10478      INFO  main            d.u.i.k.p.i.AbstractProblemLoader Replaying proof insufficient-manipulated.proof 
10496      WARN  main            d.u.i.k.p.i.IntermediateProofReplayer Proof contains wrong number of \assumes instatiations for applyEq 
10505      DEBUG main            d.u.i.k.p.i.IntermediateProofReplayer Proof replay took 11.88ms 
10507      INFO  main            d.u.i.k.p.r.p.TestFile    ... success: loading failed 
10508      INFO  main            d.u.i.k.p.r.p.TestFile    Now processing file /home/runner/work/key/key/key.core/../key.ui/examples/../../key.core/src/test/resources/testcase/issues/1716/incorrectPolarity.proof 
10509      INFO  main            d.u.i.k.p.i.AbstractProblemLoader Loading environment from /home/runner/work/key/key/key.core/../key.ui/examples/../../key.core/src/test/resources/testcase/issues/1716/incorrectPolarity.proof 
10509      DEBUG main            d.u.i.k.p.i.AbstractProblemLoader Environment load took 121ns 
10510      INFO  main            d.u.i.k.p.i.AbstractProblemLoader Creating init config 
13171      DEBUG main            d.u.i.k.p.i.AbstractProblemLoader Init config took 2.66s 
13199      INFO  main            d.u.i.k.p.i.AbstractProblemLoader Replaying proof incorrectPolarity.proof 
13202      DEBUG main            d.u.i.k.p.i.IntermediateProofReplayer Proof replay took 190.8ns 
13203      INFO  main            d.u.i.k.p.r.p.TestFile    ... success: loading failed 
13204      INFO  main            d.u.i.k.p.r.p.TestFile    Now processing file /home/runner/work/key/key/key.core/../key.ui/examples/../../key.core/src/test/resources/testcase/issues/1716/incorrectPolarity2.proof 
13204      INFO  main            d.u.i.k.p.i.AbstractProblemLoader Loading environment from /home/runner/work/key/key/key.core/../key.ui/examples/../../key.core/src/test/resources/testcase/issues/1716/incorrectPolarity2.proof 
13204      DEBUG main            d.u.i.k.p.i.AbstractProblemLoader Environment load took 195.6ns 
13206      INFO  main            d.u.i.k.p.i.AbstractProblemLoader Creating init config 
15552      DEBUG main            d.u.i.k.p.i.AbstractProblemLoader Init config took 2.35s 
15576      INFO  main            d.u.i.k.p.i.AbstractProblemLoader Replaying proof incorrectPolarity2.proof 
15578      DEBUG main            d.u.i.k.p.i.IntermediateProofReplayer Proof replay took 372.31ns 
15579      INFO  main            d.u.i.k.p.r.p.TestFile    ... success: loading failed 
15579      INFO  main            d.u.i.k.p.r.p.TestFile    Now processing file /home/runner/work/key/key/key.core/../key.ui/examples/../../key.core/src/test/resources/testcase/issues/1716/incorrectPolarity3.proof 
15580      INFO  main            d.u.i.k.p.i.AbstractProblemLoader Loading environment from /home/runner/work/key/key/key.core/../key.ui/examples/../../key.core/src/test/resources/testcase/issues/1716/incorrectPolarity3.proof 
15580      DEBUG main            d.u.i.k.p.i.AbstractProblemLoader Environment load took 189.1ns 
15581      INFO  main            d.u.i.k.p.i.AbstractProblemLoader Creating init config 
17908      DEBUG main            d.u.i.k.p.i.AbstractProblemLoader Init config took 2.33s 
17929      INFO  main            d.u.i.k.p.i.AbstractProblemLoader Replaying proof incorrectPolarity3.proof 
17933      DEBUG main            d.u.i.k.p.i.IntermediateProofReplayer Proof replay took 1.76ms 
17934      INFO  main            d.u.i.k.p.r.p.TestFile    ... success: loading failed 
4991601    INFO  Test worker     d.u.i.k.p.r.RunAllProofsTestUnit Returning from test proofLoadRepair 
4991602    INFO  Test worker     d.u.i.k.p.r.RunAllProofsTestUnit Running test switch 
333        INFO  Timeout watchdog d.u.i.k.p.r.p.ForkedTestFileRunner Timeout watcher launched (2000 secs.) 
337        WARN  main            d.u.i.k.s.ProofSettings   The settings in /home/runner/.key/proof-settings.props are *not* read. 
363        INFO  main            d.u.i.k.p.r.p.TestFile    Now processing file /home/runner/work/key/key/key.core/../key.ui/examples/standard_key/java_dl/switch/labeled_case.key 
465        INFO  main            d.u.i.k.p.i.AbstractProblemLoader Loading environment from /home/runner/work/key/key/key.core/../key.ui/examples/standard_key/java_dl/switch/labeled_case.key 
493        DEBUG main            d.u.i.k.p.i.AbstractProblemLoader Environment load took 1.98ms 
710        INFO  main            d.u.i.k.p.i.AbstractProblemLoader Creating init config 
1576       DEBUG main            d.u.i.k.j.TypeConverter   No LDT found for Meta 
1576       DEBUG main            d.u.i.k.j.TypeConverter   No LDT found for Meta 
1577       DEBUG main            d.u.i.k.j.TypeConverter   No LDT found for Meta 
1578       DEBUG main            d.u.i.k.j.TypeConverter   No LDT found for Meta 
3150       DEBUG main            d.u.i.k.j.TypeConverter   No LDT found for JavaBigintExpression 
8272       DEBUG main            d.u.i.k.p.i.AbstractProblemLoader Init config took 7.56s 
8395       INFO  main            d.u.i.k.p.i.AbstractProblemLoader Replaying proof LabeledCase[LabeledCase::m(int)].JML normal_behavior operation contract.0 
8427       DEBUG main            d.u.i.k.p.i.IntermediateProofReplayer Proof replay took 33.1ns 
9047       INFO  main            d.u.i.k.p.r.p.TestFile    ... finished proof: closed. 
9144       INFO  main            d.u.i.k.p.i.AbstractProblemLoader Loading environment from /home/runner/work/key/key/key.core/../key.ui/examples/standard_key/java_dl/switch/labeled_case.key.proof 
9144       DEBUG main            d.u.i.k.p.i.AbstractProblemLoader Environment load took 388.01ns 
9146       INFO  main            d.u.i.k.p.i.AbstractProblemLoader Creating init config 
11885      DEBUG main            d.u.i.k.p.i.AbstractProblemLoader Init config took 2.74s 
11945      INFO  main            d.u.i.k.p.i.AbstractProblemLoader Replaying proof LabeledCase[LabeledCase::m(int)].JML normal_behavior operation contract.0 
12003      DEBUG main            d.u.i.k.p.i.IntermediateProofReplayer Proof replay took 53.22ms 
12010      DEBUG main            d.u.i.k.p.r.p.TestFile    ... success: reloaded. 
12011      INFO  main            d.u.i.k.p.r.p.TestFile    Now processing file /home/runner/work/key/key/key.core/../key.ui/examples/standard_key/java_dl/switch/empty_switch.key 
12012      INFO  main            d.u.i.k.p.i.AbstractProblemLoader Loading environment from /home/runner/work/key/key/key.core/../key.ui/examples/standard_key/java_dl/switch/empty_switch.key 
12012      DEBUG main            d.u.i.k.p.i.AbstractProblemLoader Environment load took 195ns 
12013      INFO  main            d.u.i.k.p.i.AbstractProblemLoader Creating init config 
14581      DEBUG main            d.u.i.k.p.i.AbstractProblemLoader Init config took 2.57s 
14610      INFO  main            d.u.i.k.p.i.AbstractProblemLoader Replaying proof empty_switch.key 
14613      DEBUG main            d.u.i.k.p.i.IntermediateProofReplayer Proof replay took 21.3ns 
14716      INFO  main            d.u.i.k.p.r.p.TestFile    ... finished proof: closed. 
14839      INFO  main            d.u.i.k.p.i.AbstractProblemLoader Loading environment from /home/runner/work/key/key/key.core/../key.ui/examples/standard_key/java_dl/switch/empty_switch.key.proof 
14839      DEBUG main            d.u.i.k.p.i.AbstractProblemLoader Environment load took 141.2ns 
14840      INFO  main            d.u.i.k.p.i.AbstractProblemLoader Creating init config 
17302      DEBUG main            d.u.i.k.p.i.AbstractProblemLoader Init config took 2.46s 
17326      INFO  main            d.u.i.k.p.i.AbstractProblemLoader Replaying proof empty_switch.key.proof 
17330      DEBUG main            d.u.i.k.p.i.IntermediateProofReplayer Proof replay took 2.17ms 
17331      DEBUG main            d.u.i.k.p.r.p.TestFile    ... success: reloaded. 
17332      INFO  main            d.u.i.k.p.r.p.TestFile    Now processing file /home/runner/work/key/key/key.core/../key.ui/examples/standard_key/java_dl/switch/empty_switch_null.key 
17332      INFO  main            d.u.i.k.p.i.AbstractProblemLoader Loading environment from /home/runner/work/key/key/key.core/../key.ui/examples/standard_key/java_dl/switch/empty_switch_null.key 
17333      DEBUG main            d.u.i.k.p.i.AbstractProblemLoader Environment load took 181.1ns 
17334      INFO  main            d.u.i.k.p.i.AbstractProblemLoader Creating init config 
19783      DEBUG main            d.u.i.k.p.i.AbstractProblemLoader Init config took 2.45s 
19810      INFO  main            d.u.i.k.p.i.AbstractProblemLoader Replaying proof empty_switch_null.key 
19814      DEBUG main            d.u.i.k.p.i.IntermediateProofReplayer Proof replay took 6.2ns 
20017      INFO  main            d.u.i.k.p.r.p.TestFile    ... finished proof: closed. 
20156      INFO  main            d.u.i.k.p.i.AbstractProblemLoader Loading environment from /home/runner/work/key/key/key.core/../key.ui/examples/standard_key/java_dl/switch/empty_switch_null.key.proof 
20157      DEBUG main            d.u.i.k.p.i.AbstractProblemLoader Environment load took 543.21ns 
20159      INFO  main            d.u.i.k.p.i.AbstractProblemLoader Creating init config 
22564      DEBUG main            d.u.i.k.p.i.AbstractProblemLoader Init config took 2.41s 
22585      INFO  main            d.u.i.k.p.i.AbstractProblemLoader Replaying proof empty_switch_null.key.proof 
22617      DEBUG main            d.u.i.k.p.i.IntermediateProofReplayer Proof replay took 28.72ms 
22618      DEBUG main            d.u.i.k.p.r.p.TestFile    ... success: reloaded. 
22619      INFO  main            d.u.i.k.p.r.p.TestFile    Now processing file /home/runner/work/key/key/key.core/../key.ui/examples/standard_key/java_dl/switch/empty_switch_null_catch.key 
22619      INFO  main            d.u.i.k.p.i.AbstractProblemLoader Loading environment from /home/runner/work/key/key/key.core/../key.ui/examples/standard_key/java_dl/switch/empty_switch_null_catch.key 
22619      DEBUG main            d.u.i.k.p.i.AbstractProblemLoader Environment load took 177.3ns 
22620      INFO  main            d.u.i.k.p.i.AbstractProblemLoader Creating init config 
25063      DEBUG main            d.u.i.k.p.i.AbstractProblemLoader Init config took 2.44s 
25084      INFO  main            d.u.i.k.p.i.AbstractProblemLoader Replaying proof empty_switch_null_catch.key 
25086      DEBUG main            d.u.i.k.p.i.IntermediateProofReplayer Proof replay took 6.3ns 
25292      INFO  main            d.u.i.k.p.r.p.TestFile    ... finished proof: closed. 
25431      INFO  main            d.u.i.k.p.i.AbstractProblemLoader Loading environment from /home/runner/work/key/key/key.core/../key.ui/examples/standard_key/java_dl/switch/empty_switch_null_catch.key.proof 
25433      DEBUG main            d.u.i.k.p.i.AbstractProblemLoader Environment load took 1.44ms 
25434      INFO  main            d.u.i.k.p.i.AbstractProblemLoader Creating init config 
27827      DEBUG main            d.u.i.k.p.i.AbstractProblemLoader Init config took 2.39s 
27849      INFO  main            d.u.i.k.p.i.AbstractProblemLoader Replaying proof empty_switch_null_catch.key.proof 
27887      DEBUG main            d.u.i.k.p.i.IntermediateProofReplayer Proof replay took 35.34ms 
27888      DEBUG main            d.u.i.k.p.r.p.TestFile    ... success: reloaded. 
27888      INFO  main            d.u.i.k.p.r.p.TestFile    Now processing file /home/runner/work/key/key/key.core/../key.ui/examples/standard_key/java_dl/switch/empty_switch_array_out_of_bounds.key 
27889      INFO  main            d.u.i.k.p.i.AbstractProblemLoader Loading environment from /home/runner/work/key/key/key.core/../key.ui/examples/standard_key/java_dl/switch/empty_switch_array_out_of_bounds.key 
27889      DEBUG main            d.u.i.k.p.i.AbstractProblemLoader Environment load took 98.1ns 
27890      INFO  main            d.u.i.k.p.i.AbstractProblemLoader Creating init config 
30345      DEBUG main            d.u.i.k.p.i.AbstractProblemLoader Init config took 2.46s 
30366      INFO  main            d.u.i.k.p.i.AbstractProblemLoader Replaying proof empty_switch_array_out_of_bounds.key 
30369      DEBUG main            d.u.i.k.p.i.IntermediateProofReplayer Proof replay took 6ns 
30573      INFO  main            d.u.i.k.p.r.p.TestFile    ... finished proof: closed. 
30736      INFO  main            d.u.i.k.p.i.AbstractProblemLoader Loading environment from /home/runner/work/key/key/key.core/../key.ui/examples/standard_key/java_dl/switch/empty_switch_array_out_of_bounds.key.proof 
30737      DEBUG main            d.u.i.k.p.i.AbstractProblemLoader Environment load took 757.72ns 
30740      INFO  main            d.u.i.k.p.i.AbstractProblemLoader Creating init config 
33139      DEBUG main            d.u.i.k.p.i.AbstractProblemLoader Init config took 2.4s 
33163      INFO  main            d.u.i.k.p.i.AbstractProblemLoader Replaying proof empty_switch_array_out_of_bounds.key.proof 
33242      DEBUG main            d.u.i.k.p.i.IntermediateProofReplayer Proof replay took 75.98ms 
33243      DEBUG main            d.u.i.k.p.r.p.TestFile    ... success: reloaded. 
33244      INFO  main            d.u.i.k.p.r.p.TestFile    Now processing file /home/runner/work/key/key/key.core/../key.ui/examples/standard_key/java_dl/switch/empty_switch_array_out_of_bounds_catch.key 
33244      INFO  main            d.u.i.k.p.i.AbstractProblemLoader Loading environment from /home/runner/work/key/key/key.core/../key.ui/examples/standard_key/java_dl/switch/empty_switch_array_out_of_bounds_catch.key 
33245      DEBUG main            d.u.i.k.p.i.AbstractProblemLoader Environment load took 98.2ns 
33246      INFO  main            d.u.i.k.p.i.AbstractProblemLoader Creating init config 
35645      DEBUG main            d.u.i.k.p.i.AbstractProblemLoader Init config took 2.4s 
35666      INFO  main            d.u.i.k.p.i.AbstractProblemLoader Replaying proof empty_switch_array_out_of_bounds_catch.key 
35669      DEBUG main            d.u.i.k.p.i.IntermediateProofReplayer Proof replay took 6.5ns 
35872      INFO  main            d.u.i.k.p.r.p.TestFile    ... finished proof: closed. 
36031      INFO  main            d.u.i.k.p.i.AbstractProblemLoader Loading environment from /home/runner/work/key/key/key.core/../key.ui/examples/standard_key/java_dl/switch/empty_switch_array_out_of_bounds_catch.key.proof 
36031      DEBUG main            d.u.i.k.p.i.AbstractProblemLoader Environment load took 122.3ns 
36032      INFO  main            d.u.i.k.p.i.AbstractProblemLoader Creating init config 
38378      DEBUG main            d.u.i.k.p.i.AbstractProblemLoader Init config took 2.35s 
38396      INFO  main            d.u.i.k.p.i.AbstractProblemLoader Replaying proof empty_switch_array_out_of_bounds_catch.key.proof 
38435      DEBUG main            d.u.i.k.p.i.IntermediateProofReplayer Proof replay took 35.53ms 
38436      DEBUG main            d.u.i.k.p.r.p.TestFile    ... success: reloaded. 
38437      INFO  main            d.u.i.k.p.r.p.TestFile    Now processing file /home/runner/work/key/key/key.core/../key.ui/examples/standard_key/java_dl/switch/switch_in_switch.key 
38437      INFO  main            d.u.i.k.p.i.AbstractProblemLoader Loading environment from /home/runner/work/key/key/key.core/../key.ui/examples/standard_key/java_dl/switch/switch_in_switch.key 
38438      DEBUG main            d.u.i.k.p.i.AbstractProblemLoader Environment load took 191.31ns 
38439      INFO  main            d.u.i.k.p.i.AbstractProblemLoader Creating init config 
40941      DEBUG main            d.u.i.k.p.i.AbstractProblemLoader Init config took 2.5s 
40990      INFO  main            d.u.i.k.p.i.AbstractProblemLoader Replaying proof SwitchInSwitch[SwitchInSwitch::m(int)].JML normal_behavior operation contract.0 
40991      DEBUG main            d.u.i.k.p.i.IntermediateProofReplayer Proof replay took 6.1ns 
44997      INFO  main            d.u.i.k.p.r.p.TestFile    ... finished proof: closed. 
45225      INFO  main            d.u.i.k.p.i.AbstractProblemLoader Loading environment from /home/runner/work/key/key/key.core/../key.ui/examples/standard_key/java_dl/switch/switch_in_switch.key.proof 
45233      DEBUG main            d.u.i.k.p.i.AbstractProblemLoader Environment load took 8.24ms 
45237      INFO  main            d.u.i.k.p.i.AbstractProblemLoader Creating init config 
47658      DEBUG main            d.u.i.k.p.i.AbstractProblemLoader Init config took 2.42s 
47698      INFO  main            d.u.i.k.p.i.AbstractProblemLoader Replaying proof SwitchInSwitch[SwitchInSwitch::m(int)].JML normal_behavior operation contract.0 
48196      DEBUG main            d.u.i.k.p.i.IntermediateProofReplayer Proof replay took 473.7ms 
48198      DEBUG main            d.u.i.k.p.r.p.TestFile    ... success: reloaded. 
48199      INFO  main            d.u.i.k.p.r.p.TestFile    Now processing file /home/runner/work/key/key/key.core/../key.ui/examples/standard_key/java_dl/switch/while_and_switch.key 
48200      INFO  main            d.u.i.k.p.i.AbstractProblemLoader Loading environment from /home/runner/work/key/key/key.core/../key.ui/examples/standard_key/java_dl/switch/while_and_switch.key 
48200      DEBUG main            d.u.i.k.p.i.AbstractProblemLoader Environment load took 196.5ns 
48201      INFO  main            d.u.i.k.p.i.AbstractProblemLoader Creating init config 
50712      DEBUG main            d.u.i.k.p.i.AbstractProblemLoader Init config took 2.51s 
50753      INFO  main            d.u.i.k.p.i.AbstractProblemLoader Replaying proof WhileAndSwitch[WhileAndSwitch::m(int)].JML normal_behavior operation contract.0 
50756      DEBUG main            d.u.i.k.p.i.IntermediateProofReplayer Proof replay took 7ns 
51461      INFO  main            d.u.i.k.p.r.p.TestFile    ... finished proof: closed. 
51676      INFO  main            d.u.i.k.p.i.AbstractProblemLoader Loading environment from /home/runner/work/key/key/key.core/../key.ui/examples/standard_key/java_dl/switch/while_and_switch.key.proof 
51676      DEBUG main            d.u.i.k.p.i.AbstractProblemLoader Environment load took 379.51ns 
51678      INFO  main            d.u.i.k.p.i.AbstractProblemLoader Creating init config 
54081      DEBUG main            d.u.i.k.p.i.AbstractProblemLoader Init config took 2.4s 
54127      INFO  main            d.u.i.k.p.i.AbstractProblemLoader Replaying proof WhileAndSwitch[WhileAndSwitch::m(int)].JML normal_behavior operation contract.0 
54276      DEBUG main            d.u.i.k.p.i.IntermediateProofReplayer Proof replay took 141.85ms 
54279      DEBUG main            d.u.i.k.p.r.p.TestFile    ... success: reloaded. 
54280      INFO  main            d.u.i.k.p.r.p.TestFile    Now processing file /home/runner/work/key/key/key.core/../key.ui/examples/standard_key/java_dl/switch/large_switch.key 
54282      INFO  main            d.u.i.k.p.i.AbstractProblemLoader Loading environment from /home/runner/work/key/key/key.core/../key.ui/examples/standard_key/java_dl/switch/large_switch.key 
54283      DEBUG main            d.u.i.k.p.i.AbstractProblemLoader Environment load took 209.91ns 
54284      INFO  main            d.u.i.k.p.i.AbstractProblemLoader Creating init config 
56727      DEBUG main            d.u.i.k.p.i.AbstractProblemLoader Init config took 2.44s 
56765      INFO  main            d.u.i.k.p.i.AbstractProblemLoader Replaying proof LargeSwitch[LargeSwitch::m(int)].JML normal_behavior operation contract.0 
56767      DEBUG main            d.u.i.k.p.i.IntermediateProofReplayer Proof replay took 6.6ns 
58175      INFO  main            d.u.i.k.p.r.p.TestFile    ... finished proof: closed. 
58374      INFO  main            d.u.i.k.p.i.AbstractProblemLoader Loading environment from /home/runner/work/key/key/key.core/../key.ui/examples/standard_key/java_dl/switch/large_switch.key.proof 
58377      DEBUG main            d.u.i.k.p.i.AbstractProblemLoader Environment load took 3.01ms 
58379      INFO  main            d.u.i.k.p.i.AbstractProblemLoader Creating init config 
60828      DEBUG main            d.u.i.k.p.i.AbstractProblemLoader Init config took 2.45s 
60865      INFO  main            d.u.i.k.p.i.AbstractProblemLoader Replaying proof LargeSwitch[LargeSwitch::m(int)].JML normal_behavior operation contract.0 
61197      DEBUG main            d.u.i.k.p.i.IntermediateProofReplayer Proof replay took 317.44ms 
61199      DEBUG main            d.u.i.k.p.r.p.TestFile    ... success: reloaded. 
5052968    INFO  Test worker     d.u.i.k.p.r.RunAllProofsTestUnit Returning from test switch 
5052969    INFO  Test worker     d.u.i.k.p.r.RunAllProofsTestUnit Running test redux 
352        INFO  Timeout watchdog d.u.i.k.p.r.p.ForkedTestFileRunner Timeout watcher launched (2000 secs.) 
358        WARN  main            d.u.i.k.s.ProofSettings   The settings in /home/runner/.key/proof-settings.props are *not* read. 
385        INFO  main            d.u.i.k.p.r.p.TestFile    Now processing file /home/runner/work/key/key/key.core/../key.ui/examples/redux/arrays/Arrays.copyOf.key 
488        INFO  main            d.u.i.k.p.i.AbstractProblemLoader Loading environment from /home/runner/work/key/key/key.core/../key.ui/examples/redux/arrays/Arrays.copyOf.key 
508        DEBUG main            d.u.i.k.p.i.AbstractProblemLoader Environment load took 1.8ms 
719        INFO  main            d.u.i.k.p.i.AbstractProblemLoader Creating init config 
1560       DEBUG main            d.u.i.k.j.TypeConverter   No LDT found for Meta 
1560       DEBUG main            d.u.i.k.j.TypeConverter   No LDT found for Meta 
1562       DEBUG main            d.u.i.k.j.TypeConverter   No LDT found for Meta 
1562       DEBUG main            d.u.i.k.j.TypeConverter   No LDT found for Meta 
3368       DEBUG main            d.u.i.k.j.TypeConverter   No LDT found for JavaBigintExpression 
8635       DEBUG main            d.u.i.k.p.i.AbstractProblemLoader Init config took 7.92s 
8808       INFO  main            d.u.i.k.p.i.AbstractProblemLoader Replaying proof Arrays[Arrays::copyOf([I,int)].JML normal_behavior operation contract.0 
8879       DEBUG main            d.u.i.k.p.i.IntermediateProofReplayer Proof replay took 43.8ns 
14041      INFO  main            d.u.i.k.p.r.p.TestFile    ... finished proof: closed. 
14204      INFO  main            d.u.i.k.p.i.AbstractProblemLoader Loading environment from /home/runner/work/key/key/key.core/../key.ui/examples/redux/arrays/Arrays.copyOf.key.proof 
14209      DEBUG main            d.u.i.k.p.i.AbstractProblemLoader Environment load took 1.31ms 
14212      INFO  main            d.u.i.k.p.i.AbstractProblemLoader Creating init config 
17625      DEBUG main            d.u.i.k.p.i.AbstractProblemLoader Init config took 3.41s 
17701      INFO  main            d.u.i.k.p.i.AbstractProblemLoader Replaying proof Arrays[Arrays::copyOf([I,int)].JML normal_behavior operation contract.0 
18316      DEBUG main            d.u.i.k.p.i.IntermediateProofReplayer Proof replay took 576.83ms 
18326      DEBUG main            d.u.i.k.p.r.p.TestFile    ... success: reloaded. 
18328      INFO  main            d.u.i.k.p.r.p.TestFile    Now processing file /home/runner/work/key/key/key.core/../key.ui/examples/redux/arrays/Arrays.copyOf.float.key 
18328      INFO  main            d.u.i.k.p.i.AbstractProblemLoader Loading environment from /home/runner/work/key/key/key.core/../key.ui/examples/redux/arrays/Arrays.copyOf.float.key 
18329      DEBUG main            d.u.i.k.p.i.AbstractProblemLoader Environment load took 210.8ns 
18333      INFO  main            d.u.i.k.p.i.AbstractProblemLoader Creating init config 
21564      DEBUG main            d.u.i.k.p.i.AbstractProblemLoader Init config took 3.23s 
21617      INFO  main            d.u.i.k.p.i.AbstractProblemLoader Replaying proof Arrays[Arrays::copyOf([F,int)].JML normal_behavior operation contract.0 
21624      DEBUG main            d.u.i.k.p.i.IntermediateProofReplayer Proof replay took 7.6ns 
21652      DEBUG main            d.u.i.k.m.s.ProofScriptEngine 1: 'macro autopilot' 
25933      DEBUG main            d.u.i.k.m.s.ProofScriptEngine 2: 'smt solver=Z3' 
26016      INFO  main            d.u.i.k.m.s.SMTCommand    Finished run on goal 17 in 56ms, result is valid 
26017      DEBUG main            d.u.i.k.m.s.ProofScriptEngine 3: 'tryclose' 
27692      INFO  main            d.u.i.k.p.r.p.TestFile    ... finished proof: closed. 
27876      INFO  main            d.u.i.k.p.i.AbstractProblemLoader Loading environment from /home/runner/work/key/key/key.core/../key.ui/examples/redux/arrays/Arrays.copyOf.float.key.proof 
27877      DEBUG main            d.u.i.k.p.i.AbstractProblemLoader Environment load took 360.11ns 
27880      INFO  main            d.u.i.k.p.i.AbstractProblemLoader Creating init config 
31031      DEBUG main            d.u.i.k.p.i.AbstractProblemLoader Init config took 3.15s 
31103      INFO  main            d.u.i.k.p.i.AbstractProblemLoader Replaying proof Arrays[Arrays::copyOf([F,int)].JML normal_behavior operation contract.0 
31192      INFO  main            d.u.i.k.s.SMTFocusResults Analyzing unsat core: (L_6) 
31853      DEBUG main            d.u.i.k.p.i.IntermediateProofReplayer Proof replay took 728.57ms 
31855      DEBUG main            d.u.i.k.p.r.p.TestFile    ... success: reloaded. 
31856      INFO  main            d.u.i.k.p.r.p.TestFile    Now processing file /home/runner/work/key/key/key.core/../key.ui/examples/redux/arrays/Arrays.copyOfRange.key 
31856      INFO  main            d.u.i.k.p.i.AbstractProblemLoader Loading environment from /home/runner/work/key/key/key.core/../key.ui/examples/redux/arrays/Arrays.copyOfRange.key 
31857      DEBUG main            d.u.i.k.p.i.AbstractProblemLoader Environment load took 196.6ns 
31858      INFO  main            d.u.i.k.p.i.AbstractProblemLoader Creating init config 
34946      DEBUG main            d.u.i.k.p.i.AbstractProblemLoader Init config took 3.09s 
34988      INFO  main            d.u.i.k.p.i.AbstractProblemLoader Replaying proof Arrays[Arrays::copyOfRange([I,int,int)].JML normal_behavior operation contract.0 
34990      DEBUG main            d.u.i.k.p.i.IntermediateProofReplayer Proof replay took 5.7ns 
39289      INFO  main            d.u.i.k.p.r.p.TestFile    ... finished proof: closed. 
39527      INFO  main            d.u.i.k.p.i.AbstractProblemLoader Loading environment from /home/runner/work/key/key/key.core/../key.ui/examples/redux/arrays/Arrays.copyOfRange.key.proof 
39531      DEBUG main            d.u.i.k.p.i.AbstractProblemLoader Environment load took 3.23ms 
39532      INFO  main            d.u.i.k.p.i.AbstractProblemLoader Creating init config 
42524      DEBUG main            d.u.i.k.p.i.AbstractProblemLoader Init config took 2.99s 
42567      INFO  main            d.u.i.k.p.i.AbstractProblemLoader Replaying proof Arrays[Arrays::copyOfRange([I,int,int)].JML normal_behavior operation contract.0 
43125      DEBUG main            d.u.i.k.p.i.IntermediateProofReplayer Proof replay took 519.68ms 
43127      DEBUG main            d.u.i.k.p.r.p.TestFile    ... success: reloaded. 
43128      INFO  main            d.u.i.k.p.r.p.TestFile    Now processing file /home/runner/work/key/key/key.core/../key.ui/examples/redux/arrays/Arrays.copyOfRange.float.key 
43128      INFO  main            d.u.i.k.p.i.AbstractProblemLoader Loading environment from /home/runner/work/key/key/key.core/../key.ui/examples/redux/arrays/Arrays.copyOfRange.float.key 
43129      DEBUG main            d.u.i.k.p.i.AbstractProblemLoader Environment load took 178.8ns 
43129      INFO  main            d.u.i.k.p.i.AbstractProblemLoader Creating init config 
46190      DEBUG main            d.u.i.k.p.i.AbstractProblemLoader Init config took 3.06s 
46233      INFO  main            d.u.i.k.p.i.AbstractProblemLoader Replaying proof Arrays[Arrays::copyOfRange([F,int,int)].JML normal_behavior operation contract.0 
46234      DEBUG main            d.u.i.k.p.i.IntermediateProofReplayer Proof replay took 6.1ns 
46235      DEBUG main            d.u.i.k.m.s.ProofScriptEngine 1: 'macro autopilot' 
51911      DEBUG main            d.u.i.k.m.s.ProofScriptEngine 2: 'smt solver=Z3' 
51955      INFO  main            d.u.i.k.m.s.SMTCommand    Finished run on goal 27 in 35ms, result is valid 
51955      DEBUG main            d.u.i.k.m.s.ProofScriptEngine 3: 'tryclose' 
55312      INFO  main            d.u.i.k.p.r.p.TestFile    ... finished proof: closed. 
55533      INFO  main            d.u.i.k.p.i.AbstractProblemLoader Loading environment from /home/runner/work/key/key/key.core/../key.ui/examples/redux/arrays/Arrays.copyOfRange.float.key.proof 
55533      DEBUG main            d.u.i.k.p.i.AbstractProblemLoader Environment load took 359.11ns 
55535      INFO  main            d.u.i.k.p.i.AbstractProblemLoader Creating init config 
58569      DEBUG main            d.u.i.k.p.i.AbstractProblemLoader Init config took 3.03s 
58614      INFO  main            d.u.i.k.p.i.AbstractProblemLoader Replaying proof Arrays[Arrays::copyOfRange([F,int,int)].JML normal_behavior operation contract.0 
58701      INFO  main            d.u.i.k.s.SMTFocusResults Analyzing unsat core: (L_8) 
59606      DEBUG main            d.u.i.k.p.i.IntermediateProofReplayer Proof replay took 961.93ms 
59609      DEBUG main            d.u.i.k.p.r.p.TestFile    ... success: reloaded. 
59610      INFO  main            d.u.i.k.p.r.p.TestFile    Now processing file /home/runner/work/key/key/key.core/../key.ui/examples/redux/arrays/Arrays.equals.key 
59610      INFO  main            d.u.i.k.p.i.AbstractProblemLoader Loading environment from /home/runner/work/key/key/key.core/../key.ui/examples/redux/arrays/Arrays.equals.key 
59610      DEBUG main            d.u.i.k.p.i.AbstractProblemLoader Environment load took 187.7ns 
59611      INFO  main            d.u.i.k.p.i.AbstractProblemLoader Creating init config 
62662      DEBUG main            d.u.i.k.p.i.AbstractProblemLoader Init config took 3.05s 
62702      INFO  main            d.u.i.k.p.i.AbstractProblemLoader Replaying proof Arrays[Arrays::equals([B,[B)].JML normal_behavior operation contract.0 
62704      DEBUG main            d.u.i.k.p.i.IntermediateProofReplayer Proof replay took 5.9ns 
63207      INFO  main            d.u.i.k.p.r.p.TestFile    ... finished proof: closed. 
63433      INFO  main            d.u.i.k.p.i.AbstractProblemLoader Loading environment from /home/runner/work/key/key/key.core/../key.ui/examples/redux/arrays/Arrays.equals.key.proof 
63434      DEBUG main            d.u.i.k.p.i.AbstractProblemLoader Environment load took 424.71ns 
63435      INFO  main            d.u.i.k.p.i.AbstractProblemLoader Creating init config 
66446      DEBUG main            d.u.i.k.p.i.AbstractProblemLoader Init config took 3.01s 
66492      INFO  main            d.u.i.k.p.i.AbstractProblemLoader Replaying proof Arrays[Arrays::equals([B,[B)].JML normal_behavior operation contract.0 
66646      DEBUG main            d.u.i.k.p.i.IntermediateProofReplayer Proof replay took 148.64ms 
66647      DEBUG main            d.u.i.k.p.r.p.TestFile    ... success: reloaded. 
66648      INFO  main            d.u.i.k.p.r.p.TestFile    Now processing file /home/runner/work/key/key/key.core/../key.ui/examples/redux/arrays/Arrays.fill.key 
66648      INFO  main            d.u.i.k.p.i.AbstractProblemLoader Loading environment from /home/runner/work/key/key/key.core/../key.ui/examples/redux/arrays/Arrays.fill.key 
66648      DEBUG main            d.u.i.k.p.i.AbstractProblemLoader Environment load took 97.3ns 
66649      INFO  main            d.u.i.k.p.i.AbstractProblemLoader Creating init config 
69666      DEBUG main            d.u.i.k.p.i.AbstractProblemLoader Init config took 3.02s 
69705      INFO  main            d.u.i.k.p.i.AbstractProblemLoader Replaying proof Arrays[Arrays::fill([I,int)].JML normal_behavior operation contract.0 
69707      DEBUG main            d.u.i.k.p.i.IntermediateProofReplayer Proof replay took 5.7ns 
69911      INFO  main            d.u.i.k.p.r.p.TestFile    ... finished proof: closed. 
70155      INFO  main            d.u.i.k.p.i.AbstractProblemLoader Loading environment from /home/runner/work/key/key/key.core/../key.ui/examples/redux/arrays/Arrays.fill.key.proof 
70155      DEBUG main            d.u.i.k.p.i.AbstractProblemLoader Environment load took 124.4ns 
70156      INFO  main            d.u.i.k.p.i.AbstractProblemLoader Creating init config 
73101      DEBUG main            d.u.i.k.p.i.AbstractProblemLoader Init config took 2.94s 
73138      INFO  main            d.u.i.k.p.i.AbstractProblemLoader Replaying proof Arrays[Arrays::fill([I,int)].JML normal_behavior operation contract.0 
73171      DEBUG main            d.u.i.k.p.i.IntermediateProofReplayer Proof replay took 30.82ms 
73172      DEBUG main            d.u.i.k.p.r.p.TestFile    ... success: reloaded. 
73172      INFO  main            d.u.i.k.p.r.p.TestFile    Now processing file /home/runner/work/key/key/key.core/../key.ui/examples/redux/arrays/Arrays.fill.float.key 
73173      INFO  main            d.u.i.k.p.i.AbstractProblemLoader Loading environment from /home/runner/work/key/key/key.core/../key.ui/examples/redux/arrays/Arrays.fill.float.key 
73173      DEBUG main            d.u.i.k.p.i.AbstractProblemLoader Environment load took 94.3ns 
73174      INFO  main            d.u.i.k.p.i.AbstractProblemLoader Creating init config 
76178      DEBUG main            d.u.i.k.p.i.AbstractProblemLoader Init config took 3s 
76214      INFO  main            d.u.i.k.p.i.AbstractProblemLoader Replaying proof Arrays[Arrays::fill([F,float)].JML normal_behavior operation contract.0 
76216      DEBUG main            d.u.i.k.p.i.IntermediateProofReplayer Proof replay took 5.8ns 
76419      INFO  main            d.u.i.k.p.r.p.TestFile    ... finished proof: closed. 
76605      INFO  main            d.u.i.k.p.i.AbstractProblemLoader Loading environment from /home/runner/work/key/key/key.core/../key.ui/examples/redux/arrays/Arrays.fill.float.key.proof 
76605      DEBUG main            d.u.i.k.p.i.AbstractProblemLoader Environment load took 127.3ns 
76606      INFO  main            d.u.i.k.p.i.AbstractProblemLoader Creating init config 
79624      DEBUG main            d.u.i.k.p.i.AbstractProblemLoader Init config took 3.02s 
79660      INFO  main            d.u.i.k.p.i.AbstractProblemLoader Replaying proof Arrays[Arrays::fill([F,float)].JML normal_behavior operation contract.0 
79704      DEBUG main            d.u.i.k.p.i.IntermediateProofReplayer Proof replay took 41.53ms 
79705      DEBUG main            d.u.i.k.p.r.p.TestFile    ... success: reloaded. 
79706      INFO  main            d.u.i.k.p.r.p.TestFile    Now processing file /home/runner/work/key/key/key.core/../key.ui/examples/redux/arrays/Arrays.fillFromTo.key 
79706      INFO  main            d.u.i.k.p.i.AbstractProblemLoader Loading environment from /home/runner/work/key/key/key.core/../key.ui/examples/redux/arrays/Arrays.fillFromTo.key 
79706      DEBUG main            d.u.i.k.p.i.AbstractProblemLoader Environment load took 174.1ns 
79707      INFO  main            d.u.i.k.p.i.AbstractProblemLoader Creating init config 
82654      DEBUG main            d.u.i.k.p.i.AbstractProblemLoader Init config took 2.95s 
82690      INFO  main            d.u.i.k.p.i.AbstractProblemLoader Replaying proof Arrays[Arrays::fill([I,int,int,int)].JML normal_behavior operation contract.0 
82691      DEBUG main            d.u.i.k.p.i.IntermediateProofReplayer Proof replay took 6.2ns 
83196      INFO  main            d.u.i.k.p.r.p.TestFile    ... finished proof: closed. 
83420      INFO  main            d.u.i.k.p.i.AbstractProblemLoader Loading environment from /home/runner/work/key/key/key.core/../key.ui/examples/redux/arrays/Arrays.fillFromTo.key.proof 
83421      DEBUG main            d.u.i.k.p.i.AbstractProblemLoader Environment load took 511.71ns 
83422      INFO  main            d.u.i.k.p.i.AbstractProblemLoader Creating init config 
86382      DEBUG main            d.u.i.k.p.i.AbstractProblemLoader Init config took 2.96s 
86417      INFO  main            d.u.i.k.p.i.AbstractProblemLoader Replaying proof Arrays[Arrays::fill([I,int,int,int)].JML normal_behavior operation contract.0 
86553      DEBUG main            d.u.i.k.p.i.IntermediateProofReplayer Proof replay took 131.76ms 
86554      DEBUG main            d.u.i.k.p.r.p.TestFile    ... success: reloaded. 
86555      INFO  main            d.u.i.k.p.r.p.TestFile    Now processing file /home/runner/work/key/key/key.core/../key.ui/examples/redux/arrays/Arrays.fillFromTo.float.key 
86555      INFO  main            d.u.i.k.p.i.AbstractProblemLoader Loading environment from /home/runner/work/key/key/key.core/../key.ui/examples/redux/arrays/Arrays.fillFromTo.float.key 
86556      DEBUG main            d.u.i.k.p.i.AbstractProblemLoader Environment load took 199.3ns 
86557      INFO  main            d.u.i.k.p.i.AbstractProblemLoader Creating init config 
89552      DEBUG main            d.u.i.k.p.i.AbstractProblemLoader Init config took 3s 
89586      INFO  main            d.u.i.k.p.i.AbstractProblemLoader Replaying proof Arrays[Arrays::fill([F,int,int,float)].JML normal_behavior operation contract.0 
89587      DEBUG main            d.u.i.k.p.i.IntermediateProofReplayer Proof replay took 6.6ns 
90222      INFO  main            d.u.i.k.p.r.p.TestFile    ... finished proof: closed. 
90427      INFO  main            d.u.i.k.p.i.AbstractProblemLoader Loading environment from /home/runner/work/key/key/key.core/../key.ui/examples/redux/arrays/Arrays.fillFromTo.float.key.proof 
90428      DEBUG main            d.u.i.k.p.i.AbstractProblemLoader Environment load took 346.01ns 
90429      INFO  main            d.u.i.k.p.i.AbstractProblemLoader Creating init config 
93397      DEBUG main            d.u.i.k.p.i.AbstractProblemLoader Init config took 2.97s 
93431      INFO  main            d.u.i.k.p.i.AbstractProblemLoader Replaying proof Arrays[Arrays::fill([F,int,int,float)].JML normal_behavior operation contract.0 
93595      DEBUG main            d.u.i.k.p.i.IntermediateProofReplayer Proof replay took 158.27ms 
93596      DEBUG main            d.u.i.k.p.r.p.TestFile    ... success: reloaded. 
93597      INFO  main            d.u.i.k.p.r.p.TestFile    Now processing file /home/runner/work/key/key/key.core/../key.ui/examples/redux/arrays/ArrayCopy.arraycopy.normal.0.key 
93597      INFO  main            d.u.i.k.p.i.AbstractProblemLoader Loading environment from /home/runner/work/key/key/key.core/../key.ui/examples/redux/arrays/ArrayCopy.arraycopy.normal.0.key 
93597      DEBUG main            d.u.i.k.p.i.AbstractProblemLoader Environment load took 94.1ns 
93598      INFO  main            d.u.i.k.p.i.AbstractProblemLoader Creating init config 
96573      DEBUG main            d.u.i.k.p.i.AbstractProblemLoader Init config took 2.98s 
96607      INFO  main            d.u.i.k.p.i.AbstractProblemLoader Replaying proof ArrayCopy[ArrayCopy::arraycopy(java.lang.Object,int,java.lang.Object,int,int)].JML normal_behavior operation contract.0 
96608      DEBUG main            d.u.i.k.p.i.IntermediateProofReplayer Proof replay took 6ns 
102550     INFO  main            d.u.i.k.p.r.p.TestFile    ... finished proof: closed. 
102785     INFO  main            d.u.i.k.p.i.AbstractProblemLoader Loading environment from /home/runner/work/key/key/key.core/../key.ui/examples/redux/arrays/ArrayCopy.arraycopy.normal.0.key.proof 
102785     DEBUG main            d.u.i.k.p.i.AbstractProblemLoader Environment load took 341.11ns 
102787     INFO  main            d.u.i.k.p.i.AbstractProblemLoader Creating init config 
105693     DEBUG main            d.u.i.k.p.i.AbstractProblemLoader Init config took 2.91s 
105727     INFO  main            d.u.i.k.p.i.AbstractProblemLoader Replaying proof ArrayCopy[ArrayCopy::arraycopy(java.lang.Object,int,java.lang.Object,int,int)].JML normal_behavior operation contract.0 
106650     DEBUG main            d.u.i.k.p.i.IntermediateProofReplayer Proof replay took 906.83ms 
106652     DEBUG main            d.u.i.k.p.r.p.TestFile    ... success: reloaded. 
106653     INFO  main            d.u.i.k.p.r.p.TestFile    Now processing file /home/runner/work/key/key/key.core/../key.ui/examples/redux/arrays/ArrayCopy.arraycopy.exceptional.0.key 
106653     INFO  main            d.u.i.k.p.i.AbstractProblemLoader Loading environment from /home/runner/work/key/key/key.core/../key.ui/examples/redux/arrays/ArrayCopy.arraycopy.exceptional.0.key 
106653     DEBUG main            d.u.i.k.p.i.AbstractProblemLoader Environment load took 174.8ns 
106654     INFO  main            d.u.i.k.p.i.AbstractProblemLoader Creating init config 
109645     DEBUG main            d.u.i.k.p.i.AbstractProblemLoader Init config took 2.99s 
109677     INFO  main            d.u.i.k.p.i.AbstractProblemLoader Replaying proof ArrayCopy[ArrayCopy::arraycopy(java.lang.Object,int,java.lang.Object,int,int)].JML exceptional_behavior operation contract.0 
109679     DEBUG main            d.u.i.k.p.i.IntermediateProofReplayer Proof replay took 6ns 
110082     INFO  main            d.u.i.k.p.r.p.TestFile    ... finished proof: closed. 
110273     INFO  main            d.u.i.k.p.i.AbstractProblemLoader Loading environment from /home/runner/work/key/key/key.core/../key.ui/examples/redux/arrays/ArrayCopy.arraycopy.exceptional.0.key.proof 
110273     DEBUG main            d.u.i.k.p.i.AbstractProblemLoader Environment load took 121.7ns 
110274     INFO  main            d.u.i.k.p.i.AbstractProblemLoader Creating init config 
113233     DEBUG main            d.u.i.k.p.i.AbstractProblemLoader Init config took 2.96s 
113278     INFO  main            d.u.i.k.p.i.AbstractProblemLoader Replaying proof ArrayCopy[ArrayCopy::arraycopy(java.lang.Object,int,java.lang.Object,int,int)].JML exceptional_behavior operation contract.0 
113411     DEBUG main            d.u.i.k.p.i.IntermediateProofReplayer Proof replay took 128.07ms 
113412     DEBUG main            d.u.i.k.p.r.p.TestFile    ... success: reloaded. 
113414     INFO  main            d.u.i.k.p.r.p.TestFile    Now processing file /home/runner/work/key/key/key.core/../key.ui/examples/redux/arrays/ArrayCopy.arraycopy.exceptional.1.key 
113414     INFO  main            d.u.i.k.p.i.AbstractProblemLoader Loading environment from /home/runner/work/key/key/key.core/../key.ui/examples/redux/arrays/ArrayCopy.arraycopy.exceptional.1.key 
113414     DEBUG main            d.u.i.k.p.i.AbstractProblemLoader Environment load took 140.9ns 
113415     INFO  main            d.u.i.k.p.i.AbstractProblemLoader Creating init config 
116346     DEBUG main            d.u.i.k.p.i.AbstractProblemLoader Init config took 2.93s 
116378     INFO  main            d.u.i.k.p.i.AbstractProblemLoader Replaying proof ArrayCopy[ArrayCopy::arraycopy(java.lang.Object,int,java.lang.Object,int,int)].JML exceptional_behavior operation contract.1 
116379     DEBUG main            d.u.i.k.p.i.IntermediateProofReplayer Proof replay took 5.5ns 
122121     INFO  main            d.u.i.k.p.r.p.TestFile    ... finished proof: closed. 
122348     INFO  main            d.u.i.k.p.i.AbstractProblemLoader Loading environment from /home/runner/work/key/key/key.core/../key.ui/examples/redux/arrays/ArrayCopy.arraycopy.exceptional.1.key.proof 
122348     DEBUG main            d.u.i.k.p.i.AbstractProblemLoader Environment load took 191.41ns 
122350     INFO  main            d.u.i.k.p.i.AbstractProblemLoader Creating init config 
125300     DEBUG main            d.u.i.k.p.i.AbstractProblemLoader Init config took 2.95s 
125333     INFO  main            d.u.i.k.p.i.AbstractProblemLoader Replaying proof ArrayCopy[ArrayCopy::arraycopy(java.lang.Object,int,java.lang.Object,int,int)].JML exceptional_behavior operation contract.1 
126893     DEBUG main            d.u.i.k.p.i.IntermediateProofReplayer Proof replay took 1.54s 
126895     DEBUG main            d.u.i.k.p.r.p.TestFile    ... success: reloaded. 
5180041    INFO  Test worker     d.u.i.k.p.r.RunAllProofsTestUnit Returning from test redux 
]]></system-out>
  <system-err><![CDATA[]]></system-err>
</testsuite>
