<?xml version="1.0" encoding="UTF-8"?>
<testsuite name="de.uka.ilkd.key.parser.TestTermParserHeap" tests="39" skipped="0" failures="0" errors="0" timestamp="2023-05-26T22:12:24" hostname="fv-az1113-732" time="104.735">
  <properties/>
  <testcase name="testBracketHeapUpdate()" classname="de.uka.ilkd.key.parser.TestTermParserHeap" time="0.017"/>
  <testcase name="testStore()" classname="de.uka.ilkd.key.parser.TestTermParserHeap" time="0.01"/>
  <testcase name="testUnknownConstant()" classname="de.uka.ilkd.key.parser.TestTermParserHeap" time="0.007"/>
  <testcase name="testAllFieldsSelector()" classname="de.uka.ilkd.key.parser.TestTermParserHeap" time="0.004"/>
  <testcase name="testParsePrettyPrintedSelect()" classname="de.uka.ilkd.key.parser.TestTermParserHeap" time="0.004"/>
  <testcase name="testAccessStaticMembers()" classname="de.uka.ilkd.key.parser.TestTermParserHeap" time="0.031"/>
  <testcase name="testAtOperator_1()" classname="de.uka.ilkd.key.parser.TestTermParserHeap" time="0.005"/>
  <testcase name="testAtOperator_2()" classname="de.uka.ilkd.key.parser.TestTermParserHeap" time="0.003"/>
  <testcase name="testAtOperator_3()" classname="de.uka.ilkd.key.parser.TestTermParserHeap" time="0.006"/>
  <testcase name="testAtOperator_4()" classname="de.uka.ilkd.key.parser.TestTermParserHeap" time="0.013"/>
  <testcase name="testAtOperator_5()" classname="de.uka.ilkd.key.parser.TestTermParserHeap" time="0.001"/>
  <testcase name="testAtOperator_6()" classname="de.uka.ilkd.key.parser.TestTermParserHeap" time="0.004"/>
  <testcase name="testAtOperator_7()" classname="de.uka.ilkd.key.parser.TestTermParserHeap" time="0.003"/>
  <testcase name="testAtOperator_8()" classname="de.uka.ilkd.key.parser.TestTermParserHeap" time="0.009"/>
  <testcase name="testVerifyExceptionIfAtOperatorNotPreceededBySelectTerm()" classname="de.uka.ilkd.key.parser.TestTermParserHeap" time="0.004"/>
  <testcase name="testBugResettingCounter()" classname="de.uka.ilkd.key.parser.TestTermParserHeap" time="0.002"/>
  <testcase name="testLocationSets()" classname="de.uka.ilkd.key.parser.TestTermParserHeap" time="0.006"/>
  <testcase name="testQuantifiedSelect()" classname="de.uka.ilkd.key.parser.TestTermParserHeap" time="0.006"/>
  <testcase name="testGenericObjectProperties()" classname="de.uka.ilkd.key.parser.TestTermParserHeap" time="0.004"/>
  <testcase name="testQueryInheritance_1()" classname="de.uka.ilkd.key.parser.TestTermParserHeap" time="0.004"/>
  <testcase name="testQueryInheritance_2()" classname="de.uka.ilkd.key.parser.TestTermParserHeap" time="0.008"/>
  <testcase name="testQueryInheritance_3()" classname="de.uka.ilkd.key.parser.TestTermParserHeap" time="0.01"/>
  <testcase name="testQueryInheritance_4()" classname="de.uka.ilkd.key.parser.TestTermParserHeap" time="0.005"/>
  <testcase name="testQueryInheritance_5()" classname="de.uka.ilkd.key.parser.TestTermParserHeap" time="0.005"/>
  <testcase name="testQueryInheritance_6()" classname="de.uka.ilkd.key.parser.TestTermParserHeap" time="0.003"/>
  <testcase name="testQueryInheritance_7()" classname="de.uka.ilkd.key.parser.TestTermParserHeap" time="0.004"/>
  <testcase name="testQueryInheritance_8()" classname="de.uka.ilkd.key.parser.TestTermParserHeap" time="0.003"/>
  <testcase name="testQueryInheritance_9()" classname="de.uka.ilkd.key.parser.TestTermParserHeap" time="0.002"/>
  <testcase name="testQueryBasic_10()" classname="de.uka.ilkd.key.parser.TestTermParserHeap" time="0.002"/>
  <testcase name="testQueryBasic_11()" classname="de.uka.ilkd.key.parser.TestTermParserHeap" time="0.004"/>
  <testcase name="testQueryBasic_1()" classname="de.uka.ilkd.key.parser.TestTermParserHeap" time="0.006"/>
  <testcase name="testQueryBasic_2()" classname="de.uka.ilkd.key.parser.TestTermParserHeap" time="0.025"/>
  <testcase name="testQueryBasic_3()" classname="de.uka.ilkd.key.parser.TestTermParserHeap" time="0.006"/>
  <testcase name="testQueryBasic_4()" classname="de.uka.ilkd.key.parser.TestTermParserHeap" time="0.004"/>
  <testcase name="testQueryBasic_5()" classname="de.uka.ilkd.key.parser.TestTermParserHeap" time="0.003"/>
  <testcase name="testQueryBasic_6()" classname="de.uka.ilkd.key.parser.TestTermParserHeap" time="0.001"/>
  <testcase name="testQueryBasic_7()" classname="de.uka.ilkd.key.parser.TestTermParserHeap" time="0.003"/>
  <testcase name="testQueryBasic_8()" classname="de.uka.ilkd.key.parser.TestTermParserHeap" time="0.006"/>
  <testcase name="testQueryBasic_9()" classname="de.uka.ilkd.key.parser.TestTermParserHeap" time="0.003"/>
  <system-out><![CDATA[285082     INFO  Test worker     d.u.i.k.n.KeyIO           Parsing took 0 ms 
285082     DEBUG Test worker     d.u.i.k.n.KeyIO           Load declarations of de.uka.ilkd.key.nparser.KeyAst$File:  <unknown>:1#1 
285082     INFO  Test worker     d.u.i.k.n.KeyIO           MODE: declarations took 0 ms 
285082     DEBUG Test worker     d.u.i.k.n.KeyIO           MODE: 2nd degree decls took 0 
285082     INFO  Test worker     d.u.i.k.n.KeyIO           Parsing took 0 ms 
285082     DEBUG Test worker     d.u.i.k.n.KeyIO           Load declarations of de.uka.ilkd.key.nparser.KeyAst$File:  <unknown>:1#1 
285082     INFO  Test worker     d.u.i.k.n.KeyIO           MODE: declarations took 0 ms 
285082     DEBUG Test worker     d.u.i.k.n.KeyIO           MODE: 2nd degree decls took 0 
285082     INFO  Test worker     d.u.i.k.n.KeyIO           Parsing took 0 ms 
285082     DEBUG Test worker     d.u.i.k.n.KeyIO           Load declarations of de.uka.ilkd.key.nparser.KeyAst$File:  <unknown>:1#1 
285082     INFO  Test worker     d.u.i.k.n.KeyIO           MODE: declarations took 0 ms 
285082     DEBUG Test worker     d.u.i.k.n.KeyIO           MODE: 2nd degree decls took 0 
285082     INFO  Test worker     d.u.i.k.n.KeyIO           Parsing took 0 ms 
285082     DEBUG Test worker     d.u.i.k.n.KeyIO           Load declarations of de.uka.ilkd.key.nparser.KeyAst$File:  <unknown>:1#1 
285082     INFO  Test worker     d.u.i.k.n.KeyIO           MODE: declarations took 0 ms 
285082     DEBUG Test worker     d.u.i.k.n.KeyIO           MODE: 2nd degree decls took 0 
285082     INFO  Test worker     d.u.i.k.n.KeyIO           Parsing took 0 ms 
285082     DEBUG Test worker     d.u.i.k.n.KeyIO           Load declarations of de.uka.ilkd.key.nparser.KeyAst$File:  <unknown>:1#1 
285082     INFO  Test worker     d.u.i.k.n.KeyIO           MODE: declarations took 0 ms 
285082     DEBUG Test worker     d.u.i.k.n.KeyIO           MODE: 2nd degree decls took 0 
287880     INFO  Test worker     d.u.i.k.n.KeyIO           Parsing took 0 ms 
287880     DEBUG Test worker     d.u.i.k.n.KeyIO           Load declarations of de.uka.ilkd.key.nparser.KeyAst$File:  <unknown>:1#1 
287880     INFO  Test worker     d.u.i.k.n.KeyIO           MODE: declarations took 0 ms 
287880     DEBUG Test worker     d.u.i.k.n.KeyIO           MODE: 2nd degree decls took 0 
287880     INFO  Test worker     d.u.i.k.n.KeyIO           Parsing took 0 ms 
287880     DEBUG Test worker     d.u.i.k.n.KeyIO           Load declarations of de.uka.ilkd.key.nparser.KeyAst$File:  <unknown>:1#1 
287880     INFO  Test worker     d.u.i.k.n.KeyIO           MODE: declarations took 0 ms 
287880     DEBUG Test worker     d.u.i.k.n.KeyIO           MODE: 2nd degree decls took 0 
287880     INFO  Test worker     d.u.i.k.n.KeyIO           Parsing took 0 ms 
287880     DEBUG Test worker     d.u.i.k.n.KeyIO           Load declarations of de.uka.ilkd.key.nparser.KeyAst$File:  <unknown>:1#1 
287880     INFO  Test worker     d.u.i.k.n.KeyIO           MODE: declarations took 0 ms 
287880     DEBUG Test worker     d.u.i.k.n.KeyIO           MODE: 2nd degree decls took 0 
287880     INFO  Test worker     d.u.i.k.n.KeyIO           Parsing took 0 ms 
287880     DEBUG Test worker     d.u.i.k.n.KeyIO           Load declarations of de.uka.ilkd.key.nparser.KeyAst$File:  <unknown>:1#1 
287880     INFO  Test worker     d.u.i.k.n.KeyIO           MODE: declarations took 0 ms 
287880     DEBUG Test worker     d.u.i.k.n.KeyIO           MODE: 2nd degree decls took 0 
287880     INFO  Test worker     d.u.i.k.n.KeyIO           Parsing took 0 ms 
287880     DEBUG Test worker     d.u.i.k.n.KeyIO           Load declarations of de.uka.ilkd.key.nparser.KeyAst$File:  <unknown>:1#1 
287880     INFO  Test worker     d.u.i.k.n.KeyIO           MODE: declarations took 0 ms 
287880     DEBUG Test worker     d.u.i.k.n.KeyIO           MODE: 2nd degree decls took 0 
290803     INFO  Test worker     d.u.i.k.n.KeyIO           Parsing took 0 ms 
290803     DEBUG Test worker     d.u.i.k.n.KeyIO           Load declarations of de.uka.ilkd.key.nparser.KeyAst$File:  <unknown>:1#1 
290803     INFO  Test worker     d.u.i.k.n.KeyIO           MODE: declarations took 0 ms 
290803     DEBUG Test worker     d.u.i.k.n.KeyIO           MODE: 2nd degree decls took 0 
290803     INFO  Test worker     d.u.i.k.n.KeyIO           Parsing took 0 ms 
290803     DEBUG Test worker     d.u.i.k.n.KeyIO           Load declarations of de.uka.ilkd.key.nparser.KeyAst$File:  <unknown>:1#1 
290803     INFO  Test worker     d.u.i.k.n.KeyIO           MODE: declarations took 0 ms 
290803     DEBUG Test worker     d.u.i.k.n.KeyIO           MODE: 2nd degree decls took 0 
290803     INFO  Test worker     d.u.i.k.n.KeyIO           Parsing took 0 ms 
290803     DEBUG Test worker     d.u.i.k.n.KeyIO           Load declarations of de.uka.ilkd.key.nparser.KeyAst$File:  <unknown>:1#1 
290803     INFO  Test worker     d.u.i.k.n.KeyIO           MODE: declarations took 0 ms 
290803     DEBUG Test worker     d.u.i.k.n.KeyIO           MODE: 2nd degree decls took 0 
290803     INFO  Test worker     d.u.i.k.n.KeyIO           Parsing took 0 ms 
290803     DEBUG Test worker     d.u.i.k.n.KeyIO           Load declarations of de.uka.ilkd.key.nparser.KeyAst$File:  <unknown>:1#1 
290803     INFO  Test worker     d.u.i.k.n.KeyIO           MODE: declarations took 0 ms 
290803     DEBUG Test worker     d.u.i.k.n.KeyIO           MODE: 2nd degree decls took 0 
290803     INFO  Test worker     d.u.i.k.n.KeyIO           Parsing took 0 ms 
290803     DEBUG Test worker     d.u.i.k.n.KeyIO           Load declarations of de.uka.ilkd.key.nparser.KeyAst$File:  <unknown>:1#1 
290803     INFO  Test worker     d.u.i.k.n.KeyIO           MODE: declarations took 0 ms 
290803     DEBUG Test worker     d.u.i.k.n.KeyIO           MODE: 2nd degree decls took 0 
290803     INFO  Test worker     d.u.i.k.n.KeyIO           Parsing took 0 ms 
290803     DEBUG Test worker     d.u.i.k.n.KeyIO           Load declarations of de.uka.ilkd.key.nparser.KeyAst$File:  <unknown>:1#1 
290803     INFO  Test worker     d.u.i.k.n.KeyIO           MODE: declarations took 0 ms 
290803     DEBUG Test worker     d.u.i.k.n.KeyIO           MODE: 2nd degree decls took 0 
293726     INFO  Test worker     d.u.i.k.n.KeyIO           Parsing took 0 ms 
293726     DEBUG Test worker     d.u.i.k.n.KeyIO           Load declarations of de.uka.ilkd.key.nparser.KeyAst$File:  <unknown>:1#1 
293726     INFO  Test worker     d.u.i.k.n.KeyIO           MODE: declarations took 0 ms 
293726     DEBUG Test worker     d.u.i.k.n.KeyIO           MODE: 2nd degree decls took 0 
293726     INFO  Test worker     d.u.i.k.n.KeyIO           Parsing took 0 ms 
293726     DEBUG Test worker     d.u.i.k.n.KeyIO           Load declarations of de.uka.ilkd.key.nparser.KeyAst$File:  <unknown>:1#1 
293726     INFO  Test worker     d.u.i.k.n.KeyIO           MODE: declarations took 0 ms 
293726     DEBUG Test worker     d.u.i.k.n.KeyIO           MODE: 2nd degree decls took 0 
293726     INFO  Test worker     d.u.i.k.n.KeyIO           Parsing took 0 ms 
293726     DEBUG Test worker     d.u.i.k.n.KeyIO           Load declarations of de.uka.ilkd.key.nparser.KeyAst$File:  <unknown>:1#1 
293726     INFO  Test worker     d.u.i.k.n.KeyIO           MODE: declarations took 0 ms 
293726     DEBUG Test worker     d.u.i.k.n.KeyIO           MODE: 2nd degree decls took 0 
293726     INFO  Test worker     d.u.i.k.n.KeyIO           Parsing took 0 ms 
293726     DEBUG Test worker     d.u.i.k.n.KeyIO           Load declarations of de.uka.ilkd.key.nparser.KeyAst$File:  <unknown>:1#1 
293726     INFO  Test worker     d.u.i.k.n.KeyIO           MODE: declarations took 0 ms 
293726     DEBUG Test worker     d.u.i.k.n.KeyIO           MODE: 2nd degree decls took 0 
293726     INFO  Test worker     d.u.i.k.n.KeyIO           Parsing took 0 ms 
293726     DEBUG Test worker     d.u.i.k.n.KeyIO           Load declarations of de.uka.ilkd.key.nparser.KeyAst$File:  <unknown>:1#1 
293726     INFO  Test worker     d.u.i.k.n.KeyIO           MODE: declarations took 0 ms 
293726     DEBUG Test worker     d.u.i.k.n.KeyIO           MODE: 2nd degree decls took 0 
296433     INFO  Test worker     d.u.i.k.n.KeyIO           Parsing took 0 ms 
296433     DEBUG Test worker     d.u.i.k.n.KeyIO           Load declarations of de.uka.ilkd.key.nparser.KeyAst$File:  <unknown>:1#1 
296433     INFO  Test worker     d.u.i.k.n.KeyIO           MODE: declarations took 0 ms 
296433     DEBUG Test worker     d.u.i.k.n.KeyIO           MODE: 2nd degree decls took 0 
296433     INFO  Test worker     d.u.i.k.n.KeyIO           Parsing took 0 ms 
296433     DEBUG Test worker     d.u.i.k.n.KeyIO           Load declarations of de.uka.ilkd.key.nparser.KeyAst$File:  <unknown>:1#1 
296433     INFO  Test worker     d.u.i.k.n.KeyIO           MODE: declarations took 0 ms 
296433     DEBUG Test worker     d.u.i.k.n.KeyIO           MODE: 2nd degree decls took 0 
296433     INFO  Test worker     d.u.i.k.n.KeyIO           Parsing took 0 ms 
296433     DEBUG Test worker     d.u.i.k.n.KeyIO           Load declarations of de.uka.ilkd.key.nparser.KeyAst$File:  <unknown>:1#1 
296433     INFO  Test worker     d.u.i.k.n.KeyIO           MODE: declarations took 0 ms 
296433     DEBUG Test worker     d.u.i.k.n.KeyIO           MODE: 2nd degree decls took 0 
296433     INFO  Test worker     d.u.i.k.n.KeyIO           Parsing took 0 ms 
296433     DEBUG Test worker     d.u.i.k.n.KeyIO           Load declarations of de.uka.ilkd.key.nparser.KeyAst$File:  <unknown>:1#1 
296433     INFO  Test worker     d.u.i.k.n.KeyIO           MODE: declarations took 0 ms 
296433     DEBUG Test worker     d.u.i.k.n.KeyIO           MODE: 2nd degree decls took 0 
296433     INFO  Test worker     d.u.i.k.n.KeyIO           Parsing took 0 ms 
296433     DEBUG Test worker     d.u.i.k.n.KeyIO           Load declarations of de.uka.ilkd.key.nparser.KeyAst$File:  <unknown>:1#1 
296433     INFO  Test worker     d.u.i.k.n.KeyIO           MODE: declarations took 0 ms 
296433     DEBUG Test worker     d.u.i.k.n.KeyIO           MODE: 2nd degree decls took 0 
299169     INFO  Test worker     d.u.i.k.n.KeyIO           Parsing took 0 ms 
299169     DEBUG Test worker     d.u.i.k.n.KeyIO           Load declarations of de.uka.ilkd.key.nparser.KeyAst$File:  <unknown>:1#1 
299169     INFO  Test worker     d.u.i.k.n.KeyIO           MODE: declarations took 0 ms 
299169     DEBUG Test worker     d.u.i.k.n.KeyIO           MODE: 2nd degree decls took 0 
299169     INFO  Test worker     d.u.i.k.n.KeyIO           Parsing took 0 ms 
299169     DEBUG Test worker     d.u.i.k.n.KeyIO           Load declarations of de.uka.ilkd.key.nparser.KeyAst$File:  <unknown>:1#1 
299169     INFO  Test worker     d.u.i.k.n.KeyIO           MODE: declarations took 0 ms 
299185     DEBUG Test worker     d.u.i.k.n.KeyIO           MODE: 2nd degree decls took 0 
299185     INFO  Test worker     d.u.i.k.n.KeyIO           Parsing took 0 ms 
299185     DEBUG Test worker     d.u.i.k.n.KeyIO           Load declarations of de.uka.ilkd.key.nparser.KeyAst$File:  <unknown>:1#1 
299185     INFO  Test worker     d.u.i.k.n.KeyIO           MODE: declarations took 0 ms 
299185     DEBUG Test worker     d.u.i.k.n.KeyIO           MODE: 2nd degree decls took 0 
299185     INFO  Test worker     d.u.i.k.n.KeyIO           Parsing took 0 ms 
299185     DEBUG Test worker     d.u.i.k.n.KeyIO           Load declarations of de.uka.ilkd.key.nparser.KeyAst$File:  <unknown>:1#1 
299185     INFO  Test worker     d.u.i.k.n.KeyIO           MODE: declarations took 0 ms 
299185     DEBUG Test worker     d.u.i.k.n.KeyIO           MODE: 2nd degree decls took 0 
299185     INFO  Test worker     d.u.i.k.n.KeyIO           Parsing took 0 ms 
299185     DEBUG Test worker     d.u.i.k.n.KeyIO           Load declarations of de.uka.ilkd.key.nparser.KeyAst$File:  <unknown>:1#1 
299185     INFO  Test worker     d.u.i.k.n.KeyIO           MODE: declarations took 0 ms 
299185     DEBUG Test worker     d.u.i.k.n.KeyIO           MODE: 2nd degree decls took 0 
301953     INFO  Test worker     d.u.i.k.n.KeyIO           Parsing took 0 ms 
301953     DEBUG Test worker     d.u.i.k.n.KeyIO           Load declarations of de.uka.ilkd.key.nparser.KeyAst$File:  <unknown>:1#1 
301953     INFO  Test worker     d.u.i.k.n.KeyIO           MODE: declarations took 0 ms 
301953     DEBUG Test worker     d.u.i.k.n.KeyIO           MODE: 2nd degree decls took 0 
301953     INFO  Test worker     d.u.i.k.n.KeyIO           Parsing took 0 ms 
301953     DEBUG Test worker     d.u.i.k.n.KeyIO           Load declarations of de.uka.ilkd.key.nparser.KeyAst$File:  <unknown>:1#1 
301953     INFO  Test worker     d.u.i.k.n.KeyIO           MODE: declarations took 0 ms 
301953     DEBUG Test worker     d.u.i.k.n.KeyIO           MODE: 2nd degree decls took 0 
301953     INFO  Test worker     d.u.i.k.n.KeyIO           Parsing took 0 ms 
301953     DEBUG Test worker     d.u.i.k.n.KeyIO           Load declarations of de.uka.ilkd.key.nparser.KeyAst$File:  <unknown>:1#1 
301953     INFO  Test worker     d.u.i.k.n.KeyIO           MODE: declarations took 0 ms 
301953     DEBUG Test worker     d.u.i.k.n.KeyIO           MODE: 2nd degree decls took 0 
301953     INFO  Test worker     d.u.i.k.n.KeyIO           Parsing took 0 ms 
301953     DEBUG Test worker     d.u.i.k.n.KeyIO           Load declarations of de.uka.ilkd.key.nparser.KeyAst$File:  <unknown>:1#1 
301953     INFO  Test worker     d.u.i.k.n.KeyIO           MODE: declarations took 0 ms 
301953     DEBUG Test worker     d.u.i.k.n.KeyIO           MODE: 2nd degree decls took 0 
301953     INFO  Test worker     d.u.i.k.n.KeyIO           Parsing took 0 ms 
301953     DEBUG Test worker     d.u.i.k.n.KeyIO           Load declarations of de.uka.ilkd.key.nparser.KeyAst$File:  <unknown>:1#1 
301953     INFO  Test worker     d.u.i.k.n.KeyIO           MODE: declarations took 0 ms 
301953     DEBUG Test worker     d.u.i.k.n.KeyIO           MODE: 2nd degree decls took 0 
304646     INFO  Test worker     d.u.i.k.n.KeyIO           Parsing took 0 ms 
304646     DEBUG Test worker     d.u.i.k.n.KeyIO           Load declarations of de.uka.ilkd.key.nparser.KeyAst$File:  <unknown>:1#1 
304646     INFO  Test worker     d.u.i.k.n.KeyIO           MODE: declarations took 0 ms 
304646     DEBUG Test worker     d.u.i.k.n.KeyIO           MODE: 2nd degree decls took 0 
304646     INFO  Test worker     d.u.i.k.n.KeyIO           Parsing took 0 ms 
304646     DEBUG Test worker     d.u.i.k.n.KeyIO           Load declarations of de.uka.ilkd.key.nparser.KeyAst$File:  <unknown>:1#1 
304646     INFO  Test worker     d.u.i.k.n.KeyIO           MODE: declarations took 0 ms 
304646     DEBUG Test worker     d.u.i.k.n.KeyIO           MODE: 2nd degree decls took 0 
304646     INFO  Test worker     d.u.i.k.n.KeyIO           Parsing took 0 ms 
304646     DEBUG Test worker     d.u.i.k.n.KeyIO           Load declarations of de.uka.ilkd.key.nparser.KeyAst$File:  <unknown>:1#1 
304646     INFO  Test worker     d.u.i.k.n.KeyIO           MODE: declarations took 0 ms 
304646     DEBUG Test worker     d.u.i.k.n.KeyIO           MODE: 2nd degree decls took 0 
304646     INFO  Test worker     d.u.i.k.n.KeyIO           Parsing took 0 ms 
304646     DEBUG Test worker     d.u.i.k.n.KeyIO           Load declarations of de.uka.ilkd.key.nparser.KeyAst$File:  <unknown>:1#1 
304646     INFO  Test worker     d.u.i.k.n.KeyIO           MODE: declarations took 0 ms 
304646     DEBUG Test worker     d.u.i.k.n.KeyIO           MODE: 2nd degree decls took 0 
304646     INFO  Test worker     d.u.i.k.n.KeyIO           Parsing took 0 ms 
304646     DEBUG Test worker     d.u.i.k.n.KeyIO           Load declarations of de.uka.ilkd.key.nparser.KeyAst$File:  <unknown>:1#1 
304646     INFO  Test worker     d.u.i.k.n.KeyIO           MODE: declarations took 0 ms 
304646     DEBUG Test worker     d.u.i.k.n.KeyIO           MODE: 2nd degree decls took 0 
307364     INFO  Test worker     d.u.i.k.n.KeyIO           Parsing took 0 ms 
307364     DEBUG Test worker     d.u.i.k.n.KeyIO           Load declarations of de.uka.ilkd.key.nparser.KeyAst$File:  <unknown>:1#1 
307364     INFO  Test worker     d.u.i.k.n.KeyIO           MODE: declarations took 0 ms 
307364     DEBUG Test worker     d.u.i.k.n.KeyIO           MODE: 2nd degree decls took 0 
307364     INFO  Test worker     d.u.i.k.n.KeyIO           Parsing took 0 ms 
307364     DEBUG Test worker     d.u.i.k.n.KeyIO           Load declarations of de.uka.ilkd.key.nparser.KeyAst$File:  <unknown>:1#1 
307364     INFO  Test worker     d.u.i.k.n.KeyIO           MODE: declarations took 0 ms 
307364     DEBUG Test worker     d.u.i.k.n.KeyIO           MODE: 2nd degree decls took 0 
307364     INFO  Test worker     d.u.i.k.n.KeyIO           Parsing took 0 ms 
307364     DEBUG Test worker     d.u.i.k.n.KeyIO           Load declarations of de.uka.ilkd.key.nparser.KeyAst$File:  <unknown>:1#1 
307364     INFO  Test worker     d.u.i.k.n.KeyIO           MODE: declarations took 0 ms 
307364     DEBUG Test worker     d.u.i.k.n.KeyIO           MODE: 2nd degree decls took 0 
307364     INFO  Test worker     d.u.i.k.n.KeyIO           Parsing took 0 ms 
307364     DEBUG Test worker     d.u.i.k.n.KeyIO           Load declarations of de.uka.ilkd.key.nparser.KeyAst$File:  <unknown>:1#1 
307364     INFO  Test worker     d.u.i.k.n.KeyIO           MODE: declarations took 0 ms 
307364     DEBUG Test worker     d.u.i.k.n.KeyIO           MODE: 2nd degree decls took 0 
307364     INFO  Test worker     d.u.i.k.n.KeyIO           Parsing took 0 ms 
307364     DEBUG Test worker     d.u.i.k.n.KeyIO           Load declarations of de.uka.ilkd.key.nparser.KeyAst$File:  <unknown>:1#1 
307364     INFO  Test worker     d.u.i.k.n.KeyIO           MODE: declarations took 0 ms 
307364     DEBUG Test worker     d.u.i.k.n.KeyIO           MODE: 2nd degree decls took 0 
310135     INFO  Test worker     d.u.i.k.n.KeyIO           Parsing took 0 ms 
310135     DEBUG Test worker     d.u.i.k.n.KeyIO           Load declarations of de.uka.ilkd.key.nparser.KeyAst$File:  <unknown>:1#1 
310135     INFO  Test worker     d.u.i.k.n.KeyIO           MODE: declarations took 0 ms 
310135     DEBUG Test worker     d.u.i.k.n.KeyIO           MODE: 2nd degree decls took 0 
310135     INFO  Test worker     d.u.i.k.n.KeyIO           Parsing took 0 ms 
310135     DEBUG Test worker     d.u.i.k.n.KeyIO           Load declarations of de.uka.ilkd.key.nparser.KeyAst$File:  <unknown>:1#1 
310135     INFO  Test worker     d.u.i.k.n.KeyIO           MODE: declarations took 0 ms 
310135     DEBUG Test worker     d.u.i.k.n.KeyIO           MODE: 2nd degree decls took 0 
310135     INFO  Test worker     d.u.i.k.n.KeyIO           Parsing took 0 ms 
310135     DEBUG Test worker     d.u.i.k.n.KeyIO           Load declarations of de.uka.ilkd.key.nparser.KeyAst$File:  <unknown>:1#1 
310135     INFO  Test worker     d.u.i.k.n.KeyIO           MODE: declarations took 0 ms 
310135     DEBUG Test worker     d.u.i.k.n.KeyIO           MODE: 2nd degree decls took 0 
310135     INFO  Test worker     d.u.i.k.n.KeyIO           Parsing took 0 ms 
310135     DEBUG Test worker     d.u.i.k.n.KeyIO           Load declarations of de.uka.ilkd.key.nparser.KeyAst$File:  <unknown>:1#1 
310135     INFO  Test worker     d.u.i.k.n.KeyIO           MODE: declarations took 0 ms 
310135     DEBUG Test worker     d.u.i.k.n.KeyIO           MODE: 2nd degree decls took 0 
310135     INFO  Test worker     d.u.i.k.n.KeyIO           Parsing took 0 ms 
310135     DEBUG Test worker     d.u.i.k.n.KeyIO           Load declarations of de.uka.ilkd.key.nparser.KeyAst$File:  <unknown>:1#1 
310135     INFO  Test worker     d.u.i.k.n.KeyIO           MODE: declarations took 0 ms 
310135     DEBUG Test worker     d.u.i.k.n.KeyIO           MODE: 2nd degree decls took 0 
312901     INFO  Test worker     d.u.i.k.n.KeyIO           Parsing took 0 ms 
312901     DEBUG Test worker     d.u.i.k.n.KeyIO           Load declarations of de.uka.ilkd.key.nparser.KeyAst$File:  <unknown>:1#1 
312901     INFO  Test worker     d.u.i.k.n.KeyIO           MODE: declarations took 0 ms 
312901     DEBUG Test worker     d.u.i.k.n.KeyIO           MODE: 2nd degree decls took 0 
312901     INFO  Test worker     d.u.i.k.n.KeyIO           Parsing took 0 ms 
312901     DEBUG Test worker     d.u.i.k.n.KeyIO           Load declarations of de.uka.ilkd.key.nparser.KeyAst$File:  <unknown>:1#1 
312901     INFO  Test worker     d.u.i.k.n.KeyIO           MODE: declarations took 0 ms 
312901     DEBUG Test worker     d.u.i.k.n.KeyIO           MODE: 2nd degree decls took 0 
312901     INFO  Test worker     d.u.i.k.n.KeyIO           Parsing took 0 ms 
312901     DEBUG Test worker     d.u.i.k.n.KeyIO           Load declarations of de.uka.ilkd.key.nparser.KeyAst$File:  <unknown>:1#1 
312901     INFO  Test worker     d.u.i.k.n.KeyIO           MODE: declarations took 0 ms 
312901     DEBUG Test worker     d.u.i.k.n.KeyIO           MODE: 2nd degree decls took 0 
312901     INFO  Test worker     d.u.i.k.n.KeyIO           Parsing took 0 ms 
312901     DEBUG Test worker     d.u.i.k.n.KeyIO           Load declarations of de.uka.ilkd.key.nparser.KeyAst$File:  <unknown>:1#1 
312901     INFO  Test worker     d.u.i.k.n.KeyIO           MODE: declarations took 0 ms 
312901     DEBUG Test worker     d.u.i.k.n.KeyIO           MODE: 2nd degree decls took 0 
312901     INFO  Test worker     d.u.i.k.n.KeyIO           Parsing took 0 ms 
312901     DEBUG Test worker     d.u.i.k.n.KeyIO           Load declarations of de.uka.ilkd.key.nparser.KeyAst$File:  <unknown>:1#1 
312901     INFO  Test worker     d.u.i.k.n.KeyIO           MODE: declarations took 0 ms 
312901     DEBUG Test worker     d.u.i.k.n.KeyIO           MODE: 2nd degree decls took 0 
315655     INFO  Test worker     d.u.i.k.n.KeyIO           Parsing took 0 ms 
315655     DEBUG Test worker     d.u.i.k.n.KeyIO           Load declarations of de.uka.ilkd.key.nparser.KeyAst$File:  <unknown>:1#1 
315655     INFO  Test worker     d.u.i.k.n.KeyIO           MODE: declarations took 0 ms 
315655     DEBUG Test worker     d.u.i.k.n.KeyIO           MODE: 2nd degree decls took 0 
315655     INFO  Test worker     d.u.i.k.n.KeyIO           Parsing took 0 ms 
315655     DEBUG Test worker     d.u.i.k.n.KeyIO           Load declarations of de.uka.ilkd.key.nparser.KeyAst$File:  <unknown>:1#1 
315655     INFO  Test worker     d.u.i.k.n.KeyIO           MODE: declarations took 0 ms 
315655     DEBUG Test worker     d.u.i.k.n.KeyIO           MODE: 2nd degree decls took 0 
315655     INFO  Test worker     d.u.i.k.n.KeyIO           Parsing took 0 ms 
315655     DEBUG Test worker     d.u.i.k.n.KeyIO           Load declarations of de.uka.ilkd.key.nparser.KeyAst$File:  <unknown>:1#1 
315655     INFO  Test worker     d.u.i.k.n.KeyIO           MODE: declarations took 0 ms 
315655     DEBUG Test worker     d.u.i.k.n.KeyIO           MODE: 2nd degree decls took 0 
315655     INFO  Test worker     d.u.i.k.n.KeyIO           Parsing took 0 ms 
315655     DEBUG Test worker     d.u.i.k.n.KeyIO           Load declarations of de.uka.ilkd.key.nparser.KeyAst$File:  <unknown>:1#1 
315655     INFO  Test worker     d.u.i.k.n.KeyIO           MODE: declarations took 0 ms 
315655     DEBUG Test worker     d.u.i.k.n.KeyIO           MODE: 2nd degree decls took 0 
315655     INFO  Test worker     d.u.i.k.n.KeyIO           Parsing took 0 ms 
315655     DEBUG Test worker     d.u.i.k.n.KeyIO           Load declarations of de.uka.ilkd.key.nparser.KeyAst$File:  <unknown>:1#1 
315655     INFO  Test worker     d.u.i.k.n.KeyIO           MODE: declarations took 0 ms 
315655     DEBUG Test worker     d.u.i.k.n.KeyIO           MODE: 2nd degree decls took 0 
318381     INFO  Test worker     d.u.i.k.n.KeyIO           Parsing took 0 ms 
318381     DEBUG Test worker     d.u.i.k.n.KeyIO           Load declarations of de.uka.ilkd.key.nparser.KeyAst$File:  <unknown>:1#1 
318381     INFO  Test worker     d.u.i.k.n.KeyIO           MODE: declarations took 0 ms 
318381     DEBUG Test worker     d.u.i.k.n.KeyIO           MODE: 2nd degree decls took 0 
318381     INFO  Test worker     d.u.i.k.n.KeyIO           Parsing took 0 ms 
318381     DEBUG Test worker     d.u.i.k.n.KeyIO           Load declarations of de.uka.ilkd.key.nparser.KeyAst$File:  <unknown>:1#1 
318381     INFO  Test worker     d.u.i.k.n.KeyIO           MODE: declarations took 0 ms 
318381     DEBUG Test worker     d.u.i.k.n.KeyIO           MODE: 2nd degree decls took 0 
318381     INFO  Test worker     d.u.i.k.n.KeyIO           Parsing took 0 ms 
318381     DEBUG Test worker     d.u.i.k.n.KeyIO           Load declarations of de.uka.ilkd.key.nparser.KeyAst$File:  <unknown>:1#1 
318381     INFO  Test worker     d.u.i.k.n.KeyIO           MODE: declarations took 0 ms 
318381     DEBUG Test worker     d.u.i.k.n.KeyIO           MODE: 2nd degree decls took 0 
318381     INFO  Test worker     d.u.i.k.n.KeyIO           Parsing took 0 ms 
318381     DEBUG Test worker     d.u.i.k.n.KeyIO           Load declarations of de.uka.ilkd.key.nparser.KeyAst$File:  <unknown>:1#1 
318381     INFO  Test worker     d.u.i.k.n.KeyIO           MODE: declarations took 0 ms 
318381     DEBUG Test worker     d.u.i.k.n.KeyIO           MODE: 2nd degree decls took 0 
318381     INFO  Test worker     d.u.i.k.n.KeyIO           Parsing took 0 ms 
318381     DEBUG Test worker     d.u.i.k.n.KeyIO           Load declarations of de.uka.ilkd.key.nparser.KeyAst$File:  <unknown>:1#1 
318381     INFO  Test worker     d.u.i.k.n.KeyIO           MODE: declarations took 0 ms 
318381     DEBUG Test worker     d.u.i.k.n.KeyIO           MODE: 2nd degree decls took 0 
321164     INFO  Test worker     d.u.i.k.n.KeyIO           Parsing took 0 ms 
321164     DEBUG Test worker     d.u.i.k.n.KeyIO           Load declarations of de.uka.ilkd.key.nparser.KeyAst$File:  <unknown>:1#1 
321164     INFO  Test worker     d.u.i.k.n.KeyIO           MODE: declarations took 0 ms 
321164     DEBUG Test worker     d.u.i.k.n.KeyIO           MODE: 2nd degree decls took 0 
321164     INFO  Test worker     d.u.i.k.n.KeyIO           Parsing took 0 ms 
321164     DEBUG Test worker     d.u.i.k.n.KeyIO           Load declarations of de.uka.ilkd.key.nparser.KeyAst$File:  <unknown>:1#1 
321164     INFO  Test worker     d.u.i.k.n.KeyIO           MODE: declarations took 0 ms 
321164     DEBUG Test worker     d.u.i.k.n.KeyIO           MODE: 2nd degree decls took 0 
321164     INFO  Test worker     d.u.i.k.n.KeyIO           Parsing took 0 ms 
321164     DEBUG Test worker     d.u.i.k.n.KeyIO           Load declarations of de.uka.ilkd.key.nparser.KeyAst$File:  <unknown>:1#1 
321164     INFO  Test worker     d.u.i.k.n.KeyIO           MODE: declarations took 0 ms 
321164     DEBUG Test worker     d.u.i.k.n.KeyIO           MODE: 2nd degree decls took 0 
321164     INFO  Test worker     d.u.i.k.n.KeyIO           Parsing took 0 ms 
321164     DEBUG Test worker     d.u.i.k.n.KeyIO           Load declarations of de.uka.ilkd.key.nparser.KeyAst$File:  <unknown>:1#1 
321164     INFO  Test worker     d.u.i.k.n.KeyIO           MODE: declarations took 0 ms 
321164     DEBUG Test worker     d.u.i.k.n.KeyIO           MODE: 2nd degree decls took 0 
321164     INFO  Test worker     d.u.i.k.n.KeyIO           Parsing took 0 ms 
321164     DEBUG Test worker     d.u.i.k.n.KeyIO           Load declarations of de.uka.ilkd.key.nparser.KeyAst$File:  <unknown>:1#1 
321164     INFO  Test worker     d.u.i.k.n.KeyIO           MODE: declarations took 0 ms 
321164     DEBUG Test worker     d.u.i.k.n.KeyIO           MODE: 2nd degree decls took 0 
323962     INFO  Test worker     d.u.i.k.n.KeyIO           Parsing took 0 ms 
323962     DEBUG Test worker     d.u.i.k.n.KeyIO           Load declarations of de.uka.ilkd.key.nparser.KeyAst$File:  <unknown>:1#1 
323962     INFO  Test worker     d.u.i.k.n.KeyIO           MODE: declarations took 0 ms 
323962     DEBUG Test worker     d.u.i.k.n.KeyIO           MODE: 2nd degree decls took 0 
323962     INFO  Test worker     d.u.i.k.n.KeyIO           Parsing took 0 ms 
323962     DEBUG Test worker     d.u.i.k.n.KeyIO           Load declarations of de.uka.ilkd.key.nparser.KeyAst$File:  <unknown>:1#1 
323962     INFO  Test worker     d.u.i.k.n.KeyIO           MODE: declarations took 0 ms 
323962     DEBUG Test worker     d.u.i.k.n.KeyIO           MODE: 2nd degree decls took 0 
323962     INFO  Test worker     d.u.i.k.n.KeyIO           Parsing took 0 ms 
323962     DEBUG Test worker     d.u.i.k.n.KeyIO           Load declarations of de.uka.ilkd.key.nparser.KeyAst$File:  <unknown>:1#1 
323962     INFO  Test worker     d.u.i.k.n.KeyIO           MODE: declarations took 0 ms 
323962     DEBUG Test worker     d.u.i.k.n.KeyIO           MODE: 2nd degree decls took 0 
323962     INFO  Test worker     d.u.i.k.n.KeyIO           Parsing took 0 ms 
323962     DEBUG Test worker     d.u.i.k.n.KeyIO           Load declarations of de.uka.ilkd.key.nparser.KeyAst$File:  <unknown>:1#1 
323962     INFO  Test worker     d.u.i.k.n.KeyIO           MODE: declarations took 0 ms 
323962     DEBUG Test worker     d.u.i.k.n.KeyIO           MODE: 2nd degree decls took 0 
323962     INFO  Test worker     d.u.i.k.n.KeyIO           Parsing took 0 ms 
323962     DEBUG Test worker     d.u.i.k.n.KeyIO           Load declarations of de.uka.ilkd.key.nparser.KeyAst$File:  <unknown>:1#1 
323962     INFO  Test worker     d.u.i.k.n.KeyIO           MODE: declarations took 0 ms 
323962     DEBUG Test worker     d.u.i.k.n.KeyIO           MODE: 2nd degree decls took 0 
323962     WARN  Test worker     d.u.i.k.n.KeYParser       [syntax-error] <unknown>:1:11: mismatched input '@' expecting {'/', ':=', '.', '(', ')', '{', '[', '@', PARALLEL, OR, AND, IMP, '=', NOT_EQUALS, '%', '*', '-', '+', '>', GREATEREQUAL, '<', LESSEQUAL, LGUILLEMETS, EQV} [@11,11:11='@',<153>,1:11] (termEOF) 
326722     INFO  Test worker     d.u.i.k.n.KeyIO           Parsing took 0 ms 
326722     DEBUG Test worker     d.u.i.k.n.KeyIO           Load declarations of de.uka.ilkd.key.nparser.KeyAst$File:  <unknown>:1#1 
326722     INFO  Test worker     d.u.i.k.n.KeyIO           MODE: declarations took 0 ms 
326722     DEBUG Test worker     d.u.i.k.n.KeyIO           MODE: 2nd degree decls took 0 
326722     INFO  Test worker     d.u.i.k.n.KeyIO           Parsing took 0 ms 
326722     DEBUG Test worker     d.u.i.k.n.KeyIO           Load declarations of de.uka.ilkd.key.nparser.KeyAst$File:  <unknown>:1#1 
326722     INFO  Test worker     d.u.i.k.n.KeyIO           MODE: declarations took 0 ms 
326722     DEBUG Test worker     d.u.i.k.n.KeyIO           MODE: 2nd degree decls took 0 
326722     INFO  Test worker     d.u.i.k.n.KeyIO           Parsing took 0 ms 
326722     DEBUG Test worker     d.u.i.k.n.KeyIO           Load declarations of de.uka.ilkd.key.nparser.KeyAst$File:  <unknown>:1#1 
326722     INFO  Test worker     d.u.i.k.n.KeyIO           MODE: declarations took 0 ms 
326722     DEBUG Test worker     d.u.i.k.n.KeyIO           MODE: 2nd degree decls took 0 
326722     INFO  Test worker     d.u.i.k.n.KeyIO           Parsing took 0 ms 
326722     DEBUG Test worker     d.u.i.k.n.KeyIO           Load declarations of de.uka.ilkd.key.nparser.KeyAst$File:  <unknown>:1#1 
326722     INFO  Test worker     d.u.i.k.n.KeyIO           MODE: declarations took 0 ms 
326722     DEBUG Test worker     d.u.i.k.n.KeyIO           MODE: 2nd degree decls took 0 
326722     INFO  Test worker     d.u.i.k.n.KeyIO           Parsing took 0 ms 
326722     DEBUG Test worker     d.u.i.k.n.KeyIO           Load declarations of de.uka.ilkd.key.nparser.KeyAst$File:  <unknown>:1#1 
326722     INFO  Test worker     d.u.i.k.n.KeyIO           MODE: declarations took 0 ms 
326722     DEBUG Test worker     d.u.i.k.n.KeyIO           MODE: 2nd degree decls took 0 
329516     INFO  Test worker     d.u.i.k.n.KeyIO           Parsing took 0 ms 
329516     DEBUG Test worker     d.u.i.k.n.KeyIO           Load declarations of de.uka.ilkd.key.nparser.KeyAst$File:  <unknown>:1#1 
329516     INFO  Test worker     d.u.i.k.n.KeyIO           MODE: declarations took 0 ms 
329516     DEBUG Test worker     d.u.i.k.n.KeyIO           MODE: 2nd degree decls took 0 
329516     INFO  Test worker     d.u.i.k.n.KeyIO           Parsing took 0 ms 
329516     DEBUG Test worker     d.u.i.k.n.KeyIO           Load declarations of de.uka.ilkd.key.nparser.KeyAst$File:  <unknown>:1#1 
329516     INFO  Test worker     d.u.i.k.n.KeyIO           MODE: declarations took 0 ms 
329516     DEBUG Test worker     d.u.i.k.n.KeyIO           MODE: 2nd degree decls took 0 
329516     INFO  Test worker     d.u.i.k.n.KeyIO           Parsing took 0 ms 
329516     DEBUG Test worker     d.u.i.k.n.KeyIO           Load declarations of de.uka.ilkd.key.nparser.KeyAst$File:  <unknown>:1#1 
329516     INFO  Test worker     d.u.i.k.n.KeyIO           MODE: declarations took 0 ms 
329516     DEBUG Test worker     d.u.i.k.n.KeyIO           MODE: 2nd degree decls took 0 
329516     INFO  Test worker     d.u.i.k.n.KeyIO           Parsing took 0 ms 
329516     DEBUG Test worker     d.u.i.k.n.KeyIO           Load declarations of de.uka.ilkd.key.nparser.KeyAst$File:  <unknown>:1#1 
329516     INFO  Test worker     d.u.i.k.n.KeyIO           MODE: declarations took 0 ms 
329516     DEBUG Test worker     d.u.i.k.n.KeyIO           MODE: 2nd degree decls took 0 
329516     INFO  Test worker     d.u.i.k.n.KeyIO           Parsing took 0 ms 
329516     DEBUG Test worker     d.u.i.k.n.KeyIO           Load declarations of de.uka.ilkd.key.nparser.KeyAst$File:  <unknown>:1#1 
329532     INFO  Test worker     d.u.i.k.n.KeyIO           MODE: declarations took 16 ms 
329532     DEBUG Test worker     d.u.i.k.n.KeyIO           MODE: 2nd degree decls took 0 
332307     INFO  Test worker     d.u.i.k.n.KeyIO           Parsing took 0 ms 
332307     DEBUG Test worker     d.u.i.k.n.KeyIO           Load declarations of de.uka.ilkd.key.nparser.KeyAst$File:  <unknown>:1#1 
332322     INFO  Test worker     d.u.i.k.n.KeyIO           MODE: declarations took 15 ms 
332322     DEBUG Test worker     d.u.i.k.n.KeyIO           MODE: 2nd degree decls took 0 
332322     INFO  Test worker     d.u.i.k.n.KeyIO           Parsing took 0 ms 
332322     DEBUG Test worker     d.u.i.k.n.KeyIO           Load declarations of de.uka.ilkd.key.nparser.KeyAst$File:  <unknown>:1#1 
332322     INFO  Test worker     d.u.i.k.n.KeyIO           MODE: declarations took 0 ms 
332322     DEBUG Test worker     d.u.i.k.n.KeyIO           MODE: 2nd degree decls took 0 
332322     INFO  Test worker     d.u.i.k.n.KeyIO           Parsing took 0 ms 
332322     DEBUG Test worker     d.u.i.k.n.KeyIO           Load declarations of de.uka.ilkd.key.nparser.KeyAst$File:  <unknown>:1#1 
332322     INFO  Test worker     d.u.i.k.n.KeyIO           MODE: declarations took 0 ms 
332322     DEBUG Test worker     d.u.i.k.n.KeyIO           MODE: 2nd degree decls took 0 
332322     INFO  Test worker     d.u.i.k.n.KeyIO           Parsing took 0 ms 
332322     DEBUG Test worker     d.u.i.k.n.KeyIO           Load declarations of de.uka.ilkd.key.nparser.KeyAst$File:  <unknown>:1#1 
332322     INFO  Test worker     d.u.i.k.n.KeyIO           MODE: declarations took 0 ms 
332322     DEBUG Test worker     d.u.i.k.n.KeyIO           MODE: 2nd degree decls took 0 
332322     INFO  Test worker     d.u.i.k.n.KeyIO           Parsing took 0 ms 
332322     DEBUG Test worker     d.u.i.k.n.KeyIO           Load declarations of de.uka.ilkd.key.nparser.KeyAst$File:  <unknown>:1#1 
332322     INFO  Test worker     d.u.i.k.n.KeyIO           MODE: declarations took 0 ms 
332322     DEBUG Test worker     d.u.i.k.n.KeyIO           MODE: 2nd degree decls took 0 
335050     INFO  Test worker     d.u.i.k.n.KeyIO           Parsing took 0 ms 
335050     DEBUG Test worker     d.u.i.k.n.KeyIO           Load declarations of de.uka.ilkd.key.nparser.KeyAst$File:  <unknown>:1#1 
335050     INFO  Test worker     d.u.i.k.n.KeyIO           MODE: declarations took 0 ms 
335050     DEBUG Test worker     d.u.i.k.n.KeyIO           MODE: 2nd degree decls took 0 
335050     INFO  Test worker     d.u.i.k.n.KeyIO           Parsing took 0 ms 
335050     DEBUG Test worker     d.u.i.k.n.KeyIO           Load declarations of de.uka.ilkd.key.nparser.KeyAst$File:  <unknown>:1#1 
335050     INFO  Test worker     d.u.i.k.n.KeyIO           MODE: declarations took 0 ms 
335050     DEBUG Test worker     d.u.i.k.n.KeyIO           MODE: 2nd degree decls took 0 
335050     INFO  Test worker     d.u.i.k.n.KeyIO           Parsing took 0 ms 
335050     DEBUG Test worker     d.u.i.k.n.KeyIO           Load declarations of de.uka.ilkd.key.nparser.KeyAst$File:  <unknown>:1#1 
335050     INFO  Test worker     d.u.i.k.n.KeyIO           MODE: declarations took 0 ms 
335050     DEBUG Test worker     d.u.i.k.n.KeyIO           MODE: 2nd degree decls took 0 
335050     INFO  Test worker     d.u.i.k.n.KeyIO           Parsing took 0 ms 
335050     DEBUG Test worker     d.u.i.k.n.KeyIO           Load declarations of de.uka.ilkd.key.nparser.KeyAst$File:  <unknown>:1#1 
335050     INFO  Test worker     d.u.i.k.n.KeyIO           MODE: declarations took 0 ms 
335050     DEBUG Test worker     d.u.i.k.n.KeyIO           MODE: 2nd degree decls took 0 
335050     INFO  Test worker     d.u.i.k.n.KeyIO           Parsing took 0 ms 
335050     DEBUG Test worker     d.u.i.k.n.KeyIO           Load declarations of de.uka.ilkd.key.nparser.KeyAst$File:  <unknown>:1#1 
335050     INFO  Test worker     d.u.i.k.n.KeyIO           MODE: declarations took 0 ms 
335050     DEBUG Test worker     d.u.i.k.n.KeyIO           MODE: 2nd degree decls took 0 
337939     INFO  Test worker     d.u.i.k.n.KeyIO           Parsing took 0 ms 
337939     DEBUG Test worker     d.u.i.k.n.KeyIO           Load declarations of de.uka.ilkd.key.nparser.KeyAst$File:  <unknown>:1#1 
337939     INFO  Test worker     d.u.i.k.n.KeyIO           MODE: declarations took 0 ms 
337939     DEBUG Test worker     d.u.i.k.n.KeyIO           MODE: 2nd degree decls took 0 
337939     INFO  Test worker     d.u.i.k.n.KeyIO           Parsing took 0 ms 
337939     DEBUG Test worker     d.u.i.k.n.KeyIO           Load declarations of de.uka.ilkd.key.nparser.KeyAst$File:  <unknown>:1#1 
337939     INFO  Test worker     d.u.i.k.n.KeyIO           MODE: declarations took 0 ms 
337939     DEBUG Test worker     d.u.i.k.n.KeyIO           MODE: 2nd degree decls took 0 
337939     INFO  Test worker     d.u.i.k.n.KeyIO           Parsing took 0 ms 
337939     DEBUG Test worker     d.u.i.k.n.KeyIO           Load declarations of de.uka.ilkd.key.nparser.KeyAst$File:  <unknown>:1#1 
337939     INFO  Test worker     d.u.i.k.n.KeyIO           MODE: declarations took 0 ms 
337939     DEBUG Test worker     d.u.i.k.n.KeyIO           MODE: 2nd degree decls took 0 
337939     INFO  Test worker     d.u.i.k.n.KeyIO           Parsing took 0 ms 
337939     DEBUG Test worker     d.u.i.k.n.KeyIO           Load declarations of de.uka.ilkd.key.nparser.KeyAst$File:  <unknown>:1#1 
337939     INFO  Test worker     d.u.i.k.n.KeyIO           MODE: declarations took 0 ms 
337939     DEBUG Test worker     d.u.i.k.n.KeyIO           MODE: 2nd degree decls took 0 
337939     INFO  Test worker     d.u.i.k.n.KeyIO           Parsing took 0 ms 
337939     DEBUG Test worker     d.u.i.k.n.KeyIO           Load declarations of de.uka.ilkd.key.nparser.KeyAst$File:  <unknown>:1#1 
337939     INFO  Test worker     d.u.i.k.n.KeyIO           MODE: declarations took 0 ms 
337939     DEBUG Test worker     d.u.i.k.n.KeyIO           MODE: 2nd degree decls took 0 
340826     INFO  Test worker     d.u.i.k.n.KeyIO           Parsing took 0 ms 
340826     DEBUG Test worker     d.u.i.k.n.KeyIO           Load declarations of de.uka.ilkd.key.nparser.KeyAst$File:  <unknown>:1#1 
340826     INFO  Test worker     d.u.i.k.n.KeyIO           MODE: declarations took 0 ms 
340826     DEBUG Test worker     d.u.i.k.n.KeyIO           MODE: 2nd degree decls took 0 
340826     INFO  Test worker     d.u.i.k.n.KeyIO           Parsing took 0 ms 
340826     DEBUG Test worker     d.u.i.k.n.KeyIO           Load declarations of de.uka.ilkd.key.nparser.KeyAst$File:  <unknown>:1#1 
340826     INFO  Test worker     d.u.i.k.n.KeyIO           MODE: declarations took 0 ms 
340826     DEBUG Test worker     d.u.i.k.n.KeyIO           MODE: 2nd degree decls took 0 
340826     INFO  Test worker     d.u.i.k.n.KeyIO           Parsing took 0 ms 
340826     DEBUG Test worker     d.u.i.k.n.KeyIO           Load declarations of de.uka.ilkd.key.nparser.KeyAst$File:  <unknown>:1#1 
340826     INFO  Test worker     d.u.i.k.n.KeyIO           MODE: declarations took 0 ms 
340826     DEBUG Test worker     d.u.i.k.n.KeyIO           MODE: 2nd degree decls took 0 
340826     INFO  Test worker     d.u.i.k.n.KeyIO           Parsing took 0 ms 
340826     DEBUG Test worker     d.u.i.k.n.KeyIO           Load declarations of de.uka.ilkd.key.nparser.KeyAst$File:  <unknown>:1#1 
340826     INFO  Test worker     d.u.i.k.n.KeyIO           MODE: declarations took 0 ms 
340826     DEBUG Test worker     d.u.i.k.n.KeyIO           MODE: 2nd degree decls took 0 
340826     INFO  Test worker     d.u.i.k.n.KeyIO           Parsing took 0 ms 
340826     DEBUG Test worker     d.u.i.k.n.KeyIO           Load declarations of de.uka.ilkd.key.nparser.KeyAst$File:  <unknown>:1#1 
340826     INFO  Test worker     d.u.i.k.n.KeyIO           MODE: declarations took 0 ms 
340826     DEBUG Test worker     d.u.i.k.n.KeyIO           MODE: 2nd degree decls took 0 
343710     INFO  Test worker     d.u.i.k.n.KeyIO           Parsing took 0 ms 
343710     DEBUG Test worker     d.u.i.k.n.KeyIO           Load declarations of de.uka.ilkd.key.nparser.KeyAst$File:  <unknown>:1#1 
343710     INFO  Test worker     d.u.i.k.n.KeyIO           MODE: declarations took 0 ms 
343710     DEBUG Test worker     d.u.i.k.n.KeyIO           MODE: 2nd degree decls took 0 
343710     INFO  Test worker     d.u.i.k.n.KeyIO           Parsing took 0 ms 
343710     DEBUG Test worker     d.u.i.k.n.KeyIO           Load declarations of de.uka.ilkd.key.nparser.KeyAst$File:  <unknown>:1#1 
343710     INFO  Test worker     d.u.i.k.n.KeyIO           MODE: declarations took 0 ms 
343710     DEBUG Test worker     d.u.i.k.n.KeyIO           MODE: 2nd degree decls took 0 
343710     INFO  Test worker     d.u.i.k.n.KeyIO           Parsing took 0 ms 
343710     DEBUG Test worker     d.u.i.k.n.KeyIO           Load declarations of de.uka.ilkd.key.nparser.KeyAst$File:  <unknown>:1#1 
343710     INFO  Test worker     d.u.i.k.n.KeyIO           MODE: declarations took 0 ms 
343710     DEBUG Test worker     d.u.i.k.n.KeyIO           MODE: 2nd degree decls took 0 
343710     INFO  Test worker     d.u.i.k.n.KeyIO           Parsing took 0 ms 
343710     DEBUG Test worker     d.u.i.k.n.KeyIO           Load declarations of de.uka.ilkd.key.nparser.KeyAst$File:  <unknown>:1#1 
343710     INFO  Test worker     d.u.i.k.n.KeyIO           MODE: declarations took 0 ms 
343710     DEBUG Test worker     d.u.i.k.n.KeyIO           MODE: 2nd degree decls took 0 
343710     INFO  Test worker     d.u.i.k.n.KeyIO           Parsing took 0 ms 
343710     DEBUG Test worker     d.u.i.k.n.KeyIO           Load declarations of de.uka.ilkd.key.nparser.KeyAst$File:  <unknown>:1#1 
343710     INFO  Test worker     d.u.i.k.n.KeyIO           MODE: declarations took 0 ms 
343710     DEBUG Test worker     d.u.i.k.n.KeyIO           MODE: 2nd degree decls took 0 
346413     INFO  Test worker     d.u.i.k.n.KeyIO           Parsing took 0 ms 
346413     DEBUG Test worker     d.u.i.k.n.KeyIO           Load declarations of de.uka.ilkd.key.nparser.KeyAst$File:  <unknown>:1#1 
346413     INFO  Test worker     d.u.i.k.n.KeyIO           MODE: declarations took 0 ms 
346413     DEBUG Test worker     d.u.i.k.n.KeyIO           MODE: 2nd degree decls took 0 
346413     INFO  Test worker     d.u.i.k.n.KeyIO           Parsing took 0 ms 
346413     DEBUG Test worker     d.u.i.k.n.KeyIO           Load declarations of de.uka.ilkd.key.nparser.KeyAst$File:  <unknown>:1#1 
346413     INFO  Test worker     d.u.i.k.n.KeyIO           MODE: declarations took 0 ms 
346413     DEBUG Test worker     d.u.i.k.n.KeyIO           MODE: 2nd degree decls took 0 
346413     INFO  Test worker     d.u.i.k.n.KeyIO           Parsing took 0 ms 
346413     DEBUG Test worker     d.u.i.k.n.KeyIO           Load declarations of de.uka.ilkd.key.nparser.KeyAst$File:  <unknown>:1#1 
346413     INFO  Test worker     d.u.i.k.n.KeyIO           MODE: declarations took 0 ms 
346413     DEBUG Test worker     d.u.i.k.n.KeyIO           MODE: 2nd degree decls took 0 
346413     INFO  Test worker     d.u.i.k.n.KeyIO           Parsing took 0 ms 
346413     DEBUG Test worker     d.u.i.k.n.KeyIO           Load declarations of de.uka.ilkd.key.nparser.KeyAst$File:  <unknown>:1#1 
346413     INFO  Test worker     d.u.i.k.n.KeyIO           MODE: declarations took 0 ms 
346413     DEBUG Test worker     d.u.i.k.n.KeyIO           MODE: 2nd degree decls took 0 
346413     INFO  Test worker     d.u.i.k.n.KeyIO           Parsing took 0 ms 
346413     DEBUG Test worker     d.u.i.k.n.KeyIO           Load declarations of de.uka.ilkd.key.nparser.KeyAst$File:  <unknown>:1#1 
346413     INFO  Test worker     d.u.i.k.n.KeyIO           MODE: declarations took 0 ms 
346413     DEBUG Test worker     d.u.i.k.n.KeyIO           MODE: 2nd degree decls took 0 
349150     INFO  Test worker     d.u.i.k.n.KeyIO           Parsing took 0 ms 
349150     DEBUG Test worker     d.u.i.k.n.KeyIO           Load declarations of de.uka.ilkd.key.nparser.KeyAst$File:  <unknown>:1#1 
349150     INFO  Test worker     d.u.i.k.n.KeyIO           MODE: declarations took 0 ms 
349150     DEBUG Test worker     d.u.i.k.n.KeyIO           MODE: 2nd degree decls took 0 
349150     INFO  Test worker     d.u.i.k.n.KeyIO           Parsing took 0 ms 
349150     DEBUG Test worker     d.u.i.k.n.KeyIO           Load declarations of de.uka.ilkd.key.nparser.KeyAst$File:  <unknown>:1#1 
349150     INFO  Test worker     d.u.i.k.n.KeyIO           MODE: declarations took 0 ms 
349150     DEBUG Test worker     d.u.i.k.n.KeyIO           MODE: 2nd degree decls took 0 
349150     INFO  Test worker     d.u.i.k.n.KeyIO           Parsing took 0 ms 
349150     DEBUG Test worker     d.u.i.k.n.KeyIO           Load declarations of de.uka.ilkd.key.nparser.KeyAst$File:  <unknown>:1#1 
349150     INFO  Test worker     d.u.i.k.n.KeyIO           MODE: declarations took 0 ms 
349150     DEBUG Test worker     d.u.i.k.n.KeyIO           MODE: 2nd degree decls took 0 
349150     INFO  Test worker     d.u.i.k.n.KeyIO           Parsing took 0 ms 
349150     DEBUG Test worker     d.u.i.k.n.KeyIO           Load declarations of de.uka.ilkd.key.nparser.KeyAst$File:  <unknown>:1#1 
349150     INFO  Test worker     d.u.i.k.n.KeyIO           MODE: declarations took 0 ms 
349150     DEBUG Test worker     d.u.i.k.n.KeyIO           MODE: 2nd degree decls took 0 
349150     INFO  Test worker     d.u.i.k.n.KeyIO           Parsing took 0 ms 
349150     DEBUG Test worker     d.u.i.k.n.KeyIO           Load declarations of de.uka.ilkd.key.nparser.KeyAst$File:  <unknown>:1#1 
349150     INFO  Test worker     d.u.i.k.n.KeyIO           MODE: declarations took 0 ms 
349150     DEBUG Test worker     d.u.i.k.n.KeyIO           MODE: 2nd degree decls took 0 
351911     INFO  Test worker     d.u.i.k.n.KeyIO           Parsing took 0 ms 
351911     DEBUG Test worker     d.u.i.k.n.KeyIO           Load declarations of de.uka.ilkd.key.nparser.KeyAst$File:  <unknown>:1#1 
351911     INFO  Test worker     d.u.i.k.n.KeyIO           MODE: declarations took 0 ms 
351911     DEBUG Test worker     d.u.i.k.n.KeyIO           MODE: 2nd degree decls took 0 
351911     INFO  Test worker     d.u.i.k.n.KeyIO           Parsing took 0 ms 
351911     DEBUG Test worker     d.u.i.k.n.KeyIO           Load declarations of de.uka.ilkd.key.nparser.KeyAst$File:  <unknown>:1#1 
351911     INFO  Test worker     d.u.i.k.n.KeyIO           MODE: declarations took 0 ms 
351911     DEBUG Test worker     d.u.i.k.n.KeyIO           MODE: 2nd degree decls took 0 
351911     INFO  Test worker     d.u.i.k.n.KeyIO           Parsing took 0 ms 
351911     DEBUG Test worker     d.u.i.k.n.KeyIO           Load declarations of de.uka.ilkd.key.nparser.KeyAst$File:  <unknown>:1#1 
351911     INFO  Test worker     d.u.i.k.n.KeyIO           MODE: declarations took 0 ms 
351911     DEBUG Test worker     d.u.i.k.n.KeyIO           MODE: 2nd degree decls took 0 
351911     INFO  Test worker     d.u.i.k.n.KeyIO           Parsing took 0 ms 
351911     DEBUG Test worker     d.u.i.k.n.KeyIO           Load declarations of de.uka.ilkd.key.nparser.KeyAst$File:  <unknown>:1#1 
351911     INFO  Test worker     d.u.i.k.n.KeyIO           MODE: declarations took 0 ms 
351911     DEBUG Test worker     d.u.i.k.n.KeyIO           MODE: 2nd degree decls took 0 
351911     INFO  Test worker     d.u.i.k.n.KeyIO           Parsing took 0 ms 
351911     DEBUG Test worker     d.u.i.k.n.KeyIO           Load declarations of de.uka.ilkd.key.nparser.KeyAst$File:  <unknown>:1#1 
351911     INFO  Test worker     d.u.i.k.n.KeyIO           MODE: declarations took 0 ms 
351911     DEBUG Test worker     d.u.i.k.n.KeyIO           MODE: 2nd degree decls took 0 
354715     INFO  Test worker     d.u.i.k.n.KeyIO           Parsing took 0 ms 
354715     DEBUG Test worker     d.u.i.k.n.KeyIO           Load declarations of de.uka.ilkd.key.nparser.KeyAst$File:  <unknown>:1#1 
354715     INFO  Test worker     d.u.i.k.n.KeyIO           MODE: declarations took 0 ms 
354715     DEBUG Test worker     d.u.i.k.n.KeyIO           MODE: 2nd degree decls took 0 
354731     INFO  Test worker     d.u.i.k.n.KeyIO           Parsing took 0 ms 
354731     DEBUG Test worker     d.u.i.k.n.KeyIO           Load declarations of de.uka.ilkd.key.nparser.KeyAst$File:  <unknown>:1#1 
354731     INFO  Test worker     d.u.i.k.n.KeyIO           MODE: declarations took 0 ms 
354731     DEBUG Test worker     d.u.i.k.n.KeyIO           MODE: 2nd degree decls took 0 
354731     INFO  Test worker     d.u.i.k.n.KeyIO           Parsing took 0 ms 
354731     DEBUG Test worker     d.u.i.k.n.KeyIO           Load declarations of de.uka.ilkd.key.nparser.KeyAst$File:  <unknown>:1#1 
354731     INFO  Test worker     d.u.i.k.n.KeyIO           MODE: declarations took 0 ms 
354731     DEBUG Test worker     d.u.i.k.n.KeyIO           MODE: 2nd degree decls took 0 
354731     INFO  Test worker     d.u.i.k.n.KeyIO           Parsing took 0 ms 
354731     DEBUG Test worker     d.u.i.k.n.KeyIO           Load declarations of de.uka.ilkd.key.nparser.KeyAst$File:  <unknown>:1#1 
354731     INFO  Test worker     d.u.i.k.n.KeyIO           MODE: declarations took 0 ms 
354731     DEBUG Test worker     d.u.i.k.n.KeyIO           MODE: 2nd degree decls took 0 
354731     INFO  Test worker     d.u.i.k.n.KeyIO           Parsing took 0 ms 
354731     DEBUG Test worker     d.u.i.k.n.KeyIO           Load declarations of de.uka.ilkd.key.nparser.KeyAst$File:  <unknown>:1#1 
354731     INFO  Test worker     d.u.i.k.n.KeyIO           MODE: declarations took 0 ms 
354731     DEBUG Test worker     d.u.i.k.n.KeyIO           MODE: 2nd degree decls took 0 
357450     INFO  Test worker     d.u.i.k.n.KeyIO           Parsing took 0 ms 
357450     DEBUG Test worker     d.u.i.k.n.KeyIO           Load declarations of de.uka.ilkd.key.nparser.KeyAst$File:  <unknown>:1#1 
357450     INFO  Test worker     d.u.i.k.n.KeyIO           MODE: declarations took 0 ms 
357450     DEBUG Test worker     d.u.i.k.n.KeyIO           MODE: 2nd degree decls took 0 
357450     INFO  Test worker     d.u.i.k.n.KeyIO           Parsing took 0 ms 
357450     DEBUG Test worker     d.u.i.k.n.KeyIO           Load declarations of de.uka.ilkd.key.nparser.KeyAst$File:  <unknown>:1#1 
357450     INFO  Test worker     d.u.i.k.n.KeyIO           MODE: declarations took 0 ms 
357450     DEBUG Test worker     d.u.i.k.n.KeyIO           MODE: 2nd degree decls took 0 
357450     INFO  Test worker     d.u.i.k.n.KeyIO           Parsing took 0 ms 
357450     DEBUG Test worker     d.u.i.k.n.KeyIO           Load declarations of de.uka.ilkd.key.nparser.KeyAst$File:  <unknown>:1#1 
357450     INFO  Test worker     d.u.i.k.n.KeyIO           MODE: declarations took 0 ms 
357450     DEBUG Test worker     d.u.i.k.n.KeyIO           MODE: 2nd degree decls took 0 
357450     INFO  Test worker     d.u.i.k.n.KeyIO           Parsing took 0 ms 
357450     DEBUG Test worker     d.u.i.k.n.KeyIO           Load declarations of de.uka.ilkd.key.nparser.KeyAst$File:  <unknown>:1#1 
357450     INFO  Test worker     d.u.i.k.n.KeyIO           MODE: declarations took 0 ms 
357450     DEBUG Test worker     d.u.i.k.n.KeyIO           MODE: 2nd degree decls took 0 
357450     INFO  Test worker     d.u.i.k.n.KeyIO           Parsing took 0 ms 
357450     DEBUG Test worker     d.u.i.k.n.KeyIO           Load declarations of de.uka.ilkd.key.nparser.KeyAst$File:  <unknown>:1#1 
357450     INFO  Test worker     d.u.i.k.n.KeyIO           MODE: declarations took 0 ms 
357450     DEBUG Test worker     d.u.i.k.n.KeyIO           MODE: 2nd degree decls took 0 
360175     INFO  Test worker     d.u.i.k.n.KeyIO           Parsing took 0 ms 
360175     DEBUG Test worker     d.u.i.k.n.KeyIO           Load declarations of de.uka.ilkd.key.nparser.KeyAst$File:  <unknown>:1#1 
360175     INFO  Test worker     d.u.i.k.n.KeyIO           MODE: declarations took 0 ms 
360175     DEBUG Test worker     d.u.i.k.n.KeyIO           MODE: 2nd degree decls took 0 
360175     INFO  Test worker     d.u.i.k.n.KeyIO           Parsing took 0 ms 
360175     DEBUG Test worker     d.u.i.k.n.KeyIO           Load declarations of de.uka.ilkd.key.nparser.KeyAst$File:  <unknown>:1#1 
360175     INFO  Test worker     d.u.i.k.n.KeyIO           MODE: declarations took 0 ms 
360175     DEBUG Test worker     d.u.i.k.n.KeyIO           MODE: 2nd degree decls took 0 
360175     INFO  Test worker     d.u.i.k.n.KeyIO           Parsing took 0 ms 
360175     DEBUG Test worker     d.u.i.k.n.KeyIO           Load declarations of de.uka.ilkd.key.nparser.KeyAst$File:  <unknown>:1#1 
360175     INFO  Test worker     d.u.i.k.n.KeyIO           MODE: declarations took 0 ms 
360175     DEBUG Test worker     d.u.i.k.n.KeyIO           MODE: 2nd degree decls took 0 
360175     INFO  Test worker     d.u.i.k.n.KeyIO           Parsing took 0 ms 
360175     DEBUG Test worker     d.u.i.k.n.KeyIO           Load declarations of de.uka.ilkd.key.nparser.KeyAst$File:  <unknown>:1#1 
360175     INFO  Test worker     d.u.i.k.n.KeyIO           MODE: declarations took 0 ms 
360175     DEBUG Test worker     d.u.i.k.n.KeyIO           MODE: 2nd degree decls took 0 
360175     INFO  Test worker     d.u.i.k.n.KeyIO           Parsing took 0 ms 
360175     DEBUG Test worker     d.u.i.k.n.KeyIO           Load declarations of de.uka.ilkd.key.nparser.KeyAst$File:  <unknown>:1#1 
360175     INFO  Test worker     d.u.i.k.n.KeyIO           MODE: declarations took 0 ms 
360175     DEBUG Test worker     d.u.i.k.n.KeyIO           MODE: 2nd degree decls took 0 
362971     INFO  Test worker     d.u.i.k.n.KeyIO           Parsing took 0 ms 
362971     DEBUG Test worker     d.u.i.k.n.KeyIO           Load declarations of de.uka.ilkd.key.nparser.KeyAst$File:  <unknown>:1#1 
362971     INFO  Test worker     d.u.i.k.n.KeyIO           MODE: declarations took 0 ms 
362971     DEBUG Test worker     d.u.i.k.n.KeyIO           MODE: 2nd degree decls took 0 
362971     INFO  Test worker     d.u.i.k.n.KeyIO           Parsing took 0 ms 
362971     DEBUG Test worker     d.u.i.k.n.KeyIO           Load declarations of de.uka.ilkd.key.nparser.KeyAst$File:  <unknown>:1#1 
362971     INFO  Test worker     d.u.i.k.n.KeyIO           MODE: declarations took 0 ms 
362971     DEBUG Test worker     d.u.i.k.n.KeyIO           MODE: 2nd degree decls took 0 
362971     INFO  Test worker     d.u.i.k.n.KeyIO           Parsing took 0 ms 
362971     DEBUG Test worker     d.u.i.k.n.KeyIO           Load declarations of de.uka.ilkd.key.nparser.KeyAst$File:  <unknown>:1#1 
362971     INFO  Test worker     d.u.i.k.n.KeyIO           MODE: declarations took 0 ms 
362971     DEBUG Test worker     d.u.i.k.n.KeyIO           MODE: 2nd degree decls took 0 
362971     INFO  Test worker     d.u.i.k.n.KeyIO           Parsing took 0 ms 
362971     DEBUG Test worker     d.u.i.k.n.KeyIO           Load declarations of de.uka.ilkd.key.nparser.KeyAst$File:  <unknown>:1#1 
362971     INFO  Test worker     d.u.i.k.n.KeyIO           MODE: declarations took 0 ms 
362971     DEBUG Test worker     d.u.i.k.n.KeyIO           MODE: 2nd degree decls took 0 
362971     INFO  Test worker     d.u.i.k.n.KeyIO           Parsing took 0 ms 
362971     DEBUG Test worker     d.u.i.k.n.KeyIO           Load declarations of de.uka.ilkd.key.nparser.KeyAst$File:  <unknown>:1#1 
362971     INFO  Test worker     d.u.i.k.n.KeyIO           MODE: declarations took 0 ms 
362971     DEBUG Test worker     d.u.i.k.n.KeyIO           MODE: 2nd degree decls took 0 
365696     INFO  Test worker     d.u.i.k.n.KeyIO           Parsing took 0 ms 
365696     DEBUG Test worker     d.u.i.k.n.KeyIO           Load declarations of de.uka.ilkd.key.nparser.KeyAst$File:  <unknown>:1#1 
365696     INFO  Test worker     d.u.i.k.n.KeyIO           MODE: declarations took 0 ms 
365696     DEBUG Test worker     d.u.i.k.n.KeyIO           MODE: 2nd degree decls took 0 
365696     INFO  Test worker     d.u.i.k.n.KeyIO           Parsing took 0 ms 
365696     DEBUG Test worker     d.u.i.k.n.KeyIO           Load declarations of de.uka.ilkd.key.nparser.KeyAst$File:  <unknown>:1#1 
365696     INFO  Test worker     d.u.i.k.n.KeyIO           MODE: declarations took 0 ms 
365696     DEBUG Test worker     d.u.i.k.n.KeyIO           MODE: 2nd degree decls took 0 
365696     INFO  Test worker     d.u.i.k.n.KeyIO           Parsing took 0 ms 
365696     DEBUG Test worker     d.u.i.k.n.KeyIO           Load declarations of de.uka.ilkd.key.nparser.KeyAst$File:  <unknown>:1#1 
365696     INFO  Test worker     d.u.i.k.n.KeyIO           MODE: declarations took 0 ms 
365696     DEBUG Test worker     d.u.i.k.n.KeyIO           MODE: 2nd degree decls took 0 
365696     INFO  Test worker     d.u.i.k.n.KeyIO           Parsing took 0 ms 
365696     DEBUG Test worker     d.u.i.k.n.KeyIO           Load declarations of de.uka.ilkd.key.nparser.KeyAst$File:  <unknown>:1#1 
365696     INFO  Test worker     d.u.i.k.n.KeyIO           MODE: declarations took 0 ms 
365696     DEBUG Test worker     d.u.i.k.n.KeyIO           MODE: 2nd degree decls took 0 
365696     INFO  Test worker     d.u.i.k.n.KeyIO           Parsing took 0 ms 
365696     DEBUG Test worker     d.u.i.k.n.KeyIO           Load declarations of de.uka.ilkd.key.nparser.KeyAst$File:  <unknown>:1#1 
365696     INFO  Test worker     d.u.i.k.n.KeyIO           MODE: declarations took 0 ms 
365696     DEBUG Test worker     d.u.i.k.n.KeyIO           MODE: 2nd degree decls took 0 
368542     INFO  Test worker     d.u.i.k.n.KeyIO           Parsing took 0 ms 
368542     DEBUG Test worker     d.u.i.k.n.KeyIO           Load declarations of de.uka.ilkd.key.nparser.KeyAst$File:  <unknown>:1#1 
368542     INFO  Test worker     d.u.i.k.n.KeyIO           MODE: declarations took 0 ms 
368542     DEBUG Test worker     d.u.i.k.n.KeyIO           MODE: 2nd degree decls took 0 
368542     INFO  Test worker     d.u.i.k.n.KeyIO           Parsing took 0 ms 
368542     DEBUG Test worker     d.u.i.k.n.KeyIO           Load declarations of de.uka.ilkd.key.nparser.KeyAst$File:  <unknown>:1#1 
368542     INFO  Test worker     d.u.i.k.n.KeyIO           MODE: declarations took 0 ms 
368542     DEBUG Test worker     d.u.i.k.n.KeyIO           MODE: 2nd degree decls took 0 
368542     INFO  Test worker     d.u.i.k.n.KeyIO           Parsing took 0 ms 
368558     DEBUG Test worker     d.u.i.k.n.KeyIO           Load declarations of de.uka.ilkd.key.nparser.KeyAst$File:  <unknown>:1#1 
368558     INFO  Test worker     d.u.i.k.n.KeyIO           MODE: declarations took 0 ms 
368558     DEBUG Test worker     d.u.i.k.n.KeyIO           MODE: 2nd degree decls took 0 
368558     INFO  Test worker     d.u.i.k.n.KeyIO           Parsing took 0 ms 
368558     DEBUG Test worker     d.u.i.k.n.KeyIO           Load declarations of de.uka.ilkd.key.nparser.KeyAst$File:  <unknown>:1#1 
368558     INFO  Test worker     d.u.i.k.n.KeyIO           MODE: declarations took 0 ms 
368558     DEBUG Test worker     d.u.i.k.n.KeyIO           MODE: 2nd degree decls took 0 
368558     INFO  Test worker     d.u.i.k.n.KeyIO           Parsing took 0 ms 
368558     DEBUG Test worker     d.u.i.k.n.KeyIO           Load declarations of de.uka.ilkd.key.nparser.KeyAst$File:  <unknown>:1#1 
368558     INFO  Test worker     d.u.i.k.n.KeyIO           MODE: declarations took 0 ms 
368558     DEBUG Test worker     d.u.i.k.n.KeyIO           MODE: 2nd degree decls took 0 
371216     INFO  Test worker     d.u.i.k.n.KeyIO           Parsing took 0 ms 
371216     DEBUG Test worker     d.u.i.k.n.KeyIO           Load declarations of de.uka.ilkd.key.nparser.KeyAst$File:  <unknown>:1#1 
371216     INFO  Test worker     d.u.i.k.n.KeyIO           MODE: declarations took 0 ms 
371216     DEBUG Test worker     d.u.i.k.n.KeyIO           MODE: 2nd degree decls took 0 
371216     INFO  Test worker     d.u.i.k.n.KeyIO           Parsing took 0 ms 
371216     DEBUG Test worker     d.u.i.k.n.KeyIO           Load declarations of de.uka.ilkd.key.nparser.KeyAst$File:  <unknown>:1#1 
371216     INFO  Test worker     d.u.i.k.n.KeyIO           MODE: declarations took 0 ms 
371216     DEBUG Test worker     d.u.i.k.n.KeyIO           MODE: 2nd degree decls took 0 
371216     INFO  Test worker     d.u.i.k.n.KeyIO           Parsing took 0 ms 
371216     DEBUG Test worker     d.u.i.k.n.KeyIO           Load declarations of de.uka.ilkd.key.nparser.KeyAst$File:  <unknown>:1#1 
371216     INFO  Test worker     d.u.i.k.n.KeyIO           MODE: declarations took 0 ms 
371216     DEBUG Test worker     d.u.i.k.n.KeyIO           MODE: 2nd degree decls took 0 
371216     INFO  Test worker     d.u.i.k.n.KeyIO           Parsing took 0 ms 
371216     DEBUG Test worker     d.u.i.k.n.KeyIO           Load declarations of de.uka.ilkd.key.nparser.KeyAst$File:  <unknown>:1#1 
371216     INFO  Test worker     d.u.i.k.n.KeyIO           MODE: declarations took 0 ms 
371216     DEBUG Test worker     d.u.i.k.n.KeyIO           MODE: 2nd degree decls took 0 
371216     INFO  Test worker     d.u.i.k.n.KeyIO           Parsing took 0 ms 
371216     DEBUG Test worker     d.u.i.k.n.KeyIO           Load declarations of de.uka.ilkd.key.nparser.KeyAst$File:  <unknown>:1#1 
371247     INFO  Test worker     d.u.i.k.n.KeyIO           MODE: declarations took 31 ms 
371247     DEBUG Test worker     d.u.i.k.n.KeyIO           MODE: 2nd degree decls took 0 
373875     INFO  Test worker     d.u.i.k.n.KeyIO           Parsing took 0 ms 
373875     DEBUG Test worker     d.u.i.k.n.KeyIO           Load declarations of de.uka.ilkd.key.nparser.KeyAst$File:  <unknown>:1#1 
373875     INFO  Test worker     d.u.i.k.n.KeyIO           MODE: declarations took 0 ms 
373875     DEBUG Test worker     d.u.i.k.n.KeyIO           MODE: 2nd degree decls took 0 
373875     INFO  Test worker     d.u.i.k.n.KeyIO           Parsing took 0 ms 
373875     DEBUG Test worker     d.u.i.k.n.KeyIO           Load declarations of de.uka.ilkd.key.nparser.KeyAst$File:  <unknown>:1#1 
373875     INFO  Test worker     d.u.i.k.n.KeyIO           MODE: declarations took 0 ms 
373875     DEBUG Test worker     d.u.i.k.n.KeyIO           MODE: 2nd degree decls took 0 
373875     INFO  Test worker     d.u.i.k.n.KeyIO           Parsing took 0 ms 
373875     DEBUG Test worker     d.u.i.k.n.KeyIO           Load declarations of de.uka.ilkd.key.nparser.KeyAst$File:  <unknown>:1#1 
373875     INFO  Test worker     d.u.i.k.n.KeyIO           MODE: declarations took 0 ms 
373875     DEBUG Test worker     d.u.i.k.n.KeyIO           MODE: 2nd degree decls took 0 
373875     INFO  Test worker     d.u.i.k.n.KeyIO           Parsing took 0 ms 
373875     DEBUG Test worker     d.u.i.k.n.KeyIO           Load declarations of de.uka.ilkd.key.nparser.KeyAst$File:  <unknown>:1#1 
373875     INFO  Test worker     d.u.i.k.n.KeyIO           MODE: declarations took 0 ms 
373875     DEBUG Test worker     d.u.i.k.n.KeyIO           MODE: 2nd degree decls took 0 
373875     INFO  Test worker     d.u.i.k.n.KeyIO           Parsing took 0 ms 
373875     DEBUG Test worker     d.u.i.k.n.KeyIO           Load declarations of de.uka.ilkd.key.nparser.KeyAst$File:  <unknown>:1#1 
373875     INFO  Test worker     d.u.i.k.n.KeyIO           MODE: declarations took 0 ms 
373875     DEBUG Test worker     d.u.i.k.n.KeyIO           MODE: 2nd degree decls took 0 
376543     INFO  Test worker     d.u.i.k.n.KeyIO           Parsing took 0 ms 
376543     DEBUG Test worker     d.u.i.k.n.KeyIO           Load declarations of de.uka.ilkd.key.nparser.KeyAst$File:  <unknown>:1#1 
376543     INFO  Test worker     d.u.i.k.n.KeyIO           MODE: declarations took 0 ms 
376543     DEBUG Test worker     d.u.i.k.n.KeyIO           MODE: 2nd degree decls took 0 
376543     INFO  Test worker     d.u.i.k.n.KeyIO           Parsing took 0 ms 
376543     DEBUG Test worker     d.u.i.k.n.KeyIO           Load declarations of de.uka.ilkd.key.nparser.KeyAst$File:  <unknown>:1#1 
376543     INFO  Test worker     d.u.i.k.n.KeyIO           MODE: declarations took 0 ms 
376543     DEBUG Test worker     d.u.i.k.n.KeyIO           MODE: 2nd degree decls took 0 
376543     INFO  Test worker     d.u.i.k.n.KeyIO           Parsing took 0 ms 
376543     DEBUG Test worker     d.u.i.k.n.KeyIO           Load declarations of de.uka.ilkd.key.nparser.KeyAst$File:  <unknown>:1#1 
376543     INFO  Test worker     d.u.i.k.n.KeyIO           MODE: declarations took 0 ms 
376543     DEBUG Test worker     d.u.i.k.n.KeyIO           MODE: 2nd degree decls took 0 
376543     INFO  Test worker     d.u.i.k.n.KeyIO           Parsing took 0 ms 
376543     DEBUG Test worker     d.u.i.k.n.KeyIO           Load declarations of de.uka.ilkd.key.nparser.KeyAst$File:  <unknown>:1#1 
376543     INFO  Test worker     d.u.i.k.n.KeyIO           MODE: declarations took 0 ms 
376543     DEBUG Test worker     d.u.i.k.n.KeyIO           MODE: 2nd degree decls took 0 
376543     INFO  Test worker     d.u.i.k.n.KeyIO           Parsing took 0 ms 
376543     DEBUG Test worker     d.u.i.k.n.KeyIO           Load declarations of de.uka.ilkd.key.nparser.KeyAst$File:  <unknown>:1#1 
376543     INFO  Test worker     d.u.i.k.n.KeyIO           MODE: declarations took 0 ms 
376543     DEBUG Test worker     d.u.i.k.n.KeyIO           MODE: 2nd degree decls took 0 
379190     INFO  Test worker     d.u.i.k.n.KeyIO           Parsing took 0 ms 
379190     DEBUG Test worker     d.u.i.k.n.KeyIO           Load declarations of de.uka.ilkd.key.nparser.KeyAst$File:  <unknown>:1#1 
379190     INFO  Test worker     d.u.i.k.n.KeyIO           MODE: declarations took 0 ms 
379190     DEBUG Test worker     d.u.i.k.n.KeyIO           MODE: 2nd degree decls took 0 
379190     INFO  Test worker     d.u.i.k.n.KeyIO           Parsing took 0 ms 
379190     DEBUG Test worker     d.u.i.k.n.KeyIO           Load declarations of de.uka.ilkd.key.nparser.KeyAst$File:  <unknown>:1#1 
379190     INFO  Test worker     d.u.i.k.n.KeyIO           MODE: declarations took 0 ms 
379190     DEBUG Test worker     d.u.i.k.n.KeyIO           MODE: 2nd degree decls took 0 
379190     INFO  Test worker     d.u.i.k.n.KeyIO           Parsing took 0 ms 
379190     DEBUG Test worker     d.u.i.k.n.KeyIO           Load declarations of de.uka.ilkd.key.nparser.KeyAst$File:  <unknown>:1#1 
379190     INFO  Test worker     d.u.i.k.n.KeyIO           MODE: declarations took 0 ms 
379190     DEBUG Test worker     d.u.i.k.n.KeyIO           MODE: 2nd degree decls took 0 
379190     INFO  Test worker     d.u.i.k.n.KeyIO           Parsing took 0 ms 
379190     DEBUG Test worker     d.u.i.k.n.KeyIO           Load declarations of de.uka.ilkd.key.nparser.KeyAst$File:  <unknown>:1#1 
379190     INFO  Test worker     d.u.i.k.n.KeyIO           MODE: declarations took 0 ms 
379190     DEBUG Test worker     d.u.i.k.n.KeyIO           MODE: 2nd degree decls took 0 
379190     INFO  Test worker     d.u.i.k.n.KeyIO           Parsing took 0 ms 
379190     DEBUG Test worker     d.u.i.k.n.KeyIO           Load declarations of de.uka.ilkd.key.nparser.KeyAst$File:  <unknown>:1#1 
379190     INFO  Test worker     d.u.i.k.n.KeyIO           MODE: declarations took 0 ms 
379190     DEBUG Test worker     d.u.i.k.n.KeyIO           MODE: 2nd degree decls took 0 
381842     INFO  Test worker     d.u.i.k.n.KeyIO           Parsing took 0 ms 
381842     DEBUG Test worker     d.u.i.k.n.KeyIO           Load declarations of de.uka.ilkd.key.nparser.KeyAst$File:  <unknown>:1#1 
381842     INFO  Test worker     d.u.i.k.n.KeyIO           MODE: declarations took 0 ms 
381842     DEBUG Test worker     d.u.i.k.n.KeyIO           MODE: 2nd degree decls took 0 
381842     INFO  Test worker     d.u.i.k.n.KeyIO           Parsing took 0 ms 
381842     DEBUG Test worker     d.u.i.k.n.KeyIO           Load declarations of de.uka.ilkd.key.nparser.KeyAst$File:  <unknown>:1#1 
381842     INFO  Test worker     d.u.i.k.n.KeyIO           MODE: declarations took 0 ms 
381842     DEBUG Test worker     d.u.i.k.n.KeyIO           MODE: 2nd degree decls took 0 
381842     INFO  Test worker     d.u.i.k.n.KeyIO           Parsing took 0 ms 
381842     DEBUG Test worker     d.u.i.k.n.KeyIO           Load declarations of de.uka.ilkd.key.nparser.KeyAst$File:  <unknown>:1#1 
381842     INFO  Test worker     d.u.i.k.n.KeyIO           MODE: declarations took 0 ms 
381842     DEBUG Test worker     d.u.i.k.n.KeyIO           MODE: 2nd degree decls took 0 
381842     INFO  Test worker     d.u.i.k.n.KeyIO           Parsing took 0 ms 
381842     DEBUG Test worker     d.u.i.k.n.KeyIO           Load declarations of de.uka.ilkd.key.nparser.KeyAst$File:  <unknown>:1#1 
381842     INFO  Test worker     d.u.i.k.n.KeyIO           MODE: declarations took 0 ms 
381842     DEBUG Test worker     d.u.i.k.n.KeyIO           MODE: 2nd degree decls took 0 
381842     INFO  Test worker     d.u.i.k.n.KeyIO           Parsing took 0 ms 
381842     DEBUG Test worker     d.u.i.k.n.KeyIO           Load declarations of de.uka.ilkd.key.nparser.KeyAst$File:  <unknown>:1#1 
381842     INFO  Test worker     d.u.i.k.n.KeyIO           MODE: declarations took 0 ms 
381842     DEBUG Test worker     d.u.i.k.n.KeyIO           MODE: 2nd degree decls took 0 
384479     INFO  Test worker     d.u.i.k.n.KeyIO           Parsing took 0 ms 
384479     DEBUG Test worker     d.u.i.k.n.KeyIO           Load declarations of de.uka.ilkd.key.nparser.KeyAst$File:  <unknown>:1#1 
384479     INFO  Test worker     d.u.i.k.n.KeyIO           MODE: declarations took 0 ms 
384479     DEBUG Test worker     d.u.i.k.n.KeyIO           MODE: 2nd degree decls took 0 
384479     INFO  Test worker     d.u.i.k.n.KeyIO           Parsing took 0 ms 
384479     DEBUG Test worker     d.u.i.k.n.KeyIO           Load declarations of de.uka.ilkd.key.nparser.KeyAst$File:  <unknown>:1#1 
384479     INFO  Test worker     d.u.i.k.n.KeyIO           MODE: declarations took 0 ms 
384479     DEBUG Test worker     d.u.i.k.n.KeyIO           MODE: 2nd degree decls took 0 
384479     INFO  Test worker     d.u.i.k.n.KeyIO           Parsing took 0 ms 
384479     DEBUG Test worker     d.u.i.k.n.KeyIO           Load declarations of de.uka.ilkd.key.nparser.KeyAst$File:  <unknown>:1#1 
384479     INFO  Test worker     d.u.i.k.n.KeyIO           MODE: declarations took 0 ms 
384479     DEBUG Test worker     d.u.i.k.n.KeyIO           MODE: 2nd degree decls took 0 
384479     INFO  Test worker     d.u.i.k.n.KeyIO           Parsing took 0 ms 
384479     DEBUG Test worker     d.u.i.k.n.KeyIO           Load declarations of de.uka.ilkd.key.nparser.KeyAst$File:  <unknown>:1#1 
384479     INFO  Test worker     d.u.i.k.n.KeyIO           MODE: declarations took 0 ms 
384479     DEBUG Test worker     d.u.i.k.n.KeyIO           MODE: 2nd degree decls took 0 
384479     INFO  Test worker     d.u.i.k.n.KeyIO           Parsing took 0 ms 
384479     DEBUG Test worker     d.u.i.k.n.KeyIO           Load declarations of de.uka.ilkd.key.nparser.KeyAst$File:  <unknown>:1#1 
384479     INFO  Test worker     d.u.i.k.n.KeyIO           MODE: declarations took 0 ms 
384479     DEBUG Test worker     d.u.i.k.n.KeyIO           MODE: 2nd degree decls took 0 
387147     INFO  Test worker     d.u.i.k.n.KeyIO           Parsing took 0 ms 
387147     DEBUG Test worker     d.u.i.k.n.KeyIO           Load declarations of de.uka.ilkd.key.nparser.KeyAst$File:  <unknown>:1#1 
387147     INFO  Test worker     d.u.i.k.n.KeyIO           MODE: declarations took 0 ms 
387147     DEBUG Test worker     d.u.i.k.n.KeyIO           MODE: 2nd degree decls took 0 
387147     INFO  Test worker     d.u.i.k.n.KeyIO           Parsing took 0 ms 
387147     DEBUG Test worker     d.u.i.k.n.KeyIO           Load declarations of de.uka.ilkd.key.nparser.KeyAst$File:  <unknown>:1#1 
387147     INFO  Test worker     d.u.i.k.n.KeyIO           MODE: declarations took 0 ms 
387147     DEBUG Test worker     d.u.i.k.n.KeyIO           MODE: 2nd degree decls took 0 
387147     INFO  Test worker     d.u.i.k.n.KeyIO           Parsing took 0 ms 
387147     DEBUG Test worker     d.u.i.k.n.KeyIO           Load declarations of de.uka.ilkd.key.nparser.KeyAst$File:  <unknown>:1#1 
387147     INFO  Test worker     d.u.i.k.n.KeyIO           MODE: declarations took 0 ms 
387147     DEBUG Test worker     d.u.i.k.n.KeyIO           MODE: 2nd degree decls took 0 
387147     INFO  Test worker     d.u.i.k.n.KeyIO           Parsing took 0 ms 
387147     DEBUG Test worker     d.u.i.k.n.KeyIO           Load declarations of de.uka.ilkd.key.nparser.KeyAst$File:  <unknown>:1#1 
387147     INFO  Test worker     d.u.i.k.n.KeyIO           MODE: declarations took 0 ms 
387147     DEBUG Test worker     d.u.i.k.n.KeyIO           MODE: 2nd degree decls took 0 
387147     INFO  Test worker     d.u.i.k.n.KeyIO           Parsing took 0 ms 
387147     DEBUG Test worker     d.u.i.k.n.KeyIO           Load declarations of de.uka.ilkd.key.nparser.KeyAst$File:  <unknown>:1#1 
387147     INFO  Test worker     d.u.i.k.n.KeyIO           MODE: declarations took 0 ms 
387147     DEBUG Test worker     d.u.i.k.n.KeyIO           MODE: 2nd degree decls took 0 
389814     INFO  Test worker     d.u.i.k.n.KeyIO           Parsing took 0 ms 
389814     DEBUG Test worker     d.u.i.k.n.KeyIO           Load declarations of de.uka.ilkd.key.nparser.KeyAst$File:  <unknown>:1#1 
389814     INFO  Test worker     d.u.i.k.n.KeyIO           MODE: declarations took 0 ms 
389814     DEBUG Test worker     d.u.i.k.n.KeyIO           MODE: 2nd degree decls took 0 
389814     INFO  Test worker     d.u.i.k.n.KeyIO           Parsing took 0 ms 
389814     DEBUG Test worker     d.u.i.k.n.KeyIO           Load declarations of de.uka.ilkd.key.nparser.KeyAst$File:  <unknown>:1#1 
389814     INFO  Test worker     d.u.i.k.n.KeyIO           MODE: declarations took 0 ms 
389814     DEBUG Test worker     d.u.i.k.n.KeyIO           MODE: 2nd degree decls took 0 
389814     INFO  Test worker     d.u.i.k.n.KeyIO           Parsing took 0 ms 
389814     DEBUG Test worker     d.u.i.k.n.KeyIO           Load declarations of de.uka.ilkd.key.nparser.KeyAst$File:  <unknown>:1#1 
389814     INFO  Test worker     d.u.i.k.n.KeyIO           MODE: declarations took 0 ms 
389814     DEBUG Test worker     d.u.i.k.n.KeyIO           MODE: 2nd degree decls took 0 
389814     INFO  Test worker     d.u.i.k.n.KeyIO           Parsing took 0 ms 
389814     DEBUG Test worker     d.u.i.k.n.KeyIO           Load declarations of de.uka.ilkd.key.nparser.KeyAst$File:  <unknown>:1#1 
389814     INFO  Test worker     d.u.i.k.n.KeyIO           MODE: declarations took 0 ms 
389814     DEBUG Test worker     d.u.i.k.n.KeyIO           MODE: 2nd degree decls took 0 
389814     INFO  Test worker     d.u.i.k.n.KeyIO           Parsing took 0 ms 
389814     DEBUG Test worker     d.u.i.k.n.KeyIO           Load declarations of de.uka.ilkd.key.nparser.KeyAst$File:  <unknown>:1#1 
389814     INFO  Test worker     d.u.i.k.n.KeyIO           MODE: declarations took 0 ms 
389814     DEBUG Test worker     d.u.i.k.n.KeyIO           MODE: 2nd degree decls took 0 
]]></system-out>
  <system-err><![CDATA[]]></system-err>
</testsuite>
