<?xml version="1.0" encoding="UTF-8"?>
<testsuite name="de.uka.ilkd.key.logic.TestClashFreeSubst" tests="14" skipped="2" failures="0" errors="0" timestamp="2023-05-26T22:08:13" hostname="fv-az1113-732" time="45.056">
  <properties/>
  <testcase name="testMultiShareBound()" classname="de.uka.ilkd.key.logic.TestClashFreeSubst" time="0.898"/>
  <testcase name="testClash()" classname="de.uka.ilkd.key.logic.TestClashFreeSubst" time="0.843"/>
  <testcase name="testShare()" classname="de.uka.ilkd.key.logic.TestClashFreeSubst" time="0.83"/>
  <testcase name="testSubst()" classname="de.uka.ilkd.key.logic.TestClashFreeSubst" time="0.855"/>
  <testcase name="testWary0()" classname="de.uka.ilkd.key.logic.TestClashFreeSubst" time="0.835"/>
  <testcase name="testWary1()" classname="de.uka.ilkd.key.logic.TestClashFreeSubst" time="0.825"/>
  <testcase name="testWary2()" classname="de.uka.ilkd.key.logic.TestClashFreeSubst" time="0.828"/>
  <testcase name="testClashInSubstTerm()" classname="de.uka.ilkd.key.logic.TestClashFreeSubst" time="0.822"/>
  <testcase name="testShareWary()" classname="de.uka.ilkd.key.logic.TestClashFreeSubst" time="0.818"/>
  <testcase name="testMultiSubst()" classname="de.uka.ilkd.key.logic.TestClashFreeSubst" time="0.835"/>
  <testcase name="xtestMultiClash()" classname="de.uka.ilkd.key.logic.TestClashFreeSubst" time="0.0">
    <skipped/>
  </testcase>
  <testcase name="testSubstInSubstTerm()" classname="de.uka.ilkd.key.logic.TestClashFreeSubst" time="0.809"/>
  <testcase name="testSubstWary()" classname="de.uka.ilkd.key.logic.TestClashFreeSubst" time="0.842"/>
  <testcase name="xtestMultiClash1()" classname="de.uka.ilkd.key.logic.TestClashFreeSubst" time="0.001">
    <skipped/>
  </testcase>
  <system-out><![CDATA[34369      INFO  Test worker     d.u.i.k.n.KeyIO           Parsing took 0 ms 
34369      DEBUG Test worker     d.u.i.k.n.KeyIO           Load declarations of de.uka.ilkd.key.nparser.KeyAst$File:  <unknown>:1#1 
34369      INFO  Test worker     d.u.i.k.n.KeyIO           MODE: declarations took 0 ms 
34369      DEBUG Test worker     d.u.i.k.n.KeyIO           MODE: 2nd degree decls took 0 
35260      INFO  Test worker     d.u.i.k.n.KeyIO           Parsing took 0 ms 
35260      DEBUG Test worker     d.u.i.k.n.KeyIO           Load declarations of de.uka.ilkd.key.nparser.KeyAst$File:  <unknown>:1#1 
35260      INFO  Test worker     d.u.i.k.n.KeyIO           MODE: declarations took 0 ms 
35260      DEBUG Test worker     d.u.i.k.n.KeyIO           MODE: 2nd degree decls took 0 
38099      INFO  Test worker     d.u.i.k.n.KeyIO           Parsing took 0 ms 
38100      DEBUG Test worker     d.u.i.k.n.KeyIO           Load declarations of de.uka.ilkd.key.nparser.KeyAst$File:  <unknown>:1#1 
38100      INFO  Test worker     d.u.i.k.n.KeyIO           MODE: declarations took 0 ms 
38100      DEBUG Test worker     d.u.i.k.n.KeyIO           MODE: 2nd degree decls took 0 
38926      INFO  Test worker     d.u.i.k.n.KeyIO           Parsing took 0 ms 
38926      DEBUG Test worker     d.u.i.k.n.KeyIO           Load declarations of de.uka.ilkd.key.nparser.KeyAst$File:  <unknown>:1#1 
38926      INFO  Test worker     d.u.i.k.n.KeyIO           MODE: declarations took 0 ms 
38926      DEBUG Test worker     d.u.i.k.n.KeyIO           MODE: 2nd degree decls took 0 
41696      INFO  Test worker     d.u.i.k.n.KeyIO           Parsing took 0 ms 
41696      DEBUG Test worker     d.u.i.k.n.KeyIO           Load declarations of de.uka.ilkd.key.nparser.KeyAst$File:  <unknown>:1#1 
41696      INFO  Test worker     d.u.i.k.n.KeyIO           MODE: declarations took 0 ms 
41696      DEBUG Test worker     d.u.i.k.n.KeyIO           MODE: 2nd degree decls took 0 
42519      INFO  Test worker     d.u.i.k.n.KeyIO           Parsing took 0 ms 
42519      DEBUG Test worker     d.u.i.k.n.KeyIO           Load declarations of de.uka.ilkd.key.nparser.KeyAst$File:  <unknown>:1#1 
42519      INFO  Test worker     d.u.i.k.n.KeyIO           MODE: declarations took 0 ms 
42519      DEBUG Test worker     d.u.i.k.n.KeyIO           MODE: 2nd degree decls took 0 
45221      INFO  Test worker     d.u.i.k.n.KeyIO           Parsing took 0 ms 
45221      DEBUG Test worker     d.u.i.k.n.KeyIO           Load declarations of de.uka.ilkd.key.nparser.KeyAst$File:  <unknown>:1#1 
45221      INFO  Test worker     d.u.i.k.n.KeyIO           MODE: declarations took 0 ms 
45221      DEBUG Test worker     d.u.i.k.n.KeyIO           MODE: 2nd degree decls took 0 
46079      INFO  Test worker     d.u.i.k.n.KeyIO           Parsing took 0 ms 
46079      DEBUG Test worker     d.u.i.k.n.KeyIO           Load declarations of de.uka.ilkd.key.nparser.KeyAst$File:  <unknown>:1#1 
46079      INFO  Test worker     d.u.i.k.n.KeyIO           MODE: declarations took 0 ms 
46079      DEBUG Test worker     d.u.i.k.n.KeyIO           MODE: 2nd degree decls took 0 
48788      INFO  Test worker     d.u.i.k.n.KeyIO           Parsing took 0 ms 
48788      DEBUG Test worker     d.u.i.k.n.KeyIO           Load declarations of de.uka.ilkd.key.nparser.KeyAst$File:  <unknown>:1#1 
48788      INFO  Test worker     d.u.i.k.n.KeyIO           MODE: declarations took 0 ms 
48788      DEBUG Test worker     d.u.i.k.n.KeyIO           MODE: 2nd degree decls took 0 
49614      INFO  Test worker     d.u.i.k.n.KeyIO           Parsing took 0 ms 
49614      DEBUG Test worker     d.u.i.k.n.KeyIO           Load declarations of de.uka.ilkd.key.nparser.KeyAst$File:  <unknown>:1#1 
49614      INFO  Test worker     d.u.i.k.n.KeyIO           MODE: declarations took 0 ms 
49614      DEBUG Test worker     d.u.i.k.n.KeyIO           MODE: 2nd degree decls took 0 
52286      INFO  Test worker     d.u.i.k.n.KeyIO           Parsing took 0 ms 
52286      DEBUG Test worker     d.u.i.k.n.KeyIO           Load declarations of de.uka.ilkd.key.nparser.KeyAst$File:  <unknown>:1#1 
52286      INFO  Test worker     d.u.i.k.n.KeyIO           MODE: declarations took 0 ms 
52286      DEBUG Test worker     d.u.i.k.n.KeyIO           MODE: 2nd degree decls took 0 
53112      INFO  Test worker     d.u.i.k.n.KeyIO           Parsing took 0 ms 
53112      DEBUG Test worker     d.u.i.k.n.KeyIO           Load declarations of de.uka.ilkd.key.nparser.KeyAst$File:  <unknown>:1#1 
53112      INFO  Test worker     d.u.i.k.n.KeyIO           MODE: declarations took 0 ms 
53112      DEBUG Test worker     d.u.i.k.n.KeyIO           MODE: 2nd degree decls took 0 
55781      INFO  Test worker     d.u.i.k.n.KeyIO           Parsing took 0 ms 
55781      DEBUG Test worker     d.u.i.k.n.KeyIO           Load declarations of de.uka.ilkd.key.nparser.KeyAst$File:  <unknown>:1#1 
55781      INFO  Test worker     d.u.i.k.n.KeyIO           MODE: declarations took 0 ms 
55781      DEBUG Test worker     d.u.i.k.n.KeyIO           MODE: 2nd degree decls took 0 
56601      INFO  Test worker     d.u.i.k.n.KeyIO           Parsing took 0 ms 
56601      DEBUG Test worker     d.u.i.k.n.KeyIO           Load declarations of de.uka.ilkd.key.nparser.KeyAst$File:  <unknown>:1#1 
56601      INFO  Test worker     d.u.i.k.n.KeyIO           MODE: declarations took 0 ms 
56601      DEBUG Test worker     d.u.i.k.n.KeyIO           MODE: 2nd degree decls took 0 
59252      INFO  Test worker     d.u.i.k.n.KeyIO           Parsing took 0 ms 
59252      DEBUG Test worker     d.u.i.k.n.KeyIO           Load declarations of de.uka.ilkd.key.nparser.KeyAst$File:  <unknown>:1#1 
59252      INFO  Test worker     d.u.i.k.n.KeyIO           MODE: declarations took 0 ms 
59252      DEBUG Test worker     d.u.i.k.n.KeyIO           MODE: 2nd degree decls took 0 
60074      INFO  Test worker     d.u.i.k.n.KeyIO           Parsing took 0 ms 
60074      DEBUG Test worker     d.u.i.k.n.KeyIO           Load declarations of de.uka.ilkd.key.nparser.KeyAst$File:  <unknown>:1#1 
60074      INFO  Test worker     d.u.i.k.n.KeyIO           MODE: declarations took 0 ms 
60074      DEBUG Test worker     d.u.i.k.n.KeyIO           MODE: 2nd degree decls took 0 
62756      INFO  Test worker     d.u.i.k.n.KeyIO           Parsing took 0 ms 
62772      DEBUG Test worker     d.u.i.k.n.KeyIO           Load declarations of de.uka.ilkd.key.nparser.KeyAst$File:  <unknown>:1#1 
62772      INFO  Test worker     d.u.i.k.n.KeyIO           MODE: declarations took 0 ms 
62772      DEBUG Test worker     d.u.i.k.n.KeyIO           MODE: 2nd degree decls took 0 
63577      INFO  Test worker     d.u.i.k.n.KeyIO           Parsing took 0 ms 
63577      DEBUG Test worker     d.u.i.k.n.KeyIO           Load declarations of de.uka.ilkd.key.nparser.KeyAst$File:  <unknown>:1#1 
63577      INFO  Test worker     d.u.i.k.n.KeyIO           MODE: declarations took 0 ms 
63577      DEBUG Test worker     d.u.i.k.n.KeyIO           MODE: 2nd degree decls took 0 
66238      INFO  Test worker     d.u.i.k.n.KeyIO           Parsing took 0 ms 
66238      DEBUG Test worker     d.u.i.k.n.KeyIO           Load declarations of de.uka.ilkd.key.nparser.KeyAst$File:  <unknown>:1#1 
66238      INFO  Test worker     d.u.i.k.n.KeyIO           MODE: declarations took 0 ms 
66238      DEBUG Test worker     d.u.i.k.n.KeyIO           MODE: 2nd degree decls took 0 
67074      INFO  Test worker     d.u.i.k.n.KeyIO           Parsing took 0 ms 
67074      DEBUG Test worker     d.u.i.k.n.KeyIO           Load declarations of de.uka.ilkd.key.nparser.KeyAst$File:  <unknown>:1#1 
67074      INFO  Test worker     d.u.i.k.n.KeyIO           MODE: declarations took 0 ms 
67074      DEBUG Test worker     d.u.i.k.n.KeyIO           MODE: 2nd degree decls took 0 
72445      INFO  Test worker     d.u.i.k.n.KeyIO           Parsing took 0 ms 
72445      DEBUG Test worker     d.u.i.k.n.KeyIO           Load declarations of de.uka.ilkd.key.nparser.KeyAst$File:  <unknown>:1#1 
72445      INFO  Test worker     d.u.i.k.n.KeyIO           MODE: declarations took 0 ms 
72445      DEBUG Test worker     d.u.i.k.n.KeyIO           MODE: 2nd degree decls took 0 
73256      INFO  Test worker     d.u.i.k.n.KeyIO           Parsing took 0 ms 
73256      DEBUG Test worker     d.u.i.k.n.KeyIO           Load declarations of de.uka.ilkd.key.nparser.KeyAst$File:  <unknown>:1#1 
73256      INFO  Test worker     d.u.i.k.n.KeyIO           MODE: declarations took 0 ms 
73256      DEBUG Test worker     d.u.i.k.n.KeyIO           MODE: 2nd degree decls took 0 
75941      INFO  Test worker     d.u.i.k.n.KeyIO           Parsing took 0 ms 
75941      DEBUG Test worker     d.u.i.k.n.KeyIO           Load declarations of de.uka.ilkd.key.nparser.KeyAst$File:  <unknown>:1#1 
75941      INFO  Test worker     d.u.i.k.n.KeyIO           MODE: declarations took 0 ms 
75941      DEBUG Test worker     d.u.i.k.n.KeyIO           MODE: 2nd degree decls took 0 
76770      INFO  Test worker     d.u.i.k.n.KeyIO           Parsing took 0 ms 
76770      DEBUG Test worker     d.u.i.k.n.KeyIO           Load declarations of de.uka.ilkd.key.nparser.KeyAst$File:  <unknown>:1#1 
76770      INFO  Test worker     d.u.i.k.n.KeyIO           MODE: declarations took 0 ms 
76770      DEBUG Test worker     d.u.i.k.n.KeyIO           MODE: 2nd degree decls took 0 
]]></system-out>
  <system-err><![CDATA[]]></system-err>
</testsuite>
