<?xml version="1.0" encoding="UTF-8"?>
<testsuite name="de.uka.ilkd.key.parser.TestDeclParser" tests="14" skipped="2" failures="0" errors="0" timestamp="2023-05-26T22:10:55" hostname="fv-az1113-732" time="10.428">
  <properties/>
  <testcase name="testGenericSortDecl1()" classname="de.uka.ilkd.key.parser.TestDeclParser" time="0.945"/>
  <testcase name="testGenericSortDecl2()" classname="de.uka.ilkd.key.parser.TestDeclParser" time="0.937"/>
  <testcase name="testGenericSortDecl3()" classname="de.uka.ilkd.key.parser.TestDeclParser" time="0.885"/>
  <testcase name="testGenericSortDecl4()" classname="de.uka.ilkd.key.parser.TestDeclParser" time="0.807"/>
  <testcase name="testGenericSortDecl5()" classname="de.uka.ilkd.key.parser.TestDeclParser" time="0.001">
    <skipped/>
  </testcase>
  <testcase name="testGenericSortDecl6()" classname="de.uka.ilkd.key.parser.TestDeclParser" time="0.878"/>
  <testcase name="testSortDecl()" classname="de.uka.ilkd.key.parser.TestDeclParser" time="0.88"/>
  <testcase name="testProxySortDecl()" classname="de.uka.ilkd.key.parser.TestDeclParser" time="0.798"/>
  <testcase name="testArrayDecl()" classname="de.uka.ilkd.key.parser.TestDeclParser" time="0.877"/>
  <testcase name="testAmbiguousDecls()" classname="de.uka.ilkd.key.parser.TestDeclParser" time="0.001">
    <skipped/>
  </testcase>
  <testcase name="testHeurDecl()" classname="de.uka.ilkd.key.parser.TestDeclParser" time="0.873"/>
  <testcase name="testFunctionDecl()" classname="de.uka.ilkd.key.parser.TestDeclParser" time="0.802"/>
  <testcase name="testPredicateDecl()" classname="de.uka.ilkd.key.parser.TestDeclParser" time="0.871"/>
  <testcase name="testSVDecl()" classname="de.uka.ilkd.key.parser.TestDeclParser" time="0.869"/>
  <system-out><![CDATA[196460     INFO  Test worker     d.u.i.k.n.KeyIO           Parsing took 0 ms 
196460     DEBUG Test worker     d.u.i.k.n.KeyIO           Load declarations of de.uka.ilkd.key.nparser.KeyAst$File:  <unknown>:1#1 
196460     INFO  Test worker     d.u.i.k.n.KeyIO           MODE: declarations took 0 ms 
196460     DEBUG Test worker     d.u.i.k.n.KeyIO           MODE: 2nd degree decls took 0 
196460     DEBUG Test worker     d.u.i.k.n.KeyIO           MODE: taclets took 0ms 
197407     INFO  Test worker     d.u.i.k.n.KeyIO           Parsing took 0 ms 
197407     DEBUG Test worker     d.u.i.k.n.KeyIO           Load declarations of de.uka.ilkd.key.nparser.KeyAst$File:  <unknown>:1#1 
197407     INFO  Test worker     d.u.i.k.n.KeyIO           MODE: declarations took 0 ms 
197407     DEBUG Test worker     d.u.i.k.n.KeyIO           MODE: 2nd degree decls took 0 
197407     DEBUG Test worker     d.u.i.k.n.KeyIO           MODE: taclets took 0ms 
198297     INFO  Test worker     d.u.i.k.n.KeyIO           Parsing took 0 ms 
198297     DEBUG Test worker     d.u.i.k.n.KeyIO           Load declarations of de.uka.ilkd.key.nparser.KeyAst$File:  <unknown>:1#1 
198297     INFO  Test worker     d.u.i.k.n.KeyIO           MODE: declarations took 0 ms 
198297     DEBUG Test worker     d.u.i.k.n.KeyIO           MODE: 2nd degree decls took 0 
198297     DEBUG Test worker     d.u.i.k.n.KeyIO           MODE: taclets took 0ms 
199095     INFO  Test worker     d.u.i.k.n.KeyIO           Parsing took 0 ms 
199095     DEBUG Test worker     d.u.i.k.n.KeyIO           Load declarations of de.uka.ilkd.key.nparser.KeyAst$File:  <unknown>:1#1 
199095     INFO  Test worker     d.u.i.k.n.KeyIO           MODE: declarations took 0 ms 
199095     DEBUG Test worker     d.u.i.k.n.KeyIO           MODE: 2nd degree decls took 0 
199095     DEBUG Test worker     d.u.i.k.n.KeyIO           MODE: taclets took 0ms 
199971     INFO  Test worker     d.u.i.k.n.KeyIO           Parsing took 0 ms 
199971     DEBUG Test worker     d.u.i.k.n.KeyIO           Load declarations of de.uka.ilkd.key.nparser.KeyAst$File:  <unknown>:1#1 
199971     INFO  Test worker     d.u.i.k.n.KeyIO           MODE: declarations took 0 ms 
199971     DEBUG Test worker     d.u.i.k.n.KeyIO           MODE: 2nd degree decls took 0 
199971     DEBUG Test worker     d.u.i.k.n.KeyIO           MODE: taclets took 0ms 
200850     INFO  Test worker     d.u.i.k.n.KeyIO           Parsing took 0 ms 
200850     DEBUG Test worker     d.u.i.k.n.KeyIO           Load declarations of de.uka.ilkd.key.nparser.KeyAst$File:  <unknown>:1#1 
200850     INFO  Test worker     d.u.i.k.n.KeyIO           MODE: declarations took 0 ms 
200850     DEBUG Test worker     d.u.i.k.n.KeyIO           MODE: 2nd degree decls took 0 
200865     DEBUG Test worker     d.u.i.k.n.KeyIO           MODE: taclets took 0ms 
201662     INFO  Test worker     d.u.i.k.n.KeyIO           Parsing took 0 ms 
201662     DEBUG Test worker     d.u.i.k.n.KeyIO           Load declarations of de.uka.ilkd.key.nparser.KeyAst$File:  <unknown>:1#1 
201662     INFO  Test worker     d.u.i.k.n.KeyIO           MODE: declarations took 0 ms 
201662     DEBUG Test worker     d.u.i.k.n.KeyIO           MODE: 2nd degree decls took 0 
201662     DEBUG Test worker     d.u.i.k.n.KeyIO           MODE: taclets took 0ms 
202538     INFO  Test worker     d.u.i.k.n.KeyIO           Parsing took 0 ms 
202538     DEBUG Test worker     d.u.i.k.n.KeyIO           Load declarations of de.uka.ilkd.key.nparser.KeyAst$File:  <unknown>:1#1 
202538     INFO  Test worker     d.u.i.k.n.KeyIO           MODE: declarations took 0 ms 
202538     DEBUG Test worker     d.u.i.k.n.KeyIO           MODE: 2nd degree decls took 0 
202538     DEBUG Test worker     d.u.i.k.n.KeyIO           MODE: taclets took 0ms 
203414     INFO  Test worker     d.u.i.k.n.KeyIO           Parsing took 0 ms 
203414     DEBUG Test worker     d.u.i.k.n.KeyIO           Load declarations of de.uka.ilkd.key.nparser.KeyAst$File:  <unknown>:1#1 
203414     INFO  Test worker     d.u.i.k.n.KeyIO           MODE: declarations took 0 ms 
203414     DEBUG Test worker     d.u.i.k.n.KeyIO           MODE: 2nd degree decls took 0 
203414     DEBUG Test worker     d.u.i.k.n.KeyIO           MODE: taclets took 0ms 
204211     INFO  Test worker     d.u.i.k.n.KeyIO           Parsing took 0 ms 
204211     DEBUG Test worker     d.u.i.k.n.KeyIO           Load declarations of de.uka.ilkd.key.nparser.KeyAst$File:  <unknown>:1#1 
204211     INFO  Test worker     d.u.i.k.n.KeyIO           MODE: declarations took 0 ms 
204211     DEBUG Test worker     d.u.i.k.n.KeyIO           MODE: 2nd degree decls took 0 
204211     DEBUG Test worker     d.u.i.k.n.KeyIO           MODE: taclets took 0ms 
205087     INFO  Test worker     d.u.i.k.n.KeyIO           Parsing took 0 ms 
205087     DEBUG Test worker     d.u.i.k.n.KeyIO           Load declarations of de.uka.ilkd.key.nparser.KeyAst$File:  <unknown>:1#1 
205087     INFO  Test worker     d.u.i.k.n.KeyIO           MODE: declarations took 0 ms 
205087     DEBUG Test worker     d.u.i.k.n.KeyIO           MODE: 2nd degree decls took 0 
205087     DEBUG Test worker     d.u.i.k.n.KeyIO           MODE: taclets took 0ms 
205964     INFO  Test worker     d.u.i.k.n.KeyIO           Parsing took 0 ms 
205964     DEBUG Test worker     d.u.i.k.n.KeyIO           Load declarations of de.uka.ilkd.key.nparser.KeyAst$File:  <unknown>:1#1 
205964     INFO  Test worker     d.u.i.k.n.KeyIO           MODE: declarations took 0 ms 
205964     DEBUG Test worker     d.u.i.k.n.KeyIO           MODE: 2nd degree decls took 0 
205964     DEBUG Test worker     d.u.i.k.n.KeyIO           MODE: taclets took 0ms 
]]></system-out>
  <system-err><![CDATA[]]></system-err>
</testsuite>
