<?xml version="1.0" encoding="UTF-8"?>
<testsuite name="de.uka.ilkd.key.rule.merge.PredicateAbstractionLatticeTests" tests="3" skipped="0" failures="0" errors="0" timestamp="2023-05-26T22:15:55" hostname="fv-az1113-732" time="5.421">
  <properties/>
  <testcase name="testToAndFromString()" classname="de.uka.ilkd.key.rule.merge.PredicateAbstractionLatticeTests" time="2.728"/>
  <testcase name="testCreateSignLatticeWithPredicates()" classname="de.uka.ilkd.key.rule.merge.PredicateAbstractionLatticeTests" time="2.693"/>
  <testcase name="testTrivialPredicatesLattice()" classname="de.uka.ilkd.key.rule.merge.PredicateAbstractionLatticeTests" time="0.0"/>
  <system-out><![CDATA[496273     INFO  Test worker     d.u.i.k.p.i.AbstractProblemLoader Loading environment from src\test\resources\testcase\merge\dummy.key 
496273     DEBUG Test worker     d.u.i.k.p.i.AbstractProblemLoader Environment load took 345.5ns 
496273     INFO  Test worker     d.u.i.k.p.i.AbstractProblemLoader Creating init config 
498980     DEBUG Test worker     d.u.i.k.p.i.AbstractProblemLoader Init config took 2.71s 
498995     INFO  Test worker     d.u.i.k.p.i.AbstractProblemLoader Replaying proof dummy.key 
498995     DEBUG Test worker     d.u.i.k.p.i.IntermediateProofReplayer Proof replay took 8.7ns 
498995     INFO  Test worker     d.u.i.k.p.i.AbstractProblemLoader Loading environment from src\test\resources\testcase\merge\dummy.key 
498995     DEBUG Test worker     d.u.i.k.p.i.AbstractProblemLoader Environment load took 149.7ns 
498995     INFO  Test worker     d.u.i.k.p.i.AbstractProblemLoader Creating init config 
501679     DEBUG Test worker     d.u.i.k.p.i.AbstractProblemLoader Init config took 2.68s 
501695     INFO  Test worker     d.u.i.k.p.i.AbstractProblemLoader Replaying proof dummy.key 
501695     DEBUG Test worker     d.u.i.k.p.i.IntermediateProofReplayer Proof replay took 8.3ns 
]]></system-out>
  <system-err><![CDATA[]]></system-err>
</testsuite>
