<?xml version="1.0" encoding="UTF-8"?>
<testsuite name="de.uka.ilkd.key.smt.newsmt2.ProveSMTLemmasTest" tests="25" skipped="0" failures="0" errors="0" timestamp="2023-05-26T22:18:15" hostname="fv-az1113-732" time="68.33">
  <properties/>
  <testcase name="[1] jmod.dl, &#10;\forall int divNum; \forall int divDenom;&#10;  jmod(divNum,divDenom) =&#10;    divNum + jdiv(divNum,divDenom)*(-1)*divDenom&#10;" classname="de.uka.ilkd.key.smt.newsmt2.ProveSMTLemmasTest" time="2.837"/>
  <testcase name="[2] seqSub.dl, &#13;&#10;    \forall Seq seq;&#13;&#10;    \forall int from;&#13;&#10;    \forall int to;&#13;&#10;    \forall int idx;&#13;&#10;        any::seqGet(seqSub(seq, from, to)&lt;&lt;Trigger&gt;&gt;, idx)&#13;&#10;      = \if(0 &lt;= idx &amp; idx &lt; (to - from))&#13;&#10;        \then(any::seqGet(seq, idx + from))&#13;&#10;        \else(seqGetOutside)&#13;&#10;" classname="de.uka.ilkd.key.smt.newsmt2.ProveSMTLemmasTest" time="2.813"/>
  <testcase name="[3] seqGetOutside.dl, &#13;&#10;    \forall int i; \forall Seq s; ( i &lt; 0 | i &gt;= seqLen(s) -&gt; any::seqGet(s, i)&lt;&lt;Trigger&gt;&gt; = seqGetOutside )&#13;&#10;" classname="de.uka.ilkd.key.smt.newsmt2.ProveSMTLemmasTest" time="2.79"/>
  <testcase name="[4] singleton.dl, &#10;  \forall Object o; \forall Field f; \forall Object o2; \forall Field f2;&#10;    ( elementOf(o,f, singleton(o2,f2))&lt;&lt;Trigger&gt;&gt; &lt;-&gt;&#10;      o = o2 &amp; f = f2 )&#10;" classname="de.uka.ilkd.key.smt.newsmt2.ProveSMTLemmasTest" time="2.734"/>
  <testcase name="[5] create.dl, &#13;&#10;  \forall Heap h; \forall Object o; \forall Object o2; \forall Field f;&#13;&#10;      any::select(create(h, o), o2, f)&lt;&lt;Trigger&gt;&gt; =&#13;&#10;         \if(o = o2 &amp; o != null &amp; f = java.lang.Object::&lt;created&gt;)&#13;&#10;         \then(TRUE)&#13;&#10;         \else(any::select(h, o2, f))&#13;&#10;" classname="de.uka.ilkd.key.smt.newsmt2.ProveSMTLemmasTest" time="2.745"/>
  <testcase name="[6] allFields.dl, &#13;&#10;  \forall Object o; \forall Field f; \forall Object o2;&#13;&#10;    ( elementOf(o,f, allFields(o2))&lt;&lt;Trigger&gt;&gt; &lt;-&gt;&#13;&#10;       o = o2 )&#13;&#10;" classname="de.uka.ilkd.key.smt.newsmt2.ProveSMTLemmasTest" time="2.713"/>
  <testcase name="[7] seqEmpty.dl, &#13;&#10;    seqLen(seqEmpty) = 0&#13;&#10;&#10;" classname="de.uka.ilkd.key.smt.newsmt2.ProveSMTLemmasTest" time="2.702"/>
  <testcase name="[8] union.dl, &#10;  \forall Object o; \forall Field f; \forall LocSet l1; \forall LocSet l2;&#10;     ( elementOf(o, f, union(l1, l2))&lt;&lt;Trigger&gt;&gt; &lt;-&gt; elementOf(o,f,l1) | elementOf(o,f,l2) )&#10;" classname="de.uka.ilkd.key.smt.newsmt2.ProveSMTLemmasTest" time="2.702"/>
  <testcase name="[9] seqConcat.dl.2, &#13;&#10;    \forall Seq s1; \forall Seq s2; seqLen(seqConcat(s1,s2)&lt;&lt;Trigger&gt;&gt;) = seqLen(s1) + seqLen(s2)&#13;&#10;&#10;" classname="de.uka.ilkd.key.smt.newsmt2.ProveSMTLemmasTest" time="2.703"/>
  <testcase name="[10] wellFormed.dl, &#13;&#10;  \forall Heap h; \forall Object o; \forall Field f; (wellFormed(h) -&gt;&#13;&#10;      boolean::select(h, (java.lang.Object::select(h, o, f))&lt;&lt;Trigger&gt;&gt;, java.lang.Object::&lt;created&gt;) = TRUE&#13;&#10;    | (java.lang.Object::select(h, o, f)) = null)&#13;&#10;" classname="de.uka.ilkd.key.smt.newsmt2.ProveSMTLemmasTest" time="2.729"/>
  <testcase name="[11] jdiv.dl, &#10;\forall int divNum; \forall int divDenom;&#10;  jdiv(divNum,divDenom) =&#10;         \if (divNum &gt;= 0)&#10;         \then (div(divNum,divDenom))&#10;         \else (div(divNum*(-1),divDenom)*(-1))&#10;" classname="de.uka.ilkd.key.smt.newsmt2.ProveSMTLemmasTest" time="2.724"/>
  <testcase name="[12] empty.dl, &#10;  \forall Object o; \forall Field f; ( elementOf(o,f,empty)&lt;&lt;Trigger&gt;&gt; &lt;-&gt; false )&#10;" classname="de.uka.ilkd.key.smt.newsmt2.ProveSMTLemmasTest" time="2.705"/>
  <testcase name="[13] allLocs.dl, &#10;  \forall Object o; \forall Field f; ( elementOf(o,f,allLocs)&lt;&lt;Trigger&gt;&gt; &lt;-&gt; true )&#10;" classname="de.uka.ilkd.key.smt.newsmt2.ProveSMTLemmasTest" time="2.715"/>
  <testcase name="[14] arrayRange.dl, &#13;&#10;  \forall Object o; \forall Object o2; \forall Field f; \forall int lo; \forall int hi;&#13;&#10;    (elementOf(o,f, arrayRange(o2, lo, hi))&lt;&lt;Trigger&gt;&gt; &lt;-&gt;&#13;&#10;      o = o2 &amp; \exists int iv; (f = arr(iv) &amp; lo &lt;= iv &amp; iv &lt;= hi))&#13;&#10;" classname="de.uka.ilkd.key.smt.newsmt2.ProveSMTLemmasTest" time="2.705"/>
  <testcase name="[15] seqConcat.dl, &#13;&#10;    \forall int i; \forall Seq s1; \forall Seq s2; ( 0 &lt;= i &amp; i &lt; seqLen(s1) + seqLen(s2) -&gt;&#13;&#10;        any::seqGet(seqConcat(s1, s2), i) =&#13;&#10;            \if (i &lt; seqLen(s1)) \then (any::seqGet(s1, i)) \else (any::seqGet(s2, i-seqLen(s1))))&#13;&#10;&#10;" classname="de.uka.ilkd.key.smt.newsmt2.ProveSMTLemmasTest" time="2.724"/>
  <testcase name="[16] seqLen.dl, &#13;&#10;    \forall Seq s; seqLen(s)&lt;&lt;Trigger&gt;&gt; &gt;= 0&#13;&#10;" classname="de.uka.ilkd.key.smt.newsmt2.ProveSMTLemmasTest" time="2.72"/>
  <testcase name="[17] length.dl, &#13;&#10;    \forall Object o; length(o) &gt;= 0&#13;&#10;" classname="de.uka.ilkd.key.smt.newsmt2.ProveSMTLemmasTest" time="2.707"/>
  <testcase name="[18] freshLocs.dl, &#10;  \forall Heap h; \forall Object o; \forall Field f;&#10;     ( elementOf(o,f,freshLocs(h))&lt;&lt;Trigger&gt;&gt; &lt;-&gt;&#10;        o != null &amp; !boolean::select(h,o,java.lang.Object::&lt;created&gt;)=TRUE )&#10;" classname="de.uka.ilkd.key.smt.newsmt2.ProveSMTLemmasTest" time="2.739"/>
  <testcase name="[19] anon.dl, &#13;&#10;    \forall Heap h; \forall Object o; \forall Field f; \forall Heap h2; \forall LocSet ls;&#13;&#10;      any::select(anon(h, ls, h2), o, f)&lt;&lt;Trigger&gt;&gt; =&#13;&#10;         \if(elementOf(o, f, ls) &amp; f != java.lang.Object::&lt;created&gt;&#13;&#10;           | elementOf(o, f, freshLocs(h)))&#13;&#10;         \then(any::select(h2, o, f))&#13;&#10;         \else(any::select(h, o, f))&#13;&#10;" classname="de.uka.ilkd.key.smt.newsmt2.ProveSMTLemmasTest" time="2.712"/>
  <testcase name="[20] memset.dl, &#13;&#10;    \forall Heap h; \forall LocSet s; \forall any x; \forall Object o; \forall Field f;&#13;&#10;      any::select(memset(h, s, x), o, f)&lt;&lt;Trigger&gt;&gt; =&#13;&#10;         \if(elementOf(o, f, s) &amp; f != java.lang.Object::&lt;created&gt;)&#13;&#10;         \then(x)&#13;&#10;         \else(any::select(h, o, f))&#13;&#10;" classname="de.uka.ilkd.key.smt.newsmt2.ProveSMTLemmasTest" time="2.741"/>
  <testcase name="[21] store.dl, &#13;&#10;    \forall Heap h; \forall Object o; \forall Field f; \forall Object o2; \forall Field f2; \forall any v;&#13;&#10;      any::select(store(h,o,f,v), o2, f2)&lt;&lt;Trigger&gt;&gt; =&#13;&#10;         \if(o = o2 &amp; f = f2 &amp; f != java.lang.Object::&lt;created&gt;)&#13;&#10;         \then(v)&#13;&#10;         \else(any::select(h, o2, f2))&#13;&#10;" classname="de.uka.ilkd.key.smt.newsmt2.ProveSMTLemmasTest" time="2.724"/>
  <testcase name="[22] seqSub.dl.2, &#13;&#10;    \forall Seq seq;&#13;&#10;    \forall int from;&#13;&#10;    \forall int to;&#13;&#10;        seqLen(seqSub(seq, from, to)&lt;&lt;Trigger&gt;&gt;)&#13;&#10;      = \if(from &lt; to)\then(to - from)\else(0)&#13;&#10;" classname="de.uka.ilkd.key.smt.newsmt2.ProveSMTLemmasTest" time="2.736"/>
  <testcase name="[23] seqSingleton.dl, &#13;&#10;    \forall any x; any::seqGet(seqSingleton(x)&lt;&lt;Trigger&gt;&gt;, 0) = x&#13;&#10;&#10;" classname="de.uka.ilkd.key.smt.newsmt2.ProveSMTLemmasTest" time="2.744"/>
  <testcase name="[24] seqSingleton.dl.2, &#13;&#10;    \forall any x; seqLen(seqSingleton(x)&lt;&lt;Trigger&gt;&gt;) = 1&#13;&#10;&#10;" classname="de.uka.ilkd.key.smt.newsmt2.ProveSMTLemmasTest" time="2.746"/>
  <testcase name="[25] null.dl, &#10;     \forall any x; ((Null::instance(x))&lt;&lt;Trigger&gt;&gt; = TRUE -&gt; x = null) &#10;" classname="de.uka.ilkd.key.smt.newsmt2.ProveSMTLemmasTest" time="2.713"/>
  <system-out><![CDATA[636047     INFO  Test worker     d.u.i.k.s.n.ProveSMTLemmasTest Now processing file D:\a\key\key\key.core\build\resources\test\de\uka\ilkd\key\smt\newsmt2\SMT_lemma_jmod.dl.proof 
636047     INFO  Test worker     d.u.i.k.p.i.AbstractProblemLoader Loading environment from D:\a\key\key\key.core\build\resources\test\de\uka\ilkd\key\smt\newsmt2\SMT_lemma_jmod.dl.proof 
636047     DEBUG Test worker     d.u.i.k.p.i.AbstractProblemLoader Environment load took 78.3ns 
636047     INFO  Test worker     d.u.i.k.p.i.AbstractProblemLoader Creating init config 
638739     DEBUG Test worker     d.u.i.k.p.i.AbstractProblemLoader Init config took 2.68s 
638739     INFO  Test worker     d.u.i.k.p.i.AbstractProblemLoader Replaying proof SMT_lemma_jmod.dl.proof 
638770     DEBUG Test worker     d.u.i.k.p.i.IntermediateProofReplayer Proof replay took 30.16ms 
638888     INFO  Test worker     d.u.i.k.s.n.ProveSMTLemmasTest Now processing file C:\Users\RUNNER~1\AppData\Local\Temp\SMT_lemma_seqSub.dl_2851884619141973759.key 
638888     INFO  Test worker     d.u.i.k.p.i.AbstractProblemLoader Loading environment from C:\Users\RUNNER~1\AppData\Local\Temp\SMT_lemma_seqSub.dl_2851884619141973759.key 
638888     DEBUG Test worker     d.u.i.k.p.i.AbstractProblemLoader Environment load took 309.2ns 
638888     INFO  Test worker     d.u.i.k.p.i.AbstractProblemLoader Creating init config 
641565     DEBUG Test worker     d.u.i.k.p.i.AbstractProblemLoader Init config took 2.67s 
641565     INFO  Test worker     d.u.i.k.p.i.AbstractProblemLoader Replaying proof SMT_lemma_seqSub.dl_2851884619141973759.key 
641565     DEBUG Test worker     d.u.i.k.p.i.IntermediateProofReplayer Proof replay took 7.3ns 
641690     INFO  Test worker     d.u.i.k.s.n.ProveSMTLemmasTest Now processing file D:\a\key\key\key.core\build\resources\test\de\uka\ilkd\key\smt\newsmt2\SMT_lemma_seqGetOutside.dl.proof 
641690     INFO  Test worker     d.u.i.k.p.i.AbstractProblemLoader Loading environment from D:\a\key\key\key.core\build\resources\test\de\uka\ilkd\key\smt\newsmt2\SMT_lemma_seqGetOutside.dl.proof 
641690     DEBUG Test worker     d.u.i.k.p.i.AbstractProblemLoader Environment load took 284.3ns 
641690     INFO  Test worker     d.u.i.k.p.i.AbstractProblemLoader Creating init config 
644335     DEBUG Test worker     d.u.i.k.p.i.AbstractProblemLoader Init config took 2.64s 
644350     INFO  Test worker     d.u.i.k.p.i.AbstractProblemLoader Replaying proof SMT_lemma_seqGetOutside.dl.proof 
644366     DEBUG Test worker     d.u.i.k.p.i.IntermediateProofReplayer Proof replay took 21.1ms 
644481     INFO  Test worker     d.u.i.k.s.n.ProveSMTLemmasTest Now processing file C:\Users\RUNNER~1\AppData\Local\Temp\SMT_lemma_singleton.dl_9115848828674301663.key 
644481     INFO  Test worker     d.u.i.k.p.i.AbstractProblemLoader Loading environment from C:\Users\RUNNER~1\AppData\Local\Temp\SMT_lemma_singleton.dl_9115848828674301663.key 
644481     DEBUG Test worker     d.u.i.k.p.i.AbstractProblemLoader Environment load took 213.6ns 
644481     INFO  Test worker     d.u.i.k.p.i.AbstractProblemLoader Creating init config 
647085     DEBUG Test worker     d.u.i.k.p.i.AbstractProblemLoader Init config took 2.61s 
647101     INFO  Test worker     d.u.i.k.p.i.AbstractProblemLoader Replaying proof SMT_lemma_singleton.dl_9115848828674301663.key 
647101     DEBUG Test worker     d.u.i.k.p.i.IntermediateProofReplayer Proof replay took 7.4ns 
647214     INFO  Test worker     d.u.i.k.s.n.ProveSMTLemmasTest Now processing file C:\Users\RUNNER~1\AppData\Local\Temp\SMT_lemma_create.dl_1781222276091956577.key 
647214     INFO  Test worker     d.u.i.k.p.i.AbstractProblemLoader Loading environment from C:\Users\RUNNER~1\AppData\Local\Temp\SMT_lemma_create.dl_1781222276091956577.key 
647214     DEBUG Test worker     d.u.i.k.p.i.AbstractProblemLoader Environment load took 331.7ns 
647214     INFO  Test worker     d.u.i.k.p.i.AbstractProblemLoader Creating init config 
649825     DEBUG Test worker     d.u.i.k.p.i.AbstractProblemLoader Init config took 2.62s 
649849     INFO  Test worker     d.u.i.k.p.i.AbstractProblemLoader Replaying proof SMT_lemma_create.dl_1781222276091956577.key 
649849     DEBUG Test worker     d.u.i.k.p.i.IntermediateProofReplayer Proof replay took 7.2ns 
649959     INFO  Test worker     d.u.i.k.s.n.ProveSMTLemmasTest Now processing file C:\Users\RUNNER~1\AppData\Local\Temp\SMT_lemma_allFields.dl_8749820203166518485.key 
649959     INFO  Test worker     d.u.i.k.p.i.AbstractProblemLoader Loading environment from C:\Users\RUNNER~1\AppData\Local\Temp\SMT_lemma_allFields.dl_8749820203166518485.key 
649959     DEBUG Test worker     d.u.i.k.p.i.AbstractProblemLoader Environment load took 219ns 
649959     INFO  Test worker     d.u.i.k.p.i.AbstractProblemLoader Creating init config 
652541     DEBUG Test worker     d.u.i.k.p.i.AbstractProblemLoader Init config took 2.59s 
652557     INFO  Test worker     d.u.i.k.p.i.AbstractProblemLoader Replaying proof SMT_lemma_allFields.dl_8749820203166518485.key 
652557     DEBUG Test worker     d.u.i.k.p.i.IntermediateProofReplayer Proof replay took 7.1ns 
652672     INFO  Test worker     d.u.i.k.s.n.ProveSMTLemmasTest Now processing file C:\Users\RUNNER~1\AppData\Local\Temp\SMT_lemma_seqEmpty.dl_3287590328414782082.key 
652672     INFO  Test worker     d.u.i.k.p.i.AbstractProblemLoader Loading environment from C:\Users\RUNNER~1\AppData\Local\Temp\SMT_lemma_seqEmpty.dl_3287590328414782082.key 
652672     DEBUG Test worker     d.u.i.k.p.i.AbstractProblemLoader Environment load took 182ns 
652672     INFO  Test worker     d.u.i.k.p.i.AbstractProblemLoader Creating init config 
655249     DEBUG Test worker     d.u.i.k.p.i.AbstractProblemLoader Init config took 2.58s 
655265     INFO  Test worker     d.u.i.k.p.i.AbstractProblemLoader Replaying proof SMT_lemma_seqEmpty.dl_3287590328414782082.key 
655265     DEBUG Test worker     d.u.i.k.p.i.IntermediateProofReplayer Proof replay took 8.3ns 
655374     INFO  Test worker     d.u.i.k.s.n.ProveSMTLemmasTest Now processing file C:\Users\RUNNER~1\AppData\Local\Temp\SMT_lemma_union.dl_3078153837327373147.key 
655374     INFO  Test worker     d.u.i.k.p.i.AbstractProblemLoader Loading environment from C:\Users\RUNNER~1\AppData\Local\Temp\SMT_lemma_union.dl_3078153837327373147.key 
655374     DEBUG Test worker     d.u.i.k.p.i.AbstractProblemLoader Environment load took 213.8ns 
655374     INFO  Test worker     d.u.i.k.p.i.AbstractProblemLoader Creating init config 
657951     DEBUG Test worker     d.u.i.k.p.i.AbstractProblemLoader Init config took 2.58s 
657967     INFO  Test worker     d.u.i.k.p.i.AbstractProblemLoader Replaying proof SMT_lemma_union.dl_3078153837327373147.key 
657967     DEBUG Test worker     d.u.i.k.p.i.IntermediateProofReplayer Proof replay took 7.9ns 
658076     INFO  Test worker     d.u.i.k.s.n.ProveSMTLemmasTest Now processing file C:\Users\RUNNER~1\AppData\Local\Temp\SMT_lemma_seqConcat.dl.2_17427439802315441349.key 
658076     INFO  Test worker     d.u.i.k.p.i.AbstractProblemLoader Loading environment from C:\Users\RUNNER~1\AppData\Local\Temp\SMT_lemma_seqConcat.dl.2_17427439802315441349.key 
658076     DEBUG Test worker     d.u.i.k.p.i.AbstractProblemLoader Environment load took 203.5ns 
658076     INFO  Test worker     d.u.i.k.p.i.AbstractProblemLoader Creating init config 
660654     DEBUG Test worker     d.u.i.k.p.i.AbstractProblemLoader Init config took 2.58s 
660670     INFO  Test worker     d.u.i.k.p.i.AbstractProblemLoader Replaying proof SMT_lemma_seqConcat.dl.2_17427439802315441349.key 
660670     DEBUG Test worker     d.u.i.k.p.i.IntermediateProofReplayer Proof replay took 7.9ns 
660780     INFO  Test worker     d.u.i.k.s.n.ProveSMTLemmasTest Now processing file C:\Users\RUNNER~1\AppData\Local\Temp\SMT_lemma_wellFormed.dl_14395544068639177406.key 
660780     INFO  Test worker     d.u.i.k.p.i.AbstractProblemLoader Loading environment from C:\Users\RUNNER~1\AppData\Local\Temp\SMT_lemma_wellFormed.dl_14395544068639177406.key 
660780     DEBUG Test worker     d.u.i.k.p.i.AbstractProblemLoader Environment load took 313.2ns 
660780     INFO  Test worker     d.u.i.k.p.i.AbstractProblemLoader Creating init config 
663379     DEBUG Test worker     d.u.i.k.p.i.AbstractProblemLoader Init config took 2.6s 
663394     INFO  Test worker     d.u.i.k.p.i.AbstractProblemLoader Replaying proof SMT_lemma_wellFormed.dl_14395544068639177406.key 
663394     DEBUG Test worker     d.u.i.k.p.i.IntermediateProofReplayer Proof replay took 7.5ns 
663508     INFO  Test worker     d.u.i.k.s.n.ProveSMTLemmasTest Now processing file D:\a\key\key\key.core\build\resources\test\de\uka\ilkd\key\smt\newsmt2\SMT_lemma_jdiv.dl.proof 
663508     INFO  Test worker     d.u.i.k.p.i.AbstractProblemLoader Loading environment from D:\a\key\key\key.core\build\resources\test\de\uka\ilkd\key\smt\newsmt2\SMT_lemma_jdiv.dl.proof 
663508     DEBUG Test worker     d.u.i.k.p.i.AbstractProblemLoader Environment load took 300.3ns 
663508     INFO  Test worker     d.u.i.k.p.i.AbstractProblemLoader Creating init config 
666107     DEBUG Test worker     d.u.i.k.p.i.AbstractProblemLoader Init config took 2.6s 
666107     INFO  Test worker     d.u.i.k.p.i.AbstractProblemLoader Replaying proof SMT_lemma_jdiv.dl.proof 
666123     DEBUG Test worker     d.u.i.k.p.i.IntermediateProofReplayer Proof replay took 2.57ms 
666233     INFO  Test worker     d.u.i.k.s.n.ProveSMTLemmasTest Now processing file C:\Users\RUNNER~1\AppData\Local\Temp\SMT_lemma_empty.dl_5816001590507696311.key 
666233     INFO  Test worker     d.u.i.k.p.i.AbstractProblemLoader Loading environment from C:\Users\RUNNER~1\AppData\Local\Temp\SMT_lemma_empty.dl_5816001590507696311.key 
666233     DEBUG Test worker     d.u.i.k.p.i.AbstractProblemLoader Environment load took 292.9ns 
666233     INFO  Test worker     d.u.i.k.p.i.AbstractProblemLoader Creating init config 
668809     DEBUG Test worker     d.u.i.k.p.i.AbstractProblemLoader Init config took 2.58s 
668825     INFO  Test worker     d.u.i.k.p.i.AbstractProblemLoader Replaying proof SMT_lemma_empty.dl_5816001590507696311.key 
668825     DEBUG Test worker     d.u.i.k.p.i.IntermediateProofReplayer Proof replay took 7.7ns 
668939     INFO  Test worker     d.u.i.k.s.n.ProveSMTLemmasTest Now processing file C:\Users\RUNNER~1\AppData\Local\Temp\SMT_lemma_allLocs.dl_6932430285879517522.key 
668939     INFO  Test worker     d.u.i.k.p.i.AbstractProblemLoader Loading environment from C:\Users\RUNNER~1\AppData\Local\Temp\SMT_lemma_allLocs.dl_6932430285879517522.key 
668939     DEBUG Test worker     d.u.i.k.p.i.AbstractProblemLoader Environment load took 207.7ns 
668939     INFO  Test worker     d.u.i.k.p.i.AbstractProblemLoader Creating init config 
671539     DEBUG Test worker     d.u.i.k.p.i.AbstractProblemLoader Init config took 2.59s 
671539     INFO  Test worker     d.u.i.k.p.i.AbstractProblemLoader Replaying proof SMT_lemma_allLocs.dl_6932430285879517522.key 
671539     DEBUG Test worker     d.u.i.k.p.i.IntermediateProofReplayer Proof replay took 7.9ns 
671654     INFO  Test worker     d.u.i.k.s.n.ProveSMTLemmasTest Now processing file C:\Users\RUNNER~1\AppData\Local\Temp\SMT_lemma_arrayRange.dl_11474317525285611239.key 
671654     INFO  Test worker     d.u.i.k.p.i.AbstractProblemLoader Loading environment from C:\Users\RUNNER~1\AppData\Local\Temp\SMT_lemma_arrayRange.dl_11474317525285611239.key 
671654     DEBUG Test worker     d.u.i.k.p.i.AbstractProblemLoader Environment load took 224.9ns 
671654     INFO  Test worker     d.u.i.k.p.i.AbstractProblemLoader Creating init config 
674234     DEBUG Test worker     d.u.i.k.p.i.AbstractProblemLoader Init config took 2.58s 
674256     INFO  Test worker     d.u.i.k.p.i.AbstractProblemLoader Replaying proof SMT_lemma_arrayRange.dl_11474317525285611239.key 
674257     DEBUG Test worker     d.u.i.k.p.i.IntermediateProofReplayer Proof replay took 7.2ns 
674359     INFO  Test worker     d.u.i.k.s.n.ProveSMTLemmasTest Now processing file C:\Users\RUNNER~1\AppData\Local\Temp\SMT_lemma_seqConcat.dl_9012905134245687257.key 
674359     INFO  Test worker     d.u.i.k.p.i.AbstractProblemLoader Loading environment from C:\Users\RUNNER~1\AppData\Local\Temp\SMT_lemma_seqConcat.dl_9012905134245687257.key 
674359     DEBUG Test worker     d.u.i.k.p.i.AbstractProblemLoader Environment load took 291.9ns 
674359     INFO  Test worker     d.u.i.k.p.i.AbstractProblemLoader Creating init config 
676954     DEBUG Test worker     d.u.i.k.p.i.AbstractProblemLoader Init config took 2.59s 
676954     INFO  Test worker     d.u.i.k.p.i.AbstractProblemLoader Replaying proof SMT_lemma_seqConcat.dl_9012905134245687257.key 
676970     DEBUG Test worker     d.u.i.k.p.i.IntermediateProofReplayer Proof replay took 8.3ns 
677083     INFO  Test worker     d.u.i.k.s.n.ProveSMTLemmasTest Now processing file C:\Users\RUNNER~1\AppData\Local\Temp\SMT_lemma_seqLen.dl_2385088754006644772.key 
677083     INFO  Test worker     d.u.i.k.p.i.AbstractProblemLoader Loading environment from C:\Users\RUNNER~1\AppData\Local\Temp\SMT_lemma_seqLen.dl_2385088754006644772.key 
677083     DEBUG Test worker     d.u.i.k.p.i.AbstractProblemLoader Environment load took 312.9ns 
677083     INFO  Test worker     d.u.i.k.p.i.AbstractProblemLoader Creating init config 
679687     DEBUG Test worker     d.u.i.k.p.i.AbstractProblemLoader Init config took 2.6s 
679687     INFO  Test worker     d.u.i.k.p.i.AbstractProblemLoader Replaying proof SMT_lemma_seqLen.dl_2385088754006644772.key 
679687     DEBUG Test worker     d.u.i.k.p.i.IntermediateProofReplayer Proof replay took 8.1ns 
679804     INFO  Test worker     d.u.i.k.s.n.ProveSMTLemmasTest Now processing file C:\Users\RUNNER~1\AppData\Local\Temp\SMT_lemma_length.dl_1626079468850897272.key 
679804     INFO  Test worker     d.u.i.k.p.i.AbstractProblemLoader Loading environment from C:\Users\RUNNER~1\AppData\Local\Temp\SMT_lemma_length.dl_1626079468850897272.key 
679804     DEBUG Test worker     d.u.i.k.p.i.AbstractProblemLoader Environment load took 304.4ns 
679804     INFO  Test worker     d.u.i.k.p.i.AbstractProblemLoader Creating init config 
682383     DEBUG Test worker     d.u.i.k.p.i.AbstractProblemLoader Init config took 2.59s 
682399     INFO  Test worker     d.u.i.k.p.i.AbstractProblemLoader Replaying proof SMT_lemma_length.dl_1626079468850897272.key 
682399     DEBUG Test worker     d.u.i.k.p.i.IntermediateProofReplayer Proof replay took 7.8ns 
682511     INFO  Test worker     d.u.i.k.s.n.ProveSMTLemmasTest Now processing file C:\Users\RUNNER~1\AppData\Local\Temp\SMT_lemma_freshLocs.dl_12341927593721025735.key 
682511     INFO  Test worker     d.u.i.k.p.i.AbstractProblemLoader Loading environment from C:\Users\RUNNER~1\AppData\Local\Temp\SMT_lemma_freshLocs.dl_12341927593721025735.key 
682511     DEBUG Test worker     d.u.i.k.p.i.AbstractProblemLoader Environment load took 325ns 
682511     INFO  Test worker     d.u.i.k.p.i.AbstractProblemLoader Creating init config 
685101     DEBUG Test worker     d.u.i.k.p.i.AbstractProblemLoader Init config took 2.59s 
685139     INFO  Test worker     d.u.i.k.p.i.AbstractProblemLoader Replaying proof SMT_lemma_freshLocs.dl_12341927593721025735.key 
685140     DEBUG Test worker     d.u.i.k.p.i.IntermediateProofReplayer Proof replay took 8.4ns 
685251     INFO  Test worker     d.u.i.k.s.n.ProveSMTLemmasTest Now processing file C:\Users\RUNNER~1\AppData\Local\Temp\SMT_lemma_anon.dl_3219209764512207438.key 
685251     INFO  Test worker     d.u.i.k.p.i.AbstractProblemLoader Loading environment from C:\Users\RUNNER~1\AppData\Local\Temp\SMT_lemma_anon.dl_3219209764512207438.key 
685251     DEBUG Test worker     d.u.i.k.p.i.AbstractProblemLoader Environment load took 202.2ns 
685251     INFO  Test worker     d.u.i.k.p.i.AbstractProblemLoader Creating init config 
687838     DEBUG Test worker     d.u.i.k.p.i.AbstractProblemLoader Init config took 2.59s 
687853     INFO  Test worker     d.u.i.k.p.i.AbstractProblemLoader Replaying proof SMT_lemma_anon.dl_3219209764512207438.key 
687853     DEBUG Test worker     d.u.i.k.p.i.IntermediateProofReplayer Proof replay took 8.7ns 
687964     INFO  Test worker     d.u.i.k.s.n.ProveSMTLemmasTest Now processing file C:\Users\RUNNER~1\AppData\Local\Temp\SMT_lemma_memset.dl_4752548726213730637.key 
687964     INFO  Test worker     d.u.i.k.p.i.AbstractProblemLoader Loading environment from C:\Users\RUNNER~1\AppData\Local\Temp\SMT_lemma_memset.dl_4752548726213730637.key 
687964     DEBUG Test worker     d.u.i.k.p.i.AbstractProblemLoader Environment load took 209.4ns 
687964     INFO  Test worker     d.u.i.k.p.i.AbstractProblemLoader Creating init config 
690565     DEBUG Test worker     d.u.i.k.p.i.AbstractProblemLoader Init config took 2.61s 
690580     INFO  Test worker     d.u.i.k.p.i.AbstractProblemLoader Replaying proof SMT_lemma_memset.dl_4752548726213730637.key 
690580     DEBUG Test worker     d.u.i.k.p.i.IntermediateProofReplayer Proof replay took 8.7ns 
690705     INFO  Test worker     d.u.i.k.s.n.ProveSMTLemmasTest Now processing file C:\Users\RUNNER~1\AppData\Local\Temp\SMT_lemma_store.dl_1432067746753801415.key 
690705     INFO  Test worker     d.u.i.k.p.i.AbstractProblemLoader Loading environment from C:\Users\RUNNER~1\AppData\Local\Temp\SMT_lemma_store.dl_1432067746753801415.key 
690705     DEBUG Test worker     d.u.i.k.p.i.AbstractProblemLoader Environment load took 211ns 
690705     INFO  Test worker     d.u.i.k.p.i.AbstractProblemLoader Creating init config 
693304     DEBUG Test worker     d.u.i.k.p.i.AbstractProblemLoader Init config took 2.6s 
693320     INFO  Test worker     d.u.i.k.p.i.AbstractProblemLoader Replaying proof SMT_lemma_store.dl_1432067746753801415.key 
693320     DEBUG Test worker     d.u.i.k.p.i.IntermediateProofReplayer Proof replay took 7.3ns 
693429     INFO  Test worker     d.u.i.k.s.n.ProveSMTLemmasTest Now processing file C:\Users\RUNNER~1\AppData\Local\Temp\SMT_lemma_seqSub.dl.2_12091940264893540264.key 
693429     INFO  Test worker     d.u.i.k.p.i.AbstractProblemLoader Loading environment from C:\Users\RUNNER~1\AppData\Local\Temp\SMT_lemma_seqSub.dl.2_12091940264893540264.key 
693429     DEBUG Test worker     d.u.i.k.p.i.AbstractProblemLoader Environment load took 303.4ns 
693429     INFO  Test worker     d.u.i.k.p.i.AbstractProblemLoader Creating init config 
696035     DEBUG Test worker     d.u.i.k.p.i.AbstractProblemLoader Init config took 2.61s 
696051     INFO  Test worker     d.u.i.k.p.i.AbstractProblemLoader Replaying proof SMT_lemma_seqSub.dl.2_12091940264893540264.key 
696051     DEBUG Test worker     d.u.i.k.p.i.IntermediateProofReplayer Proof replay took 7.9ns 
696165     INFO  Test worker     d.u.i.k.s.n.ProveSMTLemmasTest Now processing file C:\Users\RUNNER~1\AppData\Local\Temp\SMT_lemma_seqSingleton.dl_17011659400140541931.key 
696165     INFO  Test worker     d.u.i.k.p.i.AbstractProblemLoader Loading environment from C:\Users\RUNNER~1\AppData\Local\Temp\SMT_lemma_seqSingleton.dl_17011659400140541931.key 
696165     DEBUG Test worker     d.u.i.k.p.i.AbstractProblemLoader Environment load took 212.7ns 
696165     INFO  Test worker     d.u.i.k.p.i.AbstractProblemLoader Creating init config 
698784     DEBUG Test worker     d.u.i.k.p.i.AbstractProblemLoader Init config took 2.62s 
698784     INFO  Test worker     d.u.i.k.p.i.AbstractProblemLoader Replaying proof SMT_lemma_seqSingleton.dl_17011659400140541931.key 
698800     DEBUG Test worker     d.u.i.k.p.i.IntermediateProofReplayer Proof replay took 8ns 
698910     INFO  Test worker     d.u.i.k.s.n.ProveSMTLemmasTest Now processing file C:\Users\RUNNER~1\AppData\Local\Temp\SMT_lemma_seqSingleton.dl.2_10841847032195988939.key 
698910     INFO  Test worker     d.u.i.k.p.i.AbstractProblemLoader Loading environment from C:\Users\RUNNER~1\AppData\Local\Temp\SMT_lemma_seqSingleton.dl.2_10841847032195988939.key 
698910     DEBUG Test worker     d.u.i.k.p.i.AbstractProblemLoader Environment load took 294.7ns 
698910     INFO  Test worker     d.u.i.k.p.i.AbstractProblemLoader Creating init config 
701509     DEBUG Test worker     d.u.i.k.p.i.AbstractProblemLoader Init config took 2.6s 
701541     INFO  Test worker     d.u.i.k.p.i.AbstractProblemLoader Replaying proof SMT_lemma_seqSingleton.dl.2_10841847032195988939.key 
701541     DEBUG Test worker     d.u.i.k.p.i.IntermediateProofReplayer Proof replay took 8.5ns 
701656     INFO  Test worker     d.u.i.k.s.n.ProveSMTLemmasTest Now processing file C:\Users\RUNNER~1\AppData\Local\Temp\SMT_lemma_null.dl_3684309154477136023.key 
701656     INFO  Test worker     d.u.i.k.p.i.AbstractProblemLoader Loading environment from C:\Users\RUNNER~1\AppData\Local\Temp\SMT_lemma_null.dl_3684309154477136023.key 
701656     DEBUG Test worker     d.u.i.k.p.i.AbstractProblemLoader Environment load took 227.3ns 
701656     INFO  Test worker     d.u.i.k.p.i.AbstractProblemLoader Creating init config 
704241     DEBUG Test worker     d.u.i.k.p.i.AbstractProblemLoader Init config took 2.59s 
704256     INFO  Test worker     d.u.i.k.p.i.AbstractProblemLoader Replaying proof SMT_lemma_null.dl_3684309154477136023.key 
704256     DEBUG Test worker     d.u.i.k.p.i.IntermediateProofReplayer Proof replay took 8.4ns 
]]></system-out>
  <system-err><![CDATA[]]></system-err>
</testsuite>
