<?xml version="1.0" encoding="UTF-8"?>
<testsuite name="de.uka.ilkd.key.util.TestProofStarter" tests="2" skipped="0" failures="0" errors="0" timestamp="2023-02-02T14:13:28" hostname="fv-az577-347" time="55.526">
  <properties/>
  <testcase name="testDirectProofWithOneStepSimplification()" classname="de.uka.ilkd.key.util.TestProofStarter" time="28.876"/>
  <testcase name="testDirectProof()" classname="de.uka.ilkd.key.util.TestProofStarter" time="26.65"/>
  <system-out><![CDATA[]]></system-out>
  <system-err><![CDATA[]]></system-err>
</testsuite>
