<?xml version="1.0" encoding="UTF-8"?>
<testsuite name="de.uka.ilkd.key.symbolic_execution.testcase.TestExecutionNodeWriterAndReader" tests="8" skipped="0" failures="0" errors="0" timestamp="2023-04-04T15:11:23" hostname="fv-az309-820" time="0.128">
  <properties/>
  <testcase name="testWritingAndReading_noReturnValues()" classname="de.uka.ilkd.key.symbolic_execution.testcase.TestExecutionNodeWriterAndReader" time="0.027"/>
  <testcase name="testWritingAndReading_withoutCallStack_withReturnValues()" classname="de.uka.ilkd.key.symbolic_execution.testcase.TestExecutionNodeWriterAndReader" time="0.013"/>
  <testcase name="testWritingAndReading_withoutVariables_and_withoutCallStack_noReturnValues()" classname="de.uka.ilkd.key.symbolic_execution.testcase.TestExecutionNodeWriterAndReader" time="0.008"/>
  <testcase name="testWritingAndReading_withoutVariables_withReturnValues()" classname="de.uka.ilkd.key.symbolic_execution.testcase.TestExecutionNodeWriterAndReader" time="0.016"/>
  <testcase name="testWritingAndReading_withReturnValues()" classname="de.uka.ilkd.key.symbolic_execution.testcase.TestExecutionNodeWriterAndReader" time="0.018"/>
  <testcase name="testWritingAndReading_withoutCallStack_noReturnValues()" classname="de.uka.ilkd.key.symbolic_execution.testcase.TestExecutionNodeWriterAndReader" time="0.021"/>
  <testcase name="testWritingAndReading_withoutVariables_noReturnValues()" classname="de.uka.ilkd.key.symbolic_execution.testcase.TestExecutionNodeWriterAndReader" time="0.011"/>
  <testcase name="testWritingAndReading_withoutVariables_and_withoutCallStack_withReturnValues()" classname="de.uka.ilkd.key.symbolic_execution.testcase.TestExecutionNodeWriterAndReader" time="0.008"/>
  <system-out><![CDATA[]]></system-out>
  <system-err><![CDATA[]]></system-err>
</testsuite>
