<?xml version="1.0" encoding="UTF-8"?>
<testsuite name="de.uka.ilkd.key.util.removegenerics.TestMethodDeclaration" tests="6" skipped="0" failures="0" errors="0" timestamp="2023-05-23T10:14:26" hostname="fv-az250-451" time="0.094">
  <properties/>
  <testcase name="testMethodArray()" classname="de.uka.ilkd.key.util.removegenerics.TestMethodDeclaration" time="0.036"/>
  <testcase name="testToArray()" classname="de.uka.ilkd.key.util.removegenerics.TestMethodDeclaration" time="0.017"/>
  <testcase name="testExcplicitTV()" classname="de.uka.ilkd.key.util.removegenerics.TestMethodDeclaration" time="0.003"/>
  <testcase name="testMethod()" classname="de.uka.ilkd.key.util.removegenerics.TestMethodDeclaration" time="0.004"/>
  <testcase name="testGenericMethod()" classname="de.uka.ilkd.key.util.removegenerics.TestMethodDeclaration" time="0.005"/>
  <testcase name="testReturnTypes()" classname="de.uka.ilkd.key.util.removegenerics.TestMethodDeclaration" time="0.004"/>
  <system-out><![CDATA[]]></system-out>
  <system-err><![CDATA[]]></system-err>
</testsuite>
