<?xml version="1.0" encoding="UTF-8"?>
<testsuite name="de.uka.ilkd.key.proof.runallproofs.RunAllProofsFunctional" tests="47" skipped="0" failures="0" errors="0" timestamp="2023-02-08T13:20:32" hostname="fv-az370-655" time="6693.826">
  <properties/>
  <testcase name="newBook" classname="de.uka.ilkd.key.proof.runallproofs.RunAllProofsFunctional" time="70.145"/>
  <testcase name="oldBook" classname="de.uka.ilkd.key.proof.runallproofs.RunAllProofsFunctional" time="21.189"/>
  <testcase name="comprehensions" classname="de.uka.ilkd.key.proof.runallproofs.RunAllProofsFunctional" time="85.61"/>
  <testcase name="performance" classname="de.uka.ilkd.key.proof.runallproofs.RunAllProofsFunctional" time="291.91"/>
  <testcase name="performancePOConstruction" classname="de.uka.ilkd.key.proof.runallproofs.RunAllProofsFunctional" time="94.093"/>
  <testcase name="applicationRestrictions" classname="de.uka.ilkd.key.proof.runallproofs.RunAllProofsFunctional" time="63.77"/>
  <testcase name="blockContracts" classname="de.uka.ilkd.key.proof.runallproofs.RunAllProofsFunctional" time="172.422"/>
  <testcase name="jmlAsserts" classname="de.uka.ilkd.key.proof.runallproofs.RunAllProofsFunctional" time="114.545"/>
  <testcase name="javaCard" classname="de.uka.ilkd.key.proof.runallproofs.RunAllProofsFunctional" time="39.414"/>
  <testcase name="project.key" classname="de.uka.ilkd.key.proof.runallproofs.RunAllProofsFunctional" time="43.047"/>
  <testcase name="project.key#1" classname="de.uka.ilkd.key.proof.runallproofs.RunAllProofsFunctional" time="17.351"/>
  <testcase name="lcp.key" classname="de.uka.ilkd.key.proof.runallproofs.RunAllProofsFunctional" time="19.957"/>
  <testcase name="project.key#2" classname="de.uka.ilkd.key.proof.runallproofs.RunAllProofsFunctional" time="23.538"/>
  <testcase name="ArrayList_contains.key" classname="de.uka.ilkd.key.proof.runallproofs.RunAllProofsFunctional" time="15.984"/>
  <testcase name="ArrayList_get.key" classname="de.uka.ilkd.key.proof.runallproofs.RunAllProofsFunctional" time="18.243"/>
  <testcase name="ArrayList_size.key" classname="de.uka.ilkd.key.proof.runallproofs.RunAllProofsFunctional" time="15.715"/>
  <testcase name="UpdateAbstraction_ex7_3_secure.key" classname="de.uka.ilkd.key.proof.runallproofs.RunAllProofsFunctional" time="15.823"/>
  <testcase name="UpdateAbstraction_ex7_4_secure.key" classname="de.uka.ilkd.key.proof.runallproofs.RunAllProofsFunctional" time="15.904"/>
  <testcase name="UpdateAbstraction_ex7_5_secure.key" classname="de.uka.ilkd.key.proof.runallproofs.RunAllProofsFunctional" time="15.09"/>
  <testcase name="UpdateAbstraction_ex7_6_secure.key" classname="de.uka.ilkd.key.proof.runallproofs.RunAllProofsFunctional" time="17.271"/>
  <testcase name="UpdateAbstraction_ex9_secure.key" classname="de.uka.ilkd.key.proof.runallproofs.RunAllProofsFunctional" time="17.875"/>
  <testcase name="list" classname="de.uka.ilkd.key.proof.runallproofs.RunAllProofsFunctional" time="324.74"/>
  <testcase name="list_ghost" classname="de.uka.ilkd.key.proof.runallproofs.RunAllProofsFunctional" time="83.975"/>
  <testcase name="list_recursive" classname="de.uka.ilkd.key.proof.runallproofs.RunAllProofsFunctional" time="27.827"/>
  <testcase name="list_seq" classname="de.uka.ilkd.key.proof.runallproofs.RunAllProofsFunctional" time="188.169"/>
  <testcase name="observer" classname="de.uka.ilkd.key.proof.runallproofs.RunAllProofsFunctional" time="119.617"/>
  <testcase name="removeDups" classname="de.uka.ilkd.key.proof.runallproofs.RunAllProofsFunctional" time="49.579"/>
  <testcase name="Saddleback_search.key" classname="de.uka.ilkd.key.proof.runallproofs.RunAllProofsFunctional" time="107.95"/>
  <testcase name="quicksort" classname="de.uka.ilkd.key.proof.runallproofs.RunAllProofsFunctional" time="125.316"/>
  <testcase name="simpleTests" classname="de.uka.ilkd.key.proof.runallproofs.RunAllProofsFunctional" time="202.173"/>
  <testcase name="SmansEtAl" classname="de.uka.ilkd.key.proof.runallproofs.RunAllProofsFunctional" time="244.47"/>
  <testcase name="VACID0" classname="de.uka.ilkd.key.proof.runallproofs.RunAllProofsFunctional" time="98.102"/>
  <testcase name="VSTTE10" classname="de.uka.ilkd.key.proof.runallproofs.RunAllProofsFunctional" time="223.661"/>
  <testcase name="WeideEtAl" classname="de.uka.ilkd.key.proof.runallproofs.RunAllProofsFunctional" time="35.219"/>
  <testcase name="arithmetic" classname="de.uka.ilkd.key.proof.runallproofs.RunAllProofsFunctional" time="630.782"/>
  <testcase name="arrays" classname="de.uka.ilkd.key.proof.runallproofs.RunAllProofsFunctional" time="72.138"/>
  <testcase name="javadl" classname="de.uka.ilkd.key.proof.runallproofs.RunAllProofsFunctional" time="738.284"/>
  <testcase name="FOL" classname="de.uka.ilkd.key.proof.runallproofs.RunAllProofsFunctional" time="349.784"/>
  <testcase name="strings" classname="de.uka.ilkd.key.proof.runallproofs.RunAllProofsFunctional" time="183.982"/>
  <testcase name="simple_info_flow" classname="de.uka.ilkd.key.proof.runallproofs.RunAllProofsFunctional" time="15.842"/>
  <testcase name="modelMethods" classname="de.uka.ilkd.key.proof.runallproofs.RunAllProofsFunctional" time="225.468"/>
  <testcase name="permissionHeap" classname="de.uka.ilkd.key.proof.runallproofs.RunAllProofsFunctional" time="1077.508"/>
  <testcase name="completionScopes" classname="de.uka.ilkd.key.proof.runallproofs.RunAllProofsFunctional" time="63.067"/>
  <testcase name="reload_examples" classname="de.uka.ilkd.key.proof.runallproofs.RunAllProofsFunctional" time="52.862"/>
  <testcase name="proofLoadRepair" classname="de.uka.ilkd.key.proof.runallproofs.RunAllProofsFunctional" time="24.322"/>
  <testcase name="switch" classname="de.uka.ilkd.key.proof.runallproofs.RunAllProofsFunctional" time="79.862"/>
  <testcase name="redux" classname="de.uka.ilkd.key.proof.runallproofs.RunAllProofsFunctional" time="160.216"/>
  <system-out><![CDATA[13:20:32,589 |-INFO in ch.qos.logback.classic.LoggerContext[default] - Could NOT find resource [logback-test.xml]
13:20:32,596 |-INFO in ch.qos.logback.classic.LoggerContext[default] - Found resource [logback.xml] at [file:/home/runner/work/key/key/key.core/build/resources/test/logback.xml]
13:20:32,702 |-INFO in ch.qos.logback.classic.joran.action.ConfigurationAction - debug attribute not set
13:20:32,702 |-INFO in ch.qos.logback.core.joran.action.AppenderAction - About to instantiate appender of type [ch.qos.logback.core.ConsoleAppender]
13:20:32,707 |-INFO in ch.qos.logback.core.joran.action.AppenderAction - Naming appender as [STDOUT]
13:20:32,711 |-ERROR in ch.qos.logback.core.joran.spi.Interpreter@3:15 - no applicable action for [file], current ElementPath  is [[configuration][appender][file]]
13:20:32,711 |-ERROR in ch.qos.logback.core.joran.spi.Interpreter@4:17 - no applicable action for [append], current ElementPath  is [[configuration][appender][append]]
13:20:32,712 |-INFO in ch.qos.logback.core.joran.action.NestedComplexPropertyIA - Assuming default type [ch.qos.logback.classic.encoder.PatternLayoutEncoder] for [encoder] property
13:20:32,728 |-INFO in ch.qos.logback.classic.joran.action.RootLoggerAction - Setting level of ROOT logger to WARN
13:20:32,728 |-INFO in ch.qos.logback.core.joran.action.AppenderRefAction - Attaching appender named [STDOUT] to Logger[ROOT]
13:20:32,728 |-INFO in ch.qos.logback.classic.joran.action.ConfigurationAction - End of configuration.
13:20:32,729 |-INFO in ch.qos.logback.classic.joran.JoranConfigurator@19fb8826 - Registering current configuration as safe fallback point

Running test newBook
13:20:33,035 |-INFO in ch.qos.logback.classic.LoggerContext[default] - Could NOT find resource [logback-test.xml]
13:20:33,036 |-INFO in ch.qos.logback.classic.LoggerContext[default] - Found resource [logback.xml] at [file:/home/runner/work/key/key/key.core/build/resources/test/logback.xml]
13:20:33,164 |-INFO in ch.qos.logback.classic.joran.action.ConfigurationAction - debug attribute not set
13:20:33,165 |-INFO in ch.qos.logback.core.joran.action.AppenderAction - About to instantiate appender of type [ch.qos.logback.core.ConsoleAppender]
13:20:33,182 |-INFO in ch.qos.logback.core.joran.action.AppenderAction - Naming appender as [STDOUT]
13:20:33,187 |-ERROR in ch.qos.logback.core.joran.spi.Interpreter@3:15 - no applicable action for [file], current ElementPath  is [[configuration][appender][file]]
13:20:33,187 |-ERROR in ch.qos.logback.core.joran.spi.Interpreter@4:17 - no applicable action for [append], current ElementPath  is [[configuration][appender][append]]
13:20:33,188 |-INFO in ch.qos.logback.core.joran.action.NestedComplexPropertyIA - Assuming default type [ch.qos.logback.classic.encoder.PatternLayoutEncoder] for [encoder] property
13:20:33,212 |-INFO in ch.qos.logback.classic.joran.action.RootLoggerAction - Setting level of ROOT logger to WARN
13:20:33,212 |-INFO in ch.qos.logback.core.joran.action.AppenderRefAction - Attaching appender named [STDOUT] to Logger[ROOT]
13:20:33,213 |-INFO in ch.qos.logback.classic.joran.action.ConfigurationAction - End of configuration.
13:20:33,215 |-INFO in ch.qos.logback.classic.joran.JoranConfigurator@29176cc1 - Registering current configuration as safe fallback point

332        WARN  main            d.u.i.k.s.ProofSettings   No proof-settings could be loaded, using defaults java.io.FileNotFoundException: /home/runner/.key/proof-settings.props (No such file or directory)
	at java.base/java.io.FileInputStream.open0(Native Method)

Returning from test newBook
Running test oldBook
13:21:43,275 |-INFO in ch.qos.logback.classic.LoggerContext[default] - Could NOT find resource [logback-test.xml]
13:21:43,276 |-INFO in ch.qos.logback.classic.LoggerContext[default] - Found resource [logback.xml] at [file:/home/runner/work/key/key/key.core/build/resources/test/logback.xml]
13:21:43,389 |-INFO in ch.qos.logback.classic.joran.action.ConfigurationAction - debug attribute not set
13:21:43,389 |-INFO in ch.qos.logback.core.joran.action.AppenderAction - About to instantiate appender of type [ch.qos.logback.core.ConsoleAppender]
13:21:43,403 |-INFO in ch.qos.logback.core.joran.action.AppenderAction - Naming appender as [STDOUT]
13:21:43,408 |-ERROR in ch.qos.logback.core.joran.spi.Interpreter@3:15 - no applicable action for [file], current ElementPath  is [[configuration][appender][file]]
13:21:43,408 |-ERROR in ch.qos.logback.core.joran.spi.Interpreter@4:17 - no applicable action for [append], current ElementPath  is [[configuration][appender][append]]
13:21:43,410 |-INFO in ch.qos.logback.core.joran.action.NestedComplexPropertyIA - Assuming default type [ch.qos.logback.classic.encoder.PatternLayoutEncoder] for [encoder] property
13:21:43,434 |-INFO in ch.qos.logback.classic.joran.action.RootLoggerAction - Setting level of ROOT logger to WARN
13:21:43,434 |-INFO in ch.qos.logback.core.joran.action.AppenderRefAction - Attaching appender named [STDOUT] to Logger[ROOT]
13:21:43,434 |-INFO in ch.qos.logback.classic.joran.action.ConfigurationAction - End of configuration.
13:21:43,436 |-INFO in ch.qos.logback.classic.joran.JoranConfigurator@2f177a4b - Registering current configuration as safe fallback point

358        WARN  main            d.u.i.k.s.ProofSettings   The settings in /home/runner/.key/proof-settings.props are *not* read. 
Returning from test oldBook
Running test comprehensions
13:22:04,356 |-INFO in ch.qos.logback.classic.LoggerContext[default] - Could NOT find resource [logback-test.xml]
13:22:04,357 |-INFO in ch.qos.logback.classic.LoggerContext[default] - Found resource [logback.xml] at [file:/home/runner/work/key/key/key.core/build/resources/test/logback.xml]
13:22:04,482 |-INFO in ch.qos.logback.classic.joran.action.ConfigurationAction - debug attribute not set
13:22:04,483 |-INFO in ch.qos.logback.core.joran.action.AppenderAction - About to instantiate appender of type [ch.qos.logback.core.ConsoleAppender]
13:22:04,496 |-INFO in ch.qos.logback.core.joran.action.AppenderAction - Naming appender as [STDOUT]
13:22:04,502 |-ERROR in ch.qos.logback.core.joran.spi.Interpreter@3:15 - no applicable action for [file], current ElementPath  is [[configuration][appender][file]]
13:22:04,502 |-ERROR in ch.qos.logback.core.joran.spi.Interpreter@4:17 - no applicable action for [append], current ElementPath  is [[configuration][appender][append]]
13:22:04,503 |-INFO in ch.qos.logback.core.joran.action.NestedComplexPropertyIA - Assuming default type [ch.qos.logback.classic.encoder.PatternLayoutEncoder] for [encoder] property
13:22:04,527 |-INFO in ch.qos.logback.classic.joran.action.RootLoggerAction - Setting level of ROOT logger to WARN
13:22:04,527 |-INFO in ch.qos.logback.core.joran.action.AppenderRefAction - Attaching appender named [STDOUT] to Logger[ROOT]
13:22:04,528 |-INFO in ch.qos.logback.classic.joran.action.ConfigurationAction - End of configuration.
13:22:04,530 |-INFO in ch.qos.logback.classic.joran.JoranConfigurator@29176cc1 - Registering current configuration as safe fallback point

330        WARN  main            d.u.i.k.s.ProofSettings   The settings in /home/runner/.key/proof-settings.props are *not* read. 
Returning from test comprehensions
Running test performance
13:23:29,969 |-INFO in ch.qos.logback.classic.LoggerContext[default] - Could NOT find resource [logback-test.xml]
13:23:29,970 |-INFO in ch.qos.logback.classic.LoggerContext[default] - Found resource [logback.xml] at [file:/home/runner/work/key/key/key.core/build/resources/test/logback.xml]
13:23:30,091 |-INFO in ch.qos.logback.classic.joran.action.ConfigurationAction - debug attribute not set
13:23:30,091 |-INFO in ch.qos.logback.core.joran.action.AppenderAction - About to instantiate appender of type [ch.qos.logback.core.ConsoleAppender]
13:23:30,103 |-INFO in ch.qos.logback.core.joran.action.AppenderAction - Naming appender as [STDOUT]
13:23:30,113 |-ERROR in ch.qos.logback.core.joran.spi.Interpreter@3:15 - no applicable action for [file], current ElementPath  is [[configuration][appender][file]]
13:23:30,113 |-ERROR in ch.qos.logback.core.joran.spi.Interpreter@4:17 - no applicable action for [append], current ElementPath  is [[configuration][appender][append]]
13:23:30,115 |-INFO in ch.qos.logback.core.joran.action.NestedComplexPropertyIA - Assuming default type [ch.qos.logback.classic.encoder.PatternLayoutEncoder] for [encoder] property
13:23:30,139 |-INFO in ch.qos.logback.classic.joran.action.RootLoggerAction - Setting level of ROOT logger to WARN
13:23:30,139 |-INFO in ch.qos.logback.core.joran.action.AppenderRefAction - Attaching appender named [STDOUT] to Logger[ROOT]
13:23:30,140 |-INFO in ch.qos.logback.classic.joran.action.ConfigurationAction - End of configuration.
13:23:30,144 |-INFO in ch.qos.logback.classic.joran.JoranConfigurator@29176cc1 - Registering current configuration as safe fallback point

365        WARN  main            d.u.i.k.s.ProofSettings   The settings in /home/runner/.key/proof-settings.props are *not* read. 
Returning from test performance
Running test performancePOConstruction
13:28:21,871 |-INFO in ch.qos.logback.classic.LoggerContext[default] - Could NOT find resource [logback-test.xml]
13:28:21,871 |-INFO in ch.qos.logback.classic.LoggerContext[default] - Found resource [logback.xml] at [file:/home/runner/work/key/key/key.core/build/resources/test/logback.xml]
13:28:22,002 |-INFO in ch.qos.logback.classic.joran.action.ConfigurationAction - debug attribute not set
13:28:22,002 |-INFO in ch.qos.logback.core.joran.action.AppenderAction - About to instantiate appender of type [ch.qos.logback.core.ConsoleAppender]
13:28:22,018 |-INFO in ch.qos.logback.core.joran.action.AppenderAction - Naming appender as [STDOUT]
13:28:22,023 |-ERROR in ch.qos.logback.core.joran.spi.Interpreter@3:15 - no applicable action for [file], current ElementPath  is [[configuration][appender][file]]
13:28:22,024 |-ERROR in ch.qos.logback.core.joran.spi.Interpreter@4:17 - no applicable action for [append], current ElementPath  is [[configuration][appender][append]]
13:28:22,025 |-INFO in ch.qos.logback.core.joran.action.NestedComplexPropertyIA - Assuming default type [ch.qos.logback.classic.encoder.PatternLayoutEncoder] for [encoder] property
13:28:22,049 |-INFO in ch.qos.logback.classic.joran.action.RootLoggerAction - Setting level of ROOT logger to WARN
13:28:22,049 |-INFO in ch.qos.logback.core.joran.action.AppenderRefAction - Attaching appender named [STDOUT] to Logger[ROOT]
13:28:22,050 |-INFO in ch.qos.logback.classic.joran.action.ConfigurationAction - End of configuration.
13:28:22,051 |-INFO in ch.qos.logback.classic.joran.JoranConfigurator@29176cc1 - Registering current configuration as safe fallback point

328        WARN  main            d.u.i.k.s.ProofSettings   The settings in /home/runner/.key/proof-settings.props are *not* read. 
Returning from test performancePOConstruction
Running test applicationRestrictions
13:29:55,984 |-INFO in ch.qos.logback.classic.LoggerContext[default] - Could NOT find resource [logback-test.xml]
13:29:55,985 |-INFO in ch.qos.logback.classic.LoggerContext[default] - Found resource [logback.xml] at [file:/home/runner/work/key/key/key.core/build/resources/test/logback.xml]
13:29:56,113 |-INFO in ch.qos.logback.classic.joran.action.ConfigurationAction - debug attribute not set
13:29:56,113 |-INFO in ch.qos.logback.core.joran.action.AppenderAction - About to instantiate appender of type [ch.qos.logback.core.ConsoleAppender]
13:29:56,131 |-INFO in ch.qos.logback.core.joran.action.AppenderAction - Naming appender as [STDOUT]
13:29:56,136 |-ERROR in ch.qos.logback.core.joran.spi.Interpreter@3:15 - no applicable action for [file], current ElementPath  is [[configuration][appender][file]]
13:29:56,137 |-ERROR in ch.qos.logback.core.joran.spi.Interpreter@4:17 - no applicable action for [append], current ElementPath  is [[configuration][appender][append]]
13:29:56,138 |-INFO in ch.qos.logback.core.joran.action.NestedComplexPropertyIA - Assuming default type [ch.qos.logback.classic.encoder.PatternLayoutEncoder] for [encoder] property
13:29:56,164 |-INFO in ch.qos.logback.classic.joran.action.RootLoggerAction - Setting level of ROOT logger to WARN
13:29:56,164 |-INFO in ch.qos.logback.core.joran.action.AppenderRefAction - Attaching appender named [STDOUT] to Logger[ROOT]
13:29:56,165 |-INFO in ch.qos.logback.classic.joran.action.ConfigurationAction - End of configuration.
13:29:56,167 |-INFO in ch.qos.logback.classic.joran.JoranConfigurator@29176cc1 - Registering current configuration as safe fallback point

355        WARN  main            d.u.i.k.s.ProofSettings   The settings in /home/runner/.key/proof-settings.props are *not* read. 
Returning from test applicationRestrictions
Running test blockContracts
13:30:59,752 |-INFO in ch.qos.logback.classic.LoggerContext[default] - Could NOT find resource [logback-test.xml]
13:30:59,753 |-INFO in ch.qos.logback.classic.LoggerContext[default] - Found resource [logback.xml] at [file:/home/runner/work/key/key/key.core/build/resources/test/logback.xml]
13:30:59,887 |-INFO in ch.qos.logback.classic.joran.action.ConfigurationAction - debug attribute not set
13:30:59,889 |-INFO in ch.qos.logback.core.joran.action.AppenderAction - About to instantiate appender of type [ch.qos.logback.core.ConsoleAppender]
13:30:59,901 |-INFO in ch.qos.logback.core.joran.action.AppenderAction - Naming appender as [STDOUT]
13:30:59,906 |-ERROR in ch.qos.logback.core.joran.spi.Interpreter@3:15 - no applicable action for [file], current ElementPath  is [[configuration][appender][file]]
13:30:59,906 |-ERROR in ch.qos.logback.core.joran.spi.Interpreter@4:17 - no applicable action for [append], current ElementPath  is [[configuration][appender][append]]
13:30:59,908 |-INFO in ch.qos.logback.core.joran.action.NestedComplexPropertyIA - Assuming default type [ch.qos.logback.classic.encoder.PatternLayoutEncoder] for [encoder] property
13:30:59,931 |-INFO in ch.qos.logback.classic.joran.action.RootLoggerAction - Setting level of ROOT logger to WARN
13:30:59,931 |-INFO in ch.qos.logback.core.joran.action.AppenderRefAction - Attaching appender named [STDOUT] to Logger[ROOT]
13:30:59,932 |-INFO in ch.qos.logback.classic.joran.action.ConfigurationAction - End of configuration.
13:30:59,934 |-INFO in ch.qos.logback.classic.joran.JoranConfigurator@29176cc1 - Registering current configuration as safe fallback point

328        WARN  main            d.u.i.k.s.ProofSettings   The settings in /home/runner/.key/proof-settings.props are *not* read. 
Returning from test blockContracts
Running test jmlAsserts
13:33:52,159 |-INFO in ch.qos.logback.classic.LoggerContext[default] - Could NOT find resource [logback-test.xml]
13:33:52,160 |-INFO in ch.qos.logback.classic.LoggerContext[default] - Found resource [logback.xml] at [file:/home/runner/work/key/key/key.core/build/resources/test/logback.xml]
13:33:52,287 |-INFO in ch.qos.logback.classic.joran.action.ConfigurationAction - debug attribute not set
13:33:52,287 |-INFO in ch.qos.logback.core.joran.action.AppenderAction - About to instantiate appender of type [ch.qos.logback.core.ConsoleAppender]
13:33:52,301 |-INFO in ch.qos.logback.core.joran.action.AppenderAction - Naming appender as [STDOUT]
13:33:52,306 |-ERROR in ch.qos.logback.core.joran.spi.Interpreter@3:15 - no applicable action for [file], current ElementPath  is [[configuration][appender][file]]
13:33:52,306 |-ERROR in ch.qos.logback.core.joran.spi.Interpreter@4:17 - no applicable action for [append], current ElementPath  is [[configuration][appender][append]]
13:33:52,307 |-INFO in ch.qos.logback.core.joran.action.NestedComplexPropertyIA - Assuming default type [ch.qos.logback.classic.encoder.PatternLayoutEncoder] for [encoder] property
13:33:52,330 |-INFO in ch.qos.logback.classic.joran.action.RootLoggerAction - Setting level of ROOT logger to WARN
13:33:52,330 |-INFO in ch.qos.logback.core.joran.action.AppenderRefAction - Attaching appender named [STDOUT] to Logger[ROOT]
13:33:52,331 |-INFO in ch.qos.logback.classic.joran.action.ConfigurationAction - End of configuration.
13:33:52,333 |-INFO in ch.qos.logback.classic.joran.JoranConfigurator@29176cc1 - Registering current configuration as safe fallback point

329        WARN  main            d.u.i.k.s.ProofSettings   The settings in /home/runner/.key/proof-settings.props are *not* read. 
Returning from test jmlAsserts
Running test javaCard
13:35:46,701 |-INFO in ch.qos.logback.classic.LoggerContext[default] - Could NOT find resource [logback-test.xml]
13:35:46,709 |-INFO in ch.qos.logback.classic.LoggerContext[default] - Found resource [logback.xml] at [file:/home/runner/work/key/key/key.core/build/resources/test/logback.xml]
13:35:46,838 |-INFO in ch.qos.logback.classic.joran.action.ConfigurationAction - debug attribute not set
13:35:46,839 |-INFO in ch.qos.logback.core.joran.action.AppenderAction - About to instantiate appender of type [ch.qos.logback.core.ConsoleAppender]
13:35:46,854 |-INFO in ch.qos.logback.core.joran.action.AppenderAction - Naming appender as [STDOUT]
13:35:46,859 |-ERROR in ch.qos.logback.core.joran.spi.Interpreter@3:15 - no applicable action for [file], current ElementPath  is [[configuration][appender][file]]
13:35:46,859 |-ERROR in ch.qos.logback.core.joran.spi.Interpreter@4:17 - no applicable action for [append], current ElementPath  is [[configuration][appender][append]]
13:35:46,861 |-INFO in ch.qos.logback.core.joran.action.NestedComplexPropertyIA - Assuming default type [ch.qos.logback.classic.encoder.PatternLayoutEncoder] for [encoder] property
13:35:46,885 |-INFO in ch.qos.logback.classic.joran.action.RootLoggerAction - Setting level of ROOT logger to WARN
13:35:46,885 |-INFO in ch.qos.logback.core.joran.action.AppenderRefAction - Attaching appender named [STDOUT] to Logger[ROOT]
13:35:46,885 |-INFO in ch.qos.logback.classic.joran.action.ConfigurationAction - End of configuration.
13:35:46,887 |-INFO in ch.qos.logback.classic.joran.JoranConfigurator@29176cc1 - Registering current configuration as safe fallback point

329        WARN  main            d.u.i.k.s.ProofSettings   The settings in /home/runner/.key/proof-settings.props are *not* read. 
Returning from test javaCard
Running test project.key
13:36:26,106 |-INFO in ch.qos.logback.classic.LoggerContext[default] - Could NOT find resource [logback-test.xml]
13:36:26,107 |-INFO in ch.qos.logback.classic.LoggerContext[default] - Found resource [logback.xml] at [file:/home/runner/work/key/key/key.core/build/resources/test/logback.xml]
13:36:26,245 |-INFO in ch.qos.logback.classic.joran.action.ConfigurationAction - debug attribute not set
13:36:26,246 |-INFO in ch.qos.logback.core.joran.action.AppenderAction - About to instantiate appender of type [ch.qos.logback.core.ConsoleAppender]
13:36:26,259 |-INFO in ch.qos.logback.core.joran.action.AppenderAction - Naming appender as [STDOUT]
13:36:26,269 |-ERROR in ch.qos.logback.core.joran.spi.Interpreter@3:15 - no applicable action for [file], current ElementPath  is [[configuration][appender][file]]
13:36:26,270 |-ERROR in ch.qos.logback.core.joran.spi.Interpreter@4:17 - no applicable action for [append], current ElementPath  is [[configuration][appender][append]]
13:36:26,271 |-INFO in ch.qos.logback.core.joran.action.NestedComplexPropertyIA - Assuming default type [ch.qos.logback.classic.encoder.PatternLayoutEncoder] for [encoder] property
13:36:26,309 |-INFO in ch.qos.logback.classic.joran.action.RootLoggerAction - Setting level of ROOT logger to WARN
13:36:26,309 |-INFO in ch.qos.logback.core.joran.action.AppenderRefAction - Attaching appender named [STDOUT] to Logger[ROOT]
13:36:26,309 |-INFO in ch.qos.logback.classic.joran.action.ConfigurationAction - End of configuration.
13:36:26,311 |-INFO in ch.qos.logback.classic.joran.JoranConfigurator@29176cc1 - Registering current configuration as safe fallback point

342        WARN  main            d.u.i.k.s.ProofSettings   The settings in /home/runner/.key/proof-settings.props are *not* read. 
Returning from test project.key
Running test project.key#1
13:37:09,163 |-INFO in ch.qos.logback.classic.LoggerContext[default] - Could NOT find resource [logback-test.xml]
13:37:09,164 |-INFO in ch.qos.logback.classic.LoggerContext[default] - Found resource [logback.xml] at [file:/home/runner/work/key/key/key.core/build/resources/test/logback.xml]
13:37:09,286 |-INFO in ch.qos.logback.classic.joran.action.ConfigurationAction - debug attribute not set
13:37:09,287 |-INFO in ch.qos.logback.core.joran.action.AppenderAction - About to instantiate appender of type [ch.qos.logback.core.ConsoleAppender]
13:37:09,307 |-INFO in ch.qos.logback.core.joran.action.AppenderAction - Naming appender as [STDOUT]
13:37:09,312 |-ERROR in ch.qos.logback.core.joran.spi.Interpreter@3:15 - no applicable action for [file], current ElementPath  is [[configuration][appender][file]]
13:37:09,312 |-ERROR in ch.qos.logback.core.joran.spi.Interpreter@4:17 - no applicable action for [append], current ElementPath  is [[configuration][appender][append]]
13:37:09,314 |-INFO in ch.qos.logback.core.joran.action.NestedComplexPropertyIA - Assuming default type [ch.qos.logback.classic.encoder.PatternLayoutEncoder] for [encoder] property
13:37:09,339 |-INFO in ch.qos.logback.classic.joran.action.RootLoggerAction - Setting level of ROOT logger to WARN
13:37:09,339 |-INFO in ch.qos.logback.core.joran.action.AppenderRefAction - Attaching appender named [STDOUT] to Logger[ROOT]
13:37:09,339 |-INFO in ch.qos.logback.classic.joran.action.ConfigurationAction - End of configuration.
13:37:09,341 |-INFO in ch.qos.logback.classic.joran.JoranConfigurator@29176cc1 - Registering current configuration as safe fallback point

329        WARN  main            d.u.i.k.s.ProofSettings   The settings in /home/runner/.key/proof-settings.props are *not* read. 
Returning from test project.key#1
Running test lcp.key
13:37:26,522 |-INFO in ch.qos.logback.classic.LoggerContext[default] - Could NOT find resource [logback-test.xml]
13:37:26,526 |-INFO in ch.qos.logback.classic.LoggerContext[default] - Found resource [logback.xml] at [file:/home/runner/work/key/key/key.core/build/resources/test/logback.xml]
13:37:26,657 |-INFO in ch.qos.logback.classic.joran.action.ConfigurationAction - debug attribute not set
13:37:26,658 |-INFO in ch.qos.logback.core.joran.action.AppenderAction - About to instantiate appender of type [ch.qos.logback.core.ConsoleAppender]
13:37:26,674 |-INFO in ch.qos.logback.core.joran.action.AppenderAction - Naming appender as [STDOUT]
13:37:26,680 |-ERROR in ch.qos.logback.core.joran.spi.Interpreter@3:15 - no applicable action for [file], current ElementPath  is [[configuration][appender][file]]
13:37:26,680 |-ERROR in ch.qos.logback.core.joran.spi.Interpreter@4:17 - no applicable action for [append], current ElementPath  is [[configuration][appender][append]]
13:37:26,681 |-INFO in ch.qos.logback.core.joran.action.NestedComplexPropertyIA - Assuming default type [ch.qos.logback.classic.encoder.PatternLayoutEncoder] for [encoder] property
13:37:26,704 |-INFO in ch.qos.logback.classic.joran.action.RootLoggerAction - Setting level of ROOT logger to WARN
13:37:26,704 |-INFO in ch.qos.logback.core.joran.action.AppenderRefAction - Attaching appender named [STDOUT] to Logger[ROOT]
13:37:26,705 |-INFO in ch.qos.logback.classic.joran.action.ConfigurationAction - End of configuration.
13:37:26,707 |-INFO in ch.qos.logback.classic.joran.JoranConfigurator@29176cc1 - Registering current configuration as safe fallback point

355        WARN  main            d.u.i.k.s.ProofSettings   The settings in /home/runner/.key/proof-settings.props are *not* read. 
Returning from test lcp.key
Running test project.key#2
13:37:46,485 |-INFO in ch.qos.logback.classic.LoggerContext[default] - Could NOT find resource [logback-test.xml]
13:37:46,486 |-INFO in ch.qos.logback.classic.LoggerContext[default] - Found resource [logback.xml] at [file:/home/runner/work/key/key/key.core/build/resources/test/logback.xml]
13:37:46,610 |-INFO in ch.qos.logback.classic.joran.action.ConfigurationAction - debug attribute not set
13:37:46,611 |-INFO in ch.qos.logback.core.joran.action.AppenderAction - About to instantiate appender of type [ch.qos.logback.core.ConsoleAppender]
13:37:46,625 |-INFO in ch.qos.logback.core.joran.action.AppenderAction - Naming appender as [STDOUT]
13:37:46,630 |-ERROR in ch.qos.logback.core.joran.spi.Interpreter@3:15 - no applicable action for [file], current ElementPath  is [[configuration][appender][file]]
13:37:46,631 |-ERROR in ch.qos.logback.core.joran.spi.Interpreter@4:17 - no applicable action for [append], current ElementPath  is [[configuration][appender][append]]
13:37:46,632 |-INFO in ch.qos.logback.core.joran.action.NestedComplexPropertyIA - Assuming default type [ch.qos.logback.classic.encoder.PatternLayoutEncoder] for [encoder] property
13:37:46,661 |-INFO in ch.qos.logback.classic.joran.action.RootLoggerAction - Setting level of ROOT logger to WARN
13:37:46,661 |-INFO in ch.qos.logback.core.joran.action.AppenderRefAction - Attaching appender named [STDOUT] to Logger[ROOT]
13:37:46,661 |-INFO in ch.qos.logback.classic.joran.action.ConfigurationAction - End of configuration.
13:37:46,663 |-INFO in ch.qos.logback.classic.joran.JoranConfigurator@29176cc1 - Registering current configuration as safe fallback point

352        WARN  main            d.u.i.k.s.ProofSettings   The settings in /home/runner/.key/proof-settings.props are *not* read. 
Returning from test project.key#2
Running test ArrayList_contains.key
13:38:10,058 |-INFO in ch.qos.logback.classic.LoggerContext[default] - Could NOT find resource [logback-test.xml]
13:38:10,059 |-INFO in ch.qos.logback.classic.LoggerContext[default] - Found resource [logback.xml] at [file:/home/runner/work/key/key/key.core/build/resources/test/logback.xml]
13:38:10,203 |-INFO in ch.qos.logback.classic.joran.action.ConfigurationAction - debug attribute not set
13:38:10,204 |-INFO in ch.qos.logback.core.joran.action.AppenderAction - About to instantiate appender of type [ch.qos.logback.core.ConsoleAppender]
13:38:10,222 |-INFO in ch.qos.logback.core.joran.action.AppenderAction - Naming appender as [STDOUT]
13:38:10,227 |-ERROR in ch.qos.logback.core.joran.spi.Interpreter@3:15 - no applicable action for [file], current ElementPath  is [[configuration][appender][file]]
13:38:10,227 |-ERROR in ch.qos.logback.core.joran.spi.Interpreter@4:17 - no applicable action for [append], current ElementPath  is [[configuration][appender][append]]
13:38:10,229 |-INFO in ch.qos.logback.core.joran.action.NestedComplexPropertyIA - Assuming default type [ch.qos.logback.classic.encoder.PatternLayoutEncoder] for [encoder] property
13:38:10,251 |-INFO in ch.qos.logback.classic.joran.action.RootLoggerAction - Setting level of ROOT logger to WARN
13:38:10,251 |-INFO in ch.qos.logback.core.joran.action.AppenderRefAction - Attaching appender named [STDOUT] to Logger[ROOT]
13:38:10,252 |-INFO in ch.qos.logback.classic.joran.action.ConfigurationAction - End of configuration.
13:38:10,254 |-INFO in ch.qos.logback.classic.joran.JoranConfigurator@29176cc1 - Registering current configuration as safe fallback point

334        WARN  main            d.u.i.k.s.ProofSettings   The settings in /home/runner/.key/proof-settings.props are *not* read. 
Returning from test ArrayList_contains.key
Running test ArrayList_get.key
13:38:26,001 |-INFO in ch.qos.logback.classic.LoggerContext[default] - Could NOT find resource [logback-test.xml]
13:38:26,002 |-INFO in ch.qos.logback.classic.LoggerContext[default] - Found resource [logback.xml] at [file:/home/runner/work/key/key/key.core/build/resources/test/logback.xml]
13:38:26,109 |-INFO in ch.qos.logback.classic.joran.action.ConfigurationAction - debug attribute not set
13:38:26,109 |-INFO in ch.qos.logback.core.joran.action.AppenderAction - About to instantiate appender of type [ch.qos.logback.core.ConsoleAppender]
13:38:26,120 |-INFO in ch.qos.logback.core.joran.action.AppenderAction - Naming appender as [STDOUT]
13:38:26,125 |-ERROR in ch.qos.logback.core.joran.spi.Interpreter@3:15 - no applicable action for [file], current ElementPath  is [[configuration][appender][file]]
13:38:26,126 |-ERROR in ch.qos.logback.core.joran.spi.Interpreter@4:17 - no applicable action for [append], current ElementPath  is [[configuration][appender][append]]
13:38:26,127 |-INFO in ch.qos.logback.core.joran.action.NestedComplexPropertyIA - Assuming default type [ch.qos.logback.classic.encoder.PatternLayoutEncoder] for [encoder] property
13:38:26,151 |-INFO in ch.qos.logback.classic.joran.action.RootLoggerAction - Setting level of ROOT logger to WARN
13:38:26,151 |-INFO in ch.qos.logback.core.joran.action.AppenderRefAction - Attaching appender named [STDOUT] to Logger[ROOT]
13:38:26,151 |-INFO in ch.qos.logback.classic.joran.action.ConfigurationAction - End of configuration.
13:38:26,153 |-INFO in ch.qos.logback.classic.joran.JoranConfigurator@29176cc1 - Registering current configuration as safe fallback point

309        WARN  main            d.u.i.k.s.ProofSettings   The settings in /home/runner/.key/proof-settings.props are *not* read. 
Returning from test ArrayList_get.key
Running test ArrayList_size.key
13:38:44,239 |-INFO in ch.qos.logback.classic.LoggerContext[default] - Could NOT find resource [logback-test.xml]
13:38:44,240 |-INFO in ch.qos.logback.classic.LoggerContext[default] - Found resource [logback.xml] at [file:/home/runner/work/key/key/key.core/build/resources/test/logback.xml]
13:38:44,351 |-INFO in ch.qos.logback.classic.joran.action.ConfigurationAction - debug attribute not set
13:38:44,352 |-INFO in ch.qos.logback.core.joran.action.AppenderAction - About to instantiate appender of type [ch.qos.logback.core.ConsoleAppender]
13:38:44,366 |-INFO in ch.qos.logback.core.joran.action.AppenderAction - Naming appender as [STDOUT]
13:38:44,371 |-ERROR in ch.qos.logback.core.joran.spi.Interpreter@3:15 - no applicable action for [file], current ElementPath  is [[configuration][appender][file]]
13:38:44,371 |-ERROR in ch.qos.logback.core.joran.spi.Interpreter@4:17 - no applicable action for [append], current ElementPath  is [[configuration][appender][append]]
13:38:44,372 |-INFO in ch.qos.logback.core.joran.action.NestedComplexPropertyIA - Assuming default type [ch.qos.logback.classic.encoder.PatternLayoutEncoder] for [encoder] property
13:38:44,397 |-INFO in ch.qos.logback.classic.joran.action.RootLoggerAction - Setting level of ROOT logger to WARN
13:38:44,397 |-INFO in ch.qos.logback.core.joran.action.AppenderRefAction - Attaching appender named [STDOUT] to Logger[ROOT]
13:38:44,397 |-INFO in ch.qos.logback.classic.joran.action.ConfigurationAction - End of configuration.
13:38:44,399 |-INFO in ch.qos.logback.classic.joran.JoranConfigurator@29176cc1 - Registering current configuration as safe fallback point

335        WARN  main            d.u.i.k.s.ProofSettings   The settings in /home/runner/.key/proof-settings.props are *not* read. 
Returning from test ArrayList_size.key
Running test UpdateAbstraction_ex7_3_secure.key
13:38:59,973 |-INFO in ch.qos.logback.classic.LoggerContext[default] - Could NOT find resource [logback-test.xml]
13:38:59,973 |-INFO in ch.qos.logback.classic.LoggerContext[default] - Found resource [logback.xml] at [file:/home/runner/work/key/key/key.core/build/resources/test/logback.xml]
13:39:00,094 |-INFO in ch.qos.logback.classic.joran.action.ConfigurationAction - debug attribute not set
13:39:00,095 |-INFO in ch.qos.logback.core.joran.action.AppenderAction - About to instantiate appender of type [ch.qos.logback.core.ConsoleAppender]
13:39:00,106 |-INFO in ch.qos.logback.core.joran.action.AppenderAction - Naming appender as [STDOUT]
13:39:00,111 |-ERROR in ch.qos.logback.core.joran.spi.Interpreter@3:15 - no applicable action for [file], current ElementPath  is [[configuration][appender][file]]
13:39:00,111 |-ERROR in ch.qos.logback.core.joran.spi.Interpreter@4:17 - no applicable action for [append], current ElementPath  is [[configuration][appender][append]]
13:39:00,112 |-INFO in ch.qos.logback.core.joran.action.NestedComplexPropertyIA - Assuming default type [ch.qos.logback.classic.encoder.PatternLayoutEncoder] for [encoder] property
13:39:00,136 |-INFO in ch.qos.logback.classic.joran.action.RootLoggerAction - Setting level of ROOT logger to WARN
13:39:00,136 |-INFO in ch.qos.logback.core.joran.action.AppenderRefAction - Attaching appender named [STDOUT] to Logger[ROOT]
13:39:00,136 |-INFO in ch.qos.logback.classic.joran.action.ConfigurationAction - End of configuration.
13:39:00,138 |-INFO in ch.qos.logback.classic.joran.JoranConfigurator@29176cc1 - Registering current configuration as safe fallback point

338        WARN  main            d.u.i.k.s.ProofSettings   The settings in /home/runner/.key/proof-settings.props are *not* read. 
Returning from test UpdateAbstraction_ex7_3_secure.key
Running test UpdateAbstraction_ex7_4_secure.key
13:39:15,779 |-INFO in ch.qos.logback.classic.LoggerContext[default] - Could NOT find resource [logback-test.xml]
13:39:15,780 |-INFO in ch.qos.logback.classic.LoggerContext[default] - Found resource [logback.xml] at [file:/home/runner/work/key/key/key.core/build/resources/test/logback.xml]
13:39:15,902 |-INFO in ch.qos.logback.classic.joran.action.ConfigurationAction - debug attribute not set
13:39:15,902 |-INFO in ch.qos.logback.core.joran.action.AppenderAction - About to instantiate appender of type [ch.qos.logback.core.ConsoleAppender]
13:39:15,919 |-INFO in ch.qos.logback.core.joran.action.AppenderAction - Naming appender as [STDOUT]
13:39:15,924 |-ERROR in ch.qos.logback.core.joran.spi.Interpreter@3:15 - no applicable action for [file], current ElementPath  is [[configuration][appender][file]]
13:39:15,924 |-ERROR in ch.qos.logback.core.joran.spi.Interpreter@4:17 - no applicable action for [append], current ElementPath  is [[configuration][appender][append]]
13:39:15,935 |-INFO in ch.qos.logback.core.joran.action.NestedComplexPropertyIA - Assuming default type [ch.qos.logback.classic.encoder.PatternLayoutEncoder] for [encoder] property
13:39:15,979 |-INFO in ch.qos.logback.classic.joran.action.RootLoggerAction - Setting level of ROOT logger to WARN
13:39:15,980 |-INFO in ch.qos.logback.core.joran.action.AppenderRefAction - Attaching appender named [STDOUT] to Logger[ROOT]
13:39:15,980 |-INFO in ch.qos.logback.classic.joran.action.ConfigurationAction - End of configuration.
13:39:15,982 |-INFO in ch.qos.logback.classic.joran.JoranConfigurator@29176cc1 - Registering current configuration as safe fallback point

357        WARN  main            d.u.i.k.s.ProofSettings   The settings in /home/runner/.key/proof-settings.props are *not* read. 
Returning from test UpdateAbstraction_ex7_4_secure.key
Running test UpdateAbstraction_ex7_5_secure.key
13:39:31,674 |-INFO in ch.qos.logback.classic.LoggerContext[default] - Could NOT find resource [logback-test.xml]
13:39:31,675 |-INFO in ch.qos.logback.classic.LoggerContext[default] - Found resource [logback.xml] at [file:/home/runner/work/key/key/key.core/build/resources/test/logback.xml]
13:39:31,792 |-INFO in ch.qos.logback.classic.joran.action.ConfigurationAction - debug attribute not set
13:39:31,793 |-INFO in ch.qos.logback.core.joran.action.AppenderAction - About to instantiate appender of type [ch.qos.logback.core.ConsoleAppender]
13:39:31,808 |-INFO in ch.qos.logback.core.joran.action.AppenderAction - Naming appender as [STDOUT]
13:39:31,814 |-ERROR in ch.qos.logback.core.joran.spi.Interpreter@3:15 - no applicable action for [file], current ElementPath  is [[configuration][appender][file]]
13:39:31,814 |-ERROR in ch.qos.logback.core.joran.spi.Interpreter@4:17 - no applicable action for [append], current ElementPath  is [[configuration][appender][append]]
13:39:31,815 |-INFO in ch.qos.logback.core.joran.action.NestedComplexPropertyIA - Assuming default type [ch.qos.logback.classic.encoder.PatternLayoutEncoder] for [encoder] property
13:39:31,839 |-INFO in ch.qos.logback.classic.joran.action.RootLoggerAction - Setting level of ROOT logger to WARN
13:39:31,840 |-INFO in ch.qos.logback.core.joran.action.AppenderRefAction - Attaching appender named [STDOUT] to Logger[ROOT]
13:39:31,840 |-INFO in ch.qos.logback.classic.joran.action.ConfigurationAction - End of configuration.
13:39:31,842 |-INFO in ch.qos.logback.classic.joran.JoranConfigurator@29176cc1 - Registering current configuration as safe fallback point

336        WARN  main            d.u.i.k.s.ProofSettings   The settings in /home/runner/.key/proof-settings.props are *not* read. 
Returning from test UpdateAbstraction_ex7_5_secure.key
Running test UpdateAbstraction_ex7_6_secure.key
13:39:46,772 |-INFO in ch.qos.logback.classic.LoggerContext[default] - Could NOT find resource [logback-test.xml]
13:39:46,773 |-INFO in ch.qos.logback.classic.LoggerContext[default] - Found resource [logback.xml] at [file:/home/runner/work/key/key/key.core/build/resources/test/logback.xml]
13:39:46,913 |-INFO in ch.qos.logback.classic.joran.action.ConfigurationAction - debug attribute not set
13:39:46,913 |-INFO in ch.qos.logback.core.joran.action.AppenderAction - About to instantiate appender of type [ch.qos.logback.core.ConsoleAppender]
13:39:46,931 |-INFO in ch.qos.logback.core.joran.action.AppenderAction - Naming appender as [STDOUT]
13:39:46,939 |-ERROR in ch.qos.logback.core.joran.spi.Interpreter@3:15 - no applicable action for [file], current ElementPath  is [[configuration][appender][file]]
13:39:46,940 |-ERROR in ch.qos.logback.core.joran.spi.Interpreter@4:17 - no applicable action for [append], current ElementPath  is [[configuration][appender][append]]
13:39:46,941 |-INFO in ch.qos.logback.core.joran.action.NestedComplexPropertyIA - Assuming default type [ch.qos.logback.classic.encoder.PatternLayoutEncoder] for [encoder] property
13:39:46,971 |-INFO in ch.qos.logback.classic.joran.action.RootLoggerAction - Setting level of ROOT logger to WARN
13:39:46,971 |-INFO in ch.qos.logback.core.joran.action.AppenderRefAction - Attaching appender named [STDOUT] to Logger[ROOT]
13:39:46,971 |-INFO in ch.qos.logback.classic.joran.action.ConfigurationAction - End of configuration.
13:39:46,973 |-INFO in ch.qos.logback.classic.joran.JoranConfigurator@2f177a4b - Registering current configuration as safe fallback point

362        WARN  main            d.u.i.k.s.ProofSettings   The settings in /home/runner/.key/proof-settings.props are *not* read. 
Returning from test UpdateAbstraction_ex7_6_secure.key
Running test UpdateAbstraction_ex9_secure.key
13:40:04,037 |-INFO in ch.qos.logback.classic.LoggerContext[default] - Could NOT find resource [logback-test.xml]
13:40:04,038 |-INFO in ch.qos.logback.classic.LoggerContext[default] - Found resource [logback.xml] at [file:/home/runner/work/key/key/key.core/build/resources/test/logback.xml]
13:40:04,173 |-INFO in ch.qos.logback.classic.joran.action.ConfigurationAction - debug attribute not set
13:40:04,174 |-INFO in ch.qos.logback.core.joran.action.AppenderAction - About to instantiate appender of type [ch.qos.logback.core.ConsoleAppender]
13:40:04,191 |-INFO in ch.qos.logback.core.joran.action.AppenderAction - Naming appender as [STDOUT]
13:40:04,196 |-ERROR in ch.qos.logback.core.joran.spi.Interpreter@3:15 - no applicable action for [file], current ElementPath  is [[configuration][appender][file]]
13:40:04,197 |-ERROR in ch.qos.logback.core.joran.spi.Interpreter@4:17 - no applicable action for [append], current ElementPath  is [[configuration][appender][append]]
13:40:04,198 |-INFO in ch.qos.logback.core.joran.action.NestedComplexPropertyIA - Assuming default type [ch.qos.logback.classic.encoder.PatternLayoutEncoder] for [encoder] property
13:40:04,223 |-INFO in ch.qos.logback.classic.joran.action.RootLoggerAction - Setting level of ROOT logger to WARN
13:40:04,223 |-INFO in ch.qos.logback.core.joran.action.AppenderRefAction - Attaching appender named [STDOUT] to Logger[ROOT]
13:40:04,224 |-INFO in ch.qos.logback.classic.joran.action.ConfigurationAction - End of configuration.
13:40:04,226 |-INFO in ch.qos.logback.classic.joran.JoranConfigurator@29176cc1 - Registering current configuration as safe fallback point

353        WARN  main            d.u.i.k.s.ProofSettings   The settings in /home/runner/.key/proof-settings.props are *not* read. 
Returning from test UpdateAbstraction_ex9_secure.key
Running test list
13:40:21,915 |-INFO in ch.qos.logback.classic.LoggerContext[default] - Could NOT find resource [logback-test.xml]
13:40:21,921 |-INFO in ch.qos.logback.classic.LoggerContext[default] - Found resource [logback.xml] at [file:/home/runner/work/key/key/key.core/build/resources/test/logback.xml]
13:40:22,043 |-INFO in ch.qos.logback.classic.joran.action.ConfigurationAction - debug attribute not set
13:40:22,043 |-INFO in ch.qos.logback.core.joran.action.AppenderAction - About to instantiate appender of type [ch.qos.logback.core.ConsoleAppender]
13:40:22,057 |-INFO in ch.qos.logback.core.joran.action.AppenderAction - Naming appender as [STDOUT]
13:40:22,062 |-ERROR in ch.qos.logback.core.joran.spi.Interpreter@3:15 - no applicable action for [file], current ElementPath  is [[configuration][appender][file]]
13:40:22,062 |-ERROR in ch.qos.logback.core.joran.spi.Interpreter@4:17 - no applicable action for [append], current ElementPath  is [[configuration][appender][append]]
13:40:22,064 |-INFO in ch.qos.logback.core.joran.action.NestedComplexPropertyIA - Assuming default type [ch.qos.logback.classic.encoder.PatternLayoutEncoder] for [encoder] property
13:40:22,087 |-INFO in ch.qos.logback.classic.joran.action.RootLoggerAction - Setting level of ROOT logger to WARN
13:40:22,087 |-INFO in ch.qos.logback.core.joran.action.AppenderRefAction - Attaching appender named [STDOUT] to Logger[ROOT]
13:40:22,087 |-INFO in ch.qos.logback.classic.joran.action.ConfigurationAction - End of configuration.
13:40:22,089 |-INFO in ch.qos.logback.classic.joran.JoranConfigurator@29176cc1 - Registering current configuration as safe fallback point

332        WARN  main            d.u.i.k.s.ProofSettings   The settings in /home/runner/.key/proof-settings.props are *not* read. 
Returning from test list
Running test list_ghost
13:45:46,653 |-INFO in ch.qos.logback.classic.LoggerContext[default] - Could NOT find resource [logback-test.xml]
13:45:46,654 |-INFO in ch.qos.logback.classic.LoggerContext[default] - Found resource [logback.xml] at [file:/home/runner/work/key/key/key.core/build/resources/test/logback.xml]
13:45:46,771 |-INFO in ch.qos.logback.classic.joran.action.ConfigurationAction - debug attribute not set
13:45:46,771 |-INFO in ch.qos.logback.core.joran.action.AppenderAction - About to instantiate appender of type [ch.qos.logback.core.ConsoleAppender]
13:45:46,792 |-INFO in ch.qos.logback.core.joran.action.AppenderAction - Naming appender as [STDOUT]
13:45:46,798 |-ERROR in ch.qos.logback.core.joran.spi.Interpreter@3:15 - no applicable action for [file], current ElementPath  is [[configuration][appender][file]]
13:45:46,798 |-ERROR in ch.qos.logback.core.joran.spi.Interpreter@4:17 - no applicable action for [append], current ElementPath  is [[configuration][appender][append]]
13:45:46,799 |-INFO in ch.qos.logback.core.joran.action.NestedComplexPropertyIA - Assuming default type [ch.qos.logback.classic.encoder.PatternLayoutEncoder] for [encoder] property
13:45:46,825 |-INFO in ch.qos.logback.classic.joran.action.RootLoggerAction - Setting level of ROOT logger to WARN
13:45:46,825 |-INFO in ch.qos.logback.core.joran.action.AppenderRefAction - Attaching appender named [STDOUT] to Logger[ROOT]
13:45:46,825 |-INFO in ch.qos.logback.classic.joran.action.ConfigurationAction - End of configuration.
13:45:46,827 |-INFO in ch.qos.logback.classic.joran.JoranConfigurator@29176cc1 - Registering current configuration as safe fallback point

322        WARN  main            d.u.i.k.s.ProofSettings   The settings in /home/runner/.key/proof-settings.props are *not* read. 
Returning from test list_ghost
Running test list_recursive
13:47:10,624 |-INFO in ch.qos.logback.classic.LoggerContext[default] - Could NOT find resource [logback-test.xml]
13:47:10,625 |-INFO in ch.qos.logback.classic.LoggerContext[default] - Found resource [logback.xml] at [file:/home/runner/work/key/key/key.core/build/resources/test/logback.xml]
13:47:10,748 |-INFO in ch.qos.logback.classic.joran.action.ConfigurationAction - debug attribute not set
13:47:10,749 |-INFO in ch.qos.logback.core.joran.action.AppenderAction - About to instantiate appender of type [ch.qos.logback.core.ConsoleAppender]
13:47:10,770 |-INFO in ch.qos.logback.core.joran.action.AppenderAction - Naming appender as [STDOUT]
13:47:10,775 |-ERROR in ch.qos.logback.core.joran.spi.Interpreter@3:15 - no applicable action for [file], current ElementPath  is [[configuration][appender][file]]
13:47:10,775 |-ERROR in ch.qos.logback.core.joran.spi.Interpreter@4:17 - no applicable action for [append], current ElementPath  is [[configuration][appender][append]]
13:47:10,776 |-INFO in ch.qos.logback.core.joran.action.NestedComplexPropertyIA - Assuming default type [ch.qos.logback.classic.encoder.PatternLayoutEncoder] for [encoder] property
13:47:10,813 |-INFO in ch.qos.logback.classic.joran.action.RootLoggerAction - Setting level of ROOT logger to WARN
13:47:10,813 |-INFO in ch.qos.logback.core.joran.action.AppenderRefAction - Attaching appender named [STDOUT] to Logger[ROOT]
13:47:10,814 |-INFO in ch.qos.logback.classic.joran.action.ConfigurationAction - End of configuration.
13:47:10,815 |-INFO in ch.qos.logback.classic.joran.JoranConfigurator@29176cc1 - Registering current configuration as safe fallback point

356        WARN  main            d.u.i.k.s.ProofSettings   The settings in /home/runner/.key/proof-settings.props are *not* read. 
Returning from test list_recursive
Running test list_seq
13:47:38,458 |-INFO in ch.qos.logback.classic.LoggerContext[default] - Could NOT find resource [logback-test.xml]
13:47:38,459 |-INFO in ch.qos.logback.classic.LoggerContext[default] - Found resource [logback.xml] at [file:/home/runner/work/key/key/key.core/build/resources/test/logback.xml]
13:47:38,594 |-INFO in ch.qos.logback.classic.joran.action.ConfigurationAction - debug attribute not set
13:47:38,595 |-INFO in ch.qos.logback.core.joran.action.AppenderAction - About to instantiate appender of type [ch.qos.logback.core.ConsoleAppender]
13:47:38,607 |-INFO in ch.qos.logback.core.joran.action.AppenderAction - Naming appender as [STDOUT]
13:47:38,612 |-ERROR in ch.qos.logback.core.joran.spi.Interpreter@3:15 - no applicable action for [file], current ElementPath  is [[configuration][appender][file]]
13:47:38,612 |-ERROR in ch.qos.logback.core.joran.spi.Interpreter@4:17 - no applicable action for [append], current ElementPath  is [[configuration][appender][append]]
13:47:38,614 |-INFO in ch.qos.logback.core.joran.action.NestedComplexPropertyIA - Assuming default type [ch.qos.logback.classic.encoder.PatternLayoutEncoder] for [encoder] property
13:47:38,643 |-INFO in ch.qos.logback.classic.joran.action.RootLoggerAction - Setting level of ROOT logger to WARN
13:47:38,643 |-INFO in ch.qos.logback.core.joran.action.AppenderRefAction - Attaching appender named [STDOUT] to Logger[ROOT]
13:47:38,643 |-INFO in ch.qos.logback.classic.joran.action.ConfigurationAction - End of configuration.
13:47:38,646 |-INFO in ch.qos.logback.classic.joran.JoranConfigurator@29176cc1 - Registering current configuration as safe fallback point

325        WARN  main            d.u.i.k.s.ProofSettings   The settings in /home/runner/.key/proof-settings.props are *not* read. 
Returning from test list_seq
Running test observer
13:50:46,625 |-INFO in ch.qos.logback.classic.LoggerContext[default] - Could NOT find resource [logback-test.xml]
13:50:46,626 |-INFO in ch.qos.logback.classic.LoggerContext[default] - Found resource [logback.xml] at [file:/home/runner/work/key/key/key.core/build/resources/test/logback.xml]
13:50:46,750 |-INFO in ch.qos.logback.classic.joran.action.ConfigurationAction - debug attribute not set
13:50:46,750 |-INFO in ch.qos.logback.core.joran.action.AppenderAction - About to instantiate appender of type [ch.qos.logback.core.ConsoleAppender]
13:50:46,768 |-INFO in ch.qos.logback.core.joran.action.AppenderAction - Naming appender as [STDOUT]
13:50:46,773 |-ERROR in ch.qos.logback.core.joran.spi.Interpreter@3:15 - no applicable action for [file], current ElementPath  is [[configuration][appender][file]]
13:50:46,773 |-ERROR in ch.qos.logback.core.joran.spi.Interpreter@4:17 - no applicable action for [append], current ElementPath  is [[configuration][appender][append]]
13:50:46,774 |-INFO in ch.qos.logback.core.joran.action.NestedComplexPropertyIA - Assuming default type [ch.qos.logback.classic.encoder.PatternLayoutEncoder] for [encoder] property
13:50:46,805 |-INFO in ch.qos.logback.classic.joran.action.RootLoggerAction - Setting level of ROOT logger to WARN
13:50:46,806 |-INFO in ch.qos.logback.core.joran.action.AppenderRefAction - Attaching appender named [STDOUT] to Logger[ROOT]
13:50:46,806 |-INFO in ch.qos.logback.classic.joran.action.ConfigurationAction - End of configuration.
13:50:46,808 |-INFO in ch.qos.logback.classic.joran.JoranConfigurator@29176cc1 - Registering current configuration as safe fallback point

347        WARN  main            d.u.i.k.s.ProofSettings   The settings in /home/runner/.key/proof-settings.props are *not* read. 
Returning from test observer
Running test removeDups
13:52:46,251 |-INFO in ch.qos.logback.classic.LoggerContext[default] - Could NOT find resource [logback-test.xml]
13:52:46,252 |-INFO in ch.qos.logback.classic.LoggerContext[default] - Found resource [logback.xml] at [file:/home/runner/work/key/key/key.core/build/resources/test/logback.xml]
13:52:46,378 |-INFO in ch.qos.logback.classic.joran.action.ConfigurationAction - debug attribute not set
13:52:46,378 |-INFO in ch.qos.logback.core.joran.action.AppenderAction - About to instantiate appender of type [ch.qos.logback.core.ConsoleAppender]
13:52:46,396 |-INFO in ch.qos.logback.core.joran.action.AppenderAction - Naming appender as [STDOUT]
13:52:46,401 |-ERROR in ch.qos.logback.core.joran.spi.Interpreter@3:15 - no applicable action for [file], current ElementPath  is [[configuration][appender][file]]
13:52:46,402 |-ERROR in ch.qos.logback.core.joran.spi.Interpreter@4:17 - no applicable action for [append], current ElementPath  is [[configuration][appender][append]]
13:52:46,403 |-INFO in ch.qos.logback.core.joran.action.NestedComplexPropertyIA - Assuming default type [ch.qos.logback.classic.encoder.PatternLayoutEncoder] for [encoder] property
13:52:46,427 |-INFO in ch.qos.logback.classic.joran.action.RootLoggerAction - Setting level of ROOT logger to WARN
13:52:46,428 |-INFO in ch.qos.logback.core.joran.action.AppenderRefAction - Attaching appender named [STDOUT] to Logger[ROOT]
13:52:46,428 |-INFO in ch.qos.logback.classic.joran.action.ConfigurationAction - End of configuration.
13:52:46,430 |-INFO in ch.qos.logback.classic.joran.JoranConfigurator@29176cc1 - Registering current configuration as safe fallback point

332        WARN  main            d.u.i.k.s.ProofSettings   The settings in /home/runner/.key/proof-settings.props are *not* read. 
Returning from test removeDups
Running test Saddleback_search.key
13:53:35,815 |-INFO in ch.qos.logback.classic.LoggerContext[default] - Could NOT find resource [logback-test.xml]
13:53:35,816 |-INFO in ch.qos.logback.classic.LoggerContext[default] - Found resource [logback.xml] at [file:/home/runner/work/key/key/key.core/build/resources/test/logback.xml]
13:53:35,958 |-INFO in ch.qos.logback.classic.joran.action.ConfigurationAction - debug attribute not set
13:53:35,958 |-INFO in ch.qos.logback.core.joran.action.AppenderAction - About to instantiate appender of type [ch.qos.logback.core.ConsoleAppender]
13:53:35,975 |-INFO in ch.qos.logback.core.joran.action.AppenderAction - Naming appender as [STDOUT]
13:53:35,983 |-ERROR in ch.qos.logback.core.joran.spi.Interpreter@3:15 - no applicable action for [file], current ElementPath  is [[configuration][appender][file]]
13:53:35,983 |-ERROR in ch.qos.logback.core.joran.spi.Interpreter@4:17 - no applicable action for [append], current ElementPath  is [[configuration][appender][append]]
13:53:35,988 |-INFO in ch.qos.logback.core.joran.action.NestedComplexPropertyIA - Assuming default type [ch.qos.logback.classic.encoder.PatternLayoutEncoder] for [encoder] property
13:53:36,025 |-INFO in ch.qos.logback.classic.joran.action.RootLoggerAction - Setting level of ROOT logger to WARN
13:53:36,025 |-INFO in ch.qos.logback.core.joran.action.AppenderRefAction - Attaching appender named [STDOUT] to Logger[ROOT]
13:53:36,025 |-INFO in ch.qos.logback.classic.joran.action.ConfigurationAction - End of configuration.
13:53:36,027 |-INFO in ch.qos.logback.classic.joran.JoranConfigurator@29176cc1 - Registering current configuration as safe fallback point

350        WARN  main            d.u.i.k.s.ProofSettings   The settings in /home/runner/.key/proof-settings.props are *not* read. 
Returning from test Saddleback_search.key
Running test quicksort
13:55:23,795 |-INFO in ch.qos.logback.classic.LoggerContext[default] - Could NOT find resource [logback-test.xml]
13:55:23,797 |-INFO in ch.qos.logback.classic.LoggerContext[default] - Found resource [logback.xml] at [file:/home/runner/work/key/key/key.core/build/resources/test/logback.xml]
13:55:23,935 |-INFO in ch.qos.logback.classic.joran.action.ConfigurationAction - debug attribute not set
13:55:23,938 |-INFO in ch.qos.logback.core.joran.action.AppenderAction - About to instantiate appender of type [ch.qos.logback.core.ConsoleAppender]
13:55:23,953 |-INFO in ch.qos.logback.core.joran.action.AppenderAction - Naming appender as [STDOUT]
13:55:23,959 |-ERROR in ch.qos.logback.core.joran.spi.Interpreter@3:15 - no applicable action for [file], current ElementPath  is [[configuration][appender][file]]
13:55:23,960 |-ERROR in ch.qos.logback.core.joran.spi.Interpreter@4:17 - no applicable action for [append], current ElementPath  is [[configuration][appender][append]]
13:55:23,961 |-INFO in ch.qos.logback.core.joran.action.NestedComplexPropertyIA - Assuming default type [ch.qos.logback.classic.encoder.PatternLayoutEncoder] for [encoder] property
13:55:23,984 |-INFO in ch.qos.logback.classic.joran.action.RootLoggerAction - Setting level of ROOT logger to WARN
13:55:23,984 |-INFO in ch.qos.logback.core.joran.action.AppenderRefAction - Attaching appender named [STDOUT] to Logger[ROOT]
13:55:23,984 |-INFO in ch.qos.logback.classic.joran.action.ConfigurationAction - End of configuration.
13:55:23,987 |-INFO in ch.qos.logback.classic.joran.JoranConfigurator@29176cc1 - Registering current configuration as safe fallback point

372        WARN  main            d.u.i.k.s.ProofSettings   The settings in /home/runner/.key/proof-settings.props are *not* read. 
Returning from test quicksort
Running test simpleTests
13:57:29,097 |-INFO in ch.qos.logback.classic.LoggerContext[default] - Could NOT find resource [logback-test.xml]
13:57:29,098 |-INFO in ch.qos.logback.classic.LoggerContext[default] - Found resource [logback.xml] at [file:/home/runner/work/key/key/key.core/build/resources/test/logback.xml]
13:57:29,226 |-INFO in ch.qos.logback.classic.joran.action.ConfigurationAction - debug attribute not set
13:57:29,227 |-INFO in ch.qos.logback.core.joran.action.AppenderAction - About to instantiate appender of type [ch.qos.logback.core.ConsoleAppender]
13:57:29,241 |-INFO in ch.qos.logback.core.joran.action.AppenderAction - Naming appender as [STDOUT]
13:57:29,246 |-ERROR in ch.qos.logback.core.joran.spi.Interpreter@3:15 - no applicable action for [file], current ElementPath  is [[configuration][appender][file]]
13:57:29,247 |-ERROR in ch.qos.logback.core.joran.spi.Interpreter@4:17 - no applicable action for [append], current ElementPath  is [[configuration][appender][append]]
13:57:29,248 |-INFO in ch.qos.logback.core.joran.action.NestedComplexPropertyIA - Assuming default type [ch.qos.logback.classic.encoder.PatternLayoutEncoder] for [encoder] property
13:57:29,271 |-INFO in ch.qos.logback.classic.joran.action.RootLoggerAction - Setting level of ROOT logger to WARN
13:57:29,271 |-INFO in ch.qos.logback.core.joran.action.AppenderRefAction - Attaching appender named [STDOUT] to Logger[ROOT]
13:57:29,272 |-INFO in ch.qos.logback.classic.joran.action.ConfigurationAction - End of configuration.
13:57:29,274 |-INFO in ch.qos.logback.classic.joran.JoranConfigurator@29176cc1 - Registering current configuration as safe fallback point

329        WARN  main            d.u.i.k.s.ProofSettings   The settings in /home/runner/.key/proof-settings.props are *not* read. 
Returning from test simpleTests
Running test SmansEtAl
14:00:51,262 |-INFO in ch.qos.logback.classic.LoggerContext[default] - Could NOT find resource [logback-test.xml]
14:00:51,263 |-INFO in ch.qos.logback.classic.LoggerContext[default] - Found resource [logback.xml] at [file:/home/runner/work/key/key/key.core/build/resources/test/logback.xml]
14:00:51,401 |-INFO in ch.qos.logback.classic.joran.action.ConfigurationAction - debug attribute not set
14:00:51,402 |-INFO in ch.qos.logback.core.joran.action.AppenderAction - About to instantiate appender of type [ch.qos.logback.core.ConsoleAppender]
14:00:51,414 |-INFO in ch.qos.logback.core.joran.action.AppenderAction - Naming appender as [STDOUT]
14:00:51,419 |-ERROR in ch.qos.logback.core.joran.spi.Interpreter@3:15 - no applicable action for [file], current ElementPath  is [[configuration][appender][file]]
14:00:51,419 |-ERROR in ch.qos.logback.core.joran.spi.Interpreter@4:17 - no applicable action for [append], current ElementPath  is [[configuration][appender][append]]
14:00:51,421 |-INFO in ch.qos.logback.core.joran.action.NestedComplexPropertyIA - Assuming default type [ch.qos.logback.classic.encoder.PatternLayoutEncoder] for [encoder] property
14:00:51,444 |-INFO in ch.qos.logback.classic.joran.action.RootLoggerAction - Setting level of ROOT logger to WARN
14:00:51,444 |-INFO in ch.qos.logback.core.joran.action.AppenderRefAction - Attaching appender named [STDOUT] to Logger[ROOT]
14:00:51,445 |-INFO in ch.qos.logback.classic.joran.action.ConfigurationAction - End of configuration.
14:00:51,447 |-INFO in ch.qos.logback.classic.joran.JoranConfigurator@29176cc1 - Registering current configuration as safe fallback point

341        WARN  main            d.u.i.k.s.ProofSettings   The settings in /home/runner/.key/proof-settings.props are *not* read. 
Returning from test SmansEtAl
Running test VACID0
14:04:55,731 |-INFO in ch.qos.logback.classic.LoggerContext[default] - Could NOT find resource [logback-test.xml]
14:04:55,732 |-INFO in ch.qos.logback.classic.LoggerContext[default] - Found resource [logback.xml] at [file:/home/runner/work/key/key/key.core/build/resources/test/logback.xml]
14:04:55,882 |-INFO in ch.qos.logback.classic.joran.action.ConfigurationAction - debug attribute not set
14:04:55,882 |-INFO in ch.qos.logback.core.joran.action.AppenderAction - About to instantiate appender of type [ch.qos.logback.core.ConsoleAppender]
14:04:55,896 |-INFO in ch.qos.logback.core.joran.action.AppenderAction - Naming appender as [STDOUT]
14:04:55,903 |-ERROR in ch.qos.logback.core.joran.spi.Interpreter@3:15 - no applicable action for [file], current ElementPath  is [[configuration][appender][file]]
14:04:55,903 |-ERROR in ch.qos.logback.core.joran.spi.Interpreter@4:17 - no applicable action for [append], current ElementPath  is [[configuration][appender][append]]
14:04:55,905 |-INFO in ch.qos.logback.core.joran.action.NestedComplexPropertyIA - Assuming default type [ch.qos.logback.classic.encoder.PatternLayoutEncoder] for [encoder] property
14:04:55,949 |-INFO in ch.qos.logback.classic.joran.action.RootLoggerAction - Setting level of ROOT logger to WARN
14:04:55,949 |-INFO in ch.qos.logback.core.joran.action.AppenderRefAction - Attaching appender named [STDOUT] to Logger[ROOT]
14:04:55,950 |-INFO in ch.qos.logback.classic.joran.action.ConfigurationAction - End of configuration.
14:04:55,952 |-INFO in ch.qos.logback.classic.joran.JoranConfigurator@29176cc1 - Registering current configuration as safe fallback point

374        WARN  main            d.u.i.k.s.ProofSettings   The settings in /home/runner/.key/proof-settings.props are *not* read. 
Returning from test VACID0
Running test VSTTE10
14:06:33,844 |-INFO in ch.qos.logback.classic.LoggerContext[default] - Could NOT find resource [logback-test.xml]
14:06:33,848 |-INFO in ch.qos.logback.classic.LoggerContext[default] - Found resource [logback.xml] at [file:/home/runner/work/key/key/key.core/build/resources/test/logback.xml]
14:06:33,962 |-INFO in ch.qos.logback.classic.joran.action.ConfigurationAction - debug attribute not set
14:06:33,963 |-INFO in ch.qos.logback.core.joran.action.AppenderAction - About to instantiate appender of type [ch.qos.logback.core.ConsoleAppender]
14:06:33,976 |-INFO in ch.qos.logback.core.joran.action.AppenderAction - Naming appender as [STDOUT]
14:06:33,981 |-ERROR in ch.qos.logback.core.joran.spi.Interpreter@3:15 - no applicable action for [file], current ElementPath  is [[configuration][appender][file]]
14:06:33,982 |-ERROR in ch.qos.logback.core.joran.spi.Interpreter@4:17 - no applicable action for [append], current ElementPath  is [[configuration][appender][append]]
14:06:33,983 |-INFO in ch.qos.logback.core.joran.action.NestedComplexPropertyIA - Assuming default type [ch.qos.logback.classic.encoder.PatternLayoutEncoder] for [encoder] property
14:06:34,007 |-INFO in ch.qos.logback.classic.joran.action.RootLoggerAction - Setting level of ROOT logger to WARN
14:06:34,007 |-INFO in ch.qos.logback.core.joran.action.AppenderRefAction - Attaching appender named [STDOUT] to Logger[ROOT]
14:06:34,007 |-INFO in ch.qos.logback.classic.joran.action.ConfigurationAction - End of configuration.
14:06:34,009 |-INFO in ch.qos.logback.classic.joran.JoranConfigurator@29176cc1 - Registering current configuration as safe fallback point

334        WARN  main            d.u.i.k.s.ProofSettings   The settings in /home/runner/.key/proof-settings.props are *not* read. 
Returning from test VSTTE10
Running test WeideEtAl
14:10:17,499 |-INFO in ch.qos.logback.classic.LoggerContext[default] - Could NOT find resource [logback-test.xml]
14:10:17,500 |-INFO in ch.qos.logback.classic.LoggerContext[default] - Found resource [logback.xml] at [file:/home/runner/work/key/key/key.core/build/resources/test/logback.xml]
14:10:17,624 |-INFO in ch.qos.logback.classic.joran.action.ConfigurationAction - debug attribute not set
14:10:17,625 |-INFO in ch.qos.logback.core.joran.action.AppenderAction - About to instantiate appender of type [ch.qos.logback.core.ConsoleAppender]
14:10:17,637 |-INFO in ch.qos.logback.core.joran.action.AppenderAction - Naming appender as [STDOUT]
14:10:17,646 |-ERROR in ch.qos.logback.core.joran.spi.Interpreter@3:15 - no applicable action for [file], current ElementPath  is [[configuration][appender][file]]
14:10:17,646 |-ERROR in ch.qos.logback.core.joran.spi.Interpreter@4:17 - no applicable action for [append], current ElementPath  is [[configuration][appender][append]]
14:10:17,648 |-INFO in ch.qos.logback.core.joran.action.NestedComplexPropertyIA - Assuming default type [ch.qos.logback.classic.encoder.PatternLayoutEncoder] for [encoder] property
14:10:17,674 |-INFO in ch.qos.logback.classic.joran.action.RootLoggerAction - Setting level of ROOT logger to WARN
14:10:17,674 |-INFO in ch.qos.logback.core.joran.action.AppenderRefAction - Attaching appender named [STDOUT] to Logger[ROOT]
14:10:17,674 |-INFO in ch.qos.logback.classic.joran.action.ConfigurationAction - End of configuration.
14:10:17,678 |-INFO in ch.qos.logback.classic.joran.JoranConfigurator@29176cc1 - Registering current configuration as safe fallback point

339        WARN  main            d.u.i.k.s.ProofSettings   The settings in /home/runner/.key/proof-settings.props are *not* read. 
Returning from test WeideEtAl
Running test arithmetic
14:10:52,721 |-INFO in ch.qos.logback.classic.LoggerContext[default] - Could NOT find resource [logback-test.xml]
14:10:52,722 |-INFO in ch.qos.logback.classic.LoggerContext[default] - Found resource [logback.xml] at [file:/home/runner/work/key/key/key.core/build/resources/test/logback.xml]
14:10:52,840 |-INFO in ch.qos.logback.classic.joran.action.ConfigurationAction - debug attribute not set
14:10:52,841 |-INFO in ch.qos.logback.core.joran.action.AppenderAction - About to instantiate appender of type [ch.qos.logback.core.ConsoleAppender]
14:10:52,856 |-INFO in ch.qos.logback.core.joran.action.AppenderAction - Naming appender as [STDOUT]
14:10:52,862 |-ERROR in ch.qos.logback.core.joran.spi.Interpreter@3:15 - no applicable action for [file], current ElementPath  is [[configuration][appender][file]]
14:10:52,862 |-ERROR in ch.qos.logback.core.joran.spi.Interpreter@4:17 - no applicable action for [append], current ElementPath  is [[configuration][appender][append]]
14:10:52,863 |-INFO in ch.qos.logback.core.joran.action.NestedComplexPropertyIA - Assuming default type [ch.qos.logback.classic.encoder.PatternLayoutEncoder] for [encoder] property
14:10:52,887 |-INFO in ch.qos.logback.classic.joran.action.RootLoggerAction - Setting level of ROOT logger to WARN
14:10:52,887 |-INFO in ch.qos.logback.core.joran.action.AppenderRefAction - Attaching appender named [STDOUT] to Logger[ROOT]
14:10:52,888 |-INFO in ch.qos.logback.classic.joran.action.ConfigurationAction - End of configuration.
14:10:52,890 |-INFO in ch.qos.logback.classic.joran.JoranConfigurator@29176cc1 - Registering current configuration as safe fallback point

336        WARN  main            d.u.i.k.s.ProofSettings   The settings in /home/runner/.key/proof-settings.props are *not* read. 
Returning from test arithmetic
Running test arrays
14:21:23,494 |-INFO in ch.qos.logback.classic.LoggerContext[default] - Could NOT find resource [logback-test.xml]
14:21:23,495 |-INFO in ch.qos.logback.classic.LoggerContext[default] - Found resource [logback.xml] at [file:/home/runner/work/key/key/key.core/build/resources/test/logback.xml]
14:21:23,621 |-INFO in ch.qos.logback.classic.joran.action.ConfigurationAction - debug attribute not set
14:21:23,622 |-INFO in ch.qos.logback.core.joran.action.AppenderAction - About to instantiate appender of type [ch.qos.logback.core.ConsoleAppender]
14:21:23,636 |-INFO in ch.qos.logback.core.joran.action.AppenderAction - Naming appender as [STDOUT]
14:21:23,642 |-ERROR in ch.qos.logback.core.joran.spi.Interpreter@3:15 - no applicable action for [file], current ElementPath  is [[configuration][appender][file]]
14:21:23,642 |-ERROR in ch.qos.logback.core.joran.spi.Interpreter@4:17 - no applicable action for [append], current ElementPath  is [[configuration][appender][append]]
14:21:23,643 |-INFO in ch.qos.logback.core.joran.action.NestedComplexPropertyIA - Assuming default type [ch.qos.logback.classic.encoder.PatternLayoutEncoder] for [encoder] property
14:21:23,666 |-INFO in ch.qos.logback.classic.joran.action.RootLoggerAction - Setting level of ROOT logger to WARN
14:21:23,666 |-INFO in ch.qos.logback.core.joran.action.AppenderRefAction - Attaching appender named [STDOUT] to Logger[ROOT]
14:21:23,667 |-INFO in ch.qos.logback.classic.joran.action.ConfigurationAction - End of configuration.
14:21:23,669 |-INFO in ch.qos.logback.classic.joran.JoranConfigurator@29176cc1 - Registering current configuration as safe fallback point

332        WARN  main            d.u.i.k.s.ProofSettings   The settings in /home/runner/.key/proof-settings.props are *not* read. 
Returning from test arrays
Running test javadl
14:22:35,642 |-INFO in ch.qos.logback.classic.LoggerContext[default] - Could NOT find resource [logback-test.xml]
14:22:35,643 |-INFO in ch.qos.logback.classic.LoggerContext[default] - Found resource [logback.xml] at [file:/home/runner/work/key/key/key.core/build/resources/test/logback.xml]
14:22:35,756 |-INFO in ch.qos.logback.classic.joran.action.ConfigurationAction - debug attribute not set
14:22:35,756 |-INFO in ch.qos.logback.core.joran.action.AppenderAction - About to instantiate appender of type [ch.qos.logback.core.ConsoleAppender]
14:22:35,774 |-INFO in ch.qos.logback.core.joran.action.AppenderAction - Naming appender as [STDOUT]
14:22:35,780 |-ERROR in ch.qos.logback.core.joran.spi.Interpreter@3:15 - no applicable action for [file], current ElementPath  is [[configuration][appender][file]]
14:22:35,780 |-ERROR in ch.qos.logback.core.joran.spi.Interpreter@4:17 - no applicable action for [append], current ElementPath  is [[configuration][appender][append]]
14:22:35,781 |-INFO in ch.qos.logback.core.joran.action.NestedComplexPropertyIA - Assuming default type [ch.qos.logback.classic.encoder.PatternLayoutEncoder] for [encoder] property
14:22:35,805 |-INFO in ch.qos.logback.classic.joran.action.RootLoggerAction - Setting level of ROOT logger to WARN
14:22:35,805 |-INFO in ch.qos.logback.core.joran.action.AppenderRefAction - Attaching appender named [STDOUT] to Logger[ROOT]
14:22:35,806 |-INFO in ch.qos.logback.classic.joran.action.ConfigurationAction - End of configuration.
14:22:35,808 |-INFO in ch.qos.logback.classic.joran.JoranConfigurator@29176cc1 - Registering current configuration as safe fallback point

322        WARN  main            d.u.i.k.s.ProofSettings   The settings in /home/runner/.key/proof-settings.props are *not* read. 
62680      WARN  main            d.u.i.k.j.r.KeYCrossReferenceNameInfo Datatype java.io.InputStream declared twice: Once in FILE:/home/runner/work/key/key/key.core/../key.ui/examples/index/.././standard_key/java_dl/./classpath/InputStream.java and once in URL:file:/home/runner/work/key/key/key.core/build/resources/main/de/uka/ilkd/key/java/JavaRedux/java/io/InputStream.java, Keeping one from URL:file:/home/runner/work/key/key/key.core/build/resources/main/de/uka/ilkd/key/java/JavaRedux/java/io/InputStream.java 
62680      WARN  main            d.u.i.k.j.r.KeYCrossReferenceNameInfo Datatype java.io.PrintStream declared twice: Once in FILE:/home/runner/work/key/key/key.core/../key.ui/examples/index/.././standard_key/java_dl/./classpath/PrintStream.java and once in URL:file:/home/runner/work/key/key/key.core/build/resources/main/de/uka/ilkd/key/java/JavaRedux/java/io/PrintStream.java, Keeping one from URL:file:/home/runner/work/key/key/key.core/build/resources/main/de/uka/ilkd/key/java/JavaRedux/java/io/PrintStream.java 
62681      WARN  main            d.u.i.k.j.r.KeYCrossReferenceNameInfo Datatype java.lang.System declared twice: Once in FILE:/home/runner/work/key/key/key.core/../key.ui/examples/index/.././standard_key/java_dl/./classpath/System.java and once in URL:file:/home/runner/work/key/key/key.core/build/resources/main/de/uka/ilkd/key/java/JavaRedux/java/lang/System.java, Keeping one from URL:file:/home/runner/work/key/key/key.core/build/resources/main/de/uka/ilkd/key/java/JavaRedux/java/lang/System.java 
66464      WARN  main            d.u.i.k.j.r.KeYCrossReferenceNameInfo Datatype java.io.InputStream declared twice: Once in FILE:/home/runner/work/key/key/key.core/../key.ui/examples/index/.././standard_key/java_dl/classpath/InputStream.java and once in URL:file:/home/runner/work/key/key/key.core/build/resources/main/de/uka/ilkd/key/java/JavaRedux/java/io/InputStream.java, Keeping one from URL:file:/home/runner/work/key/key/key.core/build/resources/main/de/uka/ilkd/key/java/JavaRedux/java/io/InputStream.java 
66464      WARN  main            d.u.i.k.j.r.KeYCrossReferenceNameInfo Datatype java.io.PrintStream declared twice: Once in FILE:/home/runner/work/key/key/key.core/../key.ui/examples/index/.././standard_key/java_dl/classpath/PrintStream.java and once in URL:file:/home/runner/work/key/key/key.core/build/resources/main/de/uka/ilkd/key/java/JavaRedux/java/io/PrintStream.java, Keeping one from URL:file:/home/runner/work/key/key/key.core/build/resources/main/de/uka/ilkd/key/java/JavaRedux/java/io/PrintStream.java 
66464      WARN  main            d.u.i.k.j.r.KeYCrossReferenceNameInfo Datatype java.lang.System declared twice: Once in FILE:/home/runner/work/key/key/key.core/../key.ui/examples/index/.././standard_key/java_dl/classpath/System.java and once in URL:file:/home/runner/work/key/key/key.core/build/resources/main/de/uka/ilkd/key/java/JavaRedux/java/lang/System.java, Keeping one from URL:file:/home/runner/work/key/key/key.core/build/resources/main/de/uka/ilkd/key/java/JavaRedux/java/lang/System.java 
77236      WARN  main            d.u.i.k.j.r.KeYCrossReferenceNameInfo Datatype java.io.InputStream declared twice: Once in FILE:/home/runner/work/key/key/key.core/../key.ui/examples/index/.././standard_key/java_dl/classpath/InputStream.java and once in URL:file:/home/runner/work/key/key/key.core/build/resources/main/de/uka/ilkd/key/java/JavaRedux/java/io/InputStream.java, Keeping one from URL:file:/home/runner/work/key/key/key.core/build/resources/main/de/uka/ilkd/key/java/JavaRedux/java/io/InputStream.java 
77237      WARN  main            d.u.i.k.j.r.KeYCrossReferenceNameInfo Datatype java.io.PrintStream declared twice: Once in FILE:/home/runner/work/key/key/key.core/../key.ui/examples/index/.././standard_key/java_dl/classpath/PrintStream.java and once in URL:file:/home/runner/work/key/key/key.core/build/resources/main/de/uka/ilkd/key/java/JavaRedux/java/io/PrintStream.java, Keeping one from URL:file:/home/runner/work/key/key/key.core/build/resources/main/de/uka/ilkd/key/java/JavaRedux/java/io/PrintStream.java 
77237      WARN  main            d.u.i.k.j.r.KeYCrossReferenceNameInfo Datatype java.lang.System declared twice: Once in FILE:/home/runner/work/key/key/key.core/../key.ui/examples/index/.././standard_key/java_dl/classpath/System.java and once in URL:file:/home/runner/work/key/key/key.core/build/resources/main/de/uka/ilkd/key/java/JavaRedux/java/lang/System.java, Keeping one from URL:file:/home/runner/work/key/key/key.core/build/resources/main/de/uka/ilkd/key/java/JavaRedux/java/lang/System.java 
80956      WARN  main            d.u.i.k.j.r.KeYCrossReferenceNameInfo Datatype java.io.InputStream declared twice: Once in FILE:/home/runner/work/key/key/key.core/../key.ui/examples/index/.././standard_key/java_dl/classpath/InputStream.java and once in URL:file:/home/runner/work/key/key/key.core/build/resources/main/de/uka/ilkd/key/java/JavaRedux/java/io/InputStream.java, Keeping one from URL:file:/home/runner/work/key/key/key.core/build/resources/main/de/uka/ilkd/key/java/JavaRedux/java/io/InputStream.java 
80957      WARN  main            d.u.i.k.j.r.KeYCrossReferenceNameInfo Datatype java.io.PrintStream declared twice: Once in FILE:/home/runner/work/key/key/key.core/../key.ui/examples/index/.././standard_key/java_dl/classpath/PrintStream.java and once in URL:file:/home/runner/work/key/key/key.core/build/resources/main/de/uka/ilkd/key/java/JavaRedux/java/io/PrintStream.java, Keeping one from URL:file:/home/runner/work/key/key/key.core/build/resources/main/de/uka/ilkd/key/java/JavaRedux/java/io/PrintStream.java 
80957      WARN  main            d.u.i.k.j.r.KeYCrossReferenceNameInfo Datatype java.lang.System declared twice: Once in FILE:/home/runner/work/key/key/key.core/../key.ui/examples/index/.././standard_key/java_dl/classpath/System.java and once in URL:file:/home/runner/work/key/key/key.core/build/resources/main/de/uka/ilkd/key/java/JavaRedux/java/lang/System.java, Keeping one from URL:file:/home/runner/work/key/key/key.core/build/resources/main/de/uka/ilkd/key/java/JavaRedux/java/lang/System.java 
109243     WARN  main            d.u.i.k.j.r.KeYCrossReferenceNameInfo Datatype java.io.InputStream declared twice: Once in FILE:/home/runner/work/key/key/key.core/../key.ui/examples/index/.././standard_key/java_dl/classpath/InputStream.java and once in URL:file:/home/runner/work/key/key/key.core/build/resources/main/de/uka/ilkd/key/java/JavaRedux/java/io/InputStream.java, Keeping one from URL:file:/home/runner/work/key/key/key.core/build/resources/main/de/uka/ilkd/key/java/JavaRedux/java/io/InputStream.java 
109243     WARN  main            d.u.i.k.j.r.KeYCrossReferenceNameInfo Datatype java.io.PrintStream declared twice: Once in FILE:/home/runner/work/key/key/key.core/../key.ui/examples/index/.././standard_key/java_dl/classpath/PrintStream.java and once in URL:file:/home/runner/work/key/key/key.core/build/resources/main/de/uka/ilkd/key/java/JavaRedux/java/io/PrintStream.java, Keeping one from URL:file:/home/runner/work/key/key/key.core/build/resources/main/de/uka/ilkd/key/java/JavaRedux/java/io/PrintStream.java 
109243     WARN  main            d.u.i.k.j.r.KeYCrossReferenceNameInfo Datatype java.lang.System declared twice: Once in FILE:/home/runner/work/key/key/key.core/../key.ui/examples/index/.././standard_key/java_dl/classpath/System.java and once in URL:file:/home/runner/work/key/key/key.core/build/resources/main/de/uka/ilkd/key/java/JavaRedux/java/lang/System.java, Keeping one from URL:file:/home/runner/work/key/key/key.core/build/resources/main/de/uka/ilkd/key/java/JavaRedux/java/lang/System.java 
113012     WARN  main            d.u.i.k.j.r.KeYCrossReferenceNameInfo Datatype java.io.InputStream declared twice: Once in FILE:/home/runner/work/key/key/key.core/../key.ui/examples/index/.././standard_key/java_dl/classpath/InputStream.java and once in URL:file:/home/runner/work/key/key/key.core/build/resources/main/de/uka/ilkd/key/java/JavaRedux/java/io/InputStream.java, Keeping one from URL:file:/home/runner/work/key/key/key.core/build/resources/main/de/uka/ilkd/key/java/JavaRedux/java/io/InputStream.java 
113013     WARN  main            d.u.i.k.j.r.KeYCrossReferenceNameInfo Datatype java.io.PrintStream declared twice: Once in FILE:/home/runner/work/key/key/key.core/../key.ui/examples/index/.././standard_key/java_dl/classpath/PrintStream.java and once in URL:file:/home/runner/work/key/key/key.core/build/resources/main/de/uka/ilkd/key/java/JavaRedux/java/io/PrintStream.java, Keeping one from URL:file:/home/runner/work/key/key/key.core/build/resources/main/de/uka/ilkd/key/java/JavaRedux/java/io/PrintStream.java 
113013     WARN  main            d.u.i.k.j.r.KeYCrossReferenceNameInfo Datatype java.lang.System declared twice: Once in FILE:/home/runner/work/key/key/key.core/../key.ui/examples/index/.././standard_key/java_dl/classpath/System.java and once in URL:file:/home/runner/work/key/key/key.core/build/resources/main/de/uka/ilkd/key/java/JavaRedux/java/lang/System.java, Keeping one from URL:file:/home/runner/work/key/key/key.core/build/resources/main/de/uka/ilkd/key/java/JavaRedux/java/lang/System.java 
116455     WARN  main            d.u.i.k.j.r.KeYCrossReferenceNameInfo Datatype java.io.InputStream declared twice: Once in FILE:/home/runner/work/key/key/key.core/../key.ui/examples/index/.././standard_key/java_dl/classpath/InputStream.java and once in URL:file:/home/runner/work/key/key/key.core/build/resources/main/de/uka/ilkd/key/java/JavaRedux/java/io/InputStream.java, Keeping one from URL:file:/home/runner/work/key/key/key.core/build/resources/main/de/uka/ilkd/key/java/JavaRedux/java/io/InputStream.java 
116456     WARN  main            d.u.i.k.j.r.KeYCrossReferenceNameInfo Datatype java.io.PrintStream declared twice: Once in FILE:/home/runner/work/key/key/key.core/../key.ui/examples/index/.././standard_key/java_dl/classpath/PrintStream.java and once in URL:file:/home/runner/work/key/key/key.core/build/resources/main/de/uka/ilkd/key/java/JavaRedux/java/io/PrintStream.java, Keeping one from URL:file:/home/runner/work/key/key/key.core/build/resources/main/de/uka/ilkd/key/java/JavaRedux/java/io/PrintStream.java 
116456     WARN  main            d.u.i.k.j.r.KeYCrossReferenceNameInfo Datatype java.lang.System declared twice: Once in FILE:/home/runner/work/key/key/key.core/../key.ui/examples/index/.././standard_key/java_dl/classpath/System.java and once in URL:file:/home/runner/work/key/key/key.core/build/resources/main/de/uka/ilkd/key/java/JavaRedux/java/lang/System.java, Keeping one from URL:file:/home/runner/work/key/key/key.core/build/resources/main/de/uka/ilkd/key/java/JavaRedux/java/lang/System.java 
120316     WARN  main            d.u.i.k.j.r.KeYCrossReferenceNameInfo Datatype java.io.InputStream declared twice: Once in FILE:/home/runner/work/key/key/key.core/../key.ui/examples/index/.././standard_key/java_dl/classpath/InputStream.java and once in URL:file:/home/runner/work/key/key/key.core/build/resources/main/de/uka/ilkd/key/java/JavaRedux/java/io/InputStream.java, Keeping one from URL:file:/home/runner/work/key/key/key.core/build/resources/main/de/uka/ilkd/key/java/JavaRedux/java/io/InputStream.java 
120316     WARN  main            d.u.i.k.j.r.KeYCrossReferenceNameInfo Datatype java.io.PrintStream declared twice: Once in FILE:/home/runner/work/key/key/key.core/../key.ui/examples/index/.././standard_key/java_dl/classpath/PrintStream.java and once in URL:file:/home/runner/work/key/key/key.core/build/resources/main/de/uka/ilkd/key/java/JavaRedux/java/io/PrintStream.java, Keeping one from URL:file:/home/runner/work/key/key/key.core/build/resources/main/de/uka/ilkd/key/java/JavaRedux/java/io/PrintStream.java 
120317     WARN  main            d.u.i.k.j.r.KeYCrossReferenceNameInfo Datatype java.lang.System declared twice: Once in FILE:/home/runner/work/key/key/key.core/../key.ui/examples/index/.././standard_key/java_dl/classpath/System.java and once in URL:file:/home/runner/work/key/key/key.core/build/resources/main/de/uka/ilkd/key/java/JavaRedux/java/lang/System.java, Keeping one from URL:file:/home/runner/work/key/key/key.core/build/resources/main/de/uka/ilkd/key/java/JavaRedux/java/lang/System.java 
170795     WARN  main            d.u.i.k.j.r.KeYCrossReferenceNameInfo Datatype java.io.InputStream declared twice: Once in FILE:/home/runner/work/key/key/key.core/../key.ui/examples/index/.././standard_key/java_dl/classpath/InputStream.java and once in URL:file:/home/runner/work/key/key/key.core/build/resources/main/de/uka/ilkd/key/java/JavaRedux/java/io/InputStream.java, Keeping one from URL:file:/home/runner/work/key/key/key.core/build/resources/main/de/uka/ilkd/key/java/JavaRedux/java/io/InputStream.java 
170795     WARN  main            d.u.i.k.j.r.KeYCrossReferenceNameInfo Datatype java.io.PrintStream declared twice: Once in FILE:/home/runner/work/key/key/key.core/../key.ui/examples/index/.././standard_key/java_dl/classpath/PrintStream.java and once in URL:file:/home/runner/work/key/key/key.core/build/resources/main/de/uka/ilkd/key/java/JavaRedux/java/io/PrintStream.java, Keeping one from URL:file:/home/runner/work/key/key/key.core/build/resources/main/de/uka/ilkd/key/java/JavaRedux/java/io/PrintStream.java 
170795     WARN  main            d.u.i.k.j.r.KeYCrossReferenceNameInfo Datatype java.lang.System declared twice: Once in FILE:/home/runner/work/key/key/key.core/../key.ui/examples/index/.././standard_key/java_dl/classpath/System.java and once in URL:file:/home/runner/work/key/key/key.core/build/resources/main/de/uka/ilkd/key/java/JavaRedux/java/lang/System.java, Keeping one from URL:file:/home/runner/work/key/key/key.core/build/resources/main/de/uka/ilkd/key/java/JavaRedux/java/lang/System.java 
174636     WARN  main            d.u.i.k.j.r.KeYCrossReferenceNameInfo Datatype java.io.InputStream declared twice: Once in FILE:/home/runner/work/key/key/key.core/../key.ui/examples/index/.././standard_key/java_dl/classpath/InputStream.java and once in URL:file:/home/runner/work/key/key/key.core/build/resources/main/de/uka/ilkd/key/java/JavaRedux/java/io/InputStream.java, Keeping one from URL:file:/home/runner/work/key/key/key.core/build/resources/main/de/uka/ilkd/key/java/JavaRedux/java/io/InputStream.java 
174637     WARN  main            d.u.i.k.j.r.KeYCrossReferenceNameInfo Datatype java.io.PrintStream declared twice: Once in FILE:/home/runner/work/key/key/key.core/../key.ui/examples/index/.././standard_key/java_dl/classpath/PrintStream.java and once in URL:file:/home/runner/work/key/key/key.core/build/resources/main/de/uka/ilkd/key/java/JavaRedux/java/io/PrintStream.java, Keeping one from URL:file:/home/runner/work/key/key/key.core/build/resources/main/de/uka/ilkd/key/java/JavaRedux/java/io/PrintStream.java 
174638     WARN  main            d.u.i.k.j.r.KeYCrossReferenceNameInfo Datatype java.lang.System declared twice: Once in FILE:/home/runner/work/key/key/key.core/../key.ui/examples/index/.././standard_key/java_dl/classpath/System.java and once in URL:file:/home/runner/work/key/key/key.core/build/resources/main/de/uka/ilkd/key/java/JavaRedux/java/lang/System.java, Keeping one from URL:file:/home/runner/work/key/key/key.core/build/resources/main/de/uka/ilkd/key/java/JavaRedux/java/lang/System.java 
192048     WARN  main            d.u.i.k.j.r.KeYCrossReferenceNameInfo Datatype java.io.InputStream declared twice: Once in FILE:/home/runner/work/key/key/key.core/../key.ui/examples/index/.././standard_key/java_dl/classpath/InputStream.java and once in URL:file:/home/runner/work/key/key/key.core/build/resources/main/de/uka/ilkd/key/java/JavaRedux/java/io/InputStream.java, Keeping one from URL:file:/home/runner/work/key/key/key.core/build/resources/main/de/uka/ilkd/key/java/JavaRedux/java/io/InputStream.java 
192048     WARN  main            d.u.i.k.j.r.KeYCrossReferenceNameInfo Datatype java.io.PrintStream declared twice: Once in FILE:/home/runner/work/key/key/key.core/../key.ui/examples/index/.././standard_key/java_dl/classpath/PrintStream.java and once in URL:file:/home/runner/work/key/key/key.core/build/resources/main/de/uka/ilkd/key/java/JavaRedux/java/io/PrintStream.java, Keeping one from URL:file:/home/runner/work/key/key/key.core/build/resources/main/de/uka/ilkd/key/java/JavaRedux/java/io/PrintStream.java 
192049     WARN  main            d.u.i.k.j.r.KeYCrossReferenceNameInfo Datatype java.lang.System declared twice: Once in FILE:/home/runner/work/key/key/key.core/../key.ui/examples/index/.././standard_key/java_dl/classpath/System.java and once in URL:file:/home/runner/work/key/key/key.core/build/resources/main/de/uka/ilkd/key/java/JavaRedux/java/lang/System.java, Keeping one from URL:file:/home/runner/work/key/key/key.core/build/resources/main/de/uka/ilkd/key/java/JavaRedux/java/lang/System.java 
195784     WARN  main            d.u.i.k.j.r.KeYCrossReferenceNameInfo Datatype java.io.InputStream declared twice: Once in FILE:/home/runner/work/key/key/key.core/../key.ui/examples/index/.././standard_key/java_dl/classpath/InputStream.java and once in URL:file:/home/runner/work/key/key/key.core/build/resources/main/de/uka/ilkd/key/java/JavaRedux/java/io/InputStream.java, Keeping one from URL:file:/home/runner/work/key/key/key.core/build/resources/main/de/uka/ilkd/key/java/JavaRedux/java/io/InputStream.java 
195785     WARN  main            d.u.i.k.j.r.KeYCrossReferenceNameInfo Datatype java.io.PrintStream declared twice: Once in FILE:/home/runner/work/key/key/key.core/../key.ui/examples/index/.././standard_key/java_dl/classpath/PrintStream.java and once in URL:file:/home/runner/work/key/key/key.core/build/resources/main/de/uka/ilkd/key/java/JavaRedux/java/io/PrintStream.java, Keeping one from URL:file:/home/runner/work/key/key/key.core/build/resources/main/de/uka/ilkd/key/java/JavaRedux/java/io/PrintStream.java 
195785     WARN  main            d.u.i.k.j.r.KeYCrossReferenceNameInfo Datatype java.lang.System declared twice: Once in FILE:/home/runner/work/key/key/key.core/../key.ui/examples/index/.././standard_key/java_dl/classpath/System.java and once in URL:file:/home/runner/work/key/key/key.core/build/resources/main/de/uka/ilkd/key/java/JavaRedux/java/lang/System.java, Keeping one from URL:file:/home/runner/work/key/key/key.core/build/resources/main/de/uka/ilkd/key/java/JavaRedux/java/lang/System.java 
463949     WARN  main            d.u.i.k.j.r.KeYCrossReferenceNameInfo Datatype java.io.InputStream declared twice: Once in FILE:/home/runner/work/key/key/key.core/../key.ui/examples/index/.././standard_key/java_dl/./classpath/InputStream.java and once in URL:file:/home/runner/work/key/key/key.core/build/resources/main/de/uka/ilkd/key/java/JavaRedux/java/io/InputStream.java, Keeping one from URL:file:/home/runner/work/key/key/key.core/build/resources/main/de/uka/ilkd/key/java/JavaRedux/java/io/InputStream.java 
463949     WARN  main            d.u.i.k.j.r.KeYCrossReferenceNameInfo Datatype java.io.PrintStream declared twice: Once in FILE:/home/runner/work/key/key/key.core/../key.ui/examples/index/.././standard_key/java_dl/./classpath/PrintStream.java and once in URL:file:/home/runner/work/key/key/key.core/build/resources/main/de/uka/ilkd/key/java/JavaRedux/java/io/PrintStream.java, Keeping one from URL:file:/home/runner/work/key/key/key.core/build/resources/main/de/uka/ilkd/key/java/JavaRedux/java/io/PrintStream.java 
463950     WARN  main            d.u.i.k.j.r.KeYCrossReferenceNameInfo Datatype java.lang.System declared twice: Once in FILE:/home/runner/work/key/key/key.core/../key.ui/examples/index/.././standard_key/java_dl/./classpath/System.java and once in URL:file:/home/runner/work/key/key/key.core/build/resources/main/de/uka/ilkd/key/java/JavaRedux/java/lang/System.java, Keeping one from URL:file:/home/runner/work/key/key/key.core/build/resources/main/de/uka/ilkd/key/java/JavaRedux/java/lang/System.java 
472814     WARN  main            d.u.i.k.j.r.KeYCrossReferenceNameInfo Datatype java.io.InputStream declared twice: Once in FILE:/home/runner/work/key/key/key.core/../key.ui/examples/index/.././standard_key/java_dl/classpath/InputStream.java and once in URL:file:/home/runner/work/key/key/key.core/build/resources/main/de/uka/ilkd/key/java/JavaRedux/java/io/InputStream.java, Keeping one from URL:file:/home/runner/work/key/key/key.core/build/resources/main/de/uka/ilkd/key/java/JavaRedux/java/io/InputStream.java 
472814     WARN  main            d.u.i.k.j.r.KeYCrossReferenceNameInfo Datatype java.io.PrintStream declared twice: Once in FILE:/home/runner/work/key/key/key.core/../key.ui/examples/index/.././standard_key/java_dl/classpath/PrintStream.java and once in URL:file:/home/runner/work/key/key/key.core/build/resources/main/de/uka/ilkd/key/java/JavaRedux/java/io/PrintStream.java, Keeping one from URL:file:/home/runner/work/key/key/key.core/build/resources/main/de/uka/ilkd/key/java/JavaRedux/java/io/PrintStream.java 
472815     WARN  main            d.u.i.k.j.r.KeYCrossReferenceNameInfo Datatype java.lang.System declared twice: Once in FILE:/home/runner/work/key/key/key.core/../key.ui/examples/index/.././standard_key/java_dl/classpath/System.java and once in URL:file:/home/runner/work/key/key/key.core/build/resources/main/de/uka/ilkd/key/java/JavaRedux/java/lang/System.java, Keeping one from URL:file:/home/runner/work/key/key/key.core/build/resources/main/de/uka/ilkd/key/java/JavaRedux/java/lang/System.java 
477008     WARN  main            d.u.i.k.j.r.KeYCrossReferenceNameInfo Datatype java.io.InputStream declared twice: Once in FILE:/home/runner/work/key/key/key.core/../key.ui/examples/index/.././standard_key/java_dl/classpath/InputStream.java and once in URL:file:/home/runner/work/key/key/key.core/build/resources/main/de/uka/ilkd/key/java/JavaRedux/java/io/InputStream.java, Keeping one from URL:file:/home/runner/work/key/key/key.core/build/resources/main/de/uka/ilkd/key/java/JavaRedux/java/io/InputStream.java 
477009     WARN  main            d.u.i.k.j.r.KeYCrossReferenceNameInfo Datatype java.io.PrintStream declared twice: Once in FILE:/home/runner/work/key/key/key.core/../key.ui/examples/index/.././standard_key/java_dl/classpath/PrintStream.java and once in URL:file:/home/runner/work/key/key/key.core/build/resources/main/de/uka/ilkd/key/java/JavaRedux/java/io/PrintStream.java, Keeping one from URL:file:/home/runner/work/key/key/key.core/build/resources/main/de/uka/ilkd/key/java/JavaRedux/java/io/PrintStream.java 
477009     WARN  main            d.u.i.k.j.r.KeYCrossReferenceNameInfo Datatype java.lang.System declared twice: Once in FILE:/home/runner/work/key/key/key.core/../key.ui/examples/index/.././standard_key/java_dl/classpath/System.java and once in URL:file:/home/runner/work/key/key/key.core/build/resources/main/de/uka/ilkd/key/java/JavaRedux/java/lang/System.java, Keeping one from URL:file:/home/runner/work/key/key/key.core/build/resources/main/de/uka/ilkd/key/java/JavaRedux/java/lang/System.java 
482483     WARN  main            d.u.i.k.j.r.KeYCrossReferenceNameInfo Datatype java.io.InputStream declared twice: Once in FILE:/home/runner/work/key/key/key.core/../key.ui/examples/index/.././standard_key/java_dl/classpath/InputStream.java and once in URL:file:/home/runner/work/key/key/key.core/build/resources/main/de/uka/ilkd/key/java/JavaRedux/java/io/InputStream.java, Keeping one from URL:file:/home/runner/work/key/key/key.core/build/resources/main/de/uka/ilkd/key/java/JavaRedux/java/io/InputStream.java 
482484     WARN  main            d.u.i.k.j.r.KeYCrossReferenceNameInfo Datatype java.io.PrintStream declared twice: Once in FILE:/home/runner/work/key/key/key.core/../key.ui/examples/index/.././standard_key/java_dl/classpath/PrintStream.java and once in URL:file:/home/runner/work/key/key/key.core/build/resources/main/de/uka/ilkd/key/java/JavaRedux/java/io/PrintStream.java, Keeping one from URL:file:/home/runner/work/key/key/key.core/build/resources/main/de/uka/ilkd/key/java/JavaRedux/java/io/PrintStream.java 
482484     WARN  main            d.u.i.k.j.r.KeYCrossReferenceNameInfo Datatype java.lang.System declared twice: Once in FILE:/home/runner/work/key/key/key.core/../key.ui/examples/index/.././standard_key/java_dl/classpath/System.java and once in URL:file:/home/runner/work/key/key/key.core/build/resources/main/de/uka/ilkd/key/java/JavaRedux/java/lang/System.java, Keeping one from URL:file:/home/runner/work/key/key/key.core/build/resources/main/de/uka/ilkd/key/java/JavaRedux/java/lang/System.java 
637975     WARN  main            d.u.i.k.j.r.KeYCrossReferenceNameInfo Datatype java.io.InputStream declared twice: Once in FILE:/home/runner/work/key/key/key.core/../key.ui/examples/index/.././standard_key/java_dl/classpath/InputStream.java and once in URL:file:/home/runner/work/key/key/key.core/build/resources/main/de/uka/ilkd/key/java/JavaRedux/java/io/InputStream.java, Keeping one from URL:file:/home/runner/work/key/key/key.core/build/resources/main/de/uka/ilkd/key/java/JavaRedux/java/io/InputStream.java 
637975     WARN  main            d.u.i.k.j.r.KeYCrossReferenceNameInfo Datatype java.io.PrintStream declared twice: Once in FILE:/home/runner/work/key/key/key.core/../key.ui/examples/index/.././standard_key/java_dl/classpath/PrintStream.java and once in URL:file:/home/runner/work/key/key/key.core/build/resources/main/de/uka/ilkd/key/java/JavaRedux/java/io/PrintStream.java, Keeping one from URL:file:/home/runner/work/key/key/key.core/build/resources/main/de/uka/ilkd/key/java/JavaRedux/java/io/PrintStream.java 
637976     WARN  main            d.u.i.k.j.r.KeYCrossReferenceNameInfo Datatype java.lang.System declared twice: Once in FILE:/home/runner/work/key/key/key.core/../key.ui/examples/index/.././standard_key/java_dl/classpath/System.java and once in URL:file:/home/runner/work/key/key/key.core/build/resources/main/de/uka/ilkd/key/java/JavaRedux/java/lang/System.java, Keeping one from URL:file:/home/runner/work/key/key/key.core/build/resources/main/de/uka/ilkd/key/java/JavaRedux/java/lang/System.java 
642497     WARN  main            d.u.i.k.j.r.KeYCrossReferenceNameInfo Datatype java.io.InputStream declared twice: Once in FILE:/home/runner/work/key/key/key.core/../key.ui/examples/index/.././standard_key/java_dl/classpath/InputStream.java and once in URL:file:/home/runner/work/key/key/key.core/build/resources/main/de/uka/ilkd/key/java/JavaRedux/java/io/InputStream.java, Keeping one from URL:file:/home/runner/work/key/key/key.core/build/resources/main/de/uka/ilkd/key/java/JavaRedux/java/io/InputStream.java 
642497     WARN  main            d.u.i.k.j.r.KeYCrossReferenceNameInfo Datatype java.io.PrintStream declared twice: Once in FILE:/home/runner/work/key/key/key.core/../key.ui/examples/index/.././standard_key/java_dl/classpath/PrintStream.java and once in URL:file:/home/runner/work/key/key/key.core/build/resources/main/de/uka/ilkd/key/java/JavaRedux/java/io/PrintStream.java, Keeping one from URL:file:/home/runner/work/key/key/key.core/build/resources/main/de/uka/ilkd/key/java/JavaRedux/java/io/PrintStream.java 
642497     WARN  main            d.u.i.k.j.r.KeYCrossReferenceNameInfo Datatype java.lang.System declared twice: Once in FILE:/home/runner/work/key/key/key.core/../key.ui/examples/index/.././standard_key/java_dl/classpath/System.java and once in URL:file:/home/runner/work/key/key/key.core/build/resources/main/de/uka/ilkd/key/java/JavaRedux/java/lang/System.java, Keeping one from URL:file:/home/runner/work/key/key/key.core/build/resources/main/de/uka/ilkd/key/java/JavaRedux/java/lang/System.java 
645891     WARN  main            d.u.i.k.j.r.KeYCrossReferenceNameInfo Datatype java.io.PrintStream declared twice: Once in FILE:/home/runner/work/key/key/key.core/../key.ui/examples/index/.././standard_key/staticInitialisation/classpath/PrintStream.java and once in URL:file:/home/runner/work/key/key/key.core/build/resources/main/de/uka/ilkd/key/java/JavaRedux/java/io/PrintStream.java, Keeping one from URL:file:/home/runner/work/key/key/key.core/build/resources/main/de/uka/ilkd/key/java/JavaRedux/java/io/PrintStream.java 
645891     WARN  main            d.u.i.k.j.r.KeYCrossReferenceNameInfo Datatype java.lang.System declared twice: Once in FILE:/home/runner/work/key/key/key.core/../key.ui/examples/index/.././standard_key/staticInitialisation/classpath/System.java and once in URL:file:/home/runner/work/key/key/key.core/build/resources/main/de/uka/ilkd/key/java/JavaRedux/java/lang/System.java, Keeping one from URL:file:/home/runner/work/key/key/key.core/build/resources/main/de/uka/ilkd/key/java/JavaRedux/java/lang/System.java 
650548     WARN  main            d.u.i.k.j.r.KeYCrossReferenceNameInfo Datatype java.io.PrintStream declared twice: Once in FILE:/home/runner/work/key/key/key.core/../key.ui/examples/index/.././standard_key/staticInitialisation/classpath/PrintStream.java and once in URL:file:/home/runner/work/key/key/key.core/build/resources/main/de/uka/ilkd/key/java/JavaRedux/java/io/PrintStream.java, Keeping one from URL:file:/home/runner/work/key/key/key.core/build/resources/main/de/uka/ilkd/key/java/JavaRedux/java/io/PrintStream.java 
650548     WARN  main            d.u.i.k.j.r.KeYCrossReferenceNameInfo Datatype java.lang.System declared twice: Once in FILE:/home/runner/work/key/key/key.core/../key.ui/examples/index/.././standard_key/staticInitialisation/classpath/System.java and once in URL:file:/home/runner/work/key/key/key.core/build/resources/main/de/uka/ilkd/key/java/JavaRedux/java/lang/System.java, Keeping one from URL:file:/home/runner/work/key/key/key.core/build/resources/main/de/uka/ilkd/key/java/JavaRedux/java/lang/System.java 
653944     WARN  main            d.u.i.k.j.r.KeYCrossReferenceNameInfo Datatype java.io.PrintStream declared twice: Once in FILE:/home/runner/work/key/key/key.core/../key.ui/examples/index/.././standard_key/staticInitialisation/classpath/PrintStream.java and once in URL:file:/home/runner/work/key/key/key.core/build/resources/main/de/uka/ilkd/key/java/JavaRedux/java/io/PrintStream.java, Keeping one from URL:file:/home/runner/work/key/key/key.core/build/resources/main/de/uka/ilkd/key/java/JavaRedux/java/io/PrintStream.java 
653945     WARN  main            d.u.i.k.j.r.KeYCrossReferenceNameInfo Datatype java.lang.System declared twice: Once in FILE:/home/runner/work/key/key/key.core/../key.ui/examples/index/.././standard_key/staticInitialisation/classpath/System.java and once in URL:file:/home/runner/work/key/key/key.core/build/resources/main/de/uka/ilkd/key/java/JavaRedux/java/lang/System.java, Keeping one from URL:file:/home/runner/work/key/key/key.core/build/resources/main/de/uka/ilkd/key/java/JavaRedux/java/lang/System.java 
657900     WARN  main            d.u.i.k.j.r.KeYCrossReferenceNameInfo Datatype java.io.PrintStream declared twice: Once in FILE:/home/runner/work/key/key/key.core/../key.ui/examples/index/.././standard_key/staticInitialisation/classpath/PrintStream.java and once in URL:file:/home/runner/work/key/key/key.core/build/resources/main/de/uka/ilkd/key/java/JavaRedux/java/io/PrintStream.java, Keeping one from URL:file:/home/runner/work/key/key/key.core/build/resources/main/de/uka/ilkd/key/java/JavaRedux/java/io/PrintStream.java 
657901     WARN  main            d.u.i.k.j.r.KeYCrossReferenceNameInfo Datatype java.lang.System declared twice: Once in FILE:/home/runner/work/key/key/key.core/../key.ui/examples/index/.././standard_key/staticInitialisation/classpath/System.java and once in URL:file:/home/runner/work/key/key/key.core/build/resources/main/de/uka/ilkd/key/java/JavaRedux/java/lang/System.java, Keeping one from URL:file:/home/runner/work/key/key/key.core/build/resources/main/de/uka/ilkd/key/java/JavaRedux/java/lang/System.java 
661128     WARN  main            d.u.i.k.j.r.KeYCrossReferenceNameInfo Datatype java.io.PrintStream declared twice: Once in FILE:/home/runner/work/key/key/key.core/../key.ui/examples/index/.././standard_key/staticInitialisation/classpath/PrintStream.java and once in URL:file:/home/runner/work/key/key/key.core/build/resources/main/de/uka/ilkd/key/java/JavaRedux/java/io/PrintStream.java, Keeping one from URL:file:/home/runner/work/key/key/key.core/build/resources/main/de/uka/ilkd/key/java/JavaRedux/java/io/PrintStream.java 
661129     WARN  main            d.u.i.k.j.r.KeYCrossReferenceNameInfo Datatype java.lang.System declared twice: Once in FILE:/home/runner/work/key/key/key.core/../key.ui/examples/index/.././standard_key/staticInitialisation/classpath/System.java and once in URL:file:/home/runner/work/key/key/key.core/build/resources/main/de/uka/ilkd/key/java/JavaRedux/java/lang/System.java, Keeping one from URL:file:/home/runner/work/key/key/key.core/build/resources/main/de/uka/ilkd/key/java/JavaRedux/java/lang/System.java 
665070     WARN  main            d.u.i.k.j.r.KeYCrossReferenceNameInfo Datatype java.io.PrintStream declared twice: Once in FILE:/home/runner/work/key/key/key.core/../key.ui/examples/index/.././standard_key/staticInitialisation/classpath/PrintStream.java and once in URL:file:/home/runner/work/key/key/key.core/build/resources/main/de/uka/ilkd/key/java/JavaRedux/java/io/PrintStream.java, Keeping one from URL:file:/home/runner/work/key/key/key.core/build/resources/main/de/uka/ilkd/key/java/JavaRedux/java/io/PrintStream.java 
665071     WARN  main            d.u.i.k.j.r.KeYCrossReferenceNameInfo Datatype java.lang.System declared twice: Once in FILE:/home/runner/work/key/key/key.core/../key.ui/examples/index/.././standard_key/staticInitialisation/classpath/System.java and once in URL:file:/home/runner/work/key/key/key.core/build/resources/main/de/uka/ilkd/key/java/JavaRedux/java/lang/System.java, Keeping one from URL:file:/home/runner/work/key/key/key.core/build/resources/main/de/uka/ilkd/key/java/JavaRedux/java/lang/System.java 
668398     WARN  main            d.u.i.k.j.r.KeYCrossReferenceNameInfo Datatype java.io.PrintStream declared twice: Once in FILE:/home/runner/work/key/key/key.core/../key.ui/examples/index/.././standard_key/staticInitialisation/classpath/PrintStream.java and once in URL:file:/home/runner/work/key/key/key.core/build/resources/main/de/uka/ilkd/key/java/JavaRedux/java/io/PrintStream.java, Keeping one from URL:file:/home/runner/work/key/key/key.core/build/resources/main/de/uka/ilkd/key/java/JavaRedux/java/io/PrintStream.java 
668398     WARN  main            d.u.i.k.j.r.KeYCrossReferenceNameInfo Datatype java.lang.System declared twice: Once in FILE:/home/runner/work/key/key/key.core/../key.ui/examples/index/.././standard_key/staticInitialisation/classpath/System.java and once in URL:file:/home/runner/work/key/key/key.core/build/resources/main/de/uka/ilkd/key/java/JavaRedux/java/lang/System.java, Keeping one from URL:file:/home/runner/work/key/key/key.core/build/resources/main/de/uka/ilkd/key/java/JavaRedux/java/lang/System.java 
672538     WARN  main            d.u.i.k.j.r.KeYCrossReferenceNameInfo Datatype java.io.PrintStream declared twice: Once in FILE:/home/runner/work/key/key/key.core/../key.ui/examples/index/.././standard_key/staticInitialisation/classpath/PrintStream.java and once in URL:file:/home/runner/work/key/key/key.core/build/resources/main/de/uka/ilkd/key/java/JavaRedux/java/io/PrintStream.java, Keeping one from URL:file:/home/runner/work/key/key/key.core/build/resources/main/de/uka/ilkd/key/java/JavaRedux/java/io/PrintStream.java 
672539     WARN  main            d.u.i.k.j.r.KeYCrossReferenceNameInfo Datatype java.lang.System declared twice: Once in FILE:/home/runner/work/key/key/key.core/../key.ui/examples/index/.././standard_key/staticInitialisation/classpath/System.java and once in URL:file:/home/runner/work/key/key/key.core/build/resources/main/de/uka/ilkd/key/java/JavaRedux/java/lang/System.java, Keeping one from URL:file:/home/runner/work/key/key/key.core/build/resources/main/de/uka/ilkd/key/java/JavaRedux/java/lang/System.java 
675922     WARN  main            d.u.i.k.j.r.KeYCrossReferenceNameInfo Datatype java.io.PrintStream declared twice: Once in FILE:/home/runner/work/key/key/key.core/../key.ui/examples/index/.././standard_key/staticInitialisation/classpath/PrintStream.java and once in URL:file:/home/runner/work/key/key/key.core/build/resources/main/de/uka/ilkd/key/java/JavaRedux/java/io/PrintStream.java, Keeping one from URL:file:/home/runner/work/key/key/key.core/build/resources/main/de/uka/ilkd/key/java/JavaRedux/java/io/PrintStream.java 
675923     WARN  main            d.u.i.k.j.r.KeYCrossReferenceNameInfo Datatype java.lang.System declared twice: Once in FILE:/home/runner/work/key/key/key.core/../key.ui/examples/index/.././standard_key/staticInitialisation/classpath/System.java and once in URL:file:/home/runner/work/key/key/key.core/build/resources/main/de/uka/ilkd/key/java/JavaRedux/java/lang/System.java, Keeping one from URL:file:/home/runner/work/key/key/key.core/build/resources/main/de/uka/ilkd/key/java/JavaRedux/java/lang/System.java 
680210     WARN  main            d.u.i.k.j.r.KeYCrossReferenceNameInfo Datatype java.io.PrintStream declared twice: Once in FILE:/home/runner/work/key/key/key.core/../key.ui/examples/index/.././standard_key/staticInitialisation/classpath/PrintStream.java and once in URL:file:/home/runner/work/key/key/key.core/build/resources/main/de/uka/ilkd/key/java/JavaRedux/java/io/PrintStream.java, Keeping one from URL:file:/home/runner/work/key/key/key.core/build/resources/main/de/uka/ilkd/key/java/JavaRedux/java/io/PrintStream.java 
680211     WARN  main            d.u.i.k.j.r.KeYCrossReferenceNameInfo Datatype java.lang.System declared twice: Once in FILE:/home/runner/work/key/key/key.core/../key.ui/examples/index/.././standard_key/staticInitialisation/classpath/System.java and once in URL:file:/home/runner/work/key/key/key.core/build/resources/main/de/uka/ilkd/key/java/JavaRedux/java/lang/System.java, Keeping one from URL:file:/home/runner/work/key/key/key.core/build/resources/main/de/uka/ilkd/key/java/JavaRedux/java/lang/System.java 
683483     WARN  main            d.u.i.k.j.r.KeYCrossReferenceNameInfo Datatype java.io.PrintStream declared twice: Once in FILE:/home/runner/work/key/key/key.core/../key.ui/examples/index/.././standard_key/staticInitialisation/classpath/PrintStream.java and once in URL:file:/home/runner/work/key/key/key.core/build/resources/main/de/uka/ilkd/key/java/JavaRedux/java/io/PrintStream.java, Keeping one from URL:file:/home/runner/work/key/key/key.core/build/resources/main/de/uka/ilkd/key/java/JavaRedux/java/io/PrintStream.java 
683483     WARN  main            d.u.i.k.j.r.KeYCrossReferenceNameInfo Datatype java.lang.System declared twice: Once in FILE:/home/runner/work/key/key/key.core/../key.ui/examples/index/.././standard_key/staticInitialisation/classpath/System.java and once in URL:file:/home/runner/work/key/key/key.core/build/resources/main/de/uka/ilkd/key/java/JavaRedux/java/lang/System.java, Keeping one from URL:file:/home/runner/work/key/key/key.core/build/resources/main/de/uka/ilkd/key/java/JavaRedux/java/lang/System.java 
701499     WARN  main            d.u.i.k.j.r.KeYCrossReferenceNameInfo Datatype java.io.PrintStream declared twice: Once in FILE:/home/runner/work/key/key/key.core/../key.ui/examples/index/.././standard_key/staticInitialisation/classpath/PrintStream.java and once in URL:file:/home/runner/work/key/key/key.core/build/resources/main/de/uka/ilkd/key/java/JavaRedux/java/io/PrintStream.java, Keeping one from URL:file:/home/runner/work/key/key/key.core/build/resources/main/de/uka/ilkd/key/java/JavaRedux/java/io/PrintStream.java 
701502     WARN  main            d.u.i.k.j.r.KeYCrossReferenceNameInfo Datatype java.lang.System declared twice: Once in FILE:/home/runner/work/key/key/key.core/../key.ui/examples/index/.././standard_key/staticInitialisation/classpath/System.java and once in URL:file:/home/runner/work/key/key/key.core/build/resources/main/de/uka/ilkd/key/java/JavaRedux/java/lang/System.java, Keeping one from URL:file:/home/runner/work/key/key/key.core/build/resources/main/de/uka/ilkd/key/java/JavaRedux/java/lang/System.java 
707533     WARN  main            d.u.i.k.j.r.KeYCrossReferenceNameInfo Datatype java.io.PrintStream declared twice: Once in FILE:/home/runner/work/key/key/key.core/../key.ui/examples/index/.././standard_key/staticInitialisation/classpath/PrintStream.java and once in URL:file:/home/runner/work/key/key/key.core/build/resources/main/de/uka/ilkd/key/java/JavaRedux/java/io/PrintStream.java, Keeping one from URL:file:/home/runner/work/key/key/key.core/build/resources/main/de/uka/ilkd/key/java/JavaRedux/java/io/PrintStream.java 
707534     WARN  main            d.u.i.k.j.r.KeYCrossReferenceNameInfo Datatype java.lang.System declared twice: Once in FILE:/home/runner/work/key/key/key.core/../key.ui/examples/index/.././standard_key/staticInitialisation/classpath/System.java and once in URL:file:/home/runner/work/key/key/key.core/build/resources/main/de/uka/ilkd/key/java/JavaRedux/java/lang/System.java, Keeping one from URL:file:/home/runner/work/key/key/key.core/build/resources/main/de/uka/ilkd/key/java/JavaRedux/java/lang/System.java 
712159     WARN  main            d.u.i.k.j.r.KeYCrossReferenceNameInfo Datatype java.io.PrintStream declared twice: Once in FILE:/home/runner/work/key/key/key.core/../key.ui/examples/index/.././standard_key/staticInitialisation/classpath/PrintStream.java and once in URL:file:/home/runner/work/key/key/key.core/build/resources/main/de/uka/ilkd/key/java/JavaRedux/java/io/PrintStream.java, Keeping one from URL:file:/home/runner/work/key/key/key.core/build/resources/main/de/uka/ilkd/key/java/JavaRedux/java/io/PrintStream.java 
712159     WARN  main            d.u.i.k.j.r.KeYCrossReferenceNameInfo Datatype java.lang.System declared twice: Once in FILE:/home/runner/work/key/key/key.core/../key.ui/examples/index/.././standard_key/staticInitialisation/classpath/System.java and once in URL:file:/home/runner/work/key/key/key.core/build/resources/main/de/uka/ilkd/key/java/JavaRedux/java/lang/System.java, Keeping one from URL:file:/home/runner/work/key/key/key.core/build/resources/main/de/uka/ilkd/key/java/JavaRedux/java/lang/System.java 
722570     WARN  main            d.u.i.k.j.r.KeYCrossReferenceNameInfo Datatype cp.C declared twice: Once in FILE:/home/runner/work/key/key/key.core/../key.ui/examples/index/../../../key.core/src/test/resources/testcase/classpath/classpath/C.class and once in FILE:/home/runner/work/key/key/key.core/../key.ui/examples/index/../../../key.core/src/test/resources/testcase/classpath/classpath/C.jml, Keeping one from FILE:/home/runner/work/key/key/key.core/../key.ui/examples/index/../../../key.core/src/test/resources/testcase/classpath/classpath/C.jml 
726671     WARN  main            d.u.i.k.j.r.KeYCrossReferenceNameInfo Datatype cp.C declared twice: Once in FILE:/home/runner/work/key/key/key.core/../key.ui/examples/index/../../../key.core/src/test/resources/testcase/classpath/classpath/C.class and once in FILE:/home/runner/work/key/key/key.core/../key.ui/examples/index/../../../key.core/src/test/resources/testcase/classpath/classpath/C.jml, Keeping one from FILE:/home/runner/work/key/key/key.core/../key.ui/examples/index/../../../key.core/src/test/resources/testcase/classpath/classpath/C.jml 
Returning from test javadl
Running test FOL
14:34:53,930 |-INFO in ch.qos.logback.classic.LoggerContext[default] - Could NOT find resource [logback-test.xml]
14:34:53,930 |-INFO in ch.qos.logback.classic.LoggerContext[default] - Found resource [logback.xml] at [file:/home/runner/work/key/key/key.core/build/resources/test/logback.xml]
14:34:54,054 |-INFO in ch.qos.logback.classic.joran.action.ConfigurationAction - debug attribute not set
14:34:54,054 |-INFO in ch.qos.logback.core.joran.action.AppenderAction - About to instantiate appender of type [ch.qos.logback.core.ConsoleAppender]
14:34:54,069 |-INFO in ch.qos.logback.core.joran.action.AppenderAction - Naming appender as [STDOUT]
14:34:54,074 |-ERROR in ch.qos.logback.core.joran.spi.Interpreter@3:15 - no applicable action for [file], current ElementPath  is [[configuration][appender][file]]
14:34:54,074 |-ERROR in ch.qos.logback.core.joran.spi.Interpreter@4:17 - no applicable action for [append], current ElementPath  is [[configuration][appender][append]]
14:34:54,075 |-INFO in ch.qos.logback.core.joran.action.NestedComplexPropertyIA - Assuming default type [ch.qos.logback.classic.encoder.PatternLayoutEncoder] for [encoder] property
14:34:54,106 |-INFO in ch.qos.logback.classic.joran.action.RootLoggerAction - Setting level of ROOT logger to WARN
14:34:54,106 |-INFO in ch.qos.logback.core.joran.action.AppenderRefAction - Attaching appender named [STDOUT] to Logger[ROOT]
14:34:54,107 |-INFO in ch.qos.logback.classic.joran.action.ConfigurationAction - End of configuration.
14:34:54,110 |-INFO in ch.qos.logback.classic.joran.JoranConfigurator@29176cc1 - Registering current configuration as safe fallback point

337        WARN  main            d.u.i.k.s.ProofSettings   The settings in /home/runner/.key/proof-settings.props are *not* read. 
Returning from test FOL
Running test strings
14:40:43,701 |-INFO in ch.qos.logback.classic.LoggerContext[default] - Could NOT find resource [logback-test.xml]
14:40:43,702 |-INFO in ch.qos.logback.classic.LoggerContext[default] - Found resource [logback.xml] at [file:/home/runner/work/key/key/key.core/build/resources/test/logback.xml]
14:40:43,829 |-INFO in ch.qos.logback.classic.joran.action.ConfigurationAction - debug attribute not set
14:40:43,830 |-INFO in ch.qos.logback.core.joran.action.AppenderAction - About to instantiate appender of type [ch.qos.logback.core.ConsoleAppender]
14:40:43,846 |-INFO in ch.qos.logback.core.joran.action.AppenderAction - Naming appender as [STDOUT]
14:40:43,852 |-ERROR in ch.qos.logback.core.joran.spi.Interpreter@3:15 - no applicable action for [file], current ElementPath  is [[configuration][appender][file]]
14:40:43,852 |-ERROR in ch.qos.logback.core.joran.spi.Interpreter@4:17 - no applicable action for [append], current ElementPath  is [[configuration][appender][append]]
14:40:43,854 |-INFO in ch.qos.logback.core.joran.action.NestedComplexPropertyIA - Assuming default type [ch.qos.logback.classic.encoder.PatternLayoutEncoder] for [encoder] property
14:40:43,882 |-INFO in ch.qos.logback.classic.joran.action.RootLoggerAction - Setting level of ROOT logger to WARN
14:40:43,882 |-INFO in ch.qos.logback.core.joran.action.AppenderRefAction - Attaching appender named [STDOUT] to Logger[ROOT]
14:40:43,882 |-INFO in ch.qos.logback.classic.joran.action.ConfigurationAction - End of configuration.
14:40:43,884 |-INFO in ch.qos.logback.classic.joran.JoranConfigurator@29176cc1 - Registering current configuration as safe fallback point

347        WARN  main            d.u.i.k.s.ProofSettings   The settings in /home/runner/.key/proof-settings.props are *not* read. 
Returning from test strings
Running test simple_info_flow
14:43:47,701 |-INFO in ch.qos.logback.classic.LoggerContext[default] - Could NOT find resource [logback-test.xml]
14:43:47,702 |-INFO in ch.qos.logback.classic.LoggerContext[default] - Found resource [logback.xml] at [file:/home/runner/work/key/key/key.core/build/resources/test/logback.xml]
14:43:47,811 |-INFO in ch.qos.logback.classic.joran.action.ConfigurationAction - debug attribute not set
14:43:47,811 |-INFO in ch.qos.logback.core.joran.action.AppenderAction - About to instantiate appender of type [ch.qos.logback.core.ConsoleAppender]
14:43:47,823 |-INFO in ch.qos.logback.core.joran.action.AppenderAction - Naming appender as [STDOUT]
14:43:47,834 |-ERROR in ch.qos.logback.core.joran.spi.Interpreter@3:15 - no applicable action for [file], current ElementPath  is [[configuration][appender][file]]
14:43:47,834 |-ERROR in ch.qos.logback.core.joran.spi.Interpreter@4:17 - no applicable action for [append], current ElementPath  is [[configuration][appender][append]]
14:43:47,837 |-INFO in ch.qos.logback.core.joran.action.NestedComplexPropertyIA - Assuming default type [ch.qos.logback.classic.encoder.PatternLayoutEncoder] for [encoder] property
14:43:47,884 |-INFO in ch.qos.logback.classic.joran.action.RootLoggerAction - Setting level of ROOT logger to WARN
14:43:47,884 |-INFO in ch.qos.logback.core.joran.action.AppenderRefAction - Attaching appender named [STDOUT] to Logger[ROOT]
14:43:47,884 |-INFO in ch.qos.logback.classic.joran.action.ConfigurationAction - End of configuration.
14:43:47,891 |-INFO in ch.qos.logback.classic.joran.JoranConfigurator@29176cc1 - Registering current configuration as safe fallback point

358        WARN  main            d.u.i.k.s.ProofSettings   The settings in /home/runner/.key/proof-settings.props are *not* read. 
Returning from test simple_info_flow
Running test modelMethods
14:44:03,520 |-INFO in ch.qos.logback.classic.LoggerContext[default] - Could NOT find resource [logback-test.xml]
14:44:03,521 |-INFO in ch.qos.logback.classic.LoggerContext[default] - Found resource [logback.xml] at [file:/home/runner/work/key/key/key.core/build/resources/test/logback.xml]
14:44:03,639 |-INFO in ch.qos.logback.classic.joran.action.ConfigurationAction - debug attribute not set
14:44:03,639 |-INFO in ch.qos.logback.core.joran.action.AppenderAction - About to instantiate appender of type [ch.qos.logback.core.ConsoleAppender]
14:44:03,654 |-INFO in ch.qos.logback.core.joran.action.AppenderAction - Naming appender as [STDOUT]
14:44:03,659 |-ERROR in ch.qos.logback.core.joran.spi.Interpreter@3:15 - no applicable action for [file], current ElementPath  is [[configuration][appender][file]]
14:44:03,660 |-ERROR in ch.qos.logback.core.joran.spi.Interpreter@4:17 - no applicable action for [append], current ElementPath  is [[configuration][appender][append]]
14:44:03,662 |-INFO in ch.qos.logback.core.joran.action.NestedComplexPropertyIA - Assuming default type [ch.qos.logback.classic.encoder.PatternLayoutEncoder] for [encoder] property
14:44:03,709 |-INFO in ch.qos.logback.classic.joran.action.RootLoggerAction - Setting level of ROOT logger to WARN
14:44:03,711 |-INFO in ch.qos.logback.core.joran.action.AppenderRefAction - Attaching appender named [STDOUT] to Logger[ROOT]
14:44:03,712 |-INFO in ch.qos.logback.classic.joran.action.ConfigurationAction - End of configuration.
14:44:03,714 |-INFO in ch.qos.logback.classic.joran.JoranConfigurator@29176cc1 - Registering current configuration as safe fallback point

368        WARN  main            d.u.i.k.s.ProofSettings   The settings in /home/runner/.key/proof-settings.props are *not* read. 
Returning from test modelMethods
Running test permissionHeap
14:47:49,005 |-INFO in ch.qos.logback.classic.LoggerContext[default] - Could NOT find resource [logback-test.xml]
14:47:49,006 |-INFO in ch.qos.logback.classic.LoggerContext[default] - Found resource [logback.xml] at [file:/home/runner/work/key/key/key.core/build/resources/test/logback.xml]
14:47:49,145 |-INFO in ch.qos.logback.classic.joran.action.ConfigurationAction - debug attribute not set
14:47:49,147 |-INFO in ch.qos.logback.core.joran.action.AppenderAction - About to instantiate appender of type [ch.qos.logback.core.ConsoleAppender]
14:47:49,164 |-INFO in ch.qos.logback.core.joran.action.AppenderAction - Naming appender as [STDOUT]
14:47:49,169 |-ERROR in ch.qos.logback.core.joran.spi.Interpreter@3:15 - no applicable action for [file], current ElementPath  is [[configuration][appender][file]]
14:47:49,169 |-ERROR in ch.qos.logback.core.joran.spi.Interpreter@4:17 - no applicable action for [append], current ElementPath  is [[configuration][appender][append]]
14:47:49,170 |-INFO in ch.qos.logback.core.joran.action.NestedComplexPropertyIA - Assuming default type [ch.qos.logback.classic.encoder.PatternLayoutEncoder] for [encoder] property
14:47:49,193 |-INFO in ch.qos.logback.classic.joran.action.RootLoggerAction - Setting level of ROOT logger to WARN
14:47:49,193 |-INFO in ch.qos.logback.core.joran.action.AppenderRefAction - Attaching appender named [STDOUT] to Logger[ROOT]
14:47:49,194 |-INFO in ch.qos.logback.classic.joran.action.ConfigurationAction - End of configuration.
14:47:49,195 |-INFO in ch.qos.logback.classic.joran.JoranConfigurator@29176cc1 - Registering current configuration as safe fallback point

344        WARN  main            d.u.i.k.s.ProofSettings   The settings in /home/runner/.key/proof-settings.props are *not* read. 
1077123    WARN  main            d.u.i.k.p.i.IntermediateProofReplayer Proof contains wrong number of \assumes instatiations for Definition_axiom_for_stateInv_in_Plotter 
1077125    WARN  main            d.u.i.k.p.i.IntermediateProofReplayer Proof contains wrong number of \assumes instatiations for Definition_axiom_for_stateInv_in_Plotter 
1077128    WARN  main            d.u.i.k.p.i.IntermediateProofReplayer Proof contains wrong number of \assumes instatiations for Definition_axiom_for_workingPermissions_in_Plotter 
1077128    WARN  main            d.u.i.k.p.i.IntermediateProofReplayer Proof contains wrong number of \assumes instatiations for Definition_axiom_for_staticPermissions_in_Plotter 
1077129    WARN  main            d.u.i.k.p.i.IntermediateProofReplayer Proof contains wrong number of \assumes instatiations for Definition_axiom_for_joinTransfer_in_Plotter 
1077131    WARN  main            d.u.i.k.p.i.IntermediateProofReplayer Proof contains wrong number of \assumes instatiations for Definition_axiom_for_stateInv_in_BFilter 
1077133    WARN  main            d.u.i.k.p.i.IntermediateProofReplayer Proof contains wrong number of \assumes instatiations for Definition_axiom_for_stateInv_in_AFilter 
1077135    WARN  main            d.u.i.k.p.i.IntermediateProofReplayer Proof contains wrong number of \assumes instatiations for Definition_axiom_for_stateInv_in_BFilter 
1077137    WARN  main            d.u.i.k.p.i.IntermediateProofReplayer Proof contains wrong number of \assumes instatiations for Definition_axiom_for_stateInv_in_AFilter 
1077139    WARN  main            d.u.i.k.p.i.IntermediateProofReplayer Proof contains wrong number of \assumes instatiations for Definition_axiom_for_staticPermissions_in_AFilter 
1077140    WARN  main            d.u.i.k.p.i.IntermediateProofReplayer Proof contains wrong number of \assumes instatiations for Definition_axiom_for_staticPermissions_in_Plotter 
1077140    WARN  main            d.u.i.k.p.i.IntermediateProofReplayer Proof contains wrong number of \assumes instatiations for Definition_axiom_for_staticPermissions_in_BFilter 
1077141    WARN  main            d.u.i.k.p.i.IntermediateProofReplayer Proof contains wrong number of \assumes instatiations for Definition_axiom_for_workingPermissions_in_Plotter 
1077142    WARN  main            d.u.i.k.p.i.IntermediateProofReplayer Proof contains wrong number of \assumes instatiations for Definition_axiom_for_stateInv_in_Sampler 
1077143    WARN  main            d.u.i.k.p.i.IntermediateProofReplayer Proof contains wrong number of \assumes instatiations for Definition_axiom_for_stateInv_in_Sampler 
1077144    WARN  main            d.u.i.k.p.i.IntermediateProofReplayer Proof contains wrong number of \assumes instatiations for Definition_axiom_for_staticPermissions_in_Sampler 
1077145    WARN  main            d.u.i.k.p.i.IntermediateProofReplayer Proof contains wrong number of \assumes instatiations for Definition_axiom_for_staticPermissions_in_BFilter 
1077146    WARN  main            d.u.i.k.p.i.IntermediateProofReplayer Proof contains wrong number of \assumes instatiations for Definition_axiom_for_staticPermissions_in_AFilter 
1077147    WARN  main            d.u.i.k.p.i.IntermediateProofReplayer Proof contains wrong number of \assumes instatiations for Definition_axiom_for_staticPermissions_in_Sampler 
1077147    WARN  main            d.u.i.k.p.i.IntermediateProofReplayer Proof contains wrong number of \assumes instatiations for Definition_axiom_for_staticPermissions_in_Sampler 
1077148    WARN  main            d.u.i.k.p.i.IntermediateProofReplayer Proof contains wrong number of \assumes instatiations for Definition_axiom_for_staticPermissions_in_Sampler 
1077149    WARN  main            d.u.i.k.p.i.IntermediateProofReplayer Proof contains wrong number of \assumes instatiations for Definition_axiom_for_joinTransfer_in_Plotter 
Returning from test permissionHeap
Running test completionScopes
15:05:46,496 |-INFO in ch.qos.logback.classic.LoggerContext[default] - Could NOT find resource [logback-test.xml]
15:05:46,497 |-INFO in ch.qos.logback.classic.LoggerContext[default] - Found resource [logback.xml] at [file:/home/runner/work/key/key/key.core/build/resources/test/logback.xml]
15:05:46,615 |-INFO in ch.qos.logback.classic.joran.action.ConfigurationAction - debug attribute not set
15:05:46,615 |-INFO in ch.qos.logback.core.joran.action.AppenderAction - About to instantiate appender of type [ch.qos.logback.core.ConsoleAppender]
15:05:46,627 |-INFO in ch.qos.logback.core.joran.action.AppenderAction - Naming appender as [STDOUT]
15:05:46,633 |-ERROR in ch.qos.logback.core.joran.spi.Interpreter@3:15 - no applicable action for [file], current ElementPath  is [[configuration][appender][file]]
15:05:46,633 |-ERROR in ch.qos.logback.core.joran.spi.Interpreter@4:17 - no applicable action for [append], current ElementPath  is [[configuration][appender][append]]
15:05:46,634 |-INFO in ch.qos.logback.core.joran.action.NestedComplexPropertyIA - Assuming default type [ch.qos.logback.classic.encoder.PatternLayoutEncoder] for [encoder] property
15:05:46,662 |-INFO in ch.qos.logback.classic.joran.action.RootLoggerAction - Setting level of ROOT logger to WARN
15:05:46,662 |-INFO in ch.qos.logback.core.joran.action.AppenderRefAction - Attaching appender named [STDOUT] to Logger[ROOT]
15:05:46,663 |-INFO in ch.qos.logback.classic.joran.action.ConfigurationAction - End of configuration.
15:05:46,665 |-INFO in ch.qos.logback.classic.joran.JoranConfigurator@29176cc1 - Registering current configuration as safe fallback point

318        WARN  main            d.u.i.k.s.ProofSettings   The settings in /home/runner/.key/proof-settings.props are *not* read. 
Returning from test completionScopes
Running test reload_examples
15:06:49,569 |-INFO in ch.qos.logback.classic.LoggerContext[default] - Could NOT find resource [logback-test.xml]
15:06:49,570 |-INFO in ch.qos.logback.classic.LoggerContext[default] - Found resource [logback.xml] at [file:/home/runner/work/key/key/key.core/build/resources/test/logback.xml]
15:06:49,694 |-INFO in ch.qos.logback.classic.joran.action.ConfigurationAction - debug attribute not set
15:06:49,696 |-INFO in ch.qos.logback.core.joran.action.AppenderAction - About to instantiate appender of type [ch.qos.logback.core.ConsoleAppender]
15:06:49,710 |-INFO in ch.qos.logback.core.joran.action.AppenderAction - Naming appender as [STDOUT]
15:06:49,715 |-ERROR in ch.qos.logback.core.joran.spi.Interpreter@3:15 - no applicable action for [file], current ElementPath  is [[configuration][appender][file]]
15:06:49,715 |-ERROR in ch.qos.logback.core.joran.spi.Interpreter@4:17 - no applicable action for [append], current ElementPath  is [[configuration][appender][append]]
15:06:49,718 |-INFO in ch.qos.logback.core.joran.action.NestedComplexPropertyIA - Assuming default type [ch.qos.logback.classic.encoder.PatternLayoutEncoder] for [encoder] property
15:06:49,756 |-INFO in ch.qos.logback.classic.joran.action.RootLoggerAction - Setting level of ROOT logger to WARN
15:06:49,756 |-INFO in ch.qos.logback.core.joran.action.AppenderRefAction - Attaching appender named [STDOUT] to Logger[ROOT]
15:06:49,756 |-INFO in ch.qos.logback.classic.joran.action.ConfigurationAction - End of configuration.
15:06:49,759 |-INFO in ch.qos.logback.classic.joran.JoranConfigurator@29176cc1 - Registering current configuration as safe fallback point

341        WARN  main            d.u.i.k.s.ProofSettings   The settings in /home/runner/.key/proof-settings.props are *not* read. 
Returning from test reload_examples
Running test proofLoadRepair
15:07:42,439 |-INFO in ch.qos.logback.classic.LoggerContext[default] - Could NOT find resource [logback-test.xml]
15:07:42,440 |-INFO in ch.qos.logback.classic.LoggerContext[default] - Found resource [logback.xml] at [file:/home/runner/work/key/key/key.core/build/resources/test/logback.xml]
15:07:42,561 |-INFO in ch.qos.logback.classic.joran.action.ConfigurationAction - debug attribute not set
15:07:42,562 |-INFO in ch.qos.logback.core.joran.action.AppenderAction - About to instantiate appender of type [ch.qos.logback.core.ConsoleAppender]
15:07:42,575 |-INFO in ch.qos.logback.core.joran.action.AppenderAction - Naming appender as [STDOUT]
15:07:42,580 |-ERROR in ch.qos.logback.core.joran.spi.Interpreter@3:15 - no applicable action for [file], current ElementPath  is [[configuration][appender][file]]
15:07:42,580 |-ERROR in ch.qos.logback.core.joran.spi.Interpreter@4:17 - no applicable action for [append], current ElementPath  is [[configuration][appender][append]]
15:07:42,582 |-INFO in ch.qos.logback.core.joran.action.NestedComplexPropertyIA - Assuming default type [ch.qos.logback.classic.encoder.PatternLayoutEncoder] for [encoder] property
15:07:42,605 |-INFO in ch.qos.logback.classic.joran.action.RootLoggerAction - Setting level of ROOT logger to WARN
15:07:42,605 |-INFO in ch.qos.logback.core.joran.action.AppenderRefAction - Attaching appender named [STDOUT] to Logger[ROOT]
15:07:42,606 |-INFO in ch.qos.logback.classic.joran.action.ConfigurationAction - End of configuration.
15:07:42,608 |-INFO in ch.qos.logback.classic.joran.JoranConfigurator@29176cc1 - Registering current configuration as safe fallback point

340        WARN  main            d.u.i.k.s.ProofSettings   The settings in /home/runner/.key/proof-settings.props are *not* read. 
10198      WARN  main            d.u.i.k.p.i.IntermediateProofReplayer Proof contains wrong number of \assumes instatiations for andLeft 
10199      WARN  main            d.u.i.k.p.i.IntermediateProofReplayer Proof contains wrong number of \assumes instatiations for replace_known_right 
10203      WARN  main            d.u.i.k.p.i.IntermediateProofReplayer Proof contains wrong number of \assumes instatiations for close 
13856      WARN  main            d.u.i.k.p.i.IntermediateProofReplayer Proof contains wrong number of \assumes instatiations for applyEq 
Returning from test proofLoadRepair
Running test switch
15:08:06,758 |-INFO in ch.qos.logback.classic.LoggerContext[default] - Could NOT find resource [logback-test.xml]
15:08:06,759 |-INFO in ch.qos.logback.classic.LoggerContext[default] - Found resource [logback.xml] at [file:/home/runner/work/key/key/key.core/build/resources/test/logback.xml]
15:08:06,903 |-INFO in ch.qos.logback.classic.joran.action.ConfigurationAction - debug attribute not set
15:08:06,904 |-INFO in ch.qos.logback.core.joran.action.AppenderAction - About to instantiate appender of type [ch.qos.logback.core.ConsoleAppender]
15:08:06,916 |-INFO in ch.qos.logback.core.joran.action.AppenderAction - Naming appender as [STDOUT]
15:08:06,921 |-ERROR in ch.qos.logback.core.joran.spi.Interpreter@3:15 - no applicable action for [file], current ElementPath  is [[configuration][appender][file]]
15:08:06,922 |-ERROR in ch.qos.logback.core.joran.spi.Interpreter@4:17 - no applicable action for [append], current ElementPath  is [[configuration][appender][append]]
15:08:06,923 |-INFO in ch.qos.logback.core.joran.action.NestedComplexPropertyIA - Assuming default type [ch.qos.logback.classic.encoder.PatternLayoutEncoder] for [encoder] property
15:08:06,952 |-INFO in ch.qos.logback.classic.joran.action.RootLoggerAction - Setting level of ROOT logger to WARN
15:08:06,952 |-INFO in ch.qos.logback.core.joran.action.AppenderRefAction - Attaching appender named [STDOUT] to Logger[ROOT]
15:08:06,953 |-INFO in ch.qos.logback.classic.joran.action.ConfigurationAction - End of configuration.
15:08:06,954 |-INFO in ch.qos.logback.classic.joran.JoranConfigurator@29176cc1 - Registering current configuration as safe fallback point

325        WARN  main            d.u.i.k.s.ProofSettings   The settings in /home/runner/.key/proof-settings.props are *not* read. 
Returning from test switch
Running test redux
15:09:26,608 |-INFO in ch.qos.logback.classic.LoggerContext[default] - Could NOT find resource [logback-test.xml]
15:09:26,608 |-INFO in ch.qos.logback.classic.LoggerContext[default] - Found resource [logback.xml] at [file:/home/runner/work/key/key/key.core/build/resources/test/logback.xml]
15:09:26,731 |-INFO in ch.qos.logback.classic.joran.action.ConfigurationAction - debug attribute not set
15:09:26,731 |-INFO in ch.qos.logback.core.joran.action.AppenderAction - About to instantiate appender of type [ch.qos.logback.core.ConsoleAppender]
15:09:26,747 |-INFO in ch.qos.logback.core.joran.action.AppenderAction - Naming appender as [STDOUT]
15:09:26,753 |-ERROR in ch.qos.logback.core.joran.spi.Interpreter@3:15 - no applicable action for [file], current ElementPath  is [[configuration][appender][file]]
15:09:26,754 |-ERROR in ch.qos.logback.core.joran.spi.Interpreter@4:17 - no applicable action for [append], current ElementPath  is [[configuration][appender][append]]
15:09:26,756 |-INFO in ch.qos.logback.core.joran.action.NestedComplexPropertyIA - Assuming default type [ch.qos.logback.classic.encoder.PatternLayoutEncoder] for [encoder] property
15:09:26,803 |-INFO in ch.qos.logback.classic.joran.action.RootLoggerAction - Setting level of ROOT logger to WARN
15:09:26,803 |-INFO in ch.qos.logback.core.joran.action.AppenderRefAction - Attaching appender named [STDOUT] to Logger[ROOT]
15:09:26,803 |-INFO in ch.qos.logback.classic.joran.action.ConfigurationAction - End of configuration.
15:09:26,805 |-INFO in ch.qos.logback.classic.joran.JoranConfigurator@29176cc1 - Registering current configuration as safe fallback point

353        WARN  main            d.u.i.k.s.ProofSettings   The settings in /home/runner/.key/proof-settings.props are *not* read. 
Returning from test redux
]]></system-out>
  <system-err><![CDATA[Timeout watcher launched (2000 secs.)
Timeout watcher launched (2000 secs.)
Timeout watcher launched (2000 secs.)
Timeout watcher launched (2000 secs.)
Timeout watcher launched (2000 secs.)
Timeout watcher launched (2000 secs.)
Timeout watcher launched (2000 secs.)
Timeout watcher launched (2000 secs.)
Timeout watcher launched (2000 secs.)
Timeout watcher launched (2000 secs.)
Timeout watcher launched (2000 secs.)
Timeout watcher launched (2000 secs.)
Timeout watcher launched (2000 secs.)
Timeout watcher launched (2000 secs.)
Timeout watcher launched (2000 secs.)
Timeout watcher launched (2000 secs.)
Timeout watcher launched (2000 secs.)
Timeout watcher launched (2000 secs.)
Timeout watcher launched (2000 secs.)
Timeout watcher launched (2000 secs.)
Timeout watcher launched (2000 secs.)
Timeout watcher launched (2000 secs.)
Timeout watcher launched (2000 secs.)
Timeout watcher launched (2000 secs.)
Timeout watcher launched (2000 secs.)
Timeout watcher launched (2000 secs.)
Timeout watcher launched (2000 secs.)
Timeout watcher launched (2000 secs.)
Timeout watcher launched (2000 secs.)
Feb 08, 2023 1:55:44 PM de.uka.ilkd.key.macros.scripts.ScriptCommand execute
INFO: Included script /home/runner/work/key/key/key.core/../key.ui/examples/index/.././heap/quicksort/sort.script
Timeout watcher launched (2000 secs.)
Timeout watcher launched (2000 secs.)
Timeout watcher launched (2000 secs.)
Timeout watcher launched (2000 secs.)
Timeout watcher launched (2000 secs.)
Timeout watcher launched (2000 secs.)
Timeout watcher launched (2000 secs.)
Timeout watcher launched (2000 secs.)
Timeout watcher launched (2000 secs.)
Timeout watcher launched (2000 secs.)
Timeout watcher launched (2000 secs.)
Timeout watcher launched (2000 secs.)
Timeout watcher launched (2000 secs.)
Timeout watcher launched (2000 secs.)
Timeout watcher launched (2000 secs.)
Timeout watcher launched (2000 secs.)
Timeout watcher launched (2000 secs.)
Timeout watcher launched (2000 secs.)
SMT Runtime, goal 17: 65 ms; valid
SMT Runtime, goal 27: 46 ms; valid
]]></system-err>
</testsuite>
