<?xml version="1.0" encoding="UTF-8"?>
<testsuite name="de.uka.ilkd.key.logic.TestClashFreeSubst" tests="14" skipped="2" failures="0" errors="0" timestamp="2023-04-03T21:07:35" hostname="fv-az399-738" time="46.545">
  <properties/>
  <testcase name="testMultiShareBound()" classname="de.uka.ilkd.key.logic.TestClashFreeSubst" time="0.933"/>
  <testcase name="testClash()" classname="de.uka.ilkd.key.logic.TestClashFreeSubst" time="0.916"/>
  <testcase name="testShare()" classname="de.uka.ilkd.key.logic.TestClashFreeSubst" time="0.876"/>
  <testcase name="testSubst()" classname="de.uka.ilkd.key.logic.TestClashFreeSubst" time="0.901"/>
  <testcase name="testWary0()" classname="de.uka.ilkd.key.logic.TestClashFreeSubst" time="0.89"/>
  <testcase name="testWary1()" classname="de.uka.ilkd.key.logic.TestClashFreeSubst" time="0.87"/>
  <testcase name="testWary2()" classname="de.uka.ilkd.key.logic.TestClashFreeSubst" time="0.852"/>
  <testcase name="testClashInSubstTerm()" classname="de.uka.ilkd.key.logic.TestClashFreeSubst" time="0.864"/>
  <testcase name="testShareWary()" classname="de.uka.ilkd.key.logic.TestClashFreeSubst" time="0.859"/>
  <testcase name="testMultiSubst()" classname="de.uka.ilkd.key.logic.TestClashFreeSubst" time="0.835"/>
  <testcase name="xtestMultiClash()" classname="de.uka.ilkd.key.logic.TestClashFreeSubst" time="0.0">
    <skipped/>
  </testcase>
  <testcase name="testSubstInSubstTerm()" classname="de.uka.ilkd.key.logic.TestClashFreeSubst" time="0.864"/>
  <testcase name="testSubstWary()" classname="de.uka.ilkd.key.logic.TestClashFreeSubst" time="0.842"/>
  <testcase name="xtestMultiClash1()" classname="de.uka.ilkd.key.logic.TestClashFreeSubst" time="0.0">
    <skipped/>
  </testcase>
  <system-out><![CDATA[33597      INFO  Test worker     d.u.i.k.n.KeyIO           Parsing took 0 ms 
33598      INFO  Test worker     d.u.i.k.n.KeyIO           MODE: declarations took 1 ms 
34521      INFO  Test worker     d.u.i.k.n.KeyIO           Parsing took 0 ms 
34521      INFO  Test worker     d.u.i.k.n.KeyIO           MODE: declarations took 0 ms 
37482      INFO  Test worker     d.u.i.k.n.KeyIO           Parsing took 1 ms 
37483      INFO  Test worker     d.u.i.k.n.KeyIO           MODE: declarations took 1 ms 
38394      INFO  Test worker     d.u.i.k.n.KeyIO           Parsing took 0 ms 
38394      INFO  Test worker     d.u.i.k.n.KeyIO           MODE: declarations took 0 ms 
41234      INFO  Test worker     d.u.i.k.n.KeyIO           Parsing took 0 ms 
41235      INFO  Test worker     d.u.i.k.n.KeyIO           MODE: declarations took 1 ms 
42108      INFO  Test worker     d.u.i.k.n.KeyIO           Parsing took 0 ms 
42108      INFO  Test worker     d.u.i.k.n.KeyIO           MODE: declarations took 0 ms 
44855      INFO  Test worker     d.u.i.k.n.KeyIO           Parsing took 0 ms 
44855      INFO  Test worker     d.u.i.k.n.KeyIO           MODE: declarations took 0 ms 
45754      INFO  Test worker     d.u.i.k.n.KeyIO           Parsing took 0 ms 
45754      INFO  Test worker     d.u.i.k.n.KeyIO           MODE: declarations took 0 ms 
48486      INFO  Test worker     d.u.i.k.n.KeyIO           Parsing took 0 ms 
48487      INFO  Test worker     d.u.i.k.n.KeyIO           MODE: declarations took 0 ms 
49371      INFO  Test worker     d.u.i.k.n.KeyIO           Parsing took 0 ms 
49372      INFO  Test worker     d.u.i.k.n.KeyIO           MODE: declarations took 0 ms 
52225      INFO  Test worker     d.u.i.k.n.KeyIO           Parsing took 0 ms 
52226      INFO  Test worker     d.u.i.k.n.KeyIO           MODE: declarations took 0 ms 
53092      INFO  Test worker     d.u.i.k.n.KeyIO           Parsing took 1 ms 
53093      INFO  Test worker     d.u.i.k.n.KeyIO           MODE: declarations took 1 ms 
55851      INFO  Test worker     d.u.i.k.n.KeyIO           Parsing took 0 ms 
55852      INFO  Test worker     d.u.i.k.n.KeyIO           MODE: declarations took 0 ms 
56700      INFO  Test worker     d.u.i.k.n.KeyIO           Parsing took 0 ms 
56700      INFO  Test worker     d.u.i.k.n.KeyIO           MODE: declarations took 0 ms 
59475      INFO  Test worker     d.u.i.k.n.KeyIO           Parsing took 0 ms 
59476      INFO  Test worker     d.u.i.k.n.KeyIO           MODE: declarations took 0 ms 
60335      INFO  Test worker     d.u.i.k.n.KeyIO           Parsing took 0 ms 
60335      INFO  Test worker     d.u.i.k.n.KeyIO           MODE: declarations took 0 ms 
63120      INFO  Test worker     d.u.i.k.n.KeyIO           Parsing took 0 ms 
63121      INFO  Test worker     d.u.i.k.n.KeyIO           MODE: declarations took 1 ms 
63975      INFO  Test worker     d.u.i.k.n.KeyIO           Parsing took 0 ms 
63976      INFO  Test worker     d.u.i.k.n.KeyIO           MODE: declarations took 0 ms 
66701      INFO  Test worker     d.u.i.k.n.KeyIO           Parsing took 0 ms 
66702      INFO  Test worker     d.u.i.k.n.KeyIO           MODE: declarations took 0 ms 
67532      INFO  Test worker     d.u.i.k.n.KeyIO           Parsing took 0 ms 
67533      INFO  Test worker     d.u.i.k.n.KeyIO           MODE: declarations took 0 ms 
72988      INFO  Test worker     d.u.i.k.n.KeyIO           Parsing took 0 ms 
72989      INFO  Test worker     d.u.i.k.n.KeyIO           MODE: declarations took 0 ms 
73849      INFO  Test worker     d.u.i.k.n.KeyIO           Parsing took 1 ms 
73849      INFO  Test worker     d.u.i.k.n.KeyIO           MODE: declarations took 0 ms 
76573      INFO  Test worker     d.u.i.k.n.KeyIO           Parsing took 0 ms 
76574      INFO  Test worker     d.u.i.k.n.KeyIO           MODE: declarations took 1 ms 
77413      INFO  Test worker     d.u.i.k.n.KeyIO           Parsing took 0 ms 
77413      INFO  Test worker     d.u.i.k.n.KeyIO           MODE: declarations took 0 ms 
]]></system-out>
  <system-err><![CDATA[]]></system-err>
</testsuite>
