<?xml version="1.0" encoding="UTF-8"?>
<testsuite name="de.uka.ilkd.key.nparser.ParseLDTsTests" tests="2" skipped="0" failures="0" errors="0" timestamp="2023-04-03T21:10:11" hostname="fv-az399-738" time="0.73">
  <properties/>
  <testcase name="testLDT()" classname="de.uka.ilkd.key.nparser.ParseLDTsTests" time="0.012"/>
  <testcase name="testSR()" classname="de.uka.ilkd.key.nparser.ParseLDTsTests" time="0.717"/>
  <system-out><![CDATA[189416     INFO  Test worker     d.u.i.k.n.KeyIO           Parsing took 6 ms 
189417     INFO  Test worker     d.u.i.k.n.KeyIO           MODE: declarations took 1 ms 
189695     INFO  Test worker     d.u.i.k.n.KeyIO           Parsing took 272 ms 
189698     INFO  Test worker     d.u.i.k.n.KeyIO           MODE: declarations took 2 ms 
]]></system-out>
  <system-err><![CDATA[]]></system-err>
</testsuite>
