<?xml version="1.0" encoding="UTF-8"?>
<testsuite name="de.uka.ilkd.key.parser.TestTermParser" tests="47" skipped="4" failures="0" errors="0" timestamp="2023-03-03T21:06:20" hostname="fv-az210-508" time="3.298">
  <properties/>
  <testcase name="testNotEqual()" classname="de.uka.ilkd.key.parser.TestTermParser" time="0.002"/>
  <testcase name="testProgramVariables()" classname="de.uka.ilkd.key.parser.TestTermParser" time="0.069"/>
  <testcase name="testAttributeWithSpecifiedSortOnObject()" classname="de.uka.ilkd.key.parser.TestTermParser" time="0.004"/>
  <testcase name="testCast()" classname="de.uka.ilkd.key.parser.TestTermParser" time="0.002"/>
  <testcase name="testJavaQueryAndAttribute_all()" classname="de.uka.ilkd.key.parser.TestTermParser" time="0.001">
    <skipped/>
  </testcase>
  <testcase name="test10()" classname="de.uka.ilkd.key.parser.TestTermParser" time="0.003"/>
  <testcase name="test11()" classname="de.uka.ilkd.key.parser.TestTermParser" time="0.002"/>
  <testcase name="test12()" classname="de.uka.ilkd.key.parser.TestTermParser" time="0.001">
    <skipped/>
  </testcase>
  <testcase name="test13()" classname="de.uka.ilkd.key.parser.TestTermParser" time="0.005"/>
  <testcase name="test14()" classname="de.uka.ilkd.key.parser.TestTermParser" time="0.003"/>
  <testcase name="test1a()" classname="de.uka.ilkd.key.parser.TestTermParser" time="0.013"/>
  <testcase name="testJavaAttributeAccess_4()" classname="de.uka.ilkd.key.parser.TestTermParser" time="0.003"/>
  <testcase name="testAttributeOnObject()" classname="de.uka.ilkd.key.parser.TestTermParser" time="0.003"/>
  <testcase name="testNegativeLiteralParsing1()" classname="de.uka.ilkd.key.parser.TestTermParser" time="0.002"/>
  <testcase name="testNegativeLiteralParsing2()" classname="de.uka.ilkd.key.parser.TestTermParser" time="0.001"/>
  <testcase name="testNegativeLiteralParsing3()" classname="de.uka.ilkd.key.parser.TestTermParser" time="0.002"/>
  <testcase name="xtestParsingArrayWithSpaces()" classname="de.uka.ilkd.key.parser.TestTermParser" time="0.0">
    <skipped/>
  </testcase>
  <testcase name="testAmbigiousFuncVarPred()" classname="de.uka.ilkd.key.parser.TestTermParser" time="0.001"/>
  <testcase name="test1()" classname="de.uka.ilkd.key.parser.TestTermParser" time="0.002"/>
  <testcase name="test2()" classname="de.uka.ilkd.key.parser.TestTermParser" time="0.001"/>
  <testcase name="test3()" classname="de.uka.ilkd.key.parser.TestTermParser" time="0.002"/>
  <testcase name="test5()" classname="de.uka.ilkd.key.parser.TestTermParser" time="0.001"/>
  <testcase name="test6()" classname="de.uka.ilkd.key.parser.TestTermParser" time="0.001"/>
  <testcase name="test7()" classname="de.uka.ilkd.key.parser.TestTermParser" time="0.001"/>
  <testcase name="test8()" classname="de.uka.ilkd.key.parser.TestTermParser" time="0.001"/>
  <testcase name="test9()" classname="de.uka.ilkd.key.parser.TestTermParser" time="0.001"/>
  <testcase name="testBindingUpdateTerm()" classname="de.uka.ilkd.key.parser.TestTermParser" time="0.001"/>
  <testcase name="testJavaStaticQuery()" classname="de.uka.ilkd.key.parser.TestTermParser" time="0.003"/>
  <testcase name="testInfix1()" classname="de.uka.ilkd.key.parser.TestTermParser" time="0.002"/>
  <testcase name="testInfix2()" classname="de.uka.ilkd.key.parser.TestTermParser" time="0.001"/>
  <testcase name="testInfix3()" classname="de.uka.ilkd.key.parser.TestTermParser" time="0.002"/>
  <testcase name="testInfix4()" classname="de.uka.ilkd.key.parser.TestTermParser" time="0.002"/>
  <testcase name="testIfThenElse()" classname="de.uka.ilkd.key.parser.TestTermParser" time="0.002"/>
  <testcase name="testJavaAttributeAccessBoth_1()" classname="de.uka.ilkd.key.parser.TestTermParser" time="0.003"/>
  <testcase name="testJavaAttributeAccessBoth_2()" classname="de.uka.ilkd.key.parser.TestTermParser" time="0.003"/>
  <testcase name="testJavaAttributeAccessBoth_3()" classname="de.uka.ilkd.key.parser.TestTermParser" time="0.002"/>
  <testcase name="testBindingUpdateTerm_1()" classname="de.uka.ilkd.key.parser.TestTermParser" time="0.001"/>
  <testcase name="testBindingUpdateTerm_3()" classname="de.uka.ilkd.key.parser.TestTermParser" time="0.004"/>
  <testcase name="testBindingUpdateTerm_4()" classname="de.uka.ilkd.key.parser.TestTermParser" time="0.001"/>
  <testcase name="testBindingUpdateTerm_5()" classname="de.uka.ilkd.key.parser.TestTermParser" time="0.001"/>
  <testcase name="testBindingUpdateTerm_6()" classname="de.uka.ilkd.key.parser.TestTermParser" time="0.001"/>
  <testcase name="testBindingUpdateTerm_7()" classname="de.uka.ilkd.key.parser.TestTermParser" time="0.002"/>
  <testcase name="testBindingUpdateTerm_8()" classname="de.uka.ilkd.key.parser.TestTermParser" time="0.002"/>
  <testcase name="testParsingArray()" classname="de.uka.ilkd.key.parser.TestTermParser" time="0.003"/>
  <testcase name="xtestBindingUpdateTermOldBindingAlternative()" classname="de.uka.ilkd.key.parser.TestTermParser" time="0.0">
    <skipped/>
  </testcase>
  <testcase name="testJavaStaticQueryWithParameter()" classname="de.uka.ilkd.key.parser.TestTermParser" time="0.003"/>
  <testcase name="testParsingArrayCombination()" classname="de.uka.ilkd.key.parser.TestTermParser" time="0.003"/>
  <system-out><![CDATA[372910     WARN  Test worker     d.u.i.k.j.r.KeYCrossReferenceNameInfo Datatype T declared twice: Once in UNKNOWN:unknown and once in UNKNOWN:unknown, Keeping one from UNKNOWN:unknown 
373055     WARN  Test worker     d.u.i.k.j.r.KeYCrossReferenceNameInfo Datatype T declared twice: Once in UNKNOWN:unknown and once in UNKNOWN:unknown, Keeping one from UNKNOWN:unknown 
373135     WARN  Test worker     d.u.i.k.j.r.KeYCrossReferenceNameInfo Datatype T declared twice: Once in UNKNOWN:unknown and once in UNKNOWN:unknown, Keeping one from UNKNOWN:unknown 
373209     WARN  Test worker     d.u.i.k.j.r.KeYCrossReferenceNameInfo Datatype T declared twice: Once in UNKNOWN:unknown and once in UNKNOWN:unknown, Keeping one from UNKNOWN:unknown 
373279     WARN  Test worker     d.u.i.k.j.r.KeYCrossReferenceNameInfo Datatype T declared twice: Once in UNKNOWN:unknown and once in UNKNOWN:unknown, Keeping one from UNKNOWN:unknown 
373350     WARN  Test worker     d.u.i.k.j.r.KeYCrossReferenceNameInfo Datatype T declared twice: Once in UNKNOWN:unknown and once in UNKNOWN:unknown, Keeping one from UNKNOWN:unknown 
373427     WARN  Test worker     d.u.i.k.j.r.KeYCrossReferenceNameInfo Datatype T declared twice: Once in UNKNOWN:unknown and once in UNKNOWN:unknown, Keeping one from UNKNOWN:unknown 
373499     WARN  Test worker     d.u.i.k.j.r.KeYCrossReferenceNameInfo Datatype T declared twice: Once in UNKNOWN:unknown and once in UNKNOWN:unknown, Keeping one from UNKNOWN:unknown 
373570     WARN  Test worker     d.u.i.k.j.r.KeYCrossReferenceNameInfo Datatype T declared twice: Once in UNKNOWN:unknown and once in UNKNOWN:unknown, Keeping one from UNKNOWN:unknown 
373636     WARN  Test worker     d.u.i.k.j.r.KeYCrossReferenceNameInfo Datatype T declared twice: Once in UNKNOWN:unknown and once in UNKNOWN:unknown, Keeping one from UNKNOWN:unknown 
373716     WARN  Test worker     d.u.i.k.j.r.KeYCrossReferenceNameInfo Datatype T declared twice: Once in UNKNOWN:unknown and once in UNKNOWN:unknown, Keeping one from UNKNOWN:unknown 
373809     WARN  Test worker     d.u.i.k.j.r.KeYCrossReferenceNameInfo Datatype T declared twice: Once in UNKNOWN:unknown and once in UNKNOWN:unknown, Keeping one from UNKNOWN:unknown 
373880     WARN  Test worker     d.u.i.k.j.r.KeYCrossReferenceNameInfo Datatype T declared twice: Once in UNKNOWN:unknown and once in UNKNOWN:unknown, Keeping one from UNKNOWN:unknown 
373951     WARN  Test worker     d.u.i.k.j.r.KeYCrossReferenceNameInfo Datatype T declared twice: Once in UNKNOWN:unknown and once in UNKNOWN:unknown, Keeping one from UNKNOWN:unknown 
374019     WARN  Test worker     d.u.i.k.j.r.KeYCrossReferenceNameInfo Datatype T declared twice: Once in UNKNOWN:unknown and once in UNKNOWN:unknown, Keeping one from UNKNOWN:unknown 
374088     WARN  Test worker     d.u.i.k.j.r.KeYCrossReferenceNameInfo Datatype T declared twice: Once in UNKNOWN:unknown and once in UNKNOWN:unknown, Keeping one from UNKNOWN:unknown 
374153     WARN  Test worker     d.u.i.k.j.r.KeYCrossReferenceNameInfo Datatype T declared twice: Once in UNKNOWN:unknown and once in UNKNOWN:unknown, Keeping one from UNKNOWN:unknown 
374219     WARN  Test worker     d.u.i.k.j.r.KeYCrossReferenceNameInfo Datatype T declared twice: Once in UNKNOWN:unknown and once in UNKNOWN:unknown, Keeping one from UNKNOWN:unknown 
374293     WARN  Test worker     d.u.i.k.j.r.KeYCrossReferenceNameInfo Datatype T declared twice: Once in UNKNOWN:unknown and once in UNKNOWN:unknown, Keeping one from UNKNOWN:unknown 
374361     WARN  Test worker     d.u.i.k.j.r.KeYCrossReferenceNameInfo Datatype T declared twice: Once in UNKNOWN:unknown and once in UNKNOWN:unknown, Keeping one from UNKNOWN:unknown 
374433     WARN  Test worker     d.u.i.k.j.r.KeYCrossReferenceNameInfo Datatype T declared twice: Once in UNKNOWN:unknown and once in UNKNOWN:unknown, Keeping one from UNKNOWN:unknown 
374500     WARN  Test worker     d.u.i.k.j.r.KeYCrossReferenceNameInfo Datatype T declared twice: Once in UNKNOWN:unknown and once in UNKNOWN:unknown, Keeping one from UNKNOWN:unknown 
374572     WARN  Test worker     d.u.i.k.j.r.KeYCrossReferenceNameInfo Datatype T declared twice: Once in UNKNOWN:unknown and once in UNKNOWN:unknown, Keeping one from UNKNOWN:unknown 
374637     WARN  Test worker     d.u.i.k.j.r.KeYCrossReferenceNameInfo Datatype T declared twice: Once in UNKNOWN:unknown and once in UNKNOWN:unknown, Keeping one from UNKNOWN:unknown 
374704     WARN  Test worker     d.u.i.k.j.r.KeYCrossReferenceNameInfo Datatype T declared twice: Once in UNKNOWN:unknown and once in UNKNOWN:unknown, Keeping one from UNKNOWN:unknown 
374770     WARN  Test worker     d.u.i.k.j.r.KeYCrossReferenceNameInfo Datatype T declared twice: Once in UNKNOWN:unknown and once in UNKNOWN:unknown, Keeping one from UNKNOWN:unknown 
374835     WARN  Test worker     d.u.i.k.j.r.KeYCrossReferenceNameInfo Datatype T declared twice: Once in UNKNOWN:unknown and once in UNKNOWN:unknown, Keeping one from UNKNOWN:unknown 
374905     WARN  Test worker     d.u.i.k.j.r.KeYCrossReferenceNameInfo Datatype T declared twice: Once in UNKNOWN:unknown and once in UNKNOWN:unknown, Keeping one from UNKNOWN:unknown 
374972     WARN  Test worker     d.u.i.k.j.r.KeYCrossReferenceNameInfo Datatype T declared twice: Once in UNKNOWN:unknown and once in UNKNOWN:unknown, Keeping one from UNKNOWN:unknown 
375038     WARN  Test worker     d.u.i.k.j.r.KeYCrossReferenceNameInfo Datatype T declared twice: Once in UNKNOWN:unknown and once in UNKNOWN:unknown, Keeping one from UNKNOWN:unknown 
375103     WARN  Test worker     d.u.i.k.j.r.KeYCrossReferenceNameInfo Datatype T declared twice: Once in UNKNOWN:unknown and once in UNKNOWN:unknown, Keeping one from UNKNOWN:unknown 
375169     WARN  Test worker     d.u.i.k.j.r.KeYCrossReferenceNameInfo Datatype T declared twice: Once in UNKNOWN:unknown and once in UNKNOWN:unknown, Keeping one from UNKNOWN:unknown 
375244     WARN  Test worker     d.u.i.k.j.r.KeYCrossReferenceNameInfo Datatype T declared twice: Once in UNKNOWN:unknown and once in UNKNOWN:unknown, Keeping one from UNKNOWN:unknown 
375311     WARN  Test worker     d.u.i.k.j.r.KeYCrossReferenceNameInfo Datatype T declared twice: Once in UNKNOWN:unknown and once in UNKNOWN:unknown, Keeping one from UNKNOWN:unknown 
375373     WARN  Test worker     d.u.i.k.j.r.KeYCrossReferenceNameInfo Datatype T declared twice: Once in UNKNOWN:unknown and once in UNKNOWN:unknown, Keeping one from UNKNOWN:unknown 
375442     WARN  Test worker     d.u.i.k.j.r.KeYCrossReferenceNameInfo Datatype T declared twice: Once in UNKNOWN:unknown and once in UNKNOWN:unknown, Keeping one from UNKNOWN:unknown 
375512     WARN  Test worker     d.u.i.k.j.r.KeYCrossReferenceNameInfo Datatype T declared twice: Once in UNKNOWN:unknown and once in UNKNOWN:unknown, Keeping one from UNKNOWN:unknown 
375585     WARN  Test worker     d.u.i.k.j.r.KeYCrossReferenceNameInfo Datatype T declared twice: Once in UNKNOWN:unknown and once in UNKNOWN:unknown, Keeping one from UNKNOWN:unknown 
375652     WARN  Test worker     d.u.i.k.j.r.KeYCrossReferenceNameInfo Datatype T declared twice: Once in UNKNOWN:unknown and once in UNKNOWN:unknown, Keeping one from UNKNOWN:unknown 
375731     WARN  Test worker     d.u.i.k.j.r.KeYCrossReferenceNameInfo Datatype T declared twice: Once in UNKNOWN:unknown and once in UNKNOWN:unknown, Keeping one from UNKNOWN:unknown 
375800     WARN  Test worker     d.u.i.k.j.r.KeYCrossReferenceNameInfo Datatype T declared twice: Once in UNKNOWN:unknown and once in UNKNOWN:unknown, Keeping one from UNKNOWN:unknown 
375867     WARN  Test worker     d.u.i.k.j.r.KeYCrossReferenceNameInfo Datatype T declared twice: Once in UNKNOWN:unknown and once in UNKNOWN:unknown, Keeping one from UNKNOWN:unknown 
375935     WARN  Test worker     d.u.i.k.j.r.KeYCrossReferenceNameInfo Datatype T declared twice: Once in UNKNOWN:unknown and once in UNKNOWN:unknown, Keeping one from UNKNOWN:unknown 
376001     WARN  Test worker     d.u.i.k.j.r.KeYCrossReferenceNameInfo Datatype T declared twice: Once in UNKNOWN:unknown and once in UNKNOWN:unknown, Keeping one from UNKNOWN:unknown 
376067     WARN  Test worker     d.u.i.k.j.r.KeYCrossReferenceNameInfo Datatype T declared twice: Once in UNKNOWN:unknown and once in UNKNOWN:unknown, Keeping one from UNKNOWN:unknown 
376137     WARN  Test worker     d.u.i.k.j.r.KeYCrossReferenceNameInfo Datatype T declared twice: Once in UNKNOWN:unknown and once in UNKNOWN:unknown, Keeping one from UNKNOWN:unknown 
]]></system-out>
  <system-err><![CDATA[]]></system-err>
</testsuite>
