<?xml version="1.0" encoding="UTF-8"?>
<testsuite name="de.uka.ilkd.key.testcase.smt.testgen.TestTestgen" tests="1" skipped="0" failures="0" errors="0" timestamp="2023-05-02T18:37:01" hostname="fv-az1230-668" time="4.998">
  <properties/>
  <testcase name="testMiddle()" classname="de.uka.ilkd.key.testcase.smt.testgen.TestTestgen" time="4.998"/>
  <system-out><![CDATA[16648      WARN  Test worker     d.u.i.k.t.s.t.TestTestgen Warning: Z3_CE is not installed, tests skipped. 
16648      WARN  Test worker     d.u.i.k.t.s.t.TestTestgen Maybe use JVM system property "z3SolverPath" to define the path to the Z3 command. 
16648      INFO  Test worker     d.u.i.k.p.i.AbstractProblemLoader Loading environment from src\test\resources\testcase\smt\tg\middle.key 
16648      DEBUG Test worker     d.u.i.k.p.i.AbstractProblemLoader Environment load took 321.5ns 
16663      INFO  Test worker     d.u.i.k.p.i.AbstractProblemLoader Creating init config 
20843      DEBUG Test worker     d.u.i.k.p.i.AbstractProblemLoader Init config took 4.18s 
20953      INFO  Test worker     d.u.i.k.p.i.AbstractProblemLoader Replaying proof Middle[Middle::middle(int,int,int)].JML normal_behavior operation contract.0 
20953      DEBUG Test worker     d.u.i.k.p.i.IntermediateProofReplayer Proof replay took 19.3ns 
]]></system-out>
  <system-err><![CDATA[]]></system-err>
</testsuite>
