<?xml version="1.0" encoding="UTF-8"?>
<testsuite name="de.uka.ilkd.key.testcase.smt.testgen.TestTestgen" tests="1" skipped="0" failures="0" errors="0" timestamp="2023-05-04T21:59:06" hostname="fv-az1113-610" time="4.274">
  <properties/>
  <testcase name="testMiddle()" classname="de.uka.ilkd.key.testcase.smt.testgen.TestTestgen" time="4.274"/>
  <system-out><![CDATA[15182      WARN  Test worker     d.u.i.k.t.s.t.TestTestgen Warning: Z3_CE is not installed, tests skipped. 
15182      WARN  Test worker     d.u.i.k.t.s.t.TestTestgen Maybe use JVM system property "z3SolverPath" to define the path to the Z3 command. 
15182      INFO  Test worker     d.u.i.k.p.i.AbstractProblemLoader Loading environment from src\test\resources\testcase\smt\tg\middle.key 
15198      DEBUG Test worker     d.u.i.k.p.i.AbstractProblemLoader Environment load took 281.5ns 
15229      INFO  Test worker     d.u.i.k.p.i.AbstractProblemLoader Creating init config 
18793      DEBUG Test worker     d.u.i.k.p.i.AbstractProblemLoader Init config took 3.57s 
18918      INFO  Test worker     d.u.i.k.p.i.AbstractProblemLoader Replaying proof Middle[Middle::middle(int,int,int)].JML normal_behavior operation contract.0 
18918      DEBUG Test worker     d.u.i.k.p.i.IntermediateProofReplayer Proof replay took 18.7ns 
]]></system-out>
  <system-err><![CDATA[]]></system-err>
</testsuite>
