<?xml version="1.0" encoding="UTF-8"?>
<testsuite name="de.uka.ilkd.key.rule.merge.PredicateAbstractionLatticeTests" tests="3" skipped="0" failures="2" errors="0" timestamp="2023-06-09T14:24:07" hostname="fv-az553-785" time="0.706">
  <properties/>
  <testcase name="testToAndFromString()" classname="de.uka.ilkd.key.rule.merge.PredicateAbstractionLatticeTests" time="0.316">
    <failure message="org.opentest4j.AssertionFailedError: Proof could not be loaded" type="org.opentest4j.AssertionFailedError">org.opentest4j.AssertionFailedError: Proof could not be loaded
	at app//org.junit.jupiter.api.AssertionUtils.fail(AssertionUtils.java:42)
	at app//org.junit.jupiter.api.Assertions.fail(Assertions.java:147)
	at app//de.uka.ilkd.key.rule.merge.MergeRuleTests.loadProof(MergeRuleTests.java:326)
	at app//de.uka.ilkd.key.rule.merge.PredicateAbstractionLatticeTests.testToAndFromString(PredicateAbstractionLatticeTests.java:150)
	at java.base@17.0.7/jdk.internal.reflect.NativeMethodAccessorImpl.invoke0(Native Method)
	at java.base@17.0.7/jdk.internal.reflect.NativeMethodAccessorImpl.invoke(NativeMethodAccessorImpl.java:77)
	at java.base@17.0.7/jdk.internal.reflect.DelegatingMethodAccessorImpl.invoke(DelegatingMethodAccessorImpl.java:43)
	at java.base@17.0.7/java.lang.reflect.Method.invoke(Method.java:568)
	at app//org.junit.platform.commons.util.ReflectionUtils.invokeMethod(ReflectionUtils.java:727)
	at app//org.junit.jupiter.engine.execution.MethodInvocation.proceed(MethodInvocation.java:60)
	at app//org.junit.jupiter.engine.execution.InvocationInterceptorChain$ValidatingInvocation.proceed(InvocationInterceptorChain.java:131)
	at app//org.junit.jupiter.engine.extension.TimeoutExtension.intercept(TimeoutExtension.java:156)
	at app//org.junit.jupiter.engine.extension.TimeoutExtension.interceptTestableMethod(TimeoutExtension.java:147)
	at app//org.junit.jupiter.engine.extension.TimeoutExtension.interceptTestMethod(TimeoutExtension.java:86)
	at app//org.junit.jupiter.engine.execution.InterceptingExecutableInvoker$ReflectiveInterceptorCall.lambda$ofVoidMethod$0(InterceptingExecutableInvoker.java:103)
	at app//org.junit.jupiter.engine.execution.InterceptingExecutableInvoker.lambda$invoke$0(InterceptingExecutableInvoker.java:93)
	at app//org.junit.jupiter.engine.execution.InvocationInterceptorChain$InterceptedInvocation.proceed(InvocationInterceptorChain.java:106)
	at app//org.junit.jupiter.engine.execution.InvocationInterceptorChain.proceed(InvocationInterceptorChain.java:64)
	at app//org.junit.jupiter.engine.execution.InvocationInterceptorChain.chainAndInvoke(InvocationInterceptorChain.java:45)
	at app//org.junit.jupiter.engine.execution.InvocationInterceptorChain.invoke(InvocationInterceptorChain.java:37)
	at app//org.junit.jupiter.engine.execution.InterceptingExecutableInvoker.invoke(InterceptingExecutableInvoker.java:92)
	at app//org.junit.jupiter.engine.execution.InterceptingExecutableInvoker.invoke(InterceptingExecutableInvoker.java:86)
	at app//org.junit.jupiter.engine.descriptor.TestMethodTestDescriptor.lambda$invokeTestMethod$7(TestMethodTestDescriptor.java:217)
	at app//org.junit.platform.engine.support.hierarchical.ThrowableCollector.execute(ThrowableCollector.java:73)
	at app//org.junit.jupiter.engine.descriptor.TestMethodTestDescriptor.invokeTestMethod(TestMethodTestDescriptor.java:213)
	at app//org.junit.jupiter.engine.descriptor.TestMethodTestDescriptor.execute(TestMethodTestDescriptor.java:138)
	at app//org.junit.jupiter.engine.descriptor.TestMethodTestDescriptor.execute(TestMethodTestDescriptor.java:68)
	at app//org.junit.platform.engine.support.hierarchical.NodeTestTask.lambda$executeRecursively$6(NodeTestTask.java:151)
	at app//org.junit.platform.engine.support.hierarchical.ThrowableCollector.execute(ThrowableCollector.java:73)
	at app//org.junit.platform.engine.support.hierarchical.NodeTestTask.lambda$executeRecursively$8(NodeTestTask.java:141)
	at app//org.junit.platform.engine.support.hierarchical.Node.around(Node.java:137)
	at app//org.junit.platform.engine.support.hierarchical.NodeTestTask.lambda$executeRecursively$9(NodeTestTask.java:139)
	at app//org.junit.platform.engine.support.hierarchical.ThrowableCollector.execute(ThrowableCollector.java:73)
	at app//org.junit.platform.engine.support.hierarchical.NodeTestTask.executeRecursively(NodeTestTask.java:138)
	at app//org.junit.platform.engine.support.hierarchical.NodeTestTask.execute(NodeTestTask.java:95)
	at java.base@17.0.7/java.util.ArrayList.forEach(ArrayList.java:1511)
	at app//org.junit.platform.engine.support.hierarchical.SameThreadHierarchicalTestExecutorService.invokeAll(SameThreadHierarchicalTestExecutorService.java:41)
	at app//org.junit.platform.engine.support.hierarchical.NodeTestTask.lambda$executeRecursively$6(NodeTestTask.java:155)
	at app//org.junit.platform.engine.support.hierarchical.ThrowableCollector.execute(ThrowableCollector.java:73)
	at app//org.junit.platform.engine.support.hierarchical.NodeTestTask.lambda$executeRecursively$8(NodeTestTask.java:141)
	at app//org.junit.platform.engine.support.hierarchical.Node.around(Node.java:137)
	at app//org.junit.platform.engine.support.hierarchical.NodeTestTask.lambda$executeRecursively$9(NodeTestTask.java:139)
	at app//org.junit.platform.engine.support.hierarchical.ThrowableCollector.execute(ThrowableCollector.java:73)
	at app//org.junit.platform.engine.support.hierarchical.NodeTestTask.executeRecursively(NodeTestTask.java:138)
	at app//org.junit.platform.engine.support.hierarchical.NodeTestTask.execute(NodeTestTask.java:95)
	at java.base@17.0.7/java.util.ArrayList.forEach(ArrayList.java:1511)
	at app//org.junit.platform.engine.support.hierarchical.SameThreadHierarchicalTestExecutorService.invokeAll(SameThreadHierarchicalTestExecutorService.java:41)
	at app//org.junit.platform.engine.support.hierarchical.NodeTestTask.lambda$executeRecursively$6(NodeTestTask.java:155)
	at app//org.junit.platform.engine.support.hierarchical.ThrowableCollector.execute(ThrowableCollector.java:73)
	at app//org.junit.platform.engine.support.hierarchical.NodeTestTask.lambda$executeRecursively$8(NodeTestTask.java:141)
	at app//org.junit.platform.engine.support.hierarchical.Node.around(Node.java:137)
	at app//org.junit.platform.engine.support.hierarchical.NodeTestTask.lambda$executeRecursively$9(NodeTestTask.java:139)
	at app//org.junit.platform.engine.support.hierarchical.ThrowableCollector.execute(ThrowableCollector.java:73)
	at app//org.junit.platform.engine.support.hierarchical.NodeTestTask.executeRecursively(NodeTestTask.java:138)
	at app//org.junit.platform.engine.support.hierarchical.NodeTestTask.execute(NodeTestTask.java:95)
	at app//org.junit.platform.engine.support.hierarchical.SameThreadHierarchicalTestExecutorService.submit(SameThreadHierarchicalTestExecutorService.java:35)
	at app//org.junit.platform.engine.support.hierarchical.HierarchicalTestExecutor.execute(HierarchicalTestExecutor.java:57)
	at app//org.junit.platform.engine.support.hierarchical.HierarchicalTestEngine.execute(HierarchicalTestEngine.java:54)
	at app//org.junit.platform.launcher.core.EngineExecutionOrchestrator.execute(EngineExecutionOrchestrator.java:107)
	at app//org.junit.platform.launcher.core.EngineExecutionOrchestrator.execute(EngineExecutionOrchestrator.java:88)
	at app//org.junit.platform.launcher.core.EngineExecutionOrchestrator.lambda$execute$0(EngineExecutionOrchestrator.java:54)
	at app//org.junit.platform.launcher.core.EngineExecutionOrchestrator.withInterceptedStreams(EngineExecutionOrchestrator.java:67)
	at app//org.junit.platform.launcher.core.EngineExecutionOrchestrator.execute(EngineExecutionOrchestrator.java:52)
	at app//org.junit.platform.launcher.core.DefaultLauncher.execute(DefaultLauncher.java:114)
	at app//org.junit.platform.launcher.core.DefaultLauncher.execute(DefaultLauncher.java:86)
	at app//org.junit.platform.launcher.core.DefaultLauncherSession$DelegatingLauncher.execute(DefaultLauncherSession.java:86)
	at org.gradle.api.internal.tasks.testing.junitplatform.JUnitPlatformTestClassProcessor$CollectAllTestClassesExecutor.processAllTestClasses(JUnitPlatformTestClassProcessor.java:110)
	at org.gradle.api.internal.tasks.testing.junitplatform.JUnitPlatformTestClassProcessor$CollectAllTestClassesExecutor.access$000(JUnitPlatformTestClassProcessor.java:90)
	at org.gradle.api.internal.tasks.testing.junitplatform.JUnitPlatformTestClassProcessor.stop(JUnitPlatformTestClassProcessor.java:85)
	at org.gradle.api.internal.tasks.testing.SuiteTestClassProcessor.stop(SuiteTestClassProcessor.java:62)
	at java.base@17.0.7/jdk.internal.reflect.NativeMethodAccessorImpl.invoke0(Native Method)
	at java.base@17.0.7/jdk.internal.reflect.NativeMethodAccessorImpl.invoke(NativeMethodAccessorImpl.java:77)
	at java.base@17.0.7/jdk.internal.reflect.DelegatingMethodAccessorImpl.invoke(DelegatingMethodAccessorImpl.java:43)
	at java.base@17.0.7/java.lang.reflect.Method.invoke(Method.java:568)
	at org.gradle.internal.dispatch.ReflectionDispatch.dispatch(ReflectionDispatch.java:36)
	at org.gradle.internal.dispatch.ReflectionDispatch.dispatch(ReflectionDispatch.java:24)
	at org.gradle.internal.dispatch.ContextClassLoaderDispatch.dispatch(ContextClassLoaderDispatch.java:33)
	at org.gradle.internal.dispatch.ProxyDispatchAdapter$DispatchingInvocationHandler.invoke(ProxyDispatchAdapter.java:94)
	at jdk.proxy2/jdk.proxy2.$Proxy5.stop(Unknown Source)
	at org.gradle.api.internal.tasks.testing.worker.TestWorker$3.run(TestWorker.java:193)
	at org.gradle.api.internal.tasks.testing.worker.TestWorker.executeAndMaintainThreadName(TestWorker.java:129)
	at org.gradle.api.internal.tasks.testing.worker.TestWorker.execute(TestWorker.java:100)
	at org.gradle.api.internal.tasks.testing.worker.TestWorker.execute(TestWorker.java:60)
	at org.gradle.process.internal.worker.child.ActionExecutionWorker.execute(ActionExecutionWorker.java:56)
	at org.gradle.process.internal.worker.child.SystemApplicationClassLoaderWorker.call(SystemApplicationClassLoaderWorker.java:113)
	at org.gradle.process.internal.worker.child.SystemApplicationClassLoaderWorker.call(SystemApplicationClassLoaderWorker.java:65)
	at app//worker.org.gradle.process.internal.worker.GradleWorkerMain.run(GradleWorkerMain.java:69)
	at app//worker.org.gradle.process.internal.worker.GradleWorkerMain.main(GradleWorkerMain.java:74)
Caused by: Cannot invoke &quot;de.uka.ilkd.key.rule.Taclet.getChoices()&quot; because &quot;t&quot; is null (file: src\test\resources\testcase\merge\dummy.key; caused by: java.lang.NullPointerException: Cannot invoke &quot;de.uka.ilkd.key.rule.Taclet.getChoices()&quot; because &quot;t&quot; is null)
	at app//de.uka.ilkd.key.control.AbstractUserInterfaceControl.load(AbstractUserInterfaceControl.java:225)
	at app//de.uka.ilkd.key.control.KeYEnvironment.load(KeYEnvironment.java:282)
	at app//de.uka.ilkd.key.control.KeYEnvironment.load(KeYEnvironment.java:251)
	at app//de.uka.ilkd.key.control.KeYEnvironment.load(KeYEnvironment.java:225)
	at app//de.uka.ilkd.key.rule.merge.MergeRuleTests.loadProof(MergeRuleTests.java:319)
	... 85 more
Caused by: java.lang.NullPointerException: Cannot invoke &quot;de.uka.ilkd.key.rule.Taclet.getChoices()&quot; because &quot;t&quot; is null
	at de.uka.ilkd.key.proof.init.InitConfig.fillActiveTacletCache(InitConfig.java:260)
	at de.uka.ilkd.key.proof.init.InitConfig.activatedTaclets(InitConfig.java:242)
	at de.uka.ilkd.key.proof.init.InitConfig.createTacletIndex(InitConfig.java:321)
	at de.uka.ilkd.key.proof.Proof.&lt;init&gt;(Proof.java:236)
	at de.uka.ilkd.key.proof.init.KeYUserProblemFile.getPO(KeYUserProblemFile.java:165)
	at de.uka.ilkd.key.proof.init.ProblemInitializer.startProver(ProblemInitializer.java:585)
	at de.uka.ilkd.key.proof.io.AbstractProblemLoader.createProof(AbstractProblemLoader.java:661)
	at de.uka.ilkd.key.proof.io.AbstractProblemLoader.load(AbstractProblemLoader.java:286)
	at de.uka.ilkd.key.proof.io.AbstractProblemLoader.load(AbstractProblemLoader.java:257)
	at de.uka.ilkd.key.control.AbstractUserInterfaceControl.load(AbstractUserInterfaceControl.java:212)
	... 89 more
</failure>
  </testcase>
  <testcase name="testCreateSignLatticeWithPredicates()" classname="de.uka.ilkd.key.rule.merge.PredicateAbstractionLatticeTests" time="0.37">
    <failure message="org.opentest4j.AssertionFailedError: Proof could not be loaded" type="org.opentest4j.AssertionFailedError">org.opentest4j.AssertionFailedError: Proof could not be loaded
	at app//org.junit.jupiter.api.AssertionUtils.fail(AssertionUtils.java:42)
	at app//org.junit.jupiter.api.Assertions.fail(Assertions.java:147)
	at app//de.uka.ilkd.key.rule.merge.MergeRuleTests.loadProof(MergeRuleTests.java:326)
	at app//de.uka.ilkd.key.rule.merge.PredicateAbstractionLatticeTests.testCreateSignLatticeWithPredicates(PredicateAbstractionLatticeTests.java:40)
	at java.base@17.0.7/jdk.internal.reflect.NativeMethodAccessorImpl.invoke0(Native Method)
	at java.base@17.0.7/jdk.internal.reflect.NativeMethodAccessorImpl.invoke(NativeMethodAccessorImpl.java:77)
	at java.base@17.0.7/jdk.internal.reflect.DelegatingMethodAccessorImpl.invoke(DelegatingMethodAccessorImpl.java:43)
	at java.base@17.0.7/java.lang.reflect.Method.invoke(Method.java:568)
	at app//org.junit.platform.commons.util.ReflectionUtils.invokeMethod(ReflectionUtils.java:727)
	at app//org.junit.jupiter.engine.execution.MethodInvocation.proceed(MethodInvocation.java:60)
	at app//org.junit.jupiter.engine.execution.InvocationInterceptorChain$ValidatingInvocation.proceed(InvocationInterceptorChain.java:131)
	at app//org.junit.jupiter.engine.extension.TimeoutExtension.intercept(TimeoutExtension.java:156)
	at app//org.junit.jupiter.engine.extension.TimeoutExtension.interceptTestableMethod(TimeoutExtension.java:147)
	at app//org.junit.jupiter.engine.extension.TimeoutExtension.interceptTestMethod(TimeoutExtension.java:86)
	at app//org.junit.jupiter.engine.execution.InterceptingExecutableInvoker$ReflectiveInterceptorCall.lambda$ofVoidMethod$0(InterceptingExecutableInvoker.java:103)
	at app//org.junit.jupiter.engine.execution.InterceptingExecutableInvoker.lambda$invoke$0(InterceptingExecutableInvoker.java:93)
	at app//org.junit.jupiter.engine.execution.InvocationInterceptorChain$InterceptedInvocation.proceed(InvocationInterceptorChain.java:106)
	at app//org.junit.jupiter.engine.execution.InvocationInterceptorChain.proceed(InvocationInterceptorChain.java:64)
	at app//org.junit.jupiter.engine.execution.InvocationInterceptorChain.chainAndInvoke(InvocationInterceptorChain.java:45)
	at app//org.junit.jupiter.engine.execution.InvocationInterceptorChain.invoke(InvocationInterceptorChain.java:37)
	at app//org.junit.jupiter.engine.execution.InterceptingExecutableInvoker.invoke(InterceptingExecutableInvoker.java:92)
	at app//org.junit.jupiter.engine.execution.InterceptingExecutableInvoker.invoke(InterceptingExecutableInvoker.java:86)
	at app//org.junit.jupiter.engine.descriptor.TestMethodTestDescriptor.lambda$invokeTestMethod$7(TestMethodTestDescriptor.java:217)
	at app//org.junit.platform.engine.support.hierarchical.ThrowableCollector.execute(ThrowableCollector.java:73)
	at app//org.junit.jupiter.engine.descriptor.TestMethodTestDescriptor.invokeTestMethod(TestMethodTestDescriptor.java:213)
	at app//org.junit.jupiter.engine.descriptor.TestMethodTestDescriptor.execute(TestMethodTestDescriptor.java:138)
	at app//org.junit.jupiter.engine.descriptor.TestMethodTestDescriptor.execute(TestMethodTestDescriptor.java:68)
	at app//org.junit.platform.engine.support.hierarchical.NodeTestTask.lambda$executeRecursively$6(NodeTestTask.java:151)
	at app//org.junit.platform.engine.support.hierarchical.ThrowableCollector.execute(ThrowableCollector.java:73)
	at app//org.junit.platform.engine.support.hierarchical.NodeTestTask.lambda$executeRecursively$8(NodeTestTask.java:141)
	at app//org.junit.platform.engine.support.hierarchical.Node.around(Node.java:137)
	at app//org.junit.platform.engine.support.hierarchical.NodeTestTask.lambda$executeRecursively$9(NodeTestTask.java:139)
	at app//org.junit.platform.engine.support.hierarchical.ThrowableCollector.execute(ThrowableCollector.java:73)
	at app//org.junit.platform.engine.support.hierarchical.NodeTestTask.executeRecursively(NodeTestTask.java:138)
	at app//org.junit.platform.engine.support.hierarchical.NodeTestTask.execute(NodeTestTask.java:95)
	at java.base@17.0.7/java.util.ArrayList.forEach(ArrayList.java:1511)
	at app//org.junit.platform.engine.support.hierarchical.SameThreadHierarchicalTestExecutorService.invokeAll(SameThreadHierarchicalTestExecutorService.java:41)
	at app//org.junit.platform.engine.support.hierarchical.NodeTestTask.lambda$executeRecursively$6(NodeTestTask.java:155)
	at app//org.junit.platform.engine.support.hierarchical.ThrowableCollector.execute(ThrowableCollector.java:73)
	at app//org.junit.platform.engine.support.hierarchical.NodeTestTask.lambda$executeRecursively$8(NodeTestTask.java:141)
	at app//org.junit.platform.engine.support.hierarchical.Node.around(Node.java:137)
	at app//org.junit.platform.engine.support.hierarchical.NodeTestTask.lambda$executeRecursively$9(NodeTestTask.java:139)
	at app//org.junit.platform.engine.support.hierarchical.ThrowableCollector.execute(ThrowableCollector.java:73)
	at app//org.junit.platform.engine.support.hierarchical.NodeTestTask.executeRecursively(NodeTestTask.java:138)
	at app//org.junit.platform.engine.support.hierarchical.NodeTestTask.execute(NodeTestTask.java:95)
	at java.base@17.0.7/java.util.ArrayList.forEach(ArrayList.java:1511)
	at app//org.junit.platform.engine.support.hierarchical.SameThreadHierarchicalTestExecutorService.invokeAll(SameThreadHierarchicalTestExecutorService.java:41)
	at app//org.junit.platform.engine.support.hierarchical.NodeTestTask.lambda$executeRecursively$6(NodeTestTask.java:155)
	at app//org.junit.platform.engine.support.hierarchical.ThrowableCollector.execute(ThrowableCollector.java:73)
	at app//org.junit.platform.engine.support.hierarchical.NodeTestTask.lambda$executeRecursively$8(NodeTestTask.java:141)
	at app//org.junit.platform.engine.support.hierarchical.Node.around(Node.java:137)
	at app//org.junit.platform.engine.support.hierarchical.NodeTestTask.lambda$executeRecursively$9(NodeTestTask.java:139)
	at app//org.junit.platform.engine.support.hierarchical.ThrowableCollector.execute(ThrowableCollector.java:73)
	at app//org.junit.platform.engine.support.hierarchical.NodeTestTask.executeRecursively(NodeTestTask.java:138)
	at app//org.junit.platform.engine.support.hierarchical.NodeTestTask.execute(NodeTestTask.java:95)
	at app//org.junit.platform.engine.support.hierarchical.SameThreadHierarchicalTestExecutorService.submit(SameThreadHierarchicalTestExecutorService.java:35)
	at app//org.junit.platform.engine.support.hierarchical.HierarchicalTestExecutor.execute(HierarchicalTestExecutor.java:57)
	at app//org.junit.platform.engine.support.hierarchical.HierarchicalTestEngine.execute(HierarchicalTestEngine.java:54)
	at app//org.junit.platform.launcher.core.EngineExecutionOrchestrator.execute(EngineExecutionOrchestrator.java:107)
	at app//org.junit.platform.launcher.core.EngineExecutionOrchestrator.execute(EngineExecutionOrchestrator.java:88)
	at app//org.junit.platform.launcher.core.EngineExecutionOrchestrator.lambda$execute$0(EngineExecutionOrchestrator.java:54)
	at app//org.junit.platform.launcher.core.EngineExecutionOrchestrator.withInterceptedStreams(EngineExecutionOrchestrator.java:67)
	at app//org.junit.platform.launcher.core.EngineExecutionOrchestrator.execute(EngineExecutionOrchestrator.java:52)
	at app//org.junit.platform.launcher.core.DefaultLauncher.execute(DefaultLauncher.java:114)
	at app//org.junit.platform.launcher.core.DefaultLauncher.execute(DefaultLauncher.java:86)
	at app//org.junit.platform.launcher.core.DefaultLauncherSession$DelegatingLauncher.execute(DefaultLauncherSession.java:86)
	at org.gradle.api.internal.tasks.testing.junitplatform.JUnitPlatformTestClassProcessor$CollectAllTestClassesExecutor.processAllTestClasses(JUnitPlatformTestClassProcessor.java:110)
	at org.gradle.api.internal.tasks.testing.junitplatform.JUnitPlatformTestClassProcessor$CollectAllTestClassesExecutor.access$000(JUnitPlatformTestClassProcessor.java:90)
	at org.gradle.api.internal.tasks.testing.junitplatform.JUnitPlatformTestClassProcessor.stop(JUnitPlatformTestClassProcessor.java:85)
	at org.gradle.api.internal.tasks.testing.SuiteTestClassProcessor.stop(SuiteTestClassProcessor.java:62)
	at java.base@17.0.7/jdk.internal.reflect.NativeMethodAccessorImpl.invoke0(Native Method)
	at java.base@17.0.7/jdk.internal.reflect.NativeMethodAccessorImpl.invoke(NativeMethodAccessorImpl.java:77)
	at java.base@17.0.7/jdk.internal.reflect.DelegatingMethodAccessorImpl.invoke(DelegatingMethodAccessorImpl.java:43)
	at java.base@17.0.7/java.lang.reflect.Method.invoke(Method.java:568)
	at org.gradle.internal.dispatch.ReflectionDispatch.dispatch(ReflectionDispatch.java:36)
	at org.gradle.internal.dispatch.ReflectionDispatch.dispatch(ReflectionDispatch.java:24)
	at org.gradle.internal.dispatch.ContextClassLoaderDispatch.dispatch(ContextClassLoaderDispatch.java:33)
	at org.gradle.internal.dispatch.ProxyDispatchAdapter$DispatchingInvocationHandler.invoke(ProxyDispatchAdapter.java:94)
	at jdk.proxy2/jdk.proxy2.$Proxy5.stop(Unknown Source)
	at org.gradle.api.internal.tasks.testing.worker.TestWorker$3.run(TestWorker.java:193)
	at org.gradle.api.internal.tasks.testing.worker.TestWorker.executeAndMaintainThreadName(TestWorker.java:129)
	at org.gradle.api.internal.tasks.testing.worker.TestWorker.execute(TestWorker.java:100)
	at org.gradle.api.internal.tasks.testing.worker.TestWorker.execute(TestWorker.java:60)
	at org.gradle.process.internal.worker.child.ActionExecutionWorker.execute(ActionExecutionWorker.java:56)
	at org.gradle.process.internal.worker.child.SystemApplicationClassLoaderWorker.call(SystemApplicationClassLoaderWorker.java:113)
	at org.gradle.process.internal.worker.child.SystemApplicationClassLoaderWorker.call(SystemApplicationClassLoaderWorker.java:65)
	at app//worker.org.gradle.process.internal.worker.GradleWorkerMain.run(GradleWorkerMain.java:69)
	at app//worker.org.gradle.process.internal.worker.GradleWorkerMain.main(GradleWorkerMain.java:74)
Caused by: Cannot invoke &quot;de.uka.ilkd.key.rule.Taclet.getChoices()&quot; because &quot;t&quot; is null (file: src\test\resources\testcase\merge\dummy.key; caused by: java.lang.NullPointerException: Cannot invoke &quot;de.uka.ilkd.key.rule.Taclet.getChoices()&quot; because &quot;t&quot; is null)
	at app//de.uka.ilkd.key.control.AbstractUserInterfaceControl.load(AbstractUserInterfaceControl.java:225)
	at app//de.uka.ilkd.key.control.KeYEnvironment.load(KeYEnvironment.java:282)
	at app//de.uka.ilkd.key.control.KeYEnvironment.load(KeYEnvironment.java:251)
	at app//de.uka.ilkd.key.control.KeYEnvironment.load(KeYEnvironment.java:225)
	at app//de.uka.ilkd.key.rule.merge.MergeRuleTests.loadProof(MergeRuleTests.java:319)
	... 85 more
Caused by: java.lang.NullPointerException: Cannot invoke &quot;de.uka.ilkd.key.rule.Taclet.getChoices()&quot; because &quot;t&quot; is null
	at de.uka.ilkd.key.proof.init.InitConfig.fillActiveTacletCache(InitConfig.java:260)
	at de.uka.ilkd.key.proof.init.InitConfig.activatedTaclets(InitConfig.java:242)
	at de.uka.ilkd.key.proof.init.InitConfig.createTacletIndex(InitConfig.java:321)
	at de.uka.ilkd.key.proof.Proof.&lt;init&gt;(Proof.java:236)
	at de.uka.ilkd.key.proof.init.KeYUserProblemFile.getPO(KeYUserProblemFile.java:165)
	at de.uka.ilkd.key.proof.init.ProblemInitializer.startProver(ProblemInitializer.java:585)
	at de.uka.ilkd.key.proof.io.AbstractProblemLoader.createProof(AbstractProblemLoader.java:661)
	at de.uka.ilkd.key.proof.io.AbstractProblemLoader.load(AbstractProblemLoader.java:286)
	at de.uka.ilkd.key.proof.io.AbstractProblemLoader.load(AbstractProblemLoader.java:257)
	at de.uka.ilkd.key.control.AbstractUserInterfaceControl.load(AbstractUserInterfaceControl.java:212)
	... 89 more
</failure>
  </testcase>
  <testcase name="testTrivialPredicatesLattice()" classname="de.uka.ilkd.key.rule.merge.PredicateAbstractionLatticeTests" time="0.019"/>
  <system-out><![CDATA[]]></system-out>
  <system-err><![CDATA[97328      INFO  Test worker     d.u.i.k.p.i.AbstractProblemLoader Loading environment from src\test\resources\testcase\merge\dummy.key 
97328      DEBUG Test worker     d.u.i.k.p.i.AbstractProblemLoader Environment load took 102ns 
97328      INFO  Test worker     d.u.i.k.p.i.AbstractProblemLoader Creating init config 
97448      ERROR Test worker     d.u.i.k.j.KeYJPMapping    Duplicate registration of node: boolean, formerNode: /*@ pure @*/
boolean 
97448      ERROR Test worker     d.u.i.k.j.KeYJPMapping    Duplicate registration of node: Object, formerNode: java.lang.Object 
97448      ERROR Test worker     d.u.i.k.j.KeYJPMapping    Duplicate registration of node: Object, formerNode: java.lang.Object 
97448      ERROR Test worker     d.u.i.k.j.KeYJPMapping    Duplicate registration of node: Annotation, formerNode: Annotation 
97464      ERROR Test worker     d.u.i.k.j.KeYJPMapping    Duplicate registration of node: ArithmeticException, formerNode: ArithmeticException 
97464      ERROR Test worker     d.u.i.k.j.KeYJPMapping    Duplicate registration of node: ArrayIndexOutOfBoundsException, formerNode: ArrayIndexOutOfBoundsException 
97464      ERROR Test worker     d.u.i.k.j.KeYJPMapping    Duplicate registration of node: ArrayStoreException, formerNode: ArrayStoreException 
97464      ERROR Test worker     d.u.i.k.j.KeYJPMapping    Duplicate registration of node: AssertionError, formerNode: AssertionError 
97464      ERROR Test worker     d.u.i.k.j.KeYJPMapping    Duplicate registration of node: Character, formerNode: Character 
97464      ERROR Test worker     d.u.i.k.j.KeYJPMapping    Duplicate registration of node: Class, formerNode: java.lang.Class 
97464      ERROR Test worker     d.u.i.k.j.KeYJPMapping    Duplicate registration of node: Class, formerNode: java.lang.Class 
97464      ERROR Test worker     d.u.i.k.j.KeYJPMapping    Duplicate registration of node: ClassCastException, formerNode: ClassCastException 
97464      ERROR Test worker     d.u.i.k.j.KeYJPMapping    Duplicate registration of node: CloneNotSupportedException, formerNode: CloneNotSupportedException 
97464      ERROR Test worker     d.u.i.k.j.KeYJPMapping    Duplicate registration of node: Cloneable, formerNode: Cloneable 
97464      ERROR Test worker     d.u.i.k.j.KeYJPMapping    Duplicate registration of node: Comparable, formerNode: Comparable 
97464      ERROR Test worker     d.u.i.k.j.KeYJPMapping    Duplicate registration of node: Double, formerNode: Double 
97464      ERROR Test worker     d.u.i.k.j.KeYJPMapping    Duplicate registration of node: Enum, formerNode: java.lang.Enum 
97464      ERROR Test worker     d.u.i.k.j.KeYJPMapping    Duplicate registration of node: Enum, formerNode: java.lang.Enum 
97464      ERROR Test worker     d.u.i.k.j.KeYJPMapping    Duplicate registration of node: Error, formerNode: Error 
97464      ERROR Test worker     d.u.i.k.j.KeYJPMapping    Duplicate registration of node: Exception, formerNode: Exception 
97479      ERROR Test worker     d.u.i.k.j.KeYJPMapping    Duplicate registration of node: ExceptionInInitializerError, formerNode: java.lang.ExceptionInInitializerError 
97479      ERROR Test worker     d.u.i.k.j.KeYJPMapping    Duplicate registration of node: ExceptionInInitializerError, formerNode: java.lang.ExceptionInInitializerError 
97479      ERROR Test worker     d.u.i.k.j.KeYJPMapping    Duplicate registration of node: Float, formerNode: Float 
97479      ERROR Test worker     d.u.i.k.j.KeYJPMapping    Duplicate registration of node: IllegalArgumentException, formerNode: IllegalArgumentException 
97479      ERROR Test worker     d.u.i.k.j.KeYJPMapping    Duplicate registration of node: IndexOutOfBoundsException, formerNode: IndexOutOfBoundsException 
97495      ERROR Test worker     d.u.i.k.j.KeYJPMapping    Duplicate registration of node: Integer, formerNode: java.lang.Integer 
97495      ERROR Test worker     d.u.i.k.j.KeYJPMapping    Duplicate registration of node: Integer, formerNode: java.lang.Integer 
97495      ERROR Test worker     d.u.i.k.j.KeYJPMapping    Duplicate registration of node: InterruptedException, formerNode: InterruptedException 
97495      ERROR Test worker     d.u.i.k.j.KeYJPMapping    Duplicate registration of node: Iterable, formerNode: Iterable 
97495      ERROR Test worker     d.u.i.k.j.KeYJPMapping    Duplicate registration of node: LinkageError, formerNode: LinkageError 
97495      ERROR Test worker     d.u.i.k.j.KeYJPMapping    Duplicate registration of node: Math, formerNode: Math 
97495      ERROR Test worker     d.u.i.k.j.KeYJPMapping    Duplicate registration of node: NegativeArraySizeException, formerNode: NegativeArraySizeException 
97495      ERROR Test worker     d.u.i.k.j.KeYJPMapping    Duplicate registration of node: NoClassDefFoundError, formerNode: java.lang.NoClassDefFoundError 
97495      ERROR Test worker     d.u.i.k.j.KeYJPMapping    Duplicate registration of node: NoClassDefFoundError, formerNode: java.lang.NoClassDefFoundError 
97495      ERROR Test worker     d.u.i.k.j.KeYJPMapping    Duplicate registration of node: NullPointerException, formerNode: NullPointerException 
97495      ERROR Test worker     d.u.i.k.j.KeYJPMapping    Duplicate registration of node: Number, formerNode: Number 
97495      ERROR Test worker     d.u.i.k.j.KeYJPMapping    Duplicate registration of node: NumberFormatException, formerNode: NumberFormatException 
97511      ERROR Test worker     d.u.i.k.j.KeYJPMapping    Duplicate registration of node: VirtualMachineError, formerNode: VirtualMachineError 
97511      ERROR Test worker     d.u.i.k.j.KeYJPMapping    Duplicate registration of node: OutOfMemoryError, formerNode: OutOfMemoryError 
97511      ERROR Test worker     d.u.i.k.j.KeYJPMapping    Duplicate registration of node: Runnable, formerNode: Runnable 
97511      ERROR Test worker     d.u.i.k.j.KeYJPMapping    Duplicate registration of node: RuntimeException, formerNode: RuntimeException 
97511      ERROR Test worker     d.u.i.k.j.KeYJPMapping    Duplicate registration of node: /*@pure*/
int, formerNode: int 
97511      ERROR Test worker     d.u.i.k.j.KeYJPMapping    Duplicate registration of node: /*@ helper */
int, formerNode: int 
97511      ERROR Test worker     d.u.i.k.j.KeYJPMapping    Duplicate registration of node: /*@ helper */
boolean, formerNode: /*@ pure @*/
boolean 
97511      ERROR Test worker     d.u.i.k.j.KeYJPMapping    Duplicate registration of node: /*@ helper */
java.lang.String, formerNode: java.lang.String 
97526      ERROR Test worker     d.u.i.k.j.KeYJPMapping    Duplicate registration of node: String, formerNode: java.lang.String 
97542      ERROR Test worker     d.u.i.k.j.KeYJPMapping    Duplicate registration of node: String, formerNode: java.lang.String 
97542      ERROR Test worker     d.u.i.k.j.KeYJPMapping    Duplicate registration of node: char, formerNode: /*@ helper */
char 
97542      ERROR Test worker     d.u.i.k.j.KeYJPMapping    Duplicate registration of node: StringBuffer, formerNode: StringBuffer 
97542      ERROR Test worker     d.u.i.k.j.KeYJPMapping    Duplicate registration of node: System, formerNode: System 
97542      ERROR Test worker     d.u.i.k.j.KeYJPMapping    Duplicate registration of node: Thread, formerNode: Thread 
97542      ERROR Test worker     d.u.i.k.j.KeYJPMapping    Duplicate registration of node: Throwable, formerNode: java.lang.Throwable 
97542      ERROR Test worker     d.u.i.k.j.KeYJPMapping    Duplicate registration of node: Throwable, formerNode: java.lang.Throwable 
97559      ERROR Test worker     d.u.i.k.j.KeYJPMapping    Duplicate registration of node: Collection, formerNode: Collection 
97559      ERROR Test worker     d.u.i.k.j.KeYJPMapping    Duplicate registration of node: Iterator, formerNode: java.util.Iterator 
97559      ERROR Test worker     d.u.i.k.j.KeYJPMapping    Duplicate registration of node: Iterator, formerNode: java.util.Iterator 
97559      ERROR Test worker     d.u.i.k.j.KeYJPMapping    Duplicate registration of node: List, formerNode: java.util.List 
97559      ERROR Test worker     d.u.i.k.j.KeYJPMapping    Duplicate registration of node: List, formerNode: java.util.List 
97559      ERROR Test worker     d.u.i.k.j.KeYJPMapping    Duplicate registration of node: ListIterator, formerNode: java.util.ListIterator 
97559      ERROR Test worker     d.u.i.k.j.KeYJPMapping    Duplicate registration of node: ListIterator, formerNode: java.util.ListIterator 
97559      ERROR Test worker     d.u.i.k.j.KeYJPMapping    Duplicate registration of node: Long, formerNode: Long 
97559      ERROR Test worker     d.u.i.k.j.KeYJPMapping    Duplicate registration of node: Boolean, formerNode: Boolean 
97559      ERROR Test worker     d.u.i.k.j.KeYJPMapping    Duplicate registration of node: Map, formerNode: Map 
97574      ERROR Test worker     d.u.i.k.j.KeYJPMapping    Duplicate registration of node: Set, formerNode: java.util.Set 
97574      ERROR Test worker     d.u.i.k.j.KeYJPMapping    Duplicate registration of node: Set, formerNode: java.util.Set 
97574      ERROR Test worker     d.u.i.k.j.KeYJPMapping    Duplicate registration of node: FilterOutputStream, formerNode: FilterOutputStream 
97574      ERROR Test worker     d.u.i.k.j.KeYJPMapping    Duplicate registration of node: InputStream, formerNode: java.io.InputStream 
97574      ERROR Test worker     d.u.i.k.j.KeYJPMapping    Duplicate registration of node: InputStream, formerNode: java.io.InputStream 
97574      ERROR Test worker     d.u.i.k.j.KeYJPMapping    Duplicate registration of node: IOException, formerNode: IOException 
97574      ERROR Test worker     d.u.i.k.j.KeYJPMapping    Duplicate registration of node: OutputStream, formerNode: java.io.OutputStream 
97574      ERROR Test worker     d.u.i.k.j.KeYJPMapping    Duplicate registration of node: OutputStream, formerNode: java.io.OutputStream 
97574      ERROR Test worker     d.u.i.k.j.KeYJPMapping    Duplicate registration of node: PrintStream, formerNode: java.io.PrintStream 
97574      ERROR Test worker     d.u.i.k.j.KeYJPMapping    Duplicate registration of node: PrintStream, formerNode: java.io.PrintStream 
97574      ERROR Test worker     d.u.i.k.j.KeYJPMapping    Duplicate registration of node: Serializable, formerNode: Serializable 
97574      ERROR Test worker     d.u.i.k.j.KeYJPMapping    Duplicate registration of node: BigInteger, formerNode: java.math.BigInteger 
97574      ERROR Test worker     d.u.i.k.j.KeYJPMapping    Duplicate registration of node: BigInteger, formerNode: java.math.BigInteger 
97574      ERROR Test worker     d.u.i.k.j.KeYJPMapping    Duplicate registration of node: ArrayList, formerNode: ArrayList 
97574      ERROR Test worker     d.u.i.k.j.KeYJPMapping    Duplicate registration of node: byte[], formerNode: byte[] 
97589      ERROR Test worker     d.u.i.k.j.KeYJPMapping    Duplicate registration of node: Arrays, formerNode: Arrays 
97589      ERROR Test worker     d.u.i.k.j.KeYJPMapping    Duplicate registration of node: ListIteratorImpl, formerNode: ListIteratorImpl 
97589      ERROR Test worker     d.u.i.k.j.KeYJPMapping    Duplicate registration of node: Date, formerNode: Date 
97605      ERROR Test worker     d.u.i.k.j.KeYJPMapping    Duplicate registration of node: LinkedHashMap, formerNode: LinkedHashMap 
97605      ERROR Test worker     d.u.i.k.j.KeYJPMapping    Duplicate registration of node: /*@pure@*/
String, formerNode: /*@strictly_pure*/
java.lang.String 
97605      ERROR Test worker     d.u.i.k.j.KeYJPMapping    Duplicate registration of node: LinkedList, formerNode: LinkedList 
97636      DEBUG Test worker     d.u.i.k.p.i.AbstractProblemLoader Init config took 312.3ms 
97652      INFO  Test worker     d.u.i.k.p.i.AbstractProblemLoader Loading environment from src\test\resources\testcase\merge\dummy.key 
97652      DEBUG Test worker     d.u.i.k.p.i.AbstractProblemLoader Environment load took 111.1ns 
97652      INFO  Test worker     d.u.i.k.p.i.AbstractProblemLoader Creating init config 
97765      ERROR Test worker     d.u.i.k.j.KeYJPMapping    Duplicate registration of node: boolean, formerNode: /*@ pure @*/
boolean 
97765      ERROR Test worker     d.u.i.k.j.KeYJPMapping    Duplicate registration of node: Object, formerNode: java.lang.Object 
97765      ERROR Test worker     d.u.i.k.j.KeYJPMapping    Duplicate registration of node: Object, formerNode: java.lang.Object 
97765      ERROR Test worker     d.u.i.k.j.KeYJPMapping    Duplicate registration of node: Annotation, formerNode: Annotation 
97765      ERROR Test worker     d.u.i.k.j.KeYJPMapping    Duplicate registration of node: ArithmeticException, formerNode: ArithmeticException 
97765      ERROR Test worker     d.u.i.k.j.KeYJPMapping    Duplicate registration of node: ArrayIndexOutOfBoundsException, formerNode: ArrayIndexOutOfBoundsException 
97765      ERROR Test worker     d.u.i.k.j.KeYJPMapping    Duplicate registration of node: ArrayStoreException, formerNode: ArrayStoreException 
97765      ERROR Test worker     d.u.i.k.j.KeYJPMapping    Duplicate registration of node: AssertionError, formerNode: AssertionError 
97765      ERROR Test worker     d.u.i.k.j.KeYJPMapping    Duplicate registration of node: Character, formerNode: Character 
97765      ERROR Test worker     d.u.i.k.j.KeYJPMapping    Duplicate registration of node: Class, formerNode: java.lang.Class 
97765      ERROR Test worker     d.u.i.k.j.KeYJPMapping    Duplicate registration of node: Class, formerNode: java.lang.Class 
97781      ERROR Test worker     d.u.i.k.j.KeYJPMapping    Duplicate registration of node: ClassCastException, formerNode: ClassCastException 
97781      ERROR Test worker     d.u.i.k.j.KeYJPMapping    Duplicate registration of node: CloneNotSupportedException, formerNode: CloneNotSupportedException 
97781      ERROR Test worker     d.u.i.k.j.KeYJPMapping    Duplicate registration of node: Cloneable, formerNode: Cloneable 
97781      ERROR Test worker     d.u.i.k.j.KeYJPMapping    Duplicate registration of node: Comparable, formerNode: Comparable 
97781      ERROR Test worker     d.u.i.k.j.KeYJPMapping    Duplicate registration of node: Double, formerNode: Double 
97781      ERROR Test worker     d.u.i.k.j.KeYJPMapping    Duplicate registration of node: Enum, formerNode: java.lang.Enum 
97781      ERROR Test worker     d.u.i.k.j.KeYJPMapping    Duplicate registration of node: Enum, formerNode: java.lang.Enum 
97781      ERROR Test worker     d.u.i.k.j.KeYJPMapping    Duplicate registration of node: Error, formerNode: Error 
97781      ERROR Test worker     d.u.i.k.j.KeYJPMapping    Duplicate registration of node: Exception, formerNode: Exception 
97781      ERROR Test worker     d.u.i.k.j.KeYJPMapping    Duplicate registration of node: ExceptionInInitializerError, formerNode: java.lang.ExceptionInInitializerError 
97781      ERROR Test worker     d.u.i.k.j.KeYJPMapping    Duplicate registration of node: ExceptionInInitializerError, formerNode: java.lang.ExceptionInInitializerError 
97781      ERROR Test worker     d.u.i.k.j.KeYJPMapping    Duplicate registration of node: Float, formerNode: Float 
97781      ERROR Test worker     d.u.i.k.j.KeYJPMapping    Duplicate registration of node: IllegalArgumentException, formerNode: IllegalArgumentException 
97781      ERROR Test worker     d.u.i.k.j.KeYJPMapping    Duplicate registration of node: IndexOutOfBoundsException, formerNode: IndexOutOfBoundsException 
97859      ERROR Test worker     d.u.i.k.j.KeYJPMapping    Duplicate registration of node: Integer, formerNode: java.lang.Integer 
97859      ERROR Test worker     d.u.i.k.j.KeYJPMapping    Duplicate registration of node: Integer, formerNode: java.lang.Integer 
97875      ERROR Test worker     d.u.i.k.j.KeYJPMapping    Duplicate registration of node: InterruptedException, formerNode: InterruptedException 
97876      ERROR Test worker     d.u.i.k.j.KeYJPMapping    Duplicate registration of node: Iterable, formerNode: Iterable 
97877      ERROR Test worker     d.u.i.k.j.KeYJPMapping    Duplicate registration of node: LinkageError, formerNode: LinkageError 
97880      ERROR Test worker     d.u.i.k.j.KeYJPMapping    Duplicate registration of node: Math, formerNode: Math 
97880      ERROR Test worker     d.u.i.k.j.KeYJPMapping    Duplicate registration of node: NegativeArraySizeException, formerNode: NegativeArraySizeException 
97880      ERROR Test worker     d.u.i.k.j.KeYJPMapping    Duplicate registration of node: NoClassDefFoundError, formerNode: java.lang.NoClassDefFoundError 
97880      ERROR Test worker     d.u.i.k.j.KeYJPMapping    Duplicate registration of node: NoClassDefFoundError, formerNode: java.lang.NoClassDefFoundError 
97880      ERROR Test worker     d.u.i.k.j.KeYJPMapping    Duplicate registration of node: NullPointerException, formerNode: NullPointerException 
97880      ERROR Test worker     d.u.i.k.j.KeYJPMapping    Duplicate registration of node: Number, formerNode: Number 
97880      ERROR Test worker     d.u.i.k.j.KeYJPMapping    Duplicate registration of node: NumberFormatException, formerNode: NumberFormatException 
97880      ERROR Test worker     d.u.i.k.j.KeYJPMapping    Duplicate registration of node: VirtualMachineError, formerNode: VirtualMachineError 
97880      ERROR Test worker     d.u.i.k.j.KeYJPMapping    Duplicate registration of node: OutOfMemoryError, formerNode: OutOfMemoryError 
97880      ERROR Test worker     d.u.i.k.j.KeYJPMapping    Duplicate registration of node: Runnable, formerNode: Runnable 
97880      ERROR Test worker     d.u.i.k.j.KeYJPMapping    Duplicate registration of node: RuntimeException, formerNode: RuntimeException 
97880      ERROR Test worker     d.u.i.k.j.KeYJPMapping    Duplicate registration of node: /*@pure*/
int, formerNode: int 
97880      ERROR Test worker     d.u.i.k.j.KeYJPMapping    Duplicate registration of node: /*@ helper */
int, formerNode: int 
97880      ERROR Test worker     d.u.i.k.j.KeYJPMapping    Duplicate registration of node: /*@ helper */
boolean, formerNode: /*@ pure @*/
boolean 
97896      ERROR Test worker     d.u.i.k.j.KeYJPMapping    Duplicate registration of node: /*@ helper */
java.lang.String, formerNode: java.lang.String 
97896      ERROR Test worker     d.u.i.k.j.KeYJPMapping    Duplicate registration of node: String, formerNode: java.lang.String 
97911      ERROR Test worker     d.u.i.k.j.KeYJPMapping    Duplicate registration of node: String, formerNode: java.lang.String 
97911      ERROR Test worker     d.u.i.k.j.KeYJPMapping    Duplicate registration of node: char, formerNode: /*@ helper */
char 
97911      ERROR Test worker     d.u.i.k.j.KeYJPMapping    Duplicate registration of node: StringBuffer, formerNode: StringBuffer 
97927      ERROR Test worker     d.u.i.k.j.KeYJPMapping    Duplicate registration of node: System, formerNode: System 
97927      ERROR Test worker     d.u.i.k.j.KeYJPMapping    Duplicate registration of node: Thread, formerNode: Thread 
97927      ERROR Test worker     d.u.i.k.j.KeYJPMapping    Duplicate registration of node: Throwable, formerNode: java.lang.Throwable 
97927      ERROR Test worker     d.u.i.k.j.KeYJPMapping    Duplicate registration of node: Throwable, formerNode: java.lang.Throwable 
97927      ERROR Test worker     d.u.i.k.j.KeYJPMapping    Duplicate registration of node: Collection, formerNode: Collection 
97927      ERROR Test worker     d.u.i.k.j.KeYJPMapping    Duplicate registration of node: Iterator, formerNode: java.util.Iterator 
97927      ERROR Test worker     d.u.i.k.j.KeYJPMapping    Duplicate registration of node: Iterator, formerNode: java.util.Iterator 
97927      ERROR Test worker     d.u.i.k.j.KeYJPMapping    Duplicate registration of node: List, formerNode: java.util.List 
97927      ERROR Test worker     d.u.i.k.j.KeYJPMapping    Duplicate registration of node: List, formerNode: java.util.List 
97927      ERROR Test worker     d.u.i.k.j.KeYJPMapping    Duplicate registration of node: ListIterator, formerNode: java.util.ListIterator 
97927      ERROR Test worker     d.u.i.k.j.KeYJPMapping    Duplicate registration of node: ListIterator, formerNode: java.util.ListIterator 
97927      ERROR Test worker     d.u.i.k.j.KeYJPMapping    Duplicate registration of node: Long, formerNode: Long 
97942      ERROR Test worker     d.u.i.k.j.KeYJPMapping    Duplicate registration of node: Boolean, formerNode: Boolean 
97942      ERROR Test worker     d.u.i.k.j.KeYJPMapping    Duplicate registration of node: Map, formerNode: Map 
97942      ERROR Test worker     d.u.i.k.j.KeYJPMapping    Duplicate registration of node: Set, formerNode: java.util.Set 
97942      ERROR Test worker     d.u.i.k.j.KeYJPMapping    Duplicate registration of node: Set, formerNode: java.util.Set 
97942      ERROR Test worker     d.u.i.k.j.KeYJPMapping    Duplicate registration of node: FilterOutputStream, formerNode: FilterOutputStream 
97942      ERROR Test worker     d.u.i.k.j.KeYJPMapping    Duplicate registration of node: InputStream, formerNode: java.io.InputStream 
97942      ERROR Test worker     d.u.i.k.j.KeYJPMapping    Duplicate registration of node: InputStream, formerNode: java.io.InputStream 
97942      ERROR Test worker     d.u.i.k.j.KeYJPMapping    Duplicate registration of node: IOException, formerNode: IOException 
97942      ERROR Test worker     d.u.i.k.j.KeYJPMapping    Duplicate registration of node: OutputStream, formerNode: java.io.OutputStream 
97942      ERROR Test worker     d.u.i.k.j.KeYJPMapping    Duplicate registration of node: OutputStream, formerNode: java.io.OutputStream 
97942      ERROR Test worker     d.u.i.k.j.KeYJPMapping    Duplicate registration of node: PrintStream, formerNode: java.io.PrintStream 
97942      ERROR Test worker     d.u.i.k.j.KeYJPMapping    Duplicate registration of node: PrintStream, formerNode: java.io.PrintStream 
97942      ERROR Test worker     d.u.i.k.j.KeYJPMapping    Duplicate registration of node: Serializable, formerNode: Serializable 
97942      ERROR Test worker     d.u.i.k.j.KeYJPMapping    Duplicate registration of node: BigInteger, formerNode: java.math.BigInteger 
97958      ERROR Test worker     d.u.i.k.j.KeYJPMapping    Duplicate registration of node: BigInteger, formerNode: java.math.BigInteger 
97958      ERROR Test worker     d.u.i.k.j.KeYJPMapping    Duplicate registration of node: ArrayList, formerNode: ArrayList 
97958      ERROR Test worker     d.u.i.k.j.KeYJPMapping    Duplicate registration of node: byte[], formerNode: byte[] 
97974      ERROR Test worker     d.u.i.k.j.KeYJPMapping    Duplicate registration of node: Arrays, formerNode: Arrays 
97974      ERROR Test worker     d.u.i.k.j.KeYJPMapping    Duplicate registration of node: ListIteratorImpl, formerNode: ListIteratorImpl 
97974      ERROR Test worker     d.u.i.k.j.KeYJPMapping    Duplicate registration of node: Date, formerNode: Date 
97974      ERROR Test worker     d.u.i.k.j.KeYJPMapping    Duplicate registration of node: LinkedHashMap, formerNode: LinkedHashMap 
97974      ERROR Test worker     d.u.i.k.j.KeYJPMapping    Duplicate registration of node: /*@pure@*/
String, formerNode: /*@strictly_pure*/
java.lang.String 
97974      ERROR Test worker     d.u.i.k.j.KeYJPMapping    Duplicate registration of node: LinkedList, formerNode: LinkedList 
98005      DEBUG Test worker     d.u.i.k.p.i.AbstractProblemLoader Init config took 366.19ms 
]]></system-err>
</testsuite>
