<?xml version="1.0" encoding="UTF-8"?>
<testsuite name="de.uka.ilkd.key.macros.scripts.SMTCommandTest" tests="1" skipped="0" failures="0" errors="0" timestamp="2023-06-09T14:23:05" hostname="fv-az553-785" time="0.019">
  <properties/>
  <testcase name="testInstantiation()" classname="de.uka.ilkd.key.macros.scripts.SMTCommandTest" time="0.019"/>
  <system-out><![CDATA[]]></system-out>
  <system-err><![CDATA[]]></system-err>
</testsuite>
