<?xml version="1.0" encoding="UTF-8"?>
<testsuite name="de.uka.ilkd.key.util.TestProofStarter" tests="2" skipped="0" failures="2" errors="0" timestamp="2023-06-09T14:25:02" hostname="fv-az553-785" time="0.855">
  <properties/>
  <testcase name="testDirectProofWithOneStepSimplification()" classname="de.uka.ilkd.key.util.TestProofStarter" time="0.45">
    <failure message="Contract not found: CC[CC::calcCoinIndex([I,[I)].JML normal_behavior operation contract.0 (file: src\test\resources\testcase\proofStarter\CC\project.key; caused by: java.lang.RuntimeException: Contract not found: CC[CC::calcCoinIndex([I,[I)].JML normal_behavior operation contract.0)" type="de.uka.ilkd.key.proof.io.ProblemLoaderException">Contract not found: CC[CC::calcCoinIndex([I,[I)].JML normal_behavior operation contract.0 (file: src\test\resources\testcase\proofStarter\CC\project.key; caused by: java.lang.RuntimeException: Contract not found: CC[CC::calcCoinIndex([I,[I)].JML normal_behavior operation contract.0)
	at app//de.uka.ilkd.key.control.AbstractUserInterfaceControl.load(AbstractUserInterfaceControl.java:225)
	at app//de.uka.ilkd.key.control.KeYEnvironment.load(KeYEnvironment.java:282)
	at app//de.uka.ilkd.key.control.KeYEnvironment.load(KeYEnvironment.java:251)
	at app//de.uka.ilkd.key.control.KeYEnvironment.load(KeYEnvironment.java:225)
	at app//de.uka.ilkd.key.control.KeYEnvironment.load(KeYEnvironment.java:185)
	at app//de.uka.ilkd.key.util.TestProofStarter.doProofStarter(TestProofStarter.java:61)
	at app//de.uka.ilkd.key.util.TestProofStarter.testDirectProofWithOneStepSimplification(TestProofStarter.java:44)
	at java.base@17.0.7/jdk.internal.reflect.NativeMethodAccessorImpl.invoke0(Native Method)
	at java.base@17.0.7/jdk.internal.reflect.NativeMethodAccessorImpl.invoke(NativeMethodAccessorImpl.java:77)
	at java.base@17.0.7/jdk.internal.reflect.DelegatingMethodAccessorImpl.invoke(DelegatingMethodAccessorImpl.java:43)
	at java.base@17.0.7/java.lang.reflect.Method.invoke(Method.java:568)
	at app//org.junit.platform.commons.util.ReflectionUtils.invokeMethod(ReflectionUtils.java:727)
	at app//org.junit.jupiter.engine.execution.MethodInvocation.proceed(MethodInvocation.java:60)
	at app//org.junit.jupiter.engine.execution.InvocationInterceptorChain$ValidatingInvocation.proceed(InvocationInterceptorChain.java:131)
	at app//org.junit.jupiter.engine.extension.SameThreadTimeoutInvocation.proceed(SameThreadTimeoutInvocation.java:45)
	at app//org.junit.jupiter.engine.extension.TimeoutExtension.intercept(TimeoutExtension.java:156)
	at app//org.junit.jupiter.engine.extension.TimeoutExtension.interceptTestableMethod(TimeoutExtension.java:147)
	at app//org.junit.jupiter.engine.extension.TimeoutExtension.interceptTestMethod(TimeoutExtension.java:86)
	at app//org.junit.jupiter.engine.execution.InterceptingExecutableInvoker$ReflectiveInterceptorCall.lambda$ofVoidMethod$0(InterceptingExecutableInvoker.java:103)
	at app//org.junit.jupiter.engine.execution.InterceptingExecutableInvoker.lambda$invoke$0(InterceptingExecutableInvoker.java:93)
	at app//org.junit.jupiter.engine.execution.InvocationInterceptorChain$InterceptedInvocation.proceed(InvocationInterceptorChain.java:106)
	at app//org.junit.jupiter.engine.execution.InvocationInterceptorChain.proceed(InvocationInterceptorChain.java:64)
	at app//org.junit.jupiter.engine.execution.InvocationInterceptorChain.chainAndInvoke(InvocationInterceptorChain.java:45)
	at app//org.junit.jupiter.engine.execution.InvocationInterceptorChain.invoke(InvocationInterceptorChain.java:37)
	at app//org.junit.jupiter.engine.execution.InterceptingExecutableInvoker.invoke(InterceptingExecutableInvoker.java:92)
	at app//org.junit.jupiter.engine.execution.InterceptingExecutableInvoker.invoke(InterceptingExecutableInvoker.java:86)
	at app//org.junit.jupiter.engine.descriptor.TestMethodTestDescriptor.lambda$invokeTestMethod$7(TestMethodTestDescriptor.java:217)
	at app//org.junit.platform.engine.support.hierarchical.ThrowableCollector.execute(ThrowableCollector.java:73)
	at app//org.junit.jupiter.engine.descriptor.TestMethodTestDescriptor.invokeTestMethod(TestMethodTestDescriptor.java:213)
	at app//org.junit.jupiter.engine.descriptor.TestMethodTestDescriptor.execute(TestMethodTestDescriptor.java:138)
	at app//org.junit.jupiter.engine.descriptor.TestMethodTestDescriptor.execute(TestMethodTestDescriptor.java:68)
	at app//org.junit.platform.engine.support.hierarchical.NodeTestTask.lambda$executeRecursively$6(NodeTestTask.java:151)
	at app//org.junit.platform.engine.support.hierarchical.ThrowableCollector.execute(ThrowableCollector.java:73)
	at app//org.junit.platform.engine.support.hierarchical.NodeTestTask.lambda$executeRecursively$8(NodeTestTask.java:141)
	at app//org.junit.platform.engine.support.hierarchical.Node.around(Node.java:137)
	at app//org.junit.platform.engine.support.hierarchical.NodeTestTask.lambda$executeRecursively$9(NodeTestTask.java:139)
	at app//org.junit.platform.engine.support.hierarchical.ThrowableCollector.execute(ThrowableCollector.java:73)
	at app//org.junit.platform.engine.support.hierarchical.NodeTestTask.executeRecursively(NodeTestTask.java:138)
	at app//org.junit.platform.engine.support.hierarchical.NodeTestTask.execute(NodeTestTask.java:95)
	at java.base@17.0.7/java.util.ArrayList.forEach(ArrayList.java:1511)
	at app//org.junit.platform.engine.support.hierarchical.SameThreadHierarchicalTestExecutorService.invokeAll(SameThreadHierarchicalTestExecutorService.java:41)
	at app//org.junit.platform.engine.support.hierarchical.NodeTestTask.lambda$executeRecursively$6(NodeTestTask.java:155)
	at app//org.junit.platform.engine.support.hierarchical.ThrowableCollector.execute(ThrowableCollector.java:73)
	at app//org.junit.platform.engine.support.hierarchical.NodeTestTask.lambda$executeRecursively$8(NodeTestTask.java:141)
	at app//org.junit.platform.engine.support.hierarchical.Node.around(Node.java:137)
	at app//org.junit.platform.engine.support.hierarchical.NodeTestTask.lambda$executeRecursively$9(NodeTestTask.java:139)
	at app//org.junit.platform.engine.support.hierarchical.ThrowableCollector.execute(ThrowableCollector.java:73)
	at app//org.junit.platform.engine.support.hierarchical.NodeTestTask.executeRecursively(NodeTestTask.java:138)
	at app//org.junit.platform.engine.support.hierarchical.NodeTestTask.execute(NodeTestTask.java:95)
	at java.base@17.0.7/java.util.ArrayList.forEach(ArrayList.java:1511)
	at app//org.junit.platform.engine.support.hierarchical.SameThreadHierarchicalTestExecutorService.invokeAll(SameThreadHierarchicalTestExecutorService.java:41)
	at app//org.junit.platform.engine.support.hierarchical.NodeTestTask.lambda$executeRecursively$6(NodeTestTask.java:155)
	at app//org.junit.platform.engine.support.hierarchical.ThrowableCollector.execute(ThrowableCollector.java:73)
	at app//org.junit.platform.engine.support.hierarchical.NodeTestTask.lambda$executeRecursively$8(NodeTestTask.java:141)
	at app//org.junit.platform.engine.support.hierarchical.Node.around(Node.java:137)
	at app//org.junit.platform.engine.support.hierarchical.NodeTestTask.lambda$executeRecursively$9(NodeTestTask.java:139)
	at app//org.junit.platform.engine.support.hierarchical.ThrowableCollector.execute(ThrowableCollector.java:73)
	at app//org.junit.platform.engine.support.hierarchical.NodeTestTask.executeRecursively(NodeTestTask.java:138)
	at app//org.junit.platform.engine.support.hierarchical.NodeTestTask.execute(NodeTestTask.java:95)
	at app//org.junit.platform.engine.support.hierarchical.SameThreadHierarchicalTestExecutorService.submit(SameThreadHierarchicalTestExecutorService.java:35)
	at app//org.junit.platform.engine.support.hierarchical.HierarchicalTestExecutor.execute(HierarchicalTestExecutor.java:57)
	at app//org.junit.platform.engine.support.hierarchical.HierarchicalTestEngine.execute(HierarchicalTestEngine.java:54)
	at app//org.junit.platform.launcher.core.EngineExecutionOrchestrator.execute(EngineExecutionOrchestrator.java:107)
	at app//org.junit.platform.launcher.core.EngineExecutionOrchestrator.execute(EngineExecutionOrchestrator.java:88)
	at app//org.junit.platform.launcher.core.EngineExecutionOrchestrator.lambda$execute$0(EngineExecutionOrchestrator.java:54)
	at app//org.junit.platform.launcher.core.EngineExecutionOrchestrator.withInterceptedStreams(EngineExecutionOrchestrator.java:67)
	at app//org.junit.platform.launcher.core.EngineExecutionOrchestrator.execute(EngineExecutionOrchestrator.java:52)
	at app//org.junit.platform.launcher.core.DefaultLauncher.execute(DefaultLauncher.java:114)
	at app//org.junit.platform.launcher.core.DefaultLauncher.execute(DefaultLauncher.java:86)
	at app//org.junit.platform.launcher.core.DefaultLauncherSession$DelegatingLauncher.execute(DefaultLauncherSession.java:86)
	at org.gradle.api.internal.tasks.testing.junitplatform.JUnitPlatformTestClassProcessor$CollectAllTestClassesExecutor.processAllTestClasses(JUnitPlatformTestClassProcessor.java:110)
	at org.gradle.api.internal.tasks.testing.junitplatform.JUnitPlatformTestClassProcessor$CollectAllTestClassesExecutor.access$000(JUnitPlatformTestClassProcessor.java:90)
	at org.gradle.api.internal.tasks.testing.junitplatform.JUnitPlatformTestClassProcessor.stop(JUnitPlatformTestClassProcessor.java:85)
	at org.gradle.api.internal.tasks.testing.SuiteTestClassProcessor.stop(SuiteTestClassProcessor.java:62)
	at java.base@17.0.7/jdk.internal.reflect.NativeMethodAccessorImpl.invoke0(Native Method)
	at java.base@17.0.7/jdk.internal.reflect.NativeMethodAccessorImpl.invoke(NativeMethodAccessorImpl.java:77)
	at java.base@17.0.7/jdk.internal.reflect.DelegatingMethodAccessorImpl.invoke(DelegatingMethodAccessorImpl.java:43)
	at java.base@17.0.7/java.lang.reflect.Method.invoke(Method.java:568)
	at org.gradle.internal.dispatch.ReflectionDispatch.dispatch(ReflectionDispatch.java:36)
	at org.gradle.internal.dispatch.ReflectionDispatch.dispatch(ReflectionDispatch.java:24)
	at org.gradle.internal.dispatch.ContextClassLoaderDispatch.dispatch(ContextClassLoaderDispatch.java:33)
	at org.gradle.internal.dispatch.ProxyDispatchAdapter$DispatchingInvocationHandler.invoke(ProxyDispatchAdapter.java:94)
	at jdk.proxy2/jdk.proxy2.$Proxy5.stop(Unknown Source)
	at org.gradle.api.internal.tasks.testing.worker.TestWorker$3.run(TestWorker.java:193)
	at org.gradle.api.internal.tasks.testing.worker.TestWorker.executeAndMaintainThreadName(TestWorker.java:129)
	at org.gradle.api.internal.tasks.testing.worker.TestWorker.execute(TestWorker.java:100)
	at org.gradle.api.internal.tasks.testing.worker.TestWorker.execute(TestWorker.java:60)
	at org.gradle.process.internal.worker.child.ActionExecutionWorker.execute(ActionExecutionWorker.java:56)
	at org.gradle.process.internal.worker.child.SystemApplicationClassLoaderWorker.call(SystemApplicationClassLoaderWorker.java:113)
	at org.gradle.process.internal.worker.child.SystemApplicationClassLoaderWorker.call(SystemApplicationClassLoaderWorker.java:65)
	at app//worker.org.gradle.process.internal.worker.GradleWorkerMain.run(GradleWorkerMain.java:69)
	at app//worker.org.gradle.process.internal.worker.GradleWorkerMain.main(GradleWorkerMain.java:74)
Caused by: java.lang.RuntimeException: Contract not found: CC[CC::calcCoinIndex([I,[I)].JML normal_behavior operation contract.0
	at de.uka.ilkd.key.proof.io.AbstractProblemLoader.createProofObligationContainer(AbstractProblemLoader.java:602)
	at de.uka.ilkd.key.proof.io.AbstractProblemLoader.load(AbstractProblemLoader.java:278)
	at de.uka.ilkd.key.proof.io.AbstractProblemLoader.load(AbstractProblemLoader.java:257)
	at de.uka.ilkd.key.control.AbstractUserInterfaceControl.load(AbstractUserInterfaceControl.java:212)
	... 91 more
</failure>
  </testcase>
  <testcase name="testDirectProof()" classname="de.uka.ilkd.key.util.TestProofStarter" time="0.404">
    <failure message="Contract not found: CC[CC::calcCoinIndex([I,[I)].JML normal_behavior operation contract.0 (file: src\test\resources\testcase\proofStarter\CC\project.key; caused by: java.lang.RuntimeException: Contract not found: CC[CC::calcCoinIndex([I,[I)].JML normal_behavior operation contract.0)" type="de.uka.ilkd.key.proof.io.ProblemLoaderException">Contract not found: CC[CC::calcCoinIndex([I,[I)].JML normal_behavior operation contract.0 (file: src\test\resources\testcase\proofStarter\CC\project.key; caused by: java.lang.RuntimeException: Contract not found: CC[CC::calcCoinIndex([I,[I)].JML normal_behavior operation contract.0)
	at app//de.uka.ilkd.key.control.AbstractUserInterfaceControl.load(AbstractUserInterfaceControl.java:225)
	at app//de.uka.ilkd.key.control.KeYEnvironment.load(KeYEnvironment.java:282)
	at app//de.uka.ilkd.key.control.KeYEnvironment.load(KeYEnvironment.java:251)
	at app//de.uka.ilkd.key.control.KeYEnvironment.load(KeYEnvironment.java:225)
	at app//de.uka.ilkd.key.control.KeYEnvironment.load(KeYEnvironment.java:185)
	at app//de.uka.ilkd.key.util.TestProofStarter.doProofStarter(TestProofStarter.java:61)
	at app//de.uka.ilkd.key.util.TestProofStarter.testDirectProof(TestProofStarter.java:32)
	at java.base@17.0.7/jdk.internal.reflect.NativeMethodAccessorImpl.invoke0(Native Method)
	at java.base@17.0.7/jdk.internal.reflect.NativeMethodAccessorImpl.invoke(NativeMethodAccessorImpl.java:77)
	at java.base@17.0.7/jdk.internal.reflect.DelegatingMethodAccessorImpl.invoke(DelegatingMethodAccessorImpl.java:43)
	at java.base@17.0.7/java.lang.reflect.Method.invoke(Method.java:568)
	at app//org.junit.platform.commons.util.ReflectionUtils.invokeMethod(ReflectionUtils.java:727)
	at app//org.junit.jupiter.engine.execution.MethodInvocation.proceed(MethodInvocation.java:60)
	at app//org.junit.jupiter.engine.execution.InvocationInterceptorChain$ValidatingInvocation.proceed(InvocationInterceptorChain.java:131)
	at app//org.junit.jupiter.engine.extension.SameThreadTimeoutInvocation.proceed(SameThreadTimeoutInvocation.java:45)
	at app//org.junit.jupiter.engine.extension.TimeoutExtension.intercept(TimeoutExtension.java:156)
	at app//org.junit.jupiter.engine.extension.TimeoutExtension.interceptTestableMethod(TimeoutExtension.java:147)
	at app//org.junit.jupiter.engine.extension.TimeoutExtension.interceptTestMethod(TimeoutExtension.java:86)
	at app//org.junit.jupiter.engine.execution.InterceptingExecutableInvoker$ReflectiveInterceptorCall.lambda$ofVoidMethod$0(InterceptingExecutableInvoker.java:103)
	at app//org.junit.jupiter.engine.execution.InterceptingExecutableInvoker.lambda$invoke$0(InterceptingExecutableInvoker.java:93)
	at app//org.junit.jupiter.engine.execution.InvocationInterceptorChain$InterceptedInvocation.proceed(InvocationInterceptorChain.java:106)
	at app//org.junit.jupiter.engine.execution.InvocationInterceptorChain.proceed(InvocationInterceptorChain.java:64)
	at app//org.junit.jupiter.engine.execution.InvocationInterceptorChain.chainAndInvoke(InvocationInterceptorChain.java:45)
	at app//org.junit.jupiter.engine.execution.InvocationInterceptorChain.invoke(InvocationInterceptorChain.java:37)
	at app//org.junit.jupiter.engine.execution.InterceptingExecutableInvoker.invoke(InterceptingExecutableInvoker.java:92)
	at app//org.junit.jupiter.engine.execution.InterceptingExecutableInvoker.invoke(InterceptingExecutableInvoker.java:86)
	at app//org.junit.jupiter.engine.descriptor.TestMethodTestDescriptor.lambda$invokeTestMethod$7(TestMethodTestDescriptor.java:217)
	at app//org.junit.platform.engine.support.hierarchical.ThrowableCollector.execute(ThrowableCollector.java:73)
	at app//org.junit.jupiter.engine.descriptor.TestMethodTestDescriptor.invokeTestMethod(TestMethodTestDescriptor.java:213)
	at app//org.junit.jupiter.engine.descriptor.TestMethodTestDescriptor.execute(TestMethodTestDescriptor.java:138)
	at app//org.junit.jupiter.engine.descriptor.TestMethodTestDescriptor.execute(TestMethodTestDescriptor.java:68)
	at app//org.junit.platform.engine.support.hierarchical.NodeTestTask.lambda$executeRecursively$6(NodeTestTask.java:151)
	at app//org.junit.platform.engine.support.hierarchical.ThrowableCollector.execute(ThrowableCollector.java:73)
	at app//org.junit.platform.engine.support.hierarchical.NodeTestTask.lambda$executeRecursively$8(NodeTestTask.java:141)
	at app//org.junit.platform.engine.support.hierarchical.Node.around(Node.java:137)
	at app//org.junit.platform.engine.support.hierarchical.NodeTestTask.lambda$executeRecursively$9(NodeTestTask.java:139)
	at app//org.junit.platform.engine.support.hierarchical.ThrowableCollector.execute(ThrowableCollector.java:73)
	at app//org.junit.platform.engine.support.hierarchical.NodeTestTask.executeRecursively(NodeTestTask.java:138)
	at app//org.junit.platform.engine.support.hierarchical.NodeTestTask.execute(NodeTestTask.java:95)
	at java.base@17.0.7/java.util.ArrayList.forEach(ArrayList.java:1511)
	at app//org.junit.platform.engine.support.hierarchical.SameThreadHierarchicalTestExecutorService.invokeAll(SameThreadHierarchicalTestExecutorService.java:41)
	at app//org.junit.platform.engine.support.hierarchical.NodeTestTask.lambda$executeRecursively$6(NodeTestTask.java:155)
	at app//org.junit.platform.engine.support.hierarchical.ThrowableCollector.execute(ThrowableCollector.java:73)
	at app//org.junit.platform.engine.support.hierarchical.NodeTestTask.lambda$executeRecursively$8(NodeTestTask.java:141)
	at app//org.junit.platform.engine.support.hierarchical.Node.around(Node.java:137)
	at app//org.junit.platform.engine.support.hierarchical.NodeTestTask.lambda$executeRecursively$9(NodeTestTask.java:139)
	at app//org.junit.platform.engine.support.hierarchical.ThrowableCollector.execute(ThrowableCollector.java:73)
	at app//org.junit.platform.engine.support.hierarchical.NodeTestTask.executeRecursively(NodeTestTask.java:138)
	at app//org.junit.platform.engine.support.hierarchical.NodeTestTask.execute(NodeTestTask.java:95)
	at java.base@17.0.7/java.util.ArrayList.forEach(ArrayList.java:1511)
	at app//org.junit.platform.engine.support.hierarchical.SameThreadHierarchicalTestExecutorService.invokeAll(SameThreadHierarchicalTestExecutorService.java:41)
	at app//org.junit.platform.engine.support.hierarchical.NodeTestTask.lambda$executeRecursively$6(NodeTestTask.java:155)
	at app//org.junit.platform.engine.support.hierarchical.ThrowableCollector.execute(ThrowableCollector.java:73)
	at app//org.junit.platform.engine.support.hierarchical.NodeTestTask.lambda$executeRecursively$8(NodeTestTask.java:141)
	at app//org.junit.platform.engine.support.hierarchical.Node.around(Node.java:137)
	at app//org.junit.platform.engine.support.hierarchical.NodeTestTask.lambda$executeRecursively$9(NodeTestTask.java:139)
	at app//org.junit.platform.engine.support.hierarchical.ThrowableCollector.execute(ThrowableCollector.java:73)
	at app//org.junit.platform.engine.support.hierarchical.NodeTestTask.executeRecursively(NodeTestTask.java:138)
	at app//org.junit.platform.engine.support.hierarchical.NodeTestTask.execute(NodeTestTask.java:95)
	at app//org.junit.platform.engine.support.hierarchical.SameThreadHierarchicalTestExecutorService.submit(SameThreadHierarchicalTestExecutorService.java:35)
	at app//org.junit.platform.engine.support.hierarchical.HierarchicalTestExecutor.execute(HierarchicalTestExecutor.java:57)
	at app//org.junit.platform.engine.support.hierarchical.HierarchicalTestEngine.execute(HierarchicalTestEngine.java:54)
	at app//org.junit.platform.launcher.core.EngineExecutionOrchestrator.execute(EngineExecutionOrchestrator.java:107)
	at app//org.junit.platform.launcher.core.EngineExecutionOrchestrator.execute(EngineExecutionOrchestrator.java:88)
	at app//org.junit.platform.launcher.core.EngineExecutionOrchestrator.lambda$execute$0(EngineExecutionOrchestrator.java:54)
	at app//org.junit.platform.launcher.core.EngineExecutionOrchestrator.withInterceptedStreams(EngineExecutionOrchestrator.java:67)
	at app//org.junit.platform.launcher.core.EngineExecutionOrchestrator.execute(EngineExecutionOrchestrator.java:52)
	at app//org.junit.platform.launcher.core.DefaultLauncher.execute(DefaultLauncher.java:114)
	at app//org.junit.platform.launcher.core.DefaultLauncher.execute(DefaultLauncher.java:86)
	at app//org.junit.platform.launcher.core.DefaultLauncherSession$DelegatingLauncher.execute(DefaultLauncherSession.java:86)
	at org.gradle.api.internal.tasks.testing.junitplatform.JUnitPlatformTestClassProcessor$CollectAllTestClassesExecutor.processAllTestClasses(JUnitPlatformTestClassProcessor.java:110)
	at org.gradle.api.internal.tasks.testing.junitplatform.JUnitPlatformTestClassProcessor$CollectAllTestClassesExecutor.access$000(JUnitPlatformTestClassProcessor.java:90)
	at org.gradle.api.internal.tasks.testing.junitplatform.JUnitPlatformTestClassProcessor.stop(JUnitPlatformTestClassProcessor.java:85)
	at org.gradle.api.internal.tasks.testing.SuiteTestClassProcessor.stop(SuiteTestClassProcessor.java:62)
	at java.base@17.0.7/jdk.internal.reflect.NativeMethodAccessorImpl.invoke0(Native Method)
	at java.base@17.0.7/jdk.internal.reflect.NativeMethodAccessorImpl.invoke(NativeMethodAccessorImpl.java:77)
	at java.base@17.0.7/jdk.internal.reflect.DelegatingMethodAccessorImpl.invoke(DelegatingMethodAccessorImpl.java:43)
	at java.base@17.0.7/java.lang.reflect.Method.invoke(Method.java:568)
	at org.gradle.internal.dispatch.ReflectionDispatch.dispatch(ReflectionDispatch.java:36)
	at org.gradle.internal.dispatch.ReflectionDispatch.dispatch(ReflectionDispatch.java:24)
	at org.gradle.internal.dispatch.ContextClassLoaderDispatch.dispatch(ContextClassLoaderDispatch.java:33)
	at org.gradle.internal.dispatch.ProxyDispatchAdapter$DispatchingInvocationHandler.invoke(ProxyDispatchAdapter.java:94)
	at jdk.proxy2/jdk.proxy2.$Proxy5.stop(Unknown Source)
	at org.gradle.api.internal.tasks.testing.worker.TestWorker$3.run(TestWorker.java:193)
	at org.gradle.api.internal.tasks.testing.worker.TestWorker.executeAndMaintainThreadName(TestWorker.java:129)
	at org.gradle.api.internal.tasks.testing.worker.TestWorker.execute(TestWorker.java:100)
	at org.gradle.api.internal.tasks.testing.worker.TestWorker.execute(TestWorker.java:60)
	at org.gradle.process.internal.worker.child.ActionExecutionWorker.execute(ActionExecutionWorker.java:56)
	at org.gradle.process.internal.worker.child.SystemApplicationClassLoaderWorker.call(SystemApplicationClassLoaderWorker.java:113)
	at org.gradle.process.internal.worker.child.SystemApplicationClassLoaderWorker.call(SystemApplicationClassLoaderWorker.java:65)
	at app//worker.org.gradle.process.internal.worker.GradleWorkerMain.run(GradleWorkerMain.java:69)
	at app//worker.org.gradle.process.internal.worker.GradleWorkerMain.main(GradleWorkerMain.java:74)
Caused by: java.lang.RuntimeException: Contract not found: CC[CC::calcCoinIndex([I,[I)].JML normal_behavior operation contract.0
	at de.uka.ilkd.key.proof.io.AbstractProblemLoader.createProofObligationContainer(AbstractProblemLoader.java:602)
	at de.uka.ilkd.key.proof.io.AbstractProblemLoader.load(AbstractProblemLoader.java:278)
	at de.uka.ilkd.key.proof.io.AbstractProblemLoader.load(AbstractProblemLoader.java:257)
	at de.uka.ilkd.key.control.AbstractUserInterfaceControl.load(AbstractUserInterfaceControl.java:212)
	... 91 more
</failure>
  </testcase>
  <system-out><![CDATA[]]></system-out>
  <system-err><![CDATA[152157     INFO  Test worker     d.u.i.k.p.i.AbstractProblemLoader Loading environment from src\test\resources\testcase\proofStarter\CC\project.key 
152173     DEBUG Test worker     d.u.i.k.p.i.AbstractProblemLoader Environment load took 147.9ns 
152173     INFO  Test worker     d.u.i.k.p.i.AbstractProblemLoader Creating init config 
152351     ERROR Test worker     d.u.i.k.j.KeYJPMapping    Duplicate registration of node: boolean, formerNode: /*@ pure @*/
boolean 
152351     ERROR Test worker     d.u.i.k.j.KeYJPMapping    Duplicate registration of node: Object, formerNode: java.lang.Object 
152351     ERROR Test worker     d.u.i.k.j.KeYJPMapping    Duplicate registration of node: Object, formerNode: java.lang.Object 
152368     ERROR Test worker     d.u.i.k.j.KeYJPMapping    Duplicate registration of node: Annotation, formerNode: Annotation 
152368     ERROR Test worker     d.u.i.k.j.KeYJPMapping    Duplicate registration of node: ArithmeticException, formerNode: ArithmeticException 
152368     ERROR Test worker     d.u.i.k.j.KeYJPMapping    Duplicate registration of node: ArrayIndexOutOfBoundsException, formerNode: ArrayIndexOutOfBoundsException 
152368     ERROR Test worker     d.u.i.k.j.KeYJPMapping    Duplicate registration of node: ArrayStoreException, formerNode: ArrayStoreException 
152368     ERROR Test worker     d.u.i.k.j.KeYJPMapping    Duplicate registration of node: AssertionError, formerNode: AssertionError 
152368     ERROR Test worker     d.u.i.k.j.KeYJPMapping    Duplicate registration of node: Character, formerNode: Character 
152368     ERROR Test worker     d.u.i.k.j.KeYJPMapping    Duplicate registration of node: Class, formerNode: java.lang.Class 
152368     ERROR Test worker     d.u.i.k.j.KeYJPMapping    Duplicate registration of node: Class, formerNode: java.lang.Class 
152368     ERROR Test worker     d.u.i.k.j.KeYJPMapping    Duplicate registration of node: ClassCastException, formerNode: ClassCastException 
152368     ERROR Test worker     d.u.i.k.j.KeYJPMapping    Duplicate registration of node: CloneNotSupportedException, formerNode: CloneNotSupportedException 
152384     ERROR Test worker     d.u.i.k.j.KeYJPMapping    Duplicate registration of node: Cloneable, formerNode: Cloneable 
152384     ERROR Test worker     d.u.i.k.j.KeYJPMapping    Duplicate registration of node: Comparable, formerNode: Comparable 
152384     ERROR Test worker     d.u.i.k.j.KeYJPMapping    Duplicate registration of node: Double, formerNode: Double 
152384     ERROR Test worker     d.u.i.k.j.KeYJPMapping    Duplicate registration of node: Enum, formerNode: java.lang.Enum 
152384     ERROR Test worker     d.u.i.k.j.KeYJPMapping    Duplicate registration of node: Enum, formerNode: java.lang.Enum 
152384     ERROR Test worker     d.u.i.k.j.KeYJPMapping    Duplicate registration of node: Error, formerNode: Error 
152384     ERROR Test worker     d.u.i.k.j.KeYJPMapping    Duplicate registration of node: Exception, formerNode: Exception 
152384     ERROR Test worker     d.u.i.k.j.KeYJPMapping    Duplicate registration of node: ExceptionInInitializerError, formerNode: java.lang.ExceptionInInitializerError 
152384     ERROR Test worker     d.u.i.k.j.KeYJPMapping    Duplicate registration of node: ExceptionInInitializerError, formerNode: java.lang.ExceptionInInitializerError 
152384     ERROR Test worker     d.u.i.k.j.KeYJPMapping    Duplicate registration of node: Float, formerNode: Float 
152384     ERROR Test worker     d.u.i.k.j.KeYJPMapping    Duplicate registration of node: IllegalArgumentException, formerNode: IllegalArgumentException 
152384     ERROR Test worker     d.u.i.k.j.KeYJPMapping    Duplicate registration of node: IndexOutOfBoundsException, formerNode: IndexOutOfBoundsException 
152399     ERROR Test worker     d.u.i.k.j.KeYJPMapping    Duplicate registration of node: Integer, formerNode: java.lang.Integer 
152399     ERROR Test worker     d.u.i.k.j.KeYJPMapping    Duplicate registration of node: Integer, formerNode: java.lang.Integer 
152399     ERROR Test worker     d.u.i.k.j.KeYJPMapping    Duplicate registration of node: InterruptedException, formerNode: InterruptedException 
152399     ERROR Test worker     d.u.i.k.j.KeYJPMapping    Duplicate registration of node: Iterable, formerNode: Iterable 
152415     ERROR Test worker     d.u.i.k.j.KeYJPMapping    Duplicate registration of node: LinkageError, formerNode: LinkageError 
152415     ERROR Test worker     d.u.i.k.j.KeYJPMapping    Duplicate registration of node: Math, formerNode: Math 
152415     ERROR Test worker     d.u.i.k.j.KeYJPMapping    Duplicate registration of node: NegativeArraySizeException, formerNode: NegativeArraySizeException 
152415     ERROR Test worker     d.u.i.k.j.KeYJPMapping    Duplicate registration of node: NoClassDefFoundError, formerNode: java.lang.NoClassDefFoundError 
152415     ERROR Test worker     d.u.i.k.j.KeYJPMapping    Duplicate registration of node: NoClassDefFoundError, formerNode: java.lang.NoClassDefFoundError 
152415     ERROR Test worker     d.u.i.k.j.KeYJPMapping    Duplicate registration of node: NullPointerException, formerNode: NullPointerException 
152415     ERROR Test worker     d.u.i.k.j.KeYJPMapping    Duplicate registration of node: Number, formerNode: Number 
152431     ERROR Test worker     d.u.i.k.j.KeYJPMapping    Duplicate registration of node: NumberFormatException, formerNode: NumberFormatException 
152431     ERROR Test worker     d.u.i.k.j.KeYJPMapping    Duplicate registration of node: VirtualMachineError, formerNode: VirtualMachineError 
152431     ERROR Test worker     d.u.i.k.j.KeYJPMapping    Duplicate registration of node: OutOfMemoryError, formerNode: OutOfMemoryError 
152431     ERROR Test worker     d.u.i.k.j.KeYJPMapping    Duplicate registration of node: Runnable, formerNode: Runnable 
152431     ERROR Test worker     d.u.i.k.j.KeYJPMapping    Duplicate registration of node: RuntimeException, formerNode: RuntimeException 
152431     ERROR Test worker     d.u.i.k.j.KeYJPMapping    Duplicate registration of node: /*@pure*/
int, formerNode: int 
152431     ERROR Test worker     d.u.i.k.j.KeYJPMapping    Duplicate registration of node: /*@ helper */
int, formerNode: int 
152431     ERROR Test worker     d.u.i.k.j.KeYJPMapping    Duplicate registration of node: /*@ helper */
boolean, formerNode: /*@ pure @*/
boolean 
152447     ERROR Test worker     d.u.i.k.j.KeYJPMapping    Duplicate registration of node: /*@ helper */
java.lang.String, formerNode: java.lang.String 
152454     ERROR Test worker     d.u.i.k.j.KeYJPMapping    Duplicate registration of node: String, formerNode: java.lang.String 
152469     ERROR Test worker     d.u.i.k.j.KeYJPMapping    Duplicate registration of node: String, formerNode: java.lang.String 
152469     ERROR Test worker     d.u.i.k.j.KeYJPMapping    Duplicate registration of node: char, formerNode: /*@ helper */
char 
152469     ERROR Test worker     d.u.i.k.j.KeYJPMapping    Duplicate registration of node: StringBuffer, formerNode: StringBuffer 
152469     ERROR Test worker     d.u.i.k.j.KeYJPMapping    Duplicate registration of node: System, formerNode: System 
152469     ERROR Test worker     d.u.i.k.j.KeYJPMapping    Duplicate registration of node: Thread, formerNode: Thread 
152469     ERROR Test worker     d.u.i.k.j.KeYJPMapping    Duplicate registration of node: Throwable, formerNode: java.lang.Throwable 
152469     ERROR Test worker     d.u.i.k.j.KeYJPMapping    Duplicate registration of node: Throwable, formerNode: java.lang.Throwable 
152485     ERROR Test worker     d.u.i.k.j.KeYJPMapping    Duplicate registration of node: Collection, formerNode: Collection 
152485     ERROR Test worker     d.u.i.k.j.KeYJPMapping    Duplicate registration of node: Iterator, formerNode: java.util.Iterator 
152485     ERROR Test worker     d.u.i.k.j.KeYJPMapping    Duplicate registration of node: Iterator, formerNode: java.util.Iterator 
152485     ERROR Test worker     d.u.i.k.j.KeYJPMapping    Duplicate registration of node: List, formerNode: java.util.List 
152485     ERROR Test worker     d.u.i.k.j.KeYJPMapping    Duplicate registration of node: List, formerNode: java.util.List 
152485     ERROR Test worker     d.u.i.k.j.KeYJPMapping    Duplicate registration of node: ListIterator, formerNode: java.util.ListIterator 
152485     ERROR Test worker     d.u.i.k.j.KeYJPMapping    Duplicate registration of node: ListIterator, formerNode: java.util.ListIterator 
152485     ERROR Test worker     d.u.i.k.j.KeYJPMapping    Duplicate registration of node: Long, formerNode: Long 
152485     ERROR Test worker     d.u.i.k.j.KeYJPMapping    Duplicate registration of node: Boolean, formerNode: Boolean 
152485     ERROR Test worker     d.u.i.k.j.KeYJPMapping    Duplicate registration of node: Map, formerNode: Map 
152501     ERROR Test worker     d.u.i.k.j.KeYJPMapping    Duplicate registration of node: Set, formerNode: java.util.Set 
152501     ERROR Test worker     d.u.i.k.j.KeYJPMapping    Duplicate registration of node: Set, formerNode: java.util.Set 
152501     ERROR Test worker     d.u.i.k.j.KeYJPMapping    Duplicate registration of node: FilterOutputStream, formerNode: FilterOutputStream 
152501     ERROR Test worker     d.u.i.k.j.KeYJPMapping    Duplicate registration of node: InputStream, formerNode: java.io.InputStream 
152501     ERROR Test worker     d.u.i.k.j.KeYJPMapping    Duplicate registration of node: InputStream, formerNode: java.io.InputStream 
152501     ERROR Test worker     d.u.i.k.j.KeYJPMapping    Duplicate registration of node: IOException, formerNode: IOException 
152501     ERROR Test worker     d.u.i.k.j.KeYJPMapping    Duplicate registration of node: OutputStream, formerNode: java.io.OutputStream 
152501     ERROR Test worker     d.u.i.k.j.KeYJPMapping    Duplicate registration of node: OutputStream, formerNode: java.io.OutputStream 
152516     ERROR Test worker     d.u.i.k.j.KeYJPMapping    Duplicate registration of node: PrintStream, formerNode: java.io.PrintStream 
152516     ERROR Test worker     d.u.i.k.j.KeYJPMapping    Duplicate registration of node: PrintStream, formerNode: java.io.PrintStream 
152516     ERROR Test worker     d.u.i.k.j.KeYJPMapping    Duplicate registration of node: Serializable, formerNode: Serializable 
152516     ERROR Test worker     d.u.i.k.j.KeYJPMapping    Duplicate registration of node: BigInteger, formerNode: java.math.BigInteger 
152516     ERROR Test worker     d.u.i.k.j.KeYJPMapping    Duplicate registration of node: BigInteger, formerNode: java.math.BigInteger 
152516     ERROR Test worker     d.u.i.k.j.KeYJPMapping    Duplicate registration of node: ArrayList, formerNode: ArrayList 
152516     ERROR Test worker     d.u.i.k.j.KeYJPMapping    Duplicate registration of node: byte[], formerNode: byte[] 
152532     ERROR Test worker     d.u.i.k.j.KeYJPMapping    Duplicate registration of node: Arrays, formerNode: Arrays 
152532     ERROR Test worker     d.u.i.k.j.KeYJPMapping    Duplicate registration of node: ListIteratorImpl, formerNode: ListIteratorImpl 
152532     ERROR Test worker     d.u.i.k.j.KeYJPMapping    Duplicate registration of node: Date, formerNode: Date 
152532     ERROR Test worker     d.u.i.k.j.KeYJPMapping    Duplicate registration of node: LinkedHashMap, formerNode: LinkedHashMap 
152532     ERROR Test worker     d.u.i.k.j.KeYJPMapping    Duplicate registration of node: /*@pure@*/
String, formerNode: /*@strictly_pure*/
java.lang.String 
152532     ERROR Test worker     d.u.i.k.j.KeYJPMapping    Duplicate registration of node: LinkedList, formerNode: LinkedList 
152547     ERROR Test worker     d.u.i.k.j.KeYJPMapping    Duplicate registration of node: CC, formerNode: CC 
152594     DEBUG Test worker     d.u.i.k.p.i.AbstractProblemLoader Init config took 428.64ms 
152610     INFO  Test worker     d.u.i.k.p.i.AbstractProblemLoader Loading environment from src\test\resources\testcase\proofStarter\CC\project.key 
152610     DEBUG Test worker     d.u.i.k.p.i.AbstractProblemLoader Environment load took 441.5ns 
152610     INFO  Test worker     d.u.i.k.p.i.AbstractProblemLoader Creating init config 
152770     ERROR Test worker     d.u.i.k.j.KeYJPMapping    Duplicate registration of node: boolean, formerNode: /*@ pure @*/
boolean 
152773     ERROR Test worker     d.u.i.k.j.KeYJPMapping    Duplicate registration of node: Object, formerNode: java.lang.Object 
152774     ERROR Test worker     d.u.i.k.j.KeYJPMapping    Duplicate registration of node: Object, formerNode: java.lang.Object 
152775     ERROR Test worker     d.u.i.k.j.KeYJPMapping    Duplicate registration of node: Annotation, formerNode: Annotation 
152778     ERROR Test worker     d.u.i.k.j.KeYJPMapping    Duplicate registration of node: ArithmeticException, formerNode: ArithmeticException 
152779     ERROR Test worker     d.u.i.k.j.KeYJPMapping    Duplicate registration of node: ArrayIndexOutOfBoundsException, formerNode: ArrayIndexOutOfBoundsException 
152780     ERROR Test worker     d.u.i.k.j.KeYJPMapping    Duplicate registration of node: ArrayStoreException, formerNode: ArrayStoreException 
152782     ERROR Test worker     d.u.i.k.j.KeYJPMapping    Duplicate registration of node: AssertionError, formerNode: AssertionError 
152783     ERROR Test worker     d.u.i.k.j.KeYJPMapping    Duplicate registration of node: Character, formerNode: Character 
152783     ERROR Test worker     d.u.i.k.j.KeYJPMapping    Duplicate registration of node: Class, formerNode: java.lang.Class 
152783     ERROR Test worker     d.u.i.k.j.KeYJPMapping    Duplicate registration of node: Class, formerNode: java.lang.Class 
152784     ERROR Test worker     d.u.i.k.j.KeYJPMapping    Duplicate registration of node: ClassCastException, formerNode: ClassCastException 
152786     ERROR Test worker     d.u.i.k.j.KeYJPMapping    Duplicate registration of node: CloneNotSupportedException, formerNode: CloneNotSupportedException 
152786     ERROR Test worker     d.u.i.k.j.KeYJPMapping    Duplicate registration of node: Cloneable, formerNode: Cloneable 
152787     ERROR Test worker     d.u.i.k.j.KeYJPMapping    Duplicate registration of node: Comparable, formerNode: Comparable 
152787     ERROR Test worker     d.u.i.k.j.KeYJPMapping    Duplicate registration of node: Double, formerNode: Double 
152789     ERROR Test worker     d.u.i.k.j.KeYJPMapping    Duplicate registration of node: Enum, formerNode: java.lang.Enum 
152790     ERROR Test worker     d.u.i.k.j.KeYJPMapping    Duplicate registration of node: Enum, formerNode: java.lang.Enum 
152792     ERROR Test worker     d.u.i.k.j.KeYJPMapping    Duplicate registration of node: Error, formerNode: Error 
152793     ERROR Test worker     d.u.i.k.j.KeYJPMapping    Duplicate registration of node: Exception, formerNode: Exception 
152795     ERROR Test worker     d.u.i.k.j.KeYJPMapping    Duplicate registration of node: ExceptionInInitializerError, formerNode: java.lang.ExceptionInInitializerError 
152795     ERROR Test worker     d.u.i.k.j.KeYJPMapping    Duplicate registration of node: ExceptionInInitializerError, formerNode: java.lang.ExceptionInInitializerError 
152796     ERROR Test worker     d.u.i.k.j.KeYJPMapping    Duplicate registration of node: Float, formerNode: Float 
152797     ERROR Test worker     d.u.i.k.j.KeYJPMapping    Duplicate registration of node: IllegalArgumentException, formerNode: IllegalArgumentException 
152798     ERROR Test worker     d.u.i.k.j.KeYJPMapping    Duplicate registration of node: IndexOutOfBoundsException, formerNode: IndexOutOfBoundsException 
152842     ERROR Test worker     d.u.i.k.j.KeYJPMapping    Duplicate registration of node: Integer, formerNode: java.lang.Integer 
152842     ERROR Test worker     d.u.i.k.j.KeYJPMapping    Duplicate registration of node: Integer, formerNode: java.lang.Integer 
152850     ERROR Test worker     d.u.i.k.j.KeYJPMapping    Duplicate registration of node: InterruptedException, formerNode: InterruptedException 
152851     ERROR Test worker     d.u.i.k.j.KeYJPMapping    Duplicate registration of node: Iterable, formerNode: Iterable 
152851     ERROR Test worker     d.u.i.k.j.KeYJPMapping    Duplicate registration of node: LinkageError, formerNode: LinkageError 
152858     ERROR Test worker     d.u.i.k.j.KeYJPMapping    Duplicate registration of node: Math, formerNode: Math 
152858     ERROR Test worker     d.u.i.k.j.KeYJPMapping    Duplicate registration of node: NegativeArraySizeException, formerNode: NegativeArraySizeException 
152858     ERROR Test worker     d.u.i.k.j.KeYJPMapping    Duplicate registration of node: NoClassDefFoundError, formerNode: java.lang.NoClassDefFoundError 
152858     ERROR Test worker     d.u.i.k.j.KeYJPMapping    Duplicate registration of node: NoClassDefFoundError, formerNode: java.lang.NoClassDefFoundError 
152858     ERROR Test worker     d.u.i.k.j.KeYJPMapping    Duplicate registration of node: NullPointerException, formerNode: NullPointerException 
152858     ERROR Test worker     d.u.i.k.j.KeYJPMapping    Duplicate registration of node: Number, formerNode: Number 
152858     ERROR Test worker     d.u.i.k.j.KeYJPMapping    Duplicate registration of node: NumberFormatException, formerNode: NumberFormatException 
152858     ERROR Test worker     d.u.i.k.j.KeYJPMapping    Duplicate registration of node: VirtualMachineError, formerNode: VirtualMachineError 
152858     ERROR Test worker     d.u.i.k.j.KeYJPMapping    Duplicate registration of node: OutOfMemoryError, formerNode: OutOfMemoryError 
152858     ERROR Test worker     d.u.i.k.j.KeYJPMapping    Duplicate registration of node: Runnable, formerNode: Runnable 
152858     ERROR Test worker     d.u.i.k.j.KeYJPMapping    Duplicate registration of node: RuntimeException, formerNode: RuntimeException 
152858     ERROR Test worker     d.u.i.k.j.KeYJPMapping    Duplicate registration of node: /*@pure*/
int, formerNode: int 
152858     ERROR Test worker     d.u.i.k.j.KeYJPMapping    Duplicate registration of node: /*@ helper */
int, formerNode: int 
152858     ERROR Test worker     d.u.i.k.j.KeYJPMapping    Duplicate registration of node: /*@ helper */
boolean, formerNode: /*@ pure @*/
boolean 
152873     ERROR Test worker     d.u.i.k.j.KeYJPMapping    Duplicate registration of node: /*@ helper */
java.lang.String, formerNode: java.lang.String 
152873     ERROR Test worker     d.u.i.k.j.KeYJPMapping    Duplicate registration of node: String, formerNode: java.lang.String 
152889     ERROR Test worker     d.u.i.k.j.KeYJPMapping    Duplicate registration of node: String, formerNode: java.lang.String 
152889     ERROR Test worker     d.u.i.k.j.KeYJPMapping    Duplicate registration of node: char, formerNode: /*@ helper */
char 
152889     ERROR Test worker     d.u.i.k.j.KeYJPMapping    Duplicate registration of node: StringBuffer, formerNode: StringBuffer 
152904     ERROR Test worker     d.u.i.k.j.KeYJPMapping    Duplicate registration of node: System, formerNode: System 
152904     ERROR Test worker     d.u.i.k.j.KeYJPMapping    Duplicate registration of node: Thread, formerNode: Thread 
152904     ERROR Test worker     d.u.i.k.j.KeYJPMapping    Duplicate registration of node: Throwable, formerNode: java.lang.Throwable 
152904     ERROR Test worker     d.u.i.k.j.KeYJPMapping    Duplicate registration of node: Throwable, formerNode: java.lang.Throwable 
152904     ERROR Test worker     d.u.i.k.j.KeYJPMapping    Duplicate registration of node: Collection, formerNode: Collection 
152904     ERROR Test worker     d.u.i.k.j.KeYJPMapping    Duplicate registration of node: Iterator, formerNode: java.util.Iterator 
152904     ERROR Test worker     d.u.i.k.j.KeYJPMapping    Duplicate registration of node: Iterator, formerNode: java.util.Iterator 
152920     ERROR Test worker     d.u.i.k.j.KeYJPMapping    Duplicate registration of node: List, formerNode: java.util.List 
152920     ERROR Test worker     d.u.i.k.j.KeYJPMapping    Duplicate registration of node: List, formerNode: java.util.List 
152920     ERROR Test worker     d.u.i.k.j.KeYJPMapping    Duplicate registration of node: ListIterator, formerNode: java.util.ListIterator 
152920     ERROR Test worker     d.u.i.k.j.KeYJPMapping    Duplicate registration of node: ListIterator, formerNode: java.util.ListIterator 
152920     ERROR Test worker     d.u.i.k.j.KeYJPMapping    Duplicate registration of node: Long, formerNode: Long 
152920     ERROR Test worker     d.u.i.k.j.KeYJPMapping    Duplicate registration of node: Boolean, formerNode: Boolean 
152920     ERROR Test worker     d.u.i.k.j.KeYJPMapping    Duplicate registration of node: Map, formerNode: Map 
152920     ERROR Test worker     d.u.i.k.j.KeYJPMapping    Duplicate registration of node: Set, formerNode: java.util.Set 
152920     ERROR Test worker     d.u.i.k.j.KeYJPMapping    Duplicate registration of node: Set, formerNode: java.util.Set 
152920     ERROR Test worker     d.u.i.k.j.KeYJPMapping    Duplicate registration of node: FilterOutputStream, formerNode: FilterOutputStream 
152920     ERROR Test worker     d.u.i.k.j.KeYJPMapping    Duplicate registration of node: InputStream, formerNode: java.io.InputStream 
152920     ERROR Test worker     d.u.i.k.j.KeYJPMapping    Duplicate registration of node: InputStream, formerNode: java.io.InputStream 
152920     ERROR Test worker     d.u.i.k.j.KeYJPMapping    Duplicate registration of node: IOException, formerNode: IOException 
152936     ERROR Test worker     d.u.i.k.j.KeYJPMapping    Duplicate registration of node: OutputStream, formerNode: java.io.OutputStream 
152936     ERROR Test worker     d.u.i.k.j.KeYJPMapping    Duplicate registration of node: OutputStream, formerNode: java.io.OutputStream 
152936     ERROR Test worker     d.u.i.k.j.KeYJPMapping    Duplicate registration of node: PrintStream, formerNode: java.io.PrintStream 
152936     ERROR Test worker     d.u.i.k.j.KeYJPMapping    Duplicate registration of node: PrintStream, formerNode: java.io.PrintStream 
152936     ERROR Test worker     d.u.i.k.j.KeYJPMapping    Duplicate registration of node: Serializable, formerNode: Serializable 
152936     ERROR Test worker     d.u.i.k.j.KeYJPMapping    Duplicate registration of node: BigInteger, formerNode: java.math.BigInteger 
152936     ERROR Test worker     d.u.i.k.j.KeYJPMapping    Duplicate registration of node: BigInteger, formerNode: java.math.BigInteger 
152936     ERROR Test worker     d.u.i.k.j.KeYJPMapping    Duplicate registration of node: ArrayList, formerNode: ArrayList 
152936     ERROR Test worker     d.u.i.k.j.KeYJPMapping    Duplicate registration of node: byte[], formerNode: byte[] 
152951     ERROR Test worker     d.u.i.k.j.KeYJPMapping    Duplicate registration of node: Arrays, formerNode: Arrays 
152951     ERROR Test worker     d.u.i.k.j.KeYJPMapping    Duplicate registration of node: ListIteratorImpl, formerNode: ListIteratorImpl 
152951     ERROR Test worker     d.u.i.k.j.KeYJPMapping    Duplicate registration of node: Date, formerNode: Date 
152951     ERROR Test worker     d.u.i.k.j.KeYJPMapping    Duplicate registration of node: LinkedHashMap, formerNode: LinkedHashMap 
152951     ERROR Test worker     d.u.i.k.j.KeYJPMapping    Duplicate registration of node: /*@pure@*/
String, formerNode: /*@strictly_pure*/
java.lang.String 
152951     ERROR Test worker     d.u.i.k.j.KeYJPMapping    Duplicate registration of node: LinkedList, formerNode: LinkedList 
152951     ERROR Test worker     d.u.i.k.j.KeYJPMapping    Duplicate registration of node: CC, formerNode: CC 
153008     DEBUG Test worker     d.u.i.k.p.i.AbstractProblemLoader Init config took 399.71ms 
]]></system-err>
</testsuite>
