<?xml version="1.0" encoding="UTF-8"?>
<testsuite name="de.uka.ilkd.key.nparser.ParseLDTsTests" tests="2" skipped="0" failures="0" errors="0" timestamp="2023-04-07T20:04:25" hostname="fv-az456-540" time="1.115">
  <properties/>
  <testcase name="testLDT()" classname="de.uka.ilkd.key.nparser.ParseLDTsTests" time="0.021"/>
  <testcase name="testSR()" classname="de.uka.ilkd.key.nparser.ParseLDTsTests" time="1.093"/>
  <system-out><![CDATA[240016     INFO  Test worker     d.u.i.k.n.KeyIO           Parsing took 0 ms 
240016     INFO  Test worker     d.u.i.k.n.KeyIO           MODE: declarations took 0 ms 
240438     INFO  Test worker     d.u.i.k.n.KeyIO           Parsing took 406 ms 
240438     INFO  Test worker     d.u.i.k.n.KeyIO           MODE: declarations took 0 ms 
]]></system-out>
  <system-err><![CDATA[]]></system-err>
</testsuite>
