<?xml version="1.0" encoding="UTF-8"?>
<testsuite name="de.uka.ilkd.key.parser.TestDeclParser" tests="14" skipped="2" failures="0" errors="0" timestamp="2023-04-07T20:04:38" hostname="fv-az456-540" time="13.278">
  <properties/>
  <testcase name="testGenericSortDecl1()" classname="de.uka.ilkd.key.parser.TestDeclParser" time="1.201"/>
  <testcase name="testGenericSortDecl2()" classname="de.uka.ilkd.key.parser.TestDeclParser" time="1.055"/>
  <testcase name="testGenericSortDecl3()" classname="de.uka.ilkd.key.parser.TestDeclParser" time="1.103"/>
  <testcase name="testGenericSortDecl4()" classname="de.uka.ilkd.key.parser.TestDeclParser" time="1.1"/>
  <testcase name="testGenericSortDecl5()" classname="de.uka.ilkd.key.parser.TestDeclParser" time="0.0">
    <skipped/>
  </testcase>
  <testcase name="testGenericSortDecl6()" classname="de.uka.ilkd.key.parser.TestDeclParser" time="1.122"/>
  <testcase name="testSortDecl()" classname="de.uka.ilkd.key.parser.TestDeclParser" time="1.14"/>
  <testcase name="testProxySortDecl()" classname="de.uka.ilkd.key.parser.TestDeclParser" time="1.042"/>
  <testcase name="testArrayDecl()" classname="de.uka.ilkd.key.parser.TestDeclParser" time="1.119"/>
  <testcase name="testAmbiguousDecls()" classname="de.uka.ilkd.key.parser.TestDeclParser" time="0.0">
    <skipped/>
  </testcase>
  <testcase name="testHeurDecl()" classname="de.uka.ilkd.key.parser.TestDeclParser" time="1.117"/>
  <testcase name="testFunctionDecl()" classname="de.uka.ilkd.key.parser.TestDeclParser" time="1.059"/>
  <testcase name="testPredicateDecl()" classname="de.uka.ilkd.key.parser.TestDeclParser" time="1.026"/>
  <testcase name="testSVDecl()" classname="de.uka.ilkd.key.parser.TestDeclParser" time="1.188"/>
  <system-out><![CDATA[254233     INFO  Test worker     d.u.i.k.n.KeyIO           Parsing took 0 ms 
254233     INFO  Test worker     d.u.i.k.n.KeyIO           MODE: declarations took 0 ms 
255296     INFO  Test worker     d.u.i.k.n.KeyIO           Parsing took 0 ms 
255296     INFO  Test worker     d.u.i.k.n.KeyIO           MODE: declarations took 0 ms 
256401     INFO  Test worker     d.u.i.k.n.KeyIO           Parsing took 0 ms 
256401     INFO  Test worker     d.u.i.k.n.KeyIO           MODE: declarations took 0 ms 
257489     INFO  Test worker     d.u.i.k.n.KeyIO           Parsing took 0 ms 
257489     INFO  Test worker     d.u.i.k.n.KeyIO           MODE: declarations took 0 ms 
258624     INFO  Test worker     d.u.i.k.n.KeyIO           Parsing took 0 ms 
258624     INFO  Test worker     d.u.i.k.n.KeyIO           MODE: declarations took 0 ms 
259765     INFO  Test worker     d.u.i.k.n.KeyIO           Parsing took 0 ms 
259765     INFO  Test worker     d.u.i.k.n.KeyIO           MODE: declarations took 0 ms 
260800     INFO  Test worker     d.u.i.k.n.KeyIO           Parsing took 0 ms 
260800     INFO  Test worker     d.u.i.k.n.KeyIO           MODE: declarations took 0 ms 
261927     INFO  Test worker     d.u.i.k.n.KeyIO           Parsing took 0 ms 
261927     INFO  Test worker     d.u.i.k.n.KeyIO           MODE: declarations took 0 ms 
263041     INFO  Test worker     d.u.i.k.n.KeyIO           Parsing took 0 ms 
263041     INFO  Test worker     d.u.i.k.n.KeyIO           MODE: declarations took 0 ms 
264095     INFO  Test worker     d.u.i.k.n.KeyIO           Parsing took 0 ms 
264095     INFO  Test worker     d.u.i.k.n.KeyIO           MODE: declarations took 0 ms 
265130     INFO  Test worker     d.u.i.k.n.KeyIO           Parsing took 0 ms 
265130     INFO  Test worker     d.u.i.k.n.KeyIO           MODE: declarations took 0 ms 
266314     INFO  Test worker     d.u.i.k.n.KeyIO           Parsing took 0 ms 
266314     INFO  Test worker     d.u.i.k.n.KeyIO           MODE: declarations took 0 ms 
]]></system-out>
  <system-err><![CDATA[]]></system-err>
</testsuite>
