<?xml version="1.0" encoding="UTF-8"?>
<testsuite name="de.uka.ilkd.key.parser.TestTermParser" tests="47" skipped="4" failures="0" errors="0" timestamp="2023-04-07T20:06:25" hostname="fv-az456-540" time="3.532">
  <properties/>
  <testcase name="testNotEqual()" classname="de.uka.ilkd.key.parser.TestTermParser" time="0.003"/>
  <testcase name="testProgramVariables()" classname="de.uka.ilkd.key.parser.TestTermParser" time="0.13"/>
  <testcase name="testAttributeWithSpecifiedSortOnObject()" classname="de.uka.ilkd.key.parser.TestTermParser" time="0.015"/>
  <testcase name="testCast()" classname="de.uka.ilkd.key.parser.TestTermParser" time="0.002"/>
  <testcase name="testJavaQueryAndAttribute_all()" classname="de.uka.ilkd.key.parser.TestTermParser" time="0.0">
    <skipped/>
  </testcase>
  <testcase name="test10()" classname="de.uka.ilkd.key.parser.TestTermParser" time="0.006"/>
  <testcase name="test11()" classname="de.uka.ilkd.key.parser.TestTermParser" time="0.003"/>
  <testcase name="test12()" classname="de.uka.ilkd.key.parser.TestTermParser" time="0.0">
    <skipped/>
  </testcase>
  <testcase name="test13()" classname="de.uka.ilkd.key.parser.TestTermParser" time="0.007"/>
  <testcase name="test14()" classname="de.uka.ilkd.key.parser.TestTermParser" time="0.007"/>
  <testcase name="test1a()" classname="de.uka.ilkd.key.parser.TestTermParser" time="0.003"/>
  <testcase name="testJavaAttributeAccess_4()" classname="de.uka.ilkd.key.parser.TestTermParser" time="0.004"/>
  <testcase name="testAttributeOnObject()" classname="de.uka.ilkd.key.parser.TestTermParser" time="0.005"/>
  <testcase name="testNegativeLiteralParsing1()" classname="de.uka.ilkd.key.parser.TestTermParser" time="0.002"/>
  <testcase name="testNegativeLiteralParsing2()" classname="de.uka.ilkd.key.parser.TestTermParser" time="0.002"/>
  <testcase name="testNegativeLiteralParsing3()" classname="de.uka.ilkd.key.parser.TestTermParser" time="0.002"/>
  <testcase name="xtestParsingArrayWithSpaces()" classname="de.uka.ilkd.key.parser.TestTermParser" time="0.0">
    <skipped/>
  </testcase>
  <testcase name="testAmbigiousFuncVarPred()" classname="de.uka.ilkd.key.parser.TestTermParser" time="0.002"/>
  <testcase name="test1()" classname="de.uka.ilkd.key.parser.TestTermParser" time="0.002"/>
  <testcase name="test2()" classname="de.uka.ilkd.key.parser.TestTermParser" time="0.002"/>
  <testcase name="test3()" classname="de.uka.ilkd.key.parser.TestTermParser" time="0.002"/>
  <testcase name="test5()" classname="de.uka.ilkd.key.parser.TestTermParser" time="0.003"/>
  <testcase name="test6()" classname="de.uka.ilkd.key.parser.TestTermParser" time="0.002"/>
  <testcase name="test7()" classname="de.uka.ilkd.key.parser.TestTermParser" time="0.003"/>
  <testcase name="test8()" classname="de.uka.ilkd.key.parser.TestTermParser" time="0.003"/>
  <testcase name="test9()" classname="de.uka.ilkd.key.parser.TestTermParser" time="0.002"/>
  <testcase name="testBindingUpdateTerm()" classname="de.uka.ilkd.key.parser.TestTermParser" time="0.003"/>
  <testcase name="testJavaStaticQuery()" classname="de.uka.ilkd.key.parser.TestTermParser" time="0.004"/>
  <testcase name="testInfix1()" classname="de.uka.ilkd.key.parser.TestTermParser" time="0.003"/>
  <testcase name="testInfix2()" classname="de.uka.ilkd.key.parser.TestTermParser" time="0.004"/>
  <testcase name="testInfix3()" classname="de.uka.ilkd.key.parser.TestTermParser" time="0.004"/>
  <testcase name="testInfix4()" classname="de.uka.ilkd.key.parser.TestTermParser" time="0.016"/>
  <testcase name="testIfThenElse()" classname="de.uka.ilkd.key.parser.TestTermParser" time="0.003"/>
  <testcase name="testJavaAttributeAccessBoth_1()" classname="de.uka.ilkd.key.parser.TestTermParser" time="0.006"/>
  <testcase name="testJavaAttributeAccessBoth_2()" classname="de.uka.ilkd.key.parser.TestTermParser" time="0.004"/>
  <testcase name="testJavaAttributeAccessBoth_3()" classname="de.uka.ilkd.key.parser.TestTermParser" time="0.004"/>
  <testcase name="testBindingUpdateTerm_1()" classname="de.uka.ilkd.key.parser.TestTermParser" time="0.003"/>
  <testcase name="testBindingUpdateTerm_3()" classname="de.uka.ilkd.key.parser.TestTermParser" time="0.008"/>
  <testcase name="testBindingUpdateTerm_4()" classname="de.uka.ilkd.key.parser.TestTermParser" time="0.002"/>
  <testcase name="testBindingUpdateTerm_5()" classname="de.uka.ilkd.key.parser.TestTermParser" time="0.002"/>
  <testcase name="testBindingUpdateTerm_6()" classname="de.uka.ilkd.key.parser.TestTermParser" time="0.003"/>
  <testcase name="testBindingUpdateTerm_7()" classname="de.uka.ilkd.key.parser.TestTermParser" time="0.004"/>
  <testcase name="testBindingUpdateTerm_8()" classname="de.uka.ilkd.key.parser.TestTermParser" time="0.002"/>
  <testcase name="testParsingArray()" classname="de.uka.ilkd.key.parser.TestTermParser" time="0.005"/>
  <testcase name="xtestBindingUpdateTermOldBindingAlternative()" classname="de.uka.ilkd.key.parser.TestTermParser" time="0.0">
    <skipped/>
  </testcase>
  <testcase name="testJavaStaticQueryWithParameter()" classname="de.uka.ilkd.key.parser.TestTermParser" time="0.005"/>
  <testcase name="testParsingArrayCombination()" classname="de.uka.ilkd.key.parser.TestTermParser" time="0.006"/>
  <system-out><![CDATA[360077     INFO  Test worker     d.u.i.k.n.KeyIO           Parsing took 0 ms 
360077     INFO  Test worker     d.u.i.k.n.KeyIO           MODE: declarations took 0 ms 
360077     WARN  Test worker     d.u.i.k.j.r.KeYCrossReferenceNameInfo Datatype T declared twice: Once in UNKNOWN:unknown and once in UNKNOWN:unknown, Keeping one from UNKNOWN:unknown 
360170     INFO  Test worker     d.u.i.k.n.KeyIO           Parsing took 0 ms 
360170     INFO  Test worker     d.u.i.k.n.KeyIO           MODE: declarations took 0 ms 
360311     WARN  Test worker     d.u.i.k.j.r.KeYCrossReferenceNameInfo Datatype T declared twice: Once in UNKNOWN:unknown and once in UNKNOWN:unknown, Keeping one from UNKNOWN:unknown 
360376     INFO  Test worker     d.u.i.k.n.KeyIO           Parsing took 0 ms 
360392     INFO  Test worker     d.u.i.k.n.KeyIO           MODE: declarations took 0 ms 
360392     WARN  Test worker     d.u.i.k.j.r.KeYCrossReferenceNameInfo Datatype T declared twice: Once in UNKNOWN:unknown and once in UNKNOWN:unknown, Keeping one from UNKNOWN:unknown 
360464     INFO  Test worker     d.u.i.k.n.KeyIO           Parsing took 0 ms 
360464     INFO  Test worker     d.u.i.k.n.KeyIO           MODE: declarations took 0 ms 
360464     WARN  Test worker     d.u.i.k.j.r.KeYCrossReferenceNameInfo Datatype T declared twice: Once in UNKNOWN:unknown and once in UNKNOWN:unknown, Keeping one from UNKNOWN:unknown 
360542     WARN  Test worker     d.u.i.k.j.r.KeYCrossReferenceNameInfo Datatype T declared twice: Once in UNKNOWN:unknown and once in UNKNOWN:unknown, Keeping one from UNKNOWN:unknown 
360604     INFO  Test worker     d.u.i.k.n.KeyIO           Parsing took 0 ms 
360620     INFO  Test worker     d.u.i.k.n.KeyIO           MODE: declarations took 0 ms 
360620     INFO  Test worker     d.u.i.k.p.TestTermParser  Out: \<{
  int x = 1;
  {
    int s = 2;
  }
}\> (equals(x,x)) 
360620     WARN  Test worker     d.u.i.k.j.r.KeYCrossReferenceNameInfo Datatype T declared twice: Once in UNKNOWN:unknown and once in UNKNOWN:unknown, Keeping one from UNKNOWN:unknown 
360682     INFO  Test worker     d.u.i.k.n.KeyIO           Parsing took 0 ms 
360682     INFO  Test worker     d.u.i.k.n.KeyIO           MODE: declarations took 0 ms 
360682     INFO  Test worker     d.u.i.k.p.TestTermParser  Out: \[{
  int x = 2;
  {
    String s = ""}";
  }
}\] (true) 
360682     WARN  Test worker     d.u.i.k.j.r.KeYCrossReferenceNameInfo Datatype T declared twice: Once in UNKNOWN:unknown and once in UNKNOWN:unknown, Keeping one from UNKNOWN:unknown 
360760     WARN  Test worker     d.u.i.k.j.r.KeYCrossReferenceNameInfo Datatype T declared twice: Once in UNKNOWN:unknown and once in UNKNOWN:unknown, Keeping one from UNKNOWN:unknown 
360823     INFO  Test worker     d.u.i.k.n.KeyIO           Parsing took 0 ms 
360823     INFO  Test worker     d.u.i.k.n.KeyIO           MODE: declarations took 0 ms 
360839     WARN  Test worker     d.u.i.k.j.r.KeYCrossReferenceNameInfo Datatype T declared twice: Once in UNKNOWN:unknown and once in UNKNOWN:unknown, Keeping one from UNKNOWN:unknown 
360917     INFO  Test worker     d.u.i.k.n.KeyIO           Parsing took 0 ms 
360917     INFO  Test worker     d.u.i.k.n.KeyIO           MODE: declarations took 0 ms 
360917     INFO  Test worker     d.u.i.k.p.TestTermParser  Out: \<{
  int[] i;
}\> (diamond(true)) 
360917     WARN  Test worker     d.u.i.k.j.r.KeYCrossReferenceNameInfo Datatype T declared twice: Once in UNKNOWN:unknown and once in UNKNOWN:unknown, Keeping one from UNKNOWN:unknown 
360979     INFO  Test worker     d.u.i.k.n.KeyIO           Parsing took 0 ms 
360979     INFO  Test worker     d.u.i.k.n.KeyIO           MODE: declarations took 0 ms 
360995     WARN  Test worker     d.u.i.k.j.r.KeYCrossReferenceNameInfo Datatype T declared twice: Once in UNKNOWN:unknown and once in UNKNOWN:unknown, Keeping one from UNKNOWN:unknown 
361062     INFO  Test worker     d.u.i.k.n.KeyIO           Parsing took 16 ms 
361062     INFO  Test worker     d.u.i.k.n.KeyIO           MODE: declarations took 0 ms 
361062     WARN  Test worker     d.u.i.k.j.r.KeYCrossReferenceNameInfo Datatype T declared twice: Once in UNKNOWN:unknown and once in UNKNOWN:unknown, Keeping one from UNKNOWN:unknown 
361124     INFO  Test worker     d.u.i.k.n.KeyIO           Parsing took 0 ms 
361124     INFO  Test worker     d.u.i.k.n.KeyIO           MODE: declarations took 0 ms 
361124     WARN  Test worker     d.u.i.k.j.r.KeYCrossReferenceNameInfo Datatype T declared twice: Once in UNKNOWN:unknown and once in UNKNOWN:unknown, Keeping one from UNKNOWN:unknown 
361203     INFO  Test worker     d.u.i.k.n.KeyIO           Parsing took 0 ms 
361203     INFO  Test worker     d.u.i.k.n.KeyIO           MODE: declarations took 0 ms 
361203     WARN  Test worker     d.u.i.k.j.r.KeYCrossReferenceNameInfo Datatype T declared twice: Once in UNKNOWN:unknown and once in UNKNOWN:unknown, Keeping one from UNKNOWN:unknown 
361265     INFO  Test worker     d.u.i.k.n.KeyIO           Parsing took 0 ms 
361265     INFO  Test worker     d.u.i.k.n.KeyIO           MODE: declarations took 0 ms 
361281     WARN  Test worker     d.u.i.k.j.r.KeYCrossReferenceNameInfo Datatype T declared twice: Once in UNKNOWN:unknown and once in UNKNOWN:unknown, Keeping one from UNKNOWN:unknown 
361343     INFO  Test worker     d.u.i.k.n.KeyIO           Parsing took 0 ms 
361343     INFO  Test worker     d.u.i.k.n.KeyIO           MODE: declarations took 0 ms 
361343     WARN  Test worker     d.u.i.k.j.r.KeYCrossReferenceNameInfo Datatype T declared twice: Once in UNKNOWN:unknown and once in UNKNOWN:unknown, Keeping one from UNKNOWN:unknown 
361421     WARN  Test worker     d.u.i.k.j.r.KeYCrossReferenceNameInfo Datatype T declared twice: Once in UNKNOWN:unknown and once in UNKNOWN:unknown, Keeping one from UNKNOWN:unknown 
361484     INFO  Test worker     d.u.i.k.n.KeyIO           Parsing took 0 ms 
361484     INFO  Test worker     d.u.i.k.n.KeyIO           MODE: declarations took 0 ms 
361484     WARN  Test worker     d.u.i.k.j.r.KeYCrossReferenceNameInfo Datatype T declared twice: Once in UNKNOWN:unknown and once in UNKNOWN:unknown, Keeping one from UNKNOWN:unknown 
361556     INFO  Test worker     d.u.i.k.n.KeyIO           Parsing took 0 ms 
361556     INFO  Test worker     d.u.i.k.n.KeyIO           MODE: declarations took 0 ms 
361571     WARN  Test worker     d.u.i.k.j.r.KeYCrossReferenceNameInfo Datatype T declared twice: Once in UNKNOWN:unknown and once in UNKNOWN:unknown, Keeping one from UNKNOWN:unknown 
361634     INFO  Test worker     d.u.i.k.n.KeyIO           Parsing took 0 ms 
361634     INFO  Test worker     d.u.i.k.n.KeyIO           MODE: declarations took 0 ms 
361634     WARN  Test worker     d.u.i.k.j.r.KeYCrossReferenceNameInfo Datatype T declared twice: Once in UNKNOWN:unknown and once in UNKNOWN:unknown, Keeping one from UNKNOWN:unknown 
361696     INFO  Test worker     d.u.i.k.n.KeyIO           Parsing took 0 ms 
361696     INFO  Test worker     d.u.i.k.n.KeyIO           MODE: declarations took 0 ms 
361712     WARN  Test worker     d.u.i.k.j.r.KeYCrossReferenceNameInfo Datatype T declared twice: Once in UNKNOWN:unknown and once in UNKNOWN:unknown, Keeping one from UNKNOWN:unknown 
361774     INFO  Test worker     d.u.i.k.n.KeyIO           Parsing took 0 ms 
361774     INFO  Test worker     d.u.i.k.n.KeyIO           MODE: declarations took 0 ms 
361774     WARN  Test worker     d.u.i.k.j.r.KeYCrossReferenceNameInfo Datatype T declared twice: Once in UNKNOWN:unknown and once in UNKNOWN:unknown, Keeping one from UNKNOWN:unknown 
361853     INFO  Test worker     d.u.i.k.n.KeyIO           Parsing took 0 ms 
361853     INFO  Test worker     d.u.i.k.n.KeyIO           MODE: declarations took 0 ms 
361853     WARN  Test worker     d.u.i.k.j.r.KeYCrossReferenceNameInfo Datatype T declared twice: Once in UNKNOWN:unknown and once in UNKNOWN:unknown, Keeping one from UNKNOWN:unknown 
361915     INFO  Test worker     d.u.i.k.n.KeyIO           Parsing took 0 ms 
361915     INFO  Test worker     d.u.i.k.n.KeyIO           MODE: declarations took 0 ms 
361931     WARN  Test worker     d.u.i.k.j.r.KeYCrossReferenceNameInfo Datatype T declared twice: Once in UNKNOWN:unknown and once in UNKNOWN:unknown, Keeping one from UNKNOWN:unknown 
361995     INFO  Test worker     d.u.i.k.n.KeyIO           Parsing took 0 ms 
361995     INFO  Test worker     d.u.i.k.n.KeyIO           MODE: declarations took 0 ms 
361995     WARN  Test worker     d.u.i.k.j.r.KeYCrossReferenceNameInfo Datatype T declared twice: Once in UNKNOWN:unknown and once in UNKNOWN:unknown, Keeping one from UNKNOWN:unknown 
362059     INFO  Test worker     d.u.i.k.n.KeyIO           Parsing took 0 ms 
362059     INFO  Test worker     d.u.i.k.n.KeyIO           MODE: declarations took 0 ms 
362059     WARN  Test worker     d.u.i.k.j.r.KeYCrossReferenceNameInfo Datatype T declared twice: Once in UNKNOWN:unknown and once in UNKNOWN:unknown, Keeping one from UNKNOWN:unknown 
362137     INFO  Test worker     d.u.i.k.n.KeyIO           Parsing took 0 ms 
362137     INFO  Test worker     d.u.i.k.n.KeyIO           MODE: declarations took 0 ms 
362137     WARN  Test worker     d.u.i.k.j.r.KeYCrossReferenceNameInfo Datatype T declared twice: Once in UNKNOWN:unknown and once in UNKNOWN:unknown, Keeping one from UNKNOWN:unknown 
362200     INFO  Test worker     d.u.i.k.n.KeyIO           Parsing took 0 ms 
362200     INFO  Test worker     d.u.i.k.n.KeyIO           MODE: declarations took 0 ms 
362200     WARN  Test worker     d.u.i.k.j.r.KeYCrossReferenceNameInfo Datatype T declared twice: Once in UNKNOWN:unknown and once in UNKNOWN:unknown, Keeping one from UNKNOWN:unknown 
362278     INFO  Test worker     d.u.i.k.n.KeyIO           Parsing took 0 ms 
362278     INFO  Test worker     d.u.i.k.n.KeyIO           MODE: declarations took 0 ms 
362278     WARN  Test worker     d.u.i.k.j.r.KeYCrossReferenceNameInfo Datatype T declared twice: Once in UNKNOWN:unknown and once in UNKNOWN:unknown, Keeping one from UNKNOWN:unknown 
362340     INFO  Test worker     d.u.i.k.n.KeyIO           Parsing took 0 ms 
362340     INFO  Test worker     d.u.i.k.n.KeyIO           MODE: declarations took 0 ms 
362340     WARN  Test worker     d.u.i.k.j.r.KeYCrossReferenceNameInfo Datatype T declared twice: Once in UNKNOWN:unknown and once in UNKNOWN:unknown, Keeping one from UNKNOWN:unknown 
362403     INFO  Test worker     d.u.i.k.n.KeyIO           Parsing took 0 ms 
362403     INFO  Test worker     d.u.i.k.n.KeyIO           MODE: declarations took 0 ms 
362418     WARN  Test worker     d.u.i.k.j.r.KeYCrossReferenceNameInfo Datatype T declared twice: Once in UNKNOWN:unknown and once in UNKNOWN:unknown, Keeping one from UNKNOWN:unknown 
362481     INFO  Test worker     d.u.i.k.n.KeyIO           Parsing took 0 ms 
362481     INFO  Test worker     d.u.i.k.n.KeyIO           MODE: declarations took 0 ms 
362497     WARN  Test worker     d.u.i.k.j.r.KeYCrossReferenceNameInfo Datatype T declared twice: Once in UNKNOWN:unknown and once in UNKNOWN:unknown, Keeping one from UNKNOWN:unknown 
362590     INFO  Test worker     d.u.i.k.n.KeyIO           Parsing took 0 ms 
362590     INFO  Test worker     d.u.i.k.n.KeyIO           MODE: declarations took 0 ms 
362590     WARN  Test worker     d.u.i.k.j.r.KeYCrossReferenceNameInfo Datatype T declared twice: Once in UNKNOWN:unknown and once in UNKNOWN:unknown, Keeping one from UNKNOWN:unknown 
362653     INFO  Test worker     d.u.i.k.n.KeyIO           Parsing took 0 ms 
362653     INFO  Test worker     d.u.i.k.n.KeyIO           MODE: declarations took 0 ms 
362669     WARN  Test worker     d.u.i.k.j.r.KeYCrossReferenceNameInfo Datatype T declared twice: Once in UNKNOWN:unknown and once in UNKNOWN:unknown, Keeping one from UNKNOWN:unknown 
362739     INFO  Test worker     d.u.i.k.n.KeyIO           Parsing took 0 ms 
362739     INFO  Test worker     d.u.i.k.n.KeyIO           MODE: declarations took 0 ms 
362739     WARN  Test worker     d.u.i.k.j.r.KeYCrossReferenceNameInfo Datatype T declared twice: Once in UNKNOWN:unknown and once in UNKNOWN:unknown, Keeping one from UNKNOWN:unknown 
362801     INFO  Test worker     d.u.i.k.n.KeyIO           Parsing took 0 ms 
362801     INFO  Test worker     d.u.i.k.n.KeyIO           MODE: declarations took 0 ms 
362817     WARN  Test worker     d.u.i.k.j.r.KeYCrossReferenceNameInfo Datatype T declared twice: Once in UNKNOWN:unknown and once in UNKNOWN:unknown, Keeping one from UNKNOWN:unknown 
362880     INFO  Test worker     d.u.i.k.n.KeyIO           Parsing took 0 ms 
362880     INFO  Test worker     d.u.i.k.n.KeyIO           MODE: declarations took 0 ms 
362880     WARN  Test worker     d.u.i.k.j.r.KeYCrossReferenceNameInfo Datatype T declared twice: Once in UNKNOWN:unknown and once in UNKNOWN:unknown, Keeping one from UNKNOWN:unknown 
362958     INFO  Test worker     d.u.i.k.n.KeyIO           Parsing took 0 ms 
362958     INFO  Test worker     d.u.i.k.n.KeyIO           MODE: declarations took 0 ms 
362958     WARN  Test worker     d.u.i.k.j.r.KeYCrossReferenceNameInfo Datatype T declared twice: Once in UNKNOWN:unknown and once in UNKNOWN:unknown, Keeping one from UNKNOWN:unknown 
363014     INFO  Test worker     d.u.i.k.n.KeyIO           Parsing took 0 ms 
363014     INFO  Test worker     d.u.i.k.n.KeyIO           MODE: declarations took 0 ms 
363030     WARN  Test worker     d.u.i.k.j.r.KeYCrossReferenceNameInfo Datatype T declared twice: Once in UNKNOWN:unknown and once in UNKNOWN:unknown, Keeping one from UNKNOWN:unknown 
363094     INFO  Test worker     d.u.i.k.n.KeyIO           Parsing took 0 ms 
363094     INFO  Test worker     d.u.i.k.n.KeyIO           MODE: declarations took 0 ms 
363094     WARN  Test worker     d.u.i.k.j.r.KeYCrossReferenceNameInfo Datatype T declared twice: Once in UNKNOWN:unknown and once in UNKNOWN:unknown, Keeping one from UNKNOWN:unknown 
363172     INFO  Test worker     d.u.i.k.n.KeyIO           Parsing took 0 ms 
363172     INFO  Test worker     d.u.i.k.n.KeyIO           MODE: declarations took 0 ms 
363172     WARN  Test worker     d.u.i.k.j.r.KeYCrossReferenceNameInfo Datatype T declared twice: Once in UNKNOWN:unknown and once in UNKNOWN:unknown, Keeping one from UNKNOWN:unknown 
363234     INFO  Test worker     d.u.i.k.n.KeyIO           Parsing took 0 ms 
363234     INFO  Test worker     d.u.i.k.n.KeyIO           MODE: declarations took 0 ms 
363234     WARN  Test worker     d.u.i.k.j.r.KeYCrossReferenceNameInfo Datatype T declared twice: Once in UNKNOWN:unknown and once in UNKNOWN:unknown, Keeping one from UNKNOWN:unknown 
363313     INFO  Test worker     d.u.i.k.n.KeyIO           Parsing took 0 ms 
363313     INFO  Test worker     d.u.i.k.n.KeyIO           MODE: declarations took 0 ms 
363313     WARN  Test worker     d.u.i.k.j.r.KeYCrossReferenceNameInfo Datatype T declared twice: Once in UNKNOWN:unknown and once in UNKNOWN:unknown, Keeping one from UNKNOWN:unknown 
363375     INFO  Test worker     d.u.i.k.n.KeyIO           Parsing took 0 ms 
363375     INFO  Test worker     d.u.i.k.n.KeyIO           MODE: declarations took 0 ms 
363391     WARN  Test worker     d.u.i.k.j.r.KeYCrossReferenceNameInfo Datatype T declared twice: Once in UNKNOWN:unknown and once in UNKNOWN:unknown, Keeping one from UNKNOWN:unknown 
363453     WARN  Test worker     d.u.i.k.j.r.KeYCrossReferenceNameInfo Datatype T declared twice: Once in UNKNOWN:unknown and once in UNKNOWN:unknown, Keeping one from UNKNOWN:unknown 
363532     INFO  Test worker     d.u.i.k.n.KeyIO           Parsing took 0 ms 
363532     INFO  Test worker     d.u.i.k.n.KeyIO           MODE: declarations took 0 ms 
363532     WARN  Test worker     d.u.i.k.j.r.KeYCrossReferenceNameInfo Datatype T declared twice: Once in UNKNOWN:unknown and once in UNKNOWN:unknown, Keeping one from UNKNOWN:unknown 
363610     INFO  Test worker     d.u.i.k.n.KeyIO           Parsing took 0 ms 
363610     INFO  Test worker     d.u.i.k.n.KeyIO           MODE: declarations took 0 ms 
]]></system-out>
  <system-err><![CDATA[]]></system-err>
</testsuite>
