<?xml version="1.0" encoding="UTF-8"?>
<testsuite name="de.uka.ilkd.key.proof.io.TestZipProofSaving" tests="1" skipped="0" failures="0" errors="0" timestamp="2023-04-07T20:08:57" hostname="fv-az456-540" time="8.498">
  <properties/>
  <testcase name="testZip()" classname="de.uka.ilkd.key.proof.io.TestZipProofSaving" time="8.498"/>
  <system-out><![CDATA[]]></system-out>
  <system-err><![CDATA[]]></system-err>
</testsuite>
