<?xml version="1.0" encoding="UTF-8"?>
<testsuite name="de.uka.ilkd.key.parser.TestTermParserSorts" tests="2" skipped="0" failures="0" errors="0" timestamp="2023-04-07T20:08:47" hostname="fv-az456-540" time="3.52">
  <properties/>
  <testcase name="testParseIntegerArgs()" classname="de.uka.ilkd.key.parser.TestTermParserSorts" time="0.013"/>
  <testcase name="testParseSequencePrettySyntax()" classname="de.uka.ilkd.key.parser.TestTermParserSorts" time="0.003"/>
  <system-out><![CDATA[502181     INFO  Test worker     d.u.i.k.n.KeyIO           Parsing took 0 ms 
502181     INFO  Test worker     d.u.i.k.n.KeyIO           MODE: declarations took 0 ms 
502181     INFO  Test worker     d.u.i.k.n.KeyIO           Parsing took 0 ms 
502181     INFO  Test worker     d.u.i.k.n.KeyIO           MODE: declarations took 0 ms 
502181     INFO  Test worker     d.u.i.k.n.KeyIO           Parsing took 0 ms 
502181     INFO  Test worker     d.u.i.k.n.KeyIO           MODE: declarations took 0 ms 
505698     INFO  Test worker     d.u.i.k.n.KeyIO           Parsing took 0 ms 
505698     INFO  Test worker     d.u.i.k.n.KeyIO           MODE: declarations took 0 ms 
505698     INFO  Test worker     d.u.i.k.n.KeyIO           Parsing took 0 ms 
505698     INFO  Test worker     d.u.i.k.n.KeyIO           MODE: declarations took 0 ms 
505698     INFO  Test worker     d.u.i.k.n.KeyIO           Parsing took 0 ms 
505698     INFO  Test worker     d.u.i.k.n.KeyIO           MODE: declarations took 0 ms 
]]></system-out>
  <system-err><![CDATA[]]></system-err>
</testsuite>
