<?xml version="1.0" encoding="UTF-8"?>
<testsuite name="de.uka.ilkd.key.parser.TestTermParserHeap" tests="39" skipped="0" failures="0" errors="0" timestamp="2023-04-07T20:06:32" hostname="fv-az456-540" time="131.321">
  <properties/>
  <testcase name="testBracketHeapUpdate()" classname="de.uka.ilkd.key.parser.TestTermParserHeap" time="0.017"/>
  <testcase name="testStore()" classname="de.uka.ilkd.key.parser.TestTermParserHeap" time="0.009"/>
  <testcase name="testUnknownConstant()" classname="de.uka.ilkd.key.parser.TestTermParserHeap" time="0.01"/>
  <testcase name="testAllFieldsSelector()" classname="de.uka.ilkd.key.parser.TestTermParserHeap" time="0.003"/>
  <testcase name="testParsePrettyPrintedSelect()" classname="de.uka.ilkd.key.parser.TestTermParserHeap" time="0.003"/>
  <testcase name="testAccessStaticMembers()" classname="de.uka.ilkd.key.parser.TestTermParserHeap" time="0.095"/>
  <testcase name="testAtOperator_1()" classname="de.uka.ilkd.key.parser.TestTermParserHeap" time="0.004"/>
  <testcase name="testAtOperator_2()" classname="de.uka.ilkd.key.parser.TestTermParserHeap" time="0.018"/>
  <testcase name="testAtOperator_3()" classname="de.uka.ilkd.key.parser.TestTermParserHeap" time="0.003"/>
  <testcase name="testAtOperator_4()" classname="de.uka.ilkd.key.parser.TestTermParserHeap" time="0.01"/>
  <testcase name="testAtOperator_5()" classname="de.uka.ilkd.key.parser.TestTermParserHeap" time="0.003"/>
  <testcase name="testAtOperator_6()" classname="de.uka.ilkd.key.parser.TestTermParserHeap" time="0.002"/>
  <testcase name="testAtOperator_7()" classname="de.uka.ilkd.key.parser.TestTermParserHeap" time="0.004"/>
  <testcase name="testAtOperator_8()" classname="de.uka.ilkd.key.parser.TestTermParserHeap" time="0.006"/>
  <testcase name="testVerifyExceptionIfAtOperatorNotPreceededBySelectTerm()" classname="de.uka.ilkd.key.parser.TestTermParserHeap" time="0.004"/>
  <testcase name="testBugResettingCounter()" classname="de.uka.ilkd.key.parser.TestTermParserHeap" time="0.004"/>
  <testcase name="testLocationSets()" classname="de.uka.ilkd.key.parser.TestTermParserHeap" time="0.01"/>
  <testcase name="testQuantifiedSelect()" classname="de.uka.ilkd.key.parser.TestTermParserHeap" time="0.005"/>
  <testcase name="testGenericObjectProperties()" classname="de.uka.ilkd.key.parser.TestTermParserHeap" time="0.004"/>
  <testcase name="testQueryInheritance_1()" classname="de.uka.ilkd.key.parser.TestTermParserHeap" time="0.003"/>
  <testcase name="testQueryInheritance_2()" classname="de.uka.ilkd.key.parser.TestTermParserHeap" time="0.003"/>
  <testcase name="testQueryInheritance_3()" classname="de.uka.ilkd.key.parser.TestTermParserHeap" time="0.004"/>
  <testcase name="testQueryInheritance_4()" classname="de.uka.ilkd.key.parser.TestTermParserHeap" time="0.003"/>
  <testcase name="testQueryInheritance_5()" classname="de.uka.ilkd.key.parser.TestTermParserHeap" time="0.002"/>
  <testcase name="testQueryInheritance_6()" classname="de.uka.ilkd.key.parser.TestTermParserHeap" time="0.003"/>
  <testcase name="testQueryInheritance_7()" classname="de.uka.ilkd.key.parser.TestTermParserHeap" time="0.003"/>
  <testcase name="testQueryInheritance_8()" classname="de.uka.ilkd.key.parser.TestTermParserHeap" time="0.003"/>
  <testcase name="testQueryInheritance_9()" classname="de.uka.ilkd.key.parser.TestTermParserHeap" time="0.003"/>
  <testcase name="testQueryBasic_10()" classname="de.uka.ilkd.key.parser.TestTermParserHeap" time="0.002"/>
  <testcase name="testQueryBasic_11()" classname="de.uka.ilkd.key.parser.TestTermParserHeap" time="0.004"/>
  <testcase name="testQueryBasic_1()" classname="de.uka.ilkd.key.parser.TestTermParserHeap" time="0.003"/>
  <testcase name="testQueryBasic_2()" classname="de.uka.ilkd.key.parser.TestTermParserHeap" time="0.003"/>
  <testcase name="testQueryBasic_3()" classname="de.uka.ilkd.key.parser.TestTermParserHeap" time="0.004"/>
  <testcase name="testQueryBasic_4()" classname="de.uka.ilkd.key.parser.TestTermParserHeap" time="0.005"/>
  <testcase name="testQueryBasic_5()" classname="de.uka.ilkd.key.parser.TestTermParserHeap" time="0.004"/>
  <testcase name="testQueryBasic_6()" classname="de.uka.ilkd.key.parser.TestTermParserHeap" time="0.005"/>
  <testcase name="testQueryBasic_7()" classname="de.uka.ilkd.key.parser.TestTermParserHeap" time="0.002"/>
  <testcase name="testQueryBasic_8()" classname="de.uka.ilkd.key.parser.TestTermParserHeap" time="0.005"/>
  <testcase name="testQueryBasic_9()" classname="de.uka.ilkd.key.parser.TestTermParserHeap" time="0.002"/>
  <system-out><![CDATA[367308     INFO  Test worker     d.u.i.k.n.KeyIO           Parsing took 0 ms 
367308     INFO  Test worker     d.u.i.k.n.KeyIO           MODE: declarations took 0 ms 
367308     INFO  Test worker     d.u.i.k.n.KeyIO           Parsing took 0 ms 
367308     INFO  Test worker     d.u.i.k.n.KeyIO           MODE: declarations took 0 ms 
367308     INFO  Test worker     d.u.i.k.n.KeyIO           Parsing took 0 ms 
367308     INFO  Test worker     d.u.i.k.n.KeyIO           MODE: declarations took 0 ms 
367308     INFO  Test worker     d.u.i.k.n.KeyIO           Parsing took 0 ms 
367308     INFO  Test worker     d.u.i.k.n.KeyIO           MODE: declarations took 0 ms 
367308     INFO  Test worker     d.u.i.k.n.KeyIO           Parsing took 0 ms 
367308     INFO  Test worker     d.u.i.k.n.KeyIO           MODE: declarations took 0 ms 
370919     INFO  Test worker     d.u.i.k.n.KeyIO           Parsing took 0 ms 
370919     INFO  Test worker     d.u.i.k.n.KeyIO           MODE: declarations took 0 ms 
370919     INFO  Test worker     d.u.i.k.n.KeyIO           Parsing took 0 ms 
370919     INFO  Test worker     d.u.i.k.n.KeyIO           MODE: declarations took 0 ms 
370919     INFO  Test worker     d.u.i.k.n.KeyIO           Parsing took 0 ms 
370919     INFO  Test worker     d.u.i.k.n.KeyIO           MODE: declarations took 0 ms 
370919     INFO  Test worker     d.u.i.k.n.KeyIO           Parsing took 0 ms 
370919     INFO  Test worker     d.u.i.k.n.KeyIO           MODE: declarations took 0 ms 
370919     INFO  Test worker     d.u.i.k.n.KeyIO           Parsing took 0 ms 
370919     INFO  Test worker     d.u.i.k.n.KeyIO           MODE: declarations took 0 ms 
374376     INFO  Test worker     d.u.i.k.n.KeyIO           Parsing took 0 ms 
374376     INFO  Test worker     d.u.i.k.n.KeyIO           MODE: declarations took 0 ms 
374376     INFO  Test worker     d.u.i.k.n.KeyIO           Parsing took 0 ms 
374376     INFO  Test worker     d.u.i.k.n.KeyIO           MODE: declarations took 0 ms 
374376     INFO  Test worker     d.u.i.k.n.KeyIO           Parsing took 0 ms 
374376     INFO  Test worker     d.u.i.k.n.KeyIO           MODE: declarations took 0 ms 
374376     INFO  Test worker     d.u.i.k.n.KeyIO           Parsing took 0 ms 
374376     INFO  Test worker     d.u.i.k.n.KeyIO           MODE: declarations took 0 ms 
374376     INFO  Test worker     d.u.i.k.n.KeyIO           Parsing took 0 ms 
374376     INFO  Test worker     d.u.i.k.n.KeyIO           MODE: declarations took 0 ms 
374376     INFO  Test worker     d.u.i.k.n.KeyIO           Parsing took 0 ms 
374376     INFO  Test worker     d.u.i.k.n.KeyIO           MODE: declarations took 0 ms 
377922     INFO  Test worker     d.u.i.k.n.KeyIO           Parsing took 0 ms 
377922     INFO  Test worker     d.u.i.k.n.KeyIO           MODE: declarations took 0 ms 
377922     INFO  Test worker     d.u.i.k.n.KeyIO           Parsing took 0 ms 
377922     INFO  Test worker     d.u.i.k.n.KeyIO           MODE: declarations took 0 ms 
377922     INFO  Test worker     d.u.i.k.n.KeyIO           Parsing took 0 ms 
377922     INFO  Test worker     d.u.i.k.n.KeyIO           MODE: declarations took 0 ms 
377922     INFO  Test worker     d.u.i.k.n.KeyIO           Parsing took 0 ms 
377922     INFO  Test worker     d.u.i.k.n.KeyIO           MODE: declarations took 0 ms 
377922     INFO  Test worker     d.u.i.k.n.KeyIO           Parsing took 0 ms 
377922     INFO  Test worker     d.u.i.k.n.KeyIO           MODE: declarations took 0 ms 
381508     INFO  Test worker     d.u.i.k.n.KeyIO           Parsing took 16 ms 
381508     INFO  Test worker     d.u.i.k.n.KeyIO           MODE: declarations took 0 ms 
381508     INFO  Test worker     d.u.i.k.n.KeyIO           Parsing took 0 ms 
381508     INFO  Test worker     d.u.i.k.n.KeyIO           MODE: declarations took 0 ms 
381508     INFO  Test worker     d.u.i.k.n.KeyIO           Parsing took 0 ms 
381508     INFO  Test worker     d.u.i.k.n.KeyIO           MODE: declarations took 0 ms 
381508     INFO  Test worker     d.u.i.k.n.KeyIO           Parsing took 0 ms 
381508     INFO  Test worker     d.u.i.k.n.KeyIO           MODE: declarations took 0 ms 
381508     INFO  Test worker     d.u.i.k.n.KeyIO           Parsing took 0 ms 
381508     INFO  Test worker     d.u.i.k.n.KeyIO           MODE: declarations took 0 ms 
384971     INFO  Test worker     d.u.i.k.n.KeyIO           Parsing took 0 ms 
384971     INFO  Test worker     d.u.i.k.n.KeyIO           MODE: declarations took 0 ms 
384971     INFO  Test worker     d.u.i.k.n.KeyIO           Parsing took 0 ms 
384971     INFO  Test worker     d.u.i.k.n.KeyIO           MODE: declarations took 0 ms 
384971     INFO  Test worker     d.u.i.k.n.KeyIO           Parsing took 0 ms 
384971     INFO  Test worker     d.u.i.k.n.KeyIO           MODE: declarations took 0 ms 
384971     INFO  Test worker     d.u.i.k.n.KeyIO           Parsing took 0 ms 
385003     INFO  Test worker     d.u.i.k.n.KeyIO           MODE: declarations took 0 ms 
385020     INFO  Test worker     d.u.i.k.n.KeyIO           Parsing took 0 ms 
385049     INFO  Test worker     d.u.i.k.n.KeyIO           MODE: declarations took 0 ms 
388459     INFO  Test worker     d.u.i.k.n.KeyIO           Parsing took 0 ms 
388459     INFO  Test worker     d.u.i.k.n.KeyIO           MODE: declarations took 0 ms 
388459     INFO  Test worker     d.u.i.k.n.KeyIO           Parsing took 0 ms 
388459     INFO  Test worker     d.u.i.k.n.KeyIO           MODE: declarations took 0 ms 
388459     INFO  Test worker     d.u.i.k.n.KeyIO           Parsing took 0 ms 
388474     INFO  Test worker     d.u.i.k.n.KeyIO           MODE: declarations took 0 ms 
388474     INFO  Test worker     d.u.i.k.n.KeyIO           Parsing took 0 ms 
388474     INFO  Test worker     d.u.i.k.n.KeyIO           MODE: declarations took 0 ms 
388474     INFO  Test worker     d.u.i.k.n.KeyIO           Parsing took 0 ms 
388474     INFO  Test worker     d.u.i.k.n.KeyIO           MODE: declarations took 0 ms 
391929     INFO  Test worker     d.u.i.k.n.KeyIO           Parsing took 0 ms 
391929     INFO  Test worker     d.u.i.k.n.KeyIO           MODE: declarations took 0 ms 
391929     INFO  Test worker     d.u.i.k.n.KeyIO           Parsing took 0 ms 
391929     INFO  Test worker     d.u.i.k.n.KeyIO           MODE: declarations took 0 ms 
391929     INFO  Test worker     d.u.i.k.n.KeyIO           Parsing took 0 ms 
391929     INFO  Test worker     d.u.i.k.n.KeyIO           MODE: declarations took 0 ms 
391929     INFO  Test worker     d.u.i.k.n.KeyIO           Parsing took 0 ms 
391929     INFO  Test worker     d.u.i.k.n.KeyIO           MODE: declarations took 0 ms 
391929     INFO  Test worker     d.u.i.k.n.KeyIO           Parsing took 0 ms 
391944     INFO  Test worker     d.u.i.k.n.KeyIO           MODE: declarations took 0 ms 
395444     INFO  Test worker     d.u.i.k.n.KeyIO           Parsing took 0 ms 
395444     INFO  Test worker     d.u.i.k.n.KeyIO           MODE: declarations took 0 ms 
395444     INFO  Test worker     d.u.i.k.n.KeyIO           Parsing took 0 ms 
395444     INFO  Test worker     d.u.i.k.n.KeyIO           MODE: declarations took 0 ms 
395444     INFO  Test worker     d.u.i.k.n.KeyIO           Parsing took 0 ms 
395444     INFO  Test worker     d.u.i.k.n.KeyIO           MODE: declarations took 0 ms 
395444     INFO  Test worker     d.u.i.k.n.KeyIO           Parsing took 0 ms 
395444     INFO  Test worker     d.u.i.k.n.KeyIO           MODE: declarations took 0 ms 
395444     INFO  Test worker     d.u.i.k.n.KeyIO           Parsing took 0 ms 
395444     INFO  Test worker     d.u.i.k.n.KeyIO           MODE: declarations took 0 ms 
398895     INFO  Test worker     d.u.i.k.n.KeyIO           Parsing took 0 ms 
398895     INFO  Test worker     d.u.i.k.n.KeyIO           MODE: declarations took 0 ms 
398895     INFO  Test worker     d.u.i.k.n.KeyIO           Parsing took 0 ms 
398895     INFO  Test worker     d.u.i.k.n.KeyIO           MODE: declarations took 0 ms 
398895     INFO  Test worker     d.u.i.k.n.KeyIO           Parsing took 0 ms 
398895     INFO  Test worker     d.u.i.k.n.KeyIO           MODE: declarations took 0 ms 
398895     INFO  Test worker     d.u.i.k.n.KeyIO           Parsing took 0 ms 
398895     INFO  Test worker     d.u.i.k.n.KeyIO           MODE: declarations took 0 ms 
398895     INFO  Test worker     d.u.i.k.n.KeyIO           Parsing took 0 ms 
398895     INFO  Test worker     d.u.i.k.n.KeyIO           MODE: declarations took 0 ms 
402299     INFO  Test worker     d.u.i.k.n.KeyIO           Parsing took 0 ms 
402299     INFO  Test worker     d.u.i.k.n.KeyIO           MODE: declarations took 0 ms 
402299     INFO  Test worker     d.u.i.k.n.KeyIO           Parsing took 0 ms 
402299     INFO  Test worker     d.u.i.k.n.KeyIO           MODE: declarations took 0 ms 
402299     INFO  Test worker     d.u.i.k.n.KeyIO           Parsing took 0 ms 
402299     INFO  Test worker     d.u.i.k.n.KeyIO           MODE: declarations took 0 ms 
402299     INFO  Test worker     d.u.i.k.n.KeyIO           Parsing took 0 ms 
402299     INFO  Test worker     d.u.i.k.n.KeyIO           MODE: declarations took 0 ms 
402299     INFO  Test worker     d.u.i.k.n.KeyIO           Parsing took 0 ms 
402299     INFO  Test worker     d.u.i.k.n.KeyIO           MODE: declarations took 0 ms 
405644     INFO  Test worker     d.u.i.k.n.KeyIO           Parsing took 0 ms 
405644     INFO  Test worker     d.u.i.k.n.KeyIO           MODE: declarations took 0 ms 
405644     INFO  Test worker     d.u.i.k.n.KeyIO           Parsing took 0 ms 
405644     INFO  Test worker     d.u.i.k.n.KeyIO           MODE: declarations took 0 ms 
405644     INFO  Test worker     d.u.i.k.n.KeyIO           Parsing took 0 ms 
405644     INFO  Test worker     d.u.i.k.n.KeyIO           MODE: declarations took 0 ms 
405644     INFO  Test worker     d.u.i.k.n.KeyIO           Parsing took 0 ms 
405644     INFO  Test worker     d.u.i.k.n.KeyIO           MODE: declarations took 0 ms 
405644     INFO  Test worker     d.u.i.k.n.KeyIO           Parsing took 0 ms 
405644     INFO  Test worker     d.u.i.k.n.KeyIO           MODE: declarations took 0 ms 
409183     INFO  Test worker     d.u.i.k.n.KeyIO           Parsing took 0 ms 
409183     INFO  Test worker     d.u.i.k.n.KeyIO           MODE: declarations took 0 ms 
409183     INFO  Test worker     d.u.i.k.n.KeyIO           Parsing took 0 ms 
409183     INFO  Test worker     d.u.i.k.n.KeyIO           MODE: declarations took 0 ms 
409183     INFO  Test worker     d.u.i.k.n.KeyIO           Parsing took 0 ms 
409183     INFO  Test worker     d.u.i.k.n.KeyIO           MODE: declarations took 0 ms 
409183     INFO  Test worker     d.u.i.k.n.KeyIO           Parsing took 0 ms 
409198     INFO  Test worker     d.u.i.k.n.KeyIO           MODE: declarations took 0 ms 
409198     INFO  Test worker     d.u.i.k.n.KeyIO           Parsing took 0 ms 
409198     INFO  Test worker     d.u.i.k.n.KeyIO           MODE: declarations took 0 ms 
412759     INFO  Test worker     d.u.i.k.n.KeyIO           Parsing took 0 ms 
412759     INFO  Test worker     d.u.i.k.n.KeyIO           MODE: declarations took 0 ms 
412759     INFO  Test worker     d.u.i.k.n.KeyIO           Parsing took 0 ms 
412759     INFO  Test worker     d.u.i.k.n.KeyIO           MODE: declarations took 0 ms 
412759     INFO  Test worker     d.u.i.k.n.KeyIO           Parsing took 0 ms 
412759     INFO  Test worker     d.u.i.k.n.KeyIO           MODE: declarations took 0 ms 
412759     INFO  Test worker     d.u.i.k.n.KeyIO           Parsing took 0 ms 
412759     INFO  Test worker     d.u.i.k.n.KeyIO           MODE: declarations took 0 ms 
412759     INFO  Test worker     d.u.i.k.n.KeyIO           Parsing took 0 ms 
412759     INFO  Test worker     d.u.i.k.n.KeyIO           MODE: declarations took 0 ms 
416569     INFO  Test worker     d.u.i.k.n.KeyIO           Parsing took 0 ms 
416569     INFO  Test worker     d.u.i.k.n.KeyIO           MODE: declarations took 0 ms 
416569     INFO  Test worker     d.u.i.k.n.KeyIO           Parsing took 0 ms 
416569     INFO  Test worker     d.u.i.k.n.KeyIO           MODE: declarations took 0 ms 
416569     INFO  Test worker     d.u.i.k.n.KeyIO           Parsing took 0 ms 
416569     INFO  Test worker     d.u.i.k.n.KeyIO           MODE: declarations took 0 ms 
416569     INFO  Test worker     d.u.i.k.n.KeyIO           Parsing took 0 ms 
416569     INFO  Test worker     d.u.i.k.n.KeyIO           MODE: declarations took 0 ms 
416569     INFO  Test worker     d.u.i.k.n.KeyIO           Parsing took 0 ms 
416569     INFO  Test worker     d.u.i.k.n.KeyIO           MODE: declarations took 0 ms 
416569     WARN  Test worker     d.u.i.k.n.KeYParser       [syntax-error] <unknown>:1:11: mismatched input '@' expecting {'/', ':=', '.', '(', ')', '{', '[', '@', PARALLEL, OR, AND, IMP, '=', NOT_EQUALS, '%', '*', '-', '+', '>', GREATEREQUAL, '<', LESSEQUAL, LGUILLEMETS, EQV} [@11,11:11='@',<153>,1:11] (termEOF) 
419990     INFO  Test worker     d.u.i.k.n.KeyIO           Parsing took 0 ms 
419990     INFO  Test worker     d.u.i.k.n.KeyIO           MODE: declarations took 0 ms 
419990     INFO  Test worker     d.u.i.k.n.KeyIO           Parsing took 0 ms 
419990     INFO  Test worker     d.u.i.k.n.KeyIO           MODE: declarations took 0 ms 
419990     INFO  Test worker     d.u.i.k.n.KeyIO           Parsing took 0 ms 
419990     INFO  Test worker     d.u.i.k.n.KeyIO           MODE: declarations took 0 ms 
419990     INFO  Test worker     d.u.i.k.n.KeyIO           Parsing took 0 ms 
419990     INFO  Test worker     d.u.i.k.n.KeyIO           MODE: declarations took 0 ms 
419990     INFO  Test worker     d.u.i.k.n.KeyIO           Parsing took 0 ms 
419990     INFO  Test worker     d.u.i.k.n.KeyIO           MODE: declarations took 0 ms 
423442     INFO  Test worker     d.u.i.k.n.KeyIO           Parsing took 0 ms 
423442     INFO  Test worker     d.u.i.k.n.KeyIO           MODE: declarations took 0 ms 
423442     INFO  Test worker     d.u.i.k.n.KeyIO           Parsing took 0 ms 
423442     INFO  Test worker     d.u.i.k.n.KeyIO           MODE: declarations took 0 ms 
423442     INFO  Test worker     d.u.i.k.n.KeyIO           Parsing took 0 ms 
423442     INFO  Test worker     d.u.i.k.n.KeyIO           MODE: declarations took 0 ms 
423442     INFO  Test worker     d.u.i.k.n.KeyIO           Parsing took 0 ms 
423442     INFO  Test worker     d.u.i.k.n.KeyIO           MODE: declarations took 0 ms 
423442     INFO  Test worker     d.u.i.k.n.KeyIO           Parsing took 0 ms 
423442     INFO  Test worker     d.u.i.k.n.KeyIO           MODE: declarations took 0 ms 
426827     INFO  Test worker     d.u.i.k.n.KeyIO           Parsing took 0 ms 
426827     INFO  Test worker     d.u.i.k.n.KeyIO           MODE: declarations took 0 ms 
426827     INFO  Test worker     d.u.i.k.n.KeyIO           Parsing took 0 ms 
426827     INFO  Test worker     d.u.i.k.n.KeyIO           MODE: declarations took 0 ms 
426827     INFO  Test worker     d.u.i.k.n.KeyIO           Parsing took 0 ms 
426827     INFO  Test worker     d.u.i.k.n.KeyIO           MODE: declarations took 0 ms 
426827     INFO  Test worker     d.u.i.k.n.KeyIO           Parsing took 0 ms 
426827     INFO  Test worker     d.u.i.k.n.KeyIO           MODE: declarations took 0 ms 
426827     INFO  Test worker     d.u.i.k.n.KeyIO           Parsing took 0 ms 
426827     INFO  Test worker     d.u.i.k.n.KeyIO           MODE: declarations took 0 ms 
430379     INFO  Test worker     d.u.i.k.n.KeyIO           Parsing took 0 ms 
430379     INFO  Test worker     d.u.i.k.n.KeyIO           MODE: declarations took 0 ms 
430379     INFO  Test worker     d.u.i.k.n.KeyIO           Parsing took 0 ms 
430379     INFO  Test worker     d.u.i.k.n.KeyIO           MODE: declarations took 0 ms 
430379     INFO  Test worker     d.u.i.k.n.KeyIO           Parsing took 0 ms 
430379     INFO  Test worker     d.u.i.k.n.KeyIO           MODE: declarations took 0 ms 
430379     INFO  Test worker     d.u.i.k.n.KeyIO           Parsing took 0 ms 
430379     INFO  Test worker     d.u.i.k.n.KeyIO           MODE: declarations took 0 ms 
430379     INFO  Test worker     d.u.i.k.n.KeyIO           Parsing took 0 ms 
430379     INFO  Test worker     d.u.i.k.n.KeyIO           MODE: declarations took 0 ms 
433791     INFO  Test worker     d.u.i.k.n.KeyIO           Parsing took 0 ms 
433791     INFO  Test worker     d.u.i.k.n.KeyIO           MODE: declarations took 0 ms 
433791     INFO  Test worker     d.u.i.k.n.KeyIO           Parsing took 0 ms 
433791     INFO  Test worker     d.u.i.k.n.KeyIO           MODE: declarations took 0 ms 
433791     INFO  Test worker     d.u.i.k.n.KeyIO           Parsing took 0 ms 
433791     INFO  Test worker     d.u.i.k.n.KeyIO           MODE: declarations took 0 ms 
433791     INFO  Test worker     d.u.i.k.n.KeyIO           Parsing took 0 ms 
433791     INFO  Test worker     d.u.i.k.n.KeyIO           MODE: declarations took 0 ms 
433791     INFO  Test worker     d.u.i.k.n.KeyIO           Parsing took 0 ms 
433791     INFO  Test worker     d.u.i.k.n.KeyIO           MODE: declarations took 0 ms 
437174     INFO  Test worker     d.u.i.k.n.KeyIO           Parsing took 0 ms 
437174     INFO  Test worker     d.u.i.k.n.KeyIO           MODE: declarations took 0 ms 
437174     INFO  Test worker     d.u.i.k.n.KeyIO           Parsing took 0 ms 
437174     INFO  Test worker     d.u.i.k.n.KeyIO           MODE: declarations took 0 ms 
437174     INFO  Test worker     d.u.i.k.n.KeyIO           Parsing took 0 ms 
437174     INFO  Test worker     d.u.i.k.n.KeyIO           MODE: declarations took 0 ms 
437174     INFO  Test worker     d.u.i.k.n.KeyIO           Parsing took 0 ms 
437174     INFO  Test worker     d.u.i.k.n.KeyIO           MODE: declarations took 0 ms 
437174     INFO  Test worker     d.u.i.k.n.KeyIO           Parsing took 0 ms 
437174     INFO  Test worker     d.u.i.k.n.KeyIO           MODE: declarations took 0 ms 
440555     INFO  Test worker     d.u.i.k.n.KeyIO           Parsing took 0 ms 
440555     INFO  Test worker     d.u.i.k.n.KeyIO           MODE: declarations took 0 ms 
440555     INFO  Test worker     d.u.i.k.n.KeyIO           Parsing took 0 ms 
440555     INFO  Test worker     d.u.i.k.n.KeyIO           MODE: declarations took 0 ms 
440555     INFO  Test worker     d.u.i.k.n.KeyIO           Parsing took 0 ms 
440555     INFO  Test worker     d.u.i.k.n.KeyIO           MODE: declarations took 0 ms 
440555     INFO  Test worker     d.u.i.k.n.KeyIO           Parsing took 0 ms 
440555     INFO  Test worker     d.u.i.k.n.KeyIO           MODE: declarations took 0 ms 
440555     INFO  Test worker     d.u.i.k.n.KeyIO           Parsing took 0 ms 
440555     INFO  Test worker     d.u.i.k.n.KeyIO           MODE: declarations took 0 ms 
443970     INFO  Test worker     d.u.i.k.n.KeyIO           Parsing took 0 ms 
443970     INFO  Test worker     d.u.i.k.n.KeyIO           MODE: declarations took 0 ms 
443970     INFO  Test worker     d.u.i.k.n.KeyIO           Parsing took 0 ms 
443970     INFO  Test worker     d.u.i.k.n.KeyIO           MODE: declarations took 0 ms 
443970     INFO  Test worker     d.u.i.k.n.KeyIO           Parsing took 0 ms 
443970     INFO  Test worker     d.u.i.k.n.KeyIO           MODE: declarations took 0 ms 
443970     INFO  Test worker     d.u.i.k.n.KeyIO           Parsing took 0 ms 
443970     INFO  Test worker     d.u.i.k.n.KeyIO           MODE: declarations took 0 ms 
443970     INFO  Test worker     d.u.i.k.n.KeyIO           Parsing took 0 ms 
443970     INFO  Test worker     d.u.i.k.n.KeyIO           MODE: declarations took 0 ms 
447351     INFO  Test worker     d.u.i.k.n.KeyIO           Parsing took 0 ms 
447351     INFO  Test worker     d.u.i.k.n.KeyIO           MODE: declarations took 0 ms 
447351     INFO  Test worker     d.u.i.k.n.KeyIO           Parsing took 0 ms 
447351     INFO  Test worker     d.u.i.k.n.KeyIO           MODE: declarations took 0 ms 
447351     INFO  Test worker     d.u.i.k.n.KeyIO           Parsing took 0 ms 
447351     INFO  Test worker     d.u.i.k.n.KeyIO           MODE: declarations took 0 ms 
447351     INFO  Test worker     d.u.i.k.n.KeyIO           Parsing took 0 ms 
447351     INFO  Test worker     d.u.i.k.n.KeyIO           MODE: declarations took 0 ms 
447351     INFO  Test worker     d.u.i.k.n.KeyIO           Parsing took 0 ms 
447351     INFO  Test worker     d.u.i.k.n.KeyIO           MODE: declarations took 0 ms 
450702     INFO  Test worker     d.u.i.k.n.KeyIO           Parsing took 0 ms 
450702     INFO  Test worker     d.u.i.k.n.KeyIO           MODE: declarations took 0 ms 
450702     INFO  Test worker     d.u.i.k.n.KeyIO           Parsing took 0 ms 
450702     INFO  Test worker     d.u.i.k.n.KeyIO           MODE: declarations took 0 ms 
450702     INFO  Test worker     d.u.i.k.n.KeyIO           Parsing took 0 ms 
450702     INFO  Test worker     d.u.i.k.n.KeyIO           MODE: declarations took 0 ms 
450702     INFO  Test worker     d.u.i.k.n.KeyIO           Parsing took 0 ms 
450702     INFO  Test worker     d.u.i.k.n.KeyIO           MODE: declarations took 0 ms 
450702     INFO  Test worker     d.u.i.k.n.KeyIO           Parsing took 0 ms 
450702     INFO  Test worker     d.u.i.k.n.KeyIO           MODE: declarations took 0 ms 
454042     INFO  Test worker     d.u.i.k.n.KeyIO           Parsing took 0 ms 
454042     INFO  Test worker     d.u.i.k.n.KeyIO           MODE: declarations took 0 ms 
454042     INFO  Test worker     d.u.i.k.n.KeyIO           Parsing took 0 ms 
454042     INFO  Test worker     d.u.i.k.n.KeyIO           MODE: declarations took 0 ms 
454042     INFO  Test worker     d.u.i.k.n.KeyIO           Parsing took 0 ms 
454042     INFO  Test worker     d.u.i.k.n.KeyIO           MODE: declarations took 0 ms 
454042     INFO  Test worker     d.u.i.k.n.KeyIO           Parsing took 0 ms 
454042     INFO  Test worker     d.u.i.k.n.KeyIO           MODE: declarations took 0 ms 
454042     INFO  Test worker     d.u.i.k.n.KeyIO           Parsing took 0 ms 
454042     INFO  Test worker     d.u.i.k.n.KeyIO           MODE: declarations took 0 ms 
457454     INFO  Test worker     d.u.i.k.n.KeyIO           Parsing took 0 ms 
457454     INFO  Test worker     d.u.i.k.n.KeyIO           MODE: declarations took 0 ms 
457454     INFO  Test worker     d.u.i.k.n.KeyIO           Parsing took 0 ms 
457454     INFO  Test worker     d.u.i.k.n.KeyIO           MODE: declarations took 0 ms 
457454     INFO  Test worker     d.u.i.k.n.KeyIO           Parsing took 0 ms 
457454     INFO  Test worker     d.u.i.k.n.KeyIO           MODE: declarations took 0 ms 
457454     INFO  Test worker     d.u.i.k.n.KeyIO           Parsing took 0 ms 
457454     INFO  Test worker     d.u.i.k.n.KeyIO           MODE: declarations took 0 ms 
457454     INFO  Test worker     d.u.i.k.n.KeyIO           Parsing took 0 ms 
457454     INFO  Test worker     d.u.i.k.n.KeyIO           MODE: declarations took 0 ms 
460833     INFO  Test worker     d.u.i.k.n.KeyIO           Parsing took 0 ms 
460833     INFO  Test worker     d.u.i.k.n.KeyIO           MODE: declarations took 0 ms 
460833     INFO  Test worker     d.u.i.k.n.KeyIO           Parsing took 0 ms 
460833     INFO  Test worker     d.u.i.k.n.KeyIO           MODE: declarations took 0 ms 
460833     INFO  Test worker     d.u.i.k.n.KeyIO           Parsing took 0 ms 
460833     INFO  Test worker     d.u.i.k.n.KeyIO           MODE: declarations took 0 ms 
460833     INFO  Test worker     d.u.i.k.n.KeyIO           Parsing took 0 ms 
460833     INFO  Test worker     d.u.i.k.n.KeyIO           MODE: declarations took 0 ms 
460833     INFO  Test worker     d.u.i.k.n.KeyIO           Parsing took 0 ms 
460833     INFO  Test worker     d.u.i.k.n.KeyIO           MODE: declarations took 0 ms 
464237     INFO  Test worker     d.u.i.k.n.KeyIO           Parsing took 0 ms 
464237     INFO  Test worker     d.u.i.k.n.KeyIO           MODE: declarations took 0 ms 
464237     INFO  Test worker     d.u.i.k.n.KeyIO           Parsing took 0 ms 
464237     INFO  Test worker     d.u.i.k.n.KeyIO           MODE: declarations took 0 ms 
464237     INFO  Test worker     d.u.i.k.n.KeyIO           Parsing took 0 ms 
464237     INFO  Test worker     d.u.i.k.n.KeyIO           MODE: declarations took 0 ms 
464237     INFO  Test worker     d.u.i.k.n.KeyIO           Parsing took 0 ms 
464237     INFO  Test worker     d.u.i.k.n.KeyIO           MODE: declarations took 0 ms 
464237     INFO  Test worker     d.u.i.k.n.KeyIO           Parsing took 0 ms 
464237     INFO  Test worker     d.u.i.k.n.KeyIO           MODE: declarations took 0 ms 
467704     INFO  Test worker     d.u.i.k.n.KeyIO           Parsing took 0 ms 
467704     INFO  Test worker     d.u.i.k.n.KeyIO           MODE: declarations took 0 ms 
467704     INFO  Test worker     d.u.i.k.n.KeyIO           Parsing took 0 ms 
467704     INFO  Test worker     d.u.i.k.n.KeyIO           MODE: declarations took 0 ms 
467704     INFO  Test worker     d.u.i.k.n.KeyIO           Parsing took 0 ms 
467704     INFO  Test worker     d.u.i.k.n.KeyIO           MODE: declarations took 0 ms 
467704     INFO  Test worker     d.u.i.k.n.KeyIO           Parsing took 0 ms 
467704     INFO  Test worker     d.u.i.k.n.KeyIO           MODE: declarations took 0 ms 
467704     INFO  Test worker     d.u.i.k.n.KeyIO           Parsing took 0 ms 
467704     INFO  Test worker     d.u.i.k.n.KeyIO           MODE: declarations took 0 ms 
471187     INFO  Test worker     d.u.i.k.n.KeyIO           Parsing took 0 ms 
471187     INFO  Test worker     d.u.i.k.n.KeyIO           MODE: declarations took 0 ms 
471187     INFO  Test worker     d.u.i.k.n.KeyIO           Parsing took 0 ms 
471187     INFO  Test worker     d.u.i.k.n.KeyIO           MODE: declarations took 0 ms 
471187     INFO  Test worker     d.u.i.k.n.KeyIO           Parsing took 0 ms 
471187     INFO  Test worker     d.u.i.k.n.KeyIO           MODE: declarations took 0 ms 
471187     INFO  Test worker     d.u.i.k.n.KeyIO           Parsing took 0 ms 
471187     INFO  Test worker     d.u.i.k.n.KeyIO           MODE: declarations took 0 ms 
471187     INFO  Test worker     d.u.i.k.n.KeyIO           Parsing took 0 ms 
471187     INFO  Test worker     d.u.i.k.n.KeyIO           MODE: declarations took 0 ms 
474561     INFO  Test worker     d.u.i.k.n.KeyIO           Parsing took 0 ms 
474561     INFO  Test worker     d.u.i.k.n.KeyIO           MODE: declarations took 0 ms 
474561     INFO  Test worker     d.u.i.k.n.KeyIO           Parsing took 0 ms 
474561     INFO  Test worker     d.u.i.k.n.KeyIO           MODE: declarations took 0 ms 
474561     INFO  Test worker     d.u.i.k.n.KeyIO           Parsing took 0 ms 
474561     INFO  Test worker     d.u.i.k.n.KeyIO           MODE: declarations took 0 ms 
474561     INFO  Test worker     d.u.i.k.n.KeyIO           Parsing took 0 ms 
474561     INFO  Test worker     d.u.i.k.n.KeyIO           MODE: declarations took 0 ms 
474561     INFO  Test worker     d.u.i.k.n.KeyIO           Parsing took 0 ms 
474561     INFO  Test worker     d.u.i.k.n.KeyIO           MODE: declarations took 0 ms 
477906     INFO  Test worker     d.u.i.k.n.KeyIO           Parsing took 0 ms 
477906     INFO  Test worker     d.u.i.k.n.KeyIO           MODE: declarations took 0 ms 
477906     INFO  Test worker     d.u.i.k.n.KeyIO           Parsing took 0 ms 
477906     INFO  Test worker     d.u.i.k.n.KeyIO           MODE: declarations took 0 ms 
477906     INFO  Test worker     d.u.i.k.n.KeyIO           Parsing took 0 ms 
477906     INFO  Test worker     d.u.i.k.n.KeyIO           MODE: declarations took 0 ms 
477906     INFO  Test worker     d.u.i.k.n.KeyIO           Parsing took 0 ms 
477906     INFO  Test worker     d.u.i.k.n.KeyIO           MODE: declarations took 0 ms 
477906     INFO  Test worker     d.u.i.k.n.KeyIO           Parsing took 0 ms 
477906     INFO  Test worker     d.u.i.k.n.KeyIO           MODE: declarations took 0 ms 
481352     INFO  Test worker     d.u.i.k.n.KeyIO           Parsing took 0 ms 
481352     INFO  Test worker     d.u.i.k.n.KeyIO           MODE: declarations took 0 ms 
481352     INFO  Test worker     d.u.i.k.n.KeyIO           Parsing took 0 ms 
481352     INFO  Test worker     d.u.i.k.n.KeyIO           MODE: declarations took 0 ms 
481352     INFO  Test worker     d.u.i.k.n.KeyIO           Parsing took 0 ms 
481352     INFO  Test worker     d.u.i.k.n.KeyIO           MODE: declarations took 0 ms 
481352     INFO  Test worker     d.u.i.k.n.KeyIO           Parsing took 0 ms 
481368     INFO  Test worker     d.u.i.k.n.KeyIO           MODE: declarations took 0 ms 
481368     INFO  Test worker     d.u.i.k.n.KeyIO           Parsing took 0 ms 
481368     INFO  Test worker     d.u.i.k.n.KeyIO           MODE: declarations took 0 ms 
484758     INFO  Test worker     d.u.i.k.n.KeyIO           Parsing took 0 ms 
484758     INFO  Test worker     d.u.i.k.n.KeyIO           MODE: declarations took 0 ms 
484758     INFO  Test worker     d.u.i.k.n.KeyIO           Parsing took 0 ms 
484758     INFO  Test worker     d.u.i.k.n.KeyIO           MODE: declarations took 0 ms 
484758     INFO  Test worker     d.u.i.k.n.KeyIO           Parsing took 0 ms 
484758     INFO  Test worker     d.u.i.k.n.KeyIO           MODE: declarations took 0 ms 
484758     INFO  Test worker     d.u.i.k.n.KeyIO           Parsing took 0 ms 
484758     INFO  Test worker     d.u.i.k.n.KeyIO           MODE: declarations took 0 ms 
484758     INFO  Test worker     d.u.i.k.n.KeyIO           Parsing took 0 ms 
484758     INFO  Test worker     d.u.i.k.n.KeyIO           MODE: declarations took 0 ms 
488157     INFO  Test worker     d.u.i.k.n.KeyIO           Parsing took 0 ms 
488157     INFO  Test worker     d.u.i.k.n.KeyIO           MODE: declarations took 0 ms 
488157     INFO  Test worker     d.u.i.k.n.KeyIO           Parsing took 0 ms 
488157     INFO  Test worker     d.u.i.k.n.KeyIO           MODE: declarations took 0 ms 
488157     INFO  Test worker     d.u.i.k.n.KeyIO           Parsing took 0 ms 
488157     INFO  Test worker     d.u.i.k.n.KeyIO           MODE: declarations took 0 ms 
488157     INFO  Test worker     d.u.i.k.n.KeyIO           Parsing took 0 ms 
488157     INFO  Test worker     d.u.i.k.n.KeyIO           MODE: declarations took 0 ms 
488157     INFO  Test worker     d.u.i.k.n.KeyIO           Parsing took 0 ms 
488157     INFO  Test worker     d.u.i.k.n.KeyIO           MODE: declarations took 0 ms 
491678     INFO  Test worker     d.u.i.k.n.KeyIO           Parsing took 0 ms 
491678     INFO  Test worker     d.u.i.k.n.KeyIO           MODE: declarations took 0 ms 
491678     INFO  Test worker     d.u.i.k.n.KeyIO           Parsing took 0 ms 
491678     INFO  Test worker     d.u.i.k.n.KeyIO           MODE: declarations took 0 ms 
491678     INFO  Test worker     d.u.i.k.n.KeyIO           Parsing took 0 ms 
491678     INFO  Test worker     d.u.i.k.n.KeyIO           MODE: declarations took 0 ms 
491678     INFO  Test worker     d.u.i.k.n.KeyIO           Parsing took 0 ms 
491678     INFO  Test worker     d.u.i.k.n.KeyIO           MODE: declarations took 0 ms 
491678     INFO  Test worker     d.u.i.k.n.KeyIO           Parsing took 0 ms 
491678     INFO  Test worker     d.u.i.k.n.KeyIO           MODE: declarations took 0 ms 
495136     INFO  Test worker     d.u.i.k.n.KeyIO           Parsing took 0 ms 
495136     INFO  Test worker     d.u.i.k.n.KeyIO           MODE: declarations took 0 ms 
495136     INFO  Test worker     d.u.i.k.n.KeyIO           Parsing took 0 ms 
495136     INFO  Test worker     d.u.i.k.n.KeyIO           MODE: declarations took 0 ms 
495136     INFO  Test worker     d.u.i.k.n.KeyIO           Parsing took 0 ms 
495136     INFO  Test worker     d.u.i.k.n.KeyIO           MODE: declarations took 0 ms 
495136     INFO  Test worker     d.u.i.k.n.KeyIO           Parsing took 0 ms 
495136     INFO  Test worker     d.u.i.k.n.KeyIO           MODE: declarations took 0 ms 
495136     INFO  Test worker     d.u.i.k.n.KeyIO           Parsing took 0 ms 
495136     INFO  Test worker     d.u.i.k.n.KeyIO           MODE: declarations took 0 ms 
498627     INFO  Test worker     d.u.i.k.n.KeyIO           Parsing took 0 ms 
498627     INFO  Test worker     d.u.i.k.n.KeyIO           MODE: declarations took 0 ms 
498627     INFO  Test worker     d.u.i.k.n.KeyIO           Parsing took 0 ms 
498627     INFO  Test worker     d.u.i.k.n.KeyIO           MODE: declarations took 0 ms 
498627     INFO  Test worker     d.u.i.k.n.KeyIO           Parsing took 0 ms 
498627     INFO  Test worker     d.u.i.k.n.KeyIO           MODE: declarations took 0 ms 
498627     INFO  Test worker     d.u.i.k.n.KeyIO           Parsing took 0 ms 
498627     INFO  Test worker     d.u.i.k.n.KeyIO           MODE: declarations took 0 ms 
498627     INFO  Test worker     d.u.i.k.n.KeyIO           Parsing took 0 ms 
498627     INFO  Test worker     d.u.i.k.n.KeyIO           MODE: declarations took 0 ms 
]]></system-out>
  <system-err><![CDATA[]]></system-err>
</testsuite>
