<?xml version="1.0" encoding="UTF-8"?>
<testsuite name="de.uka.ilkd.key.testcase.smt.testgen.TestTestgen" tests="1" skipped="0" failures="0" errors="0" timestamp="2023-03-31T12:26:27" hostname="fv-az256-874" time="4.228">
  <properties/>
  <testcase name="testMiddle()" classname="de.uka.ilkd.key.testcase.smt.testgen.TestTestgen" time="4.228"/>
  <system-out><![CDATA[13727      WARN  Test worker     d.u.i.k.t.s.t.TestTestgen Warning: Z3_CE is not installed, tests skipped. 
13731      WARN  Test worker     d.u.i.k.t.s.t.TestTestgen Maybe use JVM system property "z3SolverPath" to define the path to the Z3 command. 
]]></system-out>
  <system-err><![CDATA[]]></system-err>
</testsuite>
