<?xml version="1.0" encoding="UTF-8"?>
<testsuite name="de.uka.ilkd.key.logic.TestTermLabelManager" tests="21" skipped="0" failures="0" errors="0" timestamp="2023-04-28T12:47:43" hostname="fv-az192-547" time="73.562">
  <properties/>
  <testcase name="testInstantiateLabels_directChildPolicies_allRules()" classname="de.uka.ilkd.key.logic.TestTermLabelManager" time="5.499"/>
  <testcase name="testInstantiateLabels_childAndGrandchildPolicies_ruleSpecific()" classname="de.uka.ilkd.key.logic.TestTermLabelManager" time="3.705"/>
  <testcase name="testParseLabel()" classname="de.uka.ilkd.key.logic.TestTermLabelManager" time="3.814"/>
  <testcase name="testrefactorGoal_childrenAndGrandchildren_ruleSpecific()" classname="de.uka.ilkd.key.logic.TestTermLabelManager" time="3.784"/>
  <testcase name="testrefactorGoal_directChildren_allRules()" classname="de.uka.ilkd.key.logic.TestTermLabelManager" time="3.814"/>
  <testcase name="testInstantiateLabels_childAndGrandchildPolicies_allRules()" classname="de.uka.ilkd.key.logic.TestTermLabelManager" time="3.829"/>
  <testcase name="testInstantiateLabels_taclet()" classname="de.uka.ilkd.key.logic.TestTermLabelManager" time="3.838"/>
  <testcase name="testrefactorGoal_none_ruleSpecific()" classname="de.uka.ilkd.key.logic.TestTermLabelManager" time="3.816"/>
  <testcase name="testInstantiateLabels_updates_ruleSpecific()" classname="de.uka.ilkd.key.logic.TestTermLabelManager" time="3.83"/>
  <testcase name="testrefactorGoal_sequent_ruleSpecific()" classname="de.uka.ilkd.key.logic.TestTermLabelManager" time="3.737"/>
  <testcase name="testInstantiateLabels_updates_allRules()" classname="de.uka.ilkd.key.logic.TestTermLabelManager" time="3.737"/>
  <testcase name="testrefactorGoal_sequent_allRules()" classname="de.uka.ilkd.key.logic.TestTermLabelManager" time="3.783"/>
  <testcase name="testrefactorGoal_childrenAndGrandchildren_allRules()" classname="de.uka.ilkd.key.logic.TestTermLabelManager" time="3.768"/>
  <testcase name="testGetTermLabelManager()" classname="de.uka.ilkd.key.logic.TestTermLabelManager" time="0.007"/>
  <testcase name="testInstantiateLabels_applicationTermPolicies()" classname="de.uka.ilkd.key.logic.TestTermLabelManager" time="3.73"/>
  <testcase name="testInstantiateLabels_modalityTermPolicies()" classname="de.uka.ilkd.key.logic.TestTermLabelManager" time="3.798"/>
  <testcase name="testrefactorGoal_none_allRules()" classname="de.uka.ilkd.key.logic.TestTermLabelManager" time="3.75"/>
  <testcase name="testInstantiateLabels_null()" classname="de.uka.ilkd.key.logic.TestTermLabelManager" time="0.0"/>
  <testcase name="testrefactorGoal_directChildren_ruleSpecific()" classname="de.uka.ilkd.key.logic.TestTermLabelManager" time="3.815"/>
  <testcase name="testInstantiateLabels_directChildPolicies_ruleSpecific()" classname="de.uka.ilkd.key.logic.TestTermLabelManager" time="3.782"/>
  <testcase name="testGetSupportedTermLabelNames()" classname="de.uka.ilkd.key.logic.TestTermLabelManager" time="3.705"/>
  <system-out><![CDATA[145399     INFO  Test worker     d.u.i.k.p.i.AbstractProblemLoader Loading environment from src\test\resources\testcase\termLabels\flatSteps\FlatSteps.java 
145399     DEBUG Test worker     d.u.i.k.p.i.AbstractProblemLoader Environment load took 275.9ns 
145399     INFO  Test worker     d.u.i.k.p.i.AbstractProblemLoader Creating init config 
145665     DEBUG Test worker     d.u.i.k.j.TypeConverter   No LDT found for Meta 
145665     DEBUG Test worker     d.u.i.k.j.TypeConverter   No LDT found for Meta 
145665     DEBUG Test worker     d.u.i.k.j.TypeConverter   No LDT found for Meta 
145665     DEBUG Test worker     d.u.i.k.j.TypeConverter   No LDT found for Meta 
146525     DEBUG Test worker     d.u.i.k.j.TypeConverter   No LDT found for JavaBigintExpression 
150886     DEBUG Test worker     d.u.i.k.p.i.AbstractProblemLoader Init config took 5.49s 
150902     INFO  Test worker     d.u.i.k.p.i.AbstractProblemLoader Loading environment from src\test\resources\testcase\termLabels\flatSteps\FlatSteps.java 
150902     DEBUG Test worker     d.u.i.k.p.i.AbstractProblemLoader Environment load took 758.1ns 
150902     INFO  Test worker     d.u.i.k.p.i.AbstractProblemLoader Creating init config 
154608     DEBUG Test worker     d.u.i.k.p.i.AbstractProblemLoader Init config took 3.7s 
154623     INFO  Test worker     d.u.i.k.p.i.AbstractProblemLoader Loading environment from src\test\resources\testcase\termLabels\flatSteps\FlatSteps.java 
154623     DEBUG Test worker     d.u.i.k.p.i.AbstractProblemLoader Environment load took 269.4ns 
154623     INFO  Test worker     d.u.i.k.p.i.AbstractProblemLoader Creating init config 
158422     DEBUG Test worker     d.u.i.k.p.i.AbstractProblemLoader Init config took 3.8s 
158438     INFO  Test worker     d.u.i.k.p.i.AbstractProblemLoader Loading environment from src\test\resources\testcase\termLabels\flatSteps\FlatSteps.java 
158438     DEBUG Test worker     d.u.i.k.p.i.AbstractProblemLoader Environment load took 287.9ns 
158438     INFO  Test worker     d.u.i.k.p.i.AbstractProblemLoader Creating init config 
162191     DEBUG Test worker     d.u.i.k.p.i.AbstractProblemLoader Init config took 3.75s 
162206     INFO  Test worker     d.u.i.k.p.i.AbstractProblemLoader Loading environment from src\test\resources\testcase\termLabels\flatSteps\FlatSteps.java 
162206     DEBUG Test worker     d.u.i.k.p.i.AbstractProblemLoader Environment load took 679.1ns 
162206     INFO  Test worker     d.u.i.k.p.i.AbstractProblemLoader Creating init config 
166021     DEBUG Test worker     d.u.i.k.p.i.AbstractProblemLoader Init config took 3.8s 
166021     INFO  Test worker     d.u.i.k.p.i.AbstractProblemLoader Loading environment from src\test\resources\testcase\termLabels\flatSteps\FlatSteps.java 
166021     DEBUG Test worker     d.u.i.k.p.i.AbstractProblemLoader Environment load took 642.1ns 
166037     INFO  Test worker     d.u.i.k.p.i.AbstractProblemLoader Creating init config 
169851     DEBUG Test worker     d.u.i.k.p.i.AbstractProblemLoader Init config took 3.82s 
169867     INFO  Test worker     d.u.i.k.p.i.AbstractProblemLoader Loading environment from src\test\resources\testcase\termLabels\flatSteps\FlatSteps.java 
169867     DEBUG Test worker     d.u.i.k.p.i.AbstractProblemLoader Environment load took 754.8ns 
169867     INFO  Test worker     d.u.i.k.p.i.AbstractProblemLoader Creating init config 
173697     DEBUG Test worker     d.u.i.k.p.i.AbstractProblemLoader Init config took 3.82s 
173697     INFO  Test worker     d.u.i.k.p.i.AbstractProblemLoader Loading environment from src\test\resources\testcase\termLabels\flatSteps\FlatSteps.java 
173697     DEBUG Test worker     d.u.i.k.p.i.AbstractProblemLoader Environment load took 642.1ns 
173697     INFO  Test worker     d.u.i.k.p.i.AbstractProblemLoader Creating init config 
177497     DEBUG Test worker     d.u.i.k.p.i.AbstractProblemLoader Init config took 3.8s 
177513     INFO  Test worker     d.u.i.k.p.i.AbstractProblemLoader Loading environment from src\test\resources\testcase\termLabels\flatSteps\FlatSteps.java 
177513     DEBUG Test worker     d.u.i.k.p.i.AbstractProblemLoader Environment load took 796.6ns 
177513     INFO  Test worker     d.u.i.k.p.i.AbstractProblemLoader Creating init config 
181343     DEBUG Test worker     d.u.i.k.p.i.AbstractProblemLoader Init config took 3.83s 
181359     INFO  Test worker     d.u.i.k.p.i.AbstractProblemLoader Loading environment from src\test\resources\testcase\termLabels\flatSteps\FlatSteps.java 
181359     DEBUG Test worker     d.u.i.k.p.i.AbstractProblemLoader Environment load took 607.6ns 
181359     INFO  Test worker     d.u.i.k.p.i.AbstractProblemLoader Creating init config 
185067     DEBUG Test worker     d.u.i.k.p.i.AbstractProblemLoader Init config took 3.72s 
185083     INFO  Test worker     d.u.i.k.p.i.AbstractProblemLoader Loading environment from src\test\resources\testcase\termLabels\flatSteps\FlatSteps.java 
185083     DEBUG Test worker     d.u.i.k.p.i.AbstractProblemLoader Environment load took 229.5ns 
185098     INFO  Test worker     d.u.i.k.p.i.AbstractProblemLoader Creating init config 
188821     DEBUG Test worker     d.u.i.k.p.i.AbstractProblemLoader Init config took 3.73s 
188821     INFO  Test worker     d.u.i.k.p.i.AbstractProblemLoader Loading environment from src\test\resources\testcase\termLabels\flatSteps\FlatSteps.java 
188821     DEBUG Test worker     d.u.i.k.p.i.AbstractProblemLoader Environment load took 639.9ns 
188837     INFO  Test worker     d.u.i.k.p.i.AbstractProblemLoader Creating init config 
192604     DEBUG Test worker     d.u.i.k.p.i.AbstractProblemLoader Init config took 3.77s 
192604     INFO  Test worker     d.u.i.k.p.i.AbstractProblemLoader Loading environment from src\test\resources\testcase\termLabels\flatSteps\FlatSteps.java 
192604     DEBUG Test worker     d.u.i.k.p.i.AbstractProblemLoader Environment load took 272.6ns 
192620     INFO  Test worker     d.u.i.k.p.i.AbstractProblemLoader Creating init config 
196357     DEBUG Test worker     d.u.i.k.p.i.AbstractProblemLoader Init config took 3.75s 
196388     INFO  Test worker     d.u.i.k.p.i.AbstractProblemLoader Loading environment from src\test\resources\testcase\termLabels\flatSteps\FlatSteps.java 
196388     DEBUG Test worker     d.u.i.k.p.i.AbstractProblemLoader Environment load took 3.82ms 
196388     INFO  Test worker     d.u.i.k.p.i.AbstractProblemLoader Creating init config 
200095     DEBUG Test worker     d.u.i.k.p.i.AbstractProblemLoader Init config took 3.71s 
200110     INFO  Test worker     d.u.i.k.p.i.AbstractProblemLoader Loading environment from src\test\resources\testcase\termLabels\flatSteps\FlatSteps.java 
200110     DEBUG Test worker     d.u.i.k.p.i.AbstractProblemLoader Environment load took 248.1ns 
200110     INFO  Test worker     d.u.i.k.p.i.AbstractProblemLoader Creating init config 
203894     DEBUG Test worker     d.u.i.k.p.i.AbstractProblemLoader Init config took 3.79s 
203909     INFO  Test worker     d.u.i.k.p.i.AbstractProblemLoader Loading environment from src\test\resources\testcase\termLabels\flatSteps\FlatSteps.java 
203909     DEBUG Test worker     d.u.i.k.p.i.AbstractProblemLoader Environment load took 183.7ns 
203909     INFO  Test worker     d.u.i.k.p.i.AbstractProblemLoader Creating init config 
207661     DEBUG Test worker     d.u.i.k.p.i.AbstractProblemLoader Init config took 3.74s 
207677     INFO  Test worker     d.u.i.k.p.i.AbstractProblemLoader Loading environment from src\test\resources\testcase\termLabels\flatSteps\FlatSteps.java 
207677     DEBUG Test worker     d.u.i.k.p.i.AbstractProblemLoader Environment load took 212.8ns 
207677     INFO  Test worker     d.u.i.k.p.i.AbstractProblemLoader Creating init config 
211461     DEBUG Test worker     d.u.i.k.p.i.AbstractProblemLoader Init config took 3.79s 
211477     INFO  Test worker     d.u.i.k.p.i.AbstractProblemLoader Loading environment from src\test\resources\testcase\termLabels\flatSteps\FlatSteps.java 
211477     DEBUG Test worker     d.u.i.k.p.i.AbstractProblemLoader Environment load took 639.1ns 
211477     INFO  Test worker     d.u.i.k.p.i.AbstractProblemLoader Creating init config 
215260     DEBUG Test worker     d.u.i.k.p.i.AbstractProblemLoader Init config took 3.77s 
215260     INFO  Test worker     d.u.i.k.p.i.AbstractProblemLoader Loading environment from src\test\resources\testcase\termLabels\flatSteps\FlatSteps.java 
215260     DEBUG Test worker     d.u.i.k.p.i.AbstractProblemLoader Environment load took 229.5ns 
215260     INFO  Test worker     d.u.i.k.p.i.AbstractProblemLoader Creating init config 
218965     DEBUG Test worker     d.u.i.k.p.i.AbstractProblemLoader Init config took 3.7s 
]]></system-out>
  <system-err><![CDATA[]]></system-err>
</testsuite>
