<?xml version="1.0" encoding="UTF-8"?>
<testsuite name="de.uka.ilkd.key.proof.TestOneStepSimplifier" tests="1" skipped="0" failures="0" errors="0" timestamp="2023-04-28T12:54:36" hostname="fv-az192-547" time="5.204">
  <properties/>
  <testcase name="loadWithRestriction()" classname="de.uka.ilkd.key.proof.TestOneStepSimplifier" time="5.204"/>
  <system-out><![CDATA[558932     INFO  Test worker     d.u.i.k.p.i.AbstractProblemLoader Loading environment from src\test\resources\testcase\ossRestriction.proof 
558932     DEBUG Test worker     d.u.i.k.p.i.AbstractProblemLoader Environment load took 540.3ns 
558948     INFO  Test worker     d.u.i.k.p.i.AbstractProblemLoader Creating init config 
559120     DEBUG Test worker     d.u.i.k.j.TypeConverter   No LDT found for Meta 
559120     DEBUG Test worker     d.u.i.k.j.TypeConverter   No LDT found for Meta 
559120     DEBUG Test worker     d.u.i.k.j.TypeConverter   No LDT found for Meta 
559120     DEBUG Test worker     d.u.i.k.j.TypeConverter   No LDT found for Meta 
559839     DEBUG Test worker     d.u.i.k.j.TypeConverter   No LDT found for JavaBigintExpression 
564091     DEBUG Test worker     d.u.i.k.p.i.AbstractProblemLoader Init config took 5.15s 
564138     INFO  Test worker     d.u.i.k.p.i.AbstractProblemLoader Replaying proof ossRestriction.proof 
564138     DEBUG Test worker     d.u.i.k.p.i.IntermediateProofReplayer Proof replay took 1.25ms 
]]></system-out>
  <system-err><![CDATA[]]></system-err>
</testsuite>
