<?xml version="1.0" encoding="UTF-8"?>
<testsuite name="de.uka.ilkd.key.parser.TestTermParserSorts" tests="2" skipped="0" failures="0" errors="0" timestamp="2023-04-28T12:54:32" hostname="fv-az192-547" time="3.823">
  <properties/>
  <testcase name="testParseIntegerArgs()" classname="de.uka.ilkd.key.parser.TestTermParserSorts" time="0.024"/>
  <testcase name="testParseSequencePrettySyntax()" classname="de.uka.ilkd.key.parser.TestTermParserSorts" time="0.003"/>
  <system-out><![CDATA[555065     INFO  Test worker     d.u.i.k.n.KeyIO           Parsing took 0 ms 
555065     DEBUG Test worker     d.u.i.k.n.KeyIO           Load declarations of de.uka.ilkd.key.nparser.KeyAst$File:  <unknown>:1#1 
555065     INFO  Test worker     d.u.i.k.n.KeyIO           MODE: declarations took 0 ms 
555065     DEBUG Test worker     d.u.i.k.n.KeyIO           MODE: 2nd degree decls took 0 
555065     INFO  Test worker     d.u.i.k.n.KeyIO           Parsing took 0 ms 
555065     DEBUG Test worker     d.u.i.k.n.KeyIO           Load declarations of de.uka.ilkd.key.nparser.KeyAst$File:  <unknown>:1#1 
555065     INFO  Test worker     d.u.i.k.n.KeyIO           MODE: declarations took 0 ms 
555065     DEBUG Test worker     d.u.i.k.n.KeyIO           MODE: 2nd degree decls took 0 
555065     INFO  Test worker     d.u.i.k.n.KeyIO           Parsing took 0 ms 
555065     DEBUG Test worker     d.u.i.k.n.KeyIO           Load declarations of de.uka.ilkd.key.nparser.KeyAst$File:  <unknown>:1#1 
555065     INFO  Test worker     d.u.i.k.n.KeyIO           MODE: declarations took 0 ms 
555080     DEBUG Test worker     d.u.i.k.n.KeyIO           MODE: 2nd degree decls took 0 
558885     INFO  Test worker     d.u.i.k.n.KeyIO           Parsing took 0 ms 
558885     DEBUG Test worker     d.u.i.k.n.KeyIO           Load declarations of de.uka.ilkd.key.nparser.KeyAst$File:  <unknown>:1#1 
558885     INFO  Test worker     d.u.i.k.n.KeyIO           MODE: declarations took 0 ms 
558885     DEBUG Test worker     d.u.i.k.n.KeyIO           MODE: 2nd degree decls took 0 
558885     INFO  Test worker     d.u.i.k.n.KeyIO           Parsing took 0 ms 
558885     DEBUG Test worker     d.u.i.k.n.KeyIO           Load declarations of de.uka.ilkd.key.nparser.KeyAst$File:  <unknown>:1#1 
558885     INFO  Test worker     d.u.i.k.n.KeyIO           MODE: declarations took 0 ms 
558885     DEBUG Test worker     d.u.i.k.n.KeyIO           MODE: 2nd degree decls took 0 
558885     INFO  Test worker     d.u.i.k.n.KeyIO           Parsing took 0 ms 
558885     DEBUG Test worker     d.u.i.k.n.KeyIO           Load declarations of de.uka.ilkd.key.nparser.KeyAst$File:  <unknown>:1#1 
558885     INFO  Test worker     d.u.i.k.n.KeyIO           MODE: declarations took 0 ms 
558885     DEBUG Test worker     d.u.i.k.n.KeyIO           MODE: 2nd degree decls took 0 
]]></system-out>
  <system-err><![CDATA[]]></system-err>
</testsuite>
