<?xml version="1.0" encoding="UTF-8"?>
<testsuite name="de.uka.ilkd.key.rule.loop.LoopScopeInvRuleTests" tests="1" skipped="0" failures="0" errors="0" timestamp="2023-04-28T12:55:12" hostname="fv-az192-547" time="6.648">
  <properties/>
  <testcase name="testDoAutomaticProofOfBenchmarkWithLabeledBreaksAndContinues()" classname="de.uka.ilkd.key.rule.loop.LoopScopeInvRuleTests" time="6.648"/>
  <system-out><![CDATA[594796     INFO  Test worker     d.u.i.k.p.i.AbstractProblemLoader Loading environment from src\test\resources\testcase\loopScopeInvRule\Test.key 
594796     DEBUG Test worker     d.u.i.k.p.i.AbstractProblemLoader Environment load took 213.2ns 
594796     INFO  Test worker     d.u.i.k.p.i.AbstractProblemLoader Creating init config 
594952     DEBUG Test worker     d.u.i.k.j.TypeConverter   No LDT found for Meta 
594952     DEBUG Test worker     d.u.i.k.j.TypeConverter   No LDT found for Meta 
594952     DEBUG Test worker     d.u.i.k.j.TypeConverter   No LDT found for Meta 
594952     DEBUG Test worker     d.u.i.k.j.TypeConverter   No LDT found for Meta 
595780     DEBUG Test worker     d.u.i.k.j.TypeConverter   No LDT found for JavaBigintExpression 
600517     DEBUG Test worker     d.u.i.k.p.i.AbstractProblemLoader Init config took 5.72s 
600579     INFO  Test worker     d.u.i.k.p.i.AbstractProblemLoader Replaying proof Test[Test::loopScopeRuleBenchmark(int,boolean)].JML normal_behavior operation contract.0 
600579     DEBUG Test worker     d.u.i.k.p.i.IntermediateProofReplayer Proof replay took 20.7ns 
]]></system-out>
  <system-err><![CDATA[]]></system-err>
</testsuite>
