<?xml version="1.0" encoding="UTF-8"?>
<testsuite name="de.uka.ilkd.key.taclettranslation.TestTacletTranslator" tests="5" skipped="0" failures="0" errors="0" timestamp="2023-04-28T13:03:11" hostname="fv-az192-547" time="0.026">
  <properties/>
  <testcase name="testPropositional1()" classname="de.uka.ilkd.key.taclettranslation.TestTacletTranslator" time="0.008"/>
  <testcase name="testPropositional2()" classname="de.uka.ilkd.key.taclettranslation.TestTacletTranslator" time="0.004"/>
  <testcase name="testNegativePolarity()" classname="de.uka.ilkd.key.taclettranslation.TestTacletTranslator" time="0.004"/>
  <testcase name="testNoPolarity()" classname="de.uka.ilkd.key.taclettranslation.TestTacletTranslator" time="0.004"/>
  <testcase name="testPositivePolarity()" classname="de.uka.ilkd.key.taclettranslation.TestTacletTranslator" time="0.004"/>
  <system-out><![CDATA[1073348    INFO  Test worker     d.u.i.k.n.KeyIO           Parsing took 0 ms 
1073348    DEBUG Test worker     d.u.i.k.n.KeyIO           Load declarations of de.uka.ilkd.key.nparser.KeyAst$File:  <unknown>:1#1 
1073348    INFO  Test worker     d.u.i.k.n.KeyIO           MODE: declarations took 0 ms 
1073348    DEBUG Test worker     d.u.i.k.n.KeyIO           MODE: 2nd degree decls took 0 
1073348    DEBUG Test worker     d.u.i.k.n.KeyIO           MODE: taclets took 0ms 
1073363    INFO  Test worker     d.u.i.k.n.KeyIO           Parsing took 0 ms 
1073363    DEBUG Test worker     d.u.i.k.n.KeyIO           Load declarations of de.uka.ilkd.key.nparser.KeyAst$File:  <unknown>:1#1 
1073363    INFO  Test worker     d.u.i.k.n.KeyIO           MODE: declarations took 0 ms 
1073363    DEBUG Test worker     d.u.i.k.n.KeyIO           MODE: 2nd degree decls took 0 
1073363    DEBUG Test worker     d.u.i.k.n.KeyIO           MODE: taclets took 0ms 
1073363    INFO  Test worker     d.u.i.k.n.KeyIO           Parsing took 0 ms 
1073363    DEBUG Test worker     d.u.i.k.n.KeyIO           Load declarations of de.uka.ilkd.key.nparser.KeyAst$File:  <unknown>:1#1 
1073363    INFO  Test worker     d.u.i.k.n.KeyIO           MODE: declarations took 0 ms 
1073363    DEBUG Test worker     d.u.i.k.n.KeyIO           MODE: 2nd degree decls took 0 
1073363    DEBUG Test worker     d.u.i.k.n.KeyIO           MODE: taclets took 0ms 
1073363    INFO  Test worker     d.u.i.k.n.KeyIO           Parsing took 0 ms 
1073363    DEBUG Test worker     d.u.i.k.n.KeyIO           Load declarations of de.uka.ilkd.key.nparser.KeyAst$File:  <unknown>:1#1 
1073363    INFO  Test worker     d.u.i.k.n.KeyIO           MODE: declarations took 0 ms 
1073363    DEBUG Test worker     d.u.i.k.n.KeyIO           MODE: 2nd degree decls took 0 
1073363    DEBUG Test worker     d.u.i.k.n.KeyIO           MODE: taclets took 0ms 
1073363    INFO  Test worker     d.u.i.k.n.KeyIO           Parsing took 0 ms 
1073363    DEBUG Test worker     d.u.i.k.n.KeyIO           Load declarations of de.uka.ilkd.key.nparser.KeyAst$File:  <unknown>:1#1 
1073379    INFO  Test worker     d.u.i.k.n.KeyIO           MODE: declarations took 16 ms 
1073379    DEBUG Test worker     d.u.i.k.n.KeyIO           MODE: 2nd degree decls took 0 
1073379    DEBUG Test worker     d.u.i.k.n.KeyIO           MODE: taclets took 0ms 
]]></system-out>
  <system-err><![CDATA[]]></system-err>
</testsuite>
