<?xml version="1.0" encoding="UTF-8"?>
<testsuite name="de.uka.ilkd.key.logic.TestLocalSymbols" tests="2" skipped="0" failures="0" errors="0" timestamp="2023-04-28T12:47:13" hostname="fv-az192-547" time="6.483">
  <properties/>
  <testcase name="testSkolemization()" classname="de.uka.ilkd.key.logic.TestLocalSymbols" time="0.05"/>
  <testcase name="testDoubleInstantiation()" classname="de.uka.ilkd.key.logic.TestLocalSymbols" time="6.432"/>
  <system-out><![CDATA[115864     DEBUG Test worker     d.u.i.k.p.m.ProofCorrectnessMgt No justification found for rule and_right 
115864     DEBUG Test worker     d.u.i.k.p.m.ProofCorrectnessMgt No justification found for rule or_right 
115864     DEBUG Test worker     d.u.i.k.p.m.ProofCorrectnessMgt No justification found for rule all_right 
115864     DEBUG Test worker     d.u.i.k.p.m.ProofCorrectnessMgt No justification found for rule all_right 
115864     DEBUG Test worker     d.u.i.k.p.m.ProofCorrectnessMgt No justification found for rule or_right 
115864     DEBUG Test worker     d.u.i.k.p.m.ProofCorrectnessMgt No justification found for rule all_right 
115864     DEBUG Test worker     d.u.i.k.p.m.ProofCorrectnessMgt No justification found for rule all_right 
115880     DEBUG Test worker     d.u.i.k.p.m.ProofCorrectnessMgt No justification found for rule and_right 
115880     DEBUG Test worker     d.u.i.k.p.m.ProofCorrectnessMgt No justification found for rule or_right 
115880     DEBUG Test worker     d.u.i.k.p.m.ProofCorrectnessMgt No justification found for rule all_right 
115880     DEBUG Test worker     d.u.i.k.p.m.ProofCorrectnessMgt No justification found for rule all_right 
115880     DEBUG Test worker     d.u.i.k.p.m.ProofCorrectnessMgt No justification found for rule or_right 
115880     DEBUG Test worker     d.u.i.k.p.m.ProofCorrectnessMgt No justification found for rule all_right 
115880     DEBUG Test worker     d.u.i.k.p.m.ProofCorrectnessMgt No justification found for rule all_right 
115927     INFO  Test worker     d.u.i.k.p.i.AbstractProblemLoader Loading environment from src\test\resources\testcase\localSymbols\doubleSkolem.key 
115927     DEBUG Test worker     d.u.i.k.p.i.AbstractProblemLoader Environment load took 947.6ns 
115927     INFO  Test worker     d.u.i.k.p.i.AbstractProblemLoader Creating init config 
116364     DEBUG Test worker     d.u.i.k.j.TypeConverter   No LDT found for Meta 
116364     DEBUG Test worker     d.u.i.k.j.TypeConverter   No LDT found for Meta 
116380     DEBUG Test worker     d.u.i.k.j.TypeConverter   No LDT found for Meta 
116380     DEBUG Test worker     d.u.i.k.j.TypeConverter   No LDT found for Meta 
117663     DEBUG Test worker     d.u.i.k.j.TypeConverter   No LDT found for JavaBigintExpression 
122055     DEBUG Test worker     d.u.i.k.p.i.AbstractProblemLoader Init config took 6.12s 
122118     INFO  Test worker     d.u.i.k.p.i.AbstractProblemLoader Replaying proof doubleSkolem.key 
122212     DEBUG Test worker     d.u.i.k.p.i.IntermediateProofReplayer Proof replay took 75.7ns 
122274     DEBUG Test worker     d.u.i.k.m.s.ProofScriptEngine 1: 'rule orRight' on goal 0 (script from line 2) 
122321     DEBUG Test worker     d.u.i.k.m.s.ProofScriptEngine 2: 'rule allRight formula='\forall int i; i > 0'' on goal 1 (script from line 3) 
122321     DEBUG Test worker     d.u.i.k.m.s.ProofScriptEngine 3: 'rule allRight formula='\forall int i; i < 0'' on goal 2 (script from line 4) 
]]></system-out>
  <system-err><![CDATA[]]></system-err>
</testsuite>
