<?xml version="1.0" encoding="UTF-8"?>
<testsuite name="de.uka.ilkd.key.parser.TestDeclParser" tests="14" skipped="2" failures="0" errors="0" timestamp="2023-04-28T12:49:56" hostname="fv-az192-547" time="14.34">
  <properties/>
  <testcase name="testGenericSortDecl1()" classname="de.uka.ilkd.key.parser.TestDeclParser" time="1.239"/>
  <testcase name="testGenericSortDecl2()" classname="de.uka.ilkd.key.parser.TestDeclParser" time="1.139"/>
  <testcase name="testGenericSortDecl3()" classname="de.uka.ilkd.key.parser.TestDeclParser" time="1.229"/>
  <testcase name="testGenericSortDecl4()" classname="de.uka.ilkd.key.parser.TestDeclParser" time="1.227"/>
  <testcase name="testGenericSortDecl5()" classname="de.uka.ilkd.key.parser.TestDeclParser" time="0.0">
    <skipped/>
  </testcase>
  <testcase name="testGenericSortDecl6()" classname="de.uka.ilkd.key.parser.TestDeclParser" time="1.213"/>
  <testcase name="testSortDecl()" classname="de.uka.ilkd.key.parser.TestDeclParser" time="1.123"/>
  <testcase name="testProxySortDecl()" classname="de.uka.ilkd.key.parser.TestDeclParser" time="1.227"/>
  <testcase name="testArrayDecl()" classname="de.uka.ilkd.key.parser.TestDeclParser" time="1.22"/>
  <testcase name="testAmbiguousDecls()" classname="de.uka.ilkd.key.parser.TestDeclParser" time="0.0">
    <skipped/>
  </testcase>
  <testcase name="testHeurDecl()" classname="de.uka.ilkd.key.parser.TestDeclParser" time="1.155"/>
  <testcase name="testFunctionDecl()" classname="de.uka.ilkd.key.parser.TestDeclParser" time="1.235"/>
  <testcase name="testPredicateDecl()" classname="de.uka.ilkd.key.parser.TestDeclParser" time="1.188"/>
  <testcase name="testSVDecl()" classname="de.uka.ilkd.key.parser.TestDeclParser" time="1.141"/>
  <system-out><![CDATA[280254     INFO  Test worker     d.u.i.k.n.KeyIO           Parsing took 0 ms 
280254     DEBUG Test worker     d.u.i.k.n.KeyIO           Load declarations of de.uka.ilkd.key.nparser.KeyAst$File:  <unknown>:1#1 
280254     INFO  Test worker     d.u.i.k.n.KeyIO           MODE: declarations took 0 ms 
280254     DEBUG Test worker     d.u.i.k.n.KeyIO           MODE: 2nd degree decls took 0 
280254     DEBUG Test worker     d.u.i.k.n.KeyIO           MODE: taclets took 0ms 
281396     INFO  Test worker     d.u.i.k.n.KeyIO           Parsing took 0 ms 
281396     DEBUG Test worker     d.u.i.k.n.KeyIO           Load declarations of de.uka.ilkd.key.nparser.KeyAst$File:  <unknown>:1#1 
281396     INFO  Test worker     d.u.i.k.n.KeyIO           MODE: declarations took 0 ms 
281396     DEBUG Test worker     d.u.i.k.n.KeyIO           MODE: 2nd degree decls took 0 
281396     DEBUG Test worker     d.u.i.k.n.KeyIO           MODE: taclets took 0ms 
282631     INFO  Test worker     d.u.i.k.n.KeyIO           Parsing took 0 ms 
282631     DEBUG Test worker     d.u.i.k.n.KeyIO           Load declarations of de.uka.ilkd.key.nparser.KeyAst$File:  <unknown>:1#1 
282631     INFO  Test worker     d.u.i.k.n.KeyIO           MODE: declarations took 0 ms 
282631     DEBUG Test worker     d.u.i.k.n.KeyIO           MODE: 2nd degree decls took 0 
282631     DEBUG Test worker     d.u.i.k.n.KeyIO           MODE: taclets took 0ms 
283850     INFO  Test worker     d.u.i.k.n.KeyIO           Parsing took 0 ms 
283850     DEBUG Test worker     d.u.i.k.n.KeyIO           Load declarations of de.uka.ilkd.key.nparser.KeyAst$File:  <unknown>:1#1 
283850     INFO  Test worker     d.u.i.k.n.KeyIO           MODE: declarations took 0 ms 
283850     DEBUG Test worker     d.u.i.k.n.KeyIO           MODE: 2nd degree decls took 0 
283850     DEBUG Test worker     d.u.i.k.n.KeyIO           MODE: taclets took 0ms 
285069     INFO  Test worker     d.u.i.k.n.KeyIO           Parsing took 0 ms 
285069     DEBUG Test worker     d.u.i.k.n.KeyIO           Load declarations of de.uka.ilkd.key.nparser.KeyAst$File:  <unknown>:1#1 
285069     INFO  Test worker     d.u.i.k.n.KeyIO           MODE: declarations took 0 ms 
285069     DEBUG Test worker     d.u.i.k.n.KeyIO           MODE: 2nd degree decls took 0 
285069     DEBUG Test worker     d.u.i.k.n.KeyIO           MODE: taclets took 0ms 
286195     INFO  Test worker     d.u.i.k.n.KeyIO           Parsing took 0 ms 
286195     DEBUG Test worker     d.u.i.k.n.KeyIO           Load declarations of de.uka.ilkd.key.nparser.KeyAst$File:  <unknown>:1#1 
286195     INFO  Test worker     d.u.i.k.n.KeyIO           MODE: declarations took 0 ms 
286195     DEBUG Test worker     d.u.i.k.n.KeyIO           MODE: 2nd degree decls took 0 
286195     DEBUG Test worker     d.u.i.k.n.KeyIO           MODE: taclets took 0ms 
287414     INFO  Test worker     d.u.i.k.n.KeyIO           Parsing took 0 ms 
287414     DEBUG Test worker     d.u.i.k.n.KeyIO           Load declarations of de.uka.ilkd.key.nparser.KeyAst$File:  <unknown>:1#1 
287414     INFO  Test worker     d.u.i.k.n.KeyIO           MODE: declarations took 0 ms 
287414     DEBUG Test worker     d.u.i.k.n.KeyIO           MODE: 2nd degree decls took 0 
287414     DEBUG Test worker     d.u.i.k.n.KeyIO           MODE: taclets took 0ms 
288633     INFO  Test worker     d.u.i.k.n.KeyIO           Parsing took 0 ms 
288633     DEBUG Test worker     d.u.i.k.n.KeyIO           Load declarations of de.uka.ilkd.key.nparser.KeyAst$File:  <unknown>:1#1 
288633     INFO  Test worker     d.u.i.k.n.KeyIO           MODE: declarations took 0 ms 
288633     DEBUG Test worker     d.u.i.k.n.KeyIO           MODE: 2nd degree decls took 0 
288633     DEBUG Test worker     d.u.i.k.n.KeyIO           MODE: taclets took 0ms 
289790     INFO  Test worker     d.u.i.k.n.KeyIO           Parsing took 0 ms 
289790     DEBUG Test worker     d.u.i.k.n.KeyIO           Load declarations of de.uka.ilkd.key.nparser.KeyAst$File:  <unknown>:1#1 
289790     INFO  Test worker     d.u.i.k.n.KeyIO           MODE: declarations took 0 ms 
289790     DEBUG Test worker     d.u.i.k.n.KeyIO           MODE: 2nd degree decls took 0 
289790     DEBUG Test worker     d.u.i.k.n.KeyIO           MODE: taclets took 0ms 
291025     INFO  Test worker     d.u.i.k.n.KeyIO           Parsing took 0 ms 
291025     DEBUG Test worker     d.u.i.k.n.KeyIO           Load declarations of de.uka.ilkd.key.nparser.KeyAst$File:  <unknown>:1#1 
291025     INFO  Test worker     d.u.i.k.n.KeyIO           MODE: declarations took 0 ms 
291025     DEBUG Test worker     d.u.i.k.n.KeyIO           MODE: 2nd degree decls took 0 
291025     DEBUG Test worker     d.u.i.k.n.KeyIO           MODE: taclets took 0ms 
292214     INFO  Test worker     d.u.i.k.n.KeyIO           Parsing took 0 ms 
292214     DEBUG Test worker     d.u.i.k.n.KeyIO           Load declarations of de.uka.ilkd.key.nparser.KeyAst$File:  <unknown>:1#1 
292214     INFO  Test worker     d.u.i.k.n.KeyIO           MODE: declarations took 0 ms 
292214     DEBUG Test worker     d.u.i.k.n.KeyIO           MODE: 2nd degree decls took 0 
292214     DEBUG Test worker     d.u.i.k.n.KeyIO           MODE: taclets took 0ms 
293355     INFO  Test worker     d.u.i.k.n.KeyIO           Parsing took 0 ms 
293355     DEBUG Test worker     d.u.i.k.n.KeyIO           Load declarations of de.uka.ilkd.key.nparser.KeyAst$File:  <unknown>:1#1 
293355     INFO  Test worker     d.u.i.k.n.KeyIO           MODE: declarations took 0 ms 
293355     DEBUG Test worker     d.u.i.k.n.KeyIO           MODE: 2nd degree decls took 0 
293355     DEBUG Test worker     d.u.i.k.n.KeyIO           MODE: taclets took 0ms 
]]></system-out>
  <system-err><![CDATA[]]></system-err>
</testsuite>
