<?xml version="1.0" encoding="UTF-8"?>
<testsuite name="de.uka.ilkd.key.parser.TestParser" tests="5" skipped="1" failures="0" errors="0" timestamp="2023-04-28T12:51:49" hostname="fv-az192-547" time="6.295">
  <properties/>
  <testcase name="testConstantEvaluationError()" classname="de.uka.ilkd.key.parser.TestParser" time="1.251"/>
  <testcase name="testGenericSort()" classname="de.uka.ilkd.key.parser.TestParser" time="0.004"/>
  <testcase name="testIssue1566()" classname="de.uka.ilkd.key.parser.TestParser" time="3.84"/>
  <testcase name="testIssue39()" classname="de.uka.ilkd.key.parser.TestParser" time="1.199"/>
  <testcase name="testRelativeInclude()" classname="de.uka.ilkd.key.parser.TestParser" time="0.001">
    <skipped/>
  </testcase>
  <system-out><![CDATA[391522     INFO  Test worker     d.u.i.k.p.i.AbstractProblemLoader Loading environment from src\test\resources\testcase\parserErrorTest\AssignToArray.java 
391522     DEBUG Test worker     d.u.i.k.p.i.AbstractProblemLoader Environment load took 137.3ns 
391522     INFO  Test worker     d.u.i.k.p.i.AbstractProblemLoader Creating init config 
392773     INFO  Test worker     d.u.i.k.n.KeyIO           Parsing took 0 ms 
392773     DEBUG Test worker     d.u.i.k.n.KeyIO           Load declarations of de.uka.ilkd.key.nparser.KeyAst$File:  <unknown>:1#1 
392773     INFO  Test worker     d.u.i.k.n.KeyIO           MODE: declarations took 0 ms 
392773     DEBUG Test worker     d.u.i.k.n.KeyIO           MODE: 2nd degree decls took 0 
392773     DEBUG Test worker     d.u.i.k.n.KeyIO           MODE: taclets took 0ms 
392773     INFO  Test worker     d.u.i.k.p.i.AbstractProblemLoader Loading environment from src\test\resources\testcase\issues\1566\a.key 
392773     DEBUG Test worker     d.u.i.k.p.i.AbstractProblemLoader Environment load took 164.9ns 
392773     INFO  Test worker     d.u.i.k.p.i.AbstractProblemLoader Creating init config 
396587     DEBUG Test worker     d.u.i.k.p.i.AbstractProblemLoader Init config took 3.81s 
396603     INFO  Test worker     d.u.i.k.p.i.AbstractProblemLoader Replaying proof a.key 
396603     DEBUG Test worker     d.u.i.k.p.i.IntermediateProofReplayer Proof replay took 10.3ns 
396603     INFO  Test worker     d.u.i.k.p.i.AbstractProblemLoader Loading environment from src\test\resources\testcase\issues\39\A.java 
396603     DEBUG Test worker     d.u.i.k.p.i.AbstractProblemLoader Environment load took 133.2ns 
396619     INFO  Test worker     d.u.i.k.p.i.AbstractProblemLoader Creating init config 
]]></system-out>
  <system-err><![CDATA[]]></system-err>
</testsuite>
