<?xml version="1.0" encoding="UTF-8"?>
<testsuite name="de.uka.ilkd.key.java.TestContextStatementBlock" tests="1" skipped="0" failures="0" errors="0" timestamp="2023-04-28T12:45:49" hostname="fv-az192-547" time="1.603">
  <properties/>
  <testcase name="testContextTermInstantiation()" classname="de.uka.ilkd.key.java.TestContextStatementBlock" time="1.603"/>
  <system-out><![CDATA[33158      INFO  Test worker     d.u.i.k.n.KeyIO           Parsing took 16 ms 
33158      DEBUG Test worker     d.u.i.k.n.KeyIO           Load declarations of de.uka.ilkd.key.nparser.KeyAst$File:  D:\a\key\key\key.core\src\test\resources\testcase\testrules.key:9#1 
33158      INFO  Test worker     d.u.i.k.n.KeyIO           MODE: declarations took 0 ms 
33158      DEBUG Test worker     d.u.i.k.n.KeyIO           MODE: 2nd degree decls took 0 
33314      DEBUG Test worker     d.u.i.k.n.KeyIO           MODE: taclets took 156ms 
]]></system-out>
  <system-err><![CDATA[]]></system-err>
</testsuite>
