<?xml version="1.0" encoding="UTF-8"?>
<testsuite name="de.uka.ilkd.key.parser.TestDeclParser" tests="14" skipped="2" failures="0" errors="0" timestamp="2023-04-04T00:45:01" hostname="fv-az167-563" time="10.881">
  <properties/>
  <testcase name="testGenericSortDecl1()" classname="de.uka.ilkd.key.parser.TestDeclParser" time="0.91"/>
  <testcase name="testGenericSortDecl2()" classname="de.uka.ilkd.key.parser.TestDeclParser" time="0.937"/>
  <testcase name="testGenericSortDecl3()" classname="de.uka.ilkd.key.parser.TestDeclParser" time="0.92"/>
  <testcase name="testGenericSortDecl4()" classname="de.uka.ilkd.key.parser.TestDeclParser" time="0.845"/>
  <testcase name="testGenericSortDecl5()" classname="de.uka.ilkd.key.parser.TestDeclParser" time="0.0">
    <skipped/>
  </testcase>
  <testcase name="testGenericSortDecl6()" classname="de.uka.ilkd.key.parser.TestDeclParser" time="0.952"/>
  <testcase name="testSortDecl()" classname="de.uka.ilkd.key.parser.TestDeclParser" time="0.919"/>
  <testcase name="testProxySortDecl()" classname="de.uka.ilkd.key.parser.TestDeclParser" time="0.847"/>
  <testcase name="testArrayDecl()" classname="de.uka.ilkd.key.parser.TestDeclParser" time="0.906"/>
  <testcase name="testAmbiguousDecls()" classname="de.uka.ilkd.key.parser.TestDeclParser" time="0.0">
    <skipped/>
  </testcase>
  <testcase name="testHeurDecl()" classname="de.uka.ilkd.key.parser.TestDeclParser" time="0.933"/>
  <testcase name="testFunctionDecl()" classname="de.uka.ilkd.key.parser.TestDeclParser" time="0.922"/>
  <testcase name="testPredicateDecl()" classname="de.uka.ilkd.key.parser.TestDeclParser" time="0.863"/>
  <testcase name="testSVDecl()" classname="de.uka.ilkd.key.parser.TestDeclParser" time="0.922"/>
  <system-out><![CDATA[212731     INFO  Test worker     d.u.i.k.n.KeyIO           Parsing took 0 ms 
212731     INFO  Test worker     d.u.i.k.n.KeyIO           MODE: declarations took 0 ms 
213669     INFO  Test worker     d.u.i.k.n.KeyIO           Parsing took 0 ms 
213669     INFO  Test worker     d.u.i.k.n.KeyIO           MODE: declarations took 0 ms 
214590     INFO  Test worker     d.u.i.k.n.KeyIO           Parsing took 0 ms 
214590     INFO  Test worker     d.u.i.k.n.KeyIO           MODE: declarations took 0 ms 
215438     INFO  Test worker     d.u.i.k.n.KeyIO           Parsing took 0 ms 
215438     INFO  Test worker     d.u.i.k.n.KeyIO           MODE: declarations took 0 ms 
216390     INFO  Test worker     d.u.i.k.n.KeyIO           Parsing took 0 ms 
216391     INFO  Test worker     d.u.i.k.n.KeyIO           MODE: declarations took 1 ms 
217310     INFO  Test worker     d.u.i.k.n.KeyIO           Parsing took 0 ms 
217310     INFO  Test worker     d.u.i.k.n.KeyIO           MODE: declarations took 0 ms 
218156     INFO  Test worker     d.u.i.k.n.KeyIO           Parsing took 0 ms 
218157     INFO  Test worker     d.u.i.k.n.KeyIO           MODE: declarations took 1 ms 
219062     INFO  Test worker     d.u.i.k.n.KeyIO           Parsing took 0 ms 
219062     INFO  Test worker     d.u.i.k.n.KeyIO           MODE: declarations took 0 ms 
219996     INFO  Test worker     d.u.i.k.n.KeyIO           Parsing took 0 ms 
219996     INFO  Test worker     d.u.i.k.n.KeyIO           MODE: declarations took 0 ms 
220918     INFO  Test worker     d.u.i.k.n.KeyIO           Parsing took 0 ms 
220918     INFO  Test worker     d.u.i.k.n.KeyIO           MODE: declarations took 0 ms 
221778     INFO  Test worker     d.u.i.k.n.KeyIO           Parsing took 0 ms 
221779     INFO  Test worker     d.u.i.k.n.KeyIO           MODE: declarations took 0 ms 
222701     INFO  Test worker     d.u.i.k.n.KeyIO           Parsing took 0 ms 
222701     INFO  Test worker     d.u.i.k.n.KeyIO           MODE: declarations took 0 ms 
]]></system-out>
  <system-err><![CDATA[]]></system-err>
</testsuite>
