<?xml version="1.0" encoding="UTF-8"?>
<testsuite name="de.uka.ilkd.key.parser.TestTermParser" tests="47" skipped="4" failures="0" errors="0" timestamp="2023-04-04T00:46:30" hostname="fv-az167-563" time="4.386">
  <properties/>
  <testcase name="testNotEqual()" classname="de.uka.ilkd.key.parser.TestTermParser" time="0.003"/>
  <testcase name="testProgramVariables()" classname="de.uka.ilkd.key.parser.TestTermParser" time="0.073"/>
  <testcase name="testAttributeWithSpecifiedSortOnObject()" classname="de.uka.ilkd.key.parser.TestTermParser" time="0.005"/>
  <testcase name="testCast()" classname="de.uka.ilkd.key.parser.TestTermParser" time="0.003"/>
  <testcase name="testJavaQueryAndAttribute_all()" classname="de.uka.ilkd.key.parser.TestTermParser" time="0.0">
    <skipped/>
  </testcase>
  <testcase name="test10()" classname="de.uka.ilkd.key.parser.TestTermParser" time="0.007"/>
  <testcase name="test11()" classname="de.uka.ilkd.key.parser.TestTermParser" time="0.006"/>
  <testcase name="test12()" classname="de.uka.ilkd.key.parser.TestTermParser" time="0.0">
    <skipped/>
  </testcase>
  <testcase name="test13()" classname="de.uka.ilkd.key.parser.TestTermParser" time="0.005"/>
  <testcase name="test14()" classname="de.uka.ilkd.key.parser.TestTermParser" time="0.004"/>
  <testcase name="test1a()" classname="de.uka.ilkd.key.parser.TestTermParser" time="0.002"/>
  <testcase name="testJavaAttributeAccess_4()" classname="de.uka.ilkd.key.parser.TestTermParser" time="0.003"/>
  <testcase name="testAttributeOnObject()" classname="de.uka.ilkd.key.parser.TestTermParser" time="0.002"/>
  <testcase name="testNegativeLiteralParsing1()" classname="de.uka.ilkd.key.parser.TestTermParser" time="0.001"/>
  <testcase name="testNegativeLiteralParsing2()" classname="de.uka.ilkd.key.parser.TestTermParser" time="0.001"/>
  <testcase name="testNegativeLiteralParsing3()" classname="de.uka.ilkd.key.parser.TestTermParser" time="0.002"/>
  <testcase name="xtestParsingArrayWithSpaces()" classname="de.uka.ilkd.key.parser.TestTermParser" time="0.0">
    <skipped/>
  </testcase>
  <testcase name="testAmbigiousFuncVarPred()" classname="de.uka.ilkd.key.parser.TestTermParser" time="0.0"/>
  <testcase name="test1()" classname="de.uka.ilkd.key.parser.TestTermParser" time="0.002"/>
  <testcase name="test2()" classname="de.uka.ilkd.key.parser.TestTermParser" time="0.002"/>
  <testcase name="test3()" classname="de.uka.ilkd.key.parser.TestTermParser" time="0.001"/>
  <testcase name="test5()" classname="de.uka.ilkd.key.parser.TestTermParser" time="0.001"/>
  <testcase name="test6()" classname="de.uka.ilkd.key.parser.TestTermParser" time="0.002"/>
  <testcase name="test7()" classname="de.uka.ilkd.key.parser.TestTermParser" time="0.002"/>
  <testcase name="test8()" classname="de.uka.ilkd.key.parser.TestTermParser" time="0.002"/>
  <testcase name="test9()" classname="de.uka.ilkd.key.parser.TestTermParser" time="0.001"/>
  <testcase name="testBindingUpdateTerm()" classname="de.uka.ilkd.key.parser.TestTermParser" time="0.001"/>
  <testcase name="testJavaStaticQuery()" classname="de.uka.ilkd.key.parser.TestTermParser" time="0.003"/>
  <testcase name="testInfix1()" classname="de.uka.ilkd.key.parser.TestTermParser" time="0.002"/>
  <testcase name="testInfix2()" classname="de.uka.ilkd.key.parser.TestTermParser" time="0.002"/>
  <testcase name="testInfix3()" classname="de.uka.ilkd.key.parser.TestTermParser" time="0.005"/>
  <testcase name="testInfix4()" classname="de.uka.ilkd.key.parser.TestTermParser" time="0.004"/>
  <testcase name="testIfThenElse()" classname="de.uka.ilkd.key.parser.TestTermParser" time="0.003"/>
  <testcase name="testJavaAttributeAccessBoth_1()" classname="de.uka.ilkd.key.parser.TestTermParser" time="0.003"/>
  <testcase name="testJavaAttributeAccessBoth_2()" classname="de.uka.ilkd.key.parser.TestTermParser" time="0.004"/>
  <testcase name="testJavaAttributeAccessBoth_3()" classname="de.uka.ilkd.key.parser.TestTermParser" time="0.003"/>
  <testcase name="testBindingUpdateTerm_1()" classname="de.uka.ilkd.key.parser.TestTermParser" time="0.003"/>
  <testcase name="testBindingUpdateTerm_3()" classname="de.uka.ilkd.key.parser.TestTermParser" time="0.004"/>
  <testcase name="testBindingUpdateTerm_4()" classname="de.uka.ilkd.key.parser.TestTermParser" time="0.001"/>
  <testcase name="testBindingUpdateTerm_5()" classname="de.uka.ilkd.key.parser.TestTermParser" time="0.002"/>
  <testcase name="testBindingUpdateTerm_6()" classname="de.uka.ilkd.key.parser.TestTermParser" time="0.002"/>
  <testcase name="testBindingUpdateTerm_7()" classname="de.uka.ilkd.key.parser.TestTermParser" time="0.001"/>
  <testcase name="testBindingUpdateTerm_8()" classname="de.uka.ilkd.key.parser.TestTermParser" time="0.003"/>
  <testcase name="testParsingArray()" classname="de.uka.ilkd.key.parser.TestTermParser" time="0.005"/>
  <testcase name="xtestBindingUpdateTermOldBindingAlternative()" classname="de.uka.ilkd.key.parser.TestTermParser" time="0.0">
    <skipped/>
  </testcase>
  <testcase name="testJavaStaticQueryWithParameter()" classname="de.uka.ilkd.key.parser.TestTermParser" time="0.004"/>
  <testcase name="testParsingArrayCombination()" classname="de.uka.ilkd.key.parser.TestTermParser" time="0.003"/>
  <system-out><![CDATA[300605     INFO  Test worker     d.u.i.k.n.KeyIO           Parsing took 1 ms 
300605     INFO  Test worker     d.u.i.k.n.KeyIO           MODE: declarations took 0 ms 
300607     WARN  Test worker     d.u.i.k.j.r.KeYCrossReferenceNameInfo Datatype T declared twice: Once in UNKNOWN:unknown and once in UNKNOWN:unknown, Keeping one from UNKNOWN:unknown 
300706     INFO  Test worker     d.u.i.k.n.KeyIO           Parsing took 0 ms 
300706     INFO  Test worker     d.u.i.k.n.KeyIO           MODE: declarations took 0 ms 
300779     WARN  Test worker     d.u.i.k.j.r.KeYCrossReferenceNameInfo Datatype T declared twice: Once in UNKNOWN:unknown and once in UNKNOWN:unknown, Keeping one from UNKNOWN:unknown 
300864     INFO  Test worker     d.u.i.k.n.KeyIO           Parsing took 0 ms 
300865     INFO  Test worker     d.u.i.k.n.KeyIO           MODE: declarations took 0 ms 
300869     WARN  Test worker     d.u.i.k.j.r.KeYCrossReferenceNameInfo Datatype T declared twice: Once in UNKNOWN:unknown and once in UNKNOWN:unknown, Keeping one from UNKNOWN:unknown 
300956     INFO  Test worker     d.u.i.k.n.KeyIO           Parsing took 1 ms 
300956     INFO  Test worker     d.u.i.k.n.KeyIO           MODE: declarations took 0 ms 
300968     WARN  Test worker     d.u.i.k.j.r.KeYCrossReferenceNameInfo Datatype T declared twice: Once in UNKNOWN:unknown and once in UNKNOWN:unknown, Keeping one from UNKNOWN:unknown 
301063     WARN  Test worker     d.u.i.k.j.r.KeYCrossReferenceNameInfo Datatype T declared twice: Once in UNKNOWN:unknown and once in UNKNOWN:unknown, Keeping one from UNKNOWN:unknown 
301150     INFO  Test worker     d.u.i.k.n.KeyIO           Parsing took 0 ms 
301151     INFO  Test worker     d.u.i.k.n.KeyIO           MODE: declarations took 1 ms 
301152     INFO  Test worker     d.u.i.k.p.TestTermParser  Out: \<{
  int x = 1;
  {
    int s = 2;
  }
}\> (equals(x,x)) 
301158     WARN  Test worker     d.u.i.k.j.r.KeYCrossReferenceNameInfo Datatype T declared twice: Once in UNKNOWN:unknown and once in UNKNOWN:unknown, Keeping one from UNKNOWN:unknown 
301254     INFO  Test worker     d.u.i.k.n.KeyIO           Parsing took 0 ms 
301255     INFO  Test worker     d.u.i.k.n.KeyIO           MODE: declarations took 0 ms 
301257     INFO  Test worker     d.u.i.k.p.TestTermParser  Out: \[{
  int x = 2;
  {
    String s = ""}";
  }
}\] (true) 
301259     WARN  Test worker     d.u.i.k.j.r.KeYCrossReferenceNameInfo Datatype T declared twice: Once in UNKNOWN:unknown and once in UNKNOWN:unknown, Keeping one from UNKNOWN:unknown 
301349     WARN  Test worker     d.u.i.k.j.r.KeYCrossReferenceNameInfo Datatype T declared twice: Once in UNKNOWN:unknown and once in UNKNOWN:unknown, Keeping one from UNKNOWN:unknown 
301437     INFO  Test worker     d.u.i.k.n.KeyIO           Parsing took 0 ms 
301437     INFO  Test worker     d.u.i.k.n.KeyIO           MODE: declarations took 0 ms 
301442     WARN  Test worker     d.u.i.k.j.r.KeYCrossReferenceNameInfo Datatype T declared twice: Once in UNKNOWN:unknown and once in UNKNOWN:unknown, Keeping one from UNKNOWN:unknown 
301532     INFO  Test worker     d.u.i.k.n.KeyIO           Parsing took 0 ms 
301533     INFO  Test worker     d.u.i.k.n.KeyIO           MODE: declarations took 1 ms 
301535     INFO  Test worker     d.u.i.k.p.TestTermParser  Out: \<{
  int[] i;
}\> (diamond(true)) 
301535     WARN  Test worker     d.u.i.k.j.r.KeYCrossReferenceNameInfo Datatype T declared twice: Once in UNKNOWN:unknown and once in UNKNOWN:unknown, Keeping one from UNKNOWN:unknown 
301629     INFO  Test worker     d.u.i.k.n.KeyIO           Parsing took 1 ms 
301629     INFO  Test worker     d.u.i.k.n.KeyIO           MODE: declarations took 0 ms 
301631     WARN  Test worker     d.u.i.k.j.r.KeYCrossReferenceNameInfo Datatype T declared twice: Once in UNKNOWN:unknown and once in UNKNOWN:unknown, Keeping one from UNKNOWN:unknown 
301722     INFO  Test worker     d.u.i.k.n.KeyIO           Parsing took 0 ms 
301722     INFO  Test worker     d.u.i.k.n.KeyIO           MODE: declarations took 0 ms 
301724     WARN  Test worker     d.u.i.k.j.r.KeYCrossReferenceNameInfo Datatype T declared twice: Once in UNKNOWN:unknown and once in UNKNOWN:unknown, Keeping one from UNKNOWN:unknown 
301813     INFO  Test worker     d.u.i.k.n.KeyIO           Parsing took 0 ms 
301814     INFO  Test worker     d.u.i.k.n.KeyIO           MODE: declarations took 1 ms 
301816     WARN  Test worker     d.u.i.k.j.r.KeYCrossReferenceNameInfo Datatype T declared twice: Once in UNKNOWN:unknown and once in UNKNOWN:unknown, Keeping one from UNKNOWN:unknown 
301905     INFO  Test worker     d.u.i.k.n.KeyIO           Parsing took 1 ms 
301905     INFO  Test worker     d.u.i.k.n.KeyIO           MODE: declarations took 0 ms 
301906     WARN  Test worker     d.u.i.k.j.r.KeYCrossReferenceNameInfo Datatype T declared twice: Once in UNKNOWN:unknown and once in UNKNOWN:unknown, Keeping one from UNKNOWN:unknown 
301996     INFO  Test worker     d.u.i.k.n.KeyIO           Parsing took 0 ms 
301996     INFO  Test worker     d.u.i.k.n.KeyIO           MODE: declarations took 0 ms 
301997     WARN  Test worker     d.u.i.k.j.r.KeYCrossReferenceNameInfo Datatype T declared twice: Once in UNKNOWN:unknown and once in UNKNOWN:unknown, Keeping one from UNKNOWN:unknown 
302086     INFO  Test worker     d.u.i.k.n.KeyIO           Parsing took 0 ms 
302086     INFO  Test worker     d.u.i.k.n.KeyIO           MODE: declarations took 0 ms 
302087     WARN  Test worker     d.u.i.k.j.r.KeYCrossReferenceNameInfo Datatype T declared twice: Once in UNKNOWN:unknown and once in UNKNOWN:unknown, Keeping one from UNKNOWN:unknown 
302176     WARN  Test worker     d.u.i.k.j.r.KeYCrossReferenceNameInfo Datatype T declared twice: Once in UNKNOWN:unknown and once in UNKNOWN:unknown, Keeping one from UNKNOWN:unknown 
302264     INFO  Test worker     d.u.i.k.n.KeyIO           Parsing took 0 ms 
302265     INFO  Test worker     d.u.i.k.n.KeyIO           MODE: declarations took 1 ms 
302265     WARN  Test worker     d.u.i.k.j.r.KeYCrossReferenceNameInfo Datatype T declared twice: Once in UNKNOWN:unknown and once in UNKNOWN:unknown, Keeping one from UNKNOWN:unknown 
302361     INFO  Test worker     d.u.i.k.n.KeyIO           Parsing took 0 ms 
302362     INFO  Test worker     d.u.i.k.n.KeyIO           MODE: declarations took 0 ms 
302363     WARN  Test worker     d.u.i.k.j.r.KeYCrossReferenceNameInfo Datatype T declared twice: Once in UNKNOWN:unknown and once in UNKNOWN:unknown, Keeping one from UNKNOWN:unknown 
302452     INFO  Test worker     d.u.i.k.n.KeyIO           Parsing took 0 ms 
302452     INFO  Test worker     d.u.i.k.n.KeyIO           MODE: declarations took 0 ms 
302454     WARN  Test worker     d.u.i.k.j.r.KeYCrossReferenceNameInfo Datatype T declared twice: Once in UNKNOWN:unknown and once in UNKNOWN:unknown, Keeping one from UNKNOWN:unknown 
302542     INFO  Test worker     d.u.i.k.n.KeyIO           Parsing took 0 ms 
302542     INFO  Test worker     d.u.i.k.n.KeyIO           MODE: declarations took 0 ms 
302543     WARN  Test worker     d.u.i.k.j.r.KeYCrossReferenceNameInfo Datatype T declared twice: Once in UNKNOWN:unknown and once in UNKNOWN:unknown, Keeping one from UNKNOWN:unknown 
302632     INFO  Test worker     d.u.i.k.n.KeyIO           Parsing took 0 ms 
302632     INFO  Test worker     d.u.i.k.n.KeyIO           MODE: declarations took 0 ms 
302634     WARN  Test worker     d.u.i.k.j.r.KeYCrossReferenceNameInfo Datatype T declared twice: Once in UNKNOWN:unknown and once in UNKNOWN:unknown, Keeping one from UNKNOWN:unknown 
302720     INFO  Test worker     d.u.i.k.n.KeyIO           Parsing took 0 ms 
302720     INFO  Test worker     d.u.i.k.n.KeyIO           MODE: declarations took 0 ms 
302721     WARN  Test worker     d.u.i.k.j.r.KeYCrossReferenceNameInfo Datatype T declared twice: Once in UNKNOWN:unknown and once in UNKNOWN:unknown, Keeping one from UNKNOWN:unknown 
302806     INFO  Test worker     d.u.i.k.n.KeyIO           Parsing took 0 ms 
302806     INFO  Test worker     d.u.i.k.n.KeyIO           MODE: declarations took 0 ms 
302808     WARN  Test worker     d.u.i.k.j.r.KeYCrossReferenceNameInfo Datatype T declared twice: Once in UNKNOWN:unknown and once in UNKNOWN:unknown, Keeping one from UNKNOWN:unknown 
302893     INFO  Test worker     d.u.i.k.n.KeyIO           Parsing took 0 ms 
302893     INFO  Test worker     d.u.i.k.n.KeyIO           MODE: declarations took 0 ms 
302894     WARN  Test worker     d.u.i.k.j.r.KeYCrossReferenceNameInfo Datatype T declared twice: Once in UNKNOWN:unknown and once in UNKNOWN:unknown, Keeping one from UNKNOWN:unknown 
302979     INFO  Test worker     d.u.i.k.n.KeyIO           Parsing took 0 ms 
302980     INFO  Test worker     d.u.i.k.n.KeyIO           MODE: declarations took 1 ms 
302981     WARN  Test worker     d.u.i.k.j.r.KeYCrossReferenceNameInfo Datatype T declared twice: Once in UNKNOWN:unknown and once in UNKNOWN:unknown, Keeping one from UNKNOWN:unknown 
303066     INFO  Test worker     d.u.i.k.n.KeyIO           Parsing took 0 ms 
303067     INFO  Test worker     d.u.i.k.n.KeyIO           MODE: declarations took 1 ms 
303068     WARN  Test worker     d.u.i.k.j.r.KeYCrossReferenceNameInfo Datatype T declared twice: Once in UNKNOWN:unknown and once in UNKNOWN:unknown, Keeping one from UNKNOWN:unknown 
303153     INFO  Test worker     d.u.i.k.n.KeyIO           Parsing took 0 ms 
303153     INFO  Test worker     d.u.i.k.n.KeyIO           MODE: declarations took 0 ms 
303156     WARN  Test worker     d.u.i.k.j.r.KeYCrossReferenceNameInfo Datatype T declared twice: Once in UNKNOWN:unknown and once in UNKNOWN:unknown, Keeping one from UNKNOWN:unknown 
303241     INFO  Test worker     d.u.i.k.n.KeyIO           Parsing took 0 ms 
303241     INFO  Test worker     d.u.i.k.n.KeyIO           MODE: declarations took 0 ms 
303242     WARN  Test worker     d.u.i.k.j.r.KeYCrossReferenceNameInfo Datatype T declared twice: Once in UNKNOWN:unknown and once in UNKNOWN:unknown, Keeping one from UNKNOWN:unknown 
303332     INFO  Test worker     d.u.i.k.n.KeyIO           Parsing took 0 ms 
303333     INFO  Test worker     d.u.i.k.n.KeyIO           MODE: declarations took 1 ms 
303335     WARN  Test worker     d.u.i.k.j.r.KeYCrossReferenceNameInfo Datatype T declared twice: Once in UNKNOWN:unknown and once in UNKNOWN:unknown, Keeping one from UNKNOWN:unknown 
303419     INFO  Test worker     d.u.i.k.n.KeyIO           Parsing took 0 ms 
303419     INFO  Test worker     d.u.i.k.n.KeyIO           MODE: declarations took 0 ms 
303425     WARN  Test worker     d.u.i.k.j.r.KeYCrossReferenceNameInfo Datatype T declared twice: Once in UNKNOWN:unknown and once in UNKNOWN:unknown, Keeping one from UNKNOWN:unknown 
303522     INFO  Test worker     d.u.i.k.n.KeyIO           Parsing took 0 ms 
303523     INFO  Test worker     d.u.i.k.n.KeyIO           MODE: declarations took 1 ms 
303526     WARN  Test worker     d.u.i.k.j.r.KeYCrossReferenceNameInfo Datatype T declared twice: Once in UNKNOWN:unknown and once in UNKNOWN:unknown, Keeping one from UNKNOWN:unknown 
303617     INFO  Test worker     d.u.i.k.n.KeyIO           Parsing took 1 ms 
303617     INFO  Test worker     d.u.i.k.n.KeyIO           MODE: declarations took 0 ms 
303620     WARN  Test worker     d.u.i.k.j.r.KeYCrossReferenceNameInfo Datatype T declared twice: Once in UNKNOWN:unknown and once in UNKNOWN:unknown, Keeping one from UNKNOWN:unknown 
303724     INFO  Test worker     d.u.i.k.n.KeyIO           Parsing took 0 ms 
303725     INFO  Test worker     d.u.i.k.n.KeyIO           MODE: declarations took 1 ms 
303728     WARN  Test worker     d.u.i.k.j.r.KeYCrossReferenceNameInfo Datatype T declared twice: Once in UNKNOWN:unknown and once in UNKNOWN:unknown, Keeping one from UNKNOWN:unknown 
303818     INFO  Test worker     d.u.i.k.n.KeyIO           Parsing took 0 ms 
303819     INFO  Test worker     d.u.i.k.n.KeyIO           MODE: declarations took 1 ms 
303822     WARN  Test worker     d.u.i.k.j.r.KeYCrossReferenceNameInfo Datatype T declared twice: Once in UNKNOWN:unknown and once in UNKNOWN:unknown, Keeping one from UNKNOWN:unknown 
303911     INFO  Test worker     d.u.i.k.n.KeyIO           Parsing took 0 ms 
303911     INFO  Test worker     d.u.i.k.n.KeyIO           MODE: declarations took 0 ms 
303914     WARN  Test worker     d.u.i.k.j.r.KeYCrossReferenceNameInfo Datatype T declared twice: Once in UNKNOWN:unknown and once in UNKNOWN:unknown, Keeping one from UNKNOWN:unknown 
304007     INFO  Test worker     d.u.i.k.n.KeyIO           Parsing took 0 ms 
304007     INFO  Test worker     d.u.i.k.n.KeyIO           MODE: declarations took 0 ms 
304010     WARN  Test worker     d.u.i.k.j.r.KeYCrossReferenceNameInfo Datatype T declared twice: Once in UNKNOWN:unknown and once in UNKNOWN:unknown, Keeping one from UNKNOWN:unknown 
304100     INFO  Test worker     d.u.i.k.n.KeyIO           Parsing took 0 ms 
304101     INFO  Test worker     d.u.i.k.n.KeyIO           MODE: declarations took 0 ms 
304104     WARN  Test worker     d.u.i.k.j.r.KeYCrossReferenceNameInfo Datatype T declared twice: Once in UNKNOWN:unknown and once in UNKNOWN:unknown, Keeping one from UNKNOWN:unknown 
304193     INFO  Test worker     d.u.i.k.n.KeyIO           Parsing took 0 ms 
304193     INFO  Test worker     d.u.i.k.n.KeyIO           MODE: declarations took 0 ms 
304194     WARN  Test worker     d.u.i.k.j.r.KeYCrossReferenceNameInfo Datatype T declared twice: Once in UNKNOWN:unknown and once in UNKNOWN:unknown, Keeping one from UNKNOWN:unknown 
304282     INFO  Test worker     d.u.i.k.n.KeyIO           Parsing took 0 ms 
304282     INFO  Test worker     d.u.i.k.n.KeyIO           MODE: declarations took 0 ms 
304284     WARN  Test worker     d.u.i.k.j.r.KeYCrossReferenceNameInfo Datatype T declared twice: Once in UNKNOWN:unknown and once in UNKNOWN:unknown, Keeping one from UNKNOWN:unknown 
304428     INFO  Test worker     d.u.i.k.n.KeyIO           Parsing took 1 ms 
304428     INFO  Test worker     d.u.i.k.n.KeyIO           MODE: declarations took 0 ms 
304430     WARN  Test worker     d.u.i.k.j.r.KeYCrossReferenceNameInfo Datatype T declared twice: Once in UNKNOWN:unknown and once in UNKNOWN:unknown, Keeping one from UNKNOWN:unknown 
304518     INFO  Test worker     d.u.i.k.n.KeyIO           Parsing took 0 ms 
304518     INFO  Test worker     d.u.i.k.n.KeyIO           MODE: declarations took 0 ms 
304520     WARN  Test worker     d.u.i.k.j.r.KeYCrossReferenceNameInfo Datatype T declared twice: Once in UNKNOWN:unknown and once in UNKNOWN:unknown, Keeping one from UNKNOWN:unknown 
304610     INFO  Test worker     d.u.i.k.n.KeyIO           Parsing took 0 ms 
304611     INFO  Test worker     d.u.i.k.n.KeyIO           MODE: declarations took 1 ms 
304612     WARN  Test worker     d.u.i.k.j.r.KeYCrossReferenceNameInfo Datatype T declared twice: Once in UNKNOWN:unknown and once in UNKNOWN:unknown, Keeping one from UNKNOWN:unknown 
304702     INFO  Test worker     d.u.i.k.n.KeyIO           Parsing took 0 ms 
304702     INFO  Test worker     d.u.i.k.n.KeyIO           MODE: declarations took 0 ms 
304707     WARN  Test worker     d.u.i.k.j.r.KeYCrossReferenceNameInfo Datatype T declared twice: Once in UNKNOWN:unknown and once in UNKNOWN:unknown, Keeping one from UNKNOWN:unknown 
304798     WARN  Test worker     d.u.i.k.j.r.KeYCrossReferenceNameInfo Datatype T declared twice: Once in UNKNOWN:unknown and once in UNKNOWN:unknown, Keeping one from UNKNOWN:unknown 
304889     INFO  Test worker     d.u.i.k.n.KeyIO           Parsing took 0 ms 
304889     INFO  Test worker     d.u.i.k.n.KeyIO           MODE: declarations took 0 ms 
304892     WARN  Test worker     d.u.i.k.j.r.KeYCrossReferenceNameInfo Datatype T declared twice: Once in UNKNOWN:unknown and once in UNKNOWN:unknown, Keeping one from UNKNOWN:unknown 
304986     INFO  Test worker     d.u.i.k.n.KeyIO           Parsing took 0 ms 
304987     INFO  Test worker     d.u.i.k.n.KeyIO           MODE: declarations took 1 ms 
]]></system-out>
  <system-err><![CDATA[]]></system-err>
</testsuite>
