<?xml version="1.0" encoding="UTF-8"?>
<testsuite name="de.uka.ilkd.key.logic.TestSyntacticalReplaceVisitor" tests="2" skipped="0" failures="0" errors="0" timestamp="2023-03-13T21:31:30" hostname="fv-az397-934" time="0.007">
  <properties/>
  <testcase name="testSubstitutionReplacement()" classname="de.uka.ilkd.key.logic.TestSyntacticalReplaceVisitor" time="0.002"/>
  <testcase name="test1()" classname="de.uka.ilkd.key.logic.TestSyntacticalReplaceVisitor" time="0.004"/>
  <system-out><![CDATA[]]></system-out>
  <system-err><![CDATA[]]></system-err>
</testsuite>
