<?xml version="1.0" encoding="UTF-8"?>
<testsuite name="de.uka.ilkd.key.rule.merge.MergeRuleTests" tests="11" skipped="0" failures="0" errors="0" timestamp="2023-03-13T21:36:19" hostname="fv-az397-934" time="59.583">
  <properties/>
  <testcase name="testDoManualGcdProof()" classname="de.uka.ilkd.key.rule.merge.MergeRuleTests" time="17.157"/>
  <testcase name="testLoadProofWithDiffVarsWithSameNameAndMPS()" classname="de.uka.ilkd.key.rule.merge.MergeRuleTests" time="2.639"/>
  <testcase name="testDoAutomaticGcdProofWithMergePointStatementAndBlockContract()" classname="de.uka.ilkd.key.rule.merge.MergeRuleTests" time="9.788"/>
  <testcase name="testLoadGcdProofWithPredAbstrAndUserChoices()" classname="de.uka.ilkd.key.rule.merge.MergeRuleTests" time="3.037"/>
  <testcase name="testLoadGcdProofWithPredAbstr()" classname="de.uka.ilkd.key.rule.merge.MergeRuleTests" time="3.288"/>
  <testcase name="testMergeThreeIndistinguishablePathConditionsWithITE()" classname="de.uka.ilkd.key.rule.merge.MergeRuleTests" time="2.413"/>
  <testcase name="testMergeIndistinguishablePathConditionsWithFullAnonymization()" classname="de.uka.ilkd.key.rule.merge.MergeRuleTests" time="2.347"/>
  <testcase name="testLoadClosedGcdProofWithMergePointStatements()" classname="de.uka.ilkd.key.rule.merge.MergeRuleTests" time="3.407"/>
  <testcase name="testMergeIndistinguishablePathConditionsWithITE()" classname="de.uka.ilkd.key.rule.merge.MergeRuleTests" time="2.365"/>
  <testcase name="testDoAutomaticGcdProofWithMergePointStatements()" classname="de.uka.ilkd.key.rule.merge.MergeRuleTests" time="9.883"/>
  <testcase name="testLoadGcdProof()" classname="de.uka.ilkd.key.rule.merge.MergeRuleTests" time="3.257"/>
  <system-out><![CDATA[]]></system-out>
  <system-err><![CDATA[]]></system-err>
</testsuite>
