<?xml version="1.0" encoding="UTF-8"?>
<testsuite name="de.uka.ilkd.key.macros.scripts.TestProofScriptCommand" tests="7" skipped="0" failures="0" errors="0" timestamp="2023-03-13T21:32:33" hostname="fv-az397-934" time="16.396">
  <properties/>
  <testcase name="[1] unhide2.props, /home/runner/work/key/key/key.core/build/resources/test/de/uka/ilkd/key/macros/scripts/cases/unhide2.props" classname="de.uka.ilkd.key.macros.scripts.TestProofScriptCommand" time="2.336"/>
  <testcase name="[2] selectFormula.props, /home/runner/work/key/key/key.core/build/resources/test/de/uka/ilkd/key/macros/scripts/cases/selectFormula.props" classname="de.uka.ilkd.key.macros.scripts.TestProofScriptCommand" time="2.313"/>
  <testcase name="[3] unhide.props, /home/runner/work/key/key/key.core/build/resources/test/de/uka/ilkd/key/macros/scripts/cases/unhide.props" classname="de.uka.ilkd.key.macros.scripts.TestProofScriptCommand" time="2.336"/>
  <testcase name="[4] hide.exc.props, /home/runner/work/key/key/key.core/build/resources/test/de/uka/ilkd/key/macros/scripts/cases/hide.exc.props" classname="de.uka.ilkd.key.macros.scripts.TestProofScriptCommand" time="2.378"/>
  <testcase name="[5] rule.exc.props, /home/runner/work/key/key/key.core/build/resources/test/de/uka/ilkd/key/macros/scripts/cases/rule.exc.props" classname="de.uka.ilkd.key.macros.scripts.TestProofScriptCommand" time="2.355"/>
  <testcase name="[6] andRight.props, /home/runner/work/key/key/key.core/build/resources/test/de/uka/ilkd/key/macros/scripts/cases/andRight.props" classname="de.uka.ilkd.key.macros.scripts.TestProofScriptCommand" time="2.295"/>
  <testcase name="[7] hide.props, /home/runner/work/key/key/key.core/build/resources/test/de/uka/ilkd/key/macros/scripts/cases/hide.props" classname="de.uka.ilkd.key.macros.scripts.TestProofScriptCommand" time="2.378"/>
  <system-out><![CDATA[]]></system-out>
  <system-err><![CDATA[]]></system-err>
</testsuite>
