<?xml version="1.0" encoding="UTF-8"?>
<testsuite name="de.uka.ilkd.key.util.TestLexicographicComparator" tests="1" skipped="0" failures="0" errors="0" timestamp="2023-03-31T15:14:31" hostname="fv-az553-378" time="0.001">
  <properties/>
  <testcase name="testCompareInt()" classname="de.uka.ilkd.key.util.TestLexicographicComparator" time="0.001"/>
  <system-out><![CDATA[]]></system-out>
  <system-err><![CDATA[]]></system-err>
</testsuite>
