<?xml version="1.0" encoding="UTF-8"?>
<testsuite name="org.key_project.util.testcase.java.IntegerUtilTest" tests="1" skipped="0" failures="0" errors="0" timestamp="2023-05-02T18:37:33" hostname="fv-az1230-668" time="0.005">
  <properties/>
  <testcase name="testFactorial()" classname="org.key_project.util.testcase.java.IntegerUtilTest" time="0.005"/>
  <system-out><![CDATA[]]></system-out>
  <system-err><![CDATA[]]></system-err>
</testsuite>
