<?xml version="1.0" encoding="UTF-8"?>
<testsuite name="org.key_project.util.testcase.bitops.TestFixedLengthBitSet" tests="6" skipped="0" failures="0" errors="0" timestamp="2023-05-02T18:37:33" hostname="fv-az1230-668" time="0.016">
  <properties/>
  <testcase name="testIncrementation()" classname="org.key_project.util.testcase.bitops.TestFixedLengthBitSet" time="0.003"/>
  <testcase name="testSetTooLargeNumber()" classname="org.key_project.util.testcase.bitops.TestFixedLengthBitSet" time="0.001"/>
  <testcase name="testConversion()" classname="org.key_project.util.testcase.bitops.TestFixedLengthBitSet" time="0.001"/>
  <testcase name="testnegativeNumber()" classname="org.key_project.util.testcase.bitops.TestFixedLengthBitSet" time="0.001"/>
  <testcase name="testNumOfZeroBits()" classname="org.key_project.util.testcase.bitops.TestFixedLengthBitSet" time="0.004"/>
  <testcase name="testNonzeroPositions()" classname="org.key_project.util.testcase.bitops.TestFixedLengthBitSet" time="0.001"/>
  <system-out><![CDATA[]]></system-out>
  <system-err><![CDATA[]]></system-err>
</testsuite>
