<?xml version="1.0" encoding="UTF-8"?>
<testsuite name="de.uka.ilkd.key.proof.TestOneStepSimplifier" tests="1" skipped="0" failures="0" errors="0" timestamp="2023-05-15T07:01:30" hostname="fv-az277-519" time="4.804">
  <properties/>
  <testcase name="loadWithRestriction()" classname="de.uka.ilkd.key.proof.TestOneStepSimplifier" time="4.804"/>
  <system-out><![CDATA[538859     INFO  Test worker     d.u.i.k.p.i.AbstractProblemLoader Loading environment from src\test\resources\testcase\ossRestriction.proof 
538859     DEBUG Test worker     d.u.i.k.p.i.AbstractProblemLoader Environment load took 188.3ns 
538859     INFO  Test worker     d.u.i.k.p.i.AbstractProblemLoader Creating init config 
539030     DEBUG Test worker     d.u.i.k.j.TypeConverter   No LDT found for Meta 
539046     DEBUG Test worker     d.u.i.k.j.TypeConverter   No LDT found for Meta 
539047     DEBUG Test worker     d.u.i.k.j.TypeConverter   No LDT found for Meta 
539047     DEBUG Test worker     d.u.i.k.j.TypeConverter   No LDT found for Meta 
539703     DEBUG Test worker     d.u.i.k.j.TypeConverter   No LDT found for JavaBigintExpression 
543613     DEBUG Test worker     d.u.i.k.p.i.AbstractProblemLoader Init config took 4.75s 
543644     INFO  Test worker     d.u.i.k.p.i.AbstractProblemLoader Replaying proof ossRestriction.proof 
543659     DEBUG Test worker     d.u.i.k.p.i.IntermediateProofReplayer Proof replay took 3.5ms 
]]></system-out>
  <system-err><![CDATA[]]></system-err>
</testsuite>
