<?xml version="1.0" encoding="UTF-8"?>
<testsuite name="de.uka.ilkd.key.rule.merge.PredicateAbstractionLatticeTests" tests="3" skipped="0" failures="0" errors="0" timestamp="2023-05-15T07:04:07" hostname="fv-az277-519" time="6.987">
  <properties/>
  <testcase name="testToAndFromString()" classname="de.uka.ilkd.key.rule.merge.PredicateAbstractionLatticeTests" time="3.61"/>
  <testcase name="testCreateSignLatticeWithPredicates()" classname="de.uka.ilkd.key.rule.merge.PredicateAbstractionLatticeTests" time="3.376"/>
  <testcase name="testTrivialPredicatesLattice()" classname="de.uka.ilkd.key.rule.merge.PredicateAbstractionLatticeTests" time="0.001"/>
  <system-out><![CDATA[696537     INFO  Test worker     d.u.i.k.p.i.AbstractProblemLoader Loading environment from src\test\resources\testcase\merge\dummy.key 
696537     DEBUG Test worker     d.u.i.k.p.i.AbstractProblemLoader Environment load took 114.1ns 
696537     INFO  Test worker     d.u.i.k.p.i.AbstractProblemLoader Creating init config 
700132     DEBUG Test worker     d.u.i.k.p.i.AbstractProblemLoader Init config took 3.59s 
700148     INFO  Test worker     d.u.i.k.p.i.AbstractProblemLoader Replaying proof dummy.key 
700148     DEBUG Test worker     d.u.i.k.p.i.IntermediateProofReplayer Proof replay took 62.8ns 
700148     INFO  Test worker     d.u.i.k.p.i.AbstractProblemLoader Loading environment from src\test\resources\testcase\merge\dummy.key 
700148     DEBUG Test worker     d.u.i.k.p.i.AbstractProblemLoader Environment load took 227.3ns 
700148     INFO  Test worker     d.u.i.k.p.i.AbstractProblemLoader Creating init config 
703493     DEBUG Test worker     d.u.i.k.p.i.AbstractProblemLoader Init config took 3.34s 
703508     INFO  Test worker     d.u.i.k.p.i.AbstractProblemLoader Replaying proof dummy.key 
703508     DEBUG Test worker     d.u.i.k.p.i.IntermediateProofReplayer Proof replay took 15.1ns 
]]></system-out>
  <system-err><![CDATA[]]></system-err>
</testsuite>
