<?xml version="1.0" encoding="UTF-8"?>
<testsuite name="de.uka.ilkd.key.util.TestProofStarter" tests="2" skipped="0" failures="0" errors="0" timestamp="2023-05-15T07:09:34" hostname="fv-az277-519" time="65.431">
  <properties/>
  <testcase name="testDirectProofWithOneStepSimplification()" classname="de.uka.ilkd.key.util.TestProofStarter" time="33.599"/>
  <testcase name="testDirectProof()" classname="de.uka.ilkd.key.util.TestProofStarter" time="31.832"/>
  <system-out><![CDATA[1023173    INFO  Test worker     d.u.i.k.p.i.AbstractProblemLoader Loading environment from src\test\resources\testcase\proofStarter\CC\project.key 
1023173    DEBUG Test worker     d.u.i.k.p.i.AbstractProblemLoader Environment load took 520.9ns 
1023173    INFO  Test worker     d.u.i.k.p.i.AbstractProblemLoader Creating init config 
1026739    DEBUG Test worker     d.u.i.k.p.i.AbstractProblemLoader Init config took 3.57s 
1026801    INFO  Test worker     d.u.i.k.p.i.AbstractProblemLoader Replaying proof CC[CC::calcCoinIndex([I,[I)].JML normal_behavior operation contract.0 
1026801    DEBUG Test worker     d.u.i.k.p.i.IntermediateProofReplayer Proof replay took 3.9ns 
1056752    INFO  Test worker     d.u.i.k.p.i.AbstractProblemLoader Loading environment from src\test\resources\testcase\proofStarter\CC\project.key 
1056752    DEBUG Test worker     d.u.i.k.p.i.AbstractProblemLoader Environment load took 560.6ns 
1056752    INFO  Test worker     d.u.i.k.p.i.AbstractProblemLoader Creating init config 
1060160    DEBUG Test worker     d.u.i.k.p.i.AbstractProblemLoader Init config took 3.4s 
1060207    INFO  Test worker     d.u.i.k.p.i.AbstractProblemLoader Replaying proof CC[CC::calcCoinIndex([I,[I)].JML normal_behavior operation contract.0 
1060207    DEBUG Test worker     d.u.i.k.p.i.IntermediateProofReplayer Proof replay took 5.9ns 
]]></system-out>
  <system-err><![CDATA[]]></system-err>
</testsuite>
