<?xml version="1.0" encoding="UTF-8"?>
<testsuite name="de.uka.ilkd.key.parser.TestTermParserSorts" tests="2" skipped="0" failures="0" errors="0" timestamp="2023-05-15T07:01:26" hostname="fv-az277-519" time="3.551">
  <properties/>
  <testcase name="testParseIntegerArgs()" classname="de.uka.ilkd.key.parser.TestTermParserSorts" time="0.027"/>
  <testcase name="testParseSequencePrettySyntax()" classname="de.uka.ilkd.key.parser.TestTermParserSorts" time="0.002"/>
  <system-out><![CDATA[535231     INFO  Test worker     d.u.i.k.n.KeyIO           Parsing took 0 ms 
535231     DEBUG Test worker     d.u.i.k.n.KeyIO           Load declarations of de.uka.ilkd.key.nparser.KeyAst$File:  <unknown>:1#1 
535231     INFO  Test worker     d.u.i.k.n.KeyIO           MODE: declarations took 0 ms 
535231     DEBUG Test worker     d.u.i.k.n.KeyIO           MODE: 2nd degree decls took 0 
535231     INFO  Test worker     d.u.i.k.n.KeyIO           Parsing took 0 ms 
535231     DEBUG Test worker     d.u.i.k.n.KeyIO           Load declarations of de.uka.ilkd.key.nparser.KeyAst$File:  <unknown>:1#1 
535231     INFO  Test worker     d.u.i.k.n.KeyIO           MODE: declarations took 0 ms 
535231     DEBUG Test worker     d.u.i.k.n.KeyIO           MODE: 2nd degree decls took 0 
535231     INFO  Test worker     d.u.i.k.n.KeyIO           Parsing took 0 ms 
535231     DEBUG Test worker     d.u.i.k.n.KeyIO           Load declarations of de.uka.ilkd.key.nparser.KeyAst$File:  <unknown>:1#1 
535231     INFO  Test worker     d.u.i.k.n.KeyIO           MODE: declarations took 0 ms 
535231     DEBUG Test worker     d.u.i.k.n.KeyIO           MODE: 2nd degree decls took 0 
538780     INFO  Test worker     d.u.i.k.n.KeyIO           Parsing took 0 ms 
538780     DEBUG Test worker     d.u.i.k.n.KeyIO           Load declarations of de.uka.ilkd.key.nparser.KeyAst$File:  <unknown>:1#1 
538780     INFO  Test worker     d.u.i.k.n.KeyIO           MODE: declarations took 0 ms 
538780     DEBUG Test worker     d.u.i.k.n.KeyIO           MODE: 2nd degree decls took 0 
538780     INFO  Test worker     d.u.i.k.n.KeyIO           Parsing took 0 ms 
538780     DEBUG Test worker     d.u.i.k.n.KeyIO           Load declarations of de.uka.ilkd.key.nparser.KeyAst$File:  <unknown>:1#1 
538780     INFO  Test worker     d.u.i.k.n.KeyIO           MODE: declarations took 0 ms 
538780     DEBUG Test worker     d.u.i.k.n.KeyIO           MODE: 2nd degree decls took 0 
538780     INFO  Test worker     d.u.i.k.n.KeyIO           Parsing took 0 ms 
538780     DEBUG Test worker     d.u.i.k.n.KeyIO           Load declarations of de.uka.ilkd.key.nparser.KeyAst$File:  <unknown>:1#1 
538780     INFO  Test worker     d.u.i.k.n.KeyIO           MODE: declarations took 0 ms 
538780     DEBUG Test worker     d.u.i.k.n.KeyIO           MODE: 2nd degree decls took 0 
]]></system-out>
  <system-err><![CDATA[]]></system-err>
</testsuite>
