<?xml version="1.0" encoding="UTF-8"?>
<testsuite name="de.uka.ilkd.key.logic.TestClashFreeSubst" tests="14" skipped="2" failures="0" errors="0" timestamp="2023-05-15T06:53:45" hostname="fv-az277-519" time="61.914">
  <properties/>
  <testcase name="testMultiShareBound()" classname="de.uka.ilkd.key.logic.TestClashFreeSubst" time="1.26"/>
  <testcase name="testClash()" classname="de.uka.ilkd.key.logic.TestClashFreeSubst" time="1.358"/>
  <testcase name="testShare()" classname="de.uka.ilkd.key.logic.TestClashFreeSubst" time="1.243"/>
  <testcase name="testSubst()" classname="de.uka.ilkd.key.logic.TestClashFreeSubst" time="1.223"/>
  <testcase name="testWary0()" classname="de.uka.ilkd.key.logic.TestClashFreeSubst" time="1.089"/>
  <testcase name="testWary1()" classname="de.uka.ilkd.key.logic.TestClashFreeSubst" time="1.184"/>
  <testcase name="testWary2()" classname="de.uka.ilkd.key.logic.TestClashFreeSubst" time="1.13"/>
  <testcase name="testClashInSubstTerm()" classname="de.uka.ilkd.key.logic.TestClashFreeSubst" time="1.074"/>
  <testcase name="testShareWary()" classname="de.uka.ilkd.key.logic.TestClashFreeSubst" time="1.038"/>
  <testcase name="testMultiSubst()" classname="de.uka.ilkd.key.logic.TestClashFreeSubst" time="1.062"/>
  <testcase name="xtestMultiClash()" classname="de.uka.ilkd.key.logic.TestClashFreeSubst" time="0.0">
    <skipped/>
  </testcase>
  <testcase name="testSubstInSubstTerm()" classname="de.uka.ilkd.key.logic.TestClashFreeSubst" time="1.013"/>
  <testcase name="testSubstWary()" classname="de.uka.ilkd.key.logic.TestClashFreeSubst" time="1.14"/>
  <testcase name="xtestMultiClash1()" classname="de.uka.ilkd.key.logic.TestClashFreeSubst" time="0.0">
    <skipped/>
  </testcase>
  <system-out><![CDATA[74168      INFO  Test worker     d.u.i.k.n.KeyIO           Parsing took 0 ms 
74168      DEBUG Test worker     d.u.i.k.n.KeyIO           Load declarations of de.uka.ilkd.key.nparser.KeyAst$File:  <unknown>:1#1 
74168      INFO  Test worker     d.u.i.k.n.KeyIO           MODE: declarations took 0 ms 
74168      DEBUG Test worker     d.u.i.k.n.KeyIO           MODE: 2nd degree decls took 0 
75420      INFO  Test worker     d.u.i.k.n.KeyIO           Parsing took 0 ms 
75420      DEBUG Test worker     d.u.i.k.n.KeyIO           Load declarations of de.uka.ilkd.key.nparser.KeyAst$File:  <unknown>:1#1 
75420      INFO  Test worker     d.u.i.k.n.KeyIO           MODE: declarations took 0 ms 
75420      DEBUG Test worker     d.u.i.k.n.KeyIO           MODE: 2nd degree decls took 0 
79531      INFO  Test worker     d.u.i.k.n.KeyIO           Parsing took 0 ms 
79531      DEBUG Test worker     d.u.i.k.n.KeyIO           Load declarations of de.uka.ilkd.key.nparser.KeyAst$File:  <unknown>:1#1 
79531      INFO  Test worker     d.u.i.k.n.KeyIO           MODE: declarations took 0 ms 
79531      DEBUG Test worker     d.u.i.k.n.KeyIO           MODE: 2nd degree decls took 0 
80875      INFO  Test worker     d.u.i.k.n.KeyIO           Parsing took 0 ms 
80875      DEBUG Test worker     d.u.i.k.n.KeyIO           Load declarations of de.uka.ilkd.key.nparser.KeyAst$File:  <unknown>:1#1 
80875      INFO  Test worker     d.u.i.k.n.KeyIO           MODE: declarations took 0 ms 
80875      DEBUG Test worker     d.u.i.k.n.KeyIO           MODE: 2nd degree decls took 0 
84580      INFO  Test worker     d.u.i.k.n.KeyIO           Parsing took 0 ms 
84596      DEBUG Test worker     d.u.i.k.n.KeyIO           Load declarations of de.uka.ilkd.key.nparser.KeyAst$File:  <unknown>:1#1 
84596      INFO  Test worker     d.u.i.k.n.KeyIO           MODE: declarations took 0 ms 
84596      DEBUG Test worker     d.u.i.k.n.KeyIO           MODE: 2nd degree decls took 0 
85831      INFO  Test worker     d.u.i.k.n.KeyIO           Parsing took 0 ms 
85831      DEBUG Test worker     d.u.i.k.n.KeyIO           Load declarations of de.uka.ilkd.key.nparser.KeyAst$File:  <unknown>:1#1 
85831      INFO  Test worker     d.u.i.k.n.KeyIO           MODE: declarations took 0 ms 
85831      DEBUG Test worker     d.u.i.k.n.KeyIO           MODE: 2nd degree decls took 0 
89614      INFO  Test worker     d.u.i.k.n.KeyIO           Parsing took 0 ms 
89614      DEBUG Test worker     d.u.i.k.n.KeyIO           Load declarations of de.uka.ilkd.key.nparser.KeyAst$File:  <unknown>:1#1 
89614      INFO  Test worker     d.u.i.k.n.KeyIO           MODE: declarations took 0 ms 
89614      DEBUG Test worker     d.u.i.k.n.KeyIO           MODE: 2nd degree decls took 0 
90833      INFO  Test worker     d.u.i.k.n.KeyIO           Parsing took 0 ms 
90833      DEBUG Test worker     d.u.i.k.n.KeyIO           Load declarations of de.uka.ilkd.key.nparser.KeyAst$File:  <unknown>:1#1 
90833      INFO  Test worker     d.u.i.k.n.KeyIO           MODE: declarations took 0 ms 
90833      DEBUG Test worker     d.u.i.k.n.KeyIO           MODE: 2nd degree decls took 0 
94648      INFO  Test worker     d.u.i.k.n.KeyIO           Parsing took 0 ms 
94648      DEBUG Test worker     d.u.i.k.n.KeyIO           Load declarations of de.uka.ilkd.key.nparser.KeyAst$File:  <unknown>:1#1 
94648      INFO  Test worker     d.u.i.k.n.KeyIO           MODE: declarations took 0 ms 
94648      DEBUG Test worker     d.u.i.k.n.KeyIO           MODE: 2nd degree decls took 0 
95727      INFO  Test worker     d.u.i.k.n.KeyIO           Parsing took 0 ms 
95727      DEBUG Test worker     d.u.i.k.n.KeyIO           Load declarations of de.uka.ilkd.key.nparser.KeyAst$File:  <unknown>:1#1 
95727      INFO  Test worker     d.u.i.k.n.KeyIO           MODE: declarations took 0 ms 
95727      DEBUG Test worker     d.u.i.k.n.KeyIO           MODE: 2nd degree decls took 0 
99323      INFO  Test worker     d.u.i.k.n.KeyIO           Parsing took 0 ms 
99323      DEBUG Test worker     d.u.i.k.n.KeyIO           Load declarations of de.uka.ilkd.key.nparser.KeyAst$File:  <unknown>:1#1 
99323      INFO  Test worker     d.u.i.k.n.KeyIO           MODE: declarations took 0 ms 
99323      DEBUG Test worker     d.u.i.k.n.KeyIO           MODE: 2nd degree decls took 0 
100511     INFO  Test worker     d.u.i.k.n.KeyIO           Parsing took 0 ms 
100511     DEBUG Test worker     d.u.i.k.n.KeyIO           Load declarations of de.uka.ilkd.key.nparser.KeyAst$File:  <unknown>:1#1 
100511     INFO  Test worker     d.u.i.k.n.KeyIO           MODE: declarations took 0 ms 
100511     DEBUG Test worker     d.u.i.k.n.KeyIO           MODE: 2nd degree decls took 0 
104560     INFO  Test worker     d.u.i.k.n.KeyIO           Parsing took 0 ms 
104560     DEBUG Test worker     d.u.i.k.n.KeyIO           Load declarations of de.uka.ilkd.key.nparser.KeyAst$File:  <unknown>:1#1 
104560     INFO  Test worker     d.u.i.k.n.KeyIO           MODE: declarations took 0 ms 
104560     DEBUG Test worker     d.u.i.k.n.KeyIO           MODE: 2nd degree decls took 0 
105687     INFO  Test worker     d.u.i.k.n.KeyIO           Parsing took 0 ms 
105687     DEBUG Test worker     d.u.i.k.n.KeyIO           Load declarations of de.uka.ilkd.key.nparser.KeyAst$File:  <unknown>:1#1 
105687     INFO  Test worker     d.u.i.k.n.KeyIO           MODE: declarations took 0 ms 
105687     DEBUG Test worker     d.u.i.k.n.KeyIO           MODE: 2nd degree decls took 0 
109565     INFO  Test worker     d.u.i.k.n.KeyIO           Parsing took 0 ms 
109565     DEBUG Test worker     d.u.i.k.n.KeyIO           Load declarations of de.uka.ilkd.key.nparser.KeyAst$File:  <unknown>:1#1 
109565     INFO  Test worker     d.u.i.k.n.KeyIO           MODE: declarations took 0 ms 
109565     DEBUG Test worker     d.u.i.k.n.KeyIO           MODE: 2nd degree decls took 0 
110628     INFO  Test worker     d.u.i.k.n.KeyIO           Parsing took 0 ms 
110628     DEBUG Test worker     d.u.i.k.n.KeyIO           Load declarations of de.uka.ilkd.key.nparser.KeyAst$File:  <unknown>:1#1 
110628     INFO  Test worker     d.u.i.k.n.KeyIO           MODE: declarations took 0 ms 
110628     DEBUG Test worker     d.u.i.k.n.KeyIO           MODE: 2nd degree decls took 0 
114255     INFO  Test worker     d.u.i.k.n.KeyIO           Parsing took 0 ms 
114255     DEBUG Test worker     d.u.i.k.n.KeyIO           Load declarations of de.uka.ilkd.key.nparser.KeyAst$File:  <unknown>:1#1 
114255     INFO  Test worker     d.u.i.k.n.KeyIO           MODE: declarations took 0 ms 
114255     DEBUG Test worker     d.u.i.k.n.KeyIO           MODE: 2nd degree decls took 0 
115272     INFO  Test worker     d.u.i.k.n.KeyIO           Parsing took 0 ms 
115272     DEBUG Test worker     d.u.i.k.n.KeyIO           Load declarations of de.uka.ilkd.key.nparser.KeyAst$File:  <unknown>:1#1 
115272     INFO  Test worker     d.u.i.k.n.KeyIO           MODE: declarations took 0 ms 
115272     DEBUG Test worker     d.u.i.k.n.KeyIO           MODE: 2nd degree decls took 0 
118821     INFO  Test worker     d.u.i.k.n.KeyIO           Parsing took 0 ms 
118821     DEBUG Test worker     d.u.i.k.n.KeyIO           Load declarations of de.uka.ilkd.key.nparser.KeyAst$File:  <unknown>:1#1 
118821     INFO  Test worker     d.u.i.k.n.KeyIO           MODE: declarations took 0 ms 
118821     DEBUG Test worker     d.u.i.k.n.KeyIO           MODE: 2nd degree decls took 0 
119883     INFO  Test worker     d.u.i.k.n.KeyIO           Parsing took 0 ms 
119883     DEBUG Test worker     d.u.i.k.n.KeyIO           Load declarations of de.uka.ilkd.key.nparser.KeyAst$File:  <unknown>:1#1 
119883     INFO  Test worker     d.u.i.k.n.KeyIO           MODE: declarations took 0 ms 
119883     DEBUG Test worker     d.u.i.k.n.KeyIO           MODE: 2nd degree decls took 0 
126825     INFO  Test worker     d.u.i.k.n.KeyIO           Parsing took 0 ms 
126825     DEBUG Test worker     d.u.i.k.n.KeyIO           Load declarations of de.uka.ilkd.key.nparser.KeyAst$File:  <unknown>:1#1 
126825     INFO  Test worker     d.u.i.k.n.KeyIO           MODE: declarations took 0 ms 
126825     DEBUG Test worker     d.u.i.k.n.KeyIO           MODE: 2nd degree decls took 0 
127826     INFO  Test worker     d.u.i.k.n.KeyIO           Parsing took 0 ms 
127826     DEBUG Test worker     d.u.i.k.n.KeyIO           Load declarations of de.uka.ilkd.key.nparser.KeyAst$File:  <unknown>:1#1 
127826     INFO  Test worker     d.u.i.k.n.KeyIO           MODE: declarations took 0 ms 
127826     DEBUG Test worker     d.u.i.k.n.KeyIO           MODE: 2nd degree decls took 0 
131406     INFO  Test worker     d.u.i.k.n.KeyIO           Parsing took 0 ms 
131406     DEBUG Test worker     d.u.i.k.n.KeyIO           Load declarations of de.uka.ilkd.key.nparser.KeyAst$File:  <unknown>:1#1 
131406     INFO  Test worker     d.u.i.k.n.KeyIO           MODE: declarations took 0 ms 
131406     DEBUG Test worker     d.u.i.k.n.KeyIO           MODE: 2nd degree decls took 0 
132547     INFO  Test worker     d.u.i.k.n.KeyIO           Parsing took 0 ms 
132547     DEBUG Test worker     d.u.i.k.n.KeyIO           Load declarations of de.uka.ilkd.key.nparser.KeyAst$File:  <unknown>:1#1 
132547     INFO  Test worker     d.u.i.k.n.KeyIO           MODE: declarations took 0 ms 
132547     DEBUG Test worker     d.u.i.k.n.KeyIO           MODE: 2nd degree decls took 0 
]]></system-out>
  <system-err><![CDATA[]]></system-err>
</testsuite>
