<?xml version="1.0" encoding="UTF-8"?>
<testsuite name="de.uka.ilkd.key.rule.loop.LoopScopeInvRuleTests" tests="1" skipped="0" failures="0" errors="0" timestamp="2023-05-15T07:02:21" hostname="fv-az277-519" time="5.965">
  <properties/>
  <testcase name="testDoAutomaticProofOfBenchmarkWithLabeledBreaksAndContinues()" classname="de.uka.ilkd.key.rule.loop.LoopScopeInvRuleTests" time="5.965"/>
  <system-out><![CDATA[590704     INFO  Test worker     d.u.i.k.p.i.AbstractProblemLoader Loading environment from src\test\resources\testcase\loopScopeInvRule\Test.key 
590704     DEBUG Test worker     d.u.i.k.p.i.AbstractProblemLoader Environment load took 158.1ns 
590720     INFO  Test worker     d.u.i.k.p.i.AbstractProblemLoader Creating init config 
590884     DEBUG Test worker     d.u.i.k.j.TypeConverter   No LDT found for Meta 
590884     DEBUG Test worker     d.u.i.k.j.TypeConverter   No LDT found for Meta 
590884     DEBUG Test worker     d.u.i.k.j.TypeConverter   No LDT found for Meta 
590892     DEBUG Test worker     d.u.i.k.j.TypeConverter   No LDT found for Meta 
591689     DEBUG Test worker     d.u.i.k.j.TypeConverter   No LDT found for JavaBigintExpression 
595833     DEBUG Test worker     d.u.i.k.p.i.AbstractProblemLoader Init config took 5.12s 
595911     INFO  Test worker     d.u.i.k.p.i.AbstractProblemLoader Replaying proof Test[Test::loopScopeRuleBenchmark(int,boolean)].JML normal_behavior operation contract.0 
595911     DEBUG Test worker     d.u.i.k.p.i.IntermediateProofReplayer Proof replay took 17.2ns 
]]></system-out>
  <system-err><![CDATA[]]></system-err>
</testsuite>
