<?xml version="1.0" encoding="UTF-8"?>
<testsuite name="de.uka.ilkd.key.parser.TestDeclParser" tests="14" skipped="2" failures="0" errors="0" timestamp="2023-05-15T06:57:17" hostname="fv-az277-519" time="13.101">
  <properties/>
  <testcase name="testGenericSortDecl1()" classname="de.uka.ilkd.key.parser.TestDeclParser" time="1.254"/>
  <testcase name="testGenericSortDecl2()" classname="de.uka.ilkd.key.parser.TestDeclParser" time="1.139"/>
  <testcase name="testGenericSortDecl3()" classname="de.uka.ilkd.key.parser.TestDeclParser" time="1.008"/>
  <testcase name="testGenericSortDecl4()" classname="de.uka.ilkd.key.parser.TestDeclParser" time="1.104"/>
  <testcase name="testGenericSortDecl5()" classname="de.uka.ilkd.key.parser.TestDeclParser" time="0.0">
    <skipped/>
  </testcase>
  <testcase name="testGenericSortDecl6()" classname="de.uka.ilkd.key.parser.TestDeclParser" time="1.081"/>
  <testcase name="testSortDecl()" classname="de.uka.ilkd.key.parser.TestDeclParser" time="1.043"/>
  <testcase name="testProxySortDecl()" classname="de.uka.ilkd.key.parser.TestDeclParser" time="1.157"/>
  <testcase name="testArrayDecl()" classname="de.uka.ilkd.key.parser.TestDeclParser" time="1.131"/>
  <testcase name="testAmbiguousDecls()" classname="de.uka.ilkd.key.parser.TestDeclParser" time="0.0">
    <skipped/>
  </testcase>
  <testcase name="testHeurDecl()" classname="de.uka.ilkd.key.parser.TestDeclParser" time="1.004"/>
  <testcase name="testFunctionDecl()" classname="de.uka.ilkd.key.parser.TestDeclParser" time="1.084"/>
  <testcase name="testPredicateDecl()" classname="de.uka.ilkd.key.parser.TestDeclParser" time="1.106"/>
  <testcase name="testSVDecl()" classname="de.uka.ilkd.key.parser.TestDeclParser" time="0.986"/>
  <system-out><![CDATA[287764     INFO  Test worker     d.u.i.k.n.KeyIO           Parsing took 0 ms 
287764     DEBUG Test worker     d.u.i.k.n.KeyIO           Load declarations of de.uka.ilkd.key.nparser.KeyAst$File:  <unknown>:1#1 
287764     INFO  Test worker     d.u.i.k.n.KeyIO           MODE: declarations took 0 ms 
287764     DEBUG Test worker     d.u.i.k.n.KeyIO           MODE: 2nd degree decls took 0 
287764     DEBUG Test worker     d.u.i.k.n.KeyIO           MODE: taclets took 0ms 
288905     INFO  Test worker     d.u.i.k.n.KeyIO           Parsing took 0 ms 
288905     DEBUG Test worker     d.u.i.k.n.KeyIO           Load declarations of de.uka.ilkd.key.nparser.KeyAst$File:  <unknown>:1#1 
288905     INFO  Test worker     d.u.i.k.n.KeyIO           MODE: declarations took 0 ms 
288905     DEBUG Test worker     d.u.i.k.n.KeyIO           MODE: 2nd degree decls took 0 
288905     DEBUG Test worker     d.u.i.k.n.KeyIO           MODE: taclets took 0ms 
289921     INFO  Test worker     d.u.i.k.n.KeyIO           Parsing took 0 ms 
289921     DEBUG Test worker     d.u.i.k.n.KeyIO           Load declarations of de.uka.ilkd.key.nparser.KeyAst$File:  <unknown>:1#1 
289921     INFO  Test worker     d.u.i.k.n.KeyIO           MODE: declarations took 0 ms 
289921     DEBUG Test worker     d.u.i.k.n.KeyIO           MODE: 2nd degree decls took 0 
289921     DEBUG Test worker     d.u.i.k.n.KeyIO           MODE: taclets took 0ms 
291016     INFO  Test worker     d.u.i.k.n.KeyIO           Parsing took 0 ms 
291016     DEBUG Test worker     d.u.i.k.n.KeyIO           Load declarations of de.uka.ilkd.key.nparser.KeyAst$File:  <unknown>:1#1 
291016     INFO  Test worker     d.u.i.k.n.KeyIO           MODE: declarations took 0 ms 
291016     DEBUG Test worker     d.u.i.k.n.KeyIO           MODE: 2nd degree decls took 0 
291016     DEBUG Test worker     d.u.i.k.n.KeyIO           MODE: taclets took 0ms 
292094     INFO  Test worker     d.u.i.k.n.KeyIO           Parsing took 0 ms 
292094     DEBUG Test worker     d.u.i.k.n.KeyIO           Load declarations of de.uka.ilkd.key.nparser.KeyAst$File:  <unknown>:1#1 
292094     INFO  Test worker     d.u.i.k.n.KeyIO           MODE: declarations took 0 ms 
292094     DEBUG Test worker     d.u.i.k.n.KeyIO           MODE: 2nd degree decls took 0 
292094     DEBUG Test worker     d.u.i.k.n.KeyIO           MODE: taclets took 0ms 
293142     INFO  Test worker     d.u.i.k.n.KeyIO           Parsing took 0 ms 
293142     DEBUG Test worker     d.u.i.k.n.KeyIO           Load declarations of de.uka.ilkd.key.nparser.KeyAst$File:  <unknown>:1#1 
293142     INFO  Test worker     d.u.i.k.n.KeyIO           MODE: declarations took 0 ms 
293142     DEBUG Test worker     d.u.i.k.n.KeyIO           MODE: 2nd degree decls took 0 
293142     DEBUG Test worker     d.u.i.k.n.KeyIO           MODE: taclets took 0ms 
294299     INFO  Test worker     d.u.i.k.n.KeyIO           Parsing took 0 ms 
294299     DEBUG Test worker     d.u.i.k.n.KeyIO           Load declarations of de.uka.ilkd.key.nparser.KeyAst$File:  <unknown>:1#1 
294299     INFO  Test worker     d.u.i.k.n.KeyIO           MODE: declarations took 0 ms 
294299     DEBUG Test worker     d.u.i.k.n.KeyIO           MODE: 2nd degree decls took 0 
294299     DEBUG Test worker     d.u.i.k.n.KeyIO           MODE: taclets took 0ms 
295424     INFO  Test worker     d.u.i.k.n.KeyIO           Parsing took 0 ms 
295424     DEBUG Test worker     d.u.i.k.n.KeyIO           Load declarations of de.uka.ilkd.key.nparser.KeyAst$File:  <unknown>:1#1 
295424     INFO  Test worker     d.u.i.k.n.KeyIO           MODE: declarations took 0 ms 
295440     DEBUG Test worker     d.u.i.k.n.KeyIO           MODE: 2nd degree decls took 16 
295440     DEBUG Test worker     d.u.i.k.n.KeyIO           MODE: taclets took 0ms 
296441     INFO  Test worker     d.u.i.k.n.KeyIO           Parsing took 0 ms 
296441     DEBUG Test worker     d.u.i.k.n.KeyIO           Load declarations of de.uka.ilkd.key.nparser.KeyAst$File:  <unknown>:1#1 
296441     INFO  Test worker     d.u.i.k.n.KeyIO           MODE: declarations took 0 ms 
296441     DEBUG Test worker     d.u.i.k.n.KeyIO           MODE: 2nd degree decls took 0 
296441     DEBUG Test worker     d.u.i.k.n.KeyIO           MODE: taclets took 0ms 
297504     INFO  Test worker     d.u.i.k.n.KeyIO           Parsing took 0 ms 
297504     DEBUG Test worker     d.u.i.k.n.KeyIO           Load declarations of de.uka.ilkd.key.nparser.KeyAst$File:  <unknown>:1#1 
297504     INFO  Test worker     d.u.i.k.n.KeyIO           MODE: declarations took 0 ms 
297519     DEBUG Test worker     d.u.i.k.n.KeyIO           MODE: 2nd degree decls took 15 
297519     DEBUG Test worker     d.u.i.k.n.KeyIO           MODE: taclets took 0ms 
298614     INFO  Test worker     d.u.i.k.n.KeyIO           Parsing took 0 ms 
298614     DEBUG Test worker     d.u.i.k.n.KeyIO           Load declarations of de.uka.ilkd.key.nparser.KeyAst$File:  <unknown>:1#1 
298614     INFO  Test worker     d.u.i.k.n.KeyIO           MODE: declarations took 0 ms 
298614     DEBUG Test worker     d.u.i.k.n.KeyIO           MODE: 2nd degree decls took 0 
298614     DEBUG Test worker     d.u.i.k.n.KeyIO           MODE: taclets took 0ms 
299599     INFO  Test worker     d.u.i.k.n.KeyIO           Parsing took 0 ms 
299599     DEBUG Test worker     d.u.i.k.n.KeyIO           Load declarations of de.uka.ilkd.key.nparser.KeyAst$File:  <unknown>:1#1 
299599     INFO  Test worker     d.u.i.k.n.KeyIO           MODE: declarations took 0 ms 
299599     DEBUG Test worker     d.u.i.k.n.KeyIO           MODE: 2nd degree decls took 0 
299599     DEBUG Test worker     d.u.i.k.n.KeyIO           MODE: taclets took 0ms 
]]></system-out>
  <system-err><![CDATA[]]></system-err>
</testsuite>
