<?xml version="1.0" encoding="UTF-8"?>
<testsuite name="de.uka.ilkd.key.logic.TestTermLabelManager" tests="21" skipped="0" failures="0" errors="0" timestamp="2023-05-15T06:55:14" hostname="fv-az277-519" time="68.005">
  <properties/>
  <testcase name="testInstantiateLabels_directChildPolicies_allRules()" classname="de.uka.ilkd.key.logic.TestTermLabelManager" time="5.161"/>
  <testcase name="testInstantiateLabels_childAndGrandchildPolicies_ruleSpecific()" classname="de.uka.ilkd.key.logic.TestTermLabelManager" time="3.534"/>
  <testcase name="testParseLabel()" classname="de.uka.ilkd.key.logic.TestTermLabelManager" time="3.785"/>
  <testcase name="testrefactorGoal_childrenAndGrandchildren_ruleSpecific()" classname="de.uka.ilkd.key.logic.TestTermLabelManager" time="3.533"/>
  <testcase name="testrefactorGoal_directChildren_allRules()" classname="de.uka.ilkd.key.logic.TestTermLabelManager" time="3.515"/>
  <testcase name="testInstantiateLabels_childAndGrandchildPolicies_allRules()" classname="de.uka.ilkd.key.logic.TestTermLabelManager" time="3.533"/>
  <testcase name="testInstantiateLabels_taclet()" classname="de.uka.ilkd.key.logic.TestTermLabelManager" time="3.469"/>
  <testcase name="testrefactorGoal_none_ruleSpecific()" classname="de.uka.ilkd.key.logic.TestTermLabelManager" time="3.408"/>
  <testcase name="testInstantiateLabels_updates_ruleSpecific()" classname="de.uka.ilkd.key.logic.TestTermLabelManager" time="3.505"/>
  <testcase name="testrefactorGoal_sequent_ruleSpecific()" classname="de.uka.ilkd.key.logic.TestTermLabelManager" time="3.532"/>
  <testcase name="testInstantiateLabels_updates_allRules()" classname="de.uka.ilkd.key.logic.TestTermLabelManager" time="3.424"/>
  <testcase name="testrefactorGoal_sequent_allRules()" classname="de.uka.ilkd.key.logic.TestTermLabelManager" time="3.379"/>
  <testcase name="testrefactorGoal_childrenAndGrandchildren_allRules()" classname="de.uka.ilkd.key.logic.TestTermLabelManager" time="3.438"/>
  <testcase name="testGetTermLabelManager()" classname="de.uka.ilkd.key.logic.TestTermLabelManager" time="0.007"/>
  <testcase name="testInstantiateLabels_applicationTermPolicies()" classname="de.uka.ilkd.key.logic.TestTermLabelManager" time="3.432"/>
  <testcase name="testInstantiateLabels_modalityTermPolicies()" classname="de.uka.ilkd.key.logic.TestTermLabelManager" time="3.44"/>
  <testcase name="testrefactorGoal_none_allRules()" classname="de.uka.ilkd.key.logic.TestTermLabelManager" time="3.486"/>
  <testcase name="testInstantiateLabels_null()" classname="de.uka.ilkd.key.logic.TestTermLabelManager" time="0.0"/>
  <testcase name="testrefactorGoal_directChildren_ruleSpecific()" classname="de.uka.ilkd.key.logic.TestTermLabelManager" time="3.5"/>
  <testcase name="testInstantiateLabels_directChildPolicies_ruleSpecific()" classname="de.uka.ilkd.key.logic.TestTermLabelManager" time="3.442"/>
  <testcase name="testGetSupportedTermLabelNames()" classname="de.uka.ilkd.key.logic.TestTermLabelManager" time="3.47"/>
  <system-out><![CDATA[162832     INFO  Test worker     d.u.i.k.p.i.AbstractProblemLoader Loading environment from src\test\resources\testcase\termLabels\flatSteps\FlatSteps.java 
162832     DEBUG Test worker     d.u.i.k.p.i.AbstractProblemLoader Environment load took 331.9ns 
162832     INFO  Test worker     d.u.i.k.p.i.AbstractProblemLoader Creating init config 
163082     DEBUG Test worker     d.u.i.k.j.TypeConverter   No LDT found for Meta 
163082     DEBUG Test worker     d.u.i.k.j.TypeConverter   No LDT found for Meta 
163082     DEBUG Test worker     d.u.i.k.j.TypeConverter   No LDT found for Meta 
163097     DEBUG Test worker     d.u.i.k.j.TypeConverter   No LDT found for Meta 
164035     DEBUG Test worker     d.u.i.k.j.TypeConverter   No LDT found for JavaBigintExpression 
167991     DEBUG Test worker     d.u.i.k.p.i.AbstractProblemLoader Init config took 5.15s 
167991     INFO  Test worker     d.u.i.k.p.i.AbstractProblemLoader Loading environment from src\test\resources\testcase\termLabels\flatSteps\FlatSteps.java 
167991     DEBUG Test worker     d.u.i.k.p.i.AbstractProblemLoader Environment load took 602.7ns 
167991     INFO  Test worker     d.u.i.k.p.i.AbstractProblemLoader Creating init config 
171525     DEBUG Test worker     d.u.i.k.p.i.AbstractProblemLoader Init config took 3.53s 
171525     INFO  Test worker     d.u.i.k.p.i.AbstractProblemLoader Loading environment from src\test\resources\testcase\termLabels\flatSteps\FlatSteps.java 
171525     DEBUG Test worker     d.u.i.k.p.i.AbstractProblemLoader Environment load took 277.5ns 
171525     INFO  Test worker     d.u.i.k.p.i.AbstractProblemLoader Creating init config 
175310     DEBUG Test worker     d.u.i.k.p.i.AbstractProblemLoader Init config took 3.78s 
175310     INFO  Test worker     d.u.i.k.p.i.AbstractProblemLoader Loading environment from src\test\resources\testcase\termLabels\flatSteps\FlatSteps.java 
175310     DEBUG Test worker     d.u.i.k.p.i.AbstractProblemLoader Environment load took 274.4ns 
175310     INFO  Test worker     d.u.i.k.p.i.AbstractProblemLoader Creating init config 
178828     DEBUG Test worker     d.u.i.k.p.i.AbstractProblemLoader Init config took 3.5s 
178843     INFO  Test worker     d.u.i.k.p.i.AbstractProblemLoader Loading environment from src\test\resources\testcase\termLabels\flatSteps\FlatSteps.java 
178843     DEBUG Test worker     d.u.i.k.p.i.AbstractProblemLoader Environment load took 646ns 
178843     INFO  Test worker     d.u.i.k.p.i.AbstractProblemLoader Creating init config 
182345     DEBUG Test worker     d.u.i.k.p.i.AbstractProblemLoader Init config took 3.5s 
182360     INFO  Test worker     d.u.i.k.p.i.AbstractProblemLoader Loading environment from src\test\resources\testcase\termLabels\flatSteps\FlatSteps.java 
182360     DEBUG Test worker     d.u.i.k.p.i.AbstractProblemLoader Environment load took 588ns 
182360     INFO  Test worker     d.u.i.k.p.i.AbstractProblemLoader Creating init config 
185878     DEBUG Test worker     d.u.i.k.p.i.AbstractProblemLoader Init config took 3.52s 
185894     INFO  Test worker     d.u.i.k.p.i.AbstractProblemLoader Loading environment from src\test\resources\testcase\termLabels\flatSteps\FlatSteps.java 
185894     DEBUG Test worker     d.u.i.k.p.i.AbstractProblemLoader Environment load took 221.7ns 
185894     INFO  Test worker     d.u.i.k.p.i.AbstractProblemLoader Creating init config 
189364     DEBUG Test worker     d.u.i.k.p.i.AbstractProblemLoader Init config took 3.47s 
189364     INFO  Test worker     d.u.i.k.p.i.AbstractProblemLoader Loading environment from src\test\resources\testcase\termLabels\flatSteps\FlatSteps.java 
189364     DEBUG Test worker     d.u.i.k.p.i.AbstractProblemLoader Environment load took 149.6ns 
189364     INFO  Test worker     d.u.i.k.p.i.AbstractProblemLoader Creating init config 
192772     DEBUG Test worker     d.u.i.k.p.i.AbstractProblemLoader Init config took 3.4s 
192772     INFO  Test worker     d.u.i.k.p.i.AbstractProblemLoader Loading environment from src\test\resources\testcase\termLabels\flatSteps\FlatSteps.java 
192772     DEBUG Test worker     d.u.i.k.p.i.AbstractProblemLoader Environment load took 241.8ns 
192788     INFO  Test worker     d.u.i.k.p.i.AbstractProblemLoader Creating init config 
196261     DEBUG Test worker     d.u.i.k.p.i.AbstractProblemLoader Init config took 3.48s 
196277     INFO  Test worker     d.u.i.k.p.i.AbstractProblemLoader Loading environment from src\test\resources\testcase\termLabels\flatSteps\FlatSteps.java 
196277     DEBUG Test worker     d.u.i.k.p.i.AbstractProblemLoader Environment load took 740.3ns 
196277     INFO  Test worker     d.u.i.k.p.i.AbstractProblemLoader Creating init config 
199795     DEBUG Test worker     d.u.i.k.p.i.AbstractProblemLoader Init config took 3.52s 
199810     INFO  Test worker     d.u.i.k.p.i.AbstractProblemLoader Loading environment from src\test\resources\testcase\termLabels\flatSteps\FlatSteps.java 
199810     DEBUG Test worker     d.u.i.k.p.i.AbstractProblemLoader Environment load took 175.2ns 
199810     INFO  Test worker     d.u.i.k.p.i.AbstractProblemLoader Creating init config 
203234     DEBUG Test worker     d.u.i.k.p.i.AbstractProblemLoader Init config took 3.42s 
203234     INFO  Test worker     d.u.i.k.p.i.AbstractProblemLoader Loading environment from src\test\resources\testcase\termLabels\flatSteps\FlatSteps.java 
203234     DEBUG Test worker     d.u.i.k.p.i.AbstractProblemLoader Environment load took 591.3ns 
203250     INFO  Test worker     d.u.i.k.p.i.AbstractProblemLoader Creating init config 
206597     DEBUG Test worker     d.u.i.k.p.i.AbstractProblemLoader Init config took 3.35s 
206613     INFO  Test worker     d.u.i.k.p.i.AbstractProblemLoader Loading environment from src\test\resources\testcase\termLabels\flatSteps\FlatSteps.java 
206613     DEBUG Test worker     d.u.i.k.p.i.AbstractProblemLoader Environment load took 277.9ns 
206613     INFO  Test worker     d.u.i.k.p.i.AbstractProblemLoader Creating init config 
210036     DEBUG Test worker     d.u.i.k.p.i.AbstractProblemLoader Init config took 3.42s 
210052     INFO  Test worker     d.u.i.k.p.i.AbstractProblemLoader Loading environment from src\test\resources\testcase\termLabels\flatSteps\FlatSteps.java 
210052     DEBUG Test worker     d.u.i.k.p.i.AbstractProblemLoader Environment load took 317.2ns 
210068     INFO  Test worker     d.u.i.k.p.i.AbstractProblemLoader Creating init config 
213491     DEBUG Test worker     d.u.i.k.p.i.AbstractProblemLoader Init config took 3.43s 
213491     INFO  Test worker     d.u.i.k.p.i.AbstractProblemLoader Loading environment from src\test\resources\testcase\termLabels\flatSteps\FlatSteps.java 
213491     DEBUG Test worker     d.u.i.k.p.i.AbstractProblemLoader Environment load took 207.5ns 
213507     INFO  Test worker     d.u.i.k.p.i.AbstractProblemLoader Creating init config 
216916     DEBUG Test worker     d.u.i.k.p.i.AbstractProblemLoader Init config took 3.42s 
216932     INFO  Test worker     d.u.i.k.p.i.AbstractProblemLoader Loading environment from src\test\resources\testcase\termLabels\flatSteps\FlatSteps.java 
216932     DEBUG Test worker     d.u.i.k.p.i.AbstractProblemLoader Environment load took 2.71ms 
216932     INFO  Test worker     d.u.i.k.p.i.AbstractProblemLoader Creating init config 
220405     DEBUG Test worker     d.u.i.k.p.i.AbstractProblemLoader Init config took 3.47s 
220436     INFO  Test worker     d.u.i.k.p.i.AbstractProblemLoader Loading environment from src\test\resources\testcase\termLabels\flatSteps\FlatSteps.java 
220436     DEBUG Test worker     d.u.i.k.p.i.AbstractProblemLoader Environment load took 663.1ns 
220436     INFO  Test worker     d.u.i.k.p.i.AbstractProblemLoader Creating init config 
223922     DEBUG Test worker     d.u.i.k.p.i.AbstractProblemLoader Init config took 3.48s 
223922     INFO  Test worker     d.u.i.k.p.i.AbstractProblemLoader Loading environment from src\test\resources\testcase\termLabels\flatSteps\FlatSteps.java 
223922     DEBUG Test worker     d.u.i.k.p.i.AbstractProblemLoader Environment load took 554.6ns 
223938     INFO  Test worker     d.u.i.k.p.i.AbstractProblemLoader Creating init config 
227365     DEBUG Test worker     d.u.i.k.p.i.AbstractProblemLoader Init config took 3.43s 
227365     INFO  Test worker     d.u.i.k.p.i.AbstractProblemLoader Loading environment from src\test\resources\testcase\termLabels\flatSteps\FlatSteps.java 
227365     DEBUG Test worker     d.u.i.k.p.i.AbstractProblemLoader Environment load took 485.6ns 
227380     INFO  Test worker     d.u.i.k.p.i.AbstractProblemLoader Creating init config 
230835     DEBUG Test worker     d.u.i.k.p.i.AbstractProblemLoader Init config took 3.46s 
]]></system-out>
  <system-err><![CDATA[]]></system-err>
</testsuite>
