<?xml version="1.0" encoding="UTF-8"?>
<testsuite name="de.uka.ilkd.key.proof.reference.TestReferenceSearcher" tests="1" skipped="0" failures="0" errors="0" timestamp="2023-05-15T07:01:54" hostname="fv-az277-519" time="9.267">
  <properties/>
  <testcase name="testFindsReferenceInSameProof()" classname="de.uka.ilkd.key.proof.reference.TestReferenceSearcher" time="9.267"/>
  <system-out><![CDATA[563188     INFO  Test worker     d.u.i.k.p.i.AbstractProblemLoader Loading environment from src\test\resources\testcase\..\..\..\..\..\key.ui\examples\heap\verifyThis15_1_RelaxedPrefix\relax.proof 
563188     DEBUG Test worker     d.u.i.k.p.i.AbstractProblemLoader Environment load took 2.15ms 
563251     INFO  Test worker     d.u.i.k.p.i.AbstractProblemLoader Creating init config 
566800     DEBUG Test worker     d.u.i.k.p.i.AbstractProblemLoader Init config took 3.55s 
566862     INFO  Test worker     d.u.i.k.p.i.AbstractProblemLoader Replaying proof Relaxed[Relaxed::isRelaxedPrefix([I,[I)].JML operation contract.0 
567816     DEBUG Test worker     d.u.i.k.p.i.IntermediateProofReplayer Proof replay took 923.47ms 
567816     INFO  Test worker     d.u.i.k.p.i.AbstractProblemLoader Loading environment from src\test\resources\testcase\..\..\..\..\..\key.ui\examples\heap\verifyThis15_1_RelaxedPrefix\relax.proof 
567816     DEBUG Test worker     d.u.i.k.p.i.AbstractProblemLoader Environment load took 138.4ns 
567816     INFO  Test worker     d.u.i.k.p.i.AbstractProblemLoader Creating init config 
571490     DEBUG Test worker     d.u.i.k.p.i.AbstractProblemLoader Init config took 3.68s 
571536     INFO  Test worker     d.u.i.k.p.i.AbstractProblemLoader Replaying proof Relaxed[Relaxed::isRelaxedPrefix([I,[I)].JML operation contract.0 
572396     DEBUG Test worker     d.u.i.k.p.i.IntermediateProofReplayer Proof replay took 833.16ms 
]]></system-out>
  <system-err><![CDATA[]]></system-err>
</testsuite>
