<?xml version="1.0" encoding="UTF-8"?>
<testsuite name="de.uka.ilkd.key.proof.io.consistency.TestProofBundleIO" tests="3" skipped="0" failures="0" errors="0" timestamp="2023-05-15T07:01:45" hostname="fv-az277-519" time="8.866">
  <properties/>
  <testcase name="testSimpleFileRepo()" classname="de.uka.ilkd.key.proof.io.consistency.TestProofBundleIO" time="0.028"/>
  <testcase name="testComplexBundleGeneration()" classname="de.uka.ilkd.key.proof.io.consistency.TestProofBundleIO" time="1.608"/>
  <testcase name="testSimpleBundleGeneration()" classname="de.uka.ilkd.key.proof.io.consistency.TestProofBundleIO" time="7.23"/>
  <system-out><![CDATA[554337     INFO  Test worker     d.u.i.k.p.i.AbstractProblemLoader Loading environment from D:\a\key\key\key.core\src\test\resources\testcase\proofBundle\complexBundleGeneration\test.key 
554337     DEBUG Test worker     d.u.i.k.p.i.AbstractProblemLoader Environment load took 139.2ns 
554337     INFO  Test worker     d.u.i.k.p.i.AbstractProblemLoader Creating init config 
554916     DEBUG Test worker     d.u.i.k.p.i.AbstractProblemLoader Init config took 575.31ms 
554947     INFO  Test worker     d.u.i.k.p.i.AbstractProblemLoader Replaying proof Test[Test::constant()].JML normal_behavior operation contract.0 
554963     DEBUG Test worker     d.u.i.k.p.i.IntermediateProofReplayer Proof replay took 8.6ns 
555275     INFO  Test worker     d.u.i.k.p.i.AbstractProblemLoader Loading environment from D:\a\key\key\key.core\src\test\resources\testcase\proofBundle\complexBundleGeneration\test.zproof 
555353     DEBUG Test worker     d.u.i.k.p.i.AbstractProblemLoader Environment load took 74.68ms 
555353     INFO  Test worker     d.u.i.k.p.i.AbstractProblemLoader Creating init config 
555855     DEBUG Test worker     d.u.i.k.p.i.AbstractProblemLoader Init config took 495.22ms 
555902     INFO  Test worker     d.u.i.k.p.i.AbstractProblemLoader Replaying proof Test[Test::constant()].JML normal_behavior operation contract.0 
555933     DEBUG Test worker     d.u.i.k.p.i.IntermediateProofReplayer Proof replay took 34.33ms 
555933     INFO  Test worker     d.u.i.k.p.i.AbstractProblemLoader Loading environment from D:\a\key\key\key.core\src\test\resources\testcase\proofBundle\simpleBundleGeneration\test.key 
555933     DEBUG Test worker     d.u.i.k.p.i.AbstractProblemLoader Environment load took 122.6ns 
555949     INFO  Test worker     d.u.i.k.p.i.AbstractProblemLoader Creating init config 
559358     DEBUG Test worker     d.u.i.k.p.i.AbstractProblemLoader Init config took 3.42s 
559467     INFO  Test worker     d.u.i.k.p.i.AbstractProblemLoader Replaying proof Test[Test::constant()].JML normal_behavior operation contract.0 
559467     DEBUG Test worker     d.u.i.k.p.i.IntermediateProofReplayer Proof replay took 11.3ns 
559576     INFO  Test worker     d.u.i.k.p.i.AbstractProblemLoader Loading environment from D:\a\key\key\key.core\src\test\resources\testcase\proofBundle\simpleBundleGeneration\test.zproof 
559592     DEBUG Test worker     d.u.i.k.p.i.AbstractProblemLoader Environment load took 5.39ms 
559592     INFO  Test worker     d.u.i.k.p.i.AbstractProblemLoader Creating init config 
563001     DEBUG Test worker     d.u.i.k.p.i.AbstractProblemLoader Init config took 3.4s 
563047     INFO  Test worker     d.u.i.k.p.i.AbstractProblemLoader Replaying proof Test[Test::constant()].JML normal_behavior operation contract.0 
563064     DEBUG Test worker     d.u.i.k.p.i.IntermediateProofReplayer Proof replay took 10.76ms 
]]></system-out>
  <system-err><![CDATA[]]></system-err>
</testsuite>
