<?xml version="1.0" encoding="UTF-8"?>
<testsuite name="de.uka.ilkd.key.proof.proverules.ProveRulesTest" tests="196" skipped="0" failures="0" errors="0" timestamp="2023-03-03T20:53:47" hostname="fv-az244-822" time="716.269">
  <properties/>
  <testcase name="eqTermCut" classname="de.uka.ilkd.key.proof.proverules.ProveRulesTest" time="4.141"/>
  <testcase name="equivAllRight" classname="de.uka.ilkd.key.proof.proverules.ProveRulesTest" time="3.901"/>
  <testcase name="irrflConcrete1" classname="de.uka.ilkd.key.proof.proverules.ProveRulesTest" time="3.793"/>
  <testcase name="irrflConcrete2" classname="de.uka.ilkd.key.proof.proverules.ProveRulesTest" time="3.698"/>
  <testcase name="cancel_gtPos" classname="de.uka.ilkd.key.proof.proverules.ProveRulesTest" time="3.719"/>
  <testcase name="cancel_gtNeg" classname="de.uka.ilkd.key.proof.proverules.ProveRulesTest" time="3.685"/>
  <testcase name="moduloIntIsInInt" classname="de.uka.ilkd.key.proof.proverules.ProveRulesTest" time="3.616"/>
  <testcase name="moduloLongIsInLong" classname="de.uka.ilkd.key.proof.proverules.ProveRulesTest" time="3.617"/>
  <testcase name="moduloShortIsInShort" classname="de.uka.ilkd.key.proof.proverules.ProveRulesTest" time="3.625"/>
  <testcase name="moduloByteIsInByte" classname="de.uka.ilkd.key.proof.proverules.ProveRulesTest" time="3.601"/>
  <testcase name="moduloCharIsInChar" classname="de.uka.ilkd.key.proof.proverules.ProveRulesTest" time="3.586"/>
  <testcase name="div_unique1" classname="de.uka.ilkd.key.proof.proverules.ProveRulesTest" time="3.7"/>
  <testcase name="div_unique2" classname="de.uka.ilkd.key.proof.proverules.ProveRulesTest" time="3.666"/>
  <testcase name="div_exists" classname="de.uka.ilkd.key.proof.proverules.ProveRulesTest" time="3.854"/>
  <testcase name="div_one" classname="de.uka.ilkd.key.proof.proverules.ProveRulesTest" time="3.602"/>
  <testcase name="jdiv_one" classname="de.uka.ilkd.key.proof.proverules.ProveRulesTest" time="3.575"/>
  <testcase name="div_zero" classname="de.uka.ilkd.key.proof.proverules.ProveRulesTest" time="3.633"/>
  <testcase name="divResZero1" classname="de.uka.ilkd.key.proof.proverules.ProveRulesTest" time="3.547"/>
  <testcase name="divResZero2" classname="de.uka.ilkd.key.proof.proverules.ProveRulesTest" time="3.591"/>
  <testcase name="divResOne1" classname="de.uka.ilkd.key.proof.proverules.ProveRulesTest" time="3.547"/>
  <testcase name="divResOne2" classname="de.uka.ilkd.key.proof.proverules.ProveRulesTest" time="3.561"/>
  <testcase name="div_cancel1" classname="de.uka.ilkd.key.proof.proverules.ProveRulesTest" time="3.61"/>
  <testcase name="div_cancel2" classname="de.uka.ilkd.key.proof.proverules.ProveRulesTest" time="3.559"/>
  <testcase name="divAddMultDenom" classname="de.uka.ilkd.key.proof.proverules.ProveRulesTest" time="3.599"/>
  <testcase name="divMinus" classname="de.uka.ilkd.key.proof.proverules.ProveRulesTest" time="3.65"/>
  <testcase name="divMinusDenom" classname="de.uka.ilkd.key.proof.proverules.ProveRulesTest" time="3.576"/>
  <testcase name="divLeastDPos" classname="de.uka.ilkd.key.proof.proverules.ProveRulesTest" time="3.548"/>
  <testcase name="divLeastDNeg" classname="de.uka.ilkd.key.proof.proverules.ProveRulesTest" time="3.534"/>
  <testcase name="divGreatestDPos" classname="de.uka.ilkd.key.proof.proverules.ProveRulesTest" time="3.566"/>
  <testcase name="divGreatestDNeg" classname="de.uka.ilkd.key.proof.proverules.ProveRulesTest" time="3.544"/>
  <testcase name="divIncreasingPos" classname="de.uka.ilkd.key.proof.proverules.ProveRulesTest" time="3.551"/>
  <testcase name="divIncreasingNeg" classname="de.uka.ilkd.key.proof.proverules.ProveRulesTest" time="3.577"/>
  <testcase name="jdiv_zero" classname="de.uka.ilkd.key.proof.proverules.ProveRulesTest" time="3.598"/>
  <testcase name="jdivPulloutMinusNum" classname="de.uka.ilkd.key.proof.proverules.ProveRulesTest" time="3.583"/>
  <testcase name="jdivPulloutMinusDenom" classname="de.uka.ilkd.key.proof.proverules.ProveRulesTest" time="3.62"/>
  <testcase name="jdiv_uniquePosPos" classname="de.uka.ilkd.key.proof.proverules.ProveRulesTest" time="3.565"/>
  <testcase name="jdiv_uniquePosNeg" classname="de.uka.ilkd.key.proof.proverules.ProveRulesTest" time="3.557"/>
  <testcase name="jdiv_uniqueNegPos" classname="de.uka.ilkd.key.proof.proverules.ProveRulesTest" time="3.528"/>
  <testcase name="jdiv_uniqueNegNeg" classname="de.uka.ilkd.key.proof.proverules.ProveRulesTest" time="3.552"/>
  <testcase name="jdivMultDenom1" classname="de.uka.ilkd.key.proof.proverules.ProveRulesTest" time="3.587"/>
  <testcase name="jdivMultDenom2" classname="de.uka.ilkd.key.proof.proverules.ProveRulesTest" time="3.516"/>
  <testcase name="mod_geZero" classname="de.uka.ilkd.key.proof.proverules.ProveRulesTest" time="3.581"/>
  <testcase name="mod_lessDenom" classname="de.uka.ilkd.key.proof.proverules.ProveRulesTest" time="3.526"/>
  <testcase name="jmod_NumPos" classname="de.uka.ilkd.key.proof.proverules.ProveRulesTest" time="3.534"/>
  <testcase name="jmod_NumNeg" classname="de.uka.ilkd.key.proof.proverules.ProveRulesTest" time="3.568"/>
  <testcase name="jmod_geZero" classname="de.uka.ilkd.key.proof.proverules.ProveRulesTest" time="3.529"/>
  <testcase name="jmodNumZero" classname="de.uka.ilkd.key.proof.proverules.ProveRulesTest" time="3.541"/>
  <testcase name="jmod_pulloutminusNum" classname="de.uka.ilkd.key.proof.proverules.ProveRulesTest" time="3.532"/>
  <testcase name="jmod_pulloutminusDenom" classname="de.uka.ilkd.key.proof.proverules.ProveRulesTest" time="3.544"/>
  <testcase name="jmodUnique1" classname="de.uka.ilkd.key.proof.proverules.ProveRulesTest" time="3.673"/>
  <testcase name="jmodUnique2" classname="de.uka.ilkd.key.proof.proverules.ProveRulesTest" time="3.67"/>
  <testcase name="intDivRem" classname="de.uka.ilkd.key.proof.proverules.ProveRulesTest" time="3.531"/>
  <testcase name="jmodjmod" classname="de.uka.ilkd.key.proof.proverules.ProveRulesTest" time="3.605"/>
  <testcase name="jmodDivisible" classname="de.uka.ilkd.key.proof.proverules.ProveRulesTest" time="3.544"/>
  <testcase name="jmodDivisibleRep" classname="de.uka.ilkd.key.proof.proverules.ProveRulesTest" time="3.53"/>
  <testcase name="jdivAddMultDenom" classname="de.uka.ilkd.key.proof.proverules.ProveRulesTest" time="3.724"/>
  <testcase name="jmodAltZero" classname="de.uka.ilkd.key.proof.proverules.ProveRulesTest" time="3.536"/>
  <testcase name="jmodAddMultDenomZero" classname="de.uka.ilkd.key.proof.proverules.ProveRulesTest" time="3.553"/>
  <testcase name="polyDiv_zero" classname="de.uka.ilkd.key.proof.proverules.ProveRulesTest" time="3.531"/>
  <testcase name="polyMod_ltdivDenom" classname="de.uka.ilkd.key.proof.proverules.ProveRulesTest" time="3.544"/>
  <testcase name="bsum_empty" classname="de.uka.ilkd.key.proof.proverules.ProveRulesTest" time="3.51"/>
  <testcase name="bsum_induction_upper" classname="de.uka.ilkd.key.proof.proverules.ProveRulesTest" time="3.518"/>
  <testcase name="bsum_induction_lower" classname="de.uka.ilkd.key.proof.proverules.ProveRulesTest" time="3.551"/>
  <testcase name="bsum_num_of_bounds" classname="de.uka.ilkd.key.proof.proverules.ProveRulesTest" time="3.541"/>
  <testcase name="bsum_num_of_bounds2" classname="de.uka.ilkd.key.proof.proverules.ProveRulesTest" time="3.553"/>
  <testcase name="bsum_induction_upper2" classname="de.uka.ilkd.key.proof.proverules.ProveRulesTest" time="3.508"/>
  <testcase name="bsum_induction_upper_concrete" classname="de.uka.ilkd.key.proof.proverules.ProveRulesTest" time="3.518"/>
  <testcase name="bsum_induction_upper_concrete_2" classname="de.uka.ilkd.key.proof.proverules.ProveRulesTest" time="3.526"/>
  <testcase name="bsum_induction_upper2_concrete" classname="de.uka.ilkd.key.proof.proverules.ProveRulesTest" time="3.511"/>
  <testcase name="bsum_induction_lower_concrete" classname="de.uka.ilkd.key.proof.proverules.ProveRulesTest" time="3.531"/>
  <testcase name="bsum_induction_lower2" classname="de.uka.ilkd.key.proof.proverules.ProveRulesTest" time="3.501"/>
  <testcase name="bsum_induction_lower2_concrete" classname="de.uka.ilkd.key.proof.proverules.ProveRulesTest" time="3.531"/>
  <testcase name="bsum_positive" classname="de.uka.ilkd.key.proof.proverules.ProveRulesTest" time="3.603"/>
  <testcase name="bsum_upper_bound" classname="de.uka.ilkd.key.proof.proverules.ProveRulesTest" time="3.631"/>
  <testcase name="bsum_lower_bound" classname="de.uka.ilkd.key.proof.proverules.ProveRulesTest" time="3.584"/>
  <testcase name="bsum_positive_lower_bound_element" classname="de.uka.ilkd.key.proof.proverules.ProveRulesTest" time="3.544"/>
  <testcase name="bsum_sub_same_index" classname="de.uka.ilkd.key.proof.proverules.ProveRulesTest" time="3.543"/>
  <testcase name="bsum_less_same_index" classname="de.uka.ilkd.key.proof.proverules.ProveRulesTest" time="3.572"/>
  <testcase name="bsum_equal_except_one_index" classname="de.uka.ilkd.key.proof.proverules.ProveRulesTest" time="3.538"/>
  <testcase name="bsum_num_of_is_max" classname="de.uka.ilkd.key.proof.proverules.ProveRulesTest" time="3.545"/>
  <testcase name="bsum_num_of_is_max2" classname="de.uka.ilkd.key.proof.proverules.ProveRulesTest" time="3.556"/>
  <testcase name="bsum_num_of_is_max3" classname="de.uka.ilkd.key.proof.proverules.ProveRulesTest" time="3.532"/>
  <testcase name="bsum_num_of_is_max4" classname="de.uka.ilkd.key.proof.proverules.ProveRulesTest" time="3.559"/>
  <testcase name="bsum_num_of_lt_max" classname="de.uka.ilkd.key.proof.proverules.ProveRulesTest" time="3.549"/>
  <testcase name="bsum_num_of_lt_max2" classname="de.uka.ilkd.key.proof.proverules.ProveRulesTest" time="3.558"/>
  <testcase name="bsum_num_of_lt_max3" classname="de.uka.ilkd.key.proof.proverules.ProveRulesTest" time="3.554"/>
  <testcase name="bsum_num_of_lt_max4" classname="de.uka.ilkd.key.proof.proverules.ProveRulesTest" time="3.533"/>
  <testcase name="bsum_num_of_gt0" classname="de.uka.ilkd.key.proof.proverules.ProveRulesTest" time="3.535"/>
  <testcase name="bsum_num_of_gt0_alt" classname="de.uka.ilkd.key.proof.proverules.ProveRulesTest" time="3.533"/>
  <testcase name="bsum_add_concrete" classname="de.uka.ilkd.key.proof.proverules.ProveRulesTest" time="3.546"/>
  <testcase name="bprod_all_positive" classname="de.uka.ilkd.key.proof.proverules.ProveRulesTest" time="3.541"/>
  <testcase name="bprod_split" classname="de.uka.ilkd.key.proof.proverules.ProveRulesTest" time="3.56"/>
  <testcase name="powConcrete0" classname="de.uka.ilkd.key.proof.proverules.ProveRulesTest" time="3.515"/>
  <testcase name="powConcrete1" classname="de.uka.ilkd.key.proof.proverules.ProveRulesTest" time="3.575"/>
  <testcase name="powSplitFactor" classname="de.uka.ilkd.key.proof.proverules.ProveRulesTest" time="3.507"/>
  <testcase name="powAdd" classname="de.uka.ilkd.key.proof.proverules.ProveRulesTest" time="3.516"/>
  <testcase name="powMono" classname="de.uka.ilkd.key.proof.proverules.ProveRulesTest" time="3.513"/>
  <testcase name="powMonoConcrete" classname="de.uka.ilkd.key.proof.proverules.ProveRulesTest" time="3.513"/>
  <testcase name="powMonoConcreteRight" classname="de.uka.ilkd.key.proof.proverules.ProveRulesTest" time="3.509"/>
  <testcase name="powPositive" classname="de.uka.ilkd.key.proof.proverules.ProveRulesTest" time="3.506"/>
  <testcase name="powPositiveConcrete" classname="de.uka.ilkd.key.proof.proverules.ProveRulesTest" time="3.522"/>
  <testcase name="powGeq1Concrete" classname="de.uka.ilkd.key.proof.proverules.ProveRulesTest" time="3.559"/>
  <testcase name="pow2InIntLower" classname="de.uka.ilkd.key.proof.proverules.ProveRulesTest" time="3.493"/>
  <testcase name="pow2InIntUpper" classname="de.uka.ilkd.key.proof.proverules.ProveRulesTest" time="3.503"/>
  <testcase name="logSelfConcrete" classname="de.uka.ilkd.key.proof.proverules.ProveRulesTest" time="3.509"/>
  <testcase name="log1Concrete" classname="de.uka.ilkd.key.proof.proverules.ProveRulesTest" time="3.5"/>
  <testcase name="logProduct" classname="de.uka.ilkd.key.proof.proverules.ProveRulesTest" time="3.51"/>
  <testcase name="logTimesBaseConcrete" classname="de.uka.ilkd.key.proof.proverules.ProveRulesTest" time="3.509"/>
  <testcase name="logProdIdentity" classname="de.uka.ilkd.key.proof.proverules.ProveRulesTest" time="3.529"/>
  <testcase name="logProdIdentityConcrete" classname="de.uka.ilkd.key.proof.proverules.ProveRulesTest" time="3.513"/>
  <testcase name="logPowIdentity" classname="de.uka.ilkd.key.proof.proverules.ProveRulesTest" time="3.516"/>
  <testcase name="logPowIdentityConcrete" classname="de.uka.ilkd.key.proof.proverules.ProveRulesTest" time="3.511"/>
  <testcase name="logPositive" classname="de.uka.ilkd.key.proof.proverules.ProveRulesTest" time="3.533"/>
  <testcase name="logPositiveConcrete" classname="de.uka.ilkd.key.proof.proverules.ProveRulesTest" time="3.52"/>
  <testcase name="logMono" classname="de.uka.ilkd.key.proof.proverules.ProveRulesTest" time="3.583"/>
  <testcase name="logMonoConcrete" classname="de.uka.ilkd.key.proof.proverules.ProveRulesTest" time="3.558"/>
  <testcase name="powLogLess" classname="de.uka.ilkd.key.proof.proverules.ProveRulesTest" time="3.54"/>
  <testcase name="powLogMore2" classname="de.uka.ilkd.key.proof.proverules.ProveRulesTest" time="3.542"/>
  <testcase name="logLessThanPow" classname="de.uka.ilkd.key.proof.proverules.ProveRulesTest" time="3.586"/>
  <testcase name="logLessThanPowConcrete" classname="de.uka.ilkd.key.proof.proverules.ProveRulesTest" time="3.518"/>
  <testcase name="logSqueeze" classname="de.uka.ilkd.key.proof.proverules.ProveRulesTest" time="3.524"/>
  <testcase name="ifthenelse_equals" classname="de.uka.ilkd.key.proof.proverules.ProveRulesTest" time="3.527"/>
  <testcase name="ifthenelse_equals_1" classname="de.uka.ilkd.key.proof.proverules.ProveRulesTest" time="3.615"/>
  <testcase name="ifthenelse_equals_2" classname="de.uka.ilkd.key.proof.proverules.ProveRulesTest" time="3.528"/>
  <testcase name="disjointWithSingleton1" classname="de.uka.ilkd.key.proof.proverules.ProveRulesTest" time="3.557"/>
  <testcase name="disjointWithSingleton2" classname="de.uka.ilkd.key.proof.proverules.ProveRulesTest" time="3.559"/>
  <testcase name="disjointArrayRanges" classname="de.uka.ilkd.key.proof.proverules.ProveRulesTest" time="3.574"/>
  <testcase name="disjointArrayRangeAllFields1" classname="de.uka.ilkd.key.proof.proverules.ProveRulesTest" time="3.553"/>
  <testcase name="disjointArrayRangeAllFields2" classname="de.uka.ilkd.key.proof.proverules.ProveRulesTest" time="3.542"/>
  <testcase name="seqSelfDefinition" classname="de.uka.ilkd.key.proof.proverules.ProveRulesTest" time="3.535"/>
  <testcase name="seqOutsideValue" classname="de.uka.ilkd.key.proof.proverules.ProveRulesTest" time="3.515"/>
  <testcase name="castedGetAny" classname="de.uka.ilkd.key.proof.proverules.ProveRulesTest" time="3.53"/>
  <testcase name="seqGetAlphaCast" classname="de.uka.ilkd.key.proof.proverules.ProveRulesTest" time="3.513"/>
  <testcase name="getOfSeqSingleton" classname="de.uka.ilkd.key.proof.proverules.ProveRulesTest" time="3.517"/>
  <testcase name="getOfSeqSingletonConcrete" classname="de.uka.ilkd.key.proof.proverules.ProveRulesTest" time="3.514"/>
  <testcase name="getOfSeqConcat" classname="de.uka.ilkd.key.proof.proverules.ProveRulesTest" time="3.534"/>
  <testcase name="getOfSeqSub" classname="de.uka.ilkd.key.proof.proverules.ProveRulesTest" time="3.526"/>
  <testcase name="getOfSeqReverse" classname="de.uka.ilkd.key.proof.proverules.ProveRulesTest" time="3.528"/>
  <testcase name="lenOfSeqEmpty" classname="de.uka.ilkd.key.proof.proverules.ProveRulesTest" time="3.545"/>
  <testcase name="lenOfSeqSingleton" classname="de.uka.ilkd.key.proof.proverules.ProveRulesTest" time="3.533"/>
  <testcase name="lenOfSeqConcat" classname="de.uka.ilkd.key.proof.proverules.ProveRulesTest" time="3.531"/>
  <testcase name="lenOfSeqSub" classname="de.uka.ilkd.key.proof.proverules.ProveRulesTest" time="3.535"/>
  <testcase name="lenOfSeqReverse" classname="de.uka.ilkd.key.proof.proverules.ProveRulesTest" time="3.552"/>
  <testcase name="equalityToSeqGetAndSeqLenLeft" classname="de.uka.ilkd.key.proof.proverules.ProveRulesTest" time="3.552"/>
  <testcase name="equalityToSeqGetAndSeqLenRight" classname="de.uka.ilkd.key.proof.proverules.ProveRulesTest" time="3.532"/>
  <testcase name="getOfSeqSingletonEQ" classname="de.uka.ilkd.key.proof.proverules.ProveRulesTest" time="3.53"/>
  <testcase name="getOfSeqConcatEQ" classname="de.uka.ilkd.key.proof.proverules.ProveRulesTest" time="3.548"/>
  <testcase name="getOfSeqSubEQ" classname="de.uka.ilkd.key.proof.proverules.ProveRulesTest" time="3.528"/>
  <testcase name="getOfSeqReverseEQ" classname="de.uka.ilkd.key.proof.proverules.ProveRulesTest" time="3.526"/>
  <testcase name="lenOfSeqEmptyEQ" classname="de.uka.ilkd.key.proof.proverules.ProveRulesTest" time="3.524"/>
  <testcase name="lenOfSeqSingletonEQ" classname="de.uka.ilkd.key.proof.proverules.ProveRulesTest" time="3.541"/>
  <testcase name="lenOfSeqConcatEQ" classname="de.uka.ilkd.key.proof.proverules.ProveRulesTest" time="3.536"/>
  <testcase name="lenOfSeqSubEQ" classname="de.uka.ilkd.key.proof.proverules.ProveRulesTest" time="3.536"/>
  <testcase name="lenOfSeqReverseEQ" classname="de.uka.ilkd.key.proof.proverules.ProveRulesTest" time="3.53"/>
  <testcase name="getOfSeqDefEQ" classname="de.uka.ilkd.key.proof.proverules.ProveRulesTest" time="3.53"/>
  <testcase name="lenOfSeqDefEQ" classname="de.uka.ilkd.key.proof.proverules.ProveRulesTest" time="3.547"/>
  <testcase name="seqConcatWithSeqEmpty1" classname="de.uka.ilkd.key.proof.proverules.ProveRulesTest" time="3.545"/>
  <testcase name="seqConcatWithSeqEmpty2" classname="de.uka.ilkd.key.proof.proverules.ProveRulesTest" time="3.559"/>
  <testcase name="seqReverseOfSeqEmpty" classname="de.uka.ilkd.key.proof.proverules.ProveRulesTest" time="3.54"/>
  <testcase name="subSeqComplete" classname="de.uka.ilkd.key.proof.proverules.ProveRulesTest" time="3.546"/>
  <testcase name="subSeqTailR" classname="de.uka.ilkd.key.proof.proverules.ProveRulesTest" time="3.549"/>
  <testcase name="subSeqTailL" classname="de.uka.ilkd.key.proof.proverules.ProveRulesTest" time="3.567"/>
  <testcase name="subSeqTailEQR" classname="de.uka.ilkd.key.proof.proverules.ProveRulesTest" time="3.567"/>
  <testcase name="subSeqTailEQL" classname="de.uka.ilkd.key.proof.proverules.ProveRulesTest" time="3.546"/>
  <testcase name="seqDef_split" classname="de.uka.ilkd.key.proof.proverules.ProveRulesTest" time="3.611"/>
  <testcase name="seqDef_induction_upper" classname="de.uka.ilkd.key.proof.proverules.ProveRulesTest" time="3.577"/>
  <testcase name="seqDef_induction_upper_concrete" classname="de.uka.ilkd.key.proof.proverules.ProveRulesTest" time="3.567"/>
  <testcase name="seqDef_induction_lower" classname="de.uka.ilkd.key.proof.proverules.ProveRulesTest" time="3.572"/>
  <testcase name="seqDef_induction_lower_concrete" classname="de.uka.ilkd.key.proof.proverules.ProveRulesTest" time="3.589"/>
  <testcase name="seqDef_split_in_three" classname="de.uka.ilkd.key.proof.proverules.ProveRulesTest" time="3.75"/>
  <testcase name="seqDef_empty" classname="de.uka.ilkd.key.proof.proverules.ProveRulesTest" time="3.552"/>
  <testcase name="seqDef_one_summand" classname="de.uka.ilkd.key.proof.proverules.ProveRulesTest" time="3.537"/>
  <testcase name="seqDef_lower_equals_upper" classname="de.uka.ilkd.key.proof.proverules.ProveRulesTest" time="3.533"/>
  <testcase name="seqDefOfSeq" classname="de.uka.ilkd.key.proof.proverules.ProveRulesTest" time="3.572"/>
  <testcase name="seqSelfDefinitionEQ2" classname="de.uka.ilkd.key.proof.proverules.ProveRulesTest" time="3.54"/>
  <testcase name="indexOfSeqSingleton" classname="de.uka.ilkd.key.proof.proverules.ProveRulesTest" time="3.54"/>
  <testcase name="indexOfSeqConcatFirst" classname="de.uka.ilkd.key.proof.proverules.ProveRulesTest" time="3.546"/>
  <testcase name="indexOfSeqConcatSecond" classname="de.uka.ilkd.key.proof.proverules.ProveRulesTest" time="3.56"/>
  <testcase name="indexOfSeqSub" classname="de.uka.ilkd.key.proof.proverules.ProveRulesTest" time="3.554"/>
  <testcase name="lenOfArray2seq" classname="de.uka.ilkd.key.proof.proverules.ProveRulesTest" time="3.522"/>
  <testcase name="getAnyOfArray2seq" classname="de.uka.ilkd.key.proof.proverules.ProveRulesTest" time="3.526"/>
  <testcase name="getOfArray2seq" classname="de.uka.ilkd.key.proof.proverules.ProveRulesTest" time="3.587"/>
  <testcase name="getAnyOfNPermInv" classname="de.uka.ilkd.key.proof.proverules.ProveRulesTest" time="3.512"/>
  <testcase name="seqNPermRange" classname="de.uka.ilkd.key.proof.proverules.ProveRulesTest" time="3.602"/>
  <testcase name="seqPermTrans" classname="de.uka.ilkd.key.proof.proverules.ProveRulesTest" time="3.616"/>
  <testcase name="seqPermRefl" classname="de.uka.ilkd.key.proof.proverules.ProveRulesTest" time="3.565"/>
  <testcase name="seqPermSplit" classname="de.uka.ilkd.key.proof.proverules.ProveRulesTest" time="3.59"/>
  <testcase name="seqNPermRight" classname="de.uka.ilkd.key.proof.proverules.ProveRulesTest" time="3.88"/>
  <testcase name="seqPermFromSwap" classname="de.uka.ilkd.key.proof.proverules.ProveRulesTest" time="3.677"/>
  <testcase name="seqPermTransAlt0" classname="de.uka.ilkd.key.proof.proverules.ProveRulesTest" time="3.553"/>
  <testcase name="seqPermTransAlt1" classname="de.uka.ilkd.key.proof.proverules.ProveRulesTest" time="3.555"/>
  <testcase name="seqPermTransAlt2" classname="de.uka.ilkd.key.proof.proverules.ProveRulesTest" time="3.526"/>
  <testcase name="seqPermTransAlt3" classname="de.uka.ilkd.key.proof.proverules.ProveRulesTest" time="3.5"/>
  <testcase name="schiffl_lemma_2" classname="de.uka.ilkd.key.proof.proverules.ProveRulesTest" time="20.111"/>
  <testcase name="schiffl_thm_1" classname="de.uka.ilkd.key.proof.proverules.ProveRulesTest" time="4.353"/>
  <testcase name="eqSameSeq" classname="de.uka.ilkd.key.proof.proverules.ProveRulesTest" time="3.608"/>
  <system-out><![CDATA[]]></system-out>
  <system-err><![CDATA[SLF4J: No SLF4J providers were found.
SLF4J: Defaulting to no-operation (NOP) logger implementation
SLF4J: See https://www.slf4j.org/codes.html#noProviders for further details.
SLF4J: Class path contains SLF4J bindings targeting slf4j-api versions 1.7.x or earlier.
SLF4J: Ignoring binding found at [jar:file:/home/runner/.gradle/caches/modules-2/files-2.1/ch.qos.logback/logback-classic/1.2.10/f69d97ef3335c6ab82fc21dfb77ac613f90c1221/logback-classic-1.2.10.jar!/org/slf4j/impl/StaticLoggerBinder.class]
SLF4J: See https://www.slf4j.org/codes.html#ignoredBindings for an explanation.
]]></system-err>
</testsuite>
