<?xml version="1.0" encoding="UTF-8"?>
<testsuite name="de.uka.ilkd.key.macros.scripts.meta.RewriteTest" tests="2" skipped="0" failures="0" errors="0" timestamp="2023-03-22T16:21:19" hostname="fv-az581-383" time="5.073">
  <properties/>
  <testcase name="testLessTransitive()" classname="de.uka.ilkd.key.macros.scripts.meta.RewriteTest" time="2.557"/>
  <testcase name="testTransitive()" classname="de.uka.ilkd.key.macros.scripts.meta.RewriteTest" time="2.516"/>
  <system-out><![CDATA[]]></system-out>
  <system-err><![CDATA[]]></system-err>
</testsuite>
