<?xml version="1.0" encoding="UTF-8"?>
<testsuite name="de.uka.ilkd.key.speclang.njml.TextualTranslatorTest" tests="2" skipped="0" failures="0" errors="0" timestamp="2023-03-22T16:29:53" hostname="fv-az581-383" time="0.002">
  <properties/>
  <testcase name="constructsOrderRightAssertAssume()" classname="de.uka.ilkd.key.speclang.njml.TextualTranslatorTest" time="0.001"/>
  <testcase name="constructsOrderRightAssumeAssert()" classname="de.uka.ilkd.key.speclang.njml.TextualTranslatorTest" time="0.001"/>
  <system-out><![CDATA[]]></system-out>
  <system-err><![CDATA[]]></system-err>
</testsuite>
