<?xml version="1.0" encoding="UTF-8"?>
<testsuite name="de.uka.ilkd.key.proof_references.testcase.analyst.TestClassAxiomAndInvariantProofReferencesAnalyst" tests="5" skipped="0" failures="0" errors="0" timestamp="2023-02-04T10:59:45" hostname="fv-az167-438" time="16.263">
  <properties/>
  <testcase name="testModelFieldTest_f()" classname="de.uka.ilkd.key.proof_references.testcase.analyst.TestClassAxiomAndInvariantProofReferencesAnalyst" time="3.252"/>
  <testcase name="testModelFieldTest_doubleX()" classname="de.uka.ilkd.key.proof_references.testcase.analyst.TestClassAxiomAndInvariantProofReferencesAnalyst" time="3.2"/>
  <testcase name="testInvariantInOperationContractOfArgument()" classname="de.uka.ilkd.key.proof_references.testcase.analyst.TestClassAxiomAndInvariantProofReferencesAnalyst" time="3.24"/>
  <testcase name="testInvariantInOperationContract()" classname="de.uka.ilkd.key.proof_references.testcase.analyst.TestClassAxiomAndInvariantProofReferencesAnalyst" time="3.243"/>
  <testcase name="testNestedInvariantInOperationContract()" classname="de.uka.ilkd.key.proof_references.testcase.analyst.TestClassAxiomAndInvariantProofReferencesAnalyst" time="3.322"/>
  <system-out><![CDATA[]]></system-out>
  <system-err><![CDATA[]]></system-err>
</testsuite>
