<?xml version="1.0" encoding="UTF-8"?>
<testsuite name="de.uka.ilkd.key.testcase.smt.testgen.TestTestgen" tests="1" skipped="0" failures="0" errors="0" timestamp="2023-05-27T16:17:24" hostname="fv-az618-145" time="4.51">
  <properties/>
  <testcase name="testMiddle()" classname="de.uka.ilkd.key.testcase.smt.testgen.TestTestgen" time="4.51"/>
  <system-out><![CDATA[16324      WARN  Test worker     d.u.i.k.t.s.t.TestTestgen Warning: Z3_CE is not installed, tests skipped. 
16324      WARN  Test worker     d.u.i.k.t.s.t.TestTestgen Maybe use JVM system property "z3SolverPath" to define the path to the Z3 command. 
16340      INFO  Test worker     d.u.i.k.p.i.AbstractProblemLoader Loading environment from src\test\resources\testcase\smt\tg\middle.key 
16340      DEBUG Test worker     d.u.i.k.p.i.AbstractProblemLoader Environment load took 286.4ns 
16340      INFO  Test worker     d.u.i.k.p.i.AbstractProblemLoader Creating init config 
20079      DEBUG Test worker     d.u.i.k.p.i.AbstractProblemLoader Init config took 3.73s 
20173      INFO  Test worker     d.u.i.k.p.i.AbstractProblemLoader Replaying proof Middle[Middle::middle(int,int,int)].JML normal_behavior operation contract.0 
20188      DEBUG Test worker     d.u.i.k.p.i.IntermediateProofReplayer Proof replay took 17.7ns 
]]></system-out>
  <system-err><![CDATA[]]></system-err>
</testsuite>
