<?xml version="1.0" encoding="UTF-8"?>
<testsuite name="de.uka.ilkd.key.parser.TestParallelParsing" tests="1" skipped="0" failures="1" errors="0" timestamp="2023-02-06T16:35:23" hostname="fv-az280-76" time="0.186">
  <properties/>
  <testcase name="testLoadingOfTwoDifferentProofFiles()" classname="de.uka.ilkd.key.parser.TestParallelParsing" time="0.186">
    <failure message="line 135:14 mismatched input '\ifExintVar' expecting {MODALITY, FORALL, EXISTS, '\if', '\ifEx', 'true', 'false', '(', '{', '@', NOT, SEQARROW, '-', STRING_LITERAL, CHAR_LITERAL, BIN_LITERAL, HEX_LITERAL, IDENT, INT_LITERAL, FLOAT_LITERAL, DOUBLE_LITERAL, REAL_LITERAL}&#10;line 135:27 extraneous input '(' expecting {'\lemma', '}', IDENT, '/*!'}&#10;line 135:44 mismatched input ')' expecting {'(', '{'}&#10;line 141:14 mismatched input '\ifExintVar' expecting {MODALITY, FORALL, EXISTS, '\if', '\ifEx', 'true', 'false', '(', '{', '@', NOT, SEQARROW, '-', STRING_LITERAL, CHAR_LITERAL, BIN_LITERAL, HEX_LITERAL, IDENT, INT_LITERAL, FLOAT_LITERAL, DOUBLE_LITERAL, REAL_LITERAL}&#10;line 141:27 extraneous input '(' expecting {'\lemma', '}', IDENT, '/*!'}&#10;line 141:41 mismatched input ')' expecting {'(', '{'}&#10;line 148:14 mismatched input '\ifExintVar' expecting {MODALITY, FORALL, EXISTS, '\if', '\ifEx', 'true', 'false', '(', '{', '@', NOT, SEQARROW, '-', STRING_LITERAL, CHAR_LITERAL, BIN_LITERAL, HEX_LITERAL, IDENT, INT_LITERAL, FLOAT_LITERAL, DOUBLE_LITERAL, REAL_LITERAL}&#10;line 148:27 extraneous input '(' expecting {'\lemma', '}', IDENT, '/*!'}&#10;line 148:35 mismatched input '=' expecting {'(', '{'}&#10;line 150:38 mismatched input '}' expecting {'(', '{'}&#10;line 155:14 mismatched input '\ifExintVar' expecting {MODALITY, FORALL, EXISTS, '\if', '\ifEx', 'true', 'false', '(', '{', '@', NOT, SEQARROW, '-', STRING_LITERAL, CHAR_LITERAL, BIN_LITERAL, HEX_LITERAL, IDENT, INT_LITERAL, FLOAT_LITERAL, DOUBLE_LITERAL, REAL_LITERAL}&#10;line 155:27 extraneous input '(' expecting {'\lemma', '}', IDENT, '/*!'}&#10;line 155:35 mismatched input '=' expecting {'(', '{'}&#10;line 157:38 mismatched input '}' expecting {'(', '{'}&#10;line 163:14 mismatched input '\ifExintVar' expecting {MODALITY, FORALL, EXISTS, '\if', '\ifEx', 'true', 'false', '(', '{', '@', NOT, SEQARROW, '-', STRING_LITERAL, CHAR_LITERAL, BIN_LITERAL, HEX_LITERAL, IDENT, INT_LITERAL, FLOAT_LITERAL, DOUBLE_LITERAL, REAL_LITERAL}&#10;line 163:27 extraneous input '(' expecting {'\lemma', '}', IDENT, '/*!'}&#10;line 163:30 mismatched input '=' expecting {'(', '{'}&#10;line 165:38 mismatched input '}' expecting {'(', '{'}&#10;line 171:14 mismatched input '\ifExintVar' expecting {MODALITY, FORALL, EXISTS, '\if', '\ifEx', 'true', 'false', '(', '{', '@', NOT, SEQARROW, '-', STRING_LITERAL, CHAR_LITERAL, BIN_LITERAL, HEX_LITERAL, IDENT, INT_LITERAL, FLOAT_LITERAL, DOUBLE_LITERAL, REAL_LITERAL}&#10;line 171:27 extraneous input '(' expecting {'\lemma', '}', IDENT, '/*!'}&#10;line 171:30 mismatched input '=' expecting {'(', '{'}&#10;line 173:38 mismatched input '}' expecting {'(', '{'}&#10;line 179:14 mismatched input '\ifExintVar' expecting {MODALITY, FORALL, EXISTS, '\if', '\ifEx', 'true', 'false', '(', '{', '@', NOT, SEQARROW, '-', STRING_LITERAL, CHAR_LITERAL, BIN_LITERAL, HEX_LITERAL, IDENT, INT_LITERAL, FLOAT_LITERAL, DOUBLE_LITERAL, REAL_LITERAL}&#10;line 179:27 extraneous input '(' expecting {'\lemma', '}', IDENT, '/*!'}&#10;line 179:32 mismatched input '&amp;' expecting {'(', '{'}&#10;line 181:42 mismatched input '}' expecting {'(', '{'}&#10;line 182:39 mismatched input '}' expecting {'(', '{'}&#10;line 188:14 mismatched input '\ifExintVar' expecting {MODALITY, FORALL, EXISTS, '\if', '\ifEx', 'true', 'false', '(', '{', '@', NOT, SEQARROW, '-', STRING_LITERAL, CHAR_LITERAL, BIN_LITERAL, HEX_LITERAL, IDENT, INT_LITERAL, FLOAT_LITERAL, DOUBLE_LITERAL, REAL_LITERAL}&#10;line 188:27 extraneous input '(' expecting {'\lemma', '}', IDENT, '/*!'}&#10;line 188:32 mismatched input '&amp;' expecting {'(', '{'}&#10;line 190:42 mismatched input '}' expecting {'(', '{'}&#10;line 191:39 mismatched input '}' expecting {'(', '{'}&#10;line 198:14 mismatched input '\ifExintVar' expecting {MODALITY, FORALL, EXISTS, '\if', '\ifEx', 'true', 'false', '(', '{', '@', NOT, SEQARROW, '-', STRING_LITERAL, CHAR_LITERAL, BIN_LITERAL, HEX_LITERAL, IDENT, INT_LITERAL, FLOAT_LITERAL, DOUBLE_LITERAL, REAL_LITERAL}&#10;line 198:27 extraneous input '(' expecting {'\lemma', '}', IDENT, '/*!'}&#10;line 198:32 mismatched input '&amp;' expecting {'(', '{'}&#10;line 200:42 mismatched input '}' expecting {'(', '{'}&#10;line 201:39 mismatched input '}' expecting {'(', '{'}&#10;line 208:14 mismatched input '\ifExintVar' expecting {MODALITY, FORALL, EXISTS, '\if', '\ifEx', 'true', 'false', '(', '{', '@', NOT, SEQARROW, '-', STRING_LITERAL, CHAR_LITERAL, BIN_LITERAL, HEX_LITERAL, IDENT, INT_LITERAL, FLOAT_LITERAL, DOUBLE_LITERAL, REAL_LITERAL}&#10;line 208:27 extraneous input '(' expecting {'\lemma', '}', IDENT, '/*!'}&#10;line 208:32 mismatched input '&amp;' expecting {'(', '{'}&#10;line 210:42 mismatched input '}' expecting {'(', '{'}&#10;line 211:39 mismatched input '}' expecting {'(', '{'}&#10;line 218:14 mismatched input '\ifExintVar' expecting {MODALITY, FORALL, EXISTS, '\if', '\ifEx', 'true', 'false', '(', '{', '@', NOT, SEQARROW, '-', STRING_LITERAL, CHAR_LITERAL, BIN_LITERAL, HEX_LITERAL, IDENT, INT_LITERAL, FLOAT_LITERAL, DOUBLE_LITERAL, REAL_LITERAL}&#10;line 218:27 extraneous input '(' expecting {'\lemma', '}', IDENT, '/*!'}&#10;line 218:31 mismatched input ')' expecting {'(', '{'}&#10;line 220:44 mismatched input ')' expecting {'(', '{'}&#10;line 225:14 mismatched input '\ifExintVar' expecting {MODALITY, FORALL, EXISTS, '\if', '\ifEx', 'true', 'false', '(', '{', '@', NOT, SEQARROW, '-', STRING_LITERAL, CHAR_LITERAL, BIN_LITERAL, HEX_LITERAL, IDENT, INT_LITERAL, FLOAT_LITERAL, DOUBLE_LITERAL, REAL_LITERAL}&#10;line 225:27 extraneous input '(' expecting {'\lemma', '}', IDENT, '/*!'}&#10;line 225:31 mismatched input ')' expecting {'(', '{'}&#10;line 227:44 mismatched input ')' expecting {'(', '{'}&#10;line 233:14 mismatched input '\ifExintVar' expecting {MODALITY, FORALL, EXISTS, '\if', '\ifEx', 'true', 'false', '(', '{', '@', NOT, SEQARROW, '-', STRING_LITERAL, CHAR_LITERAL, BIN_LITERAL, HEX_LITERAL, IDENT, INT_LITERAL, FLOAT_LITERAL, DOUBLE_LITERAL, REAL_LITERAL}&#10;line 233:27 extraneous input '(' expecting {'\lemma', '}', IDENT, '/*!'}&#10;line 233:31 mismatched input ')' expecting {'(', '{'}&#10;line 237:42 mismatched input '}' expecting {'(', '{'}&#10;line 238:34 mismatched input '}' expecting {'(', '{'}&#10;line 239:28 extraneous input '(' expecting {'\lemma', '}', IDENT, '/*!'}&#10;line 239:33 mismatched input '-&gt;' expecting {'(', '{'}&#10;line 240:8 extraneous input '\replacewith' expecting {'\lemma', '}', IDENT, '/*!'}&#10;line 240:25 mismatched input ')' expecting {'(', '{'}&#10;line 240:56 mismatched input ')' expecting {'(', '{'}&#10;line 245:14 mismatched input '\ifExintVar' expecting {MODALITY, FORALL, EXISTS, '\if', '\ifEx', 'true', 'false', '(', '{', '@', NOT, SEQARROW, '-', STRING_LITERAL, CHAR_LITERAL, BIN_LITERAL, HEX_LITERAL, IDENT, INT_LITERAL, FLOAT_LITERAL, DOUBLE_LITERAL, REAL_LITERAL}&#10;line 245:27 extraneous input '(' expecting {'\lemma', '}', IDENT, '/*!'}&#10;line 245:31 mismatched input ')' expecting {'(', '{'}&#10;line 248:45 mismatched input '}' expecting {'(', '{'}&#10;line 249:8 extraneous input '\replacewith' expecting {'\lemma', '}', IDENT, '/*!'}&#10;line 249:38 mismatched input ')' expecting {'(', '{'}&#10;line 250:42 mismatched input '}' expecting {'(', '{'}&#10;line 251:28 extraneous input '(' expecting {'\lemma', '}', IDENT, '/*!'}&#10;line 251:33 mismatched input '-&gt;' expecting {'(', '{'}&#10;line 255:14 mismatched input '\ifExintVar' expecting {MODALITY, FORALL, EXISTS, '\if', '\ifEx', 'true', 'false', '(', '{', '@', NOT, SEQARROW, '-', STRING_LITERAL, CHAR_LITERAL, BIN_LITERAL, HEX_LITERAL, IDENT, INT_LITERAL, FLOAT_LITERAL, DOUBLE_LITERAL, REAL_LITERAL}&#10;line 255:27 extraneous input '(' expecting {'\lemma', '}', IDENT, '/*!'}&#10;line 255:31 mismatched input ')' expecting {'(', '{'}&#10;line 258:52 extraneous input '0' expecting {'\lemma', '}', IDENT, '/*!'}&#10;line 258:54 mismatched input 'then' expecting {&lt;EOF&gt;, '\problem', '\chooseContract', '\proofObligation', '\proof'}&#10; (file: src/test/resources/testcase/parser/MultipleRecursion/MultipleRecursion[MultipleRecursion__a()]_JML_normal_behavior_operation_contract_0.proof; caused by: de.uka.ilkd.key.proof.init.ProofInputException: line 135:14 mismatched input '\ifExintVar' expecting {MODALITY, FORALL, EXISTS, '\if', '\ifEx', 'true', 'false', '(', '{', '@', NOT, SEQARROW, '-', STRING_LITERAL, CHAR_LITERAL, BIN_LITERAL, HEX_LITERAL, IDENT, INT_LITERAL, FLOAT_LITERAL, DOUBLE_LITERAL, REAL_LITERAL}&#10;line 135:27 extraneous input '(' expecting {'\lemma', '}', IDENT, '/*!'}&#10;line 135:44 mismatched input ')' expecting {'(', '{'}&#10;line 141:14 mismatched input '\ifExintVar' expecting {MODALITY, FORALL, EXISTS, '\if', '\ifEx', 'true', 'false', '(', '{', '@', NOT, SEQARROW, '-', STRING_LITERAL, CHAR_LITERAL, BIN_LITERAL, HEX_LITERAL, IDENT, INT_LITERAL, FLOAT_LITERAL, DOUBLE_LITERAL, REAL_LITERAL}&#10;line 141:27 extraneous input '(' expecting {'\lemma', '}', IDENT, '/*!'}&#10;line 141:41 mismatched input ')' expecting {'(', '{'}&#10;line 148:14 mismatched input '\ifExintVar' expecting {MODALITY, FORALL, EXISTS, '\if', '\ifEx', 'true', 'false', '(', '{', '@', NOT, SEQARROW, '-', STRING_LITERAL, CHAR_LITERAL, BIN_LITERAL, HEX_LITERAL, IDENT, INT_LITERAL, FLOAT_LITERAL, DOUBLE_LITERAL, REAL_LITERAL}&#10;line 148:27 extraneous input '(' expecting {'\lemma', '}', IDENT, '/*!'}&#10;line 148:35 mismatched input '=' expecting {'(', '{'}&#10;line 150:38 mismatched input '}' expecting {'(', '{'}&#10;line 155:14 mismatched input '\ifExintVar' expecting {MODALITY, FORALL, EXISTS, '\if', '\ifEx', 'true', 'false', '(', '{', '@', NOT, SEQARROW, '-', STRING_LITERAL, CHAR_LITERAL, BIN_LITERAL, HEX_LITERAL, IDENT, INT_LITERAL, FLOAT_LITERAL, DOUBLE_LITERAL, REAL_LITERAL}&#10;line 155:27 extraneous input '(' expecting {'\lemma', '}', IDENT, '/*!'}&#10;line 155:35 mismatched input '=' expecting {'(', '{'}&#10;line 157:38 mismatched input '}' expecting {'(', '{'}&#10;line 163:14 mismatched input '\ifExintVar' expecting {MODALITY, FORALL, EXISTS, '\if', '\ifEx', 'true', 'false', '(', '{', '@', NOT, SEQARROW, '-', STRING_LITERAL, CHAR_LITERAL, BIN_LITERAL, HEX_LITERAL, IDENT, INT_LITERAL, FLOAT_LITERAL, DOUBLE_LITERAL, REAL_LITERAL}&#10;line 163:27 extraneous input '(' expecting {'\lemma', '}', IDENT, '/*!'}&#10;line 163:30 mismatched input '=' expecting {'(', '{'}&#10;line 165:38 mismatched input '}' expecting {'(', '{'}&#10;line 171:14 mismatched input '\ifExintVar' expecting {MODALITY, FORALL, EXISTS, '\if', '\ifEx', 'true', 'false', '(', '{', '@', NOT, SEQARROW, '-', STRING_LITERAL, CHAR_LITERAL, BIN_LITERAL, HEX_LITERAL, IDENT, INT_LITERAL, FLOAT_LITERAL, DOUBLE_LITERAL, REAL_LITERAL}&#10;line 171:27 extraneous input '(' expecting {'\lemma', '}', IDENT, '/*!'}&#10;line 171:30 mismatched input '=' expecting {'(', '{'}&#10;line 173:38 mismatched input '}' expecting {'(', '{'}&#10;line 179:14 mismatched input '\ifExintVar' expecting {MODALITY, FORALL, EXISTS, '\if', '\ifEx', 'true', 'false', '(', '{', '@', NOT, SEQARROW, '-', STRING_LITERAL, CHAR_LITERAL, BIN_LITERAL, HEX_LITERAL, IDENT, INT_LITERAL, FLOAT_LITERAL, DOUBLE_LITERAL, REAL_LITERAL}&#10;line 179:27 extraneous input '(' expecting {'\lemma', '}', IDENT, '/*!'}&#10;line 179:32 mismatched input '&amp;' expecting {'(', '{'}&#10;line 181:42 mismatched input '}' expecting {'(', '{'}&#10;line 182:39 mismatched input '}' expecting {'(', '{'}&#10;line 188:14 mismatched input '\ifExintVar' expecting {MODALITY, FORALL, EXISTS, '\if', '\ifEx', 'true', 'false', '(', '{', '@', NOT, SEQARROW, '-', STRING_LITERAL, CHAR_LITERAL, BIN_LITERAL, HEX_LITERAL, IDENT, INT_LITERAL, FLOAT_LITERAL, DOUBLE_LITERAL, REAL_LITERAL}&#10;line 188:27 extraneous input '(' expecting {'\lemma', '}', IDENT, '/*!'}&#10;line 188:32 mismatched input '&amp;' expecting {'(', '{'}&#10;line 190:42 mismatched input '}' expecting {'(', '{'}&#10;line 191:39 mismatched input '}' expecting {'(', '{'}&#10;line 198:14 mismatched input '\ifExintVar' expecting {MODALITY, FORALL, EXISTS, '\if', '\ifEx', 'true', 'false', '(', '{', '@', NOT, SEQARROW, '-', STRING_LITERAL, CHAR_LITERAL, BIN_LITERAL, HEX_LITERAL, IDENT, INT_LITERAL, FLOAT_LITERAL, DOUBLE_LITERAL, REAL_LITERAL}&#10;line 198:27 extraneous input '(' expecting {'\lemma', '}', IDENT, '/*!'}&#10;line 198:32 mismatched input '&amp;' expecting {'(', '{'}&#10;line 200:42 mismatched input '}' expecting {'(', '{'}&#10;line 201:39 mismatched input '}' expecting {'(', '{'}&#10;line 208:14 mismatched input '\ifExintVar' expecting {MODALITY, FORALL, EXISTS, '\if', '\ifEx', 'true', 'false', '(', '{', '@', NOT, SEQARROW, '-', STRING_LITERAL, CHAR_LITERAL, BIN_LITERAL, HEX_LITERAL, IDENT, INT_LITERAL, FLOAT_LITERAL, DOUBLE_LITERAL, REAL_LITERAL}&#10;line 208:27 extraneous input '(' expecting {'\lemma', '}', IDENT, '/*!'}&#10;line 208:32 mismatched input '&amp;' expecting {'(', '{'}&#10;line 210:42 mismatched input '}' expecting {'(', '{'}&#10;line 211:39 mismatched input '}' expecting {'(', '{'}&#10;line 218:14 mismatched input '\ifExintVar' expecting {MODALITY, FORALL, EXISTS, '\if', '\ifEx', 'true', 'false', '(', '{', '@', NOT, SEQARROW, '-', STRING_LITERAL, CHAR_LITERAL, BIN_LITERAL, HEX_LITERAL, IDENT, INT_LITERAL, FLOAT_LITERAL, DOUBLE_LITERAL, REAL_LITERAL}&#10;line 218:27 extraneous input '(' expecting {'\lemma', '}', IDENT, '/*!'}&#10;line 218:31 mismatched input ')' expecting {'(', '{'}&#10;line 220:44 mismatched input ')' expecting {'(', '{'}&#10;line 225:14 mismatched input '\ifExintVar' expecting {MODALITY, FORALL, EXISTS, '\if', '\ifEx', 'true', 'false', '(', '{', '@', NOT, SEQARROW, '-', STRING_LITERAL, CHAR_LITERAL, BIN_LITERAL, HEX_LITERAL, IDENT, INT_LITERAL, FLOAT_LITERAL, DOUBLE_LITERAL, REAL_LITERAL}&#10;line 225:27 extraneous input '(' expecting {'\lemma', '}', IDENT, '/*!'}&#10;line 225:31 mismatched input ')' expecting {'(', '{'}&#10;line 227:44 mismatched input ')' expecting {'(', '{'}&#10;line 233:14 mismatched input '\ifExintVar' expecting {MODALITY, FORALL, EXISTS, '\if', '\ifEx', 'true', 'false', '(', '{', '@', NOT, SEQARROW, '-', STRING_LITERAL, CHAR_LITERAL, BIN_LITERAL, HEX_LITERAL, IDENT, INT_LITERAL, FLOAT_LITERAL, DOUBLE_LITERAL, REAL_LITERAL}&#10;line 233:27 extraneous input '(' expecting {'\lemma', '}', IDENT, '/*!'}&#10;line 233:31 mismatched input ')' expecting {'(', '{'}&#10;line 237:42 mismatched input '}' expecting {'(', '{'}&#10;line 238:34 mismatched input '}' expecting {'(', '{'}&#10;line 239:28 extraneous input '(' expecting {'\lemma', '}', IDENT, '/*!'}&#10;line 239:33 mismatched input '-&gt;' expecting {'(', '{'}&#10;line 240:8 extraneous input '\replacewith' expecting {'\lemma', '}', IDENT, '/*!'}&#10;line 240:25 mismatched input ')' expecting {'(', '{'}&#10;line 240:56 mismatched input ')' expecting {'(', '{'}&#10;line 245:14 mismatched input '\ifExintVar' expecting {MODALITY, FORALL, EXISTS, '\if', '\ifEx', 'true', 'false', '(', '{', '@', NOT, SEQARROW, '-', STRING_LITERAL, CHAR_LITERAL, BIN_LITERAL, HEX_LITERAL, IDENT, INT_LITERAL, FLOAT_LITERAL, DOUBLE_LITERAL, REAL_LITERAL}&#10;line 245:27 extraneous input '(' expecting {'\lemma', '}', IDENT, '/*!'}&#10;line 245:31 mismatched input ')' expecting {'(', '{'}&#10;line 248:45 mismatched input '}' expecting {'(', '{'}&#10;line 249:8 extraneous input '\replacewith' expecting {'\lemma', '}', IDENT, '/*!'}&#10;line 249:38 mismatched input ')' expecting {'(', '{'}&#10;line 250:42 mismatched input '}' expecting {'(', '{'}&#10;line 251:28 extraneous input '(' expecting {'\lemma', '}', IDENT, '/*!'}&#10;line 251:33 mismatched input '-&gt;' expecting {'(', '{'}&#10;line 255:14 mismatched input '\ifExintVar' expecting {MODALITY, FORALL, EXISTS, '\if', '\ifEx', 'true', 'false', '(', '{', '@', NOT, SEQARROW, '-', STRING_LITERAL, CHAR_LITERAL, BIN_LITERAL, HEX_LITERAL, IDENT, INT_LITERAL, FLOAT_LITERAL, DOUBLE_LITERAL, REAL_LITERAL}&#10;line 255:27 extraneous input '(' expecting {'\lemma', '}', IDENT, '/*!'}&#10;line 255:31 mismatched input ')' expecting {'(', '{'}&#10;line 258:52 extraneous input '0' expecting {'\lemma', '}', IDENT, '/*!'}&#10;line 258:54 mismatched input 'then' expecting {&lt;EOF&gt;, '\problem', '\chooseContract', '\proofObligation', '\proof'}&#10;)" type="de.uka.ilkd.key.proof.io.ProblemLoaderException">line 135:14 mismatched input '\ifExintVar' expecting {MODALITY, FORALL, EXISTS, '\if', '\ifEx', 'true', 'false', '(', '{', '@', NOT, SEQARROW, '-', STRING_LITERAL, CHAR_LITERAL, BIN_LITERAL, HEX_LITERAL, IDENT, INT_LITERAL, FLOAT_LITERAL, DOUBLE_LITERAL, REAL_LITERAL}
line 135:27 extraneous input '(' expecting {'\lemma', '}', IDENT, '/*!'}
line 135:44 mismatched input ')' expecting {'(', '{'}
line 141:14 mismatched input '\ifExintVar' expecting {MODALITY, FORALL, EXISTS, '\if', '\ifEx', 'true', 'false', '(', '{', '@', NOT, SEQARROW, '-', STRING_LITERAL, CHAR_LITERAL, BIN_LITERAL, HEX_LITERAL, IDENT, INT_LITERAL, FLOAT_LITERAL, DOUBLE_LITERAL, REAL_LITERAL}
line 141:27 extraneous input '(' expecting {'\lemma', '}', IDENT, '/*!'}
line 141:41 mismatched input ')' expecting {'(', '{'}
line 148:14 mismatched input '\ifExintVar' expecting {MODALITY, FORALL, EXISTS, '\if', '\ifEx', 'true', 'false', '(', '{', '@', NOT, SEQARROW, '-', STRING_LITERAL, CHAR_LITERAL, BIN_LITERAL, HEX_LITERAL, IDENT, INT_LITERAL, FLOAT_LITERAL, DOUBLE_LITERAL, REAL_LITERAL}
line 148:27 extraneous input '(' expecting {'\lemma', '}', IDENT, '/*!'}
line 148:35 mismatched input '=' expecting {'(', '{'}
line 150:38 mismatched input '}' expecting {'(', '{'}
line 155:14 mismatched input '\ifExintVar' expecting {MODALITY, FORALL, EXISTS, '\if', '\ifEx', 'true', 'false', '(', '{', '@', NOT, SEQARROW, '-', STRING_LITERAL, CHAR_LITERAL, BIN_LITERAL, HEX_LITERAL, IDENT, INT_LITERAL, FLOAT_LITERAL, DOUBLE_LITERAL, REAL_LITERAL}
line 155:27 extraneous input '(' expecting {'\lemma', '}', IDENT, '/*!'}
line 155:35 mismatched input '=' expecting {'(', '{'}
line 157:38 mismatched input '}' expecting {'(', '{'}
line 163:14 mismatched input '\ifExintVar' expecting {MODALITY, FORALL, EXISTS, '\if', '\ifEx', 'true', 'false', '(', '{', '@', NOT, SEQARROW, '-', STRING_LITERAL, CHAR_LITERAL, BIN_LITERAL, HEX_LITERAL, IDENT, INT_LITERAL, FLOAT_LITERAL, DOUBLE_LITERAL, REAL_LITERAL}
line 163:27 extraneous input '(' expecting {'\lemma', '}', IDENT, '/*!'}
line 163:30 mismatched input '=' expecting {'(', '{'}
line 165:38 mismatched input '}' expecting {'(', '{'}
line 171:14 mismatched input '\ifExintVar' expecting {MODALITY, FORALL, EXISTS, '\if', '\ifEx', 'true', 'false', '(', '{', '@', NOT, SEQARROW, '-', STRING_LITERAL, CHAR_LITERAL, BIN_LITERAL, HEX_LITERAL, IDENT, INT_LITERAL, FLOAT_LITERAL, DOUBLE_LITERAL, REAL_LITERAL}
line 171:27 extraneous input '(' expecting {'\lemma', '}', IDENT, '/*!'}
line 171:30 mismatched input '=' expecting {'(', '{'}
line 173:38 mismatched input '}' expecting {'(', '{'}
line 179:14 mismatched input '\ifExintVar' expecting {MODALITY, FORALL, EXISTS, '\if', '\ifEx', 'true', 'false', '(', '{', '@', NOT, SEQARROW, '-', STRING_LITERAL, CHAR_LITERAL, BIN_LITERAL, HEX_LITERAL, IDENT, INT_LITERAL, FLOAT_LITERAL, DOUBLE_LITERAL, REAL_LITERAL}
line 179:27 extraneous input '(' expecting {'\lemma', '}', IDENT, '/*!'}
line 179:32 mismatched input '&amp;' expecting {'(', '{'}
line 181:42 mismatched input '}' expecting {'(', '{'}
line 182:39 mismatched input '}' expecting {'(', '{'}
line 188:14 mismatched input '\ifExintVar' expecting {MODALITY, FORALL, EXISTS, '\if', '\ifEx', 'true', 'false', '(', '{', '@', NOT, SEQARROW, '-', STRING_LITERAL, CHAR_LITERAL, BIN_LITERAL, HEX_LITERAL, IDENT, INT_LITERAL, FLOAT_LITERAL, DOUBLE_LITERAL, REAL_LITERAL}
line 188:27 extraneous input '(' expecting {'\lemma', '}', IDENT, '/*!'}
line 188:32 mismatched input '&amp;' expecting {'(', '{'}
line 190:42 mismatched input '}' expecting {'(', '{'}
line 191:39 mismatched input '}' expecting {'(', '{'}
line 198:14 mismatched input '\ifExintVar' expecting {MODALITY, FORALL, EXISTS, '\if', '\ifEx', 'true', 'false', '(', '{', '@', NOT, SEQARROW, '-', STRING_LITERAL, CHAR_LITERAL, BIN_LITERAL, HEX_LITERAL, IDENT, INT_LITERAL, FLOAT_LITERAL, DOUBLE_LITERAL, REAL_LITERAL}
line 198:27 extraneous input '(' expecting {'\lemma', '}', IDENT, '/*!'}
line 198:32 mismatched input '&amp;' expecting {'(', '{'}
line 200:42 mismatched input '}' expecting {'(', '{'}
line 201:39 mismatched input '}' expecting {'(', '{'}
line 208:14 mismatched input '\ifExintVar' expecting {MODALITY, FORALL, EXISTS, '\if', '\ifEx', 'true', 'false', '(', '{', '@', NOT, SEQARROW, '-', STRING_LITERAL, CHAR_LITERAL, BIN_LITERAL, HEX_LITERAL, IDENT, INT_LITERAL, FLOAT_LITERAL, DOUBLE_LITERAL, REAL_LITERAL}
line 208:27 extraneous input '(' expecting {'\lemma', '}', IDENT, '/*!'}
line 208:32 mismatched input '&amp;' expecting {'(', '{'}
line 210:42 mismatched input '}' expecting {'(', '{'}
line 211:39 mismatched input '}' expecting {'(', '{'}
line 218:14 mismatched input '\ifExintVar' expecting {MODALITY, FORALL, EXISTS, '\if', '\ifEx', 'true', 'false', '(', '{', '@', NOT, SEQARROW, '-', STRING_LITERAL, CHAR_LITERAL, BIN_LITERAL, HEX_LITERAL, IDENT, INT_LITERAL, FLOAT_LITERAL, DOUBLE_LITERAL, REAL_LITERAL}
line 218:27 extraneous input '(' expecting {'\lemma', '}', IDENT, '/*!'}
line 218:31 mismatched input ')' expecting {'(', '{'}
line 220:44 mismatched input ')' expecting {'(', '{'}
line 225:14 mismatched input '\ifExintVar' expecting {MODALITY, FORALL, EXISTS, '\if', '\ifEx', 'true', 'false', '(', '{', '@', NOT, SEQARROW, '-', STRING_LITERAL, CHAR_LITERAL, BIN_LITERAL, HEX_LITERAL, IDENT, INT_LITERAL, FLOAT_LITERAL, DOUBLE_LITERAL, REAL_LITERAL}
line 225:27 extraneous input '(' expecting {'\lemma', '}', IDENT, '/*!'}
line 225:31 mismatched input ')' expecting {'(', '{'}
line 227:44 mismatched input ')' expecting {'(', '{'}
line 233:14 mismatched input '\ifExintVar' expecting {MODALITY, FORALL, EXISTS, '\if', '\ifEx', 'true', 'false', '(', '{', '@', NOT, SEQARROW, '-', STRING_LITERAL, CHAR_LITERAL, BIN_LITERAL, HEX_LITERAL, IDENT, INT_LITERAL, FLOAT_LITERAL, DOUBLE_LITERAL, REAL_LITERAL}
line 233:27 extraneous input '(' expecting {'\lemma', '}', IDENT, '/*!'}
line 233:31 mismatched input ')' expecting {'(', '{'}
line 237:42 mismatched input '}' expecting {'(', '{'}
line 238:34 mismatched input '}' expecting {'(', '{'}
line 239:28 extraneous input '(' expecting {'\lemma', '}', IDENT, '/*!'}
line 239:33 mismatched input '-&gt;' expecting {'(', '{'}
line 240:8 extraneous input '\replacewith' expecting {'\lemma', '}', IDENT, '/*!'}
line 240:25 mismatched input ')' expecting {'(', '{'}
line 240:56 mismatched input ')' expecting {'(', '{'}
line 245:14 mismatched input '\ifExintVar' expecting {MODALITY, FORALL, EXISTS, '\if', '\ifEx', 'true', 'false', '(', '{', '@', NOT, SEQARROW, '-', STRING_LITERAL, CHAR_LITERAL, BIN_LITERAL, HEX_LITERAL, IDENT, INT_LITERAL, FLOAT_LITERAL, DOUBLE_LITERAL, REAL_LITERAL}
line 245:27 extraneous input '(' expecting {'\lemma', '}', IDENT, '/*!'}
line 245:31 mismatched input ')' expecting {'(', '{'}
line 248:45 mismatched input '}' expecting {'(', '{'}
line 249:8 extraneous input '\replacewith' expecting {'\lemma', '}', IDENT, '/*!'}
line 249:38 mismatched input ')' expecting {'(', '{'}
line 250:42 mismatched input '}' expecting {'(', '{'}
line 251:28 extraneous input '(' expecting {'\lemma', '}', IDENT, '/*!'}
line 251:33 mismatched input '-&gt;' expecting {'(', '{'}
line 255:14 mismatched input '\ifExintVar' expecting {MODALITY, FORALL, EXISTS, '\if', '\ifEx', 'true', 'false', '(', '{', '@', NOT, SEQARROW, '-', STRING_LITERAL, CHAR_LITERAL, BIN_LITERAL, HEX_LITERAL, IDENT, INT_LITERAL, FLOAT_LITERAL, DOUBLE_LITERAL, REAL_LITERAL}
line 255:27 extraneous input '(' expecting {'\lemma', '}', IDENT, '/*!'}
line 255:31 mismatched input ')' expecting {'(', '{'}
line 258:52 extraneous input '0' expecting {'\lemma', '}', IDENT, '/*!'}
line 258:54 mismatched input 'then' expecting {&lt;EOF&gt;, '\problem', '\chooseContract', '\proofObligation', '\proof'}
 (file: src/test/resources/testcase/parser/MultipleRecursion/MultipleRecursion[MultipleRecursion__a()]_JML_normal_behavior_operation_contract_0.proof; caused by: de.uka.ilkd.key.proof.init.ProofInputException: line 135:14 mismatched input '\ifExintVar' expecting {MODALITY, FORALL, EXISTS, '\if', '\ifEx', 'true', 'false', '(', '{', '@', NOT, SEQARROW, '-', STRING_LITERAL, CHAR_LITERAL, BIN_LITERAL, HEX_LITERAL, IDENT, INT_LITERAL, FLOAT_LITERAL, DOUBLE_LITERAL, REAL_LITERAL}
line 135:27 extraneous input '(' expecting {'\lemma', '}', IDENT, '/*!'}
line 135:44 mismatched input ')' expecting {'(', '{'}
line 141:14 mismatched input '\ifExintVar' expecting {MODALITY, FORALL, EXISTS, '\if', '\ifEx', 'true', 'false', '(', '{', '@', NOT, SEQARROW, '-', STRING_LITERAL, CHAR_LITERAL, BIN_LITERAL, HEX_LITERAL, IDENT, INT_LITERAL, FLOAT_LITERAL, DOUBLE_LITERAL, REAL_LITERAL}
line 141:27 extraneous input '(' expecting {'\lemma', '}', IDENT, '/*!'}
line 141:41 mismatched input ')' expecting {'(', '{'}
line 148:14 mismatched input '\ifExintVar' expecting {MODALITY, FORALL, EXISTS, '\if', '\ifEx', 'true', 'false', '(', '{', '@', NOT, SEQARROW, '-', STRING_LITERAL, CHAR_LITERAL, BIN_LITERAL, HEX_LITERAL, IDENT, INT_LITERAL, FLOAT_LITERAL, DOUBLE_LITERAL, REAL_LITERAL}
line 148:27 extraneous input '(' expecting {'\lemma', '}', IDENT, '/*!'}
line 148:35 mismatched input '=' expecting {'(', '{'}
line 150:38 mismatched input '}' expecting {'(', '{'}
line 155:14 mismatched input '\ifExintVar' expecting {MODALITY, FORALL, EXISTS, '\if', '\ifEx', 'true', 'false', '(', '{', '@', NOT, SEQARROW, '-', STRING_LITERAL, CHAR_LITERAL, BIN_LITERAL, HEX_LITERAL, IDENT, INT_LITERAL, FLOAT_LITERAL, DOUBLE_LITERAL, REAL_LITERAL}
line 155:27 extraneous input '(' expecting {'\lemma', '}', IDENT, '/*!'}
line 155:35 mismatched input '=' expecting {'(', '{'}
line 157:38 mismatched input '}' expecting {'(', '{'}
line 163:14 mismatched input '\ifExintVar' expecting {MODALITY, FORALL, EXISTS, '\if', '\ifEx', 'true', 'false', '(', '{', '@', NOT, SEQARROW, '-', STRING_LITERAL, CHAR_LITERAL, BIN_LITERAL, HEX_LITERAL, IDENT, INT_LITERAL, FLOAT_LITERAL, DOUBLE_LITERAL, REAL_LITERAL}
line 163:27 extraneous input '(' expecting {'\lemma', '}', IDENT, '/*!'}
line 163:30 mismatched input '=' expecting {'(', '{'}
line 165:38 mismatched input '}' expecting {'(', '{'}
line 171:14 mismatched input '\ifExintVar' expecting {MODALITY, FORALL, EXISTS, '\if', '\ifEx', 'true', 'false', '(', '{', '@', NOT, SEQARROW, '-', STRING_LITERAL, CHAR_LITERAL, BIN_LITERAL, HEX_LITERAL, IDENT, INT_LITERAL, FLOAT_LITERAL, DOUBLE_LITERAL, REAL_LITERAL}
line 171:27 extraneous input '(' expecting {'\lemma', '}', IDENT, '/*!'}
line 171:30 mismatched input '=' expecting {'(', '{'}
line 173:38 mismatched input '}' expecting {'(', '{'}
line 179:14 mismatched input '\ifExintVar' expecting {MODALITY, FORALL, EXISTS, '\if', '\ifEx', 'true', 'false', '(', '{', '@', NOT, SEQARROW, '-', STRING_LITERAL, CHAR_LITERAL, BIN_LITERAL, HEX_LITERAL, IDENT, INT_LITERAL, FLOAT_LITERAL, DOUBLE_LITERAL, REAL_LITERAL}
line 179:27 extraneous input '(' expecting {'\lemma', '}', IDENT, '/*!'}
line 179:32 mismatched input '&amp;' expecting {'(', '{'}
line 181:42 mismatched input '}' expecting {'(', '{'}
line 182:39 mismatched input '}' expecting {'(', '{'}
line 188:14 mismatched input '\ifExintVar' expecting {MODALITY, FORALL, EXISTS, '\if', '\ifEx', 'true', 'false', '(', '{', '@', NOT, SEQARROW, '-', STRING_LITERAL, CHAR_LITERAL, BIN_LITERAL, HEX_LITERAL, IDENT, INT_LITERAL, FLOAT_LITERAL, DOUBLE_LITERAL, REAL_LITERAL}
line 188:27 extraneous input '(' expecting {'\lemma', '}', IDENT, '/*!'}
line 188:32 mismatched input '&amp;' expecting {'(', '{'}
line 190:42 mismatched input '}' expecting {'(', '{'}
line 191:39 mismatched input '}' expecting {'(', '{'}
line 198:14 mismatched input '\ifExintVar' expecting {MODALITY, FORALL, EXISTS, '\if', '\ifEx', 'true', 'false', '(', '{', '@', NOT, SEQARROW, '-', STRING_LITERAL, CHAR_LITERAL, BIN_LITERAL, HEX_LITERAL, IDENT, INT_LITERAL, FLOAT_LITERAL, DOUBLE_LITERAL, REAL_LITERAL}
line 198:27 extraneous input '(' expecting {'\lemma', '}', IDENT, '/*!'}
line 198:32 mismatched input '&amp;' expecting {'(', '{'}
line 200:42 mismatched input '}' expecting {'(', '{'}
line 201:39 mismatched input '}' expecting {'(', '{'}
line 208:14 mismatched input '\ifExintVar' expecting {MODALITY, FORALL, EXISTS, '\if', '\ifEx', 'true', 'false', '(', '{', '@', NOT, SEQARROW, '-', STRING_LITERAL, CHAR_LITERAL, BIN_LITERAL, HEX_LITERAL, IDENT, INT_LITERAL, FLOAT_LITERAL, DOUBLE_LITERAL, REAL_LITERAL}
line 208:27 extraneous input '(' expecting {'\lemma', '}', IDENT, '/*!'}
line 208:32 mismatched input '&amp;' expecting {'(', '{'}
line 210:42 mismatched input '}' expecting {'(', '{'}
line 211:39 mismatched input '}' expecting {'(', '{'}
line 218:14 mismatched input '\ifExintVar' expecting {MODALITY, FORALL, EXISTS, '\if', '\ifEx', 'true', 'false', '(', '{', '@', NOT, SEQARROW, '-', STRING_LITERAL, CHAR_LITERAL, BIN_LITERAL, HEX_LITERAL, IDENT, INT_LITERAL, FLOAT_LITERAL, DOUBLE_LITERAL, REAL_LITERAL}
line 218:27 extraneous input '(' expecting {'\lemma', '}', IDENT, '/*!'}
line 218:31 mismatched input ')' expecting {'(', '{'}
line 220:44 mismatched input ')' expecting {'(', '{'}
line 225:14 mismatched input '\ifExintVar' expecting {MODALITY, FORALL, EXISTS, '\if', '\ifEx', 'true', 'false', '(', '{', '@', NOT, SEQARROW, '-', STRING_LITERAL, CHAR_LITERAL, BIN_LITERAL, HEX_LITERAL, IDENT, INT_LITERAL, FLOAT_LITERAL, DOUBLE_LITERAL, REAL_LITERAL}
line 225:27 extraneous input '(' expecting {'\lemma', '}', IDENT, '/*!'}
line 225:31 mismatched input ')' expecting {'(', '{'}
line 227:44 mismatched input ')' expecting {'(', '{'}
line 233:14 mismatched input '\ifExintVar' expecting {MODALITY, FORALL, EXISTS, '\if', '\ifEx', 'true', 'false', '(', '{', '@', NOT, SEQARROW, '-', STRING_LITERAL, CHAR_LITERAL, BIN_LITERAL, HEX_LITERAL, IDENT, INT_LITERAL, FLOAT_LITERAL, DOUBLE_LITERAL, REAL_LITERAL}
line 233:27 extraneous input '(' expecting {'\lemma', '}', IDENT, '/*!'}
line 233:31 mismatched input ')' expecting {'(', '{'}
line 237:42 mismatched input '}' expecting {'(', '{'}
line 238:34 mismatched input '}' expecting {'(', '{'}
line 239:28 extraneous input '(' expecting {'\lemma', '}', IDENT, '/*!'}
line 239:33 mismatched input '-&gt;' expecting {'(', '{'}
line 240:8 extraneous input '\replacewith' expecting {'\lemma', '}', IDENT, '/*!'}
line 240:25 mismatched input ')' expecting {'(', '{'}
line 240:56 mismatched input ')' expecting {'(', '{'}
line 245:14 mismatched input '\ifExintVar' expecting {MODALITY, FORALL, EXISTS, '\if', '\ifEx', 'true', 'false', '(', '{', '@', NOT, SEQARROW, '-', STRING_LITERAL, CHAR_LITERAL, BIN_LITERAL, HEX_LITERAL, IDENT, INT_LITERAL, FLOAT_LITERAL, DOUBLE_LITERAL, REAL_LITERAL}
line 245:27 extraneous input '(' expecting {'\lemma', '}', IDENT, '/*!'}
line 245:31 mismatched input ')' expecting {'(', '{'}
line 248:45 mismatched input '}' expecting {'(', '{'}
line 249:8 extraneous input '\replacewith' expecting {'\lemma', '}', IDENT, '/*!'}
line 249:38 mismatched input ')' expecting {'(', '{'}
line 250:42 mismatched input '}' expecting {'(', '{'}
line 251:28 extraneous input '(' expecting {'\lemma', '}', IDENT, '/*!'}
line 251:33 mismatched input '-&gt;' expecting {'(', '{'}
line 255:14 mismatched input '\ifExintVar' expecting {MODALITY, FORALL, EXISTS, '\if', '\ifEx', 'true', 'false', '(', '{', '@', NOT, SEQARROW, '-', STRING_LITERAL, CHAR_LITERAL, BIN_LITERAL, HEX_LITERAL, IDENT, INT_LITERAL, FLOAT_LITERAL, DOUBLE_LITERAL, REAL_LITERAL}
line 255:27 extraneous input '(' expecting {'\lemma', '}', IDENT, '/*!'}
line 255:31 mismatched input ')' expecting {'(', '{'}
line 258:52 extraneous input '0' expecting {'\lemma', '}', IDENT, '/*!'}
line 258:54 mismatched input 'then' expecting {&lt;EOF&gt;, '\problem', '\chooseContract', '\proofObligation', '\proof'}
)
	at app//de.uka.ilkd.key.control.AbstractUserInterfaceControl.load(AbstractUserInterfaceControl.java:221)
	at app//de.uka.ilkd.key.control.KeYEnvironment.load(KeYEnvironment.java:251)
	at app//de.uka.ilkd.key.control.KeYEnvironment.load(KeYEnvironment.java:224)
	at app//de.uka.ilkd.key.parser.TestParallelParsing$LoadThread.run(TestParallelParsing.java:113)
Caused by: de.uka.ilkd.key.proof.init.ProofInputException: line 135:14 mismatched input '\ifExintVar' expecting {MODALITY, FORALL, EXISTS, '\if', '\ifEx', 'true', 'false', '(', '{', '@', NOT, SEQARROW, '-', STRING_LITERAL, CHAR_LITERAL, BIN_LITERAL, HEX_LITERAL, IDENT, INT_LITERAL, FLOAT_LITERAL, DOUBLE_LITERAL, REAL_LITERAL}
line 135:27 extraneous input '(' expecting {'\lemma', '}', IDENT, '/*!'}
line 135:44 mismatched input ')' expecting {'(', '{'}
line 141:14 mismatched input '\ifExintVar' expecting {MODALITY, FORALL, EXISTS, '\if', '\ifEx', 'true', 'false', '(', '{', '@', NOT, SEQARROW, '-', STRING_LITERAL, CHAR_LITERAL, BIN_LITERAL, HEX_LITERAL, IDENT, INT_LITERAL, FLOAT_LITERAL, DOUBLE_LITERAL, REAL_LITERAL}
line 141:27 extraneous input '(' expecting {'\lemma', '}', IDENT, '/*!'}
line 141:41 mismatched input ')' expecting {'(', '{'}
line 148:14 mismatched input '\ifExintVar' expecting {MODALITY, FORALL, EXISTS, '\if', '\ifEx', 'true', 'false', '(', '{', '@', NOT, SEQARROW, '-', STRING_LITERAL, CHAR_LITERAL, BIN_LITERAL, HEX_LITERAL, IDENT, INT_LITERAL, FLOAT_LITERAL, DOUBLE_LITERAL, REAL_LITERAL}
line 148:27 extraneous input '(' expecting {'\lemma', '}', IDENT, '/*!'}
line 148:35 mismatched input '=' expecting {'(', '{'}
line 150:38 mismatched input '}' expecting {'(', '{'}
line 155:14 mismatched input '\ifExintVar' expecting {MODALITY, FORALL, EXISTS, '\if', '\ifEx', 'true', 'false', '(', '{', '@', NOT, SEQARROW, '-', STRING_LITERAL, CHAR_LITERAL, BIN_LITERAL, HEX_LITERAL, IDENT, INT_LITERAL, FLOAT_LITERAL, DOUBLE_LITERAL, REAL_LITERAL}
line 155:27 extraneous input '(' expecting {'\lemma', '}', IDENT, '/*!'}
line 155:35 mismatched input '=' expecting {'(', '{'}
line 157:38 mismatched input '}' expecting {'(', '{'}
line 163:14 mismatched input '\ifExintVar' expecting {MODALITY, FORALL, EXISTS, '\if', '\ifEx', 'true', 'false', '(', '{', '@', NOT, SEQARROW, '-', STRING_LITERAL, CHAR_LITERAL, BIN_LITERAL, HEX_LITERAL, IDENT, INT_LITERAL, FLOAT_LITERAL, DOUBLE_LITERAL, REAL_LITERAL}
line 163:27 extraneous input '(' expecting {'\lemma', '}', IDENT, '/*!'}
line 163:30 mismatched input '=' expecting {'(', '{'}
line 165:38 mismatched input '}' expecting {'(', '{'}
line 171:14 mismatched input '\ifExintVar' expecting {MODALITY, FORALL, EXISTS, '\if', '\ifEx', 'true', 'false', '(', '{', '@', NOT, SEQARROW, '-', STRING_LITERAL, CHAR_LITERAL, BIN_LITERAL, HEX_LITERAL, IDENT, INT_LITERAL, FLOAT_LITERAL, DOUBLE_LITERAL, REAL_LITERAL}
line 171:27 extraneous input '(' expecting {'\lemma', '}', IDENT, '/*!'}
line 171:30 mismatched input '=' expecting {'(', '{'}
line 173:38 mismatched input '}' expecting {'(', '{'}
line 179:14 mismatched input '\ifExintVar' expecting {MODALITY, FORALL, EXISTS, '\if', '\ifEx', 'true', 'false', '(', '{', '@', NOT, SEQARROW, '-', STRING_LITERAL, CHAR_LITERAL, BIN_LITERAL, HEX_LITERAL, IDENT, INT_LITERAL, FLOAT_LITERAL, DOUBLE_LITERAL, REAL_LITERAL}
line 179:27 extraneous input '(' expecting {'\lemma', '}', IDENT, '/*!'}
line 179:32 mismatched input '&amp;' expecting {'(', '{'}
line 181:42 mismatched input '}' expecting {'(', '{'}
line 182:39 mismatched input '}' expecting {'(', '{'}
line 188:14 mismatched input '\ifExintVar' expecting {MODALITY, FORALL, EXISTS, '\if', '\ifEx', 'true', 'false', '(', '{', '@', NOT, SEQARROW, '-', STRING_LITERAL, CHAR_LITERAL, BIN_LITERAL, HEX_LITERAL, IDENT, INT_LITERAL, FLOAT_LITERAL, DOUBLE_LITERAL, REAL_LITERAL}
line 188:27 extraneous input '(' expecting {'\lemma', '}', IDENT, '/*!'}
line 188:32 mismatched input '&amp;' expecting {'(', '{'}
line 190:42 mismatched input '}' expecting {'(', '{'}
line 191:39 mismatched input '}' expecting {'(', '{'}
line 198:14 mismatched input '\ifExintVar' expecting {MODALITY, FORALL, EXISTS, '\if', '\ifEx', 'true', 'false', '(', '{', '@', NOT, SEQARROW, '-', STRING_LITERAL, CHAR_LITERAL, BIN_LITERAL, HEX_LITERAL, IDENT, INT_LITERAL, FLOAT_LITERAL, DOUBLE_LITERAL, REAL_LITERAL}
line 198:27 extraneous input '(' expecting {'\lemma', '}', IDENT, '/*!'}
line 198:32 mismatched input '&amp;' expecting {'(', '{'}
line 200:42 mismatched input '}' expecting {'(', '{'}
line 201:39 mismatched input '}' expecting {'(', '{'}
line 208:14 mismatched input '\ifExintVar' expecting {MODALITY, FORALL, EXISTS, '\if', '\ifEx', 'true', 'false', '(', '{', '@', NOT, SEQARROW, '-', STRING_LITERAL, CHAR_LITERAL, BIN_LITERAL, HEX_LITERAL, IDENT, INT_LITERAL, FLOAT_LITERAL, DOUBLE_LITERAL, REAL_LITERAL}
line 208:27 extraneous input '(' expecting {'\lemma', '}', IDENT, '/*!'}
line 208:32 mismatched input '&amp;' expecting {'(', '{'}
line 210:42 mismatched input '}' expecting {'(', '{'}
line 211:39 mismatched input '}' expecting {'(', '{'}
line 218:14 mismatched input '\ifExintVar' expecting {MODALITY, FORALL, EXISTS, '\if', '\ifEx', 'true', 'false', '(', '{', '@', NOT, SEQARROW, '-', STRING_LITERAL, CHAR_LITERAL, BIN_LITERAL, HEX_LITERAL, IDENT, INT_LITERAL, FLOAT_LITERAL, DOUBLE_LITERAL, REAL_LITERAL}
line 218:27 extraneous input '(' expecting {'\lemma', '}', IDENT, '/*!'}
line 218:31 mismatched input ')' expecting {'(', '{'}
line 220:44 mismatched input ')' expecting {'(', '{'}
line 225:14 mismatched input '\ifExintVar' expecting {MODALITY, FORALL, EXISTS, '\if', '\ifEx', 'true', 'false', '(', '{', '@', NOT, SEQARROW, '-', STRING_LITERAL, CHAR_LITERAL, BIN_LITERAL, HEX_LITERAL, IDENT, INT_LITERAL, FLOAT_LITERAL, DOUBLE_LITERAL, REAL_LITERAL}
line 225:27 extraneous input '(' expecting {'\lemma', '}', IDENT, '/*!'}
line 225:31 mismatched input ')' expecting {'(', '{'}
line 227:44 mismatched input ')' expecting {'(', '{'}
line 233:14 mismatched input '\ifExintVar' expecting {MODALITY, FORALL, EXISTS, '\if', '\ifEx', 'true', 'false', '(', '{', '@', NOT, SEQARROW, '-', STRING_LITERAL, CHAR_LITERAL, BIN_LITERAL, HEX_LITERAL, IDENT, INT_LITERAL, FLOAT_LITERAL, DOUBLE_LITERAL, REAL_LITERAL}
line 233:27 extraneous input '(' expecting {'\lemma', '}', IDENT, '/*!'}
line 233:31 mismatched input ')' expecting {'(', '{'}
line 237:42 mismatched input '}' expecting {'(', '{'}
line 238:34 mismatched input '}' expecting {'(', '{'}
line 239:28 extraneous input '(' expecting {'\lemma', '}', IDENT, '/*!'}
line 239:33 mismatched input '-&gt;' expecting {'(', '{'}
line 240:8 extraneous input '\replacewith' expecting {'\lemma', '}', IDENT, '/*!'}
line 240:25 mismatched input ')' expecting {'(', '{'}
line 240:56 mismatched input ')' expecting {'(', '{'}
line 245:14 mismatched input '\ifExintVar' expecting {MODALITY, FORALL, EXISTS, '\if', '\ifEx', 'true', 'false', '(', '{', '@', NOT, SEQARROW, '-', STRING_LITERAL, CHAR_LITERAL, BIN_LITERAL, HEX_LITERAL, IDENT, INT_LITERAL, FLOAT_LITERAL, DOUBLE_LITERAL, REAL_LITERAL}
line 245:27 extraneous input '(' expecting {'\lemma', '}', IDENT, '/*!'}
line 245:31 mismatched input ')' expecting {'(', '{'}
line 248:45 mismatched input '}' expecting {'(', '{'}
line 249:8 extraneous input '\replacewith' expecting {'\lemma', '}', IDENT, '/*!'}
line 249:38 mismatched input ')' expecting {'(', '{'}
line 250:42 mismatched input '}' expecting {'(', '{'}
line 251:28 extraneous input '(' expecting {'\lemma', '}', IDENT, '/*!'}
line 251:33 mismatched input '-&gt;' expecting {'(', '{'}
line 255:14 mismatched input '\ifExintVar' expecting {MODALITY, FORALL, EXISTS, '\if', '\ifEx', 'true', 'false', '(', '{', '@', NOT, SEQARROW, '-', STRING_LITERAL, CHAR_LITERAL, BIN_LITERAL, HEX_LITERAL, IDENT, INT_LITERAL, FLOAT_LITERAL, DOUBLE_LITERAL, REAL_LITERAL}
line 255:27 extraneous input '(' expecting {'\lemma', '}', IDENT, '/*!'}
line 255:31 mismatched input ')' expecting {'(', '{'}
line 258:52 extraneous input '0' expecting {'\lemma', '}', IDENT, '/*!'}
line 258:54 mismatched input 'then' expecting {&lt;EOF&gt;, '\problem', '\chooseContract', '\proofObligation', '\proof'}

	at app//de.uka.ilkd.key.proof.io.KeYFile.readIncludes(KeYFile.java:210)
	at app//de.uka.ilkd.key.proof.init.ProblemInitializer.readIncludes(ProblemInitializer.java:177)
	at app//de.uka.ilkd.key.proof.init.ProblemInitializer.readEnvInput(ProblemInitializer.java:325)
	at app//de.uka.ilkd.key.proof.init.ProblemInitializer.readIncludes(ProblemInitializer.java:188)
	at app//de.uka.ilkd.key.proof.init.ProblemInitializer.readEnvInput(ProblemInitializer.java:325)
	at app//de.uka.ilkd.key.proof.init.ProblemInitializer.prepare(ProblemInitializer.java:449)
	at app//de.uka.ilkd.key.proof.io.AbstractProblemLoader.createInitConfig(AbstractProblemLoader.java:518)
	at app//de.uka.ilkd.key.proof.io.AbstractProblemLoader.loadEnvironment(AbstractProblemLoader.java:288)
	at app//de.uka.ilkd.key.proof.io.AbstractProblemLoader.load(AbstractProblemLoader.java:252)
	at app//de.uka.ilkd.key.control.AbstractUserInterfaceControl.load(AbstractUserInterfaceControl.java:209)
	... 3 more
Caused by: de.uka.ilkd.key.util.parsing.SyntaxErrorReporter$ParserException: line 135:14 mismatched input '\ifExintVar' expecting {MODALITY, FORALL, EXISTS, '\if', '\ifEx', 'true', 'false', '(', '{', '@', NOT, SEQARROW, '-', STRING_LITERAL, CHAR_LITERAL, BIN_LITERAL, HEX_LITERAL, IDENT, INT_LITERAL, FLOAT_LITERAL, DOUBLE_LITERAL, REAL_LITERAL}
line 135:27 extraneous input '(' expecting {'\lemma', '}', IDENT, '/*!'}
line 135:44 mismatched input ')' expecting {'(', '{'}
line 141:14 mismatched input '\ifExintVar' expecting {MODALITY, FORALL, EXISTS, '\if', '\ifEx', 'true', 'false', '(', '{', '@', NOT, SEQARROW, '-', STRING_LITERAL, CHAR_LITERAL, BIN_LITERAL, HEX_LITERAL, IDENT, INT_LITERAL, FLOAT_LITERAL, DOUBLE_LITERAL, REAL_LITERAL}
line 141:27 extraneous input '(' expecting {'\lemma', '}', IDENT, '/*!'}
line 141:41 mismatched input ')' expecting {'(', '{'}
line 148:14 mismatched input '\ifExintVar' expecting {MODALITY, FORALL, EXISTS, '\if', '\ifEx', 'true', 'false', '(', '{', '@', NOT, SEQARROW, '-', STRING_LITERAL, CHAR_LITERAL, BIN_LITERAL, HEX_LITERAL, IDENT, INT_LITERAL, FLOAT_LITERAL, DOUBLE_LITERAL, REAL_LITERAL}
line 148:27 extraneous input '(' expecting {'\lemma', '}', IDENT, '/*!'}
line 148:35 mismatched input '=' expecting {'(', '{'}
line 150:38 mismatched input '}' expecting {'(', '{'}
line 155:14 mismatched input '\ifExintVar' expecting {MODALITY, FORALL, EXISTS, '\if', '\ifEx', 'true', 'false', '(', '{', '@', NOT, SEQARROW, '-', STRING_LITERAL, CHAR_LITERAL, BIN_LITERAL, HEX_LITERAL, IDENT, INT_LITERAL, FLOAT_LITERAL, DOUBLE_LITERAL, REAL_LITERAL}
line 155:27 extraneous input '(' expecting {'\lemma', '}', IDENT, '/*!'}
line 155:35 mismatched input '=' expecting {'(', '{'}
line 157:38 mismatched input '}' expecting {'(', '{'}
line 163:14 mismatched input '\ifExintVar' expecting {MODALITY, FORALL, EXISTS, '\if', '\ifEx', 'true', 'false', '(', '{', '@', NOT, SEQARROW, '-', STRING_LITERAL, CHAR_LITERAL, BIN_LITERAL, HEX_LITERAL, IDENT, INT_LITERAL, FLOAT_LITERAL, DOUBLE_LITERAL, REAL_LITERAL}
line 163:27 extraneous input '(' expecting {'\lemma', '}', IDENT, '/*!'}
line 163:30 mismatched input '=' expecting {'(', '{'}
line 165:38 mismatched input '}' expecting {'(', '{'}
line 171:14 mismatched input '\ifExintVar' expecting {MODALITY, FORALL, EXISTS, '\if', '\ifEx', 'true', 'false', '(', '{', '@', NOT, SEQARROW, '-', STRING_LITERAL, CHAR_LITERAL, BIN_LITERAL, HEX_LITERAL, IDENT, INT_LITERAL, FLOAT_LITERAL, DOUBLE_LITERAL, REAL_LITERAL}
line 171:27 extraneous input '(' expecting {'\lemma', '}', IDENT, '/*!'}
line 171:30 mismatched input '=' expecting {'(', '{'}
line 173:38 mismatched input '}' expecting {'(', '{'}
line 179:14 mismatched input '\ifExintVar' expecting {MODALITY, FORALL, EXISTS, '\if', '\ifEx', 'true', 'false', '(', '{', '@', NOT, SEQARROW, '-', STRING_LITERAL, CHAR_LITERAL, BIN_LITERAL, HEX_LITERAL, IDENT, INT_LITERAL, FLOAT_LITERAL, DOUBLE_LITERAL, REAL_LITERAL}
line 179:27 extraneous input '(' expecting {'\lemma', '}', IDENT, '/*!'}
line 179:32 mismatched input '&amp;' expecting {'(', '{'}
line 181:42 mismatched input '}' expecting {'(', '{'}
line 182:39 mismatched input '}' expecting {'(', '{'}
line 188:14 mismatched input '\ifExintVar' expecting {MODALITY, FORALL, EXISTS, '\if', '\ifEx', 'true', 'false', '(', '{', '@', NOT, SEQARROW, '-', STRING_LITERAL, CHAR_LITERAL, BIN_LITERAL, HEX_LITERAL, IDENT, INT_LITERAL, FLOAT_LITERAL, DOUBLE_LITERAL, REAL_LITERAL}
line 188:27 extraneous input '(' expecting {'\lemma', '}', IDENT, '/*!'}
line 188:32 mismatched input '&amp;' expecting {'(', '{'}
line 190:42 mismatched input '}' expecting {'(', '{'}
line 191:39 mismatched input '}' expecting {'(', '{'}
line 198:14 mismatched input '\ifExintVar' expecting {MODALITY, FORALL, EXISTS, '\if', '\ifEx', 'true', 'false', '(', '{', '@', NOT, SEQARROW, '-', STRING_LITERAL, CHAR_LITERAL, BIN_LITERAL, HEX_LITERAL, IDENT, INT_LITERAL, FLOAT_LITERAL, DOUBLE_LITERAL, REAL_LITERAL}
line 198:27 extraneous input '(' expecting {'\lemma', '}', IDENT, '/*!'}
line 198:32 mismatched input '&amp;' expecting {'(', '{'}
line 200:42 mismatched input '}' expecting {'(', '{'}
line 201:39 mismatched input '}' expecting {'(', '{'}
line 208:14 mismatched input '\ifExintVar' expecting {MODALITY, FORALL, EXISTS, '\if', '\ifEx', 'true', 'false', '(', '{', '@', NOT, SEQARROW, '-', STRING_LITERAL, CHAR_LITERAL, BIN_LITERAL, HEX_LITERAL, IDENT, INT_LITERAL, FLOAT_LITERAL, DOUBLE_LITERAL, REAL_LITERAL}
line 208:27 extraneous input '(' expecting {'\lemma', '}', IDENT, '/*!'}
line 208:32 mismatched input '&amp;' expecting {'(', '{'}
line 210:42 mismatched input '}' expecting {'(', '{'}
line 211:39 mismatched input '}' expecting {'(', '{'}
line 218:14 mismatched input '\ifExintVar' expecting {MODALITY, FORALL, EXISTS, '\if', '\ifEx', 'true', 'false', '(', '{', '@', NOT, SEQARROW, '-', STRING_LITERAL, CHAR_LITERAL, BIN_LITERAL, HEX_LITERAL, IDENT, INT_LITERAL, FLOAT_LITERAL, DOUBLE_LITERAL, REAL_LITERAL}
line 218:27 extraneous input '(' expecting {'\lemma', '}', IDENT, '/*!'}
line 218:31 mismatched input ')' expecting {'(', '{'}
line 220:44 mismatched input ')' expecting {'(', '{'}
line 225:14 mismatched input '\ifExintVar' expecting {MODALITY, FORALL, EXISTS, '\if', '\ifEx', 'true', 'false', '(', '{', '@', NOT, SEQARROW, '-', STRING_LITERAL, CHAR_LITERAL, BIN_LITERAL, HEX_LITERAL, IDENT, INT_LITERAL, FLOAT_LITERAL, DOUBLE_LITERAL, REAL_LITERAL}
line 225:27 extraneous input '(' expecting {'\lemma', '}', IDENT, '/*!'}
line 225:31 mismatched input ')' expecting {'(', '{'}
line 227:44 mismatched input ')' expecting {'(', '{'}
line 233:14 mismatched input '\ifExintVar' expecting {MODALITY, FORALL, EXISTS, '\if', '\ifEx', 'true', 'false', '(', '{', '@', NOT, SEQARROW, '-', STRING_LITERAL, CHAR_LITERAL, BIN_LITERAL, HEX_LITERAL, IDENT, INT_LITERAL, FLOAT_LITERAL, DOUBLE_LITERAL, REAL_LITERAL}
line 233:27 extraneous input '(' expecting {'\lemma', '}', IDENT, '/*!'}
line 233:31 mismatched input ')' expecting {'(', '{'}
line 237:42 mismatched input '}' expecting {'(', '{'}
line 238:34 mismatched input '}' expecting {'(', '{'}
line 239:28 extraneous input '(' expecting {'\lemma', '}', IDENT, '/*!'}
line 239:33 mismatched input '-&gt;' expecting {'(', '{'}
line 240:8 extraneous input '\replacewith' expecting {'\lemma', '}', IDENT, '/*!'}
line 240:25 mismatched input ')' expecting {'(', '{'}
line 240:56 mismatched input ')' expecting {'(', '{'}
line 245:14 mismatched input '\ifExintVar' expecting {MODALITY, FORALL, EXISTS, '\if', '\ifEx', 'true', 'false', '(', '{', '@', NOT, SEQARROW, '-', STRING_LITERAL, CHAR_LITERAL, BIN_LITERAL, HEX_LITERAL, IDENT, INT_LITERAL, FLOAT_LITERAL, DOUBLE_LITERAL, REAL_LITERAL}
line 245:27 extraneous input '(' expecting {'\lemma', '}', IDENT, '/*!'}
line 245:31 mismatched input ')' expecting {'(', '{'}
line 248:45 mismatched input '}' expecting {'(', '{'}
line 249:8 extraneous input '\replacewith' expecting {'\lemma', '}', IDENT, '/*!'}
line 249:38 mismatched input ')' expecting {'(', '{'}
line 250:42 mismatched input '}' expecting {'(', '{'}
line 251:28 extraneous input '(' expecting {'\lemma', '}', IDENT, '/*!'}
line 251:33 mismatched input '-&gt;' expecting {'(', '{'}
line 255:14 mismatched input '\ifExintVar' expecting {MODALITY, FORALL, EXISTS, '\if', '\ifEx', 'true', 'false', '(', '{', '@', NOT, SEQARROW, '-', STRING_LITERAL, CHAR_LITERAL, BIN_LITERAL, HEX_LITERAL, IDENT, INT_LITERAL, FLOAT_LITERAL, DOUBLE_LITERAL, REAL_LITERAL}
line 255:27 extraneous input '(' expecting {'\lemma', '}', IDENT, '/*!'}
line 255:31 mismatched input ')' expecting {'(', '{'}
line 258:52 extraneous input '0' expecting {'\lemma', '}', IDENT, '/*!'}
line 258:54 mismatched input 'then' expecting {&lt;EOF&gt;, '\problem', '\chooseContract', '\proofObligation', '\proof'}

	at app//de.uka.ilkd.key.util.parsing.SyntaxErrorReporter.throwException(SyntaxErrorReporter.java:89)
	at app//de.uka.ilkd.key.nparser.ParsingFacade.parseFile(ParsingFacade.java:125)
	at app//de.uka.ilkd.key.proof.io.KeYFile.getParseContext(KeYFile.java:160)
	at app//de.uka.ilkd.key.proof.io.KeYFile.readIncludes(KeYFile.java:206)
	... 12 more
</failure>
  </testcase>
  <system-out><![CDATA[166423     WARN  Thread-34       d.u.i.k.n.KeYParser       [syntax-error] file:/home/runner/work/key/key/key.core/build/resources/main/de/uka/ilkd/key/proof/rules/ifThenElseRules.key:135:14: mismatched input '\ifExintVar' expecting {MODALITY, FORALL, EXISTS, '\if', '\ifEx', 'true', 'false', '(', '{', '@', NOT, SEQARROW, '-', STRING_LITERAL, CHAR_LITERAL, BIN_LITERAL, HEX_LITERAL, IDENT, INT_LITERAL, FLOAT_LITERAL, DOUBLE_LITERAL, REAL_LITERAL} [@745,3563:3573='\ifExintVar',<188>,135:14] (termorseq, taclet, rulesOrAxioms, decls, file) 
166424     WARN  Thread-34       d.u.i.k.n.KeYParser       [syntax-error] file:/home/runner/work/key/key/key.core/build/resources/main/de/uka/ilkd/key/proof/rules/ifThenElseRules.key:135:27: extraneous input '(' expecting {'\lemma', '}', IDENT, '/*!'} [@748,3576:3576='(',<146>,135:27] (rulesOrAxioms, decls, file) 
166426     WARN  Thread-34       d.u.i.k.n.KeYParser       [syntax-error] file:/home/runner/work/key/key/key.core/build/resources/main/de/uka/ilkd/key/proof/rules/ifThenElseRules.key:135:44: mismatched input ')' expecting {'(', '{'} [@754,3593:3593=')',<147>,135:44] (taclet, rulesOrAxioms, decls, file) 
166426     WARN  Thread-34       d.u.i.k.n.KeYParser       [syntax-error] file:/home/runner/work/key/key/key.core/build/resources/main/de/uka/ilkd/key/proof/rules/ifThenElseRules.key:141:14: mismatched input '\ifExintVar' expecting {MODALITY, FORALL, EXISTS, '\if', '\ifEx', 'true', 'false', '(', '{', '@', NOT, SEQARROW, '-', STRING_LITERAL, CHAR_LITERAL, BIN_LITERAL, HEX_LITERAL, IDENT, INT_LITERAL, FLOAT_LITERAL, DOUBLE_LITERAL, REAL_LITERAL} [@780,3716:3726='\ifExintVar',<188>,141:14] (termorseq, taclet, rulesOrAxioms, decls, file) 
166426     WARN  Thread-34       d.u.i.k.n.KeYParser       [syntax-error] file:/home/runner/work/key/key/key.core/build/resources/main/de/uka/ilkd/key/proof/rules/ifThenElseRules.key:141:27: extraneous input '(' expecting {'\lemma', '}', IDENT, '/*!'} [@783,3729:3729='(',<146>,141:27] (rulesOrAxioms, decls, file) 
166426     WARN  Thread-34       d.u.i.k.n.KeYParser       [syntax-error] file:/home/runner/work/key/key/key.core/build/resources/main/de/uka/ilkd/key/proof/rules/ifThenElseRules.key:141:41: mismatched input ')' expecting {'(', '{'} [@789,3743:3743=')',<147>,141:41] (taclet, rulesOrAxioms, decls, file) 
166427     WARN  Thread-34       d.u.i.k.n.KeYParser       [syntax-error] file:/home/runner/work/key/key/key.core/build/resources/main/de/uka/ilkd/key/proof/rules/ifThenElseRules.key:148:14: mismatched input '\ifExintVar' expecting {MODALITY, FORALL, EXISTS, '\if', '\ifEx', 'true', 'false', '(', '{', '@', NOT, SEQARROW, '-', STRING_LITERAL, CHAR_LITERAL, BIN_LITERAL, HEX_LITERAL, IDENT, INT_LITERAL, FLOAT_LITERAL, DOUBLE_LITERAL, REAL_LITERAL} [@819,3896:3906='\ifExintVar',<188>,148:14] (termorseq, taclet, rulesOrAxioms, decls, file) 
166427     WARN  Thread-34       d.u.i.k.n.KeYParser       [syntax-error] file:/home/runner/work/key/key/key.core/build/resources/main/de/uka/ilkd/key/proof/rules/ifThenElseRules.key:148:27: extraneous input '(' expecting {'\lemma', '}', IDENT, '/*!'} [@822,3909:3909='(',<146>,148:27] (rulesOrAxioms, decls, file) 
166427     WARN  Thread-34       d.u.i.k.n.KeYParser       [syntax-error] file:/home/runner/work/key/key/key.core/build/resources/main/de/uka/ilkd/key/proof/rules/ifThenElseRules.key:148:35: mismatched input '=' expecting {'(', '{'} [@825,3917:3917='=',<159>,148:35] (taclet, rulesOrAxioms, decls, file) 
166427     WARN  Thread-34       d.u.i.k.n.KeYParser       [syntax-error] file:/home/runner/work/key/key/key.core/build/resources/main/de/uka/ilkd/key/proof/rules/ifThenElseRules.key:150:38: mismatched input '}' expecting {'(', '{'} [@859,4023:4023='}',<149>,150:38] (taclet, rulesOrAxioms, decls, file) 
166427     WARN  Thread-34       d.u.i.k.n.KeYParser       [syntax-error] file:/home/runner/work/key/key/key.core/build/resources/main/de/uka/ilkd/key/proof/rules/ifThenElseRules.key:155:14: mismatched input '\ifExintVar' expecting {MODALITY, FORALL, EXISTS, '\if', '\ifEx', 'true', 'false', '(', '{', '@', NOT, SEQARROW, '-', STRING_LITERAL, CHAR_LITERAL, BIN_LITERAL, HEX_LITERAL, IDENT, INT_LITERAL, FLOAT_LITERAL, DOUBLE_LITERAL, REAL_LITERAL} [@877,4109:4119='\ifExintVar',<188>,155:14] (termorseq, taclet, rulesOrAxioms, decls, file) 
166427     WARN  Thread-34       d.u.i.k.n.KeYParser       [syntax-error] file:/home/runner/work/key/key/key.core/build/resources/main/de/uka/ilkd/key/proof/rules/ifThenElseRules.key:155:27: extraneous input '(' expecting {'\lemma', '}', IDENT, '/*!'} [@880,4122:4122='(',<146>,155:27] (rulesOrAxioms, decls, file) 
166428     WARN  Thread-34       d.u.i.k.n.KeYParser       [syntax-error] file:/home/runner/work/key/key/key.core/build/resources/main/de/uka/ilkd/key/proof/rules/ifThenElseRules.key:155:35: mismatched input '=' expecting {'(', '{'} [@883,4130:4130='=',<159>,155:35] (taclet, rulesOrAxioms, decls, file) 
166428     WARN  Thread-34       d.u.i.k.n.KeYParser       [syntax-error] file:/home/runner/work/key/key/key.core/build/resources/main/de/uka/ilkd/key/proof/rules/ifThenElseRules.key:157:38: mismatched input '}' expecting {'(', '{'} [@917,4230:4230='}',<149>,157:38] (taclet, rulesOrAxioms, decls, file) 
166428     WARN  Thread-34       d.u.i.k.n.KeYParser       [syntax-error] file:/home/runner/work/key/key/key.core/build/resources/main/de/uka/ilkd/key/proof/rules/ifThenElseRules.key:163:14: mismatched input '\ifExintVar' expecting {MODALITY, FORALL, EXISTS, '\if', '\ifEx', 'true', 'false', '(', '{', '@', NOT, SEQARROW, '-', STRING_LITERAL, CHAR_LITERAL, BIN_LITERAL, HEX_LITERAL, IDENT, INT_LITERAL, FLOAT_LITERAL, DOUBLE_LITERAL, REAL_LITERAL} [@939,4350:4360='\ifExintVar',<188>,163:14] (termorseq, taclet, rulesOrAxioms, decls, file) 
166428     WARN  Thread-34       d.u.i.k.n.KeYParser       [syntax-error] file:/home/runner/work/key/key/key.core/build/resources/main/de/uka/ilkd/key/proof/rules/ifThenElseRules.key:163:27: extraneous input '(' expecting {'\lemma', '}', IDENT, '/*!'} [@942,4363:4363='(',<146>,163:27] (rulesOrAxioms, decls, file) 
166428     WARN  Thread-34       d.u.i.k.n.KeYParser       [syntax-error] file:/home/runner/work/key/key/key.core/build/resources/main/de/uka/ilkd/key/proof/rules/ifThenElseRules.key:163:30: mismatched input '=' expecting {'(', '{'} [@945,4366:4366='=',<159>,163:30] (taclet, rulesOrAxioms, decls, file) 
166428     WARN  Thread-34       d.u.i.k.n.KeYParser       [syntax-error] file:/home/runner/work/key/key/key.core/build/resources/main/de/uka/ilkd/key/proof/rules/ifThenElseRules.key:165:38: mismatched input '}' expecting {'(', '{'} [@979,4477:4477='}',<149>,165:38] (taclet, rulesOrAxioms, decls, file) 
166429     WARN  Thread-34       d.u.i.k.n.KeYParser       [syntax-error] file:/home/runner/work/key/key/key.core/build/resources/main/de/uka/ilkd/key/proof/rules/ifThenElseRules.key:171:14: mismatched input '\ifExintVar' expecting {MODALITY, FORALL, EXISTS, '\if', '\ifEx', 'true', 'false', '(', '{', '@', NOT, SEQARROW, '-', STRING_LITERAL, CHAR_LITERAL, BIN_LITERAL, HEX_LITERAL, IDENT, INT_LITERAL, FLOAT_LITERAL, DOUBLE_LITERAL, REAL_LITERAL} [@1001,4604:4614='\ifExintVar',<188>,171:14] (termorseq, taclet, rulesOrAxioms, decls, file) 
166429     WARN  Thread-34       d.u.i.k.n.KeYParser       [syntax-error] file:/home/runner/work/key/key/key.core/build/resources/main/de/uka/ilkd/key/proof/rules/ifThenElseRules.key:171:27: extraneous input '(' expecting {'\lemma', '}', IDENT, '/*!'} [@1004,4617:4617='(',<146>,171:27] (rulesOrAxioms, decls, file) 
166429     WARN  Thread-34       d.u.i.k.n.KeYParser       [syntax-error] file:/home/runner/work/key/key/key.core/build/resources/main/de/uka/ilkd/key/proof/rules/ifThenElseRules.key:171:30: mismatched input '=' expecting {'(', '{'} [@1007,4620:4620='=',<159>,171:30] (taclet, rulesOrAxioms, decls, file) 
166429     WARN  Thread-34       d.u.i.k.n.KeYParser       [syntax-error] file:/home/runner/work/key/key/key.core/build/resources/main/de/uka/ilkd/key/proof/rules/ifThenElseRules.key:173:38: mismatched input '}' expecting {'(', '{'} [@1041,4725:4725='}',<149>,173:38] (taclet, rulesOrAxioms, decls, file) 
166429     WARN  Thread-34       d.u.i.k.n.KeYParser       [syntax-error] file:/home/runner/work/key/key/key.core/build/resources/main/de/uka/ilkd/key/proof/rules/ifThenElseRules.key:179:14: mismatched input '\ifExintVar' expecting {MODALITY, FORALL, EXISTS, '\if', '\ifEx', 'true', 'false', '(', '{', '@', NOT, SEQARROW, '-', STRING_LITERAL, CHAR_LITERAL, BIN_LITERAL, HEX_LITERAL, IDENT, INT_LITERAL, FLOAT_LITERAL, DOUBLE_LITERAL, REAL_LITERAL} [@1063,4848:4858='\ifExintVar',<188>,179:14] (termorseq, taclet, rulesOrAxioms, decls, file) 
166429     WARN  Thread-34       d.u.i.k.n.KeYParser       [syntax-error] file:/home/runner/work/key/key/key.core/build/resources/main/de/uka/ilkd/key/proof/rules/ifThenElseRules.key:179:27: extraneous input '(' expecting {'\lemma', '}', IDENT, '/*!'} [@1066,4861:4861='(',<146>,179:27] (rulesOrAxioms, decls, file) 
166430     WARN  Thread-34       d.u.i.k.n.KeYParser       [syntax-error] file:/home/runner/work/key/key/key.core/build/resources/main/de/uka/ilkd/key/proof/rules/ifThenElseRules.key:179:32: mismatched input '&' expecting {'(', '{'} [@1069,4866:4866='&',<156>,179:32] (taclet, rulesOrAxioms, decls, file) 
166430     WARN  Thread-34       d.u.i.k.n.KeYParser       [syntax-error] file:/home/runner/work/key/key/key.core/build/resources/main/de/uka/ilkd/key/proof/rules/ifThenElseRules.key:181:42: mismatched input '}' expecting {'(', '{'} [@1109,4985:4985='}',<149>,181:42] (taclet, rulesOrAxioms, decls, file) 
166430     WARN  Thread-34       d.u.i.k.n.KeYParser       [syntax-error] file:/home/runner/work/key/key/key.core/build/resources/main/de/uka/ilkd/key/proof/rules/ifThenElseRules.key:182:39: mismatched input '}' expecting {'(', '{'} [@1122,5030:5030='}',<149>,182:39] (taclet, rulesOrAxioms, decls, file) 
166430     WARN  Thread-34       d.u.i.k.n.KeYParser       [syntax-error] file:/home/runner/work/key/key/key.core/build/resources/main/de/uka/ilkd/key/proof/rules/ifThenElseRules.key:188:14: mismatched input '\ifExintVar' expecting {MODALITY, FORALL, EXISTS, '\if', '\ifEx', 'true', 'false', '(', '{', '@', NOT, SEQARROW, '-', STRING_LITERAL, CHAR_LITERAL, BIN_LITERAL, HEX_LITERAL, IDENT, INT_LITERAL, FLOAT_LITERAL, DOUBLE_LITERAL, REAL_LITERAL} [@1146,5149:5159='\ifExintVar',<188>,188:14] (termorseq, taclet, rulesOrAxioms, decls, file) 
166430     WARN  Thread-34       d.u.i.k.n.KeYParser       [syntax-error] file:/home/runner/work/key/key/key.core/build/resources/main/de/uka/ilkd/key/proof/rules/ifThenElseRules.key:188:27: extraneous input '(' expecting {'\lemma', '}', IDENT, '/*!'} [@1149,5162:5162='(',<146>,188:27] (rulesOrAxioms, decls, file) 
166430     WARN  Thread-34       d.u.i.k.n.KeYParser       [syntax-error] file:/home/runner/work/key/key/key.core/build/resources/main/de/uka/ilkd/key/proof/rules/ifThenElseRules.key:188:32: mismatched input '&' expecting {'(', '{'} [@1152,5167:5167='&',<156>,188:32] (taclet, rulesOrAxioms, decls, file) 
166431     WARN  Thread-34       d.u.i.k.n.KeYParser       [syntax-error] file:/home/runner/work/key/key/key.core/build/resources/main/de/uka/ilkd/key/proof/rules/ifThenElseRules.key:190:42: mismatched input '}' expecting {'(', '{'} [@1192,5280:5280='}',<149>,190:42] (taclet, rulesOrAxioms, decls, file) 
166431     WARN  Thread-34       d.u.i.k.n.KeYParser       [syntax-error] file:/home/runner/work/key/key/key.core/build/resources/main/de/uka/ilkd/key/proof/rules/ifThenElseRules.key:191:39: mismatched input '}' expecting {'(', '{'} [@1205,5325:5325='}',<149>,191:39] (taclet, rulesOrAxioms, decls, file) 
166431     WARN  Thread-34       d.u.i.k.n.KeYParser       [syntax-error] file:/home/runner/work/key/key/key.core/build/resources/main/de/uka/ilkd/key/proof/rules/ifThenElseRules.key:198:14: mismatched input '\ifExintVar' expecting {MODALITY, FORALL, EXISTS, '\if', '\ifEx', 'true', 'false', '(', '{', '@', NOT, SEQARROW, '-', STRING_LITERAL, CHAR_LITERAL, BIN_LITERAL, HEX_LITERAL, IDENT, INT_LITERAL, FLOAT_LITERAL, DOUBLE_LITERAL, REAL_LITERAL} [@1233,5475:5485='\ifExintVar',<188>,198:14] (termorseq, taclet, rulesOrAxioms, decls, file) 
166431     WARN  Thread-34       d.u.i.k.n.KeYParser       [syntax-error] file:/home/runner/work/key/key/key.core/build/resources/main/de/uka/ilkd/key/proof/rules/ifThenElseRules.key:198:27: extraneous input '(' expecting {'\lemma', '}', IDENT, '/*!'} [@1236,5488:5488='(',<146>,198:27] (rulesOrAxioms, decls, file) 
166432     WARN  Thread-34       d.u.i.k.n.KeYParser       [syntax-error] file:/home/runner/work/key/key/key.core/build/resources/main/de/uka/ilkd/key/proof/rules/ifThenElseRules.key:198:32: mismatched input '&' expecting {'(', '{'} [@1239,5493:5493='&',<156>,198:32] (taclet, rulesOrAxioms, decls, file) 
166432     WARN  Thread-34       d.u.i.k.n.KeYParser       [syntax-error] file:/home/runner/work/key/key/key.core/build/resources/main/de/uka/ilkd/key/proof/rules/ifThenElseRules.key:200:42: mismatched input '}' expecting {'(', '{'} [@1279,5612:5612='}',<149>,200:42] (taclet, rulesOrAxioms, decls, file) 
166432     WARN  Thread-34       d.u.i.k.n.KeYParser       [syntax-error] file:/home/runner/work/key/key/key.core/build/resources/main/de/uka/ilkd/key/proof/rules/ifThenElseRules.key:201:39: mismatched input '}' expecting {'(', '{'} [@1292,5657:5657='}',<149>,201:39] (taclet, rulesOrAxioms, decls, file) 
166432     WARN  Thread-34       d.u.i.k.n.KeYParser       [syntax-error] file:/home/runner/work/key/key/key.core/build/resources/main/de/uka/ilkd/key/proof/rules/ifThenElseRules.key:208:14: mismatched input '\ifExintVar' expecting {MODALITY, FORALL, EXISTS, '\if', '\ifEx', 'true', 'false', '(', '{', '@', NOT, SEQARROW, '-', STRING_LITERAL, CHAR_LITERAL, BIN_LITERAL, HEX_LITERAL, IDENT, INT_LITERAL, FLOAT_LITERAL, DOUBLE_LITERAL, REAL_LITERAL} [@1320,5817:5827='\ifExintVar',<188>,208:14] (termorseq, taclet, rulesOrAxioms, decls, file) 
166432     WARN  Thread-34       d.u.i.k.n.KeYParser       [syntax-error] file:/home/runner/work/key/key/key.core/build/resources/main/de/uka/ilkd/key/proof/rules/ifThenElseRules.key:208:27: extraneous input '(' expecting {'\lemma', '}', IDENT, '/*!'} [@1323,5830:5830='(',<146>,208:27] (rulesOrAxioms, decls, file) 
166432     WARN  Thread-34       d.u.i.k.n.KeYParser       [syntax-error] file:/home/runner/work/key/key/key.core/build/resources/main/de/uka/ilkd/key/proof/rules/ifThenElseRules.key:208:32: mismatched input '&' expecting {'(', '{'} [@1326,5835:5835='&',<156>,208:32] (taclet, rulesOrAxioms, decls, file) 
166432     WARN  Thread-34       d.u.i.k.n.KeYParser       [syntax-error] file:/home/runner/work/key/key/key.core/build/resources/main/de/uka/ilkd/key/proof/rules/ifThenElseRules.key:210:42: mismatched input '}' expecting {'(', '{'} [@1366,5948:5948='}',<149>,210:42] (taclet, rulesOrAxioms, decls, file) 
166433     WARN  Thread-34       d.u.i.k.n.KeYParser       [syntax-error] file:/home/runner/work/key/key/key.core/build/resources/main/de/uka/ilkd/key/proof/rules/ifThenElseRules.key:211:39: mismatched input '}' expecting {'(', '{'} [@1379,5993:5993='}',<149>,211:39] (taclet, rulesOrAxioms, decls, file) 
166434     WARN  Thread-34       d.u.i.k.n.KeYParser       [syntax-error] file:/home/runner/work/key/key/key.core/build/resources/main/de/uka/ilkd/key/proof/rules/ifThenElseRules.key:218:14: mismatched input '\ifExintVar' expecting {MODALITY, FORALL, EXISTS, '\if', '\ifEx', 'true', 'false', '(', '{', '@', NOT, SEQARROW, '-', STRING_LITERAL, CHAR_LITERAL, BIN_LITERAL, HEX_LITERAL, IDENT, INT_LITERAL, FLOAT_LITERAL, DOUBLE_LITERAL, REAL_LITERAL} [@1407,6146:6156='\ifExintVar',<188>,218:14] (termorseq, taclet, rulesOrAxioms, decls, file) 
166435     WARN  Thread-34       d.u.i.k.n.KeYParser       [syntax-error] file:/home/runner/work/key/key/key.core/build/resources/main/de/uka/ilkd/key/proof/rules/ifThenElseRules.key:218:27: extraneous input '(' expecting {'\lemma', '}', IDENT, '/*!'} [@1410,6159:6159='(',<146>,218:27] (rulesOrAxioms, decls, file) 
166436     WARN  Thread-34       d.u.i.k.n.KeYParser       [syntax-error] file:/home/runner/work/key/key/key.core/build/resources/main/de/uka/ilkd/key/proof/rules/ifThenElseRules.key:218:31: mismatched input ')' expecting {'(', '{'} [@1412,6163:6163=')',<147>,218:31] (taclet, rulesOrAxioms, decls, file) 
166436     WARN  Thread-34       d.u.i.k.n.KeYParser       [syntax-error] file:/home/runner/work/key/key/key.core/build/resources/main/de/uka/ilkd/key/proof/rules/ifThenElseRules.key:220:44: mismatched input ')' expecting {'(', '{'} [@1444,6275:6275=')',<147>,220:44] (taclet, rulesOrAxioms, decls, file) 
166436     WARN  Thread-34       d.u.i.k.n.KeYParser       [syntax-error] file:/home/runner/work/key/key/key.core/build/resources/main/de/uka/ilkd/key/proof/rules/ifThenElseRules.key:225:14: mismatched input '\ifExintVar' expecting {MODALITY, FORALL, EXISTS, '\if', '\ifEx', 'true', 'false', '(', '{', '@', NOT, SEQARROW, '-', STRING_LITERAL, CHAR_LITERAL, BIN_LITERAL, HEX_LITERAL, IDENT, INT_LITERAL, FLOAT_LITERAL, DOUBLE_LITERAL, REAL_LITERAL} [@1471,6389:6399='\ifExintVar',<188>,225:14] (termorseq, taclet, rulesOrAxioms, decls, file) 
166436     WARN  Thread-34       d.u.i.k.n.KeYParser       [syntax-error] file:/home/runner/work/key/key/key.core/build/resources/main/de/uka/ilkd/key/proof/rules/ifThenElseRules.key:225:27: extraneous input '(' expecting {'\lemma', '}', IDENT, '/*!'} [@1474,6402:6402='(',<146>,225:27] (rulesOrAxioms, decls, file) 
166436     WARN  Thread-34       d.u.i.k.n.KeYParser       [syntax-error] file:/home/runner/work/key/key/key.core/build/resources/main/de/uka/ilkd/key/proof/rules/ifThenElseRules.key:225:31: mismatched input ')' expecting {'(', '{'} [@1476,6406:6406=')',<147>,225:31] (taclet, rulesOrAxioms, decls, file) 
166436     WARN  Thread-34       d.u.i.k.n.KeYParser       [syntax-error] file:/home/runner/work/key/key/key.core/build/resources/main/de/uka/ilkd/key/proof/rules/ifThenElseRules.key:227:44: mismatched input ')' expecting {'(', '{'} [@1508,6509:6509=')',<147>,227:44] (taclet, rulesOrAxioms, decls, file) 
166437     WARN  Thread-34       d.u.i.k.n.KeYParser       [syntax-error] file:/home/runner/work/key/key/key.core/build/resources/main/de/uka/ilkd/key/proof/rules/ifThenElseRules.key:233:14: mismatched input '\ifExintVar' expecting {MODALITY, FORALL, EXISTS, '\if', '\ifEx', 'true', 'false', '(', '{', '@', NOT, SEQARROW, '-', STRING_LITERAL, CHAR_LITERAL, BIN_LITERAL, HEX_LITERAL, IDENT, INT_LITERAL, FLOAT_LITERAL, DOUBLE_LITERAL, REAL_LITERAL} [@1539,6656:6666='\ifExintVar',<188>,233:14] (termorseq, taclet, rulesOrAxioms, decls, file) 
166437     WARN  Thread-34       d.u.i.k.n.KeYParser       [syntax-error] file:/home/runner/work/key/key/key.core/build/resources/main/de/uka/ilkd/key/proof/rules/ifThenElseRules.key:233:27: extraneous input '(' expecting {'\lemma', '}', IDENT, '/*!'} [@1542,6669:6669='(',<146>,233:27] (rulesOrAxioms, decls, file) 
166437     WARN  Thread-34       d.u.i.k.n.KeYParser       [syntax-error] file:/home/runner/work/key/key/key.core/build/resources/main/de/uka/ilkd/key/proof/rules/ifThenElseRules.key:233:31: mismatched input ')' expecting {'(', '{'} [@1544,6673:6673=')',<147>,233:31] (taclet, rulesOrAxioms, decls, file) 
166437     WARN  Thread-34       d.u.i.k.n.KeYParser       [syntax-error] file:/home/runner/work/key/key/key.core/build/resources/main/de/uka/ilkd/key/proof/rules/ifThenElseRules.key:237:42: mismatched input '}' expecting {'(', '{'} [@1586,6850:6850='}',<149>,237:42] (taclet, rulesOrAxioms, decls, file) 
166437     WARN  Thread-34       d.u.i.k.n.KeYParser       [syntax-error] file:/home/runner/work/key/key/key.core/build/resources/main/de/uka/ilkd/key/proof/rules/ifThenElseRules.key:238:34: mismatched input '}' expecting {'(', '{'} [@1599,6891:6891='}',<149>,238:34] (taclet, rulesOrAxioms, decls, file) 
166437     WARN  Thread-34       d.u.i.k.n.KeYParser       [syntax-error] file:/home/runner/work/key/key/key.core/build/resources/main/de/uka/ilkd/key/proof/rules/ifThenElseRules.key:239:28: extraneous input '(' expecting {'\lemma', '}', IDENT, '/*!'} [@1608,6925:6925='(',<146>,239:28] (rulesOrAxioms, decls, file) 
166438     WARN  Thread-34       d.u.i.k.n.KeYParser       [syntax-error] file:/home/runner/work/key/key/key.core/build/resources/main/de/uka/ilkd/key/proof/rules/ifThenElseRules.key:239:33: mismatched input '->' expecting {'(', '{'} [@1611,6930:6931='->',<158>,239:33] (taclet, rulesOrAxioms, decls, file) 
166438     WARN  Thread-34       d.u.i.k.n.KeYParser       [syntax-error] file:/home/runner/work/key/key/key.core/build/resources/main/de/uka/ilkd/key/proof/rules/ifThenElseRules.key:240:8: extraneous input '\replacewith' expecting {'\lemma', '}', IDENT, '/*!'} [@1626,6979:6990='\replacewith',<105>,240:8] (rulesOrAxioms, decls, file) 
166438     WARN  Thread-34       d.u.i.k.n.KeYParser       [syntax-error] file:/home/runner/work/key/key/key.core/build/resources/main/de/uka/ilkd/key/proof/rules/ifThenElseRules.key:240:25: mismatched input ')' expecting {'(', '{'} [@1629,6996:6996=')',<147>,240:25] (taclet, rulesOrAxioms, decls, file) 
166438     WARN  Thread-34       d.u.i.k.n.KeYParser       [syntax-error] file:/home/runner/work/key/key/key.core/build/resources/main/de/uka/ilkd/key/proof/rules/ifThenElseRules.key:240:56: mismatched input ')' expecting {'(', '{'} [@1642,7027:7027=')',<147>,240:56] (taclet, rulesOrAxioms, decls, file) 
166438     WARN  Thread-34       d.u.i.k.n.KeYParser       [syntax-error] file:/home/runner/work/key/key/key.core/build/resources/main/de/uka/ilkd/key/proof/rules/ifThenElseRules.key:245:14: mismatched input '\ifExintVar' expecting {MODALITY, FORALL, EXISTS, '\if', '\ifEx', 'true', 'false', '(', '{', '@', NOT, SEQARROW, '-', STRING_LITERAL, CHAR_LITERAL, BIN_LITERAL, HEX_LITERAL, IDENT, INT_LITERAL, FLOAT_LITERAL, DOUBLE_LITERAL, REAL_LITERAL} [@1658,7109:7119='\ifExintVar',<188>,245:14] (termorseq, taclet, rulesOrAxioms, decls, file) 
166438     WARN  Thread-34       d.u.i.k.n.KeYParser       [syntax-error] file:/home/runner/work/key/key/key.core/build/resources/main/de/uka/ilkd/key/proof/rules/ifThenElseRules.key:245:27: extraneous input '(' expecting {'\lemma', '}', IDENT, '/*!'} [@1661,7122:7122='(',<146>,245:27] (rulesOrAxioms, decls, file) 
166439     WARN  Thread-34       d.u.i.k.n.KeYParser       [syntax-error] file:/home/runner/work/key/key/key.core/build/resources/main/de/uka/ilkd/key/proof/rules/ifThenElseRules.key:245:31: mismatched input ')' expecting {'(', '{'} [@1663,7126:7126=')',<147>,245:31] (taclet, rulesOrAxioms, decls, file) 
166439     WARN  Thread-34       d.u.i.k.n.KeYParser       [syntax-error] file:/home/runner/work/key/key/key.core/build/resources/main/de/uka/ilkd/key/proof/rules/ifThenElseRules.key:248:45: mismatched input '}' expecting {'(', '{'} [@1696,7268:7268='}',<149>,248:45] (taclet, rulesOrAxioms, decls, file) 
166439     WARN  Thread-34       d.u.i.k.n.KeYParser       [syntax-error] file:/home/runner/work/key/key/key.core/build/resources/main/de/uka/ilkd/key/proof/rules/ifThenElseRules.key:249:8: extraneous input '\replacewith' expecting {'\lemma', '}', IDENT, '/*!'} [@1701,7284:7295='\replacewith',<105>,249:8] (rulesOrAxioms, decls, file) 
166439     WARN  Thread-34       d.u.i.k.n.KeYParser       [syntax-error] file:/home/runner/work/key/key/key.core/build/resources/main/de/uka/ilkd/key/proof/rules/ifThenElseRules.key:249:38: mismatched input ')' expecting {'(', '{'} [@1708,7314:7314=')',<147>,249:38] (taclet, rulesOrAxioms, decls, file) 
166439     WARN  Thread-34       d.u.i.k.n.KeYParser       [syntax-error] file:/home/runner/work/key/key/key.core/build/resources/main/de/uka/ilkd/key/proof/rules/ifThenElseRules.key:250:42: mismatched input '}' expecting {'(', '{'} [@1731,7381:7381='}',<149>,250:42] (taclet, rulesOrAxioms, decls, file) 
166439     WARN  Thread-34       d.u.i.k.n.KeYParser       [syntax-error] file:/home/runner/work/key/key/key.core/build/resources/main/de/uka/ilkd/key/proof/rules/ifThenElseRules.key:251:28: extraneous input '(' expecting {'\lemma', '}', IDENT, '/*!'} [@1741,7416:7416='(',<146>,251:28] (rulesOrAxioms, decls, file) 
166439     WARN  Thread-34       d.u.i.k.n.KeYParser       [syntax-error] file:/home/runner/work/key/key/key.core/build/resources/main/de/uka/ilkd/key/proof/rules/ifThenElseRules.key:251:33: mismatched input '->' expecting {'(', '{'} [@1744,7421:7422='->',<158>,251:33] (taclet, rulesOrAxioms, decls, file) 
166440     WARN  Thread-34       d.u.i.k.n.KeYParser       [syntax-error] file:/home/runner/work/key/key/key.core/build/resources/main/de/uka/ilkd/key/proof/rules/ifThenElseRules.key:255:14: mismatched input '\ifExintVar' expecting {MODALITY, FORALL, EXISTS, '\if', '\ifEx', 'true', 'false', '(', '{', '@', NOT, SEQARROW, '-', STRING_LITERAL, CHAR_LITERAL, BIN_LITERAL, HEX_LITERAL, IDENT, INT_LITERAL, FLOAT_LITERAL, DOUBLE_LITERAL, REAL_LITERAL} [@1765,7506:7516='\ifExintVar',<188>,255:14] (termorseq, taclet, rulesOrAxioms, decls, file) 
166440     WARN  Thread-34       d.u.i.k.n.KeYParser       [syntax-error] file:/home/runner/work/key/key/key.core/build/resources/main/de/uka/ilkd/key/proof/rules/ifThenElseRules.key:255:27: extraneous input '(' expecting {'\lemma', '}', IDENT, '/*!'} [@1768,7519:7519='(',<146>,255:27] (rulesOrAxioms, decls, file) 
166440     WARN  Thread-34       d.u.i.k.n.KeYParser       [syntax-error] file:/home/runner/work/key/key/key.core/build/resources/main/de/uka/ilkd/key/proof/rules/ifThenElseRules.key:255:31: mismatched input ')' expecting {'(', '{'} [@1770,7523:7523=')',<147>,255:31] (taclet, rulesOrAxioms, decls, file) 
166440     WARN  Thread-34       d.u.i.k.n.KeYParser       [syntax-error] file:/home/runner/work/key/key/key.core/build/resources/main/de/uka/ilkd/key/proof/rules/ifThenElseRules.key:258:52: extraneous input '0' expecting {'\lemma', '}', IDENT, '/*!'} [@1809,7667:7667='0',<184>,258:52] (rulesOrAxioms, decls, file) 
166440     WARN  Thread-34       d.u.i.k.n.KeYParser       [syntax-error] file:/home/runner/work/key/key/key.core/build/resources/main/de/uka/ilkd/key/proof/rules/ifThenElseRules.key:258:54: mismatched input 'then' expecting {<EOF>, '\problem', '\chooseContract', '\proofObligation', '\proof'} [@1811,7669:7672='then',<183>,258:54] (file) 
166461     WARN  Thread-35       d.u.i.k.n.KeYParser       [syntax-error] file:/home/runner/work/key/key/key.core/build/resources/main/de/uka/ilkd/key/proof/rules/ifThenElseRules.key:135:14: mismatched input '\ifExintVar' expecting {MODALITY, FORALL, EXISTS, '\if', '\ifEx', 'true', 'false', '(', '{', '@', NOT, SEQARROW, '-', STRING_LITERAL, CHAR_LITERAL, BIN_LITERAL, HEX_LITERAL, IDENT, INT_LITERAL, FLOAT_LITERAL, DOUBLE_LITERAL, REAL_LITERAL} [@745,3563:3573='\ifExintVar',<188>,135:14] (termorseq, taclet, rulesOrAxioms, decls, file) 
166461     WARN  Thread-35       d.u.i.k.n.KeYParser       [syntax-error] file:/home/runner/work/key/key/key.core/build/resources/main/de/uka/ilkd/key/proof/rules/ifThenElseRules.key:135:27: extraneous input '(' expecting {'\lemma', '}', IDENT, '/*!'} [@748,3576:3576='(',<146>,135:27] (rulesOrAxioms, decls, file) 
166461     WARN  Thread-35       d.u.i.k.n.KeYParser       [syntax-error] file:/home/runner/work/key/key/key.core/build/resources/main/de/uka/ilkd/key/proof/rules/ifThenElseRules.key:135:44: mismatched input ')' expecting {'(', '{'} [@754,3593:3593=')',<147>,135:44] (taclet, rulesOrAxioms, decls, file) 
166461     WARN  Thread-35       d.u.i.k.n.KeYParser       [syntax-error] file:/home/runner/work/key/key/key.core/build/resources/main/de/uka/ilkd/key/proof/rules/ifThenElseRules.key:141:14: mismatched input '\ifExintVar' expecting {MODALITY, FORALL, EXISTS, '\if', '\ifEx', 'true', 'false', '(', '{', '@', NOT, SEQARROW, '-', STRING_LITERAL, CHAR_LITERAL, BIN_LITERAL, HEX_LITERAL, IDENT, INT_LITERAL, FLOAT_LITERAL, DOUBLE_LITERAL, REAL_LITERAL} [@780,3716:3726='\ifExintVar',<188>,141:14] (termorseq, taclet, rulesOrAxioms, decls, file) 
166462     WARN  Thread-35       d.u.i.k.n.KeYParser       [syntax-error] file:/home/runner/work/key/key/key.core/build/resources/main/de/uka/ilkd/key/proof/rules/ifThenElseRules.key:141:27: extraneous input '(' expecting {'\lemma', '}', IDENT, '/*!'} [@783,3729:3729='(',<146>,141:27] (rulesOrAxioms, decls, file) 
166462     WARN  Thread-35       d.u.i.k.n.KeYParser       [syntax-error] file:/home/runner/work/key/key/key.core/build/resources/main/de/uka/ilkd/key/proof/rules/ifThenElseRules.key:141:41: mismatched input ')' expecting {'(', '{'} [@789,3743:3743=')',<147>,141:41] (taclet, rulesOrAxioms, decls, file) 
166462     WARN  Thread-35       d.u.i.k.n.KeYParser       [syntax-error] file:/home/runner/work/key/key/key.core/build/resources/main/de/uka/ilkd/key/proof/rules/ifThenElseRules.key:148:14: mismatched input '\ifExintVar' expecting {MODALITY, FORALL, EXISTS, '\if', '\ifEx', 'true', 'false', '(', '{', '@', NOT, SEQARROW, '-', STRING_LITERAL, CHAR_LITERAL, BIN_LITERAL, HEX_LITERAL, IDENT, INT_LITERAL, FLOAT_LITERAL, DOUBLE_LITERAL, REAL_LITERAL} [@819,3896:3906='\ifExintVar',<188>,148:14] (termorseq, taclet, rulesOrAxioms, decls, file) 
166462     WARN  Thread-35       d.u.i.k.n.KeYParser       [syntax-error] file:/home/runner/work/key/key/key.core/build/resources/main/de/uka/ilkd/key/proof/rules/ifThenElseRules.key:148:27: extraneous input '(' expecting {'\lemma', '}', IDENT, '/*!'} [@822,3909:3909='(',<146>,148:27] (rulesOrAxioms, decls, file) 
166462     WARN  Thread-35       d.u.i.k.n.KeYParser       [syntax-error] file:/home/runner/work/key/key/key.core/build/resources/main/de/uka/ilkd/key/proof/rules/ifThenElseRules.key:148:35: mismatched input '=' expecting {'(', '{'} [@825,3917:3917='=',<159>,148:35] (taclet, rulesOrAxioms, decls, file) 
166462     WARN  Thread-35       d.u.i.k.n.KeYParser       [syntax-error] file:/home/runner/work/key/key/key.core/build/resources/main/de/uka/ilkd/key/proof/rules/ifThenElseRules.key:150:38: mismatched input '}' expecting {'(', '{'} [@859,4023:4023='}',<149>,150:38] (taclet, rulesOrAxioms, decls, file) 
166463     WARN  Thread-35       d.u.i.k.n.KeYParser       [syntax-error] file:/home/runner/work/key/key/key.core/build/resources/main/de/uka/ilkd/key/proof/rules/ifThenElseRules.key:155:14: mismatched input '\ifExintVar' expecting {MODALITY, FORALL, EXISTS, '\if', '\ifEx', 'true', 'false', '(', '{', '@', NOT, SEQARROW, '-', STRING_LITERAL, CHAR_LITERAL, BIN_LITERAL, HEX_LITERAL, IDENT, INT_LITERAL, FLOAT_LITERAL, DOUBLE_LITERAL, REAL_LITERAL} [@877,4109:4119='\ifExintVar',<188>,155:14] (termorseq, taclet, rulesOrAxioms, decls, file) 
166463     WARN  Thread-35       d.u.i.k.n.KeYParser       [syntax-error] file:/home/runner/work/key/key/key.core/build/resources/main/de/uka/ilkd/key/proof/rules/ifThenElseRules.key:155:27: extraneous input '(' expecting {'\lemma', '}', IDENT, '/*!'} [@880,4122:4122='(',<146>,155:27] (rulesOrAxioms, decls, file) 
166463     WARN  Thread-35       d.u.i.k.n.KeYParser       [syntax-error] file:/home/runner/work/key/key/key.core/build/resources/main/de/uka/ilkd/key/proof/rules/ifThenElseRules.key:155:35: mismatched input '=' expecting {'(', '{'} [@883,4130:4130='=',<159>,155:35] (taclet, rulesOrAxioms, decls, file) 
166463     WARN  Thread-35       d.u.i.k.n.KeYParser       [syntax-error] file:/home/runner/work/key/key/key.core/build/resources/main/de/uka/ilkd/key/proof/rules/ifThenElseRules.key:157:38: mismatched input '}' expecting {'(', '{'} [@917,4230:4230='}',<149>,157:38] (taclet, rulesOrAxioms, decls, file) 
166463     WARN  Thread-35       d.u.i.k.n.KeYParser       [syntax-error] file:/home/runner/work/key/key/key.core/build/resources/main/de/uka/ilkd/key/proof/rules/ifThenElseRules.key:163:14: mismatched input '\ifExintVar' expecting {MODALITY, FORALL, EXISTS, '\if', '\ifEx', 'true', 'false', '(', '{', '@', NOT, SEQARROW, '-', STRING_LITERAL, CHAR_LITERAL, BIN_LITERAL, HEX_LITERAL, IDENT, INT_LITERAL, FLOAT_LITERAL, DOUBLE_LITERAL, REAL_LITERAL} [@939,4350:4360='\ifExintVar',<188>,163:14] (termorseq, taclet, rulesOrAxioms, decls, file) 
166463     WARN  Thread-35       d.u.i.k.n.KeYParser       [syntax-error] file:/home/runner/work/key/key/key.core/build/resources/main/de/uka/ilkd/key/proof/rules/ifThenElseRules.key:163:27: extraneous input '(' expecting {'\lemma', '}', IDENT, '/*!'} [@942,4363:4363='(',<146>,163:27] (rulesOrAxioms, decls, file) 
166464     WARN  Thread-35       d.u.i.k.n.KeYParser       [syntax-error] file:/home/runner/work/key/key/key.core/build/resources/main/de/uka/ilkd/key/proof/rules/ifThenElseRules.key:163:30: mismatched input '=' expecting {'(', '{'} [@945,4366:4366='=',<159>,163:30] (taclet, rulesOrAxioms, decls, file) 
166464     WARN  Thread-35       d.u.i.k.n.KeYParser       [syntax-error] file:/home/runner/work/key/key/key.core/build/resources/main/de/uka/ilkd/key/proof/rules/ifThenElseRules.key:165:38: mismatched input '}' expecting {'(', '{'} [@979,4477:4477='}',<149>,165:38] (taclet, rulesOrAxioms, decls, file) 
166464     WARN  Thread-35       d.u.i.k.n.KeYParser       [syntax-error] file:/home/runner/work/key/key/key.core/build/resources/main/de/uka/ilkd/key/proof/rules/ifThenElseRules.key:171:14: mismatched input '\ifExintVar' expecting {MODALITY, FORALL, EXISTS, '\if', '\ifEx', 'true', 'false', '(', '{', '@', NOT, SEQARROW, '-', STRING_LITERAL, CHAR_LITERAL, BIN_LITERAL, HEX_LITERAL, IDENT, INT_LITERAL, FLOAT_LITERAL, DOUBLE_LITERAL, REAL_LITERAL} [@1001,4604:4614='\ifExintVar',<188>,171:14] (termorseq, taclet, rulesOrAxioms, decls, file) 
166464     WARN  Thread-35       d.u.i.k.n.KeYParser       [syntax-error] file:/home/runner/work/key/key/key.core/build/resources/main/de/uka/ilkd/key/proof/rules/ifThenElseRules.key:171:27: extraneous input '(' expecting {'\lemma', '}', IDENT, '/*!'} [@1004,4617:4617='(',<146>,171:27] (rulesOrAxioms, decls, file) 
166464     WARN  Thread-35       d.u.i.k.n.KeYParser       [syntax-error] file:/home/runner/work/key/key/key.core/build/resources/main/de/uka/ilkd/key/proof/rules/ifThenElseRules.key:171:30: mismatched input '=' expecting {'(', '{'} [@1007,4620:4620='=',<159>,171:30] (taclet, rulesOrAxioms, decls, file) 
166464     WARN  Thread-35       d.u.i.k.n.KeYParser       [syntax-error] file:/home/runner/work/key/key/key.core/build/resources/main/de/uka/ilkd/key/proof/rules/ifThenElseRules.key:173:38: mismatched input '}' expecting {'(', '{'} [@1041,4725:4725='}',<149>,173:38] (taclet, rulesOrAxioms, decls, file) 
166464     WARN  Thread-35       d.u.i.k.n.KeYParser       [syntax-error] file:/home/runner/work/key/key/key.core/build/resources/main/de/uka/ilkd/key/proof/rules/ifThenElseRules.key:179:14: mismatched input '\ifExintVar' expecting {MODALITY, FORALL, EXISTS, '\if', '\ifEx', 'true', 'false', '(', '{', '@', NOT, SEQARROW, '-', STRING_LITERAL, CHAR_LITERAL, BIN_LITERAL, HEX_LITERAL, IDENT, INT_LITERAL, FLOAT_LITERAL, DOUBLE_LITERAL, REAL_LITERAL} [@1063,4848:4858='\ifExintVar',<188>,179:14] (termorseq, taclet, rulesOrAxioms, decls, file) 
166465     WARN  Thread-35       d.u.i.k.n.KeYParser       [syntax-error] file:/home/runner/work/key/key/key.core/build/resources/main/de/uka/ilkd/key/proof/rules/ifThenElseRules.key:179:27: extraneous input '(' expecting {'\lemma', '}', IDENT, '/*!'} [@1066,4861:4861='(',<146>,179:27] (rulesOrAxioms, decls, file) 
166465     WARN  Thread-35       d.u.i.k.n.KeYParser       [syntax-error] file:/home/runner/work/key/key/key.core/build/resources/main/de/uka/ilkd/key/proof/rules/ifThenElseRules.key:179:32: mismatched input '&' expecting {'(', '{'} [@1069,4866:4866='&',<156>,179:32] (taclet, rulesOrAxioms, decls, file) 
166465     WARN  Thread-35       d.u.i.k.n.KeYParser       [syntax-error] file:/home/runner/work/key/key/key.core/build/resources/main/de/uka/ilkd/key/proof/rules/ifThenElseRules.key:181:42: mismatched input '}' expecting {'(', '{'} [@1109,4985:4985='}',<149>,181:42] (taclet, rulesOrAxioms, decls, file) 
166465     WARN  Thread-35       d.u.i.k.n.KeYParser       [syntax-error] file:/home/runner/work/key/key/key.core/build/resources/main/de/uka/ilkd/key/proof/rules/ifThenElseRules.key:182:39: mismatched input '}' expecting {'(', '{'} [@1122,5030:5030='}',<149>,182:39] (taclet, rulesOrAxioms, decls, file) 
166465     WARN  Thread-35       d.u.i.k.n.KeYParser       [syntax-error] file:/home/runner/work/key/key/key.core/build/resources/main/de/uka/ilkd/key/proof/rules/ifThenElseRules.key:188:14: mismatched input '\ifExintVar' expecting {MODALITY, FORALL, EXISTS, '\if', '\ifEx', 'true', 'false', '(', '{', '@', NOT, SEQARROW, '-', STRING_LITERAL, CHAR_LITERAL, BIN_LITERAL, HEX_LITERAL, IDENT, INT_LITERAL, FLOAT_LITERAL, DOUBLE_LITERAL, REAL_LITERAL} [@1146,5149:5159='\ifExintVar',<188>,188:14] (termorseq, taclet, rulesOrAxioms, decls, file) 
166465     WARN  Thread-35       d.u.i.k.n.KeYParser       [syntax-error] file:/home/runner/work/key/key/key.core/build/resources/main/de/uka/ilkd/key/proof/rules/ifThenElseRules.key:188:27: extraneous input '(' expecting {'\lemma', '}', IDENT, '/*!'} [@1149,5162:5162='(',<146>,188:27] (rulesOrAxioms, decls, file) 
166466     WARN  Thread-35       d.u.i.k.n.KeYParser       [syntax-error] file:/home/runner/work/key/key/key.core/build/resources/main/de/uka/ilkd/key/proof/rules/ifThenElseRules.key:188:32: mismatched input '&' expecting {'(', '{'} [@1152,5167:5167='&',<156>,188:32] (taclet, rulesOrAxioms, decls, file) 
166466     WARN  Thread-35       d.u.i.k.n.KeYParser       [syntax-error] file:/home/runner/work/key/key/key.core/build/resources/main/de/uka/ilkd/key/proof/rules/ifThenElseRules.key:190:42: mismatched input '}' expecting {'(', '{'} [@1192,5280:5280='}',<149>,190:42] (taclet, rulesOrAxioms, decls, file) 
166466     WARN  Thread-35       d.u.i.k.n.KeYParser       [syntax-error] file:/home/runner/work/key/key/key.core/build/resources/main/de/uka/ilkd/key/proof/rules/ifThenElseRules.key:191:39: mismatched input '}' expecting {'(', '{'} [@1205,5325:5325='}',<149>,191:39] (taclet, rulesOrAxioms, decls, file) 
166466     WARN  Thread-35       d.u.i.k.n.KeYParser       [syntax-error] file:/home/runner/work/key/key/key.core/build/resources/main/de/uka/ilkd/key/proof/rules/ifThenElseRules.key:198:14: mismatched input '\ifExintVar' expecting {MODALITY, FORALL, EXISTS, '\if', '\ifEx', 'true', 'false', '(', '{', '@', NOT, SEQARROW, '-', STRING_LITERAL, CHAR_LITERAL, BIN_LITERAL, HEX_LITERAL, IDENT, INT_LITERAL, FLOAT_LITERAL, DOUBLE_LITERAL, REAL_LITERAL} [@1233,5475:5485='\ifExintVar',<188>,198:14] (termorseq, taclet, rulesOrAxioms, decls, file) 
166466     WARN  Thread-35       d.u.i.k.n.KeYParser       [syntax-error] file:/home/runner/work/key/key/key.core/build/resources/main/de/uka/ilkd/key/proof/rules/ifThenElseRules.key:198:27: extraneous input '(' expecting {'\lemma', '}', IDENT, '/*!'} [@1236,5488:5488='(',<146>,198:27] (rulesOrAxioms, decls, file) 
166466     WARN  Thread-35       d.u.i.k.n.KeYParser       [syntax-error] file:/home/runner/work/key/key/key.core/build/resources/main/de/uka/ilkd/key/proof/rules/ifThenElseRules.key:198:32: mismatched input '&' expecting {'(', '{'} [@1239,5493:5493='&',<156>,198:32] (taclet, rulesOrAxioms, decls, file) 
166467     WARN  Thread-35       d.u.i.k.n.KeYParser       [syntax-error] file:/home/runner/work/key/key/key.core/build/resources/main/de/uka/ilkd/key/proof/rules/ifThenElseRules.key:200:42: mismatched input '}' expecting {'(', '{'} [@1279,5612:5612='}',<149>,200:42] (taclet, rulesOrAxioms, decls, file) 
166467     WARN  Thread-35       d.u.i.k.n.KeYParser       [syntax-error] file:/home/runner/work/key/key/key.core/build/resources/main/de/uka/ilkd/key/proof/rules/ifThenElseRules.key:201:39: mismatched input '}' expecting {'(', '{'} [@1292,5657:5657='}',<149>,201:39] (taclet, rulesOrAxioms, decls, file) 
166467     WARN  Thread-35       d.u.i.k.n.KeYParser       [syntax-error] file:/home/runner/work/key/key/key.core/build/resources/main/de/uka/ilkd/key/proof/rules/ifThenElseRules.key:208:14: mismatched input '\ifExintVar' expecting {MODALITY, FORALL, EXISTS, '\if', '\ifEx', 'true', 'false', '(', '{', '@', NOT, SEQARROW, '-', STRING_LITERAL, CHAR_LITERAL, BIN_LITERAL, HEX_LITERAL, IDENT, INT_LITERAL, FLOAT_LITERAL, DOUBLE_LITERAL, REAL_LITERAL} [@1320,5817:5827='\ifExintVar',<188>,208:14] (termorseq, taclet, rulesOrAxioms, decls, file) 
166467     WARN  Thread-35       d.u.i.k.n.KeYParser       [syntax-error] file:/home/runner/work/key/key/key.core/build/resources/main/de/uka/ilkd/key/proof/rules/ifThenElseRules.key:208:27: extraneous input '(' expecting {'\lemma', '}', IDENT, '/*!'} [@1323,5830:5830='(',<146>,208:27] (rulesOrAxioms, decls, file) 
166467     WARN  Thread-35       d.u.i.k.n.KeYParser       [syntax-error] file:/home/runner/work/key/key/key.core/build/resources/main/de/uka/ilkd/key/proof/rules/ifThenElseRules.key:208:32: mismatched input '&' expecting {'(', '{'} [@1326,5835:5835='&',<156>,208:32] (taclet, rulesOrAxioms, decls, file) 
166467     WARN  Thread-35       d.u.i.k.n.KeYParser       [syntax-error] file:/home/runner/work/key/key/key.core/build/resources/main/de/uka/ilkd/key/proof/rules/ifThenElseRules.key:210:42: mismatched input '}' expecting {'(', '{'} [@1366,5948:5948='}',<149>,210:42] (taclet, rulesOrAxioms, decls, file) 
166467     WARN  Thread-35       d.u.i.k.n.KeYParser       [syntax-error] file:/home/runner/work/key/key/key.core/build/resources/main/de/uka/ilkd/key/proof/rules/ifThenElseRules.key:211:39: mismatched input '}' expecting {'(', '{'} [@1379,5993:5993='}',<149>,211:39] (taclet, rulesOrAxioms, decls, file) 
166468     WARN  Thread-35       d.u.i.k.n.KeYParser       [syntax-error] file:/home/runner/work/key/key/key.core/build/resources/main/de/uka/ilkd/key/proof/rules/ifThenElseRules.key:218:14: mismatched input '\ifExintVar' expecting {MODALITY, FORALL, EXISTS, '\if', '\ifEx', 'true', 'false', '(', '{', '@', NOT, SEQARROW, '-', STRING_LITERAL, CHAR_LITERAL, BIN_LITERAL, HEX_LITERAL, IDENT, INT_LITERAL, FLOAT_LITERAL, DOUBLE_LITERAL, REAL_LITERAL} [@1407,6146:6156='\ifExintVar',<188>,218:14] (termorseq, taclet, rulesOrAxioms, decls, file) 
166468     WARN  Thread-35       d.u.i.k.n.KeYParser       [syntax-error] file:/home/runner/work/key/key/key.core/build/resources/main/de/uka/ilkd/key/proof/rules/ifThenElseRules.key:218:27: extraneous input '(' expecting {'\lemma', '}', IDENT, '/*!'} [@1410,6159:6159='(',<146>,218:27] (rulesOrAxioms, decls, file) 
166468     WARN  Thread-35       d.u.i.k.n.KeYParser       [syntax-error] file:/home/runner/work/key/key/key.core/build/resources/main/de/uka/ilkd/key/proof/rules/ifThenElseRules.key:218:31: mismatched input ')' expecting {'(', '{'} [@1412,6163:6163=')',<147>,218:31] (taclet, rulesOrAxioms, decls, file) 
166468     WARN  Thread-35       d.u.i.k.n.KeYParser       [syntax-error] file:/home/runner/work/key/key/key.core/build/resources/main/de/uka/ilkd/key/proof/rules/ifThenElseRules.key:220:44: mismatched input ')' expecting {'(', '{'} [@1444,6275:6275=')',<147>,220:44] (taclet, rulesOrAxioms, decls, file) 
166468     WARN  Thread-35       d.u.i.k.n.KeYParser       [syntax-error] file:/home/runner/work/key/key/key.core/build/resources/main/de/uka/ilkd/key/proof/rules/ifThenElseRules.key:225:14: mismatched input '\ifExintVar' expecting {MODALITY, FORALL, EXISTS, '\if', '\ifEx', 'true', 'false', '(', '{', '@', NOT, SEQARROW, '-', STRING_LITERAL, CHAR_LITERAL, BIN_LITERAL, HEX_LITERAL, IDENT, INT_LITERAL, FLOAT_LITERAL, DOUBLE_LITERAL, REAL_LITERAL} [@1471,6389:6399='\ifExintVar',<188>,225:14] (termorseq, taclet, rulesOrAxioms, decls, file) 
166468     WARN  Thread-35       d.u.i.k.n.KeYParser       [syntax-error] file:/home/runner/work/key/key/key.core/build/resources/main/de/uka/ilkd/key/proof/rules/ifThenElseRules.key:225:27: extraneous input '(' expecting {'\lemma', '}', IDENT, '/*!'} [@1474,6402:6402='(',<146>,225:27] (rulesOrAxioms, decls, file) 
166468     WARN  Thread-35       d.u.i.k.n.KeYParser       [syntax-error] file:/home/runner/work/key/key/key.core/build/resources/main/de/uka/ilkd/key/proof/rules/ifThenElseRules.key:225:31: mismatched input ')' expecting {'(', '{'} [@1476,6406:6406=')',<147>,225:31] (taclet, rulesOrAxioms, decls, file) 
166469     WARN  Thread-35       d.u.i.k.n.KeYParser       [syntax-error] file:/home/runner/work/key/key/key.core/build/resources/main/de/uka/ilkd/key/proof/rules/ifThenElseRules.key:227:44: mismatched input ')' expecting {'(', '{'} [@1508,6509:6509=')',<147>,227:44] (taclet, rulesOrAxioms, decls, file) 
166469     WARN  Thread-35       d.u.i.k.n.KeYParser       [syntax-error] file:/home/runner/work/key/key/key.core/build/resources/main/de/uka/ilkd/key/proof/rules/ifThenElseRules.key:233:14: mismatched input '\ifExintVar' expecting {MODALITY, FORALL, EXISTS, '\if', '\ifEx', 'true', 'false', '(', '{', '@', NOT, SEQARROW, '-', STRING_LITERAL, CHAR_LITERAL, BIN_LITERAL, HEX_LITERAL, IDENT, INT_LITERAL, FLOAT_LITERAL, DOUBLE_LITERAL, REAL_LITERAL} [@1539,6656:6666='\ifExintVar',<188>,233:14] (termorseq, taclet, rulesOrAxioms, decls, file) 
166469     WARN  Thread-35       d.u.i.k.n.KeYParser       [syntax-error] file:/home/runner/work/key/key/key.core/build/resources/main/de/uka/ilkd/key/proof/rules/ifThenElseRules.key:233:27: extraneous input '(' expecting {'\lemma', '}', IDENT, '/*!'} [@1542,6669:6669='(',<146>,233:27] (rulesOrAxioms, decls, file) 
166469     WARN  Thread-35       d.u.i.k.n.KeYParser       [syntax-error] file:/home/runner/work/key/key/key.core/build/resources/main/de/uka/ilkd/key/proof/rules/ifThenElseRules.key:233:31: mismatched input ')' expecting {'(', '{'} [@1544,6673:6673=')',<147>,233:31] (taclet, rulesOrAxioms, decls, file) 
166469     WARN  Thread-35       d.u.i.k.n.KeYParser       [syntax-error] file:/home/runner/work/key/key/key.core/build/resources/main/de/uka/ilkd/key/proof/rules/ifThenElseRules.key:237:42: mismatched input '}' expecting {'(', '{'} [@1586,6850:6850='}',<149>,237:42] (taclet, rulesOrAxioms, decls, file) 
166469     WARN  Thread-35       d.u.i.k.n.KeYParser       [syntax-error] file:/home/runner/work/key/key/key.core/build/resources/main/de/uka/ilkd/key/proof/rules/ifThenElseRules.key:238:34: mismatched input '}' expecting {'(', '{'} [@1599,6891:6891='}',<149>,238:34] (taclet, rulesOrAxioms, decls, file) 
166470     WARN  Thread-35       d.u.i.k.n.KeYParser       [syntax-error] file:/home/runner/work/key/key/key.core/build/resources/main/de/uka/ilkd/key/proof/rules/ifThenElseRules.key:239:28: extraneous input '(' expecting {'\lemma', '}', IDENT, '/*!'} [@1608,6925:6925='(',<146>,239:28] (rulesOrAxioms, decls, file) 
166470     WARN  Thread-35       d.u.i.k.n.KeYParser       [syntax-error] file:/home/runner/work/key/key/key.core/build/resources/main/de/uka/ilkd/key/proof/rules/ifThenElseRules.key:239:33: mismatched input '->' expecting {'(', '{'} [@1611,6930:6931='->',<158>,239:33] (taclet, rulesOrAxioms, decls, file) 
166470     WARN  Thread-35       d.u.i.k.n.KeYParser       [syntax-error] file:/home/runner/work/key/key/key.core/build/resources/main/de/uka/ilkd/key/proof/rules/ifThenElseRules.key:240:8: extraneous input '\replacewith' expecting {'\lemma', '}', IDENT, '/*!'} [@1626,6979:6990='\replacewith',<105>,240:8] (rulesOrAxioms, decls, file) 
166470     WARN  Thread-35       d.u.i.k.n.KeYParser       [syntax-error] file:/home/runner/work/key/key/key.core/build/resources/main/de/uka/ilkd/key/proof/rules/ifThenElseRules.key:240:25: mismatched input ')' expecting {'(', '{'} [@1629,6996:6996=')',<147>,240:25] (taclet, rulesOrAxioms, decls, file) 
166470     WARN  Thread-35       d.u.i.k.n.KeYParser       [syntax-error] file:/home/runner/work/key/key/key.core/build/resources/main/de/uka/ilkd/key/proof/rules/ifThenElseRules.key:240:56: mismatched input ')' expecting {'(', '{'} [@1642,7027:7027=')',<147>,240:56] (taclet, rulesOrAxioms, decls, file) 
166470     WARN  Thread-35       d.u.i.k.n.KeYParser       [syntax-error] file:/home/runner/work/key/key/key.core/build/resources/main/de/uka/ilkd/key/proof/rules/ifThenElseRules.key:245:14: mismatched input '\ifExintVar' expecting {MODALITY, FORALL, EXISTS, '\if', '\ifEx', 'true', 'false', '(', '{', '@', NOT, SEQARROW, '-', STRING_LITERAL, CHAR_LITERAL, BIN_LITERAL, HEX_LITERAL, IDENT, INT_LITERAL, FLOAT_LITERAL, DOUBLE_LITERAL, REAL_LITERAL} [@1658,7109:7119='\ifExintVar',<188>,245:14] (termorseq, taclet, rulesOrAxioms, decls, file) 
166471     WARN  Thread-35       d.u.i.k.n.KeYParser       [syntax-error] file:/home/runner/work/key/key/key.core/build/resources/main/de/uka/ilkd/key/proof/rules/ifThenElseRules.key:245:27: extraneous input '(' expecting {'\lemma', '}', IDENT, '/*!'} [@1661,7122:7122='(',<146>,245:27] (rulesOrAxioms, decls, file) 
166471     WARN  Thread-35       d.u.i.k.n.KeYParser       [syntax-error] file:/home/runner/work/key/key/key.core/build/resources/main/de/uka/ilkd/key/proof/rules/ifThenElseRules.key:245:31: mismatched input ')' expecting {'(', '{'} [@1663,7126:7126=')',<147>,245:31] (taclet, rulesOrAxioms, decls, file) 
166471     WARN  Thread-35       d.u.i.k.n.KeYParser       [syntax-error] file:/home/runner/work/key/key/key.core/build/resources/main/de/uka/ilkd/key/proof/rules/ifThenElseRules.key:248:45: mismatched input '}' expecting {'(', '{'} [@1696,7268:7268='}',<149>,248:45] (taclet, rulesOrAxioms, decls, file) 
166471     WARN  Thread-35       d.u.i.k.n.KeYParser       [syntax-error] file:/home/runner/work/key/key/key.core/build/resources/main/de/uka/ilkd/key/proof/rules/ifThenElseRules.key:249:8: extraneous input '\replacewith' expecting {'\lemma', '}', IDENT, '/*!'} [@1701,7284:7295='\replacewith',<105>,249:8] (rulesOrAxioms, decls, file) 
166471     WARN  Thread-35       d.u.i.k.n.KeYParser       [syntax-error] file:/home/runner/work/key/key/key.core/build/resources/main/de/uka/ilkd/key/proof/rules/ifThenElseRules.key:249:38: mismatched input ')' expecting {'(', '{'} [@1708,7314:7314=')',<147>,249:38] (taclet, rulesOrAxioms, decls, file) 
166471     WARN  Thread-35       d.u.i.k.n.KeYParser       [syntax-error] file:/home/runner/work/key/key/key.core/build/resources/main/de/uka/ilkd/key/proof/rules/ifThenElseRules.key:250:42: mismatched input '}' expecting {'(', '{'} [@1731,7381:7381='}',<149>,250:42] (taclet, rulesOrAxioms, decls, file) 
166471     WARN  Thread-35       d.u.i.k.n.KeYParser       [syntax-error] file:/home/runner/work/key/key/key.core/build/resources/main/de/uka/ilkd/key/proof/rules/ifThenElseRules.key:251:28: extraneous input '(' expecting {'\lemma', '}', IDENT, '/*!'} [@1741,7416:7416='(',<146>,251:28] (rulesOrAxioms, decls, file) 
166472     WARN  Thread-35       d.u.i.k.n.KeYParser       [syntax-error] file:/home/runner/work/key/key/key.core/build/resources/main/de/uka/ilkd/key/proof/rules/ifThenElseRules.key:251:33: mismatched input '->' expecting {'(', '{'} [@1744,7421:7422='->',<158>,251:33] (taclet, rulesOrAxioms, decls, file) 
166472     WARN  Thread-35       d.u.i.k.n.KeYParser       [syntax-error] file:/home/runner/work/key/key/key.core/build/resources/main/de/uka/ilkd/key/proof/rules/ifThenElseRules.key:255:14: mismatched input '\ifExintVar' expecting {MODALITY, FORALL, EXISTS, '\if', '\ifEx', 'true', 'false', '(', '{', '@', NOT, SEQARROW, '-', STRING_LITERAL, CHAR_LITERAL, BIN_LITERAL, HEX_LITERAL, IDENT, INT_LITERAL, FLOAT_LITERAL, DOUBLE_LITERAL, REAL_LITERAL} [@1765,7506:7516='\ifExintVar',<188>,255:14] (termorseq, taclet, rulesOrAxioms, decls, file) 
166472     WARN  Thread-35       d.u.i.k.n.KeYParser       [syntax-error] file:/home/runner/work/key/key/key.core/build/resources/main/de/uka/ilkd/key/proof/rules/ifThenElseRules.key:255:27: extraneous input '(' expecting {'\lemma', '}', IDENT, '/*!'} [@1768,7519:7519='(',<146>,255:27] (rulesOrAxioms, decls, file) 
166472     WARN  Thread-35       d.u.i.k.n.KeYParser       [syntax-error] file:/home/runner/work/key/key/key.core/build/resources/main/de/uka/ilkd/key/proof/rules/ifThenElseRules.key:255:31: mismatched input ')' expecting {'(', '{'} [@1770,7523:7523=')',<147>,255:31] (taclet, rulesOrAxioms, decls, file) 
166472     WARN  Thread-35       d.u.i.k.n.KeYParser       [syntax-error] file:/home/runner/work/key/key/key.core/build/resources/main/de/uka/ilkd/key/proof/rules/ifThenElseRules.key:258:52: extraneous input '0' expecting {'\lemma', '}', IDENT, '/*!'} [@1809,7667:7667='0',<184>,258:52] (rulesOrAxioms, decls, file) 
166472     WARN  Thread-35       d.u.i.k.n.KeYParser       [syntax-error] file:/home/runner/work/key/key/key.core/build/resources/main/de/uka/ilkd/key/proof/rules/ifThenElseRules.key:258:54: mismatched input 'then' expecting {<EOF>, '\problem', '\chooseContract', '\proofObligation', '\proof'} [@1811,7669:7672='then',<183>,258:54] (file) 
166494     WARN  Thread-33       d.u.i.k.n.KeYParser       [syntax-error] file:/home/runner/work/key/key/key.core/build/resources/main/de/uka/ilkd/key/proof/rules/ifThenElseRules.key:135:14: mismatched input '\ifExintVar' expecting {MODALITY, FORALL, EXISTS, '\if', '\ifEx', 'true', 'false', '(', '{', '@', NOT, SEQARROW, '-', STRING_LITERAL, CHAR_LITERAL, BIN_LITERAL, HEX_LITERAL, IDENT, INT_LITERAL, FLOAT_LITERAL, DOUBLE_LITERAL, REAL_LITERAL} [@745,3563:3573='\ifExintVar',<188>,135:14] (termorseq, taclet, rulesOrAxioms, decls, file) 
166494     WARN  Thread-33       d.u.i.k.n.KeYParser       [syntax-error] file:/home/runner/work/key/key/key.core/build/resources/main/de/uka/ilkd/key/proof/rules/ifThenElseRules.key:135:27: extraneous input '(' expecting {'\lemma', '}', IDENT, '/*!'} [@748,3576:3576='(',<146>,135:27] (rulesOrAxioms, decls, file) 
166494     WARN  Thread-33       d.u.i.k.n.KeYParser       [syntax-error] file:/home/runner/work/key/key/key.core/build/resources/main/de/uka/ilkd/key/proof/rules/ifThenElseRules.key:135:44: mismatched input ')' expecting {'(', '{'} [@754,3593:3593=')',<147>,135:44] (taclet, rulesOrAxioms, decls, file) 
166494     WARN  Thread-33       d.u.i.k.n.KeYParser       [syntax-error] file:/home/runner/work/key/key/key.core/build/resources/main/de/uka/ilkd/key/proof/rules/ifThenElseRules.key:141:14: mismatched input '\ifExintVar' expecting {MODALITY, FORALL, EXISTS, '\if', '\ifEx', 'true', 'false', '(', '{', '@', NOT, SEQARROW, '-', STRING_LITERAL, CHAR_LITERAL, BIN_LITERAL, HEX_LITERAL, IDENT, INT_LITERAL, FLOAT_LITERAL, DOUBLE_LITERAL, REAL_LITERAL} [@780,3716:3726='\ifExintVar',<188>,141:14] (termorseq, taclet, rulesOrAxioms, decls, file) 
166495     WARN  Thread-33       d.u.i.k.n.KeYParser       [syntax-error] file:/home/runner/work/key/key/key.core/build/resources/main/de/uka/ilkd/key/proof/rules/ifThenElseRules.key:141:27: extraneous input '(' expecting {'\lemma', '}', IDENT, '/*!'} [@783,3729:3729='(',<146>,141:27] (rulesOrAxioms, decls, file) 
166495     WARN  Thread-33       d.u.i.k.n.KeYParser       [syntax-error] file:/home/runner/work/key/key/key.core/build/resources/main/de/uka/ilkd/key/proof/rules/ifThenElseRules.key:141:41: mismatched input ')' expecting {'(', '{'} [@789,3743:3743=')',<147>,141:41] (taclet, rulesOrAxioms, decls, file) 
166495     WARN  Thread-33       d.u.i.k.n.KeYParser       [syntax-error] file:/home/runner/work/key/key/key.core/build/resources/main/de/uka/ilkd/key/proof/rules/ifThenElseRules.key:148:14: mismatched input '\ifExintVar' expecting {MODALITY, FORALL, EXISTS, '\if', '\ifEx', 'true', 'false', '(', '{', '@', NOT, SEQARROW, '-', STRING_LITERAL, CHAR_LITERAL, BIN_LITERAL, HEX_LITERAL, IDENT, INT_LITERAL, FLOAT_LITERAL, DOUBLE_LITERAL, REAL_LITERAL} [@819,3896:3906='\ifExintVar',<188>,148:14] (termorseq, taclet, rulesOrAxioms, decls, file) 
166495     WARN  Thread-33       d.u.i.k.n.KeYParser       [syntax-error] file:/home/runner/work/key/key/key.core/build/resources/main/de/uka/ilkd/key/proof/rules/ifThenElseRules.key:148:27: extraneous input '(' expecting {'\lemma', '}', IDENT, '/*!'} [@822,3909:3909='(',<146>,148:27] (rulesOrAxioms, decls, file) 
166495     WARN  Thread-33       d.u.i.k.n.KeYParser       [syntax-error] file:/home/runner/work/key/key/key.core/build/resources/main/de/uka/ilkd/key/proof/rules/ifThenElseRules.key:148:35: mismatched input '=' expecting {'(', '{'} [@825,3917:3917='=',<159>,148:35] (taclet, rulesOrAxioms, decls, file) 
166495     WARN  Thread-33       d.u.i.k.n.KeYParser       [syntax-error] file:/home/runner/work/key/key/key.core/build/resources/main/de/uka/ilkd/key/proof/rules/ifThenElseRules.key:150:38: mismatched input '}' expecting {'(', '{'} [@859,4023:4023='}',<149>,150:38] (taclet, rulesOrAxioms, decls, file) 
166496     WARN  Thread-33       d.u.i.k.n.KeYParser       [syntax-error] file:/home/runner/work/key/key/key.core/build/resources/main/de/uka/ilkd/key/proof/rules/ifThenElseRules.key:155:14: mismatched input '\ifExintVar' expecting {MODALITY, FORALL, EXISTS, '\if', '\ifEx', 'true', 'false', '(', '{', '@', NOT, SEQARROW, '-', STRING_LITERAL, CHAR_LITERAL, BIN_LITERAL, HEX_LITERAL, IDENT, INT_LITERAL, FLOAT_LITERAL, DOUBLE_LITERAL, REAL_LITERAL} [@877,4109:4119='\ifExintVar',<188>,155:14] (termorseq, taclet, rulesOrAxioms, decls, file) 
166496     WARN  Thread-33       d.u.i.k.n.KeYParser       [syntax-error] file:/home/runner/work/key/key/key.core/build/resources/main/de/uka/ilkd/key/proof/rules/ifThenElseRules.key:155:27: extraneous input '(' expecting {'\lemma', '}', IDENT, '/*!'} [@880,4122:4122='(',<146>,155:27] (rulesOrAxioms, decls, file) 
166496     WARN  Thread-33       d.u.i.k.n.KeYParser       [syntax-error] file:/home/runner/work/key/key/key.core/build/resources/main/de/uka/ilkd/key/proof/rules/ifThenElseRules.key:155:35: mismatched input '=' expecting {'(', '{'} [@883,4130:4130='=',<159>,155:35] (taclet, rulesOrAxioms, decls, file) 
166496     WARN  Thread-33       d.u.i.k.n.KeYParser       [syntax-error] file:/home/runner/work/key/key/key.core/build/resources/main/de/uka/ilkd/key/proof/rules/ifThenElseRules.key:157:38: mismatched input '}' expecting {'(', '{'} [@917,4230:4230='}',<149>,157:38] (taclet, rulesOrAxioms, decls, file) 
166496     WARN  Thread-33       d.u.i.k.n.KeYParser       [syntax-error] file:/home/runner/work/key/key/key.core/build/resources/main/de/uka/ilkd/key/proof/rules/ifThenElseRules.key:163:14: mismatched input '\ifExintVar' expecting {MODALITY, FORALL, EXISTS, '\if', '\ifEx', 'true', 'false', '(', '{', '@', NOT, SEQARROW, '-', STRING_LITERAL, CHAR_LITERAL, BIN_LITERAL, HEX_LITERAL, IDENT, INT_LITERAL, FLOAT_LITERAL, DOUBLE_LITERAL, REAL_LITERAL} [@939,4350:4360='\ifExintVar',<188>,163:14] (termorseq, taclet, rulesOrAxioms, decls, file) 
166496     WARN  Thread-33       d.u.i.k.n.KeYParser       [syntax-error] file:/home/runner/work/key/key/key.core/build/resources/main/de/uka/ilkd/key/proof/rules/ifThenElseRules.key:163:27: extraneous input '(' expecting {'\lemma', '}', IDENT, '/*!'} [@942,4363:4363='(',<146>,163:27] (rulesOrAxioms, decls, file) 
166497     WARN  Thread-33       d.u.i.k.n.KeYParser       [syntax-error] file:/home/runner/work/key/key/key.core/build/resources/main/de/uka/ilkd/key/proof/rules/ifThenElseRules.key:163:30: mismatched input '=' expecting {'(', '{'} [@945,4366:4366='=',<159>,163:30] (taclet, rulesOrAxioms, decls, file) 
166497     WARN  Thread-33       d.u.i.k.n.KeYParser       [syntax-error] file:/home/runner/work/key/key/key.core/build/resources/main/de/uka/ilkd/key/proof/rules/ifThenElseRules.key:165:38: mismatched input '}' expecting {'(', '{'} [@979,4477:4477='}',<149>,165:38] (taclet, rulesOrAxioms, decls, file) 
166497     WARN  Thread-33       d.u.i.k.n.KeYParser       [syntax-error] file:/home/runner/work/key/key/key.core/build/resources/main/de/uka/ilkd/key/proof/rules/ifThenElseRules.key:171:14: mismatched input '\ifExintVar' expecting {MODALITY, FORALL, EXISTS, '\if', '\ifEx', 'true', 'false', '(', '{', '@', NOT, SEQARROW, '-', STRING_LITERAL, CHAR_LITERAL, BIN_LITERAL, HEX_LITERAL, IDENT, INT_LITERAL, FLOAT_LITERAL, DOUBLE_LITERAL, REAL_LITERAL} [@1001,4604:4614='\ifExintVar',<188>,171:14] (termorseq, taclet, rulesOrAxioms, decls, file) 
166497     WARN  Thread-33       d.u.i.k.n.KeYParser       [syntax-error] file:/home/runner/work/key/key/key.core/build/resources/main/de/uka/ilkd/key/proof/rules/ifThenElseRules.key:171:27: extraneous input '(' expecting {'\lemma', '}', IDENT, '/*!'} [@1004,4617:4617='(',<146>,171:27] (rulesOrAxioms, decls, file) 
166497     WARN  Thread-33       d.u.i.k.n.KeYParser       [syntax-error] file:/home/runner/work/key/key/key.core/build/resources/main/de/uka/ilkd/key/proof/rules/ifThenElseRules.key:171:30: mismatched input '=' expecting {'(', '{'} [@1007,4620:4620='=',<159>,171:30] (taclet, rulesOrAxioms, decls, file) 
166497     WARN  Thread-33       d.u.i.k.n.KeYParser       [syntax-error] file:/home/runner/work/key/key/key.core/build/resources/main/de/uka/ilkd/key/proof/rules/ifThenElseRules.key:173:38: mismatched input '}' expecting {'(', '{'} [@1041,4725:4725='}',<149>,173:38] (taclet, rulesOrAxioms, decls, file) 
166497     WARN  Thread-33       d.u.i.k.n.KeYParser       [syntax-error] file:/home/runner/work/key/key/key.core/build/resources/main/de/uka/ilkd/key/proof/rules/ifThenElseRules.key:179:14: mismatched input '\ifExintVar' expecting {MODALITY, FORALL, EXISTS, '\if', '\ifEx', 'true', 'false', '(', '{', '@', NOT, SEQARROW, '-', STRING_LITERAL, CHAR_LITERAL, BIN_LITERAL, HEX_LITERAL, IDENT, INT_LITERAL, FLOAT_LITERAL, DOUBLE_LITERAL, REAL_LITERAL} [@1063,4848:4858='\ifExintVar',<188>,179:14] (termorseq, taclet, rulesOrAxioms, decls, file) 
166498     WARN  Thread-33       d.u.i.k.n.KeYParser       [syntax-error] file:/home/runner/work/key/key/key.core/build/resources/main/de/uka/ilkd/key/proof/rules/ifThenElseRules.key:179:27: extraneous input '(' expecting {'\lemma', '}', IDENT, '/*!'} [@1066,4861:4861='(',<146>,179:27] (rulesOrAxioms, decls, file) 
166498     WARN  Thread-33       d.u.i.k.n.KeYParser       [syntax-error] file:/home/runner/work/key/key/key.core/build/resources/main/de/uka/ilkd/key/proof/rules/ifThenElseRules.key:179:32: mismatched input '&' expecting {'(', '{'} [@1069,4866:4866='&',<156>,179:32] (taclet, rulesOrAxioms, decls, file) 
166498     WARN  Thread-33       d.u.i.k.n.KeYParser       [syntax-error] file:/home/runner/work/key/key/key.core/build/resources/main/de/uka/ilkd/key/proof/rules/ifThenElseRules.key:181:42: mismatched input '}' expecting {'(', '{'} [@1109,4985:4985='}',<149>,181:42] (taclet, rulesOrAxioms, decls, file) 
166498     WARN  Thread-33       d.u.i.k.n.KeYParser       [syntax-error] file:/home/runner/work/key/key/key.core/build/resources/main/de/uka/ilkd/key/proof/rules/ifThenElseRules.key:182:39: mismatched input '}' expecting {'(', '{'} [@1122,5030:5030='}',<149>,182:39] (taclet, rulesOrAxioms, decls, file) 
166498     WARN  Thread-33       d.u.i.k.n.KeYParser       [syntax-error] file:/home/runner/work/key/key/key.core/build/resources/main/de/uka/ilkd/key/proof/rules/ifThenElseRules.key:188:14: mismatched input '\ifExintVar' expecting {MODALITY, FORALL, EXISTS, '\if', '\ifEx', 'true', 'false', '(', '{', '@', NOT, SEQARROW, '-', STRING_LITERAL, CHAR_LITERAL, BIN_LITERAL, HEX_LITERAL, IDENT, INT_LITERAL, FLOAT_LITERAL, DOUBLE_LITERAL, REAL_LITERAL} [@1146,5149:5159='\ifExintVar',<188>,188:14] (termorseq, taclet, rulesOrAxioms, decls, file) 
166499     WARN  Thread-33       d.u.i.k.n.KeYParser       [syntax-error] file:/home/runner/work/key/key/key.core/build/resources/main/de/uka/ilkd/key/proof/rules/ifThenElseRules.key:188:27: extraneous input '(' expecting {'\lemma', '}', IDENT, '/*!'} [@1149,5162:5162='(',<146>,188:27] (rulesOrAxioms, decls, file) 
166499     WARN  Thread-33       d.u.i.k.n.KeYParser       [syntax-error] file:/home/runner/work/key/key/key.core/build/resources/main/de/uka/ilkd/key/proof/rules/ifThenElseRules.key:188:32: mismatched input '&' expecting {'(', '{'} [@1152,5167:5167='&',<156>,188:32] (taclet, rulesOrAxioms, decls, file) 
166499     WARN  Thread-33       d.u.i.k.n.KeYParser       [syntax-error] file:/home/runner/work/key/key/key.core/build/resources/main/de/uka/ilkd/key/proof/rules/ifThenElseRules.key:190:42: mismatched input '}' expecting {'(', '{'} [@1192,5280:5280='}',<149>,190:42] (taclet, rulesOrAxioms, decls, file) 
166499     WARN  Thread-33       d.u.i.k.n.KeYParser       [syntax-error] file:/home/runner/work/key/key/key.core/build/resources/main/de/uka/ilkd/key/proof/rules/ifThenElseRules.key:191:39: mismatched input '}' expecting {'(', '{'} [@1205,5325:5325='}',<149>,191:39] (taclet, rulesOrAxioms, decls, file) 
166499     WARN  Thread-33       d.u.i.k.n.KeYParser       [syntax-error] file:/home/runner/work/key/key/key.core/build/resources/main/de/uka/ilkd/key/proof/rules/ifThenElseRules.key:198:14: mismatched input '\ifExintVar' expecting {MODALITY, FORALL, EXISTS, '\if', '\ifEx', 'true', 'false', '(', '{', '@', NOT, SEQARROW, '-', STRING_LITERAL, CHAR_LITERAL, BIN_LITERAL, HEX_LITERAL, IDENT, INT_LITERAL, FLOAT_LITERAL, DOUBLE_LITERAL, REAL_LITERAL} [@1233,5475:5485='\ifExintVar',<188>,198:14] (termorseq, taclet, rulesOrAxioms, decls, file) 
166499     WARN  Thread-33       d.u.i.k.n.KeYParser       [syntax-error] file:/home/runner/work/key/key/key.core/build/resources/main/de/uka/ilkd/key/proof/rules/ifThenElseRules.key:198:27: extraneous input '(' expecting {'\lemma', '}', IDENT, '/*!'} [@1236,5488:5488='(',<146>,198:27] (rulesOrAxioms, decls, file) 
166500     WARN  Thread-33       d.u.i.k.n.KeYParser       [syntax-error] file:/home/runner/work/key/key/key.core/build/resources/main/de/uka/ilkd/key/proof/rules/ifThenElseRules.key:198:32: mismatched input '&' expecting {'(', '{'} [@1239,5493:5493='&',<156>,198:32] (taclet, rulesOrAxioms, decls, file) 
166500     WARN  Thread-33       d.u.i.k.n.KeYParser       [syntax-error] file:/home/runner/work/key/key/key.core/build/resources/main/de/uka/ilkd/key/proof/rules/ifThenElseRules.key:200:42: mismatched input '}' expecting {'(', '{'} [@1279,5612:5612='}',<149>,200:42] (taclet, rulesOrAxioms, decls, file) 
166500     WARN  Thread-33       d.u.i.k.n.KeYParser       [syntax-error] file:/home/runner/work/key/key/key.core/build/resources/main/de/uka/ilkd/key/proof/rules/ifThenElseRules.key:201:39: mismatched input '}' expecting {'(', '{'} [@1292,5657:5657='}',<149>,201:39] (taclet, rulesOrAxioms, decls, file) 
166500     WARN  Thread-33       d.u.i.k.n.KeYParser       [syntax-error] file:/home/runner/work/key/key/key.core/build/resources/main/de/uka/ilkd/key/proof/rules/ifThenElseRules.key:208:14: mismatched input '\ifExintVar' expecting {MODALITY, FORALL, EXISTS, '\if', '\ifEx', 'true', 'false', '(', '{', '@', NOT, SEQARROW, '-', STRING_LITERAL, CHAR_LITERAL, BIN_LITERAL, HEX_LITERAL, IDENT, INT_LITERAL, FLOAT_LITERAL, DOUBLE_LITERAL, REAL_LITERAL} [@1320,5817:5827='\ifExintVar',<188>,208:14] (termorseq, taclet, rulesOrAxioms, decls, file) 
166500     WARN  Thread-33       d.u.i.k.n.KeYParser       [syntax-error] file:/home/runner/work/key/key/key.core/build/resources/main/de/uka/ilkd/key/proof/rules/ifThenElseRules.key:208:27: extraneous input '(' expecting {'\lemma', '}', IDENT, '/*!'} [@1323,5830:5830='(',<146>,208:27] (rulesOrAxioms, decls, file) 
166500     WARN  Thread-33       d.u.i.k.n.KeYParser       [syntax-error] file:/home/runner/work/key/key/key.core/build/resources/main/de/uka/ilkd/key/proof/rules/ifThenElseRules.key:208:32: mismatched input '&' expecting {'(', '{'} [@1326,5835:5835='&',<156>,208:32] (taclet, rulesOrAxioms, decls, file) 
166501     WARN  Thread-33       d.u.i.k.n.KeYParser       [syntax-error] file:/home/runner/work/key/key/key.core/build/resources/main/de/uka/ilkd/key/proof/rules/ifThenElseRules.key:210:42: mismatched input '}' expecting {'(', '{'} [@1366,5948:5948='}',<149>,210:42] (taclet, rulesOrAxioms, decls, file) 
166501     WARN  Thread-33       d.u.i.k.n.KeYParser       [syntax-error] file:/home/runner/work/key/key/key.core/build/resources/main/de/uka/ilkd/key/proof/rules/ifThenElseRules.key:211:39: mismatched input '}' expecting {'(', '{'} [@1379,5993:5993='}',<149>,211:39] (taclet, rulesOrAxioms, decls, file) 
166501     WARN  Thread-33       d.u.i.k.n.KeYParser       [syntax-error] file:/home/runner/work/key/key/key.core/build/resources/main/de/uka/ilkd/key/proof/rules/ifThenElseRules.key:218:14: mismatched input '\ifExintVar' expecting {MODALITY, FORALL, EXISTS, '\if', '\ifEx', 'true', 'false', '(', '{', '@', NOT, SEQARROW, '-', STRING_LITERAL, CHAR_LITERAL, BIN_LITERAL, HEX_LITERAL, IDENT, INT_LITERAL, FLOAT_LITERAL, DOUBLE_LITERAL, REAL_LITERAL} [@1407,6146:6156='\ifExintVar',<188>,218:14] (termorseq, taclet, rulesOrAxioms, decls, file) 
166501     WARN  Thread-33       d.u.i.k.n.KeYParser       [syntax-error] file:/home/runner/work/key/key/key.core/build/resources/main/de/uka/ilkd/key/proof/rules/ifThenElseRules.key:218:27: extraneous input '(' expecting {'\lemma', '}', IDENT, '/*!'} [@1410,6159:6159='(',<146>,218:27] (rulesOrAxioms, decls, file) 
166501     WARN  Thread-33       d.u.i.k.n.KeYParser       [syntax-error] file:/home/runner/work/key/key/key.core/build/resources/main/de/uka/ilkd/key/proof/rules/ifThenElseRules.key:218:31: mismatched input ')' expecting {'(', '{'} [@1412,6163:6163=')',<147>,218:31] (taclet, rulesOrAxioms, decls, file) 
166501     WARN  Thread-33       d.u.i.k.n.KeYParser       [syntax-error] file:/home/runner/work/key/key/key.core/build/resources/main/de/uka/ilkd/key/proof/rules/ifThenElseRules.key:220:44: mismatched input ')' expecting {'(', '{'} [@1444,6275:6275=')',<147>,220:44] (taclet, rulesOrAxioms, decls, file) 
166501     WARN  Thread-33       d.u.i.k.n.KeYParser       [syntax-error] file:/home/runner/work/key/key/key.core/build/resources/main/de/uka/ilkd/key/proof/rules/ifThenElseRules.key:225:14: mismatched input '\ifExintVar' expecting {MODALITY, FORALL, EXISTS, '\if', '\ifEx', 'true', 'false', '(', '{', '@', NOT, SEQARROW, '-', STRING_LITERAL, CHAR_LITERAL, BIN_LITERAL, HEX_LITERAL, IDENT, INT_LITERAL, FLOAT_LITERAL, DOUBLE_LITERAL, REAL_LITERAL} [@1471,6389:6399='\ifExintVar',<188>,225:14] (termorseq, taclet, rulesOrAxioms, decls, file) 
166502     WARN  Thread-33       d.u.i.k.n.KeYParser       [syntax-error] file:/home/runner/work/key/key/key.core/build/resources/main/de/uka/ilkd/key/proof/rules/ifThenElseRules.key:225:27: extraneous input '(' expecting {'\lemma', '}', IDENT, '/*!'} [@1474,6402:6402='(',<146>,225:27] (rulesOrAxioms, decls, file) 
166502     WARN  Thread-33       d.u.i.k.n.KeYParser       [syntax-error] file:/home/runner/work/key/key/key.core/build/resources/main/de/uka/ilkd/key/proof/rules/ifThenElseRules.key:225:31: mismatched input ')' expecting {'(', '{'} [@1476,6406:6406=')',<147>,225:31] (taclet, rulesOrAxioms, decls, file) 
166502     WARN  Thread-33       d.u.i.k.n.KeYParser       [syntax-error] file:/home/runner/work/key/key/key.core/build/resources/main/de/uka/ilkd/key/proof/rules/ifThenElseRules.key:227:44: mismatched input ')' expecting {'(', '{'} [@1508,6509:6509=')',<147>,227:44] (taclet, rulesOrAxioms, decls, file) 
166502     WARN  Thread-33       d.u.i.k.n.KeYParser       [syntax-error] file:/home/runner/work/key/key/key.core/build/resources/main/de/uka/ilkd/key/proof/rules/ifThenElseRules.key:233:14: mismatched input '\ifExintVar' expecting {MODALITY, FORALL, EXISTS, '\if', '\ifEx', 'true', 'false', '(', '{', '@', NOT, SEQARROW, '-', STRING_LITERAL, CHAR_LITERAL, BIN_LITERAL, HEX_LITERAL, IDENT, INT_LITERAL, FLOAT_LITERAL, DOUBLE_LITERAL, REAL_LITERAL} [@1539,6656:6666='\ifExintVar',<188>,233:14] (termorseq, taclet, rulesOrAxioms, decls, file) 
166502     WARN  Thread-33       d.u.i.k.n.KeYParser       [syntax-error] file:/home/runner/work/key/key/key.core/build/resources/main/de/uka/ilkd/key/proof/rules/ifThenElseRules.key:233:27: extraneous input '(' expecting {'\lemma', '}', IDENT, '/*!'} [@1542,6669:6669='(',<146>,233:27] (rulesOrAxioms, decls, file) 
166502     WARN  Thread-33       d.u.i.k.n.KeYParser       [syntax-error] file:/home/runner/work/key/key/key.core/build/resources/main/de/uka/ilkd/key/proof/rules/ifThenElseRules.key:233:31: mismatched input ')' expecting {'(', '{'} [@1544,6673:6673=')',<147>,233:31] (taclet, rulesOrAxioms, decls, file) 
166502     WARN  Thread-33       d.u.i.k.n.KeYParser       [syntax-error] file:/home/runner/work/key/key/key.core/build/resources/main/de/uka/ilkd/key/proof/rules/ifThenElseRules.key:237:42: mismatched input '}' expecting {'(', '{'} [@1586,6850:6850='}',<149>,237:42] (taclet, rulesOrAxioms, decls, file) 
166503     WARN  Thread-33       d.u.i.k.n.KeYParser       [syntax-error] file:/home/runner/work/key/key/key.core/build/resources/main/de/uka/ilkd/key/proof/rules/ifThenElseRules.key:238:34: mismatched input '}' expecting {'(', '{'} [@1599,6891:6891='}',<149>,238:34] (taclet, rulesOrAxioms, decls, file) 
166503     WARN  Thread-33       d.u.i.k.n.KeYParser       [syntax-error] file:/home/runner/work/key/key/key.core/build/resources/main/de/uka/ilkd/key/proof/rules/ifThenElseRules.key:239:28: extraneous input '(' expecting {'\lemma', '}', IDENT, '/*!'} [@1608,6925:6925='(',<146>,239:28] (rulesOrAxioms, decls, file) 
166503     WARN  Thread-33       d.u.i.k.n.KeYParser       [syntax-error] file:/home/runner/work/key/key/key.core/build/resources/main/de/uka/ilkd/key/proof/rules/ifThenElseRules.key:239:33: mismatched input '->' expecting {'(', '{'} [@1611,6930:6931='->',<158>,239:33] (taclet, rulesOrAxioms, decls, file) 
166503     WARN  Thread-33       d.u.i.k.n.KeYParser       [syntax-error] file:/home/runner/work/key/key/key.core/build/resources/main/de/uka/ilkd/key/proof/rules/ifThenElseRules.key:240:8: extraneous input '\replacewith' expecting {'\lemma', '}', IDENT, '/*!'} [@1626,6979:6990='\replacewith',<105>,240:8] (rulesOrAxioms, decls, file) 
166503     WARN  Thread-33       d.u.i.k.n.KeYParser       [syntax-error] file:/home/runner/work/key/key/key.core/build/resources/main/de/uka/ilkd/key/proof/rules/ifThenElseRules.key:240:25: mismatched input ')' expecting {'(', '{'} [@1629,6996:6996=')',<147>,240:25] (taclet, rulesOrAxioms, decls, file) 
166503     WARN  Thread-33       d.u.i.k.n.KeYParser       [syntax-error] file:/home/runner/work/key/key/key.core/build/resources/main/de/uka/ilkd/key/proof/rules/ifThenElseRules.key:240:56: mismatched input ')' expecting {'(', '{'} [@1642,7027:7027=')',<147>,240:56] (taclet, rulesOrAxioms, decls, file) 
166503     WARN  Thread-33       d.u.i.k.n.KeYParser       [syntax-error] file:/home/runner/work/key/key/key.core/build/resources/main/de/uka/ilkd/key/proof/rules/ifThenElseRules.key:245:14: mismatched input '\ifExintVar' expecting {MODALITY, FORALL, EXISTS, '\if', '\ifEx', 'true', 'false', '(', '{', '@', NOT, SEQARROW, '-', STRING_LITERAL, CHAR_LITERAL, BIN_LITERAL, HEX_LITERAL, IDENT, INT_LITERAL, FLOAT_LITERAL, DOUBLE_LITERAL, REAL_LITERAL} [@1658,7109:7119='\ifExintVar',<188>,245:14] (termorseq, taclet, rulesOrAxioms, decls, file) 
166504     WARN  Thread-33       d.u.i.k.n.KeYParser       [syntax-error] file:/home/runner/work/key/key/key.core/build/resources/main/de/uka/ilkd/key/proof/rules/ifThenElseRules.key:245:27: extraneous input '(' expecting {'\lemma', '}', IDENT, '/*!'} [@1661,7122:7122='(',<146>,245:27] (rulesOrAxioms, decls, file) 
166504     WARN  Thread-33       d.u.i.k.n.KeYParser       [syntax-error] file:/home/runner/work/key/key/key.core/build/resources/main/de/uka/ilkd/key/proof/rules/ifThenElseRules.key:245:31: mismatched input ')' expecting {'(', '{'} [@1663,7126:7126=')',<147>,245:31] (taclet, rulesOrAxioms, decls, file) 
166504     WARN  Thread-33       d.u.i.k.n.KeYParser       [syntax-error] file:/home/runner/work/key/key/key.core/build/resources/main/de/uka/ilkd/key/proof/rules/ifThenElseRules.key:248:45: mismatched input '}' expecting {'(', '{'} [@1696,7268:7268='}',<149>,248:45] (taclet, rulesOrAxioms, decls, file) 
166504     WARN  Thread-33       d.u.i.k.n.KeYParser       [syntax-error] file:/home/runner/work/key/key/key.core/build/resources/main/de/uka/ilkd/key/proof/rules/ifThenElseRules.key:249:8: extraneous input '\replacewith' expecting {'\lemma', '}', IDENT, '/*!'} [@1701,7284:7295='\replacewith',<105>,249:8] (rulesOrAxioms, decls, file) 
166504     WARN  Thread-33       d.u.i.k.n.KeYParser       [syntax-error] file:/home/runner/work/key/key/key.core/build/resources/main/de/uka/ilkd/key/proof/rules/ifThenElseRules.key:249:38: mismatched input ')' expecting {'(', '{'} [@1708,7314:7314=')',<147>,249:38] (taclet, rulesOrAxioms, decls, file) 
166504     WARN  Thread-33       d.u.i.k.n.KeYParser       [syntax-error] file:/home/runner/work/key/key/key.core/build/resources/main/de/uka/ilkd/key/proof/rules/ifThenElseRules.key:250:42: mismatched input '}' expecting {'(', '{'} [@1731,7381:7381='}',<149>,250:42] (taclet, rulesOrAxioms, decls, file) 
166504     WARN  Thread-33       d.u.i.k.n.KeYParser       [syntax-error] file:/home/runner/work/key/key/key.core/build/resources/main/de/uka/ilkd/key/proof/rules/ifThenElseRules.key:251:28: extraneous input '(' expecting {'\lemma', '}', IDENT, '/*!'} [@1741,7416:7416='(',<146>,251:28] (rulesOrAxioms, decls, file) 
166505     WARN  Thread-33       d.u.i.k.n.KeYParser       [syntax-error] file:/home/runner/work/key/key/key.core/build/resources/main/de/uka/ilkd/key/proof/rules/ifThenElseRules.key:251:33: mismatched input '->' expecting {'(', '{'} [@1744,7421:7422='->',<158>,251:33] (taclet, rulesOrAxioms, decls, file) 
166505     WARN  Thread-33       d.u.i.k.n.KeYParser       [syntax-error] file:/home/runner/work/key/key/key.core/build/resources/main/de/uka/ilkd/key/proof/rules/ifThenElseRules.key:255:14: mismatched input '\ifExintVar' expecting {MODALITY, FORALL, EXISTS, '\if', '\ifEx', 'true', 'false', '(', '{', '@', NOT, SEQARROW, '-', STRING_LITERAL, CHAR_LITERAL, BIN_LITERAL, HEX_LITERAL, IDENT, INT_LITERAL, FLOAT_LITERAL, DOUBLE_LITERAL, REAL_LITERAL} [@1765,7506:7516='\ifExintVar',<188>,255:14] (termorseq, taclet, rulesOrAxioms, decls, file) 
166505     WARN  Thread-33       d.u.i.k.n.KeYParser       [syntax-error] file:/home/runner/work/key/key/key.core/build/resources/main/de/uka/ilkd/key/proof/rules/ifThenElseRules.key:255:27: extraneous input '(' expecting {'\lemma', '}', IDENT, '/*!'} [@1768,7519:7519='(',<146>,255:27] (rulesOrAxioms, decls, file) 
166505     WARN  Thread-33       d.u.i.k.n.KeYParser       [syntax-error] file:/home/runner/work/key/key/key.core/build/resources/main/de/uka/ilkd/key/proof/rules/ifThenElseRules.key:255:31: mismatched input ')' expecting {'(', '{'} [@1770,7523:7523=')',<147>,255:31] (taclet, rulesOrAxioms, decls, file) 
166505     WARN  Thread-33       d.u.i.k.n.KeYParser       [syntax-error] file:/home/runner/work/key/key/key.core/build/resources/main/de/uka/ilkd/key/proof/rules/ifThenElseRules.key:258:52: extraneous input '0' expecting {'\lemma', '}', IDENT, '/*!'} [@1809,7667:7667='0',<184>,258:52] (rulesOrAxioms, decls, file) 
166505     WARN  Thread-33       d.u.i.k.n.KeYParser       [syntax-error] file:/home/runner/work/key/key/key.core/build/resources/main/de/uka/ilkd/key/proof/rules/ifThenElseRules.key:258:54: mismatched input 'then' expecting {<EOF>, '\problem', '\chooseContract', '\proofObligation', '\proof'} [@1811,7669:7672='then',<183>,258:54] (file) 
166549     WARN  Thread-36       d.u.i.k.n.KeYParser       [syntax-error] file:/home/runner/work/key/key/key.core/build/resources/main/de/uka/ilkd/key/proof/rules/ifThenElseRules.key:135:14: mismatched input '\ifExintVar' expecting {MODALITY, FORALL, EXISTS, '\if', '\ifEx', 'true', 'false', '(', '{', '@', NOT, SEQARROW, '-', STRING_LITERAL, CHAR_LITERAL, BIN_LITERAL, HEX_LITERAL, IDENT, INT_LITERAL, FLOAT_LITERAL, DOUBLE_LITERAL, REAL_LITERAL} [@745,3563:3573='\ifExintVar',<188>,135:14] (termorseq, taclet, rulesOrAxioms, decls, file) 
166559     WARN  Thread-36       d.u.i.k.n.KeYParser       [syntax-error] file:/home/runner/work/key/key/key.core/build/resources/main/de/uka/ilkd/key/proof/rules/ifThenElseRules.key:135:27: extraneous input '(' expecting {'\lemma', '}', IDENT, '/*!'} [@748,3576:3576='(',<146>,135:27] (rulesOrAxioms, decls, file) 
166559     WARN  Thread-36       d.u.i.k.n.KeYParser       [syntax-error] file:/home/runner/work/key/key/key.core/build/resources/main/de/uka/ilkd/key/proof/rules/ifThenElseRules.key:135:44: mismatched input ')' expecting {'(', '{'} [@754,3593:3593=')',<147>,135:44] (taclet, rulesOrAxioms, decls, file) 
166559     WARN  Thread-36       d.u.i.k.n.KeYParser       [syntax-error] file:/home/runner/work/key/key/key.core/build/resources/main/de/uka/ilkd/key/proof/rules/ifThenElseRules.key:141:14: mismatched input '\ifExintVar' expecting {MODALITY, FORALL, EXISTS, '\if', '\ifEx', 'true', 'false', '(', '{', '@', NOT, SEQARROW, '-', STRING_LITERAL, CHAR_LITERAL, BIN_LITERAL, HEX_LITERAL, IDENT, INT_LITERAL, FLOAT_LITERAL, DOUBLE_LITERAL, REAL_LITERAL} [@780,3716:3726='\ifExintVar',<188>,141:14] (termorseq, taclet, rulesOrAxioms, decls, file) 
166559     WARN  Thread-36       d.u.i.k.n.KeYParser       [syntax-error] file:/home/runner/work/key/key/key.core/build/resources/main/de/uka/ilkd/key/proof/rules/ifThenElseRules.key:141:27: extraneous input '(' expecting {'\lemma', '}', IDENT, '/*!'} [@783,3729:3729='(',<146>,141:27] (rulesOrAxioms, decls, file) 
166559     WARN  Thread-36       d.u.i.k.n.KeYParser       [syntax-error] file:/home/runner/work/key/key/key.core/build/resources/main/de/uka/ilkd/key/proof/rules/ifThenElseRules.key:141:41: mismatched input ')' expecting {'(', '{'} [@789,3743:3743=')',<147>,141:41] (taclet, rulesOrAxioms, decls, file) 
166560     WARN  Thread-36       d.u.i.k.n.KeYParser       [syntax-error] file:/home/runner/work/key/key/key.core/build/resources/main/de/uka/ilkd/key/proof/rules/ifThenElseRules.key:148:14: mismatched input '\ifExintVar' expecting {MODALITY, FORALL, EXISTS, '\if', '\ifEx', 'true', 'false', '(', '{', '@', NOT, SEQARROW, '-', STRING_LITERAL, CHAR_LITERAL, BIN_LITERAL, HEX_LITERAL, IDENT, INT_LITERAL, FLOAT_LITERAL, DOUBLE_LITERAL, REAL_LITERAL} [@819,3896:3906='\ifExintVar',<188>,148:14] (termorseq, taclet, rulesOrAxioms, decls, file) 
166560     WARN  Thread-36       d.u.i.k.n.KeYParser       [syntax-error] file:/home/runner/work/key/key/key.core/build/resources/main/de/uka/ilkd/key/proof/rules/ifThenElseRules.key:148:27: extraneous input '(' expecting {'\lemma', '}', IDENT, '/*!'} [@822,3909:3909='(',<146>,148:27] (rulesOrAxioms, decls, file) 
166560     WARN  Thread-36       d.u.i.k.n.KeYParser       [syntax-error] file:/home/runner/work/key/key/key.core/build/resources/main/de/uka/ilkd/key/proof/rules/ifThenElseRules.key:148:35: mismatched input '=' expecting {'(', '{'} [@825,3917:3917='=',<159>,148:35] (taclet, rulesOrAxioms, decls, file) 
166560     WARN  Thread-36       d.u.i.k.n.KeYParser       [syntax-error] file:/home/runner/work/key/key/key.core/build/resources/main/de/uka/ilkd/key/proof/rules/ifThenElseRules.key:150:38: mismatched input '}' expecting {'(', '{'} [@859,4023:4023='}',<149>,150:38] (taclet, rulesOrAxioms, decls, file) 
166560     WARN  Thread-36       d.u.i.k.n.KeYParser       [syntax-error] file:/home/runner/work/key/key/key.core/build/resources/main/de/uka/ilkd/key/proof/rules/ifThenElseRules.key:155:14: mismatched input '\ifExintVar' expecting {MODALITY, FORALL, EXISTS, '\if', '\ifEx', 'true', 'false', '(', '{', '@', NOT, SEQARROW, '-', STRING_LITERAL, CHAR_LITERAL, BIN_LITERAL, HEX_LITERAL, IDENT, INT_LITERAL, FLOAT_LITERAL, DOUBLE_LITERAL, REAL_LITERAL} [@877,4109:4119='\ifExintVar',<188>,155:14] (termorseq, taclet, rulesOrAxioms, decls, file) 
166560     WARN  Thread-36       d.u.i.k.n.KeYParser       [syntax-error] file:/home/runner/work/key/key/key.core/build/resources/main/de/uka/ilkd/key/proof/rules/ifThenElseRules.key:155:27: extraneous input '(' expecting {'\lemma', '}', IDENT, '/*!'} [@880,4122:4122='(',<146>,155:27] (rulesOrAxioms, decls, file) 
166560     WARN  Thread-36       d.u.i.k.n.KeYParser       [syntax-error] file:/home/runner/work/key/key/key.core/build/resources/main/de/uka/ilkd/key/proof/rules/ifThenElseRules.key:155:35: mismatched input '=' expecting {'(', '{'} [@883,4130:4130='=',<159>,155:35] (taclet, rulesOrAxioms, decls, file) 
166561     WARN  Thread-36       d.u.i.k.n.KeYParser       [syntax-error] file:/home/runner/work/key/key/key.core/build/resources/main/de/uka/ilkd/key/proof/rules/ifThenElseRules.key:157:38: mismatched input '}' expecting {'(', '{'} [@917,4230:4230='}',<149>,157:38] (taclet, rulesOrAxioms, decls, file) 
166561     WARN  Thread-36       d.u.i.k.n.KeYParser       [syntax-error] file:/home/runner/work/key/key/key.core/build/resources/main/de/uka/ilkd/key/proof/rules/ifThenElseRules.key:163:14: mismatched input '\ifExintVar' expecting {MODALITY, FORALL, EXISTS, '\if', '\ifEx', 'true', 'false', '(', '{', '@', NOT, SEQARROW, '-', STRING_LITERAL, CHAR_LITERAL, BIN_LITERAL, HEX_LITERAL, IDENT, INT_LITERAL, FLOAT_LITERAL, DOUBLE_LITERAL, REAL_LITERAL} [@939,4350:4360='\ifExintVar',<188>,163:14] (termorseq, taclet, rulesOrAxioms, decls, file) 
166561     WARN  Thread-36       d.u.i.k.n.KeYParser       [syntax-error] file:/home/runner/work/key/key/key.core/build/resources/main/de/uka/ilkd/key/proof/rules/ifThenElseRules.key:163:27: extraneous input '(' expecting {'\lemma', '}', IDENT, '/*!'} [@942,4363:4363='(',<146>,163:27] (rulesOrAxioms, decls, file) 
166561     WARN  Thread-36       d.u.i.k.n.KeYParser       [syntax-error] file:/home/runner/work/key/key/key.core/build/resources/main/de/uka/ilkd/key/proof/rules/ifThenElseRules.key:163:30: mismatched input '=' expecting {'(', '{'} [@945,4366:4366='=',<159>,163:30] (taclet, rulesOrAxioms, decls, file) 
166561     WARN  Thread-36       d.u.i.k.n.KeYParser       [syntax-error] file:/home/runner/work/key/key/key.core/build/resources/main/de/uka/ilkd/key/proof/rules/ifThenElseRules.key:165:38: mismatched input '}' expecting {'(', '{'} [@979,4477:4477='}',<149>,165:38] (taclet, rulesOrAxioms, decls, file) 
166561     WARN  Thread-36       d.u.i.k.n.KeYParser       [syntax-error] file:/home/runner/work/key/key/key.core/build/resources/main/de/uka/ilkd/key/proof/rules/ifThenElseRules.key:171:14: mismatched input '\ifExintVar' expecting {MODALITY, FORALL, EXISTS, '\if', '\ifEx', 'true', 'false', '(', '{', '@', NOT, SEQARROW, '-', STRING_LITERAL, CHAR_LITERAL, BIN_LITERAL, HEX_LITERAL, IDENT, INT_LITERAL, FLOAT_LITERAL, DOUBLE_LITERAL, REAL_LITERAL} [@1001,4604:4614='\ifExintVar',<188>,171:14] (termorseq, taclet, rulesOrAxioms, decls, file) 
166562     WARN  Thread-36       d.u.i.k.n.KeYParser       [syntax-error] file:/home/runner/work/key/key/key.core/build/resources/main/de/uka/ilkd/key/proof/rules/ifThenElseRules.key:171:27: extraneous input '(' expecting {'\lemma', '}', IDENT, '/*!'} [@1004,4617:4617='(',<146>,171:27] (rulesOrAxioms, decls, file) 
166562     WARN  Thread-36       d.u.i.k.n.KeYParser       [syntax-error] file:/home/runner/work/key/key/key.core/build/resources/main/de/uka/ilkd/key/proof/rules/ifThenElseRules.key:171:30: mismatched input '=' expecting {'(', '{'} [@1007,4620:4620='=',<159>,171:30] (taclet, rulesOrAxioms, decls, file) 
166562     WARN  Thread-36       d.u.i.k.n.KeYParser       [syntax-error] file:/home/runner/work/key/key/key.core/build/resources/main/de/uka/ilkd/key/proof/rules/ifThenElseRules.key:173:38: mismatched input '}' expecting {'(', '{'} [@1041,4725:4725='}',<149>,173:38] (taclet, rulesOrAxioms, decls, file) 
166562     WARN  Thread-36       d.u.i.k.n.KeYParser       [syntax-error] file:/home/runner/work/key/key/key.core/build/resources/main/de/uka/ilkd/key/proof/rules/ifThenElseRules.key:179:14: mismatched input '\ifExintVar' expecting {MODALITY, FORALL, EXISTS, '\if', '\ifEx', 'true', 'false', '(', '{', '@', NOT, SEQARROW, '-', STRING_LITERAL, CHAR_LITERAL, BIN_LITERAL, HEX_LITERAL, IDENT, INT_LITERAL, FLOAT_LITERAL, DOUBLE_LITERAL, REAL_LITERAL} [@1063,4848:4858='\ifExintVar',<188>,179:14] (termorseq, taclet, rulesOrAxioms, decls, file) 
166562     WARN  Thread-36       d.u.i.k.n.KeYParser       [syntax-error] file:/home/runner/work/key/key/key.core/build/resources/main/de/uka/ilkd/key/proof/rules/ifThenElseRules.key:179:27: extraneous input '(' expecting {'\lemma', '}', IDENT, '/*!'} [@1066,4861:4861='(',<146>,179:27] (rulesOrAxioms, decls, file) 
166562     WARN  Thread-36       d.u.i.k.n.KeYParser       [syntax-error] file:/home/runner/work/key/key/key.core/build/resources/main/de/uka/ilkd/key/proof/rules/ifThenElseRules.key:179:32: mismatched input '&' expecting {'(', '{'} [@1069,4866:4866='&',<156>,179:32] (taclet, rulesOrAxioms, decls, file) 
166562     WARN  Thread-36       d.u.i.k.n.KeYParser       [syntax-error] file:/home/runner/work/key/key/key.core/build/resources/main/de/uka/ilkd/key/proof/rules/ifThenElseRules.key:181:42: mismatched input '}' expecting {'(', '{'} [@1109,4985:4985='}',<149>,181:42] (taclet, rulesOrAxioms, decls, file) 
166563     WARN  Thread-36       d.u.i.k.n.KeYParser       [syntax-error] file:/home/runner/work/key/key/key.core/build/resources/main/de/uka/ilkd/key/proof/rules/ifThenElseRules.key:182:39: mismatched input '}' expecting {'(', '{'} [@1122,5030:5030='}',<149>,182:39] (taclet, rulesOrAxioms, decls, file) 
166563     WARN  Thread-36       d.u.i.k.n.KeYParser       [syntax-error] file:/home/runner/work/key/key/key.core/build/resources/main/de/uka/ilkd/key/proof/rules/ifThenElseRules.key:188:14: mismatched input '\ifExintVar' expecting {MODALITY, FORALL, EXISTS, '\if', '\ifEx', 'true', 'false', '(', '{', '@', NOT, SEQARROW, '-', STRING_LITERAL, CHAR_LITERAL, BIN_LITERAL, HEX_LITERAL, IDENT, INT_LITERAL, FLOAT_LITERAL, DOUBLE_LITERAL, REAL_LITERAL} [@1146,5149:5159='\ifExintVar',<188>,188:14] (termorseq, taclet, rulesOrAxioms, decls, file) 
166563     WARN  Thread-36       d.u.i.k.n.KeYParser       [syntax-error] file:/home/runner/work/key/key/key.core/build/resources/main/de/uka/ilkd/key/proof/rules/ifThenElseRules.key:188:27: extraneous input '(' expecting {'\lemma', '}', IDENT, '/*!'} [@1149,5162:5162='(',<146>,188:27] (rulesOrAxioms, decls, file) 
166563     WARN  Thread-36       d.u.i.k.n.KeYParser       [syntax-error] file:/home/runner/work/key/key/key.core/build/resources/main/de/uka/ilkd/key/proof/rules/ifThenElseRules.key:188:32: mismatched input '&' expecting {'(', '{'} [@1152,5167:5167='&',<156>,188:32] (taclet, rulesOrAxioms, decls, file) 
166563     WARN  Thread-36       d.u.i.k.n.KeYParser       [syntax-error] file:/home/runner/work/key/key/key.core/build/resources/main/de/uka/ilkd/key/proof/rules/ifThenElseRules.key:190:42: mismatched input '}' expecting {'(', '{'} [@1192,5280:5280='}',<149>,190:42] (taclet, rulesOrAxioms, decls, file) 
166563     WARN  Thread-36       d.u.i.k.n.KeYParser       [syntax-error] file:/home/runner/work/key/key/key.core/build/resources/main/de/uka/ilkd/key/proof/rules/ifThenElseRules.key:191:39: mismatched input '}' expecting {'(', '{'} [@1205,5325:5325='}',<149>,191:39] (taclet, rulesOrAxioms, decls, file) 
166563     WARN  Thread-36       d.u.i.k.n.KeYParser       [syntax-error] file:/home/runner/work/key/key/key.core/build/resources/main/de/uka/ilkd/key/proof/rules/ifThenElseRules.key:198:14: mismatched input '\ifExintVar' expecting {MODALITY, FORALL, EXISTS, '\if', '\ifEx', 'true', 'false', '(', '{', '@', NOT, SEQARROW, '-', STRING_LITERAL, CHAR_LITERAL, BIN_LITERAL, HEX_LITERAL, IDENT, INT_LITERAL, FLOAT_LITERAL, DOUBLE_LITERAL, REAL_LITERAL} [@1233,5475:5485='\ifExintVar',<188>,198:14] (termorseq, taclet, rulesOrAxioms, decls, file) 
166564     WARN  Thread-36       d.u.i.k.n.KeYParser       [syntax-error] file:/home/runner/work/key/key/key.core/build/resources/main/de/uka/ilkd/key/proof/rules/ifThenElseRules.key:198:27: extraneous input '(' expecting {'\lemma', '}', IDENT, '/*!'} [@1236,5488:5488='(',<146>,198:27] (rulesOrAxioms, decls, file) 
166564     WARN  Thread-36       d.u.i.k.n.KeYParser       [syntax-error] file:/home/runner/work/key/key/key.core/build/resources/main/de/uka/ilkd/key/proof/rules/ifThenElseRules.key:198:32: mismatched input '&' expecting {'(', '{'} [@1239,5493:5493='&',<156>,198:32] (taclet, rulesOrAxioms, decls, file) 
166564     WARN  Thread-36       d.u.i.k.n.KeYParser       [syntax-error] file:/home/runner/work/key/key/key.core/build/resources/main/de/uka/ilkd/key/proof/rules/ifThenElseRules.key:200:42: mismatched input '}' expecting {'(', '{'} [@1279,5612:5612='}',<149>,200:42] (taclet, rulesOrAxioms, decls, file) 
166564     WARN  Thread-36       d.u.i.k.n.KeYParser       [syntax-error] file:/home/runner/work/key/key/key.core/build/resources/main/de/uka/ilkd/key/proof/rules/ifThenElseRules.key:201:39: mismatched input '}' expecting {'(', '{'} [@1292,5657:5657='}',<149>,201:39] (taclet, rulesOrAxioms, decls, file) 
166565     WARN  Thread-36       d.u.i.k.n.KeYParser       [syntax-error] file:/home/runner/work/key/key/key.core/build/resources/main/de/uka/ilkd/key/proof/rules/ifThenElseRules.key:208:14: mismatched input '\ifExintVar' expecting {MODALITY, FORALL, EXISTS, '\if', '\ifEx', 'true', 'false', '(', '{', '@', NOT, SEQARROW, '-', STRING_LITERAL, CHAR_LITERAL, BIN_LITERAL, HEX_LITERAL, IDENT, INT_LITERAL, FLOAT_LITERAL, DOUBLE_LITERAL, REAL_LITERAL} [@1320,5817:5827='\ifExintVar',<188>,208:14] (termorseq, taclet, rulesOrAxioms, decls, file) 
166565     WARN  Thread-36       d.u.i.k.n.KeYParser       [syntax-error] file:/home/runner/work/key/key/key.core/build/resources/main/de/uka/ilkd/key/proof/rules/ifThenElseRules.key:208:27: extraneous input '(' expecting {'\lemma', '}', IDENT, '/*!'} [@1323,5830:5830='(',<146>,208:27] (rulesOrAxioms, decls, file) 
166565     WARN  Thread-36       d.u.i.k.n.KeYParser       [syntax-error] file:/home/runner/work/key/key/key.core/build/resources/main/de/uka/ilkd/key/proof/rules/ifThenElseRules.key:208:32: mismatched input '&' expecting {'(', '{'} [@1326,5835:5835='&',<156>,208:32] (taclet, rulesOrAxioms, decls, file) 
166565     WARN  Thread-36       d.u.i.k.n.KeYParser       [syntax-error] file:/home/runner/work/key/key/key.core/build/resources/main/de/uka/ilkd/key/proof/rules/ifThenElseRules.key:210:42: mismatched input '}' expecting {'(', '{'} [@1366,5948:5948='}',<149>,210:42] (taclet, rulesOrAxioms, decls, file) 
166565     WARN  Thread-36       d.u.i.k.n.KeYParser       [syntax-error] file:/home/runner/work/key/key/key.core/build/resources/main/de/uka/ilkd/key/proof/rules/ifThenElseRules.key:211:39: mismatched input '}' expecting {'(', '{'} [@1379,5993:5993='}',<149>,211:39] (taclet, rulesOrAxioms, decls, file) 
166565     WARN  Thread-36       d.u.i.k.n.KeYParser       [syntax-error] file:/home/runner/work/key/key/key.core/build/resources/main/de/uka/ilkd/key/proof/rules/ifThenElseRules.key:218:14: mismatched input '\ifExintVar' expecting {MODALITY, FORALL, EXISTS, '\if', '\ifEx', 'true', 'false', '(', '{', '@', NOT, SEQARROW, '-', STRING_LITERAL, CHAR_LITERAL, BIN_LITERAL, HEX_LITERAL, IDENT, INT_LITERAL, FLOAT_LITERAL, DOUBLE_LITERAL, REAL_LITERAL} [@1407,6146:6156='\ifExintVar',<188>,218:14] (termorseq, taclet, rulesOrAxioms, decls, file) 
166566     WARN  Thread-36       d.u.i.k.n.KeYParser       [syntax-error] file:/home/runner/work/key/key/key.core/build/resources/main/de/uka/ilkd/key/proof/rules/ifThenElseRules.key:218:27: extraneous input '(' expecting {'\lemma', '}', IDENT, '/*!'} [@1410,6159:6159='(',<146>,218:27] (rulesOrAxioms, decls, file) 
166566     WARN  Thread-36       d.u.i.k.n.KeYParser       [syntax-error] file:/home/runner/work/key/key/key.core/build/resources/main/de/uka/ilkd/key/proof/rules/ifThenElseRules.key:218:31: mismatched input ')' expecting {'(', '{'} [@1412,6163:6163=')',<147>,218:31] (taclet, rulesOrAxioms, decls, file) 
166566     WARN  Thread-36       d.u.i.k.n.KeYParser       [syntax-error] file:/home/runner/work/key/key/key.core/build/resources/main/de/uka/ilkd/key/proof/rules/ifThenElseRules.key:220:44: mismatched input ')' expecting {'(', '{'} [@1444,6275:6275=')',<147>,220:44] (taclet, rulesOrAxioms, decls, file) 
166566     WARN  Thread-36       d.u.i.k.n.KeYParser       [syntax-error] file:/home/runner/work/key/key/key.core/build/resources/main/de/uka/ilkd/key/proof/rules/ifThenElseRules.key:225:14: mismatched input '\ifExintVar' expecting {MODALITY, FORALL, EXISTS, '\if', '\ifEx', 'true', 'false', '(', '{', '@', NOT, SEQARROW, '-', STRING_LITERAL, CHAR_LITERAL, BIN_LITERAL, HEX_LITERAL, IDENT, INT_LITERAL, FLOAT_LITERAL, DOUBLE_LITERAL, REAL_LITERAL} [@1471,6389:6399='\ifExintVar',<188>,225:14] (termorseq, taclet, rulesOrAxioms, decls, file) 
166566     WARN  Thread-36       d.u.i.k.n.KeYParser       [syntax-error] file:/home/runner/work/key/key/key.core/build/resources/main/de/uka/ilkd/key/proof/rules/ifThenElseRules.key:225:27: extraneous input '(' expecting {'\lemma', '}', IDENT, '/*!'} [@1474,6402:6402='(',<146>,225:27] (rulesOrAxioms, decls, file) 
166566     WARN  Thread-36       d.u.i.k.n.KeYParser       [syntax-error] file:/home/runner/work/key/key/key.core/build/resources/main/de/uka/ilkd/key/proof/rules/ifThenElseRules.key:225:31: mismatched input ')' expecting {'(', '{'} [@1476,6406:6406=')',<147>,225:31] (taclet, rulesOrAxioms, decls, file) 
166566     WARN  Thread-36       d.u.i.k.n.KeYParser       [syntax-error] file:/home/runner/work/key/key/key.core/build/resources/main/de/uka/ilkd/key/proof/rules/ifThenElseRules.key:227:44: mismatched input ')' expecting {'(', '{'} [@1508,6509:6509=')',<147>,227:44] (taclet, rulesOrAxioms, decls, file) 
166567     WARN  Thread-36       d.u.i.k.n.KeYParser       [syntax-error] file:/home/runner/work/key/key/key.core/build/resources/main/de/uka/ilkd/key/proof/rules/ifThenElseRules.key:233:14: mismatched input '\ifExintVar' expecting {MODALITY, FORALL, EXISTS, '\if', '\ifEx', 'true', 'false', '(', '{', '@', NOT, SEQARROW, '-', STRING_LITERAL, CHAR_LITERAL, BIN_LITERAL, HEX_LITERAL, IDENT, INT_LITERAL, FLOAT_LITERAL, DOUBLE_LITERAL, REAL_LITERAL} [@1539,6656:6666='\ifExintVar',<188>,233:14] (termorseq, taclet, rulesOrAxioms, decls, file) 
166567     WARN  Thread-36       d.u.i.k.n.KeYParser       [syntax-error] file:/home/runner/work/key/key/key.core/build/resources/main/de/uka/ilkd/key/proof/rules/ifThenElseRules.key:233:27: extraneous input '(' expecting {'\lemma', '}', IDENT, '/*!'} [@1542,6669:6669='(',<146>,233:27] (rulesOrAxioms, decls, file) 
166567     WARN  Thread-36       d.u.i.k.n.KeYParser       [syntax-error] file:/home/runner/work/key/key/key.core/build/resources/main/de/uka/ilkd/key/proof/rules/ifThenElseRules.key:233:31: mismatched input ')' expecting {'(', '{'} [@1544,6673:6673=')',<147>,233:31] (taclet, rulesOrAxioms, decls, file) 
166567     WARN  Thread-36       d.u.i.k.n.KeYParser       [syntax-error] file:/home/runner/work/key/key/key.core/build/resources/main/de/uka/ilkd/key/proof/rules/ifThenElseRules.key:237:42: mismatched input '}' expecting {'(', '{'} [@1586,6850:6850='}',<149>,237:42] (taclet, rulesOrAxioms, decls, file) 
166567     WARN  Thread-36       d.u.i.k.n.KeYParser       [syntax-error] file:/home/runner/work/key/key/key.core/build/resources/main/de/uka/ilkd/key/proof/rules/ifThenElseRules.key:238:34: mismatched input '}' expecting {'(', '{'} [@1599,6891:6891='}',<149>,238:34] (taclet, rulesOrAxioms, decls, file) 
166567     WARN  Thread-36       d.u.i.k.n.KeYParser       [syntax-error] file:/home/runner/work/key/key/key.core/build/resources/main/de/uka/ilkd/key/proof/rules/ifThenElseRules.key:239:28: extraneous input '(' expecting {'\lemma', '}', IDENT, '/*!'} [@1608,6925:6925='(',<146>,239:28] (rulesOrAxioms, decls, file) 
166567     WARN  Thread-36       d.u.i.k.n.KeYParser       [syntax-error] file:/home/runner/work/key/key/key.core/build/resources/main/de/uka/ilkd/key/proof/rules/ifThenElseRules.key:239:33: mismatched input '->' expecting {'(', '{'} [@1611,6930:6931='->',<158>,239:33] (taclet, rulesOrAxioms, decls, file) 
166568     WARN  Thread-36       d.u.i.k.n.KeYParser       [syntax-error] file:/home/runner/work/key/key/key.core/build/resources/main/de/uka/ilkd/key/proof/rules/ifThenElseRules.key:240:8: extraneous input '\replacewith' expecting {'\lemma', '}', IDENT, '/*!'} [@1626,6979:6990='\replacewith',<105>,240:8] (rulesOrAxioms, decls, file) 
166568     WARN  Thread-36       d.u.i.k.n.KeYParser       [syntax-error] file:/home/runner/work/key/key/key.core/build/resources/main/de/uka/ilkd/key/proof/rules/ifThenElseRules.key:240:25: mismatched input ')' expecting {'(', '{'} [@1629,6996:6996=')',<147>,240:25] (taclet, rulesOrAxioms, decls, file) 
166568     WARN  Thread-36       d.u.i.k.n.KeYParser       [syntax-error] file:/home/runner/work/key/key/key.core/build/resources/main/de/uka/ilkd/key/proof/rules/ifThenElseRules.key:240:56: mismatched input ')' expecting {'(', '{'} [@1642,7027:7027=')',<147>,240:56] (taclet, rulesOrAxioms, decls, file) 
166568     WARN  Thread-36       d.u.i.k.n.KeYParser       [syntax-error] file:/home/runner/work/key/key/key.core/build/resources/main/de/uka/ilkd/key/proof/rules/ifThenElseRules.key:245:14: mismatched input '\ifExintVar' expecting {MODALITY, FORALL, EXISTS, '\if', '\ifEx', 'true', 'false', '(', '{', '@', NOT, SEQARROW, '-', STRING_LITERAL, CHAR_LITERAL, BIN_LITERAL, HEX_LITERAL, IDENT, INT_LITERAL, FLOAT_LITERAL, DOUBLE_LITERAL, REAL_LITERAL} [@1658,7109:7119='\ifExintVar',<188>,245:14] (termorseq, taclet, rulesOrAxioms, decls, file) 
166568     WARN  Thread-36       d.u.i.k.n.KeYParser       [syntax-error] file:/home/runner/work/key/key/key.core/build/resources/main/de/uka/ilkd/key/proof/rules/ifThenElseRules.key:245:27: extraneous input '(' expecting {'\lemma', '}', IDENT, '/*!'} [@1661,7122:7122='(',<146>,245:27] (rulesOrAxioms, decls, file) 
166568     WARN  Thread-36       d.u.i.k.n.KeYParser       [syntax-error] file:/home/runner/work/key/key/key.core/build/resources/main/de/uka/ilkd/key/proof/rules/ifThenElseRules.key:245:31: mismatched input ')' expecting {'(', '{'} [@1663,7126:7126=')',<147>,245:31] (taclet, rulesOrAxioms, decls, file) 
166568     WARN  Thread-36       d.u.i.k.n.KeYParser       [syntax-error] file:/home/runner/work/key/key/key.core/build/resources/main/de/uka/ilkd/key/proof/rules/ifThenElseRules.key:248:45: mismatched input '}' expecting {'(', '{'} [@1696,7268:7268='}',<149>,248:45] (taclet, rulesOrAxioms, decls, file) 
166569     WARN  Thread-36       d.u.i.k.n.KeYParser       [syntax-error] file:/home/runner/work/key/key/key.core/build/resources/main/de/uka/ilkd/key/proof/rules/ifThenElseRules.key:249:8: extraneous input '\replacewith' expecting {'\lemma', '}', IDENT, '/*!'} [@1701,7284:7295='\replacewith',<105>,249:8] (rulesOrAxioms, decls, file) 
166569     WARN  Thread-36       d.u.i.k.n.KeYParser       [syntax-error] file:/home/runner/work/key/key/key.core/build/resources/main/de/uka/ilkd/key/proof/rules/ifThenElseRules.key:249:38: mismatched input ')' expecting {'(', '{'} [@1708,7314:7314=')',<147>,249:38] (taclet, rulesOrAxioms, decls, file) 
166569     WARN  Thread-36       d.u.i.k.n.KeYParser       [syntax-error] file:/home/runner/work/key/key/key.core/build/resources/main/de/uka/ilkd/key/proof/rules/ifThenElseRules.key:250:42: mismatched input '}' expecting {'(', '{'} [@1731,7381:7381='}',<149>,250:42] (taclet, rulesOrAxioms, decls, file) 
166569     WARN  Thread-36       d.u.i.k.n.KeYParser       [syntax-error] file:/home/runner/work/key/key/key.core/build/resources/main/de/uka/ilkd/key/proof/rules/ifThenElseRules.key:251:28: extraneous input '(' expecting {'\lemma', '}', IDENT, '/*!'} [@1741,7416:7416='(',<146>,251:28] (rulesOrAxioms, decls, file) 
166569     WARN  Thread-36       d.u.i.k.n.KeYParser       [syntax-error] file:/home/runner/work/key/key/key.core/build/resources/main/de/uka/ilkd/key/proof/rules/ifThenElseRules.key:251:33: mismatched input '->' expecting {'(', '{'} [@1744,7421:7422='->',<158>,251:33] (taclet, rulesOrAxioms, decls, file) 
166569     WARN  Thread-36       d.u.i.k.n.KeYParser       [syntax-error] file:/home/runner/work/key/key/key.core/build/resources/main/de/uka/ilkd/key/proof/rules/ifThenElseRules.key:255:14: mismatched input '\ifExintVar' expecting {MODALITY, FORALL, EXISTS, '\if', '\ifEx', 'true', 'false', '(', '{', '@', NOT, SEQARROW, '-', STRING_LITERAL, CHAR_LITERAL, BIN_LITERAL, HEX_LITERAL, IDENT, INT_LITERAL, FLOAT_LITERAL, DOUBLE_LITERAL, REAL_LITERAL} [@1765,7506:7516='\ifExintVar',<188>,255:14] (termorseq, taclet, rulesOrAxioms, decls, file) 
166569     WARN  Thread-36       d.u.i.k.n.KeYParser       [syntax-error] file:/home/runner/work/key/key/key.core/build/resources/main/de/uka/ilkd/key/proof/rules/ifThenElseRules.key:255:27: extraneous input '(' expecting {'\lemma', '}', IDENT, '/*!'} [@1768,7519:7519='(',<146>,255:27] (rulesOrAxioms, decls, file) 
166569     WARN  Thread-36       d.u.i.k.n.KeYParser       [syntax-error] file:/home/runner/work/key/key/key.core/build/resources/main/de/uka/ilkd/key/proof/rules/ifThenElseRules.key:255:31: mismatched input ')' expecting {'(', '{'} [@1770,7523:7523=')',<147>,255:31] (taclet, rulesOrAxioms, decls, file) 
166570     WARN  Thread-36       d.u.i.k.n.KeYParser       [syntax-error] file:/home/runner/work/key/key/key.core/build/resources/main/de/uka/ilkd/key/proof/rules/ifThenElseRules.key:258:52: extraneous input '0' expecting {'\lemma', '}', IDENT, '/*!'} [@1809,7667:7667='0',<184>,258:52] (rulesOrAxioms, decls, file) 
166570     WARN  Thread-36       d.u.i.k.n.KeYParser       [syntax-error] file:/home/runner/work/key/key/key.core/build/resources/main/de/uka/ilkd/key/proof/rules/ifThenElseRules.key:258:54: mismatched input 'then' expecting {<EOF>, '\problem', '\chooseContract', '\proofObligation', '\proof'} [@1811,7669:7672='then',<183>,258:54] (file) 
]]></system-out>
  <system-err><![CDATA[]]></system-err>
</testsuite>
