<?xml version="1.0" encoding="UTF-8"?>
<testsuite name="de.uka.ilkd.key.logic.TestTermLabelManager" tests="21" skipped="0" failures="19" errors="0" timestamp="2023-02-06T16:34:10" hostname="fv-az280-76" time="1.34">
  <properties/>
  <testcase name="testInstantiateLabels_directChildPolicies_allRules()" classname="de.uka.ilkd.key.logic.TestTermLabelManager" time="0.056">
    <failure message="line 135:14 mismatched input '\ifExintVar' expecting {MODALITY, FORALL, EXISTS, '\if', '\ifEx', 'true', 'false', '(', '{', '@', NOT, SEQARROW, '-', STRING_LITERAL, CHAR_LITERAL, BIN_LITERAL, HEX_LITERAL, IDENT, INT_LITERAL, FLOAT_LITERAL, DOUBLE_LITERAL, REAL_LITERAL}&#10;line 135:27 extraneous input '(' expecting {'\lemma', '}', IDENT, '/*!'}&#10;line 135:44 mismatched input ')' expecting {'(', '{'}&#10;line 141:14 mismatched input '\ifExintVar' expecting {MODALITY, FORALL, EXISTS, '\if', '\ifEx', 'true', 'false', '(', '{', '@', NOT, SEQARROW, '-', STRING_LITERAL, CHAR_LITERAL, BIN_LITERAL, HEX_LITERAL, IDENT, INT_LITERAL, FLOAT_LITERAL, DOUBLE_LITERAL, REAL_LITERAL}&#10;line 141:27 extraneous input '(' expecting {'\lemma', '}', IDENT, '/*!'}&#10;line 141:41 mismatched input ')' expecting {'(', '{'}&#10;line 148:14 mismatched input '\ifExintVar' expecting {MODALITY, FORALL, EXISTS, '\if', '\ifEx', 'true', 'false', '(', '{', '@', NOT, SEQARROW, '-', STRING_LITERAL, CHAR_LITERAL, BIN_LITERAL, HEX_LITERAL, IDENT, INT_LITERAL, FLOAT_LITERAL, DOUBLE_LITERAL, REAL_LITERAL}&#10;line 148:27 extraneous input '(' expecting {'\lemma', '}', IDENT, '/*!'}&#10;line 148:35 mismatched input '=' expecting {'(', '{'}&#10;line 150:38 mismatched input '}' expecting {'(', '{'}&#10;line 155:14 mismatched input '\ifExintVar' expecting {MODALITY, FORALL, EXISTS, '\if', '\ifEx', 'true', 'false', '(', '{', '@', NOT, SEQARROW, '-', STRING_LITERAL, CHAR_LITERAL, BIN_LITERAL, HEX_LITERAL, IDENT, INT_LITERAL, FLOAT_LITERAL, DOUBLE_LITERAL, REAL_LITERAL}&#10;line 155:27 extraneous input '(' expecting {'\lemma', '}', IDENT, '/*!'}&#10;line 155:35 mismatched input '=' expecting {'(', '{'}&#10;line 157:38 mismatched input '}' expecting {'(', '{'}&#10;line 163:14 mismatched input '\ifExintVar' expecting {MODALITY, FORALL, EXISTS, '\if', '\ifEx', 'true', 'false', '(', '{', '@', NOT, SEQARROW, '-', STRING_LITERAL, CHAR_LITERAL, BIN_LITERAL, HEX_LITERAL, IDENT, INT_LITERAL, FLOAT_LITERAL, DOUBLE_LITERAL, REAL_LITERAL}&#10;line 163:27 extraneous input '(' expecting {'\lemma', '}', IDENT, '/*!'}&#10;line 163:30 mismatched input '=' expecting {'(', '{'}&#10;line 165:38 mismatched input '}' expecting {'(', '{'}&#10;line 171:14 mismatched input '\ifExintVar' expecting {MODALITY, FORALL, EXISTS, '\if', '\ifEx', 'true', 'false', '(', '{', '@', NOT, SEQARROW, '-', STRING_LITERAL, CHAR_LITERAL, BIN_LITERAL, HEX_LITERAL, IDENT, INT_LITERAL, FLOAT_LITERAL, DOUBLE_LITERAL, REAL_LITERAL}&#10;line 171:27 extraneous input '(' expecting {'\lemma', '}', IDENT, '/*!'}&#10;line 171:30 mismatched input '=' expecting {'(', '{'}&#10;line 173:38 mismatched input '}' expecting {'(', '{'}&#10;line 179:14 mismatched input '\ifExintVar' expecting {MODALITY, FORALL, EXISTS, '\if', '\ifEx', 'true', 'false', '(', '{', '@', NOT, SEQARROW, '-', STRING_LITERAL, CHAR_LITERAL, BIN_LITERAL, HEX_LITERAL, IDENT, INT_LITERAL, FLOAT_LITERAL, DOUBLE_LITERAL, REAL_LITERAL}&#10;line 179:27 extraneous input '(' expecting {'\lemma', '}', IDENT, '/*!'}&#10;line 179:32 mismatched input '&amp;' expecting {'(', '{'}&#10;line 181:42 mismatched input '}' expecting {'(', '{'}&#10;line 182:39 mismatched input '}' expecting {'(', '{'}&#10;line 188:14 mismatched input '\ifExintVar' expecting {MODALITY, FORALL, EXISTS, '\if', '\ifEx', 'true', 'false', '(', '{', '@', NOT, SEQARROW, '-', STRING_LITERAL, CHAR_LITERAL, BIN_LITERAL, HEX_LITERAL, IDENT, INT_LITERAL, FLOAT_LITERAL, DOUBLE_LITERAL, REAL_LITERAL}&#10;line 188:27 extraneous input '(' expecting {'\lemma', '}', IDENT, '/*!'}&#10;line 188:32 mismatched input '&amp;' expecting {'(', '{'}&#10;line 190:42 mismatched input '}' expecting {'(', '{'}&#10;line 191:39 mismatched input '}' expecting {'(', '{'}&#10;line 198:14 mismatched input '\ifExintVar' expecting {MODALITY, FORALL, EXISTS, '\if', '\ifEx', 'true', 'false', '(', '{', '@', NOT, SEQARROW, '-', STRING_LITERAL, CHAR_LITERAL, BIN_LITERAL, HEX_LITERAL, IDENT, INT_LITERAL, FLOAT_LITERAL, DOUBLE_LITERAL, REAL_LITERAL}&#10;line 198:27 extraneous input '(' expecting {'\lemma', '}', IDENT, '/*!'}&#10;line 198:32 mismatched input '&amp;' expecting {'(', '{'}&#10;line 200:42 mismatched input '}' expecting {'(', '{'}&#10;line 201:39 mismatched input '}' expecting {'(', '{'}&#10;line 208:14 mismatched input '\ifExintVar' expecting {MODALITY, FORALL, EXISTS, '\if', '\ifEx', 'true', 'false', '(', '{', '@', NOT, SEQARROW, '-', STRING_LITERAL, CHAR_LITERAL, BIN_LITERAL, HEX_LITERAL, IDENT, INT_LITERAL, FLOAT_LITERAL, DOUBLE_LITERAL, REAL_LITERAL}&#10;line 208:27 extraneous input '(' expecting {'\lemma', '}', IDENT, '/*!'}&#10;line 208:32 mismatched input '&amp;' expecting {'(', '{'}&#10;line 210:42 mismatched input '}' expecting {'(', '{'}&#10;line 211:39 mismatched input '}' expecting {'(', '{'}&#10;line 218:14 mismatched input '\ifExintVar' expecting {MODALITY, FORALL, EXISTS, '\if', '\ifEx', 'true', 'false', '(', '{', '@', NOT, SEQARROW, '-', STRING_LITERAL, CHAR_LITERAL, BIN_LITERAL, HEX_LITERAL, IDENT, INT_LITERAL, FLOAT_LITERAL, DOUBLE_LITERAL, REAL_LITERAL}&#10;line 218:27 extraneous input '(' expecting {'\lemma', '}', IDENT, '/*!'}&#10;line 218:31 mismatched input ')' expecting {'(', '{'}&#10;line 220:44 mismatched input ')' expecting {'(', '{'}&#10;line 225:14 mismatched input '\ifExintVar' expecting {MODALITY, FORALL, EXISTS, '\if', '\ifEx', 'true', 'false', '(', '{', '@', NOT, SEQARROW, '-', STRING_LITERAL, CHAR_LITERAL, BIN_LITERAL, HEX_LITERAL, IDENT, INT_LITERAL, FLOAT_LITERAL, DOUBLE_LITERAL, REAL_LITERAL}&#10;line 225:27 extraneous input '(' expecting {'\lemma', '}', IDENT, '/*!'}&#10;line 225:31 mismatched input ')' expecting {'(', '{'}&#10;line 227:44 mismatched input ')' expecting {'(', '{'}&#10;line 233:14 mismatched input '\ifExintVar' expecting {MODALITY, FORALL, EXISTS, '\if', '\ifEx', 'true', 'false', '(', '{', '@', NOT, SEQARROW, '-', STRING_LITERAL, CHAR_LITERAL, BIN_LITERAL, HEX_LITERAL, IDENT, INT_LITERAL, FLOAT_LITERAL, DOUBLE_LITERAL, REAL_LITERAL}&#10;line 233:27 extraneous input '(' expecting {'\lemma', '}', IDENT, '/*!'}&#10;line 233:31 mismatched input ')' expecting {'(', '{'}&#10;line 237:42 mismatched input '}' expecting {'(', '{'}&#10;line 238:34 mismatched input '}' expecting {'(', '{'}&#10;line 239:28 extraneous input '(' expecting {'\lemma', '}', IDENT, '/*!'}&#10;line 239:33 mismatched input '-&gt;' expecting {'(', '{'}&#10;line 240:8 extraneous input '\replacewith' expecting {'\lemma', '}', IDENT, '/*!'}&#10;line 240:25 mismatched input ')' expecting {'(', '{'}&#10;line 240:56 mismatched input ')' expecting {'(', '{'}&#10;line 245:14 mismatched input '\ifExintVar' expecting {MODALITY, FORALL, EXISTS, '\if', '\ifEx', 'true', 'false', '(', '{', '@', NOT, SEQARROW, '-', STRING_LITERAL, CHAR_LITERAL, BIN_LITERAL, HEX_LITERAL, IDENT, INT_LITERAL, FLOAT_LITERAL, DOUBLE_LITERAL, REAL_LITERAL}&#10;line 245:27 extraneous input '(' expecting {'\lemma', '}', IDENT, '/*!'}&#10;line 245:31 mismatched input ')' expecting {'(', '{'}&#10;line 248:45 mismatched input '}' expecting {'(', '{'}&#10;line 249:8 extraneous input '\replacewith' expecting {'\lemma', '}', IDENT, '/*!'}&#10;line 249:38 mismatched input ')' expecting {'(', '{'}&#10;line 250:42 mismatched input '}' expecting {'(', '{'}&#10;line 251:28 extraneous input '(' expecting {'\lemma', '}', IDENT, '/*!'}&#10;line 251:33 mismatched input '-&gt;' expecting {'(', '{'}&#10;line 255:14 mismatched input '\ifExintVar' expecting {MODALITY, FORALL, EXISTS, '\if', '\ifEx', 'true', 'false', '(', '{', '@', NOT, SEQARROW, '-', STRING_LITERAL, CHAR_LITERAL, BIN_LITERAL, HEX_LITERAL, IDENT, INT_LITERAL, FLOAT_LITERAL, DOUBLE_LITERAL, REAL_LITERAL}&#10;line 255:27 extraneous input '(' expecting {'\lemma', '}', IDENT, '/*!'}&#10;line 255:31 mismatched input ')' expecting {'(', '{'}&#10;line 258:52 extraneous input '0' expecting {'\lemma', '}', IDENT, '/*!'}&#10;line 258:54 mismatched input 'then' expecting {&lt;EOF&gt;, '\problem', '\chooseContract', '\proofObligation', '\proof'}&#10; (file: src/test/resources/testcase/termLabels/flatSteps/FlatSteps.java; caused by: de.uka.ilkd.key.proof.init.ProofInputException: line 135:14 mismatched input '\ifExintVar' expecting {MODALITY, FORALL, EXISTS, '\if', '\ifEx', 'true', 'false', '(', '{', '@', NOT, SEQARROW, '-', STRING_LITERAL, CHAR_LITERAL, BIN_LITERAL, HEX_LITERAL, IDENT, INT_LITERAL, FLOAT_LITERAL, DOUBLE_LITERAL, REAL_LITERAL}&#10;line 135:27 extraneous input '(' expecting {'\lemma', '}', IDENT, '/*!'}&#10;line 135:44 mismatched input ')' expecting {'(', '{'}&#10;line 141:14 mismatched input '\ifExintVar' expecting {MODALITY, FORALL, EXISTS, '\if', '\ifEx', 'true', 'false', '(', '{', '@', NOT, SEQARROW, '-', STRING_LITERAL, CHAR_LITERAL, BIN_LITERAL, HEX_LITERAL, IDENT, INT_LITERAL, FLOAT_LITERAL, DOUBLE_LITERAL, REAL_LITERAL}&#10;line 141:27 extraneous input '(' expecting {'\lemma', '}', IDENT, '/*!'}&#10;line 141:41 mismatched input ')' expecting {'(', '{'}&#10;line 148:14 mismatched input '\ifExintVar' expecting {MODALITY, FORALL, EXISTS, '\if', '\ifEx', 'true', 'false', '(', '{', '@', NOT, SEQARROW, '-', STRING_LITERAL, CHAR_LITERAL, BIN_LITERAL, HEX_LITERAL, IDENT, INT_LITERAL, FLOAT_LITERAL, DOUBLE_LITERAL, REAL_LITERAL}&#10;line 148:27 extraneous input '(' expecting {'\lemma', '}', IDENT, '/*!'}&#10;line 148:35 mismatched input '=' expecting {'(', '{'}&#10;line 150:38 mismatched input '}' expecting {'(', '{'}&#10;line 155:14 mismatched input '\ifExintVar' expecting {MODALITY, FORALL, EXISTS, '\if', '\ifEx', 'true', 'false', '(', '{', '@', NOT, SEQARROW, '-', STRING_LITERAL, CHAR_LITERAL, BIN_LITERAL, HEX_LITERAL, IDENT, INT_LITERAL, FLOAT_LITERAL, DOUBLE_LITERAL, REAL_LITERAL}&#10;line 155:27 extraneous input '(' expecting {'\lemma', '}', IDENT, '/*!'}&#10;line 155:35 mismatched input '=' expecting {'(', '{'}&#10;line 157:38 mismatched input '}' expecting {'(', '{'}&#10;line 163:14 mismatched input '\ifExintVar' expecting {MODALITY, FORALL, EXISTS, '\if', '\ifEx', 'true', 'false', '(', '{', '@', NOT, SEQARROW, '-', STRING_LITERAL, CHAR_LITERAL, BIN_LITERAL, HEX_LITERAL, IDENT, INT_LITERAL, FLOAT_LITERAL, DOUBLE_LITERAL, REAL_LITERAL}&#10;line 163:27 extraneous input '(' expecting {'\lemma', '}', IDENT, '/*!'}&#10;line 163:30 mismatched input '=' expecting {'(', '{'}&#10;line 165:38 mismatched input '}' expecting {'(', '{'}&#10;line 171:14 mismatched input '\ifExintVar' expecting {MODALITY, FORALL, EXISTS, '\if', '\ifEx', 'true', 'false', '(', '{', '@', NOT, SEQARROW, '-', STRING_LITERAL, CHAR_LITERAL, BIN_LITERAL, HEX_LITERAL, IDENT, INT_LITERAL, FLOAT_LITERAL, DOUBLE_LITERAL, REAL_LITERAL}&#10;line 171:27 extraneous input '(' expecting {'\lemma', '}', IDENT, '/*!'}&#10;line 171:30 mismatched input '=' expecting {'(', '{'}&#10;line 173:38 mismatched input '}' expecting {'(', '{'}&#10;line 179:14 mismatched input '\ifExintVar' expecting {MODALITY, FORALL, EXISTS, '\if', '\ifEx', 'true', 'false', '(', '{', '@', NOT, SEQARROW, '-', STRING_LITERAL, CHAR_LITERAL, BIN_LITERAL, HEX_LITERAL, IDENT, INT_LITERAL, FLOAT_LITERAL, DOUBLE_LITERAL, REAL_LITERAL}&#10;line 179:27 extraneous input '(' expecting {'\lemma', '}', IDENT, '/*!'}&#10;line 179:32 mismatched input '&amp;' expecting {'(', '{'}&#10;line 181:42 mismatched input '}' expecting {'(', '{'}&#10;line 182:39 mismatched input '}' expecting {'(', '{'}&#10;line 188:14 mismatched input '\ifExintVar' expecting {MODALITY, FORALL, EXISTS, '\if', '\ifEx', 'true', 'false', '(', '{', '@', NOT, SEQARROW, '-', STRING_LITERAL, CHAR_LITERAL, BIN_LITERAL, HEX_LITERAL, IDENT, INT_LITERAL, FLOAT_LITERAL, DOUBLE_LITERAL, REAL_LITERAL}&#10;line 188:27 extraneous input '(' expecting {'\lemma', '}', IDENT, '/*!'}&#10;line 188:32 mismatched input '&amp;' expecting {'(', '{'}&#10;line 190:42 mismatched input '}' expecting {'(', '{'}&#10;line 191:39 mismatched input '}' expecting {'(', '{'}&#10;line 198:14 mismatched input '\ifExintVar' expecting {MODALITY, FORALL, EXISTS, '\if', '\ifEx', 'true', 'false', '(', '{', '@', NOT, SEQARROW, '-', STRING_LITERAL, CHAR_LITERAL, BIN_LITERAL, HEX_LITERAL, IDENT, INT_LITERAL, FLOAT_LITERAL, DOUBLE_LITERAL, REAL_LITERAL}&#10;line 198:27 extraneous input '(' expecting {'\lemma', '}', IDENT, '/*!'}&#10;line 198:32 mismatched input '&amp;' expecting {'(', '{'}&#10;line 200:42 mismatched input '}' expecting {'(', '{'}&#10;line 201:39 mismatched input '}' expecting {'(', '{'}&#10;line 208:14 mismatched input '\ifExintVar' expecting {MODALITY, FORALL, EXISTS, '\if', '\ifEx', 'true', 'false', '(', '{', '@', NOT, SEQARROW, '-', STRING_LITERAL, CHAR_LITERAL, BIN_LITERAL, HEX_LITERAL, IDENT, INT_LITERAL, FLOAT_LITERAL, DOUBLE_LITERAL, REAL_LITERAL}&#10;line 208:27 extraneous input '(' expecting {'\lemma', '}', IDENT, '/*!'}&#10;line 208:32 mismatched input '&amp;' expecting {'(', '{'}&#10;line 210:42 mismatched input '}' expecting {'(', '{'}&#10;line 211:39 mismatched input '}' expecting {'(', '{'}&#10;line 218:14 mismatched input '\ifExintVar' expecting {MODALITY, FORALL, EXISTS, '\if', '\ifEx', 'true', 'false', '(', '{', '@', NOT, SEQARROW, '-', STRING_LITERAL, CHAR_LITERAL, BIN_LITERAL, HEX_LITERAL, IDENT, INT_LITERAL, FLOAT_LITERAL, DOUBLE_LITERAL, REAL_LITERAL}&#10;line 218:27 extraneous input '(' expecting {'\lemma', '}', IDENT, '/*!'}&#10;line 218:31 mismatched input ')' expecting {'(', '{'}&#10;line 220:44 mismatched input ')' expecting {'(', '{'}&#10;line 225:14 mismatched input '\ifExintVar' expecting {MODALITY, FORALL, EXISTS, '\if', '\ifEx', 'true', 'false', '(', '{', '@', NOT, SEQARROW, '-', STRING_LITERAL, CHAR_LITERAL, BIN_LITERAL, HEX_LITERAL, IDENT, INT_LITERAL, FLOAT_LITERAL, DOUBLE_LITERAL, REAL_LITERAL}&#10;line 225:27 extraneous input '(' expecting {'\lemma', '}', IDENT, '/*!'}&#10;line 225:31 mismatched input ')' expecting {'(', '{'}&#10;line 227:44 mismatched input ')' expecting {'(', '{'}&#10;line 233:14 mismatched input '\ifExintVar' expecting {MODALITY, FORALL, EXISTS, '\if', '\ifEx', 'true', 'false', '(', '{', '@', NOT, SEQARROW, '-', STRING_LITERAL, CHAR_LITERAL, BIN_LITERAL, HEX_LITERAL, IDENT, INT_LITERAL, FLOAT_LITERAL, DOUBLE_LITERAL, REAL_LITERAL}&#10;line 233:27 extraneous input '(' expecting {'\lemma', '}', IDENT, '/*!'}&#10;line 233:31 mismatched input ')' expecting {'(', '{'}&#10;line 237:42 mismatched input '}' expecting {'(', '{'}&#10;line 238:34 mismatched input '}' expecting {'(', '{'}&#10;line 239:28 extraneous input '(' expecting {'\lemma', '}', IDENT, '/*!'}&#10;line 239:33 mismatched input '-&gt;' expecting {'(', '{'}&#10;line 240:8 extraneous input '\replacewith' expecting {'\lemma', '}', IDENT, '/*!'}&#10;line 240:25 mismatched input ')' expecting {'(', '{'}&#10;line 240:56 mismatched input ')' expecting {'(', '{'}&#10;line 245:14 mismatched input '\ifExintVar' expecting {MODALITY, FORALL, EXISTS, '\if', '\ifEx', 'true', 'false', '(', '{', '@', NOT, SEQARROW, '-', STRING_LITERAL, CHAR_LITERAL, BIN_LITERAL, HEX_LITERAL, IDENT, INT_LITERAL, FLOAT_LITERAL, DOUBLE_LITERAL, REAL_LITERAL}&#10;line 245:27 extraneous input '(' expecting {'\lemma', '}', IDENT, '/*!'}&#10;line 245:31 mismatched input ')' expecting {'(', '{'}&#10;line 248:45 mismatched input '}' expecting {'(', '{'}&#10;line 249:8 extraneous input '\replacewith' expecting {'\lemma', '}', IDENT, '/*!'}&#10;line 249:38 mismatched input ')' expecting {'(', '{'}&#10;line 250:42 mismatched input '}' expecting {'(', '{'}&#10;line 251:28 extraneous input '(' expecting {'\lemma', '}', IDENT, '/*!'}&#10;line 251:33 mismatched input '-&gt;' expecting {'(', '{'}&#10;line 255:14 mismatched input '\ifExintVar' expecting {MODALITY, FORALL, EXISTS, '\if', '\ifEx', 'true', 'false', '(', '{', '@', NOT, SEQARROW, '-', STRING_LITERAL, CHAR_LITERAL, BIN_LITERAL, HEX_LITERAL, IDENT, INT_LITERAL, FLOAT_LITERAL, DOUBLE_LITERAL, REAL_LITERAL}&#10;line 255:27 extraneous input '(' expecting {'\lemma', '}', IDENT, '/*!'}&#10;line 255:31 mismatched input ')' expecting {'(', '{'}&#10;line 258:52 extraneous input '0' expecting {'\lemma', '}', IDENT, '/*!'}&#10;line 258:54 mismatched input 'then' expecting {&lt;EOF&gt;, '\problem', '\chooseContract', '\proofObligation', '\proof'}&#10;)" type="de.uka.ilkd.key.proof.io.ProblemLoaderException">line 135:14 mismatched input '\ifExintVar' expecting {MODALITY, FORALL, EXISTS, '\if', '\ifEx', 'true', 'false', '(', '{', '@', NOT, SEQARROW, '-', STRING_LITERAL, CHAR_LITERAL, BIN_LITERAL, HEX_LITERAL, IDENT, INT_LITERAL, FLOAT_LITERAL, DOUBLE_LITERAL, REAL_LITERAL}
line 135:27 extraneous input '(' expecting {'\lemma', '}', IDENT, '/*!'}
line 135:44 mismatched input ')' expecting {'(', '{'}
line 141:14 mismatched input '\ifExintVar' expecting {MODALITY, FORALL, EXISTS, '\if', '\ifEx', 'true', 'false', '(', '{', '@', NOT, SEQARROW, '-', STRING_LITERAL, CHAR_LITERAL, BIN_LITERAL, HEX_LITERAL, IDENT, INT_LITERAL, FLOAT_LITERAL, DOUBLE_LITERAL, REAL_LITERAL}
line 141:27 extraneous input '(' expecting {'\lemma', '}', IDENT, '/*!'}
line 141:41 mismatched input ')' expecting {'(', '{'}
line 148:14 mismatched input '\ifExintVar' expecting {MODALITY, FORALL, EXISTS, '\if', '\ifEx', 'true', 'false', '(', '{', '@', NOT, SEQARROW, '-', STRING_LITERAL, CHAR_LITERAL, BIN_LITERAL, HEX_LITERAL, IDENT, INT_LITERAL, FLOAT_LITERAL, DOUBLE_LITERAL, REAL_LITERAL}
line 148:27 extraneous input '(' expecting {'\lemma', '}', IDENT, '/*!'}
line 148:35 mismatched input '=' expecting {'(', '{'}
line 150:38 mismatched input '}' expecting {'(', '{'}
line 155:14 mismatched input '\ifExintVar' expecting {MODALITY, FORALL, EXISTS, '\if', '\ifEx', 'true', 'false', '(', '{', '@', NOT, SEQARROW, '-', STRING_LITERAL, CHAR_LITERAL, BIN_LITERAL, HEX_LITERAL, IDENT, INT_LITERAL, FLOAT_LITERAL, DOUBLE_LITERAL, REAL_LITERAL}
line 155:27 extraneous input '(' expecting {'\lemma', '}', IDENT, '/*!'}
line 155:35 mismatched input '=' expecting {'(', '{'}
line 157:38 mismatched input '}' expecting {'(', '{'}
line 163:14 mismatched input '\ifExintVar' expecting {MODALITY, FORALL, EXISTS, '\if', '\ifEx', 'true', 'false', '(', '{', '@', NOT, SEQARROW, '-', STRING_LITERAL, CHAR_LITERAL, BIN_LITERAL, HEX_LITERAL, IDENT, INT_LITERAL, FLOAT_LITERAL, DOUBLE_LITERAL, REAL_LITERAL}
line 163:27 extraneous input '(' expecting {'\lemma', '}', IDENT, '/*!'}
line 163:30 mismatched input '=' expecting {'(', '{'}
line 165:38 mismatched input '}' expecting {'(', '{'}
line 171:14 mismatched input '\ifExintVar' expecting {MODALITY, FORALL, EXISTS, '\if', '\ifEx', 'true', 'false', '(', '{', '@', NOT, SEQARROW, '-', STRING_LITERAL, CHAR_LITERAL, BIN_LITERAL, HEX_LITERAL, IDENT, INT_LITERAL, FLOAT_LITERAL, DOUBLE_LITERAL, REAL_LITERAL}
line 171:27 extraneous input '(' expecting {'\lemma', '}', IDENT, '/*!'}
line 171:30 mismatched input '=' expecting {'(', '{'}
line 173:38 mismatched input '}' expecting {'(', '{'}
line 179:14 mismatched input '\ifExintVar' expecting {MODALITY, FORALL, EXISTS, '\if', '\ifEx', 'true', 'false', '(', '{', '@', NOT, SEQARROW, '-', STRING_LITERAL, CHAR_LITERAL, BIN_LITERAL, HEX_LITERAL, IDENT, INT_LITERAL, FLOAT_LITERAL, DOUBLE_LITERAL, REAL_LITERAL}
line 179:27 extraneous input '(' expecting {'\lemma', '}', IDENT, '/*!'}
line 179:32 mismatched input '&amp;' expecting {'(', '{'}
line 181:42 mismatched input '}' expecting {'(', '{'}
line 182:39 mismatched input '}' expecting {'(', '{'}
line 188:14 mismatched input '\ifExintVar' expecting {MODALITY, FORALL, EXISTS, '\if', '\ifEx', 'true', 'false', '(', '{', '@', NOT, SEQARROW, '-', STRING_LITERAL, CHAR_LITERAL, BIN_LITERAL, HEX_LITERAL, IDENT, INT_LITERAL, FLOAT_LITERAL, DOUBLE_LITERAL, REAL_LITERAL}
line 188:27 extraneous input '(' expecting {'\lemma', '}', IDENT, '/*!'}
line 188:32 mismatched input '&amp;' expecting {'(', '{'}
line 190:42 mismatched input '}' expecting {'(', '{'}
line 191:39 mismatched input '}' expecting {'(', '{'}
line 198:14 mismatched input '\ifExintVar' expecting {MODALITY, FORALL, EXISTS, '\if', '\ifEx', 'true', 'false', '(', '{', '@', NOT, SEQARROW, '-', STRING_LITERAL, CHAR_LITERAL, BIN_LITERAL, HEX_LITERAL, IDENT, INT_LITERAL, FLOAT_LITERAL, DOUBLE_LITERAL, REAL_LITERAL}
line 198:27 extraneous input '(' expecting {'\lemma', '}', IDENT, '/*!'}
line 198:32 mismatched input '&amp;' expecting {'(', '{'}
line 200:42 mismatched input '}' expecting {'(', '{'}
line 201:39 mismatched input '}' expecting {'(', '{'}
line 208:14 mismatched input '\ifExintVar' expecting {MODALITY, FORALL, EXISTS, '\if', '\ifEx', 'true', 'false', '(', '{', '@', NOT, SEQARROW, '-', STRING_LITERAL, CHAR_LITERAL, BIN_LITERAL, HEX_LITERAL, IDENT, INT_LITERAL, FLOAT_LITERAL, DOUBLE_LITERAL, REAL_LITERAL}
line 208:27 extraneous input '(' expecting {'\lemma', '}', IDENT, '/*!'}
line 208:32 mismatched input '&amp;' expecting {'(', '{'}
line 210:42 mismatched input '}' expecting {'(', '{'}
line 211:39 mismatched input '}' expecting {'(', '{'}
line 218:14 mismatched input '\ifExintVar' expecting {MODALITY, FORALL, EXISTS, '\if', '\ifEx', 'true', 'false', '(', '{', '@', NOT, SEQARROW, '-', STRING_LITERAL, CHAR_LITERAL, BIN_LITERAL, HEX_LITERAL, IDENT, INT_LITERAL, FLOAT_LITERAL, DOUBLE_LITERAL, REAL_LITERAL}
line 218:27 extraneous input '(' expecting {'\lemma', '}', IDENT, '/*!'}
line 218:31 mismatched input ')' expecting {'(', '{'}
line 220:44 mismatched input ')' expecting {'(', '{'}
line 225:14 mismatched input '\ifExintVar' expecting {MODALITY, FORALL, EXISTS, '\if', '\ifEx', 'true', 'false', '(', '{', '@', NOT, SEQARROW, '-', STRING_LITERAL, CHAR_LITERAL, BIN_LITERAL, HEX_LITERAL, IDENT, INT_LITERAL, FLOAT_LITERAL, DOUBLE_LITERAL, REAL_LITERAL}
line 225:27 extraneous input '(' expecting {'\lemma', '}', IDENT, '/*!'}
line 225:31 mismatched input ')' expecting {'(', '{'}
line 227:44 mismatched input ')' expecting {'(', '{'}
line 233:14 mismatched input '\ifExintVar' expecting {MODALITY, FORALL, EXISTS, '\if', '\ifEx', 'true', 'false', '(', '{', '@', NOT, SEQARROW, '-', STRING_LITERAL, CHAR_LITERAL, BIN_LITERAL, HEX_LITERAL, IDENT, INT_LITERAL, FLOAT_LITERAL, DOUBLE_LITERAL, REAL_LITERAL}
line 233:27 extraneous input '(' expecting {'\lemma', '}', IDENT, '/*!'}
line 233:31 mismatched input ')' expecting {'(', '{'}
line 237:42 mismatched input '}' expecting {'(', '{'}
line 238:34 mismatched input '}' expecting {'(', '{'}
line 239:28 extraneous input '(' expecting {'\lemma', '}', IDENT, '/*!'}
line 239:33 mismatched input '-&gt;' expecting {'(', '{'}
line 240:8 extraneous input '\replacewith' expecting {'\lemma', '}', IDENT, '/*!'}
line 240:25 mismatched input ')' expecting {'(', '{'}
line 240:56 mismatched input ')' expecting {'(', '{'}
line 245:14 mismatched input '\ifExintVar' expecting {MODALITY, FORALL, EXISTS, '\if', '\ifEx', 'true', 'false', '(', '{', '@', NOT, SEQARROW, '-', STRING_LITERAL, CHAR_LITERAL, BIN_LITERAL, HEX_LITERAL, IDENT, INT_LITERAL, FLOAT_LITERAL, DOUBLE_LITERAL, REAL_LITERAL}
line 245:27 extraneous input '(' expecting {'\lemma', '}', IDENT, '/*!'}
line 245:31 mismatched input ')' expecting {'(', '{'}
line 248:45 mismatched input '}' expecting {'(', '{'}
line 249:8 extraneous input '\replacewith' expecting {'\lemma', '}', IDENT, '/*!'}
line 249:38 mismatched input ')' expecting {'(', '{'}
line 250:42 mismatched input '}' expecting {'(', '{'}
line 251:28 extraneous input '(' expecting {'\lemma', '}', IDENT, '/*!'}
line 251:33 mismatched input '-&gt;' expecting {'(', '{'}
line 255:14 mismatched input '\ifExintVar' expecting {MODALITY, FORALL, EXISTS, '\if', '\ifEx', 'true', 'false', '(', '{', '@', NOT, SEQARROW, '-', STRING_LITERAL, CHAR_LITERAL, BIN_LITERAL, HEX_LITERAL, IDENT, INT_LITERAL, FLOAT_LITERAL, DOUBLE_LITERAL, REAL_LITERAL}
line 255:27 extraneous input '(' expecting {'\lemma', '}', IDENT, '/*!'}
line 255:31 mismatched input ')' expecting {'(', '{'}
line 258:52 extraneous input '0' expecting {'\lemma', '}', IDENT, '/*!'}
line 258:54 mismatched input 'then' expecting {&lt;EOF&gt;, '\problem', '\chooseContract', '\proofObligation', '\proof'}
 (file: src/test/resources/testcase/termLabels/flatSteps/FlatSteps.java; caused by: de.uka.ilkd.key.proof.init.ProofInputException: line 135:14 mismatched input '\ifExintVar' expecting {MODALITY, FORALL, EXISTS, '\if', '\ifEx', 'true', 'false', '(', '{', '@', NOT, SEQARROW, '-', STRING_LITERAL, CHAR_LITERAL, BIN_LITERAL, HEX_LITERAL, IDENT, INT_LITERAL, FLOAT_LITERAL, DOUBLE_LITERAL, REAL_LITERAL}
line 135:27 extraneous input '(' expecting {'\lemma', '}', IDENT, '/*!'}
line 135:44 mismatched input ')' expecting {'(', '{'}
line 141:14 mismatched input '\ifExintVar' expecting {MODALITY, FORALL, EXISTS, '\if', '\ifEx', 'true', 'false', '(', '{', '@', NOT, SEQARROW, '-', STRING_LITERAL, CHAR_LITERAL, BIN_LITERAL, HEX_LITERAL, IDENT, INT_LITERAL, FLOAT_LITERAL, DOUBLE_LITERAL, REAL_LITERAL}
line 141:27 extraneous input '(' expecting {'\lemma', '}', IDENT, '/*!'}
line 141:41 mismatched input ')' expecting {'(', '{'}
line 148:14 mismatched input '\ifExintVar' expecting {MODALITY, FORALL, EXISTS, '\if', '\ifEx', 'true', 'false', '(', '{', '@', NOT, SEQARROW, '-', STRING_LITERAL, CHAR_LITERAL, BIN_LITERAL, HEX_LITERAL, IDENT, INT_LITERAL, FLOAT_LITERAL, DOUBLE_LITERAL, REAL_LITERAL}
line 148:27 extraneous input '(' expecting {'\lemma', '}', IDENT, '/*!'}
line 148:35 mismatched input '=' expecting {'(', '{'}
line 150:38 mismatched input '}' expecting {'(', '{'}
line 155:14 mismatched input '\ifExintVar' expecting {MODALITY, FORALL, EXISTS, '\if', '\ifEx', 'true', 'false', '(', '{', '@', NOT, SEQARROW, '-', STRING_LITERAL, CHAR_LITERAL, BIN_LITERAL, HEX_LITERAL, IDENT, INT_LITERAL, FLOAT_LITERAL, DOUBLE_LITERAL, REAL_LITERAL}
line 155:27 extraneous input '(' expecting {'\lemma', '}', IDENT, '/*!'}
line 155:35 mismatched input '=' expecting {'(', '{'}
line 157:38 mismatched input '}' expecting {'(', '{'}
line 163:14 mismatched input '\ifExintVar' expecting {MODALITY, FORALL, EXISTS, '\if', '\ifEx', 'true', 'false', '(', '{', '@', NOT, SEQARROW, '-', STRING_LITERAL, CHAR_LITERAL, BIN_LITERAL, HEX_LITERAL, IDENT, INT_LITERAL, FLOAT_LITERAL, DOUBLE_LITERAL, REAL_LITERAL}
line 163:27 extraneous input '(' expecting {'\lemma', '}', IDENT, '/*!'}
line 163:30 mismatched input '=' expecting {'(', '{'}
line 165:38 mismatched input '}' expecting {'(', '{'}
line 171:14 mismatched input '\ifExintVar' expecting {MODALITY, FORALL, EXISTS, '\if', '\ifEx', 'true', 'false', '(', '{', '@', NOT, SEQARROW, '-', STRING_LITERAL, CHAR_LITERAL, BIN_LITERAL, HEX_LITERAL, IDENT, INT_LITERAL, FLOAT_LITERAL, DOUBLE_LITERAL, REAL_LITERAL}
line 171:27 extraneous input '(' expecting {'\lemma', '}', IDENT, '/*!'}
line 171:30 mismatched input '=' expecting {'(', '{'}
line 173:38 mismatched input '}' expecting {'(', '{'}
line 179:14 mismatched input '\ifExintVar' expecting {MODALITY, FORALL, EXISTS, '\if', '\ifEx', 'true', 'false', '(', '{', '@', NOT, SEQARROW, '-', STRING_LITERAL, CHAR_LITERAL, BIN_LITERAL, HEX_LITERAL, IDENT, INT_LITERAL, FLOAT_LITERAL, DOUBLE_LITERAL, REAL_LITERAL}
line 179:27 extraneous input '(' expecting {'\lemma', '}', IDENT, '/*!'}
line 179:32 mismatched input '&amp;' expecting {'(', '{'}
line 181:42 mismatched input '}' expecting {'(', '{'}
line 182:39 mismatched input '}' expecting {'(', '{'}
line 188:14 mismatched input '\ifExintVar' expecting {MODALITY, FORALL, EXISTS, '\if', '\ifEx', 'true', 'false', '(', '{', '@', NOT, SEQARROW, '-', STRING_LITERAL, CHAR_LITERAL, BIN_LITERAL, HEX_LITERAL, IDENT, INT_LITERAL, FLOAT_LITERAL, DOUBLE_LITERAL, REAL_LITERAL}
line 188:27 extraneous input '(' expecting {'\lemma', '}', IDENT, '/*!'}
line 188:32 mismatched input '&amp;' expecting {'(', '{'}
line 190:42 mismatched input '}' expecting {'(', '{'}
line 191:39 mismatched input '}' expecting {'(', '{'}
line 198:14 mismatched input '\ifExintVar' expecting {MODALITY, FORALL, EXISTS, '\if', '\ifEx', 'true', 'false', '(', '{', '@', NOT, SEQARROW, '-', STRING_LITERAL, CHAR_LITERAL, BIN_LITERAL, HEX_LITERAL, IDENT, INT_LITERAL, FLOAT_LITERAL, DOUBLE_LITERAL, REAL_LITERAL}
line 198:27 extraneous input '(' expecting {'\lemma', '}', IDENT, '/*!'}
line 198:32 mismatched input '&amp;' expecting {'(', '{'}
line 200:42 mismatched input '}' expecting {'(', '{'}
line 201:39 mismatched input '}' expecting {'(', '{'}
line 208:14 mismatched input '\ifExintVar' expecting {MODALITY, FORALL, EXISTS, '\if', '\ifEx', 'true', 'false', '(', '{', '@', NOT, SEQARROW, '-', STRING_LITERAL, CHAR_LITERAL, BIN_LITERAL, HEX_LITERAL, IDENT, INT_LITERAL, FLOAT_LITERAL, DOUBLE_LITERAL, REAL_LITERAL}
line 208:27 extraneous input '(' expecting {'\lemma', '}', IDENT, '/*!'}
line 208:32 mismatched input '&amp;' expecting {'(', '{'}
line 210:42 mismatched input '}' expecting {'(', '{'}
line 211:39 mismatched input '}' expecting {'(', '{'}
line 218:14 mismatched input '\ifExintVar' expecting {MODALITY, FORALL, EXISTS, '\if', '\ifEx', 'true', 'false', '(', '{', '@', NOT, SEQARROW, '-', STRING_LITERAL, CHAR_LITERAL, BIN_LITERAL, HEX_LITERAL, IDENT, INT_LITERAL, FLOAT_LITERAL, DOUBLE_LITERAL, REAL_LITERAL}
line 218:27 extraneous input '(' expecting {'\lemma', '}', IDENT, '/*!'}
line 218:31 mismatched input ')' expecting {'(', '{'}
line 220:44 mismatched input ')' expecting {'(', '{'}
line 225:14 mismatched input '\ifExintVar' expecting {MODALITY, FORALL, EXISTS, '\if', '\ifEx', 'true', 'false', '(', '{', '@', NOT, SEQARROW, '-', STRING_LITERAL, CHAR_LITERAL, BIN_LITERAL, HEX_LITERAL, IDENT, INT_LITERAL, FLOAT_LITERAL, DOUBLE_LITERAL, REAL_LITERAL}
line 225:27 extraneous input '(' expecting {'\lemma', '}', IDENT, '/*!'}
line 225:31 mismatched input ')' expecting {'(', '{'}
line 227:44 mismatched input ')' expecting {'(', '{'}
line 233:14 mismatched input '\ifExintVar' expecting {MODALITY, FORALL, EXISTS, '\if', '\ifEx', 'true', 'false', '(', '{', '@', NOT, SEQARROW, '-', STRING_LITERAL, CHAR_LITERAL, BIN_LITERAL, HEX_LITERAL, IDENT, INT_LITERAL, FLOAT_LITERAL, DOUBLE_LITERAL, REAL_LITERAL}
line 233:27 extraneous input '(' expecting {'\lemma', '}', IDENT, '/*!'}
line 233:31 mismatched input ')' expecting {'(', '{'}
line 237:42 mismatched input '}' expecting {'(', '{'}
line 238:34 mismatched input '}' expecting {'(', '{'}
line 239:28 extraneous input '(' expecting {'\lemma', '}', IDENT, '/*!'}
line 239:33 mismatched input '-&gt;' expecting {'(', '{'}
line 240:8 extraneous input '\replacewith' expecting {'\lemma', '}', IDENT, '/*!'}
line 240:25 mismatched input ')' expecting {'(', '{'}
line 240:56 mismatched input ')' expecting {'(', '{'}
line 245:14 mismatched input '\ifExintVar' expecting {MODALITY, FORALL, EXISTS, '\if', '\ifEx', 'true', 'false', '(', '{', '@', NOT, SEQARROW, '-', STRING_LITERAL, CHAR_LITERAL, BIN_LITERAL, HEX_LITERAL, IDENT, INT_LITERAL, FLOAT_LITERAL, DOUBLE_LITERAL, REAL_LITERAL}
line 245:27 extraneous input '(' expecting {'\lemma', '}', IDENT, '/*!'}
line 245:31 mismatched input ')' expecting {'(', '{'}
line 248:45 mismatched input '}' expecting {'(', '{'}
line 249:8 extraneous input '\replacewith' expecting {'\lemma', '}', IDENT, '/*!'}
line 249:38 mismatched input ')' expecting {'(', '{'}
line 250:42 mismatched input '}' expecting {'(', '{'}
line 251:28 extraneous input '(' expecting {'\lemma', '}', IDENT, '/*!'}
line 251:33 mismatched input '-&gt;' expecting {'(', '{'}
line 255:14 mismatched input '\ifExintVar' expecting {MODALITY, FORALL, EXISTS, '\if', '\ifEx', 'true', 'false', '(', '{', '@', NOT, SEQARROW, '-', STRING_LITERAL, CHAR_LITERAL, BIN_LITERAL, HEX_LITERAL, IDENT, INT_LITERAL, FLOAT_LITERAL, DOUBLE_LITERAL, REAL_LITERAL}
line 255:27 extraneous input '(' expecting {'\lemma', '}', IDENT, '/*!'}
line 255:31 mismatched input ')' expecting {'(', '{'}
line 258:52 extraneous input '0' expecting {'\lemma', '}', IDENT, '/*!'}
line 258:54 mismatched input 'then' expecting {&lt;EOF&gt;, '\problem', '\chooseContract', '\proofObligation', '\proof'}
)
	at app//de.uka.ilkd.key.control.AbstractUserInterfaceControl.load(AbstractUserInterfaceControl.java:221)
	at app//de.uka.ilkd.key.control.KeYEnvironment.load(KeYEnvironment.java:251)
	at app//de.uka.ilkd.key.control.KeYEnvironment.load(KeYEnvironment.java:224)
	at app//de.uka.ilkd.key.control.KeYEnvironment.load(KeYEnvironment.java:184)
	at app//de.uka.ilkd.key.logic.TestTermLabelManager.createTestServices(TestTermLabelManager.java:624)
	at app//de.uka.ilkd.key.logic.TestTermLabelManager.testInstantiateLabels_directChildPolicies_allRules(TestTermLabelManager.java:360)
	at java.base@11.0.18/jdk.internal.reflect.NativeMethodAccessorImpl.invoke0(Native Method)
	at java.base@11.0.18/jdk.internal.reflect.NativeMethodAccessorImpl.invoke(NativeMethodAccessorImpl.java:62)
	at java.base@11.0.18/jdk.internal.reflect.DelegatingMethodAccessorImpl.invoke(DelegatingMethodAccessorImpl.java:43)
	at java.base@11.0.18/java.lang.reflect.Method.invoke(Method.java:566)
	at app//org.junit.platform.commons.util.ReflectionUtils.invokeMethod(ReflectionUtils.java:725)
	at app//org.junit.jupiter.engine.execution.MethodInvocation.proceed(MethodInvocation.java:60)
	at app//org.junit.jupiter.engine.execution.InvocationInterceptorChain$ValidatingInvocation.proceed(InvocationInterceptorChain.java:131)
	at app//org.junit.jupiter.engine.extension.TimeoutExtension.intercept(TimeoutExtension.java:149)
	at app//org.junit.jupiter.engine.extension.TimeoutExtension.interceptTestableMethod(TimeoutExtension.java:140)
	at app//org.junit.jupiter.engine.extension.TimeoutExtension.interceptTestMethod(TimeoutExtension.java:84)
	at app//org.junit.jupiter.engine.execution.ExecutableInvoker$ReflectiveInterceptorCall.lambda$ofVoidMethod$0(ExecutableInvoker.java:115)
	at app//org.junit.jupiter.engine.execution.ExecutableInvoker.lambda$invoke$0(ExecutableInvoker.java:105)
	at app//org.junit.jupiter.engine.execution.InvocationInterceptorChain$InterceptedInvocation.proceed(InvocationInterceptorChain.java:106)
	at app//org.junit.jupiter.engine.execution.InvocationInterceptorChain.proceed(InvocationInterceptorChain.java:64)
	at app//org.junit.jupiter.engine.execution.InvocationInterceptorChain.chainAndInvoke(InvocationInterceptorChain.java:45)
	at app//org.junit.jupiter.engine.execution.InvocationInterceptorChain.invoke(InvocationInterceptorChain.java:37)
	at app//org.junit.jupiter.engine.execution.ExecutableInvoker.invoke(ExecutableInvoker.java:104)
	at app//org.junit.jupiter.engine.execution.ExecutableInvoker.invoke(ExecutableInvoker.java:98)
	at app//org.junit.jupiter.engine.descriptor.TestMethodTestDescriptor.lambda$invokeTestMethod$7(TestMethodTestDescriptor.java:214)
	at app//org.junit.platform.engine.support.hierarchical.ThrowableCollector.execute(ThrowableCollector.java:73)
	at app//org.junit.jupiter.engine.descriptor.TestMethodTestDescriptor.invokeTestMethod(TestMethodTestDescriptor.java:210)
	at app//org.junit.jupiter.engine.descriptor.TestMethodTestDescriptor.execute(TestMethodTestDescriptor.java:135)
	at app//org.junit.jupiter.engine.descriptor.TestMethodTestDescriptor.execute(TestMethodTestDescriptor.java:66)
	at app//org.junit.platform.engine.support.hierarchical.NodeTestTask.lambda$executeRecursively$6(NodeTestTask.java:151)
	at app//org.junit.platform.engine.support.hierarchical.ThrowableCollector.execute(ThrowableCollector.java:73)
	at app//org.junit.platform.engine.support.hierarchical.NodeTestTask.lambda$executeRecursively$8(NodeTestTask.java:141)
	at app//org.junit.platform.engine.support.hierarchical.Node.around(Node.java:137)
	at app//org.junit.platform.engine.support.hierarchical.NodeTestTask.lambda$executeRecursively$9(NodeTestTask.java:139)
	at app//org.junit.platform.engine.support.hierarchical.ThrowableCollector.execute(ThrowableCollector.java:73)
	at app//org.junit.platform.engine.support.hierarchical.NodeTestTask.executeRecursively(NodeTestTask.java:138)
	at app//org.junit.platform.engine.support.hierarchical.NodeTestTask.execute(NodeTestTask.java:95)
	at java.base@11.0.18/java.util.ArrayList.forEach(ArrayList.java:1541)
	at app//org.junit.platform.engine.support.hierarchical.SameThreadHierarchicalTestExecutorService.invokeAll(SameThreadHierarchicalTestExecutorService.java:41)
	at app//org.junit.platform.engine.support.hierarchical.NodeTestTask.lambda$executeRecursively$6(NodeTestTask.java:155)
	at app//org.junit.platform.engine.support.hierarchical.ThrowableCollector.execute(ThrowableCollector.java:73)
	at app//org.junit.platform.engine.support.hierarchical.NodeTestTask.lambda$executeRecursively$8(NodeTestTask.java:141)
	at app//org.junit.platform.engine.support.hierarchical.Node.around(Node.java:137)
	at app//org.junit.platform.engine.support.hierarchical.NodeTestTask.lambda$executeRecursively$9(NodeTestTask.java:139)
	at app//org.junit.platform.engine.support.hierarchical.ThrowableCollector.execute(ThrowableCollector.java:73)
	at app//org.junit.platform.engine.support.hierarchical.NodeTestTask.executeRecursively(NodeTestTask.java:138)
	at app//org.junit.platform.engine.support.hierarchical.NodeTestTask.execute(NodeTestTask.java:95)
	at java.base@11.0.18/java.util.ArrayList.forEach(ArrayList.java:1541)
	at app//org.junit.platform.engine.support.hierarchical.SameThreadHierarchicalTestExecutorService.invokeAll(SameThreadHierarchicalTestExecutorService.java:41)
	at app//org.junit.platform.engine.support.hierarchical.NodeTestTask.lambda$executeRecursively$6(NodeTestTask.java:155)
	at app//org.junit.platform.engine.support.hierarchical.ThrowableCollector.execute(ThrowableCollector.java:73)
	at app//org.junit.platform.engine.support.hierarchical.NodeTestTask.lambda$executeRecursively$8(NodeTestTask.java:141)
	at app//org.junit.platform.engine.support.hierarchical.Node.around(Node.java:137)
	at app//org.junit.platform.engine.support.hierarchical.NodeTestTask.lambda$executeRecursively$9(NodeTestTask.java:139)
	at app//org.junit.platform.engine.support.hierarchical.ThrowableCollector.execute(ThrowableCollector.java:73)
	at app//org.junit.platform.engine.support.hierarchical.NodeTestTask.executeRecursively(NodeTestTask.java:138)
	at app//org.junit.platform.engine.support.hierarchical.NodeTestTask.execute(NodeTestTask.java:95)
	at app//org.junit.platform.engine.support.hierarchical.SameThreadHierarchicalTestExecutorService.submit(SameThreadHierarchicalTestExecutorService.java:35)
	at app//org.junit.platform.engine.support.hierarchical.HierarchicalTestExecutor.execute(HierarchicalTestExecutor.java:57)
	at app//org.junit.platform.engine.support.hierarchical.HierarchicalTestEngine.execute(HierarchicalTestEngine.java:54)
	at org.junit.platform.launcher.core.EngineExecutionOrchestrator.execute(EngineExecutionOrchestrator.java:107)
	at org.junit.platform.launcher.core.EngineExecutionOrchestrator.execute(EngineExecutionOrchestrator.java:88)
	at org.junit.platform.launcher.core.EngineExecutionOrchestrator.lambda$execute$0(EngineExecutionOrchestrator.java:54)
	at org.junit.platform.launcher.core.EngineExecutionOrchestrator.withInterceptedStreams(EngineExecutionOrchestrator.java:67)
	at org.junit.platform.launcher.core.EngineExecutionOrchestrator.execute(EngineExecutionOrchestrator.java:52)
	at org.junit.platform.launcher.core.DefaultLauncher.execute(DefaultLauncher.java:114)
	at org.junit.platform.launcher.core.DefaultLauncher.execute(DefaultLauncher.java:86)
	at org.junit.platform.launcher.core.DefaultLauncherSession$DelegatingLauncher.execute(DefaultLauncherSession.java:86)
	at org.junit.platform.launcher.core.SessionPerRequestLauncher.execute(SessionPerRequestLauncher.java:53)
	at org.gradle.api.internal.tasks.testing.junitplatform.JUnitPlatformTestClassProcessor$CollectAllTestClassesExecutor.processAllTestClasses(JUnitPlatformTestClassProcessor.java:99)
	at org.gradle.api.internal.tasks.testing.junitplatform.JUnitPlatformTestClassProcessor$CollectAllTestClassesExecutor.access$000(JUnitPlatformTestClassProcessor.java:79)
	at org.gradle.api.internal.tasks.testing.junitplatform.JUnitPlatformTestClassProcessor.stop(JUnitPlatformTestClassProcessor.java:75)
	at org.gradle.api.internal.tasks.testing.SuiteTestClassProcessor.stop(SuiteTestClassProcessor.java:62)
	at java.base@11.0.18/jdk.internal.reflect.NativeMethodAccessorImpl.invoke0(Native Method)
	at java.base@11.0.18/jdk.internal.reflect.NativeMethodAccessorImpl.invoke(NativeMethodAccessorImpl.java:62)
	at java.base@11.0.18/jdk.internal.reflect.DelegatingMethodAccessorImpl.invoke(DelegatingMethodAccessorImpl.java:43)
	at java.base@11.0.18/java.lang.reflect.Method.invoke(Method.java:566)
	at org.gradle.internal.dispatch.ReflectionDispatch.dispatch(ReflectionDispatch.java:36)
	at org.gradle.internal.dispatch.ReflectionDispatch.dispatch(ReflectionDispatch.java:24)
	at org.gradle.internal.dispatch.ContextClassLoaderDispatch.dispatch(ContextClassLoaderDispatch.java:33)
	at org.gradle.internal.dispatch.ProxyDispatchAdapter$DispatchingInvocationHandler.invoke(ProxyDispatchAdapter.java:94)
	at com.sun.proxy.$Proxy2.stop(Unknown Source)
	at org.gradle.api.internal.tasks.testing.worker.TestWorker$3.run(TestWorker.java:193)
	at org.gradle.api.internal.tasks.testing.worker.TestWorker.executeAndMaintainThreadName(TestWorker.java:129)
	at org.gradle.api.internal.tasks.testing.worker.TestWorker.execute(TestWorker.java:100)
	at org.gradle.api.internal.tasks.testing.worker.TestWorker.execute(TestWorker.java:60)
	at org.gradle.process.internal.worker.child.ActionExecutionWorker.execute(ActionExecutionWorker.java:56)
	at org.gradle.process.internal.worker.child.SystemApplicationClassLoaderWorker.call(SystemApplicationClassLoaderWorker.java:113)
	at org.gradle.process.internal.worker.child.SystemApplicationClassLoaderWorker.call(SystemApplicationClassLoaderWorker.java:65)
	at app//worker.org.gradle.process.internal.worker.GradleWorkerMain.run(GradleWorkerMain.java:69)
	at app//worker.org.gradle.process.internal.worker.GradleWorkerMain.main(GradleWorkerMain.java:74)
Caused by: de.uka.ilkd.key.proof.init.ProofInputException: line 135:14 mismatched input '\ifExintVar' expecting {MODALITY, FORALL, EXISTS, '\if', '\ifEx', 'true', 'false', '(', '{', '@', NOT, SEQARROW, '-', STRING_LITERAL, CHAR_LITERAL, BIN_LITERAL, HEX_LITERAL, IDENT, INT_LITERAL, FLOAT_LITERAL, DOUBLE_LITERAL, REAL_LITERAL}
line 135:27 extraneous input '(' expecting {'\lemma', '}', IDENT, '/*!'}
line 135:44 mismatched input ')' expecting {'(', '{'}
line 141:14 mismatched input '\ifExintVar' expecting {MODALITY, FORALL, EXISTS, '\if', '\ifEx', 'true', 'false', '(', '{', '@', NOT, SEQARROW, '-', STRING_LITERAL, CHAR_LITERAL, BIN_LITERAL, HEX_LITERAL, IDENT, INT_LITERAL, FLOAT_LITERAL, DOUBLE_LITERAL, REAL_LITERAL}
line 141:27 extraneous input '(' expecting {'\lemma', '}', IDENT, '/*!'}
line 141:41 mismatched input ')' expecting {'(', '{'}
line 148:14 mismatched input '\ifExintVar' expecting {MODALITY, FORALL, EXISTS, '\if', '\ifEx', 'true', 'false', '(', '{', '@', NOT, SEQARROW, '-', STRING_LITERAL, CHAR_LITERAL, BIN_LITERAL, HEX_LITERAL, IDENT, INT_LITERAL, FLOAT_LITERAL, DOUBLE_LITERAL, REAL_LITERAL}
line 148:27 extraneous input '(' expecting {'\lemma', '}', IDENT, '/*!'}
line 148:35 mismatched input '=' expecting {'(', '{'}
line 150:38 mismatched input '}' expecting {'(', '{'}
line 155:14 mismatched input '\ifExintVar' expecting {MODALITY, FORALL, EXISTS, '\if', '\ifEx', 'true', 'false', '(', '{', '@', NOT, SEQARROW, '-', STRING_LITERAL, CHAR_LITERAL, BIN_LITERAL, HEX_LITERAL, IDENT, INT_LITERAL, FLOAT_LITERAL, DOUBLE_LITERAL, REAL_LITERAL}
line 155:27 extraneous input '(' expecting {'\lemma', '}', IDENT, '/*!'}
line 155:35 mismatched input '=' expecting {'(', '{'}
line 157:38 mismatched input '}' expecting {'(', '{'}
line 163:14 mismatched input '\ifExintVar' expecting {MODALITY, FORALL, EXISTS, '\if', '\ifEx', 'true', 'false', '(', '{', '@', NOT, SEQARROW, '-', STRING_LITERAL, CHAR_LITERAL, BIN_LITERAL, HEX_LITERAL, IDENT, INT_LITERAL, FLOAT_LITERAL, DOUBLE_LITERAL, REAL_LITERAL}
line 163:27 extraneous input '(' expecting {'\lemma', '}', IDENT, '/*!'}
line 163:30 mismatched input '=' expecting {'(', '{'}
line 165:38 mismatched input '}' expecting {'(', '{'}
line 171:14 mismatched input '\ifExintVar' expecting {MODALITY, FORALL, EXISTS, '\if', '\ifEx', 'true', 'false', '(', '{', '@', NOT, SEQARROW, '-', STRING_LITERAL, CHAR_LITERAL, BIN_LITERAL, HEX_LITERAL, IDENT, INT_LITERAL, FLOAT_LITERAL, DOUBLE_LITERAL, REAL_LITERAL}
line 171:27 extraneous input '(' expecting {'\lemma', '}', IDENT, '/*!'}
line 171:30 mismatched input '=' expecting {'(', '{'}
line 173:38 mismatched input '}' expecting {'(', '{'}
line 179:14 mismatched input '\ifExintVar' expecting {MODALITY, FORALL, EXISTS, '\if', '\ifEx', 'true', 'false', '(', '{', '@', NOT, SEQARROW, '-', STRING_LITERAL, CHAR_LITERAL, BIN_LITERAL, HEX_LITERAL, IDENT, INT_LITERAL, FLOAT_LITERAL, DOUBLE_LITERAL, REAL_LITERAL}
line 179:27 extraneous input '(' expecting {'\lemma', '}', IDENT, '/*!'}
line 179:32 mismatched input '&amp;' expecting {'(', '{'}
line 181:42 mismatched input '}' expecting {'(', '{'}
line 182:39 mismatched input '}' expecting {'(', '{'}
line 188:14 mismatched input '\ifExintVar' expecting {MODALITY, FORALL, EXISTS, '\if', '\ifEx', 'true', 'false', '(', '{', '@', NOT, SEQARROW, '-', STRING_LITERAL, CHAR_LITERAL, BIN_LITERAL, HEX_LITERAL, IDENT, INT_LITERAL, FLOAT_LITERAL, DOUBLE_LITERAL, REAL_LITERAL}
line 188:27 extraneous input '(' expecting {'\lemma', '}', IDENT, '/*!'}
line 188:32 mismatched input '&amp;' expecting {'(', '{'}
line 190:42 mismatched input '}' expecting {'(', '{'}
line 191:39 mismatched input '}' expecting {'(', '{'}
line 198:14 mismatched input '\ifExintVar' expecting {MODALITY, FORALL, EXISTS, '\if', '\ifEx', 'true', 'false', '(', '{', '@', NOT, SEQARROW, '-', STRING_LITERAL, CHAR_LITERAL, BIN_LITERAL, HEX_LITERAL, IDENT, INT_LITERAL, FLOAT_LITERAL, DOUBLE_LITERAL, REAL_LITERAL}
line 198:27 extraneous input '(' expecting {'\lemma', '}', IDENT, '/*!'}
line 198:32 mismatched input '&amp;' expecting {'(', '{'}
line 200:42 mismatched input '}' expecting {'(', '{'}
line 201:39 mismatched input '}' expecting {'(', '{'}
line 208:14 mismatched input '\ifExintVar' expecting {MODALITY, FORALL, EXISTS, '\if', '\ifEx', 'true', 'false', '(', '{', '@', NOT, SEQARROW, '-', STRING_LITERAL, CHAR_LITERAL, BIN_LITERAL, HEX_LITERAL, IDENT, INT_LITERAL, FLOAT_LITERAL, DOUBLE_LITERAL, REAL_LITERAL}
line 208:27 extraneous input '(' expecting {'\lemma', '}', IDENT, '/*!'}
line 208:32 mismatched input '&amp;' expecting {'(', '{'}
line 210:42 mismatched input '}' expecting {'(', '{'}
line 211:39 mismatched input '}' expecting {'(', '{'}
line 218:14 mismatched input '\ifExintVar' expecting {MODALITY, FORALL, EXISTS, '\if', '\ifEx', 'true', 'false', '(', '{', '@', NOT, SEQARROW, '-', STRING_LITERAL, CHAR_LITERAL, BIN_LITERAL, HEX_LITERAL, IDENT, INT_LITERAL, FLOAT_LITERAL, DOUBLE_LITERAL, REAL_LITERAL}
line 218:27 extraneous input '(' expecting {'\lemma', '}', IDENT, '/*!'}
line 218:31 mismatched input ')' expecting {'(', '{'}
line 220:44 mismatched input ')' expecting {'(', '{'}
line 225:14 mismatched input '\ifExintVar' expecting {MODALITY, FORALL, EXISTS, '\if', '\ifEx', 'true', 'false', '(', '{', '@', NOT, SEQARROW, '-', STRING_LITERAL, CHAR_LITERAL, BIN_LITERAL, HEX_LITERAL, IDENT, INT_LITERAL, FLOAT_LITERAL, DOUBLE_LITERAL, REAL_LITERAL}
line 225:27 extraneous input '(' expecting {'\lemma', '}', IDENT, '/*!'}
line 225:31 mismatched input ')' expecting {'(', '{'}
line 227:44 mismatched input ')' expecting {'(', '{'}
line 233:14 mismatched input '\ifExintVar' expecting {MODALITY, FORALL, EXISTS, '\if', '\ifEx', 'true', 'false', '(', '{', '@', NOT, SEQARROW, '-', STRING_LITERAL, CHAR_LITERAL, BIN_LITERAL, HEX_LITERAL, IDENT, INT_LITERAL, FLOAT_LITERAL, DOUBLE_LITERAL, REAL_LITERAL}
line 233:27 extraneous input '(' expecting {'\lemma', '}', IDENT, '/*!'}
line 233:31 mismatched input ')' expecting {'(', '{'}
line 237:42 mismatched input '}' expecting {'(', '{'}
line 238:34 mismatched input '}' expecting {'(', '{'}
line 239:28 extraneous input '(' expecting {'\lemma', '}', IDENT, '/*!'}
line 239:33 mismatched input '-&gt;' expecting {'(', '{'}
line 240:8 extraneous input '\replacewith' expecting {'\lemma', '}', IDENT, '/*!'}
line 240:25 mismatched input ')' expecting {'(', '{'}
line 240:56 mismatched input ')' expecting {'(', '{'}
line 245:14 mismatched input '\ifExintVar' expecting {MODALITY, FORALL, EXISTS, '\if', '\ifEx', 'true', 'false', '(', '{', '@', NOT, SEQARROW, '-', STRING_LITERAL, CHAR_LITERAL, BIN_LITERAL, HEX_LITERAL, IDENT, INT_LITERAL, FLOAT_LITERAL, DOUBLE_LITERAL, REAL_LITERAL}
line 245:27 extraneous input '(' expecting {'\lemma', '}', IDENT, '/*!'}
line 245:31 mismatched input ')' expecting {'(', '{'}
line 248:45 mismatched input '}' expecting {'(', '{'}
line 249:8 extraneous input '\replacewith' expecting {'\lemma', '}', IDENT, '/*!'}
line 249:38 mismatched input ')' expecting {'(', '{'}
line 250:42 mismatched input '}' expecting {'(', '{'}
line 251:28 extraneous input '(' expecting {'\lemma', '}', IDENT, '/*!'}
line 251:33 mismatched input '-&gt;' expecting {'(', '{'}
line 255:14 mismatched input '\ifExintVar' expecting {MODALITY, FORALL, EXISTS, '\if', '\ifEx', 'true', 'false', '(', '{', '@', NOT, SEQARROW, '-', STRING_LITERAL, CHAR_LITERAL, BIN_LITERAL, HEX_LITERAL, IDENT, INT_LITERAL, FLOAT_LITERAL, DOUBLE_LITERAL, REAL_LITERAL}
line 255:27 extraneous input '(' expecting {'\lemma', '}', IDENT, '/*!'}
line 255:31 mismatched input ')' expecting {'(', '{'}
line 258:52 extraneous input '0' expecting {'\lemma', '}', IDENT, '/*!'}
line 258:54 mismatched input 'then' expecting {&lt;EOF&gt;, '\problem', '\chooseContract', '\proofObligation', '\proof'}

	at app//de.uka.ilkd.key.proof.io.KeYFile.readIncludes(KeYFile.java:210)
	at app//de.uka.ilkd.key.proof.init.ProblemInitializer.readIncludes(ProblemInitializer.java:177)
	at app//de.uka.ilkd.key.proof.init.ProblemInitializer.readEnvInput(ProblemInitializer.java:325)
	at app//de.uka.ilkd.key.proof.init.ProblemInitializer.readIncludes(ProblemInitializer.java:188)
	at app//de.uka.ilkd.key.proof.init.ProblemInitializer.readEnvInput(ProblemInitializer.java:325)
	at app//de.uka.ilkd.key.proof.init.ProblemInitializer.prepare(ProblemInitializer.java:449)
	at app//de.uka.ilkd.key.proof.io.AbstractProblemLoader.createInitConfig(AbstractProblemLoader.java:518)
	at app//de.uka.ilkd.key.proof.io.AbstractProblemLoader.loadEnvironment(AbstractProblemLoader.java:288)
	at app//de.uka.ilkd.key.proof.io.AbstractProblemLoader.load(AbstractProblemLoader.java:252)
	at app//de.uka.ilkd.key.control.AbstractUserInterfaceControl.load(AbstractUserInterfaceControl.java:209)
	... 90 more
Caused by: de.uka.ilkd.key.util.parsing.SyntaxErrorReporter$ParserException: line 135:14 mismatched input '\ifExintVar' expecting {MODALITY, FORALL, EXISTS, '\if', '\ifEx', 'true', 'false', '(', '{', '@', NOT, SEQARROW, '-', STRING_LITERAL, CHAR_LITERAL, BIN_LITERAL, HEX_LITERAL, IDENT, INT_LITERAL, FLOAT_LITERAL, DOUBLE_LITERAL, REAL_LITERAL}
line 135:27 extraneous input '(' expecting {'\lemma', '}', IDENT, '/*!'}
line 135:44 mismatched input ')' expecting {'(', '{'}
line 141:14 mismatched input '\ifExintVar' expecting {MODALITY, FORALL, EXISTS, '\if', '\ifEx', 'true', 'false', '(', '{', '@', NOT, SEQARROW, '-', STRING_LITERAL, CHAR_LITERAL, BIN_LITERAL, HEX_LITERAL, IDENT, INT_LITERAL, FLOAT_LITERAL, DOUBLE_LITERAL, REAL_LITERAL}
line 141:27 extraneous input '(' expecting {'\lemma', '}', IDENT, '/*!'}
line 141:41 mismatched input ')' expecting {'(', '{'}
line 148:14 mismatched input '\ifExintVar' expecting {MODALITY, FORALL, EXISTS, '\if', '\ifEx', 'true', 'false', '(', '{', '@', NOT, SEQARROW, '-', STRING_LITERAL, CHAR_LITERAL, BIN_LITERAL, HEX_LITERAL, IDENT, INT_LITERAL, FLOAT_LITERAL, DOUBLE_LITERAL, REAL_LITERAL}
line 148:27 extraneous input '(' expecting {'\lemma', '}', IDENT, '/*!'}
line 148:35 mismatched input '=' expecting {'(', '{'}
line 150:38 mismatched input '}' expecting {'(', '{'}
line 155:14 mismatched input '\ifExintVar' expecting {MODALITY, FORALL, EXISTS, '\if', '\ifEx', 'true', 'false', '(', '{', '@', NOT, SEQARROW, '-', STRING_LITERAL, CHAR_LITERAL, BIN_LITERAL, HEX_LITERAL, IDENT, INT_LITERAL, FLOAT_LITERAL, DOUBLE_LITERAL, REAL_LITERAL}
line 155:27 extraneous input '(' expecting {'\lemma', '}', IDENT, '/*!'}
line 155:35 mismatched input '=' expecting {'(', '{'}
line 157:38 mismatched input '}' expecting {'(', '{'}
line 163:14 mismatched input '\ifExintVar' expecting {MODALITY, FORALL, EXISTS, '\if', '\ifEx', 'true', 'false', '(', '{', '@', NOT, SEQARROW, '-', STRING_LITERAL, CHAR_LITERAL, BIN_LITERAL, HEX_LITERAL, IDENT, INT_LITERAL, FLOAT_LITERAL, DOUBLE_LITERAL, REAL_LITERAL}
line 163:27 extraneous input '(' expecting {'\lemma', '}', IDENT, '/*!'}
line 163:30 mismatched input '=' expecting {'(', '{'}
line 165:38 mismatched input '}' expecting {'(', '{'}
line 171:14 mismatched input '\ifExintVar' expecting {MODALITY, FORALL, EXISTS, '\if', '\ifEx', 'true', 'false', '(', '{', '@', NOT, SEQARROW, '-', STRING_LITERAL, CHAR_LITERAL, BIN_LITERAL, HEX_LITERAL, IDENT, INT_LITERAL, FLOAT_LITERAL, DOUBLE_LITERAL, REAL_LITERAL}
line 171:27 extraneous input '(' expecting {'\lemma', '}', IDENT, '/*!'}
line 171:30 mismatched input '=' expecting {'(', '{'}
line 173:38 mismatched input '}' expecting {'(', '{'}
line 179:14 mismatched input '\ifExintVar' expecting {MODALITY, FORALL, EXISTS, '\if', '\ifEx', 'true', 'false', '(', '{', '@', NOT, SEQARROW, '-', STRING_LITERAL, CHAR_LITERAL, BIN_LITERAL, HEX_LITERAL, IDENT, INT_LITERAL, FLOAT_LITERAL, DOUBLE_LITERAL, REAL_LITERAL}
line 179:27 extraneous input '(' expecting {'\lemma', '}', IDENT, '/*!'}
line 179:32 mismatched input '&amp;' expecting {'(', '{'}
line 181:42 mismatched input '}' expecting {'(', '{'}
line 182:39 mismatched input '}' expecting {'(', '{'}
line 188:14 mismatched input '\ifExintVar' expecting {MODALITY, FORALL, EXISTS, '\if', '\ifEx', 'true', 'false', '(', '{', '@', NOT, SEQARROW, '-', STRING_LITERAL, CHAR_LITERAL, BIN_LITERAL, HEX_LITERAL, IDENT, INT_LITERAL, FLOAT_LITERAL, DOUBLE_LITERAL, REAL_LITERAL}
line 188:27 extraneous input '(' expecting {'\lemma', '}', IDENT, '/*!'}
line 188:32 mismatched input '&amp;' expecting {'(', '{'}
line 190:42 mismatched input '}' expecting {'(', '{'}
line 191:39 mismatched input '}' expecting {'(', '{'}
line 198:14 mismatched input '\ifExintVar' expecting {MODALITY, FORALL, EXISTS, '\if', '\ifEx', 'true', 'false', '(', '{', '@', NOT, SEQARROW, '-', STRING_LITERAL, CHAR_LITERAL, BIN_LITERAL, HEX_LITERAL, IDENT, INT_LITERAL, FLOAT_LITERAL, DOUBLE_LITERAL, REAL_LITERAL}
line 198:27 extraneous input '(' expecting {'\lemma', '}', IDENT, '/*!'}
line 198:32 mismatched input '&amp;' expecting {'(', '{'}
line 200:42 mismatched input '}' expecting {'(', '{'}
line 201:39 mismatched input '}' expecting {'(', '{'}
line 208:14 mismatched input '\ifExintVar' expecting {MODALITY, FORALL, EXISTS, '\if', '\ifEx', 'true', 'false', '(', '{', '@', NOT, SEQARROW, '-', STRING_LITERAL, CHAR_LITERAL, BIN_LITERAL, HEX_LITERAL, IDENT, INT_LITERAL, FLOAT_LITERAL, DOUBLE_LITERAL, REAL_LITERAL}
line 208:27 extraneous input '(' expecting {'\lemma', '}', IDENT, '/*!'}
line 208:32 mismatched input '&amp;' expecting {'(', '{'}
line 210:42 mismatched input '}' expecting {'(', '{'}
line 211:39 mismatched input '}' expecting {'(', '{'}
line 218:14 mismatched input '\ifExintVar' expecting {MODALITY, FORALL, EXISTS, '\if', '\ifEx', 'true', 'false', '(', '{', '@', NOT, SEQARROW, '-', STRING_LITERAL, CHAR_LITERAL, BIN_LITERAL, HEX_LITERAL, IDENT, INT_LITERAL, FLOAT_LITERAL, DOUBLE_LITERAL, REAL_LITERAL}
line 218:27 extraneous input '(' expecting {'\lemma', '}', IDENT, '/*!'}
line 218:31 mismatched input ')' expecting {'(', '{'}
line 220:44 mismatched input ')' expecting {'(', '{'}
line 225:14 mismatched input '\ifExintVar' expecting {MODALITY, FORALL, EXISTS, '\if', '\ifEx', 'true', 'false', '(', '{', '@', NOT, SEQARROW, '-', STRING_LITERAL, CHAR_LITERAL, BIN_LITERAL, HEX_LITERAL, IDENT, INT_LITERAL, FLOAT_LITERAL, DOUBLE_LITERAL, REAL_LITERAL}
line 225:27 extraneous input '(' expecting {'\lemma', '}', IDENT, '/*!'}
line 225:31 mismatched input ')' expecting {'(', '{'}
line 227:44 mismatched input ')' expecting {'(', '{'}
line 233:14 mismatched input '\ifExintVar' expecting {MODALITY, FORALL, EXISTS, '\if', '\ifEx', 'true', 'false', '(', '{', '@', NOT, SEQARROW, '-', STRING_LITERAL, CHAR_LITERAL, BIN_LITERAL, HEX_LITERAL, IDENT, INT_LITERAL, FLOAT_LITERAL, DOUBLE_LITERAL, REAL_LITERAL}
line 233:27 extraneous input '(' expecting {'\lemma', '}', IDENT, '/*!'}
line 233:31 mismatched input ')' expecting {'(', '{'}
line 237:42 mismatched input '}' expecting {'(', '{'}
line 238:34 mismatched input '}' expecting {'(', '{'}
line 239:28 extraneous input '(' expecting {'\lemma', '}', IDENT, '/*!'}
line 239:33 mismatched input '-&gt;' expecting {'(', '{'}
line 240:8 extraneous input '\replacewith' expecting {'\lemma', '}', IDENT, '/*!'}
line 240:25 mismatched input ')' expecting {'(', '{'}
line 240:56 mismatched input ')' expecting {'(', '{'}
line 245:14 mismatched input '\ifExintVar' expecting {MODALITY, FORALL, EXISTS, '\if', '\ifEx', 'true', 'false', '(', '{', '@', NOT, SEQARROW, '-', STRING_LITERAL, CHAR_LITERAL, BIN_LITERAL, HEX_LITERAL, IDENT, INT_LITERAL, FLOAT_LITERAL, DOUBLE_LITERAL, REAL_LITERAL}
line 245:27 extraneous input '(' expecting {'\lemma', '}', IDENT, '/*!'}
line 245:31 mismatched input ')' expecting {'(', '{'}
line 248:45 mismatched input '}' expecting {'(', '{'}
line 249:8 extraneous input '\replacewith' expecting {'\lemma', '}', IDENT, '/*!'}
line 249:38 mismatched input ')' expecting {'(', '{'}
line 250:42 mismatched input '}' expecting {'(', '{'}
line 251:28 extraneous input '(' expecting {'\lemma', '}', IDENT, '/*!'}
line 251:33 mismatched input '-&gt;' expecting {'(', '{'}
line 255:14 mismatched input '\ifExintVar' expecting {MODALITY, FORALL, EXISTS, '\if', '\ifEx', 'true', 'false', '(', '{', '@', NOT, SEQARROW, '-', STRING_LITERAL, CHAR_LITERAL, BIN_LITERAL, HEX_LITERAL, IDENT, INT_LITERAL, FLOAT_LITERAL, DOUBLE_LITERAL, REAL_LITERAL}
line 255:27 extraneous input '(' expecting {'\lemma', '}', IDENT, '/*!'}
line 255:31 mismatched input ')' expecting {'(', '{'}
line 258:52 extraneous input '0' expecting {'\lemma', '}', IDENT, '/*!'}
line 258:54 mismatched input 'then' expecting {&lt;EOF&gt;, '\problem', '\chooseContract', '\proofObligation', '\proof'}

	at app//de.uka.ilkd.key.util.parsing.SyntaxErrorReporter.throwException(SyntaxErrorReporter.java:89)
	at app//de.uka.ilkd.key.nparser.ParsingFacade.parseFile(ParsingFacade.java:125)
	at app//de.uka.ilkd.key.proof.io.KeYFile.getParseContext(KeYFile.java:160)
	at app//de.uka.ilkd.key.proof.io.KeYFile.readIncludes(KeYFile.java:206)
	... 99 more
</failure>
  </testcase>
  <testcase name="testInstantiateLabels_childAndGrandchildPolicies_ruleSpecific()" classname="de.uka.ilkd.key.logic.TestTermLabelManager" time="0.131">
    <failure message="org.opentest4j.AssertionFailedError" type="org.opentest4j.AssertionFailedError">org.opentest4j.AssertionFailedError
	at app//org.junit.jupiter.api.AssertionUtils.fail(AssertionUtils.java:35)
	at app//org.junit.jupiter.api.Assertions.fail(Assertions.java:115)
	at app//de.uka.ilkd.key.logic.TestTermLabelManager.testInstantiateLabels_childAndGrandchildPolicies_ruleSpecific(TestTermLabelManager.java:323)
	at java.base@11.0.18/jdk.internal.reflect.NativeMethodAccessorImpl.invoke0(Native Method)
	at java.base@11.0.18/jdk.internal.reflect.NativeMethodAccessorImpl.invoke(NativeMethodAccessorImpl.java:62)
	at java.base@11.0.18/jdk.internal.reflect.DelegatingMethodAccessorImpl.invoke(DelegatingMethodAccessorImpl.java:43)
	at java.base@11.0.18/java.lang.reflect.Method.invoke(Method.java:566)
	at app//org.junit.platform.commons.util.ReflectionUtils.invokeMethod(ReflectionUtils.java:725)
	at app//org.junit.jupiter.engine.execution.MethodInvocation.proceed(MethodInvocation.java:60)
	at app//org.junit.jupiter.engine.execution.InvocationInterceptorChain$ValidatingInvocation.proceed(InvocationInterceptorChain.java:131)
	at app//org.junit.jupiter.engine.extension.TimeoutExtension.intercept(TimeoutExtension.java:149)
	at app//org.junit.jupiter.engine.extension.TimeoutExtension.interceptTestableMethod(TimeoutExtension.java:140)
	at app//org.junit.jupiter.engine.extension.TimeoutExtension.interceptTestMethod(TimeoutExtension.java:84)
	at app//org.junit.jupiter.engine.execution.ExecutableInvoker$ReflectiveInterceptorCall.lambda$ofVoidMethod$0(ExecutableInvoker.java:115)
	at app//org.junit.jupiter.engine.execution.ExecutableInvoker.lambda$invoke$0(ExecutableInvoker.java:105)
	at app//org.junit.jupiter.engine.execution.InvocationInterceptorChain$InterceptedInvocation.proceed(InvocationInterceptorChain.java:106)
	at app//org.junit.jupiter.engine.execution.InvocationInterceptorChain.proceed(InvocationInterceptorChain.java:64)
	at app//org.junit.jupiter.engine.execution.InvocationInterceptorChain.chainAndInvoke(InvocationInterceptorChain.java:45)
	at app//org.junit.jupiter.engine.execution.InvocationInterceptorChain.invoke(InvocationInterceptorChain.java:37)
	at app//org.junit.jupiter.engine.execution.ExecutableInvoker.invoke(ExecutableInvoker.java:104)
	at app//org.junit.jupiter.engine.execution.ExecutableInvoker.invoke(ExecutableInvoker.java:98)
	at app//org.junit.jupiter.engine.descriptor.TestMethodTestDescriptor.lambda$invokeTestMethod$7(TestMethodTestDescriptor.java:214)
	at app//org.junit.platform.engine.support.hierarchical.ThrowableCollector.execute(ThrowableCollector.java:73)
	at app//org.junit.jupiter.engine.descriptor.TestMethodTestDescriptor.invokeTestMethod(TestMethodTestDescriptor.java:210)
	at app//org.junit.jupiter.engine.descriptor.TestMethodTestDescriptor.execute(TestMethodTestDescriptor.java:135)
	at app//org.junit.jupiter.engine.descriptor.TestMethodTestDescriptor.execute(TestMethodTestDescriptor.java:66)
	at app//org.junit.platform.engine.support.hierarchical.NodeTestTask.lambda$executeRecursively$6(NodeTestTask.java:151)
	at app//org.junit.platform.engine.support.hierarchical.ThrowableCollector.execute(ThrowableCollector.java:73)
	at app//org.junit.platform.engine.support.hierarchical.NodeTestTask.lambda$executeRecursively$8(NodeTestTask.java:141)
	at app//org.junit.platform.engine.support.hierarchical.Node.around(Node.java:137)
	at app//org.junit.platform.engine.support.hierarchical.NodeTestTask.lambda$executeRecursively$9(NodeTestTask.java:139)
	at app//org.junit.platform.engine.support.hierarchical.ThrowableCollector.execute(ThrowableCollector.java:73)
	at app//org.junit.platform.engine.support.hierarchical.NodeTestTask.executeRecursively(NodeTestTask.java:138)
	at app//org.junit.platform.engine.support.hierarchical.NodeTestTask.execute(NodeTestTask.java:95)
	at java.base@11.0.18/java.util.ArrayList.forEach(ArrayList.java:1541)
	at app//org.junit.platform.engine.support.hierarchical.SameThreadHierarchicalTestExecutorService.invokeAll(SameThreadHierarchicalTestExecutorService.java:41)
	at app//org.junit.platform.engine.support.hierarchical.NodeTestTask.lambda$executeRecursively$6(NodeTestTask.java:155)
	at app//org.junit.platform.engine.support.hierarchical.ThrowableCollector.execute(ThrowableCollector.java:73)
	at app//org.junit.platform.engine.support.hierarchical.NodeTestTask.lambda$executeRecursively$8(NodeTestTask.java:141)
	at app//org.junit.platform.engine.support.hierarchical.Node.around(Node.java:137)
	at app//org.junit.platform.engine.support.hierarchical.NodeTestTask.lambda$executeRecursively$9(NodeTestTask.java:139)
	at app//org.junit.platform.engine.support.hierarchical.ThrowableCollector.execute(ThrowableCollector.java:73)
	at app//org.junit.platform.engine.support.hierarchical.NodeTestTask.executeRecursively(NodeTestTask.java:138)
	at app//org.junit.platform.engine.support.hierarchical.NodeTestTask.execute(NodeTestTask.java:95)
	at java.base@11.0.18/java.util.ArrayList.forEach(ArrayList.java:1541)
	at app//org.junit.platform.engine.support.hierarchical.SameThreadHierarchicalTestExecutorService.invokeAll(SameThreadHierarchicalTestExecutorService.java:41)
	at app//org.junit.platform.engine.support.hierarchical.NodeTestTask.lambda$executeRecursively$6(NodeTestTask.java:155)
	at app//org.junit.platform.engine.support.hierarchical.ThrowableCollector.execute(ThrowableCollector.java:73)
	at app//org.junit.platform.engine.support.hierarchical.NodeTestTask.lambda$executeRecursively$8(NodeTestTask.java:141)
	at app//org.junit.platform.engine.support.hierarchical.Node.around(Node.java:137)
	at app//org.junit.platform.engine.support.hierarchical.NodeTestTask.lambda$executeRecursively$9(NodeTestTask.java:139)
	at app//org.junit.platform.engine.support.hierarchical.ThrowableCollector.execute(ThrowableCollector.java:73)
	at app//org.junit.platform.engine.support.hierarchical.NodeTestTask.executeRecursively(NodeTestTask.java:138)
	at app//org.junit.platform.engine.support.hierarchical.NodeTestTask.execute(NodeTestTask.java:95)
	at app//org.junit.platform.engine.support.hierarchical.SameThreadHierarchicalTestExecutorService.submit(SameThreadHierarchicalTestExecutorService.java:35)
	at app//org.junit.platform.engine.support.hierarchical.HierarchicalTestExecutor.execute(HierarchicalTestExecutor.java:57)
	at app//org.junit.platform.engine.support.hierarchical.HierarchicalTestEngine.execute(HierarchicalTestEngine.java:54)
	at org.junit.platform.launcher.core.EngineExecutionOrchestrator.execute(EngineExecutionOrchestrator.java:107)
	at org.junit.platform.launcher.core.EngineExecutionOrchestrator.execute(EngineExecutionOrchestrator.java:88)
	at org.junit.platform.launcher.core.EngineExecutionOrchestrator.lambda$execute$0(EngineExecutionOrchestrator.java:54)
	at org.junit.platform.launcher.core.EngineExecutionOrchestrator.withInterceptedStreams(EngineExecutionOrchestrator.java:67)
	at org.junit.platform.launcher.core.EngineExecutionOrchestrator.execute(EngineExecutionOrchestrator.java:52)
	at org.junit.platform.launcher.core.DefaultLauncher.execute(DefaultLauncher.java:114)
	at org.junit.platform.launcher.core.DefaultLauncher.execute(DefaultLauncher.java:86)
	at org.junit.platform.launcher.core.DefaultLauncherSession$DelegatingLauncher.execute(DefaultLauncherSession.java:86)
	at org.junit.platform.launcher.core.SessionPerRequestLauncher.execute(SessionPerRequestLauncher.java:53)
	at org.gradle.api.internal.tasks.testing.junitplatform.JUnitPlatformTestClassProcessor$CollectAllTestClassesExecutor.processAllTestClasses(JUnitPlatformTestClassProcessor.java:99)
	at org.gradle.api.internal.tasks.testing.junitplatform.JUnitPlatformTestClassProcessor$CollectAllTestClassesExecutor.access$000(JUnitPlatformTestClassProcessor.java:79)
	at org.gradle.api.internal.tasks.testing.junitplatform.JUnitPlatformTestClassProcessor.stop(JUnitPlatformTestClassProcessor.java:75)
	at org.gradle.api.internal.tasks.testing.SuiteTestClassProcessor.stop(SuiteTestClassProcessor.java:62)
	at java.base@11.0.18/jdk.internal.reflect.NativeMethodAccessorImpl.invoke0(Native Method)
	at java.base@11.0.18/jdk.internal.reflect.NativeMethodAccessorImpl.invoke(NativeMethodAccessorImpl.java:62)
	at java.base@11.0.18/jdk.internal.reflect.DelegatingMethodAccessorImpl.invoke(DelegatingMethodAccessorImpl.java:43)
	at java.base@11.0.18/java.lang.reflect.Method.invoke(Method.java:566)
	at org.gradle.internal.dispatch.ReflectionDispatch.dispatch(ReflectionDispatch.java:36)
	at org.gradle.internal.dispatch.ReflectionDispatch.dispatch(ReflectionDispatch.java:24)
	at org.gradle.internal.dispatch.ContextClassLoaderDispatch.dispatch(ContextClassLoaderDispatch.java:33)
	at org.gradle.internal.dispatch.ProxyDispatchAdapter$DispatchingInvocationHandler.invoke(ProxyDispatchAdapter.java:94)
	at com.sun.proxy.$Proxy2.stop(Unknown Source)
	at org.gradle.api.internal.tasks.testing.worker.TestWorker$3.run(TestWorker.java:193)
	at org.gradle.api.internal.tasks.testing.worker.TestWorker.executeAndMaintainThreadName(TestWorker.java:129)
	at org.gradle.api.internal.tasks.testing.worker.TestWorker.execute(TestWorker.java:100)
	at org.gradle.api.internal.tasks.testing.worker.TestWorker.execute(TestWorker.java:60)
	at org.gradle.process.internal.worker.child.ActionExecutionWorker.execute(ActionExecutionWorker.java:56)
	at org.gradle.process.internal.worker.child.SystemApplicationClassLoaderWorker.call(SystemApplicationClassLoaderWorker.java:113)
	at org.gradle.process.internal.worker.child.SystemApplicationClassLoaderWorker.call(SystemApplicationClassLoaderWorker.java:65)
	at app//worker.org.gradle.process.internal.worker.GradleWorkerMain.run(GradleWorkerMain.java:69)
	at app//worker.org.gradle.process.internal.worker.GradleWorkerMain.main(GradleWorkerMain.java:74)
</failure>
  </testcase>
  <testcase name="testParseLabel()" classname="de.uka.ilkd.key.logic.TestTermLabelManager" time="0.089">
    <failure message="org.opentest4j.AssertionFailedError" type="org.opentest4j.AssertionFailedError">org.opentest4j.AssertionFailedError
	at app//org.junit.jupiter.api.AssertionUtils.fail(AssertionUtils.java:35)
	at app//org.junit.jupiter.api.Assertions.fail(Assertions.java:115)
	at app//de.uka.ilkd.key.logic.TestTermLabelManager.testParseLabel(TestTermLabelManager.java:550)
	at java.base@11.0.18/jdk.internal.reflect.NativeMethodAccessorImpl.invoke0(Native Method)
	at java.base@11.0.18/jdk.internal.reflect.NativeMethodAccessorImpl.invoke(NativeMethodAccessorImpl.java:62)
	at java.base@11.0.18/jdk.internal.reflect.DelegatingMethodAccessorImpl.invoke(DelegatingMethodAccessorImpl.java:43)
	at java.base@11.0.18/java.lang.reflect.Method.invoke(Method.java:566)
	at app//org.junit.platform.commons.util.ReflectionUtils.invokeMethod(ReflectionUtils.java:725)
	at app//org.junit.jupiter.engine.execution.MethodInvocation.proceed(MethodInvocation.java:60)
	at app//org.junit.jupiter.engine.execution.InvocationInterceptorChain$ValidatingInvocation.proceed(InvocationInterceptorChain.java:131)
	at app//org.junit.jupiter.engine.extension.TimeoutExtension.intercept(TimeoutExtension.java:149)
	at app//org.junit.jupiter.engine.extension.TimeoutExtension.interceptTestableMethod(TimeoutExtension.java:140)
	at app//org.junit.jupiter.engine.extension.TimeoutExtension.interceptTestMethod(TimeoutExtension.java:84)
	at app//org.junit.jupiter.engine.execution.ExecutableInvoker$ReflectiveInterceptorCall.lambda$ofVoidMethod$0(ExecutableInvoker.java:115)
	at app//org.junit.jupiter.engine.execution.ExecutableInvoker.lambda$invoke$0(ExecutableInvoker.java:105)
	at app//org.junit.jupiter.engine.execution.InvocationInterceptorChain$InterceptedInvocation.proceed(InvocationInterceptorChain.java:106)
	at app//org.junit.jupiter.engine.execution.InvocationInterceptorChain.proceed(InvocationInterceptorChain.java:64)
	at app//org.junit.jupiter.engine.execution.InvocationInterceptorChain.chainAndInvoke(InvocationInterceptorChain.java:45)
	at app//org.junit.jupiter.engine.execution.InvocationInterceptorChain.invoke(InvocationInterceptorChain.java:37)
	at app//org.junit.jupiter.engine.execution.ExecutableInvoker.invoke(ExecutableInvoker.java:104)
	at app//org.junit.jupiter.engine.execution.ExecutableInvoker.invoke(ExecutableInvoker.java:98)
	at app//org.junit.jupiter.engine.descriptor.TestMethodTestDescriptor.lambda$invokeTestMethod$7(TestMethodTestDescriptor.java:214)
	at app//org.junit.platform.engine.support.hierarchical.ThrowableCollector.execute(ThrowableCollector.java:73)
	at app//org.junit.jupiter.engine.descriptor.TestMethodTestDescriptor.invokeTestMethod(TestMethodTestDescriptor.java:210)
	at app//org.junit.jupiter.engine.descriptor.TestMethodTestDescriptor.execute(TestMethodTestDescriptor.java:135)
	at app//org.junit.jupiter.engine.descriptor.TestMethodTestDescriptor.execute(TestMethodTestDescriptor.java:66)
	at app//org.junit.platform.engine.support.hierarchical.NodeTestTask.lambda$executeRecursively$6(NodeTestTask.java:151)
	at app//org.junit.platform.engine.support.hierarchical.ThrowableCollector.execute(ThrowableCollector.java:73)
	at app//org.junit.platform.engine.support.hierarchical.NodeTestTask.lambda$executeRecursively$8(NodeTestTask.java:141)
	at app//org.junit.platform.engine.support.hierarchical.Node.around(Node.java:137)
	at app//org.junit.platform.engine.support.hierarchical.NodeTestTask.lambda$executeRecursively$9(NodeTestTask.java:139)
	at app//org.junit.platform.engine.support.hierarchical.ThrowableCollector.execute(ThrowableCollector.java:73)
	at app//org.junit.platform.engine.support.hierarchical.NodeTestTask.executeRecursively(NodeTestTask.java:138)
	at app//org.junit.platform.engine.support.hierarchical.NodeTestTask.execute(NodeTestTask.java:95)
	at java.base@11.0.18/java.util.ArrayList.forEach(ArrayList.java:1541)
	at app//org.junit.platform.engine.support.hierarchical.SameThreadHierarchicalTestExecutorService.invokeAll(SameThreadHierarchicalTestExecutorService.java:41)
	at app//org.junit.platform.engine.support.hierarchical.NodeTestTask.lambda$executeRecursively$6(NodeTestTask.java:155)
	at app//org.junit.platform.engine.support.hierarchical.ThrowableCollector.execute(ThrowableCollector.java:73)
	at app//org.junit.platform.engine.support.hierarchical.NodeTestTask.lambda$executeRecursively$8(NodeTestTask.java:141)
	at app//org.junit.platform.engine.support.hierarchical.Node.around(Node.java:137)
	at app//org.junit.platform.engine.support.hierarchical.NodeTestTask.lambda$executeRecursively$9(NodeTestTask.java:139)
	at app//org.junit.platform.engine.support.hierarchical.ThrowableCollector.execute(ThrowableCollector.java:73)
	at app//org.junit.platform.engine.support.hierarchical.NodeTestTask.executeRecursively(NodeTestTask.java:138)
	at app//org.junit.platform.engine.support.hierarchical.NodeTestTask.execute(NodeTestTask.java:95)
	at java.base@11.0.18/java.util.ArrayList.forEach(ArrayList.java:1541)
	at app//org.junit.platform.engine.support.hierarchical.SameThreadHierarchicalTestExecutorService.invokeAll(SameThreadHierarchicalTestExecutorService.java:41)
	at app//org.junit.platform.engine.support.hierarchical.NodeTestTask.lambda$executeRecursively$6(NodeTestTask.java:155)
	at app//org.junit.platform.engine.support.hierarchical.ThrowableCollector.execute(ThrowableCollector.java:73)
	at app//org.junit.platform.engine.support.hierarchical.NodeTestTask.lambda$executeRecursively$8(NodeTestTask.java:141)
	at app//org.junit.platform.engine.support.hierarchical.Node.around(Node.java:137)
	at app//org.junit.platform.engine.support.hierarchical.NodeTestTask.lambda$executeRecursively$9(NodeTestTask.java:139)
	at app//org.junit.platform.engine.support.hierarchical.ThrowableCollector.execute(ThrowableCollector.java:73)
	at app//org.junit.platform.engine.support.hierarchical.NodeTestTask.executeRecursively(NodeTestTask.java:138)
	at app//org.junit.platform.engine.support.hierarchical.NodeTestTask.execute(NodeTestTask.java:95)
	at app//org.junit.platform.engine.support.hierarchical.SameThreadHierarchicalTestExecutorService.submit(SameThreadHierarchicalTestExecutorService.java:35)
	at app//org.junit.platform.engine.support.hierarchical.HierarchicalTestExecutor.execute(HierarchicalTestExecutor.java:57)
	at app//org.junit.platform.engine.support.hierarchical.HierarchicalTestEngine.execute(HierarchicalTestEngine.java:54)
	at org.junit.platform.launcher.core.EngineExecutionOrchestrator.execute(EngineExecutionOrchestrator.java:107)
	at org.junit.platform.launcher.core.EngineExecutionOrchestrator.execute(EngineExecutionOrchestrator.java:88)
	at org.junit.platform.launcher.core.EngineExecutionOrchestrator.lambda$execute$0(EngineExecutionOrchestrator.java:54)
	at org.junit.platform.launcher.core.EngineExecutionOrchestrator.withInterceptedStreams(EngineExecutionOrchestrator.java:67)
	at org.junit.platform.launcher.core.EngineExecutionOrchestrator.execute(EngineExecutionOrchestrator.java:52)
	at org.junit.platform.launcher.core.DefaultLauncher.execute(DefaultLauncher.java:114)
	at org.junit.platform.launcher.core.DefaultLauncher.execute(DefaultLauncher.java:86)
	at org.junit.platform.launcher.core.DefaultLauncherSession$DelegatingLauncher.execute(DefaultLauncherSession.java:86)
	at org.junit.platform.launcher.core.SessionPerRequestLauncher.execute(SessionPerRequestLauncher.java:53)
	at org.gradle.api.internal.tasks.testing.junitplatform.JUnitPlatformTestClassProcessor$CollectAllTestClassesExecutor.processAllTestClasses(JUnitPlatformTestClassProcessor.java:99)
	at org.gradle.api.internal.tasks.testing.junitplatform.JUnitPlatformTestClassProcessor$CollectAllTestClassesExecutor.access$000(JUnitPlatformTestClassProcessor.java:79)
	at org.gradle.api.internal.tasks.testing.junitplatform.JUnitPlatformTestClassProcessor.stop(JUnitPlatformTestClassProcessor.java:75)
	at org.gradle.api.internal.tasks.testing.SuiteTestClassProcessor.stop(SuiteTestClassProcessor.java:62)
	at java.base@11.0.18/jdk.internal.reflect.NativeMethodAccessorImpl.invoke0(Native Method)
	at java.base@11.0.18/jdk.internal.reflect.NativeMethodAccessorImpl.invoke(NativeMethodAccessorImpl.java:62)
	at java.base@11.0.18/jdk.internal.reflect.DelegatingMethodAccessorImpl.invoke(DelegatingMethodAccessorImpl.java:43)
	at java.base@11.0.18/java.lang.reflect.Method.invoke(Method.java:566)
	at org.gradle.internal.dispatch.ReflectionDispatch.dispatch(ReflectionDispatch.java:36)
	at org.gradle.internal.dispatch.ReflectionDispatch.dispatch(ReflectionDispatch.java:24)
	at org.gradle.internal.dispatch.ContextClassLoaderDispatch.dispatch(ContextClassLoaderDispatch.java:33)
	at org.gradle.internal.dispatch.ProxyDispatchAdapter$DispatchingInvocationHandler.invoke(ProxyDispatchAdapter.java:94)
	at com.sun.proxy.$Proxy2.stop(Unknown Source)
	at org.gradle.api.internal.tasks.testing.worker.TestWorker$3.run(TestWorker.java:193)
	at org.gradle.api.internal.tasks.testing.worker.TestWorker.executeAndMaintainThreadName(TestWorker.java:129)
	at org.gradle.api.internal.tasks.testing.worker.TestWorker.execute(TestWorker.java:100)
	at org.gradle.api.internal.tasks.testing.worker.TestWorker.execute(TestWorker.java:60)
	at org.gradle.process.internal.worker.child.ActionExecutionWorker.execute(ActionExecutionWorker.java:56)
	at org.gradle.process.internal.worker.child.SystemApplicationClassLoaderWorker.call(SystemApplicationClassLoaderWorker.java:113)
	at org.gradle.process.internal.worker.child.SystemApplicationClassLoaderWorker.call(SystemApplicationClassLoaderWorker.java:65)
	at app//worker.org.gradle.process.internal.worker.GradleWorkerMain.run(GradleWorkerMain.java:69)
	at app//worker.org.gradle.process.internal.worker.GradleWorkerMain.main(GradleWorkerMain.java:74)
</failure>
  </testcase>
  <testcase name="testrefactorGoal_childrenAndGrandchildren_ruleSpecific()" classname="de.uka.ilkd.key.logic.TestTermLabelManager" time="0.062">
    <failure message="line 135:14 mismatched input '\ifExintVar' expecting {MODALITY, FORALL, EXISTS, '\if', '\ifEx', 'true', 'false', '(', '{', '@', NOT, SEQARROW, '-', STRING_LITERAL, CHAR_LITERAL, BIN_LITERAL, HEX_LITERAL, IDENT, INT_LITERAL, FLOAT_LITERAL, DOUBLE_LITERAL, REAL_LITERAL}&#10;line 135:27 extraneous input '(' expecting {'\lemma', '}', IDENT, '/*!'}&#10;line 135:44 mismatched input ')' expecting {'(', '{'}&#10;line 141:14 mismatched input '\ifExintVar' expecting {MODALITY, FORALL, EXISTS, '\if', '\ifEx', 'true', 'false', '(', '{', '@', NOT, SEQARROW, '-', STRING_LITERAL, CHAR_LITERAL, BIN_LITERAL, HEX_LITERAL, IDENT, INT_LITERAL, FLOAT_LITERAL, DOUBLE_LITERAL, REAL_LITERAL}&#10;line 141:27 extraneous input '(' expecting {'\lemma', '}', IDENT, '/*!'}&#10;line 141:41 mismatched input ')' expecting {'(', '{'}&#10;line 148:14 mismatched input '\ifExintVar' expecting {MODALITY, FORALL, EXISTS, '\if', '\ifEx', 'true', 'false', '(', '{', '@', NOT, SEQARROW, '-', STRING_LITERAL, CHAR_LITERAL, BIN_LITERAL, HEX_LITERAL, IDENT, INT_LITERAL, FLOAT_LITERAL, DOUBLE_LITERAL, REAL_LITERAL}&#10;line 148:27 extraneous input '(' expecting {'\lemma', '}', IDENT, '/*!'}&#10;line 148:35 mismatched input '=' expecting {'(', '{'}&#10;line 150:38 mismatched input '}' expecting {'(', '{'}&#10;line 155:14 mismatched input '\ifExintVar' expecting {MODALITY, FORALL, EXISTS, '\if', '\ifEx', 'true', 'false', '(', '{', '@', NOT, SEQARROW, '-', STRING_LITERAL, CHAR_LITERAL, BIN_LITERAL, HEX_LITERAL, IDENT, INT_LITERAL, FLOAT_LITERAL, DOUBLE_LITERAL, REAL_LITERAL}&#10;line 155:27 extraneous input '(' expecting {'\lemma', '}', IDENT, '/*!'}&#10;line 155:35 mismatched input '=' expecting {'(', '{'}&#10;line 157:38 mismatched input '}' expecting {'(', '{'}&#10;line 163:14 mismatched input '\ifExintVar' expecting {MODALITY, FORALL, EXISTS, '\if', '\ifEx', 'true', 'false', '(', '{', '@', NOT, SEQARROW, '-', STRING_LITERAL, CHAR_LITERAL, BIN_LITERAL, HEX_LITERAL, IDENT, INT_LITERAL, FLOAT_LITERAL, DOUBLE_LITERAL, REAL_LITERAL}&#10;line 163:27 extraneous input '(' expecting {'\lemma', '}', IDENT, '/*!'}&#10;line 163:30 mismatched input '=' expecting {'(', '{'}&#10;line 165:38 mismatched input '}' expecting {'(', '{'}&#10;line 171:14 mismatched input '\ifExintVar' expecting {MODALITY, FORALL, EXISTS, '\if', '\ifEx', 'true', 'false', '(', '{', '@', NOT, SEQARROW, '-', STRING_LITERAL, CHAR_LITERAL, BIN_LITERAL, HEX_LITERAL, IDENT, INT_LITERAL, FLOAT_LITERAL, DOUBLE_LITERAL, REAL_LITERAL}&#10;line 171:27 extraneous input '(' expecting {'\lemma', '}', IDENT, '/*!'}&#10;line 171:30 mismatched input '=' expecting {'(', '{'}&#10;line 173:38 mismatched input '}' expecting {'(', '{'}&#10;line 179:14 mismatched input '\ifExintVar' expecting {MODALITY, FORALL, EXISTS, '\if', '\ifEx', 'true', 'false', '(', '{', '@', NOT, SEQARROW, '-', STRING_LITERAL, CHAR_LITERAL, BIN_LITERAL, HEX_LITERAL, IDENT, INT_LITERAL, FLOAT_LITERAL, DOUBLE_LITERAL, REAL_LITERAL}&#10;line 179:27 extraneous input '(' expecting {'\lemma', '}', IDENT, '/*!'}&#10;line 179:32 mismatched input '&amp;' expecting {'(', '{'}&#10;line 181:42 mismatched input '}' expecting {'(', '{'}&#10;line 182:39 mismatched input '}' expecting {'(', '{'}&#10;line 188:14 mismatched input '\ifExintVar' expecting {MODALITY, FORALL, EXISTS, '\if', '\ifEx', 'true', 'false', '(', '{', '@', NOT, SEQARROW, '-', STRING_LITERAL, CHAR_LITERAL, BIN_LITERAL, HEX_LITERAL, IDENT, INT_LITERAL, FLOAT_LITERAL, DOUBLE_LITERAL, REAL_LITERAL}&#10;line 188:27 extraneous input '(' expecting {'\lemma', '}', IDENT, '/*!'}&#10;line 188:32 mismatched input '&amp;' expecting {'(', '{'}&#10;line 190:42 mismatched input '}' expecting {'(', '{'}&#10;line 191:39 mismatched input '}' expecting {'(', '{'}&#10;line 198:14 mismatched input '\ifExintVar' expecting {MODALITY, FORALL, EXISTS, '\if', '\ifEx', 'true', 'false', '(', '{', '@', NOT, SEQARROW, '-', STRING_LITERAL, CHAR_LITERAL, BIN_LITERAL, HEX_LITERAL, IDENT, INT_LITERAL, FLOAT_LITERAL, DOUBLE_LITERAL, REAL_LITERAL}&#10;line 198:27 extraneous input '(' expecting {'\lemma', '}', IDENT, '/*!'}&#10;line 198:32 mismatched input '&amp;' expecting {'(', '{'}&#10;line 200:42 mismatched input '}' expecting {'(', '{'}&#10;line 201:39 mismatched input '}' expecting {'(', '{'}&#10;line 208:14 mismatched input '\ifExintVar' expecting {MODALITY, FORALL, EXISTS, '\if', '\ifEx', 'true', 'false', '(', '{', '@', NOT, SEQARROW, '-', STRING_LITERAL, CHAR_LITERAL, BIN_LITERAL, HEX_LITERAL, IDENT, INT_LITERAL, FLOAT_LITERAL, DOUBLE_LITERAL, REAL_LITERAL}&#10;line 208:27 extraneous input '(' expecting {'\lemma', '}', IDENT, '/*!'}&#10;line 208:32 mismatched input '&amp;' expecting {'(', '{'}&#10;line 210:42 mismatched input '}' expecting {'(', '{'}&#10;line 211:39 mismatched input '}' expecting {'(', '{'}&#10;line 218:14 mismatched input '\ifExintVar' expecting {MODALITY, FORALL, EXISTS, '\if', '\ifEx', 'true', 'false', '(', '{', '@', NOT, SEQARROW, '-', STRING_LITERAL, CHAR_LITERAL, BIN_LITERAL, HEX_LITERAL, IDENT, INT_LITERAL, FLOAT_LITERAL, DOUBLE_LITERAL, REAL_LITERAL}&#10;line 218:27 extraneous input '(' expecting {'\lemma', '}', IDENT, '/*!'}&#10;line 218:31 mismatched input ')' expecting {'(', '{'}&#10;line 220:44 mismatched input ')' expecting {'(', '{'}&#10;line 225:14 mismatched input '\ifExintVar' expecting {MODALITY, FORALL, EXISTS, '\if', '\ifEx', 'true', 'false', '(', '{', '@', NOT, SEQARROW, '-', STRING_LITERAL, CHAR_LITERAL, BIN_LITERAL, HEX_LITERAL, IDENT, INT_LITERAL, FLOAT_LITERAL, DOUBLE_LITERAL, REAL_LITERAL}&#10;line 225:27 extraneous input '(' expecting {'\lemma', '}', IDENT, '/*!'}&#10;line 225:31 mismatched input ')' expecting {'(', '{'}&#10;line 227:44 mismatched input ')' expecting {'(', '{'}&#10;line 233:14 mismatched input '\ifExintVar' expecting {MODALITY, FORALL, EXISTS, '\if', '\ifEx', 'true', 'false', '(', '{', '@', NOT, SEQARROW, '-', STRING_LITERAL, CHAR_LITERAL, BIN_LITERAL, HEX_LITERAL, IDENT, INT_LITERAL, FLOAT_LITERAL, DOUBLE_LITERAL, REAL_LITERAL}&#10;line 233:27 extraneous input '(' expecting {'\lemma', '}', IDENT, '/*!'}&#10;line 233:31 mismatched input ')' expecting {'(', '{'}&#10;line 237:42 mismatched input '}' expecting {'(', '{'}&#10;line 238:34 mismatched input '}' expecting {'(', '{'}&#10;line 239:28 extraneous input '(' expecting {'\lemma', '}', IDENT, '/*!'}&#10;line 239:33 mismatched input '-&gt;' expecting {'(', '{'}&#10;line 240:8 extraneous input '\replacewith' expecting {'\lemma', '}', IDENT, '/*!'}&#10;line 240:25 mismatched input ')' expecting {'(', '{'}&#10;line 240:56 mismatched input ')' expecting {'(', '{'}&#10;line 245:14 mismatched input '\ifExintVar' expecting {MODALITY, FORALL, EXISTS, '\if', '\ifEx', 'true', 'false', '(', '{', '@', NOT, SEQARROW, '-', STRING_LITERAL, CHAR_LITERAL, BIN_LITERAL, HEX_LITERAL, IDENT, INT_LITERAL, FLOAT_LITERAL, DOUBLE_LITERAL, REAL_LITERAL}&#10;line 245:27 extraneous input '(' expecting {'\lemma', '}', IDENT, '/*!'}&#10;line 245:31 mismatched input ')' expecting {'(', '{'}&#10;line 248:45 mismatched input '}' expecting {'(', '{'}&#10;line 249:8 extraneous input '\replacewith' expecting {'\lemma', '}', IDENT, '/*!'}&#10;line 249:38 mismatched input ')' expecting {'(', '{'}&#10;line 250:42 mismatched input '}' expecting {'(', '{'}&#10;line 251:28 extraneous input '(' expecting {'\lemma', '}', IDENT, '/*!'}&#10;line 251:33 mismatched input '-&gt;' expecting {'(', '{'}&#10;line 255:14 mismatched input '\ifExintVar' expecting {MODALITY, FORALL, EXISTS, '\if', '\ifEx', 'true', 'false', '(', '{', '@', NOT, SEQARROW, '-', STRING_LITERAL, CHAR_LITERAL, BIN_LITERAL, HEX_LITERAL, IDENT, INT_LITERAL, FLOAT_LITERAL, DOUBLE_LITERAL, REAL_LITERAL}&#10;line 255:27 extraneous input '(' expecting {'\lemma', '}', IDENT, '/*!'}&#10;line 255:31 mismatched input ')' expecting {'(', '{'}&#10;line 258:52 extraneous input '0' expecting {'\lemma', '}', IDENT, '/*!'}&#10;line 258:54 mismatched input 'then' expecting {&lt;EOF&gt;, '\problem', '\chooseContract', '\proofObligation', '\proof'}&#10; (file: src/test/resources/testcase/termLabels/flatSteps/FlatSteps.java; caused by: de.uka.ilkd.key.proof.init.ProofInputException: line 135:14 mismatched input '\ifExintVar' expecting {MODALITY, FORALL, EXISTS, '\if', '\ifEx', 'true', 'false', '(', '{', '@', NOT, SEQARROW, '-', STRING_LITERAL, CHAR_LITERAL, BIN_LITERAL, HEX_LITERAL, IDENT, INT_LITERAL, FLOAT_LITERAL, DOUBLE_LITERAL, REAL_LITERAL}&#10;line 135:27 extraneous input '(' expecting {'\lemma', '}', IDENT, '/*!'}&#10;line 135:44 mismatched input ')' expecting {'(', '{'}&#10;line 141:14 mismatched input '\ifExintVar' expecting {MODALITY, FORALL, EXISTS, '\if', '\ifEx', 'true', 'false', '(', '{', '@', NOT, SEQARROW, '-', STRING_LITERAL, CHAR_LITERAL, BIN_LITERAL, HEX_LITERAL, IDENT, INT_LITERAL, FLOAT_LITERAL, DOUBLE_LITERAL, REAL_LITERAL}&#10;line 141:27 extraneous input '(' expecting {'\lemma', '}', IDENT, '/*!'}&#10;line 141:41 mismatched input ')' expecting {'(', '{'}&#10;line 148:14 mismatched input '\ifExintVar' expecting {MODALITY, FORALL, EXISTS, '\if', '\ifEx', 'true', 'false', '(', '{', '@', NOT, SEQARROW, '-', STRING_LITERAL, CHAR_LITERAL, BIN_LITERAL, HEX_LITERAL, IDENT, INT_LITERAL, FLOAT_LITERAL, DOUBLE_LITERAL, REAL_LITERAL}&#10;line 148:27 extraneous input '(' expecting {'\lemma', '}', IDENT, '/*!'}&#10;line 148:35 mismatched input '=' expecting {'(', '{'}&#10;line 150:38 mismatched input '}' expecting {'(', '{'}&#10;line 155:14 mismatched input '\ifExintVar' expecting {MODALITY, FORALL, EXISTS, '\if', '\ifEx', 'true', 'false', '(', '{', '@', NOT, SEQARROW, '-', STRING_LITERAL, CHAR_LITERAL, BIN_LITERAL, HEX_LITERAL, IDENT, INT_LITERAL, FLOAT_LITERAL, DOUBLE_LITERAL, REAL_LITERAL}&#10;line 155:27 extraneous input '(' expecting {'\lemma', '}', IDENT, '/*!'}&#10;line 155:35 mismatched input '=' expecting {'(', '{'}&#10;line 157:38 mismatched input '}' expecting {'(', '{'}&#10;line 163:14 mismatched input '\ifExintVar' expecting {MODALITY, FORALL, EXISTS, '\if', '\ifEx', 'true', 'false', '(', '{', '@', NOT, SEQARROW, '-', STRING_LITERAL, CHAR_LITERAL, BIN_LITERAL, HEX_LITERAL, IDENT, INT_LITERAL, FLOAT_LITERAL, DOUBLE_LITERAL, REAL_LITERAL}&#10;line 163:27 extraneous input '(' expecting {'\lemma', '}', IDENT, '/*!'}&#10;line 163:30 mismatched input '=' expecting {'(', '{'}&#10;line 165:38 mismatched input '}' expecting {'(', '{'}&#10;line 171:14 mismatched input '\ifExintVar' expecting {MODALITY, FORALL, EXISTS, '\if', '\ifEx', 'true', 'false', '(', '{', '@', NOT, SEQARROW, '-', STRING_LITERAL, CHAR_LITERAL, BIN_LITERAL, HEX_LITERAL, IDENT, INT_LITERAL, FLOAT_LITERAL, DOUBLE_LITERAL, REAL_LITERAL}&#10;line 171:27 extraneous input '(' expecting {'\lemma', '}', IDENT, '/*!'}&#10;line 171:30 mismatched input '=' expecting {'(', '{'}&#10;line 173:38 mismatched input '}' expecting {'(', '{'}&#10;line 179:14 mismatched input '\ifExintVar' expecting {MODALITY, FORALL, EXISTS, '\if', '\ifEx', 'true', 'false', '(', '{', '@', NOT, SEQARROW, '-', STRING_LITERAL, CHAR_LITERAL, BIN_LITERAL, HEX_LITERAL, IDENT, INT_LITERAL, FLOAT_LITERAL, DOUBLE_LITERAL, REAL_LITERAL}&#10;line 179:27 extraneous input '(' expecting {'\lemma', '}', IDENT, '/*!'}&#10;line 179:32 mismatched input '&amp;' expecting {'(', '{'}&#10;line 181:42 mismatched input '}' expecting {'(', '{'}&#10;line 182:39 mismatched input '}' expecting {'(', '{'}&#10;line 188:14 mismatched input '\ifExintVar' expecting {MODALITY, FORALL, EXISTS, '\if', '\ifEx', 'true', 'false', '(', '{', '@', NOT, SEQARROW, '-', STRING_LITERAL, CHAR_LITERAL, BIN_LITERAL, HEX_LITERAL, IDENT, INT_LITERAL, FLOAT_LITERAL, DOUBLE_LITERAL, REAL_LITERAL}&#10;line 188:27 extraneous input '(' expecting {'\lemma', '}', IDENT, '/*!'}&#10;line 188:32 mismatched input '&amp;' expecting {'(', '{'}&#10;line 190:42 mismatched input '}' expecting {'(', '{'}&#10;line 191:39 mismatched input '}' expecting {'(', '{'}&#10;line 198:14 mismatched input '\ifExintVar' expecting {MODALITY, FORALL, EXISTS, '\if', '\ifEx', 'true', 'false', '(', '{', '@', NOT, SEQARROW, '-', STRING_LITERAL, CHAR_LITERAL, BIN_LITERAL, HEX_LITERAL, IDENT, INT_LITERAL, FLOAT_LITERAL, DOUBLE_LITERAL, REAL_LITERAL}&#10;line 198:27 extraneous input '(' expecting {'\lemma', '}', IDENT, '/*!'}&#10;line 198:32 mismatched input '&amp;' expecting {'(', '{'}&#10;line 200:42 mismatched input '}' expecting {'(', '{'}&#10;line 201:39 mismatched input '}' expecting {'(', '{'}&#10;line 208:14 mismatched input '\ifExintVar' expecting {MODALITY, FORALL, EXISTS, '\if', '\ifEx', 'true', 'false', '(', '{', '@', NOT, SEQARROW, '-', STRING_LITERAL, CHAR_LITERAL, BIN_LITERAL, HEX_LITERAL, IDENT, INT_LITERAL, FLOAT_LITERAL, DOUBLE_LITERAL, REAL_LITERAL}&#10;line 208:27 extraneous input '(' expecting {'\lemma', '}', IDENT, '/*!'}&#10;line 208:32 mismatched input '&amp;' expecting {'(', '{'}&#10;line 210:42 mismatched input '}' expecting {'(', '{'}&#10;line 211:39 mismatched input '}' expecting {'(', '{'}&#10;line 218:14 mismatched input '\ifExintVar' expecting {MODALITY, FORALL, EXISTS, '\if', '\ifEx', 'true', 'false', '(', '{', '@', NOT, SEQARROW, '-', STRING_LITERAL, CHAR_LITERAL, BIN_LITERAL, HEX_LITERAL, IDENT, INT_LITERAL, FLOAT_LITERAL, DOUBLE_LITERAL, REAL_LITERAL}&#10;line 218:27 extraneous input '(' expecting {'\lemma', '}', IDENT, '/*!'}&#10;line 218:31 mismatched input ')' expecting {'(', '{'}&#10;line 220:44 mismatched input ')' expecting {'(', '{'}&#10;line 225:14 mismatched input '\ifExintVar' expecting {MODALITY, FORALL, EXISTS, '\if', '\ifEx', 'true', 'false', '(', '{', '@', NOT, SEQARROW, '-', STRING_LITERAL, CHAR_LITERAL, BIN_LITERAL, HEX_LITERAL, IDENT, INT_LITERAL, FLOAT_LITERAL, DOUBLE_LITERAL, REAL_LITERAL}&#10;line 225:27 extraneous input '(' expecting {'\lemma', '}', IDENT, '/*!'}&#10;line 225:31 mismatched input ')' expecting {'(', '{'}&#10;line 227:44 mismatched input ')' expecting {'(', '{'}&#10;line 233:14 mismatched input '\ifExintVar' expecting {MODALITY, FORALL, EXISTS, '\if', '\ifEx', 'true', 'false', '(', '{', '@', NOT, SEQARROW, '-', STRING_LITERAL, CHAR_LITERAL, BIN_LITERAL, HEX_LITERAL, IDENT, INT_LITERAL, FLOAT_LITERAL, DOUBLE_LITERAL, REAL_LITERAL}&#10;line 233:27 extraneous input '(' expecting {'\lemma', '}', IDENT, '/*!'}&#10;line 233:31 mismatched input ')' expecting {'(', '{'}&#10;line 237:42 mismatched input '}' expecting {'(', '{'}&#10;line 238:34 mismatched input '}' expecting {'(', '{'}&#10;line 239:28 extraneous input '(' expecting {'\lemma', '}', IDENT, '/*!'}&#10;line 239:33 mismatched input '-&gt;' expecting {'(', '{'}&#10;line 240:8 extraneous input '\replacewith' expecting {'\lemma', '}', IDENT, '/*!'}&#10;line 240:25 mismatched input ')' expecting {'(', '{'}&#10;line 240:56 mismatched input ')' expecting {'(', '{'}&#10;line 245:14 mismatched input '\ifExintVar' expecting {MODALITY, FORALL, EXISTS, '\if', '\ifEx', 'true', 'false', '(', '{', '@', NOT, SEQARROW, '-', STRING_LITERAL, CHAR_LITERAL, BIN_LITERAL, HEX_LITERAL, IDENT, INT_LITERAL, FLOAT_LITERAL, DOUBLE_LITERAL, REAL_LITERAL}&#10;line 245:27 extraneous input '(' expecting {'\lemma', '}', IDENT, '/*!'}&#10;line 245:31 mismatched input ')' expecting {'(', '{'}&#10;line 248:45 mismatched input '}' expecting {'(', '{'}&#10;line 249:8 extraneous input '\replacewith' expecting {'\lemma', '}', IDENT, '/*!'}&#10;line 249:38 mismatched input ')' expecting {'(', '{'}&#10;line 250:42 mismatched input '}' expecting {'(', '{'}&#10;line 251:28 extraneous input '(' expecting {'\lemma', '}', IDENT, '/*!'}&#10;line 251:33 mismatched input '-&gt;' expecting {'(', '{'}&#10;line 255:14 mismatched input '\ifExintVar' expecting {MODALITY, FORALL, EXISTS, '\if', '\ifEx', 'true', 'false', '(', '{', '@', NOT, SEQARROW, '-', STRING_LITERAL, CHAR_LITERAL, BIN_LITERAL, HEX_LITERAL, IDENT, INT_LITERAL, FLOAT_LITERAL, DOUBLE_LITERAL, REAL_LITERAL}&#10;line 255:27 extraneous input '(' expecting {'\lemma', '}', IDENT, '/*!'}&#10;line 255:31 mismatched input ')' expecting {'(', '{'}&#10;line 258:52 extraneous input '0' expecting {'\lemma', '}', IDENT, '/*!'}&#10;line 258:54 mismatched input 'then' expecting {&lt;EOF&gt;, '\problem', '\chooseContract', '\proofObligation', '\proof'}&#10;)" type="de.uka.ilkd.key.proof.io.ProblemLoaderException">line 135:14 mismatched input '\ifExintVar' expecting {MODALITY, FORALL, EXISTS, '\if', '\ifEx', 'true', 'false', '(', '{', '@', NOT, SEQARROW, '-', STRING_LITERAL, CHAR_LITERAL, BIN_LITERAL, HEX_LITERAL, IDENT, INT_LITERAL, FLOAT_LITERAL, DOUBLE_LITERAL, REAL_LITERAL}
line 135:27 extraneous input '(' expecting {'\lemma', '}', IDENT, '/*!'}
line 135:44 mismatched input ')' expecting {'(', '{'}
line 141:14 mismatched input '\ifExintVar' expecting {MODALITY, FORALL, EXISTS, '\if', '\ifEx', 'true', 'false', '(', '{', '@', NOT, SEQARROW, '-', STRING_LITERAL, CHAR_LITERAL, BIN_LITERAL, HEX_LITERAL, IDENT, INT_LITERAL, FLOAT_LITERAL, DOUBLE_LITERAL, REAL_LITERAL}
line 141:27 extraneous input '(' expecting {'\lemma', '}', IDENT, '/*!'}
line 141:41 mismatched input ')' expecting {'(', '{'}
line 148:14 mismatched input '\ifExintVar' expecting {MODALITY, FORALL, EXISTS, '\if', '\ifEx', 'true', 'false', '(', '{', '@', NOT, SEQARROW, '-', STRING_LITERAL, CHAR_LITERAL, BIN_LITERAL, HEX_LITERAL, IDENT, INT_LITERAL, FLOAT_LITERAL, DOUBLE_LITERAL, REAL_LITERAL}
line 148:27 extraneous input '(' expecting {'\lemma', '}', IDENT, '/*!'}
line 148:35 mismatched input '=' expecting {'(', '{'}
line 150:38 mismatched input '}' expecting {'(', '{'}
line 155:14 mismatched input '\ifExintVar' expecting {MODALITY, FORALL, EXISTS, '\if', '\ifEx', 'true', 'false', '(', '{', '@', NOT, SEQARROW, '-', STRING_LITERAL, CHAR_LITERAL, BIN_LITERAL, HEX_LITERAL, IDENT, INT_LITERAL, FLOAT_LITERAL, DOUBLE_LITERAL, REAL_LITERAL}
line 155:27 extraneous input '(' expecting {'\lemma', '}', IDENT, '/*!'}
line 155:35 mismatched input '=' expecting {'(', '{'}
line 157:38 mismatched input '}' expecting {'(', '{'}
line 163:14 mismatched input '\ifExintVar' expecting {MODALITY, FORALL, EXISTS, '\if', '\ifEx', 'true', 'false', '(', '{', '@', NOT, SEQARROW, '-', STRING_LITERAL, CHAR_LITERAL, BIN_LITERAL, HEX_LITERAL, IDENT, INT_LITERAL, FLOAT_LITERAL, DOUBLE_LITERAL, REAL_LITERAL}
line 163:27 extraneous input '(' expecting {'\lemma', '}', IDENT, '/*!'}
line 163:30 mismatched input '=' expecting {'(', '{'}
line 165:38 mismatched input '}' expecting {'(', '{'}
line 171:14 mismatched input '\ifExintVar' expecting {MODALITY, FORALL, EXISTS, '\if', '\ifEx', 'true', 'false', '(', '{', '@', NOT, SEQARROW, '-', STRING_LITERAL, CHAR_LITERAL, BIN_LITERAL, HEX_LITERAL, IDENT, INT_LITERAL, FLOAT_LITERAL, DOUBLE_LITERAL, REAL_LITERAL}
line 171:27 extraneous input '(' expecting {'\lemma', '}', IDENT, '/*!'}
line 171:30 mismatched input '=' expecting {'(', '{'}
line 173:38 mismatched input '}' expecting {'(', '{'}
line 179:14 mismatched input '\ifExintVar' expecting {MODALITY, FORALL, EXISTS, '\if', '\ifEx', 'true', 'false', '(', '{', '@', NOT, SEQARROW, '-', STRING_LITERAL, CHAR_LITERAL, BIN_LITERAL, HEX_LITERAL, IDENT, INT_LITERAL, FLOAT_LITERAL, DOUBLE_LITERAL, REAL_LITERAL}
line 179:27 extraneous input '(' expecting {'\lemma', '}', IDENT, '/*!'}
line 179:32 mismatched input '&amp;' expecting {'(', '{'}
line 181:42 mismatched input '}' expecting {'(', '{'}
line 182:39 mismatched input '}' expecting {'(', '{'}
line 188:14 mismatched input '\ifExintVar' expecting {MODALITY, FORALL, EXISTS, '\if', '\ifEx', 'true', 'false', '(', '{', '@', NOT, SEQARROW, '-', STRING_LITERAL, CHAR_LITERAL, BIN_LITERAL, HEX_LITERAL, IDENT, INT_LITERAL, FLOAT_LITERAL, DOUBLE_LITERAL, REAL_LITERAL}
line 188:27 extraneous input '(' expecting {'\lemma', '}', IDENT, '/*!'}
line 188:32 mismatched input '&amp;' expecting {'(', '{'}
line 190:42 mismatched input '}' expecting {'(', '{'}
line 191:39 mismatched input '}' expecting {'(', '{'}
line 198:14 mismatched input '\ifExintVar' expecting {MODALITY, FORALL, EXISTS, '\if', '\ifEx', 'true', 'false', '(', '{', '@', NOT, SEQARROW, '-', STRING_LITERAL, CHAR_LITERAL, BIN_LITERAL, HEX_LITERAL, IDENT, INT_LITERAL, FLOAT_LITERAL, DOUBLE_LITERAL, REAL_LITERAL}
line 198:27 extraneous input '(' expecting {'\lemma', '}', IDENT, '/*!'}
line 198:32 mismatched input '&amp;' expecting {'(', '{'}
line 200:42 mismatched input '}' expecting {'(', '{'}
line 201:39 mismatched input '}' expecting {'(', '{'}
line 208:14 mismatched input '\ifExintVar' expecting {MODALITY, FORALL, EXISTS, '\if', '\ifEx', 'true', 'false', '(', '{', '@', NOT, SEQARROW, '-', STRING_LITERAL, CHAR_LITERAL, BIN_LITERAL, HEX_LITERAL, IDENT, INT_LITERAL, FLOAT_LITERAL, DOUBLE_LITERAL, REAL_LITERAL}
line 208:27 extraneous input '(' expecting {'\lemma', '}', IDENT, '/*!'}
line 208:32 mismatched input '&amp;' expecting {'(', '{'}
line 210:42 mismatched input '}' expecting {'(', '{'}
line 211:39 mismatched input '}' expecting {'(', '{'}
line 218:14 mismatched input '\ifExintVar' expecting {MODALITY, FORALL, EXISTS, '\if', '\ifEx', 'true', 'false', '(', '{', '@', NOT, SEQARROW, '-', STRING_LITERAL, CHAR_LITERAL, BIN_LITERAL, HEX_LITERAL, IDENT, INT_LITERAL, FLOAT_LITERAL, DOUBLE_LITERAL, REAL_LITERAL}
line 218:27 extraneous input '(' expecting {'\lemma', '}', IDENT, '/*!'}
line 218:31 mismatched input ')' expecting {'(', '{'}
line 220:44 mismatched input ')' expecting {'(', '{'}
line 225:14 mismatched input '\ifExintVar' expecting {MODALITY, FORALL, EXISTS, '\if', '\ifEx', 'true', 'false', '(', '{', '@', NOT, SEQARROW, '-', STRING_LITERAL, CHAR_LITERAL, BIN_LITERAL, HEX_LITERAL, IDENT, INT_LITERAL, FLOAT_LITERAL, DOUBLE_LITERAL, REAL_LITERAL}
line 225:27 extraneous input '(' expecting {'\lemma', '}', IDENT, '/*!'}
line 225:31 mismatched input ')' expecting {'(', '{'}
line 227:44 mismatched input ')' expecting {'(', '{'}
line 233:14 mismatched input '\ifExintVar' expecting {MODALITY, FORALL, EXISTS, '\if', '\ifEx', 'true', 'false', '(', '{', '@', NOT, SEQARROW, '-', STRING_LITERAL, CHAR_LITERAL, BIN_LITERAL, HEX_LITERAL, IDENT, INT_LITERAL, FLOAT_LITERAL, DOUBLE_LITERAL, REAL_LITERAL}
line 233:27 extraneous input '(' expecting {'\lemma', '}', IDENT, '/*!'}
line 233:31 mismatched input ')' expecting {'(', '{'}
line 237:42 mismatched input '}' expecting {'(', '{'}
line 238:34 mismatched input '}' expecting {'(', '{'}
line 239:28 extraneous input '(' expecting {'\lemma', '}', IDENT, '/*!'}
line 239:33 mismatched input '-&gt;' expecting {'(', '{'}
line 240:8 extraneous input '\replacewith' expecting {'\lemma', '}', IDENT, '/*!'}
line 240:25 mismatched input ')' expecting {'(', '{'}
line 240:56 mismatched input ')' expecting {'(', '{'}
line 245:14 mismatched input '\ifExintVar' expecting {MODALITY, FORALL, EXISTS, '\if', '\ifEx', 'true', 'false', '(', '{', '@', NOT, SEQARROW, '-', STRING_LITERAL, CHAR_LITERAL, BIN_LITERAL, HEX_LITERAL, IDENT, INT_LITERAL, FLOAT_LITERAL, DOUBLE_LITERAL, REAL_LITERAL}
line 245:27 extraneous input '(' expecting {'\lemma', '}', IDENT, '/*!'}
line 245:31 mismatched input ')' expecting {'(', '{'}
line 248:45 mismatched input '}' expecting {'(', '{'}
line 249:8 extraneous input '\replacewith' expecting {'\lemma', '}', IDENT, '/*!'}
line 249:38 mismatched input ')' expecting {'(', '{'}
line 250:42 mismatched input '}' expecting {'(', '{'}
line 251:28 extraneous input '(' expecting {'\lemma', '}', IDENT, '/*!'}
line 251:33 mismatched input '-&gt;' expecting {'(', '{'}
line 255:14 mismatched input '\ifExintVar' expecting {MODALITY, FORALL, EXISTS, '\if', '\ifEx', 'true', 'false', '(', '{', '@', NOT, SEQARROW, '-', STRING_LITERAL, CHAR_LITERAL, BIN_LITERAL, HEX_LITERAL, IDENT, INT_LITERAL, FLOAT_LITERAL, DOUBLE_LITERAL, REAL_LITERAL}
line 255:27 extraneous input '(' expecting {'\lemma', '}', IDENT, '/*!'}
line 255:31 mismatched input ')' expecting {'(', '{'}
line 258:52 extraneous input '0' expecting {'\lemma', '}', IDENT, '/*!'}
line 258:54 mismatched input 'then' expecting {&lt;EOF&gt;, '\problem', '\chooseContract', '\proofObligation', '\proof'}
 (file: src/test/resources/testcase/termLabels/flatSteps/FlatSteps.java; caused by: de.uka.ilkd.key.proof.init.ProofInputException: line 135:14 mismatched input '\ifExintVar' expecting {MODALITY, FORALL, EXISTS, '\if', '\ifEx', 'true', 'false', '(', '{', '@', NOT, SEQARROW, '-', STRING_LITERAL, CHAR_LITERAL, BIN_LITERAL, HEX_LITERAL, IDENT, INT_LITERAL, FLOAT_LITERAL, DOUBLE_LITERAL, REAL_LITERAL}
line 135:27 extraneous input '(' expecting {'\lemma', '}', IDENT, '/*!'}
line 135:44 mismatched input ')' expecting {'(', '{'}
line 141:14 mismatched input '\ifExintVar' expecting {MODALITY, FORALL, EXISTS, '\if', '\ifEx', 'true', 'false', '(', '{', '@', NOT, SEQARROW, '-', STRING_LITERAL, CHAR_LITERAL, BIN_LITERAL, HEX_LITERAL, IDENT, INT_LITERAL, FLOAT_LITERAL, DOUBLE_LITERAL, REAL_LITERAL}
line 141:27 extraneous input '(' expecting {'\lemma', '}', IDENT, '/*!'}
line 141:41 mismatched input ')' expecting {'(', '{'}
line 148:14 mismatched input '\ifExintVar' expecting {MODALITY, FORALL, EXISTS, '\if', '\ifEx', 'true', 'false', '(', '{', '@', NOT, SEQARROW, '-', STRING_LITERAL, CHAR_LITERAL, BIN_LITERAL, HEX_LITERAL, IDENT, INT_LITERAL, FLOAT_LITERAL, DOUBLE_LITERAL, REAL_LITERAL}
line 148:27 extraneous input '(' expecting {'\lemma', '}', IDENT, '/*!'}
line 148:35 mismatched input '=' expecting {'(', '{'}
line 150:38 mismatched input '}' expecting {'(', '{'}
line 155:14 mismatched input '\ifExintVar' expecting {MODALITY, FORALL, EXISTS, '\if', '\ifEx', 'true', 'false', '(', '{', '@', NOT, SEQARROW, '-', STRING_LITERAL, CHAR_LITERAL, BIN_LITERAL, HEX_LITERAL, IDENT, INT_LITERAL, FLOAT_LITERAL, DOUBLE_LITERAL, REAL_LITERAL}
line 155:27 extraneous input '(' expecting {'\lemma', '}', IDENT, '/*!'}
line 155:35 mismatched input '=' expecting {'(', '{'}
line 157:38 mismatched input '}' expecting {'(', '{'}
line 163:14 mismatched input '\ifExintVar' expecting {MODALITY, FORALL, EXISTS, '\if', '\ifEx', 'true', 'false', '(', '{', '@', NOT, SEQARROW, '-', STRING_LITERAL, CHAR_LITERAL, BIN_LITERAL, HEX_LITERAL, IDENT, INT_LITERAL, FLOAT_LITERAL, DOUBLE_LITERAL, REAL_LITERAL}
line 163:27 extraneous input '(' expecting {'\lemma', '}', IDENT, '/*!'}
line 163:30 mismatched input '=' expecting {'(', '{'}
line 165:38 mismatched input '}' expecting {'(', '{'}
line 171:14 mismatched input '\ifExintVar' expecting {MODALITY, FORALL, EXISTS, '\if', '\ifEx', 'true', 'false', '(', '{', '@', NOT, SEQARROW, '-', STRING_LITERAL, CHAR_LITERAL, BIN_LITERAL, HEX_LITERAL, IDENT, INT_LITERAL, FLOAT_LITERAL, DOUBLE_LITERAL, REAL_LITERAL}
line 171:27 extraneous input '(' expecting {'\lemma', '}', IDENT, '/*!'}
line 171:30 mismatched input '=' expecting {'(', '{'}
line 173:38 mismatched input '}' expecting {'(', '{'}
line 179:14 mismatched input '\ifExintVar' expecting {MODALITY, FORALL, EXISTS, '\if', '\ifEx', 'true', 'false', '(', '{', '@', NOT, SEQARROW, '-', STRING_LITERAL, CHAR_LITERAL, BIN_LITERAL, HEX_LITERAL, IDENT, INT_LITERAL, FLOAT_LITERAL, DOUBLE_LITERAL, REAL_LITERAL}
line 179:27 extraneous input '(' expecting {'\lemma', '}', IDENT, '/*!'}
line 179:32 mismatched input '&amp;' expecting {'(', '{'}
line 181:42 mismatched input '}' expecting {'(', '{'}
line 182:39 mismatched input '}' expecting {'(', '{'}
line 188:14 mismatched input '\ifExintVar' expecting {MODALITY, FORALL, EXISTS, '\if', '\ifEx', 'true', 'false', '(', '{', '@', NOT, SEQARROW, '-', STRING_LITERAL, CHAR_LITERAL, BIN_LITERAL, HEX_LITERAL, IDENT, INT_LITERAL, FLOAT_LITERAL, DOUBLE_LITERAL, REAL_LITERAL}
line 188:27 extraneous input '(' expecting {'\lemma', '}', IDENT, '/*!'}
line 188:32 mismatched input '&amp;' expecting {'(', '{'}
line 190:42 mismatched input '}' expecting {'(', '{'}
line 191:39 mismatched input '}' expecting {'(', '{'}
line 198:14 mismatched input '\ifExintVar' expecting {MODALITY, FORALL, EXISTS, '\if', '\ifEx', 'true', 'false', '(', '{', '@', NOT, SEQARROW, '-', STRING_LITERAL, CHAR_LITERAL, BIN_LITERAL, HEX_LITERAL, IDENT, INT_LITERAL, FLOAT_LITERAL, DOUBLE_LITERAL, REAL_LITERAL}
line 198:27 extraneous input '(' expecting {'\lemma', '}', IDENT, '/*!'}
line 198:32 mismatched input '&amp;' expecting {'(', '{'}
line 200:42 mismatched input '}' expecting {'(', '{'}
line 201:39 mismatched input '}' expecting {'(', '{'}
line 208:14 mismatched input '\ifExintVar' expecting {MODALITY, FORALL, EXISTS, '\if', '\ifEx', 'true', 'false', '(', '{', '@', NOT, SEQARROW, '-', STRING_LITERAL, CHAR_LITERAL, BIN_LITERAL, HEX_LITERAL, IDENT, INT_LITERAL, FLOAT_LITERAL, DOUBLE_LITERAL, REAL_LITERAL}
line 208:27 extraneous input '(' expecting {'\lemma', '}', IDENT, '/*!'}
line 208:32 mismatched input '&amp;' expecting {'(', '{'}
line 210:42 mismatched input '}' expecting {'(', '{'}
line 211:39 mismatched input '}' expecting {'(', '{'}
line 218:14 mismatched input '\ifExintVar' expecting {MODALITY, FORALL, EXISTS, '\if', '\ifEx', 'true', 'false', '(', '{', '@', NOT, SEQARROW, '-', STRING_LITERAL, CHAR_LITERAL, BIN_LITERAL, HEX_LITERAL, IDENT, INT_LITERAL, FLOAT_LITERAL, DOUBLE_LITERAL, REAL_LITERAL}
line 218:27 extraneous input '(' expecting {'\lemma', '}', IDENT, '/*!'}
line 218:31 mismatched input ')' expecting {'(', '{'}
line 220:44 mismatched input ')' expecting {'(', '{'}
line 225:14 mismatched input '\ifExintVar' expecting {MODALITY, FORALL, EXISTS, '\if', '\ifEx', 'true', 'false', '(', '{', '@', NOT, SEQARROW, '-', STRING_LITERAL, CHAR_LITERAL, BIN_LITERAL, HEX_LITERAL, IDENT, INT_LITERAL, FLOAT_LITERAL, DOUBLE_LITERAL, REAL_LITERAL}
line 225:27 extraneous input '(' expecting {'\lemma', '}', IDENT, '/*!'}
line 225:31 mismatched input ')' expecting {'(', '{'}
line 227:44 mismatched input ')' expecting {'(', '{'}
line 233:14 mismatched input '\ifExintVar' expecting {MODALITY, FORALL, EXISTS, '\if', '\ifEx', 'true', 'false', '(', '{', '@', NOT, SEQARROW, '-', STRING_LITERAL, CHAR_LITERAL, BIN_LITERAL, HEX_LITERAL, IDENT, INT_LITERAL, FLOAT_LITERAL, DOUBLE_LITERAL, REAL_LITERAL}
line 233:27 extraneous input '(' expecting {'\lemma', '}', IDENT, '/*!'}
line 233:31 mismatched input ')' expecting {'(', '{'}
line 237:42 mismatched input '}' expecting {'(', '{'}
line 238:34 mismatched input '}' expecting {'(', '{'}
line 239:28 extraneous input '(' expecting {'\lemma', '}', IDENT, '/*!'}
line 239:33 mismatched input '-&gt;' expecting {'(', '{'}
line 240:8 extraneous input '\replacewith' expecting {'\lemma', '}', IDENT, '/*!'}
line 240:25 mismatched input ')' expecting {'(', '{'}
line 240:56 mismatched input ')' expecting {'(', '{'}
line 245:14 mismatched input '\ifExintVar' expecting {MODALITY, FORALL, EXISTS, '\if', '\ifEx', 'true', 'false', '(', '{', '@', NOT, SEQARROW, '-', STRING_LITERAL, CHAR_LITERAL, BIN_LITERAL, HEX_LITERAL, IDENT, INT_LITERAL, FLOAT_LITERAL, DOUBLE_LITERAL, REAL_LITERAL}
line 245:27 extraneous input '(' expecting {'\lemma', '}', IDENT, '/*!'}
line 245:31 mismatched input ')' expecting {'(', '{'}
line 248:45 mismatched input '}' expecting {'(', '{'}
line 249:8 extraneous input '\replacewith' expecting {'\lemma', '}', IDENT, '/*!'}
line 249:38 mismatched input ')' expecting {'(', '{'}
line 250:42 mismatched input '}' expecting {'(', '{'}
line 251:28 extraneous input '(' expecting {'\lemma', '}', IDENT, '/*!'}
line 251:33 mismatched input '-&gt;' expecting {'(', '{'}
line 255:14 mismatched input '\ifExintVar' expecting {MODALITY, FORALL, EXISTS, '\if', '\ifEx', 'true', 'false', '(', '{', '@', NOT, SEQARROW, '-', STRING_LITERAL, CHAR_LITERAL, BIN_LITERAL, HEX_LITERAL, IDENT, INT_LITERAL, FLOAT_LITERAL, DOUBLE_LITERAL, REAL_LITERAL}
line 255:27 extraneous input '(' expecting {'\lemma', '}', IDENT, '/*!'}
line 255:31 mismatched input ')' expecting {'(', '{'}
line 258:52 extraneous input '0' expecting {'\lemma', '}', IDENT, '/*!'}
line 258:54 mismatched input 'then' expecting {&lt;EOF&gt;, '\problem', '\chooseContract', '\proofObligation', '\proof'}
)
	at app//de.uka.ilkd.key.control.AbstractUserInterfaceControl.load(AbstractUserInterfaceControl.java:221)
	at app//de.uka.ilkd.key.control.KeYEnvironment.load(KeYEnvironment.java:251)
	at app//de.uka.ilkd.key.control.KeYEnvironment.load(KeYEnvironment.java:224)
	at app//de.uka.ilkd.key.control.KeYEnvironment.load(KeYEnvironment.java:184)
	at app//de.uka.ilkd.key.logic.TestTermLabelManager.createTestServices(TestTermLabelManager.java:624)
	at app//de.uka.ilkd.key.logic.TestTermLabelManager.doRefactoringTestLogging(TestTermLabelManager.java:106)
	at app//de.uka.ilkd.key.logic.TestTermLabelManager.testrefactorGoal_childrenAndGrandchildren_ruleSpecific(TestTermLabelManager.java:52)
	at java.base@11.0.18/jdk.internal.reflect.NativeMethodAccessorImpl.invoke0(Native Method)
	at java.base@11.0.18/jdk.internal.reflect.NativeMethodAccessorImpl.invoke(NativeMethodAccessorImpl.java:62)
	at java.base@11.0.18/jdk.internal.reflect.DelegatingMethodAccessorImpl.invoke(DelegatingMethodAccessorImpl.java:43)
	at java.base@11.0.18/java.lang.reflect.Method.invoke(Method.java:566)
	at app//org.junit.platform.commons.util.ReflectionUtils.invokeMethod(ReflectionUtils.java:725)
	at app//org.junit.jupiter.engine.execution.MethodInvocation.proceed(MethodInvocation.java:60)
	at app//org.junit.jupiter.engine.execution.InvocationInterceptorChain$ValidatingInvocation.proceed(InvocationInterceptorChain.java:131)
	at app//org.junit.jupiter.engine.extension.TimeoutExtension.intercept(TimeoutExtension.java:149)
	at app//org.junit.jupiter.engine.extension.TimeoutExtension.interceptTestableMethod(TimeoutExtension.java:140)
	at app//org.junit.jupiter.engine.extension.TimeoutExtension.interceptTestMethod(TimeoutExtension.java:84)
	at app//org.junit.jupiter.engine.execution.ExecutableInvoker$ReflectiveInterceptorCall.lambda$ofVoidMethod$0(ExecutableInvoker.java:115)
	at app//org.junit.jupiter.engine.execution.ExecutableInvoker.lambda$invoke$0(ExecutableInvoker.java:105)
	at app//org.junit.jupiter.engine.execution.InvocationInterceptorChain$InterceptedInvocation.proceed(InvocationInterceptorChain.java:106)
	at app//org.junit.jupiter.engine.execution.InvocationInterceptorChain.proceed(InvocationInterceptorChain.java:64)
	at app//org.junit.jupiter.engine.execution.InvocationInterceptorChain.chainAndInvoke(InvocationInterceptorChain.java:45)
	at app//org.junit.jupiter.engine.execution.InvocationInterceptorChain.invoke(InvocationInterceptorChain.java:37)
	at app//org.junit.jupiter.engine.execution.ExecutableInvoker.invoke(ExecutableInvoker.java:104)
	at app//org.junit.jupiter.engine.execution.ExecutableInvoker.invoke(ExecutableInvoker.java:98)
	at app//org.junit.jupiter.engine.descriptor.TestMethodTestDescriptor.lambda$invokeTestMethod$7(TestMethodTestDescriptor.java:214)
	at app//org.junit.platform.engine.support.hierarchical.ThrowableCollector.execute(ThrowableCollector.java:73)
	at app//org.junit.jupiter.engine.descriptor.TestMethodTestDescriptor.invokeTestMethod(TestMethodTestDescriptor.java:210)
	at app//org.junit.jupiter.engine.descriptor.TestMethodTestDescriptor.execute(TestMethodTestDescriptor.java:135)
	at app//org.junit.jupiter.engine.descriptor.TestMethodTestDescriptor.execute(TestMethodTestDescriptor.java:66)
	at app//org.junit.platform.engine.support.hierarchical.NodeTestTask.lambda$executeRecursively$6(NodeTestTask.java:151)
	at app//org.junit.platform.engine.support.hierarchical.ThrowableCollector.execute(ThrowableCollector.java:73)
	at app//org.junit.platform.engine.support.hierarchical.NodeTestTask.lambda$executeRecursively$8(NodeTestTask.java:141)
	at app//org.junit.platform.engine.support.hierarchical.Node.around(Node.java:137)
	at app//org.junit.platform.engine.support.hierarchical.NodeTestTask.lambda$executeRecursively$9(NodeTestTask.java:139)
	at app//org.junit.platform.engine.support.hierarchical.ThrowableCollector.execute(ThrowableCollector.java:73)
	at app//org.junit.platform.engine.support.hierarchical.NodeTestTask.executeRecursively(NodeTestTask.java:138)
	at app//org.junit.platform.engine.support.hierarchical.NodeTestTask.execute(NodeTestTask.java:95)
	at java.base@11.0.18/java.util.ArrayList.forEach(ArrayList.java:1541)
	at app//org.junit.platform.engine.support.hierarchical.SameThreadHierarchicalTestExecutorService.invokeAll(SameThreadHierarchicalTestExecutorService.java:41)
	at app//org.junit.platform.engine.support.hierarchical.NodeTestTask.lambda$executeRecursively$6(NodeTestTask.java:155)
	at app//org.junit.platform.engine.support.hierarchical.ThrowableCollector.execute(ThrowableCollector.java:73)
	at app//org.junit.platform.engine.support.hierarchical.NodeTestTask.lambda$executeRecursively$8(NodeTestTask.java:141)
	at app//org.junit.platform.engine.support.hierarchical.Node.around(Node.java:137)
	at app//org.junit.platform.engine.support.hierarchical.NodeTestTask.lambda$executeRecursively$9(NodeTestTask.java:139)
	at app//org.junit.platform.engine.support.hierarchical.ThrowableCollector.execute(ThrowableCollector.java:73)
	at app//org.junit.platform.engine.support.hierarchical.NodeTestTask.executeRecursively(NodeTestTask.java:138)
	at app//org.junit.platform.engine.support.hierarchical.NodeTestTask.execute(NodeTestTask.java:95)
	at java.base@11.0.18/java.util.ArrayList.forEach(ArrayList.java:1541)
	at app//org.junit.platform.engine.support.hierarchical.SameThreadHierarchicalTestExecutorService.invokeAll(SameThreadHierarchicalTestExecutorService.java:41)
	at app//org.junit.platform.engine.support.hierarchical.NodeTestTask.lambda$executeRecursively$6(NodeTestTask.java:155)
	at app//org.junit.platform.engine.support.hierarchical.ThrowableCollector.execute(ThrowableCollector.java:73)
	at app//org.junit.platform.engine.support.hierarchical.NodeTestTask.lambda$executeRecursively$8(NodeTestTask.java:141)
	at app//org.junit.platform.engine.support.hierarchical.Node.around(Node.java:137)
	at app//org.junit.platform.engine.support.hierarchical.NodeTestTask.lambda$executeRecursively$9(NodeTestTask.java:139)
	at app//org.junit.platform.engine.support.hierarchical.ThrowableCollector.execute(ThrowableCollector.java:73)
	at app//org.junit.platform.engine.support.hierarchical.NodeTestTask.executeRecursively(NodeTestTask.java:138)
	at app//org.junit.platform.engine.support.hierarchical.NodeTestTask.execute(NodeTestTask.java:95)
	at app//org.junit.platform.engine.support.hierarchical.SameThreadHierarchicalTestExecutorService.submit(SameThreadHierarchicalTestExecutorService.java:35)
	at app//org.junit.platform.engine.support.hierarchical.HierarchicalTestExecutor.execute(HierarchicalTestExecutor.java:57)
	at app//org.junit.platform.engine.support.hierarchical.HierarchicalTestEngine.execute(HierarchicalTestEngine.java:54)
	at org.junit.platform.launcher.core.EngineExecutionOrchestrator.execute(EngineExecutionOrchestrator.java:107)
	at org.junit.platform.launcher.core.EngineExecutionOrchestrator.execute(EngineExecutionOrchestrator.java:88)
	at org.junit.platform.launcher.core.EngineExecutionOrchestrator.lambda$execute$0(EngineExecutionOrchestrator.java:54)
	at org.junit.platform.launcher.core.EngineExecutionOrchestrator.withInterceptedStreams(EngineExecutionOrchestrator.java:67)
	at org.junit.platform.launcher.core.EngineExecutionOrchestrator.execute(EngineExecutionOrchestrator.java:52)
	at org.junit.platform.launcher.core.DefaultLauncher.execute(DefaultLauncher.java:114)
	at org.junit.platform.launcher.core.DefaultLauncher.execute(DefaultLauncher.java:86)
	at org.junit.platform.launcher.core.DefaultLauncherSession$DelegatingLauncher.execute(DefaultLauncherSession.java:86)
	at org.junit.platform.launcher.core.SessionPerRequestLauncher.execute(SessionPerRequestLauncher.java:53)
	at org.gradle.api.internal.tasks.testing.junitplatform.JUnitPlatformTestClassProcessor$CollectAllTestClassesExecutor.processAllTestClasses(JUnitPlatformTestClassProcessor.java:99)
	at org.gradle.api.internal.tasks.testing.junitplatform.JUnitPlatformTestClassProcessor$CollectAllTestClassesExecutor.access$000(JUnitPlatformTestClassProcessor.java:79)
	at org.gradle.api.internal.tasks.testing.junitplatform.JUnitPlatformTestClassProcessor.stop(JUnitPlatformTestClassProcessor.java:75)
	at org.gradle.api.internal.tasks.testing.SuiteTestClassProcessor.stop(SuiteTestClassProcessor.java:62)
	at java.base@11.0.18/jdk.internal.reflect.NativeMethodAccessorImpl.invoke0(Native Method)
	at java.base@11.0.18/jdk.internal.reflect.NativeMethodAccessorImpl.invoke(NativeMethodAccessorImpl.java:62)
	at java.base@11.0.18/jdk.internal.reflect.DelegatingMethodAccessorImpl.invoke(DelegatingMethodAccessorImpl.java:43)
	at java.base@11.0.18/java.lang.reflect.Method.invoke(Method.java:566)
	at org.gradle.internal.dispatch.ReflectionDispatch.dispatch(ReflectionDispatch.java:36)
	at org.gradle.internal.dispatch.ReflectionDispatch.dispatch(ReflectionDispatch.java:24)
	at org.gradle.internal.dispatch.ContextClassLoaderDispatch.dispatch(ContextClassLoaderDispatch.java:33)
	at org.gradle.internal.dispatch.ProxyDispatchAdapter$DispatchingInvocationHandler.invoke(ProxyDispatchAdapter.java:94)
	at com.sun.proxy.$Proxy2.stop(Unknown Source)
	at org.gradle.api.internal.tasks.testing.worker.TestWorker$3.run(TestWorker.java:193)
	at org.gradle.api.internal.tasks.testing.worker.TestWorker.executeAndMaintainThreadName(TestWorker.java:129)
	at org.gradle.api.internal.tasks.testing.worker.TestWorker.execute(TestWorker.java:100)
	at org.gradle.api.internal.tasks.testing.worker.TestWorker.execute(TestWorker.java:60)
	at org.gradle.process.internal.worker.child.ActionExecutionWorker.execute(ActionExecutionWorker.java:56)
	at org.gradle.process.internal.worker.child.SystemApplicationClassLoaderWorker.call(SystemApplicationClassLoaderWorker.java:113)
	at org.gradle.process.internal.worker.child.SystemApplicationClassLoaderWorker.call(SystemApplicationClassLoaderWorker.java:65)
	at app//worker.org.gradle.process.internal.worker.GradleWorkerMain.run(GradleWorkerMain.java:69)
	at app//worker.org.gradle.process.internal.worker.GradleWorkerMain.main(GradleWorkerMain.java:74)
Caused by: de.uka.ilkd.key.proof.init.ProofInputException: line 135:14 mismatched input '\ifExintVar' expecting {MODALITY, FORALL, EXISTS, '\if', '\ifEx', 'true', 'false', '(', '{', '@', NOT, SEQARROW, '-', STRING_LITERAL, CHAR_LITERAL, BIN_LITERAL, HEX_LITERAL, IDENT, INT_LITERAL, FLOAT_LITERAL, DOUBLE_LITERAL, REAL_LITERAL}
line 135:27 extraneous input '(' expecting {'\lemma', '}', IDENT, '/*!'}
line 135:44 mismatched input ')' expecting {'(', '{'}
line 141:14 mismatched input '\ifExintVar' expecting {MODALITY, FORALL, EXISTS, '\if', '\ifEx', 'true', 'false', '(', '{', '@', NOT, SEQARROW, '-', STRING_LITERAL, CHAR_LITERAL, BIN_LITERAL, HEX_LITERAL, IDENT, INT_LITERAL, FLOAT_LITERAL, DOUBLE_LITERAL, REAL_LITERAL}
line 141:27 extraneous input '(' expecting {'\lemma', '}', IDENT, '/*!'}
line 141:41 mismatched input ')' expecting {'(', '{'}
line 148:14 mismatched input '\ifExintVar' expecting {MODALITY, FORALL, EXISTS, '\if', '\ifEx', 'true', 'false', '(', '{', '@', NOT, SEQARROW, '-', STRING_LITERAL, CHAR_LITERAL, BIN_LITERAL, HEX_LITERAL, IDENT, INT_LITERAL, FLOAT_LITERAL, DOUBLE_LITERAL, REAL_LITERAL}
line 148:27 extraneous input '(' expecting {'\lemma', '}', IDENT, '/*!'}
line 148:35 mismatched input '=' expecting {'(', '{'}
line 150:38 mismatched input '}' expecting {'(', '{'}
line 155:14 mismatched input '\ifExintVar' expecting {MODALITY, FORALL, EXISTS, '\if', '\ifEx', 'true', 'false', '(', '{', '@', NOT, SEQARROW, '-', STRING_LITERAL, CHAR_LITERAL, BIN_LITERAL, HEX_LITERAL, IDENT, INT_LITERAL, FLOAT_LITERAL, DOUBLE_LITERAL, REAL_LITERAL}
line 155:27 extraneous input '(' expecting {'\lemma', '}', IDENT, '/*!'}
line 155:35 mismatched input '=' expecting {'(', '{'}
line 157:38 mismatched input '}' expecting {'(', '{'}
line 163:14 mismatched input '\ifExintVar' expecting {MODALITY, FORALL, EXISTS, '\if', '\ifEx', 'true', 'false', '(', '{', '@', NOT, SEQARROW, '-', STRING_LITERAL, CHAR_LITERAL, BIN_LITERAL, HEX_LITERAL, IDENT, INT_LITERAL, FLOAT_LITERAL, DOUBLE_LITERAL, REAL_LITERAL}
line 163:27 extraneous input '(' expecting {'\lemma', '}', IDENT, '/*!'}
line 163:30 mismatched input '=' expecting {'(', '{'}
line 165:38 mismatched input '}' expecting {'(', '{'}
line 171:14 mismatched input '\ifExintVar' expecting {MODALITY, FORALL, EXISTS, '\if', '\ifEx', 'true', 'false', '(', '{', '@', NOT, SEQARROW, '-', STRING_LITERAL, CHAR_LITERAL, BIN_LITERAL, HEX_LITERAL, IDENT, INT_LITERAL, FLOAT_LITERAL, DOUBLE_LITERAL, REAL_LITERAL}
line 171:27 extraneous input '(' expecting {'\lemma', '}', IDENT, '/*!'}
line 171:30 mismatched input '=' expecting {'(', '{'}
line 173:38 mismatched input '}' expecting {'(', '{'}
line 179:14 mismatched input '\ifExintVar' expecting {MODALITY, FORALL, EXISTS, '\if', '\ifEx', 'true', 'false', '(', '{', '@', NOT, SEQARROW, '-', STRING_LITERAL, CHAR_LITERAL, BIN_LITERAL, HEX_LITERAL, IDENT, INT_LITERAL, FLOAT_LITERAL, DOUBLE_LITERAL, REAL_LITERAL}
line 179:27 extraneous input '(' expecting {'\lemma', '}', IDENT, '/*!'}
line 179:32 mismatched input '&amp;' expecting {'(', '{'}
line 181:42 mismatched input '}' expecting {'(', '{'}
line 182:39 mismatched input '}' expecting {'(', '{'}
line 188:14 mismatched input '\ifExintVar' expecting {MODALITY, FORALL, EXISTS, '\if', '\ifEx', 'true', 'false', '(', '{', '@', NOT, SEQARROW, '-', STRING_LITERAL, CHAR_LITERAL, BIN_LITERAL, HEX_LITERAL, IDENT, INT_LITERAL, FLOAT_LITERAL, DOUBLE_LITERAL, REAL_LITERAL}
line 188:27 extraneous input '(' expecting {'\lemma', '}', IDENT, '/*!'}
line 188:32 mismatched input '&amp;' expecting {'(', '{'}
line 190:42 mismatched input '}' expecting {'(', '{'}
line 191:39 mismatched input '}' expecting {'(', '{'}
line 198:14 mismatched input '\ifExintVar' expecting {MODALITY, FORALL, EXISTS, '\if', '\ifEx', 'true', 'false', '(', '{', '@', NOT, SEQARROW, '-', STRING_LITERAL, CHAR_LITERAL, BIN_LITERAL, HEX_LITERAL, IDENT, INT_LITERAL, FLOAT_LITERAL, DOUBLE_LITERAL, REAL_LITERAL}
line 198:27 extraneous input '(' expecting {'\lemma', '}', IDENT, '/*!'}
line 198:32 mismatched input '&amp;' expecting {'(', '{'}
line 200:42 mismatched input '}' expecting {'(', '{'}
line 201:39 mismatched input '}' expecting {'(', '{'}
line 208:14 mismatched input '\ifExintVar' expecting {MODALITY, FORALL, EXISTS, '\if', '\ifEx', 'true', 'false', '(', '{', '@', NOT, SEQARROW, '-', STRING_LITERAL, CHAR_LITERAL, BIN_LITERAL, HEX_LITERAL, IDENT, INT_LITERAL, FLOAT_LITERAL, DOUBLE_LITERAL, REAL_LITERAL}
line 208:27 extraneous input '(' expecting {'\lemma', '}', IDENT, '/*!'}
line 208:32 mismatched input '&amp;' expecting {'(', '{'}
line 210:42 mismatched input '}' expecting {'(', '{'}
line 211:39 mismatched input '}' expecting {'(', '{'}
line 218:14 mismatched input '\ifExintVar' expecting {MODALITY, FORALL, EXISTS, '\if', '\ifEx', 'true', 'false', '(', '{', '@', NOT, SEQARROW, '-', STRING_LITERAL, CHAR_LITERAL, BIN_LITERAL, HEX_LITERAL, IDENT, INT_LITERAL, FLOAT_LITERAL, DOUBLE_LITERAL, REAL_LITERAL}
line 218:27 extraneous input '(' expecting {'\lemma', '}', IDENT, '/*!'}
line 218:31 mismatched input ')' expecting {'(', '{'}
line 220:44 mismatched input ')' expecting {'(', '{'}
line 225:14 mismatched input '\ifExintVar' expecting {MODALITY, FORALL, EXISTS, '\if', '\ifEx', 'true', 'false', '(', '{', '@', NOT, SEQARROW, '-', STRING_LITERAL, CHAR_LITERAL, BIN_LITERAL, HEX_LITERAL, IDENT, INT_LITERAL, FLOAT_LITERAL, DOUBLE_LITERAL, REAL_LITERAL}
line 225:27 extraneous input '(' expecting {'\lemma', '}', IDENT, '/*!'}
line 225:31 mismatched input ')' expecting {'(', '{'}
line 227:44 mismatched input ')' expecting {'(', '{'}
line 233:14 mismatched input '\ifExintVar' expecting {MODALITY, FORALL, EXISTS, '\if', '\ifEx', 'true', 'false', '(', '{', '@', NOT, SEQARROW, '-', STRING_LITERAL, CHAR_LITERAL, BIN_LITERAL, HEX_LITERAL, IDENT, INT_LITERAL, FLOAT_LITERAL, DOUBLE_LITERAL, REAL_LITERAL}
line 233:27 extraneous input '(' expecting {'\lemma', '}', IDENT, '/*!'}
line 233:31 mismatched input ')' expecting {'(', '{'}
line 237:42 mismatched input '}' expecting {'(', '{'}
line 238:34 mismatched input '}' expecting {'(', '{'}
line 239:28 extraneous input '(' expecting {'\lemma', '}', IDENT, '/*!'}
line 239:33 mismatched input '-&gt;' expecting {'(', '{'}
line 240:8 extraneous input '\replacewith' expecting {'\lemma', '}', IDENT, '/*!'}
line 240:25 mismatched input ')' expecting {'(', '{'}
line 240:56 mismatched input ')' expecting {'(', '{'}
line 245:14 mismatched input '\ifExintVar' expecting {MODALITY, FORALL, EXISTS, '\if', '\ifEx', 'true', 'false', '(', '{', '@', NOT, SEQARROW, '-', STRING_LITERAL, CHAR_LITERAL, BIN_LITERAL, HEX_LITERAL, IDENT, INT_LITERAL, FLOAT_LITERAL, DOUBLE_LITERAL, REAL_LITERAL}
line 245:27 extraneous input '(' expecting {'\lemma', '}', IDENT, '/*!'}
line 245:31 mismatched input ')' expecting {'(', '{'}
line 248:45 mismatched input '}' expecting {'(', '{'}
line 249:8 extraneous input '\replacewith' expecting {'\lemma', '}', IDENT, '/*!'}
line 249:38 mismatched input ')' expecting {'(', '{'}
line 250:42 mismatched input '}' expecting {'(', '{'}
line 251:28 extraneous input '(' expecting {'\lemma', '}', IDENT, '/*!'}
line 251:33 mismatched input '-&gt;' expecting {'(', '{'}
line 255:14 mismatched input '\ifExintVar' expecting {MODALITY, FORALL, EXISTS, '\if', '\ifEx', 'true', 'false', '(', '{', '@', NOT, SEQARROW, '-', STRING_LITERAL, CHAR_LITERAL, BIN_LITERAL, HEX_LITERAL, IDENT, INT_LITERAL, FLOAT_LITERAL, DOUBLE_LITERAL, REAL_LITERAL}
line 255:27 extraneous input '(' expecting {'\lemma', '}', IDENT, '/*!'}
line 255:31 mismatched input ')' expecting {'(', '{'}
line 258:52 extraneous input '0' expecting {'\lemma', '}', IDENT, '/*!'}
line 258:54 mismatched input 'then' expecting {&lt;EOF&gt;, '\problem', '\chooseContract', '\proofObligation', '\proof'}

	at app//de.uka.ilkd.key.proof.io.KeYFile.readIncludes(KeYFile.java:210)
	at app//de.uka.ilkd.key.proof.init.ProblemInitializer.readIncludes(ProblemInitializer.java:177)
	at app//de.uka.ilkd.key.proof.init.ProblemInitializer.readEnvInput(ProblemInitializer.java:325)
	at app//de.uka.ilkd.key.proof.init.ProblemInitializer.readIncludes(ProblemInitializer.java:188)
	at app//de.uka.ilkd.key.proof.init.ProblemInitializer.readEnvInput(ProblemInitializer.java:325)
	at app//de.uka.ilkd.key.proof.init.ProblemInitializer.prepare(ProblemInitializer.java:449)
	at app//de.uka.ilkd.key.proof.io.AbstractProblemLoader.createInitConfig(AbstractProblemLoader.java:518)
	at app//de.uka.ilkd.key.proof.io.AbstractProblemLoader.loadEnvironment(AbstractProblemLoader.java:288)
	at app//de.uka.ilkd.key.proof.io.AbstractProblemLoader.load(AbstractProblemLoader.java:252)
	at app//de.uka.ilkd.key.control.AbstractUserInterfaceControl.load(AbstractUserInterfaceControl.java:209)
	... 91 more
Caused by: de.uka.ilkd.key.util.parsing.SyntaxErrorReporter$ParserException: line 135:14 mismatched input '\ifExintVar' expecting {MODALITY, FORALL, EXISTS, '\if', '\ifEx', 'true', 'false', '(', '{', '@', NOT, SEQARROW, '-', STRING_LITERAL, CHAR_LITERAL, BIN_LITERAL, HEX_LITERAL, IDENT, INT_LITERAL, FLOAT_LITERAL, DOUBLE_LITERAL, REAL_LITERAL}
line 135:27 extraneous input '(' expecting {'\lemma', '}', IDENT, '/*!'}
line 135:44 mismatched input ')' expecting {'(', '{'}
line 141:14 mismatched input '\ifExintVar' expecting {MODALITY, FORALL, EXISTS, '\if', '\ifEx', 'true', 'false', '(', '{', '@', NOT, SEQARROW, '-', STRING_LITERAL, CHAR_LITERAL, BIN_LITERAL, HEX_LITERAL, IDENT, INT_LITERAL, FLOAT_LITERAL, DOUBLE_LITERAL, REAL_LITERAL}
line 141:27 extraneous input '(' expecting {'\lemma', '}', IDENT, '/*!'}
line 141:41 mismatched input ')' expecting {'(', '{'}
line 148:14 mismatched input '\ifExintVar' expecting {MODALITY, FORALL, EXISTS, '\if', '\ifEx', 'true', 'false', '(', '{', '@', NOT, SEQARROW, '-', STRING_LITERAL, CHAR_LITERAL, BIN_LITERAL, HEX_LITERAL, IDENT, INT_LITERAL, FLOAT_LITERAL, DOUBLE_LITERAL, REAL_LITERAL}
line 148:27 extraneous input '(' expecting {'\lemma', '}', IDENT, '/*!'}
line 148:35 mismatched input '=' expecting {'(', '{'}
line 150:38 mismatched input '}' expecting {'(', '{'}
line 155:14 mismatched input '\ifExintVar' expecting {MODALITY, FORALL, EXISTS, '\if', '\ifEx', 'true', 'false', '(', '{', '@', NOT, SEQARROW, '-', STRING_LITERAL, CHAR_LITERAL, BIN_LITERAL, HEX_LITERAL, IDENT, INT_LITERAL, FLOAT_LITERAL, DOUBLE_LITERAL, REAL_LITERAL}
line 155:27 extraneous input '(' expecting {'\lemma', '}', IDENT, '/*!'}
line 155:35 mismatched input '=' expecting {'(', '{'}
line 157:38 mismatched input '}' expecting {'(', '{'}
line 163:14 mismatched input '\ifExintVar' expecting {MODALITY, FORALL, EXISTS, '\if', '\ifEx', 'true', 'false', '(', '{', '@', NOT, SEQARROW, '-', STRING_LITERAL, CHAR_LITERAL, BIN_LITERAL, HEX_LITERAL, IDENT, INT_LITERAL, FLOAT_LITERAL, DOUBLE_LITERAL, REAL_LITERAL}
line 163:27 extraneous input '(' expecting {'\lemma', '}', IDENT, '/*!'}
line 163:30 mismatched input '=' expecting {'(', '{'}
line 165:38 mismatched input '}' expecting {'(', '{'}
line 171:14 mismatched input '\ifExintVar' expecting {MODALITY, FORALL, EXISTS, '\if', '\ifEx', 'true', 'false', '(', '{', '@', NOT, SEQARROW, '-', STRING_LITERAL, CHAR_LITERAL, BIN_LITERAL, HEX_LITERAL, IDENT, INT_LITERAL, FLOAT_LITERAL, DOUBLE_LITERAL, REAL_LITERAL}
line 171:27 extraneous input '(' expecting {'\lemma', '}', IDENT, '/*!'}
line 171:30 mismatched input '=' expecting {'(', '{'}
line 173:38 mismatched input '}' expecting {'(', '{'}
line 179:14 mismatched input '\ifExintVar' expecting {MODALITY, FORALL, EXISTS, '\if', '\ifEx', 'true', 'false', '(', '{', '@', NOT, SEQARROW, '-', STRING_LITERAL, CHAR_LITERAL, BIN_LITERAL, HEX_LITERAL, IDENT, INT_LITERAL, FLOAT_LITERAL, DOUBLE_LITERAL, REAL_LITERAL}
line 179:27 extraneous input '(' expecting {'\lemma', '}', IDENT, '/*!'}
line 179:32 mismatched input '&amp;' expecting {'(', '{'}
line 181:42 mismatched input '}' expecting {'(', '{'}
line 182:39 mismatched input '}' expecting {'(', '{'}
line 188:14 mismatched input '\ifExintVar' expecting {MODALITY, FORALL, EXISTS, '\if', '\ifEx', 'true', 'false', '(', '{', '@', NOT, SEQARROW, '-', STRING_LITERAL, CHAR_LITERAL, BIN_LITERAL, HEX_LITERAL, IDENT, INT_LITERAL, FLOAT_LITERAL, DOUBLE_LITERAL, REAL_LITERAL}
line 188:27 extraneous input '(' expecting {'\lemma', '}', IDENT, '/*!'}
line 188:32 mismatched input '&amp;' expecting {'(', '{'}
line 190:42 mismatched input '}' expecting {'(', '{'}
line 191:39 mismatched input '}' expecting {'(', '{'}
line 198:14 mismatched input '\ifExintVar' expecting {MODALITY, FORALL, EXISTS, '\if', '\ifEx', 'true', 'false', '(', '{', '@', NOT, SEQARROW, '-', STRING_LITERAL, CHAR_LITERAL, BIN_LITERAL, HEX_LITERAL, IDENT, INT_LITERAL, FLOAT_LITERAL, DOUBLE_LITERAL, REAL_LITERAL}
line 198:27 extraneous input '(' expecting {'\lemma', '}', IDENT, '/*!'}
line 198:32 mismatched input '&amp;' expecting {'(', '{'}
line 200:42 mismatched input '}' expecting {'(', '{'}
line 201:39 mismatched input '}' expecting {'(', '{'}
line 208:14 mismatched input '\ifExintVar' expecting {MODALITY, FORALL, EXISTS, '\if', '\ifEx', 'true', 'false', '(', '{', '@', NOT, SEQARROW, '-', STRING_LITERAL, CHAR_LITERAL, BIN_LITERAL, HEX_LITERAL, IDENT, INT_LITERAL, FLOAT_LITERAL, DOUBLE_LITERAL, REAL_LITERAL}
line 208:27 extraneous input '(' expecting {'\lemma', '}', IDENT, '/*!'}
line 208:32 mismatched input '&amp;' expecting {'(', '{'}
line 210:42 mismatched input '}' expecting {'(', '{'}
line 211:39 mismatched input '}' expecting {'(', '{'}
line 218:14 mismatched input '\ifExintVar' expecting {MODALITY, FORALL, EXISTS, '\if', '\ifEx', 'true', 'false', '(', '{', '@', NOT, SEQARROW, '-', STRING_LITERAL, CHAR_LITERAL, BIN_LITERAL, HEX_LITERAL, IDENT, INT_LITERAL, FLOAT_LITERAL, DOUBLE_LITERAL, REAL_LITERAL}
line 218:27 extraneous input '(' expecting {'\lemma', '}', IDENT, '/*!'}
line 218:31 mismatched input ')' expecting {'(', '{'}
line 220:44 mismatched input ')' expecting {'(', '{'}
line 225:14 mismatched input '\ifExintVar' expecting {MODALITY, FORALL, EXISTS, '\if', '\ifEx', 'true', 'false', '(', '{', '@', NOT, SEQARROW, '-', STRING_LITERAL, CHAR_LITERAL, BIN_LITERAL, HEX_LITERAL, IDENT, INT_LITERAL, FLOAT_LITERAL, DOUBLE_LITERAL, REAL_LITERAL}
line 225:27 extraneous input '(' expecting {'\lemma', '}', IDENT, '/*!'}
line 225:31 mismatched input ')' expecting {'(', '{'}
line 227:44 mismatched input ')' expecting {'(', '{'}
line 233:14 mismatched input '\ifExintVar' expecting {MODALITY, FORALL, EXISTS, '\if', '\ifEx', 'true', 'false', '(', '{', '@', NOT, SEQARROW, '-', STRING_LITERAL, CHAR_LITERAL, BIN_LITERAL, HEX_LITERAL, IDENT, INT_LITERAL, FLOAT_LITERAL, DOUBLE_LITERAL, REAL_LITERAL}
line 233:27 extraneous input '(' expecting {'\lemma', '}', IDENT, '/*!'}
line 233:31 mismatched input ')' expecting {'(', '{'}
line 237:42 mismatched input '}' expecting {'(', '{'}
line 238:34 mismatched input '}' expecting {'(', '{'}
line 239:28 extraneous input '(' expecting {'\lemma', '}', IDENT, '/*!'}
line 239:33 mismatched input '-&gt;' expecting {'(', '{'}
line 240:8 extraneous input '\replacewith' expecting {'\lemma', '}', IDENT, '/*!'}
line 240:25 mismatched input ')' expecting {'(', '{'}
line 240:56 mismatched input ')' expecting {'(', '{'}
line 245:14 mismatched input '\ifExintVar' expecting {MODALITY, FORALL, EXISTS, '\if', '\ifEx', 'true', 'false', '(', '{', '@', NOT, SEQARROW, '-', STRING_LITERAL, CHAR_LITERAL, BIN_LITERAL, HEX_LITERAL, IDENT, INT_LITERAL, FLOAT_LITERAL, DOUBLE_LITERAL, REAL_LITERAL}
line 245:27 extraneous input '(' expecting {'\lemma', '}', IDENT, '/*!'}
line 245:31 mismatched input ')' expecting {'(', '{'}
line 248:45 mismatched input '}' expecting {'(', '{'}
line 249:8 extraneous input '\replacewith' expecting {'\lemma', '}', IDENT, '/*!'}
line 249:38 mismatched input ')' expecting {'(', '{'}
line 250:42 mismatched input '}' expecting {'(', '{'}
line 251:28 extraneous input '(' expecting {'\lemma', '}', IDENT, '/*!'}
line 251:33 mismatched input '-&gt;' expecting {'(', '{'}
line 255:14 mismatched input '\ifExintVar' expecting {MODALITY, FORALL, EXISTS, '\if', '\ifEx', 'true', 'false', '(', '{', '@', NOT, SEQARROW, '-', STRING_LITERAL, CHAR_LITERAL, BIN_LITERAL, HEX_LITERAL, IDENT, INT_LITERAL, FLOAT_LITERAL, DOUBLE_LITERAL, REAL_LITERAL}
line 255:27 extraneous input '(' expecting {'\lemma', '}', IDENT, '/*!'}
line 255:31 mismatched input ')' expecting {'(', '{'}
line 258:52 extraneous input '0' expecting {'\lemma', '}', IDENT, '/*!'}
line 258:54 mismatched input 'then' expecting {&lt;EOF&gt;, '\problem', '\chooseContract', '\proofObligation', '\proof'}

	at app//de.uka.ilkd.key.util.parsing.SyntaxErrorReporter.throwException(SyntaxErrorReporter.java:89)
	at app//de.uka.ilkd.key.nparser.ParsingFacade.parseFile(ParsingFacade.java:125)
	at app//de.uka.ilkd.key.proof.io.KeYFile.getParseContext(KeYFile.java:160)
	at app//de.uka.ilkd.key.proof.io.KeYFile.readIncludes(KeYFile.java:206)
	... 100 more
</failure>
  </testcase>
  <testcase name="testrefactorGoal_directChildren_allRules()" classname="de.uka.ilkd.key.logic.TestTermLabelManager" time="0.064">
    <failure message="line 135:14 mismatched input '\ifExintVar' expecting {MODALITY, FORALL, EXISTS, '\if', '\ifEx', 'true', 'false', '(', '{', '@', NOT, SEQARROW, '-', STRING_LITERAL, CHAR_LITERAL, BIN_LITERAL, HEX_LITERAL, IDENT, INT_LITERAL, FLOAT_LITERAL, DOUBLE_LITERAL, REAL_LITERAL}&#10;line 135:27 extraneous input '(' expecting {'\lemma', '}', IDENT, '/*!'}&#10;line 135:44 mismatched input ')' expecting {'(', '{'}&#10;line 141:14 mismatched input '\ifExintVar' expecting {MODALITY, FORALL, EXISTS, '\if', '\ifEx', 'true', 'false', '(', '{', '@', NOT, SEQARROW, '-', STRING_LITERAL, CHAR_LITERAL, BIN_LITERAL, HEX_LITERAL, IDENT, INT_LITERAL, FLOAT_LITERAL, DOUBLE_LITERAL, REAL_LITERAL}&#10;line 141:27 extraneous input '(' expecting {'\lemma', '}', IDENT, '/*!'}&#10;line 141:41 mismatched input ')' expecting {'(', '{'}&#10;line 148:14 mismatched input '\ifExintVar' expecting {MODALITY, FORALL, EXISTS, '\if', '\ifEx', 'true', 'false', '(', '{', '@', NOT, SEQARROW, '-', STRING_LITERAL, CHAR_LITERAL, BIN_LITERAL, HEX_LITERAL, IDENT, INT_LITERAL, FLOAT_LITERAL, DOUBLE_LITERAL, REAL_LITERAL}&#10;line 148:27 extraneous input '(' expecting {'\lemma', '}', IDENT, '/*!'}&#10;line 148:35 mismatched input '=' expecting {'(', '{'}&#10;line 150:38 mismatched input '}' expecting {'(', '{'}&#10;line 155:14 mismatched input '\ifExintVar' expecting {MODALITY, FORALL, EXISTS, '\if', '\ifEx', 'true', 'false', '(', '{', '@', NOT, SEQARROW, '-', STRING_LITERAL, CHAR_LITERAL, BIN_LITERAL, HEX_LITERAL, IDENT, INT_LITERAL, FLOAT_LITERAL, DOUBLE_LITERAL, REAL_LITERAL}&#10;line 155:27 extraneous input '(' expecting {'\lemma', '}', IDENT, '/*!'}&#10;line 155:35 mismatched input '=' expecting {'(', '{'}&#10;line 157:38 mismatched input '}' expecting {'(', '{'}&#10;line 163:14 mismatched input '\ifExintVar' expecting {MODALITY, FORALL, EXISTS, '\if', '\ifEx', 'true', 'false', '(', '{', '@', NOT, SEQARROW, '-', STRING_LITERAL, CHAR_LITERAL, BIN_LITERAL, HEX_LITERAL, IDENT, INT_LITERAL, FLOAT_LITERAL, DOUBLE_LITERAL, REAL_LITERAL}&#10;line 163:27 extraneous input '(' expecting {'\lemma', '}', IDENT, '/*!'}&#10;line 163:30 mismatched input '=' expecting {'(', '{'}&#10;line 165:38 mismatched input '}' expecting {'(', '{'}&#10;line 171:14 mismatched input '\ifExintVar' expecting {MODALITY, FORALL, EXISTS, '\if', '\ifEx', 'true', 'false', '(', '{', '@', NOT, SEQARROW, '-', STRING_LITERAL, CHAR_LITERAL, BIN_LITERAL, HEX_LITERAL, IDENT, INT_LITERAL, FLOAT_LITERAL, DOUBLE_LITERAL, REAL_LITERAL}&#10;line 171:27 extraneous input '(' expecting {'\lemma', '}', IDENT, '/*!'}&#10;line 171:30 mismatched input '=' expecting {'(', '{'}&#10;line 173:38 mismatched input '}' expecting {'(', '{'}&#10;line 179:14 mismatched input '\ifExintVar' expecting {MODALITY, FORALL, EXISTS, '\if', '\ifEx', 'true', 'false', '(', '{', '@', NOT, SEQARROW, '-', STRING_LITERAL, CHAR_LITERAL, BIN_LITERAL, HEX_LITERAL, IDENT, INT_LITERAL, FLOAT_LITERAL, DOUBLE_LITERAL, REAL_LITERAL}&#10;line 179:27 extraneous input '(' expecting {'\lemma', '}', IDENT, '/*!'}&#10;line 179:32 mismatched input '&amp;' expecting {'(', '{'}&#10;line 181:42 mismatched input '}' expecting {'(', '{'}&#10;line 182:39 mismatched input '}' expecting {'(', '{'}&#10;line 188:14 mismatched input '\ifExintVar' expecting {MODALITY, FORALL, EXISTS, '\if', '\ifEx', 'true', 'false', '(', '{', '@', NOT, SEQARROW, '-', STRING_LITERAL, CHAR_LITERAL, BIN_LITERAL, HEX_LITERAL, IDENT, INT_LITERAL, FLOAT_LITERAL, DOUBLE_LITERAL, REAL_LITERAL}&#10;line 188:27 extraneous input '(' expecting {'\lemma', '}', IDENT, '/*!'}&#10;line 188:32 mismatched input '&amp;' expecting {'(', '{'}&#10;line 190:42 mismatched input '}' expecting {'(', '{'}&#10;line 191:39 mismatched input '}' expecting {'(', '{'}&#10;line 198:14 mismatched input '\ifExintVar' expecting {MODALITY, FORALL, EXISTS, '\if', '\ifEx', 'true', 'false', '(', '{', '@', NOT, SEQARROW, '-', STRING_LITERAL, CHAR_LITERAL, BIN_LITERAL, HEX_LITERAL, IDENT, INT_LITERAL, FLOAT_LITERAL, DOUBLE_LITERAL, REAL_LITERAL}&#10;line 198:27 extraneous input '(' expecting {'\lemma', '}', IDENT, '/*!'}&#10;line 198:32 mismatched input '&amp;' expecting {'(', '{'}&#10;line 200:42 mismatched input '}' expecting {'(', '{'}&#10;line 201:39 mismatched input '}' expecting {'(', '{'}&#10;line 208:14 mismatched input '\ifExintVar' expecting {MODALITY, FORALL, EXISTS, '\if', '\ifEx', 'true', 'false', '(', '{', '@', NOT, SEQARROW, '-', STRING_LITERAL, CHAR_LITERAL, BIN_LITERAL, HEX_LITERAL, IDENT, INT_LITERAL, FLOAT_LITERAL, DOUBLE_LITERAL, REAL_LITERAL}&#10;line 208:27 extraneous input '(' expecting {'\lemma', '}', IDENT, '/*!'}&#10;line 208:32 mismatched input '&amp;' expecting {'(', '{'}&#10;line 210:42 mismatched input '}' expecting {'(', '{'}&#10;line 211:39 mismatched input '}' expecting {'(', '{'}&#10;line 218:14 mismatched input '\ifExintVar' expecting {MODALITY, FORALL, EXISTS, '\if', '\ifEx', 'true', 'false', '(', '{', '@', NOT, SEQARROW, '-', STRING_LITERAL, CHAR_LITERAL, BIN_LITERAL, HEX_LITERAL, IDENT, INT_LITERAL, FLOAT_LITERAL, DOUBLE_LITERAL, REAL_LITERAL}&#10;line 218:27 extraneous input '(' expecting {'\lemma', '}', IDENT, '/*!'}&#10;line 218:31 mismatched input ')' expecting {'(', '{'}&#10;line 220:44 mismatched input ')' expecting {'(', '{'}&#10;line 225:14 mismatched input '\ifExintVar' expecting {MODALITY, FORALL, EXISTS, '\if', '\ifEx', 'true', 'false', '(', '{', '@', NOT, SEQARROW, '-', STRING_LITERAL, CHAR_LITERAL, BIN_LITERAL, HEX_LITERAL, IDENT, INT_LITERAL, FLOAT_LITERAL, DOUBLE_LITERAL, REAL_LITERAL}&#10;line 225:27 extraneous input '(' expecting {'\lemma', '}', IDENT, '/*!'}&#10;line 225:31 mismatched input ')' expecting {'(', '{'}&#10;line 227:44 mismatched input ')' expecting {'(', '{'}&#10;line 233:14 mismatched input '\ifExintVar' expecting {MODALITY, FORALL, EXISTS, '\if', '\ifEx', 'true', 'false', '(', '{', '@', NOT, SEQARROW, '-', STRING_LITERAL, CHAR_LITERAL, BIN_LITERAL, HEX_LITERAL, IDENT, INT_LITERAL, FLOAT_LITERAL, DOUBLE_LITERAL, REAL_LITERAL}&#10;line 233:27 extraneous input '(' expecting {'\lemma', '}', IDENT, '/*!'}&#10;line 233:31 mismatched input ')' expecting {'(', '{'}&#10;line 237:42 mismatched input '}' expecting {'(', '{'}&#10;line 238:34 mismatched input '}' expecting {'(', '{'}&#10;line 239:28 extraneous input '(' expecting {'\lemma', '}', IDENT, '/*!'}&#10;line 239:33 mismatched input '-&gt;' expecting {'(', '{'}&#10;line 240:8 extraneous input '\replacewith' expecting {'\lemma', '}', IDENT, '/*!'}&#10;line 240:25 mismatched input ')' expecting {'(', '{'}&#10;line 240:56 mismatched input ')' expecting {'(', '{'}&#10;line 245:14 mismatched input '\ifExintVar' expecting {MODALITY, FORALL, EXISTS, '\if', '\ifEx', 'true', 'false', '(', '{', '@', NOT, SEQARROW, '-', STRING_LITERAL, CHAR_LITERAL, BIN_LITERAL, HEX_LITERAL, IDENT, INT_LITERAL, FLOAT_LITERAL, DOUBLE_LITERAL, REAL_LITERAL}&#10;line 245:27 extraneous input '(' expecting {'\lemma', '}', IDENT, '/*!'}&#10;line 245:31 mismatched input ')' expecting {'(', '{'}&#10;line 248:45 mismatched input '}' expecting {'(', '{'}&#10;line 249:8 extraneous input '\replacewith' expecting {'\lemma', '}', IDENT, '/*!'}&#10;line 249:38 mismatched input ')' expecting {'(', '{'}&#10;line 250:42 mismatched input '}' expecting {'(', '{'}&#10;line 251:28 extraneous input '(' expecting {'\lemma', '}', IDENT, '/*!'}&#10;line 251:33 mismatched input '-&gt;' expecting {'(', '{'}&#10;line 255:14 mismatched input '\ifExintVar' expecting {MODALITY, FORALL, EXISTS, '\if', '\ifEx', 'true', 'false', '(', '{', '@', NOT, SEQARROW, '-', STRING_LITERAL, CHAR_LITERAL, BIN_LITERAL, HEX_LITERAL, IDENT, INT_LITERAL, FLOAT_LITERAL, DOUBLE_LITERAL, REAL_LITERAL}&#10;line 255:27 extraneous input '(' expecting {'\lemma', '}', IDENT, '/*!'}&#10;line 255:31 mismatched input ')' expecting {'(', '{'}&#10;line 258:52 extraneous input '0' expecting {'\lemma', '}', IDENT, '/*!'}&#10;line 258:54 mismatched input 'then' expecting {&lt;EOF&gt;, '\problem', '\chooseContract', '\proofObligation', '\proof'}&#10; (file: src/test/resources/testcase/termLabels/flatSteps/FlatSteps.java; caused by: de.uka.ilkd.key.proof.init.ProofInputException: line 135:14 mismatched input '\ifExintVar' expecting {MODALITY, FORALL, EXISTS, '\if', '\ifEx', 'true', 'false', '(', '{', '@', NOT, SEQARROW, '-', STRING_LITERAL, CHAR_LITERAL, BIN_LITERAL, HEX_LITERAL, IDENT, INT_LITERAL, FLOAT_LITERAL, DOUBLE_LITERAL, REAL_LITERAL}&#10;line 135:27 extraneous input '(' expecting {'\lemma', '}', IDENT, '/*!'}&#10;line 135:44 mismatched input ')' expecting {'(', '{'}&#10;line 141:14 mismatched input '\ifExintVar' expecting {MODALITY, FORALL, EXISTS, '\if', '\ifEx', 'true', 'false', '(', '{', '@', NOT, SEQARROW, '-', STRING_LITERAL, CHAR_LITERAL, BIN_LITERAL, HEX_LITERAL, IDENT, INT_LITERAL, FLOAT_LITERAL, DOUBLE_LITERAL, REAL_LITERAL}&#10;line 141:27 extraneous input '(' expecting {'\lemma', '}', IDENT, '/*!'}&#10;line 141:41 mismatched input ')' expecting {'(', '{'}&#10;line 148:14 mismatched input '\ifExintVar' expecting {MODALITY, FORALL, EXISTS, '\if', '\ifEx', 'true', 'false', '(', '{', '@', NOT, SEQARROW, '-', STRING_LITERAL, CHAR_LITERAL, BIN_LITERAL, HEX_LITERAL, IDENT, INT_LITERAL, FLOAT_LITERAL, DOUBLE_LITERAL, REAL_LITERAL}&#10;line 148:27 extraneous input '(' expecting {'\lemma', '}', IDENT, '/*!'}&#10;line 148:35 mismatched input '=' expecting {'(', '{'}&#10;line 150:38 mismatched input '}' expecting {'(', '{'}&#10;line 155:14 mismatched input '\ifExintVar' expecting {MODALITY, FORALL, EXISTS, '\if', '\ifEx', 'true', 'false', '(', '{', '@', NOT, SEQARROW, '-', STRING_LITERAL, CHAR_LITERAL, BIN_LITERAL, HEX_LITERAL, IDENT, INT_LITERAL, FLOAT_LITERAL, DOUBLE_LITERAL, REAL_LITERAL}&#10;line 155:27 extraneous input '(' expecting {'\lemma', '}', IDENT, '/*!'}&#10;line 155:35 mismatched input '=' expecting {'(', '{'}&#10;line 157:38 mismatched input '}' expecting {'(', '{'}&#10;line 163:14 mismatched input '\ifExintVar' expecting {MODALITY, FORALL, EXISTS, '\if', '\ifEx', 'true', 'false', '(', '{', '@', NOT, SEQARROW, '-', STRING_LITERAL, CHAR_LITERAL, BIN_LITERAL, HEX_LITERAL, IDENT, INT_LITERAL, FLOAT_LITERAL, DOUBLE_LITERAL, REAL_LITERAL}&#10;line 163:27 extraneous input '(' expecting {'\lemma', '}', IDENT, '/*!'}&#10;line 163:30 mismatched input '=' expecting {'(', '{'}&#10;line 165:38 mismatched input '}' expecting {'(', '{'}&#10;line 171:14 mismatched input '\ifExintVar' expecting {MODALITY, FORALL, EXISTS, '\if', '\ifEx', 'true', 'false', '(', '{', '@', NOT, SEQARROW, '-', STRING_LITERAL, CHAR_LITERAL, BIN_LITERAL, HEX_LITERAL, IDENT, INT_LITERAL, FLOAT_LITERAL, DOUBLE_LITERAL, REAL_LITERAL}&#10;line 171:27 extraneous input '(' expecting {'\lemma', '}', IDENT, '/*!'}&#10;line 171:30 mismatched input '=' expecting {'(', '{'}&#10;line 173:38 mismatched input '}' expecting {'(', '{'}&#10;line 179:14 mismatched input '\ifExintVar' expecting {MODALITY, FORALL, EXISTS, '\if', '\ifEx', 'true', 'false', '(', '{', '@', NOT, SEQARROW, '-', STRING_LITERAL, CHAR_LITERAL, BIN_LITERAL, HEX_LITERAL, IDENT, INT_LITERAL, FLOAT_LITERAL, DOUBLE_LITERAL, REAL_LITERAL}&#10;line 179:27 extraneous input '(' expecting {'\lemma', '}', IDENT, '/*!'}&#10;line 179:32 mismatched input '&amp;' expecting {'(', '{'}&#10;line 181:42 mismatched input '}' expecting {'(', '{'}&#10;line 182:39 mismatched input '}' expecting {'(', '{'}&#10;line 188:14 mismatched input '\ifExintVar' expecting {MODALITY, FORALL, EXISTS, '\if', '\ifEx', 'true', 'false', '(', '{', '@', NOT, SEQARROW, '-', STRING_LITERAL, CHAR_LITERAL, BIN_LITERAL, HEX_LITERAL, IDENT, INT_LITERAL, FLOAT_LITERAL, DOUBLE_LITERAL, REAL_LITERAL}&#10;line 188:27 extraneous input '(' expecting {'\lemma', '}', IDENT, '/*!'}&#10;line 188:32 mismatched input '&amp;' expecting {'(', '{'}&#10;line 190:42 mismatched input '}' expecting {'(', '{'}&#10;line 191:39 mismatched input '}' expecting {'(', '{'}&#10;line 198:14 mismatched input '\ifExintVar' expecting {MODALITY, FORALL, EXISTS, '\if', '\ifEx', 'true', 'false', '(', '{', '@', NOT, SEQARROW, '-', STRING_LITERAL, CHAR_LITERAL, BIN_LITERAL, HEX_LITERAL, IDENT, INT_LITERAL, FLOAT_LITERAL, DOUBLE_LITERAL, REAL_LITERAL}&#10;line 198:27 extraneous input '(' expecting {'\lemma', '}', IDENT, '/*!'}&#10;line 198:32 mismatched input '&amp;' expecting {'(', '{'}&#10;line 200:42 mismatched input '}' expecting {'(', '{'}&#10;line 201:39 mismatched input '}' expecting {'(', '{'}&#10;line 208:14 mismatched input '\ifExintVar' expecting {MODALITY, FORALL, EXISTS, '\if', '\ifEx', 'true', 'false', '(', '{', '@', NOT, SEQARROW, '-', STRING_LITERAL, CHAR_LITERAL, BIN_LITERAL, HEX_LITERAL, IDENT, INT_LITERAL, FLOAT_LITERAL, DOUBLE_LITERAL, REAL_LITERAL}&#10;line 208:27 extraneous input '(' expecting {'\lemma', '}', IDENT, '/*!'}&#10;line 208:32 mismatched input '&amp;' expecting {'(', '{'}&#10;line 210:42 mismatched input '}' expecting {'(', '{'}&#10;line 211:39 mismatched input '}' expecting {'(', '{'}&#10;line 218:14 mismatched input '\ifExintVar' expecting {MODALITY, FORALL, EXISTS, '\if', '\ifEx', 'true', 'false', '(', '{', '@', NOT, SEQARROW, '-', STRING_LITERAL, CHAR_LITERAL, BIN_LITERAL, HEX_LITERAL, IDENT, INT_LITERAL, FLOAT_LITERAL, DOUBLE_LITERAL, REAL_LITERAL}&#10;line 218:27 extraneous input '(' expecting {'\lemma', '}', IDENT, '/*!'}&#10;line 218:31 mismatched input ')' expecting {'(', '{'}&#10;line 220:44 mismatched input ')' expecting {'(', '{'}&#10;line 225:14 mismatched input '\ifExintVar' expecting {MODALITY, FORALL, EXISTS, '\if', '\ifEx', 'true', 'false', '(', '{', '@', NOT, SEQARROW, '-', STRING_LITERAL, CHAR_LITERAL, BIN_LITERAL, HEX_LITERAL, IDENT, INT_LITERAL, FLOAT_LITERAL, DOUBLE_LITERAL, REAL_LITERAL}&#10;line 225:27 extraneous input '(' expecting {'\lemma', '}', IDENT, '/*!'}&#10;line 225:31 mismatched input ')' expecting {'(', '{'}&#10;line 227:44 mismatched input ')' expecting {'(', '{'}&#10;line 233:14 mismatched input '\ifExintVar' expecting {MODALITY, FORALL, EXISTS, '\if', '\ifEx', 'true', 'false', '(', '{', '@', NOT, SEQARROW, '-', STRING_LITERAL, CHAR_LITERAL, BIN_LITERAL, HEX_LITERAL, IDENT, INT_LITERAL, FLOAT_LITERAL, DOUBLE_LITERAL, REAL_LITERAL}&#10;line 233:27 extraneous input '(' expecting {'\lemma', '}', IDENT, '/*!'}&#10;line 233:31 mismatched input ')' expecting {'(', '{'}&#10;line 237:42 mismatched input '}' expecting {'(', '{'}&#10;line 238:34 mismatched input '}' expecting {'(', '{'}&#10;line 239:28 extraneous input '(' expecting {'\lemma', '}', IDENT, '/*!'}&#10;line 239:33 mismatched input '-&gt;' expecting {'(', '{'}&#10;line 240:8 extraneous input '\replacewith' expecting {'\lemma', '}', IDENT, '/*!'}&#10;line 240:25 mismatched input ')' expecting {'(', '{'}&#10;line 240:56 mismatched input ')' expecting {'(', '{'}&#10;line 245:14 mismatched input '\ifExintVar' expecting {MODALITY, FORALL, EXISTS, '\if', '\ifEx', 'true', 'false', '(', '{', '@', NOT, SEQARROW, '-', STRING_LITERAL, CHAR_LITERAL, BIN_LITERAL, HEX_LITERAL, IDENT, INT_LITERAL, FLOAT_LITERAL, DOUBLE_LITERAL, REAL_LITERAL}&#10;line 245:27 extraneous input '(' expecting {'\lemma', '}', IDENT, '/*!'}&#10;line 245:31 mismatched input ')' expecting {'(', '{'}&#10;line 248:45 mismatched input '}' expecting {'(', '{'}&#10;line 249:8 extraneous input '\replacewith' expecting {'\lemma', '}', IDENT, '/*!'}&#10;line 249:38 mismatched input ')' expecting {'(', '{'}&#10;line 250:42 mismatched input '}' expecting {'(', '{'}&#10;line 251:28 extraneous input '(' expecting {'\lemma', '}', IDENT, '/*!'}&#10;line 251:33 mismatched input '-&gt;' expecting {'(', '{'}&#10;line 255:14 mismatched input '\ifExintVar' expecting {MODALITY, FORALL, EXISTS, '\if', '\ifEx', 'true', 'false', '(', '{', '@', NOT, SEQARROW, '-', STRING_LITERAL, CHAR_LITERAL, BIN_LITERAL, HEX_LITERAL, IDENT, INT_LITERAL, FLOAT_LITERAL, DOUBLE_LITERAL, REAL_LITERAL}&#10;line 255:27 extraneous input '(' expecting {'\lemma', '}', IDENT, '/*!'}&#10;line 255:31 mismatched input ')' expecting {'(', '{'}&#10;line 258:52 extraneous input '0' expecting {'\lemma', '}', IDENT, '/*!'}&#10;line 258:54 mismatched input 'then' expecting {&lt;EOF&gt;, '\problem', '\chooseContract', '\proofObligation', '\proof'}&#10;)" type="de.uka.ilkd.key.proof.io.ProblemLoaderException">line 135:14 mismatched input '\ifExintVar' expecting {MODALITY, FORALL, EXISTS, '\if', '\ifEx', 'true', 'false', '(', '{', '@', NOT, SEQARROW, '-', STRING_LITERAL, CHAR_LITERAL, BIN_LITERAL, HEX_LITERAL, IDENT, INT_LITERAL, FLOAT_LITERAL, DOUBLE_LITERAL, REAL_LITERAL}
line 135:27 extraneous input '(' expecting {'\lemma', '}', IDENT, '/*!'}
line 135:44 mismatched input ')' expecting {'(', '{'}
line 141:14 mismatched input '\ifExintVar' expecting {MODALITY, FORALL, EXISTS, '\if', '\ifEx', 'true', 'false', '(', '{', '@', NOT, SEQARROW, '-', STRING_LITERAL, CHAR_LITERAL, BIN_LITERAL, HEX_LITERAL, IDENT, INT_LITERAL, FLOAT_LITERAL, DOUBLE_LITERAL, REAL_LITERAL}
line 141:27 extraneous input '(' expecting {'\lemma', '}', IDENT, '/*!'}
line 141:41 mismatched input ')' expecting {'(', '{'}
line 148:14 mismatched input '\ifExintVar' expecting {MODALITY, FORALL, EXISTS, '\if', '\ifEx', 'true', 'false', '(', '{', '@', NOT, SEQARROW, '-', STRING_LITERAL, CHAR_LITERAL, BIN_LITERAL, HEX_LITERAL, IDENT, INT_LITERAL, FLOAT_LITERAL, DOUBLE_LITERAL, REAL_LITERAL}
line 148:27 extraneous input '(' expecting {'\lemma', '}', IDENT, '/*!'}
line 148:35 mismatched input '=' expecting {'(', '{'}
line 150:38 mismatched input '}' expecting {'(', '{'}
line 155:14 mismatched input '\ifExintVar' expecting {MODALITY, FORALL, EXISTS, '\if', '\ifEx', 'true', 'false', '(', '{', '@', NOT, SEQARROW, '-', STRING_LITERAL, CHAR_LITERAL, BIN_LITERAL, HEX_LITERAL, IDENT, INT_LITERAL, FLOAT_LITERAL, DOUBLE_LITERAL, REAL_LITERAL}
line 155:27 extraneous input '(' expecting {'\lemma', '}', IDENT, '/*!'}
line 155:35 mismatched input '=' expecting {'(', '{'}
line 157:38 mismatched input '}' expecting {'(', '{'}
line 163:14 mismatched input '\ifExintVar' expecting {MODALITY, FORALL, EXISTS, '\if', '\ifEx', 'true', 'false', '(', '{', '@', NOT, SEQARROW, '-', STRING_LITERAL, CHAR_LITERAL, BIN_LITERAL, HEX_LITERAL, IDENT, INT_LITERAL, FLOAT_LITERAL, DOUBLE_LITERAL, REAL_LITERAL}
line 163:27 extraneous input '(' expecting {'\lemma', '}', IDENT, '/*!'}
line 163:30 mismatched input '=' expecting {'(', '{'}
line 165:38 mismatched input '}' expecting {'(', '{'}
line 171:14 mismatched input '\ifExintVar' expecting {MODALITY, FORALL, EXISTS, '\if', '\ifEx', 'true', 'false', '(', '{', '@', NOT, SEQARROW, '-', STRING_LITERAL, CHAR_LITERAL, BIN_LITERAL, HEX_LITERAL, IDENT, INT_LITERAL, FLOAT_LITERAL, DOUBLE_LITERAL, REAL_LITERAL}
line 171:27 extraneous input '(' expecting {'\lemma', '}', IDENT, '/*!'}
line 171:30 mismatched input '=' expecting {'(', '{'}
line 173:38 mismatched input '}' expecting {'(', '{'}
line 179:14 mismatched input '\ifExintVar' expecting {MODALITY, FORALL, EXISTS, '\if', '\ifEx', 'true', 'false', '(', '{', '@', NOT, SEQARROW, '-', STRING_LITERAL, CHAR_LITERAL, BIN_LITERAL, HEX_LITERAL, IDENT, INT_LITERAL, FLOAT_LITERAL, DOUBLE_LITERAL, REAL_LITERAL}
line 179:27 extraneous input '(' expecting {'\lemma', '}', IDENT, '/*!'}
line 179:32 mismatched input '&amp;' expecting {'(', '{'}
line 181:42 mismatched input '}' expecting {'(', '{'}
line 182:39 mismatched input '}' expecting {'(', '{'}
line 188:14 mismatched input '\ifExintVar' expecting {MODALITY, FORALL, EXISTS, '\if', '\ifEx', 'true', 'false', '(', '{', '@', NOT, SEQARROW, '-', STRING_LITERAL, CHAR_LITERAL, BIN_LITERAL, HEX_LITERAL, IDENT, INT_LITERAL, FLOAT_LITERAL, DOUBLE_LITERAL, REAL_LITERAL}
line 188:27 extraneous input '(' expecting {'\lemma', '}', IDENT, '/*!'}
line 188:32 mismatched input '&amp;' expecting {'(', '{'}
line 190:42 mismatched input '}' expecting {'(', '{'}
line 191:39 mismatched input '}' expecting {'(', '{'}
line 198:14 mismatched input '\ifExintVar' expecting {MODALITY, FORALL, EXISTS, '\if', '\ifEx', 'true', 'false', '(', '{', '@', NOT, SEQARROW, '-', STRING_LITERAL, CHAR_LITERAL, BIN_LITERAL, HEX_LITERAL, IDENT, INT_LITERAL, FLOAT_LITERAL, DOUBLE_LITERAL, REAL_LITERAL}
line 198:27 extraneous input '(' expecting {'\lemma', '}', IDENT, '/*!'}
line 198:32 mismatched input '&amp;' expecting {'(', '{'}
line 200:42 mismatched input '}' expecting {'(', '{'}
line 201:39 mismatched input '}' expecting {'(', '{'}
line 208:14 mismatched input '\ifExintVar' expecting {MODALITY, FORALL, EXISTS, '\if', '\ifEx', 'true', 'false', '(', '{', '@', NOT, SEQARROW, '-', STRING_LITERAL, CHAR_LITERAL, BIN_LITERAL, HEX_LITERAL, IDENT, INT_LITERAL, FLOAT_LITERAL, DOUBLE_LITERAL, REAL_LITERAL}
line 208:27 extraneous input '(' expecting {'\lemma', '}', IDENT, '/*!'}
line 208:32 mismatched input '&amp;' expecting {'(', '{'}
line 210:42 mismatched input '}' expecting {'(', '{'}
line 211:39 mismatched input '}' expecting {'(', '{'}
line 218:14 mismatched input '\ifExintVar' expecting {MODALITY, FORALL, EXISTS, '\if', '\ifEx', 'true', 'false', '(', '{', '@', NOT, SEQARROW, '-', STRING_LITERAL, CHAR_LITERAL, BIN_LITERAL, HEX_LITERAL, IDENT, INT_LITERAL, FLOAT_LITERAL, DOUBLE_LITERAL, REAL_LITERAL}
line 218:27 extraneous input '(' expecting {'\lemma', '}', IDENT, '/*!'}
line 218:31 mismatched input ')' expecting {'(', '{'}
line 220:44 mismatched input ')' expecting {'(', '{'}
line 225:14 mismatched input '\ifExintVar' expecting {MODALITY, FORALL, EXISTS, '\if', '\ifEx', 'true', 'false', '(', '{', '@', NOT, SEQARROW, '-', STRING_LITERAL, CHAR_LITERAL, BIN_LITERAL, HEX_LITERAL, IDENT, INT_LITERAL, FLOAT_LITERAL, DOUBLE_LITERAL, REAL_LITERAL}
line 225:27 extraneous input '(' expecting {'\lemma', '}', IDENT, '/*!'}
line 225:31 mismatched input ')' expecting {'(', '{'}
line 227:44 mismatched input ')' expecting {'(', '{'}
line 233:14 mismatched input '\ifExintVar' expecting {MODALITY, FORALL, EXISTS, '\if', '\ifEx', 'true', 'false', '(', '{', '@', NOT, SEQARROW, '-', STRING_LITERAL, CHAR_LITERAL, BIN_LITERAL, HEX_LITERAL, IDENT, INT_LITERAL, FLOAT_LITERAL, DOUBLE_LITERAL, REAL_LITERAL}
line 233:27 extraneous input '(' expecting {'\lemma', '}', IDENT, '/*!'}
line 233:31 mismatched input ')' expecting {'(', '{'}
line 237:42 mismatched input '}' expecting {'(', '{'}
line 238:34 mismatched input '}' expecting {'(', '{'}
line 239:28 extraneous input '(' expecting {'\lemma', '}', IDENT, '/*!'}
line 239:33 mismatched input '-&gt;' expecting {'(', '{'}
line 240:8 extraneous input '\replacewith' expecting {'\lemma', '}', IDENT, '/*!'}
line 240:25 mismatched input ')' expecting {'(', '{'}
line 240:56 mismatched input ')' expecting {'(', '{'}
line 245:14 mismatched input '\ifExintVar' expecting {MODALITY, FORALL, EXISTS, '\if', '\ifEx', 'true', 'false', '(', '{', '@', NOT, SEQARROW, '-', STRING_LITERAL, CHAR_LITERAL, BIN_LITERAL, HEX_LITERAL, IDENT, INT_LITERAL, FLOAT_LITERAL, DOUBLE_LITERAL, REAL_LITERAL}
line 245:27 extraneous input '(' expecting {'\lemma', '}', IDENT, '/*!'}
line 245:31 mismatched input ')' expecting {'(', '{'}
line 248:45 mismatched input '}' expecting {'(', '{'}
line 249:8 extraneous input '\replacewith' expecting {'\lemma', '}', IDENT, '/*!'}
line 249:38 mismatched input ')' expecting {'(', '{'}
line 250:42 mismatched input '}' expecting {'(', '{'}
line 251:28 extraneous input '(' expecting {'\lemma', '}', IDENT, '/*!'}
line 251:33 mismatched input '-&gt;' expecting {'(', '{'}
line 255:14 mismatched input '\ifExintVar' expecting {MODALITY, FORALL, EXISTS, '\if', '\ifEx', 'true', 'false', '(', '{', '@', NOT, SEQARROW, '-', STRING_LITERAL, CHAR_LITERAL, BIN_LITERAL, HEX_LITERAL, IDENT, INT_LITERAL, FLOAT_LITERAL, DOUBLE_LITERAL, REAL_LITERAL}
line 255:27 extraneous input '(' expecting {'\lemma', '}', IDENT, '/*!'}
line 255:31 mismatched input ')' expecting {'(', '{'}
line 258:52 extraneous input '0' expecting {'\lemma', '}', IDENT, '/*!'}
line 258:54 mismatched input 'then' expecting {&lt;EOF&gt;, '\problem', '\chooseContract', '\proofObligation', '\proof'}
 (file: src/test/resources/testcase/termLabels/flatSteps/FlatSteps.java; caused by: de.uka.ilkd.key.proof.init.ProofInputException: line 135:14 mismatched input '\ifExintVar' expecting {MODALITY, FORALL, EXISTS, '\if', '\ifEx', 'true', 'false', '(', '{', '@', NOT, SEQARROW, '-', STRING_LITERAL, CHAR_LITERAL, BIN_LITERAL, HEX_LITERAL, IDENT, INT_LITERAL, FLOAT_LITERAL, DOUBLE_LITERAL, REAL_LITERAL}
line 135:27 extraneous input '(' expecting {'\lemma', '}', IDENT, '/*!'}
line 135:44 mismatched input ')' expecting {'(', '{'}
line 141:14 mismatched input '\ifExintVar' expecting {MODALITY, FORALL, EXISTS, '\if', '\ifEx', 'true', 'false', '(', '{', '@', NOT, SEQARROW, '-', STRING_LITERAL, CHAR_LITERAL, BIN_LITERAL, HEX_LITERAL, IDENT, INT_LITERAL, FLOAT_LITERAL, DOUBLE_LITERAL, REAL_LITERAL}
line 141:27 extraneous input '(' expecting {'\lemma', '}', IDENT, '/*!'}
line 141:41 mismatched input ')' expecting {'(', '{'}
line 148:14 mismatched input '\ifExintVar' expecting {MODALITY, FORALL, EXISTS, '\if', '\ifEx', 'true', 'false', '(', '{', '@', NOT, SEQARROW, '-', STRING_LITERAL, CHAR_LITERAL, BIN_LITERAL, HEX_LITERAL, IDENT, INT_LITERAL, FLOAT_LITERAL, DOUBLE_LITERAL, REAL_LITERAL}
line 148:27 extraneous input '(' expecting {'\lemma', '}', IDENT, '/*!'}
line 148:35 mismatched input '=' expecting {'(', '{'}
line 150:38 mismatched input '}' expecting {'(', '{'}
line 155:14 mismatched input '\ifExintVar' expecting {MODALITY, FORALL, EXISTS, '\if', '\ifEx', 'true', 'false', '(', '{', '@', NOT, SEQARROW, '-', STRING_LITERAL, CHAR_LITERAL, BIN_LITERAL, HEX_LITERAL, IDENT, INT_LITERAL, FLOAT_LITERAL, DOUBLE_LITERAL, REAL_LITERAL}
line 155:27 extraneous input '(' expecting {'\lemma', '}', IDENT, '/*!'}
line 155:35 mismatched input '=' expecting {'(', '{'}
line 157:38 mismatched input '}' expecting {'(', '{'}
line 163:14 mismatched input '\ifExintVar' expecting {MODALITY, FORALL, EXISTS, '\if', '\ifEx', 'true', 'false', '(', '{', '@', NOT, SEQARROW, '-', STRING_LITERAL, CHAR_LITERAL, BIN_LITERAL, HEX_LITERAL, IDENT, INT_LITERAL, FLOAT_LITERAL, DOUBLE_LITERAL, REAL_LITERAL}
line 163:27 extraneous input '(' expecting {'\lemma', '}', IDENT, '/*!'}
line 163:30 mismatched input '=' expecting {'(', '{'}
line 165:38 mismatched input '}' expecting {'(', '{'}
line 171:14 mismatched input '\ifExintVar' expecting {MODALITY, FORALL, EXISTS, '\if', '\ifEx', 'true', 'false', '(', '{', '@', NOT, SEQARROW, '-', STRING_LITERAL, CHAR_LITERAL, BIN_LITERAL, HEX_LITERAL, IDENT, INT_LITERAL, FLOAT_LITERAL, DOUBLE_LITERAL, REAL_LITERAL}
line 171:27 extraneous input '(' expecting {'\lemma', '}', IDENT, '/*!'}
line 171:30 mismatched input '=' expecting {'(', '{'}
line 173:38 mismatched input '}' expecting {'(', '{'}
line 179:14 mismatched input '\ifExintVar' expecting {MODALITY, FORALL, EXISTS, '\if', '\ifEx', 'true', 'false', '(', '{', '@', NOT, SEQARROW, '-', STRING_LITERAL, CHAR_LITERAL, BIN_LITERAL, HEX_LITERAL, IDENT, INT_LITERAL, FLOAT_LITERAL, DOUBLE_LITERAL, REAL_LITERAL}
line 179:27 extraneous input '(' expecting {'\lemma', '}', IDENT, '/*!'}
line 179:32 mismatched input '&amp;' expecting {'(', '{'}
line 181:42 mismatched input '}' expecting {'(', '{'}
line 182:39 mismatched input '}' expecting {'(', '{'}
line 188:14 mismatched input '\ifExintVar' expecting {MODALITY, FORALL, EXISTS, '\if', '\ifEx', 'true', 'false', '(', '{', '@', NOT, SEQARROW, '-', STRING_LITERAL, CHAR_LITERAL, BIN_LITERAL, HEX_LITERAL, IDENT, INT_LITERAL, FLOAT_LITERAL, DOUBLE_LITERAL, REAL_LITERAL}
line 188:27 extraneous input '(' expecting {'\lemma', '}', IDENT, '/*!'}
line 188:32 mismatched input '&amp;' expecting {'(', '{'}
line 190:42 mismatched input '}' expecting {'(', '{'}
line 191:39 mismatched input '}' expecting {'(', '{'}
line 198:14 mismatched input '\ifExintVar' expecting {MODALITY, FORALL, EXISTS, '\if', '\ifEx', 'true', 'false', '(', '{', '@', NOT, SEQARROW, '-', STRING_LITERAL, CHAR_LITERAL, BIN_LITERAL, HEX_LITERAL, IDENT, INT_LITERAL, FLOAT_LITERAL, DOUBLE_LITERAL, REAL_LITERAL}
line 198:27 extraneous input '(' expecting {'\lemma', '}', IDENT, '/*!'}
line 198:32 mismatched input '&amp;' expecting {'(', '{'}
line 200:42 mismatched input '}' expecting {'(', '{'}
line 201:39 mismatched input '}' expecting {'(', '{'}
line 208:14 mismatched input '\ifExintVar' expecting {MODALITY, FORALL, EXISTS, '\if', '\ifEx', 'true', 'false', '(', '{', '@', NOT, SEQARROW, '-', STRING_LITERAL, CHAR_LITERAL, BIN_LITERAL, HEX_LITERAL, IDENT, INT_LITERAL, FLOAT_LITERAL, DOUBLE_LITERAL, REAL_LITERAL}
line 208:27 extraneous input '(' expecting {'\lemma', '}', IDENT, '/*!'}
line 208:32 mismatched input '&amp;' expecting {'(', '{'}
line 210:42 mismatched input '}' expecting {'(', '{'}
line 211:39 mismatched input '}' expecting {'(', '{'}
line 218:14 mismatched input '\ifExintVar' expecting {MODALITY, FORALL, EXISTS, '\if', '\ifEx', 'true', 'false', '(', '{', '@', NOT, SEQARROW, '-', STRING_LITERAL, CHAR_LITERAL, BIN_LITERAL, HEX_LITERAL, IDENT, INT_LITERAL, FLOAT_LITERAL, DOUBLE_LITERAL, REAL_LITERAL}
line 218:27 extraneous input '(' expecting {'\lemma', '}', IDENT, '/*!'}
line 218:31 mismatched input ')' expecting {'(', '{'}
line 220:44 mismatched input ')' expecting {'(', '{'}
line 225:14 mismatched input '\ifExintVar' expecting {MODALITY, FORALL, EXISTS, '\if', '\ifEx', 'true', 'false', '(', '{', '@', NOT, SEQARROW, '-', STRING_LITERAL, CHAR_LITERAL, BIN_LITERAL, HEX_LITERAL, IDENT, INT_LITERAL, FLOAT_LITERAL, DOUBLE_LITERAL, REAL_LITERAL}
line 225:27 extraneous input '(' expecting {'\lemma', '}', IDENT, '/*!'}
line 225:31 mismatched input ')' expecting {'(', '{'}
line 227:44 mismatched input ')' expecting {'(', '{'}
line 233:14 mismatched input '\ifExintVar' expecting {MODALITY, FORALL, EXISTS, '\if', '\ifEx', 'true', 'false', '(', '{', '@', NOT, SEQARROW, '-', STRING_LITERAL, CHAR_LITERAL, BIN_LITERAL, HEX_LITERAL, IDENT, INT_LITERAL, FLOAT_LITERAL, DOUBLE_LITERAL, REAL_LITERAL}
line 233:27 extraneous input '(' expecting {'\lemma', '}', IDENT, '/*!'}
line 233:31 mismatched input ')' expecting {'(', '{'}
line 237:42 mismatched input '}' expecting {'(', '{'}
line 238:34 mismatched input '}' expecting {'(', '{'}
line 239:28 extraneous input '(' expecting {'\lemma', '}', IDENT, '/*!'}
line 239:33 mismatched input '-&gt;' expecting {'(', '{'}
line 240:8 extraneous input '\replacewith' expecting {'\lemma', '}', IDENT, '/*!'}
line 240:25 mismatched input ')' expecting {'(', '{'}
line 240:56 mismatched input ')' expecting {'(', '{'}
line 245:14 mismatched input '\ifExintVar' expecting {MODALITY, FORALL, EXISTS, '\if', '\ifEx', 'true', 'false', '(', '{', '@', NOT, SEQARROW, '-', STRING_LITERAL, CHAR_LITERAL, BIN_LITERAL, HEX_LITERAL, IDENT, INT_LITERAL, FLOAT_LITERAL, DOUBLE_LITERAL, REAL_LITERAL}
line 245:27 extraneous input '(' expecting {'\lemma', '}', IDENT, '/*!'}
line 245:31 mismatched input ')' expecting {'(', '{'}
line 248:45 mismatched input '}' expecting {'(', '{'}
line 249:8 extraneous input '\replacewith' expecting {'\lemma', '}', IDENT, '/*!'}
line 249:38 mismatched input ')' expecting {'(', '{'}
line 250:42 mismatched input '}' expecting {'(', '{'}
line 251:28 extraneous input '(' expecting {'\lemma', '}', IDENT, '/*!'}
line 251:33 mismatched input '-&gt;' expecting {'(', '{'}
line 255:14 mismatched input '\ifExintVar' expecting {MODALITY, FORALL, EXISTS, '\if', '\ifEx', 'true', 'false', '(', '{', '@', NOT, SEQARROW, '-', STRING_LITERAL, CHAR_LITERAL, BIN_LITERAL, HEX_LITERAL, IDENT, INT_LITERAL, FLOAT_LITERAL, DOUBLE_LITERAL, REAL_LITERAL}
line 255:27 extraneous input '(' expecting {'\lemma', '}', IDENT, '/*!'}
line 255:31 mismatched input ')' expecting {'(', '{'}
line 258:52 extraneous input '0' expecting {'\lemma', '}', IDENT, '/*!'}
line 258:54 mismatched input 'then' expecting {&lt;EOF&gt;, '\problem', '\chooseContract', '\proofObligation', '\proof'}
)
	at app//de.uka.ilkd.key.control.AbstractUserInterfaceControl.load(AbstractUserInterfaceControl.java:221)
	at app//de.uka.ilkd.key.control.KeYEnvironment.load(KeYEnvironment.java:251)
	at app//de.uka.ilkd.key.control.KeYEnvironment.load(KeYEnvironment.java:224)
	at app//de.uka.ilkd.key.control.KeYEnvironment.load(KeYEnvironment.java:184)
	at app//de.uka.ilkd.key.logic.TestTermLabelManager.createTestServices(TestTermLabelManager.java:624)
	at app//de.uka.ilkd.key.logic.TestTermLabelManager.doRefactoringTestLogging(TestTermLabelManager.java:106)
	at app//de.uka.ilkd.key.logic.TestTermLabelManager.testrefactorGoal_directChildren_allRules(TestTermLabelManager.java:59)
	at java.base@11.0.18/jdk.internal.reflect.NativeMethodAccessorImpl.invoke0(Native Method)
	at java.base@11.0.18/jdk.internal.reflect.NativeMethodAccessorImpl.invoke(NativeMethodAccessorImpl.java:62)
	at java.base@11.0.18/jdk.internal.reflect.DelegatingMethodAccessorImpl.invoke(DelegatingMethodAccessorImpl.java:43)
	at java.base@11.0.18/java.lang.reflect.Method.invoke(Method.java:566)
	at app//org.junit.platform.commons.util.ReflectionUtils.invokeMethod(ReflectionUtils.java:725)
	at app//org.junit.jupiter.engine.execution.MethodInvocation.proceed(MethodInvocation.java:60)
	at app//org.junit.jupiter.engine.execution.InvocationInterceptorChain$ValidatingInvocation.proceed(InvocationInterceptorChain.java:131)
	at app//org.junit.jupiter.engine.extension.TimeoutExtension.intercept(TimeoutExtension.java:149)
	at app//org.junit.jupiter.engine.extension.TimeoutExtension.interceptTestableMethod(TimeoutExtension.java:140)
	at app//org.junit.jupiter.engine.extension.TimeoutExtension.interceptTestMethod(TimeoutExtension.java:84)
	at app//org.junit.jupiter.engine.execution.ExecutableInvoker$ReflectiveInterceptorCall.lambda$ofVoidMethod$0(ExecutableInvoker.java:115)
	at app//org.junit.jupiter.engine.execution.ExecutableInvoker.lambda$invoke$0(ExecutableInvoker.java:105)
	at app//org.junit.jupiter.engine.execution.InvocationInterceptorChain$InterceptedInvocation.proceed(InvocationInterceptorChain.java:106)
	at app//org.junit.jupiter.engine.execution.InvocationInterceptorChain.proceed(InvocationInterceptorChain.java:64)
	at app//org.junit.jupiter.engine.execution.InvocationInterceptorChain.chainAndInvoke(InvocationInterceptorChain.java:45)
	at app//org.junit.jupiter.engine.execution.InvocationInterceptorChain.invoke(InvocationInterceptorChain.java:37)
	at app//org.junit.jupiter.engine.execution.ExecutableInvoker.invoke(ExecutableInvoker.java:104)
	at app//org.junit.jupiter.engine.execution.ExecutableInvoker.invoke(ExecutableInvoker.java:98)
	at app//org.junit.jupiter.engine.descriptor.TestMethodTestDescriptor.lambda$invokeTestMethod$7(TestMethodTestDescriptor.java:214)
	at app//org.junit.platform.engine.support.hierarchical.ThrowableCollector.execute(ThrowableCollector.java:73)
	at app//org.junit.jupiter.engine.descriptor.TestMethodTestDescriptor.invokeTestMethod(TestMethodTestDescriptor.java:210)
	at app//org.junit.jupiter.engine.descriptor.TestMethodTestDescriptor.execute(TestMethodTestDescriptor.java:135)
	at app//org.junit.jupiter.engine.descriptor.TestMethodTestDescriptor.execute(TestMethodTestDescriptor.java:66)
	at app//org.junit.platform.engine.support.hierarchical.NodeTestTask.lambda$executeRecursively$6(NodeTestTask.java:151)
	at app//org.junit.platform.engine.support.hierarchical.ThrowableCollector.execute(ThrowableCollector.java:73)
	at app//org.junit.platform.engine.support.hierarchical.NodeTestTask.lambda$executeRecursively$8(NodeTestTask.java:141)
	at app//org.junit.platform.engine.support.hierarchical.Node.around(Node.java:137)
	at app//org.junit.platform.engine.support.hierarchical.NodeTestTask.lambda$executeRecursively$9(NodeTestTask.java:139)
	at app//org.junit.platform.engine.support.hierarchical.ThrowableCollector.execute(ThrowableCollector.java:73)
	at app//org.junit.platform.engine.support.hierarchical.NodeTestTask.executeRecursively(NodeTestTask.java:138)
	at app//org.junit.platform.engine.support.hierarchical.NodeTestTask.execute(NodeTestTask.java:95)
	at java.base@11.0.18/java.util.ArrayList.forEach(ArrayList.java:1541)
	at app//org.junit.platform.engine.support.hierarchical.SameThreadHierarchicalTestExecutorService.invokeAll(SameThreadHierarchicalTestExecutorService.java:41)
	at app//org.junit.platform.engine.support.hierarchical.NodeTestTask.lambda$executeRecursively$6(NodeTestTask.java:155)
	at app//org.junit.platform.engine.support.hierarchical.ThrowableCollector.execute(ThrowableCollector.java:73)
	at app//org.junit.platform.engine.support.hierarchical.NodeTestTask.lambda$executeRecursively$8(NodeTestTask.java:141)
	at app//org.junit.platform.engine.support.hierarchical.Node.around(Node.java:137)
	at app//org.junit.platform.engine.support.hierarchical.NodeTestTask.lambda$executeRecursively$9(NodeTestTask.java:139)
	at app//org.junit.platform.engine.support.hierarchical.ThrowableCollector.execute(ThrowableCollector.java:73)
	at app//org.junit.platform.engine.support.hierarchical.NodeTestTask.executeRecursively(NodeTestTask.java:138)
	at app//org.junit.platform.engine.support.hierarchical.NodeTestTask.execute(NodeTestTask.java:95)
	at java.base@11.0.18/java.util.ArrayList.forEach(ArrayList.java:1541)
	at app//org.junit.platform.engine.support.hierarchical.SameThreadHierarchicalTestExecutorService.invokeAll(SameThreadHierarchicalTestExecutorService.java:41)
	at app//org.junit.platform.engine.support.hierarchical.NodeTestTask.lambda$executeRecursively$6(NodeTestTask.java:155)
	at app//org.junit.platform.engine.support.hierarchical.ThrowableCollector.execute(ThrowableCollector.java:73)
	at app//org.junit.platform.engine.support.hierarchical.NodeTestTask.lambda$executeRecursively$8(NodeTestTask.java:141)
	at app//org.junit.platform.engine.support.hierarchical.Node.around(Node.java:137)
	at app//org.junit.platform.engine.support.hierarchical.NodeTestTask.lambda$executeRecursively$9(NodeTestTask.java:139)
	at app//org.junit.platform.engine.support.hierarchical.ThrowableCollector.execute(ThrowableCollector.java:73)
	at app//org.junit.platform.engine.support.hierarchical.NodeTestTask.executeRecursively(NodeTestTask.java:138)
	at app//org.junit.platform.engine.support.hierarchical.NodeTestTask.execute(NodeTestTask.java:95)
	at app//org.junit.platform.engine.support.hierarchical.SameThreadHierarchicalTestExecutorService.submit(SameThreadHierarchicalTestExecutorService.java:35)
	at app//org.junit.platform.engine.support.hierarchical.HierarchicalTestExecutor.execute(HierarchicalTestExecutor.java:57)
	at app//org.junit.platform.engine.support.hierarchical.HierarchicalTestEngine.execute(HierarchicalTestEngine.java:54)
	at org.junit.platform.launcher.core.EngineExecutionOrchestrator.execute(EngineExecutionOrchestrator.java:107)
	at org.junit.platform.launcher.core.EngineExecutionOrchestrator.execute(EngineExecutionOrchestrator.java:88)
	at org.junit.platform.launcher.core.EngineExecutionOrchestrator.lambda$execute$0(EngineExecutionOrchestrator.java:54)
	at org.junit.platform.launcher.core.EngineExecutionOrchestrator.withInterceptedStreams(EngineExecutionOrchestrator.java:67)
	at org.junit.platform.launcher.core.EngineExecutionOrchestrator.execute(EngineExecutionOrchestrator.java:52)
	at org.junit.platform.launcher.core.DefaultLauncher.execute(DefaultLauncher.java:114)
	at org.junit.platform.launcher.core.DefaultLauncher.execute(DefaultLauncher.java:86)
	at org.junit.platform.launcher.core.DefaultLauncherSession$DelegatingLauncher.execute(DefaultLauncherSession.java:86)
	at org.junit.platform.launcher.core.SessionPerRequestLauncher.execute(SessionPerRequestLauncher.java:53)
	at org.gradle.api.internal.tasks.testing.junitplatform.JUnitPlatformTestClassProcessor$CollectAllTestClassesExecutor.processAllTestClasses(JUnitPlatformTestClassProcessor.java:99)
	at org.gradle.api.internal.tasks.testing.junitplatform.JUnitPlatformTestClassProcessor$CollectAllTestClassesExecutor.access$000(JUnitPlatformTestClassProcessor.java:79)
	at org.gradle.api.internal.tasks.testing.junitplatform.JUnitPlatformTestClassProcessor.stop(JUnitPlatformTestClassProcessor.java:75)
	at org.gradle.api.internal.tasks.testing.SuiteTestClassProcessor.stop(SuiteTestClassProcessor.java:62)
	at java.base@11.0.18/jdk.internal.reflect.NativeMethodAccessorImpl.invoke0(Native Method)
	at java.base@11.0.18/jdk.internal.reflect.NativeMethodAccessorImpl.invoke(NativeMethodAccessorImpl.java:62)
	at java.base@11.0.18/jdk.internal.reflect.DelegatingMethodAccessorImpl.invoke(DelegatingMethodAccessorImpl.java:43)
	at java.base@11.0.18/java.lang.reflect.Method.invoke(Method.java:566)
	at org.gradle.internal.dispatch.ReflectionDispatch.dispatch(ReflectionDispatch.java:36)
	at org.gradle.internal.dispatch.ReflectionDispatch.dispatch(ReflectionDispatch.java:24)
	at org.gradle.internal.dispatch.ContextClassLoaderDispatch.dispatch(ContextClassLoaderDispatch.java:33)
	at org.gradle.internal.dispatch.ProxyDispatchAdapter$DispatchingInvocationHandler.invoke(ProxyDispatchAdapter.java:94)
	at com.sun.proxy.$Proxy2.stop(Unknown Source)
	at org.gradle.api.internal.tasks.testing.worker.TestWorker$3.run(TestWorker.java:193)
	at org.gradle.api.internal.tasks.testing.worker.TestWorker.executeAndMaintainThreadName(TestWorker.java:129)
	at org.gradle.api.internal.tasks.testing.worker.TestWorker.execute(TestWorker.java:100)
	at org.gradle.api.internal.tasks.testing.worker.TestWorker.execute(TestWorker.java:60)
	at org.gradle.process.internal.worker.child.ActionExecutionWorker.execute(ActionExecutionWorker.java:56)
	at org.gradle.process.internal.worker.child.SystemApplicationClassLoaderWorker.call(SystemApplicationClassLoaderWorker.java:113)
	at org.gradle.process.internal.worker.child.SystemApplicationClassLoaderWorker.call(SystemApplicationClassLoaderWorker.java:65)
	at app//worker.org.gradle.process.internal.worker.GradleWorkerMain.run(GradleWorkerMain.java:69)
	at app//worker.org.gradle.process.internal.worker.GradleWorkerMain.main(GradleWorkerMain.java:74)
Caused by: de.uka.ilkd.key.proof.init.ProofInputException: line 135:14 mismatched input '\ifExintVar' expecting {MODALITY, FORALL, EXISTS, '\if', '\ifEx', 'true', 'false', '(', '{', '@', NOT, SEQARROW, '-', STRING_LITERAL, CHAR_LITERAL, BIN_LITERAL, HEX_LITERAL, IDENT, INT_LITERAL, FLOAT_LITERAL, DOUBLE_LITERAL, REAL_LITERAL}
line 135:27 extraneous input '(' expecting {'\lemma', '}', IDENT, '/*!'}
line 135:44 mismatched input ')' expecting {'(', '{'}
line 141:14 mismatched input '\ifExintVar' expecting {MODALITY, FORALL, EXISTS, '\if', '\ifEx', 'true', 'false', '(', '{', '@', NOT, SEQARROW, '-', STRING_LITERAL, CHAR_LITERAL, BIN_LITERAL, HEX_LITERAL, IDENT, INT_LITERAL, FLOAT_LITERAL, DOUBLE_LITERAL, REAL_LITERAL}
line 141:27 extraneous input '(' expecting {'\lemma', '}', IDENT, '/*!'}
line 141:41 mismatched input ')' expecting {'(', '{'}
line 148:14 mismatched input '\ifExintVar' expecting {MODALITY, FORALL, EXISTS, '\if', '\ifEx', 'true', 'false', '(', '{', '@', NOT, SEQARROW, '-', STRING_LITERAL, CHAR_LITERAL, BIN_LITERAL, HEX_LITERAL, IDENT, INT_LITERAL, FLOAT_LITERAL, DOUBLE_LITERAL, REAL_LITERAL}
line 148:27 extraneous input '(' expecting {'\lemma', '}', IDENT, '/*!'}
line 148:35 mismatched input '=' expecting {'(', '{'}
line 150:38 mismatched input '}' expecting {'(', '{'}
line 155:14 mismatched input '\ifExintVar' expecting {MODALITY, FORALL, EXISTS, '\if', '\ifEx', 'true', 'false', '(', '{', '@', NOT, SEQARROW, '-', STRING_LITERAL, CHAR_LITERAL, BIN_LITERAL, HEX_LITERAL, IDENT, INT_LITERAL, FLOAT_LITERAL, DOUBLE_LITERAL, REAL_LITERAL}
line 155:27 extraneous input '(' expecting {'\lemma', '}', IDENT, '/*!'}
line 155:35 mismatched input '=' expecting {'(', '{'}
line 157:38 mismatched input '}' expecting {'(', '{'}
line 163:14 mismatched input '\ifExintVar' expecting {MODALITY, FORALL, EXISTS, '\if', '\ifEx', 'true', 'false', '(', '{', '@', NOT, SEQARROW, '-', STRING_LITERAL, CHAR_LITERAL, BIN_LITERAL, HEX_LITERAL, IDENT, INT_LITERAL, FLOAT_LITERAL, DOUBLE_LITERAL, REAL_LITERAL}
line 163:27 extraneous input '(' expecting {'\lemma', '}', IDENT, '/*!'}
line 163:30 mismatched input '=' expecting {'(', '{'}
line 165:38 mismatched input '}' expecting {'(', '{'}
line 171:14 mismatched input '\ifExintVar' expecting {MODALITY, FORALL, EXISTS, '\if', '\ifEx', 'true', 'false', '(', '{', '@', NOT, SEQARROW, '-', STRING_LITERAL, CHAR_LITERAL, BIN_LITERAL, HEX_LITERAL, IDENT, INT_LITERAL, FLOAT_LITERAL, DOUBLE_LITERAL, REAL_LITERAL}
line 171:27 extraneous input '(' expecting {'\lemma', '}', IDENT, '/*!'}
line 171:30 mismatched input '=' expecting {'(', '{'}
line 173:38 mismatched input '}' expecting {'(', '{'}
line 179:14 mismatched input '\ifExintVar' expecting {MODALITY, FORALL, EXISTS, '\if', '\ifEx', 'true', 'false', '(', '{', '@', NOT, SEQARROW, '-', STRING_LITERAL, CHAR_LITERAL, BIN_LITERAL, HEX_LITERAL, IDENT, INT_LITERAL, FLOAT_LITERAL, DOUBLE_LITERAL, REAL_LITERAL}
line 179:27 extraneous input '(' expecting {'\lemma', '}', IDENT, '/*!'}
line 179:32 mismatched input '&amp;' expecting {'(', '{'}
line 181:42 mismatched input '}' expecting {'(', '{'}
line 182:39 mismatched input '}' expecting {'(', '{'}
line 188:14 mismatched input '\ifExintVar' expecting {MODALITY, FORALL, EXISTS, '\if', '\ifEx', 'true', 'false', '(', '{', '@', NOT, SEQARROW, '-', STRING_LITERAL, CHAR_LITERAL, BIN_LITERAL, HEX_LITERAL, IDENT, INT_LITERAL, FLOAT_LITERAL, DOUBLE_LITERAL, REAL_LITERAL}
line 188:27 extraneous input '(' expecting {'\lemma', '}', IDENT, '/*!'}
line 188:32 mismatched input '&amp;' expecting {'(', '{'}
line 190:42 mismatched input '}' expecting {'(', '{'}
line 191:39 mismatched input '}' expecting {'(', '{'}
line 198:14 mismatched input '\ifExintVar' expecting {MODALITY, FORALL, EXISTS, '\if', '\ifEx', 'true', 'false', '(', '{', '@', NOT, SEQARROW, '-', STRING_LITERAL, CHAR_LITERAL, BIN_LITERAL, HEX_LITERAL, IDENT, INT_LITERAL, FLOAT_LITERAL, DOUBLE_LITERAL, REAL_LITERAL}
line 198:27 extraneous input '(' expecting {'\lemma', '}', IDENT, '/*!'}
line 198:32 mismatched input '&amp;' expecting {'(', '{'}
line 200:42 mismatched input '}' expecting {'(', '{'}
line 201:39 mismatched input '}' expecting {'(', '{'}
line 208:14 mismatched input '\ifExintVar' expecting {MODALITY, FORALL, EXISTS, '\if', '\ifEx', 'true', 'false', '(', '{', '@', NOT, SEQARROW, '-', STRING_LITERAL, CHAR_LITERAL, BIN_LITERAL, HEX_LITERAL, IDENT, INT_LITERAL, FLOAT_LITERAL, DOUBLE_LITERAL, REAL_LITERAL}
line 208:27 extraneous input '(' expecting {'\lemma', '}', IDENT, '/*!'}
line 208:32 mismatched input '&amp;' expecting {'(', '{'}
line 210:42 mismatched input '}' expecting {'(', '{'}
line 211:39 mismatched input '}' expecting {'(', '{'}
line 218:14 mismatched input '\ifExintVar' expecting {MODALITY, FORALL, EXISTS, '\if', '\ifEx', 'true', 'false', '(', '{', '@', NOT, SEQARROW, '-', STRING_LITERAL, CHAR_LITERAL, BIN_LITERAL, HEX_LITERAL, IDENT, INT_LITERAL, FLOAT_LITERAL, DOUBLE_LITERAL, REAL_LITERAL}
line 218:27 extraneous input '(' expecting {'\lemma', '}', IDENT, '/*!'}
line 218:31 mismatched input ')' expecting {'(', '{'}
line 220:44 mismatched input ')' expecting {'(', '{'}
line 225:14 mismatched input '\ifExintVar' expecting {MODALITY, FORALL, EXISTS, '\if', '\ifEx', 'true', 'false', '(', '{', '@', NOT, SEQARROW, '-', STRING_LITERAL, CHAR_LITERAL, BIN_LITERAL, HEX_LITERAL, IDENT, INT_LITERAL, FLOAT_LITERAL, DOUBLE_LITERAL, REAL_LITERAL}
line 225:27 extraneous input '(' expecting {'\lemma', '}', IDENT, '/*!'}
line 225:31 mismatched input ')' expecting {'(', '{'}
line 227:44 mismatched input ')' expecting {'(', '{'}
line 233:14 mismatched input '\ifExintVar' expecting {MODALITY, FORALL, EXISTS, '\if', '\ifEx', 'true', 'false', '(', '{', '@', NOT, SEQARROW, '-', STRING_LITERAL, CHAR_LITERAL, BIN_LITERAL, HEX_LITERAL, IDENT, INT_LITERAL, FLOAT_LITERAL, DOUBLE_LITERAL, REAL_LITERAL}
line 233:27 extraneous input '(' expecting {'\lemma', '}', IDENT, '/*!'}
line 233:31 mismatched input ')' expecting {'(', '{'}
line 237:42 mismatched input '}' expecting {'(', '{'}
line 238:34 mismatched input '}' expecting {'(', '{'}
line 239:28 extraneous input '(' expecting {'\lemma', '}', IDENT, '/*!'}
line 239:33 mismatched input '-&gt;' expecting {'(', '{'}
line 240:8 extraneous input '\replacewith' expecting {'\lemma', '}', IDENT, '/*!'}
line 240:25 mismatched input ')' expecting {'(', '{'}
line 240:56 mismatched input ')' expecting {'(', '{'}
line 245:14 mismatched input '\ifExintVar' expecting {MODALITY, FORALL, EXISTS, '\if', '\ifEx', 'true', 'false', '(', '{', '@', NOT, SEQARROW, '-', STRING_LITERAL, CHAR_LITERAL, BIN_LITERAL, HEX_LITERAL, IDENT, INT_LITERAL, FLOAT_LITERAL, DOUBLE_LITERAL, REAL_LITERAL}
line 245:27 extraneous input '(' expecting {'\lemma', '}', IDENT, '/*!'}
line 245:31 mismatched input ')' expecting {'(', '{'}
line 248:45 mismatched input '}' expecting {'(', '{'}
line 249:8 extraneous input '\replacewith' expecting {'\lemma', '}', IDENT, '/*!'}
line 249:38 mismatched input ')' expecting {'(', '{'}
line 250:42 mismatched input '}' expecting {'(', '{'}
line 251:28 extraneous input '(' expecting {'\lemma', '}', IDENT, '/*!'}
line 251:33 mismatched input '-&gt;' expecting {'(', '{'}
line 255:14 mismatched input '\ifExintVar' expecting {MODALITY, FORALL, EXISTS, '\if', '\ifEx', 'true', 'false', '(', '{', '@', NOT, SEQARROW, '-', STRING_LITERAL, CHAR_LITERAL, BIN_LITERAL, HEX_LITERAL, IDENT, INT_LITERAL, FLOAT_LITERAL, DOUBLE_LITERAL, REAL_LITERAL}
line 255:27 extraneous input '(' expecting {'\lemma', '}', IDENT, '/*!'}
line 255:31 mismatched input ')' expecting {'(', '{'}
line 258:52 extraneous input '0' expecting {'\lemma', '}', IDENT, '/*!'}
line 258:54 mismatched input 'then' expecting {&lt;EOF&gt;, '\problem', '\chooseContract', '\proofObligation', '\proof'}

	at app//de.uka.ilkd.key.proof.io.KeYFile.readIncludes(KeYFile.java:210)
	at app//de.uka.ilkd.key.proof.init.ProblemInitializer.readIncludes(ProblemInitializer.java:177)
	at app//de.uka.ilkd.key.proof.init.ProblemInitializer.readEnvInput(ProblemInitializer.java:325)
	at app//de.uka.ilkd.key.proof.init.ProblemInitializer.readIncludes(ProblemInitializer.java:188)
	at app//de.uka.ilkd.key.proof.init.ProblemInitializer.readEnvInput(ProblemInitializer.java:325)
	at app//de.uka.ilkd.key.proof.init.ProblemInitializer.prepare(ProblemInitializer.java:449)
	at app//de.uka.ilkd.key.proof.io.AbstractProblemLoader.createInitConfig(AbstractProblemLoader.java:518)
	at app//de.uka.ilkd.key.proof.io.AbstractProblemLoader.loadEnvironment(AbstractProblemLoader.java:288)
	at app//de.uka.ilkd.key.proof.io.AbstractProblemLoader.load(AbstractProblemLoader.java:252)
	at app//de.uka.ilkd.key.control.AbstractUserInterfaceControl.load(AbstractUserInterfaceControl.java:209)
	... 91 more
Caused by: de.uka.ilkd.key.util.parsing.SyntaxErrorReporter$ParserException: line 135:14 mismatched input '\ifExintVar' expecting {MODALITY, FORALL, EXISTS, '\if', '\ifEx', 'true', 'false', '(', '{', '@', NOT, SEQARROW, '-', STRING_LITERAL, CHAR_LITERAL, BIN_LITERAL, HEX_LITERAL, IDENT, INT_LITERAL, FLOAT_LITERAL, DOUBLE_LITERAL, REAL_LITERAL}
line 135:27 extraneous input '(' expecting {'\lemma', '}', IDENT, '/*!'}
line 135:44 mismatched input ')' expecting {'(', '{'}
line 141:14 mismatched input '\ifExintVar' expecting {MODALITY, FORALL, EXISTS, '\if', '\ifEx', 'true', 'false', '(', '{', '@', NOT, SEQARROW, '-', STRING_LITERAL, CHAR_LITERAL, BIN_LITERAL, HEX_LITERAL, IDENT, INT_LITERAL, FLOAT_LITERAL, DOUBLE_LITERAL, REAL_LITERAL}
line 141:27 extraneous input '(' expecting {'\lemma', '}', IDENT, '/*!'}
line 141:41 mismatched input ')' expecting {'(', '{'}
line 148:14 mismatched input '\ifExintVar' expecting {MODALITY, FORALL, EXISTS, '\if', '\ifEx', 'true', 'false', '(', '{', '@', NOT, SEQARROW, '-', STRING_LITERAL, CHAR_LITERAL, BIN_LITERAL, HEX_LITERAL, IDENT, INT_LITERAL, FLOAT_LITERAL, DOUBLE_LITERAL, REAL_LITERAL}
line 148:27 extraneous input '(' expecting {'\lemma', '}', IDENT, '/*!'}
line 148:35 mismatched input '=' expecting {'(', '{'}
line 150:38 mismatched input '}' expecting {'(', '{'}
line 155:14 mismatched input '\ifExintVar' expecting {MODALITY, FORALL, EXISTS, '\if', '\ifEx', 'true', 'false', '(', '{', '@', NOT, SEQARROW, '-', STRING_LITERAL, CHAR_LITERAL, BIN_LITERAL, HEX_LITERAL, IDENT, INT_LITERAL, FLOAT_LITERAL, DOUBLE_LITERAL, REAL_LITERAL}
line 155:27 extraneous input '(' expecting {'\lemma', '}', IDENT, '/*!'}
line 155:35 mismatched input '=' expecting {'(', '{'}
line 157:38 mismatched input '}' expecting {'(', '{'}
line 163:14 mismatched input '\ifExintVar' expecting {MODALITY, FORALL, EXISTS, '\if', '\ifEx', 'true', 'false', '(', '{', '@', NOT, SEQARROW, '-', STRING_LITERAL, CHAR_LITERAL, BIN_LITERAL, HEX_LITERAL, IDENT, INT_LITERAL, FLOAT_LITERAL, DOUBLE_LITERAL, REAL_LITERAL}
line 163:27 extraneous input '(' expecting {'\lemma', '}', IDENT, '/*!'}
line 163:30 mismatched input '=' expecting {'(', '{'}
line 165:38 mismatched input '}' expecting {'(', '{'}
line 171:14 mismatched input '\ifExintVar' expecting {MODALITY, FORALL, EXISTS, '\if', '\ifEx', 'true', 'false', '(', '{', '@', NOT, SEQARROW, '-', STRING_LITERAL, CHAR_LITERAL, BIN_LITERAL, HEX_LITERAL, IDENT, INT_LITERAL, FLOAT_LITERAL, DOUBLE_LITERAL, REAL_LITERAL}
line 171:27 extraneous input '(' expecting {'\lemma', '}', IDENT, '/*!'}
line 171:30 mismatched input '=' expecting {'(', '{'}
line 173:38 mismatched input '}' expecting {'(', '{'}
line 179:14 mismatched input '\ifExintVar' expecting {MODALITY, FORALL, EXISTS, '\if', '\ifEx', 'true', 'false', '(', '{', '@', NOT, SEQARROW, '-', STRING_LITERAL, CHAR_LITERAL, BIN_LITERAL, HEX_LITERAL, IDENT, INT_LITERAL, FLOAT_LITERAL, DOUBLE_LITERAL, REAL_LITERAL}
line 179:27 extraneous input '(' expecting {'\lemma', '}', IDENT, '/*!'}
line 179:32 mismatched input '&amp;' expecting {'(', '{'}
line 181:42 mismatched input '}' expecting {'(', '{'}
line 182:39 mismatched input '}' expecting {'(', '{'}
line 188:14 mismatched input '\ifExintVar' expecting {MODALITY, FORALL, EXISTS, '\if', '\ifEx', 'true', 'false', '(', '{', '@', NOT, SEQARROW, '-', STRING_LITERAL, CHAR_LITERAL, BIN_LITERAL, HEX_LITERAL, IDENT, INT_LITERAL, FLOAT_LITERAL, DOUBLE_LITERAL, REAL_LITERAL}
line 188:27 extraneous input '(' expecting {'\lemma', '}', IDENT, '/*!'}
line 188:32 mismatched input '&amp;' expecting {'(', '{'}
line 190:42 mismatched input '}' expecting {'(', '{'}
line 191:39 mismatched input '}' expecting {'(', '{'}
line 198:14 mismatched input '\ifExintVar' expecting {MODALITY, FORALL, EXISTS, '\if', '\ifEx', 'true', 'false', '(', '{', '@', NOT, SEQARROW, '-', STRING_LITERAL, CHAR_LITERAL, BIN_LITERAL, HEX_LITERAL, IDENT, INT_LITERAL, FLOAT_LITERAL, DOUBLE_LITERAL, REAL_LITERAL}
line 198:27 extraneous input '(' expecting {'\lemma', '}', IDENT, '/*!'}
line 198:32 mismatched input '&amp;' expecting {'(', '{'}
line 200:42 mismatched input '}' expecting {'(', '{'}
line 201:39 mismatched input '}' expecting {'(', '{'}
line 208:14 mismatched input '\ifExintVar' expecting {MODALITY, FORALL, EXISTS, '\if', '\ifEx', 'true', 'false', '(', '{', '@', NOT, SEQARROW, '-', STRING_LITERAL, CHAR_LITERAL, BIN_LITERAL, HEX_LITERAL, IDENT, INT_LITERAL, FLOAT_LITERAL, DOUBLE_LITERAL, REAL_LITERAL}
line 208:27 extraneous input '(' expecting {'\lemma', '}', IDENT, '/*!'}
line 208:32 mismatched input '&amp;' expecting {'(', '{'}
line 210:42 mismatched input '}' expecting {'(', '{'}
line 211:39 mismatched input '}' expecting {'(', '{'}
line 218:14 mismatched input '\ifExintVar' expecting {MODALITY, FORALL, EXISTS, '\if', '\ifEx', 'true', 'false', '(', '{', '@', NOT, SEQARROW, '-', STRING_LITERAL, CHAR_LITERAL, BIN_LITERAL, HEX_LITERAL, IDENT, INT_LITERAL, FLOAT_LITERAL, DOUBLE_LITERAL, REAL_LITERAL}
line 218:27 extraneous input '(' expecting {'\lemma', '}', IDENT, '/*!'}
line 218:31 mismatched input ')' expecting {'(', '{'}
line 220:44 mismatched input ')' expecting {'(', '{'}
line 225:14 mismatched input '\ifExintVar' expecting {MODALITY, FORALL, EXISTS, '\if', '\ifEx', 'true', 'false', '(', '{', '@', NOT, SEQARROW, '-', STRING_LITERAL, CHAR_LITERAL, BIN_LITERAL, HEX_LITERAL, IDENT, INT_LITERAL, FLOAT_LITERAL, DOUBLE_LITERAL, REAL_LITERAL}
line 225:27 extraneous input '(' expecting {'\lemma', '}', IDENT, '/*!'}
line 225:31 mismatched input ')' expecting {'(', '{'}
line 227:44 mismatched input ')' expecting {'(', '{'}
line 233:14 mismatched input '\ifExintVar' expecting {MODALITY, FORALL, EXISTS, '\if', '\ifEx', 'true', 'false', '(', '{', '@', NOT, SEQARROW, '-', STRING_LITERAL, CHAR_LITERAL, BIN_LITERAL, HEX_LITERAL, IDENT, INT_LITERAL, FLOAT_LITERAL, DOUBLE_LITERAL, REAL_LITERAL}
line 233:27 extraneous input '(' expecting {'\lemma', '}', IDENT, '/*!'}
line 233:31 mismatched input ')' expecting {'(', '{'}
line 237:42 mismatched input '}' expecting {'(', '{'}
line 238:34 mismatched input '}' expecting {'(', '{'}
line 239:28 extraneous input '(' expecting {'\lemma', '}', IDENT, '/*!'}
line 239:33 mismatched input '-&gt;' expecting {'(', '{'}
line 240:8 extraneous input '\replacewith' expecting {'\lemma', '}', IDENT, '/*!'}
line 240:25 mismatched input ')' expecting {'(', '{'}
line 240:56 mismatched input ')' expecting {'(', '{'}
line 245:14 mismatched input '\ifExintVar' expecting {MODALITY, FORALL, EXISTS, '\if', '\ifEx', 'true', 'false', '(', '{', '@', NOT, SEQARROW, '-', STRING_LITERAL, CHAR_LITERAL, BIN_LITERAL, HEX_LITERAL, IDENT, INT_LITERAL, FLOAT_LITERAL, DOUBLE_LITERAL, REAL_LITERAL}
line 245:27 extraneous input '(' expecting {'\lemma', '}', IDENT, '/*!'}
line 245:31 mismatched input ')' expecting {'(', '{'}
line 248:45 mismatched input '}' expecting {'(', '{'}
line 249:8 extraneous input '\replacewith' expecting {'\lemma', '}', IDENT, '/*!'}
line 249:38 mismatched input ')' expecting {'(', '{'}
line 250:42 mismatched input '}' expecting {'(', '{'}
line 251:28 extraneous input '(' expecting {'\lemma', '}', IDENT, '/*!'}
line 251:33 mismatched input '-&gt;' expecting {'(', '{'}
line 255:14 mismatched input '\ifExintVar' expecting {MODALITY, FORALL, EXISTS, '\if', '\ifEx', 'true', 'false', '(', '{', '@', NOT, SEQARROW, '-', STRING_LITERAL, CHAR_LITERAL, BIN_LITERAL, HEX_LITERAL, IDENT, INT_LITERAL, FLOAT_LITERAL, DOUBLE_LITERAL, REAL_LITERAL}
line 255:27 extraneous input '(' expecting {'\lemma', '}', IDENT, '/*!'}
line 255:31 mismatched input ')' expecting {'(', '{'}
line 258:52 extraneous input '0' expecting {'\lemma', '}', IDENT, '/*!'}
line 258:54 mismatched input 'then' expecting {&lt;EOF&gt;, '\problem', '\chooseContract', '\proofObligation', '\proof'}

	at app//de.uka.ilkd.key.util.parsing.SyntaxErrorReporter.throwException(SyntaxErrorReporter.java:89)
	at app//de.uka.ilkd.key.nparser.ParsingFacade.parseFile(ParsingFacade.java:125)
	at app//de.uka.ilkd.key.proof.io.KeYFile.getParseContext(KeYFile.java:160)
	at app//de.uka.ilkd.key.proof.io.KeYFile.readIncludes(KeYFile.java:206)
	... 100 more
</failure>
  </testcase>
  <testcase name="testInstantiateLabels_childAndGrandchildPolicies_allRules()" classname="de.uka.ilkd.key.logic.TestTermLabelManager" time="0.062">
    <failure message="org.opentest4j.AssertionFailedError" type="org.opentest4j.AssertionFailedError">org.opentest4j.AssertionFailedError
	at app//org.junit.jupiter.api.AssertionUtils.fail(AssertionUtils.java:35)
	at app//org.junit.jupiter.api.Assertions.fail(Assertions.java:115)
	at app//de.uka.ilkd.key.logic.TestTermLabelManager.testInstantiateLabels_childAndGrandchildPolicies_allRules(TestTermLabelManager.java:271)
	at java.base@11.0.18/jdk.internal.reflect.NativeMethodAccessorImpl.invoke0(Native Method)
	at java.base@11.0.18/jdk.internal.reflect.NativeMethodAccessorImpl.invoke(NativeMethodAccessorImpl.java:62)
	at java.base@11.0.18/jdk.internal.reflect.DelegatingMethodAccessorImpl.invoke(DelegatingMethodAccessorImpl.java:43)
	at java.base@11.0.18/java.lang.reflect.Method.invoke(Method.java:566)
	at app//org.junit.platform.commons.util.ReflectionUtils.invokeMethod(ReflectionUtils.java:725)
	at app//org.junit.jupiter.engine.execution.MethodInvocation.proceed(MethodInvocation.java:60)
	at app//org.junit.jupiter.engine.execution.InvocationInterceptorChain$ValidatingInvocation.proceed(InvocationInterceptorChain.java:131)
	at app//org.junit.jupiter.engine.extension.TimeoutExtension.intercept(TimeoutExtension.java:149)
	at app//org.junit.jupiter.engine.extension.TimeoutExtension.interceptTestableMethod(TimeoutExtension.java:140)
	at app//org.junit.jupiter.engine.extension.TimeoutExtension.interceptTestMethod(TimeoutExtension.java:84)
	at app//org.junit.jupiter.engine.execution.ExecutableInvoker$ReflectiveInterceptorCall.lambda$ofVoidMethod$0(ExecutableInvoker.java:115)
	at app//org.junit.jupiter.engine.execution.ExecutableInvoker.lambda$invoke$0(ExecutableInvoker.java:105)
	at app//org.junit.jupiter.engine.execution.InvocationInterceptorChain$InterceptedInvocation.proceed(InvocationInterceptorChain.java:106)
	at app//org.junit.jupiter.engine.execution.InvocationInterceptorChain.proceed(InvocationInterceptorChain.java:64)
	at app//org.junit.jupiter.engine.execution.InvocationInterceptorChain.chainAndInvoke(InvocationInterceptorChain.java:45)
	at app//org.junit.jupiter.engine.execution.InvocationInterceptorChain.invoke(InvocationInterceptorChain.java:37)
	at app//org.junit.jupiter.engine.execution.ExecutableInvoker.invoke(ExecutableInvoker.java:104)
	at app//org.junit.jupiter.engine.execution.ExecutableInvoker.invoke(ExecutableInvoker.java:98)
	at app//org.junit.jupiter.engine.descriptor.TestMethodTestDescriptor.lambda$invokeTestMethod$7(TestMethodTestDescriptor.java:214)
	at app//org.junit.platform.engine.support.hierarchical.ThrowableCollector.execute(ThrowableCollector.java:73)
	at app//org.junit.jupiter.engine.descriptor.TestMethodTestDescriptor.invokeTestMethod(TestMethodTestDescriptor.java:210)
	at app//org.junit.jupiter.engine.descriptor.TestMethodTestDescriptor.execute(TestMethodTestDescriptor.java:135)
	at app//org.junit.jupiter.engine.descriptor.TestMethodTestDescriptor.execute(TestMethodTestDescriptor.java:66)
	at app//org.junit.platform.engine.support.hierarchical.NodeTestTask.lambda$executeRecursively$6(NodeTestTask.java:151)
	at app//org.junit.platform.engine.support.hierarchical.ThrowableCollector.execute(ThrowableCollector.java:73)
	at app//org.junit.platform.engine.support.hierarchical.NodeTestTask.lambda$executeRecursively$8(NodeTestTask.java:141)
	at app//org.junit.platform.engine.support.hierarchical.Node.around(Node.java:137)
	at app//org.junit.platform.engine.support.hierarchical.NodeTestTask.lambda$executeRecursively$9(NodeTestTask.java:139)
	at app//org.junit.platform.engine.support.hierarchical.ThrowableCollector.execute(ThrowableCollector.java:73)
	at app//org.junit.platform.engine.support.hierarchical.NodeTestTask.executeRecursively(NodeTestTask.java:138)
	at app//org.junit.platform.engine.support.hierarchical.NodeTestTask.execute(NodeTestTask.java:95)
	at java.base@11.0.18/java.util.ArrayList.forEach(ArrayList.java:1541)
	at app//org.junit.platform.engine.support.hierarchical.SameThreadHierarchicalTestExecutorService.invokeAll(SameThreadHierarchicalTestExecutorService.java:41)
	at app//org.junit.platform.engine.support.hierarchical.NodeTestTask.lambda$executeRecursively$6(NodeTestTask.java:155)
	at app//org.junit.platform.engine.support.hierarchical.ThrowableCollector.execute(ThrowableCollector.java:73)
	at app//org.junit.platform.engine.support.hierarchical.NodeTestTask.lambda$executeRecursively$8(NodeTestTask.java:141)
	at app//org.junit.platform.engine.support.hierarchical.Node.around(Node.java:137)
	at app//org.junit.platform.engine.support.hierarchical.NodeTestTask.lambda$executeRecursively$9(NodeTestTask.java:139)
	at app//org.junit.platform.engine.support.hierarchical.ThrowableCollector.execute(ThrowableCollector.java:73)
	at app//org.junit.platform.engine.support.hierarchical.NodeTestTask.executeRecursively(NodeTestTask.java:138)
	at app//org.junit.platform.engine.support.hierarchical.NodeTestTask.execute(NodeTestTask.java:95)
	at java.base@11.0.18/java.util.ArrayList.forEach(ArrayList.java:1541)
	at app//org.junit.platform.engine.support.hierarchical.SameThreadHierarchicalTestExecutorService.invokeAll(SameThreadHierarchicalTestExecutorService.java:41)
	at app//org.junit.platform.engine.support.hierarchical.NodeTestTask.lambda$executeRecursively$6(NodeTestTask.java:155)
	at app//org.junit.platform.engine.support.hierarchical.ThrowableCollector.execute(ThrowableCollector.java:73)
	at app//org.junit.platform.engine.support.hierarchical.NodeTestTask.lambda$executeRecursively$8(NodeTestTask.java:141)
	at app//org.junit.platform.engine.support.hierarchical.Node.around(Node.java:137)
	at app//org.junit.platform.engine.support.hierarchical.NodeTestTask.lambda$executeRecursively$9(NodeTestTask.java:139)
	at app//org.junit.platform.engine.support.hierarchical.ThrowableCollector.execute(ThrowableCollector.java:73)
	at app//org.junit.platform.engine.support.hierarchical.NodeTestTask.executeRecursively(NodeTestTask.java:138)
	at app//org.junit.platform.engine.support.hierarchical.NodeTestTask.execute(NodeTestTask.java:95)
	at app//org.junit.platform.engine.support.hierarchical.SameThreadHierarchicalTestExecutorService.submit(SameThreadHierarchicalTestExecutorService.java:35)
	at app//org.junit.platform.engine.support.hierarchical.HierarchicalTestExecutor.execute(HierarchicalTestExecutor.java:57)
	at app//org.junit.platform.engine.support.hierarchical.HierarchicalTestEngine.execute(HierarchicalTestEngine.java:54)
	at org.junit.platform.launcher.core.EngineExecutionOrchestrator.execute(EngineExecutionOrchestrator.java:107)
	at org.junit.platform.launcher.core.EngineExecutionOrchestrator.execute(EngineExecutionOrchestrator.java:88)
	at org.junit.platform.launcher.core.EngineExecutionOrchestrator.lambda$execute$0(EngineExecutionOrchestrator.java:54)
	at org.junit.platform.launcher.core.EngineExecutionOrchestrator.withInterceptedStreams(EngineExecutionOrchestrator.java:67)
	at org.junit.platform.launcher.core.EngineExecutionOrchestrator.execute(EngineExecutionOrchestrator.java:52)
	at org.junit.platform.launcher.core.DefaultLauncher.execute(DefaultLauncher.java:114)
	at org.junit.platform.launcher.core.DefaultLauncher.execute(DefaultLauncher.java:86)
	at org.junit.platform.launcher.core.DefaultLauncherSession$DelegatingLauncher.execute(DefaultLauncherSession.java:86)
	at org.junit.platform.launcher.core.SessionPerRequestLauncher.execute(SessionPerRequestLauncher.java:53)
	at org.gradle.api.internal.tasks.testing.junitplatform.JUnitPlatformTestClassProcessor$CollectAllTestClassesExecutor.processAllTestClasses(JUnitPlatformTestClassProcessor.java:99)
	at org.gradle.api.internal.tasks.testing.junitplatform.JUnitPlatformTestClassProcessor$CollectAllTestClassesExecutor.access$000(JUnitPlatformTestClassProcessor.java:79)
	at org.gradle.api.internal.tasks.testing.junitplatform.JUnitPlatformTestClassProcessor.stop(JUnitPlatformTestClassProcessor.java:75)
	at org.gradle.api.internal.tasks.testing.SuiteTestClassProcessor.stop(SuiteTestClassProcessor.java:62)
	at java.base@11.0.18/jdk.internal.reflect.NativeMethodAccessorImpl.invoke0(Native Method)
	at java.base@11.0.18/jdk.internal.reflect.NativeMethodAccessorImpl.invoke(NativeMethodAccessorImpl.java:62)
	at java.base@11.0.18/jdk.internal.reflect.DelegatingMethodAccessorImpl.invoke(DelegatingMethodAccessorImpl.java:43)
	at java.base@11.0.18/java.lang.reflect.Method.invoke(Method.java:566)
	at org.gradle.internal.dispatch.ReflectionDispatch.dispatch(ReflectionDispatch.java:36)
	at org.gradle.internal.dispatch.ReflectionDispatch.dispatch(ReflectionDispatch.java:24)
	at org.gradle.internal.dispatch.ContextClassLoaderDispatch.dispatch(ContextClassLoaderDispatch.java:33)
	at org.gradle.internal.dispatch.ProxyDispatchAdapter$DispatchingInvocationHandler.invoke(ProxyDispatchAdapter.java:94)
	at com.sun.proxy.$Proxy2.stop(Unknown Source)
	at org.gradle.api.internal.tasks.testing.worker.TestWorker$3.run(TestWorker.java:193)
	at org.gradle.api.internal.tasks.testing.worker.TestWorker.executeAndMaintainThreadName(TestWorker.java:129)
	at org.gradle.api.internal.tasks.testing.worker.TestWorker.execute(TestWorker.java:100)
	at org.gradle.api.internal.tasks.testing.worker.TestWorker.execute(TestWorker.java:60)
	at org.gradle.process.internal.worker.child.ActionExecutionWorker.execute(ActionExecutionWorker.java:56)
	at org.gradle.process.internal.worker.child.SystemApplicationClassLoaderWorker.call(SystemApplicationClassLoaderWorker.java:113)
	at org.gradle.process.internal.worker.child.SystemApplicationClassLoaderWorker.call(SystemApplicationClassLoaderWorker.java:65)
	at app//worker.org.gradle.process.internal.worker.GradleWorkerMain.run(GradleWorkerMain.java:69)
	at app//worker.org.gradle.process.internal.worker.GradleWorkerMain.main(GradleWorkerMain.java:74)
</failure>
  </testcase>
  <testcase name="testInstantiateLabels_taclet()" classname="de.uka.ilkd.key.logic.TestTermLabelManager" time="0.036">
    <failure message="org.opentest4j.AssertionFailedError" type="org.opentest4j.AssertionFailedError">org.opentest4j.AssertionFailedError
	at app//org.junit.jupiter.api.AssertionUtils.fail(AssertionUtils.java:35)
	at app//org.junit.jupiter.api.Assertions.fail(Assertions.java:115)
	at app//de.uka.ilkd.key.logic.TestTermLabelManager.testInstantiateLabels_taclet(TestTermLabelManager.java:499)
	at java.base@11.0.18/jdk.internal.reflect.NativeMethodAccessorImpl.invoke0(Native Method)
	at java.base@11.0.18/jdk.internal.reflect.NativeMethodAccessorImpl.invoke(NativeMethodAccessorImpl.java:62)
	at java.base@11.0.18/jdk.internal.reflect.DelegatingMethodAccessorImpl.invoke(DelegatingMethodAccessorImpl.java:43)
	at java.base@11.0.18/java.lang.reflect.Method.invoke(Method.java:566)
	at app//org.junit.platform.commons.util.ReflectionUtils.invokeMethod(ReflectionUtils.java:725)
	at app//org.junit.jupiter.engine.execution.MethodInvocation.proceed(MethodInvocation.java:60)
	at app//org.junit.jupiter.engine.execution.InvocationInterceptorChain$ValidatingInvocation.proceed(InvocationInterceptorChain.java:131)
	at app//org.junit.jupiter.engine.extension.TimeoutExtension.intercept(TimeoutExtension.java:149)
	at app//org.junit.jupiter.engine.extension.TimeoutExtension.interceptTestableMethod(TimeoutExtension.java:140)
	at app//org.junit.jupiter.engine.extension.TimeoutExtension.interceptTestMethod(TimeoutExtension.java:84)
	at app//org.junit.jupiter.engine.execution.ExecutableInvoker$ReflectiveInterceptorCall.lambda$ofVoidMethod$0(ExecutableInvoker.java:115)
	at app//org.junit.jupiter.engine.execution.ExecutableInvoker.lambda$invoke$0(ExecutableInvoker.java:105)
	at app//org.junit.jupiter.engine.execution.InvocationInterceptorChain$InterceptedInvocation.proceed(InvocationInterceptorChain.java:106)
	at app//org.junit.jupiter.engine.execution.InvocationInterceptorChain.proceed(InvocationInterceptorChain.java:64)
	at app//org.junit.jupiter.engine.execution.InvocationInterceptorChain.chainAndInvoke(InvocationInterceptorChain.java:45)
	at app//org.junit.jupiter.engine.execution.InvocationInterceptorChain.invoke(InvocationInterceptorChain.java:37)
	at app//org.junit.jupiter.engine.execution.ExecutableInvoker.invoke(ExecutableInvoker.java:104)
	at app//org.junit.jupiter.engine.execution.ExecutableInvoker.invoke(ExecutableInvoker.java:98)
	at app//org.junit.jupiter.engine.descriptor.TestMethodTestDescriptor.lambda$invokeTestMethod$7(TestMethodTestDescriptor.java:214)
	at app//org.junit.platform.engine.support.hierarchical.ThrowableCollector.execute(ThrowableCollector.java:73)
	at app//org.junit.jupiter.engine.descriptor.TestMethodTestDescriptor.invokeTestMethod(TestMethodTestDescriptor.java:210)
	at app//org.junit.jupiter.engine.descriptor.TestMethodTestDescriptor.execute(TestMethodTestDescriptor.java:135)
	at app//org.junit.jupiter.engine.descriptor.TestMethodTestDescriptor.execute(TestMethodTestDescriptor.java:66)
	at app//org.junit.platform.engine.support.hierarchical.NodeTestTask.lambda$executeRecursively$6(NodeTestTask.java:151)
	at app//org.junit.platform.engine.support.hierarchical.ThrowableCollector.execute(ThrowableCollector.java:73)
	at app//org.junit.platform.engine.support.hierarchical.NodeTestTask.lambda$executeRecursively$8(NodeTestTask.java:141)
	at app//org.junit.platform.engine.support.hierarchical.Node.around(Node.java:137)
	at app//org.junit.platform.engine.support.hierarchical.NodeTestTask.lambda$executeRecursively$9(NodeTestTask.java:139)
	at app//org.junit.platform.engine.support.hierarchical.ThrowableCollector.execute(ThrowableCollector.java:73)
	at app//org.junit.platform.engine.support.hierarchical.NodeTestTask.executeRecursively(NodeTestTask.java:138)
	at app//org.junit.platform.engine.support.hierarchical.NodeTestTask.execute(NodeTestTask.java:95)
	at java.base@11.0.18/java.util.ArrayList.forEach(ArrayList.java:1541)
	at app//org.junit.platform.engine.support.hierarchical.SameThreadHierarchicalTestExecutorService.invokeAll(SameThreadHierarchicalTestExecutorService.java:41)
	at app//org.junit.platform.engine.support.hierarchical.NodeTestTask.lambda$executeRecursively$6(NodeTestTask.java:155)
	at app//org.junit.platform.engine.support.hierarchical.ThrowableCollector.execute(ThrowableCollector.java:73)
	at app//org.junit.platform.engine.support.hierarchical.NodeTestTask.lambda$executeRecursively$8(NodeTestTask.java:141)
	at app//org.junit.platform.engine.support.hierarchical.Node.around(Node.java:137)
	at app//org.junit.platform.engine.support.hierarchical.NodeTestTask.lambda$executeRecursively$9(NodeTestTask.java:139)
	at app//org.junit.platform.engine.support.hierarchical.ThrowableCollector.execute(ThrowableCollector.java:73)
	at app//org.junit.platform.engine.support.hierarchical.NodeTestTask.executeRecursively(NodeTestTask.java:138)
	at app//org.junit.platform.engine.support.hierarchical.NodeTestTask.execute(NodeTestTask.java:95)
	at java.base@11.0.18/java.util.ArrayList.forEach(ArrayList.java:1541)
	at app//org.junit.platform.engine.support.hierarchical.SameThreadHierarchicalTestExecutorService.invokeAll(SameThreadHierarchicalTestExecutorService.java:41)
	at app//org.junit.platform.engine.support.hierarchical.NodeTestTask.lambda$executeRecursively$6(NodeTestTask.java:155)
	at app//org.junit.platform.engine.support.hierarchical.ThrowableCollector.execute(ThrowableCollector.java:73)
	at app//org.junit.platform.engine.support.hierarchical.NodeTestTask.lambda$executeRecursively$8(NodeTestTask.java:141)
	at app//org.junit.platform.engine.support.hierarchical.Node.around(Node.java:137)
	at app//org.junit.platform.engine.support.hierarchical.NodeTestTask.lambda$executeRecursively$9(NodeTestTask.java:139)
	at app//org.junit.platform.engine.support.hierarchical.ThrowableCollector.execute(ThrowableCollector.java:73)
	at app//org.junit.platform.engine.support.hierarchical.NodeTestTask.executeRecursively(NodeTestTask.java:138)
	at app//org.junit.platform.engine.support.hierarchical.NodeTestTask.execute(NodeTestTask.java:95)
	at app//org.junit.platform.engine.support.hierarchical.SameThreadHierarchicalTestExecutorService.submit(SameThreadHierarchicalTestExecutorService.java:35)
	at app//org.junit.platform.engine.support.hierarchical.HierarchicalTestExecutor.execute(HierarchicalTestExecutor.java:57)
	at app//org.junit.platform.engine.support.hierarchical.HierarchicalTestEngine.execute(HierarchicalTestEngine.java:54)
	at org.junit.platform.launcher.core.EngineExecutionOrchestrator.execute(EngineExecutionOrchestrator.java:107)
	at org.junit.platform.launcher.core.EngineExecutionOrchestrator.execute(EngineExecutionOrchestrator.java:88)
	at org.junit.platform.launcher.core.EngineExecutionOrchestrator.lambda$execute$0(EngineExecutionOrchestrator.java:54)
	at org.junit.platform.launcher.core.EngineExecutionOrchestrator.withInterceptedStreams(EngineExecutionOrchestrator.java:67)
	at org.junit.platform.launcher.core.EngineExecutionOrchestrator.execute(EngineExecutionOrchestrator.java:52)
	at org.junit.platform.launcher.core.DefaultLauncher.execute(DefaultLauncher.java:114)
	at org.junit.platform.launcher.core.DefaultLauncher.execute(DefaultLauncher.java:86)
	at org.junit.platform.launcher.core.DefaultLauncherSession$DelegatingLauncher.execute(DefaultLauncherSession.java:86)
	at org.junit.platform.launcher.core.SessionPerRequestLauncher.execute(SessionPerRequestLauncher.java:53)
	at org.gradle.api.internal.tasks.testing.junitplatform.JUnitPlatformTestClassProcessor$CollectAllTestClassesExecutor.processAllTestClasses(JUnitPlatformTestClassProcessor.java:99)
	at org.gradle.api.internal.tasks.testing.junitplatform.JUnitPlatformTestClassProcessor$CollectAllTestClassesExecutor.access$000(JUnitPlatformTestClassProcessor.java:79)
	at org.gradle.api.internal.tasks.testing.junitplatform.JUnitPlatformTestClassProcessor.stop(JUnitPlatformTestClassProcessor.java:75)
	at org.gradle.api.internal.tasks.testing.SuiteTestClassProcessor.stop(SuiteTestClassProcessor.java:62)
	at java.base@11.0.18/jdk.internal.reflect.NativeMethodAccessorImpl.invoke0(Native Method)
	at java.base@11.0.18/jdk.internal.reflect.NativeMethodAccessorImpl.invoke(NativeMethodAccessorImpl.java:62)
	at java.base@11.0.18/jdk.internal.reflect.DelegatingMethodAccessorImpl.invoke(DelegatingMethodAccessorImpl.java:43)
	at java.base@11.0.18/java.lang.reflect.Method.invoke(Method.java:566)
	at org.gradle.internal.dispatch.ReflectionDispatch.dispatch(ReflectionDispatch.java:36)
	at org.gradle.internal.dispatch.ReflectionDispatch.dispatch(ReflectionDispatch.java:24)
	at org.gradle.internal.dispatch.ContextClassLoaderDispatch.dispatch(ContextClassLoaderDispatch.java:33)
	at org.gradle.internal.dispatch.ProxyDispatchAdapter$DispatchingInvocationHandler.invoke(ProxyDispatchAdapter.java:94)
	at com.sun.proxy.$Proxy2.stop(Unknown Source)
	at org.gradle.api.internal.tasks.testing.worker.TestWorker$3.run(TestWorker.java:193)
	at org.gradle.api.internal.tasks.testing.worker.TestWorker.executeAndMaintainThreadName(TestWorker.java:129)
	at org.gradle.api.internal.tasks.testing.worker.TestWorker.execute(TestWorker.java:100)
	at org.gradle.api.internal.tasks.testing.worker.TestWorker.execute(TestWorker.java:60)
	at org.gradle.process.internal.worker.child.ActionExecutionWorker.execute(ActionExecutionWorker.java:56)
	at org.gradle.process.internal.worker.child.SystemApplicationClassLoaderWorker.call(SystemApplicationClassLoaderWorker.java:113)
	at org.gradle.process.internal.worker.child.SystemApplicationClassLoaderWorker.call(SystemApplicationClassLoaderWorker.java:65)
	at app//worker.org.gradle.process.internal.worker.GradleWorkerMain.run(GradleWorkerMain.java:69)
	at app//worker.org.gradle.process.internal.worker.GradleWorkerMain.main(GradleWorkerMain.java:74)
</failure>
  </testcase>
  <testcase name="testrefactorGoal_none_ruleSpecific()" classname="de.uka.ilkd.key.logic.TestTermLabelManager" time="0.106">
    <failure message="line 135:14 mismatched input '\ifExintVar' expecting {MODALITY, FORALL, EXISTS, '\if', '\ifEx', 'true', 'false', '(', '{', '@', NOT, SEQARROW, '-', STRING_LITERAL, CHAR_LITERAL, BIN_LITERAL, HEX_LITERAL, IDENT, INT_LITERAL, FLOAT_LITERAL, DOUBLE_LITERAL, REAL_LITERAL}&#10;line 135:27 extraneous input '(' expecting {'\lemma', '}', IDENT, '/*!'}&#10;line 135:44 mismatched input ')' expecting {'(', '{'}&#10;line 141:14 mismatched input '\ifExintVar' expecting {MODALITY, FORALL, EXISTS, '\if', '\ifEx', 'true', 'false', '(', '{', '@', NOT, SEQARROW, '-', STRING_LITERAL, CHAR_LITERAL, BIN_LITERAL, HEX_LITERAL, IDENT, INT_LITERAL, FLOAT_LITERAL, DOUBLE_LITERAL, REAL_LITERAL}&#10;line 141:27 extraneous input '(' expecting {'\lemma', '}', IDENT, '/*!'}&#10;line 141:41 mismatched input ')' expecting {'(', '{'}&#10;line 148:14 mismatched input '\ifExintVar' expecting {MODALITY, FORALL, EXISTS, '\if', '\ifEx', 'true', 'false', '(', '{', '@', NOT, SEQARROW, '-', STRING_LITERAL, CHAR_LITERAL, BIN_LITERAL, HEX_LITERAL, IDENT, INT_LITERAL, FLOAT_LITERAL, DOUBLE_LITERAL, REAL_LITERAL}&#10;line 148:27 extraneous input '(' expecting {'\lemma', '}', IDENT, '/*!'}&#10;line 148:35 mismatched input '=' expecting {'(', '{'}&#10;line 150:38 mismatched input '}' expecting {'(', '{'}&#10;line 155:14 mismatched input '\ifExintVar' expecting {MODALITY, FORALL, EXISTS, '\if', '\ifEx', 'true', 'false', '(', '{', '@', NOT, SEQARROW, '-', STRING_LITERAL, CHAR_LITERAL, BIN_LITERAL, HEX_LITERAL, IDENT, INT_LITERAL, FLOAT_LITERAL, DOUBLE_LITERAL, REAL_LITERAL}&#10;line 155:27 extraneous input '(' expecting {'\lemma', '}', IDENT, '/*!'}&#10;line 155:35 mismatched input '=' expecting {'(', '{'}&#10;line 157:38 mismatched input '}' expecting {'(', '{'}&#10;line 163:14 mismatched input '\ifExintVar' expecting {MODALITY, FORALL, EXISTS, '\if', '\ifEx', 'true', 'false', '(', '{', '@', NOT, SEQARROW, '-', STRING_LITERAL, CHAR_LITERAL, BIN_LITERAL, HEX_LITERAL, IDENT, INT_LITERAL, FLOAT_LITERAL, DOUBLE_LITERAL, REAL_LITERAL}&#10;line 163:27 extraneous input '(' expecting {'\lemma', '}', IDENT, '/*!'}&#10;line 163:30 mismatched input '=' expecting {'(', '{'}&#10;line 165:38 mismatched input '}' expecting {'(', '{'}&#10;line 171:14 mismatched input '\ifExintVar' expecting {MODALITY, FORALL, EXISTS, '\if', '\ifEx', 'true', 'false', '(', '{', '@', NOT, SEQARROW, '-', STRING_LITERAL, CHAR_LITERAL, BIN_LITERAL, HEX_LITERAL, IDENT, INT_LITERAL, FLOAT_LITERAL, DOUBLE_LITERAL, REAL_LITERAL}&#10;line 171:27 extraneous input '(' expecting {'\lemma', '}', IDENT, '/*!'}&#10;line 171:30 mismatched input '=' expecting {'(', '{'}&#10;line 173:38 mismatched input '}' expecting {'(', '{'}&#10;line 179:14 mismatched input '\ifExintVar' expecting {MODALITY, FORALL, EXISTS, '\if', '\ifEx', 'true', 'false', '(', '{', '@', NOT, SEQARROW, '-', STRING_LITERAL, CHAR_LITERAL, BIN_LITERAL, HEX_LITERAL, IDENT, INT_LITERAL, FLOAT_LITERAL, DOUBLE_LITERAL, REAL_LITERAL}&#10;line 179:27 extraneous input '(' expecting {'\lemma', '}', IDENT, '/*!'}&#10;line 179:32 mismatched input '&amp;' expecting {'(', '{'}&#10;line 181:42 mismatched input '}' expecting {'(', '{'}&#10;line 182:39 mismatched input '}' expecting {'(', '{'}&#10;line 188:14 mismatched input '\ifExintVar' expecting {MODALITY, FORALL, EXISTS, '\if', '\ifEx', 'true', 'false', '(', '{', '@', NOT, SEQARROW, '-', STRING_LITERAL, CHAR_LITERAL, BIN_LITERAL, HEX_LITERAL, IDENT, INT_LITERAL, FLOAT_LITERAL, DOUBLE_LITERAL, REAL_LITERAL}&#10;line 188:27 extraneous input '(' expecting {'\lemma', '}', IDENT, '/*!'}&#10;line 188:32 mismatched input '&amp;' expecting {'(', '{'}&#10;line 190:42 mismatched input '}' expecting {'(', '{'}&#10;line 191:39 mismatched input '}' expecting {'(', '{'}&#10;line 198:14 mismatched input '\ifExintVar' expecting {MODALITY, FORALL, EXISTS, '\if', '\ifEx', 'true', 'false', '(', '{', '@', NOT, SEQARROW, '-', STRING_LITERAL, CHAR_LITERAL, BIN_LITERAL, HEX_LITERAL, IDENT, INT_LITERAL, FLOAT_LITERAL, DOUBLE_LITERAL, REAL_LITERAL}&#10;line 198:27 extraneous input '(' expecting {'\lemma', '}', IDENT, '/*!'}&#10;line 198:32 mismatched input '&amp;' expecting {'(', '{'}&#10;line 200:42 mismatched input '}' expecting {'(', '{'}&#10;line 201:39 mismatched input '}' expecting {'(', '{'}&#10;line 208:14 mismatched input '\ifExintVar' expecting {MODALITY, FORALL, EXISTS, '\if', '\ifEx', 'true', 'false', '(', '{', '@', NOT, SEQARROW, '-', STRING_LITERAL, CHAR_LITERAL, BIN_LITERAL, HEX_LITERAL, IDENT, INT_LITERAL, FLOAT_LITERAL, DOUBLE_LITERAL, REAL_LITERAL}&#10;line 208:27 extraneous input '(' expecting {'\lemma', '}', IDENT, '/*!'}&#10;line 208:32 mismatched input '&amp;' expecting {'(', '{'}&#10;line 210:42 mismatched input '}' expecting {'(', '{'}&#10;line 211:39 mismatched input '}' expecting {'(', '{'}&#10;line 218:14 mismatched input '\ifExintVar' expecting {MODALITY, FORALL, EXISTS, '\if', '\ifEx', 'true', 'false', '(', '{', '@', NOT, SEQARROW, '-', STRING_LITERAL, CHAR_LITERAL, BIN_LITERAL, HEX_LITERAL, IDENT, INT_LITERAL, FLOAT_LITERAL, DOUBLE_LITERAL, REAL_LITERAL}&#10;line 218:27 extraneous input '(' expecting {'\lemma', '}', IDENT, '/*!'}&#10;line 218:31 mismatched input ')' expecting {'(', '{'}&#10;line 220:44 mismatched input ')' expecting {'(', '{'}&#10;line 225:14 mismatched input '\ifExintVar' expecting {MODALITY, FORALL, EXISTS, '\if', '\ifEx', 'true', 'false', '(', '{', '@', NOT, SEQARROW, '-', STRING_LITERAL, CHAR_LITERAL, BIN_LITERAL, HEX_LITERAL, IDENT, INT_LITERAL, FLOAT_LITERAL, DOUBLE_LITERAL, REAL_LITERAL}&#10;line 225:27 extraneous input '(' expecting {'\lemma', '}', IDENT, '/*!'}&#10;line 225:31 mismatched input ')' expecting {'(', '{'}&#10;line 227:44 mismatched input ')' expecting {'(', '{'}&#10;line 233:14 mismatched input '\ifExintVar' expecting {MODALITY, FORALL, EXISTS, '\if', '\ifEx', 'true', 'false', '(', '{', '@', NOT, SEQARROW, '-', STRING_LITERAL, CHAR_LITERAL, BIN_LITERAL, HEX_LITERAL, IDENT, INT_LITERAL, FLOAT_LITERAL, DOUBLE_LITERAL, REAL_LITERAL}&#10;line 233:27 extraneous input '(' expecting {'\lemma', '}', IDENT, '/*!'}&#10;line 233:31 mismatched input ')' expecting {'(', '{'}&#10;line 237:42 mismatched input '}' expecting {'(', '{'}&#10;line 238:34 mismatched input '}' expecting {'(', '{'}&#10;line 239:28 extraneous input '(' expecting {'\lemma', '}', IDENT, '/*!'}&#10;line 239:33 mismatched input '-&gt;' expecting {'(', '{'}&#10;line 240:8 extraneous input '\replacewith' expecting {'\lemma', '}', IDENT, '/*!'}&#10;line 240:25 mismatched input ')' expecting {'(', '{'}&#10;line 240:56 mismatched input ')' expecting {'(', '{'}&#10;line 245:14 mismatched input '\ifExintVar' expecting {MODALITY, FORALL, EXISTS, '\if', '\ifEx', 'true', 'false', '(', '{', '@', NOT, SEQARROW, '-', STRING_LITERAL, CHAR_LITERAL, BIN_LITERAL, HEX_LITERAL, IDENT, INT_LITERAL, FLOAT_LITERAL, DOUBLE_LITERAL, REAL_LITERAL}&#10;line 245:27 extraneous input '(' expecting {'\lemma', '}', IDENT, '/*!'}&#10;line 245:31 mismatched input ')' expecting {'(', '{'}&#10;line 248:45 mismatched input '}' expecting {'(', '{'}&#10;line 249:8 extraneous input '\replacewith' expecting {'\lemma', '}', IDENT, '/*!'}&#10;line 249:38 mismatched input ')' expecting {'(', '{'}&#10;line 250:42 mismatched input '}' expecting {'(', '{'}&#10;line 251:28 extraneous input '(' expecting {'\lemma', '}', IDENT, '/*!'}&#10;line 251:33 mismatched input '-&gt;' expecting {'(', '{'}&#10;line 255:14 mismatched input '\ifExintVar' expecting {MODALITY, FORALL, EXISTS, '\if', '\ifEx', 'true', 'false', '(', '{', '@', NOT, SEQARROW, '-', STRING_LITERAL, CHAR_LITERAL, BIN_LITERAL, HEX_LITERAL, IDENT, INT_LITERAL, FLOAT_LITERAL, DOUBLE_LITERAL, REAL_LITERAL}&#10;line 255:27 extraneous input '(' expecting {'\lemma', '}', IDENT, '/*!'}&#10;line 255:31 mismatched input ')' expecting {'(', '{'}&#10;line 258:52 extraneous input '0' expecting {'\lemma', '}', IDENT, '/*!'}&#10;line 258:54 mismatched input 'then' expecting {&lt;EOF&gt;, '\problem', '\chooseContract', '\proofObligation', '\proof'}&#10; (file: src/test/resources/testcase/termLabels/flatSteps/FlatSteps.java; caused by: de.uka.ilkd.key.proof.init.ProofInputException: line 135:14 mismatched input '\ifExintVar' expecting {MODALITY, FORALL, EXISTS, '\if', '\ifEx', 'true', 'false', '(', '{', '@', NOT, SEQARROW, '-', STRING_LITERAL, CHAR_LITERAL, BIN_LITERAL, HEX_LITERAL, IDENT, INT_LITERAL, FLOAT_LITERAL, DOUBLE_LITERAL, REAL_LITERAL}&#10;line 135:27 extraneous input '(' expecting {'\lemma', '}', IDENT, '/*!'}&#10;line 135:44 mismatched input ')' expecting {'(', '{'}&#10;line 141:14 mismatched input '\ifExintVar' expecting {MODALITY, FORALL, EXISTS, '\if', '\ifEx', 'true', 'false', '(', '{', '@', NOT, SEQARROW, '-', STRING_LITERAL, CHAR_LITERAL, BIN_LITERAL, HEX_LITERAL, IDENT, INT_LITERAL, FLOAT_LITERAL, DOUBLE_LITERAL, REAL_LITERAL}&#10;line 141:27 extraneous input '(' expecting {'\lemma', '}', IDENT, '/*!'}&#10;line 141:41 mismatched input ')' expecting {'(', '{'}&#10;line 148:14 mismatched input '\ifExintVar' expecting {MODALITY, FORALL, EXISTS, '\if', '\ifEx', 'true', 'false', '(', '{', '@', NOT, SEQARROW, '-', STRING_LITERAL, CHAR_LITERAL, BIN_LITERAL, HEX_LITERAL, IDENT, INT_LITERAL, FLOAT_LITERAL, DOUBLE_LITERAL, REAL_LITERAL}&#10;line 148:27 extraneous input '(' expecting {'\lemma', '}', IDENT, '/*!'}&#10;line 148:35 mismatched input '=' expecting {'(', '{'}&#10;line 150:38 mismatched input '}' expecting {'(', '{'}&#10;line 155:14 mismatched input '\ifExintVar' expecting {MODALITY, FORALL, EXISTS, '\if', '\ifEx', 'true', 'false', '(', '{', '@', NOT, SEQARROW, '-', STRING_LITERAL, CHAR_LITERAL, BIN_LITERAL, HEX_LITERAL, IDENT, INT_LITERAL, FLOAT_LITERAL, DOUBLE_LITERAL, REAL_LITERAL}&#10;line 155:27 extraneous input '(' expecting {'\lemma', '}', IDENT, '/*!'}&#10;line 155:35 mismatched input '=' expecting {'(', '{'}&#10;line 157:38 mismatched input '}' expecting {'(', '{'}&#10;line 163:14 mismatched input '\ifExintVar' expecting {MODALITY, FORALL, EXISTS, '\if', '\ifEx', 'true', 'false', '(', '{', '@', NOT, SEQARROW, '-', STRING_LITERAL, CHAR_LITERAL, BIN_LITERAL, HEX_LITERAL, IDENT, INT_LITERAL, FLOAT_LITERAL, DOUBLE_LITERAL, REAL_LITERAL}&#10;line 163:27 extraneous input '(' expecting {'\lemma', '}', IDENT, '/*!'}&#10;line 163:30 mismatched input '=' expecting {'(', '{'}&#10;line 165:38 mismatched input '}' expecting {'(', '{'}&#10;line 171:14 mismatched input '\ifExintVar' expecting {MODALITY, FORALL, EXISTS, '\if', '\ifEx', 'true', 'false', '(', '{', '@', NOT, SEQARROW, '-', STRING_LITERAL, CHAR_LITERAL, BIN_LITERAL, HEX_LITERAL, IDENT, INT_LITERAL, FLOAT_LITERAL, DOUBLE_LITERAL, REAL_LITERAL}&#10;line 171:27 extraneous input '(' expecting {'\lemma', '}', IDENT, '/*!'}&#10;line 171:30 mismatched input '=' expecting {'(', '{'}&#10;line 173:38 mismatched input '}' expecting {'(', '{'}&#10;line 179:14 mismatched input '\ifExintVar' expecting {MODALITY, FORALL, EXISTS, '\if', '\ifEx', 'true', 'false', '(', '{', '@', NOT, SEQARROW, '-', STRING_LITERAL, CHAR_LITERAL, BIN_LITERAL, HEX_LITERAL, IDENT, INT_LITERAL, FLOAT_LITERAL, DOUBLE_LITERAL, REAL_LITERAL}&#10;line 179:27 extraneous input '(' expecting {'\lemma', '}', IDENT, '/*!'}&#10;line 179:32 mismatched input '&amp;' expecting {'(', '{'}&#10;line 181:42 mismatched input '}' expecting {'(', '{'}&#10;line 182:39 mismatched input '}' expecting {'(', '{'}&#10;line 188:14 mismatched input '\ifExintVar' expecting {MODALITY, FORALL, EXISTS, '\if', '\ifEx', 'true', 'false', '(', '{', '@', NOT, SEQARROW, '-', STRING_LITERAL, CHAR_LITERAL, BIN_LITERAL, HEX_LITERAL, IDENT, INT_LITERAL, FLOAT_LITERAL, DOUBLE_LITERAL, REAL_LITERAL}&#10;line 188:27 extraneous input '(' expecting {'\lemma', '}', IDENT, '/*!'}&#10;line 188:32 mismatched input '&amp;' expecting {'(', '{'}&#10;line 190:42 mismatched input '}' expecting {'(', '{'}&#10;line 191:39 mismatched input '}' expecting {'(', '{'}&#10;line 198:14 mismatched input '\ifExintVar' expecting {MODALITY, FORALL, EXISTS, '\if', '\ifEx', 'true', 'false', '(', '{', '@', NOT, SEQARROW, '-', STRING_LITERAL, CHAR_LITERAL, BIN_LITERAL, HEX_LITERAL, IDENT, INT_LITERAL, FLOAT_LITERAL, DOUBLE_LITERAL, REAL_LITERAL}&#10;line 198:27 extraneous input '(' expecting {'\lemma', '}', IDENT, '/*!'}&#10;line 198:32 mismatched input '&amp;' expecting {'(', '{'}&#10;line 200:42 mismatched input '}' expecting {'(', '{'}&#10;line 201:39 mismatched input '}' expecting {'(', '{'}&#10;line 208:14 mismatched input '\ifExintVar' expecting {MODALITY, FORALL, EXISTS, '\if', '\ifEx', 'true', 'false', '(', '{', '@', NOT, SEQARROW, '-', STRING_LITERAL, CHAR_LITERAL, BIN_LITERAL, HEX_LITERAL, IDENT, INT_LITERAL, FLOAT_LITERAL, DOUBLE_LITERAL, REAL_LITERAL}&#10;line 208:27 extraneous input '(' expecting {'\lemma', '}', IDENT, '/*!'}&#10;line 208:32 mismatched input '&amp;' expecting {'(', '{'}&#10;line 210:42 mismatched input '}' expecting {'(', '{'}&#10;line 211:39 mismatched input '}' expecting {'(', '{'}&#10;line 218:14 mismatched input '\ifExintVar' expecting {MODALITY, FORALL, EXISTS, '\if', '\ifEx', 'true', 'false', '(', '{', '@', NOT, SEQARROW, '-', STRING_LITERAL, CHAR_LITERAL, BIN_LITERAL, HEX_LITERAL, IDENT, INT_LITERAL, FLOAT_LITERAL, DOUBLE_LITERAL, REAL_LITERAL}&#10;line 218:27 extraneous input '(' expecting {'\lemma', '}', IDENT, '/*!'}&#10;line 218:31 mismatched input ')' expecting {'(', '{'}&#10;line 220:44 mismatched input ')' expecting {'(', '{'}&#10;line 225:14 mismatched input '\ifExintVar' expecting {MODALITY, FORALL, EXISTS, '\if', '\ifEx', 'true', 'false', '(', '{', '@', NOT, SEQARROW, '-', STRING_LITERAL, CHAR_LITERAL, BIN_LITERAL, HEX_LITERAL, IDENT, INT_LITERAL, FLOAT_LITERAL, DOUBLE_LITERAL, REAL_LITERAL}&#10;line 225:27 extraneous input '(' expecting {'\lemma', '}', IDENT, '/*!'}&#10;line 225:31 mismatched input ')' expecting {'(', '{'}&#10;line 227:44 mismatched input ')' expecting {'(', '{'}&#10;line 233:14 mismatched input '\ifExintVar' expecting {MODALITY, FORALL, EXISTS, '\if', '\ifEx', 'true', 'false', '(', '{', '@', NOT, SEQARROW, '-', STRING_LITERAL, CHAR_LITERAL, BIN_LITERAL, HEX_LITERAL, IDENT, INT_LITERAL, FLOAT_LITERAL, DOUBLE_LITERAL, REAL_LITERAL}&#10;line 233:27 extraneous input '(' expecting {'\lemma', '}', IDENT, '/*!'}&#10;line 233:31 mismatched input ')' expecting {'(', '{'}&#10;line 237:42 mismatched input '}' expecting {'(', '{'}&#10;line 238:34 mismatched input '}' expecting {'(', '{'}&#10;line 239:28 extraneous input '(' expecting {'\lemma', '}', IDENT, '/*!'}&#10;line 239:33 mismatched input '-&gt;' expecting {'(', '{'}&#10;line 240:8 extraneous input '\replacewith' expecting {'\lemma', '}', IDENT, '/*!'}&#10;line 240:25 mismatched input ')' expecting {'(', '{'}&#10;line 240:56 mismatched input ')' expecting {'(', '{'}&#10;line 245:14 mismatched input '\ifExintVar' expecting {MODALITY, FORALL, EXISTS, '\if', '\ifEx', 'true', 'false', '(', '{', '@', NOT, SEQARROW, '-', STRING_LITERAL, CHAR_LITERAL, BIN_LITERAL, HEX_LITERAL, IDENT, INT_LITERAL, FLOAT_LITERAL, DOUBLE_LITERAL, REAL_LITERAL}&#10;line 245:27 extraneous input '(' expecting {'\lemma', '}', IDENT, '/*!'}&#10;line 245:31 mismatched input ')' expecting {'(', '{'}&#10;line 248:45 mismatched input '}' expecting {'(', '{'}&#10;line 249:8 extraneous input '\replacewith' expecting {'\lemma', '}', IDENT, '/*!'}&#10;line 249:38 mismatched input ')' expecting {'(', '{'}&#10;line 250:42 mismatched input '}' expecting {'(', '{'}&#10;line 251:28 extraneous input '(' expecting {'\lemma', '}', IDENT, '/*!'}&#10;line 251:33 mismatched input '-&gt;' expecting {'(', '{'}&#10;line 255:14 mismatched input '\ifExintVar' expecting {MODALITY, FORALL, EXISTS, '\if', '\ifEx', 'true', 'false', '(', '{', '@', NOT, SEQARROW, '-', STRING_LITERAL, CHAR_LITERAL, BIN_LITERAL, HEX_LITERAL, IDENT, INT_LITERAL, FLOAT_LITERAL, DOUBLE_LITERAL, REAL_LITERAL}&#10;line 255:27 extraneous input '(' expecting {'\lemma', '}', IDENT, '/*!'}&#10;line 255:31 mismatched input ')' expecting {'(', '{'}&#10;line 258:52 extraneous input '0' expecting {'\lemma', '}', IDENT, '/*!'}&#10;line 258:54 mismatched input 'then' expecting {&lt;EOF&gt;, '\problem', '\chooseContract', '\proofObligation', '\proof'}&#10;)" type="de.uka.ilkd.key.proof.io.ProblemLoaderException">line 135:14 mismatched input '\ifExintVar' expecting {MODALITY, FORALL, EXISTS, '\if', '\ifEx', 'true', 'false', '(', '{', '@', NOT, SEQARROW, '-', STRING_LITERAL, CHAR_LITERAL, BIN_LITERAL, HEX_LITERAL, IDENT, INT_LITERAL, FLOAT_LITERAL, DOUBLE_LITERAL, REAL_LITERAL}
line 135:27 extraneous input '(' expecting {'\lemma', '}', IDENT, '/*!'}
line 135:44 mismatched input ')' expecting {'(', '{'}
line 141:14 mismatched input '\ifExintVar' expecting {MODALITY, FORALL, EXISTS, '\if', '\ifEx', 'true', 'false', '(', '{', '@', NOT, SEQARROW, '-', STRING_LITERAL, CHAR_LITERAL, BIN_LITERAL, HEX_LITERAL, IDENT, INT_LITERAL, FLOAT_LITERAL, DOUBLE_LITERAL, REAL_LITERAL}
line 141:27 extraneous input '(' expecting {'\lemma', '}', IDENT, '/*!'}
line 141:41 mismatched input ')' expecting {'(', '{'}
line 148:14 mismatched input '\ifExintVar' expecting {MODALITY, FORALL, EXISTS, '\if', '\ifEx', 'true', 'false', '(', '{', '@', NOT, SEQARROW, '-', STRING_LITERAL, CHAR_LITERAL, BIN_LITERAL, HEX_LITERAL, IDENT, INT_LITERAL, FLOAT_LITERAL, DOUBLE_LITERAL, REAL_LITERAL}
line 148:27 extraneous input '(' expecting {'\lemma', '}', IDENT, '/*!'}
line 148:35 mismatched input '=' expecting {'(', '{'}
line 150:38 mismatched input '}' expecting {'(', '{'}
line 155:14 mismatched input '\ifExintVar' expecting {MODALITY, FORALL, EXISTS, '\if', '\ifEx', 'true', 'false', '(', '{', '@', NOT, SEQARROW, '-', STRING_LITERAL, CHAR_LITERAL, BIN_LITERAL, HEX_LITERAL, IDENT, INT_LITERAL, FLOAT_LITERAL, DOUBLE_LITERAL, REAL_LITERAL}
line 155:27 extraneous input '(' expecting {'\lemma', '}', IDENT, '/*!'}
line 155:35 mismatched input '=' expecting {'(', '{'}
line 157:38 mismatched input '}' expecting {'(', '{'}
line 163:14 mismatched input '\ifExintVar' expecting {MODALITY, FORALL, EXISTS, '\if', '\ifEx', 'true', 'false', '(', '{', '@', NOT, SEQARROW, '-', STRING_LITERAL, CHAR_LITERAL, BIN_LITERAL, HEX_LITERAL, IDENT, INT_LITERAL, FLOAT_LITERAL, DOUBLE_LITERAL, REAL_LITERAL}
line 163:27 extraneous input '(' expecting {'\lemma', '}', IDENT, '/*!'}
line 163:30 mismatched input '=' expecting {'(', '{'}
line 165:38 mismatched input '}' expecting {'(', '{'}
line 171:14 mismatched input '\ifExintVar' expecting {MODALITY, FORALL, EXISTS, '\if', '\ifEx', 'true', 'false', '(', '{', '@', NOT, SEQARROW, '-', STRING_LITERAL, CHAR_LITERAL, BIN_LITERAL, HEX_LITERAL, IDENT, INT_LITERAL, FLOAT_LITERAL, DOUBLE_LITERAL, REAL_LITERAL}
line 171:27 extraneous input '(' expecting {'\lemma', '}', IDENT, '/*!'}
line 171:30 mismatched input '=' expecting {'(', '{'}
line 173:38 mismatched input '}' expecting {'(', '{'}
line 179:14 mismatched input '\ifExintVar' expecting {MODALITY, FORALL, EXISTS, '\if', '\ifEx', 'true', 'false', '(', '{', '@', NOT, SEQARROW, '-', STRING_LITERAL, CHAR_LITERAL, BIN_LITERAL, HEX_LITERAL, IDENT, INT_LITERAL, FLOAT_LITERAL, DOUBLE_LITERAL, REAL_LITERAL}
line 179:27 extraneous input '(' expecting {'\lemma', '}', IDENT, '/*!'}
line 179:32 mismatched input '&amp;' expecting {'(', '{'}
line 181:42 mismatched input '}' expecting {'(', '{'}
line 182:39 mismatched input '}' expecting {'(', '{'}
line 188:14 mismatched input '\ifExintVar' expecting {MODALITY, FORALL, EXISTS, '\if', '\ifEx', 'true', 'false', '(', '{', '@', NOT, SEQARROW, '-', STRING_LITERAL, CHAR_LITERAL, BIN_LITERAL, HEX_LITERAL, IDENT, INT_LITERAL, FLOAT_LITERAL, DOUBLE_LITERAL, REAL_LITERAL}
line 188:27 extraneous input '(' expecting {'\lemma', '}', IDENT, '/*!'}
line 188:32 mismatched input '&amp;' expecting {'(', '{'}
line 190:42 mismatched input '}' expecting {'(', '{'}
line 191:39 mismatched input '}' expecting {'(', '{'}
line 198:14 mismatched input '\ifExintVar' expecting {MODALITY, FORALL, EXISTS, '\if', '\ifEx', 'true', 'false', '(', '{', '@', NOT, SEQARROW, '-', STRING_LITERAL, CHAR_LITERAL, BIN_LITERAL, HEX_LITERAL, IDENT, INT_LITERAL, FLOAT_LITERAL, DOUBLE_LITERAL, REAL_LITERAL}
line 198:27 extraneous input '(' expecting {'\lemma', '}', IDENT, '/*!'}
line 198:32 mismatched input '&amp;' expecting {'(', '{'}
line 200:42 mismatched input '}' expecting {'(', '{'}
line 201:39 mismatched input '}' expecting {'(', '{'}
line 208:14 mismatched input '\ifExintVar' expecting {MODALITY, FORALL, EXISTS, '\if', '\ifEx', 'true', 'false', '(', '{', '@', NOT, SEQARROW, '-', STRING_LITERAL, CHAR_LITERAL, BIN_LITERAL, HEX_LITERAL, IDENT, INT_LITERAL, FLOAT_LITERAL, DOUBLE_LITERAL, REAL_LITERAL}
line 208:27 extraneous input '(' expecting {'\lemma', '}', IDENT, '/*!'}
line 208:32 mismatched input '&amp;' expecting {'(', '{'}
line 210:42 mismatched input '}' expecting {'(', '{'}
line 211:39 mismatched input '}' expecting {'(', '{'}
line 218:14 mismatched input '\ifExintVar' expecting {MODALITY, FORALL, EXISTS, '\if', '\ifEx', 'true', 'false', '(', '{', '@', NOT, SEQARROW, '-', STRING_LITERAL, CHAR_LITERAL, BIN_LITERAL, HEX_LITERAL, IDENT, INT_LITERAL, FLOAT_LITERAL, DOUBLE_LITERAL, REAL_LITERAL}
line 218:27 extraneous input '(' expecting {'\lemma', '}', IDENT, '/*!'}
line 218:31 mismatched input ')' expecting {'(', '{'}
line 220:44 mismatched input ')' expecting {'(', '{'}
line 225:14 mismatched input '\ifExintVar' expecting {MODALITY, FORALL, EXISTS, '\if', '\ifEx', 'true', 'false', '(', '{', '@', NOT, SEQARROW, '-', STRING_LITERAL, CHAR_LITERAL, BIN_LITERAL, HEX_LITERAL, IDENT, INT_LITERAL, FLOAT_LITERAL, DOUBLE_LITERAL, REAL_LITERAL}
line 225:27 extraneous input '(' expecting {'\lemma', '}', IDENT, '/*!'}
line 225:31 mismatched input ')' expecting {'(', '{'}
line 227:44 mismatched input ')' expecting {'(', '{'}
line 233:14 mismatched input '\ifExintVar' expecting {MODALITY, FORALL, EXISTS, '\if', '\ifEx', 'true', 'false', '(', '{', '@', NOT, SEQARROW, '-', STRING_LITERAL, CHAR_LITERAL, BIN_LITERAL, HEX_LITERAL, IDENT, INT_LITERAL, FLOAT_LITERAL, DOUBLE_LITERAL, REAL_LITERAL}
line 233:27 extraneous input '(' expecting {'\lemma', '}', IDENT, '/*!'}
line 233:31 mismatched input ')' expecting {'(', '{'}
line 237:42 mismatched input '}' expecting {'(', '{'}
line 238:34 mismatched input '}' expecting {'(', '{'}
line 239:28 extraneous input '(' expecting {'\lemma', '}', IDENT, '/*!'}
line 239:33 mismatched input '-&gt;' expecting {'(', '{'}
line 240:8 extraneous input '\replacewith' expecting {'\lemma', '}', IDENT, '/*!'}
line 240:25 mismatched input ')' expecting {'(', '{'}
line 240:56 mismatched input ')' expecting {'(', '{'}
line 245:14 mismatched input '\ifExintVar' expecting {MODALITY, FORALL, EXISTS, '\if', '\ifEx', 'true', 'false', '(', '{', '@', NOT, SEQARROW, '-', STRING_LITERAL, CHAR_LITERAL, BIN_LITERAL, HEX_LITERAL, IDENT, INT_LITERAL, FLOAT_LITERAL, DOUBLE_LITERAL, REAL_LITERAL}
line 245:27 extraneous input '(' expecting {'\lemma', '}', IDENT, '/*!'}
line 245:31 mismatched input ')' expecting {'(', '{'}
line 248:45 mismatched input '}' expecting {'(', '{'}
line 249:8 extraneous input '\replacewith' expecting {'\lemma', '}', IDENT, '/*!'}
line 249:38 mismatched input ')' expecting {'(', '{'}
line 250:42 mismatched input '}' expecting {'(', '{'}
line 251:28 extraneous input '(' expecting {'\lemma', '}', IDENT, '/*!'}
line 251:33 mismatched input '-&gt;' expecting {'(', '{'}
line 255:14 mismatched input '\ifExintVar' expecting {MODALITY, FORALL, EXISTS, '\if', '\ifEx', 'true', 'false', '(', '{', '@', NOT, SEQARROW, '-', STRING_LITERAL, CHAR_LITERAL, BIN_LITERAL, HEX_LITERAL, IDENT, INT_LITERAL, FLOAT_LITERAL, DOUBLE_LITERAL, REAL_LITERAL}
line 255:27 extraneous input '(' expecting {'\lemma', '}', IDENT, '/*!'}
line 255:31 mismatched input ')' expecting {'(', '{'}
line 258:52 extraneous input '0' expecting {'\lemma', '}', IDENT, '/*!'}
line 258:54 mismatched input 'then' expecting {&lt;EOF&gt;, '\problem', '\chooseContract', '\proofObligation', '\proof'}
 (file: src/test/resources/testcase/termLabels/flatSteps/FlatSteps.java; caused by: de.uka.ilkd.key.proof.init.ProofInputException: line 135:14 mismatched input '\ifExintVar' expecting {MODALITY, FORALL, EXISTS, '\if', '\ifEx', 'true', 'false', '(', '{', '@', NOT, SEQARROW, '-', STRING_LITERAL, CHAR_LITERAL, BIN_LITERAL, HEX_LITERAL, IDENT, INT_LITERAL, FLOAT_LITERAL, DOUBLE_LITERAL, REAL_LITERAL}
line 135:27 extraneous input '(' expecting {'\lemma', '}', IDENT, '/*!'}
line 135:44 mismatched input ')' expecting {'(', '{'}
line 141:14 mismatched input '\ifExintVar' expecting {MODALITY, FORALL, EXISTS, '\if', '\ifEx', 'true', 'false', '(', '{', '@', NOT, SEQARROW, '-', STRING_LITERAL, CHAR_LITERAL, BIN_LITERAL, HEX_LITERAL, IDENT, INT_LITERAL, FLOAT_LITERAL, DOUBLE_LITERAL, REAL_LITERAL}
line 141:27 extraneous input '(' expecting {'\lemma', '}', IDENT, '/*!'}
line 141:41 mismatched input ')' expecting {'(', '{'}
line 148:14 mismatched input '\ifExintVar' expecting {MODALITY, FORALL, EXISTS, '\if', '\ifEx', 'true', 'false', '(', '{', '@', NOT, SEQARROW, '-', STRING_LITERAL, CHAR_LITERAL, BIN_LITERAL, HEX_LITERAL, IDENT, INT_LITERAL, FLOAT_LITERAL, DOUBLE_LITERAL, REAL_LITERAL}
line 148:27 extraneous input '(' expecting {'\lemma', '}', IDENT, '/*!'}
line 148:35 mismatched input '=' expecting {'(', '{'}
line 150:38 mismatched input '}' expecting {'(', '{'}
line 155:14 mismatched input '\ifExintVar' expecting {MODALITY, FORALL, EXISTS, '\if', '\ifEx', 'true', 'false', '(', '{', '@', NOT, SEQARROW, '-', STRING_LITERAL, CHAR_LITERAL, BIN_LITERAL, HEX_LITERAL, IDENT, INT_LITERAL, FLOAT_LITERAL, DOUBLE_LITERAL, REAL_LITERAL}
line 155:27 extraneous input '(' expecting {'\lemma', '}', IDENT, '/*!'}
line 155:35 mismatched input '=' expecting {'(', '{'}
line 157:38 mismatched input '}' expecting {'(', '{'}
line 163:14 mismatched input '\ifExintVar' expecting {MODALITY, FORALL, EXISTS, '\if', '\ifEx', 'true', 'false', '(', '{', '@', NOT, SEQARROW, '-', STRING_LITERAL, CHAR_LITERAL, BIN_LITERAL, HEX_LITERAL, IDENT, INT_LITERAL, FLOAT_LITERAL, DOUBLE_LITERAL, REAL_LITERAL}
line 163:27 extraneous input '(' expecting {'\lemma', '}', IDENT, '/*!'}
line 163:30 mismatched input '=' expecting {'(', '{'}
line 165:38 mismatched input '}' expecting {'(', '{'}
line 171:14 mismatched input '\ifExintVar' expecting {MODALITY, FORALL, EXISTS, '\if', '\ifEx', 'true', 'false', '(', '{', '@', NOT, SEQARROW, '-', STRING_LITERAL, CHAR_LITERAL, BIN_LITERAL, HEX_LITERAL, IDENT, INT_LITERAL, FLOAT_LITERAL, DOUBLE_LITERAL, REAL_LITERAL}
line 171:27 extraneous input '(' expecting {'\lemma', '}', IDENT, '/*!'}
line 171:30 mismatched input '=' expecting {'(', '{'}
line 173:38 mismatched input '}' expecting {'(', '{'}
line 179:14 mismatched input '\ifExintVar' expecting {MODALITY, FORALL, EXISTS, '\if', '\ifEx', 'true', 'false', '(', '{', '@', NOT, SEQARROW, '-', STRING_LITERAL, CHAR_LITERAL, BIN_LITERAL, HEX_LITERAL, IDENT, INT_LITERAL, FLOAT_LITERAL, DOUBLE_LITERAL, REAL_LITERAL}
line 179:27 extraneous input '(' expecting {'\lemma', '}', IDENT, '/*!'}
line 179:32 mismatched input '&amp;' expecting {'(', '{'}
line 181:42 mismatched input '}' expecting {'(', '{'}
line 182:39 mismatched input '}' expecting {'(', '{'}
line 188:14 mismatched input '\ifExintVar' expecting {MODALITY, FORALL, EXISTS, '\if', '\ifEx', 'true', 'false', '(', '{', '@', NOT, SEQARROW, '-', STRING_LITERAL, CHAR_LITERAL, BIN_LITERAL, HEX_LITERAL, IDENT, INT_LITERAL, FLOAT_LITERAL, DOUBLE_LITERAL, REAL_LITERAL}
line 188:27 extraneous input '(' expecting {'\lemma', '}', IDENT, '/*!'}
line 188:32 mismatched input '&amp;' expecting {'(', '{'}
line 190:42 mismatched input '}' expecting {'(', '{'}
line 191:39 mismatched input '}' expecting {'(', '{'}
line 198:14 mismatched input '\ifExintVar' expecting {MODALITY, FORALL, EXISTS, '\if', '\ifEx', 'true', 'false', '(', '{', '@', NOT, SEQARROW, '-', STRING_LITERAL, CHAR_LITERAL, BIN_LITERAL, HEX_LITERAL, IDENT, INT_LITERAL, FLOAT_LITERAL, DOUBLE_LITERAL, REAL_LITERAL}
line 198:27 extraneous input '(' expecting {'\lemma', '}', IDENT, '/*!'}
line 198:32 mismatched input '&amp;' expecting {'(', '{'}
line 200:42 mismatched input '}' expecting {'(', '{'}
line 201:39 mismatched input '}' expecting {'(', '{'}
line 208:14 mismatched input '\ifExintVar' expecting {MODALITY, FORALL, EXISTS, '\if', '\ifEx', 'true', 'false', '(', '{', '@', NOT, SEQARROW, '-', STRING_LITERAL, CHAR_LITERAL, BIN_LITERAL, HEX_LITERAL, IDENT, INT_LITERAL, FLOAT_LITERAL, DOUBLE_LITERAL, REAL_LITERAL}
line 208:27 extraneous input '(' expecting {'\lemma', '}', IDENT, '/*!'}
line 208:32 mismatched input '&amp;' expecting {'(', '{'}
line 210:42 mismatched input '}' expecting {'(', '{'}
line 211:39 mismatched input '}' expecting {'(', '{'}
line 218:14 mismatched input '\ifExintVar' expecting {MODALITY, FORALL, EXISTS, '\if', '\ifEx', 'true', 'false', '(', '{', '@', NOT, SEQARROW, '-', STRING_LITERAL, CHAR_LITERAL, BIN_LITERAL, HEX_LITERAL, IDENT, INT_LITERAL, FLOAT_LITERAL, DOUBLE_LITERAL, REAL_LITERAL}
line 218:27 extraneous input '(' expecting {'\lemma', '}', IDENT, '/*!'}
line 218:31 mismatched input ')' expecting {'(', '{'}
line 220:44 mismatched input ')' expecting {'(', '{'}
line 225:14 mismatched input '\ifExintVar' expecting {MODALITY, FORALL, EXISTS, '\if', '\ifEx', 'true', 'false', '(', '{', '@', NOT, SEQARROW, '-', STRING_LITERAL, CHAR_LITERAL, BIN_LITERAL, HEX_LITERAL, IDENT, INT_LITERAL, FLOAT_LITERAL, DOUBLE_LITERAL, REAL_LITERAL}
line 225:27 extraneous input '(' expecting {'\lemma', '}', IDENT, '/*!'}
line 225:31 mismatched input ')' expecting {'(', '{'}
line 227:44 mismatched input ')' expecting {'(', '{'}
line 233:14 mismatched input '\ifExintVar' expecting {MODALITY, FORALL, EXISTS, '\if', '\ifEx', 'true', 'false', '(', '{', '@', NOT, SEQARROW, '-', STRING_LITERAL, CHAR_LITERAL, BIN_LITERAL, HEX_LITERAL, IDENT, INT_LITERAL, FLOAT_LITERAL, DOUBLE_LITERAL, REAL_LITERAL}
line 233:27 extraneous input '(' expecting {'\lemma', '}', IDENT, '/*!'}
line 233:31 mismatched input ')' expecting {'(', '{'}
line 237:42 mismatched input '}' expecting {'(', '{'}
line 238:34 mismatched input '}' expecting {'(', '{'}
line 239:28 extraneous input '(' expecting {'\lemma', '}', IDENT, '/*!'}
line 239:33 mismatched input '-&gt;' expecting {'(', '{'}
line 240:8 extraneous input '\replacewith' expecting {'\lemma', '}', IDENT, '/*!'}
line 240:25 mismatched input ')' expecting {'(', '{'}
line 240:56 mismatched input ')' expecting {'(', '{'}
line 245:14 mismatched input '\ifExintVar' expecting {MODALITY, FORALL, EXISTS, '\if', '\ifEx', 'true', 'false', '(', '{', '@', NOT, SEQARROW, '-', STRING_LITERAL, CHAR_LITERAL, BIN_LITERAL, HEX_LITERAL, IDENT, INT_LITERAL, FLOAT_LITERAL, DOUBLE_LITERAL, REAL_LITERAL}
line 245:27 extraneous input '(' expecting {'\lemma', '}', IDENT, '/*!'}
line 245:31 mismatched input ')' expecting {'(', '{'}
line 248:45 mismatched input '}' expecting {'(', '{'}
line 249:8 extraneous input '\replacewith' expecting {'\lemma', '}', IDENT, '/*!'}
line 249:38 mismatched input ')' expecting {'(', '{'}
line 250:42 mismatched input '}' expecting {'(', '{'}
line 251:28 extraneous input '(' expecting {'\lemma', '}', IDENT, '/*!'}
line 251:33 mismatched input '-&gt;' expecting {'(', '{'}
line 255:14 mismatched input '\ifExintVar' expecting {MODALITY, FORALL, EXISTS, '\if', '\ifEx', 'true', 'false', '(', '{', '@', NOT, SEQARROW, '-', STRING_LITERAL, CHAR_LITERAL, BIN_LITERAL, HEX_LITERAL, IDENT, INT_LITERAL, FLOAT_LITERAL, DOUBLE_LITERAL, REAL_LITERAL}
line 255:27 extraneous input '(' expecting {'\lemma', '}', IDENT, '/*!'}
line 255:31 mismatched input ')' expecting {'(', '{'}
line 258:52 extraneous input '0' expecting {'\lemma', '}', IDENT, '/*!'}
line 258:54 mismatched input 'then' expecting {&lt;EOF&gt;, '\problem', '\chooseContract', '\proofObligation', '\proof'}
)
	at app//de.uka.ilkd.key.control.AbstractUserInterfaceControl.load(AbstractUserInterfaceControl.java:221)
	at app//de.uka.ilkd.key.control.KeYEnvironment.load(KeYEnvironment.java:251)
	at app//de.uka.ilkd.key.control.KeYEnvironment.load(KeYEnvironment.java:224)
	at app//de.uka.ilkd.key.control.KeYEnvironment.load(KeYEnvironment.java:184)
	at app//de.uka.ilkd.key.logic.TestTermLabelManager.createTestServices(TestTermLabelManager.java:624)
	at app//de.uka.ilkd.key.logic.TestTermLabelManager.doRefactoringTestLogging(TestTermLabelManager.java:106)
	at app//de.uka.ilkd.key.logic.TestTermLabelManager.testrefactorGoal_none_ruleSpecific(TestTermLabelManager.java:83)
	at java.base@11.0.18/jdk.internal.reflect.NativeMethodAccessorImpl.invoke0(Native Method)
	at java.base@11.0.18/jdk.internal.reflect.NativeMethodAccessorImpl.invoke(NativeMethodAccessorImpl.java:62)
	at java.base@11.0.18/jdk.internal.reflect.DelegatingMethodAccessorImpl.invoke(DelegatingMethodAccessorImpl.java:43)
	at java.base@11.0.18/java.lang.reflect.Method.invoke(Method.java:566)
	at app//org.junit.platform.commons.util.ReflectionUtils.invokeMethod(ReflectionUtils.java:725)
	at app//org.junit.jupiter.engine.execution.MethodInvocation.proceed(MethodInvocation.java:60)
	at app//org.junit.jupiter.engine.execution.InvocationInterceptorChain$ValidatingInvocation.proceed(InvocationInterceptorChain.java:131)
	at app//org.junit.jupiter.engine.extension.TimeoutExtension.intercept(TimeoutExtension.java:149)
	at app//org.junit.jupiter.engine.extension.TimeoutExtension.interceptTestableMethod(TimeoutExtension.java:140)
	at app//org.junit.jupiter.engine.extension.TimeoutExtension.interceptTestMethod(TimeoutExtension.java:84)
	at app//org.junit.jupiter.engine.execution.ExecutableInvoker$ReflectiveInterceptorCall.lambda$ofVoidMethod$0(ExecutableInvoker.java:115)
	at app//org.junit.jupiter.engine.execution.ExecutableInvoker.lambda$invoke$0(ExecutableInvoker.java:105)
	at app//org.junit.jupiter.engine.execution.InvocationInterceptorChain$InterceptedInvocation.proceed(InvocationInterceptorChain.java:106)
	at app//org.junit.jupiter.engine.execution.InvocationInterceptorChain.proceed(InvocationInterceptorChain.java:64)
	at app//org.junit.jupiter.engine.execution.InvocationInterceptorChain.chainAndInvoke(InvocationInterceptorChain.java:45)
	at app//org.junit.jupiter.engine.execution.InvocationInterceptorChain.invoke(InvocationInterceptorChain.java:37)
	at app//org.junit.jupiter.engine.execution.ExecutableInvoker.invoke(ExecutableInvoker.java:104)
	at app//org.junit.jupiter.engine.execution.ExecutableInvoker.invoke(ExecutableInvoker.java:98)
	at app//org.junit.jupiter.engine.descriptor.TestMethodTestDescriptor.lambda$invokeTestMethod$7(TestMethodTestDescriptor.java:214)
	at app//org.junit.platform.engine.support.hierarchical.ThrowableCollector.execute(ThrowableCollector.java:73)
	at app//org.junit.jupiter.engine.descriptor.TestMethodTestDescriptor.invokeTestMethod(TestMethodTestDescriptor.java:210)
	at app//org.junit.jupiter.engine.descriptor.TestMethodTestDescriptor.execute(TestMethodTestDescriptor.java:135)
	at app//org.junit.jupiter.engine.descriptor.TestMethodTestDescriptor.execute(TestMethodTestDescriptor.java:66)
	at app//org.junit.platform.engine.support.hierarchical.NodeTestTask.lambda$executeRecursively$6(NodeTestTask.java:151)
	at app//org.junit.platform.engine.support.hierarchical.ThrowableCollector.execute(ThrowableCollector.java:73)
	at app//org.junit.platform.engine.support.hierarchical.NodeTestTask.lambda$executeRecursively$8(NodeTestTask.java:141)
	at app//org.junit.platform.engine.support.hierarchical.Node.around(Node.java:137)
	at app//org.junit.platform.engine.support.hierarchical.NodeTestTask.lambda$executeRecursively$9(NodeTestTask.java:139)
	at app//org.junit.platform.engine.support.hierarchical.ThrowableCollector.execute(ThrowableCollector.java:73)
	at app//org.junit.platform.engine.support.hierarchical.NodeTestTask.executeRecursively(NodeTestTask.java:138)
	at app//org.junit.platform.engine.support.hierarchical.NodeTestTask.execute(NodeTestTask.java:95)
	at java.base@11.0.18/java.util.ArrayList.forEach(ArrayList.java:1541)
	at app//org.junit.platform.engine.support.hierarchical.SameThreadHierarchicalTestExecutorService.invokeAll(SameThreadHierarchicalTestExecutorService.java:41)
	at app//org.junit.platform.engine.support.hierarchical.NodeTestTask.lambda$executeRecursively$6(NodeTestTask.java:155)
	at app//org.junit.platform.engine.support.hierarchical.ThrowableCollector.execute(ThrowableCollector.java:73)
	at app//org.junit.platform.engine.support.hierarchical.NodeTestTask.lambda$executeRecursively$8(NodeTestTask.java:141)
	at app//org.junit.platform.engine.support.hierarchical.Node.around(Node.java:137)
	at app//org.junit.platform.engine.support.hierarchical.NodeTestTask.lambda$executeRecursively$9(NodeTestTask.java:139)
	at app//org.junit.platform.engine.support.hierarchical.ThrowableCollector.execute(ThrowableCollector.java:73)
	at app//org.junit.platform.engine.support.hierarchical.NodeTestTask.executeRecursively(NodeTestTask.java:138)
	at app//org.junit.platform.engine.support.hierarchical.NodeTestTask.execute(NodeTestTask.java:95)
	at java.base@11.0.18/java.util.ArrayList.forEach(ArrayList.java:1541)
	at app//org.junit.platform.engine.support.hierarchical.SameThreadHierarchicalTestExecutorService.invokeAll(SameThreadHierarchicalTestExecutorService.java:41)
	at app//org.junit.platform.engine.support.hierarchical.NodeTestTask.lambda$executeRecursively$6(NodeTestTask.java:155)
	at app//org.junit.platform.engine.support.hierarchical.ThrowableCollector.execute(ThrowableCollector.java:73)
	at app//org.junit.platform.engine.support.hierarchical.NodeTestTask.lambda$executeRecursively$8(NodeTestTask.java:141)
	at app//org.junit.platform.engine.support.hierarchical.Node.around(Node.java:137)
	at app//org.junit.platform.engine.support.hierarchical.NodeTestTask.lambda$executeRecursively$9(NodeTestTask.java:139)
	at app//org.junit.platform.engine.support.hierarchical.ThrowableCollector.execute(ThrowableCollector.java:73)
	at app//org.junit.platform.engine.support.hierarchical.NodeTestTask.executeRecursively(NodeTestTask.java:138)
	at app//org.junit.platform.engine.support.hierarchical.NodeTestTask.execute(NodeTestTask.java:95)
	at app//org.junit.platform.engine.support.hierarchical.SameThreadHierarchicalTestExecutorService.submit(SameThreadHierarchicalTestExecutorService.java:35)
	at app//org.junit.platform.engine.support.hierarchical.HierarchicalTestExecutor.execute(HierarchicalTestExecutor.java:57)
	at app//org.junit.platform.engine.support.hierarchical.HierarchicalTestEngine.execute(HierarchicalTestEngine.java:54)
	at org.junit.platform.launcher.core.EngineExecutionOrchestrator.execute(EngineExecutionOrchestrator.java:107)
	at org.junit.platform.launcher.core.EngineExecutionOrchestrator.execute(EngineExecutionOrchestrator.java:88)
	at org.junit.platform.launcher.core.EngineExecutionOrchestrator.lambda$execute$0(EngineExecutionOrchestrator.java:54)
	at org.junit.platform.launcher.core.EngineExecutionOrchestrator.withInterceptedStreams(EngineExecutionOrchestrator.java:67)
	at org.junit.platform.launcher.core.EngineExecutionOrchestrator.execute(EngineExecutionOrchestrator.java:52)
	at org.junit.platform.launcher.core.DefaultLauncher.execute(DefaultLauncher.java:114)
	at org.junit.platform.launcher.core.DefaultLauncher.execute(DefaultLauncher.java:86)
	at org.junit.platform.launcher.core.DefaultLauncherSession$DelegatingLauncher.execute(DefaultLauncherSession.java:86)
	at org.junit.platform.launcher.core.SessionPerRequestLauncher.execute(SessionPerRequestLauncher.java:53)
	at org.gradle.api.internal.tasks.testing.junitplatform.JUnitPlatformTestClassProcessor$CollectAllTestClassesExecutor.processAllTestClasses(JUnitPlatformTestClassProcessor.java:99)
	at org.gradle.api.internal.tasks.testing.junitplatform.JUnitPlatformTestClassProcessor$CollectAllTestClassesExecutor.access$000(JUnitPlatformTestClassProcessor.java:79)
	at org.gradle.api.internal.tasks.testing.junitplatform.JUnitPlatformTestClassProcessor.stop(JUnitPlatformTestClassProcessor.java:75)
	at org.gradle.api.internal.tasks.testing.SuiteTestClassProcessor.stop(SuiteTestClassProcessor.java:62)
	at java.base@11.0.18/jdk.internal.reflect.NativeMethodAccessorImpl.invoke0(Native Method)
	at java.base@11.0.18/jdk.internal.reflect.NativeMethodAccessorImpl.invoke(NativeMethodAccessorImpl.java:62)
	at java.base@11.0.18/jdk.internal.reflect.DelegatingMethodAccessorImpl.invoke(DelegatingMethodAccessorImpl.java:43)
	at java.base@11.0.18/java.lang.reflect.Method.invoke(Method.java:566)
	at org.gradle.internal.dispatch.ReflectionDispatch.dispatch(ReflectionDispatch.java:36)
	at org.gradle.internal.dispatch.ReflectionDispatch.dispatch(ReflectionDispatch.java:24)
	at org.gradle.internal.dispatch.ContextClassLoaderDispatch.dispatch(ContextClassLoaderDispatch.java:33)
	at org.gradle.internal.dispatch.ProxyDispatchAdapter$DispatchingInvocationHandler.invoke(ProxyDispatchAdapter.java:94)
	at com.sun.proxy.$Proxy2.stop(Unknown Source)
	at org.gradle.api.internal.tasks.testing.worker.TestWorker$3.run(TestWorker.java:193)
	at org.gradle.api.internal.tasks.testing.worker.TestWorker.executeAndMaintainThreadName(TestWorker.java:129)
	at org.gradle.api.internal.tasks.testing.worker.TestWorker.execute(TestWorker.java:100)
	at org.gradle.api.internal.tasks.testing.worker.TestWorker.execute(TestWorker.java:60)
	at org.gradle.process.internal.worker.child.ActionExecutionWorker.execute(ActionExecutionWorker.java:56)
	at org.gradle.process.internal.worker.child.SystemApplicationClassLoaderWorker.call(SystemApplicationClassLoaderWorker.java:113)
	at org.gradle.process.internal.worker.child.SystemApplicationClassLoaderWorker.call(SystemApplicationClassLoaderWorker.java:65)
	at app//worker.org.gradle.process.internal.worker.GradleWorkerMain.run(GradleWorkerMain.java:69)
	at app//worker.org.gradle.process.internal.worker.GradleWorkerMain.main(GradleWorkerMain.java:74)
Caused by: de.uka.ilkd.key.proof.init.ProofInputException: line 135:14 mismatched input '\ifExintVar' expecting {MODALITY, FORALL, EXISTS, '\if', '\ifEx', 'true', 'false', '(', '{', '@', NOT, SEQARROW, '-', STRING_LITERAL, CHAR_LITERAL, BIN_LITERAL, HEX_LITERAL, IDENT, INT_LITERAL, FLOAT_LITERAL, DOUBLE_LITERAL, REAL_LITERAL}
line 135:27 extraneous input '(' expecting {'\lemma', '}', IDENT, '/*!'}
line 135:44 mismatched input ')' expecting {'(', '{'}
line 141:14 mismatched input '\ifExintVar' expecting {MODALITY, FORALL, EXISTS, '\if', '\ifEx', 'true', 'false', '(', '{', '@', NOT, SEQARROW, '-', STRING_LITERAL, CHAR_LITERAL, BIN_LITERAL, HEX_LITERAL, IDENT, INT_LITERAL, FLOAT_LITERAL, DOUBLE_LITERAL, REAL_LITERAL}
line 141:27 extraneous input '(' expecting {'\lemma', '}', IDENT, '/*!'}
line 141:41 mismatched input ')' expecting {'(', '{'}
line 148:14 mismatched input '\ifExintVar' expecting {MODALITY, FORALL, EXISTS, '\if', '\ifEx', 'true', 'false', '(', '{', '@', NOT, SEQARROW, '-', STRING_LITERAL, CHAR_LITERAL, BIN_LITERAL, HEX_LITERAL, IDENT, INT_LITERAL, FLOAT_LITERAL, DOUBLE_LITERAL, REAL_LITERAL}
line 148:27 extraneous input '(' expecting {'\lemma', '}', IDENT, '/*!'}
line 148:35 mismatched input '=' expecting {'(', '{'}
line 150:38 mismatched input '}' expecting {'(', '{'}
line 155:14 mismatched input '\ifExintVar' expecting {MODALITY, FORALL, EXISTS, '\if', '\ifEx', 'true', 'false', '(', '{', '@', NOT, SEQARROW, '-', STRING_LITERAL, CHAR_LITERAL, BIN_LITERAL, HEX_LITERAL, IDENT, INT_LITERAL, FLOAT_LITERAL, DOUBLE_LITERAL, REAL_LITERAL}
line 155:27 extraneous input '(' expecting {'\lemma', '}', IDENT, '/*!'}
line 155:35 mismatched input '=' expecting {'(', '{'}
line 157:38 mismatched input '}' expecting {'(', '{'}
line 163:14 mismatched input '\ifExintVar' expecting {MODALITY, FORALL, EXISTS, '\if', '\ifEx', 'true', 'false', '(', '{', '@', NOT, SEQARROW, '-', STRING_LITERAL, CHAR_LITERAL, BIN_LITERAL, HEX_LITERAL, IDENT, INT_LITERAL, FLOAT_LITERAL, DOUBLE_LITERAL, REAL_LITERAL}
line 163:27 extraneous input '(' expecting {'\lemma', '}', IDENT, '/*!'}
line 163:30 mismatched input '=' expecting {'(', '{'}
line 165:38 mismatched input '}' expecting {'(', '{'}
line 171:14 mismatched input '\ifExintVar' expecting {MODALITY, FORALL, EXISTS, '\if', '\ifEx', 'true', 'false', '(', '{', '@', NOT, SEQARROW, '-', STRING_LITERAL, CHAR_LITERAL, BIN_LITERAL, HEX_LITERAL, IDENT, INT_LITERAL, FLOAT_LITERAL, DOUBLE_LITERAL, REAL_LITERAL}
line 171:27 extraneous input '(' expecting {'\lemma', '}', IDENT, '/*!'}
line 171:30 mismatched input '=' expecting {'(', '{'}
line 173:38 mismatched input '}' expecting {'(', '{'}
line 179:14 mismatched input '\ifExintVar' expecting {MODALITY, FORALL, EXISTS, '\if', '\ifEx', 'true', 'false', '(', '{', '@', NOT, SEQARROW, '-', STRING_LITERAL, CHAR_LITERAL, BIN_LITERAL, HEX_LITERAL, IDENT, INT_LITERAL, FLOAT_LITERAL, DOUBLE_LITERAL, REAL_LITERAL}
line 179:27 extraneous input '(' expecting {'\lemma', '}', IDENT, '/*!'}
line 179:32 mismatched input '&amp;' expecting {'(', '{'}
line 181:42 mismatched input '}' expecting {'(', '{'}
line 182:39 mismatched input '}' expecting {'(', '{'}
line 188:14 mismatched input '\ifExintVar' expecting {MODALITY, FORALL, EXISTS, '\if', '\ifEx', 'true', 'false', '(', '{', '@', NOT, SEQARROW, '-', STRING_LITERAL, CHAR_LITERAL, BIN_LITERAL, HEX_LITERAL, IDENT, INT_LITERAL, FLOAT_LITERAL, DOUBLE_LITERAL, REAL_LITERAL}
line 188:27 extraneous input '(' expecting {'\lemma', '}', IDENT, '/*!'}
line 188:32 mismatched input '&amp;' expecting {'(', '{'}
line 190:42 mismatched input '}' expecting {'(', '{'}
line 191:39 mismatched input '}' expecting {'(', '{'}
line 198:14 mismatched input '\ifExintVar' expecting {MODALITY, FORALL, EXISTS, '\if', '\ifEx', 'true', 'false', '(', '{', '@', NOT, SEQARROW, '-', STRING_LITERAL, CHAR_LITERAL, BIN_LITERAL, HEX_LITERAL, IDENT, INT_LITERAL, FLOAT_LITERAL, DOUBLE_LITERAL, REAL_LITERAL}
line 198:27 extraneous input '(' expecting {'\lemma', '}', IDENT, '/*!'}
line 198:32 mismatched input '&amp;' expecting {'(', '{'}
line 200:42 mismatched input '}' expecting {'(', '{'}
line 201:39 mismatched input '}' expecting {'(', '{'}
line 208:14 mismatched input '\ifExintVar' expecting {MODALITY, FORALL, EXISTS, '\if', '\ifEx', 'true', 'false', '(', '{', '@', NOT, SEQARROW, '-', STRING_LITERAL, CHAR_LITERAL, BIN_LITERAL, HEX_LITERAL, IDENT, INT_LITERAL, FLOAT_LITERAL, DOUBLE_LITERAL, REAL_LITERAL}
line 208:27 extraneous input '(' expecting {'\lemma', '}', IDENT, '/*!'}
line 208:32 mismatched input '&amp;' expecting {'(', '{'}
line 210:42 mismatched input '}' expecting {'(', '{'}
line 211:39 mismatched input '}' expecting {'(', '{'}
line 218:14 mismatched input '\ifExintVar' expecting {MODALITY, FORALL, EXISTS, '\if', '\ifEx', 'true', 'false', '(', '{', '@', NOT, SEQARROW, '-', STRING_LITERAL, CHAR_LITERAL, BIN_LITERAL, HEX_LITERAL, IDENT, INT_LITERAL, FLOAT_LITERAL, DOUBLE_LITERAL, REAL_LITERAL}
line 218:27 extraneous input '(' expecting {'\lemma', '}', IDENT, '/*!'}
line 218:31 mismatched input ')' expecting {'(', '{'}
line 220:44 mismatched input ')' expecting {'(', '{'}
line 225:14 mismatched input '\ifExintVar' expecting {MODALITY, FORALL, EXISTS, '\if', '\ifEx', 'true', 'false', '(', '{', '@', NOT, SEQARROW, '-', STRING_LITERAL, CHAR_LITERAL, BIN_LITERAL, HEX_LITERAL, IDENT, INT_LITERAL, FLOAT_LITERAL, DOUBLE_LITERAL, REAL_LITERAL}
line 225:27 extraneous input '(' expecting {'\lemma', '}', IDENT, '/*!'}
line 225:31 mismatched input ')' expecting {'(', '{'}
line 227:44 mismatched input ')' expecting {'(', '{'}
line 233:14 mismatched input '\ifExintVar' expecting {MODALITY, FORALL, EXISTS, '\if', '\ifEx', 'true', 'false', '(', '{', '@', NOT, SEQARROW, '-', STRING_LITERAL, CHAR_LITERAL, BIN_LITERAL, HEX_LITERAL, IDENT, INT_LITERAL, FLOAT_LITERAL, DOUBLE_LITERAL, REAL_LITERAL}
line 233:27 extraneous input '(' expecting {'\lemma', '}', IDENT, '/*!'}
line 233:31 mismatched input ')' expecting {'(', '{'}
line 237:42 mismatched input '}' expecting {'(', '{'}
line 238:34 mismatched input '}' expecting {'(', '{'}
line 239:28 extraneous input '(' expecting {'\lemma', '}', IDENT, '/*!'}
line 239:33 mismatched input '-&gt;' expecting {'(', '{'}
line 240:8 extraneous input '\replacewith' expecting {'\lemma', '}', IDENT, '/*!'}
line 240:25 mismatched input ')' expecting {'(', '{'}
line 240:56 mismatched input ')' expecting {'(', '{'}
line 245:14 mismatched input '\ifExintVar' expecting {MODALITY, FORALL, EXISTS, '\if', '\ifEx', 'true', 'false', '(', '{', '@', NOT, SEQARROW, '-', STRING_LITERAL, CHAR_LITERAL, BIN_LITERAL, HEX_LITERAL, IDENT, INT_LITERAL, FLOAT_LITERAL, DOUBLE_LITERAL, REAL_LITERAL}
line 245:27 extraneous input '(' expecting {'\lemma', '}', IDENT, '/*!'}
line 245:31 mismatched input ')' expecting {'(', '{'}
line 248:45 mismatched input '}' expecting {'(', '{'}
line 249:8 extraneous input '\replacewith' expecting {'\lemma', '}', IDENT, '/*!'}
line 249:38 mismatched input ')' expecting {'(', '{'}
line 250:42 mismatched input '}' expecting {'(', '{'}
line 251:28 extraneous input '(' expecting {'\lemma', '}', IDENT, '/*!'}
line 251:33 mismatched input '-&gt;' expecting {'(', '{'}
line 255:14 mismatched input '\ifExintVar' expecting {MODALITY, FORALL, EXISTS, '\if', '\ifEx', 'true', 'false', '(', '{', '@', NOT, SEQARROW, '-', STRING_LITERAL, CHAR_LITERAL, BIN_LITERAL, HEX_LITERAL, IDENT, INT_LITERAL, FLOAT_LITERAL, DOUBLE_LITERAL, REAL_LITERAL}
line 255:27 extraneous input '(' expecting {'\lemma', '}', IDENT, '/*!'}
line 255:31 mismatched input ')' expecting {'(', '{'}
line 258:52 extraneous input '0' expecting {'\lemma', '}', IDENT, '/*!'}
line 258:54 mismatched input 'then' expecting {&lt;EOF&gt;, '\problem', '\chooseContract', '\proofObligation', '\proof'}

	at app//de.uka.ilkd.key.proof.io.KeYFile.readIncludes(KeYFile.java:210)
	at app//de.uka.ilkd.key.proof.init.ProblemInitializer.readIncludes(ProblemInitializer.java:177)
	at app//de.uka.ilkd.key.proof.init.ProblemInitializer.readEnvInput(ProblemInitializer.java:325)
	at app//de.uka.ilkd.key.proof.init.ProblemInitializer.readIncludes(ProblemInitializer.java:188)
	at app//de.uka.ilkd.key.proof.init.ProblemInitializer.readEnvInput(ProblemInitializer.java:325)
	at app//de.uka.ilkd.key.proof.init.ProblemInitializer.prepare(ProblemInitializer.java:449)
	at app//de.uka.ilkd.key.proof.io.AbstractProblemLoader.createInitConfig(AbstractProblemLoader.java:518)
	at app//de.uka.ilkd.key.proof.io.AbstractProblemLoader.loadEnvironment(AbstractProblemLoader.java:288)
	at app//de.uka.ilkd.key.proof.io.AbstractProblemLoader.load(AbstractProblemLoader.java:252)
	at app//de.uka.ilkd.key.control.AbstractUserInterfaceControl.load(AbstractUserInterfaceControl.java:209)
	... 91 more
Caused by: de.uka.ilkd.key.util.parsing.SyntaxErrorReporter$ParserException: line 135:14 mismatched input '\ifExintVar' expecting {MODALITY, FORALL, EXISTS, '\if', '\ifEx', 'true', 'false', '(', '{', '@', NOT, SEQARROW, '-', STRING_LITERAL, CHAR_LITERAL, BIN_LITERAL, HEX_LITERAL, IDENT, INT_LITERAL, FLOAT_LITERAL, DOUBLE_LITERAL, REAL_LITERAL}
line 135:27 extraneous input '(' expecting {'\lemma', '}', IDENT, '/*!'}
line 135:44 mismatched input ')' expecting {'(', '{'}
line 141:14 mismatched input '\ifExintVar' expecting {MODALITY, FORALL, EXISTS, '\if', '\ifEx', 'true', 'false', '(', '{', '@', NOT, SEQARROW, '-', STRING_LITERAL, CHAR_LITERAL, BIN_LITERAL, HEX_LITERAL, IDENT, INT_LITERAL, FLOAT_LITERAL, DOUBLE_LITERAL, REAL_LITERAL}
line 141:27 extraneous input '(' expecting {'\lemma', '}', IDENT, '/*!'}
line 141:41 mismatched input ')' expecting {'(', '{'}
line 148:14 mismatched input '\ifExintVar' expecting {MODALITY, FORALL, EXISTS, '\if', '\ifEx', 'true', 'false', '(', '{', '@', NOT, SEQARROW, '-', STRING_LITERAL, CHAR_LITERAL, BIN_LITERAL, HEX_LITERAL, IDENT, INT_LITERAL, FLOAT_LITERAL, DOUBLE_LITERAL, REAL_LITERAL}
line 148:27 extraneous input '(' expecting {'\lemma', '}', IDENT, '/*!'}
line 148:35 mismatched input '=' expecting {'(', '{'}
line 150:38 mismatched input '}' expecting {'(', '{'}
line 155:14 mismatched input '\ifExintVar' expecting {MODALITY, FORALL, EXISTS, '\if', '\ifEx', 'true', 'false', '(', '{', '@', NOT, SEQARROW, '-', STRING_LITERAL, CHAR_LITERAL, BIN_LITERAL, HEX_LITERAL, IDENT, INT_LITERAL, FLOAT_LITERAL, DOUBLE_LITERAL, REAL_LITERAL}
line 155:27 extraneous input '(' expecting {'\lemma', '}', IDENT, '/*!'}
line 155:35 mismatched input '=' expecting {'(', '{'}
line 157:38 mismatched input '}' expecting {'(', '{'}
line 163:14 mismatched input '\ifExintVar' expecting {MODALITY, FORALL, EXISTS, '\if', '\ifEx', 'true', 'false', '(', '{', '@', NOT, SEQARROW, '-', STRING_LITERAL, CHAR_LITERAL, BIN_LITERAL, HEX_LITERAL, IDENT, INT_LITERAL, FLOAT_LITERAL, DOUBLE_LITERAL, REAL_LITERAL}
line 163:27 extraneous input '(' expecting {'\lemma', '}', IDENT, '/*!'}
line 163:30 mismatched input '=' expecting {'(', '{'}
line 165:38 mismatched input '}' expecting {'(', '{'}
line 171:14 mismatched input '\ifExintVar' expecting {MODALITY, FORALL, EXISTS, '\if', '\ifEx', 'true', 'false', '(', '{', '@', NOT, SEQARROW, '-', STRING_LITERAL, CHAR_LITERAL, BIN_LITERAL, HEX_LITERAL, IDENT, INT_LITERAL, FLOAT_LITERAL, DOUBLE_LITERAL, REAL_LITERAL}
line 171:27 extraneous input '(' expecting {'\lemma', '}', IDENT, '/*!'}
line 171:30 mismatched input '=' expecting {'(', '{'}
line 173:38 mismatched input '}' expecting {'(', '{'}
line 179:14 mismatched input '\ifExintVar' expecting {MODALITY, FORALL, EXISTS, '\if', '\ifEx', 'true', 'false', '(', '{', '@', NOT, SEQARROW, '-', STRING_LITERAL, CHAR_LITERAL, BIN_LITERAL, HEX_LITERAL, IDENT, INT_LITERAL, FLOAT_LITERAL, DOUBLE_LITERAL, REAL_LITERAL}
line 179:27 extraneous input '(' expecting {'\lemma', '}', IDENT, '/*!'}
line 179:32 mismatched input '&amp;' expecting {'(', '{'}
line 181:42 mismatched input '}' expecting {'(', '{'}
line 182:39 mismatched input '}' expecting {'(', '{'}
line 188:14 mismatched input '\ifExintVar' expecting {MODALITY, FORALL, EXISTS, '\if', '\ifEx', 'true', 'false', '(', '{', '@', NOT, SEQARROW, '-', STRING_LITERAL, CHAR_LITERAL, BIN_LITERAL, HEX_LITERAL, IDENT, INT_LITERAL, FLOAT_LITERAL, DOUBLE_LITERAL, REAL_LITERAL}
line 188:27 extraneous input '(' expecting {'\lemma', '}', IDENT, '/*!'}
line 188:32 mismatched input '&amp;' expecting {'(', '{'}
line 190:42 mismatched input '}' expecting {'(', '{'}
line 191:39 mismatched input '}' expecting {'(', '{'}
line 198:14 mismatched input '\ifExintVar' expecting {MODALITY, FORALL, EXISTS, '\if', '\ifEx', 'true', 'false', '(', '{', '@', NOT, SEQARROW, '-', STRING_LITERAL, CHAR_LITERAL, BIN_LITERAL, HEX_LITERAL, IDENT, INT_LITERAL, FLOAT_LITERAL, DOUBLE_LITERAL, REAL_LITERAL}
line 198:27 extraneous input '(' expecting {'\lemma', '}', IDENT, '/*!'}
line 198:32 mismatched input '&amp;' expecting {'(', '{'}
line 200:42 mismatched input '}' expecting {'(', '{'}
line 201:39 mismatched input '}' expecting {'(', '{'}
line 208:14 mismatched input '\ifExintVar' expecting {MODALITY, FORALL, EXISTS, '\if', '\ifEx', 'true', 'false', '(', '{', '@', NOT, SEQARROW, '-', STRING_LITERAL, CHAR_LITERAL, BIN_LITERAL, HEX_LITERAL, IDENT, INT_LITERAL, FLOAT_LITERAL, DOUBLE_LITERAL, REAL_LITERAL}
line 208:27 extraneous input '(' expecting {'\lemma', '}', IDENT, '/*!'}
line 208:32 mismatched input '&amp;' expecting {'(', '{'}
line 210:42 mismatched input '}' expecting {'(', '{'}
line 211:39 mismatched input '}' expecting {'(', '{'}
line 218:14 mismatched input '\ifExintVar' expecting {MODALITY, FORALL, EXISTS, '\if', '\ifEx', 'true', 'false', '(', '{', '@', NOT, SEQARROW, '-', STRING_LITERAL, CHAR_LITERAL, BIN_LITERAL, HEX_LITERAL, IDENT, INT_LITERAL, FLOAT_LITERAL, DOUBLE_LITERAL, REAL_LITERAL}
line 218:27 extraneous input '(' expecting {'\lemma', '}', IDENT, '/*!'}
line 218:31 mismatched input ')' expecting {'(', '{'}
line 220:44 mismatched input ')' expecting {'(', '{'}
line 225:14 mismatched input '\ifExintVar' expecting {MODALITY, FORALL, EXISTS, '\if', '\ifEx', 'true', 'false', '(', '{', '@', NOT, SEQARROW, '-', STRING_LITERAL, CHAR_LITERAL, BIN_LITERAL, HEX_LITERAL, IDENT, INT_LITERAL, FLOAT_LITERAL, DOUBLE_LITERAL, REAL_LITERAL}
line 225:27 extraneous input '(' expecting {'\lemma', '}', IDENT, '/*!'}
line 225:31 mismatched input ')' expecting {'(', '{'}
line 227:44 mismatched input ')' expecting {'(', '{'}
line 233:14 mismatched input '\ifExintVar' expecting {MODALITY, FORALL, EXISTS, '\if', '\ifEx', 'true', 'false', '(', '{', '@', NOT, SEQARROW, '-', STRING_LITERAL, CHAR_LITERAL, BIN_LITERAL, HEX_LITERAL, IDENT, INT_LITERAL, FLOAT_LITERAL, DOUBLE_LITERAL, REAL_LITERAL}
line 233:27 extraneous input '(' expecting {'\lemma', '}', IDENT, '/*!'}
line 233:31 mismatched input ')' expecting {'(', '{'}
line 237:42 mismatched input '}' expecting {'(', '{'}
line 238:34 mismatched input '}' expecting {'(', '{'}
line 239:28 extraneous input '(' expecting {'\lemma', '}', IDENT, '/*!'}
line 239:33 mismatched input '-&gt;' expecting {'(', '{'}
line 240:8 extraneous input '\replacewith' expecting {'\lemma', '}', IDENT, '/*!'}
line 240:25 mismatched input ')' expecting {'(', '{'}
line 240:56 mismatched input ')' expecting {'(', '{'}
line 245:14 mismatched input '\ifExintVar' expecting {MODALITY, FORALL, EXISTS, '\if', '\ifEx', 'true', 'false', '(', '{', '@', NOT, SEQARROW, '-', STRING_LITERAL, CHAR_LITERAL, BIN_LITERAL, HEX_LITERAL, IDENT, INT_LITERAL, FLOAT_LITERAL, DOUBLE_LITERAL, REAL_LITERAL}
line 245:27 extraneous input '(' expecting {'\lemma', '}', IDENT, '/*!'}
line 245:31 mismatched input ')' expecting {'(', '{'}
line 248:45 mismatched input '}' expecting {'(', '{'}
line 249:8 extraneous input '\replacewith' expecting {'\lemma', '}', IDENT, '/*!'}
line 249:38 mismatched input ')' expecting {'(', '{'}
line 250:42 mismatched input '}' expecting {'(', '{'}
line 251:28 extraneous input '(' expecting {'\lemma', '}', IDENT, '/*!'}
line 251:33 mismatched input '-&gt;' expecting {'(', '{'}
line 255:14 mismatched input '\ifExintVar' expecting {MODALITY, FORALL, EXISTS, '\if', '\ifEx', 'true', 'false', '(', '{', '@', NOT, SEQARROW, '-', STRING_LITERAL, CHAR_LITERAL, BIN_LITERAL, HEX_LITERAL, IDENT, INT_LITERAL, FLOAT_LITERAL, DOUBLE_LITERAL, REAL_LITERAL}
line 255:27 extraneous input '(' expecting {'\lemma', '}', IDENT, '/*!'}
line 255:31 mismatched input ')' expecting {'(', '{'}
line 258:52 extraneous input '0' expecting {'\lemma', '}', IDENT, '/*!'}
line 258:54 mismatched input 'then' expecting {&lt;EOF&gt;, '\problem', '\chooseContract', '\proofObligation', '\proof'}

	at app//de.uka.ilkd.key.util.parsing.SyntaxErrorReporter.throwException(SyntaxErrorReporter.java:89)
	at app//de.uka.ilkd.key.nparser.ParsingFacade.parseFile(ParsingFacade.java:125)
	at app//de.uka.ilkd.key.proof.io.KeYFile.getParseContext(KeYFile.java:160)
	at app//de.uka.ilkd.key.proof.io.KeYFile.readIncludes(KeYFile.java:206)
	... 100 more
</failure>
  </testcase>
  <testcase name="testInstantiateLabels_updates_ruleSpecific()" classname="de.uka.ilkd.key.logic.TestTermLabelManager" time="0.069">
    <failure message="org.opentest4j.AssertionFailedError" type="org.opentest4j.AssertionFailedError">org.opentest4j.AssertionFailedError
	at app//org.junit.jupiter.api.AssertionUtils.fail(AssertionUtils.java:35)
	at app//org.junit.jupiter.api.Assertions.fail(Assertions.java:115)
	at app//de.uka.ilkd.key.logic.TestTermLabelManager.testInstantiateLabels_updates_ruleSpecific(TestTermLabelManager.java:242)
	at java.base@11.0.18/jdk.internal.reflect.NativeMethodAccessorImpl.invoke0(Native Method)
	at java.base@11.0.18/jdk.internal.reflect.NativeMethodAccessorImpl.invoke(NativeMethodAccessorImpl.java:62)
	at java.base@11.0.18/jdk.internal.reflect.DelegatingMethodAccessorImpl.invoke(DelegatingMethodAccessorImpl.java:43)
	at java.base@11.0.18/java.lang.reflect.Method.invoke(Method.java:566)
	at app//org.junit.platform.commons.util.ReflectionUtils.invokeMethod(ReflectionUtils.java:725)
	at app//org.junit.jupiter.engine.execution.MethodInvocation.proceed(MethodInvocation.java:60)
	at app//org.junit.jupiter.engine.execution.InvocationInterceptorChain$ValidatingInvocation.proceed(InvocationInterceptorChain.java:131)
	at app//org.junit.jupiter.engine.extension.TimeoutExtension.intercept(TimeoutExtension.java:149)
	at app//org.junit.jupiter.engine.extension.TimeoutExtension.interceptTestableMethod(TimeoutExtension.java:140)
	at app//org.junit.jupiter.engine.extension.TimeoutExtension.interceptTestMethod(TimeoutExtension.java:84)
	at app//org.junit.jupiter.engine.execution.ExecutableInvoker$ReflectiveInterceptorCall.lambda$ofVoidMethod$0(ExecutableInvoker.java:115)
	at app//org.junit.jupiter.engine.execution.ExecutableInvoker.lambda$invoke$0(ExecutableInvoker.java:105)
	at app//org.junit.jupiter.engine.execution.InvocationInterceptorChain$InterceptedInvocation.proceed(InvocationInterceptorChain.java:106)
	at app//org.junit.jupiter.engine.execution.InvocationInterceptorChain.proceed(InvocationInterceptorChain.java:64)
	at app//org.junit.jupiter.engine.execution.InvocationInterceptorChain.chainAndInvoke(InvocationInterceptorChain.java:45)
	at app//org.junit.jupiter.engine.execution.InvocationInterceptorChain.invoke(InvocationInterceptorChain.java:37)
	at app//org.junit.jupiter.engine.execution.ExecutableInvoker.invoke(ExecutableInvoker.java:104)
	at app//org.junit.jupiter.engine.execution.ExecutableInvoker.invoke(ExecutableInvoker.java:98)
	at app//org.junit.jupiter.engine.descriptor.TestMethodTestDescriptor.lambda$invokeTestMethod$7(TestMethodTestDescriptor.java:214)
	at app//org.junit.platform.engine.support.hierarchical.ThrowableCollector.execute(ThrowableCollector.java:73)
	at app//org.junit.jupiter.engine.descriptor.TestMethodTestDescriptor.invokeTestMethod(TestMethodTestDescriptor.java:210)
	at app//org.junit.jupiter.engine.descriptor.TestMethodTestDescriptor.execute(TestMethodTestDescriptor.java:135)
	at app//org.junit.jupiter.engine.descriptor.TestMethodTestDescriptor.execute(TestMethodTestDescriptor.java:66)
	at app//org.junit.platform.engine.support.hierarchical.NodeTestTask.lambda$executeRecursively$6(NodeTestTask.java:151)
	at app//org.junit.platform.engine.support.hierarchical.ThrowableCollector.execute(ThrowableCollector.java:73)
	at app//org.junit.platform.engine.support.hierarchical.NodeTestTask.lambda$executeRecursively$8(NodeTestTask.java:141)
	at app//org.junit.platform.engine.support.hierarchical.Node.around(Node.java:137)
	at app//org.junit.platform.engine.support.hierarchical.NodeTestTask.lambda$executeRecursively$9(NodeTestTask.java:139)
	at app//org.junit.platform.engine.support.hierarchical.ThrowableCollector.execute(ThrowableCollector.java:73)
	at app//org.junit.platform.engine.support.hierarchical.NodeTestTask.executeRecursively(NodeTestTask.java:138)
	at app//org.junit.platform.engine.support.hierarchical.NodeTestTask.execute(NodeTestTask.java:95)
	at java.base@11.0.18/java.util.ArrayList.forEach(ArrayList.java:1541)
	at app//org.junit.platform.engine.support.hierarchical.SameThreadHierarchicalTestExecutorService.invokeAll(SameThreadHierarchicalTestExecutorService.java:41)
	at app//org.junit.platform.engine.support.hierarchical.NodeTestTask.lambda$executeRecursively$6(NodeTestTask.java:155)
	at app//org.junit.platform.engine.support.hierarchical.ThrowableCollector.execute(ThrowableCollector.java:73)
	at app//org.junit.platform.engine.support.hierarchical.NodeTestTask.lambda$executeRecursively$8(NodeTestTask.java:141)
	at app//org.junit.platform.engine.support.hierarchical.Node.around(Node.java:137)
	at app//org.junit.platform.engine.support.hierarchical.NodeTestTask.lambda$executeRecursively$9(NodeTestTask.java:139)
	at app//org.junit.platform.engine.support.hierarchical.ThrowableCollector.execute(ThrowableCollector.java:73)
	at app//org.junit.platform.engine.support.hierarchical.NodeTestTask.executeRecursively(NodeTestTask.java:138)
	at app//org.junit.platform.engine.support.hierarchical.NodeTestTask.execute(NodeTestTask.java:95)
	at java.base@11.0.18/java.util.ArrayList.forEach(ArrayList.java:1541)
	at app//org.junit.platform.engine.support.hierarchical.SameThreadHierarchicalTestExecutorService.invokeAll(SameThreadHierarchicalTestExecutorService.java:41)
	at app//org.junit.platform.engine.support.hierarchical.NodeTestTask.lambda$executeRecursively$6(NodeTestTask.java:155)
	at app//org.junit.platform.engine.support.hierarchical.ThrowableCollector.execute(ThrowableCollector.java:73)
	at app//org.junit.platform.engine.support.hierarchical.NodeTestTask.lambda$executeRecursively$8(NodeTestTask.java:141)
	at app//org.junit.platform.engine.support.hierarchical.Node.around(Node.java:137)
	at app//org.junit.platform.engine.support.hierarchical.NodeTestTask.lambda$executeRecursively$9(NodeTestTask.java:139)
	at app//org.junit.platform.engine.support.hierarchical.ThrowableCollector.execute(ThrowableCollector.java:73)
	at app//org.junit.platform.engine.support.hierarchical.NodeTestTask.executeRecursively(NodeTestTask.java:138)
	at app//org.junit.platform.engine.support.hierarchical.NodeTestTask.execute(NodeTestTask.java:95)
	at app//org.junit.platform.engine.support.hierarchical.SameThreadHierarchicalTestExecutorService.submit(SameThreadHierarchicalTestExecutorService.java:35)
	at app//org.junit.platform.engine.support.hierarchical.HierarchicalTestExecutor.execute(HierarchicalTestExecutor.java:57)
	at app//org.junit.platform.engine.support.hierarchical.HierarchicalTestEngine.execute(HierarchicalTestEngine.java:54)
	at org.junit.platform.launcher.core.EngineExecutionOrchestrator.execute(EngineExecutionOrchestrator.java:107)
	at org.junit.platform.launcher.core.EngineExecutionOrchestrator.execute(EngineExecutionOrchestrator.java:88)
	at org.junit.platform.launcher.core.EngineExecutionOrchestrator.lambda$execute$0(EngineExecutionOrchestrator.java:54)
	at org.junit.platform.launcher.core.EngineExecutionOrchestrator.withInterceptedStreams(EngineExecutionOrchestrator.java:67)
	at org.junit.platform.launcher.core.EngineExecutionOrchestrator.execute(EngineExecutionOrchestrator.java:52)
	at org.junit.platform.launcher.core.DefaultLauncher.execute(DefaultLauncher.java:114)
	at org.junit.platform.launcher.core.DefaultLauncher.execute(DefaultLauncher.java:86)
	at org.junit.platform.launcher.core.DefaultLauncherSession$DelegatingLauncher.execute(DefaultLauncherSession.java:86)
	at org.junit.platform.launcher.core.SessionPerRequestLauncher.execute(SessionPerRequestLauncher.java:53)
	at org.gradle.api.internal.tasks.testing.junitplatform.JUnitPlatformTestClassProcessor$CollectAllTestClassesExecutor.processAllTestClasses(JUnitPlatformTestClassProcessor.java:99)
	at org.gradle.api.internal.tasks.testing.junitplatform.JUnitPlatformTestClassProcessor$CollectAllTestClassesExecutor.access$000(JUnitPlatformTestClassProcessor.java:79)
	at org.gradle.api.internal.tasks.testing.junitplatform.JUnitPlatformTestClassProcessor.stop(JUnitPlatformTestClassProcessor.java:75)
	at org.gradle.api.internal.tasks.testing.SuiteTestClassProcessor.stop(SuiteTestClassProcessor.java:62)
	at java.base@11.0.18/jdk.internal.reflect.NativeMethodAccessorImpl.invoke0(Native Method)
	at java.base@11.0.18/jdk.internal.reflect.NativeMethodAccessorImpl.invoke(NativeMethodAccessorImpl.java:62)
	at java.base@11.0.18/jdk.internal.reflect.DelegatingMethodAccessorImpl.invoke(DelegatingMethodAccessorImpl.java:43)
	at java.base@11.0.18/java.lang.reflect.Method.invoke(Method.java:566)
	at org.gradle.internal.dispatch.ReflectionDispatch.dispatch(ReflectionDispatch.java:36)
	at org.gradle.internal.dispatch.ReflectionDispatch.dispatch(ReflectionDispatch.java:24)
	at org.gradle.internal.dispatch.ContextClassLoaderDispatch.dispatch(ContextClassLoaderDispatch.java:33)
	at org.gradle.internal.dispatch.ProxyDispatchAdapter$DispatchingInvocationHandler.invoke(ProxyDispatchAdapter.java:94)
	at com.sun.proxy.$Proxy2.stop(Unknown Source)
	at org.gradle.api.internal.tasks.testing.worker.TestWorker$3.run(TestWorker.java:193)
	at org.gradle.api.internal.tasks.testing.worker.TestWorker.executeAndMaintainThreadName(TestWorker.java:129)
	at org.gradle.api.internal.tasks.testing.worker.TestWorker.execute(TestWorker.java:100)
	at org.gradle.api.internal.tasks.testing.worker.TestWorker.execute(TestWorker.java:60)
	at org.gradle.process.internal.worker.child.ActionExecutionWorker.execute(ActionExecutionWorker.java:56)
	at org.gradle.process.internal.worker.child.SystemApplicationClassLoaderWorker.call(SystemApplicationClassLoaderWorker.java:113)
	at org.gradle.process.internal.worker.child.SystemApplicationClassLoaderWorker.call(SystemApplicationClassLoaderWorker.java:65)
	at app//worker.org.gradle.process.internal.worker.GradleWorkerMain.run(GradleWorkerMain.java:69)
	at app//worker.org.gradle.process.internal.worker.GradleWorkerMain.main(GradleWorkerMain.java:74)
</failure>
  </testcase>
  <testcase name="testrefactorGoal_sequent_ruleSpecific()" classname="de.uka.ilkd.key.logic.TestTermLabelManager" time="0.055">
    <failure message="line 135:14 mismatched input '\ifExintVar' expecting {MODALITY, FORALL, EXISTS, '\if', '\ifEx', 'true', 'false', '(', '{', '@', NOT, SEQARROW, '-', STRING_LITERAL, CHAR_LITERAL, BIN_LITERAL, HEX_LITERAL, IDENT, INT_LITERAL, FLOAT_LITERAL, DOUBLE_LITERAL, REAL_LITERAL}&#10;line 135:27 extraneous input '(' expecting {'\lemma', '}', IDENT, '/*!'}&#10;line 135:44 mismatched input ')' expecting {'(', '{'}&#10;line 141:14 mismatched input '\ifExintVar' expecting {MODALITY, FORALL, EXISTS, '\if', '\ifEx', 'true', 'false', '(', '{', '@', NOT, SEQARROW, '-', STRING_LITERAL, CHAR_LITERAL, BIN_LITERAL, HEX_LITERAL, IDENT, INT_LITERAL, FLOAT_LITERAL, DOUBLE_LITERAL, REAL_LITERAL}&#10;line 141:27 extraneous input '(' expecting {'\lemma', '}', IDENT, '/*!'}&#10;line 141:41 mismatched input ')' expecting {'(', '{'}&#10;line 148:14 mismatched input '\ifExintVar' expecting {MODALITY, FORALL, EXISTS, '\if', '\ifEx', 'true', 'false', '(', '{', '@', NOT, SEQARROW, '-', STRING_LITERAL, CHAR_LITERAL, BIN_LITERAL, HEX_LITERAL, IDENT, INT_LITERAL, FLOAT_LITERAL, DOUBLE_LITERAL, REAL_LITERAL}&#10;line 148:27 extraneous input '(' expecting {'\lemma', '}', IDENT, '/*!'}&#10;line 148:35 mismatched input '=' expecting {'(', '{'}&#10;line 150:38 mismatched input '}' expecting {'(', '{'}&#10;line 155:14 mismatched input '\ifExintVar' expecting {MODALITY, FORALL, EXISTS, '\if', '\ifEx', 'true', 'false', '(', '{', '@', NOT, SEQARROW, '-', STRING_LITERAL, CHAR_LITERAL, BIN_LITERAL, HEX_LITERAL, IDENT, INT_LITERAL, FLOAT_LITERAL, DOUBLE_LITERAL, REAL_LITERAL}&#10;line 155:27 extraneous input '(' expecting {'\lemma', '}', IDENT, '/*!'}&#10;line 155:35 mismatched input '=' expecting {'(', '{'}&#10;line 157:38 mismatched input '}' expecting {'(', '{'}&#10;line 163:14 mismatched input '\ifExintVar' expecting {MODALITY, FORALL, EXISTS, '\if', '\ifEx', 'true', 'false', '(', '{', '@', NOT, SEQARROW, '-', STRING_LITERAL, CHAR_LITERAL, BIN_LITERAL, HEX_LITERAL, IDENT, INT_LITERAL, FLOAT_LITERAL, DOUBLE_LITERAL, REAL_LITERAL}&#10;line 163:27 extraneous input '(' expecting {'\lemma', '}', IDENT, '/*!'}&#10;line 163:30 mismatched input '=' expecting {'(', '{'}&#10;line 165:38 mismatched input '}' expecting {'(', '{'}&#10;line 171:14 mismatched input '\ifExintVar' expecting {MODALITY, FORALL, EXISTS, '\if', '\ifEx', 'true', 'false', '(', '{', '@', NOT, SEQARROW, '-', STRING_LITERAL, CHAR_LITERAL, BIN_LITERAL, HEX_LITERAL, IDENT, INT_LITERAL, FLOAT_LITERAL, DOUBLE_LITERAL, REAL_LITERAL}&#10;line 171:27 extraneous input '(' expecting {'\lemma', '}', IDENT, '/*!'}&#10;line 171:30 mismatched input '=' expecting {'(', '{'}&#10;line 173:38 mismatched input '}' expecting {'(', '{'}&#10;line 179:14 mismatched input '\ifExintVar' expecting {MODALITY, FORALL, EXISTS, '\if', '\ifEx', 'true', 'false', '(', '{', '@', NOT, SEQARROW, '-', STRING_LITERAL, CHAR_LITERAL, BIN_LITERAL, HEX_LITERAL, IDENT, INT_LITERAL, FLOAT_LITERAL, DOUBLE_LITERAL, REAL_LITERAL}&#10;line 179:27 extraneous input '(' expecting {'\lemma', '}', IDENT, '/*!'}&#10;line 179:32 mismatched input '&amp;' expecting {'(', '{'}&#10;line 181:42 mismatched input '}' expecting {'(', '{'}&#10;line 182:39 mismatched input '}' expecting {'(', '{'}&#10;line 188:14 mismatched input '\ifExintVar' expecting {MODALITY, FORALL, EXISTS, '\if', '\ifEx', 'true', 'false', '(', '{', '@', NOT, SEQARROW, '-', STRING_LITERAL, CHAR_LITERAL, BIN_LITERAL, HEX_LITERAL, IDENT, INT_LITERAL, FLOAT_LITERAL, DOUBLE_LITERAL, REAL_LITERAL}&#10;line 188:27 extraneous input '(' expecting {'\lemma', '}', IDENT, '/*!'}&#10;line 188:32 mismatched input '&amp;' expecting {'(', '{'}&#10;line 190:42 mismatched input '}' expecting {'(', '{'}&#10;line 191:39 mismatched input '}' expecting {'(', '{'}&#10;line 198:14 mismatched input '\ifExintVar' expecting {MODALITY, FORALL, EXISTS, '\if', '\ifEx', 'true', 'false', '(', '{', '@', NOT, SEQARROW, '-', STRING_LITERAL, CHAR_LITERAL, BIN_LITERAL, HEX_LITERAL, IDENT, INT_LITERAL, FLOAT_LITERAL, DOUBLE_LITERAL, REAL_LITERAL}&#10;line 198:27 extraneous input '(' expecting {'\lemma', '}', IDENT, '/*!'}&#10;line 198:32 mismatched input '&amp;' expecting {'(', '{'}&#10;line 200:42 mismatched input '}' expecting {'(', '{'}&#10;line 201:39 mismatched input '}' expecting {'(', '{'}&#10;line 208:14 mismatched input '\ifExintVar' expecting {MODALITY, FORALL, EXISTS, '\if', '\ifEx', 'true', 'false', '(', '{', '@', NOT, SEQARROW, '-', STRING_LITERAL, CHAR_LITERAL, BIN_LITERAL, HEX_LITERAL, IDENT, INT_LITERAL, FLOAT_LITERAL, DOUBLE_LITERAL, REAL_LITERAL}&#10;line 208:27 extraneous input '(' expecting {'\lemma', '}', IDENT, '/*!'}&#10;line 208:32 mismatched input '&amp;' expecting {'(', '{'}&#10;line 210:42 mismatched input '}' expecting {'(', '{'}&#10;line 211:39 mismatched input '}' expecting {'(', '{'}&#10;line 218:14 mismatched input '\ifExintVar' expecting {MODALITY, FORALL, EXISTS, '\if', '\ifEx', 'true', 'false', '(', '{', '@', NOT, SEQARROW, '-', STRING_LITERAL, CHAR_LITERAL, BIN_LITERAL, HEX_LITERAL, IDENT, INT_LITERAL, FLOAT_LITERAL, DOUBLE_LITERAL, REAL_LITERAL}&#10;line 218:27 extraneous input '(' expecting {'\lemma', '}', IDENT, '/*!'}&#10;line 218:31 mismatched input ')' expecting {'(', '{'}&#10;line 220:44 mismatched input ')' expecting {'(', '{'}&#10;line 225:14 mismatched input '\ifExintVar' expecting {MODALITY, FORALL, EXISTS, '\if', '\ifEx', 'true', 'false', '(', '{', '@', NOT, SEQARROW, '-', STRING_LITERAL, CHAR_LITERAL, BIN_LITERAL, HEX_LITERAL, IDENT, INT_LITERAL, FLOAT_LITERAL, DOUBLE_LITERAL, REAL_LITERAL}&#10;line 225:27 extraneous input '(' expecting {'\lemma', '}', IDENT, '/*!'}&#10;line 225:31 mismatched input ')' expecting {'(', '{'}&#10;line 227:44 mismatched input ')' expecting {'(', '{'}&#10;line 233:14 mismatched input '\ifExintVar' expecting {MODALITY, FORALL, EXISTS, '\if', '\ifEx', 'true', 'false', '(', '{', '@', NOT, SEQARROW, '-', STRING_LITERAL, CHAR_LITERAL, BIN_LITERAL, HEX_LITERAL, IDENT, INT_LITERAL, FLOAT_LITERAL, DOUBLE_LITERAL, REAL_LITERAL}&#10;line 233:27 extraneous input '(' expecting {'\lemma', '}', IDENT, '/*!'}&#10;line 233:31 mismatched input ')' expecting {'(', '{'}&#10;line 237:42 mismatched input '}' expecting {'(', '{'}&#10;line 238:34 mismatched input '}' expecting {'(', '{'}&#10;line 239:28 extraneous input '(' expecting {'\lemma', '}', IDENT, '/*!'}&#10;line 239:33 mismatched input '-&gt;' expecting {'(', '{'}&#10;line 240:8 extraneous input '\replacewith' expecting {'\lemma', '}', IDENT, '/*!'}&#10;line 240:25 mismatched input ')' expecting {'(', '{'}&#10;line 240:56 mismatched input ')' expecting {'(', '{'}&#10;line 245:14 mismatched input '\ifExintVar' expecting {MODALITY, FORALL, EXISTS, '\if', '\ifEx', 'true', 'false', '(', '{', '@', NOT, SEQARROW, '-', STRING_LITERAL, CHAR_LITERAL, BIN_LITERAL, HEX_LITERAL, IDENT, INT_LITERAL, FLOAT_LITERAL, DOUBLE_LITERAL, REAL_LITERAL}&#10;line 245:27 extraneous input '(' expecting {'\lemma', '}', IDENT, '/*!'}&#10;line 245:31 mismatched input ')' expecting {'(', '{'}&#10;line 248:45 mismatched input '}' expecting {'(', '{'}&#10;line 249:8 extraneous input '\replacewith' expecting {'\lemma', '}', IDENT, '/*!'}&#10;line 249:38 mismatched input ')' expecting {'(', '{'}&#10;line 250:42 mismatched input '}' expecting {'(', '{'}&#10;line 251:28 extraneous input '(' expecting {'\lemma', '}', IDENT, '/*!'}&#10;line 251:33 mismatched input '-&gt;' expecting {'(', '{'}&#10;line 255:14 mismatched input '\ifExintVar' expecting {MODALITY, FORALL, EXISTS, '\if', '\ifEx', 'true', 'false', '(', '{', '@', NOT, SEQARROW, '-', STRING_LITERAL, CHAR_LITERAL, BIN_LITERAL, HEX_LITERAL, IDENT, INT_LITERAL, FLOAT_LITERAL, DOUBLE_LITERAL, REAL_LITERAL}&#10;line 255:27 extraneous input '(' expecting {'\lemma', '}', IDENT, '/*!'}&#10;line 255:31 mismatched input ')' expecting {'(', '{'}&#10;line 258:52 extraneous input '0' expecting {'\lemma', '}', IDENT, '/*!'}&#10;line 258:54 mismatched input 'then' expecting {&lt;EOF&gt;, '\problem', '\chooseContract', '\proofObligation', '\proof'}&#10; (file: src/test/resources/testcase/termLabels/flatSteps/FlatSteps.java; caused by: de.uka.ilkd.key.proof.init.ProofInputException: line 135:14 mismatched input '\ifExintVar' expecting {MODALITY, FORALL, EXISTS, '\if', '\ifEx', 'true', 'false', '(', '{', '@', NOT, SEQARROW, '-', STRING_LITERAL, CHAR_LITERAL, BIN_LITERAL, HEX_LITERAL, IDENT, INT_LITERAL, FLOAT_LITERAL, DOUBLE_LITERAL, REAL_LITERAL}&#10;line 135:27 extraneous input '(' expecting {'\lemma', '}', IDENT, '/*!'}&#10;line 135:44 mismatched input ')' expecting {'(', '{'}&#10;line 141:14 mismatched input '\ifExintVar' expecting {MODALITY, FORALL, EXISTS, '\if', '\ifEx', 'true', 'false', '(', '{', '@', NOT, SEQARROW, '-', STRING_LITERAL, CHAR_LITERAL, BIN_LITERAL, HEX_LITERAL, IDENT, INT_LITERAL, FLOAT_LITERAL, DOUBLE_LITERAL, REAL_LITERAL}&#10;line 141:27 extraneous input '(' expecting {'\lemma', '}', IDENT, '/*!'}&#10;line 141:41 mismatched input ')' expecting {'(', '{'}&#10;line 148:14 mismatched input '\ifExintVar' expecting {MODALITY, FORALL, EXISTS, '\if', '\ifEx', 'true', 'false', '(', '{', '@', NOT, SEQARROW, '-', STRING_LITERAL, CHAR_LITERAL, BIN_LITERAL, HEX_LITERAL, IDENT, INT_LITERAL, FLOAT_LITERAL, DOUBLE_LITERAL, REAL_LITERAL}&#10;line 148:27 extraneous input '(' expecting {'\lemma', '}', IDENT, '/*!'}&#10;line 148:35 mismatched input '=' expecting {'(', '{'}&#10;line 150:38 mismatched input '}' expecting {'(', '{'}&#10;line 155:14 mismatched input '\ifExintVar' expecting {MODALITY, FORALL, EXISTS, '\if', '\ifEx', 'true', 'false', '(', '{', '@', NOT, SEQARROW, '-', STRING_LITERAL, CHAR_LITERAL, BIN_LITERAL, HEX_LITERAL, IDENT, INT_LITERAL, FLOAT_LITERAL, DOUBLE_LITERAL, REAL_LITERAL}&#10;line 155:27 extraneous input '(' expecting {'\lemma', '}', IDENT, '/*!'}&#10;line 155:35 mismatched input '=' expecting {'(', '{'}&#10;line 157:38 mismatched input '}' expecting {'(', '{'}&#10;line 163:14 mismatched input '\ifExintVar' expecting {MODALITY, FORALL, EXISTS, '\if', '\ifEx', 'true', 'false', '(', '{', '@', NOT, SEQARROW, '-', STRING_LITERAL, CHAR_LITERAL, BIN_LITERAL, HEX_LITERAL, IDENT, INT_LITERAL, FLOAT_LITERAL, DOUBLE_LITERAL, REAL_LITERAL}&#10;line 163:27 extraneous input '(' expecting {'\lemma', '}', IDENT, '/*!'}&#10;line 163:30 mismatched input '=' expecting {'(', '{'}&#10;line 165:38 mismatched input '}' expecting {'(', '{'}&#10;line 171:14 mismatched input '\ifExintVar' expecting {MODALITY, FORALL, EXISTS, '\if', '\ifEx', 'true', 'false', '(', '{', '@', NOT, SEQARROW, '-', STRING_LITERAL, CHAR_LITERAL, BIN_LITERAL, HEX_LITERAL, IDENT, INT_LITERAL, FLOAT_LITERAL, DOUBLE_LITERAL, REAL_LITERAL}&#10;line 171:27 extraneous input '(' expecting {'\lemma', '}', IDENT, '/*!'}&#10;line 171:30 mismatched input '=' expecting {'(', '{'}&#10;line 173:38 mismatched input '}' expecting {'(', '{'}&#10;line 179:14 mismatched input '\ifExintVar' expecting {MODALITY, FORALL, EXISTS, '\if', '\ifEx', 'true', 'false', '(', '{', '@', NOT, SEQARROW, '-', STRING_LITERAL, CHAR_LITERAL, BIN_LITERAL, HEX_LITERAL, IDENT, INT_LITERAL, FLOAT_LITERAL, DOUBLE_LITERAL, REAL_LITERAL}&#10;line 179:27 extraneous input '(' expecting {'\lemma', '}', IDENT, '/*!'}&#10;line 179:32 mismatched input '&amp;' expecting {'(', '{'}&#10;line 181:42 mismatched input '}' expecting {'(', '{'}&#10;line 182:39 mismatched input '}' expecting {'(', '{'}&#10;line 188:14 mismatched input '\ifExintVar' expecting {MODALITY, FORALL, EXISTS, '\if', '\ifEx', 'true', 'false', '(', '{', '@', NOT, SEQARROW, '-', STRING_LITERAL, CHAR_LITERAL, BIN_LITERAL, HEX_LITERAL, IDENT, INT_LITERAL, FLOAT_LITERAL, DOUBLE_LITERAL, REAL_LITERAL}&#10;line 188:27 extraneous input '(' expecting {'\lemma', '}', IDENT, '/*!'}&#10;line 188:32 mismatched input '&amp;' expecting {'(', '{'}&#10;line 190:42 mismatched input '}' expecting {'(', '{'}&#10;line 191:39 mismatched input '}' expecting {'(', '{'}&#10;line 198:14 mismatched input '\ifExintVar' expecting {MODALITY, FORALL, EXISTS, '\if', '\ifEx', 'true', 'false', '(', '{', '@', NOT, SEQARROW, '-', STRING_LITERAL, CHAR_LITERAL, BIN_LITERAL, HEX_LITERAL, IDENT, INT_LITERAL, FLOAT_LITERAL, DOUBLE_LITERAL, REAL_LITERAL}&#10;line 198:27 extraneous input '(' expecting {'\lemma', '}', IDENT, '/*!'}&#10;line 198:32 mismatched input '&amp;' expecting {'(', '{'}&#10;line 200:42 mismatched input '}' expecting {'(', '{'}&#10;line 201:39 mismatched input '}' expecting {'(', '{'}&#10;line 208:14 mismatched input '\ifExintVar' expecting {MODALITY, FORALL, EXISTS, '\if', '\ifEx', 'true', 'false', '(', '{', '@', NOT, SEQARROW, '-', STRING_LITERAL, CHAR_LITERAL, BIN_LITERAL, HEX_LITERAL, IDENT, INT_LITERAL, FLOAT_LITERAL, DOUBLE_LITERAL, REAL_LITERAL}&#10;line 208:27 extraneous input '(' expecting {'\lemma', '}', IDENT, '/*!'}&#10;line 208:32 mismatched input '&amp;' expecting {'(', '{'}&#10;line 210:42 mismatched input '}' expecting {'(', '{'}&#10;line 211:39 mismatched input '}' expecting {'(', '{'}&#10;line 218:14 mismatched input '\ifExintVar' expecting {MODALITY, FORALL, EXISTS, '\if', '\ifEx', 'true', 'false', '(', '{', '@', NOT, SEQARROW, '-', STRING_LITERAL, CHAR_LITERAL, BIN_LITERAL, HEX_LITERAL, IDENT, INT_LITERAL, FLOAT_LITERAL, DOUBLE_LITERAL, REAL_LITERAL}&#10;line 218:27 extraneous input '(' expecting {'\lemma', '}', IDENT, '/*!'}&#10;line 218:31 mismatched input ')' expecting {'(', '{'}&#10;line 220:44 mismatched input ')' expecting {'(', '{'}&#10;line 225:14 mismatched input '\ifExintVar' expecting {MODALITY, FORALL, EXISTS, '\if', '\ifEx', 'true', 'false', '(', '{', '@', NOT, SEQARROW, '-', STRING_LITERAL, CHAR_LITERAL, BIN_LITERAL, HEX_LITERAL, IDENT, INT_LITERAL, FLOAT_LITERAL, DOUBLE_LITERAL, REAL_LITERAL}&#10;line 225:27 extraneous input '(' expecting {'\lemma', '}', IDENT, '/*!'}&#10;line 225:31 mismatched input ')' expecting {'(', '{'}&#10;line 227:44 mismatched input ')' expecting {'(', '{'}&#10;line 233:14 mismatched input '\ifExintVar' expecting {MODALITY, FORALL, EXISTS, '\if', '\ifEx', 'true', 'false', '(', '{', '@', NOT, SEQARROW, '-', STRING_LITERAL, CHAR_LITERAL, BIN_LITERAL, HEX_LITERAL, IDENT, INT_LITERAL, FLOAT_LITERAL, DOUBLE_LITERAL, REAL_LITERAL}&#10;line 233:27 extraneous input '(' expecting {'\lemma', '}', IDENT, '/*!'}&#10;line 233:31 mismatched input ')' expecting {'(', '{'}&#10;line 237:42 mismatched input '}' expecting {'(', '{'}&#10;line 238:34 mismatched input '}' expecting {'(', '{'}&#10;line 239:28 extraneous input '(' expecting {'\lemma', '}', IDENT, '/*!'}&#10;line 239:33 mismatched input '-&gt;' expecting {'(', '{'}&#10;line 240:8 extraneous input '\replacewith' expecting {'\lemma', '}', IDENT, '/*!'}&#10;line 240:25 mismatched input ')' expecting {'(', '{'}&#10;line 240:56 mismatched input ')' expecting {'(', '{'}&#10;line 245:14 mismatched input '\ifExintVar' expecting {MODALITY, FORALL, EXISTS, '\if', '\ifEx', 'true', 'false', '(', '{', '@', NOT, SEQARROW, '-', STRING_LITERAL, CHAR_LITERAL, BIN_LITERAL, HEX_LITERAL, IDENT, INT_LITERAL, FLOAT_LITERAL, DOUBLE_LITERAL, REAL_LITERAL}&#10;line 245:27 extraneous input '(' expecting {'\lemma', '}', IDENT, '/*!'}&#10;line 245:31 mismatched input ')' expecting {'(', '{'}&#10;line 248:45 mismatched input '}' expecting {'(', '{'}&#10;line 249:8 extraneous input '\replacewith' expecting {'\lemma', '}', IDENT, '/*!'}&#10;line 249:38 mismatched input ')' expecting {'(', '{'}&#10;line 250:42 mismatched input '}' expecting {'(', '{'}&#10;line 251:28 extraneous input '(' expecting {'\lemma', '}', IDENT, '/*!'}&#10;line 251:33 mismatched input '-&gt;' expecting {'(', '{'}&#10;line 255:14 mismatched input '\ifExintVar' expecting {MODALITY, FORALL, EXISTS, '\if', '\ifEx', 'true', 'false', '(', '{', '@', NOT, SEQARROW, '-', STRING_LITERAL, CHAR_LITERAL, BIN_LITERAL, HEX_LITERAL, IDENT, INT_LITERAL, FLOAT_LITERAL, DOUBLE_LITERAL, REAL_LITERAL}&#10;line 255:27 extraneous input '(' expecting {'\lemma', '}', IDENT, '/*!'}&#10;line 255:31 mismatched input ')' expecting {'(', '{'}&#10;line 258:52 extraneous input '0' expecting {'\lemma', '}', IDENT, '/*!'}&#10;line 258:54 mismatched input 'then' expecting {&lt;EOF&gt;, '\problem', '\chooseContract', '\proofObligation', '\proof'}&#10;)" type="de.uka.ilkd.key.proof.io.ProblemLoaderException">line 135:14 mismatched input '\ifExintVar' expecting {MODALITY, FORALL, EXISTS, '\if', '\ifEx', 'true', 'false', '(', '{', '@', NOT, SEQARROW, '-', STRING_LITERAL, CHAR_LITERAL, BIN_LITERAL, HEX_LITERAL, IDENT, INT_LITERAL, FLOAT_LITERAL, DOUBLE_LITERAL, REAL_LITERAL}
line 135:27 extraneous input '(' expecting {'\lemma', '}', IDENT, '/*!'}
line 135:44 mismatched input ')' expecting {'(', '{'}
line 141:14 mismatched input '\ifExintVar' expecting {MODALITY, FORALL, EXISTS, '\if', '\ifEx', 'true', 'false', '(', '{', '@', NOT, SEQARROW, '-', STRING_LITERAL, CHAR_LITERAL, BIN_LITERAL, HEX_LITERAL, IDENT, INT_LITERAL, FLOAT_LITERAL, DOUBLE_LITERAL, REAL_LITERAL}
line 141:27 extraneous input '(' expecting {'\lemma', '}', IDENT, '/*!'}
line 141:41 mismatched input ')' expecting {'(', '{'}
line 148:14 mismatched input '\ifExintVar' expecting {MODALITY, FORALL, EXISTS, '\if', '\ifEx', 'true', 'false', '(', '{', '@', NOT, SEQARROW, '-', STRING_LITERAL, CHAR_LITERAL, BIN_LITERAL, HEX_LITERAL, IDENT, INT_LITERAL, FLOAT_LITERAL, DOUBLE_LITERAL, REAL_LITERAL}
line 148:27 extraneous input '(' expecting {'\lemma', '}', IDENT, '/*!'}
line 148:35 mismatched input '=' expecting {'(', '{'}
line 150:38 mismatched input '}' expecting {'(', '{'}
line 155:14 mismatched input '\ifExintVar' expecting {MODALITY, FORALL, EXISTS, '\if', '\ifEx', 'true', 'false', '(', '{', '@', NOT, SEQARROW, '-', STRING_LITERAL, CHAR_LITERAL, BIN_LITERAL, HEX_LITERAL, IDENT, INT_LITERAL, FLOAT_LITERAL, DOUBLE_LITERAL, REAL_LITERAL}
line 155:27 extraneous input '(' expecting {'\lemma', '}', IDENT, '/*!'}
line 155:35 mismatched input '=' expecting {'(', '{'}
line 157:38 mismatched input '}' expecting {'(', '{'}
line 163:14 mismatched input '\ifExintVar' expecting {MODALITY, FORALL, EXISTS, '\if', '\ifEx', 'true', 'false', '(', '{', '@', NOT, SEQARROW, '-', STRING_LITERAL, CHAR_LITERAL, BIN_LITERAL, HEX_LITERAL, IDENT, INT_LITERAL, FLOAT_LITERAL, DOUBLE_LITERAL, REAL_LITERAL}
line 163:27 extraneous input '(' expecting {'\lemma', '}', IDENT, '/*!'}
line 163:30 mismatched input '=' expecting {'(', '{'}
line 165:38 mismatched input '}' expecting {'(', '{'}
line 171:14 mismatched input '\ifExintVar' expecting {MODALITY, FORALL, EXISTS, '\if', '\ifEx', 'true', 'false', '(', '{', '@', NOT, SEQARROW, '-', STRING_LITERAL, CHAR_LITERAL, BIN_LITERAL, HEX_LITERAL, IDENT, INT_LITERAL, FLOAT_LITERAL, DOUBLE_LITERAL, REAL_LITERAL}
line 171:27 extraneous input '(' expecting {'\lemma', '}', IDENT, '/*!'}
line 171:30 mismatched input '=' expecting {'(', '{'}
line 173:38 mismatched input '}' expecting {'(', '{'}
line 179:14 mismatched input '\ifExintVar' expecting {MODALITY, FORALL, EXISTS, '\if', '\ifEx', 'true', 'false', '(', '{', '@', NOT, SEQARROW, '-', STRING_LITERAL, CHAR_LITERAL, BIN_LITERAL, HEX_LITERAL, IDENT, INT_LITERAL, FLOAT_LITERAL, DOUBLE_LITERAL, REAL_LITERAL}
line 179:27 extraneous input '(' expecting {'\lemma', '}', IDENT, '/*!'}
line 179:32 mismatched input '&amp;' expecting {'(', '{'}
line 181:42 mismatched input '}' expecting {'(', '{'}
line 182:39 mismatched input '}' expecting {'(', '{'}
line 188:14 mismatched input '\ifExintVar' expecting {MODALITY, FORALL, EXISTS, '\if', '\ifEx', 'true', 'false', '(', '{', '@', NOT, SEQARROW, '-', STRING_LITERAL, CHAR_LITERAL, BIN_LITERAL, HEX_LITERAL, IDENT, INT_LITERAL, FLOAT_LITERAL, DOUBLE_LITERAL, REAL_LITERAL}
line 188:27 extraneous input '(' expecting {'\lemma', '}', IDENT, '/*!'}
line 188:32 mismatched input '&amp;' expecting {'(', '{'}
line 190:42 mismatched input '}' expecting {'(', '{'}
line 191:39 mismatched input '}' expecting {'(', '{'}
line 198:14 mismatched input '\ifExintVar' expecting {MODALITY, FORALL, EXISTS, '\if', '\ifEx', 'true', 'false', '(', '{', '@', NOT, SEQARROW, '-', STRING_LITERAL, CHAR_LITERAL, BIN_LITERAL, HEX_LITERAL, IDENT, INT_LITERAL, FLOAT_LITERAL, DOUBLE_LITERAL, REAL_LITERAL}
line 198:27 extraneous input '(' expecting {'\lemma', '}', IDENT, '/*!'}
line 198:32 mismatched input '&amp;' expecting {'(', '{'}
line 200:42 mismatched input '}' expecting {'(', '{'}
line 201:39 mismatched input '}' expecting {'(', '{'}
line 208:14 mismatched input '\ifExintVar' expecting {MODALITY, FORALL, EXISTS, '\if', '\ifEx', 'true', 'false', '(', '{', '@', NOT, SEQARROW, '-', STRING_LITERAL, CHAR_LITERAL, BIN_LITERAL, HEX_LITERAL, IDENT, INT_LITERAL, FLOAT_LITERAL, DOUBLE_LITERAL, REAL_LITERAL}
line 208:27 extraneous input '(' expecting {'\lemma', '}', IDENT, '/*!'}
line 208:32 mismatched input '&amp;' expecting {'(', '{'}
line 210:42 mismatched input '}' expecting {'(', '{'}
line 211:39 mismatched input '}' expecting {'(', '{'}
line 218:14 mismatched input '\ifExintVar' expecting {MODALITY, FORALL, EXISTS, '\if', '\ifEx', 'true', 'false', '(', '{', '@', NOT, SEQARROW, '-', STRING_LITERAL, CHAR_LITERAL, BIN_LITERAL, HEX_LITERAL, IDENT, INT_LITERAL, FLOAT_LITERAL, DOUBLE_LITERAL, REAL_LITERAL}
line 218:27 extraneous input '(' expecting {'\lemma', '}', IDENT, '/*!'}
line 218:31 mismatched input ')' expecting {'(', '{'}
line 220:44 mismatched input ')' expecting {'(', '{'}
line 225:14 mismatched input '\ifExintVar' expecting {MODALITY, FORALL, EXISTS, '\if', '\ifEx', 'true', 'false', '(', '{', '@', NOT, SEQARROW, '-', STRING_LITERAL, CHAR_LITERAL, BIN_LITERAL, HEX_LITERAL, IDENT, INT_LITERAL, FLOAT_LITERAL, DOUBLE_LITERAL, REAL_LITERAL}
line 225:27 extraneous input '(' expecting {'\lemma', '}', IDENT, '/*!'}
line 225:31 mismatched input ')' expecting {'(', '{'}
line 227:44 mismatched input ')' expecting {'(', '{'}
line 233:14 mismatched input '\ifExintVar' expecting {MODALITY, FORALL, EXISTS, '\if', '\ifEx', 'true', 'false', '(', '{', '@', NOT, SEQARROW, '-', STRING_LITERAL, CHAR_LITERAL, BIN_LITERAL, HEX_LITERAL, IDENT, INT_LITERAL, FLOAT_LITERAL, DOUBLE_LITERAL, REAL_LITERAL}
line 233:27 extraneous input '(' expecting {'\lemma', '}', IDENT, '/*!'}
line 233:31 mismatched input ')' expecting {'(', '{'}
line 237:42 mismatched input '}' expecting {'(', '{'}
line 238:34 mismatched input '}' expecting {'(', '{'}
line 239:28 extraneous input '(' expecting {'\lemma', '}', IDENT, '/*!'}
line 239:33 mismatched input '-&gt;' expecting {'(', '{'}
line 240:8 extraneous input '\replacewith' expecting {'\lemma', '}', IDENT, '/*!'}
line 240:25 mismatched input ')' expecting {'(', '{'}
line 240:56 mismatched input ')' expecting {'(', '{'}
line 245:14 mismatched input '\ifExintVar' expecting {MODALITY, FORALL, EXISTS, '\if', '\ifEx', 'true', 'false', '(', '{', '@', NOT, SEQARROW, '-', STRING_LITERAL, CHAR_LITERAL, BIN_LITERAL, HEX_LITERAL, IDENT, INT_LITERAL, FLOAT_LITERAL, DOUBLE_LITERAL, REAL_LITERAL}
line 245:27 extraneous input '(' expecting {'\lemma', '}', IDENT, '/*!'}
line 245:31 mismatched input ')' expecting {'(', '{'}
line 248:45 mismatched input '}' expecting {'(', '{'}
line 249:8 extraneous input '\replacewith' expecting {'\lemma', '}', IDENT, '/*!'}
line 249:38 mismatched input ')' expecting {'(', '{'}
line 250:42 mismatched input '}' expecting {'(', '{'}
line 251:28 extraneous input '(' expecting {'\lemma', '}', IDENT, '/*!'}
line 251:33 mismatched input '-&gt;' expecting {'(', '{'}
line 255:14 mismatched input '\ifExintVar' expecting {MODALITY, FORALL, EXISTS, '\if', '\ifEx', 'true', 'false', '(', '{', '@', NOT, SEQARROW, '-', STRING_LITERAL, CHAR_LITERAL, BIN_LITERAL, HEX_LITERAL, IDENT, INT_LITERAL, FLOAT_LITERAL, DOUBLE_LITERAL, REAL_LITERAL}
line 255:27 extraneous input '(' expecting {'\lemma', '}', IDENT, '/*!'}
line 255:31 mismatched input ')' expecting {'(', '{'}
line 258:52 extraneous input '0' expecting {'\lemma', '}', IDENT, '/*!'}
line 258:54 mismatched input 'then' expecting {&lt;EOF&gt;, '\problem', '\chooseContract', '\proofObligation', '\proof'}
 (file: src/test/resources/testcase/termLabels/flatSteps/FlatSteps.java; caused by: de.uka.ilkd.key.proof.init.ProofInputException: line 135:14 mismatched input '\ifExintVar' expecting {MODALITY, FORALL, EXISTS, '\if', '\ifEx', 'true', 'false', '(', '{', '@', NOT, SEQARROW, '-', STRING_LITERAL, CHAR_LITERAL, BIN_LITERAL, HEX_LITERAL, IDENT, INT_LITERAL, FLOAT_LITERAL, DOUBLE_LITERAL, REAL_LITERAL}
line 135:27 extraneous input '(' expecting {'\lemma', '}', IDENT, '/*!'}
line 135:44 mismatched input ')' expecting {'(', '{'}
line 141:14 mismatched input '\ifExintVar' expecting {MODALITY, FORALL, EXISTS, '\if', '\ifEx', 'true', 'false', '(', '{', '@', NOT, SEQARROW, '-', STRING_LITERAL, CHAR_LITERAL, BIN_LITERAL, HEX_LITERAL, IDENT, INT_LITERAL, FLOAT_LITERAL, DOUBLE_LITERAL, REAL_LITERAL}
line 141:27 extraneous input '(' expecting {'\lemma', '}', IDENT, '/*!'}
line 141:41 mismatched input ')' expecting {'(', '{'}
line 148:14 mismatched input '\ifExintVar' expecting {MODALITY, FORALL, EXISTS, '\if', '\ifEx', 'true', 'false', '(', '{', '@', NOT, SEQARROW, '-', STRING_LITERAL, CHAR_LITERAL, BIN_LITERAL, HEX_LITERAL, IDENT, INT_LITERAL, FLOAT_LITERAL, DOUBLE_LITERAL, REAL_LITERAL}
line 148:27 extraneous input '(' expecting {'\lemma', '}', IDENT, '/*!'}
line 148:35 mismatched input '=' expecting {'(', '{'}
line 150:38 mismatched input '}' expecting {'(', '{'}
line 155:14 mismatched input '\ifExintVar' expecting {MODALITY, FORALL, EXISTS, '\if', '\ifEx', 'true', 'false', '(', '{', '@', NOT, SEQARROW, '-', STRING_LITERAL, CHAR_LITERAL, BIN_LITERAL, HEX_LITERAL, IDENT, INT_LITERAL, FLOAT_LITERAL, DOUBLE_LITERAL, REAL_LITERAL}
line 155:27 extraneous input '(' expecting {'\lemma', '}', IDENT, '/*!'}
line 155:35 mismatched input '=' expecting {'(', '{'}
line 157:38 mismatched input '}' expecting {'(', '{'}
line 163:14 mismatched input '\ifExintVar' expecting {MODALITY, FORALL, EXISTS, '\if', '\ifEx', 'true', 'false', '(', '{', '@', NOT, SEQARROW, '-', STRING_LITERAL, CHAR_LITERAL, BIN_LITERAL, HEX_LITERAL, IDENT, INT_LITERAL, FLOAT_LITERAL, DOUBLE_LITERAL, REAL_LITERAL}
line 163:27 extraneous input '(' expecting {'\lemma', '}', IDENT, '/*!'}
line 163:30 mismatched input '=' expecting {'(', '{'}
line 165:38 mismatched input '}' expecting {'(', '{'}
line 171:14 mismatched input '\ifExintVar' expecting {MODALITY, FORALL, EXISTS, '\if', '\ifEx', 'true', 'false', '(', '{', '@', NOT, SEQARROW, '-', STRING_LITERAL, CHAR_LITERAL, BIN_LITERAL, HEX_LITERAL, IDENT, INT_LITERAL, FLOAT_LITERAL, DOUBLE_LITERAL, REAL_LITERAL}
line 171:27 extraneous input '(' expecting {'\lemma', '}', IDENT, '/*!'}
line 171:30 mismatched input '=' expecting {'(', '{'}
line 173:38 mismatched input '}' expecting {'(', '{'}
line 179:14 mismatched input '\ifExintVar' expecting {MODALITY, FORALL, EXISTS, '\if', '\ifEx', 'true', 'false', '(', '{', '@', NOT, SEQARROW, '-', STRING_LITERAL, CHAR_LITERAL, BIN_LITERAL, HEX_LITERAL, IDENT, INT_LITERAL, FLOAT_LITERAL, DOUBLE_LITERAL, REAL_LITERAL}
line 179:27 extraneous input '(' expecting {'\lemma', '}', IDENT, '/*!'}
line 179:32 mismatched input '&amp;' expecting {'(', '{'}
line 181:42 mismatched input '}' expecting {'(', '{'}
line 182:39 mismatched input '}' expecting {'(', '{'}
line 188:14 mismatched input '\ifExintVar' expecting {MODALITY, FORALL, EXISTS, '\if', '\ifEx', 'true', 'false', '(', '{', '@', NOT, SEQARROW, '-', STRING_LITERAL, CHAR_LITERAL, BIN_LITERAL, HEX_LITERAL, IDENT, INT_LITERAL, FLOAT_LITERAL, DOUBLE_LITERAL, REAL_LITERAL}
line 188:27 extraneous input '(' expecting {'\lemma', '}', IDENT, '/*!'}
line 188:32 mismatched input '&amp;' expecting {'(', '{'}
line 190:42 mismatched input '}' expecting {'(', '{'}
line 191:39 mismatched input '}' expecting {'(', '{'}
line 198:14 mismatched input '\ifExintVar' expecting {MODALITY, FORALL, EXISTS, '\if', '\ifEx', 'true', 'false', '(', '{', '@', NOT, SEQARROW, '-', STRING_LITERAL, CHAR_LITERAL, BIN_LITERAL, HEX_LITERAL, IDENT, INT_LITERAL, FLOAT_LITERAL, DOUBLE_LITERAL, REAL_LITERAL}
line 198:27 extraneous input '(' expecting {'\lemma', '}', IDENT, '/*!'}
line 198:32 mismatched input '&amp;' expecting {'(', '{'}
line 200:42 mismatched input '}' expecting {'(', '{'}
line 201:39 mismatched input '}' expecting {'(', '{'}
line 208:14 mismatched input '\ifExintVar' expecting {MODALITY, FORALL, EXISTS, '\if', '\ifEx', 'true', 'false', '(', '{', '@', NOT, SEQARROW, '-', STRING_LITERAL, CHAR_LITERAL, BIN_LITERAL, HEX_LITERAL, IDENT, INT_LITERAL, FLOAT_LITERAL, DOUBLE_LITERAL, REAL_LITERAL}
line 208:27 extraneous input '(' expecting {'\lemma', '}', IDENT, '/*!'}
line 208:32 mismatched input '&amp;' expecting {'(', '{'}
line 210:42 mismatched input '}' expecting {'(', '{'}
line 211:39 mismatched input '}' expecting {'(', '{'}
line 218:14 mismatched input '\ifExintVar' expecting {MODALITY, FORALL, EXISTS, '\if', '\ifEx', 'true', 'false', '(', '{', '@', NOT, SEQARROW, '-', STRING_LITERAL, CHAR_LITERAL, BIN_LITERAL, HEX_LITERAL, IDENT, INT_LITERAL, FLOAT_LITERAL, DOUBLE_LITERAL, REAL_LITERAL}
line 218:27 extraneous input '(' expecting {'\lemma', '}', IDENT, '/*!'}
line 218:31 mismatched input ')' expecting {'(', '{'}
line 220:44 mismatched input ')' expecting {'(', '{'}
line 225:14 mismatched input '\ifExintVar' expecting {MODALITY, FORALL, EXISTS, '\if', '\ifEx', 'true', 'false', '(', '{', '@', NOT, SEQARROW, '-', STRING_LITERAL, CHAR_LITERAL, BIN_LITERAL, HEX_LITERAL, IDENT, INT_LITERAL, FLOAT_LITERAL, DOUBLE_LITERAL, REAL_LITERAL}
line 225:27 extraneous input '(' expecting {'\lemma', '}', IDENT, '/*!'}
line 225:31 mismatched input ')' expecting {'(', '{'}
line 227:44 mismatched input ')' expecting {'(', '{'}
line 233:14 mismatched input '\ifExintVar' expecting {MODALITY, FORALL, EXISTS, '\if', '\ifEx', 'true', 'false', '(', '{', '@', NOT, SEQARROW, '-', STRING_LITERAL, CHAR_LITERAL, BIN_LITERAL, HEX_LITERAL, IDENT, INT_LITERAL, FLOAT_LITERAL, DOUBLE_LITERAL, REAL_LITERAL}
line 233:27 extraneous input '(' expecting {'\lemma', '}', IDENT, '/*!'}
line 233:31 mismatched input ')' expecting {'(', '{'}
line 237:42 mismatched input '}' expecting {'(', '{'}
line 238:34 mismatched input '}' expecting {'(', '{'}
line 239:28 extraneous input '(' expecting {'\lemma', '}', IDENT, '/*!'}
line 239:33 mismatched input '-&gt;' expecting {'(', '{'}
line 240:8 extraneous input '\replacewith' expecting {'\lemma', '}', IDENT, '/*!'}
line 240:25 mismatched input ')' expecting {'(', '{'}
line 240:56 mismatched input ')' expecting {'(', '{'}
line 245:14 mismatched input '\ifExintVar' expecting {MODALITY, FORALL, EXISTS, '\if', '\ifEx', 'true', 'false', '(', '{', '@', NOT, SEQARROW, '-', STRING_LITERAL, CHAR_LITERAL, BIN_LITERAL, HEX_LITERAL, IDENT, INT_LITERAL, FLOAT_LITERAL, DOUBLE_LITERAL, REAL_LITERAL}
line 245:27 extraneous input '(' expecting {'\lemma', '}', IDENT, '/*!'}
line 245:31 mismatched input ')' expecting {'(', '{'}
line 248:45 mismatched input '}' expecting {'(', '{'}
line 249:8 extraneous input '\replacewith' expecting {'\lemma', '}', IDENT, '/*!'}
line 249:38 mismatched input ')' expecting {'(', '{'}
line 250:42 mismatched input '}' expecting {'(', '{'}
line 251:28 extraneous input '(' expecting {'\lemma', '}', IDENT, '/*!'}
line 251:33 mismatched input '-&gt;' expecting {'(', '{'}
line 255:14 mismatched input '\ifExintVar' expecting {MODALITY, FORALL, EXISTS, '\if', '\ifEx', 'true', 'false', '(', '{', '@', NOT, SEQARROW, '-', STRING_LITERAL, CHAR_LITERAL, BIN_LITERAL, HEX_LITERAL, IDENT, INT_LITERAL, FLOAT_LITERAL, DOUBLE_LITERAL, REAL_LITERAL}
line 255:27 extraneous input '(' expecting {'\lemma', '}', IDENT, '/*!'}
line 255:31 mismatched input ')' expecting {'(', '{'}
line 258:52 extraneous input '0' expecting {'\lemma', '}', IDENT, '/*!'}
line 258:54 mismatched input 'then' expecting {&lt;EOF&gt;, '\problem', '\chooseContract', '\proofObligation', '\proof'}
)
	at app//de.uka.ilkd.key.control.AbstractUserInterfaceControl.load(AbstractUserInterfaceControl.java:221)
	at app//de.uka.ilkd.key.control.KeYEnvironment.load(KeYEnvironment.java:251)
	at app//de.uka.ilkd.key.control.KeYEnvironment.load(KeYEnvironment.java:224)
	at app//de.uka.ilkd.key.control.KeYEnvironment.load(KeYEnvironment.java:184)
	at app//de.uka.ilkd.key.logic.TestTermLabelManager.createTestServices(TestTermLabelManager.java:624)
	at app//de.uka.ilkd.key.logic.TestTermLabelManager.doRefactoringTestLogging(TestTermLabelManager.java:106)
	at app//de.uka.ilkd.key.logic.TestTermLabelManager.testrefactorGoal_sequent_ruleSpecific(TestTermLabelManager.java:99)
	at java.base@11.0.18/jdk.internal.reflect.NativeMethodAccessorImpl.invoke0(Native Method)
	at java.base@11.0.18/jdk.internal.reflect.NativeMethodAccessorImpl.invoke(NativeMethodAccessorImpl.java:62)
	at java.base@11.0.18/jdk.internal.reflect.DelegatingMethodAccessorImpl.invoke(DelegatingMethodAccessorImpl.java:43)
	at java.base@11.0.18/java.lang.reflect.Method.invoke(Method.java:566)
	at app//org.junit.platform.commons.util.ReflectionUtils.invokeMethod(ReflectionUtils.java:725)
	at app//org.junit.jupiter.engine.execution.MethodInvocation.proceed(MethodInvocation.java:60)
	at app//org.junit.jupiter.engine.execution.InvocationInterceptorChain$ValidatingInvocation.proceed(InvocationInterceptorChain.java:131)
	at app//org.junit.jupiter.engine.extension.TimeoutExtension.intercept(TimeoutExtension.java:149)
	at app//org.junit.jupiter.engine.extension.TimeoutExtension.interceptTestableMethod(TimeoutExtension.java:140)
	at app//org.junit.jupiter.engine.extension.TimeoutExtension.interceptTestMethod(TimeoutExtension.java:84)
	at app//org.junit.jupiter.engine.execution.ExecutableInvoker$ReflectiveInterceptorCall.lambda$ofVoidMethod$0(ExecutableInvoker.java:115)
	at app//org.junit.jupiter.engine.execution.ExecutableInvoker.lambda$invoke$0(ExecutableInvoker.java:105)
	at app//org.junit.jupiter.engine.execution.InvocationInterceptorChain$InterceptedInvocation.proceed(InvocationInterceptorChain.java:106)
	at app//org.junit.jupiter.engine.execution.InvocationInterceptorChain.proceed(InvocationInterceptorChain.java:64)
	at app//org.junit.jupiter.engine.execution.InvocationInterceptorChain.chainAndInvoke(InvocationInterceptorChain.java:45)
	at app//org.junit.jupiter.engine.execution.InvocationInterceptorChain.invoke(InvocationInterceptorChain.java:37)
	at app//org.junit.jupiter.engine.execution.ExecutableInvoker.invoke(ExecutableInvoker.java:104)
	at app//org.junit.jupiter.engine.execution.ExecutableInvoker.invoke(ExecutableInvoker.java:98)
	at app//org.junit.jupiter.engine.descriptor.TestMethodTestDescriptor.lambda$invokeTestMethod$7(TestMethodTestDescriptor.java:214)
	at app//org.junit.platform.engine.support.hierarchical.ThrowableCollector.execute(ThrowableCollector.java:73)
	at app//org.junit.jupiter.engine.descriptor.TestMethodTestDescriptor.invokeTestMethod(TestMethodTestDescriptor.java:210)
	at app//org.junit.jupiter.engine.descriptor.TestMethodTestDescriptor.execute(TestMethodTestDescriptor.java:135)
	at app//org.junit.jupiter.engine.descriptor.TestMethodTestDescriptor.execute(TestMethodTestDescriptor.java:66)
	at app//org.junit.platform.engine.support.hierarchical.NodeTestTask.lambda$executeRecursively$6(NodeTestTask.java:151)
	at app//org.junit.platform.engine.support.hierarchical.ThrowableCollector.execute(ThrowableCollector.java:73)
	at app//org.junit.platform.engine.support.hierarchical.NodeTestTask.lambda$executeRecursively$8(NodeTestTask.java:141)
	at app//org.junit.platform.engine.support.hierarchical.Node.around(Node.java:137)
	at app//org.junit.platform.engine.support.hierarchical.NodeTestTask.lambda$executeRecursively$9(NodeTestTask.java:139)
	at app//org.junit.platform.engine.support.hierarchical.ThrowableCollector.execute(ThrowableCollector.java:73)
	at app//org.junit.platform.engine.support.hierarchical.NodeTestTask.executeRecursively(NodeTestTask.java:138)
	at app//org.junit.platform.engine.support.hierarchical.NodeTestTask.execute(NodeTestTask.java:95)
	at java.base@11.0.18/java.util.ArrayList.forEach(ArrayList.java:1541)
	at app//org.junit.platform.engine.support.hierarchical.SameThreadHierarchicalTestExecutorService.invokeAll(SameThreadHierarchicalTestExecutorService.java:41)
	at app//org.junit.platform.engine.support.hierarchical.NodeTestTask.lambda$executeRecursively$6(NodeTestTask.java:155)
	at app//org.junit.platform.engine.support.hierarchical.ThrowableCollector.execute(ThrowableCollector.java:73)
	at app//org.junit.platform.engine.support.hierarchical.NodeTestTask.lambda$executeRecursively$8(NodeTestTask.java:141)
	at app//org.junit.platform.engine.support.hierarchical.Node.around(Node.java:137)
	at app//org.junit.platform.engine.support.hierarchical.NodeTestTask.lambda$executeRecursively$9(NodeTestTask.java:139)
	at app//org.junit.platform.engine.support.hierarchical.ThrowableCollector.execute(ThrowableCollector.java:73)
	at app//org.junit.platform.engine.support.hierarchical.NodeTestTask.executeRecursively(NodeTestTask.java:138)
	at app//org.junit.platform.engine.support.hierarchical.NodeTestTask.execute(NodeTestTask.java:95)
	at java.base@11.0.18/java.util.ArrayList.forEach(ArrayList.java:1541)
	at app//org.junit.platform.engine.support.hierarchical.SameThreadHierarchicalTestExecutorService.invokeAll(SameThreadHierarchicalTestExecutorService.java:41)
	at app//org.junit.platform.engine.support.hierarchical.NodeTestTask.lambda$executeRecursively$6(NodeTestTask.java:155)
	at app//org.junit.platform.engine.support.hierarchical.ThrowableCollector.execute(ThrowableCollector.java:73)
	at app//org.junit.platform.engine.support.hierarchical.NodeTestTask.lambda$executeRecursively$8(NodeTestTask.java:141)
	at app//org.junit.platform.engine.support.hierarchical.Node.around(Node.java:137)
	at app//org.junit.platform.engine.support.hierarchical.NodeTestTask.lambda$executeRecursively$9(NodeTestTask.java:139)
	at app//org.junit.platform.engine.support.hierarchical.ThrowableCollector.execute(ThrowableCollector.java:73)
	at app//org.junit.platform.engine.support.hierarchical.NodeTestTask.executeRecursively(NodeTestTask.java:138)
	at app//org.junit.platform.engine.support.hierarchical.NodeTestTask.execute(NodeTestTask.java:95)
	at app//org.junit.platform.engine.support.hierarchical.SameThreadHierarchicalTestExecutorService.submit(SameThreadHierarchicalTestExecutorService.java:35)
	at app//org.junit.platform.engine.support.hierarchical.HierarchicalTestExecutor.execute(HierarchicalTestExecutor.java:57)
	at app//org.junit.platform.engine.support.hierarchical.HierarchicalTestEngine.execute(HierarchicalTestEngine.java:54)
	at org.junit.platform.launcher.core.EngineExecutionOrchestrator.execute(EngineExecutionOrchestrator.java:107)
	at org.junit.platform.launcher.core.EngineExecutionOrchestrator.execute(EngineExecutionOrchestrator.java:88)
	at org.junit.platform.launcher.core.EngineExecutionOrchestrator.lambda$execute$0(EngineExecutionOrchestrator.java:54)
	at org.junit.platform.launcher.core.EngineExecutionOrchestrator.withInterceptedStreams(EngineExecutionOrchestrator.java:67)
	at org.junit.platform.launcher.core.EngineExecutionOrchestrator.execute(EngineExecutionOrchestrator.java:52)
	at org.junit.platform.launcher.core.DefaultLauncher.execute(DefaultLauncher.java:114)
	at org.junit.platform.launcher.core.DefaultLauncher.execute(DefaultLauncher.java:86)
	at org.junit.platform.launcher.core.DefaultLauncherSession$DelegatingLauncher.execute(DefaultLauncherSession.java:86)
	at org.junit.platform.launcher.core.SessionPerRequestLauncher.execute(SessionPerRequestLauncher.java:53)
	at org.gradle.api.internal.tasks.testing.junitplatform.JUnitPlatformTestClassProcessor$CollectAllTestClassesExecutor.processAllTestClasses(JUnitPlatformTestClassProcessor.java:99)
	at org.gradle.api.internal.tasks.testing.junitplatform.JUnitPlatformTestClassProcessor$CollectAllTestClassesExecutor.access$000(JUnitPlatformTestClassProcessor.java:79)
	at org.gradle.api.internal.tasks.testing.junitplatform.JUnitPlatformTestClassProcessor.stop(JUnitPlatformTestClassProcessor.java:75)
	at org.gradle.api.internal.tasks.testing.SuiteTestClassProcessor.stop(SuiteTestClassProcessor.java:62)
	at java.base@11.0.18/jdk.internal.reflect.NativeMethodAccessorImpl.invoke0(Native Method)
	at java.base@11.0.18/jdk.internal.reflect.NativeMethodAccessorImpl.invoke(NativeMethodAccessorImpl.java:62)
	at java.base@11.0.18/jdk.internal.reflect.DelegatingMethodAccessorImpl.invoke(DelegatingMethodAccessorImpl.java:43)
	at java.base@11.0.18/java.lang.reflect.Method.invoke(Method.java:566)
	at org.gradle.internal.dispatch.ReflectionDispatch.dispatch(ReflectionDispatch.java:36)
	at org.gradle.internal.dispatch.ReflectionDispatch.dispatch(ReflectionDispatch.java:24)
	at org.gradle.internal.dispatch.ContextClassLoaderDispatch.dispatch(ContextClassLoaderDispatch.java:33)
	at org.gradle.internal.dispatch.ProxyDispatchAdapter$DispatchingInvocationHandler.invoke(ProxyDispatchAdapter.java:94)
	at com.sun.proxy.$Proxy2.stop(Unknown Source)
	at org.gradle.api.internal.tasks.testing.worker.TestWorker$3.run(TestWorker.java:193)
	at org.gradle.api.internal.tasks.testing.worker.TestWorker.executeAndMaintainThreadName(TestWorker.java:129)
	at org.gradle.api.internal.tasks.testing.worker.TestWorker.execute(TestWorker.java:100)
	at org.gradle.api.internal.tasks.testing.worker.TestWorker.execute(TestWorker.java:60)
	at org.gradle.process.internal.worker.child.ActionExecutionWorker.execute(ActionExecutionWorker.java:56)
	at org.gradle.process.internal.worker.child.SystemApplicationClassLoaderWorker.call(SystemApplicationClassLoaderWorker.java:113)
	at org.gradle.process.internal.worker.child.SystemApplicationClassLoaderWorker.call(SystemApplicationClassLoaderWorker.java:65)
	at app//worker.org.gradle.process.internal.worker.GradleWorkerMain.run(GradleWorkerMain.java:69)
	at app//worker.org.gradle.process.internal.worker.GradleWorkerMain.main(GradleWorkerMain.java:74)
Caused by: de.uka.ilkd.key.proof.init.ProofInputException: line 135:14 mismatched input '\ifExintVar' expecting {MODALITY, FORALL, EXISTS, '\if', '\ifEx', 'true', 'false', '(', '{', '@', NOT, SEQARROW, '-', STRING_LITERAL, CHAR_LITERAL, BIN_LITERAL, HEX_LITERAL, IDENT, INT_LITERAL, FLOAT_LITERAL, DOUBLE_LITERAL, REAL_LITERAL}
line 135:27 extraneous input '(' expecting {'\lemma', '}', IDENT, '/*!'}
line 135:44 mismatched input ')' expecting {'(', '{'}
line 141:14 mismatched input '\ifExintVar' expecting {MODALITY, FORALL, EXISTS, '\if', '\ifEx', 'true', 'false', '(', '{', '@', NOT, SEQARROW, '-', STRING_LITERAL, CHAR_LITERAL, BIN_LITERAL, HEX_LITERAL, IDENT, INT_LITERAL, FLOAT_LITERAL, DOUBLE_LITERAL, REAL_LITERAL}
line 141:27 extraneous input '(' expecting {'\lemma', '}', IDENT, '/*!'}
line 141:41 mismatched input ')' expecting {'(', '{'}
line 148:14 mismatched input '\ifExintVar' expecting {MODALITY, FORALL, EXISTS, '\if', '\ifEx', 'true', 'false', '(', '{', '@', NOT, SEQARROW, '-', STRING_LITERAL, CHAR_LITERAL, BIN_LITERAL, HEX_LITERAL, IDENT, INT_LITERAL, FLOAT_LITERAL, DOUBLE_LITERAL, REAL_LITERAL}
line 148:27 extraneous input '(' expecting {'\lemma', '}', IDENT, '/*!'}
line 148:35 mismatched input '=' expecting {'(', '{'}
line 150:38 mismatched input '}' expecting {'(', '{'}
line 155:14 mismatched input '\ifExintVar' expecting {MODALITY, FORALL, EXISTS, '\if', '\ifEx', 'true', 'false', '(', '{', '@', NOT, SEQARROW, '-', STRING_LITERAL, CHAR_LITERAL, BIN_LITERAL, HEX_LITERAL, IDENT, INT_LITERAL, FLOAT_LITERAL, DOUBLE_LITERAL, REAL_LITERAL}
line 155:27 extraneous input '(' expecting {'\lemma', '}', IDENT, '/*!'}
line 155:35 mismatched input '=' expecting {'(', '{'}
line 157:38 mismatched input '}' expecting {'(', '{'}
line 163:14 mismatched input '\ifExintVar' expecting {MODALITY, FORALL, EXISTS, '\if', '\ifEx', 'true', 'false', '(', '{', '@', NOT, SEQARROW, '-', STRING_LITERAL, CHAR_LITERAL, BIN_LITERAL, HEX_LITERAL, IDENT, INT_LITERAL, FLOAT_LITERAL, DOUBLE_LITERAL, REAL_LITERAL}
line 163:27 extraneous input '(' expecting {'\lemma', '}', IDENT, '/*!'}
line 163:30 mismatched input '=' expecting {'(', '{'}
line 165:38 mismatched input '}' expecting {'(', '{'}
line 171:14 mismatched input '\ifExintVar' expecting {MODALITY, FORALL, EXISTS, '\if', '\ifEx', 'true', 'false', '(', '{', '@', NOT, SEQARROW, '-', STRING_LITERAL, CHAR_LITERAL, BIN_LITERAL, HEX_LITERAL, IDENT, INT_LITERAL, FLOAT_LITERAL, DOUBLE_LITERAL, REAL_LITERAL}
line 171:27 extraneous input '(' expecting {'\lemma', '}', IDENT, '/*!'}
line 171:30 mismatched input '=' expecting {'(', '{'}
line 173:38 mismatched input '}' expecting {'(', '{'}
line 179:14 mismatched input '\ifExintVar' expecting {MODALITY, FORALL, EXISTS, '\if', '\ifEx', 'true', 'false', '(', '{', '@', NOT, SEQARROW, '-', STRING_LITERAL, CHAR_LITERAL, BIN_LITERAL, HEX_LITERAL, IDENT, INT_LITERAL, FLOAT_LITERAL, DOUBLE_LITERAL, REAL_LITERAL}
line 179:27 extraneous input '(' expecting {'\lemma', '}', IDENT, '/*!'}
line 179:32 mismatched input '&amp;' expecting {'(', '{'}
line 181:42 mismatched input '}' expecting {'(', '{'}
line 182:39 mismatched input '}' expecting {'(', '{'}
line 188:14 mismatched input '\ifExintVar' expecting {MODALITY, FORALL, EXISTS, '\if', '\ifEx', 'true', 'false', '(', '{', '@', NOT, SEQARROW, '-', STRING_LITERAL, CHAR_LITERAL, BIN_LITERAL, HEX_LITERAL, IDENT, INT_LITERAL, FLOAT_LITERAL, DOUBLE_LITERAL, REAL_LITERAL}
line 188:27 extraneous input '(' expecting {'\lemma', '}', IDENT, '/*!'}
line 188:32 mismatched input '&amp;' expecting {'(', '{'}
line 190:42 mismatched input '}' expecting {'(', '{'}
line 191:39 mismatched input '}' expecting {'(', '{'}
line 198:14 mismatched input '\ifExintVar' expecting {MODALITY, FORALL, EXISTS, '\if', '\ifEx', 'true', 'false', '(', '{', '@', NOT, SEQARROW, '-', STRING_LITERAL, CHAR_LITERAL, BIN_LITERAL, HEX_LITERAL, IDENT, INT_LITERAL, FLOAT_LITERAL, DOUBLE_LITERAL, REAL_LITERAL}
line 198:27 extraneous input '(' expecting {'\lemma', '}', IDENT, '/*!'}
line 198:32 mismatched input '&amp;' expecting {'(', '{'}
line 200:42 mismatched input '}' expecting {'(', '{'}
line 201:39 mismatched input '}' expecting {'(', '{'}
line 208:14 mismatched input '\ifExintVar' expecting {MODALITY, FORALL, EXISTS, '\if', '\ifEx', 'true', 'false', '(', '{', '@', NOT, SEQARROW, '-', STRING_LITERAL, CHAR_LITERAL, BIN_LITERAL, HEX_LITERAL, IDENT, INT_LITERAL, FLOAT_LITERAL, DOUBLE_LITERAL, REAL_LITERAL}
line 208:27 extraneous input '(' expecting {'\lemma', '}', IDENT, '/*!'}
line 208:32 mismatched input '&amp;' expecting {'(', '{'}
line 210:42 mismatched input '}' expecting {'(', '{'}
line 211:39 mismatched input '}' expecting {'(', '{'}
line 218:14 mismatched input '\ifExintVar' expecting {MODALITY, FORALL, EXISTS, '\if', '\ifEx', 'true', 'false', '(', '{', '@', NOT, SEQARROW, '-', STRING_LITERAL, CHAR_LITERAL, BIN_LITERAL, HEX_LITERAL, IDENT, INT_LITERAL, FLOAT_LITERAL, DOUBLE_LITERAL, REAL_LITERAL}
line 218:27 extraneous input '(' expecting {'\lemma', '}', IDENT, '/*!'}
line 218:31 mismatched input ')' expecting {'(', '{'}
line 220:44 mismatched input ')' expecting {'(', '{'}
line 225:14 mismatched input '\ifExintVar' expecting {MODALITY, FORALL, EXISTS, '\if', '\ifEx', 'true', 'false', '(', '{', '@', NOT, SEQARROW, '-', STRING_LITERAL, CHAR_LITERAL, BIN_LITERAL, HEX_LITERAL, IDENT, INT_LITERAL, FLOAT_LITERAL, DOUBLE_LITERAL, REAL_LITERAL}
line 225:27 extraneous input '(' expecting {'\lemma', '}', IDENT, '/*!'}
line 225:31 mismatched input ')' expecting {'(', '{'}
line 227:44 mismatched input ')' expecting {'(', '{'}
line 233:14 mismatched input '\ifExintVar' expecting {MODALITY, FORALL, EXISTS, '\if', '\ifEx', 'true', 'false', '(', '{', '@', NOT, SEQARROW, '-', STRING_LITERAL, CHAR_LITERAL, BIN_LITERAL, HEX_LITERAL, IDENT, INT_LITERAL, FLOAT_LITERAL, DOUBLE_LITERAL, REAL_LITERAL}
line 233:27 extraneous input '(' expecting {'\lemma', '}', IDENT, '/*!'}
line 233:31 mismatched input ')' expecting {'(', '{'}
line 237:42 mismatched input '}' expecting {'(', '{'}
line 238:34 mismatched input '}' expecting {'(', '{'}
line 239:28 extraneous input '(' expecting {'\lemma', '}', IDENT, '/*!'}
line 239:33 mismatched input '-&gt;' expecting {'(', '{'}
line 240:8 extraneous input '\replacewith' expecting {'\lemma', '}', IDENT, '/*!'}
line 240:25 mismatched input ')' expecting {'(', '{'}
line 240:56 mismatched input ')' expecting {'(', '{'}
line 245:14 mismatched input '\ifExintVar' expecting {MODALITY, FORALL, EXISTS, '\if', '\ifEx', 'true', 'false', '(', '{', '@', NOT, SEQARROW, '-', STRING_LITERAL, CHAR_LITERAL, BIN_LITERAL, HEX_LITERAL, IDENT, INT_LITERAL, FLOAT_LITERAL, DOUBLE_LITERAL, REAL_LITERAL}
line 245:27 extraneous input '(' expecting {'\lemma', '}', IDENT, '/*!'}
line 245:31 mismatched input ')' expecting {'(', '{'}
line 248:45 mismatched input '}' expecting {'(', '{'}
line 249:8 extraneous input '\replacewith' expecting {'\lemma', '}', IDENT, '/*!'}
line 249:38 mismatched input ')' expecting {'(', '{'}
line 250:42 mismatched input '}' expecting {'(', '{'}
line 251:28 extraneous input '(' expecting {'\lemma', '}', IDENT, '/*!'}
line 251:33 mismatched input '-&gt;' expecting {'(', '{'}
line 255:14 mismatched input '\ifExintVar' expecting {MODALITY, FORALL, EXISTS, '\if', '\ifEx', 'true', 'false', '(', '{', '@', NOT, SEQARROW, '-', STRING_LITERAL, CHAR_LITERAL, BIN_LITERAL, HEX_LITERAL, IDENT, INT_LITERAL, FLOAT_LITERAL, DOUBLE_LITERAL, REAL_LITERAL}
line 255:27 extraneous input '(' expecting {'\lemma', '}', IDENT, '/*!'}
line 255:31 mismatched input ')' expecting {'(', '{'}
line 258:52 extraneous input '0' expecting {'\lemma', '}', IDENT, '/*!'}
line 258:54 mismatched input 'then' expecting {&lt;EOF&gt;, '\problem', '\chooseContract', '\proofObligation', '\proof'}

	at app//de.uka.ilkd.key.proof.io.KeYFile.readIncludes(KeYFile.java:210)
	at app//de.uka.ilkd.key.proof.init.ProblemInitializer.readIncludes(ProblemInitializer.java:177)
	at app//de.uka.ilkd.key.proof.init.ProblemInitializer.readEnvInput(ProblemInitializer.java:325)
	at app//de.uka.ilkd.key.proof.init.ProblemInitializer.readIncludes(ProblemInitializer.java:188)
	at app//de.uka.ilkd.key.proof.init.ProblemInitializer.readEnvInput(ProblemInitializer.java:325)
	at app//de.uka.ilkd.key.proof.init.ProblemInitializer.prepare(ProblemInitializer.java:449)
	at app//de.uka.ilkd.key.proof.io.AbstractProblemLoader.createInitConfig(AbstractProblemLoader.java:518)
	at app//de.uka.ilkd.key.proof.io.AbstractProblemLoader.loadEnvironment(AbstractProblemLoader.java:288)
	at app//de.uka.ilkd.key.proof.io.AbstractProblemLoader.load(AbstractProblemLoader.java:252)
	at app//de.uka.ilkd.key.control.AbstractUserInterfaceControl.load(AbstractUserInterfaceControl.java:209)
	... 91 more
Caused by: de.uka.ilkd.key.util.parsing.SyntaxErrorReporter$ParserException: line 135:14 mismatched input '\ifExintVar' expecting {MODALITY, FORALL, EXISTS, '\if', '\ifEx', 'true', 'false', '(', '{', '@', NOT, SEQARROW, '-', STRING_LITERAL, CHAR_LITERAL, BIN_LITERAL, HEX_LITERAL, IDENT, INT_LITERAL, FLOAT_LITERAL, DOUBLE_LITERAL, REAL_LITERAL}
line 135:27 extraneous input '(' expecting {'\lemma', '}', IDENT, '/*!'}
line 135:44 mismatched input ')' expecting {'(', '{'}
line 141:14 mismatched input '\ifExintVar' expecting {MODALITY, FORALL, EXISTS, '\if', '\ifEx', 'true', 'false', '(', '{', '@', NOT, SEQARROW, '-', STRING_LITERAL, CHAR_LITERAL, BIN_LITERAL, HEX_LITERAL, IDENT, INT_LITERAL, FLOAT_LITERAL, DOUBLE_LITERAL, REAL_LITERAL}
line 141:27 extraneous input '(' expecting {'\lemma', '}', IDENT, '/*!'}
line 141:41 mismatched input ')' expecting {'(', '{'}
line 148:14 mismatched input '\ifExintVar' expecting {MODALITY, FORALL, EXISTS, '\if', '\ifEx', 'true', 'false', '(', '{', '@', NOT, SEQARROW, '-', STRING_LITERAL, CHAR_LITERAL, BIN_LITERAL, HEX_LITERAL, IDENT, INT_LITERAL, FLOAT_LITERAL, DOUBLE_LITERAL, REAL_LITERAL}
line 148:27 extraneous input '(' expecting {'\lemma', '}', IDENT, '/*!'}
line 148:35 mismatched input '=' expecting {'(', '{'}
line 150:38 mismatched input '}' expecting {'(', '{'}
line 155:14 mismatched input '\ifExintVar' expecting {MODALITY, FORALL, EXISTS, '\if', '\ifEx', 'true', 'false', '(', '{', '@', NOT, SEQARROW, '-', STRING_LITERAL, CHAR_LITERAL, BIN_LITERAL, HEX_LITERAL, IDENT, INT_LITERAL, FLOAT_LITERAL, DOUBLE_LITERAL, REAL_LITERAL}
line 155:27 extraneous input '(' expecting {'\lemma', '}', IDENT, '/*!'}
line 155:35 mismatched input '=' expecting {'(', '{'}
line 157:38 mismatched input '}' expecting {'(', '{'}
line 163:14 mismatched input '\ifExintVar' expecting {MODALITY, FORALL, EXISTS, '\if', '\ifEx', 'true', 'false', '(', '{', '@', NOT, SEQARROW, '-', STRING_LITERAL, CHAR_LITERAL, BIN_LITERAL, HEX_LITERAL, IDENT, INT_LITERAL, FLOAT_LITERAL, DOUBLE_LITERAL, REAL_LITERAL}
line 163:27 extraneous input '(' expecting {'\lemma', '}', IDENT, '/*!'}
line 163:30 mismatched input '=' expecting {'(', '{'}
line 165:38 mismatched input '}' expecting {'(', '{'}
line 171:14 mismatched input '\ifExintVar' expecting {MODALITY, FORALL, EXISTS, '\if', '\ifEx', 'true', 'false', '(', '{', '@', NOT, SEQARROW, '-', STRING_LITERAL, CHAR_LITERAL, BIN_LITERAL, HEX_LITERAL, IDENT, INT_LITERAL, FLOAT_LITERAL, DOUBLE_LITERAL, REAL_LITERAL}
line 171:27 extraneous input '(' expecting {'\lemma', '}', IDENT, '/*!'}
line 171:30 mismatched input '=' expecting {'(', '{'}
line 173:38 mismatched input '}' expecting {'(', '{'}
line 179:14 mismatched input '\ifExintVar' expecting {MODALITY, FORALL, EXISTS, '\if', '\ifEx', 'true', 'false', '(', '{', '@', NOT, SEQARROW, '-', STRING_LITERAL, CHAR_LITERAL, BIN_LITERAL, HEX_LITERAL, IDENT, INT_LITERAL, FLOAT_LITERAL, DOUBLE_LITERAL, REAL_LITERAL}
line 179:27 extraneous input '(' expecting {'\lemma', '}', IDENT, '/*!'}
line 179:32 mismatched input '&amp;' expecting {'(', '{'}
line 181:42 mismatched input '}' expecting {'(', '{'}
line 182:39 mismatched input '}' expecting {'(', '{'}
line 188:14 mismatched input '\ifExintVar' expecting {MODALITY, FORALL, EXISTS, '\if', '\ifEx', 'true', 'false', '(', '{', '@', NOT, SEQARROW, '-', STRING_LITERAL, CHAR_LITERAL, BIN_LITERAL, HEX_LITERAL, IDENT, INT_LITERAL, FLOAT_LITERAL, DOUBLE_LITERAL, REAL_LITERAL}
line 188:27 extraneous input '(' expecting {'\lemma', '}', IDENT, '/*!'}
line 188:32 mismatched input '&amp;' expecting {'(', '{'}
line 190:42 mismatched input '}' expecting {'(', '{'}
line 191:39 mismatched input '}' expecting {'(', '{'}
line 198:14 mismatched input '\ifExintVar' expecting {MODALITY, FORALL, EXISTS, '\if', '\ifEx', 'true', 'false', '(', '{', '@', NOT, SEQARROW, '-', STRING_LITERAL, CHAR_LITERAL, BIN_LITERAL, HEX_LITERAL, IDENT, INT_LITERAL, FLOAT_LITERAL, DOUBLE_LITERAL, REAL_LITERAL}
line 198:27 extraneous input '(' expecting {'\lemma', '}', IDENT, '/*!'}
line 198:32 mismatched input '&amp;' expecting {'(', '{'}
line 200:42 mismatched input '}' expecting {'(', '{'}
line 201:39 mismatched input '}' expecting {'(', '{'}
line 208:14 mismatched input '\ifExintVar' expecting {MODALITY, FORALL, EXISTS, '\if', '\ifEx', 'true', 'false', '(', '{', '@', NOT, SEQARROW, '-', STRING_LITERAL, CHAR_LITERAL, BIN_LITERAL, HEX_LITERAL, IDENT, INT_LITERAL, FLOAT_LITERAL, DOUBLE_LITERAL, REAL_LITERAL}
line 208:27 extraneous input '(' expecting {'\lemma', '}', IDENT, '/*!'}
line 208:32 mismatched input '&amp;' expecting {'(', '{'}
line 210:42 mismatched input '}' expecting {'(', '{'}
line 211:39 mismatched input '}' expecting {'(', '{'}
line 218:14 mismatched input '\ifExintVar' expecting {MODALITY, FORALL, EXISTS, '\if', '\ifEx', 'true', 'false', '(', '{', '@', NOT, SEQARROW, '-', STRING_LITERAL, CHAR_LITERAL, BIN_LITERAL, HEX_LITERAL, IDENT, INT_LITERAL, FLOAT_LITERAL, DOUBLE_LITERAL, REAL_LITERAL}
line 218:27 extraneous input '(' expecting {'\lemma', '}', IDENT, '/*!'}
line 218:31 mismatched input ')' expecting {'(', '{'}
line 220:44 mismatched input ')' expecting {'(', '{'}
line 225:14 mismatched input '\ifExintVar' expecting {MODALITY, FORALL, EXISTS, '\if', '\ifEx', 'true', 'false', '(', '{', '@', NOT, SEQARROW, '-', STRING_LITERAL, CHAR_LITERAL, BIN_LITERAL, HEX_LITERAL, IDENT, INT_LITERAL, FLOAT_LITERAL, DOUBLE_LITERAL, REAL_LITERAL}
line 225:27 extraneous input '(' expecting {'\lemma', '}', IDENT, '/*!'}
line 225:31 mismatched input ')' expecting {'(', '{'}
line 227:44 mismatched input ')' expecting {'(', '{'}
line 233:14 mismatched input '\ifExintVar' expecting {MODALITY, FORALL, EXISTS, '\if', '\ifEx', 'true', 'false', '(', '{', '@', NOT, SEQARROW, '-', STRING_LITERAL, CHAR_LITERAL, BIN_LITERAL, HEX_LITERAL, IDENT, INT_LITERAL, FLOAT_LITERAL, DOUBLE_LITERAL, REAL_LITERAL}
line 233:27 extraneous input '(' expecting {'\lemma', '}', IDENT, '/*!'}
line 233:31 mismatched input ')' expecting {'(', '{'}
line 237:42 mismatched input '}' expecting {'(', '{'}
line 238:34 mismatched input '}' expecting {'(', '{'}
line 239:28 extraneous input '(' expecting {'\lemma', '}', IDENT, '/*!'}
line 239:33 mismatched input '-&gt;' expecting {'(', '{'}
line 240:8 extraneous input '\replacewith' expecting {'\lemma', '}', IDENT, '/*!'}
line 240:25 mismatched input ')' expecting {'(', '{'}
line 240:56 mismatched input ')' expecting {'(', '{'}
line 245:14 mismatched input '\ifExintVar' expecting {MODALITY, FORALL, EXISTS, '\if', '\ifEx', 'true', 'false', '(', '{', '@', NOT, SEQARROW, '-', STRING_LITERAL, CHAR_LITERAL, BIN_LITERAL, HEX_LITERAL, IDENT, INT_LITERAL, FLOAT_LITERAL, DOUBLE_LITERAL, REAL_LITERAL}
line 245:27 extraneous input '(' expecting {'\lemma', '}', IDENT, '/*!'}
line 245:31 mismatched input ')' expecting {'(', '{'}
line 248:45 mismatched input '}' expecting {'(', '{'}
line 249:8 extraneous input '\replacewith' expecting {'\lemma', '}', IDENT, '/*!'}
line 249:38 mismatched input ')' expecting {'(', '{'}
line 250:42 mismatched input '}' expecting {'(', '{'}
line 251:28 extraneous input '(' expecting {'\lemma', '}', IDENT, '/*!'}
line 251:33 mismatched input '-&gt;' expecting {'(', '{'}
line 255:14 mismatched input '\ifExintVar' expecting {MODALITY, FORALL, EXISTS, '\if', '\ifEx', 'true', 'false', '(', '{', '@', NOT, SEQARROW, '-', STRING_LITERAL, CHAR_LITERAL, BIN_LITERAL, HEX_LITERAL, IDENT, INT_LITERAL, FLOAT_LITERAL, DOUBLE_LITERAL, REAL_LITERAL}
line 255:27 extraneous input '(' expecting {'\lemma', '}', IDENT, '/*!'}
line 255:31 mismatched input ')' expecting {'(', '{'}
line 258:52 extraneous input '0' expecting {'\lemma', '}', IDENT, '/*!'}
line 258:54 mismatched input 'then' expecting {&lt;EOF&gt;, '\problem', '\chooseContract', '\proofObligation', '\proof'}

	at app//de.uka.ilkd.key.util.parsing.SyntaxErrorReporter.throwException(SyntaxErrorReporter.java:89)
	at app//de.uka.ilkd.key.nparser.ParsingFacade.parseFile(ParsingFacade.java:125)
	at app//de.uka.ilkd.key.proof.io.KeYFile.getParseContext(KeYFile.java:160)
	at app//de.uka.ilkd.key.proof.io.KeYFile.readIncludes(KeYFile.java:206)
	... 100 more
</failure>
  </testcase>
  <testcase name="testInstantiateLabels_updates_allRules()" classname="de.uka.ilkd.key.logic.TestTermLabelManager" time="0.047">
    <failure message="org.opentest4j.AssertionFailedError" type="org.opentest4j.AssertionFailedError">org.opentest4j.AssertionFailedError
	at app//org.junit.jupiter.api.AssertionUtils.fail(AssertionUtils.java:35)
	at app//org.junit.jupiter.api.Assertions.fail(Assertions.java:115)
	at app//de.uka.ilkd.key.logic.TestTermLabelManager.testInstantiateLabels_updates_allRules(TestTermLabelManager.java:211)
	at java.base@11.0.18/jdk.internal.reflect.NativeMethodAccessorImpl.invoke0(Native Method)
	at java.base@11.0.18/jdk.internal.reflect.NativeMethodAccessorImpl.invoke(NativeMethodAccessorImpl.java:62)
	at java.base@11.0.18/jdk.internal.reflect.DelegatingMethodAccessorImpl.invoke(DelegatingMethodAccessorImpl.java:43)
	at java.base@11.0.18/java.lang.reflect.Method.invoke(Method.java:566)
	at app//org.junit.platform.commons.util.ReflectionUtils.invokeMethod(ReflectionUtils.java:725)
	at app//org.junit.jupiter.engine.execution.MethodInvocation.proceed(MethodInvocation.java:60)
	at app//org.junit.jupiter.engine.execution.InvocationInterceptorChain$ValidatingInvocation.proceed(InvocationInterceptorChain.java:131)
	at app//org.junit.jupiter.engine.extension.TimeoutExtension.intercept(TimeoutExtension.java:149)
	at app//org.junit.jupiter.engine.extension.TimeoutExtension.interceptTestableMethod(TimeoutExtension.java:140)
	at app//org.junit.jupiter.engine.extension.TimeoutExtension.interceptTestMethod(TimeoutExtension.java:84)
	at app//org.junit.jupiter.engine.execution.ExecutableInvoker$ReflectiveInterceptorCall.lambda$ofVoidMethod$0(ExecutableInvoker.java:115)
	at app//org.junit.jupiter.engine.execution.ExecutableInvoker.lambda$invoke$0(ExecutableInvoker.java:105)
	at app//org.junit.jupiter.engine.execution.InvocationInterceptorChain$InterceptedInvocation.proceed(InvocationInterceptorChain.java:106)
	at app//org.junit.jupiter.engine.execution.InvocationInterceptorChain.proceed(InvocationInterceptorChain.java:64)
	at app//org.junit.jupiter.engine.execution.InvocationInterceptorChain.chainAndInvoke(InvocationInterceptorChain.java:45)
	at app//org.junit.jupiter.engine.execution.InvocationInterceptorChain.invoke(InvocationInterceptorChain.java:37)
	at app//org.junit.jupiter.engine.execution.ExecutableInvoker.invoke(ExecutableInvoker.java:104)
	at app//org.junit.jupiter.engine.execution.ExecutableInvoker.invoke(ExecutableInvoker.java:98)
	at app//org.junit.jupiter.engine.descriptor.TestMethodTestDescriptor.lambda$invokeTestMethod$7(TestMethodTestDescriptor.java:214)
	at app//org.junit.platform.engine.support.hierarchical.ThrowableCollector.execute(ThrowableCollector.java:73)
	at app//org.junit.jupiter.engine.descriptor.TestMethodTestDescriptor.invokeTestMethod(TestMethodTestDescriptor.java:210)
	at app//org.junit.jupiter.engine.descriptor.TestMethodTestDescriptor.execute(TestMethodTestDescriptor.java:135)
	at app//org.junit.jupiter.engine.descriptor.TestMethodTestDescriptor.execute(TestMethodTestDescriptor.java:66)
	at app//org.junit.platform.engine.support.hierarchical.NodeTestTask.lambda$executeRecursively$6(NodeTestTask.java:151)
	at app//org.junit.platform.engine.support.hierarchical.ThrowableCollector.execute(ThrowableCollector.java:73)
	at app//org.junit.platform.engine.support.hierarchical.NodeTestTask.lambda$executeRecursively$8(NodeTestTask.java:141)
	at app//org.junit.platform.engine.support.hierarchical.Node.around(Node.java:137)
	at app//org.junit.platform.engine.support.hierarchical.NodeTestTask.lambda$executeRecursively$9(NodeTestTask.java:139)
	at app//org.junit.platform.engine.support.hierarchical.ThrowableCollector.execute(ThrowableCollector.java:73)
	at app//org.junit.platform.engine.support.hierarchical.NodeTestTask.executeRecursively(NodeTestTask.java:138)
	at app//org.junit.platform.engine.support.hierarchical.NodeTestTask.execute(NodeTestTask.java:95)
	at java.base@11.0.18/java.util.ArrayList.forEach(ArrayList.java:1541)
	at app//org.junit.platform.engine.support.hierarchical.SameThreadHierarchicalTestExecutorService.invokeAll(SameThreadHierarchicalTestExecutorService.java:41)
	at app//org.junit.platform.engine.support.hierarchical.NodeTestTask.lambda$executeRecursively$6(NodeTestTask.java:155)
	at app//org.junit.platform.engine.support.hierarchical.ThrowableCollector.execute(ThrowableCollector.java:73)
	at app//org.junit.platform.engine.support.hierarchical.NodeTestTask.lambda$executeRecursively$8(NodeTestTask.java:141)
	at app//org.junit.platform.engine.support.hierarchical.Node.around(Node.java:137)
	at app//org.junit.platform.engine.support.hierarchical.NodeTestTask.lambda$executeRecursively$9(NodeTestTask.java:139)
	at app//org.junit.platform.engine.support.hierarchical.ThrowableCollector.execute(ThrowableCollector.java:73)
	at app//org.junit.platform.engine.support.hierarchical.NodeTestTask.executeRecursively(NodeTestTask.java:138)
	at app//org.junit.platform.engine.support.hierarchical.NodeTestTask.execute(NodeTestTask.java:95)
	at java.base@11.0.18/java.util.ArrayList.forEach(ArrayList.java:1541)
	at app//org.junit.platform.engine.support.hierarchical.SameThreadHierarchicalTestExecutorService.invokeAll(SameThreadHierarchicalTestExecutorService.java:41)
	at app//org.junit.platform.engine.support.hierarchical.NodeTestTask.lambda$executeRecursively$6(NodeTestTask.java:155)
	at app//org.junit.platform.engine.support.hierarchical.ThrowableCollector.execute(ThrowableCollector.java:73)
	at app//org.junit.platform.engine.support.hierarchical.NodeTestTask.lambda$executeRecursively$8(NodeTestTask.java:141)
	at app//org.junit.platform.engine.support.hierarchical.Node.around(Node.java:137)
	at app//org.junit.platform.engine.support.hierarchical.NodeTestTask.lambda$executeRecursively$9(NodeTestTask.java:139)
	at app//org.junit.platform.engine.support.hierarchical.ThrowableCollector.execute(ThrowableCollector.java:73)
	at app//org.junit.platform.engine.support.hierarchical.NodeTestTask.executeRecursively(NodeTestTask.java:138)
	at app//org.junit.platform.engine.support.hierarchical.NodeTestTask.execute(NodeTestTask.java:95)
	at app//org.junit.platform.engine.support.hierarchical.SameThreadHierarchicalTestExecutorService.submit(SameThreadHierarchicalTestExecutorService.java:35)
	at app//org.junit.platform.engine.support.hierarchical.HierarchicalTestExecutor.execute(HierarchicalTestExecutor.java:57)
	at app//org.junit.platform.engine.support.hierarchical.HierarchicalTestEngine.execute(HierarchicalTestEngine.java:54)
	at org.junit.platform.launcher.core.EngineExecutionOrchestrator.execute(EngineExecutionOrchestrator.java:107)
	at org.junit.platform.launcher.core.EngineExecutionOrchestrator.execute(EngineExecutionOrchestrator.java:88)
	at org.junit.platform.launcher.core.EngineExecutionOrchestrator.lambda$execute$0(EngineExecutionOrchestrator.java:54)
	at org.junit.platform.launcher.core.EngineExecutionOrchestrator.withInterceptedStreams(EngineExecutionOrchestrator.java:67)
	at org.junit.platform.launcher.core.EngineExecutionOrchestrator.execute(EngineExecutionOrchestrator.java:52)
	at org.junit.platform.launcher.core.DefaultLauncher.execute(DefaultLauncher.java:114)
	at org.junit.platform.launcher.core.DefaultLauncher.execute(DefaultLauncher.java:86)
	at org.junit.platform.launcher.core.DefaultLauncherSession$DelegatingLauncher.execute(DefaultLauncherSession.java:86)
	at org.junit.platform.launcher.core.SessionPerRequestLauncher.execute(SessionPerRequestLauncher.java:53)
	at org.gradle.api.internal.tasks.testing.junitplatform.JUnitPlatformTestClassProcessor$CollectAllTestClassesExecutor.processAllTestClasses(JUnitPlatformTestClassProcessor.java:99)
	at org.gradle.api.internal.tasks.testing.junitplatform.JUnitPlatformTestClassProcessor$CollectAllTestClassesExecutor.access$000(JUnitPlatformTestClassProcessor.java:79)
	at org.gradle.api.internal.tasks.testing.junitplatform.JUnitPlatformTestClassProcessor.stop(JUnitPlatformTestClassProcessor.java:75)
	at org.gradle.api.internal.tasks.testing.SuiteTestClassProcessor.stop(SuiteTestClassProcessor.java:62)
	at java.base@11.0.18/jdk.internal.reflect.NativeMethodAccessorImpl.invoke0(Native Method)
	at java.base@11.0.18/jdk.internal.reflect.NativeMethodAccessorImpl.invoke(NativeMethodAccessorImpl.java:62)
	at java.base@11.0.18/jdk.internal.reflect.DelegatingMethodAccessorImpl.invoke(DelegatingMethodAccessorImpl.java:43)
	at java.base@11.0.18/java.lang.reflect.Method.invoke(Method.java:566)
	at org.gradle.internal.dispatch.ReflectionDispatch.dispatch(ReflectionDispatch.java:36)
	at org.gradle.internal.dispatch.ReflectionDispatch.dispatch(ReflectionDispatch.java:24)
	at org.gradle.internal.dispatch.ContextClassLoaderDispatch.dispatch(ContextClassLoaderDispatch.java:33)
	at org.gradle.internal.dispatch.ProxyDispatchAdapter$DispatchingInvocationHandler.invoke(ProxyDispatchAdapter.java:94)
	at com.sun.proxy.$Proxy2.stop(Unknown Source)
	at org.gradle.api.internal.tasks.testing.worker.TestWorker$3.run(TestWorker.java:193)
	at org.gradle.api.internal.tasks.testing.worker.TestWorker.executeAndMaintainThreadName(TestWorker.java:129)
	at org.gradle.api.internal.tasks.testing.worker.TestWorker.execute(TestWorker.java:100)
	at org.gradle.api.internal.tasks.testing.worker.TestWorker.execute(TestWorker.java:60)
	at org.gradle.process.internal.worker.child.ActionExecutionWorker.execute(ActionExecutionWorker.java:56)
	at org.gradle.process.internal.worker.child.SystemApplicationClassLoaderWorker.call(SystemApplicationClassLoaderWorker.java:113)
	at org.gradle.process.internal.worker.child.SystemApplicationClassLoaderWorker.call(SystemApplicationClassLoaderWorker.java:65)
	at app//worker.org.gradle.process.internal.worker.GradleWorkerMain.run(GradleWorkerMain.java:69)
	at app//worker.org.gradle.process.internal.worker.GradleWorkerMain.main(GradleWorkerMain.java:74)
</failure>
  </testcase>
  <testcase name="testrefactorGoal_sequent_allRules()" classname="de.uka.ilkd.key.logic.TestTermLabelManager" time="0.053">
    <failure message="line 135:14 mismatched input '\ifExintVar' expecting {MODALITY, FORALL, EXISTS, '\if', '\ifEx', 'true', 'false', '(', '{', '@', NOT, SEQARROW, '-', STRING_LITERAL, CHAR_LITERAL, BIN_LITERAL, HEX_LITERAL, IDENT, INT_LITERAL, FLOAT_LITERAL, DOUBLE_LITERAL, REAL_LITERAL}&#10;line 135:27 extraneous input '(' expecting {'\lemma', '}', IDENT, '/*!'}&#10;line 135:44 mismatched input ')' expecting {'(', '{'}&#10;line 141:14 mismatched input '\ifExintVar' expecting {MODALITY, FORALL, EXISTS, '\if', '\ifEx', 'true', 'false', '(', '{', '@', NOT, SEQARROW, '-', STRING_LITERAL, CHAR_LITERAL, BIN_LITERAL, HEX_LITERAL, IDENT, INT_LITERAL, FLOAT_LITERAL, DOUBLE_LITERAL, REAL_LITERAL}&#10;line 141:27 extraneous input '(' expecting {'\lemma', '}', IDENT, '/*!'}&#10;line 141:41 mismatched input ')' expecting {'(', '{'}&#10;line 148:14 mismatched input '\ifExintVar' expecting {MODALITY, FORALL, EXISTS, '\if', '\ifEx', 'true', 'false', '(', '{', '@', NOT, SEQARROW, '-', STRING_LITERAL, CHAR_LITERAL, BIN_LITERAL, HEX_LITERAL, IDENT, INT_LITERAL, FLOAT_LITERAL, DOUBLE_LITERAL, REAL_LITERAL}&#10;line 148:27 extraneous input '(' expecting {'\lemma', '}', IDENT, '/*!'}&#10;line 148:35 mismatched input '=' expecting {'(', '{'}&#10;line 150:38 mismatched input '}' expecting {'(', '{'}&#10;line 155:14 mismatched input '\ifExintVar' expecting {MODALITY, FORALL, EXISTS, '\if', '\ifEx', 'true', 'false', '(', '{', '@', NOT, SEQARROW, '-', STRING_LITERAL, CHAR_LITERAL, BIN_LITERAL, HEX_LITERAL, IDENT, INT_LITERAL, FLOAT_LITERAL, DOUBLE_LITERAL, REAL_LITERAL}&#10;line 155:27 extraneous input '(' expecting {'\lemma', '}', IDENT, '/*!'}&#10;line 155:35 mismatched input '=' expecting {'(', '{'}&#10;line 157:38 mismatched input '}' expecting {'(', '{'}&#10;line 163:14 mismatched input '\ifExintVar' expecting {MODALITY, FORALL, EXISTS, '\if', '\ifEx', 'true', 'false', '(', '{', '@', NOT, SEQARROW, '-', STRING_LITERAL, CHAR_LITERAL, BIN_LITERAL, HEX_LITERAL, IDENT, INT_LITERAL, FLOAT_LITERAL, DOUBLE_LITERAL, REAL_LITERAL}&#10;line 163:27 extraneous input '(' expecting {'\lemma', '}', IDENT, '/*!'}&#10;line 163:30 mismatched input '=' expecting {'(', '{'}&#10;line 165:38 mismatched input '}' expecting {'(', '{'}&#10;line 171:14 mismatched input '\ifExintVar' expecting {MODALITY, FORALL, EXISTS, '\if', '\ifEx', 'true', 'false', '(', '{', '@', NOT, SEQARROW, '-', STRING_LITERAL, CHAR_LITERAL, BIN_LITERAL, HEX_LITERAL, IDENT, INT_LITERAL, FLOAT_LITERAL, DOUBLE_LITERAL, REAL_LITERAL}&#10;line 171:27 extraneous input '(' expecting {'\lemma', '}', IDENT, '/*!'}&#10;line 171:30 mismatched input '=' expecting {'(', '{'}&#10;line 173:38 mismatched input '}' expecting {'(', '{'}&#10;line 179:14 mismatched input '\ifExintVar' expecting {MODALITY, FORALL, EXISTS, '\if', '\ifEx', 'true', 'false', '(', '{', '@', NOT, SEQARROW, '-', STRING_LITERAL, CHAR_LITERAL, BIN_LITERAL, HEX_LITERAL, IDENT, INT_LITERAL, FLOAT_LITERAL, DOUBLE_LITERAL, REAL_LITERAL}&#10;line 179:27 extraneous input '(' expecting {'\lemma', '}', IDENT, '/*!'}&#10;line 179:32 mismatched input '&amp;' expecting {'(', '{'}&#10;line 181:42 mismatched input '}' expecting {'(', '{'}&#10;line 182:39 mismatched input '}' expecting {'(', '{'}&#10;line 188:14 mismatched input '\ifExintVar' expecting {MODALITY, FORALL, EXISTS, '\if', '\ifEx', 'true', 'false', '(', '{', '@', NOT, SEQARROW, '-', STRING_LITERAL, CHAR_LITERAL, BIN_LITERAL, HEX_LITERAL, IDENT, INT_LITERAL, FLOAT_LITERAL, DOUBLE_LITERAL, REAL_LITERAL}&#10;line 188:27 extraneous input '(' expecting {'\lemma', '}', IDENT, '/*!'}&#10;line 188:32 mismatched input '&amp;' expecting {'(', '{'}&#10;line 190:42 mismatched input '}' expecting {'(', '{'}&#10;line 191:39 mismatched input '}' expecting {'(', '{'}&#10;line 198:14 mismatched input '\ifExintVar' expecting {MODALITY, FORALL, EXISTS, '\if', '\ifEx', 'true', 'false', '(', '{', '@', NOT, SEQARROW, '-', STRING_LITERAL, CHAR_LITERAL, BIN_LITERAL, HEX_LITERAL, IDENT, INT_LITERAL, FLOAT_LITERAL, DOUBLE_LITERAL, REAL_LITERAL}&#10;line 198:27 extraneous input '(' expecting {'\lemma', '}', IDENT, '/*!'}&#10;line 198:32 mismatched input '&amp;' expecting {'(', '{'}&#10;line 200:42 mismatched input '}' expecting {'(', '{'}&#10;line 201:39 mismatched input '}' expecting {'(', '{'}&#10;line 208:14 mismatched input '\ifExintVar' expecting {MODALITY, FORALL, EXISTS, '\if', '\ifEx', 'true', 'false', '(', '{', '@', NOT, SEQARROW, '-', STRING_LITERAL, CHAR_LITERAL, BIN_LITERAL, HEX_LITERAL, IDENT, INT_LITERAL, FLOAT_LITERAL, DOUBLE_LITERAL, REAL_LITERAL}&#10;line 208:27 extraneous input '(' expecting {'\lemma', '}', IDENT, '/*!'}&#10;line 208:32 mismatched input '&amp;' expecting {'(', '{'}&#10;line 210:42 mismatched input '}' expecting {'(', '{'}&#10;line 211:39 mismatched input '}' expecting {'(', '{'}&#10;line 218:14 mismatched input '\ifExintVar' expecting {MODALITY, FORALL, EXISTS, '\if', '\ifEx', 'true', 'false', '(', '{', '@', NOT, SEQARROW, '-', STRING_LITERAL, CHAR_LITERAL, BIN_LITERAL, HEX_LITERAL, IDENT, INT_LITERAL, FLOAT_LITERAL, DOUBLE_LITERAL, REAL_LITERAL}&#10;line 218:27 extraneous input '(' expecting {'\lemma', '}', IDENT, '/*!'}&#10;line 218:31 mismatched input ')' expecting {'(', '{'}&#10;line 220:44 mismatched input ')' expecting {'(', '{'}&#10;line 225:14 mismatched input '\ifExintVar' expecting {MODALITY, FORALL, EXISTS, '\if', '\ifEx', 'true', 'false', '(', '{', '@', NOT, SEQARROW, '-', STRING_LITERAL, CHAR_LITERAL, BIN_LITERAL, HEX_LITERAL, IDENT, INT_LITERAL, FLOAT_LITERAL, DOUBLE_LITERAL, REAL_LITERAL}&#10;line 225:27 extraneous input '(' expecting {'\lemma', '}', IDENT, '/*!'}&#10;line 225:31 mismatched input ')' expecting {'(', '{'}&#10;line 227:44 mismatched input ')' expecting {'(', '{'}&#10;line 233:14 mismatched input '\ifExintVar' expecting {MODALITY, FORALL, EXISTS, '\if', '\ifEx', 'true', 'false', '(', '{', '@', NOT, SEQARROW, '-', STRING_LITERAL, CHAR_LITERAL, BIN_LITERAL, HEX_LITERAL, IDENT, INT_LITERAL, FLOAT_LITERAL, DOUBLE_LITERAL, REAL_LITERAL}&#10;line 233:27 extraneous input '(' expecting {'\lemma', '}', IDENT, '/*!'}&#10;line 233:31 mismatched input ')' expecting {'(', '{'}&#10;line 237:42 mismatched input '}' expecting {'(', '{'}&#10;line 238:34 mismatched input '}' expecting {'(', '{'}&#10;line 239:28 extraneous input '(' expecting {'\lemma', '}', IDENT, '/*!'}&#10;line 239:33 mismatched input '-&gt;' expecting {'(', '{'}&#10;line 240:8 extraneous input '\replacewith' expecting {'\lemma', '}', IDENT, '/*!'}&#10;line 240:25 mismatched input ')' expecting {'(', '{'}&#10;line 240:56 mismatched input ')' expecting {'(', '{'}&#10;line 245:14 mismatched input '\ifExintVar' expecting {MODALITY, FORALL, EXISTS, '\if', '\ifEx', 'true', 'false', '(', '{', '@', NOT, SEQARROW, '-', STRING_LITERAL, CHAR_LITERAL, BIN_LITERAL, HEX_LITERAL, IDENT, INT_LITERAL, FLOAT_LITERAL, DOUBLE_LITERAL, REAL_LITERAL}&#10;line 245:27 extraneous input '(' expecting {'\lemma', '}', IDENT, '/*!'}&#10;line 245:31 mismatched input ')' expecting {'(', '{'}&#10;line 248:45 mismatched input '}' expecting {'(', '{'}&#10;line 249:8 extraneous input '\replacewith' expecting {'\lemma', '}', IDENT, '/*!'}&#10;line 249:38 mismatched input ')' expecting {'(', '{'}&#10;line 250:42 mismatched input '}' expecting {'(', '{'}&#10;line 251:28 extraneous input '(' expecting {'\lemma', '}', IDENT, '/*!'}&#10;line 251:33 mismatched input '-&gt;' expecting {'(', '{'}&#10;line 255:14 mismatched input '\ifExintVar' expecting {MODALITY, FORALL, EXISTS, '\if', '\ifEx', 'true', 'false', '(', '{', '@', NOT, SEQARROW, '-', STRING_LITERAL, CHAR_LITERAL, BIN_LITERAL, HEX_LITERAL, IDENT, INT_LITERAL, FLOAT_LITERAL, DOUBLE_LITERAL, REAL_LITERAL}&#10;line 255:27 extraneous input '(' expecting {'\lemma', '}', IDENT, '/*!'}&#10;line 255:31 mismatched input ')' expecting {'(', '{'}&#10;line 258:52 extraneous input '0' expecting {'\lemma', '}', IDENT, '/*!'}&#10;line 258:54 mismatched input 'then' expecting {&lt;EOF&gt;, '\problem', '\chooseContract', '\proofObligation', '\proof'}&#10; (file: src/test/resources/testcase/termLabels/flatSteps/FlatSteps.java; caused by: de.uka.ilkd.key.proof.init.ProofInputException: line 135:14 mismatched input '\ifExintVar' expecting {MODALITY, FORALL, EXISTS, '\if', '\ifEx', 'true', 'false', '(', '{', '@', NOT, SEQARROW, '-', STRING_LITERAL, CHAR_LITERAL, BIN_LITERAL, HEX_LITERAL, IDENT, INT_LITERAL, FLOAT_LITERAL, DOUBLE_LITERAL, REAL_LITERAL}&#10;line 135:27 extraneous input '(' expecting {'\lemma', '}', IDENT, '/*!'}&#10;line 135:44 mismatched input ')' expecting {'(', '{'}&#10;line 141:14 mismatched input '\ifExintVar' expecting {MODALITY, FORALL, EXISTS, '\if', '\ifEx', 'true', 'false', '(', '{', '@', NOT, SEQARROW, '-', STRING_LITERAL, CHAR_LITERAL, BIN_LITERAL, HEX_LITERAL, IDENT, INT_LITERAL, FLOAT_LITERAL, DOUBLE_LITERAL, REAL_LITERAL}&#10;line 141:27 extraneous input '(' expecting {'\lemma', '}', IDENT, '/*!'}&#10;line 141:41 mismatched input ')' expecting {'(', '{'}&#10;line 148:14 mismatched input '\ifExintVar' expecting {MODALITY, FORALL, EXISTS, '\if', '\ifEx', 'true', 'false', '(', '{', '@', NOT, SEQARROW, '-', STRING_LITERAL, CHAR_LITERAL, BIN_LITERAL, HEX_LITERAL, IDENT, INT_LITERAL, FLOAT_LITERAL, DOUBLE_LITERAL, REAL_LITERAL}&#10;line 148:27 extraneous input '(' expecting {'\lemma', '}', IDENT, '/*!'}&#10;line 148:35 mismatched input '=' expecting {'(', '{'}&#10;line 150:38 mismatched input '}' expecting {'(', '{'}&#10;line 155:14 mismatched input '\ifExintVar' expecting {MODALITY, FORALL, EXISTS, '\if', '\ifEx', 'true', 'false', '(', '{', '@', NOT, SEQARROW, '-', STRING_LITERAL, CHAR_LITERAL, BIN_LITERAL, HEX_LITERAL, IDENT, INT_LITERAL, FLOAT_LITERAL, DOUBLE_LITERAL, REAL_LITERAL}&#10;line 155:27 extraneous input '(' expecting {'\lemma', '}', IDENT, '/*!'}&#10;line 155:35 mismatched input '=' expecting {'(', '{'}&#10;line 157:38 mismatched input '}' expecting {'(', '{'}&#10;line 163:14 mismatched input '\ifExintVar' expecting {MODALITY, FORALL, EXISTS, '\if', '\ifEx', 'true', 'false', '(', '{', '@', NOT, SEQARROW, '-', STRING_LITERAL, CHAR_LITERAL, BIN_LITERAL, HEX_LITERAL, IDENT, INT_LITERAL, FLOAT_LITERAL, DOUBLE_LITERAL, REAL_LITERAL}&#10;line 163:27 extraneous input '(' expecting {'\lemma', '}', IDENT, '/*!'}&#10;line 163:30 mismatched input '=' expecting {'(', '{'}&#10;line 165:38 mismatched input '}' expecting {'(', '{'}&#10;line 171:14 mismatched input '\ifExintVar' expecting {MODALITY, FORALL, EXISTS, '\if', '\ifEx', 'true', 'false', '(', '{', '@', NOT, SEQARROW, '-', STRING_LITERAL, CHAR_LITERAL, BIN_LITERAL, HEX_LITERAL, IDENT, INT_LITERAL, FLOAT_LITERAL, DOUBLE_LITERAL, REAL_LITERAL}&#10;line 171:27 extraneous input '(' expecting {'\lemma', '}', IDENT, '/*!'}&#10;line 171:30 mismatched input '=' expecting {'(', '{'}&#10;line 173:38 mismatched input '}' expecting {'(', '{'}&#10;line 179:14 mismatched input '\ifExintVar' expecting {MODALITY, FORALL, EXISTS, '\if', '\ifEx', 'true', 'false', '(', '{', '@', NOT, SEQARROW, '-', STRING_LITERAL, CHAR_LITERAL, BIN_LITERAL, HEX_LITERAL, IDENT, INT_LITERAL, FLOAT_LITERAL, DOUBLE_LITERAL, REAL_LITERAL}&#10;line 179:27 extraneous input '(' expecting {'\lemma', '}', IDENT, '/*!'}&#10;line 179:32 mismatched input '&amp;' expecting {'(', '{'}&#10;line 181:42 mismatched input '}' expecting {'(', '{'}&#10;line 182:39 mismatched input '}' expecting {'(', '{'}&#10;line 188:14 mismatched input '\ifExintVar' expecting {MODALITY, FORALL, EXISTS, '\if', '\ifEx', 'true', 'false', '(', '{', '@', NOT, SEQARROW, '-', STRING_LITERAL, CHAR_LITERAL, BIN_LITERAL, HEX_LITERAL, IDENT, INT_LITERAL, FLOAT_LITERAL, DOUBLE_LITERAL, REAL_LITERAL}&#10;line 188:27 extraneous input '(' expecting {'\lemma', '}', IDENT, '/*!'}&#10;line 188:32 mismatched input '&amp;' expecting {'(', '{'}&#10;line 190:42 mismatched input '}' expecting {'(', '{'}&#10;line 191:39 mismatched input '}' expecting {'(', '{'}&#10;line 198:14 mismatched input '\ifExintVar' expecting {MODALITY, FORALL, EXISTS, '\if', '\ifEx', 'true', 'false', '(', '{', '@', NOT, SEQARROW, '-', STRING_LITERAL, CHAR_LITERAL, BIN_LITERAL, HEX_LITERAL, IDENT, INT_LITERAL, FLOAT_LITERAL, DOUBLE_LITERAL, REAL_LITERAL}&#10;line 198:27 extraneous input '(' expecting {'\lemma', '}', IDENT, '/*!'}&#10;line 198:32 mismatched input '&amp;' expecting {'(', '{'}&#10;line 200:42 mismatched input '}' expecting {'(', '{'}&#10;line 201:39 mismatched input '}' expecting {'(', '{'}&#10;line 208:14 mismatched input '\ifExintVar' expecting {MODALITY, FORALL, EXISTS, '\if', '\ifEx', 'true', 'false', '(', '{', '@', NOT, SEQARROW, '-', STRING_LITERAL, CHAR_LITERAL, BIN_LITERAL, HEX_LITERAL, IDENT, INT_LITERAL, FLOAT_LITERAL, DOUBLE_LITERAL, REAL_LITERAL}&#10;line 208:27 extraneous input '(' expecting {'\lemma', '}', IDENT, '/*!'}&#10;line 208:32 mismatched input '&amp;' expecting {'(', '{'}&#10;line 210:42 mismatched input '}' expecting {'(', '{'}&#10;line 211:39 mismatched input '}' expecting {'(', '{'}&#10;line 218:14 mismatched input '\ifExintVar' expecting {MODALITY, FORALL, EXISTS, '\if', '\ifEx', 'true', 'false', '(', '{', '@', NOT, SEQARROW, '-', STRING_LITERAL, CHAR_LITERAL, BIN_LITERAL, HEX_LITERAL, IDENT, INT_LITERAL, FLOAT_LITERAL, DOUBLE_LITERAL, REAL_LITERAL}&#10;line 218:27 extraneous input '(' expecting {'\lemma', '}', IDENT, '/*!'}&#10;line 218:31 mismatched input ')' expecting {'(', '{'}&#10;line 220:44 mismatched input ')' expecting {'(', '{'}&#10;line 225:14 mismatched input '\ifExintVar' expecting {MODALITY, FORALL, EXISTS, '\if', '\ifEx', 'true', 'false', '(', '{', '@', NOT, SEQARROW, '-', STRING_LITERAL, CHAR_LITERAL, BIN_LITERAL, HEX_LITERAL, IDENT, INT_LITERAL, FLOAT_LITERAL, DOUBLE_LITERAL, REAL_LITERAL}&#10;line 225:27 extraneous input '(' expecting {'\lemma', '}', IDENT, '/*!'}&#10;line 225:31 mismatched input ')' expecting {'(', '{'}&#10;line 227:44 mismatched input ')' expecting {'(', '{'}&#10;line 233:14 mismatched input '\ifExintVar' expecting {MODALITY, FORALL, EXISTS, '\if', '\ifEx', 'true', 'false', '(', '{', '@', NOT, SEQARROW, '-', STRING_LITERAL, CHAR_LITERAL, BIN_LITERAL, HEX_LITERAL, IDENT, INT_LITERAL, FLOAT_LITERAL, DOUBLE_LITERAL, REAL_LITERAL}&#10;line 233:27 extraneous input '(' expecting {'\lemma', '}', IDENT, '/*!'}&#10;line 233:31 mismatched input ')' expecting {'(', '{'}&#10;line 237:42 mismatched input '}' expecting {'(', '{'}&#10;line 238:34 mismatched input '}' expecting {'(', '{'}&#10;line 239:28 extraneous input '(' expecting {'\lemma', '}', IDENT, '/*!'}&#10;line 239:33 mismatched input '-&gt;' expecting {'(', '{'}&#10;line 240:8 extraneous input '\replacewith' expecting {'\lemma', '}', IDENT, '/*!'}&#10;line 240:25 mismatched input ')' expecting {'(', '{'}&#10;line 240:56 mismatched input ')' expecting {'(', '{'}&#10;line 245:14 mismatched input '\ifExintVar' expecting {MODALITY, FORALL, EXISTS, '\if', '\ifEx', 'true', 'false', '(', '{', '@', NOT, SEQARROW, '-', STRING_LITERAL, CHAR_LITERAL, BIN_LITERAL, HEX_LITERAL, IDENT, INT_LITERAL, FLOAT_LITERAL, DOUBLE_LITERAL, REAL_LITERAL}&#10;line 245:27 extraneous input '(' expecting {'\lemma', '}', IDENT, '/*!'}&#10;line 245:31 mismatched input ')' expecting {'(', '{'}&#10;line 248:45 mismatched input '}' expecting {'(', '{'}&#10;line 249:8 extraneous input '\replacewith' expecting {'\lemma', '}', IDENT, '/*!'}&#10;line 249:38 mismatched input ')' expecting {'(', '{'}&#10;line 250:42 mismatched input '}' expecting {'(', '{'}&#10;line 251:28 extraneous input '(' expecting {'\lemma', '}', IDENT, '/*!'}&#10;line 251:33 mismatched input '-&gt;' expecting {'(', '{'}&#10;line 255:14 mismatched input '\ifExintVar' expecting {MODALITY, FORALL, EXISTS, '\if', '\ifEx', 'true', 'false', '(', '{', '@', NOT, SEQARROW, '-', STRING_LITERAL, CHAR_LITERAL, BIN_LITERAL, HEX_LITERAL, IDENT, INT_LITERAL, FLOAT_LITERAL, DOUBLE_LITERAL, REAL_LITERAL}&#10;line 255:27 extraneous input '(' expecting {'\lemma', '}', IDENT, '/*!'}&#10;line 255:31 mismatched input ')' expecting {'(', '{'}&#10;line 258:52 extraneous input '0' expecting {'\lemma', '}', IDENT, '/*!'}&#10;line 258:54 mismatched input 'then' expecting {&lt;EOF&gt;, '\problem', '\chooseContract', '\proofObligation', '\proof'}&#10;)" type="de.uka.ilkd.key.proof.io.ProblemLoaderException">line 135:14 mismatched input '\ifExintVar' expecting {MODALITY, FORALL, EXISTS, '\if', '\ifEx', 'true', 'false', '(', '{', '@', NOT, SEQARROW, '-', STRING_LITERAL, CHAR_LITERAL, BIN_LITERAL, HEX_LITERAL, IDENT, INT_LITERAL, FLOAT_LITERAL, DOUBLE_LITERAL, REAL_LITERAL}
line 135:27 extraneous input '(' expecting {'\lemma', '}', IDENT, '/*!'}
line 135:44 mismatched input ')' expecting {'(', '{'}
line 141:14 mismatched input '\ifExintVar' expecting {MODALITY, FORALL, EXISTS, '\if', '\ifEx', 'true', 'false', '(', '{', '@', NOT, SEQARROW, '-', STRING_LITERAL, CHAR_LITERAL, BIN_LITERAL, HEX_LITERAL, IDENT, INT_LITERAL, FLOAT_LITERAL, DOUBLE_LITERAL, REAL_LITERAL}
line 141:27 extraneous input '(' expecting {'\lemma', '}', IDENT, '/*!'}
line 141:41 mismatched input ')' expecting {'(', '{'}
line 148:14 mismatched input '\ifExintVar' expecting {MODALITY, FORALL, EXISTS, '\if', '\ifEx', 'true', 'false', '(', '{', '@', NOT, SEQARROW, '-', STRING_LITERAL, CHAR_LITERAL, BIN_LITERAL, HEX_LITERAL, IDENT, INT_LITERAL, FLOAT_LITERAL, DOUBLE_LITERAL, REAL_LITERAL}
line 148:27 extraneous input '(' expecting {'\lemma', '}', IDENT, '/*!'}
line 148:35 mismatched input '=' expecting {'(', '{'}
line 150:38 mismatched input '}' expecting {'(', '{'}
line 155:14 mismatched input '\ifExintVar' expecting {MODALITY, FORALL, EXISTS, '\if', '\ifEx', 'true', 'false', '(', '{', '@', NOT, SEQARROW, '-', STRING_LITERAL, CHAR_LITERAL, BIN_LITERAL, HEX_LITERAL, IDENT, INT_LITERAL, FLOAT_LITERAL, DOUBLE_LITERAL, REAL_LITERAL}
line 155:27 extraneous input '(' expecting {'\lemma', '}', IDENT, '/*!'}
line 155:35 mismatched input '=' expecting {'(', '{'}
line 157:38 mismatched input '}' expecting {'(', '{'}
line 163:14 mismatched input '\ifExintVar' expecting {MODALITY, FORALL, EXISTS, '\if', '\ifEx', 'true', 'false', '(', '{', '@', NOT, SEQARROW, '-', STRING_LITERAL, CHAR_LITERAL, BIN_LITERAL, HEX_LITERAL, IDENT, INT_LITERAL, FLOAT_LITERAL, DOUBLE_LITERAL, REAL_LITERAL}
line 163:27 extraneous input '(' expecting {'\lemma', '}', IDENT, '/*!'}
line 163:30 mismatched input '=' expecting {'(', '{'}
line 165:38 mismatched input '}' expecting {'(', '{'}
line 171:14 mismatched input '\ifExintVar' expecting {MODALITY, FORALL, EXISTS, '\if', '\ifEx', 'true', 'false', '(', '{', '@', NOT, SEQARROW, '-', STRING_LITERAL, CHAR_LITERAL, BIN_LITERAL, HEX_LITERAL, IDENT, INT_LITERAL, FLOAT_LITERAL, DOUBLE_LITERAL, REAL_LITERAL}
line 171:27 extraneous input '(' expecting {'\lemma', '}', IDENT, '/*!'}
line 171:30 mismatched input '=' expecting {'(', '{'}
line 173:38 mismatched input '}' expecting {'(', '{'}
line 179:14 mismatched input '\ifExintVar' expecting {MODALITY, FORALL, EXISTS, '\if', '\ifEx', 'true', 'false', '(', '{', '@', NOT, SEQARROW, '-', STRING_LITERAL, CHAR_LITERAL, BIN_LITERAL, HEX_LITERAL, IDENT, INT_LITERAL, FLOAT_LITERAL, DOUBLE_LITERAL, REAL_LITERAL}
line 179:27 extraneous input '(' expecting {'\lemma', '}', IDENT, '/*!'}
line 179:32 mismatched input '&amp;' expecting {'(', '{'}
line 181:42 mismatched input '}' expecting {'(', '{'}
line 182:39 mismatched input '}' expecting {'(', '{'}
line 188:14 mismatched input '\ifExintVar' expecting {MODALITY, FORALL, EXISTS, '\if', '\ifEx', 'true', 'false', '(', '{', '@', NOT, SEQARROW, '-', STRING_LITERAL, CHAR_LITERAL, BIN_LITERAL, HEX_LITERAL, IDENT, INT_LITERAL, FLOAT_LITERAL, DOUBLE_LITERAL, REAL_LITERAL}
line 188:27 extraneous input '(' expecting {'\lemma', '}', IDENT, '/*!'}
line 188:32 mismatched input '&amp;' expecting {'(', '{'}
line 190:42 mismatched input '}' expecting {'(', '{'}
line 191:39 mismatched input '}' expecting {'(', '{'}
line 198:14 mismatched input '\ifExintVar' expecting {MODALITY, FORALL, EXISTS, '\if', '\ifEx', 'true', 'false', '(', '{', '@', NOT, SEQARROW, '-', STRING_LITERAL, CHAR_LITERAL, BIN_LITERAL, HEX_LITERAL, IDENT, INT_LITERAL, FLOAT_LITERAL, DOUBLE_LITERAL, REAL_LITERAL}
line 198:27 extraneous input '(' expecting {'\lemma', '}', IDENT, '/*!'}
line 198:32 mismatched input '&amp;' expecting {'(', '{'}
line 200:42 mismatched input '}' expecting {'(', '{'}
line 201:39 mismatched input '}' expecting {'(', '{'}
line 208:14 mismatched input '\ifExintVar' expecting {MODALITY, FORALL, EXISTS, '\if', '\ifEx', 'true', 'false', '(', '{', '@', NOT, SEQARROW, '-', STRING_LITERAL, CHAR_LITERAL, BIN_LITERAL, HEX_LITERAL, IDENT, INT_LITERAL, FLOAT_LITERAL, DOUBLE_LITERAL, REAL_LITERAL}
line 208:27 extraneous input '(' expecting {'\lemma', '}', IDENT, '/*!'}
line 208:32 mismatched input '&amp;' expecting {'(', '{'}
line 210:42 mismatched input '}' expecting {'(', '{'}
line 211:39 mismatched input '}' expecting {'(', '{'}
line 218:14 mismatched input '\ifExintVar' expecting {MODALITY, FORALL, EXISTS, '\if', '\ifEx', 'true', 'false', '(', '{', '@', NOT, SEQARROW, '-', STRING_LITERAL, CHAR_LITERAL, BIN_LITERAL, HEX_LITERAL, IDENT, INT_LITERAL, FLOAT_LITERAL, DOUBLE_LITERAL, REAL_LITERAL}
line 218:27 extraneous input '(' expecting {'\lemma', '}', IDENT, '/*!'}
line 218:31 mismatched input ')' expecting {'(', '{'}
line 220:44 mismatched input ')' expecting {'(', '{'}
line 225:14 mismatched input '\ifExintVar' expecting {MODALITY, FORALL, EXISTS, '\if', '\ifEx', 'true', 'false', '(', '{', '@', NOT, SEQARROW, '-', STRING_LITERAL, CHAR_LITERAL, BIN_LITERAL, HEX_LITERAL, IDENT, INT_LITERAL, FLOAT_LITERAL, DOUBLE_LITERAL, REAL_LITERAL}
line 225:27 extraneous input '(' expecting {'\lemma', '}', IDENT, '/*!'}
line 225:31 mismatched input ')' expecting {'(', '{'}
line 227:44 mismatched input ')' expecting {'(', '{'}
line 233:14 mismatched input '\ifExintVar' expecting {MODALITY, FORALL, EXISTS, '\if', '\ifEx', 'true', 'false', '(', '{', '@', NOT, SEQARROW, '-', STRING_LITERAL, CHAR_LITERAL, BIN_LITERAL, HEX_LITERAL, IDENT, INT_LITERAL, FLOAT_LITERAL, DOUBLE_LITERAL, REAL_LITERAL}
line 233:27 extraneous input '(' expecting {'\lemma', '}', IDENT, '/*!'}
line 233:31 mismatched input ')' expecting {'(', '{'}
line 237:42 mismatched input '}' expecting {'(', '{'}
line 238:34 mismatched input '}' expecting {'(', '{'}
line 239:28 extraneous input '(' expecting {'\lemma', '}', IDENT, '/*!'}
line 239:33 mismatched input '-&gt;' expecting {'(', '{'}
line 240:8 extraneous input '\replacewith' expecting {'\lemma', '}', IDENT, '/*!'}
line 240:25 mismatched input ')' expecting {'(', '{'}
line 240:56 mismatched input ')' expecting {'(', '{'}
line 245:14 mismatched input '\ifExintVar' expecting {MODALITY, FORALL, EXISTS, '\if', '\ifEx', 'true', 'false', '(', '{', '@', NOT, SEQARROW, '-', STRING_LITERAL, CHAR_LITERAL, BIN_LITERAL, HEX_LITERAL, IDENT, INT_LITERAL, FLOAT_LITERAL, DOUBLE_LITERAL, REAL_LITERAL}
line 245:27 extraneous input '(' expecting {'\lemma', '}', IDENT, '/*!'}
line 245:31 mismatched input ')' expecting {'(', '{'}
line 248:45 mismatched input '}' expecting {'(', '{'}
line 249:8 extraneous input '\replacewith' expecting {'\lemma', '}', IDENT, '/*!'}
line 249:38 mismatched input ')' expecting {'(', '{'}
line 250:42 mismatched input '}' expecting {'(', '{'}
line 251:28 extraneous input '(' expecting {'\lemma', '}', IDENT, '/*!'}
line 251:33 mismatched input '-&gt;' expecting {'(', '{'}
line 255:14 mismatched input '\ifExintVar' expecting {MODALITY, FORALL, EXISTS, '\if', '\ifEx', 'true', 'false', '(', '{', '@', NOT, SEQARROW, '-', STRING_LITERAL, CHAR_LITERAL, BIN_LITERAL, HEX_LITERAL, IDENT, INT_LITERAL, FLOAT_LITERAL, DOUBLE_LITERAL, REAL_LITERAL}
line 255:27 extraneous input '(' expecting {'\lemma', '}', IDENT, '/*!'}
line 255:31 mismatched input ')' expecting {'(', '{'}
line 258:52 extraneous input '0' expecting {'\lemma', '}', IDENT, '/*!'}
line 258:54 mismatched input 'then' expecting {&lt;EOF&gt;, '\problem', '\chooseContract', '\proofObligation', '\proof'}
 (file: src/test/resources/testcase/termLabels/flatSteps/FlatSteps.java; caused by: de.uka.ilkd.key.proof.init.ProofInputException: line 135:14 mismatched input '\ifExintVar' expecting {MODALITY, FORALL, EXISTS, '\if', '\ifEx', 'true', 'false', '(', '{', '@', NOT, SEQARROW, '-', STRING_LITERAL, CHAR_LITERAL, BIN_LITERAL, HEX_LITERAL, IDENT, INT_LITERAL, FLOAT_LITERAL, DOUBLE_LITERAL, REAL_LITERAL}
line 135:27 extraneous input '(' expecting {'\lemma', '}', IDENT, '/*!'}
line 135:44 mismatched input ')' expecting {'(', '{'}
line 141:14 mismatched input '\ifExintVar' expecting {MODALITY, FORALL, EXISTS, '\if', '\ifEx', 'true', 'false', '(', '{', '@', NOT, SEQARROW, '-', STRING_LITERAL, CHAR_LITERAL, BIN_LITERAL, HEX_LITERAL, IDENT, INT_LITERAL, FLOAT_LITERAL, DOUBLE_LITERAL, REAL_LITERAL}
line 141:27 extraneous input '(' expecting {'\lemma', '}', IDENT, '/*!'}
line 141:41 mismatched input ')' expecting {'(', '{'}
line 148:14 mismatched input '\ifExintVar' expecting {MODALITY, FORALL, EXISTS, '\if', '\ifEx', 'true', 'false', '(', '{', '@', NOT, SEQARROW, '-', STRING_LITERAL, CHAR_LITERAL, BIN_LITERAL, HEX_LITERAL, IDENT, INT_LITERAL, FLOAT_LITERAL, DOUBLE_LITERAL, REAL_LITERAL}
line 148:27 extraneous input '(' expecting {'\lemma', '}', IDENT, '/*!'}
line 148:35 mismatched input '=' expecting {'(', '{'}
line 150:38 mismatched input '}' expecting {'(', '{'}
line 155:14 mismatched input '\ifExintVar' expecting {MODALITY, FORALL, EXISTS, '\if', '\ifEx', 'true', 'false', '(', '{', '@', NOT, SEQARROW, '-', STRING_LITERAL, CHAR_LITERAL, BIN_LITERAL, HEX_LITERAL, IDENT, INT_LITERAL, FLOAT_LITERAL, DOUBLE_LITERAL, REAL_LITERAL}
line 155:27 extraneous input '(' expecting {'\lemma', '}', IDENT, '/*!'}
line 155:35 mismatched input '=' expecting {'(', '{'}
line 157:38 mismatched input '}' expecting {'(', '{'}
line 163:14 mismatched input '\ifExintVar' expecting {MODALITY, FORALL, EXISTS, '\if', '\ifEx', 'true', 'false', '(', '{', '@', NOT, SEQARROW, '-', STRING_LITERAL, CHAR_LITERAL, BIN_LITERAL, HEX_LITERAL, IDENT, INT_LITERAL, FLOAT_LITERAL, DOUBLE_LITERAL, REAL_LITERAL}
line 163:27 extraneous input '(' expecting {'\lemma', '}', IDENT, '/*!'}
line 163:30 mismatched input '=' expecting {'(', '{'}
line 165:38 mismatched input '}' expecting {'(', '{'}
line 171:14 mismatched input '\ifExintVar' expecting {MODALITY, FORALL, EXISTS, '\if', '\ifEx', 'true', 'false', '(', '{', '@', NOT, SEQARROW, '-', STRING_LITERAL, CHAR_LITERAL, BIN_LITERAL, HEX_LITERAL, IDENT, INT_LITERAL, FLOAT_LITERAL, DOUBLE_LITERAL, REAL_LITERAL}
line 171:27 extraneous input '(' expecting {'\lemma', '}', IDENT, '/*!'}
line 171:30 mismatched input '=' expecting {'(', '{'}
line 173:38 mismatched input '}' expecting {'(', '{'}
line 179:14 mismatched input '\ifExintVar' expecting {MODALITY, FORALL, EXISTS, '\if', '\ifEx', 'true', 'false', '(', '{', '@', NOT, SEQARROW, '-', STRING_LITERAL, CHAR_LITERAL, BIN_LITERAL, HEX_LITERAL, IDENT, INT_LITERAL, FLOAT_LITERAL, DOUBLE_LITERAL, REAL_LITERAL}
line 179:27 extraneous input '(' expecting {'\lemma', '}', IDENT, '/*!'}
line 179:32 mismatched input '&amp;' expecting {'(', '{'}
line 181:42 mismatched input '}' expecting {'(', '{'}
line 182:39 mismatched input '}' expecting {'(', '{'}
line 188:14 mismatched input '\ifExintVar' expecting {MODALITY, FORALL, EXISTS, '\if', '\ifEx', 'true', 'false', '(', '{', '@', NOT, SEQARROW, '-', STRING_LITERAL, CHAR_LITERAL, BIN_LITERAL, HEX_LITERAL, IDENT, INT_LITERAL, FLOAT_LITERAL, DOUBLE_LITERAL, REAL_LITERAL}
line 188:27 extraneous input '(' expecting {'\lemma', '}', IDENT, '/*!'}
line 188:32 mismatched input '&amp;' expecting {'(', '{'}
line 190:42 mismatched input '}' expecting {'(', '{'}
line 191:39 mismatched input '}' expecting {'(', '{'}
line 198:14 mismatched input '\ifExintVar' expecting {MODALITY, FORALL, EXISTS, '\if', '\ifEx', 'true', 'false', '(', '{', '@', NOT, SEQARROW, '-', STRING_LITERAL, CHAR_LITERAL, BIN_LITERAL, HEX_LITERAL, IDENT, INT_LITERAL, FLOAT_LITERAL, DOUBLE_LITERAL, REAL_LITERAL}
line 198:27 extraneous input '(' expecting {'\lemma', '}', IDENT, '/*!'}
line 198:32 mismatched input '&amp;' expecting {'(', '{'}
line 200:42 mismatched input '}' expecting {'(', '{'}
line 201:39 mismatched input '}' expecting {'(', '{'}
line 208:14 mismatched input '\ifExintVar' expecting {MODALITY, FORALL, EXISTS, '\if', '\ifEx', 'true', 'false', '(', '{', '@', NOT, SEQARROW, '-', STRING_LITERAL, CHAR_LITERAL, BIN_LITERAL, HEX_LITERAL, IDENT, INT_LITERAL, FLOAT_LITERAL, DOUBLE_LITERAL, REAL_LITERAL}
line 208:27 extraneous input '(' expecting {'\lemma', '}', IDENT, '/*!'}
line 208:32 mismatched input '&amp;' expecting {'(', '{'}
line 210:42 mismatched input '}' expecting {'(', '{'}
line 211:39 mismatched input '}' expecting {'(', '{'}
line 218:14 mismatched input '\ifExintVar' expecting {MODALITY, FORALL, EXISTS, '\if', '\ifEx', 'true', 'false', '(', '{', '@', NOT, SEQARROW, '-', STRING_LITERAL, CHAR_LITERAL, BIN_LITERAL, HEX_LITERAL, IDENT, INT_LITERAL, FLOAT_LITERAL, DOUBLE_LITERAL, REAL_LITERAL}
line 218:27 extraneous input '(' expecting {'\lemma', '}', IDENT, '/*!'}
line 218:31 mismatched input ')' expecting {'(', '{'}
line 220:44 mismatched input ')' expecting {'(', '{'}
line 225:14 mismatched input '\ifExintVar' expecting {MODALITY, FORALL, EXISTS, '\if', '\ifEx', 'true', 'false', '(', '{', '@', NOT, SEQARROW, '-', STRING_LITERAL, CHAR_LITERAL, BIN_LITERAL, HEX_LITERAL, IDENT, INT_LITERAL, FLOAT_LITERAL, DOUBLE_LITERAL, REAL_LITERAL}
line 225:27 extraneous input '(' expecting {'\lemma', '}', IDENT, '/*!'}
line 225:31 mismatched input ')' expecting {'(', '{'}
line 227:44 mismatched input ')' expecting {'(', '{'}
line 233:14 mismatched input '\ifExintVar' expecting {MODALITY, FORALL, EXISTS, '\if', '\ifEx', 'true', 'false', '(', '{', '@', NOT, SEQARROW, '-', STRING_LITERAL, CHAR_LITERAL, BIN_LITERAL, HEX_LITERAL, IDENT, INT_LITERAL, FLOAT_LITERAL, DOUBLE_LITERAL, REAL_LITERAL}
line 233:27 extraneous input '(' expecting {'\lemma', '}', IDENT, '/*!'}
line 233:31 mismatched input ')' expecting {'(', '{'}
line 237:42 mismatched input '}' expecting {'(', '{'}
line 238:34 mismatched input '}' expecting {'(', '{'}
line 239:28 extraneous input '(' expecting {'\lemma', '}', IDENT, '/*!'}
line 239:33 mismatched input '-&gt;' expecting {'(', '{'}
line 240:8 extraneous input '\replacewith' expecting {'\lemma', '}', IDENT, '/*!'}
line 240:25 mismatched input ')' expecting {'(', '{'}
line 240:56 mismatched input ')' expecting {'(', '{'}
line 245:14 mismatched input '\ifExintVar' expecting {MODALITY, FORALL, EXISTS, '\if', '\ifEx', 'true', 'false', '(', '{', '@', NOT, SEQARROW, '-', STRING_LITERAL, CHAR_LITERAL, BIN_LITERAL, HEX_LITERAL, IDENT, INT_LITERAL, FLOAT_LITERAL, DOUBLE_LITERAL, REAL_LITERAL}
line 245:27 extraneous input '(' expecting {'\lemma', '}', IDENT, '/*!'}
line 245:31 mismatched input ')' expecting {'(', '{'}
line 248:45 mismatched input '}' expecting {'(', '{'}
line 249:8 extraneous input '\replacewith' expecting {'\lemma', '}', IDENT, '/*!'}
line 249:38 mismatched input ')' expecting {'(', '{'}
line 250:42 mismatched input '}' expecting {'(', '{'}
line 251:28 extraneous input '(' expecting {'\lemma', '}', IDENT, '/*!'}
line 251:33 mismatched input '-&gt;' expecting {'(', '{'}
line 255:14 mismatched input '\ifExintVar' expecting {MODALITY, FORALL, EXISTS, '\if', '\ifEx', 'true', 'false', '(', '{', '@', NOT, SEQARROW, '-', STRING_LITERAL, CHAR_LITERAL, BIN_LITERAL, HEX_LITERAL, IDENT, INT_LITERAL, FLOAT_LITERAL, DOUBLE_LITERAL, REAL_LITERAL}
line 255:27 extraneous input '(' expecting {'\lemma', '}', IDENT, '/*!'}
line 255:31 mismatched input ')' expecting {'(', '{'}
line 258:52 extraneous input '0' expecting {'\lemma', '}', IDENT, '/*!'}
line 258:54 mismatched input 'then' expecting {&lt;EOF&gt;, '\problem', '\chooseContract', '\proofObligation', '\proof'}
)
	at app//de.uka.ilkd.key.control.AbstractUserInterfaceControl.load(AbstractUserInterfaceControl.java:221)
	at app//de.uka.ilkd.key.control.KeYEnvironment.load(KeYEnvironment.java:251)
	at app//de.uka.ilkd.key.control.KeYEnvironment.load(KeYEnvironment.java:224)
	at app//de.uka.ilkd.key.control.KeYEnvironment.load(KeYEnvironment.java:184)
	at app//de.uka.ilkd.key.logic.TestTermLabelManager.createTestServices(TestTermLabelManager.java:624)
	at app//de.uka.ilkd.key.logic.TestTermLabelManager.doRefactoringTestLogging(TestTermLabelManager.java:106)
	at app//de.uka.ilkd.key.logic.TestTermLabelManager.testrefactorGoal_sequent_allRules(TestTermLabelManager.java:91)
	at java.base@11.0.18/jdk.internal.reflect.NativeMethodAccessorImpl.invoke0(Native Method)
	at java.base@11.0.18/jdk.internal.reflect.NativeMethodAccessorImpl.invoke(NativeMethodAccessorImpl.java:62)
	at java.base@11.0.18/jdk.internal.reflect.DelegatingMethodAccessorImpl.invoke(DelegatingMethodAccessorImpl.java:43)
	at java.base@11.0.18/java.lang.reflect.Method.invoke(Method.java:566)
	at app//org.junit.platform.commons.util.ReflectionUtils.invokeMethod(ReflectionUtils.java:725)
	at app//org.junit.jupiter.engine.execution.MethodInvocation.proceed(MethodInvocation.java:60)
	at app//org.junit.jupiter.engine.execution.InvocationInterceptorChain$ValidatingInvocation.proceed(InvocationInterceptorChain.java:131)
	at app//org.junit.jupiter.engine.extension.TimeoutExtension.intercept(TimeoutExtension.java:149)
	at app//org.junit.jupiter.engine.extension.TimeoutExtension.interceptTestableMethod(TimeoutExtension.java:140)
	at app//org.junit.jupiter.engine.extension.TimeoutExtension.interceptTestMethod(TimeoutExtension.java:84)
	at app//org.junit.jupiter.engine.execution.ExecutableInvoker$ReflectiveInterceptorCall.lambda$ofVoidMethod$0(ExecutableInvoker.java:115)
	at app//org.junit.jupiter.engine.execution.ExecutableInvoker.lambda$invoke$0(ExecutableInvoker.java:105)
	at app//org.junit.jupiter.engine.execution.InvocationInterceptorChain$InterceptedInvocation.proceed(InvocationInterceptorChain.java:106)
	at app//org.junit.jupiter.engine.execution.InvocationInterceptorChain.proceed(InvocationInterceptorChain.java:64)
	at app//org.junit.jupiter.engine.execution.InvocationInterceptorChain.chainAndInvoke(InvocationInterceptorChain.java:45)
	at app//org.junit.jupiter.engine.execution.InvocationInterceptorChain.invoke(InvocationInterceptorChain.java:37)
	at app//org.junit.jupiter.engine.execution.ExecutableInvoker.invoke(ExecutableInvoker.java:104)
	at app//org.junit.jupiter.engine.execution.ExecutableInvoker.invoke(ExecutableInvoker.java:98)
	at app//org.junit.jupiter.engine.descriptor.TestMethodTestDescriptor.lambda$invokeTestMethod$7(TestMethodTestDescriptor.java:214)
	at app//org.junit.platform.engine.support.hierarchical.ThrowableCollector.execute(ThrowableCollector.java:73)
	at app//org.junit.jupiter.engine.descriptor.TestMethodTestDescriptor.invokeTestMethod(TestMethodTestDescriptor.java:210)
	at app//org.junit.jupiter.engine.descriptor.TestMethodTestDescriptor.execute(TestMethodTestDescriptor.java:135)
	at app//org.junit.jupiter.engine.descriptor.TestMethodTestDescriptor.execute(TestMethodTestDescriptor.java:66)
	at app//org.junit.platform.engine.support.hierarchical.NodeTestTask.lambda$executeRecursively$6(NodeTestTask.java:151)
	at app//org.junit.platform.engine.support.hierarchical.ThrowableCollector.execute(ThrowableCollector.java:73)
	at app//org.junit.platform.engine.support.hierarchical.NodeTestTask.lambda$executeRecursively$8(NodeTestTask.java:141)
	at app//org.junit.platform.engine.support.hierarchical.Node.around(Node.java:137)
	at app//org.junit.platform.engine.support.hierarchical.NodeTestTask.lambda$executeRecursively$9(NodeTestTask.java:139)
	at app//org.junit.platform.engine.support.hierarchical.ThrowableCollector.execute(ThrowableCollector.java:73)
	at app//org.junit.platform.engine.support.hierarchical.NodeTestTask.executeRecursively(NodeTestTask.java:138)
	at app//org.junit.platform.engine.support.hierarchical.NodeTestTask.execute(NodeTestTask.java:95)
	at java.base@11.0.18/java.util.ArrayList.forEach(ArrayList.java:1541)
	at app//org.junit.platform.engine.support.hierarchical.SameThreadHierarchicalTestExecutorService.invokeAll(SameThreadHierarchicalTestExecutorService.java:41)
	at app//org.junit.platform.engine.support.hierarchical.NodeTestTask.lambda$executeRecursively$6(NodeTestTask.java:155)
	at app//org.junit.platform.engine.support.hierarchical.ThrowableCollector.execute(ThrowableCollector.java:73)
	at app//org.junit.platform.engine.support.hierarchical.NodeTestTask.lambda$executeRecursively$8(NodeTestTask.java:141)
	at app//org.junit.platform.engine.support.hierarchical.Node.around(Node.java:137)
	at app//org.junit.platform.engine.support.hierarchical.NodeTestTask.lambda$executeRecursively$9(NodeTestTask.java:139)
	at app//org.junit.platform.engine.support.hierarchical.ThrowableCollector.execute(ThrowableCollector.java:73)
	at app//org.junit.platform.engine.support.hierarchical.NodeTestTask.executeRecursively(NodeTestTask.java:138)
	at app//org.junit.platform.engine.support.hierarchical.NodeTestTask.execute(NodeTestTask.java:95)
	at java.base@11.0.18/java.util.ArrayList.forEach(ArrayList.java:1541)
	at app//org.junit.platform.engine.support.hierarchical.SameThreadHierarchicalTestExecutorService.invokeAll(SameThreadHierarchicalTestExecutorService.java:41)
	at app//org.junit.platform.engine.support.hierarchical.NodeTestTask.lambda$executeRecursively$6(NodeTestTask.java:155)
	at app//org.junit.platform.engine.support.hierarchical.ThrowableCollector.execute(ThrowableCollector.java:73)
	at app//org.junit.platform.engine.support.hierarchical.NodeTestTask.lambda$executeRecursively$8(NodeTestTask.java:141)
	at app//org.junit.platform.engine.support.hierarchical.Node.around(Node.java:137)
	at app//org.junit.platform.engine.support.hierarchical.NodeTestTask.lambda$executeRecursively$9(NodeTestTask.java:139)
	at app//org.junit.platform.engine.support.hierarchical.ThrowableCollector.execute(ThrowableCollector.java:73)
	at app//org.junit.platform.engine.support.hierarchical.NodeTestTask.executeRecursively(NodeTestTask.java:138)
	at app//org.junit.platform.engine.support.hierarchical.NodeTestTask.execute(NodeTestTask.java:95)
	at app//org.junit.platform.engine.support.hierarchical.SameThreadHierarchicalTestExecutorService.submit(SameThreadHierarchicalTestExecutorService.java:35)
	at app//org.junit.platform.engine.support.hierarchical.HierarchicalTestExecutor.execute(HierarchicalTestExecutor.java:57)
	at app//org.junit.platform.engine.support.hierarchical.HierarchicalTestEngine.execute(HierarchicalTestEngine.java:54)
	at org.junit.platform.launcher.core.EngineExecutionOrchestrator.execute(EngineExecutionOrchestrator.java:107)
	at org.junit.platform.launcher.core.EngineExecutionOrchestrator.execute(EngineExecutionOrchestrator.java:88)
	at org.junit.platform.launcher.core.EngineExecutionOrchestrator.lambda$execute$0(EngineExecutionOrchestrator.java:54)
	at org.junit.platform.launcher.core.EngineExecutionOrchestrator.withInterceptedStreams(EngineExecutionOrchestrator.java:67)
	at org.junit.platform.launcher.core.EngineExecutionOrchestrator.execute(EngineExecutionOrchestrator.java:52)
	at org.junit.platform.launcher.core.DefaultLauncher.execute(DefaultLauncher.java:114)
	at org.junit.platform.launcher.core.DefaultLauncher.execute(DefaultLauncher.java:86)
	at org.junit.platform.launcher.core.DefaultLauncherSession$DelegatingLauncher.execute(DefaultLauncherSession.java:86)
	at org.junit.platform.launcher.core.SessionPerRequestLauncher.execute(SessionPerRequestLauncher.java:53)
	at org.gradle.api.internal.tasks.testing.junitplatform.JUnitPlatformTestClassProcessor$CollectAllTestClassesExecutor.processAllTestClasses(JUnitPlatformTestClassProcessor.java:99)
	at org.gradle.api.internal.tasks.testing.junitplatform.JUnitPlatformTestClassProcessor$CollectAllTestClassesExecutor.access$000(JUnitPlatformTestClassProcessor.java:79)
	at org.gradle.api.internal.tasks.testing.junitplatform.JUnitPlatformTestClassProcessor.stop(JUnitPlatformTestClassProcessor.java:75)
	at org.gradle.api.internal.tasks.testing.SuiteTestClassProcessor.stop(SuiteTestClassProcessor.java:62)
	at java.base@11.0.18/jdk.internal.reflect.NativeMethodAccessorImpl.invoke0(Native Method)
	at java.base@11.0.18/jdk.internal.reflect.NativeMethodAccessorImpl.invoke(NativeMethodAccessorImpl.java:62)
	at java.base@11.0.18/jdk.internal.reflect.DelegatingMethodAccessorImpl.invoke(DelegatingMethodAccessorImpl.java:43)
	at java.base@11.0.18/java.lang.reflect.Method.invoke(Method.java:566)
	at org.gradle.internal.dispatch.ReflectionDispatch.dispatch(ReflectionDispatch.java:36)
	at org.gradle.internal.dispatch.ReflectionDispatch.dispatch(ReflectionDispatch.java:24)
	at org.gradle.internal.dispatch.ContextClassLoaderDispatch.dispatch(ContextClassLoaderDispatch.java:33)
	at org.gradle.internal.dispatch.ProxyDispatchAdapter$DispatchingInvocationHandler.invoke(ProxyDispatchAdapter.java:94)
	at com.sun.proxy.$Proxy2.stop(Unknown Source)
	at org.gradle.api.internal.tasks.testing.worker.TestWorker$3.run(TestWorker.java:193)
	at org.gradle.api.internal.tasks.testing.worker.TestWorker.executeAndMaintainThreadName(TestWorker.java:129)
	at org.gradle.api.internal.tasks.testing.worker.TestWorker.execute(TestWorker.java:100)
	at org.gradle.api.internal.tasks.testing.worker.TestWorker.execute(TestWorker.java:60)
	at org.gradle.process.internal.worker.child.ActionExecutionWorker.execute(ActionExecutionWorker.java:56)
	at org.gradle.process.internal.worker.child.SystemApplicationClassLoaderWorker.call(SystemApplicationClassLoaderWorker.java:113)
	at org.gradle.process.internal.worker.child.SystemApplicationClassLoaderWorker.call(SystemApplicationClassLoaderWorker.java:65)
	at app//worker.org.gradle.process.internal.worker.GradleWorkerMain.run(GradleWorkerMain.java:69)
	at app//worker.org.gradle.process.internal.worker.GradleWorkerMain.main(GradleWorkerMain.java:74)
Caused by: de.uka.ilkd.key.proof.init.ProofInputException: line 135:14 mismatched input '\ifExintVar' expecting {MODALITY, FORALL, EXISTS, '\if', '\ifEx', 'true', 'false', '(', '{', '@', NOT, SEQARROW, '-', STRING_LITERAL, CHAR_LITERAL, BIN_LITERAL, HEX_LITERAL, IDENT, INT_LITERAL, FLOAT_LITERAL, DOUBLE_LITERAL, REAL_LITERAL}
line 135:27 extraneous input '(' expecting {'\lemma', '}', IDENT, '/*!'}
line 135:44 mismatched input ')' expecting {'(', '{'}
line 141:14 mismatched input '\ifExintVar' expecting {MODALITY, FORALL, EXISTS, '\if', '\ifEx', 'true', 'false', '(', '{', '@', NOT, SEQARROW, '-', STRING_LITERAL, CHAR_LITERAL, BIN_LITERAL, HEX_LITERAL, IDENT, INT_LITERAL, FLOAT_LITERAL, DOUBLE_LITERAL, REAL_LITERAL}
line 141:27 extraneous input '(' expecting {'\lemma', '}', IDENT, '/*!'}
line 141:41 mismatched input ')' expecting {'(', '{'}
line 148:14 mismatched input '\ifExintVar' expecting {MODALITY, FORALL, EXISTS, '\if', '\ifEx', 'true', 'false', '(', '{', '@', NOT, SEQARROW, '-', STRING_LITERAL, CHAR_LITERAL, BIN_LITERAL, HEX_LITERAL, IDENT, INT_LITERAL, FLOAT_LITERAL, DOUBLE_LITERAL, REAL_LITERAL}
line 148:27 extraneous input '(' expecting {'\lemma', '}', IDENT, '/*!'}
line 148:35 mismatched input '=' expecting {'(', '{'}
line 150:38 mismatched input '}' expecting {'(', '{'}
line 155:14 mismatched input '\ifExintVar' expecting {MODALITY, FORALL, EXISTS, '\if', '\ifEx', 'true', 'false', '(', '{', '@', NOT, SEQARROW, '-', STRING_LITERAL, CHAR_LITERAL, BIN_LITERAL, HEX_LITERAL, IDENT, INT_LITERAL, FLOAT_LITERAL, DOUBLE_LITERAL, REAL_LITERAL}
line 155:27 extraneous input '(' expecting {'\lemma', '}', IDENT, '/*!'}
line 155:35 mismatched input '=' expecting {'(', '{'}
line 157:38 mismatched input '}' expecting {'(', '{'}
line 163:14 mismatched input '\ifExintVar' expecting {MODALITY, FORALL, EXISTS, '\if', '\ifEx', 'true', 'false', '(', '{', '@', NOT, SEQARROW, '-', STRING_LITERAL, CHAR_LITERAL, BIN_LITERAL, HEX_LITERAL, IDENT, INT_LITERAL, FLOAT_LITERAL, DOUBLE_LITERAL, REAL_LITERAL}
line 163:27 extraneous input '(' expecting {'\lemma', '}', IDENT, '/*!'}
line 163:30 mismatched input '=' expecting {'(', '{'}
line 165:38 mismatched input '}' expecting {'(', '{'}
line 171:14 mismatched input '\ifExintVar' expecting {MODALITY, FORALL, EXISTS, '\if', '\ifEx', 'true', 'false', '(', '{', '@', NOT, SEQARROW, '-', STRING_LITERAL, CHAR_LITERAL, BIN_LITERAL, HEX_LITERAL, IDENT, INT_LITERAL, FLOAT_LITERAL, DOUBLE_LITERAL, REAL_LITERAL}
line 171:27 extraneous input '(' expecting {'\lemma', '}', IDENT, '/*!'}
line 171:30 mismatched input '=' expecting {'(', '{'}
line 173:38 mismatched input '}' expecting {'(', '{'}
line 179:14 mismatched input '\ifExintVar' expecting {MODALITY, FORALL, EXISTS, '\if', '\ifEx', 'true', 'false', '(', '{', '@', NOT, SEQARROW, '-', STRING_LITERAL, CHAR_LITERAL, BIN_LITERAL, HEX_LITERAL, IDENT, INT_LITERAL, FLOAT_LITERAL, DOUBLE_LITERAL, REAL_LITERAL}
line 179:27 extraneous input '(' expecting {'\lemma', '}', IDENT, '/*!'}
line 179:32 mismatched input '&amp;' expecting {'(', '{'}
line 181:42 mismatched input '}' expecting {'(', '{'}
line 182:39 mismatched input '}' expecting {'(', '{'}
line 188:14 mismatched input '\ifExintVar' expecting {MODALITY, FORALL, EXISTS, '\if', '\ifEx', 'true', 'false', '(', '{', '@', NOT, SEQARROW, '-', STRING_LITERAL, CHAR_LITERAL, BIN_LITERAL, HEX_LITERAL, IDENT, INT_LITERAL, FLOAT_LITERAL, DOUBLE_LITERAL, REAL_LITERAL}
line 188:27 extraneous input '(' expecting {'\lemma', '}', IDENT, '/*!'}
line 188:32 mismatched input '&amp;' expecting {'(', '{'}
line 190:42 mismatched input '}' expecting {'(', '{'}
line 191:39 mismatched input '}' expecting {'(', '{'}
line 198:14 mismatched input '\ifExintVar' expecting {MODALITY, FORALL, EXISTS, '\if', '\ifEx', 'true', 'false', '(', '{', '@', NOT, SEQARROW, '-', STRING_LITERAL, CHAR_LITERAL, BIN_LITERAL, HEX_LITERAL, IDENT, INT_LITERAL, FLOAT_LITERAL, DOUBLE_LITERAL, REAL_LITERAL}
line 198:27 extraneous input '(' expecting {'\lemma', '}', IDENT, '/*!'}
line 198:32 mismatched input '&amp;' expecting {'(', '{'}
line 200:42 mismatched input '}' expecting {'(', '{'}
line 201:39 mismatched input '}' expecting {'(', '{'}
line 208:14 mismatched input '\ifExintVar' expecting {MODALITY, FORALL, EXISTS, '\if', '\ifEx', 'true', 'false', '(', '{', '@', NOT, SEQARROW, '-', STRING_LITERAL, CHAR_LITERAL, BIN_LITERAL, HEX_LITERAL, IDENT, INT_LITERAL, FLOAT_LITERAL, DOUBLE_LITERAL, REAL_LITERAL}
line 208:27 extraneous input '(' expecting {'\lemma', '}', IDENT, '/*!'}
line 208:32 mismatched input '&amp;' expecting {'(', '{'}
line 210:42 mismatched input '}' expecting {'(', '{'}
line 211:39 mismatched input '}' expecting {'(', '{'}
line 218:14 mismatched input '\ifExintVar' expecting {MODALITY, FORALL, EXISTS, '\if', '\ifEx', 'true', 'false', '(', '{', '@', NOT, SEQARROW, '-', STRING_LITERAL, CHAR_LITERAL, BIN_LITERAL, HEX_LITERAL, IDENT, INT_LITERAL, FLOAT_LITERAL, DOUBLE_LITERAL, REAL_LITERAL}
line 218:27 extraneous input '(' expecting {'\lemma', '}', IDENT, '/*!'}
line 218:31 mismatched input ')' expecting {'(', '{'}
line 220:44 mismatched input ')' expecting {'(', '{'}
line 225:14 mismatched input '\ifExintVar' expecting {MODALITY, FORALL, EXISTS, '\if', '\ifEx', 'true', 'false', '(', '{', '@', NOT, SEQARROW, '-', STRING_LITERAL, CHAR_LITERAL, BIN_LITERAL, HEX_LITERAL, IDENT, INT_LITERAL, FLOAT_LITERAL, DOUBLE_LITERAL, REAL_LITERAL}
line 225:27 extraneous input '(' expecting {'\lemma', '}', IDENT, '/*!'}
line 225:31 mismatched input ')' expecting {'(', '{'}
line 227:44 mismatched input ')' expecting {'(', '{'}
line 233:14 mismatched input '\ifExintVar' expecting {MODALITY, FORALL, EXISTS, '\if', '\ifEx', 'true', 'false', '(', '{', '@', NOT, SEQARROW, '-', STRING_LITERAL, CHAR_LITERAL, BIN_LITERAL, HEX_LITERAL, IDENT, INT_LITERAL, FLOAT_LITERAL, DOUBLE_LITERAL, REAL_LITERAL}
line 233:27 extraneous input '(' expecting {'\lemma', '}', IDENT, '/*!'}
line 233:31 mismatched input ')' expecting {'(', '{'}
line 237:42 mismatched input '}' expecting {'(', '{'}
line 238:34 mismatched input '}' expecting {'(', '{'}
line 239:28 extraneous input '(' expecting {'\lemma', '}', IDENT, '/*!'}
line 239:33 mismatched input '-&gt;' expecting {'(', '{'}
line 240:8 extraneous input '\replacewith' expecting {'\lemma', '}', IDENT, '/*!'}
line 240:25 mismatched input ')' expecting {'(', '{'}
line 240:56 mismatched input ')' expecting {'(', '{'}
line 245:14 mismatched input '\ifExintVar' expecting {MODALITY, FORALL, EXISTS, '\if', '\ifEx', 'true', 'false', '(', '{', '@', NOT, SEQARROW, '-', STRING_LITERAL, CHAR_LITERAL, BIN_LITERAL, HEX_LITERAL, IDENT, INT_LITERAL, FLOAT_LITERAL, DOUBLE_LITERAL, REAL_LITERAL}
line 245:27 extraneous input '(' expecting {'\lemma', '}', IDENT, '/*!'}
line 245:31 mismatched input ')' expecting {'(', '{'}
line 248:45 mismatched input '}' expecting {'(', '{'}
line 249:8 extraneous input '\replacewith' expecting {'\lemma', '}', IDENT, '/*!'}
line 249:38 mismatched input ')' expecting {'(', '{'}
line 250:42 mismatched input '}' expecting {'(', '{'}
line 251:28 extraneous input '(' expecting {'\lemma', '}', IDENT, '/*!'}
line 251:33 mismatched input '-&gt;' expecting {'(', '{'}
line 255:14 mismatched input '\ifExintVar' expecting {MODALITY, FORALL, EXISTS, '\if', '\ifEx', 'true', 'false', '(', '{', '@', NOT, SEQARROW, '-', STRING_LITERAL, CHAR_LITERAL, BIN_LITERAL, HEX_LITERAL, IDENT, INT_LITERAL, FLOAT_LITERAL, DOUBLE_LITERAL, REAL_LITERAL}
line 255:27 extraneous input '(' expecting {'\lemma', '}', IDENT, '/*!'}
line 255:31 mismatched input ')' expecting {'(', '{'}
line 258:52 extraneous input '0' expecting {'\lemma', '}', IDENT, '/*!'}
line 258:54 mismatched input 'then' expecting {&lt;EOF&gt;, '\problem', '\chooseContract', '\proofObligation', '\proof'}

	at app//de.uka.ilkd.key.proof.io.KeYFile.readIncludes(KeYFile.java:210)
	at app//de.uka.ilkd.key.proof.init.ProblemInitializer.readIncludes(ProblemInitializer.java:177)
	at app//de.uka.ilkd.key.proof.init.ProblemInitializer.readEnvInput(ProblemInitializer.java:325)
	at app//de.uka.ilkd.key.proof.init.ProblemInitializer.readIncludes(ProblemInitializer.java:188)
	at app//de.uka.ilkd.key.proof.init.ProblemInitializer.readEnvInput(ProblemInitializer.java:325)
	at app//de.uka.ilkd.key.proof.init.ProblemInitializer.prepare(ProblemInitializer.java:449)
	at app//de.uka.ilkd.key.proof.io.AbstractProblemLoader.createInitConfig(AbstractProblemLoader.java:518)
	at app//de.uka.ilkd.key.proof.io.AbstractProblemLoader.loadEnvironment(AbstractProblemLoader.java:288)
	at app//de.uka.ilkd.key.proof.io.AbstractProblemLoader.load(AbstractProblemLoader.java:252)
	at app//de.uka.ilkd.key.control.AbstractUserInterfaceControl.load(AbstractUserInterfaceControl.java:209)
	... 91 more
Caused by: de.uka.ilkd.key.util.parsing.SyntaxErrorReporter$ParserException: line 135:14 mismatched input '\ifExintVar' expecting {MODALITY, FORALL, EXISTS, '\if', '\ifEx', 'true', 'false', '(', '{', '@', NOT, SEQARROW, '-', STRING_LITERAL, CHAR_LITERAL, BIN_LITERAL, HEX_LITERAL, IDENT, INT_LITERAL, FLOAT_LITERAL, DOUBLE_LITERAL, REAL_LITERAL}
line 135:27 extraneous input '(' expecting {'\lemma', '}', IDENT, '/*!'}
line 135:44 mismatched input ')' expecting {'(', '{'}
line 141:14 mismatched input '\ifExintVar' expecting {MODALITY, FORALL, EXISTS, '\if', '\ifEx', 'true', 'false', '(', '{', '@', NOT, SEQARROW, '-', STRING_LITERAL, CHAR_LITERAL, BIN_LITERAL, HEX_LITERAL, IDENT, INT_LITERAL, FLOAT_LITERAL, DOUBLE_LITERAL, REAL_LITERAL}
line 141:27 extraneous input '(' expecting {'\lemma', '}', IDENT, '/*!'}
line 141:41 mismatched input ')' expecting {'(', '{'}
line 148:14 mismatched input '\ifExintVar' expecting {MODALITY, FORALL, EXISTS, '\if', '\ifEx', 'true', 'false', '(', '{', '@', NOT, SEQARROW, '-', STRING_LITERAL, CHAR_LITERAL, BIN_LITERAL, HEX_LITERAL, IDENT, INT_LITERAL, FLOAT_LITERAL, DOUBLE_LITERAL, REAL_LITERAL}
line 148:27 extraneous input '(' expecting {'\lemma', '}', IDENT, '/*!'}
line 148:35 mismatched input '=' expecting {'(', '{'}
line 150:38 mismatched input '}' expecting {'(', '{'}
line 155:14 mismatched input '\ifExintVar' expecting {MODALITY, FORALL, EXISTS, '\if', '\ifEx', 'true', 'false', '(', '{', '@', NOT, SEQARROW, '-', STRING_LITERAL, CHAR_LITERAL, BIN_LITERAL, HEX_LITERAL, IDENT, INT_LITERAL, FLOAT_LITERAL, DOUBLE_LITERAL, REAL_LITERAL}
line 155:27 extraneous input '(' expecting {'\lemma', '}', IDENT, '/*!'}
line 155:35 mismatched input '=' expecting {'(', '{'}
line 157:38 mismatched input '}' expecting {'(', '{'}
line 163:14 mismatched input '\ifExintVar' expecting {MODALITY, FORALL, EXISTS, '\if', '\ifEx', 'true', 'false', '(', '{', '@', NOT, SEQARROW, '-', STRING_LITERAL, CHAR_LITERAL, BIN_LITERAL, HEX_LITERAL, IDENT, INT_LITERAL, FLOAT_LITERAL, DOUBLE_LITERAL, REAL_LITERAL}
line 163:27 extraneous input '(' expecting {'\lemma', '}', IDENT, '/*!'}
line 163:30 mismatched input '=' expecting {'(', '{'}
line 165:38 mismatched input '}' expecting {'(', '{'}
line 171:14 mismatched input '\ifExintVar' expecting {MODALITY, FORALL, EXISTS, '\if', '\ifEx', 'true', 'false', '(', '{', '@', NOT, SEQARROW, '-', STRING_LITERAL, CHAR_LITERAL, BIN_LITERAL, HEX_LITERAL, IDENT, INT_LITERAL, FLOAT_LITERAL, DOUBLE_LITERAL, REAL_LITERAL}
line 171:27 extraneous input '(' expecting {'\lemma', '}', IDENT, '/*!'}
line 171:30 mismatched input '=' expecting {'(', '{'}
line 173:38 mismatched input '}' expecting {'(', '{'}
line 179:14 mismatched input '\ifExintVar' expecting {MODALITY, FORALL, EXISTS, '\if', '\ifEx', 'true', 'false', '(', '{', '@', NOT, SEQARROW, '-', STRING_LITERAL, CHAR_LITERAL, BIN_LITERAL, HEX_LITERAL, IDENT, INT_LITERAL, FLOAT_LITERAL, DOUBLE_LITERAL, REAL_LITERAL}
line 179:27 extraneous input '(' expecting {'\lemma', '}', IDENT, '/*!'}
line 179:32 mismatched input '&amp;' expecting {'(', '{'}
line 181:42 mismatched input '}' expecting {'(', '{'}
line 182:39 mismatched input '}' expecting {'(', '{'}
line 188:14 mismatched input '\ifExintVar' expecting {MODALITY, FORALL, EXISTS, '\if', '\ifEx', 'true', 'false', '(', '{', '@', NOT, SEQARROW, '-', STRING_LITERAL, CHAR_LITERAL, BIN_LITERAL, HEX_LITERAL, IDENT, INT_LITERAL, FLOAT_LITERAL, DOUBLE_LITERAL, REAL_LITERAL}
line 188:27 extraneous input '(' expecting {'\lemma', '}', IDENT, '/*!'}
line 188:32 mismatched input '&amp;' expecting {'(', '{'}
line 190:42 mismatched input '}' expecting {'(', '{'}
line 191:39 mismatched input '}' expecting {'(', '{'}
line 198:14 mismatched input '\ifExintVar' expecting {MODALITY, FORALL, EXISTS, '\if', '\ifEx', 'true', 'false', '(', '{', '@', NOT, SEQARROW, '-', STRING_LITERAL, CHAR_LITERAL, BIN_LITERAL, HEX_LITERAL, IDENT, INT_LITERAL, FLOAT_LITERAL, DOUBLE_LITERAL, REAL_LITERAL}
line 198:27 extraneous input '(' expecting {'\lemma', '}', IDENT, '/*!'}
line 198:32 mismatched input '&amp;' expecting {'(', '{'}
line 200:42 mismatched input '}' expecting {'(', '{'}
line 201:39 mismatched input '}' expecting {'(', '{'}
line 208:14 mismatched input '\ifExintVar' expecting {MODALITY, FORALL, EXISTS, '\if', '\ifEx', 'true', 'false', '(', '{', '@', NOT, SEQARROW, '-', STRING_LITERAL, CHAR_LITERAL, BIN_LITERAL, HEX_LITERAL, IDENT, INT_LITERAL, FLOAT_LITERAL, DOUBLE_LITERAL, REAL_LITERAL}
line 208:27 extraneous input '(' expecting {'\lemma', '}', IDENT, '/*!'}
line 208:32 mismatched input '&amp;' expecting {'(', '{'}
line 210:42 mismatched input '}' expecting {'(', '{'}
line 211:39 mismatched input '}' expecting {'(', '{'}
line 218:14 mismatched input '\ifExintVar' expecting {MODALITY, FORALL, EXISTS, '\if', '\ifEx', 'true', 'false', '(', '{', '@', NOT, SEQARROW, '-', STRING_LITERAL, CHAR_LITERAL, BIN_LITERAL, HEX_LITERAL, IDENT, INT_LITERAL, FLOAT_LITERAL, DOUBLE_LITERAL, REAL_LITERAL}
line 218:27 extraneous input '(' expecting {'\lemma', '}', IDENT, '/*!'}
line 218:31 mismatched input ')' expecting {'(', '{'}
line 220:44 mismatched input ')' expecting {'(', '{'}
line 225:14 mismatched input '\ifExintVar' expecting {MODALITY, FORALL, EXISTS, '\if', '\ifEx', 'true', 'false', '(', '{', '@', NOT, SEQARROW, '-', STRING_LITERAL, CHAR_LITERAL, BIN_LITERAL, HEX_LITERAL, IDENT, INT_LITERAL, FLOAT_LITERAL, DOUBLE_LITERAL, REAL_LITERAL}
line 225:27 extraneous input '(' expecting {'\lemma', '}', IDENT, '/*!'}
line 225:31 mismatched input ')' expecting {'(', '{'}
line 227:44 mismatched input ')' expecting {'(', '{'}
line 233:14 mismatched input '\ifExintVar' expecting {MODALITY, FORALL, EXISTS, '\if', '\ifEx', 'true', 'false', '(', '{', '@', NOT, SEQARROW, '-', STRING_LITERAL, CHAR_LITERAL, BIN_LITERAL, HEX_LITERAL, IDENT, INT_LITERAL, FLOAT_LITERAL, DOUBLE_LITERAL, REAL_LITERAL}
line 233:27 extraneous input '(' expecting {'\lemma', '}', IDENT, '/*!'}
line 233:31 mismatched input ')' expecting {'(', '{'}
line 237:42 mismatched input '}' expecting {'(', '{'}
line 238:34 mismatched input '}' expecting {'(', '{'}
line 239:28 extraneous input '(' expecting {'\lemma', '}', IDENT, '/*!'}
line 239:33 mismatched input '-&gt;' expecting {'(', '{'}
line 240:8 extraneous input '\replacewith' expecting {'\lemma', '}', IDENT, '/*!'}
line 240:25 mismatched input ')' expecting {'(', '{'}
line 240:56 mismatched input ')' expecting {'(', '{'}
line 245:14 mismatched input '\ifExintVar' expecting {MODALITY, FORALL, EXISTS, '\if', '\ifEx', 'true', 'false', '(', '{', '@', NOT, SEQARROW, '-', STRING_LITERAL, CHAR_LITERAL, BIN_LITERAL, HEX_LITERAL, IDENT, INT_LITERAL, FLOAT_LITERAL, DOUBLE_LITERAL, REAL_LITERAL}
line 245:27 extraneous input '(' expecting {'\lemma', '}', IDENT, '/*!'}
line 245:31 mismatched input ')' expecting {'(', '{'}
line 248:45 mismatched input '}' expecting {'(', '{'}
line 249:8 extraneous input '\replacewith' expecting {'\lemma', '}', IDENT, '/*!'}
line 249:38 mismatched input ')' expecting {'(', '{'}
line 250:42 mismatched input '}' expecting {'(', '{'}
line 251:28 extraneous input '(' expecting {'\lemma', '}', IDENT, '/*!'}
line 251:33 mismatched input '-&gt;' expecting {'(', '{'}
line 255:14 mismatched input '\ifExintVar' expecting {MODALITY, FORALL, EXISTS, '\if', '\ifEx', 'true', 'false', '(', '{', '@', NOT, SEQARROW, '-', STRING_LITERAL, CHAR_LITERAL, BIN_LITERAL, HEX_LITERAL, IDENT, INT_LITERAL, FLOAT_LITERAL, DOUBLE_LITERAL, REAL_LITERAL}
line 255:27 extraneous input '(' expecting {'\lemma', '}', IDENT, '/*!'}
line 255:31 mismatched input ')' expecting {'(', '{'}
line 258:52 extraneous input '0' expecting {'\lemma', '}', IDENT, '/*!'}
line 258:54 mismatched input 'then' expecting {&lt;EOF&gt;, '\problem', '\chooseContract', '\proofObligation', '\proof'}

	at app//de.uka.ilkd.key.util.parsing.SyntaxErrorReporter.throwException(SyntaxErrorReporter.java:89)
	at app//de.uka.ilkd.key.nparser.ParsingFacade.parseFile(ParsingFacade.java:125)
	at app//de.uka.ilkd.key.proof.io.KeYFile.getParseContext(KeYFile.java:160)
	at app//de.uka.ilkd.key.proof.io.KeYFile.readIncludes(KeYFile.java:206)
	... 100 more
</failure>
  </testcase>
  <testcase name="testrefactorGoal_childrenAndGrandchildren_allRules()" classname="de.uka.ilkd.key.logic.TestTermLabelManager" time="0.046">
    <failure message="line 135:14 mismatched input '\ifExintVar' expecting {MODALITY, FORALL, EXISTS, '\if', '\ifEx', 'true', 'false', '(', '{', '@', NOT, SEQARROW, '-', STRING_LITERAL, CHAR_LITERAL, BIN_LITERAL, HEX_LITERAL, IDENT, INT_LITERAL, FLOAT_LITERAL, DOUBLE_LITERAL, REAL_LITERAL}&#10;line 135:27 extraneous input '(' expecting {'\lemma', '}', IDENT, '/*!'}&#10;line 135:44 mismatched input ')' expecting {'(', '{'}&#10;line 141:14 mismatched input '\ifExintVar' expecting {MODALITY, FORALL, EXISTS, '\if', '\ifEx', 'true', 'false', '(', '{', '@', NOT, SEQARROW, '-', STRING_LITERAL, CHAR_LITERAL, BIN_LITERAL, HEX_LITERAL, IDENT, INT_LITERAL, FLOAT_LITERAL, DOUBLE_LITERAL, REAL_LITERAL}&#10;line 141:27 extraneous input '(' expecting {'\lemma', '}', IDENT, '/*!'}&#10;line 141:41 mismatched input ')' expecting {'(', '{'}&#10;line 148:14 mismatched input '\ifExintVar' expecting {MODALITY, FORALL, EXISTS, '\if', '\ifEx', 'true', 'false', '(', '{', '@', NOT, SEQARROW, '-', STRING_LITERAL, CHAR_LITERAL, BIN_LITERAL, HEX_LITERAL, IDENT, INT_LITERAL, FLOAT_LITERAL, DOUBLE_LITERAL, REAL_LITERAL}&#10;line 148:27 extraneous input '(' expecting {'\lemma', '}', IDENT, '/*!'}&#10;line 148:35 mismatched input '=' expecting {'(', '{'}&#10;line 150:38 mismatched input '}' expecting {'(', '{'}&#10;line 155:14 mismatched input '\ifExintVar' expecting {MODALITY, FORALL, EXISTS, '\if', '\ifEx', 'true', 'false', '(', '{', '@', NOT, SEQARROW, '-', STRING_LITERAL, CHAR_LITERAL, BIN_LITERAL, HEX_LITERAL, IDENT, INT_LITERAL, FLOAT_LITERAL, DOUBLE_LITERAL, REAL_LITERAL}&#10;line 155:27 extraneous input '(' expecting {'\lemma', '}', IDENT, '/*!'}&#10;line 155:35 mismatched input '=' expecting {'(', '{'}&#10;line 157:38 mismatched input '}' expecting {'(', '{'}&#10;line 163:14 mismatched input '\ifExintVar' expecting {MODALITY, FORALL, EXISTS, '\if', '\ifEx', 'true', 'false', '(', '{', '@', NOT, SEQARROW, '-', STRING_LITERAL, CHAR_LITERAL, BIN_LITERAL, HEX_LITERAL, IDENT, INT_LITERAL, FLOAT_LITERAL, DOUBLE_LITERAL, REAL_LITERAL}&#10;line 163:27 extraneous input '(' expecting {'\lemma', '}', IDENT, '/*!'}&#10;line 163:30 mismatched input '=' expecting {'(', '{'}&#10;line 165:38 mismatched input '}' expecting {'(', '{'}&#10;line 171:14 mismatched input '\ifExintVar' expecting {MODALITY, FORALL, EXISTS, '\if', '\ifEx', 'true', 'false', '(', '{', '@', NOT, SEQARROW, '-', STRING_LITERAL, CHAR_LITERAL, BIN_LITERAL, HEX_LITERAL, IDENT, INT_LITERAL, FLOAT_LITERAL, DOUBLE_LITERAL, REAL_LITERAL}&#10;line 171:27 extraneous input '(' expecting {'\lemma', '}', IDENT, '/*!'}&#10;line 171:30 mismatched input '=' expecting {'(', '{'}&#10;line 173:38 mismatched input '}' expecting {'(', '{'}&#10;line 179:14 mismatched input '\ifExintVar' expecting {MODALITY, FORALL, EXISTS, '\if', '\ifEx', 'true', 'false', '(', '{', '@', NOT, SEQARROW, '-', STRING_LITERAL, CHAR_LITERAL, BIN_LITERAL, HEX_LITERAL, IDENT, INT_LITERAL, FLOAT_LITERAL, DOUBLE_LITERAL, REAL_LITERAL}&#10;line 179:27 extraneous input '(' expecting {'\lemma', '}', IDENT, '/*!'}&#10;line 179:32 mismatched input '&amp;' expecting {'(', '{'}&#10;line 181:42 mismatched input '}' expecting {'(', '{'}&#10;line 182:39 mismatched input '}' expecting {'(', '{'}&#10;line 188:14 mismatched input '\ifExintVar' expecting {MODALITY, FORALL, EXISTS, '\if', '\ifEx', 'true', 'false', '(', '{', '@', NOT, SEQARROW, '-', STRING_LITERAL, CHAR_LITERAL, BIN_LITERAL, HEX_LITERAL, IDENT, INT_LITERAL, FLOAT_LITERAL, DOUBLE_LITERAL, REAL_LITERAL}&#10;line 188:27 extraneous input '(' expecting {'\lemma', '}', IDENT, '/*!'}&#10;line 188:32 mismatched input '&amp;' expecting {'(', '{'}&#10;line 190:42 mismatched input '}' expecting {'(', '{'}&#10;line 191:39 mismatched input '}' expecting {'(', '{'}&#10;line 198:14 mismatched input '\ifExintVar' expecting {MODALITY, FORALL, EXISTS, '\if', '\ifEx', 'true', 'false', '(', '{', '@', NOT, SEQARROW, '-', STRING_LITERAL, CHAR_LITERAL, BIN_LITERAL, HEX_LITERAL, IDENT, INT_LITERAL, FLOAT_LITERAL, DOUBLE_LITERAL, REAL_LITERAL}&#10;line 198:27 extraneous input '(' expecting {'\lemma', '}', IDENT, '/*!'}&#10;line 198:32 mismatched input '&amp;' expecting {'(', '{'}&#10;line 200:42 mismatched input '}' expecting {'(', '{'}&#10;line 201:39 mismatched input '}' expecting {'(', '{'}&#10;line 208:14 mismatched input '\ifExintVar' expecting {MODALITY, FORALL, EXISTS, '\if', '\ifEx', 'true', 'false', '(', '{', '@', NOT, SEQARROW, '-', STRING_LITERAL, CHAR_LITERAL, BIN_LITERAL, HEX_LITERAL, IDENT, INT_LITERAL, FLOAT_LITERAL, DOUBLE_LITERAL, REAL_LITERAL}&#10;line 208:27 extraneous input '(' expecting {'\lemma', '}', IDENT, '/*!'}&#10;line 208:32 mismatched input '&amp;' expecting {'(', '{'}&#10;line 210:42 mismatched input '}' expecting {'(', '{'}&#10;line 211:39 mismatched input '}' expecting {'(', '{'}&#10;line 218:14 mismatched input '\ifExintVar' expecting {MODALITY, FORALL, EXISTS, '\if', '\ifEx', 'true', 'false', '(', '{', '@', NOT, SEQARROW, '-', STRING_LITERAL, CHAR_LITERAL, BIN_LITERAL, HEX_LITERAL, IDENT, INT_LITERAL, FLOAT_LITERAL, DOUBLE_LITERAL, REAL_LITERAL}&#10;line 218:27 extraneous input '(' expecting {'\lemma', '}', IDENT, '/*!'}&#10;line 218:31 mismatched input ')' expecting {'(', '{'}&#10;line 220:44 mismatched input ')' expecting {'(', '{'}&#10;line 225:14 mismatched input '\ifExintVar' expecting {MODALITY, FORALL, EXISTS, '\if', '\ifEx', 'true', 'false', '(', '{', '@', NOT, SEQARROW, '-', STRING_LITERAL, CHAR_LITERAL, BIN_LITERAL, HEX_LITERAL, IDENT, INT_LITERAL, FLOAT_LITERAL, DOUBLE_LITERAL, REAL_LITERAL}&#10;line 225:27 extraneous input '(' expecting {'\lemma', '}', IDENT, '/*!'}&#10;line 225:31 mismatched input ')' expecting {'(', '{'}&#10;line 227:44 mismatched input ')' expecting {'(', '{'}&#10;line 233:14 mismatched input '\ifExintVar' expecting {MODALITY, FORALL, EXISTS, '\if', '\ifEx', 'true', 'false', '(', '{', '@', NOT, SEQARROW, '-', STRING_LITERAL, CHAR_LITERAL, BIN_LITERAL, HEX_LITERAL, IDENT, INT_LITERAL, FLOAT_LITERAL, DOUBLE_LITERAL, REAL_LITERAL}&#10;line 233:27 extraneous input '(' expecting {'\lemma', '}', IDENT, '/*!'}&#10;line 233:31 mismatched input ')' expecting {'(', '{'}&#10;line 237:42 mismatched input '}' expecting {'(', '{'}&#10;line 238:34 mismatched input '}' expecting {'(', '{'}&#10;line 239:28 extraneous input '(' expecting {'\lemma', '}', IDENT, '/*!'}&#10;line 239:33 mismatched input '-&gt;' expecting {'(', '{'}&#10;line 240:8 extraneous input '\replacewith' expecting {'\lemma', '}', IDENT, '/*!'}&#10;line 240:25 mismatched input ')' expecting {'(', '{'}&#10;line 240:56 mismatched input ')' expecting {'(', '{'}&#10;line 245:14 mismatched input '\ifExintVar' expecting {MODALITY, FORALL, EXISTS, '\if', '\ifEx', 'true', 'false', '(', '{', '@', NOT, SEQARROW, '-', STRING_LITERAL, CHAR_LITERAL, BIN_LITERAL, HEX_LITERAL, IDENT, INT_LITERAL, FLOAT_LITERAL, DOUBLE_LITERAL, REAL_LITERAL}&#10;line 245:27 extraneous input '(' expecting {'\lemma', '}', IDENT, '/*!'}&#10;line 245:31 mismatched input ')' expecting {'(', '{'}&#10;line 248:45 mismatched input '}' expecting {'(', '{'}&#10;line 249:8 extraneous input '\replacewith' expecting {'\lemma', '}', IDENT, '/*!'}&#10;line 249:38 mismatched input ')' expecting {'(', '{'}&#10;line 250:42 mismatched input '}' expecting {'(', '{'}&#10;line 251:28 extraneous input '(' expecting {'\lemma', '}', IDENT, '/*!'}&#10;line 251:33 mismatched input '-&gt;' expecting {'(', '{'}&#10;line 255:14 mismatched input '\ifExintVar' expecting {MODALITY, FORALL, EXISTS, '\if', '\ifEx', 'true', 'false', '(', '{', '@', NOT, SEQARROW, '-', STRING_LITERAL, CHAR_LITERAL, BIN_LITERAL, HEX_LITERAL, IDENT, INT_LITERAL, FLOAT_LITERAL, DOUBLE_LITERAL, REAL_LITERAL}&#10;line 255:27 extraneous input '(' expecting {'\lemma', '}', IDENT, '/*!'}&#10;line 255:31 mismatched input ')' expecting {'(', '{'}&#10;line 258:52 extraneous input '0' expecting {'\lemma', '}', IDENT, '/*!'}&#10;line 258:54 mismatched input 'then' expecting {&lt;EOF&gt;, '\problem', '\chooseContract', '\proofObligation', '\proof'}&#10; (file: src/test/resources/testcase/termLabels/flatSteps/FlatSteps.java; caused by: de.uka.ilkd.key.proof.init.ProofInputException: line 135:14 mismatched input '\ifExintVar' expecting {MODALITY, FORALL, EXISTS, '\if', '\ifEx', 'true', 'false', '(', '{', '@', NOT, SEQARROW, '-', STRING_LITERAL, CHAR_LITERAL, BIN_LITERAL, HEX_LITERAL, IDENT, INT_LITERAL, FLOAT_LITERAL, DOUBLE_LITERAL, REAL_LITERAL}&#10;line 135:27 extraneous input '(' expecting {'\lemma', '}', IDENT, '/*!'}&#10;line 135:44 mismatched input ')' expecting {'(', '{'}&#10;line 141:14 mismatched input '\ifExintVar' expecting {MODALITY, FORALL, EXISTS, '\if', '\ifEx', 'true', 'false', '(', '{', '@', NOT, SEQARROW, '-', STRING_LITERAL, CHAR_LITERAL, BIN_LITERAL, HEX_LITERAL, IDENT, INT_LITERAL, FLOAT_LITERAL, DOUBLE_LITERAL, REAL_LITERAL}&#10;line 141:27 extraneous input '(' expecting {'\lemma', '}', IDENT, '/*!'}&#10;line 141:41 mismatched input ')' expecting {'(', '{'}&#10;line 148:14 mismatched input '\ifExintVar' expecting {MODALITY, FORALL, EXISTS, '\if', '\ifEx', 'true', 'false', '(', '{', '@', NOT, SEQARROW, '-', STRING_LITERAL, CHAR_LITERAL, BIN_LITERAL, HEX_LITERAL, IDENT, INT_LITERAL, FLOAT_LITERAL, DOUBLE_LITERAL, REAL_LITERAL}&#10;line 148:27 extraneous input '(' expecting {'\lemma', '}', IDENT, '/*!'}&#10;line 148:35 mismatched input '=' expecting {'(', '{'}&#10;line 150:38 mismatched input '}' expecting {'(', '{'}&#10;line 155:14 mismatched input '\ifExintVar' expecting {MODALITY, FORALL, EXISTS, '\if', '\ifEx', 'true', 'false', '(', '{', '@', NOT, SEQARROW, '-', STRING_LITERAL, CHAR_LITERAL, BIN_LITERAL, HEX_LITERAL, IDENT, INT_LITERAL, FLOAT_LITERAL, DOUBLE_LITERAL, REAL_LITERAL}&#10;line 155:27 extraneous input '(' expecting {'\lemma', '}', IDENT, '/*!'}&#10;line 155:35 mismatched input '=' expecting {'(', '{'}&#10;line 157:38 mismatched input '}' expecting {'(', '{'}&#10;line 163:14 mismatched input '\ifExintVar' expecting {MODALITY, FORALL, EXISTS, '\if', '\ifEx', 'true', 'false', '(', '{', '@', NOT, SEQARROW, '-', STRING_LITERAL, CHAR_LITERAL, BIN_LITERAL, HEX_LITERAL, IDENT, INT_LITERAL, FLOAT_LITERAL, DOUBLE_LITERAL, REAL_LITERAL}&#10;line 163:27 extraneous input '(' expecting {'\lemma', '}', IDENT, '/*!'}&#10;line 163:30 mismatched input '=' expecting {'(', '{'}&#10;line 165:38 mismatched input '}' expecting {'(', '{'}&#10;line 171:14 mismatched input '\ifExintVar' expecting {MODALITY, FORALL, EXISTS, '\if', '\ifEx', 'true', 'false', '(', '{', '@', NOT, SEQARROW, '-', STRING_LITERAL, CHAR_LITERAL, BIN_LITERAL, HEX_LITERAL, IDENT, INT_LITERAL, FLOAT_LITERAL, DOUBLE_LITERAL, REAL_LITERAL}&#10;line 171:27 extraneous input '(' expecting {'\lemma', '}', IDENT, '/*!'}&#10;line 171:30 mismatched input '=' expecting {'(', '{'}&#10;line 173:38 mismatched input '}' expecting {'(', '{'}&#10;line 179:14 mismatched input '\ifExintVar' expecting {MODALITY, FORALL, EXISTS, '\if', '\ifEx', 'true', 'false', '(', '{', '@', NOT, SEQARROW, '-', STRING_LITERAL, CHAR_LITERAL, BIN_LITERAL, HEX_LITERAL, IDENT, INT_LITERAL, FLOAT_LITERAL, DOUBLE_LITERAL, REAL_LITERAL}&#10;line 179:27 extraneous input '(' expecting {'\lemma', '}', IDENT, '/*!'}&#10;line 179:32 mismatched input '&amp;' expecting {'(', '{'}&#10;line 181:42 mismatched input '}' expecting {'(', '{'}&#10;line 182:39 mismatched input '}' expecting {'(', '{'}&#10;line 188:14 mismatched input '\ifExintVar' expecting {MODALITY, FORALL, EXISTS, '\if', '\ifEx', 'true', 'false', '(', '{', '@', NOT, SEQARROW, '-', STRING_LITERAL, CHAR_LITERAL, BIN_LITERAL, HEX_LITERAL, IDENT, INT_LITERAL, FLOAT_LITERAL, DOUBLE_LITERAL, REAL_LITERAL}&#10;line 188:27 extraneous input '(' expecting {'\lemma', '}', IDENT, '/*!'}&#10;line 188:32 mismatched input '&amp;' expecting {'(', '{'}&#10;line 190:42 mismatched input '}' expecting {'(', '{'}&#10;line 191:39 mismatched input '}' expecting {'(', '{'}&#10;line 198:14 mismatched input '\ifExintVar' expecting {MODALITY, FORALL, EXISTS, '\if', '\ifEx', 'true', 'false', '(', '{', '@', NOT, SEQARROW, '-', STRING_LITERAL, CHAR_LITERAL, BIN_LITERAL, HEX_LITERAL, IDENT, INT_LITERAL, FLOAT_LITERAL, DOUBLE_LITERAL, REAL_LITERAL}&#10;line 198:27 extraneous input '(' expecting {'\lemma', '}', IDENT, '/*!'}&#10;line 198:32 mismatched input '&amp;' expecting {'(', '{'}&#10;line 200:42 mismatched input '}' expecting {'(', '{'}&#10;line 201:39 mismatched input '}' expecting {'(', '{'}&#10;line 208:14 mismatched input '\ifExintVar' expecting {MODALITY, FORALL, EXISTS, '\if', '\ifEx', 'true', 'false', '(', '{', '@', NOT, SEQARROW, '-', STRING_LITERAL, CHAR_LITERAL, BIN_LITERAL, HEX_LITERAL, IDENT, INT_LITERAL, FLOAT_LITERAL, DOUBLE_LITERAL, REAL_LITERAL}&#10;line 208:27 extraneous input '(' expecting {'\lemma', '}', IDENT, '/*!'}&#10;line 208:32 mismatched input '&amp;' expecting {'(', '{'}&#10;line 210:42 mismatched input '}' expecting {'(', '{'}&#10;line 211:39 mismatched input '}' expecting {'(', '{'}&#10;line 218:14 mismatched input '\ifExintVar' expecting {MODALITY, FORALL, EXISTS, '\if', '\ifEx', 'true', 'false', '(', '{', '@', NOT, SEQARROW, '-', STRING_LITERAL, CHAR_LITERAL, BIN_LITERAL, HEX_LITERAL, IDENT, INT_LITERAL, FLOAT_LITERAL, DOUBLE_LITERAL, REAL_LITERAL}&#10;line 218:27 extraneous input '(' expecting {'\lemma', '}', IDENT, '/*!'}&#10;line 218:31 mismatched input ')' expecting {'(', '{'}&#10;line 220:44 mismatched input ')' expecting {'(', '{'}&#10;line 225:14 mismatched input '\ifExintVar' expecting {MODALITY, FORALL, EXISTS, '\if', '\ifEx', 'true', 'false', '(', '{', '@', NOT, SEQARROW, '-', STRING_LITERAL, CHAR_LITERAL, BIN_LITERAL, HEX_LITERAL, IDENT, INT_LITERAL, FLOAT_LITERAL, DOUBLE_LITERAL, REAL_LITERAL}&#10;line 225:27 extraneous input '(' expecting {'\lemma', '}', IDENT, '/*!'}&#10;line 225:31 mismatched input ')' expecting {'(', '{'}&#10;line 227:44 mismatched input ')' expecting {'(', '{'}&#10;line 233:14 mismatched input '\ifExintVar' expecting {MODALITY, FORALL, EXISTS, '\if', '\ifEx', 'true', 'false', '(', '{', '@', NOT, SEQARROW, '-', STRING_LITERAL, CHAR_LITERAL, BIN_LITERAL, HEX_LITERAL, IDENT, INT_LITERAL, FLOAT_LITERAL, DOUBLE_LITERAL, REAL_LITERAL}&#10;line 233:27 extraneous input '(' expecting {'\lemma', '}', IDENT, '/*!'}&#10;line 233:31 mismatched input ')' expecting {'(', '{'}&#10;line 237:42 mismatched input '}' expecting {'(', '{'}&#10;line 238:34 mismatched input '}' expecting {'(', '{'}&#10;line 239:28 extraneous input '(' expecting {'\lemma', '}', IDENT, '/*!'}&#10;line 239:33 mismatched input '-&gt;' expecting {'(', '{'}&#10;line 240:8 extraneous input '\replacewith' expecting {'\lemma', '}', IDENT, '/*!'}&#10;line 240:25 mismatched input ')' expecting {'(', '{'}&#10;line 240:56 mismatched input ')' expecting {'(', '{'}&#10;line 245:14 mismatched input '\ifExintVar' expecting {MODALITY, FORALL, EXISTS, '\if', '\ifEx', 'true', 'false', '(', '{', '@', NOT, SEQARROW, '-', STRING_LITERAL, CHAR_LITERAL, BIN_LITERAL, HEX_LITERAL, IDENT, INT_LITERAL, FLOAT_LITERAL, DOUBLE_LITERAL, REAL_LITERAL}&#10;line 245:27 extraneous input '(' expecting {'\lemma', '}', IDENT, '/*!'}&#10;line 245:31 mismatched input ')' expecting {'(', '{'}&#10;line 248:45 mismatched input '}' expecting {'(', '{'}&#10;line 249:8 extraneous input '\replacewith' expecting {'\lemma', '}', IDENT, '/*!'}&#10;line 249:38 mismatched input ')' expecting {'(', '{'}&#10;line 250:42 mismatched input '}' expecting {'(', '{'}&#10;line 251:28 extraneous input '(' expecting {'\lemma', '}', IDENT, '/*!'}&#10;line 251:33 mismatched input '-&gt;' expecting {'(', '{'}&#10;line 255:14 mismatched input '\ifExintVar' expecting {MODALITY, FORALL, EXISTS, '\if', '\ifEx', 'true', 'false', '(', '{', '@', NOT, SEQARROW, '-', STRING_LITERAL, CHAR_LITERAL, BIN_LITERAL, HEX_LITERAL, IDENT, INT_LITERAL, FLOAT_LITERAL, DOUBLE_LITERAL, REAL_LITERAL}&#10;line 255:27 extraneous input '(' expecting {'\lemma', '}', IDENT, '/*!'}&#10;line 255:31 mismatched input ')' expecting {'(', '{'}&#10;line 258:52 extraneous input '0' expecting {'\lemma', '}', IDENT, '/*!'}&#10;line 258:54 mismatched input 'then' expecting {&lt;EOF&gt;, '\problem', '\chooseContract', '\proofObligation', '\proof'}&#10;)" type="de.uka.ilkd.key.proof.io.ProblemLoaderException">line 135:14 mismatched input '\ifExintVar' expecting {MODALITY, FORALL, EXISTS, '\if', '\ifEx', 'true', 'false', '(', '{', '@', NOT, SEQARROW, '-', STRING_LITERAL, CHAR_LITERAL, BIN_LITERAL, HEX_LITERAL, IDENT, INT_LITERAL, FLOAT_LITERAL, DOUBLE_LITERAL, REAL_LITERAL}
line 135:27 extraneous input '(' expecting {'\lemma', '}', IDENT, '/*!'}
line 135:44 mismatched input ')' expecting {'(', '{'}
line 141:14 mismatched input '\ifExintVar' expecting {MODALITY, FORALL, EXISTS, '\if', '\ifEx', 'true', 'false', '(', '{', '@', NOT, SEQARROW, '-', STRING_LITERAL, CHAR_LITERAL, BIN_LITERAL, HEX_LITERAL, IDENT, INT_LITERAL, FLOAT_LITERAL, DOUBLE_LITERAL, REAL_LITERAL}
line 141:27 extraneous input '(' expecting {'\lemma', '}', IDENT, '/*!'}
line 141:41 mismatched input ')' expecting {'(', '{'}
line 148:14 mismatched input '\ifExintVar' expecting {MODALITY, FORALL, EXISTS, '\if', '\ifEx', 'true', 'false', '(', '{', '@', NOT, SEQARROW, '-', STRING_LITERAL, CHAR_LITERAL, BIN_LITERAL, HEX_LITERAL, IDENT, INT_LITERAL, FLOAT_LITERAL, DOUBLE_LITERAL, REAL_LITERAL}
line 148:27 extraneous input '(' expecting {'\lemma', '}', IDENT, '/*!'}
line 148:35 mismatched input '=' expecting {'(', '{'}
line 150:38 mismatched input '}' expecting {'(', '{'}
line 155:14 mismatched input '\ifExintVar' expecting {MODALITY, FORALL, EXISTS, '\if', '\ifEx', 'true', 'false', '(', '{', '@', NOT, SEQARROW, '-', STRING_LITERAL, CHAR_LITERAL, BIN_LITERAL, HEX_LITERAL, IDENT, INT_LITERAL, FLOAT_LITERAL, DOUBLE_LITERAL, REAL_LITERAL}
line 155:27 extraneous input '(' expecting {'\lemma', '}', IDENT, '/*!'}
line 155:35 mismatched input '=' expecting {'(', '{'}
line 157:38 mismatched input '}' expecting {'(', '{'}
line 163:14 mismatched input '\ifExintVar' expecting {MODALITY, FORALL, EXISTS, '\if', '\ifEx', 'true', 'false', '(', '{', '@', NOT, SEQARROW, '-', STRING_LITERAL, CHAR_LITERAL, BIN_LITERAL, HEX_LITERAL, IDENT, INT_LITERAL, FLOAT_LITERAL, DOUBLE_LITERAL, REAL_LITERAL}
line 163:27 extraneous input '(' expecting {'\lemma', '}', IDENT, '/*!'}
line 163:30 mismatched input '=' expecting {'(', '{'}
line 165:38 mismatched input '}' expecting {'(', '{'}
line 171:14 mismatched input '\ifExintVar' expecting {MODALITY, FORALL, EXISTS, '\if', '\ifEx', 'true', 'false', '(', '{', '@', NOT, SEQARROW, '-', STRING_LITERAL, CHAR_LITERAL, BIN_LITERAL, HEX_LITERAL, IDENT, INT_LITERAL, FLOAT_LITERAL, DOUBLE_LITERAL, REAL_LITERAL}
line 171:27 extraneous input '(' expecting {'\lemma', '}', IDENT, '/*!'}
line 171:30 mismatched input '=' expecting {'(', '{'}
line 173:38 mismatched input '}' expecting {'(', '{'}
line 179:14 mismatched input '\ifExintVar' expecting {MODALITY, FORALL, EXISTS, '\if', '\ifEx', 'true', 'false', '(', '{', '@', NOT, SEQARROW, '-', STRING_LITERAL, CHAR_LITERAL, BIN_LITERAL, HEX_LITERAL, IDENT, INT_LITERAL, FLOAT_LITERAL, DOUBLE_LITERAL, REAL_LITERAL}
line 179:27 extraneous input '(' expecting {'\lemma', '}', IDENT, '/*!'}
line 179:32 mismatched input '&amp;' expecting {'(', '{'}
line 181:42 mismatched input '}' expecting {'(', '{'}
line 182:39 mismatched input '}' expecting {'(', '{'}
line 188:14 mismatched input '\ifExintVar' expecting {MODALITY, FORALL, EXISTS, '\if', '\ifEx', 'true', 'false', '(', '{', '@', NOT, SEQARROW, '-', STRING_LITERAL, CHAR_LITERAL, BIN_LITERAL, HEX_LITERAL, IDENT, INT_LITERAL, FLOAT_LITERAL, DOUBLE_LITERAL, REAL_LITERAL}
line 188:27 extraneous input '(' expecting {'\lemma', '}', IDENT, '/*!'}
line 188:32 mismatched input '&amp;' expecting {'(', '{'}
line 190:42 mismatched input '}' expecting {'(', '{'}
line 191:39 mismatched input '}' expecting {'(', '{'}
line 198:14 mismatched input '\ifExintVar' expecting {MODALITY, FORALL, EXISTS, '\if', '\ifEx', 'true', 'false', '(', '{', '@', NOT, SEQARROW, '-', STRING_LITERAL, CHAR_LITERAL, BIN_LITERAL, HEX_LITERAL, IDENT, INT_LITERAL, FLOAT_LITERAL, DOUBLE_LITERAL, REAL_LITERAL}
line 198:27 extraneous input '(' expecting {'\lemma', '}', IDENT, '/*!'}
line 198:32 mismatched input '&amp;' expecting {'(', '{'}
line 200:42 mismatched input '}' expecting {'(', '{'}
line 201:39 mismatched input '}' expecting {'(', '{'}
line 208:14 mismatched input '\ifExintVar' expecting {MODALITY, FORALL, EXISTS, '\if', '\ifEx', 'true', 'false', '(', '{', '@', NOT, SEQARROW, '-', STRING_LITERAL, CHAR_LITERAL, BIN_LITERAL, HEX_LITERAL, IDENT, INT_LITERAL, FLOAT_LITERAL, DOUBLE_LITERAL, REAL_LITERAL}
line 208:27 extraneous input '(' expecting {'\lemma', '}', IDENT, '/*!'}
line 208:32 mismatched input '&amp;' expecting {'(', '{'}
line 210:42 mismatched input '}' expecting {'(', '{'}
line 211:39 mismatched input '}' expecting {'(', '{'}
line 218:14 mismatched input '\ifExintVar' expecting {MODALITY, FORALL, EXISTS, '\if', '\ifEx', 'true', 'false', '(', '{', '@', NOT, SEQARROW, '-', STRING_LITERAL, CHAR_LITERAL, BIN_LITERAL, HEX_LITERAL, IDENT, INT_LITERAL, FLOAT_LITERAL, DOUBLE_LITERAL, REAL_LITERAL}
line 218:27 extraneous input '(' expecting {'\lemma', '}', IDENT, '/*!'}
line 218:31 mismatched input ')' expecting {'(', '{'}
line 220:44 mismatched input ')' expecting {'(', '{'}
line 225:14 mismatched input '\ifExintVar' expecting {MODALITY, FORALL, EXISTS, '\if', '\ifEx', 'true', 'false', '(', '{', '@', NOT, SEQARROW, '-', STRING_LITERAL, CHAR_LITERAL, BIN_LITERAL, HEX_LITERAL, IDENT, INT_LITERAL, FLOAT_LITERAL, DOUBLE_LITERAL, REAL_LITERAL}
line 225:27 extraneous input '(' expecting {'\lemma', '}', IDENT, '/*!'}
line 225:31 mismatched input ')' expecting {'(', '{'}
line 227:44 mismatched input ')' expecting {'(', '{'}
line 233:14 mismatched input '\ifExintVar' expecting {MODALITY, FORALL, EXISTS, '\if', '\ifEx', 'true', 'false', '(', '{', '@', NOT, SEQARROW, '-', STRING_LITERAL, CHAR_LITERAL, BIN_LITERAL, HEX_LITERAL, IDENT, INT_LITERAL, FLOAT_LITERAL, DOUBLE_LITERAL, REAL_LITERAL}
line 233:27 extraneous input '(' expecting {'\lemma', '}', IDENT, '/*!'}
line 233:31 mismatched input ')' expecting {'(', '{'}
line 237:42 mismatched input '}' expecting {'(', '{'}
line 238:34 mismatched input '}' expecting {'(', '{'}
line 239:28 extraneous input '(' expecting {'\lemma', '}', IDENT, '/*!'}
line 239:33 mismatched input '-&gt;' expecting {'(', '{'}
line 240:8 extraneous input '\replacewith' expecting {'\lemma', '}', IDENT, '/*!'}
line 240:25 mismatched input ')' expecting {'(', '{'}
line 240:56 mismatched input ')' expecting {'(', '{'}
line 245:14 mismatched input '\ifExintVar' expecting {MODALITY, FORALL, EXISTS, '\if', '\ifEx', 'true', 'false', '(', '{', '@', NOT, SEQARROW, '-', STRING_LITERAL, CHAR_LITERAL, BIN_LITERAL, HEX_LITERAL, IDENT, INT_LITERAL, FLOAT_LITERAL, DOUBLE_LITERAL, REAL_LITERAL}
line 245:27 extraneous input '(' expecting {'\lemma', '}', IDENT, '/*!'}
line 245:31 mismatched input ')' expecting {'(', '{'}
line 248:45 mismatched input '}' expecting {'(', '{'}
line 249:8 extraneous input '\replacewith' expecting {'\lemma', '}', IDENT, '/*!'}
line 249:38 mismatched input ')' expecting {'(', '{'}
line 250:42 mismatched input '}' expecting {'(', '{'}
line 251:28 extraneous input '(' expecting {'\lemma', '}', IDENT, '/*!'}
line 251:33 mismatched input '-&gt;' expecting {'(', '{'}
line 255:14 mismatched input '\ifExintVar' expecting {MODALITY, FORALL, EXISTS, '\if', '\ifEx', 'true', 'false', '(', '{', '@', NOT, SEQARROW, '-', STRING_LITERAL, CHAR_LITERAL, BIN_LITERAL, HEX_LITERAL, IDENT, INT_LITERAL, FLOAT_LITERAL, DOUBLE_LITERAL, REAL_LITERAL}
line 255:27 extraneous input '(' expecting {'\lemma', '}', IDENT, '/*!'}
line 255:31 mismatched input ')' expecting {'(', '{'}
line 258:52 extraneous input '0' expecting {'\lemma', '}', IDENT, '/*!'}
line 258:54 mismatched input 'then' expecting {&lt;EOF&gt;, '\problem', '\chooseContract', '\proofObligation', '\proof'}
 (file: src/test/resources/testcase/termLabels/flatSteps/FlatSteps.java; caused by: de.uka.ilkd.key.proof.init.ProofInputException: line 135:14 mismatched input '\ifExintVar' expecting {MODALITY, FORALL, EXISTS, '\if', '\ifEx', 'true', 'false', '(', '{', '@', NOT, SEQARROW, '-', STRING_LITERAL, CHAR_LITERAL, BIN_LITERAL, HEX_LITERAL, IDENT, INT_LITERAL, FLOAT_LITERAL, DOUBLE_LITERAL, REAL_LITERAL}
line 135:27 extraneous input '(' expecting {'\lemma', '}', IDENT, '/*!'}
line 135:44 mismatched input ')' expecting {'(', '{'}
line 141:14 mismatched input '\ifExintVar' expecting {MODALITY, FORALL, EXISTS, '\if', '\ifEx', 'true', 'false', '(', '{', '@', NOT, SEQARROW, '-', STRING_LITERAL, CHAR_LITERAL, BIN_LITERAL, HEX_LITERAL, IDENT, INT_LITERAL, FLOAT_LITERAL, DOUBLE_LITERAL, REAL_LITERAL}
line 141:27 extraneous input '(' expecting {'\lemma', '}', IDENT, '/*!'}
line 141:41 mismatched input ')' expecting {'(', '{'}
line 148:14 mismatched input '\ifExintVar' expecting {MODALITY, FORALL, EXISTS, '\if', '\ifEx', 'true', 'false', '(', '{', '@', NOT, SEQARROW, '-', STRING_LITERAL, CHAR_LITERAL, BIN_LITERAL, HEX_LITERAL, IDENT, INT_LITERAL, FLOAT_LITERAL, DOUBLE_LITERAL, REAL_LITERAL}
line 148:27 extraneous input '(' expecting {'\lemma', '}', IDENT, '/*!'}
line 148:35 mismatched input '=' expecting {'(', '{'}
line 150:38 mismatched input '}' expecting {'(', '{'}
line 155:14 mismatched input '\ifExintVar' expecting {MODALITY, FORALL, EXISTS, '\if', '\ifEx', 'true', 'false', '(', '{', '@', NOT, SEQARROW, '-', STRING_LITERAL, CHAR_LITERAL, BIN_LITERAL, HEX_LITERAL, IDENT, INT_LITERAL, FLOAT_LITERAL, DOUBLE_LITERAL, REAL_LITERAL}
line 155:27 extraneous input '(' expecting {'\lemma', '}', IDENT, '/*!'}
line 155:35 mismatched input '=' expecting {'(', '{'}
line 157:38 mismatched input '}' expecting {'(', '{'}
line 163:14 mismatched input '\ifExintVar' expecting {MODALITY, FORALL, EXISTS, '\if', '\ifEx', 'true', 'false', '(', '{', '@', NOT, SEQARROW, '-', STRING_LITERAL, CHAR_LITERAL, BIN_LITERAL, HEX_LITERAL, IDENT, INT_LITERAL, FLOAT_LITERAL, DOUBLE_LITERAL, REAL_LITERAL}
line 163:27 extraneous input '(' expecting {'\lemma', '}', IDENT, '/*!'}
line 163:30 mismatched input '=' expecting {'(', '{'}
line 165:38 mismatched input '}' expecting {'(', '{'}
line 171:14 mismatched input '\ifExintVar' expecting {MODALITY, FORALL, EXISTS, '\if', '\ifEx', 'true', 'false', '(', '{', '@', NOT, SEQARROW, '-', STRING_LITERAL, CHAR_LITERAL, BIN_LITERAL, HEX_LITERAL, IDENT, INT_LITERAL, FLOAT_LITERAL, DOUBLE_LITERAL, REAL_LITERAL}
line 171:27 extraneous input '(' expecting {'\lemma', '}', IDENT, '/*!'}
line 171:30 mismatched input '=' expecting {'(', '{'}
line 173:38 mismatched input '}' expecting {'(', '{'}
line 179:14 mismatched input '\ifExintVar' expecting {MODALITY, FORALL, EXISTS, '\if', '\ifEx', 'true', 'false', '(', '{', '@', NOT, SEQARROW, '-', STRING_LITERAL, CHAR_LITERAL, BIN_LITERAL, HEX_LITERAL, IDENT, INT_LITERAL, FLOAT_LITERAL, DOUBLE_LITERAL, REAL_LITERAL}
line 179:27 extraneous input '(' expecting {'\lemma', '}', IDENT, '/*!'}
line 179:32 mismatched input '&amp;' expecting {'(', '{'}
line 181:42 mismatched input '}' expecting {'(', '{'}
line 182:39 mismatched input '}' expecting {'(', '{'}
line 188:14 mismatched input '\ifExintVar' expecting {MODALITY, FORALL, EXISTS, '\if', '\ifEx', 'true', 'false', '(', '{', '@', NOT, SEQARROW, '-', STRING_LITERAL, CHAR_LITERAL, BIN_LITERAL, HEX_LITERAL, IDENT, INT_LITERAL, FLOAT_LITERAL, DOUBLE_LITERAL, REAL_LITERAL}
line 188:27 extraneous input '(' expecting {'\lemma', '}', IDENT, '/*!'}
line 188:32 mismatched input '&amp;' expecting {'(', '{'}
line 190:42 mismatched input '}' expecting {'(', '{'}
line 191:39 mismatched input '}' expecting {'(', '{'}
line 198:14 mismatched input '\ifExintVar' expecting {MODALITY, FORALL, EXISTS, '\if', '\ifEx', 'true', 'false', '(', '{', '@', NOT, SEQARROW, '-', STRING_LITERAL, CHAR_LITERAL, BIN_LITERAL, HEX_LITERAL, IDENT, INT_LITERAL, FLOAT_LITERAL, DOUBLE_LITERAL, REAL_LITERAL}
line 198:27 extraneous input '(' expecting {'\lemma', '}', IDENT, '/*!'}
line 198:32 mismatched input '&amp;' expecting {'(', '{'}
line 200:42 mismatched input '}' expecting {'(', '{'}
line 201:39 mismatched input '}' expecting {'(', '{'}
line 208:14 mismatched input '\ifExintVar' expecting {MODALITY, FORALL, EXISTS, '\if', '\ifEx', 'true', 'false', '(', '{', '@', NOT, SEQARROW, '-', STRING_LITERAL, CHAR_LITERAL, BIN_LITERAL, HEX_LITERAL, IDENT, INT_LITERAL, FLOAT_LITERAL, DOUBLE_LITERAL, REAL_LITERAL}
line 208:27 extraneous input '(' expecting {'\lemma', '}', IDENT, '/*!'}
line 208:32 mismatched input '&amp;' expecting {'(', '{'}
line 210:42 mismatched input '}' expecting {'(', '{'}
line 211:39 mismatched input '}' expecting {'(', '{'}
line 218:14 mismatched input '\ifExintVar' expecting {MODALITY, FORALL, EXISTS, '\if', '\ifEx', 'true', 'false', '(', '{', '@', NOT, SEQARROW, '-', STRING_LITERAL, CHAR_LITERAL, BIN_LITERAL, HEX_LITERAL, IDENT, INT_LITERAL, FLOAT_LITERAL, DOUBLE_LITERAL, REAL_LITERAL}
line 218:27 extraneous input '(' expecting {'\lemma', '}', IDENT, '/*!'}
line 218:31 mismatched input ')' expecting {'(', '{'}
line 220:44 mismatched input ')' expecting {'(', '{'}
line 225:14 mismatched input '\ifExintVar' expecting {MODALITY, FORALL, EXISTS, '\if', '\ifEx', 'true', 'false', '(', '{', '@', NOT, SEQARROW, '-', STRING_LITERAL, CHAR_LITERAL, BIN_LITERAL, HEX_LITERAL, IDENT, INT_LITERAL, FLOAT_LITERAL, DOUBLE_LITERAL, REAL_LITERAL}
line 225:27 extraneous input '(' expecting {'\lemma', '}', IDENT, '/*!'}
line 225:31 mismatched input ')' expecting {'(', '{'}
line 227:44 mismatched input ')' expecting {'(', '{'}
line 233:14 mismatched input '\ifExintVar' expecting {MODALITY, FORALL, EXISTS, '\if', '\ifEx', 'true', 'false', '(', '{', '@', NOT, SEQARROW, '-', STRING_LITERAL, CHAR_LITERAL, BIN_LITERAL, HEX_LITERAL, IDENT, INT_LITERAL, FLOAT_LITERAL, DOUBLE_LITERAL, REAL_LITERAL}
line 233:27 extraneous input '(' expecting {'\lemma', '}', IDENT, '/*!'}
line 233:31 mismatched input ')' expecting {'(', '{'}
line 237:42 mismatched input '}' expecting {'(', '{'}
line 238:34 mismatched input '}' expecting {'(', '{'}
line 239:28 extraneous input '(' expecting {'\lemma', '}', IDENT, '/*!'}
line 239:33 mismatched input '-&gt;' expecting {'(', '{'}
line 240:8 extraneous input '\replacewith' expecting {'\lemma', '}', IDENT, '/*!'}
line 240:25 mismatched input ')' expecting {'(', '{'}
line 240:56 mismatched input ')' expecting {'(', '{'}
line 245:14 mismatched input '\ifExintVar' expecting {MODALITY, FORALL, EXISTS, '\if', '\ifEx', 'true', 'false', '(', '{', '@', NOT, SEQARROW, '-', STRING_LITERAL, CHAR_LITERAL, BIN_LITERAL, HEX_LITERAL, IDENT, INT_LITERAL, FLOAT_LITERAL, DOUBLE_LITERAL, REAL_LITERAL}
line 245:27 extraneous input '(' expecting {'\lemma', '}', IDENT, '/*!'}
line 245:31 mismatched input ')' expecting {'(', '{'}
line 248:45 mismatched input '}' expecting {'(', '{'}
line 249:8 extraneous input '\replacewith' expecting {'\lemma', '}', IDENT, '/*!'}
line 249:38 mismatched input ')' expecting {'(', '{'}
line 250:42 mismatched input '}' expecting {'(', '{'}
line 251:28 extraneous input '(' expecting {'\lemma', '}', IDENT, '/*!'}
line 251:33 mismatched input '-&gt;' expecting {'(', '{'}
line 255:14 mismatched input '\ifExintVar' expecting {MODALITY, FORALL, EXISTS, '\if', '\ifEx', 'true', 'false', '(', '{', '@', NOT, SEQARROW, '-', STRING_LITERAL, CHAR_LITERAL, BIN_LITERAL, HEX_LITERAL, IDENT, INT_LITERAL, FLOAT_LITERAL, DOUBLE_LITERAL, REAL_LITERAL}
line 255:27 extraneous input '(' expecting {'\lemma', '}', IDENT, '/*!'}
line 255:31 mismatched input ')' expecting {'(', '{'}
line 258:52 extraneous input '0' expecting {'\lemma', '}', IDENT, '/*!'}
line 258:54 mismatched input 'then' expecting {&lt;EOF&gt;, '\problem', '\chooseContract', '\proofObligation', '\proof'}
)
	at app//de.uka.ilkd.key.control.AbstractUserInterfaceControl.load(AbstractUserInterfaceControl.java:221)
	at app//de.uka.ilkd.key.control.KeYEnvironment.load(KeYEnvironment.java:251)
	at app//de.uka.ilkd.key.control.KeYEnvironment.load(KeYEnvironment.java:224)
	at app//de.uka.ilkd.key.control.KeYEnvironment.load(KeYEnvironment.java:184)
	at app//de.uka.ilkd.key.logic.TestTermLabelManager.createTestServices(TestTermLabelManager.java:624)
	at app//de.uka.ilkd.key.logic.TestTermLabelManager.doRefactoringTestLogging(TestTermLabelManager.java:106)
	at app//de.uka.ilkd.key.logic.TestTermLabelManager.testrefactorGoal_childrenAndGrandchildren_allRules(TestTermLabelManager.java:45)
	at java.base@11.0.18/jdk.internal.reflect.NativeMethodAccessorImpl.invoke0(Native Method)
	at java.base@11.0.18/jdk.internal.reflect.NativeMethodAccessorImpl.invoke(NativeMethodAccessorImpl.java:62)
	at java.base@11.0.18/jdk.internal.reflect.DelegatingMethodAccessorImpl.invoke(DelegatingMethodAccessorImpl.java:43)
	at java.base@11.0.18/java.lang.reflect.Method.invoke(Method.java:566)
	at app//org.junit.platform.commons.util.ReflectionUtils.invokeMethod(ReflectionUtils.java:725)
	at app//org.junit.jupiter.engine.execution.MethodInvocation.proceed(MethodInvocation.java:60)
	at app//org.junit.jupiter.engine.execution.InvocationInterceptorChain$ValidatingInvocation.proceed(InvocationInterceptorChain.java:131)
	at app//org.junit.jupiter.engine.extension.TimeoutExtension.intercept(TimeoutExtension.java:149)
	at app//org.junit.jupiter.engine.extension.TimeoutExtension.interceptTestableMethod(TimeoutExtension.java:140)
	at app//org.junit.jupiter.engine.extension.TimeoutExtension.interceptTestMethod(TimeoutExtension.java:84)
	at app//org.junit.jupiter.engine.execution.ExecutableInvoker$ReflectiveInterceptorCall.lambda$ofVoidMethod$0(ExecutableInvoker.java:115)
	at app//org.junit.jupiter.engine.execution.ExecutableInvoker.lambda$invoke$0(ExecutableInvoker.java:105)
	at app//org.junit.jupiter.engine.execution.InvocationInterceptorChain$InterceptedInvocation.proceed(InvocationInterceptorChain.java:106)
	at app//org.junit.jupiter.engine.execution.InvocationInterceptorChain.proceed(InvocationInterceptorChain.java:64)
	at app//org.junit.jupiter.engine.execution.InvocationInterceptorChain.chainAndInvoke(InvocationInterceptorChain.java:45)
	at app//org.junit.jupiter.engine.execution.InvocationInterceptorChain.invoke(InvocationInterceptorChain.java:37)
	at app//org.junit.jupiter.engine.execution.ExecutableInvoker.invoke(ExecutableInvoker.java:104)
	at app//org.junit.jupiter.engine.execution.ExecutableInvoker.invoke(ExecutableInvoker.java:98)
	at app//org.junit.jupiter.engine.descriptor.TestMethodTestDescriptor.lambda$invokeTestMethod$7(TestMethodTestDescriptor.java:214)
	at app//org.junit.platform.engine.support.hierarchical.ThrowableCollector.execute(ThrowableCollector.java:73)
	at app//org.junit.jupiter.engine.descriptor.TestMethodTestDescriptor.invokeTestMethod(TestMethodTestDescriptor.java:210)
	at app//org.junit.jupiter.engine.descriptor.TestMethodTestDescriptor.execute(TestMethodTestDescriptor.java:135)
	at app//org.junit.jupiter.engine.descriptor.TestMethodTestDescriptor.execute(TestMethodTestDescriptor.java:66)
	at app//org.junit.platform.engine.support.hierarchical.NodeTestTask.lambda$executeRecursively$6(NodeTestTask.java:151)
	at app//org.junit.platform.engine.support.hierarchical.ThrowableCollector.execute(ThrowableCollector.java:73)
	at app//org.junit.platform.engine.support.hierarchical.NodeTestTask.lambda$executeRecursively$8(NodeTestTask.java:141)
	at app//org.junit.platform.engine.support.hierarchical.Node.around(Node.java:137)
	at app//org.junit.platform.engine.support.hierarchical.NodeTestTask.lambda$executeRecursively$9(NodeTestTask.java:139)
	at app//org.junit.platform.engine.support.hierarchical.ThrowableCollector.execute(ThrowableCollector.java:73)
	at app//org.junit.platform.engine.support.hierarchical.NodeTestTask.executeRecursively(NodeTestTask.java:138)
	at app//org.junit.platform.engine.support.hierarchical.NodeTestTask.execute(NodeTestTask.java:95)
	at java.base@11.0.18/java.util.ArrayList.forEach(ArrayList.java:1541)
	at app//org.junit.platform.engine.support.hierarchical.SameThreadHierarchicalTestExecutorService.invokeAll(SameThreadHierarchicalTestExecutorService.java:41)
	at app//org.junit.platform.engine.support.hierarchical.NodeTestTask.lambda$executeRecursively$6(NodeTestTask.java:155)
	at app//org.junit.platform.engine.support.hierarchical.ThrowableCollector.execute(ThrowableCollector.java:73)
	at app//org.junit.platform.engine.support.hierarchical.NodeTestTask.lambda$executeRecursively$8(NodeTestTask.java:141)
	at app//org.junit.platform.engine.support.hierarchical.Node.around(Node.java:137)
	at app//org.junit.platform.engine.support.hierarchical.NodeTestTask.lambda$executeRecursively$9(NodeTestTask.java:139)
	at app//org.junit.platform.engine.support.hierarchical.ThrowableCollector.execute(ThrowableCollector.java:73)
	at app//org.junit.platform.engine.support.hierarchical.NodeTestTask.executeRecursively(NodeTestTask.java:138)
	at app//org.junit.platform.engine.support.hierarchical.NodeTestTask.execute(NodeTestTask.java:95)
	at java.base@11.0.18/java.util.ArrayList.forEach(ArrayList.java:1541)
	at app//org.junit.platform.engine.support.hierarchical.SameThreadHierarchicalTestExecutorService.invokeAll(SameThreadHierarchicalTestExecutorService.java:41)
	at app//org.junit.platform.engine.support.hierarchical.NodeTestTask.lambda$executeRecursively$6(NodeTestTask.java:155)
	at app//org.junit.platform.engine.support.hierarchical.ThrowableCollector.execute(ThrowableCollector.java:73)
	at app//org.junit.platform.engine.support.hierarchical.NodeTestTask.lambda$executeRecursively$8(NodeTestTask.java:141)
	at app//org.junit.platform.engine.support.hierarchical.Node.around(Node.java:137)
	at app//org.junit.platform.engine.support.hierarchical.NodeTestTask.lambda$executeRecursively$9(NodeTestTask.java:139)
	at app//org.junit.platform.engine.support.hierarchical.ThrowableCollector.execute(ThrowableCollector.java:73)
	at app//org.junit.platform.engine.support.hierarchical.NodeTestTask.executeRecursively(NodeTestTask.java:138)
	at app//org.junit.platform.engine.support.hierarchical.NodeTestTask.execute(NodeTestTask.java:95)
	at app//org.junit.platform.engine.support.hierarchical.SameThreadHierarchicalTestExecutorService.submit(SameThreadHierarchicalTestExecutorService.java:35)
	at app//org.junit.platform.engine.support.hierarchical.HierarchicalTestExecutor.execute(HierarchicalTestExecutor.java:57)
	at app//org.junit.platform.engine.support.hierarchical.HierarchicalTestEngine.execute(HierarchicalTestEngine.java:54)
	at org.junit.platform.launcher.core.EngineExecutionOrchestrator.execute(EngineExecutionOrchestrator.java:107)
	at org.junit.platform.launcher.core.EngineExecutionOrchestrator.execute(EngineExecutionOrchestrator.java:88)
	at org.junit.platform.launcher.core.EngineExecutionOrchestrator.lambda$execute$0(EngineExecutionOrchestrator.java:54)
	at org.junit.platform.launcher.core.EngineExecutionOrchestrator.withInterceptedStreams(EngineExecutionOrchestrator.java:67)
	at org.junit.platform.launcher.core.EngineExecutionOrchestrator.execute(EngineExecutionOrchestrator.java:52)
	at org.junit.platform.launcher.core.DefaultLauncher.execute(DefaultLauncher.java:114)
	at org.junit.platform.launcher.core.DefaultLauncher.execute(DefaultLauncher.java:86)
	at org.junit.platform.launcher.core.DefaultLauncherSession$DelegatingLauncher.execute(DefaultLauncherSession.java:86)
	at org.junit.platform.launcher.core.SessionPerRequestLauncher.execute(SessionPerRequestLauncher.java:53)
	at org.gradle.api.internal.tasks.testing.junitplatform.JUnitPlatformTestClassProcessor$CollectAllTestClassesExecutor.processAllTestClasses(JUnitPlatformTestClassProcessor.java:99)
	at org.gradle.api.internal.tasks.testing.junitplatform.JUnitPlatformTestClassProcessor$CollectAllTestClassesExecutor.access$000(JUnitPlatformTestClassProcessor.java:79)
	at org.gradle.api.internal.tasks.testing.junitplatform.JUnitPlatformTestClassProcessor.stop(JUnitPlatformTestClassProcessor.java:75)
	at org.gradle.api.internal.tasks.testing.SuiteTestClassProcessor.stop(SuiteTestClassProcessor.java:62)
	at java.base@11.0.18/jdk.internal.reflect.NativeMethodAccessorImpl.invoke0(Native Method)
	at java.base@11.0.18/jdk.internal.reflect.NativeMethodAccessorImpl.invoke(NativeMethodAccessorImpl.java:62)
	at java.base@11.0.18/jdk.internal.reflect.DelegatingMethodAccessorImpl.invoke(DelegatingMethodAccessorImpl.java:43)
	at java.base@11.0.18/java.lang.reflect.Method.invoke(Method.java:566)
	at org.gradle.internal.dispatch.ReflectionDispatch.dispatch(ReflectionDispatch.java:36)
	at org.gradle.internal.dispatch.ReflectionDispatch.dispatch(ReflectionDispatch.java:24)
	at org.gradle.internal.dispatch.ContextClassLoaderDispatch.dispatch(ContextClassLoaderDispatch.java:33)
	at org.gradle.internal.dispatch.ProxyDispatchAdapter$DispatchingInvocationHandler.invoke(ProxyDispatchAdapter.java:94)
	at com.sun.proxy.$Proxy2.stop(Unknown Source)
	at org.gradle.api.internal.tasks.testing.worker.TestWorker$3.run(TestWorker.java:193)
	at org.gradle.api.internal.tasks.testing.worker.TestWorker.executeAndMaintainThreadName(TestWorker.java:129)
	at org.gradle.api.internal.tasks.testing.worker.TestWorker.execute(TestWorker.java:100)
	at org.gradle.api.internal.tasks.testing.worker.TestWorker.execute(TestWorker.java:60)
	at org.gradle.process.internal.worker.child.ActionExecutionWorker.execute(ActionExecutionWorker.java:56)
	at org.gradle.process.internal.worker.child.SystemApplicationClassLoaderWorker.call(SystemApplicationClassLoaderWorker.java:113)
	at org.gradle.process.internal.worker.child.SystemApplicationClassLoaderWorker.call(SystemApplicationClassLoaderWorker.java:65)
	at app//worker.org.gradle.process.internal.worker.GradleWorkerMain.run(GradleWorkerMain.java:69)
	at app//worker.org.gradle.process.internal.worker.GradleWorkerMain.main(GradleWorkerMain.java:74)
Caused by: de.uka.ilkd.key.proof.init.ProofInputException: line 135:14 mismatched input '\ifExintVar' expecting {MODALITY, FORALL, EXISTS, '\if', '\ifEx', 'true', 'false', '(', '{', '@', NOT, SEQARROW, '-', STRING_LITERAL, CHAR_LITERAL, BIN_LITERAL, HEX_LITERAL, IDENT, INT_LITERAL, FLOAT_LITERAL, DOUBLE_LITERAL, REAL_LITERAL}
line 135:27 extraneous input '(' expecting {'\lemma', '}', IDENT, '/*!'}
line 135:44 mismatched input ')' expecting {'(', '{'}
line 141:14 mismatched input '\ifExintVar' expecting {MODALITY, FORALL, EXISTS, '\if', '\ifEx', 'true', 'false', '(', '{', '@', NOT, SEQARROW, '-', STRING_LITERAL, CHAR_LITERAL, BIN_LITERAL, HEX_LITERAL, IDENT, INT_LITERAL, FLOAT_LITERAL, DOUBLE_LITERAL, REAL_LITERAL}
line 141:27 extraneous input '(' expecting {'\lemma', '}', IDENT, '/*!'}
line 141:41 mismatched input ')' expecting {'(', '{'}
line 148:14 mismatched input '\ifExintVar' expecting {MODALITY, FORALL, EXISTS, '\if', '\ifEx', 'true', 'false', '(', '{', '@', NOT, SEQARROW, '-', STRING_LITERAL, CHAR_LITERAL, BIN_LITERAL, HEX_LITERAL, IDENT, INT_LITERAL, FLOAT_LITERAL, DOUBLE_LITERAL, REAL_LITERAL}
line 148:27 extraneous input '(' expecting {'\lemma', '}', IDENT, '/*!'}
line 148:35 mismatched input '=' expecting {'(', '{'}
line 150:38 mismatched input '}' expecting {'(', '{'}
line 155:14 mismatched input '\ifExintVar' expecting {MODALITY, FORALL, EXISTS, '\if', '\ifEx', 'true', 'false', '(', '{', '@', NOT, SEQARROW, '-', STRING_LITERAL, CHAR_LITERAL, BIN_LITERAL, HEX_LITERAL, IDENT, INT_LITERAL, FLOAT_LITERAL, DOUBLE_LITERAL, REAL_LITERAL}
line 155:27 extraneous input '(' expecting {'\lemma', '}', IDENT, '/*!'}
line 155:35 mismatched input '=' expecting {'(', '{'}
line 157:38 mismatched input '}' expecting {'(', '{'}
line 163:14 mismatched input '\ifExintVar' expecting {MODALITY, FORALL, EXISTS, '\if', '\ifEx', 'true', 'false', '(', '{', '@', NOT, SEQARROW, '-', STRING_LITERAL, CHAR_LITERAL, BIN_LITERAL, HEX_LITERAL, IDENT, INT_LITERAL, FLOAT_LITERAL, DOUBLE_LITERAL, REAL_LITERAL}
line 163:27 extraneous input '(' expecting {'\lemma', '}', IDENT, '/*!'}
line 163:30 mismatched input '=' expecting {'(', '{'}
line 165:38 mismatched input '}' expecting {'(', '{'}
line 171:14 mismatched input '\ifExintVar' expecting {MODALITY, FORALL, EXISTS, '\if', '\ifEx', 'true', 'false', '(', '{', '@', NOT, SEQARROW, '-', STRING_LITERAL, CHAR_LITERAL, BIN_LITERAL, HEX_LITERAL, IDENT, INT_LITERAL, FLOAT_LITERAL, DOUBLE_LITERAL, REAL_LITERAL}
line 171:27 extraneous input '(' expecting {'\lemma', '}', IDENT, '/*!'}
line 171:30 mismatched input '=' expecting {'(', '{'}
line 173:38 mismatched input '}' expecting {'(', '{'}
line 179:14 mismatched input '\ifExintVar' expecting {MODALITY, FORALL, EXISTS, '\if', '\ifEx', 'true', 'false', '(', '{', '@', NOT, SEQARROW, '-', STRING_LITERAL, CHAR_LITERAL, BIN_LITERAL, HEX_LITERAL, IDENT, INT_LITERAL, FLOAT_LITERAL, DOUBLE_LITERAL, REAL_LITERAL}
line 179:27 extraneous input '(' expecting {'\lemma', '}', IDENT, '/*!'}
line 179:32 mismatched input '&amp;' expecting {'(', '{'}
line 181:42 mismatched input '}' expecting {'(', '{'}
line 182:39 mismatched input '}' expecting {'(', '{'}
line 188:14 mismatched input '\ifExintVar' expecting {MODALITY, FORALL, EXISTS, '\if', '\ifEx', 'true', 'false', '(', '{', '@', NOT, SEQARROW, '-', STRING_LITERAL, CHAR_LITERAL, BIN_LITERAL, HEX_LITERAL, IDENT, INT_LITERAL, FLOAT_LITERAL, DOUBLE_LITERAL, REAL_LITERAL}
line 188:27 extraneous input '(' expecting {'\lemma', '}', IDENT, '/*!'}
line 188:32 mismatched input '&amp;' expecting {'(', '{'}
line 190:42 mismatched input '}' expecting {'(', '{'}
line 191:39 mismatched input '}' expecting {'(', '{'}
line 198:14 mismatched input '\ifExintVar' expecting {MODALITY, FORALL, EXISTS, '\if', '\ifEx', 'true', 'false', '(', '{', '@', NOT, SEQARROW, '-', STRING_LITERAL, CHAR_LITERAL, BIN_LITERAL, HEX_LITERAL, IDENT, INT_LITERAL, FLOAT_LITERAL, DOUBLE_LITERAL, REAL_LITERAL}
line 198:27 extraneous input '(' expecting {'\lemma', '}', IDENT, '/*!'}
line 198:32 mismatched input '&amp;' expecting {'(', '{'}
line 200:42 mismatched input '}' expecting {'(', '{'}
line 201:39 mismatched input '}' expecting {'(', '{'}
line 208:14 mismatched input '\ifExintVar' expecting {MODALITY, FORALL, EXISTS, '\if', '\ifEx', 'true', 'false', '(', '{', '@', NOT, SEQARROW, '-', STRING_LITERAL, CHAR_LITERAL, BIN_LITERAL, HEX_LITERAL, IDENT, INT_LITERAL, FLOAT_LITERAL, DOUBLE_LITERAL, REAL_LITERAL}
line 208:27 extraneous input '(' expecting {'\lemma', '}', IDENT, '/*!'}
line 208:32 mismatched input '&amp;' expecting {'(', '{'}
line 210:42 mismatched input '}' expecting {'(', '{'}
line 211:39 mismatched input '}' expecting {'(', '{'}
line 218:14 mismatched input '\ifExintVar' expecting {MODALITY, FORALL, EXISTS, '\if', '\ifEx', 'true', 'false', '(', '{', '@', NOT, SEQARROW, '-', STRING_LITERAL, CHAR_LITERAL, BIN_LITERAL, HEX_LITERAL, IDENT, INT_LITERAL, FLOAT_LITERAL, DOUBLE_LITERAL, REAL_LITERAL}
line 218:27 extraneous input '(' expecting {'\lemma', '}', IDENT, '/*!'}
line 218:31 mismatched input ')' expecting {'(', '{'}
line 220:44 mismatched input ')' expecting {'(', '{'}
line 225:14 mismatched input '\ifExintVar' expecting {MODALITY, FORALL, EXISTS, '\if', '\ifEx', 'true', 'false', '(', '{', '@', NOT, SEQARROW, '-', STRING_LITERAL, CHAR_LITERAL, BIN_LITERAL, HEX_LITERAL, IDENT, INT_LITERAL, FLOAT_LITERAL, DOUBLE_LITERAL, REAL_LITERAL}
line 225:27 extraneous input '(' expecting {'\lemma', '}', IDENT, '/*!'}
line 225:31 mismatched input ')' expecting {'(', '{'}
line 227:44 mismatched input ')' expecting {'(', '{'}
line 233:14 mismatched input '\ifExintVar' expecting {MODALITY, FORALL, EXISTS, '\if', '\ifEx', 'true', 'false', '(', '{', '@', NOT, SEQARROW, '-', STRING_LITERAL, CHAR_LITERAL, BIN_LITERAL, HEX_LITERAL, IDENT, INT_LITERAL, FLOAT_LITERAL, DOUBLE_LITERAL, REAL_LITERAL}
line 233:27 extraneous input '(' expecting {'\lemma', '}', IDENT, '/*!'}
line 233:31 mismatched input ')' expecting {'(', '{'}
line 237:42 mismatched input '}' expecting {'(', '{'}
line 238:34 mismatched input '}' expecting {'(', '{'}
line 239:28 extraneous input '(' expecting {'\lemma', '}', IDENT, '/*!'}
line 239:33 mismatched input '-&gt;' expecting {'(', '{'}
line 240:8 extraneous input '\replacewith' expecting {'\lemma', '}', IDENT, '/*!'}
line 240:25 mismatched input ')' expecting {'(', '{'}
line 240:56 mismatched input ')' expecting {'(', '{'}
line 245:14 mismatched input '\ifExintVar' expecting {MODALITY, FORALL, EXISTS, '\if', '\ifEx', 'true', 'false', '(', '{', '@', NOT, SEQARROW, '-', STRING_LITERAL, CHAR_LITERAL, BIN_LITERAL, HEX_LITERAL, IDENT, INT_LITERAL, FLOAT_LITERAL, DOUBLE_LITERAL, REAL_LITERAL}
line 245:27 extraneous input '(' expecting {'\lemma', '}', IDENT, '/*!'}
line 245:31 mismatched input ')' expecting {'(', '{'}
line 248:45 mismatched input '}' expecting {'(', '{'}
line 249:8 extraneous input '\replacewith' expecting {'\lemma', '}', IDENT, '/*!'}
line 249:38 mismatched input ')' expecting {'(', '{'}
line 250:42 mismatched input '}' expecting {'(', '{'}
line 251:28 extraneous input '(' expecting {'\lemma', '}', IDENT, '/*!'}
line 251:33 mismatched input '-&gt;' expecting {'(', '{'}
line 255:14 mismatched input '\ifExintVar' expecting {MODALITY, FORALL, EXISTS, '\if', '\ifEx', 'true', 'false', '(', '{', '@', NOT, SEQARROW, '-', STRING_LITERAL, CHAR_LITERAL, BIN_LITERAL, HEX_LITERAL, IDENT, INT_LITERAL, FLOAT_LITERAL, DOUBLE_LITERAL, REAL_LITERAL}
line 255:27 extraneous input '(' expecting {'\lemma', '}', IDENT, '/*!'}
line 255:31 mismatched input ')' expecting {'(', '{'}
line 258:52 extraneous input '0' expecting {'\lemma', '}', IDENT, '/*!'}
line 258:54 mismatched input 'then' expecting {&lt;EOF&gt;, '\problem', '\chooseContract', '\proofObligation', '\proof'}

	at app//de.uka.ilkd.key.proof.io.KeYFile.readIncludes(KeYFile.java:210)
	at app//de.uka.ilkd.key.proof.init.ProblemInitializer.readIncludes(ProblemInitializer.java:177)
	at app//de.uka.ilkd.key.proof.init.ProblemInitializer.readEnvInput(ProblemInitializer.java:325)
	at app//de.uka.ilkd.key.proof.init.ProblemInitializer.readIncludes(ProblemInitializer.java:188)
	at app//de.uka.ilkd.key.proof.init.ProblemInitializer.readEnvInput(ProblemInitializer.java:325)
	at app//de.uka.ilkd.key.proof.init.ProblemInitializer.prepare(ProblemInitializer.java:449)
	at app//de.uka.ilkd.key.proof.io.AbstractProblemLoader.createInitConfig(AbstractProblemLoader.java:518)
	at app//de.uka.ilkd.key.proof.io.AbstractProblemLoader.loadEnvironment(AbstractProblemLoader.java:288)
	at app//de.uka.ilkd.key.proof.io.AbstractProblemLoader.load(AbstractProblemLoader.java:252)
	at app//de.uka.ilkd.key.control.AbstractUserInterfaceControl.load(AbstractUserInterfaceControl.java:209)
	... 91 more
Caused by: de.uka.ilkd.key.util.parsing.SyntaxErrorReporter$ParserException: line 135:14 mismatched input '\ifExintVar' expecting {MODALITY, FORALL, EXISTS, '\if', '\ifEx', 'true', 'false', '(', '{', '@', NOT, SEQARROW, '-', STRING_LITERAL, CHAR_LITERAL, BIN_LITERAL, HEX_LITERAL, IDENT, INT_LITERAL, FLOAT_LITERAL, DOUBLE_LITERAL, REAL_LITERAL}
line 135:27 extraneous input '(' expecting {'\lemma', '}', IDENT, '/*!'}
line 135:44 mismatched input ')' expecting {'(', '{'}
line 141:14 mismatched input '\ifExintVar' expecting {MODALITY, FORALL, EXISTS, '\if', '\ifEx', 'true', 'false', '(', '{', '@', NOT, SEQARROW, '-', STRING_LITERAL, CHAR_LITERAL, BIN_LITERAL, HEX_LITERAL, IDENT, INT_LITERAL, FLOAT_LITERAL, DOUBLE_LITERAL, REAL_LITERAL}
line 141:27 extraneous input '(' expecting {'\lemma', '}', IDENT, '/*!'}
line 141:41 mismatched input ')' expecting {'(', '{'}
line 148:14 mismatched input '\ifExintVar' expecting {MODALITY, FORALL, EXISTS, '\if', '\ifEx', 'true', 'false', '(', '{', '@', NOT, SEQARROW, '-', STRING_LITERAL, CHAR_LITERAL, BIN_LITERAL, HEX_LITERAL, IDENT, INT_LITERAL, FLOAT_LITERAL, DOUBLE_LITERAL, REAL_LITERAL}
line 148:27 extraneous input '(' expecting {'\lemma', '}', IDENT, '/*!'}
line 148:35 mismatched input '=' expecting {'(', '{'}
line 150:38 mismatched input '}' expecting {'(', '{'}
line 155:14 mismatched input '\ifExintVar' expecting {MODALITY, FORALL, EXISTS, '\if', '\ifEx', 'true', 'false', '(', '{', '@', NOT, SEQARROW, '-', STRING_LITERAL, CHAR_LITERAL, BIN_LITERAL, HEX_LITERAL, IDENT, INT_LITERAL, FLOAT_LITERAL, DOUBLE_LITERAL, REAL_LITERAL}
line 155:27 extraneous input '(' expecting {'\lemma', '}', IDENT, '/*!'}
line 155:35 mismatched input '=' expecting {'(', '{'}
line 157:38 mismatched input '}' expecting {'(', '{'}
line 163:14 mismatched input '\ifExintVar' expecting {MODALITY, FORALL, EXISTS, '\if', '\ifEx', 'true', 'false', '(', '{', '@', NOT, SEQARROW, '-', STRING_LITERAL, CHAR_LITERAL, BIN_LITERAL, HEX_LITERAL, IDENT, INT_LITERAL, FLOAT_LITERAL, DOUBLE_LITERAL, REAL_LITERAL}
line 163:27 extraneous input '(' expecting {'\lemma', '}', IDENT, '/*!'}
line 163:30 mismatched input '=' expecting {'(', '{'}
line 165:38 mismatched input '}' expecting {'(', '{'}
line 171:14 mismatched input '\ifExintVar' expecting {MODALITY, FORALL, EXISTS, '\if', '\ifEx', 'true', 'false', '(', '{', '@', NOT, SEQARROW, '-', STRING_LITERAL, CHAR_LITERAL, BIN_LITERAL, HEX_LITERAL, IDENT, INT_LITERAL, FLOAT_LITERAL, DOUBLE_LITERAL, REAL_LITERAL}
line 171:27 extraneous input '(' expecting {'\lemma', '}', IDENT, '/*!'}
line 171:30 mismatched input '=' expecting {'(', '{'}
line 173:38 mismatched input '}' expecting {'(', '{'}
line 179:14 mismatched input '\ifExintVar' expecting {MODALITY, FORALL, EXISTS, '\if', '\ifEx', 'true', 'false', '(', '{', '@', NOT, SEQARROW, '-', STRING_LITERAL, CHAR_LITERAL, BIN_LITERAL, HEX_LITERAL, IDENT, INT_LITERAL, FLOAT_LITERAL, DOUBLE_LITERAL, REAL_LITERAL}
line 179:27 extraneous input '(' expecting {'\lemma', '}', IDENT, '/*!'}
line 179:32 mismatched input '&amp;' expecting {'(', '{'}
line 181:42 mismatched input '}' expecting {'(', '{'}
line 182:39 mismatched input '}' expecting {'(', '{'}
line 188:14 mismatched input '\ifExintVar' expecting {MODALITY, FORALL, EXISTS, '\if', '\ifEx', 'true', 'false', '(', '{', '@', NOT, SEQARROW, '-', STRING_LITERAL, CHAR_LITERAL, BIN_LITERAL, HEX_LITERAL, IDENT, INT_LITERAL, FLOAT_LITERAL, DOUBLE_LITERAL, REAL_LITERAL}
line 188:27 extraneous input '(' expecting {'\lemma', '}', IDENT, '/*!'}
line 188:32 mismatched input '&amp;' expecting {'(', '{'}
line 190:42 mismatched input '}' expecting {'(', '{'}
line 191:39 mismatched input '}' expecting {'(', '{'}
line 198:14 mismatched input '\ifExintVar' expecting {MODALITY, FORALL, EXISTS, '\if', '\ifEx', 'true', 'false', '(', '{', '@', NOT, SEQARROW, '-', STRING_LITERAL, CHAR_LITERAL, BIN_LITERAL, HEX_LITERAL, IDENT, INT_LITERAL, FLOAT_LITERAL, DOUBLE_LITERAL, REAL_LITERAL}
line 198:27 extraneous input '(' expecting {'\lemma', '}', IDENT, '/*!'}
line 198:32 mismatched input '&amp;' expecting {'(', '{'}
line 200:42 mismatched input '}' expecting {'(', '{'}
line 201:39 mismatched input '}' expecting {'(', '{'}
line 208:14 mismatched input '\ifExintVar' expecting {MODALITY, FORALL, EXISTS, '\if', '\ifEx', 'true', 'false', '(', '{', '@', NOT, SEQARROW, '-', STRING_LITERAL, CHAR_LITERAL, BIN_LITERAL, HEX_LITERAL, IDENT, INT_LITERAL, FLOAT_LITERAL, DOUBLE_LITERAL, REAL_LITERAL}
line 208:27 extraneous input '(' expecting {'\lemma', '}', IDENT, '/*!'}
line 208:32 mismatched input '&amp;' expecting {'(', '{'}
line 210:42 mismatched input '}' expecting {'(', '{'}
line 211:39 mismatched input '}' expecting {'(', '{'}
line 218:14 mismatched input '\ifExintVar' expecting {MODALITY, FORALL, EXISTS, '\if', '\ifEx', 'true', 'false', '(', '{', '@', NOT, SEQARROW, '-', STRING_LITERAL, CHAR_LITERAL, BIN_LITERAL, HEX_LITERAL, IDENT, INT_LITERAL, FLOAT_LITERAL, DOUBLE_LITERAL, REAL_LITERAL}
line 218:27 extraneous input '(' expecting {'\lemma', '}', IDENT, '/*!'}
line 218:31 mismatched input ')' expecting {'(', '{'}
line 220:44 mismatched input ')' expecting {'(', '{'}
line 225:14 mismatched input '\ifExintVar' expecting {MODALITY, FORALL, EXISTS, '\if', '\ifEx', 'true', 'false', '(', '{', '@', NOT, SEQARROW, '-', STRING_LITERAL, CHAR_LITERAL, BIN_LITERAL, HEX_LITERAL, IDENT, INT_LITERAL, FLOAT_LITERAL, DOUBLE_LITERAL, REAL_LITERAL}
line 225:27 extraneous input '(' expecting {'\lemma', '}', IDENT, '/*!'}
line 225:31 mismatched input ')' expecting {'(', '{'}
line 227:44 mismatched input ')' expecting {'(', '{'}
line 233:14 mismatched input '\ifExintVar' expecting {MODALITY, FORALL, EXISTS, '\if', '\ifEx', 'true', 'false', '(', '{', '@', NOT, SEQARROW, '-', STRING_LITERAL, CHAR_LITERAL, BIN_LITERAL, HEX_LITERAL, IDENT, INT_LITERAL, FLOAT_LITERAL, DOUBLE_LITERAL, REAL_LITERAL}
line 233:27 extraneous input '(' expecting {'\lemma', '}', IDENT, '/*!'}
line 233:31 mismatched input ')' expecting {'(', '{'}
line 237:42 mismatched input '}' expecting {'(', '{'}
line 238:34 mismatched input '}' expecting {'(', '{'}
line 239:28 extraneous input '(' expecting {'\lemma', '}', IDENT, '/*!'}
line 239:33 mismatched input '-&gt;' expecting {'(', '{'}
line 240:8 extraneous input '\replacewith' expecting {'\lemma', '}', IDENT, '/*!'}
line 240:25 mismatched input ')' expecting {'(', '{'}
line 240:56 mismatched input ')' expecting {'(', '{'}
line 245:14 mismatched input '\ifExintVar' expecting {MODALITY, FORALL, EXISTS, '\if', '\ifEx', 'true', 'false', '(', '{', '@', NOT, SEQARROW, '-', STRING_LITERAL, CHAR_LITERAL, BIN_LITERAL, HEX_LITERAL, IDENT, INT_LITERAL, FLOAT_LITERAL, DOUBLE_LITERAL, REAL_LITERAL}
line 245:27 extraneous input '(' expecting {'\lemma', '}', IDENT, '/*!'}
line 245:31 mismatched input ')' expecting {'(', '{'}
line 248:45 mismatched input '}' expecting {'(', '{'}
line 249:8 extraneous input '\replacewith' expecting {'\lemma', '}', IDENT, '/*!'}
line 249:38 mismatched input ')' expecting {'(', '{'}
line 250:42 mismatched input '}' expecting {'(', '{'}
line 251:28 extraneous input '(' expecting {'\lemma', '}', IDENT, '/*!'}
line 251:33 mismatched input '-&gt;' expecting {'(', '{'}
line 255:14 mismatched input '\ifExintVar' expecting {MODALITY, FORALL, EXISTS, '\if', '\ifEx', 'true', 'false', '(', '{', '@', NOT, SEQARROW, '-', STRING_LITERAL, CHAR_LITERAL, BIN_LITERAL, HEX_LITERAL, IDENT, INT_LITERAL, FLOAT_LITERAL, DOUBLE_LITERAL, REAL_LITERAL}
line 255:27 extraneous input '(' expecting {'\lemma', '}', IDENT, '/*!'}
line 255:31 mismatched input ')' expecting {'(', '{'}
line 258:52 extraneous input '0' expecting {'\lemma', '}', IDENT, '/*!'}
line 258:54 mismatched input 'then' expecting {&lt;EOF&gt;, '\problem', '\chooseContract', '\proofObligation', '\proof'}

	at app//de.uka.ilkd.key.util.parsing.SyntaxErrorReporter.throwException(SyntaxErrorReporter.java:89)
	at app//de.uka.ilkd.key.nparser.ParsingFacade.parseFile(ParsingFacade.java:125)
	at app//de.uka.ilkd.key.proof.io.KeYFile.getParseContext(KeYFile.java:160)
	at app//de.uka.ilkd.key.proof.io.KeYFile.readIncludes(KeYFile.java:206)
	... 100 more
</failure>
  </testcase>
  <testcase name="testGetTermLabelManager()" classname="de.uka.ilkd.key.logic.TestTermLabelManager" time="0.001"/>
  <testcase name="testInstantiateLabels_applicationTermPolicies()" classname="de.uka.ilkd.key.logic.TestTermLabelManager" time="0.065">
    <failure message="org.opentest4j.AssertionFailedError" type="org.opentest4j.AssertionFailedError">org.opentest4j.AssertionFailedError
	at app//org.junit.jupiter.api.AssertionUtils.fail(AssertionUtils.java:35)
	at app//org.junit.jupiter.api.Assertions.fail(Assertions.java:115)
	at app//de.uka.ilkd.key.logic.TestTermLabelManager.testInstantiateLabels_applicationTermPolicies(TestTermLabelManager.java:474)
	at java.base@11.0.18/jdk.internal.reflect.NativeMethodAccessorImpl.invoke0(Native Method)
	at java.base@11.0.18/jdk.internal.reflect.NativeMethodAccessorImpl.invoke(NativeMethodAccessorImpl.java:62)
	at java.base@11.0.18/jdk.internal.reflect.DelegatingMethodAccessorImpl.invoke(DelegatingMethodAccessorImpl.java:43)
	at java.base@11.0.18/java.lang.reflect.Method.invoke(Method.java:566)
	at app//org.junit.platform.commons.util.ReflectionUtils.invokeMethod(ReflectionUtils.java:725)
	at app//org.junit.jupiter.engine.execution.MethodInvocation.proceed(MethodInvocation.java:60)
	at app//org.junit.jupiter.engine.execution.InvocationInterceptorChain$ValidatingInvocation.proceed(InvocationInterceptorChain.java:131)
	at app//org.junit.jupiter.engine.extension.TimeoutExtension.intercept(TimeoutExtension.java:149)
	at app//org.junit.jupiter.engine.extension.TimeoutExtension.interceptTestableMethod(TimeoutExtension.java:140)
	at app//org.junit.jupiter.engine.extension.TimeoutExtension.interceptTestMethod(TimeoutExtension.java:84)
	at app//org.junit.jupiter.engine.execution.ExecutableInvoker$ReflectiveInterceptorCall.lambda$ofVoidMethod$0(ExecutableInvoker.java:115)
	at app//org.junit.jupiter.engine.execution.ExecutableInvoker.lambda$invoke$0(ExecutableInvoker.java:105)
	at app//org.junit.jupiter.engine.execution.InvocationInterceptorChain$InterceptedInvocation.proceed(InvocationInterceptorChain.java:106)
	at app//org.junit.jupiter.engine.execution.InvocationInterceptorChain.proceed(InvocationInterceptorChain.java:64)
	at app//org.junit.jupiter.engine.execution.InvocationInterceptorChain.chainAndInvoke(InvocationInterceptorChain.java:45)
	at app//org.junit.jupiter.engine.execution.InvocationInterceptorChain.invoke(InvocationInterceptorChain.java:37)
	at app//org.junit.jupiter.engine.execution.ExecutableInvoker.invoke(ExecutableInvoker.java:104)
	at app//org.junit.jupiter.engine.execution.ExecutableInvoker.invoke(ExecutableInvoker.java:98)
	at app//org.junit.jupiter.engine.descriptor.TestMethodTestDescriptor.lambda$invokeTestMethod$7(TestMethodTestDescriptor.java:214)
	at app//org.junit.platform.engine.support.hierarchical.ThrowableCollector.execute(ThrowableCollector.java:73)
	at app//org.junit.jupiter.engine.descriptor.TestMethodTestDescriptor.invokeTestMethod(TestMethodTestDescriptor.java:210)
	at app//org.junit.jupiter.engine.descriptor.TestMethodTestDescriptor.execute(TestMethodTestDescriptor.java:135)
	at app//org.junit.jupiter.engine.descriptor.TestMethodTestDescriptor.execute(TestMethodTestDescriptor.java:66)
	at app//org.junit.platform.engine.support.hierarchical.NodeTestTask.lambda$executeRecursively$6(NodeTestTask.java:151)
	at app//org.junit.platform.engine.support.hierarchical.ThrowableCollector.execute(ThrowableCollector.java:73)
	at app//org.junit.platform.engine.support.hierarchical.NodeTestTask.lambda$executeRecursively$8(NodeTestTask.java:141)
	at app//org.junit.platform.engine.support.hierarchical.Node.around(Node.java:137)
	at app//org.junit.platform.engine.support.hierarchical.NodeTestTask.lambda$executeRecursively$9(NodeTestTask.java:139)
	at app//org.junit.platform.engine.support.hierarchical.ThrowableCollector.execute(ThrowableCollector.java:73)
	at app//org.junit.platform.engine.support.hierarchical.NodeTestTask.executeRecursively(NodeTestTask.java:138)
	at app//org.junit.platform.engine.support.hierarchical.NodeTestTask.execute(NodeTestTask.java:95)
	at java.base@11.0.18/java.util.ArrayList.forEach(ArrayList.java:1541)
	at app//org.junit.platform.engine.support.hierarchical.SameThreadHierarchicalTestExecutorService.invokeAll(SameThreadHierarchicalTestExecutorService.java:41)
	at app//org.junit.platform.engine.support.hierarchical.NodeTestTask.lambda$executeRecursively$6(NodeTestTask.java:155)
	at app//org.junit.platform.engine.support.hierarchical.ThrowableCollector.execute(ThrowableCollector.java:73)
	at app//org.junit.platform.engine.support.hierarchical.NodeTestTask.lambda$executeRecursively$8(NodeTestTask.java:141)
	at app//org.junit.platform.engine.support.hierarchical.Node.around(Node.java:137)
	at app//org.junit.platform.engine.support.hierarchical.NodeTestTask.lambda$executeRecursively$9(NodeTestTask.java:139)
	at app//org.junit.platform.engine.support.hierarchical.ThrowableCollector.execute(ThrowableCollector.java:73)
	at app//org.junit.platform.engine.support.hierarchical.NodeTestTask.executeRecursively(NodeTestTask.java:138)
	at app//org.junit.platform.engine.support.hierarchical.NodeTestTask.execute(NodeTestTask.java:95)
	at java.base@11.0.18/java.util.ArrayList.forEach(ArrayList.java:1541)
	at app//org.junit.platform.engine.support.hierarchical.SameThreadHierarchicalTestExecutorService.invokeAll(SameThreadHierarchicalTestExecutorService.java:41)
	at app//org.junit.platform.engine.support.hierarchical.NodeTestTask.lambda$executeRecursively$6(NodeTestTask.java:155)
	at app//org.junit.platform.engine.support.hierarchical.ThrowableCollector.execute(ThrowableCollector.java:73)
	at app//org.junit.platform.engine.support.hierarchical.NodeTestTask.lambda$executeRecursively$8(NodeTestTask.java:141)
	at app//org.junit.platform.engine.support.hierarchical.Node.around(Node.java:137)
	at app//org.junit.platform.engine.support.hierarchical.NodeTestTask.lambda$executeRecursively$9(NodeTestTask.java:139)
	at app//org.junit.platform.engine.support.hierarchical.ThrowableCollector.execute(ThrowableCollector.java:73)
	at app//org.junit.platform.engine.support.hierarchical.NodeTestTask.executeRecursively(NodeTestTask.java:138)
	at app//org.junit.platform.engine.support.hierarchical.NodeTestTask.execute(NodeTestTask.java:95)
	at app//org.junit.platform.engine.support.hierarchical.SameThreadHierarchicalTestExecutorService.submit(SameThreadHierarchicalTestExecutorService.java:35)
	at app//org.junit.platform.engine.support.hierarchical.HierarchicalTestExecutor.execute(HierarchicalTestExecutor.java:57)
	at app//org.junit.platform.engine.support.hierarchical.HierarchicalTestEngine.execute(HierarchicalTestEngine.java:54)
	at org.junit.platform.launcher.core.EngineExecutionOrchestrator.execute(EngineExecutionOrchestrator.java:107)
	at org.junit.platform.launcher.core.EngineExecutionOrchestrator.execute(EngineExecutionOrchestrator.java:88)
	at org.junit.platform.launcher.core.EngineExecutionOrchestrator.lambda$execute$0(EngineExecutionOrchestrator.java:54)
	at org.junit.platform.launcher.core.EngineExecutionOrchestrator.withInterceptedStreams(EngineExecutionOrchestrator.java:67)
	at org.junit.platform.launcher.core.EngineExecutionOrchestrator.execute(EngineExecutionOrchestrator.java:52)
	at org.junit.platform.launcher.core.DefaultLauncher.execute(DefaultLauncher.java:114)
	at org.junit.platform.launcher.core.DefaultLauncher.execute(DefaultLauncher.java:86)
	at org.junit.platform.launcher.core.DefaultLauncherSession$DelegatingLauncher.execute(DefaultLauncherSession.java:86)
	at org.junit.platform.launcher.core.SessionPerRequestLauncher.execute(SessionPerRequestLauncher.java:53)
	at org.gradle.api.internal.tasks.testing.junitplatform.JUnitPlatformTestClassProcessor$CollectAllTestClassesExecutor.processAllTestClasses(JUnitPlatformTestClassProcessor.java:99)
	at org.gradle.api.internal.tasks.testing.junitplatform.JUnitPlatformTestClassProcessor$CollectAllTestClassesExecutor.access$000(JUnitPlatformTestClassProcessor.java:79)
	at org.gradle.api.internal.tasks.testing.junitplatform.JUnitPlatformTestClassProcessor.stop(JUnitPlatformTestClassProcessor.java:75)
	at org.gradle.api.internal.tasks.testing.SuiteTestClassProcessor.stop(SuiteTestClassProcessor.java:62)
	at java.base@11.0.18/jdk.internal.reflect.NativeMethodAccessorImpl.invoke0(Native Method)
	at java.base@11.0.18/jdk.internal.reflect.NativeMethodAccessorImpl.invoke(NativeMethodAccessorImpl.java:62)
	at java.base@11.0.18/jdk.internal.reflect.DelegatingMethodAccessorImpl.invoke(DelegatingMethodAccessorImpl.java:43)
	at java.base@11.0.18/java.lang.reflect.Method.invoke(Method.java:566)
	at org.gradle.internal.dispatch.ReflectionDispatch.dispatch(ReflectionDispatch.java:36)
	at org.gradle.internal.dispatch.ReflectionDispatch.dispatch(ReflectionDispatch.java:24)
	at org.gradle.internal.dispatch.ContextClassLoaderDispatch.dispatch(ContextClassLoaderDispatch.java:33)
	at org.gradle.internal.dispatch.ProxyDispatchAdapter$DispatchingInvocationHandler.invoke(ProxyDispatchAdapter.java:94)
	at com.sun.proxy.$Proxy2.stop(Unknown Source)
	at org.gradle.api.internal.tasks.testing.worker.TestWorker$3.run(TestWorker.java:193)
	at org.gradle.api.internal.tasks.testing.worker.TestWorker.executeAndMaintainThreadName(TestWorker.java:129)
	at org.gradle.api.internal.tasks.testing.worker.TestWorker.execute(TestWorker.java:100)
	at org.gradle.api.internal.tasks.testing.worker.TestWorker.execute(TestWorker.java:60)
	at org.gradle.process.internal.worker.child.ActionExecutionWorker.execute(ActionExecutionWorker.java:56)
	at org.gradle.process.internal.worker.child.SystemApplicationClassLoaderWorker.call(SystemApplicationClassLoaderWorker.java:113)
	at org.gradle.process.internal.worker.child.SystemApplicationClassLoaderWorker.call(SystemApplicationClassLoaderWorker.java:65)
	at app//worker.org.gradle.process.internal.worker.GradleWorkerMain.run(GradleWorkerMain.java:69)
	at app//worker.org.gradle.process.internal.worker.GradleWorkerMain.main(GradleWorkerMain.java:74)
</failure>
  </testcase>
  <testcase name="testInstantiateLabels_modalityTermPolicies()" classname="de.uka.ilkd.key.logic.TestTermLabelManager" time="0.073">
    <failure message="org.opentest4j.AssertionFailedError" type="org.opentest4j.AssertionFailedError">org.opentest4j.AssertionFailedError
	at app//org.junit.jupiter.api.AssertionUtils.fail(AssertionUtils.java:35)
	at app//org.junit.jupiter.api.Assertions.fail(Assertions.java:115)
	at app//de.uka.ilkd.key.logic.TestTermLabelManager.testInstantiateLabels_modalityTermPolicies(TestTermLabelManager.java:437)
	at java.base@11.0.18/jdk.internal.reflect.NativeMethodAccessorImpl.invoke0(Native Method)
	at java.base@11.0.18/jdk.internal.reflect.NativeMethodAccessorImpl.invoke(NativeMethodAccessorImpl.java:62)
	at java.base@11.0.18/jdk.internal.reflect.DelegatingMethodAccessorImpl.invoke(DelegatingMethodAccessorImpl.java:43)
	at java.base@11.0.18/java.lang.reflect.Method.invoke(Method.java:566)
	at app//org.junit.platform.commons.util.ReflectionUtils.invokeMethod(ReflectionUtils.java:725)
	at app//org.junit.jupiter.engine.execution.MethodInvocation.proceed(MethodInvocation.java:60)
	at app//org.junit.jupiter.engine.execution.InvocationInterceptorChain$ValidatingInvocation.proceed(InvocationInterceptorChain.java:131)
	at app//org.junit.jupiter.engine.extension.TimeoutExtension.intercept(TimeoutExtension.java:149)
	at app//org.junit.jupiter.engine.extension.TimeoutExtension.interceptTestableMethod(TimeoutExtension.java:140)
	at app//org.junit.jupiter.engine.extension.TimeoutExtension.interceptTestMethod(TimeoutExtension.java:84)
	at app//org.junit.jupiter.engine.execution.ExecutableInvoker$ReflectiveInterceptorCall.lambda$ofVoidMethod$0(ExecutableInvoker.java:115)
	at app//org.junit.jupiter.engine.execution.ExecutableInvoker.lambda$invoke$0(ExecutableInvoker.java:105)
	at app//org.junit.jupiter.engine.execution.InvocationInterceptorChain$InterceptedInvocation.proceed(InvocationInterceptorChain.java:106)
	at app//org.junit.jupiter.engine.execution.InvocationInterceptorChain.proceed(InvocationInterceptorChain.java:64)
	at app//org.junit.jupiter.engine.execution.InvocationInterceptorChain.chainAndInvoke(InvocationInterceptorChain.java:45)
	at app//org.junit.jupiter.engine.execution.InvocationInterceptorChain.invoke(InvocationInterceptorChain.java:37)
	at app//org.junit.jupiter.engine.execution.ExecutableInvoker.invoke(ExecutableInvoker.java:104)
	at app//org.junit.jupiter.engine.execution.ExecutableInvoker.invoke(ExecutableInvoker.java:98)
	at app//org.junit.jupiter.engine.descriptor.TestMethodTestDescriptor.lambda$invokeTestMethod$7(TestMethodTestDescriptor.java:214)
	at app//org.junit.platform.engine.support.hierarchical.ThrowableCollector.execute(ThrowableCollector.java:73)
	at app//org.junit.jupiter.engine.descriptor.TestMethodTestDescriptor.invokeTestMethod(TestMethodTestDescriptor.java:210)
	at app//org.junit.jupiter.engine.descriptor.TestMethodTestDescriptor.execute(TestMethodTestDescriptor.java:135)
	at app//org.junit.jupiter.engine.descriptor.TestMethodTestDescriptor.execute(TestMethodTestDescriptor.java:66)
	at app//org.junit.platform.engine.support.hierarchical.NodeTestTask.lambda$executeRecursively$6(NodeTestTask.java:151)
	at app//org.junit.platform.engine.support.hierarchical.ThrowableCollector.execute(ThrowableCollector.java:73)
	at app//org.junit.platform.engine.support.hierarchical.NodeTestTask.lambda$executeRecursively$8(NodeTestTask.java:141)
	at app//org.junit.platform.engine.support.hierarchical.Node.around(Node.java:137)
	at app//org.junit.platform.engine.support.hierarchical.NodeTestTask.lambda$executeRecursively$9(NodeTestTask.java:139)
	at app//org.junit.platform.engine.support.hierarchical.ThrowableCollector.execute(ThrowableCollector.java:73)
	at app//org.junit.platform.engine.support.hierarchical.NodeTestTask.executeRecursively(NodeTestTask.java:138)
	at app//org.junit.platform.engine.support.hierarchical.NodeTestTask.execute(NodeTestTask.java:95)
	at java.base@11.0.18/java.util.ArrayList.forEach(ArrayList.java:1541)
	at app//org.junit.platform.engine.support.hierarchical.SameThreadHierarchicalTestExecutorService.invokeAll(SameThreadHierarchicalTestExecutorService.java:41)
	at app//org.junit.platform.engine.support.hierarchical.NodeTestTask.lambda$executeRecursively$6(NodeTestTask.java:155)
	at app//org.junit.platform.engine.support.hierarchical.ThrowableCollector.execute(ThrowableCollector.java:73)
	at app//org.junit.platform.engine.support.hierarchical.NodeTestTask.lambda$executeRecursively$8(NodeTestTask.java:141)
	at app//org.junit.platform.engine.support.hierarchical.Node.around(Node.java:137)
	at app//org.junit.platform.engine.support.hierarchical.NodeTestTask.lambda$executeRecursively$9(NodeTestTask.java:139)
	at app//org.junit.platform.engine.support.hierarchical.ThrowableCollector.execute(ThrowableCollector.java:73)
	at app//org.junit.platform.engine.support.hierarchical.NodeTestTask.executeRecursively(NodeTestTask.java:138)
	at app//org.junit.platform.engine.support.hierarchical.NodeTestTask.execute(NodeTestTask.java:95)
	at java.base@11.0.18/java.util.ArrayList.forEach(ArrayList.java:1541)
	at app//org.junit.platform.engine.support.hierarchical.SameThreadHierarchicalTestExecutorService.invokeAll(SameThreadHierarchicalTestExecutorService.java:41)
	at app//org.junit.platform.engine.support.hierarchical.NodeTestTask.lambda$executeRecursively$6(NodeTestTask.java:155)
	at app//org.junit.platform.engine.support.hierarchical.ThrowableCollector.execute(ThrowableCollector.java:73)
	at app//org.junit.platform.engine.support.hierarchical.NodeTestTask.lambda$executeRecursively$8(NodeTestTask.java:141)
	at app//org.junit.platform.engine.support.hierarchical.Node.around(Node.java:137)
	at app//org.junit.platform.engine.support.hierarchical.NodeTestTask.lambda$executeRecursively$9(NodeTestTask.java:139)
	at app//org.junit.platform.engine.support.hierarchical.ThrowableCollector.execute(ThrowableCollector.java:73)
	at app//org.junit.platform.engine.support.hierarchical.NodeTestTask.executeRecursively(NodeTestTask.java:138)
	at app//org.junit.platform.engine.support.hierarchical.NodeTestTask.execute(NodeTestTask.java:95)
	at app//org.junit.platform.engine.support.hierarchical.SameThreadHierarchicalTestExecutorService.submit(SameThreadHierarchicalTestExecutorService.java:35)
	at app//org.junit.platform.engine.support.hierarchical.HierarchicalTestExecutor.execute(HierarchicalTestExecutor.java:57)
	at app//org.junit.platform.engine.support.hierarchical.HierarchicalTestEngine.execute(HierarchicalTestEngine.java:54)
	at org.junit.platform.launcher.core.EngineExecutionOrchestrator.execute(EngineExecutionOrchestrator.java:107)
	at org.junit.platform.launcher.core.EngineExecutionOrchestrator.execute(EngineExecutionOrchestrator.java:88)
	at org.junit.platform.launcher.core.EngineExecutionOrchestrator.lambda$execute$0(EngineExecutionOrchestrator.java:54)
	at org.junit.platform.launcher.core.EngineExecutionOrchestrator.withInterceptedStreams(EngineExecutionOrchestrator.java:67)
	at org.junit.platform.launcher.core.EngineExecutionOrchestrator.execute(EngineExecutionOrchestrator.java:52)
	at org.junit.platform.launcher.core.DefaultLauncher.execute(DefaultLauncher.java:114)
	at org.junit.platform.launcher.core.DefaultLauncher.execute(DefaultLauncher.java:86)
	at org.junit.platform.launcher.core.DefaultLauncherSession$DelegatingLauncher.execute(DefaultLauncherSession.java:86)
	at org.junit.platform.launcher.core.SessionPerRequestLauncher.execute(SessionPerRequestLauncher.java:53)
	at org.gradle.api.internal.tasks.testing.junitplatform.JUnitPlatformTestClassProcessor$CollectAllTestClassesExecutor.processAllTestClasses(JUnitPlatformTestClassProcessor.java:99)
	at org.gradle.api.internal.tasks.testing.junitplatform.JUnitPlatformTestClassProcessor$CollectAllTestClassesExecutor.access$000(JUnitPlatformTestClassProcessor.java:79)
	at org.gradle.api.internal.tasks.testing.junitplatform.JUnitPlatformTestClassProcessor.stop(JUnitPlatformTestClassProcessor.java:75)
	at org.gradle.api.internal.tasks.testing.SuiteTestClassProcessor.stop(SuiteTestClassProcessor.java:62)
	at java.base@11.0.18/jdk.internal.reflect.NativeMethodAccessorImpl.invoke0(Native Method)
	at java.base@11.0.18/jdk.internal.reflect.NativeMethodAccessorImpl.invoke(NativeMethodAccessorImpl.java:62)
	at java.base@11.0.18/jdk.internal.reflect.DelegatingMethodAccessorImpl.invoke(DelegatingMethodAccessorImpl.java:43)
	at java.base@11.0.18/java.lang.reflect.Method.invoke(Method.java:566)
	at org.gradle.internal.dispatch.ReflectionDispatch.dispatch(ReflectionDispatch.java:36)
	at org.gradle.internal.dispatch.ReflectionDispatch.dispatch(ReflectionDispatch.java:24)
	at org.gradle.internal.dispatch.ContextClassLoaderDispatch.dispatch(ContextClassLoaderDispatch.java:33)
	at org.gradle.internal.dispatch.ProxyDispatchAdapter$DispatchingInvocationHandler.invoke(ProxyDispatchAdapter.java:94)
	at com.sun.proxy.$Proxy2.stop(Unknown Source)
	at org.gradle.api.internal.tasks.testing.worker.TestWorker$3.run(TestWorker.java:193)
	at org.gradle.api.internal.tasks.testing.worker.TestWorker.executeAndMaintainThreadName(TestWorker.java:129)
	at org.gradle.api.internal.tasks.testing.worker.TestWorker.execute(TestWorker.java:100)
	at org.gradle.api.internal.tasks.testing.worker.TestWorker.execute(TestWorker.java:60)
	at org.gradle.process.internal.worker.child.ActionExecutionWorker.execute(ActionExecutionWorker.java:56)
	at org.gradle.process.internal.worker.child.SystemApplicationClassLoaderWorker.call(SystemApplicationClassLoaderWorker.java:113)
	at org.gradle.process.internal.worker.child.SystemApplicationClassLoaderWorker.call(SystemApplicationClassLoaderWorker.java:65)
	at app//worker.org.gradle.process.internal.worker.GradleWorkerMain.run(GradleWorkerMain.java:69)
	at app//worker.org.gradle.process.internal.worker.GradleWorkerMain.main(GradleWorkerMain.java:74)
</failure>
  </testcase>
  <testcase name="testrefactorGoal_none_allRules()" classname="de.uka.ilkd.key.logic.TestTermLabelManager" time="0.064">
    <failure message="line 135:14 mismatched input '\ifExintVar' expecting {MODALITY, FORALL, EXISTS, '\if', '\ifEx', 'true', 'false', '(', '{', '@', NOT, SEQARROW, '-', STRING_LITERAL, CHAR_LITERAL, BIN_LITERAL, HEX_LITERAL, IDENT, INT_LITERAL, FLOAT_LITERAL, DOUBLE_LITERAL, REAL_LITERAL}&#10;line 135:27 extraneous input '(' expecting {'\lemma', '}', IDENT, '/*!'}&#10;line 135:44 mismatched input ')' expecting {'(', '{'}&#10;line 141:14 mismatched input '\ifExintVar' expecting {MODALITY, FORALL, EXISTS, '\if', '\ifEx', 'true', 'false', '(', '{', '@', NOT, SEQARROW, '-', STRING_LITERAL, CHAR_LITERAL, BIN_LITERAL, HEX_LITERAL, IDENT, INT_LITERAL, FLOAT_LITERAL, DOUBLE_LITERAL, REAL_LITERAL}&#10;line 141:27 extraneous input '(' expecting {'\lemma', '}', IDENT, '/*!'}&#10;line 141:41 mismatched input ')' expecting {'(', '{'}&#10;line 148:14 mismatched input '\ifExintVar' expecting {MODALITY, FORALL, EXISTS, '\if', '\ifEx', 'true', 'false', '(', '{', '@', NOT, SEQARROW, '-', STRING_LITERAL, CHAR_LITERAL, BIN_LITERAL, HEX_LITERAL, IDENT, INT_LITERAL, FLOAT_LITERAL, DOUBLE_LITERAL, REAL_LITERAL}&#10;line 148:27 extraneous input '(' expecting {'\lemma', '}', IDENT, '/*!'}&#10;line 148:35 mismatched input '=' expecting {'(', '{'}&#10;line 150:38 mismatched input '}' expecting {'(', '{'}&#10;line 155:14 mismatched input '\ifExintVar' expecting {MODALITY, FORALL, EXISTS, '\if', '\ifEx', 'true', 'false', '(', '{', '@', NOT, SEQARROW, '-', STRING_LITERAL, CHAR_LITERAL, BIN_LITERAL, HEX_LITERAL, IDENT, INT_LITERAL, FLOAT_LITERAL, DOUBLE_LITERAL, REAL_LITERAL}&#10;line 155:27 extraneous input '(' expecting {'\lemma', '}', IDENT, '/*!'}&#10;line 155:35 mismatched input '=' expecting {'(', '{'}&#10;line 157:38 mismatched input '}' expecting {'(', '{'}&#10;line 163:14 mismatched input '\ifExintVar' expecting {MODALITY, FORALL, EXISTS, '\if', '\ifEx', 'true', 'false', '(', '{', '@', NOT, SEQARROW, '-', STRING_LITERAL, CHAR_LITERAL, BIN_LITERAL, HEX_LITERAL, IDENT, INT_LITERAL, FLOAT_LITERAL, DOUBLE_LITERAL, REAL_LITERAL}&#10;line 163:27 extraneous input '(' expecting {'\lemma', '}', IDENT, '/*!'}&#10;line 163:30 mismatched input '=' expecting {'(', '{'}&#10;line 165:38 mismatched input '}' expecting {'(', '{'}&#10;line 171:14 mismatched input '\ifExintVar' expecting {MODALITY, FORALL, EXISTS, '\if', '\ifEx', 'true', 'false', '(', '{', '@', NOT, SEQARROW, '-', STRING_LITERAL, CHAR_LITERAL, BIN_LITERAL, HEX_LITERAL, IDENT, INT_LITERAL, FLOAT_LITERAL, DOUBLE_LITERAL, REAL_LITERAL}&#10;line 171:27 extraneous input '(' expecting {'\lemma', '}', IDENT, '/*!'}&#10;line 171:30 mismatched input '=' expecting {'(', '{'}&#10;line 173:38 mismatched input '}' expecting {'(', '{'}&#10;line 179:14 mismatched input '\ifExintVar' expecting {MODALITY, FORALL, EXISTS, '\if', '\ifEx', 'true', 'false', '(', '{', '@', NOT, SEQARROW, '-', STRING_LITERAL, CHAR_LITERAL, BIN_LITERAL, HEX_LITERAL, IDENT, INT_LITERAL, FLOAT_LITERAL, DOUBLE_LITERAL, REAL_LITERAL}&#10;line 179:27 extraneous input '(' expecting {'\lemma', '}', IDENT, '/*!'}&#10;line 179:32 mismatched input '&amp;' expecting {'(', '{'}&#10;line 181:42 mismatched input '}' expecting {'(', '{'}&#10;line 182:39 mismatched input '}' expecting {'(', '{'}&#10;line 188:14 mismatched input '\ifExintVar' expecting {MODALITY, FORALL, EXISTS, '\if', '\ifEx', 'true', 'false', '(', '{', '@', NOT, SEQARROW, '-', STRING_LITERAL, CHAR_LITERAL, BIN_LITERAL, HEX_LITERAL, IDENT, INT_LITERAL, FLOAT_LITERAL, DOUBLE_LITERAL, REAL_LITERAL}&#10;line 188:27 extraneous input '(' expecting {'\lemma', '}', IDENT, '/*!'}&#10;line 188:32 mismatched input '&amp;' expecting {'(', '{'}&#10;line 190:42 mismatched input '}' expecting {'(', '{'}&#10;line 191:39 mismatched input '}' expecting {'(', '{'}&#10;line 198:14 mismatched input '\ifExintVar' expecting {MODALITY, FORALL, EXISTS, '\if', '\ifEx', 'true', 'false', '(', '{', '@', NOT, SEQARROW, '-', STRING_LITERAL, CHAR_LITERAL, BIN_LITERAL, HEX_LITERAL, IDENT, INT_LITERAL, FLOAT_LITERAL, DOUBLE_LITERAL, REAL_LITERAL}&#10;line 198:27 extraneous input '(' expecting {'\lemma', '}', IDENT, '/*!'}&#10;line 198:32 mismatched input '&amp;' expecting {'(', '{'}&#10;line 200:42 mismatched input '}' expecting {'(', '{'}&#10;line 201:39 mismatched input '}' expecting {'(', '{'}&#10;line 208:14 mismatched input '\ifExintVar' expecting {MODALITY, FORALL, EXISTS, '\if', '\ifEx', 'true', 'false', '(', '{', '@', NOT, SEQARROW, '-', STRING_LITERAL, CHAR_LITERAL, BIN_LITERAL, HEX_LITERAL, IDENT, INT_LITERAL, FLOAT_LITERAL, DOUBLE_LITERAL, REAL_LITERAL}&#10;line 208:27 extraneous input '(' expecting {'\lemma', '}', IDENT, '/*!'}&#10;line 208:32 mismatched input '&amp;' expecting {'(', '{'}&#10;line 210:42 mismatched input '}' expecting {'(', '{'}&#10;line 211:39 mismatched input '}' expecting {'(', '{'}&#10;line 218:14 mismatched input '\ifExintVar' expecting {MODALITY, FORALL, EXISTS, '\if', '\ifEx', 'true', 'false', '(', '{', '@', NOT, SEQARROW, '-', STRING_LITERAL, CHAR_LITERAL, BIN_LITERAL, HEX_LITERAL, IDENT, INT_LITERAL, FLOAT_LITERAL, DOUBLE_LITERAL, REAL_LITERAL}&#10;line 218:27 extraneous input '(' expecting {'\lemma', '}', IDENT, '/*!'}&#10;line 218:31 mismatched input ')' expecting {'(', '{'}&#10;line 220:44 mismatched input ')' expecting {'(', '{'}&#10;line 225:14 mismatched input '\ifExintVar' expecting {MODALITY, FORALL, EXISTS, '\if', '\ifEx', 'true', 'false', '(', '{', '@', NOT, SEQARROW, '-', STRING_LITERAL, CHAR_LITERAL, BIN_LITERAL, HEX_LITERAL, IDENT, INT_LITERAL, FLOAT_LITERAL, DOUBLE_LITERAL, REAL_LITERAL}&#10;line 225:27 extraneous input '(' expecting {'\lemma', '}', IDENT, '/*!'}&#10;line 225:31 mismatched input ')' expecting {'(', '{'}&#10;line 227:44 mismatched input ')' expecting {'(', '{'}&#10;line 233:14 mismatched input '\ifExintVar' expecting {MODALITY, FORALL, EXISTS, '\if', '\ifEx', 'true', 'false', '(', '{', '@', NOT, SEQARROW, '-', STRING_LITERAL, CHAR_LITERAL, BIN_LITERAL, HEX_LITERAL, IDENT, INT_LITERAL, FLOAT_LITERAL, DOUBLE_LITERAL, REAL_LITERAL}&#10;line 233:27 extraneous input '(' expecting {'\lemma', '}', IDENT, '/*!'}&#10;line 233:31 mismatched input ')' expecting {'(', '{'}&#10;line 237:42 mismatched input '}' expecting {'(', '{'}&#10;line 238:34 mismatched input '}' expecting {'(', '{'}&#10;line 239:28 extraneous input '(' expecting {'\lemma', '}', IDENT, '/*!'}&#10;line 239:33 mismatched input '-&gt;' expecting {'(', '{'}&#10;line 240:8 extraneous input '\replacewith' expecting {'\lemma', '}', IDENT, '/*!'}&#10;line 240:25 mismatched input ')' expecting {'(', '{'}&#10;line 240:56 mismatched input ')' expecting {'(', '{'}&#10;line 245:14 mismatched input '\ifExintVar' expecting {MODALITY, FORALL, EXISTS, '\if', '\ifEx', 'true', 'false', '(', '{', '@', NOT, SEQARROW, '-', STRING_LITERAL, CHAR_LITERAL, BIN_LITERAL, HEX_LITERAL, IDENT, INT_LITERAL, FLOAT_LITERAL, DOUBLE_LITERAL, REAL_LITERAL}&#10;line 245:27 extraneous input '(' expecting {'\lemma', '}', IDENT, '/*!'}&#10;line 245:31 mismatched input ')' expecting {'(', '{'}&#10;line 248:45 mismatched input '}' expecting {'(', '{'}&#10;line 249:8 extraneous input '\replacewith' expecting {'\lemma', '}', IDENT, '/*!'}&#10;line 249:38 mismatched input ')' expecting {'(', '{'}&#10;line 250:42 mismatched input '}' expecting {'(', '{'}&#10;line 251:28 extraneous input '(' expecting {'\lemma', '}', IDENT, '/*!'}&#10;line 251:33 mismatched input '-&gt;' expecting {'(', '{'}&#10;line 255:14 mismatched input '\ifExintVar' expecting {MODALITY, FORALL, EXISTS, '\if', '\ifEx', 'true', 'false', '(', '{', '@', NOT, SEQARROW, '-', STRING_LITERAL, CHAR_LITERAL, BIN_LITERAL, HEX_LITERAL, IDENT, INT_LITERAL, FLOAT_LITERAL, DOUBLE_LITERAL, REAL_LITERAL}&#10;line 255:27 extraneous input '(' expecting {'\lemma', '}', IDENT, '/*!'}&#10;line 255:31 mismatched input ')' expecting {'(', '{'}&#10;line 258:52 extraneous input '0' expecting {'\lemma', '}', IDENT, '/*!'}&#10;line 258:54 mismatched input 'then' expecting {&lt;EOF&gt;, '\problem', '\chooseContract', '\proofObligation', '\proof'}&#10; (file: src/test/resources/testcase/termLabels/flatSteps/FlatSteps.java; caused by: de.uka.ilkd.key.proof.init.ProofInputException: line 135:14 mismatched input '\ifExintVar' expecting {MODALITY, FORALL, EXISTS, '\if', '\ifEx', 'true', 'false', '(', '{', '@', NOT, SEQARROW, '-', STRING_LITERAL, CHAR_LITERAL, BIN_LITERAL, HEX_LITERAL, IDENT, INT_LITERAL, FLOAT_LITERAL, DOUBLE_LITERAL, REAL_LITERAL}&#10;line 135:27 extraneous input '(' expecting {'\lemma', '}', IDENT, '/*!'}&#10;line 135:44 mismatched input ')' expecting {'(', '{'}&#10;line 141:14 mismatched input '\ifExintVar' expecting {MODALITY, FORALL, EXISTS, '\if', '\ifEx', 'true', 'false', '(', '{', '@', NOT, SEQARROW, '-', STRING_LITERAL, CHAR_LITERAL, BIN_LITERAL, HEX_LITERAL, IDENT, INT_LITERAL, FLOAT_LITERAL, DOUBLE_LITERAL, REAL_LITERAL}&#10;line 141:27 extraneous input '(' expecting {'\lemma', '}', IDENT, '/*!'}&#10;line 141:41 mismatched input ')' expecting {'(', '{'}&#10;line 148:14 mismatched input '\ifExintVar' expecting {MODALITY, FORALL, EXISTS, '\if', '\ifEx', 'true', 'false', '(', '{', '@', NOT, SEQARROW, '-', STRING_LITERAL, CHAR_LITERAL, BIN_LITERAL, HEX_LITERAL, IDENT, INT_LITERAL, FLOAT_LITERAL, DOUBLE_LITERAL, REAL_LITERAL}&#10;line 148:27 extraneous input '(' expecting {'\lemma', '}', IDENT, '/*!'}&#10;line 148:35 mismatched input '=' expecting {'(', '{'}&#10;line 150:38 mismatched input '}' expecting {'(', '{'}&#10;line 155:14 mismatched input '\ifExintVar' expecting {MODALITY, FORALL, EXISTS, '\if', '\ifEx', 'true', 'false', '(', '{', '@', NOT, SEQARROW, '-', STRING_LITERAL, CHAR_LITERAL, BIN_LITERAL, HEX_LITERAL, IDENT, INT_LITERAL, FLOAT_LITERAL, DOUBLE_LITERAL, REAL_LITERAL}&#10;line 155:27 extraneous input '(' expecting {'\lemma', '}', IDENT, '/*!'}&#10;line 155:35 mismatched input '=' expecting {'(', '{'}&#10;line 157:38 mismatched input '}' expecting {'(', '{'}&#10;line 163:14 mismatched input '\ifExintVar' expecting {MODALITY, FORALL, EXISTS, '\if', '\ifEx', 'true', 'false', '(', '{', '@', NOT, SEQARROW, '-', STRING_LITERAL, CHAR_LITERAL, BIN_LITERAL, HEX_LITERAL, IDENT, INT_LITERAL, FLOAT_LITERAL, DOUBLE_LITERAL, REAL_LITERAL}&#10;line 163:27 extraneous input '(' expecting {'\lemma', '}', IDENT, '/*!'}&#10;line 163:30 mismatched input '=' expecting {'(', '{'}&#10;line 165:38 mismatched input '}' expecting {'(', '{'}&#10;line 171:14 mismatched input '\ifExintVar' expecting {MODALITY, FORALL, EXISTS, '\if', '\ifEx', 'true', 'false', '(', '{', '@', NOT, SEQARROW, '-', STRING_LITERAL, CHAR_LITERAL, BIN_LITERAL, HEX_LITERAL, IDENT, INT_LITERAL, FLOAT_LITERAL, DOUBLE_LITERAL, REAL_LITERAL}&#10;line 171:27 extraneous input '(' expecting {'\lemma', '}', IDENT, '/*!'}&#10;line 171:30 mismatched input '=' expecting {'(', '{'}&#10;line 173:38 mismatched input '}' expecting {'(', '{'}&#10;line 179:14 mismatched input '\ifExintVar' expecting {MODALITY, FORALL, EXISTS, '\if', '\ifEx', 'true', 'false', '(', '{', '@', NOT, SEQARROW, '-', STRING_LITERAL, CHAR_LITERAL, BIN_LITERAL, HEX_LITERAL, IDENT, INT_LITERAL, FLOAT_LITERAL, DOUBLE_LITERAL, REAL_LITERAL}&#10;line 179:27 extraneous input '(' expecting {'\lemma', '}', IDENT, '/*!'}&#10;line 179:32 mismatched input '&amp;' expecting {'(', '{'}&#10;line 181:42 mismatched input '}' expecting {'(', '{'}&#10;line 182:39 mismatched input '}' expecting {'(', '{'}&#10;line 188:14 mismatched input '\ifExintVar' expecting {MODALITY, FORALL, EXISTS, '\if', '\ifEx', 'true', 'false', '(', '{', '@', NOT, SEQARROW, '-', STRING_LITERAL, CHAR_LITERAL, BIN_LITERAL, HEX_LITERAL, IDENT, INT_LITERAL, FLOAT_LITERAL, DOUBLE_LITERAL, REAL_LITERAL}&#10;line 188:27 extraneous input '(' expecting {'\lemma', '}', IDENT, '/*!'}&#10;line 188:32 mismatched input '&amp;' expecting {'(', '{'}&#10;line 190:42 mismatched input '}' expecting {'(', '{'}&#10;line 191:39 mismatched input '}' expecting {'(', '{'}&#10;line 198:14 mismatched input '\ifExintVar' expecting {MODALITY, FORALL, EXISTS, '\if', '\ifEx', 'true', 'false', '(', '{', '@', NOT, SEQARROW, '-', STRING_LITERAL, CHAR_LITERAL, BIN_LITERAL, HEX_LITERAL, IDENT, INT_LITERAL, FLOAT_LITERAL, DOUBLE_LITERAL, REAL_LITERAL}&#10;line 198:27 extraneous input '(' expecting {'\lemma', '}', IDENT, '/*!'}&#10;line 198:32 mismatched input '&amp;' expecting {'(', '{'}&#10;line 200:42 mismatched input '}' expecting {'(', '{'}&#10;line 201:39 mismatched input '}' expecting {'(', '{'}&#10;line 208:14 mismatched input '\ifExintVar' expecting {MODALITY, FORALL, EXISTS, '\if', '\ifEx', 'true', 'false', '(', '{', '@', NOT, SEQARROW, '-', STRING_LITERAL, CHAR_LITERAL, BIN_LITERAL, HEX_LITERAL, IDENT, INT_LITERAL, FLOAT_LITERAL, DOUBLE_LITERAL, REAL_LITERAL}&#10;line 208:27 extraneous input '(' expecting {'\lemma', '}', IDENT, '/*!'}&#10;line 208:32 mismatched input '&amp;' expecting {'(', '{'}&#10;line 210:42 mismatched input '}' expecting {'(', '{'}&#10;line 211:39 mismatched input '}' expecting {'(', '{'}&#10;line 218:14 mismatched input '\ifExintVar' expecting {MODALITY, FORALL, EXISTS, '\if', '\ifEx', 'true', 'false', '(', '{', '@', NOT, SEQARROW, '-', STRING_LITERAL, CHAR_LITERAL, BIN_LITERAL, HEX_LITERAL, IDENT, INT_LITERAL, FLOAT_LITERAL, DOUBLE_LITERAL, REAL_LITERAL}&#10;line 218:27 extraneous input '(' expecting {'\lemma', '}', IDENT, '/*!'}&#10;line 218:31 mismatched input ')' expecting {'(', '{'}&#10;line 220:44 mismatched input ')' expecting {'(', '{'}&#10;line 225:14 mismatched input '\ifExintVar' expecting {MODALITY, FORALL, EXISTS, '\if', '\ifEx', 'true', 'false', '(', '{', '@', NOT, SEQARROW, '-', STRING_LITERAL, CHAR_LITERAL, BIN_LITERAL, HEX_LITERAL, IDENT, INT_LITERAL, FLOAT_LITERAL, DOUBLE_LITERAL, REAL_LITERAL}&#10;line 225:27 extraneous input '(' expecting {'\lemma', '}', IDENT, '/*!'}&#10;line 225:31 mismatched input ')' expecting {'(', '{'}&#10;line 227:44 mismatched input ')' expecting {'(', '{'}&#10;line 233:14 mismatched input '\ifExintVar' expecting {MODALITY, FORALL, EXISTS, '\if', '\ifEx', 'true', 'false', '(', '{', '@', NOT, SEQARROW, '-', STRING_LITERAL, CHAR_LITERAL, BIN_LITERAL, HEX_LITERAL, IDENT, INT_LITERAL, FLOAT_LITERAL, DOUBLE_LITERAL, REAL_LITERAL}&#10;line 233:27 extraneous input '(' expecting {'\lemma', '}', IDENT, '/*!'}&#10;line 233:31 mismatched input ')' expecting {'(', '{'}&#10;line 237:42 mismatched input '}' expecting {'(', '{'}&#10;line 238:34 mismatched input '}' expecting {'(', '{'}&#10;line 239:28 extraneous input '(' expecting {'\lemma', '}', IDENT, '/*!'}&#10;line 239:33 mismatched input '-&gt;' expecting {'(', '{'}&#10;line 240:8 extraneous input '\replacewith' expecting {'\lemma', '}', IDENT, '/*!'}&#10;line 240:25 mismatched input ')' expecting {'(', '{'}&#10;line 240:56 mismatched input ')' expecting {'(', '{'}&#10;line 245:14 mismatched input '\ifExintVar' expecting {MODALITY, FORALL, EXISTS, '\if', '\ifEx', 'true', 'false', '(', '{', '@', NOT, SEQARROW, '-', STRING_LITERAL, CHAR_LITERAL, BIN_LITERAL, HEX_LITERAL, IDENT, INT_LITERAL, FLOAT_LITERAL, DOUBLE_LITERAL, REAL_LITERAL}&#10;line 245:27 extraneous input '(' expecting {'\lemma', '}', IDENT, '/*!'}&#10;line 245:31 mismatched input ')' expecting {'(', '{'}&#10;line 248:45 mismatched input '}' expecting {'(', '{'}&#10;line 249:8 extraneous input '\replacewith' expecting {'\lemma', '}', IDENT, '/*!'}&#10;line 249:38 mismatched input ')' expecting {'(', '{'}&#10;line 250:42 mismatched input '}' expecting {'(', '{'}&#10;line 251:28 extraneous input '(' expecting {'\lemma', '}', IDENT, '/*!'}&#10;line 251:33 mismatched input '-&gt;' expecting {'(', '{'}&#10;line 255:14 mismatched input '\ifExintVar' expecting {MODALITY, FORALL, EXISTS, '\if', '\ifEx', 'true', 'false', '(', '{', '@', NOT, SEQARROW, '-', STRING_LITERAL, CHAR_LITERAL, BIN_LITERAL, HEX_LITERAL, IDENT, INT_LITERAL, FLOAT_LITERAL, DOUBLE_LITERAL, REAL_LITERAL}&#10;line 255:27 extraneous input '(' expecting {'\lemma', '}', IDENT, '/*!'}&#10;line 255:31 mismatched input ')' expecting {'(', '{'}&#10;line 258:52 extraneous input '0' expecting {'\lemma', '}', IDENT, '/*!'}&#10;line 258:54 mismatched input 'then' expecting {&lt;EOF&gt;, '\problem', '\chooseContract', '\proofObligation', '\proof'}&#10;)" type="de.uka.ilkd.key.proof.io.ProblemLoaderException">line 135:14 mismatched input '\ifExintVar' expecting {MODALITY, FORALL, EXISTS, '\if', '\ifEx', 'true', 'false', '(', '{', '@', NOT, SEQARROW, '-', STRING_LITERAL, CHAR_LITERAL, BIN_LITERAL, HEX_LITERAL, IDENT, INT_LITERAL, FLOAT_LITERAL, DOUBLE_LITERAL, REAL_LITERAL}
line 135:27 extraneous input '(' expecting {'\lemma', '}', IDENT, '/*!'}
line 135:44 mismatched input ')' expecting {'(', '{'}
line 141:14 mismatched input '\ifExintVar' expecting {MODALITY, FORALL, EXISTS, '\if', '\ifEx', 'true', 'false', '(', '{', '@', NOT, SEQARROW, '-', STRING_LITERAL, CHAR_LITERAL, BIN_LITERAL, HEX_LITERAL, IDENT, INT_LITERAL, FLOAT_LITERAL, DOUBLE_LITERAL, REAL_LITERAL}
line 141:27 extraneous input '(' expecting {'\lemma', '}', IDENT, '/*!'}
line 141:41 mismatched input ')' expecting {'(', '{'}
line 148:14 mismatched input '\ifExintVar' expecting {MODALITY, FORALL, EXISTS, '\if', '\ifEx', 'true', 'false', '(', '{', '@', NOT, SEQARROW, '-', STRING_LITERAL, CHAR_LITERAL, BIN_LITERAL, HEX_LITERAL, IDENT, INT_LITERAL, FLOAT_LITERAL, DOUBLE_LITERAL, REAL_LITERAL}
line 148:27 extraneous input '(' expecting {'\lemma', '}', IDENT, '/*!'}
line 148:35 mismatched input '=' expecting {'(', '{'}
line 150:38 mismatched input '}' expecting {'(', '{'}
line 155:14 mismatched input '\ifExintVar' expecting {MODALITY, FORALL, EXISTS, '\if', '\ifEx', 'true', 'false', '(', '{', '@', NOT, SEQARROW, '-', STRING_LITERAL, CHAR_LITERAL, BIN_LITERAL, HEX_LITERAL, IDENT, INT_LITERAL, FLOAT_LITERAL, DOUBLE_LITERAL, REAL_LITERAL}
line 155:27 extraneous input '(' expecting {'\lemma', '}', IDENT, '/*!'}
line 155:35 mismatched input '=' expecting {'(', '{'}
line 157:38 mismatched input '}' expecting {'(', '{'}
line 163:14 mismatched input '\ifExintVar' expecting {MODALITY, FORALL, EXISTS, '\if', '\ifEx', 'true', 'false', '(', '{', '@', NOT, SEQARROW, '-', STRING_LITERAL, CHAR_LITERAL, BIN_LITERAL, HEX_LITERAL, IDENT, INT_LITERAL, FLOAT_LITERAL, DOUBLE_LITERAL, REAL_LITERAL}
line 163:27 extraneous input '(' expecting {'\lemma', '}', IDENT, '/*!'}
line 163:30 mismatched input '=' expecting {'(', '{'}
line 165:38 mismatched input '}' expecting {'(', '{'}
line 171:14 mismatched input '\ifExintVar' expecting {MODALITY, FORALL, EXISTS, '\if', '\ifEx', 'true', 'false', '(', '{', '@', NOT, SEQARROW, '-', STRING_LITERAL, CHAR_LITERAL, BIN_LITERAL, HEX_LITERAL, IDENT, INT_LITERAL, FLOAT_LITERAL, DOUBLE_LITERAL, REAL_LITERAL}
line 171:27 extraneous input '(' expecting {'\lemma', '}', IDENT, '/*!'}
line 171:30 mismatched input '=' expecting {'(', '{'}
line 173:38 mismatched input '}' expecting {'(', '{'}
line 179:14 mismatched input '\ifExintVar' expecting {MODALITY, FORALL, EXISTS, '\if', '\ifEx', 'true', 'false', '(', '{', '@', NOT, SEQARROW, '-', STRING_LITERAL, CHAR_LITERAL, BIN_LITERAL, HEX_LITERAL, IDENT, INT_LITERAL, FLOAT_LITERAL, DOUBLE_LITERAL, REAL_LITERAL}
line 179:27 extraneous input '(' expecting {'\lemma', '}', IDENT, '/*!'}
line 179:32 mismatched input '&amp;' expecting {'(', '{'}
line 181:42 mismatched input '}' expecting {'(', '{'}
line 182:39 mismatched input '}' expecting {'(', '{'}
line 188:14 mismatched input '\ifExintVar' expecting {MODALITY, FORALL, EXISTS, '\if', '\ifEx', 'true', 'false', '(', '{', '@', NOT, SEQARROW, '-', STRING_LITERAL, CHAR_LITERAL, BIN_LITERAL, HEX_LITERAL, IDENT, INT_LITERAL, FLOAT_LITERAL, DOUBLE_LITERAL, REAL_LITERAL}
line 188:27 extraneous input '(' expecting {'\lemma', '}', IDENT, '/*!'}
line 188:32 mismatched input '&amp;' expecting {'(', '{'}
line 190:42 mismatched input '}' expecting {'(', '{'}
line 191:39 mismatched input '}' expecting {'(', '{'}
line 198:14 mismatched input '\ifExintVar' expecting {MODALITY, FORALL, EXISTS, '\if', '\ifEx', 'true', 'false', '(', '{', '@', NOT, SEQARROW, '-', STRING_LITERAL, CHAR_LITERAL, BIN_LITERAL, HEX_LITERAL, IDENT, INT_LITERAL, FLOAT_LITERAL, DOUBLE_LITERAL, REAL_LITERAL}
line 198:27 extraneous input '(' expecting {'\lemma', '}', IDENT, '/*!'}
line 198:32 mismatched input '&amp;' expecting {'(', '{'}
line 200:42 mismatched input '}' expecting {'(', '{'}
line 201:39 mismatched input '}' expecting {'(', '{'}
line 208:14 mismatched input '\ifExintVar' expecting {MODALITY, FORALL, EXISTS, '\if', '\ifEx', 'true', 'false', '(', '{', '@', NOT, SEQARROW, '-', STRING_LITERAL, CHAR_LITERAL, BIN_LITERAL, HEX_LITERAL, IDENT, INT_LITERAL, FLOAT_LITERAL, DOUBLE_LITERAL, REAL_LITERAL}
line 208:27 extraneous input '(' expecting {'\lemma', '}', IDENT, '/*!'}
line 208:32 mismatched input '&amp;' expecting {'(', '{'}
line 210:42 mismatched input '}' expecting {'(', '{'}
line 211:39 mismatched input '}' expecting {'(', '{'}
line 218:14 mismatched input '\ifExintVar' expecting {MODALITY, FORALL, EXISTS, '\if', '\ifEx', 'true', 'false', '(', '{', '@', NOT, SEQARROW, '-', STRING_LITERAL, CHAR_LITERAL, BIN_LITERAL, HEX_LITERAL, IDENT, INT_LITERAL, FLOAT_LITERAL, DOUBLE_LITERAL, REAL_LITERAL}
line 218:27 extraneous input '(' expecting {'\lemma', '}', IDENT, '/*!'}
line 218:31 mismatched input ')' expecting {'(', '{'}
line 220:44 mismatched input ')' expecting {'(', '{'}
line 225:14 mismatched input '\ifExintVar' expecting {MODALITY, FORALL, EXISTS, '\if', '\ifEx', 'true', 'false', '(', '{', '@', NOT, SEQARROW, '-', STRING_LITERAL, CHAR_LITERAL, BIN_LITERAL, HEX_LITERAL, IDENT, INT_LITERAL, FLOAT_LITERAL, DOUBLE_LITERAL, REAL_LITERAL}
line 225:27 extraneous input '(' expecting {'\lemma', '}', IDENT, '/*!'}
line 225:31 mismatched input ')' expecting {'(', '{'}
line 227:44 mismatched input ')' expecting {'(', '{'}
line 233:14 mismatched input '\ifExintVar' expecting {MODALITY, FORALL, EXISTS, '\if', '\ifEx', 'true', 'false', '(', '{', '@', NOT, SEQARROW, '-', STRING_LITERAL, CHAR_LITERAL, BIN_LITERAL, HEX_LITERAL, IDENT, INT_LITERAL, FLOAT_LITERAL, DOUBLE_LITERAL, REAL_LITERAL}
line 233:27 extraneous input '(' expecting {'\lemma', '}', IDENT, '/*!'}
line 233:31 mismatched input ')' expecting {'(', '{'}
line 237:42 mismatched input '}' expecting {'(', '{'}
line 238:34 mismatched input '}' expecting {'(', '{'}
line 239:28 extraneous input '(' expecting {'\lemma', '}', IDENT, '/*!'}
line 239:33 mismatched input '-&gt;' expecting {'(', '{'}
line 240:8 extraneous input '\replacewith' expecting {'\lemma', '}', IDENT, '/*!'}
line 240:25 mismatched input ')' expecting {'(', '{'}
line 240:56 mismatched input ')' expecting {'(', '{'}
line 245:14 mismatched input '\ifExintVar' expecting {MODALITY, FORALL, EXISTS, '\if', '\ifEx', 'true', 'false', '(', '{', '@', NOT, SEQARROW, '-', STRING_LITERAL, CHAR_LITERAL, BIN_LITERAL, HEX_LITERAL, IDENT, INT_LITERAL, FLOAT_LITERAL, DOUBLE_LITERAL, REAL_LITERAL}
line 245:27 extraneous input '(' expecting {'\lemma', '}', IDENT, '/*!'}
line 245:31 mismatched input ')' expecting {'(', '{'}
line 248:45 mismatched input '}' expecting {'(', '{'}
line 249:8 extraneous input '\replacewith' expecting {'\lemma', '}', IDENT, '/*!'}
line 249:38 mismatched input ')' expecting {'(', '{'}
line 250:42 mismatched input '}' expecting {'(', '{'}
line 251:28 extraneous input '(' expecting {'\lemma', '}', IDENT, '/*!'}
line 251:33 mismatched input '-&gt;' expecting {'(', '{'}
line 255:14 mismatched input '\ifExintVar' expecting {MODALITY, FORALL, EXISTS, '\if', '\ifEx', 'true', 'false', '(', '{', '@', NOT, SEQARROW, '-', STRING_LITERAL, CHAR_LITERAL, BIN_LITERAL, HEX_LITERAL, IDENT, INT_LITERAL, FLOAT_LITERAL, DOUBLE_LITERAL, REAL_LITERAL}
line 255:27 extraneous input '(' expecting {'\lemma', '}', IDENT, '/*!'}
line 255:31 mismatched input ')' expecting {'(', '{'}
line 258:52 extraneous input '0' expecting {'\lemma', '}', IDENT, '/*!'}
line 258:54 mismatched input 'then' expecting {&lt;EOF&gt;, '\problem', '\chooseContract', '\proofObligation', '\proof'}
 (file: src/test/resources/testcase/termLabels/flatSteps/FlatSteps.java; caused by: de.uka.ilkd.key.proof.init.ProofInputException: line 135:14 mismatched input '\ifExintVar' expecting {MODALITY, FORALL, EXISTS, '\if', '\ifEx', 'true', 'false', '(', '{', '@', NOT, SEQARROW, '-', STRING_LITERAL, CHAR_LITERAL, BIN_LITERAL, HEX_LITERAL, IDENT, INT_LITERAL, FLOAT_LITERAL, DOUBLE_LITERAL, REAL_LITERAL}
line 135:27 extraneous input '(' expecting {'\lemma', '}', IDENT, '/*!'}
line 135:44 mismatched input ')' expecting {'(', '{'}
line 141:14 mismatched input '\ifExintVar' expecting {MODALITY, FORALL, EXISTS, '\if', '\ifEx', 'true', 'false', '(', '{', '@', NOT, SEQARROW, '-', STRING_LITERAL, CHAR_LITERAL, BIN_LITERAL, HEX_LITERAL, IDENT, INT_LITERAL, FLOAT_LITERAL, DOUBLE_LITERAL, REAL_LITERAL}
line 141:27 extraneous input '(' expecting {'\lemma', '}', IDENT, '/*!'}
line 141:41 mismatched input ')' expecting {'(', '{'}
line 148:14 mismatched input '\ifExintVar' expecting {MODALITY, FORALL, EXISTS, '\if', '\ifEx', 'true', 'false', '(', '{', '@', NOT, SEQARROW, '-', STRING_LITERAL, CHAR_LITERAL, BIN_LITERAL, HEX_LITERAL, IDENT, INT_LITERAL, FLOAT_LITERAL, DOUBLE_LITERAL, REAL_LITERAL}
line 148:27 extraneous input '(' expecting {'\lemma', '}', IDENT, '/*!'}
line 148:35 mismatched input '=' expecting {'(', '{'}
line 150:38 mismatched input '}' expecting {'(', '{'}
line 155:14 mismatched input '\ifExintVar' expecting {MODALITY, FORALL, EXISTS, '\if', '\ifEx', 'true', 'false', '(', '{', '@', NOT, SEQARROW, '-', STRING_LITERAL, CHAR_LITERAL, BIN_LITERAL, HEX_LITERAL, IDENT, INT_LITERAL, FLOAT_LITERAL, DOUBLE_LITERAL, REAL_LITERAL}
line 155:27 extraneous input '(' expecting {'\lemma', '}', IDENT, '/*!'}
line 155:35 mismatched input '=' expecting {'(', '{'}
line 157:38 mismatched input '}' expecting {'(', '{'}
line 163:14 mismatched input '\ifExintVar' expecting {MODALITY, FORALL, EXISTS, '\if', '\ifEx', 'true', 'false', '(', '{', '@', NOT, SEQARROW, '-', STRING_LITERAL, CHAR_LITERAL, BIN_LITERAL, HEX_LITERAL, IDENT, INT_LITERAL, FLOAT_LITERAL, DOUBLE_LITERAL, REAL_LITERAL}
line 163:27 extraneous input '(' expecting {'\lemma', '}', IDENT, '/*!'}
line 163:30 mismatched input '=' expecting {'(', '{'}
line 165:38 mismatched input '}' expecting {'(', '{'}
line 171:14 mismatched input '\ifExintVar' expecting {MODALITY, FORALL, EXISTS, '\if', '\ifEx', 'true', 'false', '(', '{', '@', NOT, SEQARROW, '-', STRING_LITERAL, CHAR_LITERAL, BIN_LITERAL, HEX_LITERAL, IDENT, INT_LITERAL, FLOAT_LITERAL, DOUBLE_LITERAL, REAL_LITERAL}
line 171:27 extraneous input '(' expecting {'\lemma', '}', IDENT, '/*!'}
line 171:30 mismatched input '=' expecting {'(', '{'}
line 173:38 mismatched input '}' expecting {'(', '{'}
line 179:14 mismatched input '\ifExintVar' expecting {MODALITY, FORALL, EXISTS, '\if', '\ifEx', 'true', 'false', '(', '{', '@', NOT, SEQARROW, '-', STRING_LITERAL, CHAR_LITERAL, BIN_LITERAL, HEX_LITERAL, IDENT, INT_LITERAL, FLOAT_LITERAL, DOUBLE_LITERAL, REAL_LITERAL}
line 179:27 extraneous input '(' expecting {'\lemma', '}', IDENT, '/*!'}
line 179:32 mismatched input '&amp;' expecting {'(', '{'}
line 181:42 mismatched input '}' expecting {'(', '{'}
line 182:39 mismatched input '}' expecting {'(', '{'}
line 188:14 mismatched input '\ifExintVar' expecting {MODALITY, FORALL, EXISTS, '\if', '\ifEx', 'true', 'false', '(', '{', '@', NOT, SEQARROW, '-', STRING_LITERAL, CHAR_LITERAL, BIN_LITERAL, HEX_LITERAL, IDENT, INT_LITERAL, FLOAT_LITERAL, DOUBLE_LITERAL, REAL_LITERAL}
line 188:27 extraneous input '(' expecting {'\lemma', '}', IDENT, '/*!'}
line 188:32 mismatched input '&amp;' expecting {'(', '{'}
line 190:42 mismatched input '}' expecting {'(', '{'}
line 191:39 mismatched input '}' expecting {'(', '{'}
line 198:14 mismatched input '\ifExintVar' expecting {MODALITY, FORALL, EXISTS, '\if', '\ifEx', 'true', 'false', '(', '{', '@', NOT, SEQARROW, '-', STRING_LITERAL, CHAR_LITERAL, BIN_LITERAL, HEX_LITERAL, IDENT, INT_LITERAL, FLOAT_LITERAL, DOUBLE_LITERAL, REAL_LITERAL}
line 198:27 extraneous input '(' expecting {'\lemma', '}', IDENT, '/*!'}
line 198:32 mismatched input '&amp;' expecting {'(', '{'}
line 200:42 mismatched input '}' expecting {'(', '{'}
line 201:39 mismatched input '}' expecting {'(', '{'}
line 208:14 mismatched input '\ifExintVar' expecting {MODALITY, FORALL, EXISTS, '\if', '\ifEx', 'true', 'false', '(', '{', '@', NOT, SEQARROW, '-', STRING_LITERAL, CHAR_LITERAL, BIN_LITERAL, HEX_LITERAL, IDENT, INT_LITERAL, FLOAT_LITERAL, DOUBLE_LITERAL, REAL_LITERAL}
line 208:27 extraneous input '(' expecting {'\lemma', '}', IDENT, '/*!'}
line 208:32 mismatched input '&amp;' expecting {'(', '{'}
line 210:42 mismatched input '}' expecting {'(', '{'}
line 211:39 mismatched input '}' expecting {'(', '{'}
line 218:14 mismatched input '\ifExintVar' expecting {MODALITY, FORALL, EXISTS, '\if', '\ifEx', 'true', 'false', '(', '{', '@', NOT, SEQARROW, '-', STRING_LITERAL, CHAR_LITERAL, BIN_LITERAL, HEX_LITERAL, IDENT, INT_LITERAL, FLOAT_LITERAL, DOUBLE_LITERAL, REAL_LITERAL}
line 218:27 extraneous input '(' expecting {'\lemma', '}', IDENT, '/*!'}
line 218:31 mismatched input ')' expecting {'(', '{'}
line 220:44 mismatched input ')' expecting {'(', '{'}
line 225:14 mismatched input '\ifExintVar' expecting {MODALITY, FORALL, EXISTS, '\if', '\ifEx', 'true', 'false', '(', '{', '@', NOT, SEQARROW, '-', STRING_LITERAL, CHAR_LITERAL, BIN_LITERAL, HEX_LITERAL, IDENT, INT_LITERAL, FLOAT_LITERAL, DOUBLE_LITERAL, REAL_LITERAL}
line 225:27 extraneous input '(' expecting {'\lemma', '}', IDENT, '/*!'}
line 225:31 mismatched input ')' expecting {'(', '{'}
line 227:44 mismatched input ')' expecting {'(', '{'}
line 233:14 mismatched input '\ifExintVar' expecting {MODALITY, FORALL, EXISTS, '\if', '\ifEx', 'true', 'false', '(', '{', '@', NOT, SEQARROW, '-', STRING_LITERAL, CHAR_LITERAL, BIN_LITERAL, HEX_LITERAL, IDENT, INT_LITERAL, FLOAT_LITERAL, DOUBLE_LITERAL, REAL_LITERAL}
line 233:27 extraneous input '(' expecting {'\lemma', '}', IDENT, '/*!'}
line 233:31 mismatched input ')' expecting {'(', '{'}
line 237:42 mismatched input '}' expecting {'(', '{'}
line 238:34 mismatched input '}' expecting {'(', '{'}
line 239:28 extraneous input '(' expecting {'\lemma', '}', IDENT, '/*!'}
line 239:33 mismatched input '-&gt;' expecting {'(', '{'}
line 240:8 extraneous input '\replacewith' expecting {'\lemma', '}', IDENT, '/*!'}
line 240:25 mismatched input ')' expecting {'(', '{'}
line 240:56 mismatched input ')' expecting {'(', '{'}
line 245:14 mismatched input '\ifExintVar' expecting {MODALITY, FORALL, EXISTS, '\if', '\ifEx', 'true', 'false', '(', '{', '@', NOT, SEQARROW, '-', STRING_LITERAL, CHAR_LITERAL, BIN_LITERAL, HEX_LITERAL, IDENT, INT_LITERAL, FLOAT_LITERAL, DOUBLE_LITERAL, REAL_LITERAL}
line 245:27 extraneous input '(' expecting {'\lemma', '}', IDENT, '/*!'}
line 245:31 mismatched input ')' expecting {'(', '{'}
line 248:45 mismatched input '}' expecting {'(', '{'}
line 249:8 extraneous input '\replacewith' expecting {'\lemma', '}', IDENT, '/*!'}
line 249:38 mismatched input ')' expecting {'(', '{'}
line 250:42 mismatched input '}' expecting {'(', '{'}
line 251:28 extraneous input '(' expecting {'\lemma', '}', IDENT, '/*!'}
line 251:33 mismatched input '-&gt;' expecting {'(', '{'}
line 255:14 mismatched input '\ifExintVar' expecting {MODALITY, FORALL, EXISTS, '\if', '\ifEx', 'true', 'false', '(', '{', '@', NOT, SEQARROW, '-', STRING_LITERAL, CHAR_LITERAL, BIN_LITERAL, HEX_LITERAL, IDENT, INT_LITERAL, FLOAT_LITERAL, DOUBLE_LITERAL, REAL_LITERAL}
line 255:27 extraneous input '(' expecting {'\lemma', '}', IDENT, '/*!'}
line 255:31 mismatched input ')' expecting {'(', '{'}
line 258:52 extraneous input '0' expecting {'\lemma', '}', IDENT, '/*!'}
line 258:54 mismatched input 'then' expecting {&lt;EOF&gt;, '\problem', '\chooseContract', '\proofObligation', '\proof'}
)
	at app//de.uka.ilkd.key.control.AbstractUserInterfaceControl.load(AbstractUserInterfaceControl.java:221)
	at app//de.uka.ilkd.key.control.KeYEnvironment.load(KeYEnvironment.java:251)
	at app//de.uka.ilkd.key.control.KeYEnvironment.load(KeYEnvironment.java:224)
	at app//de.uka.ilkd.key.control.KeYEnvironment.load(KeYEnvironment.java:184)
	at app//de.uka.ilkd.key.logic.TestTermLabelManager.createTestServices(TestTermLabelManager.java:624)
	at app//de.uka.ilkd.key.logic.TestTermLabelManager.doRefactoringTestLogging(TestTermLabelManager.java:106)
	at app//de.uka.ilkd.key.logic.TestTermLabelManager.testrefactorGoal_none_allRules(TestTermLabelManager.java:75)
	at java.base@11.0.18/jdk.internal.reflect.NativeMethodAccessorImpl.invoke0(Native Method)
	at java.base@11.0.18/jdk.internal.reflect.NativeMethodAccessorImpl.invoke(NativeMethodAccessorImpl.java:62)
	at java.base@11.0.18/jdk.internal.reflect.DelegatingMethodAccessorImpl.invoke(DelegatingMethodAccessorImpl.java:43)
	at java.base@11.0.18/java.lang.reflect.Method.invoke(Method.java:566)
	at app//org.junit.platform.commons.util.ReflectionUtils.invokeMethod(ReflectionUtils.java:725)
	at app//org.junit.jupiter.engine.execution.MethodInvocation.proceed(MethodInvocation.java:60)
	at app//org.junit.jupiter.engine.execution.InvocationInterceptorChain$ValidatingInvocation.proceed(InvocationInterceptorChain.java:131)
	at app//org.junit.jupiter.engine.extension.TimeoutExtension.intercept(TimeoutExtension.java:149)
	at app//org.junit.jupiter.engine.extension.TimeoutExtension.interceptTestableMethod(TimeoutExtension.java:140)
	at app//org.junit.jupiter.engine.extension.TimeoutExtension.interceptTestMethod(TimeoutExtension.java:84)
	at app//org.junit.jupiter.engine.execution.ExecutableInvoker$ReflectiveInterceptorCall.lambda$ofVoidMethod$0(ExecutableInvoker.java:115)
	at app//org.junit.jupiter.engine.execution.ExecutableInvoker.lambda$invoke$0(ExecutableInvoker.java:105)
	at app//org.junit.jupiter.engine.execution.InvocationInterceptorChain$InterceptedInvocation.proceed(InvocationInterceptorChain.java:106)
	at app//org.junit.jupiter.engine.execution.InvocationInterceptorChain.proceed(InvocationInterceptorChain.java:64)
	at app//org.junit.jupiter.engine.execution.InvocationInterceptorChain.chainAndInvoke(InvocationInterceptorChain.java:45)
	at app//org.junit.jupiter.engine.execution.InvocationInterceptorChain.invoke(InvocationInterceptorChain.java:37)
	at app//org.junit.jupiter.engine.execution.ExecutableInvoker.invoke(ExecutableInvoker.java:104)
	at app//org.junit.jupiter.engine.execution.ExecutableInvoker.invoke(ExecutableInvoker.java:98)
	at app//org.junit.jupiter.engine.descriptor.TestMethodTestDescriptor.lambda$invokeTestMethod$7(TestMethodTestDescriptor.java:214)
	at app//org.junit.platform.engine.support.hierarchical.ThrowableCollector.execute(ThrowableCollector.java:73)
	at app//org.junit.jupiter.engine.descriptor.TestMethodTestDescriptor.invokeTestMethod(TestMethodTestDescriptor.java:210)
	at app//org.junit.jupiter.engine.descriptor.TestMethodTestDescriptor.execute(TestMethodTestDescriptor.java:135)
	at app//org.junit.jupiter.engine.descriptor.TestMethodTestDescriptor.execute(TestMethodTestDescriptor.java:66)
	at app//org.junit.platform.engine.support.hierarchical.NodeTestTask.lambda$executeRecursively$6(NodeTestTask.java:151)
	at app//org.junit.platform.engine.support.hierarchical.ThrowableCollector.execute(ThrowableCollector.java:73)
	at app//org.junit.platform.engine.support.hierarchical.NodeTestTask.lambda$executeRecursively$8(NodeTestTask.java:141)
	at app//org.junit.platform.engine.support.hierarchical.Node.around(Node.java:137)
	at app//org.junit.platform.engine.support.hierarchical.NodeTestTask.lambda$executeRecursively$9(NodeTestTask.java:139)
	at app//org.junit.platform.engine.support.hierarchical.ThrowableCollector.execute(ThrowableCollector.java:73)
	at app//org.junit.platform.engine.support.hierarchical.NodeTestTask.executeRecursively(NodeTestTask.java:138)
	at app//org.junit.platform.engine.support.hierarchical.NodeTestTask.execute(NodeTestTask.java:95)
	at java.base@11.0.18/java.util.ArrayList.forEach(ArrayList.java:1541)
	at app//org.junit.platform.engine.support.hierarchical.SameThreadHierarchicalTestExecutorService.invokeAll(SameThreadHierarchicalTestExecutorService.java:41)
	at app//org.junit.platform.engine.support.hierarchical.NodeTestTask.lambda$executeRecursively$6(NodeTestTask.java:155)
	at app//org.junit.platform.engine.support.hierarchical.ThrowableCollector.execute(ThrowableCollector.java:73)
	at app//org.junit.platform.engine.support.hierarchical.NodeTestTask.lambda$executeRecursively$8(NodeTestTask.java:141)
	at app//org.junit.platform.engine.support.hierarchical.Node.around(Node.java:137)
	at app//org.junit.platform.engine.support.hierarchical.NodeTestTask.lambda$executeRecursively$9(NodeTestTask.java:139)
	at app//org.junit.platform.engine.support.hierarchical.ThrowableCollector.execute(ThrowableCollector.java:73)
	at app//org.junit.platform.engine.support.hierarchical.NodeTestTask.executeRecursively(NodeTestTask.java:138)
	at app//org.junit.platform.engine.support.hierarchical.NodeTestTask.execute(NodeTestTask.java:95)
	at java.base@11.0.18/java.util.ArrayList.forEach(ArrayList.java:1541)
	at app//org.junit.platform.engine.support.hierarchical.SameThreadHierarchicalTestExecutorService.invokeAll(SameThreadHierarchicalTestExecutorService.java:41)
	at app//org.junit.platform.engine.support.hierarchical.NodeTestTask.lambda$executeRecursively$6(NodeTestTask.java:155)
	at app//org.junit.platform.engine.support.hierarchical.ThrowableCollector.execute(ThrowableCollector.java:73)
	at app//org.junit.platform.engine.support.hierarchical.NodeTestTask.lambda$executeRecursively$8(NodeTestTask.java:141)
	at app//org.junit.platform.engine.support.hierarchical.Node.around(Node.java:137)
	at app//org.junit.platform.engine.support.hierarchical.NodeTestTask.lambda$executeRecursively$9(NodeTestTask.java:139)
	at app//org.junit.platform.engine.support.hierarchical.ThrowableCollector.execute(ThrowableCollector.java:73)
	at app//org.junit.platform.engine.support.hierarchical.NodeTestTask.executeRecursively(NodeTestTask.java:138)
	at app//org.junit.platform.engine.support.hierarchical.NodeTestTask.execute(NodeTestTask.java:95)
	at app//org.junit.platform.engine.support.hierarchical.SameThreadHierarchicalTestExecutorService.submit(SameThreadHierarchicalTestExecutorService.java:35)
	at app//org.junit.platform.engine.support.hierarchical.HierarchicalTestExecutor.execute(HierarchicalTestExecutor.java:57)
	at app//org.junit.platform.engine.support.hierarchical.HierarchicalTestEngine.execute(HierarchicalTestEngine.java:54)
	at org.junit.platform.launcher.core.EngineExecutionOrchestrator.execute(EngineExecutionOrchestrator.java:107)
	at org.junit.platform.launcher.core.EngineExecutionOrchestrator.execute(EngineExecutionOrchestrator.java:88)
	at org.junit.platform.launcher.core.EngineExecutionOrchestrator.lambda$execute$0(EngineExecutionOrchestrator.java:54)
	at org.junit.platform.launcher.core.EngineExecutionOrchestrator.withInterceptedStreams(EngineExecutionOrchestrator.java:67)
	at org.junit.platform.launcher.core.EngineExecutionOrchestrator.execute(EngineExecutionOrchestrator.java:52)
	at org.junit.platform.launcher.core.DefaultLauncher.execute(DefaultLauncher.java:114)
	at org.junit.platform.launcher.core.DefaultLauncher.execute(DefaultLauncher.java:86)
	at org.junit.platform.launcher.core.DefaultLauncherSession$DelegatingLauncher.execute(DefaultLauncherSession.java:86)
	at org.junit.platform.launcher.core.SessionPerRequestLauncher.execute(SessionPerRequestLauncher.java:53)
	at org.gradle.api.internal.tasks.testing.junitplatform.JUnitPlatformTestClassProcessor$CollectAllTestClassesExecutor.processAllTestClasses(JUnitPlatformTestClassProcessor.java:99)
	at org.gradle.api.internal.tasks.testing.junitplatform.JUnitPlatformTestClassProcessor$CollectAllTestClassesExecutor.access$000(JUnitPlatformTestClassProcessor.java:79)
	at org.gradle.api.internal.tasks.testing.junitplatform.JUnitPlatformTestClassProcessor.stop(JUnitPlatformTestClassProcessor.java:75)
	at org.gradle.api.internal.tasks.testing.SuiteTestClassProcessor.stop(SuiteTestClassProcessor.java:62)
	at java.base@11.0.18/jdk.internal.reflect.NativeMethodAccessorImpl.invoke0(Native Method)
	at java.base@11.0.18/jdk.internal.reflect.NativeMethodAccessorImpl.invoke(NativeMethodAccessorImpl.java:62)
	at java.base@11.0.18/jdk.internal.reflect.DelegatingMethodAccessorImpl.invoke(DelegatingMethodAccessorImpl.java:43)
	at java.base@11.0.18/java.lang.reflect.Method.invoke(Method.java:566)
	at org.gradle.internal.dispatch.ReflectionDispatch.dispatch(ReflectionDispatch.java:36)
	at org.gradle.internal.dispatch.ReflectionDispatch.dispatch(ReflectionDispatch.java:24)
	at org.gradle.internal.dispatch.ContextClassLoaderDispatch.dispatch(ContextClassLoaderDispatch.java:33)
	at org.gradle.internal.dispatch.ProxyDispatchAdapter$DispatchingInvocationHandler.invoke(ProxyDispatchAdapter.java:94)
	at com.sun.proxy.$Proxy2.stop(Unknown Source)
	at org.gradle.api.internal.tasks.testing.worker.TestWorker$3.run(TestWorker.java:193)
	at org.gradle.api.internal.tasks.testing.worker.TestWorker.executeAndMaintainThreadName(TestWorker.java:129)
	at org.gradle.api.internal.tasks.testing.worker.TestWorker.execute(TestWorker.java:100)
	at org.gradle.api.internal.tasks.testing.worker.TestWorker.execute(TestWorker.java:60)
	at org.gradle.process.internal.worker.child.ActionExecutionWorker.execute(ActionExecutionWorker.java:56)
	at org.gradle.process.internal.worker.child.SystemApplicationClassLoaderWorker.call(SystemApplicationClassLoaderWorker.java:113)
	at org.gradle.process.internal.worker.child.SystemApplicationClassLoaderWorker.call(SystemApplicationClassLoaderWorker.java:65)
	at app//worker.org.gradle.process.internal.worker.GradleWorkerMain.run(GradleWorkerMain.java:69)
	at app//worker.org.gradle.process.internal.worker.GradleWorkerMain.main(GradleWorkerMain.java:74)
Caused by: de.uka.ilkd.key.proof.init.ProofInputException: line 135:14 mismatched input '\ifExintVar' expecting {MODALITY, FORALL, EXISTS, '\if', '\ifEx', 'true', 'false', '(', '{', '@', NOT, SEQARROW, '-', STRING_LITERAL, CHAR_LITERAL, BIN_LITERAL, HEX_LITERAL, IDENT, INT_LITERAL, FLOAT_LITERAL, DOUBLE_LITERAL, REAL_LITERAL}
line 135:27 extraneous input '(' expecting {'\lemma', '}', IDENT, '/*!'}
line 135:44 mismatched input ')' expecting {'(', '{'}
line 141:14 mismatched input '\ifExintVar' expecting {MODALITY, FORALL, EXISTS, '\if', '\ifEx', 'true', 'false', '(', '{', '@', NOT, SEQARROW, '-', STRING_LITERAL, CHAR_LITERAL, BIN_LITERAL, HEX_LITERAL, IDENT, INT_LITERAL, FLOAT_LITERAL, DOUBLE_LITERAL, REAL_LITERAL}
line 141:27 extraneous input '(' expecting {'\lemma', '}', IDENT, '/*!'}
line 141:41 mismatched input ')' expecting {'(', '{'}
line 148:14 mismatched input '\ifExintVar' expecting {MODALITY, FORALL, EXISTS, '\if', '\ifEx', 'true', 'false', '(', '{', '@', NOT, SEQARROW, '-', STRING_LITERAL, CHAR_LITERAL, BIN_LITERAL, HEX_LITERAL, IDENT, INT_LITERAL, FLOAT_LITERAL, DOUBLE_LITERAL, REAL_LITERAL}
line 148:27 extraneous input '(' expecting {'\lemma', '}', IDENT, '/*!'}
line 148:35 mismatched input '=' expecting {'(', '{'}
line 150:38 mismatched input '}' expecting {'(', '{'}
line 155:14 mismatched input '\ifExintVar' expecting {MODALITY, FORALL, EXISTS, '\if', '\ifEx', 'true', 'false', '(', '{', '@', NOT, SEQARROW, '-', STRING_LITERAL, CHAR_LITERAL, BIN_LITERAL, HEX_LITERAL, IDENT, INT_LITERAL, FLOAT_LITERAL, DOUBLE_LITERAL, REAL_LITERAL}
line 155:27 extraneous input '(' expecting {'\lemma', '}', IDENT, '/*!'}
line 155:35 mismatched input '=' expecting {'(', '{'}
line 157:38 mismatched input '}' expecting {'(', '{'}
line 163:14 mismatched input '\ifExintVar' expecting {MODALITY, FORALL, EXISTS, '\if', '\ifEx', 'true', 'false', '(', '{', '@', NOT, SEQARROW, '-', STRING_LITERAL, CHAR_LITERAL, BIN_LITERAL, HEX_LITERAL, IDENT, INT_LITERAL, FLOAT_LITERAL, DOUBLE_LITERAL, REAL_LITERAL}
line 163:27 extraneous input '(' expecting {'\lemma', '}', IDENT, '/*!'}
line 163:30 mismatched input '=' expecting {'(', '{'}
line 165:38 mismatched input '}' expecting {'(', '{'}
line 171:14 mismatched input '\ifExintVar' expecting {MODALITY, FORALL, EXISTS, '\if', '\ifEx', 'true', 'false', '(', '{', '@', NOT, SEQARROW, '-', STRING_LITERAL, CHAR_LITERAL, BIN_LITERAL, HEX_LITERAL, IDENT, INT_LITERAL, FLOAT_LITERAL, DOUBLE_LITERAL, REAL_LITERAL}
line 171:27 extraneous input '(' expecting {'\lemma', '}', IDENT, '/*!'}
line 171:30 mismatched input '=' expecting {'(', '{'}
line 173:38 mismatched input '}' expecting {'(', '{'}
line 179:14 mismatched input '\ifExintVar' expecting {MODALITY, FORALL, EXISTS, '\if', '\ifEx', 'true', 'false', '(', '{', '@', NOT, SEQARROW, '-', STRING_LITERAL, CHAR_LITERAL, BIN_LITERAL, HEX_LITERAL, IDENT, INT_LITERAL, FLOAT_LITERAL, DOUBLE_LITERAL, REAL_LITERAL}
line 179:27 extraneous input '(' expecting {'\lemma', '}', IDENT, '/*!'}
line 179:32 mismatched input '&amp;' expecting {'(', '{'}
line 181:42 mismatched input '}' expecting {'(', '{'}
line 182:39 mismatched input '}' expecting {'(', '{'}
line 188:14 mismatched input '\ifExintVar' expecting {MODALITY, FORALL, EXISTS, '\if', '\ifEx', 'true', 'false', '(', '{', '@', NOT, SEQARROW, '-', STRING_LITERAL, CHAR_LITERAL, BIN_LITERAL, HEX_LITERAL, IDENT, INT_LITERAL, FLOAT_LITERAL, DOUBLE_LITERAL, REAL_LITERAL}
line 188:27 extraneous input '(' expecting {'\lemma', '}', IDENT, '/*!'}
line 188:32 mismatched input '&amp;' expecting {'(', '{'}
line 190:42 mismatched input '}' expecting {'(', '{'}
line 191:39 mismatched input '}' expecting {'(', '{'}
line 198:14 mismatched input '\ifExintVar' expecting {MODALITY, FORALL, EXISTS, '\if', '\ifEx', 'true', 'false', '(', '{', '@', NOT, SEQARROW, '-', STRING_LITERAL, CHAR_LITERAL, BIN_LITERAL, HEX_LITERAL, IDENT, INT_LITERAL, FLOAT_LITERAL, DOUBLE_LITERAL, REAL_LITERAL}
line 198:27 extraneous input '(' expecting {'\lemma', '}', IDENT, '/*!'}
line 198:32 mismatched input '&amp;' expecting {'(', '{'}
line 200:42 mismatched input '}' expecting {'(', '{'}
line 201:39 mismatched input '}' expecting {'(', '{'}
line 208:14 mismatched input '\ifExintVar' expecting {MODALITY, FORALL, EXISTS, '\if', '\ifEx', 'true', 'false', '(', '{', '@', NOT, SEQARROW, '-', STRING_LITERAL, CHAR_LITERAL, BIN_LITERAL, HEX_LITERAL, IDENT, INT_LITERAL, FLOAT_LITERAL, DOUBLE_LITERAL, REAL_LITERAL}
line 208:27 extraneous input '(' expecting {'\lemma', '}', IDENT, '/*!'}
line 208:32 mismatched input '&amp;' expecting {'(', '{'}
line 210:42 mismatched input '}' expecting {'(', '{'}
line 211:39 mismatched input '}' expecting {'(', '{'}
line 218:14 mismatched input '\ifExintVar' expecting {MODALITY, FORALL, EXISTS, '\if', '\ifEx', 'true', 'false', '(', '{', '@', NOT, SEQARROW, '-', STRING_LITERAL, CHAR_LITERAL, BIN_LITERAL, HEX_LITERAL, IDENT, INT_LITERAL, FLOAT_LITERAL, DOUBLE_LITERAL, REAL_LITERAL}
line 218:27 extraneous input '(' expecting {'\lemma', '}', IDENT, '/*!'}
line 218:31 mismatched input ')' expecting {'(', '{'}
line 220:44 mismatched input ')' expecting {'(', '{'}
line 225:14 mismatched input '\ifExintVar' expecting {MODALITY, FORALL, EXISTS, '\if', '\ifEx', 'true', 'false', '(', '{', '@', NOT, SEQARROW, '-', STRING_LITERAL, CHAR_LITERAL, BIN_LITERAL, HEX_LITERAL, IDENT, INT_LITERAL, FLOAT_LITERAL, DOUBLE_LITERAL, REAL_LITERAL}
line 225:27 extraneous input '(' expecting {'\lemma', '}', IDENT, '/*!'}
line 225:31 mismatched input ')' expecting {'(', '{'}
line 227:44 mismatched input ')' expecting {'(', '{'}
line 233:14 mismatched input '\ifExintVar' expecting {MODALITY, FORALL, EXISTS, '\if', '\ifEx', 'true', 'false', '(', '{', '@', NOT, SEQARROW, '-', STRING_LITERAL, CHAR_LITERAL, BIN_LITERAL, HEX_LITERAL, IDENT, INT_LITERAL, FLOAT_LITERAL, DOUBLE_LITERAL, REAL_LITERAL}
line 233:27 extraneous input '(' expecting {'\lemma', '}', IDENT, '/*!'}
line 233:31 mismatched input ')' expecting {'(', '{'}
line 237:42 mismatched input '}' expecting {'(', '{'}
line 238:34 mismatched input '}' expecting {'(', '{'}
line 239:28 extraneous input '(' expecting {'\lemma', '}', IDENT, '/*!'}
line 239:33 mismatched input '-&gt;' expecting {'(', '{'}
line 240:8 extraneous input '\replacewith' expecting {'\lemma', '}', IDENT, '/*!'}
line 240:25 mismatched input ')' expecting {'(', '{'}
line 240:56 mismatched input ')' expecting {'(', '{'}
line 245:14 mismatched input '\ifExintVar' expecting {MODALITY, FORALL, EXISTS, '\if', '\ifEx', 'true', 'false', '(', '{', '@', NOT, SEQARROW, '-', STRING_LITERAL, CHAR_LITERAL, BIN_LITERAL, HEX_LITERAL, IDENT, INT_LITERAL, FLOAT_LITERAL, DOUBLE_LITERAL, REAL_LITERAL}
line 245:27 extraneous input '(' expecting {'\lemma', '}', IDENT, '/*!'}
line 245:31 mismatched input ')' expecting {'(', '{'}
line 248:45 mismatched input '}' expecting {'(', '{'}
line 249:8 extraneous input '\replacewith' expecting {'\lemma', '}', IDENT, '/*!'}
line 249:38 mismatched input ')' expecting {'(', '{'}
line 250:42 mismatched input '}' expecting {'(', '{'}
line 251:28 extraneous input '(' expecting {'\lemma', '}', IDENT, '/*!'}
line 251:33 mismatched input '-&gt;' expecting {'(', '{'}
line 255:14 mismatched input '\ifExintVar' expecting {MODALITY, FORALL, EXISTS, '\if', '\ifEx', 'true', 'false', '(', '{', '@', NOT, SEQARROW, '-', STRING_LITERAL, CHAR_LITERAL, BIN_LITERAL, HEX_LITERAL, IDENT, INT_LITERAL, FLOAT_LITERAL, DOUBLE_LITERAL, REAL_LITERAL}
line 255:27 extraneous input '(' expecting {'\lemma', '}', IDENT, '/*!'}
line 255:31 mismatched input ')' expecting {'(', '{'}
line 258:52 extraneous input '0' expecting {'\lemma', '}', IDENT, '/*!'}
line 258:54 mismatched input 'then' expecting {&lt;EOF&gt;, '\problem', '\chooseContract', '\proofObligation', '\proof'}

	at app//de.uka.ilkd.key.proof.io.KeYFile.readIncludes(KeYFile.java:210)
	at app//de.uka.ilkd.key.proof.init.ProblemInitializer.readIncludes(ProblemInitializer.java:177)
	at app//de.uka.ilkd.key.proof.init.ProblemInitializer.readEnvInput(ProblemInitializer.java:325)
	at app//de.uka.ilkd.key.proof.init.ProblemInitializer.readIncludes(ProblemInitializer.java:188)
	at app//de.uka.ilkd.key.proof.init.ProblemInitializer.readEnvInput(ProblemInitializer.java:325)
	at app//de.uka.ilkd.key.proof.init.ProblemInitializer.prepare(ProblemInitializer.java:449)
	at app//de.uka.ilkd.key.proof.io.AbstractProblemLoader.createInitConfig(AbstractProblemLoader.java:518)
	at app//de.uka.ilkd.key.proof.io.AbstractProblemLoader.loadEnvironment(AbstractProblemLoader.java:288)
	at app//de.uka.ilkd.key.proof.io.AbstractProblemLoader.load(AbstractProblemLoader.java:252)
	at app//de.uka.ilkd.key.control.AbstractUserInterfaceControl.load(AbstractUserInterfaceControl.java:209)
	... 91 more
Caused by: de.uka.ilkd.key.util.parsing.SyntaxErrorReporter$ParserException: line 135:14 mismatched input '\ifExintVar' expecting {MODALITY, FORALL, EXISTS, '\if', '\ifEx', 'true', 'false', '(', '{', '@', NOT, SEQARROW, '-', STRING_LITERAL, CHAR_LITERAL, BIN_LITERAL, HEX_LITERAL, IDENT, INT_LITERAL, FLOAT_LITERAL, DOUBLE_LITERAL, REAL_LITERAL}
line 135:27 extraneous input '(' expecting {'\lemma', '}', IDENT, '/*!'}
line 135:44 mismatched input ')' expecting {'(', '{'}
line 141:14 mismatched input '\ifExintVar' expecting {MODALITY, FORALL, EXISTS, '\if', '\ifEx', 'true', 'false', '(', '{', '@', NOT, SEQARROW, '-', STRING_LITERAL, CHAR_LITERAL, BIN_LITERAL, HEX_LITERAL, IDENT, INT_LITERAL, FLOAT_LITERAL, DOUBLE_LITERAL, REAL_LITERAL}
line 141:27 extraneous input '(' expecting {'\lemma', '}', IDENT, '/*!'}
line 141:41 mismatched input ')' expecting {'(', '{'}
line 148:14 mismatched input '\ifExintVar' expecting {MODALITY, FORALL, EXISTS, '\if', '\ifEx', 'true', 'false', '(', '{', '@', NOT, SEQARROW, '-', STRING_LITERAL, CHAR_LITERAL, BIN_LITERAL, HEX_LITERAL, IDENT, INT_LITERAL, FLOAT_LITERAL, DOUBLE_LITERAL, REAL_LITERAL}
line 148:27 extraneous input '(' expecting {'\lemma', '}', IDENT, '/*!'}
line 148:35 mismatched input '=' expecting {'(', '{'}
line 150:38 mismatched input '}' expecting {'(', '{'}
line 155:14 mismatched input '\ifExintVar' expecting {MODALITY, FORALL, EXISTS, '\if', '\ifEx', 'true', 'false', '(', '{', '@', NOT, SEQARROW, '-', STRING_LITERAL, CHAR_LITERAL, BIN_LITERAL, HEX_LITERAL, IDENT, INT_LITERAL, FLOAT_LITERAL, DOUBLE_LITERAL, REAL_LITERAL}
line 155:27 extraneous input '(' expecting {'\lemma', '}', IDENT, '/*!'}
line 155:35 mismatched input '=' expecting {'(', '{'}
line 157:38 mismatched input '}' expecting {'(', '{'}
line 163:14 mismatched input '\ifExintVar' expecting {MODALITY, FORALL, EXISTS, '\if', '\ifEx', 'true', 'false', '(', '{', '@', NOT, SEQARROW, '-', STRING_LITERAL, CHAR_LITERAL, BIN_LITERAL, HEX_LITERAL, IDENT, INT_LITERAL, FLOAT_LITERAL, DOUBLE_LITERAL, REAL_LITERAL}
line 163:27 extraneous input '(' expecting {'\lemma', '}', IDENT, '/*!'}
line 163:30 mismatched input '=' expecting {'(', '{'}
line 165:38 mismatched input '}' expecting {'(', '{'}
line 171:14 mismatched input '\ifExintVar' expecting {MODALITY, FORALL, EXISTS, '\if', '\ifEx', 'true', 'false', '(', '{', '@', NOT, SEQARROW, '-', STRING_LITERAL, CHAR_LITERAL, BIN_LITERAL, HEX_LITERAL, IDENT, INT_LITERAL, FLOAT_LITERAL, DOUBLE_LITERAL, REAL_LITERAL}
line 171:27 extraneous input '(' expecting {'\lemma', '}', IDENT, '/*!'}
line 171:30 mismatched input '=' expecting {'(', '{'}
line 173:38 mismatched input '}' expecting {'(', '{'}
line 179:14 mismatched input '\ifExintVar' expecting {MODALITY, FORALL, EXISTS, '\if', '\ifEx', 'true', 'false', '(', '{', '@', NOT, SEQARROW, '-', STRING_LITERAL, CHAR_LITERAL, BIN_LITERAL, HEX_LITERAL, IDENT, INT_LITERAL, FLOAT_LITERAL, DOUBLE_LITERAL, REAL_LITERAL}
line 179:27 extraneous input '(' expecting {'\lemma', '}', IDENT, '/*!'}
line 179:32 mismatched input '&amp;' expecting {'(', '{'}
line 181:42 mismatched input '}' expecting {'(', '{'}
line 182:39 mismatched input '}' expecting {'(', '{'}
line 188:14 mismatched input '\ifExintVar' expecting {MODALITY, FORALL, EXISTS, '\if', '\ifEx', 'true', 'false', '(', '{', '@', NOT, SEQARROW, '-', STRING_LITERAL, CHAR_LITERAL, BIN_LITERAL, HEX_LITERAL, IDENT, INT_LITERAL, FLOAT_LITERAL, DOUBLE_LITERAL, REAL_LITERAL}
line 188:27 extraneous input '(' expecting {'\lemma', '}', IDENT, '/*!'}
line 188:32 mismatched input '&amp;' expecting {'(', '{'}
line 190:42 mismatched input '}' expecting {'(', '{'}
line 191:39 mismatched input '}' expecting {'(', '{'}
line 198:14 mismatched input '\ifExintVar' expecting {MODALITY, FORALL, EXISTS, '\if', '\ifEx', 'true', 'false', '(', '{', '@', NOT, SEQARROW, '-', STRING_LITERAL, CHAR_LITERAL, BIN_LITERAL, HEX_LITERAL, IDENT, INT_LITERAL, FLOAT_LITERAL, DOUBLE_LITERAL, REAL_LITERAL}
line 198:27 extraneous input '(' expecting {'\lemma', '}', IDENT, '/*!'}
line 198:32 mismatched input '&amp;' expecting {'(', '{'}
line 200:42 mismatched input '}' expecting {'(', '{'}
line 201:39 mismatched input '}' expecting {'(', '{'}
line 208:14 mismatched input '\ifExintVar' expecting {MODALITY, FORALL, EXISTS, '\if', '\ifEx', 'true', 'false', '(', '{', '@', NOT, SEQARROW, '-', STRING_LITERAL, CHAR_LITERAL, BIN_LITERAL, HEX_LITERAL, IDENT, INT_LITERAL, FLOAT_LITERAL, DOUBLE_LITERAL, REAL_LITERAL}
line 208:27 extraneous input '(' expecting {'\lemma', '}', IDENT, '/*!'}
line 208:32 mismatched input '&amp;' expecting {'(', '{'}
line 210:42 mismatched input '}' expecting {'(', '{'}
line 211:39 mismatched input '}' expecting {'(', '{'}
line 218:14 mismatched input '\ifExintVar' expecting {MODALITY, FORALL, EXISTS, '\if', '\ifEx', 'true', 'false', '(', '{', '@', NOT, SEQARROW, '-', STRING_LITERAL, CHAR_LITERAL, BIN_LITERAL, HEX_LITERAL, IDENT, INT_LITERAL, FLOAT_LITERAL, DOUBLE_LITERAL, REAL_LITERAL}
line 218:27 extraneous input '(' expecting {'\lemma', '}', IDENT, '/*!'}
line 218:31 mismatched input ')' expecting {'(', '{'}
line 220:44 mismatched input ')' expecting {'(', '{'}
line 225:14 mismatched input '\ifExintVar' expecting {MODALITY, FORALL, EXISTS, '\if', '\ifEx', 'true', 'false', '(', '{', '@', NOT, SEQARROW, '-', STRING_LITERAL, CHAR_LITERAL, BIN_LITERAL, HEX_LITERAL, IDENT, INT_LITERAL, FLOAT_LITERAL, DOUBLE_LITERAL, REAL_LITERAL}
line 225:27 extraneous input '(' expecting {'\lemma', '}', IDENT, '/*!'}
line 225:31 mismatched input ')' expecting {'(', '{'}
line 227:44 mismatched input ')' expecting {'(', '{'}
line 233:14 mismatched input '\ifExintVar' expecting {MODALITY, FORALL, EXISTS, '\if', '\ifEx', 'true', 'false', '(', '{', '@', NOT, SEQARROW, '-', STRING_LITERAL, CHAR_LITERAL, BIN_LITERAL, HEX_LITERAL, IDENT, INT_LITERAL, FLOAT_LITERAL, DOUBLE_LITERAL, REAL_LITERAL}
line 233:27 extraneous input '(' expecting {'\lemma', '}', IDENT, '/*!'}
line 233:31 mismatched input ')' expecting {'(', '{'}
line 237:42 mismatched input '}' expecting {'(', '{'}
line 238:34 mismatched input '}' expecting {'(', '{'}
line 239:28 extraneous input '(' expecting {'\lemma', '}', IDENT, '/*!'}
line 239:33 mismatched input '-&gt;' expecting {'(', '{'}
line 240:8 extraneous input '\replacewith' expecting {'\lemma', '}', IDENT, '/*!'}
line 240:25 mismatched input ')' expecting {'(', '{'}
line 240:56 mismatched input ')' expecting {'(', '{'}
line 245:14 mismatched input '\ifExintVar' expecting {MODALITY, FORALL, EXISTS, '\if', '\ifEx', 'true', 'false', '(', '{', '@', NOT, SEQARROW, '-', STRING_LITERAL, CHAR_LITERAL, BIN_LITERAL, HEX_LITERAL, IDENT, INT_LITERAL, FLOAT_LITERAL, DOUBLE_LITERAL, REAL_LITERAL}
line 245:27 extraneous input '(' expecting {'\lemma', '}', IDENT, '/*!'}
line 245:31 mismatched input ')' expecting {'(', '{'}
line 248:45 mismatched input '}' expecting {'(', '{'}
line 249:8 extraneous input '\replacewith' expecting {'\lemma', '}', IDENT, '/*!'}
line 249:38 mismatched input ')' expecting {'(', '{'}
line 250:42 mismatched input '}' expecting {'(', '{'}
line 251:28 extraneous input '(' expecting {'\lemma', '}', IDENT, '/*!'}
line 251:33 mismatched input '-&gt;' expecting {'(', '{'}
line 255:14 mismatched input '\ifExintVar' expecting {MODALITY, FORALL, EXISTS, '\if', '\ifEx', 'true', 'false', '(', '{', '@', NOT, SEQARROW, '-', STRING_LITERAL, CHAR_LITERAL, BIN_LITERAL, HEX_LITERAL, IDENT, INT_LITERAL, FLOAT_LITERAL, DOUBLE_LITERAL, REAL_LITERAL}
line 255:27 extraneous input '(' expecting {'\lemma', '}', IDENT, '/*!'}
line 255:31 mismatched input ')' expecting {'(', '{'}
line 258:52 extraneous input '0' expecting {'\lemma', '}', IDENT, '/*!'}
line 258:54 mismatched input 'then' expecting {&lt;EOF&gt;, '\problem', '\chooseContract', '\proofObligation', '\proof'}

	at app//de.uka.ilkd.key.util.parsing.SyntaxErrorReporter.throwException(SyntaxErrorReporter.java:89)
	at app//de.uka.ilkd.key.nparser.ParsingFacade.parseFile(ParsingFacade.java:125)
	at app//de.uka.ilkd.key.proof.io.KeYFile.getParseContext(KeYFile.java:160)
	at app//de.uka.ilkd.key.proof.io.KeYFile.readIncludes(KeYFile.java:206)
	... 100 more
</failure>
  </testcase>
  <testcase name="testInstantiateLabels_null()" classname="de.uka.ilkd.key.logic.TestTermLabelManager" time="0.0"/>
  <testcase name="testrefactorGoal_directChildren_ruleSpecific()" classname="de.uka.ilkd.key.logic.TestTermLabelManager" time="0.09">
    <failure message="line 135:14 mismatched input '\ifExintVar' expecting {MODALITY, FORALL, EXISTS, '\if', '\ifEx', 'true', 'false', '(', '{', '@', NOT, SEQARROW, '-', STRING_LITERAL, CHAR_LITERAL, BIN_LITERAL, HEX_LITERAL, IDENT, INT_LITERAL, FLOAT_LITERAL, DOUBLE_LITERAL, REAL_LITERAL}&#10;line 135:27 extraneous input '(' expecting {'\lemma', '}', IDENT, '/*!'}&#10;line 135:44 mismatched input ')' expecting {'(', '{'}&#10;line 141:14 mismatched input '\ifExintVar' expecting {MODALITY, FORALL, EXISTS, '\if', '\ifEx', 'true', 'false', '(', '{', '@', NOT, SEQARROW, '-', STRING_LITERAL, CHAR_LITERAL, BIN_LITERAL, HEX_LITERAL, IDENT, INT_LITERAL, FLOAT_LITERAL, DOUBLE_LITERAL, REAL_LITERAL}&#10;line 141:27 extraneous input '(' expecting {'\lemma', '}', IDENT, '/*!'}&#10;line 141:41 mismatched input ')' expecting {'(', '{'}&#10;line 148:14 mismatched input '\ifExintVar' expecting {MODALITY, FORALL, EXISTS, '\if', '\ifEx', 'true', 'false', '(', '{', '@', NOT, SEQARROW, '-', STRING_LITERAL, CHAR_LITERAL, BIN_LITERAL, HEX_LITERAL, IDENT, INT_LITERAL, FLOAT_LITERAL, DOUBLE_LITERAL, REAL_LITERAL}&#10;line 148:27 extraneous input '(' expecting {'\lemma', '}', IDENT, '/*!'}&#10;line 148:35 mismatched input '=' expecting {'(', '{'}&#10;line 150:38 mismatched input '}' expecting {'(', '{'}&#10;line 155:14 mismatched input '\ifExintVar' expecting {MODALITY, FORALL, EXISTS, '\if', '\ifEx', 'true', 'false', '(', '{', '@', NOT, SEQARROW, '-', STRING_LITERAL, CHAR_LITERAL, BIN_LITERAL, HEX_LITERAL, IDENT, INT_LITERAL, FLOAT_LITERAL, DOUBLE_LITERAL, REAL_LITERAL}&#10;line 155:27 extraneous input '(' expecting {'\lemma', '}', IDENT, '/*!'}&#10;line 155:35 mismatched input '=' expecting {'(', '{'}&#10;line 157:38 mismatched input '}' expecting {'(', '{'}&#10;line 163:14 mismatched input '\ifExintVar' expecting {MODALITY, FORALL, EXISTS, '\if', '\ifEx', 'true', 'false', '(', '{', '@', NOT, SEQARROW, '-', STRING_LITERAL, CHAR_LITERAL, BIN_LITERAL, HEX_LITERAL, IDENT, INT_LITERAL, FLOAT_LITERAL, DOUBLE_LITERAL, REAL_LITERAL}&#10;line 163:27 extraneous input '(' expecting {'\lemma', '}', IDENT, '/*!'}&#10;line 163:30 mismatched input '=' expecting {'(', '{'}&#10;line 165:38 mismatched input '}' expecting {'(', '{'}&#10;line 171:14 mismatched input '\ifExintVar' expecting {MODALITY, FORALL, EXISTS, '\if', '\ifEx', 'true', 'false', '(', '{', '@', NOT, SEQARROW, '-', STRING_LITERAL, CHAR_LITERAL, BIN_LITERAL, HEX_LITERAL, IDENT, INT_LITERAL, FLOAT_LITERAL, DOUBLE_LITERAL, REAL_LITERAL}&#10;line 171:27 extraneous input '(' expecting {'\lemma', '}', IDENT, '/*!'}&#10;line 171:30 mismatched input '=' expecting {'(', '{'}&#10;line 173:38 mismatched input '}' expecting {'(', '{'}&#10;line 179:14 mismatched input '\ifExintVar' expecting {MODALITY, FORALL, EXISTS, '\if', '\ifEx', 'true', 'false', '(', '{', '@', NOT, SEQARROW, '-', STRING_LITERAL, CHAR_LITERAL, BIN_LITERAL, HEX_LITERAL, IDENT, INT_LITERAL, FLOAT_LITERAL, DOUBLE_LITERAL, REAL_LITERAL}&#10;line 179:27 extraneous input '(' expecting {'\lemma', '}', IDENT, '/*!'}&#10;line 179:32 mismatched input '&amp;' expecting {'(', '{'}&#10;line 181:42 mismatched input '}' expecting {'(', '{'}&#10;line 182:39 mismatched input '}' expecting {'(', '{'}&#10;line 188:14 mismatched input '\ifExintVar' expecting {MODALITY, FORALL, EXISTS, '\if', '\ifEx', 'true', 'false', '(', '{', '@', NOT, SEQARROW, '-', STRING_LITERAL, CHAR_LITERAL, BIN_LITERAL, HEX_LITERAL, IDENT, INT_LITERAL, FLOAT_LITERAL, DOUBLE_LITERAL, REAL_LITERAL}&#10;line 188:27 extraneous input '(' expecting {'\lemma', '}', IDENT, '/*!'}&#10;line 188:32 mismatched input '&amp;' expecting {'(', '{'}&#10;line 190:42 mismatched input '}' expecting {'(', '{'}&#10;line 191:39 mismatched input '}' expecting {'(', '{'}&#10;line 198:14 mismatched input '\ifExintVar' expecting {MODALITY, FORALL, EXISTS, '\if', '\ifEx', 'true', 'false', '(', '{', '@', NOT, SEQARROW, '-', STRING_LITERAL, CHAR_LITERAL, BIN_LITERAL, HEX_LITERAL, IDENT, INT_LITERAL, FLOAT_LITERAL, DOUBLE_LITERAL, REAL_LITERAL}&#10;line 198:27 extraneous input '(' expecting {'\lemma', '}', IDENT, '/*!'}&#10;line 198:32 mismatched input '&amp;' expecting {'(', '{'}&#10;line 200:42 mismatched input '}' expecting {'(', '{'}&#10;line 201:39 mismatched input '}' expecting {'(', '{'}&#10;line 208:14 mismatched input '\ifExintVar' expecting {MODALITY, FORALL, EXISTS, '\if', '\ifEx', 'true', 'false', '(', '{', '@', NOT, SEQARROW, '-', STRING_LITERAL, CHAR_LITERAL, BIN_LITERAL, HEX_LITERAL, IDENT, INT_LITERAL, FLOAT_LITERAL, DOUBLE_LITERAL, REAL_LITERAL}&#10;line 208:27 extraneous input '(' expecting {'\lemma', '}', IDENT, '/*!'}&#10;line 208:32 mismatched input '&amp;' expecting {'(', '{'}&#10;line 210:42 mismatched input '}' expecting {'(', '{'}&#10;line 211:39 mismatched input '}' expecting {'(', '{'}&#10;line 218:14 mismatched input '\ifExintVar' expecting {MODALITY, FORALL, EXISTS, '\if', '\ifEx', 'true', 'false', '(', '{', '@', NOT, SEQARROW, '-', STRING_LITERAL, CHAR_LITERAL, BIN_LITERAL, HEX_LITERAL, IDENT, INT_LITERAL, FLOAT_LITERAL, DOUBLE_LITERAL, REAL_LITERAL}&#10;line 218:27 extraneous input '(' expecting {'\lemma', '}', IDENT, '/*!'}&#10;line 218:31 mismatched input ')' expecting {'(', '{'}&#10;line 220:44 mismatched input ')' expecting {'(', '{'}&#10;line 225:14 mismatched input '\ifExintVar' expecting {MODALITY, FORALL, EXISTS, '\if', '\ifEx', 'true', 'false', '(', '{', '@', NOT, SEQARROW, '-', STRING_LITERAL, CHAR_LITERAL, BIN_LITERAL, HEX_LITERAL, IDENT, INT_LITERAL, FLOAT_LITERAL, DOUBLE_LITERAL, REAL_LITERAL}&#10;line 225:27 extraneous input '(' expecting {'\lemma', '}', IDENT, '/*!'}&#10;line 225:31 mismatched input ')' expecting {'(', '{'}&#10;line 227:44 mismatched input ')' expecting {'(', '{'}&#10;line 233:14 mismatched input '\ifExintVar' expecting {MODALITY, FORALL, EXISTS, '\if', '\ifEx', 'true', 'false', '(', '{', '@', NOT, SEQARROW, '-', STRING_LITERAL, CHAR_LITERAL, BIN_LITERAL, HEX_LITERAL, IDENT, INT_LITERAL, FLOAT_LITERAL, DOUBLE_LITERAL, REAL_LITERAL}&#10;line 233:27 extraneous input '(' expecting {'\lemma', '}', IDENT, '/*!'}&#10;line 233:31 mismatched input ')' expecting {'(', '{'}&#10;line 237:42 mismatched input '}' expecting {'(', '{'}&#10;line 238:34 mismatched input '}' expecting {'(', '{'}&#10;line 239:28 extraneous input '(' expecting {'\lemma', '}', IDENT, '/*!'}&#10;line 239:33 mismatched input '-&gt;' expecting {'(', '{'}&#10;line 240:8 extraneous input '\replacewith' expecting {'\lemma', '}', IDENT, '/*!'}&#10;line 240:25 mismatched input ')' expecting {'(', '{'}&#10;line 240:56 mismatched input ')' expecting {'(', '{'}&#10;line 245:14 mismatched input '\ifExintVar' expecting {MODALITY, FORALL, EXISTS, '\if', '\ifEx', 'true', 'false', '(', '{', '@', NOT, SEQARROW, '-', STRING_LITERAL, CHAR_LITERAL, BIN_LITERAL, HEX_LITERAL, IDENT, INT_LITERAL, FLOAT_LITERAL, DOUBLE_LITERAL, REAL_LITERAL}&#10;line 245:27 extraneous input '(' expecting {'\lemma', '}', IDENT, '/*!'}&#10;line 245:31 mismatched input ')' expecting {'(', '{'}&#10;line 248:45 mismatched input '}' expecting {'(', '{'}&#10;line 249:8 extraneous input '\replacewith' expecting {'\lemma', '}', IDENT, '/*!'}&#10;line 249:38 mismatched input ')' expecting {'(', '{'}&#10;line 250:42 mismatched input '}' expecting {'(', '{'}&#10;line 251:28 extraneous input '(' expecting {'\lemma', '}', IDENT, '/*!'}&#10;line 251:33 mismatched input '-&gt;' expecting {'(', '{'}&#10;line 255:14 mismatched input '\ifExintVar' expecting {MODALITY, FORALL, EXISTS, '\if', '\ifEx', 'true', 'false', '(', '{', '@', NOT, SEQARROW, '-', STRING_LITERAL, CHAR_LITERAL, BIN_LITERAL, HEX_LITERAL, IDENT, INT_LITERAL, FLOAT_LITERAL, DOUBLE_LITERAL, REAL_LITERAL}&#10;line 255:27 extraneous input '(' expecting {'\lemma', '}', IDENT, '/*!'}&#10;line 255:31 mismatched input ')' expecting {'(', '{'}&#10;line 258:52 extraneous input '0' expecting {'\lemma', '}', IDENT, '/*!'}&#10;line 258:54 mismatched input 'then' expecting {&lt;EOF&gt;, '\problem', '\chooseContract', '\proofObligation', '\proof'}&#10; (file: src/test/resources/testcase/termLabels/flatSteps/FlatSteps.java; caused by: de.uka.ilkd.key.proof.init.ProofInputException: line 135:14 mismatched input '\ifExintVar' expecting {MODALITY, FORALL, EXISTS, '\if', '\ifEx', 'true', 'false', '(', '{', '@', NOT, SEQARROW, '-', STRING_LITERAL, CHAR_LITERAL, BIN_LITERAL, HEX_LITERAL, IDENT, INT_LITERAL, FLOAT_LITERAL, DOUBLE_LITERAL, REAL_LITERAL}&#10;line 135:27 extraneous input '(' expecting {'\lemma', '}', IDENT, '/*!'}&#10;line 135:44 mismatched input ')' expecting {'(', '{'}&#10;line 141:14 mismatched input '\ifExintVar' expecting {MODALITY, FORALL, EXISTS, '\if', '\ifEx', 'true', 'false', '(', '{', '@', NOT, SEQARROW, '-', STRING_LITERAL, CHAR_LITERAL, BIN_LITERAL, HEX_LITERAL, IDENT, INT_LITERAL, FLOAT_LITERAL, DOUBLE_LITERAL, REAL_LITERAL}&#10;line 141:27 extraneous input '(' expecting {'\lemma', '}', IDENT, '/*!'}&#10;line 141:41 mismatched input ')' expecting {'(', '{'}&#10;line 148:14 mismatched input '\ifExintVar' expecting {MODALITY, FORALL, EXISTS, '\if', '\ifEx', 'true', 'false', '(', '{', '@', NOT, SEQARROW, '-', STRING_LITERAL, CHAR_LITERAL, BIN_LITERAL, HEX_LITERAL, IDENT, INT_LITERAL, FLOAT_LITERAL, DOUBLE_LITERAL, REAL_LITERAL}&#10;line 148:27 extraneous input '(' expecting {'\lemma', '}', IDENT, '/*!'}&#10;line 148:35 mismatched input '=' expecting {'(', '{'}&#10;line 150:38 mismatched input '}' expecting {'(', '{'}&#10;line 155:14 mismatched input '\ifExintVar' expecting {MODALITY, FORALL, EXISTS, '\if', '\ifEx', 'true', 'false', '(', '{', '@', NOT, SEQARROW, '-', STRING_LITERAL, CHAR_LITERAL, BIN_LITERAL, HEX_LITERAL, IDENT, INT_LITERAL, FLOAT_LITERAL, DOUBLE_LITERAL, REAL_LITERAL}&#10;line 155:27 extraneous input '(' expecting {'\lemma', '}', IDENT, '/*!'}&#10;line 155:35 mismatched input '=' expecting {'(', '{'}&#10;line 157:38 mismatched input '}' expecting {'(', '{'}&#10;line 163:14 mismatched input '\ifExintVar' expecting {MODALITY, FORALL, EXISTS, '\if', '\ifEx', 'true', 'false', '(', '{', '@', NOT, SEQARROW, '-', STRING_LITERAL, CHAR_LITERAL, BIN_LITERAL, HEX_LITERAL, IDENT, INT_LITERAL, FLOAT_LITERAL, DOUBLE_LITERAL, REAL_LITERAL}&#10;line 163:27 extraneous input '(' expecting {'\lemma', '}', IDENT, '/*!'}&#10;line 163:30 mismatched input '=' expecting {'(', '{'}&#10;line 165:38 mismatched input '}' expecting {'(', '{'}&#10;line 171:14 mismatched input '\ifExintVar' expecting {MODALITY, FORALL, EXISTS, '\if', '\ifEx', 'true', 'false', '(', '{', '@', NOT, SEQARROW, '-', STRING_LITERAL, CHAR_LITERAL, BIN_LITERAL, HEX_LITERAL, IDENT, INT_LITERAL, FLOAT_LITERAL, DOUBLE_LITERAL, REAL_LITERAL}&#10;line 171:27 extraneous input '(' expecting {'\lemma', '}', IDENT, '/*!'}&#10;line 171:30 mismatched input '=' expecting {'(', '{'}&#10;line 173:38 mismatched input '}' expecting {'(', '{'}&#10;line 179:14 mismatched input '\ifExintVar' expecting {MODALITY, FORALL, EXISTS, '\if', '\ifEx', 'true', 'false', '(', '{', '@', NOT, SEQARROW, '-', STRING_LITERAL, CHAR_LITERAL, BIN_LITERAL, HEX_LITERAL, IDENT, INT_LITERAL, FLOAT_LITERAL, DOUBLE_LITERAL, REAL_LITERAL}&#10;line 179:27 extraneous input '(' expecting {'\lemma', '}', IDENT, '/*!'}&#10;line 179:32 mismatched input '&amp;' expecting {'(', '{'}&#10;line 181:42 mismatched input '}' expecting {'(', '{'}&#10;line 182:39 mismatched input '}' expecting {'(', '{'}&#10;line 188:14 mismatched input '\ifExintVar' expecting {MODALITY, FORALL, EXISTS, '\if', '\ifEx', 'true', 'false', '(', '{', '@', NOT, SEQARROW, '-', STRING_LITERAL, CHAR_LITERAL, BIN_LITERAL, HEX_LITERAL, IDENT, INT_LITERAL, FLOAT_LITERAL, DOUBLE_LITERAL, REAL_LITERAL}&#10;line 188:27 extraneous input '(' expecting {'\lemma', '}', IDENT, '/*!'}&#10;line 188:32 mismatched input '&amp;' expecting {'(', '{'}&#10;line 190:42 mismatched input '}' expecting {'(', '{'}&#10;line 191:39 mismatched input '}' expecting {'(', '{'}&#10;line 198:14 mismatched input '\ifExintVar' expecting {MODALITY, FORALL, EXISTS, '\if', '\ifEx', 'true', 'false', '(', '{', '@', NOT, SEQARROW, '-', STRING_LITERAL, CHAR_LITERAL, BIN_LITERAL, HEX_LITERAL, IDENT, INT_LITERAL, FLOAT_LITERAL, DOUBLE_LITERAL, REAL_LITERAL}&#10;line 198:27 extraneous input '(' expecting {'\lemma', '}', IDENT, '/*!'}&#10;line 198:32 mismatched input '&amp;' expecting {'(', '{'}&#10;line 200:42 mismatched input '}' expecting {'(', '{'}&#10;line 201:39 mismatched input '}' expecting {'(', '{'}&#10;line 208:14 mismatched input '\ifExintVar' expecting {MODALITY, FORALL, EXISTS, '\if', '\ifEx', 'true', 'false', '(', '{', '@', NOT, SEQARROW, '-', STRING_LITERAL, CHAR_LITERAL, BIN_LITERAL, HEX_LITERAL, IDENT, INT_LITERAL, FLOAT_LITERAL, DOUBLE_LITERAL, REAL_LITERAL}&#10;line 208:27 extraneous input '(' expecting {'\lemma', '}', IDENT, '/*!'}&#10;line 208:32 mismatched input '&amp;' expecting {'(', '{'}&#10;line 210:42 mismatched input '}' expecting {'(', '{'}&#10;line 211:39 mismatched input '}' expecting {'(', '{'}&#10;line 218:14 mismatched input '\ifExintVar' expecting {MODALITY, FORALL, EXISTS, '\if', '\ifEx', 'true', 'false', '(', '{', '@', NOT, SEQARROW, '-', STRING_LITERAL, CHAR_LITERAL, BIN_LITERAL, HEX_LITERAL, IDENT, INT_LITERAL, FLOAT_LITERAL, DOUBLE_LITERAL, REAL_LITERAL}&#10;line 218:27 extraneous input '(' expecting {'\lemma', '}', IDENT, '/*!'}&#10;line 218:31 mismatched input ')' expecting {'(', '{'}&#10;line 220:44 mismatched input ')' expecting {'(', '{'}&#10;line 225:14 mismatched input '\ifExintVar' expecting {MODALITY, FORALL, EXISTS, '\if', '\ifEx', 'true', 'false', '(', '{', '@', NOT, SEQARROW, '-', STRING_LITERAL, CHAR_LITERAL, BIN_LITERAL, HEX_LITERAL, IDENT, INT_LITERAL, FLOAT_LITERAL, DOUBLE_LITERAL, REAL_LITERAL}&#10;line 225:27 extraneous input '(' expecting {'\lemma', '}', IDENT, '/*!'}&#10;line 225:31 mismatched input ')' expecting {'(', '{'}&#10;line 227:44 mismatched input ')' expecting {'(', '{'}&#10;line 233:14 mismatched input '\ifExintVar' expecting {MODALITY, FORALL, EXISTS, '\if', '\ifEx', 'true', 'false', '(', '{', '@', NOT, SEQARROW, '-', STRING_LITERAL, CHAR_LITERAL, BIN_LITERAL, HEX_LITERAL, IDENT, INT_LITERAL, FLOAT_LITERAL, DOUBLE_LITERAL, REAL_LITERAL}&#10;line 233:27 extraneous input '(' expecting {'\lemma', '}', IDENT, '/*!'}&#10;line 233:31 mismatched input ')' expecting {'(', '{'}&#10;line 237:42 mismatched input '}' expecting {'(', '{'}&#10;line 238:34 mismatched input '}' expecting {'(', '{'}&#10;line 239:28 extraneous input '(' expecting {'\lemma', '}', IDENT, '/*!'}&#10;line 239:33 mismatched input '-&gt;' expecting {'(', '{'}&#10;line 240:8 extraneous input '\replacewith' expecting {'\lemma', '}', IDENT, '/*!'}&#10;line 240:25 mismatched input ')' expecting {'(', '{'}&#10;line 240:56 mismatched input ')' expecting {'(', '{'}&#10;line 245:14 mismatched input '\ifExintVar' expecting {MODALITY, FORALL, EXISTS, '\if', '\ifEx', 'true', 'false', '(', '{', '@', NOT, SEQARROW, '-', STRING_LITERAL, CHAR_LITERAL, BIN_LITERAL, HEX_LITERAL, IDENT, INT_LITERAL, FLOAT_LITERAL, DOUBLE_LITERAL, REAL_LITERAL}&#10;line 245:27 extraneous input '(' expecting {'\lemma', '}', IDENT, '/*!'}&#10;line 245:31 mismatched input ')' expecting {'(', '{'}&#10;line 248:45 mismatched input '}' expecting {'(', '{'}&#10;line 249:8 extraneous input '\replacewith' expecting {'\lemma', '}', IDENT, '/*!'}&#10;line 249:38 mismatched input ')' expecting {'(', '{'}&#10;line 250:42 mismatched input '}' expecting {'(', '{'}&#10;line 251:28 extraneous input '(' expecting {'\lemma', '}', IDENT, '/*!'}&#10;line 251:33 mismatched input '-&gt;' expecting {'(', '{'}&#10;line 255:14 mismatched input '\ifExintVar' expecting {MODALITY, FORALL, EXISTS, '\if', '\ifEx', 'true', 'false', '(', '{', '@', NOT, SEQARROW, '-', STRING_LITERAL, CHAR_LITERAL, BIN_LITERAL, HEX_LITERAL, IDENT, INT_LITERAL, FLOAT_LITERAL, DOUBLE_LITERAL, REAL_LITERAL}&#10;line 255:27 extraneous input '(' expecting {'\lemma', '}', IDENT, '/*!'}&#10;line 255:31 mismatched input ')' expecting {'(', '{'}&#10;line 258:52 extraneous input '0' expecting {'\lemma', '}', IDENT, '/*!'}&#10;line 258:54 mismatched input 'then' expecting {&lt;EOF&gt;, '\problem', '\chooseContract', '\proofObligation', '\proof'}&#10;)" type="de.uka.ilkd.key.proof.io.ProblemLoaderException">line 135:14 mismatched input '\ifExintVar' expecting {MODALITY, FORALL, EXISTS, '\if', '\ifEx', 'true', 'false', '(', '{', '@', NOT, SEQARROW, '-', STRING_LITERAL, CHAR_LITERAL, BIN_LITERAL, HEX_LITERAL, IDENT, INT_LITERAL, FLOAT_LITERAL, DOUBLE_LITERAL, REAL_LITERAL}
line 135:27 extraneous input '(' expecting {'\lemma', '}', IDENT, '/*!'}
line 135:44 mismatched input ')' expecting {'(', '{'}
line 141:14 mismatched input '\ifExintVar' expecting {MODALITY, FORALL, EXISTS, '\if', '\ifEx', 'true', 'false', '(', '{', '@', NOT, SEQARROW, '-', STRING_LITERAL, CHAR_LITERAL, BIN_LITERAL, HEX_LITERAL, IDENT, INT_LITERAL, FLOAT_LITERAL, DOUBLE_LITERAL, REAL_LITERAL}
line 141:27 extraneous input '(' expecting {'\lemma', '}', IDENT, '/*!'}
line 141:41 mismatched input ')' expecting {'(', '{'}
line 148:14 mismatched input '\ifExintVar' expecting {MODALITY, FORALL, EXISTS, '\if', '\ifEx', 'true', 'false', '(', '{', '@', NOT, SEQARROW, '-', STRING_LITERAL, CHAR_LITERAL, BIN_LITERAL, HEX_LITERAL, IDENT, INT_LITERAL, FLOAT_LITERAL, DOUBLE_LITERAL, REAL_LITERAL}
line 148:27 extraneous input '(' expecting {'\lemma', '}', IDENT, '/*!'}
line 148:35 mismatched input '=' expecting {'(', '{'}
line 150:38 mismatched input '}' expecting {'(', '{'}
line 155:14 mismatched input '\ifExintVar' expecting {MODALITY, FORALL, EXISTS, '\if', '\ifEx', 'true', 'false', '(', '{', '@', NOT, SEQARROW, '-', STRING_LITERAL, CHAR_LITERAL, BIN_LITERAL, HEX_LITERAL, IDENT, INT_LITERAL, FLOAT_LITERAL, DOUBLE_LITERAL, REAL_LITERAL}
line 155:27 extraneous input '(' expecting {'\lemma', '}', IDENT, '/*!'}
line 155:35 mismatched input '=' expecting {'(', '{'}
line 157:38 mismatched input '}' expecting {'(', '{'}
line 163:14 mismatched input '\ifExintVar' expecting {MODALITY, FORALL, EXISTS, '\if', '\ifEx', 'true', 'false', '(', '{', '@', NOT, SEQARROW, '-', STRING_LITERAL, CHAR_LITERAL, BIN_LITERAL, HEX_LITERAL, IDENT, INT_LITERAL, FLOAT_LITERAL, DOUBLE_LITERAL, REAL_LITERAL}
line 163:27 extraneous input '(' expecting {'\lemma', '}', IDENT, '/*!'}
line 163:30 mismatched input '=' expecting {'(', '{'}
line 165:38 mismatched input '}' expecting {'(', '{'}
line 171:14 mismatched input '\ifExintVar' expecting {MODALITY, FORALL, EXISTS, '\if', '\ifEx', 'true', 'false', '(', '{', '@', NOT, SEQARROW, '-', STRING_LITERAL, CHAR_LITERAL, BIN_LITERAL, HEX_LITERAL, IDENT, INT_LITERAL, FLOAT_LITERAL, DOUBLE_LITERAL, REAL_LITERAL}
line 171:27 extraneous input '(' expecting {'\lemma', '}', IDENT, '/*!'}
line 171:30 mismatched input '=' expecting {'(', '{'}
line 173:38 mismatched input '}' expecting {'(', '{'}
line 179:14 mismatched input '\ifExintVar' expecting {MODALITY, FORALL, EXISTS, '\if', '\ifEx', 'true', 'false', '(', '{', '@', NOT, SEQARROW, '-', STRING_LITERAL, CHAR_LITERAL, BIN_LITERAL, HEX_LITERAL, IDENT, INT_LITERAL, FLOAT_LITERAL, DOUBLE_LITERAL, REAL_LITERAL}
line 179:27 extraneous input '(' expecting {'\lemma', '}', IDENT, '/*!'}
line 179:32 mismatched input '&amp;' expecting {'(', '{'}
line 181:42 mismatched input '}' expecting {'(', '{'}
line 182:39 mismatched input '}' expecting {'(', '{'}
line 188:14 mismatched input '\ifExintVar' expecting {MODALITY, FORALL, EXISTS, '\if', '\ifEx', 'true', 'false', '(', '{', '@', NOT, SEQARROW, '-', STRING_LITERAL, CHAR_LITERAL, BIN_LITERAL, HEX_LITERAL, IDENT, INT_LITERAL, FLOAT_LITERAL, DOUBLE_LITERAL, REAL_LITERAL}
line 188:27 extraneous input '(' expecting {'\lemma', '}', IDENT, '/*!'}
line 188:32 mismatched input '&amp;' expecting {'(', '{'}
line 190:42 mismatched input '}' expecting {'(', '{'}
line 191:39 mismatched input '}' expecting {'(', '{'}
line 198:14 mismatched input '\ifExintVar' expecting {MODALITY, FORALL, EXISTS, '\if', '\ifEx', 'true', 'false', '(', '{', '@', NOT, SEQARROW, '-', STRING_LITERAL, CHAR_LITERAL, BIN_LITERAL, HEX_LITERAL, IDENT, INT_LITERAL, FLOAT_LITERAL, DOUBLE_LITERAL, REAL_LITERAL}
line 198:27 extraneous input '(' expecting {'\lemma', '}', IDENT, '/*!'}
line 198:32 mismatched input '&amp;' expecting {'(', '{'}
line 200:42 mismatched input '}' expecting {'(', '{'}
line 201:39 mismatched input '}' expecting {'(', '{'}
line 208:14 mismatched input '\ifExintVar' expecting {MODALITY, FORALL, EXISTS, '\if', '\ifEx', 'true', 'false', '(', '{', '@', NOT, SEQARROW, '-', STRING_LITERAL, CHAR_LITERAL, BIN_LITERAL, HEX_LITERAL, IDENT, INT_LITERAL, FLOAT_LITERAL, DOUBLE_LITERAL, REAL_LITERAL}
line 208:27 extraneous input '(' expecting {'\lemma', '}', IDENT, '/*!'}
line 208:32 mismatched input '&amp;' expecting {'(', '{'}
line 210:42 mismatched input '}' expecting {'(', '{'}
line 211:39 mismatched input '}' expecting {'(', '{'}
line 218:14 mismatched input '\ifExintVar' expecting {MODALITY, FORALL, EXISTS, '\if', '\ifEx', 'true', 'false', '(', '{', '@', NOT, SEQARROW, '-', STRING_LITERAL, CHAR_LITERAL, BIN_LITERAL, HEX_LITERAL, IDENT, INT_LITERAL, FLOAT_LITERAL, DOUBLE_LITERAL, REAL_LITERAL}
line 218:27 extraneous input '(' expecting {'\lemma', '}', IDENT, '/*!'}
line 218:31 mismatched input ')' expecting {'(', '{'}
line 220:44 mismatched input ')' expecting {'(', '{'}
line 225:14 mismatched input '\ifExintVar' expecting {MODALITY, FORALL, EXISTS, '\if', '\ifEx', 'true', 'false', '(', '{', '@', NOT, SEQARROW, '-', STRING_LITERAL, CHAR_LITERAL, BIN_LITERAL, HEX_LITERAL, IDENT, INT_LITERAL, FLOAT_LITERAL, DOUBLE_LITERAL, REAL_LITERAL}
line 225:27 extraneous input '(' expecting {'\lemma', '}', IDENT, '/*!'}
line 225:31 mismatched input ')' expecting {'(', '{'}
line 227:44 mismatched input ')' expecting {'(', '{'}
line 233:14 mismatched input '\ifExintVar' expecting {MODALITY, FORALL, EXISTS, '\if', '\ifEx', 'true', 'false', '(', '{', '@', NOT, SEQARROW, '-', STRING_LITERAL, CHAR_LITERAL, BIN_LITERAL, HEX_LITERAL, IDENT, INT_LITERAL, FLOAT_LITERAL, DOUBLE_LITERAL, REAL_LITERAL}
line 233:27 extraneous input '(' expecting {'\lemma', '}', IDENT, '/*!'}
line 233:31 mismatched input ')' expecting {'(', '{'}
line 237:42 mismatched input '}' expecting {'(', '{'}
line 238:34 mismatched input '}' expecting {'(', '{'}
line 239:28 extraneous input '(' expecting {'\lemma', '}', IDENT, '/*!'}
line 239:33 mismatched input '-&gt;' expecting {'(', '{'}
line 240:8 extraneous input '\replacewith' expecting {'\lemma', '}', IDENT, '/*!'}
line 240:25 mismatched input ')' expecting {'(', '{'}
line 240:56 mismatched input ')' expecting {'(', '{'}
line 245:14 mismatched input '\ifExintVar' expecting {MODALITY, FORALL, EXISTS, '\if', '\ifEx', 'true', 'false', '(', '{', '@', NOT, SEQARROW, '-', STRING_LITERAL, CHAR_LITERAL, BIN_LITERAL, HEX_LITERAL, IDENT, INT_LITERAL, FLOAT_LITERAL, DOUBLE_LITERAL, REAL_LITERAL}
line 245:27 extraneous input '(' expecting {'\lemma', '}', IDENT, '/*!'}
line 245:31 mismatched input ')' expecting {'(', '{'}
line 248:45 mismatched input '}' expecting {'(', '{'}
line 249:8 extraneous input '\replacewith' expecting {'\lemma', '}', IDENT, '/*!'}
line 249:38 mismatched input ')' expecting {'(', '{'}
line 250:42 mismatched input '}' expecting {'(', '{'}
line 251:28 extraneous input '(' expecting {'\lemma', '}', IDENT, '/*!'}
line 251:33 mismatched input '-&gt;' expecting {'(', '{'}
line 255:14 mismatched input '\ifExintVar' expecting {MODALITY, FORALL, EXISTS, '\if', '\ifEx', 'true', 'false', '(', '{', '@', NOT, SEQARROW, '-', STRING_LITERAL, CHAR_LITERAL, BIN_LITERAL, HEX_LITERAL, IDENT, INT_LITERAL, FLOAT_LITERAL, DOUBLE_LITERAL, REAL_LITERAL}
line 255:27 extraneous input '(' expecting {'\lemma', '}', IDENT, '/*!'}
line 255:31 mismatched input ')' expecting {'(', '{'}
line 258:52 extraneous input '0' expecting {'\lemma', '}', IDENT, '/*!'}
line 258:54 mismatched input 'then' expecting {&lt;EOF&gt;, '\problem', '\chooseContract', '\proofObligation', '\proof'}
 (file: src/test/resources/testcase/termLabels/flatSteps/FlatSteps.java; caused by: de.uka.ilkd.key.proof.init.ProofInputException: line 135:14 mismatched input '\ifExintVar' expecting {MODALITY, FORALL, EXISTS, '\if', '\ifEx', 'true', 'false', '(', '{', '@', NOT, SEQARROW, '-', STRING_LITERAL, CHAR_LITERAL, BIN_LITERAL, HEX_LITERAL, IDENT, INT_LITERAL, FLOAT_LITERAL, DOUBLE_LITERAL, REAL_LITERAL}
line 135:27 extraneous input '(' expecting {'\lemma', '}', IDENT, '/*!'}
line 135:44 mismatched input ')' expecting {'(', '{'}
line 141:14 mismatched input '\ifExintVar' expecting {MODALITY, FORALL, EXISTS, '\if', '\ifEx', 'true', 'false', '(', '{', '@', NOT, SEQARROW, '-', STRING_LITERAL, CHAR_LITERAL, BIN_LITERAL, HEX_LITERAL, IDENT, INT_LITERAL, FLOAT_LITERAL, DOUBLE_LITERAL, REAL_LITERAL}
line 141:27 extraneous input '(' expecting {'\lemma', '}', IDENT, '/*!'}
line 141:41 mismatched input ')' expecting {'(', '{'}
line 148:14 mismatched input '\ifExintVar' expecting {MODALITY, FORALL, EXISTS, '\if', '\ifEx', 'true', 'false', '(', '{', '@', NOT, SEQARROW, '-', STRING_LITERAL, CHAR_LITERAL, BIN_LITERAL, HEX_LITERAL, IDENT, INT_LITERAL, FLOAT_LITERAL, DOUBLE_LITERAL, REAL_LITERAL}
line 148:27 extraneous input '(' expecting {'\lemma', '}', IDENT, '/*!'}
line 148:35 mismatched input '=' expecting {'(', '{'}
line 150:38 mismatched input '}' expecting {'(', '{'}
line 155:14 mismatched input '\ifExintVar' expecting {MODALITY, FORALL, EXISTS, '\if', '\ifEx', 'true', 'false', '(', '{', '@', NOT, SEQARROW, '-', STRING_LITERAL, CHAR_LITERAL, BIN_LITERAL, HEX_LITERAL, IDENT, INT_LITERAL, FLOAT_LITERAL, DOUBLE_LITERAL, REAL_LITERAL}
line 155:27 extraneous input '(' expecting {'\lemma', '}', IDENT, '/*!'}
line 155:35 mismatched input '=' expecting {'(', '{'}
line 157:38 mismatched input '}' expecting {'(', '{'}
line 163:14 mismatched input '\ifExintVar' expecting {MODALITY, FORALL, EXISTS, '\if', '\ifEx', 'true', 'false', '(', '{', '@', NOT, SEQARROW, '-', STRING_LITERAL, CHAR_LITERAL, BIN_LITERAL, HEX_LITERAL, IDENT, INT_LITERAL, FLOAT_LITERAL, DOUBLE_LITERAL, REAL_LITERAL}
line 163:27 extraneous input '(' expecting {'\lemma', '}', IDENT, '/*!'}
line 163:30 mismatched input '=' expecting {'(', '{'}
line 165:38 mismatched input '}' expecting {'(', '{'}
line 171:14 mismatched input '\ifExintVar' expecting {MODALITY, FORALL, EXISTS, '\if', '\ifEx', 'true', 'false', '(', '{', '@', NOT, SEQARROW, '-', STRING_LITERAL, CHAR_LITERAL, BIN_LITERAL, HEX_LITERAL, IDENT, INT_LITERAL, FLOAT_LITERAL, DOUBLE_LITERAL, REAL_LITERAL}
line 171:27 extraneous input '(' expecting {'\lemma', '}', IDENT, '/*!'}
line 171:30 mismatched input '=' expecting {'(', '{'}
line 173:38 mismatched input '}' expecting {'(', '{'}
line 179:14 mismatched input '\ifExintVar' expecting {MODALITY, FORALL, EXISTS, '\if', '\ifEx', 'true', 'false', '(', '{', '@', NOT, SEQARROW, '-', STRING_LITERAL, CHAR_LITERAL, BIN_LITERAL, HEX_LITERAL, IDENT, INT_LITERAL, FLOAT_LITERAL, DOUBLE_LITERAL, REAL_LITERAL}
line 179:27 extraneous input '(' expecting {'\lemma', '}', IDENT, '/*!'}
line 179:32 mismatched input '&amp;' expecting {'(', '{'}
line 181:42 mismatched input '}' expecting {'(', '{'}
line 182:39 mismatched input '}' expecting {'(', '{'}
line 188:14 mismatched input '\ifExintVar' expecting {MODALITY, FORALL, EXISTS, '\if', '\ifEx', 'true', 'false', '(', '{', '@', NOT, SEQARROW, '-', STRING_LITERAL, CHAR_LITERAL, BIN_LITERAL, HEX_LITERAL, IDENT, INT_LITERAL, FLOAT_LITERAL, DOUBLE_LITERAL, REAL_LITERAL}
line 188:27 extraneous input '(' expecting {'\lemma', '}', IDENT, '/*!'}
line 188:32 mismatched input '&amp;' expecting {'(', '{'}
line 190:42 mismatched input '}' expecting {'(', '{'}
line 191:39 mismatched input '}' expecting {'(', '{'}
line 198:14 mismatched input '\ifExintVar' expecting {MODALITY, FORALL, EXISTS, '\if', '\ifEx', 'true', 'false', '(', '{', '@', NOT, SEQARROW, '-', STRING_LITERAL, CHAR_LITERAL, BIN_LITERAL, HEX_LITERAL, IDENT, INT_LITERAL, FLOAT_LITERAL, DOUBLE_LITERAL, REAL_LITERAL}
line 198:27 extraneous input '(' expecting {'\lemma', '}', IDENT, '/*!'}
line 198:32 mismatched input '&amp;' expecting {'(', '{'}
line 200:42 mismatched input '}' expecting {'(', '{'}
line 201:39 mismatched input '}' expecting {'(', '{'}
line 208:14 mismatched input '\ifExintVar' expecting {MODALITY, FORALL, EXISTS, '\if', '\ifEx', 'true', 'false', '(', '{', '@', NOT, SEQARROW, '-', STRING_LITERAL, CHAR_LITERAL, BIN_LITERAL, HEX_LITERAL, IDENT, INT_LITERAL, FLOAT_LITERAL, DOUBLE_LITERAL, REAL_LITERAL}
line 208:27 extraneous input '(' expecting {'\lemma', '}', IDENT, '/*!'}
line 208:32 mismatched input '&amp;' expecting {'(', '{'}
line 210:42 mismatched input '}' expecting {'(', '{'}
line 211:39 mismatched input '}' expecting {'(', '{'}
line 218:14 mismatched input '\ifExintVar' expecting {MODALITY, FORALL, EXISTS, '\if', '\ifEx', 'true', 'false', '(', '{', '@', NOT, SEQARROW, '-', STRING_LITERAL, CHAR_LITERAL, BIN_LITERAL, HEX_LITERAL, IDENT, INT_LITERAL, FLOAT_LITERAL, DOUBLE_LITERAL, REAL_LITERAL}
line 218:27 extraneous input '(' expecting {'\lemma', '}', IDENT, '/*!'}
line 218:31 mismatched input ')' expecting {'(', '{'}
line 220:44 mismatched input ')' expecting {'(', '{'}
line 225:14 mismatched input '\ifExintVar' expecting {MODALITY, FORALL, EXISTS, '\if', '\ifEx', 'true', 'false', '(', '{', '@', NOT, SEQARROW, '-', STRING_LITERAL, CHAR_LITERAL, BIN_LITERAL, HEX_LITERAL, IDENT, INT_LITERAL, FLOAT_LITERAL, DOUBLE_LITERAL, REAL_LITERAL}
line 225:27 extraneous input '(' expecting {'\lemma', '}', IDENT, '/*!'}
line 225:31 mismatched input ')' expecting {'(', '{'}
line 227:44 mismatched input ')' expecting {'(', '{'}
line 233:14 mismatched input '\ifExintVar' expecting {MODALITY, FORALL, EXISTS, '\if', '\ifEx', 'true', 'false', '(', '{', '@', NOT, SEQARROW, '-', STRING_LITERAL, CHAR_LITERAL, BIN_LITERAL, HEX_LITERAL, IDENT, INT_LITERAL, FLOAT_LITERAL, DOUBLE_LITERAL, REAL_LITERAL}
line 233:27 extraneous input '(' expecting {'\lemma', '}', IDENT, '/*!'}
line 233:31 mismatched input ')' expecting {'(', '{'}
line 237:42 mismatched input '}' expecting {'(', '{'}
line 238:34 mismatched input '}' expecting {'(', '{'}
line 239:28 extraneous input '(' expecting {'\lemma', '}', IDENT, '/*!'}
line 239:33 mismatched input '-&gt;' expecting {'(', '{'}
line 240:8 extraneous input '\replacewith' expecting {'\lemma', '}', IDENT, '/*!'}
line 240:25 mismatched input ')' expecting {'(', '{'}
line 240:56 mismatched input ')' expecting {'(', '{'}
line 245:14 mismatched input '\ifExintVar' expecting {MODALITY, FORALL, EXISTS, '\if', '\ifEx', 'true', 'false', '(', '{', '@', NOT, SEQARROW, '-', STRING_LITERAL, CHAR_LITERAL, BIN_LITERAL, HEX_LITERAL, IDENT, INT_LITERAL, FLOAT_LITERAL, DOUBLE_LITERAL, REAL_LITERAL}
line 245:27 extraneous input '(' expecting {'\lemma', '}', IDENT, '/*!'}
line 245:31 mismatched input ')' expecting {'(', '{'}
line 248:45 mismatched input '}' expecting {'(', '{'}
line 249:8 extraneous input '\replacewith' expecting {'\lemma', '}', IDENT, '/*!'}
line 249:38 mismatched input ')' expecting {'(', '{'}
line 250:42 mismatched input '}' expecting {'(', '{'}
line 251:28 extraneous input '(' expecting {'\lemma', '}', IDENT, '/*!'}
line 251:33 mismatched input '-&gt;' expecting {'(', '{'}
line 255:14 mismatched input '\ifExintVar' expecting {MODALITY, FORALL, EXISTS, '\if', '\ifEx', 'true', 'false', '(', '{', '@', NOT, SEQARROW, '-', STRING_LITERAL, CHAR_LITERAL, BIN_LITERAL, HEX_LITERAL, IDENT, INT_LITERAL, FLOAT_LITERAL, DOUBLE_LITERAL, REAL_LITERAL}
line 255:27 extraneous input '(' expecting {'\lemma', '}', IDENT, '/*!'}
line 255:31 mismatched input ')' expecting {'(', '{'}
line 258:52 extraneous input '0' expecting {'\lemma', '}', IDENT, '/*!'}
line 258:54 mismatched input 'then' expecting {&lt;EOF&gt;, '\problem', '\chooseContract', '\proofObligation', '\proof'}
)
	at app//de.uka.ilkd.key.control.AbstractUserInterfaceControl.load(AbstractUserInterfaceControl.java:221)
	at app//de.uka.ilkd.key.control.KeYEnvironment.load(KeYEnvironment.java:251)
	at app//de.uka.ilkd.key.control.KeYEnvironment.load(KeYEnvironment.java:224)
	at app//de.uka.ilkd.key.control.KeYEnvironment.load(KeYEnvironment.java:184)
	at app//de.uka.ilkd.key.logic.TestTermLabelManager.createTestServices(TestTermLabelManager.java:624)
	at app//de.uka.ilkd.key.logic.TestTermLabelManager.doRefactoringTestLogging(TestTermLabelManager.java:106)
	at app//de.uka.ilkd.key.logic.TestTermLabelManager.testrefactorGoal_directChildren_ruleSpecific(TestTermLabelManager.java:67)
	at java.base@11.0.18/jdk.internal.reflect.NativeMethodAccessorImpl.invoke0(Native Method)
	at java.base@11.0.18/jdk.internal.reflect.NativeMethodAccessorImpl.invoke(NativeMethodAccessorImpl.java:62)
	at java.base@11.0.18/jdk.internal.reflect.DelegatingMethodAccessorImpl.invoke(DelegatingMethodAccessorImpl.java:43)
	at java.base@11.0.18/java.lang.reflect.Method.invoke(Method.java:566)
	at app//org.junit.platform.commons.util.ReflectionUtils.invokeMethod(ReflectionUtils.java:725)
	at app//org.junit.jupiter.engine.execution.MethodInvocation.proceed(MethodInvocation.java:60)
	at app//org.junit.jupiter.engine.execution.InvocationInterceptorChain$ValidatingInvocation.proceed(InvocationInterceptorChain.java:131)
	at app//org.junit.jupiter.engine.extension.TimeoutExtension.intercept(TimeoutExtension.java:149)
	at app//org.junit.jupiter.engine.extension.TimeoutExtension.interceptTestableMethod(TimeoutExtension.java:140)
	at app//org.junit.jupiter.engine.extension.TimeoutExtension.interceptTestMethod(TimeoutExtension.java:84)
	at app//org.junit.jupiter.engine.execution.ExecutableInvoker$ReflectiveInterceptorCall.lambda$ofVoidMethod$0(ExecutableInvoker.java:115)
	at app//org.junit.jupiter.engine.execution.ExecutableInvoker.lambda$invoke$0(ExecutableInvoker.java:105)
	at app//org.junit.jupiter.engine.execution.InvocationInterceptorChain$InterceptedInvocation.proceed(InvocationInterceptorChain.java:106)
	at app//org.junit.jupiter.engine.execution.InvocationInterceptorChain.proceed(InvocationInterceptorChain.java:64)
	at app//org.junit.jupiter.engine.execution.InvocationInterceptorChain.chainAndInvoke(InvocationInterceptorChain.java:45)
	at app//org.junit.jupiter.engine.execution.InvocationInterceptorChain.invoke(InvocationInterceptorChain.java:37)
	at app//org.junit.jupiter.engine.execution.ExecutableInvoker.invoke(ExecutableInvoker.java:104)
	at app//org.junit.jupiter.engine.execution.ExecutableInvoker.invoke(ExecutableInvoker.java:98)
	at app//org.junit.jupiter.engine.descriptor.TestMethodTestDescriptor.lambda$invokeTestMethod$7(TestMethodTestDescriptor.java:214)
	at app//org.junit.platform.engine.support.hierarchical.ThrowableCollector.execute(ThrowableCollector.java:73)
	at app//org.junit.jupiter.engine.descriptor.TestMethodTestDescriptor.invokeTestMethod(TestMethodTestDescriptor.java:210)
	at app//org.junit.jupiter.engine.descriptor.TestMethodTestDescriptor.execute(TestMethodTestDescriptor.java:135)
	at app//org.junit.jupiter.engine.descriptor.TestMethodTestDescriptor.execute(TestMethodTestDescriptor.java:66)
	at app//org.junit.platform.engine.support.hierarchical.NodeTestTask.lambda$executeRecursively$6(NodeTestTask.java:151)
	at app//org.junit.platform.engine.support.hierarchical.ThrowableCollector.execute(ThrowableCollector.java:73)
	at app//org.junit.platform.engine.support.hierarchical.NodeTestTask.lambda$executeRecursively$8(NodeTestTask.java:141)
	at app//org.junit.platform.engine.support.hierarchical.Node.around(Node.java:137)
	at app//org.junit.platform.engine.support.hierarchical.NodeTestTask.lambda$executeRecursively$9(NodeTestTask.java:139)
	at app//org.junit.platform.engine.support.hierarchical.ThrowableCollector.execute(ThrowableCollector.java:73)
	at app//org.junit.platform.engine.support.hierarchical.NodeTestTask.executeRecursively(NodeTestTask.java:138)
	at app//org.junit.platform.engine.support.hierarchical.NodeTestTask.execute(NodeTestTask.java:95)
	at java.base@11.0.18/java.util.ArrayList.forEach(ArrayList.java:1541)
	at app//org.junit.platform.engine.support.hierarchical.SameThreadHierarchicalTestExecutorService.invokeAll(SameThreadHierarchicalTestExecutorService.java:41)
	at app//org.junit.platform.engine.support.hierarchical.NodeTestTask.lambda$executeRecursively$6(NodeTestTask.java:155)
	at app//org.junit.platform.engine.support.hierarchical.ThrowableCollector.execute(ThrowableCollector.java:73)
	at app//org.junit.platform.engine.support.hierarchical.NodeTestTask.lambda$executeRecursively$8(NodeTestTask.java:141)
	at app//org.junit.platform.engine.support.hierarchical.Node.around(Node.java:137)
	at app//org.junit.platform.engine.support.hierarchical.NodeTestTask.lambda$executeRecursively$9(NodeTestTask.java:139)
	at app//org.junit.platform.engine.support.hierarchical.ThrowableCollector.execute(ThrowableCollector.java:73)
	at app//org.junit.platform.engine.support.hierarchical.NodeTestTask.executeRecursively(NodeTestTask.java:138)
	at app//org.junit.platform.engine.support.hierarchical.NodeTestTask.execute(NodeTestTask.java:95)
	at java.base@11.0.18/java.util.ArrayList.forEach(ArrayList.java:1541)
	at app//org.junit.platform.engine.support.hierarchical.SameThreadHierarchicalTestExecutorService.invokeAll(SameThreadHierarchicalTestExecutorService.java:41)
	at app//org.junit.platform.engine.support.hierarchical.NodeTestTask.lambda$executeRecursively$6(NodeTestTask.java:155)
	at app//org.junit.platform.engine.support.hierarchical.ThrowableCollector.execute(ThrowableCollector.java:73)
	at app//org.junit.platform.engine.support.hierarchical.NodeTestTask.lambda$executeRecursively$8(NodeTestTask.java:141)
	at app//org.junit.platform.engine.support.hierarchical.Node.around(Node.java:137)
	at app//org.junit.platform.engine.support.hierarchical.NodeTestTask.lambda$executeRecursively$9(NodeTestTask.java:139)
	at app//org.junit.platform.engine.support.hierarchical.ThrowableCollector.execute(ThrowableCollector.java:73)
	at app//org.junit.platform.engine.support.hierarchical.NodeTestTask.executeRecursively(NodeTestTask.java:138)
	at app//org.junit.platform.engine.support.hierarchical.NodeTestTask.execute(NodeTestTask.java:95)
	at app//org.junit.platform.engine.support.hierarchical.SameThreadHierarchicalTestExecutorService.submit(SameThreadHierarchicalTestExecutorService.java:35)
	at app//org.junit.platform.engine.support.hierarchical.HierarchicalTestExecutor.execute(HierarchicalTestExecutor.java:57)
	at app//org.junit.platform.engine.support.hierarchical.HierarchicalTestEngine.execute(HierarchicalTestEngine.java:54)
	at org.junit.platform.launcher.core.EngineExecutionOrchestrator.execute(EngineExecutionOrchestrator.java:107)
	at org.junit.platform.launcher.core.EngineExecutionOrchestrator.execute(EngineExecutionOrchestrator.java:88)
	at org.junit.platform.launcher.core.EngineExecutionOrchestrator.lambda$execute$0(EngineExecutionOrchestrator.java:54)
	at org.junit.platform.launcher.core.EngineExecutionOrchestrator.withInterceptedStreams(EngineExecutionOrchestrator.java:67)
	at org.junit.platform.launcher.core.EngineExecutionOrchestrator.execute(EngineExecutionOrchestrator.java:52)
	at org.junit.platform.launcher.core.DefaultLauncher.execute(DefaultLauncher.java:114)
	at org.junit.platform.launcher.core.DefaultLauncher.execute(DefaultLauncher.java:86)
	at org.junit.platform.launcher.core.DefaultLauncherSession$DelegatingLauncher.execute(DefaultLauncherSession.java:86)
	at org.junit.platform.launcher.core.SessionPerRequestLauncher.execute(SessionPerRequestLauncher.java:53)
	at org.gradle.api.internal.tasks.testing.junitplatform.JUnitPlatformTestClassProcessor$CollectAllTestClassesExecutor.processAllTestClasses(JUnitPlatformTestClassProcessor.java:99)
	at org.gradle.api.internal.tasks.testing.junitplatform.JUnitPlatformTestClassProcessor$CollectAllTestClassesExecutor.access$000(JUnitPlatformTestClassProcessor.java:79)
	at org.gradle.api.internal.tasks.testing.junitplatform.JUnitPlatformTestClassProcessor.stop(JUnitPlatformTestClassProcessor.java:75)
	at org.gradle.api.internal.tasks.testing.SuiteTestClassProcessor.stop(SuiteTestClassProcessor.java:62)
	at java.base@11.0.18/jdk.internal.reflect.NativeMethodAccessorImpl.invoke0(Native Method)
	at java.base@11.0.18/jdk.internal.reflect.NativeMethodAccessorImpl.invoke(NativeMethodAccessorImpl.java:62)
	at java.base@11.0.18/jdk.internal.reflect.DelegatingMethodAccessorImpl.invoke(DelegatingMethodAccessorImpl.java:43)
	at java.base@11.0.18/java.lang.reflect.Method.invoke(Method.java:566)
	at org.gradle.internal.dispatch.ReflectionDispatch.dispatch(ReflectionDispatch.java:36)
	at org.gradle.internal.dispatch.ReflectionDispatch.dispatch(ReflectionDispatch.java:24)
	at org.gradle.internal.dispatch.ContextClassLoaderDispatch.dispatch(ContextClassLoaderDispatch.java:33)
	at org.gradle.internal.dispatch.ProxyDispatchAdapter$DispatchingInvocationHandler.invoke(ProxyDispatchAdapter.java:94)
	at com.sun.proxy.$Proxy2.stop(Unknown Source)
	at org.gradle.api.internal.tasks.testing.worker.TestWorker$3.run(TestWorker.java:193)
	at org.gradle.api.internal.tasks.testing.worker.TestWorker.executeAndMaintainThreadName(TestWorker.java:129)
	at org.gradle.api.internal.tasks.testing.worker.TestWorker.execute(TestWorker.java:100)
	at org.gradle.api.internal.tasks.testing.worker.TestWorker.execute(TestWorker.java:60)
	at org.gradle.process.internal.worker.child.ActionExecutionWorker.execute(ActionExecutionWorker.java:56)
	at org.gradle.process.internal.worker.child.SystemApplicationClassLoaderWorker.call(SystemApplicationClassLoaderWorker.java:113)
	at org.gradle.process.internal.worker.child.SystemApplicationClassLoaderWorker.call(SystemApplicationClassLoaderWorker.java:65)
	at app//worker.org.gradle.process.internal.worker.GradleWorkerMain.run(GradleWorkerMain.java:69)
	at app//worker.org.gradle.process.internal.worker.GradleWorkerMain.main(GradleWorkerMain.java:74)
Caused by: de.uka.ilkd.key.proof.init.ProofInputException: line 135:14 mismatched input '\ifExintVar' expecting {MODALITY, FORALL, EXISTS, '\if', '\ifEx', 'true', 'false', '(', '{', '@', NOT, SEQARROW, '-', STRING_LITERAL, CHAR_LITERAL, BIN_LITERAL, HEX_LITERAL, IDENT, INT_LITERAL, FLOAT_LITERAL, DOUBLE_LITERAL, REAL_LITERAL}
line 135:27 extraneous input '(' expecting {'\lemma', '}', IDENT, '/*!'}
line 135:44 mismatched input ')' expecting {'(', '{'}
line 141:14 mismatched input '\ifExintVar' expecting {MODALITY, FORALL, EXISTS, '\if', '\ifEx', 'true', 'false', '(', '{', '@', NOT, SEQARROW, '-', STRING_LITERAL, CHAR_LITERAL, BIN_LITERAL, HEX_LITERAL, IDENT, INT_LITERAL, FLOAT_LITERAL, DOUBLE_LITERAL, REAL_LITERAL}
line 141:27 extraneous input '(' expecting {'\lemma', '}', IDENT, '/*!'}
line 141:41 mismatched input ')' expecting {'(', '{'}
line 148:14 mismatched input '\ifExintVar' expecting {MODALITY, FORALL, EXISTS, '\if', '\ifEx', 'true', 'false', '(', '{', '@', NOT, SEQARROW, '-', STRING_LITERAL, CHAR_LITERAL, BIN_LITERAL, HEX_LITERAL, IDENT, INT_LITERAL, FLOAT_LITERAL, DOUBLE_LITERAL, REAL_LITERAL}
line 148:27 extraneous input '(' expecting {'\lemma', '}', IDENT, '/*!'}
line 148:35 mismatched input '=' expecting {'(', '{'}
line 150:38 mismatched input '}' expecting {'(', '{'}
line 155:14 mismatched input '\ifExintVar' expecting {MODALITY, FORALL, EXISTS, '\if', '\ifEx', 'true', 'false', '(', '{', '@', NOT, SEQARROW, '-', STRING_LITERAL, CHAR_LITERAL, BIN_LITERAL, HEX_LITERAL, IDENT, INT_LITERAL, FLOAT_LITERAL, DOUBLE_LITERAL, REAL_LITERAL}
line 155:27 extraneous input '(' expecting {'\lemma', '}', IDENT, '/*!'}
line 155:35 mismatched input '=' expecting {'(', '{'}
line 157:38 mismatched input '}' expecting {'(', '{'}
line 163:14 mismatched input '\ifExintVar' expecting {MODALITY, FORALL, EXISTS, '\if', '\ifEx', 'true', 'false', '(', '{', '@', NOT, SEQARROW, '-', STRING_LITERAL, CHAR_LITERAL, BIN_LITERAL, HEX_LITERAL, IDENT, INT_LITERAL, FLOAT_LITERAL, DOUBLE_LITERAL, REAL_LITERAL}
line 163:27 extraneous input '(' expecting {'\lemma', '}', IDENT, '/*!'}
line 163:30 mismatched input '=' expecting {'(', '{'}
line 165:38 mismatched input '}' expecting {'(', '{'}
line 171:14 mismatched input '\ifExintVar' expecting {MODALITY, FORALL, EXISTS, '\if', '\ifEx', 'true', 'false', '(', '{', '@', NOT, SEQARROW, '-', STRING_LITERAL, CHAR_LITERAL, BIN_LITERAL, HEX_LITERAL, IDENT, INT_LITERAL, FLOAT_LITERAL, DOUBLE_LITERAL, REAL_LITERAL}
line 171:27 extraneous input '(' expecting {'\lemma', '}', IDENT, '/*!'}
line 171:30 mismatched input '=' expecting {'(', '{'}
line 173:38 mismatched input '}' expecting {'(', '{'}
line 179:14 mismatched input '\ifExintVar' expecting {MODALITY, FORALL, EXISTS, '\if', '\ifEx', 'true', 'false', '(', '{', '@', NOT, SEQARROW, '-', STRING_LITERAL, CHAR_LITERAL, BIN_LITERAL, HEX_LITERAL, IDENT, INT_LITERAL, FLOAT_LITERAL, DOUBLE_LITERAL, REAL_LITERAL}
line 179:27 extraneous input '(' expecting {'\lemma', '}', IDENT, '/*!'}
line 179:32 mismatched input '&amp;' expecting {'(', '{'}
line 181:42 mismatched input '}' expecting {'(', '{'}
line 182:39 mismatched input '}' expecting {'(', '{'}
line 188:14 mismatched input '\ifExintVar' expecting {MODALITY, FORALL, EXISTS, '\if', '\ifEx', 'true', 'false', '(', '{', '@', NOT, SEQARROW, '-', STRING_LITERAL, CHAR_LITERAL, BIN_LITERAL, HEX_LITERAL, IDENT, INT_LITERAL, FLOAT_LITERAL, DOUBLE_LITERAL, REAL_LITERAL}
line 188:27 extraneous input '(' expecting {'\lemma', '}', IDENT, '/*!'}
line 188:32 mismatched input '&amp;' expecting {'(', '{'}
line 190:42 mismatched input '}' expecting {'(', '{'}
line 191:39 mismatched input '}' expecting {'(', '{'}
line 198:14 mismatched input '\ifExintVar' expecting {MODALITY, FORALL, EXISTS, '\if', '\ifEx', 'true', 'false', '(', '{', '@', NOT, SEQARROW, '-', STRING_LITERAL, CHAR_LITERAL, BIN_LITERAL, HEX_LITERAL, IDENT, INT_LITERAL, FLOAT_LITERAL, DOUBLE_LITERAL, REAL_LITERAL}
line 198:27 extraneous input '(' expecting {'\lemma', '}', IDENT, '/*!'}
line 198:32 mismatched input '&amp;' expecting {'(', '{'}
line 200:42 mismatched input '}' expecting {'(', '{'}
line 201:39 mismatched input '}' expecting {'(', '{'}
line 208:14 mismatched input '\ifExintVar' expecting {MODALITY, FORALL, EXISTS, '\if', '\ifEx', 'true', 'false', '(', '{', '@', NOT, SEQARROW, '-', STRING_LITERAL, CHAR_LITERAL, BIN_LITERAL, HEX_LITERAL, IDENT, INT_LITERAL, FLOAT_LITERAL, DOUBLE_LITERAL, REAL_LITERAL}
line 208:27 extraneous input '(' expecting {'\lemma', '}', IDENT, '/*!'}
line 208:32 mismatched input '&amp;' expecting {'(', '{'}
line 210:42 mismatched input '}' expecting {'(', '{'}
line 211:39 mismatched input '}' expecting {'(', '{'}
line 218:14 mismatched input '\ifExintVar' expecting {MODALITY, FORALL, EXISTS, '\if', '\ifEx', 'true', 'false', '(', '{', '@', NOT, SEQARROW, '-', STRING_LITERAL, CHAR_LITERAL, BIN_LITERAL, HEX_LITERAL, IDENT, INT_LITERAL, FLOAT_LITERAL, DOUBLE_LITERAL, REAL_LITERAL}
line 218:27 extraneous input '(' expecting {'\lemma', '}', IDENT, '/*!'}
line 218:31 mismatched input ')' expecting {'(', '{'}
line 220:44 mismatched input ')' expecting {'(', '{'}
line 225:14 mismatched input '\ifExintVar' expecting {MODALITY, FORALL, EXISTS, '\if', '\ifEx', 'true', 'false', '(', '{', '@', NOT, SEQARROW, '-', STRING_LITERAL, CHAR_LITERAL, BIN_LITERAL, HEX_LITERAL, IDENT, INT_LITERAL, FLOAT_LITERAL, DOUBLE_LITERAL, REAL_LITERAL}
line 225:27 extraneous input '(' expecting {'\lemma', '}', IDENT, '/*!'}
line 225:31 mismatched input ')' expecting {'(', '{'}
line 227:44 mismatched input ')' expecting {'(', '{'}
line 233:14 mismatched input '\ifExintVar' expecting {MODALITY, FORALL, EXISTS, '\if', '\ifEx', 'true', 'false', '(', '{', '@', NOT, SEQARROW, '-', STRING_LITERAL, CHAR_LITERAL, BIN_LITERAL, HEX_LITERAL, IDENT, INT_LITERAL, FLOAT_LITERAL, DOUBLE_LITERAL, REAL_LITERAL}
line 233:27 extraneous input '(' expecting {'\lemma', '}', IDENT, '/*!'}
line 233:31 mismatched input ')' expecting {'(', '{'}
line 237:42 mismatched input '}' expecting {'(', '{'}
line 238:34 mismatched input '}' expecting {'(', '{'}
line 239:28 extraneous input '(' expecting {'\lemma', '}', IDENT, '/*!'}
line 239:33 mismatched input '-&gt;' expecting {'(', '{'}
line 240:8 extraneous input '\replacewith' expecting {'\lemma', '}', IDENT, '/*!'}
line 240:25 mismatched input ')' expecting {'(', '{'}
line 240:56 mismatched input ')' expecting {'(', '{'}
line 245:14 mismatched input '\ifExintVar' expecting {MODALITY, FORALL, EXISTS, '\if', '\ifEx', 'true', 'false', '(', '{', '@', NOT, SEQARROW, '-', STRING_LITERAL, CHAR_LITERAL, BIN_LITERAL, HEX_LITERAL, IDENT, INT_LITERAL, FLOAT_LITERAL, DOUBLE_LITERAL, REAL_LITERAL}
line 245:27 extraneous input '(' expecting {'\lemma', '}', IDENT, '/*!'}
line 245:31 mismatched input ')' expecting {'(', '{'}
line 248:45 mismatched input '}' expecting {'(', '{'}
line 249:8 extraneous input '\replacewith' expecting {'\lemma', '}', IDENT, '/*!'}
line 249:38 mismatched input ')' expecting {'(', '{'}
line 250:42 mismatched input '}' expecting {'(', '{'}
line 251:28 extraneous input '(' expecting {'\lemma', '}', IDENT, '/*!'}
line 251:33 mismatched input '-&gt;' expecting {'(', '{'}
line 255:14 mismatched input '\ifExintVar' expecting {MODALITY, FORALL, EXISTS, '\if', '\ifEx', 'true', 'false', '(', '{', '@', NOT, SEQARROW, '-', STRING_LITERAL, CHAR_LITERAL, BIN_LITERAL, HEX_LITERAL, IDENT, INT_LITERAL, FLOAT_LITERAL, DOUBLE_LITERAL, REAL_LITERAL}
line 255:27 extraneous input '(' expecting {'\lemma', '}', IDENT, '/*!'}
line 255:31 mismatched input ')' expecting {'(', '{'}
line 258:52 extraneous input '0' expecting {'\lemma', '}', IDENT, '/*!'}
line 258:54 mismatched input 'then' expecting {&lt;EOF&gt;, '\problem', '\chooseContract', '\proofObligation', '\proof'}

	at app//de.uka.ilkd.key.proof.io.KeYFile.readIncludes(KeYFile.java:210)
	at app//de.uka.ilkd.key.proof.init.ProblemInitializer.readIncludes(ProblemInitializer.java:177)
	at app//de.uka.ilkd.key.proof.init.ProblemInitializer.readEnvInput(ProblemInitializer.java:325)
	at app//de.uka.ilkd.key.proof.init.ProblemInitializer.readIncludes(ProblemInitializer.java:188)
	at app//de.uka.ilkd.key.proof.init.ProblemInitializer.readEnvInput(ProblemInitializer.java:325)
	at app//de.uka.ilkd.key.proof.init.ProblemInitializer.prepare(ProblemInitializer.java:449)
	at app//de.uka.ilkd.key.proof.io.AbstractProblemLoader.createInitConfig(AbstractProblemLoader.java:518)
	at app//de.uka.ilkd.key.proof.io.AbstractProblemLoader.loadEnvironment(AbstractProblemLoader.java:288)
	at app//de.uka.ilkd.key.proof.io.AbstractProblemLoader.load(AbstractProblemLoader.java:252)
	at app//de.uka.ilkd.key.control.AbstractUserInterfaceControl.load(AbstractUserInterfaceControl.java:209)
	... 91 more
Caused by: de.uka.ilkd.key.util.parsing.SyntaxErrorReporter$ParserException: line 135:14 mismatched input '\ifExintVar' expecting {MODALITY, FORALL, EXISTS, '\if', '\ifEx', 'true', 'false', '(', '{', '@', NOT, SEQARROW, '-', STRING_LITERAL, CHAR_LITERAL, BIN_LITERAL, HEX_LITERAL, IDENT, INT_LITERAL, FLOAT_LITERAL, DOUBLE_LITERAL, REAL_LITERAL}
line 135:27 extraneous input '(' expecting {'\lemma', '}', IDENT, '/*!'}
line 135:44 mismatched input ')' expecting {'(', '{'}
line 141:14 mismatched input '\ifExintVar' expecting {MODALITY, FORALL, EXISTS, '\if', '\ifEx', 'true', 'false', '(', '{', '@', NOT, SEQARROW, '-', STRING_LITERAL, CHAR_LITERAL, BIN_LITERAL, HEX_LITERAL, IDENT, INT_LITERAL, FLOAT_LITERAL, DOUBLE_LITERAL, REAL_LITERAL}
line 141:27 extraneous input '(' expecting {'\lemma', '}', IDENT, '/*!'}
line 141:41 mismatched input ')' expecting {'(', '{'}
line 148:14 mismatched input '\ifExintVar' expecting {MODALITY, FORALL, EXISTS, '\if', '\ifEx', 'true', 'false', '(', '{', '@', NOT, SEQARROW, '-', STRING_LITERAL, CHAR_LITERAL, BIN_LITERAL, HEX_LITERAL, IDENT, INT_LITERAL, FLOAT_LITERAL, DOUBLE_LITERAL, REAL_LITERAL}
line 148:27 extraneous input '(' expecting {'\lemma', '}', IDENT, '/*!'}
line 148:35 mismatched input '=' expecting {'(', '{'}
line 150:38 mismatched input '}' expecting {'(', '{'}
line 155:14 mismatched input '\ifExintVar' expecting {MODALITY, FORALL, EXISTS, '\if', '\ifEx', 'true', 'false', '(', '{', '@', NOT, SEQARROW, '-', STRING_LITERAL, CHAR_LITERAL, BIN_LITERAL, HEX_LITERAL, IDENT, INT_LITERAL, FLOAT_LITERAL, DOUBLE_LITERAL, REAL_LITERAL}
line 155:27 extraneous input '(' expecting {'\lemma', '}', IDENT, '/*!'}
line 155:35 mismatched input '=' expecting {'(', '{'}
line 157:38 mismatched input '}' expecting {'(', '{'}
line 163:14 mismatched input '\ifExintVar' expecting {MODALITY, FORALL, EXISTS, '\if', '\ifEx', 'true', 'false', '(', '{', '@', NOT, SEQARROW, '-', STRING_LITERAL, CHAR_LITERAL, BIN_LITERAL, HEX_LITERAL, IDENT, INT_LITERAL, FLOAT_LITERAL, DOUBLE_LITERAL, REAL_LITERAL}
line 163:27 extraneous input '(' expecting {'\lemma', '}', IDENT, '/*!'}
line 163:30 mismatched input '=' expecting {'(', '{'}
line 165:38 mismatched input '}' expecting {'(', '{'}
line 171:14 mismatched input '\ifExintVar' expecting {MODALITY, FORALL, EXISTS, '\if', '\ifEx', 'true', 'false', '(', '{', '@', NOT, SEQARROW, '-', STRING_LITERAL, CHAR_LITERAL, BIN_LITERAL, HEX_LITERAL, IDENT, INT_LITERAL, FLOAT_LITERAL, DOUBLE_LITERAL, REAL_LITERAL}
line 171:27 extraneous input '(' expecting {'\lemma', '}', IDENT, '/*!'}
line 171:30 mismatched input '=' expecting {'(', '{'}
line 173:38 mismatched input '}' expecting {'(', '{'}
line 179:14 mismatched input '\ifExintVar' expecting {MODALITY, FORALL, EXISTS, '\if', '\ifEx', 'true', 'false', '(', '{', '@', NOT, SEQARROW, '-', STRING_LITERAL, CHAR_LITERAL, BIN_LITERAL, HEX_LITERAL, IDENT, INT_LITERAL, FLOAT_LITERAL, DOUBLE_LITERAL, REAL_LITERAL}
line 179:27 extraneous input '(' expecting {'\lemma', '}', IDENT, '/*!'}
line 179:32 mismatched input '&amp;' expecting {'(', '{'}
line 181:42 mismatched input '}' expecting {'(', '{'}
line 182:39 mismatched input '}' expecting {'(', '{'}
line 188:14 mismatched input '\ifExintVar' expecting {MODALITY, FORALL, EXISTS, '\if', '\ifEx', 'true', 'false', '(', '{', '@', NOT, SEQARROW, '-', STRING_LITERAL, CHAR_LITERAL, BIN_LITERAL, HEX_LITERAL, IDENT, INT_LITERAL, FLOAT_LITERAL, DOUBLE_LITERAL, REAL_LITERAL}
line 188:27 extraneous input '(' expecting {'\lemma', '}', IDENT, '/*!'}
line 188:32 mismatched input '&amp;' expecting {'(', '{'}
line 190:42 mismatched input '}' expecting {'(', '{'}
line 191:39 mismatched input '}' expecting {'(', '{'}
line 198:14 mismatched input '\ifExintVar' expecting {MODALITY, FORALL, EXISTS, '\if', '\ifEx', 'true', 'false', '(', '{', '@', NOT, SEQARROW, '-', STRING_LITERAL, CHAR_LITERAL, BIN_LITERAL, HEX_LITERAL, IDENT, INT_LITERAL, FLOAT_LITERAL, DOUBLE_LITERAL, REAL_LITERAL}
line 198:27 extraneous input '(' expecting {'\lemma', '}', IDENT, '/*!'}
line 198:32 mismatched input '&amp;' expecting {'(', '{'}
line 200:42 mismatched input '}' expecting {'(', '{'}
line 201:39 mismatched input '}' expecting {'(', '{'}
line 208:14 mismatched input '\ifExintVar' expecting {MODALITY, FORALL, EXISTS, '\if', '\ifEx', 'true', 'false', '(', '{', '@', NOT, SEQARROW, '-', STRING_LITERAL, CHAR_LITERAL, BIN_LITERAL, HEX_LITERAL, IDENT, INT_LITERAL, FLOAT_LITERAL, DOUBLE_LITERAL, REAL_LITERAL}
line 208:27 extraneous input '(' expecting {'\lemma', '}', IDENT, '/*!'}
line 208:32 mismatched input '&amp;' expecting {'(', '{'}
line 210:42 mismatched input '}' expecting {'(', '{'}
line 211:39 mismatched input '}' expecting {'(', '{'}
line 218:14 mismatched input '\ifExintVar' expecting {MODALITY, FORALL, EXISTS, '\if', '\ifEx', 'true', 'false', '(', '{', '@', NOT, SEQARROW, '-', STRING_LITERAL, CHAR_LITERAL, BIN_LITERAL, HEX_LITERAL, IDENT, INT_LITERAL, FLOAT_LITERAL, DOUBLE_LITERAL, REAL_LITERAL}
line 218:27 extraneous input '(' expecting {'\lemma', '}', IDENT, '/*!'}
line 218:31 mismatched input ')' expecting {'(', '{'}
line 220:44 mismatched input ')' expecting {'(', '{'}
line 225:14 mismatched input '\ifExintVar' expecting {MODALITY, FORALL, EXISTS, '\if', '\ifEx', 'true', 'false', '(', '{', '@', NOT, SEQARROW, '-', STRING_LITERAL, CHAR_LITERAL, BIN_LITERAL, HEX_LITERAL, IDENT, INT_LITERAL, FLOAT_LITERAL, DOUBLE_LITERAL, REAL_LITERAL}
line 225:27 extraneous input '(' expecting {'\lemma', '}', IDENT, '/*!'}
line 225:31 mismatched input ')' expecting {'(', '{'}
line 227:44 mismatched input ')' expecting {'(', '{'}
line 233:14 mismatched input '\ifExintVar' expecting {MODALITY, FORALL, EXISTS, '\if', '\ifEx', 'true', 'false', '(', '{', '@', NOT, SEQARROW, '-', STRING_LITERAL, CHAR_LITERAL, BIN_LITERAL, HEX_LITERAL, IDENT, INT_LITERAL, FLOAT_LITERAL, DOUBLE_LITERAL, REAL_LITERAL}
line 233:27 extraneous input '(' expecting {'\lemma', '}', IDENT, '/*!'}
line 233:31 mismatched input ')' expecting {'(', '{'}
line 237:42 mismatched input '}' expecting {'(', '{'}
line 238:34 mismatched input '}' expecting {'(', '{'}
line 239:28 extraneous input '(' expecting {'\lemma', '}', IDENT, '/*!'}
line 239:33 mismatched input '-&gt;' expecting {'(', '{'}
line 240:8 extraneous input '\replacewith' expecting {'\lemma', '}', IDENT, '/*!'}
line 240:25 mismatched input ')' expecting {'(', '{'}
line 240:56 mismatched input ')' expecting {'(', '{'}
line 245:14 mismatched input '\ifExintVar' expecting {MODALITY, FORALL, EXISTS, '\if', '\ifEx', 'true', 'false', '(', '{', '@', NOT, SEQARROW, '-', STRING_LITERAL, CHAR_LITERAL, BIN_LITERAL, HEX_LITERAL, IDENT, INT_LITERAL, FLOAT_LITERAL, DOUBLE_LITERAL, REAL_LITERAL}
line 245:27 extraneous input '(' expecting {'\lemma', '}', IDENT, '/*!'}
line 245:31 mismatched input ')' expecting {'(', '{'}
line 248:45 mismatched input '}' expecting {'(', '{'}
line 249:8 extraneous input '\replacewith' expecting {'\lemma', '}', IDENT, '/*!'}
line 249:38 mismatched input ')' expecting {'(', '{'}
line 250:42 mismatched input '}' expecting {'(', '{'}
line 251:28 extraneous input '(' expecting {'\lemma', '}', IDENT, '/*!'}
line 251:33 mismatched input '-&gt;' expecting {'(', '{'}
line 255:14 mismatched input '\ifExintVar' expecting {MODALITY, FORALL, EXISTS, '\if', '\ifEx', 'true', 'false', '(', '{', '@', NOT, SEQARROW, '-', STRING_LITERAL, CHAR_LITERAL, BIN_LITERAL, HEX_LITERAL, IDENT, INT_LITERAL, FLOAT_LITERAL, DOUBLE_LITERAL, REAL_LITERAL}
line 255:27 extraneous input '(' expecting {'\lemma', '}', IDENT, '/*!'}
line 255:31 mismatched input ')' expecting {'(', '{'}
line 258:52 extraneous input '0' expecting {'\lemma', '}', IDENT, '/*!'}
line 258:54 mismatched input 'then' expecting {&lt;EOF&gt;, '\problem', '\chooseContract', '\proofObligation', '\proof'}

	at app//de.uka.ilkd.key.util.parsing.SyntaxErrorReporter.throwException(SyntaxErrorReporter.java:89)
	at app//de.uka.ilkd.key.nparser.ParsingFacade.parseFile(ParsingFacade.java:125)
	at app//de.uka.ilkd.key.proof.io.KeYFile.getParseContext(KeYFile.java:160)
	at app//de.uka.ilkd.key.proof.io.KeYFile.readIncludes(KeYFile.java:206)
	... 100 more
</failure>
  </testcase>
  <testcase name="testInstantiateLabels_directChildPolicies_ruleSpecific()" classname="de.uka.ilkd.key.logic.TestTermLabelManager" time="0.07">
    <failure message="org.opentest4j.AssertionFailedError" type="org.opentest4j.AssertionFailedError">org.opentest4j.AssertionFailedError
	at app//org.junit.jupiter.api.AssertionUtils.fail(AssertionUtils.java:35)
	at app//org.junit.jupiter.api.Assertions.fail(Assertions.java:115)
	at app//de.uka.ilkd.key.logic.TestTermLabelManager.testInstantiateLabels_directChildPolicies_ruleSpecific(TestTermLabelManager.java:401)
	at java.base@11.0.18/jdk.internal.reflect.NativeMethodAccessorImpl.invoke0(Native Method)
	at java.base@11.0.18/jdk.internal.reflect.NativeMethodAccessorImpl.invoke(NativeMethodAccessorImpl.java:62)
	at java.base@11.0.18/jdk.internal.reflect.DelegatingMethodAccessorImpl.invoke(DelegatingMethodAccessorImpl.java:43)
	at java.base@11.0.18/java.lang.reflect.Method.invoke(Method.java:566)
	at app//org.junit.platform.commons.util.ReflectionUtils.invokeMethod(ReflectionUtils.java:725)
	at app//org.junit.jupiter.engine.execution.MethodInvocation.proceed(MethodInvocation.java:60)
	at app//org.junit.jupiter.engine.execution.InvocationInterceptorChain$ValidatingInvocation.proceed(InvocationInterceptorChain.java:131)
	at app//org.junit.jupiter.engine.extension.TimeoutExtension.intercept(TimeoutExtension.java:149)
	at app//org.junit.jupiter.engine.extension.TimeoutExtension.interceptTestableMethod(TimeoutExtension.java:140)
	at app//org.junit.jupiter.engine.extension.TimeoutExtension.interceptTestMethod(TimeoutExtension.java:84)
	at app//org.junit.jupiter.engine.execution.ExecutableInvoker$ReflectiveInterceptorCall.lambda$ofVoidMethod$0(ExecutableInvoker.java:115)
	at app//org.junit.jupiter.engine.execution.ExecutableInvoker.lambda$invoke$0(ExecutableInvoker.java:105)
	at app//org.junit.jupiter.engine.execution.InvocationInterceptorChain$InterceptedInvocation.proceed(InvocationInterceptorChain.java:106)
	at app//org.junit.jupiter.engine.execution.InvocationInterceptorChain.proceed(InvocationInterceptorChain.java:64)
	at app//org.junit.jupiter.engine.execution.InvocationInterceptorChain.chainAndInvoke(InvocationInterceptorChain.java:45)
	at app//org.junit.jupiter.engine.execution.InvocationInterceptorChain.invoke(InvocationInterceptorChain.java:37)
	at app//org.junit.jupiter.engine.execution.ExecutableInvoker.invoke(ExecutableInvoker.java:104)
	at app//org.junit.jupiter.engine.execution.ExecutableInvoker.invoke(ExecutableInvoker.java:98)
	at app//org.junit.jupiter.engine.descriptor.TestMethodTestDescriptor.lambda$invokeTestMethod$7(TestMethodTestDescriptor.java:214)
	at app//org.junit.platform.engine.support.hierarchical.ThrowableCollector.execute(ThrowableCollector.java:73)
	at app//org.junit.jupiter.engine.descriptor.TestMethodTestDescriptor.invokeTestMethod(TestMethodTestDescriptor.java:210)
	at app//org.junit.jupiter.engine.descriptor.TestMethodTestDescriptor.execute(TestMethodTestDescriptor.java:135)
	at app//org.junit.jupiter.engine.descriptor.TestMethodTestDescriptor.execute(TestMethodTestDescriptor.java:66)
	at app//org.junit.platform.engine.support.hierarchical.NodeTestTask.lambda$executeRecursively$6(NodeTestTask.java:151)
	at app//org.junit.platform.engine.support.hierarchical.ThrowableCollector.execute(ThrowableCollector.java:73)
	at app//org.junit.platform.engine.support.hierarchical.NodeTestTask.lambda$executeRecursively$8(NodeTestTask.java:141)
	at app//org.junit.platform.engine.support.hierarchical.Node.around(Node.java:137)
	at app//org.junit.platform.engine.support.hierarchical.NodeTestTask.lambda$executeRecursively$9(NodeTestTask.java:139)
	at app//org.junit.platform.engine.support.hierarchical.ThrowableCollector.execute(ThrowableCollector.java:73)
	at app//org.junit.platform.engine.support.hierarchical.NodeTestTask.executeRecursively(NodeTestTask.java:138)
	at app//org.junit.platform.engine.support.hierarchical.NodeTestTask.execute(NodeTestTask.java:95)
	at java.base@11.0.18/java.util.ArrayList.forEach(ArrayList.java:1541)
	at app//org.junit.platform.engine.support.hierarchical.SameThreadHierarchicalTestExecutorService.invokeAll(SameThreadHierarchicalTestExecutorService.java:41)
	at app//org.junit.platform.engine.support.hierarchical.NodeTestTask.lambda$executeRecursively$6(NodeTestTask.java:155)
	at app//org.junit.platform.engine.support.hierarchical.ThrowableCollector.execute(ThrowableCollector.java:73)
	at app//org.junit.platform.engine.support.hierarchical.NodeTestTask.lambda$executeRecursively$8(NodeTestTask.java:141)
	at app//org.junit.platform.engine.support.hierarchical.Node.around(Node.java:137)
	at app//org.junit.platform.engine.support.hierarchical.NodeTestTask.lambda$executeRecursively$9(NodeTestTask.java:139)
	at app//org.junit.platform.engine.support.hierarchical.ThrowableCollector.execute(ThrowableCollector.java:73)
	at app//org.junit.platform.engine.support.hierarchical.NodeTestTask.executeRecursively(NodeTestTask.java:138)
	at app//org.junit.platform.engine.support.hierarchical.NodeTestTask.execute(NodeTestTask.java:95)
	at java.base@11.0.18/java.util.ArrayList.forEach(ArrayList.java:1541)
	at app//org.junit.platform.engine.support.hierarchical.SameThreadHierarchicalTestExecutorService.invokeAll(SameThreadHierarchicalTestExecutorService.java:41)
	at app//org.junit.platform.engine.support.hierarchical.NodeTestTask.lambda$executeRecursively$6(NodeTestTask.java:155)
	at app//org.junit.platform.engine.support.hierarchical.ThrowableCollector.execute(ThrowableCollector.java:73)
	at app//org.junit.platform.engine.support.hierarchical.NodeTestTask.lambda$executeRecursively$8(NodeTestTask.java:141)
	at app//org.junit.platform.engine.support.hierarchical.Node.around(Node.java:137)
	at app//org.junit.platform.engine.support.hierarchical.NodeTestTask.lambda$executeRecursively$9(NodeTestTask.java:139)
	at app//org.junit.platform.engine.support.hierarchical.ThrowableCollector.execute(ThrowableCollector.java:73)
	at app//org.junit.platform.engine.support.hierarchical.NodeTestTask.executeRecursively(NodeTestTask.java:138)
	at app//org.junit.platform.engine.support.hierarchical.NodeTestTask.execute(NodeTestTask.java:95)
	at app//org.junit.platform.engine.support.hierarchical.SameThreadHierarchicalTestExecutorService.submit(SameThreadHierarchicalTestExecutorService.java:35)
	at app//org.junit.platform.engine.support.hierarchical.HierarchicalTestExecutor.execute(HierarchicalTestExecutor.java:57)
	at app//org.junit.platform.engine.support.hierarchical.HierarchicalTestEngine.execute(HierarchicalTestEngine.java:54)
	at org.junit.platform.launcher.core.EngineExecutionOrchestrator.execute(EngineExecutionOrchestrator.java:107)
	at org.junit.platform.launcher.core.EngineExecutionOrchestrator.execute(EngineExecutionOrchestrator.java:88)
	at org.junit.platform.launcher.core.EngineExecutionOrchestrator.lambda$execute$0(EngineExecutionOrchestrator.java:54)
	at org.junit.platform.launcher.core.EngineExecutionOrchestrator.withInterceptedStreams(EngineExecutionOrchestrator.java:67)
	at org.junit.platform.launcher.core.EngineExecutionOrchestrator.execute(EngineExecutionOrchestrator.java:52)
	at org.junit.platform.launcher.core.DefaultLauncher.execute(DefaultLauncher.java:114)
	at org.junit.platform.launcher.core.DefaultLauncher.execute(DefaultLauncher.java:86)
	at org.junit.platform.launcher.core.DefaultLauncherSession$DelegatingLauncher.execute(DefaultLauncherSession.java:86)
	at org.junit.platform.launcher.core.SessionPerRequestLauncher.execute(SessionPerRequestLauncher.java:53)
	at org.gradle.api.internal.tasks.testing.junitplatform.JUnitPlatformTestClassProcessor$CollectAllTestClassesExecutor.processAllTestClasses(JUnitPlatformTestClassProcessor.java:99)
	at org.gradle.api.internal.tasks.testing.junitplatform.JUnitPlatformTestClassProcessor$CollectAllTestClassesExecutor.access$000(JUnitPlatformTestClassProcessor.java:79)
	at org.gradle.api.internal.tasks.testing.junitplatform.JUnitPlatformTestClassProcessor.stop(JUnitPlatformTestClassProcessor.java:75)
	at org.gradle.api.internal.tasks.testing.SuiteTestClassProcessor.stop(SuiteTestClassProcessor.java:62)
	at java.base@11.0.18/jdk.internal.reflect.NativeMethodAccessorImpl.invoke0(Native Method)
	at java.base@11.0.18/jdk.internal.reflect.NativeMethodAccessorImpl.invoke(NativeMethodAccessorImpl.java:62)
	at java.base@11.0.18/jdk.internal.reflect.DelegatingMethodAccessorImpl.invoke(DelegatingMethodAccessorImpl.java:43)
	at java.base@11.0.18/java.lang.reflect.Method.invoke(Method.java:566)
	at org.gradle.internal.dispatch.ReflectionDispatch.dispatch(ReflectionDispatch.java:36)
	at org.gradle.internal.dispatch.ReflectionDispatch.dispatch(ReflectionDispatch.java:24)
	at org.gradle.internal.dispatch.ContextClassLoaderDispatch.dispatch(ContextClassLoaderDispatch.java:33)
	at org.gradle.internal.dispatch.ProxyDispatchAdapter$DispatchingInvocationHandler.invoke(ProxyDispatchAdapter.java:94)
	at com.sun.proxy.$Proxy2.stop(Unknown Source)
	at org.gradle.api.internal.tasks.testing.worker.TestWorker$3.run(TestWorker.java:193)
	at org.gradle.api.internal.tasks.testing.worker.TestWorker.executeAndMaintainThreadName(TestWorker.java:129)
	at org.gradle.api.internal.tasks.testing.worker.TestWorker.execute(TestWorker.java:100)
	at org.gradle.api.internal.tasks.testing.worker.TestWorker.execute(TestWorker.java:60)
	at org.gradle.process.internal.worker.child.ActionExecutionWorker.execute(ActionExecutionWorker.java:56)
	at org.gradle.process.internal.worker.child.SystemApplicationClassLoaderWorker.call(SystemApplicationClassLoaderWorker.java:113)
	at org.gradle.process.internal.worker.child.SystemApplicationClassLoaderWorker.call(SystemApplicationClassLoaderWorker.java:65)
	at app//worker.org.gradle.process.internal.worker.GradleWorkerMain.run(GradleWorkerMain.java:69)
	at app//worker.org.gradle.process.internal.worker.GradleWorkerMain.main(GradleWorkerMain.java:74)
</failure>
  </testcase>
  <testcase name="testGetSupportedTermLabelNames()" classname="de.uka.ilkd.key.logic.TestTermLabelManager" time="0.076">
    <failure message="org.opentest4j.AssertionFailedError" type="org.opentest4j.AssertionFailedError">org.opentest4j.AssertionFailedError
	at app//org.junit.jupiter.api.AssertionUtils.fail(AssertionUtils.java:35)
	at app//org.junit.jupiter.api.Assertions.fail(Assertions.java:115)
	at app//de.uka.ilkd.key.logic.TestTermLabelManager.testGetSupportedTermLabelNames(TestTermLabelManager.java:592)
	at java.base@11.0.18/jdk.internal.reflect.NativeMethodAccessorImpl.invoke0(Native Method)
	at java.base@11.0.18/jdk.internal.reflect.NativeMethodAccessorImpl.invoke(NativeMethodAccessorImpl.java:62)
	at java.base@11.0.18/jdk.internal.reflect.DelegatingMethodAccessorImpl.invoke(DelegatingMethodAccessorImpl.java:43)
	at java.base@11.0.18/java.lang.reflect.Method.invoke(Method.java:566)
	at app//org.junit.platform.commons.util.ReflectionUtils.invokeMethod(ReflectionUtils.java:725)
	at app//org.junit.jupiter.engine.execution.MethodInvocation.proceed(MethodInvocation.java:60)
	at app//org.junit.jupiter.engine.execution.InvocationInterceptorChain$ValidatingInvocation.proceed(InvocationInterceptorChain.java:131)
	at app//org.junit.jupiter.engine.extension.TimeoutExtension.intercept(TimeoutExtension.java:149)
	at app//org.junit.jupiter.engine.extension.TimeoutExtension.interceptTestableMethod(TimeoutExtension.java:140)
	at app//org.junit.jupiter.engine.extension.TimeoutExtension.interceptTestMethod(TimeoutExtension.java:84)
	at app//org.junit.jupiter.engine.execution.ExecutableInvoker$ReflectiveInterceptorCall.lambda$ofVoidMethod$0(ExecutableInvoker.java:115)
	at app//org.junit.jupiter.engine.execution.ExecutableInvoker.lambda$invoke$0(ExecutableInvoker.java:105)
	at app//org.junit.jupiter.engine.execution.InvocationInterceptorChain$InterceptedInvocation.proceed(InvocationInterceptorChain.java:106)
	at app//org.junit.jupiter.engine.execution.InvocationInterceptorChain.proceed(InvocationInterceptorChain.java:64)
	at app//org.junit.jupiter.engine.execution.InvocationInterceptorChain.chainAndInvoke(InvocationInterceptorChain.java:45)
	at app//org.junit.jupiter.engine.execution.InvocationInterceptorChain.invoke(InvocationInterceptorChain.java:37)
	at app//org.junit.jupiter.engine.execution.ExecutableInvoker.invoke(ExecutableInvoker.java:104)
	at app//org.junit.jupiter.engine.execution.ExecutableInvoker.invoke(ExecutableInvoker.java:98)
	at app//org.junit.jupiter.engine.descriptor.TestMethodTestDescriptor.lambda$invokeTestMethod$7(TestMethodTestDescriptor.java:214)
	at app//org.junit.platform.engine.support.hierarchical.ThrowableCollector.execute(ThrowableCollector.java:73)
	at app//org.junit.jupiter.engine.descriptor.TestMethodTestDescriptor.invokeTestMethod(TestMethodTestDescriptor.java:210)
	at app//org.junit.jupiter.engine.descriptor.TestMethodTestDescriptor.execute(TestMethodTestDescriptor.java:135)
	at app//org.junit.jupiter.engine.descriptor.TestMethodTestDescriptor.execute(TestMethodTestDescriptor.java:66)
	at app//org.junit.platform.engine.support.hierarchical.NodeTestTask.lambda$executeRecursively$6(NodeTestTask.java:151)
	at app//org.junit.platform.engine.support.hierarchical.ThrowableCollector.execute(ThrowableCollector.java:73)
	at app//org.junit.platform.engine.support.hierarchical.NodeTestTask.lambda$executeRecursively$8(NodeTestTask.java:141)
	at app//org.junit.platform.engine.support.hierarchical.Node.around(Node.java:137)
	at app//org.junit.platform.engine.support.hierarchical.NodeTestTask.lambda$executeRecursively$9(NodeTestTask.java:139)
	at app//org.junit.platform.engine.support.hierarchical.ThrowableCollector.execute(ThrowableCollector.java:73)
	at app//org.junit.platform.engine.support.hierarchical.NodeTestTask.executeRecursively(NodeTestTask.java:138)
	at app//org.junit.platform.engine.support.hierarchical.NodeTestTask.execute(NodeTestTask.java:95)
	at java.base@11.0.18/java.util.ArrayList.forEach(ArrayList.java:1541)
	at app//org.junit.platform.engine.support.hierarchical.SameThreadHierarchicalTestExecutorService.invokeAll(SameThreadHierarchicalTestExecutorService.java:41)
	at app//org.junit.platform.engine.support.hierarchical.NodeTestTask.lambda$executeRecursively$6(NodeTestTask.java:155)
	at app//org.junit.platform.engine.support.hierarchical.ThrowableCollector.execute(ThrowableCollector.java:73)
	at app//org.junit.platform.engine.support.hierarchical.NodeTestTask.lambda$executeRecursively$8(NodeTestTask.java:141)
	at app//org.junit.platform.engine.support.hierarchical.Node.around(Node.java:137)
	at app//org.junit.platform.engine.support.hierarchical.NodeTestTask.lambda$executeRecursively$9(NodeTestTask.java:139)
	at app//org.junit.platform.engine.support.hierarchical.ThrowableCollector.execute(ThrowableCollector.java:73)
	at app//org.junit.platform.engine.support.hierarchical.NodeTestTask.executeRecursively(NodeTestTask.java:138)
	at app//org.junit.platform.engine.support.hierarchical.NodeTestTask.execute(NodeTestTask.java:95)
	at java.base@11.0.18/java.util.ArrayList.forEach(ArrayList.java:1541)
	at app//org.junit.platform.engine.support.hierarchical.SameThreadHierarchicalTestExecutorService.invokeAll(SameThreadHierarchicalTestExecutorService.java:41)
	at app//org.junit.platform.engine.support.hierarchical.NodeTestTask.lambda$executeRecursively$6(NodeTestTask.java:155)
	at app//org.junit.platform.engine.support.hierarchical.ThrowableCollector.execute(ThrowableCollector.java:73)
	at app//org.junit.platform.engine.support.hierarchical.NodeTestTask.lambda$executeRecursively$8(NodeTestTask.java:141)
	at app//org.junit.platform.engine.support.hierarchical.Node.around(Node.java:137)
	at app//org.junit.platform.engine.support.hierarchical.NodeTestTask.lambda$executeRecursively$9(NodeTestTask.java:139)
	at app//org.junit.platform.engine.support.hierarchical.ThrowableCollector.execute(ThrowableCollector.java:73)
	at app//org.junit.platform.engine.support.hierarchical.NodeTestTask.executeRecursively(NodeTestTask.java:138)
	at app//org.junit.platform.engine.support.hierarchical.NodeTestTask.execute(NodeTestTask.java:95)
	at app//org.junit.platform.engine.support.hierarchical.SameThreadHierarchicalTestExecutorService.submit(SameThreadHierarchicalTestExecutorService.java:35)
	at app//org.junit.platform.engine.support.hierarchical.HierarchicalTestExecutor.execute(HierarchicalTestExecutor.java:57)
	at app//org.junit.platform.engine.support.hierarchical.HierarchicalTestEngine.execute(HierarchicalTestEngine.java:54)
	at org.junit.platform.launcher.core.EngineExecutionOrchestrator.execute(EngineExecutionOrchestrator.java:107)
	at org.junit.platform.launcher.core.EngineExecutionOrchestrator.execute(EngineExecutionOrchestrator.java:88)
	at org.junit.platform.launcher.core.EngineExecutionOrchestrator.lambda$execute$0(EngineExecutionOrchestrator.java:54)
	at org.junit.platform.launcher.core.EngineExecutionOrchestrator.withInterceptedStreams(EngineExecutionOrchestrator.java:67)
	at org.junit.platform.launcher.core.EngineExecutionOrchestrator.execute(EngineExecutionOrchestrator.java:52)
	at org.junit.platform.launcher.core.DefaultLauncher.execute(DefaultLauncher.java:114)
	at org.junit.platform.launcher.core.DefaultLauncher.execute(DefaultLauncher.java:86)
	at org.junit.platform.launcher.core.DefaultLauncherSession$DelegatingLauncher.execute(DefaultLauncherSession.java:86)
	at org.junit.platform.launcher.core.SessionPerRequestLauncher.execute(SessionPerRequestLauncher.java:53)
	at org.gradle.api.internal.tasks.testing.junitplatform.JUnitPlatformTestClassProcessor$CollectAllTestClassesExecutor.processAllTestClasses(JUnitPlatformTestClassProcessor.java:99)
	at org.gradle.api.internal.tasks.testing.junitplatform.JUnitPlatformTestClassProcessor$CollectAllTestClassesExecutor.access$000(JUnitPlatformTestClassProcessor.java:79)
	at org.gradle.api.internal.tasks.testing.junitplatform.JUnitPlatformTestClassProcessor.stop(JUnitPlatformTestClassProcessor.java:75)
	at org.gradle.api.internal.tasks.testing.SuiteTestClassProcessor.stop(SuiteTestClassProcessor.java:62)
	at java.base@11.0.18/jdk.internal.reflect.NativeMethodAccessorImpl.invoke0(Native Method)
	at java.base@11.0.18/jdk.internal.reflect.NativeMethodAccessorImpl.invoke(NativeMethodAccessorImpl.java:62)
	at java.base@11.0.18/jdk.internal.reflect.DelegatingMethodAccessorImpl.invoke(DelegatingMethodAccessorImpl.java:43)
	at java.base@11.0.18/java.lang.reflect.Method.invoke(Method.java:566)
	at org.gradle.internal.dispatch.ReflectionDispatch.dispatch(ReflectionDispatch.java:36)
	at org.gradle.internal.dispatch.ReflectionDispatch.dispatch(ReflectionDispatch.java:24)
	at org.gradle.internal.dispatch.ContextClassLoaderDispatch.dispatch(ContextClassLoaderDispatch.java:33)
	at org.gradle.internal.dispatch.ProxyDispatchAdapter$DispatchingInvocationHandler.invoke(ProxyDispatchAdapter.java:94)
	at com.sun.proxy.$Proxy2.stop(Unknown Source)
	at org.gradle.api.internal.tasks.testing.worker.TestWorker$3.run(TestWorker.java:193)
	at org.gradle.api.internal.tasks.testing.worker.TestWorker.executeAndMaintainThreadName(TestWorker.java:129)
	at org.gradle.api.internal.tasks.testing.worker.TestWorker.execute(TestWorker.java:100)
	at org.gradle.api.internal.tasks.testing.worker.TestWorker.execute(TestWorker.java:60)
	at org.gradle.process.internal.worker.child.ActionExecutionWorker.execute(ActionExecutionWorker.java:56)
	at org.gradle.process.internal.worker.child.SystemApplicationClassLoaderWorker.call(SystemApplicationClassLoaderWorker.java:113)
	at org.gradle.process.internal.worker.child.SystemApplicationClassLoaderWorker.call(SystemApplicationClassLoaderWorker.java:65)
	at app//worker.org.gradle.process.internal.worker.GradleWorkerMain.run(GradleWorkerMain.java:69)
	at app//worker.org.gradle.process.internal.worker.GradleWorkerMain.main(GradleWorkerMain.java:74)
</failure>
  </testcase>
  <system-out><![CDATA[93532      WARN  Test worker     d.u.i.k.n.KeYParser       [syntax-error] file:/home/runner/work/key/key/key.core/build/resources/main/de/uka/ilkd/key/proof/rules/ifThenElseRules.key:135:14: mismatched input '\ifExintVar' expecting {MODALITY, FORALL, EXISTS, '\if', '\ifEx', 'true', 'false', '(', '{', '@', NOT, SEQARROW, '-', STRING_LITERAL, CHAR_LITERAL, BIN_LITERAL, HEX_LITERAL, IDENT, INT_LITERAL, FLOAT_LITERAL, DOUBLE_LITERAL, REAL_LITERAL} [@745,3563:3573='\ifExintVar',<188>,135:14] (termorseq, taclet, rulesOrAxioms, decls, file) 
93532      WARN  Test worker     d.u.i.k.n.KeYParser       [syntax-error] file:/home/runner/work/key/key/key.core/build/resources/main/de/uka/ilkd/key/proof/rules/ifThenElseRules.key:135:27: extraneous input '(' expecting {'\lemma', '}', IDENT, '/*!'} [@748,3576:3576='(',<146>,135:27] (rulesOrAxioms, decls, file) 
93532      WARN  Test worker     d.u.i.k.n.KeYParser       [syntax-error] file:/home/runner/work/key/key/key.core/build/resources/main/de/uka/ilkd/key/proof/rules/ifThenElseRules.key:135:44: mismatched input ')' expecting {'(', '{'} [@754,3593:3593=')',<147>,135:44] (taclet, rulesOrAxioms, decls, file) 
93532      WARN  Test worker     d.u.i.k.n.KeYParser       [syntax-error] file:/home/runner/work/key/key/key.core/build/resources/main/de/uka/ilkd/key/proof/rules/ifThenElseRules.key:141:14: mismatched input '\ifExintVar' expecting {MODALITY, FORALL, EXISTS, '\if', '\ifEx', 'true', 'false', '(', '{', '@', NOT, SEQARROW, '-', STRING_LITERAL, CHAR_LITERAL, BIN_LITERAL, HEX_LITERAL, IDENT, INT_LITERAL, FLOAT_LITERAL, DOUBLE_LITERAL, REAL_LITERAL} [@780,3716:3726='\ifExintVar',<188>,141:14] (termorseq, taclet, rulesOrAxioms, decls, file) 
93532      WARN  Test worker     d.u.i.k.n.KeYParser       [syntax-error] file:/home/runner/work/key/key/key.core/build/resources/main/de/uka/ilkd/key/proof/rules/ifThenElseRules.key:141:27: extraneous input '(' expecting {'\lemma', '}', IDENT, '/*!'} [@783,3729:3729='(',<146>,141:27] (rulesOrAxioms, decls, file) 
93533      WARN  Test worker     d.u.i.k.n.KeYParser       [syntax-error] file:/home/runner/work/key/key/key.core/build/resources/main/de/uka/ilkd/key/proof/rules/ifThenElseRules.key:141:41: mismatched input ')' expecting {'(', '{'} [@789,3743:3743=')',<147>,141:41] (taclet, rulesOrAxioms, decls, file) 
93533      WARN  Test worker     d.u.i.k.n.KeYParser       [syntax-error] file:/home/runner/work/key/key/key.core/build/resources/main/de/uka/ilkd/key/proof/rules/ifThenElseRules.key:148:14: mismatched input '\ifExintVar' expecting {MODALITY, FORALL, EXISTS, '\if', '\ifEx', 'true', 'false', '(', '{', '@', NOT, SEQARROW, '-', STRING_LITERAL, CHAR_LITERAL, BIN_LITERAL, HEX_LITERAL, IDENT, INT_LITERAL, FLOAT_LITERAL, DOUBLE_LITERAL, REAL_LITERAL} [@819,3896:3906='\ifExintVar',<188>,148:14] (termorseq, taclet, rulesOrAxioms, decls, file) 
93533      WARN  Test worker     d.u.i.k.n.KeYParser       [syntax-error] file:/home/runner/work/key/key/key.core/build/resources/main/de/uka/ilkd/key/proof/rules/ifThenElseRules.key:148:27: extraneous input '(' expecting {'\lemma', '}', IDENT, '/*!'} [@822,3909:3909='(',<146>,148:27] (rulesOrAxioms, decls, file) 
93533      WARN  Test worker     d.u.i.k.n.KeYParser       [syntax-error] file:/home/runner/work/key/key/key.core/build/resources/main/de/uka/ilkd/key/proof/rules/ifThenElseRules.key:148:35: mismatched input '=' expecting {'(', '{'} [@825,3917:3917='=',<159>,148:35] (taclet, rulesOrAxioms, decls, file) 
93534      WARN  Test worker     d.u.i.k.n.KeYParser       [syntax-error] file:/home/runner/work/key/key/key.core/build/resources/main/de/uka/ilkd/key/proof/rules/ifThenElseRules.key:150:38: mismatched input '}' expecting {'(', '{'} [@859,4023:4023='}',<149>,150:38] (taclet, rulesOrAxioms, decls, file) 
93534      WARN  Test worker     d.u.i.k.n.KeYParser       [syntax-error] file:/home/runner/work/key/key/key.core/build/resources/main/de/uka/ilkd/key/proof/rules/ifThenElseRules.key:155:14: mismatched input '\ifExintVar' expecting {MODALITY, FORALL, EXISTS, '\if', '\ifEx', 'true', 'false', '(', '{', '@', NOT, SEQARROW, '-', STRING_LITERAL, CHAR_LITERAL, BIN_LITERAL, HEX_LITERAL, IDENT, INT_LITERAL, FLOAT_LITERAL, DOUBLE_LITERAL, REAL_LITERAL} [@877,4109:4119='\ifExintVar',<188>,155:14] (termorseq, taclet, rulesOrAxioms, decls, file) 
93534      WARN  Test worker     d.u.i.k.n.KeYParser       [syntax-error] file:/home/runner/work/key/key/key.core/build/resources/main/de/uka/ilkd/key/proof/rules/ifThenElseRules.key:155:27: extraneous input '(' expecting {'\lemma', '}', IDENT, '/*!'} [@880,4122:4122='(',<146>,155:27] (rulesOrAxioms, decls, file) 
93534      WARN  Test worker     d.u.i.k.n.KeYParser       [syntax-error] file:/home/runner/work/key/key/key.core/build/resources/main/de/uka/ilkd/key/proof/rules/ifThenElseRules.key:155:35: mismatched input '=' expecting {'(', '{'} [@883,4130:4130='=',<159>,155:35] (taclet, rulesOrAxioms, decls, file) 
93534      WARN  Test worker     d.u.i.k.n.KeYParser       [syntax-error] file:/home/runner/work/key/key/key.core/build/resources/main/de/uka/ilkd/key/proof/rules/ifThenElseRules.key:157:38: mismatched input '}' expecting {'(', '{'} [@917,4230:4230='}',<149>,157:38] (taclet, rulesOrAxioms, decls, file) 
93534      WARN  Test worker     d.u.i.k.n.KeYParser       [syntax-error] file:/home/runner/work/key/key/key.core/build/resources/main/de/uka/ilkd/key/proof/rules/ifThenElseRules.key:163:14: mismatched input '\ifExintVar' expecting {MODALITY, FORALL, EXISTS, '\if', '\ifEx', 'true', 'false', '(', '{', '@', NOT, SEQARROW, '-', STRING_LITERAL, CHAR_LITERAL, BIN_LITERAL, HEX_LITERAL, IDENT, INT_LITERAL, FLOAT_LITERAL, DOUBLE_LITERAL, REAL_LITERAL} [@939,4350:4360='\ifExintVar',<188>,163:14] (termorseq, taclet, rulesOrAxioms, decls, file) 
93535      WARN  Test worker     d.u.i.k.n.KeYParser       [syntax-error] file:/home/runner/work/key/key/key.core/build/resources/main/de/uka/ilkd/key/proof/rules/ifThenElseRules.key:163:27: extraneous input '(' expecting {'\lemma', '}', IDENT, '/*!'} [@942,4363:4363='(',<146>,163:27] (rulesOrAxioms, decls, file) 
93535      WARN  Test worker     d.u.i.k.n.KeYParser       [syntax-error] file:/home/runner/work/key/key/key.core/build/resources/main/de/uka/ilkd/key/proof/rules/ifThenElseRules.key:163:30: mismatched input '=' expecting {'(', '{'} [@945,4366:4366='=',<159>,163:30] (taclet, rulesOrAxioms, decls, file) 
93535      WARN  Test worker     d.u.i.k.n.KeYParser       [syntax-error] file:/home/runner/work/key/key/key.core/build/resources/main/de/uka/ilkd/key/proof/rules/ifThenElseRules.key:165:38: mismatched input '}' expecting {'(', '{'} [@979,4477:4477='}',<149>,165:38] (taclet, rulesOrAxioms, decls, file) 
93535      WARN  Test worker     d.u.i.k.n.KeYParser       [syntax-error] file:/home/runner/work/key/key/key.core/build/resources/main/de/uka/ilkd/key/proof/rules/ifThenElseRules.key:171:14: mismatched input '\ifExintVar' expecting {MODALITY, FORALL, EXISTS, '\if', '\ifEx', 'true', 'false', '(', '{', '@', NOT, SEQARROW, '-', STRING_LITERAL, CHAR_LITERAL, BIN_LITERAL, HEX_LITERAL, IDENT, INT_LITERAL, FLOAT_LITERAL, DOUBLE_LITERAL, REAL_LITERAL} [@1001,4604:4614='\ifExintVar',<188>,171:14] (termorseq, taclet, rulesOrAxioms, decls, file) 
93535      WARN  Test worker     d.u.i.k.n.KeYParser       [syntax-error] file:/home/runner/work/key/key/key.core/build/resources/main/de/uka/ilkd/key/proof/rules/ifThenElseRules.key:171:27: extraneous input '(' expecting {'\lemma', '}', IDENT, '/*!'} [@1004,4617:4617='(',<146>,171:27] (rulesOrAxioms, decls, file) 
93535      WARN  Test worker     d.u.i.k.n.KeYParser       [syntax-error] file:/home/runner/work/key/key/key.core/build/resources/main/de/uka/ilkd/key/proof/rules/ifThenElseRules.key:171:30: mismatched input '=' expecting {'(', '{'} [@1007,4620:4620='=',<159>,171:30] (taclet, rulesOrAxioms, decls, file) 
93536      WARN  Test worker     d.u.i.k.n.KeYParser       [syntax-error] file:/home/runner/work/key/key/key.core/build/resources/main/de/uka/ilkd/key/proof/rules/ifThenElseRules.key:173:38: mismatched input '}' expecting {'(', '{'} [@1041,4725:4725='}',<149>,173:38] (taclet, rulesOrAxioms, decls, file) 
93536      WARN  Test worker     d.u.i.k.n.KeYParser       [syntax-error] file:/home/runner/work/key/key/key.core/build/resources/main/de/uka/ilkd/key/proof/rules/ifThenElseRules.key:179:14: mismatched input '\ifExintVar' expecting {MODALITY, FORALL, EXISTS, '\if', '\ifEx', 'true', 'false', '(', '{', '@', NOT, SEQARROW, '-', STRING_LITERAL, CHAR_LITERAL, BIN_LITERAL, HEX_LITERAL, IDENT, INT_LITERAL, FLOAT_LITERAL, DOUBLE_LITERAL, REAL_LITERAL} [@1063,4848:4858='\ifExintVar',<188>,179:14] (termorseq, taclet, rulesOrAxioms, decls, file) 
93536      WARN  Test worker     d.u.i.k.n.KeYParser       [syntax-error] file:/home/runner/work/key/key/key.core/build/resources/main/de/uka/ilkd/key/proof/rules/ifThenElseRules.key:179:27: extraneous input '(' expecting {'\lemma', '}', IDENT, '/*!'} [@1066,4861:4861='(',<146>,179:27] (rulesOrAxioms, decls, file) 
93536      WARN  Test worker     d.u.i.k.n.KeYParser       [syntax-error] file:/home/runner/work/key/key/key.core/build/resources/main/de/uka/ilkd/key/proof/rules/ifThenElseRules.key:179:32: mismatched input '&' expecting {'(', '{'} [@1069,4866:4866='&',<156>,179:32] (taclet, rulesOrAxioms, decls, file) 
93537      WARN  Test worker     d.u.i.k.n.KeYParser       [syntax-error] file:/home/runner/work/key/key/key.core/build/resources/main/de/uka/ilkd/key/proof/rules/ifThenElseRules.key:181:42: mismatched input '}' expecting {'(', '{'} [@1109,4985:4985='}',<149>,181:42] (taclet, rulesOrAxioms, decls, file) 
93537      WARN  Test worker     d.u.i.k.n.KeYParser       [syntax-error] file:/home/runner/work/key/key/key.core/build/resources/main/de/uka/ilkd/key/proof/rules/ifThenElseRules.key:182:39: mismatched input '}' expecting {'(', '{'} [@1122,5030:5030='}',<149>,182:39] (taclet, rulesOrAxioms, decls, file) 
93537      WARN  Test worker     d.u.i.k.n.KeYParser       [syntax-error] file:/home/runner/work/key/key/key.core/build/resources/main/de/uka/ilkd/key/proof/rules/ifThenElseRules.key:188:14: mismatched input '\ifExintVar' expecting {MODALITY, FORALL, EXISTS, '\if', '\ifEx', 'true', 'false', '(', '{', '@', NOT, SEQARROW, '-', STRING_LITERAL, CHAR_LITERAL, BIN_LITERAL, HEX_LITERAL, IDENT, INT_LITERAL, FLOAT_LITERAL, DOUBLE_LITERAL, REAL_LITERAL} [@1146,5149:5159='\ifExintVar',<188>,188:14] (termorseq, taclet, rulesOrAxioms, decls, file) 
93538      WARN  Test worker     d.u.i.k.n.KeYParser       [syntax-error] file:/home/runner/work/key/key/key.core/build/resources/main/de/uka/ilkd/key/proof/rules/ifThenElseRules.key:188:27: extraneous input '(' expecting {'\lemma', '}', IDENT, '/*!'} [@1149,5162:5162='(',<146>,188:27] (rulesOrAxioms, decls, file) 
93538      WARN  Test worker     d.u.i.k.n.KeYParser       [syntax-error] file:/home/runner/work/key/key/key.core/build/resources/main/de/uka/ilkd/key/proof/rules/ifThenElseRules.key:188:32: mismatched input '&' expecting {'(', '{'} [@1152,5167:5167='&',<156>,188:32] (taclet, rulesOrAxioms, decls, file) 
93538      WARN  Test worker     d.u.i.k.n.KeYParser       [syntax-error] file:/home/runner/work/key/key/key.core/build/resources/main/de/uka/ilkd/key/proof/rules/ifThenElseRules.key:190:42: mismatched input '}' expecting {'(', '{'} [@1192,5280:5280='}',<149>,190:42] (taclet, rulesOrAxioms, decls, file) 
93538      WARN  Test worker     d.u.i.k.n.KeYParser       [syntax-error] file:/home/runner/work/key/key/key.core/build/resources/main/de/uka/ilkd/key/proof/rules/ifThenElseRules.key:191:39: mismatched input '}' expecting {'(', '{'} [@1205,5325:5325='}',<149>,191:39] (taclet, rulesOrAxioms, decls, file) 
93538      WARN  Test worker     d.u.i.k.n.KeYParser       [syntax-error] file:/home/runner/work/key/key/key.core/build/resources/main/de/uka/ilkd/key/proof/rules/ifThenElseRules.key:198:14: mismatched input '\ifExintVar' expecting {MODALITY, FORALL, EXISTS, '\if', '\ifEx', 'true', 'false', '(', '{', '@', NOT, SEQARROW, '-', STRING_LITERAL, CHAR_LITERAL, BIN_LITERAL, HEX_LITERAL, IDENT, INT_LITERAL, FLOAT_LITERAL, DOUBLE_LITERAL, REAL_LITERAL} [@1233,5475:5485='\ifExintVar',<188>,198:14] (termorseq, taclet, rulesOrAxioms, decls, file) 
93538      WARN  Test worker     d.u.i.k.n.KeYParser       [syntax-error] file:/home/runner/work/key/key/key.core/build/resources/main/de/uka/ilkd/key/proof/rules/ifThenElseRules.key:198:27: extraneous input '(' expecting {'\lemma', '}', IDENT, '/*!'} [@1236,5488:5488='(',<146>,198:27] (rulesOrAxioms, decls, file) 
93539      WARN  Test worker     d.u.i.k.n.KeYParser       [syntax-error] file:/home/runner/work/key/key/key.core/build/resources/main/de/uka/ilkd/key/proof/rules/ifThenElseRules.key:198:32: mismatched input '&' expecting {'(', '{'} [@1239,5493:5493='&',<156>,198:32] (taclet, rulesOrAxioms, decls, file) 
93539      WARN  Test worker     d.u.i.k.n.KeYParser       [syntax-error] file:/home/runner/work/key/key/key.core/build/resources/main/de/uka/ilkd/key/proof/rules/ifThenElseRules.key:200:42: mismatched input '}' expecting {'(', '{'} [@1279,5612:5612='}',<149>,200:42] (taclet, rulesOrAxioms, decls, file) 
93539      WARN  Test worker     d.u.i.k.n.KeYParser       [syntax-error] file:/home/runner/work/key/key/key.core/build/resources/main/de/uka/ilkd/key/proof/rules/ifThenElseRules.key:201:39: mismatched input '}' expecting {'(', '{'} [@1292,5657:5657='}',<149>,201:39] (taclet, rulesOrAxioms, decls, file) 
93539      WARN  Test worker     d.u.i.k.n.KeYParser       [syntax-error] file:/home/runner/work/key/key/key.core/build/resources/main/de/uka/ilkd/key/proof/rules/ifThenElseRules.key:208:14: mismatched input '\ifExintVar' expecting {MODALITY, FORALL, EXISTS, '\if', '\ifEx', 'true', 'false', '(', '{', '@', NOT, SEQARROW, '-', STRING_LITERAL, CHAR_LITERAL, BIN_LITERAL, HEX_LITERAL, IDENT, INT_LITERAL, FLOAT_LITERAL, DOUBLE_LITERAL, REAL_LITERAL} [@1320,5817:5827='\ifExintVar',<188>,208:14] (termorseq, taclet, rulesOrAxioms, decls, file) 
93539      WARN  Test worker     d.u.i.k.n.KeYParser       [syntax-error] file:/home/runner/work/key/key/key.core/build/resources/main/de/uka/ilkd/key/proof/rules/ifThenElseRules.key:208:27: extraneous input '(' expecting {'\lemma', '}', IDENT, '/*!'} [@1323,5830:5830='(',<146>,208:27] (rulesOrAxioms, decls, file) 
93539      WARN  Test worker     d.u.i.k.n.KeYParser       [syntax-error] file:/home/runner/work/key/key/key.core/build/resources/main/de/uka/ilkd/key/proof/rules/ifThenElseRules.key:208:32: mismatched input '&' expecting {'(', '{'} [@1326,5835:5835='&',<156>,208:32] (taclet, rulesOrAxioms, decls, file) 
93539      WARN  Test worker     d.u.i.k.n.KeYParser       [syntax-error] file:/home/runner/work/key/key/key.core/build/resources/main/de/uka/ilkd/key/proof/rules/ifThenElseRules.key:210:42: mismatched input '}' expecting {'(', '{'} [@1366,5948:5948='}',<149>,210:42] (taclet, rulesOrAxioms, decls, file) 
93540      WARN  Test worker     d.u.i.k.n.KeYParser       [syntax-error] file:/home/runner/work/key/key/key.core/build/resources/main/de/uka/ilkd/key/proof/rules/ifThenElseRules.key:211:39: mismatched input '}' expecting {'(', '{'} [@1379,5993:5993='}',<149>,211:39] (taclet, rulesOrAxioms, decls, file) 
93540      WARN  Test worker     d.u.i.k.n.KeYParser       [syntax-error] file:/home/runner/work/key/key/key.core/build/resources/main/de/uka/ilkd/key/proof/rules/ifThenElseRules.key:218:14: mismatched input '\ifExintVar' expecting {MODALITY, FORALL, EXISTS, '\if', '\ifEx', 'true', 'false', '(', '{', '@', NOT, SEQARROW, '-', STRING_LITERAL, CHAR_LITERAL, BIN_LITERAL, HEX_LITERAL, IDENT, INT_LITERAL, FLOAT_LITERAL, DOUBLE_LITERAL, REAL_LITERAL} [@1407,6146:6156='\ifExintVar',<188>,218:14] (termorseq, taclet, rulesOrAxioms, decls, file) 
93540      WARN  Test worker     d.u.i.k.n.KeYParser       [syntax-error] file:/home/runner/work/key/key/key.core/build/resources/main/de/uka/ilkd/key/proof/rules/ifThenElseRules.key:218:27: extraneous input '(' expecting {'\lemma', '}', IDENT, '/*!'} [@1410,6159:6159='(',<146>,218:27] (rulesOrAxioms, decls, file) 
93540      WARN  Test worker     d.u.i.k.n.KeYParser       [syntax-error] file:/home/runner/work/key/key/key.core/build/resources/main/de/uka/ilkd/key/proof/rules/ifThenElseRules.key:218:31: mismatched input ')' expecting {'(', '{'} [@1412,6163:6163=')',<147>,218:31] (taclet, rulesOrAxioms, decls, file) 
93540      WARN  Test worker     d.u.i.k.n.KeYParser       [syntax-error] file:/home/runner/work/key/key/key.core/build/resources/main/de/uka/ilkd/key/proof/rules/ifThenElseRules.key:220:44: mismatched input ')' expecting {'(', '{'} [@1444,6275:6275=')',<147>,220:44] (taclet, rulesOrAxioms, decls, file) 
93540      WARN  Test worker     d.u.i.k.n.KeYParser       [syntax-error] file:/home/runner/work/key/key/key.core/build/resources/main/de/uka/ilkd/key/proof/rules/ifThenElseRules.key:225:14: mismatched input '\ifExintVar' expecting {MODALITY, FORALL, EXISTS, '\if', '\ifEx', 'true', 'false', '(', '{', '@', NOT, SEQARROW, '-', STRING_LITERAL, CHAR_LITERAL, BIN_LITERAL, HEX_LITERAL, IDENT, INT_LITERAL, FLOAT_LITERAL, DOUBLE_LITERAL, REAL_LITERAL} [@1471,6389:6399='\ifExintVar',<188>,225:14] (termorseq, taclet, rulesOrAxioms, decls, file) 
93541      WARN  Test worker     d.u.i.k.n.KeYParser       [syntax-error] file:/home/runner/work/key/key/key.core/build/resources/main/de/uka/ilkd/key/proof/rules/ifThenElseRules.key:225:27: extraneous input '(' expecting {'\lemma', '}', IDENT, '/*!'} [@1474,6402:6402='(',<146>,225:27] (rulesOrAxioms, decls, file) 
93541      WARN  Test worker     d.u.i.k.n.KeYParser       [syntax-error] file:/home/runner/work/key/key/key.core/build/resources/main/de/uka/ilkd/key/proof/rules/ifThenElseRules.key:225:31: mismatched input ')' expecting {'(', '{'} [@1476,6406:6406=')',<147>,225:31] (taclet, rulesOrAxioms, decls, file) 
93541      WARN  Test worker     d.u.i.k.n.KeYParser       [syntax-error] file:/home/runner/work/key/key/key.core/build/resources/main/de/uka/ilkd/key/proof/rules/ifThenElseRules.key:227:44: mismatched input ')' expecting {'(', '{'} [@1508,6509:6509=')',<147>,227:44] (taclet, rulesOrAxioms, decls, file) 
93542      WARN  Test worker     d.u.i.k.n.KeYParser       [syntax-error] file:/home/runner/work/key/key/key.core/build/resources/main/de/uka/ilkd/key/proof/rules/ifThenElseRules.key:233:14: mismatched input '\ifExintVar' expecting {MODALITY, FORALL, EXISTS, '\if', '\ifEx', 'true', 'false', '(', '{', '@', NOT, SEQARROW, '-', STRING_LITERAL, CHAR_LITERAL, BIN_LITERAL, HEX_LITERAL, IDENT, INT_LITERAL, FLOAT_LITERAL, DOUBLE_LITERAL, REAL_LITERAL} [@1539,6656:6666='\ifExintVar',<188>,233:14] (termorseq, taclet, rulesOrAxioms, decls, file) 
93542      WARN  Test worker     d.u.i.k.n.KeYParser       [syntax-error] file:/home/runner/work/key/key/key.core/build/resources/main/de/uka/ilkd/key/proof/rules/ifThenElseRules.key:233:27: extraneous input '(' expecting {'\lemma', '}', IDENT, '/*!'} [@1542,6669:6669='(',<146>,233:27] (rulesOrAxioms, decls, file) 
93544      WARN  Test worker     d.u.i.k.n.KeYParser       [syntax-error] file:/home/runner/work/key/key/key.core/build/resources/main/de/uka/ilkd/key/proof/rules/ifThenElseRules.key:233:31: mismatched input ')' expecting {'(', '{'} [@1544,6673:6673=')',<147>,233:31] (taclet, rulesOrAxioms, decls, file) 
93545      WARN  Test worker     d.u.i.k.n.KeYParser       [syntax-error] file:/home/runner/work/key/key/key.core/build/resources/main/de/uka/ilkd/key/proof/rules/ifThenElseRules.key:237:42: mismatched input '}' expecting {'(', '{'} [@1586,6850:6850='}',<149>,237:42] (taclet, rulesOrAxioms, decls, file) 
93546      WARN  Test worker     d.u.i.k.n.KeYParser       [syntax-error] file:/home/runner/work/key/key/key.core/build/resources/main/de/uka/ilkd/key/proof/rules/ifThenElseRules.key:238:34: mismatched input '}' expecting {'(', '{'} [@1599,6891:6891='}',<149>,238:34] (taclet, rulesOrAxioms, decls, file) 
93546      WARN  Test worker     d.u.i.k.n.KeYParser       [syntax-error] file:/home/runner/work/key/key/key.core/build/resources/main/de/uka/ilkd/key/proof/rules/ifThenElseRules.key:239:28: extraneous input '(' expecting {'\lemma', '}', IDENT, '/*!'} [@1608,6925:6925='(',<146>,239:28] (rulesOrAxioms, decls, file) 
93546      WARN  Test worker     d.u.i.k.n.KeYParser       [syntax-error] file:/home/runner/work/key/key/key.core/build/resources/main/de/uka/ilkd/key/proof/rules/ifThenElseRules.key:239:33: mismatched input '->' expecting {'(', '{'} [@1611,6930:6931='->',<158>,239:33] (taclet, rulesOrAxioms, decls, file) 
93546      WARN  Test worker     d.u.i.k.n.KeYParser       [syntax-error] file:/home/runner/work/key/key/key.core/build/resources/main/de/uka/ilkd/key/proof/rules/ifThenElseRules.key:240:8: extraneous input '\replacewith' expecting {'\lemma', '}', IDENT, '/*!'} [@1626,6979:6990='\replacewith',<105>,240:8] (rulesOrAxioms, decls, file) 
93546      WARN  Test worker     d.u.i.k.n.KeYParser       [syntax-error] file:/home/runner/work/key/key/key.core/build/resources/main/de/uka/ilkd/key/proof/rules/ifThenElseRules.key:240:25: mismatched input ')' expecting {'(', '{'} [@1629,6996:6996=')',<147>,240:25] (taclet, rulesOrAxioms, decls, file) 
93547      WARN  Test worker     d.u.i.k.n.KeYParser       [syntax-error] file:/home/runner/work/key/key/key.core/build/resources/main/de/uka/ilkd/key/proof/rules/ifThenElseRules.key:240:56: mismatched input ')' expecting {'(', '{'} [@1642,7027:7027=')',<147>,240:56] (taclet, rulesOrAxioms, decls, file) 
93547      WARN  Test worker     d.u.i.k.n.KeYParser       [syntax-error] file:/home/runner/work/key/key/key.core/build/resources/main/de/uka/ilkd/key/proof/rules/ifThenElseRules.key:245:14: mismatched input '\ifExintVar' expecting {MODALITY, FORALL, EXISTS, '\if', '\ifEx', 'true', 'false', '(', '{', '@', NOT, SEQARROW, '-', STRING_LITERAL, CHAR_LITERAL, BIN_LITERAL, HEX_LITERAL, IDENT, INT_LITERAL, FLOAT_LITERAL, DOUBLE_LITERAL, REAL_LITERAL} [@1658,7109:7119='\ifExintVar',<188>,245:14] (termorseq, taclet, rulesOrAxioms, decls, file) 
93547      WARN  Test worker     d.u.i.k.n.KeYParser       [syntax-error] file:/home/runner/work/key/key/key.core/build/resources/main/de/uka/ilkd/key/proof/rules/ifThenElseRules.key:245:27: extraneous input '(' expecting {'\lemma', '}', IDENT, '/*!'} [@1661,7122:7122='(',<146>,245:27] (rulesOrAxioms, decls, file) 
93547      WARN  Test worker     d.u.i.k.n.KeYParser       [syntax-error] file:/home/runner/work/key/key/key.core/build/resources/main/de/uka/ilkd/key/proof/rules/ifThenElseRules.key:245:31: mismatched input ')' expecting {'(', '{'} [@1663,7126:7126=')',<147>,245:31] (taclet, rulesOrAxioms, decls, file) 
93547      WARN  Test worker     d.u.i.k.n.KeYParser       [syntax-error] file:/home/runner/work/key/key/key.core/build/resources/main/de/uka/ilkd/key/proof/rules/ifThenElseRules.key:248:45: mismatched input '}' expecting {'(', '{'} [@1696,7268:7268='}',<149>,248:45] (taclet, rulesOrAxioms, decls, file) 
93547      WARN  Test worker     d.u.i.k.n.KeYParser       [syntax-error] file:/home/runner/work/key/key/key.core/build/resources/main/de/uka/ilkd/key/proof/rules/ifThenElseRules.key:249:8: extraneous input '\replacewith' expecting {'\lemma', '}', IDENT, '/*!'} [@1701,7284:7295='\replacewith',<105>,249:8] (rulesOrAxioms, decls, file) 
93547      WARN  Test worker     d.u.i.k.n.KeYParser       [syntax-error] file:/home/runner/work/key/key/key.core/build/resources/main/de/uka/ilkd/key/proof/rules/ifThenElseRules.key:249:38: mismatched input ')' expecting {'(', '{'} [@1708,7314:7314=')',<147>,249:38] (taclet, rulesOrAxioms, decls, file) 
93547      WARN  Test worker     d.u.i.k.n.KeYParser       [syntax-error] file:/home/runner/work/key/key/key.core/build/resources/main/de/uka/ilkd/key/proof/rules/ifThenElseRules.key:250:42: mismatched input '}' expecting {'(', '{'} [@1731,7381:7381='}',<149>,250:42] (taclet, rulesOrAxioms, decls, file) 
93547      WARN  Test worker     d.u.i.k.n.KeYParser       [syntax-error] file:/home/runner/work/key/key/key.core/build/resources/main/de/uka/ilkd/key/proof/rules/ifThenElseRules.key:251:28: extraneous input '(' expecting {'\lemma', '}', IDENT, '/*!'} [@1741,7416:7416='(',<146>,251:28] (rulesOrAxioms, decls, file) 
93548      WARN  Test worker     d.u.i.k.n.KeYParser       [syntax-error] file:/home/runner/work/key/key/key.core/build/resources/main/de/uka/ilkd/key/proof/rules/ifThenElseRules.key:251:33: mismatched input '->' expecting {'(', '{'} [@1744,7421:7422='->',<158>,251:33] (taclet, rulesOrAxioms, decls, file) 
93548      WARN  Test worker     d.u.i.k.n.KeYParser       [syntax-error] file:/home/runner/work/key/key/key.core/build/resources/main/de/uka/ilkd/key/proof/rules/ifThenElseRules.key:255:14: mismatched input '\ifExintVar' expecting {MODALITY, FORALL, EXISTS, '\if', '\ifEx', 'true', 'false', '(', '{', '@', NOT, SEQARROW, '-', STRING_LITERAL, CHAR_LITERAL, BIN_LITERAL, HEX_LITERAL, IDENT, INT_LITERAL, FLOAT_LITERAL, DOUBLE_LITERAL, REAL_LITERAL} [@1765,7506:7516='\ifExintVar',<188>,255:14] (termorseq, taclet, rulesOrAxioms, decls, file) 
93548      WARN  Test worker     d.u.i.k.n.KeYParser       [syntax-error] file:/home/runner/work/key/key/key.core/build/resources/main/de/uka/ilkd/key/proof/rules/ifThenElseRules.key:255:27: extraneous input '(' expecting {'\lemma', '}', IDENT, '/*!'} [@1768,7519:7519='(',<146>,255:27] (rulesOrAxioms, decls, file) 
93548      WARN  Test worker     d.u.i.k.n.KeYParser       [syntax-error] file:/home/runner/work/key/key/key.core/build/resources/main/de/uka/ilkd/key/proof/rules/ifThenElseRules.key:255:31: mismatched input ')' expecting {'(', '{'} [@1770,7523:7523=')',<147>,255:31] (taclet, rulesOrAxioms, decls, file) 
93548      WARN  Test worker     d.u.i.k.n.KeYParser       [syntax-error] file:/home/runner/work/key/key/key.core/build/resources/main/de/uka/ilkd/key/proof/rules/ifThenElseRules.key:258:52: extraneous input '0' expecting {'\lemma', '}', IDENT, '/*!'} [@1809,7667:7667='0',<184>,258:52] (rulesOrAxioms, decls, file) 
93548      WARN  Test worker     d.u.i.k.n.KeYParser       [syntax-error] file:/home/runner/work/key/key/key.core/build/resources/main/de/uka/ilkd/key/proof/rules/ifThenElseRules.key:258:54: mismatched input 'then' expecting {<EOF>, '\problem', '\chooseContract', '\proofObligation', '\proof'} [@1811,7669:7672='then',<183>,258:54] (file) 
93647      WARN  Test worker     d.u.i.k.n.KeYParser       [syntax-error] file:/home/runner/work/key/key/key.core/build/resources/main/de/uka/ilkd/key/proof/rules/ifThenElseRules.key:135:14: mismatched input '\ifExintVar' expecting {MODALITY, FORALL, EXISTS, '\if', '\ifEx', 'true', 'false', '(', '{', '@', NOT, SEQARROW, '-', STRING_LITERAL, CHAR_LITERAL, BIN_LITERAL, HEX_LITERAL, IDENT, INT_LITERAL, FLOAT_LITERAL, DOUBLE_LITERAL, REAL_LITERAL} [@745,3563:3573='\ifExintVar',<188>,135:14] (termorseq, taclet, rulesOrAxioms, decls, file) 
93648      WARN  Test worker     d.u.i.k.n.KeYParser       [syntax-error] file:/home/runner/work/key/key/key.core/build/resources/main/de/uka/ilkd/key/proof/rules/ifThenElseRules.key:135:27: extraneous input '(' expecting {'\lemma', '}', IDENT, '/*!'} [@748,3576:3576='(',<146>,135:27] (rulesOrAxioms, decls, file) 
93648      WARN  Test worker     d.u.i.k.n.KeYParser       [syntax-error] file:/home/runner/work/key/key/key.core/build/resources/main/de/uka/ilkd/key/proof/rules/ifThenElseRules.key:135:44: mismatched input ')' expecting {'(', '{'} [@754,3593:3593=')',<147>,135:44] (taclet, rulesOrAxioms, decls, file) 
93648      WARN  Test worker     d.u.i.k.n.KeYParser       [syntax-error] file:/home/runner/work/key/key/key.core/build/resources/main/de/uka/ilkd/key/proof/rules/ifThenElseRules.key:141:14: mismatched input '\ifExintVar' expecting {MODALITY, FORALL, EXISTS, '\if', '\ifEx', 'true', 'false', '(', '{', '@', NOT, SEQARROW, '-', STRING_LITERAL, CHAR_LITERAL, BIN_LITERAL, HEX_LITERAL, IDENT, INT_LITERAL, FLOAT_LITERAL, DOUBLE_LITERAL, REAL_LITERAL} [@780,3716:3726='\ifExintVar',<188>,141:14] (termorseq, taclet, rulesOrAxioms, decls, file) 
93648      WARN  Test worker     d.u.i.k.n.KeYParser       [syntax-error] file:/home/runner/work/key/key/key.core/build/resources/main/de/uka/ilkd/key/proof/rules/ifThenElseRules.key:141:27: extraneous input '(' expecting {'\lemma', '}', IDENT, '/*!'} [@783,3729:3729='(',<146>,141:27] (rulesOrAxioms, decls, file) 
93648      WARN  Test worker     d.u.i.k.n.KeYParser       [syntax-error] file:/home/runner/work/key/key/key.core/build/resources/main/de/uka/ilkd/key/proof/rules/ifThenElseRules.key:141:41: mismatched input ')' expecting {'(', '{'} [@789,3743:3743=')',<147>,141:41] (taclet, rulesOrAxioms, decls, file) 
93648      WARN  Test worker     d.u.i.k.n.KeYParser       [syntax-error] file:/home/runner/work/key/key/key.core/build/resources/main/de/uka/ilkd/key/proof/rules/ifThenElseRules.key:148:14: mismatched input '\ifExintVar' expecting {MODALITY, FORALL, EXISTS, '\if', '\ifEx', 'true', 'false', '(', '{', '@', NOT, SEQARROW, '-', STRING_LITERAL, CHAR_LITERAL, BIN_LITERAL, HEX_LITERAL, IDENT, INT_LITERAL, FLOAT_LITERAL, DOUBLE_LITERAL, REAL_LITERAL} [@819,3896:3906='\ifExintVar',<188>,148:14] (termorseq, taclet, rulesOrAxioms, decls, file) 
93648      WARN  Test worker     d.u.i.k.n.KeYParser       [syntax-error] file:/home/runner/work/key/key/key.core/build/resources/main/de/uka/ilkd/key/proof/rules/ifThenElseRules.key:148:27: extraneous input '(' expecting {'\lemma', '}', IDENT, '/*!'} [@822,3909:3909='(',<146>,148:27] (rulesOrAxioms, decls, file) 
93648      WARN  Test worker     d.u.i.k.n.KeYParser       [syntax-error] file:/home/runner/work/key/key/key.core/build/resources/main/de/uka/ilkd/key/proof/rules/ifThenElseRules.key:148:35: mismatched input '=' expecting {'(', '{'} [@825,3917:3917='=',<159>,148:35] (taclet, rulesOrAxioms, decls, file) 
93648      WARN  Test worker     d.u.i.k.n.KeYParser       [syntax-error] file:/home/runner/work/key/key/key.core/build/resources/main/de/uka/ilkd/key/proof/rules/ifThenElseRules.key:150:38: mismatched input '}' expecting {'(', '{'} [@859,4023:4023='}',<149>,150:38] (taclet, rulesOrAxioms, decls, file) 
93648      WARN  Test worker     d.u.i.k.n.KeYParser       [syntax-error] file:/home/runner/work/key/key/key.core/build/resources/main/de/uka/ilkd/key/proof/rules/ifThenElseRules.key:155:14: mismatched input '\ifExintVar' expecting {MODALITY, FORALL, EXISTS, '\if', '\ifEx', 'true', 'false', '(', '{', '@', NOT, SEQARROW, '-', STRING_LITERAL, CHAR_LITERAL, BIN_LITERAL, HEX_LITERAL, IDENT, INT_LITERAL, FLOAT_LITERAL, DOUBLE_LITERAL, REAL_LITERAL} [@877,4109:4119='\ifExintVar',<188>,155:14] (termorseq, taclet, rulesOrAxioms, decls, file) 
93648      WARN  Test worker     d.u.i.k.n.KeYParser       [syntax-error] file:/home/runner/work/key/key/key.core/build/resources/main/de/uka/ilkd/key/proof/rules/ifThenElseRules.key:155:27: extraneous input '(' expecting {'\lemma', '}', IDENT, '/*!'} [@880,4122:4122='(',<146>,155:27] (rulesOrAxioms, decls, file) 
93648      WARN  Test worker     d.u.i.k.n.KeYParser       [syntax-error] file:/home/runner/work/key/key/key.core/build/resources/main/de/uka/ilkd/key/proof/rules/ifThenElseRules.key:155:35: mismatched input '=' expecting {'(', '{'} [@883,4130:4130='=',<159>,155:35] (taclet, rulesOrAxioms, decls, file) 
93648      WARN  Test worker     d.u.i.k.n.KeYParser       [syntax-error] file:/home/runner/work/key/key/key.core/build/resources/main/de/uka/ilkd/key/proof/rules/ifThenElseRules.key:157:38: mismatched input '}' expecting {'(', '{'} [@917,4230:4230='}',<149>,157:38] (taclet, rulesOrAxioms, decls, file) 
93649      WARN  Test worker     d.u.i.k.n.KeYParser       [syntax-error] file:/home/runner/work/key/key/key.core/build/resources/main/de/uka/ilkd/key/proof/rules/ifThenElseRules.key:163:14: mismatched input '\ifExintVar' expecting {MODALITY, FORALL, EXISTS, '\if', '\ifEx', 'true', 'false', '(', '{', '@', NOT, SEQARROW, '-', STRING_LITERAL, CHAR_LITERAL, BIN_LITERAL, HEX_LITERAL, IDENT, INT_LITERAL, FLOAT_LITERAL, DOUBLE_LITERAL, REAL_LITERAL} [@939,4350:4360='\ifExintVar',<188>,163:14] (termorseq, taclet, rulesOrAxioms, decls, file) 
93649      WARN  Test worker     d.u.i.k.n.KeYParser       [syntax-error] file:/home/runner/work/key/key/key.core/build/resources/main/de/uka/ilkd/key/proof/rules/ifThenElseRules.key:163:27: extraneous input '(' expecting {'\lemma', '}', IDENT, '/*!'} [@942,4363:4363='(',<146>,163:27] (rulesOrAxioms, decls, file) 
93649      WARN  Test worker     d.u.i.k.n.KeYParser       [syntax-error] file:/home/runner/work/key/key/key.core/build/resources/main/de/uka/ilkd/key/proof/rules/ifThenElseRules.key:163:30: mismatched input '=' expecting {'(', '{'} [@945,4366:4366='=',<159>,163:30] (taclet, rulesOrAxioms, decls, file) 
93649      WARN  Test worker     d.u.i.k.n.KeYParser       [syntax-error] file:/home/runner/work/key/key/key.core/build/resources/main/de/uka/ilkd/key/proof/rules/ifThenElseRules.key:165:38: mismatched input '}' expecting {'(', '{'} [@979,4477:4477='}',<149>,165:38] (taclet, rulesOrAxioms, decls, file) 
93649      WARN  Test worker     d.u.i.k.n.KeYParser       [syntax-error] file:/home/runner/work/key/key/key.core/build/resources/main/de/uka/ilkd/key/proof/rules/ifThenElseRules.key:171:14: mismatched input '\ifExintVar' expecting {MODALITY, FORALL, EXISTS, '\if', '\ifEx', 'true', 'false', '(', '{', '@', NOT, SEQARROW, '-', STRING_LITERAL, CHAR_LITERAL, BIN_LITERAL, HEX_LITERAL, IDENT, INT_LITERAL, FLOAT_LITERAL, DOUBLE_LITERAL, REAL_LITERAL} [@1001,4604:4614='\ifExintVar',<188>,171:14] (termorseq, taclet, rulesOrAxioms, decls, file) 
93649      WARN  Test worker     d.u.i.k.n.KeYParser       [syntax-error] file:/home/runner/work/key/key/key.core/build/resources/main/de/uka/ilkd/key/proof/rules/ifThenElseRules.key:171:27: extraneous input '(' expecting {'\lemma', '}', IDENT, '/*!'} [@1004,4617:4617='(',<146>,171:27] (rulesOrAxioms, decls, file) 
93649      WARN  Test worker     d.u.i.k.n.KeYParser       [syntax-error] file:/home/runner/work/key/key/key.core/build/resources/main/de/uka/ilkd/key/proof/rules/ifThenElseRules.key:171:30: mismatched input '=' expecting {'(', '{'} [@1007,4620:4620='=',<159>,171:30] (taclet, rulesOrAxioms, decls, file) 
93649      WARN  Test worker     d.u.i.k.n.KeYParser       [syntax-error] file:/home/runner/work/key/key/key.core/build/resources/main/de/uka/ilkd/key/proof/rules/ifThenElseRules.key:173:38: mismatched input '}' expecting {'(', '{'} [@1041,4725:4725='}',<149>,173:38] (taclet, rulesOrAxioms, decls, file) 
93649      WARN  Test worker     d.u.i.k.n.KeYParser       [syntax-error] file:/home/runner/work/key/key/key.core/build/resources/main/de/uka/ilkd/key/proof/rules/ifThenElseRules.key:179:14: mismatched input '\ifExintVar' expecting {MODALITY, FORALL, EXISTS, '\if', '\ifEx', 'true', 'false', '(', '{', '@', NOT, SEQARROW, '-', STRING_LITERAL, CHAR_LITERAL, BIN_LITERAL, HEX_LITERAL, IDENT, INT_LITERAL, FLOAT_LITERAL, DOUBLE_LITERAL, REAL_LITERAL} [@1063,4848:4858='\ifExintVar',<188>,179:14] (termorseq, taclet, rulesOrAxioms, decls, file) 
93649      WARN  Test worker     d.u.i.k.n.KeYParser       [syntax-error] file:/home/runner/work/key/key/key.core/build/resources/main/de/uka/ilkd/key/proof/rules/ifThenElseRules.key:179:27: extraneous input '(' expecting {'\lemma', '}', IDENT, '/*!'} [@1066,4861:4861='(',<146>,179:27] (rulesOrAxioms, decls, file) 
93649      WARN  Test worker     d.u.i.k.n.KeYParser       [syntax-error] file:/home/runner/work/key/key/key.core/build/resources/main/de/uka/ilkd/key/proof/rules/ifThenElseRules.key:179:32: mismatched input '&' expecting {'(', '{'} [@1069,4866:4866='&',<156>,179:32] (taclet, rulesOrAxioms, decls, file) 
93649      WARN  Test worker     d.u.i.k.n.KeYParser       [syntax-error] file:/home/runner/work/key/key/key.core/build/resources/main/de/uka/ilkd/key/proof/rules/ifThenElseRules.key:181:42: mismatched input '}' expecting {'(', '{'} [@1109,4985:4985='}',<149>,181:42] (taclet, rulesOrAxioms, decls, file) 
93649      WARN  Test worker     d.u.i.k.n.KeYParser       [syntax-error] file:/home/runner/work/key/key/key.core/build/resources/main/de/uka/ilkd/key/proof/rules/ifThenElseRules.key:182:39: mismatched input '}' expecting {'(', '{'} [@1122,5030:5030='}',<149>,182:39] (taclet, rulesOrAxioms, decls, file) 
93649      WARN  Test worker     d.u.i.k.n.KeYParser       [syntax-error] file:/home/runner/work/key/key/key.core/build/resources/main/de/uka/ilkd/key/proof/rules/ifThenElseRules.key:188:14: mismatched input '\ifExintVar' expecting {MODALITY, FORALL, EXISTS, '\if', '\ifEx', 'true', 'false', '(', '{', '@', NOT, SEQARROW, '-', STRING_LITERAL, CHAR_LITERAL, BIN_LITERAL, HEX_LITERAL, IDENT, INT_LITERAL, FLOAT_LITERAL, DOUBLE_LITERAL, REAL_LITERAL} [@1146,5149:5159='\ifExintVar',<188>,188:14] (termorseq, taclet, rulesOrAxioms, decls, file) 
93650      WARN  Test worker     d.u.i.k.n.KeYParser       [syntax-error] file:/home/runner/work/key/key/key.core/build/resources/main/de/uka/ilkd/key/proof/rules/ifThenElseRules.key:188:27: extraneous input '(' expecting {'\lemma', '}', IDENT, '/*!'} [@1149,5162:5162='(',<146>,188:27] (rulesOrAxioms, decls, file) 
93650      WARN  Test worker     d.u.i.k.n.KeYParser       [syntax-error] file:/home/runner/work/key/key/key.core/build/resources/main/de/uka/ilkd/key/proof/rules/ifThenElseRules.key:188:32: mismatched input '&' expecting {'(', '{'} [@1152,5167:5167='&',<156>,188:32] (taclet, rulesOrAxioms, decls, file) 
93650      WARN  Test worker     d.u.i.k.n.KeYParser       [syntax-error] file:/home/runner/work/key/key/key.core/build/resources/main/de/uka/ilkd/key/proof/rules/ifThenElseRules.key:190:42: mismatched input '}' expecting {'(', '{'} [@1192,5280:5280='}',<149>,190:42] (taclet, rulesOrAxioms, decls, file) 
93650      WARN  Test worker     d.u.i.k.n.KeYParser       [syntax-error] file:/home/runner/work/key/key/key.core/build/resources/main/de/uka/ilkd/key/proof/rules/ifThenElseRules.key:191:39: mismatched input '}' expecting {'(', '{'} [@1205,5325:5325='}',<149>,191:39] (taclet, rulesOrAxioms, decls, file) 
93650      WARN  Test worker     d.u.i.k.n.KeYParser       [syntax-error] file:/home/runner/work/key/key/key.core/build/resources/main/de/uka/ilkd/key/proof/rules/ifThenElseRules.key:198:14: mismatched input '\ifExintVar' expecting {MODALITY, FORALL, EXISTS, '\if', '\ifEx', 'true', 'false', '(', '{', '@', NOT, SEQARROW, '-', STRING_LITERAL, CHAR_LITERAL, BIN_LITERAL, HEX_LITERAL, IDENT, INT_LITERAL, FLOAT_LITERAL, DOUBLE_LITERAL, REAL_LITERAL} [@1233,5475:5485='\ifExintVar',<188>,198:14] (termorseq, taclet, rulesOrAxioms, decls, file) 
93650      WARN  Test worker     d.u.i.k.n.KeYParser       [syntax-error] file:/home/runner/work/key/key/key.core/build/resources/main/de/uka/ilkd/key/proof/rules/ifThenElseRules.key:198:27: extraneous input '(' expecting {'\lemma', '}', IDENT, '/*!'} [@1236,5488:5488='(',<146>,198:27] (rulesOrAxioms, decls, file) 
93650      WARN  Test worker     d.u.i.k.n.KeYParser       [syntax-error] file:/home/runner/work/key/key/key.core/build/resources/main/de/uka/ilkd/key/proof/rules/ifThenElseRules.key:198:32: mismatched input '&' expecting {'(', '{'} [@1239,5493:5493='&',<156>,198:32] (taclet, rulesOrAxioms, decls, file) 
93650      WARN  Test worker     d.u.i.k.n.KeYParser       [syntax-error] file:/home/runner/work/key/key/key.core/build/resources/main/de/uka/ilkd/key/proof/rules/ifThenElseRules.key:200:42: mismatched input '}' expecting {'(', '{'} [@1279,5612:5612='}',<149>,200:42] (taclet, rulesOrAxioms, decls, file) 
93650      WARN  Test worker     d.u.i.k.n.KeYParser       [syntax-error] file:/home/runner/work/key/key/key.core/build/resources/main/de/uka/ilkd/key/proof/rules/ifThenElseRules.key:201:39: mismatched input '}' expecting {'(', '{'} [@1292,5657:5657='}',<149>,201:39] (taclet, rulesOrAxioms, decls, file) 
93650      WARN  Test worker     d.u.i.k.n.KeYParser       [syntax-error] file:/home/runner/work/key/key/key.core/build/resources/main/de/uka/ilkd/key/proof/rules/ifThenElseRules.key:208:14: mismatched input '\ifExintVar' expecting {MODALITY, FORALL, EXISTS, '\if', '\ifEx', 'true', 'false', '(', '{', '@', NOT, SEQARROW, '-', STRING_LITERAL, CHAR_LITERAL, BIN_LITERAL, HEX_LITERAL, IDENT, INT_LITERAL, FLOAT_LITERAL, DOUBLE_LITERAL, REAL_LITERAL} [@1320,5817:5827='\ifExintVar',<188>,208:14] (termorseq, taclet, rulesOrAxioms, decls, file) 
93650      WARN  Test worker     d.u.i.k.n.KeYParser       [syntax-error] file:/home/runner/work/key/key/key.core/build/resources/main/de/uka/ilkd/key/proof/rules/ifThenElseRules.key:208:27: extraneous input '(' expecting {'\lemma', '}', IDENT, '/*!'} [@1323,5830:5830='(',<146>,208:27] (rulesOrAxioms, decls, file) 
93655      WARN  Test worker     d.u.i.k.n.KeYParser       [syntax-error] file:/home/runner/work/key/key/key.core/build/resources/main/de/uka/ilkd/key/proof/rules/ifThenElseRules.key:208:32: mismatched input '&' expecting {'(', '{'} [@1326,5835:5835='&',<156>,208:32] (taclet, rulesOrAxioms, decls, file) 
93655      WARN  Test worker     d.u.i.k.n.KeYParser       [syntax-error] file:/home/runner/work/key/key/key.core/build/resources/main/de/uka/ilkd/key/proof/rules/ifThenElseRules.key:210:42: mismatched input '}' expecting {'(', '{'} [@1366,5948:5948='}',<149>,210:42] (taclet, rulesOrAxioms, decls, file) 
93655      WARN  Test worker     d.u.i.k.n.KeYParser       [syntax-error] file:/home/runner/work/key/key/key.core/build/resources/main/de/uka/ilkd/key/proof/rules/ifThenElseRules.key:211:39: mismatched input '}' expecting {'(', '{'} [@1379,5993:5993='}',<149>,211:39] (taclet, rulesOrAxioms, decls, file) 
93655      WARN  Test worker     d.u.i.k.n.KeYParser       [syntax-error] file:/home/runner/work/key/key/key.core/build/resources/main/de/uka/ilkd/key/proof/rules/ifThenElseRules.key:218:14: mismatched input '\ifExintVar' expecting {MODALITY, FORALL, EXISTS, '\if', '\ifEx', 'true', 'false', '(', '{', '@', NOT, SEQARROW, '-', STRING_LITERAL, CHAR_LITERAL, BIN_LITERAL, HEX_LITERAL, IDENT, INT_LITERAL, FLOAT_LITERAL, DOUBLE_LITERAL, REAL_LITERAL} [@1407,6146:6156='\ifExintVar',<188>,218:14] (termorseq, taclet, rulesOrAxioms, decls, file) 
93655      WARN  Test worker     d.u.i.k.n.KeYParser       [syntax-error] file:/home/runner/work/key/key/key.core/build/resources/main/de/uka/ilkd/key/proof/rules/ifThenElseRules.key:218:27: extraneous input '(' expecting {'\lemma', '}', IDENT, '/*!'} [@1410,6159:6159='(',<146>,218:27] (rulesOrAxioms, decls, file) 
93656      WARN  Test worker     d.u.i.k.n.KeYParser       [syntax-error] file:/home/runner/work/key/key/key.core/build/resources/main/de/uka/ilkd/key/proof/rules/ifThenElseRules.key:218:31: mismatched input ')' expecting {'(', '{'} [@1412,6163:6163=')',<147>,218:31] (taclet, rulesOrAxioms, decls, file) 
93656      WARN  Test worker     d.u.i.k.n.KeYParser       [syntax-error] file:/home/runner/work/key/key/key.core/build/resources/main/de/uka/ilkd/key/proof/rules/ifThenElseRules.key:220:44: mismatched input ')' expecting {'(', '{'} [@1444,6275:6275=')',<147>,220:44] (taclet, rulesOrAxioms, decls, file) 
93656      WARN  Test worker     d.u.i.k.n.KeYParser       [syntax-error] file:/home/runner/work/key/key/key.core/build/resources/main/de/uka/ilkd/key/proof/rules/ifThenElseRules.key:225:14: mismatched input '\ifExintVar' expecting {MODALITY, FORALL, EXISTS, '\if', '\ifEx', 'true', 'false', '(', '{', '@', NOT, SEQARROW, '-', STRING_LITERAL, CHAR_LITERAL, BIN_LITERAL, HEX_LITERAL, IDENT, INT_LITERAL, FLOAT_LITERAL, DOUBLE_LITERAL, REAL_LITERAL} [@1471,6389:6399='\ifExintVar',<188>,225:14] (termorseq, taclet, rulesOrAxioms, decls, file) 
93656      WARN  Test worker     d.u.i.k.n.KeYParser       [syntax-error] file:/home/runner/work/key/key/key.core/build/resources/main/de/uka/ilkd/key/proof/rules/ifThenElseRules.key:225:27: extraneous input '(' expecting {'\lemma', '}', IDENT, '/*!'} [@1474,6402:6402='(',<146>,225:27] (rulesOrAxioms, decls, file) 
93656      WARN  Test worker     d.u.i.k.n.KeYParser       [syntax-error] file:/home/runner/work/key/key/key.core/build/resources/main/de/uka/ilkd/key/proof/rules/ifThenElseRules.key:225:31: mismatched input ')' expecting {'(', '{'} [@1476,6406:6406=')',<147>,225:31] (taclet, rulesOrAxioms, decls, file) 
93656      WARN  Test worker     d.u.i.k.n.KeYParser       [syntax-error] file:/home/runner/work/key/key/key.core/build/resources/main/de/uka/ilkd/key/proof/rules/ifThenElseRules.key:227:44: mismatched input ')' expecting {'(', '{'} [@1508,6509:6509=')',<147>,227:44] (taclet, rulesOrAxioms, decls, file) 
93657      WARN  Test worker     d.u.i.k.n.KeYParser       [syntax-error] file:/home/runner/work/key/key/key.core/build/resources/main/de/uka/ilkd/key/proof/rules/ifThenElseRules.key:233:14: mismatched input '\ifExintVar' expecting {MODALITY, FORALL, EXISTS, '\if', '\ifEx', 'true', 'false', '(', '{', '@', NOT, SEQARROW, '-', STRING_LITERAL, CHAR_LITERAL, BIN_LITERAL, HEX_LITERAL, IDENT, INT_LITERAL, FLOAT_LITERAL, DOUBLE_LITERAL, REAL_LITERAL} [@1539,6656:6666='\ifExintVar',<188>,233:14] (termorseq, taclet, rulesOrAxioms, decls, file) 
93657      WARN  Test worker     d.u.i.k.n.KeYParser       [syntax-error] file:/home/runner/work/key/key/key.core/build/resources/main/de/uka/ilkd/key/proof/rules/ifThenElseRules.key:233:27: extraneous input '(' expecting {'\lemma', '}', IDENT, '/*!'} [@1542,6669:6669='(',<146>,233:27] (rulesOrAxioms, decls, file) 
93657      WARN  Test worker     d.u.i.k.n.KeYParser       [syntax-error] file:/home/runner/work/key/key/key.core/build/resources/main/de/uka/ilkd/key/proof/rules/ifThenElseRules.key:233:31: mismatched input ')' expecting {'(', '{'} [@1544,6673:6673=')',<147>,233:31] (taclet, rulesOrAxioms, decls, file) 
93657      WARN  Test worker     d.u.i.k.n.KeYParser       [syntax-error] file:/home/runner/work/key/key/key.core/build/resources/main/de/uka/ilkd/key/proof/rules/ifThenElseRules.key:237:42: mismatched input '}' expecting {'(', '{'} [@1586,6850:6850='}',<149>,237:42] (taclet, rulesOrAxioms, decls, file) 
93657      WARN  Test worker     d.u.i.k.n.KeYParser       [syntax-error] file:/home/runner/work/key/key/key.core/build/resources/main/de/uka/ilkd/key/proof/rules/ifThenElseRules.key:238:34: mismatched input '}' expecting {'(', '{'} [@1599,6891:6891='}',<149>,238:34] (taclet, rulesOrAxioms, decls, file) 
93657      WARN  Test worker     d.u.i.k.n.KeYParser       [syntax-error] file:/home/runner/work/key/key/key.core/build/resources/main/de/uka/ilkd/key/proof/rules/ifThenElseRules.key:239:28: extraneous input '(' expecting {'\lemma', '}', IDENT, '/*!'} [@1608,6925:6925='(',<146>,239:28] (rulesOrAxioms, decls, file) 
93658      WARN  Test worker     d.u.i.k.n.KeYParser       [syntax-error] file:/home/runner/work/key/key/key.core/build/resources/main/de/uka/ilkd/key/proof/rules/ifThenElseRules.key:239:33: mismatched input '->' expecting {'(', '{'} [@1611,6930:6931='->',<158>,239:33] (taclet, rulesOrAxioms, decls, file) 
93658      WARN  Test worker     d.u.i.k.n.KeYParser       [syntax-error] file:/home/runner/work/key/key/key.core/build/resources/main/de/uka/ilkd/key/proof/rules/ifThenElseRules.key:240:8: extraneous input '\replacewith' expecting {'\lemma', '}', IDENT, '/*!'} [@1626,6979:6990='\replacewith',<105>,240:8] (rulesOrAxioms, decls, file) 
93658      WARN  Test worker     d.u.i.k.n.KeYParser       [syntax-error] file:/home/runner/work/key/key/key.core/build/resources/main/de/uka/ilkd/key/proof/rules/ifThenElseRules.key:240:25: mismatched input ')' expecting {'(', '{'} [@1629,6996:6996=')',<147>,240:25] (taclet, rulesOrAxioms, decls, file) 
93659      WARN  Test worker     d.u.i.k.n.KeYParser       [syntax-error] file:/home/runner/work/key/key/key.core/build/resources/main/de/uka/ilkd/key/proof/rules/ifThenElseRules.key:240:56: mismatched input ')' expecting {'(', '{'} [@1642,7027:7027=')',<147>,240:56] (taclet, rulesOrAxioms, decls, file) 
93659      WARN  Test worker     d.u.i.k.n.KeYParser       [syntax-error] file:/home/runner/work/key/key/key.core/build/resources/main/de/uka/ilkd/key/proof/rules/ifThenElseRules.key:245:14: mismatched input '\ifExintVar' expecting {MODALITY, FORALL, EXISTS, '\if', '\ifEx', 'true', 'false', '(', '{', '@', NOT, SEQARROW, '-', STRING_LITERAL, CHAR_LITERAL, BIN_LITERAL, HEX_LITERAL, IDENT, INT_LITERAL, FLOAT_LITERAL, DOUBLE_LITERAL, REAL_LITERAL} [@1658,7109:7119='\ifExintVar',<188>,245:14] (termorseq, taclet, rulesOrAxioms, decls, file) 
93659      WARN  Test worker     d.u.i.k.n.KeYParser       [syntax-error] file:/home/runner/work/key/key/key.core/build/resources/main/de/uka/ilkd/key/proof/rules/ifThenElseRules.key:245:27: extraneous input '(' expecting {'\lemma', '}', IDENT, '/*!'} [@1661,7122:7122='(',<146>,245:27] (rulesOrAxioms, decls, file) 
93660      WARN  Test worker     d.u.i.k.n.KeYParser       [syntax-error] file:/home/runner/work/key/key/key.core/build/resources/main/de/uka/ilkd/key/proof/rules/ifThenElseRules.key:245:31: mismatched input ')' expecting {'(', '{'} [@1663,7126:7126=')',<147>,245:31] (taclet, rulesOrAxioms, decls, file) 
93661      WARN  Test worker     d.u.i.k.n.KeYParser       [syntax-error] file:/home/runner/work/key/key/key.core/build/resources/main/de/uka/ilkd/key/proof/rules/ifThenElseRules.key:248:45: mismatched input '}' expecting {'(', '{'} [@1696,7268:7268='}',<149>,248:45] (taclet, rulesOrAxioms, decls, file) 
93661      WARN  Test worker     d.u.i.k.n.KeYParser       [syntax-error] file:/home/runner/work/key/key/key.core/build/resources/main/de/uka/ilkd/key/proof/rules/ifThenElseRules.key:249:8: extraneous input '\replacewith' expecting {'\lemma', '}', IDENT, '/*!'} [@1701,7284:7295='\replacewith',<105>,249:8] (rulesOrAxioms, decls, file) 
93661      WARN  Test worker     d.u.i.k.n.KeYParser       [syntax-error] file:/home/runner/work/key/key/key.core/build/resources/main/de/uka/ilkd/key/proof/rules/ifThenElseRules.key:249:38: mismatched input ')' expecting {'(', '{'} [@1708,7314:7314=')',<147>,249:38] (taclet, rulesOrAxioms, decls, file) 
93661      WARN  Test worker     d.u.i.k.n.KeYParser       [syntax-error] file:/home/runner/work/key/key/key.core/build/resources/main/de/uka/ilkd/key/proof/rules/ifThenElseRules.key:250:42: mismatched input '}' expecting {'(', '{'} [@1731,7381:7381='}',<149>,250:42] (taclet, rulesOrAxioms, decls, file) 
93662      WARN  Test worker     d.u.i.k.n.KeYParser       [syntax-error] file:/home/runner/work/key/key/key.core/build/resources/main/de/uka/ilkd/key/proof/rules/ifThenElseRules.key:251:28: extraneous input '(' expecting {'\lemma', '}', IDENT, '/*!'} [@1741,7416:7416='(',<146>,251:28] (rulesOrAxioms, decls, file) 
93662      WARN  Test worker     d.u.i.k.n.KeYParser       [syntax-error] file:/home/runner/work/key/key/key.core/build/resources/main/de/uka/ilkd/key/proof/rules/ifThenElseRules.key:251:33: mismatched input '->' expecting {'(', '{'} [@1744,7421:7422='->',<158>,251:33] (taclet, rulesOrAxioms, decls, file) 
93662      WARN  Test worker     d.u.i.k.n.KeYParser       [syntax-error] file:/home/runner/work/key/key/key.core/build/resources/main/de/uka/ilkd/key/proof/rules/ifThenElseRules.key:255:14: mismatched input '\ifExintVar' expecting {MODALITY, FORALL, EXISTS, '\if', '\ifEx', 'true', 'false', '(', '{', '@', NOT, SEQARROW, '-', STRING_LITERAL, CHAR_LITERAL, BIN_LITERAL, HEX_LITERAL, IDENT, INT_LITERAL, FLOAT_LITERAL, DOUBLE_LITERAL, REAL_LITERAL} [@1765,7506:7516='\ifExintVar',<188>,255:14] (termorseq, taclet, rulesOrAxioms, decls, file) 
93662      WARN  Test worker     d.u.i.k.n.KeYParser       [syntax-error] file:/home/runner/work/key/key/key.core/build/resources/main/de/uka/ilkd/key/proof/rules/ifThenElseRules.key:255:27: extraneous input '(' expecting {'\lemma', '}', IDENT, '/*!'} [@1768,7519:7519='(',<146>,255:27] (rulesOrAxioms, decls, file) 
93662      WARN  Test worker     d.u.i.k.n.KeYParser       [syntax-error] file:/home/runner/work/key/key/key.core/build/resources/main/de/uka/ilkd/key/proof/rules/ifThenElseRules.key:255:31: mismatched input ')' expecting {'(', '{'} [@1770,7523:7523=')',<147>,255:31] (taclet, rulesOrAxioms, decls, file) 
93664      WARN  Test worker     d.u.i.k.n.KeYParser       [syntax-error] file:/home/runner/work/key/key/key.core/build/resources/main/de/uka/ilkd/key/proof/rules/ifThenElseRules.key:258:52: extraneous input '0' expecting {'\lemma', '}', IDENT, '/*!'} [@1809,7667:7667='0',<184>,258:52] (rulesOrAxioms, decls, file) 
93664      WARN  Test worker     d.u.i.k.n.KeYParser       [syntax-error] file:/home/runner/work/key/key/key.core/build/resources/main/de/uka/ilkd/key/proof/rules/ifThenElseRules.key:258:54: mismatched input 'then' expecting {<EOF>, '\problem', '\chooseContract', '\proofObligation', '\proof'} [@1811,7669:7672='then',<183>,258:54] (file) 
93747      WARN  Test worker     d.u.i.k.n.KeYParser       [syntax-error] file:/home/runner/work/key/key/key.core/build/resources/main/de/uka/ilkd/key/proof/rules/ifThenElseRules.key:135:14: mismatched input '\ifExintVar' expecting {MODALITY, FORALL, EXISTS, '\if', '\ifEx', 'true', 'false', '(', '{', '@', NOT, SEQARROW, '-', STRING_LITERAL, CHAR_LITERAL, BIN_LITERAL, HEX_LITERAL, IDENT, INT_LITERAL, FLOAT_LITERAL, DOUBLE_LITERAL, REAL_LITERAL} [@745,3563:3573='\ifExintVar',<188>,135:14] (termorseq, taclet, rulesOrAxioms, decls, file) 
93751      WARN  Test worker     d.u.i.k.n.KeYParser       [syntax-error] file:/home/runner/work/key/key/key.core/build/resources/main/de/uka/ilkd/key/proof/rules/ifThenElseRules.key:135:27: extraneous input '(' expecting {'\lemma', '}', IDENT, '/*!'} [@748,3576:3576='(',<146>,135:27] (rulesOrAxioms, decls, file) 
93751      WARN  Test worker     d.u.i.k.n.KeYParser       [syntax-error] file:/home/runner/work/key/key/key.core/build/resources/main/de/uka/ilkd/key/proof/rules/ifThenElseRules.key:135:44: mismatched input ')' expecting {'(', '{'} [@754,3593:3593=')',<147>,135:44] (taclet, rulesOrAxioms, decls, file) 
93752      WARN  Test worker     d.u.i.k.n.KeYParser       [syntax-error] file:/home/runner/work/key/key/key.core/build/resources/main/de/uka/ilkd/key/proof/rules/ifThenElseRules.key:141:14: mismatched input '\ifExintVar' expecting {MODALITY, FORALL, EXISTS, '\if', '\ifEx', 'true', 'false', '(', '{', '@', NOT, SEQARROW, '-', STRING_LITERAL, CHAR_LITERAL, BIN_LITERAL, HEX_LITERAL, IDENT, INT_LITERAL, FLOAT_LITERAL, DOUBLE_LITERAL, REAL_LITERAL} [@780,3716:3726='\ifExintVar',<188>,141:14] (termorseq, taclet, rulesOrAxioms, decls, file) 
93752      WARN  Test worker     d.u.i.k.n.KeYParser       [syntax-error] file:/home/runner/work/key/key/key.core/build/resources/main/de/uka/ilkd/key/proof/rules/ifThenElseRules.key:141:27: extraneous input '(' expecting {'\lemma', '}', IDENT, '/*!'} [@783,3729:3729='(',<146>,141:27] (rulesOrAxioms, decls, file) 
93752      WARN  Test worker     d.u.i.k.n.KeYParser       [syntax-error] file:/home/runner/work/key/key/key.core/build/resources/main/de/uka/ilkd/key/proof/rules/ifThenElseRules.key:141:41: mismatched input ')' expecting {'(', '{'} [@789,3743:3743=')',<147>,141:41] (taclet, rulesOrAxioms, decls, file) 
93753      WARN  Test worker     d.u.i.k.n.KeYParser       [syntax-error] file:/home/runner/work/key/key/key.core/build/resources/main/de/uka/ilkd/key/proof/rules/ifThenElseRules.key:148:14: mismatched input '\ifExintVar' expecting {MODALITY, FORALL, EXISTS, '\if', '\ifEx', 'true', 'false', '(', '{', '@', NOT, SEQARROW, '-', STRING_LITERAL, CHAR_LITERAL, BIN_LITERAL, HEX_LITERAL, IDENT, INT_LITERAL, FLOAT_LITERAL, DOUBLE_LITERAL, REAL_LITERAL} [@819,3896:3906='\ifExintVar',<188>,148:14] (termorseq, taclet, rulesOrAxioms, decls, file) 
93753      WARN  Test worker     d.u.i.k.n.KeYParser       [syntax-error] file:/home/runner/work/key/key/key.core/build/resources/main/de/uka/ilkd/key/proof/rules/ifThenElseRules.key:148:27: extraneous input '(' expecting {'\lemma', '}', IDENT, '/*!'} [@822,3909:3909='(',<146>,148:27] (rulesOrAxioms, decls, file) 
93754      WARN  Test worker     d.u.i.k.n.KeYParser       [syntax-error] file:/home/runner/work/key/key/key.core/build/resources/main/de/uka/ilkd/key/proof/rules/ifThenElseRules.key:148:35: mismatched input '=' expecting {'(', '{'} [@825,3917:3917='=',<159>,148:35] (taclet, rulesOrAxioms, decls, file) 
93754      WARN  Test worker     d.u.i.k.n.KeYParser       [syntax-error] file:/home/runner/work/key/key/key.core/build/resources/main/de/uka/ilkd/key/proof/rules/ifThenElseRules.key:150:38: mismatched input '}' expecting {'(', '{'} [@859,4023:4023='}',<149>,150:38] (taclet, rulesOrAxioms, decls, file) 
93754      WARN  Test worker     d.u.i.k.n.KeYParser       [syntax-error] file:/home/runner/work/key/key/key.core/build/resources/main/de/uka/ilkd/key/proof/rules/ifThenElseRules.key:155:14: mismatched input '\ifExintVar' expecting {MODALITY, FORALL, EXISTS, '\if', '\ifEx', 'true', 'false', '(', '{', '@', NOT, SEQARROW, '-', STRING_LITERAL, CHAR_LITERAL, BIN_LITERAL, HEX_LITERAL, IDENT, INT_LITERAL, FLOAT_LITERAL, DOUBLE_LITERAL, REAL_LITERAL} [@877,4109:4119='\ifExintVar',<188>,155:14] (termorseq, taclet, rulesOrAxioms, decls, file) 
93755      WARN  Test worker     d.u.i.k.n.KeYParser       [syntax-error] file:/home/runner/work/key/key/key.core/build/resources/main/de/uka/ilkd/key/proof/rules/ifThenElseRules.key:155:27: extraneous input '(' expecting {'\lemma', '}', IDENT, '/*!'} [@880,4122:4122='(',<146>,155:27] (rulesOrAxioms, decls, file) 
93755      WARN  Test worker     d.u.i.k.n.KeYParser       [syntax-error] file:/home/runner/work/key/key/key.core/build/resources/main/de/uka/ilkd/key/proof/rules/ifThenElseRules.key:155:35: mismatched input '=' expecting {'(', '{'} [@883,4130:4130='=',<159>,155:35] (taclet, rulesOrAxioms, decls, file) 
93755      WARN  Test worker     d.u.i.k.n.KeYParser       [syntax-error] file:/home/runner/work/key/key/key.core/build/resources/main/de/uka/ilkd/key/proof/rules/ifThenElseRules.key:157:38: mismatched input '}' expecting {'(', '{'} [@917,4230:4230='}',<149>,157:38] (taclet, rulesOrAxioms, decls, file) 
93756      WARN  Test worker     d.u.i.k.n.KeYParser       [syntax-error] file:/home/runner/work/key/key/key.core/build/resources/main/de/uka/ilkd/key/proof/rules/ifThenElseRules.key:163:14: mismatched input '\ifExintVar' expecting {MODALITY, FORALL, EXISTS, '\if', '\ifEx', 'true', 'false', '(', '{', '@', NOT, SEQARROW, '-', STRING_LITERAL, CHAR_LITERAL, BIN_LITERAL, HEX_LITERAL, IDENT, INT_LITERAL, FLOAT_LITERAL, DOUBLE_LITERAL, REAL_LITERAL} [@939,4350:4360='\ifExintVar',<188>,163:14] (termorseq, taclet, rulesOrAxioms, decls, file) 
93756      WARN  Test worker     d.u.i.k.n.KeYParser       [syntax-error] file:/home/runner/work/key/key/key.core/build/resources/main/de/uka/ilkd/key/proof/rules/ifThenElseRules.key:163:27: extraneous input '(' expecting {'\lemma', '}', IDENT, '/*!'} [@942,4363:4363='(',<146>,163:27] (rulesOrAxioms, decls, file) 
93756      WARN  Test worker     d.u.i.k.n.KeYParser       [syntax-error] file:/home/runner/work/key/key/key.core/build/resources/main/de/uka/ilkd/key/proof/rules/ifThenElseRules.key:163:30: mismatched input '=' expecting {'(', '{'} [@945,4366:4366='=',<159>,163:30] (taclet, rulesOrAxioms, decls, file) 
93757      WARN  Test worker     d.u.i.k.n.KeYParser       [syntax-error] file:/home/runner/work/key/key/key.core/build/resources/main/de/uka/ilkd/key/proof/rules/ifThenElseRules.key:165:38: mismatched input '}' expecting {'(', '{'} [@979,4477:4477='}',<149>,165:38] (taclet, rulesOrAxioms, decls, file) 
93759      WARN  Test worker     d.u.i.k.n.KeYParser       [syntax-error] file:/home/runner/work/key/key/key.core/build/resources/main/de/uka/ilkd/key/proof/rules/ifThenElseRules.key:171:14: mismatched input '\ifExintVar' expecting {MODALITY, FORALL, EXISTS, '\if', '\ifEx', 'true', 'false', '(', '{', '@', NOT, SEQARROW, '-', STRING_LITERAL, CHAR_LITERAL, BIN_LITERAL, HEX_LITERAL, IDENT, INT_LITERAL, FLOAT_LITERAL, DOUBLE_LITERAL, REAL_LITERAL} [@1001,4604:4614='\ifExintVar',<188>,171:14] (termorseq, taclet, rulesOrAxioms, decls, file) 
93766      WARN  Test worker     d.u.i.k.n.KeYParser       [syntax-error] file:/home/runner/work/key/key/key.core/build/resources/main/de/uka/ilkd/key/proof/rules/ifThenElseRules.key:171:27: extraneous input '(' expecting {'\lemma', '}', IDENT, '/*!'} [@1004,4617:4617='(',<146>,171:27] (rulesOrAxioms, decls, file) 
93766      WARN  Test worker     d.u.i.k.n.KeYParser       [syntax-error] file:/home/runner/work/key/key/key.core/build/resources/main/de/uka/ilkd/key/proof/rules/ifThenElseRules.key:171:30: mismatched input '=' expecting {'(', '{'} [@1007,4620:4620='=',<159>,171:30] (taclet, rulesOrAxioms, decls, file) 
93767      WARN  Test worker     d.u.i.k.n.KeYParser       [syntax-error] file:/home/runner/work/key/key/key.core/build/resources/main/de/uka/ilkd/key/proof/rules/ifThenElseRules.key:173:38: mismatched input '}' expecting {'(', '{'} [@1041,4725:4725='}',<149>,173:38] (taclet, rulesOrAxioms, decls, file) 
93767      WARN  Test worker     d.u.i.k.n.KeYParser       [syntax-error] file:/home/runner/work/key/key/key.core/build/resources/main/de/uka/ilkd/key/proof/rules/ifThenElseRules.key:179:14: mismatched input '\ifExintVar' expecting {MODALITY, FORALL, EXISTS, '\if', '\ifEx', 'true', 'false', '(', '{', '@', NOT, SEQARROW, '-', STRING_LITERAL, CHAR_LITERAL, BIN_LITERAL, HEX_LITERAL, IDENT, INT_LITERAL, FLOAT_LITERAL, DOUBLE_LITERAL, REAL_LITERAL} [@1063,4848:4858='\ifExintVar',<188>,179:14] (termorseq, taclet, rulesOrAxioms, decls, file) 
93767      WARN  Test worker     d.u.i.k.n.KeYParser       [syntax-error] file:/home/runner/work/key/key/key.core/build/resources/main/de/uka/ilkd/key/proof/rules/ifThenElseRules.key:179:27: extraneous input '(' expecting {'\lemma', '}', IDENT, '/*!'} [@1066,4861:4861='(',<146>,179:27] (rulesOrAxioms, decls, file) 
93767      WARN  Test worker     d.u.i.k.n.KeYParser       [syntax-error] file:/home/runner/work/key/key/key.core/build/resources/main/de/uka/ilkd/key/proof/rules/ifThenElseRules.key:179:32: mismatched input '&' expecting {'(', '{'} [@1069,4866:4866='&',<156>,179:32] (taclet, rulesOrAxioms, decls, file) 
93767      WARN  Test worker     d.u.i.k.n.KeYParser       [syntax-error] file:/home/runner/work/key/key/key.core/build/resources/main/de/uka/ilkd/key/proof/rules/ifThenElseRules.key:181:42: mismatched input '}' expecting {'(', '{'} [@1109,4985:4985='}',<149>,181:42] (taclet, rulesOrAxioms, decls, file) 
93767      WARN  Test worker     d.u.i.k.n.KeYParser       [syntax-error] file:/home/runner/work/key/key/key.core/build/resources/main/de/uka/ilkd/key/proof/rules/ifThenElseRules.key:182:39: mismatched input '}' expecting {'(', '{'} [@1122,5030:5030='}',<149>,182:39] (taclet, rulesOrAxioms, decls, file) 
93767      WARN  Test worker     d.u.i.k.n.KeYParser       [syntax-error] file:/home/runner/work/key/key/key.core/build/resources/main/de/uka/ilkd/key/proof/rules/ifThenElseRules.key:188:14: mismatched input '\ifExintVar' expecting {MODALITY, FORALL, EXISTS, '\if', '\ifEx', 'true', 'false', '(', '{', '@', NOT, SEQARROW, '-', STRING_LITERAL, CHAR_LITERAL, BIN_LITERAL, HEX_LITERAL, IDENT, INT_LITERAL, FLOAT_LITERAL, DOUBLE_LITERAL, REAL_LITERAL} [@1146,5149:5159='\ifExintVar',<188>,188:14] (termorseq, taclet, rulesOrAxioms, decls, file) 
93767      WARN  Test worker     d.u.i.k.n.KeYParser       [syntax-error] file:/home/runner/work/key/key/key.core/build/resources/main/de/uka/ilkd/key/proof/rules/ifThenElseRules.key:188:27: extraneous input '(' expecting {'\lemma', '}', IDENT, '/*!'} [@1149,5162:5162='(',<146>,188:27] (rulesOrAxioms, decls, file) 
93767      WARN  Test worker     d.u.i.k.n.KeYParser       [syntax-error] file:/home/runner/work/key/key/key.core/build/resources/main/de/uka/ilkd/key/proof/rules/ifThenElseRules.key:188:32: mismatched input '&' expecting {'(', '{'} [@1152,5167:5167='&',<156>,188:32] (taclet, rulesOrAxioms, decls, file) 
93767      WARN  Test worker     d.u.i.k.n.KeYParser       [syntax-error] file:/home/runner/work/key/key/key.core/build/resources/main/de/uka/ilkd/key/proof/rules/ifThenElseRules.key:190:42: mismatched input '}' expecting {'(', '{'} [@1192,5280:5280='}',<149>,190:42] (taclet, rulesOrAxioms, decls, file) 
93767      WARN  Test worker     d.u.i.k.n.KeYParser       [syntax-error] file:/home/runner/work/key/key/key.core/build/resources/main/de/uka/ilkd/key/proof/rules/ifThenElseRules.key:191:39: mismatched input '}' expecting {'(', '{'} [@1205,5325:5325='}',<149>,191:39] (taclet, rulesOrAxioms, decls, file) 
93767      WARN  Test worker     d.u.i.k.n.KeYParser       [syntax-error] file:/home/runner/work/key/key/key.core/build/resources/main/de/uka/ilkd/key/proof/rules/ifThenElseRules.key:198:14: mismatched input '\ifExintVar' expecting {MODALITY, FORALL, EXISTS, '\if', '\ifEx', 'true', 'false', '(', '{', '@', NOT, SEQARROW, '-', STRING_LITERAL, CHAR_LITERAL, BIN_LITERAL, HEX_LITERAL, IDENT, INT_LITERAL, FLOAT_LITERAL, DOUBLE_LITERAL, REAL_LITERAL} [@1233,5475:5485='\ifExintVar',<188>,198:14] (termorseq, taclet, rulesOrAxioms, decls, file) 
93767      WARN  Test worker     d.u.i.k.n.KeYParser       [syntax-error] file:/home/runner/work/key/key/key.core/build/resources/main/de/uka/ilkd/key/proof/rules/ifThenElseRules.key:198:27: extraneous input '(' expecting {'\lemma', '}', IDENT, '/*!'} [@1236,5488:5488='(',<146>,198:27] (rulesOrAxioms, decls, file) 
93767      WARN  Test worker     d.u.i.k.n.KeYParser       [syntax-error] file:/home/runner/work/key/key/key.core/build/resources/main/de/uka/ilkd/key/proof/rules/ifThenElseRules.key:198:32: mismatched input '&' expecting {'(', '{'} [@1239,5493:5493='&',<156>,198:32] (taclet, rulesOrAxioms, decls, file) 
93768      WARN  Test worker     d.u.i.k.n.KeYParser       [syntax-error] file:/home/runner/work/key/key/key.core/build/resources/main/de/uka/ilkd/key/proof/rules/ifThenElseRules.key:200:42: mismatched input '}' expecting {'(', '{'} [@1279,5612:5612='}',<149>,200:42] (taclet, rulesOrAxioms, decls, file) 
93768      WARN  Test worker     d.u.i.k.n.KeYParser       [syntax-error] file:/home/runner/work/key/key/key.core/build/resources/main/de/uka/ilkd/key/proof/rules/ifThenElseRules.key:201:39: mismatched input '}' expecting {'(', '{'} [@1292,5657:5657='}',<149>,201:39] (taclet, rulesOrAxioms, decls, file) 
93768      WARN  Test worker     d.u.i.k.n.KeYParser       [syntax-error] file:/home/runner/work/key/key/key.core/build/resources/main/de/uka/ilkd/key/proof/rules/ifThenElseRules.key:208:14: mismatched input '\ifExintVar' expecting {MODALITY, FORALL, EXISTS, '\if', '\ifEx', 'true', 'false', '(', '{', '@', NOT, SEQARROW, '-', STRING_LITERAL, CHAR_LITERAL, BIN_LITERAL, HEX_LITERAL, IDENT, INT_LITERAL, FLOAT_LITERAL, DOUBLE_LITERAL, REAL_LITERAL} [@1320,5817:5827='\ifExintVar',<188>,208:14] (termorseq, taclet, rulesOrAxioms, decls, file) 
93768      WARN  Test worker     d.u.i.k.n.KeYParser       [syntax-error] file:/home/runner/work/key/key/key.core/build/resources/main/de/uka/ilkd/key/proof/rules/ifThenElseRules.key:208:27: extraneous input '(' expecting {'\lemma', '}', IDENT, '/*!'} [@1323,5830:5830='(',<146>,208:27] (rulesOrAxioms, decls, file) 
93768      WARN  Test worker     d.u.i.k.n.KeYParser       [syntax-error] file:/home/runner/work/key/key/key.core/build/resources/main/de/uka/ilkd/key/proof/rules/ifThenElseRules.key:208:32: mismatched input '&' expecting {'(', '{'} [@1326,5835:5835='&',<156>,208:32] (taclet, rulesOrAxioms, decls, file) 
93768      WARN  Test worker     d.u.i.k.n.KeYParser       [syntax-error] file:/home/runner/work/key/key/key.core/build/resources/main/de/uka/ilkd/key/proof/rules/ifThenElseRules.key:210:42: mismatched input '}' expecting {'(', '{'} [@1366,5948:5948='}',<149>,210:42] (taclet, rulesOrAxioms, decls, file) 
93768      WARN  Test worker     d.u.i.k.n.KeYParser       [syntax-error] file:/home/runner/work/key/key/key.core/build/resources/main/de/uka/ilkd/key/proof/rules/ifThenElseRules.key:211:39: mismatched input '}' expecting {'(', '{'} [@1379,5993:5993='}',<149>,211:39] (taclet, rulesOrAxioms, decls, file) 
93768      WARN  Test worker     d.u.i.k.n.KeYParser       [syntax-error] file:/home/runner/work/key/key/key.core/build/resources/main/de/uka/ilkd/key/proof/rules/ifThenElseRules.key:218:14: mismatched input '\ifExintVar' expecting {MODALITY, FORALL, EXISTS, '\if', '\ifEx', 'true', 'false', '(', '{', '@', NOT, SEQARROW, '-', STRING_LITERAL, CHAR_LITERAL, BIN_LITERAL, HEX_LITERAL, IDENT, INT_LITERAL, FLOAT_LITERAL, DOUBLE_LITERAL, REAL_LITERAL} [@1407,6146:6156='\ifExintVar',<188>,218:14] (termorseq, taclet, rulesOrAxioms, decls, file) 
93768      WARN  Test worker     d.u.i.k.n.KeYParser       [syntax-error] file:/home/runner/work/key/key/key.core/build/resources/main/de/uka/ilkd/key/proof/rules/ifThenElseRules.key:218:27: extraneous input '(' expecting {'\lemma', '}', IDENT, '/*!'} [@1410,6159:6159='(',<146>,218:27] (rulesOrAxioms, decls, file) 
93768      WARN  Test worker     d.u.i.k.n.KeYParser       [syntax-error] file:/home/runner/work/key/key/key.core/build/resources/main/de/uka/ilkd/key/proof/rules/ifThenElseRules.key:218:31: mismatched input ')' expecting {'(', '{'} [@1412,6163:6163=')',<147>,218:31] (taclet, rulesOrAxioms, decls, file) 
93768      WARN  Test worker     d.u.i.k.n.KeYParser       [syntax-error] file:/home/runner/work/key/key/key.core/build/resources/main/de/uka/ilkd/key/proof/rules/ifThenElseRules.key:220:44: mismatched input ')' expecting {'(', '{'} [@1444,6275:6275=')',<147>,220:44] (taclet, rulesOrAxioms, decls, file) 
93768      WARN  Test worker     d.u.i.k.n.KeYParser       [syntax-error] file:/home/runner/work/key/key/key.core/build/resources/main/de/uka/ilkd/key/proof/rules/ifThenElseRules.key:225:14: mismatched input '\ifExintVar' expecting {MODALITY, FORALL, EXISTS, '\if', '\ifEx', 'true', 'false', '(', '{', '@', NOT, SEQARROW, '-', STRING_LITERAL, CHAR_LITERAL, BIN_LITERAL, HEX_LITERAL, IDENT, INT_LITERAL, FLOAT_LITERAL, DOUBLE_LITERAL, REAL_LITERAL} [@1471,6389:6399='\ifExintVar',<188>,225:14] (termorseq, taclet, rulesOrAxioms, decls, file) 
93768      WARN  Test worker     d.u.i.k.n.KeYParser       [syntax-error] file:/home/runner/work/key/key/key.core/build/resources/main/de/uka/ilkd/key/proof/rules/ifThenElseRules.key:225:27: extraneous input '(' expecting {'\lemma', '}', IDENT, '/*!'} [@1474,6402:6402='(',<146>,225:27] (rulesOrAxioms, decls, file) 
93768      WARN  Test worker     d.u.i.k.n.KeYParser       [syntax-error] file:/home/runner/work/key/key/key.core/build/resources/main/de/uka/ilkd/key/proof/rules/ifThenElseRules.key:225:31: mismatched input ')' expecting {'(', '{'} [@1476,6406:6406=')',<147>,225:31] (taclet, rulesOrAxioms, decls, file) 
93768      WARN  Test worker     d.u.i.k.n.KeYParser       [syntax-error] file:/home/runner/work/key/key/key.core/build/resources/main/de/uka/ilkd/key/proof/rules/ifThenElseRules.key:227:44: mismatched input ')' expecting {'(', '{'} [@1508,6509:6509=')',<147>,227:44] (taclet, rulesOrAxioms, decls, file) 
93768      WARN  Test worker     d.u.i.k.n.KeYParser       [syntax-error] file:/home/runner/work/key/key/key.core/build/resources/main/de/uka/ilkd/key/proof/rules/ifThenElseRules.key:233:14: mismatched input '\ifExintVar' expecting {MODALITY, FORALL, EXISTS, '\if', '\ifEx', 'true', 'false', '(', '{', '@', NOT, SEQARROW, '-', STRING_LITERAL, CHAR_LITERAL, BIN_LITERAL, HEX_LITERAL, IDENT, INT_LITERAL, FLOAT_LITERAL, DOUBLE_LITERAL, REAL_LITERAL} [@1539,6656:6666='\ifExintVar',<188>,233:14] (termorseq, taclet, rulesOrAxioms, decls, file) 
93768      WARN  Test worker     d.u.i.k.n.KeYParser       [syntax-error] file:/home/runner/work/key/key/key.core/build/resources/main/de/uka/ilkd/key/proof/rules/ifThenElseRules.key:233:27: extraneous input '(' expecting {'\lemma', '}', IDENT, '/*!'} [@1542,6669:6669='(',<146>,233:27] (rulesOrAxioms, decls, file) 
93768      WARN  Test worker     d.u.i.k.n.KeYParser       [syntax-error] file:/home/runner/work/key/key/key.core/build/resources/main/de/uka/ilkd/key/proof/rules/ifThenElseRules.key:233:31: mismatched input ')' expecting {'(', '{'} [@1544,6673:6673=')',<147>,233:31] (taclet, rulesOrAxioms, decls, file) 
93768      WARN  Test worker     d.u.i.k.n.KeYParser       [syntax-error] file:/home/runner/work/key/key/key.core/build/resources/main/de/uka/ilkd/key/proof/rules/ifThenElseRules.key:237:42: mismatched input '}' expecting {'(', '{'} [@1586,6850:6850='}',<149>,237:42] (taclet, rulesOrAxioms, decls, file) 
93769      WARN  Test worker     d.u.i.k.n.KeYParser       [syntax-error] file:/home/runner/work/key/key/key.core/build/resources/main/de/uka/ilkd/key/proof/rules/ifThenElseRules.key:238:34: mismatched input '}' expecting {'(', '{'} [@1599,6891:6891='}',<149>,238:34] (taclet, rulesOrAxioms, decls, file) 
93769      WARN  Test worker     d.u.i.k.n.KeYParser       [syntax-error] file:/home/runner/work/key/key/key.core/build/resources/main/de/uka/ilkd/key/proof/rules/ifThenElseRules.key:239:28: extraneous input '(' expecting {'\lemma', '}', IDENT, '/*!'} [@1608,6925:6925='(',<146>,239:28] (rulesOrAxioms, decls, file) 
93769      WARN  Test worker     d.u.i.k.n.KeYParser       [syntax-error] file:/home/runner/work/key/key/key.core/build/resources/main/de/uka/ilkd/key/proof/rules/ifThenElseRules.key:239:33: mismatched input '->' expecting {'(', '{'} [@1611,6930:6931='->',<158>,239:33] (taclet, rulesOrAxioms, decls, file) 
93769      WARN  Test worker     d.u.i.k.n.KeYParser       [syntax-error] file:/home/runner/work/key/key/key.core/build/resources/main/de/uka/ilkd/key/proof/rules/ifThenElseRules.key:240:8: extraneous input '\replacewith' expecting {'\lemma', '}', IDENT, '/*!'} [@1626,6979:6990='\replacewith',<105>,240:8] (rulesOrAxioms, decls, file) 
93769      WARN  Test worker     d.u.i.k.n.KeYParser       [syntax-error] file:/home/runner/work/key/key/key.core/build/resources/main/de/uka/ilkd/key/proof/rules/ifThenElseRules.key:240:25: mismatched input ')' expecting {'(', '{'} [@1629,6996:6996=')',<147>,240:25] (taclet, rulesOrAxioms, decls, file) 
93769      WARN  Test worker     d.u.i.k.n.KeYParser       [syntax-error] file:/home/runner/work/key/key/key.core/build/resources/main/de/uka/ilkd/key/proof/rules/ifThenElseRules.key:240:56: mismatched input ')' expecting {'(', '{'} [@1642,7027:7027=')',<147>,240:56] (taclet, rulesOrAxioms, decls, file) 
93769      WARN  Test worker     d.u.i.k.n.KeYParser       [syntax-error] file:/home/runner/work/key/key/key.core/build/resources/main/de/uka/ilkd/key/proof/rules/ifThenElseRules.key:245:14: mismatched input '\ifExintVar' expecting {MODALITY, FORALL, EXISTS, '\if', '\ifEx', 'true', 'false', '(', '{', '@', NOT, SEQARROW, '-', STRING_LITERAL, CHAR_LITERAL, BIN_LITERAL, HEX_LITERAL, IDENT, INT_LITERAL, FLOAT_LITERAL, DOUBLE_LITERAL, REAL_LITERAL} [@1658,7109:7119='\ifExintVar',<188>,245:14] (termorseq, taclet, rulesOrAxioms, decls, file) 
93769      WARN  Test worker     d.u.i.k.n.KeYParser       [syntax-error] file:/home/runner/work/key/key/key.core/build/resources/main/de/uka/ilkd/key/proof/rules/ifThenElseRules.key:245:27: extraneous input '(' expecting {'\lemma', '}', IDENT, '/*!'} [@1661,7122:7122='(',<146>,245:27] (rulesOrAxioms, decls, file) 
93769      WARN  Test worker     d.u.i.k.n.KeYParser       [syntax-error] file:/home/runner/work/key/key/key.core/build/resources/main/de/uka/ilkd/key/proof/rules/ifThenElseRules.key:245:31: mismatched input ')' expecting {'(', '{'} [@1663,7126:7126=')',<147>,245:31] (taclet, rulesOrAxioms, decls, file) 
93769      WARN  Test worker     d.u.i.k.n.KeYParser       [syntax-error] file:/home/runner/work/key/key/key.core/build/resources/main/de/uka/ilkd/key/proof/rules/ifThenElseRules.key:248:45: mismatched input '}' expecting {'(', '{'} [@1696,7268:7268='}',<149>,248:45] (taclet, rulesOrAxioms, decls, file) 
93769      WARN  Test worker     d.u.i.k.n.KeYParser       [syntax-error] file:/home/runner/work/key/key/key.core/build/resources/main/de/uka/ilkd/key/proof/rules/ifThenElseRules.key:249:8: extraneous input '\replacewith' expecting {'\lemma', '}', IDENT, '/*!'} [@1701,7284:7295='\replacewith',<105>,249:8] (rulesOrAxioms, decls, file) 
93769      WARN  Test worker     d.u.i.k.n.KeYParser       [syntax-error] file:/home/runner/work/key/key/key.core/build/resources/main/de/uka/ilkd/key/proof/rules/ifThenElseRules.key:249:38: mismatched input ')' expecting {'(', '{'} [@1708,7314:7314=')',<147>,249:38] (taclet, rulesOrAxioms, decls, file) 
93769      WARN  Test worker     d.u.i.k.n.KeYParser       [syntax-error] file:/home/runner/work/key/key/key.core/build/resources/main/de/uka/ilkd/key/proof/rules/ifThenElseRules.key:250:42: mismatched input '}' expecting {'(', '{'} [@1731,7381:7381='}',<149>,250:42] (taclet, rulesOrAxioms, decls, file) 
93769      WARN  Test worker     d.u.i.k.n.KeYParser       [syntax-error] file:/home/runner/work/key/key/key.core/build/resources/main/de/uka/ilkd/key/proof/rules/ifThenElseRules.key:251:28: extraneous input '(' expecting {'\lemma', '}', IDENT, '/*!'} [@1741,7416:7416='(',<146>,251:28] (rulesOrAxioms, decls, file) 
93769      WARN  Test worker     d.u.i.k.n.KeYParser       [syntax-error] file:/home/runner/work/key/key/key.core/build/resources/main/de/uka/ilkd/key/proof/rules/ifThenElseRules.key:251:33: mismatched input '->' expecting {'(', '{'} [@1744,7421:7422='->',<158>,251:33] (taclet, rulesOrAxioms, decls, file) 
93769      WARN  Test worker     d.u.i.k.n.KeYParser       [syntax-error] file:/home/runner/work/key/key/key.core/build/resources/main/de/uka/ilkd/key/proof/rules/ifThenElseRules.key:255:14: mismatched input '\ifExintVar' expecting {MODALITY, FORALL, EXISTS, '\if', '\ifEx', 'true', 'false', '(', '{', '@', NOT, SEQARROW, '-', STRING_LITERAL, CHAR_LITERAL, BIN_LITERAL, HEX_LITERAL, IDENT, INT_LITERAL, FLOAT_LITERAL, DOUBLE_LITERAL, REAL_LITERAL} [@1765,7506:7516='\ifExintVar',<188>,255:14] (termorseq, taclet, rulesOrAxioms, decls, file) 
93769      WARN  Test worker     d.u.i.k.n.KeYParser       [syntax-error] file:/home/runner/work/key/key/key.core/build/resources/main/de/uka/ilkd/key/proof/rules/ifThenElseRules.key:255:27: extraneous input '(' expecting {'\lemma', '}', IDENT, '/*!'} [@1768,7519:7519='(',<146>,255:27] (rulesOrAxioms, decls, file) 
93769      WARN  Test worker     d.u.i.k.n.KeYParser       [syntax-error] file:/home/runner/work/key/key/key.core/build/resources/main/de/uka/ilkd/key/proof/rules/ifThenElseRules.key:255:31: mismatched input ')' expecting {'(', '{'} [@1770,7523:7523=')',<147>,255:31] (taclet, rulesOrAxioms, decls, file) 
93769      WARN  Test worker     d.u.i.k.n.KeYParser       [syntax-error] file:/home/runner/work/key/key/key.core/build/resources/main/de/uka/ilkd/key/proof/rules/ifThenElseRules.key:258:52: extraneous input '0' expecting {'\lemma', '}', IDENT, '/*!'} [@1809,7667:7667='0',<184>,258:52] (rulesOrAxioms, decls, file) 
93770      WARN  Test worker     d.u.i.k.n.KeYParser       [syntax-error] file:/home/runner/work/key/key/key.core/build/resources/main/de/uka/ilkd/key/proof/rules/ifThenElseRules.key:258:54: mismatched input 'then' expecting {<EOF>, '\problem', '\chooseContract', '\proofObligation', '\proof'} [@1811,7669:7672='then',<183>,258:54] (file) 
93802      WARN  Test worker     d.u.i.k.n.KeYParser       [syntax-error] file:/home/runner/work/key/key/key.core/build/resources/main/de/uka/ilkd/key/proof/rules/ifThenElseRules.key:135:14: mismatched input '\ifExintVar' expecting {MODALITY, FORALL, EXISTS, '\if', '\ifEx', 'true', 'false', '(', '{', '@', NOT, SEQARROW, '-', STRING_LITERAL, CHAR_LITERAL, BIN_LITERAL, HEX_LITERAL, IDENT, INT_LITERAL, FLOAT_LITERAL, DOUBLE_LITERAL, REAL_LITERAL} [@745,3563:3573='\ifExintVar',<188>,135:14] (termorseq, taclet, rulesOrAxioms, decls, file) 
93802      WARN  Test worker     d.u.i.k.n.KeYParser       [syntax-error] file:/home/runner/work/key/key/key.core/build/resources/main/de/uka/ilkd/key/proof/rules/ifThenElseRules.key:135:27: extraneous input '(' expecting {'\lemma', '}', IDENT, '/*!'} [@748,3576:3576='(',<146>,135:27] (rulesOrAxioms, decls, file) 
93803      WARN  Test worker     d.u.i.k.n.KeYParser       [syntax-error] file:/home/runner/work/key/key/key.core/build/resources/main/de/uka/ilkd/key/proof/rules/ifThenElseRules.key:135:44: mismatched input ')' expecting {'(', '{'} [@754,3593:3593=')',<147>,135:44] (taclet, rulesOrAxioms, decls, file) 
93803      WARN  Test worker     d.u.i.k.n.KeYParser       [syntax-error] file:/home/runner/work/key/key/key.core/build/resources/main/de/uka/ilkd/key/proof/rules/ifThenElseRules.key:141:14: mismatched input '\ifExintVar' expecting {MODALITY, FORALL, EXISTS, '\if', '\ifEx', 'true', 'false', '(', '{', '@', NOT, SEQARROW, '-', STRING_LITERAL, CHAR_LITERAL, BIN_LITERAL, HEX_LITERAL, IDENT, INT_LITERAL, FLOAT_LITERAL, DOUBLE_LITERAL, REAL_LITERAL} [@780,3716:3726='\ifExintVar',<188>,141:14] (termorseq, taclet, rulesOrAxioms, decls, file) 
93803      WARN  Test worker     d.u.i.k.n.KeYParser       [syntax-error] file:/home/runner/work/key/key/key.core/build/resources/main/de/uka/ilkd/key/proof/rules/ifThenElseRules.key:141:27: extraneous input '(' expecting {'\lemma', '}', IDENT, '/*!'} [@783,3729:3729='(',<146>,141:27] (rulesOrAxioms, decls, file) 
93803      WARN  Test worker     d.u.i.k.n.KeYParser       [syntax-error] file:/home/runner/work/key/key/key.core/build/resources/main/de/uka/ilkd/key/proof/rules/ifThenElseRules.key:141:41: mismatched input ')' expecting {'(', '{'} [@789,3743:3743=')',<147>,141:41] (taclet, rulesOrAxioms, decls, file) 
93803      WARN  Test worker     d.u.i.k.n.KeYParser       [syntax-error] file:/home/runner/work/key/key/key.core/build/resources/main/de/uka/ilkd/key/proof/rules/ifThenElseRules.key:148:14: mismatched input '\ifExintVar' expecting {MODALITY, FORALL, EXISTS, '\if', '\ifEx', 'true', 'false', '(', '{', '@', NOT, SEQARROW, '-', STRING_LITERAL, CHAR_LITERAL, BIN_LITERAL, HEX_LITERAL, IDENT, INT_LITERAL, FLOAT_LITERAL, DOUBLE_LITERAL, REAL_LITERAL} [@819,3896:3906='\ifExintVar',<188>,148:14] (termorseq, taclet, rulesOrAxioms, decls, file) 
93803      WARN  Test worker     d.u.i.k.n.KeYParser       [syntax-error] file:/home/runner/work/key/key/key.core/build/resources/main/de/uka/ilkd/key/proof/rules/ifThenElseRules.key:148:27: extraneous input '(' expecting {'\lemma', '}', IDENT, '/*!'} [@822,3909:3909='(',<146>,148:27] (rulesOrAxioms, decls, file) 
93803      WARN  Test worker     d.u.i.k.n.KeYParser       [syntax-error] file:/home/runner/work/key/key/key.core/build/resources/main/de/uka/ilkd/key/proof/rules/ifThenElseRules.key:148:35: mismatched input '=' expecting {'(', '{'} [@825,3917:3917='=',<159>,148:35] (taclet, rulesOrAxioms, decls, file) 
93803      WARN  Test worker     d.u.i.k.n.KeYParser       [syntax-error] file:/home/runner/work/key/key/key.core/build/resources/main/de/uka/ilkd/key/proof/rules/ifThenElseRules.key:150:38: mismatched input '}' expecting {'(', '{'} [@859,4023:4023='}',<149>,150:38] (taclet, rulesOrAxioms, decls, file) 
93803      WARN  Test worker     d.u.i.k.n.KeYParser       [syntax-error] file:/home/runner/work/key/key/key.core/build/resources/main/de/uka/ilkd/key/proof/rules/ifThenElseRules.key:155:14: mismatched input '\ifExintVar' expecting {MODALITY, FORALL, EXISTS, '\if', '\ifEx', 'true', 'false', '(', '{', '@', NOT, SEQARROW, '-', STRING_LITERAL, CHAR_LITERAL, BIN_LITERAL, HEX_LITERAL, IDENT, INT_LITERAL, FLOAT_LITERAL, DOUBLE_LITERAL, REAL_LITERAL} [@877,4109:4119='\ifExintVar',<188>,155:14] (termorseq, taclet, rulesOrAxioms, decls, file) 
93803      WARN  Test worker     d.u.i.k.n.KeYParser       [syntax-error] file:/home/runner/work/key/key/key.core/build/resources/main/de/uka/ilkd/key/proof/rules/ifThenElseRules.key:155:27: extraneous input '(' expecting {'\lemma', '}', IDENT, '/*!'} [@880,4122:4122='(',<146>,155:27] (rulesOrAxioms, decls, file) 
93804      WARN  Test worker     d.u.i.k.n.KeYParser       [syntax-error] file:/home/runner/work/key/key/key.core/build/resources/main/de/uka/ilkd/key/proof/rules/ifThenElseRules.key:155:35: mismatched input '=' expecting {'(', '{'} [@883,4130:4130='=',<159>,155:35] (taclet, rulesOrAxioms, decls, file) 
93804      WARN  Test worker     d.u.i.k.n.KeYParser       [syntax-error] file:/home/runner/work/key/key/key.core/build/resources/main/de/uka/ilkd/key/proof/rules/ifThenElseRules.key:157:38: mismatched input '}' expecting {'(', '{'} [@917,4230:4230='}',<149>,157:38] (taclet, rulesOrAxioms, decls, file) 
93804      WARN  Test worker     d.u.i.k.n.KeYParser       [syntax-error] file:/home/runner/work/key/key/key.core/build/resources/main/de/uka/ilkd/key/proof/rules/ifThenElseRules.key:163:14: mismatched input '\ifExintVar' expecting {MODALITY, FORALL, EXISTS, '\if', '\ifEx', 'true', 'false', '(', '{', '@', NOT, SEQARROW, '-', STRING_LITERAL, CHAR_LITERAL, BIN_LITERAL, HEX_LITERAL, IDENT, INT_LITERAL, FLOAT_LITERAL, DOUBLE_LITERAL, REAL_LITERAL} [@939,4350:4360='\ifExintVar',<188>,163:14] (termorseq, taclet, rulesOrAxioms, decls, file) 
93804      WARN  Test worker     d.u.i.k.n.KeYParser       [syntax-error] file:/home/runner/work/key/key/key.core/build/resources/main/de/uka/ilkd/key/proof/rules/ifThenElseRules.key:163:27: extraneous input '(' expecting {'\lemma', '}', IDENT, '/*!'} [@942,4363:4363='(',<146>,163:27] (rulesOrAxioms, decls, file) 
93804      WARN  Test worker     d.u.i.k.n.KeYParser       [syntax-error] file:/home/runner/work/key/key/key.core/build/resources/main/de/uka/ilkd/key/proof/rules/ifThenElseRules.key:163:30: mismatched input '=' expecting {'(', '{'} [@945,4366:4366='=',<159>,163:30] (taclet, rulesOrAxioms, decls, file) 
93804      WARN  Test worker     d.u.i.k.n.KeYParser       [syntax-error] file:/home/runner/work/key/key/key.core/build/resources/main/de/uka/ilkd/key/proof/rules/ifThenElseRules.key:165:38: mismatched input '}' expecting {'(', '{'} [@979,4477:4477='}',<149>,165:38] (taclet, rulesOrAxioms, decls, file) 
93804      WARN  Test worker     d.u.i.k.n.KeYParser       [syntax-error] file:/home/runner/work/key/key/key.core/build/resources/main/de/uka/ilkd/key/proof/rules/ifThenElseRules.key:171:14: mismatched input '\ifExintVar' expecting {MODALITY, FORALL, EXISTS, '\if', '\ifEx', 'true', 'false', '(', '{', '@', NOT, SEQARROW, '-', STRING_LITERAL, CHAR_LITERAL, BIN_LITERAL, HEX_LITERAL, IDENT, INT_LITERAL, FLOAT_LITERAL, DOUBLE_LITERAL, REAL_LITERAL} [@1001,4604:4614='\ifExintVar',<188>,171:14] (termorseq, taclet, rulesOrAxioms, decls, file) 
93804      WARN  Test worker     d.u.i.k.n.KeYParser       [syntax-error] file:/home/runner/work/key/key/key.core/build/resources/main/de/uka/ilkd/key/proof/rules/ifThenElseRules.key:171:27: extraneous input '(' expecting {'\lemma', '}', IDENT, '/*!'} [@1004,4617:4617='(',<146>,171:27] (rulesOrAxioms, decls, file) 
93804      WARN  Test worker     d.u.i.k.n.KeYParser       [syntax-error] file:/home/runner/work/key/key/key.core/build/resources/main/de/uka/ilkd/key/proof/rules/ifThenElseRules.key:171:30: mismatched input '=' expecting {'(', '{'} [@1007,4620:4620='=',<159>,171:30] (taclet, rulesOrAxioms, decls, file) 
93804      WARN  Test worker     d.u.i.k.n.KeYParser       [syntax-error] file:/home/runner/work/key/key/key.core/build/resources/main/de/uka/ilkd/key/proof/rules/ifThenElseRules.key:173:38: mismatched input '}' expecting {'(', '{'} [@1041,4725:4725='}',<149>,173:38] (taclet, rulesOrAxioms, decls, file) 
93804      WARN  Test worker     d.u.i.k.n.KeYParser       [syntax-error] file:/home/runner/work/key/key/key.core/build/resources/main/de/uka/ilkd/key/proof/rules/ifThenElseRules.key:179:14: mismatched input '\ifExintVar' expecting {MODALITY, FORALL, EXISTS, '\if', '\ifEx', 'true', 'false', '(', '{', '@', NOT, SEQARROW, '-', STRING_LITERAL, CHAR_LITERAL, BIN_LITERAL, HEX_LITERAL, IDENT, INT_LITERAL, FLOAT_LITERAL, DOUBLE_LITERAL, REAL_LITERAL} [@1063,4848:4858='\ifExintVar',<188>,179:14] (termorseq, taclet, rulesOrAxioms, decls, file) 
93804      WARN  Test worker     d.u.i.k.n.KeYParser       [syntax-error] file:/home/runner/work/key/key/key.core/build/resources/main/de/uka/ilkd/key/proof/rules/ifThenElseRules.key:179:27: extraneous input '(' expecting {'\lemma', '}', IDENT, '/*!'} [@1066,4861:4861='(',<146>,179:27] (rulesOrAxioms, decls, file) 
93804      WARN  Test worker     d.u.i.k.n.KeYParser       [syntax-error] file:/home/runner/work/key/key/key.core/build/resources/main/de/uka/ilkd/key/proof/rules/ifThenElseRules.key:179:32: mismatched input '&' expecting {'(', '{'} [@1069,4866:4866='&',<156>,179:32] (taclet, rulesOrAxioms, decls, file) 
93804      WARN  Test worker     d.u.i.k.n.KeYParser       [syntax-error] file:/home/runner/work/key/key/key.core/build/resources/main/de/uka/ilkd/key/proof/rules/ifThenElseRules.key:181:42: mismatched input '}' expecting {'(', '{'} [@1109,4985:4985='}',<149>,181:42] (taclet, rulesOrAxioms, decls, file) 
93804      WARN  Test worker     d.u.i.k.n.KeYParser       [syntax-error] file:/home/runner/work/key/key/key.core/build/resources/main/de/uka/ilkd/key/proof/rules/ifThenElseRules.key:182:39: mismatched input '}' expecting {'(', '{'} [@1122,5030:5030='}',<149>,182:39] (taclet, rulesOrAxioms, decls, file) 
93804      WARN  Test worker     d.u.i.k.n.KeYParser       [syntax-error] file:/home/runner/work/key/key/key.core/build/resources/main/de/uka/ilkd/key/proof/rules/ifThenElseRules.key:188:14: mismatched input '\ifExintVar' expecting {MODALITY, FORALL, EXISTS, '\if', '\ifEx', 'true', 'false', '(', '{', '@', NOT, SEQARROW, '-', STRING_LITERAL, CHAR_LITERAL, BIN_LITERAL, HEX_LITERAL, IDENT, INT_LITERAL, FLOAT_LITERAL, DOUBLE_LITERAL, REAL_LITERAL} [@1146,5149:5159='\ifExintVar',<188>,188:14] (termorseq, taclet, rulesOrAxioms, decls, file) 
93804      WARN  Test worker     d.u.i.k.n.KeYParser       [syntax-error] file:/home/runner/work/key/key/key.core/build/resources/main/de/uka/ilkd/key/proof/rules/ifThenElseRules.key:188:27: extraneous input '(' expecting {'\lemma', '}', IDENT, '/*!'} [@1149,5162:5162='(',<146>,188:27] (rulesOrAxioms, decls, file) 
93804      WARN  Test worker     d.u.i.k.n.KeYParser       [syntax-error] file:/home/runner/work/key/key/key.core/build/resources/main/de/uka/ilkd/key/proof/rules/ifThenElseRules.key:188:32: mismatched input '&' expecting {'(', '{'} [@1152,5167:5167='&',<156>,188:32] (taclet, rulesOrAxioms, decls, file) 
93804      WARN  Test worker     d.u.i.k.n.KeYParser       [syntax-error] file:/home/runner/work/key/key/key.core/build/resources/main/de/uka/ilkd/key/proof/rules/ifThenElseRules.key:190:42: mismatched input '}' expecting {'(', '{'} [@1192,5280:5280='}',<149>,190:42] (taclet, rulesOrAxioms, decls, file) 
93805      WARN  Test worker     d.u.i.k.n.KeYParser       [syntax-error] file:/home/runner/work/key/key/key.core/build/resources/main/de/uka/ilkd/key/proof/rules/ifThenElseRules.key:191:39: mismatched input '}' expecting {'(', '{'} [@1205,5325:5325='}',<149>,191:39] (taclet, rulesOrAxioms, decls, file) 
93805      WARN  Test worker     d.u.i.k.n.KeYParser       [syntax-error] file:/home/runner/work/key/key/key.core/build/resources/main/de/uka/ilkd/key/proof/rules/ifThenElseRules.key:198:14: mismatched input '\ifExintVar' expecting {MODALITY, FORALL, EXISTS, '\if', '\ifEx', 'true', 'false', '(', '{', '@', NOT, SEQARROW, '-', STRING_LITERAL, CHAR_LITERAL, BIN_LITERAL, HEX_LITERAL, IDENT, INT_LITERAL, FLOAT_LITERAL, DOUBLE_LITERAL, REAL_LITERAL} [@1233,5475:5485='\ifExintVar',<188>,198:14] (termorseq, taclet, rulesOrAxioms, decls, file) 
93808      WARN  Test worker     d.u.i.k.n.KeYParser       [syntax-error] file:/home/runner/work/key/key/key.core/build/resources/main/de/uka/ilkd/key/proof/rules/ifThenElseRules.key:198:27: extraneous input '(' expecting {'\lemma', '}', IDENT, '/*!'} [@1236,5488:5488='(',<146>,198:27] (rulesOrAxioms, decls, file) 
93808      WARN  Test worker     d.u.i.k.n.KeYParser       [syntax-error] file:/home/runner/work/key/key/key.core/build/resources/main/de/uka/ilkd/key/proof/rules/ifThenElseRules.key:198:32: mismatched input '&' expecting {'(', '{'} [@1239,5493:5493='&',<156>,198:32] (taclet, rulesOrAxioms, decls, file) 
93808      WARN  Test worker     d.u.i.k.n.KeYParser       [syntax-error] file:/home/runner/work/key/key/key.core/build/resources/main/de/uka/ilkd/key/proof/rules/ifThenElseRules.key:200:42: mismatched input '}' expecting {'(', '{'} [@1279,5612:5612='}',<149>,200:42] (taclet, rulesOrAxioms, decls, file) 
93808      WARN  Test worker     d.u.i.k.n.KeYParser       [syntax-error] file:/home/runner/work/key/key/key.core/build/resources/main/de/uka/ilkd/key/proof/rules/ifThenElseRules.key:201:39: mismatched input '}' expecting {'(', '{'} [@1292,5657:5657='}',<149>,201:39] (taclet, rulesOrAxioms, decls, file) 
93808      WARN  Test worker     d.u.i.k.n.KeYParser       [syntax-error] file:/home/runner/work/key/key/key.core/build/resources/main/de/uka/ilkd/key/proof/rules/ifThenElseRules.key:208:14: mismatched input '\ifExintVar' expecting {MODALITY, FORALL, EXISTS, '\if', '\ifEx', 'true', 'false', '(', '{', '@', NOT, SEQARROW, '-', STRING_LITERAL, CHAR_LITERAL, BIN_LITERAL, HEX_LITERAL, IDENT, INT_LITERAL, FLOAT_LITERAL, DOUBLE_LITERAL, REAL_LITERAL} [@1320,5817:5827='\ifExintVar',<188>,208:14] (termorseq, taclet, rulesOrAxioms, decls, file) 
93808      WARN  Test worker     d.u.i.k.n.KeYParser       [syntax-error] file:/home/runner/work/key/key/key.core/build/resources/main/de/uka/ilkd/key/proof/rules/ifThenElseRules.key:208:27: extraneous input '(' expecting {'\lemma', '}', IDENT, '/*!'} [@1323,5830:5830='(',<146>,208:27] (rulesOrAxioms, decls, file) 
93809      WARN  Test worker     d.u.i.k.n.KeYParser       [syntax-error] file:/home/runner/work/key/key/key.core/build/resources/main/de/uka/ilkd/key/proof/rules/ifThenElseRules.key:208:32: mismatched input '&' expecting {'(', '{'} [@1326,5835:5835='&',<156>,208:32] (taclet, rulesOrAxioms, decls, file) 
93809      WARN  Test worker     d.u.i.k.n.KeYParser       [syntax-error] file:/home/runner/work/key/key/key.core/build/resources/main/de/uka/ilkd/key/proof/rules/ifThenElseRules.key:210:42: mismatched input '}' expecting {'(', '{'} [@1366,5948:5948='}',<149>,210:42] (taclet, rulesOrAxioms, decls, file) 
93809      WARN  Test worker     d.u.i.k.n.KeYParser       [syntax-error] file:/home/runner/work/key/key/key.core/build/resources/main/de/uka/ilkd/key/proof/rules/ifThenElseRules.key:211:39: mismatched input '}' expecting {'(', '{'} [@1379,5993:5993='}',<149>,211:39] (taclet, rulesOrAxioms, decls, file) 
93809      WARN  Test worker     d.u.i.k.n.KeYParser       [syntax-error] file:/home/runner/work/key/key/key.core/build/resources/main/de/uka/ilkd/key/proof/rules/ifThenElseRules.key:218:14: mismatched input '\ifExintVar' expecting {MODALITY, FORALL, EXISTS, '\if', '\ifEx', 'true', 'false', '(', '{', '@', NOT, SEQARROW, '-', STRING_LITERAL, CHAR_LITERAL, BIN_LITERAL, HEX_LITERAL, IDENT, INT_LITERAL, FLOAT_LITERAL, DOUBLE_LITERAL, REAL_LITERAL} [@1407,6146:6156='\ifExintVar',<188>,218:14] (termorseq, taclet, rulesOrAxioms, decls, file) 
93809      WARN  Test worker     d.u.i.k.n.KeYParser       [syntax-error] file:/home/runner/work/key/key/key.core/build/resources/main/de/uka/ilkd/key/proof/rules/ifThenElseRules.key:218:27: extraneous input '(' expecting {'\lemma', '}', IDENT, '/*!'} [@1410,6159:6159='(',<146>,218:27] (rulesOrAxioms, decls, file) 
93809      WARN  Test worker     d.u.i.k.n.KeYParser       [syntax-error] file:/home/runner/work/key/key/key.core/build/resources/main/de/uka/ilkd/key/proof/rules/ifThenElseRules.key:218:31: mismatched input ')' expecting {'(', '{'} [@1412,6163:6163=')',<147>,218:31] (taclet, rulesOrAxioms, decls, file) 
93810      WARN  Test worker     d.u.i.k.n.KeYParser       [syntax-error] file:/home/runner/work/key/key/key.core/build/resources/main/de/uka/ilkd/key/proof/rules/ifThenElseRules.key:220:44: mismatched input ')' expecting {'(', '{'} [@1444,6275:6275=')',<147>,220:44] (taclet, rulesOrAxioms, decls, file) 
93811      WARN  Test worker     d.u.i.k.n.KeYParser       [syntax-error] file:/home/runner/work/key/key/key.core/build/resources/main/de/uka/ilkd/key/proof/rules/ifThenElseRules.key:225:14: mismatched input '\ifExintVar' expecting {MODALITY, FORALL, EXISTS, '\if', '\ifEx', 'true', 'false', '(', '{', '@', NOT, SEQARROW, '-', STRING_LITERAL, CHAR_LITERAL, BIN_LITERAL, HEX_LITERAL, IDENT, INT_LITERAL, FLOAT_LITERAL, DOUBLE_LITERAL, REAL_LITERAL} [@1471,6389:6399='\ifExintVar',<188>,225:14] (termorseq, taclet, rulesOrAxioms, decls, file) 
93812      WARN  Test worker     d.u.i.k.n.KeYParser       [syntax-error] file:/home/runner/work/key/key/key.core/build/resources/main/de/uka/ilkd/key/proof/rules/ifThenElseRules.key:225:27: extraneous input '(' expecting {'\lemma', '}', IDENT, '/*!'} [@1474,6402:6402='(',<146>,225:27] (rulesOrAxioms, decls, file) 
93812      WARN  Test worker     d.u.i.k.n.KeYParser       [syntax-error] file:/home/runner/work/key/key/key.core/build/resources/main/de/uka/ilkd/key/proof/rules/ifThenElseRules.key:225:31: mismatched input ')' expecting {'(', '{'} [@1476,6406:6406=')',<147>,225:31] (taclet, rulesOrAxioms, decls, file) 
93812      WARN  Test worker     d.u.i.k.n.KeYParser       [syntax-error] file:/home/runner/work/key/key/key.core/build/resources/main/de/uka/ilkd/key/proof/rules/ifThenElseRules.key:227:44: mismatched input ')' expecting {'(', '{'} [@1508,6509:6509=')',<147>,227:44] (taclet, rulesOrAxioms, decls, file) 
93812      WARN  Test worker     d.u.i.k.n.KeYParser       [syntax-error] file:/home/runner/work/key/key/key.core/build/resources/main/de/uka/ilkd/key/proof/rules/ifThenElseRules.key:233:14: mismatched input '\ifExintVar' expecting {MODALITY, FORALL, EXISTS, '\if', '\ifEx', 'true', 'false', '(', '{', '@', NOT, SEQARROW, '-', STRING_LITERAL, CHAR_LITERAL, BIN_LITERAL, HEX_LITERAL, IDENT, INT_LITERAL, FLOAT_LITERAL, DOUBLE_LITERAL, REAL_LITERAL} [@1539,6656:6666='\ifExintVar',<188>,233:14] (termorseq, taclet, rulesOrAxioms, decls, file) 
93812      WARN  Test worker     d.u.i.k.n.KeYParser       [syntax-error] file:/home/runner/work/key/key/key.core/build/resources/main/de/uka/ilkd/key/proof/rules/ifThenElseRules.key:233:27: extraneous input '(' expecting {'\lemma', '}', IDENT, '/*!'} [@1542,6669:6669='(',<146>,233:27] (rulesOrAxioms, decls, file) 
93813      WARN  Test worker     d.u.i.k.n.KeYParser       [syntax-error] file:/home/runner/work/key/key/key.core/build/resources/main/de/uka/ilkd/key/proof/rules/ifThenElseRules.key:233:31: mismatched input ')' expecting {'(', '{'} [@1544,6673:6673=')',<147>,233:31] (taclet, rulesOrAxioms, decls, file) 
93813      WARN  Test worker     d.u.i.k.n.KeYParser       [syntax-error] file:/home/runner/work/key/key/key.core/build/resources/main/de/uka/ilkd/key/proof/rules/ifThenElseRules.key:237:42: mismatched input '}' expecting {'(', '{'} [@1586,6850:6850='}',<149>,237:42] (taclet, rulesOrAxioms, decls, file) 
93813      WARN  Test worker     d.u.i.k.n.KeYParser       [syntax-error] file:/home/runner/work/key/key/key.core/build/resources/main/de/uka/ilkd/key/proof/rules/ifThenElseRules.key:238:34: mismatched input '}' expecting {'(', '{'} [@1599,6891:6891='}',<149>,238:34] (taclet, rulesOrAxioms, decls, file) 
93819      WARN  Test worker     d.u.i.k.n.KeYParser       [syntax-error] file:/home/runner/work/key/key/key.core/build/resources/main/de/uka/ilkd/key/proof/rules/ifThenElseRules.key:239:28: extraneous input '(' expecting {'\lemma', '}', IDENT, '/*!'} [@1608,6925:6925='(',<146>,239:28] (rulesOrAxioms, decls, file) 
93819      WARN  Test worker     d.u.i.k.n.KeYParser       [syntax-error] file:/home/runner/work/key/key/key.core/build/resources/main/de/uka/ilkd/key/proof/rules/ifThenElseRules.key:239:33: mismatched input '->' expecting {'(', '{'} [@1611,6930:6931='->',<158>,239:33] (taclet, rulesOrAxioms, decls, file) 
93819      WARN  Test worker     d.u.i.k.n.KeYParser       [syntax-error] file:/home/runner/work/key/key/key.core/build/resources/main/de/uka/ilkd/key/proof/rules/ifThenElseRules.key:240:8: extraneous input '\replacewith' expecting {'\lemma', '}', IDENT, '/*!'} [@1626,6979:6990='\replacewith',<105>,240:8] (rulesOrAxioms, decls, file) 
93820      WARN  Test worker     d.u.i.k.n.KeYParser       [syntax-error] file:/home/runner/work/key/key/key.core/build/resources/main/de/uka/ilkd/key/proof/rules/ifThenElseRules.key:240:25: mismatched input ')' expecting {'(', '{'} [@1629,6996:6996=')',<147>,240:25] (taclet, rulesOrAxioms, decls, file) 
93820      WARN  Test worker     d.u.i.k.n.KeYParser       [syntax-error] file:/home/runner/work/key/key/key.core/build/resources/main/de/uka/ilkd/key/proof/rules/ifThenElseRules.key:240:56: mismatched input ')' expecting {'(', '{'} [@1642,7027:7027=')',<147>,240:56] (taclet, rulesOrAxioms, decls, file) 
93820      WARN  Test worker     d.u.i.k.n.KeYParser       [syntax-error] file:/home/runner/work/key/key/key.core/build/resources/main/de/uka/ilkd/key/proof/rules/ifThenElseRules.key:245:14: mismatched input '\ifExintVar' expecting {MODALITY, FORALL, EXISTS, '\if', '\ifEx', 'true', 'false', '(', '{', '@', NOT, SEQARROW, '-', STRING_LITERAL, CHAR_LITERAL, BIN_LITERAL, HEX_LITERAL, IDENT, INT_LITERAL, FLOAT_LITERAL, DOUBLE_LITERAL, REAL_LITERAL} [@1658,7109:7119='\ifExintVar',<188>,245:14] (termorseq, taclet, rulesOrAxioms, decls, file) 
93820      WARN  Test worker     d.u.i.k.n.KeYParser       [syntax-error] file:/home/runner/work/key/key/key.core/build/resources/main/de/uka/ilkd/key/proof/rules/ifThenElseRules.key:245:27: extraneous input '(' expecting {'\lemma', '}', IDENT, '/*!'} [@1661,7122:7122='(',<146>,245:27] (rulesOrAxioms, decls, file) 
93820      WARN  Test worker     d.u.i.k.n.KeYParser       [syntax-error] file:/home/runner/work/key/key/key.core/build/resources/main/de/uka/ilkd/key/proof/rules/ifThenElseRules.key:245:31: mismatched input ')' expecting {'(', '{'} [@1663,7126:7126=')',<147>,245:31] (taclet, rulesOrAxioms, decls, file) 
93820      WARN  Test worker     d.u.i.k.n.KeYParser       [syntax-error] file:/home/runner/work/key/key/key.core/build/resources/main/de/uka/ilkd/key/proof/rules/ifThenElseRules.key:248:45: mismatched input '}' expecting {'(', '{'} [@1696,7268:7268='}',<149>,248:45] (taclet, rulesOrAxioms, decls, file) 
93820      WARN  Test worker     d.u.i.k.n.KeYParser       [syntax-error] file:/home/runner/work/key/key/key.core/build/resources/main/de/uka/ilkd/key/proof/rules/ifThenElseRules.key:249:8: extraneous input '\replacewith' expecting {'\lemma', '}', IDENT, '/*!'} [@1701,7284:7295='\replacewith',<105>,249:8] (rulesOrAxioms, decls, file) 
93820      WARN  Test worker     d.u.i.k.n.KeYParser       [syntax-error] file:/home/runner/work/key/key/key.core/build/resources/main/de/uka/ilkd/key/proof/rules/ifThenElseRules.key:249:38: mismatched input ')' expecting {'(', '{'} [@1708,7314:7314=')',<147>,249:38] (taclet, rulesOrAxioms, decls, file) 
93820      WARN  Test worker     d.u.i.k.n.KeYParser       [syntax-error] file:/home/runner/work/key/key/key.core/build/resources/main/de/uka/ilkd/key/proof/rules/ifThenElseRules.key:250:42: mismatched input '}' expecting {'(', '{'} [@1731,7381:7381='}',<149>,250:42] (taclet, rulesOrAxioms, decls, file) 
93820      WARN  Test worker     d.u.i.k.n.KeYParser       [syntax-error] file:/home/runner/work/key/key/key.core/build/resources/main/de/uka/ilkd/key/proof/rules/ifThenElseRules.key:251:28: extraneous input '(' expecting {'\lemma', '}', IDENT, '/*!'} [@1741,7416:7416='(',<146>,251:28] (rulesOrAxioms, decls, file) 
93820      WARN  Test worker     d.u.i.k.n.KeYParser       [syntax-error] file:/home/runner/work/key/key/key.core/build/resources/main/de/uka/ilkd/key/proof/rules/ifThenElseRules.key:251:33: mismatched input '->' expecting {'(', '{'} [@1744,7421:7422='->',<158>,251:33] (taclet, rulesOrAxioms, decls, file) 
93820      WARN  Test worker     d.u.i.k.n.KeYParser       [syntax-error] file:/home/runner/work/key/key/key.core/build/resources/main/de/uka/ilkd/key/proof/rules/ifThenElseRules.key:255:14: mismatched input '\ifExintVar' expecting {MODALITY, FORALL, EXISTS, '\if', '\ifEx', 'true', 'false', '(', '{', '@', NOT, SEQARROW, '-', STRING_LITERAL, CHAR_LITERAL, BIN_LITERAL, HEX_LITERAL, IDENT, INT_LITERAL, FLOAT_LITERAL, DOUBLE_LITERAL, REAL_LITERAL} [@1765,7506:7516='\ifExintVar',<188>,255:14] (termorseq, taclet, rulesOrAxioms, decls, file) 
93820      WARN  Test worker     d.u.i.k.n.KeYParser       [syntax-error] file:/home/runner/work/key/key/key.core/build/resources/main/de/uka/ilkd/key/proof/rules/ifThenElseRules.key:255:27: extraneous input '(' expecting {'\lemma', '}', IDENT, '/*!'} [@1768,7519:7519='(',<146>,255:27] (rulesOrAxioms, decls, file) 
93820      WARN  Test worker     d.u.i.k.n.KeYParser       [syntax-error] file:/home/runner/work/key/key/key.core/build/resources/main/de/uka/ilkd/key/proof/rules/ifThenElseRules.key:255:31: mismatched input ')' expecting {'(', '{'} [@1770,7523:7523=')',<147>,255:31] (taclet, rulesOrAxioms, decls, file) 
93820      WARN  Test worker     d.u.i.k.n.KeYParser       [syntax-error] file:/home/runner/work/key/key/key.core/build/resources/main/de/uka/ilkd/key/proof/rules/ifThenElseRules.key:258:52: extraneous input '0' expecting {'\lemma', '}', IDENT, '/*!'} [@1809,7667:7667='0',<184>,258:52] (rulesOrAxioms, decls, file) 
93820      WARN  Test worker     d.u.i.k.n.KeYParser       [syntax-error] file:/home/runner/work/key/key/key.core/build/resources/main/de/uka/ilkd/key/proof/rules/ifThenElseRules.key:258:54: mismatched input 'then' expecting {<EOF>, '\problem', '\chooseContract', '\proofObligation', '\proof'} [@1811,7669:7672='then',<183>,258:54] (file) 
93876      WARN  Test worker     d.u.i.k.n.KeYParser       [syntax-error] file:/home/runner/work/key/key/key.core/build/resources/main/de/uka/ilkd/key/proof/rules/ifThenElseRules.key:135:14: mismatched input '\ifExintVar' expecting {MODALITY, FORALL, EXISTS, '\if', '\ifEx', 'true', 'false', '(', '{', '@', NOT, SEQARROW, '-', STRING_LITERAL, CHAR_LITERAL, BIN_LITERAL, HEX_LITERAL, IDENT, INT_LITERAL, FLOAT_LITERAL, DOUBLE_LITERAL, REAL_LITERAL} [@745,3563:3573='\ifExintVar',<188>,135:14] (termorseq, taclet, rulesOrAxioms, decls, file) 
93876      WARN  Test worker     d.u.i.k.n.KeYParser       [syntax-error] file:/home/runner/work/key/key/key.core/build/resources/main/de/uka/ilkd/key/proof/rules/ifThenElseRules.key:135:27: extraneous input '(' expecting {'\lemma', '}', IDENT, '/*!'} [@748,3576:3576='(',<146>,135:27] (rulesOrAxioms, decls, file) 
93876      WARN  Test worker     d.u.i.k.n.KeYParser       [syntax-error] file:/home/runner/work/key/key/key.core/build/resources/main/de/uka/ilkd/key/proof/rules/ifThenElseRules.key:135:44: mismatched input ')' expecting {'(', '{'} [@754,3593:3593=')',<147>,135:44] (taclet, rulesOrAxioms, decls, file) 
93876      WARN  Test worker     d.u.i.k.n.KeYParser       [syntax-error] file:/home/runner/work/key/key/key.core/build/resources/main/de/uka/ilkd/key/proof/rules/ifThenElseRules.key:141:14: mismatched input '\ifExintVar' expecting {MODALITY, FORALL, EXISTS, '\if', '\ifEx', 'true', 'false', '(', '{', '@', NOT, SEQARROW, '-', STRING_LITERAL, CHAR_LITERAL, BIN_LITERAL, HEX_LITERAL, IDENT, INT_LITERAL, FLOAT_LITERAL, DOUBLE_LITERAL, REAL_LITERAL} [@780,3716:3726='\ifExintVar',<188>,141:14] (termorseq, taclet, rulesOrAxioms, decls, file) 
93877      WARN  Test worker     d.u.i.k.n.KeYParser       [syntax-error] file:/home/runner/work/key/key/key.core/build/resources/main/de/uka/ilkd/key/proof/rules/ifThenElseRules.key:141:27: extraneous input '(' expecting {'\lemma', '}', IDENT, '/*!'} [@783,3729:3729='(',<146>,141:27] (rulesOrAxioms, decls, file) 
93877      WARN  Test worker     d.u.i.k.n.KeYParser       [syntax-error] file:/home/runner/work/key/key/key.core/build/resources/main/de/uka/ilkd/key/proof/rules/ifThenElseRules.key:141:41: mismatched input ')' expecting {'(', '{'} [@789,3743:3743=')',<147>,141:41] (taclet, rulesOrAxioms, decls, file) 
93877      WARN  Test worker     d.u.i.k.n.KeYParser       [syntax-error] file:/home/runner/work/key/key/key.core/build/resources/main/de/uka/ilkd/key/proof/rules/ifThenElseRules.key:148:14: mismatched input '\ifExintVar' expecting {MODALITY, FORALL, EXISTS, '\if', '\ifEx', 'true', 'false', '(', '{', '@', NOT, SEQARROW, '-', STRING_LITERAL, CHAR_LITERAL, BIN_LITERAL, HEX_LITERAL, IDENT, INT_LITERAL, FLOAT_LITERAL, DOUBLE_LITERAL, REAL_LITERAL} [@819,3896:3906='\ifExintVar',<188>,148:14] (termorseq, taclet, rulesOrAxioms, decls, file) 
93877      WARN  Test worker     d.u.i.k.n.KeYParser       [syntax-error] file:/home/runner/work/key/key/key.core/build/resources/main/de/uka/ilkd/key/proof/rules/ifThenElseRules.key:148:27: extraneous input '(' expecting {'\lemma', '}', IDENT, '/*!'} [@822,3909:3909='(',<146>,148:27] (rulesOrAxioms, decls, file) 
93877      WARN  Test worker     d.u.i.k.n.KeYParser       [syntax-error] file:/home/runner/work/key/key/key.core/build/resources/main/de/uka/ilkd/key/proof/rules/ifThenElseRules.key:148:35: mismatched input '=' expecting {'(', '{'} [@825,3917:3917='=',<159>,148:35] (taclet, rulesOrAxioms, decls, file) 
93877      WARN  Test worker     d.u.i.k.n.KeYParser       [syntax-error] file:/home/runner/work/key/key/key.core/build/resources/main/de/uka/ilkd/key/proof/rules/ifThenElseRules.key:150:38: mismatched input '}' expecting {'(', '{'} [@859,4023:4023='}',<149>,150:38] (taclet, rulesOrAxioms, decls, file) 
93878      WARN  Test worker     d.u.i.k.n.KeYParser       [syntax-error] file:/home/runner/work/key/key/key.core/build/resources/main/de/uka/ilkd/key/proof/rules/ifThenElseRules.key:155:14: mismatched input '\ifExintVar' expecting {MODALITY, FORALL, EXISTS, '\if', '\ifEx', 'true', 'false', '(', '{', '@', NOT, SEQARROW, '-', STRING_LITERAL, CHAR_LITERAL, BIN_LITERAL, HEX_LITERAL, IDENT, INT_LITERAL, FLOAT_LITERAL, DOUBLE_LITERAL, REAL_LITERAL} [@877,4109:4119='\ifExintVar',<188>,155:14] (termorseq, taclet, rulesOrAxioms, decls, file) 
93878      WARN  Test worker     d.u.i.k.n.KeYParser       [syntax-error] file:/home/runner/work/key/key/key.core/build/resources/main/de/uka/ilkd/key/proof/rules/ifThenElseRules.key:155:27: extraneous input '(' expecting {'\lemma', '}', IDENT, '/*!'} [@880,4122:4122='(',<146>,155:27] (rulesOrAxioms, decls, file) 
93878      WARN  Test worker     d.u.i.k.n.KeYParser       [syntax-error] file:/home/runner/work/key/key/key.core/build/resources/main/de/uka/ilkd/key/proof/rules/ifThenElseRules.key:155:35: mismatched input '=' expecting {'(', '{'} [@883,4130:4130='=',<159>,155:35] (taclet, rulesOrAxioms, decls, file) 
93878      WARN  Test worker     d.u.i.k.n.KeYParser       [syntax-error] file:/home/runner/work/key/key/key.core/build/resources/main/de/uka/ilkd/key/proof/rules/ifThenElseRules.key:157:38: mismatched input '}' expecting {'(', '{'} [@917,4230:4230='}',<149>,157:38] (taclet, rulesOrAxioms, decls, file) 
93878      WARN  Test worker     d.u.i.k.n.KeYParser       [syntax-error] file:/home/runner/work/key/key/key.core/build/resources/main/de/uka/ilkd/key/proof/rules/ifThenElseRules.key:163:14: mismatched input '\ifExintVar' expecting {MODALITY, FORALL, EXISTS, '\if', '\ifEx', 'true', 'false', '(', '{', '@', NOT, SEQARROW, '-', STRING_LITERAL, CHAR_LITERAL, BIN_LITERAL, HEX_LITERAL, IDENT, INT_LITERAL, FLOAT_LITERAL, DOUBLE_LITERAL, REAL_LITERAL} [@939,4350:4360='\ifExintVar',<188>,163:14] (termorseq, taclet, rulesOrAxioms, decls, file) 
93878      WARN  Test worker     d.u.i.k.n.KeYParser       [syntax-error] file:/home/runner/work/key/key/key.core/build/resources/main/de/uka/ilkd/key/proof/rules/ifThenElseRules.key:163:27: extraneous input '(' expecting {'\lemma', '}', IDENT, '/*!'} [@942,4363:4363='(',<146>,163:27] (rulesOrAxioms, decls, file) 
93879      WARN  Test worker     d.u.i.k.n.KeYParser       [syntax-error] file:/home/runner/work/key/key/key.core/build/resources/main/de/uka/ilkd/key/proof/rules/ifThenElseRules.key:163:30: mismatched input '=' expecting {'(', '{'} [@945,4366:4366='=',<159>,163:30] (taclet, rulesOrAxioms, decls, file) 
93879      WARN  Test worker     d.u.i.k.n.KeYParser       [syntax-error] file:/home/runner/work/key/key/key.core/build/resources/main/de/uka/ilkd/key/proof/rules/ifThenElseRules.key:165:38: mismatched input '}' expecting {'(', '{'} [@979,4477:4477='}',<149>,165:38] (taclet, rulesOrAxioms, decls, file) 
93879      WARN  Test worker     d.u.i.k.n.KeYParser       [syntax-error] file:/home/runner/work/key/key/key.core/build/resources/main/de/uka/ilkd/key/proof/rules/ifThenElseRules.key:171:14: mismatched input '\ifExintVar' expecting {MODALITY, FORALL, EXISTS, '\if', '\ifEx', 'true', 'false', '(', '{', '@', NOT, SEQARROW, '-', STRING_LITERAL, CHAR_LITERAL, BIN_LITERAL, HEX_LITERAL, IDENT, INT_LITERAL, FLOAT_LITERAL, DOUBLE_LITERAL, REAL_LITERAL} [@1001,4604:4614='\ifExintVar',<188>,171:14] (termorseq, taclet, rulesOrAxioms, decls, file) 
93879      WARN  Test worker     d.u.i.k.n.KeYParser       [syntax-error] file:/home/runner/work/key/key/key.core/build/resources/main/de/uka/ilkd/key/proof/rules/ifThenElseRules.key:171:27: extraneous input '(' expecting {'\lemma', '}', IDENT, '/*!'} [@1004,4617:4617='(',<146>,171:27] (rulesOrAxioms, decls, file) 
93882      WARN  Test worker     d.u.i.k.n.KeYParser       [syntax-error] file:/home/runner/work/key/key/key.core/build/resources/main/de/uka/ilkd/key/proof/rules/ifThenElseRules.key:171:30: mismatched input '=' expecting {'(', '{'} [@1007,4620:4620='=',<159>,171:30] (taclet, rulesOrAxioms, decls, file) 
93889      WARN  Test worker     d.u.i.k.n.KeYParser       [syntax-error] file:/home/runner/work/key/key/key.core/build/resources/main/de/uka/ilkd/key/proof/rules/ifThenElseRules.key:173:38: mismatched input '}' expecting {'(', '{'} [@1041,4725:4725='}',<149>,173:38] (taclet, rulesOrAxioms, decls, file) 
93889      WARN  Test worker     d.u.i.k.n.KeYParser       [syntax-error] file:/home/runner/work/key/key/key.core/build/resources/main/de/uka/ilkd/key/proof/rules/ifThenElseRules.key:179:14: mismatched input '\ifExintVar' expecting {MODALITY, FORALL, EXISTS, '\if', '\ifEx', 'true', 'false', '(', '{', '@', NOT, SEQARROW, '-', STRING_LITERAL, CHAR_LITERAL, BIN_LITERAL, HEX_LITERAL, IDENT, INT_LITERAL, FLOAT_LITERAL, DOUBLE_LITERAL, REAL_LITERAL} [@1063,4848:4858='\ifExintVar',<188>,179:14] (termorseq, taclet, rulesOrAxioms, decls, file) 
93889      WARN  Test worker     d.u.i.k.n.KeYParser       [syntax-error] file:/home/runner/work/key/key/key.core/build/resources/main/de/uka/ilkd/key/proof/rules/ifThenElseRules.key:179:27: extraneous input '(' expecting {'\lemma', '}', IDENT, '/*!'} [@1066,4861:4861='(',<146>,179:27] (rulesOrAxioms, decls, file) 
93889      WARN  Test worker     d.u.i.k.n.KeYParser       [syntax-error] file:/home/runner/work/key/key/key.core/build/resources/main/de/uka/ilkd/key/proof/rules/ifThenElseRules.key:179:32: mismatched input '&' expecting {'(', '{'} [@1069,4866:4866='&',<156>,179:32] (taclet, rulesOrAxioms, decls, file) 
93889      WARN  Test worker     d.u.i.k.n.KeYParser       [syntax-error] file:/home/runner/work/key/key/key.core/build/resources/main/de/uka/ilkd/key/proof/rules/ifThenElseRules.key:181:42: mismatched input '}' expecting {'(', '{'} [@1109,4985:4985='}',<149>,181:42] (taclet, rulesOrAxioms, decls, file) 
93889      WARN  Test worker     d.u.i.k.n.KeYParser       [syntax-error] file:/home/runner/work/key/key/key.core/build/resources/main/de/uka/ilkd/key/proof/rules/ifThenElseRules.key:182:39: mismatched input '}' expecting {'(', '{'} [@1122,5030:5030='}',<149>,182:39] (taclet, rulesOrAxioms, decls, file) 
93889      WARN  Test worker     d.u.i.k.n.KeYParser       [syntax-error] file:/home/runner/work/key/key/key.core/build/resources/main/de/uka/ilkd/key/proof/rules/ifThenElseRules.key:188:14: mismatched input '\ifExintVar' expecting {MODALITY, FORALL, EXISTS, '\if', '\ifEx', 'true', 'false', '(', '{', '@', NOT, SEQARROW, '-', STRING_LITERAL, CHAR_LITERAL, BIN_LITERAL, HEX_LITERAL, IDENT, INT_LITERAL, FLOAT_LITERAL, DOUBLE_LITERAL, REAL_LITERAL} [@1146,5149:5159='\ifExintVar',<188>,188:14] (termorseq, taclet, rulesOrAxioms, decls, file) 
93890      WARN  Test worker     d.u.i.k.n.KeYParser       [syntax-error] file:/home/runner/work/key/key/key.core/build/resources/main/de/uka/ilkd/key/proof/rules/ifThenElseRules.key:188:27: extraneous input '(' expecting {'\lemma', '}', IDENT, '/*!'} [@1149,5162:5162='(',<146>,188:27] (rulesOrAxioms, decls, file) 
93890      WARN  Test worker     d.u.i.k.n.KeYParser       [syntax-error] file:/home/runner/work/key/key/key.core/build/resources/main/de/uka/ilkd/key/proof/rules/ifThenElseRules.key:188:32: mismatched input '&' expecting {'(', '{'} [@1152,5167:5167='&',<156>,188:32] (taclet, rulesOrAxioms, decls, file) 
93890      WARN  Test worker     d.u.i.k.n.KeYParser       [syntax-error] file:/home/runner/work/key/key/key.core/build/resources/main/de/uka/ilkd/key/proof/rules/ifThenElseRules.key:190:42: mismatched input '}' expecting {'(', '{'} [@1192,5280:5280='}',<149>,190:42] (taclet, rulesOrAxioms, decls, file) 
93891      WARN  Test worker     d.u.i.k.n.KeYParser       [syntax-error] file:/home/runner/work/key/key/key.core/build/resources/main/de/uka/ilkd/key/proof/rules/ifThenElseRules.key:191:39: mismatched input '}' expecting {'(', '{'} [@1205,5325:5325='}',<149>,191:39] (taclet, rulesOrAxioms, decls, file) 
93891      WARN  Test worker     d.u.i.k.n.KeYParser       [syntax-error] file:/home/runner/work/key/key/key.core/build/resources/main/de/uka/ilkd/key/proof/rules/ifThenElseRules.key:198:14: mismatched input '\ifExintVar' expecting {MODALITY, FORALL, EXISTS, '\if', '\ifEx', 'true', 'false', '(', '{', '@', NOT, SEQARROW, '-', STRING_LITERAL, CHAR_LITERAL, BIN_LITERAL, HEX_LITERAL, IDENT, INT_LITERAL, FLOAT_LITERAL, DOUBLE_LITERAL, REAL_LITERAL} [@1233,5475:5485='\ifExintVar',<188>,198:14] (termorseq, taclet, rulesOrAxioms, decls, file) 
93891      WARN  Test worker     d.u.i.k.n.KeYParser       [syntax-error] file:/home/runner/work/key/key/key.core/build/resources/main/de/uka/ilkd/key/proof/rules/ifThenElseRules.key:198:27: extraneous input '(' expecting {'\lemma', '}', IDENT, '/*!'} [@1236,5488:5488='(',<146>,198:27] (rulesOrAxioms, decls, file) 
93891      WARN  Test worker     d.u.i.k.n.KeYParser       [syntax-error] file:/home/runner/work/key/key/key.core/build/resources/main/de/uka/ilkd/key/proof/rules/ifThenElseRules.key:198:32: mismatched input '&' expecting {'(', '{'} [@1239,5493:5493='&',<156>,198:32] (taclet, rulesOrAxioms, decls, file) 
93891      WARN  Test worker     d.u.i.k.n.KeYParser       [syntax-error] file:/home/runner/work/key/key/key.core/build/resources/main/de/uka/ilkd/key/proof/rules/ifThenElseRules.key:200:42: mismatched input '}' expecting {'(', '{'} [@1279,5612:5612='}',<149>,200:42] (taclet, rulesOrAxioms, decls, file) 
93891      WARN  Test worker     d.u.i.k.n.KeYParser       [syntax-error] file:/home/runner/work/key/key/key.core/build/resources/main/de/uka/ilkd/key/proof/rules/ifThenElseRules.key:201:39: mismatched input '}' expecting {'(', '{'} [@1292,5657:5657='}',<149>,201:39] (taclet, rulesOrAxioms, decls, file) 
93891      WARN  Test worker     d.u.i.k.n.KeYParser       [syntax-error] file:/home/runner/work/key/key/key.core/build/resources/main/de/uka/ilkd/key/proof/rules/ifThenElseRules.key:208:14: mismatched input '\ifExintVar' expecting {MODALITY, FORALL, EXISTS, '\if', '\ifEx', 'true', 'false', '(', '{', '@', NOT, SEQARROW, '-', STRING_LITERAL, CHAR_LITERAL, BIN_LITERAL, HEX_LITERAL, IDENT, INT_LITERAL, FLOAT_LITERAL, DOUBLE_LITERAL, REAL_LITERAL} [@1320,5817:5827='\ifExintVar',<188>,208:14] (termorseq, taclet, rulesOrAxioms, decls, file) 
93891      WARN  Test worker     d.u.i.k.n.KeYParser       [syntax-error] file:/home/runner/work/key/key/key.core/build/resources/main/de/uka/ilkd/key/proof/rules/ifThenElseRules.key:208:27: extraneous input '(' expecting {'\lemma', '}', IDENT, '/*!'} [@1323,5830:5830='(',<146>,208:27] (rulesOrAxioms, decls, file) 
93892      WARN  Test worker     d.u.i.k.n.KeYParser       [syntax-error] file:/home/runner/work/key/key/key.core/build/resources/main/de/uka/ilkd/key/proof/rules/ifThenElseRules.key:208:32: mismatched input '&' expecting {'(', '{'} [@1326,5835:5835='&',<156>,208:32] (taclet, rulesOrAxioms, decls, file) 
93892      WARN  Test worker     d.u.i.k.n.KeYParser       [syntax-error] file:/home/runner/work/key/key/key.core/build/resources/main/de/uka/ilkd/key/proof/rules/ifThenElseRules.key:210:42: mismatched input '}' expecting {'(', '{'} [@1366,5948:5948='}',<149>,210:42] (taclet, rulesOrAxioms, decls, file) 
93892      WARN  Test worker     d.u.i.k.n.KeYParser       [syntax-error] file:/home/runner/work/key/key/key.core/build/resources/main/de/uka/ilkd/key/proof/rules/ifThenElseRules.key:211:39: mismatched input '}' expecting {'(', '{'} [@1379,5993:5993='}',<149>,211:39] (taclet, rulesOrAxioms, decls, file) 
93892      WARN  Test worker     d.u.i.k.n.KeYParser       [syntax-error] file:/home/runner/work/key/key/key.core/build/resources/main/de/uka/ilkd/key/proof/rules/ifThenElseRules.key:218:14: mismatched input '\ifExintVar' expecting {MODALITY, FORALL, EXISTS, '\if', '\ifEx', 'true', 'false', '(', '{', '@', NOT, SEQARROW, '-', STRING_LITERAL, CHAR_LITERAL, BIN_LITERAL, HEX_LITERAL, IDENT, INT_LITERAL, FLOAT_LITERAL, DOUBLE_LITERAL, REAL_LITERAL} [@1407,6146:6156='\ifExintVar',<188>,218:14] (termorseq, taclet, rulesOrAxioms, decls, file) 
93892      WARN  Test worker     d.u.i.k.n.KeYParser       [syntax-error] file:/home/runner/work/key/key/key.core/build/resources/main/de/uka/ilkd/key/proof/rules/ifThenElseRules.key:218:27: extraneous input '(' expecting {'\lemma', '}', IDENT, '/*!'} [@1410,6159:6159='(',<146>,218:27] (rulesOrAxioms, decls, file) 
93893      WARN  Test worker     d.u.i.k.n.KeYParser       [syntax-error] file:/home/runner/work/key/key/key.core/build/resources/main/de/uka/ilkd/key/proof/rules/ifThenElseRules.key:218:31: mismatched input ')' expecting {'(', '{'} [@1412,6163:6163=')',<147>,218:31] (taclet, rulesOrAxioms, decls, file) 
93893      WARN  Test worker     d.u.i.k.n.KeYParser       [syntax-error] file:/home/runner/work/key/key/key.core/build/resources/main/de/uka/ilkd/key/proof/rules/ifThenElseRules.key:220:44: mismatched input ')' expecting {'(', '{'} [@1444,6275:6275=')',<147>,220:44] (taclet, rulesOrAxioms, decls, file) 
93893      WARN  Test worker     d.u.i.k.n.KeYParser       [syntax-error] file:/home/runner/work/key/key/key.core/build/resources/main/de/uka/ilkd/key/proof/rules/ifThenElseRules.key:225:14: mismatched input '\ifExintVar' expecting {MODALITY, FORALL, EXISTS, '\if', '\ifEx', 'true', 'false', '(', '{', '@', NOT, SEQARROW, '-', STRING_LITERAL, CHAR_LITERAL, BIN_LITERAL, HEX_LITERAL, IDENT, INT_LITERAL, FLOAT_LITERAL, DOUBLE_LITERAL, REAL_LITERAL} [@1471,6389:6399='\ifExintVar',<188>,225:14] (termorseq, taclet, rulesOrAxioms, decls, file) 
93893      WARN  Test worker     d.u.i.k.n.KeYParser       [syntax-error] file:/home/runner/work/key/key/key.core/build/resources/main/de/uka/ilkd/key/proof/rules/ifThenElseRules.key:225:27: extraneous input '(' expecting {'\lemma', '}', IDENT, '/*!'} [@1474,6402:6402='(',<146>,225:27] (rulesOrAxioms, decls, file) 
93893      WARN  Test worker     d.u.i.k.n.KeYParser       [syntax-error] file:/home/runner/work/key/key/key.core/build/resources/main/de/uka/ilkd/key/proof/rules/ifThenElseRules.key:225:31: mismatched input ')' expecting {'(', '{'} [@1476,6406:6406=')',<147>,225:31] (taclet, rulesOrAxioms, decls, file) 
93893      WARN  Test worker     d.u.i.k.n.KeYParser       [syntax-error] file:/home/runner/work/key/key/key.core/build/resources/main/de/uka/ilkd/key/proof/rules/ifThenElseRules.key:227:44: mismatched input ')' expecting {'(', '{'} [@1508,6509:6509=')',<147>,227:44] (taclet, rulesOrAxioms, decls, file) 
93893      WARN  Test worker     d.u.i.k.n.KeYParser       [syntax-error] file:/home/runner/work/key/key/key.core/build/resources/main/de/uka/ilkd/key/proof/rules/ifThenElseRules.key:233:14: mismatched input '\ifExintVar' expecting {MODALITY, FORALL, EXISTS, '\if', '\ifEx', 'true', 'false', '(', '{', '@', NOT, SEQARROW, '-', STRING_LITERAL, CHAR_LITERAL, BIN_LITERAL, HEX_LITERAL, IDENT, INT_LITERAL, FLOAT_LITERAL, DOUBLE_LITERAL, REAL_LITERAL} [@1539,6656:6666='\ifExintVar',<188>,233:14] (termorseq, taclet, rulesOrAxioms, decls, file) 
93893      WARN  Test worker     d.u.i.k.n.KeYParser       [syntax-error] file:/home/runner/work/key/key/key.core/build/resources/main/de/uka/ilkd/key/proof/rules/ifThenElseRules.key:233:27: extraneous input '(' expecting {'\lemma', '}', IDENT, '/*!'} [@1542,6669:6669='(',<146>,233:27] (rulesOrAxioms, decls, file) 
93893      WARN  Test worker     d.u.i.k.n.KeYParser       [syntax-error] file:/home/runner/work/key/key/key.core/build/resources/main/de/uka/ilkd/key/proof/rules/ifThenElseRules.key:233:31: mismatched input ')' expecting {'(', '{'} [@1544,6673:6673=')',<147>,233:31] (taclet, rulesOrAxioms, decls, file) 
93893      WARN  Test worker     d.u.i.k.n.KeYParser       [syntax-error] file:/home/runner/work/key/key/key.core/build/resources/main/de/uka/ilkd/key/proof/rules/ifThenElseRules.key:237:42: mismatched input '}' expecting {'(', '{'} [@1586,6850:6850='}',<149>,237:42] (taclet, rulesOrAxioms, decls, file) 
93893      WARN  Test worker     d.u.i.k.n.KeYParser       [syntax-error] file:/home/runner/work/key/key/key.core/build/resources/main/de/uka/ilkd/key/proof/rules/ifThenElseRules.key:238:34: mismatched input '}' expecting {'(', '{'} [@1599,6891:6891='}',<149>,238:34] (taclet, rulesOrAxioms, decls, file) 
93893      WARN  Test worker     d.u.i.k.n.KeYParser       [syntax-error] file:/home/runner/work/key/key/key.core/build/resources/main/de/uka/ilkd/key/proof/rules/ifThenElseRules.key:239:28: extraneous input '(' expecting {'\lemma', '}', IDENT, '/*!'} [@1608,6925:6925='(',<146>,239:28] (rulesOrAxioms, decls, file) 
93893      WARN  Test worker     d.u.i.k.n.KeYParser       [syntax-error] file:/home/runner/work/key/key/key.core/build/resources/main/de/uka/ilkd/key/proof/rules/ifThenElseRules.key:239:33: mismatched input '->' expecting {'(', '{'} [@1611,6930:6931='->',<158>,239:33] (taclet, rulesOrAxioms, decls, file) 
93893      WARN  Test worker     d.u.i.k.n.KeYParser       [syntax-error] file:/home/runner/work/key/key/key.core/build/resources/main/de/uka/ilkd/key/proof/rules/ifThenElseRules.key:240:8: extraneous input '\replacewith' expecting {'\lemma', '}', IDENT, '/*!'} [@1626,6979:6990='\replacewith',<105>,240:8] (rulesOrAxioms, decls, file) 
93893      WARN  Test worker     d.u.i.k.n.KeYParser       [syntax-error] file:/home/runner/work/key/key/key.core/build/resources/main/de/uka/ilkd/key/proof/rules/ifThenElseRules.key:240:25: mismatched input ')' expecting {'(', '{'} [@1629,6996:6996=')',<147>,240:25] (taclet, rulesOrAxioms, decls, file) 
93893      WARN  Test worker     d.u.i.k.n.KeYParser       [syntax-error] file:/home/runner/work/key/key/key.core/build/resources/main/de/uka/ilkd/key/proof/rules/ifThenElseRules.key:240:56: mismatched input ')' expecting {'(', '{'} [@1642,7027:7027=')',<147>,240:56] (taclet, rulesOrAxioms, decls, file) 
93894      WARN  Test worker     d.u.i.k.n.KeYParser       [syntax-error] file:/home/runner/work/key/key/key.core/build/resources/main/de/uka/ilkd/key/proof/rules/ifThenElseRules.key:245:14: mismatched input '\ifExintVar' expecting {MODALITY, FORALL, EXISTS, '\if', '\ifEx', 'true', 'false', '(', '{', '@', NOT, SEQARROW, '-', STRING_LITERAL, CHAR_LITERAL, BIN_LITERAL, HEX_LITERAL, IDENT, INT_LITERAL, FLOAT_LITERAL, DOUBLE_LITERAL, REAL_LITERAL} [@1658,7109:7119='\ifExintVar',<188>,245:14] (termorseq, taclet, rulesOrAxioms, decls, file) 
93894      WARN  Test worker     d.u.i.k.n.KeYParser       [syntax-error] file:/home/runner/work/key/key/key.core/build/resources/main/de/uka/ilkd/key/proof/rules/ifThenElseRules.key:245:27: extraneous input '(' expecting {'\lemma', '}', IDENT, '/*!'} [@1661,7122:7122='(',<146>,245:27] (rulesOrAxioms, decls, file) 
93894      WARN  Test worker     d.u.i.k.n.KeYParser       [syntax-error] file:/home/runner/work/key/key/key.core/build/resources/main/de/uka/ilkd/key/proof/rules/ifThenElseRules.key:245:31: mismatched input ')' expecting {'(', '{'} [@1663,7126:7126=')',<147>,245:31] (taclet, rulesOrAxioms, decls, file) 
93894      WARN  Test worker     d.u.i.k.n.KeYParser       [syntax-error] file:/home/runner/work/key/key/key.core/build/resources/main/de/uka/ilkd/key/proof/rules/ifThenElseRules.key:248:45: mismatched input '}' expecting {'(', '{'} [@1696,7268:7268='}',<149>,248:45] (taclet, rulesOrAxioms, decls, file) 
93894      WARN  Test worker     d.u.i.k.n.KeYParser       [syntax-error] file:/home/runner/work/key/key/key.core/build/resources/main/de/uka/ilkd/key/proof/rules/ifThenElseRules.key:249:8: extraneous input '\replacewith' expecting {'\lemma', '}', IDENT, '/*!'} [@1701,7284:7295='\replacewith',<105>,249:8] (rulesOrAxioms, decls, file) 
93894      WARN  Test worker     d.u.i.k.n.KeYParser       [syntax-error] file:/home/runner/work/key/key/key.core/build/resources/main/de/uka/ilkd/key/proof/rules/ifThenElseRules.key:249:38: mismatched input ')' expecting {'(', '{'} [@1708,7314:7314=')',<147>,249:38] (taclet, rulesOrAxioms, decls, file) 
93894      WARN  Test worker     d.u.i.k.n.KeYParser       [syntax-error] file:/home/runner/work/key/key/key.core/build/resources/main/de/uka/ilkd/key/proof/rules/ifThenElseRules.key:250:42: mismatched input '}' expecting {'(', '{'} [@1731,7381:7381='}',<149>,250:42] (taclet, rulesOrAxioms, decls, file) 
93894      WARN  Test worker     d.u.i.k.n.KeYParser       [syntax-error] file:/home/runner/work/key/key/key.core/build/resources/main/de/uka/ilkd/key/proof/rules/ifThenElseRules.key:251:28: extraneous input '(' expecting {'\lemma', '}', IDENT, '/*!'} [@1741,7416:7416='(',<146>,251:28] (rulesOrAxioms, decls, file) 
93894      WARN  Test worker     d.u.i.k.n.KeYParser       [syntax-error] file:/home/runner/work/key/key/key.core/build/resources/main/de/uka/ilkd/key/proof/rules/ifThenElseRules.key:251:33: mismatched input '->' expecting {'(', '{'} [@1744,7421:7422='->',<158>,251:33] (taclet, rulesOrAxioms, decls, file) 
93894      WARN  Test worker     d.u.i.k.n.KeYParser       [syntax-error] file:/home/runner/work/key/key/key.core/build/resources/main/de/uka/ilkd/key/proof/rules/ifThenElseRules.key:255:14: mismatched input '\ifExintVar' expecting {MODALITY, FORALL, EXISTS, '\if', '\ifEx', 'true', 'false', '(', '{', '@', NOT, SEQARROW, '-', STRING_LITERAL, CHAR_LITERAL, BIN_LITERAL, HEX_LITERAL, IDENT, INT_LITERAL, FLOAT_LITERAL, DOUBLE_LITERAL, REAL_LITERAL} [@1765,7506:7516='\ifExintVar',<188>,255:14] (termorseq, taclet, rulesOrAxioms, decls, file) 
93894      WARN  Test worker     d.u.i.k.n.KeYParser       [syntax-error] file:/home/runner/work/key/key/key.core/build/resources/main/de/uka/ilkd/key/proof/rules/ifThenElseRules.key:255:27: extraneous input '(' expecting {'\lemma', '}', IDENT, '/*!'} [@1768,7519:7519='(',<146>,255:27] (rulesOrAxioms, decls, file) 
93894      WARN  Test worker     d.u.i.k.n.KeYParser       [syntax-error] file:/home/runner/work/key/key/key.core/build/resources/main/de/uka/ilkd/key/proof/rules/ifThenElseRules.key:255:31: mismatched input ')' expecting {'(', '{'} [@1770,7523:7523=')',<147>,255:31] (taclet, rulesOrAxioms, decls, file) 
93897      WARN  Test worker     d.u.i.k.n.KeYParser       [syntax-error] file:/home/runner/work/key/key/key.core/build/resources/main/de/uka/ilkd/key/proof/rules/ifThenElseRules.key:258:52: extraneous input '0' expecting {'\lemma', '}', IDENT, '/*!'} [@1809,7667:7667='0',<184>,258:52] (rulesOrAxioms, decls, file) 
93898      WARN  Test worker     d.u.i.k.n.KeYParser       [syntax-error] file:/home/runner/work/key/key/key.core/build/resources/main/de/uka/ilkd/key/proof/rules/ifThenElseRules.key:258:54: mismatched input 'then' expecting {<EOF>, '\problem', '\chooseContract', '\proofObligation', '\proof'} [@1811,7669:7672='then',<183>,258:54] (file) 
93946      WARN  Test worker     d.u.i.k.n.KeYParser       [syntax-error] file:/home/runner/work/key/key/key.core/build/resources/main/de/uka/ilkd/key/proof/rules/ifThenElseRules.key:135:14: mismatched input '\ifExintVar' expecting {MODALITY, FORALL, EXISTS, '\if', '\ifEx', 'true', 'false', '(', '{', '@', NOT, SEQARROW, '-', STRING_LITERAL, CHAR_LITERAL, BIN_LITERAL, HEX_LITERAL, IDENT, INT_LITERAL, FLOAT_LITERAL, DOUBLE_LITERAL, REAL_LITERAL} [@745,3563:3573='\ifExintVar',<188>,135:14] (termorseq, taclet, rulesOrAxioms, decls, file) 
93947      WARN  Test worker     d.u.i.k.n.KeYParser       [syntax-error] file:/home/runner/work/key/key/key.core/build/resources/main/de/uka/ilkd/key/proof/rules/ifThenElseRules.key:135:27: extraneous input '(' expecting {'\lemma', '}', IDENT, '/*!'} [@748,3576:3576='(',<146>,135:27] (rulesOrAxioms, decls, file) 
93947      WARN  Test worker     d.u.i.k.n.KeYParser       [syntax-error] file:/home/runner/work/key/key/key.core/build/resources/main/de/uka/ilkd/key/proof/rules/ifThenElseRules.key:135:44: mismatched input ')' expecting {'(', '{'} [@754,3593:3593=')',<147>,135:44] (taclet, rulesOrAxioms, decls, file) 
93947      WARN  Test worker     d.u.i.k.n.KeYParser       [syntax-error] file:/home/runner/work/key/key/key.core/build/resources/main/de/uka/ilkd/key/proof/rules/ifThenElseRules.key:141:14: mismatched input '\ifExintVar' expecting {MODALITY, FORALL, EXISTS, '\if', '\ifEx', 'true', 'false', '(', '{', '@', NOT, SEQARROW, '-', STRING_LITERAL, CHAR_LITERAL, BIN_LITERAL, HEX_LITERAL, IDENT, INT_LITERAL, FLOAT_LITERAL, DOUBLE_LITERAL, REAL_LITERAL} [@780,3716:3726='\ifExintVar',<188>,141:14] (termorseq, taclet, rulesOrAxioms, decls, file) 
93947      WARN  Test worker     d.u.i.k.n.KeYParser       [syntax-error] file:/home/runner/work/key/key/key.core/build/resources/main/de/uka/ilkd/key/proof/rules/ifThenElseRules.key:141:27: extraneous input '(' expecting {'\lemma', '}', IDENT, '/*!'} [@783,3729:3729='(',<146>,141:27] (rulesOrAxioms, decls, file) 
93947      WARN  Test worker     d.u.i.k.n.KeYParser       [syntax-error] file:/home/runner/work/key/key/key.core/build/resources/main/de/uka/ilkd/key/proof/rules/ifThenElseRules.key:141:41: mismatched input ')' expecting {'(', '{'} [@789,3743:3743=')',<147>,141:41] (taclet, rulesOrAxioms, decls, file) 
93947      WARN  Test worker     d.u.i.k.n.KeYParser       [syntax-error] file:/home/runner/work/key/key/key.core/build/resources/main/de/uka/ilkd/key/proof/rules/ifThenElseRules.key:148:14: mismatched input '\ifExintVar' expecting {MODALITY, FORALL, EXISTS, '\if', '\ifEx', 'true', 'false', '(', '{', '@', NOT, SEQARROW, '-', STRING_LITERAL, CHAR_LITERAL, BIN_LITERAL, HEX_LITERAL, IDENT, INT_LITERAL, FLOAT_LITERAL, DOUBLE_LITERAL, REAL_LITERAL} [@819,3896:3906='\ifExintVar',<188>,148:14] (termorseq, taclet, rulesOrAxioms, decls, file) 
93948      WARN  Test worker     d.u.i.k.n.KeYParser       [syntax-error] file:/home/runner/work/key/key/key.core/build/resources/main/de/uka/ilkd/key/proof/rules/ifThenElseRules.key:148:27: extraneous input '(' expecting {'\lemma', '}', IDENT, '/*!'} [@822,3909:3909='(',<146>,148:27] (rulesOrAxioms, decls, file) 
93948      WARN  Test worker     d.u.i.k.n.KeYParser       [syntax-error] file:/home/runner/work/key/key/key.core/build/resources/main/de/uka/ilkd/key/proof/rules/ifThenElseRules.key:148:35: mismatched input '=' expecting {'(', '{'} [@825,3917:3917='=',<159>,148:35] (taclet, rulesOrAxioms, decls, file) 
93948      WARN  Test worker     d.u.i.k.n.KeYParser       [syntax-error] file:/home/runner/work/key/key/key.core/build/resources/main/de/uka/ilkd/key/proof/rules/ifThenElseRules.key:150:38: mismatched input '}' expecting {'(', '{'} [@859,4023:4023='}',<149>,150:38] (taclet, rulesOrAxioms, decls, file) 
93948      WARN  Test worker     d.u.i.k.n.KeYParser       [syntax-error] file:/home/runner/work/key/key/key.core/build/resources/main/de/uka/ilkd/key/proof/rules/ifThenElseRules.key:155:14: mismatched input '\ifExintVar' expecting {MODALITY, FORALL, EXISTS, '\if', '\ifEx', 'true', 'false', '(', '{', '@', NOT, SEQARROW, '-', STRING_LITERAL, CHAR_LITERAL, BIN_LITERAL, HEX_LITERAL, IDENT, INT_LITERAL, FLOAT_LITERAL, DOUBLE_LITERAL, REAL_LITERAL} [@877,4109:4119='\ifExintVar',<188>,155:14] (termorseq, taclet, rulesOrAxioms, decls, file) 
93948      WARN  Test worker     d.u.i.k.n.KeYParser       [syntax-error] file:/home/runner/work/key/key/key.core/build/resources/main/de/uka/ilkd/key/proof/rules/ifThenElseRules.key:155:27: extraneous input '(' expecting {'\lemma', '}', IDENT, '/*!'} [@880,4122:4122='(',<146>,155:27] (rulesOrAxioms, decls, file) 
93948      WARN  Test worker     d.u.i.k.n.KeYParser       [syntax-error] file:/home/runner/work/key/key/key.core/build/resources/main/de/uka/ilkd/key/proof/rules/ifThenElseRules.key:155:35: mismatched input '=' expecting {'(', '{'} [@883,4130:4130='=',<159>,155:35] (taclet, rulesOrAxioms, decls, file) 
93948      WARN  Test worker     d.u.i.k.n.KeYParser       [syntax-error] file:/home/runner/work/key/key/key.core/build/resources/main/de/uka/ilkd/key/proof/rules/ifThenElseRules.key:157:38: mismatched input '}' expecting {'(', '{'} [@917,4230:4230='}',<149>,157:38] (taclet, rulesOrAxioms, decls, file) 
93949      WARN  Test worker     d.u.i.k.n.KeYParser       [syntax-error] file:/home/runner/work/key/key/key.core/build/resources/main/de/uka/ilkd/key/proof/rules/ifThenElseRules.key:163:14: mismatched input '\ifExintVar' expecting {MODALITY, FORALL, EXISTS, '\if', '\ifEx', 'true', 'false', '(', '{', '@', NOT, SEQARROW, '-', STRING_LITERAL, CHAR_LITERAL, BIN_LITERAL, HEX_LITERAL, IDENT, INT_LITERAL, FLOAT_LITERAL, DOUBLE_LITERAL, REAL_LITERAL} [@939,4350:4360='\ifExintVar',<188>,163:14] (termorseq, taclet, rulesOrAxioms, decls, file) 
93949      WARN  Test worker     d.u.i.k.n.KeYParser       [syntax-error] file:/home/runner/work/key/key/key.core/build/resources/main/de/uka/ilkd/key/proof/rules/ifThenElseRules.key:163:27: extraneous input '(' expecting {'\lemma', '}', IDENT, '/*!'} [@942,4363:4363='(',<146>,163:27] (rulesOrAxioms, decls, file) 
93949      WARN  Test worker     d.u.i.k.n.KeYParser       [syntax-error] file:/home/runner/work/key/key/key.core/build/resources/main/de/uka/ilkd/key/proof/rules/ifThenElseRules.key:163:30: mismatched input '=' expecting {'(', '{'} [@945,4366:4366='=',<159>,163:30] (taclet, rulesOrAxioms, decls, file) 
93949      WARN  Test worker     d.u.i.k.n.KeYParser       [syntax-error] file:/home/runner/work/key/key/key.core/build/resources/main/de/uka/ilkd/key/proof/rules/ifThenElseRules.key:165:38: mismatched input '}' expecting {'(', '{'} [@979,4477:4477='}',<149>,165:38] (taclet, rulesOrAxioms, decls, file) 
93949      WARN  Test worker     d.u.i.k.n.KeYParser       [syntax-error] file:/home/runner/work/key/key/key.core/build/resources/main/de/uka/ilkd/key/proof/rules/ifThenElseRules.key:171:14: mismatched input '\ifExintVar' expecting {MODALITY, FORALL, EXISTS, '\if', '\ifEx', 'true', 'false', '(', '{', '@', NOT, SEQARROW, '-', STRING_LITERAL, CHAR_LITERAL, BIN_LITERAL, HEX_LITERAL, IDENT, INT_LITERAL, FLOAT_LITERAL, DOUBLE_LITERAL, REAL_LITERAL} [@1001,4604:4614='\ifExintVar',<188>,171:14] (termorseq, taclet, rulesOrAxioms, decls, file) 
93949      WARN  Test worker     d.u.i.k.n.KeYParser       [syntax-error] file:/home/runner/work/key/key/key.core/build/resources/main/de/uka/ilkd/key/proof/rules/ifThenElseRules.key:171:27: extraneous input '(' expecting {'\lemma', '}', IDENT, '/*!'} [@1004,4617:4617='(',<146>,171:27] (rulesOrAxioms, decls, file) 
93949      WARN  Test worker     d.u.i.k.n.KeYParser       [syntax-error] file:/home/runner/work/key/key/key.core/build/resources/main/de/uka/ilkd/key/proof/rules/ifThenElseRules.key:171:30: mismatched input '=' expecting {'(', '{'} [@1007,4620:4620='=',<159>,171:30] (taclet, rulesOrAxioms, decls, file) 
93950      WARN  Test worker     d.u.i.k.n.KeYParser       [syntax-error] file:/home/runner/work/key/key/key.core/build/resources/main/de/uka/ilkd/key/proof/rules/ifThenElseRules.key:173:38: mismatched input '}' expecting {'(', '{'} [@1041,4725:4725='}',<149>,173:38] (taclet, rulesOrAxioms, decls, file) 
93950      WARN  Test worker     d.u.i.k.n.KeYParser       [syntax-error] file:/home/runner/work/key/key/key.core/build/resources/main/de/uka/ilkd/key/proof/rules/ifThenElseRules.key:179:14: mismatched input '\ifExintVar' expecting {MODALITY, FORALL, EXISTS, '\if', '\ifEx', 'true', 'false', '(', '{', '@', NOT, SEQARROW, '-', STRING_LITERAL, CHAR_LITERAL, BIN_LITERAL, HEX_LITERAL, IDENT, INT_LITERAL, FLOAT_LITERAL, DOUBLE_LITERAL, REAL_LITERAL} [@1063,4848:4858='\ifExintVar',<188>,179:14] (termorseq, taclet, rulesOrAxioms, decls, file) 
93950      WARN  Test worker     d.u.i.k.n.KeYParser       [syntax-error] file:/home/runner/work/key/key/key.core/build/resources/main/de/uka/ilkd/key/proof/rules/ifThenElseRules.key:179:27: extraneous input '(' expecting {'\lemma', '}', IDENT, '/*!'} [@1066,4861:4861='(',<146>,179:27] (rulesOrAxioms, decls, file) 
93950      WARN  Test worker     d.u.i.k.n.KeYParser       [syntax-error] file:/home/runner/work/key/key/key.core/build/resources/main/de/uka/ilkd/key/proof/rules/ifThenElseRules.key:179:32: mismatched input '&' expecting {'(', '{'} [@1069,4866:4866='&',<156>,179:32] (taclet, rulesOrAxioms, decls, file) 
93950      WARN  Test worker     d.u.i.k.n.KeYParser       [syntax-error] file:/home/runner/work/key/key/key.core/build/resources/main/de/uka/ilkd/key/proof/rules/ifThenElseRules.key:181:42: mismatched input '}' expecting {'(', '{'} [@1109,4985:4985='}',<149>,181:42] (taclet, rulesOrAxioms, decls, file) 
93950      WARN  Test worker     d.u.i.k.n.KeYParser       [syntax-error] file:/home/runner/work/key/key/key.core/build/resources/main/de/uka/ilkd/key/proof/rules/ifThenElseRules.key:182:39: mismatched input '}' expecting {'(', '{'} [@1122,5030:5030='}',<149>,182:39] (taclet, rulesOrAxioms, decls, file) 
93950      WARN  Test worker     d.u.i.k.n.KeYParser       [syntax-error] file:/home/runner/work/key/key/key.core/build/resources/main/de/uka/ilkd/key/proof/rules/ifThenElseRules.key:188:14: mismatched input '\ifExintVar' expecting {MODALITY, FORALL, EXISTS, '\if', '\ifEx', 'true', 'false', '(', '{', '@', NOT, SEQARROW, '-', STRING_LITERAL, CHAR_LITERAL, BIN_LITERAL, HEX_LITERAL, IDENT, INT_LITERAL, FLOAT_LITERAL, DOUBLE_LITERAL, REAL_LITERAL} [@1146,5149:5159='\ifExintVar',<188>,188:14] (termorseq, taclet, rulesOrAxioms, decls, file) 
93950      WARN  Test worker     d.u.i.k.n.KeYParser       [syntax-error] file:/home/runner/work/key/key/key.core/build/resources/main/de/uka/ilkd/key/proof/rules/ifThenElseRules.key:188:27: extraneous input '(' expecting {'\lemma', '}', IDENT, '/*!'} [@1149,5162:5162='(',<146>,188:27] (rulesOrAxioms, decls, file) 
93950      WARN  Test worker     d.u.i.k.n.KeYParser       [syntax-error] file:/home/runner/work/key/key/key.core/build/resources/main/de/uka/ilkd/key/proof/rules/ifThenElseRules.key:188:32: mismatched input '&' expecting {'(', '{'} [@1152,5167:5167='&',<156>,188:32] (taclet, rulesOrAxioms, decls, file) 
93950      WARN  Test worker     d.u.i.k.n.KeYParser       [syntax-error] file:/home/runner/work/key/key/key.core/build/resources/main/de/uka/ilkd/key/proof/rules/ifThenElseRules.key:190:42: mismatched input '}' expecting {'(', '{'} [@1192,5280:5280='}',<149>,190:42] (taclet, rulesOrAxioms, decls, file) 
93951      WARN  Test worker     d.u.i.k.n.KeYParser       [syntax-error] file:/home/runner/work/key/key/key.core/build/resources/main/de/uka/ilkd/key/proof/rules/ifThenElseRules.key:191:39: mismatched input '}' expecting {'(', '{'} [@1205,5325:5325='}',<149>,191:39] (taclet, rulesOrAxioms, decls, file) 
93951      WARN  Test worker     d.u.i.k.n.KeYParser       [syntax-error] file:/home/runner/work/key/key/key.core/build/resources/main/de/uka/ilkd/key/proof/rules/ifThenElseRules.key:198:14: mismatched input '\ifExintVar' expecting {MODALITY, FORALL, EXISTS, '\if', '\ifEx', 'true', 'false', '(', '{', '@', NOT, SEQARROW, '-', STRING_LITERAL, CHAR_LITERAL, BIN_LITERAL, HEX_LITERAL, IDENT, INT_LITERAL, FLOAT_LITERAL, DOUBLE_LITERAL, REAL_LITERAL} [@1233,5475:5485='\ifExintVar',<188>,198:14] (termorseq, taclet, rulesOrAxioms, decls, file) 
93951      WARN  Test worker     d.u.i.k.n.KeYParser       [syntax-error] file:/home/runner/work/key/key/key.core/build/resources/main/de/uka/ilkd/key/proof/rules/ifThenElseRules.key:198:27: extraneous input '(' expecting {'\lemma', '}', IDENT, '/*!'} [@1236,5488:5488='(',<146>,198:27] (rulesOrAxioms, decls, file) 
93951      WARN  Test worker     d.u.i.k.n.KeYParser       [syntax-error] file:/home/runner/work/key/key/key.core/build/resources/main/de/uka/ilkd/key/proof/rules/ifThenElseRules.key:198:32: mismatched input '&' expecting {'(', '{'} [@1239,5493:5493='&',<156>,198:32] (taclet, rulesOrAxioms, decls, file) 
93951      WARN  Test worker     d.u.i.k.n.KeYParser       [syntax-error] file:/home/runner/work/key/key/key.core/build/resources/main/de/uka/ilkd/key/proof/rules/ifThenElseRules.key:200:42: mismatched input '}' expecting {'(', '{'} [@1279,5612:5612='}',<149>,200:42] (taclet, rulesOrAxioms, decls, file) 
93951      WARN  Test worker     d.u.i.k.n.KeYParser       [syntax-error] file:/home/runner/work/key/key/key.core/build/resources/main/de/uka/ilkd/key/proof/rules/ifThenElseRules.key:201:39: mismatched input '}' expecting {'(', '{'} [@1292,5657:5657='}',<149>,201:39] (taclet, rulesOrAxioms, decls, file) 
93951      WARN  Test worker     d.u.i.k.n.KeYParser       [syntax-error] file:/home/runner/work/key/key/key.core/build/resources/main/de/uka/ilkd/key/proof/rules/ifThenElseRules.key:208:14: mismatched input '\ifExintVar' expecting {MODALITY, FORALL, EXISTS, '\if', '\ifEx', 'true', 'false', '(', '{', '@', NOT, SEQARROW, '-', STRING_LITERAL, CHAR_LITERAL, BIN_LITERAL, HEX_LITERAL, IDENT, INT_LITERAL, FLOAT_LITERAL, DOUBLE_LITERAL, REAL_LITERAL} [@1320,5817:5827='\ifExintVar',<188>,208:14] (termorseq, taclet, rulesOrAxioms, decls, file) 
93951      WARN  Test worker     d.u.i.k.n.KeYParser       [syntax-error] file:/home/runner/work/key/key/key.core/build/resources/main/de/uka/ilkd/key/proof/rules/ifThenElseRules.key:208:27: extraneous input '(' expecting {'\lemma', '}', IDENT, '/*!'} [@1323,5830:5830='(',<146>,208:27] (rulesOrAxioms, decls, file) 
93952      WARN  Test worker     d.u.i.k.n.KeYParser       [syntax-error] file:/home/runner/work/key/key/key.core/build/resources/main/de/uka/ilkd/key/proof/rules/ifThenElseRules.key:208:32: mismatched input '&' expecting {'(', '{'} [@1326,5835:5835='&',<156>,208:32] (taclet, rulesOrAxioms, decls, file) 
93952      WARN  Test worker     d.u.i.k.n.KeYParser       [syntax-error] file:/home/runner/work/key/key/key.core/build/resources/main/de/uka/ilkd/key/proof/rules/ifThenElseRules.key:210:42: mismatched input '}' expecting {'(', '{'} [@1366,5948:5948='}',<149>,210:42] (taclet, rulesOrAxioms, decls, file) 
93952      WARN  Test worker     d.u.i.k.n.KeYParser       [syntax-error] file:/home/runner/work/key/key/key.core/build/resources/main/de/uka/ilkd/key/proof/rules/ifThenElseRules.key:211:39: mismatched input '}' expecting {'(', '{'} [@1379,5993:5993='}',<149>,211:39] (taclet, rulesOrAxioms, decls, file) 
93952      WARN  Test worker     d.u.i.k.n.KeYParser       [syntax-error] file:/home/runner/work/key/key/key.core/build/resources/main/de/uka/ilkd/key/proof/rules/ifThenElseRules.key:218:14: mismatched input '\ifExintVar' expecting {MODALITY, FORALL, EXISTS, '\if', '\ifEx', 'true', 'false', '(', '{', '@', NOT, SEQARROW, '-', STRING_LITERAL, CHAR_LITERAL, BIN_LITERAL, HEX_LITERAL, IDENT, INT_LITERAL, FLOAT_LITERAL, DOUBLE_LITERAL, REAL_LITERAL} [@1407,6146:6156='\ifExintVar',<188>,218:14] (termorseq, taclet, rulesOrAxioms, decls, file) 
93952      WARN  Test worker     d.u.i.k.n.KeYParser       [syntax-error] file:/home/runner/work/key/key/key.core/build/resources/main/de/uka/ilkd/key/proof/rules/ifThenElseRules.key:218:27: extraneous input '(' expecting {'\lemma', '}', IDENT, '/*!'} [@1410,6159:6159='(',<146>,218:27] (rulesOrAxioms, decls, file) 
93952      WARN  Test worker     d.u.i.k.n.KeYParser       [syntax-error] file:/home/runner/work/key/key/key.core/build/resources/main/de/uka/ilkd/key/proof/rules/ifThenElseRules.key:218:31: mismatched input ')' expecting {'(', '{'} [@1412,6163:6163=')',<147>,218:31] (taclet, rulesOrAxioms, decls, file) 
93952      WARN  Test worker     d.u.i.k.n.KeYParser       [syntax-error] file:/home/runner/work/key/key/key.core/build/resources/main/de/uka/ilkd/key/proof/rules/ifThenElseRules.key:220:44: mismatched input ')' expecting {'(', '{'} [@1444,6275:6275=')',<147>,220:44] (taclet, rulesOrAxioms, decls, file) 
93952      WARN  Test worker     d.u.i.k.n.KeYParser       [syntax-error] file:/home/runner/work/key/key/key.core/build/resources/main/de/uka/ilkd/key/proof/rules/ifThenElseRules.key:225:14: mismatched input '\ifExintVar' expecting {MODALITY, FORALL, EXISTS, '\if', '\ifEx', 'true', 'false', '(', '{', '@', NOT, SEQARROW, '-', STRING_LITERAL, CHAR_LITERAL, BIN_LITERAL, HEX_LITERAL, IDENT, INT_LITERAL, FLOAT_LITERAL, DOUBLE_LITERAL, REAL_LITERAL} [@1471,6389:6399='\ifExintVar',<188>,225:14] (termorseq, taclet, rulesOrAxioms, decls, file) 
93952      WARN  Test worker     d.u.i.k.n.KeYParser       [syntax-error] file:/home/runner/work/key/key/key.core/build/resources/main/de/uka/ilkd/key/proof/rules/ifThenElseRules.key:225:27: extraneous input '(' expecting {'\lemma', '}', IDENT, '/*!'} [@1474,6402:6402='(',<146>,225:27] (rulesOrAxioms, decls, file) 
93952      WARN  Test worker     d.u.i.k.n.KeYParser       [syntax-error] file:/home/runner/work/key/key/key.core/build/resources/main/de/uka/ilkd/key/proof/rules/ifThenElseRules.key:225:31: mismatched input ')' expecting {'(', '{'} [@1476,6406:6406=')',<147>,225:31] (taclet, rulesOrAxioms, decls, file) 
93952      WARN  Test worker     d.u.i.k.n.KeYParser       [syntax-error] file:/home/runner/work/key/key/key.core/build/resources/main/de/uka/ilkd/key/proof/rules/ifThenElseRules.key:227:44: mismatched input ')' expecting {'(', '{'} [@1508,6509:6509=')',<147>,227:44] (taclet, rulesOrAxioms, decls, file) 
93952      WARN  Test worker     d.u.i.k.n.KeYParser       [syntax-error] file:/home/runner/work/key/key/key.core/build/resources/main/de/uka/ilkd/key/proof/rules/ifThenElseRules.key:233:14: mismatched input '\ifExintVar' expecting {MODALITY, FORALL, EXISTS, '\if', '\ifEx', 'true', 'false', '(', '{', '@', NOT, SEQARROW, '-', STRING_LITERAL, CHAR_LITERAL, BIN_LITERAL, HEX_LITERAL, IDENT, INT_LITERAL, FLOAT_LITERAL, DOUBLE_LITERAL, REAL_LITERAL} [@1539,6656:6666='\ifExintVar',<188>,233:14] (termorseq, taclet, rulesOrAxioms, decls, file) 
93952      WARN  Test worker     d.u.i.k.n.KeYParser       [syntax-error] file:/home/runner/work/key/key/key.core/build/resources/main/de/uka/ilkd/key/proof/rules/ifThenElseRules.key:233:27: extraneous input '(' expecting {'\lemma', '}', IDENT, '/*!'} [@1542,6669:6669='(',<146>,233:27] (rulesOrAxioms, decls, file) 
93952      WARN  Test worker     d.u.i.k.n.KeYParser       [syntax-error] file:/home/runner/work/key/key/key.core/build/resources/main/de/uka/ilkd/key/proof/rules/ifThenElseRules.key:233:31: mismatched input ')' expecting {'(', '{'} [@1544,6673:6673=')',<147>,233:31] (taclet, rulesOrAxioms, decls, file) 
93952      WARN  Test worker     d.u.i.k.n.KeYParser       [syntax-error] file:/home/runner/work/key/key/key.core/build/resources/main/de/uka/ilkd/key/proof/rules/ifThenElseRules.key:237:42: mismatched input '}' expecting {'(', '{'} [@1586,6850:6850='}',<149>,237:42] (taclet, rulesOrAxioms, decls, file) 
93952      WARN  Test worker     d.u.i.k.n.KeYParser       [syntax-error] file:/home/runner/work/key/key/key.core/build/resources/main/de/uka/ilkd/key/proof/rules/ifThenElseRules.key:238:34: mismatched input '}' expecting {'(', '{'} [@1599,6891:6891='}',<149>,238:34] (taclet, rulesOrAxioms, decls, file) 
93952      WARN  Test worker     d.u.i.k.n.KeYParser       [syntax-error] file:/home/runner/work/key/key/key.core/build/resources/main/de/uka/ilkd/key/proof/rules/ifThenElseRules.key:239:28: extraneous input '(' expecting {'\lemma', '}', IDENT, '/*!'} [@1608,6925:6925='(',<146>,239:28] (rulesOrAxioms, decls, file) 
93952      WARN  Test worker     d.u.i.k.n.KeYParser       [syntax-error] file:/home/runner/work/key/key/key.core/build/resources/main/de/uka/ilkd/key/proof/rules/ifThenElseRules.key:239:33: mismatched input '->' expecting {'(', '{'} [@1611,6930:6931='->',<158>,239:33] (taclet, rulesOrAxioms, decls, file) 
93952      WARN  Test worker     d.u.i.k.n.KeYParser       [syntax-error] file:/home/runner/work/key/key/key.core/build/resources/main/de/uka/ilkd/key/proof/rules/ifThenElseRules.key:240:8: extraneous input '\replacewith' expecting {'\lemma', '}', IDENT, '/*!'} [@1626,6979:6990='\replacewith',<105>,240:8] (rulesOrAxioms, decls, file) 
93952      WARN  Test worker     d.u.i.k.n.KeYParser       [syntax-error] file:/home/runner/work/key/key/key.core/build/resources/main/de/uka/ilkd/key/proof/rules/ifThenElseRules.key:240:25: mismatched input ')' expecting {'(', '{'} [@1629,6996:6996=')',<147>,240:25] (taclet, rulesOrAxioms, decls, file) 
93952      WARN  Test worker     d.u.i.k.n.KeYParser       [syntax-error] file:/home/runner/work/key/key/key.core/build/resources/main/de/uka/ilkd/key/proof/rules/ifThenElseRules.key:240:56: mismatched input ')' expecting {'(', '{'} [@1642,7027:7027=')',<147>,240:56] (taclet, rulesOrAxioms, decls, file) 
93952      WARN  Test worker     d.u.i.k.n.KeYParser       [syntax-error] file:/home/runner/work/key/key/key.core/build/resources/main/de/uka/ilkd/key/proof/rules/ifThenElseRules.key:245:14: mismatched input '\ifExintVar' expecting {MODALITY, FORALL, EXISTS, '\if', '\ifEx', 'true', 'false', '(', '{', '@', NOT, SEQARROW, '-', STRING_LITERAL, CHAR_LITERAL, BIN_LITERAL, HEX_LITERAL, IDENT, INT_LITERAL, FLOAT_LITERAL, DOUBLE_LITERAL, REAL_LITERAL} [@1658,7109:7119='\ifExintVar',<188>,245:14] (termorseq, taclet, rulesOrAxioms, decls, file) 
93953      WARN  Test worker     d.u.i.k.n.KeYParser       [syntax-error] file:/home/runner/work/key/key/key.core/build/resources/main/de/uka/ilkd/key/proof/rules/ifThenElseRules.key:245:27: extraneous input '(' expecting {'\lemma', '}', IDENT, '/*!'} [@1661,7122:7122='(',<146>,245:27] (rulesOrAxioms, decls, file) 
93953      WARN  Test worker     d.u.i.k.n.KeYParser       [syntax-error] file:/home/runner/work/key/key/key.core/build/resources/main/de/uka/ilkd/key/proof/rules/ifThenElseRules.key:245:31: mismatched input ')' expecting {'(', '{'} [@1663,7126:7126=')',<147>,245:31] (taclet, rulesOrAxioms, decls, file) 
93953      WARN  Test worker     d.u.i.k.n.KeYParser       [syntax-error] file:/home/runner/work/key/key/key.core/build/resources/main/de/uka/ilkd/key/proof/rules/ifThenElseRules.key:248:45: mismatched input '}' expecting {'(', '{'} [@1696,7268:7268='}',<149>,248:45] (taclet, rulesOrAxioms, decls, file) 
93953      WARN  Test worker     d.u.i.k.n.KeYParser       [syntax-error] file:/home/runner/work/key/key/key.core/build/resources/main/de/uka/ilkd/key/proof/rules/ifThenElseRules.key:249:8: extraneous input '\replacewith' expecting {'\lemma', '}', IDENT, '/*!'} [@1701,7284:7295='\replacewith',<105>,249:8] (rulesOrAxioms, decls, file) 
93953      WARN  Test worker     d.u.i.k.n.KeYParser       [syntax-error] file:/home/runner/work/key/key/key.core/build/resources/main/de/uka/ilkd/key/proof/rules/ifThenElseRules.key:249:38: mismatched input ')' expecting {'(', '{'} [@1708,7314:7314=')',<147>,249:38] (taclet, rulesOrAxioms, decls, file) 
93953      WARN  Test worker     d.u.i.k.n.KeYParser       [syntax-error] file:/home/runner/work/key/key/key.core/build/resources/main/de/uka/ilkd/key/proof/rules/ifThenElseRules.key:250:42: mismatched input '}' expecting {'(', '{'} [@1731,7381:7381='}',<149>,250:42] (taclet, rulesOrAxioms, decls, file) 
93953      WARN  Test worker     d.u.i.k.n.KeYParser       [syntax-error] file:/home/runner/work/key/key/key.core/build/resources/main/de/uka/ilkd/key/proof/rules/ifThenElseRules.key:251:28: extraneous input '(' expecting {'\lemma', '}', IDENT, '/*!'} [@1741,7416:7416='(',<146>,251:28] (rulesOrAxioms, decls, file) 
93953      WARN  Test worker     d.u.i.k.n.KeYParser       [syntax-error] file:/home/runner/work/key/key/key.core/build/resources/main/de/uka/ilkd/key/proof/rules/ifThenElseRules.key:251:33: mismatched input '->' expecting {'(', '{'} [@1744,7421:7422='->',<158>,251:33] (taclet, rulesOrAxioms, decls, file) 
93953      WARN  Test worker     d.u.i.k.n.KeYParser       [syntax-error] file:/home/runner/work/key/key/key.core/build/resources/main/de/uka/ilkd/key/proof/rules/ifThenElseRules.key:255:14: mismatched input '\ifExintVar' expecting {MODALITY, FORALL, EXISTS, '\if', '\ifEx', 'true', 'false', '(', '{', '@', NOT, SEQARROW, '-', STRING_LITERAL, CHAR_LITERAL, BIN_LITERAL, HEX_LITERAL, IDENT, INT_LITERAL, FLOAT_LITERAL, DOUBLE_LITERAL, REAL_LITERAL} [@1765,7506:7516='\ifExintVar',<188>,255:14] (termorseq, taclet, rulesOrAxioms, decls, file) 
93959      WARN  Test worker     d.u.i.k.n.KeYParser       [syntax-error] file:/home/runner/work/key/key/key.core/build/resources/main/de/uka/ilkd/key/proof/rules/ifThenElseRules.key:255:27: extraneous input '(' expecting {'\lemma', '}', IDENT, '/*!'} [@1768,7519:7519='(',<146>,255:27] (rulesOrAxioms, decls, file) 
93959      WARN  Test worker     d.u.i.k.n.KeYParser       [syntax-error] file:/home/runner/work/key/key/key.core/build/resources/main/de/uka/ilkd/key/proof/rules/ifThenElseRules.key:255:31: mismatched input ')' expecting {'(', '{'} [@1770,7523:7523=')',<147>,255:31] (taclet, rulesOrAxioms, decls, file) 
93959      WARN  Test worker     d.u.i.k.n.KeYParser       [syntax-error] file:/home/runner/work/key/key/key.core/build/resources/main/de/uka/ilkd/key/proof/rules/ifThenElseRules.key:258:52: extraneous input '0' expecting {'\lemma', '}', IDENT, '/*!'} [@1809,7667:7667='0',<184>,258:52] (rulesOrAxioms, decls, file) 
93960      WARN  Test worker     d.u.i.k.n.KeYParser       [syntax-error] file:/home/runner/work/key/key/key.core/build/resources/main/de/uka/ilkd/key/proof/rules/ifThenElseRules.key:258:54: mismatched input 'then' expecting {<EOF>, '\problem', '\chooseContract', '\proofObligation', '\proof'} [@1811,7669:7672='then',<183>,258:54] (file) 
93987      WARN  Test worker     d.u.i.k.n.KeYParser       [syntax-error] file:/home/runner/work/key/key/key.core/build/resources/main/de/uka/ilkd/key/proof/rules/ifThenElseRules.key:135:14: mismatched input '\ifExintVar' expecting {MODALITY, FORALL, EXISTS, '\if', '\ifEx', 'true', 'false', '(', '{', '@', NOT, SEQARROW, '-', STRING_LITERAL, CHAR_LITERAL, BIN_LITERAL, HEX_LITERAL, IDENT, INT_LITERAL, FLOAT_LITERAL, DOUBLE_LITERAL, REAL_LITERAL} [@745,3563:3573='\ifExintVar',<188>,135:14] (termorseq, taclet, rulesOrAxioms, decls, file) 
93987      WARN  Test worker     d.u.i.k.n.KeYParser       [syntax-error] file:/home/runner/work/key/key/key.core/build/resources/main/de/uka/ilkd/key/proof/rules/ifThenElseRules.key:135:27: extraneous input '(' expecting {'\lemma', '}', IDENT, '/*!'} [@748,3576:3576='(',<146>,135:27] (rulesOrAxioms, decls, file) 
93987      WARN  Test worker     d.u.i.k.n.KeYParser       [syntax-error] file:/home/runner/work/key/key/key.core/build/resources/main/de/uka/ilkd/key/proof/rules/ifThenElseRules.key:135:44: mismatched input ')' expecting {'(', '{'} [@754,3593:3593=')',<147>,135:44] (taclet, rulesOrAxioms, decls, file) 
93987      WARN  Test worker     d.u.i.k.n.KeYParser       [syntax-error] file:/home/runner/work/key/key/key.core/build/resources/main/de/uka/ilkd/key/proof/rules/ifThenElseRules.key:141:14: mismatched input '\ifExintVar' expecting {MODALITY, FORALL, EXISTS, '\if', '\ifEx', 'true', 'false', '(', '{', '@', NOT, SEQARROW, '-', STRING_LITERAL, CHAR_LITERAL, BIN_LITERAL, HEX_LITERAL, IDENT, INT_LITERAL, FLOAT_LITERAL, DOUBLE_LITERAL, REAL_LITERAL} [@780,3716:3726='\ifExintVar',<188>,141:14] (termorseq, taclet, rulesOrAxioms, decls, file) 
93987      WARN  Test worker     d.u.i.k.n.KeYParser       [syntax-error] file:/home/runner/work/key/key/key.core/build/resources/main/de/uka/ilkd/key/proof/rules/ifThenElseRules.key:141:27: extraneous input '(' expecting {'\lemma', '}', IDENT, '/*!'} [@783,3729:3729='(',<146>,141:27] (rulesOrAxioms, decls, file) 
93988      WARN  Test worker     d.u.i.k.n.KeYParser       [syntax-error] file:/home/runner/work/key/key/key.core/build/resources/main/de/uka/ilkd/key/proof/rules/ifThenElseRules.key:141:41: mismatched input ')' expecting {'(', '{'} [@789,3743:3743=')',<147>,141:41] (taclet, rulesOrAxioms, decls, file) 
93988      WARN  Test worker     d.u.i.k.n.KeYParser       [syntax-error] file:/home/runner/work/key/key/key.core/build/resources/main/de/uka/ilkd/key/proof/rules/ifThenElseRules.key:148:14: mismatched input '\ifExintVar' expecting {MODALITY, FORALL, EXISTS, '\if', '\ifEx', 'true', 'false', '(', '{', '@', NOT, SEQARROW, '-', STRING_LITERAL, CHAR_LITERAL, BIN_LITERAL, HEX_LITERAL, IDENT, INT_LITERAL, FLOAT_LITERAL, DOUBLE_LITERAL, REAL_LITERAL} [@819,3896:3906='\ifExintVar',<188>,148:14] (termorseq, taclet, rulesOrAxioms, decls, file) 
93988      WARN  Test worker     d.u.i.k.n.KeYParser       [syntax-error] file:/home/runner/work/key/key/key.core/build/resources/main/de/uka/ilkd/key/proof/rules/ifThenElseRules.key:148:27: extraneous input '(' expecting {'\lemma', '}', IDENT, '/*!'} [@822,3909:3909='(',<146>,148:27] (rulesOrAxioms, decls, file) 
93988      WARN  Test worker     d.u.i.k.n.KeYParser       [syntax-error] file:/home/runner/work/key/key/key.core/build/resources/main/de/uka/ilkd/key/proof/rules/ifThenElseRules.key:148:35: mismatched input '=' expecting {'(', '{'} [@825,3917:3917='=',<159>,148:35] (taclet, rulesOrAxioms, decls, file) 
93988      WARN  Test worker     d.u.i.k.n.KeYParser       [syntax-error] file:/home/runner/work/key/key/key.core/build/resources/main/de/uka/ilkd/key/proof/rules/ifThenElseRules.key:150:38: mismatched input '}' expecting {'(', '{'} [@859,4023:4023='}',<149>,150:38] (taclet, rulesOrAxioms, decls, file) 
93988      WARN  Test worker     d.u.i.k.n.KeYParser       [syntax-error] file:/home/runner/work/key/key/key.core/build/resources/main/de/uka/ilkd/key/proof/rules/ifThenElseRules.key:155:14: mismatched input '\ifExintVar' expecting {MODALITY, FORALL, EXISTS, '\if', '\ifEx', 'true', 'false', '(', '{', '@', NOT, SEQARROW, '-', STRING_LITERAL, CHAR_LITERAL, BIN_LITERAL, HEX_LITERAL, IDENT, INT_LITERAL, FLOAT_LITERAL, DOUBLE_LITERAL, REAL_LITERAL} [@877,4109:4119='\ifExintVar',<188>,155:14] (termorseq, taclet, rulesOrAxioms, decls, file) 
93988      WARN  Test worker     d.u.i.k.n.KeYParser       [syntax-error] file:/home/runner/work/key/key/key.core/build/resources/main/de/uka/ilkd/key/proof/rules/ifThenElseRules.key:155:27: extraneous input '(' expecting {'\lemma', '}', IDENT, '/*!'} [@880,4122:4122='(',<146>,155:27] (rulesOrAxioms, decls, file) 
93988      WARN  Test worker     d.u.i.k.n.KeYParser       [syntax-error] file:/home/runner/work/key/key/key.core/build/resources/main/de/uka/ilkd/key/proof/rules/ifThenElseRules.key:155:35: mismatched input '=' expecting {'(', '{'} [@883,4130:4130='=',<159>,155:35] (taclet, rulesOrAxioms, decls, file) 
93988      WARN  Test worker     d.u.i.k.n.KeYParser       [syntax-error] file:/home/runner/work/key/key/key.core/build/resources/main/de/uka/ilkd/key/proof/rules/ifThenElseRules.key:157:38: mismatched input '}' expecting {'(', '{'} [@917,4230:4230='}',<149>,157:38] (taclet, rulesOrAxioms, decls, file) 
93988      WARN  Test worker     d.u.i.k.n.KeYParser       [syntax-error] file:/home/runner/work/key/key/key.core/build/resources/main/de/uka/ilkd/key/proof/rules/ifThenElseRules.key:163:14: mismatched input '\ifExintVar' expecting {MODALITY, FORALL, EXISTS, '\if', '\ifEx', 'true', 'false', '(', '{', '@', NOT, SEQARROW, '-', STRING_LITERAL, CHAR_LITERAL, BIN_LITERAL, HEX_LITERAL, IDENT, INT_LITERAL, FLOAT_LITERAL, DOUBLE_LITERAL, REAL_LITERAL} [@939,4350:4360='\ifExintVar',<188>,163:14] (termorseq, taclet, rulesOrAxioms, decls, file) 
93988      WARN  Test worker     d.u.i.k.n.KeYParser       [syntax-error] file:/home/runner/work/key/key/key.core/build/resources/main/de/uka/ilkd/key/proof/rules/ifThenElseRules.key:163:27: extraneous input '(' expecting {'\lemma', '}', IDENT, '/*!'} [@942,4363:4363='(',<146>,163:27] (rulesOrAxioms, decls, file) 
93988      WARN  Test worker     d.u.i.k.n.KeYParser       [syntax-error] file:/home/runner/work/key/key/key.core/build/resources/main/de/uka/ilkd/key/proof/rules/ifThenElseRules.key:163:30: mismatched input '=' expecting {'(', '{'} [@945,4366:4366='=',<159>,163:30] (taclet, rulesOrAxioms, decls, file) 
93988      WARN  Test worker     d.u.i.k.n.KeYParser       [syntax-error] file:/home/runner/work/key/key/key.core/build/resources/main/de/uka/ilkd/key/proof/rules/ifThenElseRules.key:165:38: mismatched input '}' expecting {'(', '{'} [@979,4477:4477='}',<149>,165:38] (taclet, rulesOrAxioms, decls, file) 
93988      WARN  Test worker     d.u.i.k.n.KeYParser       [syntax-error] file:/home/runner/work/key/key/key.core/build/resources/main/de/uka/ilkd/key/proof/rules/ifThenElseRules.key:171:14: mismatched input '\ifExintVar' expecting {MODALITY, FORALL, EXISTS, '\if', '\ifEx', 'true', 'false', '(', '{', '@', NOT, SEQARROW, '-', STRING_LITERAL, CHAR_LITERAL, BIN_LITERAL, HEX_LITERAL, IDENT, INT_LITERAL, FLOAT_LITERAL, DOUBLE_LITERAL, REAL_LITERAL} [@1001,4604:4614='\ifExintVar',<188>,171:14] (termorseq, taclet, rulesOrAxioms, decls, file) 
93988      WARN  Test worker     d.u.i.k.n.KeYParser       [syntax-error] file:/home/runner/work/key/key/key.core/build/resources/main/de/uka/ilkd/key/proof/rules/ifThenElseRules.key:171:27: extraneous input '(' expecting {'\lemma', '}', IDENT, '/*!'} [@1004,4617:4617='(',<146>,171:27] (rulesOrAxioms, decls, file) 
93988      WARN  Test worker     d.u.i.k.n.KeYParser       [syntax-error] file:/home/runner/work/key/key/key.core/build/resources/main/de/uka/ilkd/key/proof/rules/ifThenElseRules.key:171:30: mismatched input '=' expecting {'(', '{'} [@1007,4620:4620='=',<159>,171:30] (taclet, rulesOrAxioms, decls, file) 
93988      WARN  Test worker     d.u.i.k.n.KeYParser       [syntax-error] file:/home/runner/work/key/key/key.core/build/resources/main/de/uka/ilkd/key/proof/rules/ifThenElseRules.key:173:38: mismatched input '}' expecting {'(', '{'} [@1041,4725:4725='}',<149>,173:38] (taclet, rulesOrAxioms, decls, file) 
93988      WARN  Test worker     d.u.i.k.n.KeYParser       [syntax-error] file:/home/runner/work/key/key/key.core/build/resources/main/de/uka/ilkd/key/proof/rules/ifThenElseRules.key:179:14: mismatched input '\ifExintVar' expecting {MODALITY, FORALL, EXISTS, '\if', '\ifEx', 'true', 'false', '(', '{', '@', NOT, SEQARROW, '-', STRING_LITERAL, CHAR_LITERAL, BIN_LITERAL, HEX_LITERAL, IDENT, INT_LITERAL, FLOAT_LITERAL, DOUBLE_LITERAL, REAL_LITERAL} [@1063,4848:4858='\ifExintVar',<188>,179:14] (termorseq, taclet, rulesOrAxioms, decls, file) 
93988      WARN  Test worker     d.u.i.k.n.KeYParser       [syntax-error] file:/home/runner/work/key/key/key.core/build/resources/main/de/uka/ilkd/key/proof/rules/ifThenElseRules.key:179:27: extraneous input '(' expecting {'\lemma', '}', IDENT, '/*!'} [@1066,4861:4861='(',<146>,179:27] (rulesOrAxioms, decls, file) 
93988      WARN  Test worker     d.u.i.k.n.KeYParser       [syntax-error] file:/home/runner/work/key/key/key.core/build/resources/main/de/uka/ilkd/key/proof/rules/ifThenElseRules.key:179:32: mismatched input '&' expecting {'(', '{'} [@1069,4866:4866='&',<156>,179:32] (taclet, rulesOrAxioms, decls, file) 
93988      WARN  Test worker     d.u.i.k.n.KeYParser       [syntax-error] file:/home/runner/work/key/key/key.core/build/resources/main/de/uka/ilkd/key/proof/rules/ifThenElseRules.key:181:42: mismatched input '}' expecting {'(', '{'} [@1109,4985:4985='}',<149>,181:42] (taclet, rulesOrAxioms, decls, file) 
93989      WARN  Test worker     d.u.i.k.n.KeYParser       [syntax-error] file:/home/runner/work/key/key/key.core/build/resources/main/de/uka/ilkd/key/proof/rules/ifThenElseRules.key:182:39: mismatched input '}' expecting {'(', '{'} [@1122,5030:5030='}',<149>,182:39] (taclet, rulesOrAxioms, decls, file) 
93989      WARN  Test worker     d.u.i.k.n.KeYParser       [syntax-error] file:/home/runner/work/key/key/key.core/build/resources/main/de/uka/ilkd/key/proof/rules/ifThenElseRules.key:188:14: mismatched input '\ifExintVar' expecting {MODALITY, FORALL, EXISTS, '\if', '\ifEx', 'true', 'false', '(', '{', '@', NOT, SEQARROW, '-', STRING_LITERAL, CHAR_LITERAL, BIN_LITERAL, HEX_LITERAL, IDENT, INT_LITERAL, FLOAT_LITERAL, DOUBLE_LITERAL, REAL_LITERAL} [@1146,5149:5159='\ifExintVar',<188>,188:14] (termorseq, taclet, rulesOrAxioms, decls, file) 
93989      WARN  Test worker     d.u.i.k.n.KeYParser       [syntax-error] file:/home/runner/work/key/key/key.core/build/resources/main/de/uka/ilkd/key/proof/rules/ifThenElseRules.key:188:27: extraneous input '(' expecting {'\lemma', '}', IDENT, '/*!'} [@1149,5162:5162='(',<146>,188:27] (rulesOrAxioms, decls, file) 
93989      WARN  Test worker     d.u.i.k.n.KeYParser       [syntax-error] file:/home/runner/work/key/key/key.core/build/resources/main/de/uka/ilkd/key/proof/rules/ifThenElseRules.key:188:32: mismatched input '&' expecting {'(', '{'} [@1152,5167:5167='&',<156>,188:32] (taclet, rulesOrAxioms, decls, file) 
93989      WARN  Test worker     d.u.i.k.n.KeYParser       [syntax-error] file:/home/runner/work/key/key/key.core/build/resources/main/de/uka/ilkd/key/proof/rules/ifThenElseRules.key:190:42: mismatched input '}' expecting {'(', '{'} [@1192,5280:5280='}',<149>,190:42] (taclet, rulesOrAxioms, decls, file) 
93989      WARN  Test worker     d.u.i.k.n.KeYParser       [syntax-error] file:/home/runner/work/key/key/key.core/build/resources/main/de/uka/ilkd/key/proof/rules/ifThenElseRules.key:191:39: mismatched input '}' expecting {'(', '{'} [@1205,5325:5325='}',<149>,191:39] (taclet, rulesOrAxioms, decls, file) 
93990      WARN  Test worker     d.u.i.k.n.KeYParser       [syntax-error] file:/home/runner/work/key/key/key.core/build/resources/main/de/uka/ilkd/key/proof/rules/ifThenElseRules.key:198:14: mismatched input '\ifExintVar' expecting {MODALITY, FORALL, EXISTS, '\if', '\ifEx', 'true', 'false', '(', '{', '@', NOT, SEQARROW, '-', STRING_LITERAL, CHAR_LITERAL, BIN_LITERAL, HEX_LITERAL, IDENT, INT_LITERAL, FLOAT_LITERAL, DOUBLE_LITERAL, REAL_LITERAL} [@1233,5475:5485='\ifExintVar',<188>,198:14] (termorseq, taclet, rulesOrAxioms, decls, file) 
93990      WARN  Test worker     d.u.i.k.n.KeYParser       [syntax-error] file:/home/runner/work/key/key/key.core/build/resources/main/de/uka/ilkd/key/proof/rules/ifThenElseRules.key:198:27: extraneous input '(' expecting {'\lemma', '}', IDENT, '/*!'} [@1236,5488:5488='(',<146>,198:27] (rulesOrAxioms, decls, file) 
93990      WARN  Test worker     d.u.i.k.n.KeYParser       [syntax-error] file:/home/runner/work/key/key/key.core/build/resources/main/de/uka/ilkd/key/proof/rules/ifThenElseRules.key:198:32: mismatched input '&' expecting {'(', '{'} [@1239,5493:5493='&',<156>,198:32] (taclet, rulesOrAxioms, decls, file) 
93990      WARN  Test worker     d.u.i.k.n.KeYParser       [syntax-error] file:/home/runner/work/key/key/key.core/build/resources/main/de/uka/ilkd/key/proof/rules/ifThenElseRules.key:200:42: mismatched input '}' expecting {'(', '{'} [@1279,5612:5612='}',<149>,200:42] (taclet, rulesOrAxioms, decls, file) 
93990      WARN  Test worker     d.u.i.k.n.KeYParser       [syntax-error] file:/home/runner/work/key/key/key.core/build/resources/main/de/uka/ilkd/key/proof/rules/ifThenElseRules.key:201:39: mismatched input '}' expecting {'(', '{'} [@1292,5657:5657='}',<149>,201:39] (taclet, rulesOrAxioms, decls, file) 
93990      WARN  Test worker     d.u.i.k.n.KeYParser       [syntax-error] file:/home/runner/work/key/key/key.core/build/resources/main/de/uka/ilkd/key/proof/rules/ifThenElseRules.key:208:14: mismatched input '\ifExintVar' expecting {MODALITY, FORALL, EXISTS, '\if', '\ifEx', 'true', 'false', '(', '{', '@', NOT, SEQARROW, '-', STRING_LITERAL, CHAR_LITERAL, BIN_LITERAL, HEX_LITERAL, IDENT, INT_LITERAL, FLOAT_LITERAL, DOUBLE_LITERAL, REAL_LITERAL} [@1320,5817:5827='\ifExintVar',<188>,208:14] (termorseq, taclet, rulesOrAxioms, decls, file) 
93990      WARN  Test worker     d.u.i.k.n.KeYParser       [syntax-error] file:/home/runner/work/key/key/key.core/build/resources/main/de/uka/ilkd/key/proof/rules/ifThenElseRules.key:208:27: extraneous input '(' expecting {'\lemma', '}', IDENT, '/*!'} [@1323,5830:5830='(',<146>,208:27] (rulesOrAxioms, decls, file) 
93991      WARN  Test worker     d.u.i.k.n.KeYParser       [syntax-error] file:/home/runner/work/key/key/key.core/build/resources/main/de/uka/ilkd/key/proof/rules/ifThenElseRules.key:208:32: mismatched input '&' expecting {'(', '{'} [@1326,5835:5835='&',<156>,208:32] (taclet, rulesOrAxioms, decls, file) 
93991      WARN  Test worker     d.u.i.k.n.KeYParser       [syntax-error] file:/home/runner/work/key/key/key.core/build/resources/main/de/uka/ilkd/key/proof/rules/ifThenElseRules.key:210:42: mismatched input '}' expecting {'(', '{'} [@1366,5948:5948='}',<149>,210:42] (taclet, rulesOrAxioms, decls, file) 
93992      WARN  Test worker     d.u.i.k.n.KeYParser       [syntax-error] file:/home/runner/work/key/key/key.core/build/resources/main/de/uka/ilkd/key/proof/rules/ifThenElseRules.key:211:39: mismatched input '}' expecting {'(', '{'} [@1379,5993:5993='}',<149>,211:39] (taclet, rulesOrAxioms, decls, file) 
93992      WARN  Test worker     d.u.i.k.n.KeYParser       [syntax-error] file:/home/runner/work/key/key/key.core/build/resources/main/de/uka/ilkd/key/proof/rules/ifThenElseRules.key:218:14: mismatched input '\ifExintVar' expecting {MODALITY, FORALL, EXISTS, '\if', '\ifEx', 'true', 'false', '(', '{', '@', NOT, SEQARROW, '-', STRING_LITERAL, CHAR_LITERAL, BIN_LITERAL, HEX_LITERAL, IDENT, INT_LITERAL, FLOAT_LITERAL, DOUBLE_LITERAL, REAL_LITERAL} [@1407,6146:6156='\ifExintVar',<188>,218:14] (termorseq, taclet, rulesOrAxioms, decls, file) 
93992      WARN  Test worker     d.u.i.k.n.KeYParser       [syntax-error] file:/home/runner/work/key/key/key.core/build/resources/main/de/uka/ilkd/key/proof/rules/ifThenElseRules.key:218:27: extraneous input '(' expecting {'\lemma', '}', IDENT, '/*!'} [@1410,6159:6159='(',<146>,218:27] (rulesOrAxioms, decls, file) 
93993      WARN  Test worker     d.u.i.k.n.KeYParser       [syntax-error] file:/home/runner/work/key/key/key.core/build/resources/main/de/uka/ilkd/key/proof/rules/ifThenElseRules.key:218:31: mismatched input ')' expecting {'(', '{'} [@1412,6163:6163=')',<147>,218:31] (taclet, rulesOrAxioms, decls, file) 
93993      WARN  Test worker     d.u.i.k.n.KeYParser       [syntax-error] file:/home/runner/work/key/key/key.core/build/resources/main/de/uka/ilkd/key/proof/rules/ifThenElseRules.key:220:44: mismatched input ')' expecting {'(', '{'} [@1444,6275:6275=')',<147>,220:44] (taclet, rulesOrAxioms, decls, file) 
93993      WARN  Test worker     d.u.i.k.n.KeYParser       [syntax-error] file:/home/runner/work/key/key/key.core/build/resources/main/de/uka/ilkd/key/proof/rules/ifThenElseRules.key:225:14: mismatched input '\ifExintVar' expecting {MODALITY, FORALL, EXISTS, '\if', '\ifEx', 'true', 'false', '(', '{', '@', NOT, SEQARROW, '-', STRING_LITERAL, CHAR_LITERAL, BIN_LITERAL, HEX_LITERAL, IDENT, INT_LITERAL, FLOAT_LITERAL, DOUBLE_LITERAL, REAL_LITERAL} [@1471,6389:6399='\ifExintVar',<188>,225:14] (termorseq, taclet, rulesOrAxioms, decls, file) 
93993      WARN  Test worker     d.u.i.k.n.KeYParser       [syntax-error] file:/home/runner/work/key/key/key.core/build/resources/main/de/uka/ilkd/key/proof/rules/ifThenElseRules.key:225:27: extraneous input '(' expecting {'\lemma', '}', IDENT, '/*!'} [@1474,6402:6402='(',<146>,225:27] (rulesOrAxioms, decls, file) 
93993      WARN  Test worker     d.u.i.k.n.KeYParser       [syntax-error] file:/home/runner/work/key/key/key.core/build/resources/main/de/uka/ilkd/key/proof/rules/ifThenElseRules.key:225:31: mismatched input ')' expecting {'(', '{'} [@1476,6406:6406=')',<147>,225:31] (taclet, rulesOrAxioms, decls, file) 
93993      WARN  Test worker     d.u.i.k.n.KeYParser       [syntax-error] file:/home/runner/work/key/key/key.core/build/resources/main/de/uka/ilkd/key/proof/rules/ifThenElseRules.key:227:44: mismatched input ')' expecting {'(', '{'} [@1508,6509:6509=')',<147>,227:44] (taclet, rulesOrAxioms, decls, file) 
93993      WARN  Test worker     d.u.i.k.n.KeYParser       [syntax-error] file:/home/runner/work/key/key/key.core/build/resources/main/de/uka/ilkd/key/proof/rules/ifThenElseRules.key:233:14: mismatched input '\ifExintVar' expecting {MODALITY, FORALL, EXISTS, '\if', '\ifEx', 'true', 'false', '(', '{', '@', NOT, SEQARROW, '-', STRING_LITERAL, CHAR_LITERAL, BIN_LITERAL, HEX_LITERAL, IDENT, INT_LITERAL, FLOAT_LITERAL, DOUBLE_LITERAL, REAL_LITERAL} [@1539,6656:6666='\ifExintVar',<188>,233:14] (termorseq, taclet, rulesOrAxioms, decls, file) 
93993      WARN  Test worker     d.u.i.k.n.KeYParser       [syntax-error] file:/home/runner/work/key/key/key.core/build/resources/main/de/uka/ilkd/key/proof/rules/ifThenElseRules.key:233:27: extraneous input '(' expecting {'\lemma', '}', IDENT, '/*!'} [@1542,6669:6669='(',<146>,233:27] (rulesOrAxioms, decls, file) 
93993      WARN  Test worker     d.u.i.k.n.KeYParser       [syntax-error] file:/home/runner/work/key/key/key.core/build/resources/main/de/uka/ilkd/key/proof/rules/ifThenElseRules.key:233:31: mismatched input ')' expecting {'(', '{'} [@1544,6673:6673=')',<147>,233:31] (taclet, rulesOrAxioms, decls, file) 
93993      WARN  Test worker     d.u.i.k.n.KeYParser       [syntax-error] file:/home/runner/work/key/key/key.core/build/resources/main/de/uka/ilkd/key/proof/rules/ifThenElseRules.key:237:42: mismatched input '}' expecting {'(', '{'} [@1586,6850:6850='}',<149>,237:42] (taclet, rulesOrAxioms, decls, file) 
93994      WARN  Test worker     d.u.i.k.n.KeYParser       [syntax-error] file:/home/runner/work/key/key/key.core/build/resources/main/de/uka/ilkd/key/proof/rules/ifThenElseRules.key:238:34: mismatched input '}' expecting {'(', '{'} [@1599,6891:6891='}',<149>,238:34] (taclet, rulesOrAxioms, decls, file) 
93994      WARN  Test worker     d.u.i.k.n.KeYParser       [syntax-error] file:/home/runner/work/key/key/key.core/build/resources/main/de/uka/ilkd/key/proof/rules/ifThenElseRules.key:239:28: extraneous input '(' expecting {'\lemma', '}', IDENT, '/*!'} [@1608,6925:6925='(',<146>,239:28] (rulesOrAxioms, decls, file) 
93994      WARN  Test worker     d.u.i.k.n.KeYParser       [syntax-error] file:/home/runner/work/key/key/key.core/build/resources/main/de/uka/ilkd/key/proof/rules/ifThenElseRules.key:239:33: mismatched input '->' expecting {'(', '{'} [@1611,6930:6931='->',<158>,239:33] (taclet, rulesOrAxioms, decls, file) 
93994      WARN  Test worker     d.u.i.k.n.KeYParser       [syntax-error] file:/home/runner/work/key/key/key.core/build/resources/main/de/uka/ilkd/key/proof/rules/ifThenElseRules.key:240:8: extraneous input '\replacewith' expecting {'\lemma', '}', IDENT, '/*!'} [@1626,6979:6990='\replacewith',<105>,240:8] (rulesOrAxioms, decls, file) 
93994      WARN  Test worker     d.u.i.k.n.KeYParser       [syntax-error] file:/home/runner/work/key/key/key.core/build/resources/main/de/uka/ilkd/key/proof/rules/ifThenElseRules.key:240:25: mismatched input ')' expecting {'(', '{'} [@1629,6996:6996=')',<147>,240:25] (taclet, rulesOrAxioms, decls, file) 
93994      WARN  Test worker     d.u.i.k.n.KeYParser       [syntax-error] file:/home/runner/work/key/key/key.core/build/resources/main/de/uka/ilkd/key/proof/rules/ifThenElseRules.key:240:56: mismatched input ')' expecting {'(', '{'} [@1642,7027:7027=')',<147>,240:56] (taclet, rulesOrAxioms, decls, file) 
93994      WARN  Test worker     d.u.i.k.n.KeYParser       [syntax-error] file:/home/runner/work/key/key/key.core/build/resources/main/de/uka/ilkd/key/proof/rules/ifThenElseRules.key:245:14: mismatched input '\ifExintVar' expecting {MODALITY, FORALL, EXISTS, '\if', '\ifEx', 'true', 'false', '(', '{', '@', NOT, SEQARROW, '-', STRING_LITERAL, CHAR_LITERAL, BIN_LITERAL, HEX_LITERAL, IDENT, INT_LITERAL, FLOAT_LITERAL, DOUBLE_LITERAL, REAL_LITERAL} [@1658,7109:7119='\ifExintVar',<188>,245:14] (termorseq, taclet, rulesOrAxioms, decls, file) 
93994      WARN  Test worker     d.u.i.k.n.KeYParser       [syntax-error] file:/home/runner/work/key/key/key.core/build/resources/main/de/uka/ilkd/key/proof/rules/ifThenElseRules.key:245:27: extraneous input '(' expecting {'\lemma', '}', IDENT, '/*!'} [@1661,7122:7122='(',<146>,245:27] (rulesOrAxioms, decls, file) 
93994      WARN  Test worker     d.u.i.k.n.KeYParser       [syntax-error] file:/home/runner/work/key/key/key.core/build/resources/main/de/uka/ilkd/key/proof/rules/ifThenElseRules.key:245:31: mismatched input ')' expecting {'(', '{'} [@1663,7126:7126=')',<147>,245:31] (taclet, rulesOrAxioms, decls, file) 
93995      WARN  Test worker     d.u.i.k.n.KeYParser       [syntax-error] file:/home/runner/work/key/key/key.core/build/resources/main/de/uka/ilkd/key/proof/rules/ifThenElseRules.key:248:45: mismatched input '}' expecting {'(', '{'} [@1696,7268:7268='}',<149>,248:45] (taclet, rulesOrAxioms, decls, file) 
93995      WARN  Test worker     d.u.i.k.n.KeYParser       [syntax-error] file:/home/runner/work/key/key/key.core/build/resources/main/de/uka/ilkd/key/proof/rules/ifThenElseRules.key:249:8: extraneous input '\replacewith' expecting {'\lemma', '}', IDENT, '/*!'} [@1701,7284:7295='\replacewith',<105>,249:8] (rulesOrAxioms, decls, file) 
93995      WARN  Test worker     d.u.i.k.n.KeYParser       [syntax-error] file:/home/runner/work/key/key/key.core/build/resources/main/de/uka/ilkd/key/proof/rules/ifThenElseRules.key:249:38: mismatched input ')' expecting {'(', '{'} [@1708,7314:7314=')',<147>,249:38] (taclet, rulesOrAxioms, decls, file) 
93995      WARN  Test worker     d.u.i.k.n.KeYParser       [syntax-error] file:/home/runner/work/key/key/key.core/build/resources/main/de/uka/ilkd/key/proof/rules/ifThenElseRules.key:250:42: mismatched input '}' expecting {'(', '{'} [@1731,7381:7381='}',<149>,250:42] (taclet, rulesOrAxioms, decls, file) 
93995      WARN  Test worker     d.u.i.k.n.KeYParser       [syntax-error] file:/home/runner/work/key/key/key.core/build/resources/main/de/uka/ilkd/key/proof/rules/ifThenElseRules.key:251:28: extraneous input '(' expecting {'\lemma', '}', IDENT, '/*!'} [@1741,7416:7416='(',<146>,251:28] (rulesOrAxioms, decls, file) 
93995      WARN  Test worker     d.u.i.k.n.KeYParser       [syntax-error] file:/home/runner/work/key/key/key.core/build/resources/main/de/uka/ilkd/key/proof/rules/ifThenElseRules.key:251:33: mismatched input '->' expecting {'(', '{'} [@1744,7421:7422='->',<158>,251:33] (taclet, rulesOrAxioms, decls, file) 
93995      WARN  Test worker     d.u.i.k.n.KeYParser       [syntax-error] file:/home/runner/work/key/key/key.core/build/resources/main/de/uka/ilkd/key/proof/rules/ifThenElseRules.key:255:14: mismatched input '\ifExintVar' expecting {MODALITY, FORALL, EXISTS, '\if', '\ifEx', 'true', 'false', '(', '{', '@', NOT, SEQARROW, '-', STRING_LITERAL, CHAR_LITERAL, BIN_LITERAL, HEX_LITERAL, IDENT, INT_LITERAL, FLOAT_LITERAL, DOUBLE_LITERAL, REAL_LITERAL} [@1765,7506:7516='\ifExintVar',<188>,255:14] (termorseq, taclet, rulesOrAxioms, decls, file) 
93995      WARN  Test worker     d.u.i.k.n.KeYParser       [syntax-error] file:/home/runner/work/key/key/key.core/build/resources/main/de/uka/ilkd/key/proof/rules/ifThenElseRules.key:255:27: extraneous input '(' expecting {'\lemma', '}', IDENT, '/*!'} [@1768,7519:7519='(',<146>,255:27] (rulesOrAxioms, decls, file) 
93995      WARN  Test worker     d.u.i.k.n.KeYParser       [syntax-error] file:/home/runner/work/key/key/key.core/build/resources/main/de/uka/ilkd/key/proof/rules/ifThenElseRules.key:255:31: mismatched input ')' expecting {'(', '{'} [@1770,7523:7523=')',<147>,255:31] (taclet, rulesOrAxioms, decls, file) 
93996      WARN  Test worker     d.u.i.k.n.KeYParser       [syntax-error] file:/home/runner/work/key/key/key.core/build/resources/main/de/uka/ilkd/key/proof/rules/ifThenElseRules.key:258:52: extraneous input '0' expecting {'\lemma', '}', IDENT, '/*!'} [@1809,7667:7667='0',<184>,258:52] (rulesOrAxioms, decls, file) 
93996      WARN  Test worker     d.u.i.k.n.KeYParser       [syntax-error] file:/home/runner/work/key/key/key.core/build/resources/main/de/uka/ilkd/key/proof/rules/ifThenElseRules.key:258:54: mismatched input 'then' expecting {<EOF>, '\problem', '\chooseContract', '\proofObligation', '\proof'} [@1811,7669:7672='then',<183>,258:54] (file) 
94072      WARN  Test worker     d.u.i.k.n.KeYParser       [syntax-error] file:/home/runner/work/key/key/key.core/build/resources/main/de/uka/ilkd/key/proof/rules/ifThenElseRules.key:135:14: mismatched input '\ifExintVar' expecting {MODALITY, FORALL, EXISTS, '\if', '\ifEx', 'true', 'false', '(', '{', '@', NOT, SEQARROW, '-', STRING_LITERAL, CHAR_LITERAL, BIN_LITERAL, HEX_LITERAL, IDENT, INT_LITERAL, FLOAT_LITERAL, DOUBLE_LITERAL, REAL_LITERAL} [@745,3563:3573='\ifExintVar',<188>,135:14] (termorseq, taclet, rulesOrAxioms, decls, file) 
94073      WARN  Test worker     d.u.i.k.n.KeYParser       [syntax-error] file:/home/runner/work/key/key/key.core/build/resources/main/de/uka/ilkd/key/proof/rules/ifThenElseRules.key:135:27: extraneous input '(' expecting {'\lemma', '}', IDENT, '/*!'} [@748,3576:3576='(',<146>,135:27] (rulesOrAxioms, decls, file) 
94073      WARN  Test worker     d.u.i.k.n.KeYParser       [syntax-error] file:/home/runner/work/key/key/key.core/build/resources/main/de/uka/ilkd/key/proof/rules/ifThenElseRules.key:135:44: mismatched input ')' expecting {'(', '{'} [@754,3593:3593=')',<147>,135:44] (taclet, rulesOrAxioms, decls, file) 
94073      WARN  Test worker     d.u.i.k.n.KeYParser       [syntax-error] file:/home/runner/work/key/key/key.core/build/resources/main/de/uka/ilkd/key/proof/rules/ifThenElseRules.key:141:14: mismatched input '\ifExintVar' expecting {MODALITY, FORALL, EXISTS, '\if', '\ifEx', 'true', 'false', '(', '{', '@', NOT, SEQARROW, '-', STRING_LITERAL, CHAR_LITERAL, BIN_LITERAL, HEX_LITERAL, IDENT, INT_LITERAL, FLOAT_LITERAL, DOUBLE_LITERAL, REAL_LITERAL} [@780,3716:3726='\ifExintVar',<188>,141:14] (termorseq, taclet, rulesOrAxioms, decls, file) 
94073      WARN  Test worker     d.u.i.k.n.KeYParser       [syntax-error] file:/home/runner/work/key/key/key.core/build/resources/main/de/uka/ilkd/key/proof/rules/ifThenElseRules.key:141:27: extraneous input '(' expecting {'\lemma', '}', IDENT, '/*!'} [@783,3729:3729='(',<146>,141:27] (rulesOrAxioms, decls, file) 
94073      WARN  Test worker     d.u.i.k.n.KeYParser       [syntax-error] file:/home/runner/work/key/key/key.core/build/resources/main/de/uka/ilkd/key/proof/rules/ifThenElseRules.key:141:41: mismatched input ')' expecting {'(', '{'} [@789,3743:3743=')',<147>,141:41] (taclet, rulesOrAxioms, decls, file) 
94073      WARN  Test worker     d.u.i.k.n.KeYParser       [syntax-error] file:/home/runner/work/key/key/key.core/build/resources/main/de/uka/ilkd/key/proof/rules/ifThenElseRules.key:148:14: mismatched input '\ifExintVar' expecting {MODALITY, FORALL, EXISTS, '\if', '\ifEx', 'true', 'false', '(', '{', '@', NOT, SEQARROW, '-', STRING_LITERAL, CHAR_LITERAL, BIN_LITERAL, HEX_LITERAL, IDENT, INT_LITERAL, FLOAT_LITERAL, DOUBLE_LITERAL, REAL_LITERAL} [@819,3896:3906='\ifExintVar',<188>,148:14] (termorseq, taclet, rulesOrAxioms, decls, file) 
94073      WARN  Test worker     d.u.i.k.n.KeYParser       [syntax-error] file:/home/runner/work/key/key/key.core/build/resources/main/de/uka/ilkd/key/proof/rules/ifThenElseRules.key:148:27: extraneous input '(' expecting {'\lemma', '}', IDENT, '/*!'} [@822,3909:3909='(',<146>,148:27] (rulesOrAxioms, decls, file) 
94074      WARN  Test worker     d.u.i.k.n.KeYParser       [syntax-error] file:/home/runner/work/key/key/key.core/build/resources/main/de/uka/ilkd/key/proof/rules/ifThenElseRules.key:148:35: mismatched input '=' expecting {'(', '{'} [@825,3917:3917='=',<159>,148:35] (taclet, rulesOrAxioms, decls, file) 
94074      WARN  Test worker     d.u.i.k.n.KeYParser       [syntax-error] file:/home/runner/work/key/key/key.core/build/resources/main/de/uka/ilkd/key/proof/rules/ifThenElseRules.key:150:38: mismatched input '}' expecting {'(', '{'} [@859,4023:4023='}',<149>,150:38] (taclet, rulesOrAxioms, decls, file) 
94074      WARN  Test worker     d.u.i.k.n.KeYParser       [syntax-error] file:/home/runner/work/key/key/key.core/build/resources/main/de/uka/ilkd/key/proof/rules/ifThenElseRules.key:155:14: mismatched input '\ifExintVar' expecting {MODALITY, FORALL, EXISTS, '\if', '\ifEx', 'true', 'false', '(', '{', '@', NOT, SEQARROW, '-', STRING_LITERAL, CHAR_LITERAL, BIN_LITERAL, HEX_LITERAL, IDENT, INT_LITERAL, FLOAT_LITERAL, DOUBLE_LITERAL, REAL_LITERAL} [@877,4109:4119='\ifExintVar',<188>,155:14] (termorseq, taclet, rulesOrAxioms, decls, file) 
94074      WARN  Test worker     d.u.i.k.n.KeYParser       [syntax-error] file:/home/runner/work/key/key/key.core/build/resources/main/de/uka/ilkd/key/proof/rules/ifThenElseRules.key:155:27: extraneous input '(' expecting {'\lemma', '}', IDENT, '/*!'} [@880,4122:4122='(',<146>,155:27] (rulesOrAxioms, decls, file) 
94074      WARN  Test worker     d.u.i.k.n.KeYParser       [syntax-error] file:/home/runner/work/key/key/key.core/build/resources/main/de/uka/ilkd/key/proof/rules/ifThenElseRules.key:155:35: mismatched input '=' expecting {'(', '{'} [@883,4130:4130='=',<159>,155:35] (taclet, rulesOrAxioms, decls, file) 
94082      WARN  Test worker     d.u.i.k.n.KeYParser       [syntax-error] file:/home/runner/work/key/key/key.core/build/resources/main/de/uka/ilkd/key/proof/rules/ifThenElseRules.key:157:38: mismatched input '}' expecting {'(', '{'} [@917,4230:4230='}',<149>,157:38] (taclet, rulesOrAxioms, decls, file) 
94082      WARN  Test worker     d.u.i.k.n.KeYParser       [syntax-error] file:/home/runner/work/key/key/key.core/build/resources/main/de/uka/ilkd/key/proof/rules/ifThenElseRules.key:163:14: mismatched input '\ifExintVar' expecting {MODALITY, FORALL, EXISTS, '\if', '\ifEx', 'true', 'false', '(', '{', '@', NOT, SEQARROW, '-', STRING_LITERAL, CHAR_LITERAL, BIN_LITERAL, HEX_LITERAL, IDENT, INT_LITERAL, FLOAT_LITERAL, DOUBLE_LITERAL, REAL_LITERAL} [@939,4350:4360='\ifExintVar',<188>,163:14] (termorseq, taclet, rulesOrAxioms, decls, file) 
94083      WARN  Test worker     d.u.i.k.n.KeYParser       [syntax-error] file:/home/runner/work/key/key/key.core/build/resources/main/de/uka/ilkd/key/proof/rules/ifThenElseRules.key:163:27: extraneous input '(' expecting {'\lemma', '}', IDENT, '/*!'} [@942,4363:4363='(',<146>,163:27] (rulesOrAxioms, decls, file) 
94083      WARN  Test worker     d.u.i.k.n.KeYParser       [syntax-error] file:/home/runner/work/key/key/key.core/build/resources/main/de/uka/ilkd/key/proof/rules/ifThenElseRules.key:163:30: mismatched input '=' expecting {'(', '{'} [@945,4366:4366='=',<159>,163:30] (taclet, rulesOrAxioms, decls, file) 
94083      WARN  Test worker     d.u.i.k.n.KeYParser       [syntax-error] file:/home/runner/work/key/key/key.core/build/resources/main/de/uka/ilkd/key/proof/rules/ifThenElseRules.key:165:38: mismatched input '}' expecting {'(', '{'} [@979,4477:4477='}',<149>,165:38] (taclet, rulesOrAxioms, decls, file) 
94083      WARN  Test worker     d.u.i.k.n.KeYParser       [syntax-error] file:/home/runner/work/key/key/key.core/build/resources/main/de/uka/ilkd/key/proof/rules/ifThenElseRules.key:171:14: mismatched input '\ifExintVar' expecting {MODALITY, FORALL, EXISTS, '\if', '\ifEx', 'true', 'false', '(', '{', '@', NOT, SEQARROW, '-', STRING_LITERAL, CHAR_LITERAL, BIN_LITERAL, HEX_LITERAL, IDENT, INT_LITERAL, FLOAT_LITERAL, DOUBLE_LITERAL, REAL_LITERAL} [@1001,4604:4614='\ifExintVar',<188>,171:14] (termorseq, taclet, rulesOrAxioms, decls, file) 
94083      WARN  Test worker     d.u.i.k.n.KeYParser       [syntax-error] file:/home/runner/work/key/key/key.core/build/resources/main/de/uka/ilkd/key/proof/rules/ifThenElseRules.key:171:27: extraneous input '(' expecting {'\lemma', '}', IDENT, '/*!'} [@1004,4617:4617='(',<146>,171:27] (rulesOrAxioms, decls, file) 
94083      WARN  Test worker     d.u.i.k.n.KeYParser       [syntax-error] file:/home/runner/work/key/key/key.core/build/resources/main/de/uka/ilkd/key/proof/rules/ifThenElseRules.key:171:30: mismatched input '=' expecting {'(', '{'} [@1007,4620:4620='=',<159>,171:30] (taclet, rulesOrAxioms, decls, file) 
94083      WARN  Test worker     d.u.i.k.n.KeYParser       [syntax-error] file:/home/runner/work/key/key/key.core/build/resources/main/de/uka/ilkd/key/proof/rules/ifThenElseRules.key:173:38: mismatched input '}' expecting {'(', '{'} [@1041,4725:4725='}',<149>,173:38] (taclet, rulesOrAxioms, decls, file) 
94084      WARN  Test worker     d.u.i.k.n.KeYParser       [syntax-error] file:/home/runner/work/key/key/key.core/build/resources/main/de/uka/ilkd/key/proof/rules/ifThenElseRules.key:179:14: mismatched input '\ifExintVar' expecting {MODALITY, FORALL, EXISTS, '\if', '\ifEx', 'true', 'false', '(', '{', '@', NOT, SEQARROW, '-', STRING_LITERAL, CHAR_LITERAL, BIN_LITERAL, HEX_LITERAL, IDENT, INT_LITERAL, FLOAT_LITERAL, DOUBLE_LITERAL, REAL_LITERAL} [@1063,4848:4858='\ifExintVar',<188>,179:14] (termorseq, taclet, rulesOrAxioms, decls, file) 
94084      WARN  Test worker     d.u.i.k.n.KeYParser       [syntax-error] file:/home/runner/work/key/key/key.core/build/resources/main/de/uka/ilkd/key/proof/rules/ifThenElseRules.key:179:27: extraneous input '(' expecting {'\lemma', '}', IDENT, '/*!'} [@1066,4861:4861='(',<146>,179:27] (rulesOrAxioms, decls, file) 
94084      WARN  Test worker     d.u.i.k.n.KeYParser       [syntax-error] file:/home/runner/work/key/key/key.core/build/resources/main/de/uka/ilkd/key/proof/rules/ifThenElseRules.key:179:32: mismatched input '&' expecting {'(', '{'} [@1069,4866:4866='&',<156>,179:32] (taclet, rulesOrAxioms, decls, file) 
94084      WARN  Test worker     d.u.i.k.n.KeYParser       [syntax-error] file:/home/runner/work/key/key/key.core/build/resources/main/de/uka/ilkd/key/proof/rules/ifThenElseRules.key:181:42: mismatched input '}' expecting {'(', '{'} [@1109,4985:4985='}',<149>,181:42] (taclet, rulesOrAxioms, decls, file) 
94085      WARN  Test worker     d.u.i.k.n.KeYParser       [syntax-error] file:/home/runner/work/key/key/key.core/build/resources/main/de/uka/ilkd/key/proof/rules/ifThenElseRules.key:182:39: mismatched input '}' expecting {'(', '{'} [@1122,5030:5030='}',<149>,182:39] (taclet, rulesOrAxioms, decls, file) 
94085      WARN  Test worker     d.u.i.k.n.KeYParser       [syntax-error] file:/home/runner/work/key/key/key.core/build/resources/main/de/uka/ilkd/key/proof/rules/ifThenElseRules.key:188:14: mismatched input '\ifExintVar' expecting {MODALITY, FORALL, EXISTS, '\if', '\ifEx', 'true', 'false', '(', '{', '@', NOT, SEQARROW, '-', STRING_LITERAL, CHAR_LITERAL, BIN_LITERAL, HEX_LITERAL, IDENT, INT_LITERAL, FLOAT_LITERAL, DOUBLE_LITERAL, REAL_LITERAL} [@1146,5149:5159='\ifExintVar',<188>,188:14] (termorseq, taclet, rulesOrAxioms, decls, file) 
94085      WARN  Test worker     d.u.i.k.n.KeYParser       [syntax-error] file:/home/runner/work/key/key/key.core/build/resources/main/de/uka/ilkd/key/proof/rules/ifThenElseRules.key:188:27: extraneous input '(' expecting {'\lemma', '}', IDENT, '/*!'} [@1149,5162:5162='(',<146>,188:27] (rulesOrAxioms, decls, file) 
94085      WARN  Test worker     d.u.i.k.n.KeYParser       [syntax-error] file:/home/runner/work/key/key/key.core/build/resources/main/de/uka/ilkd/key/proof/rules/ifThenElseRules.key:188:32: mismatched input '&' expecting {'(', '{'} [@1152,5167:5167='&',<156>,188:32] (taclet, rulesOrAxioms, decls, file) 
94085      WARN  Test worker     d.u.i.k.n.KeYParser       [syntax-error] file:/home/runner/work/key/key/key.core/build/resources/main/de/uka/ilkd/key/proof/rules/ifThenElseRules.key:190:42: mismatched input '}' expecting {'(', '{'} [@1192,5280:5280='}',<149>,190:42] (taclet, rulesOrAxioms, decls, file) 
94085      WARN  Test worker     d.u.i.k.n.KeYParser       [syntax-error] file:/home/runner/work/key/key/key.core/build/resources/main/de/uka/ilkd/key/proof/rules/ifThenElseRules.key:191:39: mismatched input '}' expecting {'(', '{'} [@1205,5325:5325='}',<149>,191:39] (taclet, rulesOrAxioms, decls, file) 
94085      WARN  Test worker     d.u.i.k.n.KeYParser       [syntax-error] file:/home/runner/work/key/key/key.core/build/resources/main/de/uka/ilkd/key/proof/rules/ifThenElseRules.key:198:14: mismatched input '\ifExintVar' expecting {MODALITY, FORALL, EXISTS, '\if', '\ifEx', 'true', 'false', '(', '{', '@', NOT, SEQARROW, '-', STRING_LITERAL, CHAR_LITERAL, BIN_LITERAL, HEX_LITERAL, IDENT, INT_LITERAL, FLOAT_LITERAL, DOUBLE_LITERAL, REAL_LITERAL} [@1233,5475:5485='\ifExintVar',<188>,198:14] (termorseq, taclet, rulesOrAxioms, decls, file) 
94086      WARN  Test worker     d.u.i.k.n.KeYParser       [syntax-error] file:/home/runner/work/key/key/key.core/build/resources/main/de/uka/ilkd/key/proof/rules/ifThenElseRules.key:198:27: extraneous input '(' expecting {'\lemma', '}', IDENT, '/*!'} [@1236,5488:5488='(',<146>,198:27] (rulesOrAxioms, decls, file) 
94086      WARN  Test worker     d.u.i.k.n.KeYParser       [syntax-error] file:/home/runner/work/key/key/key.core/build/resources/main/de/uka/ilkd/key/proof/rules/ifThenElseRules.key:198:32: mismatched input '&' expecting {'(', '{'} [@1239,5493:5493='&',<156>,198:32] (taclet, rulesOrAxioms, decls, file) 
94086      WARN  Test worker     d.u.i.k.n.KeYParser       [syntax-error] file:/home/runner/work/key/key/key.core/build/resources/main/de/uka/ilkd/key/proof/rules/ifThenElseRules.key:200:42: mismatched input '}' expecting {'(', '{'} [@1279,5612:5612='}',<149>,200:42] (taclet, rulesOrAxioms, decls, file) 
94086      WARN  Test worker     d.u.i.k.n.KeYParser       [syntax-error] file:/home/runner/work/key/key/key.core/build/resources/main/de/uka/ilkd/key/proof/rules/ifThenElseRules.key:201:39: mismatched input '}' expecting {'(', '{'} [@1292,5657:5657='}',<149>,201:39] (taclet, rulesOrAxioms, decls, file) 
94086      WARN  Test worker     d.u.i.k.n.KeYParser       [syntax-error] file:/home/runner/work/key/key/key.core/build/resources/main/de/uka/ilkd/key/proof/rules/ifThenElseRules.key:208:14: mismatched input '\ifExintVar' expecting {MODALITY, FORALL, EXISTS, '\if', '\ifEx', 'true', 'false', '(', '{', '@', NOT, SEQARROW, '-', STRING_LITERAL, CHAR_LITERAL, BIN_LITERAL, HEX_LITERAL, IDENT, INT_LITERAL, FLOAT_LITERAL, DOUBLE_LITERAL, REAL_LITERAL} [@1320,5817:5827='\ifExintVar',<188>,208:14] (termorseq, taclet, rulesOrAxioms, decls, file) 
94087      WARN  Test worker     d.u.i.k.n.KeYParser       [syntax-error] file:/home/runner/work/key/key/key.core/build/resources/main/de/uka/ilkd/key/proof/rules/ifThenElseRules.key:208:27: extraneous input '(' expecting {'\lemma', '}', IDENT, '/*!'} [@1323,5830:5830='(',<146>,208:27] (rulesOrAxioms, decls, file) 
94087      WARN  Test worker     d.u.i.k.n.KeYParser       [syntax-error] file:/home/runner/work/key/key/key.core/build/resources/main/de/uka/ilkd/key/proof/rules/ifThenElseRules.key:208:32: mismatched input '&' expecting {'(', '{'} [@1326,5835:5835='&',<156>,208:32] (taclet, rulesOrAxioms, decls, file) 
94087      WARN  Test worker     d.u.i.k.n.KeYParser       [syntax-error] file:/home/runner/work/key/key/key.core/build/resources/main/de/uka/ilkd/key/proof/rules/ifThenElseRules.key:210:42: mismatched input '}' expecting {'(', '{'} [@1366,5948:5948='}',<149>,210:42] (taclet, rulesOrAxioms, decls, file) 
94087      WARN  Test worker     d.u.i.k.n.KeYParser       [syntax-error] file:/home/runner/work/key/key/key.core/build/resources/main/de/uka/ilkd/key/proof/rules/ifThenElseRules.key:211:39: mismatched input '}' expecting {'(', '{'} [@1379,5993:5993='}',<149>,211:39] (taclet, rulesOrAxioms, decls, file) 
94087      WARN  Test worker     d.u.i.k.n.KeYParser       [syntax-error] file:/home/runner/work/key/key/key.core/build/resources/main/de/uka/ilkd/key/proof/rules/ifThenElseRules.key:218:14: mismatched input '\ifExintVar' expecting {MODALITY, FORALL, EXISTS, '\if', '\ifEx', 'true', 'false', '(', '{', '@', NOT, SEQARROW, '-', STRING_LITERAL, CHAR_LITERAL, BIN_LITERAL, HEX_LITERAL, IDENT, INT_LITERAL, FLOAT_LITERAL, DOUBLE_LITERAL, REAL_LITERAL} [@1407,6146:6156='\ifExintVar',<188>,218:14] (termorseq, taclet, rulesOrAxioms, decls, file) 
94087      WARN  Test worker     d.u.i.k.n.KeYParser       [syntax-error] file:/home/runner/work/key/key/key.core/build/resources/main/de/uka/ilkd/key/proof/rules/ifThenElseRules.key:218:27: extraneous input '(' expecting {'\lemma', '}', IDENT, '/*!'} [@1410,6159:6159='(',<146>,218:27] (rulesOrAxioms, decls, file) 
94087      WARN  Test worker     d.u.i.k.n.KeYParser       [syntax-error] file:/home/runner/work/key/key/key.core/build/resources/main/de/uka/ilkd/key/proof/rules/ifThenElseRules.key:218:31: mismatched input ')' expecting {'(', '{'} [@1412,6163:6163=')',<147>,218:31] (taclet, rulesOrAxioms, decls, file) 
94087      WARN  Test worker     d.u.i.k.n.KeYParser       [syntax-error] file:/home/runner/work/key/key/key.core/build/resources/main/de/uka/ilkd/key/proof/rules/ifThenElseRules.key:220:44: mismatched input ')' expecting {'(', '{'} [@1444,6275:6275=')',<147>,220:44] (taclet, rulesOrAxioms, decls, file) 
94087      WARN  Test worker     d.u.i.k.n.KeYParser       [syntax-error] file:/home/runner/work/key/key/key.core/build/resources/main/de/uka/ilkd/key/proof/rules/ifThenElseRules.key:225:14: mismatched input '\ifExintVar' expecting {MODALITY, FORALL, EXISTS, '\if', '\ifEx', 'true', 'false', '(', '{', '@', NOT, SEQARROW, '-', STRING_LITERAL, CHAR_LITERAL, BIN_LITERAL, HEX_LITERAL, IDENT, INT_LITERAL, FLOAT_LITERAL, DOUBLE_LITERAL, REAL_LITERAL} [@1471,6389:6399='\ifExintVar',<188>,225:14] (termorseq, taclet, rulesOrAxioms, decls, file) 
94091      WARN  Test worker     d.u.i.k.n.KeYParser       [syntax-error] file:/home/runner/work/key/key/key.core/build/resources/main/de/uka/ilkd/key/proof/rules/ifThenElseRules.key:225:27: extraneous input '(' expecting {'\lemma', '}', IDENT, '/*!'} [@1474,6402:6402='(',<146>,225:27] (rulesOrAxioms, decls, file) 
94092      WARN  Test worker     d.u.i.k.n.KeYParser       [syntax-error] file:/home/runner/work/key/key/key.core/build/resources/main/de/uka/ilkd/key/proof/rules/ifThenElseRules.key:225:31: mismatched input ')' expecting {'(', '{'} [@1476,6406:6406=')',<147>,225:31] (taclet, rulesOrAxioms, decls, file) 
94092      WARN  Test worker     d.u.i.k.n.KeYParser       [syntax-error] file:/home/runner/work/key/key/key.core/build/resources/main/de/uka/ilkd/key/proof/rules/ifThenElseRules.key:227:44: mismatched input ')' expecting {'(', '{'} [@1508,6509:6509=')',<147>,227:44] (taclet, rulesOrAxioms, decls, file) 
94093      WARN  Test worker     d.u.i.k.n.KeYParser       [syntax-error] file:/home/runner/work/key/key/key.core/build/resources/main/de/uka/ilkd/key/proof/rules/ifThenElseRules.key:233:14: mismatched input '\ifExintVar' expecting {MODALITY, FORALL, EXISTS, '\if', '\ifEx', 'true', 'false', '(', '{', '@', NOT, SEQARROW, '-', STRING_LITERAL, CHAR_LITERAL, BIN_LITERAL, HEX_LITERAL, IDENT, INT_LITERAL, FLOAT_LITERAL, DOUBLE_LITERAL, REAL_LITERAL} [@1539,6656:6666='\ifExintVar',<188>,233:14] (termorseq, taclet, rulesOrAxioms, decls, file) 
94093      WARN  Test worker     d.u.i.k.n.KeYParser       [syntax-error] file:/home/runner/work/key/key/key.core/build/resources/main/de/uka/ilkd/key/proof/rules/ifThenElseRules.key:233:27: extraneous input '(' expecting {'\lemma', '}', IDENT, '/*!'} [@1542,6669:6669='(',<146>,233:27] (rulesOrAxioms, decls, file) 
94093      WARN  Test worker     d.u.i.k.n.KeYParser       [syntax-error] file:/home/runner/work/key/key/key.core/build/resources/main/de/uka/ilkd/key/proof/rules/ifThenElseRules.key:233:31: mismatched input ')' expecting {'(', '{'} [@1544,6673:6673=')',<147>,233:31] (taclet, rulesOrAxioms, decls, file) 
94093      WARN  Test worker     d.u.i.k.n.KeYParser       [syntax-error] file:/home/runner/work/key/key/key.core/build/resources/main/de/uka/ilkd/key/proof/rules/ifThenElseRules.key:237:42: mismatched input '}' expecting {'(', '{'} [@1586,6850:6850='}',<149>,237:42] (taclet, rulesOrAxioms, decls, file) 
94093      WARN  Test worker     d.u.i.k.n.KeYParser       [syntax-error] file:/home/runner/work/key/key/key.core/build/resources/main/de/uka/ilkd/key/proof/rules/ifThenElseRules.key:238:34: mismatched input '}' expecting {'(', '{'} [@1599,6891:6891='}',<149>,238:34] (taclet, rulesOrAxioms, decls, file) 
94093      WARN  Test worker     d.u.i.k.n.KeYParser       [syntax-error] file:/home/runner/work/key/key/key.core/build/resources/main/de/uka/ilkd/key/proof/rules/ifThenElseRules.key:239:28: extraneous input '(' expecting {'\lemma', '}', IDENT, '/*!'} [@1608,6925:6925='(',<146>,239:28] (rulesOrAxioms, decls, file) 
94093      WARN  Test worker     d.u.i.k.n.KeYParser       [syntax-error] file:/home/runner/work/key/key/key.core/build/resources/main/de/uka/ilkd/key/proof/rules/ifThenElseRules.key:239:33: mismatched input '->' expecting {'(', '{'} [@1611,6930:6931='->',<158>,239:33] (taclet, rulesOrAxioms, decls, file) 
94093      WARN  Test worker     d.u.i.k.n.KeYParser       [syntax-error] file:/home/runner/work/key/key/key.core/build/resources/main/de/uka/ilkd/key/proof/rules/ifThenElseRules.key:240:8: extraneous input '\replacewith' expecting {'\lemma', '}', IDENT, '/*!'} [@1626,6979:6990='\replacewith',<105>,240:8] (rulesOrAxioms, decls, file) 
94093      WARN  Test worker     d.u.i.k.n.KeYParser       [syntax-error] file:/home/runner/work/key/key/key.core/build/resources/main/de/uka/ilkd/key/proof/rules/ifThenElseRules.key:240:25: mismatched input ')' expecting {'(', '{'} [@1629,6996:6996=')',<147>,240:25] (taclet, rulesOrAxioms, decls, file) 
94094      WARN  Test worker     d.u.i.k.n.KeYParser       [syntax-error] file:/home/runner/work/key/key/key.core/build/resources/main/de/uka/ilkd/key/proof/rules/ifThenElseRules.key:240:56: mismatched input ')' expecting {'(', '{'} [@1642,7027:7027=')',<147>,240:56] (taclet, rulesOrAxioms, decls, file) 
94094      WARN  Test worker     d.u.i.k.n.KeYParser       [syntax-error] file:/home/runner/work/key/key/key.core/build/resources/main/de/uka/ilkd/key/proof/rules/ifThenElseRules.key:245:14: mismatched input '\ifExintVar' expecting {MODALITY, FORALL, EXISTS, '\if', '\ifEx', 'true', 'false', '(', '{', '@', NOT, SEQARROW, '-', STRING_LITERAL, CHAR_LITERAL, BIN_LITERAL, HEX_LITERAL, IDENT, INT_LITERAL, FLOAT_LITERAL, DOUBLE_LITERAL, REAL_LITERAL} [@1658,7109:7119='\ifExintVar',<188>,245:14] (termorseq, taclet, rulesOrAxioms, decls, file) 
94094      WARN  Test worker     d.u.i.k.n.KeYParser       [syntax-error] file:/home/runner/work/key/key/key.core/build/resources/main/de/uka/ilkd/key/proof/rules/ifThenElseRules.key:245:27: extraneous input '(' expecting {'\lemma', '}', IDENT, '/*!'} [@1661,7122:7122='(',<146>,245:27] (rulesOrAxioms, decls, file) 
94094      WARN  Test worker     d.u.i.k.n.KeYParser       [syntax-error] file:/home/runner/work/key/key/key.core/build/resources/main/de/uka/ilkd/key/proof/rules/ifThenElseRules.key:245:31: mismatched input ')' expecting {'(', '{'} [@1663,7126:7126=')',<147>,245:31] (taclet, rulesOrAxioms, decls, file) 
94094      WARN  Test worker     d.u.i.k.n.KeYParser       [syntax-error] file:/home/runner/work/key/key/key.core/build/resources/main/de/uka/ilkd/key/proof/rules/ifThenElseRules.key:248:45: mismatched input '}' expecting {'(', '{'} [@1696,7268:7268='}',<149>,248:45] (taclet, rulesOrAxioms, decls, file) 
94094      WARN  Test worker     d.u.i.k.n.KeYParser       [syntax-error] file:/home/runner/work/key/key/key.core/build/resources/main/de/uka/ilkd/key/proof/rules/ifThenElseRules.key:249:8: extraneous input '\replacewith' expecting {'\lemma', '}', IDENT, '/*!'} [@1701,7284:7295='\replacewith',<105>,249:8] (rulesOrAxioms, decls, file) 
94094      WARN  Test worker     d.u.i.k.n.KeYParser       [syntax-error] file:/home/runner/work/key/key/key.core/build/resources/main/de/uka/ilkd/key/proof/rules/ifThenElseRules.key:249:38: mismatched input ')' expecting {'(', '{'} [@1708,7314:7314=')',<147>,249:38] (taclet, rulesOrAxioms, decls, file) 
94094      WARN  Test worker     d.u.i.k.n.KeYParser       [syntax-error] file:/home/runner/work/key/key/key.core/build/resources/main/de/uka/ilkd/key/proof/rules/ifThenElseRules.key:250:42: mismatched input '}' expecting {'(', '{'} [@1731,7381:7381='}',<149>,250:42] (taclet, rulesOrAxioms, decls, file) 
94094      WARN  Test worker     d.u.i.k.n.KeYParser       [syntax-error] file:/home/runner/work/key/key/key.core/build/resources/main/de/uka/ilkd/key/proof/rules/ifThenElseRules.key:251:28: extraneous input '(' expecting {'\lemma', '}', IDENT, '/*!'} [@1741,7416:7416='(',<146>,251:28] (rulesOrAxioms, decls, file) 
94095      WARN  Test worker     d.u.i.k.n.KeYParser       [syntax-error] file:/home/runner/work/key/key/key.core/build/resources/main/de/uka/ilkd/key/proof/rules/ifThenElseRules.key:251:33: mismatched input '->' expecting {'(', '{'} [@1744,7421:7422='->',<158>,251:33] (taclet, rulesOrAxioms, decls, file) 
94095      WARN  Test worker     d.u.i.k.n.KeYParser       [syntax-error] file:/home/runner/work/key/key/key.core/build/resources/main/de/uka/ilkd/key/proof/rules/ifThenElseRules.key:255:14: mismatched input '\ifExintVar' expecting {MODALITY, FORALL, EXISTS, '\if', '\ifEx', 'true', 'false', '(', '{', '@', NOT, SEQARROW, '-', STRING_LITERAL, CHAR_LITERAL, BIN_LITERAL, HEX_LITERAL, IDENT, INT_LITERAL, FLOAT_LITERAL, DOUBLE_LITERAL, REAL_LITERAL} [@1765,7506:7516='\ifExintVar',<188>,255:14] (termorseq, taclet, rulesOrAxioms, decls, file) 
94095      WARN  Test worker     d.u.i.k.n.KeYParser       [syntax-error] file:/home/runner/work/key/key/key.core/build/resources/main/de/uka/ilkd/key/proof/rules/ifThenElseRules.key:255:27: extraneous input '(' expecting {'\lemma', '}', IDENT, '/*!'} [@1768,7519:7519='(',<146>,255:27] (rulesOrAxioms, decls, file) 
94095      WARN  Test worker     d.u.i.k.n.KeYParser       [syntax-error] file:/home/runner/work/key/key/key.core/build/resources/main/de/uka/ilkd/key/proof/rules/ifThenElseRules.key:255:31: mismatched input ')' expecting {'(', '{'} [@1770,7523:7523=')',<147>,255:31] (taclet, rulesOrAxioms, decls, file) 
94095      WARN  Test worker     d.u.i.k.n.KeYParser       [syntax-error] file:/home/runner/work/key/key/key.core/build/resources/main/de/uka/ilkd/key/proof/rules/ifThenElseRules.key:258:52: extraneous input '0' expecting {'\lemma', '}', IDENT, '/*!'} [@1809,7667:7667='0',<184>,258:52] (rulesOrAxioms, decls, file) 
94095      WARN  Test worker     d.u.i.k.n.KeYParser       [syntax-error] file:/home/runner/work/key/key/key.core/build/resources/main/de/uka/ilkd/key/proof/rules/ifThenElseRules.key:258:54: mismatched input 'then' expecting {<EOF>, '\problem', '\chooseContract', '\proofObligation', '\proof'} [@1811,7669:7672='then',<183>,258:54] (file) 
94160      WARN  Test worker     d.u.i.k.n.KeYParser       [syntax-error] file:/home/runner/work/key/key/key.core/build/resources/main/de/uka/ilkd/key/proof/rules/ifThenElseRules.key:135:14: mismatched input '\ifExintVar' expecting {MODALITY, FORALL, EXISTS, '\if', '\ifEx', 'true', 'false', '(', '{', '@', NOT, SEQARROW, '-', STRING_LITERAL, CHAR_LITERAL, BIN_LITERAL, HEX_LITERAL, IDENT, INT_LITERAL, FLOAT_LITERAL, DOUBLE_LITERAL, REAL_LITERAL} [@745,3563:3573='\ifExintVar',<188>,135:14] (termorseq, taclet, rulesOrAxioms, decls, file) 
94160      WARN  Test worker     d.u.i.k.n.KeYParser       [syntax-error] file:/home/runner/work/key/key/key.core/build/resources/main/de/uka/ilkd/key/proof/rules/ifThenElseRules.key:135:27: extraneous input '(' expecting {'\lemma', '}', IDENT, '/*!'} [@748,3576:3576='(',<146>,135:27] (rulesOrAxioms, decls, file) 
94160      WARN  Test worker     d.u.i.k.n.KeYParser       [syntax-error] file:/home/runner/work/key/key/key.core/build/resources/main/de/uka/ilkd/key/proof/rules/ifThenElseRules.key:135:44: mismatched input ')' expecting {'(', '{'} [@754,3593:3593=')',<147>,135:44] (taclet, rulesOrAxioms, decls, file) 
94160      WARN  Test worker     d.u.i.k.n.KeYParser       [syntax-error] file:/home/runner/work/key/key/key.core/build/resources/main/de/uka/ilkd/key/proof/rules/ifThenElseRules.key:141:14: mismatched input '\ifExintVar' expecting {MODALITY, FORALL, EXISTS, '\if', '\ifEx', 'true', 'false', '(', '{', '@', NOT, SEQARROW, '-', STRING_LITERAL, CHAR_LITERAL, BIN_LITERAL, HEX_LITERAL, IDENT, INT_LITERAL, FLOAT_LITERAL, DOUBLE_LITERAL, REAL_LITERAL} [@780,3716:3726='\ifExintVar',<188>,141:14] (termorseq, taclet, rulesOrAxioms, decls, file) 
94160      WARN  Test worker     d.u.i.k.n.KeYParser       [syntax-error] file:/home/runner/work/key/key/key.core/build/resources/main/de/uka/ilkd/key/proof/rules/ifThenElseRules.key:141:27: extraneous input '(' expecting {'\lemma', '}', IDENT, '/*!'} [@783,3729:3729='(',<146>,141:27] (rulesOrAxioms, decls, file) 
94160      WARN  Test worker     d.u.i.k.n.KeYParser       [syntax-error] file:/home/runner/work/key/key/key.core/build/resources/main/de/uka/ilkd/key/proof/rules/ifThenElseRules.key:141:41: mismatched input ')' expecting {'(', '{'} [@789,3743:3743=')',<147>,141:41] (taclet, rulesOrAxioms, decls, file) 
94160      WARN  Test worker     d.u.i.k.n.KeYParser       [syntax-error] file:/home/runner/work/key/key/key.core/build/resources/main/de/uka/ilkd/key/proof/rules/ifThenElseRules.key:148:14: mismatched input '\ifExintVar' expecting {MODALITY, FORALL, EXISTS, '\if', '\ifEx', 'true', 'false', '(', '{', '@', NOT, SEQARROW, '-', STRING_LITERAL, CHAR_LITERAL, BIN_LITERAL, HEX_LITERAL, IDENT, INT_LITERAL, FLOAT_LITERAL, DOUBLE_LITERAL, REAL_LITERAL} [@819,3896:3906='\ifExintVar',<188>,148:14] (termorseq, taclet, rulesOrAxioms, decls, file) 
94161      WARN  Test worker     d.u.i.k.n.KeYParser       [syntax-error] file:/home/runner/work/key/key/key.core/build/resources/main/de/uka/ilkd/key/proof/rules/ifThenElseRules.key:148:27: extraneous input '(' expecting {'\lemma', '}', IDENT, '/*!'} [@822,3909:3909='(',<146>,148:27] (rulesOrAxioms, decls, file) 
94161      WARN  Test worker     d.u.i.k.n.KeYParser       [syntax-error] file:/home/runner/work/key/key/key.core/build/resources/main/de/uka/ilkd/key/proof/rules/ifThenElseRules.key:148:35: mismatched input '=' expecting {'(', '{'} [@825,3917:3917='=',<159>,148:35] (taclet, rulesOrAxioms, decls, file) 
94161      WARN  Test worker     d.u.i.k.n.KeYParser       [syntax-error] file:/home/runner/work/key/key/key.core/build/resources/main/de/uka/ilkd/key/proof/rules/ifThenElseRules.key:150:38: mismatched input '}' expecting {'(', '{'} [@859,4023:4023='}',<149>,150:38] (taclet, rulesOrAxioms, decls, file) 
94161      WARN  Test worker     d.u.i.k.n.KeYParser       [syntax-error] file:/home/runner/work/key/key/key.core/build/resources/main/de/uka/ilkd/key/proof/rules/ifThenElseRules.key:155:14: mismatched input '\ifExintVar' expecting {MODALITY, FORALL, EXISTS, '\if', '\ifEx', 'true', 'false', '(', '{', '@', NOT, SEQARROW, '-', STRING_LITERAL, CHAR_LITERAL, BIN_LITERAL, HEX_LITERAL, IDENT, INT_LITERAL, FLOAT_LITERAL, DOUBLE_LITERAL, REAL_LITERAL} [@877,4109:4119='\ifExintVar',<188>,155:14] (termorseq, taclet, rulesOrAxioms, decls, file) 
94161      WARN  Test worker     d.u.i.k.n.KeYParser       [syntax-error] file:/home/runner/work/key/key/key.core/build/resources/main/de/uka/ilkd/key/proof/rules/ifThenElseRules.key:155:27: extraneous input '(' expecting {'\lemma', '}', IDENT, '/*!'} [@880,4122:4122='(',<146>,155:27] (rulesOrAxioms, decls, file) 
94161      WARN  Test worker     d.u.i.k.n.KeYParser       [syntax-error] file:/home/runner/work/key/key/key.core/build/resources/main/de/uka/ilkd/key/proof/rules/ifThenElseRules.key:155:35: mismatched input '=' expecting {'(', '{'} [@883,4130:4130='=',<159>,155:35] (taclet, rulesOrAxioms, decls, file) 
94161      WARN  Test worker     d.u.i.k.n.KeYParser       [syntax-error] file:/home/runner/work/key/key/key.core/build/resources/main/de/uka/ilkd/key/proof/rules/ifThenElseRules.key:157:38: mismatched input '}' expecting {'(', '{'} [@917,4230:4230='}',<149>,157:38] (taclet, rulesOrAxioms, decls, file) 
94161      WARN  Test worker     d.u.i.k.n.KeYParser       [syntax-error] file:/home/runner/work/key/key/key.core/build/resources/main/de/uka/ilkd/key/proof/rules/ifThenElseRules.key:163:14: mismatched input '\ifExintVar' expecting {MODALITY, FORALL, EXISTS, '\if', '\ifEx', 'true', 'false', '(', '{', '@', NOT, SEQARROW, '-', STRING_LITERAL, CHAR_LITERAL, BIN_LITERAL, HEX_LITERAL, IDENT, INT_LITERAL, FLOAT_LITERAL, DOUBLE_LITERAL, REAL_LITERAL} [@939,4350:4360='\ifExintVar',<188>,163:14] (termorseq, taclet, rulesOrAxioms, decls, file) 
94161      WARN  Test worker     d.u.i.k.n.KeYParser       [syntax-error] file:/home/runner/work/key/key/key.core/build/resources/main/de/uka/ilkd/key/proof/rules/ifThenElseRules.key:163:27: extraneous input '(' expecting {'\lemma', '}', IDENT, '/*!'} [@942,4363:4363='(',<146>,163:27] (rulesOrAxioms, decls, file) 
94162      WARN  Test worker     d.u.i.k.n.KeYParser       [syntax-error] file:/home/runner/work/key/key/key.core/build/resources/main/de/uka/ilkd/key/proof/rules/ifThenElseRules.key:163:30: mismatched input '=' expecting {'(', '{'} [@945,4366:4366='=',<159>,163:30] (taclet, rulesOrAxioms, decls, file) 
94162      WARN  Test worker     d.u.i.k.n.KeYParser       [syntax-error] file:/home/runner/work/key/key/key.core/build/resources/main/de/uka/ilkd/key/proof/rules/ifThenElseRules.key:165:38: mismatched input '}' expecting {'(', '{'} [@979,4477:4477='}',<149>,165:38] (taclet, rulesOrAxioms, decls, file) 
94162      WARN  Test worker     d.u.i.k.n.KeYParser       [syntax-error] file:/home/runner/work/key/key/key.core/build/resources/main/de/uka/ilkd/key/proof/rules/ifThenElseRules.key:171:14: mismatched input '\ifExintVar' expecting {MODALITY, FORALL, EXISTS, '\if', '\ifEx', 'true', 'false', '(', '{', '@', NOT, SEQARROW, '-', STRING_LITERAL, CHAR_LITERAL, BIN_LITERAL, HEX_LITERAL, IDENT, INT_LITERAL, FLOAT_LITERAL, DOUBLE_LITERAL, REAL_LITERAL} [@1001,4604:4614='\ifExintVar',<188>,171:14] (termorseq, taclet, rulesOrAxioms, decls, file) 
94162      WARN  Test worker     d.u.i.k.n.KeYParser       [syntax-error] file:/home/runner/work/key/key/key.core/build/resources/main/de/uka/ilkd/key/proof/rules/ifThenElseRules.key:171:27: extraneous input '(' expecting {'\lemma', '}', IDENT, '/*!'} [@1004,4617:4617='(',<146>,171:27] (rulesOrAxioms, decls, file) 
94162      WARN  Test worker     d.u.i.k.n.KeYParser       [syntax-error] file:/home/runner/work/key/key/key.core/build/resources/main/de/uka/ilkd/key/proof/rules/ifThenElseRules.key:171:30: mismatched input '=' expecting {'(', '{'} [@1007,4620:4620='=',<159>,171:30] (taclet, rulesOrAxioms, decls, file) 
94162      WARN  Test worker     d.u.i.k.n.KeYParser       [syntax-error] file:/home/runner/work/key/key/key.core/build/resources/main/de/uka/ilkd/key/proof/rules/ifThenElseRules.key:173:38: mismatched input '}' expecting {'(', '{'} [@1041,4725:4725='}',<149>,173:38] (taclet, rulesOrAxioms, decls, file) 
94162      WARN  Test worker     d.u.i.k.n.KeYParser       [syntax-error] file:/home/runner/work/key/key/key.core/build/resources/main/de/uka/ilkd/key/proof/rules/ifThenElseRules.key:179:14: mismatched input '\ifExintVar' expecting {MODALITY, FORALL, EXISTS, '\if', '\ifEx', 'true', 'false', '(', '{', '@', NOT, SEQARROW, '-', STRING_LITERAL, CHAR_LITERAL, BIN_LITERAL, HEX_LITERAL, IDENT, INT_LITERAL, FLOAT_LITERAL, DOUBLE_LITERAL, REAL_LITERAL} [@1063,4848:4858='\ifExintVar',<188>,179:14] (termorseq, taclet, rulesOrAxioms, decls, file) 
94162      WARN  Test worker     d.u.i.k.n.KeYParser       [syntax-error] file:/home/runner/work/key/key/key.core/build/resources/main/de/uka/ilkd/key/proof/rules/ifThenElseRules.key:179:27: extraneous input '(' expecting {'\lemma', '}', IDENT, '/*!'} [@1066,4861:4861='(',<146>,179:27] (rulesOrAxioms, decls, file) 
94162      WARN  Test worker     d.u.i.k.n.KeYParser       [syntax-error] file:/home/runner/work/key/key/key.core/build/resources/main/de/uka/ilkd/key/proof/rules/ifThenElseRules.key:179:32: mismatched input '&' expecting {'(', '{'} [@1069,4866:4866='&',<156>,179:32] (taclet, rulesOrAxioms, decls, file) 
94163      WARN  Test worker     d.u.i.k.n.KeYParser       [syntax-error] file:/home/runner/work/key/key/key.core/build/resources/main/de/uka/ilkd/key/proof/rules/ifThenElseRules.key:181:42: mismatched input '}' expecting {'(', '{'} [@1109,4985:4985='}',<149>,181:42] (taclet, rulesOrAxioms, decls, file) 
94163      WARN  Test worker     d.u.i.k.n.KeYParser       [syntax-error] file:/home/runner/work/key/key/key.core/build/resources/main/de/uka/ilkd/key/proof/rules/ifThenElseRules.key:182:39: mismatched input '}' expecting {'(', '{'} [@1122,5030:5030='}',<149>,182:39] (taclet, rulesOrAxioms, decls, file) 
94163      WARN  Test worker     d.u.i.k.n.KeYParser       [syntax-error] file:/home/runner/work/key/key/key.core/build/resources/main/de/uka/ilkd/key/proof/rules/ifThenElseRules.key:188:14: mismatched input '\ifExintVar' expecting {MODALITY, FORALL, EXISTS, '\if', '\ifEx', 'true', 'false', '(', '{', '@', NOT, SEQARROW, '-', STRING_LITERAL, CHAR_LITERAL, BIN_LITERAL, HEX_LITERAL, IDENT, INT_LITERAL, FLOAT_LITERAL, DOUBLE_LITERAL, REAL_LITERAL} [@1146,5149:5159='\ifExintVar',<188>,188:14] (termorseq, taclet, rulesOrAxioms, decls, file) 
94163      WARN  Test worker     d.u.i.k.n.KeYParser       [syntax-error] file:/home/runner/work/key/key/key.core/build/resources/main/de/uka/ilkd/key/proof/rules/ifThenElseRules.key:188:27: extraneous input '(' expecting {'\lemma', '}', IDENT, '/*!'} [@1149,5162:5162='(',<146>,188:27] (rulesOrAxioms, decls, file) 
94163      WARN  Test worker     d.u.i.k.n.KeYParser       [syntax-error] file:/home/runner/work/key/key/key.core/build/resources/main/de/uka/ilkd/key/proof/rules/ifThenElseRules.key:188:32: mismatched input '&' expecting {'(', '{'} [@1152,5167:5167='&',<156>,188:32] (taclet, rulesOrAxioms, decls, file) 
94163      WARN  Test worker     d.u.i.k.n.KeYParser       [syntax-error] file:/home/runner/work/key/key/key.core/build/resources/main/de/uka/ilkd/key/proof/rules/ifThenElseRules.key:190:42: mismatched input '}' expecting {'(', '{'} [@1192,5280:5280='}',<149>,190:42] (taclet, rulesOrAxioms, decls, file) 
94163      WARN  Test worker     d.u.i.k.n.KeYParser       [syntax-error] file:/home/runner/work/key/key/key.core/build/resources/main/de/uka/ilkd/key/proof/rules/ifThenElseRules.key:191:39: mismatched input '}' expecting {'(', '{'} [@1205,5325:5325='}',<149>,191:39] (taclet, rulesOrAxioms, decls, file) 
94163      WARN  Test worker     d.u.i.k.n.KeYParser       [syntax-error] file:/home/runner/work/key/key/key.core/build/resources/main/de/uka/ilkd/key/proof/rules/ifThenElseRules.key:198:14: mismatched input '\ifExintVar' expecting {MODALITY, FORALL, EXISTS, '\if', '\ifEx', 'true', 'false', '(', '{', '@', NOT, SEQARROW, '-', STRING_LITERAL, CHAR_LITERAL, BIN_LITERAL, HEX_LITERAL, IDENT, INT_LITERAL, FLOAT_LITERAL, DOUBLE_LITERAL, REAL_LITERAL} [@1233,5475:5485='\ifExintVar',<188>,198:14] (termorseq, taclet, rulesOrAxioms, decls, file) 
94163      WARN  Test worker     d.u.i.k.n.KeYParser       [syntax-error] file:/home/runner/work/key/key/key.core/build/resources/main/de/uka/ilkd/key/proof/rules/ifThenElseRules.key:198:27: extraneous input '(' expecting {'\lemma', '}', IDENT, '/*!'} [@1236,5488:5488='(',<146>,198:27] (rulesOrAxioms, decls, file) 
94164      WARN  Test worker     d.u.i.k.n.KeYParser       [syntax-error] file:/home/runner/work/key/key/key.core/build/resources/main/de/uka/ilkd/key/proof/rules/ifThenElseRules.key:198:32: mismatched input '&' expecting {'(', '{'} [@1239,5493:5493='&',<156>,198:32] (taclet, rulesOrAxioms, decls, file) 
94164      WARN  Test worker     d.u.i.k.n.KeYParser       [syntax-error] file:/home/runner/work/key/key/key.core/build/resources/main/de/uka/ilkd/key/proof/rules/ifThenElseRules.key:200:42: mismatched input '}' expecting {'(', '{'} [@1279,5612:5612='}',<149>,200:42] (taclet, rulesOrAxioms, decls, file) 
94164      WARN  Test worker     d.u.i.k.n.KeYParser       [syntax-error] file:/home/runner/work/key/key/key.core/build/resources/main/de/uka/ilkd/key/proof/rules/ifThenElseRules.key:201:39: mismatched input '}' expecting {'(', '{'} [@1292,5657:5657='}',<149>,201:39] (taclet, rulesOrAxioms, decls, file) 
94164      WARN  Test worker     d.u.i.k.n.KeYParser       [syntax-error] file:/home/runner/work/key/key/key.core/build/resources/main/de/uka/ilkd/key/proof/rules/ifThenElseRules.key:208:14: mismatched input '\ifExintVar' expecting {MODALITY, FORALL, EXISTS, '\if', '\ifEx', 'true', 'false', '(', '{', '@', NOT, SEQARROW, '-', STRING_LITERAL, CHAR_LITERAL, BIN_LITERAL, HEX_LITERAL, IDENT, INT_LITERAL, FLOAT_LITERAL, DOUBLE_LITERAL, REAL_LITERAL} [@1320,5817:5827='\ifExintVar',<188>,208:14] (termorseq, taclet, rulesOrAxioms, decls, file) 
94164      WARN  Test worker     d.u.i.k.n.KeYParser       [syntax-error] file:/home/runner/work/key/key/key.core/build/resources/main/de/uka/ilkd/key/proof/rules/ifThenElseRules.key:208:27: extraneous input '(' expecting {'\lemma', '}', IDENT, '/*!'} [@1323,5830:5830='(',<146>,208:27] (rulesOrAxioms, decls, file) 
94164      WARN  Test worker     d.u.i.k.n.KeYParser       [syntax-error] file:/home/runner/work/key/key/key.core/build/resources/main/de/uka/ilkd/key/proof/rules/ifThenElseRules.key:208:32: mismatched input '&' expecting {'(', '{'} [@1326,5835:5835='&',<156>,208:32] (taclet, rulesOrAxioms, decls, file) 
94164      WARN  Test worker     d.u.i.k.n.KeYParser       [syntax-error] file:/home/runner/work/key/key/key.core/build/resources/main/de/uka/ilkd/key/proof/rules/ifThenElseRules.key:210:42: mismatched input '}' expecting {'(', '{'} [@1366,5948:5948='}',<149>,210:42] (taclet, rulesOrAxioms, decls, file) 
94164      WARN  Test worker     d.u.i.k.n.KeYParser       [syntax-error] file:/home/runner/work/key/key/key.core/build/resources/main/de/uka/ilkd/key/proof/rules/ifThenElseRules.key:211:39: mismatched input '}' expecting {'(', '{'} [@1379,5993:5993='}',<149>,211:39] (taclet, rulesOrAxioms, decls, file) 
94164      WARN  Test worker     d.u.i.k.n.KeYParser       [syntax-error] file:/home/runner/work/key/key/key.core/build/resources/main/de/uka/ilkd/key/proof/rules/ifThenElseRules.key:218:14: mismatched input '\ifExintVar' expecting {MODALITY, FORALL, EXISTS, '\if', '\ifEx', 'true', 'false', '(', '{', '@', NOT, SEQARROW, '-', STRING_LITERAL, CHAR_LITERAL, BIN_LITERAL, HEX_LITERAL, IDENT, INT_LITERAL, FLOAT_LITERAL, DOUBLE_LITERAL, REAL_LITERAL} [@1407,6146:6156='\ifExintVar',<188>,218:14] (termorseq, taclet, rulesOrAxioms, decls, file) 
94164      WARN  Test worker     d.u.i.k.n.KeYParser       [syntax-error] file:/home/runner/work/key/key/key.core/build/resources/main/de/uka/ilkd/key/proof/rules/ifThenElseRules.key:218:27: extraneous input '(' expecting {'\lemma', '}', IDENT, '/*!'} [@1410,6159:6159='(',<146>,218:27] (rulesOrAxioms, decls, file) 
94165      WARN  Test worker     d.u.i.k.n.KeYParser       [syntax-error] file:/home/runner/work/key/key/key.core/build/resources/main/de/uka/ilkd/key/proof/rules/ifThenElseRules.key:218:31: mismatched input ')' expecting {'(', '{'} [@1412,6163:6163=')',<147>,218:31] (taclet, rulesOrAxioms, decls, file) 
94165      WARN  Test worker     d.u.i.k.n.KeYParser       [syntax-error] file:/home/runner/work/key/key/key.core/build/resources/main/de/uka/ilkd/key/proof/rules/ifThenElseRules.key:220:44: mismatched input ')' expecting {'(', '{'} [@1444,6275:6275=')',<147>,220:44] (taclet, rulesOrAxioms, decls, file) 
94165      WARN  Test worker     d.u.i.k.n.KeYParser       [syntax-error] file:/home/runner/work/key/key/key.core/build/resources/main/de/uka/ilkd/key/proof/rules/ifThenElseRules.key:225:14: mismatched input '\ifExintVar' expecting {MODALITY, FORALL, EXISTS, '\if', '\ifEx', 'true', 'false', '(', '{', '@', NOT, SEQARROW, '-', STRING_LITERAL, CHAR_LITERAL, BIN_LITERAL, HEX_LITERAL, IDENT, INT_LITERAL, FLOAT_LITERAL, DOUBLE_LITERAL, REAL_LITERAL} [@1471,6389:6399='\ifExintVar',<188>,225:14] (termorseq, taclet, rulesOrAxioms, decls, file) 
94165      WARN  Test worker     d.u.i.k.n.KeYParser       [syntax-error] file:/home/runner/work/key/key/key.core/build/resources/main/de/uka/ilkd/key/proof/rules/ifThenElseRules.key:225:27: extraneous input '(' expecting {'\lemma', '}', IDENT, '/*!'} [@1474,6402:6402='(',<146>,225:27] (rulesOrAxioms, decls, file) 
94165      WARN  Test worker     d.u.i.k.n.KeYParser       [syntax-error] file:/home/runner/work/key/key/key.core/build/resources/main/de/uka/ilkd/key/proof/rules/ifThenElseRules.key:225:31: mismatched input ')' expecting {'(', '{'} [@1476,6406:6406=')',<147>,225:31] (taclet, rulesOrAxioms, decls, file) 
94165      WARN  Test worker     d.u.i.k.n.KeYParser       [syntax-error] file:/home/runner/work/key/key/key.core/build/resources/main/de/uka/ilkd/key/proof/rules/ifThenElseRules.key:227:44: mismatched input ')' expecting {'(', '{'} [@1508,6509:6509=')',<147>,227:44] (taclet, rulesOrAxioms, decls, file) 
94165      WARN  Test worker     d.u.i.k.n.KeYParser       [syntax-error] file:/home/runner/work/key/key/key.core/build/resources/main/de/uka/ilkd/key/proof/rules/ifThenElseRules.key:233:14: mismatched input '\ifExintVar' expecting {MODALITY, FORALL, EXISTS, '\if', '\ifEx', 'true', 'false', '(', '{', '@', NOT, SEQARROW, '-', STRING_LITERAL, CHAR_LITERAL, BIN_LITERAL, HEX_LITERAL, IDENT, INT_LITERAL, FLOAT_LITERAL, DOUBLE_LITERAL, REAL_LITERAL} [@1539,6656:6666='\ifExintVar',<188>,233:14] (termorseq, taclet, rulesOrAxioms, decls, file) 
94165      WARN  Test worker     d.u.i.k.n.KeYParser       [syntax-error] file:/home/runner/work/key/key/key.core/build/resources/main/de/uka/ilkd/key/proof/rules/ifThenElseRules.key:233:27: extraneous input '(' expecting {'\lemma', '}', IDENT, '/*!'} [@1542,6669:6669='(',<146>,233:27] (rulesOrAxioms, decls, file) 
94165      WARN  Test worker     d.u.i.k.n.KeYParser       [syntax-error] file:/home/runner/work/key/key/key.core/build/resources/main/de/uka/ilkd/key/proof/rules/ifThenElseRules.key:233:31: mismatched input ')' expecting {'(', '{'} [@1544,6673:6673=')',<147>,233:31] (taclet, rulesOrAxioms, decls, file) 
94166      WARN  Test worker     d.u.i.k.n.KeYParser       [syntax-error] file:/home/runner/work/key/key/key.core/build/resources/main/de/uka/ilkd/key/proof/rules/ifThenElseRules.key:237:42: mismatched input '}' expecting {'(', '{'} [@1586,6850:6850='}',<149>,237:42] (taclet, rulesOrAxioms, decls, file) 
94166      WARN  Test worker     d.u.i.k.n.KeYParser       [syntax-error] file:/home/runner/work/key/key/key.core/build/resources/main/de/uka/ilkd/key/proof/rules/ifThenElseRules.key:238:34: mismatched input '}' expecting {'(', '{'} [@1599,6891:6891='}',<149>,238:34] (taclet, rulesOrAxioms, decls, file) 
94166      WARN  Test worker     d.u.i.k.n.KeYParser       [syntax-error] file:/home/runner/work/key/key/key.core/build/resources/main/de/uka/ilkd/key/proof/rules/ifThenElseRules.key:239:28: extraneous input '(' expecting {'\lemma', '}', IDENT, '/*!'} [@1608,6925:6925='(',<146>,239:28] (rulesOrAxioms, decls, file) 
94166      WARN  Test worker     d.u.i.k.n.KeYParser       [syntax-error] file:/home/runner/work/key/key/key.core/build/resources/main/de/uka/ilkd/key/proof/rules/ifThenElseRules.key:239:33: mismatched input '->' expecting {'(', '{'} [@1611,6930:6931='->',<158>,239:33] (taclet, rulesOrAxioms, decls, file) 
94166      WARN  Test worker     d.u.i.k.n.KeYParser       [syntax-error] file:/home/runner/work/key/key/key.core/build/resources/main/de/uka/ilkd/key/proof/rules/ifThenElseRules.key:240:8: extraneous input '\replacewith' expecting {'\lemma', '}', IDENT, '/*!'} [@1626,6979:6990='\replacewith',<105>,240:8] (rulesOrAxioms, decls, file) 
94166      WARN  Test worker     d.u.i.k.n.KeYParser       [syntax-error] file:/home/runner/work/key/key/key.core/build/resources/main/de/uka/ilkd/key/proof/rules/ifThenElseRules.key:240:25: mismatched input ')' expecting {'(', '{'} [@1629,6996:6996=')',<147>,240:25] (taclet, rulesOrAxioms, decls, file) 
94166      WARN  Test worker     d.u.i.k.n.KeYParser       [syntax-error] file:/home/runner/work/key/key/key.core/build/resources/main/de/uka/ilkd/key/proof/rules/ifThenElseRules.key:240:56: mismatched input ')' expecting {'(', '{'} [@1642,7027:7027=')',<147>,240:56] (taclet, rulesOrAxioms, decls, file) 
94166      WARN  Test worker     d.u.i.k.n.KeYParser       [syntax-error] file:/home/runner/work/key/key/key.core/build/resources/main/de/uka/ilkd/key/proof/rules/ifThenElseRules.key:245:14: mismatched input '\ifExintVar' expecting {MODALITY, FORALL, EXISTS, '\if', '\ifEx', 'true', 'false', '(', '{', '@', NOT, SEQARROW, '-', STRING_LITERAL, CHAR_LITERAL, BIN_LITERAL, HEX_LITERAL, IDENT, INT_LITERAL, FLOAT_LITERAL, DOUBLE_LITERAL, REAL_LITERAL} [@1658,7109:7119='\ifExintVar',<188>,245:14] (termorseq, taclet, rulesOrAxioms, decls, file) 
94166      WARN  Test worker     d.u.i.k.n.KeYParser       [syntax-error] file:/home/runner/work/key/key/key.core/build/resources/main/de/uka/ilkd/key/proof/rules/ifThenElseRules.key:245:27: extraneous input '(' expecting {'\lemma', '}', IDENT, '/*!'} [@1661,7122:7122='(',<146>,245:27] (rulesOrAxioms, decls, file) 
94166      WARN  Test worker     d.u.i.k.n.KeYParser       [syntax-error] file:/home/runner/work/key/key/key.core/build/resources/main/de/uka/ilkd/key/proof/rules/ifThenElseRules.key:245:31: mismatched input ')' expecting {'(', '{'} [@1663,7126:7126=')',<147>,245:31] (taclet, rulesOrAxioms, decls, file) 
94167      WARN  Test worker     d.u.i.k.n.KeYParser       [syntax-error] file:/home/runner/work/key/key/key.core/build/resources/main/de/uka/ilkd/key/proof/rules/ifThenElseRules.key:248:45: mismatched input '}' expecting {'(', '{'} [@1696,7268:7268='}',<149>,248:45] (taclet, rulesOrAxioms, decls, file) 
94167      WARN  Test worker     d.u.i.k.n.KeYParser       [syntax-error] file:/home/runner/work/key/key/key.core/build/resources/main/de/uka/ilkd/key/proof/rules/ifThenElseRules.key:249:8: extraneous input '\replacewith' expecting {'\lemma', '}', IDENT, '/*!'} [@1701,7284:7295='\replacewith',<105>,249:8] (rulesOrAxioms, decls, file) 
94167      WARN  Test worker     d.u.i.k.n.KeYParser       [syntax-error] file:/home/runner/work/key/key/key.core/build/resources/main/de/uka/ilkd/key/proof/rules/ifThenElseRules.key:249:38: mismatched input ')' expecting {'(', '{'} [@1708,7314:7314=')',<147>,249:38] (taclet, rulesOrAxioms, decls, file) 
94167      WARN  Test worker     d.u.i.k.n.KeYParser       [syntax-error] file:/home/runner/work/key/key/key.core/build/resources/main/de/uka/ilkd/key/proof/rules/ifThenElseRules.key:250:42: mismatched input '}' expecting {'(', '{'} [@1731,7381:7381='}',<149>,250:42] (taclet, rulesOrAxioms, decls, file) 
94167      WARN  Test worker     d.u.i.k.n.KeYParser       [syntax-error] file:/home/runner/work/key/key/key.core/build/resources/main/de/uka/ilkd/key/proof/rules/ifThenElseRules.key:251:28: extraneous input '(' expecting {'\lemma', '}', IDENT, '/*!'} [@1741,7416:7416='(',<146>,251:28] (rulesOrAxioms, decls, file) 
94167      WARN  Test worker     d.u.i.k.n.KeYParser       [syntax-error] file:/home/runner/work/key/key/key.core/build/resources/main/de/uka/ilkd/key/proof/rules/ifThenElseRules.key:251:33: mismatched input '->' expecting {'(', '{'} [@1744,7421:7422='->',<158>,251:33] (taclet, rulesOrAxioms, decls, file) 
94167      WARN  Test worker     d.u.i.k.n.KeYParser       [syntax-error] file:/home/runner/work/key/key/key.core/build/resources/main/de/uka/ilkd/key/proof/rules/ifThenElseRules.key:255:14: mismatched input '\ifExintVar' expecting {MODALITY, FORALL, EXISTS, '\if', '\ifEx', 'true', 'false', '(', '{', '@', NOT, SEQARROW, '-', STRING_LITERAL, CHAR_LITERAL, BIN_LITERAL, HEX_LITERAL, IDENT, INT_LITERAL, FLOAT_LITERAL, DOUBLE_LITERAL, REAL_LITERAL} [@1765,7506:7516='\ifExintVar',<188>,255:14] (termorseq, taclet, rulesOrAxioms, decls, file) 
94167      WARN  Test worker     d.u.i.k.n.KeYParser       [syntax-error] file:/home/runner/work/key/key/key.core/build/resources/main/de/uka/ilkd/key/proof/rules/ifThenElseRules.key:255:27: extraneous input '(' expecting {'\lemma', '}', IDENT, '/*!'} [@1768,7519:7519='(',<146>,255:27] (rulesOrAxioms, decls, file) 
94167      WARN  Test worker     d.u.i.k.n.KeYParser       [syntax-error] file:/home/runner/work/key/key/key.core/build/resources/main/de/uka/ilkd/key/proof/rules/ifThenElseRules.key:255:31: mismatched input ')' expecting {'(', '{'} [@1770,7523:7523=')',<147>,255:31] (taclet, rulesOrAxioms, decls, file) 
94167      WARN  Test worker     d.u.i.k.n.KeYParser       [syntax-error] file:/home/runner/work/key/key/key.core/build/resources/main/de/uka/ilkd/key/proof/rules/ifThenElseRules.key:258:52: extraneous input '0' expecting {'\lemma', '}', IDENT, '/*!'} [@1809,7667:7667='0',<184>,258:52] (rulesOrAxioms, decls, file) 
94168      WARN  Test worker     d.u.i.k.n.KeYParser       [syntax-error] file:/home/runner/work/key/key/key.core/build/resources/main/de/uka/ilkd/key/proof/rules/ifThenElseRules.key:258:54: mismatched input 'then' expecting {<EOF>, '\problem', '\chooseContract', '\proofObligation', '\proof'} [@1811,7669:7672='then',<183>,258:54] (file) 
94205      WARN  Test worker     d.u.i.k.n.KeYParser       [syntax-error] file:/home/runner/work/key/key/key.core/build/resources/main/de/uka/ilkd/key/proof/rules/ifThenElseRules.key:135:14: mismatched input '\ifExintVar' expecting {MODALITY, FORALL, EXISTS, '\if', '\ifEx', 'true', 'false', '(', '{', '@', NOT, SEQARROW, '-', STRING_LITERAL, CHAR_LITERAL, BIN_LITERAL, HEX_LITERAL, IDENT, INT_LITERAL, FLOAT_LITERAL, DOUBLE_LITERAL, REAL_LITERAL} [@745,3563:3573='\ifExintVar',<188>,135:14] (termorseq, taclet, rulesOrAxioms, decls, file) 
94205      WARN  Test worker     d.u.i.k.n.KeYParser       [syntax-error] file:/home/runner/work/key/key/key.core/build/resources/main/de/uka/ilkd/key/proof/rules/ifThenElseRules.key:135:27: extraneous input '(' expecting {'\lemma', '}', IDENT, '/*!'} [@748,3576:3576='(',<146>,135:27] (rulesOrAxioms, decls, file) 
94205      WARN  Test worker     d.u.i.k.n.KeYParser       [syntax-error] file:/home/runner/work/key/key/key.core/build/resources/main/de/uka/ilkd/key/proof/rules/ifThenElseRules.key:135:44: mismatched input ')' expecting {'(', '{'} [@754,3593:3593=')',<147>,135:44] (taclet, rulesOrAxioms, decls, file) 
94205      WARN  Test worker     d.u.i.k.n.KeYParser       [syntax-error] file:/home/runner/work/key/key/key.core/build/resources/main/de/uka/ilkd/key/proof/rules/ifThenElseRules.key:141:14: mismatched input '\ifExintVar' expecting {MODALITY, FORALL, EXISTS, '\if', '\ifEx', 'true', 'false', '(', '{', '@', NOT, SEQARROW, '-', STRING_LITERAL, CHAR_LITERAL, BIN_LITERAL, HEX_LITERAL, IDENT, INT_LITERAL, FLOAT_LITERAL, DOUBLE_LITERAL, REAL_LITERAL} [@780,3716:3726='\ifExintVar',<188>,141:14] (termorseq, taclet, rulesOrAxioms, decls, file) 
94206      WARN  Test worker     d.u.i.k.n.KeYParser       [syntax-error] file:/home/runner/work/key/key/key.core/build/resources/main/de/uka/ilkd/key/proof/rules/ifThenElseRules.key:141:27: extraneous input '(' expecting {'\lemma', '}', IDENT, '/*!'} [@783,3729:3729='(',<146>,141:27] (rulesOrAxioms, decls, file) 
94206      WARN  Test worker     d.u.i.k.n.KeYParser       [syntax-error] file:/home/runner/work/key/key/key.core/build/resources/main/de/uka/ilkd/key/proof/rules/ifThenElseRules.key:141:41: mismatched input ')' expecting {'(', '{'} [@789,3743:3743=')',<147>,141:41] (taclet, rulesOrAxioms, decls, file) 
94206      WARN  Test worker     d.u.i.k.n.KeYParser       [syntax-error] file:/home/runner/work/key/key/key.core/build/resources/main/de/uka/ilkd/key/proof/rules/ifThenElseRules.key:148:14: mismatched input '\ifExintVar' expecting {MODALITY, FORALL, EXISTS, '\if', '\ifEx', 'true', 'false', '(', '{', '@', NOT, SEQARROW, '-', STRING_LITERAL, CHAR_LITERAL, BIN_LITERAL, HEX_LITERAL, IDENT, INT_LITERAL, FLOAT_LITERAL, DOUBLE_LITERAL, REAL_LITERAL} [@819,3896:3906='\ifExintVar',<188>,148:14] (termorseq, taclet, rulesOrAxioms, decls, file) 
94206      WARN  Test worker     d.u.i.k.n.KeYParser       [syntax-error] file:/home/runner/work/key/key/key.core/build/resources/main/de/uka/ilkd/key/proof/rules/ifThenElseRules.key:148:27: extraneous input '(' expecting {'\lemma', '}', IDENT, '/*!'} [@822,3909:3909='(',<146>,148:27] (rulesOrAxioms, decls, file) 
94206      WARN  Test worker     d.u.i.k.n.KeYParser       [syntax-error] file:/home/runner/work/key/key/key.core/build/resources/main/de/uka/ilkd/key/proof/rules/ifThenElseRules.key:148:35: mismatched input '=' expecting {'(', '{'} [@825,3917:3917='=',<159>,148:35] (taclet, rulesOrAxioms, decls, file) 
94206      WARN  Test worker     d.u.i.k.n.KeYParser       [syntax-error] file:/home/runner/work/key/key/key.core/build/resources/main/de/uka/ilkd/key/proof/rules/ifThenElseRules.key:150:38: mismatched input '}' expecting {'(', '{'} [@859,4023:4023='}',<149>,150:38] (taclet, rulesOrAxioms, decls, file) 
94206      WARN  Test worker     d.u.i.k.n.KeYParser       [syntax-error] file:/home/runner/work/key/key/key.core/build/resources/main/de/uka/ilkd/key/proof/rules/ifThenElseRules.key:155:14: mismatched input '\ifExintVar' expecting {MODALITY, FORALL, EXISTS, '\if', '\ifEx', 'true', 'false', '(', '{', '@', NOT, SEQARROW, '-', STRING_LITERAL, CHAR_LITERAL, BIN_LITERAL, HEX_LITERAL, IDENT, INT_LITERAL, FLOAT_LITERAL, DOUBLE_LITERAL, REAL_LITERAL} [@877,4109:4119='\ifExintVar',<188>,155:14] (termorseq, taclet, rulesOrAxioms, decls, file) 
94206      WARN  Test worker     d.u.i.k.n.KeYParser       [syntax-error] file:/home/runner/work/key/key/key.core/build/resources/main/de/uka/ilkd/key/proof/rules/ifThenElseRules.key:155:27: extraneous input '(' expecting {'\lemma', '}', IDENT, '/*!'} [@880,4122:4122='(',<146>,155:27] (rulesOrAxioms, decls, file) 
94207      WARN  Test worker     d.u.i.k.n.KeYParser       [syntax-error] file:/home/runner/work/key/key/key.core/build/resources/main/de/uka/ilkd/key/proof/rules/ifThenElseRules.key:155:35: mismatched input '=' expecting {'(', '{'} [@883,4130:4130='=',<159>,155:35] (taclet, rulesOrAxioms, decls, file) 
94207      WARN  Test worker     d.u.i.k.n.KeYParser       [syntax-error] file:/home/runner/work/key/key/key.core/build/resources/main/de/uka/ilkd/key/proof/rules/ifThenElseRules.key:157:38: mismatched input '}' expecting {'(', '{'} [@917,4230:4230='}',<149>,157:38] (taclet, rulesOrAxioms, decls, file) 
94207      WARN  Test worker     d.u.i.k.n.KeYParser       [syntax-error] file:/home/runner/work/key/key/key.core/build/resources/main/de/uka/ilkd/key/proof/rules/ifThenElseRules.key:163:14: mismatched input '\ifExintVar' expecting {MODALITY, FORALL, EXISTS, '\if', '\ifEx', 'true', 'false', '(', '{', '@', NOT, SEQARROW, '-', STRING_LITERAL, CHAR_LITERAL, BIN_LITERAL, HEX_LITERAL, IDENT, INT_LITERAL, FLOAT_LITERAL, DOUBLE_LITERAL, REAL_LITERAL} [@939,4350:4360='\ifExintVar',<188>,163:14] (termorseq, taclet, rulesOrAxioms, decls, file) 
94207      WARN  Test worker     d.u.i.k.n.KeYParser       [syntax-error] file:/home/runner/work/key/key/key.core/build/resources/main/de/uka/ilkd/key/proof/rules/ifThenElseRules.key:163:27: extraneous input '(' expecting {'\lemma', '}', IDENT, '/*!'} [@942,4363:4363='(',<146>,163:27] (rulesOrAxioms, decls, file) 
94207      WARN  Test worker     d.u.i.k.n.KeYParser       [syntax-error] file:/home/runner/work/key/key/key.core/build/resources/main/de/uka/ilkd/key/proof/rules/ifThenElseRules.key:163:30: mismatched input '=' expecting {'(', '{'} [@945,4366:4366='=',<159>,163:30] (taclet, rulesOrAxioms, decls, file) 
94207      WARN  Test worker     d.u.i.k.n.KeYParser       [syntax-error] file:/home/runner/work/key/key/key.core/build/resources/main/de/uka/ilkd/key/proof/rules/ifThenElseRules.key:165:38: mismatched input '}' expecting {'(', '{'} [@979,4477:4477='}',<149>,165:38] (taclet, rulesOrAxioms, decls, file) 
94207      WARN  Test worker     d.u.i.k.n.KeYParser       [syntax-error] file:/home/runner/work/key/key/key.core/build/resources/main/de/uka/ilkd/key/proof/rules/ifThenElseRules.key:171:14: mismatched input '\ifExintVar' expecting {MODALITY, FORALL, EXISTS, '\if', '\ifEx', 'true', 'false', '(', '{', '@', NOT, SEQARROW, '-', STRING_LITERAL, CHAR_LITERAL, BIN_LITERAL, HEX_LITERAL, IDENT, INT_LITERAL, FLOAT_LITERAL, DOUBLE_LITERAL, REAL_LITERAL} [@1001,4604:4614='\ifExintVar',<188>,171:14] (termorseq, taclet, rulesOrAxioms, decls, file) 
94207      WARN  Test worker     d.u.i.k.n.KeYParser       [syntax-error] file:/home/runner/work/key/key/key.core/build/resources/main/de/uka/ilkd/key/proof/rules/ifThenElseRules.key:171:27: extraneous input '(' expecting {'\lemma', '}', IDENT, '/*!'} [@1004,4617:4617='(',<146>,171:27] (rulesOrAxioms, decls, file) 
94207      WARN  Test worker     d.u.i.k.n.KeYParser       [syntax-error] file:/home/runner/work/key/key/key.core/build/resources/main/de/uka/ilkd/key/proof/rules/ifThenElseRules.key:171:30: mismatched input '=' expecting {'(', '{'} [@1007,4620:4620='=',<159>,171:30] (taclet, rulesOrAxioms, decls, file) 
94208      WARN  Test worker     d.u.i.k.n.KeYParser       [syntax-error] file:/home/runner/work/key/key/key.core/build/resources/main/de/uka/ilkd/key/proof/rules/ifThenElseRules.key:173:38: mismatched input '}' expecting {'(', '{'} [@1041,4725:4725='}',<149>,173:38] (taclet, rulesOrAxioms, decls, file) 
94208      WARN  Test worker     d.u.i.k.n.KeYParser       [syntax-error] file:/home/runner/work/key/key/key.core/build/resources/main/de/uka/ilkd/key/proof/rules/ifThenElseRules.key:179:14: mismatched input '\ifExintVar' expecting {MODALITY, FORALL, EXISTS, '\if', '\ifEx', 'true', 'false', '(', '{', '@', NOT, SEQARROW, '-', STRING_LITERAL, CHAR_LITERAL, BIN_LITERAL, HEX_LITERAL, IDENT, INT_LITERAL, FLOAT_LITERAL, DOUBLE_LITERAL, REAL_LITERAL} [@1063,4848:4858='\ifExintVar',<188>,179:14] (termorseq, taclet, rulesOrAxioms, decls, file) 
94208      WARN  Test worker     d.u.i.k.n.KeYParser       [syntax-error] file:/home/runner/work/key/key/key.core/build/resources/main/de/uka/ilkd/key/proof/rules/ifThenElseRules.key:179:27: extraneous input '(' expecting {'\lemma', '}', IDENT, '/*!'} [@1066,4861:4861='(',<146>,179:27] (rulesOrAxioms, decls, file) 
94208      WARN  Test worker     d.u.i.k.n.KeYParser       [syntax-error] file:/home/runner/work/key/key/key.core/build/resources/main/de/uka/ilkd/key/proof/rules/ifThenElseRules.key:179:32: mismatched input '&' expecting {'(', '{'} [@1069,4866:4866='&',<156>,179:32] (taclet, rulesOrAxioms, decls, file) 
94208      WARN  Test worker     d.u.i.k.n.KeYParser       [syntax-error] file:/home/runner/work/key/key/key.core/build/resources/main/de/uka/ilkd/key/proof/rules/ifThenElseRules.key:181:42: mismatched input '}' expecting {'(', '{'} [@1109,4985:4985='}',<149>,181:42] (taclet, rulesOrAxioms, decls, file) 
94210      WARN  Test worker     d.u.i.k.n.KeYParser       [syntax-error] file:/home/runner/work/key/key/key.core/build/resources/main/de/uka/ilkd/key/proof/rules/ifThenElseRules.key:182:39: mismatched input '}' expecting {'(', '{'} [@1122,5030:5030='}',<149>,182:39] (taclet, rulesOrAxioms, decls, file) 
94211      WARN  Test worker     d.u.i.k.n.KeYParser       [syntax-error] file:/home/runner/work/key/key/key.core/build/resources/main/de/uka/ilkd/key/proof/rules/ifThenElseRules.key:188:14: mismatched input '\ifExintVar' expecting {MODALITY, FORALL, EXISTS, '\if', '\ifEx', 'true', 'false', '(', '{', '@', NOT, SEQARROW, '-', STRING_LITERAL, CHAR_LITERAL, BIN_LITERAL, HEX_LITERAL, IDENT, INT_LITERAL, FLOAT_LITERAL, DOUBLE_LITERAL, REAL_LITERAL} [@1146,5149:5159='\ifExintVar',<188>,188:14] (termorseq, taclet, rulesOrAxioms, decls, file) 
94211      WARN  Test worker     d.u.i.k.n.KeYParser       [syntax-error] file:/home/runner/work/key/key/key.core/build/resources/main/de/uka/ilkd/key/proof/rules/ifThenElseRules.key:188:27: extraneous input '(' expecting {'\lemma', '}', IDENT, '/*!'} [@1149,5162:5162='(',<146>,188:27] (rulesOrAxioms, decls, file) 
94211      WARN  Test worker     d.u.i.k.n.KeYParser       [syntax-error] file:/home/runner/work/key/key/key.core/build/resources/main/de/uka/ilkd/key/proof/rules/ifThenElseRules.key:188:32: mismatched input '&' expecting {'(', '{'} [@1152,5167:5167='&',<156>,188:32] (taclet, rulesOrAxioms, decls, file) 
94212      WARN  Test worker     d.u.i.k.n.KeYParser       [syntax-error] file:/home/runner/work/key/key/key.core/build/resources/main/de/uka/ilkd/key/proof/rules/ifThenElseRules.key:190:42: mismatched input '}' expecting {'(', '{'} [@1192,5280:5280='}',<149>,190:42] (taclet, rulesOrAxioms, decls, file) 
94212      WARN  Test worker     d.u.i.k.n.KeYParser       [syntax-error] file:/home/runner/work/key/key/key.core/build/resources/main/de/uka/ilkd/key/proof/rules/ifThenElseRules.key:191:39: mismatched input '}' expecting {'(', '{'} [@1205,5325:5325='}',<149>,191:39] (taclet, rulesOrAxioms, decls, file) 
94212      WARN  Test worker     d.u.i.k.n.KeYParser       [syntax-error] file:/home/runner/work/key/key/key.core/build/resources/main/de/uka/ilkd/key/proof/rules/ifThenElseRules.key:198:14: mismatched input '\ifExintVar' expecting {MODALITY, FORALL, EXISTS, '\if', '\ifEx', 'true', 'false', '(', '{', '@', NOT, SEQARROW, '-', STRING_LITERAL, CHAR_LITERAL, BIN_LITERAL, HEX_LITERAL, IDENT, INT_LITERAL, FLOAT_LITERAL, DOUBLE_LITERAL, REAL_LITERAL} [@1233,5475:5485='\ifExintVar',<188>,198:14] (termorseq, taclet, rulesOrAxioms, decls, file) 
94212      WARN  Test worker     d.u.i.k.n.KeYParser       [syntax-error] file:/home/runner/work/key/key/key.core/build/resources/main/de/uka/ilkd/key/proof/rules/ifThenElseRules.key:198:27: extraneous input '(' expecting {'\lemma', '}', IDENT, '/*!'} [@1236,5488:5488='(',<146>,198:27] (rulesOrAxioms, decls, file) 
94212      WARN  Test worker     d.u.i.k.n.KeYParser       [syntax-error] file:/home/runner/work/key/key/key.core/build/resources/main/de/uka/ilkd/key/proof/rules/ifThenElseRules.key:198:32: mismatched input '&' expecting {'(', '{'} [@1239,5493:5493='&',<156>,198:32] (taclet, rulesOrAxioms, decls, file) 
94212      WARN  Test worker     d.u.i.k.n.KeYParser       [syntax-error] file:/home/runner/work/key/key/key.core/build/resources/main/de/uka/ilkd/key/proof/rules/ifThenElseRules.key:200:42: mismatched input '}' expecting {'(', '{'} [@1279,5612:5612='}',<149>,200:42] (taclet, rulesOrAxioms, decls, file) 
94212      WARN  Test worker     d.u.i.k.n.KeYParser       [syntax-error] file:/home/runner/work/key/key/key.core/build/resources/main/de/uka/ilkd/key/proof/rules/ifThenElseRules.key:201:39: mismatched input '}' expecting {'(', '{'} [@1292,5657:5657='}',<149>,201:39] (taclet, rulesOrAxioms, decls, file) 
94212      WARN  Test worker     d.u.i.k.n.KeYParser       [syntax-error] file:/home/runner/work/key/key/key.core/build/resources/main/de/uka/ilkd/key/proof/rules/ifThenElseRules.key:208:14: mismatched input '\ifExintVar' expecting {MODALITY, FORALL, EXISTS, '\if', '\ifEx', 'true', 'false', '(', '{', '@', NOT, SEQARROW, '-', STRING_LITERAL, CHAR_LITERAL, BIN_LITERAL, HEX_LITERAL, IDENT, INT_LITERAL, FLOAT_LITERAL, DOUBLE_LITERAL, REAL_LITERAL} [@1320,5817:5827='\ifExintVar',<188>,208:14] (termorseq, taclet, rulesOrAxioms, decls, file) 
94212      WARN  Test worker     d.u.i.k.n.KeYParser       [syntax-error] file:/home/runner/work/key/key/key.core/build/resources/main/de/uka/ilkd/key/proof/rules/ifThenElseRules.key:208:27: extraneous input '(' expecting {'\lemma', '}', IDENT, '/*!'} [@1323,5830:5830='(',<146>,208:27] (rulesOrAxioms, decls, file) 
94213      WARN  Test worker     d.u.i.k.n.KeYParser       [syntax-error] file:/home/runner/work/key/key/key.core/build/resources/main/de/uka/ilkd/key/proof/rules/ifThenElseRules.key:208:32: mismatched input '&' expecting {'(', '{'} [@1326,5835:5835='&',<156>,208:32] (taclet, rulesOrAxioms, decls, file) 
94213      WARN  Test worker     d.u.i.k.n.KeYParser       [syntax-error] file:/home/runner/work/key/key/key.core/build/resources/main/de/uka/ilkd/key/proof/rules/ifThenElseRules.key:210:42: mismatched input '}' expecting {'(', '{'} [@1366,5948:5948='}',<149>,210:42] (taclet, rulesOrAxioms, decls, file) 
94213      WARN  Test worker     d.u.i.k.n.KeYParser       [syntax-error] file:/home/runner/work/key/key/key.core/build/resources/main/de/uka/ilkd/key/proof/rules/ifThenElseRules.key:211:39: mismatched input '}' expecting {'(', '{'} [@1379,5993:5993='}',<149>,211:39] (taclet, rulesOrAxioms, decls, file) 
94213      WARN  Test worker     d.u.i.k.n.KeYParser       [syntax-error] file:/home/runner/work/key/key/key.core/build/resources/main/de/uka/ilkd/key/proof/rules/ifThenElseRules.key:218:14: mismatched input '\ifExintVar' expecting {MODALITY, FORALL, EXISTS, '\if', '\ifEx', 'true', 'false', '(', '{', '@', NOT, SEQARROW, '-', STRING_LITERAL, CHAR_LITERAL, BIN_LITERAL, HEX_LITERAL, IDENT, INT_LITERAL, FLOAT_LITERAL, DOUBLE_LITERAL, REAL_LITERAL} [@1407,6146:6156='\ifExintVar',<188>,218:14] (termorseq, taclet, rulesOrAxioms, decls, file) 
94213      WARN  Test worker     d.u.i.k.n.KeYParser       [syntax-error] file:/home/runner/work/key/key/key.core/build/resources/main/de/uka/ilkd/key/proof/rules/ifThenElseRules.key:218:27: extraneous input '(' expecting {'\lemma', '}', IDENT, '/*!'} [@1410,6159:6159='(',<146>,218:27] (rulesOrAxioms, decls, file) 
94213      WARN  Test worker     d.u.i.k.n.KeYParser       [syntax-error] file:/home/runner/work/key/key/key.core/build/resources/main/de/uka/ilkd/key/proof/rules/ifThenElseRules.key:218:31: mismatched input ')' expecting {'(', '{'} [@1412,6163:6163=')',<147>,218:31] (taclet, rulesOrAxioms, decls, file) 
94213      WARN  Test worker     d.u.i.k.n.KeYParser       [syntax-error] file:/home/runner/work/key/key/key.core/build/resources/main/de/uka/ilkd/key/proof/rules/ifThenElseRules.key:220:44: mismatched input ')' expecting {'(', '{'} [@1444,6275:6275=')',<147>,220:44] (taclet, rulesOrAxioms, decls, file) 
94213      WARN  Test worker     d.u.i.k.n.KeYParser       [syntax-error] file:/home/runner/work/key/key/key.core/build/resources/main/de/uka/ilkd/key/proof/rules/ifThenElseRules.key:225:14: mismatched input '\ifExintVar' expecting {MODALITY, FORALL, EXISTS, '\if', '\ifEx', 'true', 'false', '(', '{', '@', NOT, SEQARROW, '-', STRING_LITERAL, CHAR_LITERAL, BIN_LITERAL, HEX_LITERAL, IDENT, INT_LITERAL, FLOAT_LITERAL, DOUBLE_LITERAL, REAL_LITERAL} [@1471,6389:6399='\ifExintVar',<188>,225:14] (termorseq, taclet, rulesOrAxioms, decls, file) 
94213      WARN  Test worker     d.u.i.k.n.KeYParser       [syntax-error] file:/home/runner/work/key/key/key.core/build/resources/main/de/uka/ilkd/key/proof/rules/ifThenElseRules.key:225:27: extraneous input '(' expecting {'\lemma', '}', IDENT, '/*!'} [@1474,6402:6402='(',<146>,225:27] (rulesOrAxioms, decls, file) 
94213      WARN  Test worker     d.u.i.k.n.KeYParser       [syntax-error] file:/home/runner/work/key/key/key.core/build/resources/main/de/uka/ilkd/key/proof/rules/ifThenElseRules.key:225:31: mismatched input ')' expecting {'(', '{'} [@1476,6406:6406=')',<147>,225:31] (taclet, rulesOrAxioms, decls, file) 
94213      WARN  Test worker     d.u.i.k.n.KeYParser       [syntax-error] file:/home/runner/work/key/key/key.core/build/resources/main/de/uka/ilkd/key/proof/rules/ifThenElseRules.key:227:44: mismatched input ')' expecting {'(', '{'} [@1508,6509:6509=')',<147>,227:44] (taclet, rulesOrAxioms, decls, file) 
94214      WARN  Test worker     d.u.i.k.n.KeYParser       [syntax-error] file:/home/runner/work/key/key/key.core/build/resources/main/de/uka/ilkd/key/proof/rules/ifThenElseRules.key:233:14: mismatched input '\ifExintVar' expecting {MODALITY, FORALL, EXISTS, '\if', '\ifEx', 'true', 'false', '(', '{', '@', NOT, SEQARROW, '-', STRING_LITERAL, CHAR_LITERAL, BIN_LITERAL, HEX_LITERAL, IDENT, INT_LITERAL, FLOAT_LITERAL, DOUBLE_LITERAL, REAL_LITERAL} [@1539,6656:6666='\ifExintVar',<188>,233:14] (termorseq, taclet, rulesOrAxioms, decls, file) 
94214      WARN  Test worker     d.u.i.k.n.KeYParser       [syntax-error] file:/home/runner/work/key/key/key.core/build/resources/main/de/uka/ilkd/key/proof/rules/ifThenElseRules.key:233:27: extraneous input '(' expecting {'\lemma', '}', IDENT, '/*!'} [@1542,6669:6669='(',<146>,233:27] (rulesOrAxioms, decls, file) 
94214      WARN  Test worker     d.u.i.k.n.KeYParser       [syntax-error] file:/home/runner/work/key/key/key.core/build/resources/main/de/uka/ilkd/key/proof/rules/ifThenElseRules.key:233:31: mismatched input ')' expecting {'(', '{'} [@1544,6673:6673=')',<147>,233:31] (taclet, rulesOrAxioms, decls, file) 
94214      WARN  Test worker     d.u.i.k.n.KeYParser       [syntax-error] file:/home/runner/work/key/key/key.core/build/resources/main/de/uka/ilkd/key/proof/rules/ifThenElseRules.key:237:42: mismatched input '}' expecting {'(', '{'} [@1586,6850:6850='}',<149>,237:42] (taclet, rulesOrAxioms, decls, file) 
94214      WARN  Test worker     d.u.i.k.n.KeYParser       [syntax-error] file:/home/runner/work/key/key/key.core/build/resources/main/de/uka/ilkd/key/proof/rules/ifThenElseRules.key:238:34: mismatched input '}' expecting {'(', '{'} [@1599,6891:6891='}',<149>,238:34] (taclet, rulesOrAxioms, decls, file) 
94214      WARN  Test worker     d.u.i.k.n.KeYParser       [syntax-error] file:/home/runner/work/key/key/key.core/build/resources/main/de/uka/ilkd/key/proof/rules/ifThenElseRules.key:239:28: extraneous input '(' expecting {'\lemma', '}', IDENT, '/*!'} [@1608,6925:6925='(',<146>,239:28] (rulesOrAxioms, decls, file) 
94214      WARN  Test worker     d.u.i.k.n.KeYParser       [syntax-error] file:/home/runner/work/key/key/key.core/build/resources/main/de/uka/ilkd/key/proof/rules/ifThenElseRules.key:239:33: mismatched input '->' expecting {'(', '{'} [@1611,6930:6931='->',<158>,239:33] (taclet, rulesOrAxioms, decls, file) 
94214      WARN  Test worker     d.u.i.k.n.KeYParser       [syntax-error] file:/home/runner/work/key/key/key.core/build/resources/main/de/uka/ilkd/key/proof/rules/ifThenElseRules.key:240:8: extraneous input '\replacewith' expecting {'\lemma', '}', IDENT, '/*!'} [@1626,6979:6990='\replacewith',<105>,240:8] (rulesOrAxioms, decls, file) 
94214      WARN  Test worker     d.u.i.k.n.KeYParser       [syntax-error] file:/home/runner/work/key/key/key.core/build/resources/main/de/uka/ilkd/key/proof/rules/ifThenElseRules.key:240:25: mismatched input ')' expecting {'(', '{'} [@1629,6996:6996=')',<147>,240:25] (taclet, rulesOrAxioms, decls, file) 
94214      WARN  Test worker     d.u.i.k.n.KeYParser       [syntax-error] file:/home/runner/work/key/key/key.core/build/resources/main/de/uka/ilkd/key/proof/rules/ifThenElseRules.key:240:56: mismatched input ')' expecting {'(', '{'} [@1642,7027:7027=')',<147>,240:56] (taclet, rulesOrAxioms, decls, file) 
94217      WARN  Test worker     d.u.i.k.n.KeYParser       [syntax-error] file:/home/runner/work/key/key/key.core/build/resources/main/de/uka/ilkd/key/proof/rules/ifThenElseRules.key:245:14: mismatched input '\ifExintVar' expecting {MODALITY, FORALL, EXISTS, '\if', '\ifEx', 'true', 'false', '(', '{', '@', NOT, SEQARROW, '-', STRING_LITERAL, CHAR_LITERAL, BIN_LITERAL, HEX_LITERAL, IDENT, INT_LITERAL, FLOAT_LITERAL, DOUBLE_LITERAL, REAL_LITERAL} [@1658,7109:7119='\ifExintVar',<188>,245:14] (termorseq, taclet, rulesOrAxioms, decls, file) 
94217      WARN  Test worker     d.u.i.k.n.KeYParser       [syntax-error] file:/home/runner/work/key/key/key.core/build/resources/main/de/uka/ilkd/key/proof/rules/ifThenElseRules.key:245:27: extraneous input '(' expecting {'\lemma', '}', IDENT, '/*!'} [@1661,7122:7122='(',<146>,245:27] (rulesOrAxioms, decls, file) 
94217      WARN  Test worker     d.u.i.k.n.KeYParser       [syntax-error] file:/home/runner/work/key/key/key.core/build/resources/main/de/uka/ilkd/key/proof/rules/ifThenElseRules.key:245:31: mismatched input ')' expecting {'(', '{'} [@1663,7126:7126=')',<147>,245:31] (taclet, rulesOrAxioms, decls, file) 
94217      WARN  Test worker     d.u.i.k.n.KeYParser       [syntax-error] file:/home/runner/work/key/key/key.core/build/resources/main/de/uka/ilkd/key/proof/rules/ifThenElseRules.key:248:45: mismatched input '}' expecting {'(', '{'} [@1696,7268:7268='}',<149>,248:45] (taclet, rulesOrAxioms, decls, file) 
94217      WARN  Test worker     d.u.i.k.n.KeYParser       [syntax-error] file:/home/runner/work/key/key/key.core/build/resources/main/de/uka/ilkd/key/proof/rules/ifThenElseRules.key:249:8: extraneous input '\replacewith' expecting {'\lemma', '}', IDENT, '/*!'} [@1701,7284:7295='\replacewith',<105>,249:8] (rulesOrAxioms, decls, file) 
94217      WARN  Test worker     d.u.i.k.n.KeYParser       [syntax-error] file:/home/runner/work/key/key/key.core/build/resources/main/de/uka/ilkd/key/proof/rules/ifThenElseRules.key:249:38: mismatched input ')' expecting {'(', '{'} [@1708,7314:7314=')',<147>,249:38] (taclet, rulesOrAxioms, decls, file) 
94218      WARN  Test worker     d.u.i.k.n.KeYParser       [syntax-error] file:/home/runner/work/key/key/key.core/build/resources/main/de/uka/ilkd/key/proof/rules/ifThenElseRules.key:250:42: mismatched input '}' expecting {'(', '{'} [@1731,7381:7381='}',<149>,250:42] (taclet, rulesOrAxioms, decls, file) 
94218      WARN  Test worker     d.u.i.k.n.KeYParser       [syntax-error] file:/home/runner/work/key/key/key.core/build/resources/main/de/uka/ilkd/key/proof/rules/ifThenElseRules.key:251:28: extraneous input '(' expecting {'\lemma', '}', IDENT, '/*!'} [@1741,7416:7416='(',<146>,251:28] (rulesOrAxioms, decls, file) 
94218      WARN  Test worker     d.u.i.k.n.KeYParser       [syntax-error] file:/home/runner/work/key/key/key.core/build/resources/main/de/uka/ilkd/key/proof/rules/ifThenElseRules.key:251:33: mismatched input '->' expecting {'(', '{'} [@1744,7421:7422='->',<158>,251:33] (taclet, rulesOrAxioms, decls, file) 
94218      WARN  Test worker     d.u.i.k.n.KeYParser       [syntax-error] file:/home/runner/work/key/key/key.core/build/resources/main/de/uka/ilkd/key/proof/rules/ifThenElseRules.key:255:14: mismatched input '\ifExintVar' expecting {MODALITY, FORALL, EXISTS, '\if', '\ifEx', 'true', 'false', '(', '{', '@', NOT, SEQARROW, '-', STRING_LITERAL, CHAR_LITERAL, BIN_LITERAL, HEX_LITERAL, IDENT, INT_LITERAL, FLOAT_LITERAL, DOUBLE_LITERAL, REAL_LITERAL} [@1765,7506:7516='\ifExintVar',<188>,255:14] (termorseq, taclet, rulesOrAxioms, decls, file) 
94218      WARN  Test worker     d.u.i.k.n.KeYParser       [syntax-error] file:/home/runner/work/key/key/key.core/build/resources/main/de/uka/ilkd/key/proof/rules/ifThenElseRules.key:255:27: extraneous input '(' expecting {'\lemma', '}', IDENT, '/*!'} [@1768,7519:7519='(',<146>,255:27] (rulesOrAxioms, decls, file) 
94218      WARN  Test worker     d.u.i.k.n.KeYParser       [syntax-error] file:/home/runner/work/key/key/key.core/build/resources/main/de/uka/ilkd/key/proof/rules/ifThenElseRules.key:255:31: mismatched input ')' expecting {'(', '{'} [@1770,7523:7523=')',<147>,255:31] (taclet, rulesOrAxioms, decls, file) 
94218      WARN  Test worker     d.u.i.k.n.KeYParser       [syntax-error] file:/home/runner/work/key/key/key.core/build/resources/main/de/uka/ilkd/key/proof/rules/ifThenElseRules.key:258:52: extraneous input '0' expecting {'\lemma', '}', IDENT, '/*!'} [@1809,7667:7667='0',<184>,258:52] (rulesOrAxioms, decls, file) 
94218      WARN  Test worker     d.u.i.k.n.KeYParser       [syntax-error] file:/home/runner/work/key/key/key.core/build/resources/main/de/uka/ilkd/key/proof/rules/ifThenElseRules.key:258:54: mismatched input 'then' expecting {<EOF>, '\problem', '\chooseContract', '\proofObligation', '\proof'} [@1811,7669:7672='then',<183>,258:54] (file) 
94256      WARN  Test worker     d.u.i.k.n.KeYParser       [syntax-error] file:/home/runner/work/key/key/key.core/build/resources/main/de/uka/ilkd/key/proof/rules/ifThenElseRules.key:135:14: mismatched input '\ifExintVar' expecting {MODALITY, FORALL, EXISTS, '\if', '\ifEx', 'true', 'false', '(', '{', '@', NOT, SEQARROW, '-', STRING_LITERAL, CHAR_LITERAL, BIN_LITERAL, HEX_LITERAL, IDENT, INT_LITERAL, FLOAT_LITERAL, DOUBLE_LITERAL, REAL_LITERAL} [@745,3563:3573='\ifExintVar',<188>,135:14] (termorseq, taclet, rulesOrAxioms, decls, file) 
94257      WARN  Test worker     d.u.i.k.n.KeYParser       [syntax-error] file:/home/runner/work/key/key/key.core/build/resources/main/de/uka/ilkd/key/proof/rules/ifThenElseRules.key:135:27: extraneous input '(' expecting {'\lemma', '}', IDENT, '/*!'} [@748,3576:3576='(',<146>,135:27] (rulesOrAxioms, decls, file) 
94257      WARN  Test worker     d.u.i.k.n.KeYParser       [syntax-error] file:/home/runner/work/key/key/key.core/build/resources/main/de/uka/ilkd/key/proof/rules/ifThenElseRules.key:135:44: mismatched input ')' expecting {'(', '{'} [@754,3593:3593=')',<147>,135:44] (taclet, rulesOrAxioms, decls, file) 
94257      WARN  Test worker     d.u.i.k.n.KeYParser       [syntax-error] file:/home/runner/work/key/key/key.core/build/resources/main/de/uka/ilkd/key/proof/rules/ifThenElseRules.key:141:14: mismatched input '\ifExintVar' expecting {MODALITY, FORALL, EXISTS, '\if', '\ifEx', 'true', 'false', '(', '{', '@', NOT, SEQARROW, '-', STRING_LITERAL, CHAR_LITERAL, BIN_LITERAL, HEX_LITERAL, IDENT, INT_LITERAL, FLOAT_LITERAL, DOUBLE_LITERAL, REAL_LITERAL} [@780,3716:3726='\ifExintVar',<188>,141:14] (termorseq, taclet, rulesOrAxioms, decls, file) 
94257      WARN  Test worker     d.u.i.k.n.KeYParser       [syntax-error] file:/home/runner/work/key/key/key.core/build/resources/main/de/uka/ilkd/key/proof/rules/ifThenElseRules.key:141:27: extraneous input '(' expecting {'\lemma', '}', IDENT, '/*!'} [@783,3729:3729='(',<146>,141:27] (rulesOrAxioms, decls, file) 
94258      WARN  Test worker     d.u.i.k.n.KeYParser       [syntax-error] file:/home/runner/work/key/key/key.core/build/resources/main/de/uka/ilkd/key/proof/rules/ifThenElseRules.key:141:41: mismatched input ')' expecting {'(', '{'} [@789,3743:3743=')',<147>,141:41] (taclet, rulesOrAxioms, decls, file) 
94259      WARN  Test worker     d.u.i.k.n.KeYParser       [syntax-error] file:/home/runner/work/key/key/key.core/build/resources/main/de/uka/ilkd/key/proof/rules/ifThenElseRules.key:148:14: mismatched input '\ifExintVar' expecting {MODALITY, FORALL, EXISTS, '\if', '\ifEx', 'true', 'false', '(', '{', '@', NOT, SEQARROW, '-', STRING_LITERAL, CHAR_LITERAL, BIN_LITERAL, HEX_LITERAL, IDENT, INT_LITERAL, FLOAT_LITERAL, DOUBLE_LITERAL, REAL_LITERAL} [@819,3896:3906='\ifExintVar',<188>,148:14] (termorseq, taclet, rulesOrAxioms, decls, file) 
94259      WARN  Test worker     d.u.i.k.n.KeYParser       [syntax-error] file:/home/runner/work/key/key/key.core/build/resources/main/de/uka/ilkd/key/proof/rules/ifThenElseRules.key:148:27: extraneous input '(' expecting {'\lemma', '}', IDENT, '/*!'} [@822,3909:3909='(',<146>,148:27] (rulesOrAxioms, decls, file) 
94259      WARN  Test worker     d.u.i.k.n.KeYParser       [syntax-error] file:/home/runner/work/key/key/key.core/build/resources/main/de/uka/ilkd/key/proof/rules/ifThenElseRules.key:148:35: mismatched input '=' expecting {'(', '{'} [@825,3917:3917='=',<159>,148:35] (taclet, rulesOrAxioms, decls, file) 
94259      WARN  Test worker     d.u.i.k.n.KeYParser       [syntax-error] file:/home/runner/work/key/key/key.core/build/resources/main/de/uka/ilkd/key/proof/rules/ifThenElseRules.key:150:38: mismatched input '}' expecting {'(', '{'} [@859,4023:4023='}',<149>,150:38] (taclet, rulesOrAxioms, decls, file) 
94259      WARN  Test worker     d.u.i.k.n.KeYParser       [syntax-error] file:/home/runner/work/key/key/key.core/build/resources/main/de/uka/ilkd/key/proof/rules/ifThenElseRules.key:155:14: mismatched input '\ifExintVar' expecting {MODALITY, FORALL, EXISTS, '\if', '\ifEx', 'true', 'false', '(', '{', '@', NOT, SEQARROW, '-', STRING_LITERAL, CHAR_LITERAL, BIN_LITERAL, HEX_LITERAL, IDENT, INT_LITERAL, FLOAT_LITERAL, DOUBLE_LITERAL, REAL_LITERAL} [@877,4109:4119='\ifExintVar',<188>,155:14] (termorseq, taclet, rulesOrAxioms, decls, file) 
94259      WARN  Test worker     d.u.i.k.n.KeYParser       [syntax-error] file:/home/runner/work/key/key/key.core/build/resources/main/de/uka/ilkd/key/proof/rules/ifThenElseRules.key:155:27: extraneous input '(' expecting {'\lemma', '}', IDENT, '/*!'} [@880,4122:4122='(',<146>,155:27] (rulesOrAxioms, decls, file) 
94260      WARN  Test worker     d.u.i.k.n.KeYParser       [syntax-error] file:/home/runner/work/key/key/key.core/build/resources/main/de/uka/ilkd/key/proof/rules/ifThenElseRules.key:155:35: mismatched input '=' expecting {'(', '{'} [@883,4130:4130='=',<159>,155:35] (taclet, rulesOrAxioms, decls, file) 
94260      WARN  Test worker     d.u.i.k.n.KeYParser       [syntax-error] file:/home/runner/work/key/key/key.core/build/resources/main/de/uka/ilkd/key/proof/rules/ifThenElseRules.key:157:38: mismatched input '}' expecting {'(', '{'} [@917,4230:4230='}',<149>,157:38] (taclet, rulesOrAxioms, decls, file) 
94260      WARN  Test worker     d.u.i.k.n.KeYParser       [syntax-error] file:/home/runner/work/key/key/key.core/build/resources/main/de/uka/ilkd/key/proof/rules/ifThenElseRules.key:163:14: mismatched input '\ifExintVar' expecting {MODALITY, FORALL, EXISTS, '\if', '\ifEx', 'true', 'false', '(', '{', '@', NOT, SEQARROW, '-', STRING_LITERAL, CHAR_LITERAL, BIN_LITERAL, HEX_LITERAL, IDENT, INT_LITERAL, FLOAT_LITERAL, DOUBLE_LITERAL, REAL_LITERAL} [@939,4350:4360='\ifExintVar',<188>,163:14] (termorseq, taclet, rulesOrAxioms, decls, file) 
94260      WARN  Test worker     d.u.i.k.n.KeYParser       [syntax-error] file:/home/runner/work/key/key/key.core/build/resources/main/de/uka/ilkd/key/proof/rules/ifThenElseRules.key:163:27: extraneous input '(' expecting {'\lemma', '}', IDENT, '/*!'} [@942,4363:4363='(',<146>,163:27] (rulesOrAxioms, decls, file) 
94260      WARN  Test worker     d.u.i.k.n.KeYParser       [syntax-error] file:/home/runner/work/key/key/key.core/build/resources/main/de/uka/ilkd/key/proof/rules/ifThenElseRules.key:163:30: mismatched input '=' expecting {'(', '{'} [@945,4366:4366='=',<159>,163:30] (taclet, rulesOrAxioms, decls, file) 
94261      WARN  Test worker     d.u.i.k.n.KeYParser       [syntax-error] file:/home/runner/work/key/key/key.core/build/resources/main/de/uka/ilkd/key/proof/rules/ifThenElseRules.key:165:38: mismatched input '}' expecting {'(', '{'} [@979,4477:4477='}',<149>,165:38] (taclet, rulesOrAxioms, decls, file) 
94261      WARN  Test worker     d.u.i.k.n.KeYParser       [syntax-error] file:/home/runner/work/key/key/key.core/build/resources/main/de/uka/ilkd/key/proof/rules/ifThenElseRules.key:171:14: mismatched input '\ifExintVar' expecting {MODALITY, FORALL, EXISTS, '\if', '\ifEx', 'true', 'false', '(', '{', '@', NOT, SEQARROW, '-', STRING_LITERAL, CHAR_LITERAL, BIN_LITERAL, HEX_LITERAL, IDENT, INT_LITERAL, FLOAT_LITERAL, DOUBLE_LITERAL, REAL_LITERAL} [@1001,4604:4614='\ifExintVar',<188>,171:14] (termorseq, taclet, rulesOrAxioms, decls, file) 
94261      WARN  Test worker     d.u.i.k.n.KeYParser       [syntax-error] file:/home/runner/work/key/key/key.core/build/resources/main/de/uka/ilkd/key/proof/rules/ifThenElseRules.key:171:27: extraneous input '(' expecting {'\lemma', '}', IDENT, '/*!'} [@1004,4617:4617='(',<146>,171:27] (rulesOrAxioms, decls, file) 
94261      WARN  Test worker     d.u.i.k.n.KeYParser       [syntax-error] file:/home/runner/work/key/key/key.core/build/resources/main/de/uka/ilkd/key/proof/rules/ifThenElseRules.key:171:30: mismatched input '=' expecting {'(', '{'} [@1007,4620:4620='=',<159>,171:30] (taclet, rulesOrAxioms, decls, file) 
94261      WARN  Test worker     d.u.i.k.n.KeYParser       [syntax-error] file:/home/runner/work/key/key/key.core/build/resources/main/de/uka/ilkd/key/proof/rules/ifThenElseRules.key:173:38: mismatched input '}' expecting {'(', '{'} [@1041,4725:4725='}',<149>,173:38] (taclet, rulesOrAxioms, decls, file) 
94261      WARN  Test worker     d.u.i.k.n.KeYParser       [syntax-error] file:/home/runner/work/key/key/key.core/build/resources/main/de/uka/ilkd/key/proof/rules/ifThenElseRules.key:179:14: mismatched input '\ifExintVar' expecting {MODALITY, FORALL, EXISTS, '\if', '\ifEx', 'true', 'false', '(', '{', '@', NOT, SEQARROW, '-', STRING_LITERAL, CHAR_LITERAL, BIN_LITERAL, HEX_LITERAL, IDENT, INT_LITERAL, FLOAT_LITERAL, DOUBLE_LITERAL, REAL_LITERAL} [@1063,4848:4858='\ifExintVar',<188>,179:14] (termorseq, taclet, rulesOrAxioms, decls, file) 
94262      WARN  Test worker     d.u.i.k.n.KeYParser       [syntax-error] file:/home/runner/work/key/key/key.core/build/resources/main/de/uka/ilkd/key/proof/rules/ifThenElseRules.key:179:27: extraneous input '(' expecting {'\lemma', '}', IDENT, '/*!'} [@1066,4861:4861='(',<146>,179:27] (rulesOrAxioms, decls, file) 
94262      WARN  Test worker     d.u.i.k.n.KeYParser       [syntax-error] file:/home/runner/work/key/key/key.core/build/resources/main/de/uka/ilkd/key/proof/rules/ifThenElseRules.key:179:32: mismatched input '&' expecting {'(', '{'} [@1069,4866:4866='&',<156>,179:32] (taclet, rulesOrAxioms, decls, file) 
94262      WARN  Test worker     d.u.i.k.n.KeYParser       [syntax-error] file:/home/runner/work/key/key/key.core/build/resources/main/de/uka/ilkd/key/proof/rules/ifThenElseRules.key:181:42: mismatched input '}' expecting {'(', '{'} [@1109,4985:4985='}',<149>,181:42] (taclet, rulesOrAxioms, decls, file) 
94262      WARN  Test worker     d.u.i.k.n.KeYParser       [syntax-error] file:/home/runner/work/key/key/key.core/build/resources/main/de/uka/ilkd/key/proof/rules/ifThenElseRules.key:182:39: mismatched input '}' expecting {'(', '{'} [@1122,5030:5030='}',<149>,182:39] (taclet, rulesOrAxioms, decls, file) 
94262      WARN  Test worker     d.u.i.k.n.KeYParser       [syntax-error] file:/home/runner/work/key/key/key.core/build/resources/main/de/uka/ilkd/key/proof/rules/ifThenElseRules.key:188:14: mismatched input '\ifExintVar' expecting {MODALITY, FORALL, EXISTS, '\if', '\ifEx', 'true', 'false', '(', '{', '@', NOT, SEQARROW, '-', STRING_LITERAL, CHAR_LITERAL, BIN_LITERAL, HEX_LITERAL, IDENT, INT_LITERAL, FLOAT_LITERAL, DOUBLE_LITERAL, REAL_LITERAL} [@1146,5149:5159='\ifExintVar',<188>,188:14] (termorseq, taclet, rulesOrAxioms, decls, file) 
94263      WARN  Test worker     d.u.i.k.n.KeYParser       [syntax-error] file:/home/runner/work/key/key/key.core/build/resources/main/de/uka/ilkd/key/proof/rules/ifThenElseRules.key:188:27: extraneous input '(' expecting {'\lemma', '}', IDENT, '/*!'} [@1149,5162:5162='(',<146>,188:27] (rulesOrAxioms, decls, file) 
94263      WARN  Test worker     d.u.i.k.n.KeYParser       [syntax-error] file:/home/runner/work/key/key/key.core/build/resources/main/de/uka/ilkd/key/proof/rules/ifThenElseRules.key:188:32: mismatched input '&' expecting {'(', '{'} [@1152,5167:5167='&',<156>,188:32] (taclet, rulesOrAxioms, decls, file) 
94263      WARN  Test worker     d.u.i.k.n.KeYParser       [syntax-error] file:/home/runner/work/key/key/key.core/build/resources/main/de/uka/ilkd/key/proof/rules/ifThenElseRules.key:190:42: mismatched input '}' expecting {'(', '{'} [@1192,5280:5280='}',<149>,190:42] (taclet, rulesOrAxioms, decls, file) 
94263      WARN  Test worker     d.u.i.k.n.KeYParser       [syntax-error] file:/home/runner/work/key/key/key.core/build/resources/main/de/uka/ilkd/key/proof/rules/ifThenElseRules.key:191:39: mismatched input '}' expecting {'(', '{'} [@1205,5325:5325='}',<149>,191:39] (taclet, rulesOrAxioms, decls, file) 
94263      WARN  Test worker     d.u.i.k.n.KeYParser       [syntax-error] file:/home/runner/work/key/key/key.core/build/resources/main/de/uka/ilkd/key/proof/rules/ifThenElseRules.key:198:14: mismatched input '\ifExintVar' expecting {MODALITY, FORALL, EXISTS, '\if', '\ifEx', 'true', 'false', '(', '{', '@', NOT, SEQARROW, '-', STRING_LITERAL, CHAR_LITERAL, BIN_LITERAL, HEX_LITERAL, IDENT, INT_LITERAL, FLOAT_LITERAL, DOUBLE_LITERAL, REAL_LITERAL} [@1233,5475:5485='\ifExintVar',<188>,198:14] (termorseq, taclet, rulesOrAxioms, decls, file) 
94263      WARN  Test worker     d.u.i.k.n.KeYParser       [syntax-error] file:/home/runner/work/key/key/key.core/build/resources/main/de/uka/ilkd/key/proof/rules/ifThenElseRules.key:198:27: extraneous input '(' expecting {'\lemma', '}', IDENT, '/*!'} [@1236,5488:5488='(',<146>,198:27] (rulesOrAxioms, decls, file) 
94264      WARN  Test worker     d.u.i.k.n.KeYParser       [syntax-error] file:/home/runner/work/key/key/key.core/build/resources/main/de/uka/ilkd/key/proof/rules/ifThenElseRules.key:198:32: mismatched input '&' expecting {'(', '{'} [@1239,5493:5493='&',<156>,198:32] (taclet, rulesOrAxioms, decls, file) 
94264      WARN  Test worker     d.u.i.k.n.KeYParser       [syntax-error] file:/home/runner/work/key/key/key.core/build/resources/main/de/uka/ilkd/key/proof/rules/ifThenElseRules.key:200:42: mismatched input '}' expecting {'(', '{'} [@1279,5612:5612='}',<149>,200:42] (taclet, rulesOrAxioms, decls, file) 
94264      WARN  Test worker     d.u.i.k.n.KeYParser       [syntax-error] file:/home/runner/work/key/key/key.core/build/resources/main/de/uka/ilkd/key/proof/rules/ifThenElseRules.key:201:39: mismatched input '}' expecting {'(', '{'} [@1292,5657:5657='}',<149>,201:39] (taclet, rulesOrAxioms, decls, file) 
94264      WARN  Test worker     d.u.i.k.n.KeYParser       [syntax-error] file:/home/runner/work/key/key/key.core/build/resources/main/de/uka/ilkd/key/proof/rules/ifThenElseRules.key:208:14: mismatched input '\ifExintVar' expecting {MODALITY, FORALL, EXISTS, '\if', '\ifEx', 'true', 'false', '(', '{', '@', NOT, SEQARROW, '-', STRING_LITERAL, CHAR_LITERAL, BIN_LITERAL, HEX_LITERAL, IDENT, INT_LITERAL, FLOAT_LITERAL, DOUBLE_LITERAL, REAL_LITERAL} [@1320,5817:5827='\ifExintVar',<188>,208:14] (termorseq, taclet, rulesOrAxioms, decls, file) 
94264      WARN  Test worker     d.u.i.k.n.KeYParser       [syntax-error] file:/home/runner/work/key/key/key.core/build/resources/main/de/uka/ilkd/key/proof/rules/ifThenElseRules.key:208:27: extraneous input '(' expecting {'\lemma', '}', IDENT, '/*!'} [@1323,5830:5830='(',<146>,208:27] (rulesOrAxioms, decls, file) 
94265      WARN  Test worker     d.u.i.k.n.KeYParser       [syntax-error] file:/home/runner/work/key/key/key.core/build/resources/main/de/uka/ilkd/key/proof/rules/ifThenElseRules.key:208:32: mismatched input '&' expecting {'(', '{'} [@1326,5835:5835='&',<156>,208:32] (taclet, rulesOrAxioms, decls, file) 
94265      WARN  Test worker     d.u.i.k.n.KeYParser       [syntax-error] file:/home/runner/work/key/key/key.core/build/resources/main/de/uka/ilkd/key/proof/rules/ifThenElseRules.key:210:42: mismatched input '}' expecting {'(', '{'} [@1366,5948:5948='}',<149>,210:42] (taclet, rulesOrAxioms, decls, file) 
94265      WARN  Test worker     d.u.i.k.n.KeYParser       [syntax-error] file:/home/runner/work/key/key/key.core/build/resources/main/de/uka/ilkd/key/proof/rules/ifThenElseRules.key:211:39: mismatched input '}' expecting {'(', '{'} [@1379,5993:5993='}',<149>,211:39] (taclet, rulesOrAxioms, decls, file) 
94265      WARN  Test worker     d.u.i.k.n.KeYParser       [syntax-error] file:/home/runner/work/key/key/key.core/build/resources/main/de/uka/ilkd/key/proof/rules/ifThenElseRules.key:218:14: mismatched input '\ifExintVar' expecting {MODALITY, FORALL, EXISTS, '\if', '\ifEx', 'true', 'false', '(', '{', '@', NOT, SEQARROW, '-', STRING_LITERAL, CHAR_LITERAL, BIN_LITERAL, HEX_LITERAL, IDENT, INT_LITERAL, FLOAT_LITERAL, DOUBLE_LITERAL, REAL_LITERAL} [@1407,6146:6156='\ifExintVar',<188>,218:14] (termorseq, taclet, rulesOrAxioms, decls, file) 
94265      WARN  Test worker     d.u.i.k.n.KeYParser       [syntax-error] file:/home/runner/work/key/key/key.core/build/resources/main/de/uka/ilkd/key/proof/rules/ifThenElseRules.key:218:27: extraneous input '(' expecting {'\lemma', '}', IDENT, '/*!'} [@1410,6159:6159='(',<146>,218:27] (rulesOrAxioms, decls, file) 
94265      WARN  Test worker     d.u.i.k.n.KeYParser       [syntax-error] file:/home/runner/work/key/key/key.core/build/resources/main/de/uka/ilkd/key/proof/rules/ifThenElseRules.key:218:31: mismatched input ')' expecting {'(', '{'} [@1412,6163:6163=')',<147>,218:31] (taclet, rulesOrAxioms, decls, file) 
94266      WARN  Test worker     d.u.i.k.n.KeYParser       [syntax-error] file:/home/runner/work/key/key/key.core/build/resources/main/de/uka/ilkd/key/proof/rules/ifThenElseRules.key:220:44: mismatched input ')' expecting {'(', '{'} [@1444,6275:6275=')',<147>,220:44] (taclet, rulesOrAxioms, decls, file) 
94266      WARN  Test worker     d.u.i.k.n.KeYParser       [syntax-error] file:/home/runner/work/key/key/key.core/build/resources/main/de/uka/ilkd/key/proof/rules/ifThenElseRules.key:225:14: mismatched input '\ifExintVar' expecting {MODALITY, FORALL, EXISTS, '\if', '\ifEx', 'true', 'false', '(', '{', '@', NOT, SEQARROW, '-', STRING_LITERAL, CHAR_LITERAL, BIN_LITERAL, HEX_LITERAL, IDENT, INT_LITERAL, FLOAT_LITERAL, DOUBLE_LITERAL, REAL_LITERAL} [@1471,6389:6399='\ifExintVar',<188>,225:14] (termorseq, taclet, rulesOrAxioms, decls, file) 
94266      WARN  Test worker     d.u.i.k.n.KeYParser       [syntax-error] file:/home/runner/work/key/key/key.core/build/resources/main/de/uka/ilkd/key/proof/rules/ifThenElseRules.key:225:27: extraneous input '(' expecting {'\lemma', '}', IDENT, '/*!'} [@1474,6402:6402='(',<146>,225:27] (rulesOrAxioms, decls, file) 
94266      WARN  Test worker     d.u.i.k.n.KeYParser       [syntax-error] file:/home/runner/work/key/key/key.core/build/resources/main/de/uka/ilkd/key/proof/rules/ifThenElseRules.key:225:31: mismatched input ')' expecting {'(', '{'} [@1476,6406:6406=')',<147>,225:31] (taclet, rulesOrAxioms, decls, file) 
94266      WARN  Test worker     d.u.i.k.n.KeYParser       [syntax-error] file:/home/runner/work/key/key/key.core/build/resources/main/de/uka/ilkd/key/proof/rules/ifThenElseRules.key:227:44: mismatched input ')' expecting {'(', '{'} [@1508,6509:6509=')',<147>,227:44] (taclet, rulesOrAxioms, decls, file) 
94266      WARN  Test worker     d.u.i.k.n.KeYParser       [syntax-error] file:/home/runner/work/key/key/key.core/build/resources/main/de/uka/ilkd/key/proof/rules/ifThenElseRules.key:233:14: mismatched input '\ifExintVar' expecting {MODALITY, FORALL, EXISTS, '\if', '\ifEx', 'true', 'false', '(', '{', '@', NOT, SEQARROW, '-', STRING_LITERAL, CHAR_LITERAL, BIN_LITERAL, HEX_LITERAL, IDENT, INT_LITERAL, FLOAT_LITERAL, DOUBLE_LITERAL, REAL_LITERAL} [@1539,6656:6666='\ifExintVar',<188>,233:14] (termorseq, taclet, rulesOrAxioms, decls, file) 
94267      WARN  Test worker     d.u.i.k.n.KeYParser       [syntax-error] file:/home/runner/work/key/key/key.core/build/resources/main/de/uka/ilkd/key/proof/rules/ifThenElseRules.key:233:27: extraneous input '(' expecting {'\lemma', '}', IDENT, '/*!'} [@1542,6669:6669='(',<146>,233:27] (rulesOrAxioms, decls, file) 
94267      WARN  Test worker     d.u.i.k.n.KeYParser       [syntax-error] file:/home/runner/work/key/key/key.core/build/resources/main/de/uka/ilkd/key/proof/rules/ifThenElseRules.key:233:31: mismatched input ')' expecting {'(', '{'} [@1544,6673:6673=')',<147>,233:31] (taclet, rulesOrAxioms, decls, file) 
94267      WARN  Test worker     d.u.i.k.n.KeYParser       [syntax-error] file:/home/runner/work/key/key/key.core/build/resources/main/de/uka/ilkd/key/proof/rules/ifThenElseRules.key:237:42: mismatched input '}' expecting {'(', '{'} [@1586,6850:6850='}',<149>,237:42] (taclet, rulesOrAxioms, decls, file) 
94267      WARN  Test worker     d.u.i.k.n.KeYParser       [syntax-error] file:/home/runner/work/key/key/key.core/build/resources/main/de/uka/ilkd/key/proof/rules/ifThenElseRules.key:238:34: mismatched input '}' expecting {'(', '{'} [@1599,6891:6891='}',<149>,238:34] (taclet, rulesOrAxioms, decls, file) 
94267      WARN  Test worker     d.u.i.k.n.KeYParser       [syntax-error] file:/home/runner/work/key/key/key.core/build/resources/main/de/uka/ilkd/key/proof/rules/ifThenElseRules.key:239:28: extraneous input '(' expecting {'\lemma', '}', IDENT, '/*!'} [@1608,6925:6925='(',<146>,239:28] (rulesOrAxioms, decls, file) 
94268      WARN  Test worker     d.u.i.k.n.KeYParser       [syntax-error] file:/home/runner/work/key/key/key.core/build/resources/main/de/uka/ilkd/key/proof/rules/ifThenElseRules.key:239:33: mismatched input '->' expecting {'(', '{'} [@1611,6930:6931='->',<158>,239:33] (taclet, rulesOrAxioms, decls, file) 
94268      WARN  Test worker     d.u.i.k.n.KeYParser       [syntax-error] file:/home/runner/work/key/key/key.core/build/resources/main/de/uka/ilkd/key/proof/rules/ifThenElseRules.key:240:8: extraneous input '\replacewith' expecting {'\lemma', '}', IDENT, '/*!'} [@1626,6979:6990='\replacewith',<105>,240:8] (rulesOrAxioms, decls, file) 
94268      WARN  Test worker     d.u.i.k.n.KeYParser       [syntax-error] file:/home/runner/work/key/key/key.core/build/resources/main/de/uka/ilkd/key/proof/rules/ifThenElseRules.key:240:25: mismatched input ')' expecting {'(', '{'} [@1629,6996:6996=')',<147>,240:25] (taclet, rulesOrAxioms, decls, file) 
94268      WARN  Test worker     d.u.i.k.n.KeYParser       [syntax-error] file:/home/runner/work/key/key/key.core/build/resources/main/de/uka/ilkd/key/proof/rules/ifThenElseRules.key:240:56: mismatched input ')' expecting {'(', '{'} [@1642,7027:7027=')',<147>,240:56] (taclet, rulesOrAxioms, decls, file) 
94268      WARN  Test worker     d.u.i.k.n.KeYParser       [syntax-error] file:/home/runner/work/key/key/key.core/build/resources/main/de/uka/ilkd/key/proof/rules/ifThenElseRules.key:245:14: mismatched input '\ifExintVar' expecting {MODALITY, FORALL, EXISTS, '\if', '\ifEx', 'true', 'false', '(', '{', '@', NOT, SEQARROW, '-', STRING_LITERAL, CHAR_LITERAL, BIN_LITERAL, HEX_LITERAL, IDENT, INT_LITERAL, FLOAT_LITERAL, DOUBLE_LITERAL, REAL_LITERAL} [@1658,7109:7119='\ifExintVar',<188>,245:14] (termorseq, taclet, rulesOrAxioms, decls, file) 
94268      WARN  Test worker     d.u.i.k.n.KeYParser       [syntax-error] file:/home/runner/work/key/key/key.core/build/resources/main/de/uka/ilkd/key/proof/rules/ifThenElseRules.key:245:27: extraneous input '(' expecting {'\lemma', '}', IDENT, '/*!'} [@1661,7122:7122='(',<146>,245:27] (rulesOrAxioms, decls, file) 
94269      WARN  Test worker     d.u.i.k.n.KeYParser       [syntax-error] file:/home/runner/work/key/key/key.core/build/resources/main/de/uka/ilkd/key/proof/rules/ifThenElseRules.key:245:31: mismatched input ')' expecting {'(', '{'} [@1663,7126:7126=')',<147>,245:31] (taclet, rulesOrAxioms, decls, file) 
94269      WARN  Test worker     d.u.i.k.n.KeYParser       [syntax-error] file:/home/runner/work/key/key/key.core/build/resources/main/de/uka/ilkd/key/proof/rules/ifThenElseRules.key:248:45: mismatched input '}' expecting {'(', '{'} [@1696,7268:7268='}',<149>,248:45] (taclet, rulesOrAxioms, decls, file) 
94269      WARN  Test worker     d.u.i.k.n.KeYParser       [syntax-error] file:/home/runner/work/key/key/key.core/build/resources/main/de/uka/ilkd/key/proof/rules/ifThenElseRules.key:249:8: extraneous input '\replacewith' expecting {'\lemma', '}', IDENT, '/*!'} [@1701,7284:7295='\replacewith',<105>,249:8] (rulesOrAxioms, decls, file) 
94269      WARN  Test worker     d.u.i.k.n.KeYParser       [syntax-error] file:/home/runner/work/key/key/key.core/build/resources/main/de/uka/ilkd/key/proof/rules/ifThenElseRules.key:249:38: mismatched input ')' expecting {'(', '{'} [@1708,7314:7314=')',<147>,249:38] (taclet, rulesOrAxioms, decls, file) 
94269      WARN  Test worker     d.u.i.k.n.KeYParser       [syntax-error] file:/home/runner/work/key/key/key.core/build/resources/main/de/uka/ilkd/key/proof/rules/ifThenElseRules.key:250:42: mismatched input '}' expecting {'(', '{'} [@1731,7381:7381='}',<149>,250:42] (taclet, rulesOrAxioms, decls, file) 
94269      WARN  Test worker     d.u.i.k.n.KeYParser       [syntax-error] file:/home/runner/work/key/key/key.core/build/resources/main/de/uka/ilkd/key/proof/rules/ifThenElseRules.key:251:28: extraneous input '(' expecting {'\lemma', '}', IDENT, '/*!'} [@1741,7416:7416='(',<146>,251:28] (rulesOrAxioms, decls, file) 
94269      WARN  Test worker     d.u.i.k.n.KeYParser       [syntax-error] file:/home/runner/work/key/key/key.core/build/resources/main/de/uka/ilkd/key/proof/rules/ifThenElseRules.key:251:33: mismatched input '->' expecting {'(', '{'} [@1744,7421:7422='->',<158>,251:33] (taclet, rulesOrAxioms, decls, file) 
94270      WARN  Test worker     d.u.i.k.n.KeYParser       [syntax-error] file:/home/runner/work/key/key/key.core/build/resources/main/de/uka/ilkd/key/proof/rules/ifThenElseRules.key:255:14: mismatched input '\ifExintVar' expecting {MODALITY, FORALL, EXISTS, '\if', '\ifEx', 'true', 'false', '(', '{', '@', NOT, SEQARROW, '-', STRING_LITERAL, CHAR_LITERAL, BIN_LITERAL, HEX_LITERAL, IDENT, INT_LITERAL, FLOAT_LITERAL, DOUBLE_LITERAL, REAL_LITERAL} [@1765,7506:7516='\ifExintVar',<188>,255:14] (termorseq, taclet, rulesOrAxioms, decls, file) 
94270      WARN  Test worker     d.u.i.k.n.KeYParser       [syntax-error] file:/home/runner/work/key/key/key.core/build/resources/main/de/uka/ilkd/key/proof/rules/ifThenElseRules.key:255:27: extraneous input '(' expecting {'\lemma', '}', IDENT, '/*!'} [@1768,7519:7519='(',<146>,255:27] (rulesOrAxioms, decls, file) 
94270      WARN  Test worker     d.u.i.k.n.KeYParser       [syntax-error] file:/home/runner/work/key/key/key.core/build/resources/main/de/uka/ilkd/key/proof/rules/ifThenElseRules.key:255:31: mismatched input ')' expecting {'(', '{'} [@1770,7523:7523=')',<147>,255:31] (taclet, rulesOrAxioms, decls, file) 
94270      WARN  Test worker     d.u.i.k.n.KeYParser       [syntax-error] file:/home/runner/work/key/key/key.core/build/resources/main/de/uka/ilkd/key/proof/rules/ifThenElseRules.key:258:52: extraneous input '0' expecting {'\lemma', '}', IDENT, '/*!'} [@1809,7667:7667='0',<184>,258:52] (rulesOrAxioms, decls, file) 
94270      WARN  Test worker     d.u.i.k.n.KeYParser       [syntax-error] file:/home/runner/work/key/key/key.core/build/resources/main/de/uka/ilkd/key/proof/rules/ifThenElseRules.key:258:54: mismatched input 'then' expecting {<EOF>, '\problem', '\chooseContract', '\proofObligation', '\proof'} [@1811,7669:7672='then',<183>,258:54] (file) 
94303      WARN  Test worker     d.u.i.k.n.KeYParser       [syntax-error] file:/home/runner/work/key/key/key.core/build/resources/main/de/uka/ilkd/key/proof/rules/ifThenElseRules.key:135:14: mismatched input '\ifExintVar' expecting {MODALITY, FORALL, EXISTS, '\if', '\ifEx', 'true', 'false', '(', '{', '@', NOT, SEQARROW, '-', STRING_LITERAL, CHAR_LITERAL, BIN_LITERAL, HEX_LITERAL, IDENT, INT_LITERAL, FLOAT_LITERAL, DOUBLE_LITERAL, REAL_LITERAL} [@745,3563:3573='\ifExintVar',<188>,135:14] (termorseq, taclet, rulesOrAxioms, decls, file) 
94304      WARN  Test worker     d.u.i.k.n.KeYParser       [syntax-error] file:/home/runner/work/key/key/key.core/build/resources/main/de/uka/ilkd/key/proof/rules/ifThenElseRules.key:135:27: extraneous input '(' expecting {'\lemma', '}', IDENT, '/*!'} [@748,3576:3576='(',<146>,135:27] (rulesOrAxioms, decls, file) 
94304      WARN  Test worker     d.u.i.k.n.KeYParser       [syntax-error] file:/home/runner/work/key/key/key.core/build/resources/main/de/uka/ilkd/key/proof/rules/ifThenElseRules.key:135:44: mismatched input ')' expecting {'(', '{'} [@754,3593:3593=')',<147>,135:44] (taclet, rulesOrAxioms, decls, file) 
94304      WARN  Test worker     d.u.i.k.n.KeYParser       [syntax-error] file:/home/runner/work/key/key/key.core/build/resources/main/de/uka/ilkd/key/proof/rules/ifThenElseRules.key:141:14: mismatched input '\ifExintVar' expecting {MODALITY, FORALL, EXISTS, '\if', '\ifEx', 'true', 'false', '(', '{', '@', NOT, SEQARROW, '-', STRING_LITERAL, CHAR_LITERAL, BIN_LITERAL, HEX_LITERAL, IDENT, INT_LITERAL, FLOAT_LITERAL, DOUBLE_LITERAL, REAL_LITERAL} [@780,3716:3726='\ifExintVar',<188>,141:14] (termorseq, taclet, rulesOrAxioms, decls, file) 
94305      WARN  Test worker     d.u.i.k.n.KeYParser       [syntax-error] file:/home/runner/work/key/key/key.core/build/resources/main/de/uka/ilkd/key/proof/rules/ifThenElseRules.key:141:27: extraneous input '(' expecting {'\lemma', '}', IDENT, '/*!'} [@783,3729:3729='(',<146>,141:27] (rulesOrAxioms, decls, file) 
94305      WARN  Test worker     d.u.i.k.n.KeYParser       [syntax-error] file:/home/runner/work/key/key/key.core/build/resources/main/de/uka/ilkd/key/proof/rules/ifThenElseRules.key:141:41: mismatched input ')' expecting {'(', '{'} [@789,3743:3743=')',<147>,141:41] (taclet, rulesOrAxioms, decls, file) 
94305      WARN  Test worker     d.u.i.k.n.KeYParser       [syntax-error] file:/home/runner/work/key/key/key.core/build/resources/main/de/uka/ilkd/key/proof/rules/ifThenElseRules.key:148:14: mismatched input '\ifExintVar' expecting {MODALITY, FORALL, EXISTS, '\if', '\ifEx', 'true', 'false', '(', '{', '@', NOT, SEQARROW, '-', STRING_LITERAL, CHAR_LITERAL, BIN_LITERAL, HEX_LITERAL, IDENT, INT_LITERAL, FLOAT_LITERAL, DOUBLE_LITERAL, REAL_LITERAL} [@819,3896:3906='\ifExintVar',<188>,148:14] (termorseq, taclet, rulesOrAxioms, decls, file) 
94305      WARN  Test worker     d.u.i.k.n.KeYParser       [syntax-error] file:/home/runner/work/key/key/key.core/build/resources/main/de/uka/ilkd/key/proof/rules/ifThenElseRules.key:148:27: extraneous input '(' expecting {'\lemma', '}', IDENT, '/*!'} [@822,3909:3909='(',<146>,148:27] (rulesOrAxioms, decls, file) 
94305      WARN  Test worker     d.u.i.k.n.KeYParser       [syntax-error] file:/home/runner/work/key/key/key.core/build/resources/main/de/uka/ilkd/key/proof/rules/ifThenElseRules.key:148:35: mismatched input '=' expecting {'(', '{'} [@825,3917:3917='=',<159>,148:35] (taclet, rulesOrAxioms, decls, file) 
94306      WARN  Test worker     d.u.i.k.n.KeYParser       [syntax-error] file:/home/runner/work/key/key/key.core/build/resources/main/de/uka/ilkd/key/proof/rules/ifThenElseRules.key:150:38: mismatched input '}' expecting {'(', '{'} [@859,4023:4023='}',<149>,150:38] (taclet, rulesOrAxioms, decls, file) 
94306      WARN  Test worker     d.u.i.k.n.KeYParser       [syntax-error] file:/home/runner/work/key/key/key.core/build/resources/main/de/uka/ilkd/key/proof/rules/ifThenElseRules.key:155:14: mismatched input '\ifExintVar' expecting {MODALITY, FORALL, EXISTS, '\if', '\ifEx', 'true', 'false', '(', '{', '@', NOT, SEQARROW, '-', STRING_LITERAL, CHAR_LITERAL, BIN_LITERAL, HEX_LITERAL, IDENT, INT_LITERAL, FLOAT_LITERAL, DOUBLE_LITERAL, REAL_LITERAL} [@877,4109:4119='\ifExintVar',<188>,155:14] (termorseq, taclet, rulesOrAxioms, decls, file) 
94306      WARN  Test worker     d.u.i.k.n.KeYParser       [syntax-error] file:/home/runner/work/key/key/key.core/build/resources/main/de/uka/ilkd/key/proof/rules/ifThenElseRules.key:155:27: extraneous input '(' expecting {'\lemma', '}', IDENT, '/*!'} [@880,4122:4122='(',<146>,155:27] (rulesOrAxioms, decls, file) 
94306      WARN  Test worker     d.u.i.k.n.KeYParser       [syntax-error] file:/home/runner/work/key/key/key.core/build/resources/main/de/uka/ilkd/key/proof/rules/ifThenElseRules.key:155:35: mismatched input '=' expecting {'(', '{'} [@883,4130:4130='=',<159>,155:35] (taclet, rulesOrAxioms, decls, file) 
94306      WARN  Test worker     d.u.i.k.n.KeYParser       [syntax-error] file:/home/runner/work/key/key/key.core/build/resources/main/de/uka/ilkd/key/proof/rules/ifThenElseRules.key:157:38: mismatched input '}' expecting {'(', '{'} [@917,4230:4230='}',<149>,157:38] (taclet, rulesOrAxioms, decls, file) 
94306      WARN  Test worker     d.u.i.k.n.KeYParser       [syntax-error] file:/home/runner/work/key/key/key.core/build/resources/main/de/uka/ilkd/key/proof/rules/ifThenElseRules.key:163:14: mismatched input '\ifExintVar' expecting {MODALITY, FORALL, EXISTS, '\if', '\ifEx', 'true', 'false', '(', '{', '@', NOT, SEQARROW, '-', STRING_LITERAL, CHAR_LITERAL, BIN_LITERAL, HEX_LITERAL, IDENT, INT_LITERAL, FLOAT_LITERAL, DOUBLE_LITERAL, REAL_LITERAL} [@939,4350:4360='\ifExintVar',<188>,163:14] (termorseq, taclet, rulesOrAxioms, decls, file) 
94307      WARN  Test worker     d.u.i.k.n.KeYParser       [syntax-error] file:/home/runner/work/key/key/key.core/build/resources/main/de/uka/ilkd/key/proof/rules/ifThenElseRules.key:163:27: extraneous input '(' expecting {'\lemma', '}', IDENT, '/*!'} [@942,4363:4363='(',<146>,163:27] (rulesOrAxioms, decls, file) 
94307      WARN  Test worker     d.u.i.k.n.KeYParser       [syntax-error] file:/home/runner/work/key/key/key.core/build/resources/main/de/uka/ilkd/key/proof/rules/ifThenElseRules.key:163:30: mismatched input '=' expecting {'(', '{'} [@945,4366:4366='=',<159>,163:30] (taclet, rulesOrAxioms, decls, file) 
94307      WARN  Test worker     d.u.i.k.n.KeYParser       [syntax-error] file:/home/runner/work/key/key/key.core/build/resources/main/de/uka/ilkd/key/proof/rules/ifThenElseRules.key:165:38: mismatched input '}' expecting {'(', '{'} [@979,4477:4477='}',<149>,165:38] (taclet, rulesOrAxioms, decls, file) 
94307      WARN  Test worker     d.u.i.k.n.KeYParser       [syntax-error] file:/home/runner/work/key/key/key.core/build/resources/main/de/uka/ilkd/key/proof/rules/ifThenElseRules.key:171:14: mismatched input '\ifExintVar' expecting {MODALITY, FORALL, EXISTS, '\if', '\ifEx', 'true', 'false', '(', '{', '@', NOT, SEQARROW, '-', STRING_LITERAL, CHAR_LITERAL, BIN_LITERAL, HEX_LITERAL, IDENT, INT_LITERAL, FLOAT_LITERAL, DOUBLE_LITERAL, REAL_LITERAL} [@1001,4604:4614='\ifExintVar',<188>,171:14] (termorseq, taclet, rulesOrAxioms, decls, file) 
94307      WARN  Test worker     d.u.i.k.n.KeYParser       [syntax-error] file:/home/runner/work/key/key/key.core/build/resources/main/de/uka/ilkd/key/proof/rules/ifThenElseRules.key:171:27: extraneous input '(' expecting {'\lemma', '}', IDENT, '/*!'} [@1004,4617:4617='(',<146>,171:27] (rulesOrAxioms, decls, file) 
94308      WARN  Test worker     d.u.i.k.n.KeYParser       [syntax-error] file:/home/runner/work/key/key/key.core/build/resources/main/de/uka/ilkd/key/proof/rules/ifThenElseRules.key:171:30: mismatched input '=' expecting {'(', '{'} [@1007,4620:4620='=',<159>,171:30] (taclet, rulesOrAxioms, decls, file) 
94308      WARN  Test worker     d.u.i.k.n.KeYParser       [syntax-error] file:/home/runner/work/key/key/key.core/build/resources/main/de/uka/ilkd/key/proof/rules/ifThenElseRules.key:173:38: mismatched input '}' expecting {'(', '{'} [@1041,4725:4725='}',<149>,173:38] (taclet, rulesOrAxioms, decls, file) 
94308      WARN  Test worker     d.u.i.k.n.KeYParser       [syntax-error] file:/home/runner/work/key/key/key.core/build/resources/main/de/uka/ilkd/key/proof/rules/ifThenElseRules.key:179:14: mismatched input '\ifExintVar' expecting {MODALITY, FORALL, EXISTS, '\if', '\ifEx', 'true', 'false', '(', '{', '@', NOT, SEQARROW, '-', STRING_LITERAL, CHAR_LITERAL, BIN_LITERAL, HEX_LITERAL, IDENT, INT_LITERAL, FLOAT_LITERAL, DOUBLE_LITERAL, REAL_LITERAL} [@1063,4848:4858='\ifExintVar',<188>,179:14] (termorseq, taclet, rulesOrAxioms, decls, file) 
94308      WARN  Test worker     d.u.i.k.n.KeYParser       [syntax-error] file:/home/runner/work/key/key/key.core/build/resources/main/de/uka/ilkd/key/proof/rules/ifThenElseRules.key:179:27: extraneous input '(' expecting {'\lemma', '}', IDENT, '/*!'} [@1066,4861:4861='(',<146>,179:27] (rulesOrAxioms, decls, file) 
94308      WARN  Test worker     d.u.i.k.n.KeYParser       [syntax-error] file:/home/runner/work/key/key/key.core/build/resources/main/de/uka/ilkd/key/proof/rules/ifThenElseRules.key:179:32: mismatched input '&' expecting {'(', '{'} [@1069,4866:4866='&',<156>,179:32] (taclet, rulesOrAxioms, decls, file) 
94308      WARN  Test worker     d.u.i.k.n.KeYParser       [syntax-error] file:/home/runner/work/key/key/key.core/build/resources/main/de/uka/ilkd/key/proof/rules/ifThenElseRules.key:181:42: mismatched input '}' expecting {'(', '{'} [@1109,4985:4985='}',<149>,181:42] (taclet, rulesOrAxioms, decls, file) 
94309      WARN  Test worker     d.u.i.k.n.KeYParser       [syntax-error] file:/home/runner/work/key/key/key.core/build/resources/main/de/uka/ilkd/key/proof/rules/ifThenElseRules.key:182:39: mismatched input '}' expecting {'(', '{'} [@1122,5030:5030='}',<149>,182:39] (taclet, rulesOrAxioms, decls, file) 
94309      WARN  Test worker     d.u.i.k.n.KeYParser       [syntax-error] file:/home/runner/work/key/key/key.core/build/resources/main/de/uka/ilkd/key/proof/rules/ifThenElseRules.key:188:14: mismatched input '\ifExintVar' expecting {MODALITY, FORALL, EXISTS, '\if', '\ifEx', 'true', 'false', '(', '{', '@', NOT, SEQARROW, '-', STRING_LITERAL, CHAR_LITERAL, BIN_LITERAL, HEX_LITERAL, IDENT, INT_LITERAL, FLOAT_LITERAL, DOUBLE_LITERAL, REAL_LITERAL} [@1146,5149:5159='\ifExintVar',<188>,188:14] (termorseq, taclet, rulesOrAxioms, decls, file) 
94309      WARN  Test worker     d.u.i.k.n.KeYParser       [syntax-error] file:/home/runner/work/key/key/key.core/build/resources/main/de/uka/ilkd/key/proof/rules/ifThenElseRules.key:188:27: extraneous input '(' expecting {'\lemma', '}', IDENT, '/*!'} [@1149,5162:5162='(',<146>,188:27] (rulesOrAxioms, decls, file) 
94309      WARN  Test worker     d.u.i.k.n.KeYParser       [syntax-error] file:/home/runner/work/key/key/key.core/build/resources/main/de/uka/ilkd/key/proof/rules/ifThenElseRules.key:188:32: mismatched input '&' expecting {'(', '{'} [@1152,5167:5167='&',<156>,188:32] (taclet, rulesOrAxioms, decls, file) 
94309      WARN  Test worker     d.u.i.k.n.KeYParser       [syntax-error] file:/home/runner/work/key/key/key.core/build/resources/main/de/uka/ilkd/key/proof/rules/ifThenElseRules.key:190:42: mismatched input '}' expecting {'(', '{'} [@1192,5280:5280='}',<149>,190:42] (taclet, rulesOrAxioms, decls, file) 
94309      WARN  Test worker     d.u.i.k.n.KeYParser       [syntax-error] file:/home/runner/work/key/key/key.core/build/resources/main/de/uka/ilkd/key/proof/rules/ifThenElseRules.key:191:39: mismatched input '}' expecting {'(', '{'} [@1205,5325:5325='}',<149>,191:39] (taclet, rulesOrAxioms, decls, file) 
94310      WARN  Test worker     d.u.i.k.n.KeYParser       [syntax-error] file:/home/runner/work/key/key/key.core/build/resources/main/de/uka/ilkd/key/proof/rules/ifThenElseRules.key:198:14: mismatched input '\ifExintVar' expecting {MODALITY, FORALL, EXISTS, '\if', '\ifEx', 'true', 'false', '(', '{', '@', NOT, SEQARROW, '-', STRING_LITERAL, CHAR_LITERAL, BIN_LITERAL, HEX_LITERAL, IDENT, INT_LITERAL, FLOAT_LITERAL, DOUBLE_LITERAL, REAL_LITERAL} [@1233,5475:5485='\ifExintVar',<188>,198:14] (termorseq, taclet, rulesOrAxioms, decls, file) 
94310      WARN  Test worker     d.u.i.k.n.KeYParser       [syntax-error] file:/home/runner/work/key/key/key.core/build/resources/main/de/uka/ilkd/key/proof/rules/ifThenElseRules.key:198:27: extraneous input '(' expecting {'\lemma', '}', IDENT, '/*!'} [@1236,5488:5488='(',<146>,198:27] (rulesOrAxioms, decls, file) 
94310      WARN  Test worker     d.u.i.k.n.KeYParser       [syntax-error] file:/home/runner/work/key/key/key.core/build/resources/main/de/uka/ilkd/key/proof/rules/ifThenElseRules.key:198:32: mismatched input '&' expecting {'(', '{'} [@1239,5493:5493='&',<156>,198:32] (taclet, rulesOrAxioms, decls, file) 
94310      WARN  Test worker     d.u.i.k.n.KeYParser       [syntax-error] file:/home/runner/work/key/key/key.core/build/resources/main/de/uka/ilkd/key/proof/rules/ifThenElseRules.key:200:42: mismatched input '}' expecting {'(', '{'} [@1279,5612:5612='}',<149>,200:42] (taclet, rulesOrAxioms, decls, file) 
94310      WARN  Test worker     d.u.i.k.n.KeYParser       [syntax-error] file:/home/runner/work/key/key/key.core/build/resources/main/de/uka/ilkd/key/proof/rules/ifThenElseRules.key:201:39: mismatched input '}' expecting {'(', '{'} [@1292,5657:5657='}',<149>,201:39] (taclet, rulesOrAxioms, decls, file) 
94311      WARN  Test worker     d.u.i.k.n.KeYParser       [syntax-error] file:/home/runner/work/key/key/key.core/build/resources/main/de/uka/ilkd/key/proof/rules/ifThenElseRules.key:208:14: mismatched input '\ifExintVar' expecting {MODALITY, FORALL, EXISTS, '\if', '\ifEx', 'true', 'false', '(', '{', '@', NOT, SEQARROW, '-', STRING_LITERAL, CHAR_LITERAL, BIN_LITERAL, HEX_LITERAL, IDENT, INT_LITERAL, FLOAT_LITERAL, DOUBLE_LITERAL, REAL_LITERAL} [@1320,5817:5827='\ifExintVar',<188>,208:14] (termorseq, taclet, rulesOrAxioms, decls, file) 
94311      WARN  Test worker     d.u.i.k.n.KeYParser       [syntax-error] file:/home/runner/work/key/key/key.core/build/resources/main/de/uka/ilkd/key/proof/rules/ifThenElseRules.key:208:27: extraneous input '(' expecting {'\lemma', '}', IDENT, '/*!'} [@1323,5830:5830='(',<146>,208:27] (rulesOrAxioms, decls, file) 
94311      WARN  Test worker     d.u.i.k.n.KeYParser       [syntax-error] file:/home/runner/work/key/key/key.core/build/resources/main/de/uka/ilkd/key/proof/rules/ifThenElseRules.key:208:32: mismatched input '&' expecting {'(', '{'} [@1326,5835:5835='&',<156>,208:32] (taclet, rulesOrAxioms, decls, file) 
94311      WARN  Test worker     d.u.i.k.n.KeYParser       [syntax-error] file:/home/runner/work/key/key/key.core/build/resources/main/de/uka/ilkd/key/proof/rules/ifThenElseRules.key:210:42: mismatched input '}' expecting {'(', '{'} [@1366,5948:5948='}',<149>,210:42] (taclet, rulesOrAxioms, decls, file) 
94311      WARN  Test worker     d.u.i.k.n.KeYParser       [syntax-error] file:/home/runner/work/key/key/key.core/build/resources/main/de/uka/ilkd/key/proof/rules/ifThenElseRules.key:211:39: mismatched input '}' expecting {'(', '{'} [@1379,5993:5993='}',<149>,211:39] (taclet, rulesOrAxioms, decls, file) 
94311      WARN  Test worker     d.u.i.k.n.KeYParser       [syntax-error] file:/home/runner/work/key/key/key.core/build/resources/main/de/uka/ilkd/key/proof/rules/ifThenElseRules.key:218:14: mismatched input '\ifExintVar' expecting {MODALITY, FORALL, EXISTS, '\if', '\ifEx', 'true', 'false', '(', '{', '@', NOT, SEQARROW, '-', STRING_LITERAL, CHAR_LITERAL, BIN_LITERAL, HEX_LITERAL, IDENT, INT_LITERAL, FLOAT_LITERAL, DOUBLE_LITERAL, REAL_LITERAL} [@1407,6146:6156='\ifExintVar',<188>,218:14] (termorseq, taclet, rulesOrAxioms, decls, file) 
94312      WARN  Test worker     d.u.i.k.n.KeYParser       [syntax-error] file:/home/runner/work/key/key/key.core/build/resources/main/de/uka/ilkd/key/proof/rules/ifThenElseRules.key:218:27: extraneous input '(' expecting {'\lemma', '}', IDENT, '/*!'} [@1410,6159:6159='(',<146>,218:27] (rulesOrAxioms, decls, file) 
94312      WARN  Test worker     d.u.i.k.n.KeYParser       [syntax-error] file:/home/runner/work/key/key/key.core/build/resources/main/de/uka/ilkd/key/proof/rules/ifThenElseRules.key:218:31: mismatched input ')' expecting {'(', '{'} [@1412,6163:6163=')',<147>,218:31] (taclet, rulesOrAxioms, decls, file) 
94312      WARN  Test worker     d.u.i.k.n.KeYParser       [syntax-error] file:/home/runner/work/key/key/key.core/build/resources/main/de/uka/ilkd/key/proof/rules/ifThenElseRules.key:220:44: mismatched input ')' expecting {'(', '{'} [@1444,6275:6275=')',<147>,220:44] (taclet, rulesOrAxioms, decls, file) 
94312      WARN  Test worker     d.u.i.k.n.KeYParser       [syntax-error] file:/home/runner/work/key/key/key.core/build/resources/main/de/uka/ilkd/key/proof/rules/ifThenElseRules.key:225:14: mismatched input '\ifExintVar' expecting {MODALITY, FORALL, EXISTS, '\if', '\ifEx', 'true', 'false', '(', '{', '@', NOT, SEQARROW, '-', STRING_LITERAL, CHAR_LITERAL, BIN_LITERAL, HEX_LITERAL, IDENT, INT_LITERAL, FLOAT_LITERAL, DOUBLE_LITERAL, REAL_LITERAL} [@1471,6389:6399='\ifExintVar',<188>,225:14] (termorseq, taclet, rulesOrAxioms, decls, file) 
94312      WARN  Test worker     d.u.i.k.n.KeYParser       [syntax-error] file:/home/runner/work/key/key/key.core/build/resources/main/de/uka/ilkd/key/proof/rules/ifThenElseRules.key:225:27: extraneous input '(' expecting {'\lemma', '}', IDENT, '/*!'} [@1474,6402:6402='(',<146>,225:27] (rulesOrAxioms, decls, file) 
94312      WARN  Test worker     d.u.i.k.n.KeYParser       [syntax-error] file:/home/runner/work/key/key/key.core/build/resources/main/de/uka/ilkd/key/proof/rules/ifThenElseRules.key:225:31: mismatched input ')' expecting {'(', '{'} [@1476,6406:6406=')',<147>,225:31] (taclet, rulesOrAxioms, decls, file) 
94313      WARN  Test worker     d.u.i.k.n.KeYParser       [syntax-error] file:/home/runner/work/key/key/key.core/build/resources/main/de/uka/ilkd/key/proof/rules/ifThenElseRules.key:227:44: mismatched input ')' expecting {'(', '{'} [@1508,6509:6509=')',<147>,227:44] (taclet, rulesOrAxioms, decls, file) 
94313      WARN  Test worker     d.u.i.k.n.KeYParser       [syntax-error] file:/home/runner/work/key/key/key.core/build/resources/main/de/uka/ilkd/key/proof/rules/ifThenElseRules.key:233:14: mismatched input '\ifExintVar' expecting {MODALITY, FORALL, EXISTS, '\if', '\ifEx', 'true', 'false', '(', '{', '@', NOT, SEQARROW, '-', STRING_LITERAL, CHAR_LITERAL, BIN_LITERAL, HEX_LITERAL, IDENT, INT_LITERAL, FLOAT_LITERAL, DOUBLE_LITERAL, REAL_LITERAL} [@1539,6656:6666='\ifExintVar',<188>,233:14] (termorseq, taclet, rulesOrAxioms, decls, file) 
94313      WARN  Test worker     d.u.i.k.n.KeYParser       [syntax-error] file:/home/runner/work/key/key/key.core/build/resources/main/de/uka/ilkd/key/proof/rules/ifThenElseRules.key:233:27: extraneous input '(' expecting {'\lemma', '}', IDENT, '/*!'} [@1542,6669:6669='(',<146>,233:27] (rulesOrAxioms, decls, file) 
94313      WARN  Test worker     d.u.i.k.n.KeYParser       [syntax-error] file:/home/runner/work/key/key/key.core/build/resources/main/de/uka/ilkd/key/proof/rules/ifThenElseRules.key:233:31: mismatched input ')' expecting {'(', '{'} [@1544,6673:6673=')',<147>,233:31] (taclet, rulesOrAxioms, decls, file) 
94313      WARN  Test worker     d.u.i.k.n.KeYParser       [syntax-error] file:/home/runner/work/key/key/key.core/build/resources/main/de/uka/ilkd/key/proof/rules/ifThenElseRules.key:237:42: mismatched input '}' expecting {'(', '{'} [@1586,6850:6850='}',<149>,237:42] (taclet, rulesOrAxioms, decls, file) 
94314      WARN  Test worker     d.u.i.k.n.KeYParser       [syntax-error] file:/home/runner/work/key/key/key.core/build/resources/main/de/uka/ilkd/key/proof/rules/ifThenElseRules.key:238:34: mismatched input '}' expecting {'(', '{'} [@1599,6891:6891='}',<149>,238:34] (taclet, rulesOrAxioms, decls, file) 
94314      WARN  Test worker     d.u.i.k.n.KeYParser       [syntax-error] file:/home/runner/work/key/key/key.core/build/resources/main/de/uka/ilkd/key/proof/rules/ifThenElseRules.key:239:28: extraneous input '(' expecting {'\lemma', '}', IDENT, '/*!'} [@1608,6925:6925='(',<146>,239:28] (rulesOrAxioms, decls, file) 
94314      WARN  Test worker     d.u.i.k.n.KeYParser       [syntax-error] file:/home/runner/work/key/key/key.core/build/resources/main/de/uka/ilkd/key/proof/rules/ifThenElseRules.key:239:33: mismatched input '->' expecting {'(', '{'} [@1611,6930:6931='->',<158>,239:33] (taclet, rulesOrAxioms, decls, file) 
94314      WARN  Test worker     d.u.i.k.n.KeYParser       [syntax-error] file:/home/runner/work/key/key/key.core/build/resources/main/de/uka/ilkd/key/proof/rules/ifThenElseRules.key:240:8: extraneous input '\replacewith' expecting {'\lemma', '}', IDENT, '/*!'} [@1626,6979:6990='\replacewith',<105>,240:8] (rulesOrAxioms, decls, file) 
94314      WARN  Test worker     d.u.i.k.n.KeYParser       [syntax-error] file:/home/runner/work/key/key/key.core/build/resources/main/de/uka/ilkd/key/proof/rules/ifThenElseRules.key:240:25: mismatched input ')' expecting {'(', '{'} [@1629,6996:6996=')',<147>,240:25] (taclet, rulesOrAxioms, decls, file) 
94314      WARN  Test worker     d.u.i.k.n.KeYParser       [syntax-error] file:/home/runner/work/key/key/key.core/build/resources/main/de/uka/ilkd/key/proof/rules/ifThenElseRules.key:240:56: mismatched input ')' expecting {'(', '{'} [@1642,7027:7027=')',<147>,240:56] (taclet, rulesOrAxioms, decls, file) 
94314      WARN  Test worker     d.u.i.k.n.KeYParser       [syntax-error] file:/home/runner/work/key/key/key.core/build/resources/main/de/uka/ilkd/key/proof/rules/ifThenElseRules.key:245:14: mismatched input '\ifExintVar' expecting {MODALITY, FORALL, EXISTS, '\if', '\ifEx', 'true', 'false', '(', '{', '@', NOT, SEQARROW, '-', STRING_LITERAL, CHAR_LITERAL, BIN_LITERAL, HEX_LITERAL, IDENT, INT_LITERAL, FLOAT_LITERAL, DOUBLE_LITERAL, REAL_LITERAL} [@1658,7109:7119='\ifExintVar',<188>,245:14] (termorseq, taclet, rulesOrAxioms, decls, file) 
94317      WARN  Test worker     d.u.i.k.n.KeYParser       [syntax-error] file:/home/runner/work/key/key/key.core/build/resources/main/de/uka/ilkd/key/proof/rules/ifThenElseRules.key:245:27: extraneous input '(' expecting {'\lemma', '}', IDENT, '/*!'} [@1661,7122:7122='(',<146>,245:27] (rulesOrAxioms, decls, file) 
94318      WARN  Test worker     d.u.i.k.n.KeYParser       [syntax-error] file:/home/runner/work/key/key/key.core/build/resources/main/de/uka/ilkd/key/proof/rules/ifThenElseRules.key:245:31: mismatched input ')' expecting {'(', '{'} [@1663,7126:7126=')',<147>,245:31] (taclet, rulesOrAxioms, decls, file) 
94318      WARN  Test worker     d.u.i.k.n.KeYParser       [syntax-error] file:/home/runner/work/key/key/key.core/build/resources/main/de/uka/ilkd/key/proof/rules/ifThenElseRules.key:248:45: mismatched input '}' expecting {'(', '{'} [@1696,7268:7268='}',<149>,248:45] (taclet, rulesOrAxioms, decls, file) 
94318      WARN  Test worker     d.u.i.k.n.KeYParser       [syntax-error] file:/home/runner/work/key/key/key.core/build/resources/main/de/uka/ilkd/key/proof/rules/ifThenElseRules.key:249:8: extraneous input '\replacewith' expecting {'\lemma', '}', IDENT, '/*!'} [@1701,7284:7295='\replacewith',<105>,249:8] (rulesOrAxioms, decls, file) 
94318      WARN  Test worker     d.u.i.k.n.KeYParser       [syntax-error] file:/home/runner/work/key/key/key.core/build/resources/main/de/uka/ilkd/key/proof/rules/ifThenElseRules.key:249:38: mismatched input ')' expecting {'(', '{'} [@1708,7314:7314=')',<147>,249:38] (taclet, rulesOrAxioms, decls, file) 
94319      WARN  Test worker     d.u.i.k.n.KeYParser       [syntax-error] file:/home/runner/work/key/key/key.core/build/resources/main/de/uka/ilkd/key/proof/rules/ifThenElseRules.key:250:42: mismatched input '}' expecting {'(', '{'} [@1731,7381:7381='}',<149>,250:42] (taclet, rulesOrAxioms, decls, file) 
94319      WARN  Test worker     d.u.i.k.n.KeYParser       [syntax-error] file:/home/runner/work/key/key/key.core/build/resources/main/de/uka/ilkd/key/proof/rules/ifThenElseRules.key:251:28: extraneous input '(' expecting {'\lemma', '}', IDENT, '/*!'} [@1741,7416:7416='(',<146>,251:28] (rulesOrAxioms, decls, file) 
94319      WARN  Test worker     d.u.i.k.n.KeYParser       [syntax-error] file:/home/runner/work/key/key/key.core/build/resources/main/de/uka/ilkd/key/proof/rules/ifThenElseRules.key:251:33: mismatched input '->' expecting {'(', '{'} [@1744,7421:7422='->',<158>,251:33] (taclet, rulesOrAxioms, decls, file) 
94319      WARN  Test worker     d.u.i.k.n.KeYParser       [syntax-error] file:/home/runner/work/key/key/key.core/build/resources/main/de/uka/ilkd/key/proof/rules/ifThenElseRules.key:255:14: mismatched input '\ifExintVar' expecting {MODALITY, FORALL, EXISTS, '\if', '\ifEx', 'true', 'false', '(', '{', '@', NOT, SEQARROW, '-', STRING_LITERAL, CHAR_LITERAL, BIN_LITERAL, HEX_LITERAL, IDENT, INT_LITERAL, FLOAT_LITERAL, DOUBLE_LITERAL, REAL_LITERAL} [@1765,7506:7516='\ifExintVar',<188>,255:14] (termorseq, taclet, rulesOrAxioms, decls, file) 
94319      WARN  Test worker     d.u.i.k.n.KeYParser       [syntax-error] file:/home/runner/work/key/key/key.core/build/resources/main/de/uka/ilkd/key/proof/rules/ifThenElseRules.key:255:27: extraneous input '(' expecting {'\lemma', '}', IDENT, '/*!'} [@1768,7519:7519='(',<146>,255:27] (rulesOrAxioms, decls, file) 
94320      WARN  Test worker     d.u.i.k.n.KeYParser       [syntax-error] file:/home/runner/work/key/key/key.core/build/resources/main/de/uka/ilkd/key/proof/rules/ifThenElseRules.key:255:31: mismatched input ')' expecting {'(', '{'} [@1770,7523:7523=')',<147>,255:31] (taclet, rulesOrAxioms, decls, file) 
94320      WARN  Test worker     d.u.i.k.n.KeYParser       [syntax-error] file:/home/runner/work/key/key/key.core/build/resources/main/de/uka/ilkd/key/proof/rules/ifThenElseRules.key:258:52: extraneous input '0' expecting {'\lemma', '}', IDENT, '/*!'} [@1809,7667:7667='0',<184>,258:52] (rulesOrAxioms, decls, file) 
94320      WARN  Test worker     d.u.i.k.n.KeYParser       [syntax-error] file:/home/runner/work/key/key/key.core/build/resources/main/de/uka/ilkd/key/proof/rules/ifThenElseRules.key:258:54: mismatched input 'then' expecting {<EOF>, '\problem', '\chooseContract', '\proofObligation', '\proof'} [@1811,7669:7672='then',<183>,258:54] (file) 
94355      WARN  Test worker     d.u.i.k.n.KeYParser       [syntax-error] file:/home/runner/work/key/key/key.core/build/resources/main/de/uka/ilkd/key/proof/rules/ifThenElseRules.key:135:14: mismatched input '\ifExintVar' expecting {MODALITY, FORALL, EXISTS, '\if', '\ifEx', 'true', 'false', '(', '{', '@', NOT, SEQARROW, '-', STRING_LITERAL, CHAR_LITERAL, BIN_LITERAL, HEX_LITERAL, IDENT, INT_LITERAL, FLOAT_LITERAL, DOUBLE_LITERAL, REAL_LITERAL} [@745,3563:3573='\ifExintVar',<188>,135:14] (termorseq, taclet, rulesOrAxioms, decls, file) 
94355      WARN  Test worker     d.u.i.k.n.KeYParser       [syntax-error] file:/home/runner/work/key/key/key.core/build/resources/main/de/uka/ilkd/key/proof/rules/ifThenElseRules.key:135:27: extraneous input '(' expecting {'\lemma', '}', IDENT, '/*!'} [@748,3576:3576='(',<146>,135:27] (rulesOrAxioms, decls, file) 
94356      WARN  Test worker     d.u.i.k.n.KeYParser       [syntax-error] file:/home/runner/work/key/key/key.core/build/resources/main/de/uka/ilkd/key/proof/rules/ifThenElseRules.key:135:44: mismatched input ')' expecting {'(', '{'} [@754,3593:3593=')',<147>,135:44] (taclet, rulesOrAxioms, decls, file) 
94356      WARN  Test worker     d.u.i.k.n.KeYParser       [syntax-error] file:/home/runner/work/key/key/key.core/build/resources/main/de/uka/ilkd/key/proof/rules/ifThenElseRules.key:141:14: mismatched input '\ifExintVar' expecting {MODALITY, FORALL, EXISTS, '\if', '\ifEx', 'true', 'false', '(', '{', '@', NOT, SEQARROW, '-', STRING_LITERAL, CHAR_LITERAL, BIN_LITERAL, HEX_LITERAL, IDENT, INT_LITERAL, FLOAT_LITERAL, DOUBLE_LITERAL, REAL_LITERAL} [@780,3716:3726='\ifExintVar',<188>,141:14] (termorseq, taclet, rulesOrAxioms, decls, file) 
94356      WARN  Test worker     d.u.i.k.n.KeYParser       [syntax-error] file:/home/runner/work/key/key/key.core/build/resources/main/de/uka/ilkd/key/proof/rules/ifThenElseRules.key:141:27: extraneous input '(' expecting {'\lemma', '}', IDENT, '/*!'} [@783,3729:3729='(',<146>,141:27] (rulesOrAxioms, decls, file) 
94356      WARN  Test worker     d.u.i.k.n.KeYParser       [syntax-error] file:/home/runner/work/key/key/key.core/build/resources/main/de/uka/ilkd/key/proof/rules/ifThenElseRules.key:141:41: mismatched input ')' expecting {'(', '{'} [@789,3743:3743=')',<147>,141:41] (taclet, rulesOrAxioms, decls, file) 
94356      WARN  Test worker     d.u.i.k.n.KeYParser       [syntax-error] file:/home/runner/work/key/key/key.core/build/resources/main/de/uka/ilkd/key/proof/rules/ifThenElseRules.key:148:14: mismatched input '\ifExintVar' expecting {MODALITY, FORALL, EXISTS, '\if', '\ifEx', 'true', 'false', '(', '{', '@', NOT, SEQARROW, '-', STRING_LITERAL, CHAR_LITERAL, BIN_LITERAL, HEX_LITERAL, IDENT, INT_LITERAL, FLOAT_LITERAL, DOUBLE_LITERAL, REAL_LITERAL} [@819,3896:3906='\ifExintVar',<188>,148:14] (termorseq, taclet, rulesOrAxioms, decls, file) 
94357      WARN  Test worker     d.u.i.k.n.KeYParser       [syntax-error] file:/home/runner/work/key/key/key.core/build/resources/main/de/uka/ilkd/key/proof/rules/ifThenElseRules.key:148:27: extraneous input '(' expecting {'\lemma', '}', IDENT, '/*!'} [@822,3909:3909='(',<146>,148:27] (rulesOrAxioms, decls, file) 
94357      WARN  Test worker     d.u.i.k.n.KeYParser       [syntax-error] file:/home/runner/work/key/key/key.core/build/resources/main/de/uka/ilkd/key/proof/rules/ifThenElseRules.key:148:35: mismatched input '=' expecting {'(', '{'} [@825,3917:3917='=',<159>,148:35] (taclet, rulesOrAxioms, decls, file) 
94357      WARN  Test worker     d.u.i.k.n.KeYParser       [syntax-error] file:/home/runner/work/key/key/key.core/build/resources/main/de/uka/ilkd/key/proof/rules/ifThenElseRules.key:150:38: mismatched input '}' expecting {'(', '{'} [@859,4023:4023='}',<149>,150:38] (taclet, rulesOrAxioms, decls, file) 
94357      WARN  Test worker     d.u.i.k.n.KeYParser       [syntax-error] file:/home/runner/work/key/key/key.core/build/resources/main/de/uka/ilkd/key/proof/rules/ifThenElseRules.key:155:14: mismatched input '\ifExintVar' expecting {MODALITY, FORALL, EXISTS, '\if', '\ifEx', 'true', 'false', '(', '{', '@', NOT, SEQARROW, '-', STRING_LITERAL, CHAR_LITERAL, BIN_LITERAL, HEX_LITERAL, IDENT, INT_LITERAL, FLOAT_LITERAL, DOUBLE_LITERAL, REAL_LITERAL} [@877,4109:4119='\ifExintVar',<188>,155:14] (termorseq, taclet, rulesOrAxioms, decls, file) 
94357      WARN  Test worker     d.u.i.k.n.KeYParser       [syntax-error] file:/home/runner/work/key/key/key.core/build/resources/main/de/uka/ilkd/key/proof/rules/ifThenElseRules.key:155:27: extraneous input '(' expecting {'\lemma', '}', IDENT, '/*!'} [@880,4122:4122='(',<146>,155:27] (rulesOrAxioms, decls, file) 
94357      WARN  Test worker     d.u.i.k.n.KeYParser       [syntax-error] file:/home/runner/work/key/key/key.core/build/resources/main/de/uka/ilkd/key/proof/rules/ifThenElseRules.key:155:35: mismatched input '=' expecting {'(', '{'} [@883,4130:4130='=',<159>,155:35] (taclet, rulesOrAxioms, decls, file) 
94358      WARN  Test worker     d.u.i.k.n.KeYParser       [syntax-error] file:/home/runner/work/key/key/key.core/build/resources/main/de/uka/ilkd/key/proof/rules/ifThenElseRules.key:157:38: mismatched input '}' expecting {'(', '{'} [@917,4230:4230='}',<149>,157:38] (taclet, rulesOrAxioms, decls, file) 
94358      WARN  Test worker     d.u.i.k.n.KeYParser       [syntax-error] file:/home/runner/work/key/key/key.core/build/resources/main/de/uka/ilkd/key/proof/rules/ifThenElseRules.key:163:14: mismatched input '\ifExintVar' expecting {MODALITY, FORALL, EXISTS, '\if', '\ifEx', 'true', 'false', '(', '{', '@', NOT, SEQARROW, '-', STRING_LITERAL, CHAR_LITERAL, BIN_LITERAL, HEX_LITERAL, IDENT, INT_LITERAL, FLOAT_LITERAL, DOUBLE_LITERAL, REAL_LITERAL} [@939,4350:4360='\ifExintVar',<188>,163:14] (termorseq, taclet, rulesOrAxioms, decls, file) 
94358      WARN  Test worker     d.u.i.k.n.KeYParser       [syntax-error] file:/home/runner/work/key/key/key.core/build/resources/main/de/uka/ilkd/key/proof/rules/ifThenElseRules.key:163:27: extraneous input '(' expecting {'\lemma', '}', IDENT, '/*!'} [@942,4363:4363='(',<146>,163:27] (rulesOrAxioms, decls, file) 
94358      WARN  Test worker     d.u.i.k.n.KeYParser       [syntax-error] file:/home/runner/work/key/key/key.core/build/resources/main/de/uka/ilkd/key/proof/rules/ifThenElseRules.key:163:30: mismatched input '=' expecting {'(', '{'} [@945,4366:4366='=',<159>,163:30] (taclet, rulesOrAxioms, decls, file) 
94358      WARN  Test worker     d.u.i.k.n.KeYParser       [syntax-error] file:/home/runner/work/key/key/key.core/build/resources/main/de/uka/ilkd/key/proof/rules/ifThenElseRules.key:165:38: mismatched input '}' expecting {'(', '{'} [@979,4477:4477='}',<149>,165:38] (taclet, rulesOrAxioms, decls, file) 
94359      WARN  Test worker     d.u.i.k.n.KeYParser       [syntax-error] file:/home/runner/work/key/key/key.core/build/resources/main/de/uka/ilkd/key/proof/rules/ifThenElseRules.key:171:14: mismatched input '\ifExintVar' expecting {MODALITY, FORALL, EXISTS, '\if', '\ifEx', 'true', 'false', '(', '{', '@', NOT, SEQARROW, '-', STRING_LITERAL, CHAR_LITERAL, BIN_LITERAL, HEX_LITERAL, IDENT, INT_LITERAL, FLOAT_LITERAL, DOUBLE_LITERAL, REAL_LITERAL} [@1001,4604:4614='\ifExintVar',<188>,171:14] (termorseq, taclet, rulesOrAxioms, decls, file) 
94359      WARN  Test worker     d.u.i.k.n.KeYParser       [syntax-error] file:/home/runner/work/key/key/key.core/build/resources/main/de/uka/ilkd/key/proof/rules/ifThenElseRules.key:171:27: extraneous input '(' expecting {'\lemma', '}', IDENT, '/*!'} [@1004,4617:4617='(',<146>,171:27] (rulesOrAxioms, decls, file) 
94359      WARN  Test worker     d.u.i.k.n.KeYParser       [syntax-error] file:/home/runner/work/key/key/key.core/build/resources/main/de/uka/ilkd/key/proof/rules/ifThenElseRules.key:171:30: mismatched input '=' expecting {'(', '{'} [@1007,4620:4620='=',<159>,171:30] (taclet, rulesOrAxioms, decls, file) 
94359      WARN  Test worker     d.u.i.k.n.KeYParser       [syntax-error] file:/home/runner/work/key/key/key.core/build/resources/main/de/uka/ilkd/key/proof/rules/ifThenElseRules.key:173:38: mismatched input '}' expecting {'(', '{'} [@1041,4725:4725='}',<149>,173:38] (taclet, rulesOrAxioms, decls, file) 
94359      WARN  Test worker     d.u.i.k.n.KeYParser       [syntax-error] file:/home/runner/work/key/key/key.core/build/resources/main/de/uka/ilkd/key/proof/rules/ifThenElseRules.key:179:14: mismatched input '\ifExintVar' expecting {MODALITY, FORALL, EXISTS, '\if', '\ifEx', 'true', 'false', '(', '{', '@', NOT, SEQARROW, '-', STRING_LITERAL, CHAR_LITERAL, BIN_LITERAL, HEX_LITERAL, IDENT, INT_LITERAL, FLOAT_LITERAL, DOUBLE_LITERAL, REAL_LITERAL} [@1063,4848:4858='\ifExintVar',<188>,179:14] (termorseq, taclet, rulesOrAxioms, decls, file) 
94360      WARN  Test worker     d.u.i.k.n.KeYParser       [syntax-error] file:/home/runner/work/key/key/key.core/build/resources/main/de/uka/ilkd/key/proof/rules/ifThenElseRules.key:179:27: extraneous input '(' expecting {'\lemma', '}', IDENT, '/*!'} [@1066,4861:4861='(',<146>,179:27] (rulesOrAxioms, decls, file) 
94360      WARN  Test worker     d.u.i.k.n.KeYParser       [syntax-error] file:/home/runner/work/key/key/key.core/build/resources/main/de/uka/ilkd/key/proof/rules/ifThenElseRules.key:179:32: mismatched input '&' expecting {'(', '{'} [@1069,4866:4866='&',<156>,179:32] (taclet, rulesOrAxioms, decls, file) 
94360      WARN  Test worker     d.u.i.k.n.KeYParser       [syntax-error] file:/home/runner/work/key/key/key.core/build/resources/main/de/uka/ilkd/key/proof/rules/ifThenElseRules.key:181:42: mismatched input '}' expecting {'(', '{'} [@1109,4985:4985='}',<149>,181:42] (taclet, rulesOrAxioms, decls, file) 
94360      WARN  Test worker     d.u.i.k.n.KeYParser       [syntax-error] file:/home/runner/work/key/key/key.core/build/resources/main/de/uka/ilkd/key/proof/rules/ifThenElseRules.key:182:39: mismatched input '}' expecting {'(', '{'} [@1122,5030:5030='}',<149>,182:39] (taclet, rulesOrAxioms, decls, file) 
94360      WARN  Test worker     d.u.i.k.n.KeYParser       [syntax-error] file:/home/runner/work/key/key/key.core/build/resources/main/de/uka/ilkd/key/proof/rules/ifThenElseRules.key:188:14: mismatched input '\ifExintVar' expecting {MODALITY, FORALL, EXISTS, '\if', '\ifEx', 'true', 'false', '(', '{', '@', NOT, SEQARROW, '-', STRING_LITERAL, CHAR_LITERAL, BIN_LITERAL, HEX_LITERAL, IDENT, INT_LITERAL, FLOAT_LITERAL, DOUBLE_LITERAL, REAL_LITERAL} [@1146,5149:5159='\ifExintVar',<188>,188:14] (termorseq, taclet, rulesOrAxioms, decls, file) 
94360      WARN  Test worker     d.u.i.k.n.KeYParser       [syntax-error] file:/home/runner/work/key/key/key.core/build/resources/main/de/uka/ilkd/key/proof/rules/ifThenElseRules.key:188:27: extraneous input '(' expecting {'\lemma', '}', IDENT, '/*!'} [@1149,5162:5162='(',<146>,188:27] (rulesOrAxioms, decls, file) 
94361      WARN  Test worker     d.u.i.k.n.KeYParser       [syntax-error] file:/home/runner/work/key/key/key.core/build/resources/main/de/uka/ilkd/key/proof/rules/ifThenElseRules.key:188:32: mismatched input '&' expecting {'(', '{'} [@1152,5167:5167='&',<156>,188:32] (taclet, rulesOrAxioms, decls, file) 
94361      WARN  Test worker     d.u.i.k.n.KeYParser       [syntax-error] file:/home/runner/work/key/key/key.core/build/resources/main/de/uka/ilkd/key/proof/rules/ifThenElseRules.key:190:42: mismatched input '}' expecting {'(', '{'} [@1192,5280:5280='}',<149>,190:42] (taclet, rulesOrAxioms, decls, file) 
94361      WARN  Test worker     d.u.i.k.n.KeYParser       [syntax-error] file:/home/runner/work/key/key/key.core/build/resources/main/de/uka/ilkd/key/proof/rules/ifThenElseRules.key:191:39: mismatched input '}' expecting {'(', '{'} [@1205,5325:5325='}',<149>,191:39] (taclet, rulesOrAxioms, decls, file) 
94361      WARN  Test worker     d.u.i.k.n.KeYParser       [syntax-error] file:/home/runner/work/key/key/key.core/build/resources/main/de/uka/ilkd/key/proof/rules/ifThenElseRules.key:198:14: mismatched input '\ifExintVar' expecting {MODALITY, FORALL, EXISTS, '\if', '\ifEx', 'true', 'false', '(', '{', '@', NOT, SEQARROW, '-', STRING_LITERAL, CHAR_LITERAL, BIN_LITERAL, HEX_LITERAL, IDENT, INT_LITERAL, FLOAT_LITERAL, DOUBLE_LITERAL, REAL_LITERAL} [@1233,5475:5485='\ifExintVar',<188>,198:14] (termorseq, taclet, rulesOrAxioms, decls, file) 
94361      WARN  Test worker     d.u.i.k.n.KeYParser       [syntax-error] file:/home/runner/work/key/key/key.core/build/resources/main/de/uka/ilkd/key/proof/rules/ifThenElseRules.key:198:27: extraneous input '(' expecting {'\lemma', '}', IDENT, '/*!'} [@1236,5488:5488='(',<146>,198:27] (rulesOrAxioms, decls, file) 
94361      WARN  Test worker     d.u.i.k.n.KeYParser       [syntax-error] file:/home/runner/work/key/key/key.core/build/resources/main/de/uka/ilkd/key/proof/rules/ifThenElseRules.key:198:32: mismatched input '&' expecting {'(', '{'} [@1239,5493:5493='&',<156>,198:32] (taclet, rulesOrAxioms, decls, file) 
94362      WARN  Test worker     d.u.i.k.n.KeYParser       [syntax-error] file:/home/runner/work/key/key/key.core/build/resources/main/de/uka/ilkd/key/proof/rules/ifThenElseRules.key:200:42: mismatched input '}' expecting {'(', '{'} [@1279,5612:5612='}',<149>,200:42] (taclet, rulesOrAxioms, decls, file) 
94362      WARN  Test worker     d.u.i.k.n.KeYParser       [syntax-error] file:/home/runner/work/key/key/key.core/build/resources/main/de/uka/ilkd/key/proof/rules/ifThenElseRules.key:201:39: mismatched input '}' expecting {'(', '{'} [@1292,5657:5657='}',<149>,201:39] (taclet, rulesOrAxioms, decls, file) 
94362      WARN  Test worker     d.u.i.k.n.KeYParser       [syntax-error] file:/home/runner/work/key/key/key.core/build/resources/main/de/uka/ilkd/key/proof/rules/ifThenElseRules.key:208:14: mismatched input '\ifExintVar' expecting {MODALITY, FORALL, EXISTS, '\if', '\ifEx', 'true', 'false', '(', '{', '@', NOT, SEQARROW, '-', STRING_LITERAL, CHAR_LITERAL, BIN_LITERAL, HEX_LITERAL, IDENT, INT_LITERAL, FLOAT_LITERAL, DOUBLE_LITERAL, REAL_LITERAL} [@1320,5817:5827='\ifExintVar',<188>,208:14] (termorseq, taclet, rulesOrAxioms, decls, file) 
94362      WARN  Test worker     d.u.i.k.n.KeYParser       [syntax-error] file:/home/runner/work/key/key/key.core/build/resources/main/de/uka/ilkd/key/proof/rules/ifThenElseRules.key:208:27: extraneous input '(' expecting {'\lemma', '}', IDENT, '/*!'} [@1323,5830:5830='(',<146>,208:27] (rulesOrAxioms, decls, file) 
94362      WARN  Test worker     d.u.i.k.n.KeYParser       [syntax-error] file:/home/runner/work/key/key/key.core/build/resources/main/de/uka/ilkd/key/proof/rules/ifThenElseRules.key:208:32: mismatched input '&' expecting {'(', '{'} [@1326,5835:5835='&',<156>,208:32] (taclet, rulesOrAxioms, decls, file) 
94363      WARN  Test worker     d.u.i.k.n.KeYParser       [syntax-error] file:/home/runner/work/key/key/key.core/build/resources/main/de/uka/ilkd/key/proof/rules/ifThenElseRules.key:210:42: mismatched input '}' expecting {'(', '{'} [@1366,5948:5948='}',<149>,210:42] (taclet, rulesOrAxioms, decls, file) 
94363      WARN  Test worker     d.u.i.k.n.KeYParser       [syntax-error] file:/home/runner/work/key/key/key.core/build/resources/main/de/uka/ilkd/key/proof/rules/ifThenElseRules.key:211:39: mismatched input '}' expecting {'(', '{'} [@1379,5993:5993='}',<149>,211:39] (taclet, rulesOrAxioms, decls, file) 
94363      WARN  Test worker     d.u.i.k.n.KeYParser       [syntax-error] file:/home/runner/work/key/key/key.core/build/resources/main/de/uka/ilkd/key/proof/rules/ifThenElseRules.key:218:14: mismatched input '\ifExintVar' expecting {MODALITY, FORALL, EXISTS, '\if', '\ifEx', 'true', 'false', '(', '{', '@', NOT, SEQARROW, '-', STRING_LITERAL, CHAR_LITERAL, BIN_LITERAL, HEX_LITERAL, IDENT, INT_LITERAL, FLOAT_LITERAL, DOUBLE_LITERAL, REAL_LITERAL} [@1407,6146:6156='\ifExintVar',<188>,218:14] (termorseq, taclet, rulesOrAxioms, decls, file) 
94363      WARN  Test worker     d.u.i.k.n.KeYParser       [syntax-error] file:/home/runner/work/key/key/key.core/build/resources/main/de/uka/ilkd/key/proof/rules/ifThenElseRules.key:218:27: extraneous input '(' expecting {'\lemma', '}', IDENT, '/*!'} [@1410,6159:6159='(',<146>,218:27] (rulesOrAxioms, decls, file) 
94363      WARN  Test worker     d.u.i.k.n.KeYParser       [syntax-error] file:/home/runner/work/key/key/key.core/build/resources/main/de/uka/ilkd/key/proof/rules/ifThenElseRules.key:218:31: mismatched input ')' expecting {'(', '{'} [@1412,6163:6163=')',<147>,218:31] (taclet, rulesOrAxioms, decls, file) 
94363      WARN  Test worker     d.u.i.k.n.KeYParser       [syntax-error] file:/home/runner/work/key/key/key.core/build/resources/main/de/uka/ilkd/key/proof/rules/ifThenElseRules.key:220:44: mismatched input ')' expecting {'(', '{'} [@1444,6275:6275=')',<147>,220:44] (taclet, rulesOrAxioms, decls, file) 
94364      WARN  Test worker     d.u.i.k.n.KeYParser       [syntax-error] file:/home/runner/work/key/key/key.core/build/resources/main/de/uka/ilkd/key/proof/rules/ifThenElseRules.key:225:14: mismatched input '\ifExintVar' expecting {MODALITY, FORALL, EXISTS, '\if', '\ifEx', 'true', 'false', '(', '{', '@', NOT, SEQARROW, '-', STRING_LITERAL, CHAR_LITERAL, BIN_LITERAL, HEX_LITERAL, IDENT, INT_LITERAL, FLOAT_LITERAL, DOUBLE_LITERAL, REAL_LITERAL} [@1471,6389:6399='\ifExintVar',<188>,225:14] (termorseq, taclet, rulesOrAxioms, decls, file) 
94364      WARN  Test worker     d.u.i.k.n.KeYParser       [syntax-error] file:/home/runner/work/key/key/key.core/build/resources/main/de/uka/ilkd/key/proof/rules/ifThenElseRules.key:225:27: extraneous input '(' expecting {'\lemma', '}', IDENT, '/*!'} [@1474,6402:6402='(',<146>,225:27] (rulesOrAxioms, decls, file) 
94364      WARN  Test worker     d.u.i.k.n.KeYParser       [syntax-error] file:/home/runner/work/key/key/key.core/build/resources/main/de/uka/ilkd/key/proof/rules/ifThenElseRules.key:225:31: mismatched input ')' expecting {'(', '{'} [@1476,6406:6406=')',<147>,225:31] (taclet, rulesOrAxioms, decls, file) 
94364      WARN  Test worker     d.u.i.k.n.KeYParser       [syntax-error] file:/home/runner/work/key/key/key.core/build/resources/main/de/uka/ilkd/key/proof/rules/ifThenElseRules.key:227:44: mismatched input ')' expecting {'(', '{'} [@1508,6509:6509=')',<147>,227:44] (taclet, rulesOrAxioms, decls, file) 
94364      WARN  Test worker     d.u.i.k.n.KeYParser       [syntax-error] file:/home/runner/work/key/key/key.core/build/resources/main/de/uka/ilkd/key/proof/rules/ifThenElseRules.key:233:14: mismatched input '\ifExintVar' expecting {MODALITY, FORALL, EXISTS, '\if', '\ifEx', 'true', 'false', '(', '{', '@', NOT, SEQARROW, '-', STRING_LITERAL, CHAR_LITERAL, BIN_LITERAL, HEX_LITERAL, IDENT, INT_LITERAL, FLOAT_LITERAL, DOUBLE_LITERAL, REAL_LITERAL} [@1539,6656:6666='\ifExintVar',<188>,233:14] (termorseq, taclet, rulesOrAxioms, decls, file) 
94364      WARN  Test worker     d.u.i.k.n.KeYParser       [syntax-error] file:/home/runner/work/key/key/key.core/build/resources/main/de/uka/ilkd/key/proof/rules/ifThenElseRules.key:233:27: extraneous input '(' expecting {'\lemma', '}', IDENT, '/*!'} [@1542,6669:6669='(',<146>,233:27] (rulesOrAxioms, decls, file) 
94365      WARN  Test worker     d.u.i.k.n.KeYParser       [syntax-error] file:/home/runner/work/key/key/key.core/build/resources/main/de/uka/ilkd/key/proof/rules/ifThenElseRules.key:233:31: mismatched input ')' expecting {'(', '{'} [@1544,6673:6673=')',<147>,233:31] (taclet, rulesOrAxioms, decls, file) 
94365      WARN  Test worker     d.u.i.k.n.KeYParser       [syntax-error] file:/home/runner/work/key/key/key.core/build/resources/main/de/uka/ilkd/key/proof/rules/ifThenElseRules.key:237:42: mismatched input '}' expecting {'(', '{'} [@1586,6850:6850='}',<149>,237:42] (taclet, rulesOrAxioms, decls, file) 
94365      WARN  Test worker     d.u.i.k.n.KeYParser       [syntax-error] file:/home/runner/work/key/key/key.core/build/resources/main/de/uka/ilkd/key/proof/rules/ifThenElseRules.key:238:34: mismatched input '}' expecting {'(', '{'} [@1599,6891:6891='}',<149>,238:34] (taclet, rulesOrAxioms, decls, file) 
94365      WARN  Test worker     d.u.i.k.n.KeYParser       [syntax-error] file:/home/runner/work/key/key/key.core/build/resources/main/de/uka/ilkd/key/proof/rules/ifThenElseRules.key:239:28: extraneous input '(' expecting {'\lemma', '}', IDENT, '/*!'} [@1608,6925:6925='(',<146>,239:28] (rulesOrAxioms, decls, file) 
94365      WARN  Test worker     d.u.i.k.n.KeYParser       [syntax-error] file:/home/runner/work/key/key/key.core/build/resources/main/de/uka/ilkd/key/proof/rules/ifThenElseRules.key:239:33: mismatched input '->' expecting {'(', '{'} [@1611,6930:6931='->',<158>,239:33] (taclet, rulesOrAxioms, decls, file) 
94365      WARN  Test worker     d.u.i.k.n.KeYParser       [syntax-error] file:/home/runner/work/key/key/key.core/build/resources/main/de/uka/ilkd/key/proof/rules/ifThenElseRules.key:240:8: extraneous input '\replacewith' expecting {'\lemma', '}', IDENT, '/*!'} [@1626,6979:6990='\replacewith',<105>,240:8] (rulesOrAxioms, decls, file) 
94366      WARN  Test worker     d.u.i.k.n.KeYParser       [syntax-error] file:/home/runner/work/key/key/key.core/build/resources/main/de/uka/ilkd/key/proof/rules/ifThenElseRules.key:240:25: mismatched input ')' expecting {'(', '{'} [@1629,6996:6996=')',<147>,240:25] (taclet, rulesOrAxioms, decls, file) 
94366      WARN  Test worker     d.u.i.k.n.KeYParser       [syntax-error] file:/home/runner/work/key/key/key.core/build/resources/main/de/uka/ilkd/key/proof/rules/ifThenElseRules.key:240:56: mismatched input ')' expecting {'(', '{'} [@1642,7027:7027=')',<147>,240:56] (taclet, rulesOrAxioms, decls, file) 
94366      WARN  Test worker     d.u.i.k.n.KeYParser       [syntax-error] file:/home/runner/work/key/key/key.core/build/resources/main/de/uka/ilkd/key/proof/rules/ifThenElseRules.key:245:14: mismatched input '\ifExintVar' expecting {MODALITY, FORALL, EXISTS, '\if', '\ifEx', 'true', 'false', '(', '{', '@', NOT, SEQARROW, '-', STRING_LITERAL, CHAR_LITERAL, BIN_LITERAL, HEX_LITERAL, IDENT, INT_LITERAL, FLOAT_LITERAL, DOUBLE_LITERAL, REAL_LITERAL} [@1658,7109:7119='\ifExintVar',<188>,245:14] (termorseq, taclet, rulesOrAxioms, decls, file) 
94366      WARN  Test worker     d.u.i.k.n.KeYParser       [syntax-error] file:/home/runner/work/key/key/key.core/build/resources/main/de/uka/ilkd/key/proof/rules/ifThenElseRules.key:245:27: extraneous input '(' expecting {'\lemma', '}', IDENT, '/*!'} [@1661,7122:7122='(',<146>,245:27] (rulesOrAxioms, decls, file) 
94366      WARN  Test worker     d.u.i.k.n.KeYParser       [syntax-error] file:/home/runner/work/key/key/key.core/build/resources/main/de/uka/ilkd/key/proof/rules/ifThenElseRules.key:245:31: mismatched input ')' expecting {'(', '{'} [@1663,7126:7126=')',<147>,245:31] (taclet, rulesOrAxioms, decls, file) 
94366      WARN  Test worker     d.u.i.k.n.KeYParser       [syntax-error] file:/home/runner/work/key/key/key.core/build/resources/main/de/uka/ilkd/key/proof/rules/ifThenElseRules.key:248:45: mismatched input '}' expecting {'(', '{'} [@1696,7268:7268='}',<149>,248:45] (taclet, rulesOrAxioms, decls, file) 
94367      WARN  Test worker     d.u.i.k.n.KeYParser       [syntax-error] file:/home/runner/work/key/key/key.core/build/resources/main/de/uka/ilkd/key/proof/rules/ifThenElseRules.key:249:8: extraneous input '\replacewith' expecting {'\lemma', '}', IDENT, '/*!'} [@1701,7284:7295='\replacewith',<105>,249:8] (rulesOrAxioms, decls, file) 
94367      WARN  Test worker     d.u.i.k.n.KeYParser       [syntax-error] file:/home/runner/work/key/key/key.core/build/resources/main/de/uka/ilkd/key/proof/rules/ifThenElseRules.key:249:38: mismatched input ')' expecting {'(', '{'} [@1708,7314:7314=')',<147>,249:38] (taclet, rulesOrAxioms, decls, file) 
94367      WARN  Test worker     d.u.i.k.n.KeYParser       [syntax-error] file:/home/runner/work/key/key/key.core/build/resources/main/de/uka/ilkd/key/proof/rules/ifThenElseRules.key:250:42: mismatched input '}' expecting {'(', '{'} [@1731,7381:7381='}',<149>,250:42] (taclet, rulesOrAxioms, decls, file) 
94367      WARN  Test worker     d.u.i.k.n.KeYParser       [syntax-error] file:/home/runner/work/key/key/key.core/build/resources/main/de/uka/ilkd/key/proof/rules/ifThenElseRules.key:251:28: extraneous input '(' expecting {'\lemma', '}', IDENT, '/*!'} [@1741,7416:7416='(',<146>,251:28] (rulesOrAxioms, decls, file) 
94367      WARN  Test worker     d.u.i.k.n.KeYParser       [syntax-error] file:/home/runner/work/key/key/key.core/build/resources/main/de/uka/ilkd/key/proof/rules/ifThenElseRules.key:251:33: mismatched input '->' expecting {'(', '{'} [@1744,7421:7422='->',<158>,251:33] (taclet, rulesOrAxioms, decls, file) 
94367      WARN  Test worker     d.u.i.k.n.KeYParser       [syntax-error] file:/home/runner/work/key/key/key.core/build/resources/main/de/uka/ilkd/key/proof/rules/ifThenElseRules.key:255:14: mismatched input '\ifExintVar' expecting {MODALITY, FORALL, EXISTS, '\if', '\ifEx', 'true', 'false', '(', '{', '@', NOT, SEQARROW, '-', STRING_LITERAL, CHAR_LITERAL, BIN_LITERAL, HEX_LITERAL, IDENT, INT_LITERAL, FLOAT_LITERAL, DOUBLE_LITERAL, REAL_LITERAL} [@1765,7506:7516='\ifExintVar',<188>,255:14] (termorseq, taclet, rulesOrAxioms, decls, file) 
94368      WARN  Test worker     d.u.i.k.n.KeYParser       [syntax-error] file:/home/runner/work/key/key/key.core/build/resources/main/de/uka/ilkd/key/proof/rules/ifThenElseRules.key:255:27: extraneous input '(' expecting {'\lemma', '}', IDENT, '/*!'} [@1768,7519:7519='(',<146>,255:27] (rulesOrAxioms, decls, file) 
94368      WARN  Test worker     d.u.i.k.n.KeYParser       [syntax-error] file:/home/runner/work/key/key/key.core/build/resources/main/de/uka/ilkd/key/proof/rules/ifThenElseRules.key:255:31: mismatched input ')' expecting {'(', '{'} [@1770,7523:7523=')',<147>,255:31] (taclet, rulesOrAxioms, decls, file) 
94368      WARN  Test worker     d.u.i.k.n.KeYParser       [syntax-error] file:/home/runner/work/key/key/key.core/build/resources/main/de/uka/ilkd/key/proof/rules/ifThenElseRules.key:258:52: extraneous input '0' expecting {'\lemma', '}', IDENT, '/*!'} [@1809,7667:7667='0',<184>,258:52] (rulesOrAxioms, decls, file) 
94368      WARN  Test worker     d.u.i.k.n.KeYParser       [syntax-error] file:/home/runner/work/key/key/key.core/build/resources/main/de/uka/ilkd/key/proof/rules/ifThenElseRules.key:258:54: mismatched input 'then' expecting {<EOF>, '\problem', '\chooseContract', '\proofObligation', '\proof'} [@1811,7669:7672='then',<183>,258:54] (file) 
94406      WARN  Test worker     d.u.i.k.n.KeYParser       [syntax-error] file:/home/runner/work/key/key/key.core/build/resources/main/de/uka/ilkd/key/proof/rules/ifThenElseRules.key:135:14: mismatched input '\ifExintVar' expecting {MODALITY, FORALL, EXISTS, '\if', '\ifEx', 'true', 'false', '(', '{', '@', NOT, SEQARROW, '-', STRING_LITERAL, CHAR_LITERAL, BIN_LITERAL, HEX_LITERAL, IDENT, INT_LITERAL, FLOAT_LITERAL, DOUBLE_LITERAL, REAL_LITERAL} [@745,3563:3573='\ifExintVar',<188>,135:14] (termorseq, taclet, rulesOrAxioms, decls, file) 
94407      WARN  Test worker     d.u.i.k.n.KeYParser       [syntax-error] file:/home/runner/work/key/key/key.core/build/resources/main/de/uka/ilkd/key/proof/rules/ifThenElseRules.key:135:27: extraneous input '(' expecting {'\lemma', '}', IDENT, '/*!'} [@748,3576:3576='(',<146>,135:27] (rulesOrAxioms, decls, file) 
94407      WARN  Test worker     d.u.i.k.n.KeYParser       [syntax-error] file:/home/runner/work/key/key/key.core/build/resources/main/de/uka/ilkd/key/proof/rules/ifThenElseRules.key:135:44: mismatched input ')' expecting {'(', '{'} [@754,3593:3593=')',<147>,135:44] (taclet, rulesOrAxioms, decls, file) 
94407      WARN  Test worker     d.u.i.k.n.KeYParser       [syntax-error] file:/home/runner/work/key/key/key.core/build/resources/main/de/uka/ilkd/key/proof/rules/ifThenElseRules.key:141:14: mismatched input '\ifExintVar' expecting {MODALITY, FORALL, EXISTS, '\if', '\ifEx', 'true', 'false', '(', '{', '@', NOT, SEQARROW, '-', STRING_LITERAL, CHAR_LITERAL, BIN_LITERAL, HEX_LITERAL, IDENT, INT_LITERAL, FLOAT_LITERAL, DOUBLE_LITERAL, REAL_LITERAL} [@780,3716:3726='\ifExintVar',<188>,141:14] (termorseq, taclet, rulesOrAxioms, decls, file) 
94408      WARN  Test worker     d.u.i.k.n.KeYParser       [syntax-error] file:/home/runner/work/key/key/key.core/build/resources/main/de/uka/ilkd/key/proof/rules/ifThenElseRules.key:141:27: extraneous input '(' expecting {'\lemma', '}', IDENT, '/*!'} [@783,3729:3729='(',<146>,141:27] (rulesOrAxioms, decls, file) 
94408      WARN  Test worker     d.u.i.k.n.KeYParser       [syntax-error] file:/home/runner/work/key/key/key.core/build/resources/main/de/uka/ilkd/key/proof/rules/ifThenElseRules.key:141:41: mismatched input ')' expecting {'(', '{'} [@789,3743:3743=')',<147>,141:41] (taclet, rulesOrAxioms, decls, file) 
94408      WARN  Test worker     d.u.i.k.n.KeYParser       [syntax-error] file:/home/runner/work/key/key/key.core/build/resources/main/de/uka/ilkd/key/proof/rules/ifThenElseRules.key:148:14: mismatched input '\ifExintVar' expecting {MODALITY, FORALL, EXISTS, '\if', '\ifEx', 'true', 'false', '(', '{', '@', NOT, SEQARROW, '-', STRING_LITERAL, CHAR_LITERAL, BIN_LITERAL, HEX_LITERAL, IDENT, INT_LITERAL, FLOAT_LITERAL, DOUBLE_LITERAL, REAL_LITERAL} [@819,3896:3906='\ifExintVar',<188>,148:14] (termorseq, taclet, rulesOrAxioms, decls, file) 
94408      WARN  Test worker     d.u.i.k.n.KeYParser       [syntax-error] file:/home/runner/work/key/key/key.core/build/resources/main/de/uka/ilkd/key/proof/rules/ifThenElseRules.key:148:27: extraneous input '(' expecting {'\lemma', '}', IDENT, '/*!'} [@822,3909:3909='(',<146>,148:27] (rulesOrAxioms, decls, file) 
94408      WARN  Test worker     d.u.i.k.n.KeYParser       [syntax-error] file:/home/runner/work/key/key/key.core/build/resources/main/de/uka/ilkd/key/proof/rules/ifThenElseRules.key:148:35: mismatched input '=' expecting {'(', '{'} [@825,3917:3917='=',<159>,148:35] (taclet, rulesOrAxioms, decls, file) 
94409      WARN  Test worker     d.u.i.k.n.KeYParser       [syntax-error] file:/home/runner/work/key/key/key.core/build/resources/main/de/uka/ilkd/key/proof/rules/ifThenElseRules.key:150:38: mismatched input '}' expecting {'(', '{'} [@859,4023:4023='}',<149>,150:38] (taclet, rulesOrAxioms, decls, file) 
94409      WARN  Test worker     d.u.i.k.n.KeYParser       [syntax-error] file:/home/runner/work/key/key/key.core/build/resources/main/de/uka/ilkd/key/proof/rules/ifThenElseRules.key:155:14: mismatched input '\ifExintVar' expecting {MODALITY, FORALL, EXISTS, '\if', '\ifEx', 'true', 'false', '(', '{', '@', NOT, SEQARROW, '-', STRING_LITERAL, CHAR_LITERAL, BIN_LITERAL, HEX_LITERAL, IDENT, INT_LITERAL, FLOAT_LITERAL, DOUBLE_LITERAL, REAL_LITERAL} [@877,4109:4119='\ifExintVar',<188>,155:14] (termorseq, taclet, rulesOrAxioms, decls, file) 
94409      WARN  Test worker     d.u.i.k.n.KeYParser       [syntax-error] file:/home/runner/work/key/key/key.core/build/resources/main/de/uka/ilkd/key/proof/rules/ifThenElseRules.key:155:27: extraneous input '(' expecting {'\lemma', '}', IDENT, '/*!'} [@880,4122:4122='(',<146>,155:27] (rulesOrAxioms, decls, file) 
94409      WARN  Test worker     d.u.i.k.n.KeYParser       [syntax-error] file:/home/runner/work/key/key/key.core/build/resources/main/de/uka/ilkd/key/proof/rules/ifThenElseRules.key:155:35: mismatched input '=' expecting {'(', '{'} [@883,4130:4130='=',<159>,155:35] (taclet, rulesOrAxioms, decls, file) 
94409      WARN  Test worker     d.u.i.k.n.KeYParser       [syntax-error] file:/home/runner/work/key/key/key.core/build/resources/main/de/uka/ilkd/key/proof/rules/ifThenElseRules.key:157:38: mismatched input '}' expecting {'(', '{'} [@917,4230:4230='}',<149>,157:38] (taclet, rulesOrAxioms, decls, file) 
94409      WARN  Test worker     d.u.i.k.n.KeYParser       [syntax-error] file:/home/runner/work/key/key/key.core/build/resources/main/de/uka/ilkd/key/proof/rules/ifThenElseRules.key:163:14: mismatched input '\ifExintVar' expecting {MODALITY, FORALL, EXISTS, '\if', '\ifEx', 'true', 'false', '(', '{', '@', NOT, SEQARROW, '-', STRING_LITERAL, CHAR_LITERAL, BIN_LITERAL, HEX_LITERAL, IDENT, INT_LITERAL, FLOAT_LITERAL, DOUBLE_LITERAL, REAL_LITERAL} [@939,4350:4360='\ifExintVar',<188>,163:14] (termorseq, taclet, rulesOrAxioms, decls, file) 
94410      WARN  Test worker     d.u.i.k.n.KeYParser       [syntax-error] file:/home/runner/work/key/key/key.core/build/resources/main/de/uka/ilkd/key/proof/rules/ifThenElseRules.key:163:27: extraneous input '(' expecting {'\lemma', '}', IDENT, '/*!'} [@942,4363:4363='(',<146>,163:27] (rulesOrAxioms, decls, file) 
94410      WARN  Test worker     d.u.i.k.n.KeYParser       [syntax-error] file:/home/runner/work/key/key/key.core/build/resources/main/de/uka/ilkd/key/proof/rules/ifThenElseRules.key:163:30: mismatched input '=' expecting {'(', '{'} [@945,4366:4366='=',<159>,163:30] (taclet, rulesOrAxioms, decls, file) 
94410      WARN  Test worker     d.u.i.k.n.KeYParser       [syntax-error] file:/home/runner/work/key/key/key.core/build/resources/main/de/uka/ilkd/key/proof/rules/ifThenElseRules.key:165:38: mismatched input '}' expecting {'(', '{'} [@979,4477:4477='}',<149>,165:38] (taclet, rulesOrAxioms, decls, file) 
94410      WARN  Test worker     d.u.i.k.n.KeYParser       [syntax-error] file:/home/runner/work/key/key/key.core/build/resources/main/de/uka/ilkd/key/proof/rules/ifThenElseRules.key:171:14: mismatched input '\ifExintVar' expecting {MODALITY, FORALL, EXISTS, '\if', '\ifEx', 'true', 'false', '(', '{', '@', NOT, SEQARROW, '-', STRING_LITERAL, CHAR_LITERAL, BIN_LITERAL, HEX_LITERAL, IDENT, INT_LITERAL, FLOAT_LITERAL, DOUBLE_LITERAL, REAL_LITERAL} [@1001,4604:4614='\ifExintVar',<188>,171:14] (termorseq, taclet, rulesOrAxioms, decls, file) 
94410      WARN  Test worker     d.u.i.k.n.KeYParser       [syntax-error] file:/home/runner/work/key/key/key.core/build/resources/main/de/uka/ilkd/key/proof/rules/ifThenElseRules.key:171:27: extraneous input '(' expecting {'\lemma', '}', IDENT, '/*!'} [@1004,4617:4617='(',<146>,171:27] (rulesOrAxioms, decls, file) 
94411      WARN  Test worker     d.u.i.k.n.KeYParser       [syntax-error] file:/home/runner/work/key/key/key.core/build/resources/main/de/uka/ilkd/key/proof/rules/ifThenElseRules.key:171:30: mismatched input '=' expecting {'(', '{'} [@1007,4620:4620='=',<159>,171:30] (taclet, rulesOrAxioms, decls, file) 
94411      WARN  Test worker     d.u.i.k.n.KeYParser       [syntax-error] file:/home/runner/work/key/key/key.core/build/resources/main/de/uka/ilkd/key/proof/rules/ifThenElseRules.key:173:38: mismatched input '}' expecting {'(', '{'} [@1041,4725:4725='}',<149>,173:38] (taclet, rulesOrAxioms, decls, file) 
94411      WARN  Test worker     d.u.i.k.n.KeYParser       [syntax-error] file:/home/runner/work/key/key/key.core/build/resources/main/de/uka/ilkd/key/proof/rules/ifThenElseRules.key:179:14: mismatched input '\ifExintVar' expecting {MODALITY, FORALL, EXISTS, '\if', '\ifEx', 'true', 'false', '(', '{', '@', NOT, SEQARROW, '-', STRING_LITERAL, CHAR_LITERAL, BIN_LITERAL, HEX_LITERAL, IDENT, INT_LITERAL, FLOAT_LITERAL, DOUBLE_LITERAL, REAL_LITERAL} [@1063,4848:4858='\ifExintVar',<188>,179:14] (termorseq, taclet, rulesOrAxioms, decls, file) 
94411      WARN  Test worker     d.u.i.k.n.KeYParser       [syntax-error] file:/home/runner/work/key/key/key.core/build/resources/main/de/uka/ilkd/key/proof/rules/ifThenElseRules.key:179:27: extraneous input '(' expecting {'\lemma', '}', IDENT, '/*!'} [@1066,4861:4861='(',<146>,179:27] (rulesOrAxioms, decls, file) 
94411      WARN  Test worker     d.u.i.k.n.KeYParser       [syntax-error] file:/home/runner/work/key/key/key.core/build/resources/main/de/uka/ilkd/key/proof/rules/ifThenElseRules.key:179:32: mismatched input '&' expecting {'(', '{'} [@1069,4866:4866='&',<156>,179:32] (taclet, rulesOrAxioms, decls, file) 
94411      WARN  Test worker     d.u.i.k.n.KeYParser       [syntax-error] file:/home/runner/work/key/key/key.core/build/resources/main/de/uka/ilkd/key/proof/rules/ifThenElseRules.key:181:42: mismatched input '}' expecting {'(', '{'} [@1109,4985:4985='}',<149>,181:42] (taclet, rulesOrAxioms, decls, file) 
94412      WARN  Test worker     d.u.i.k.n.KeYParser       [syntax-error] file:/home/runner/work/key/key/key.core/build/resources/main/de/uka/ilkd/key/proof/rules/ifThenElseRules.key:182:39: mismatched input '}' expecting {'(', '{'} [@1122,5030:5030='}',<149>,182:39] (taclet, rulesOrAxioms, decls, file) 
94412      WARN  Test worker     d.u.i.k.n.KeYParser       [syntax-error] file:/home/runner/work/key/key/key.core/build/resources/main/de/uka/ilkd/key/proof/rules/ifThenElseRules.key:188:14: mismatched input '\ifExintVar' expecting {MODALITY, FORALL, EXISTS, '\if', '\ifEx', 'true', 'false', '(', '{', '@', NOT, SEQARROW, '-', STRING_LITERAL, CHAR_LITERAL, BIN_LITERAL, HEX_LITERAL, IDENT, INT_LITERAL, FLOAT_LITERAL, DOUBLE_LITERAL, REAL_LITERAL} [@1146,5149:5159='\ifExintVar',<188>,188:14] (termorseq, taclet, rulesOrAxioms, decls, file) 
94412      WARN  Test worker     d.u.i.k.n.KeYParser       [syntax-error] file:/home/runner/work/key/key/key.core/build/resources/main/de/uka/ilkd/key/proof/rules/ifThenElseRules.key:188:27: extraneous input '(' expecting {'\lemma', '}', IDENT, '/*!'} [@1149,5162:5162='(',<146>,188:27] (rulesOrAxioms, decls, file) 
94412      WARN  Test worker     d.u.i.k.n.KeYParser       [syntax-error] file:/home/runner/work/key/key/key.core/build/resources/main/de/uka/ilkd/key/proof/rules/ifThenElseRules.key:188:32: mismatched input '&' expecting {'(', '{'} [@1152,5167:5167='&',<156>,188:32] (taclet, rulesOrAxioms, decls, file) 
94412      WARN  Test worker     d.u.i.k.n.KeYParser       [syntax-error] file:/home/runner/work/key/key/key.core/build/resources/main/de/uka/ilkd/key/proof/rules/ifThenElseRules.key:190:42: mismatched input '}' expecting {'(', '{'} [@1192,5280:5280='}',<149>,190:42] (taclet, rulesOrAxioms, decls, file) 
94412      WARN  Test worker     d.u.i.k.n.KeYParser       [syntax-error] file:/home/runner/work/key/key/key.core/build/resources/main/de/uka/ilkd/key/proof/rules/ifThenElseRules.key:191:39: mismatched input '}' expecting {'(', '{'} [@1205,5325:5325='}',<149>,191:39] (taclet, rulesOrAxioms, decls, file) 
94413      WARN  Test worker     d.u.i.k.n.KeYParser       [syntax-error] file:/home/runner/work/key/key/key.core/build/resources/main/de/uka/ilkd/key/proof/rules/ifThenElseRules.key:198:14: mismatched input '\ifExintVar' expecting {MODALITY, FORALL, EXISTS, '\if', '\ifEx', 'true', 'false', '(', '{', '@', NOT, SEQARROW, '-', STRING_LITERAL, CHAR_LITERAL, BIN_LITERAL, HEX_LITERAL, IDENT, INT_LITERAL, FLOAT_LITERAL, DOUBLE_LITERAL, REAL_LITERAL} [@1233,5475:5485='\ifExintVar',<188>,198:14] (termorseq, taclet, rulesOrAxioms, decls, file) 
94413      WARN  Test worker     d.u.i.k.n.KeYParser       [syntax-error] file:/home/runner/work/key/key/key.core/build/resources/main/de/uka/ilkd/key/proof/rules/ifThenElseRules.key:198:27: extraneous input '(' expecting {'\lemma', '}', IDENT, '/*!'} [@1236,5488:5488='(',<146>,198:27] (rulesOrAxioms, decls, file) 
94413      WARN  Test worker     d.u.i.k.n.KeYParser       [syntax-error] file:/home/runner/work/key/key/key.core/build/resources/main/de/uka/ilkd/key/proof/rules/ifThenElseRules.key:198:32: mismatched input '&' expecting {'(', '{'} [@1239,5493:5493='&',<156>,198:32] (taclet, rulesOrAxioms, decls, file) 
94413      WARN  Test worker     d.u.i.k.n.KeYParser       [syntax-error] file:/home/runner/work/key/key/key.core/build/resources/main/de/uka/ilkd/key/proof/rules/ifThenElseRules.key:200:42: mismatched input '}' expecting {'(', '{'} [@1279,5612:5612='}',<149>,200:42] (taclet, rulesOrAxioms, decls, file) 
94413      WARN  Test worker     d.u.i.k.n.KeYParser       [syntax-error] file:/home/runner/work/key/key/key.core/build/resources/main/de/uka/ilkd/key/proof/rules/ifThenElseRules.key:201:39: mismatched input '}' expecting {'(', '{'} [@1292,5657:5657='}',<149>,201:39] (taclet, rulesOrAxioms, decls, file) 
94413      WARN  Test worker     d.u.i.k.n.KeYParser       [syntax-error] file:/home/runner/work/key/key/key.core/build/resources/main/de/uka/ilkd/key/proof/rules/ifThenElseRules.key:208:14: mismatched input '\ifExintVar' expecting {MODALITY, FORALL, EXISTS, '\if', '\ifEx', 'true', 'false', '(', '{', '@', NOT, SEQARROW, '-', STRING_LITERAL, CHAR_LITERAL, BIN_LITERAL, HEX_LITERAL, IDENT, INT_LITERAL, FLOAT_LITERAL, DOUBLE_LITERAL, REAL_LITERAL} [@1320,5817:5827='\ifExintVar',<188>,208:14] (termorseq, taclet, rulesOrAxioms, decls, file) 
94414      WARN  Test worker     d.u.i.k.n.KeYParser       [syntax-error] file:/home/runner/work/key/key/key.core/build/resources/main/de/uka/ilkd/key/proof/rules/ifThenElseRules.key:208:27: extraneous input '(' expecting {'\lemma', '}', IDENT, '/*!'} [@1323,5830:5830='(',<146>,208:27] (rulesOrAxioms, decls, file) 
94414      WARN  Test worker     d.u.i.k.n.KeYParser       [syntax-error] file:/home/runner/work/key/key/key.core/build/resources/main/de/uka/ilkd/key/proof/rules/ifThenElseRules.key:208:32: mismatched input '&' expecting {'(', '{'} [@1326,5835:5835='&',<156>,208:32] (taclet, rulesOrAxioms, decls, file) 
94414      WARN  Test worker     d.u.i.k.n.KeYParser       [syntax-error] file:/home/runner/work/key/key/key.core/build/resources/main/de/uka/ilkd/key/proof/rules/ifThenElseRules.key:210:42: mismatched input '}' expecting {'(', '{'} [@1366,5948:5948='}',<149>,210:42] (taclet, rulesOrAxioms, decls, file) 
94414      WARN  Test worker     d.u.i.k.n.KeYParser       [syntax-error] file:/home/runner/work/key/key/key.core/build/resources/main/de/uka/ilkd/key/proof/rules/ifThenElseRules.key:211:39: mismatched input '}' expecting {'(', '{'} [@1379,5993:5993='}',<149>,211:39] (taclet, rulesOrAxioms, decls, file) 
94414      WARN  Test worker     d.u.i.k.n.KeYParser       [syntax-error] file:/home/runner/work/key/key/key.core/build/resources/main/de/uka/ilkd/key/proof/rules/ifThenElseRules.key:218:14: mismatched input '\ifExintVar' expecting {MODALITY, FORALL, EXISTS, '\if', '\ifEx', 'true', 'false', '(', '{', '@', NOT, SEQARROW, '-', STRING_LITERAL, CHAR_LITERAL, BIN_LITERAL, HEX_LITERAL, IDENT, INT_LITERAL, FLOAT_LITERAL, DOUBLE_LITERAL, REAL_LITERAL} [@1407,6146:6156='\ifExintVar',<188>,218:14] (termorseq, taclet, rulesOrAxioms, decls, file) 
94415      WARN  Test worker     d.u.i.k.n.KeYParser       [syntax-error] file:/home/runner/work/key/key/key.core/build/resources/main/de/uka/ilkd/key/proof/rules/ifThenElseRules.key:218:27: extraneous input '(' expecting {'\lemma', '}', IDENT, '/*!'} [@1410,6159:6159='(',<146>,218:27] (rulesOrAxioms, decls, file) 
94415      WARN  Test worker     d.u.i.k.n.KeYParser       [syntax-error] file:/home/runner/work/key/key/key.core/build/resources/main/de/uka/ilkd/key/proof/rules/ifThenElseRules.key:218:31: mismatched input ')' expecting {'(', '{'} [@1412,6163:6163=')',<147>,218:31] (taclet, rulesOrAxioms, decls, file) 
94415      WARN  Test worker     d.u.i.k.n.KeYParser       [syntax-error] file:/home/runner/work/key/key/key.core/build/resources/main/de/uka/ilkd/key/proof/rules/ifThenElseRules.key:220:44: mismatched input ')' expecting {'(', '{'} [@1444,6275:6275=')',<147>,220:44] (taclet, rulesOrAxioms, decls, file) 
94415      WARN  Test worker     d.u.i.k.n.KeYParser       [syntax-error] file:/home/runner/work/key/key/key.core/build/resources/main/de/uka/ilkd/key/proof/rules/ifThenElseRules.key:225:14: mismatched input '\ifExintVar' expecting {MODALITY, FORALL, EXISTS, '\if', '\ifEx', 'true', 'false', '(', '{', '@', NOT, SEQARROW, '-', STRING_LITERAL, CHAR_LITERAL, BIN_LITERAL, HEX_LITERAL, IDENT, INT_LITERAL, FLOAT_LITERAL, DOUBLE_LITERAL, REAL_LITERAL} [@1471,6389:6399='\ifExintVar',<188>,225:14] (termorseq, taclet, rulesOrAxioms, decls, file) 
94422      WARN  Test worker     d.u.i.k.n.KeYParser       [syntax-error] file:/home/runner/work/key/key/key.core/build/resources/main/de/uka/ilkd/key/proof/rules/ifThenElseRules.key:225:27: extraneous input '(' expecting {'\lemma', '}', IDENT, '/*!'} [@1474,6402:6402='(',<146>,225:27] (rulesOrAxioms, decls, file) 
94423      WARN  Test worker     d.u.i.k.n.KeYParser       [syntax-error] file:/home/runner/work/key/key/key.core/build/resources/main/de/uka/ilkd/key/proof/rules/ifThenElseRules.key:225:31: mismatched input ')' expecting {'(', '{'} [@1476,6406:6406=')',<147>,225:31] (taclet, rulesOrAxioms, decls, file) 
94423      WARN  Test worker     d.u.i.k.n.KeYParser       [syntax-error] file:/home/runner/work/key/key/key.core/build/resources/main/de/uka/ilkd/key/proof/rules/ifThenElseRules.key:227:44: mismatched input ')' expecting {'(', '{'} [@1508,6509:6509=')',<147>,227:44] (taclet, rulesOrAxioms, decls, file) 
94423      WARN  Test worker     d.u.i.k.n.KeYParser       [syntax-error] file:/home/runner/work/key/key/key.core/build/resources/main/de/uka/ilkd/key/proof/rules/ifThenElseRules.key:233:14: mismatched input '\ifExintVar' expecting {MODALITY, FORALL, EXISTS, '\if', '\ifEx', 'true', 'false', '(', '{', '@', NOT, SEQARROW, '-', STRING_LITERAL, CHAR_LITERAL, BIN_LITERAL, HEX_LITERAL, IDENT, INT_LITERAL, FLOAT_LITERAL, DOUBLE_LITERAL, REAL_LITERAL} [@1539,6656:6666='\ifExintVar',<188>,233:14] (termorseq, taclet, rulesOrAxioms, decls, file) 
94423      WARN  Test worker     d.u.i.k.n.KeYParser       [syntax-error] file:/home/runner/work/key/key/key.core/build/resources/main/de/uka/ilkd/key/proof/rules/ifThenElseRules.key:233:27: extraneous input '(' expecting {'\lemma', '}', IDENT, '/*!'} [@1542,6669:6669='(',<146>,233:27] (rulesOrAxioms, decls, file) 
94423      WARN  Test worker     d.u.i.k.n.KeYParser       [syntax-error] file:/home/runner/work/key/key/key.core/build/resources/main/de/uka/ilkd/key/proof/rules/ifThenElseRules.key:233:31: mismatched input ')' expecting {'(', '{'} [@1544,6673:6673=')',<147>,233:31] (taclet, rulesOrAxioms, decls, file) 
94423      WARN  Test worker     d.u.i.k.n.KeYParser       [syntax-error] file:/home/runner/work/key/key/key.core/build/resources/main/de/uka/ilkd/key/proof/rules/ifThenElseRules.key:237:42: mismatched input '}' expecting {'(', '{'} [@1586,6850:6850='}',<149>,237:42] (taclet, rulesOrAxioms, decls, file) 
94424      WARN  Test worker     d.u.i.k.n.KeYParser       [syntax-error] file:/home/runner/work/key/key/key.core/build/resources/main/de/uka/ilkd/key/proof/rules/ifThenElseRules.key:238:34: mismatched input '}' expecting {'(', '{'} [@1599,6891:6891='}',<149>,238:34] (taclet, rulesOrAxioms, decls, file) 
94424      WARN  Test worker     d.u.i.k.n.KeYParser       [syntax-error] file:/home/runner/work/key/key/key.core/build/resources/main/de/uka/ilkd/key/proof/rules/ifThenElseRules.key:239:28: extraneous input '(' expecting {'\lemma', '}', IDENT, '/*!'} [@1608,6925:6925='(',<146>,239:28] (rulesOrAxioms, decls, file) 
94424      WARN  Test worker     d.u.i.k.n.KeYParser       [syntax-error] file:/home/runner/work/key/key/key.core/build/resources/main/de/uka/ilkd/key/proof/rules/ifThenElseRules.key:239:33: mismatched input '->' expecting {'(', '{'} [@1611,6930:6931='->',<158>,239:33] (taclet, rulesOrAxioms, decls, file) 
94424      WARN  Test worker     d.u.i.k.n.KeYParser       [syntax-error] file:/home/runner/work/key/key/key.core/build/resources/main/de/uka/ilkd/key/proof/rules/ifThenElseRules.key:240:8: extraneous input '\replacewith' expecting {'\lemma', '}', IDENT, '/*!'} [@1626,6979:6990='\replacewith',<105>,240:8] (rulesOrAxioms, decls, file) 
94424      WARN  Test worker     d.u.i.k.n.KeYParser       [syntax-error] file:/home/runner/work/key/key/key.core/build/resources/main/de/uka/ilkd/key/proof/rules/ifThenElseRules.key:240:25: mismatched input ')' expecting {'(', '{'} [@1629,6996:6996=')',<147>,240:25] (taclet, rulesOrAxioms, decls, file) 
94424      WARN  Test worker     d.u.i.k.n.KeYParser       [syntax-error] file:/home/runner/work/key/key/key.core/build/resources/main/de/uka/ilkd/key/proof/rules/ifThenElseRules.key:240:56: mismatched input ')' expecting {'(', '{'} [@1642,7027:7027=')',<147>,240:56] (taclet, rulesOrAxioms, decls, file) 
94424      WARN  Test worker     d.u.i.k.n.KeYParser       [syntax-error] file:/home/runner/work/key/key/key.core/build/resources/main/de/uka/ilkd/key/proof/rules/ifThenElseRules.key:245:14: mismatched input '\ifExintVar' expecting {MODALITY, FORALL, EXISTS, '\if', '\ifEx', 'true', 'false', '(', '{', '@', NOT, SEQARROW, '-', STRING_LITERAL, CHAR_LITERAL, BIN_LITERAL, HEX_LITERAL, IDENT, INT_LITERAL, FLOAT_LITERAL, DOUBLE_LITERAL, REAL_LITERAL} [@1658,7109:7119='\ifExintVar',<188>,245:14] (termorseq, taclet, rulesOrAxioms, decls, file) 
94425      WARN  Test worker     d.u.i.k.n.KeYParser       [syntax-error] file:/home/runner/work/key/key/key.core/build/resources/main/de/uka/ilkd/key/proof/rules/ifThenElseRules.key:245:27: extraneous input '(' expecting {'\lemma', '}', IDENT, '/*!'} [@1661,7122:7122='(',<146>,245:27] (rulesOrAxioms, decls, file) 
94430      WARN  Test worker     d.u.i.k.n.KeYParser       [syntax-error] file:/home/runner/work/key/key/key.core/build/resources/main/de/uka/ilkd/key/proof/rules/ifThenElseRules.key:245:31: mismatched input ')' expecting {'(', '{'} [@1663,7126:7126=')',<147>,245:31] (taclet, rulesOrAxioms, decls, file) 
94430      WARN  Test worker     d.u.i.k.n.KeYParser       [syntax-error] file:/home/runner/work/key/key/key.core/build/resources/main/de/uka/ilkd/key/proof/rules/ifThenElseRules.key:248:45: mismatched input '}' expecting {'(', '{'} [@1696,7268:7268='}',<149>,248:45] (taclet, rulesOrAxioms, decls, file) 
94431      WARN  Test worker     d.u.i.k.n.KeYParser       [syntax-error] file:/home/runner/work/key/key/key.core/build/resources/main/de/uka/ilkd/key/proof/rules/ifThenElseRules.key:249:8: extraneous input '\replacewith' expecting {'\lemma', '}', IDENT, '/*!'} [@1701,7284:7295='\replacewith',<105>,249:8] (rulesOrAxioms, decls, file) 
94431      WARN  Test worker     d.u.i.k.n.KeYParser       [syntax-error] file:/home/runner/work/key/key/key.core/build/resources/main/de/uka/ilkd/key/proof/rules/ifThenElseRules.key:249:38: mismatched input ')' expecting {'(', '{'} [@1708,7314:7314=')',<147>,249:38] (taclet, rulesOrAxioms, decls, file) 
94431      WARN  Test worker     d.u.i.k.n.KeYParser       [syntax-error] file:/home/runner/work/key/key/key.core/build/resources/main/de/uka/ilkd/key/proof/rules/ifThenElseRules.key:250:42: mismatched input '}' expecting {'(', '{'} [@1731,7381:7381='}',<149>,250:42] (taclet, rulesOrAxioms, decls, file) 
94431      WARN  Test worker     d.u.i.k.n.KeYParser       [syntax-error] file:/home/runner/work/key/key/key.core/build/resources/main/de/uka/ilkd/key/proof/rules/ifThenElseRules.key:251:28: extraneous input '(' expecting {'\lemma', '}', IDENT, '/*!'} [@1741,7416:7416='(',<146>,251:28] (rulesOrAxioms, decls, file) 
94431      WARN  Test worker     d.u.i.k.n.KeYParser       [syntax-error] file:/home/runner/work/key/key/key.core/build/resources/main/de/uka/ilkd/key/proof/rules/ifThenElseRules.key:251:33: mismatched input '->' expecting {'(', '{'} [@1744,7421:7422='->',<158>,251:33] (taclet, rulesOrAxioms, decls, file) 
94431      WARN  Test worker     d.u.i.k.n.KeYParser       [syntax-error] file:/home/runner/work/key/key/key.core/build/resources/main/de/uka/ilkd/key/proof/rules/ifThenElseRules.key:255:14: mismatched input '\ifExintVar' expecting {MODALITY, FORALL, EXISTS, '\if', '\ifEx', 'true', 'false', '(', '{', '@', NOT, SEQARROW, '-', STRING_LITERAL, CHAR_LITERAL, BIN_LITERAL, HEX_LITERAL, IDENT, INT_LITERAL, FLOAT_LITERAL, DOUBLE_LITERAL, REAL_LITERAL} [@1765,7506:7516='\ifExintVar',<188>,255:14] (termorseq, taclet, rulesOrAxioms, decls, file) 
94438      WARN  Test worker     d.u.i.k.n.KeYParser       [syntax-error] file:/home/runner/work/key/key/key.core/build/resources/main/de/uka/ilkd/key/proof/rules/ifThenElseRules.key:255:27: extraneous input '(' expecting {'\lemma', '}', IDENT, '/*!'} [@1768,7519:7519='(',<146>,255:27] (rulesOrAxioms, decls, file) 
94439      WARN  Test worker     d.u.i.k.n.KeYParser       [syntax-error] file:/home/runner/work/key/key/key.core/build/resources/main/de/uka/ilkd/key/proof/rules/ifThenElseRules.key:255:31: mismatched input ')' expecting {'(', '{'} [@1770,7523:7523=')',<147>,255:31] (taclet, rulesOrAxioms, decls, file) 
94439      WARN  Test worker     d.u.i.k.n.KeYParser       [syntax-error] file:/home/runner/work/key/key/key.core/build/resources/main/de/uka/ilkd/key/proof/rules/ifThenElseRules.key:258:52: extraneous input '0' expecting {'\lemma', '}', IDENT, '/*!'} [@1809,7667:7667='0',<184>,258:52] (rulesOrAxioms, decls, file) 
94439      WARN  Test worker     d.u.i.k.n.KeYParser       [syntax-error] file:/home/runner/work/key/key/key.core/build/resources/main/de/uka/ilkd/key/proof/rules/ifThenElseRules.key:258:54: mismatched input 'then' expecting {<EOF>, '\problem', '\chooseContract', '\proofObligation', '\proof'} [@1811,7669:7672='then',<183>,258:54] (file) 
94500      WARN  Test worker     d.u.i.k.n.KeYParser       [syntax-error] file:/home/runner/work/key/key/key.core/build/resources/main/de/uka/ilkd/key/proof/rules/ifThenElseRules.key:135:14: mismatched input '\ifExintVar' expecting {MODALITY, FORALL, EXISTS, '\if', '\ifEx', 'true', 'false', '(', '{', '@', NOT, SEQARROW, '-', STRING_LITERAL, CHAR_LITERAL, BIN_LITERAL, HEX_LITERAL, IDENT, INT_LITERAL, FLOAT_LITERAL, DOUBLE_LITERAL, REAL_LITERAL} [@745,3563:3573='\ifExintVar',<188>,135:14] (termorseq, taclet, rulesOrAxioms, decls, file) 
94501      WARN  Test worker     d.u.i.k.n.KeYParser       [syntax-error] file:/home/runner/work/key/key/key.core/build/resources/main/de/uka/ilkd/key/proof/rules/ifThenElseRules.key:135:27: extraneous input '(' expecting {'\lemma', '}', IDENT, '/*!'} [@748,3576:3576='(',<146>,135:27] (rulesOrAxioms, decls, file) 
94501      WARN  Test worker     d.u.i.k.n.KeYParser       [syntax-error] file:/home/runner/work/key/key/key.core/build/resources/main/de/uka/ilkd/key/proof/rules/ifThenElseRules.key:135:44: mismatched input ')' expecting {'(', '{'} [@754,3593:3593=')',<147>,135:44] (taclet, rulesOrAxioms, decls, file) 
94501      WARN  Test worker     d.u.i.k.n.KeYParser       [syntax-error] file:/home/runner/work/key/key/key.core/build/resources/main/de/uka/ilkd/key/proof/rules/ifThenElseRules.key:141:14: mismatched input '\ifExintVar' expecting {MODALITY, FORALL, EXISTS, '\if', '\ifEx', 'true', 'false', '(', '{', '@', NOT, SEQARROW, '-', STRING_LITERAL, CHAR_LITERAL, BIN_LITERAL, HEX_LITERAL, IDENT, INT_LITERAL, FLOAT_LITERAL, DOUBLE_LITERAL, REAL_LITERAL} [@780,3716:3726='\ifExintVar',<188>,141:14] (termorseq, taclet, rulesOrAxioms, decls, file) 
94502      WARN  Test worker     d.u.i.k.n.KeYParser       [syntax-error] file:/home/runner/work/key/key/key.core/build/resources/main/de/uka/ilkd/key/proof/rules/ifThenElseRules.key:141:27: extraneous input '(' expecting {'\lemma', '}', IDENT, '/*!'} [@783,3729:3729='(',<146>,141:27] (rulesOrAxioms, decls, file) 
94502      WARN  Test worker     d.u.i.k.n.KeYParser       [syntax-error] file:/home/runner/work/key/key/key.core/build/resources/main/de/uka/ilkd/key/proof/rules/ifThenElseRules.key:141:41: mismatched input ')' expecting {'(', '{'} [@789,3743:3743=')',<147>,141:41] (taclet, rulesOrAxioms, decls, file) 
94502      WARN  Test worker     d.u.i.k.n.KeYParser       [syntax-error] file:/home/runner/work/key/key/key.core/build/resources/main/de/uka/ilkd/key/proof/rules/ifThenElseRules.key:148:14: mismatched input '\ifExintVar' expecting {MODALITY, FORALL, EXISTS, '\if', '\ifEx', 'true', 'false', '(', '{', '@', NOT, SEQARROW, '-', STRING_LITERAL, CHAR_LITERAL, BIN_LITERAL, HEX_LITERAL, IDENT, INT_LITERAL, FLOAT_LITERAL, DOUBLE_LITERAL, REAL_LITERAL} [@819,3896:3906='\ifExintVar',<188>,148:14] (termorseq, taclet, rulesOrAxioms, decls, file) 
94502      WARN  Test worker     d.u.i.k.n.KeYParser       [syntax-error] file:/home/runner/work/key/key/key.core/build/resources/main/de/uka/ilkd/key/proof/rules/ifThenElseRules.key:148:27: extraneous input '(' expecting {'\lemma', '}', IDENT, '/*!'} [@822,3909:3909='(',<146>,148:27] (rulesOrAxioms, decls, file) 
94502      WARN  Test worker     d.u.i.k.n.KeYParser       [syntax-error] file:/home/runner/work/key/key/key.core/build/resources/main/de/uka/ilkd/key/proof/rules/ifThenElseRules.key:148:35: mismatched input '=' expecting {'(', '{'} [@825,3917:3917='=',<159>,148:35] (taclet, rulesOrAxioms, decls, file) 
94503      WARN  Test worker     d.u.i.k.n.KeYParser       [syntax-error] file:/home/runner/work/key/key/key.core/build/resources/main/de/uka/ilkd/key/proof/rules/ifThenElseRules.key:150:38: mismatched input '}' expecting {'(', '{'} [@859,4023:4023='}',<149>,150:38] (taclet, rulesOrAxioms, decls, file) 
94503      WARN  Test worker     d.u.i.k.n.KeYParser       [syntax-error] file:/home/runner/work/key/key/key.core/build/resources/main/de/uka/ilkd/key/proof/rules/ifThenElseRules.key:155:14: mismatched input '\ifExintVar' expecting {MODALITY, FORALL, EXISTS, '\if', '\ifEx', 'true', 'false', '(', '{', '@', NOT, SEQARROW, '-', STRING_LITERAL, CHAR_LITERAL, BIN_LITERAL, HEX_LITERAL, IDENT, INT_LITERAL, FLOAT_LITERAL, DOUBLE_LITERAL, REAL_LITERAL} [@877,4109:4119='\ifExintVar',<188>,155:14] (termorseq, taclet, rulesOrAxioms, decls, file) 
94503      WARN  Test worker     d.u.i.k.n.KeYParser       [syntax-error] file:/home/runner/work/key/key/key.core/build/resources/main/de/uka/ilkd/key/proof/rules/ifThenElseRules.key:155:27: extraneous input '(' expecting {'\lemma', '}', IDENT, '/*!'} [@880,4122:4122='(',<146>,155:27] (rulesOrAxioms, decls, file) 
94504      WARN  Test worker     d.u.i.k.n.KeYParser       [syntax-error] file:/home/runner/work/key/key/key.core/build/resources/main/de/uka/ilkd/key/proof/rules/ifThenElseRules.key:155:35: mismatched input '=' expecting {'(', '{'} [@883,4130:4130='=',<159>,155:35] (taclet, rulesOrAxioms, decls, file) 
94504      WARN  Test worker     d.u.i.k.n.KeYParser       [syntax-error] file:/home/runner/work/key/key/key.core/build/resources/main/de/uka/ilkd/key/proof/rules/ifThenElseRules.key:157:38: mismatched input '}' expecting {'(', '{'} [@917,4230:4230='}',<149>,157:38] (taclet, rulesOrAxioms, decls, file) 
94504      WARN  Test worker     d.u.i.k.n.KeYParser       [syntax-error] file:/home/runner/work/key/key/key.core/build/resources/main/de/uka/ilkd/key/proof/rules/ifThenElseRules.key:163:14: mismatched input '\ifExintVar' expecting {MODALITY, FORALL, EXISTS, '\if', '\ifEx', 'true', 'false', '(', '{', '@', NOT, SEQARROW, '-', STRING_LITERAL, CHAR_LITERAL, BIN_LITERAL, HEX_LITERAL, IDENT, INT_LITERAL, FLOAT_LITERAL, DOUBLE_LITERAL, REAL_LITERAL} [@939,4350:4360='\ifExintVar',<188>,163:14] (termorseq, taclet, rulesOrAxioms, decls, file) 
94504      WARN  Test worker     d.u.i.k.n.KeYParser       [syntax-error] file:/home/runner/work/key/key/key.core/build/resources/main/de/uka/ilkd/key/proof/rules/ifThenElseRules.key:163:27: extraneous input '(' expecting {'\lemma', '}', IDENT, '/*!'} [@942,4363:4363='(',<146>,163:27] (rulesOrAxioms, decls, file) 
94504      WARN  Test worker     d.u.i.k.n.KeYParser       [syntax-error] file:/home/runner/work/key/key/key.core/build/resources/main/de/uka/ilkd/key/proof/rules/ifThenElseRules.key:163:30: mismatched input '=' expecting {'(', '{'} [@945,4366:4366='=',<159>,163:30] (taclet, rulesOrAxioms, decls, file) 
94504      WARN  Test worker     d.u.i.k.n.KeYParser       [syntax-error] file:/home/runner/work/key/key/key.core/build/resources/main/de/uka/ilkd/key/proof/rules/ifThenElseRules.key:165:38: mismatched input '}' expecting {'(', '{'} [@979,4477:4477='}',<149>,165:38] (taclet, rulesOrAxioms, decls, file) 
94505      WARN  Test worker     d.u.i.k.n.KeYParser       [syntax-error] file:/home/runner/work/key/key/key.core/build/resources/main/de/uka/ilkd/key/proof/rules/ifThenElseRules.key:171:14: mismatched input '\ifExintVar' expecting {MODALITY, FORALL, EXISTS, '\if', '\ifEx', 'true', 'false', '(', '{', '@', NOT, SEQARROW, '-', STRING_LITERAL, CHAR_LITERAL, BIN_LITERAL, HEX_LITERAL, IDENT, INT_LITERAL, FLOAT_LITERAL, DOUBLE_LITERAL, REAL_LITERAL} [@1001,4604:4614='\ifExintVar',<188>,171:14] (termorseq, taclet, rulesOrAxioms, decls, file) 
94505      WARN  Test worker     d.u.i.k.n.KeYParser       [syntax-error] file:/home/runner/work/key/key/key.core/build/resources/main/de/uka/ilkd/key/proof/rules/ifThenElseRules.key:171:27: extraneous input '(' expecting {'\lemma', '}', IDENT, '/*!'} [@1004,4617:4617='(',<146>,171:27] (rulesOrAxioms, decls, file) 
94505      WARN  Test worker     d.u.i.k.n.KeYParser       [syntax-error] file:/home/runner/work/key/key/key.core/build/resources/main/de/uka/ilkd/key/proof/rules/ifThenElseRules.key:171:30: mismatched input '=' expecting {'(', '{'} [@1007,4620:4620='=',<159>,171:30] (taclet, rulesOrAxioms, decls, file) 
94505      WARN  Test worker     d.u.i.k.n.KeYParser       [syntax-error] file:/home/runner/work/key/key/key.core/build/resources/main/de/uka/ilkd/key/proof/rules/ifThenElseRules.key:173:38: mismatched input '}' expecting {'(', '{'} [@1041,4725:4725='}',<149>,173:38] (taclet, rulesOrAxioms, decls, file) 
94505      WARN  Test worker     d.u.i.k.n.KeYParser       [syntax-error] file:/home/runner/work/key/key/key.core/build/resources/main/de/uka/ilkd/key/proof/rules/ifThenElseRules.key:179:14: mismatched input '\ifExintVar' expecting {MODALITY, FORALL, EXISTS, '\if', '\ifEx', 'true', 'false', '(', '{', '@', NOT, SEQARROW, '-', STRING_LITERAL, CHAR_LITERAL, BIN_LITERAL, HEX_LITERAL, IDENT, INT_LITERAL, FLOAT_LITERAL, DOUBLE_LITERAL, REAL_LITERAL} [@1063,4848:4858='\ifExintVar',<188>,179:14] (termorseq, taclet, rulesOrAxioms, decls, file) 
94506      WARN  Test worker     d.u.i.k.n.KeYParser       [syntax-error] file:/home/runner/work/key/key/key.core/build/resources/main/de/uka/ilkd/key/proof/rules/ifThenElseRules.key:179:27: extraneous input '(' expecting {'\lemma', '}', IDENT, '/*!'} [@1066,4861:4861='(',<146>,179:27] (rulesOrAxioms, decls, file) 
94506      WARN  Test worker     d.u.i.k.n.KeYParser       [syntax-error] file:/home/runner/work/key/key/key.core/build/resources/main/de/uka/ilkd/key/proof/rules/ifThenElseRules.key:179:32: mismatched input '&' expecting {'(', '{'} [@1069,4866:4866='&',<156>,179:32] (taclet, rulesOrAxioms, decls, file) 
94506      WARN  Test worker     d.u.i.k.n.KeYParser       [syntax-error] file:/home/runner/work/key/key/key.core/build/resources/main/de/uka/ilkd/key/proof/rules/ifThenElseRules.key:181:42: mismatched input '}' expecting {'(', '{'} [@1109,4985:4985='}',<149>,181:42] (taclet, rulesOrAxioms, decls, file) 
94506      WARN  Test worker     d.u.i.k.n.KeYParser       [syntax-error] file:/home/runner/work/key/key/key.core/build/resources/main/de/uka/ilkd/key/proof/rules/ifThenElseRules.key:182:39: mismatched input '}' expecting {'(', '{'} [@1122,5030:5030='}',<149>,182:39] (taclet, rulesOrAxioms, decls, file) 
94506      WARN  Test worker     d.u.i.k.n.KeYParser       [syntax-error] file:/home/runner/work/key/key/key.core/build/resources/main/de/uka/ilkd/key/proof/rules/ifThenElseRules.key:188:14: mismatched input '\ifExintVar' expecting {MODALITY, FORALL, EXISTS, '\if', '\ifEx', 'true', 'false', '(', '{', '@', NOT, SEQARROW, '-', STRING_LITERAL, CHAR_LITERAL, BIN_LITERAL, HEX_LITERAL, IDENT, INT_LITERAL, FLOAT_LITERAL, DOUBLE_LITERAL, REAL_LITERAL} [@1146,5149:5159='\ifExintVar',<188>,188:14] (termorseq, taclet, rulesOrAxioms, decls, file) 
94506      WARN  Test worker     d.u.i.k.n.KeYParser       [syntax-error] file:/home/runner/work/key/key/key.core/build/resources/main/de/uka/ilkd/key/proof/rules/ifThenElseRules.key:188:27: extraneous input '(' expecting {'\lemma', '}', IDENT, '/*!'} [@1149,5162:5162='(',<146>,188:27] (rulesOrAxioms, decls, file) 
94507      WARN  Test worker     d.u.i.k.n.KeYParser       [syntax-error] file:/home/runner/work/key/key/key.core/build/resources/main/de/uka/ilkd/key/proof/rules/ifThenElseRules.key:188:32: mismatched input '&' expecting {'(', '{'} [@1152,5167:5167='&',<156>,188:32] (taclet, rulesOrAxioms, decls, file) 
94507      WARN  Test worker     d.u.i.k.n.KeYParser       [syntax-error] file:/home/runner/work/key/key/key.core/build/resources/main/de/uka/ilkd/key/proof/rules/ifThenElseRules.key:190:42: mismatched input '}' expecting {'(', '{'} [@1192,5280:5280='}',<149>,190:42] (taclet, rulesOrAxioms, decls, file) 
94507      WARN  Test worker     d.u.i.k.n.KeYParser       [syntax-error] file:/home/runner/work/key/key/key.core/build/resources/main/de/uka/ilkd/key/proof/rules/ifThenElseRules.key:191:39: mismatched input '}' expecting {'(', '{'} [@1205,5325:5325='}',<149>,191:39] (taclet, rulesOrAxioms, decls, file) 
94507      WARN  Test worker     d.u.i.k.n.KeYParser       [syntax-error] file:/home/runner/work/key/key/key.core/build/resources/main/de/uka/ilkd/key/proof/rules/ifThenElseRules.key:198:14: mismatched input '\ifExintVar' expecting {MODALITY, FORALL, EXISTS, '\if', '\ifEx', 'true', 'false', '(', '{', '@', NOT, SEQARROW, '-', STRING_LITERAL, CHAR_LITERAL, BIN_LITERAL, HEX_LITERAL, IDENT, INT_LITERAL, FLOAT_LITERAL, DOUBLE_LITERAL, REAL_LITERAL} [@1233,5475:5485='\ifExintVar',<188>,198:14] (termorseq, taclet, rulesOrAxioms, decls, file) 
94507      WARN  Test worker     d.u.i.k.n.KeYParser       [syntax-error] file:/home/runner/work/key/key/key.core/build/resources/main/de/uka/ilkd/key/proof/rules/ifThenElseRules.key:198:27: extraneous input '(' expecting {'\lemma', '}', IDENT, '/*!'} [@1236,5488:5488='(',<146>,198:27] (rulesOrAxioms, decls, file) 
94507      WARN  Test worker     d.u.i.k.n.KeYParser       [syntax-error] file:/home/runner/work/key/key/key.core/build/resources/main/de/uka/ilkd/key/proof/rules/ifThenElseRules.key:198:32: mismatched input '&' expecting {'(', '{'} [@1239,5493:5493='&',<156>,198:32] (taclet, rulesOrAxioms, decls, file) 
94508      WARN  Test worker     d.u.i.k.n.KeYParser       [syntax-error] file:/home/runner/work/key/key/key.core/build/resources/main/de/uka/ilkd/key/proof/rules/ifThenElseRules.key:200:42: mismatched input '}' expecting {'(', '{'} [@1279,5612:5612='}',<149>,200:42] (taclet, rulesOrAxioms, decls, file) 
94508      WARN  Test worker     d.u.i.k.n.KeYParser       [syntax-error] file:/home/runner/work/key/key/key.core/build/resources/main/de/uka/ilkd/key/proof/rules/ifThenElseRules.key:201:39: mismatched input '}' expecting {'(', '{'} [@1292,5657:5657='}',<149>,201:39] (taclet, rulesOrAxioms, decls, file) 
94508      WARN  Test worker     d.u.i.k.n.KeYParser       [syntax-error] file:/home/runner/work/key/key/key.core/build/resources/main/de/uka/ilkd/key/proof/rules/ifThenElseRules.key:208:14: mismatched input '\ifExintVar' expecting {MODALITY, FORALL, EXISTS, '\if', '\ifEx', 'true', 'false', '(', '{', '@', NOT, SEQARROW, '-', STRING_LITERAL, CHAR_LITERAL, BIN_LITERAL, HEX_LITERAL, IDENT, INT_LITERAL, FLOAT_LITERAL, DOUBLE_LITERAL, REAL_LITERAL} [@1320,5817:5827='\ifExintVar',<188>,208:14] (termorseq, taclet, rulesOrAxioms, decls, file) 
94508      WARN  Test worker     d.u.i.k.n.KeYParser       [syntax-error] file:/home/runner/work/key/key/key.core/build/resources/main/de/uka/ilkd/key/proof/rules/ifThenElseRules.key:208:27: extraneous input '(' expecting {'\lemma', '}', IDENT, '/*!'} [@1323,5830:5830='(',<146>,208:27] (rulesOrAxioms, decls, file) 
94508      WARN  Test worker     d.u.i.k.n.KeYParser       [syntax-error] file:/home/runner/work/key/key/key.core/build/resources/main/de/uka/ilkd/key/proof/rules/ifThenElseRules.key:208:32: mismatched input '&' expecting {'(', '{'} [@1326,5835:5835='&',<156>,208:32] (taclet, rulesOrAxioms, decls, file) 
94508      WARN  Test worker     d.u.i.k.n.KeYParser       [syntax-error] file:/home/runner/work/key/key/key.core/build/resources/main/de/uka/ilkd/key/proof/rules/ifThenElseRules.key:210:42: mismatched input '}' expecting {'(', '{'} [@1366,5948:5948='}',<149>,210:42] (taclet, rulesOrAxioms, decls, file) 
94509      WARN  Test worker     d.u.i.k.n.KeYParser       [syntax-error] file:/home/runner/work/key/key/key.core/build/resources/main/de/uka/ilkd/key/proof/rules/ifThenElseRules.key:211:39: mismatched input '}' expecting {'(', '{'} [@1379,5993:5993='}',<149>,211:39] (taclet, rulesOrAxioms, decls, file) 
94509      WARN  Test worker     d.u.i.k.n.KeYParser       [syntax-error] file:/home/runner/work/key/key/key.core/build/resources/main/de/uka/ilkd/key/proof/rules/ifThenElseRules.key:218:14: mismatched input '\ifExintVar' expecting {MODALITY, FORALL, EXISTS, '\if', '\ifEx', 'true', 'false', '(', '{', '@', NOT, SEQARROW, '-', STRING_LITERAL, CHAR_LITERAL, BIN_LITERAL, HEX_LITERAL, IDENT, INT_LITERAL, FLOAT_LITERAL, DOUBLE_LITERAL, REAL_LITERAL} [@1407,6146:6156='\ifExintVar',<188>,218:14] (termorseq, taclet, rulesOrAxioms, decls, file) 
94509      WARN  Test worker     d.u.i.k.n.KeYParser       [syntax-error] file:/home/runner/work/key/key/key.core/build/resources/main/de/uka/ilkd/key/proof/rules/ifThenElseRules.key:218:27: extraneous input '(' expecting {'\lemma', '}', IDENT, '/*!'} [@1410,6159:6159='(',<146>,218:27] (rulesOrAxioms, decls, file) 
94509      WARN  Test worker     d.u.i.k.n.KeYParser       [syntax-error] file:/home/runner/work/key/key/key.core/build/resources/main/de/uka/ilkd/key/proof/rules/ifThenElseRules.key:218:31: mismatched input ')' expecting {'(', '{'} [@1412,6163:6163=')',<147>,218:31] (taclet, rulesOrAxioms, decls, file) 
94509      WARN  Test worker     d.u.i.k.n.KeYParser       [syntax-error] file:/home/runner/work/key/key/key.core/build/resources/main/de/uka/ilkd/key/proof/rules/ifThenElseRules.key:220:44: mismatched input ')' expecting {'(', '{'} [@1444,6275:6275=')',<147>,220:44] (taclet, rulesOrAxioms, decls, file) 
94509      WARN  Test worker     d.u.i.k.n.KeYParser       [syntax-error] file:/home/runner/work/key/key/key.core/build/resources/main/de/uka/ilkd/key/proof/rules/ifThenElseRules.key:225:14: mismatched input '\ifExintVar' expecting {MODALITY, FORALL, EXISTS, '\if', '\ifEx', 'true', 'false', '(', '{', '@', NOT, SEQARROW, '-', STRING_LITERAL, CHAR_LITERAL, BIN_LITERAL, HEX_LITERAL, IDENT, INT_LITERAL, FLOAT_LITERAL, DOUBLE_LITERAL, REAL_LITERAL} [@1471,6389:6399='\ifExintVar',<188>,225:14] (termorseq, taclet, rulesOrAxioms, decls, file) 
94510      WARN  Test worker     d.u.i.k.n.KeYParser       [syntax-error] file:/home/runner/work/key/key/key.core/build/resources/main/de/uka/ilkd/key/proof/rules/ifThenElseRules.key:225:27: extraneous input '(' expecting {'\lemma', '}', IDENT, '/*!'} [@1474,6402:6402='(',<146>,225:27] (rulesOrAxioms, decls, file) 
94510      WARN  Test worker     d.u.i.k.n.KeYParser       [syntax-error] file:/home/runner/work/key/key/key.core/build/resources/main/de/uka/ilkd/key/proof/rules/ifThenElseRules.key:225:31: mismatched input ')' expecting {'(', '{'} [@1476,6406:6406=')',<147>,225:31] (taclet, rulesOrAxioms, decls, file) 
94510      WARN  Test worker     d.u.i.k.n.KeYParser       [syntax-error] file:/home/runner/work/key/key/key.core/build/resources/main/de/uka/ilkd/key/proof/rules/ifThenElseRules.key:227:44: mismatched input ')' expecting {'(', '{'} [@1508,6509:6509=')',<147>,227:44] (taclet, rulesOrAxioms, decls, file) 
94510      WARN  Test worker     d.u.i.k.n.KeYParser       [syntax-error] file:/home/runner/work/key/key/key.core/build/resources/main/de/uka/ilkd/key/proof/rules/ifThenElseRules.key:233:14: mismatched input '\ifExintVar' expecting {MODALITY, FORALL, EXISTS, '\if', '\ifEx', 'true', 'false', '(', '{', '@', NOT, SEQARROW, '-', STRING_LITERAL, CHAR_LITERAL, BIN_LITERAL, HEX_LITERAL, IDENT, INT_LITERAL, FLOAT_LITERAL, DOUBLE_LITERAL, REAL_LITERAL} [@1539,6656:6666='\ifExintVar',<188>,233:14] (termorseq, taclet, rulesOrAxioms, decls, file) 
94510      WARN  Test worker     d.u.i.k.n.KeYParser       [syntax-error] file:/home/runner/work/key/key/key.core/build/resources/main/de/uka/ilkd/key/proof/rules/ifThenElseRules.key:233:27: extraneous input '(' expecting {'\lemma', '}', IDENT, '/*!'} [@1542,6669:6669='(',<146>,233:27] (rulesOrAxioms, decls, file) 
94511      WARN  Test worker     d.u.i.k.n.KeYParser       [syntax-error] file:/home/runner/work/key/key/key.core/build/resources/main/de/uka/ilkd/key/proof/rules/ifThenElseRules.key:233:31: mismatched input ')' expecting {'(', '{'} [@1544,6673:6673=')',<147>,233:31] (taclet, rulesOrAxioms, decls, file) 
94511      WARN  Test worker     d.u.i.k.n.KeYParser       [syntax-error] file:/home/runner/work/key/key/key.core/build/resources/main/de/uka/ilkd/key/proof/rules/ifThenElseRules.key:237:42: mismatched input '}' expecting {'(', '{'} [@1586,6850:6850='}',<149>,237:42] (taclet, rulesOrAxioms, decls, file) 
94511      WARN  Test worker     d.u.i.k.n.KeYParser       [syntax-error] file:/home/runner/work/key/key/key.core/build/resources/main/de/uka/ilkd/key/proof/rules/ifThenElseRules.key:238:34: mismatched input '}' expecting {'(', '{'} [@1599,6891:6891='}',<149>,238:34] (taclet, rulesOrAxioms, decls, file) 
94511      WARN  Test worker     d.u.i.k.n.KeYParser       [syntax-error] file:/home/runner/work/key/key/key.core/build/resources/main/de/uka/ilkd/key/proof/rules/ifThenElseRules.key:239:28: extraneous input '(' expecting {'\lemma', '}', IDENT, '/*!'} [@1608,6925:6925='(',<146>,239:28] (rulesOrAxioms, decls, file) 
94511      WARN  Test worker     d.u.i.k.n.KeYParser       [syntax-error] file:/home/runner/work/key/key/key.core/build/resources/main/de/uka/ilkd/key/proof/rules/ifThenElseRules.key:239:33: mismatched input '->' expecting {'(', '{'} [@1611,6930:6931='->',<158>,239:33] (taclet, rulesOrAxioms, decls, file) 
94511      WARN  Test worker     d.u.i.k.n.KeYParser       [syntax-error] file:/home/runner/work/key/key/key.core/build/resources/main/de/uka/ilkd/key/proof/rules/ifThenElseRules.key:240:8: extraneous input '\replacewith' expecting {'\lemma', '}', IDENT, '/*!'} [@1626,6979:6990='\replacewith',<105>,240:8] (rulesOrAxioms, decls, file) 
94511      WARN  Test worker     d.u.i.k.n.KeYParser       [syntax-error] file:/home/runner/work/key/key/key.core/build/resources/main/de/uka/ilkd/key/proof/rules/ifThenElseRules.key:240:25: mismatched input ')' expecting {'(', '{'} [@1629,6996:6996=')',<147>,240:25] (taclet, rulesOrAxioms, decls, file) 
94512      WARN  Test worker     d.u.i.k.n.KeYParser       [syntax-error] file:/home/runner/work/key/key/key.core/build/resources/main/de/uka/ilkd/key/proof/rules/ifThenElseRules.key:240:56: mismatched input ')' expecting {'(', '{'} [@1642,7027:7027=')',<147>,240:56] (taclet, rulesOrAxioms, decls, file) 
94512      WARN  Test worker     d.u.i.k.n.KeYParser       [syntax-error] file:/home/runner/work/key/key/key.core/build/resources/main/de/uka/ilkd/key/proof/rules/ifThenElseRules.key:245:14: mismatched input '\ifExintVar' expecting {MODALITY, FORALL, EXISTS, '\if', '\ifEx', 'true', 'false', '(', '{', '@', NOT, SEQARROW, '-', STRING_LITERAL, CHAR_LITERAL, BIN_LITERAL, HEX_LITERAL, IDENT, INT_LITERAL, FLOAT_LITERAL, DOUBLE_LITERAL, REAL_LITERAL} [@1658,7109:7119='\ifExintVar',<188>,245:14] (termorseq, taclet, rulesOrAxioms, decls, file) 
94512      WARN  Test worker     d.u.i.k.n.KeYParser       [syntax-error] file:/home/runner/work/key/key/key.core/build/resources/main/de/uka/ilkd/key/proof/rules/ifThenElseRules.key:245:27: extraneous input '(' expecting {'\lemma', '}', IDENT, '/*!'} [@1661,7122:7122='(',<146>,245:27] (rulesOrAxioms, decls, file) 
94512      WARN  Test worker     d.u.i.k.n.KeYParser       [syntax-error] file:/home/runner/work/key/key/key.core/build/resources/main/de/uka/ilkd/key/proof/rules/ifThenElseRules.key:245:31: mismatched input ')' expecting {'(', '{'} [@1663,7126:7126=')',<147>,245:31] (taclet, rulesOrAxioms, decls, file) 
94512      WARN  Test worker     d.u.i.k.n.KeYParser       [syntax-error] file:/home/runner/work/key/key/key.core/build/resources/main/de/uka/ilkd/key/proof/rules/ifThenElseRules.key:248:45: mismatched input '}' expecting {'(', '{'} [@1696,7268:7268='}',<149>,248:45] (taclet, rulesOrAxioms, decls, file) 
94512      WARN  Test worker     d.u.i.k.n.KeYParser       [syntax-error] file:/home/runner/work/key/key/key.core/build/resources/main/de/uka/ilkd/key/proof/rules/ifThenElseRules.key:249:8: extraneous input '\replacewith' expecting {'\lemma', '}', IDENT, '/*!'} [@1701,7284:7295='\replacewith',<105>,249:8] (rulesOrAxioms, decls, file) 
94513      WARN  Test worker     d.u.i.k.n.KeYParser       [syntax-error] file:/home/runner/work/key/key/key.core/build/resources/main/de/uka/ilkd/key/proof/rules/ifThenElseRules.key:249:38: mismatched input ')' expecting {'(', '{'} [@1708,7314:7314=')',<147>,249:38] (taclet, rulesOrAxioms, decls, file) 
94513      WARN  Test worker     d.u.i.k.n.KeYParser       [syntax-error] file:/home/runner/work/key/key/key.core/build/resources/main/de/uka/ilkd/key/proof/rules/ifThenElseRules.key:250:42: mismatched input '}' expecting {'(', '{'} [@1731,7381:7381='}',<149>,250:42] (taclet, rulesOrAxioms, decls, file) 
94513      WARN  Test worker     d.u.i.k.n.KeYParser       [syntax-error] file:/home/runner/work/key/key/key.core/build/resources/main/de/uka/ilkd/key/proof/rules/ifThenElseRules.key:251:28: extraneous input '(' expecting {'\lemma', '}', IDENT, '/*!'} [@1741,7416:7416='(',<146>,251:28] (rulesOrAxioms, decls, file) 
94513      WARN  Test worker     d.u.i.k.n.KeYParser       [syntax-error] file:/home/runner/work/key/key/key.core/build/resources/main/de/uka/ilkd/key/proof/rules/ifThenElseRules.key:251:33: mismatched input '->' expecting {'(', '{'} [@1744,7421:7422='->',<158>,251:33] (taclet, rulesOrAxioms, decls, file) 
94513      WARN  Test worker     d.u.i.k.n.KeYParser       [syntax-error] file:/home/runner/work/key/key/key.core/build/resources/main/de/uka/ilkd/key/proof/rules/ifThenElseRules.key:255:14: mismatched input '\ifExintVar' expecting {MODALITY, FORALL, EXISTS, '\if', '\ifEx', 'true', 'false', '(', '{', '@', NOT, SEQARROW, '-', STRING_LITERAL, CHAR_LITERAL, BIN_LITERAL, HEX_LITERAL, IDENT, INT_LITERAL, FLOAT_LITERAL, DOUBLE_LITERAL, REAL_LITERAL} [@1765,7506:7516='\ifExintVar',<188>,255:14] (termorseq, taclet, rulesOrAxioms, decls, file) 
94514      WARN  Test worker     d.u.i.k.n.KeYParser       [syntax-error] file:/home/runner/work/key/key/key.core/build/resources/main/de/uka/ilkd/key/proof/rules/ifThenElseRules.key:255:27: extraneous input '(' expecting {'\lemma', '}', IDENT, '/*!'} [@1768,7519:7519='(',<146>,255:27] (rulesOrAxioms, decls, file) 
94514      WARN  Test worker     d.u.i.k.n.KeYParser       [syntax-error] file:/home/runner/work/key/key/key.core/build/resources/main/de/uka/ilkd/key/proof/rules/ifThenElseRules.key:255:31: mismatched input ')' expecting {'(', '{'} [@1770,7523:7523=')',<147>,255:31] (taclet, rulesOrAxioms, decls, file) 
94514      WARN  Test worker     d.u.i.k.n.KeYParser       [syntax-error] file:/home/runner/work/key/key/key.core/build/resources/main/de/uka/ilkd/key/proof/rules/ifThenElseRules.key:258:52: extraneous input '0' expecting {'\lemma', '}', IDENT, '/*!'} [@1809,7667:7667='0',<184>,258:52] (rulesOrAxioms, decls, file) 
94514      WARN  Test worker     d.u.i.k.n.KeYParser       [syntax-error] file:/home/runner/work/key/key/key.core/build/resources/main/de/uka/ilkd/key/proof/rules/ifThenElseRules.key:258:54: mismatched input 'then' expecting {<EOF>, '\problem', '\chooseContract', '\proofObligation', '\proof'} [@1811,7669:7672='then',<183>,258:54] (file) 
94566      WARN  Test worker     d.u.i.k.n.KeYParser       [syntax-error] file:/home/runner/work/key/key/key.core/build/resources/main/de/uka/ilkd/key/proof/rules/ifThenElseRules.key:135:14: mismatched input '\ifExintVar' expecting {MODALITY, FORALL, EXISTS, '\if', '\ifEx', 'true', 'false', '(', '{', '@', NOT, SEQARROW, '-', STRING_LITERAL, CHAR_LITERAL, BIN_LITERAL, HEX_LITERAL, IDENT, INT_LITERAL, FLOAT_LITERAL, DOUBLE_LITERAL, REAL_LITERAL} [@745,3563:3573='\ifExintVar',<188>,135:14] (termorseq, taclet, rulesOrAxioms, decls, file) 
94567      WARN  Test worker     d.u.i.k.n.KeYParser       [syntax-error] file:/home/runner/work/key/key/key.core/build/resources/main/de/uka/ilkd/key/proof/rules/ifThenElseRules.key:135:27: extraneous input '(' expecting {'\lemma', '}', IDENT, '/*!'} [@748,3576:3576='(',<146>,135:27] (rulesOrAxioms, decls, file) 
94567      WARN  Test worker     d.u.i.k.n.KeYParser       [syntax-error] file:/home/runner/work/key/key/key.core/build/resources/main/de/uka/ilkd/key/proof/rules/ifThenElseRules.key:135:44: mismatched input ')' expecting {'(', '{'} [@754,3593:3593=')',<147>,135:44] (taclet, rulesOrAxioms, decls, file) 
94567      WARN  Test worker     d.u.i.k.n.KeYParser       [syntax-error] file:/home/runner/work/key/key/key.core/build/resources/main/de/uka/ilkd/key/proof/rules/ifThenElseRules.key:141:14: mismatched input '\ifExintVar' expecting {MODALITY, FORALL, EXISTS, '\if', '\ifEx', 'true', 'false', '(', '{', '@', NOT, SEQARROW, '-', STRING_LITERAL, CHAR_LITERAL, BIN_LITERAL, HEX_LITERAL, IDENT, INT_LITERAL, FLOAT_LITERAL, DOUBLE_LITERAL, REAL_LITERAL} [@780,3716:3726='\ifExintVar',<188>,141:14] (termorseq, taclet, rulesOrAxioms, decls, file) 
94567      WARN  Test worker     d.u.i.k.n.KeYParser       [syntax-error] file:/home/runner/work/key/key/key.core/build/resources/main/de/uka/ilkd/key/proof/rules/ifThenElseRules.key:141:27: extraneous input '(' expecting {'\lemma', '}', IDENT, '/*!'} [@783,3729:3729='(',<146>,141:27] (rulesOrAxioms, decls, file) 
94567      WARN  Test worker     d.u.i.k.n.KeYParser       [syntax-error] file:/home/runner/work/key/key/key.core/build/resources/main/de/uka/ilkd/key/proof/rules/ifThenElseRules.key:141:41: mismatched input ')' expecting {'(', '{'} [@789,3743:3743=')',<147>,141:41] (taclet, rulesOrAxioms, decls, file) 
94568      WARN  Test worker     d.u.i.k.n.KeYParser       [syntax-error] file:/home/runner/work/key/key/key.core/build/resources/main/de/uka/ilkd/key/proof/rules/ifThenElseRules.key:148:14: mismatched input '\ifExintVar' expecting {MODALITY, FORALL, EXISTS, '\if', '\ifEx', 'true', 'false', '(', '{', '@', NOT, SEQARROW, '-', STRING_LITERAL, CHAR_LITERAL, BIN_LITERAL, HEX_LITERAL, IDENT, INT_LITERAL, FLOAT_LITERAL, DOUBLE_LITERAL, REAL_LITERAL} [@819,3896:3906='\ifExintVar',<188>,148:14] (termorseq, taclet, rulesOrAxioms, decls, file) 
94568      WARN  Test worker     d.u.i.k.n.KeYParser       [syntax-error] file:/home/runner/work/key/key/key.core/build/resources/main/de/uka/ilkd/key/proof/rules/ifThenElseRules.key:148:27: extraneous input '(' expecting {'\lemma', '}', IDENT, '/*!'} [@822,3909:3909='(',<146>,148:27] (rulesOrAxioms, decls, file) 
94568      WARN  Test worker     d.u.i.k.n.KeYParser       [syntax-error] file:/home/runner/work/key/key/key.core/build/resources/main/de/uka/ilkd/key/proof/rules/ifThenElseRules.key:148:35: mismatched input '=' expecting {'(', '{'} [@825,3917:3917='=',<159>,148:35] (taclet, rulesOrAxioms, decls, file) 
94568      WARN  Test worker     d.u.i.k.n.KeYParser       [syntax-error] file:/home/runner/work/key/key/key.core/build/resources/main/de/uka/ilkd/key/proof/rules/ifThenElseRules.key:150:38: mismatched input '}' expecting {'(', '{'} [@859,4023:4023='}',<149>,150:38] (taclet, rulesOrAxioms, decls, file) 
94568      WARN  Test worker     d.u.i.k.n.KeYParser       [syntax-error] file:/home/runner/work/key/key/key.core/build/resources/main/de/uka/ilkd/key/proof/rules/ifThenElseRules.key:155:14: mismatched input '\ifExintVar' expecting {MODALITY, FORALL, EXISTS, '\if', '\ifEx', 'true', 'false', '(', '{', '@', NOT, SEQARROW, '-', STRING_LITERAL, CHAR_LITERAL, BIN_LITERAL, HEX_LITERAL, IDENT, INT_LITERAL, FLOAT_LITERAL, DOUBLE_LITERAL, REAL_LITERAL} [@877,4109:4119='\ifExintVar',<188>,155:14] (termorseq, taclet, rulesOrAxioms, decls, file) 
94568      WARN  Test worker     d.u.i.k.n.KeYParser       [syntax-error] file:/home/runner/work/key/key/key.core/build/resources/main/de/uka/ilkd/key/proof/rules/ifThenElseRules.key:155:27: extraneous input '(' expecting {'\lemma', '}', IDENT, '/*!'} [@880,4122:4122='(',<146>,155:27] (rulesOrAxioms, decls, file) 
94569      WARN  Test worker     d.u.i.k.n.KeYParser       [syntax-error] file:/home/runner/work/key/key/key.core/build/resources/main/de/uka/ilkd/key/proof/rules/ifThenElseRules.key:155:35: mismatched input '=' expecting {'(', '{'} [@883,4130:4130='=',<159>,155:35] (taclet, rulesOrAxioms, decls, file) 
94569      WARN  Test worker     d.u.i.k.n.KeYParser       [syntax-error] file:/home/runner/work/key/key/key.core/build/resources/main/de/uka/ilkd/key/proof/rules/ifThenElseRules.key:157:38: mismatched input '}' expecting {'(', '{'} [@917,4230:4230='}',<149>,157:38] (taclet, rulesOrAxioms, decls, file) 
94569      WARN  Test worker     d.u.i.k.n.KeYParser       [syntax-error] file:/home/runner/work/key/key/key.core/build/resources/main/de/uka/ilkd/key/proof/rules/ifThenElseRules.key:163:14: mismatched input '\ifExintVar' expecting {MODALITY, FORALL, EXISTS, '\if', '\ifEx', 'true', 'false', '(', '{', '@', NOT, SEQARROW, '-', STRING_LITERAL, CHAR_LITERAL, BIN_LITERAL, HEX_LITERAL, IDENT, INT_LITERAL, FLOAT_LITERAL, DOUBLE_LITERAL, REAL_LITERAL} [@939,4350:4360='\ifExintVar',<188>,163:14] (termorseq, taclet, rulesOrAxioms, decls, file) 
94569      WARN  Test worker     d.u.i.k.n.KeYParser       [syntax-error] file:/home/runner/work/key/key/key.core/build/resources/main/de/uka/ilkd/key/proof/rules/ifThenElseRules.key:163:27: extraneous input '(' expecting {'\lemma', '}', IDENT, '/*!'} [@942,4363:4363='(',<146>,163:27] (rulesOrAxioms, decls, file) 
94569      WARN  Test worker     d.u.i.k.n.KeYParser       [syntax-error] file:/home/runner/work/key/key/key.core/build/resources/main/de/uka/ilkd/key/proof/rules/ifThenElseRules.key:163:30: mismatched input '=' expecting {'(', '{'} [@945,4366:4366='=',<159>,163:30] (taclet, rulesOrAxioms, decls, file) 
94569      WARN  Test worker     d.u.i.k.n.KeYParser       [syntax-error] file:/home/runner/work/key/key/key.core/build/resources/main/de/uka/ilkd/key/proof/rules/ifThenElseRules.key:165:38: mismatched input '}' expecting {'(', '{'} [@979,4477:4477='}',<149>,165:38] (taclet, rulesOrAxioms, decls, file) 
94570      WARN  Test worker     d.u.i.k.n.KeYParser       [syntax-error] file:/home/runner/work/key/key/key.core/build/resources/main/de/uka/ilkd/key/proof/rules/ifThenElseRules.key:171:14: mismatched input '\ifExintVar' expecting {MODALITY, FORALL, EXISTS, '\if', '\ifEx', 'true', 'false', '(', '{', '@', NOT, SEQARROW, '-', STRING_LITERAL, CHAR_LITERAL, BIN_LITERAL, HEX_LITERAL, IDENT, INT_LITERAL, FLOAT_LITERAL, DOUBLE_LITERAL, REAL_LITERAL} [@1001,4604:4614='\ifExintVar',<188>,171:14] (termorseq, taclet, rulesOrAxioms, decls, file) 
94570      WARN  Test worker     d.u.i.k.n.KeYParser       [syntax-error] file:/home/runner/work/key/key/key.core/build/resources/main/de/uka/ilkd/key/proof/rules/ifThenElseRules.key:171:27: extraneous input '(' expecting {'\lemma', '}', IDENT, '/*!'} [@1004,4617:4617='(',<146>,171:27] (rulesOrAxioms, decls, file) 
94570      WARN  Test worker     d.u.i.k.n.KeYParser       [syntax-error] file:/home/runner/work/key/key/key.core/build/resources/main/de/uka/ilkd/key/proof/rules/ifThenElseRules.key:171:30: mismatched input '=' expecting {'(', '{'} [@1007,4620:4620='=',<159>,171:30] (taclet, rulesOrAxioms, decls, file) 
94570      WARN  Test worker     d.u.i.k.n.KeYParser       [syntax-error] file:/home/runner/work/key/key/key.core/build/resources/main/de/uka/ilkd/key/proof/rules/ifThenElseRules.key:173:38: mismatched input '}' expecting {'(', '{'} [@1041,4725:4725='}',<149>,173:38] (taclet, rulesOrAxioms, decls, file) 
94570      WARN  Test worker     d.u.i.k.n.KeYParser       [syntax-error] file:/home/runner/work/key/key/key.core/build/resources/main/de/uka/ilkd/key/proof/rules/ifThenElseRules.key:179:14: mismatched input '\ifExintVar' expecting {MODALITY, FORALL, EXISTS, '\if', '\ifEx', 'true', 'false', '(', '{', '@', NOT, SEQARROW, '-', STRING_LITERAL, CHAR_LITERAL, BIN_LITERAL, HEX_LITERAL, IDENT, INT_LITERAL, FLOAT_LITERAL, DOUBLE_LITERAL, REAL_LITERAL} [@1063,4848:4858='\ifExintVar',<188>,179:14] (termorseq, taclet, rulesOrAxioms, decls, file) 
94571      WARN  Test worker     d.u.i.k.n.KeYParser       [syntax-error] file:/home/runner/work/key/key/key.core/build/resources/main/de/uka/ilkd/key/proof/rules/ifThenElseRules.key:179:27: extraneous input '(' expecting {'\lemma', '}', IDENT, '/*!'} [@1066,4861:4861='(',<146>,179:27] (rulesOrAxioms, decls, file) 
94571      WARN  Test worker     d.u.i.k.n.KeYParser       [syntax-error] file:/home/runner/work/key/key/key.core/build/resources/main/de/uka/ilkd/key/proof/rules/ifThenElseRules.key:179:32: mismatched input '&' expecting {'(', '{'} [@1069,4866:4866='&',<156>,179:32] (taclet, rulesOrAxioms, decls, file) 
94571      WARN  Test worker     d.u.i.k.n.KeYParser       [syntax-error] file:/home/runner/work/key/key/key.core/build/resources/main/de/uka/ilkd/key/proof/rules/ifThenElseRules.key:181:42: mismatched input '}' expecting {'(', '{'} [@1109,4985:4985='}',<149>,181:42] (taclet, rulesOrAxioms, decls, file) 
94571      WARN  Test worker     d.u.i.k.n.KeYParser       [syntax-error] file:/home/runner/work/key/key/key.core/build/resources/main/de/uka/ilkd/key/proof/rules/ifThenElseRules.key:182:39: mismatched input '}' expecting {'(', '{'} [@1122,5030:5030='}',<149>,182:39] (taclet, rulesOrAxioms, decls, file) 
94571      WARN  Test worker     d.u.i.k.n.KeYParser       [syntax-error] file:/home/runner/work/key/key/key.core/build/resources/main/de/uka/ilkd/key/proof/rules/ifThenElseRules.key:188:14: mismatched input '\ifExintVar' expecting {MODALITY, FORALL, EXISTS, '\if', '\ifEx', 'true', 'false', '(', '{', '@', NOT, SEQARROW, '-', STRING_LITERAL, CHAR_LITERAL, BIN_LITERAL, HEX_LITERAL, IDENT, INT_LITERAL, FLOAT_LITERAL, DOUBLE_LITERAL, REAL_LITERAL} [@1146,5149:5159='\ifExintVar',<188>,188:14] (termorseq, taclet, rulesOrAxioms, decls, file) 
94571      WARN  Test worker     d.u.i.k.n.KeYParser       [syntax-error] file:/home/runner/work/key/key/key.core/build/resources/main/de/uka/ilkd/key/proof/rules/ifThenElseRules.key:188:27: extraneous input '(' expecting {'\lemma', '}', IDENT, '/*!'} [@1149,5162:5162='(',<146>,188:27] (rulesOrAxioms, decls, file) 
94572      WARN  Test worker     d.u.i.k.n.KeYParser       [syntax-error] file:/home/runner/work/key/key/key.core/build/resources/main/de/uka/ilkd/key/proof/rules/ifThenElseRules.key:188:32: mismatched input '&' expecting {'(', '{'} [@1152,5167:5167='&',<156>,188:32] (taclet, rulesOrAxioms, decls, file) 
94572      WARN  Test worker     d.u.i.k.n.KeYParser       [syntax-error] file:/home/runner/work/key/key/key.core/build/resources/main/de/uka/ilkd/key/proof/rules/ifThenElseRules.key:190:42: mismatched input '}' expecting {'(', '{'} [@1192,5280:5280='}',<149>,190:42] (taclet, rulesOrAxioms, decls, file) 
94572      WARN  Test worker     d.u.i.k.n.KeYParser       [syntax-error] file:/home/runner/work/key/key/key.core/build/resources/main/de/uka/ilkd/key/proof/rules/ifThenElseRules.key:191:39: mismatched input '}' expecting {'(', '{'} [@1205,5325:5325='}',<149>,191:39] (taclet, rulesOrAxioms, decls, file) 
94572      WARN  Test worker     d.u.i.k.n.KeYParser       [syntax-error] file:/home/runner/work/key/key/key.core/build/resources/main/de/uka/ilkd/key/proof/rules/ifThenElseRules.key:198:14: mismatched input '\ifExintVar' expecting {MODALITY, FORALL, EXISTS, '\if', '\ifEx', 'true', 'false', '(', '{', '@', NOT, SEQARROW, '-', STRING_LITERAL, CHAR_LITERAL, BIN_LITERAL, HEX_LITERAL, IDENT, INT_LITERAL, FLOAT_LITERAL, DOUBLE_LITERAL, REAL_LITERAL} [@1233,5475:5485='\ifExintVar',<188>,198:14] (termorseq, taclet, rulesOrAxioms, decls, file) 
94572      WARN  Test worker     d.u.i.k.n.KeYParser       [syntax-error] file:/home/runner/work/key/key/key.core/build/resources/main/de/uka/ilkd/key/proof/rules/ifThenElseRules.key:198:27: extraneous input '(' expecting {'\lemma', '}', IDENT, '/*!'} [@1236,5488:5488='(',<146>,198:27] (rulesOrAxioms, decls, file) 
94572      WARN  Test worker     d.u.i.k.n.KeYParser       [syntax-error] file:/home/runner/work/key/key/key.core/build/resources/main/de/uka/ilkd/key/proof/rules/ifThenElseRules.key:198:32: mismatched input '&' expecting {'(', '{'} [@1239,5493:5493='&',<156>,198:32] (taclet, rulesOrAxioms, decls, file) 
94573      WARN  Test worker     d.u.i.k.n.KeYParser       [syntax-error] file:/home/runner/work/key/key/key.core/build/resources/main/de/uka/ilkd/key/proof/rules/ifThenElseRules.key:200:42: mismatched input '}' expecting {'(', '{'} [@1279,5612:5612='}',<149>,200:42] (taclet, rulesOrAxioms, decls, file) 
94573      WARN  Test worker     d.u.i.k.n.KeYParser       [syntax-error] file:/home/runner/work/key/key/key.core/build/resources/main/de/uka/ilkd/key/proof/rules/ifThenElseRules.key:201:39: mismatched input '}' expecting {'(', '{'} [@1292,5657:5657='}',<149>,201:39] (taclet, rulesOrAxioms, decls, file) 
94573      WARN  Test worker     d.u.i.k.n.KeYParser       [syntax-error] file:/home/runner/work/key/key/key.core/build/resources/main/de/uka/ilkd/key/proof/rules/ifThenElseRules.key:208:14: mismatched input '\ifExintVar' expecting {MODALITY, FORALL, EXISTS, '\if', '\ifEx', 'true', 'false', '(', '{', '@', NOT, SEQARROW, '-', STRING_LITERAL, CHAR_LITERAL, BIN_LITERAL, HEX_LITERAL, IDENT, INT_LITERAL, FLOAT_LITERAL, DOUBLE_LITERAL, REAL_LITERAL} [@1320,5817:5827='\ifExintVar',<188>,208:14] (termorseq, taclet, rulesOrAxioms, decls, file) 
94573      WARN  Test worker     d.u.i.k.n.KeYParser       [syntax-error] file:/home/runner/work/key/key/key.core/build/resources/main/de/uka/ilkd/key/proof/rules/ifThenElseRules.key:208:27: extraneous input '(' expecting {'\lemma', '}', IDENT, '/*!'} [@1323,5830:5830='(',<146>,208:27] (rulesOrAxioms, decls, file) 
94573      WARN  Test worker     d.u.i.k.n.KeYParser       [syntax-error] file:/home/runner/work/key/key/key.core/build/resources/main/de/uka/ilkd/key/proof/rules/ifThenElseRules.key:208:32: mismatched input '&' expecting {'(', '{'} [@1326,5835:5835='&',<156>,208:32] (taclet, rulesOrAxioms, decls, file) 
94573      WARN  Test worker     d.u.i.k.n.KeYParser       [syntax-error] file:/home/runner/work/key/key/key.core/build/resources/main/de/uka/ilkd/key/proof/rules/ifThenElseRules.key:210:42: mismatched input '}' expecting {'(', '{'} [@1366,5948:5948='}',<149>,210:42] (taclet, rulesOrAxioms, decls, file) 
94574      WARN  Test worker     d.u.i.k.n.KeYParser       [syntax-error] file:/home/runner/work/key/key/key.core/build/resources/main/de/uka/ilkd/key/proof/rules/ifThenElseRules.key:211:39: mismatched input '}' expecting {'(', '{'} [@1379,5993:5993='}',<149>,211:39] (taclet, rulesOrAxioms, decls, file) 
94574      WARN  Test worker     d.u.i.k.n.KeYParser       [syntax-error] file:/home/runner/work/key/key/key.core/build/resources/main/de/uka/ilkd/key/proof/rules/ifThenElseRules.key:218:14: mismatched input '\ifExintVar' expecting {MODALITY, FORALL, EXISTS, '\if', '\ifEx', 'true', 'false', '(', '{', '@', NOT, SEQARROW, '-', STRING_LITERAL, CHAR_LITERAL, BIN_LITERAL, HEX_LITERAL, IDENT, INT_LITERAL, FLOAT_LITERAL, DOUBLE_LITERAL, REAL_LITERAL} [@1407,6146:6156='\ifExintVar',<188>,218:14] (termorseq, taclet, rulesOrAxioms, decls, file) 
94574      WARN  Test worker     d.u.i.k.n.KeYParser       [syntax-error] file:/home/runner/work/key/key/key.core/build/resources/main/de/uka/ilkd/key/proof/rules/ifThenElseRules.key:218:27: extraneous input '(' expecting {'\lemma', '}', IDENT, '/*!'} [@1410,6159:6159='(',<146>,218:27] (rulesOrAxioms, decls, file) 
94574      WARN  Test worker     d.u.i.k.n.KeYParser       [syntax-error] file:/home/runner/work/key/key/key.core/build/resources/main/de/uka/ilkd/key/proof/rules/ifThenElseRules.key:218:31: mismatched input ')' expecting {'(', '{'} [@1412,6163:6163=')',<147>,218:31] (taclet, rulesOrAxioms, decls, file) 
94574      WARN  Test worker     d.u.i.k.n.KeYParser       [syntax-error] file:/home/runner/work/key/key/key.core/build/resources/main/de/uka/ilkd/key/proof/rules/ifThenElseRules.key:220:44: mismatched input ')' expecting {'(', '{'} [@1444,6275:6275=')',<147>,220:44] (taclet, rulesOrAxioms, decls, file) 
94574      WARN  Test worker     d.u.i.k.n.KeYParser       [syntax-error] file:/home/runner/work/key/key/key.core/build/resources/main/de/uka/ilkd/key/proof/rules/ifThenElseRules.key:225:14: mismatched input '\ifExintVar' expecting {MODALITY, FORALL, EXISTS, '\if', '\ifEx', 'true', 'false', '(', '{', '@', NOT, SEQARROW, '-', STRING_LITERAL, CHAR_LITERAL, BIN_LITERAL, HEX_LITERAL, IDENT, INT_LITERAL, FLOAT_LITERAL, DOUBLE_LITERAL, REAL_LITERAL} [@1471,6389:6399='\ifExintVar',<188>,225:14] (termorseq, taclet, rulesOrAxioms, decls, file) 
94575      WARN  Test worker     d.u.i.k.n.KeYParser       [syntax-error] file:/home/runner/work/key/key/key.core/build/resources/main/de/uka/ilkd/key/proof/rules/ifThenElseRules.key:225:27: extraneous input '(' expecting {'\lemma', '}', IDENT, '/*!'} [@1474,6402:6402='(',<146>,225:27] (rulesOrAxioms, decls, file) 
94575      WARN  Test worker     d.u.i.k.n.KeYParser       [syntax-error] file:/home/runner/work/key/key/key.core/build/resources/main/de/uka/ilkd/key/proof/rules/ifThenElseRules.key:225:31: mismatched input ')' expecting {'(', '{'} [@1476,6406:6406=')',<147>,225:31] (taclet, rulesOrAxioms, decls, file) 
94575      WARN  Test worker     d.u.i.k.n.KeYParser       [syntax-error] file:/home/runner/work/key/key/key.core/build/resources/main/de/uka/ilkd/key/proof/rules/ifThenElseRules.key:227:44: mismatched input ')' expecting {'(', '{'} [@1508,6509:6509=')',<147>,227:44] (taclet, rulesOrAxioms, decls, file) 
94575      WARN  Test worker     d.u.i.k.n.KeYParser       [syntax-error] file:/home/runner/work/key/key/key.core/build/resources/main/de/uka/ilkd/key/proof/rules/ifThenElseRules.key:233:14: mismatched input '\ifExintVar' expecting {MODALITY, FORALL, EXISTS, '\if', '\ifEx', 'true', 'false', '(', '{', '@', NOT, SEQARROW, '-', STRING_LITERAL, CHAR_LITERAL, BIN_LITERAL, HEX_LITERAL, IDENT, INT_LITERAL, FLOAT_LITERAL, DOUBLE_LITERAL, REAL_LITERAL} [@1539,6656:6666='\ifExintVar',<188>,233:14] (termorseq, taclet, rulesOrAxioms, decls, file) 
94575      WARN  Test worker     d.u.i.k.n.KeYParser       [syntax-error] file:/home/runner/work/key/key/key.core/build/resources/main/de/uka/ilkd/key/proof/rules/ifThenElseRules.key:233:27: extraneous input '(' expecting {'\lemma', '}', IDENT, '/*!'} [@1542,6669:6669='(',<146>,233:27] (rulesOrAxioms, decls, file) 
94576      WARN  Test worker     d.u.i.k.n.KeYParser       [syntax-error] file:/home/runner/work/key/key/key.core/build/resources/main/de/uka/ilkd/key/proof/rules/ifThenElseRules.key:233:31: mismatched input ')' expecting {'(', '{'} [@1544,6673:6673=')',<147>,233:31] (taclet, rulesOrAxioms, decls, file) 
94576      WARN  Test worker     d.u.i.k.n.KeYParser       [syntax-error] file:/home/runner/work/key/key/key.core/build/resources/main/de/uka/ilkd/key/proof/rules/ifThenElseRules.key:237:42: mismatched input '}' expecting {'(', '{'} [@1586,6850:6850='}',<149>,237:42] (taclet, rulesOrAxioms, decls, file) 
94576      WARN  Test worker     d.u.i.k.n.KeYParser       [syntax-error] file:/home/runner/work/key/key/key.core/build/resources/main/de/uka/ilkd/key/proof/rules/ifThenElseRules.key:238:34: mismatched input '}' expecting {'(', '{'} [@1599,6891:6891='}',<149>,238:34] (taclet, rulesOrAxioms, decls, file) 
94576      WARN  Test worker     d.u.i.k.n.KeYParser       [syntax-error] file:/home/runner/work/key/key/key.core/build/resources/main/de/uka/ilkd/key/proof/rules/ifThenElseRules.key:239:28: extraneous input '(' expecting {'\lemma', '}', IDENT, '/*!'} [@1608,6925:6925='(',<146>,239:28] (rulesOrAxioms, decls, file) 
94576      WARN  Test worker     d.u.i.k.n.KeYParser       [syntax-error] file:/home/runner/work/key/key/key.core/build/resources/main/de/uka/ilkd/key/proof/rules/ifThenElseRules.key:239:33: mismatched input '->' expecting {'(', '{'} [@1611,6930:6931='->',<158>,239:33] (taclet, rulesOrAxioms, decls, file) 
94576      WARN  Test worker     d.u.i.k.n.KeYParser       [syntax-error] file:/home/runner/work/key/key/key.core/build/resources/main/de/uka/ilkd/key/proof/rules/ifThenElseRules.key:240:8: extraneous input '\replacewith' expecting {'\lemma', '}', IDENT, '/*!'} [@1626,6979:6990='\replacewith',<105>,240:8] (rulesOrAxioms, decls, file) 
94576      WARN  Test worker     d.u.i.k.n.KeYParser       [syntax-error] file:/home/runner/work/key/key/key.core/build/resources/main/de/uka/ilkd/key/proof/rules/ifThenElseRules.key:240:25: mismatched input ')' expecting {'(', '{'} [@1629,6996:6996=')',<147>,240:25] (taclet, rulesOrAxioms, decls, file) 
94577      WARN  Test worker     d.u.i.k.n.KeYParser       [syntax-error] file:/home/runner/work/key/key/key.core/build/resources/main/de/uka/ilkd/key/proof/rules/ifThenElseRules.key:240:56: mismatched input ')' expecting {'(', '{'} [@1642,7027:7027=')',<147>,240:56] (taclet, rulesOrAxioms, decls, file) 
94577      WARN  Test worker     d.u.i.k.n.KeYParser       [syntax-error] file:/home/runner/work/key/key/key.core/build/resources/main/de/uka/ilkd/key/proof/rules/ifThenElseRules.key:245:14: mismatched input '\ifExintVar' expecting {MODALITY, FORALL, EXISTS, '\if', '\ifEx', 'true', 'false', '(', '{', '@', NOT, SEQARROW, '-', STRING_LITERAL, CHAR_LITERAL, BIN_LITERAL, HEX_LITERAL, IDENT, INT_LITERAL, FLOAT_LITERAL, DOUBLE_LITERAL, REAL_LITERAL} [@1658,7109:7119='\ifExintVar',<188>,245:14] (termorseq, taclet, rulesOrAxioms, decls, file) 
94577      WARN  Test worker     d.u.i.k.n.KeYParser       [syntax-error] file:/home/runner/work/key/key/key.core/build/resources/main/de/uka/ilkd/key/proof/rules/ifThenElseRules.key:245:27: extraneous input '(' expecting {'\lemma', '}', IDENT, '/*!'} [@1661,7122:7122='(',<146>,245:27] (rulesOrAxioms, decls, file) 
94577      WARN  Test worker     d.u.i.k.n.KeYParser       [syntax-error] file:/home/runner/work/key/key/key.core/build/resources/main/de/uka/ilkd/key/proof/rules/ifThenElseRules.key:245:31: mismatched input ')' expecting {'(', '{'} [@1663,7126:7126=')',<147>,245:31] (taclet, rulesOrAxioms, decls, file) 
94577      WARN  Test worker     d.u.i.k.n.KeYParser       [syntax-error] file:/home/runner/work/key/key/key.core/build/resources/main/de/uka/ilkd/key/proof/rules/ifThenElseRules.key:248:45: mismatched input '}' expecting {'(', '{'} [@1696,7268:7268='}',<149>,248:45] (taclet, rulesOrAxioms, decls, file) 
94577      WARN  Test worker     d.u.i.k.n.KeYParser       [syntax-error] file:/home/runner/work/key/key/key.core/build/resources/main/de/uka/ilkd/key/proof/rules/ifThenElseRules.key:249:8: extraneous input '\replacewith' expecting {'\lemma', '}', IDENT, '/*!'} [@1701,7284:7295='\replacewith',<105>,249:8] (rulesOrAxioms, decls, file) 
94578      WARN  Test worker     d.u.i.k.n.KeYParser       [syntax-error] file:/home/runner/work/key/key/key.core/build/resources/main/de/uka/ilkd/key/proof/rules/ifThenElseRules.key:249:38: mismatched input ')' expecting {'(', '{'} [@1708,7314:7314=')',<147>,249:38] (taclet, rulesOrAxioms, decls, file) 
94578      WARN  Test worker     d.u.i.k.n.KeYParser       [syntax-error] file:/home/runner/work/key/key/key.core/build/resources/main/de/uka/ilkd/key/proof/rules/ifThenElseRules.key:250:42: mismatched input '}' expecting {'(', '{'} [@1731,7381:7381='}',<149>,250:42] (taclet, rulesOrAxioms, decls, file) 
94578      WARN  Test worker     d.u.i.k.n.KeYParser       [syntax-error] file:/home/runner/work/key/key/key.core/build/resources/main/de/uka/ilkd/key/proof/rules/ifThenElseRules.key:251:28: extraneous input '(' expecting {'\lemma', '}', IDENT, '/*!'} [@1741,7416:7416='(',<146>,251:28] (rulesOrAxioms, decls, file) 
94578      WARN  Test worker     d.u.i.k.n.KeYParser       [syntax-error] file:/home/runner/work/key/key/key.core/build/resources/main/de/uka/ilkd/key/proof/rules/ifThenElseRules.key:251:33: mismatched input '->' expecting {'(', '{'} [@1744,7421:7422='->',<158>,251:33] (taclet, rulesOrAxioms, decls, file) 
94578      WARN  Test worker     d.u.i.k.n.KeYParser       [syntax-error] file:/home/runner/work/key/key/key.core/build/resources/main/de/uka/ilkd/key/proof/rules/ifThenElseRules.key:255:14: mismatched input '\ifExintVar' expecting {MODALITY, FORALL, EXISTS, '\if', '\ifEx', 'true', 'false', '(', '{', '@', NOT, SEQARROW, '-', STRING_LITERAL, CHAR_LITERAL, BIN_LITERAL, HEX_LITERAL, IDENT, INT_LITERAL, FLOAT_LITERAL, DOUBLE_LITERAL, REAL_LITERAL} [@1765,7506:7516='\ifExintVar',<188>,255:14] (termorseq, taclet, rulesOrAxioms, decls, file) 
94578      WARN  Test worker     d.u.i.k.n.KeYParser       [syntax-error] file:/home/runner/work/key/key/key.core/build/resources/main/de/uka/ilkd/key/proof/rules/ifThenElseRules.key:255:27: extraneous input '(' expecting {'\lemma', '}', IDENT, '/*!'} [@1768,7519:7519='(',<146>,255:27] (rulesOrAxioms, decls, file) 
94579      WARN  Test worker     d.u.i.k.n.KeYParser       [syntax-error] file:/home/runner/work/key/key/key.core/build/resources/main/de/uka/ilkd/key/proof/rules/ifThenElseRules.key:255:31: mismatched input ')' expecting {'(', '{'} [@1770,7523:7523=')',<147>,255:31] (taclet, rulesOrAxioms, decls, file) 
94579      WARN  Test worker     d.u.i.k.n.KeYParser       [syntax-error] file:/home/runner/work/key/key/key.core/build/resources/main/de/uka/ilkd/key/proof/rules/ifThenElseRules.key:258:52: extraneous input '0' expecting {'\lemma', '}', IDENT, '/*!'} [@1809,7667:7667='0',<184>,258:52] (rulesOrAxioms, decls, file) 
94579      WARN  Test worker     d.u.i.k.n.KeYParser       [syntax-error] file:/home/runner/work/key/key/key.core/build/resources/main/de/uka/ilkd/key/proof/rules/ifThenElseRules.key:258:54: mismatched input 'then' expecting {<EOF>, '\problem', '\chooseContract', '\proofObligation', '\proof'} [@1811,7669:7672='then',<183>,258:54] (file) 
94663      WARN  Test worker     d.u.i.k.n.KeYParser       [syntax-error] file:/home/runner/work/key/key/key.core/build/resources/main/de/uka/ilkd/key/proof/rules/ifThenElseRules.key:135:14: mismatched input '\ifExintVar' expecting {MODALITY, FORALL, EXISTS, '\if', '\ifEx', 'true', 'false', '(', '{', '@', NOT, SEQARROW, '-', STRING_LITERAL, CHAR_LITERAL, BIN_LITERAL, HEX_LITERAL, IDENT, INT_LITERAL, FLOAT_LITERAL, DOUBLE_LITERAL, REAL_LITERAL} [@745,3563:3573='\ifExintVar',<188>,135:14] (termorseq, taclet, rulesOrAxioms, decls, file) 
94664      WARN  Test worker     d.u.i.k.n.KeYParser       [syntax-error] file:/home/runner/work/key/key/key.core/build/resources/main/de/uka/ilkd/key/proof/rules/ifThenElseRules.key:135:27: extraneous input '(' expecting {'\lemma', '}', IDENT, '/*!'} [@748,3576:3576='(',<146>,135:27] (rulesOrAxioms, decls, file) 
94664      WARN  Test worker     d.u.i.k.n.KeYParser       [syntax-error] file:/home/runner/work/key/key/key.core/build/resources/main/de/uka/ilkd/key/proof/rules/ifThenElseRules.key:135:44: mismatched input ')' expecting {'(', '{'} [@754,3593:3593=')',<147>,135:44] (taclet, rulesOrAxioms, decls, file) 
94665      WARN  Test worker     d.u.i.k.n.KeYParser       [syntax-error] file:/home/runner/work/key/key/key.core/build/resources/main/de/uka/ilkd/key/proof/rules/ifThenElseRules.key:141:14: mismatched input '\ifExintVar' expecting {MODALITY, FORALL, EXISTS, '\if', '\ifEx', 'true', 'false', '(', '{', '@', NOT, SEQARROW, '-', STRING_LITERAL, CHAR_LITERAL, BIN_LITERAL, HEX_LITERAL, IDENT, INT_LITERAL, FLOAT_LITERAL, DOUBLE_LITERAL, REAL_LITERAL} [@780,3716:3726='\ifExintVar',<188>,141:14] (termorseq, taclet, rulesOrAxioms, decls, file) 
94665      WARN  Test worker     d.u.i.k.n.KeYParser       [syntax-error] file:/home/runner/work/key/key/key.core/build/resources/main/de/uka/ilkd/key/proof/rules/ifThenElseRules.key:141:27: extraneous input '(' expecting {'\lemma', '}', IDENT, '/*!'} [@783,3729:3729='(',<146>,141:27] (rulesOrAxioms, decls, file) 
94665      WARN  Test worker     d.u.i.k.n.KeYParser       [syntax-error] file:/home/runner/work/key/key/key.core/build/resources/main/de/uka/ilkd/key/proof/rules/ifThenElseRules.key:141:41: mismatched input ')' expecting {'(', '{'} [@789,3743:3743=')',<147>,141:41] (taclet, rulesOrAxioms, decls, file) 
94665      WARN  Test worker     d.u.i.k.n.KeYParser       [syntax-error] file:/home/runner/work/key/key/key.core/build/resources/main/de/uka/ilkd/key/proof/rules/ifThenElseRules.key:148:14: mismatched input '\ifExintVar' expecting {MODALITY, FORALL, EXISTS, '\if', '\ifEx', 'true', 'false', '(', '{', '@', NOT, SEQARROW, '-', STRING_LITERAL, CHAR_LITERAL, BIN_LITERAL, HEX_LITERAL, IDENT, INT_LITERAL, FLOAT_LITERAL, DOUBLE_LITERAL, REAL_LITERAL} [@819,3896:3906='\ifExintVar',<188>,148:14] (termorseq, taclet, rulesOrAxioms, decls, file) 
94665      WARN  Test worker     d.u.i.k.n.KeYParser       [syntax-error] file:/home/runner/work/key/key/key.core/build/resources/main/de/uka/ilkd/key/proof/rules/ifThenElseRules.key:148:27: extraneous input '(' expecting {'\lemma', '}', IDENT, '/*!'} [@822,3909:3909='(',<146>,148:27] (rulesOrAxioms, decls, file) 
94666      WARN  Test worker     d.u.i.k.n.KeYParser       [syntax-error] file:/home/runner/work/key/key/key.core/build/resources/main/de/uka/ilkd/key/proof/rules/ifThenElseRules.key:148:35: mismatched input '=' expecting {'(', '{'} [@825,3917:3917='=',<159>,148:35] (taclet, rulesOrAxioms, decls, file) 
94666      WARN  Test worker     d.u.i.k.n.KeYParser       [syntax-error] file:/home/runner/work/key/key/key.core/build/resources/main/de/uka/ilkd/key/proof/rules/ifThenElseRules.key:150:38: mismatched input '}' expecting {'(', '{'} [@859,4023:4023='}',<149>,150:38] (taclet, rulesOrAxioms, decls, file) 
94666      WARN  Test worker     d.u.i.k.n.KeYParser       [syntax-error] file:/home/runner/work/key/key/key.core/build/resources/main/de/uka/ilkd/key/proof/rules/ifThenElseRules.key:155:14: mismatched input '\ifExintVar' expecting {MODALITY, FORALL, EXISTS, '\if', '\ifEx', 'true', 'false', '(', '{', '@', NOT, SEQARROW, '-', STRING_LITERAL, CHAR_LITERAL, BIN_LITERAL, HEX_LITERAL, IDENT, INT_LITERAL, FLOAT_LITERAL, DOUBLE_LITERAL, REAL_LITERAL} [@877,4109:4119='\ifExintVar',<188>,155:14] (termorseq, taclet, rulesOrAxioms, decls, file) 
94666      WARN  Test worker     d.u.i.k.n.KeYParser       [syntax-error] file:/home/runner/work/key/key/key.core/build/resources/main/de/uka/ilkd/key/proof/rules/ifThenElseRules.key:155:27: extraneous input '(' expecting {'\lemma', '}', IDENT, '/*!'} [@880,4122:4122='(',<146>,155:27] (rulesOrAxioms, decls, file) 
94666      WARN  Test worker     d.u.i.k.n.KeYParser       [syntax-error] file:/home/runner/work/key/key/key.core/build/resources/main/de/uka/ilkd/key/proof/rules/ifThenElseRules.key:155:35: mismatched input '=' expecting {'(', '{'} [@883,4130:4130='=',<159>,155:35] (taclet, rulesOrAxioms, decls, file) 
94666      WARN  Test worker     d.u.i.k.n.KeYParser       [syntax-error] file:/home/runner/work/key/key/key.core/build/resources/main/de/uka/ilkd/key/proof/rules/ifThenElseRules.key:157:38: mismatched input '}' expecting {'(', '{'} [@917,4230:4230='}',<149>,157:38] (taclet, rulesOrAxioms, decls, file) 
94667      WARN  Test worker     d.u.i.k.n.KeYParser       [syntax-error] file:/home/runner/work/key/key/key.core/build/resources/main/de/uka/ilkd/key/proof/rules/ifThenElseRules.key:163:14: mismatched input '\ifExintVar' expecting {MODALITY, FORALL, EXISTS, '\if', '\ifEx', 'true', 'false', '(', '{', '@', NOT, SEQARROW, '-', STRING_LITERAL, CHAR_LITERAL, BIN_LITERAL, HEX_LITERAL, IDENT, INT_LITERAL, FLOAT_LITERAL, DOUBLE_LITERAL, REAL_LITERAL} [@939,4350:4360='\ifExintVar',<188>,163:14] (termorseq, taclet, rulesOrAxioms, decls, file) 
94667      WARN  Test worker     d.u.i.k.n.KeYParser       [syntax-error] file:/home/runner/work/key/key/key.core/build/resources/main/de/uka/ilkd/key/proof/rules/ifThenElseRules.key:163:27: extraneous input '(' expecting {'\lemma', '}', IDENT, '/*!'} [@942,4363:4363='(',<146>,163:27] (rulesOrAxioms, decls, file) 
94667      WARN  Test worker     d.u.i.k.n.KeYParser       [syntax-error] file:/home/runner/work/key/key/key.core/build/resources/main/de/uka/ilkd/key/proof/rules/ifThenElseRules.key:163:30: mismatched input '=' expecting {'(', '{'} [@945,4366:4366='=',<159>,163:30] (taclet, rulesOrAxioms, decls, file) 
94667      WARN  Test worker     d.u.i.k.n.KeYParser       [syntax-error] file:/home/runner/work/key/key/key.core/build/resources/main/de/uka/ilkd/key/proof/rules/ifThenElseRules.key:165:38: mismatched input '}' expecting {'(', '{'} [@979,4477:4477='}',<149>,165:38] (taclet, rulesOrAxioms, decls, file) 
94667      WARN  Test worker     d.u.i.k.n.KeYParser       [syntax-error] file:/home/runner/work/key/key/key.core/build/resources/main/de/uka/ilkd/key/proof/rules/ifThenElseRules.key:171:14: mismatched input '\ifExintVar' expecting {MODALITY, FORALL, EXISTS, '\if', '\ifEx', 'true', 'false', '(', '{', '@', NOT, SEQARROW, '-', STRING_LITERAL, CHAR_LITERAL, BIN_LITERAL, HEX_LITERAL, IDENT, INT_LITERAL, FLOAT_LITERAL, DOUBLE_LITERAL, REAL_LITERAL} [@1001,4604:4614='\ifExintVar',<188>,171:14] (termorseq, taclet, rulesOrAxioms, decls, file) 
94668      WARN  Test worker     d.u.i.k.n.KeYParser       [syntax-error] file:/home/runner/work/key/key/key.core/build/resources/main/de/uka/ilkd/key/proof/rules/ifThenElseRules.key:171:27: extraneous input '(' expecting {'\lemma', '}', IDENT, '/*!'} [@1004,4617:4617='(',<146>,171:27] (rulesOrAxioms, decls, file) 
94668      WARN  Test worker     d.u.i.k.n.KeYParser       [syntax-error] file:/home/runner/work/key/key/key.core/build/resources/main/de/uka/ilkd/key/proof/rules/ifThenElseRules.key:171:30: mismatched input '=' expecting {'(', '{'} [@1007,4620:4620='=',<159>,171:30] (taclet, rulesOrAxioms, decls, file) 
94668      WARN  Test worker     d.u.i.k.n.KeYParser       [syntax-error] file:/home/runner/work/key/key/key.core/build/resources/main/de/uka/ilkd/key/proof/rules/ifThenElseRules.key:173:38: mismatched input '}' expecting {'(', '{'} [@1041,4725:4725='}',<149>,173:38] (taclet, rulesOrAxioms, decls, file) 
94668      WARN  Test worker     d.u.i.k.n.KeYParser       [syntax-error] file:/home/runner/work/key/key/key.core/build/resources/main/de/uka/ilkd/key/proof/rules/ifThenElseRules.key:179:14: mismatched input '\ifExintVar' expecting {MODALITY, FORALL, EXISTS, '\if', '\ifEx', 'true', 'false', '(', '{', '@', NOT, SEQARROW, '-', STRING_LITERAL, CHAR_LITERAL, BIN_LITERAL, HEX_LITERAL, IDENT, INT_LITERAL, FLOAT_LITERAL, DOUBLE_LITERAL, REAL_LITERAL} [@1063,4848:4858='\ifExintVar',<188>,179:14] (termorseq, taclet, rulesOrAxioms, decls, file) 
94668      WARN  Test worker     d.u.i.k.n.KeYParser       [syntax-error] file:/home/runner/work/key/key/key.core/build/resources/main/de/uka/ilkd/key/proof/rules/ifThenElseRules.key:179:27: extraneous input '(' expecting {'\lemma', '}', IDENT, '/*!'} [@1066,4861:4861='(',<146>,179:27] (rulesOrAxioms, decls, file) 
94668      WARN  Test worker     d.u.i.k.n.KeYParser       [syntax-error] file:/home/runner/work/key/key/key.core/build/resources/main/de/uka/ilkd/key/proof/rules/ifThenElseRules.key:179:32: mismatched input '&' expecting {'(', '{'} [@1069,4866:4866='&',<156>,179:32] (taclet, rulesOrAxioms, decls, file) 
94669      WARN  Test worker     d.u.i.k.n.KeYParser       [syntax-error] file:/home/runner/work/key/key/key.core/build/resources/main/de/uka/ilkd/key/proof/rules/ifThenElseRules.key:181:42: mismatched input '}' expecting {'(', '{'} [@1109,4985:4985='}',<149>,181:42] (taclet, rulesOrAxioms, decls, file) 
94669      WARN  Test worker     d.u.i.k.n.KeYParser       [syntax-error] file:/home/runner/work/key/key/key.core/build/resources/main/de/uka/ilkd/key/proof/rules/ifThenElseRules.key:182:39: mismatched input '}' expecting {'(', '{'} [@1122,5030:5030='}',<149>,182:39] (taclet, rulesOrAxioms, decls, file) 
94669      WARN  Test worker     d.u.i.k.n.KeYParser       [syntax-error] file:/home/runner/work/key/key/key.core/build/resources/main/de/uka/ilkd/key/proof/rules/ifThenElseRules.key:188:14: mismatched input '\ifExintVar' expecting {MODALITY, FORALL, EXISTS, '\if', '\ifEx', 'true', 'false', '(', '{', '@', NOT, SEQARROW, '-', STRING_LITERAL, CHAR_LITERAL, BIN_LITERAL, HEX_LITERAL, IDENT, INT_LITERAL, FLOAT_LITERAL, DOUBLE_LITERAL, REAL_LITERAL} [@1146,5149:5159='\ifExintVar',<188>,188:14] (termorseq, taclet, rulesOrAxioms, decls, file) 
94669      WARN  Test worker     d.u.i.k.n.KeYParser       [syntax-error] file:/home/runner/work/key/key/key.core/build/resources/main/de/uka/ilkd/key/proof/rules/ifThenElseRules.key:188:27: extraneous input '(' expecting {'\lemma', '}', IDENT, '/*!'} [@1149,5162:5162='(',<146>,188:27] (rulesOrAxioms, decls, file) 
94669      WARN  Test worker     d.u.i.k.n.KeYParser       [syntax-error] file:/home/runner/work/key/key/key.core/build/resources/main/de/uka/ilkd/key/proof/rules/ifThenElseRules.key:188:32: mismatched input '&' expecting {'(', '{'} [@1152,5167:5167='&',<156>,188:32] (taclet, rulesOrAxioms, decls, file) 
94669      WARN  Test worker     d.u.i.k.n.KeYParser       [syntax-error] file:/home/runner/work/key/key/key.core/build/resources/main/de/uka/ilkd/key/proof/rules/ifThenElseRules.key:190:42: mismatched input '}' expecting {'(', '{'} [@1192,5280:5280='}',<149>,190:42] (taclet, rulesOrAxioms, decls, file) 
94670      WARN  Test worker     d.u.i.k.n.KeYParser       [syntax-error] file:/home/runner/work/key/key/key.core/build/resources/main/de/uka/ilkd/key/proof/rules/ifThenElseRules.key:191:39: mismatched input '}' expecting {'(', '{'} [@1205,5325:5325='}',<149>,191:39] (taclet, rulesOrAxioms, decls, file) 
94670      WARN  Test worker     d.u.i.k.n.KeYParser       [syntax-error] file:/home/runner/work/key/key/key.core/build/resources/main/de/uka/ilkd/key/proof/rules/ifThenElseRules.key:198:14: mismatched input '\ifExintVar' expecting {MODALITY, FORALL, EXISTS, '\if', '\ifEx', 'true', 'false', '(', '{', '@', NOT, SEQARROW, '-', STRING_LITERAL, CHAR_LITERAL, BIN_LITERAL, HEX_LITERAL, IDENT, INT_LITERAL, FLOAT_LITERAL, DOUBLE_LITERAL, REAL_LITERAL} [@1233,5475:5485='\ifExintVar',<188>,198:14] (termorseq, taclet, rulesOrAxioms, decls, file) 
94670      WARN  Test worker     d.u.i.k.n.KeYParser       [syntax-error] file:/home/runner/work/key/key/key.core/build/resources/main/de/uka/ilkd/key/proof/rules/ifThenElseRules.key:198:27: extraneous input '(' expecting {'\lemma', '}', IDENT, '/*!'} [@1236,5488:5488='(',<146>,198:27] (rulesOrAxioms, decls, file) 
94670      WARN  Test worker     d.u.i.k.n.KeYParser       [syntax-error] file:/home/runner/work/key/key/key.core/build/resources/main/de/uka/ilkd/key/proof/rules/ifThenElseRules.key:198:32: mismatched input '&' expecting {'(', '{'} [@1239,5493:5493='&',<156>,198:32] (taclet, rulesOrAxioms, decls, file) 
94670      WARN  Test worker     d.u.i.k.n.KeYParser       [syntax-error] file:/home/runner/work/key/key/key.core/build/resources/main/de/uka/ilkd/key/proof/rules/ifThenElseRules.key:200:42: mismatched input '}' expecting {'(', '{'} [@1279,5612:5612='}',<149>,200:42] (taclet, rulesOrAxioms, decls, file) 
94670      WARN  Test worker     d.u.i.k.n.KeYParser       [syntax-error] file:/home/runner/work/key/key/key.core/build/resources/main/de/uka/ilkd/key/proof/rules/ifThenElseRules.key:201:39: mismatched input '}' expecting {'(', '{'} [@1292,5657:5657='}',<149>,201:39] (taclet, rulesOrAxioms, decls, file) 
94671      WARN  Test worker     d.u.i.k.n.KeYParser       [syntax-error] file:/home/runner/work/key/key/key.core/build/resources/main/de/uka/ilkd/key/proof/rules/ifThenElseRules.key:208:14: mismatched input '\ifExintVar' expecting {MODALITY, FORALL, EXISTS, '\if', '\ifEx', 'true', 'false', '(', '{', '@', NOT, SEQARROW, '-', STRING_LITERAL, CHAR_LITERAL, BIN_LITERAL, HEX_LITERAL, IDENT, INT_LITERAL, FLOAT_LITERAL, DOUBLE_LITERAL, REAL_LITERAL} [@1320,5817:5827='\ifExintVar',<188>,208:14] (termorseq, taclet, rulesOrAxioms, decls, file) 
94671      WARN  Test worker     d.u.i.k.n.KeYParser       [syntax-error] file:/home/runner/work/key/key/key.core/build/resources/main/de/uka/ilkd/key/proof/rules/ifThenElseRules.key:208:27: extraneous input '(' expecting {'\lemma', '}', IDENT, '/*!'} [@1323,5830:5830='(',<146>,208:27] (rulesOrAxioms, decls, file) 
94671      WARN  Test worker     d.u.i.k.n.KeYParser       [syntax-error] file:/home/runner/work/key/key/key.core/build/resources/main/de/uka/ilkd/key/proof/rules/ifThenElseRules.key:208:32: mismatched input '&' expecting {'(', '{'} [@1326,5835:5835='&',<156>,208:32] (taclet, rulesOrAxioms, decls, file) 
94671      WARN  Test worker     d.u.i.k.n.KeYParser       [syntax-error] file:/home/runner/work/key/key/key.core/build/resources/main/de/uka/ilkd/key/proof/rules/ifThenElseRules.key:210:42: mismatched input '}' expecting {'(', '{'} [@1366,5948:5948='}',<149>,210:42] (taclet, rulesOrAxioms, decls, file) 
94671      WARN  Test worker     d.u.i.k.n.KeYParser       [syntax-error] file:/home/runner/work/key/key/key.core/build/resources/main/de/uka/ilkd/key/proof/rules/ifThenElseRules.key:211:39: mismatched input '}' expecting {'(', '{'} [@1379,5993:5993='}',<149>,211:39] (taclet, rulesOrAxioms, decls, file) 
94671      WARN  Test worker     d.u.i.k.n.KeYParser       [syntax-error] file:/home/runner/work/key/key/key.core/build/resources/main/de/uka/ilkd/key/proof/rules/ifThenElseRules.key:218:14: mismatched input '\ifExintVar' expecting {MODALITY, FORALL, EXISTS, '\if', '\ifEx', 'true', 'false', '(', '{', '@', NOT, SEQARROW, '-', STRING_LITERAL, CHAR_LITERAL, BIN_LITERAL, HEX_LITERAL, IDENT, INT_LITERAL, FLOAT_LITERAL, DOUBLE_LITERAL, REAL_LITERAL} [@1407,6146:6156='\ifExintVar',<188>,218:14] (termorseq, taclet, rulesOrAxioms, decls, file) 
94672      WARN  Test worker     d.u.i.k.n.KeYParser       [syntax-error] file:/home/runner/work/key/key/key.core/build/resources/main/de/uka/ilkd/key/proof/rules/ifThenElseRules.key:218:27: extraneous input '(' expecting {'\lemma', '}', IDENT, '/*!'} [@1410,6159:6159='(',<146>,218:27] (rulesOrAxioms, decls, file) 
94672      WARN  Test worker     d.u.i.k.n.KeYParser       [syntax-error] file:/home/runner/work/key/key/key.core/build/resources/main/de/uka/ilkd/key/proof/rules/ifThenElseRules.key:218:31: mismatched input ')' expecting {'(', '{'} [@1412,6163:6163=')',<147>,218:31] (taclet, rulesOrAxioms, decls, file) 
94672      WARN  Test worker     d.u.i.k.n.KeYParser       [syntax-error] file:/home/runner/work/key/key/key.core/build/resources/main/de/uka/ilkd/key/proof/rules/ifThenElseRules.key:220:44: mismatched input ')' expecting {'(', '{'} [@1444,6275:6275=')',<147>,220:44] (taclet, rulesOrAxioms, decls, file) 
94672      WARN  Test worker     d.u.i.k.n.KeYParser       [syntax-error] file:/home/runner/work/key/key/key.core/build/resources/main/de/uka/ilkd/key/proof/rules/ifThenElseRules.key:225:14: mismatched input '\ifExintVar' expecting {MODALITY, FORALL, EXISTS, '\if', '\ifEx', 'true', 'false', '(', '{', '@', NOT, SEQARROW, '-', STRING_LITERAL, CHAR_LITERAL, BIN_LITERAL, HEX_LITERAL, IDENT, INT_LITERAL, FLOAT_LITERAL, DOUBLE_LITERAL, REAL_LITERAL} [@1471,6389:6399='\ifExintVar',<188>,225:14] (termorseq, taclet, rulesOrAxioms, decls, file) 
94672      WARN  Test worker     d.u.i.k.n.KeYParser       [syntax-error] file:/home/runner/work/key/key/key.core/build/resources/main/de/uka/ilkd/key/proof/rules/ifThenElseRules.key:225:27: extraneous input '(' expecting {'\lemma', '}', IDENT, '/*!'} [@1474,6402:6402='(',<146>,225:27] (rulesOrAxioms, decls, file) 
94672      WARN  Test worker     d.u.i.k.n.KeYParser       [syntax-error] file:/home/runner/work/key/key/key.core/build/resources/main/de/uka/ilkd/key/proof/rules/ifThenElseRules.key:225:31: mismatched input ')' expecting {'(', '{'} [@1476,6406:6406=')',<147>,225:31] (taclet, rulesOrAxioms, decls, file) 
94673      WARN  Test worker     d.u.i.k.n.KeYParser       [syntax-error] file:/home/runner/work/key/key/key.core/build/resources/main/de/uka/ilkd/key/proof/rules/ifThenElseRules.key:227:44: mismatched input ')' expecting {'(', '{'} [@1508,6509:6509=')',<147>,227:44] (taclet, rulesOrAxioms, decls, file) 
94673      WARN  Test worker     d.u.i.k.n.KeYParser       [syntax-error] file:/home/runner/work/key/key/key.core/build/resources/main/de/uka/ilkd/key/proof/rules/ifThenElseRules.key:233:14: mismatched input '\ifExintVar' expecting {MODALITY, FORALL, EXISTS, '\if', '\ifEx', 'true', 'false', '(', '{', '@', NOT, SEQARROW, '-', STRING_LITERAL, CHAR_LITERAL, BIN_LITERAL, HEX_LITERAL, IDENT, INT_LITERAL, FLOAT_LITERAL, DOUBLE_LITERAL, REAL_LITERAL} [@1539,6656:6666='\ifExintVar',<188>,233:14] (termorseq, taclet, rulesOrAxioms, decls, file) 
94673      WARN  Test worker     d.u.i.k.n.KeYParser       [syntax-error] file:/home/runner/work/key/key/key.core/build/resources/main/de/uka/ilkd/key/proof/rules/ifThenElseRules.key:233:27: extraneous input '(' expecting {'\lemma', '}', IDENT, '/*!'} [@1542,6669:6669='(',<146>,233:27] (rulesOrAxioms, decls, file) 
94673      WARN  Test worker     d.u.i.k.n.KeYParser       [syntax-error] file:/home/runner/work/key/key/key.core/build/resources/main/de/uka/ilkd/key/proof/rules/ifThenElseRules.key:233:31: mismatched input ')' expecting {'(', '{'} [@1544,6673:6673=')',<147>,233:31] (taclet, rulesOrAxioms, decls, file) 
94673      WARN  Test worker     d.u.i.k.n.KeYParser       [syntax-error] file:/home/runner/work/key/key/key.core/build/resources/main/de/uka/ilkd/key/proof/rules/ifThenElseRules.key:237:42: mismatched input '}' expecting {'(', '{'} [@1586,6850:6850='}',<149>,237:42] (taclet, rulesOrAxioms, decls, file) 
94673      WARN  Test worker     d.u.i.k.n.KeYParser       [syntax-error] file:/home/runner/work/key/key/key.core/build/resources/main/de/uka/ilkd/key/proof/rules/ifThenElseRules.key:238:34: mismatched input '}' expecting {'(', '{'} [@1599,6891:6891='}',<149>,238:34] (taclet, rulesOrAxioms, decls, file) 
94674      WARN  Test worker     d.u.i.k.n.KeYParser       [syntax-error] file:/home/runner/work/key/key/key.core/build/resources/main/de/uka/ilkd/key/proof/rules/ifThenElseRules.key:239:28: extraneous input '(' expecting {'\lemma', '}', IDENT, '/*!'} [@1608,6925:6925='(',<146>,239:28] (rulesOrAxioms, decls, file) 
94674      WARN  Test worker     d.u.i.k.n.KeYParser       [syntax-error] file:/home/runner/work/key/key/key.core/build/resources/main/de/uka/ilkd/key/proof/rules/ifThenElseRules.key:239:33: mismatched input '->' expecting {'(', '{'} [@1611,6930:6931='->',<158>,239:33] (taclet, rulesOrAxioms, decls, file) 
94674      WARN  Test worker     d.u.i.k.n.KeYParser       [syntax-error] file:/home/runner/work/key/key/key.core/build/resources/main/de/uka/ilkd/key/proof/rules/ifThenElseRules.key:240:8: extraneous input '\replacewith' expecting {'\lemma', '}', IDENT, '/*!'} [@1626,6979:6990='\replacewith',<105>,240:8] (rulesOrAxioms, decls, file) 
94674      WARN  Test worker     d.u.i.k.n.KeYParser       [syntax-error] file:/home/runner/work/key/key/key.core/build/resources/main/de/uka/ilkd/key/proof/rules/ifThenElseRules.key:240:25: mismatched input ')' expecting {'(', '{'} [@1629,6996:6996=')',<147>,240:25] (taclet, rulesOrAxioms, decls, file) 
94674      WARN  Test worker     d.u.i.k.n.KeYParser       [syntax-error] file:/home/runner/work/key/key/key.core/build/resources/main/de/uka/ilkd/key/proof/rules/ifThenElseRules.key:240:56: mismatched input ')' expecting {'(', '{'} [@1642,7027:7027=')',<147>,240:56] (taclet, rulesOrAxioms, decls, file) 
94674      WARN  Test worker     d.u.i.k.n.KeYParser       [syntax-error] file:/home/runner/work/key/key/key.core/build/resources/main/de/uka/ilkd/key/proof/rules/ifThenElseRules.key:245:14: mismatched input '\ifExintVar' expecting {MODALITY, FORALL, EXISTS, '\if', '\ifEx', 'true', 'false', '(', '{', '@', NOT, SEQARROW, '-', STRING_LITERAL, CHAR_LITERAL, BIN_LITERAL, HEX_LITERAL, IDENT, INT_LITERAL, FLOAT_LITERAL, DOUBLE_LITERAL, REAL_LITERAL} [@1658,7109:7119='\ifExintVar',<188>,245:14] (termorseq, taclet, rulesOrAxioms, decls, file) 
94675      WARN  Test worker     d.u.i.k.n.KeYParser       [syntax-error] file:/home/runner/work/key/key/key.core/build/resources/main/de/uka/ilkd/key/proof/rules/ifThenElseRules.key:245:27: extraneous input '(' expecting {'\lemma', '}', IDENT, '/*!'} [@1661,7122:7122='(',<146>,245:27] (rulesOrAxioms, decls, file) 
94675      WARN  Test worker     d.u.i.k.n.KeYParser       [syntax-error] file:/home/runner/work/key/key/key.core/build/resources/main/de/uka/ilkd/key/proof/rules/ifThenElseRules.key:245:31: mismatched input ')' expecting {'(', '{'} [@1663,7126:7126=')',<147>,245:31] (taclet, rulesOrAxioms, decls, file) 
94675      WARN  Test worker     d.u.i.k.n.KeYParser       [syntax-error] file:/home/runner/work/key/key/key.core/build/resources/main/de/uka/ilkd/key/proof/rules/ifThenElseRules.key:248:45: mismatched input '}' expecting {'(', '{'} [@1696,7268:7268='}',<149>,248:45] (taclet, rulesOrAxioms, decls, file) 
94675      WARN  Test worker     d.u.i.k.n.KeYParser       [syntax-error] file:/home/runner/work/key/key/key.core/build/resources/main/de/uka/ilkd/key/proof/rules/ifThenElseRules.key:249:8: extraneous input '\replacewith' expecting {'\lemma', '}', IDENT, '/*!'} [@1701,7284:7295='\replacewith',<105>,249:8] (rulesOrAxioms, decls, file) 
94675      WARN  Test worker     d.u.i.k.n.KeYParser       [syntax-error] file:/home/runner/work/key/key/key.core/build/resources/main/de/uka/ilkd/key/proof/rules/ifThenElseRules.key:249:38: mismatched input ')' expecting {'(', '{'} [@1708,7314:7314=')',<147>,249:38] (taclet, rulesOrAxioms, decls, file) 
94675      WARN  Test worker     d.u.i.k.n.KeYParser       [syntax-error] file:/home/runner/work/key/key/key.core/build/resources/main/de/uka/ilkd/key/proof/rules/ifThenElseRules.key:250:42: mismatched input '}' expecting {'(', '{'} [@1731,7381:7381='}',<149>,250:42] (taclet, rulesOrAxioms, decls, file) 
94676      WARN  Test worker     d.u.i.k.n.KeYParser       [syntax-error] file:/home/runner/work/key/key/key.core/build/resources/main/de/uka/ilkd/key/proof/rules/ifThenElseRules.key:251:28: extraneous input '(' expecting {'\lemma', '}', IDENT, '/*!'} [@1741,7416:7416='(',<146>,251:28] (rulesOrAxioms, decls, file) 
94676      WARN  Test worker     d.u.i.k.n.KeYParser       [syntax-error] file:/home/runner/work/key/key/key.core/build/resources/main/de/uka/ilkd/key/proof/rules/ifThenElseRules.key:251:33: mismatched input '->' expecting {'(', '{'} [@1744,7421:7422='->',<158>,251:33] (taclet, rulesOrAxioms, decls, file) 
94676      WARN  Test worker     d.u.i.k.n.KeYParser       [syntax-error] file:/home/runner/work/key/key/key.core/build/resources/main/de/uka/ilkd/key/proof/rules/ifThenElseRules.key:255:14: mismatched input '\ifExintVar' expecting {MODALITY, FORALL, EXISTS, '\if', '\ifEx', 'true', 'false', '(', '{', '@', NOT, SEQARROW, '-', STRING_LITERAL, CHAR_LITERAL, BIN_LITERAL, HEX_LITERAL, IDENT, INT_LITERAL, FLOAT_LITERAL, DOUBLE_LITERAL, REAL_LITERAL} [@1765,7506:7516='\ifExintVar',<188>,255:14] (termorseq, taclet, rulesOrAxioms, decls, file) 
94676      WARN  Test worker     d.u.i.k.n.KeYParser       [syntax-error] file:/home/runner/work/key/key/key.core/build/resources/main/de/uka/ilkd/key/proof/rules/ifThenElseRules.key:255:27: extraneous input '(' expecting {'\lemma', '}', IDENT, '/*!'} [@1768,7519:7519='(',<146>,255:27] (rulesOrAxioms, decls, file) 
94676      WARN  Test worker     d.u.i.k.n.KeYParser       [syntax-error] file:/home/runner/work/key/key/key.core/build/resources/main/de/uka/ilkd/key/proof/rules/ifThenElseRules.key:255:31: mismatched input ')' expecting {'(', '{'} [@1770,7523:7523=')',<147>,255:31] (taclet, rulesOrAxioms, decls, file) 
94676      WARN  Test worker     d.u.i.k.n.KeYParser       [syntax-error] file:/home/runner/work/key/key/key.core/build/resources/main/de/uka/ilkd/key/proof/rules/ifThenElseRules.key:258:52: extraneous input '0' expecting {'\lemma', '}', IDENT, '/*!'} [@1809,7667:7667='0',<184>,258:52] (rulesOrAxioms, decls, file) 
94676      WARN  Test worker     d.u.i.k.n.KeYParser       [syntax-error] file:/home/runner/work/key/key/key.core/build/resources/main/de/uka/ilkd/key/proof/rules/ifThenElseRules.key:258:54: mismatched input 'then' expecting {<EOF>, '\problem', '\chooseContract', '\proofObligation', '\proof'} [@1811,7669:7672='then',<183>,258:54] (file) 
94739      WARN  Test worker     d.u.i.k.n.KeYParser       [syntax-error] file:/home/runner/work/key/key/key.core/build/resources/main/de/uka/ilkd/key/proof/rules/ifThenElseRules.key:135:14: mismatched input '\ifExintVar' expecting {MODALITY, FORALL, EXISTS, '\if', '\ifEx', 'true', 'false', '(', '{', '@', NOT, SEQARROW, '-', STRING_LITERAL, CHAR_LITERAL, BIN_LITERAL, HEX_LITERAL, IDENT, INT_LITERAL, FLOAT_LITERAL, DOUBLE_LITERAL, REAL_LITERAL} [@745,3563:3573='\ifExintVar',<188>,135:14] (termorseq, taclet, rulesOrAxioms, decls, file) 
94740      WARN  Test worker     d.u.i.k.n.KeYParser       [syntax-error] file:/home/runner/work/key/key/key.core/build/resources/main/de/uka/ilkd/key/proof/rules/ifThenElseRules.key:135:27: extraneous input '(' expecting {'\lemma', '}', IDENT, '/*!'} [@748,3576:3576='(',<146>,135:27] (rulesOrAxioms, decls, file) 
94740      WARN  Test worker     d.u.i.k.n.KeYParser       [syntax-error] file:/home/runner/work/key/key/key.core/build/resources/main/de/uka/ilkd/key/proof/rules/ifThenElseRules.key:135:44: mismatched input ')' expecting {'(', '{'} [@754,3593:3593=')',<147>,135:44] (taclet, rulesOrAxioms, decls, file) 
94740      WARN  Test worker     d.u.i.k.n.KeYParser       [syntax-error] file:/home/runner/work/key/key/key.core/build/resources/main/de/uka/ilkd/key/proof/rules/ifThenElseRules.key:141:14: mismatched input '\ifExintVar' expecting {MODALITY, FORALL, EXISTS, '\if', '\ifEx', 'true', 'false', '(', '{', '@', NOT, SEQARROW, '-', STRING_LITERAL, CHAR_LITERAL, BIN_LITERAL, HEX_LITERAL, IDENT, INT_LITERAL, FLOAT_LITERAL, DOUBLE_LITERAL, REAL_LITERAL} [@780,3716:3726='\ifExintVar',<188>,141:14] (termorseq, taclet, rulesOrAxioms, decls, file) 
94740      WARN  Test worker     d.u.i.k.n.KeYParser       [syntax-error] file:/home/runner/work/key/key/key.core/build/resources/main/de/uka/ilkd/key/proof/rules/ifThenElseRules.key:141:27: extraneous input '(' expecting {'\lemma', '}', IDENT, '/*!'} [@783,3729:3729='(',<146>,141:27] (rulesOrAxioms, decls, file) 
94741      WARN  Test worker     d.u.i.k.n.KeYParser       [syntax-error] file:/home/runner/work/key/key/key.core/build/resources/main/de/uka/ilkd/key/proof/rules/ifThenElseRules.key:141:41: mismatched input ')' expecting {'(', '{'} [@789,3743:3743=')',<147>,141:41] (taclet, rulesOrAxioms, decls, file) 
94741      WARN  Test worker     d.u.i.k.n.KeYParser       [syntax-error] file:/home/runner/work/key/key/key.core/build/resources/main/de/uka/ilkd/key/proof/rules/ifThenElseRules.key:148:14: mismatched input '\ifExintVar' expecting {MODALITY, FORALL, EXISTS, '\if', '\ifEx', 'true', 'false', '(', '{', '@', NOT, SEQARROW, '-', STRING_LITERAL, CHAR_LITERAL, BIN_LITERAL, HEX_LITERAL, IDENT, INT_LITERAL, FLOAT_LITERAL, DOUBLE_LITERAL, REAL_LITERAL} [@819,3896:3906='\ifExintVar',<188>,148:14] (termorseq, taclet, rulesOrAxioms, decls, file) 
94741      WARN  Test worker     d.u.i.k.n.KeYParser       [syntax-error] file:/home/runner/work/key/key/key.core/build/resources/main/de/uka/ilkd/key/proof/rules/ifThenElseRules.key:148:27: extraneous input '(' expecting {'\lemma', '}', IDENT, '/*!'} [@822,3909:3909='(',<146>,148:27] (rulesOrAxioms, decls, file) 
94741      WARN  Test worker     d.u.i.k.n.KeYParser       [syntax-error] file:/home/runner/work/key/key/key.core/build/resources/main/de/uka/ilkd/key/proof/rules/ifThenElseRules.key:148:35: mismatched input '=' expecting {'(', '{'} [@825,3917:3917='=',<159>,148:35] (taclet, rulesOrAxioms, decls, file) 
94741      WARN  Test worker     d.u.i.k.n.KeYParser       [syntax-error] file:/home/runner/work/key/key/key.core/build/resources/main/de/uka/ilkd/key/proof/rules/ifThenElseRules.key:150:38: mismatched input '}' expecting {'(', '{'} [@859,4023:4023='}',<149>,150:38] (taclet, rulesOrAxioms, decls, file) 
94741      WARN  Test worker     d.u.i.k.n.KeYParser       [syntax-error] file:/home/runner/work/key/key/key.core/build/resources/main/de/uka/ilkd/key/proof/rules/ifThenElseRules.key:155:14: mismatched input '\ifExintVar' expecting {MODALITY, FORALL, EXISTS, '\if', '\ifEx', 'true', 'false', '(', '{', '@', NOT, SEQARROW, '-', STRING_LITERAL, CHAR_LITERAL, BIN_LITERAL, HEX_LITERAL, IDENT, INT_LITERAL, FLOAT_LITERAL, DOUBLE_LITERAL, REAL_LITERAL} [@877,4109:4119='\ifExintVar',<188>,155:14] (termorseq, taclet, rulesOrAxioms, decls, file) 
94742      WARN  Test worker     d.u.i.k.n.KeYParser       [syntax-error] file:/home/runner/work/key/key/key.core/build/resources/main/de/uka/ilkd/key/proof/rules/ifThenElseRules.key:155:27: extraneous input '(' expecting {'\lemma', '}', IDENT, '/*!'} [@880,4122:4122='(',<146>,155:27] (rulesOrAxioms, decls, file) 
94742      WARN  Test worker     d.u.i.k.n.KeYParser       [syntax-error] file:/home/runner/work/key/key/key.core/build/resources/main/de/uka/ilkd/key/proof/rules/ifThenElseRules.key:155:35: mismatched input '=' expecting {'(', '{'} [@883,4130:4130='=',<159>,155:35] (taclet, rulesOrAxioms, decls, file) 
94742      WARN  Test worker     d.u.i.k.n.KeYParser       [syntax-error] file:/home/runner/work/key/key/key.core/build/resources/main/de/uka/ilkd/key/proof/rules/ifThenElseRules.key:157:38: mismatched input '}' expecting {'(', '{'} [@917,4230:4230='}',<149>,157:38] (taclet, rulesOrAxioms, decls, file) 
94742      WARN  Test worker     d.u.i.k.n.KeYParser       [syntax-error] file:/home/runner/work/key/key/key.core/build/resources/main/de/uka/ilkd/key/proof/rules/ifThenElseRules.key:163:14: mismatched input '\ifExintVar' expecting {MODALITY, FORALL, EXISTS, '\if', '\ifEx', 'true', 'false', '(', '{', '@', NOT, SEQARROW, '-', STRING_LITERAL, CHAR_LITERAL, BIN_LITERAL, HEX_LITERAL, IDENT, INT_LITERAL, FLOAT_LITERAL, DOUBLE_LITERAL, REAL_LITERAL} [@939,4350:4360='\ifExintVar',<188>,163:14] (termorseq, taclet, rulesOrAxioms, decls, file) 
94742      WARN  Test worker     d.u.i.k.n.KeYParser       [syntax-error] file:/home/runner/work/key/key/key.core/build/resources/main/de/uka/ilkd/key/proof/rules/ifThenElseRules.key:163:27: extraneous input '(' expecting {'\lemma', '}', IDENT, '/*!'} [@942,4363:4363='(',<146>,163:27] (rulesOrAxioms, decls, file) 
94743      WARN  Test worker     d.u.i.k.n.KeYParser       [syntax-error] file:/home/runner/work/key/key/key.core/build/resources/main/de/uka/ilkd/key/proof/rules/ifThenElseRules.key:163:30: mismatched input '=' expecting {'(', '{'} [@945,4366:4366='=',<159>,163:30] (taclet, rulesOrAxioms, decls, file) 
94743      WARN  Test worker     d.u.i.k.n.KeYParser       [syntax-error] file:/home/runner/work/key/key/key.core/build/resources/main/de/uka/ilkd/key/proof/rules/ifThenElseRules.key:165:38: mismatched input '}' expecting {'(', '{'} [@979,4477:4477='}',<149>,165:38] (taclet, rulesOrAxioms, decls, file) 
94743      WARN  Test worker     d.u.i.k.n.KeYParser       [syntax-error] file:/home/runner/work/key/key/key.core/build/resources/main/de/uka/ilkd/key/proof/rules/ifThenElseRules.key:171:14: mismatched input '\ifExintVar' expecting {MODALITY, FORALL, EXISTS, '\if', '\ifEx', 'true', 'false', '(', '{', '@', NOT, SEQARROW, '-', STRING_LITERAL, CHAR_LITERAL, BIN_LITERAL, HEX_LITERAL, IDENT, INT_LITERAL, FLOAT_LITERAL, DOUBLE_LITERAL, REAL_LITERAL} [@1001,4604:4614='\ifExintVar',<188>,171:14] (termorseq, taclet, rulesOrAxioms, decls, file) 
94743      WARN  Test worker     d.u.i.k.n.KeYParser       [syntax-error] file:/home/runner/work/key/key/key.core/build/resources/main/de/uka/ilkd/key/proof/rules/ifThenElseRules.key:171:27: extraneous input '(' expecting {'\lemma', '}', IDENT, '/*!'} [@1004,4617:4617='(',<146>,171:27] (rulesOrAxioms, decls, file) 
94743      WARN  Test worker     d.u.i.k.n.KeYParser       [syntax-error] file:/home/runner/work/key/key/key.core/build/resources/main/de/uka/ilkd/key/proof/rules/ifThenElseRules.key:171:30: mismatched input '=' expecting {'(', '{'} [@1007,4620:4620='=',<159>,171:30] (taclet, rulesOrAxioms, decls, file) 
94743      WARN  Test worker     d.u.i.k.n.KeYParser       [syntax-error] file:/home/runner/work/key/key/key.core/build/resources/main/de/uka/ilkd/key/proof/rules/ifThenElseRules.key:173:38: mismatched input '}' expecting {'(', '{'} [@1041,4725:4725='}',<149>,173:38] (taclet, rulesOrAxioms, decls, file) 
94744      WARN  Test worker     d.u.i.k.n.KeYParser       [syntax-error] file:/home/runner/work/key/key/key.core/build/resources/main/de/uka/ilkd/key/proof/rules/ifThenElseRules.key:179:14: mismatched input '\ifExintVar' expecting {MODALITY, FORALL, EXISTS, '\if', '\ifEx', 'true', 'false', '(', '{', '@', NOT, SEQARROW, '-', STRING_LITERAL, CHAR_LITERAL, BIN_LITERAL, HEX_LITERAL, IDENT, INT_LITERAL, FLOAT_LITERAL, DOUBLE_LITERAL, REAL_LITERAL} [@1063,4848:4858='\ifExintVar',<188>,179:14] (termorseq, taclet, rulesOrAxioms, decls, file) 
94744      WARN  Test worker     d.u.i.k.n.KeYParser       [syntax-error] file:/home/runner/work/key/key/key.core/build/resources/main/de/uka/ilkd/key/proof/rules/ifThenElseRules.key:179:27: extraneous input '(' expecting {'\lemma', '}', IDENT, '/*!'} [@1066,4861:4861='(',<146>,179:27] (rulesOrAxioms, decls, file) 
94744      WARN  Test worker     d.u.i.k.n.KeYParser       [syntax-error] file:/home/runner/work/key/key/key.core/build/resources/main/de/uka/ilkd/key/proof/rules/ifThenElseRules.key:179:32: mismatched input '&' expecting {'(', '{'} [@1069,4866:4866='&',<156>,179:32] (taclet, rulesOrAxioms, decls, file) 
94744      WARN  Test worker     d.u.i.k.n.KeYParser       [syntax-error] file:/home/runner/work/key/key/key.core/build/resources/main/de/uka/ilkd/key/proof/rules/ifThenElseRules.key:181:42: mismatched input '}' expecting {'(', '{'} [@1109,4985:4985='}',<149>,181:42] (taclet, rulesOrAxioms, decls, file) 
94744      WARN  Test worker     d.u.i.k.n.KeYParser       [syntax-error] file:/home/runner/work/key/key/key.core/build/resources/main/de/uka/ilkd/key/proof/rules/ifThenElseRules.key:182:39: mismatched input '}' expecting {'(', '{'} [@1122,5030:5030='}',<149>,182:39] (taclet, rulesOrAxioms, decls, file) 
94744      WARN  Test worker     d.u.i.k.n.KeYParser       [syntax-error] file:/home/runner/work/key/key/key.core/build/resources/main/de/uka/ilkd/key/proof/rules/ifThenElseRules.key:188:14: mismatched input '\ifExintVar' expecting {MODALITY, FORALL, EXISTS, '\if', '\ifEx', 'true', 'false', '(', '{', '@', NOT, SEQARROW, '-', STRING_LITERAL, CHAR_LITERAL, BIN_LITERAL, HEX_LITERAL, IDENT, INT_LITERAL, FLOAT_LITERAL, DOUBLE_LITERAL, REAL_LITERAL} [@1146,5149:5159='\ifExintVar',<188>,188:14] (termorseq, taclet, rulesOrAxioms, decls, file) 
94745      WARN  Test worker     d.u.i.k.n.KeYParser       [syntax-error] file:/home/runner/work/key/key/key.core/build/resources/main/de/uka/ilkd/key/proof/rules/ifThenElseRules.key:188:27: extraneous input '(' expecting {'\lemma', '}', IDENT, '/*!'} [@1149,5162:5162='(',<146>,188:27] (rulesOrAxioms, decls, file) 
94745      WARN  Test worker     d.u.i.k.n.KeYParser       [syntax-error] file:/home/runner/work/key/key/key.core/build/resources/main/de/uka/ilkd/key/proof/rules/ifThenElseRules.key:188:32: mismatched input '&' expecting {'(', '{'} [@1152,5167:5167='&',<156>,188:32] (taclet, rulesOrAxioms, decls, file) 
94745      WARN  Test worker     d.u.i.k.n.KeYParser       [syntax-error] file:/home/runner/work/key/key/key.core/build/resources/main/de/uka/ilkd/key/proof/rules/ifThenElseRules.key:190:42: mismatched input '}' expecting {'(', '{'} [@1192,5280:5280='}',<149>,190:42] (taclet, rulesOrAxioms, decls, file) 
94745      WARN  Test worker     d.u.i.k.n.KeYParser       [syntax-error] file:/home/runner/work/key/key/key.core/build/resources/main/de/uka/ilkd/key/proof/rules/ifThenElseRules.key:191:39: mismatched input '}' expecting {'(', '{'} [@1205,5325:5325='}',<149>,191:39] (taclet, rulesOrAxioms, decls, file) 
94745      WARN  Test worker     d.u.i.k.n.KeYParser       [syntax-error] file:/home/runner/work/key/key/key.core/build/resources/main/de/uka/ilkd/key/proof/rules/ifThenElseRules.key:198:14: mismatched input '\ifExintVar' expecting {MODALITY, FORALL, EXISTS, '\if', '\ifEx', 'true', 'false', '(', '{', '@', NOT, SEQARROW, '-', STRING_LITERAL, CHAR_LITERAL, BIN_LITERAL, HEX_LITERAL, IDENT, INT_LITERAL, FLOAT_LITERAL, DOUBLE_LITERAL, REAL_LITERAL} [@1233,5475:5485='\ifExintVar',<188>,198:14] (termorseq, taclet, rulesOrAxioms, decls, file) 
94745      WARN  Test worker     d.u.i.k.n.KeYParser       [syntax-error] file:/home/runner/work/key/key/key.core/build/resources/main/de/uka/ilkd/key/proof/rules/ifThenElseRules.key:198:27: extraneous input '(' expecting {'\lemma', '}', IDENT, '/*!'} [@1236,5488:5488='(',<146>,198:27] (rulesOrAxioms, decls, file) 
94746      WARN  Test worker     d.u.i.k.n.KeYParser       [syntax-error] file:/home/runner/work/key/key/key.core/build/resources/main/de/uka/ilkd/key/proof/rules/ifThenElseRules.key:198:32: mismatched input '&' expecting {'(', '{'} [@1239,5493:5493='&',<156>,198:32] (taclet, rulesOrAxioms, decls, file) 
94746      WARN  Test worker     d.u.i.k.n.KeYParser       [syntax-error] file:/home/runner/work/key/key/key.core/build/resources/main/de/uka/ilkd/key/proof/rules/ifThenElseRules.key:200:42: mismatched input '}' expecting {'(', '{'} [@1279,5612:5612='}',<149>,200:42] (taclet, rulesOrAxioms, decls, file) 
94746      WARN  Test worker     d.u.i.k.n.KeYParser       [syntax-error] file:/home/runner/work/key/key/key.core/build/resources/main/de/uka/ilkd/key/proof/rules/ifThenElseRules.key:201:39: mismatched input '}' expecting {'(', '{'} [@1292,5657:5657='}',<149>,201:39] (taclet, rulesOrAxioms, decls, file) 
94746      WARN  Test worker     d.u.i.k.n.KeYParser       [syntax-error] file:/home/runner/work/key/key/key.core/build/resources/main/de/uka/ilkd/key/proof/rules/ifThenElseRules.key:208:14: mismatched input '\ifExintVar' expecting {MODALITY, FORALL, EXISTS, '\if', '\ifEx', 'true', 'false', '(', '{', '@', NOT, SEQARROW, '-', STRING_LITERAL, CHAR_LITERAL, BIN_LITERAL, HEX_LITERAL, IDENT, INT_LITERAL, FLOAT_LITERAL, DOUBLE_LITERAL, REAL_LITERAL} [@1320,5817:5827='\ifExintVar',<188>,208:14] (termorseq, taclet, rulesOrAxioms, decls, file) 
94746      WARN  Test worker     d.u.i.k.n.KeYParser       [syntax-error] file:/home/runner/work/key/key/key.core/build/resources/main/de/uka/ilkd/key/proof/rules/ifThenElseRules.key:208:27: extraneous input '(' expecting {'\lemma', '}', IDENT, '/*!'} [@1323,5830:5830='(',<146>,208:27] (rulesOrAxioms, decls, file) 
94746      WARN  Test worker     d.u.i.k.n.KeYParser       [syntax-error] file:/home/runner/work/key/key/key.core/build/resources/main/de/uka/ilkd/key/proof/rules/ifThenElseRules.key:208:32: mismatched input '&' expecting {'(', '{'} [@1326,5835:5835='&',<156>,208:32] (taclet, rulesOrAxioms, decls, file) 
94747      WARN  Test worker     d.u.i.k.n.KeYParser       [syntax-error] file:/home/runner/work/key/key/key.core/build/resources/main/de/uka/ilkd/key/proof/rules/ifThenElseRules.key:210:42: mismatched input '}' expecting {'(', '{'} [@1366,5948:5948='}',<149>,210:42] (taclet, rulesOrAxioms, decls, file) 
94747      WARN  Test worker     d.u.i.k.n.KeYParser       [syntax-error] file:/home/runner/work/key/key/key.core/build/resources/main/de/uka/ilkd/key/proof/rules/ifThenElseRules.key:211:39: mismatched input '}' expecting {'(', '{'} [@1379,5993:5993='}',<149>,211:39] (taclet, rulesOrAxioms, decls, file) 
94747      WARN  Test worker     d.u.i.k.n.KeYParser       [syntax-error] file:/home/runner/work/key/key/key.core/build/resources/main/de/uka/ilkd/key/proof/rules/ifThenElseRules.key:218:14: mismatched input '\ifExintVar' expecting {MODALITY, FORALL, EXISTS, '\if', '\ifEx', 'true', 'false', '(', '{', '@', NOT, SEQARROW, '-', STRING_LITERAL, CHAR_LITERAL, BIN_LITERAL, HEX_LITERAL, IDENT, INT_LITERAL, FLOAT_LITERAL, DOUBLE_LITERAL, REAL_LITERAL} [@1407,6146:6156='\ifExintVar',<188>,218:14] (termorseq, taclet, rulesOrAxioms, decls, file) 
94747      WARN  Test worker     d.u.i.k.n.KeYParser       [syntax-error] file:/home/runner/work/key/key/key.core/build/resources/main/de/uka/ilkd/key/proof/rules/ifThenElseRules.key:218:27: extraneous input '(' expecting {'\lemma', '}', IDENT, '/*!'} [@1410,6159:6159='(',<146>,218:27] (rulesOrAxioms, decls, file) 
94747      WARN  Test worker     d.u.i.k.n.KeYParser       [syntax-error] file:/home/runner/work/key/key/key.core/build/resources/main/de/uka/ilkd/key/proof/rules/ifThenElseRules.key:218:31: mismatched input ')' expecting {'(', '{'} [@1412,6163:6163=')',<147>,218:31] (taclet, rulesOrAxioms, decls, file) 
94747      WARN  Test worker     d.u.i.k.n.KeYParser       [syntax-error] file:/home/runner/work/key/key/key.core/build/resources/main/de/uka/ilkd/key/proof/rules/ifThenElseRules.key:220:44: mismatched input ')' expecting {'(', '{'} [@1444,6275:6275=')',<147>,220:44] (taclet, rulesOrAxioms, decls, file) 
94748      WARN  Test worker     d.u.i.k.n.KeYParser       [syntax-error] file:/home/runner/work/key/key/key.core/build/resources/main/de/uka/ilkd/key/proof/rules/ifThenElseRules.key:225:14: mismatched input '\ifExintVar' expecting {MODALITY, FORALL, EXISTS, '\if', '\ifEx', 'true', 'false', '(', '{', '@', NOT, SEQARROW, '-', STRING_LITERAL, CHAR_LITERAL, BIN_LITERAL, HEX_LITERAL, IDENT, INT_LITERAL, FLOAT_LITERAL, DOUBLE_LITERAL, REAL_LITERAL} [@1471,6389:6399='\ifExintVar',<188>,225:14] (termorseq, taclet, rulesOrAxioms, decls, file) 
94748      WARN  Test worker     d.u.i.k.n.KeYParser       [syntax-error] file:/home/runner/work/key/key/key.core/build/resources/main/de/uka/ilkd/key/proof/rules/ifThenElseRules.key:225:27: extraneous input '(' expecting {'\lemma', '}', IDENT, '/*!'} [@1474,6402:6402='(',<146>,225:27] (rulesOrAxioms, decls, file) 
94748      WARN  Test worker     d.u.i.k.n.KeYParser       [syntax-error] file:/home/runner/work/key/key/key.core/build/resources/main/de/uka/ilkd/key/proof/rules/ifThenElseRules.key:225:31: mismatched input ')' expecting {'(', '{'} [@1476,6406:6406=')',<147>,225:31] (taclet, rulesOrAxioms, decls, file) 
94748      WARN  Test worker     d.u.i.k.n.KeYParser       [syntax-error] file:/home/runner/work/key/key/key.core/build/resources/main/de/uka/ilkd/key/proof/rules/ifThenElseRules.key:227:44: mismatched input ')' expecting {'(', '{'} [@1508,6509:6509=')',<147>,227:44] (taclet, rulesOrAxioms, decls, file) 
94748      WARN  Test worker     d.u.i.k.n.KeYParser       [syntax-error] file:/home/runner/work/key/key/key.core/build/resources/main/de/uka/ilkd/key/proof/rules/ifThenElseRules.key:233:14: mismatched input '\ifExintVar' expecting {MODALITY, FORALL, EXISTS, '\if', '\ifEx', 'true', 'false', '(', '{', '@', NOT, SEQARROW, '-', STRING_LITERAL, CHAR_LITERAL, BIN_LITERAL, HEX_LITERAL, IDENT, INT_LITERAL, FLOAT_LITERAL, DOUBLE_LITERAL, REAL_LITERAL} [@1539,6656:6666='\ifExintVar',<188>,233:14] (termorseq, taclet, rulesOrAxioms, decls, file) 
94748      WARN  Test worker     d.u.i.k.n.KeYParser       [syntax-error] file:/home/runner/work/key/key/key.core/build/resources/main/de/uka/ilkd/key/proof/rules/ifThenElseRules.key:233:27: extraneous input '(' expecting {'\lemma', '}', IDENT, '/*!'} [@1542,6669:6669='(',<146>,233:27] (rulesOrAxioms, decls, file) 
94749      WARN  Test worker     d.u.i.k.n.KeYParser       [syntax-error] file:/home/runner/work/key/key/key.core/build/resources/main/de/uka/ilkd/key/proof/rules/ifThenElseRules.key:233:31: mismatched input ')' expecting {'(', '{'} [@1544,6673:6673=')',<147>,233:31] (taclet, rulesOrAxioms, decls, file) 
94749      WARN  Test worker     d.u.i.k.n.KeYParser       [syntax-error] file:/home/runner/work/key/key/key.core/build/resources/main/de/uka/ilkd/key/proof/rules/ifThenElseRules.key:237:42: mismatched input '}' expecting {'(', '{'} [@1586,6850:6850='}',<149>,237:42] (taclet, rulesOrAxioms, decls, file) 
94749      WARN  Test worker     d.u.i.k.n.KeYParser       [syntax-error] file:/home/runner/work/key/key/key.core/build/resources/main/de/uka/ilkd/key/proof/rules/ifThenElseRules.key:238:34: mismatched input '}' expecting {'(', '{'} [@1599,6891:6891='}',<149>,238:34] (taclet, rulesOrAxioms, decls, file) 
94749      WARN  Test worker     d.u.i.k.n.KeYParser       [syntax-error] file:/home/runner/work/key/key/key.core/build/resources/main/de/uka/ilkd/key/proof/rules/ifThenElseRules.key:239:28: extraneous input '(' expecting {'\lemma', '}', IDENT, '/*!'} [@1608,6925:6925='(',<146>,239:28] (rulesOrAxioms, decls, file) 
94749      WARN  Test worker     d.u.i.k.n.KeYParser       [syntax-error] file:/home/runner/work/key/key/key.core/build/resources/main/de/uka/ilkd/key/proof/rules/ifThenElseRules.key:239:33: mismatched input '->' expecting {'(', '{'} [@1611,6930:6931='->',<158>,239:33] (taclet, rulesOrAxioms, decls, file) 
94749      WARN  Test worker     d.u.i.k.n.KeYParser       [syntax-error] file:/home/runner/work/key/key/key.core/build/resources/main/de/uka/ilkd/key/proof/rules/ifThenElseRules.key:240:8: extraneous input '\replacewith' expecting {'\lemma', '}', IDENT, '/*!'} [@1626,6979:6990='\replacewith',<105>,240:8] (rulesOrAxioms, decls, file) 
94750      WARN  Test worker     d.u.i.k.n.KeYParser       [syntax-error] file:/home/runner/work/key/key/key.core/build/resources/main/de/uka/ilkd/key/proof/rules/ifThenElseRules.key:240:25: mismatched input ')' expecting {'(', '{'} [@1629,6996:6996=')',<147>,240:25] (taclet, rulesOrAxioms, decls, file) 
94750      WARN  Test worker     d.u.i.k.n.KeYParser       [syntax-error] file:/home/runner/work/key/key/key.core/build/resources/main/de/uka/ilkd/key/proof/rules/ifThenElseRules.key:240:56: mismatched input ')' expecting {'(', '{'} [@1642,7027:7027=')',<147>,240:56] (taclet, rulesOrAxioms, decls, file) 
94750      WARN  Test worker     d.u.i.k.n.KeYParser       [syntax-error] file:/home/runner/work/key/key/key.core/build/resources/main/de/uka/ilkd/key/proof/rules/ifThenElseRules.key:245:14: mismatched input '\ifExintVar' expecting {MODALITY, FORALL, EXISTS, '\if', '\ifEx', 'true', 'false', '(', '{', '@', NOT, SEQARROW, '-', STRING_LITERAL, CHAR_LITERAL, BIN_LITERAL, HEX_LITERAL, IDENT, INT_LITERAL, FLOAT_LITERAL, DOUBLE_LITERAL, REAL_LITERAL} [@1658,7109:7119='\ifExintVar',<188>,245:14] (termorseq, taclet, rulesOrAxioms, decls, file) 
94750      WARN  Test worker     d.u.i.k.n.KeYParser       [syntax-error] file:/home/runner/work/key/key/key.core/build/resources/main/de/uka/ilkd/key/proof/rules/ifThenElseRules.key:245:27: extraneous input '(' expecting {'\lemma', '}', IDENT, '/*!'} [@1661,7122:7122='(',<146>,245:27] (rulesOrAxioms, decls, file) 
94750      WARN  Test worker     d.u.i.k.n.KeYParser       [syntax-error] file:/home/runner/work/key/key/key.core/build/resources/main/de/uka/ilkd/key/proof/rules/ifThenElseRules.key:245:31: mismatched input ')' expecting {'(', '{'} [@1663,7126:7126=')',<147>,245:31] (taclet, rulesOrAxioms, decls, file) 
94750      WARN  Test worker     d.u.i.k.n.KeYParser       [syntax-error] file:/home/runner/work/key/key/key.core/build/resources/main/de/uka/ilkd/key/proof/rules/ifThenElseRules.key:248:45: mismatched input '}' expecting {'(', '{'} [@1696,7268:7268='}',<149>,248:45] (taclet, rulesOrAxioms, decls, file) 
94751      WARN  Test worker     d.u.i.k.n.KeYParser       [syntax-error] file:/home/runner/work/key/key/key.core/build/resources/main/de/uka/ilkd/key/proof/rules/ifThenElseRules.key:249:8: extraneous input '\replacewith' expecting {'\lemma', '}', IDENT, '/*!'} [@1701,7284:7295='\replacewith',<105>,249:8] (rulesOrAxioms, decls, file) 
94751      WARN  Test worker     d.u.i.k.n.KeYParser       [syntax-error] file:/home/runner/work/key/key/key.core/build/resources/main/de/uka/ilkd/key/proof/rules/ifThenElseRules.key:249:38: mismatched input ')' expecting {'(', '{'} [@1708,7314:7314=')',<147>,249:38] (taclet, rulesOrAxioms, decls, file) 
94751      WARN  Test worker     d.u.i.k.n.KeYParser       [syntax-error] file:/home/runner/work/key/key/key.core/build/resources/main/de/uka/ilkd/key/proof/rules/ifThenElseRules.key:250:42: mismatched input '}' expecting {'(', '{'} [@1731,7381:7381='}',<149>,250:42] (taclet, rulesOrAxioms, decls, file) 
94751      WARN  Test worker     d.u.i.k.n.KeYParser       [syntax-error] file:/home/runner/work/key/key/key.core/build/resources/main/de/uka/ilkd/key/proof/rules/ifThenElseRules.key:251:28: extraneous input '(' expecting {'\lemma', '}', IDENT, '/*!'} [@1741,7416:7416='(',<146>,251:28] (rulesOrAxioms, decls, file) 
94751      WARN  Test worker     d.u.i.k.n.KeYParser       [syntax-error] file:/home/runner/work/key/key/key.core/build/resources/main/de/uka/ilkd/key/proof/rules/ifThenElseRules.key:251:33: mismatched input '->' expecting {'(', '{'} [@1744,7421:7422='->',<158>,251:33] (taclet, rulesOrAxioms, decls, file) 
94751      WARN  Test worker     d.u.i.k.n.KeYParser       [syntax-error] file:/home/runner/work/key/key/key.core/build/resources/main/de/uka/ilkd/key/proof/rules/ifThenElseRules.key:255:14: mismatched input '\ifExintVar' expecting {MODALITY, FORALL, EXISTS, '\if', '\ifEx', 'true', 'false', '(', '{', '@', NOT, SEQARROW, '-', STRING_LITERAL, CHAR_LITERAL, BIN_LITERAL, HEX_LITERAL, IDENT, INT_LITERAL, FLOAT_LITERAL, DOUBLE_LITERAL, REAL_LITERAL} [@1765,7506:7516='\ifExintVar',<188>,255:14] (termorseq, taclet, rulesOrAxioms, decls, file) 
94752      WARN  Test worker     d.u.i.k.n.KeYParser       [syntax-error] file:/home/runner/work/key/key/key.core/build/resources/main/de/uka/ilkd/key/proof/rules/ifThenElseRules.key:255:27: extraneous input '(' expecting {'\lemma', '}', IDENT, '/*!'} [@1768,7519:7519='(',<146>,255:27] (rulesOrAxioms, decls, file) 
94752      WARN  Test worker     d.u.i.k.n.KeYParser       [syntax-error] file:/home/runner/work/key/key/key.core/build/resources/main/de/uka/ilkd/key/proof/rules/ifThenElseRules.key:255:31: mismatched input ')' expecting {'(', '{'} [@1770,7523:7523=')',<147>,255:31] (taclet, rulesOrAxioms, decls, file) 
94752      WARN  Test worker     d.u.i.k.n.KeYParser       [syntax-error] file:/home/runner/work/key/key/key.core/build/resources/main/de/uka/ilkd/key/proof/rules/ifThenElseRules.key:258:52: extraneous input '0' expecting {'\lemma', '}', IDENT, '/*!'} [@1809,7667:7667='0',<184>,258:52] (rulesOrAxioms, decls, file) 
94752      WARN  Test worker     d.u.i.k.n.KeYParser       [syntax-error] file:/home/runner/work/key/key/key.core/build/resources/main/de/uka/ilkd/key/proof/rules/ifThenElseRules.key:258:54: mismatched input 'then' expecting {<EOF>, '\problem', '\chooseContract', '\proofObligation', '\proof'} [@1811,7669:7672='then',<183>,258:54] (file) 
94795      WARN  Test worker     d.u.i.k.n.KeYParser       [syntax-error] file:/home/runner/work/key/key/key.core/build/resources/main/de/uka/ilkd/key/proof/rules/ifThenElseRules.key:135:14: mismatched input '\ifExintVar' expecting {MODALITY, FORALL, EXISTS, '\if', '\ifEx', 'true', 'false', '(', '{', '@', NOT, SEQARROW, '-', STRING_LITERAL, CHAR_LITERAL, BIN_LITERAL, HEX_LITERAL, IDENT, INT_LITERAL, FLOAT_LITERAL, DOUBLE_LITERAL, REAL_LITERAL} [@745,3563:3573='\ifExintVar',<188>,135:14] (termorseq, taclet, rulesOrAxioms, decls, file) 
94795      WARN  Test worker     d.u.i.k.n.KeYParser       [syntax-error] file:/home/runner/work/key/key/key.core/build/resources/main/de/uka/ilkd/key/proof/rules/ifThenElseRules.key:135:27: extraneous input '(' expecting {'\lemma', '}', IDENT, '/*!'} [@748,3576:3576='(',<146>,135:27] (rulesOrAxioms, decls, file) 
94796      WARN  Test worker     d.u.i.k.n.KeYParser       [syntax-error] file:/home/runner/work/key/key/key.core/build/resources/main/de/uka/ilkd/key/proof/rules/ifThenElseRules.key:135:44: mismatched input ')' expecting {'(', '{'} [@754,3593:3593=')',<147>,135:44] (taclet, rulesOrAxioms, decls, file) 
94796      WARN  Test worker     d.u.i.k.n.KeYParser       [syntax-error] file:/home/runner/work/key/key/key.core/build/resources/main/de/uka/ilkd/key/proof/rules/ifThenElseRules.key:141:14: mismatched input '\ifExintVar' expecting {MODALITY, FORALL, EXISTS, '\if', '\ifEx', 'true', 'false', '(', '{', '@', NOT, SEQARROW, '-', STRING_LITERAL, CHAR_LITERAL, BIN_LITERAL, HEX_LITERAL, IDENT, INT_LITERAL, FLOAT_LITERAL, DOUBLE_LITERAL, REAL_LITERAL} [@780,3716:3726='\ifExintVar',<188>,141:14] (termorseq, taclet, rulesOrAxioms, decls, file) 
94796      WARN  Test worker     d.u.i.k.n.KeYParser       [syntax-error] file:/home/runner/work/key/key/key.core/build/resources/main/de/uka/ilkd/key/proof/rules/ifThenElseRules.key:141:27: extraneous input '(' expecting {'\lemma', '}', IDENT, '/*!'} [@783,3729:3729='(',<146>,141:27] (rulesOrAxioms, decls, file) 
94796      WARN  Test worker     d.u.i.k.n.KeYParser       [syntax-error] file:/home/runner/work/key/key/key.core/build/resources/main/de/uka/ilkd/key/proof/rules/ifThenElseRules.key:141:41: mismatched input ')' expecting {'(', '{'} [@789,3743:3743=')',<147>,141:41] (taclet, rulesOrAxioms, decls, file) 
94798      WARN  Test worker     d.u.i.k.n.KeYParser       [syntax-error] file:/home/runner/work/key/key/key.core/build/resources/main/de/uka/ilkd/key/proof/rules/ifThenElseRules.key:148:14: mismatched input '\ifExintVar' expecting {MODALITY, FORALL, EXISTS, '\if', '\ifEx', 'true', 'false', '(', '{', '@', NOT, SEQARROW, '-', STRING_LITERAL, CHAR_LITERAL, BIN_LITERAL, HEX_LITERAL, IDENT, INT_LITERAL, FLOAT_LITERAL, DOUBLE_LITERAL, REAL_LITERAL} [@819,3896:3906='\ifExintVar',<188>,148:14] (termorseq, taclet, rulesOrAxioms, decls, file) 
94799      WARN  Test worker     d.u.i.k.n.KeYParser       [syntax-error] file:/home/runner/work/key/key/key.core/build/resources/main/de/uka/ilkd/key/proof/rules/ifThenElseRules.key:148:27: extraneous input '(' expecting {'\lemma', '}', IDENT, '/*!'} [@822,3909:3909='(',<146>,148:27] (rulesOrAxioms, decls, file) 
94799      WARN  Test worker     d.u.i.k.n.KeYParser       [syntax-error] file:/home/runner/work/key/key/key.core/build/resources/main/de/uka/ilkd/key/proof/rules/ifThenElseRules.key:148:35: mismatched input '=' expecting {'(', '{'} [@825,3917:3917='=',<159>,148:35] (taclet, rulesOrAxioms, decls, file) 
94799      WARN  Test worker     d.u.i.k.n.KeYParser       [syntax-error] file:/home/runner/work/key/key/key.core/build/resources/main/de/uka/ilkd/key/proof/rules/ifThenElseRules.key:150:38: mismatched input '}' expecting {'(', '{'} [@859,4023:4023='}',<149>,150:38] (taclet, rulesOrAxioms, decls, file) 
94799      WARN  Test worker     d.u.i.k.n.KeYParser       [syntax-error] file:/home/runner/work/key/key/key.core/build/resources/main/de/uka/ilkd/key/proof/rules/ifThenElseRules.key:155:14: mismatched input '\ifExintVar' expecting {MODALITY, FORALL, EXISTS, '\if', '\ifEx', 'true', 'false', '(', '{', '@', NOT, SEQARROW, '-', STRING_LITERAL, CHAR_LITERAL, BIN_LITERAL, HEX_LITERAL, IDENT, INT_LITERAL, FLOAT_LITERAL, DOUBLE_LITERAL, REAL_LITERAL} [@877,4109:4119='\ifExintVar',<188>,155:14] (termorseq, taclet, rulesOrAxioms, decls, file) 
94800      WARN  Test worker     d.u.i.k.n.KeYParser       [syntax-error] file:/home/runner/work/key/key/key.core/build/resources/main/de/uka/ilkd/key/proof/rules/ifThenElseRules.key:155:27: extraneous input '(' expecting {'\lemma', '}', IDENT, '/*!'} [@880,4122:4122='(',<146>,155:27] (rulesOrAxioms, decls, file) 
94800      WARN  Test worker     d.u.i.k.n.KeYParser       [syntax-error] file:/home/runner/work/key/key/key.core/build/resources/main/de/uka/ilkd/key/proof/rules/ifThenElseRules.key:155:35: mismatched input '=' expecting {'(', '{'} [@883,4130:4130='=',<159>,155:35] (taclet, rulesOrAxioms, decls, file) 
94800      WARN  Test worker     d.u.i.k.n.KeYParser       [syntax-error] file:/home/runner/work/key/key/key.core/build/resources/main/de/uka/ilkd/key/proof/rules/ifThenElseRules.key:157:38: mismatched input '}' expecting {'(', '{'} [@917,4230:4230='}',<149>,157:38] (taclet, rulesOrAxioms, decls, file) 
94800      WARN  Test worker     d.u.i.k.n.KeYParser       [syntax-error] file:/home/runner/work/key/key/key.core/build/resources/main/de/uka/ilkd/key/proof/rules/ifThenElseRules.key:163:14: mismatched input '\ifExintVar' expecting {MODALITY, FORALL, EXISTS, '\if', '\ifEx', 'true', 'false', '(', '{', '@', NOT, SEQARROW, '-', STRING_LITERAL, CHAR_LITERAL, BIN_LITERAL, HEX_LITERAL, IDENT, INT_LITERAL, FLOAT_LITERAL, DOUBLE_LITERAL, REAL_LITERAL} [@939,4350:4360='\ifExintVar',<188>,163:14] (termorseq, taclet, rulesOrAxioms, decls, file) 
94800      WARN  Test worker     d.u.i.k.n.KeYParser       [syntax-error] file:/home/runner/work/key/key/key.core/build/resources/main/de/uka/ilkd/key/proof/rules/ifThenElseRules.key:163:27: extraneous input '(' expecting {'\lemma', '}', IDENT, '/*!'} [@942,4363:4363='(',<146>,163:27] (rulesOrAxioms, decls, file) 
94800      WARN  Test worker     d.u.i.k.n.KeYParser       [syntax-error] file:/home/runner/work/key/key/key.core/build/resources/main/de/uka/ilkd/key/proof/rules/ifThenElseRules.key:163:30: mismatched input '=' expecting {'(', '{'} [@945,4366:4366='=',<159>,163:30] (taclet, rulesOrAxioms, decls, file) 
94801      WARN  Test worker     d.u.i.k.n.KeYParser       [syntax-error] file:/home/runner/work/key/key/key.core/build/resources/main/de/uka/ilkd/key/proof/rules/ifThenElseRules.key:165:38: mismatched input '}' expecting {'(', '{'} [@979,4477:4477='}',<149>,165:38] (taclet, rulesOrAxioms, decls, file) 
94801      WARN  Test worker     d.u.i.k.n.KeYParser       [syntax-error] file:/home/runner/work/key/key/key.core/build/resources/main/de/uka/ilkd/key/proof/rules/ifThenElseRules.key:171:14: mismatched input '\ifExintVar' expecting {MODALITY, FORALL, EXISTS, '\if', '\ifEx', 'true', 'false', '(', '{', '@', NOT, SEQARROW, '-', STRING_LITERAL, CHAR_LITERAL, BIN_LITERAL, HEX_LITERAL, IDENT, INT_LITERAL, FLOAT_LITERAL, DOUBLE_LITERAL, REAL_LITERAL} [@1001,4604:4614='\ifExintVar',<188>,171:14] (termorseq, taclet, rulesOrAxioms, decls, file) 
94801      WARN  Test worker     d.u.i.k.n.KeYParser       [syntax-error] file:/home/runner/work/key/key/key.core/build/resources/main/de/uka/ilkd/key/proof/rules/ifThenElseRules.key:171:27: extraneous input '(' expecting {'\lemma', '}', IDENT, '/*!'} [@1004,4617:4617='(',<146>,171:27] (rulesOrAxioms, decls, file) 
94801      WARN  Test worker     d.u.i.k.n.KeYParser       [syntax-error] file:/home/runner/work/key/key/key.core/build/resources/main/de/uka/ilkd/key/proof/rules/ifThenElseRules.key:171:30: mismatched input '=' expecting {'(', '{'} [@1007,4620:4620='=',<159>,171:30] (taclet, rulesOrAxioms, decls, file) 
94801      WARN  Test worker     d.u.i.k.n.KeYParser       [syntax-error] file:/home/runner/work/key/key/key.core/build/resources/main/de/uka/ilkd/key/proof/rules/ifThenElseRules.key:173:38: mismatched input '}' expecting {'(', '{'} [@1041,4725:4725='}',<149>,173:38] (taclet, rulesOrAxioms, decls, file) 
94801      WARN  Test worker     d.u.i.k.n.KeYParser       [syntax-error] file:/home/runner/work/key/key/key.core/build/resources/main/de/uka/ilkd/key/proof/rules/ifThenElseRules.key:179:14: mismatched input '\ifExintVar' expecting {MODALITY, FORALL, EXISTS, '\if', '\ifEx', 'true', 'false', '(', '{', '@', NOT, SEQARROW, '-', STRING_LITERAL, CHAR_LITERAL, BIN_LITERAL, HEX_LITERAL, IDENT, INT_LITERAL, FLOAT_LITERAL, DOUBLE_LITERAL, REAL_LITERAL} [@1063,4848:4858='\ifExintVar',<188>,179:14] (termorseq, taclet, rulesOrAxioms, decls, file) 
94802      WARN  Test worker     d.u.i.k.n.KeYParser       [syntax-error] file:/home/runner/work/key/key/key.core/build/resources/main/de/uka/ilkd/key/proof/rules/ifThenElseRules.key:179:27: extraneous input '(' expecting {'\lemma', '}', IDENT, '/*!'} [@1066,4861:4861='(',<146>,179:27] (rulesOrAxioms, decls, file) 
94802      WARN  Test worker     d.u.i.k.n.KeYParser       [syntax-error] file:/home/runner/work/key/key/key.core/build/resources/main/de/uka/ilkd/key/proof/rules/ifThenElseRules.key:179:32: mismatched input '&' expecting {'(', '{'} [@1069,4866:4866='&',<156>,179:32] (taclet, rulesOrAxioms, decls, file) 
94802      WARN  Test worker     d.u.i.k.n.KeYParser       [syntax-error] file:/home/runner/work/key/key/key.core/build/resources/main/de/uka/ilkd/key/proof/rules/ifThenElseRules.key:181:42: mismatched input '}' expecting {'(', '{'} [@1109,4985:4985='}',<149>,181:42] (taclet, rulesOrAxioms, decls, file) 
94802      WARN  Test worker     d.u.i.k.n.KeYParser       [syntax-error] file:/home/runner/work/key/key/key.core/build/resources/main/de/uka/ilkd/key/proof/rules/ifThenElseRules.key:182:39: mismatched input '}' expecting {'(', '{'} [@1122,5030:5030='}',<149>,182:39] (taclet, rulesOrAxioms, decls, file) 
94802      WARN  Test worker     d.u.i.k.n.KeYParser       [syntax-error] file:/home/runner/work/key/key/key.core/build/resources/main/de/uka/ilkd/key/proof/rules/ifThenElseRules.key:188:14: mismatched input '\ifExintVar' expecting {MODALITY, FORALL, EXISTS, '\if', '\ifEx', 'true', 'false', '(', '{', '@', NOT, SEQARROW, '-', STRING_LITERAL, CHAR_LITERAL, BIN_LITERAL, HEX_LITERAL, IDENT, INT_LITERAL, FLOAT_LITERAL, DOUBLE_LITERAL, REAL_LITERAL} [@1146,5149:5159='\ifExintVar',<188>,188:14] (termorseq, taclet, rulesOrAxioms, decls, file) 
94802      WARN  Test worker     d.u.i.k.n.KeYParser       [syntax-error] file:/home/runner/work/key/key/key.core/build/resources/main/de/uka/ilkd/key/proof/rules/ifThenElseRules.key:188:27: extraneous input '(' expecting {'\lemma', '}', IDENT, '/*!'} [@1149,5162:5162='(',<146>,188:27] (rulesOrAxioms, decls, file) 
94803      WARN  Test worker     d.u.i.k.n.KeYParser       [syntax-error] file:/home/runner/work/key/key/key.core/build/resources/main/de/uka/ilkd/key/proof/rules/ifThenElseRules.key:188:32: mismatched input '&' expecting {'(', '{'} [@1152,5167:5167='&',<156>,188:32] (taclet, rulesOrAxioms, decls, file) 
94803      WARN  Test worker     d.u.i.k.n.KeYParser       [syntax-error] file:/home/runner/work/key/key/key.core/build/resources/main/de/uka/ilkd/key/proof/rules/ifThenElseRules.key:190:42: mismatched input '}' expecting {'(', '{'} [@1192,5280:5280='}',<149>,190:42] (taclet, rulesOrAxioms, decls, file) 
94803      WARN  Test worker     d.u.i.k.n.KeYParser       [syntax-error] file:/home/runner/work/key/key/key.core/build/resources/main/de/uka/ilkd/key/proof/rules/ifThenElseRules.key:191:39: mismatched input '}' expecting {'(', '{'} [@1205,5325:5325='}',<149>,191:39] (taclet, rulesOrAxioms, decls, file) 
94803      WARN  Test worker     d.u.i.k.n.KeYParser       [syntax-error] file:/home/runner/work/key/key/key.core/build/resources/main/de/uka/ilkd/key/proof/rules/ifThenElseRules.key:198:14: mismatched input '\ifExintVar' expecting {MODALITY, FORALL, EXISTS, '\if', '\ifEx', 'true', 'false', '(', '{', '@', NOT, SEQARROW, '-', STRING_LITERAL, CHAR_LITERAL, BIN_LITERAL, HEX_LITERAL, IDENT, INT_LITERAL, FLOAT_LITERAL, DOUBLE_LITERAL, REAL_LITERAL} [@1233,5475:5485='\ifExintVar',<188>,198:14] (termorseq, taclet, rulesOrAxioms, decls, file) 
94803      WARN  Test worker     d.u.i.k.n.KeYParser       [syntax-error] file:/home/runner/work/key/key/key.core/build/resources/main/de/uka/ilkd/key/proof/rules/ifThenElseRules.key:198:27: extraneous input '(' expecting {'\lemma', '}', IDENT, '/*!'} [@1236,5488:5488='(',<146>,198:27] (rulesOrAxioms, decls, file) 
94803      WARN  Test worker     d.u.i.k.n.KeYParser       [syntax-error] file:/home/runner/work/key/key/key.core/build/resources/main/de/uka/ilkd/key/proof/rules/ifThenElseRules.key:198:32: mismatched input '&' expecting {'(', '{'} [@1239,5493:5493='&',<156>,198:32] (taclet, rulesOrAxioms, decls, file) 
94804      WARN  Test worker     d.u.i.k.n.KeYParser       [syntax-error] file:/home/runner/work/key/key/key.core/build/resources/main/de/uka/ilkd/key/proof/rules/ifThenElseRules.key:200:42: mismatched input '}' expecting {'(', '{'} [@1279,5612:5612='}',<149>,200:42] (taclet, rulesOrAxioms, decls, file) 
94810      WARN  Test worker     d.u.i.k.n.KeYParser       [syntax-error] file:/home/runner/work/key/key/key.core/build/resources/main/de/uka/ilkd/key/proof/rules/ifThenElseRules.key:201:39: mismatched input '}' expecting {'(', '{'} [@1292,5657:5657='}',<149>,201:39] (taclet, rulesOrAxioms, decls, file) 
94811      WARN  Test worker     d.u.i.k.n.KeYParser       [syntax-error] file:/home/runner/work/key/key/key.core/build/resources/main/de/uka/ilkd/key/proof/rules/ifThenElseRules.key:208:14: mismatched input '\ifExintVar' expecting {MODALITY, FORALL, EXISTS, '\if', '\ifEx', 'true', 'false', '(', '{', '@', NOT, SEQARROW, '-', STRING_LITERAL, CHAR_LITERAL, BIN_LITERAL, HEX_LITERAL, IDENT, INT_LITERAL, FLOAT_LITERAL, DOUBLE_LITERAL, REAL_LITERAL} [@1320,5817:5827='\ifExintVar',<188>,208:14] (termorseq, taclet, rulesOrAxioms, decls, file) 
94811      WARN  Test worker     d.u.i.k.n.KeYParser       [syntax-error] file:/home/runner/work/key/key/key.core/build/resources/main/de/uka/ilkd/key/proof/rules/ifThenElseRules.key:208:27: extraneous input '(' expecting {'\lemma', '}', IDENT, '/*!'} [@1323,5830:5830='(',<146>,208:27] (rulesOrAxioms, decls, file) 
94811      WARN  Test worker     d.u.i.k.n.KeYParser       [syntax-error] file:/home/runner/work/key/key/key.core/build/resources/main/de/uka/ilkd/key/proof/rules/ifThenElseRules.key:208:32: mismatched input '&' expecting {'(', '{'} [@1326,5835:5835='&',<156>,208:32] (taclet, rulesOrAxioms, decls, file) 
94811      WARN  Test worker     d.u.i.k.n.KeYParser       [syntax-error] file:/home/runner/work/key/key/key.core/build/resources/main/de/uka/ilkd/key/proof/rules/ifThenElseRules.key:210:42: mismatched input '}' expecting {'(', '{'} [@1366,5948:5948='}',<149>,210:42] (taclet, rulesOrAxioms, decls, file) 
94811      WARN  Test worker     d.u.i.k.n.KeYParser       [syntax-error] file:/home/runner/work/key/key/key.core/build/resources/main/de/uka/ilkd/key/proof/rules/ifThenElseRules.key:211:39: mismatched input '}' expecting {'(', '{'} [@1379,5993:5993='}',<149>,211:39] (taclet, rulesOrAxioms, decls, file) 
94811      WARN  Test worker     d.u.i.k.n.KeYParser       [syntax-error] file:/home/runner/work/key/key/key.core/build/resources/main/de/uka/ilkd/key/proof/rules/ifThenElseRules.key:218:14: mismatched input '\ifExintVar' expecting {MODALITY, FORALL, EXISTS, '\if', '\ifEx', 'true', 'false', '(', '{', '@', NOT, SEQARROW, '-', STRING_LITERAL, CHAR_LITERAL, BIN_LITERAL, HEX_LITERAL, IDENT, INT_LITERAL, FLOAT_LITERAL, DOUBLE_LITERAL, REAL_LITERAL} [@1407,6146:6156='\ifExintVar',<188>,218:14] (termorseq, taclet, rulesOrAxioms, decls, file) 
94812      WARN  Test worker     d.u.i.k.n.KeYParser       [syntax-error] file:/home/runner/work/key/key/key.core/build/resources/main/de/uka/ilkd/key/proof/rules/ifThenElseRules.key:218:27: extraneous input '(' expecting {'\lemma', '}', IDENT, '/*!'} [@1410,6159:6159='(',<146>,218:27] (rulesOrAxioms, decls, file) 
94812      WARN  Test worker     d.u.i.k.n.KeYParser       [syntax-error] file:/home/runner/work/key/key/key.core/build/resources/main/de/uka/ilkd/key/proof/rules/ifThenElseRules.key:218:31: mismatched input ')' expecting {'(', '{'} [@1412,6163:6163=')',<147>,218:31] (taclet, rulesOrAxioms, decls, file) 
94812      WARN  Test worker     d.u.i.k.n.KeYParser       [syntax-error] file:/home/runner/work/key/key/key.core/build/resources/main/de/uka/ilkd/key/proof/rules/ifThenElseRules.key:220:44: mismatched input ')' expecting {'(', '{'} [@1444,6275:6275=')',<147>,220:44] (taclet, rulesOrAxioms, decls, file) 
94812      WARN  Test worker     d.u.i.k.n.KeYParser       [syntax-error] file:/home/runner/work/key/key/key.core/build/resources/main/de/uka/ilkd/key/proof/rules/ifThenElseRules.key:225:14: mismatched input '\ifExintVar' expecting {MODALITY, FORALL, EXISTS, '\if', '\ifEx', 'true', 'false', '(', '{', '@', NOT, SEQARROW, '-', STRING_LITERAL, CHAR_LITERAL, BIN_LITERAL, HEX_LITERAL, IDENT, INT_LITERAL, FLOAT_LITERAL, DOUBLE_LITERAL, REAL_LITERAL} [@1471,6389:6399='\ifExintVar',<188>,225:14] (termorseq, taclet, rulesOrAxioms, decls, file) 
94812      WARN  Test worker     d.u.i.k.n.KeYParser       [syntax-error] file:/home/runner/work/key/key/key.core/build/resources/main/de/uka/ilkd/key/proof/rules/ifThenElseRules.key:225:27: extraneous input '(' expecting {'\lemma', '}', IDENT, '/*!'} [@1474,6402:6402='(',<146>,225:27] (rulesOrAxioms, decls, file) 
94812      WARN  Test worker     d.u.i.k.n.KeYParser       [syntax-error] file:/home/runner/work/key/key/key.core/build/resources/main/de/uka/ilkd/key/proof/rules/ifThenElseRules.key:225:31: mismatched input ')' expecting {'(', '{'} [@1476,6406:6406=')',<147>,225:31] (taclet, rulesOrAxioms, decls, file) 
94813      WARN  Test worker     d.u.i.k.n.KeYParser       [syntax-error] file:/home/runner/work/key/key/key.core/build/resources/main/de/uka/ilkd/key/proof/rules/ifThenElseRules.key:227:44: mismatched input ')' expecting {'(', '{'} [@1508,6509:6509=')',<147>,227:44] (taclet, rulesOrAxioms, decls, file) 
94813      WARN  Test worker     d.u.i.k.n.KeYParser       [syntax-error] file:/home/runner/work/key/key/key.core/build/resources/main/de/uka/ilkd/key/proof/rules/ifThenElseRules.key:233:14: mismatched input '\ifExintVar' expecting {MODALITY, FORALL, EXISTS, '\if', '\ifEx', 'true', 'false', '(', '{', '@', NOT, SEQARROW, '-', STRING_LITERAL, CHAR_LITERAL, BIN_LITERAL, HEX_LITERAL, IDENT, INT_LITERAL, FLOAT_LITERAL, DOUBLE_LITERAL, REAL_LITERAL} [@1539,6656:6666='\ifExintVar',<188>,233:14] (termorseq, taclet, rulesOrAxioms, decls, file) 
94813      WARN  Test worker     d.u.i.k.n.KeYParser       [syntax-error] file:/home/runner/work/key/key/key.core/build/resources/main/de/uka/ilkd/key/proof/rules/ifThenElseRules.key:233:27: extraneous input '(' expecting {'\lemma', '}', IDENT, '/*!'} [@1542,6669:6669='(',<146>,233:27] (rulesOrAxioms, decls, file) 
94813      WARN  Test worker     d.u.i.k.n.KeYParser       [syntax-error] file:/home/runner/work/key/key/key.core/build/resources/main/de/uka/ilkd/key/proof/rules/ifThenElseRules.key:233:31: mismatched input ')' expecting {'(', '{'} [@1544,6673:6673=')',<147>,233:31] (taclet, rulesOrAxioms, decls, file) 
94813      WARN  Test worker     d.u.i.k.n.KeYParser       [syntax-error] file:/home/runner/work/key/key/key.core/build/resources/main/de/uka/ilkd/key/proof/rules/ifThenElseRules.key:237:42: mismatched input '}' expecting {'(', '{'} [@1586,6850:6850='}',<149>,237:42] (taclet, rulesOrAxioms, decls, file) 
94813      WARN  Test worker     d.u.i.k.n.KeYParser       [syntax-error] file:/home/runner/work/key/key/key.core/build/resources/main/de/uka/ilkd/key/proof/rules/ifThenElseRules.key:238:34: mismatched input '}' expecting {'(', '{'} [@1599,6891:6891='}',<149>,238:34] (taclet, rulesOrAxioms, decls, file) 
94814      WARN  Test worker     d.u.i.k.n.KeYParser       [syntax-error] file:/home/runner/work/key/key/key.core/build/resources/main/de/uka/ilkd/key/proof/rules/ifThenElseRules.key:239:28: extraneous input '(' expecting {'\lemma', '}', IDENT, '/*!'} [@1608,6925:6925='(',<146>,239:28] (rulesOrAxioms, decls, file) 
94814      WARN  Test worker     d.u.i.k.n.KeYParser       [syntax-error] file:/home/runner/work/key/key/key.core/build/resources/main/de/uka/ilkd/key/proof/rules/ifThenElseRules.key:239:33: mismatched input '->' expecting {'(', '{'} [@1611,6930:6931='->',<158>,239:33] (taclet, rulesOrAxioms, decls, file) 
94814      WARN  Test worker     d.u.i.k.n.KeYParser       [syntax-error] file:/home/runner/work/key/key/key.core/build/resources/main/de/uka/ilkd/key/proof/rules/ifThenElseRules.key:240:8: extraneous input '\replacewith' expecting {'\lemma', '}', IDENT, '/*!'} [@1626,6979:6990='\replacewith',<105>,240:8] (rulesOrAxioms, decls, file) 
94814      WARN  Test worker     d.u.i.k.n.KeYParser       [syntax-error] file:/home/runner/work/key/key/key.core/build/resources/main/de/uka/ilkd/key/proof/rules/ifThenElseRules.key:240:25: mismatched input ')' expecting {'(', '{'} [@1629,6996:6996=')',<147>,240:25] (taclet, rulesOrAxioms, decls, file) 
94814      WARN  Test worker     d.u.i.k.n.KeYParser       [syntax-error] file:/home/runner/work/key/key/key.core/build/resources/main/de/uka/ilkd/key/proof/rules/ifThenElseRules.key:240:56: mismatched input ')' expecting {'(', '{'} [@1642,7027:7027=')',<147>,240:56] (taclet, rulesOrAxioms, decls, file) 
94814      WARN  Test worker     d.u.i.k.n.KeYParser       [syntax-error] file:/home/runner/work/key/key/key.core/build/resources/main/de/uka/ilkd/key/proof/rules/ifThenElseRules.key:245:14: mismatched input '\ifExintVar' expecting {MODALITY, FORALL, EXISTS, '\if', '\ifEx', 'true', 'false', '(', '{', '@', NOT, SEQARROW, '-', STRING_LITERAL, CHAR_LITERAL, BIN_LITERAL, HEX_LITERAL, IDENT, INT_LITERAL, FLOAT_LITERAL, DOUBLE_LITERAL, REAL_LITERAL} [@1658,7109:7119='\ifExintVar',<188>,245:14] (termorseq, taclet, rulesOrAxioms, decls, file) 
94815      WARN  Test worker     d.u.i.k.n.KeYParser       [syntax-error] file:/home/runner/work/key/key/key.core/build/resources/main/de/uka/ilkd/key/proof/rules/ifThenElseRules.key:245:27: extraneous input '(' expecting {'\lemma', '}', IDENT, '/*!'} [@1661,7122:7122='(',<146>,245:27] (rulesOrAxioms, decls, file) 
94815      WARN  Test worker     d.u.i.k.n.KeYParser       [syntax-error] file:/home/runner/work/key/key/key.core/build/resources/main/de/uka/ilkd/key/proof/rules/ifThenElseRules.key:245:31: mismatched input ')' expecting {'(', '{'} [@1663,7126:7126=')',<147>,245:31] (taclet, rulesOrAxioms, decls, file) 
94815      WARN  Test worker     d.u.i.k.n.KeYParser       [syntax-error] file:/home/runner/work/key/key/key.core/build/resources/main/de/uka/ilkd/key/proof/rules/ifThenElseRules.key:248:45: mismatched input '}' expecting {'(', '{'} [@1696,7268:7268='}',<149>,248:45] (taclet, rulesOrAxioms, decls, file) 
94815      WARN  Test worker     d.u.i.k.n.KeYParser       [syntax-error] file:/home/runner/work/key/key/key.core/build/resources/main/de/uka/ilkd/key/proof/rules/ifThenElseRules.key:249:8: extraneous input '\replacewith' expecting {'\lemma', '}', IDENT, '/*!'} [@1701,7284:7295='\replacewith',<105>,249:8] (rulesOrAxioms, decls, file) 
94822      WARN  Test worker     d.u.i.k.n.KeYParser       [syntax-error] file:/home/runner/work/key/key/key.core/build/resources/main/de/uka/ilkd/key/proof/rules/ifThenElseRules.key:249:38: mismatched input ')' expecting {'(', '{'} [@1708,7314:7314=')',<147>,249:38] (taclet, rulesOrAxioms, decls, file) 
94822      WARN  Test worker     d.u.i.k.n.KeYParser       [syntax-error] file:/home/runner/work/key/key/key.core/build/resources/main/de/uka/ilkd/key/proof/rules/ifThenElseRules.key:250:42: mismatched input '}' expecting {'(', '{'} [@1731,7381:7381='}',<149>,250:42] (taclet, rulesOrAxioms, decls, file) 
94823      WARN  Test worker     d.u.i.k.n.KeYParser       [syntax-error] file:/home/runner/work/key/key/key.core/build/resources/main/de/uka/ilkd/key/proof/rules/ifThenElseRules.key:251:28: extraneous input '(' expecting {'\lemma', '}', IDENT, '/*!'} [@1741,7416:7416='(',<146>,251:28] (rulesOrAxioms, decls, file) 
94823      WARN  Test worker     d.u.i.k.n.KeYParser       [syntax-error] file:/home/runner/work/key/key/key.core/build/resources/main/de/uka/ilkd/key/proof/rules/ifThenElseRules.key:251:33: mismatched input '->' expecting {'(', '{'} [@1744,7421:7422='->',<158>,251:33] (taclet, rulesOrAxioms, decls, file) 
94823      WARN  Test worker     d.u.i.k.n.KeYParser       [syntax-error] file:/home/runner/work/key/key/key.core/build/resources/main/de/uka/ilkd/key/proof/rules/ifThenElseRules.key:255:14: mismatched input '\ifExintVar' expecting {MODALITY, FORALL, EXISTS, '\if', '\ifEx', 'true', 'false', '(', '{', '@', NOT, SEQARROW, '-', STRING_LITERAL, CHAR_LITERAL, BIN_LITERAL, HEX_LITERAL, IDENT, INT_LITERAL, FLOAT_LITERAL, DOUBLE_LITERAL, REAL_LITERAL} [@1765,7506:7516='\ifExintVar',<188>,255:14] (termorseq, taclet, rulesOrAxioms, decls, file) 
94823      WARN  Test worker     d.u.i.k.n.KeYParser       [syntax-error] file:/home/runner/work/key/key/key.core/build/resources/main/de/uka/ilkd/key/proof/rules/ifThenElseRules.key:255:27: extraneous input '(' expecting {'\lemma', '}', IDENT, '/*!'} [@1768,7519:7519='(',<146>,255:27] (rulesOrAxioms, decls, file) 
94823      WARN  Test worker     d.u.i.k.n.KeYParser       [syntax-error] file:/home/runner/work/key/key/key.core/build/resources/main/de/uka/ilkd/key/proof/rules/ifThenElseRules.key:255:31: mismatched input ')' expecting {'(', '{'} [@1770,7523:7523=')',<147>,255:31] (taclet, rulesOrAxioms, decls, file) 
94823      WARN  Test worker     d.u.i.k.n.KeYParser       [syntax-error] file:/home/runner/work/key/key/key.core/build/resources/main/de/uka/ilkd/key/proof/rules/ifThenElseRules.key:258:52: extraneous input '0' expecting {'\lemma', '}', IDENT, '/*!'} [@1809,7667:7667='0',<184>,258:52] (rulesOrAxioms, decls, file) 
94824      WARN  Test worker     d.u.i.k.n.KeYParser       [syntax-error] file:/home/runner/work/key/key/key.core/build/resources/main/de/uka/ilkd/key/proof/rules/ifThenElseRules.key:258:54: mismatched input 'then' expecting {<EOF>, '\problem', '\chooseContract', '\proofObligation', '\proof'} [@1811,7669:7672='then',<183>,258:54] (file) 
]]></system-out>
  <system-err><![CDATA[]]></system-err>
</testsuite>
