<?xml version="1.0" encoding="UTF-8"?>
<testsuite name="de.uka.ilkd.key.parser.TestJMLParserAssociativity" tests="1" skipped="0" failures="0" errors="0" timestamp="2023-02-06T16:34:56" hostname="fv-az280-76" time="27.766">
  <properties/>
  <testcase name="testLeftAssociativity()" classname="de.uka.ilkd.key.parser.TestJMLParserAssociativity" time="27.766"/>
  <system-out><![CDATA[]]></system-out>
  <system-err><![CDATA[]]></system-err>
</testsuite>
