<?xml version="1.0" encoding="UTF-8"?>
<testsuite name="de.uka.ilkd.key.smt.newsmt2.MasterHandlerTest" tests="2" skipped="0" failures="2" errors="0" timestamp="2023-02-06T16:37:39" hostname="fv-az280-76" time="1.125">
  <properties/>
  <testcase name="initializationError" classname="de.uka.ilkd.key.smt.newsmt2.MasterHandlerTest" time="0.012">
    <failure message="org.junit.platform.commons.PreconditionViolationException: Configuration error: You must configure at least one set of arguments for this @ParameterizedTest" type="org.junit.platform.commons.PreconditionViolationException">org.junit.platform.commons.PreconditionViolationException: Configuration error: You must configure at least one set of arguments for this @ParameterizedTest
	at app//org.junit.platform.commons.util.Preconditions.condition(Preconditions.java:281)
	at app//org.junit.jupiter.params.ParameterizedTestExtension.lambda$provideTestTemplateInvocationContexts$5(ParameterizedTestExtension.java:98)
	at java.base@11.0.18/java.util.stream.AbstractPipeline.close(AbstractPipeline.java:323)
	at java.base@11.0.18/java.util.stream.ReferencePipeline$7$1.accept(ReferencePipeline.java:281)
	at java.base@11.0.18/java.util.ArrayList$ArrayListSpliterator.forEachRemaining(ArrayList.java:1655)
	at java.base@11.0.18/java.util.stream.AbstractPipeline.copyInto(AbstractPipeline.java:484)
	at java.base@11.0.18/java.util.stream.AbstractPipeline.wrapAndCopyInto(AbstractPipeline.java:474)
	at java.base@11.0.18/java.util.stream.ForEachOps$ForEachOp.evaluateSequential(ForEachOps.java:150)
	at java.base@11.0.18/java.util.stream.ForEachOps$ForEachOp$OfRef.evaluateSequential(ForEachOps.java:173)
	at java.base@11.0.18/java.util.stream.AbstractPipeline.evaluate(AbstractPipeline.java:234)
	at java.base@11.0.18/java.util.stream.ReferencePipeline.forEach(ReferencePipeline.java:497)
	at app//org.junit.jupiter.engine.descriptor.TestTemplateTestDescriptor.execute(TestTemplateTestDescriptor.java:107)
	at app//org.junit.jupiter.engine.descriptor.TestTemplateTestDescriptor.execute(TestTemplateTestDescriptor.java:42)
	at app//org.junit.platform.engine.support.hierarchical.NodeTestTask.lambda$executeRecursively$6(NodeTestTask.java:151)
	at app//org.junit.platform.engine.support.hierarchical.ThrowableCollector.execute(ThrowableCollector.java:73)
	at app//org.junit.platform.engine.support.hierarchical.NodeTestTask.lambda$executeRecursively$8(NodeTestTask.java:141)
	at app//org.junit.platform.engine.support.hierarchical.Node.around(Node.java:137)
	at app//org.junit.platform.engine.support.hierarchical.NodeTestTask.lambda$executeRecursively$9(NodeTestTask.java:139)
	at app//org.junit.platform.engine.support.hierarchical.ThrowableCollector.execute(ThrowableCollector.java:73)
	at app//org.junit.platform.engine.support.hierarchical.NodeTestTask.executeRecursively(NodeTestTask.java:138)
	at app//org.junit.platform.engine.support.hierarchical.NodeTestTask.execute(NodeTestTask.java:95)
	at java.base@11.0.18/java.util.ArrayList.forEach(ArrayList.java:1541)
	at app//org.junit.platform.engine.support.hierarchical.SameThreadHierarchicalTestExecutorService.invokeAll(SameThreadHierarchicalTestExecutorService.java:41)
	at app//org.junit.platform.engine.support.hierarchical.NodeTestTask.lambda$executeRecursively$6(NodeTestTask.java:155)
	at app//org.junit.platform.engine.support.hierarchical.ThrowableCollector.execute(ThrowableCollector.java:73)
	at app//org.junit.platform.engine.support.hierarchical.NodeTestTask.lambda$executeRecursively$8(NodeTestTask.java:141)
	at app//org.junit.platform.engine.support.hierarchical.Node.around(Node.java:137)
	at app//org.junit.platform.engine.support.hierarchical.NodeTestTask.lambda$executeRecursively$9(NodeTestTask.java:139)
	at app//org.junit.platform.engine.support.hierarchical.ThrowableCollector.execute(ThrowableCollector.java:73)
	at app//org.junit.platform.engine.support.hierarchical.NodeTestTask.executeRecursively(NodeTestTask.java:138)
	at app//org.junit.platform.engine.support.hierarchical.NodeTestTask.execute(NodeTestTask.java:95)
	at java.base@11.0.18/java.util.ArrayList.forEach(ArrayList.java:1541)
	at app//org.junit.platform.engine.support.hierarchical.SameThreadHierarchicalTestExecutorService.invokeAll(SameThreadHierarchicalTestExecutorService.java:41)
	at app//org.junit.platform.engine.support.hierarchical.NodeTestTask.lambda$executeRecursively$6(NodeTestTask.java:155)
	at app//org.junit.platform.engine.support.hierarchical.ThrowableCollector.execute(ThrowableCollector.java:73)
	at app//org.junit.platform.engine.support.hierarchical.NodeTestTask.lambda$executeRecursively$8(NodeTestTask.java:141)
	at app//org.junit.platform.engine.support.hierarchical.Node.around(Node.java:137)
	at app//org.junit.platform.engine.support.hierarchical.NodeTestTask.lambda$executeRecursively$9(NodeTestTask.java:139)
	at app//org.junit.platform.engine.support.hierarchical.ThrowableCollector.execute(ThrowableCollector.java:73)
	at app//org.junit.platform.engine.support.hierarchical.NodeTestTask.executeRecursively(NodeTestTask.java:138)
	at app//org.junit.platform.engine.support.hierarchical.NodeTestTask.execute(NodeTestTask.java:95)
	at app//org.junit.platform.engine.support.hierarchical.SameThreadHierarchicalTestExecutorService.submit(SameThreadHierarchicalTestExecutorService.java:35)
	at app//org.junit.platform.engine.support.hierarchical.HierarchicalTestExecutor.execute(HierarchicalTestExecutor.java:57)
	at app//org.junit.platform.engine.support.hierarchical.HierarchicalTestEngine.execute(HierarchicalTestEngine.java:54)
	at org.junit.platform.launcher.core.EngineExecutionOrchestrator.execute(EngineExecutionOrchestrator.java:107)
	at org.junit.platform.launcher.core.EngineExecutionOrchestrator.execute(EngineExecutionOrchestrator.java:88)
	at org.junit.platform.launcher.core.EngineExecutionOrchestrator.lambda$execute$0(EngineExecutionOrchestrator.java:54)
	at org.junit.platform.launcher.core.EngineExecutionOrchestrator.withInterceptedStreams(EngineExecutionOrchestrator.java:67)
	at org.junit.platform.launcher.core.EngineExecutionOrchestrator.execute(EngineExecutionOrchestrator.java:52)
	at org.junit.platform.launcher.core.DefaultLauncher.execute(DefaultLauncher.java:114)
	at org.junit.platform.launcher.core.DefaultLauncher.execute(DefaultLauncher.java:86)
	at org.junit.platform.launcher.core.DefaultLauncherSession$DelegatingLauncher.execute(DefaultLauncherSession.java:86)
	at org.junit.platform.launcher.core.SessionPerRequestLauncher.execute(SessionPerRequestLauncher.java:53)
	at org.gradle.api.internal.tasks.testing.junitplatform.JUnitPlatformTestClassProcessor$CollectAllTestClassesExecutor.processAllTestClasses(JUnitPlatformTestClassProcessor.java:99)
	at org.gradle.api.internal.tasks.testing.junitplatform.JUnitPlatformTestClassProcessor$CollectAllTestClassesExecutor.access$000(JUnitPlatformTestClassProcessor.java:79)
	at org.gradle.api.internal.tasks.testing.junitplatform.JUnitPlatformTestClassProcessor.stop(JUnitPlatformTestClassProcessor.java:75)
	at org.gradle.api.internal.tasks.testing.SuiteTestClassProcessor.stop(SuiteTestClassProcessor.java:62)
	at java.base@11.0.18/jdk.internal.reflect.NativeMethodAccessorImpl.invoke0(Native Method)
	at java.base@11.0.18/jdk.internal.reflect.NativeMethodAccessorImpl.invoke(NativeMethodAccessorImpl.java:62)
	at java.base@11.0.18/jdk.internal.reflect.DelegatingMethodAccessorImpl.invoke(DelegatingMethodAccessorImpl.java:43)
	at java.base@11.0.18/java.lang.reflect.Method.invoke(Method.java:566)
	at org.gradle.internal.dispatch.ReflectionDispatch.dispatch(ReflectionDispatch.java:36)
	at org.gradle.internal.dispatch.ReflectionDispatch.dispatch(ReflectionDispatch.java:24)
	at org.gradle.internal.dispatch.ContextClassLoaderDispatch.dispatch(ContextClassLoaderDispatch.java:33)
	at org.gradle.internal.dispatch.ProxyDispatchAdapter$DispatchingInvocationHandler.invoke(ProxyDispatchAdapter.java:94)
	at com.sun.proxy.$Proxy2.stop(Unknown Source)
	at org.gradle.api.internal.tasks.testing.worker.TestWorker$3.run(TestWorker.java:193)
	at org.gradle.api.internal.tasks.testing.worker.TestWorker.executeAndMaintainThreadName(TestWorker.java:129)
	at org.gradle.api.internal.tasks.testing.worker.TestWorker.execute(TestWorker.java:100)
	at org.gradle.api.internal.tasks.testing.worker.TestWorker.execute(TestWorker.java:60)
	at org.gradle.process.internal.worker.child.ActionExecutionWorker.execute(ActionExecutionWorker.java:56)
	at org.gradle.process.internal.worker.child.SystemApplicationClassLoaderWorker.call(SystemApplicationClassLoaderWorker.java:113)
	at org.gradle.process.internal.worker.child.SystemApplicationClassLoaderWorker.call(SystemApplicationClassLoaderWorker.java:65)
	at app//worker.org.gradle.process.internal.worker.GradleWorkerMain.run(GradleWorkerMain.java:69)
	at app//worker.org.gradle.process.internal.worker.GradleWorkerMain.main(GradleWorkerMain.java:74)
</failure>
  </testcase>
  <testcase name="initializationError" classname="de.uka.ilkd.key.smt.newsmt2.MasterHandlerTest" time="0.002">
    <failure message="org.junit.platform.commons.PreconditionViolationException: Configuration error: You must configure at least one set of arguments for this @ParameterizedTest" type="org.junit.platform.commons.PreconditionViolationException">org.junit.platform.commons.PreconditionViolationException: Configuration error: You must configure at least one set of arguments for this @ParameterizedTest
	at app//org.junit.platform.commons.util.Preconditions.condition(Preconditions.java:281)
	at app//org.junit.jupiter.params.ParameterizedTestExtension.lambda$provideTestTemplateInvocationContexts$5(ParameterizedTestExtension.java:98)
	at java.base@11.0.18/java.util.stream.AbstractPipeline.close(AbstractPipeline.java:323)
	at java.base@11.0.18/java.util.stream.ReferencePipeline$7$1.accept(ReferencePipeline.java:281)
	at java.base@11.0.18/java.util.ArrayList$ArrayListSpliterator.forEachRemaining(ArrayList.java:1655)
	at java.base@11.0.18/java.util.stream.AbstractPipeline.copyInto(AbstractPipeline.java:484)
	at java.base@11.0.18/java.util.stream.AbstractPipeline.wrapAndCopyInto(AbstractPipeline.java:474)
	at java.base@11.0.18/java.util.stream.ForEachOps$ForEachOp.evaluateSequential(ForEachOps.java:150)
	at java.base@11.0.18/java.util.stream.ForEachOps$ForEachOp$OfRef.evaluateSequential(ForEachOps.java:173)
	at java.base@11.0.18/java.util.stream.AbstractPipeline.evaluate(AbstractPipeline.java:234)
	at java.base@11.0.18/java.util.stream.ReferencePipeline.forEach(ReferencePipeline.java:497)
	at app//org.junit.jupiter.engine.descriptor.TestTemplateTestDescriptor.execute(TestTemplateTestDescriptor.java:107)
	at app//org.junit.jupiter.engine.descriptor.TestTemplateTestDescriptor.execute(TestTemplateTestDescriptor.java:42)
	at app//org.junit.platform.engine.support.hierarchical.NodeTestTask.lambda$executeRecursively$6(NodeTestTask.java:151)
	at app//org.junit.platform.engine.support.hierarchical.ThrowableCollector.execute(ThrowableCollector.java:73)
	at app//org.junit.platform.engine.support.hierarchical.NodeTestTask.lambda$executeRecursively$8(NodeTestTask.java:141)
	at app//org.junit.platform.engine.support.hierarchical.Node.around(Node.java:137)
	at app//org.junit.platform.engine.support.hierarchical.NodeTestTask.lambda$executeRecursively$9(NodeTestTask.java:139)
	at app//org.junit.platform.engine.support.hierarchical.ThrowableCollector.execute(ThrowableCollector.java:73)
	at app//org.junit.platform.engine.support.hierarchical.NodeTestTask.executeRecursively(NodeTestTask.java:138)
	at app//org.junit.platform.engine.support.hierarchical.NodeTestTask.execute(NodeTestTask.java:95)
	at java.base@11.0.18/java.util.ArrayList.forEach(ArrayList.java:1541)
	at app//org.junit.platform.engine.support.hierarchical.SameThreadHierarchicalTestExecutorService.invokeAll(SameThreadHierarchicalTestExecutorService.java:41)
	at app//org.junit.platform.engine.support.hierarchical.NodeTestTask.lambda$executeRecursively$6(NodeTestTask.java:155)
	at app//org.junit.platform.engine.support.hierarchical.ThrowableCollector.execute(ThrowableCollector.java:73)
	at app//org.junit.platform.engine.support.hierarchical.NodeTestTask.lambda$executeRecursively$8(NodeTestTask.java:141)
	at app//org.junit.platform.engine.support.hierarchical.Node.around(Node.java:137)
	at app//org.junit.platform.engine.support.hierarchical.NodeTestTask.lambda$executeRecursively$9(NodeTestTask.java:139)
	at app//org.junit.platform.engine.support.hierarchical.ThrowableCollector.execute(ThrowableCollector.java:73)
	at app//org.junit.platform.engine.support.hierarchical.NodeTestTask.executeRecursively(NodeTestTask.java:138)
	at app//org.junit.platform.engine.support.hierarchical.NodeTestTask.execute(NodeTestTask.java:95)
	at java.base@11.0.18/java.util.ArrayList.forEach(ArrayList.java:1541)
	at app//org.junit.platform.engine.support.hierarchical.SameThreadHierarchicalTestExecutorService.invokeAll(SameThreadHierarchicalTestExecutorService.java:41)
	at app//org.junit.platform.engine.support.hierarchical.NodeTestTask.lambda$executeRecursively$6(NodeTestTask.java:155)
	at app//org.junit.platform.engine.support.hierarchical.ThrowableCollector.execute(ThrowableCollector.java:73)
	at app//org.junit.platform.engine.support.hierarchical.NodeTestTask.lambda$executeRecursively$8(NodeTestTask.java:141)
	at app//org.junit.platform.engine.support.hierarchical.Node.around(Node.java:137)
	at app//org.junit.platform.engine.support.hierarchical.NodeTestTask.lambda$executeRecursively$9(NodeTestTask.java:139)
	at app//org.junit.platform.engine.support.hierarchical.ThrowableCollector.execute(ThrowableCollector.java:73)
	at app//org.junit.platform.engine.support.hierarchical.NodeTestTask.executeRecursively(NodeTestTask.java:138)
	at app//org.junit.platform.engine.support.hierarchical.NodeTestTask.execute(NodeTestTask.java:95)
	at app//org.junit.platform.engine.support.hierarchical.SameThreadHierarchicalTestExecutorService.submit(SameThreadHierarchicalTestExecutorService.java:35)
	at app//org.junit.platform.engine.support.hierarchical.HierarchicalTestExecutor.execute(HierarchicalTestExecutor.java:57)
	at app//org.junit.platform.engine.support.hierarchical.HierarchicalTestEngine.execute(HierarchicalTestEngine.java:54)
	at org.junit.platform.launcher.core.EngineExecutionOrchestrator.execute(EngineExecutionOrchestrator.java:107)
	at org.junit.platform.launcher.core.EngineExecutionOrchestrator.execute(EngineExecutionOrchestrator.java:88)
	at org.junit.platform.launcher.core.EngineExecutionOrchestrator.lambda$execute$0(EngineExecutionOrchestrator.java:54)
	at org.junit.platform.launcher.core.EngineExecutionOrchestrator.withInterceptedStreams(EngineExecutionOrchestrator.java:67)
	at org.junit.platform.launcher.core.EngineExecutionOrchestrator.execute(EngineExecutionOrchestrator.java:52)
	at org.junit.platform.launcher.core.DefaultLauncher.execute(DefaultLauncher.java:114)
	at org.junit.platform.launcher.core.DefaultLauncher.execute(DefaultLauncher.java:86)
	at org.junit.platform.launcher.core.DefaultLauncherSession$DelegatingLauncher.execute(DefaultLauncherSession.java:86)
	at org.junit.platform.launcher.core.SessionPerRequestLauncher.execute(SessionPerRequestLauncher.java:53)
	at org.gradle.api.internal.tasks.testing.junitplatform.JUnitPlatformTestClassProcessor$CollectAllTestClassesExecutor.processAllTestClasses(JUnitPlatformTestClassProcessor.java:99)
	at org.gradle.api.internal.tasks.testing.junitplatform.JUnitPlatformTestClassProcessor$CollectAllTestClassesExecutor.access$000(JUnitPlatformTestClassProcessor.java:79)
	at org.gradle.api.internal.tasks.testing.junitplatform.JUnitPlatformTestClassProcessor.stop(JUnitPlatformTestClassProcessor.java:75)
	at org.gradle.api.internal.tasks.testing.SuiteTestClassProcessor.stop(SuiteTestClassProcessor.java:62)
	at java.base@11.0.18/jdk.internal.reflect.NativeMethodAccessorImpl.invoke0(Native Method)
	at java.base@11.0.18/jdk.internal.reflect.NativeMethodAccessorImpl.invoke(NativeMethodAccessorImpl.java:62)
	at java.base@11.0.18/jdk.internal.reflect.DelegatingMethodAccessorImpl.invoke(DelegatingMethodAccessorImpl.java:43)
	at java.base@11.0.18/java.lang.reflect.Method.invoke(Method.java:566)
	at org.gradle.internal.dispatch.ReflectionDispatch.dispatch(ReflectionDispatch.java:36)
	at org.gradle.internal.dispatch.ReflectionDispatch.dispatch(ReflectionDispatch.java:24)
	at org.gradle.internal.dispatch.ContextClassLoaderDispatch.dispatch(ContextClassLoaderDispatch.java:33)
	at org.gradle.internal.dispatch.ProxyDispatchAdapter$DispatchingInvocationHandler.invoke(ProxyDispatchAdapter.java:94)
	at com.sun.proxy.$Proxy2.stop(Unknown Source)
	at org.gradle.api.internal.tasks.testing.worker.TestWorker$3.run(TestWorker.java:193)
	at org.gradle.api.internal.tasks.testing.worker.TestWorker.executeAndMaintainThreadName(TestWorker.java:129)
	at org.gradle.api.internal.tasks.testing.worker.TestWorker.execute(TestWorker.java:100)
	at org.gradle.api.internal.tasks.testing.worker.TestWorker.execute(TestWorker.java:60)
	at org.gradle.process.internal.worker.child.ActionExecutionWorker.execute(ActionExecutionWorker.java:56)
	at org.gradle.process.internal.worker.child.SystemApplicationClassLoaderWorker.call(SystemApplicationClassLoaderWorker.java:113)
	at org.gradle.process.internal.worker.child.SystemApplicationClassLoaderWorker.call(SystemApplicationClassLoaderWorker.java:65)
	at app//worker.org.gradle.process.internal.worker.GradleWorkerMain.run(GradleWorkerMain.java:69)
	at app//worker.org.gradle.process.internal.worker.GradleWorkerMain.main(GradleWorkerMain.java:74)
</failure>
  </testcase>
  <system-out><![CDATA[300461     WARN  Test worker     d.u.i.k.n.KeYParser       [syntax-error] file:/home/runner/work/key/key/key.core/build/resources/main/de/uka/ilkd/key/proof/rules/ifThenElseRules.key:135:14: mismatched input '\ifExintVar' expecting {MODALITY, FORALL, EXISTS, '\if', '\ifEx', 'true', 'false', '(', '{', '@', NOT, SEQARROW, '-', STRING_LITERAL, CHAR_LITERAL, BIN_LITERAL, HEX_LITERAL, IDENT, INT_LITERAL, FLOAT_LITERAL, DOUBLE_LITERAL, REAL_LITERAL} [@745,3563:3573='\ifExintVar',<188>,135:14] (termorseq, taclet, rulesOrAxioms, decls, file) 
300461     WARN  Test worker     d.u.i.k.n.KeYParser       [syntax-error] file:/home/runner/work/key/key/key.core/build/resources/main/de/uka/ilkd/key/proof/rules/ifThenElseRules.key:135:27: extraneous input '(' expecting {'\lemma', '}', IDENT, '/*!'} [@748,3576:3576='(',<146>,135:27] (rulesOrAxioms, decls, file) 
300461     WARN  Test worker     d.u.i.k.n.KeYParser       [syntax-error] file:/home/runner/work/key/key/key.core/build/resources/main/de/uka/ilkd/key/proof/rules/ifThenElseRules.key:135:44: mismatched input ')' expecting {'(', '{'} [@754,3593:3593=')',<147>,135:44] (taclet, rulesOrAxioms, decls, file) 
300462     WARN  Test worker     d.u.i.k.n.KeYParser       [syntax-error] file:/home/runner/work/key/key/key.core/build/resources/main/de/uka/ilkd/key/proof/rules/ifThenElseRules.key:141:14: mismatched input '\ifExintVar' expecting {MODALITY, FORALL, EXISTS, '\if', '\ifEx', 'true', 'false', '(', '{', '@', NOT, SEQARROW, '-', STRING_LITERAL, CHAR_LITERAL, BIN_LITERAL, HEX_LITERAL, IDENT, INT_LITERAL, FLOAT_LITERAL, DOUBLE_LITERAL, REAL_LITERAL} [@780,3716:3726='\ifExintVar',<188>,141:14] (termorseq, taclet, rulesOrAxioms, decls, file) 
300463     WARN  Test worker     d.u.i.k.n.KeYParser       [syntax-error] file:/home/runner/work/key/key/key.core/build/resources/main/de/uka/ilkd/key/proof/rules/ifThenElseRules.key:141:27: extraneous input '(' expecting {'\lemma', '}', IDENT, '/*!'} [@783,3729:3729='(',<146>,141:27] (rulesOrAxioms, decls, file) 
300463     WARN  Test worker     d.u.i.k.n.KeYParser       [syntax-error] file:/home/runner/work/key/key/key.core/build/resources/main/de/uka/ilkd/key/proof/rules/ifThenElseRules.key:141:41: mismatched input ')' expecting {'(', '{'} [@789,3743:3743=')',<147>,141:41] (taclet, rulesOrAxioms, decls, file) 
300463     WARN  Test worker     d.u.i.k.n.KeYParser       [syntax-error] file:/home/runner/work/key/key/key.core/build/resources/main/de/uka/ilkd/key/proof/rules/ifThenElseRules.key:148:14: mismatched input '\ifExintVar' expecting {MODALITY, FORALL, EXISTS, '\if', '\ifEx', 'true', 'false', '(', '{', '@', NOT, SEQARROW, '-', STRING_LITERAL, CHAR_LITERAL, BIN_LITERAL, HEX_LITERAL, IDENT, INT_LITERAL, FLOAT_LITERAL, DOUBLE_LITERAL, REAL_LITERAL} [@819,3896:3906='\ifExintVar',<188>,148:14] (termorseq, taclet, rulesOrAxioms, decls, file) 
300469     WARN  Test worker     d.u.i.k.n.KeYParser       [syntax-error] file:/home/runner/work/key/key/key.core/build/resources/main/de/uka/ilkd/key/proof/rules/ifThenElseRules.key:148:27: extraneous input '(' expecting {'\lemma', '}', IDENT, '/*!'} [@822,3909:3909='(',<146>,148:27] (rulesOrAxioms, decls, file) 
300475     WARN  Test worker     d.u.i.k.n.KeYParser       [syntax-error] file:/home/runner/work/key/key/key.core/build/resources/main/de/uka/ilkd/key/proof/rules/ifThenElseRules.key:148:35: mismatched input '=' expecting {'(', '{'} [@825,3917:3917='=',<159>,148:35] (taclet, rulesOrAxioms, decls, file) 
300475     WARN  Test worker     d.u.i.k.n.KeYParser       [syntax-error] file:/home/runner/work/key/key/key.core/build/resources/main/de/uka/ilkd/key/proof/rules/ifThenElseRules.key:150:38: mismatched input '}' expecting {'(', '{'} [@859,4023:4023='}',<149>,150:38] (taclet, rulesOrAxioms, decls, file) 
300475     WARN  Test worker     d.u.i.k.n.KeYParser       [syntax-error] file:/home/runner/work/key/key/key.core/build/resources/main/de/uka/ilkd/key/proof/rules/ifThenElseRules.key:155:14: mismatched input '\ifExintVar' expecting {MODALITY, FORALL, EXISTS, '\if', '\ifEx', 'true', 'false', '(', '{', '@', NOT, SEQARROW, '-', STRING_LITERAL, CHAR_LITERAL, BIN_LITERAL, HEX_LITERAL, IDENT, INT_LITERAL, FLOAT_LITERAL, DOUBLE_LITERAL, REAL_LITERAL} [@877,4109:4119='\ifExintVar',<188>,155:14] (termorseq, taclet, rulesOrAxioms, decls, file) 
300475     WARN  Test worker     d.u.i.k.n.KeYParser       [syntax-error] file:/home/runner/work/key/key/key.core/build/resources/main/de/uka/ilkd/key/proof/rules/ifThenElseRules.key:155:27: extraneous input '(' expecting {'\lemma', '}', IDENT, '/*!'} [@880,4122:4122='(',<146>,155:27] (rulesOrAxioms, decls, file) 
300475     WARN  Test worker     d.u.i.k.n.KeYParser       [syntax-error] file:/home/runner/work/key/key/key.core/build/resources/main/de/uka/ilkd/key/proof/rules/ifThenElseRules.key:155:35: mismatched input '=' expecting {'(', '{'} [@883,4130:4130='=',<159>,155:35] (taclet, rulesOrAxioms, decls, file) 
300475     WARN  Test worker     d.u.i.k.n.KeYParser       [syntax-error] file:/home/runner/work/key/key/key.core/build/resources/main/de/uka/ilkd/key/proof/rules/ifThenElseRules.key:157:38: mismatched input '}' expecting {'(', '{'} [@917,4230:4230='}',<149>,157:38] (taclet, rulesOrAxioms, decls, file) 
300475     WARN  Test worker     d.u.i.k.n.KeYParser       [syntax-error] file:/home/runner/work/key/key/key.core/build/resources/main/de/uka/ilkd/key/proof/rules/ifThenElseRules.key:163:14: mismatched input '\ifExintVar' expecting {MODALITY, FORALL, EXISTS, '\if', '\ifEx', 'true', 'false', '(', '{', '@', NOT, SEQARROW, '-', STRING_LITERAL, CHAR_LITERAL, BIN_LITERAL, HEX_LITERAL, IDENT, INT_LITERAL, FLOAT_LITERAL, DOUBLE_LITERAL, REAL_LITERAL} [@939,4350:4360='\ifExintVar',<188>,163:14] (termorseq, taclet, rulesOrAxioms, decls, file) 
300475     WARN  Test worker     d.u.i.k.n.KeYParser       [syntax-error] file:/home/runner/work/key/key/key.core/build/resources/main/de/uka/ilkd/key/proof/rules/ifThenElseRules.key:163:27: extraneous input '(' expecting {'\lemma', '}', IDENT, '/*!'} [@942,4363:4363='(',<146>,163:27] (rulesOrAxioms, decls, file) 
300476     WARN  Test worker     d.u.i.k.n.KeYParser       [syntax-error] file:/home/runner/work/key/key/key.core/build/resources/main/de/uka/ilkd/key/proof/rules/ifThenElseRules.key:163:30: mismatched input '=' expecting {'(', '{'} [@945,4366:4366='=',<159>,163:30] (taclet, rulesOrAxioms, decls, file) 
300476     WARN  Test worker     d.u.i.k.n.KeYParser       [syntax-error] file:/home/runner/work/key/key/key.core/build/resources/main/de/uka/ilkd/key/proof/rules/ifThenElseRules.key:165:38: mismatched input '}' expecting {'(', '{'} [@979,4477:4477='}',<149>,165:38] (taclet, rulesOrAxioms, decls, file) 
300476     WARN  Test worker     d.u.i.k.n.KeYParser       [syntax-error] file:/home/runner/work/key/key/key.core/build/resources/main/de/uka/ilkd/key/proof/rules/ifThenElseRules.key:171:14: mismatched input '\ifExintVar' expecting {MODALITY, FORALL, EXISTS, '\if', '\ifEx', 'true', 'false', '(', '{', '@', NOT, SEQARROW, '-', STRING_LITERAL, CHAR_LITERAL, BIN_LITERAL, HEX_LITERAL, IDENT, INT_LITERAL, FLOAT_LITERAL, DOUBLE_LITERAL, REAL_LITERAL} [@1001,4604:4614='\ifExintVar',<188>,171:14] (termorseq, taclet, rulesOrAxioms, decls, file) 
300476     WARN  Test worker     d.u.i.k.n.KeYParser       [syntax-error] file:/home/runner/work/key/key/key.core/build/resources/main/de/uka/ilkd/key/proof/rules/ifThenElseRules.key:171:27: extraneous input '(' expecting {'\lemma', '}', IDENT, '/*!'} [@1004,4617:4617='(',<146>,171:27] (rulesOrAxioms, decls, file) 
300476     WARN  Test worker     d.u.i.k.n.KeYParser       [syntax-error] file:/home/runner/work/key/key/key.core/build/resources/main/de/uka/ilkd/key/proof/rules/ifThenElseRules.key:171:30: mismatched input '=' expecting {'(', '{'} [@1007,4620:4620='=',<159>,171:30] (taclet, rulesOrAxioms, decls, file) 
300476     WARN  Test worker     d.u.i.k.n.KeYParser       [syntax-error] file:/home/runner/work/key/key/key.core/build/resources/main/de/uka/ilkd/key/proof/rules/ifThenElseRules.key:173:38: mismatched input '}' expecting {'(', '{'} [@1041,4725:4725='}',<149>,173:38] (taclet, rulesOrAxioms, decls, file) 
300476     WARN  Test worker     d.u.i.k.n.KeYParser       [syntax-error] file:/home/runner/work/key/key/key.core/build/resources/main/de/uka/ilkd/key/proof/rules/ifThenElseRules.key:179:14: mismatched input '\ifExintVar' expecting {MODALITY, FORALL, EXISTS, '\if', '\ifEx', 'true', 'false', '(', '{', '@', NOT, SEQARROW, '-', STRING_LITERAL, CHAR_LITERAL, BIN_LITERAL, HEX_LITERAL, IDENT, INT_LITERAL, FLOAT_LITERAL, DOUBLE_LITERAL, REAL_LITERAL} [@1063,4848:4858='\ifExintVar',<188>,179:14] (termorseq, taclet, rulesOrAxioms, decls, file) 
300476     WARN  Test worker     d.u.i.k.n.KeYParser       [syntax-error] file:/home/runner/work/key/key/key.core/build/resources/main/de/uka/ilkd/key/proof/rules/ifThenElseRules.key:179:27: extraneous input '(' expecting {'\lemma', '}', IDENT, '/*!'} [@1066,4861:4861='(',<146>,179:27] (rulesOrAxioms, decls, file) 
300476     WARN  Test worker     d.u.i.k.n.KeYParser       [syntax-error] file:/home/runner/work/key/key/key.core/build/resources/main/de/uka/ilkd/key/proof/rules/ifThenElseRules.key:179:32: mismatched input '&' expecting {'(', '{'} [@1069,4866:4866='&',<156>,179:32] (taclet, rulesOrAxioms, decls, file) 
300476     WARN  Test worker     d.u.i.k.n.KeYParser       [syntax-error] file:/home/runner/work/key/key/key.core/build/resources/main/de/uka/ilkd/key/proof/rules/ifThenElseRules.key:181:42: mismatched input '}' expecting {'(', '{'} [@1109,4985:4985='}',<149>,181:42] (taclet, rulesOrAxioms, decls, file) 
300476     WARN  Test worker     d.u.i.k.n.KeYParser       [syntax-error] file:/home/runner/work/key/key/key.core/build/resources/main/de/uka/ilkd/key/proof/rules/ifThenElseRules.key:182:39: mismatched input '}' expecting {'(', '{'} [@1122,5030:5030='}',<149>,182:39] (taclet, rulesOrAxioms, decls, file) 
300477     WARN  Test worker     d.u.i.k.n.KeYParser       [syntax-error] file:/home/runner/work/key/key/key.core/build/resources/main/de/uka/ilkd/key/proof/rules/ifThenElseRules.key:188:14: mismatched input '\ifExintVar' expecting {MODALITY, FORALL, EXISTS, '\if', '\ifEx', 'true', 'false', '(', '{', '@', NOT, SEQARROW, '-', STRING_LITERAL, CHAR_LITERAL, BIN_LITERAL, HEX_LITERAL, IDENT, INT_LITERAL, FLOAT_LITERAL, DOUBLE_LITERAL, REAL_LITERAL} [@1146,5149:5159='\ifExintVar',<188>,188:14] (termorseq, taclet, rulesOrAxioms, decls, file) 
300477     WARN  Test worker     d.u.i.k.n.KeYParser       [syntax-error] file:/home/runner/work/key/key/key.core/build/resources/main/de/uka/ilkd/key/proof/rules/ifThenElseRules.key:188:27: extraneous input '(' expecting {'\lemma', '}', IDENT, '/*!'} [@1149,5162:5162='(',<146>,188:27] (rulesOrAxioms, decls, file) 
300477     WARN  Test worker     d.u.i.k.n.KeYParser       [syntax-error] file:/home/runner/work/key/key/key.core/build/resources/main/de/uka/ilkd/key/proof/rules/ifThenElseRules.key:188:32: mismatched input '&' expecting {'(', '{'} [@1152,5167:5167='&',<156>,188:32] (taclet, rulesOrAxioms, decls, file) 
300477     WARN  Test worker     d.u.i.k.n.KeYParser       [syntax-error] file:/home/runner/work/key/key/key.core/build/resources/main/de/uka/ilkd/key/proof/rules/ifThenElseRules.key:190:42: mismatched input '}' expecting {'(', '{'} [@1192,5280:5280='}',<149>,190:42] (taclet, rulesOrAxioms, decls, file) 
300477     WARN  Test worker     d.u.i.k.n.KeYParser       [syntax-error] file:/home/runner/work/key/key/key.core/build/resources/main/de/uka/ilkd/key/proof/rules/ifThenElseRules.key:191:39: mismatched input '}' expecting {'(', '{'} [@1205,5325:5325='}',<149>,191:39] (taclet, rulesOrAxioms, decls, file) 
300477     WARN  Test worker     d.u.i.k.n.KeYParser       [syntax-error] file:/home/runner/work/key/key/key.core/build/resources/main/de/uka/ilkd/key/proof/rules/ifThenElseRules.key:198:14: mismatched input '\ifExintVar' expecting {MODALITY, FORALL, EXISTS, '\if', '\ifEx', 'true', 'false', '(', '{', '@', NOT, SEQARROW, '-', STRING_LITERAL, CHAR_LITERAL, BIN_LITERAL, HEX_LITERAL, IDENT, INT_LITERAL, FLOAT_LITERAL, DOUBLE_LITERAL, REAL_LITERAL} [@1233,5475:5485='\ifExintVar',<188>,198:14] (termorseq, taclet, rulesOrAxioms, decls, file) 
300477     WARN  Test worker     d.u.i.k.n.KeYParser       [syntax-error] file:/home/runner/work/key/key/key.core/build/resources/main/de/uka/ilkd/key/proof/rules/ifThenElseRules.key:198:27: extraneous input '(' expecting {'\lemma', '}', IDENT, '/*!'} [@1236,5488:5488='(',<146>,198:27] (rulesOrAxioms, decls, file) 
300477     WARN  Test worker     d.u.i.k.n.KeYParser       [syntax-error] file:/home/runner/work/key/key/key.core/build/resources/main/de/uka/ilkd/key/proof/rules/ifThenElseRules.key:198:32: mismatched input '&' expecting {'(', '{'} [@1239,5493:5493='&',<156>,198:32] (taclet, rulesOrAxioms, decls, file) 
300477     WARN  Test worker     d.u.i.k.n.KeYParser       [syntax-error] file:/home/runner/work/key/key/key.core/build/resources/main/de/uka/ilkd/key/proof/rules/ifThenElseRules.key:200:42: mismatched input '}' expecting {'(', '{'} [@1279,5612:5612='}',<149>,200:42] (taclet, rulesOrAxioms, decls, file) 
300477     WARN  Test worker     d.u.i.k.n.KeYParser       [syntax-error] file:/home/runner/work/key/key/key.core/build/resources/main/de/uka/ilkd/key/proof/rules/ifThenElseRules.key:201:39: mismatched input '}' expecting {'(', '{'} [@1292,5657:5657='}',<149>,201:39] (taclet, rulesOrAxioms, decls, file) 
300477     WARN  Test worker     d.u.i.k.n.KeYParser       [syntax-error] file:/home/runner/work/key/key/key.core/build/resources/main/de/uka/ilkd/key/proof/rules/ifThenElseRules.key:208:14: mismatched input '\ifExintVar' expecting {MODALITY, FORALL, EXISTS, '\if', '\ifEx', 'true', 'false', '(', '{', '@', NOT, SEQARROW, '-', STRING_LITERAL, CHAR_LITERAL, BIN_LITERAL, HEX_LITERAL, IDENT, INT_LITERAL, FLOAT_LITERAL, DOUBLE_LITERAL, REAL_LITERAL} [@1320,5817:5827='\ifExintVar',<188>,208:14] (termorseq, taclet, rulesOrAxioms, decls, file) 
300477     WARN  Test worker     d.u.i.k.n.KeYParser       [syntax-error] file:/home/runner/work/key/key/key.core/build/resources/main/de/uka/ilkd/key/proof/rules/ifThenElseRules.key:208:27: extraneous input '(' expecting {'\lemma', '}', IDENT, '/*!'} [@1323,5830:5830='(',<146>,208:27] (rulesOrAxioms, decls, file) 
300477     WARN  Test worker     d.u.i.k.n.KeYParser       [syntax-error] file:/home/runner/work/key/key/key.core/build/resources/main/de/uka/ilkd/key/proof/rules/ifThenElseRules.key:208:32: mismatched input '&' expecting {'(', '{'} [@1326,5835:5835='&',<156>,208:32] (taclet, rulesOrAxioms, decls, file) 
300478     WARN  Test worker     d.u.i.k.n.KeYParser       [syntax-error] file:/home/runner/work/key/key/key.core/build/resources/main/de/uka/ilkd/key/proof/rules/ifThenElseRules.key:210:42: mismatched input '}' expecting {'(', '{'} [@1366,5948:5948='}',<149>,210:42] (taclet, rulesOrAxioms, decls, file) 
300478     WARN  Test worker     d.u.i.k.n.KeYParser       [syntax-error] file:/home/runner/work/key/key/key.core/build/resources/main/de/uka/ilkd/key/proof/rules/ifThenElseRules.key:211:39: mismatched input '}' expecting {'(', '{'} [@1379,5993:5993='}',<149>,211:39] (taclet, rulesOrAxioms, decls, file) 
300478     WARN  Test worker     d.u.i.k.n.KeYParser       [syntax-error] file:/home/runner/work/key/key/key.core/build/resources/main/de/uka/ilkd/key/proof/rules/ifThenElseRules.key:218:14: mismatched input '\ifExintVar' expecting {MODALITY, FORALL, EXISTS, '\if', '\ifEx', 'true', 'false', '(', '{', '@', NOT, SEQARROW, '-', STRING_LITERAL, CHAR_LITERAL, BIN_LITERAL, HEX_LITERAL, IDENT, INT_LITERAL, FLOAT_LITERAL, DOUBLE_LITERAL, REAL_LITERAL} [@1407,6146:6156='\ifExintVar',<188>,218:14] (termorseq, taclet, rulesOrAxioms, decls, file) 
300478     WARN  Test worker     d.u.i.k.n.KeYParser       [syntax-error] file:/home/runner/work/key/key/key.core/build/resources/main/de/uka/ilkd/key/proof/rules/ifThenElseRules.key:218:27: extraneous input '(' expecting {'\lemma', '}', IDENT, '/*!'} [@1410,6159:6159='(',<146>,218:27] (rulesOrAxioms, decls, file) 
300478     WARN  Test worker     d.u.i.k.n.KeYParser       [syntax-error] file:/home/runner/work/key/key/key.core/build/resources/main/de/uka/ilkd/key/proof/rules/ifThenElseRules.key:218:31: mismatched input ')' expecting {'(', '{'} [@1412,6163:6163=')',<147>,218:31] (taclet, rulesOrAxioms, decls, file) 
300478     WARN  Test worker     d.u.i.k.n.KeYParser       [syntax-error] file:/home/runner/work/key/key/key.core/build/resources/main/de/uka/ilkd/key/proof/rules/ifThenElseRules.key:220:44: mismatched input ')' expecting {'(', '{'} [@1444,6275:6275=')',<147>,220:44] (taclet, rulesOrAxioms, decls, file) 
300478     WARN  Test worker     d.u.i.k.n.KeYParser       [syntax-error] file:/home/runner/work/key/key/key.core/build/resources/main/de/uka/ilkd/key/proof/rules/ifThenElseRules.key:225:14: mismatched input '\ifExintVar' expecting {MODALITY, FORALL, EXISTS, '\if', '\ifEx', 'true', 'false', '(', '{', '@', NOT, SEQARROW, '-', STRING_LITERAL, CHAR_LITERAL, BIN_LITERAL, HEX_LITERAL, IDENT, INT_LITERAL, FLOAT_LITERAL, DOUBLE_LITERAL, REAL_LITERAL} [@1471,6389:6399='\ifExintVar',<188>,225:14] (termorseq, taclet, rulesOrAxioms, decls, file) 
300478     WARN  Test worker     d.u.i.k.n.KeYParser       [syntax-error] file:/home/runner/work/key/key/key.core/build/resources/main/de/uka/ilkd/key/proof/rules/ifThenElseRules.key:225:27: extraneous input '(' expecting {'\lemma', '}', IDENT, '/*!'} [@1474,6402:6402='(',<146>,225:27] (rulesOrAxioms, decls, file) 
300478     WARN  Test worker     d.u.i.k.n.KeYParser       [syntax-error] file:/home/runner/work/key/key/key.core/build/resources/main/de/uka/ilkd/key/proof/rules/ifThenElseRules.key:225:31: mismatched input ')' expecting {'(', '{'} [@1476,6406:6406=')',<147>,225:31] (taclet, rulesOrAxioms, decls, file) 
300478     WARN  Test worker     d.u.i.k.n.KeYParser       [syntax-error] file:/home/runner/work/key/key/key.core/build/resources/main/de/uka/ilkd/key/proof/rules/ifThenElseRules.key:227:44: mismatched input ')' expecting {'(', '{'} [@1508,6509:6509=')',<147>,227:44] (taclet, rulesOrAxioms, decls, file) 
300478     WARN  Test worker     d.u.i.k.n.KeYParser       [syntax-error] file:/home/runner/work/key/key/key.core/build/resources/main/de/uka/ilkd/key/proof/rules/ifThenElseRules.key:233:14: mismatched input '\ifExintVar' expecting {MODALITY, FORALL, EXISTS, '\if', '\ifEx', 'true', 'false', '(', '{', '@', NOT, SEQARROW, '-', STRING_LITERAL, CHAR_LITERAL, BIN_LITERAL, HEX_LITERAL, IDENT, INT_LITERAL, FLOAT_LITERAL, DOUBLE_LITERAL, REAL_LITERAL} [@1539,6656:6666='\ifExintVar',<188>,233:14] (termorseq, taclet, rulesOrAxioms, decls, file) 
300478     WARN  Test worker     d.u.i.k.n.KeYParser       [syntax-error] file:/home/runner/work/key/key/key.core/build/resources/main/de/uka/ilkd/key/proof/rules/ifThenElseRules.key:233:27: extraneous input '(' expecting {'\lemma', '}', IDENT, '/*!'} [@1542,6669:6669='(',<146>,233:27] (rulesOrAxioms, decls, file) 
300478     WARN  Test worker     d.u.i.k.n.KeYParser       [syntax-error] file:/home/runner/work/key/key/key.core/build/resources/main/de/uka/ilkd/key/proof/rules/ifThenElseRules.key:233:31: mismatched input ')' expecting {'(', '{'} [@1544,6673:6673=')',<147>,233:31] (taclet, rulesOrAxioms, decls, file) 
300479     WARN  Test worker     d.u.i.k.n.KeYParser       [syntax-error] file:/home/runner/work/key/key/key.core/build/resources/main/de/uka/ilkd/key/proof/rules/ifThenElseRules.key:237:42: mismatched input '}' expecting {'(', '{'} [@1586,6850:6850='}',<149>,237:42] (taclet, rulesOrAxioms, decls, file) 
300479     WARN  Test worker     d.u.i.k.n.KeYParser       [syntax-error] file:/home/runner/work/key/key/key.core/build/resources/main/de/uka/ilkd/key/proof/rules/ifThenElseRules.key:238:34: mismatched input '}' expecting {'(', '{'} [@1599,6891:6891='}',<149>,238:34] (taclet, rulesOrAxioms, decls, file) 
300479     WARN  Test worker     d.u.i.k.n.KeYParser       [syntax-error] file:/home/runner/work/key/key/key.core/build/resources/main/de/uka/ilkd/key/proof/rules/ifThenElseRules.key:239:28: extraneous input '(' expecting {'\lemma', '}', IDENT, '/*!'} [@1608,6925:6925='(',<146>,239:28] (rulesOrAxioms, decls, file) 
300479     WARN  Test worker     d.u.i.k.n.KeYParser       [syntax-error] file:/home/runner/work/key/key/key.core/build/resources/main/de/uka/ilkd/key/proof/rules/ifThenElseRules.key:239:33: mismatched input '->' expecting {'(', '{'} [@1611,6930:6931='->',<158>,239:33] (taclet, rulesOrAxioms, decls, file) 
300479     WARN  Test worker     d.u.i.k.n.KeYParser       [syntax-error] file:/home/runner/work/key/key/key.core/build/resources/main/de/uka/ilkd/key/proof/rules/ifThenElseRules.key:240:8: extraneous input '\replacewith' expecting {'\lemma', '}', IDENT, '/*!'} [@1626,6979:6990='\replacewith',<105>,240:8] (rulesOrAxioms, decls, file) 
300479     WARN  Test worker     d.u.i.k.n.KeYParser       [syntax-error] file:/home/runner/work/key/key/key.core/build/resources/main/de/uka/ilkd/key/proof/rules/ifThenElseRules.key:240:25: mismatched input ')' expecting {'(', '{'} [@1629,6996:6996=')',<147>,240:25] (taclet, rulesOrAxioms, decls, file) 
300479     WARN  Test worker     d.u.i.k.n.KeYParser       [syntax-error] file:/home/runner/work/key/key/key.core/build/resources/main/de/uka/ilkd/key/proof/rules/ifThenElseRules.key:240:56: mismatched input ')' expecting {'(', '{'} [@1642,7027:7027=')',<147>,240:56] (taclet, rulesOrAxioms, decls, file) 
300479     WARN  Test worker     d.u.i.k.n.KeYParser       [syntax-error] file:/home/runner/work/key/key/key.core/build/resources/main/de/uka/ilkd/key/proof/rules/ifThenElseRules.key:245:14: mismatched input '\ifExintVar' expecting {MODALITY, FORALL, EXISTS, '\if', '\ifEx', 'true', 'false', '(', '{', '@', NOT, SEQARROW, '-', STRING_LITERAL, CHAR_LITERAL, BIN_LITERAL, HEX_LITERAL, IDENT, INT_LITERAL, FLOAT_LITERAL, DOUBLE_LITERAL, REAL_LITERAL} [@1658,7109:7119='\ifExintVar',<188>,245:14] (termorseq, taclet, rulesOrAxioms, decls, file) 
300479     WARN  Test worker     d.u.i.k.n.KeYParser       [syntax-error] file:/home/runner/work/key/key/key.core/build/resources/main/de/uka/ilkd/key/proof/rules/ifThenElseRules.key:245:27: extraneous input '(' expecting {'\lemma', '}', IDENT, '/*!'} [@1661,7122:7122='(',<146>,245:27] (rulesOrAxioms, decls, file) 
300479     WARN  Test worker     d.u.i.k.n.KeYParser       [syntax-error] file:/home/runner/work/key/key/key.core/build/resources/main/de/uka/ilkd/key/proof/rules/ifThenElseRules.key:245:31: mismatched input ')' expecting {'(', '{'} [@1663,7126:7126=')',<147>,245:31] (taclet, rulesOrAxioms, decls, file) 
300479     WARN  Test worker     d.u.i.k.n.KeYParser       [syntax-error] file:/home/runner/work/key/key/key.core/build/resources/main/de/uka/ilkd/key/proof/rules/ifThenElseRules.key:248:45: mismatched input '}' expecting {'(', '{'} [@1696,7268:7268='}',<149>,248:45] (taclet, rulesOrAxioms, decls, file) 
300479     WARN  Test worker     d.u.i.k.n.KeYParser       [syntax-error] file:/home/runner/work/key/key/key.core/build/resources/main/de/uka/ilkd/key/proof/rules/ifThenElseRules.key:249:8: extraneous input '\replacewith' expecting {'\lemma', '}', IDENT, '/*!'} [@1701,7284:7295='\replacewith',<105>,249:8] (rulesOrAxioms, decls, file) 
300479     WARN  Test worker     d.u.i.k.n.KeYParser       [syntax-error] file:/home/runner/work/key/key/key.core/build/resources/main/de/uka/ilkd/key/proof/rules/ifThenElseRules.key:249:38: mismatched input ')' expecting {'(', '{'} [@1708,7314:7314=')',<147>,249:38] (taclet, rulesOrAxioms, decls, file) 
300479     WARN  Test worker     d.u.i.k.n.KeYParser       [syntax-error] file:/home/runner/work/key/key/key.core/build/resources/main/de/uka/ilkd/key/proof/rules/ifThenElseRules.key:250:42: mismatched input '}' expecting {'(', '{'} [@1731,7381:7381='}',<149>,250:42] (taclet, rulesOrAxioms, decls, file) 
300479     WARN  Test worker     d.u.i.k.n.KeYParser       [syntax-error] file:/home/runner/work/key/key/key.core/build/resources/main/de/uka/ilkd/key/proof/rules/ifThenElseRules.key:251:28: extraneous input '(' expecting {'\lemma', '}', IDENT, '/*!'} [@1741,7416:7416='(',<146>,251:28] (rulesOrAxioms, decls, file) 
300479     WARN  Test worker     d.u.i.k.n.KeYParser       [syntax-error] file:/home/runner/work/key/key/key.core/build/resources/main/de/uka/ilkd/key/proof/rules/ifThenElseRules.key:251:33: mismatched input '->' expecting {'(', '{'} [@1744,7421:7422='->',<158>,251:33] (taclet, rulesOrAxioms, decls, file) 
300479     WARN  Test worker     d.u.i.k.n.KeYParser       [syntax-error] file:/home/runner/work/key/key/key.core/build/resources/main/de/uka/ilkd/key/proof/rules/ifThenElseRules.key:255:14: mismatched input '\ifExintVar' expecting {MODALITY, FORALL, EXISTS, '\if', '\ifEx', 'true', 'false', '(', '{', '@', NOT, SEQARROW, '-', STRING_LITERAL, CHAR_LITERAL, BIN_LITERAL, HEX_LITERAL, IDENT, INT_LITERAL, FLOAT_LITERAL, DOUBLE_LITERAL, REAL_LITERAL} [@1765,7506:7516='\ifExintVar',<188>,255:14] (termorseq, taclet, rulesOrAxioms, decls, file) 
300479     WARN  Test worker     d.u.i.k.n.KeYParser       [syntax-error] file:/home/runner/work/key/key/key.core/build/resources/main/de/uka/ilkd/key/proof/rules/ifThenElseRules.key:255:27: extraneous input '(' expecting {'\lemma', '}', IDENT, '/*!'} [@1768,7519:7519='(',<146>,255:27] (rulesOrAxioms, decls, file) 
300479     WARN  Test worker     d.u.i.k.n.KeYParser       [syntax-error] file:/home/runner/work/key/key/key.core/build/resources/main/de/uka/ilkd/key/proof/rules/ifThenElseRules.key:255:31: mismatched input ')' expecting {'(', '{'} [@1770,7523:7523=')',<147>,255:31] (taclet, rulesOrAxioms, decls, file) 
300479     WARN  Test worker     d.u.i.k.n.KeYParser       [syntax-error] file:/home/runner/work/key/key/key.core/build/resources/main/de/uka/ilkd/key/proof/rules/ifThenElseRules.key:258:52: extraneous input '0' expecting {'\lemma', '}', IDENT, '/*!'} [@1809,7667:7667='0',<184>,258:52] (rulesOrAxioms, decls, file) 
300479     WARN  Test worker     d.u.i.k.n.KeYParser       [syntax-error] file:/home/runner/work/key/key/key.core/build/resources/main/de/uka/ilkd/key/proof/rules/ifThenElseRules.key:258:54: mismatched input 'then' expecting {<EOF>, '\problem', '\chooseContract', '\proofObligation', '\proof'} [@1811,7669:7672='then',<183>,258:54] (file) 
300481     ERROR Test worker     d.u.i.k.s.n.MasterHandlerTest Error reading /home/runner/work/key/key/key.core/build/resources/test/de/uka/ilkd/key/smt/newsmt2/cases/bool2.props de.uka.ilkd.key.proof.io.ProblemLoaderException: line 135:14 mismatched input '\ifExintVar' expecting {MODALITY, FORALL, EXISTS, '\if', '\ifEx', 'true', 'false', '(', '{', '@', NOT, SEQARROW, '-', STRING_LITERAL, CHAR_LITERAL, BIN_LITERAL, HEX_LITERAL, IDENT, INT_LITERAL, FLOAT_LITERAL, DOUBLE_LITERAL, REAL_LITERAL}
line 135:27 extraneous input '(' expecting {'\lemma', '}', IDENT, '/*!'}
line 135:44 mismatched input ')' expecting {'(', '{'}
line 141:14 mismatched input '\ifExintVar' expecting {MODALITY, FORALL, EXISTS, '\if', '\ifEx', 'true', 'false', '(', '{', '@', NOT, SEQARROW, '-', STRING_LITERAL, CHAR_LITERAL, BIN_LITERAL, HEX_LITERAL, IDENT, INT_LITERAL, FLOAT_LITERAL, DOUBLE_LITERAL, REAL_LITERAL}
line 141:27 extraneous input '(' expecting {'\lemma', '}', IDENT, '/*!'}
line 141:41 mismatched input ')' expecting {'(', '{'}
line 148:14 mismatched input '\ifExintVar' expecting {MODALITY, FORALL, EXISTS, '\if', '\ifEx', 'true', 'false', '(', '{', '@', NOT, SEQARROW, '-', STRING_LITERAL, CHAR_LITERAL, BIN_LITERAL, HEX_LITERAL, IDENT, INT_LITERAL, FLOAT_LITERAL, DOUBLE_LITERAL, REAL_LITERAL}
line 148:27 extraneous input '(' expecting {'\lemma', '}', IDENT, '/*!'}
line 148:35 mismatched input '=' expecting {'(', '{'}
line 150:38 mismatched input '}' expecting {'(', '{'}
line 155:14 mismatched input '\ifExintVar' expecting {MODALITY, FORALL, EXISTS, '\if', '\ifEx', 'true', 'false', '(', '{', '@', NOT, SEQARROW, '-', STRING_LITERAL, CHAR_LITERAL, BIN_LITERAL, HEX_LITERAL, IDENT, INT_LITERAL, FLOAT_LITERAL, DOUBLE_LITERAL, REAL_LITERAL}
line 155:27 extraneous input '(' expecting {'\lemma', '}', IDENT, '/*!'}
line 155:35 mismatched input '=' expecting {'(', '{'}
line 157:38 mismatched input '}' expecting {'(', '{'}
line 163:14 mismatched input '\ifExintVar' expecting {MODALITY, FORALL, EXISTS, '\if', '\ifEx', 'true', 'false', '(', '{', '@', NOT, SEQARROW, '-', STRING_LITERAL, CHAR_LITERAL, BIN_LITERAL, HEX_LITERAL, IDENT, INT_LITERAL, FLOAT_LITERAL, DOUBLE_LITERAL, REAL_LITERAL}
line 163:27 extraneous input '(' expecting {'\lemma', '}', IDENT, '/*!'}
line 163:30 mismatched input '=' expecting {'(', '{'}
line 165:38 mismatched input '}' expecting {'(', '{'}
line 171:14 mismatched input '\ifExintVar' expecting {MODALITY, FORALL, EXISTS, '\if', '\ifEx', 'true', 'false', '(', '{', '@', NOT, SEQARROW, '-', STRING_LITERAL, CHAR_LITERAL, BIN_LITERAL, HEX_LITERAL, IDENT, INT_LITERAL, FLOAT_LITERAL, DOUBLE_LITERAL, REAL_LITERAL}
line 171:27 extraneous input '(' expecting {'\lemma', '}', IDENT, '/*!'}
line 171:30 mismatched input '=' expecting {'(', '{'}
line 173:38 mismatched input '}' expecting {'(', '{'}
line 179:14 mismatched input '\ifExintVar' expecting {MODALITY, FORALL, EXISTS, '\if', '\ifEx', 'true', 'false', '(', '{', '@', NOT, SEQARROW, '-', STRING_LITERAL, CHAR_LITERAL, BIN_LITERAL, HEX_LITERAL, IDENT, INT_LITERAL, FLOAT_LITERAL, DOUBLE_LITERAL, REAL_LITERAL}
line 179:27 extraneous input '(' expecting {'\lemma', '}', IDENT, '/*!'}
line 179:32 mismatched input '&' expecting {'(', '{'}
line 181:42 mismatched input '}' expecting {'(', '{'}
line 182:39 mismatched input '}' expecting {'(', '{'}
line 188:14 mismatched input '\ifExintVar' expecting {MODALITY, FORALL, EXISTS, '\if', '\ifEx', 'true', 'false', '(', '{', '@', NOT, SEQARROW, '-', STRING_LITERAL, CHAR_LITERAL, BIN_LITERAL, HEX_LITERAL, IDENT, INT_LITERAL, FLOAT_LITERAL, DOUBLE_LITERAL, REAL_LITERAL}
line 188:27 extraneous input '(' expecting {'\lemma', '}', IDENT, '/*!'}
line 188:32 mismatched input '&' expecting {'(', '{'}
line 190:42 mismatched input '}' expecting {'(', '{'}
line 191:39 mismatched input '}' expecting {'(', '{'}
line 198:14 mismatched input '\ifExintVar' expecting {MODALITY, FORALL, EXISTS, '\if', '\ifEx', 'true', 'false', '(', '{', '@', NOT, SEQARROW, '-', STRING_LITERAL, CHAR_LITERAL, BIN_LITERAL, HEX_LITERAL, IDENT, INT_LITERAL, FLOAT_LITERAL, DOUBLE_LITERAL, REAL_LITERAL}
line 198:27 extraneous input '(' expecting {'\lemma', '}', IDENT, '/*!'}
line 198:32 mismatched input '&' expecting {'(', '{'}
line 200:42 mismatched input '}' expecting {'(', '{'}
line 201:39 mismatched input '}' expecting {'(', '{'}
line 208:14 mismatched input '\ifExintVar' expecting {MODALITY, FORALL, EXISTS, '\if', '\ifEx', 'true', 'false', '(', '{', '@', NOT, SEQARROW, '-', STRING_LITERAL, CHAR_LITERAL, BIN_LITERAL, HEX_LITERAL, IDENT, INT_LITERAL, FLOAT_LITERAL, DOUBLE_LITERAL, REAL_LITERAL}
line 208:27 extraneous input '(' expecting {'\lemma', '}', IDENT, '/*!'}
line 208:32 mismatched input '&' expecting {'(', '{'}
line 210:42 mismatched input '}' expecting {'(', '{'}
line 211:39 mismatched input '}' expecting {'(', '{'}
line 218:14 mismatched input '\ifExintVar' expecting {MODALITY, FORALL, EXISTS, '\if', '\ifEx', 'true', 'false', '(', '{', '@', NOT, SEQARROW, '-', STRING_LITERAL, CHAR_LITERAL, BIN_LITERAL, HEX_LITERAL, IDENT, INT_LITERAL, FLOAT_LITERAL, DOUBLE_LITERAL, REAL_LITERAL}
line 218:27 extraneous input '(' expecting {'\lemma', '}', IDENT, '/*!'}
line 218:31 mismatched input ')' expecting {'(', '{'}
line 220:44 mismatched input ')' expecting {'(', '{'}
line 225:14 mismatched input '\ifExintVar' expecting {MODALITY, FORALL, EXISTS, '\if', '\ifEx', 'true', 'false', '(', '{', '@', NOT, SEQARROW, '-', STRING_LITERAL, CHAR_LITERAL, BIN_LITERAL, HEX_LITERAL, IDENT, INT_LITERAL, FLOAT_LITERAL, DOUBLE_LITERAL, REAL_LITERAL}
line 225:27 extraneous input '(' expecting {'\lemma', '}', IDENT, '/*!'}
line 225:31 mismatched input ')' expecting {'(', '{'}
line 227:44 mismatched input ')' expecting {'(', '{'}
line 233:14 mismatched input '\ifExintVar' expecting {MODALITY, FORALL, EXISTS, '\if', '\ifEx', 'true', 'false', '(', '{', '@', NOT, SEQARROW, '-', STRING_LITERAL, CHAR_LITERAL, BIN_LITERAL, HEX_LITERAL, IDENT, INT_LITERAL, FLOAT_LITERAL, DOUBLE_LITERAL, REAL_LITERAL}
line 233:27 extraneous input '(' expecting {'\lemma', '}', IDENT, '/*!'}
line 233:31 mismatched input ')' expecting {'(', '{'}
line 237:42 mismatched input '}' expecting {'(', '{'}
line 238:34 mismatched input '}' expecting {'(', '{'}
line 239:28 extraneous input '(' expecting {'\lemma', '}', IDENT, '/*!'}
line 239:33 mismatched input '->' expecting {'(', '{'}
line 240:8 extraneous input '\replacewith' expecting {'\lemma', '}', IDENT, '/*!'}
line 240:25 mismatched input ')' expecting {'(', '{'}
line 240:56 mismatched input ')' expecting {'(', '{'}
line 245:14 mismatched input '\ifExintVar' expecting {MODALITY, FORALL, EXISTS, '\if', '\ifEx', 'true', 'false', '(', '{', '@', NOT, SEQARROW, '-', STRING_LITERAL, CHAR_LITERAL, BIN_LITERAL, HEX_LITERAL, IDENT, INT_LITERAL, FLOAT_LITERAL, DOUBLE_LITERAL, REAL_LITERAL}
line 245:27 extraneous input '(' expecting {'\lemma', '}', IDENT, '/*!'}
line 245:31 mismatched input ')' expecting {'(', '{'}
line 248:45 mismatched input '}' expecting {'(', '{'}
line 249:8 extraneous input '\replacewith' expecting {'\lemma', '}', IDENT, '/*!'}
line 249:38 mismatched input ')' expecting {'(', '{'}
line 250:42 mismatched input '}' expecting {'(', '{'}
line 251:28 extraneous input '(' expecting {'\lemma', '}', IDENT, '/*!'}
line 251:33 mismatched input '->' expecting {'(', '{'}
line 255:14 mismatched input '\ifExintVar' expecting {MODALITY, FORALL, EXISTS, '\if', '\ifEx', 'true', 'false', '(', '{', '@', NOT, SEQARROW, '-', STRING_LITERAL, CHAR_LITERAL, BIN_LITERAL, HEX_LITERAL, IDENT, INT_LITERAL, FLOAT_LITERAL, DOUBLE_LITERAL, REAL_LITERAL}
line 255:27 extraneous input '(' expecting {'\lemma', '}', IDENT, '/*!'}
line 255:31 mismatched input ')' expecting {'(', '{'}
line 258:52 extraneous input '0' expecting {'\lemma', '}', IDENT, '/*!'}
line 258:54 mismatched input 'then' expecting {<EOF>, '\problem', '\chooseContract', '\proofObligation', '\proof'}

	at de.uka.ilkd.key.control.AbstractUserInterfaceControl.load(AbstractUserInterfaceControl.java:221)
Caused by: de.uka.ilkd.key.proof.init.ProofInputException: line 135:14 mismatched input '\ifExintVar' expecting {MODALITY, FORALL, EXISTS, '\if', '\ifEx', 'true', 'false', '(', '{', '@', NOT, SEQARROW, '-', STRING_LITERAL, CHAR_LITERAL, BIN_LITERAL, HEX_LITERAL, IDENT, INT_LITERAL, FLOAT_LITERAL, DOUBLE_LITERAL, REAL_LITERAL}
line 135:27 extraneous input '(' expecting {'\lemma', '}', IDENT, '/*!'}
line 135:44 mismatched input ')' expecting {'(', '{'}
line 141:14 mismatched input '\ifExintVar' expecting {MODALITY, FORALL, EXISTS, '\if', '\ifEx', 'true', 'false', '(', '{', '@', NOT, SEQARROW, '-', STRING_LITERAL, CHAR_LITERAL, BIN_LITERAL, HEX_LITERAL, IDENT, INT_LITERAL, FLOAT_LITERAL, DOUBLE_LITERAL, REAL_LITERAL}
line 141:27 extraneous input '(' expecting {'\lemma', '}', IDENT, '/*!'}
line 141:41 mismatched input ')' expecting {'(', '{'}
line 148:14 mismatched input '\ifExintVar' expecting {MODALITY, FORALL, EXISTS, '\if', '\ifEx', 'true', 'false', '(', '{', '@', NOT, SEQARROW, '-', STRING_LITERAL, CHAR_LITERAL, BIN_LITERAL, HEX_LITERAL, IDENT, INT_LITERAL, FLOAT_LITERAL, DOUBLE_LITERAL, REAL_LITERAL}
line 148:27 extraneous input '(' expecting {'\lemma', '}', IDENT, '/*!'}
line 148:35 mismatched input '=' expecting {'(', '{'}
line 150:38 mismatched input '}' expecting {'(', '{'}
line 155:14 mismatched input '\ifExintVar' expecting {MODALITY, FORALL, EXISTS, '\if', '\ifEx', 'true', 'false', '(', '{', '@', NOT, SEQARROW, '-', STRING_LITERAL, CHAR_LITERAL, BIN_LITERAL, HEX_LITERAL, IDENT, INT_LITERAL, FLOAT_LITERAL, DOUBLE_LITERAL, REAL_LITERAL}
line 155:27 extraneous input '(' expecting {'\lemma', '}', IDENT, '/*!'}
line 155:35 mismatched input '=' expecting {'(', '{'}
line 157:38 mismatched input '}' expecting {'(', '{'}
line 163:14 mismatched input '\ifExintVar' expecting {MODALITY, FORALL, EXISTS, '\if', '\ifEx', 'true', 'false', '(', '{', '@', NOT, SEQARROW, '-', STRING_LITERAL, CHAR_LITERAL, BIN_LITERAL, HEX_LITERAL, IDENT, INT_LITERAL, FLOAT_LITERAL, DOUBLE_LITERAL, REAL_LITERAL}
line 163:27 extraneous input '(' expecting {'\lemma', '}', IDENT, '/*!'}
line 163:30 mismatched input '=' expecting {'(', '{'}
line 165:38 mismatched input '}' expecting {'(', '{'}
line 171:14 mismatched input '\ifExintVar' expecting {MODALITY, FORALL, EXISTS, '\if', '\ifEx', 'true', 'false', '(', '{', '@', NOT, SEQARROW, '-', STRING_LITERAL, CHAR_LITERAL, BIN_LITERAL, HEX_LITERAL, IDENT, INT_LITERAL, FLOAT_LITERAL, DOUBLE_LITERAL, REAL_LITERAL}
line 171:27 extraneous input '(' expecting {'\lemma', '}', IDENT, '/*!'}
line 171:30 mismatched input '=' expecting {'(', '{'}
line 173:38 mismatched input '}' expecting {'(', '{'}
line 179:14 mismatched input '\ifExintVar' expecting {MODALITY, FORALL, EXISTS, '\if', '\ifEx', 'true', 'false', '(', '{', '@', NOT, SEQARROW, '-', STRING_LITERAL, CHAR_LITERAL, BIN_LITERAL, HEX_LITERAL, IDENT, INT_LITERAL, FLOAT_LITERAL, DOUBLE_LITERAL, REAL_LITERAL}
line 179:27 extraneous input '(' expecting {'\lemma', '}', IDENT, '/*!'}
line 179:32 mismatched input '&' expecting {'(', '{'}
line 181:42 mismatched input '}' expecting {'(', '{'}
line 182:39 mismatched input '}' expecting {'(', '{'}
line 188:14 mismatched input '\ifExintVar' expecting {MODALITY, FORALL, EXISTS, '\if', '\ifEx', 'true', 'false', '(', '{', '@', NOT, SEQARROW, '-', STRING_LITERAL, CHAR_LITERAL, BIN_LITERAL, HEX_LITERAL, IDENT, INT_LITERAL, FLOAT_LITERAL, DOUBLE_LITERAL, REAL_LITERAL}
line 188:27 extraneous input '(' expecting {'\lemma', '}', IDENT, '/*!'}
line 188:32 mismatched input '&' expecting {'(', '{'}
line 190:42 mismatched input '}' expecting {'(', '{'}
line 191:39 mismatched input '}' expecting {'(', '{'}
line 198:14 mismatched input '\ifExintVar' expecting {MODALITY, FORALL, EXISTS, '\if', '\ifEx', 'true', 'false', '(', '{', '@', NOT, SEQARROW, '-', STRING_LITERAL, CHAR_LITERAL, BIN_LITERAL, HEX_LITERAL, IDENT, INT_LITERAL, FLOAT_LITERAL, DOUBLE_LITERAL, REAL_LITERAL}
line 198:27 extraneous input '(' expecting {'\lemma', '}', IDENT, '/*!'}
line 198:32 mismatched input '&' expecting {'(', '{'}
line 200:42 mismatched input '}' expecting {'(', '{'}
line 201:39 mismatched input '}' expecting {'(', '{'}
line 208:14 mismatched input '\ifExintVar' expecting {MODALITY, FORALL, EXISTS, '\if', '\ifEx', 'true', 'false', '(', '{', '@', NOT, SEQARROW, '-', STRING_LITERAL, CHAR_LITERAL, BIN_LITERAL, HEX_LITERAL, IDENT, INT_LITERAL, FLOAT_LITERAL, DOUBLE_LITERAL, REAL_LITERAL}
line 208:27 extraneous input '(' expecting {'\lemma', '}', IDENT, '/*!'}
line 208:32 mismatched input '&' expecting {'(', '{'}
line 210:42 mismatched input '}' expecting {'(', '{'}
line 211:39 mismatched input '}' expecting {'(', '{'}
line 218:14 mismatched input '\ifExintVar' expecting {MODALITY, FORALL, EXISTS, '\if', '\ifEx', 'true', 'false', '(', '{', '@', NOT, SEQARROW, '-', STRING_LITERAL, CHAR_LITERAL, BIN_LITERAL, HEX_LITERAL, IDENT, INT_LITERAL, FLOAT_LITERAL, DOUBLE_LITERAL, REAL_LITERAL}
line 218:27 extraneous input '(' expecting {'\lemma', '}', IDENT, '/*!'}
line 218:31 mismatched input ')' expecting {'(', '{'}
line 220:44 mismatched input ')' expecting {'(', '{'}
line 225:14 mismatched input '\ifExintVar' expecting {MODALITY, FORALL, EXISTS, '\if', '\ifEx', 'true', 'false', '(', '{', '@', NOT, SEQARROW, '-', STRING_LITERAL, CHAR_LITERAL, BIN_LITERAL, HEX_LITERAL, IDENT, INT_LITERAL, FLOAT_LITERAL, DOUBLE_LITERAL, REAL_LITERAL}
line 225:27 extraneous input '(' expecting {'\lemma', '}', IDENT, '/*!'}
line 225:31 mismatched input ')' expecting {'(', '{'}
line 227:44 mismatched input ')' expecting {'(', '{'}
line 233:14 mismatched input '\ifExintVar' expecting {MODALITY, FORALL, EXISTS, '\if', '\ifEx', 'true', 'false', '(', '{', '@', NOT, SEQARROW, '-', STRING_LITERAL, CHAR_LITERAL, BIN_LITERAL, HEX_LITERAL, IDENT, INT_LITERAL, FLOAT_LITERAL, DOUBLE_LITERAL, REAL_LITERAL}
line 233:27 extraneous input '(' expecting {'\lemma', '}', IDENT, '/*!'}
line 233:31 mismatched input ')' expecting {'(', '{'}
line 237:42 mismatched input '}' expecting {'(', '{'}
line 238:34 mismatched input '}' expecting {'(', '{'}
line 239:28 extraneous input '(' expecting {'\lemma', '}', IDENT, '/*!'}
line 239:33 mismatched input '->' expecting {'(', '{'}
line 240:8 extraneous input '\replacewith' expecting {'\lemma', '}', IDENT, '/*!'}
line 240:25 mismatched input ')' expecting {'(', '{'}
line 240:56 mismatched input ')' expecting {'(', '{'}
line 245:14 mismatched input '\ifExintVar' expecting {MODALITY, FORALL, EXISTS, '\if', '\ifEx', 'true', 'false', '(', '{', '@', NOT, SEQARROW, '-', STRING_LITERAL, CHAR_LITERAL, BIN_LITERAL, HEX_LITERAL, IDENT, INT_LITERAL, FLOAT_LITERAL, DOUBLE_LITERAL, REAL_LITERAL}
line 245:27 extraneous input '(' expecting {'\lemma', '}', IDENT, '/*!'}
line 245:31 mismatched input ')' expecting {'(', '{'}
line 248:45 mismatched input '}' expecting {'(', '{'}
line 249:8 extraneous input '\replacewith' expecting {'\lemma', '}', IDENT, '/*!'}
line 249:38 mismatched input ')' expecting {'(', '{'}
line 250:42 mismatched input '}' expecting {'(', '{'}
line 251:28 extraneous input '(' expecting {'\lemma', '}', IDENT, '/*!'}
line 251:33 mismatched input '->' expecting {'(', '{'}
line 255:14 mismatched input '\ifExintVar' expecting {MODALITY, FORALL, EXISTS, '\if', '\ifEx', 'true', 'false', '(', '{', '@', NOT, SEQARROW, '-', STRING_LITERAL, CHAR_LITERAL, BIN_LITERAL, HEX_LITERAL, IDENT, INT_LITERAL, FLOAT_LITERAL, DOUBLE_LITERAL, REAL_LITERAL}
line 255:27 extraneous input '(' expecting {'\lemma', '}', IDENT, '/*!'}
line 255:31 mismatched input ')' expecting {'(', '{'}
line 258:52 extraneous input '0' expecting {'\lemma', '}', IDENT, '/*!'}
line 258:54 mismatched input 'then' expecting {<EOF>, '\problem', '\chooseContract', '\proofObligation', '\proof'}

	at de.uka.ilkd.key.proof.io.KeYFile.readIncludes(KeYFile.java:210)
Caused by: de.uka.ilkd.key.util.parsing.SyntaxErrorReporter$ParserException: line 135:14 mismatched input '\ifExintVar' expecting {MODALITY, FORALL, EXISTS, '\if', '\ifEx', 'true', 'false', '(', '{', '@', NOT, SEQARROW, '-', STRING_LITERAL, CHAR_LITERAL, BIN_LITERAL, HEX_LITERAL, IDENT, INT_LITERAL, FLOAT_LITERAL, DOUBLE_LITERAL, REAL_LITERAL}
line 135:27 extraneous input '(' expecting {'\lemma', '}', IDENT, '/*!'}
line 135:44 mismatched input ')' expecting {'(', '{'}
line 141:14 mismatched input '\ifExintVar' expecting {MODALITY, FORALL, EXISTS, '\if', '\ifEx', 'true', 'false', '(', '{', '@', NOT, SEQARROW, '-', STRING_LITERAL, CHAR_LITERAL, BIN_LITERAL, HEX_LITERAL, IDENT, INT_LITERAL, FLOAT_LITERAL, DOUBLE_LITERAL, REAL_LITERAL}
line 141:27 extraneous input '(' expecting {'\lemma', '}', IDENT, '/*!'}
line 141:41 mismatched input ')' expecting {'(', '{'}
line 148:14 mismatched input '\ifExintVar' expecting {MODALITY, FORALL, EXISTS, '\if', '\ifEx', 'true', 'false', '(', '{', '@', NOT, SEQARROW, '-', STRING_LITERAL, CHAR_LITERAL, BIN_LITERAL, HEX_LITERAL, IDENT, INT_LITERAL, FLOAT_LITERAL, DOUBLE_LITERAL, REAL_LITERAL}
line 148:27 extraneous input '(' expecting {'\lemma', '}', IDENT, '/*!'}
line 148:35 mismatched input '=' expecting {'(', '{'}
line 150:38 mismatched input '}' expecting {'(', '{'}
line 155:14 mismatched input '\ifExintVar' expecting {MODALITY, FORALL, EXISTS, '\if', '\ifEx', 'true', 'false', '(', '{', '@', NOT, SEQARROW, '-', STRING_LITERAL, CHAR_LITERAL, BIN_LITERAL, HEX_LITERAL, IDENT, INT_LITERAL, FLOAT_LITERAL, DOUBLE_LITERAL, REAL_LITERAL}
line 155:27 extraneous input '(' expecting {'\lemma', '}', IDENT, '/*!'}
line 155:35 mismatched input '=' expecting {'(', '{'}
line 157:38 mismatched input '}' expecting {'(', '{'}
line 163:14 mismatched input '\ifExintVar' expecting {MODALITY, FORALL, EXISTS, '\if', '\ifEx', 'true', 'false', '(', '{', '@', NOT, SEQARROW, '-', STRING_LITERAL, CHAR_LITERAL, BIN_LITERAL, HEX_LITERAL, IDENT, INT_LITERAL, FLOAT_LITERAL, DOUBLE_LITERAL, REAL_LITERAL}
line 163:27 extraneous input '(' expecting {'\lemma', '}', IDENT, '/*!'}
line 163:30 mismatched input '=' expecting {'(', '{'}
line 165:38 mismatched input '}' expecting {'(', '{'}
line 171:14 mismatched input '\ifExintVar' expecting {MODALITY, FORALL, EXISTS, '\if', '\ifEx', 'true', 'false', '(', '{', '@', NOT, SEQARROW, '-', STRING_LITERAL, CHAR_LITERAL, BIN_LITERAL, HEX_LITERAL, IDENT, INT_LITERAL, FLOAT_LITERAL, DOUBLE_LITERAL, REAL_LITERAL}
line 171:27 extraneous input '(' expecting {'\lemma', '}', IDENT, '/*!'}
line 171:30 mismatched input '=' expecting {'(', '{'}
line 173:38 mismatched input '}' expecting {'(', '{'}
line 179:14 mismatched input '\ifExintVar' expecting {MODALITY, FORALL, EXISTS, '\if', '\ifEx', 'true', 'false', '(', '{', '@', NOT, SEQARROW, '-', STRING_LITERAL, CHAR_LITERAL, BIN_LITERAL, HEX_LITERAL, IDENT, INT_LITERAL, FLOAT_LITERAL, DOUBLE_LITERAL, REAL_LITERAL}
line 179:27 extraneous input '(' expecting {'\lemma', '}', IDENT, '/*!'}
line 179:32 mismatched input '&' expecting {'(', '{'}
line 181:42 mismatched input '}' expecting {'(', '{'}
line 182:39 mismatched input '}' expecting {'(', '{'}
line 188:14 mismatched input '\ifExintVar' expecting {MODALITY, FORALL, EXISTS, '\if', '\ifEx', 'true', 'false', '(', '{', '@', NOT, SEQARROW, '-', STRING_LITERAL, CHAR_LITERAL, BIN_LITERAL, HEX_LITERAL, IDENT, INT_LITERAL, FLOAT_LITERAL, DOUBLE_LITERAL, REAL_LITERAL}
line 188:27 extraneous input '(' expecting {'\lemma', '}', IDENT, '/*!'}
line 188:32 mismatched input '&' expecting {'(', '{'}
line 190:42 mismatched input '}' expecting {'(', '{'}
line 191:39 mismatched input '}' expecting {'(', '{'}
line 198:14 mismatched input '\ifExintVar' expecting {MODALITY, FORALL, EXISTS, '\if', '\ifEx', 'true', 'false', '(', '{', '@', NOT, SEQARROW, '-', STRING_LITERAL, CHAR_LITERAL, BIN_LITERAL, HEX_LITERAL, IDENT, INT_LITERAL, FLOAT_LITERAL, DOUBLE_LITERAL, REAL_LITERAL}
line 198:27 extraneous input '(' expecting {'\lemma', '}', IDENT, '/*!'}
line 198:32 mismatched input '&' expecting {'(', '{'}
line 200:42 mismatched input '}' expecting {'(', '{'}
line 201:39 mismatched input '}' expecting {'(', '{'}
line 208:14 mismatched input '\ifExintVar' expecting {MODALITY, FORALL, EXISTS, '\if', '\ifEx', 'true', 'false', '(', '{', '@', NOT, SEQARROW, '-', STRING_LITERAL, CHAR_LITERAL, BIN_LITERAL, HEX_LITERAL, IDENT, INT_LITERAL, FLOAT_LITERAL, DOUBLE_LITERAL, REAL_LITERAL}
line 208:27 extraneous input '(' expecting {'\lemma', '}', IDENT, '/*!'}
line 208:32 mismatched input '&' expecting {'(', '{'}
line 210:42 mismatched input '}' expecting {'(', '{'}
line 211:39 mismatched input '}' expecting {'(', '{'}
line 218:14 mismatched input '\ifExintVar' expecting {MODALITY, FORALL, EXISTS, '\if', '\ifEx', 'true', 'false', '(', '{', '@', NOT, SEQARROW, '-', STRING_LITERAL, CHAR_LITERAL, BIN_LITERAL, HEX_LITERAL, IDENT, INT_LITERAL, FLOAT_LITERAL, DOUBLE_LITERAL, REAL_LITERAL}
line 218:27 extraneous input '(' expecting {'\lemma', '}', IDENT, '/*!'}
line 218:31 mismatched input ')' expecting {'(', '{'}
line 220:44 mismatched input ')' expecting {'(', '{'}
line 225:14 mismatched input '\ifExintVar' expecting {MODALITY, FORALL, EXISTS, '\if', '\ifEx', 'true', 'false', '(', '{', '@', NOT, SEQARROW, '-', STRING_LITERAL, CHAR_LITERAL, BIN_LITERAL, HEX_LITERAL, IDENT, INT_LITERAL, FLOAT_LITERAL, DOUBLE_LITERAL, REAL_LITERAL}
line 225:27 extraneous input '(' expecting {'\lemma', '}', IDENT, '/*!'}
line 225:31 mismatched input ')' expecting {'(', '{'}
line 227:44 mismatched input ')' expecting {'(', '{'}
line 233:14 mismatched input '\ifExintVar' expecting {MODALITY, FORALL, EXISTS, '\if', '\ifEx', 'true', 'false', '(', '{', '@', NOT, SEQARROW, '-', STRING_LITERAL, CHAR_LITERAL, BIN_LITERAL, HEX_LITERAL, IDENT, INT_LITERAL, FLOAT_LITERAL, DOUBLE_LITERAL, REAL_LITERAL}
line 233:27 extraneous input '(' expecting {'\lemma', '}', IDENT, '/*!'}
line 233:31 mismatched input ')' expecting {'(', '{'}
line 237:42 mismatched input '}' expecting {'(', '{'}
line 238:34 mismatched input '}' expecting {'(', '{'}
line 239:28 extraneous input '(' expecting {'\lemma', '}', IDENT, '/*!'}
line 239:33 mismatched input '->' expecting {'(', '{'}
line 240:8 extraneous input '\replacewith' expecting {'\lemma', '}', IDENT, '/*!'}
line 240:25 mismatched input ')' expecting {'(', '{'}
line 240:56 mismatched input ')' expecting {'(', '{'}
line 245:14 mismatched input '\ifExintVar' expecting {MODALITY, FORALL, EXISTS, '\if', '\ifEx', 'true', 'false', '(', '{', '@', NOT, SEQARROW, '-', STRING_LITERAL, CHAR_LITERAL, BIN_LITERAL, HEX_LITERAL, IDENT, INT_LITERAL, FLOAT_LITERAL, DOUBLE_LITERAL, REAL_LITERAL}
line 245:27 extraneous input '(' expecting {'\lemma', '}', IDENT, '/*!'}
line 245:31 mismatched input ')' expecting {'(', '{'}
line 248:45 mismatched input '}' expecting {'(', '{'}
line 249:8 extraneous input '\replacewith' expecting {'\lemma', '}', IDENT, '/*!'}
line 249:38 mismatched input ')' expecting {'(', '{'}
line 250:42 mismatched input '}' expecting {'(', '{'}
line 251:28 extraneous input '(' expecting {'\lemma', '}', IDENT, '/*!'}
line 251:33 mismatched input '->' expecting {'(', '{'}
line 255:14 mismatched input '\ifExintVar' expecting {MODALITY, FORALL, EXISTS, '\if', '\ifEx', 'true', 'false', '(', '{', '@', NOT, SEQARROW, '-', STRING_LITERAL, CHAR_LITERAL, BIN_LITERAL, HEX_LITERAL, IDENT, INT_LITERAL, FLOAT_LITERAL, DOUBLE_LITERAL, REAL_LITERAL}
line 255:27 extraneous input '(' expecting {'\lemma', '}', IDENT, '/*!'}
line 255:31 mismatched input ')' expecting {'(', '{'}
line 258:52 extraneous input '0' expecting {'\lemma', '}', IDENT, '/*!'}
line 258:54 mismatched input 'then' expecting {<EOF>, '\problem', '\chooseContract', '\proofObligation', '\proof'}

	at de.uka.ilkd.key.util.parsing.SyntaxErrorReporter.throwException(SyntaxErrorReporter.java:89)

300531     WARN  Test worker     d.u.i.k.n.KeYParser       [syntax-error] file:/home/runner/work/key/key/key.core/build/resources/main/de/uka/ilkd/key/proof/rules/ifThenElseRules.key:135:14: mismatched input '\ifExintVar' expecting {MODALITY, FORALL, EXISTS, '\if', '\ifEx', 'true', 'false', '(', '{', '@', NOT, SEQARROW, '-', STRING_LITERAL, CHAR_LITERAL, BIN_LITERAL, HEX_LITERAL, IDENT, INT_LITERAL, FLOAT_LITERAL, DOUBLE_LITERAL, REAL_LITERAL} [@745,3563:3573='\ifExintVar',<188>,135:14] (termorseq, taclet, rulesOrAxioms, decls, file) 
300531     WARN  Test worker     d.u.i.k.n.KeYParser       [syntax-error] file:/home/runner/work/key/key/key.core/build/resources/main/de/uka/ilkd/key/proof/rules/ifThenElseRules.key:135:27: extraneous input '(' expecting {'\lemma', '}', IDENT, '/*!'} [@748,3576:3576='(',<146>,135:27] (rulesOrAxioms, decls, file) 
300531     WARN  Test worker     d.u.i.k.n.KeYParser       [syntax-error] file:/home/runner/work/key/key/key.core/build/resources/main/de/uka/ilkd/key/proof/rules/ifThenElseRules.key:135:44: mismatched input ')' expecting {'(', '{'} [@754,3593:3593=')',<147>,135:44] (taclet, rulesOrAxioms, decls, file) 
300531     WARN  Test worker     d.u.i.k.n.KeYParser       [syntax-error] file:/home/runner/work/key/key/key.core/build/resources/main/de/uka/ilkd/key/proof/rules/ifThenElseRules.key:141:14: mismatched input '\ifExintVar' expecting {MODALITY, FORALL, EXISTS, '\if', '\ifEx', 'true', 'false', '(', '{', '@', NOT, SEQARROW, '-', STRING_LITERAL, CHAR_LITERAL, BIN_LITERAL, HEX_LITERAL, IDENT, INT_LITERAL, FLOAT_LITERAL, DOUBLE_LITERAL, REAL_LITERAL} [@780,3716:3726='\ifExintVar',<188>,141:14] (termorseq, taclet, rulesOrAxioms, decls, file) 
300531     WARN  Test worker     d.u.i.k.n.KeYParser       [syntax-error] file:/home/runner/work/key/key/key.core/build/resources/main/de/uka/ilkd/key/proof/rules/ifThenElseRules.key:141:27: extraneous input '(' expecting {'\lemma', '}', IDENT, '/*!'} [@783,3729:3729='(',<146>,141:27] (rulesOrAxioms, decls, file) 
300531     WARN  Test worker     d.u.i.k.n.KeYParser       [syntax-error] file:/home/runner/work/key/key/key.core/build/resources/main/de/uka/ilkd/key/proof/rules/ifThenElseRules.key:141:41: mismatched input ')' expecting {'(', '{'} [@789,3743:3743=')',<147>,141:41] (taclet, rulesOrAxioms, decls, file) 
300531     WARN  Test worker     d.u.i.k.n.KeYParser       [syntax-error] file:/home/runner/work/key/key/key.core/build/resources/main/de/uka/ilkd/key/proof/rules/ifThenElseRules.key:148:14: mismatched input '\ifExintVar' expecting {MODALITY, FORALL, EXISTS, '\if', '\ifEx', 'true', 'false', '(', '{', '@', NOT, SEQARROW, '-', STRING_LITERAL, CHAR_LITERAL, BIN_LITERAL, HEX_LITERAL, IDENT, INT_LITERAL, FLOAT_LITERAL, DOUBLE_LITERAL, REAL_LITERAL} [@819,3896:3906='\ifExintVar',<188>,148:14] (termorseq, taclet, rulesOrAxioms, decls, file) 
300531     WARN  Test worker     d.u.i.k.n.KeYParser       [syntax-error] file:/home/runner/work/key/key/key.core/build/resources/main/de/uka/ilkd/key/proof/rules/ifThenElseRules.key:148:27: extraneous input '(' expecting {'\lemma', '}', IDENT, '/*!'} [@822,3909:3909='(',<146>,148:27] (rulesOrAxioms, decls, file) 
300531     WARN  Test worker     d.u.i.k.n.KeYParser       [syntax-error] file:/home/runner/work/key/key/key.core/build/resources/main/de/uka/ilkd/key/proof/rules/ifThenElseRules.key:148:35: mismatched input '=' expecting {'(', '{'} [@825,3917:3917='=',<159>,148:35] (taclet, rulesOrAxioms, decls, file) 
300531     WARN  Test worker     d.u.i.k.n.KeYParser       [syntax-error] file:/home/runner/work/key/key/key.core/build/resources/main/de/uka/ilkd/key/proof/rules/ifThenElseRules.key:150:38: mismatched input '}' expecting {'(', '{'} [@859,4023:4023='}',<149>,150:38] (taclet, rulesOrAxioms, decls, file) 
300532     WARN  Test worker     d.u.i.k.n.KeYParser       [syntax-error] file:/home/runner/work/key/key/key.core/build/resources/main/de/uka/ilkd/key/proof/rules/ifThenElseRules.key:155:14: mismatched input '\ifExintVar' expecting {MODALITY, FORALL, EXISTS, '\if', '\ifEx', 'true', 'false', '(', '{', '@', NOT, SEQARROW, '-', STRING_LITERAL, CHAR_LITERAL, BIN_LITERAL, HEX_LITERAL, IDENT, INT_LITERAL, FLOAT_LITERAL, DOUBLE_LITERAL, REAL_LITERAL} [@877,4109:4119='\ifExintVar',<188>,155:14] (termorseq, taclet, rulesOrAxioms, decls, file) 
300532     WARN  Test worker     d.u.i.k.n.KeYParser       [syntax-error] file:/home/runner/work/key/key/key.core/build/resources/main/de/uka/ilkd/key/proof/rules/ifThenElseRules.key:155:27: extraneous input '(' expecting {'\lemma', '}', IDENT, '/*!'} [@880,4122:4122='(',<146>,155:27] (rulesOrAxioms, decls, file) 
300532     WARN  Test worker     d.u.i.k.n.KeYParser       [syntax-error] file:/home/runner/work/key/key/key.core/build/resources/main/de/uka/ilkd/key/proof/rules/ifThenElseRules.key:155:35: mismatched input '=' expecting {'(', '{'} [@883,4130:4130='=',<159>,155:35] (taclet, rulesOrAxioms, decls, file) 
300532     WARN  Test worker     d.u.i.k.n.KeYParser       [syntax-error] file:/home/runner/work/key/key/key.core/build/resources/main/de/uka/ilkd/key/proof/rules/ifThenElseRules.key:157:38: mismatched input '}' expecting {'(', '{'} [@917,4230:4230='}',<149>,157:38] (taclet, rulesOrAxioms, decls, file) 
300532     WARN  Test worker     d.u.i.k.n.KeYParser       [syntax-error] file:/home/runner/work/key/key/key.core/build/resources/main/de/uka/ilkd/key/proof/rules/ifThenElseRules.key:163:14: mismatched input '\ifExintVar' expecting {MODALITY, FORALL, EXISTS, '\if', '\ifEx', 'true', 'false', '(', '{', '@', NOT, SEQARROW, '-', STRING_LITERAL, CHAR_LITERAL, BIN_LITERAL, HEX_LITERAL, IDENT, INT_LITERAL, FLOAT_LITERAL, DOUBLE_LITERAL, REAL_LITERAL} [@939,4350:4360='\ifExintVar',<188>,163:14] (termorseq, taclet, rulesOrAxioms, decls, file) 
300532     WARN  Test worker     d.u.i.k.n.KeYParser       [syntax-error] file:/home/runner/work/key/key/key.core/build/resources/main/de/uka/ilkd/key/proof/rules/ifThenElseRules.key:163:27: extraneous input '(' expecting {'\lemma', '}', IDENT, '/*!'} [@942,4363:4363='(',<146>,163:27] (rulesOrAxioms, decls, file) 
300532     WARN  Test worker     d.u.i.k.n.KeYParser       [syntax-error] file:/home/runner/work/key/key/key.core/build/resources/main/de/uka/ilkd/key/proof/rules/ifThenElseRules.key:163:30: mismatched input '=' expecting {'(', '{'} [@945,4366:4366='=',<159>,163:30] (taclet, rulesOrAxioms, decls, file) 
300532     WARN  Test worker     d.u.i.k.n.KeYParser       [syntax-error] file:/home/runner/work/key/key/key.core/build/resources/main/de/uka/ilkd/key/proof/rules/ifThenElseRules.key:165:38: mismatched input '}' expecting {'(', '{'} [@979,4477:4477='}',<149>,165:38] (taclet, rulesOrAxioms, decls, file) 
300532     WARN  Test worker     d.u.i.k.n.KeYParser       [syntax-error] file:/home/runner/work/key/key/key.core/build/resources/main/de/uka/ilkd/key/proof/rules/ifThenElseRules.key:171:14: mismatched input '\ifExintVar' expecting {MODALITY, FORALL, EXISTS, '\if', '\ifEx', 'true', 'false', '(', '{', '@', NOT, SEQARROW, '-', STRING_LITERAL, CHAR_LITERAL, BIN_LITERAL, HEX_LITERAL, IDENT, INT_LITERAL, FLOAT_LITERAL, DOUBLE_LITERAL, REAL_LITERAL} [@1001,4604:4614='\ifExintVar',<188>,171:14] (termorseq, taclet, rulesOrAxioms, decls, file) 
300532     WARN  Test worker     d.u.i.k.n.KeYParser       [syntax-error] file:/home/runner/work/key/key/key.core/build/resources/main/de/uka/ilkd/key/proof/rules/ifThenElseRules.key:171:27: extraneous input '(' expecting {'\lemma', '}', IDENT, '/*!'} [@1004,4617:4617='(',<146>,171:27] (rulesOrAxioms, decls, file) 
300532     WARN  Test worker     d.u.i.k.n.KeYParser       [syntax-error] file:/home/runner/work/key/key/key.core/build/resources/main/de/uka/ilkd/key/proof/rules/ifThenElseRules.key:171:30: mismatched input '=' expecting {'(', '{'} [@1007,4620:4620='=',<159>,171:30] (taclet, rulesOrAxioms, decls, file) 
300532     WARN  Test worker     d.u.i.k.n.KeYParser       [syntax-error] file:/home/runner/work/key/key/key.core/build/resources/main/de/uka/ilkd/key/proof/rules/ifThenElseRules.key:173:38: mismatched input '}' expecting {'(', '{'} [@1041,4725:4725='}',<149>,173:38] (taclet, rulesOrAxioms, decls, file) 
300532     WARN  Test worker     d.u.i.k.n.KeYParser       [syntax-error] file:/home/runner/work/key/key/key.core/build/resources/main/de/uka/ilkd/key/proof/rules/ifThenElseRules.key:179:14: mismatched input '\ifExintVar' expecting {MODALITY, FORALL, EXISTS, '\if', '\ifEx', 'true', 'false', '(', '{', '@', NOT, SEQARROW, '-', STRING_LITERAL, CHAR_LITERAL, BIN_LITERAL, HEX_LITERAL, IDENT, INT_LITERAL, FLOAT_LITERAL, DOUBLE_LITERAL, REAL_LITERAL} [@1063,4848:4858='\ifExintVar',<188>,179:14] (termorseq, taclet, rulesOrAxioms, decls, file) 
300532     WARN  Test worker     d.u.i.k.n.KeYParser       [syntax-error] file:/home/runner/work/key/key/key.core/build/resources/main/de/uka/ilkd/key/proof/rules/ifThenElseRules.key:179:27: extraneous input '(' expecting {'\lemma', '}', IDENT, '/*!'} [@1066,4861:4861='(',<146>,179:27] (rulesOrAxioms, decls, file) 
300532     WARN  Test worker     d.u.i.k.n.KeYParser       [syntax-error] file:/home/runner/work/key/key/key.core/build/resources/main/de/uka/ilkd/key/proof/rules/ifThenElseRules.key:179:32: mismatched input '&' expecting {'(', '{'} [@1069,4866:4866='&',<156>,179:32] (taclet, rulesOrAxioms, decls, file) 
300532     WARN  Test worker     d.u.i.k.n.KeYParser       [syntax-error] file:/home/runner/work/key/key/key.core/build/resources/main/de/uka/ilkd/key/proof/rules/ifThenElseRules.key:181:42: mismatched input '}' expecting {'(', '{'} [@1109,4985:4985='}',<149>,181:42] (taclet, rulesOrAxioms, decls, file) 
300532     WARN  Test worker     d.u.i.k.n.KeYParser       [syntax-error] file:/home/runner/work/key/key/key.core/build/resources/main/de/uka/ilkd/key/proof/rules/ifThenElseRules.key:182:39: mismatched input '}' expecting {'(', '{'} [@1122,5030:5030='}',<149>,182:39] (taclet, rulesOrAxioms, decls, file) 
300532     WARN  Test worker     d.u.i.k.n.KeYParser       [syntax-error] file:/home/runner/work/key/key/key.core/build/resources/main/de/uka/ilkd/key/proof/rules/ifThenElseRules.key:188:14: mismatched input '\ifExintVar' expecting {MODALITY, FORALL, EXISTS, '\if', '\ifEx', 'true', 'false', '(', '{', '@', NOT, SEQARROW, '-', STRING_LITERAL, CHAR_LITERAL, BIN_LITERAL, HEX_LITERAL, IDENT, INT_LITERAL, FLOAT_LITERAL, DOUBLE_LITERAL, REAL_LITERAL} [@1146,5149:5159='\ifExintVar',<188>,188:14] (termorseq, taclet, rulesOrAxioms, decls, file) 
300532     WARN  Test worker     d.u.i.k.n.KeYParser       [syntax-error] file:/home/runner/work/key/key/key.core/build/resources/main/de/uka/ilkd/key/proof/rules/ifThenElseRules.key:188:27: extraneous input '(' expecting {'\lemma', '}', IDENT, '/*!'} [@1149,5162:5162='(',<146>,188:27] (rulesOrAxioms, decls, file) 
300532     WARN  Test worker     d.u.i.k.n.KeYParser       [syntax-error] file:/home/runner/work/key/key/key.core/build/resources/main/de/uka/ilkd/key/proof/rules/ifThenElseRules.key:188:32: mismatched input '&' expecting {'(', '{'} [@1152,5167:5167='&',<156>,188:32] (taclet, rulesOrAxioms, decls, file) 
300532     WARN  Test worker     d.u.i.k.n.KeYParser       [syntax-error] file:/home/runner/work/key/key/key.core/build/resources/main/de/uka/ilkd/key/proof/rules/ifThenElseRules.key:190:42: mismatched input '}' expecting {'(', '{'} [@1192,5280:5280='}',<149>,190:42] (taclet, rulesOrAxioms, decls, file) 
300532     WARN  Test worker     d.u.i.k.n.KeYParser       [syntax-error] file:/home/runner/work/key/key/key.core/build/resources/main/de/uka/ilkd/key/proof/rules/ifThenElseRules.key:191:39: mismatched input '}' expecting {'(', '{'} [@1205,5325:5325='}',<149>,191:39] (taclet, rulesOrAxioms, decls, file) 
300532     WARN  Test worker     d.u.i.k.n.KeYParser       [syntax-error] file:/home/runner/work/key/key/key.core/build/resources/main/de/uka/ilkd/key/proof/rules/ifThenElseRules.key:198:14: mismatched input '\ifExintVar' expecting {MODALITY, FORALL, EXISTS, '\if', '\ifEx', 'true', 'false', '(', '{', '@', NOT, SEQARROW, '-', STRING_LITERAL, CHAR_LITERAL, BIN_LITERAL, HEX_LITERAL, IDENT, INT_LITERAL, FLOAT_LITERAL, DOUBLE_LITERAL, REAL_LITERAL} [@1233,5475:5485='\ifExintVar',<188>,198:14] (termorseq, taclet, rulesOrAxioms, decls, file) 
300532     WARN  Test worker     d.u.i.k.n.KeYParser       [syntax-error] file:/home/runner/work/key/key/key.core/build/resources/main/de/uka/ilkd/key/proof/rules/ifThenElseRules.key:198:27: extraneous input '(' expecting {'\lemma', '}', IDENT, '/*!'} [@1236,5488:5488='(',<146>,198:27] (rulesOrAxioms, decls, file) 
300532     WARN  Test worker     d.u.i.k.n.KeYParser       [syntax-error] file:/home/runner/work/key/key/key.core/build/resources/main/de/uka/ilkd/key/proof/rules/ifThenElseRules.key:198:32: mismatched input '&' expecting {'(', '{'} [@1239,5493:5493='&',<156>,198:32] (taclet, rulesOrAxioms, decls, file) 
300532     WARN  Test worker     d.u.i.k.n.KeYParser       [syntax-error] file:/home/runner/work/key/key/key.core/build/resources/main/de/uka/ilkd/key/proof/rules/ifThenElseRules.key:200:42: mismatched input '}' expecting {'(', '{'} [@1279,5612:5612='}',<149>,200:42] (taclet, rulesOrAxioms, decls, file) 
300532     WARN  Test worker     d.u.i.k.n.KeYParser       [syntax-error] file:/home/runner/work/key/key/key.core/build/resources/main/de/uka/ilkd/key/proof/rules/ifThenElseRules.key:201:39: mismatched input '}' expecting {'(', '{'} [@1292,5657:5657='}',<149>,201:39] (taclet, rulesOrAxioms, decls, file) 
300532     WARN  Test worker     d.u.i.k.n.KeYParser       [syntax-error] file:/home/runner/work/key/key/key.core/build/resources/main/de/uka/ilkd/key/proof/rules/ifThenElseRules.key:208:14: mismatched input '\ifExintVar' expecting {MODALITY, FORALL, EXISTS, '\if', '\ifEx', 'true', 'false', '(', '{', '@', NOT, SEQARROW, '-', STRING_LITERAL, CHAR_LITERAL, BIN_LITERAL, HEX_LITERAL, IDENT, INT_LITERAL, FLOAT_LITERAL, DOUBLE_LITERAL, REAL_LITERAL} [@1320,5817:5827='\ifExintVar',<188>,208:14] (termorseq, taclet, rulesOrAxioms, decls, file) 
300532     WARN  Test worker     d.u.i.k.n.KeYParser       [syntax-error] file:/home/runner/work/key/key/key.core/build/resources/main/de/uka/ilkd/key/proof/rules/ifThenElseRules.key:208:27: extraneous input '(' expecting {'\lemma', '}', IDENT, '/*!'} [@1323,5830:5830='(',<146>,208:27] (rulesOrAxioms, decls, file) 
300532     WARN  Test worker     d.u.i.k.n.KeYParser       [syntax-error] file:/home/runner/work/key/key/key.core/build/resources/main/de/uka/ilkd/key/proof/rules/ifThenElseRules.key:208:32: mismatched input '&' expecting {'(', '{'} [@1326,5835:5835='&',<156>,208:32] (taclet, rulesOrAxioms, decls, file) 
300532     WARN  Test worker     d.u.i.k.n.KeYParser       [syntax-error] file:/home/runner/work/key/key/key.core/build/resources/main/de/uka/ilkd/key/proof/rules/ifThenElseRules.key:210:42: mismatched input '}' expecting {'(', '{'} [@1366,5948:5948='}',<149>,210:42] (taclet, rulesOrAxioms, decls, file) 
300532     WARN  Test worker     d.u.i.k.n.KeYParser       [syntax-error] file:/home/runner/work/key/key/key.core/build/resources/main/de/uka/ilkd/key/proof/rules/ifThenElseRules.key:211:39: mismatched input '}' expecting {'(', '{'} [@1379,5993:5993='}',<149>,211:39] (taclet, rulesOrAxioms, decls, file) 
300532     WARN  Test worker     d.u.i.k.n.KeYParser       [syntax-error] file:/home/runner/work/key/key/key.core/build/resources/main/de/uka/ilkd/key/proof/rules/ifThenElseRules.key:218:14: mismatched input '\ifExintVar' expecting {MODALITY, FORALL, EXISTS, '\if', '\ifEx', 'true', 'false', '(', '{', '@', NOT, SEQARROW, '-', STRING_LITERAL, CHAR_LITERAL, BIN_LITERAL, HEX_LITERAL, IDENT, INT_LITERAL, FLOAT_LITERAL, DOUBLE_LITERAL, REAL_LITERAL} [@1407,6146:6156='\ifExintVar',<188>,218:14] (termorseq, taclet, rulesOrAxioms, decls, file) 
300532     WARN  Test worker     d.u.i.k.n.KeYParser       [syntax-error] file:/home/runner/work/key/key/key.core/build/resources/main/de/uka/ilkd/key/proof/rules/ifThenElseRules.key:218:27: extraneous input '(' expecting {'\lemma', '}', IDENT, '/*!'} [@1410,6159:6159='(',<146>,218:27] (rulesOrAxioms, decls, file) 
300532     WARN  Test worker     d.u.i.k.n.KeYParser       [syntax-error] file:/home/runner/work/key/key/key.core/build/resources/main/de/uka/ilkd/key/proof/rules/ifThenElseRules.key:218:31: mismatched input ')' expecting {'(', '{'} [@1412,6163:6163=')',<147>,218:31] (taclet, rulesOrAxioms, decls, file) 
300532     WARN  Test worker     d.u.i.k.n.KeYParser       [syntax-error] file:/home/runner/work/key/key/key.core/build/resources/main/de/uka/ilkd/key/proof/rules/ifThenElseRules.key:220:44: mismatched input ')' expecting {'(', '{'} [@1444,6275:6275=')',<147>,220:44] (taclet, rulesOrAxioms, decls, file) 
300532     WARN  Test worker     d.u.i.k.n.KeYParser       [syntax-error] file:/home/runner/work/key/key/key.core/build/resources/main/de/uka/ilkd/key/proof/rules/ifThenElseRules.key:225:14: mismatched input '\ifExintVar' expecting {MODALITY, FORALL, EXISTS, '\if', '\ifEx', 'true', 'false', '(', '{', '@', NOT, SEQARROW, '-', STRING_LITERAL, CHAR_LITERAL, BIN_LITERAL, HEX_LITERAL, IDENT, INT_LITERAL, FLOAT_LITERAL, DOUBLE_LITERAL, REAL_LITERAL} [@1471,6389:6399='\ifExintVar',<188>,225:14] (termorseq, taclet, rulesOrAxioms, decls, file) 
300532     WARN  Test worker     d.u.i.k.n.KeYParser       [syntax-error] file:/home/runner/work/key/key/key.core/build/resources/main/de/uka/ilkd/key/proof/rules/ifThenElseRules.key:225:27: extraneous input '(' expecting {'\lemma', '}', IDENT, '/*!'} [@1474,6402:6402='(',<146>,225:27] (rulesOrAxioms, decls, file) 
300532     WARN  Test worker     d.u.i.k.n.KeYParser       [syntax-error] file:/home/runner/work/key/key/key.core/build/resources/main/de/uka/ilkd/key/proof/rules/ifThenElseRules.key:225:31: mismatched input ')' expecting {'(', '{'} [@1476,6406:6406=')',<147>,225:31] (taclet, rulesOrAxioms, decls, file) 
300532     WARN  Test worker     d.u.i.k.n.KeYParser       [syntax-error] file:/home/runner/work/key/key/key.core/build/resources/main/de/uka/ilkd/key/proof/rules/ifThenElseRules.key:227:44: mismatched input ')' expecting {'(', '{'} [@1508,6509:6509=')',<147>,227:44] (taclet, rulesOrAxioms, decls, file) 
300532     WARN  Test worker     d.u.i.k.n.KeYParser       [syntax-error] file:/home/runner/work/key/key/key.core/build/resources/main/de/uka/ilkd/key/proof/rules/ifThenElseRules.key:233:14: mismatched input '\ifExintVar' expecting {MODALITY, FORALL, EXISTS, '\if', '\ifEx', 'true', 'false', '(', '{', '@', NOT, SEQARROW, '-', STRING_LITERAL, CHAR_LITERAL, BIN_LITERAL, HEX_LITERAL, IDENT, INT_LITERAL, FLOAT_LITERAL, DOUBLE_LITERAL, REAL_LITERAL} [@1539,6656:6666='\ifExintVar',<188>,233:14] (termorseq, taclet, rulesOrAxioms, decls, file) 
300533     WARN  Test worker     d.u.i.k.n.KeYParser       [syntax-error] file:/home/runner/work/key/key/key.core/build/resources/main/de/uka/ilkd/key/proof/rules/ifThenElseRules.key:233:27: extraneous input '(' expecting {'\lemma', '}', IDENT, '/*!'} [@1542,6669:6669='(',<146>,233:27] (rulesOrAxioms, decls, file) 
300533     WARN  Test worker     d.u.i.k.n.KeYParser       [syntax-error] file:/home/runner/work/key/key/key.core/build/resources/main/de/uka/ilkd/key/proof/rules/ifThenElseRules.key:233:31: mismatched input ')' expecting {'(', '{'} [@1544,6673:6673=')',<147>,233:31] (taclet, rulesOrAxioms, decls, file) 
300533     WARN  Test worker     d.u.i.k.n.KeYParser       [syntax-error] file:/home/runner/work/key/key/key.core/build/resources/main/de/uka/ilkd/key/proof/rules/ifThenElseRules.key:237:42: mismatched input '}' expecting {'(', '{'} [@1586,6850:6850='}',<149>,237:42] (taclet, rulesOrAxioms, decls, file) 
300533     WARN  Test worker     d.u.i.k.n.KeYParser       [syntax-error] file:/home/runner/work/key/key/key.core/build/resources/main/de/uka/ilkd/key/proof/rules/ifThenElseRules.key:238:34: mismatched input '}' expecting {'(', '{'} [@1599,6891:6891='}',<149>,238:34] (taclet, rulesOrAxioms, decls, file) 
300533     WARN  Test worker     d.u.i.k.n.KeYParser       [syntax-error] file:/home/runner/work/key/key/key.core/build/resources/main/de/uka/ilkd/key/proof/rules/ifThenElseRules.key:239:28: extraneous input '(' expecting {'\lemma', '}', IDENT, '/*!'} [@1608,6925:6925='(',<146>,239:28] (rulesOrAxioms, decls, file) 
300533     WARN  Test worker     d.u.i.k.n.KeYParser       [syntax-error] file:/home/runner/work/key/key/key.core/build/resources/main/de/uka/ilkd/key/proof/rules/ifThenElseRules.key:239:33: mismatched input '->' expecting {'(', '{'} [@1611,6930:6931='->',<158>,239:33] (taclet, rulesOrAxioms, decls, file) 
300533     WARN  Test worker     d.u.i.k.n.KeYParser       [syntax-error] file:/home/runner/work/key/key/key.core/build/resources/main/de/uka/ilkd/key/proof/rules/ifThenElseRules.key:240:8: extraneous input '\replacewith' expecting {'\lemma', '}', IDENT, '/*!'} [@1626,6979:6990='\replacewith',<105>,240:8] (rulesOrAxioms, decls, file) 
300533     WARN  Test worker     d.u.i.k.n.KeYParser       [syntax-error] file:/home/runner/work/key/key/key.core/build/resources/main/de/uka/ilkd/key/proof/rules/ifThenElseRules.key:240:25: mismatched input ')' expecting {'(', '{'} [@1629,6996:6996=')',<147>,240:25] (taclet, rulesOrAxioms, decls, file) 
300533     WARN  Test worker     d.u.i.k.n.KeYParser       [syntax-error] file:/home/runner/work/key/key/key.core/build/resources/main/de/uka/ilkd/key/proof/rules/ifThenElseRules.key:240:56: mismatched input ')' expecting {'(', '{'} [@1642,7027:7027=')',<147>,240:56] (taclet, rulesOrAxioms, decls, file) 
300533     WARN  Test worker     d.u.i.k.n.KeYParser       [syntax-error] file:/home/runner/work/key/key/key.core/build/resources/main/de/uka/ilkd/key/proof/rules/ifThenElseRules.key:245:14: mismatched input '\ifExintVar' expecting {MODALITY, FORALL, EXISTS, '\if', '\ifEx', 'true', 'false', '(', '{', '@', NOT, SEQARROW, '-', STRING_LITERAL, CHAR_LITERAL, BIN_LITERAL, HEX_LITERAL, IDENT, INT_LITERAL, FLOAT_LITERAL, DOUBLE_LITERAL, REAL_LITERAL} [@1658,7109:7119='\ifExintVar',<188>,245:14] (termorseq, taclet, rulesOrAxioms, decls, file) 
300533     WARN  Test worker     d.u.i.k.n.KeYParser       [syntax-error] file:/home/runner/work/key/key/key.core/build/resources/main/de/uka/ilkd/key/proof/rules/ifThenElseRules.key:245:27: extraneous input '(' expecting {'\lemma', '}', IDENT, '/*!'} [@1661,7122:7122='(',<146>,245:27] (rulesOrAxioms, decls, file) 
300533     WARN  Test worker     d.u.i.k.n.KeYParser       [syntax-error] file:/home/runner/work/key/key/key.core/build/resources/main/de/uka/ilkd/key/proof/rules/ifThenElseRules.key:245:31: mismatched input ')' expecting {'(', '{'} [@1663,7126:7126=')',<147>,245:31] (taclet, rulesOrAxioms, decls, file) 
300533     WARN  Test worker     d.u.i.k.n.KeYParser       [syntax-error] file:/home/runner/work/key/key/key.core/build/resources/main/de/uka/ilkd/key/proof/rules/ifThenElseRules.key:248:45: mismatched input '}' expecting {'(', '{'} [@1696,7268:7268='}',<149>,248:45] (taclet, rulesOrAxioms, decls, file) 
300533     WARN  Test worker     d.u.i.k.n.KeYParser       [syntax-error] file:/home/runner/work/key/key/key.core/build/resources/main/de/uka/ilkd/key/proof/rules/ifThenElseRules.key:249:8: extraneous input '\replacewith' expecting {'\lemma', '}', IDENT, '/*!'} [@1701,7284:7295='\replacewith',<105>,249:8] (rulesOrAxioms, decls, file) 
300533     WARN  Test worker     d.u.i.k.n.KeYParser       [syntax-error] file:/home/runner/work/key/key/key.core/build/resources/main/de/uka/ilkd/key/proof/rules/ifThenElseRules.key:249:38: mismatched input ')' expecting {'(', '{'} [@1708,7314:7314=')',<147>,249:38] (taclet, rulesOrAxioms, decls, file) 
300533     WARN  Test worker     d.u.i.k.n.KeYParser       [syntax-error] file:/home/runner/work/key/key/key.core/build/resources/main/de/uka/ilkd/key/proof/rules/ifThenElseRules.key:250:42: mismatched input '}' expecting {'(', '{'} [@1731,7381:7381='}',<149>,250:42] (taclet, rulesOrAxioms, decls, file) 
300533     WARN  Test worker     d.u.i.k.n.KeYParser       [syntax-error] file:/home/runner/work/key/key/key.core/build/resources/main/de/uka/ilkd/key/proof/rules/ifThenElseRules.key:251:28: extraneous input '(' expecting {'\lemma', '}', IDENT, '/*!'} [@1741,7416:7416='(',<146>,251:28] (rulesOrAxioms, decls, file) 
300533     WARN  Test worker     d.u.i.k.n.KeYParser       [syntax-error] file:/home/runner/work/key/key/key.core/build/resources/main/de/uka/ilkd/key/proof/rules/ifThenElseRules.key:251:33: mismatched input '->' expecting {'(', '{'} [@1744,7421:7422='->',<158>,251:33] (taclet, rulesOrAxioms, decls, file) 
300533     WARN  Test worker     d.u.i.k.n.KeYParser       [syntax-error] file:/home/runner/work/key/key/key.core/build/resources/main/de/uka/ilkd/key/proof/rules/ifThenElseRules.key:255:14: mismatched input '\ifExintVar' expecting {MODALITY, FORALL, EXISTS, '\if', '\ifEx', 'true', 'false', '(', '{', '@', NOT, SEQARROW, '-', STRING_LITERAL, CHAR_LITERAL, BIN_LITERAL, HEX_LITERAL, IDENT, INT_LITERAL, FLOAT_LITERAL, DOUBLE_LITERAL, REAL_LITERAL} [@1765,7506:7516='\ifExintVar',<188>,255:14] (termorseq, taclet, rulesOrAxioms, decls, file) 
300533     WARN  Test worker     d.u.i.k.n.KeYParser       [syntax-error] file:/home/runner/work/key/key/key.core/build/resources/main/de/uka/ilkd/key/proof/rules/ifThenElseRules.key:255:27: extraneous input '(' expecting {'\lemma', '}', IDENT, '/*!'} [@1768,7519:7519='(',<146>,255:27] (rulesOrAxioms, decls, file) 
300533     WARN  Test worker     d.u.i.k.n.KeYParser       [syntax-error] file:/home/runner/work/key/key/key.core/build/resources/main/de/uka/ilkd/key/proof/rules/ifThenElseRules.key:255:31: mismatched input ')' expecting {'(', '{'} [@1770,7523:7523=')',<147>,255:31] (taclet, rulesOrAxioms, decls, file) 
300533     WARN  Test worker     d.u.i.k.n.KeYParser       [syntax-error] file:/home/runner/work/key/key/key.core/build/resources/main/de/uka/ilkd/key/proof/rules/ifThenElseRules.key:258:52: extraneous input '0' expecting {'\lemma', '}', IDENT, '/*!'} [@1809,7667:7667='0',<184>,258:52] (rulesOrAxioms, decls, file) 
300533     WARN  Test worker     d.u.i.k.n.KeYParser       [syntax-error] file:/home/runner/work/key/key/key.core/build/resources/main/de/uka/ilkd/key/proof/rules/ifThenElseRules.key:258:54: mismatched input 'then' expecting {<EOF>, '\problem', '\chooseContract', '\proofObligation', '\proof'} [@1811,7669:7672='then',<183>,258:54] (file) 
300533     ERROR Test worker     d.u.i.k.s.n.MasterHandlerTest Error reading /home/runner/work/key/key/key.core/build/resources/test/de/uka/ilkd/key/smt/newsmt2/cases/cast1.props de.uka.ilkd.key.proof.io.ProblemLoaderException: line 135:14 mismatched input '\ifExintVar' expecting {MODALITY, FORALL, EXISTS, '\if', '\ifEx', 'true', 'false', '(', '{', '@', NOT, SEQARROW, '-', STRING_LITERAL, CHAR_LITERAL, BIN_LITERAL, HEX_LITERAL, IDENT, INT_LITERAL, FLOAT_LITERAL, DOUBLE_LITERAL, REAL_LITERAL}
line 135:27 extraneous input '(' expecting {'\lemma', '}', IDENT, '/*!'}
line 135:44 mismatched input ')' expecting {'(', '{'}
line 141:14 mismatched input '\ifExintVar' expecting {MODALITY, FORALL, EXISTS, '\if', '\ifEx', 'true', 'false', '(', '{', '@', NOT, SEQARROW, '-', STRING_LITERAL, CHAR_LITERAL, BIN_LITERAL, HEX_LITERAL, IDENT, INT_LITERAL, FLOAT_LITERAL, DOUBLE_LITERAL, REAL_LITERAL}
line 141:27 extraneous input '(' expecting {'\lemma', '}', IDENT, '/*!'}
line 141:41 mismatched input ')' expecting {'(', '{'}
line 148:14 mismatched input '\ifExintVar' expecting {MODALITY, FORALL, EXISTS, '\if', '\ifEx', 'true', 'false', '(', '{', '@', NOT, SEQARROW, '-', STRING_LITERAL, CHAR_LITERAL, BIN_LITERAL, HEX_LITERAL, IDENT, INT_LITERAL, FLOAT_LITERAL, DOUBLE_LITERAL, REAL_LITERAL}
line 148:27 extraneous input '(' expecting {'\lemma', '}', IDENT, '/*!'}
line 148:35 mismatched input '=' expecting {'(', '{'}
line 150:38 mismatched input '}' expecting {'(', '{'}
line 155:14 mismatched input '\ifExintVar' expecting {MODALITY, FORALL, EXISTS, '\if', '\ifEx', 'true', 'false', '(', '{', '@', NOT, SEQARROW, '-', STRING_LITERAL, CHAR_LITERAL, BIN_LITERAL, HEX_LITERAL, IDENT, INT_LITERAL, FLOAT_LITERAL, DOUBLE_LITERAL, REAL_LITERAL}
line 155:27 extraneous input '(' expecting {'\lemma', '}', IDENT, '/*!'}
line 155:35 mismatched input '=' expecting {'(', '{'}
line 157:38 mismatched input '}' expecting {'(', '{'}
line 163:14 mismatched input '\ifExintVar' expecting {MODALITY, FORALL, EXISTS, '\if', '\ifEx', 'true', 'false', '(', '{', '@', NOT, SEQARROW, '-', STRING_LITERAL, CHAR_LITERAL, BIN_LITERAL, HEX_LITERAL, IDENT, INT_LITERAL, FLOAT_LITERAL, DOUBLE_LITERAL, REAL_LITERAL}
line 163:27 extraneous input '(' expecting {'\lemma', '}', IDENT, '/*!'}
line 163:30 mismatched input '=' expecting {'(', '{'}
line 165:38 mismatched input '}' expecting {'(', '{'}
line 171:14 mismatched input '\ifExintVar' expecting {MODALITY, FORALL, EXISTS, '\if', '\ifEx', 'true', 'false', '(', '{', '@', NOT, SEQARROW, '-', STRING_LITERAL, CHAR_LITERAL, BIN_LITERAL, HEX_LITERAL, IDENT, INT_LITERAL, FLOAT_LITERAL, DOUBLE_LITERAL, REAL_LITERAL}
line 171:27 extraneous input '(' expecting {'\lemma', '}', IDENT, '/*!'}
line 171:30 mismatched input '=' expecting {'(', '{'}
line 173:38 mismatched input '}' expecting {'(', '{'}
line 179:14 mismatched input '\ifExintVar' expecting {MODALITY, FORALL, EXISTS, '\if', '\ifEx', 'true', 'false', '(', '{', '@', NOT, SEQARROW, '-', STRING_LITERAL, CHAR_LITERAL, BIN_LITERAL, HEX_LITERAL, IDENT, INT_LITERAL, FLOAT_LITERAL, DOUBLE_LITERAL, REAL_LITERAL}
line 179:27 extraneous input '(' expecting {'\lemma', '}', IDENT, '/*!'}
line 179:32 mismatched input '&' expecting {'(', '{'}
line 181:42 mismatched input '}' expecting {'(', '{'}
line 182:39 mismatched input '}' expecting {'(', '{'}
line 188:14 mismatched input '\ifExintVar' expecting {MODALITY, FORALL, EXISTS, '\if', '\ifEx', 'true', 'false', '(', '{', '@', NOT, SEQARROW, '-', STRING_LITERAL, CHAR_LITERAL, BIN_LITERAL, HEX_LITERAL, IDENT, INT_LITERAL, FLOAT_LITERAL, DOUBLE_LITERAL, REAL_LITERAL}
line 188:27 extraneous input '(' expecting {'\lemma', '}', IDENT, '/*!'}
line 188:32 mismatched input '&' expecting {'(', '{'}
line 190:42 mismatched input '}' expecting {'(', '{'}
line 191:39 mismatched input '}' expecting {'(', '{'}
line 198:14 mismatched input '\ifExintVar' expecting {MODALITY, FORALL, EXISTS, '\if', '\ifEx', 'true', 'false', '(', '{', '@', NOT, SEQARROW, '-', STRING_LITERAL, CHAR_LITERAL, BIN_LITERAL, HEX_LITERAL, IDENT, INT_LITERAL, FLOAT_LITERAL, DOUBLE_LITERAL, REAL_LITERAL}
line 198:27 extraneous input '(' expecting {'\lemma', '}', IDENT, '/*!'}
line 198:32 mismatched input '&' expecting {'(', '{'}
line 200:42 mismatched input '}' expecting {'(', '{'}
line 201:39 mismatched input '}' expecting {'(', '{'}
line 208:14 mismatched input '\ifExintVar' expecting {MODALITY, FORALL, EXISTS, '\if', '\ifEx', 'true', 'false', '(', '{', '@', NOT, SEQARROW, '-', STRING_LITERAL, CHAR_LITERAL, BIN_LITERAL, HEX_LITERAL, IDENT, INT_LITERAL, FLOAT_LITERAL, DOUBLE_LITERAL, REAL_LITERAL}
line 208:27 extraneous input '(' expecting {'\lemma', '}', IDENT, '/*!'}
line 208:32 mismatched input '&' expecting {'(', '{'}
line 210:42 mismatched input '}' expecting {'(', '{'}
line 211:39 mismatched input '}' expecting {'(', '{'}
line 218:14 mismatched input '\ifExintVar' expecting {MODALITY, FORALL, EXISTS, '\if', '\ifEx', 'true', 'false', '(', '{', '@', NOT, SEQARROW, '-', STRING_LITERAL, CHAR_LITERAL, BIN_LITERAL, HEX_LITERAL, IDENT, INT_LITERAL, FLOAT_LITERAL, DOUBLE_LITERAL, REAL_LITERAL}
line 218:27 extraneous input '(' expecting {'\lemma', '}', IDENT, '/*!'}
line 218:31 mismatched input ')' expecting {'(', '{'}
line 220:44 mismatched input ')' expecting {'(', '{'}
line 225:14 mismatched input '\ifExintVar' expecting {MODALITY, FORALL, EXISTS, '\if', '\ifEx', 'true', 'false', '(', '{', '@', NOT, SEQARROW, '-', STRING_LITERAL, CHAR_LITERAL, BIN_LITERAL, HEX_LITERAL, IDENT, INT_LITERAL, FLOAT_LITERAL, DOUBLE_LITERAL, REAL_LITERAL}
line 225:27 extraneous input '(' expecting {'\lemma', '}', IDENT, '/*!'}
line 225:31 mismatched input ')' expecting {'(', '{'}
line 227:44 mismatched input ')' expecting {'(', '{'}
line 233:14 mismatched input '\ifExintVar' expecting {MODALITY, FORALL, EXISTS, '\if', '\ifEx', 'true', 'false', '(', '{', '@', NOT, SEQARROW, '-', STRING_LITERAL, CHAR_LITERAL, BIN_LITERAL, HEX_LITERAL, IDENT, INT_LITERAL, FLOAT_LITERAL, DOUBLE_LITERAL, REAL_LITERAL}
line 233:27 extraneous input '(' expecting {'\lemma', '}', IDENT, '/*!'}
line 233:31 mismatched input ')' expecting {'(', '{'}
line 237:42 mismatched input '}' expecting {'(', '{'}
line 238:34 mismatched input '}' expecting {'(', '{'}
line 239:28 extraneous input '(' expecting {'\lemma', '}', IDENT, '/*!'}
line 239:33 mismatched input '->' expecting {'(', '{'}
line 240:8 extraneous input '\replacewith' expecting {'\lemma', '}', IDENT, '/*!'}
line 240:25 mismatched input ')' expecting {'(', '{'}
line 240:56 mismatched input ')' expecting {'(', '{'}
line 245:14 mismatched input '\ifExintVar' expecting {MODALITY, FORALL, EXISTS, '\if', '\ifEx', 'true', 'false', '(', '{', '@', NOT, SEQARROW, '-', STRING_LITERAL, CHAR_LITERAL, BIN_LITERAL, HEX_LITERAL, IDENT, INT_LITERAL, FLOAT_LITERAL, DOUBLE_LITERAL, REAL_LITERAL}
line 245:27 extraneous input '(' expecting {'\lemma', '}', IDENT, '/*!'}
line 245:31 mismatched input ')' expecting {'(', '{'}
line 248:45 mismatched input '}' expecting {'(', '{'}
line 249:8 extraneous input '\replacewith' expecting {'\lemma', '}', IDENT, '/*!'}
line 249:38 mismatched input ')' expecting {'(', '{'}
line 250:42 mismatched input '}' expecting {'(', '{'}
line 251:28 extraneous input '(' expecting {'\lemma', '}', IDENT, '/*!'}
line 251:33 mismatched input '->' expecting {'(', '{'}
line 255:14 mismatched input '\ifExintVar' expecting {MODALITY, FORALL, EXISTS, '\if', '\ifEx', 'true', 'false', '(', '{', '@', NOT, SEQARROW, '-', STRING_LITERAL, CHAR_LITERAL, BIN_LITERAL, HEX_LITERAL, IDENT, INT_LITERAL, FLOAT_LITERAL, DOUBLE_LITERAL, REAL_LITERAL}
line 255:27 extraneous input '(' expecting {'\lemma', '}', IDENT, '/*!'}
line 255:31 mismatched input ')' expecting {'(', '{'}
line 258:52 extraneous input '0' expecting {'\lemma', '}', IDENT, '/*!'}
line 258:54 mismatched input 'then' expecting {<EOF>, '\problem', '\chooseContract', '\proofObligation', '\proof'}

	at de.uka.ilkd.key.control.AbstractUserInterfaceControl.load(AbstractUserInterfaceControl.java:221)
Caused by: de.uka.ilkd.key.proof.init.ProofInputException: line 135:14 mismatched input '\ifExintVar' expecting {MODALITY, FORALL, EXISTS, '\if', '\ifEx', 'true', 'false', '(', '{', '@', NOT, SEQARROW, '-', STRING_LITERAL, CHAR_LITERAL, BIN_LITERAL, HEX_LITERAL, IDENT, INT_LITERAL, FLOAT_LITERAL, DOUBLE_LITERAL, REAL_LITERAL}
line 135:27 extraneous input '(' expecting {'\lemma', '}', IDENT, '/*!'}
line 135:44 mismatched input ')' expecting {'(', '{'}
line 141:14 mismatched input '\ifExintVar' expecting {MODALITY, FORALL, EXISTS, '\if', '\ifEx', 'true', 'false', '(', '{', '@', NOT, SEQARROW, '-', STRING_LITERAL, CHAR_LITERAL, BIN_LITERAL, HEX_LITERAL, IDENT, INT_LITERAL, FLOAT_LITERAL, DOUBLE_LITERAL, REAL_LITERAL}
line 141:27 extraneous input '(' expecting {'\lemma', '}', IDENT, '/*!'}
line 141:41 mismatched input ')' expecting {'(', '{'}
line 148:14 mismatched input '\ifExintVar' expecting {MODALITY, FORALL, EXISTS, '\if', '\ifEx', 'true', 'false', '(', '{', '@', NOT, SEQARROW, '-', STRING_LITERAL, CHAR_LITERAL, BIN_LITERAL, HEX_LITERAL, IDENT, INT_LITERAL, FLOAT_LITERAL, DOUBLE_LITERAL, REAL_LITERAL}
line 148:27 extraneous input '(' expecting {'\lemma', '}', IDENT, '/*!'}
line 148:35 mismatched input '=' expecting {'(', '{'}
line 150:38 mismatched input '}' expecting {'(', '{'}
line 155:14 mismatched input '\ifExintVar' expecting {MODALITY, FORALL, EXISTS, '\if', '\ifEx', 'true', 'false', '(', '{', '@', NOT, SEQARROW, '-', STRING_LITERAL, CHAR_LITERAL, BIN_LITERAL, HEX_LITERAL, IDENT, INT_LITERAL, FLOAT_LITERAL, DOUBLE_LITERAL, REAL_LITERAL}
line 155:27 extraneous input '(' expecting {'\lemma', '}', IDENT, '/*!'}
line 155:35 mismatched input '=' expecting {'(', '{'}
line 157:38 mismatched input '}' expecting {'(', '{'}
line 163:14 mismatched input '\ifExintVar' expecting {MODALITY, FORALL, EXISTS, '\if', '\ifEx', 'true', 'false', '(', '{', '@', NOT, SEQARROW, '-', STRING_LITERAL, CHAR_LITERAL, BIN_LITERAL, HEX_LITERAL, IDENT, INT_LITERAL, FLOAT_LITERAL, DOUBLE_LITERAL, REAL_LITERAL}
line 163:27 extraneous input '(' expecting {'\lemma', '}', IDENT, '/*!'}
line 163:30 mismatched input '=' expecting {'(', '{'}
line 165:38 mismatched input '}' expecting {'(', '{'}
line 171:14 mismatched input '\ifExintVar' expecting {MODALITY, FORALL, EXISTS, '\if', '\ifEx', 'true', 'false', '(', '{', '@', NOT, SEQARROW, '-', STRING_LITERAL, CHAR_LITERAL, BIN_LITERAL, HEX_LITERAL, IDENT, INT_LITERAL, FLOAT_LITERAL, DOUBLE_LITERAL, REAL_LITERAL}
line 171:27 extraneous input '(' expecting {'\lemma', '}', IDENT, '/*!'}
line 171:30 mismatched input '=' expecting {'(', '{'}
line 173:38 mismatched input '}' expecting {'(', '{'}
line 179:14 mismatched input '\ifExintVar' expecting {MODALITY, FORALL, EXISTS, '\if', '\ifEx', 'true', 'false', '(', '{', '@', NOT, SEQARROW, '-', STRING_LITERAL, CHAR_LITERAL, BIN_LITERAL, HEX_LITERAL, IDENT, INT_LITERAL, FLOAT_LITERAL, DOUBLE_LITERAL, REAL_LITERAL}
line 179:27 extraneous input '(' expecting {'\lemma', '}', IDENT, '/*!'}
line 179:32 mismatched input '&' expecting {'(', '{'}
line 181:42 mismatched input '}' expecting {'(', '{'}
line 182:39 mismatched input '}' expecting {'(', '{'}
line 188:14 mismatched input '\ifExintVar' expecting {MODALITY, FORALL, EXISTS, '\if', '\ifEx', 'true', 'false', '(', '{', '@', NOT, SEQARROW, '-', STRING_LITERAL, CHAR_LITERAL, BIN_LITERAL, HEX_LITERAL, IDENT, INT_LITERAL, FLOAT_LITERAL, DOUBLE_LITERAL, REAL_LITERAL}
line 188:27 extraneous input '(' expecting {'\lemma', '}', IDENT, '/*!'}
line 188:32 mismatched input '&' expecting {'(', '{'}
line 190:42 mismatched input '}' expecting {'(', '{'}
line 191:39 mismatched input '}' expecting {'(', '{'}
line 198:14 mismatched input '\ifExintVar' expecting {MODALITY, FORALL, EXISTS, '\if', '\ifEx', 'true', 'false', '(', '{', '@', NOT, SEQARROW, '-', STRING_LITERAL, CHAR_LITERAL, BIN_LITERAL, HEX_LITERAL, IDENT, INT_LITERAL, FLOAT_LITERAL, DOUBLE_LITERAL, REAL_LITERAL}
line 198:27 extraneous input '(' expecting {'\lemma', '}', IDENT, '/*!'}
line 198:32 mismatched input '&' expecting {'(', '{'}
line 200:42 mismatched input '}' expecting {'(', '{'}
line 201:39 mismatched input '}' expecting {'(', '{'}
line 208:14 mismatched input '\ifExintVar' expecting {MODALITY, FORALL, EXISTS, '\if', '\ifEx', 'true', 'false', '(', '{', '@', NOT, SEQARROW, '-', STRING_LITERAL, CHAR_LITERAL, BIN_LITERAL, HEX_LITERAL, IDENT, INT_LITERAL, FLOAT_LITERAL, DOUBLE_LITERAL, REAL_LITERAL}
line 208:27 extraneous input '(' expecting {'\lemma', '}', IDENT, '/*!'}
line 208:32 mismatched input '&' expecting {'(', '{'}
line 210:42 mismatched input '}' expecting {'(', '{'}
line 211:39 mismatched input '}' expecting {'(', '{'}
line 218:14 mismatched input '\ifExintVar' expecting {MODALITY, FORALL, EXISTS, '\if', '\ifEx', 'true', 'false', '(', '{', '@', NOT, SEQARROW, '-', STRING_LITERAL, CHAR_LITERAL, BIN_LITERAL, HEX_LITERAL, IDENT, INT_LITERAL, FLOAT_LITERAL, DOUBLE_LITERAL, REAL_LITERAL}
line 218:27 extraneous input '(' expecting {'\lemma', '}', IDENT, '/*!'}
line 218:31 mismatched input ')' expecting {'(', '{'}
line 220:44 mismatched input ')' expecting {'(', '{'}
line 225:14 mismatched input '\ifExintVar' expecting {MODALITY, FORALL, EXISTS, '\if', '\ifEx', 'true', 'false', '(', '{', '@', NOT, SEQARROW, '-', STRING_LITERAL, CHAR_LITERAL, BIN_LITERAL, HEX_LITERAL, IDENT, INT_LITERAL, FLOAT_LITERAL, DOUBLE_LITERAL, REAL_LITERAL}
line 225:27 extraneous input '(' expecting {'\lemma', '}', IDENT, '/*!'}
line 225:31 mismatched input ')' expecting {'(', '{'}
line 227:44 mismatched input ')' expecting {'(', '{'}
line 233:14 mismatched input '\ifExintVar' expecting {MODALITY, FORALL, EXISTS, '\if', '\ifEx', 'true', 'false', '(', '{', '@', NOT, SEQARROW, '-', STRING_LITERAL, CHAR_LITERAL, BIN_LITERAL, HEX_LITERAL, IDENT, INT_LITERAL, FLOAT_LITERAL, DOUBLE_LITERAL, REAL_LITERAL}
line 233:27 extraneous input '(' expecting {'\lemma', '}', IDENT, '/*!'}
line 233:31 mismatched input ')' expecting {'(', '{'}
line 237:42 mismatched input '}' expecting {'(', '{'}
line 238:34 mismatched input '}' expecting {'(', '{'}
line 239:28 extraneous input '(' expecting {'\lemma', '}', IDENT, '/*!'}
line 239:33 mismatched input '->' expecting {'(', '{'}
line 240:8 extraneous input '\replacewith' expecting {'\lemma', '}', IDENT, '/*!'}
line 240:25 mismatched input ')' expecting {'(', '{'}
line 240:56 mismatched input ')' expecting {'(', '{'}
line 245:14 mismatched input '\ifExintVar' expecting {MODALITY, FORALL, EXISTS, '\if', '\ifEx', 'true', 'false', '(', '{', '@', NOT, SEQARROW, '-', STRING_LITERAL, CHAR_LITERAL, BIN_LITERAL, HEX_LITERAL, IDENT, INT_LITERAL, FLOAT_LITERAL, DOUBLE_LITERAL, REAL_LITERAL}
line 245:27 extraneous input '(' expecting {'\lemma', '}', IDENT, '/*!'}
line 245:31 mismatched input ')' expecting {'(', '{'}
line 248:45 mismatched input '}' expecting {'(', '{'}
line 249:8 extraneous input '\replacewith' expecting {'\lemma', '}', IDENT, '/*!'}
line 249:38 mismatched input ')' expecting {'(', '{'}
line 250:42 mismatched input '}' expecting {'(', '{'}
line 251:28 extraneous input '(' expecting {'\lemma', '}', IDENT, '/*!'}
line 251:33 mismatched input '->' expecting {'(', '{'}
line 255:14 mismatched input '\ifExintVar' expecting {MODALITY, FORALL, EXISTS, '\if', '\ifEx', 'true', 'false', '(', '{', '@', NOT, SEQARROW, '-', STRING_LITERAL, CHAR_LITERAL, BIN_LITERAL, HEX_LITERAL, IDENT, INT_LITERAL, FLOAT_LITERAL, DOUBLE_LITERAL, REAL_LITERAL}
line 255:27 extraneous input '(' expecting {'\lemma', '}', IDENT, '/*!'}
line 255:31 mismatched input ')' expecting {'(', '{'}
line 258:52 extraneous input '0' expecting {'\lemma', '}', IDENT, '/*!'}
line 258:54 mismatched input 'then' expecting {<EOF>, '\problem', '\chooseContract', '\proofObligation', '\proof'}

	at de.uka.ilkd.key.proof.io.KeYFile.readIncludes(KeYFile.java:210)
Caused by: de.uka.ilkd.key.util.parsing.SyntaxErrorReporter$ParserException: line 135:14 mismatched input '\ifExintVar' expecting {MODALITY, FORALL, EXISTS, '\if', '\ifEx', 'true', 'false', '(', '{', '@', NOT, SEQARROW, '-', STRING_LITERAL, CHAR_LITERAL, BIN_LITERAL, HEX_LITERAL, IDENT, INT_LITERAL, FLOAT_LITERAL, DOUBLE_LITERAL, REAL_LITERAL}
line 135:27 extraneous input '(' expecting {'\lemma', '}', IDENT, '/*!'}
line 135:44 mismatched input ')' expecting {'(', '{'}
line 141:14 mismatched input '\ifExintVar' expecting {MODALITY, FORALL, EXISTS, '\if', '\ifEx', 'true', 'false', '(', '{', '@', NOT, SEQARROW, '-', STRING_LITERAL, CHAR_LITERAL, BIN_LITERAL, HEX_LITERAL, IDENT, INT_LITERAL, FLOAT_LITERAL, DOUBLE_LITERAL, REAL_LITERAL}
line 141:27 extraneous input '(' expecting {'\lemma', '}', IDENT, '/*!'}
line 141:41 mismatched input ')' expecting {'(', '{'}
line 148:14 mismatched input '\ifExintVar' expecting {MODALITY, FORALL, EXISTS, '\if', '\ifEx', 'true', 'false', '(', '{', '@', NOT, SEQARROW, '-', STRING_LITERAL, CHAR_LITERAL, BIN_LITERAL, HEX_LITERAL, IDENT, INT_LITERAL, FLOAT_LITERAL, DOUBLE_LITERAL, REAL_LITERAL}
line 148:27 extraneous input '(' expecting {'\lemma', '}', IDENT, '/*!'}
line 148:35 mismatched input '=' expecting {'(', '{'}
line 150:38 mismatched input '}' expecting {'(', '{'}
line 155:14 mismatched input '\ifExintVar' expecting {MODALITY, FORALL, EXISTS, '\if', '\ifEx', 'true', 'false', '(', '{', '@', NOT, SEQARROW, '-', STRING_LITERAL, CHAR_LITERAL, BIN_LITERAL, HEX_LITERAL, IDENT, INT_LITERAL, FLOAT_LITERAL, DOUBLE_LITERAL, REAL_LITERAL}
line 155:27 extraneous input '(' expecting {'\lemma', '}', IDENT, '/*!'}
line 155:35 mismatched input '=' expecting {'(', '{'}
line 157:38 mismatched input '}' expecting {'(', '{'}
line 163:14 mismatched input '\ifExintVar' expecting {MODALITY, FORALL, EXISTS, '\if', '\ifEx', 'true', 'false', '(', '{', '@', NOT, SEQARROW, '-', STRING_LITERAL, CHAR_LITERAL, BIN_LITERAL, HEX_LITERAL, IDENT, INT_LITERAL, FLOAT_LITERAL, DOUBLE_LITERAL, REAL_LITERAL}
line 163:27 extraneous input '(' expecting {'\lemma', '}', IDENT, '/*!'}
line 163:30 mismatched input '=' expecting {'(', '{'}
line 165:38 mismatched input '}' expecting {'(', '{'}
line 171:14 mismatched input '\ifExintVar' expecting {MODALITY, FORALL, EXISTS, '\if', '\ifEx', 'true', 'false', '(', '{', '@', NOT, SEQARROW, '-', STRING_LITERAL, CHAR_LITERAL, BIN_LITERAL, HEX_LITERAL, IDENT, INT_LITERAL, FLOAT_LITERAL, DOUBLE_LITERAL, REAL_LITERAL}
line 171:27 extraneous input '(' expecting {'\lemma', '}', IDENT, '/*!'}
line 171:30 mismatched input '=' expecting {'(', '{'}
line 173:38 mismatched input '}' expecting {'(', '{'}
line 179:14 mismatched input '\ifExintVar' expecting {MODALITY, FORALL, EXISTS, '\if', '\ifEx', 'true', 'false', '(', '{', '@', NOT, SEQARROW, '-', STRING_LITERAL, CHAR_LITERAL, BIN_LITERAL, HEX_LITERAL, IDENT, INT_LITERAL, FLOAT_LITERAL, DOUBLE_LITERAL, REAL_LITERAL}
line 179:27 extraneous input '(' expecting {'\lemma', '}', IDENT, '/*!'}
line 179:32 mismatched input '&' expecting {'(', '{'}
line 181:42 mismatched input '}' expecting {'(', '{'}
line 182:39 mismatched input '}' expecting {'(', '{'}
line 188:14 mismatched input '\ifExintVar' expecting {MODALITY, FORALL, EXISTS, '\if', '\ifEx', 'true', 'false', '(', '{', '@', NOT, SEQARROW, '-', STRING_LITERAL, CHAR_LITERAL, BIN_LITERAL, HEX_LITERAL, IDENT, INT_LITERAL, FLOAT_LITERAL, DOUBLE_LITERAL, REAL_LITERAL}
line 188:27 extraneous input '(' expecting {'\lemma', '}', IDENT, '/*!'}
line 188:32 mismatched input '&' expecting {'(', '{'}
line 190:42 mismatched input '}' expecting {'(', '{'}
line 191:39 mismatched input '}' expecting {'(', '{'}
line 198:14 mismatched input '\ifExintVar' expecting {MODALITY, FORALL, EXISTS, '\if', '\ifEx', 'true', 'false', '(', '{', '@', NOT, SEQARROW, '-', STRING_LITERAL, CHAR_LITERAL, BIN_LITERAL, HEX_LITERAL, IDENT, INT_LITERAL, FLOAT_LITERAL, DOUBLE_LITERAL, REAL_LITERAL}
line 198:27 extraneous input '(' expecting {'\lemma', '}', IDENT, '/*!'}
line 198:32 mismatched input '&' expecting {'(', '{'}
line 200:42 mismatched input '}' expecting {'(', '{'}
line 201:39 mismatched input '}' expecting {'(', '{'}
line 208:14 mismatched input '\ifExintVar' expecting {MODALITY, FORALL, EXISTS, '\if', '\ifEx', 'true', 'false', '(', '{', '@', NOT, SEQARROW, '-', STRING_LITERAL, CHAR_LITERAL, BIN_LITERAL, HEX_LITERAL, IDENT, INT_LITERAL, FLOAT_LITERAL, DOUBLE_LITERAL, REAL_LITERAL}
line 208:27 extraneous input '(' expecting {'\lemma', '}', IDENT, '/*!'}
line 208:32 mismatched input '&' expecting {'(', '{'}
line 210:42 mismatched input '}' expecting {'(', '{'}
line 211:39 mismatched input '}' expecting {'(', '{'}
line 218:14 mismatched input '\ifExintVar' expecting {MODALITY, FORALL, EXISTS, '\if', '\ifEx', 'true', 'false', '(', '{', '@', NOT, SEQARROW, '-', STRING_LITERAL, CHAR_LITERAL, BIN_LITERAL, HEX_LITERAL, IDENT, INT_LITERAL, FLOAT_LITERAL, DOUBLE_LITERAL, REAL_LITERAL}
line 218:27 extraneous input '(' expecting {'\lemma', '}', IDENT, '/*!'}
line 218:31 mismatched input ')' expecting {'(', '{'}
line 220:44 mismatched input ')' expecting {'(', '{'}
line 225:14 mismatched input '\ifExintVar' expecting {MODALITY, FORALL, EXISTS, '\if', '\ifEx', 'true', 'false', '(', '{', '@', NOT, SEQARROW, '-', STRING_LITERAL, CHAR_LITERAL, BIN_LITERAL, HEX_LITERAL, IDENT, INT_LITERAL, FLOAT_LITERAL, DOUBLE_LITERAL, REAL_LITERAL}
line 225:27 extraneous input '(' expecting {'\lemma', '}', IDENT, '/*!'}
line 225:31 mismatched input ')' expecting {'(', '{'}
line 227:44 mismatched input ')' expecting {'(', '{'}
line 233:14 mismatched input '\ifExintVar' expecting {MODALITY, FORALL, EXISTS, '\if', '\ifEx', 'true', 'false', '(', '{', '@', NOT, SEQARROW, '-', STRING_LITERAL, CHAR_LITERAL, BIN_LITERAL, HEX_LITERAL, IDENT, INT_LITERAL, FLOAT_LITERAL, DOUBLE_LITERAL, REAL_LITERAL}
line 233:27 extraneous input '(' expecting {'\lemma', '}', IDENT, '/*!'}
line 233:31 mismatched input ')' expecting {'(', '{'}
line 237:42 mismatched input '}' expecting {'(', '{'}
line 238:34 mismatched input '}' expecting {'(', '{'}
line 239:28 extraneous input '(' expecting {'\lemma', '}', IDENT, '/*!'}
line 239:33 mismatched input '->' expecting {'(', '{'}
line 240:8 extraneous input '\replacewith' expecting {'\lemma', '}', IDENT, '/*!'}
line 240:25 mismatched input ')' expecting {'(', '{'}
line 240:56 mismatched input ')' expecting {'(', '{'}
line 245:14 mismatched input '\ifExintVar' expecting {MODALITY, FORALL, EXISTS, '\if', '\ifEx', 'true', 'false', '(', '{', '@', NOT, SEQARROW, '-', STRING_LITERAL, CHAR_LITERAL, BIN_LITERAL, HEX_LITERAL, IDENT, INT_LITERAL, FLOAT_LITERAL, DOUBLE_LITERAL, REAL_LITERAL}
line 245:27 extraneous input '(' expecting {'\lemma', '}', IDENT, '/*!'}
line 245:31 mismatched input ')' expecting {'(', '{'}
line 248:45 mismatched input '}' expecting {'(', '{'}
line 249:8 extraneous input '\replacewith' expecting {'\lemma', '}', IDENT, '/*!'}
line 249:38 mismatched input ')' expecting {'(', '{'}
line 250:42 mismatched input '}' expecting {'(', '{'}
line 251:28 extraneous input '(' expecting {'\lemma', '}', IDENT, '/*!'}
line 251:33 mismatched input '->' expecting {'(', '{'}
line 255:14 mismatched input '\ifExintVar' expecting {MODALITY, FORALL, EXISTS, '\if', '\ifEx', 'true', 'false', '(', '{', '@', NOT, SEQARROW, '-', STRING_LITERAL, CHAR_LITERAL, BIN_LITERAL, HEX_LITERAL, IDENT, INT_LITERAL, FLOAT_LITERAL, DOUBLE_LITERAL, REAL_LITERAL}
line 255:27 extraneous input '(' expecting {'\lemma', '}', IDENT, '/*!'}
line 255:31 mismatched input ')' expecting {'(', '{'}
line 258:52 extraneous input '0' expecting {'\lemma', '}', IDENT, '/*!'}
line 258:54 mismatched input 'then' expecting {<EOF>, '\problem', '\chooseContract', '\proofObligation', '\proof'}

	at de.uka.ilkd.key.util.parsing.SyntaxErrorReporter.throwException(SyntaxErrorReporter.java:89)

300582     WARN  Test worker     d.u.i.k.n.KeYParser       [syntax-error] file:/home/runner/work/key/key/key.core/build/resources/main/de/uka/ilkd/key/proof/rules/ifThenElseRules.key:135:14: mismatched input '\ifExintVar' expecting {MODALITY, FORALL, EXISTS, '\if', '\ifEx', 'true', 'false', '(', '{', '@', NOT, SEQARROW, '-', STRING_LITERAL, CHAR_LITERAL, BIN_LITERAL, HEX_LITERAL, IDENT, INT_LITERAL, FLOAT_LITERAL, DOUBLE_LITERAL, REAL_LITERAL} [@745,3563:3573='\ifExintVar',<188>,135:14] (termorseq, taclet, rulesOrAxioms, decls, file) 
300583     WARN  Test worker     d.u.i.k.n.KeYParser       [syntax-error] file:/home/runner/work/key/key/key.core/build/resources/main/de/uka/ilkd/key/proof/rules/ifThenElseRules.key:135:27: extraneous input '(' expecting {'\lemma', '}', IDENT, '/*!'} [@748,3576:3576='(',<146>,135:27] (rulesOrAxioms, decls, file) 
300583     WARN  Test worker     d.u.i.k.n.KeYParser       [syntax-error] file:/home/runner/work/key/key/key.core/build/resources/main/de/uka/ilkd/key/proof/rules/ifThenElseRules.key:135:44: mismatched input ')' expecting {'(', '{'} [@754,3593:3593=')',<147>,135:44] (taclet, rulesOrAxioms, decls, file) 
300583     WARN  Test worker     d.u.i.k.n.KeYParser       [syntax-error] file:/home/runner/work/key/key/key.core/build/resources/main/de/uka/ilkd/key/proof/rules/ifThenElseRules.key:141:14: mismatched input '\ifExintVar' expecting {MODALITY, FORALL, EXISTS, '\if', '\ifEx', 'true', 'false', '(', '{', '@', NOT, SEQARROW, '-', STRING_LITERAL, CHAR_LITERAL, BIN_LITERAL, HEX_LITERAL, IDENT, INT_LITERAL, FLOAT_LITERAL, DOUBLE_LITERAL, REAL_LITERAL} [@780,3716:3726='\ifExintVar',<188>,141:14] (termorseq, taclet, rulesOrAxioms, decls, file) 
300583     WARN  Test worker     d.u.i.k.n.KeYParser       [syntax-error] file:/home/runner/work/key/key/key.core/build/resources/main/de/uka/ilkd/key/proof/rules/ifThenElseRules.key:141:27: extraneous input '(' expecting {'\lemma', '}', IDENT, '/*!'} [@783,3729:3729='(',<146>,141:27] (rulesOrAxioms, decls, file) 
300583     WARN  Test worker     d.u.i.k.n.KeYParser       [syntax-error] file:/home/runner/work/key/key/key.core/build/resources/main/de/uka/ilkd/key/proof/rules/ifThenElseRules.key:141:41: mismatched input ')' expecting {'(', '{'} [@789,3743:3743=')',<147>,141:41] (taclet, rulesOrAxioms, decls, file) 
300583     WARN  Test worker     d.u.i.k.n.KeYParser       [syntax-error] file:/home/runner/work/key/key/key.core/build/resources/main/de/uka/ilkd/key/proof/rules/ifThenElseRules.key:148:14: mismatched input '\ifExintVar' expecting {MODALITY, FORALL, EXISTS, '\if', '\ifEx', 'true', 'false', '(', '{', '@', NOT, SEQARROW, '-', STRING_LITERAL, CHAR_LITERAL, BIN_LITERAL, HEX_LITERAL, IDENT, INT_LITERAL, FLOAT_LITERAL, DOUBLE_LITERAL, REAL_LITERAL} [@819,3896:3906='\ifExintVar',<188>,148:14] (termorseq, taclet, rulesOrAxioms, decls, file) 
300583     WARN  Test worker     d.u.i.k.n.KeYParser       [syntax-error] file:/home/runner/work/key/key/key.core/build/resources/main/de/uka/ilkd/key/proof/rules/ifThenElseRules.key:148:27: extraneous input '(' expecting {'\lemma', '}', IDENT, '/*!'} [@822,3909:3909='(',<146>,148:27] (rulesOrAxioms, decls, file) 
300583     WARN  Test worker     d.u.i.k.n.KeYParser       [syntax-error] file:/home/runner/work/key/key/key.core/build/resources/main/de/uka/ilkd/key/proof/rules/ifThenElseRules.key:148:35: mismatched input '=' expecting {'(', '{'} [@825,3917:3917='=',<159>,148:35] (taclet, rulesOrAxioms, decls, file) 
300583     WARN  Test worker     d.u.i.k.n.KeYParser       [syntax-error] file:/home/runner/work/key/key/key.core/build/resources/main/de/uka/ilkd/key/proof/rules/ifThenElseRules.key:150:38: mismatched input '}' expecting {'(', '{'} [@859,4023:4023='}',<149>,150:38] (taclet, rulesOrAxioms, decls, file) 
300583     WARN  Test worker     d.u.i.k.n.KeYParser       [syntax-error] file:/home/runner/work/key/key/key.core/build/resources/main/de/uka/ilkd/key/proof/rules/ifThenElseRules.key:155:14: mismatched input '\ifExintVar' expecting {MODALITY, FORALL, EXISTS, '\if', '\ifEx', 'true', 'false', '(', '{', '@', NOT, SEQARROW, '-', STRING_LITERAL, CHAR_LITERAL, BIN_LITERAL, HEX_LITERAL, IDENT, INT_LITERAL, FLOAT_LITERAL, DOUBLE_LITERAL, REAL_LITERAL} [@877,4109:4119='\ifExintVar',<188>,155:14] (termorseq, taclet, rulesOrAxioms, decls, file) 
300583     WARN  Test worker     d.u.i.k.n.KeYParser       [syntax-error] file:/home/runner/work/key/key/key.core/build/resources/main/de/uka/ilkd/key/proof/rules/ifThenElseRules.key:155:27: extraneous input '(' expecting {'\lemma', '}', IDENT, '/*!'} [@880,4122:4122='(',<146>,155:27] (rulesOrAxioms, decls, file) 
300583     WARN  Test worker     d.u.i.k.n.KeYParser       [syntax-error] file:/home/runner/work/key/key/key.core/build/resources/main/de/uka/ilkd/key/proof/rules/ifThenElseRules.key:155:35: mismatched input '=' expecting {'(', '{'} [@883,4130:4130='=',<159>,155:35] (taclet, rulesOrAxioms, decls, file) 
300583     WARN  Test worker     d.u.i.k.n.KeYParser       [syntax-error] file:/home/runner/work/key/key/key.core/build/resources/main/de/uka/ilkd/key/proof/rules/ifThenElseRules.key:157:38: mismatched input '}' expecting {'(', '{'} [@917,4230:4230='}',<149>,157:38] (taclet, rulesOrAxioms, decls, file) 
300583     WARN  Test worker     d.u.i.k.n.KeYParser       [syntax-error] file:/home/runner/work/key/key/key.core/build/resources/main/de/uka/ilkd/key/proof/rules/ifThenElseRules.key:163:14: mismatched input '\ifExintVar' expecting {MODALITY, FORALL, EXISTS, '\if', '\ifEx', 'true', 'false', '(', '{', '@', NOT, SEQARROW, '-', STRING_LITERAL, CHAR_LITERAL, BIN_LITERAL, HEX_LITERAL, IDENT, INT_LITERAL, FLOAT_LITERAL, DOUBLE_LITERAL, REAL_LITERAL} [@939,4350:4360='\ifExintVar',<188>,163:14] (termorseq, taclet, rulesOrAxioms, decls, file) 
300583     WARN  Test worker     d.u.i.k.n.KeYParser       [syntax-error] file:/home/runner/work/key/key/key.core/build/resources/main/de/uka/ilkd/key/proof/rules/ifThenElseRules.key:163:27: extraneous input '(' expecting {'\lemma', '}', IDENT, '/*!'} [@942,4363:4363='(',<146>,163:27] (rulesOrAxioms, decls, file) 
300583     WARN  Test worker     d.u.i.k.n.KeYParser       [syntax-error] file:/home/runner/work/key/key/key.core/build/resources/main/de/uka/ilkd/key/proof/rules/ifThenElseRules.key:163:30: mismatched input '=' expecting {'(', '{'} [@945,4366:4366='=',<159>,163:30] (taclet, rulesOrAxioms, decls, file) 
300583     WARN  Test worker     d.u.i.k.n.KeYParser       [syntax-error] file:/home/runner/work/key/key/key.core/build/resources/main/de/uka/ilkd/key/proof/rules/ifThenElseRules.key:165:38: mismatched input '}' expecting {'(', '{'} [@979,4477:4477='}',<149>,165:38] (taclet, rulesOrAxioms, decls, file) 
300583     WARN  Test worker     d.u.i.k.n.KeYParser       [syntax-error] file:/home/runner/work/key/key/key.core/build/resources/main/de/uka/ilkd/key/proof/rules/ifThenElseRules.key:171:14: mismatched input '\ifExintVar' expecting {MODALITY, FORALL, EXISTS, '\if', '\ifEx', 'true', 'false', '(', '{', '@', NOT, SEQARROW, '-', STRING_LITERAL, CHAR_LITERAL, BIN_LITERAL, HEX_LITERAL, IDENT, INT_LITERAL, FLOAT_LITERAL, DOUBLE_LITERAL, REAL_LITERAL} [@1001,4604:4614='\ifExintVar',<188>,171:14] (termorseq, taclet, rulesOrAxioms, decls, file) 
300583     WARN  Test worker     d.u.i.k.n.KeYParser       [syntax-error] file:/home/runner/work/key/key/key.core/build/resources/main/de/uka/ilkd/key/proof/rules/ifThenElseRules.key:171:27: extraneous input '(' expecting {'\lemma', '}', IDENT, '/*!'} [@1004,4617:4617='(',<146>,171:27] (rulesOrAxioms, decls, file) 
300583     WARN  Test worker     d.u.i.k.n.KeYParser       [syntax-error] file:/home/runner/work/key/key/key.core/build/resources/main/de/uka/ilkd/key/proof/rules/ifThenElseRules.key:171:30: mismatched input '=' expecting {'(', '{'} [@1007,4620:4620='=',<159>,171:30] (taclet, rulesOrAxioms, decls, file) 
300583     WARN  Test worker     d.u.i.k.n.KeYParser       [syntax-error] file:/home/runner/work/key/key/key.core/build/resources/main/de/uka/ilkd/key/proof/rules/ifThenElseRules.key:173:38: mismatched input '}' expecting {'(', '{'} [@1041,4725:4725='}',<149>,173:38] (taclet, rulesOrAxioms, decls, file) 
300583     WARN  Test worker     d.u.i.k.n.KeYParser       [syntax-error] file:/home/runner/work/key/key/key.core/build/resources/main/de/uka/ilkd/key/proof/rules/ifThenElseRules.key:179:14: mismatched input '\ifExintVar' expecting {MODALITY, FORALL, EXISTS, '\if', '\ifEx', 'true', 'false', '(', '{', '@', NOT, SEQARROW, '-', STRING_LITERAL, CHAR_LITERAL, BIN_LITERAL, HEX_LITERAL, IDENT, INT_LITERAL, FLOAT_LITERAL, DOUBLE_LITERAL, REAL_LITERAL} [@1063,4848:4858='\ifExintVar',<188>,179:14] (termorseq, taclet, rulesOrAxioms, decls, file) 
300584     WARN  Test worker     d.u.i.k.n.KeYParser       [syntax-error] file:/home/runner/work/key/key/key.core/build/resources/main/de/uka/ilkd/key/proof/rules/ifThenElseRules.key:179:27: extraneous input '(' expecting {'\lemma', '}', IDENT, '/*!'} [@1066,4861:4861='(',<146>,179:27] (rulesOrAxioms, decls, file) 
300584     WARN  Test worker     d.u.i.k.n.KeYParser       [syntax-error] file:/home/runner/work/key/key/key.core/build/resources/main/de/uka/ilkd/key/proof/rules/ifThenElseRules.key:179:32: mismatched input '&' expecting {'(', '{'} [@1069,4866:4866='&',<156>,179:32] (taclet, rulesOrAxioms, decls, file) 
300584     WARN  Test worker     d.u.i.k.n.KeYParser       [syntax-error] file:/home/runner/work/key/key/key.core/build/resources/main/de/uka/ilkd/key/proof/rules/ifThenElseRules.key:181:42: mismatched input '}' expecting {'(', '{'} [@1109,4985:4985='}',<149>,181:42] (taclet, rulesOrAxioms, decls, file) 
300584     WARN  Test worker     d.u.i.k.n.KeYParser       [syntax-error] file:/home/runner/work/key/key/key.core/build/resources/main/de/uka/ilkd/key/proof/rules/ifThenElseRules.key:182:39: mismatched input '}' expecting {'(', '{'} [@1122,5030:5030='}',<149>,182:39] (taclet, rulesOrAxioms, decls, file) 
300584     WARN  Test worker     d.u.i.k.n.KeYParser       [syntax-error] file:/home/runner/work/key/key/key.core/build/resources/main/de/uka/ilkd/key/proof/rules/ifThenElseRules.key:188:14: mismatched input '\ifExintVar' expecting {MODALITY, FORALL, EXISTS, '\if', '\ifEx', 'true', 'false', '(', '{', '@', NOT, SEQARROW, '-', STRING_LITERAL, CHAR_LITERAL, BIN_LITERAL, HEX_LITERAL, IDENT, INT_LITERAL, FLOAT_LITERAL, DOUBLE_LITERAL, REAL_LITERAL} [@1146,5149:5159='\ifExintVar',<188>,188:14] (termorseq, taclet, rulesOrAxioms, decls, file) 
300584     WARN  Test worker     d.u.i.k.n.KeYParser       [syntax-error] file:/home/runner/work/key/key/key.core/build/resources/main/de/uka/ilkd/key/proof/rules/ifThenElseRules.key:188:27: extraneous input '(' expecting {'\lemma', '}', IDENT, '/*!'} [@1149,5162:5162='(',<146>,188:27] (rulesOrAxioms, decls, file) 
300584     WARN  Test worker     d.u.i.k.n.KeYParser       [syntax-error] file:/home/runner/work/key/key/key.core/build/resources/main/de/uka/ilkd/key/proof/rules/ifThenElseRules.key:188:32: mismatched input '&' expecting {'(', '{'} [@1152,5167:5167='&',<156>,188:32] (taclet, rulesOrAxioms, decls, file) 
300584     WARN  Test worker     d.u.i.k.n.KeYParser       [syntax-error] file:/home/runner/work/key/key/key.core/build/resources/main/de/uka/ilkd/key/proof/rules/ifThenElseRules.key:190:42: mismatched input '}' expecting {'(', '{'} [@1192,5280:5280='}',<149>,190:42] (taclet, rulesOrAxioms, decls, file) 
300584     WARN  Test worker     d.u.i.k.n.KeYParser       [syntax-error] file:/home/runner/work/key/key/key.core/build/resources/main/de/uka/ilkd/key/proof/rules/ifThenElseRules.key:191:39: mismatched input '}' expecting {'(', '{'} [@1205,5325:5325='}',<149>,191:39] (taclet, rulesOrAxioms, decls, file) 
300584     WARN  Test worker     d.u.i.k.n.KeYParser       [syntax-error] file:/home/runner/work/key/key/key.core/build/resources/main/de/uka/ilkd/key/proof/rules/ifThenElseRules.key:198:14: mismatched input '\ifExintVar' expecting {MODALITY, FORALL, EXISTS, '\if', '\ifEx', 'true', 'false', '(', '{', '@', NOT, SEQARROW, '-', STRING_LITERAL, CHAR_LITERAL, BIN_LITERAL, HEX_LITERAL, IDENT, INT_LITERAL, FLOAT_LITERAL, DOUBLE_LITERAL, REAL_LITERAL} [@1233,5475:5485='\ifExintVar',<188>,198:14] (termorseq, taclet, rulesOrAxioms, decls, file) 
300584     WARN  Test worker     d.u.i.k.n.KeYParser       [syntax-error] file:/home/runner/work/key/key/key.core/build/resources/main/de/uka/ilkd/key/proof/rules/ifThenElseRules.key:198:27: extraneous input '(' expecting {'\lemma', '}', IDENT, '/*!'} [@1236,5488:5488='(',<146>,198:27] (rulesOrAxioms, decls, file) 
300584     WARN  Test worker     d.u.i.k.n.KeYParser       [syntax-error] file:/home/runner/work/key/key/key.core/build/resources/main/de/uka/ilkd/key/proof/rules/ifThenElseRules.key:198:32: mismatched input '&' expecting {'(', '{'} [@1239,5493:5493='&',<156>,198:32] (taclet, rulesOrAxioms, decls, file) 
300584     WARN  Test worker     d.u.i.k.n.KeYParser       [syntax-error] file:/home/runner/work/key/key/key.core/build/resources/main/de/uka/ilkd/key/proof/rules/ifThenElseRules.key:200:42: mismatched input '}' expecting {'(', '{'} [@1279,5612:5612='}',<149>,200:42] (taclet, rulesOrAxioms, decls, file) 
300584     WARN  Test worker     d.u.i.k.n.KeYParser       [syntax-error] file:/home/runner/work/key/key/key.core/build/resources/main/de/uka/ilkd/key/proof/rules/ifThenElseRules.key:201:39: mismatched input '}' expecting {'(', '{'} [@1292,5657:5657='}',<149>,201:39] (taclet, rulesOrAxioms, decls, file) 
300584     WARN  Test worker     d.u.i.k.n.KeYParser       [syntax-error] file:/home/runner/work/key/key/key.core/build/resources/main/de/uka/ilkd/key/proof/rules/ifThenElseRules.key:208:14: mismatched input '\ifExintVar' expecting {MODALITY, FORALL, EXISTS, '\if', '\ifEx', 'true', 'false', '(', '{', '@', NOT, SEQARROW, '-', STRING_LITERAL, CHAR_LITERAL, BIN_LITERAL, HEX_LITERAL, IDENT, INT_LITERAL, FLOAT_LITERAL, DOUBLE_LITERAL, REAL_LITERAL} [@1320,5817:5827='\ifExintVar',<188>,208:14] (termorseq, taclet, rulesOrAxioms, decls, file) 
300584     WARN  Test worker     d.u.i.k.n.KeYParser       [syntax-error] file:/home/runner/work/key/key/key.core/build/resources/main/de/uka/ilkd/key/proof/rules/ifThenElseRules.key:208:27: extraneous input '(' expecting {'\lemma', '}', IDENT, '/*!'} [@1323,5830:5830='(',<146>,208:27] (rulesOrAxioms, decls, file) 
300584     WARN  Test worker     d.u.i.k.n.KeYParser       [syntax-error] file:/home/runner/work/key/key/key.core/build/resources/main/de/uka/ilkd/key/proof/rules/ifThenElseRules.key:208:32: mismatched input '&' expecting {'(', '{'} [@1326,5835:5835='&',<156>,208:32] (taclet, rulesOrAxioms, decls, file) 
300584     WARN  Test worker     d.u.i.k.n.KeYParser       [syntax-error] file:/home/runner/work/key/key/key.core/build/resources/main/de/uka/ilkd/key/proof/rules/ifThenElseRules.key:210:42: mismatched input '}' expecting {'(', '{'} [@1366,5948:5948='}',<149>,210:42] (taclet, rulesOrAxioms, decls, file) 
300584     WARN  Test worker     d.u.i.k.n.KeYParser       [syntax-error] file:/home/runner/work/key/key/key.core/build/resources/main/de/uka/ilkd/key/proof/rules/ifThenElseRules.key:211:39: mismatched input '}' expecting {'(', '{'} [@1379,5993:5993='}',<149>,211:39] (taclet, rulesOrAxioms, decls, file) 
300584     WARN  Test worker     d.u.i.k.n.KeYParser       [syntax-error] file:/home/runner/work/key/key/key.core/build/resources/main/de/uka/ilkd/key/proof/rules/ifThenElseRules.key:218:14: mismatched input '\ifExintVar' expecting {MODALITY, FORALL, EXISTS, '\if', '\ifEx', 'true', 'false', '(', '{', '@', NOT, SEQARROW, '-', STRING_LITERAL, CHAR_LITERAL, BIN_LITERAL, HEX_LITERAL, IDENT, INT_LITERAL, FLOAT_LITERAL, DOUBLE_LITERAL, REAL_LITERAL} [@1407,6146:6156='\ifExintVar',<188>,218:14] (termorseq, taclet, rulesOrAxioms, decls, file) 
300584     WARN  Test worker     d.u.i.k.n.KeYParser       [syntax-error] file:/home/runner/work/key/key/key.core/build/resources/main/de/uka/ilkd/key/proof/rules/ifThenElseRules.key:218:27: extraneous input '(' expecting {'\lemma', '}', IDENT, '/*!'} [@1410,6159:6159='(',<146>,218:27] (rulesOrAxioms, decls, file) 
300584     WARN  Test worker     d.u.i.k.n.KeYParser       [syntax-error] file:/home/runner/work/key/key/key.core/build/resources/main/de/uka/ilkd/key/proof/rules/ifThenElseRules.key:218:31: mismatched input ')' expecting {'(', '{'} [@1412,6163:6163=')',<147>,218:31] (taclet, rulesOrAxioms, decls, file) 
300584     WARN  Test worker     d.u.i.k.n.KeYParser       [syntax-error] file:/home/runner/work/key/key/key.core/build/resources/main/de/uka/ilkd/key/proof/rules/ifThenElseRules.key:220:44: mismatched input ')' expecting {'(', '{'} [@1444,6275:6275=')',<147>,220:44] (taclet, rulesOrAxioms, decls, file) 
300584     WARN  Test worker     d.u.i.k.n.KeYParser       [syntax-error] file:/home/runner/work/key/key/key.core/build/resources/main/de/uka/ilkd/key/proof/rules/ifThenElseRules.key:225:14: mismatched input '\ifExintVar' expecting {MODALITY, FORALL, EXISTS, '\if', '\ifEx', 'true', 'false', '(', '{', '@', NOT, SEQARROW, '-', STRING_LITERAL, CHAR_LITERAL, BIN_LITERAL, HEX_LITERAL, IDENT, INT_LITERAL, FLOAT_LITERAL, DOUBLE_LITERAL, REAL_LITERAL} [@1471,6389:6399='\ifExintVar',<188>,225:14] (termorseq, taclet, rulesOrAxioms, decls, file) 
300584     WARN  Test worker     d.u.i.k.n.KeYParser       [syntax-error] file:/home/runner/work/key/key/key.core/build/resources/main/de/uka/ilkd/key/proof/rules/ifThenElseRules.key:225:27: extraneous input '(' expecting {'\lemma', '}', IDENT, '/*!'} [@1474,6402:6402='(',<146>,225:27] (rulesOrAxioms, decls, file) 
300584     WARN  Test worker     d.u.i.k.n.KeYParser       [syntax-error] file:/home/runner/work/key/key/key.core/build/resources/main/de/uka/ilkd/key/proof/rules/ifThenElseRules.key:225:31: mismatched input ')' expecting {'(', '{'} [@1476,6406:6406=')',<147>,225:31] (taclet, rulesOrAxioms, decls, file) 
300584     WARN  Test worker     d.u.i.k.n.KeYParser       [syntax-error] file:/home/runner/work/key/key/key.core/build/resources/main/de/uka/ilkd/key/proof/rules/ifThenElseRules.key:227:44: mismatched input ')' expecting {'(', '{'} [@1508,6509:6509=')',<147>,227:44] (taclet, rulesOrAxioms, decls, file) 
300584     WARN  Test worker     d.u.i.k.n.KeYParser       [syntax-error] file:/home/runner/work/key/key/key.core/build/resources/main/de/uka/ilkd/key/proof/rules/ifThenElseRules.key:233:14: mismatched input '\ifExintVar' expecting {MODALITY, FORALL, EXISTS, '\if', '\ifEx', 'true', 'false', '(', '{', '@', NOT, SEQARROW, '-', STRING_LITERAL, CHAR_LITERAL, BIN_LITERAL, HEX_LITERAL, IDENT, INT_LITERAL, FLOAT_LITERAL, DOUBLE_LITERAL, REAL_LITERAL} [@1539,6656:6666='\ifExintVar',<188>,233:14] (termorseq, taclet, rulesOrAxioms, decls, file) 
300584     WARN  Test worker     d.u.i.k.n.KeYParser       [syntax-error] file:/home/runner/work/key/key/key.core/build/resources/main/de/uka/ilkd/key/proof/rules/ifThenElseRules.key:233:27: extraneous input '(' expecting {'\lemma', '}', IDENT, '/*!'} [@1542,6669:6669='(',<146>,233:27] (rulesOrAxioms, decls, file) 
300584     WARN  Test worker     d.u.i.k.n.KeYParser       [syntax-error] file:/home/runner/work/key/key/key.core/build/resources/main/de/uka/ilkd/key/proof/rules/ifThenElseRules.key:233:31: mismatched input ')' expecting {'(', '{'} [@1544,6673:6673=')',<147>,233:31] (taclet, rulesOrAxioms, decls, file) 
300584     WARN  Test worker     d.u.i.k.n.KeYParser       [syntax-error] file:/home/runner/work/key/key/key.core/build/resources/main/de/uka/ilkd/key/proof/rules/ifThenElseRules.key:237:42: mismatched input '}' expecting {'(', '{'} [@1586,6850:6850='}',<149>,237:42] (taclet, rulesOrAxioms, decls, file) 
300584     WARN  Test worker     d.u.i.k.n.KeYParser       [syntax-error] file:/home/runner/work/key/key/key.core/build/resources/main/de/uka/ilkd/key/proof/rules/ifThenElseRules.key:238:34: mismatched input '}' expecting {'(', '{'} [@1599,6891:6891='}',<149>,238:34] (taclet, rulesOrAxioms, decls, file) 
300584     WARN  Test worker     d.u.i.k.n.KeYParser       [syntax-error] file:/home/runner/work/key/key/key.core/build/resources/main/de/uka/ilkd/key/proof/rules/ifThenElseRules.key:239:28: extraneous input '(' expecting {'\lemma', '}', IDENT, '/*!'} [@1608,6925:6925='(',<146>,239:28] (rulesOrAxioms, decls, file) 
300584     WARN  Test worker     d.u.i.k.n.KeYParser       [syntax-error] file:/home/runner/work/key/key/key.core/build/resources/main/de/uka/ilkd/key/proof/rules/ifThenElseRules.key:239:33: mismatched input '->' expecting {'(', '{'} [@1611,6930:6931='->',<158>,239:33] (taclet, rulesOrAxioms, decls, file) 
300584     WARN  Test worker     d.u.i.k.n.KeYParser       [syntax-error] file:/home/runner/work/key/key/key.core/build/resources/main/de/uka/ilkd/key/proof/rules/ifThenElseRules.key:240:8: extraneous input '\replacewith' expecting {'\lemma', '}', IDENT, '/*!'} [@1626,6979:6990='\replacewith',<105>,240:8] (rulesOrAxioms, decls, file) 
300584     WARN  Test worker     d.u.i.k.n.KeYParser       [syntax-error] file:/home/runner/work/key/key/key.core/build/resources/main/de/uka/ilkd/key/proof/rules/ifThenElseRules.key:240:25: mismatched input ')' expecting {'(', '{'} [@1629,6996:6996=')',<147>,240:25] (taclet, rulesOrAxioms, decls, file) 
300584     WARN  Test worker     d.u.i.k.n.KeYParser       [syntax-error] file:/home/runner/work/key/key/key.core/build/resources/main/de/uka/ilkd/key/proof/rules/ifThenElseRules.key:240:56: mismatched input ')' expecting {'(', '{'} [@1642,7027:7027=')',<147>,240:56] (taclet, rulesOrAxioms, decls, file) 
300584     WARN  Test worker     d.u.i.k.n.KeYParser       [syntax-error] file:/home/runner/work/key/key/key.core/build/resources/main/de/uka/ilkd/key/proof/rules/ifThenElseRules.key:245:14: mismatched input '\ifExintVar' expecting {MODALITY, FORALL, EXISTS, '\if', '\ifEx', 'true', 'false', '(', '{', '@', NOT, SEQARROW, '-', STRING_LITERAL, CHAR_LITERAL, BIN_LITERAL, HEX_LITERAL, IDENT, INT_LITERAL, FLOAT_LITERAL, DOUBLE_LITERAL, REAL_LITERAL} [@1658,7109:7119='\ifExintVar',<188>,245:14] (termorseq, taclet, rulesOrAxioms, decls, file) 
300584     WARN  Test worker     d.u.i.k.n.KeYParser       [syntax-error] file:/home/runner/work/key/key/key.core/build/resources/main/de/uka/ilkd/key/proof/rules/ifThenElseRules.key:245:27: extraneous input '(' expecting {'\lemma', '}', IDENT, '/*!'} [@1661,7122:7122='(',<146>,245:27] (rulesOrAxioms, decls, file) 
300584     WARN  Test worker     d.u.i.k.n.KeYParser       [syntax-error] file:/home/runner/work/key/key/key.core/build/resources/main/de/uka/ilkd/key/proof/rules/ifThenElseRules.key:245:31: mismatched input ')' expecting {'(', '{'} [@1663,7126:7126=')',<147>,245:31] (taclet, rulesOrAxioms, decls, file) 
300584     WARN  Test worker     d.u.i.k.n.KeYParser       [syntax-error] file:/home/runner/work/key/key/key.core/build/resources/main/de/uka/ilkd/key/proof/rules/ifThenElseRules.key:248:45: mismatched input '}' expecting {'(', '{'} [@1696,7268:7268='}',<149>,248:45] (taclet, rulesOrAxioms, decls, file) 
300584     WARN  Test worker     d.u.i.k.n.KeYParser       [syntax-error] file:/home/runner/work/key/key/key.core/build/resources/main/de/uka/ilkd/key/proof/rules/ifThenElseRules.key:249:8: extraneous input '\replacewith' expecting {'\lemma', '}', IDENT, '/*!'} [@1701,7284:7295='\replacewith',<105>,249:8] (rulesOrAxioms, decls, file) 
300584     WARN  Test worker     d.u.i.k.n.KeYParser       [syntax-error] file:/home/runner/work/key/key/key.core/build/resources/main/de/uka/ilkd/key/proof/rules/ifThenElseRules.key:249:38: mismatched input ')' expecting {'(', '{'} [@1708,7314:7314=')',<147>,249:38] (taclet, rulesOrAxioms, decls, file) 
300584     WARN  Test worker     d.u.i.k.n.KeYParser       [syntax-error] file:/home/runner/work/key/key/key.core/build/resources/main/de/uka/ilkd/key/proof/rules/ifThenElseRules.key:250:42: mismatched input '}' expecting {'(', '{'} [@1731,7381:7381='}',<149>,250:42] (taclet, rulesOrAxioms, decls, file) 
300584     WARN  Test worker     d.u.i.k.n.KeYParser       [syntax-error] file:/home/runner/work/key/key/key.core/build/resources/main/de/uka/ilkd/key/proof/rules/ifThenElseRules.key:251:28: extraneous input '(' expecting {'\lemma', '}', IDENT, '/*!'} [@1741,7416:7416='(',<146>,251:28] (rulesOrAxioms, decls, file) 
300584     WARN  Test worker     d.u.i.k.n.KeYParser       [syntax-error] file:/home/runner/work/key/key/key.core/build/resources/main/de/uka/ilkd/key/proof/rules/ifThenElseRules.key:251:33: mismatched input '->' expecting {'(', '{'} [@1744,7421:7422='->',<158>,251:33] (taclet, rulesOrAxioms, decls, file) 
300584     WARN  Test worker     d.u.i.k.n.KeYParser       [syntax-error] file:/home/runner/work/key/key/key.core/build/resources/main/de/uka/ilkd/key/proof/rules/ifThenElseRules.key:255:14: mismatched input '\ifExintVar' expecting {MODALITY, FORALL, EXISTS, '\if', '\ifEx', 'true', 'false', '(', '{', '@', NOT, SEQARROW, '-', STRING_LITERAL, CHAR_LITERAL, BIN_LITERAL, HEX_LITERAL, IDENT, INT_LITERAL, FLOAT_LITERAL, DOUBLE_LITERAL, REAL_LITERAL} [@1765,7506:7516='\ifExintVar',<188>,255:14] (termorseq, taclet, rulesOrAxioms, decls, file) 
300585     WARN  Test worker     d.u.i.k.n.KeYParser       [syntax-error] file:/home/runner/work/key/key/key.core/build/resources/main/de/uka/ilkd/key/proof/rules/ifThenElseRules.key:255:27: extraneous input '(' expecting {'\lemma', '}', IDENT, '/*!'} [@1768,7519:7519='(',<146>,255:27] (rulesOrAxioms, decls, file) 
300585     WARN  Test worker     d.u.i.k.n.KeYParser       [syntax-error] file:/home/runner/work/key/key/key.core/build/resources/main/de/uka/ilkd/key/proof/rules/ifThenElseRules.key:255:31: mismatched input ')' expecting {'(', '{'} [@1770,7523:7523=')',<147>,255:31] (taclet, rulesOrAxioms, decls, file) 
300585     WARN  Test worker     d.u.i.k.n.KeYParser       [syntax-error] file:/home/runner/work/key/key/key.core/build/resources/main/de/uka/ilkd/key/proof/rules/ifThenElseRules.key:258:52: extraneous input '0' expecting {'\lemma', '}', IDENT, '/*!'} [@1809,7667:7667='0',<184>,258:52] (rulesOrAxioms, decls, file) 
300585     WARN  Test worker     d.u.i.k.n.KeYParser       [syntax-error] file:/home/runner/work/key/key/key.core/build/resources/main/de/uka/ilkd/key/proof/rules/ifThenElseRules.key:258:54: mismatched input 'then' expecting {<EOF>, '\problem', '\chooseContract', '\proofObligation', '\proof'} [@1811,7669:7672='then',<183>,258:54] (file) 
300585     ERROR Test worker     d.u.i.k.s.n.MasterHandlerTest Error reading /home/runner/work/key/key/key.core/build/resources/test/de/uka/ilkd/key/smt/newsmt2/cases/float.eq.props de.uka.ilkd.key.proof.io.ProblemLoaderException: line 135:14 mismatched input '\ifExintVar' expecting {MODALITY, FORALL, EXISTS, '\if', '\ifEx', 'true', 'false', '(', '{', '@', NOT, SEQARROW, '-', STRING_LITERAL, CHAR_LITERAL, BIN_LITERAL, HEX_LITERAL, IDENT, INT_LITERAL, FLOAT_LITERAL, DOUBLE_LITERAL, REAL_LITERAL}
line 135:27 extraneous input '(' expecting {'\lemma', '}', IDENT, '/*!'}
line 135:44 mismatched input ')' expecting {'(', '{'}
line 141:14 mismatched input '\ifExintVar' expecting {MODALITY, FORALL, EXISTS, '\if', '\ifEx', 'true', 'false', '(', '{', '@', NOT, SEQARROW, '-', STRING_LITERAL, CHAR_LITERAL, BIN_LITERAL, HEX_LITERAL, IDENT, INT_LITERAL, FLOAT_LITERAL, DOUBLE_LITERAL, REAL_LITERAL}
line 141:27 extraneous input '(' expecting {'\lemma', '}', IDENT, '/*!'}
line 141:41 mismatched input ')' expecting {'(', '{'}
line 148:14 mismatched input '\ifExintVar' expecting {MODALITY, FORALL, EXISTS, '\if', '\ifEx', 'true', 'false', '(', '{', '@', NOT, SEQARROW, '-', STRING_LITERAL, CHAR_LITERAL, BIN_LITERAL, HEX_LITERAL, IDENT, INT_LITERAL, FLOAT_LITERAL, DOUBLE_LITERAL, REAL_LITERAL}
line 148:27 extraneous input '(' expecting {'\lemma', '}', IDENT, '/*!'}
line 148:35 mismatched input '=' expecting {'(', '{'}
line 150:38 mismatched input '}' expecting {'(', '{'}
line 155:14 mismatched input '\ifExintVar' expecting {MODALITY, FORALL, EXISTS, '\if', '\ifEx', 'true', 'false', '(', '{', '@', NOT, SEQARROW, '-', STRING_LITERAL, CHAR_LITERAL, BIN_LITERAL, HEX_LITERAL, IDENT, INT_LITERAL, FLOAT_LITERAL, DOUBLE_LITERAL, REAL_LITERAL}
line 155:27 extraneous input '(' expecting {'\lemma', '}', IDENT, '/*!'}
line 155:35 mismatched input '=' expecting {'(', '{'}
line 157:38 mismatched input '}' expecting {'(', '{'}
line 163:14 mismatched input '\ifExintVar' expecting {MODALITY, FORALL, EXISTS, '\if', '\ifEx', 'true', 'false', '(', '{', '@', NOT, SEQARROW, '-', STRING_LITERAL, CHAR_LITERAL, BIN_LITERAL, HEX_LITERAL, IDENT, INT_LITERAL, FLOAT_LITERAL, DOUBLE_LITERAL, REAL_LITERAL}
line 163:27 extraneous input '(' expecting {'\lemma', '}', IDENT, '/*!'}
line 163:30 mismatched input '=' expecting {'(', '{'}
line 165:38 mismatched input '}' expecting {'(', '{'}
line 171:14 mismatched input '\ifExintVar' expecting {MODALITY, FORALL, EXISTS, '\if', '\ifEx', 'true', 'false', '(', '{', '@', NOT, SEQARROW, '-', STRING_LITERAL, CHAR_LITERAL, BIN_LITERAL, HEX_LITERAL, IDENT, INT_LITERAL, FLOAT_LITERAL, DOUBLE_LITERAL, REAL_LITERAL}
line 171:27 extraneous input '(' expecting {'\lemma', '}', IDENT, '/*!'}
line 171:30 mismatched input '=' expecting {'(', '{'}
line 173:38 mismatched input '}' expecting {'(', '{'}
line 179:14 mismatched input '\ifExintVar' expecting {MODALITY, FORALL, EXISTS, '\if', '\ifEx', 'true', 'false', '(', '{', '@', NOT, SEQARROW, '-', STRING_LITERAL, CHAR_LITERAL, BIN_LITERAL, HEX_LITERAL, IDENT, INT_LITERAL, FLOAT_LITERAL, DOUBLE_LITERAL, REAL_LITERAL}
line 179:27 extraneous input '(' expecting {'\lemma', '}', IDENT, '/*!'}
line 179:32 mismatched input '&' expecting {'(', '{'}
line 181:42 mismatched input '}' expecting {'(', '{'}
line 182:39 mismatched input '}' expecting {'(', '{'}
line 188:14 mismatched input '\ifExintVar' expecting {MODALITY, FORALL, EXISTS, '\if', '\ifEx', 'true', 'false', '(', '{', '@', NOT, SEQARROW, '-', STRING_LITERAL, CHAR_LITERAL, BIN_LITERAL, HEX_LITERAL, IDENT, INT_LITERAL, FLOAT_LITERAL, DOUBLE_LITERAL, REAL_LITERAL}
line 188:27 extraneous input '(' expecting {'\lemma', '}', IDENT, '/*!'}
line 188:32 mismatched input '&' expecting {'(', '{'}
line 190:42 mismatched input '}' expecting {'(', '{'}
line 191:39 mismatched input '}' expecting {'(', '{'}
line 198:14 mismatched input '\ifExintVar' expecting {MODALITY, FORALL, EXISTS, '\if', '\ifEx', 'true', 'false', '(', '{', '@', NOT, SEQARROW, '-', STRING_LITERAL, CHAR_LITERAL, BIN_LITERAL, HEX_LITERAL, IDENT, INT_LITERAL, FLOAT_LITERAL, DOUBLE_LITERAL, REAL_LITERAL}
line 198:27 extraneous input '(' expecting {'\lemma', '}', IDENT, '/*!'}
line 198:32 mismatched input '&' expecting {'(', '{'}
line 200:42 mismatched input '}' expecting {'(', '{'}
line 201:39 mismatched input '}' expecting {'(', '{'}
line 208:14 mismatched input '\ifExintVar' expecting {MODALITY, FORALL, EXISTS, '\if', '\ifEx', 'true', 'false', '(', '{', '@', NOT, SEQARROW, '-', STRING_LITERAL, CHAR_LITERAL, BIN_LITERAL, HEX_LITERAL, IDENT, INT_LITERAL, FLOAT_LITERAL, DOUBLE_LITERAL, REAL_LITERAL}
line 208:27 extraneous input '(' expecting {'\lemma', '}', IDENT, '/*!'}
line 208:32 mismatched input '&' expecting {'(', '{'}
line 210:42 mismatched input '}' expecting {'(', '{'}
line 211:39 mismatched input '}' expecting {'(', '{'}
line 218:14 mismatched input '\ifExintVar' expecting {MODALITY, FORALL, EXISTS, '\if', '\ifEx', 'true', 'false', '(', '{', '@', NOT, SEQARROW, '-', STRING_LITERAL, CHAR_LITERAL, BIN_LITERAL, HEX_LITERAL, IDENT, INT_LITERAL, FLOAT_LITERAL, DOUBLE_LITERAL, REAL_LITERAL}
line 218:27 extraneous input '(' expecting {'\lemma', '}', IDENT, '/*!'}
line 218:31 mismatched input ')' expecting {'(', '{'}
line 220:44 mismatched input ')' expecting {'(', '{'}
line 225:14 mismatched input '\ifExintVar' expecting {MODALITY, FORALL, EXISTS, '\if', '\ifEx', 'true', 'false', '(', '{', '@', NOT, SEQARROW, '-', STRING_LITERAL, CHAR_LITERAL, BIN_LITERAL, HEX_LITERAL, IDENT, INT_LITERAL, FLOAT_LITERAL, DOUBLE_LITERAL, REAL_LITERAL}
line 225:27 extraneous input '(' expecting {'\lemma', '}', IDENT, '/*!'}
line 225:31 mismatched input ')' expecting {'(', '{'}
line 227:44 mismatched input ')' expecting {'(', '{'}
line 233:14 mismatched input '\ifExintVar' expecting {MODALITY, FORALL, EXISTS, '\if', '\ifEx', 'true', 'false', '(', '{', '@', NOT, SEQARROW, '-', STRING_LITERAL, CHAR_LITERAL, BIN_LITERAL, HEX_LITERAL, IDENT, INT_LITERAL, FLOAT_LITERAL, DOUBLE_LITERAL, REAL_LITERAL}
line 233:27 extraneous input '(' expecting {'\lemma', '}', IDENT, '/*!'}
line 233:31 mismatched input ')' expecting {'(', '{'}
line 237:42 mismatched input '}' expecting {'(', '{'}
line 238:34 mismatched input '}' expecting {'(', '{'}
line 239:28 extraneous input '(' expecting {'\lemma', '}', IDENT, '/*!'}
line 239:33 mismatched input '->' expecting {'(', '{'}
line 240:8 extraneous input '\replacewith' expecting {'\lemma', '}', IDENT, '/*!'}
line 240:25 mismatched input ')' expecting {'(', '{'}
line 240:56 mismatched input ')' expecting {'(', '{'}
line 245:14 mismatched input '\ifExintVar' expecting {MODALITY, FORALL, EXISTS, '\if', '\ifEx', 'true', 'false', '(', '{', '@', NOT, SEQARROW, '-', STRING_LITERAL, CHAR_LITERAL, BIN_LITERAL, HEX_LITERAL, IDENT, INT_LITERAL, FLOAT_LITERAL, DOUBLE_LITERAL, REAL_LITERAL}
line 245:27 extraneous input '(' expecting {'\lemma', '}', IDENT, '/*!'}
line 245:31 mismatched input ')' expecting {'(', '{'}
line 248:45 mismatched input '}' expecting {'(', '{'}
line 249:8 extraneous input '\replacewith' expecting {'\lemma', '}', IDENT, '/*!'}
line 249:38 mismatched input ')' expecting {'(', '{'}
line 250:42 mismatched input '}' expecting {'(', '{'}
line 251:28 extraneous input '(' expecting {'\lemma', '}', IDENT, '/*!'}
line 251:33 mismatched input '->' expecting {'(', '{'}
line 255:14 mismatched input '\ifExintVar' expecting {MODALITY, FORALL, EXISTS, '\if', '\ifEx', 'true', 'false', '(', '{', '@', NOT, SEQARROW, '-', STRING_LITERAL, CHAR_LITERAL, BIN_LITERAL, HEX_LITERAL, IDENT, INT_LITERAL, FLOAT_LITERAL, DOUBLE_LITERAL, REAL_LITERAL}
line 255:27 extraneous input '(' expecting {'\lemma', '}', IDENT, '/*!'}
line 255:31 mismatched input ')' expecting {'(', '{'}
line 258:52 extraneous input '0' expecting {'\lemma', '}', IDENT, '/*!'}
line 258:54 mismatched input 'then' expecting {<EOF>, '\problem', '\chooseContract', '\proofObligation', '\proof'}

	at de.uka.ilkd.key.control.AbstractUserInterfaceControl.load(AbstractUserInterfaceControl.java:221)
Caused by: de.uka.ilkd.key.proof.init.ProofInputException: line 135:14 mismatched input '\ifExintVar' expecting {MODALITY, FORALL, EXISTS, '\if', '\ifEx', 'true', 'false', '(', '{', '@', NOT, SEQARROW, '-', STRING_LITERAL, CHAR_LITERAL, BIN_LITERAL, HEX_LITERAL, IDENT, INT_LITERAL, FLOAT_LITERAL, DOUBLE_LITERAL, REAL_LITERAL}
line 135:27 extraneous input '(' expecting {'\lemma', '}', IDENT, '/*!'}
line 135:44 mismatched input ')' expecting {'(', '{'}
line 141:14 mismatched input '\ifExintVar' expecting {MODALITY, FORALL, EXISTS, '\if', '\ifEx', 'true', 'false', '(', '{', '@', NOT, SEQARROW, '-', STRING_LITERAL, CHAR_LITERAL, BIN_LITERAL, HEX_LITERAL, IDENT, INT_LITERAL, FLOAT_LITERAL, DOUBLE_LITERAL, REAL_LITERAL}
line 141:27 extraneous input '(' expecting {'\lemma', '}', IDENT, '/*!'}
line 141:41 mismatched input ')' expecting {'(', '{'}
line 148:14 mismatched input '\ifExintVar' expecting {MODALITY, FORALL, EXISTS, '\if', '\ifEx', 'true', 'false', '(', '{', '@', NOT, SEQARROW, '-', STRING_LITERAL, CHAR_LITERAL, BIN_LITERAL, HEX_LITERAL, IDENT, INT_LITERAL, FLOAT_LITERAL, DOUBLE_LITERAL, REAL_LITERAL}
line 148:27 extraneous input '(' expecting {'\lemma', '}', IDENT, '/*!'}
line 148:35 mismatched input '=' expecting {'(', '{'}
line 150:38 mismatched input '}' expecting {'(', '{'}
line 155:14 mismatched input '\ifExintVar' expecting {MODALITY, FORALL, EXISTS, '\if', '\ifEx', 'true', 'false', '(', '{', '@', NOT, SEQARROW, '-', STRING_LITERAL, CHAR_LITERAL, BIN_LITERAL, HEX_LITERAL, IDENT, INT_LITERAL, FLOAT_LITERAL, DOUBLE_LITERAL, REAL_LITERAL}
line 155:27 extraneous input '(' expecting {'\lemma', '}', IDENT, '/*!'}
line 155:35 mismatched input '=' expecting {'(', '{'}
line 157:38 mismatched input '}' expecting {'(', '{'}
line 163:14 mismatched input '\ifExintVar' expecting {MODALITY, FORALL, EXISTS, '\if', '\ifEx', 'true', 'false', '(', '{', '@', NOT, SEQARROW, '-', STRING_LITERAL, CHAR_LITERAL, BIN_LITERAL, HEX_LITERAL, IDENT, INT_LITERAL, FLOAT_LITERAL, DOUBLE_LITERAL, REAL_LITERAL}
line 163:27 extraneous input '(' expecting {'\lemma', '}', IDENT, '/*!'}
line 163:30 mismatched input '=' expecting {'(', '{'}
line 165:38 mismatched input '}' expecting {'(', '{'}
line 171:14 mismatched input '\ifExintVar' expecting {MODALITY, FORALL, EXISTS, '\if', '\ifEx', 'true', 'false', '(', '{', '@', NOT, SEQARROW, '-', STRING_LITERAL, CHAR_LITERAL, BIN_LITERAL, HEX_LITERAL, IDENT, INT_LITERAL, FLOAT_LITERAL, DOUBLE_LITERAL, REAL_LITERAL}
line 171:27 extraneous input '(' expecting {'\lemma', '}', IDENT, '/*!'}
line 171:30 mismatched input '=' expecting {'(', '{'}
line 173:38 mismatched input '}' expecting {'(', '{'}
line 179:14 mismatched input '\ifExintVar' expecting {MODALITY, FORALL, EXISTS, '\if', '\ifEx', 'true', 'false', '(', '{', '@', NOT, SEQARROW, '-', STRING_LITERAL, CHAR_LITERAL, BIN_LITERAL, HEX_LITERAL, IDENT, INT_LITERAL, FLOAT_LITERAL, DOUBLE_LITERAL, REAL_LITERAL}
line 179:27 extraneous input '(' expecting {'\lemma', '}', IDENT, '/*!'}
line 179:32 mismatched input '&' expecting {'(', '{'}
line 181:42 mismatched input '}' expecting {'(', '{'}
line 182:39 mismatched input '}' expecting {'(', '{'}
line 188:14 mismatched input '\ifExintVar' expecting {MODALITY, FORALL, EXISTS, '\if', '\ifEx', 'true', 'false', '(', '{', '@', NOT, SEQARROW, '-', STRING_LITERAL, CHAR_LITERAL, BIN_LITERAL, HEX_LITERAL, IDENT, INT_LITERAL, FLOAT_LITERAL, DOUBLE_LITERAL, REAL_LITERAL}
line 188:27 extraneous input '(' expecting {'\lemma', '}', IDENT, '/*!'}
line 188:32 mismatched input '&' expecting {'(', '{'}
line 190:42 mismatched input '}' expecting {'(', '{'}
line 191:39 mismatched input '}' expecting {'(', '{'}
line 198:14 mismatched input '\ifExintVar' expecting {MODALITY, FORALL, EXISTS, '\if', '\ifEx', 'true', 'false', '(', '{', '@', NOT, SEQARROW, '-', STRING_LITERAL, CHAR_LITERAL, BIN_LITERAL, HEX_LITERAL, IDENT, INT_LITERAL, FLOAT_LITERAL, DOUBLE_LITERAL, REAL_LITERAL}
line 198:27 extraneous input '(' expecting {'\lemma', '}', IDENT, '/*!'}
line 198:32 mismatched input '&' expecting {'(', '{'}
line 200:42 mismatched input '}' expecting {'(', '{'}
line 201:39 mismatched input '}' expecting {'(', '{'}
line 208:14 mismatched input '\ifExintVar' expecting {MODALITY, FORALL, EXISTS, '\if', '\ifEx', 'true', 'false', '(', '{', '@', NOT, SEQARROW, '-', STRING_LITERAL, CHAR_LITERAL, BIN_LITERAL, HEX_LITERAL, IDENT, INT_LITERAL, FLOAT_LITERAL, DOUBLE_LITERAL, REAL_LITERAL}
line 208:27 extraneous input '(' expecting {'\lemma', '}', IDENT, '/*!'}
line 208:32 mismatched input '&' expecting {'(', '{'}
line 210:42 mismatched input '}' expecting {'(', '{'}
line 211:39 mismatched input '}' expecting {'(', '{'}
line 218:14 mismatched input '\ifExintVar' expecting {MODALITY, FORALL, EXISTS, '\if', '\ifEx', 'true', 'false', '(', '{', '@', NOT, SEQARROW, '-', STRING_LITERAL, CHAR_LITERAL, BIN_LITERAL, HEX_LITERAL, IDENT, INT_LITERAL, FLOAT_LITERAL, DOUBLE_LITERAL, REAL_LITERAL}
line 218:27 extraneous input '(' expecting {'\lemma', '}', IDENT, '/*!'}
line 218:31 mismatched input ')' expecting {'(', '{'}
line 220:44 mismatched input ')' expecting {'(', '{'}
line 225:14 mismatched input '\ifExintVar' expecting {MODALITY, FORALL, EXISTS, '\if', '\ifEx', 'true', 'false', '(', '{', '@', NOT, SEQARROW, '-', STRING_LITERAL, CHAR_LITERAL, BIN_LITERAL, HEX_LITERAL, IDENT, INT_LITERAL, FLOAT_LITERAL, DOUBLE_LITERAL, REAL_LITERAL}
line 225:27 extraneous input '(' expecting {'\lemma', '}', IDENT, '/*!'}
line 225:31 mismatched input ')' expecting {'(', '{'}
line 227:44 mismatched input ')' expecting {'(', '{'}
line 233:14 mismatched input '\ifExintVar' expecting {MODALITY, FORALL, EXISTS, '\if', '\ifEx', 'true', 'false', '(', '{', '@', NOT, SEQARROW, '-', STRING_LITERAL, CHAR_LITERAL, BIN_LITERAL, HEX_LITERAL, IDENT, INT_LITERAL, FLOAT_LITERAL, DOUBLE_LITERAL, REAL_LITERAL}
line 233:27 extraneous input '(' expecting {'\lemma', '}', IDENT, '/*!'}
line 233:31 mismatched input ')' expecting {'(', '{'}
line 237:42 mismatched input '}' expecting {'(', '{'}
line 238:34 mismatched input '}' expecting {'(', '{'}
line 239:28 extraneous input '(' expecting {'\lemma', '}', IDENT, '/*!'}
line 239:33 mismatched input '->' expecting {'(', '{'}
line 240:8 extraneous input '\replacewith' expecting {'\lemma', '}', IDENT, '/*!'}
line 240:25 mismatched input ')' expecting {'(', '{'}
line 240:56 mismatched input ')' expecting {'(', '{'}
line 245:14 mismatched input '\ifExintVar' expecting {MODALITY, FORALL, EXISTS, '\if', '\ifEx', 'true', 'false', '(', '{', '@', NOT, SEQARROW, '-', STRING_LITERAL, CHAR_LITERAL, BIN_LITERAL, HEX_LITERAL, IDENT, INT_LITERAL, FLOAT_LITERAL, DOUBLE_LITERAL, REAL_LITERAL}
line 245:27 extraneous input '(' expecting {'\lemma', '}', IDENT, '/*!'}
line 245:31 mismatched input ')' expecting {'(', '{'}
line 248:45 mismatched input '}' expecting {'(', '{'}
line 249:8 extraneous input '\replacewith' expecting {'\lemma', '}', IDENT, '/*!'}
line 249:38 mismatched input ')' expecting {'(', '{'}
line 250:42 mismatched input '}' expecting {'(', '{'}
line 251:28 extraneous input '(' expecting {'\lemma', '}', IDENT, '/*!'}
line 251:33 mismatched input '->' expecting {'(', '{'}
line 255:14 mismatched input '\ifExintVar' expecting {MODALITY, FORALL, EXISTS, '\if', '\ifEx', 'true', 'false', '(', '{', '@', NOT, SEQARROW, '-', STRING_LITERAL, CHAR_LITERAL, BIN_LITERAL, HEX_LITERAL, IDENT, INT_LITERAL, FLOAT_LITERAL, DOUBLE_LITERAL, REAL_LITERAL}
line 255:27 extraneous input '(' expecting {'\lemma', '}', IDENT, '/*!'}
line 255:31 mismatched input ')' expecting {'(', '{'}
line 258:52 extraneous input '0' expecting {'\lemma', '}', IDENT, '/*!'}
line 258:54 mismatched input 'then' expecting {<EOF>, '\problem', '\chooseContract', '\proofObligation', '\proof'}

	at de.uka.ilkd.key.proof.io.KeYFile.readIncludes(KeYFile.java:210)
Caused by: de.uka.ilkd.key.util.parsing.SyntaxErrorReporter$ParserException: line 135:14 mismatched input '\ifExintVar' expecting {MODALITY, FORALL, EXISTS, '\if', '\ifEx', 'true', 'false', '(', '{', '@', NOT, SEQARROW, '-', STRING_LITERAL, CHAR_LITERAL, BIN_LITERAL, HEX_LITERAL, IDENT, INT_LITERAL, FLOAT_LITERAL, DOUBLE_LITERAL, REAL_LITERAL}
line 135:27 extraneous input '(' expecting {'\lemma', '}', IDENT, '/*!'}
line 135:44 mismatched input ')' expecting {'(', '{'}
line 141:14 mismatched input '\ifExintVar' expecting {MODALITY, FORALL, EXISTS, '\if', '\ifEx', 'true', 'false', '(', '{', '@', NOT, SEQARROW, '-', STRING_LITERAL, CHAR_LITERAL, BIN_LITERAL, HEX_LITERAL, IDENT, INT_LITERAL, FLOAT_LITERAL, DOUBLE_LITERAL, REAL_LITERAL}
line 141:27 extraneous input '(' expecting {'\lemma', '}', IDENT, '/*!'}
line 141:41 mismatched input ')' expecting {'(', '{'}
line 148:14 mismatched input '\ifExintVar' expecting {MODALITY, FORALL, EXISTS, '\if', '\ifEx', 'true', 'false', '(', '{', '@', NOT, SEQARROW, '-', STRING_LITERAL, CHAR_LITERAL, BIN_LITERAL, HEX_LITERAL, IDENT, INT_LITERAL, FLOAT_LITERAL, DOUBLE_LITERAL, REAL_LITERAL}
line 148:27 extraneous input '(' expecting {'\lemma', '}', IDENT, '/*!'}
line 148:35 mismatched input '=' expecting {'(', '{'}
line 150:38 mismatched input '}' expecting {'(', '{'}
line 155:14 mismatched input '\ifExintVar' expecting {MODALITY, FORALL, EXISTS, '\if', '\ifEx', 'true', 'false', '(', '{', '@', NOT, SEQARROW, '-', STRING_LITERAL, CHAR_LITERAL, BIN_LITERAL, HEX_LITERAL, IDENT, INT_LITERAL, FLOAT_LITERAL, DOUBLE_LITERAL, REAL_LITERAL}
line 155:27 extraneous input '(' expecting {'\lemma', '}', IDENT, '/*!'}
line 155:35 mismatched input '=' expecting {'(', '{'}
line 157:38 mismatched input '}' expecting {'(', '{'}
line 163:14 mismatched input '\ifExintVar' expecting {MODALITY, FORALL, EXISTS, '\if', '\ifEx', 'true', 'false', '(', '{', '@', NOT, SEQARROW, '-', STRING_LITERAL, CHAR_LITERAL, BIN_LITERAL, HEX_LITERAL, IDENT, INT_LITERAL, FLOAT_LITERAL, DOUBLE_LITERAL, REAL_LITERAL}
line 163:27 extraneous input '(' expecting {'\lemma', '}', IDENT, '/*!'}
line 163:30 mismatched input '=' expecting {'(', '{'}
line 165:38 mismatched input '}' expecting {'(', '{'}
line 171:14 mismatched input '\ifExintVar' expecting {MODALITY, FORALL, EXISTS, '\if', '\ifEx', 'true', 'false', '(', '{', '@', NOT, SEQARROW, '-', STRING_LITERAL, CHAR_LITERAL, BIN_LITERAL, HEX_LITERAL, IDENT, INT_LITERAL, FLOAT_LITERAL, DOUBLE_LITERAL, REAL_LITERAL}
line 171:27 extraneous input '(' expecting {'\lemma', '}', IDENT, '/*!'}
line 171:30 mismatched input '=' expecting {'(', '{'}
line 173:38 mismatched input '}' expecting {'(', '{'}
line 179:14 mismatched input '\ifExintVar' expecting {MODALITY, FORALL, EXISTS, '\if', '\ifEx', 'true', 'false', '(', '{', '@', NOT, SEQARROW, '-', STRING_LITERAL, CHAR_LITERAL, BIN_LITERAL, HEX_LITERAL, IDENT, INT_LITERAL, FLOAT_LITERAL, DOUBLE_LITERAL, REAL_LITERAL}
line 179:27 extraneous input '(' expecting {'\lemma', '}', IDENT, '/*!'}
line 179:32 mismatched input '&' expecting {'(', '{'}
line 181:42 mismatched input '}' expecting {'(', '{'}
line 182:39 mismatched input '}' expecting {'(', '{'}
line 188:14 mismatched input '\ifExintVar' expecting {MODALITY, FORALL, EXISTS, '\if', '\ifEx', 'true', 'false', '(', '{', '@', NOT, SEQARROW, '-', STRING_LITERAL, CHAR_LITERAL, BIN_LITERAL, HEX_LITERAL, IDENT, INT_LITERAL, FLOAT_LITERAL, DOUBLE_LITERAL, REAL_LITERAL}
line 188:27 extraneous input '(' expecting {'\lemma', '}', IDENT, '/*!'}
line 188:32 mismatched input '&' expecting {'(', '{'}
line 190:42 mismatched input '}' expecting {'(', '{'}
line 191:39 mismatched input '}' expecting {'(', '{'}
line 198:14 mismatched input '\ifExintVar' expecting {MODALITY, FORALL, EXISTS, '\if', '\ifEx', 'true', 'false', '(', '{', '@', NOT, SEQARROW, '-', STRING_LITERAL, CHAR_LITERAL, BIN_LITERAL, HEX_LITERAL, IDENT, INT_LITERAL, FLOAT_LITERAL, DOUBLE_LITERAL, REAL_LITERAL}
line 198:27 extraneous input '(' expecting {'\lemma', '}', IDENT, '/*!'}
line 198:32 mismatched input '&' expecting {'(', '{'}
line 200:42 mismatched input '}' expecting {'(', '{'}
line 201:39 mismatched input '}' expecting {'(', '{'}
line 208:14 mismatched input '\ifExintVar' expecting {MODALITY, FORALL, EXISTS, '\if', '\ifEx', 'true', 'false', '(', '{', '@', NOT, SEQARROW, '-', STRING_LITERAL, CHAR_LITERAL, BIN_LITERAL, HEX_LITERAL, IDENT, INT_LITERAL, FLOAT_LITERAL, DOUBLE_LITERAL, REAL_LITERAL}
line 208:27 extraneous input '(' expecting {'\lemma', '}', IDENT, '/*!'}
line 208:32 mismatched input '&' expecting {'(', '{'}
line 210:42 mismatched input '}' expecting {'(', '{'}
line 211:39 mismatched input '}' expecting {'(', '{'}
line 218:14 mismatched input '\ifExintVar' expecting {MODALITY, FORALL, EXISTS, '\if', '\ifEx', 'true', 'false', '(', '{', '@', NOT, SEQARROW, '-', STRING_LITERAL, CHAR_LITERAL, BIN_LITERAL, HEX_LITERAL, IDENT, INT_LITERAL, FLOAT_LITERAL, DOUBLE_LITERAL, REAL_LITERAL}
line 218:27 extraneous input '(' expecting {'\lemma', '}', IDENT, '/*!'}
line 218:31 mismatched input ')' expecting {'(', '{'}
line 220:44 mismatched input ')' expecting {'(', '{'}
line 225:14 mismatched input '\ifExintVar' expecting {MODALITY, FORALL, EXISTS, '\if', '\ifEx', 'true', 'false', '(', '{', '@', NOT, SEQARROW, '-', STRING_LITERAL, CHAR_LITERAL, BIN_LITERAL, HEX_LITERAL, IDENT, INT_LITERAL, FLOAT_LITERAL, DOUBLE_LITERAL, REAL_LITERAL}
line 225:27 extraneous input '(' expecting {'\lemma', '}', IDENT, '/*!'}
line 225:31 mismatched input ')' expecting {'(', '{'}
line 227:44 mismatched input ')' expecting {'(', '{'}
line 233:14 mismatched input '\ifExintVar' expecting {MODALITY, FORALL, EXISTS, '\if', '\ifEx', 'true', 'false', '(', '{', '@', NOT, SEQARROW, '-', STRING_LITERAL, CHAR_LITERAL, BIN_LITERAL, HEX_LITERAL, IDENT, INT_LITERAL, FLOAT_LITERAL, DOUBLE_LITERAL, REAL_LITERAL}
line 233:27 extraneous input '(' expecting {'\lemma', '}', IDENT, '/*!'}
line 233:31 mismatched input ')' expecting {'(', '{'}
line 237:42 mismatched input '}' expecting {'(', '{'}
line 238:34 mismatched input '}' expecting {'(', '{'}
line 239:28 extraneous input '(' expecting {'\lemma', '}', IDENT, '/*!'}
line 239:33 mismatched input '->' expecting {'(', '{'}
line 240:8 extraneous input '\replacewith' expecting {'\lemma', '}', IDENT, '/*!'}
line 240:25 mismatched input ')' expecting {'(', '{'}
line 240:56 mismatched input ')' expecting {'(', '{'}
line 245:14 mismatched input '\ifExintVar' expecting {MODALITY, FORALL, EXISTS, '\if', '\ifEx', 'true', 'false', '(', '{', '@', NOT, SEQARROW, '-', STRING_LITERAL, CHAR_LITERAL, BIN_LITERAL, HEX_LITERAL, IDENT, INT_LITERAL, FLOAT_LITERAL, DOUBLE_LITERAL, REAL_LITERAL}
line 245:27 extraneous input '(' expecting {'\lemma', '}', IDENT, '/*!'}
line 245:31 mismatched input ')' expecting {'(', '{'}
line 248:45 mismatched input '}' expecting {'(', '{'}
line 249:8 extraneous input '\replacewith' expecting {'\lemma', '}', IDENT, '/*!'}
line 249:38 mismatched input ')' expecting {'(', '{'}
line 250:42 mismatched input '}' expecting {'(', '{'}
line 251:28 extraneous input '(' expecting {'\lemma', '}', IDENT, '/*!'}
line 251:33 mismatched input '->' expecting {'(', '{'}
line 255:14 mismatched input '\ifExintVar' expecting {MODALITY, FORALL, EXISTS, '\if', '\ifEx', 'true', 'false', '(', '{', '@', NOT, SEQARROW, '-', STRING_LITERAL, CHAR_LITERAL, BIN_LITERAL, HEX_LITERAL, IDENT, INT_LITERAL, FLOAT_LITERAL, DOUBLE_LITERAL, REAL_LITERAL}
line 255:27 extraneous input '(' expecting {'\lemma', '}', IDENT, '/*!'}
line 255:31 mismatched input ')' expecting {'(', '{'}
line 258:52 extraneous input '0' expecting {'\lemma', '}', IDENT, '/*!'}
line 258:54 mismatched input 'then' expecting {<EOF>, '\problem', '\chooseContract', '\proofObligation', '\proof'}

	at de.uka.ilkd.key.util.parsing.SyntaxErrorReporter.throwException(SyntaxErrorReporter.java:89)

300656     WARN  Test worker     d.u.i.k.n.KeYParser       [syntax-error] file:/home/runner/work/key/key/key.core/build/resources/main/de/uka/ilkd/key/proof/rules/ifThenElseRules.key:135:14: mismatched input '\ifExintVar' expecting {MODALITY, FORALL, EXISTS, '\if', '\ifEx', 'true', 'false', '(', '{', '@', NOT, SEQARROW, '-', STRING_LITERAL, CHAR_LITERAL, BIN_LITERAL, HEX_LITERAL, IDENT, INT_LITERAL, FLOAT_LITERAL, DOUBLE_LITERAL, REAL_LITERAL} [@745,3563:3573='\ifExintVar',<188>,135:14] (termorseq, taclet, rulesOrAxioms, decls, file) 
300656     WARN  Test worker     d.u.i.k.n.KeYParser       [syntax-error] file:/home/runner/work/key/key/key.core/build/resources/main/de/uka/ilkd/key/proof/rules/ifThenElseRules.key:135:27: extraneous input '(' expecting {'\lemma', '}', IDENT, '/*!'} [@748,3576:3576='(',<146>,135:27] (rulesOrAxioms, decls, file) 
300656     WARN  Test worker     d.u.i.k.n.KeYParser       [syntax-error] file:/home/runner/work/key/key/key.core/build/resources/main/de/uka/ilkd/key/proof/rules/ifThenElseRules.key:135:44: mismatched input ')' expecting {'(', '{'} [@754,3593:3593=')',<147>,135:44] (taclet, rulesOrAxioms, decls, file) 
300656     WARN  Test worker     d.u.i.k.n.KeYParser       [syntax-error] file:/home/runner/work/key/key/key.core/build/resources/main/de/uka/ilkd/key/proof/rules/ifThenElseRules.key:141:14: mismatched input '\ifExintVar' expecting {MODALITY, FORALL, EXISTS, '\if', '\ifEx', 'true', 'false', '(', '{', '@', NOT, SEQARROW, '-', STRING_LITERAL, CHAR_LITERAL, BIN_LITERAL, HEX_LITERAL, IDENT, INT_LITERAL, FLOAT_LITERAL, DOUBLE_LITERAL, REAL_LITERAL} [@780,3716:3726='\ifExintVar',<188>,141:14] (termorseq, taclet, rulesOrAxioms, decls, file) 
300656     WARN  Test worker     d.u.i.k.n.KeYParser       [syntax-error] file:/home/runner/work/key/key/key.core/build/resources/main/de/uka/ilkd/key/proof/rules/ifThenElseRules.key:141:27: extraneous input '(' expecting {'\lemma', '}', IDENT, '/*!'} [@783,3729:3729='(',<146>,141:27] (rulesOrAxioms, decls, file) 
300656     WARN  Test worker     d.u.i.k.n.KeYParser       [syntax-error] file:/home/runner/work/key/key/key.core/build/resources/main/de/uka/ilkd/key/proof/rules/ifThenElseRules.key:141:41: mismatched input ')' expecting {'(', '{'} [@789,3743:3743=')',<147>,141:41] (taclet, rulesOrAxioms, decls, file) 
300656     WARN  Test worker     d.u.i.k.n.KeYParser       [syntax-error] file:/home/runner/work/key/key/key.core/build/resources/main/de/uka/ilkd/key/proof/rules/ifThenElseRules.key:148:14: mismatched input '\ifExintVar' expecting {MODALITY, FORALL, EXISTS, '\if', '\ifEx', 'true', 'false', '(', '{', '@', NOT, SEQARROW, '-', STRING_LITERAL, CHAR_LITERAL, BIN_LITERAL, HEX_LITERAL, IDENT, INT_LITERAL, FLOAT_LITERAL, DOUBLE_LITERAL, REAL_LITERAL} [@819,3896:3906='\ifExintVar',<188>,148:14] (termorseq, taclet, rulesOrAxioms, decls, file) 
300662     WARN  Test worker     d.u.i.k.n.KeYParser       [syntax-error] file:/home/runner/work/key/key/key.core/build/resources/main/de/uka/ilkd/key/proof/rules/ifThenElseRules.key:148:27: extraneous input '(' expecting {'\lemma', '}', IDENT, '/*!'} [@822,3909:3909='(',<146>,148:27] (rulesOrAxioms, decls, file) 
300662     WARN  Test worker     d.u.i.k.n.KeYParser       [syntax-error] file:/home/runner/work/key/key/key.core/build/resources/main/de/uka/ilkd/key/proof/rules/ifThenElseRules.key:148:35: mismatched input '=' expecting {'(', '{'} [@825,3917:3917='=',<159>,148:35] (taclet, rulesOrAxioms, decls, file) 
300662     WARN  Test worker     d.u.i.k.n.KeYParser       [syntax-error] file:/home/runner/work/key/key/key.core/build/resources/main/de/uka/ilkd/key/proof/rules/ifThenElseRules.key:150:38: mismatched input '}' expecting {'(', '{'} [@859,4023:4023='}',<149>,150:38] (taclet, rulesOrAxioms, decls, file) 
300662     WARN  Test worker     d.u.i.k.n.KeYParser       [syntax-error] file:/home/runner/work/key/key/key.core/build/resources/main/de/uka/ilkd/key/proof/rules/ifThenElseRules.key:155:14: mismatched input '\ifExintVar' expecting {MODALITY, FORALL, EXISTS, '\if', '\ifEx', 'true', 'false', '(', '{', '@', NOT, SEQARROW, '-', STRING_LITERAL, CHAR_LITERAL, BIN_LITERAL, HEX_LITERAL, IDENT, INT_LITERAL, FLOAT_LITERAL, DOUBLE_LITERAL, REAL_LITERAL} [@877,4109:4119='\ifExintVar',<188>,155:14] (termorseq, taclet, rulesOrAxioms, decls, file) 
300662     WARN  Test worker     d.u.i.k.n.KeYParser       [syntax-error] file:/home/runner/work/key/key/key.core/build/resources/main/de/uka/ilkd/key/proof/rules/ifThenElseRules.key:155:27: extraneous input '(' expecting {'\lemma', '}', IDENT, '/*!'} [@880,4122:4122='(',<146>,155:27] (rulesOrAxioms, decls, file) 
300662     WARN  Test worker     d.u.i.k.n.KeYParser       [syntax-error] file:/home/runner/work/key/key/key.core/build/resources/main/de/uka/ilkd/key/proof/rules/ifThenElseRules.key:155:35: mismatched input '=' expecting {'(', '{'} [@883,4130:4130='=',<159>,155:35] (taclet, rulesOrAxioms, decls, file) 
300663     WARN  Test worker     d.u.i.k.n.KeYParser       [syntax-error] file:/home/runner/work/key/key/key.core/build/resources/main/de/uka/ilkd/key/proof/rules/ifThenElseRules.key:157:38: mismatched input '}' expecting {'(', '{'} [@917,4230:4230='}',<149>,157:38] (taclet, rulesOrAxioms, decls, file) 
300663     WARN  Test worker     d.u.i.k.n.KeYParser       [syntax-error] file:/home/runner/work/key/key/key.core/build/resources/main/de/uka/ilkd/key/proof/rules/ifThenElseRules.key:163:14: mismatched input '\ifExintVar' expecting {MODALITY, FORALL, EXISTS, '\if', '\ifEx', 'true', 'false', '(', '{', '@', NOT, SEQARROW, '-', STRING_LITERAL, CHAR_LITERAL, BIN_LITERAL, HEX_LITERAL, IDENT, INT_LITERAL, FLOAT_LITERAL, DOUBLE_LITERAL, REAL_LITERAL} [@939,4350:4360='\ifExintVar',<188>,163:14] (termorseq, taclet, rulesOrAxioms, decls, file) 
300663     WARN  Test worker     d.u.i.k.n.KeYParser       [syntax-error] file:/home/runner/work/key/key/key.core/build/resources/main/de/uka/ilkd/key/proof/rules/ifThenElseRules.key:163:27: extraneous input '(' expecting {'\lemma', '}', IDENT, '/*!'} [@942,4363:4363='(',<146>,163:27] (rulesOrAxioms, decls, file) 
300663     WARN  Test worker     d.u.i.k.n.KeYParser       [syntax-error] file:/home/runner/work/key/key/key.core/build/resources/main/de/uka/ilkd/key/proof/rules/ifThenElseRules.key:163:30: mismatched input '=' expecting {'(', '{'} [@945,4366:4366='=',<159>,163:30] (taclet, rulesOrAxioms, decls, file) 
300663     WARN  Test worker     d.u.i.k.n.KeYParser       [syntax-error] file:/home/runner/work/key/key/key.core/build/resources/main/de/uka/ilkd/key/proof/rules/ifThenElseRules.key:165:38: mismatched input '}' expecting {'(', '{'} [@979,4477:4477='}',<149>,165:38] (taclet, rulesOrAxioms, decls, file) 
300663     WARN  Test worker     d.u.i.k.n.KeYParser       [syntax-error] file:/home/runner/work/key/key/key.core/build/resources/main/de/uka/ilkd/key/proof/rules/ifThenElseRules.key:171:14: mismatched input '\ifExintVar' expecting {MODALITY, FORALL, EXISTS, '\if', '\ifEx', 'true', 'false', '(', '{', '@', NOT, SEQARROW, '-', STRING_LITERAL, CHAR_LITERAL, BIN_LITERAL, HEX_LITERAL, IDENT, INT_LITERAL, FLOAT_LITERAL, DOUBLE_LITERAL, REAL_LITERAL} [@1001,4604:4614='\ifExintVar',<188>,171:14] (termorseq, taclet, rulesOrAxioms, decls, file) 
300663     WARN  Test worker     d.u.i.k.n.KeYParser       [syntax-error] file:/home/runner/work/key/key/key.core/build/resources/main/de/uka/ilkd/key/proof/rules/ifThenElseRules.key:171:27: extraneous input '(' expecting {'\lemma', '}', IDENT, '/*!'} [@1004,4617:4617='(',<146>,171:27] (rulesOrAxioms, decls, file) 
300663     WARN  Test worker     d.u.i.k.n.KeYParser       [syntax-error] file:/home/runner/work/key/key/key.core/build/resources/main/de/uka/ilkd/key/proof/rules/ifThenElseRules.key:171:30: mismatched input '=' expecting {'(', '{'} [@1007,4620:4620='=',<159>,171:30] (taclet, rulesOrAxioms, decls, file) 
300663     WARN  Test worker     d.u.i.k.n.KeYParser       [syntax-error] file:/home/runner/work/key/key/key.core/build/resources/main/de/uka/ilkd/key/proof/rules/ifThenElseRules.key:173:38: mismatched input '}' expecting {'(', '{'} [@1041,4725:4725='}',<149>,173:38] (taclet, rulesOrAxioms, decls, file) 
300664     WARN  Test worker     d.u.i.k.n.KeYParser       [syntax-error] file:/home/runner/work/key/key/key.core/build/resources/main/de/uka/ilkd/key/proof/rules/ifThenElseRules.key:179:14: mismatched input '\ifExintVar' expecting {MODALITY, FORALL, EXISTS, '\if', '\ifEx', 'true', 'false', '(', '{', '@', NOT, SEQARROW, '-', STRING_LITERAL, CHAR_LITERAL, BIN_LITERAL, HEX_LITERAL, IDENT, INT_LITERAL, FLOAT_LITERAL, DOUBLE_LITERAL, REAL_LITERAL} [@1063,4848:4858='\ifExintVar',<188>,179:14] (termorseq, taclet, rulesOrAxioms, decls, file) 
300664     WARN  Test worker     d.u.i.k.n.KeYParser       [syntax-error] file:/home/runner/work/key/key/key.core/build/resources/main/de/uka/ilkd/key/proof/rules/ifThenElseRules.key:179:27: extraneous input '(' expecting {'\lemma', '}', IDENT, '/*!'} [@1066,4861:4861='(',<146>,179:27] (rulesOrAxioms, decls, file) 
300664     WARN  Test worker     d.u.i.k.n.KeYParser       [syntax-error] file:/home/runner/work/key/key/key.core/build/resources/main/de/uka/ilkd/key/proof/rules/ifThenElseRules.key:179:32: mismatched input '&' expecting {'(', '{'} [@1069,4866:4866='&',<156>,179:32] (taclet, rulesOrAxioms, decls, file) 
300664     WARN  Test worker     d.u.i.k.n.KeYParser       [syntax-error] file:/home/runner/work/key/key/key.core/build/resources/main/de/uka/ilkd/key/proof/rules/ifThenElseRules.key:181:42: mismatched input '}' expecting {'(', '{'} [@1109,4985:4985='}',<149>,181:42] (taclet, rulesOrAxioms, decls, file) 
300670     WARN  Test worker     d.u.i.k.n.KeYParser       [syntax-error] file:/home/runner/work/key/key/key.core/build/resources/main/de/uka/ilkd/key/proof/rules/ifThenElseRules.key:182:39: mismatched input '}' expecting {'(', '{'} [@1122,5030:5030='}',<149>,182:39] (taclet, rulesOrAxioms, decls, file) 
300670     WARN  Test worker     d.u.i.k.n.KeYParser       [syntax-error] file:/home/runner/work/key/key/key.core/build/resources/main/de/uka/ilkd/key/proof/rules/ifThenElseRules.key:188:14: mismatched input '\ifExintVar' expecting {MODALITY, FORALL, EXISTS, '\if', '\ifEx', 'true', 'false', '(', '{', '@', NOT, SEQARROW, '-', STRING_LITERAL, CHAR_LITERAL, BIN_LITERAL, HEX_LITERAL, IDENT, INT_LITERAL, FLOAT_LITERAL, DOUBLE_LITERAL, REAL_LITERAL} [@1146,5149:5159='\ifExintVar',<188>,188:14] (termorseq, taclet, rulesOrAxioms, decls, file) 
300670     WARN  Test worker     d.u.i.k.n.KeYParser       [syntax-error] file:/home/runner/work/key/key/key.core/build/resources/main/de/uka/ilkd/key/proof/rules/ifThenElseRules.key:188:27: extraneous input '(' expecting {'\lemma', '}', IDENT, '/*!'} [@1149,5162:5162='(',<146>,188:27] (rulesOrAxioms, decls, file) 
300671     WARN  Test worker     d.u.i.k.n.KeYParser       [syntax-error] file:/home/runner/work/key/key/key.core/build/resources/main/de/uka/ilkd/key/proof/rules/ifThenElseRules.key:188:32: mismatched input '&' expecting {'(', '{'} [@1152,5167:5167='&',<156>,188:32] (taclet, rulesOrAxioms, decls, file) 
300671     WARN  Test worker     d.u.i.k.n.KeYParser       [syntax-error] file:/home/runner/work/key/key/key.core/build/resources/main/de/uka/ilkd/key/proof/rules/ifThenElseRules.key:190:42: mismatched input '}' expecting {'(', '{'} [@1192,5280:5280='}',<149>,190:42] (taclet, rulesOrAxioms, decls, file) 
300671     WARN  Test worker     d.u.i.k.n.KeYParser       [syntax-error] file:/home/runner/work/key/key/key.core/build/resources/main/de/uka/ilkd/key/proof/rules/ifThenElseRules.key:191:39: mismatched input '}' expecting {'(', '{'} [@1205,5325:5325='}',<149>,191:39] (taclet, rulesOrAxioms, decls, file) 
300671     WARN  Test worker     d.u.i.k.n.KeYParser       [syntax-error] file:/home/runner/work/key/key/key.core/build/resources/main/de/uka/ilkd/key/proof/rules/ifThenElseRules.key:198:14: mismatched input '\ifExintVar' expecting {MODALITY, FORALL, EXISTS, '\if', '\ifEx', 'true', 'false', '(', '{', '@', NOT, SEQARROW, '-', STRING_LITERAL, CHAR_LITERAL, BIN_LITERAL, HEX_LITERAL, IDENT, INT_LITERAL, FLOAT_LITERAL, DOUBLE_LITERAL, REAL_LITERAL} [@1233,5475:5485='\ifExintVar',<188>,198:14] (termorseq, taclet, rulesOrAxioms, decls, file) 
300671     WARN  Test worker     d.u.i.k.n.KeYParser       [syntax-error] file:/home/runner/work/key/key/key.core/build/resources/main/de/uka/ilkd/key/proof/rules/ifThenElseRules.key:198:27: extraneous input '(' expecting {'\lemma', '}', IDENT, '/*!'} [@1236,5488:5488='(',<146>,198:27] (rulesOrAxioms, decls, file) 
300671     WARN  Test worker     d.u.i.k.n.KeYParser       [syntax-error] file:/home/runner/work/key/key/key.core/build/resources/main/de/uka/ilkd/key/proof/rules/ifThenElseRules.key:198:32: mismatched input '&' expecting {'(', '{'} [@1239,5493:5493='&',<156>,198:32] (taclet, rulesOrAxioms, decls, file) 
300671     WARN  Test worker     d.u.i.k.n.KeYParser       [syntax-error] file:/home/runner/work/key/key/key.core/build/resources/main/de/uka/ilkd/key/proof/rules/ifThenElseRules.key:200:42: mismatched input '}' expecting {'(', '{'} [@1279,5612:5612='}',<149>,200:42] (taclet, rulesOrAxioms, decls, file) 
300671     WARN  Test worker     d.u.i.k.n.KeYParser       [syntax-error] file:/home/runner/work/key/key/key.core/build/resources/main/de/uka/ilkd/key/proof/rules/ifThenElseRules.key:201:39: mismatched input '}' expecting {'(', '{'} [@1292,5657:5657='}',<149>,201:39] (taclet, rulesOrAxioms, decls, file) 
300671     WARN  Test worker     d.u.i.k.n.KeYParser       [syntax-error] file:/home/runner/work/key/key/key.core/build/resources/main/de/uka/ilkd/key/proof/rules/ifThenElseRules.key:208:14: mismatched input '\ifExintVar' expecting {MODALITY, FORALL, EXISTS, '\if', '\ifEx', 'true', 'false', '(', '{', '@', NOT, SEQARROW, '-', STRING_LITERAL, CHAR_LITERAL, BIN_LITERAL, HEX_LITERAL, IDENT, INT_LITERAL, FLOAT_LITERAL, DOUBLE_LITERAL, REAL_LITERAL} [@1320,5817:5827='\ifExintVar',<188>,208:14] (termorseq, taclet, rulesOrAxioms, decls, file) 
300671     WARN  Test worker     d.u.i.k.n.KeYParser       [syntax-error] file:/home/runner/work/key/key/key.core/build/resources/main/de/uka/ilkd/key/proof/rules/ifThenElseRules.key:208:27: extraneous input '(' expecting {'\lemma', '}', IDENT, '/*!'} [@1323,5830:5830='(',<146>,208:27] (rulesOrAxioms, decls, file) 
300671     WARN  Test worker     d.u.i.k.n.KeYParser       [syntax-error] file:/home/runner/work/key/key/key.core/build/resources/main/de/uka/ilkd/key/proof/rules/ifThenElseRules.key:208:32: mismatched input '&' expecting {'(', '{'} [@1326,5835:5835='&',<156>,208:32] (taclet, rulesOrAxioms, decls, file) 
300671     WARN  Test worker     d.u.i.k.n.KeYParser       [syntax-error] file:/home/runner/work/key/key/key.core/build/resources/main/de/uka/ilkd/key/proof/rules/ifThenElseRules.key:210:42: mismatched input '}' expecting {'(', '{'} [@1366,5948:5948='}',<149>,210:42] (taclet, rulesOrAxioms, decls, file) 
300671     WARN  Test worker     d.u.i.k.n.KeYParser       [syntax-error] file:/home/runner/work/key/key/key.core/build/resources/main/de/uka/ilkd/key/proof/rules/ifThenElseRules.key:211:39: mismatched input '}' expecting {'(', '{'} [@1379,5993:5993='}',<149>,211:39] (taclet, rulesOrAxioms, decls, file) 
300672     WARN  Test worker     d.u.i.k.n.KeYParser       [syntax-error] file:/home/runner/work/key/key/key.core/build/resources/main/de/uka/ilkd/key/proof/rules/ifThenElseRules.key:218:14: mismatched input '\ifExintVar' expecting {MODALITY, FORALL, EXISTS, '\if', '\ifEx', 'true', 'false', '(', '{', '@', NOT, SEQARROW, '-', STRING_LITERAL, CHAR_LITERAL, BIN_LITERAL, HEX_LITERAL, IDENT, INT_LITERAL, FLOAT_LITERAL, DOUBLE_LITERAL, REAL_LITERAL} [@1407,6146:6156='\ifExintVar',<188>,218:14] (termorseq, taclet, rulesOrAxioms, decls, file) 
300672     WARN  Test worker     d.u.i.k.n.KeYParser       [syntax-error] file:/home/runner/work/key/key/key.core/build/resources/main/de/uka/ilkd/key/proof/rules/ifThenElseRules.key:218:27: extraneous input '(' expecting {'\lemma', '}', IDENT, '/*!'} [@1410,6159:6159='(',<146>,218:27] (rulesOrAxioms, decls, file) 
300672     WARN  Test worker     d.u.i.k.n.KeYParser       [syntax-error] file:/home/runner/work/key/key/key.core/build/resources/main/de/uka/ilkd/key/proof/rules/ifThenElseRules.key:218:31: mismatched input ')' expecting {'(', '{'} [@1412,6163:6163=')',<147>,218:31] (taclet, rulesOrAxioms, decls, file) 
300672     WARN  Test worker     d.u.i.k.n.KeYParser       [syntax-error] file:/home/runner/work/key/key/key.core/build/resources/main/de/uka/ilkd/key/proof/rules/ifThenElseRules.key:220:44: mismatched input ')' expecting {'(', '{'} [@1444,6275:6275=')',<147>,220:44] (taclet, rulesOrAxioms, decls, file) 
300672     WARN  Test worker     d.u.i.k.n.KeYParser       [syntax-error] file:/home/runner/work/key/key/key.core/build/resources/main/de/uka/ilkd/key/proof/rules/ifThenElseRules.key:225:14: mismatched input '\ifExintVar' expecting {MODALITY, FORALL, EXISTS, '\if', '\ifEx', 'true', 'false', '(', '{', '@', NOT, SEQARROW, '-', STRING_LITERAL, CHAR_LITERAL, BIN_LITERAL, HEX_LITERAL, IDENT, INT_LITERAL, FLOAT_LITERAL, DOUBLE_LITERAL, REAL_LITERAL} [@1471,6389:6399='\ifExintVar',<188>,225:14] (termorseq, taclet, rulesOrAxioms, decls, file) 
300672     WARN  Test worker     d.u.i.k.n.KeYParser       [syntax-error] file:/home/runner/work/key/key/key.core/build/resources/main/de/uka/ilkd/key/proof/rules/ifThenElseRules.key:225:27: extraneous input '(' expecting {'\lemma', '}', IDENT, '/*!'} [@1474,6402:6402='(',<146>,225:27] (rulesOrAxioms, decls, file) 
300672     WARN  Test worker     d.u.i.k.n.KeYParser       [syntax-error] file:/home/runner/work/key/key/key.core/build/resources/main/de/uka/ilkd/key/proof/rules/ifThenElseRules.key:225:31: mismatched input ')' expecting {'(', '{'} [@1476,6406:6406=')',<147>,225:31] (taclet, rulesOrAxioms, decls, file) 
300672     WARN  Test worker     d.u.i.k.n.KeYParser       [syntax-error] file:/home/runner/work/key/key/key.core/build/resources/main/de/uka/ilkd/key/proof/rules/ifThenElseRules.key:227:44: mismatched input ')' expecting {'(', '{'} [@1508,6509:6509=')',<147>,227:44] (taclet, rulesOrAxioms, decls, file) 
300672     WARN  Test worker     d.u.i.k.n.KeYParser       [syntax-error] file:/home/runner/work/key/key/key.core/build/resources/main/de/uka/ilkd/key/proof/rules/ifThenElseRules.key:233:14: mismatched input '\ifExintVar' expecting {MODALITY, FORALL, EXISTS, '\if', '\ifEx', 'true', 'false', '(', '{', '@', NOT, SEQARROW, '-', STRING_LITERAL, CHAR_LITERAL, BIN_LITERAL, HEX_LITERAL, IDENT, INT_LITERAL, FLOAT_LITERAL, DOUBLE_LITERAL, REAL_LITERAL} [@1539,6656:6666='\ifExintVar',<188>,233:14] (termorseq, taclet, rulesOrAxioms, decls, file) 
300672     WARN  Test worker     d.u.i.k.n.KeYParser       [syntax-error] file:/home/runner/work/key/key/key.core/build/resources/main/de/uka/ilkd/key/proof/rules/ifThenElseRules.key:233:27: extraneous input '(' expecting {'\lemma', '}', IDENT, '/*!'} [@1542,6669:6669='(',<146>,233:27] (rulesOrAxioms, decls, file) 
300672     WARN  Test worker     d.u.i.k.n.KeYParser       [syntax-error] file:/home/runner/work/key/key/key.core/build/resources/main/de/uka/ilkd/key/proof/rules/ifThenElseRules.key:233:31: mismatched input ')' expecting {'(', '{'} [@1544,6673:6673=')',<147>,233:31] (taclet, rulesOrAxioms, decls, file) 
300672     WARN  Test worker     d.u.i.k.n.KeYParser       [syntax-error] file:/home/runner/work/key/key/key.core/build/resources/main/de/uka/ilkd/key/proof/rules/ifThenElseRules.key:237:42: mismatched input '}' expecting {'(', '{'} [@1586,6850:6850='}',<149>,237:42] (taclet, rulesOrAxioms, decls, file) 
300672     WARN  Test worker     d.u.i.k.n.KeYParser       [syntax-error] file:/home/runner/work/key/key/key.core/build/resources/main/de/uka/ilkd/key/proof/rules/ifThenElseRules.key:238:34: mismatched input '}' expecting {'(', '{'} [@1599,6891:6891='}',<149>,238:34] (taclet, rulesOrAxioms, decls, file) 
300673     WARN  Test worker     d.u.i.k.n.KeYParser       [syntax-error] file:/home/runner/work/key/key/key.core/build/resources/main/de/uka/ilkd/key/proof/rules/ifThenElseRules.key:239:28: extraneous input '(' expecting {'\lemma', '}', IDENT, '/*!'} [@1608,6925:6925='(',<146>,239:28] (rulesOrAxioms, decls, file) 
300673     WARN  Test worker     d.u.i.k.n.KeYParser       [syntax-error] file:/home/runner/work/key/key/key.core/build/resources/main/de/uka/ilkd/key/proof/rules/ifThenElseRules.key:239:33: mismatched input '->' expecting {'(', '{'} [@1611,6930:6931='->',<158>,239:33] (taclet, rulesOrAxioms, decls, file) 
300673     WARN  Test worker     d.u.i.k.n.KeYParser       [syntax-error] file:/home/runner/work/key/key/key.core/build/resources/main/de/uka/ilkd/key/proof/rules/ifThenElseRules.key:240:8: extraneous input '\replacewith' expecting {'\lemma', '}', IDENT, '/*!'} [@1626,6979:6990='\replacewith',<105>,240:8] (rulesOrAxioms, decls, file) 
300673     WARN  Test worker     d.u.i.k.n.KeYParser       [syntax-error] file:/home/runner/work/key/key/key.core/build/resources/main/de/uka/ilkd/key/proof/rules/ifThenElseRules.key:240:25: mismatched input ')' expecting {'(', '{'} [@1629,6996:6996=')',<147>,240:25] (taclet, rulesOrAxioms, decls, file) 
300673     WARN  Test worker     d.u.i.k.n.KeYParser       [syntax-error] file:/home/runner/work/key/key/key.core/build/resources/main/de/uka/ilkd/key/proof/rules/ifThenElseRules.key:240:56: mismatched input ')' expecting {'(', '{'} [@1642,7027:7027=')',<147>,240:56] (taclet, rulesOrAxioms, decls, file) 
300673     WARN  Test worker     d.u.i.k.n.KeYParser       [syntax-error] file:/home/runner/work/key/key/key.core/build/resources/main/de/uka/ilkd/key/proof/rules/ifThenElseRules.key:245:14: mismatched input '\ifExintVar' expecting {MODALITY, FORALL, EXISTS, '\if', '\ifEx', 'true', 'false', '(', '{', '@', NOT, SEQARROW, '-', STRING_LITERAL, CHAR_LITERAL, BIN_LITERAL, HEX_LITERAL, IDENT, INT_LITERAL, FLOAT_LITERAL, DOUBLE_LITERAL, REAL_LITERAL} [@1658,7109:7119='\ifExintVar',<188>,245:14] (termorseq, taclet, rulesOrAxioms, decls, file) 
300673     WARN  Test worker     d.u.i.k.n.KeYParser       [syntax-error] file:/home/runner/work/key/key/key.core/build/resources/main/de/uka/ilkd/key/proof/rules/ifThenElseRules.key:245:27: extraneous input '(' expecting {'\lemma', '}', IDENT, '/*!'} [@1661,7122:7122='(',<146>,245:27] (rulesOrAxioms, decls, file) 
300673     WARN  Test worker     d.u.i.k.n.KeYParser       [syntax-error] file:/home/runner/work/key/key/key.core/build/resources/main/de/uka/ilkd/key/proof/rules/ifThenElseRules.key:245:31: mismatched input ')' expecting {'(', '{'} [@1663,7126:7126=')',<147>,245:31] (taclet, rulesOrAxioms, decls, file) 
300673     WARN  Test worker     d.u.i.k.n.KeYParser       [syntax-error] file:/home/runner/work/key/key/key.core/build/resources/main/de/uka/ilkd/key/proof/rules/ifThenElseRules.key:248:45: mismatched input '}' expecting {'(', '{'} [@1696,7268:7268='}',<149>,248:45] (taclet, rulesOrAxioms, decls, file) 
300673     WARN  Test worker     d.u.i.k.n.KeYParser       [syntax-error] file:/home/runner/work/key/key/key.core/build/resources/main/de/uka/ilkd/key/proof/rules/ifThenElseRules.key:249:8: extraneous input '\replacewith' expecting {'\lemma', '}', IDENT, '/*!'} [@1701,7284:7295='\replacewith',<105>,249:8] (rulesOrAxioms, decls, file) 
300673     WARN  Test worker     d.u.i.k.n.KeYParser       [syntax-error] file:/home/runner/work/key/key/key.core/build/resources/main/de/uka/ilkd/key/proof/rules/ifThenElseRules.key:249:38: mismatched input ')' expecting {'(', '{'} [@1708,7314:7314=')',<147>,249:38] (taclet, rulesOrAxioms, decls, file) 
300673     WARN  Test worker     d.u.i.k.n.KeYParser       [syntax-error] file:/home/runner/work/key/key/key.core/build/resources/main/de/uka/ilkd/key/proof/rules/ifThenElseRules.key:250:42: mismatched input '}' expecting {'(', '{'} [@1731,7381:7381='}',<149>,250:42] (taclet, rulesOrAxioms, decls, file) 
300673     WARN  Test worker     d.u.i.k.n.KeYParser       [syntax-error] file:/home/runner/work/key/key/key.core/build/resources/main/de/uka/ilkd/key/proof/rules/ifThenElseRules.key:251:28: extraneous input '(' expecting {'\lemma', '}', IDENT, '/*!'} [@1741,7416:7416='(',<146>,251:28] (rulesOrAxioms, decls, file) 
300673     WARN  Test worker     d.u.i.k.n.KeYParser       [syntax-error] file:/home/runner/work/key/key/key.core/build/resources/main/de/uka/ilkd/key/proof/rules/ifThenElseRules.key:251:33: mismatched input '->' expecting {'(', '{'} [@1744,7421:7422='->',<158>,251:33] (taclet, rulesOrAxioms, decls, file) 
300673     WARN  Test worker     d.u.i.k.n.KeYParser       [syntax-error] file:/home/runner/work/key/key/key.core/build/resources/main/de/uka/ilkd/key/proof/rules/ifThenElseRules.key:255:14: mismatched input '\ifExintVar' expecting {MODALITY, FORALL, EXISTS, '\if', '\ifEx', 'true', 'false', '(', '{', '@', NOT, SEQARROW, '-', STRING_LITERAL, CHAR_LITERAL, BIN_LITERAL, HEX_LITERAL, IDENT, INT_LITERAL, FLOAT_LITERAL, DOUBLE_LITERAL, REAL_LITERAL} [@1765,7506:7516='\ifExintVar',<188>,255:14] (termorseq, taclet, rulesOrAxioms, decls, file) 
300674     WARN  Test worker     d.u.i.k.n.KeYParser       [syntax-error] file:/home/runner/work/key/key/key.core/build/resources/main/de/uka/ilkd/key/proof/rules/ifThenElseRules.key:255:27: extraneous input '(' expecting {'\lemma', '}', IDENT, '/*!'} [@1768,7519:7519='(',<146>,255:27] (rulesOrAxioms, decls, file) 
300674     WARN  Test worker     d.u.i.k.n.KeYParser       [syntax-error] file:/home/runner/work/key/key/key.core/build/resources/main/de/uka/ilkd/key/proof/rules/ifThenElseRules.key:255:31: mismatched input ')' expecting {'(', '{'} [@1770,7523:7523=')',<147>,255:31] (taclet, rulesOrAxioms, decls, file) 
300674     WARN  Test worker     d.u.i.k.n.KeYParser       [syntax-error] file:/home/runner/work/key/key/key.core/build/resources/main/de/uka/ilkd/key/proof/rules/ifThenElseRules.key:258:52: extraneous input '0' expecting {'\lemma', '}', IDENT, '/*!'} [@1809,7667:7667='0',<184>,258:52] (rulesOrAxioms, decls, file) 
300674     WARN  Test worker     d.u.i.k.n.KeYParser       [syntax-error] file:/home/runner/work/key/key/key.core/build/resources/main/de/uka/ilkd/key/proof/rules/ifThenElseRules.key:258:54: mismatched input 'then' expecting {<EOF>, '\problem', '\chooseContract', '\proofObligation', '\proof'} [@1811,7669:7672='then',<183>,258:54] (file) 
300674     ERROR Test worker     d.u.i.k.s.n.MasterHandlerTest Error reading /home/runner/work/key/key/key.core/build/resources/test/de/uka/ilkd/key/smt/newsmt2/cases/types2.props de.uka.ilkd.key.proof.io.ProblemLoaderException: line 135:14 mismatched input '\ifExintVar' expecting {MODALITY, FORALL, EXISTS, '\if', '\ifEx', 'true', 'false', '(', '{', '@', NOT, SEQARROW, '-', STRING_LITERAL, CHAR_LITERAL, BIN_LITERAL, HEX_LITERAL, IDENT, INT_LITERAL, FLOAT_LITERAL, DOUBLE_LITERAL, REAL_LITERAL}
line 135:27 extraneous input '(' expecting {'\lemma', '}', IDENT, '/*!'}
line 135:44 mismatched input ')' expecting {'(', '{'}
line 141:14 mismatched input '\ifExintVar' expecting {MODALITY, FORALL, EXISTS, '\if', '\ifEx', 'true', 'false', '(', '{', '@', NOT, SEQARROW, '-', STRING_LITERAL, CHAR_LITERAL, BIN_LITERAL, HEX_LITERAL, IDENT, INT_LITERAL, FLOAT_LITERAL, DOUBLE_LITERAL, REAL_LITERAL}
line 141:27 extraneous input '(' expecting {'\lemma', '}', IDENT, '/*!'}
line 141:41 mismatched input ')' expecting {'(', '{'}
line 148:14 mismatched input '\ifExintVar' expecting {MODALITY, FORALL, EXISTS, '\if', '\ifEx', 'true', 'false', '(', '{', '@', NOT, SEQARROW, '-', STRING_LITERAL, CHAR_LITERAL, BIN_LITERAL, HEX_LITERAL, IDENT, INT_LITERAL, FLOAT_LITERAL, DOUBLE_LITERAL, REAL_LITERAL}
line 148:27 extraneous input '(' expecting {'\lemma', '}', IDENT, '/*!'}
line 148:35 mismatched input '=' expecting {'(', '{'}
line 150:38 mismatched input '}' expecting {'(', '{'}
line 155:14 mismatched input '\ifExintVar' expecting {MODALITY, FORALL, EXISTS, '\if', '\ifEx', 'true', 'false', '(', '{', '@', NOT, SEQARROW, '-', STRING_LITERAL, CHAR_LITERAL, BIN_LITERAL, HEX_LITERAL, IDENT, INT_LITERAL, FLOAT_LITERAL, DOUBLE_LITERAL, REAL_LITERAL}
line 155:27 extraneous input '(' expecting {'\lemma', '}', IDENT, '/*!'}
line 155:35 mismatched input '=' expecting {'(', '{'}
line 157:38 mismatched input '}' expecting {'(', '{'}
line 163:14 mismatched input '\ifExintVar' expecting {MODALITY, FORALL, EXISTS, '\if', '\ifEx', 'true', 'false', '(', '{', '@', NOT, SEQARROW, '-', STRING_LITERAL, CHAR_LITERAL, BIN_LITERAL, HEX_LITERAL, IDENT, INT_LITERAL, FLOAT_LITERAL, DOUBLE_LITERAL, REAL_LITERAL}
line 163:27 extraneous input '(' expecting {'\lemma', '}', IDENT, '/*!'}
line 163:30 mismatched input '=' expecting {'(', '{'}
line 165:38 mismatched input '}' expecting {'(', '{'}
line 171:14 mismatched input '\ifExintVar' expecting {MODALITY, FORALL, EXISTS, '\if', '\ifEx', 'true', 'false', '(', '{', '@', NOT, SEQARROW, '-', STRING_LITERAL, CHAR_LITERAL, BIN_LITERAL, HEX_LITERAL, IDENT, INT_LITERAL, FLOAT_LITERAL, DOUBLE_LITERAL, REAL_LITERAL}
line 171:27 extraneous input '(' expecting {'\lemma', '}', IDENT, '/*!'}
line 171:30 mismatched input '=' expecting {'(', '{'}
line 173:38 mismatched input '}' expecting {'(', '{'}
line 179:14 mismatched input '\ifExintVar' expecting {MODALITY, FORALL, EXISTS, '\if', '\ifEx', 'true', 'false', '(', '{', '@', NOT, SEQARROW, '-', STRING_LITERAL, CHAR_LITERAL, BIN_LITERAL, HEX_LITERAL, IDENT, INT_LITERAL, FLOAT_LITERAL, DOUBLE_LITERAL, REAL_LITERAL}
line 179:27 extraneous input '(' expecting {'\lemma', '}', IDENT, '/*!'}
line 179:32 mismatched input '&' expecting {'(', '{'}
line 181:42 mismatched input '}' expecting {'(', '{'}
line 182:39 mismatched input '}' expecting {'(', '{'}
line 188:14 mismatched input '\ifExintVar' expecting {MODALITY, FORALL, EXISTS, '\if', '\ifEx', 'true', 'false', '(', '{', '@', NOT, SEQARROW, '-', STRING_LITERAL, CHAR_LITERAL, BIN_LITERAL, HEX_LITERAL, IDENT, INT_LITERAL, FLOAT_LITERAL, DOUBLE_LITERAL, REAL_LITERAL}
line 188:27 extraneous input '(' expecting {'\lemma', '}', IDENT, '/*!'}
line 188:32 mismatched input '&' expecting {'(', '{'}
line 190:42 mismatched input '}' expecting {'(', '{'}
line 191:39 mismatched input '}' expecting {'(', '{'}
line 198:14 mismatched input '\ifExintVar' expecting {MODALITY, FORALL, EXISTS, '\if', '\ifEx', 'true', 'false', '(', '{', '@', NOT, SEQARROW, '-', STRING_LITERAL, CHAR_LITERAL, BIN_LITERAL, HEX_LITERAL, IDENT, INT_LITERAL, FLOAT_LITERAL, DOUBLE_LITERAL, REAL_LITERAL}
line 198:27 extraneous input '(' expecting {'\lemma', '}', IDENT, '/*!'}
line 198:32 mismatched input '&' expecting {'(', '{'}
line 200:42 mismatched input '}' expecting {'(', '{'}
line 201:39 mismatched input '}' expecting {'(', '{'}
line 208:14 mismatched input '\ifExintVar' expecting {MODALITY, FORALL, EXISTS, '\if', '\ifEx', 'true', 'false', '(', '{', '@', NOT, SEQARROW, '-', STRING_LITERAL, CHAR_LITERAL, BIN_LITERAL, HEX_LITERAL, IDENT, INT_LITERAL, FLOAT_LITERAL, DOUBLE_LITERAL, REAL_LITERAL}
line 208:27 extraneous input '(' expecting {'\lemma', '}', IDENT, '/*!'}
line 208:32 mismatched input '&' expecting {'(', '{'}
line 210:42 mismatched input '}' expecting {'(', '{'}
line 211:39 mismatched input '}' expecting {'(', '{'}
line 218:14 mismatched input '\ifExintVar' expecting {MODALITY, FORALL, EXISTS, '\if', '\ifEx', 'true', 'false', '(', '{', '@', NOT, SEQARROW, '-', STRING_LITERAL, CHAR_LITERAL, BIN_LITERAL, HEX_LITERAL, IDENT, INT_LITERAL, FLOAT_LITERAL, DOUBLE_LITERAL, REAL_LITERAL}
line 218:27 extraneous input '(' expecting {'\lemma', '}', IDENT, '/*!'}
line 218:31 mismatched input ')' expecting {'(', '{'}
line 220:44 mismatched input ')' expecting {'(', '{'}
line 225:14 mismatched input '\ifExintVar' expecting {MODALITY, FORALL, EXISTS, '\if', '\ifEx', 'true', 'false', '(', '{', '@', NOT, SEQARROW, '-', STRING_LITERAL, CHAR_LITERAL, BIN_LITERAL, HEX_LITERAL, IDENT, INT_LITERAL, FLOAT_LITERAL, DOUBLE_LITERAL, REAL_LITERAL}
line 225:27 extraneous input '(' expecting {'\lemma', '}', IDENT, '/*!'}
line 225:31 mismatched input ')' expecting {'(', '{'}
line 227:44 mismatched input ')' expecting {'(', '{'}
line 233:14 mismatched input '\ifExintVar' expecting {MODALITY, FORALL, EXISTS, '\if', '\ifEx', 'true', 'false', '(', '{', '@', NOT, SEQARROW, '-', STRING_LITERAL, CHAR_LITERAL, BIN_LITERAL, HEX_LITERAL, IDENT, INT_LITERAL, FLOAT_LITERAL, DOUBLE_LITERAL, REAL_LITERAL}
line 233:27 extraneous input '(' expecting {'\lemma', '}', IDENT, '/*!'}
line 233:31 mismatched input ')' expecting {'(', '{'}
line 237:42 mismatched input '}' expecting {'(', '{'}
line 238:34 mismatched input '}' expecting {'(', '{'}
line 239:28 extraneous input '(' expecting {'\lemma', '}', IDENT, '/*!'}
line 239:33 mismatched input '->' expecting {'(', '{'}
line 240:8 extraneous input '\replacewith' expecting {'\lemma', '}', IDENT, '/*!'}
line 240:25 mismatched input ')' expecting {'(', '{'}
line 240:56 mismatched input ')' expecting {'(', '{'}
line 245:14 mismatched input '\ifExintVar' expecting {MODALITY, FORALL, EXISTS, '\if', '\ifEx', 'true', 'false', '(', '{', '@', NOT, SEQARROW, '-', STRING_LITERAL, CHAR_LITERAL, BIN_LITERAL, HEX_LITERAL, IDENT, INT_LITERAL, FLOAT_LITERAL, DOUBLE_LITERAL, REAL_LITERAL}
line 245:27 extraneous input '(' expecting {'\lemma', '}', IDENT, '/*!'}
line 245:31 mismatched input ')' expecting {'(', '{'}
line 248:45 mismatched input '}' expecting {'(', '{'}
line 249:8 extraneous input '\replacewith' expecting {'\lemma', '}', IDENT, '/*!'}
line 249:38 mismatched input ')' expecting {'(', '{'}
line 250:42 mismatched input '}' expecting {'(', '{'}
line 251:28 extraneous input '(' expecting {'\lemma', '}', IDENT, '/*!'}
line 251:33 mismatched input '->' expecting {'(', '{'}
line 255:14 mismatched input '\ifExintVar' expecting {MODALITY, FORALL, EXISTS, '\if', '\ifEx', 'true', 'false', '(', '{', '@', NOT, SEQARROW, '-', STRING_LITERAL, CHAR_LITERAL, BIN_LITERAL, HEX_LITERAL, IDENT, INT_LITERAL, FLOAT_LITERAL, DOUBLE_LITERAL, REAL_LITERAL}
line 255:27 extraneous input '(' expecting {'\lemma', '}', IDENT, '/*!'}
line 255:31 mismatched input ')' expecting {'(', '{'}
line 258:52 extraneous input '0' expecting {'\lemma', '}', IDENT, '/*!'}
line 258:54 mismatched input 'then' expecting {<EOF>, '\problem', '\chooseContract', '\proofObligation', '\proof'}

	at de.uka.ilkd.key.control.AbstractUserInterfaceControl.load(AbstractUserInterfaceControl.java:221)
Caused by: de.uka.ilkd.key.proof.init.ProofInputException: line 135:14 mismatched input '\ifExintVar' expecting {MODALITY, FORALL, EXISTS, '\if', '\ifEx', 'true', 'false', '(', '{', '@', NOT, SEQARROW, '-', STRING_LITERAL, CHAR_LITERAL, BIN_LITERAL, HEX_LITERAL, IDENT, INT_LITERAL, FLOAT_LITERAL, DOUBLE_LITERAL, REAL_LITERAL}
line 135:27 extraneous input '(' expecting {'\lemma', '}', IDENT, '/*!'}
line 135:44 mismatched input ')' expecting {'(', '{'}
line 141:14 mismatched input '\ifExintVar' expecting {MODALITY, FORALL, EXISTS, '\if', '\ifEx', 'true', 'false', '(', '{', '@', NOT, SEQARROW, '-', STRING_LITERAL, CHAR_LITERAL, BIN_LITERAL, HEX_LITERAL, IDENT, INT_LITERAL, FLOAT_LITERAL, DOUBLE_LITERAL, REAL_LITERAL}
line 141:27 extraneous input '(' expecting {'\lemma', '}', IDENT, '/*!'}
line 141:41 mismatched input ')' expecting {'(', '{'}
line 148:14 mismatched input '\ifExintVar' expecting {MODALITY, FORALL, EXISTS, '\if', '\ifEx', 'true', 'false', '(', '{', '@', NOT, SEQARROW, '-', STRING_LITERAL, CHAR_LITERAL, BIN_LITERAL, HEX_LITERAL, IDENT, INT_LITERAL, FLOAT_LITERAL, DOUBLE_LITERAL, REAL_LITERAL}
line 148:27 extraneous input '(' expecting {'\lemma', '}', IDENT, '/*!'}
line 148:35 mismatched input '=' expecting {'(', '{'}
line 150:38 mismatched input '}' expecting {'(', '{'}
line 155:14 mismatched input '\ifExintVar' expecting {MODALITY, FORALL, EXISTS, '\if', '\ifEx', 'true', 'false', '(', '{', '@', NOT, SEQARROW, '-', STRING_LITERAL, CHAR_LITERAL, BIN_LITERAL, HEX_LITERAL, IDENT, INT_LITERAL, FLOAT_LITERAL, DOUBLE_LITERAL, REAL_LITERAL}
line 155:27 extraneous input '(' expecting {'\lemma', '}', IDENT, '/*!'}
line 155:35 mismatched input '=' expecting {'(', '{'}
line 157:38 mismatched input '}' expecting {'(', '{'}
line 163:14 mismatched input '\ifExintVar' expecting {MODALITY, FORALL, EXISTS, '\if', '\ifEx', 'true', 'false', '(', '{', '@', NOT, SEQARROW, '-', STRING_LITERAL, CHAR_LITERAL, BIN_LITERAL, HEX_LITERAL, IDENT, INT_LITERAL, FLOAT_LITERAL, DOUBLE_LITERAL, REAL_LITERAL}
line 163:27 extraneous input '(' expecting {'\lemma', '}', IDENT, '/*!'}
line 163:30 mismatched input '=' expecting {'(', '{'}
line 165:38 mismatched input '}' expecting {'(', '{'}
line 171:14 mismatched input '\ifExintVar' expecting {MODALITY, FORALL, EXISTS, '\if', '\ifEx', 'true', 'false', '(', '{', '@', NOT, SEQARROW, '-', STRING_LITERAL, CHAR_LITERAL, BIN_LITERAL, HEX_LITERAL, IDENT, INT_LITERAL, FLOAT_LITERAL, DOUBLE_LITERAL, REAL_LITERAL}
line 171:27 extraneous input '(' expecting {'\lemma', '}', IDENT, '/*!'}
line 171:30 mismatched input '=' expecting {'(', '{'}
line 173:38 mismatched input '}' expecting {'(', '{'}
line 179:14 mismatched input '\ifExintVar' expecting {MODALITY, FORALL, EXISTS, '\if', '\ifEx', 'true', 'false', '(', '{', '@', NOT, SEQARROW, '-', STRING_LITERAL, CHAR_LITERAL, BIN_LITERAL, HEX_LITERAL, IDENT, INT_LITERAL, FLOAT_LITERAL, DOUBLE_LITERAL, REAL_LITERAL}
line 179:27 extraneous input '(' expecting {'\lemma', '}', IDENT, '/*!'}
line 179:32 mismatched input '&' expecting {'(', '{'}
line 181:42 mismatched input '}' expecting {'(', '{'}
line 182:39 mismatched input '}' expecting {'(', '{'}
line 188:14 mismatched input '\ifExintVar' expecting {MODALITY, FORALL, EXISTS, '\if', '\ifEx', 'true', 'false', '(', '{', '@', NOT, SEQARROW, '-', STRING_LITERAL, CHAR_LITERAL, BIN_LITERAL, HEX_LITERAL, IDENT, INT_LITERAL, FLOAT_LITERAL, DOUBLE_LITERAL, REAL_LITERAL}
line 188:27 extraneous input '(' expecting {'\lemma', '}', IDENT, '/*!'}
line 188:32 mismatched input '&' expecting {'(', '{'}
line 190:42 mismatched input '}' expecting {'(', '{'}
line 191:39 mismatched input '}' expecting {'(', '{'}
line 198:14 mismatched input '\ifExintVar' expecting {MODALITY, FORALL, EXISTS, '\if', '\ifEx', 'true', 'false', '(', '{', '@', NOT, SEQARROW, '-', STRING_LITERAL, CHAR_LITERAL, BIN_LITERAL, HEX_LITERAL, IDENT, INT_LITERAL, FLOAT_LITERAL, DOUBLE_LITERAL, REAL_LITERAL}
line 198:27 extraneous input '(' expecting {'\lemma', '}', IDENT, '/*!'}
line 198:32 mismatched input '&' expecting {'(', '{'}
line 200:42 mismatched input '}' expecting {'(', '{'}
line 201:39 mismatched input '}' expecting {'(', '{'}
line 208:14 mismatched input '\ifExintVar' expecting {MODALITY, FORALL, EXISTS, '\if', '\ifEx', 'true', 'false', '(', '{', '@', NOT, SEQARROW, '-', STRING_LITERAL, CHAR_LITERAL, BIN_LITERAL, HEX_LITERAL, IDENT, INT_LITERAL, FLOAT_LITERAL, DOUBLE_LITERAL, REAL_LITERAL}
line 208:27 extraneous input '(' expecting {'\lemma', '}', IDENT, '/*!'}
line 208:32 mismatched input '&' expecting {'(', '{'}
line 210:42 mismatched input '}' expecting {'(', '{'}
line 211:39 mismatched input '}' expecting {'(', '{'}
line 218:14 mismatched input '\ifExintVar' expecting {MODALITY, FORALL, EXISTS, '\if', '\ifEx', 'true', 'false', '(', '{', '@', NOT, SEQARROW, '-', STRING_LITERAL, CHAR_LITERAL, BIN_LITERAL, HEX_LITERAL, IDENT, INT_LITERAL, FLOAT_LITERAL, DOUBLE_LITERAL, REAL_LITERAL}
line 218:27 extraneous input '(' expecting {'\lemma', '}', IDENT, '/*!'}
line 218:31 mismatched input ')' expecting {'(', '{'}
line 220:44 mismatched input ')' expecting {'(', '{'}
line 225:14 mismatched input '\ifExintVar' expecting {MODALITY, FORALL, EXISTS, '\if', '\ifEx', 'true', 'false', '(', '{', '@', NOT, SEQARROW, '-', STRING_LITERAL, CHAR_LITERAL, BIN_LITERAL, HEX_LITERAL, IDENT, INT_LITERAL, FLOAT_LITERAL, DOUBLE_LITERAL, REAL_LITERAL}
line 225:27 extraneous input '(' expecting {'\lemma', '}', IDENT, '/*!'}
line 225:31 mismatched input ')' expecting {'(', '{'}
line 227:44 mismatched input ')' expecting {'(', '{'}
line 233:14 mismatched input '\ifExintVar' expecting {MODALITY, FORALL, EXISTS, '\if', '\ifEx', 'true', 'false', '(', '{', '@', NOT, SEQARROW, '-', STRING_LITERAL, CHAR_LITERAL, BIN_LITERAL, HEX_LITERAL, IDENT, INT_LITERAL, FLOAT_LITERAL, DOUBLE_LITERAL, REAL_LITERAL}
line 233:27 extraneous input '(' expecting {'\lemma', '}', IDENT, '/*!'}
line 233:31 mismatched input ')' expecting {'(', '{'}
line 237:42 mismatched input '}' expecting {'(', '{'}
line 238:34 mismatched input '}' expecting {'(', '{'}
line 239:28 extraneous input '(' expecting {'\lemma', '}', IDENT, '/*!'}
line 239:33 mismatched input '->' expecting {'(', '{'}
line 240:8 extraneous input '\replacewith' expecting {'\lemma', '}', IDENT, '/*!'}
line 240:25 mismatched input ')' expecting {'(', '{'}
line 240:56 mismatched input ')' expecting {'(', '{'}
line 245:14 mismatched input '\ifExintVar' expecting {MODALITY, FORALL, EXISTS, '\if', '\ifEx', 'true', 'false', '(', '{', '@', NOT, SEQARROW, '-', STRING_LITERAL, CHAR_LITERAL, BIN_LITERAL, HEX_LITERAL, IDENT, INT_LITERAL, FLOAT_LITERAL, DOUBLE_LITERAL, REAL_LITERAL}
line 245:27 extraneous input '(' expecting {'\lemma', '}', IDENT, '/*!'}
line 245:31 mismatched input ')' expecting {'(', '{'}
line 248:45 mismatched input '}' expecting {'(', '{'}
line 249:8 extraneous input '\replacewith' expecting {'\lemma', '}', IDENT, '/*!'}
line 249:38 mismatched input ')' expecting {'(', '{'}
line 250:42 mismatched input '}' expecting {'(', '{'}
line 251:28 extraneous input '(' expecting {'\lemma', '}', IDENT, '/*!'}
line 251:33 mismatched input '->' expecting {'(', '{'}
line 255:14 mismatched input '\ifExintVar' expecting {MODALITY, FORALL, EXISTS, '\if', '\ifEx', 'true', 'false', '(', '{', '@', NOT, SEQARROW, '-', STRING_LITERAL, CHAR_LITERAL, BIN_LITERAL, HEX_LITERAL, IDENT, INT_LITERAL, FLOAT_LITERAL, DOUBLE_LITERAL, REAL_LITERAL}
line 255:27 extraneous input '(' expecting {'\lemma', '}', IDENT, '/*!'}
line 255:31 mismatched input ')' expecting {'(', '{'}
line 258:52 extraneous input '0' expecting {'\lemma', '}', IDENT, '/*!'}
line 258:54 mismatched input 'then' expecting {<EOF>, '\problem', '\chooseContract', '\proofObligation', '\proof'}

	at de.uka.ilkd.key.proof.io.KeYFile.readIncludes(KeYFile.java:210)
Caused by: de.uka.ilkd.key.util.parsing.SyntaxErrorReporter$ParserException: line 135:14 mismatched input '\ifExintVar' expecting {MODALITY, FORALL, EXISTS, '\if', '\ifEx', 'true', 'false', '(', '{', '@', NOT, SEQARROW, '-', STRING_LITERAL, CHAR_LITERAL, BIN_LITERAL, HEX_LITERAL, IDENT, INT_LITERAL, FLOAT_LITERAL, DOUBLE_LITERAL, REAL_LITERAL}
line 135:27 extraneous input '(' expecting {'\lemma', '}', IDENT, '/*!'}
line 135:44 mismatched input ')' expecting {'(', '{'}
line 141:14 mismatched input '\ifExintVar' expecting {MODALITY, FORALL, EXISTS, '\if', '\ifEx', 'true', 'false', '(', '{', '@', NOT, SEQARROW, '-', STRING_LITERAL, CHAR_LITERAL, BIN_LITERAL, HEX_LITERAL, IDENT, INT_LITERAL, FLOAT_LITERAL, DOUBLE_LITERAL, REAL_LITERAL}
line 141:27 extraneous input '(' expecting {'\lemma', '}', IDENT, '/*!'}
line 141:41 mismatched input ')' expecting {'(', '{'}
line 148:14 mismatched input '\ifExintVar' expecting {MODALITY, FORALL, EXISTS, '\if', '\ifEx', 'true', 'false', '(', '{', '@', NOT, SEQARROW, '-', STRING_LITERAL, CHAR_LITERAL, BIN_LITERAL, HEX_LITERAL, IDENT, INT_LITERAL, FLOAT_LITERAL, DOUBLE_LITERAL, REAL_LITERAL}
line 148:27 extraneous input '(' expecting {'\lemma', '}', IDENT, '/*!'}
line 148:35 mismatched input '=' expecting {'(', '{'}
line 150:38 mismatched input '}' expecting {'(', '{'}
line 155:14 mismatched input '\ifExintVar' expecting {MODALITY, FORALL, EXISTS, '\if', '\ifEx', 'true', 'false', '(', '{', '@', NOT, SEQARROW, '-', STRING_LITERAL, CHAR_LITERAL, BIN_LITERAL, HEX_LITERAL, IDENT, INT_LITERAL, FLOAT_LITERAL, DOUBLE_LITERAL, REAL_LITERAL}
line 155:27 extraneous input '(' expecting {'\lemma', '}', IDENT, '/*!'}
line 155:35 mismatched input '=' expecting {'(', '{'}
line 157:38 mismatched input '}' expecting {'(', '{'}
line 163:14 mismatched input '\ifExintVar' expecting {MODALITY, FORALL, EXISTS, '\if', '\ifEx', 'true', 'false', '(', '{', '@', NOT, SEQARROW, '-', STRING_LITERAL, CHAR_LITERAL, BIN_LITERAL, HEX_LITERAL, IDENT, INT_LITERAL, FLOAT_LITERAL, DOUBLE_LITERAL, REAL_LITERAL}
line 163:27 extraneous input '(' expecting {'\lemma', '}', IDENT, '/*!'}
line 163:30 mismatched input '=' expecting {'(', '{'}
line 165:38 mismatched input '}' expecting {'(', '{'}
line 171:14 mismatched input '\ifExintVar' expecting {MODALITY, FORALL, EXISTS, '\if', '\ifEx', 'true', 'false', '(', '{', '@', NOT, SEQARROW, '-', STRING_LITERAL, CHAR_LITERAL, BIN_LITERAL, HEX_LITERAL, IDENT, INT_LITERAL, FLOAT_LITERAL, DOUBLE_LITERAL, REAL_LITERAL}
line 171:27 extraneous input '(' expecting {'\lemma', '}', IDENT, '/*!'}
line 171:30 mismatched input '=' expecting {'(', '{'}
line 173:38 mismatched input '}' expecting {'(', '{'}
line 179:14 mismatched input '\ifExintVar' expecting {MODALITY, FORALL, EXISTS, '\if', '\ifEx', 'true', 'false', '(', '{', '@', NOT, SEQARROW, '-', STRING_LITERAL, CHAR_LITERAL, BIN_LITERAL, HEX_LITERAL, IDENT, INT_LITERAL, FLOAT_LITERAL, DOUBLE_LITERAL, REAL_LITERAL}
line 179:27 extraneous input '(' expecting {'\lemma', '}', IDENT, '/*!'}
line 179:32 mismatched input '&' expecting {'(', '{'}
line 181:42 mismatched input '}' expecting {'(', '{'}
line 182:39 mismatched input '}' expecting {'(', '{'}
line 188:14 mismatched input '\ifExintVar' expecting {MODALITY, FORALL, EXISTS, '\if', '\ifEx', 'true', 'false', '(', '{', '@', NOT, SEQARROW, '-', STRING_LITERAL, CHAR_LITERAL, BIN_LITERAL, HEX_LITERAL, IDENT, INT_LITERAL, FLOAT_LITERAL, DOUBLE_LITERAL, REAL_LITERAL}
line 188:27 extraneous input '(' expecting {'\lemma', '}', IDENT, '/*!'}
line 188:32 mismatched input '&' expecting {'(', '{'}
line 190:42 mismatched input '}' expecting {'(', '{'}
line 191:39 mismatched input '}' expecting {'(', '{'}
line 198:14 mismatched input '\ifExintVar' expecting {MODALITY, FORALL, EXISTS, '\if', '\ifEx', 'true', 'false', '(', '{', '@', NOT, SEQARROW, '-', STRING_LITERAL, CHAR_LITERAL, BIN_LITERAL, HEX_LITERAL, IDENT, INT_LITERAL, FLOAT_LITERAL, DOUBLE_LITERAL, REAL_LITERAL}
line 198:27 extraneous input '(' expecting {'\lemma', '}', IDENT, '/*!'}
line 198:32 mismatched input '&' expecting {'(', '{'}
line 200:42 mismatched input '}' expecting {'(', '{'}
line 201:39 mismatched input '}' expecting {'(', '{'}
line 208:14 mismatched input '\ifExintVar' expecting {MODALITY, FORALL, EXISTS, '\if', '\ifEx', 'true', 'false', '(', '{', '@', NOT, SEQARROW, '-', STRING_LITERAL, CHAR_LITERAL, BIN_LITERAL, HEX_LITERAL, IDENT, INT_LITERAL, FLOAT_LITERAL, DOUBLE_LITERAL, REAL_LITERAL}
line 208:27 extraneous input '(' expecting {'\lemma', '}', IDENT, '/*!'}
line 208:32 mismatched input '&' expecting {'(', '{'}
line 210:42 mismatched input '}' expecting {'(', '{'}
line 211:39 mismatched input '}' expecting {'(', '{'}
line 218:14 mismatched input '\ifExintVar' expecting {MODALITY, FORALL, EXISTS, '\if', '\ifEx', 'true', 'false', '(', '{', '@', NOT, SEQARROW, '-', STRING_LITERAL, CHAR_LITERAL, BIN_LITERAL, HEX_LITERAL, IDENT, INT_LITERAL, FLOAT_LITERAL, DOUBLE_LITERAL, REAL_LITERAL}
line 218:27 extraneous input '(' expecting {'\lemma', '}', IDENT, '/*!'}
line 218:31 mismatched input ')' expecting {'(', '{'}
line 220:44 mismatched input ')' expecting {'(', '{'}
line 225:14 mismatched input '\ifExintVar' expecting {MODALITY, FORALL, EXISTS, '\if', '\ifEx', 'true', 'false', '(', '{', '@', NOT, SEQARROW, '-', STRING_LITERAL, CHAR_LITERAL, BIN_LITERAL, HEX_LITERAL, IDENT, INT_LITERAL, FLOAT_LITERAL, DOUBLE_LITERAL, REAL_LITERAL}
line 225:27 extraneous input '(' expecting {'\lemma', '}', IDENT, '/*!'}
line 225:31 mismatched input ')' expecting {'(', '{'}
line 227:44 mismatched input ')' expecting {'(', '{'}
line 233:14 mismatched input '\ifExintVar' expecting {MODALITY, FORALL, EXISTS, '\if', '\ifEx', 'true', 'false', '(', '{', '@', NOT, SEQARROW, '-', STRING_LITERAL, CHAR_LITERAL, BIN_LITERAL, HEX_LITERAL, IDENT, INT_LITERAL, FLOAT_LITERAL, DOUBLE_LITERAL, REAL_LITERAL}
line 233:27 extraneous input '(' expecting {'\lemma', '}', IDENT, '/*!'}
line 233:31 mismatched input ')' expecting {'(', '{'}
line 237:42 mismatched input '}' expecting {'(', '{'}
line 238:34 mismatched input '}' expecting {'(', '{'}
line 239:28 extraneous input '(' expecting {'\lemma', '}', IDENT, '/*!'}
line 239:33 mismatched input '->' expecting {'(', '{'}
line 240:8 extraneous input '\replacewith' expecting {'\lemma', '}', IDENT, '/*!'}
line 240:25 mismatched input ')' expecting {'(', '{'}
line 240:56 mismatched input ')' expecting {'(', '{'}
line 245:14 mismatched input '\ifExintVar' expecting {MODALITY, FORALL, EXISTS, '\if', '\ifEx', 'true', 'false', '(', '{', '@', NOT, SEQARROW, '-', STRING_LITERAL, CHAR_LITERAL, BIN_LITERAL, HEX_LITERAL, IDENT, INT_LITERAL, FLOAT_LITERAL, DOUBLE_LITERAL, REAL_LITERAL}
line 245:27 extraneous input '(' expecting {'\lemma', '}', IDENT, '/*!'}
line 245:31 mismatched input ')' expecting {'(', '{'}
line 248:45 mismatched input '}' expecting {'(', '{'}
line 249:8 extraneous input '\replacewith' expecting {'\lemma', '}', IDENT, '/*!'}
line 249:38 mismatched input ')' expecting {'(', '{'}
line 250:42 mismatched input '}' expecting {'(', '{'}
line 251:28 extraneous input '(' expecting {'\lemma', '}', IDENT, '/*!'}
line 251:33 mismatched input '->' expecting {'(', '{'}
line 255:14 mismatched input '\ifExintVar' expecting {MODALITY, FORALL, EXISTS, '\if', '\ifEx', 'true', 'false', '(', '{', '@', NOT, SEQARROW, '-', STRING_LITERAL, CHAR_LITERAL, BIN_LITERAL, HEX_LITERAL, IDENT, INT_LITERAL, FLOAT_LITERAL, DOUBLE_LITERAL, REAL_LITERAL}
line 255:27 extraneous input '(' expecting {'\lemma', '}', IDENT, '/*!'}
line 255:31 mismatched input ')' expecting {'(', '{'}
line 258:52 extraneous input '0' expecting {'\lemma', '}', IDENT, '/*!'}
line 258:54 mismatched input 'then' expecting {<EOF>, '\problem', '\chooseContract', '\proofObligation', '\proof'}

	at de.uka.ilkd.key.util.parsing.SyntaxErrorReporter.throwException(SyntaxErrorReporter.java:89)

300717     WARN  Test worker     d.u.i.k.n.KeYParser       [syntax-error] file:/home/runner/work/key/key/key.core/build/resources/main/de/uka/ilkd/key/proof/rules/ifThenElseRules.key:135:14: mismatched input '\ifExintVar' expecting {MODALITY, FORALL, EXISTS, '\if', '\ifEx', 'true', 'false', '(', '{', '@', NOT, SEQARROW, '-', STRING_LITERAL, CHAR_LITERAL, BIN_LITERAL, HEX_LITERAL, IDENT, INT_LITERAL, FLOAT_LITERAL, DOUBLE_LITERAL, REAL_LITERAL} [@745,3563:3573='\ifExintVar',<188>,135:14] (termorseq, taclet, rulesOrAxioms, decls, file) 
300717     WARN  Test worker     d.u.i.k.n.KeYParser       [syntax-error] file:/home/runner/work/key/key/key.core/build/resources/main/de/uka/ilkd/key/proof/rules/ifThenElseRules.key:135:27: extraneous input '(' expecting {'\lemma', '}', IDENT, '/*!'} [@748,3576:3576='(',<146>,135:27] (rulesOrAxioms, decls, file) 
300717     WARN  Test worker     d.u.i.k.n.KeYParser       [syntax-error] file:/home/runner/work/key/key/key.core/build/resources/main/de/uka/ilkd/key/proof/rules/ifThenElseRules.key:135:44: mismatched input ')' expecting {'(', '{'} [@754,3593:3593=')',<147>,135:44] (taclet, rulesOrAxioms, decls, file) 
300717     WARN  Test worker     d.u.i.k.n.KeYParser       [syntax-error] file:/home/runner/work/key/key/key.core/build/resources/main/de/uka/ilkd/key/proof/rules/ifThenElseRules.key:141:14: mismatched input '\ifExintVar' expecting {MODALITY, FORALL, EXISTS, '\if', '\ifEx', 'true', 'false', '(', '{', '@', NOT, SEQARROW, '-', STRING_LITERAL, CHAR_LITERAL, BIN_LITERAL, HEX_LITERAL, IDENT, INT_LITERAL, FLOAT_LITERAL, DOUBLE_LITERAL, REAL_LITERAL} [@780,3716:3726='\ifExintVar',<188>,141:14] (termorseq, taclet, rulesOrAxioms, decls, file) 
300717     WARN  Test worker     d.u.i.k.n.KeYParser       [syntax-error] file:/home/runner/work/key/key/key.core/build/resources/main/de/uka/ilkd/key/proof/rules/ifThenElseRules.key:141:27: extraneous input '(' expecting {'\lemma', '}', IDENT, '/*!'} [@783,3729:3729='(',<146>,141:27] (rulesOrAxioms, decls, file) 
300717     WARN  Test worker     d.u.i.k.n.KeYParser       [syntax-error] file:/home/runner/work/key/key/key.core/build/resources/main/de/uka/ilkd/key/proof/rules/ifThenElseRules.key:141:41: mismatched input ')' expecting {'(', '{'} [@789,3743:3743=')',<147>,141:41] (taclet, rulesOrAxioms, decls, file) 
300717     WARN  Test worker     d.u.i.k.n.KeYParser       [syntax-error] file:/home/runner/work/key/key/key.core/build/resources/main/de/uka/ilkd/key/proof/rules/ifThenElseRules.key:148:14: mismatched input '\ifExintVar' expecting {MODALITY, FORALL, EXISTS, '\if', '\ifEx', 'true', 'false', '(', '{', '@', NOT, SEQARROW, '-', STRING_LITERAL, CHAR_LITERAL, BIN_LITERAL, HEX_LITERAL, IDENT, INT_LITERAL, FLOAT_LITERAL, DOUBLE_LITERAL, REAL_LITERAL} [@819,3896:3906='\ifExintVar',<188>,148:14] (termorseq, taclet, rulesOrAxioms, decls, file) 
300723     WARN  Test worker     d.u.i.k.n.KeYParser       [syntax-error] file:/home/runner/work/key/key/key.core/build/resources/main/de/uka/ilkd/key/proof/rules/ifThenElseRules.key:148:27: extraneous input '(' expecting {'\lemma', '}', IDENT, '/*!'} [@822,3909:3909='(',<146>,148:27] (rulesOrAxioms, decls, file) 
300723     WARN  Test worker     d.u.i.k.n.KeYParser       [syntax-error] file:/home/runner/work/key/key/key.core/build/resources/main/de/uka/ilkd/key/proof/rules/ifThenElseRules.key:148:35: mismatched input '=' expecting {'(', '{'} [@825,3917:3917='=',<159>,148:35] (taclet, rulesOrAxioms, decls, file) 
300723     WARN  Test worker     d.u.i.k.n.KeYParser       [syntax-error] file:/home/runner/work/key/key/key.core/build/resources/main/de/uka/ilkd/key/proof/rules/ifThenElseRules.key:150:38: mismatched input '}' expecting {'(', '{'} [@859,4023:4023='}',<149>,150:38] (taclet, rulesOrAxioms, decls, file) 
300723     WARN  Test worker     d.u.i.k.n.KeYParser       [syntax-error] file:/home/runner/work/key/key/key.core/build/resources/main/de/uka/ilkd/key/proof/rules/ifThenElseRules.key:155:14: mismatched input '\ifExintVar' expecting {MODALITY, FORALL, EXISTS, '\if', '\ifEx', 'true', 'false', '(', '{', '@', NOT, SEQARROW, '-', STRING_LITERAL, CHAR_LITERAL, BIN_LITERAL, HEX_LITERAL, IDENT, INT_LITERAL, FLOAT_LITERAL, DOUBLE_LITERAL, REAL_LITERAL} [@877,4109:4119='\ifExintVar',<188>,155:14] (termorseq, taclet, rulesOrAxioms, decls, file) 
300723     WARN  Test worker     d.u.i.k.n.KeYParser       [syntax-error] file:/home/runner/work/key/key/key.core/build/resources/main/de/uka/ilkd/key/proof/rules/ifThenElseRules.key:155:27: extraneous input '(' expecting {'\lemma', '}', IDENT, '/*!'} [@880,4122:4122='(',<146>,155:27] (rulesOrAxioms, decls, file) 
300723     WARN  Test worker     d.u.i.k.n.KeYParser       [syntax-error] file:/home/runner/work/key/key/key.core/build/resources/main/de/uka/ilkd/key/proof/rules/ifThenElseRules.key:155:35: mismatched input '=' expecting {'(', '{'} [@883,4130:4130='=',<159>,155:35] (taclet, rulesOrAxioms, decls, file) 
300723     WARN  Test worker     d.u.i.k.n.KeYParser       [syntax-error] file:/home/runner/work/key/key/key.core/build/resources/main/de/uka/ilkd/key/proof/rules/ifThenElseRules.key:157:38: mismatched input '}' expecting {'(', '{'} [@917,4230:4230='}',<149>,157:38] (taclet, rulesOrAxioms, decls, file) 
300723     WARN  Test worker     d.u.i.k.n.KeYParser       [syntax-error] file:/home/runner/work/key/key/key.core/build/resources/main/de/uka/ilkd/key/proof/rules/ifThenElseRules.key:163:14: mismatched input '\ifExintVar' expecting {MODALITY, FORALL, EXISTS, '\if', '\ifEx', 'true', 'false', '(', '{', '@', NOT, SEQARROW, '-', STRING_LITERAL, CHAR_LITERAL, BIN_LITERAL, HEX_LITERAL, IDENT, INT_LITERAL, FLOAT_LITERAL, DOUBLE_LITERAL, REAL_LITERAL} [@939,4350:4360='\ifExintVar',<188>,163:14] (termorseq, taclet, rulesOrAxioms, decls, file) 
300724     WARN  Test worker     d.u.i.k.n.KeYParser       [syntax-error] file:/home/runner/work/key/key/key.core/build/resources/main/de/uka/ilkd/key/proof/rules/ifThenElseRules.key:163:27: extraneous input '(' expecting {'\lemma', '}', IDENT, '/*!'} [@942,4363:4363='(',<146>,163:27] (rulesOrAxioms, decls, file) 
300724     WARN  Test worker     d.u.i.k.n.KeYParser       [syntax-error] file:/home/runner/work/key/key/key.core/build/resources/main/de/uka/ilkd/key/proof/rules/ifThenElseRules.key:163:30: mismatched input '=' expecting {'(', '{'} [@945,4366:4366='=',<159>,163:30] (taclet, rulesOrAxioms, decls, file) 
300724     WARN  Test worker     d.u.i.k.n.KeYParser       [syntax-error] file:/home/runner/work/key/key/key.core/build/resources/main/de/uka/ilkd/key/proof/rules/ifThenElseRules.key:165:38: mismatched input '}' expecting {'(', '{'} [@979,4477:4477='}',<149>,165:38] (taclet, rulesOrAxioms, decls, file) 
300724     WARN  Test worker     d.u.i.k.n.KeYParser       [syntax-error] file:/home/runner/work/key/key/key.core/build/resources/main/de/uka/ilkd/key/proof/rules/ifThenElseRules.key:171:14: mismatched input '\ifExintVar' expecting {MODALITY, FORALL, EXISTS, '\if', '\ifEx', 'true', 'false', '(', '{', '@', NOT, SEQARROW, '-', STRING_LITERAL, CHAR_LITERAL, BIN_LITERAL, HEX_LITERAL, IDENT, INT_LITERAL, FLOAT_LITERAL, DOUBLE_LITERAL, REAL_LITERAL} [@1001,4604:4614='\ifExintVar',<188>,171:14] (termorseq, taclet, rulesOrAxioms, decls, file) 
300724     WARN  Test worker     d.u.i.k.n.KeYParser       [syntax-error] file:/home/runner/work/key/key/key.core/build/resources/main/de/uka/ilkd/key/proof/rules/ifThenElseRules.key:171:27: extraneous input '(' expecting {'\lemma', '}', IDENT, '/*!'} [@1004,4617:4617='(',<146>,171:27] (rulesOrAxioms, decls, file) 
300725     WARN  Test worker     d.u.i.k.n.KeYParser       [syntax-error] file:/home/runner/work/key/key/key.core/build/resources/main/de/uka/ilkd/key/proof/rules/ifThenElseRules.key:171:30: mismatched input '=' expecting {'(', '{'} [@1007,4620:4620='=',<159>,171:30] (taclet, rulesOrAxioms, decls, file) 
300725     WARN  Test worker     d.u.i.k.n.KeYParser       [syntax-error] file:/home/runner/work/key/key/key.core/build/resources/main/de/uka/ilkd/key/proof/rules/ifThenElseRules.key:173:38: mismatched input '}' expecting {'(', '{'} [@1041,4725:4725='}',<149>,173:38] (taclet, rulesOrAxioms, decls, file) 
300725     WARN  Test worker     d.u.i.k.n.KeYParser       [syntax-error] file:/home/runner/work/key/key/key.core/build/resources/main/de/uka/ilkd/key/proof/rules/ifThenElseRules.key:179:14: mismatched input '\ifExintVar' expecting {MODALITY, FORALL, EXISTS, '\if', '\ifEx', 'true', 'false', '(', '{', '@', NOT, SEQARROW, '-', STRING_LITERAL, CHAR_LITERAL, BIN_LITERAL, HEX_LITERAL, IDENT, INT_LITERAL, FLOAT_LITERAL, DOUBLE_LITERAL, REAL_LITERAL} [@1063,4848:4858='\ifExintVar',<188>,179:14] (termorseq, taclet, rulesOrAxioms, decls, file) 
300725     WARN  Test worker     d.u.i.k.n.KeYParser       [syntax-error] file:/home/runner/work/key/key/key.core/build/resources/main/de/uka/ilkd/key/proof/rules/ifThenElseRules.key:179:27: extraneous input '(' expecting {'\lemma', '}', IDENT, '/*!'} [@1066,4861:4861='(',<146>,179:27] (rulesOrAxioms, decls, file) 
300725     WARN  Test worker     d.u.i.k.n.KeYParser       [syntax-error] file:/home/runner/work/key/key/key.core/build/resources/main/de/uka/ilkd/key/proof/rules/ifThenElseRules.key:179:32: mismatched input '&' expecting {'(', '{'} [@1069,4866:4866='&',<156>,179:32] (taclet, rulesOrAxioms, decls, file) 
300725     WARN  Test worker     d.u.i.k.n.KeYParser       [syntax-error] file:/home/runner/work/key/key/key.core/build/resources/main/de/uka/ilkd/key/proof/rules/ifThenElseRules.key:181:42: mismatched input '}' expecting {'(', '{'} [@1109,4985:4985='}',<149>,181:42] (taclet, rulesOrAxioms, decls, file) 
300726     WARN  Test worker     d.u.i.k.n.KeYParser       [syntax-error] file:/home/runner/work/key/key/key.core/build/resources/main/de/uka/ilkd/key/proof/rules/ifThenElseRules.key:182:39: mismatched input '}' expecting {'(', '{'} [@1122,5030:5030='}',<149>,182:39] (taclet, rulesOrAxioms, decls, file) 
300726     WARN  Test worker     d.u.i.k.n.KeYParser       [syntax-error] file:/home/runner/work/key/key/key.core/build/resources/main/de/uka/ilkd/key/proof/rules/ifThenElseRules.key:188:14: mismatched input '\ifExintVar' expecting {MODALITY, FORALL, EXISTS, '\if', '\ifEx', 'true', 'false', '(', '{', '@', NOT, SEQARROW, '-', STRING_LITERAL, CHAR_LITERAL, BIN_LITERAL, HEX_LITERAL, IDENT, INT_LITERAL, FLOAT_LITERAL, DOUBLE_LITERAL, REAL_LITERAL} [@1146,5149:5159='\ifExintVar',<188>,188:14] (termorseq, taclet, rulesOrAxioms, decls, file) 
300726     WARN  Test worker     d.u.i.k.n.KeYParser       [syntax-error] file:/home/runner/work/key/key/key.core/build/resources/main/de/uka/ilkd/key/proof/rules/ifThenElseRules.key:188:27: extraneous input '(' expecting {'\lemma', '}', IDENT, '/*!'} [@1149,5162:5162='(',<146>,188:27] (rulesOrAxioms, decls, file) 
300726     WARN  Test worker     d.u.i.k.n.KeYParser       [syntax-error] file:/home/runner/work/key/key/key.core/build/resources/main/de/uka/ilkd/key/proof/rules/ifThenElseRules.key:188:32: mismatched input '&' expecting {'(', '{'} [@1152,5167:5167='&',<156>,188:32] (taclet, rulesOrAxioms, decls, file) 
300726     WARN  Test worker     d.u.i.k.n.KeYParser       [syntax-error] file:/home/runner/work/key/key/key.core/build/resources/main/de/uka/ilkd/key/proof/rules/ifThenElseRules.key:190:42: mismatched input '}' expecting {'(', '{'} [@1192,5280:5280='}',<149>,190:42] (taclet, rulesOrAxioms, decls, file) 
300727     WARN  Test worker     d.u.i.k.n.KeYParser       [syntax-error] file:/home/runner/work/key/key/key.core/build/resources/main/de/uka/ilkd/key/proof/rules/ifThenElseRules.key:191:39: mismatched input '}' expecting {'(', '{'} [@1205,5325:5325='}',<149>,191:39] (taclet, rulesOrAxioms, decls, file) 
300727     WARN  Test worker     d.u.i.k.n.KeYParser       [syntax-error] file:/home/runner/work/key/key/key.core/build/resources/main/de/uka/ilkd/key/proof/rules/ifThenElseRules.key:198:14: mismatched input '\ifExintVar' expecting {MODALITY, FORALL, EXISTS, '\if', '\ifEx', 'true', 'false', '(', '{', '@', NOT, SEQARROW, '-', STRING_LITERAL, CHAR_LITERAL, BIN_LITERAL, HEX_LITERAL, IDENT, INT_LITERAL, FLOAT_LITERAL, DOUBLE_LITERAL, REAL_LITERAL} [@1233,5475:5485='\ifExintVar',<188>,198:14] (termorseq, taclet, rulesOrAxioms, decls, file) 
300727     WARN  Test worker     d.u.i.k.n.KeYParser       [syntax-error] file:/home/runner/work/key/key/key.core/build/resources/main/de/uka/ilkd/key/proof/rules/ifThenElseRules.key:198:27: extraneous input '(' expecting {'\lemma', '}', IDENT, '/*!'} [@1236,5488:5488='(',<146>,198:27] (rulesOrAxioms, decls, file) 
300727     WARN  Test worker     d.u.i.k.n.KeYParser       [syntax-error] file:/home/runner/work/key/key/key.core/build/resources/main/de/uka/ilkd/key/proof/rules/ifThenElseRules.key:198:32: mismatched input '&' expecting {'(', '{'} [@1239,5493:5493='&',<156>,198:32] (taclet, rulesOrAxioms, decls, file) 
300727     WARN  Test worker     d.u.i.k.n.KeYParser       [syntax-error] file:/home/runner/work/key/key/key.core/build/resources/main/de/uka/ilkd/key/proof/rules/ifThenElseRules.key:200:42: mismatched input '}' expecting {'(', '{'} [@1279,5612:5612='}',<149>,200:42] (taclet, rulesOrAxioms, decls, file) 
300727     WARN  Test worker     d.u.i.k.n.KeYParser       [syntax-error] file:/home/runner/work/key/key/key.core/build/resources/main/de/uka/ilkd/key/proof/rules/ifThenElseRules.key:201:39: mismatched input '}' expecting {'(', '{'} [@1292,5657:5657='}',<149>,201:39] (taclet, rulesOrAxioms, decls, file) 
300727     WARN  Test worker     d.u.i.k.n.KeYParser       [syntax-error] file:/home/runner/work/key/key/key.core/build/resources/main/de/uka/ilkd/key/proof/rules/ifThenElseRules.key:208:14: mismatched input '\ifExintVar' expecting {MODALITY, FORALL, EXISTS, '\if', '\ifEx', 'true', 'false', '(', '{', '@', NOT, SEQARROW, '-', STRING_LITERAL, CHAR_LITERAL, BIN_LITERAL, HEX_LITERAL, IDENT, INT_LITERAL, FLOAT_LITERAL, DOUBLE_LITERAL, REAL_LITERAL} [@1320,5817:5827='\ifExintVar',<188>,208:14] (termorseq, taclet, rulesOrAxioms, decls, file) 
300728     WARN  Test worker     d.u.i.k.n.KeYParser       [syntax-error] file:/home/runner/work/key/key/key.core/build/resources/main/de/uka/ilkd/key/proof/rules/ifThenElseRules.key:208:27: extraneous input '(' expecting {'\lemma', '}', IDENT, '/*!'} [@1323,5830:5830='(',<146>,208:27] (rulesOrAxioms, decls, file) 
300728     WARN  Test worker     d.u.i.k.n.KeYParser       [syntax-error] file:/home/runner/work/key/key/key.core/build/resources/main/de/uka/ilkd/key/proof/rules/ifThenElseRules.key:208:32: mismatched input '&' expecting {'(', '{'} [@1326,5835:5835='&',<156>,208:32] (taclet, rulesOrAxioms, decls, file) 
300728     WARN  Test worker     d.u.i.k.n.KeYParser       [syntax-error] file:/home/runner/work/key/key/key.core/build/resources/main/de/uka/ilkd/key/proof/rules/ifThenElseRules.key:210:42: mismatched input '}' expecting {'(', '{'} [@1366,5948:5948='}',<149>,210:42] (taclet, rulesOrAxioms, decls, file) 
300728     WARN  Test worker     d.u.i.k.n.KeYParser       [syntax-error] file:/home/runner/work/key/key/key.core/build/resources/main/de/uka/ilkd/key/proof/rules/ifThenElseRules.key:211:39: mismatched input '}' expecting {'(', '{'} [@1379,5993:5993='}',<149>,211:39] (taclet, rulesOrAxioms, decls, file) 
300728     WARN  Test worker     d.u.i.k.n.KeYParser       [syntax-error] file:/home/runner/work/key/key/key.core/build/resources/main/de/uka/ilkd/key/proof/rules/ifThenElseRules.key:218:14: mismatched input '\ifExintVar' expecting {MODALITY, FORALL, EXISTS, '\if', '\ifEx', 'true', 'false', '(', '{', '@', NOT, SEQARROW, '-', STRING_LITERAL, CHAR_LITERAL, BIN_LITERAL, HEX_LITERAL, IDENT, INT_LITERAL, FLOAT_LITERAL, DOUBLE_LITERAL, REAL_LITERAL} [@1407,6146:6156='\ifExintVar',<188>,218:14] (termorseq, taclet, rulesOrAxioms, decls, file) 
300728     WARN  Test worker     d.u.i.k.n.KeYParser       [syntax-error] file:/home/runner/work/key/key/key.core/build/resources/main/de/uka/ilkd/key/proof/rules/ifThenElseRules.key:218:27: extraneous input '(' expecting {'\lemma', '}', IDENT, '/*!'} [@1410,6159:6159='(',<146>,218:27] (rulesOrAxioms, decls, file) 
300729     WARN  Test worker     d.u.i.k.n.KeYParser       [syntax-error] file:/home/runner/work/key/key/key.core/build/resources/main/de/uka/ilkd/key/proof/rules/ifThenElseRules.key:218:31: mismatched input ')' expecting {'(', '{'} [@1412,6163:6163=')',<147>,218:31] (taclet, rulesOrAxioms, decls, file) 
300729     WARN  Test worker     d.u.i.k.n.KeYParser       [syntax-error] file:/home/runner/work/key/key/key.core/build/resources/main/de/uka/ilkd/key/proof/rules/ifThenElseRules.key:220:44: mismatched input ')' expecting {'(', '{'} [@1444,6275:6275=')',<147>,220:44] (taclet, rulesOrAxioms, decls, file) 
300729     WARN  Test worker     d.u.i.k.n.KeYParser       [syntax-error] file:/home/runner/work/key/key/key.core/build/resources/main/de/uka/ilkd/key/proof/rules/ifThenElseRules.key:225:14: mismatched input '\ifExintVar' expecting {MODALITY, FORALL, EXISTS, '\if', '\ifEx', 'true', 'false', '(', '{', '@', NOT, SEQARROW, '-', STRING_LITERAL, CHAR_LITERAL, BIN_LITERAL, HEX_LITERAL, IDENT, INT_LITERAL, FLOAT_LITERAL, DOUBLE_LITERAL, REAL_LITERAL} [@1471,6389:6399='\ifExintVar',<188>,225:14] (termorseq, taclet, rulesOrAxioms, decls, file) 
300729     WARN  Test worker     d.u.i.k.n.KeYParser       [syntax-error] file:/home/runner/work/key/key/key.core/build/resources/main/de/uka/ilkd/key/proof/rules/ifThenElseRules.key:225:27: extraneous input '(' expecting {'\lemma', '}', IDENT, '/*!'} [@1474,6402:6402='(',<146>,225:27] (rulesOrAxioms, decls, file) 
300729     WARN  Test worker     d.u.i.k.n.KeYParser       [syntax-error] file:/home/runner/work/key/key/key.core/build/resources/main/de/uka/ilkd/key/proof/rules/ifThenElseRules.key:225:31: mismatched input ')' expecting {'(', '{'} [@1476,6406:6406=')',<147>,225:31] (taclet, rulesOrAxioms, decls, file) 
300729     WARN  Test worker     d.u.i.k.n.KeYParser       [syntax-error] file:/home/runner/work/key/key/key.core/build/resources/main/de/uka/ilkd/key/proof/rules/ifThenElseRules.key:227:44: mismatched input ')' expecting {'(', '{'} [@1508,6509:6509=')',<147>,227:44] (taclet, rulesOrAxioms, decls, file) 
300729     WARN  Test worker     d.u.i.k.n.KeYParser       [syntax-error] file:/home/runner/work/key/key/key.core/build/resources/main/de/uka/ilkd/key/proof/rules/ifThenElseRules.key:233:14: mismatched input '\ifExintVar' expecting {MODALITY, FORALL, EXISTS, '\if', '\ifEx', 'true', 'false', '(', '{', '@', NOT, SEQARROW, '-', STRING_LITERAL, CHAR_LITERAL, BIN_LITERAL, HEX_LITERAL, IDENT, INT_LITERAL, FLOAT_LITERAL, DOUBLE_LITERAL, REAL_LITERAL} [@1539,6656:6666='\ifExintVar',<188>,233:14] (termorseq, taclet, rulesOrAxioms, decls, file) 
300730     WARN  Test worker     d.u.i.k.n.KeYParser       [syntax-error] file:/home/runner/work/key/key/key.core/build/resources/main/de/uka/ilkd/key/proof/rules/ifThenElseRules.key:233:27: extraneous input '(' expecting {'\lemma', '}', IDENT, '/*!'} [@1542,6669:6669='(',<146>,233:27] (rulesOrAxioms, decls, file) 
300730     WARN  Test worker     d.u.i.k.n.KeYParser       [syntax-error] file:/home/runner/work/key/key/key.core/build/resources/main/de/uka/ilkd/key/proof/rules/ifThenElseRules.key:233:31: mismatched input ')' expecting {'(', '{'} [@1544,6673:6673=')',<147>,233:31] (taclet, rulesOrAxioms, decls, file) 
300730     WARN  Test worker     d.u.i.k.n.KeYParser       [syntax-error] file:/home/runner/work/key/key/key.core/build/resources/main/de/uka/ilkd/key/proof/rules/ifThenElseRules.key:237:42: mismatched input '}' expecting {'(', '{'} [@1586,6850:6850='}',<149>,237:42] (taclet, rulesOrAxioms, decls, file) 
300730     WARN  Test worker     d.u.i.k.n.KeYParser       [syntax-error] file:/home/runner/work/key/key/key.core/build/resources/main/de/uka/ilkd/key/proof/rules/ifThenElseRules.key:238:34: mismatched input '}' expecting {'(', '{'} [@1599,6891:6891='}',<149>,238:34] (taclet, rulesOrAxioms, decls, file) 
300730     WARN  Test worker     d.u.i.k.n.KeYParser       [syntax-error] file:/home/runner/work/key/key/key.core/build/resources/main/de/uka/ilkd/key/proof/rules/ifThenElseRules.key:239:28: extraneous input '(' expecting {'\lemma', '}', IDENT, '/*!'} [@1608,6925:6925='(',<146>,239:28] (rulesOrAxioms, decls, file) 
300730     WARN  Test worker     d.u.i.k.n.KeYParser       [syntax-error] file:/home/runner/work/key/key/key.core/build/resources/main/de/uka/ilkd/key/proof/rules/ifThenElseRules.key:239:33: mismatched input '->' expecting {'(', '{'} [@1611,6930:6931='->',<158>,239:33] (taclet, rulesOrAxioms, decls, file) 
300731     WARN  Test worker     d.u.i.k.n.KeYParser       [syntax-error] file:/home/runner/work/key/key/key.core/build/resources/main/de/uka/ilkd/key/proof/rules/ifThenElseRules.key:240:8: extraneous input '\replacewith' expecting {'\lemma', '}', IDENT, '/*!'} [@1626,6979:6990='\replacewith',<105>,240:8] (rulesOrAxioms, decls, file) 
300731     WARN  Test worker     d.u.i.k.n.KeYParser       [syntax-error] file:/home/runner/work/key/key/key.core/build/resources/main/de/uka/ilkd/key/proof/rules/ifThenElseRules.key:240:25: mismatched input ')' expecting {'(', '{'} [@1629,6996:6996=')',<147>,240:25] (taclet, rulesOrAxioms, decls, file) 
300731     WARN  Test worker     d.u.i.k.n.KeYParser       [syntax-error] file:/home/runner/work/key/key/key.core/build/resources/main/de/uka/ilkd/key/proof/rules/ifThenElseRules.key:240:56: mismatched input ')' expecting {'(', '{'} [@1642,7027:7027=')',<147>,240:56] (taclet, rulesOrAxioms, decls, file) 
300731     WARN  Test worker     d.u.i.k.n.KeYParser       [syntax-error] file:/home/runner/work/key/key/key.core/build/resources/main/de/uka/ilkd/key/proof/rules/ifThenElseRules.key:245:14: mismatched input '\ifExintVar' expecting {MODALITY, FORALL, EXISTS, '\if', '\ifEx', 'true', 'false', '(', '{', '@', NOT, SEQARROW, '-', STRING_LITERAL, CHAR_LITERAL, BIN_LITERAL, HEX_LITERAL, IDENT, INT_LITERAL, FLOAT_LITERAL, DOUBLE_LITERAL, REAL_LITERAL} [@1658,7109:7119='\ifExintVar',<188>,245:14] (termorseq, taclet, rulesOrAxioms, decls, file) 
300731     WARN  Test worker     d.u.i.k.n.KeYParser       [syntax-error] file:/home/runner/work/key/key/key.core/build/resources/main/de/uka/ilkd/key/proof/rules/ifThenElseRules.key:245:27: extraneous input '(' expecting {'\lemma', '}', IDENT, '/*!'} [@1661,7122:7122='(',<146>,245:27] (rulesOrAxioms, decls, file) 
300731     WARN  Test worker     d.u.i.k.n.KeYParser       [syntax-error] file:/home/runner/work/key/key/key.core/build/resources/main/de/uka/ilkd/key/proof/rules/ifThenElseRules.key:245:31: mismatched input ')' expecting {'(', '{'} [@1663,7126:7126=')',<147>,245:31] (taclet, rulesOrAxioms, decls, file) 
300732     WARN  Test worker     d.u.i.k.n.KeYParser       [syntax-error] file:/home/runner/work/key/key/key.core/build/resources/main/de/uka/ilkd/key/proof/rules/ifThenElseRules.key:248:45: mismatched input '}' expecting {'(', '{'} [@1696,7268:7268='}',<149>,248:45] (taclet, rulesOrAxioms, decls, file) 
300732     WARN  Test worker     d.u.i.k.n.KeYParser       [syntax-error] file:/home/runner/work/key/key/key.core/build/resources/main/de/uka/ilkd/key/proof/rules/ifThenElseRules.key:249:8: extraneous input '\replacewith' expecting {'\lemma', '}', IDENT, '/*!'} [@1701,7284:7295='\replacewith',<105>,249:8] (rulesOrAxioms, decls, file) 
300732     WARN  Test worker     d.u.i.k.n.KeYParser       [syntax-error] file:/home/runner/work/key/key/key.core/build/resources/main/de/uka/ilkd/key/proof/rules/ifThenElseRules.key:249:38: mismatched input ')' expecting {'(', '{'} [@1708,7314:7314=')',<147>,249:38] (taclet, rulesOrAxioms, decls, file) 
300732     WARN  Test worker     d.u.i.k.n.KeYParser       [syntax-error] file:/home/runner/work/key/key/key.core/build/resources/main/de/uka/ilkd/key/proof/rules/ifThenElseRules.key:250:42: mismatched input '}' expecting {'(', '{'} [@1731,7381:7381='}',<149>,250:42] (taclet, rulesOrAxioms, decls, file) 
300732     WARN  Test worker     d.u.i.k.n.KeYParser       [syntax-error] file:/home/runner/work/key/key/key.core/build/resources/main/de/uka/ilkd/key/proof/rules/ifThenElseRules.key:251:28: extraneous input '(' expecting {'\lemma', '}', IDENT, '/*!'} [@1741,7416:7416='(',<146>,251:28] (rulesOrAxioms, decls, file) 
300732     WARN  Test worker     d.u.i.k.n.KeYParser       [syntax-error] file:/home/runner/work/key/key/key.core/build/resources/main/de/uka/ilkd/key/proof/rules/ifThenElseRules.key:251:33: mismatched input '->' expecting {'(', '{'} [@1744,7421:7422='->',<158>,251:33] (taclet, rulesOrAxioms, decls, file) 
300732     WARN  Test worker     d.u.i.k.n.KeYParser       [syntax-error] file:/home/runner/work/key/key/key.core/build/resources/main/de/uka/ilkd/key/proof/rules/ifThenElseRules.key:255:14: mismatched input '\ifExintVar' expecting {MODALITY, FORALL, EXISTS, '\if', '\ifEx', 'true', 'false', '(', '{', '@', NOT, SEQARROW, '-', STRING_LITERAL, CHAR_LITERAL, BIN_LITERAL, HEX_LITERAL, IDENT, INT_LITERAL, FLOAT_LITERAL, DOUBLE_LITERAL, REAL_LITERAL} [@1765,7506:7516='\ifExintVar',<188>,255:14] (termorseq, taclet, rulesOrAxioms, decls, file) 
300732     WARN  Test worker     d.u.i.k.n.KeYParser       [syntax-error] file:/home/runner/work/key/key/key.core/build/resources/main/de/uka/ilkd/key/proof/rules/ifThenElseRules.key:255:27: extraneous input '(' expecting {'\lemma', '}', IDENT, '/*!'} [@1768,7519:7519='(',<146>,255:27] (rulesOrAxioms, decls, file) 
300732     WARN  Test worker     d.u.i.k.n.KeYParser       [syntax-error] file:/home/runner/work/key/key/key.core/build/resources/main/de/uka/ilkd/key/proof/rules/ifThenElseRules.key:255:31: mismatched input ')' expecting {'(', '{'} [@1770,7523:7523=')',<147>,255:31] (taclet, rulesOrAxioms, decls, file) 
300732     WARN  Test worker     d.u.i.k.n.KeYParser       [syntax-error] file:/home/runner/work/key/key/key.core/build/resources/main/de/uka/ilkd/key/proof/rules/ifThenElseRules.key:258:52: extraneous input '0' expecting {'\lemma', '}', IDENT, '/*!'} [@1809,7667:7667='0',<184>,258:52] (rulesOrAxioms, decls, file) 
300733     WARN  Test worker     d.u.i.k.n.KeYParser       [syntax-error] file:/home/runner/work/key/key/key.core/build/resources/main/de/uka/ilkd/key/proof/rules/ifThenElseRules.key:258:54: mismatched input 'then' expecting {<EOF>, '\problem', '\chooseContract', '\proofObligation', '\proof'} [@1811,7669:7672='then',<183>,258:54] (file) 
300733     ERROR Test worker     d.u.i.k.s.n.MasterHandlerTest Error reading /home/runner/work/key/key/key.core/build/resources/test/de/uka/ilkd/key/smt/newsmt2/cases/float.sinDouble.props de.uka.ilkd.key.proof.io.ProblemLoaderException: line 135:14 mismatched input '\ifExintVar' expecting {MODALITY, FORALL, EXISTS, '\if', '\ifEx', 'true', 'false', '(', '{', '@', NOT, SEQARROW, '-', STRING_LITERAL, CHAR_LITERAL, BIN_LITERAL, HEX_LITERAL, IDENT, INT_LITERAL, FLOAT_LITERAL, DOUBLE_LITERAL, REAL_LITERAL}
line 135:27 extraneous input '(' expecting {'\lemma', '}', IDENT, '/*!'}
line 135:44 mismatched input ')' expecting {'(', '{'}
line 141:14 mismatched input '\ifExintVar' expecting {MODALITY, FORALL, EXISTS, '\if', '\ifEx', 'true', 'false', '(', '{', '@', NOT, SEQARROW, '-', STRING_LITERAL, CHAR_LITERAL, BIN_LITERAL, HEX_LITERAL, IDENT, INT_LITERAL, FLOAT_LITERAL, DOUBLE_LITERAL, REAL_LITERAL}
line 141:27 extraneous input '(' expecting {'\lemma', '}', IDENT, '/*!'}
line 141:41 mismatched input ')' expecting {'(', '{'}
line 148:14 mismatched input '\ifExintVar' expecting {MODALITY, FORALL, EXISTS, '\if', '\ifEx', 'true', 'false', '(', '{', '@', NOT, SEQARROW, '-', STRING_LITERAL, CHAR_LITERAL, BIN_LITERAL, HEX_LITERAL, IDENT, INT_LITERAL, FLOAT_LITERAL, DOUBLE_LITERAL, REAL_LITERAL}
line 148:27 extraneous input '(' expecting {'\lemma', '}', IDENT, '/*!'}
line 148:35 mismatched input '=' expecting {'(', '{'}
line 150:38 mismatched input '}' expecting {'(', '{'}
line 155:14 mismatched input '\ifExintVar' expecting {MODALITY, FORALL, EXISTS, '\if', '\ifEx', 'true', 'false', '(', '{', '@', NOT, SEQARROW, '-', STRING_LITERAL, CHAR_LITERAL, BIN_LITERAL, HEX_LITERAL, IDENT, INT_LITERAL, FLOAT_LITERAL, DOUBLE_LITERAL, REAL_LITERAL}
line 155:27 extraneous input '(' expecting {'\lemma', '}', IDENT, '/*!'}
line 155:35 mismatched input '=' expecting {'(', '{'}
line 157:38 mismatched input '}' expecting {'(', '{'}
line 163:14 mismatched input '\ifExintVar' expecting {MODALITY, FORALL, EXISTS, '\if', '\ifEx', 'true', 'false', '(', '{', '@', NOT, SEQARROW, '-', STRING_LITERAL, CHAR_LITERAL, BIN_LITERAL, HEX_LITERAL, IDENT, INT_LITERAL, FLOAT_LITERAL, DOUBLE_LITERAL, REAL_LITERAL}
line 163:27 extraneous input '(' expecting {'\lemma', '}', IDENT, '/*!'}
line 163:30 mismatched input '=' expecting {'(', '{'}
line 165:38 mismatched input '}' expecting {'(', '{'}
line 171:14 mismatched input '\ifExintVar' expecting {MODALITY, FORALL, EXISTS, '\if', '\ifEx', 'true', 'false', '(', '{', '@', NOT, SEQARROW, '-', STRING_LITERAL, CHAR_LITERAL, BIN_LITERAL, HEX_LITERAL, IDENT, INT_LITERAL, FLOAT_LITERAL, DOUBLE_LITERAL, REAL_LITERAL}
line 171:27 extraneous input '(' expecting {'\lemma', '}', IDENT, '/*!'}
line 171:30 mismatched input '=' expecting {'(', '{'}
line 173:38 mismatched input '}' expecting {'(', '{'}
line 179:14 mismatched input '\ifExintVar' expecting {MODALITY, FORALL, EXISTS, '\if', '\ifEx', 'true', 'false', '(', '{', '@', NOT, SEQARROW, '-', STRING_LITERAL, CHAR_LITERAL, BIN_LITERAL, HEX_LITERAL, IDENT, INT_LITERAL, FLOAT_LITERAL, DOUBLE_LITERAL, REAL_LITERAL}
line 179:27 extraneous input '(' expecting {'\lemma', '}', IDENT, '/*!'}
line 179:32 mismatched input '&' expecting {'(', '{'}
line 181:42 mismatched input '}' expecting {'(', '{'}
line 182:39 mismatched input '}' expecting {'(', '{'}
line 188:14 mismatched input '\ifExintVar' expecting {MODALITY, FORALL, EXISTS, '\if', '\ifEx', 'true', 'false', '(', '{', '@', NOT, SEQARROW, '-', STRING_LITERAL, CHAR_LITERAL, BIN_LITERAL, HEX_LITERAL, IDENT, INT_LITERAL, FLOAT_LITERAL, DOUBLE_LITERAL, REAL_LITERAL}
line 188:27 extraneous input '(' expecting {'\lemma', '}', IDENT, '/*!'}
line 188:32 mismatched input '&' expecting {'(', '{'}
line 190:42 mismatched input '}' expecting {'(', '{'}
line 191:39 mismatched input '}' expecting {'(', '{'}
line 198:14 mismatched input '\ifExintVar' expecting {MODALITY, FORALL, EXISTS, '\if', '\ifEx', 'true', 'false', '(', '{', '@', NOT, SEQARROW, '-', STRING_LITERAL, CHAR_LITERAL, BIN_LITERAL, HEX_LITERAL, IDENT, INT_LITERAL, FLOAT_LITERAL, DOUBLE_LITERAL, REAL_LITERAL}
line 198:27 extraneous input '(' expecting {'\lemma', '}', IDENT, '/*!'}
line 198:32 mismatched input '&' expecting {'(', '{'}
line 200:42 mismatched input '}' expecting {'(', '{'}
line 201:39 mismatched input '}' expecting {'(', '{'}
line 208:14 mismatched input '\ifExintVar' expecting {MODALITY, FORALL, EXISTS, '\if', '\ifEx', 'true', 'false', '(', '{', '@', NOT, SEQARROW, '-', STRING_LITERAL, CHAR_LITERAL, BIN_LITERAL, HEX_LITERAL, IDENT, INT_LITERAL, FLOAT_LITERAL, DOUBLE_LITERAL, REAL_LITERAL}
line 208:27 extraneous input '(' expecting {'\lemma', '}', IDENT, '/*!'}
line 208:32 mismatched input '&' expecting {'(', '{'}
line 210:42 mismatched input '}' expecting {'(', '{'}
line 211:39 mismatched input '}' expecting {'(', '{'}
line 218:14 mismatched input '\ifExintVar' expecting {MODALITY, FORALL, EXISTS, '\if', '\ifEx', 'true', 'false', '(', '{', '@', NOT, SEQARROW, '-', STRING_LITERAL, CHAR_LITERAL, BIN_LITERAL, HEX_LITERAL, IDENT, INT_LITERAL, FLOAT_LITERAL, DOUBLE_LITERAL, REAL_LITERAL}
line 218:27 extraneous input '(' expecting {'\lemma', '}', IDENT, '/*!'}
line 218:31 mismatched input ')' expecting {'(', '{'}
line 220:44 mismatched input ')' expecting {'(', '{'}
line 225:14 mismatched input '\ifExintVar' expecting {MODALITY, FORALL, EXISTS, '\if', '\ifEx', 'true', 'false', '(', '{', '@', NOT, SEQARROW, '-', STRING_LITERAL, CHAR_LITERAL, BIN_LITERAL, HEX_LITERAL, IDENT, INT_LITERAL, FLOAT_LITERAL, DOUBLE_LITERAL, REAL_LITERAL}
line 225:27 extraneous input '(' expecting {'\lemma', '}', IDENT, '/*!'}
line 225:31 mismatched input ')' expecting {'(', '{'}
line 227:44 mismatched input ')' expecting {'(', '{'}
line 233:14 mismatched input '\ifExintVar' expecting {MODALITY, FORALL, EXISTS, '\if', '\ifEx', 'true', 'false', '(', '{', '@', NOT, SEQARROW, '-', STRING_LITERAL, CHAR_LITERAL, BIN_LITERAL, HEX_LITERAL, IDENT, INT_LITERAL, FLOAT_LITERAL, DOUBLE_LITERAL, REAL_LITERAL}
line 233:27 extraneous input '(' expecting {'\lemma', '}', IDENT, '/*!'}
line 233:31 mismatched input ')' expecting {'(', '{'}
line 237:42 mismatched input '}' expecting {'(', '{'}
line 238:34 mismatched input '}' expecting {'(', '{'}
line 239:28 extraneous input '(' expecting {'\lemma', '}', IDENT, '/*!'}
line 239:33 mismatched input '->' expecting {'(', '{'}
line 240:8 extraneous input '\replacewith' expecting {'\lemma', '}', IDENT, '/*!'}
line 240:25 mismatched input ')' expecting {'(', '{'}
line 240:56 mismatched input ')' expecting {'(', '{'}
line 245:14 mismatched input '\ifExintVar' expecting {MODALITY, FORALL, EXISTS, '\if', '\ifEx', 'true', 'false', '(', '{', '@', NOT, SEQARROW, '-', STRING_LITERAL, CHAR_LITERAL, BIN_LITERAL, HEX_LITERAL, IDENT, INT_LITERAL, FLOAT_LITERAL, DOUBLE_LITERAL, REAL_LITERAL}
line 245:27 extraneous input '(' expecting {'\lemma', '}', IDENT, '/*!'}
line 245:31 mismatched input ')' expecting {'(', '{'}
line 248:45 mismatched input '}' expecting {'(', '{'}
line 249:8 extraneous input '\replacewith' expecting {'\lemma', '}', IDENT, '/*!'}
line 249:38 mismatched input ')' expecting {'(', '{'}
line 250:42 mismatched input '}' expecting {'(', '{'}
line 251:28 extraneous input '(' expecting {'\lemma', '}', IDENT, '/*!'}
line 251:33 mismatched input '->' expecting {'(', '{'}
line 255:14 mismatched input '\ifExintVar' expecting {MODALITY, FORALL, EXISTS, '\if', '\ifEx', 'true', 'false', '(', '{', '@', NOT, SEQARROW, '-', STRING_LITERAL, CHAR_LITERAL, BIN_LITERAL, HEX_LITERAL, IDENT, INT_LITERAL, FLOAT_LITERAL, DOUBLE_LITERAL, REAL_LITERAL}
line 255:27 extraneous input '(' expecting {'\lemma', '}', IDENT, '/*!'}
line 255:31 mismatched input ')' expecting {'(', '{'}
line 258:52 extraneous input '0' expecting {'\lemma', '}', IDENT, '/*!'}
line 258:54 mismatched input 'then' expecting {<EOF>, '\problem', '\chooseContract', '\proofObligation', '\proof'}

	at de.uka.ilkd.key.control.AbstractUserInterfaceControl.load(AbstractUserInterfaceControl.java:221)
Caused by: de.uka.ilkd.key.proof.init.ProofInputException: line 135:14 mismatched input '\ifExintVar' expecting {MODALITY, FORALL, EXISTS, '\if', '\ifEx', 'true', 'false', '(', '{', '@', NOT, SEQARROW, '-', STRING_LITERAL, CHAR_LITERAL, BIN_LITERAL, HEX_LITERAL, IDENT, INT_LITERAL, FLOAT_LITERAL, DOUBLE_LITERAL, REAL_LITERAL}
line 135:27 extraneous input '(' expecting {'\lemma', '}', IDENT, '/*!'}
line 135:44 mismatched input ')' expecting {'(', '{'}
line 141:14 mismatched input '\ifExintVar' expecting {MODALITY, FORALL, EXISTS, '\if', '\ifEx', 'true', 'false', '(', '{', '@', NOT, SEQARROW, '-', STRING_LITERAL, CHAR_LITERAL, BIN_LITERAL, HEX_LITERAL, IDENT, INT_LITERAL, FLOAT_LITERAL, DOUBLE_LITERAL, REAL_LITERAL}
line 141:27 extraneous input '(' expecting {'\lemma', '}', IDENT, '/*!'}
line 141:41 mismatched input ')' expecting {'(', '{'}
line 148:14 mismatched input '\ifExintVar' expecting {MODALITY, FORALL, EXISTS, '\if', '\ifEx', 'true', 'false', '(', '{', '@', NOT, SEQARROW, '-', STRING_LITERAL, CHAR_LITERAL, BIN_LITERAL, HEX_LITERAL, IDENT, INT_LITERAL, FLOAT_LITERAL, DOUBLE_LITERAL, REAL_LITERAL}
line 148:27 extraneous input '(' expecting {'\lemma', '}', IDENT, '/*!'}
line 148:35 mismatched input '=' expecting {'(', '{'}
line 150:38 mismatched input '}' expecting {'(', '{'}
line 155:14 mismatched input '\ifExintVar' expecting {MODALITY, FORALL, EXISTS, '\if', '\ifEx', 'true', 'false', '(', '{', '@', NOT, SEQARROW, '-', STRING_LITERAL, CHAR_LITERAL, BIN_LITERAL, HEX_LITERAL, IDENT, INT_LITERAL, FLOAT_LITERAL, DOUBLE_LITERAL, REAL_LITERAL}
line 155:27 extraneous input '(' expecting {'\lemma', '}', IDENT, '/*!'}
line 155:35 mismatched input '=' expecting {'(', '{'}
line 157:38 mismatched input '}' expecting {'(', '{'}
line 163:14 mismatched input '\ifExintVar' expecting {MODALITY, FORALL, EXISTS, '\if', '\ifEx', 'true', 'false', '(', '{', '@', NOT, SEQARROW, '-', STRING_LITERAL, CHAR_LITERAL, BIN_LITERAL, HEX_LITERAL, IDENT, INT_LITERAL, FLOAT_LITERAL, DOUBLE_LITERAL, REAL_LITERAL}
line 163:27 extraneous input '(' expecting {'\lemma', '}', IDENT, '/*!'}
line 163:30 mismatched input '=' expecting {'(', '{'}
line 165:38 mismatched input '}' expecting {'(', '{'}
line 171:14 mismatched input '\ifExintVar' expecting {MODALITY, FORALL, EXISTS, '\if', '\ifEx', 'true', 'false', '(', '{', '@', NOT, SEQARROW, '-', STRING_LITERAL, CHAR_LITERAL, BIN_LITERAL, HEX_LITERAL, IDENT, INT_LITERAL, FLOAT_LITERAL, DOUBLE_LITERAL, REAL_LITERAL}
line 171:27 extraneous input '(' expecting {'\lemma', '}', IDENT, '/*!'}
line 171:30 mismatched input '=' expecting {'(', '{'}
line 173:38 mismatched input '}' expecting {'(', '{'}
line 179:14 mismatched input '\ifExintVar' expecting {MODALITY, FORALL, EXISTS, '\if', '\ifEx', 'true', 'false', '(', '{', '@', NOT, SEQARROW, '-', STRING_LITERAL, CHAR_LITERAL, BIN_LITERAL, HEX_LITERAL, IDENT, INT_LITERAL, FLOAT_LITERAL, DOUBLE_LITERAL, REAL_LITERAL}
line 179:27 extraneous input '(' expecting {'\lemma', '}', IDENT, '/*!'}
line 179:32 mismatched input '&' expecting {'(', '{'}
line 181:42 mismatched input '}' expecting {'(', '{'}
line 182:39 mismatched input '}' expecting {'(', '{'}
line 188:14 mismatched input '\ifExintVar' expecting {MODALITY, FORALL, EXISTS, '\if', '\ifEx', 'true', 'false', '(', '{', '@', NOT, SEQARROW, '-', STRING_LITERAL, CHAR_LITERAL, BIN_LITERAL, HEX_LITERAL, IDENT, INT_LITERAL, FLOAT_LITERAL, DOUBLE_LITERAL, REAL_LITERAL}
line 188:27 extraneous input '(' expecting {'\lemma', '}', IDENT, '/*!'}
line 188:32 mismatched input '&' expecting {'(', '{'}
line 190:42 mismatched input '}' expecting {'(', '{'}
line 191:39 mismatched input '}' expecting {'(', '{'}
line 198:14 mismatched input '\ifExintVar' expecting {MODALITY, FORALL, EXISTS, '\if', '\ifEx', 'true', 'false', '(', '{', '@', NOT, SEQARROW, '-', STRING_LITERAL, CHAR_LITERAL, BIN_LITERAL, HEX_LITERAL, IDENT, INT_LITERAL, FLOAT_LITERAL, DOUBLE_LITERAL, REAL_LITERAL}
line 198:27 extraneous input '(' expecting {'\lemma', '}', IDENT, '/*!'}
line 198:32 mismatched input '&' expecting {'(', '{'}
line 200:42 mismatched input '}' expecting {'(', '{'}
line 201:39 mismatched input '}' expecting {'(', '{'}
line 208:14 mismatched input '\ifExintVar' expecting {MODALITY, FORALL, EXISTS, '\if', '\ifEx', 'true', 'false', '(', '{', '@', NOT, SEQARROW, '-', STRING_LITERAL, CHAR_LITERAL, BIN_LITERAL, HEX_LITERAL, IDENT, INT_LITERAL, FLOAT_LITERAL, DOUBLE_LITERAL, REAL_LITERAL}
line 208:27 extraneous input '(' expecting {'\lemma', '}', IDENT, '/*!'}
line 208:32 mismatched input '&' expecting {'(', '{'}
line 210:42 mismatched input '}' expecting {'(', '{'}
line 211:39 mismatched input '}' expecting {'(', '{'}
line 218:14 mismatched input '\ifExintVar' expecting {MODALITY, FORALL, EXISTS, '\if', '\ifEx', 'true', 'false', '(', '{', '@', NOT, SEQARROW, '-', STRING_LITERAL, CHAR_LITERAL, BIN_LITERAL, HEX_LITERAL, IDENT, INT_LITERAL, FLOAT_LITERAL, DOUBLE_LITERAL, REAL_LITERAL}
line 218:27 extraneous input '(' expecting {'\lemma', '}', IDENT, '/*!'}
line 218:31 mismatched input ')' expecting {'(', '{'}
line 220:44 mismatched input ')' expecting {'(', '{'}
line 225:14 mismatched input '\ifExintVar' expecting {MODALITY, FORALL, EXISTS, '\if', '\ifEx', 'true', 'false', '(', '{', '@', NOT, SEQARROW, '-', STRING_LITERAL, CHAR_LITERAL, BIN_LITERAL, HEX_LITERAL, IDENT, INT_LITERAL, FLOAT_LITERAL, DOUBLE_LITERAL, REAL_LITERAL}
line 225:27 extraneous input '(' expecting {'\lemma', '}', IDENT, '/*!'}
line 225:31 mismatched input ')' expecting {'(', '{'}
line 227:44 mismatched input ')' expecting {'(', '{'}
line 233:14 mismatched input '\ifExintVar' expecting {MODALITY, FORALL, EXISTS, '\if', '\ifEx', 'true', 'false', '(', '{', '@', NOT, SEQARROW, '-', STRING_LITERAL, CHAR_LITERAL, BIN_LITERAL, HEX_LITERAL, IDENT, INT_LITERAL, FLOAT_LITERAL, DOUBLE_LITERAL, REAL_LITERAL}
line 233:27 extraneous input '(' expecting {'\lemma', '}', IDENT, '/*!'}
line 233:31 mismatched input ')' expecting {'(', '{'}
line 237:42 mismatched input '}' expecting {'(', '{'}
line 238:34 mismatched input '}' expecting {'(', '{'}
line 239:28 extraneous input '(' expecting {'\lemma', '}', IDENT, '/*!'}
line 239:33 mismatched input '->' expecting {'(', '{'}
line 240:8 extraneous input '\replacewith' expecting {'\lemma', '}', IDENT, '/*!'}
line 240:25 mismatched input ')' expecting {'(', '{'}
line 240:56 mismatched input ')' expecting {'(', '{'}
line 245:14 mismatched input '\ifExintVar' expecting {MODALITY, FORALL, EXISTS, '\if', '\ifEx', 'true', 'false', '(', '{', '@', NOT, SEQARROW, '-', STRING_LITERAL, CHAR_LITERAL, BIN_LITERAL, HEX_LITERAL, IDENT, INT_LITERAL, FLOAT_LITERAL, DOUBLE_LITERAL, REAL_LITERAL}
line 245:27 extraneous input '(' expecting {'\lemma', '}', IDENT, '/*!'}
line 245:31 mismatched input ')' expecting {'(', '{'}
line 248:45 mismatched input '}' expecting {'(', '{'}
line 249:8 extraneous input '\replacewith' expecting {'\lemma', '}', IDENT, '/*!'}
line 249:38 mismatched input ')' expecting {'(', '{'}
line 250:42 mismatched input '}' expecting {'(', '{'}
line 251:28 extraneous input '(' expecting {'\lemma', '}', IDENT, '/*!'}
line 251:33 mismatched input '->' expecting {'(', '{'}
line 255:14 mismatched input '\ifExintVar' expecting {MODALITY, FORALL, EXISTS, '\if', '\ifEx', 'true', 'false', '(', '{', '@', NOT, SEQARROW, '-', STRING_LITERAL, CHAR_LITERAL, BIN_LITERAL, HEX_LITERAL, IDENT, INT_LITERAL, FLOAT_LITERAL, DOUBLE_LITERAL, REAL_LITERAL}
line 255:27 extraneous input '(' expecting {'\lemma', '}', IDENT, '/*!'}
line 255:31 mismatched input ')' expecting {'(', '{'}
line 258:52 extraneous input '0' expecting {'\lemma', '}', IDENT, '/*!'}
line 258:54 mismatched input 'then' expecting {<EOF>, '\problem', '\chooseContract', '\proofObligation', '\proof'}

	at de.uka.ilkd.key.proof.io.KeYFile.readIncludes(KeYFile.java:210)
Caused by: de.uka.ilkd.key.util.parsing.SyntaxErrorReporter$ParserException: line 135:14 mismatched input '\ifExintVar' expecting {MODALITY, FORALL, EXISTS, '\if', '\ifEx', 'true', 'false', '(', '{', '@', NOT, SEQARROW, '-', STRING_LITERAL, CHAR_LITERAL, BIN_LITERAL, HEX_LITERAL, IDENT, INT_LITERAL, FLOAT_LITERAL, DOUBLE_LITERAL, REAL_LITERAL}
line 135:27 extraneous input '(' expecting {'\lemma', '}', IDENT, '/*!'}
line 135:44 mismatched input ')' expecting {'(', '{'}
line 141:14 mismatched input '\ifExintVar' expecting {MODALITY, FORALL, EXISTS, '\if', '\ifEx', 'true', 'false', '(', '{', '@', NOT, SEQARROW, '-', STRING_LITERAL, CHAR_LITERAL, BIN_LITERAL, HEX_LITERAL, IDENT, INT_LITERAL, FLOAT_LITERAL, DOUBLE_LITERAL, REAL_LITERAL}
line 141:27 extraneous input '(' expecting {'\lemma', '}', IDENT, '/*!'}
line 141:41 mismatched input ')' expecting {'(', '{'}
line 148:14 mismatched input '\ifExintVar' expecting {MODALITY, FORALL, EXISTS, '\if', '\ifEx', 'true', 'false', '(', '{', '@', NOT, SEQARROW, '-', STRING_LITERAL, CHAR_LITERAL, BIN_LITERAL, HEX_LITERAL, IDENT, INT_LITERAL, FLOAT_LITERAL, DOUBLE_LITERAL, REAL_LITERAL}
line 148:27 extraneous input '(' expecting {'\lemma', '}', IDENT, '/*!'}
line 148:35 mismatched input '=' expecting {'(', '{'}
line 150:38 mismatched input '}' expecting {'(', '{'}
line 155:14 mismatched input '\ifExintVar' expecting {MODALITY, FORALL, EXISTS, '\if', '\ifEx', 'true', 'false', '(', '{', '@', NOT, SEQARROW, '-', STRING_LITERAL, CHAR_LITERAL, BIN_LITERAL, HEX_LITERAL, IDENT, INT_LITERAL, FLOAT_LITERAL, DOUBLE_LITERAL, REAL_LITERAL}
line 155:27 extraneous input '(' expecting {'\lemma', '}', IDENT, '/*!'}
line 155:35 mismatched input '=' expecting {'(', '{'}
line 157:38 mismatched input '}' expecting {'(', '{'}
line 163:14 mismatched input '\ifExintVar' expecting {MODALITY, FORALL, EXISTS, '\if', '\ifEx', 'true', 'false', '(', '{', '@', NOT, SEQARROW, '-', STRING_LITERAL, CHAR_LITERAL, BIN_LITERAL, HEX_LITERAL, IDENT, INT_LITERAL, FLOAT_LITERAL, DOUBLE_LITERAL, REAL_LITERAL}
line 163:27 extraneous input '(' expecting {'\lemma', '}', IDENT, '/*!'}
line 163:30 mismatched input '=' expecting {'(', '{'}
line 165:38 mismatched input '}' expecting {'(', '{'}
line 171:14 mismatched input '\ifExintVar' expecting {MODALITY, FORALL, EXISTS, '\if', '\ifEx', 'true', 'false', '(', '{', '@', NOT, SEQARROW, '-', STRING_LITERAL, CHAR_LITERAL, BIN_LITERAL, HEX_LITERAL, IDENT, INT_LITERAL, FLOAT_LITERAL, DOUBLE_LITERAL, REAL_LITERAL}
line 171:27 extraneous input '(' expecting {'\lemma', '}', IDENT, '/*!'}
line 171:30 mismatched input '=' expecting {'(', '{'}
line 173:38 mismatched input '}' expecting {'(', '{'}
line 179:14 mismatched input '\ifExintVar' expecting {MODALITY, FORALL, EXISTS, '\if', '\ifEx', 'true', 'false', '(', '{', '@', NOT, SEQARROW, '-', STRING_LITERAL, CHAR_LITERAL, BIN_LITERAL, HEX_LITERAL, IDENT, INT_LITERAL, FLOAT_LITERAL, DOUBLE_LITERAL, REAL_LITERAL}
line 179:27 extraneous input '(' expecting {'\lemma', '}', IDENT, '/*!'}
line 179:32 mismatched input '&' expecting {'(', '{'}
line 181:42 mismatched input '}' expecting {'(', '{'}
line 182:39 mismatched input '}' expecting {'(', '{'}
line 188:14 mismatched input '\ifExintVar' expecting {MODALITY, FORALL, EXISTS, '\if', '\ifEx', 'true', 'false', '(', '{', '@', NOT, SEQARROW, '-', STRING_LITERAL, CHAR_LITERAL, BIN_LITERAL, HEX_LITERAL, IDENT, INT_LITERAL, FLOAT_LITERAL, DOUBLE_LITERAL, REAL_LITERAL}
line 188:27 extraneous input '(' expecting {'\lemma', '}', IDENT, '/*!'}
line 188:32 mismatched input '&' expecting {'(', '{'}
line 190:42 mismatched input '}' expecting {'(', '{'}
line 191:39 mismatched input '}' expecting {'(', '{'}
line 198:14 mismatched input '\ifExintVar' expecting {MODALITY, FORALL, EXISTS, '\if', '\ifEx', 'true', 'false', '(', '{', '@', NOT, SEQARROW, '-', STRING_LITERAL, CHAR_LITERAL, BIN_LITERAL, HEX_LITERAL, IDENT, INT_LITERAL, FLOAT_LITERAL, DOUBLE_LITERAL, REAL_LITERAL}
line 198:27 extraneous input '(' expecting {'\lemma', '}', IDENT, '/*!'}
line 198:32 mismatched input '&' expecting {'(', '{'}
line 200:42 mismatched input '}' expecting {'(', '{'}
line 201:39 mismatched input '}' expecting {'(', '{'}
line 208:14 mismatched input '\ifExintVar' expecting {MODALITY, FORALL, EXISTS, '\if', '\ifEx', 'true', 'false', '(', '{', '@', NOT, SEQARROW, '-', STRING_LITERAL, CHAR_LITERAL, BIN_LITERAL, HEX_LITERAL, IDENT, INT_LITERAL, FLOAT_LITERAL, DOUBLE_LITERAL, REAL_LITERAL}
line 208:27 extraneous input '(' expecting {'\lemma', '}', IDENT, '/*!'}
line 208:32 mismatched input '&' expecting {'(', '{'}
line 210:42 mismatched input '}' expecting {'(', '{'}
line 211:39 mismatched input '}' expecting {'(', '{'}
line 218:14 mismatched input '\ifExintVar' expecting {MODALITY, FORALL, EXISTS, '\if', '\ifEx', 'true', 'false', '(', '{', '@', NOT, SEQARROW, '-', STRING_LITERAL, CHAR_LITERAL, BIN_LITERAL, HEX_LITERAL, IDENT, INT_LITERAL, FLOAT_LITERAL, DOUBLE_LITERAL, REAL_LITERAL}
line 218:27 extraneous input '(' expecting {'\lemma', '}', IDENT, '/*!'}
line 218:31 mismatched input ')' expecting {'(', '{'}
line 220:44 mismatched input ')' expecting {'(', '{'}
line 225:14 mismatched input '\ifExintVar' expecting {MODALITY, FORALL, EXISTS, '\if', '\ifEx', 'true', 'false', '(', '{', '@', NOT, SEQARROW, '-', STRING_LITERAL, CHAR_LITERAL, BIN_LITERAL, HEX_LITERAL, IDENT, INT_LITERAL, FLOAT_LITERAL, DOUBLE_LITERAL, REAL_LITERAL}
line 225:27 extraneous input '(' expecting {'\lemma', '}', IDENT, '/*!'}
line 225:31 mismatched input ')' expecting {'(', '{'}
line 227:44 mismatched input ')' expecting {'(', '{'}
line 233:14 mismatched input '\ifExintVar' expecting {MODALITY, FORALL, EXISTS, '\if', '\ifEx', 'true', 'false', '(', '{', '@', NOT, SEQARROW, '-', STRING_LITERAL, CHAR_LITERAL, BIN_LITERAL, HEX_LITERAL, IDENT, INT_LITERAL, FLOAT_LITERAL, DOUBLE_LITERAL, REAL_LITERAL}
line 233:27 extraneous input '(' expecting {'\lemma', '}', IDENT, '/*!'}
line 233:31 mismatched input ')' expecting {'(', '{'}
line 237:42 mismatched input '}' expecting {'(', '{'}
line 238:34 mismatched input '}' expecting {'(', '{'}
line 239:28 extraneous input '(' expecting {'\lemma', '}', IDENT, '/*!'}
line 239:33 mismatched input '->' expecting {'(', '{'}
line 240:8 extraneous input '\replacewith' expecting {'\lemma', '}', IDENT, '/*!'}
line 240:25 mismatched input ')' expecting {'(', '{'}
line 240:56 mismatched input ')' expecting {'(', '{'}
line 245:14 mismatched input '\ifExintVar' expecting {MODALITY, FORALL, EXISTS, '\if', '\ifEx', 'true', 'false', '(', '{', '@', NOT, SEQARROW, '-', STRING_LITERAL, CHAR_LITERAL, BIN_LITERAL, HEX_LITERAL, IDENT, INT_LITERAL, FLOAT_LITERAL, DOUBLE_LITERAL, REAL_LITERAL}
line 245:27 extraneous input '(' expecting {'\lemma', '}', IDENT, '/*!'}
line 245:31 mismatched input ')' expecting {'(', '{'}
line 248:45 mismatched input '}' expecting {'(', '{'}
line 249:8 extraneous input '\replacewith' expecting {'\lemma', '}', IDENT, '/*!'}
line 249:38 mismatched input ')' expecting {'(', '{'}
line 250:42 mismatched input '}' expecting {'(', '{'}
line 251:28 extraneous input '(' expecting {'\lemma', '}', IDENT, '/*!'}
line 251:33 mismatched input '->' expecting {'(', '{'}
line 255:14 mismatched input '\ifExintVar' expecting {MODALITY, FORALL, EXISTS, '\if', '\ifEx', 'true', 'false', '(', '{', '@', NOT, SEQARROW, '-', STRING_LITERAL, CHAR_LITERAL, BIN_LITERAL, HEX_LITERAL, IDENT, INT_LITERAL, FLOAT_LITERAL, DOUBLE_LITERAL, REAL_LITERAL}
line 255:27 extraneous input '(' expecting {'\lemma', '}', IDENT, '/*!'}
line 255:31 mismatched input ')' expecting {'(', '{'}
line 258:52 extraneous input '0' expecting {'\lemma', '}', IDENT, '/*!'}
line 258:54 mismatched input 'then' expecting {<EOF>, '\problem', '\chooseContract', '\proofObligation', '\proof'}

	at de.uka.ilkd.key.util.parsing.SyntaxErrorReporter.throwException(SyntaxErrorReporter.java:89)

300790     WARN  Test worker     d.u.i.k.n.KeYParser       [syntax-error] file:/home/runner/work/key/key/key.core/build/resources/main/de/uka/ilkd/key/proof/rules/ifThenElseRules.key:135:14: mismatched input '\ifExintVar' expecting {MODALITY, FORALL, EXISTS, '\if', '\ifEx', 'true', 'false', '(', '{', '@', NOT, SEQARROW, '-', STRING_LITERAL, CHAR_LITERAL, BIN_LITERAL, HEX_LITERAL, IDENT, INT_LITERAL, FLOAT_LITERAL, DOUBLE_LITERAL, REAL_LITERAL} [@745,3563:3573='\ifExintVar',<188>,135:14] (termorseq, taclet, rulesOrAxioms, decls, file) 
300792     WARN  Test worker     d.u.i.k.n.KeYParser       [syntax-error] file:/home/runner/work/key/key/key.core/build/resources/main/de/uka/ilkd/key/proof/rules/ifThenElseRules.key:135:27: extraneous input '(' expecting {'\lemma', '}', IDENT, '/*!'} [@748,3576:3576='(',<146>,135:27] (rulesOrAxioms, decls, file) 
300792     WARN  Test worker     d.u.i.k.n.KeYParser       [syntax-error] file:/home/runner/work/key/key/key.core/build/resources/main/de/uka/ilkd/key/proof/rules/ifThenElseRules.key:135:44: mismatched input ')' expecting {'(', '{'} [@754,3593:3593=')',<147>,135:44] (taclet, rulesOrAxioms, decls, file) 
300792     WARN  Test worker     d.u.i.k.n.KeYParser       [syntax-error] file:/home/runner/work/key/key/key.core/build/resources/main/de/uka/ilkd/key/proof/rules/ifThenElseRules.key:141:14: mismatched input '\ifExintVar' expecting {MODALITY, FORALL, EXISTS, '\if', '\ifEx', 'true', 'false', '(', '{', '@', NOT, SEQARROW, '-', STRING_LITERAL, CHAR_LITERAL, BIN_LITERAL, HEX_LITERAL, IDENT, INT_LITERAL, FLOAT_LITERAL, DOUBLE_LITERAL, REAL_LITERAL} [@780,3716:3726='\ifExintVar',<188>,141:14] (termorseq, taclet, rulesOrAxioms, decls, file) 
300793     WARN  Test worker     d.u.i.k.n.KeYParser       [syntax-error] file:/home/runner/work/key/key/key.core/build/resources/main/de/uka/ilkd/key/proof/rules/ifThenElseRules.key:141:27: extraneous input '(' expecting {'\lemma', '}', IDENT, '/*!'} [@783,3729:3729='(',<146>,141:27] (rulesOrAxioms, decls, file) 
300793     WARN  Test worker     d.u.i.k.n.KeYParser       [syntax-error] file:/home/runner/work/key/key/key.core/build/resources/main/de/uka/ilkd/key/proof/rules/ifThenElseRules.key:141:41: mismatched input ')' expecting {'(', '{'} [@789,3743:3743=')',<147>,141:41] (taclet, rulesOrAxioms, decls, file) 
300793     WARN  Test worker     d.u.i.k.n.KeYParser       [syntax-error] file:/home/runner/work/key/key/key.core/build/resources/main/de/uka/ilkd/key/proof/rules/ifThenElseRules.key:148:14: mismatched input '\ifExintVar' expecting {MODALITY, FORALL, EXISTS, '\if', '\ifEx', 'true', 'false', '(', '{', '@', NOT, SEQARROW, '-', STRING_LITERAL, CHAR_LITERAL, BIN_LITERAL, HEX_LITERAL, IDENT, INT_LITERAL, FLOAT_LITERAL, DOUBLE_LITERAL, REAL_LITERAL} [@819,3896:3906='\ifExintVar',<188>,148:14] (termorseq, taclet, rulesOrAxioms, decls, file) 
300793     WARN  Test worker     d.u.i.k.n.KeYParser       [syntax-error] file:/home/runner/work/key/key/key.core/build/resources/main/de/uka/ilkd/key/proof/rules/ifThenElseRules.key:148:27: extraneous input '(' expecting {'\lemma', '}', IDENT, '/*!'} [@822,3909:3909='(',<146>,148:27] (rulesOrAxioms, decls, file) 
300793     WARN  Test worker     d.u.i.k.n.KeYParser       [syntax-error] file:/home/runner/work/key/key/key.core/build/resources/main/de/uka/ilkd/key/proof/rules/ifThenElseRules.key:148:35: mismatched input '=' expecting {'(', '{'} [@825,3917:3917='=',<159>,148:35] (taclet, rulesOrAxioms, decls, file) 
300793     WARN  Test worker     d.u.i.k.n.KeYParser       [syntax-error] file:/home/runner/work/key/key/key.core/build/resources/main/de/uka/ilkd/key/proof/rules/ifThenElseRules.key:150:38: mismatched input '}' expecting {'(', '{'} [@859,4023:4023='}',<149>,150:38] (taclet, rulesOrAxioms, decls, file) 
300794     WARN  Test worker     d.u.i.k.n.KeYParser       [syntax-error] file:/home/runner/work/key/key/key.core/build/resources/main/de/uka/ilkd/key/proof/rules/ifThenElseRules.key:155:14: mismatched input '\ifExintVar' expecting {MODALITY, FORALL, EXISTS, '\if', '\ifEx', 'true', 'false', '(', '{', '@', NOT, SEQARROW, '-', STRING_LITERAL, CHAR_LITERAL, BIN_LITERAL, HEX_LITERAL, IDENT, INT_LITERAL, FLOAT_LITERAL, DOUBLE_LITERAL, REAL_LITERAL} [@877,4109:4119='\ifExintVar',<188>,155:14] (termorseq, taclet, rulesOrAxioms, decls, file) 
300794     WARN  Test worker     d.u.i.k.n.KeYParser       [syntax-error] file:/home/runner/work/key/key/key.core/build/resources/main/de/uka/ilkd/key/proof/rules/ifThenElseRules.key:155:27: extraneous input '(' expecting {'\lemma', '}', IDENT, '/*!'} [@880,4122:4122='(',<146>,155:27] (rulesOrAxioms, decls, file) 
300794     WARN  Test worker     d.u.i.k.n.KeYParser       [syntax-error] file:/home/runner/work/key/key/key.core/build/resources/main/de/uka/ilkd/key/proof/rules/ifThenElseRules.key:155:35: mismatched input '=' expecting {'(', '{'} [@883,4130:4130='=',<159>,155:35] (taclet, rulesOrAxioms, decls, file) 
300794     WARN  Test worker     d.u.i.k.n.KeYParser       [syntax-error] file:/home/runner/work/key/key/key.core/build/resources/main/de/uka/ilkd/key/proof/rules/ifThenElseRules.key:157:38: mismatched input '}' expecting {'(', '{'} [@917,4230:4230='}',<149>,157:38] (taclet, rulesOrAxioms, decls, file) 
300794     WARN  Test worker     d.u.i.k.n.KeYParser       [syntax-error] file:/home/runner/work/key/key/key.core/build/resources/main/de/uka/ilkd/key/proof/rules/ifThenElseRules.key:163:14: mismatched input '\ifExintVar' expecting {MODALITY, FORALL, EXISTS, '\if', '\ifEx', 'true', 'false', '(', '{', '@', NOT, SEQARROW, '-', STRING_LITERAL, CHAR_LITERAL, BIN_LITERAL, HEX_LITERAL, IDENT, INT_LITERAL, FLOAT_LITERAL, DOUBLE_LITERAL, REAL_LITERAL} [@939,4350:4360='\ifExintVar',<188>,163:14] (termorseq, taclet, rulesOrAxioms, decls, file) 
300795     WARN  Test worker     d.u.i.k.n.KeYParser       [syntax-error] file:/home/runner/work/key/key/key.core/build/resources/main/de/uka/ilkd/key/proof/rules/ifThenElseRules.key:163:27: extraneous input '(' expecting {'\lemma', '}', IDENT, '/*!'} [@942,4363:4363='(',<146>,163:27] (rulesOrAxioms, decls, file) 
300795     WARN  Test worker     d.u.i.k.n.KeYParser       [syntax-error] file:/home/runner/work/key/key/key.core/build/resources/main/de/uka/ilkd/key/proof/rules/ifThenElseRules.key:163:30: mismatched input '=' expecting {'(', '{'} [@945,4366:4366='=',<159>,163:30] (taclet, rulesOrAxioms, decls, file) 
300795     WARN  Test worker     d.u.i.k.n.KeYParser       [syntax-error] file:/home/runner/work/key/key/key.core/build/resources/main/de/uka/ilkd/key/proof/rules/ifThenElseRules.key:165:38: mismatched input '}' expecting {'(', '{'} [@979,4477:4477='}',<149>,165:38] (taclet, rulesOrAxioms, decls, file) 
300795     WARN  Test worker     d.u.i.k.n.KeYParser       [syntax-error] file:/home/runner/work/key/key/key.core/build/resources/main/de/uka/ilkd/key/proof/rules/ifThenElseRules.key:171:14: mismatched input '\ifExintVar' expecting {MODALITY, FORALL, EXISTS, '\if', '\ifEx', 'true', 'false', '(', '{', '@', NOT, SEQARROW, '-', STRING_LITERAL, CHAR_LITERAL, BIN_LITERAL, HEX_LITERAL, IDENT, INT_LITERAL, FLOAT_LITERAL, DOUBLE_LITERAL, REAL_LITERAL} [@1001,4604:4614='\ifExintVar',<188>,171:14] (termorseq, taclet, rulesOrAxioms, decls, file) 
300795     WARN  Test worker     d.u.i.k.n.KeYParser       [syntax-error] file:/home/runner/work/key/key/key.core/build/resources/main/de/uka/ilkd/key/proof/rules/ifThenElseRules.key:171:27: extraneous input '(' expecting {'\lemma', '}', IDENT, '/*!'} [@1004,4617:4617='(',<146>,171:27] (rulesOrAxioms, decls, file) 
300795     WARN  Test worker     d.u.i.k.n.KeYParser       [syntax-error] file:/home/runner/work/key/key/key.core/build/resources/main/de/uka/ilkd/key/proof/rules/ifThenElseRules.key:171:30: mismatched input '=' expecting {'(', '{'} [@1007,4620:4620='=',<159>,171:30] (taclet, rulesOrAxioms, decls, file) 
300796     WARN  Test worker     d.u.i.k.n.KeYParser       [syntax-error] file:/home/runner/work/key/key/key.core/build/resources/main/de/uka/ilkd/key/proof/rules/ifThenElseRules.key:173:38: mismatched input '}' expecting {'(', '{'} [@1041,4725:4725='}',<149>,173:38] (taclet, rulesOrAxioms, decls, file) 
300796     WARN  Test worker     d.u.i.k.n.KeYParser       [syntax-error] file:/home/runner/work/key/key/key.core/build/resources/main/de/uka/ilkd/key/proof/rules/ifThenElseRules.key:179:14: mismatched input '\ifExintVar' expecting {MODALITY, FORALL, EXISTS, '\if', '\ifEx', 'true', 'false', '(', '{', '@', NOT, SEQARROW, '-', STRING_LITERAL, CHAR_LITERAL, BIN_LITERAL, HEX_LITERAL, IDENT, INT_LITERAL, FLOAT_LITERAL, DOUBLE_LITERAL, REAL_LITERAL} [@1063,4848:4858='\ifExintVar',<188>,179:14] (termorseq, taclet, rulesOrAxioms, decls, file) 
300796     WARN  Test worker     d.u.i.k.n.KeYParser       [syntax-error] file:/home/runner/work/key/key/key.core/build/resources/main/de/uka/ilkd/key/proof/rules/ifThenElseRules.key:179:27: extraneous input '(' expecting {'\lemma', '}', IDENT, '/*!'} [@1066,4861:4861='(',<146>,179:27] (rulesOrAxioms, decls, file) 
300796     WARN  Test worker     d.u.i.k.n.KeYParser       [syntax-error] file:/home/runner/work/key/key/key.core/build/resources/main/de/uka/ilkd/key/proof/rules/ifThenElseRules.key:179:32: mismatched input '&' expecting {'(', '{'} [@1069,4866:4866='&',<156>,179:32] (taclet, rulesOrAxioms, decls, file) 
300796     WARN  Test worker     d.u.i.k.n.KeYParser       [syntax-error] file:/home/runner/work/key/key/key.core/build/resources/main/de/uka/ilkd/key/proof/rules/ifThenElseRules.key:181:42: mismatched input '}' expecting {'(', '{'} [@1109,4985:4985='}',<149>,181:42] (taclet, rulesOrAxioms, decls, file) 
300796     WARN  Test worker     d.u.i.k.n.KeYParser       [syntax-error] file:/home/runner/work/key/key/key.core/build/resources/main/de/uka/ilkd/key/proof/rules/ifThenElseRules.key:182:39: mismatched input '}' expecting {'(', '{'} [@1122,5030:5030='}',<149>,182:39] (taclet, rulesOrAxioms, decls, file) 
300796     WARN  Test worker     d.u.i.k.n.KeYParser       [syntax-error] file:/home/runner/work/key/key/key.core/build/resources/main/de/uka/ilkd/key/proof/rules/ifThenElseRules.key:188:14: mismatched input '\ifExintVar' expecting {MODALITY, FORALL, EXISTS, '\if', '\ifEx', 'true', 'false', '(', '{', '@', NOT, SEQARROW, '-', STRING_LITERAL, CHAR_LITERAL, BIN_LITERAL, HEX_LITERAL, IDENT, INT_LITERAL, FLOAT_LITERAL, DOUBLE_LITERAL, REAL_LITERAL} [@1146,5149:5159='\ifExintVar',<188>,188:14] (termorseq, taclet, rulesOrAxioms, decls, file) 
300797     WARN  Test worker     d.u.i.k.n.KeYParser       [syntax-error] file:/home/runner/work/key/key/key.core/build/resources/main/de/uka/ilkd/key/proof/rules/ifThenElseRules.key:188:27: extraneous input '(' expecting {'\lemma', '}', IDENT, '/*!'} [@1149,5162:5162='(',<146>,188:27] (rulesOrAxioms, decls, file) 
300797     WARN  Test worker     d.u.i.k.n.KeYParser       [syntax-error] file:/home/runner/work/key/key/key.core/build/resources/main/de/uka/ilkd/key/proof/rules/ifThenElseRules.key:188:32: mismatched input '&' expecting {'(', '{'} [@1152,5167:5167='&',<156>,188:32] (taclet, rulesOrAxioms, decls, file) 
300797     WARN  Test worker     d.u.i.k.n.KeYParser       [syntax-error] file:/home/runner/work/key/key/key.core/build/resources/main/de/uka/ilkd/key/proof/rules/ifThenElseRules.key:190:42: mismatched input '}' expecting {'(', '{'} [@1192,5280:5280='}',<149>,190:42] (taclet, rulesOrAxioms, decls, file) 
300797     WARN  Test worker     d.u.i.k.n.KeYParser       [syntax-error] file:/home/runner/work/key/key/key.core/build/resources/main/de/uka/ilkd/key/proof/rules/ifThenElseRules.key:191:39: mismatched input '}' expecting {'(', '{'} [@1205,5325:5325='}',<149>,191:39] (taclet, rulesOrAxioms, decls, file) 
300797     WARN  Test worker     d.u.i.k.n.KeYParser       [syntax-error] file:/home/runner/work/key/key/key.core/build/resources/main/de/uka/ilkd/key/proof/rules/ifThenElseRules.key:198:14: mismatched input '\ifExintVar' expecting {MODALITY, FORALL, EXISTS, '\if', '\ifEx', 'true', 'false', '(', '{', '@', NOT, SEQARROW, '-', STRING_LITERAL, CHAR_LITERAL, BIN_LITERAL, HEX_LITERAL, IDENT, INT_LITERAL, FLOAT_LITERAL, DOUBLE_LITERAL, REAL_LITERAL} [@1233,5475:5485='\ifExintVar',<188>,198:14] (termorseq, taclet, rulesOrAxioms, decls, file) 
300797     WARN  Test worker     d.u.i.k.n.KeYParser       [syntax-error] file:/home/runner/work/key/key/key.core/build/resources/main/de/uka/ilkd/key/proof/rules/ifThenElseRules.key:198:27: extraneous input '(' expecting {'\lemma', '}', IDENT, '/*!'} [@1236,5488:5488='(',<146>,198:27] (rulesOrAxioms, decls, file) 
300797     WARN  Test worker     d.u.i.k.n.KeYParser       [syntax-error] file:/home/runner/work/key/key/key.core/build/resources/main/de/uka/ilkd/key/proof/rules/ifThenElseRules.key:198:32: mismatched input '&' expecting {'(', '{'} [@1239,5493:5493='&',<156>,198:32] (taclet, rulesOrAxioms, decls, file) 
300798     WARN  Test worker     d.u.i.k.n.KeYParser       [syntax-error] file:/home/runner/work/key/key/key.core/build/resources/main/de/uka/ilkd/key/proof/rules/ifThenElseRules.key:200:42: mismatched input '}' expecting {'(', '{'} [@1279,5612:5612='}',<149>,200:42] (taclet, rulesOrAxioms, decls, file) 
300798     WARN  Test worker     d.u.i.k.n.KeYParser       [syntax-error] file:/home/runner/work/key/key/key.core/build/resources/main/de/uka/ilkd/key/proof/rules/ifThenElseRules.key:201:39: mismatched input '}' expecting {'(', '{'} [@1292,5657:5657='}',<149>,201:39] (taclet, rulesOrAxioms, decls, file) 
300798     WARN  Test worker     d.u.i.k.n.KeYParser       [syntax-error] file:/home/runner/work/key/key/key.core/build/resources/main/de/uka/ilkd/key/proof/rules/ifThenElseRules.key:208:14: mismatched input '\ifExintVar' expecting {MODALITY, FORALL, EXISTS, '\if', '\ifEx', 'true', 'false', '(', '{', '@', NOT, SEQARROW, '-', STRING_LITERAL, CHAR_LITERAL, BIN_LITERAL, HEX_LITERAL, IDENT, INT_LITERAL, FLOAT_LITERAL, DOUBLE_LITERAL, REAL_LITERAL} [@1320,5817:5827='\ifExintVar',<188>,208:14] (termorseq, taclet, rulesOrAxioms, decls, file) 
300798     WARN  Test worker     d.u.i.k.n.KeYParser       [syntax-error] file:/home/runner/work/key/key/key.core/build/resources/main/de/uka/ilkd/key/proof/rules/ifThenElseRules.key:208:27: extraneous input '(' expecting {'\lemma', '}', IDENT, '/*!'} [@1323,5830:5830='(',<146>,208:27] (rulesOrAxioms, decls, file) 
300798     WARN  Test worker     d.u.i.k.n.KeYParser       [syntax-error] file:/home/runner/work/key/key/key.core/build/resources/main/de/uka/ilkd/key/proof/rules/ifThenElseRules.key:208:32: mismatched input '&' expecting {'(', '{'} [@1326,5835:5835='&',<156>,208:32] (taclet, rulesOrAxioms, decls, file) 
300798     WARN  Test worker     d.u.i.k.n.KeYParser       [syntax-error] file:/home/runner/work/key/key/key.core/build/resources/main/de/uka/ilkd/key/proof/rules/ifThenElseRules.key:210:42: mismatched input '}' expecting {'(', '{'} [@1366,5948:5948='}',<149>,210:42] (taclet, rulesOrAxioms, decls, file) 
300798     WARN  Test worker     d.u.i.k.n.KeYParser       [syntax-error] file:/home/runner/work/key/key/key.core/build/resources/main/de/uka/ilkd/key/proof/rules/ifThenElseRules.key:211:39: mismatched input '}' expecting {'(', '{'} [@1379,5993:5993='}',<149>,211:39] (taclet, rulesOrAxioms, decls, file) 
300799     WARN  Test worker     d.u.i.k.n.KeYParser       [syntax-error] file:/home/runner/work/key/key/key.core/build/resources/main/de/uka/ilkd/key/proof/rules/ifThenElseRules.key:218:14: mismatched input '\ifExintVar' expecting {MODALITY, FORALL, EXISTS, '\if', '\ifEx', 'true', 'false', '(', '{', '@', NOT, SEQARROW, '-', STRING_LITERAL, CHAR_LITERAL, BIN_LITERAL, HEX_LITERAL, IDENT, INT_LITERAL, FLOAT_LITERAL, DOUBLE_LITERAL, REAL_LITERAL} [@1407,6146:6156='\ifExintVar',<188>,218:14] (termorseq, taclet, rulesOrAxioms, decls, file) 
300799     WARN  Test worker     d.u.i.k.n.KeYParser       [syntax-error] file:/home/runner/work/key/key/key.core/build/resources/main/de/uka/ilkd/key/proof/rules/ifThenElseRules.key:218:27: extraneous input '(' expecting {'\lemma', '}', IDENT, '/*!'} [@1410,6159:6159='(',<146>,218:27] (rulesOrAxioms, decls, file) 
300799     WARN  Test worker     d.u.i.k.n.KeYParser       [syntax-error] file:/home/runner/work/key/key/key.core/build/resources/main/de/uka/ilkd/key/proof/rules/ifThenElseRules.key:218:31: mismatched input ')' expecting {'(', '{'} [@1412,6163:6163=')',<147>,218:31] (taclet, rulesOrAxioms, decls, file) 
300799     WARN  Test worker     d.u.i.k.n.KeYParser       [syntax-error] file:/home/runner/work/key/key/key.core/build/resources/main/de/uka/ilkd/key/proof/rules/ifThenElseRules.key:220:44: mismatched input ')' expecting {'(', '{'} [@1444,6275:6275=')',<147>,220:44] (taclet, rulesOrAxioms, decls, file) 
300799     WARN  Test worker     d.u.i.k.n.KeYParser       [syntax-error] file:/home/runner/work/key/key/key.core/build/resources/main/de/uka/ilkd/key/proof/rules/ifThenElseRules.key:225:14: mismatched input '\ifExintVar' expecting {MODALITY, FORALL, EXISTS, '\if', '\ifEx', 'true', 'false', '(', '{', '@', NOT, SEQARROW, '-', STRING_LITERAL, CHAR_LITERAL, BIN_LITERAL, HEX_LITERAL, IDENT, INT_LITERAL, FLOAT_LITERAL, DOUBLE_LITERAL, REAL_LITERAL} [@1471,6389:6399='\ifExintVar',<188>,225:14] (termorseq, taclet, rulesOrAxioms, decls, file) 
300799     WARN  Test worker     d.u.i.k.n.KeYParser       [syntax-error] file:/home/runner/work/key/key/key.core/build/resources/main/de/uka/ilkd/key/proof/rules/ifThenElseRules.key:225:27: extraneous input '(' expecting {'\lemma', '}', IDENT, '/*!'} [@1474,6402:6402='(',<146>,225:27] (rulesOrAxioms, decls, file) 
300799     WARN  Test worker     d.u.i.k.n.KeYParser       [syntax-error] file:/home/runner/work/key/key/key.core/build/resources/main/de/uka/ilkd/key/proof/rules/ifThenElseRules.key:225:31: mismatched input ')' expecting {'(', '{'} [@1476,6406:6406=')',<147>,225:31] (taclet, rulesOrAxioms, decls, file) 
300800     WARN  Test worker     d.u.i.k.n.KeYParser       [syntax-error] file:/home/runner/work/key/key/key.core/build/resources/main/de/uka/ilkd/key/proof/rules/ifThenElseRules.key:227:44: mismatched input ')' expecting {'(', '{'} [@1508,6509:6509=')',<147>,227:44] (taclet, rulesOrAxioms, decls, file) 
300800     WARN  Test worker     d.u.i.k.n.KeYParser       [syntax-error] file:/home/runner/work/key/key/key.core/build/resources/main/de/uka/ilkd/key/proof/rules/ifThenElseRules.key:233:14: mismatched input '\ifExintVar' expecting {MODALITY, FORALL, EXISTS, '\if', '\ifEx', 'true', 'false', '(', '{', '@', NOT, SEQARROW, '-', STRING_LITERAL, CHAR_LITERAL, BIN_LITERAL, HEX_LITERAL, IDENT, INT_LITERAL, FLOAT_LITERAL, DOUBLE_LITERAL, REAL_LITERAL} [@1539,6656:6666='\ifExintVar',<188>,233:14] (termorseq, taclet, rulesOrAxioms, decls, file) 
300800     WARN  Test worker     d.u.i.k.n.KeYParser       [syntax-error] file:/home/runner/work/key/key/key.core/build/resources/main/de/uka/ilkd/key/proof/rules/ifThenElseRules.key:233:27: extraneous input '(' expecting {'\lemma', '}', IDENT, '/*!'} [@1542,6669:6669='(',<146>,233:27] (rulesOrAxioms, decls, file) 
300800     WARN  Test worker     d.u.i.k.n.KeYParser       [syntax-error] file:/home/runner/work/key/key/key.core/build/resources/main/de/uka/ilkd/key/proof/rules/ifThenElseRules.key:233:31: mismatched input ')' expecting {'(', '{'} [@1544,6673:6673=')',<147>,233:31] (taclet, rulesOrAxioms, decls, file) 
300800     WARN  Test worker     d.u.i.k.n.KeYParser       [syntax-error] file:/home/runner/work/key/key/key.core/build/resources/main/de/uka/ilkd/key/proof/rules/ifThenElseRules.key:237:42: mismatched input '}' expecting {'(', '{'} [@1586,6850:6850='}',<149>,237:42] (taclet, rulesOrAxioms, decls, file) 
300800     WARN  Test worker     d.u.i.k.n.KeYParser       [syntax-error] file:/home/runner/work/key/key/key.core/build/resources/main/de/uka/ilkd/key/proof/rules/ifThenElseRules.key:238:34: mismatched input '}' expecting {'(', '{'} [@1599,6891:6891='}',<149>,238:34] (taclet, rulesOrAxioms, decls, file) 
300801     WARN  Test worker     d.u.i.k.n.KeYParser       [syntax-error] file:/home/runner/work/key/key/key.core/build/resources/main/de/uka/ilkd/key/proof/rules/ifThenElseRules.key:239:28: extraneous input '(' expecting {'\lemma', '}', IDENT, '/*!'} [@1608,6925:6925='(',<146>,239:28] (rulesOrAxioms, decls, file) 
300801     WARN  Test worker     d.u.i.k.n.KeYParser       [syntax-error] file:/home/runner/work/key/key/key.core/build/resources/main/de/uka/ilkd/key/proof/rules/ifThenElseRules.key:239:33: mismatched input '->' expecting {'(', '{'} [@1611,6930:6931='->',<158>,239:33] (taclet, rulesOrAxioms, decls, file) 
300801     WARN  Test worker     d.u.i.k.n.KeYParser       [syntax-error] file:/home/runner/work/key/key/key.core/build/resources/main/de/uka/ilkd/key/proof/rules/ifThenElseRules.key:240:8: extraneous input '\replacewith' expecting {'\lemma', '}', IDENT, '/*!'} [@1626,6979:6990='\replacewith',<105>,240:8] (rulesOrAxioms, decls, file) 
300801     WARN  Test worker     d.u.i.k.n.KeYParser       [syntax-error] file:/home/runner/work/key/key/key.core/build/resources/main/de/uka/ilkd/key/proof/rules/ifThenElseRules.key:240:25: mismatched input ')' expecting {'(', '{'} [@1629,6996:6996=')',<147>,240:25] (taclet, rulesOrAxioms, decls, file) 
300801     WARN  Test worker     d.u.i.k.n.KeYParser       [syntax-error] file:/home/runner/work/key/key/key.core/build/resources/main/de/uka/ilkd/key/proof/rules/ifThenElseRules.key:240:56: mismatched input ')' expecting {'(', '{'} [@1642,7027:7027=')',<147>,240:56] (taclet, rulesOrAxioms, decls, file) 
300801     WARN  Test worker     d.u.i.k.n.KeYParser       [syntax-error] file:/home/runner/work/key/key/key.core/build/resources/main/de/uka/ilkd/key/proof/rules/ifThenElseRules.key:245:14: mismatched input '\ifExintVar' expecting {MODALITY, FORALL, EXISTS, '\if', '\ifEx', 'true', 'false', '(', '{', '@', NOT, SEQARROW, '-', STRING_LITERAL, CHAR_LITERAL, BIN_LITERAL, HEX_LITERAL, IDENT, INT_LITERAL, FLOAT_LITERAL, DOUBLE_LITERAL, REAL_LITERAL} [@1658,7109:7119='\ifExintVar',<188>,245:14] (termorseq, taclet, rulesOrAxioms, decls, file) 
300801     WARN  Test worker     d.u.i.k.n.KeYParser       [syntax-error] file:/home/runner/work/key/key/key.core/build/resources/main/de/uka/ilkd/key/proof/rules/ifThenElseRules.key:245:27: extraneous input '(' expecting {'\lemma', '}', IDENT, '/*!'} [@1661,7122:7122='(',<146>,245:27] (rulesOrAxioms, decls, file) 
300802     WARN  Test worker     d.u.i.k.n.KeYParser       [syntax-error] file:/home/runner/work/key/key/key.core/build/resources/main/de/uka/ilkd/key/proof/rules/ifThenElseRules.key:245:31: mismatched input ')' expecting {'(', '{'} [@1663,7126:7126=')',<147>,245:31] (taclet, rulesOrAxioms, decls, file) 
300802     WARN  Test worker     d.u.i.k.n.KeYParser       [syntax-error] file:/home/runner/work/key/key/key.core/build/resources/main/de/uka/ilkd/key/proof/rules/ifThenElseRules.key:248:45: mismatched input '}' expecting {'(', '{'} [@1696,7268:7268='}',<149>,248:45] (taclet, rulesOrAxioms, decls, file) 
300802     WARN  Test worker     d.u.i.k.n.KeYParser       [syntax-error] file:/home/runner/work/key/key/key.core/build/resources/main/de/uka/ilkd/key/proof/rules/ifThenElseRules.key:249:8: extraneous input '\replacewith' expecting {'\lemma', '}', IDENT, '/*!'} [@1701,7284:7295='\replacewith',<105>,249:8] (rulesOrAxioms, decls, file) 
300802     WARN  Test worker     d.u.i.k.n.KeYParser       [syntax-error] file:/home/runner/work/key/key/key.core/build/resources/main/de/uka/ilkd/key/proof/rules/ifThenElseRules.key:249:38: mismatched input ')' expecting {'(', '{'} [@1708,7314:7314=')',<147>,249:38] (taclet, rulesOrAxioms, decls, file) 
300802     WARN  Test worker     d.u.i.k.n.KeYParser       [syntax-error] file:/home/runner/work/key/key/key.core/build/resources/main/de/uka/ilkd/key/proof/rules/ifThenElseRules.key:250:42: mismatched input '}' expecting {'(', '{'} [@1731,7381:7381='}',<149>,250:42] (taclet, rulesOrAxioms, decls, file) 
300802     WARN  Test worker     d.u.i.k.n.KeYParser       [syntax-error] file:/home/runner/work/key/key/key.core/build/resources/main/de/uka/ilkd/key/proof/rules/ifThenElseRules.key:251:28: extraneous input '(' expecting {'\lemma', '}', IDENT, '/*!'} [@1741,7416:7416='(',<146>,251:28] (rulesOrAxioms, decls, file) 
300802     WARN  Test worker     d.u.i.k.n.KeYParser       [syntax-error] file:/home/runner/work/key/key/key.core/build/resources/main/de/uka/ilkd/key/proof/rules/ifThenElseRules.key:251:33: mismatched input '->' expecting {'(', '{'} [@1744,7421:7422='->',<158>,251:33] (taclet, rulesOrAxioms, decls, file) 
300802     WARN  Test worker     d.u.i.k.n.KeYParser       [syntax-error] file:/home/runner/work/key/key/key.core/build/resources/main/de/uka/ilkd/key/proof/rules/ifThenElseRules.key:255:14: mismatched input '\ifExintVar' expecting {MODALITY, FORALL, EXISTS, '\if', '\ifEx', 'true', 'false', '(', '{', '@', NOT, SEQARROW, '-', STRING_LITERAL, CHAR_LITERAL, BIN_LITERAL, HEX_LITERAL, IDENT, INT_LITERAL, FLOAT_LITERAL, DOUBLE_LITERAL, REAL_LITERAL} [@1765,7506:7516='\ifExintVar',<188>,255:14] (termorseq, taclet, rulesOrAxioms, decls, file) 
300803     WARN  Test worker     d.u.i.k.n.KeYParser       [syntax-error] file:/home/runner/work/key/key/key.core/build/resources/main/de/uka/ilkd/key/proof/rules/ifThenElseRules.key:255:27: extraneous input '(' expecting {'\lemma', '}', IDENT, '/*!'} [@1768,7519:7519='(',<146>,255:27] (rulesOrAxioms, decls, file) 
300803     WARN  Test worker     d.u.i.k.n.KeYParser       [syntax-error] file:/home/runner/work/key/key/key.core/build/resources/main/de/uka/ilkd/key/proof/rules/ifThenElseRules.key:255:31: mismatched input ')' expecting {'(', '{'} [@1770,7523:7523=')',<147>,255:31] (taclet, rulesOrAxioms, decls, file) 
300803     WARN  Test worker     d.u.i.k.n.KeYParser       [syntax-error] file:/home/runner/work/key/key/key.core/build/resources/main/de/uka/ilkd/key/proof/rules/ifThenElseRules.key:258:52: extraneous input '0' expecting {'\lemma', '}', IDENT, '/*!'} [@1809,7667:7667='0',<184>,258:52] (rulesOrAxioms, decls, file) 
300803     WARN  Test worker     d.u.i.k.n.KeYParser       [syntax-error] file:/home/runner/work/key/key/key.core/build/resources/main/de/uka/ilkd/key/proof/rules/ifThenElseRules.key:258:54: mismatched input 'then' expecting {<EOF>, '\problem', '\chooseContract', '\proofObligation', '\proof'} [@1811,7669:7672='then',<183>,258:54] (file) 
300804     ERROR Test worker     d.u.i.k.s.n.MasterHandlerTest Error reading /home/runner/work/key/key/key.core/build/resources/test/de/uka/ilkd/key/smt/newsmt2/cases/float.sqrt1.props de.uka.ilkd.key.proof.io.ProblemLoaderException: line 135:14 mismatched input '\ifExintVar' expecting {MODALITY, FORALL, EXISTS, '\if', '\ifEx', 'true', 'false', '(', '{', '@', NOT, SEQARROW, '-', STRING_LITERAL, CHAR_LITERAL, BIN_LITERAL, HEX_LITERAL, IDENT, INT_LITERAL, FLOAT_LITERAL, DOUBLE_LITERAL, REAL_LITERAL}
line 135:27 extraneous input '(' expecting {'\lemma', '}', IDENT, '/*!'}
line 135:44 mismatched input ')' expecting {'(', '{'}
line 141:14 mismatched input '\ifExintVar' expecting {MODALITY, FORALL, EXISTS, '\if', '\ifEx', 'true', 'false', '(', '{', '@', NOT, SEQARROW, '-', STRING_LITERAL, CHAR_LITERAL, BIN_LITERAL, HEX_LITERAL, IDENT, INT_LITERAL, FLOAT_LITERAL, DOUBLE_LITERAL, REAL_LITERAL}
line 141:27 extraneous input '(' expecting {'\lemma', '}', IDENT, '/*!'}
line 141:41 mismatched input ')' expecting {'(', '{'}
line 148:14 mismatched input '\ifExintVar' expecting {MODALITY, FORALL, EXISTS, '\if', '\ifEx', 'true', 'false', '(', '{', '@', NOT, SEQARROW, '-', STRING_LITERAL, CHAR_LITERAL, BIN_LITERAL, HEX_LITERAL, IDENT, INT_LITERAL, FLOAT_LITERAL, DOUBLE_LITERAL, REAL_LITERAL}
line 148:27 extraneous input '(' expecting {'\lemma', '}', IDENT, '/*!'}
line 148:35 mismatched input '=' expecting {'(', '{'}
line 150:38 mismatched input '}' expecting {'(', '{'}
line 155:14 mismatched input '\ifExintVar' expecting {MODALITY, FORALL, EXISTS, '\if', '\ifEx', 'true', 'false', '(', '{', '@', NOT, SEQARROW, '-', STRING_LITERAL, CHAR_LITERAL, BIN_LITERAL, HEX_LITERAL, IDENT, INT_LITERAL, FLOAT_LITERAL, DOUBLE_LITERAL, REAL_LITERAL}
line 155:27 extraneous input '(' expecting {'\lemma', '}', IDENT, '/*!'}
line 155:35 mismatched input '=' expecting {'(', '{'}
line 157:38 mismatched input '}' expecting {'(', '{'}
line 163:14 mismatched input '\ifExintVar' expecting {MODALITY, FORALL, EXISTS, '\if', '\ifEx', 'true', 'false', '(', '{', '@', NOT, SEQARROW, '-', STRING_LITERAL, CHAR_LITERAL, BIN_LITERAL, HEX_LITERAL, IDENT, INT_LITERAL, FLOAT_LITERAL, DOUBLE_LITERAL, REAL_LITERAL}
line 163:27 extraneous input '(' expecting {'\lemma', '}', IDENT, '/*!'}
line 163:30 mismatched input '=' expecting {'(', '{'}
line 165:38 mismatched input '}' expecting {'(', '{'}
line 171:14 mismatched input '\ifExintVar' expecting {MODALITY, FORALL, EXISTS, '\if', '\ifEx', 'true', 'false', '(', '{', '@', NOT, SEQARROW, '-', STRING_LITERAL, CHAR_LITERAL, BIN_LITERAL, HEX_LITERAL, IDENT, INT_LITERAL, FLOAT_LITERAL, DOUBLE_LITERAL, REAL_LITERAL}
line 171:27 extraneous input '(' expecting {'\lemma', '}', IDENT, '/*!'}
line 171:30 mismatched input '=' expecting {'(', '{'}
line 173:38 mismatched input '}' expecting {'(', '{'}
line 179:14 mismatched input '\ifExintVar' expecting {MODALITY, FORALL, EXISTS, '\if', '\ifEx', 'true', 'false', '(', '{', '@', NOT, SEQARROW, '-', STRING_LITERAL, CHAR_LITERAL, BIN_LITERAL, HEX_LITERAL, IDENT, INT_LITERAL, FLOAT_LITERAL, DOUBLE_LITERAL, REAL_LITERAL}
line 179:27 extraneous input '(' expecting {'\lemma', '}', IDENT, '/*!'}
line 179:32 mismatched input '&' expecting {'(', '{'}
line 181:42 mismatched input '}' expecting {'(', '{'}
line 182:39 mismatched input '}' expecting {'(', '{'}
line 188:14 mismatched input '\ifExintVar' expecting {MODALITY, FORALL, EXISTS, '\if', '\ifEx', 'true', 'false', '(', '{', '@', NOT, SEQARROW, '-', STRING_LITERAL, CHAR_LITERAL, BIN_LITERAL, HEX_LITERAL, IDENT, INT_LITERAL, FLOAT_LITERAL, DOUBLE_LITERAL, REAL_LITERAL}
line 188:27 extraneous input '(' expecting {'\lemma', '}', IDENT, '/*!'}
line 188:32 mismatched input '&' expecting {'(', '{'}
line 190:42 mismatched input '}' expecting {'(', '{'}
line 191:39 mismatched input '}' expecting {'(', '{'}
line 198:14 mismatched input '\ifExintVar' expecting {MODALITY, FORALL, EXISTS, '\if', '\ifEx', 'true', 'false', '(', '{', '@', NOT, SEQARROW, '-', STRING_LITERAL, CHAR_LITERAL, BIN_LITERAL, HEX_LITERAL, IDENT, INT_LITERAL, FLOAT_LITERAL, DOUBLE_LITERAL, REAL_LITERAL}
line 198:27 extraneous input '(' expecting {'\lemma', '}', IDENT, '/*!'}
line 198:32 mismatched input '&' expecting {'(', '{'}
line 200:42 mismatched input '}' expecting {'(', '{'}
line 201:39 mismatched input '}' expecting {'(', '{'}
line 208:14 mismatched input '\ifExintVar' expecting {MODALITY, FORALL, EXISTS, '\if', '\ifEx', 'true', 'false', '(', '{', '@', NOT, SEQARROW, '-', STRING_LITERAL, CHAR_LITERAL, BIN_LITERAL, HEX_LITERAL, IDENT, INT_LITERAL, FLOAT_LITERAL, DOUBLE_LITERAL, REAL_LITERAL}
line 208:27 extraneous input '(' expecting {'\lemma', '}', IDENT, '/*!'}
line 208:32 mismatched input '&' expecting {'(', '{'}
line 210:42 mismatched input '}' expecting {'(', '{'}
line 211:39 mismatched input '}' expecting {'(', '{'}
line 218:14 mismatched input '\ifExintVar' expecting {MODALITY, FORALL, EXISTS, '\if', '\ifEx', 'true', 'false', '(', '{', '@', NOT, SEQARROW, '-', STRING_LITERAL, CHAR_LITERAL, BIN_LITERAL, HEX_LITERAL, IDENT, INT_LITERAL, FLOAT_LITERAL, DOUBLE_LITERAL, REAL_LITERAL}
line 218:27 extraneous input '(' expecting {'\lemma', '}', IDENT, '/*!'}
line 218:31 mismatched input ')' expecting {'(', '{'}
line 220:44 mismatched input ')' expecting {'(', '{'}
line 225:14 mismatched input '\ifExintVar' expecting {MODALITY, FORALL, EXISTS, '\if', '\ifEx', 'true', 'false', '(', '{', '@', NOT, SEQARROW, '-', STRING_LITERAL, CHAR_LITERAL, BIN_LITERAL, HEX_LITERAL, IDENT, INT_LITERAL, FLOAT_LITERAL, DOUBLE_LITERAL, REAL_LITERAL}
line 225:27 extraneous input '(' expecting {'\lemma', '}', IDENT, '/*!'}
line 225:31 mismatched input ')' expecting {'(', '{'}
line 227:44 mismatched input ')' expecting {'(', '{'}
line 233:14 mismatched input '\ifExintVar' expecting {MODALITY, FORALL, EXISTS, '\if', '\ifEx', 'true', 'false', '(', '{', '@', NOT, SEQARROW, '-', STRING_LITERAL, CHAR_LITERAL, BIN_LITERAL, HEX_LITERAL, IDENT, INT_LITERAL, FLOAT_LITERAL, DOUBLE_LITERAL, REAL_LITERAL}
line 233:27 extraneous input '(' expecting {'\lemma', '}', IDENT, '/*!'}
line 233:31 mismatched input ')' expecting {'(', '{'}
line 237:42 mismatched input '}' expecting {'(', '{'}
line 238:34 mismatched input '}' expecting {'(', '{'}
line 239:28 extraneous input '(' expecting {'\lemma', '}', IDENT, '/*!'}
line 239:33 mismatched input '->' expecting {'(', '{'}
line 240:8 extraneous input '\replacewith' expecting {'\lemma', '}', IDENT, '/*!'}
line 240:25 mismatched input ')' expecting {'(', '{'}
line 240:56 mismatched input ')' expecting {'(', '{'}
line 245:14 mismatched input '\ifExintVar' expecting {MODALITY, FORALL, EXISTS, '\if', '\ifEx', 'true', 'false', '(', '{', '@', NOT, SEQARROW, '-', STRING_LITERAL, CHAR_LITERAL, BIN_LITERAL, HEX_LITERAL, IDENT, INT_LITERAL, FLOAT_LITERAL, DOUBLE_LITERAL, REAL_LITERAL}
line 245:27 extraneous input '(' expecting {'\lemma', '}', IDENT, '/*!'}
line 245:31 mismatched input ')' expecting {'(', '{'}
line 248:45 mismatched input '}' expecting {'(', '{'}
line 249:8 extraneous input '\replacewith' expecting {'\lemma', '}', IDENT, '/*!'}
line 249:38 mismatched input ')' expecting {'(', '{'}
line 250:42 mismatched input '}' expecting {'(', '{'}
line 251:28 extraneous input '(' expecting {'\lemma', '}', IDENT, '/*!'}
line 251:33 mismatched input '->' expecting {'(', '{'}
line 255:14 mismatched input '\ifExintVar' expecting {MODALITY, FORALL, EXISTS, '\if', '\ifEx', 'true', 'false', '(', '{', '@', NOT, SEQARROW, '-', STRING_LITERAL, CHAR_LITERAL, BIN_LITERAL, HEX_LITERAL, IDENT, INT_LITERAL, FLOAT_LITERAL, DOUBLE_LITERAL, REAL_LITERAL}
line 255:27 extraneous input '(' expecting {'\lemma', '}', IDENT, '/*!'}
line 255:31 mismatched input ')' expecting {'(', '{'}
line 258:52 extraneous input '0' expecting {'\lemma', '}', IDENT, '/*!'}
line 258:54 mismatched input 'then' expecting {<EOF>, '\problem', '\chooseContract', '\proofObligation', '\proof'}

	at de.uka.ilkd.key.control.AbstractUserInterfaceControl.load(AbstractUserInterfaceControl.java:221)
Caused by: de.uka.ilkd.key.proof.init.ProofInputException: line 135:14 mismatched input '\ifExintVar' expecting {MODALITY, FORALL, EXISTS, '\if', '\ifEx', 'true', 'false', '(', '{', '@', NOT, SEQARROW, '-', STRING_LITERAL, CHAR_LITERAL, BIN_LITERAL, HEX_LITERAL, IDENT, INT_LITERAL, FLOAT_LITERAL, DOUBLE_LITERAL, REAL_LITERAL}
line 135:27 extraneous input '(' expecting {'\lemma', '}', IDENT, '/*!'}
line 135:44 mismatched input ')' expecting {'(', '{'}
line 141:14 mismatched input '\ifExintVar' expecting {MODALITY, FORALL, EXISTS, '\if', '\ifEx', 'true', 'false', '(', '{', '@', NOT, SEQARROW, '-', STRING_LITERAL, CHAR_LITERAL, BIN_LITERAL, HEX_LITERAL, IDENT, INT_LITERAL, FLOAT_LITERAL, DOUBLE_LITERAL, REAL_LITERAL}
line 141:27 extraneous input '(' expecting {'\lemma', '}', IDENT, '/*!'}
line 141:41 mismatched input ')' expecting {'(', '{'}
line 148:14 mismatched input '\ifExintVar' expecting {MODALITY, FORALL, EXISTS, '\if', '\ifEx', 'true', 'false', '(', '{', '@', NOT, SEQARROW, '-', STRING_LITERAL, CHAR_LITERAL, BIN_LITERAL, HEX_LITERAL, IDENT, INT_LITERAL, FLOAT_LITERAL, DOUBLE_LITERAL, REAL_LITERAL}
line 148:27 extraneous input '(' expecting {'\lemma', '}', IDENT, '/*!'}
line 148:35 mismatched input '=' expecting {'(', '{'}
line 150:38 mismatched input '}' expecting {'(', '{'}
line 155:14 mismatched input '\ifExintVar' expecting {MODALITY, FORALL, EXISTS, '\if', '\ifEx', 'true', 'false', '(', '{', '@', NOT, SEQARROW, '-', STRING_LITERAL, CHAR_LITERAL, BIN_LITERAL, HEX_LITERAL, IDENT, INT_LITERAL, FLOAT_LITERAL, DOUBLE_LITERAL, REAL_LITERAL}
line 155:27 extraneous input '(' expecting {'\lemma', '}', IDENT, '/*!'}
line 155:35 mismatched input '=' expecting {'(', '{'}
line 157:38 mismatched input '}' expecting {'(', '{'}
line 163:14 mismatched input '\ifExintVar' expecting {MODALITY, FORALL, EXISTS, '\if', '\ifEx', 'true', 'false', '(', '{', '@', NOT, SEQARROW, '-', STRING_LITERAL, CHAR_LITERAL, BIN_LITERAL, HEX_LITERAL, IDENT, INT_LITERAL, FLOAT_LITERAL, DOUBLE_LITERAL, REAL_LITERAL}
line 163:27 extraneous input '(' expecting {'\lemma', '}', IDENT, '/*!'}
line 163:30 mismatched input '=' expecting {'(', '{'}
line 165:38 mismatched input '}' expecting {'(', '{'}
line 171:14 mismatched input '\ifExintVar' expecting {MODALITY, FORALL, EXISTS, '\if', '\ifEx', 'true', 'false', '(', '{', '@', NOT, SEQARROW, '-', STRING_LITERAL, CHAR_LITERAL, BIN_LITERAL, HEX_LITERAL, IDENT, INT_LITERAL, FLOAT_LITERAL, DOUBLE_LITERAL, REAL_LITERAL}
line 171:27 extraneous input '(' expecting {'\lemma', '}', IDENT, '/*!'}
line 171:30 mismatched input '=' expecting {'(', '{'}
line 173:38 mismatched input '}' expecting {'(', '{'}
line 179:14 mismatched input '\ifExintVar' expecting {MODALITY, FORALL, EXISTS, '\if', '\ifEx', 'true', 'false', '(', '{', '@', NOT, SEQARROW, '-', STRING_LITERAL, CHAR_LITERAL, BIN_LITERAL, HEX_LITERAL, IDENT, INT_LITERAL, FLOAT_LITERAL, DOUBLE_LITERAL, REAL_LITERAL}
line 179:27 extraneous input '(' expecting {'\lemma', '}', IDENT, '/*!'}
line 179:32 mismatched input '&' expecting {'(', '{'}
line 181:42 mismatched input '}' expecting {'(', '{'}
line 182:39 mismatched input '}' expecting {'(', '{'}
line 188:14 mismatched input '\ifExintVar' expecting {MODALITY, FORALL, EXISTS, '\if', '\ifEx', 'true', 'false', '(', '{', '@', NOT, SEQARROW, '-', STRING_LITERAL, CHAR_LITERAL, BIN_LITERAL, HEX_LITERAL, IDENT, INT_LITERAL, FLOAT_LITERAL, DOUBLE_LITERAL, REAL_LITERAL}
line 188:27 extraneous input '(' expecting {'\lemma', '}', IDENT, '/*!'}
line 188:32 mismatched input '&' expecting {'(', '{'}
line 190:42 mismatched input '}' expecting {'(', '{'}
line 191:39 mismatched input '}' expecting {'(', '{'}
line 198:14 mismatched input '\ifExintVar' expecting {MODALITY, FORALL, EXISTS, '\if', '\ifEx', 'true', 'false', '(', '{', '@', NOT, SEQARROW, '-', STRING_LITERAL, CHAR_LITERAL, BIN_LITERAL, HEX_LITERAL, IDENT, INT_LITERAL, FLOAT_LITERAL, DOUBLE_LITERAL, REAL_LITERAL}
line 198:27 extraneous input '(' expecting {'\lemma', '}', IDENT, '/*!'}
line 198:32 mismatched input '&' expecting {'(', '{'}
line 200:42 mismatched input '}' expecting {'(', '{'}
line 201:39 mismatched input '}' expecting {'(', '{'}
line 208:14 mismatched input '\ifExintVar' expecting {MODALITY, FORALL, EXISTS, '\if', '\ifEx', 'true', 'false', '(', '{', '@', NOT, SEQARROW, '-', STRING_LITERAL, CHAR_LITERAL, BIN_LITERAL, HEX_LITERAL, IDENT, INT_LITERAL, FLOAT_LITERAL, DOUBLE_LITERAL, REAL_LITERAL}
line 208:27 extraneous input '(' expecting {'\lemma', '}', IDENT, '/*!'}
line 208:32 mismatched input '&' expecting {'(', '{'}
line 210:42 mismatched input '}' expecting {'(', '{'}
line 211:39 mismatched input '}' expecting {'(', '{'}
line 218:14 mismatched input '\ifExintVar' expecting {MODALITY, FORALL, EXISTS, '\if', '\ifEx', 'true', 'false', '(', '{', '@', NOT, SEQARROW, '-', STRING_LITERAL, CHAR_LITERAL, BIN_LITERAL, HEX_LITERAL, IDENT, INT_LITERAL, FLOAT_LITERAL, DOUBLE_LITERAL, REAL_LITERAL}
line 218:27 extraneous input '(' expecting {'\lemma', '}', IDENT, '/*!'}
line 218:31 mismatched input ')' expecting {'(', '{'}
line 220:44 mismatched input ')' expecting {'(', '{'}
line 225:14 mismatched input '\ifExintVar' expecting {MODALITY, FORALL, EXISTS, '\if', '\ifEx', 'true', 'false', '(', '{', '@', NOT, SEQARROW, '-', STRING_LITERAL, CHAR_LITERAL, BIN_LITERAL, HEX_LITERAL, IDENT, INT_LITERAL, FLOAT_LITERAL, DOUBLE_LITERAL, REAL_LITERAL}
line 225:27 extraneous input '(' expecting {'\lemma', '}', IDENT, '/*!'}
line 225:31 mismatched input ')' expecting {'(', '{'}
line 227:44 mismatched input ')' expecting {'(', '{'}
line 233:14 mismatched input '\ifExintVar' expecting {MODALITY, FORALL, EXISTS, '\if', '\ifEx', 'true', 'false', '(', '{', '@', NOT, SEQARROW, '-', STRING_LITERAL, CHAR_LITERAL, BIN_LITERAL, HEX_LITERAL, IDENT, INT_LITERAL, FLOAT_LITERAL, DOUBLE_LITERAL, REAL_LITERAL}
line 233:27 extraneous input '(' expecting {'\lemma', '}', IDENT, '/*!'}
line 233:31 mismatched input ')' expecting {'(', '{'}
line 237:42 mismatched input '}' expecting {'(', '{'}
line 238:34 mismatched input '}' expecting {'(', '{'}
line 239:28 extraneous input '(' expecting {'\lemma', '}', IDENT, '/*!'}
line 239:33 mismatched input '->' expecting {'(', '{'}
line 240:8 extraneous input '\replacewith' expecting {'\lemma', '}', IDENT, '/*!'}
line 240:25 mismatched input ')' expecting {'(', '{'}
line 240:56 mismatched input ')' expecting {'(', '{'}
line 245:14 mismatched input '\ifExintVar' expecting {MODALITY, FORALL, EXISTS, '\if', '\ifEx', 'true', 'false', '(', '{', '@', NOT, SEQARROW, '-', STRING_LITERAL, CHAR_LITERAL, BIN_LITERAL, HEX_LITERAL, IDENT, INT_LITERAL, FLOAT_LITERAL, DOUBLE_LITERAL, REAL_LITERAL}
line 245:27 extraneous input '(' expecting {'\lemma', '}', IDENT, '/*!'}
line 245:31 mismatched input ')' expecting {'(', '{'}
line 248:45 mismatched input '}' expecting {'(', '{'}
line 249:8 extraneous input '\replacewith' expecting {'\lemma', '}', IDENT, '/*!'}
line 249:38 mismatched input ')' expecting {'(', '{'}
line 250:42 mismatched input '}' expecting {'(', '{'}
line 251:28 extraneous input '(' expecting {'\lemma', '}', IDENT, '/*!'}
line 251:33 mismatched input '->' expecting {'(', '{'}
line 255:14 mismatched input '\ifExintVar' expecting {MODALITY, FORALL, EXISTS, '\if', '\ifEx', 'true', 'false', '(', '{', '@', NOT, SEQARROW, '-', STRING_LITERAL, CHAR_LITERAL, BIN_LITERAL, HEX_LITERAL, IDENT, INT_LITERAL, FLOAT_LITERAL, DOUBLE_LITERAL, REAL_LITERAL}
line 255:27 extraneous input '(' expecting {'\lemma', '}', IDENT, '/*!'}
line 255:31 mismatched input ')' expecting {'(', '{'}
line 258:52 extraneous input '0' expecting {'\lemma', '}', IDENT, '/*!'}
line 258:54 mismatched input 'then' expecting {<EOF>, '\problem', '\chooseContract', '\proofObligation', '\proof'}

	at de.uka.ilkd.key.proof.io.KeYFile.readIncludes(KeYFile.java:210)
Caused by: de.uka.ilkd.key.util.parsing.SyntaxErrorReporter$ParserException: line 135:14 mismatched input '\ifExintVar' expecting {MODALITY, FORALL, EXISTS, '\if', '\ifEx', 'true', 'false', '(', '{', '@', NOT, SEQARROW, '-', STRING_LITERAL, CHAR_LITERAL, BIN_LITERAL, HEX_LITERAL, IDENT, INT_LITERAL, FLOAT_LITERAL, DOUBLE_LITERAL, REAL_LITERAL}
line 135:27 extraneous input '(' expecting {'\lemma', '}', IDENT, '/*!'}
line 135:44 mismatched input ')' expecting {'(', '{'}
line 141:14 mismatched input '\ifExintVar' expecting {MODALITY, FORALL, EXISTS, '\if', '\ifEx', 'true', 'false', '(', '{', '@', NOT, SEQARROW, '-', STRING_LITERAL, CHAR_LITERAL, BIN_LITERAL, HEX_LITERAL, IDENT, INT_LITERAL, FLOAT_LITERAL, DOUBLE_LITERAL, REAL_LITERAL}
line 141:27 extraneous input '(' expecting {'\lemma', '}', IDENT, '/*!'}
line 141:41 mismatched input ')' expecting {'(', '{'}
line 148:14 mismatched input '\ifExintVar' expecting {MODALITY, FORALL, EXISTS, '\if', '\ifEx', 'true', 'false', '(', '{', '@', NOT, SEQARROW, '-', STRING_LITERAL, CHAR_LITERAL, BIN_LITERAL, HEX_LITERAL, IDENT, INT_LITERAL, FLOAT_LITERAL, DOUBLE_LITERAL, REAL_LITERAL}
line 148:27 extraneous input '(' expecting {'\lemma', '}', IDENT, '/*!'}
line 148:35 mismatched input '=' expecting {'(', '{'}
line 150:38 mismatched input '}' expecting {'(', '{'}
line 155:14 mismatched input '\ifExintVar' expecting {MODALITY, FORALL, EXISTS, '\if', '\ifEx', 'true', 'false', '(', '{', '@', NOT, SEQARROW, '-', STRING_LITERAL, CHAR_LITERAL, BIN_LITERAL, HEX_LITERAL, IDENT, INT_LITERAL, FLOAT_LITERAL, DOUBLE_LITERAL, REAL_LITERAL}
line 155:27 extraneous input '(' expecting {'\lemma', '}', IDENT, '/*!'}
line 155:35 mismatched input '=' expecting {'(', '{'}
line 157:38 mismatched input '}' expecting {'(', '{'}
line 163:14 mismatched input '\ifExintVar' expecting {MODALITY, FORALL, EXISTS, '\if', '\ifEx', 'true', 'false', '(', '{', '@', NOT, SEQARROW, '-', STRING_LITERAL, CHAR_LITERAL, BIN_LITERAL, HEX_LITERAL, IDENT, INT_LITERAL, FLOAT_LITERAL, DOUBLE_LITERAL, REAL_LITERAL}
line 163:27 extraneous input '(' expecting {'\lemma', '}', IDENT, '/*!'}
line 163:30 mismatched input '=' expecting {'(', '{'}
line 165:38 mismatched input '}' expecting {'(', '{'}
line 171:14 mismatched input '\ifExintVar' expecting {MODALITY, FORALL, EXISTS, '\if', '\ifEx', 'true', 'false', '(', '{', '@', NOT, SEQARROW, '-', STRING_LITERAL, CHAR_LITERAL, BIN_LITERAL, HEX_LITERAL, IDENT, INT_LITERAL, FLOAT_LITERAL, DOUBLE_LITERAL, REAL_LITERAL}
line 171:27 extraneous input '(' expecting {'\lemma', '}', IDENT, '/*!'}
line 171:30 mismatched input '=' expecting {'(', '{'}
line 173:38 mismatched input '}' expecting {'(', '{'}
line 179:14 mismatched input '\ifExintVar' expecting {MODALITY, FORALL, EXISTS, '\if', '\ifEx', 'true', 'false', '(', '{', '@', NOT, SEQARROW, '-', STRING_LITERAL, CHAR_LITERAL, BIN_LITERAL, HEX_LITERAL, IDENT, INT_LITERAL, FLOAT_LITERAL, DOUBLE_LITERAL, REAL_LITERAL}
line 179:27 extraneous input '(' expecting {'\lemma', '}', IDENT, '/*!'}
line 179:32 mismatched input '&' expecting {'(', '{'}
line 181:42 mismatched input '}' expecting {'(', '{'}
line 182:39 mismatched input '}' expecting {'(', '{'}
line 188:14 mismatched input '\ifExintVar' expecting {MODALITY, FORALL, EXISTS, '\if', '\ifEx', 'true', 'false', '(', '{', '@', NOT, SEQARROW, '-', STRING_LITERAL, CHAR_LITERAL, BIN_LITERAL, HEX_LITERAL, IDENT, INT_LITERAL, FLOAT_LITERAL, DOUBLE_LITERAL, REAL_LITERAL}
line 188:27 extraneous input '(' expecting {'\lemma', '}', IDENT, '/*!'}
line 188:32 mismatched input '&' expecting {'(', '{'}
line 190:42 mismatched input '}' expecting {'(', '{'}
line 191:39 mismatched input '}' expecting {'(', '{'}
line 198:14 mismatched input '\ifExintVar' expecting {MODALITY, FORALL, EXISTS, '\if', '\ifEx', 'true', 'false', '(', '{', '@', NOT, SEQARROW, '-', STRING_LITERAL, CHAR_LITERAL, BIN_LITERAL, HEX_LITERAL, IDENT, INT_LITERAL, FLOAT_LITERAL, DOUBLE_LITERAL, REAL_LITERAL}
line 198:27 extraneous input '(' expecting {'\lemma', '}', IDENT, '/*!'}
line 198:32 mismatched input '&' expecting {'(', '{'}
line 200:42 mismatched input '}' expecting {'(', '{'}
line 201:39 mismatched input '}' expecting {'(', '{'}
line 208:14 mismatched input '\ifExintVar' expecting {MODALITY, FORALL, EXISTS, '\if', '\ifEx', 'true', 'false', '(', '{', '@', NOT, SEQARROW, '-', STRING_LITERAL, CHAR_LITERAL, BIN_LITERAL, HEX_LITERAL, IDENT, INT_LITERAL, FLOAT_LITERAL, DOUBLE_LITERAL, REAL_LITERAL}
line 208:27 extraneous input '(' expecting {'\lemma', '}', IDENT, '/*!'}
line 208:32 mismatched input '&' expecting {'(', '{'}
line 210:42 mismatched input '}' expecting {'(', '{'}
line 211:39 mismatched input '}' expecting {'(', '{'}
line 218:14 mismatched input '\ifExintVar' expecting {MODALITY, FORALL, EXISTS, '\if', '\ifEx', 'true', 'false', '(', '{', '@', NOT, SEQARROW, '-', STRING_LITERAL, CHAR_LITERAL, BIN_LITERAL, HEX_LITERAL, IDENT, INT_LITERAL, FLOAT_LITERAL, DOUBLE_LITERAL, REAL_LITERAL}
line 218:27 extraneous input '(' expecting {'\lemma', '}', IDENT, '/*!'}
line 218:31 mismatched input ')' expecting {'(', '{'}
line 220:44 mismatched input ')' expecting {'(', '{'}
line 225:14 mismatched input '\ifExintVar' expecting {MODALITY, FORALL, EXISTS, '\if', '\ifEx', 'true', 'false', '(', '{', '@', NOT, SEQARROW, '-', STRING_LITERAL, CHAR_LITERAL, BIN_LITERAL, HEX_LITERAL, IDENT, INT_LITERAL, FLOAT_LITERAL, DOUBLE_LITERAL, REAL_LITERAL}
line 225:27 extraneous input '(' expecting {'\lemma', '}', IDENT, '/*!'}
line 225:31 mismatched input ')' expecting {'(', '{'}
line 227:44 mismatched input ')' expecting {'(', '{'}
line 233:14 mismatched input '\ifExintVar' expecting {MODALITY, FORALL, EXISTS, '\if', '\ifEx', 'true', 'false', '(', '{', '@', NOT, SEQARROW, '-', STRING_LITERAL, CHAR_LITERAL, BIN_LITERAL, HEX_LITERAL, IDENT, INT_LITERAL, FLOAT_LITERAL, DOUBLE_LITERAL, REAL_LITERAL}
line 233:27 extraneous input '(' expecting {'\lemma', '}', IDENT, '/*!'}
line 233:31 mismatched input ')' expecting {'(', '{'}
line 237:42 mismatched input '}' expecting {'(', '{'}
line 238:34 mismatched input '}' expecting {'(', '{'}
line 239:28 extraneous input '(' expecting {'\lemma', '}', IDENT, '/*!'}
line 239:33 mismatched input '->' expecting {'(', '{'}
line 240:8 extraneous input '\replacewith' expecting {'\lemma', '}', IDENT, '/*!'}
line 240:25 mismatched input ')' expecting {'(', '{'}
line 240:56 mismatched input ')' expecting {'(', '{'}
line 245:14 mismatched input '\ifExintVar' expecting {MODALITY, FORALL, EXISTS, '\if', '\ifEx', 'true', 'false', '(', '{', '@', NOT, SEQARROW, '-', STRING_LITERAL, CHAR_LITERAL, BIN_LITERAL, HEX_LITERAL, IDENT, INT_LITERAL, FLOAT_LITERAL, DOUBLE_LITERAL, REAL_LITERAL}
line 245:27 extraneous input '(' expecting {'\lemma', '}', IDENT, '/*!'}
line 245:31 mismatched input ')' expecting {'(', '{'}
line 248:45 mismatched input '}' expecting {'(', '{'}
line 249:8 extraneous input '\replacewith' expecting {'\lemma', '}', IDENT, '/*!'}
line 249:38 mismatched input ')' expecting {'(', '{'}
line 250:42 mismatched input '}' expecting {'(', '{'}
line 251:28 extraneous input '(' expecting {'\lemma', '}', IDENT, '/*!'}
line 251:33 mismatched input '->' expecting {'(', '{'}
line 255:14 mismatched input '\ifExintVar' expecting {MODALITY, FORALL, EXISTS, '\if', '\ifEx', 'true', 'false', '(', '{', '@', NOT, SEQARROW, '-', STRING_LITERAL, CHAR_LITERAL, BIN_LITERAL, HEX_LITERAL, IDENT, INT_LITERAL, FLOAT_LITERAL, DOUBLE_LITERAL, REAL_LITERAL}
line 255:27 extraneous input '(' expecting {'\lemma', '}', IDENT, '/*!'}
line 255:31 mismatched input ')' expecting {'(', '{'}
line 258:52 extraneous input '0' expecting {'\lemma', '}', IDENT, '/*!'}
line 258:54 mismatched input 'then' expecting {<EOF>, '\problem', '\chooseContract', '\proofObligation', '\proof'}

	at de.uka.ilkd.key.util.parsing.SyntaxErrorReporter.throwException(SyntaxErrorReporter.java:89)

300865     WARN  Test worker     d.u.i.k.n.KeYParser       [syntax-error] file:/home/runner/work/key/key/key.core/build/resources/main/de/uka/ilkd/key/proof/rules/ifThenElseRules.key:135:14: mismatched input '\ifExintVar' expecting {MODALITY, FORALL, EXISTS, '\if', '\ifEx', 'true', 'false', '(', '{', '@', NOT, SEQARROW, '-', STRING_LITERAL, CHAR_LITERAL, BIN_LITERAL, HEX_LITERAL, IDENT, INT_LITERAL, FLOAT_LITERAL, DOUBLE_LITERAL, REAL_LITERAL} [@745,3563:3573='\ifExintVar',<188>,135:14] (termorseq, taclet, rulesOrAxioms, decls, file) 
300866     WARN  Test worker     d.u.i.k.n.KeYParser       [syntax-error] file:/home/runner/work/key/key/key.core/build/resources/main/de/uka/ilkd/key/proof/rules/ifThenElseRules.key:135:27: extraneous input '(' expecting {'\lemma', '}', IDENT, '/*!'} [@748,3576:3576='(',<146>,135:27] (rulesOrAxioms, decls, file) 
300866     WARN  Test worker     d.u.i.k.n.KeYParser       [syntax-error] file:/home/runner/work/key/key/key.core/build/resources/main/de/uka/ilkd/key/proof/rules/ifThenElseRules.key:135:44: mismatched input ')' expecting {'(', '{'} [@754,3593:3593=')',<147>,135:44] (taclet, rulesOrAxioms, decls, file) 
300866     WARN  Test worker     d.u.i.k.n.KeYParser       [syntax-error] file:/home/runner/work/key/key/key.core/build/resources/main/de/uka/ilkd/key/proof/rules/ifThenElseRules.key:141:14: mismatched input '\ifExintVar' expecting {MODALITY, FORALL, EXISTS, '\if', '\ifEx', 'true', 'false', '(', '{', '@', NOT, SEQARROW, '-', STRING_LITERAL, CHAR_LITERAL, BIN_LITERAL, HEX_LITERAL, IDENT, INT_LITERAL, FLOAT_LITERAL, DOUBLE_LITERAL, REAL_LITERAL} [@780,3716:3726='\ifExintVar',<188>,141:14] (termorseq, taclet, rulesOrAxioms, decls, file) 
300866     WARN  Test worker     d.u.i.k.n.KeYParser       [syntax-error] file:/home/runner/work/key/key/key.core/build/resources/main/de/uka/ilkd/key/proof/rules/ifThenElseRules.key:141:27: extraneous input '(' expecting {'\lemma', '}', IDENT, '/*!'} [@783,3729:3729='(',<146>,141:27] (rulesOrAxioms, decls, file) 
300866     WARN  Test worker     d.u.i.k.n.KeYParser       [syntax-error] file:/home/runner/work/key/key/key.core/build/resources/main/de/uka/ilkd/key/proof/rules/ifThenElseRules.key:141:41: mismatched input ')' expecting {'(', '{'} [@789,3743:3743=')',<147>,141:41] (taclet, rulesOrAxioms, decls, file) 
300867     WARN  Test worker     d.u.i.k.n.KeYParser       [syntax-error] file:/home/runner/work/key/key/key.core/build/resources/main/de/uka/ilkd/key/proof/rules/ifThenElseRules.key:148:14: mismatched input '\ifExintVar' expecting {MODALITY, FORALL, EXISTS, '\if', '\ifEx', 'true', 'false', '(', '{', '@', NOT, SEQARROW, '-', STRING_LITERAL, CHAR_LITERAL, BIN_LITERAL, HEX_LITERAL, IDENT, INT_LITERAL, FLOAT_LITERAL, DOUBLE_LITERAL, REAL_LITERAL} [@819,3896:3906='\ifExintVar',<188>,148:14] (termorseq, taclet, rulesOrAxioms, decls, file) 
300867     WARN  Test worker     d.u.i.k.n.KeYParser       [syntax-error] file:/home/runner/work/key/key/key.core/build/resources/main/de/uka/ilkd/key/proof/rules/ifThenElseRules.key:148:27: extraneous input '(' expecting {'\lemma', '}', IDENT, '/*!'} [@822,3909:3909='(',<146>,148:27] (rulesOrAxioms, decls, file) 
300867     WARN  Test worker     d.u.i.k.n.KeYParser       [syntax-error] file:/home/runner/work/key/key/key.core/build/resources/main/de/uka/ilkd/key/proof/rules/ifThenElseRules.key:148:35: mismatched input '=' expecting {'(', '{'} [@825,3917:3917='=',<159>,148:35] (taclet, rulesOrAxioms, decls, file) 
300867     WARN  Test worker     d.u.i.k.n.KeYParser       [syntax-error] file:/home/runner/work/key/key/key.core/build/resources/main/de/uka/ilkd/key/proof/rules/ifThenElseRules.key:150:38: mismatched input '}' expecting {'(', '{'} [@859,4023:4023='}',<149>,150:38] (taclet, rulesOrAxioms, decls, file) 
300867     WARN  Test worker     d.u.i.k.n.KeYParser       [syntax-error] file:/home/runner/work/key/key/key.core/build/resources/main/de/uka/ilkd/key/proof/rules/ifThenElseRules.key:155:14: mismatched input '\ifExintVar' expecting {MODALITY, FORALL, EXISTS, '\if', '\ifEx', 'true', 'false', '(', '{', '@', NOT, SEQARROW, '-', STRING_LITERAL, CHAR_LITERAL, BIN_LITERAL, HEX_LITERAL, IDENT, INT_LITERAL, FLOAT_LITERAL, DOUBLE_LITERAL, REAL_LITERAL} [@877,4109:4119='\ifExintVar',<188>,155:14] (termorseq, taclet, rulesOrAxioms, decls, file) 
300867     WARN  Test worker     d.u.i.k.n.KeYParser       [syntax-error] file:/home/runner/work/key/key/key.core/build/resources/main/de/uka/ilkd/key/proof/rules/ifThenElseRules.key:155:27: extraneous input '(' expecting {'\lemma', '}', IDENT, '/*!'} [@880,4122:4122='(',<146>,155:27] (rulesOrAxioms, decls, file) 
300868     WARN  Test worker     d.u.i.k.n.KeYParser       [syntax-error] file:/home/runner/work/key/key/key.core/build/resources/main/de/uka/ilkd/key/proof/rules/ifThenElseRules.key:155:35: mismatched input '=' expecting {'(', '{'} [@883,4130:4130='=',<159>,155:35] (taclet, rulesOrAxioms, decls, file) 
300868     WARN  Test worker     d.u.i.k.n.KeYParser       [syntax-error] file:/home/runner/work/key/key/key.core/build/resources/main/de/uka/ilkd/key/proof/rules/ifThenElseRules.key:157:38: mismatched input '}' expecting {'(', '{'} [@917,4230:4230='}',<149>,157:38] (taclet, rulesOrAxioms, decls, file) 
300868     WARN  Test worker     d.u.i.k.n.KeYParser       [syntax-error] file:/home/runner/work/key/key/key.core/build/resources/main/de/uka/ilkd/key/proof/rules/ifThenElseRules.key:163:14: mismatched input '\ifExintVar' expecting {MODALITY, FORALL, EXISTS, '\if', '\ifEx', 'true', 'false', '(', '{', '@', NOT, SEQARROW, '-', STRING_LITERAL, CHAR_LITERAL, BIN_LITERAL, HEX_LITERAL, IDENT, INT_LITERAL, FLOAT_LITERAL, DOUBLE_LITERAL, REAL_LITERAL} [@939,4350:4360='\ifExintVar',<188>,163:14] (termorseq, taclet, rulesOrAxioms, decls, file) 
300868     WARN  Test worker     d.u.i.k.n.KeYParser       [syntax-error] file:/home/runner/work/key/key/key.core/build/resources/main/de/uka/ilkd/key/proof/rules/ifThenElseRules.key:163:27: extraneous input '(' expecting {'\lemma', '}', IDENT, '/*!'} [@942,4363:4363='(',<146>,163:27] (rulesOrAxioms, decls, file) 
300868     WARN  Test worker     d.u.i.k.n.KeYParser       [syntax-error] file:/home/runner/work/key/key/key.core/build/resources/main/de/uka/ilkd/key/proof/rules/ifThenElseRules.key:163:30: mismatched input '=' expecting {'(', '{'} [@945,4366:4366='=',<159>,163:30] (taclet, rulesOrAxioms, decls, file) 
300868     WARN  Test worker     d.u.i.k.n.KeYParser       [syntax-error] file:/home/runner/work/key/key/key.core/build/resources/main/de/uka/ilkd/key/proof/rules/ifThenElseRules.key:165:38: mismatched input '}' expecting {'(', '{'} [@979,4477:4477='}',<149>,165:38] (taclet, rulesOrAxioms, decls, file) 
300868     WARN  Test worker     d.u.i.k.n.KeYParser       [syntax-error] file:/home/runner/work/key/key/key.core/build/resources/main/de/uka/ilkd/key/proof/rules/ifThenElseRules.key:171:14: mismatched input '\ifExintVar' expecting {MODALITY, FORALL, EXISTS, '\if', '\ifEx', 'true', 'false', '(', '{', '@', NOT, SEQARROW, '-', STRING_LITERAL, CHAR_LITERAL, BIN_LITERAL, HEX_LITERAL, IDENT, INT_LITERAL, FLOAT_LITERAL, DOUBLE_LITERAL, REAL_LITERAL} [@1001,4604:4614='\ifExintVar',<188>,171:14] (termorseq, taclet, rulesOrAxioms, decls, file) 
300869     WARN  Test worker     d.u.i.k.n.KeYParser       [syntax-error] file:/home/runner/work/key/key/key.core/build/resources/main/de/uka/ilkd/key/proof/rules/ifThenElseRules.key:171:27: extraneous input '(' expecting {'\lemma', '}', IDENT, '/*!'} [@1004,4617:4617='(',<146>,171:27] (rulesOrAxioms, decls, file) 
300869     WARN  Test worker     d.u.i.k.n.KeYParser       [syntax-error] file:/home/runner/work/key/key/key.core/build/resources/main/de/uka/ilkd/key/proof/rules/ifThenElseRules.key:171:30: mismatched input '=' expecting {'(', '{'} [@1007,4620:4620='=',<159>,171:30] (taclet, rulesOrAxioms, decls, file) 
300869     WARN  Test worker     d.u.i.k.n.KeYParser       [syntax-error] file:/home/runner/work/key/key/key.core/build/resources/main/de/uka/ilkd/key/proof/rules/ifThenElseRules.key:173:38: mismatched input '}' expecting {'(', '{'} [@1041,4725:4725='}',<149>,173:38] (taclet, rulesOrAxioms, decls, file) 
300869     WARN  Test worker     d.u.i.k.n.KeYParser       [syntax-error] file:/home/runner/work/key/key/key.core/build/resources/main/de/uka/ilkd/key/proof/rules/ifThenElseRules.key:179:14: mismatched input '\ifExintVar' expecting {MODALITY, FORALL, EXISTS, '\if', '\ifEx', 'true', 'false', '(', '{', '@', NOT, SEQARROW, '-', STRING_LITERAL, CHAR_LITERAL, BIN_LITERAL, HEX_LITERAL, IDENT, INT_LITERAL, FLOAT_LITERAL, DOUBLE_LITERAL, REAL_LITERAL} [@1063,4848:4858='\ifExintVar',<188>,179:14] (termorseq, taclet, rulesOrAxioms, decls, file) 
300869     WARN  Test worker     d.u.i.k.n.KeYParser       [syntax-error] file:/home/runner/work/key/key/key.core/build/resources/main/de/uka/ilkd/key/proof/rules/ifThenElseRules.key:179:27: extraneous input '(' expecting {'\lemma', '}', IDENT, '/*!'} [@1066,4861:4861='(',<146>,179:27] (rulesOrAxioms, decls, file) 
300869     WARN  Test worker     d.u.i.k.n.KeYParser       [syntax-error] file:/home/runner/work/key/key/key.core/build/resources/main/de/uka/ilkd/key/proof/rules/ifThenElseRules.key:179:32: mismatched input '&' expecting {'(', '{'} [@1069,4866:4866='&',<156>,179:32] (taclet, rulesOrAxioms, decls, file) 
300870     WARN  Test worker     d.u.i.k.n.KeYParser       [syntax-error] file:/home/runner/work/key/key/key.core/build/resources/main/de/uka/ilkd/key/proof/rules/ifThenElseRules.key:181:42: mismatched input '}' expecting {'(', '{'} [@1109,4985:4985='}',<149>,181:42] (taclet, rulesOrAxioms, decls, file) 
300870     WARN  Test worker     d.u.i.k.n.KeYParser       [syntax-error] file:/home/runner/work/key/key/key.core/build/resources/main/de/uka/ilkd/key/proof/rules/ifThenElseRules.key:182:39: mismatched input '}' expecting {'(', '{'} [@1122,5030:5030='}',<149>,182:39] (taclet, rulesOrAxioms, decls, file) 
300870     WARN  Test worker     d.u.i.k.n.KeYParser       [syntax-error] file:/home/runner/work/key/key/key.core/build/resources/main/de/uka/ilkd/key/proof/rules/ifThenElseRules.key:188:14: mismatched input '\ifExintVar' expecting {MODALITY, FORALL, EXISTS, '\if', '\ifEx', 'true', 'false', '(', '{', '@', NOT, SEQARROW, '-', STRING_LITERAL, CHAR_LITERAL, BIN_LITERAL, HEX_LITERAL, IDENT, INT_LITERAL, FLOAT_LITERAL, DOUBLE_LITERAL, REAL_LITERAL} [@1146,5149:5159='\ifExintVar',<188>,188:14] (termorseq, taclet, rulesOrAxioms, decls, file) 
300870     WARN  Test worker     d.u.i.k.n.KeYParser       [syntax-error] file:/home/runner/work/key/key/key.core/build/resources/main/de/uka/ilkd/key/proof/rules/ifThenElseRules.key:188:27: extraneous input '(' expecting {'\lemma', '}', IDENT, '/*!'} [@1149,5162:5162='(',<146>,188:27] (rulesOrAxioms, decls, file) 
300870     WARN  Test worker     d.u.i.k.n.KeYParser       [syntax-error] file:/home/runner/work/key/key/key.core/build/resources/main/de/uka/ilkd/key/proof/rules/ifThenElseRules.key:188:32: mismatched input '&' expecting {'(', '{'} [@1152,5167:5167='&',<156>,188:32] (taclet, rulesOrAxioms, decls, file) 
300870     WARN  Test worker     d.u.i.k.n.KeYParser       [syntax-error] file:/home/runner/work/key/key/key.core/build/resources/main/de/uka/ilkd/key/proof/rules/ifThenElseRules.key:190:42: mismatched input '}' expecting {'(', '{'} [@1192,5280:5280='}',<149>,190:42] (taclet, rulesOrAxioms, decls, file) 
300870     WARN  Test worker     d.u.i.k.n.KeYParser       [syntax-error] file:/home/runner/work/key/key/key.core/build/resources/main/de/uka/ilkd/key/proof/rules/ifThenElseRules.key:191:39: mismatched input '}' expecting {'(', '{'} [@1205,5325:5325='}',<149>,191:39] (taclet, rulesOrAxioms, decls, file) 
300871     WARN  Test worker     d.u.i.k.n.KeYParser       [syntax-error] file:/home/runner/work/key/key/key.core/build/resources/main/de/uka/ilkd/key/proof/rules/ifThenElseRules.key:198:14: mismatched input '\ifExintVar' expecting {MODALITY, FORALL, EXISTS, '\if', '\ifEx', 'true', 'false', '(', '{', '@', NOT, SEQARROW, '-', STRING_LITERAL, CHAR_LITERAL, BIN_LITERAL, HEX_LITERAL, IDENT, INT_LITERAL, FLOAT_LITERAL, DOUBLE_LITERAL, REAL_LITERAL} [@1233,5475:5485='\ifExintVar',<188>,198:14] (termorseq, taclet, rulesOrAxioms, decls, file) 
300871     WARN  Test worker     d.u.i.k.n.KeYParser       [syntax-error] file:/home/runner/work/key/key/key.core/build/resources/main/de/uka/ilkd/key/proof/rules/ifThenElseRules.key:198:27: extraneous input '(' expecting {'\lemma', '}', IDENT, '/*!'} [@1236,5488:5488='(',<146>,198:27] (rulesOrAxioms, decls, file) 
300871     WARN  Test worker     d.u.i.k.n.KeYParser       [syntax-error] file:/home/runner/work/key/key/key.core/build/resources/main/de/uka/ilkd/key/proof/rules/ifThenElseRules.key:198:32: mismatched input '&' expecting {'(', '{'} [@1239,5493:5493='&',<156>,198:32] (taclet, rulesOrAxioms, decls, file) 
300871     WARN  Test worker     d.u.i.k.n.KeYParser       [syntax-error] file:/home/runner/work/key/key/key.core/build/resources/main/de/uka/ilkd/key/proof/rules/ifThenElseRules.key:200:42: mismatched input '}' expecting {'(', '{'} [@1279,5612:5612='}',<149>,200:42] (taclet, rulesOrAxioms, decls, file) 
300871     WARN  Test worker     d.u.i.k.n.KeYParser       [syntax-error] file:/home/runner/work/key/key/key.core/build/resources/main/de/uka/ilkd/key/proof/rules/ifThenElseRules.key:201:39: mismatched input '}' expecting {'(', '{'} [@1292,5657:5657='}',<149>,201:39] (taclet, rulesOrAxioms, decls, file) 
300871     WARN  Test worker     d.u.i.k.n.KeYParser       [syntax-error] file:/home/runner/work/key/key/key.core/build/resources/main/de/uka/ilkd/key/proof/rules/ifThenElseRules.key:208:14: mismatched input '\ifExintVar' expecting {MODALITY, FORALL, EXISTS, '\if', '\ifEx', 'true', 'false', '(', '{', '@', NOT, SEQARROW, '-', STRING_LITERAL, CHAR_LITERAL, BIN_LITERAL, HEX_LITERAL, IDENT, INT_LITERAL, FLOAT_LITERAL, DOUBLE_LITERAL, REAL_LITERAL} [@1320,5817:5827='\ifExintVar',<188>,208:14] (termorseq, taclet, rulesOrAxioms, decls, file) 
300871     WARN  Test worker     d.u.i.k.n.KeYParser       [syntax-error] file:/home/runner/work/key/key/key.core/build/resources/main/de/uka/ilkd/key/proof/rules/ifThenElseRules.key:208:27: extraneous input '(' expecting {'\lemma', '}', IDENT, '/*!'} [@1323,5830:5830='(',<146>,208:27] (rulesOrAxioms, decls, file) 
300872     WARN  Test worker     d.u.i.k.n.KeYParser       [syntax-error] file:/home/runner/work/key/key/key.core/build/resources/main/de/uka/ilkd/key/proof/rules/ifThenElseRules.key:208:32: mismatched input '&' expecting {'(', '{'} [@1326,5835:5835='&',<156>,208:32] (taclet, rulesOrAxioms, decls, file) 
300872     WARN  Test worker     d.u.i.k.n.KeYParser       [syntax-error] file:/home/runner/work/key/key/key.core/build/resources/main/de/uka/ilkd/key/proof/rules/ifThenElseRules.key:210:42: mismatched input '}' expecting {'(', '{'} [@1366,5948:5948='}',<149>,210:42] (taclet, rulesOrAxioms, decls, file) 
300872     WARN  Test worker     d.u.i.k.n.KeYParser       [syntax-error] file:/home/runner/work/key/key/key.core/build/resources/main/de/uka/ilkd/key/proof/rules/ifThenElseRules.key:211:39: mismatched input '}' expecting {'(', '{'} [@1379,5993:5993='}',<149>,211:39] (taclet, rulesOrAxioms, decls, file) 
300872     WARN  Test worker     d.u.i.k.n.KeYParser       [syntax-error] file:/home/runner/work/key/key/key.core/build/resources/main/de/uka/ilkd/key/proof/rules/ifThenElseRules.key:218:14: mismatched input '\ifExintVar' expecting {MODALITY, FORALL, EXISTS, '\if', '\ifEx', 'true', 'false', '(', '{', '@', NOT, SEQARROW, '-', STRING_LITERAL, CHAR_LITERAL, BIN_LITERAL, HEX_LITERAL, IDENT, INT_LITERAL, FLOAT_LITERAL, DOUBLE_LITERAL, REAL_LITERAL} [@1407,6146:6156='\ifExintVar',<188>,218:14] (termorseq, taclet, rulesOrAxioms, decls, file) 
300872     WARN  Test worker     d.u.i.k.n.KeYParser       [syntax-error] file:/home/runner/work/key/key/key.core/build/resources/main/de/uka/ilkd/key/proof/rules/ifThenElseRules.key:218:27: extraneous input '(' expecting {'\lemma', '}', IDENT, '/*!'} [@1410,6159:6159='(',<146>,218:27] (rulesOrAxioms, decls, file) 
300872     WARN  Test worker     d.u.i.k.n.KeYParser       [syntax-error] file:/home/runner/work/key/key/key.core/build/resources/main/de/uka/ilkd/key/proof/rules/ifThenElseRules.key:218:31: mismatched input ')' expecting {'(', '{'} [@1412,6163:6163=')',<147>,218:31] (taclet, rulesOrAxioms, decls, file) 
300872     WARN  Test worker     d.u.i.k.n.KeYParser       [syntax-error] file:/home/runner/work/key/key/key.core/build/resources/main/de/uka/ilkd/key/proof/rules/ifThenElseRules.key:220:44: mismatched input ')' expecting {'(', '{'} [@1444,6275:6275=')',<147>,220:44] (taclet, rulesOrAxioms, decls, file) 
300873     WARN  Test worker     d.u.i.k.n.KeYParser       [syntax-error] file:/home/runner/work/key/key/key.core/build/resources/main/de/uka/ilkd/key/proof/rules/ifThenElseRules.key:225:14: mismatched input '\ifExintVar' expecting {MODALITY, FORALL, EXISTS, '\if', '\ifEx', 'true', 'false', '(', '{', '@', NOT, SEQARROW, '-', STRING_LITERAL, CHAR_LITERAL, BIN_LITERAL, HEX_LITERAL, IDENT, INT_LITERAL, FLOAT_LITERAL, DOUBLE_LITERAL, REAL_LITERAL} [@1471,6389:6399='\ifExintVar',<188>,225:14] (termorseq, taclet, rulesOrAxioms, decls, file) 
300873     WARN  Test worker     d.u.i.k.n.KeYParser       [syntax-error] file:/home/runner/work/key/key/key.core/build/resources/main/de/uka/ilkd/key/proof/rules/ifThenElseRules.key:225:27: extraneous input '(' expecting {'\lemma', '}', IDENT, '/*!'} [@1474,6402:6402='(',<146>,225:27] (rulesOrAxioms, decls, file) 
300873     WARN  Test worker     d.u.i.k.n.KeYParser       [syntax-error] file:/home/runner/work/key/key/key.core/build/resources/main/de/uka/ilkd/key/proof/rules/ifThenElseRules.key:225:31: mismatched input ')' expecting {'(', '{'} [@1476,6406:6406=')',<147>,225:31] (taclet, rulesOrAxioms, decls, file) 
300873     WARN  Test worker     d.u.i.k.n.KeYParser       [syntax-error] file:/home/runner/work/key/key/key.core/build/resources/main/de/uka/ilkd/key/proof/rules/ifThenElseRules.key:227:44: mismatched input ')' expecting {'(', '{'} [@1508,6509:6509=')',<147>,227:44] (taclet, rulesOrAxioms, decls, file) 
300873     WARN  Test worker     d.u.i.k.n.KeYParser       [syntax-error] file:/home/runner/work/key/key/key.core/build/resources/main/de/uka/ilkd/key/proof/rules/ifThenElseRules.key:233:14: mismatched input '\ifExintVar' expecting {MODALITY, FORALL, EXISTS, '\if', '\ifEx', 'true', 'false', '(', '{', '@', NOT, SEQARROW, '-', STRING_LITERAL, CHAR_LITERAL, BIN_LITERAL, HEX_LITERAL, IDENT, INT_LITERAL, FLOAT_LITERAL, DOUBLE_LITERAL, REAL_LITERAL} [@1539,6656:6666='\ifExintVar',<188>,233:14] (termorseq, taclet, rulesOrAxioms, decls, file) 
300873     WARN  Test worker     d.u.i.k.n.KeYParser       [syntax-error] file:/home/runner/work/key/key/key.core/build/resources/main/de/uka/ilkd/key/proof/rules/ifThenElseRules.key:233:27: extraneous input '(' expecting {'\lemma', '}', IDENT, '/*!'} [@1542,6669:6669='(',<146>,233:27] (rulesOrAxioms, decls, file) 
300873     WARN  Test worker     d.u.i.k.n.KeYParser       [syntax-error] file:/home/runner/work/key/key/key.core/build/resources/main/de/uka/ilkd/key/proof/rules/ifThenElseRules.key:233:31: mismatched input ')' expecting {'(', '{'} [@1544,6673:6673=')',<147>,233:31] (taclet, rulesOrAxioms, decls, file) 
300874     WARN  Test worker     d.u.i.k.n.KeYParser       [syntax-error] file:/home/runner/work/key/key/key.core/build/resources/main/de/uka/ilkd/key/proof/rules/ifThenElseRules.key:237:42: mismatched input '}' expecting {'(', '{'} [@1586,6850:6850='}',<149>,237:42] (taclet, rulesOrAxioms, decls, file) 
300874     WARN  Test worker     d.u.i.k.n.KeYParser       [syntax-error] file:/home/runner/work/key/key/key.core/build/resources/main/de/uka/ilkd/key/proof/rules/ifThenElseRules.key:238:34: mismatched input '}' expecting {'(', '{'} [@1599,6891:6891='}',<149>,238:34] (taclet, rulesOrAxioms, decls, file) 
300874     WARN  Test worker     d.u.i.k.n.KeYParser       [syntax-error] file:/home/runner/work/key/key/key.core/build/resources/main/de/uka/ilkd/key/proof/rules/ifThenElseRules.key:239:28: extraneous input '(' expecting {'\lemma', '}', IDENT, '/*!'} [@1608,6925:6925='(',<146>,239:28] (rulesOrAxioms, decls, file) 
300874     WARN  Test worker     d.u.i.k.n.KeYParser       [syntax-error] file:/home/runner/work/key/key/key.core/build/resources/main/de/uka/ilkd/key/proof/rules/ifThenElseRules.key:239:33: mismatched input '->' expecting {'(', '{'} [@1611,6930:6931='->',<158>,239:33] (taclet, rulesOrAxioms, decls, file) 
300874     WARN  Test worker     d.u.i.k.n.KeYParser       [syntax-error] file:/home/runner/work/key/key/key.core/build/resources/main/de/uka/ilkd/key/proof/rules/ifThenElseRules.key:240:8: extraneous input '\replacewith' expecting {'\lemma', '}', IDENT, '/*!'} [@1626,6979:6990='\replacewith',<105>,240:8] (rulesOrAxioms, decls, file) 
300874     WARN  Test worker     d.u.i.k.n.KeYParser       [syntax-error] file:/home/runner/work/key/key/key.core/build/resources/main/de/uka/ilkd/key/proof/rules/ifThenElseRules.key:240:25: mismatched input ')' expecting {'(', '{'} [@1629,6996:6996=')',<147>,240:25] (taclet, rulesOrAxioms, decls, file) 
300874     WARN  Test worker     d.u.i.k.n.KeYParser       [syntax-error] file:/home/runner/work/key/key/key.core/build/resources/main/de/uka/ilkd/key/proof/rules/ifThenElseRules.key:240:56: mismatched input ')' expecting {'(', '{'} [@1642,7027:7027=')',<147>,240:56] (taclet, rulesOrAxioms, decls, file) 
300875     WARN  Test worker     d.u.i.k.n.KeYParser       [syntax-error] file:/home/runner/work/key/key/key.core/build/resources/main/de/uka/ilkd/key/proof/rules/ifThenElseRules.key:245:14: mismatched input '\ifExintVar' expecting {MODALITY, FORALL, EXISTS, '\if', '\ifEx', 'true', 'false', '(', '{', '@', NOT, SEQARROW, '-', STRING_LITERAL, CHAR_LITERAL, BIN_LITERAL, HEX_LITERAL, IDENT, INT_LITERAL, FLOAT_LITERAL, DOUBLE_LITERAL, REAL_LITERAL} [@1658,7109:7119='\ifExintVar',<188>,245:14] (termorseq, taclet, rulesOrAxioms, decls, file) 
300875     WARN  Test worker     d.u.i.k.n.KeYParser       [syntax-error] file:/home/runner/work/key/key/key.core/build/resources/main/de/uka/ilkd/key/proof/rules/ifThenElseRules.key:245:27: extraneous input '(' expecting {'\lemma', '}', IDENT, '/*!'} [@1661,7122:7122='(',<146>,245:27] (rulesOrAxioms, decls, file) 
300875     WARN  Test worker     d.u.i.k.n.KeYParser       [syntax-error] file:/home/runner/work/key/key/key.core/build/resources/main/de/uka/ilkd/key/proof/rules/ifThenElseRules.key:245:31: mismatched input ')' expecting {'(', '{'} [@1663,7126:7126=')',<147>,245:31] (taclet, rulesOrAxioms, decls, file) 
300875     WARN  Test worker     d.u.i.k.n.KeYParser       [syntax-error] file:/home/runner/work/key/key/key.core/build/resources/main/de/uka/ilkd/key/proof/rules/ifThenElseRules.key:248:45: mismatched input '}' expecting {'(', '{'} [@1696,7268:7268='}',<149>,248:45] (taclet, rulesOrAxioms, decls, file) 
300875     WARN  Test worker     d.u.i.k.n.KeYParser       [syntax-error] file:/home/runner/work/key/key/key.core/build/resources/main/de/uka/ilkd/key/proof/rules/ifThenElseRules.key:249:8: extraneous input '\replacewith' expecting {'\lemma', '}', IDENT, '/*!'} [@1701,7284:7295='\replacewith',<105>,249:8] (rulesOrAxioms, decls, file) 
300875     WARN  Test worker     d.u.i.k.n.KeYParser       [syntax-error] file:/home/runner/work/key/key/key.core/build/resources/main/de/uka/ilkd/key/proof/rules/ifThenElseRules.key:249:38: mismatched input ')' expecting {'(', '{'} [@1708,7314:7314=')',<147>,249:38] (taclet, rulesOrAxioms, decls, file) 
300875     WARN  Test worker     d.u.i.k.n.KeYParser       [syntax-error] file:/home/runner/work/key/key/key.core/build/resources/main/de/uka/ilkd/key/proof/rules/ifThenElseRules.key:250:42: mismatched input '}' expecting {'(', '{'} [@1731,7381:7381='}',<149>,250:42] (taclet, rulesOrAxioms, decls, file) 
300875     WARN  Test worker     d.u.i.k.n.KeYParser       [syntax-error] file:/home/runner/work/key/key/key.core/build/resources/main/de/uka/ilkd/key/proof/rules/ifThenElseRules.key:251:28: extraneous input '(' expecting {'\lemma', '}', IDENT, '/*!'} [@1741,7416:7416='(',<146>,251:28] (rulesOrAxioms, decls, file) 
300876     WARN  Test worker     d.u.i.k.n.KeYParser       [syntax-error] file:/home/runner/work/key/key/key.core/build/resources/main/de/uka/ilkd/key/proof/rules/ifThenElseRules.key:251:33: mismatched input '->' expecting {'(', '{'} [@1744,7421:7422='->',<158>,251:33] (taclet, rulesOrAxioms, decls, file) 
300876     WARN  Test worker     d.u.i.k.n.KeYParser       [syntax-error] file:/home/runner/work/key/key/key.core/build/resources/main/de/uka/ilkd/key/proof/rules/ifThenElseRules.key:255:14: mismatched input '\ifExintVar' expecting {MODALITY, FORALL, EXISTS, '\if', '\ifEx', 'true', 'false', '(', '{', '@', NOT, SEQARROW, '-', STRING_LITERAL, CHAR_LITERAL, BIN_LITERAL, HEX_LITERAL, IDENT, INT_LITERAL, FLOAT_LITERAL, DOUBLE_LITERAL, REAL_LITERAL} [@1765,7506:7516='\ifExintVar',<188>,255:14] (termorseq, taclet, rulesOrAxioms, decls, file) 
300876     WARN  Test worker     d.u.i.k.n.KeYParser       [syntax-error] file:/home/runner/work/key/key/key.core/build/resources/main/de/uka/ilkd/key/proof/rules/ifThenElseRules.key:255:27: extraneous input '(' expecting {'\lemma', '}', IDENT, '/*!'} [@1768,7519:7519='(',<146>,255:27] (rulesOrAxioms, decls, file) 
300876     WARN  Test worker     d.u.i.k.n.KeYParser       [syntax-error] file:/home/runner/work/key/key/key.core/build/resources/main/de/uka/ilkd/key/proof/rules/ifThenElseRules.key:255:31: mismatched input ')' expecting {'(', '{'} [@1770,7523:7523=')',<147>,255:31] (taclet, rulesOrAxioms, decls, file) 
300876     WARN  Test worker     d.u.i.k.n.KeYParser       [syntax-error] file:/home/runner/work/key/key/key.core/build/resources/main/de/uka/ilkd/key/proof/rules/ifThenElseRules.key:258:52: extraneous input '0' expecting {'\lemma', '}', IDENT, '/*!'} [@1809,7667:7667='0',<184>,258:52] (rulesOrAxioms, decls, file) 
300876     WARN  Test worker     d.u.i.k.n.KeYParser       [syntax-error] file:/home/runner/work/key/key/key.core/build/resources/main/de/uka/ilkd/key/proof/rules/ifThenElseRules.key:258:54: mismatched input 'then' expecting {<EOF>, '\problem', '\chooseContract', '\proofObligation', '\proof'} [@1811,7669:7672='then',<183>,258:54] (file) 
300877     ERROR Test worker     d.u.i.k.s.n.MasterHandlerTest Error reading /home/runner/work/key/key/key.core/build/resources/test/de/uka/ilkd/key/smt/newsmt2/cases/uninterpreted1.props de.uka.ilkd.key.proof.io.ProblemLoaderException: line 135:14 mismatched input '\ifExintVar' expecting {MODALITY, FORALL, EXISTS, '\if', '\ifEx', 'true', 'false', '(', '{', '@', NOT, SEQARROW, '-', STRING_LITERAL, CHAR_LITERAL, BIN_LITERAL, HEX_LITERAL, IDENT, INT_LITERAL, FLOAT_LITERAL, DOUBLE_LITERAL, REAL_LITERAL}
line 135:27 extraneous input '(' expecting {'\lemma', '}', IDENT, '/*!'}
line 135:44 mismatched input ')' expecting {'(', '{'}
line 141:14 mismatched input '\ifExintVar' expecting {MODALITY, FORALL, EXISTS, '\if', '\ifEx', 'true', 'false', '(', '{', '@', NOT, SEQARROW, '-', STRING_LITERAL, CHAR_LITERAL, BIN_LITERAL, HEX_LITERAL, IDENT, INT_LITERAL, FLOAT_LITERAL, DOUBLE_LITERAL, REAL_LITERAL}
line 141:27 extraneous input '(' expecting {'\lemma', '}', IDENT, '/*!'}
line 141:41 mismatched input ')' expecting {'(', '{'}
line 148:14 mismatched input '\ifExintVar' expecting {MODALITY, FORALL, EXISTS, '\if', '\ifEx', 'true', 'false', '(', '{', '@', NOT, SEQARROW, '-', STRING_LITERAL, CHAR_LITERAL, BIN_LITERAL, HEX_LITERAL, IDENT, INT_LITERAL, FLOAT_LITERAL, DOUBLE_LITERAL, REAL_LITERAL}
line 148:27 extraneous input '(' expecting {'\lemma', '}', IDENT, '/*!'}
line 148:35 mismatched input '=' expecting {'(', '{'}
line 150:38 mismatched input '}' expecting {'(', '{'}
line 155:14 mismatched input '\ifExintVar' expecting {MODALITY, FORALL, EXISTS, '\if', '\ifEx', 'true', 'false', '(', '{', '@', NOT, SEQARROW, '-', STRING_LITERAL, CHAR_LITERAL, BIN_LITERAL, HEX_LITERAL, IDENT, INT_LITERAL, FLOAT_LITERAL, DOUBLE_LITERAL, REAL_LITERAL}
line 155:27 extraneous input '(' expecting {'\lemma', '}', IDENT, '/*!'}
line 155:35 mismatched input '=' expecting {'(', '{'}
line 157:38 mismatched input '}' expecting {'(', '{'}
line 163:14 mismatched input '\ifExintVar' expecting {MODALITY, FORALL, EXISTS, '\if', '\ifEx', 'true', 'false', '(', '{', '@', NOT, SEQARROW, '-', STRING_LITERAL, CHAR_LITERAL, BIN_LITERAL, HEX_LITERAL, IDENT, INT_LITERAL, FLOAT_LITERAL, DOUBLE_LITERAL, REAL_LITERAL}
line 163:27 extraneous input '(' expecting {'\lemma', '}', IDENT, '/*!'}
line 163:30 mismatched input '=' expecting {'(', '{'}
line 165:38 mismatched input '}' expecting {'(', '{'}
line 171:14 mismatched input '\ifExintVar' expecting {MODALITY, FORALL, EXISTS, '\if', '\ifEx', 'true', 'false', '(', '{', '@', NOT, SEQARROW, '-', STRING_LITERAL, CHAR_LITERAL, BIN_LITERAL, HEX_LITERAL, IDENT, INT_LITERAL, FLOAT_LITERAL, DOUBLE_LITERAL, REAL_LITERAL}
line 171:27 extraneous input '(' expecting {'\lemma', '}', IDENT, '/*!'}
line 171:30 mismatched input '=' expecting {'(', '{'}
line 173:38 mismatched input '}' expecting {'(', '{'}
line 179:14 mismatched input '\ifExintVar' expecting {MODALITY, FORALL, EXISTS, '\if', '\ifEx', 'true', 'false', '(', '{', '@', NOT, SEQARROW, '-', STRING_LITERAL, CHAR_LITERAL, BIN_LITERAL, HEX_LITERAL, IDENT, INT_LITERAL, FLOAT_LITERAL, DOUBLE_LITERAL, REAL_LITERAL}
line 179:27 extraneous input '(' expecting {'\lemma', '}', IDENT, '/*!'}
line 179:32 mismatched input '&' expecting {'(', '{'}
line 181:42 mismatched input '}' expecting {'(', '{'}
line 182:39 mismatched input '}' expecting {'(', '{'}
line 188:14 mismatched input '\ifExintVar' expecting {MODALITY, FORALL, EXISTS, '\if', '\ifEx', 'true', 'false', '(', '{', '@', NOT, SEQARROW, '-', STRING_LITERAL, CHAR_LITERAL, BIN_LITERAL, HEX_LITERAL, IDENT, INT_LITERAL, FLOAT_LITERAL, DOUBLE_LITERAL, REAL_LITERAL}
line 188:27 extraneous input '(' expecting {'\lemma', '}', IDENT, '/*!'}
line 188:32 mismatched input '&' expecting {'(', '{'}
line 190:42 mismatched input '}' expecting {'(', '{'}
line 191:39 mismatched input '}' expecting {'(', '{'}
line 198:14 mismatched input '\ifExintVar' expecting {MODALITY, FORALL, EXISTS, '\if', '\ifEx', 'true', 'false', '(', '{', '@', NOT, SEQARROW, '-', STRING_LITERAL, CHAR_LITERAL, BIN_LITERAL, HEX_LITERAL, IDENT, INT_LITERAL, FLOAT_LITERAL, DOUBLE_LITERAL, REAL_LITERAL}
line 198:27 extraneous input '(' expecting {'\lemma', '}', IDENT, '/*!'}
line 198:32 mismatched input '&' expecting {'(', '{'}
line 200:42 mismatched input '}' expecting {'(', '{'}
line 201:39 mismatched input '}' expecting {'(', '{'}
line 208:14 mismatched input '\ifExintVar' expecting {MODALITY, FORALL, EXISTS, '\if', '\ifEx', 'true', 'false', '(', '{', '@', NOT, SEQARROW, '-', STRING_LITERAL, CHAR_LITERAL, BIN_LITERAL, HEX_LITERAL, IDENT, INT_LITERAL, FLOAT_LITERAL, DOUBLE_LITERAL, REAL_LITERAL}
line 208:27 extraneous input '(' expecting {'\lemma', '}', IDENT, '/*!'}
line 208:32 mismatched input '&' expecting {'(', '{'}
line 210:42 mismatched input '}' expecting {'(', '{'}
line 211:39 mismatched input '}' expecting {'(', '{'}
line 218:14 mismatched input '\ifExintVar' expecting {MODALITY, FORALL, EXISTS, '\if', '\ifEx', 'true', 'false', '(', '{', '@', NOT, SEQARROW, '-', STRING_LITERAL, CHAR_LITERAL, BIN_LITERAL, HEX_LITERAL, IDENT, INT_LITERAL, FLOAT_LITERAL, DOUBLE_LITERAL, REAL_LITERAL}
line 218:27 extraneous input '(' expecting {'\lemma', '}', IDENT, '/*!'}
line 218:31 mismatched input ')' expecting {'(', '{'}
line 220:44 mismatched input ')' expecting {'(', '{'}
line 225:14 mismatched input '\ifExintVar' expecting {MODALITY, FORALL, EXISTS, '\if', '\ifEx', 'true', 'false', '(', '{', '@', NOT, SEQARROW, '-', STRING_LITERAL, CHAR_LITERAL, BIN_LITERAL, HEX_LITERAL, IDENT, INT_LITERAL, FLOAT_LITERAL, DOUBLE_LITERAL, REAL_LITERAL}
line 225:27 extraneous input '(' expecting {'\lemma', '}', IDENT, '/*!'}
line 225:31 mismatched input ')' expecting {'(', '{'}
line 227:44 mismatched input ')' expecting {'(', '{'}
line 233:14 mismatched input '\ifExintVar' expecting {MODALITY, FORALL, EXISTS, '\if', '\ifEx', 'true', 'false', '(', '{', '@', NOT, SEQARROW, '-', STRING_LITERAL, CHAR_LITERAL, BIN_LITERAL, HEX_LITERAL, IDENT, INT_LITERAL, FLOAT_LITERAL, DOUBLE_LITERAL, REAL_LITERAL}
line 233:27 extraneous input '(' expecting {'\lemma', '}', IDENT, '/*!'}
line 233:31 mismatched input ')' expecting {'(', '{'}
line 237:42 mismatched input '}' expecting {'(', '{'}
line 238:34 mismatched input '}' expecting {'(', '{'}
line 239:28 extraneous input '(' expecting {'\lemma', '}', IDENT, '/*!'}
line 239:33 mismatched input '->' expecting {'(', '{'}
line 240:8 extraneous input '\replacewith' expecting {'\lemma', '}', IDENT, '/*!'}
line 240:25 mismatched input ')' expecting {'(', '{'}
line 240:56 mismatched input ')' expecting {'(', '{'}
line 245:14 mismatched input '\ifExintVar' expecting {MODALITY, FORALL, EXISTS, '\if', '\ifEx', 'true', 'false', '(', '{', '@', NOT, SEQARROW, '-', STRING_LITERAL, CHAR_LITERAL, BIN_LITERAL, HEX_LITERAL, IDENT, INT_LITERAL, FLOAT_LITERAL, DOUBLE_LITERAL, REAL_LITERAL}
line 245:27 extraneous input '(' expecting {'\lemma', '}', IDENT, '/*!'}
line 245:31 mismatched input ')' expecting {'(', '{'}
line 248:45 mismatched input '}' expecting {'(', '{'}
line 249:8 extraneous input '\replacewith' expecting {'\lemma', '}', IDENT, '/*!'}
line 249:38 mismatched input ')' expecting {'(', '{'}
line 250:42 mismatched input '}' expecting {'(', '{'}
line 251:28 extraneous input '(' expecting {'\lemma', '}', IDENT, '/*!'}
line 251:33 mismatched input '->' expecting {'(', '{'}
line 255:14 mismatched input '\ifExintVar' expecting {MODALITY, FORALL, EXISTS, '\if', '\ifEx', 'true', 'false', '(', '{', '@', NOT, SEQARROW, '-', STRING_LITERAL, CHAR_LITERAL, BIN_LITERAL, HEX_LITERAL, IDENT, INT_LITERAL, FLOAT_LITERAL, DOUBLE_LITERAL, REAL_LITERAL}
line 255:27 extraneous input '(' expecting {'\lemma', '}', IDENT, '/*!'}
line 255:31 mismatched input ')' expecting {'(', '{'}
line 258:52 extraneous input '0' expecting {'\lemma', '}', IDENT, '/*!'}
line 258:54 mismatched input 'then' expecting {<EOF>, '\problem', '\chooseContract', '\proofObligation', '\proof'}

	at de.uka.ilkd.key.control.AbstractUserInterfaceControl.load(AbstractUserInterfaceControl.java:221)
Caused by: de.uka.ilkd.key.proof.init.ProofInputException: line 135:14 mismatched input '\ifExintVar' expecting {MODALITY, FORALL, EXISTS, '\if', '\ifEx', 'true', 'false', '(', '{', '@', NOT, SEQARROW, '-', STRING_LITERAL, CHAR_LITERAL, BIN_LITERAL, HEX_LITERAL, IDENT, INT_LITERAL, FLOAT_LITERAL, DOUBLE_LITERAL, REAL_LITERAL}
line 135:27 extraneous input '(' expecting {'\lemma', '}', IDENT, '/*!'}
line 135:44 mismatched input ')' expecting {'(', '{'}
line 141:14 mismatched input '\ifExintVar' expecting {MODALITY, FORALL, EXISTS, '\if', '\ifEx', 'true', 'false', '(', '{', '@', NOT, SEQARROW, '-', STRING_LITERAL, CHAR_LITERAL, BIN_LITERAL, HEX_LITERAL, IDENT, INT_LITERAL, FLOAT_LITERAL, DOUBLE_LITERAL, REAL_LITERAL}
line 141:27 extraneous input '(' expecting {'\lemma', '}', IDENT, '/*!'}
line 141:41 mismatched input ')' expecting {'(', '{'}
line 148:14 mismatched input '\ifExintVar' expecting {MODALITY, FORALL, EXISTS, '\if', '\ifEx', 'true', 'false', '(', '{', '@', NOT, SEQARROW, '-', STRING_LITERAL, CHAR_LITERAL, BIN_LITERAL, HEX_LITERAL, IDENT, INT_LITERAL, FLOAT_LITERAL, DOUBLE_LITERAL, REAL_LITERAL}
line 148:27 extraneous input '(' expecting {'\lemma', '}', IDENT, '/*!'}
line 148:35 mismatched input '=' expecting {'(', '{'}
line 150:38 mismatched input '}' expecting {'(', '{'}
line 155:14 mismatched input '\ifExintVar' expecting {MODALITY, FORALL, EXISTS, '\if', '\ifEx', 'true', 'false', '(', '{', '@', NOT, SEQARROW, '-', STRING_LITERAL, CHAR_LITERAL, BIN_LITERAL, HEX_LITERAL, IDENT, INT_LITERAL, FLOAT_LITERAL, DOUBLE_LITERAL, REAL_LITERAL}
line 155:27 extraneous input '(' expecting {'\lemma', '}', IDENT, '/*!'}
line 155:35 mismatched input '=' expecting {'(', '{'}
line 157:38 mismatched input '}' expecting {'(', '{'}
line 163:14 mismatched input '\ifExintVar' expecting {MODALITY, FORALL, EXISTS, '\if', '\ifEx', 'true', 'false', '(', '{', '@', NOT, SEQARROW, '-', STRING_LITERAL, CHAR_LITERAL, BIN_LITERAL, HEX_LITERAL, IDENT, INT_LITERAL, FLOAT_LITERAL, DOUBLE_LITERAL, REAL_LITERAL}
line 163:27 extraneous input '(' expecting {'\lemma', '}', IDENT, '/*!'}
line 163:30 mismatched input '=' expecting {'(', '{'}
line 165:38 mismatched input '}' expecting {'(', '{'}
line 171:14 mismatched input '\ifExintVar' expecting {MODALITY, FORALL, EXISTS, '\if', '\ifEx', 'true', 'false', '(', '{', '@', NOT, SEQARROW, '-', STRING_LITERAL, CHAR_LITERAL, BIN_LITERAL, HEX_LITERAL, IDENT, INT_LITERAL, FLOAT_LITERAL, DOUBLE_LITERAL, REAL_LITERAL}
line 171:27 extraneous input '(' expecting {'\lemma', '}', IDENT, '/*!'}
line 171:30 mismatched input '=' expecting {'(', '{'}
line 173:38 mismatched input '}' expecting {'(', '{'}
line 179:14 mismatched input '\ifExintVar' expecting {MODALITY, FORALL, EXISTS, '\if', '\ifEx', 'true', 'false', '(', '{', '@', NOT, SEQARROW, '-', STRING_LITERAL, CHAR_LITERAL, BIN_LITERAL, HEX_LITERAL, IDENT, INT_LITERAL, FLOAT_LITERAL, DOUBLE_LITERAL, REAL_LITERAL}
line 179:27 extraneous input '(' expecting {'\lemma', '}', IDENT, '/*!'}
line 179:32 mismatched input '&' expecting {'(', '{'}
line 181:42 mismatched input '}' expecting {'(', '{'}
line 182:39 mismatched input '}' expecting {'(', '{'}
line 188:14 mismatched input '\ifExintVar' expecting {MODALITY, FORALL, EXISTS, '\if', '\ifEx', 'true', 'false', '(', '{', '@', NOT, SEQARROW, '-', STRING_LITERAL, CHAR_LITERAL, BIN_LITERAL, HEX_LITERAL, IDENT, INT_LITERAL, FLOAT_LITERAL, DOUBLE_LITERAL, REAL_LITERAL}
line 188:27 extraneous input '(' expecting {'\lemma', '}', IDENT, '/*!'}
line 188:32 mismatched input '&' expecting {'(', '{'}
line 190:42 mismatched input '}' expecting {'(', '{'}
line 191:39 mismatched input '}' expecting {'(', '{'}
line 198:14 mismatched input '\ifExintVar' expecting {MODALITY, FORALL, EXISTS, '\if', '\ifEx', 'true', 'false', '(', '{', '@', NOT, SEQARROW, '-', STRING_LITERAL, CHAR_LITERAL, BIN_LITERAL, HEX_LITERAL, IDENT, INT_LITERAL, FLOAT_LITERAL, DOUBLE_LITERAL, REAL_LITERAL}
line 198:27 extraneous input '(' expecting {'\lemma', '}', IDENT, '/*!'}
line 198:32 mismatched input '&' expecting {'(', '{'}
line 200:42 mismatched input '}' expecting {'(', '{'}
line 201:39 mismatched input '}' expecting {'(', '{'}
line 208:14 mismatched input '\ifExintVar' expecting {MODALITY, FORALL, EXISTS, '\if', '\ifEx', 'true', 'false', '(', '{', '@', NOT, SEQARROW, '-', STRING_LITERAL, CHAR_LITERAL, BIN_LITERAL, HEX_LITERAL, IDENT, INT_LITERAL, FLOAT_LITERAL, DOUBLE_LITERAL, REAL_LITERAL}
line 208:27 extraneous input '(' expecting {'\lemma', '}', IDENT, '/*!'}
line 208:32 mismatched input '&' expecting {'(', '{'}
line 210:42 mismatched input '}' expecting {'(', '{'}
line 211:39 mismatched input '}' expecting {'(', '{'}
line 218:14 mismatched input '\ifExintVar' expecting {MODALITY, FORALL, EXISTS, '\if', '\ifEx', 'true', 'false', '(', '{', '@', NOT, SEQARROW, '-', STRING_LITERAL, CHAR_LITERAL, BIN_LITERAL, HEX_LITERAL, IDENT, INT_LITERAL, FLOAT_LITERAL, DOUBLE_LITERAL, REAL_LITERAL}
line 218:27 extraneous input '(' expecting {'\lemma', '}', IDENT, '/*!'}
line 218:31 mismatched input ')' expecting {'(', '{'}
line 220:44 mismatched input ')' expecting {'(', '{'}
line 225:14 mismatched input '\ifExintVar' expecting {MODALITY, FORALL, EXISTS, '\if', '\ifEx', 'true', 'false', '(', '{', '@', NOT, SEQARROW, '-', STRING_LITERAL, CHAR_LITERAL, BIN_LITERAL, HEX_LITERAL, IDENT, INT_LITERAL, FLOAT_LITERAL, DOUBLE_LITERAL, REAL_LITERAL}
line 225:27 extraneous input '(' expecting {'\lemma', '}', IDENT, '/*!'}
line 225:31 mismatched input ')' expecting {'(', '{'}
line 227:44 mismatched input ')' expecting {'(', '{'}
line 233:14 mismatched input '\ifExintVar' expecting {MODALITY, FORALL, EXISTS, '\if', '\ifEx', 'true', 'false', '(', '{', '@', NOT, SEQARROW, '-', STRING_LITERAL, CHAR_LITERAL, BIN_LITERAL, HEX_LITERAL, IDENT, INT_LITERAL, FLOAT_LITERAL, DOUBLE_LITERAL, REAL_LITERAL}
line 233:27 extraneous input '(' expecting {'\lemma', '}', IDENT, '/*!'}
line 233:31 mismatched input ')' expecting {'(', '{'}
line 237:42 mismatched input '}' expecting {'(', '{'}
line 238:34 mismatched input '}' expecting {'(', '{'}
line 239:28 extraneous input '(' expecting {'\lemma', '}', IDENT, '/*!'}
line 239:33 mismatched input '->' expecting {'(', '{'}
line 240:8 extraneous input '\replacewith' expecting {'\lemma', '}', IDENT, '/*!'}
line 240:25 mismatched input ')' expecting {'(', '{'}
line 240:56 mismatched input ')' expecting {'(', '{'}
line 245:14 mismatched input '\ifExintVar' expecting {MODALITY, FORALL, EXISTS, '\if', '\ifEx', 'true', 'false', '(', '{', '@', NOT, SEQARROW, '-', STRING_LITERAL, CHAR_LITERAL, BIN_LITERAL, HEX_LITERAL, IDENT, INT_LITERAL, FLOAT_LITERAL, DOUBLE_LITERAL, REAL_LITERAL}
line 245:27 extraneous input '(' expecting {'\lemma', '}', IDENT, '/*!'}
line 245:31 mismatched input ')' expecting {'(', '{'}
line 248:45 mismatched input '}' expecting {'(', '{'}
line 249:8 extraneous input '\replacewith' expecting {'\lemma', '}', IDENT, '/*!'}
line 249:38 mismatched input ')' expecting {'(', '{'}
line 250:42 mismatched input '}' expecting {'(', '{'}
line 251:28 extraneous input '(' expecting {'\lemma', '}', IDENT, '/*!'}
line 251:33 mismatched input '->' expecting {'(', '{'}
line 255:14 mismatched input '\ifExintVar' expecting {MODALITY, FORALL, EXISTS, '\if', '\ifEx', 'true', 'false', '(', '{', '@', NOT, SEQARROW, '-', STRING_LITERAL, CHAR_LITERAL, BIN_LITERAL, HEX_LITERAL, IDENT, INT_LITERAL, FLOAT_LITERAL, DOUBLE_LITERAL, REAL_LITERAL}
line 255:27 extraneous input '(' expecting {'\lemma', '}', IDENT, '/*!'}
line 255:31 mismatched input ')' expecting {'(', '{'}
line 258:52 extraneous input '0' expecting {'\lemma', '}', IDENT, '/*!'}
line 258:54 mismatched input 'then' expecting {<EOF>, '\problem', '\chooseContract', '\proofObligation', '\proof'}

	at de.uka.ilkd.key.proof.io.KeYFile.readIncludes(KeYFile.java:210)
Caused by: de.uka.ilkd.key.util.parsing.SyntaxErrorReporter$ParserException: line 135:14 mismatched input '\ifExintVar' expecting {MODALITY, FORALL, EXISTS, '\if', '\ifEx', 'true', 'false', '(', '{', '@', NOT, SEQARROW, '-', STRING_LITERAL, CHAR_LITERAL, BIN_LITERAL, HEX_LITERAL, IDENT, INT_LITERAL, FLOAT_LITERAL, DOUBLE_LITERAL, REAL_LITERAL}
line 135:27 extraneous input '(' expecting {'\lemma', '}', IDENT, '/*!'}
line 135:44 mismatched input ')' expecting {'(', '{'}
line 141:14 mismatched input '\ifExintVar' expecting {MODALITY, FORALL, EXISTS, '\if', '\ifEx', 'true', 'false', '(', '{', '@', NOT, SEQARROW, '-', STRING_LITERAL, CHAR_LITERAL, BIN_LITERAL, HEX_LITERAL, IDENT, INT_LITERAL, FLOAT_LITERAL, DOUBLE_LITERAL, REAL_LITERAL}
line 141:27 extraneous input '(' expecting {'\lemma', '}', IDENT, '/*!'}
line 141:41 mismatched input ')' expecting {'(', '{'}
line 148:14 mismatched input '\ifExintVar' expecting {MODALITY, FORALL, EXISTS, '\if', '\ifEx', 'true', 'false', '(', '{', '@', NOT, SEQARROW, '-', STRING_LITERAL, CHAR_LITERAL, BIN_LITERAL, HEX_LITERAL, IDENT, INT_LITERAL, FLOAT_LITERAL, DOUBLE_LITERAL, REAL_LITERAL}
line 148:27 extraneous input '(' expecting {'\lemma', '}', IDENT, '/*!'}
line 148:35 mismatched input '=' expecting {'(', '{'}
line 150:38 mismatched input '}' expecting {'(', '{'}
line 155:14 mismatched input '\ifExintVar' expecting {MODALITY, FORALL, EXISTS, '\if', '\ifEx', 'true', 'false', '(', '{', '@', NOT, SEQARROW, '-', STRING_LITERAL, CHAR_LITERAL, BIN_LITERAL, HEX_LITERAL, IDENT, INT_LITERAL, FLOAT_LITERAL, DOUBLE_LITERAL, REAL_LITERAL}
line 155:27 extraneous input '(' expecting {'\lemma', '}', IDENT, '/*!'}
line 155:35 mismatched input '=' expecting {'(', '{'}
line 157:38 mismatched input '}' expecting {'(', '{'}
line 163:14 mismatched input '\ifExintVar' expecting {MODALITY, FORALL, EXISTS, '\if', '\ifEx', 'true', 'false', '(', '{', '@', NOT, SEQARROW, '-', STRING_LITERAL, CHAR_LITERAL, BIN_LITERAL, HEX_LITERAL, IDENT, INT_LITERAL, FLOAT_LITERAL, DOUBLE_LITERAL, REAL_LITERAL}
line 163:27 extraneous input '(' expecting {'\lemma', '}', IDENT, '/*!'}
line 163:30 mismatched input '=' expecting {'(', '{'}
line 165:38 mismatched input '}' expecting {'(', '{'}
line 171:14 mismatched input '\ifExintVar' expecting {MODALITY, FORALL, EXISTS, '\if', '\ifEx', 'true', 'false', '(', '{', '@', NOT, SEQARROW, '-', STRING_LITERAL, CHAR_LITERAL, BIN_LITERAL, HEX_LITERAL, IDENT, INT_LITERAL, FLOAT_LITERAL, DOUBLE_LITERAL, REAL_LITERAL}
line 171:27 extraneous input '(' expecting {'\lemma', '}', IDENT, '/*!'}
line 171:30 mismatched input '=' expecting {'(', '{'}
line 173:38 mismatched input '}' expecting {'(', '{'}
line 179:14 mismatched input '\ifExintVar' expecting {MODALITY, FORALL, EXISTS, '\if', '\ifEx', 'true', 'false', '(', '{', '@', NOT, SEQARROW, '-', STRING_LITERAL, CHAR_LITERAL, BIN_LITERAL, HEX_LITERAL, IDENT, INT_LITERAL, FLOAT_LITERAL, DOUBLE_LITERAL, REAL_LITERAL}
line 179:27 extraneous input '(' expecting {'\lemma', '}', IDENT, '/*!'}
line 179:32 mismatched input '&' expecting {'(', '{'}
line 181:42 mismatched input '}' expecting {'(', '{'}
line 182:39 mismatched input '}' expecting {'(', '{'}
line 188:14 mismatched input '\ifExintVar' expecting {MODALITY, FORALL, EXISTS, '\if', '\ifEx', 'true', 'false', '(', '{', '@', NOT, SEQARROW, '-', STRING_LITERAL, CHAR_LITERAL, BIN_LITERAL, HEX_LITERAL, IDENT, INT_LITERAL, FLOAT_LITERAL, DOUBLE_LITERAL, REAL_LITERAL}
line 188:27 extraneous input '(' expecting {'\lemma', '}', IDENT, '/*!'}
line 188:32 mismatched input '&' expecting {'(', '{'}
line 190:42 mismatched input '}' expecting {'(', '{'}
line 191:39 mismatched input '}' expecting {'(', '{'}
line 198:14 mismatched input '\ifExintVar' expecting {MODALITY, FORALL, EXISTS, '\if', '\ifEx', 'true', 'false', '(', '{', '@', NOT, SEQARROW, '-', STRING_LITERAL, CHAR_LITERAL, BIN_LITERAL, HEX_LITERAL, IDENT, INT_LITERAL, FLOAT_LITERAL, DOUBLE_LITERAL, REAL_LITERAL}
line 198:27 extraneous input '(' expecting {'\lemma', '}', IDENT, '/*!'}
line 198:32 mismatched input '&' expecting {'(', '{'}
line 200:42 mismatched input '}' expecting {'(', '{'}
line 201:39 mismatched input '}' expecting {'(', '{'}
line 208:14 mismatched input '\ifExintVar' expecting {MODALITY, FORALL, EXISTS, '\if', '\ifEx', 'true', 'false', '(', '{', '@', NOT, SEQARROW, '-', STRING_LITERAL, CHAR_LITERAL, BIN_LITERAL, HEX_LITERAL, IDENT, INT_LITERAL, FLOAT_LITERAL, DOUBLE_LITERAL, REAL_LITERAL}
line 208:27 extraneous input '(' expecting {'\lemma', '}', IDENT, '/*!'}
line 208:32 mismatched input '&' expecting {'(', '{'}
line 210:42 mismatched input '}' expecting {'(', '{'}
line 211:39 mismatched input '}' expecting {'(', '{'}
line 218:14 mismatched input '\ifExintVar' expecting {MODALITY, FORALL, EXISTS, '\if', '\ifEx', 'true', 'false', '(', '{', '@', NOT, SEQARROW, '-', STRING_LITERAL, CHAR_LITERAL, BIN_LITERAL, HEX_LITERAL, IDENT, INT_LITERAL, FLOAT_LITERAL, DOUBLE_LITERAL, REAL_LITERAL}
line 218:27 extraneous input '(' expecting {'\lemma', '}', IDENT, '/*!'}
line 218:31 mismatched input ')' expecting {'(', '{'}
line 220:44 mismatched input ')' expecting {'(', '{'}
line 225:14 mismatched input '\ifExintVar' expecting {MODALITY, FORALL, EXISTS, '\if', '\ifEx', 'true', 'false', '(', '{', '@', NOT, SEQARROW, '-', STRING_LITERAL, CHAR_LITERAL, BIN_LITERAL, HEX_LITERAL, IDENT, INT_LITERAL, FLOAT_LITERAL, DOUBLE_LITERAL, REAL_LITERAL}
line 225:27 extraneous input '(' expecting {'\lemma', '}', IDENT, '/*!'}
line 225:31 mismatched input ')' expecting {'(', '{'}
line 227:44 mismatched input ')' expecting {'(', '{'}
line 233:14 mismatched input '\ifExintVar' expecting {MODALITY, FORALL, EXISTS, '\if', '\ifEx', 'true', 'false', '(', '{', '@', NOT, SEQARROW, '-', STRING_LITERAL, CHAR_LITERAL, BIN_LITERAL, HEX_LITERAL, IDENT, INT_LITERAL, FLOAT_LITERAL, DOUBLE_LITERAL, REAL_LITERAL}
line 233:27 extraneous input '(' expecting {'\lemma', '}', IDENT, '/*!'}
line 233:31 mismatched input ')' expecting {'(', '{'}
line 237:42 mismatched input '}' expecting {'(', '{'}
line 238:34 mismatched input '}' expecting {'(', '{'}
line 239:28 extraneous input '(' expecting {'\lemma', '}', IDENT, '/*!'}
line 239:33 mismatched input '->' expecting {'(', '{'}
line 240:8 extraneous input '\replacewith' expecting {'\lemma', '}', IDENT, '/*!'}
line 240:25 mismatched input ')' expecting {'(', '{'}
line 240:56 mismatched input ')' expecting {'(', '{'}
line 245:14 mismatched input '\ifExintVar' expecting {MODALITY, FORALL, EXISTS, '\if', '\ifEx', 'true', 'false', '(', '{', '@', NOT, SEQARROW, '-', STRING_LITERAL, CHAR_LITERAL, BIN_LITERAL, HEX_LITERAL, IDENT, INT_LITERAL, FLOAT_LITERAL, DOUBLE_LITERAL, REAL_LITERAL}
line 245:27 extraneous input '(' expecting {'\lemma', '}', IDENT, '/*!'}
line 245:31 mismatched input ')' expecting {'(', '{'}
line 248:45 mismatched input '}' expecting {'(', '{'}
line 249:8 extraneous input '\replacewith' expecting {'\lemma', '}', IDENT, '/*!'}
line 249:38 mismatched input ')' expecting {'(', '{'}
line 250:42 mismatched input '}' expecting {'(', '{'}
line 251:28 extraneous input '(' expecting {'\lemma', '}', IDENT, '/*!'}
line 251:33 mismatched input '->' expecting {'(', '{'}
line 255:14 mismatched input '\ifExintVar' expecting {MODALITY, FORALL, EXISTS, '\if', '\ifEx', 'true', 'false', '(', '{', '@', NOT, SEQARROW, '-', STRING_LITERAL, CHAR_LITERAL, BIN_LITERAL, HEX_LITERAL, IDENT, INT_LITERAL, FLOAT_LITERAL, DOUBLE_LITERAL, REAL_LITERAL}
line 255:27 extraneous input '(' expecting {'\lemma', '}', IDENT, '/*!'}
line 255:31 mismatched input ')' expecting {'(', '{'}
line 258:52 extraneous input '0' expecting {'\lemma', '}', IDENT, '/*!'}
line 258:54 mismatched input 'then' expecting {<EOF>, '\problem', '\chooseContract', '\proofObligation', '\proof'}

	at de.uka.ilkd.key.util.parsing.SyntaxErrorReporter.throwException(SyntaxErrorReporter.java:89)

300912     WARN  Test worker     d.u.i.k.n.KeYParser       [syntax-error] file:/home/runner/work/key/key/key.core/build/resources/main/de/uka/ilkd/key/proof/rules/ifThenElseRules.key:135:14: mismatched input '\ifExintVar' expecting {MODALITY, FORALL, EXISTS, '\if', '\ifEx', 'true', 'false', '(', '{', '@', NOT, SEQARROW, '-', STRING_LITERAL, CHAR_LITERAL, BIN_LITERAL, HEX_LITERAL, IDENT, INT_LITERAL, FLOAT_LITERAL, DOUBLE_LITERAL, REAL_LITERAL} [@745,3563:3573='\ifExintVar',<188>,135:14] (termorseq, taclet, rulesOrAxioms, decls, file) 
300912     WARN  Test worker     d.u.i.k.n.KeYParser       [syntax-error] file:/home/runner/work/key/key/key.core/build/resources/main/de/uka/ilkd/key/proof/rules/ifThenElseRules.key:135:27: extraneous input '(' expecting {'\lemma', '}', IDENT, '/*!'} [@748,3576:3576='(',<146>,135:27] (rulesOrAxioms, decls, file) 
300912     WARN  Test worker     d.u.i.k.n.KeYParser       [syntax-error] file:/home/runner/work/key/key/key.core/build/resources/main/de/uka/ilkd/key/proof/rules/ifThenElseRules.key:135:44: mismatched input ')' expecting {'(', '{'} [@754,3593:3593=')',<147>,135:44] (taclet, rulesOrAxioms, decls, file) 
300913     WARN  Test worker     d.u.i.k.n.KeYParser       [syntax-error] file:/home/runner/work/key/key/key.core/build/resources/main/de/uka/ilkd/key/proof/rules/ifThenElseRules.key:141:14: mismatched input '\ifExintVar' expecting {MODALITY, FORALL, EXISTS, '\if', '\ifEx', 'true', 'false', '(', '{', '@', NOT, SEQARROW, '-', STRING_LITERAL, CHAR_LITERAL, BIN_LITERAL, HEX_LITERAL, IDENT, INT_LITERAL, FLOAT_LITERAL, DOUBLE_LITERAL, REAL_LITERAL} [@780,3716:3726='\ifExintVar',<188>,141:14] (termorseq, taclet, rulesOrAxioms, decls, file) 
300913     WARN  Test worker     d.u.i.k.n.KeYParser       [syntax-error] file:/home/runner/work/key/key/key.core/build/resources/main/de/uka/ilkd/key/proof/rules/ifThenElseRules.key:141:27: extraneous input '(' expecting {'\lemma', '}', IDENT, '/*!'} [@783,3729:3729='(',<146>,141:27] (rulesOrAxioms, decls, file) 
300913     WARN  Test worker     d.u.i.k.n.KeYParser       [syntax-error] file:/home/runner/work/key/key/key.core/build/resources/main/de/uka/ilkd/key/proof/rules/ifThenElseRules.key:141:41: mismatched input ')' expecting {'(', '{'} [@789,3743:3743=')',<147>,141:41] (taclet, rulesOrAxioms, decls, file) 
300913     WARN  Test worker     d.u.i.k.n.KeYParser       [syntax-error] file:/home/runner/work/key/key/key.core/build/resources/main/de/uka/ilkd/key/proof/rules/ifThenElseRules.key:148:14: mismatched input '\ifExintVar' expecting {MODALITY, FORALL, EXISTS, '\if', '\ifEx', 'true', 'false', '(', '{', '@', NOT, SEQARROW, '-', STRING_LITERAL, CHAR_LITERAL, BIN_LITERAL, HEX_LITERAL, IDENT, INT_LITERAL, FLOAT_LITERAL, DOUBLE_LITERAL, REAL_LITERAL} [@819,3896:3906='\ifExintVar',<188>,148:14] (termorseq, taclet, rulesOrAxioms, decls, file) 
300913     WARN  Test worker     d.u.i.k.n.KeYParser       [syntax-error] file:/home/runner/work/key/key/key.core/build/resources/main/de/uka/ilkd/key/proof/rules/ifThenElseRules.key:148:27: extraneous input '(' expecting {'\lemma', '}', IDENT, '/*!'} [@822,3909:3909='(',<146>,148:27] (rulesOrAxioms, decls, file) 
300913     WARN  Test worker     d.u.i.k.n.KeYParser       [syntax-error] file:/home/runner/work/key/key/key.core/build/resources/main/de/uka/ilkd/key/proof/rules/ifThenElseRules.key:148:35: mismatched input '=' expecting {'(', '{'} [@825,3917:3917='=',<159>,148:35] (taclet, rulesOrAxioms, decls, file) 
300914     WARN  Test worker     d.u.i.k.n.KeYParser       [syntax-error] file:/home/runner/work/key/key/key.core/build/resources/main/de/uka/ilkd/key/proof/rules/ifThenElseRules.key:150:38: mismatched input '}' expecting {'(', '{'} [@859,4023:4023='}',<149>,150:38] (taclet, rulesOrAxioms, decls, file) 
300914     WARN  Test worker     d.u.i.k.n.KeYParser       [syntax-error] file:/home/runner/work/key/key/key.core/build/resources/main/de/uka/ilkd/key/proof/rules/ifThenElseRules.key:155:14: mismatched input '\ifExintVar' expecting {MODALITY, FORALL, EXISTS, '\if', '\ifEx', 'true', 'false', '(', '{', '@', NOT, SEQARROW, '-', STRING_LITERAL, CHAR_LITERAL, BIN_LITERAL, HEX_LITERAL, IDENT, INT_LITERAL, FLOAT_LITERAL, DOUBLE_LITERAL, REAL_LITERAL} [@877,4109:4119='\ifExintVar',<188>,155:14] (termorseq, taclet, rulesOrAxioms, decls, file) 
300914     WARN  Test worker     d.u.i.k.n.KeYParser       [syntax-error] file:/home/runner/work/key/key/key.core/build/resources/main/de/uka/ilkd/key/proof/rules/ifThenElseRules.key:155:27: extraneous input '(' expecting {'\lemma', '}', IDENT, '/*!'} [@880,4122:4122='(',<146>,155:27] (rulesOrAxioms, decls, file) 
300914     WARN  Test worker     d.u.i.k.n.KeYParser       [syntax-error] file:/home/runner/work/key/key/key.core/build/resources/main/de/uka/ilkd/key/proof/rules/ifThenElseRules.key:155:35: mismatched input '=' expecting {'(', '{'} [@883,4130:4130='=',<159>,155:35] (taclet, rulesOrAxioms, decls, file) 
300915     WARN  Test worker     d.u.i.k.n.KeYParser       [syntax-error] file:/home/runner/work/key/key/key.core/build/resources/main/de/uka/ilkd/key/proof/rules/ifThenElseRules.key:157:38: mismatched input '}' expecting {'(', '{'} [@917,4230:4230='}',<149>,157:38] (taclet, rulesOrAxioms, decls, file) 
300915     WARN  Test worker     d.u.i.k.n.KeYParser       [syntax-error] file:/home/runner/work/key/key/key.core/build/resources/main/de/uka/ilkd/key/proof/rules/ifThenElseRules.key:163:14: mismatched input '\ifExintVar' expecting {MODALITY, FORALL, EXISTS, '\if', '\ifEx', 'true', 'false', '(', '{', '@', NOT, SEQARROW, '-', STRING_LITERAL, CHAR_LITERAL, BIN_LITERAL, HEX_LITERAL, IDENT, INT_LITERAL, FLOAT_LITERAL, DOUBLE_LITERAL, REAL_LITERAL} [@939,4350:4360='\ifExintVar',<188>,163:14] (termorseq, taclet, rulesOrAxioms, decls, file) 
300915     WARN  Test worker     d.u.i.k.n.KeYParser       [syntax-error] file:/home/runner/work/key/key/key.core/build/resources/main/de/uka/ilkd/key/proof/rules/ifThenElseRules.key:163:27: extraneous input '(' expecting {'\lemma', '}', IDENT, '/*!'} [@942,4363:4363='(',<146>,163:27] (rulesOrAxioms, decls, file) 
300915     WARN  Test worker     d.u.i.k.n.KeYParser       [syntax-error] file:/home/runner/work/key/key/key.core/build/resources/main/de/uka/ilkd/key/proof/rules/ifThenElseRules.key:163:30: mismatched input '=' expecting {'(', '{'} [@945,4366:4366='=',<159>,163:30] (taclet, rulesOrAxioms, decls, file) 
300915     WARN  Test worker     d.u.i.k.n.KeYParser       [syntax-error] file:/home/runner/work/key/key/key.core/build/resources/main/de/uka/ilkd/key/proof/rules/ifThenElseRules.key:165:38: mismatched input '}' expecting {'(', '{'} [@979,4477:4477='}',<149>,165:38] (taclet, rulesOrAxioms, decls, file) 
300935     WARN  Test worker     d.u.i.k.n.KeYParser       [syntax-error] file:/home/runner/work/key/key/key.core/build/resources/main/de/uka/ilkd/key/proof/rules/ifThenElseRules.key:171:14: mismatched input '\ifExintVar' expecting {MODALITY, FORALL, EXISTS, '\if', '\ifEx', 'true', 'false', '(', '{', '@', NOT, SEQARROW, '-', STRING_LITERAL, CHAR_LITERAL, BIN_LITERAL, HEX_LITERAL, IDENT, INT_LITERAL, FLOAT_LITERAL, DOUBLE_LITERAL, REAL_LITERAL} [@1001,4604:4614='\ifExintVar',<188>,171:14] (termorseq, taclet, rulesOrAxioms, decls, file) 
300935     WARN  Test worker     d.u.i.k.n.KeYParser       [syntax-error] file:/home/runner/work/key/key/key.core/build/resources/main/de/uka/ilkd/key/proof/rules/ifThenElseRules.key:171:27: extraneous input '(' expecting {'\lemma', '}', IDENT, '/*!'} [@1004,4617:4617='(',<146>,171:27] (rulesOrAxioms, decls, file) 
300935     WARN  Test worker     d.u.i.k.n.KeYParser       [syntax-error] file:/home/runner/work/key/key/key.core/build/resources/main/de/uka/ilkd/key/proof/rules/ifThenElseRules.key:171:30: mismatched input '=' expecting {'(', '{'} [@1007,4620:4620='=',<159>,171:30] (taclet, rulesOrAxioms, decls, file) 
300935     WARN  Test worker     d.u.i.k.n.KeYParser       [syntax-error] file:/home/runner/work/key/key/key.core/build/resources/main/de/uka/ilkd/key/proof/rules/ifThenElseRules.key:173:38: mismatched input '}' expecting {'(', '{'} [@1041,4725:4725='}',<149>,173:38] (taclet, rulesOrAxioms, decls, file) 
300935     WARN  Test worker     d.u.i.k.n.KeYParser       [syntax-error] file:/home/runner/work/key/key/key.core/build/resources/main/de/uka/ilkd/key/proof/rules/ifThenElseRules.key:179:14: mismatched input '\ifExintVar' expecting {MODALITY, FORALL, EXISTS, '\if', '\ifEx', 'true', 'false', '(', '{', '@', NOT, SEQARROW, '-', STRING_LITERAL, CHAR_LITERAL, BIN_LITERAL, HEX_LITERAL, IDENT, INT_LITERAL, FLOAT_LITERAL, DOUBLE_LITERAL, REAL_LITERAL} [@1063,4848:4858='\ifExintVar',<188>,179:14] (termorseq, taclet, rulesOrAxioms, decls, file) 
300936     WARN  Test worker     d.u.i.k.n.KeYParser       [syntax-error] file:/home/runner/work/key/key/key.core/build/resources/main/de/uka/ilkd/key/proof/rules/ifThenElseRules.key:179:27: extraneous input '(' expecting {'\lemma', '}', IDENT, '/*!'} [@1066,4861:4861='(',<146>,179:27] (rulesOrAxioms, decls, file) 
300936     WARN  Test worker     d.u.i.k.n.KeYParser       [syntax-error] file:/home/runner/work/key/key/key.core/build/resources/main/de/uka/ilkd/key/proof/rules/ifThenElseRules.key:179:32: mismatched input '&' expecting {'(', '{'} [@1069,4866:4866='&',<156>,179:32] (taclet, rulesOrAxioms, decls, file) 
300936     WARN  Test worker     d.u.i.k.n.KeYParser       [syntax-error] file:/home/runner/work/key/key/key.core/build/resources/main/de/uka/ilkd/key/proof/rules/ifThenElseRules.key:181:42: mismatched input '}' expecting {'(', '{'} [@1109,4985:4985='}',<149>,181:42] (taclet, rulesOrAxioms, decls, file) 
300936     WARN  Test worker     d.u.i.k.n.KeYParser       [syntax-error] file:/home/runner/work/key/key/key.core/build/resources/main/de/uka/ilkd/key/proof/rules/ifThenElseRules.key:182:39: mismatched input '}' expecting {'(', '{'} [@1122,5030:5030='}',<149>,182:39] (taclet, rulesOrAxioms, decls, file) 
300936     WARN  Test worker     d.u.i.k.n.KeYParser       [syntax-error] file:/home/runner/work/key/key/key.core/build/resources/main/de/uka/ilkd/key/proof/rules/ifThenElseRules.key:188:14: mismatched input '\ifExintVar' expecting {MODALITY, FORALL, EXISTS, '\if', '\ifEx', 'true', 'false', '(', '{', '@', NOT, SEQARROW, '-', STRING_LITERAL, CHAR_LITERAL, BIN_LITERAL, HEX_LITERAL, IDENT, INT_LITERAL, FLOAT_LITERAL, DOUBLE_LITERAL, REAL_LITERAL} [@1146,5149:5159='\ifExintVar',<188>,188:14] (termorseq, taclet, rulesOrAxioms, decls, file) 
300936     WARN  Test worker     d.u.i.k.n.KeYParser       [syntax-error] file:/home/runner/work/key/key/key.core/build/resources/main/de/uka/ilkd/key/proof/rules/ifThenElseRules.key:188:27: extraneous input '(' expecting {'\lemma', '}', IDENT, '/*!'} [@1149,5162:5162='(',<146>,188:27] (rulesOrAxioms, decls, file) 
300936     WARN  Test worker     d.u.i.k.n.KeYParser       [syntax-error] file:/home/runner/work/key/key/key.core/build/resources/main/de/uka/ilkd/key/proof/rules/ifThenElseRules.key:188:32: mismatched input '&' expecting {'(', '{'} [@1152,5167:5167='&',<156>,188:32] (taclet, rulesOrAxioms, decls, file) 
300937     WARN  Test worker     d.u.i.k.n.KeYParser       [syntax-error] file:/home/runner/work/key/key/key.core/build/resources/main/de/uka/ilkd/key/proof/rules/ifThenElseRules.key:190:42: mismatched input '}' expecting {'(', '{'} [@1192,5280:5280='}',<149>,190:42] (taclet, rulesOrAxioms, decls, file) 
300937     WARN  Test worker     d.u.i.k.n.KeYParser       [syntax-error] file:/home/runner/work/key/key/key.core/build/resources/main/de/uka/ilkd/key/proof/rules/ifThenElseRules.key:191:39: mismatched input '}' expecting {'(', '{'} [@1205,5325:5325='}',<149>,191:39] (taclet, rulesOrAxioms, decls, file) 
300937     WARN  Test worker     d.u.i.k.n.KeYParser       [syntax-error] file:/home/runner/work/key/key/key.core/build/resources/main/de/uka/ilkd/key/proof/rules/ifThenElseRules.key:198:14: mismatched input '\ifExintVar' expecting {MODALITY, FORALL, EXISTS, '\if', '\ifEx', 'true', 'false', '(', '{', '@', NOT, SEQARROW, '-', STRING_LITERAL, CHAR_LITERAL, BIN_LITERAL, HEX_LITERAL, IDENT, INT_LITERAL, FLOAT_LITERAL, DOUBLE_LITERAL, REAL_LITERAL} [@1233,5475:5485='\ifExintVar',<188>,198:14] (termorseq, taclet, rulesOrAxioms, decls, file) 
300937     WARN  Test worker     d.u.i.k.n.KeYParser       [syntax-error] file:/home/runner/work/key/key/key.core/build/resources/main/de/uka/ilkd/key/proof/rules/ifThenElseRules.key:198:27: extraneous input '(' expecting {'\lemma', '}', IDENT, '/*!'} [@1236,5488:5488='(',<146>,198:27] (rulesOrAxioms, decls, file) 
300937     WARN  Test worker     d.u.i.k.n.KeYParser       [syntax-error] file:/home/runner/work/key/key/key.core/build/resources/main/de/uka/ilkd/key/proof/rules/ifThenElseRules.key:198:32: mismatched input '&' expecting {'(', '{'} [@1239,5493:5493='&',<156>,198:32] (taclet, rulesOrAxioms, decls, file) 
300937     WARN  Test worker     d.u.i.k.n.KeYParser       [syntax-error] file:/home/runner/work/key/key/key.core/build/resources/main/de/uka/ilkd/key/proof/rules/ifThenElseRules.key:200:42: mismatched input '}' expecting {'(', '{'} [@1279,5612:5612='}',<149>,200:42] (taclet, rulesOrAxioms, decls, file) 
300937     WARN  Test worker     d.u.i.k.n.KeYParser       [syntax-error] file:/home/runner/work/key/key/key.core/build/resources/main/de/uka/ilkd/key/proof/rules/ifThenElseRules.key:201:39: mismatched input '}' expecting {'(', '{'} [@1292,5657:5657='}',<149>,201:39] (taclet, rulesOrAxioms, decls, file) 
300937     WARN  Test worker     d.u.i.k.n.KeYParser       [syntax-error] file:/home/runner/work/key/key/key.core/build/resources/main/de/uka/ilkd/key/proof/rules/ifThenElseRules.key:208:14: mismatched input '\ifExintVar' expecting {MODALITY, FORALL, EXISTS, '\if', '\ifEx', 'true', 'false', '(', '{', '@', NOT, SEQARROW, '-', STRING_LITERAL, CHAR_LITERAL, BIN_LITERAL, HEX_LITERAL, IDENT, INT_LITERAL, FLOAT_LITERAL, DOUBLE_LITERAL, REAL_LITERAL} [@1320,5817:5827='\ifExintVar',<188>,208:14] (termorseq, taclet, rulesOrAxioms, decls, file) 
300938     WARN  Test worker     d.u.i.k.n.KeYParser       [syntax-error] file:/home/runner/work/key/key/key.core/build/resources/main/de/uka/ilkd/key/proof/rules/ifThenElseRules.key:208:27: extraneous input '(' expecting {'\lemma', '}', IDENT, '/*!'} [@1323,5830:5830='(',<146>,208:27] (rulesOrAxioms, decls, file) 
300938     WARN  Test worker     d.u.i.k.n.KeYParser       [syntax-error] file:/home/runner/work/key/key/key.core/build/resources/main/de/uka/ilkd/key/proof/rules/ifThenElseRules.key:208:32: mismatched input '&' expecting {'(', '{'} [@1326,5835:5835='&',<156>,208:32] (taclet, rulesOrAxioms, decls, file) 
300938     WARN  Test worker     d.u.i.k.n.KeYParser       [syntax-error] file:/home/runner/work/key/key/key.core/build/resources/main/de/uka/ilkd/key/proof/rules/ifThenElseRules.key:210:42: mismatched input '}' expecting {'(', '{'} [@1366,5948:5948='}',<149>,210:42] (taclet, rulesOrAxioms, decls, file) 
300938     WARN  Test worker     d.u.i.k.n.KeYParser       [syntax-error] file:/home/runner/work/key/key/key.core/build/resources/main/de/uka/ilkd/key/proof/rules/ifThenElseRules.key:211:39: mismatched input '}' expecting {'(', '{'} [@1379,5993:5993='}',<149>,211:39] (taclet, rulesOrAxioms, decls, file) 
300938     WARN  Test worker     d.u.i.k.n.KeYParser       [syntax-error] file:/home/runner/work/key/key/key.core/build/resources/main/de/uka/ilkd/key/proof/rules/ifThenElseRules.key:218:14: mismatched input '\ifExintVar' expecting {MODALITY, FORALL, EXISTS, '\if', '\ifEx', 'true', 'false', '(', '{', '@', NOT, SEQARROW, '-', STRING_LITERAL, CHAR_LITERAL, BIN_LITERAL, HEX_LITERAL, IDENT, INT_LITERAL, FLOAT_LITERAL, DOUBLE_LITERAL, REAL_LITERAL} [@1407,6146:6156='\ifExintVar',<188>,218:14] (termorseq, taclet, rulesOrAxioms, decls, file) 
300938     WARN  Test worker     d.u.i.k.n.KeYParser       [syntax-error] file:/home/runner/work/key/key/key.core/build/resources/main/de/uka/ilkd/key/proof/rules/ifThenElseRules.key:218:27: extraneous input '(' expecting {'\lemma', '}', IDENT, '/*!'} [@1410,6159:6159='(',<146>,218:27] (rulesOrAxioms, decls, file) 
300939     WARN  Test worker     d.u.i.k.n.KeYParser       [syntax-error] file:/home/runner/work/key/key/key.core/build/resources/main/de/uka/ilkd/key/proof/rules/ifThenElseRules.key:218:31: mismatched input ')' expecting {'(', '{'} [@1412,6163:6163=')',<147>,218:31] (taclet, rulesOrAxioms, decls, file) 
300939     WARN  Test worker     d.u.i.k.n.KeYParser       [syntax-error] file:/home/runner/work/key/key/key.core/build/resources/main/de/uka/ilkd/key/proof/rules/ifThenElseRules.key:220:44: mismatched input ')' expecting {'(', '{'} [@1444,6275:6275=')',<147>,220:44] (taclet, rulesOrAxioms, decls, file) 
300939     WARN  Test worker     d.u.i.k.n.KeYParser       [syntax-error] file:/home/runner/work/key/key/key.core/build/resources/main/de/uka/ilkd/key/proof/rules/ifThenElseRules.key:225:14: mismatched input '\ifExintVar' expecting {MODALITY, FORALL, EXISTS, '\if', '\ifEx', 'true', 'false', '(', '{', '@', NOT, SEQARROW, '-', STRING_LITERAL, CHAR_LITERAL, BIN_LITERAL, HEX_LITERAL, IDENT, INT_LITERAL, FLOAT_LITERAL, DOUBLE_LITERAL, REAL_LITERAL} [@1471,6389:6399='\ifExintVar',<188>,225:14] (termorseq, taclet, rulesOrAxioms, decls, file) 
300939     WARN  Test worker     d.u.i.k.n.KeYParser       [syntax-error] file:/home/runner/work/key/key/key.core/build/resources/main/de/uka/ilkd/key/proof/rules/ifThenElseRules.key:225:27: extraneous input '(' expecting {'\lemma', '}', IDENT, '/*!'} [@1474,6402:6402='(',<146>,225:27] (rulesOrAxioms, decls, file) 
300939     WARN  Test worker     d.u.i.k.n.KeYParser       [syntax-error] file:/home/runner/work/key/key/key.core/build/resources/main/de/uka/ilkd/key/proof/rules/ifThenElseRules.key:225:31: mismatched input ')' expecting {'(', '{'} [@1476,6406:6406=')',<147>,225:31] (taclet, rulesOrAxioms, decls, file) 
300939     WARN  Test worker     d.u.i.k.n.KeYParser       [syntax-error] file:/home/runner/work/key/key/key.core/build/resources/main/de/uka/ilkd/key/proof/rules/ifThenElseRules.key:227:44: mismatched input ')' expecting {'(', '{'} [@1508,6509:6509=')',<147>,227:44] (taclet, rulesOrAxioms, decls, file) 
300939     WARN  Test worker     d.u.i.k.n.KeYParser       [syntax-error] file:/home/runner/work/key/key/key.core/build/resources/main/de/uka/ilkd/key/proof/rules/ifThenElseRules.key:233:14: mismatched input '\ifExintVar' expecting {MODALITY, FORALL, EXISTS, '\if', '\ifEx', 'true', 'false', '(', '{', '@', NOT, SEQARROW, '-', STRING_LITERAL, CHAR_LITERAL, BIN_LITERAL, HEX_LITERAL, IDENT, INT_LITERAL, FLOAT_LITERAL, DOUBLE_LITERAL, REAL_LITERAL} [@1539,6656:6666='\ifExintVar',<188>,233:14] (termorseq, taclet, rulesOrAxioms, decls, file) 
300940     WARN  Test worker     d.u.i.k.n.KeYParser       [syntax-error] file:/home/runner/work/key/key/key.core/build/resources/main/de/uka/ilkd/key/proof/rules/ifThenElseRules.key:233:27: extraneous input '(' expecting {'\lemma', '}', IDENT, '/*!'} [@1542,6669:6669='(',<146>,233:27] (rulesOrAxioms, decls, file) 
300940     WARN  Test worker     d.u.i.k.n.KeYParser       [syntax-error] file:/home/runner/work/key/key/key.core/build/resources/main/de/uka/ilkd/key/proof/rules/ifThenElseRules.key:233:31: mismatched input ')' expecting {'(', '{'} [@1544,6673:6673=')',<147>,233:31] (taclet, rulesOrAxioms, decls, file) 
300940     WARN  Test worker     d.u.i.k.n.KeYParser       [syntax-error] file:/home/runner/work/key/key/key.core/build/resources/main/de/uka/ilkd/key/proof/rules/ifThenElseRules.key:237:42: mismatched input '}' expecting {'(', '{'} [@1586,6850:6850='}',<149>,237:42] (taclet, rulesOrAxioms, decls, file) 
300940     WARN  Test worker     d.u.i.k.n.KeYParser       [syntax-error] file:/home/runner/work/key/key/key.core/build/resources/main/de/uka/ilkd/key/proof/rules/ifThenElseRules.key:238:34: mismatched input '}' expecting {'(', '{'} [@1599,6891:6891='}',<149>,238:34] (taclet, rulesOrAxioms, decls, file) 
300940     WARN  Test worker     d.u.i.k.n.KeYParser       [syntax-error] file:/home/runner/work/key/key/key.core/build/resources/main/de/uka/ilkd/key/proof/rules/ifThenElseRules.key:239:28: extraneous input '(' expecting {'\lemma', '}', IDENT, '/*!'} [@1608,6925:6925='(',<146>,239:28] (rulesOrAxioms, decls, file) 
300940     WARN  Test worker     d.u.i.k.n.KeYParser       [syntax-error] file:/home/runner/work/key/key/key.core/build/resources/main/de/uka/ilkd/key/proof/rules/ifThenElseRules.key:239:33: mismatched input '->' expecting {'(', '{'} [@1611,6930:6931='->',<158>,239:33] (taclet, rulesOrAxioms, decls, file) 
300940     WARN  Test worker     d.u.i.k.n.KeYParser       [syntax-error] file:/home/runner/work/key/key/key.core/build/resources/main/de/uka/ilkd/key/proof/rules/ifThenElseRules.key:240:8: extraneous input '\replacewith' expecting {'\lemma', '}', IDENT, '/*!'} [@1626,6979:6990='\replacewith',<105>,240:8] (rulesOrAxioms, decls, file) 
300941     WARN  Test worker     d.u.i.k.n.KeYParser       [syntax-error] file:/home/runner/work/key/key/key.core/build/resources/main/de/uka/ilkd/key/proof/rules/ifThenElseRules.key:240:25: mismatched input ')' expecting {'(', '{'} [@1629,6996:6996=')',<147>,240:25] (taclet, rulesOrAxioms, decls, file) 
300941     WARN  Test worker     d.u.i.k.n.KeYParser       [syntax-error] file:/home/runner/work/key/key/key.core/build/resources/main/de/uka/ilkd/key/proof/rules/ifThenElseRules.key:240:56: mismatched input ')' expecting {'(', '{'} [@1642,7027:7027=')',<147>,240:56] (taclet, rulesOrAxioms, decls, file) 
300941     WARN  Test worker     d.u.i.k.n.KeYParser       [syntax-error] file:/home/runner/work/key/key/key.core/build/resources/main/de/uka/ilkd/key/proof/rules/ifThenElseRules.key:245:14: mismatched input '\ifExintVar' expecting {MODALITY, FORALL, EXISTS, '\if', '\ifEx', 'true', 'false', '(', '{', '@', NOT, SEQARROW, '-', STRING_LITERAL, CHAR_LITERAL, BIN_LITERAL, HEX_LITERAL, IDENT, INT_LITERAL, FLOAT_LITERAL, DOUBLE_LITERAL, REAL_LITERAL} [@1658,7109:7119='\ifExintVar',<188>,245:14] (termorseq, taclet, rulesOrAxioms, decls, file) 
300941     WARN  Test worker     d.u.i.k.n.KeYParser       [syntax-error] file:/home/runner/work/key/key/key.core/build/resources/main/de/uka/ilkd/key/proof/rules/ifThenElseRules.key:245:27: extraneous input '(' expecting {'\lemma', '}', IDENT, '/*!'} [@1661,7122:7122='(',<146>,245:27] (rulesOrAxioms, decls, file) 
300941     WARN  Test worker     d.u.i.k.n.KeYParser       [syntax-error] file:/home/runner/work/key/key/key.core/build/resources/main/de/uka/ilkd/key/proof/rules/ifThenElseRules.key:245:31: mismatched input ')' expecting {'(', '{'} [@1663,7126:7126=')',<147>,245:31] (taclet, rulesOrAxioms, decls, file) 
300941     WARN  Test worker     d.u.i.k.n.KeYParser       [syntax-error] file:/home/runner/work/key/key/key.core/build/resources/main/de/uka/ilkd/key/proof/rules/ifThenElseRules.key:248:45: mismatched input '}' expecting {'(', '{'} [@1696,7268:7268='}',<149>,248:45] (taclet, rulesOrAxioms, decls, file) 
300944     WARN  Test worker     d.u.i.k.n.KeYParser       [syntax-error] file:/home/runner/work/key/key/key.core/build/resources/main/de/uka/ilkd/key/proof/rules/ifThenElseRules.key:249:8: extraneous input '\replacewith' expecting {'\lemma', '}', IDENT, '/*!'} [@1701,7284:7295='\replacewith',<105>,249:8] (rulesOrAxioms, decls, file) 
300944     WARN  Test worker     d.u.i.k.n.KeYParser       [syntax-error] file:/home/runner/work/key/key/key.core/build/resources/main/de/uka/ilkd/key/proof/rules/ifThenElseRules.key:249:38: mismatched input ')' expecting {'(', '{'} [@1708,7314:7314=')',<147>,249:38] (taclet, rulesOrAxioms, decls, file) 
300945     WARN  Test worker     d.u.i.k.n.KeYParser       [syntax-error] file:/home/runner/work/key/key/key.core/build/resources/main/de/uka/ilkd/key/proof/rules/ifThenElseRules.key:250:42: mismatched input '}' expecting {'(', '{'} [@1731,7381:7381='}',<149>,250:42] (taclet, rulesOrAxioms, decls, file) 
300945     WARN  Test worker     d.u.i.k.n.KeYParser       [syntax-error] file:/home/runner/work/key/key/key.core/build/resources/main/de/uka/ilkd/key/proof/rules/ifThenElseRules.key:251:28: extraneous input '(' expecting {'\lemma', '}', IDENT, '/*!'} [@1741,7416:7416='(',<146>,251:28] (rulesOrAxioms, decls, file) 
300945     WARN  Test worker     d.u.i.k.n.KeYParser       [syntax-error] file:/home/runner/work/key/key/key.core/build/resources/main/de/uka/ilkd/key/proof/rules/ifThenElseRules.key:251:33: mismatched input '->' expecting {'(', '{'} [@1744,7421:7422='->',<158>,251:33] (taclet, rulesOrAxioms, decls, file) 
300945     WARN  Test worker     d.u.i.k.n.KeYParser       [syntax-error] file:/home/runner/work/key/key/key.core/build/resources/main/de/uka/ilkd/key/proof/rules/ifThenElseRules.key:255:14: mismatched input '\ifExintVar' expecting {MODALITY, FORALL, EXISTS, '\if', '\ifEx', 'true', 'false', '(', '{', '@', NOT, SEQARROW, '-', STRING_LITERAL, CHAR_LITERAL, BIN_LITERAL, HEX_LITERAL, IDENT, INT_LITERAL, FLOAT_LITERAL, DOUBLE_LITERAL, REAL_LITERAL} [@1765,7506:7516='\ifExintVar',<188>,255:14] (termorseq, taclet, rulesOrAxioms, decls, file) 
300945     WARN  Test worker     d.u.i.k.n.KeYParser       [syntax-error] file:/home/runner/work/key/key/key.core/build/resources/main/de/uka/ilkd/key/proof/rules/ifThenElseRules.key:255:27: extraneous input '(' expecting {'\lemma', '}', IDENT, '/*!'} [@1768,7519:7519='(',<146>,255:27] (rulesOrAxioms, decls, file) 
300945     WARN  Test worker     d.u.i.k.n.KeYParser       [syntax-error] file:/home/runner/work/key/key/key.core/build/resources/main/de/uka/ilkd/key/proof/rules/ifThenElseRules.key:255:31: mismatched input ')' expecting {'(', '{'} [@1770,7523:7523=')',<147>,255:31] (taclet, rulesOrAxioms, decls, file) 
300945     WARN  Test worker     d.u.i.k.n.KeYParser       [syntax-error] file:/home/runner/work/key/key/key.core/build/resources/main/de/uka/ilkd/key/proof/rules/ifThenElseRules.key:258:52: extraneous input '0' expecting {'\lemma', '}', IDENT, '/*!'} [@1809,7667:7667='0',<184>,258:52] (rulesOrAxioms, decls, file) 
300946     WARN  Test worker     d.u.i.k.n.KeYParser       [syntax-error] file:/home/runner/work/key/key/key.core/build/resources/main/de/uka/ilkd/key/proof/rules/ifThenElseRules.key:258:54: mismatched input 'then' expecting {<EOF>, '\problem', '\chooseContract', '\proofObligation', '\proof'} [@1811,7669:7672='then',<183>,258:54] (file) 
300946     ERROR Test worker     d.u.i.k.s.n.MasterHandlerTest Error reading /home/runner/work/key/key/key.core/build/resources/test/de/uka/ilkd/key/smt/newsmt2/cases/ex2.props de.uka.ilkd.key.proof.io.ProblemLoaderException: line 135:14 mismatched input '\ifExintVar' expecting {MODALITY, FORALL, EXISTS, '\if', '\ifEx', 'true', 'false', '(', '{', '@', NOT, SEQARROW, '-', STRING_LITERAL, CHAR_LITERAL, BIN_LITERAL, HEX_LITERAL, IDENT, INT_LITERAL, FLOAT_LITERAL, DOUBLE_LITERAL, REAL_LITERAL}
line 135:27 extraneous input '(' expecting {'\lemma', '}', IDENT, '/*!'}
line 135:44 mismatched input ')' expecting {'(', '{'}
line 141:14 mismatched input '\ifExintVar' expecting {MODALITY, FORALL, EXISTS, '\if', '\ifEx', 'true', 'false', '(', '{', '@', NOT, SEQARROW, '-', STRING_LITERAL, CHAR_LITERAL, BIN_LITERAL, HEX_LITERAL, IDENT, INT_LITERAL, FLOAT_LITERAL, DOUBLE_LITERAL, REAL_LITERAL}
line 141:27 extraneous input '(' expecting {'\lemma', '}', IDENT, '/*!'}
line 141:41 mismatched input ')' expecting {'(', '{'}
line 148:14 mismatched input '\ifExintVar' expecting {MODALITY, FORALL, EXISTS, '\if', '\ifEx', 'true', 'false', '(', '{', '@', NOT, SEQARROW, '-', STRING_LITERAL, CHAR_LITERAL, BIN_LITERAL, HEX_LITERAL, IDENT, INT_LITERAL, FLOAT_LITERAL, DOUBLE_LITERAL, REAL_LITERAL}
line 148:27 extraneous input '(' expecting {'\lemma', '}', IDENT, '/*!'}
line 148:35 mismatched input '=' expecting {'(', '{'}
line 150:38 mismatched input '}' expecting {'(', '{'}
line 155:14 mismatched input '\ifExintVar' expecting {MODALITY, FORALL, EXISTS, '\if', '\ifEx', 'true', 'false', '(', '{', '@', NOT, SEQARROW, '-', STRING_LITERAL, CHAR_LITERAL, BIN_LITERAL, HEX_LITERAL, IDENT, INT_LITERAL, FLOAT_LITERAL, DOUBLE_LITERAL, REAL_LITERAL}
line 155:27 extraneous input '(' expecting {'\lemma', '}', IDENT, '/*!'}
line 155:35 mismatched input '=' expecting {'(', '{'}
line 157:38 mismatched input '}' expecting {'(', '{'}
line 163:14 mismatched input '\ifExintVar' expecting {MODALITY, FORALL, EXISTS, '\if', '\ifEx', 'true', 'false', '(', '{', '@', NOT, SEQARROW, '-', STRING_LITERAL, CHAR_LITERAL, BIN_LITERAL, HEX_LITERAL, IDENT, INT_LITERAL, FLOAT_LITERAL, DOUBLE_LITERAL, REAL_LITERAL}
line 163:27 extraneous input '(' expecting {'\lemma', '}', IDENT, '/*!'}
line 163:30 mismatched input '=' expecting {'(', '{'}
line 165:38 mismatched input '}' expecting {'(', '{'}
line 171:14 mismatched input '\ifExintVar' expecting {MODALITY, FORALL, EXISTS, '\if', '\ifEx', 'true', 'false', '(', '{', '@', NOT, SEQARROW, '-', STRING_LITERAL, CHAR_LITERAL, BIN_LITERAL, HEX_LITERAL, IDENT, INT_LITERAL, FLOAT_LITERAL, DOUBLE_LITERAL, REAL_LITERAL}
line 171:27 extraneous input '(' expecting {'\lemma', '}', IDENT, '/*!'}
line 171:30 mismatched input '=' expecting {'(', '{'}
line 173:38 mismatched input '}' expecting {'(', '{'}
line 179:14 mismatched input '\ifExintVar' expecting {MODALITY, FORALL, EXISTS, '\if', '\ifEx', 'true', 'false', '(', '{', '@', NOT, SEQARROW, '-', STRING_LITERAL, CHAR_LITERAL, BIN_LITERAL, HEX_LITERAL, IDENT, INT_LITERAL, FLOAT_LITERAL, DOUBLE_LITERAL, REAL_LITERAL}
line 179:27 extraneous input '(' expecting {'\lemma', '}', IDENT, '/*!'}
line 179:32 mismatched input '&' expecting {'(', '{'}
line 181:42 mismatched input '}' expecting {'(', '{'}
line 182:39 mismatched input '}' expecting {'(', '{'}
line 188:14 mismatched input '\ifExintVar' expecting {MODALITY, FORALL, EXISTS, '\if', '\ifEx', 'true', 'false', '(', '{', '@', NOT, SEQARROW, '-', STRING_LITERAL, CHAR_LITERAL, BIN_LITERAL, HEX_LITERAL, IDENT, INT_LITERAL, FLOAT_LITERAL, DOUBLE_LITERAL, REAL_LITERAL}
line 188:27 extraneous input '(' expecting {'\lemma', '}', IDENT, '/*!'}
line 188:32 mismatched input '&' expecting {'(', '{'}
line 190:42 mismatched input '}' expecting {'(', '{'}
line 191:39 mismatched input '}' expecting {'(', '{'}
line 198:14 mismatched input '\ifExintVar' expecting {MODALITY, FORALL, EXISTS, '\if', '\ifEx', 'true', 'false', '(', '{', '@', NOT, SEQARROW, '-', STRING_LITERAL, CHAR_LITERAL, BIN_LITERAL, HEX_LITERAL, IDENT, INT_LITERAL, FLOAT_LITERAL, DOUBLE_LITERAL, REAL_LITERAL}
line 198:27 extraneous input '(' expecting {'\lemma', '}', IDENT, '/*!'}
line 198:32 mismatched input '&' expecting {'(', '{'}
line 200:42 mismatched input '}' expecting {'(', '{'}
line 201:39 mismatched input '}' expecting {'(', '{'}
line 208:14 mismatched input '\ifExintVar' expecting {MODALITY, FORALL, EXISTS, '\if', '\ifEx', 'true', 'false', '(', '{', '@', NOT, SEQARROW, '-', STRING_LITERAL, CHAR_LITERAL, BIN_LITERAL, HEX_LITERAL, IDENT, INT_LITERAL, FLOAT_LITERAL, DOUBLE_LITERAL, REAL_LITERAL}
line 208:27 extraneous input '(' expecting {'\lemma', '}', IDENT, '/*!'}
line 208:32 mismatched input '&' expecting {'(', '{'}
line 210:42 mismatched input '}' expecting {'(', '{'}
line 211:39 mismatched input '}' expecting {'(', '{'}
line 218:14 mismatched input '\ifExintVar' expecting {MODALITY, FORALL, EXISTS, '\if', '\ifEx', 'true', 'false', '(', '{', '@', NOT, SEQARROW, '-', STRING_LITERAL, CHAR_LITERAL, BIN_LITERAL, HEX_LITERAL, IDENT, INT_LITERAL, FLOAT_LITERAL, DOUBLE_LITERAL, REAL_LITERAL}
line 218:27 extraneous input '(' expecting {'\lemma', '}', IDENT, '/*!'}
line 218:31 mismatched input ')' expecting {'(', '{'}
line 220:44 mismatched input ')' expecting {'(', '{'}
line 225:14 mismatched input '\ifExintVar' expecting {MODALITY, FORALL, EXISTS, '\if', '\ifEx', 'true', 'false', '(', '{', '@', NOT, SEQARROW, '-', STRING_LITERAL, CHAR_LITERAL, BIN_LITERAL, HEX_LITERAL, IDENT, INT_LITERAL, FLOAT_LITERAL, DOUBLE_LITERAL, REAL_LITERAL}
line 225:27 extraneous input '(' expecting {'\lemma', '}', IDENT, '/*!'}
line 225:31 mismatched input ')' expecting {'(', '{'}
line 227:44 mismatched input ')' expecting {'(', '{'}
line 233:14 mismatched input '\ifExintVar' expecting {MODALITY, FORALL, EXISTS, '\if', '\ifEx', 'true', 'false', '(', '{', '@', NOT, SEQARROW, '-', STRING_LITERAL, CHAR_LITERAL, BIN_LITERAL, HEX_LITERAL, IDENT, INT_LITERAL, FLOAT_LITERAL, DOUBLE_LITERAL, REAL_LITERAL}
line 233:27 extraneous input '(' expecting {'\lemma', '}', IDENT, '/*!'}
line 233:31 mismatched input ')' expecting {'(', '{'}
line 237:42 mismatched input '}' expecting {'(', '{'}
line 238:34 mismatched input '}' expecting {'(', '{'}
line 239:28 extraneous input '(' expecting {'\lemma', '}', IDENT, '/*!'}
line 239:33 mismatched input '->' expecting {'(', '{'}
line 240:8 extraneous input '\replacewith' expecting {'\lemma', '}', IDENT, '/*!'}
line 240:25 mismatched input ')' expecting {'(', '{'}
line 240:56 mismatched input ')' expecting {'(', '{'}
line 245:14 mismatched input '\ifExintVar' expecting {MODALITY, FORALL, EXISTS, '\if', '\ifEx', 'true', 'false', '(', '{', '@', NOT, SEQARROW, '-', STRING_LITERAL, CHAR_LITERAL, BIN_LITERAL, HEX_LITERAL, IDENT, INT_LITERAL, FLOAT_LITERAL, DOUBLE_LITERAL, REAL_LITERAL}
line 245:27 extraneous input '(' expecting {'\lemma', '}', IDENT, '/*!'}
line 245:31 mismatched input ')' expecting {'(', '{'}
line 248:45 mismatched input '}' expecting {'(', '{'}
line 249:8 extraneous input '\replacewith' expecting {'\lemma', '}', IDENT, '/*!'}
line 249:38 mismatched input ')' expecting {'(', '{'}
line 250:42 mismatched input '}' expecting {'(', '{'}
line 251:28 extraneous input '(' expecting {'\lemma', '}', IDENT, '/*!'}
line 251:33 mismatched input '->' expecting {'(', '{'}
line 255:14 mismatched input '\ifExintVar' expecting {MODALITY, FORALL, EXISTS, '\if', '\ifEx', 'true', 'false', '(', '{', '@', NOT, SEQARROW, '-', STRING_LITERAL, CHAR_LITERAL, BIN_LITERAL, HEX_LITERAL, IDENT, INT_LITERAL, FLOAT_LITERAL, DOUBLE_LITERAL, REAL_LITERAL}
line 255:27 extraneous input '(' expecting {'\lemma', '}', IDENT, '/*!'}
line 255:31 mismatched input ')' expecting {'(', '{'}
line 258:52 extraneous input '0' expecting {'\lemma', '}', IDENT, '/*!'}
line 258:54 mismatched input 'then' expecting {<EOF>, '\problem', '\chooseContract', '\proofObligation', '\proof'}

	at de.uka.ilkd.key.control.AbstractUserInterfaceControl.load(AbstractUserInterfaceControl.java:221)
Caused by: de.uka.ilkd.key.proof.init.ProofInputException: line 135:14 mismatched input '\ifExintVar' expecting {MODALITY, FORALL, EXISTS, '\if', '\ifEx', 'true', 'false', '(', '{', '@', NOT, SEQARROW, '-', STRING_LITERAL, CHAR_LITERAL, BIN_LITERAL, HEX_LITERAL, IDENT, INT_LITERAL, FLOAT_LITERAL, DOUBLE_LITERAL, REAL_LITERAL}
line 135:27 extraneous input '(' expecting {'\lemma', '}', IDENT, '/*!'}
line 135:44 mismatched input ')' expecting {'(', '{'}
line 141:14 mismatched input '\ifExintVar' expecting {MODALITY, FORALL, EXISTS, '\if', '\ifEx', 'true', 'false', '(', '{', '@', NOT, SEQARROW, '-', STRING_LITERAL, CHAR_LITERAL, BIN_LITERAL, HEX_LITERAL, IDENT, INT_LITERAL, FLOAT_LITERAL, DOUBLE_LITERAL, REAL_LITERAL}
line 141:27 extraneous input '(' expecting {'\lemma', '}', IDENT, '/*!'}
line 141:41 mismatched input ')' expecting {'(', '{'}
line 148:14 mismatched input '\ifExintVar' expecting {MODALITY, FORALL, EXISTS, '\if', '\ifEx', 'true', 'false', '(', '{', '@', NOT, SEQARROW, '-', STRING_LITERAL, CHAR_LITERAL, BIN_LITERAL, HEX_LITERAL, IDENT, INT_LITERAL, FLOAT_LITERAL, DOUBLE_LITERAL, REAL_LITERAL}
line 148:27 extraneous input '(' expecting {'\lemma', '}', IDENT, '/*!'}
line 148:35 mismatched input '=' expecting {'(', '{'}
line 150:38 mismatched input '}' expecting {'(', '{'}
line 155:14 mismatched input '\ifExintVar' expecting {MODALITY, FORALL, EXISTS, '\if', '\ifEx', 'true', 'false', '(', '{', '@', NOT, SEQARROW, '-', STRING_LITERAL, CHAR_LITERAL, BIN_LITERAL, HEX_LITERAL, IDENT, INT_LITERAL, FLOAT_LITERAL, DOUBLE_LITERAL, REAL_LITERAL}
line 155:27 extraneous input '(' expecting {'\lemma', '}', IDENT, '/*!'}
line 155:35 mismatched input '=' expecting {'(', '{'}
line 157:38 mismatched input '}' expecting {'(', '{'}
line 163:14 mismatched input '\ifExintVar' expecting {MODALITY, FORALL, EXISTS, '\if', '\ifEx', 'true', 'false', '(', '{', '@', NOT, SEQARROW, '-', STRING_LITERAL, CHAR_LITERAL, BIN_LITERAL, HEX_LITERAL, IDENT, INT_LITERAL, FLOAT_LITERAL, DOUBLE_LITERAL, REAL_LITERAL}
line 163:27 extraneous input '(' expecting {'\lemma', '}', IDENT, '/*!'}
line 163:30 mismatched input '=' expecting {'(', '{'}
line 165:38 mismatched input '}' expecting {'(', '{'}
line 171:14 mismatched input '\ifExintVar' expecting {MODALITY, FORALL, EXISTS, '\if', '\ifEx', 'true', 'false', '(', '{', '@', NOT, SEQARROW, '-', STRING_LITERAL, CHAR_LITERAL, BIN_LITERAL, HEX_LITERAL, IDENT, INT_LITERAL, FLOAT_LITERAL, DOUBLE_LITERAL, REAL_LITERAL}
line 171:27 extraneous input '(' expecting {'\lemma', '}', IDENT, '/*!'}
line 171:30 mismatched input '=' expecting {'(', '{'}
line 173:38 mismatched input '}' expecting {'(', '{'}
line 179:14 mismatched input '\ifExintVar' expecting {MODALITY, FORALL, EXISTS, '\if', '\ifEx', 'true', 'false', '(', '{', '@', NOT, SEQARROW, '-', STRING_LITERAL, CHAR_LITERAL, BIN_LITERAL, HEX_LITERAL, IDENT, INT_LITERAL, FLOAT_LITERAL, DOUBLE_LITERAL, REAL_LITERAL}
line 179:27 extraneous input '(' expecting {'\lemma', '}', IDENT, '/*!'}
line 179:32 mismatched input '&' expecting {'(', '{'}
line 181:42 mismatched input '}' expecting {'(', '{'}
line 182:39 mismatched input '}' expecting {'(', '{'}
line 188:14 mismatched input '\ifExintVar' expecting {MODALITY, FORALL, EXISTS, '\if', '\ifEx', 'true', 'false', '(', '{', '@', NOT, SEQARROW, '-', STRING_LITERAL, CHAR_LITERAL, BIN_LITERAL, HEX_LITERAL, IDENT, INT_LITERAL, FLOAT_LITERAL, DOUBLE_LITERAL, REAL_LITERAL}
line 188:27 extraneous input '(' expecting {'\lemma', '}', IDENT, '/*!'}
line 188:32 mismatched input '&' expecting {'(', '{'}
line 190:42 mismatched input '}' expecting {'(', '{'}
line 191:39 mismatched input '}' expecting {'(', '{'}
line 198:14 mismatched input '\ifExintVar' expecting {MODALITY, FORALL, EXISTS, '\if', '\ifEx', 'true', 'false', '(', '{', '@', NOT, SEQARROW, '-', STRING_LITERAL, CHAR_LITERAL, BIN_LITERAL, HEX_LITERAL, IDENT, INT_LITERAL, FLOAT_LITERAL, DOUBLE_LITERAL, REAL_LITERAL}
line 198:27 extraneous input '(' expecting {'\lemma', '}', IDENT, '/*!'}
line 198:32 mismatched input '&' expecting {'(', '{'}
line 200:42 mismatched input '}' expecting {'(', '{'}
line 201:39 mismatched input '}' expecting {'(', '{'}
line 208:14 mismatched input '\ifExintVar' expecting {MODALITY, FORALL, EXISTS, '\if', '\ifEx', 'true', 'false', '(', '{', '@', NOT, SEQARROW, '-', STRING_LITERAL, CHAR_LITERAL, BIN_LITERAL, HEX_LITERAL, IDENT, INT_LITERAL, FLOAT_LITERAL, DOUBLE_LITERAL, REAL_LITERAL}
line 208:27 extraneous input '(' expecting {'\lemma', '}', IDENT, '/*!'}
line 208:32 mismatched input '&' expecting {'(', '{'}
line 210:42 mismatched input '}' expecting {'(', '{'}
line 211:39 mismatched input '}' expecting {'(', '{'}
line 218:14 mismatched input '\ifExintVar' expecting {MODALITY, FORALL, EXISTS, '\if', '\ifEx', 'true', 'false', '(', '{', '@', NOT, SEQARROW, '-', STRING_LITERAL, CHAR_LITERAL, BIN_LITERAL, HEX_LITERAL, IDENT, INT_LITERAL, FLOAT_LITERAL, DOUBLE_LITERAL, REAL_LITERAL}
line 218:27 extraneous input '(' expecting {'\lemma', '}', IDENT, '/*!'}
line 218:31 mismatched input ')' expecting {'(', '{'}
line 220:44 mismatched input ')' expecting {'(', '{'}
line 225:14 mismatched input '\ifExintVar' expecting {MODALITY, FORALL, EXISTS, '\if', '\ifEx', 'true', 'false', '(', '{', '@', NOT, SEQARROW, '-', STRING_LITERAL, CHAR_LITERAL, BIN_LITERAL, HEX_LITERAL, IDENT, INT_LITERAL, FLOAT_LITERAL, DOUBLE_LITERAL, REAL_LITERAL}
line 225:27 extraneous input '(' expecting {'\lemma', '}', IDENT, '/*!'}
line 225:31 mismatched input ')' expecting {'(', '{'}
line 227:44 mismatched input ')' expecting {'(', '{'}
line 233:14 mismatched input '\ifExintVar' expecting {MODALITY, FORALL, EXISTS, '\if', '\ifEx', 'true', 'false', '(', '{', '@', NOT, SEQARROW, '-', STRING_LITERAL, CHAR_LITERAL, BIN_LITERAL, HEX_LITERAL, IDENT, INT_LITERAL, FLOAT_LITERAL, DOUBLE_LITERAL, REAL_LITERAL}
line 233:27 extraneous input '(' expecting {'\lemma', '}', IDENT, '/*!'}
line 233:31 mismatched input ')' expecting {'(', '{'}
line 237:42 mismatched input '}' expecting {'(', '{'}
line 238:34 mismatched input '}' expecting {'(', '{'}
line 239:28 extraneous input '(' expecting {'\lemma', '}', IDENT, '/*!'}
line 239:33 mismatched input '->' expecting {'(', '{'}
line 240:8 extraneous input '\replacewith' expecting {'\lemma', '}', IDENT, '/*!'}
line 240:25 mismatched input ')' expecting {'(', '{'}
line 240:56 mismatched input ')' expecting {'(', '{'}
line 245:14 mismatched input '\ifExintVar' expecting {MODALITY, FORALL, EXISTS, '\if', '\ifEx', 'true', 'false', '(', '{', '@', NOT, SEQARROW, '-', STRING_LITERAL, CHAR_LITERAL, BIN_LITERAL, HEX_LITERAL, IDENT, INT_LITERAL, FLOAT_LITERAL, DOUBLE_LITERAL, REAL_LITERAL}
line 245:27 extraneous input '(' expecting {'\lemma', '}', IDENT, '/*!'}
line 245:31 mismatched input ')' expecting {'(', '{'}
line 248:45 mismatched input '}' expecting {'(', '{'}
line 249:8 extraneous input '\replacewith' expecting {'\lemma', '}', IDENT, '/*!'}
line 249:38 mismatched input ')' expecting {'(', '{'}
line 250:42 mismatched input '}' expecting {'(', '{'}
line 251:28 extraneous input '(' expecting {'\lemma', '}', IDENT, '/*!'}
line 251:33 mismatched input '->' expecting {'(', '{'}
line 255:14 mismatched input '\ifExintVar' expecting {MODALITY, FORALL, EXISTS, '\if', '\ifEx', 'true', 'false', '(', '{', '@', NOT, SEQARROW, '-', STRING_LITERAL, CHAR_LITERAL, BIN_LITERAL, HEX_LITERAL, IDENT, INT_LITERAL, FLOAT_LITERAL, DOUBLE_LITERAL, REAL_LITERAL}
line 255:27 extraneous input '(' expecting {'\lemma', '}', IDENT, '/*!'}
line 255:31 mismatched input ')' expecting {'(', '{'}
line 258:52 extraneous input '0' expecting {'\lemma', '}', IDENT, '/*!'}
line 258:54 mismatched input 'then' expecting {<EOF>, '\problem', '\chooseContract', '\proofObligation', '\proof'}

	at de.uka.ilkd.key.proof.io.KeYFile.readIncludes(KeYFile.java:210)
Caused by: de.uka.ilkd.key.util.parsing.SyntaxErrorReporter$ParserException: line 135:14 mismatched input '\ifExintVar' expecting {MODALITY, FORALL, EXISTS, '\if', '\ifEx', 'true', 'false', '(', '{', '@', NOT, SEQARROW, '-', STRING_LITERAL, CHAR_LITERAL, BIN_LITERAL, HEX_LITERAL, IDENT, INT_LITERAL, FLOAT_LITERAL, DOUBLE_LITERAL, REAL_LITERAL}
line 135:27 extraneous input '(' expecting {'\lemma', '}', IDENT, '/*!'}
line 135:44 mismatched input ')' expecting {'(', '{'}
line 141:14 mismatched input '\ifExintVar' expecting {MODALITY, FORALL, EXISTS, '\if', '\ifEx', 'true', 'false', '(', '{', '@', NOT, SEQARROW, '-', STRING_LITERAL, CHAR_LITERAL, BIN_LITERAL, HEX_LITERAL, IDENT, INT_LITERAL, FLOAT_LITERAL, DOUBLE_LITERAL, REAL_LITERAL}
line 141:27 extraneous input '(' expecting {'\lemma', '}', IDENT, '/*!'}
line 141:41 mismatched input ')' expecting {'(', '{'}
line 148:14 mismatched input '\ifExintVar' expecting {MODALITY, FORALL, EXISTS, '\if', '\ifEx', 'true', 'false', '(', '{', '@', NOT, SEQARROW, '-', STRING_LITERAL, CHAR_LITERAL, BIN_LITERAL, HEX_LITERAL, IDENT, INT_LITERAL, FLOAT_LITERAL, DOUBLE_LITERAL, REAL_LITERAL}
line 148:27 extraneous input '(' expecting {'\lemma', '}', IDENT, '/*!'}
line 148:35 mismatched input '=' expecting {'(', '{'}
line 150:38 mismatched input '}' expecting {'(', '{'}
line 155:14 mismatched input '\ifExintVar' expecting {MODALITY, FORALL, EXISTS, '\if', '\ifEx', 'true', 'false', '(', '{', '@', NOT, SEQARROW, '-', STRING_LITERAL, CHAR_LITERAL, BIN_LITERAL, HEX_LITERAL, IDENT, INT_LITERAL, FLOAT_LITERAL, DOUBLE_LITERAL, REAL_LITERAL}
line 155:27 extraneous input '(' expecting {'\lemma', '}', IDENT, '/*!'}
line 155:35 mismatched input '=' expecting {'(', '{'}
line 157:38 mismatched input '}' expecting {'(', '{'}
line 163:14 mismatched input '\ifExintVar' expecting {MODALITY, FORALL, EXISTS, '\if', '\ifEx', 'true', 'false', '(', '{', '@', NOT, SEQARROW, '-', STRING_LITERAL, CHAR_LITERAL, BIN_LITERAL, HEX_LITERAL, IDENT, INT_LITERAL, FLOAT_LITERAL, DOUBLE_LITERAL, REAL_LITERAL}
line 163:27 extraneous input '(' expecting {'\lemma', '}', IDENT, '/*!'}
line 163:30 mismatched input '=' expecting {'(', '{'}
line 165:38 mismatched input '}' expecting {'(', '{'}
line 171:14 mismatched input '\ifExintVar' expecting {MODALITY, FORALL, EXISTS, '\if', '\ifEx', 'true', 'false', '(', '{', '@', NOT, SEQARROW, '-', STRING_LITERAL, CHAR_LITERAL, BIN_LITERAL, HEX_LITERAL, IDENT, INT_LITERAL, FLOAT_LITERAL, DOUBLE_LITERAL, REAL_LITERAL}
line 171:27 extraneous input '(' expecting {'\lemma', '}', IDENT, '/*!'}
line 171:30 mismatched input '=' expecting {'(', '{'}
line 173:38 mismatched input '}' expecting {'(', '{'}
line 179:14 mismatched input '\ifExintVar' expecting {MODALITY, FORALL, EXISTS, '\if', '\ifEx', 'true', 'false', '(', '{', '@', NOT, SEQARROW, '-', STRING_LITERAL, CHAR_LITERAL, BIN_LITERAL, HEX_LITERAL, IDENT, INT_LITERAL, FLOAT_LITERAL, DOUBLE_LITERAL, REAL_LITERAL}
line 179:27 extraneous input '(' expecting {'\lemma', '}', IDENT, '/*!'}
line 179:32 mismatched input '&' expecting {'(', '{'}
line 181:42 mismatched input '}' expecting {'(', '{'}
line 182:39 mismatched input '}' expecting {'(', '{'}
line 188:14 mismatched input '\ifExintVar' expecting {MODALITY, FORALL, EXISTS, '\if', '\ifEx', 'true', 'false', '(', '{', '@', NOT, SEQARROW, '-', STRING_LITERAL, CHAR_LITERAL, BIN_LITERAL, HEX_LITERAL, IDENT, INT_LITERAL, FLOAT_LITERAL, DOUBLE_LITERAL, REAL_LITERAL}
line 188:27 extraneous input '(' expecting {'\lemma', '}', IDENT, '/*!'}
line 188:32 mismatched input '&' expecting {'(', '{'}
line 190:42 mismatched input '}' expecting {'(', '{'}
line 191:39 mismatched input '}' expecting {'(', '{'}
line 198:14 mismatched input '\ifExintVar' expecting {MODALITY, FORALL, EXISTS, '\if', '\ifEx', 'true', 'false', '(', '{', '@', NOT, SEQARROW, '-', STRING_LITERAL, CHAR_LITERAL, BIN_LITERAL, HEX_LITERAL, IDENT, INT_LITERAL, FLOAT_LITERAL, DOUBLE_LITERAL, REAL_LITERAL}
line 198:27 extraneous input '(' expecting {'\lemma', '}', IDENT, '/*!'}
line 198:32 mismatched input '&' expecting {'(', '{'}
line 200:42 mismatched input '}' expecting {'(', '{'}
line 201:39 mismatched input '}' expecting {'(', '{'}
line 208:14 mismatched input '\ifExintVar' expecting {MODALITY, FORALL, EXISTS, '\if', '\ifEx', 'true', 'false', '(', '{', '@', NOT, SEQARROW, '-', STRING_LITERAL, CHAR_LITERAL, BIN_LITERAL, HEX_LITERAL, IDENT, INT_LITERAL, FLOAT_LITERAL, DOUBLE_LITERAL, REAL_LITERAL}
line 208:27 extraneous input '(' expecting {'\lemma', '}', IDENT, '/*!'}
line 208:32 mismatched input '&' expecting {'(', '{'}
line 210:42 mismatched input '}' expecting {'(', '{'}
line 211:39 mismatched input '}' expecting {'(', '{'}
line 218:14 mismatched input '\ifExintVar' expecting {MODALITY, FORALL, EXISTS, '\if', '\ifEx', 'true', 'false', '(', '{', '@', NOT, SEQARROW, '-', STRING_LITERAL, CHAR_LITERAL, BIN_LITERAL, HEX_LITERAL, IDENT, INT_LITERAL, FLOAT_LITERAL, DOUBLE_LITERAL, REAL_LITERAL}
line 218:27 extraneous input '(' expecting {'\lemma', '}', IDENT, '/*!'}
line 218:31 mismatched input ')' expecting {'(', '{'}
line 220:44 mismatched input ')' expecting {'(', '{'}
line 225:14 mismatched input '\ifExintVar' expecting {MODALITY, FORALL, EXISTS, '\if', '\ifEx', 'true', 'false', '(', '{', '@', NOT, SEQARROW, '-', STRING_LITERAL, CHAR_LITERAL, BIN_LITERAL, HEX_LITERAL, IDENT, INT_LITERAL, FLOAT_LITERAL, DOUBLE_LITERAL, REAL_LITERAL}
line 225:27 extraneous input '(' expecting {'\lemma', '}', IDENT, '/*!'}
line 225:31 mismatched input ')' expecting {'(', '{'}
line 227:44 mismatched input ')' expecting {'(', '{'}
line 233:14 mismatched input '\ifExintVar' expecting {MODALITY, FORALL, EXISTS, '\if', '\ifEx', 'true', 'false', '(', '{', '@', NOT, SEQARROW, '-', STRING_LITERAL, CHAR_LITERAL, BIN_LITERAL, HEX_LITERAL, IDENT, INT_LITERAL, FLOAT_LITERAL, DOUBLE_LITERAL, REAL_LITERAL}
line 233:27 extraneous input '(' expecting {'\lemma', '}', IDENT, '/*!'}
line 233:31 mismatched input ')' expecting {'(', '{'}
line 237:42 mismatched input '}' expecting {'(', '{'}
line 238:34 mismatched input '}' expecting {'(', '{'}
line 239:28 extraneous input '(' expecting {'\lemma', '}', IDENT, '/*!'}
line 239:33 mismatched input '->' expecting {'(', '{'}
line 240:8 extraneous input '\replacewith' expecting {'\lemma', '}', IDENT, '/*!'}
line 240:25 mismatched input ')' expecting {'(', '{'}
line 240:56 mismatched input ')' expecting {'(', '{'}
line 245:14 mismatched input '\ifExintVar' expecting {MODALITY, FORALL, EXISTS, '\if', '\ifEx', 'true', 'false', '(', '{', '@', NOT, SEQARROW, '-', STRING_LITERAL, CHAR_LITERAL, BIN_LITERAL, HEX_LITERAL, IDENT, INT_LITERAL, FLOAT_LITERAL, DOUBLE_LITERAL, REAL_LITERAL}
line 245:27 extraneous input '(' expecting {'\lemma', '}', IDENT, '/*!'}
line 245:31 mismatched input ')' expecting {'(', '{'}
line 248:45 mismatched input '}' expecting {'(', '{'}
line 249:8 extraneous input '\replacewith' expecting {'\lemma', '}', IDENT, '/*!'}
line 249:38 mismatched input ')' expecting {'(', '{'}
line 250:42 mismatched input '}' expecting {'(', '{'}
line 251:28 extraneous input '(' expecting {'\lemma', '}', IDENT, '/*!'}
line 251:33 mismatched input '->' expecting {'(', '{'}
line 255:14 mismatched input '\ifExintVar' expecting {MODALITY, FORALL, EXISTS, '\if', '\ifEx', 'true', 'false', '(', '{', '@', NOT, SEQARROW, '-', STRING_LITERAL, CHAR_LITERAL, BIN_LITERAL, HEX_LITERAL, IDENT, INT_LITERAL, FLOAT_LITERAL, DOUBLE_LITERAL, REAL_LITERAL}
line 255:27 extraneous input '(' expecting {'\lemma', '}', IDENT, '/*!'}
line 255:31 mismatched input ')' expecting {'(', '{'}
line 258:52 extraneous input '0' expecting {'\lemma', '}', IDENT, '/*!'}
line 258:54 mismatched input 'then' expecting {<EOF>, '\problem', '\chooseContract', '\proofObligation', '\proof'}

	at de.uka.ilkd.key.util.parsing.SyntaxErrorReporter.throwException(SyntaxErrorReporter.java:89)

300982     WARN  Test worker     d.u.i.k.n.KeYParser       [syntax-error] file:/home/runner/work/key/key/key.core/build/resources/main/de/uka/ilkd/key/proof/rules/ifThenElseRules.key:135:14: mismatched input '\ifExintVar' expecting {MODALITY, FORALL, EXISTS, '\if', '\ifEx', 'true', 'false', '(', '{', '@', NOT, SEQARROW, '-', STRING_LITERAL, CHAR_LITERAL, BIN_LITERAL, HEX_LITERAL, IDENT, INT_LITERAL, FLOAT_LITERAL, DOUBLE_LITERAL, REAL_LITERAL} [@745,3563:3573='\ifExintVar',<188>,135:14] (termorseq, taclet, rulesOrAxioms, decls, file) 
300982     WARN  Test worker     d.u.i.k.n.KeYParser       [syntax-error] file:/home/runner/work/key/key/key.core/build/resources/main/de/uka/ilkd/key/proof/rules/ifThenElseRules.key:135:27: extraneous input '(' expecting {'\lemma', '}', IDENT, '/*!'} [@748,3576:3576='(',<146>,135:27] (rulesOrAxioms, decls, file) 
300982     WARN  Test worker     d.u.i.k.n.KeYParser       [syntax-error] file:/home/runner/work/key/key/key.core/build/resources/main/de/uka/ilkd/key/proof/rules/ifThenElseRules.key:135:44: mismatched input ')' expecting {'(', '{'} [@754,3593:3593=')',<147>,135:44] (taclet, rulesOrAxioms, decls, file) 
300983     WARN  Test worker     d.u.i.k.n.KeYParser       [syntax-error] file:/home/runner/work/key/key/key.core/build/resources/main/de/uka/ilkd/key/proof/rules/ifThenElseRules.key:141:14: mismatched input '\ifExintVar' expecting {MODALITY, FORALL, EXISTS, '\if', '\ifEx', 'true', 'false', '(', '{', '@', NOT, SEQARROW, '-', STRING_LITERAL, CHAR_LITERAL, BIN_LITERAL, HEX_LITERAL, IDENT, INT_LITERAL, FLOAT_LITERAL, DOUBLE_LITERAL, REAL_LITERAL} [@780,3716:3726='\ifExintVar',<188>,141:14] (termorseq, taclet, rulesOrAxioms, decls, file) 
300983     WARN  Test worker     d.u.i.k.n.KeYParser       [syntax-error] file:/home/runner/work/key/key/key.core/build/resources/main/de/uka/ilkd/key/proof/rules/ifThenElseRules.key:141:27: extraneous input '(' expecting {'\lemma', '}', IDENT, '/*!'} [@783,3729:3729='(',<146>,141:27] (rulesOrAxioms, decls, file) 
300983     WARN  Test worker     d.u.i.k.n.KeYParser       [syntax-error] file:/home/runner/work/key/key/key.core/build/resources/main/de/uka/ilkd/key/proof/rules/ifThenElseRules.key:141:41: mismatched input ')' expecting {'(', '{'} [@789,3743:3743=')',<147>,141:41] (taclet, rulesOrAxioms, decls, file) 
300983     WARN  Test worker     d.u.i.k.n.KeYParser       [syntax-error] file:/home/runner/work/key/key/key.core/build/resources/main/de/uka/ilkd/key/proof/rules/ifThenElseRules.key:148:14: mismatched input '\ifExintVar' expecting {MODALITY, FORALL, EXISTS, '\if', '\ifEx', 'true', 'false', '(', '{', '@', NOT, SEQARROW, '-', STRING_LITERAL, CHAR_LITERAL, BIN_LITERAL, HEX_LITERAL, IDENT, INT_LITERAL, FLOAT_LITERAL, DOUBLE_LITERAL, REAL_LITERAL} [@819,3896:3906='\ifExintVar',<188>,148:14] (termorseq, taclet, rulesOrAxioms, decls, file) 
300983     WARN  Test worker     d.u.i.k.n.KeYParser       [syntax-error] file:/home/runner/work/key/key/key.core/build/resources/main/de/uka/ilkd/key/proof/rules/ifThenElseRules.key:148:27: extraneous input '(' expecting {'\lemma', '}', IDENT, '/*!'} [@822,3909:3909='(',<146>,148:27] (rulesOrAxioms, decls, file) 
300983     WARN  Test worker     d.u.i.k.n.KeYParser       [syntax-error] file:/home/runner/work/key/key/key.core/build/resources/main/de/uka/ilkd/key/proof/rules/ifThenElseRules.key:148:35: mismatched input '=' expecting {'(', '{'} [@825,3917:3917='=',<159>,148:35] (taclet, rulesOrAxioms, decls, file) 
300983     WARN  Test worker     d.u.i.k.n.KeYParser       [syntax-error] file:/home/runner/work/key/key/key.core/build/resources/main/de/uka/ilkd/key/proof/rules/ifThenElseRules.key:150:38: mismatched input '}' expecting {'(', '{'} [@859,4023:4023='}',<149>,150:38] (taclet, rulesOrAxioms, decls, file) 
300984     WARN  Test worker     d.u.i.k.n.KeYParser       [syntax-error] file:/home/runner/work/key/key/key.core/build/resources/main/de/uka/ilkd/key/proof/rules/ifThenElseRules.key:155:14: mismatched input '\ifExintVar' expecting {MODALITY, FORALL, EXISTS, '\if', '\ifEx', 'true', 'false', '(', '{', '@', NOT, SEQARROW, '-', STRING_LITERAL, CHAR_LITERAL, BIN_LITERAL, HEX_LITERAL, IDENT, INT_LITERAL, FLOAT_LITERAL, DOUBLE_LITERAL, REAL_LITERAL} [@877,4109:4119='\ifExintVar',<188>,155:14] (termorseq, taclet, rulesOrAxioms, decls, file) 
300984     WARN  Test worker     d.u.i.k.n.KeYParser       [syntax-error] file:/home/runner/work/key/key/key.core/build/resources/main/de/uka/ilkd/key/proof/rules/ifThenElseRules.key:155:27: extraneous input '(' expecting {'\lemma', '}', IDENT, '/*!'} [@880,4122:4122='(',<146>,155:27] (rulesOrAxioms, decls, file) 
300984     WARN  Test worker     d.u.i.k.n.KeYParser       [syntax-error] file:/home/runner/work/key/key/key.core/build/resources/main/de/uka/ilkd/key/proof/rules/ifThenElseRules.key:155:35: mismatched input '=' expecting {'(', '{'} [@883,4130:4130='=',<159>,155:35] (taclet, rulesOrAxioms, decls, file) 
300984     WARN  Test worker     d.u.i.k.n.KeYParser       [syntax-error] file:/home/runner/work/key/key/key.core/build/resources/main/de/uka/ilkd/key/proof/rules/ifThenElseRules.key:157:38: mismatched input '}' expecting {'(', '{'} [@917,4230:4230='}',<149>,157:38] (taclet, rulesOrAxioms, decls, file) 
300984     WARN  Test worker     d.u.i.k.n.KeYParser       [syntax-error] file:/home/runner/work/key/key/key.core/build/resources/main/de/uka/ilkd/key/proof/rules/ifThenElseRules.key:163:14: mismatched input '\ifExintVar' expecting {MODALITY, FORALL, EXISTS, '\if', '\ifEx', 'true', 'false', '(', '{', '@', NOT, SEQARROW, '-', STRING_LITERAL, CHAR_LITERAL, BIN_LITERAL, HEX_LITERAL, IDENT, INT_LITERAL, FLOAT_LITERAL, DOUBLE_LITERAL, REAL_LITERAL} [@939,4350:4360='\ifExintVar',<188>,163:14] (termorseq, taclet, rulesOrAxioms, decls, file) 
300984     WARN  Test worker     d.u.i.k.n.KeYParser       [syntax-error] file:/home/runner/work/key/key/key.core/build/resources/main/de/uka/ilkd/key/proof/rules/ifThenElseRules.key:163:27: extraneous input '(' expecting {'\lemma', '}', IDENT, '/*!'} [@942,4363:4363='(',<146>,163:27] (rulesOrAxioms, decls, file) 
300984     WARN  Test worker     d.u.i.k.n.KeYParser       [syntax-error] file:/home/runner/work/key/key/key.core/build/resources/main/de/uka/ilkd/key/proof/rules/ifThenElseRules.key:163:30: mismatched input '=' expecting {'(', '{'} [@945,4366:4366='=',<159>,163:30] (taclet, rulesOrAxioms, decls, file) 
300985     WARN  Test worker     d.u.i.k.n.KeYParser       [syntax-error] file:/home/runner/work/key/key/key.core/build/resources/main/de/uka/ilkd/key/proof/rules/ifThenElseRules.key:165:38: mismatched input '}' expecting {'(', '{'} [@979,4477:4477='}',<149>,165:38] (taclet, rulesOrAxioms, decls, file) 
300985     WARN  Test worker     d.u.i.k.n.KeYParser       [syntax-error] file:/home/runner/work/key/key/key.core/build/resources/main/de/uka/ilkd/key/proof/rules/ifThenElseRules.key:171:14: mismatched input '\ifExintVar' expecting {MODALITY, FORALL, EXISTS, '\if', '\ifEx', 'true', 'false', '(', '{', '@', NOT, SEQARROW, '-', STRING_LITERAL, CHAR_LITERAL, BIN_LITERAL, HEX_LITERAL, IDENT, INT_LITERAL, FLOAT_LITERAL, DOUBLE_LITERAL, REAL_LITERAL} [@1001,4604:4614='\ifExintVar',<188>,171:14] (termorseq, taclet, rulesOrAxioms, decls, file) 
300985     WARN  Test worker     d.u.i.k.n.KeYParser       [syntax-error] file:/home/runner/work/key/key/key.core/build/resources/main/de/uka/ilkd/key/proof/rules/ifThenElseRules.key:171:27: extraneous input '(' expecting {'\lemma', '}', IDENT, '/*!'} [@1004,4617:4617='(',<146>,171:27] (rulesOrAxioms, decls, file) 
300985     WARN  Test worker     d.u.i.k.n.KeYParser       [syntax-error] file:/home/runner/work/key/key/key.core/build/resources/main/de/uka/ilkd/key/proof/rules/ifThenElseRules.key:171:30: mismatched input '=' expecting {'(', '{'} [@1007,4620:4620='=',<159>,171:30] (taclet, rulesOrAxioms, decls, file) 
300985     WARN  Test worker     d.u.i.k.n.KeYParser       [syntax-error] file:/home/runner/work/key/key/key.core/build/resources/main/de/uka/ilkd/key/proof/rules/ifThenElseRules.key:173:38: mismatched input '}' expecting {'(', '{'} [@1041,4725:4725='}',<149>,173:38] (taclet, rulesOrAxioms, decls, file) 
300985     WARN  Test worker     d.u.i.k.n.KeYParser       [syntax-error] file:/home/runner/work/key/key/key.core/build/resources/main/de/uka/ilkd/key/proof/rules/ifThenElseRules.key:179:14: mismatched input '\ifExintVar' expecting {MODALITY, FORALL, EXISTS, '\if', '\ifEx', 'true', 'false', '(', '{', '@', NOT, SEQARROW, '-', STRING_LITERAL, CHAR_LITERAL, BIN_LITERAL, HEX_LITERAL, IDENT, INT_LITERAL, FLOAT_LITERAL, DOUBLE_LITERAL, REAL_LITERAL} [@1063,4848:4858='\ifExintVar',<188>,179:14] (termorseq, taclet, rulesOrAxioms, decls, file) 
300985     WARN  Test worker     d.u.i.k.n.KeYParser       [syntax-error] file:/home/runner/work/key/key/key.core/build/resources/main/de/uka/ilkd/key/proof/rules/ifThenElseRules.key:179:27: extraneous input '(' expecting {'\lemma', '}', IDENT, '/*!'} [@1066,4861:4861='(',<146>,179:27] (rulesOrAxioms, decls, file) 
300986     WARN  Test worker     d.u.i.k.n.KeYParser       [syntax-error] file:/home/runner/work/key/key/key.core/build/resources/main/de/uka/ilkd/key/proof/rules/ifThenElseRules.key:179:32: mismatched input '&' expecting {'(', '{'} [@1069,4866:4866='&',<156>,179:32] (taclet, rulesOrAxioms, decls, file) 
300986     WARN  Test worker     d.u.i.k.n.KeYParser       [syntax-error] file:/home/runner/work/key/key/key.core/build/resources/main/de/uka/ilkd/key/proof/rules/ifThenElseRules.key:181:42: mismatched input '}' expecting {'(', '{'} [@1109,4985:4985='}',<149>,181:42] (taclet, rulesOrAxioms, decls, file) 
300986     WARN  Test worker     d.u.i.k.n.KeYParser       [syntax-error] file:/home/runner/work/key/key/key.core/build/resources/main/de/uka/ilkd/key/proof/rules/ifThenElseRules.key:182:39: mismatched input '}' expecting {'(', '{'} [@1122,5030:5030='}',<149>,182:39] (taclet, rulesOrAxioms, decls, file) 
300986     WARN  Test worker     d.u.i.k.n.KeYParser       [syntax-error] file:/home/runner/work/key/key/key.core/build/resources/main/de/uka/ilkd/key/proof/rules/ifThenElseRules.key:188:14: mismatched input '\ifExintVar' expecting {MODALITY, FORALL, EXISTS, '\if', '\ifEx', 'true', 'false', '(', '{', '@', NOT, SEQARROW, '-', STRING_LITERAL, CHAR_LITERAL, BIN_LITERAL, HEX_LITERAL, IDENT, INT_LITERAL, FLOAT_LITERAL, DOUBLE_LITERAL, REAL_LITERAL} [@1146,5149:5159='\ifExintVar',<188>,188:14] (termorseq, taclet, rulesOrAxioms, decls, file) 
300986     WARN  Test worker     d.u.i.k.n.KeYParser       [syntax-error] file:/home/runner/work/key/key/key.core/build/resources/main/de/uka/ilkd/key/proof/rules/ifThenElseRules.key:188:27: extraneous input '(' expecting {'\lemma', '}', IDENT, '/*!'} [@1149,5162:5162='(',<146>,188:27] (rulesOrAxioms, decls, file) 
300986     WARN  Test worker     d.u.i.k.n.KeYParser       [syntax-error] file:/home/runner/work/key/key/key.core/build/resources/main/de/uka/ilkd/key/proof/rules/ifThenElseRules.key:188:32: mismatched input '&' expecting {'(', '{'} [@1152,5167:5167='&',<156>,188:32] (taclet, rulesOrAxioms, decls, file) 
300986     WARN  Test worker     d.u.i.k.n.KeYParser       [syntax-error] file:/home/runner/work/key/key/key.core/build/resources/main/de/uka/ilkd/key/proof/rules/ifThenElseRules.key:190:42: mismatched input '}' expecting {'(', '{'} [@1192,5280:5280='}',<149>,190:42] (taclet, rulesOrAxioms, decls, file) 
300987     WARN  Test worker     d.u.i.k.n.KeYParser       [syntax-error] file:/home/runner/work/key/key/key.core/build/resources/main/de/uka/ilkd/key/proof/rules/ifThenElseRules.key:191:39: mismatched input '}' expecting {'(', '{'} [@1205,5325:5325='}',<149>,191:39] (taclet, rulesOrAxioms, decls, file) 
300987     WARN  Test worker     d.u.i.k.n.KeYParser       [syntax-error] file:/home/runner/work/key/key/key.core/build/resources/main/de/uka/ilkd/key/proof/rules/ifThenElseRules.key:198:14: mismatched input '\ifExintVar' expecting {MODALITY, FORALL, EXISTS, '\if', '\ifEx', 'true', 'false', '(', '{', '@', NOT, SEQARROW, '-', STRING_LITERAL, CHAR_LITERAL, BIN_LITERAL, HEX_LITERAL, IDENT, INT_LITERAL, FLOAT_LITERAL, DOUBLE_LITERAL, REAL_LITERAL} [@1233,5475:5485='\ifExintVar',<188>,198:14] (termorseq, taclet, rulesOrAxioms, decls, file) 
300987     WARN  Test worker     d.u.i.k.n.KeYParser       [syntax-error] file:/home/runner/work/key/key/key.core/build/resources/main/de/uka/ilkd/key/proof/rules/ifThenElseRules.key:198:27: extraneous input '(' expecting {'\lemma', '}', IDENT, '/*!'} [@1236,5488:5488='(',<146>,198:27] (rulesOrAxioms, decls, file) 
300987     WARN  Test worker     d.u.i.k.n.KeYParser       [syntax-error] file:/home/runner/work/key/key/key.core/build/resources/main/de/uka/ilkd/key/proof/rules/ifThenElseRules.key:198:32: mismatched input '&' expecting {'(', '{'} [@1239,5493:5493='&',<156>,198:32] (taclet, rulesOrAxioms, decls, file) 
300987     WARN  Test worker     d.u.i.k.n.KeYParser       [syntax-error] file:/home/runner/work/key/key/key.core/build/resources/main/de/uka/ilkd/key/proof/rules/ifThenElseRules.key:200:42: mismatched input '}' expecting {'(', '{'} [@1279,5612:5612='}',<149>,200:42] (taclet, rulesOrAxioms, decls, file) 
300987     WARN  Test worker     d.u.i.k.n.KeYParser       [syntax-error] file:/home/runner/work/key/key/key.core/build/resources/main/de/uka/ilkd/key/proof/rules/ifThenElseRules.key:201:39: mismatched input '}' expecting {'(', '{'} [@1292,5657:5657='}',<149>,201:39] (taclet, rulesOrAxioms, decls, file) 
300987     WARN  Test worker     d.u.i.k.n.KeYParser       [syntax-error] file:/home/runner/work/key/key/key.core/build/resources/main/de/uka/ilkd/key/proof/rules/ifThenElseRules.key:208:14: mismatched input '\ifExintVar' expecting {MODALITY, FORALL, EXISTS, '\if', '\ifEx', 'true', 'false', '(', '{', '@', NOT, SEQARROW, '-', STRING_LITERAL, CHAR_LITERAL, BIN_LITERAL, HEX_LITERAL, IDENT, INT_LITERAL, FLOAT_LITERAL, DOUBLE_LITERAL, REAL_LITERAL} [@1320,5817:5827='\ifExintVar',<188>,208:14] (termorseq, taclet, rulesOrAxioms, decls, file) 
300988     WARN  Test worker     d.u.i.k.n.KeYParser       [syntax-error] file:/home/runner/work/key/key/key.core/build/resources/main/de/uka/ilkd/key/proof/rules/ifThenElseRules.key:208:27: extraneous input '(' expecting {'\lemma', '}', IDENT, '/*!'} [@1323,5830:5830='(',<146>,208:27] (rulesOrAxioms, decls, file) 
300988     WARN  Test worker     d.u.i.k.n.KeYParser       [syntax-error] file:/home/runner/work/key/key/key.core/build/resources/main/de/uka/ilkd/key/proof/rules/ifThenElseRules.key:208:32: mismatched input '&' expecting {'(', '{'} [@1326,5835:5835='&',<156>,208:32] (taclet, rulesOrAxioms, decls, file) 
300988     WARN  Test worker     d.u.i.k.n.KeYParser       [syntax-error] file:/home/runner/work/key/key/key.core/build/resources/main/de/uka/ilkd/key/proof/rules/ifThenElseRules.key:210:42: mismatched input '}' expecting {'(', '{'} [@1366,5948:5948='}',<149>,210:42] (taclet, rulesOrAxioms, decls, file) 
300988     WARN  Test worker     d.u.i.k.n.KeYParser       [syntax-error] file:/home/runner/work/key/key/key.core/build/resources/main/de/uka/ilkd/key/proof/rules/ifThenElseRules.key:211:39: mismatched input '}' expecting {'(', '{'} [@1379,5993:5993='}',<149>,211:39] (taclet, rulesOrAxioms, decls, file) 
300988     WARN  Test worker     d.u.i.k.n.KeYParser       [syntax-error] file:/home/runner/work/key/key/key.core/build/resources/main/de/uka/ilkd/key/proof/rules/ifThenElseRules.key:218:14: mismatched input '\ifExintVar' expecting {MODALITY, FORALL, EXISTS, '\if', '\ifEx', 'true', 'false', '(', '{', '@', NOT, SEQARROW, '-', STRING_LITERAL, CHAR_LITERAL, BIN_LITERAL, HEX_LITERAL, IDENT, INT_LITERAL, FLOAT_LITERAL, DOUBLE_LITERAL, REAL_LITERAL} [@1407,6146:6156='\ifExintVar',<188>,218:14] (termorseq, taclet, rulesOrAxioms, decls, file) 
300988     WARN  Test worker     d.u.i.k.n.KeYParser       [syntax-error] file:/home/runner/work/key/key/key.core/build/resources/main/de/uka/ilkd/key/proof/rules/ifThenElseRules.key:218:27: extraneous input '(' expecting {'\lemma', '}', IDENT, '/*!'} [@1410,6159:6159='(',<146>,218:27] (rulesOrAxioms, decls, file) 
300988     WARN  Test worker     d.u.i.k.n.KeYParser       [syntax-error] file:/home/runner/work/key/key/key.core/build/resources/main/de/uka/ilkd/key/proof/rules/ifThenElseRules.key:218:31: mismatched input ')' expecting {'(', '{'} [@1412,6163:6163=')',<147>,218:31] (taclet, rulesOrAxioms, decls, file) 
300989     WARN  Test worker     d.u.i.k.n.KeYParser       [syntax-error] file:/home/runner/work/key/key/key.core/build/resources/main/de/uka/ilkd/key/proof/rules/ifThenElseRules.key:220:44: mismatched input ')' expecting {'(', '{'} [@1444,6275:6275=')',<147>,220:44] (taclet, rulesOrAxioms, decls, file) 
300989     WARN  Test worker     d.u.i.k.n.KeYParser       [syntax-error] file:/home/runner/work/key/key/key.core/build/resources/main/de/uka/ilkd/key/proof/rules/ifThenElseRules.key:225:14: mismatched input '\ifExintVar' expecting {MODALITY, FORALL, EXISTS, '\if', '\ifEx', 'true', 'false', '(', '{', '@', NOT, SEQARROW, '-', STRING_LITERAL, CHAR_LITERAL, BIN_LITERAL, HEX_LITERAL, IDENT, INT_LITERAL, FLOAT_LITERAL, DOUBLE_LITERAL, REAL_LITERAL} [@1471,6389:6399='\ifExintVar',<188>,225:14] (termorseq, taclet, rulesOrAxioms, decls, file) 
300989     WARN  Test worker     d.u.i.k.n.KeYParser       [syntax-error] file:/home/runner/work/key/key/key.core/build/resources/main/de/uka/ilkd/key/proof/rules/ifThenElseRules.key:225:27: extraneous input '(' expecting {'\lemma', '}', IDENT, '/*!'} [@1474,6402:6402='(',<146>,225:27] (rulesOrAxioms, decls, file) 
300989     WARN  Test worker     d.u.i.k.n.KeYParser       [syntax-error] file:/home/runner/work/key/key/key.core/build/resources/main/de/uka/ilkd/key/proof/rules/ifThenElseRules.key:225:31: mismatched input ')' expecting {'(', '{'} [@1476,6406:6406=')',<147>,225:31] (taclet, rulesOrAxioms, decls, file) 
300989     WARN  Test worker     d.u.i.k.n.KeYParser       [syntax-error] file:/home/runner/work/key/key/key.core/build/resources/main/de/uka/ilkd/key/proof/rules/ifThenElseRules.key:227:44: mismatched input ')' expecting {'(', '{'} [@1508,6509:6509=')',<147>,227:44] (taclet, rulesOrAxioms, decls, file) 
300989     WARN  Test worker     d.u.i.k.n.KeYParser       [syntax-error] file:/home/runner/work/key/key/key.core/build/resources/main/de/uka/ilkd/key/proof/rules/ifThenElseRules.key:233:14: mismatched input '\ifExintVar' expecting {MODALITY, FORALL, EXISTS, '\if', '\ifEx', 'true', 'false', '(', '{', '@', NOT, SEQARROW, '-', STRING_LITERAL, CHAR_LITERAL, BIN_LITERAL, HEX_LITERAL, IDENT, INT_LITERAL, FLOAT_LITERAL, DOUBLE_LITERAL, REAL_LITERAL} [@1539,6656:6666='\ifExintVar',<188>,233:14] (termorseq, taclet, rulesOrAxioms, decls, file) 
300989     WARN  Test worker     d.u.i.k.n.KeYParser       [syntax-error] file:/home/runner/work/key/key/key.core/build/resources/main/de/uka/ilkd/key/proof/rules/ifThenElseRules.key:233:27: extraneous input '(' expecting {'\lemma', '}', IDENT, '/*!'} [@1542,6669:6669='(',<146>,233:27] (rulesOrAxioms, decls, file) 
300990     WARN  Test worker     d.u.i.k.n.KeYParser       [syntax-error] file:/home/runner/work/key/key/key.core/build/resources/main/de/uka/ilkd/key/proof/rules/ifThenElseRules.key:233:31: mismatched input ')' expecting {'(', '{'} [@1544,6673:6673=')',<147>,233:31] (taclet, rulesOrAxioms, decls, file) 
300990     WARN  Test worker     d.u.i.k.n.KeYParser       [syntax-error] file:/home/runner/work/key/key/key.core/build/resources/main/de/uka/ilkd/key/proof/rules/ifThenElseRules.key:237:42: mismatched input '}' expecting {'(', '{'} [@1586,6850:6850='}',<149>,237:42] (taclet, rulesOrAxioms, decls, file) 
300990     WARN  Test worker     d.u.i.k.n.KeYParser       [syntax-error] file:/home/runner/work/key/key/key.core/build/resources/main/de/uka/ilkd/key/proof/rules/ifThenElseRules.key:238:34: mismatched input '}' expecting {'(', '{'} [@1599,6891:6891='}',<149>,238:34] (taclet, rulesOrAxioms, decls, file) 
300990     WARN  Test worker     d.u.i.k.n.KeYParser       [syntax-error] file:/home/runner/work/key/key/key.core/build/resources/main/de/uka/ilkd/key/proof/rules/ifThenElseRules.key:239:28: extraneous input '(' expecting {'\lemma', '}', IDENT, '/*!'} [@1608,6925:6925='(',<146>,239:28] (rulesOrAxioms, decls, file) 
300990     WARN  Test worker     d.u.i.k.n.KeYParser       [syntax-error] file:/home/runner/work/key/key/key.core/build/resources/main/de/uka/ilkd/key/proof/rules/ifThenElseRules.key:239:33: mismatched input '->' expecting {'(', '{'} [@1611,6930:6931='->',<158>,239:33] (taclet, rulesOrAxioms, decls, file) 
300990     WARN  Test worker     d.u.i.k.n.KeYParser       [syntax-error] file:/home/runner/work/key/key/key.core/build/resources/main/de/uka/ilkd/key/proof/rules/ifThenElseRules.key:240:8: extraneous input '\replacewith' expecting {'\lemma', '}', IDENT, '/*!'} [@1626,6979:6990='\replacewith',<105>,240:8] (rulesOrAxioms, decls, file) 
300990     WARN  Test worker     d.u.i.k.n.KeYParser       [syntax-error] file:/home/runner/work/key/key/key.core/build/resources/main/de/uka/ilkd/key/proof/rules/ifThenElseRules.key:240:25: mismatched input ')' expecting {'(', '{'} [@1629,6996:6996=')',<147>,240:25] (taclet, rulesOrAxioms, decls, file) 
300990     WARN  Test worker     d.u.i.k.n.KeYParser       [syntax-error] file:/home/runner/work/key/key/key.core/build/resources/main/de/uka/ilkd/key/proof/rules/ifThenElseRules.key:240:56: mismatched input ')' expecting {'(', '{'} [@1642,7027:7027=')',<147>,240:56] (taclet, rulesOrAxioms, decls, file) 
300991     WARN  Test worker     d.u.i.k.n.KeYParser       [syntax-error] file:/home/runner/work/key/key/key.core/build/resources/main/de/uka/ilkd/key/proof/rules/ifThenElseRules.key:245:14: mismatched input '\ifExintVar' expecting {MODALITY, FORALL, EXISTS, '\if', '\ifEx', 'true', 'false', '(', '{', '@', NOT, SEQARROW, '-', STRING_LITERAL, CHAR_LITERAL, BIN_LITERAL, HEX_LITERAL, IDENT, INT_LITERAL, FLOAT_LITERAL, DOUBLE_LITERAL, REAL_LITERAL} [@1658,7109:7119='\ifExintVar',<188>,245:14] (termorseq, taclet, rulesOrAxioms, decls, file) 
300991     WARN  Test worker     d.u.i.k.n.KeYParser       [syntax-error] file:/home/runner/work/key/key/key.core/build/resources/main/de/uka/ilkd/key/proof/rules/ifThenElseRules.key:245:27: extraneous input '(' expecting {'\lemma', '}', IDENT, '/*!'} [@1661,7122:7122='(',<146>,245:27] (rulesOrAxioms, decls, file) 
300991     WARN  Test worker     d.u.i.k.n.KeYParser       [syntax-error] file:/home/runner/work/key/key/key.core/build/resources/main/de/uka/ilkd/key/proof/rules/ifThenElseRules.key:245:31: mismatched input ')' expecting {'(', '{'} [@1663,7126:7126=')',<147>,245:31] (taclet, rulesOrAxioms, decls, file) 
300991     WARN  Test worker     d.u.i.k.n.KeYParser       [syntax-error] file:/home/runner/work/key/key/key.core/build/resources/main/de/uka/ilkd/key/proof/rules/ifThenElseRules.key:248:45: mismatched input '}' expecting {'(', '{'} [@1696,7268:7268='}',<149>,248:45] (taclet, rulesOrAxioms, decls, file) 
300991     WARN  Test worker     d.u.i.k.n.KeYParser       [syntax-error] file:/home/runner/work/key/key/key.core/build/resources/main/de/uka/ilkd/key/proof/rules/ifThenElseRules.key:249:8: extraneous input '\replacewith' expecting {'\lemma', '}', IDENT, '/*!'} [@1701,7284:7295='\replacewith',<105>,249:8] (rulesOrAxioms, decls, file) 
300991     WARN  Test worker     d.u.i.k.n.KeYParser       [syntax-error] file:/home/runner/work/key/key/key.core/build/resources/main/de/uka/ilkd/key/proof/rules/ifThenElseRules.key:249:38: mismatched input ')' expecting {'(', '{'} [@1708,7314:7314=')',<147>,249:38] (taclet, rulesOrAxioms, decls, file) 
300991     WARN  Test worker     d.u.i.k.n.KeYParser       [syntax-error] file:/home/runner/work/key/key/key.core/build/resources/main/de/uka/ilkd/key/proof/rules/ifThenElseRules.key:250:42: mismatched input '}' expecting {'(', '{'} [@1731,7381:7381='}',<149>,250:42] (taclet, rulesOrAxioms, decls, file) 
300992     WARN  Test worker     d.u.i.k.n.KeYParser       [syntax-error] file:/home/runner/work/key/key/key.core/build/resources/main/de/uka/ilkd/key/proof/rules/ifThenElseRules.key:251:28: extraneous input '(' expecting {'\lemma', '}', IDENT, '/*!'} [@1741,7416:7416='(',<146>,251:28] (rulesOrAxioms, decls, file) 
300992     WARN  Test worker     d.u.i.k.n.KeYParser       [syntax-error] file:/home/runner/work/key/key/key.core/build/resources/main/de/uka/ilkd/key/proof/rules/ifThenElseRules.key:251:33: mismatched input '->' expecting {'(', '{'} [@1744,7421:7422='->',<158>,251:33] (taclet, rulesOrAxioms, decls, file) 
300992     WARN  Test worker     d.u.i.k.n.KeYParser       [syntax-error] file:/home/runner/work/key/key/key.core/build/resources/main/de/uka/ilkd/key/proof/rules/ifThenElseRules.key:255:14: mismatched input '\ifExintVar' expecting {MODALITY, FORALL, EXISTS, '\if', '\ifEx', 'true', 'false', '(', '{', '@', NOT, SEQARROW, '-', STRING_LITERAL, CHAR_LITERAL, BIN_LITERAL, HEX_LITERAL, IDENT, INT_LITERAL, FLOAT_LITERAL, DOUBLE_LITERAL, REAL_LITERAL} [@1765,7506:7516='\ifExintVar',<188>,255:14] (termorseq, taclet, rulesOrAxioms, decls, file) 
300992     WARN  Test worker     d.u.i.k.n.KeYParser       [syntax-error] file:/home/runner/work/key/key/key.core/build/resources/main/de/uka/ilkd/key/proof/rules/ifThenElseRules.key:255:27: extraneous input '(' expecting {'\lemma', '}', IDENT, '/*!'} [@1768,7519:7519='(',<146>,255:27] (rulesOrAxioms, decls, file) 
300992     WARN  Test worker     d.u.i.k.n.KeYParser       [syntax-error] file:/home/runner/work/key/key/key.core/build/resources/main/de/uka/ilkd/key/proof/rules/ifThenElseRules.key:255:31: mismatched input ')' expecting {'(', '{'} [@1770,7523:7523=')',<147>,255:31] (taclet, rulesOrAxioms, decls, file) 
300993     WARN  Test worker     d.u.i.k.n.KeYParser       [syntax-error] file:/home/runner/work/key/key/key.core/build/resources/main/de/uka/ilkd/key/proof/rules/ifThenElseRules.key:258:52: extraneous input '0' expecting {'\lemma', '}', IDENT, '/*!'} [@1809,7667:7667='0',<184>,258:52] (rulesOrAxioms, decls, file) 
300993     WARN  Test worker     d.u.i.k.n.KeYParser       [syntax-error] file:/home/runner/work/key/key/key.core/build/resources/main/de/uka/ilkd/key/proof/rules/ifThenElseRules.key:258:54: mismatched input 'then' expecting {<EOF>, '\problem', '\chooseContract', '\proofObligation', '\proof'} [@1811,7669:7672='then',<183>,258:54] (file) 
300993     ERROR Test worker     d.u.i.k.s.n.MasterHandlerTest Error reading /home/runner/work/key/key/key.core/build/resources/test/de/uka/ilkd/key/smt/newsmt2/cases/int1.props de.uka.ilkd.key.proof.io.ProblemLoaderException: line 135:14 mismatched input '\ifExintVar' expecting {MODALITY, FORALL, EXISTS, '\if', '\ifEx', 'true', 'false', '(', '{', '@', NOT, SEQARROW, '-', STRING_LITERAL, CHAR_LITERAL, BIN_LITERAL, HEX_LITERAL, IDENT, INT_LITERAL, FLOAT_LITERAL, DOUBLE_LITERAL, REAL_LITERAL}
line 135:27 extraneous input '(' expecting {'\lemma', '}', IDENT, '/*!'}
line 135:44 mismatched input ')' expecting {'(', '{'}
line 141:14 mismatched input '\ifExintVar' expecting {MODALITY, FORALL, EXISTS, '\if', '\ifEx', 'true', 'false', '(', '{', '@', NOT, SEQARROW, '-', STRING_LITERAL, CHAR_LITERAL, BIN_LITERAL, HEX_LITERAL, IDENT, INT_LITERAL, FLOAT_LITERAL, DOUBLE_LITERAL, REAL_LITERAL}
line 141:27 extraneous input '(' expecting {'\lemma', '}', IDENT, '/*!'}
line 141:41 mismatched input ')' expecting {'(', '{'}
line 148:14 mismatched input '\ifExintVar' expecting {MODALITY, FORALL, EXISTS, '\if', '\ifEx', 'true', 'false', '(', '{', '@', NOT, SEQARROW, '-', STRING_LITERAL, CHAR_LITERAL, BIN_LITERAL, HEX_LITERAL, IDENT, INT_LITERAL, FLOAT_LITERAL, DOUBLE_LITERAL, REAL_LITERAL}
line 148:27 extraneous input '(' expecting {'\lemma', '}', IDENT, '/*!'}
line 148:35 mismatched input '=' expecting {'(', '{'}
line 150:38 mismatched input '}' expecting {'(', '{'}
line 155:14 mismatched input '\ifExintVar' expecting {MODALITY, FORALL, EXISTS, '\if', '\ifEx', 'true', 'false', '(', '{', '@', NOT, SEQARROW, '-', STRING_LITERAL, CHAR_LITERAL, BIN_LITERAL, HEX_LITERAL, IDENT, INT_LITERAL, FLOAT_LITERAL, DOUBLE_LITERAL, REAL_LITERAL}
line 155:27 extraneous input '(' expecting {'\lemma', '}', IDENT, '/*!'}
line 155:35 mismatched input '=' expecting {'(', '{'}
line 157:38 mismatched input '}' expecting {'(', '{'}
line 163:14 mismatched input '\ifExintVar' expecting {MODALITY, FORALL, EXISTS, '\if', '\ifEx', 'true', 'false', '(', '{', '@', NOT, SEQARROW, '-', STRING_LITERAL, CHAR_LITERAL, BIN_LITERAL, HEX_LITERAL, IDENT, INT_LITERAL, FLOAT_LITERAL, DOUBLE_LITERAL, REAL_LITERAL}
line 163:27 extraneous input '(' expecting {'\lemma', '}', IDENT, '/*!'}
line 163:30 mismatched input '=' expecting {'(', '{'}
line 165:38 mismatched input '}' expecting {'(', '{'}
line 171:14 mismatched input '\ifExintVar' expecting {MODALITY, FORALL, EXISTS, '\if', '\ifEx', 'true', 'false', '(', '{', '@', NOT, SEQARROW, '-', STRING_LITERAL, CHAR_LITERAL, BIN_LITERAL, HEX_LITERAL, IDENT, INT_LITERAL, FLOAT_LITERAL, DOUBLE_LITERAL, REAL_LITERAL}
line 171:27 extraneous input '(' expecting {'\lemma', '}', IDENT, '/*!'}
line 171:30 mismatched input '=' expecting {'(', '{'}
line 173:38 mismatched input '}' expecting {'(', '{'}
line 179:14 mismatched input '\ifExintVar' expecting {MODALITY, FORALL, EXISTS, '\if', '\ifEx', 'true', 'false', '(', '{', '@', NOT, SEQARROW, '-', STRING_LITERAL, CHAR_LITERAL, BIN_LITERAL, HEX_LITERAL, IDENT, INT_LITERAL, FLOAT_LITERAL, DOUBLE_LITERAL, REAL_LITERAL}
line 179:27 extraneous input '(' expecting {'\lemma', '}', IDENT, '/*!'}
line 179:32 mismatched input '&' expecting {'(', '{'}
line 181:42 mismatched input '}' expecting {'(', '{'}
line 182:39 mismatched input '}' expecting {'(', '{'}
line 188:14 mismatched input '\ifExintVar' expecting {MODALITY, FORALL, EXISTS, '\if', '\ifEx', 'true', 'false', '(', '{', '@', NOT, SEQARROW, '-', STRING_LITERAL, CHAR_LITERAL, BIN_LITERAL, HEX_LITERAL, IDENT, INT_LITERAL, FLOAT_LITERAL, DOUBLE_LITERAL, REAL_LITERAL}
line 188:27 extraneous input '(' expecting {'\lemma', '}', IDENT, '/*!'}
line 188:32 mismatched input '&' expecting {'(', '{'}
line 190:42 mismatched input '}' expecting {'(', '{'}
line 191:39 mismatched input '}' expecting {'(', '{'}
line 198:14 mismatched input '\ifExintVar' expecting {MODALITY, FORALL, EXISTS, '\if', '\ifEx', 'true', 'false', '(', '{', '@', NOT, SEQARROW, '-', STRING_LITERAL, CHAR_LITERAL, BIN_LITERAL, HEX_LITERAL, IDENT, INT_LITERAL, FLOAT_LITERAL, DOUBLE_LITERAL, REAL_LITERAL}
line 198:27 extraneous input '(' expecting {'\lemma', '}', IDENT, '/*!'}
line 198:32 mismatched input '&' expecting {'(', '{'}
line 200:42 mismatched input '}' expecting {'(', '{'}
line 201:39 mismatched input '}' expecting {'(', '{'}
line 208:14 mismatched input '\ifExintVar' expecting {MODALITY, FORALL, EXISTS, '\if', '\ifEx', 'true', 'false', '(', '{', '@', NOT, SEQARROW, '-', STRING_LITERAL, CHAR_LITERAL, BIN_LITERAL, HEX_LITERAL, IDENT, INT_LITERAL, FLOAT_LITERAL, DOUBLE_LITERAL, REAL_LITERAL}
line 208:27 extraneous input '(' expecting {'\lemma', '}', IDENT, '/*!'}
line 208:32 mismatched input '&' expecting {'(', '{'}
line 210:42 mismatched input '}' expecting {'(', '{'}
line 211:39 mismatched input '}' expecting {'(', '{'}
line 218:14 mismatched input '\ifExintVar' expecting {MODALITY, FORALL, EXISTS, '\if', '\ifEx', 'true', 'false', '(', '{', '@', NOT, SEQARROW, '-', STRING_LITERAL, CHAR_LITERAL, BIN_LITERAL, HEX_LITERAL, IDENT, INT_LITERAL, FLOAT_LITERAL, DOUBLE_LITERAL, REAL_LITERAL}
line 218:27 extraneous input '(' expecting {'\lemma', '}', IDENT, '/*!'}
line 218:31 mismatched input ')' expecting {'(', '{'}
line 220:44 mismatched input ')' expecting {'(', '{'}
line 225:14 mismatched input '\ifExintVar' expecting {MODALITY, FORALL, EXISTS, '\if', '\ifEx', 'true', 'false', '(', '{', '@', NOT, SEQARROW, '-', STRING_LITERAL, CHAR_LITERAL, BIN_LITERAL, HEX_LITERAL, IDENT, INT_LITERAL, FLOAT_LITERAL, DOUBLE_LITERAL, REAL_LITERAL}
line 225:27 extraneous input '(' expecting {'\lemma', '}', IDENT, '/*!'}
line 225:31 mismatched input ')' expecting {'(', '{'}
line 227:44 mismatched input ')' expecting {'(', '{'}
line 233:14 mismatched input '\ifExintVar' expecting {MODALITY, FORALL, EXISTS, '\if', '\ifEx', 'true', 'false', '(', '{', '@', NOT, SEQARROW, '-', STRING_LITERAL, CHAR_LITERAL, BIN_LITERAL, HEX_LITERAL, IDENT, INT_LITERAL, FLOAT_LITERAL, DOUBLE_LITERAL, REAL_LITERAL}
line 233:27 extraneous input '(' expecting {'\lemma', '}', IDENT, '/*!'}
line 233:31 mismatched input ')' expecting {'(', '{'}
line 237:42 mismatched input '}' expecting {'(', '{'}
line 238:34 mismatched input '}' expecting {'(', '{'}
line 239:28 extraneous input '(' expecting {'\lemma', '}', IDENT, '/*!'}
line 239:33 mismatched input '->' expecting {'(', '{'}
line 240:8 extraneous input '\replacewith' expecting {'\lemma', '}', IDENT, '/*!'}
line 240:25 mismatched input ')' expecting {'(', '{'}
line 240:56 mismatched input ')' expecting {'(', '{'}
line 245:14 mismatched input '\ifExintVar' expecting {MODALITY, FORALL, EXISTS, '\if', '\ifEx', 'true', 'false', '(', '{', '@', NOT, SEQARROW, '-', STRING_LITERAL, CHAR_LITERAL, BIN_LITERAL, HEX_LITERAL, IDENT, INT_LITERAL, FLOAT_LITERAL, DOUBLE_LITERAL, REAL_LITERAL}
line 245:27 extraneous input '(' expecting {'\lemma', '}', IDENT, '/*!'}
line 245:31 mismatched input ')' expecting {'(', '{'}
line 248:45 mismatched input '}' expecting {'(', '{'}
line 249:8 extraneous input '\replacewith' expecting {'\lemma', '}', IDENT, '/*!'}
line 249:38 mismatched input ')' expecting {'(', '{'}
line 250:42 mismatched input '}' expecting {'(', '{'}
line 251:28 extraneous input '(' expecting {'\lemma', '}', IDENT, '/*!'}
line 251:33 mismatched input '->' expecting {'(', '{'}
line 255:14 mismatched input '\ifExintVar' expecting {MODALITY, FORALL, EXISTS, '\if', '\ifEx', 'true', 'false', '(', '{', '@', NOT, SEQARROW, '-', STRING_LITERAL, CHAR_LITERAL, BIN_LITERAL, HEX_LITERAL, IDENT, INT_LITERAL, FLOAT_LITERAL, DOUBLE_LITERAL, REAL_LITERAL}
line 255:27 extraneous input '(' expecting {'\lemma', '}', IDENT, '/*!'}
line 255:31 mismatched input ')' expecting {'(', '{'}
line 258:52 extraneous input '0' expecting {'\lemma', '}', IDENT, '/*!'}
line 258:54 mismatched input 'then' expecting {<EOF>, '\problem', '\chooseContract', '\proofObligation', '\proof'}

	at de.uka.ilkd.key.control.AbstractUserInterfaceControl.load(AbstractUserInterfaceControl.java:221)
Caused by: de.uka.ilkd.key.proof.init.ProofInputException: line 135:14 mismatched input '\ifExintVar' expecting {MODALITY, FORALL, EXISTS, '\if', '\ifEx', 'true', 'false', '(', '{', '@', NOT, SEQARROW, '-', STRING_LITERAL, CHAR_LITERAL, BIN_LITERAL, HEX_LITERAL, IDENT, INT_LITERAL, FLOAT_LITERAL, DOUBLE_LITERAL, REAL_LITERAL}
line 135:27 extraneous input '(' expecting {'\lemma', '}', IDENT, '/*!'}
line 135:44 mismatched input ')' expecting {'(', '{'}
line 141:14 mismatched input '\ifExintVar' expecting {MODALITY, FORALL, EXISTS, '\if', '\ifEx', 'true', 'false', '(', '{', '@', NOT, SEQARROW, '-', STRING_LITERAL, CHAR_LITERAL, BIN_LITERAL, HEX_LITERAL, IDENT, INT_LITERAL, FLOAT_LITERAL, DOUBLE_LITERAL, REAL_LITERAL}
line 141:27 extraneous input '(' expecting {'\lemma', '}', IDENT, '/*!'}
line 141:41 mismatched input ')' expecting {'(', '{'}
line 148:14 mismatched input '\ifExintVar' expecting {MODALITY, FORALL, EXISTS, '\if', '\ifEx', 'true', 'false', '(', '{', '@', NOT, SEQARROW, '-', STRING_LITERAL, CHAR_LITERAL, BIN_LITERAL, HEX_LITERAL, IDENT, INT_LITERAL, FLOAT_LITERAL, DOUBLE_LITERAL, REAL_LITERAL}
line 148:27 extraneous input '(' expecting {'\lemma', '}', IDENT, '/*!'}
line 148:35 mismatched input '=' expecting {'(', '{'}
line 150:38 mismatched input '}' expecting {'(', '{'}
line 155:14 mismatched input '\ifExintVar' expecting {MODALITY, FORALL, EXISTS, '\if', '\ifEx', 'true', 'false', '(', '{', '@', NOT, SEQARROW, '-', STRING_LITERAL, CHAR_LITERAL, BIN_LITERAL, HEX_LITERAL, IDENT, INT_LITERAL, FLOAT_LITERAL, DOUBLE_LITERAL, REAL_LITERAL}
line 155:27 extraneous input '(' expecting {'\lemma', '}', IDENT, '/*!'}
line 155:35 mismatched input '=' expecting {'(', '{'}
line 157:38 mismatched input '}' expecting {'(', '{'}
line 163:14 mismatched input '\ifExintVar' expecting {MODALITY, FORALL, EXISTS, '\if', '\ifEx', 'true', 'false', '(', '{', '@', NOT, SEQARROW, '-', STRING_LITERAL, CHAR_LITERAL, BIN_LITERAL, HEX_LITERAL, IDENT, INT_LITERAL, FLOAT_LITERAL, DOUBLE_LITERAL, REAL_LITERAL}
line 163:27 extraneous input '(' expecting {'\lemma', '}', IDENT, '/*!'}
line 163:30 mismatched input '=' expecting {'(', '{'}
line 165:38 mismatched input '}' expecting {'(', '{'}
line 171:14 mismatched input '\ifExintVar' expecting {MODALITY, FORALL, EXISTS, '\if', '\ifEx', 'true', 'false', '(', '{', '@', NOT, SEQARROW, '-', STRING_LITERAL, CHAR_LITERAL, BIN_LITERAL, HEX_LITERAL, IDENT, INT_LITERAL, FLOAT_LITERAL, DOUBLE_LITERAL, REAL_LITERAL}
line 171:27 extraneous input '(' expecting {'\lemma', '}', IDENT, '/*!'}
line 171:30 mismatched input '=' expecting {'(', '{'}
line 173:38 mismatched input '}' expecting {'(', '{'}
line 179:14 mismatched input '\ifExintVar' expecting {MODALITY, FORALL, EXISTS, '\if', '\ifEx', 'true', 'false', '(', '{', '@', NOT, SEQARROW, '-', STRING_LITERAL, CHAR_LITERAL, BIN_LITERAL, HEX_LITERAL, IDENT, INT_LITERAL, FLOAT_LITERAL, DOUBLE_LITERAL, REAL_LITERAL}
line 179:27 extraneous input '(' expecting {'\lemma', '}', IDENT, '/*!'}
line 179:32 mismatched input '&' expecting {'(', '{'}
line 181:42 mismatched input '}' expecting {'(', '{'}
line 182:39 mismatched input '}' expecting {'(', '{'}
line 188:14 mismatched input '\ifExintVar' expecting {MODALITY, FORALL, EXISTS, '\if', '\ifEx', 'true', 'false', '(', '{', '@', NOT, SEQARROW, '-', STRING_LITERAL, CHAR_LITERAL, BIN_LITERAL, HEX_LITERAL, IDENT, INT_LITERAL, FLOAT_LITERAL, DOUBLE_LITERAL, REAL_LITERAL}
line 188:27 extraneous input '(' expecting {'\lemma', '}', IDENT, '/*!'}
line 188:32 mismatched input '&' expecting {'(', '{'}
line 190:42 mismatched input '}' expecting {'(', '{'}
line 191:39 mismatched input '}' expecting {'(', '{'}
line 198:14 mismatched input '\ifExintVar' expecting {MODALITY, FORALL, EXISTS, '\if', '\ifEx', 'true', 'false', '(', '{', '@', NOT, SEQARROW, '-', STRING_LITERAL, CHAR_LITERAL, BIN_LITERAL, HEX_LITERAL, IDENT, INT_LITERAL, FLOAT_LITERAL, DOUBLE_LITERAL, REAL_LITERAL}
line 198:27 extraneous input '(' expecting {'\lemma', '}', IDENT, '/*!'}
line 198:32 mismatched input '&' expecting {'(', '{'}
line 200:42 mismatched input '}' expecting {'(', '{'}
line 201:39 mismatched input '}' expecting {'(', '{'}
line 208:14 mismatched input '\ifExintVar' expecting {MODALITY, FORALL, EXISTS, '\if', '\ifEx', 'true', 'false', '(', '{', '@', NOT, SEQARROW, '-', STRING_LITERAL, CHAR_LITERAL, BIN_LITERAL, HEX_LITERAL, IDENT, INT_LITERAL, FLOAT_LITERAL, DOUBLE_LITERAL, REAL_LITERAL}
line 208:27 extraneous input '(' expecting {'\lemma', '}', IDENT, '/*!'}
line 208:32 mismatched input '&' expecting {'(', '{'}
line 210:42 mismatched input '}' expecting {'(', '{'}
line 211:39 mismatched input '}' expecting {'(', '{'}
line 218:14 mismatched input '\ifExintVar' expecting {MODALITY, FORALL, EXISTS, '\if', '\ifEx', 'true', 'false', '(', '{', '@', NOT, SEQARROW, '-', STRING_LITERAL, CHAR_LITERAL, BIN_LITERAL, HEX_LITERAL, IDENT, INT_LITERAL, FLOAT_LITERAL, DOUBLE_LITERAL, REAL_LITERAL}
line 218:27 extraneous input '(' expecting {'\lemma', '}', IDENT, '/*!'}
line 218:31 mismatched input ')' expecting {'(', '{'}
line 220:44 mismatched input ')' expecting {'(', '{'}
line 225:14 mismatched input '\ifExintVar' expecting {MODALITY, FORALL, EXISTS, '\if', '\ifEx', 'true', 'false', '(', '{', '@', NOT, SEQARROW, '-', STRING_LITERAL, CHAR_LITERAL, BIN_LITERAL, HEX_LITERAL, IDENT, INT_LITERAL, FLOAT_LITERAL, DOUBLE_LITERAL, REAL_LITERAL}
line 225:27 extraneous input '(' expecting {'\lemma', '}', IDENT, '/*!'}
line 225:31 mismatched input ')' expecting {'(', '{'}
line 227:44 mismatched input ')' expecting {'(', '{'}
line 233:14 mismatched input '\ifExintVar' expecting {MODALITY, FORALL, EXISTS, '\if', '\ifEx', 'true', 'false', '(', '{', '@', NOT, SEQARROW, '-', STRING_LITERAL, CHAR_LITERAL, BIN_LITERAL, HEX_LITERAL, IDENT, INT_LITERAL, FLOAT_LITERAL, DOUBLE_LITERAL, REAL_LITERAL}
line 233:27 extraneous input '(' expecting {'\lemma', '}', IDENT, '/*!'}
line 233:31 mismatched input ')' expecting {'(', '{'}
line 237:42 mismatched input '}' expecting {'(', '{'}
line 238:34 mismatched input '}' expecting {'(', '{'}
line 239:28 extraneous input '(' expecting {'\lemma', '}', IDENT, '/*!'}
line 239:33 mismatched input '->' expecting {'(', '{'}
line 240:8 extraneous input '\replacewith' expecting {'\lemma', '}', IDENT, '/*!'}
line 240:25 mismatched input ')' expecting {'(', '{'}
line 240:56 mismatched input ')' expecting {'(', '{'}
line 245:14 mismatched input '\ifExintVar' expecting {MODALITY, FORALL, EXISTS, '\if', '\ifEx', 'true', 'false', '(', '{', '@', NOT, SEQARROW, '-', STRING_LITERAL, CHAR_LITERAL, BIN_LITERAL, HEX_LITERAL, IDENT, INT_LITERAL, FLOAT_LITERAL, DOUBLE_LITERAL, REAL_LITERAL}
line 245:27 extraneous input '(' expecting {'\lemma', '}', IDENT, '/*!'}
line 245:31 mismatched input ')' expecting {'(', '{'}
line 248:45 mismatched input '}' expecting {'(', '{'}
line 249:8 extraneous input '\replacewith' expecting {'\lemma', '}', IDENT, '/*!'}
line 249:38 mismatched input ')' expecting {'(', '{'}
line 250:42 mismatched input '}' expecting {'(', '{'}
line 251:28 extraneous input '(' expecting {'\lemma', '}', IDENT, '/*!'}
line 251:33 mismatched input '->' expecting {'(', '{'}
line 255:14 mismatched input '\ifExintVar' expecting {MODALITY, FORALL, EXISTS, '\if', '\ifEx', 'true', 'false', '(', '{', '@', NOT, SEQARROW, '-', STRING_LITERAL, CHAR_LITERAL, BIN_LITERAL, HEX_LITERAL, IDENT, INT_LITERAL, FLOAT_LITERAL, DOUBLE_LITERAL, REAL_LITERAL}
line 255:27 extraneous input '(' expecting {'\lemma', '}', IDENT, '/*!'}
line 255:31 mismatched input ')' expecting {'(', '{'}
line 258:52 extraneous input '0' expecting {'\lemma', '}', IDENT, '/*!'}
line 258:54 mismatched input 'then' expecting {<EOF>, '\problem', '\chooseContract', '\proofObligation', '\proof'}

	at de.uka.ilkd.key.proof.io.KeYFile.readIncludes(KeYFile.java:210)
Caused by: de.uka.ilkd.key.util.parsing.SyntaxErrorReporter$ParserException: line 135:14 mismatched input '\ifExintVar' expecting {MODALITY, FORALL, EXISTS, '\if', '\ifEx', 'true', 'false', '(', '{', '@', NOT, SEQARROW, '-', STRING_LITERAL, CHAR_LITERAL, BIN_LITERAL, HEX_LITERAL, IDENT, INT_LITERAL, FLOAT_LITERAL, DOUBLE_LITERAL, REAL_LITERAL}
line 135:27 extraneous input '(' expecting {'\lemma', '}', IDENT, '/*!'}
line 135:44 mismatched input ')' expecting {'(', '{'}
line 141:14 mismatched input '\ifExintVar' expecting {MODALITY, FORALL, EXISTS, '\if', '\ifEx', 'true', 'false', '(', '{', '@', NOT, SEQARROW, '-', STRING_LITERAL, CHAR_LITERAL, BIN_LITERAL, HEX_LITERAL, IDENT, INT_LITERAL, FLOAT_LITERAL, DOUBLE_LITERAL, REAL_LITERAL}
line 141:27 extraneous input '(' expecting {'\lemma', '}', IDENT, '/*!'}
line 141:41 mismatched input ')' expecting {'(', '{'}
line 148:14 mismatched input '\ifExintVar' expecting {MODALITY, FORALL, EXISTS, '\if', '\ifEx', 'true', 'false', '(', '{', '@', NOT, SEQARROW, '-', STRING_LITERAL, CHAR_LITERAL, BIN_LITERAL, HEX_LITERAL, IDENT, INT_LITERAL, FLOAT_LITERAL, DOUBLE_LITERAL, REAL_LITERAL}
line 148:27 extraneous input '(' expecting {'\lemma', '}', IDENT, '/*!'}
line 148:35 mismatched input '=' expecting {'(', '{'}
line 150:38 mismatched input '}' expecting {'(', '{'}
line 155:14 mismatched input '\ifExintVar' expecting {MODALITY, FORALL, EXISTS, '\if', '\ifEx', 'true', 'false', '(', '{', '@', NOT, SEQARROW, '-', STRING_LITERAL, CHAR_LITERAL, BIN_LITERAL, HEX_LITERAL, IDENT, INT_LITERAL, FLOAT_LITERAL, DOUBLE_LITERAL, REAL_LITERAL}
line 155:27 extraneous input '(' expecting {'\lemma', '}', IDENT, '/*!'}
line 155:35 mismatched input '=' expecting {'(', '{'}
line 157:38 mismatched input '}' expecting {'(', '{'}
line 163:14 mismatched input '\ifExintVar' expecting {MODALITY, FORALL, EXISTS, '\if', '\ifEx', 'true', 'false', '(', '{', '@', NOT, SEQARROW, '-', STRING_LITERAL, CHAR_LITERAL, BIN_LITERAL, HEX_LITERAL, IDENT, INT_LITERAL, FLOAT_LITERAL, DOUBLE_LITERAL, REAL_LITERAL}
line 163:27 extraneous input '(' expecting {'\lemma', '}', IDENT, '/*!'}
line 163:30 mismatched input '=' expecting {'(', '{'}
line 165:38 mismatched input '}' expecting {'(', '{'}
line 171:14 mismatched input '\ifExintVar' expecting {MODALITY, FORALL, EXISTS, '\if', '\ifEx', 'true', 'false', '(', '{', '@', NOT, SEQARROW, '-', STRING_LITERAL, CHAR_LITERAL, BIN_LITERAL, HEX_LITERAL, IDENT, INT_LITERAL, FLOAT_LITERAL, DOUBLE_LITERAL, REAL_LITERAL}
line 171:27 extraneous input '(' expecting {'\lemma', '}', IDENT, '/*!'}
line 171:30 mismatched input '=' expecting {'(', '{'}
line 173:38 mismatched input '}' expecting {'(', '{'}
line 179:14 mismatched input '\ifExintVar' expecting {MODALITY, FORALL, EXISTS, '\if', '\ifEx', 'true', 'false', '(', '{', '@', NOT, SEQARROW, '-', STRING_LITERAL, CHAR_LITERAL, BIN_LITERAL, HEX_LITERAL, IDENT, INT_LITERAL, FLOAT_LITERAL, DOUBLE_LITERAL, REAL_LITERAL}
line 179:27 extraneous input '(' expecting {'\lemma', '}', IDENT, '/*!'}
line 179:32 mismatched input '&' expecting {'(', '{'}
line 181:42 mismatched input '}' expecting {'(', '{'}
line 182:39 mismatched input '}' expecting {'(', '{'}
line 188:14 mismatched input '\ifExintVar' expecting {MODALITY, FORALL, EXISTS, '\if', '\ifEx', 'true', 'false', '(', '{', '@', NOT, SEQARROW, '-', STRING_LITERAL, CHAR_LITERAL, BIN_LITERAL, HEX_LITERAL, IDENT, INT_LITERAL, FLOAT_LITERAL, DOUBLE_LITERAL, REAL_LITERAL}
line 188:27 extraneous input '(' expecting {'\lemma', '}', IDENT, '/*!'}
line 188:32 mismatched input '&' expecting {'(', '{'}
line 190:42 mismatched input '}' expecting {'(', '{'}
line 191:39 mismatched input '}' expecting {'(', '{'}
line 198:14 mismatched input '\ifExintVar' expecting {MODALITY, FORALL, EXISTS, '\if', '\ifEx', 'true', 'false', '(', '{', '@', NOT, SEQARROW, '-', STRING_LITERAL, CHAR_LITERAL, BIN_LITERAL, HEX_LITERAL, IDENT, INT_LITERAL, FLOAT_LITERAL, DOUBLE_LITERAL, REAL_LITERAL}
line 198:27 extraneous input '(' expecting {'\lemma', '}', IDENT, '/*!'}
line 198:32 mismatched input '&' expecting {'(', '{'}
line 200:42 mismatched input '}' expecting {'(', '{'}
line 201:39 mismatched input '}' expecting {'(', '{'}
line 208:14 mismatched input '\ifExintVar' expecting {MODALITY, FORALL, EXISTS, '\if', '\ifEx', 'true', 'false', '(', '{', '@', NOT, SEQARROW, '-', STRING_LITERAL, CHAR_LITERAL, BIN_LITERAL, HEX_LITERAL, IDENT, INT_LITERAL, FLOAT_LITERAL, DOUBLE_LITERAL, REAL_LITERAL}
line 208:27 extraneous input '(' expecting {'\lemma', '}', IDENT, '/*!'}
line 208:32 mismatched input '&' expecting {'(', '{'}
line 210:42 mismatched input '}' expecting {'(', '{'}
line 211:39 mismatched input '}' expecting {'(', '{'}
line 218:14 mismatched input '\ifExintVar' expecting {MODALITY, FORALL, EXISTS, '\if', '\ifEx', 'true', 'false', '(', '{', '@', NOT, SEQARROW, '-', STRING_LITERAL, CHAR_LITERAL, BIN_LITERAL, HEX_LITERAL, IDENT, INT_LITERAL, FLOAT_LITERAL, DOUBLE_LITERAL, REAL_LITERAL}
line 218:27 extraneous input '(' expecting {'\lemma', '}', IDENT, '/*!'}
line 218:31 mismatched input ')' expecting {'(', '{'}
line 220:44 mismatched input ')' expecting {'(', '{'}
line 225:14 mismatched input '\ifExintVar' expecting {MODALITY, FORALL, EXISTS, '\if', '\ifEx', 'true', 'false', '(', '{', '@', NOT, SEQARROW, '-', STRING_LITERAL, CHAR_LITERAL, BIN_LITERAL, HEX_LITERAL, IDENT, INT_LITERAL, FLOAT_LITERAL, DOUBLE_LITERAL, REAL_LITERAL}
line 225:27 extraneous input '(' expecting {'\lemma', '}', IDENT, '/*!'}
line 225:31 mismatched input ')' expecting {'(', '{'}
line 227:44 mismatched input ')' expecting {'(', '{'}
line 233:14 mismatched input '\ifExintVar' expecting {MODALITY, FORALL, EXISTS, '\if', '\ifEx', 'true', 'false', '(', '{', '@', NOT, SEQARROW, '-', STRING_LITERAL, CHAR_LITERAL, BIN_LITERAL, HEX_LITERAL, IDENT, INT_LITERAL, FLOAT_LITERAL, DOUBLE_LITERAL, REAL_LITERAL}
line 233:27 extraneous input '(' expecting {'\lemma', '}', IDENT, '/*!'}
line 233:31 mismatched input ')' expecting {'(', '{'}
line 237:42 mismatched input '}' expecting {'(', '{'}
line 238:34 mismatched input '}' expecting {'(', '{'}
line 239:28 extraneous input '(' expecting {'\lemma', '}', IDENT, '/*!'}
line 239:33 mismatched input '->' expecting {'(', '{'}
line 240:8 extraneous input '\replacewith' expecting {'\lemma', '}', IDENT, '/*!'}
line 240:25 mismatched input ')' expecting {'(', '{'}
line 240:56 mismatched input ')' expecting {'(', '{'}
line 245:14 mismatched input '\ifExintVar' expecting {MODALITY, FORALL, EXISTS, '\if', '\ifEx', 'true', 'false', '(', '{', '@', NOT, SEQARROW, '-', STRING_LITERAL, CHAR_LITERAL, BIN_LITERAL, HEX_LITERAL, IDENT, INT_LITERAL, FLOAT_LITERAL, DOUBLE_LITERAL, REAL_LITERAL}
line 245:27 extraneous input '(' expecting {'\lemma', '}', IDENT, '/*!'}
line 245:31 mismatched input ')' expecting {'(', '{'}
line 248:45 mismatched input '}' expecting {'(', '{'}
line 249:8 extraneous input '\replacewith' expecting {'\lemma', '}', IDENT, '/*!'}
line 249:38 mismatched input ')' expecting {'(', '{'}
line 250:42 mismatched input '}' expecting {'(', '{'}
line 251:28 extraneous input '(' expecting {'\lemma', '}', IDENT, '/*!'}
line 251:33 mismatched input '->' expecting {'(', '{'}
line 255:14 mismatched input '\ifExintVar' expecting {MODALITY, FORALL, EXISTS, '\if', '\ifEx', 'true', 'false', '(', '{', '@', NOT, SEQARROW, '-', STRING_LITERAL, CHAR_LITERAL, BIN_LITERAL, HEX_LITERAL, IDENT, INT_LITERAL, FLOAT_LITERAL, DOUBLE_LITERAL, REAL_LITERAL}
line 255:27 extraneous input '(' expecting {'\lemma', '}', IDENT, '/*!'}
line 255:31 mismatched input ')' expecting {'(', '{'}
line 258:52 extraneous input '0' expecting {'\lemma', '}', IDENT, '/*!'}
line 258:54 mismatched input 'then' expecting {<EOF>, '\problem', '\chooseContract', '\proofObligation', '\proof'}

	at de.uka.ilkd.key.util.parsing.SyntaxErrorReporter.throwException(SyntaxErrorReporter.java:89)

301038     WARN  Test worker     d.u.i.k.n.KeYParser       [syntax-error] file:/home/runner/work/key/key/key.core/build/resources/main/de/uka/ilkd/key/proof/rules/ifThenElseRules.key:135:14: mismatched input '\ifExintVar' expecting {MODALITY, FORALL, EXISTS, '\if', '\ifEx', 'true', 'false', '(', '{', '@', NOT, SEQARROW, '-', STRING_LITERAL, CHAR_LITERAL, BIN_LITERAL, HEX_LITERAL, IDENT, INT_LITERAL, FLOAT_LITERAL, DOUBLE_LITERAL, REAL_LITERAL} [@745,3563:3573='\ifExintVar',<188>,135:14] (termorseq, taclet, rulesOrAxioms, decls, file) 
301046     WARN  Test worker     d.u.i.k.n.KeYParser       [syntax-error] file:/home/runner/work/key/key/key.core/build/resources/main/de/uka/ilkd/key/proof/rules/ifThenElseRules.key:135:27: extraneous input '(' expecting {'\lemma', '}', IDENT, '/*!'} [@748,3576:3576='(',<146>,135:27] (rulesOrAxioms, decls, file) 
301047     WARN  Test worker     d.u.i.k.n.KeYParser       [syntax-error] file:/home/runner/work/key/key/key.core/build/resources/main/de/uka/ilkd/key/proof/rules/ifThenElseRules.key:135:44: mismatched input ')' expecting {'(', '{'} [@754,3593:3593=')',<147>,135:44] (taclet, rulesOrAxioms, decls, file) 
301047     WARN  Test worker     d.u.i.k.n.KeYParser       [syntax-error] file:/home/runner/work/key/key/key.core/build/resources/main/de/uka/ilkd/key/proof/rules/ifThenElseRules.key:141:14: mismatched input '\ifExintVar' expecting {MODALITY, FORALL, EXISTS, '\if', '\ifEx', 'true', 'false', '(', '{', '@', NOT, SEQARROW, '-', STRING_LITERAL, CHAR_LITERAL, BIN_LITERAL, HEX_LITERAL, IDENT, INT_LITERAL, FLOAT_LITERAL, DOUBLE_LITERAL, REAL_LITERAL} [@780,3716:3726='\ifExintVar',<188>,141:14] (termorseq, taclet, rulesOrAxioms, decls, file) 
301047     WARN  Test worker     d.u.i.k.n.KeYParser       [syntax-error] file:/home/runner/work/key/key/key.core/build/resources/main/de/uka/ilkd/key/proof/rules/ifThenElseRules.key:141:27: extraneous input '(' expecting {'\lemma', '}', IDENT, '/*!'} [@783,3729:3729='(',<146>,141:27] (rulesOrAxioms, decls, file) 
301047     WARN  Test worker     d.u.i.k.n.KeYParser       [syntax-error] file:/home/runner/work/key/key/key.core/build/resources/main/de/uka/ilkd/key/proof/rules/ifThenElseRules.key:141:41: mismatched input ')' expecting {'(', '{'} [@789,3743:3743=')',<147>,141:41] (taclet, rulesOrAxioms, decls, file) 
301047     WARN  Test worker     d.u.i.k.n.KeYParser       [syntax-error] file:/home/runner/work/key/key/key.core/build/resources/main/de/uka/ilkd/key/proof/rules/ifThenElseRules.key:148:14: mismatched input '\ifExintVar' expecting {MODALITY, FORALL, EXISTS, '\if', '\ifEx', 'true', 'false', '(', '{', '@', NOT, SEQARROW, '-', STRING_LITERAL, CHAR_LITERAL, BIN_LITERAL, HEX_LITERAL, IDENT, INT_LITERAL, FLOAT_LITERAL, DOUBLE_LITERAL, REAL_LITERAL} [@819,3896:3906='\ifExintVar',<188>,148:14] (termorseq, taclet, rulesOrAxioms, decls, file) 
301048     WARN  Test worker     d.u.i.k.n.KeYParser       [syntax-error] file:/home/runner/work/key/key/key.core/build/resources/main/de/uka/ilkd/key/proof/rules/ifThenElseRules.key:148:27: extraneous input '(' expecting {'\lemma', '}', IDENT, '/*!'} [@822,3909:3909='(',<146>,148:27] (rulesOrAxioms, decls, file) 
301048     WARN  Test worker     d.u.i.k.n.KeYParser       [syntax-error] file:/home/runner/work/key/key/key.core/build/resources/main/de/uka/ilkd/key/proof/rules/ifThenElseRules.key:148:35: mismatched input '=' expecting {'(', '{'} [@825,3917:3917='=',<159>,148:35] (taclet, rulesOrAxioms, decls, file) 
301048     WARN  Test worker     d.u.i.k.n.KeYParser       [syntax-error] file:/home/runner/work/key/key/key.core/build/resources/main/de/uka/ilkd/key/proof/rules/ifThenElseRules.key:150:38: mismatched input '}' expecting {'(', '{'} [@859,4023:4023='}',<149>,150:38] (taclet, rulesOrAxioms, decls, file) 
301048     WARN  Test worker     d.u.i.k.n.KeYParser       [syntax-error] file:/home/runner/work/key/key/key.core/build/resources/main/de/uka/ilkd/key/proof/rules/ifThenElseRules.key:155:14: mismatched input '\ifExintVar' expecting {MODALITY, FORALL, EXISTS, '\if', '\ifEx', 'true', 'false', '(', '{', '@', NOT, SEQARROW, '-', STRING_LITERAL, CHAR_LITERAL, BIN_LITERAL, HEX_LITERAL, IDENT, INT_LITERAL, FLOAT_LITERAL, DOUBLE_LITERAL, REAL_LITERAL} [@877,4109:4119='\ifExintVar',<188>,155:14] (termorseq, taclet, rulesOrAxioms, decls, file) 
301048     WARN  Test worker     d.u.i.k.n.KeYParser       [syntax-error] file:/home/runner/work/key/key/key.core/build/resources/main/de/uka/ilkd/key/proof/rules/ifThenElseRules.key:155:27: extraneous input '(' expecting {'\lemma', '}', IDENT, '/*!'} [@880,4122:4122='(',<146>,155:27] (rulesOrAxioms, decls, file) 
301048     WARN  Test worker     d.u.i.k.n.KeYParser       [syntax-error] file:/home/runner/work/key/key/key.core/build/resources/main/de/uka/ilkd/key/proof/rules/ifThenElseRules.key:155:35: mismatched input '=' expecting {'(', '{'} [@883,4130:4130='=',<159>,155:35] (taclet, rulesOrAxioms, decls, file) 
301048     WARN  Test worker     d.u.i.k.n.KeYParser       [syntax-error] file:/home/runner/work/key/key/key.core/build/resources/main/de/uka/ilkd/key/proof/rules/ifThenElseRules.key:157:38: mismatched input '}' expecting {'(', '{'} [@917,4230:4230='}',<149>,157:38] (taclet, rulesOrAxioms, decls, file) 
301049     WARN  Test worker     d.u.i.k.n.KeYParser       [syntax-error] file:/home/runner/work/key/key/key.core/build/resources/main/de/uka/ilkd/key/proof/rules/ifThenElseRules.key:163:14: mismatched input '\ifExintVar' expecting {MODALITY, FORALL, EXISTS, '\if', '\ifEx', 'true', 'false', '(', '{', '@', NOT, SEQARROW, '-', STRING_LITERAL, CHAR_LITERAL, BIN_LITERAL, HEX_LITERAL, IDENT, INT_LITERAL, FLOAT_LITERAL, DOUBLE_LITERAL, REAL_LITERAL} [@939,4350:4360='\ifExintVar',<188>,163:14] (termorseq, taclet, rulesOrAxioms, decls, file) 
301049     WARN  Test worker     d.u.i.k.n.KeYParser       [syntax-error] file:/home/runner/work/key/key/key.core/build/resources/main/de/uka/ilkd/key/proof/rules/ifThenElseRules.key:163:27: extraneous input '(' expecting {'\lemma', '}', IDENT, '/*!'} [@942,4363:4363='(',<146>,163:27] (rulesOrAxioms, decls, file) 
301049     WARN  Test worker     d.u.i.k.n.KeYParser       [syntax-error] file:/home/runner/work/key/key/key.core/build/resources/main/de/uka/ilkd/key/proof/rules/ifThenElseRules.key:163:30: mismatched input '=' expecting {'(', '{'} [@945,4366:4366='=',<159>,163:30] (taclet, rulesOrAxioms, decls, file) 
301049     WARN  Test worker     d.u.i.k.n.KeYParser       [syntax-error] file:/home/runner/work/key/key/key.core/build/resources/main/de/uka/ilkd/key/proof/rules/ifThenElseRules.key:165:38: mismatched input '}' expecting {'(', '{'} [@979,4477:4477='}',<149>,165:38] (taclet, rulesOrAxioms, decls, file) 
301049     WARN  Test worker     d.u.i.k.n.KeYParser       [syntax-error] file:/home/runner/work/key/key/key.core/build/resources/main/de/uka/ilkd/key/proof/rules/ifThenElseRules.key:171:14: mismatched input '\ifExintVar' expecting {MODALITY, FORALL, EXISTS, '\if', '\ifEx', 'true', 'false', '(', '{', '@', NOT, SEQARROW, '-', STRING_LITERAL, CHAR_LITERAL, BIN_LITERAL, HEX_LITERAL, IDENT, INT_LITERAL, FLOAT_LITERAL, DOUBLE_LITERAL, REAL_LITERAL} [@1001,4604:4614='\ifExintVar',<188>,171:14] (termorseq, taclet, rulesOrAxioms, decls, file) 
301049     WARN  Test worker     d.u.i.k.n.KeYParser       [syntax-error] file:/home/runner/work/key/key/key.core/build/resources/main/de/uka/ilkd/key/proof/rules/ifThenElseRules.key:171:27: extraneous input '(' expecting {'\lemma', '}', IDENT, '/*!'} [@1004,4617:4617='(',<146>,171:27] (rulesOrAxioms, decls, file) 
301049     WARN  Test worker     d.u.i.k.n.KeYParser       [syntax-error] file:/home/runner/work/key/key/key.core/build/resources/main/de/uka/ilkd/key/proof/rules/ifThenElseRules.key:171:30: mismatched input '=' expecting {'(', '{'} [@1007,4620:4620='=',<159>,171:30] (taclet, rulesOrAxioms, decls, file) 
301050     WARN  Test worker     d.u.i.k.n.KeYParser       [syntax-error] file:/home/runner/work/key/key/key.core/build/resources/main/de/uka/ilkd/key/proof/rules/ifThenElseRules.key:173:38: mismatched input '}' expecting {'(', '{'} [@1041,4725:4725='}',<149>,173:38] (taclet, rulesOrAxioms, decls, file) 
301050     WARN  Test worker     d.u.i.k.n.KeYParser       [syntax-error] file:/home/runner/work/key/key/key.core/build/resources/main/de/uka/ilkd/key/proof/rules/ifThenElseRules.key:179:14: mismatched input '\ifExintVar' expecting {MODALITY, FORALL, EXISTS, '\if', '\ifEx', 'true', 'false', '(', '{', '@', NOT, SEQARROW, '-', STRING_LITERAL, CHAR_LITERAL, BIN_LITERAL, HEX_LITERAL, IDENT, INT_LITERAL, FLOAT_LITERAL, DOUBLE_LITERAL, REAL_LITERAL} [@1063,4848:4858='\ifExintVar',<188>,179:14] (termorseq, taclet, rulesOrAxioms, decls, file) 
301050     WARN  Test worker     d.u.i.k.n.KeYParser       [syntax-error] file:/home/runner/work/key/key/key.core/build/resources/main/de/uka/ilkd/key/proof/rules/ifThenElseRules.key:179:27: extraneous input '(' expecting {'\lemma', '}', IDENT, '/*!'} [@1066,4861:4861='(',<146>,179:27] (rulesOrAxioms, decls, file) 
301050     WARN  Test worker     d.u.i.k.n.KeYParser       [syntax-error] file:/home/runner/work/key/key/key.core/build/resources/main/de/uka/ilkd/key/proof/rules/ifThenElseRules.key:179:32: mismatched input '&' expecting {'(', '{'} [@1069,4866:4866='&',<156>,179:32] (taclet, rulesOrAxioms, decls, file) 
301050     WARN  Test worker     d.u.i.k.n.KeYParser       [syntax-error] file:/home/runner/work/key/key/key.core/build/resources/main/de/uka/ilkd/key/proof/rules/ifThenElseRules.key:181:42: mismatched input '}' expecting {'(', '{'} [@1109,4985:4985='}',<149>,181:42] (taclet, rulesOrAxioms, decls, file) 
301050     WARN  Test worker     d.u.i.k.n.KeYParser       [syntax-error] file:/home/runner/work/key/key/key.core/build/resources/main/de/uka/ilkd/key/proof/rules/ifThenElseRules.key:182:39: mismatched input '}' expecting {'(', '{'} [@1122,5030:5030='}',<149>,182:39] (taclet, rulesOrAxioms, decls, file) 
301050     WARN  Test worker     d.u.i.k.n.KeYParser       [syntax-error] file:/home/runner/work/key/key/key.core/build/resources/main/de/uka/ilkd/key/proof/rules/ifThenElseRules.key:188:14: mismatched input '\ifExintVar' expecting {MODALITY, FORALL, EXISTS, '\if', '\ifEx', 'true', 'false', '(', '{', '@', NOT, SEQARROW, '-', STRING_LITERAL, CHAR_LITERAL, BIN_LITERAL, HEX_LITERAL, IDENT, INT_LITERAL, FLOAT_LITERAL, DOUBLE_LITERAL, REAL_LITERAL} [@1146,5149:5159='\ifExintVar',<188>,188:14] (termorseq, taclet, rulesOrAxioms, decls, file) 
301051     WARN  Test worker     d.u.i.k.n.KeYParser       [syntax-error] file:/home/runner/work/key/key/key.core/build/resources/main/de/uka/ilkd/key/proof/rules/ifThenElseRules.key:188:27: extraneous input '(' expecting {'\lemma', '}', IDENT, '/*!'} [@1149,5162:5162='(',<146>,188:27] (rulesOrAxioms, decls, file) 
301051     WARN  Test worker     d.u.i.k.n.KeYParser       [syntax-error] file:/home/runner/work/key/key/key.core/build/resources/main/de/uka/ilkd/key/proof/rules/ifThenElseRules.key:188:32: mismatched input '&' expecting {'(', '{'} [@1152,5167:5167='&',<156>,188:32] (taclet, rulesOrAxioms, decls, file) 
301051     WARN  Test worker     d.u.i.k.n.KeYParser       [syntax-error] file:/home/runner/work/key/key/key.core/build/resources/main/de/uka/ilkd/key/proof/rules/ifThenElseRules.key:190:42: mismatched input '}' expecting {'(', '{'} [@1192,5280:5280='}',<149>,190:42] (taclet, rulesOrAxioms, decls, file) 
301051     WARN  Test worker     d.u.i.k.n.KeYParser       [syntax-error] file:/home/runner/work/key/key/key.core/build/resources/main/de/uka/ilkd/key/proof/rules/ifThenElseRules.key:191:39: mismatched input '}' expecting {'(', '{'} [@1205,5325:5325='}',<149>,191:39] (taclet, rulesOrAxioms, decls, file) 
301051     WARN  Test worker     d.u.i.k.n.KeYParser       [syntax-error] file:/home/runner/work/key/key/key.core/build/resources/main/de/uka/ilkd/key/proof/rules/ifThenElseRules.key:198:14: mismatched input '\ifExintVar' expecting {MODALITY, FORALL, EXISTS, '\if', '\ifEx', 'true', 'false', '(', '{', '@', NOT, SEQARROW, '-', STRING_LITERAL, CHAR_LITERAL, BIN_LITERAL, HEX_LITERAL, IDENT, INT_LITERAL, FLOAT_LITERAL, DOUBLE_LITERAL, REAL_LITERAL} [@1233,5475:5485='\ifExintVar',<188>,198:14] (termorseq, taclet, rulesOrAxioms, decls, file) 
301051     WARN  Test worker     d.u.i.k.n.KeYParser       [syntax-error] file:/home/runner/work/key/key/key.core/build/resources/main/de/uka/ilkd/key/proof/rules/ifThenElseRules.key:198:27: extraneous input '(' expecting {'\lemma', '}', IDENT, '/*!'} [@1236,5488:5488='(',<146>,198:27] (rulesOrAxioms, decls, file) 
301052     WARN  Test worker     d.u.i.k.n.KeYParser       [syntax-error] file:/home/runner/work/key/key/key.core/build/resources/main/de/uka/ilkd/key/proof/rules/ifThenElseRules.key:198:32: mismatched input '&' expecting {'(', '{'} [@1239,5493:5493='&',<156>,198:32] (taclet, rulesOrAxioms, decls, file) 
301052     WARN  Test worker     d.u.i.k.n.KeYParser       [syntax-error] file:/home/runner/work/key/key/key.core/build/resources/main/de/uka/ilkd/key/proof/rules/ifThenElseRules.key:200:42: mismatched input '}' expecting {'(', '{'} [@1279,5612:5612='}',<149>,200:42] (taclet, rulesOrAxioms, decls, file) 
301052     WARN  Test worker     d.u.i.k.n.KeYParser       [syntax-error] file:/home/runner/work/key/key/key.core/build/resources/main/de/uka/ilkd/key/proof/rules/ifThenElseRules.key:201:39: mismatched input '}' expecting {'(', '{'} [@1292,5657:5657='}',<149>,201:39] (taclet, rulesOrAxioms, decls, file) 
301052     WARN  Test worker     d.u.i.k.n.KeYParser       [syntax-error] file:/home/runner/work/key/key/key.core/build/resources/main/de/uka/ilkd/key/proof/rules/ifThenElseRules.key:208:14: mismatched input '\ifExintVar' expecting {MODALITY, FORALL, EXISTS, '\if', '\ifEx', 'true', 'false', '(', '{', '@', NOT, SEQARROW, '-', STRING_LITERAL, CHAR_LITERAL, BIN_LITERAL, HEX_LITERAL, IDENT, INT_LITERAL, FLOAT_LITERAL, DOUBLE_LITERAL, REAL_LITERAL} [@1320,5817:5827='\ifExintVar',<188>,208:14] (termorseq, taclet, rulesOrAxioms, decls, file) 
301052     WARN  Test worker     d.u.i.k.n.KeYParser       [syntax-error] file:/home/runner/work/key/key/key.core/build/resources/main/de/uka/ilkd/key/proof/rules/ifThenElseRules.key:208:27: extraneous input '(' expecting {'\lemma', '}', IDENT, '/*!'} [@1323,5830:5830='(',<146>,208:27] (rulesOrAxioms, decls, file) 
301052     WARN  Test worker     d.u.i.k.n.KeYParser       [syntax-error] file:/home/runner/work/key/key/key.core/build/resources/main/de/uka/ilkd/key/proof/rules/ifThenElseRules.key:208:32: mismatched input '&' expecting {'(', '{'} [@1326,5835:5835='&',<156>,208:32] (taclet, rulesOrAxioms, decls, file) 
301052     WARN  Test worker     d.u.i.k.n.KeYParser       [syntax-error] file:/home/runner/work/key/key/key.core/build/resources/main/de/uka/ilkd/key/proof/rules/ifThenElseRules.key:210:42: mismatched input '}' expecting {'(', '{'} [@1366,5948:5948='}',<149>,210:42] (taclet, rulesOrAxioms, decls, file) 
301052     WARN  Test worker     d.u.i.k.n.KeYParser       [syntax-error] file:/home/runner/work/key/key/key.core/build/resources/main/de/uka/ilkd/key/proof/rules/ifThenElseRules.key:211:39: mismatched input '}' expecting {'(', '{'} [@1379,5993:5993='}',<149>,211:39] (taclet, rulesOrAxioms, decls, file) 
301053     WARN  Test worker     d.u.i.k.n.KeYParser       [syntax-error] file:/home/runner/work/key/key/key.core/build/resources/main/de/uka/ilkd/key/proof/rules/ifThenElseRules.key:218:14: mismatched input '\ifExintVar' expecting {MODALITY, FORALL, EXISTS, '\if', '\ifEx', 'true', 'false', '(', '{', '@', NOT, SEQARROW, '-', STRING_LITERAL, CHAR_LITERAL, BIN_LITERAL, HEX_LITERAL, IDENT, INT_LITERAL, FLOAT_LITERAL, DOUBLE_LITERAL, REAL_LITERAL} [@1407,6146:6156='\ifExintVar',<188>,218:14] (termorseq, taclet, rulesOrAxioms, decls, file) 
301053     WARN  Test worker     d.u.i.k.n.KeYParser       [syntax-error] file:/home/runner/work/key/key/key.core/build/resources/main/de/uka/ilkd/key/proof/rules/ifThenElseRules.key:218:27: extraneous input '(' expecting {'\lemma', '}', IDENT, '/*!'} [@1410,6159:6159='(',<146>,218:27] (rulesOrAxioms, decls, file) 
301053     WARN  Test worker     d.u.i.k.n.KeYParser       [syntax-error] file:/home/runner/work/key/key/key.core/build/resources/main/de/uka/ilkd/key/proof/rules/ifThenElseRules.key:218:31: mismatched input ')' expecting {'(', '{'} [@1412,6163:6163=')',<147>,218:31] (taclet, rulesOrAxioms, decls, file) 
301053     WARN  Test worker     d.u.i.k.n.KeYParser       [syntax-error] file:/home/runner/work/key/key/key.core/build/resources/main/de/uka/ilkd/key/proof/rules/ifThenElseRules.key:220:44: mismatched input ')' expecting {'(', '{'} [@1444,6275:6275=')',<147>,220:44] (taclet, rulesOrAxioms, decls, file) 
301053     WARN  Test worker     d.u.i.k.n.KeYParser       [syntax-error] file:/home/runner/work/key/key/key.core/build/resources/main/de/uka/ilkd/key/proof/rules/ifThenElseRules.key:225:14: mismatched input '\ifExintVar' expecting {MODALITY, FORALL, EXISTS, '\if', '\ifEx', 'true', 'false', '(', '{', '@', NOT, SEQARROW, '-', STRING_LITERAL, CHAR_LITERAL, BIN_LITERAL, HEX_LITERAL, IDENT, INT_LITERAL, FLOAT_LITERAL, DOUBLE_LITERAL, REAL_LITERAL} [@1471,6389:6399='\ifExintVar',<188>,225:14] (termorseq, taclet, rulesOrAxioms, decls, file) 
301054     WARN  Test worker     d.u.i.k.n.KeYParser       [syntax-error] file:/home/runner/work/key/key/key.core/build/resources/main/de/uka/ilkd/key/proof/rules/ifThenElseRules.key:225:27: extraneous input '(' expecting {'\lemma', '}', IDENT, '/*!'} [@1474,6402:6402='(',<146>,225:27] (rulesOrAxioms, decls, file) 
301054     WARN  Test worker     d.u.i.k.n.KeYParser       [syntax-error] file:/home/runner/work/key/key/key.core/build/resources/main/de/uka/ilkd/key/proof/rules/ifThenElseRules.key:225:31: mismatched input ')' expecting {'(', '{'} [@1476,6406:6406=')',<147>,225:31] (taclet, rulesOrAxioms, decls, file) 
301054     WARN  Test worker     d.u.i.k.n.KeYParser       [syntax-error] file:/home/runner/work/key/key/key.core/build/resources/main/de/uka/ilkd/key/proof/rules/ifThenElseRules.key:227:44: mismatched input ')' expecting {'(', '{'} [@1508,6509:6509=')',<147>,227:44] (taclet, rulesOrAxioms, decls, file) 
301054     WARN  Test worker     d.u.i.k.n.KeYParser       [syntax-error] file:/home/runner/work/key/key/key.core/build/resources/main/de/uka/ilkd/key/proof/rules/ifThenElseRules.key:233:14: mismatched input '\ifExintVar' expecting {MODALITY, FORALL, EXISTS, '\if', '\ifEx', 'true', 'false', '(', '{', '@', NOT, SEQARROW, '-', STRING_LITERAL, CHAR_LITERAL, BIN_LITERAL, HEX_LITERAL, IDENT, INT_LITERAL, FLOAT_LITERAL, DOUBLE_LITERAL, REAL_LITERAL} [@1539,6656:6666='\ifExintVar',<188>,233:14] (termorseq, taclet, rulesOrAxioms, decls, file) 
301054     WARN  Test worker     d.u.i.k.n.KeYParser       [syntax-error] file:/home/runner/work/key/key/key.core/build/resources/main/de/uka/ilkd/key/proof/rules/ifThenElseRules.key:233:27: extraneous input '(' expecting {'\lemma', '}', IDENT, '/*!'} [@1542,6669:6669='(',<146>,233:27] (rulesOrAxioms, decls, file) 
301054     WARN  Test worker     d.u.i.k.n.KeYParser       [syntax-error] file:/home/runner/work/key/key/key.core/build/resources/main/de/uka/ilkd/key/proof/rules/ifThenElseRules.key:233:31: mismatched input ')' expecting {'(', '{'} [@1544,6673:6673=')',<147>,233:31] (taclet, rulesOrAxioms, decls, file) 
301054     WARN  Test worker     d.u.i.k.n.KeYParser       [syntax-error] file:/home/runner/work/key/key/key.core/build/resources/main/de/uka/ilkd/key/proof/rules/ifThenElseRules.key:237:42: mismatched input '}' expecting {'(', '{'} [@1586,6850:6850='}',<149>,237:42] (taclet, rulesOrAxioms, decls, file) 
301055     WARN  Test worker     d.u.i.k.n.KeYParser       [syntax-error] file:/home/runner/work/key/key/key.core/build/resources/main/de/uka/ilkd/key/proof/rules/ifThenElseRules.key:238:34: mismatched input '}' expecting {'(', '{'} [@1599,6891:6891='}',<149>,238:34] (taclet, rulesOrAxioms, decls, file) 
301055     WARN  Test worker     d.u.i.k.n.KeYParser       [syntax-error] file:/home/runner/work/key/key/key.core/build/resources/main/de/uka/ilkd/key/proof/rules/ifThenElseRules.key:239:28: extraneous input '(' expecting {'\lemma', '}', IDENT, '/*!'} [@1608,6925:6925='(',<146>,239:28] (rulesOrAxioms, decls, file) 
301055     WARN  Test worker     d.u.i.k.n.KeYParser       [syntax-error] file:/home/runner/work/key/key/key.core/build/resources/main/de/uka/ilkd/key/proof/rules/ifThenElseRules.key:239:33: mismatched input '->' expecting {'(', '{'} [@1611,6930:6931='->',<158>,239:33] (taclet, rulesOrAxioms, decls, file) 
301055     WARN  Test worker     d.u.i.k.n.KeYParser       [syntax-error] file:/home/runner/work/key/key/key.core/build/resources/main/de/uka/ilkd/key/proof/rules/ifThenElseRules.key:240:8: extraneous input '\replacewith' expecting {'\lemma', '}', IDENT, '/*!'} [@1626,6979:6990='\replacewith',<105>,240:8] (rulesOrAxioms, decls, file) 
301062     WARN  Test worker     d.u.i.k.n.KeYParser       [syntax-error] file:/home/runner/work/key/key/key.core/build/resources/main/de/uka/ilkd/key/proof/rules/ifThenElseRules.key:240:25: mismatched input ')' expecting {'(', '{'} [@1629,6996:6996=')',<147>,240:25] (taclet, rulesOrAxioms, decls, file) 
301062     WARN  Test worker     d.u.i.k.n.KeYParser       [syntax-error] file:/home/runner/work/key/key/key.core/build/resources/main/de/uka/ilkd/key/proof/rules/ifThenElseRules.key:240:56: mismatched input ')' expecting {'(', '{'} [@1642,7027:7027=')',<147>,240:56] (taclet, rulesOrAxioms, decls, file) 
301063     WARN  Test worker     d.u.i.k.n.KeYParser       [syntax-error] file:/home/runner/work/key/key/key.core/build/resources/main/de/uka/ilkd/key/proof/rules/ifThenElseRules.key:245:14: mismatched input '\ifExintVar' expecting {MODALITY, FORALL, EXISTS, '\if', '\ifEx', 'true', 'false', '(', '{', '@', NOT, SEQARROW, '-', STRING_LITERAL, CHAR_LITERAL, BIN_LITERAL, HEX_LITERAL, IDENT, INT_LITERAL, FLOAT_LITERAL, DOUBLE_LITERAL, REAL_LITERAL} [@1658,7109:7119='\ifExintVar',<188>,245:14] (termorseq, taclet, rulesOrAxioms, decls, file) 
301063     WARN  Test worker     d.u.i.k.n.KeYParser       [syntax-error] file:/home/runner/work/key/key/key.core/build/resources/main/de/uka/ilkd/key/proof/rules/ifThenElseRules.key:245:27: extraneous input '(' expecting {'\lemma', '}', IDENT, '/*!'} [@1661,7122:7122='(',<146>,245:27] (rulesOrAxioms, decls, file) 
301063     WARN  Test worker     d.u.i.k.n.KeYParser       [syntax-error] file:/home/runner/work/key/key/key.core/build/resources/main/de/uka/ilkd/key/proof/rules/ifThenElseRules.key:245:31: mismatched input ')' expecting {'(', '{'} [@1663,7126:7126=')',<147>,245:31] (taclet, rulesOrAxioms, decls, file) 
301063     WARN  Test worker     d.u.i.k.n.KeYParser       [syntax-error] file:/home/runner/work/key/key/key.core/build/resources/main/de/uka/ilkd/key/proof/rules/ifThenElseRules.key:248:45: mismatched input '}' expecting {'(', '{'} [@1696,7268:7268='}',<149>,248:45] (taclet, rulesOrAxioms, decls, file) 
301063     WARN  Test worker     d.u.i.k.n.KeYParser       [syntax-error] file:/home/runner/work/key/key/key.core/build/resources/main/de/uka/ilkd/key/proof/rules/ifThenElseRules.key:249:8: extraneous input '\replacewith' expecting {'\lemma', '}', IDENT, '/*!'} [@1701,7284:7295='\replacewith',<105>,249:8] (rulesOrAxioms, decls, file) 
301063     WARN  Test worker     d.u.i.k.n.KeYParser       [syntax-error] file:/home/runner/work/key/key/key.core/build/resources/main/de/uka/ilkd/key/proof/rules/ifThenElseRules.key:249:38: mismatched input ')' expecting {'(', '{'} [@1708,7314:7314=')',<147>,249:38] (taclet, rulesOrAxioms, decls, file) 
301063     WARN  Test worker     d.u.i.k.n.KeYParser       [syntax-error] file:/home/runner/work/key/key/key.core/build/resources/main/de/uka/ilkd/key/proof/rules/ifThenElseRules.key:250:42: mismatched input '}' expecting {'(', '{'} [@1731,7381:7381='}',<149>,250:42] (taclet, rulesOrAxioms, decls, file) 
301064     WARN  Test worker     d.u.i.k.n.KeYParser       [syntax-error] file:/home/runner/work/key/key/key.core/build/resources/main/de/uka/ilkd/key/proof/rules/ifThenElseRules.key:251:28: extraneous input '(' expecting {'\lemma', '}', IDENT, '/*!'} [@1741,7416:7416='(',<146>,251:28] (rulesOrAxioms, decls, file) 
301064     WARN  Test worker     d.u.i.k.n.KeYParser       [syntax-error] file:/home/runner/work/key/key/key.core/build/resources/main/de/uka/ilkd/key/proof/rules/ifThenElseRules.key:251:33: mismatched input '->' expecting {'(', '{'} [@1744,7421:7422='->',<158>,251:33] (taclet, rulesOrAxioms, decls, file) 
301064     WARN  Test worker     d.u.i.k.n.KeYParser       [syntax-error] file:/home/runner/work/key/key/key.core/build/resources/main/de/uka/ilkd/key/proof/rules/ifThenElseRules.key:255:14: mismatched input '\ifExintVar' expecting {MODALITY, FORALL, EXISTS, '\if', '\ifEx', 'true', 'false', '(', '{', '@', NOT, SEQARROW, '-', STRING_LITERAL, CHAR_LITERAL, BIN_LITERAL, HEX_LITERAL, IDENT, INT_LITERAL, FLOAT_LITERAL, DOUBLE_LITERAL, REAL_LITERAL} [@1765,7506:7516='\ifExintVar',<188>,255:14] (termorseq, taclet, rulesOrAxioms, decls, file) 
301064     WARN  Test worker     d.u.i.k.n.KeYParser       [syntax-error] file:/home/runner/work/key/key/key.core/build/resources/main/de/uka/ilkd/key/proof/rules/ifThenElseRules.key:255:27: extraneous input '(' expecting {'\lemma', '}', IDENT, '/*!'} [@1768,7519:7519='(',<146>,255:27] (rulesOrAxioms, decls, file) 
301064     WARN  Test worker     d.u.i.k.n.KeYParser       [syntax-error] file:/home/runner/work/key/key/key.core/build/resources/main/de/uka/ilkd/key/proof/rules/ifThenElseRules.key:255:31: mismatched input ')' expecting {'(', '{'} [@1770,7523:7523=')',<147>,255:31] (taclet, rulesOrAxioms, decls, file) 
301064     WARN  Test worker     d.u.i.k.n.KeYParser       [syntax-error] file:/home/runner/work/key/key/key.core/build/resources/main/de/uka/ilkd/key/proof/rules/ifThenElseRules.key:258:52: extraneous input '0' expecting {'\lemma', '}', IDENT, '/*!'} [@1809,7667:7667='0',<184>,258:52] (rulesOrAxioms, decls, file) 
301064     WARN  Test worker     d.u.i.k.n.KeYParser       [syntax-error] file:/home/runner/work/key/key/key.core/build/resources/main/de/uka/ilkd/key/proof/rules/ifThenElseRules.key:258:54: mismatched input 'then' expecting {<EOF>, '\problem', '\chooseContract', '\proofObligation', '\proof'} [@1811,7669:7672='then',<183>,258:54] (file) 
301065     ERROR Test worker     d.u.i.k.s.n.MasterHandlerTest Error reading /home/runner/work/key/key/key.core/build/resources/test/de/uka/ilkd/key/smt/newsmt2/cases/quant2.props de.uka.ilkd.key.proof.io.ProblemLoaderException: line 135:14 mismatched input '\ifExintVar' expecting {MODALITY, FORALL, EXISTS, '\if', '\ifEx', 'true', 'false', '(', '{', '@', NOT, SEQARROW, '-', STRING_LITERAL, CHAR_LITERAL, BIN_LITERAL, HEX_LITERAL, IDENT, INT_LITERAL, FLOAT_LITERAL, DOUBLE_LITERAL, REAL_LITERAL}
line 135:27 extraneous input '(' expecting {'\lemma', '}', IDENT, '/*!'}
line 135:44 mismatched input ')' expecting {'(', '{'}
line 141:14 mismatched input '\ifExintVar' expecting {MODALITY, FORALL, EXISTS, '\if', '\ifEx', 'true', 'false', '(', '{', '@', NOT, SEQARROW, '-', STRING_LITERAL, CHAR_LITERAL, BIN_LITERAL, HEX_LITERAL, IDENT, INT_LITERAL, FLOAT_LITERAL, DOUBLE_LITERAL, REAL_LITERAL}
line 141:27 extraneous input '(' expecting {'\lemma', '}', IDENT, '/*!'}
line 141:41 mismatched input ')' expecting {'(', '{'}
line 148:14 mismatched input '\ifExintVar' expecting {MODALITY, FORALL, EXISTS, '\if', '\ifEx', 'true', 'false', '(', '{', '@', NOT, SEQARROW, '-', STRING_LITERAL, CHAR_LITERAL, BIN_LITERAL, HEX_LITERAL, IDENT, INT_LITERAL, FLOAT_LITERAL, DOUBLE_LITERAL, REAL_LITERAL}
line 148:27 extraneous input '(' expecting {'\lemma', '}', IDENT, '/*!'}
line 148:35 mismatched input '=' expecting {'(', '{'}
line 150:38 mismatched input '}' expecting {'(', '{'}
line 155:14 mismatched input '\ifExintVar' expecting {MODALITY, FORALL, EXISTS, '\if', '\ifEx', 'true', 'false', '(', '{', '@', NOT, SEQARROW, '-', STRING_LITERAL, CHAR_LITERAL, BIN_LITERAL, HEX_LITERAL, IDENT, INT_LITERAL, FLOAT_LITERAL, DOUBLE_LITERAL, REAL_LITERAL}
line 155:27 extraneous input '(' expecting {'\lemma', '}', IDENT, '/*!'}
line 155:35 mismatched input '=' expecting {'(', '{'}
line 157:38 mismatched input '}' expecting {'(', '{'}
line 163:14 mismatched input '\ifExintVar' expecting {MODALITY, FORALL, EXISTS, '\if', '\ifEx', 'true', 'false', '(', '{', '@', NOT, SEQARROW, '-', STRING_LITERAL, CHAR_LITERAL, BIN_LITERAL, HEX_LITERAL, IDENT, INT_LITERAL, FLOAT_LITERAL, DOUBLE_LITERAL, REAL_LITERAL}
line 163:27 extraneous input '(' expecting {'\lemma', '}', IDENT, '/*!'}
line 163:30 mismatched input '=' expecting {'(', '{'}
line 165:38 mismatched input '}' expecting {'(', '{'}
line 171:14 mismatched input '\ifExintVar' expecting {MODALITY, FORALL, EXISTS, '\if', '\ifEx', 'true', 'false', '(', '{', '@', NOT, SEQARROW, '-', STRING_LITERAL, CHAR_LITERAL, BIN_LITERAL, HEX_LITERAL, IDENT, INT_LITERAL, FLOAT_LITERAL, DOUBLE_LITERAL, REAL_LITERAL}
line 171:27 extraneous input '(' expecting {'\lemma', '}', IDENT, '/*!'}
line 171:30 mismatched input '=' expecting {'(', '{'}
line 173:38 mismatched input '}' expecting {'(', '{'}
line 179:14 mismatched input '\ifExintVar' expecting {MODALITY, FORALL, EXISTS, '\if', '\ifEx', 'true', 'false', '(', '{', '@', NOT, SEQARROW, '-', STRING_LITERAL, CHAR_LITERAL, BIN_LITERAL, HEX_LITERAL, IDENT, INT_LITERAL, FLOAT_LITERAL, DOUBLE_LITERAL, REAL_LITERAL}
line 179:27 extraneous input '(' expecting {'\lemma', '}', IDENT, '/*!'}
line 179:32 mismatched input '&' expecting {'(', '{'}
line 181:42 mismatched input '}' expecting {'(', '{'}
line 182:39 mismatched input '}' expecting {'(', '{'}
line 188:14 mismatched input '\ifExintVar' expecting {MODALITY, FORALL, EXISTS, '\if', '\ifEx', 'true', 'false', '(', '{', '@', NOT, SEQARROW, '-', STRING_LITERAL, CHAR_LITERAL, BIN_LITERAL, HEX_LITERAL, IDENT, INT_LITERAL, FLOAT_LITERAL, DOUBLE_LITERAL, REAL_LITERAL}
line 188:27 extraneous input '(' expecting {'\lemma', '}', IDENT, '/*!'}
line 188:32 mismatched input '&' expecting {'(', '{'}
line 190:42 mismatched input '}' expecting {'(', '{'}
line 191:39 mismatched input '}' expecting {'(', '{'}
line 198:14 mismatched input '\ifExintVar' expecting {MODALITY, FORALL, EXISTS, '\if', '\ifEx', 'true', 'false', '(', '{', '@', NOT, SEQARROW, '-', STRING_LITERAL, CHAR_LITERAL, BIN_LITERAL, HEX_LITERAL, IDENT, INT_LITERAL, FLOAT_LITERAL, DOUBLE_LITERAL, REAL_LITERAL}
line 198:27 extraneous input '(' expecting {'\lemma', '}', IDENT, '/*!'}
line 198:32 mismatched input '&' expecting {'(', '{'}
line 200:42 mismatched input '}' expecting {'(', '{'}
line 201:39 mismatched input '}' expecting {'(', '{'}
line 208:14 mismatched input '\ifExintVar' expecting {MODALITY, FORALL, EXISTS, '\if', '\ifEx', 'true', 'false', '(', '{', '@', NOT, SEQARROW, '-', STRING_LITERAL, CHAR_LITERAL, BIN_LITERAL, HEX_LITERAL, IDENT, INT_LITERAL, FLOAT_LITERAL, DOUBLE_LITERAL, REAL_LITERAL}
line 208:27 extraneous input '(' expecting {'\lemma', '}', IDENT, '/*!'}
line 208:32 mismatched input '&' expecting {'(', '{'}
line 210:42 mismatched input '}' expecting {'(', '{'}
line 211:39 mismatched input '}' expecting {'(', '{'}
line 218:14 mismatched input '\ifExintVar' expecting {MODALITY, FORALL, EXISTS, '\if', '\ifEx', 'true', 'false', '(', '{', '@', NOT, SEQARROW, '-', STRING_LITERAL, CHAR_LITERAL, BIN_LITERAL, HEX_LITERAL, IDENT, INT_LITERAL, FLOAT_LITERAL, DOUBLE_LITERAL, REAL_LITERAL}
line 218:27 extraneous input '(' expecting {'\lemma', '}', IDENT, '/*!'}
line 218:31 mismatched input ')' expecting {'(', '{'}
line 220:44 mismatched input ')' expecting {'(', '{'}
line 225:14 mismatched input '\ifExintVar' expecting {MODALITY, FORALL, EXISTS, '\if', '\ifEx', 'true', 'false', '(', '{', '@', NOT, SEQARROW, '-', STRING_LITERAL, CHAR_LITERAL, BIN_LITERAL, HEX_LITERAL, IDENT, INT_LITERAL, FLOAT_LITERAL, DOUBLE_LITERAL, REAL_LITERAL}
line 225:27 extraneous input '(' expecting {'\lemma', '}', IDENT, '/*!'}
line 225:31 mismatched input ')' expecting {'(', '{'}
line 227:44 mismatched input ')' expecting {'(', '{'}
line 233:14 mismatched input '\ifExintVar' expecting {MODALITY, FORALL, EXISTS, '\if', '\ifEx', 'true', 'false', '(', '{', '@', NOT, SEQARROW, '-', STRING_LITERAL, CHAR_LITERAL, BIN_LITERAL, HEX_LITERAL, IDENT, INT_LITERAL, FLOAT_LITERAL, DOUBLE_LITERAL, REAL_LITERAL}
line 233:27 extraneous input '(' expecting {'\lemma', '}', IDENT, '/*!'}
line 233:31 mismatched input ')' expecting {'(', '{'}
line 237:42 mismatched input '}' expecting {'(', '{'}
line 238:34 mismatched input '}' expecting {'(', '{'}
line 239:28 extraneous input '(' expecting {'\lemma', '}', IDENT, '/*!'}
line 239:33 mismatched input '->' expecting {'(', '{'}
line 240:8 extraneous input '\replacewith' expecting {'\lemma', '}', IDENT, '/*!'}
line 240:25 mismatched input ')' expecting {'(', '{'}
line 240:56 mismatched input ')' expecting {'(', '{'}
line 245:14 mismatched input '\ifExintVar' expecting {MODALITY, FORALL, EXISTS, '\if', '\ifEx', 'true', 'false', '(', '{', '@', NOT, SEQARROW, '-', STRING_LITERAL, CHAR_LITERAL, BIN_LITERAL, HEX_LITERAL, IDENT, INT_LITERAL, FLOAT_LITERAL, DOUBLE_LITERAL, REAL_LITERAL}
line 245:27 extraneous input '(' expecting {'\lemma', '}', IDENT, '/*!'}
line 245:31 mismatched input ')' expecting {'(', '{'}
line 248:45 mismatched input '}' expecting {'(', '{'}
line 249:8 extraneous input '\replacewith' expecting {'\lemma', '}', IDENT, '/*!'}
line 249:38 mismatched input ')' expecting {'(', '{'}
line 250:42 mismatched input '}' expecting {'(', '{'}
line 251:28 extraneous input '(' expecting {'\lemma', '}', IDENT, '/*!'}
line 251:33 mismatched input '->' expecting {'(', '{'}
line 255:14 mismatched input '\ifExintVar' expecting {MODALITY, FORALL, EXISTS, '\if', '\ifEx', 'true', 'false', '(', '{', '@', NOT, SEQARROW, '-', STRING_LITERAL, CHAR_LITERAL, BIN_LITERAL, HEX_LITERAL, IDENT, INT_LITERAL, FLOAT_LITERAL, DOUBLE_LITERAL, REAL_LITERAL}
line 255:27 extraneous input '(' expecting {'\lemma', '}', IDENT, '/*!'}
line 255:31 mismatched input ')' expecting {'(', '{'}
line 258:52 extraneous input '0' expecting {'\lemma', '}', IDENT, '/*!'}
line 258:54 mismatched input 'then' expecting {<EOF>, '\problem', '\chooseContract', '\proofObligation', '\proof'}

	at de.uka.ilkd.key.control.AbstractUserInterfaceControl.load(AbstractUserInterfaceControl.java:221)
Caused by: de.uka.ilkd.key.proof.init.ProofInputException: line 135:14 mismatched input '\ifExintVar' expecting {MODALITY, FORALL, EXISTS, '\if', '\ifEx', 'true', 'false', '(', '{', '@', NOT, SEQARROW, '-', STRING_LITERAL, CHAR_LITERAL, BIN_LITERAL, HEX_LITERAL, IDENT, INT_LITERAL, FLOAT_LITERAL, DOUBLE_LITERAL, REAL_LITERAL}
line 135:27 extraneous input '(' expecting {'\lemma', '}', IDENT, '/*!'}
line 135:44 mismatched input ')' expecting {'(', '{'}
line 141:14 mismatched input '\ifExintVar' expecting {MODALITY, FORALL, EXISTS, '\if', '\ifEx', 'true', 'false', '(', '{', '@', NOT, SEQARROW, '-', STRING_LITERAL, CHAR_LITERAL, BIN_LITERAL, HEX_LITERAL, IDENT, INT_LITERAL, FLOAT_LITERAL, DOUBLE_LITERAL, REAL_LITERAL}
line 141:27 extraneous input '(' expecting {'\lemma', '}', IDENT, '/*!'}
line 141:41 mismatched input ')' expecting {'(', '{'}
line 148:14 mismatched input '\ifExintVar' expecting {MODALITY, FORALL, EXISTS, '\if', '\ifEx', 'true', 'false', '(', '{', '@', NOT, SEQARROW, '-', STRING_LITERAL, CHAR_LITERAL, BIN_LITERAL, HEX_LITERAL, IDENT, INT_LITERAL, FLOAT_LITERAL, DOUBLE_LITERAL, REAL_LITERAL}
line 148:27 extraneous input '(' expecting {'\lemma', '}', IDENT, '/*!'}
line 148:35 mismatched input '=' expecting {'(', '{'}
line 150:38 mismatched input '}' expecting {'(', '{'}
line 155:14 mismatched input '\ifExintVar' expecting {MODALITY, FORALL, EXISTS, '\if', '\ifEx', 'true', 'false', '(', '{', '@', NOT, SEQARROW, '-', STRING_LITERAL, CHAR_LITERAL, BIN_LITERAL, HEX_LITERAL, IDENT, INT_LITERAL, FLOAT_LITERAL, DOUBLE_LITERAL, REAL_LITERAL}
line 155:27 extraneous input '(' expecting {'\lemma', '}', IDENT, '/*!'}
line 155:35 mismatched input '=' expecting {'(', '{'}
line 157:38 mismatched input '}' expecting {'(', '{'}
line 163:14 mismatched input '\ifExintVar' expecting {MODALITY, FORALL, EXISTS, '\if', '\ifEx', 'true', 'false', '(', '{', '@', NOT, SEQARROW, '-', STRING_LITERAL, CHAR_LITERAL, BIN_LITERAL, HEX_LITERAL, IDENT, INT_LITERAL, FLOAT_LITERAL, DOUBLE_LITERAL, REAL_LITERAL}
line 163:27 extraneous input '(' expecting {'\lemma', '}', IDENT, '/*!'}
line 163:30 mismatched input '=' expecting {'(', '{'}
line 165:38 mismatched input '}' expecting {'(', '{'}
line 171:14 mismatched input '\ifExintVar' expecting {MODALITY, FORALL, EXISTS, '\if', '\ifEx', 'true', 'false', '(', '{', '@', NOT, SEQARROW, '-', STRING_LITERAL, CHAR_LITERAL, BIN_LITERAL, HEX_LITERAL, IDENT, INT_LITERAL, FLOAT_LITERAL, DOUBLE_LITERAL, REAL_LITERAL}
line 171:27 extraneous input '(' expecting {'\lemma', '}', IDENT, '/*!'}
line 171:30 mismatched input '=' expecting {'(', '{'}
line 173:38 mismatched input '}' expecting {'(', '{'}
line 179:14 mismatched input '\ifExintVar' expecting {MODALITY, FORALL, EXISTS, '\if', '\ifEx', 'true', 'false', '(', '{', '@', NOT, SEQARROW, '-', STRING_LITERAL, CHAR_LITERAL, BIN_LITERAL, HEX_LITERAL, IDENT, INT_LITERAL, FLOAT_LITERAL, DOUBLE_LITERAL, REAL_LITERAL}
line 179:27 extraneous input '(' expecting {'\lemma', '}', IDENT, '/*!'}
line 179:32 mismatched input '&' expecting {'(', '{'}
line 181:42 mismatched input '}' expecting {'(', '{'}
line 182:39 mismatched input '}' expecting {'(', '{'}
line 188:14 mismatched input '\ifExintVar' expecting {MODALITY, FORALL, EXISTS, '\if', '\ifEx', 'true', 'false', '(', '{', '@', NOT, SEQARROW, '-', STRING_LITERAL, CHAR_LITERAL, BIN_LITERAL, HEX_LITERAL, IDENT, INT_LITERAL, FLOAT_LITERAL, DOUBLE_LITERAL, REAL_LITERAL}
line 188:27 extraneous input '(' expecting {'\lemma', '}', IDENT, '/*!'}
line 188:32 mismatched input '&' expecting {'(', '{'}
line 190:42 mismatched input '}' expecting {'(', '{'}
line 191:39 mismatched input '}' expecting {'(', '{'}
line 198:14 mismatched input '\ifExintVar' expecting {MODALITY, FORALL, EXISTS, '\if', '\ifEx', 'true', 'false', '(', '{', '@', NOT, SEQARROW, '-', STRING_LITERAL, CHAR_LITERAL, BIN_LITERAL, HEX_LITERAL, IDENT, INT_LITERAL, FLOAT_LITERAL, DOUBLE_LITERAL, REAL_LITERAL}
line 198:27 extraneous input '(' expecting {'\lemma', '}', IDENT, '/*!'}
line 198:32 mismatched input '&' expecting {'(', '{'}
line 200:42 mismatched input '}' expecting {'(', '{'}
line 201:39 mismatched input '}' expecting {'(', '{'}
line 208:14 mismatched input '\ifExintVar' expecting {MODALITY, FORALL, EXISTS, '\if', '\ifEx', 'true', 'false', '(', '{', '@', NOT, SEQARROW, '-', STRING_LITERAL, CHAR_LITERAL, BIN_LITERAL, HEX_LITERAL, IDENT, INT_LITERAL, FLOAT_LITERAL, DOUBLE_LITERAL, REAL_LITERAL}
line 208:27 extraneous input '(' expecting {'\lemma', '}', IDENT, '/*!'}
line 208:32 mismatched input '&' expecting {'(', '{'}
line 210:42 mismatched input '}' expecting {'(', '{'}
line 211:39 mismatched input '}' expecting {'(', '{'}
line 218:14 mismatched input '\ifExintVar' expecting {MODALITY, FORALL, EXISTS, '\if', '\ifEx', 'true', 'false', '(', '{', '@', NOT, SEQARROW, '-', STRING_LITERAL, CHAR_LITERAL, BIN_LITERAL, HEX_LITERAL, IDENT, INT_LITERAL, FLOAT_LITERAL, DOUBLE_LITERAL, REAL_LITERAL}
line 218:27 extraneous input '(' expecting {'\lemma', '}', IDENT, '/*!'}
line 218:31 mismatched input ')' expecting {'(', '{'}
line 220:44 mismatched input ')' expecting {'(', '{'}
line 225:14 mismatched input '\ifExintVar' expecting {MODALITY, FORALL, EXISTS, '\if', '\ifEx', 'true', 'false', '(', '{', '@', NOT, SEQARROW, '-', STRING_LITERAL, CHAR_LITERAL, BIN_LITERAL, HEX_LITERAL, IDENT, INT_LITERAL, FLOAT_LITERAL, DOUBLE_LITERAL, REAL_LITERAL}
line 225:27 extraneous input '(' expecting {'\lemma', '}', IDENT, '/*!'}
line 225:31 mismatched input ')' expecting {'(', '{'}
line 227:44 mismatched input ')' expecting {'(', '{'}
line 233:14 mismatched input '\ifExintVar' expecting {MODALITY, FORALL, EXISTS, '\if', '\ifEx', 'true', 'false', '(', '{', '@', NOT, SEQARROW, '-', STRING_LITERAL, CHAR_LITERAL, BIN_LITERAL, HEX_LITERAL, IDENT, INT_LITERAL, FLOAT_LITERAL, DOUBLE_LITERAL, REAL_LITERAL}
line 233:27 extraneous input '(' expecting {'\lemma', '}', IDENT, '/*!'}
line 233:31 mismatched input ')' expecting {'(', '{'}
line 237:42 mismatched input '}' expecting {'(', '{'}
line 238:34 mismatched input '}' expecting {'(', '{'}
line 239:28 extraneous input '(' expecting {'\lemma', '}', IDENT, '/*!'}
line 239:33 mismatched input '->' expecting {'(', '{'}
line 240:8 extraneous input '\replacewith' expecting {'\lemma', '}', IDENT, '/*!'}
line 240:25 mismatched input ')' expecting {'(', '{'}
line 240:56 mismatched input ')' expecting {'(', '{'}
line 245:14 mismatched input '\ifExintVar' expecting {MODALITY, FORALL, EXISTS, '\if', '\ifEx', 'true', 'false', '(', '{', '@', NOT, SEQARROW, '-', STRING_LITERAL, CHAR_LITERAL, BIN_LITERAL, HEX_LITERAL, IDENT, INT_LITERAL, FLOAT_LITERAL, DOUBLE_LITERAL, REAL_LITERAL}
line 245:27 extraneous input '(' expecting {'\lemma', '}', IDENT, '/*!'}
line 245:31 mismatched input ')' expecting {'(', '{'}
line 248:45 mismatched input '}' expecting {'(', '{'}
line 249:8 extraneous input '\replacewith' expecting {'\lemma', '}', IDENT, '/*!'}
line 249:38 mismatched input ')' expecting {'(', '{'}
line 250:42 mismatched input '}' expecting {'(', '{'}
line 251:28 extraneous input '(' expecting {'\lemma', '}', IDENT, '/*!'}
line 251:33 mismatched input '->' expecting {'(', '{'}
line 255:14 mismatched input '\ifExintVar' expecting {MODALITY, FORALL, EXISTS, '\if', '\ifEx', 'true', 'false', '(', '{', '@', NOT, SEQARROW, '-', STRING_LITERAL, CHAR_LITERAL, BIN_LITERAL, HEX_LITERAL, IDENT, INT_LITERAL, FLOAT_LITERAL, DOUBLE_LITERAL, REAL_LITERAL}
line 255:27 extraneous input '(' expecting {'\lemma', '}', IDENT, '/*!'}
line 255:31 mismatched input ')' expecting {'(', '{'}
line 258:52 extraneous input '0' expecting {'\lemma', '}', IDENT, '/*!'}
line 258:54 mismatched input 'then' expecting {<EOF>, '\problem', '\chooseContract', '\proofObligation', '\proof'}

	at de.uka.ilkd.key.proof.io.KeYFile.readIncludes(KeYFile.java:210)
Caused by: de.uka.ilkd.key.util.parsing.SyntaxErrorReporter$ParserException: line 135:14 mismatched input '\ifExintVar' expecting {MODALITY, FORALL, EXISTS, '\if', '\ifEx', 'true', 'false', '(', '{', '@', NOT, SEQARROW, '-', STRING_LITERAL, CHAR_LITERAL, BIN_LITERAL, HEX_LITERAL, IDENT, INT_LITERAL, FLOAT_LITERAL, DOUBLE_LITERAL, REAL_LITERAL}
line 135:27 extraneous input '(' expecting {'\lemma', '}', IDENT, '/*!'}
line 135:44 mismatched input ')' expecting {'(', '{'}
line 141:14 mismatched input '\ifExintVar' expecting {MODALITY, FORALL, EXISTS, '\if', '\ifEx', 'true', 'false', '(', '{', '@', NOT, SEQARROW, '-', STRING_LITERAL, CHAR_LITERAL, BIN_LITERAL, HEX_LITERAL, IDENT, INT_LITERAL, FLOAT_LITERAL, DOUBLE_LITERAL, REAL_LITERAL}
line 141:27 extraneous input '(' expecting {'\lemma', '}', IDENT, '/*!'}
line 141:41 mismatched input ')' expecting {'(', '{'}
line 148:14 mismatched input '\ifExintVar' expecting {MODALITY, FORALL, EXISTS, '\if', '\ifEx', 'true', 'false', '(', '{', '@', NOT, SEQARROW, '-', STRING_LITERAL, CHAR_LITERAL, BIN_LITERAL, HEX_LITERAL, IDENT, INT_LITERAL, FLOAT_LITERAL, DOUBLE_LITERAL, REAL_LITERAL}
line 148:27 extraneous input '(' expecting {'\lemma', '}', IDENT, '/*!'}
line 148:35 mismatched input '=' expecting {'(', '{'}
line 150:38 mismatched input '}' expecting {'(', '{'}
line 155:14 mismatched input '\ifExintVar' expecting {MODALITY, FORALL, EXISTS, '\if', '\ifEx', 'true', 'false', '(', '{', '@', NOT, SEQARROW, '-', STRING_LITERAL, CHAR_LITERAL, BIN_LITERAL, HEX_LITERAL, IDENT, INT_LITERAL, FLOAT_LITERAL, DOUBLE_LITERAL, REAL_LITERAL}
line 155:27 extraneous input '(' expecting {'\lemma', '}', IDENT, '/*!'}
line 155:35 mismatched input '=' expecting {'(', '{'}
line 157:38 mismatched input '}' expecting {'(', '{'}
line 163:14 mismatched input '\ifExintVar' expecting {MODALITY, FORALL, EXISTS, '\if', '\ifEx', 'true', 'false', '(', '{', '@', NOT, SEQARROW, '-', STRING_LITERAL, CHAR_LITERAL, BIN_LITERAL, HEX_LITERAL, IDENT, INT_LITERAL, FLOAT_LITERAL, DOUBLE_LITERAL, REAL_LITERAL}
line 163:27 extraneous input '(' expecting {'\lemma', '}', IDENT, '/*!'}
line 163:30 mismatched input '=' expecting {'(', '{'}
line 165:38 mismatched input '}' expecting {'(', '{'}
line 171:14 mismatched input '\ifExintVar' expecting {MODALITY, FORALL, EXISTS, '\if', '\ifEx', 'true', 'false', '(', '{', '@', NOT, SEQARROW, '-', STRING_LITERAL, CHAR_LITERAL, BIN_LITERAL, HEX_LITERAL, IDENT, INT_LITERAL, FLOAT_LITERAL, DOUBLE_LITERAL, REAL_LITERAL}
line 171:27 extraneous input '(' expecting {'\lemma', '}', IDENT, '/*!'}
line 171:30 mismatched input '=' expecting {'(', '{'}
line 173:38 mismatched input '}' expecting {'(', '{'}
line 179:14 mismatched input '\ifExintVar' expecting {MODALITY, FORALL, EXISTS, '\if', '\ifEx', 'true', 'false', '(', '{', '@', NOT, SEQARROW, '-', STRING_LITERAL, CHAR_LITERAL, BIN_LITERAL, HEX_LITERAL, IDENT, INT_LITERAL, FLOAT_LITERAL, DOUBLE_LITERAL, REAL_LITERAL}
line 179:27 extraneous input '(' expecting {'\lemma', '}', IDENT, '/*!'}
line 179:32 mismatched input '&' expecting {'(', '{'}
line 181:42 mismatched input '}' expecting {'(', '{'}
line 182:39 mismatched input '}' expecting {'(', '{'}
line 188:14 mismatched input '\ifExintVar' expecting {MODALITY, FORALL, EXISTS, '\if', '\ifEx', 'true', 'false', '(', '{', '@', NOT, SEQARROW, '-', STRING_LITERAL, CHAR_LITERAL, BIN_LITERAL, HEX_LITERAL, IDENT, INT_LITERAL, FLOAT_LITERAL, DOUBLE_LITERAL, REAL_LITERAL}
line 188:27 extraneous input '(' expecting {'\lemma', '}', IDENT, '/*!'}
line 188:32 mismatched input '&' expecting {'(', '{'}
line 190:42 mismatched input '}' expecting {'(', '{'}
line 191:39 mismatched input '}' expecting {'(', '{'}
line 198:14 mismatched input '\ifExintVar' expecting {MODALITY, FORALL, EXISTS, '\if', '\ifEx', 'true', 'false', '(', '{', '@', NOT, SEQARROW, '-', STRING_LITERAL, CHAR_LITERAL, BIN_LITERAL, HEX_LITERAL, IDENT, INT_LITERAL, FLOAT_LITERAL, DOUBLE_LITERAL, REAL_LITERAL}
line 198:27 extraneous input '(' expecting {'\lemma', '}', IDENT, '/*!'}
line 198:32 mismatched input '&' expecting {'(', '{'}
line 200:42 mismatched input '}' expecting {'(', '{'}
line 201:39 mismatched input '}' expecting {'(', '{'}
line 208:14 mismatched input '\ifExintVar' expecting {MODALITY, FORALL, EXISTS, '\if', '\ifEx', 'true', 'false', '(', '{', '@', NOT, SEQARROW, '-', STRING_LITERAL, CHAR_LITERAL, BIN_LITERAL, HEX_LITERAL, IDENT, INT_LITERAL, FLOAT_LITERAL, DOUBLE_LITERAL, REAL_LITERAL}
line 208:27 extraneous input '(' expecting {'\lemma', '}', IDENT, '/*!'}
line 208:32 mismatched input '&' expecting {'(', '{'}
line 210:42 mismatched input '}' expecting {'(', '{'}
line 211:39 mismatched input '}' expecting {'(', '{'}
line 218:14 mismatched input '\ifExintVar' expecting {MODALITY, FORALL, EXISTS, '\if', '\ifEx', 'true', 'false', '(', '{', '@', NOT, SEQARROW, '-', STRING_LITERAL, CHAR_LITERAL, BIN_LITERAL, HEX_LITERAL, IDENT, INT_LITERAL, FLOAT_LITERAL, DOUBLE_LITERAL, REAL_LITERAL}
line 218:27 extraneous input '(' expecting {'\lemma', '}', IDENT, '/*!'}
line 218:31 mismatched input ')' expecting {'(', '{'}
line 220:44 mismatched input ')' expecting {'(', '{'}
line 225:14 mismatched input '\ifExintVar' expecting {MODALITY, FORALL, EXISTS, '\if', '\ifEx', 'true', 'false', '(', '{', '@', NOT, SEQARROW, '-', STRING_LITERAL, CHAR_LITERAL, BIN_LITERAL, HEX_LITERAL, IDENT, INT_LITERAL, FLOAT_LITERAL, DOUBLE_LITERAL, REAL_LITERAL}
line 225:27 extraneous input '(' expecting {'\lemma', '}', IDENT, '/*!'}
line 225:31 mismatched input ')' expecting {'(', '{'}
line 227:44 mismatched input ')' expecting {'(', '{'}
line 233:14 mismatched input '\ifExintVar' expecting {MODALITY, FORALL, EXISTS, '\if', '\ifEx', 'true', 'false', '(', '{', '@', NOT, SEQARROW, '-', STRING_LITERAL, CHAR_LITERAL, BIN_LITERAL, HEX_LITERAL, IDENT, INT_LITERAL, FLOAT_LITERAL, DOUBLE_LITERAL, REAL_LITERAL}
line 233:27 extraneous input '(' expecting {'\lemma', '}', IDENT, '/*!'}
line 233:31 mismatched input ')' expecting {'(', '{'}
line 237:42 mismatched input '}' expecting {'(', '{'}
line 238:34 mismatched input '}' expecting {'(', '{'}
line 239:28 extraneous input '(' expecting {'\lemma', '}', IDENT, '/*!'}
line 239:33 mismatched input '->' expecting {'(', '{'}
line 240:8 extraneous input '\replacewith' expecting {'\lemma', '}', IDENT, '/*!'}
line 240:25 mismatched input ')' expecting {'(', '{'}
line 240:56 mismatched input ')' expecting {'(', '{'}
line 245:14 mismatched input '\ifExintVar' expecting {MODALITY, FORALL, EXISTS, '\if', '\ifEx', 'true', 'false', '(', '{', '@', NOT, SEQARROW, '-', STRING_LITERAL, CHAR_LITERAL, BIN_LITERAL, HEX_LITERAL, IDENT, INT_LITERAL, FLOAT_LITERAL, DOUBLE_LITERAL, REAL_LITERAL}
line 245:27 extraneous input '(' expecting {'\lemma', '}', IDENT, '/*!'}
line 245:31 mismatched input ')' expecting {'(', '{'}
line 248:45 mismatched input '}' expecting {'(', '{'}
line 249:8 extraneous input '\replacewith' expecting {'\lemma', '}', IDENT, '/*!'}
line 249:38 mismatched input ')' expecting {'(', '{'}
line 250:42 mismatched input '}' expecting {'(', '{'}
line 251:28 extraneous input '(' expecting {'\lemma', '}', IDENT, '/*!'}
line 251:33 mismatched input '->' expecting {'(', '{'}
line 255:14 mismatched input '\ifExintVar' expecting {MODALITY, FORALL, EXISTS, '\if', '\ifEx', 'true', 'false', '(', '{', '@', NOT, SEQARROW, '-', STRING_LITERAL, CHAR_LITERAL, BIN_LITERAL, HEX_LITERAL, IDENT, INT_LITERAL, FLOAT_LITERAL, DOUBLE_LITERAL, REAL_LITERAL}
line 255:27 extraneous input '(' expecting {'\lemma', '}', IDENT, '/*!'}
line 255:31 mismatched input ')' expecting {'(', '{'}
line 258:52 extraneous input '0' expecting {'\lemma', '}', IDENT, '/*!'}
line 258:54 mismatched input 'then' expecting {<EOF>, '\problem', '\chooseContract', '\proofObligation', '\proof'}

	at de.uka.ilkd.key.util.parsing.SyntaxErrorReporter.throwException(SyntaxErrorReporter.java:89)

301136     WARN  Test worker     d.u.i.k.n.KeYParser       [syntax-error] file:/home/runner/work/key/key/key.core/build/resources/main/de/uka/ilkd/key/proof/rules/ifThenElseRules.key:135:14: mismatched input '\ifExintVar' expecting {MODALITY, FORALL, EXISTS, '\if', '\ifEx', 'true', 'false', '(', '{', '@', NOT, SEQARROW, '-', STRING_LITERAL, CHAR_LITERAL, BIN_LITERAL, HEX_LITERAL, IDENT, INT_LITERAL, FLOAT_LITERAL, DOUBLE_LITERAL, REAL_LITERAL} [@745,3563:3573='\ifExintVar',<188>,135:14] (termorseq, taclet, rulesOrAxioms, decls, file) 
301138     WARN  Test worker     d.u.i.k.n.KeYParser       [syntax-error] file:/home/runner/work/key/key/key.core/build/resources/main/de/uka/ilkd/key/proof/rules/ifThenElseRules.key:135:27: extraneous input '(' expecting {'\lemma', '}', IDENT, '/*!'} [@748,3576:3576='(',<146>,135:27] (rulesOrAxioms, decls, file) 
301139     WARN  Test worker     d.u.i.k.n.KeYParser       [syntax-error] file:/home/runner/work/key/key/key.core/build/resources/main/de/uka/ilkd/key/proof/rules/ifThenElseRules.key:135:44: mismatched input ')' expecting {'(', '{'} [@754,3593:3593=')',<147>,135:44] (taclet, rulesOrAxioms, decls, file) 
301139     WARN  Test worker     d.u.i.k.n.KeYParser       [syntax-error] file:/home/runner/work/key/key/key.core/build/resources/main/de/uka/ilkd/key/proof/rules/ifThenElseRules.key:141:14: mismatched input '\ifExintVar' expecting {MODALITY, FORALL, EXISTS, '\if', '\ifEx', 'true', 'false', '(', '{', '@', NOT, SEQARROW, '-', STRING_LITERAL, CHAR_LITERAL, BIN_LITERAL, HEX_LITERAL, IDENT, INT_LITERAL, FLOAT_LITERAL, DOUBLE_LITERAL, REAL_LITERAL} [@780,3716:3726='\ifExintVar',<188>,141:14] (termorseq, taclet, rulesOrAxioms, decls, file) 
301139     WARN  Test worker     d.u.i.k.n.KeYParser       [syntax-error] file:/home/runner/work/key/key/key.core/build/resources/main/de/uka/ilkd/key/proof/rules/ifThenElseRules.key:141:27: extraneous input '(' expecting {'\lemma', '}', IDENT, '/*!'} [@783,3729:3729='(',<146>,141:27] (rulesOrAxioms, decls, file) 
301139     WARN  Test worker     d.u.i.k.n.KeYParser       [syntax-error] file:/home/runner/work/key/key/key.core/build/resources/main/de/uka/ilkd/key/proof/rules/ifThenElseRules.key:141:41: mismatched input ')' expecting {'(', '{'} [@789,3743:3743=')',<147>,141:41] (taclet, rulesOrAxioms, decls, file) 
301139     WARN  Test worker     d.u.i.k.n.KeYParser       [syntax-error] file:/home/runner/work/key/key/key.core/build/resources/main/de/uka/ilkd/key/proof/rules/ifThenElseRules.key:148:14: mismatched input '\ifExintVar' expecting {MODALITY, FORALL, EXISTS, '\if', '\ifEx', 'true', 'false', '(', '{', '@', NOT, SEQARROW, '-', STRING_LITERAL, CHAR_LITERAL, BIN_LITERAL, HEX_LITERAL, IDENT, INT_LITERAL, FLOAT_LITERAL, DOUBLE_LITERAL, REAL_LITERAL} [@819,3896:3906='\ifExintVar',<188>,148:14] (termorseq, taclet, rulesOrAxioms, decls, file) 
301139     WARN  Test worker     d.u.i.k.n.KeYParser       [syntax-error] file:/home/runner/work/key/key/key.core/build/resources/main/de/uka/ilkd/key/proof/rules/ifThenElseRules.key:148:27: extraneous input '(' expecting {'\lemma', '}', IDENT, '/*!'} [@822,3909:3909='(',<146>,148:27] (rulesOrAxioms, decls, file) 
301139     WARN  Test worker     d.u.i.k.n.KeYParser       [syntax-error] file:/home/runner/work/key/key/key.core/build/resources/main/de/uka/ilkd/key/proof/rules/ifThenElseRules.key:148:35: mismatched input '=' expecting {'(', '{'} [@825,3917:3917='=',<159>,148:35] (taclet, rulesOrAxioms, decls, file) 
301140     WARN  Test worker     d.u.i.k.n.KeYParser       [syntax-error] file:/home/runner/work/key/key/key.core/build/resources/main/de/uka/ilkd/key/proof/rules/ifThenElseRules.key:150:38: mismatched input '}' expecting {'(', '{'} [@859,4023:4023='}',<149>,150:38] (taclet, rulesOrAxioms, decls, file) 
301140     WARN  Test worker     d.u.i.k.n.KeYParser       [syntax-error] file:/home/runner/work/key/key/key.core/build/resources/main/de/uka/ilkd/key/proof/rules/ifThenElseRules.key:155:14: mismatched input '\ifExintVar' expecting {MODALITY, FORALL, EXISTS, '\if', '\ifEx', 'true', 'false', '(', '{', '@', NOT, SEQARROW, '-', STRING_LITERAL, CHAR_LITERAL, BIN_LITERAL, HEX_LITERAL, IDENT, INT_LITERAL, FLOAT_LITERAL, DOUBLE_LITERAL, REAL_LITERAL} [@877,4109:4119='\ifExintVar',<188>,155:14] (termorseq, taclet, rulesOrAxioms, decls, file) 
301140     WARN  Test worker     d.u.i.k.n.KeYParser       [syntax-error] file:/home/runner/work/key/key/key.core/build/resources/main/de/uka/ilkd/key/proof/rules/ifThenElseRules.key:155:27: extraneous input '(' expecting {'\lemma', '}', IDENT, '/*!'} [@880,4122:4122='(',<146>,155:27] (rulesOrAxioms, decls, file) 
301140     WARN  Test worker     d.u.i.k.n.KeYParser       [syntax-error] file:/home/runner/work/key/key/key.core/build/resources/main/de/uka/ilkd/key/proof/rules/ifThenElseRules.key:155:35: mismatched input '=' expecting {'(', '{'} [@883,4130:4130='=',<159>,155:35] (taclet, rulesOrAxioms, decls, file) 
301140     WARN  Test worker     d.u.i.k.n.KeYParser       [syntax-error] file:/home/runner/work/key/key/key.core/build/resources/main/de/uka/ilkd/key/proof/rules/ifThenElseRules.key:157:38: mismatched input '}' expecting {'(', '{'} [@917,4230:4230='}',<149>,157:38] (taclet, rulesOrAxioms, decls, file) 
301140     WARN  Test worker     d.u.i.k.n.KeYParser       [syntax-error] file:/home/runner/work/key/key/key.core/build/resources/main/de/uka/ilkd/key/proof/rules/ifThenElseRules.key:163:14: mismatched input '\ifExintVar' expecting {MODALITY, FORALL, EXISTS, '\if', '\ifEx', 'true', 'false', '(', '{', '@', NOT, SEQARROW, '-', STRING_LITERAL, CHAR_LITERAL, BIN_LITERAL, HEX_LITERAL, IDENT, INT_LITERAL, FLOAT_LITERAL, DOUBLE_LITERAL, REAL_LITERAL} [@939,4350:4360='\ifExintVar',<188>,163:14] (termorseq, taclet, rulesOrAxioms, decls, file) 
301140     WARN  Test worker     d.u.i.k.n.KeYParser       [syntax-error] file:/home/runner/work/key/key/key.core/build/resources/main/de/uka/ilkd/key/proof/rules/ifThenElseRules.key:163:27: extraneous input '(' expecting {'\lemma', '}', IDENT, '/*!'} [@942,4363:4363='(',<146>,163:27] (rulesOrAxioms, decls, file) 
301141     WARN  Test worker     d.u.i.k.n.KeYParser       [syntax-error] file:/home/runner/work/key/key/key.core/build/resources/main/de/uka/ilkd/key/proof/rules/ifThenElseRules.key:163:30: mismatched input '=' expecting {'(', '{'} [@945,4366:4366='=',<159>,163:30] (taclet, rulesOrAxioms, decls, file) 
301141     WARN  Test worker     d.u.i.k.n.KeYParser       [syntax-error] file:/home/runner/work/key/key/key.core/build/resources/main/de/uka/ilkd/key/proof/rules/ifThenElseRules.key:165:38: mismatched input '}' expecting {'(', '{'} [@979,4477:4477='}',<149>,165:38] (taclet, rulesOrAxioms, decls, file) 
301141     WARN  Test worker     d.u.i.k.n.KeYParser       [syntax-error] file:/home/runner/work/key/key/key.core/build/resources/main/de/uka/ilkd/key/proof/rules/ifThenElseRules.key:171:14: mismatched input '\ifExintVar' expecting {MODALITY, FORALL, EXISTS, '\if', '\ifEx', 'true', 'false', '(', '{', '@', NOT, SEQARROW, '-', STRING_LITERAL, CHAR_LITERAL, BIN_LITERAL, HEX_LITERAL, IDENT, INT_LITERAL, FLOAT_LITERAL, DOUBLE_LITERAL, REAL_LITERAL} [@1001,4604:4614='\ifExintVar',<188>,171:14] (termorseq, taclet, rulesOrAxioms, decls, file) 
301141     WARN  Test worker     d.u.i.k.n.KeYParser       [syntax-error] file:/home/runner/work/key/key/key.core/build/resources/main/de/uka/ilkd/key/proof/rules/ifThenElseRules.key:171:27: extraneous input '(' expecting {'\lemma', '}', IDENT, '/*!'} [@1004,4617:4617='(',<146>,171:27] (rulesOrAxioms, decls, file) 
301141     WARN  Test worker     d.u.i.k.n.KeYParser       [syntax-error] file:/home/runner/work/key/key/key.core/build/resources/main/de/uka/ilkd/key/proof/rules/ifThenElseRules.key:171:30: mismatched input '=' expecting {'(', '{'} [@1007,4620:4620='=',<159>,171:30] (taclet, rulesOrAxioms, decls, file) 
301141     WARN  Test worker     d.u.i.k.n.KeYParser       [syntax-error] file:/home/runner/work/key/key/key.core/build/resources/main/de/uka/ilkd/key/proof/rules/ifThenElseRules.key:173:38: mismatched input '}' expecting {'(', '{'} [@1041,4725:4725='}',<149>,173:38] (taclet, rulesOrAxioms, decls, file) 
301142     WARN  Test worker     d.u.i.k.n.KeYParser       [syntax-error] file:/home/runner/work/key/key/key.core/build/resources/main/de/uka/ilkd/key/proof/rules/ifThenElseRules.key:179:14: mismatched input '\ifExintVar' expecting {MODALITY, FORALL, EXISTS, '\if', '\ifEx', 'true', 'false', '(', '{', '@', NOT, SEQARROW, '-', STRING_LITERAL, CHAR_LITERAL, BIN_LITERAL, HEX_LITERAL, IDENT, INT_LITERAL, FLOAT_LITERAL, DOUBLE_LITERAL, REAL_LITERAL} [@1063,4848:4858='\ifExintVar',<188>,179:14] (termorseq, taclet, rulesOrAxioms, decls, file) 
301142     WARN  Test worker     d.u.i.k.n.KeYParser       [syntax-error] file:/home/runner/work/key/key/key.core/build/resources/main/de/uka/ilkd/key/proof/rules/ifThenElseRules.key:179:27: extraneous input '(' expecting {'\lemma', '}', IDENT, '/*!'} [@1066,4861:4861='(',<146>,179:27] (rulesOrAxioms, decls, file) 
301143     WARN  Test worker     d.u.i.k.n.KeYParser       [syntax-error] file:/home/runner/work/key/key/key.core/build/resources/main/de/uka/ilkd/key/proof/rules/ifThenElseRules.key:179:32: mismatched input '&' expecting {'(', '{'} [@1069,4866:4866='&',<156>,179:32] (taclet, rulesOrAxioms, decls, file) 
301143     WARN  Test worker     d.u.i.k.n.KeYParser       [syntax-error] file:/home/runner/work/key/key/key.core/build/resources/main/de/uka/ilkd/key/proof/rules/ifThenElseRules.key:181:42: mismatched input '}' expecting {'(', '{'} [@1109,4985:4985='}',<149>,181:42] (taclet, rulesOrAxioms, decls, file) 
301143     WARN  Test worker     d.u.i.k.n.KeYParser       [syntax-error] file:/home/runner/work/key/key/key.core/build/resources/main/de/uka/ilkd/key/proof/rules/ifThenElseRules.key:182:39: mismatched input '}' expecting {'(', '{'} [@1122,5030:5030='}',<149>,182:39] (taclet, rulesOrAxioms, decls, file) 
301143     WARN  Test worker     d.u.i.k.n.KeYParser       [syntax-error] file:/home/runner/work/key/key/key.core/build/resources/main/de/uka/ilkd/key/proof/rules/ifThenElseRules.key:188:14: mismatched input '\ifExintVar' expecting {MODALITY, FORALL, EXISTS, '\if', '\ifEx', 'true', 'false', '(', '{', '@', NOT, SEQARROW, '-', STRING_LITERAL, CHAR_LITERAL, BIN_LITERAL, HEX_LITERAL, IDENT, INT_LITERAL, FLOAT_LITERAL, DOUBLE_LITERAL, REAL_LITERAL} [@1146,5149:5159='\ifExintVar',<188>,188:14] (termorseq, taclet, rulesOrAxioms, decls, file) 
301146     WARN  Test worker     d.u.i.k.n.KeYParser       [syntax-error] file:/home/runner/work/key/key/key.core/build/resources/main/de/uka/ilkd/key/proof/rules/ifThenElseRules.key:188:27: extraneous input '(' expecting {'\lemma', '}', IDENT, '/*!'} [@1149,5162:5162='(',<146>,188:27] (rulesOrAxioms, decls, file) 
301146     WARN  Test worker     d.u.i.k.n.KeYParser       [syntax-error] file:/home/runner/work/key/key/key.core/build/resources/main/de/uka/ilkd/key/proof/rules/ifThenElseRules.key:188:32: mismatched input '&' expecting {'(', '{'} [@1152,5167:5167='&',<156>,188:32] (taclet, rulesOrAxioms, decls, file) 
301147     WARN  Test worker     d.u.i.k.n.KeYParser       [syntax-error] file:/home/runner/work/key/key/key.core/build/resources/main/de/uka/ilkd/key/proof/rules/ifThenElseRules.key:190:42: mismatched input '}' expecting {'(', '{'} [@1192,5280:5280='}',<149>,190:42] (taclet, rulesOrAxioms, decls, file) 
301147     WARN  Test worker     d.u.i.k.n.KeYParser       [syntax-error] file:/home/runner/work/key/key/key.core/build/resources/main/de/uka/ilkd/key/proof/rules/ifThenElseRules.key:191:39: mismatched input '}' expecting {'(', '{'} [@1205,5325:5325='}',<149>,191:39] (taclet, rulesOrAxioms, decls, file) 
301147     WARN  Test worker     d.u.i.k.n.KeYParser       [syntax-error] file:/home/runner/work/key/key/key.core/build/resources/main/de/uka/ilkd/key/proof/rules/ifThenElseRules.key:198:14: mismatched input '\ifExintVar' expecting {MODALITY, FORALL, EXISTS, '\if', '\ifEx', 'true', 'false', '(', '{', '@', NOT, SEQARROW, '-', STRING_LITERAL, CHAR_LITERAL, BIN_LITERAL, HEX_LITERAL, IDENT, INT_LITERAL, FLOAT_LITERAL, DOUBLE_LITERAL, REAL_LITERAL} [@1233,5475:5485='\ifExintVar',<188>,198:14] (termorseq, taclet, rulesOrAxioms, decls, file) 
301147     WARN  Test worker     d.u.i.k.n.KeYParser       [syntax-error] file:/home/runner/work/key/key/key.core/build/resources/main/de/uka/ilkd/key/proof/rules/ifThenElseRules.key:198:27: extraneous input '(' expecting {'\lemma', '}', IDENT, '/*!'} [@1236,5488:5488='(',<146>,198:27] (rulesOrAxioms, decls, file) 
301147     WARN  Test worker     d.u.i.k.n.KeYParser       [syntax-error] file:/home/runner/work/key/key/key.core/build/resources/main/de/uka/ilkd/key/proof/rules/ifThenElseRules.key:198:32: mismatched input '&' expecting {'(', '{'} [@1239,5493:5493='&',<156>,198:32] (taclet, rulesOrAxioms, decls, file) 
301147     WARN  Test worker     d.u.i.k.n.KeYParser       [syntax-error] file:/home/runner/work/key/key/key.core/build/resources/main/de/uka/ilkd/key/proof/rules/ifThenElseRules.key:200:42: mismatched input '}' expecting {'(', '{'} [@1279,5612:5612='}',<149>,200:42] (taclet, rulesOrAxioms, decls, file) 
301147     WARN  Test worker     d.u.i.k.n.KeYParser       [syntax-error] file:/home/runner/work/key/key/key.core/build/resources/main/de/uka/ilkd/key/proof/rules/ifThenElseRules.key:201:39: mismatched input '}' expecting {'(', '{'} [@1292,5657:5657='}',<149>,201:39] (taclet, rulesOrAxioms, decls, file) 
301148     WARN  Test worker     d.u.i.k.n.KeYParser       [syntax-error] file:/home/runner/work/key/key/key.core/build/resources/main/de/uka/ilkd/key/proof/rules/ifThenElseRules.key:208:14: mismatched input '\ifExintVar' expecting {MODALITY, FORALL, EXISTS, '\if', '\ifEx', 'true', 'false', '(', '{', '@', NOT, SEQARROW, '-', STRING_LITERAL, CHAR_LITERAL, BIN_LITERAL, HEX_LITERAL, IDENT, INT_LITERAL, FLOAT_LITERAL, DOUBLE_LITERAL, REAL_LITERAL} [@1320,5817:5827='\ifExintVar',<188>,208:14] (termorseq, taclet, rulesOrAxioms, decls, file) 
301148     WARN  Test worker     d.u.i.k.n.KeYParser       [syntax-error] file:/home/runner/work/key/key/key.core/build/resources/main/de/uka/ilkd/key/proof/rules/ifThenElseRules.key:208:27: extraneous input '(' expecting {'\lemma', '}', IDENT, '/*!'} [@1323,5830:5830='(',<146>,208:27] (rulesOrAxioms, decls, file) 
301148     WARN  Test worker     d.u.i.k.n.KeYParser       [syntax-error] file:/home/runner/work/key/key/key.core/build/resources/main/de/uka/ilkd/key/proof/rules/ifThenElseRules.key:208:32: mismatched input '&' expecting {'(', '{'} [@1326,5835:5835='&',<156>,208:32] (taclet, rulesOrAxioms, decls, file) 
301148     WARN  Test worker     d.u.i.k.n.KeYParser       [syntax-error] file:/home/runner/work/key/key/key.core/build/resources/main/de/uka/ilkd/key/proof/rules/ifThenElseRules.key:210:42: mismatched input '}' expecting {'(', '{'} [@1366,5948:5948='}',<149>,210:42] (taclet, rulesOrAxioms, decls, file) 
301148     WARN  Test worker     d.u.i.k.n.KeYParser       [syntax-error] file:/home/runner/work/key/key/key.core/build/resources/main/de/uka/ilkd/key/proof/rules/ifThenElseRules.key:211:39: mismatched input '}' expecting {'(', '{'} [@1379,5993:5993='}',<149>,211:39] (taclet, rulesOrAxioms, decls, file) 
301148     WARN  Test worker     d.u.i.k.n.KeYParser       [syntax-error] file:/home/runner/work/key/key/key.core/build/resources/main/de/uka/ilkd/key/proof/rules/ifThenElseRules.key:218:14: mismatched input '\ifExintVar' expecting {MODALITY, FORALL, EXISTS, '\if', '\ifEx', 'true', 'false', '(', '{', '@', NOT, SEQARROW, '-', STRING_LITERAL, CHAR_LITERAL, BIN_LITERAL, HEX_LITERAL, IDENT, INT_LITERAL, FLOAT_LITERAL, DOUBLE_LITERAL, REAL_LITERAL} [@1407,6146:6156='\ifExintVar',<188>,218:14] (termorseq, taclet, rulesOrAxioms, decls, file) 
301148     WARN  Test worker     d.u.i.k.n.KeYParser       [syntax-error] file:/home/runner/work/key/key/key.core/build/resources/main/de/uka/ilkd/key/proof/rules/ifThenElseRules.key:218:27: extraneous input '(' expecting {'\lemma', '}', IDENT, '/*!'} [@1410,6159:6159='(',<146>,218:27] (rulesOrAxioms, decls, file) 
301149     WARN  Test worker     d.u.i.k.n.KeYParser       [syntax-error] file:/home/runner/work/key/key/key.core/build/resources/main/de/uka/ilkd/key/proof/rules/ifThenElseRules.key:218:31: mismatched input ')' expecting {'(', '{'} [@1412,6163:6163=')',<147>,218:31] (taclet, rulesOrAxioms, decls, file) 
301149     WARN  Test worker     d.u.i.k.n.KeYParser       [syntax-error] file:/home/runner/work/key/key/key.core/build/resources/main/de/uka/ilkd/key/proof/rules/ifThenElseRules.key:220:44: mismatched input ')' expecting {'(', '{'} [@1444,6275:6275=')',<147>,220:44] (taclet, rulesOrAxioms, decls, file) 
301149     WARN  Test worker     d.u.i.k.n.KeYParser       [syntax-error] file:/home/runner/work/key/key/key.core/build/resources/main/de/uka/ilkd/key/proof/rules/ifThenElseRules.key:225:14: mismatched input '\ifExintVar' expecting {MODALITY, FORALL, EXISTS, '\if', '\ifEx', 'true', 'false', '(', '{', '@', NOT, SEQARROW, '-', STRING_LITERAL, CHAR_LITERAL, BIN_LITERAL, HEX_LITERAL, IDENT, INT_LITERAL, FLOAT_LITERAL, DOUBLE_LITERAL, REAL_LITERAL} [@1471,6389:6399='\ifExintVar',<188>,225:14] (termorseq, taclet, rulesOrAxioms, decls, file) 
301149     WARN  Test worker     d.u.i.k.n.KeYParser       [syntax-error] file:/home/runner/work/key/key/key.core/build/resources/main/de/uka/ilkd/key/proof/rules/ifThenElseRules.key:225:27: extraneous input '(' expecting {'\lemma', '}', IDENT, '/*!'} [@1474,6402:6402='(',<146>,225:27] (rulesOrAxioms, decls, file) 
301149     WARN  Test worker     d.u.i.k.n.KeYParser       [syntax-error] file:/home/runner/work/key/key/key.core/build/resources/main/de/uka/ilkd/key/proof/rules/ifThenElseRules.key:225:31: mismatched input ')' expecting {'(', '{'} [@1476,6406:6406=')',<147>,225:31] (taclet, rulesOrAxioms, decls, file) 
301149     WARN  Test worker     d.u.i.k.n.KeYParser       [syntax-error] file:/home/runner/work/key/key/key.core/build/resources/main/de/uka/ilkd/key/proof/rules/ifThenElseRules.key:227:44: mismatched input ')' expecting {'(', '{'} [@1508,6509:6509=')',<147>,227:44] (taclet, rulesOrAxioms, decls, file) 
301149     WARN  Test worker     d.u.i.k.n.KeYParser       [syntax-error] file:/home/runner/work/key/key/key.core/build/resources/main/de/uka/ilkd/key/proof/rules/ifThenElseRules.key:233:14: mismatched input '\ifExintVar' expecting {MODALITY, FORALL, EXISTS, '\if', '\ifEx', 'true', 'false', '(', '{', '@', NOT, SEQARROW, '-', STRING_LITERAL, CHAR_LITERAL, BIN_LITERAL, HEX_LITERAL, IDENT, INT_LITERAL, FLOAT_LITERAL, DOUBLE_LITERAL, REAL_LITERAL} [@1539,6656:6666='\ifExintVar',<188>,233:14] (termorseq, taclet, rulesOrAxioms, decls, file) 
301150     WARN  Test worker     d.u.i.k.n.KeYParser       [syntax-error] file:/home/runner/work/key/key/key.core/build/resources/main/de/uka/ilkd/key/proof/rules/ifThenElseRules.key:233:27: extraneous input '(' expecting {'\lemma', '}', IDENT, '/*!'} [@1542,6669:6669='(',<146>,233:27] (rulesOrAxioms, decls, file) 
301150     WARN  Test worker     d.u.i.k.n.KeYParser       [syntax-error] file:/home/runner/work/key/key/key.core/build/resources/main/de/uka/ilkd/key/proof/rules/ifThenElseRules.key:233:31: mismatched input ')' expecting {'(', '{'} [@1544,6673:6673=')',<147>,233:31] (taclet, rulesOrAxioms, decls, file) 
301150     WARN  Test worker     d.u.i.k.n.KeYParser       [syntax-error] file:/home/runner/work/key/key/key.core/build/resources/main/de/uka/ilkd/key/proof/rules/ifThenElseRules.key:237:42: mismatched input '}' expecting {'(', '{'} [@1586,6850:6850='}',<149>,237:42] (taclet, rulesOrAxioms, decls, file) 
301150     WARN  Test worker     d.u.i.k.n.KeYParser       [syntax-error] file:/home/runner/work/key/key/key.core/build/resources/main/de/uka/ilkd/key/proof/rules/ifThenElseRules.key:238:34: mismatched input '}' expecting {'(', '{'} [@1599,6891:6891='}',<149>,238:34] (taclet, rulesOrAxioms, decls, file) 
301150     WARN  Test worker     d.u.i.k.n.KeYParser       [syntax-error] file:/home/runner/work/key/key/key.core/build/resources/main/de/uka/ilkd/key/proof/rules/ifThenElseRules.key:239:28: extraneous input '(' expecting {'\lemma', '}', IDENT, '/*!'} [@1608,6925:6925='(',<146>,239:28] (rulesOrAxioms, decls, file) 
301150     WARN  Test worker     d.u.i.k.n.KeYParser       [syntax-error] file:/home/runner/work/key/key/key.core/build/resources/main/de/uka/ilkd/key/proof/rules/ifThenElseRules.key:239:33: mismatched input '->' expecting {'(', '{'} [@1611,6930:6931='->',<158>,239:33] (taclet, rulesOrAxioms, decls, file) 
301150     WARN  Test worker     d.u.i.k.n.KeYParser       [syntax-error] file:/home/runner/work/key/key/key.core/build/resources/main/de/uka/ilkd/key/proof/rules/ifThenElseRules.key:240:8: extraneous input '\replacewith' expecting {'\lemma', '}', IDENT, '/*!'} [@1626,6979:6990='\replacewith',<105>,240:8] (rulesOrAxioms, decls, file) 
301151     WARN  Test worker     d.u.i.k.n.KeYParser       [syntax-error] file:/home/runner/work/key/key/key.core/build/resources/main/de/uka/ilkd/key/proof/rules/ifThenElseRules.key:240:25: mismatched input ')' expecting {'(', '{'} [@1629,6996:6996=')',<147>,240:25] (taclet, rulesOrAxioms, decls, file) 
301151     WARN  Test worker     d.u.i.k.n.KeYParser       [syntax-error] file:/home/runner/work/key/key/key.core/build/resources/main/de/uka/ilkd/key/proof/rules/ifThenElseRules.key:240:56: mismatched input ')' expecting {'(', '{'} [@1642,7027:7027=')',<147>,240:56] (taclet, rulesOrAxioms, decls, file) 
301151     WARN  Test worker     d.u.i.k.n.KeYParser       [syntax-error] file:/home/runner/work/key/key/key.core/build/resources/main/de/uka/ilkd/key/proof/rules/ifThenElseRules.key:245:14: mismatched input '\ifExintVar' expecting {MODALITY, FORALL, EXISTS, '\if', '\ifEx', 'true', 'false', '(', '{', '@', NOT, SEQARROW, '-', STRING_LITERAL, CHAR_LITERAL, BIN_LITERAL, HEX_LITERAL, IDENT, INT_LITERAL, FLOAT_LITERAL, DOUBLE_LITERAL, REAL_LITERAL} [@1658,7109:7119='\ifExintVar',<188>,245:14] (termorseq, taclet, rulesOrAxioms, decls, file) 
301151     WARN  Test worker     d.u.i.k.n.KeYParser       [syntax-error] file:/home/runner/work/key/key/key.core/build/resources/main/de/uka/ilkd/key/proof/rules/ifThenElseRules.key:245:27: extraneous input '(' expecting {'\lemma', '}', IDENT, '/*!'} [@1661,7122:7122='(',<146>,245:27] (rulesOrAxioms, decls, file) 
301151     WARN  Test worker     d.u.i.k.n.KeYParser       [syntax-error] file:/home/runner/work/key/key/key.core/build/resources/main/de/uka/ilkd/key/proof/rules/ifThenElseRules.key:245:31: mismatched input ')' expecting {'(', '{'} [@1663,7126:7126=')',<147>,245:31] (taclet, rulesOrAxioms, decls, file) 
301151     WARN  Test worker     d.u.i.k.n.KeYParser       [syntax-error] file:/home/runner/work/key/key/key.core/build/resources/main/de/uka/ilkd/key/proof/rules/ifThenElseRules.key:248:45: mismatched input '}' expecting {'(', '{'} [@1696,7268:7268='}',<149>,248:45] (taclet, rulesOrAxioms, decls, file) 
301151     WARN  Test worker     d.u.i.k.n.KeYParser       [syntax-error] file:/home/runner/work/key/key/key.core/build/resources/main/de/uka/ilkd/key/proof/rules/ifThenElseRules.key:249:8: extraneous input '\replacewith' expecting {'\lemma', '}', IDENT, '/*!'} [@1701,7284:7295='\replacewith',<105>,249:8] (rulesOrAxioms, decls, file) 
301151     WARN  Test worker     d.u.i.k.n.KeYParser       [syntax-error] file:/home/runner/work/key/key/key.core/build/resources/main/de/uka/ilkd/key/proof/rules/ifThenElseRules.key:249:38: mismatched input ')' expecting {'(', '{'} [@1708,7314:7314=')',<147>,249:38] (taclet, rulesOrAxioms, decls, file) 
301152     WARN  Test worker     d.u.i.k.n.KeYParser       [syntax-error] file:/home/runner/work/key/key/key.core/build/resources/main/de/uka/ilkd/key/proof/rules/ifThenElseRules.key:250:42: mismatched input '}' expecting {'(', '{'} [@1731,7381:7381='}',<149>,250:42] (taclet, rulesOrAxioms, decls, file) 
301152     WARN  Test worker     d.u.i.k.n.KeYParser       [syntax-error] file:/home/runner/work/key/key/key.core/build/resources/main/de/uka/ilkd/key/proof/rules/ifThenElseRules.key:251:28: extraneous input '(' expecting {'\lemma', '}', IDENT, '/*!'} [@1741,7416:7416='(',<146>,251:28] (rulesOrAxioms, decls, file) 
301152     WARN  Test worker     d.u.i.k.n.KeYParser       [syntax-error] file:/home/runner/work/key/key/key.core/build/resources/main/de/uka/ilkd/key/proof/rules/ifThenElseRules.key:251:33: mismatched input '->' expecting {'(', '{'} [@1744,7421:7422='->',<158>,251:33] (taclet, rulesOrAxioms, decls, file) 
301158     WARN  Test worker     d.u.i.k.n.KeYParser       [syntax-error] file:/home/runner/work/key/key/key.core/build/resources/main/de/uka/ilkd/key/proof/rules/ifThenElseRules.key:255:14: mismatched input '\ifExintVar' expecting {MODALITY, FORALL, EXISTS, '\if', '\ifEx', 'true', 'false', '(', '{', '@', NOT, SEQARROW, '-', STRING_LITERAL, CHAR_LITERAL, BIN_LITERAL, HEX_LITERAL, IDENT, INT_LITERAL, FLOAT_LITERAL, DOUBLE_LITERAL, REAL_LITERAL} [@1765,7506:7516='\ifExintVar',<188>,255:14] (termorseq, taclet, rulesOrAxioms, decls, file) 
301158     WARN  Test worker     d.u.i.k.n.KeYParser       [syntax-error] file:/home/runner/work/key/key/key.core/build/resources/main/de/uka/ilkd/key/proof/rules/ifThenElseRules.key:255:27: extraneous input '(' expecting {'\lemma', '}', IDENT, '/*!'} [@1768,7519:7519='(',<146>,255:27] (rulesOrAxioms, decls, file) 
301159     WARN  Test worker     d.u.i.k.n.KeYParser       [syntax-error] file:/home/runner/work/key/key/key.core/build/resources/main/de/uka/ilkd/key/proof/rules/ifThenElseRules.key:255:31: mismatched input ')' expecting {'(', '{'} [@1770,7523:7523=')',<147>,255:31] (taclet, rulesOrAxioms, decls, file) 
301159     WARN  Test worker     d.u.i.k.n.KeYParser       [syntax-error] file:/home/runner/work/key/key/key.core/build/resources/main/de/uka/ilkd/key/proof/rules/ifThenElseRules.key:258:52: extraneous input '0' expecting {'\lemma', '}', IDENT, '/*!'} [@1809,7667:7667='0',<184>,258:52] (rulesOrAxioms, decls, file) 
301159     WARN  Test worker     d.u.i.k.n.KeYParser       [syntax-error] file:/home/runner/work/key/key/key.core/build/resources/main/de/uka/ilkd/key/proof/rules/ifThenElseRules.key:258:54: mismatched input 'then' expecting {<EOF>, '\problem', '\chooseContract', '\proofObligation', '\proof'} [@1811,7669:7672='then',<183>,258:54] (file) 
301159     ERROR Test worker     d.u.i.k.s.n.MasterHandlerTest Error reading /home/runner/work/key/key/key.core/build/resources/test/de/uka/ilkd/key/smt/newsmt2/cases/heap1.props de.uka.ilkd.key.proof.io.ProblemLoaderException: line 135:14 mismatched input '\ifExintVar' expecting {MODALITY, FORALL, EXISTS, '\if', '\ifEx', 'true', 'false', '(', '{', '@', NOT, SEQARROW, '-', STRING_LITERAL, CHAR_LITERAL, BIN_LITERAL, HEX_LITERAL, IDENT, INT_LITERAL, FLOAT_LITERAL, DOUBLE_LITERAL, REAL_LITERAL}
line 135:27 extraneous input '(' expecting {'\lemma', '}', IDENT, '/*!'}
line 135:44 mismatched input ')' expecting {'(', '{'}
line 141:14 mismatched input '\ifExintVar' expecting {MODALITY, FORALL, EXISTS, '\if', '\ifEx', 'true', 'false', '(', '{', '@', NOT, SEQARROW, '-', STRING_LITERAL, CHAR_LITERAL, BIN_LITERAL, HEX_LITERAL, IDENT, INT_LITERAL, FLOAT_LITERAL, DOUBLE_LITERAL, REAL_LITERAL}
line 141:27 extraneous input '(' expecting {'\lemma', '}', IDENT, '/*!'}
line 141:41 mismatched input ')' expecting {'(', '{'}
line 148:14 mismatched input '\ifExintVar' expecting {MODALITY, FORALL, EXISTS, '\if', '\ifEx', 'true', 'false', '(', '{', '@', NOT, SEQARROW, '-', STRING_LITERAL, CHAR_LITERAL, BIN_LITERAL, HEX_LITERAL, IDENT, INT_LITERAL, FLOAT_LITERAL, DOUBLE_LITERAL, REAL_LITERAL}
line 148:27 extraneous input '(' expecting {'\lemma', '}', IDENT, '/*!'}
line 148:35 mismatched input '=' expecting {'(', '{'}
line 150:38 mismatched input '}' expecting {'(', '{'}
line 155:14 mismatched input '\ifExintVar' expecting {MODALITY, FORALL, EXISTS, '\if', '\ifEx', 'true', 'false', '(', '{', '@', NOT, SEQARROW, '-', STRING_LITERAL, CHAR_LITERAL, BIN_LITERAL, HEX_LITERAL, IDENT, INT_LITERAL, FLOAT_LITERAL, DOUBLE_LITERAL, REAL_LITERAL}
line 155:27 extraneous input '(' expecting {'\lemma', '}', IDENT, '/*!'}
line 155:35 mismatched input '=' expecting {'(', '{'}
line 157:38 mismatched input '}' expecting {'(', '{'}
line 163:14 mismatched input '\ifExintVar' expecting {MODALITY, FORALL, EXISTS, '\if', '\ifEx', 'true', 'false', '(', '{', '@', NOT, SEQARROW, '-', STRING_LITERAL, CHAR_LITERAL, BIN_LITERAL, HEX_LITERAL, IDENT, INT_LITERAL, FLOAT_LITERAL, DOUBLE_LITERAL, REAL_LITERAL}
line 163:27 extraneous input '(' expecting {'\lemma', '}', IDENT, '/*!'}
line 163:30 mismatched input '=' expecting {'(', '{'}
line 165:38 mismatched input '}' expecting {'(', '{'}
line 171:14 mismatched input '\ifExintVar' expecting {MODALITY, FORALL, EXISTS, '\if', '\ifEx', 'true', 'false', '(', '{', '@', NOT, SEQARROW, '-', STRING_LITERAL, CHAR_LITERAL, BIN_LITERAL, HEX_LITERAL, IDENT, INT_LITERAL, FLOAT_LITERAL, DOUBLE_LITERAL, REAL_LITERAL}
line 171:27 extraneous input '(' expecting {'\lemma', '}', IDENT, '/*!'}
line 171:30 mismatched input '=' expecting {'(', '{'}
line 173:38 mismatched input '}' expecting {'(', '{'}
line 179:14 mismatched input '\ifExintVar' expecting {MODALITY, FORALL, EXISTS, '\if', '\ifEx', 'true', 'false', '(', '{', '@', NOT, SEQARROW, '-', STRING_LITERAL, CHAR_LITERAL, BIN_LITERAL, HEX_LITERAL, IDENT, INT_LITERAL, FLOAT_LITERAL, DOUBLE_LITERAL, REAL_LITERAL}
line 179:27 extraneous input '(' expecting {'\lemma', '}', IDENT, '/*!'}
line 179:32 mismatched input '&' expecting {'(', '{'}
line 181:42 mismatched input '}' expecting {'(', '{'}
line 182:39 mismatched input '}' expecting {'(', '{'}
line 188:14 mismatched input '\ifExintVar' expecting {MODALITY, FORALL, EXISTS, '\if', '\ifEx', 'true', 'false', '(', '{', '@', NOT, SEQARROW, '-', STRING_LITERAL, CHAR_LITERAL, BIN_LITERAL, HEX_LITERAL, IDENT, INT_LITERAL, FLOAT_LITERAL, DOUBLE_LITERAL, REAL_LITERAL}
line 188:27 extraneous input '(' expecting {'\lemma', '}', IDENT, '/*!'}
line 188:32 mismatched input '&' expecting {'(', '{'}
line 190:42 mismatched input '}' expecting {'(', '{'}
line 191:39 mismatched input '}' expecting {'(', '{'}
line 198:14 mismatched input '\ifExintVar' expecting {MODALITY, FORALL, EXISTS, '\if', '\ifEx', 'true', 'false', '(', '{', '@', NOT, SEQARROW, '-', STRING_LITERAL, CHAR_LITERAL, BIN_LITERAL, HEX_LITERAL, IDENT, INT_LITERAL, FLOAT_LITERAL, DOUBLE_LITERAL, REAL_LITERAL}
line 198:27 extraneous input '(' expecting {'\lemma', '}', IDENT, '/*!'}
line 198:32 mismatched input '&' expecting {'(', '{'}
line 200:42 mismatched input '}' expecting {'(', '{'}
line 201:39 mismatched input '}' expecting {'(', '{'}
line 208:14 mismatched input '\ifExintVar' expecting {MODALITY, FORALL, EXISTS, '\if', '\ifEx', 'true', 'false', '(', '{', '@', NOT, SEQARROW, '-', STRING_LITERAL, CHAR_LITERAL, BIN_LITERAL, HEX_LITERAL, IDENT, INT_LITERAL, FLOAT_LITERAL, DOUBLE_LITERAL, REAL_LITERAL}
line 208:27 extraneous input '(' expecting {'\lemma', '}', IDENT, '/*!'}
line 208:32 mismatched input '&' expecting {'(', '{'}
line 210:42 mismatched input '}' expecting {'(', '{'}
line 211:39 mismatched input '}' expecting {'(', '{'}
line 218:14 mismatched input '\ifExintVar' expecting {MODALITY, FORALL, EXISTS, '\if', '\ifEx', 'true', 'false', '(', '{', '@', NOT, SEQARROW, '-', STRING_LITERAL, CHAR_LITERAL, BIN_LITERAL, HEX_LITERAL, IDENT, INT_LITERAL, FLOAT_LITERAL, DOUBLE_LITERAL, REAL_LITERAL}
line 218:27 extraneous input '(' expecting {'\lemma', '}', IDENT, '/*!'}
line 218:31 mismatched input ')' expecting {'(', '{'}
line 220:44 mismatched input ')' expecting {'(', '{'}
line 225:14 mismatched input '\ifExintVar' expecting {MODALITY, FORALL, EXISTS, '\if', '\ifEx', 'true', 'false', '(', '{', '@', NOT, SEQARROW, '-', STRING_LITERAL, CHAR_LITERAL, BIN_LITERAL, HEX_LITERAL, IDENT, INT_LITERAL, FLOAT_LITERAL, DOUBLE_LITERAL, REAL_LITERAL}
line 225:27 extraneous input '(' expecting {'\lemma', '}', IDENT, '/*!'}
line 225:31 mismatched input ')' expecting {'(', '{'}
line 227:44 mismatched input ')' expecting {'(', '{'}
line 233:14 mismatched input '\ifExintVar' expecting {MODALITY, FORALL, EXISTS, '\if', '\ifEx', 'true', 'false', '(', '{', '@', NOT, SEQARROW, '-', STRING_LITERAL, CHAR_LITERAL, BIN_LITERAL, HEX_LITERAL, IDENT, INT_LITERAL, FLOAT_LITERAL, DOUBLE_LITERAL, REAL_LITERAL}
line 233:27 extraneous input '(' expecting {'\lemma', '}', IDENT, '/*!'}
line 233:31 mismatched input ')' expecting {'(', '{'}
line 237:42 mismatched input '}' expecting {'(', '{'}
line 238:34 mismatched input '}' expecting {'(', '{'}
line 239:28 extraneous input '(' expecting {'\lemma', '}', IDENT, '/*!'}
line 239:33 mismatched input '->' expecting {'(', '{'}
line 240:8 extraneous input '\replacewith' expecting {'\lemma', '}', IDENT, '/*!'}
line 240:25 mismatched input ')' expecting {'(', '{'}
line 240:56 mismatched input ')' expecting {'(', '{'}
line 245:14 mismatched input '\ifExintVar' expecting {MODALITY, FORALL, EXISTS, '\if', '\ifEx', 'true', 'false', '(', '{', '@', NOT, SEQARROW, '-', STRING_LITERAL, CHAR_LITERAL, BIN_LITERAL, HEX_LITERAL, IDENT, INT_LITERAL, FLOAT_LITERAL, DOUBLE_LITERAL, REAL_LITERAL}
line 245:27 extraneous input '(' expecting {'\lemma', '}', IDENT, '/*!'}
line 245:31 mismatched input ')' expecting {'(', '{'}
line 248:45 mismatched input '}' expecting {'(', '{'}
line 249:8 extraneous input '\replacewith' expecting {'\lemma', '}', IDENT, '/*!'}
line 249:38 mismatched input ')' expecting {'(', '{'}
line 250:42 mismatched input '}' expecting {'(', '{'}
line 251:28 extraneous input '(' expecting {'\lemma', '}', IDENT, '/*!'}
line 251:33 mismatched input '->' expecting {'(', '{'}
line 255:14 mismatched input '\ifExintVar' expecting {MODALITY, FORALL, EXISTS, '\if', '\ifEx', 'true', 'false', '(', '{', '@', NOT, SEQARROW, '-', STRING_LITERAL, CHAR_LITERAL, BIN_LITERAL, HEX_LITERAL, IDENT, INT_LITERAL, FLOAT_LITERAL, DOUBLE_LITERAL, REAL_LITERAL}
line 255:27 extraneous input '(' expecting {'\lemma', '}', IDENT, '/*!'}
line 255:31 mismatched input ')' expecting {'(', '{'}
line 258:52 extraneous input '0' expecting {'\lemma', '}', IDENT, '/*!'}
line 258:54 mismatched input 'then' expecting {<EOF>, '\problem', '\chooseContract', '\proofObligation', '\proof'}

	at de.uka.ilkd.key.control.AbstractUserInterfaceControl.load(AbstractUserInterfaceControl.java:221)
Caused by: de.uka.ilkd.key.proof.init.ProofInputException: line 135:14 mismatched input '\ifExintVar' expecting {MODALITY, FORALL, EXISTS, '\if', '\ifEx', 'true', 'false', '(', '{', '@', NOT, SEQARROW, '-', STRING_LITERAL, CHAR_LITERAL, BIN_LITERAL, HEX_LITERAL, IDENT, INT_LITERAL, FLOAT_LITERAL, DOUBLE_LITERAL, REAL_LITERAL}
line 135:27 extraneous input '(' expecting {'\lemma', '}', IDENT, '/*!'}
line 135:44 mismatched input ')' expecting {'(', '{'}
line 141:14 mismatched input '\ifExintVar' expecting {MODALITY, FORALL, EXISTS, '\if', '\ifEx', 'true', 'false', '(', '{', '@', NOT, SEQARROW, '-', STRING_LITERAL, CHAR_LITERAL, BIN_LITERAL, HEX_LITERAL, IDENT, INT_LITERAL, FLOAT_LITERAL, DOUBLE_LITERAL, REAL_LITERAL}
line 141:27 extraneous input '(' expecting {'\lemma', '}', IDENT, '/*!'}
line 141:41 mismatched input ')' expecting {'(', '{'}
line 148:14 mismatched input '\ifExintVar' expecting {MODALITY, FORALL, EXISTS, '\if', '\ifEx', 'true', 'false', '(', '{', '@', NOT, SEQARROW, '-', STRING_LITERAL, CHAR_LITERAL, BIN_LITERAL, HEX_LITERAL, IDENT, INT_LITERAL, FLOAT_LITERAL, DOUBLE_LITERAL, REAL_LITERAL}
line 148:27 extraneous input '(' expecting {'\lemma', '}', IDENT, '/*!'}
line 148:35 mismatched input '=' expecting {'(', '{'}
line 150:38 mismatched input '}' expecting {'(', '{'}
line 155:14 mismatched input '\ifExintVar' expecting {MODALITY, FORALL, EXISTS, '\if', '\ifEx', 'true', 'false', '(', '{', '@', NOT, SEQARROW, '-', STRING_LITERAL, CHAR_LITERAL, BIN_LITERAL, HEX_LITERAL, IDENT, INT_LITERAL, FLOAT_LITERAL, DOUBLE_LITERAL, REAL_LITERAL}
line 155:27 extraneous input '(' expecting {'\lemma', '}', IDENT, '/*!'}
line 155:35 mismatched input '=' expecting {'(', '{'}
line 157:38 mismatched input '}' expecting {'(', '{'}
line 163:14 mismatched input '\ifExintVar' expecting {MODALITY, FORALL, EXISTS, '\if', '\ifEx', 'true', 'false', '(', '{', '@', NOT, SEQARROW, '-', STRING_LITERAL, CHAR_LITERAL, BIN_LITERAL, HEX_LITERAL, IDENT, INT_LITERAL, FLOAT_LITERAL, DOUBLE_LITERAL, REAL_LITERAL}
line 163:27 extraneous input '(' expecting {'\lemma', '}', IDENT, '/*!'}
line 163:30 mismatched input '=' expecting {'(', '{'}
line 165:38 mismatched input '}' expecting {'(', '{'}
line 171:14 mismatched input '\ifExintVar' expecting {MODALITY, FORALL, EXISTS, '\if', '\ifEx', 'true', 'false', '(', '{', '@', NOT, SEQARROW, '-', STRING_LITERAL, CHAR_LITERAL, BIN_LITERAL, HEX_LITERAL, IDENT, INT_LITERAL, FLOAT_LITERAL, DOUBLE_LITERAL, REAL_LITERAL}
line 171:27 extraneous input '(' expecting {'\lemma', '}', IDENT, '/*!'}
line 171:30 mismatched input '=' expecting {'(', '{'}
line 173:38 mismatched input '}' expecting {'(', '{'}
line 179:14 mismatched input '\ifExintVar' expecting {MODALITY, FORALL, EXISTS, '\if', '\ifEx', 'true', 'false', '(', '{', '@', NOT, SEQARROW, '-', STRING_LITERAL, CHAR_LITERAL, BIN_LITERAL, HEX_LITERAL, IDENT, INT_LITERAL, FLOAT_LITERAL, DOUBLE_LITERAL, REAL_LITERAL}
line 179:27 extraneous input '(' expecting {'\lemma', '}', IDENT, '/*!'}
line 179:32 mismatched input '&' expecting {'(', '{'}
line 181:42 mismatched input '}' expecting {'(', '{'}
line 182:39 mismatched input '}' expecting {'(', '{'}
line 188:14 mismatched input '\ifExintVar' expecting {MODALITY, FORALL, EXISTS, '\if', '\ifEx', 'true', 'false', '(', '{', '@', NOT, SEQARROW, '-', STRING_LITERAL, CHAR_LITERAL, BIN_LITERAL, HEX_LITERAL, IDENT, INT_LITERAL, FLOAT_LITERAL, DOUBLE_LITERAL, REAL_LITERAL}
line 188:27 extraneous input '(' expecting {'\lemma', '}', IDENT, '/*!'}
line 188:32 mismatched input '&' expecting {'(', '{'}
line 190:42 mismatched input '}' expecting {'(', '{'}
line 191:39 mismatched input '}' expecting {'(', '{'}
line 198:14 mismatched input '\ifExintVar' expecting {MODALITY, FORALL, EXISTS, '\if', '\ifEx', 'true', 'false', '(', '{', '@', NOT, SEQARROW, '-', STRING_LITERAL, CHAR_LITERAL, BIN_LITERAL, HEX_LITERAL, IDENT, INT_LITERAL, FLOAT_LITERAL, DOUBLE_LITERAL, REAL_LITERAL}
line 198:27 extraneous input '(' expecting {'\lemma', '}', IDENT, '/*!'}
line 198:32 mismatched input '&' expecting {'(', '{'}
line 200:42 mismatched input '}' expecting {'(', '{'}
line 201:39 mismatched input '}' expecting {'(', '{'}
line 208:14 mismatched input '\ifExintVar' expecting {MODALITY, FORALL, EXISTS, '\if', '\ifEx', 'true', 'false', '(', '{', '@', NOT, SEQARROW, '-', STRING_LITERAL, CHAR_LITERAL, BIN_LITERAL, HEX_LITERAL, IDENT, INT_LITERAL, FLOAT_LITERAL, DOUBLE_LITERAL, REAL_LITERAL}
line 208:27 extraneous input '(' expecting {'\lemma', '}', IDENT, '/*!'}
line 208:32 mismatched input '&' expecting {'(', '{'}
line 210:42 mismatched input '}' expecting {'(', '{'}
line 211:39 mismatched input '}' expecting {'(', '{'}
line 218:14 mismatched input '\ifExintVar' expecting {MODALITY, FORALL, EXISTS, '\if', '\ifEx', 'true', 'false', '(', '{', '@', NOT, SEQARROW, '-', STRING_LITERAL, CHAR_LITERAL, BIN_LITERAL, HEX_LITERAL, IDENT, INT_LITERAL, FLOAT_LITERAL, DOUBLE_LITERAL, REAL_LITERAL}
line 218:27 extraneous input '(' expecting {'\lemma', '}', IDENT, '/*!'}
line 218:31 mismatched input ')' expecting {'(', '{'}
line 220:44 mismatched input ')' expecting {'(', '{'}
line 225:14 mismatched input '\ifExintVar' expecting {MODALITY, FORALL, EXISTS, '\if', '\ifEx', 'true', 'false', '(', '{', '@', NOT, SEQARROW, '-', STRING_LITERAL, CHAR_LITERAL, BIN_LITERAL, HEX_LITERAL, IDENT, INT_LITERAL, FLOAT_LITERAL, DOUBLE_LITERAL, REAL_LITERAL}
line 225:27 extraneous input '(' expecting {'\lemma', '}', IDENT, '/*!'}
line 225:31 mismatched input ')' expecting {'(', '{'}
line 227:44 mismatched input ')' expecting {'(', '{'}
line 233:14 mismatched input '\ifExintVar' expecting {MODALITY, FORALL, EXISTS, '\if', '\ifEx', 'true', 'false', '(', '{', '@', NOT, SEQARROW, '-', STRING_LITERAL, CHAR_LITERAL, BIN_LITERAL, HEX_LITERAL, IDENT, INT_LITERAL, FLOAT_LITERAL, DOUBLE_LITERAL, REAL_LITERAL}
line 233:27 extraneous input '(' expecting {'\lemma', '}', IDENT, '/*!'}
line 233:31 mismatched input ')' expecting {'(', '{'}
line 237:42 mismatched input '}' expecting {'(', '{'}
line 238:34 mismatched input '}' expecting {'(', '{'}
line 239:28 extraneous input '(' expecting {'\lemma', '}', IDENT, '/*!'}
line 239:33 mismatched input '->' expecting {'(', '{'}
line 240:8 extraneous input '\replacewith' expecting {'\lemma', '}', IDENT, '/*!'}
line 240:25 mismatched input ')' expecting {'(', '{'}
line 240:56 mismatched input ')' expecting {'(', '{'}
line 245:14 mismatched input '\ifExintVar' expecting {MODALITY, FORALL, EXISTS, '\if', '\ifEx', 'true', 'false', '(', '{', '@', NOT, SEQARROW, '-', STRING_LITERAL, CHAR_LITERAL, BIN_LITERAL, HEX_LITERAL, IDENT, INT_LITERAL, FLOAT_LITERAL, DOUBLE_LITERAL, REAL_LITERAL}
line 245:27 extraneous input '(' expecting {'\lemma', '}', IDENT, '/*!'}
line 245:31 mismatched input ')' expecting {'(', '{'}
line 248:45 mismatched input '}' expecting {'(', '{'}
line 249:8 extraneous input '\replacewith' expecting {'\lemma', '}', IDENT, '/*!'}
line 249:38 mismatched input ')' expecting {'(', '{'}
line 250:42 mismatched input '}' expecting {'(', '{'}
line 251:28 extraneous input '(' expecting {'\lemma', '}', IDENT, '/*!'}
line 251:33 mismatched input '->' expecting {'(', '{'}
line 255:14 mismatched input '\ifExintVar' expecting {MODALITY, FORALL, EXISTS, '\if', '\ifEx', 'true', 'false', '(', '{', '@', NOT, SEQARROW, '-', STRING_LITERAL, CHAR_LITERAL, BIN_LITERAL, HEX_LITERAL, IDENT, INT_LITERAL, FLOAT_LITERAL, DOUBLE_LITERAL, REAL_LITERAL}
line 255:27 extraneous input '(' expecting {'\lemma', '}', IDENT, '/*!'}
line 255:31 mismatched input ')' expecting {'(', '{'}
line 258:52 extraneous input '0' expecting {'\lemma', '}', IDENT, '/*!'}
line 258:54 mismatched input 'then' expecting {<EOF>, '\problem', '\chooseContract', '\proofObligation', '\proof'}

	at de.uka.ilkd.key.proof.io.KeYFile.readIncludes(KeYFile.java:210)
Caused by: de.uka.ilkd.key.util.parsing.SyntaxErrorReporter$ParserException: line 135:14 mismatched input '\ifExintVar' expecting {MODALITY, FORALL, EXISTS, '\if', '\ifEx', 'true', 'false', '(', '{', '@', NOT, SEQARROW, '-', STRING_LITERAL, CHAR_LITERAL, BIN_LITERAL, HEX_LITERAL, IDENT, INT_LITERAL, FLOAT_LITERAL, DOUBLE_LITERAL, REAL_LITERAL}
line 135:27 extraneous input '(' expecting {'\lemma', '}', IDENT, '/*!'}
line 135:44 mismatched input ')' expecting {'(', '{'}
line 141:14 mismatched input '\ifExintVar' expecting {MODALITY, FORALL, EXISTS, '\if', '\ifEx', 'true', 'false', '(', '{', '@', NOT, SEQARROW, '-', STRING_LITERAL, CHAR_LITERAL, BIN_LITERAL, HEX_LITERAL, IDENT, INT_LITERAL, FLOAT_LITERAL, DOUBLE_LITERAL, REAL_LITERAL}
line 141:27 extraneous input '(' expecting {'\lemma', '}', IDENT, '/*!'}
line 141:41 mismatched input ')' expecting {'(', '{'}
line 148:14 mismatched input '\ifExintVar' expecting {MODALITY, FORALL, EXISTS, '\if', '\ifEx', 'true', 'false', '(', '{', '@', NOT, SEQARROW, '-', STRING_LITERAL, CHAR_LITERAL, BIN_LITERAL, HEX_LITERAL, IDENT, INT_LITERAL, FLOAT_LITERAL, DOUBLE_LITERAL, REAL_LITERAL}
line 148:27 extraneous input '(' expecting {'\lemma', '}', IDENT, '/*!'}
line 148:35 mismatched input '=' expecting {'(', '{'}
line 150:38 mismatched input '}' expecting {'(', '{'}
line 155:14 mismatched input '\ifExintVar' expecting {MODALITY, FORALL, EXISTS, '\if', '\ifEx', 'true', 'false', '(', '{', '@', NOT, SEQARROW, '-', STRING_LITERAL, CHAR_LITERAL, BIN_LITERAL, HEX_LITERAL, IDENT, INT_LITERAL, FLOAT_LITERAL, DOUBLE_LITERAL, REAL_LITERAL}
line 155:27 extraneous input '(' expecting {'\lemma', '}', IDENT, '/*!'}
line 155:35 mismatched input '=' expecting {'(', '{'}
line 157:38 mismatched input '}' expecting {'(', '{'}
line 163:14 mismatched input '\ifExintVar' expecting {MODALITY, FORALL, EXISTS, '\if', '\ifEx', 'true', 'false', '(', '{', '@', NOT, SEQARROW, '-', STRING_LITERAL, CHAR_LITERAL, BIN_LITERAL, HEX_LITERAL, IDENT, INT_LITERAL, FLOAT_LITERAL, DOUBLE_LITERAL, REAL_LITERAL}
line 163:27 extraneous input '(' expecting {'\lemma', '}', IDENT, '/*!'}
line 163:30 mismatched input '=' expecting {'(', '{'}
line 165:38 mismatched input '}' expecting {'(', '{'}
line 171:14 mismatched input '\ifExintVar' expecting {MODALITY, FORALL, EXISTS, '\if', '\ifEx', 'true', 'false', '(', '{', '@', NOT, SEQARROW, '-', STRING_LITERAL, CHAR_LITERAL, BIN_LITERAL, HEX_LITERAL, IDENT, INT_LITERAL, FLOAT_LITERAL, DOUBLE_LITERAL, REAL_LITERAL}
line 171:27 extraneous input '(' expecting {'\lemma', '}', IDENT, '/*!'}
line 171:30 mismatched input '=' expecting {'(', '{'}
line 173:38 mismatched input '}' expecting {'(', '{'}
line 179:14 mismatched input '\ifExintVar' expecting {MODALITY, FORALL, EXISTS, '\if', '\ifEx', 'true', 'false', '(', '{', '@', NOT, SEQARROW, '-', STRING_LITERAL, CHAR_LITERAL, BIN_LITERAL, HEX_LITERAL, IDENT, INT_LITERAL, FLOAT_LITERAL, DOUBLE_LITERAL, REAL_LITERAL}
line 179:27 extraneous input '(' expecting {'\lemma', '}', IDENT, '/*!'}
line 179:32 mismatched input '&' expecting {'(', '{'}
line 181:42 mismatched input '}' expecting {'(', '{'}
line 182:39 mismatched input '}' expecting {'(', '{'}
line 188:14 mismatched input '\ifExintVar' expecting {MODALITY, FORALL, EXISTS, '\if', '\ifEx', 'true', 'false', '(', '{', '@', NOT, SEQARROW, '-', STRING_LITERAL, CHAR_LITERAL, BIN_LITERAL, HEX_LITERAL, IDENT, INT_LITERAL, FLOAT_LITERAL, DOUBLE_LITERAL, REAL_LITERAL}
line 188:27 extraneous input '(' expecting {'\lemma', '}', IDENT, '/*!'}
line 188:32 mismatched input '&' expecting {'(', '{'}
line 190:42 mismatched input '}' expecting {'(', '{'}
line 191:39 mismatched input '}' expecting {'(', '{'}
line 198:14 mismatched input '\ifExintVar' expecting {MODALITY, FORALL, EXISTS, '\if', '\ifEx', 'true', 'false', '(', '{', '@', NOT, SEQARROW, '-', STRING_LITERAL, CHAR_LITERAL, BIN_LITERAL, HEX_LITERAL, IDENT, INT_LITERAL, FLOAT_LITERAL, DOUBLE_LITERAL, REAL_LITERAL}
line 198:27 extraneous input '(' expecting {'\lemma', '}', IDENT, '/*!'}
line 198:32 mismatched input '&' expecting {'(', '{'}
line 200:42 mismatched input '}' expecting {'(', '{'}
line 201:39 mismatched input '}' expecting {'(', '{'}
line 208:14 mismatched input '\ifExintVar' expecting {MODALITY, FORALL, EXISTS, '\if', '\ifEx', 'true', 'false', '(', '{', '@', NOT, SEQARROW, '-', STRING_LITERAL, CHAR_LITERAL, BIN_LITERAL, HEX_LITERAL, IDENT, INT_LITERAL, FLOAT_LITERAL, DOUBLE_LITERAL, REAL_LITERAL}
line 208:27 extraneous input '(' expecting {'\lemma', '}', IDENT, '/*!'}
line 208:32 mismatched input '&' expecting {'(', '{'}
line 210:42 mismatched input '}' expecting {'(', '{'}
line 211:39 mismatched input '}' expecting {'(', '{'}
line 218:14 mismatched input '\ifExintVar' expecting {MODALITY, FORALL, EXISTS, '\if', '\ifEx', 'true', 'false', '(', '{', '@', NOT, SEQARROW, '-', STRING_LITERAL, CHAR_LITERAL, BIN_LITERAL, HEX_LITERAL, IDENT, INT_LITERAL, FLOAT_LITERAL, DOUBLE_LITERAL, REAL_LITERAL}
line 218:27 extraneous input '(' expecting {'\lemma', '}', IDENT, '/*!'}
line 218:31 mismatched input ')' expecting {'(', '{'}
line 220:44 mismatched input ')' expecting {'(', '{'}
line 225:14 mismatched input '\ifExintVar' expecting {MODALITY, FORALL, EXISTS, '\if', '\ifEx', 'true', 'false', '(', '{', '@', NOT, SEQARROW, '-', STRING_LITERAL, CHAR_LITERAL, BIN_LITERAL, HEX_LITERAL, IDENT, INT_LITERAL, FLOAT_LITERAL, DOUBLE_LITERAL, REAL_LITERAL}
line 225:27 extraneous input '(' expecting {'\lemma', '}', IDENT, '/*!'}
line 225:31 mismatched input ')' expecting {'(', '{'}
line 227:44 mismatched input ')' expecting {'(', '{'}
line 233:14 mismatched input '\ifExintVar' expecting {MODALITY, FORALL, EXISTS, '\if', '\ifEx', 'true', 'false', '(', '{', '@', NOT, SEQARROW, '-', STRING_LITERAL, CHAR_LITERAL, BIN_LITERAL, HEX_LITERAL, IDENT, INT_LITERAL, FLOAT_LITERAL, DOUBLE_LITERAL, REAL_LITERAL}
line 233:27 extraneous input '(' expecting {'\lemma', '}', IDENT, '/*!'}
line 233:31 mismatched input ')' expecting {'(', '{'}
line 237:42 mismatched input '}' expecting {'(', '{'}
line 238:34 mismatched input '}' expecting {'(', '{'}
line 239:28 extraneous input '(' expecting {'\lemma', '}', IDENT, '/*!'}
line 239:33 mismatched input '->' expecting {'(', '{'}
line 240:8 extraneous input '\replacewith' expecting {'\lemma', '}', IDENT, '/*!'}
line 240:25 mismatched input ')' expecting {'(', '{'}
line 240:56 mismatched input ')' expecting {'(', '{'}
line 245:14 mismatched input '\ifExintVar' expecting {MODALITY, FORALL, EXISTS, '\if', '\ifEx', 'true', 'false', '(', '{', '@', NOT, SEQARROW, '-', STRING_LITERAL, CHAR_LITERAL, BIN_LITERAL, HEX_LITERAL, IDENT, INT_LITERAL, FLOAT_LITERAL, DOUBLE_LITERAL, REAL_LITERAL}
line 245:27 extraneous input '(' expecting {'\lemma', '}', IDENT, '/*!'}
line 245:31 mismatched input ')' expecting {'(', '{'}
line 248:45 mismatched input '}' expecting {'(', '{'}
line 249:8 extraneous input '\replacewith' expecting {'\lemma', '}', IDENT, '/*!'}
line 249:38 mismatched input ')' expecting {'(', '{'}
line 250:42 mismatched input '}' expecting {'(', '{'}
line 251:28 extraneous input '(' expecting {'\lemma', '}', IDENT, '/*!'}
line 251:33 mismatched input '->' expecting {'(', '{'}
line 255:14 mismatched input '\ifExintVar' expecting {MODALITY, FORALL, EXISTS, '\if', '\ifEx', 'true', 'false', '(', '{', '@', NOT, SEQARROW, '-', STRING_LITERAL, CHAR_LITERAL, BIN_LITERAL, HEX_LITERAL, IDENT, INT_LITERAL, FLOAT_LITERAL, DOUBLE_LITERAL, REAL_LITERAL}
line 255:27 extraneous input '(' expecting {'\lemma', '}', IDENT, '/*!'}
line 255:31 mismatched input ')' expecting {'(', '{'}
line 258:52 extraneous input '0' expecting {'\lemma', '}', IDENT, '/*!'}
line 258:54 mismatched input 'then' expecting {<EOF>, '\problem', '\chooseContract', '\proofObligation', '\proof'}

	at de.uka.ilkd.key.util.parsing.SyntaxErrorReporter.throwException(SyntaxErrorReporter.java:89)

301212     WARN  Test worker     d.u.i.k.n.KeYParser       [syntax-error] file:/home/runner/work/key/key/key.core/build/resources/main/de/uka/ilkd/key/proof/rules/ifThenElseRules.key:135:14: mismatched input '\ifExintVar' expecting {MODALITY, FORALL, EXISTS, '\if', '\ifEx', 'true', 'false', '(', '{', '@', NOT, SEQARROW, '-', STRING_LITERAL, CHAR_LITERAL, BIN_LITERAL, HEX_LITERAL, IDENT, INT_LITERAL, FLOAT_LITERAL, DOUBLE_LITERAL, REAL_LITERAL} [@745,3563:3573='\ifExintVar',<188>,135:14] (termorseq, taclet, rulesOrAxioms, decls, file) 
301212     WARN  Test worker     d.u.i.k.n.KeYParser       [syntax-error] file:/home/runner/work/key/key/key.core/build/resources/main/de/uka/ilkd/key/proof/rules/ifThenElseRules.key:135:27: extraneous input '(' expecting {'\lemma', '}', IDENT, '/*!'} [@748,3576:3576='(',<146>,135:27] (rulesOrAxioms, decls, file) 
301213     WARN  Test worker     d.u.i.k.n.KeYParser       [syntax-error] file:/home/runner/work/key/key/key.core/build/resources/main/de/uka/ilkd/key/proof/rules/ifThenElseRules.key:135:44: mismatched input ')' expecting {'(', '{'} [@754,3593:3593=')',<147>,135:44] (taclet, rulesOrAxioms, decls, file) 
301213     WARN  Test worker     d.u.i.k.n.KeYParser       [syntax-error] file:/home/runner/work/key/key/key.core/build/resources/main/de/uka/ilkd/key/proof/rules/ifThenElseRules.key:141:14: mismatched input '\ifExintVar' expecting {MODALITY, FORALL, EXISTS, '\if', '\ifEx', 'true', 'false', '(', '{', '@', NOT, SEQARROW, '-', STRING_LITERAL, CHAR_LITERAL, BIN_LITERAL, HEX_LITERAL, IDENT, INT_LITERAL, FLOAT_LITERAL, DOUBLE_LITERAL, REAL_LITERAL} [@780,3716:3726='\ifExintVar',<188>,141:14] (termorseq, taclet, rulesOrAxioms, decls, file) 
301213     WARN  Test worker     d.u.i.k.n.KeYParser       [syntax-error] file:/home/runner/work/key/key/key.core/build/resources/main/de/uka/ilkd/key/proof/rules/ifThenElseRules.key:141:27: extraneous input '(' expecting {'\lemma', '}', IDENT, '/*!'} [@783,3729:3729='(',<146>,141:27] (rulesOrAxioms, decls, file) 
301213     WARN  Test worker     d.u.i.k.n.KeYParser       [syntax-error] file:/home/runner/work/key/key/key.core/build/resources/main/de/uka/ilkd/key/proof/rules/ifThenElseRules.key:141:41: mismatched input ')' expecting {'(', '{'} [@789,3743:3743=')',<147>,141:41] (taclet, rulesOrAxioms, decls, file) 
301213     WARN  Test worker     d.u.i.k.n.KeYParser       [syntax-error] file:/home/runner/work/key/key/key.core/build/resources/main/de/uka/ilkd/key/proof/rules/ifThenElseRules.key:148:14: mismatched input '\ifExintVar' expecting {MODALITY, FORALL, EXISTS, '\if', '\ifEx', 'true', 'false', '(', '{', '@', NOT, SEQARROW, '-', STRING_LITERAL, CHAR_LITERAL, BIN_LITERAL, HEX_LITERAL, IDENT, INT_LITERAL, FLOAT_LITERAL, DOUBLE_LITERAL, REAL_LITERAL} [@819,3896:3906='\ifExintVar',<188>,148:14] (termorseq, taclet, rulesOrAxioms, decls, file) 
301213     WARN  Test worker     d.u.i.k.n.KeYParser       [syntax-error] file:/home/runner/work/key/key/key.core/build/resources/main/de/uka/ilkd/key/proof/rules/ifThenElseRules.key:148:27: extraneous input '(' expecting {'\lemma', '}', IDENT, '/*!'} [@822,3909:3909='(',<146>,148:27] (rulesOrAxioms, decls, file) 
301213     WARN  Test worker     d.u.i.k.n.KeYParser       [syntax-error] file:/home/runner/work/key/key/key.core/build/resources/main/de/uka/ilkd/key/proof/rules/ifThenElseRules.key:148:35: mismatched input '=' expecting {'(', '{'} [@825,3917:3917='=',<159>,148:35] (taclet, rulesOrAxioms, decls, file) 
301214     WARN  Test worker     d.u.i.k.n.KeYParser       [syntax-error] file:/home/runner/work/key/key/key.core/build/resources/main/de/uka/ilkd/key/proof/rules/ifThenElseRules.key:150:38: mismatched input '}' expecting {'(', '{'} [@859,4023:4023='}',<149>,150:38] (taclet, rulesOrAxioms, decls, file) 
301214     WARN  Test worker     d.u.i.k.n.KeYParser       [syntax-error] file:/home/runner/work/key/key/key.core/build/resources/main/de/uka/ilkd/key/proof/rules/ifThenElseRules.key:155:14: mismatched input '\ifExintVar' expecting {MODALITY, FORALL, EXISTS, '\if', '\ifEx', 'true', 'false', '(', '{', '@', NOT, SEQARROW, '-', STRING_LITERAL, CHAR_LITERAL, BIN_LITERAL, HEX_LITERAL, IDENT, INT_LITERAL, FLOAT_LITERAL, DOUBLE_LITERAL, REAL_LITERAL} [@877,4109:4119='\ifExintVar',<188>,155:14] (termorseq, taclet, rulesOrAxioms, decls, file) 
301214     WARN  Test worker     d.u.i.k.n.KeYParser       [syntax-error] file:/home/runner/work/key/key/key.core/build/resources/main/de/uka/ilkd/key/proof/rules/ifThenElseRules.key:155:27: extraneous input '(' expecting {'\lemma', '}', IDENT, '/*!'} [@880,4122:4122='(',<146>,155:27] (rulesOrAxioms, decls, file) 
301214     WARN  Test worker     d.u.i.k.n.KeYParser       [syntax-error] file:/home/runner/work/key/key/key.core/build/resources/main/de/uka/ilkd/key/proof/rules/ifThenElseRules.key:155:35: mismatched input '=' expecting {'(', '{'} [@883,4130:4130='=',<159>,155:35] (taclet, rulesOrAxioms, decls, file) 
301222     WARN  Test worker     d.u.i.k.n.KeYParser       [syntax-error] file:/home/runner/work/key/key/key.core/build/resources/main/de/uka/ilkd/key/proof/rules/ifThenElseRules.key:157:38: mismatched input '}' expecting {'(', '{'} [@917,4230:4230='}',<149>,157:38] (taclet, rulesOrAxioms, decls, file) 
301222     WARN  Test worker     d.u.i.k.n.KeYParser       [syntax-error] file:/home/runner/work/key/key/key.core/build/resources/main/de/uka/ilkd/key/proof/rules/ifThenElseRules.key:163:14: mismatched input '\ifExintVar' expecting {MODALITY, FORALL, EXISTS, '\if', '\ifEx', 'true', 'false', '(', '{', '@', NOT, SEQARROW, '-', STRING_LITERAL, CHAR_LITERAL, BIN_LITERAL, HEX_LITERAL, IDENT, INT_LITERAL, FLOAT_LITERAL, DOUBLE_LITERAL, REAL_LITERAL} [@939,4350:4360='\ifExintVar',<188>,163:14] (termorseq, taclet, rulesOrAxioms, decls, file) 
301223     WARN  Test worker     d.u.i.k.n.KeYParser       [syntax-error] file:/home/runner/work/key/key/key.core/build/resources/main/de/uka/ilkd/key/proof/rules/ifThenElseRules.key:163:27: extraneous input '(' expecting {'\lemma', '}', IDENT, '/*!'} [@942,4363:4363='(',<146>,163:27] (rulesOrAxioms, decls, file) 
301223     WARN  Test worker     d.u.i.k.n.KeYParser       [syntax-error] file:/home/runner/work/key/key/key.core/build/resources/main/de/uka/ilkd/key/proof/rules/ifThenElseRules.key:163:30: mismatched input '=' expecting {'(', '{'} [@945,4366:4366='=',<159>,163:30] (taclet, rulesOrAxioms, decls, file) 
301223     WARN  Test worker     d.u.i.k.n.KeYParser       [syntax-error] file:/home/runner/work/key/key/key.core/build/resources/main/de/uka/ilkd/key/proof/rules/ifThenElseRules.key:165:38: mismatched input '}' expecting {'(', '{'} [@979,4477:4477='}',<149>,165:38] (taclet, rulesOrAxioms, decls, file) 
301230     WARN  Test worker     d.u.i.k.n.KeYParser       [syntax-error] file:/home/runner/work/key/key/key.core/build/resources/main/de/uka/ilkd/key/proof/rules/ifThenElseRules.key:171:14: mismatched input '\ifExintVar' expecting {MODALITY, FORALL, EXISTS, '\if', '\ifEx', 'true', 'false', '(', '{', '@', NOT, SEQARROW, '-', STRING_LITERAL, CHAR_LITERAL, BIN_LITERAL, HEX_LITERAL, IDENT, INT_LITERAL, FLOAT_LITERAL, DOUBLE_LITERAL, REAL_LITERAL} [@1001,4604:4614='\ifExintVar',<188>,171:14] (termorseq, taclet, rulesOrAxioms, decls, file) 
301231     WARN  Test worker     d.u.i.k.n.KeYParser       [syntax-error] file:/home/runner/work/key/key/key.core/build/resources/main/de/uka/ilkd/key/proof/rules/ifThenElseRules.key:171:27: extraneous input '(' expecting {'\lemma', '}', IDENT, '/*!'} [@1004,4617:4617='(',<146>,171:27] (rulesOrAxioms, decls, file) 
301231     WARN  Test worker     d.u.i.k.n.KeYParser       [syntax-error] file:/home/runner/work/key/key/key.core/build/resources/main/de/uka/ilkd/key/proof/rules/ifThenElseRules.key:171:30: mismatched input '=' expecting {'(', '{'} [@1007,4620:4620='=',<159>,171:30] (taclet, rulesOrAxioms, decls, file) 
301231     WARN  Test worker     d.u.i.k.n.KeYParser       [syntax-error] file:/home/runner/work/key/key/key.core/build/resources/main/de/uka/ilkd/key/proof/rules/ifThenElseRules.key:173:38: mismatched input '}' expecting {'(', '{'} [@1041,4725:4725='}',<149>,173:38] (taclet, rulesOrAxioms, decls, file) 
301231     WARN  Test worker     d.u.i.k.n.KeYParser       [syntax-error] file:/home/runner/work/key/key/key.core/build/resources/main/de/uka/ilkd/key/proof/rules/ifThenElseRules.key:179:14: mismatched input '\ifExintVar' expecting {MODALITY, FORALL, EXISTS, '\if', '\ifEx', 'true', 'false', '(', '{', '@', NOT, SEQARROW, '-', STRING_LITERAL, CHAR_LITERAL, BIN_LITERAL, HEX_LITERAL, IDENT, INT_LITERAL, FLOAT_LITERAL, DOUBLE_LITERAL, REAL_LITERAL} [@1063,4848:4858='\ifExintVar',<188>,179:14] (termorseq, taclet, rulesOrAxioms, decls, file) 
301231     WARN  Test worker     d.u.i.k.n.KeYParser       [syntax-error] file:/home/runner/work/key/key/key.core/build/resources/main/de/uka/ilkd/key/proof/rules/ifThenElseRules.key:179:27: extraneous input '(' expecting {'\lemma', '}', IDENT, '/*!'} [@1066,4861:4861='(',<146>,179:27] (rulesOrAxioms, decls, file) 
301231     WARN  Test worker     d.u.i.k.n.KeYParser       [syntax-error] file:/home/runner/work/key/key/key.core/build/resources/main/de/uka/ilkd/key/proof/rules/ifThenElseRules.key:179:32: mismatched input '&' expecting {'(', '{'} [@1069,4866:4866='&',<156>,179:32] (taclet, rulesOrAxioms, decls, file) 
301231     WARN  Test worker     d.u.i.k.n.KeYParser       [syntax-error] file:/home/runner/work/key/key/key.core/build/resources/main/de/uka/ilkd/key/proof/rules/ifThenElseRules.key:181:42: mismatched input '}' expecting {'(', '{'} [@1109,4985:4985='}',<149>,181:42] (taclet, rulesOrAxioms, decls, file) 
301232     WARN  Test worker     d.u.i.k.n.KeYParser       [syntax-error] file:/home/runner/work/key/key/key.core/build/resources/main/de/uka/ilkd/key/proof/rules/ifThenElseRules.key:182:39: mismatched input '}' expecting {'(', '{'} [@1122,5030:5030='}',<149>,182:39] (taclet, rulesOrAxioms, decls, file) 
301232     WARN  Test worker     d.u.i.k.n.KeYParser       [syntax-error] file:/home/runner/work/key/key/key.core/build/resources/main/de/uka/ilkd/key/proof/rules/ifThenElseRules.key:188:14: mismatched input '\ifExintVar' expecting {MODALITY, FORALL, EXISTS, '\if', '\ifEx', 'true', 'false', '(', '{', '@', NOT, SEQARROW, '-', STRING_LITERAL, CHAR_LITERAL, BIN_LITERAL, HEX_LITERAL, IDENT, INT_LITERAL, FLOAT_LITERAL, DOUBLE_LITERAL, REAL_LITERAL} [@1146,5149:5159='\ifExintVar',<188>,188:14] (termorseq, taclet, rulesOrAxioms, decls, file) 
301232     WARN  Test worker     d.u.i.k.n.KeYParser       [syntax-error] file:/home/runner/work/key/key/key.core/build/resources/main/de/uka/ilkd/key/proof/rules/ifThenElseRules.key:188:27: extraneous input '(' expecting {'\lemma', '}', IDENT, '/*!'} [@1149,5162:5162='(',<146>,188:27] (rulesOrAxioms, decls, file) 
301232     WARN  Test worker     d.u.i.k.n.KeYParser       [syntax-error] file:/home/runner/work/key/key/key.core/build/resources/main/de/uka/ilkd/key/proof/rules/ifThenElseRules.key:188:32: mismatched input '&' expecting {'(', '{'} [@1152,5167:5167='&',<156>,188:32] (taclet, rulesOrAxioms, decls, file) 
301232     WARN  Test worker     d.u.i.k.n.KeYParser       [syntax-error] file:/home/runner/work/key/key/key.core/build/resources/main/de/uka/ilkd/key/proof/rules/ifThenElseRules.key:190:42: mismatched input '}' expecting {'(', '{'} [@1192,5280:5280='}',<149>,190:42] (taclet, rulesOrAxioms, decls, file) 
301232     WARN  Test worker     d.u.i.k.n.KeYParser       [syntax-error] file:/home/runner/work/key/key/key.core/build/resources/main/de/uka/ilkd/key/proof/rules/ifThenElseRules.key:191:39: mismatched input '}' expecting {'(', '{'} [@1205,5325:5325='}',<149>,191:39] (taclet, rulesOrAxioms, decls, file) 
301232     WARN  Test worker     d.u.i.k.n.KeYParser       [syntax-error] file:/home/runner/work/key/key/key.core/build/resources/main/de/uka/ilkd/key/proof/rules/ifThenElseRules.key:198:14: mismatched input '\ifExintVar' expecting {MODALITY, FORALL, EXISTS, '\if', '\ifEx', 'true', 'false', '(', '{', '@', NOT, SEQARROW, '-', STRING_LITERAL, CHAR_LITERAL, BIN_LITERAL, HEX_LITERAL, IDENT, INT_LITERAL, FLOAT_LITERAL, DOUBLE_LITERAL, REAL_LITERAL} [@1233,5475:5485='\ifExintVar',<188>,198:14] (termorseq, taclet, rulesOrAxioms, decls, file) 
301232     WARN  Test worker     d.u.i.k.n.KeYParser       [syntax-error] file:/home/runner/work/key/key/key.core/build/resources/main/de/uka/ilkd/key/proof/rules/ifThenElseRules.key:198:27: extraneous input '(' expecting {'\lemma', '}', IDENT, '/*!'} [@1236,5488:5488='(',<146>,198:27] (rulesOrAxioms, decls, file) 
301233     WARN  Test worker     d.u.i.k.n.KeYParser       [syntax-error] file:/home/runner/work/key/key/key.core/build/resources/main/de/uka/ilkd/key/proof/rules/ifThenElseRules.key:198:32: mismatched input '&' expecting {'(', '{'} [@1239,5493:5493='&',<156>,198:32] (taclet, rulesOrAxioms, decls, file) 
301233     WARN  Test worker     d.u.i.k.n.KeYParser       [syntax-error] file:/home/runner/work/key/key/key.core/build/resources/main/de/uka/ilkd/key/proof/rules/ifThenElseRules.key:200:42: mismatched input '}' expecting {'(', '{'} [@1279,5612:5612='}',<149>,200:42] (taclet, rulesOrAxioms, decls, file) 
301233     WARN  Test worker     d.u.i.k.n.KeYParser       [syntax-error] file:/home/runner/work/key/key/key.core/build/resources/main/de/uka/ilkd/key/proof/rules/ifThenElseRules.key:201:39: mismatched input '}' expecting {'(', '{'} [@1292,5657:5657='}',<149>,201:39] (taclet, rulesOrAxioms, decls, file) 
301233     WARN  Test worker     d.u.i.k.n.KeYParser       [syntax-error] file:/home/runner/work/key/key/key.core/build/resources/main/de/uka/ilkd/key/proof/rules/ifThenElseRules.key:208:14: mismatched input '\ifExintVar' expecting {MODALITY, FORALL, EXISTS, '\if', '\ifEx', 'true', 'false', '(', '{', '@', NOT, SEQARROW, '-', STRING_LITERAL, CHAR_LITERAL, BIN_LITERAL, HEX_LITERAL, IDENT, INT_LITERAL, FLOAT_LITERAL, DOUBLE_LITERAL, REAL_LITERAL} [@1320,5817:5827='\ifExintVar',<188>,208:14] (termorseq, taclet, rulesOrAxioms, decls, file) 
301233     WARN  Test worker     d.u.i.k.n.KeYParser       [syntax-error] file:/home/runner/work/key/key/key.core/build/resources/main/de/uka/ilkd/key/proof/rules/ifThenElseRules.key:208:27: extraneous input '(' expecting {'\lemma', '}', IDENT, '/*!'} [@1323,5830:5830='(',<146>,208:27] (rulesOrAxioms, decls, file) 
301233     WARN  Test worker     d.u.i.k.n.KeYParser       [syntax-error] file:/home/runner/work/key/key/key.core/build/resources/main/de/uka/ilkd/key/proof/rules/ifThenElseRules.key:208:32: mismatched input '&' expecting {'(', '{'} [@1326,5835:5835='&',<156>,208:32] (taclet, rulesOrAxioms, decls, file) 
301233     WARN  Test worker     d.u.i.k.n.KeYParser       [syntax-error] file:/home/runner/work/key/key/key.core/build/resources/main/de/uka/ilkd/key/proof/rules/ifThenElseRules.key:210:42: mismatched input '}' expecting {'(', '{'} [@1366,5948:5948='}',<149>,210:42] (taclet, rulesOrAxioms, decls, file) 
301234     WARN  Test worker     d.u.i.k.n.KeYParser       [syntax-error] file:/home/runner/work/key/key/key.core/build/resources/main/de/uka/ilkd/key/proof/rules/ifThenElseRules.key:211:39: mismatched input '}' expecting {'(', '{'} [@1379,5993:5993='}',<149>,211:39] (taclet, rulesOrAxioms, decls, file) 
301234     WARN  Test worker     d.u.i.k.n.KeYParser       [syntax-error] file:/home/runner/work/key/key/key.core/build/resources/main/de/uka/ilkd/key/proof/rules/ifThenElseRules.key:218:14: mismatched input '\ifExintVar' expecting {MODALITY, FORALL, EXISTS, '\if', '\ifEx', 'true', 'false', '(', '{', '@', NOT, SEQARROW, '-', STRING_LITERAL, CHAR_LITERAL, BIN_LITERAL, HEX_LITERAL, IDENT, INT_LITERAL, FLOAT_LITERAL, DOUBLE_LITERAL, REAL_LITERAL} [@1407,6146:6156='\ifExintVar',<188>,218:14] (termorseq, taclet, rulesOrAxioms, decls, file) 
301234     WARN  Test worker     d.u.i.k.n.KeYParser       [syntax-error] file:/home/runner/work/key/key/key.core/build/resources/main/de/uka/ilkd/key/proof/rules/ifThenElseRules.key:218:27: extraneous input '(' expecting {'\lemma', '}', IDENT, '/*!'} [@1410,6159:6159='(',<146>,218:27] (rulesOrAxioms, decls, file) 
301234     WARN  Test worker     d.u.i.k.n.KeYParser       [syntax-error] file:/home/runner/work/key/key/key.core/build/resources/main/de/uka/ilkd/key/proof/rules/ifThenElseRules.key:218:31: mismatched input ')' expecting {'(', '{'} [@1412,6163:6163=')',<147>,218:31] (taclet, rulesOrAxioms, decls, file) 
301234     WARN  Test worker     d.u.i.k.n.KeYParser       [syntax-error] file:/home/runner/work/key/key/key.core/build/resources/main/de/uka/ilkd/key/proof/rules/ifThenElseRules.key:220:44: mismatched input ')' expecting {'(', '{'} [@1444,6275:6275=')',<147>,220:44] (taclet, rulesOrAxioms, decls, file) 
301234     WARN  Test worker     d.u.i.k.n.KeYParser       [syntax-error] file:/home/runner/work/key/key/key.core/build/resources/main/de/uka/ilkd/key/proof/rules/ifThenElseRules.key:225:14: mismatched input '\ifExintVar' expecting {MODALITY, FORALL, EXISTS, '\if', '\ifEx', 'true', 'false', '(', '{', '@', NOT, SEQARROW, '-', STRING_LITERAL, CHAR_LITERAL, BIN_LITERAL, HEX_LITERAL, IDENT, INT_LITERAL, FLOAT_LITERAL, DOUBLE_LITERAL, REAL_LITERAL} [@1471,6389:6399='\ifExintVar',<188>,225:14] (termorseq, taclet, rulesOrAxioms, decls, file) 
301234     WARN  Test worker     d.u.i.k.n.KeYParser       [syntax-error] file:/home/runner/work/key/key/key.core/build/resources/main/de/uka/ilkd/key/proof/rules/ifThenElseRules.key:225:27: extraneous input '(' expecting {'\lemma', '}', IDENT, '/*!'} [@1474,6402:6402='(',<146>,225:27] (rulesOrAxioms, decls, file) 
301235     WARN  Test worker     d.u.i.k.n.KeYParser       [syntax-error] file:/home/runner/work/key/key/key.core/build/resources/main/de/uka/ilkd/key/proof/rules/ifThenElseRules.key:225:31: mismatched input ')' expecting {'(', '{'} [@1476,6406:6406=')',<147>,225:31] (taclet, rulesOrAxioms, decls, file) 
301235     WARN  Test worker     d.u.i.k.n.KeYParser       [syntax-error] file:/home/runner/work/key/key/key.core/build/resources/main/de/uka/ilkd/key/proof/rules/ifThenElseRules.key:227:44: mismatched input ')' expecting {'(', '{'} [@1508,6509:6509=')',<147>,227:44] (taclet, rulesOrAxioms, decls, file) 
301235     WARN  Test worker     d.u.i.k.n.KeYParser       [syntax-error] file:/home/runner/work/key/key/key.core/build/resources/main/de/uka/ilkd/key/proof/rules/ifThenElseRules.key:233:14: mismatched input '\ifExintVar' expecting {MODALITY, FORALL, EXISTS, '\if', '\ifEx', 'true', 'false', '(', '{', '@', NOT, SEQARROW, '-', STRING_LITERAL, CHAR_LITERAL, BIN_LITERAL, HEX_LITERAL, IDENT, INT_LITERAL, FLOAT_LITERAL, DOUBLE_LITERAL, REAL_LITERAL} [@1539,6656:6666='\ifExintVar',<188>,233:14] (termorseq, taclet, rulesOrAxioms, decls, file) 
301235     WARN  Test worker     d.u.i.k.n.KeYParser       [syntax-error] file:/home/runner/work/key/key/key.core/build/resources/main/de/uka/ilkd/key/proof/rules/ifThenElseRules.key:233:27: extraneous input '(' expecting {'\lemma', '}', IDENT, '/*!'} [@1542,6669:6669='(',<146>,233:27] (rulesOrAxioms, decls, file) 
301235     WARN  Test worker     d.u.i.k.n.KeYParser       [syntax-error] file:/home/runner/work/key/key/key.core/build/resources/main/de/uka/ilkd/key/proof/rules/ifThenElseRules.key:233:31: mismatched input ')' expecting {'(', '{'} [@1544,6673:6673=')',<147>,233:31] (taclet, rulesOrAxioms, decls, file) 
301235     WARN  Test worker     d.u.i.k.n.KeYParser       [syntax-error] file:/home/runner/work/key/key/key.core/build/resources/main/de/uka/ilkd/key/proof/rules/ifThenElseRules.key:237:42: mismatched input '}' expecting {'(', '{'} [@1586,6850:6850='}',<149>,237:42] (taclet, rulesOrAxioms, decls, file) 
301235     WARN  Test worker     d.u.i.k.n.KeYParser       [syntax-error] file:/home/runner/work/key/key/key.core/build/resources/main/de/uka/ilkd/key/proof/rules/ifThenElseRules.key:238:34: mismatched input '}' expecting {'(', '{'} [@1599,6891:6891='}',<149>,238:34] (taclet, rulesOrAxioms, decls, file) 
301235     WARN  Test worker     d.u.i.k.n.KeYParser       [syntax-error] file:/home/runner/work/key/key/key.core/build/resources/main/de/uka/ilkd/key/proof/rules/ifThenElseRules.key:239:28: extraneous input '(' expecting {'\lemma', '}', IDENT, '/*!'} [@1608,6925:6925='(',<146>,239:28] (rulesOrAxioms, decls, file) 
301236     WARN  Test worker     d.u.i.k.n.KeYParser       [syntax-error] file:/home/runner/work/key/key/key.core/build/resources/main/de/uka/ilkd/key/proof/rules/ifThenElseRules.key:239:33: mismatched input '->' expecting {'(', '{'} [@1611,6930:6931='->',<158>,239:33] (taclet, rulesOrAxioms, decls, file) 
301240     WARN  Test worker     d.u.i.k.n.KeYParser       [syntax-error] file:/home/runner/work/key/key/key.core/build/resources/main/de/uka/ilkd/key/proof/rules/ifThenElseRules.key:240:8: extraneous input '\replacewith' expecting {'\lemma', '}', IDENT, '/*!'} [@1626,6979:6990='\replacewith',<105>,240:8] (rulesOrAxioms, decls, file) 
301240     WARN  Test worker     d.u.i.k.n.KeYParser       [syntax-error] file:/home/runner/work/key/key/key.core/build/resources/main/de/uka/ilkd/key/proof/rules/ifThenElseRules.key:240:25: mismatched input ')' expecting {'(', '{'} [@1629,6996:6996=')',<147>,240:25] (taclet, rulesOrAxioms, decls, file) 
301240     WARN  Test worker     d.u.i.k.n.KeYParser       [syntax-error] file:/home/runner/work/key/key/key.core/build/resources/main/de/uka/ilkd/key/proof/rules/ifThenElseRules.key:240:56: mismatched input ')' expecting {'(', '{'} [@1642,7027:7027=')',<147>,240:56] (taclet, rulesOrAxioms, decls, file) 
301240     WARN  Test worker     d.u.i.k.n.KeYParser       [syntax-error] file:/home/runner/work/key/key/key.core/build/resources/main/de/uka/ilkd/key/proof/rules/ifThenElseRules.key:245:14: mismatched input '\ifExintVar' expecting {MODALITY, FORALL, EXISTS, '\if', '\ifEx', 'true', 'false', '(', '{', '@', NOT, SEQARROW, '-', STRING_LITERAL, CHAR_LITERAL, BIN_LITERAL, HEX_LITERAL, IDENT, INT_LITERAL, FLOAT_LITERAL, DOUBLE_LITERAL, REAL_LITERAL} [@1658,7109:7119='\ifExintVar',<188>,245:14] (termorseq, taclet, rulesOrAxioms, decls, file) 
301241     WARN  Test worker     d.u.i.k.n.KeYParser       [syntax-error] file:/home/runner/work/key/key/key.core/build/resources/main/de/uka/ilkd/key/proof/rules/ifThenElseRules.key:245:27: extraneous input '(' expecting {'\lemma', '}', IDENT, '/*!'} [@1661,7122:7122='(',<146>,245:27] (rulesOrAxioms, decls, file) 
301241     WARN  Test worker     d.u.i.k.n.KeYParser       [syntax-error] file:/home/runner/work/key/key/key.core/build/resources/main/de/uka/ilkd/key/proof/rules/ifThenElseRules.key:245:31: mismatched input ')' expecting {'(', '{'} [@1663,7126:7126=')',<147>,245:31] (taclet, rulesOrAxioms, decls, file) 
301241     WARN  Test worker     d.u.i.k.n.KeYParser       [syntax-error] file:/home/runner/work/key/key/key.core/build/resources/main/de/uka/ilkd/key/proof/rules/ifThenElseRules.key:248:45: mismatched input '}' expecting {'(', '{'} [@1696,7268:7268='}',<149>,248:45] (taclet, rulesOrAxioms, decls, file) 
301241     WARN  Test worker     d.u.i.k.n.KeYParser       [syntax-error] file:/home/runner/work/key/key/key.core/build/resources/main/de/uka/ilkd/key/proof/rules/ifThenElseRules.key:249:8: extraneous input '\replacewith' expecting {'\lemma', '}', IDENT, '/*!'} [@1701,7284:7295='\replacewith',<105>,249:8] (rulesOrAxioms, decls, file) 
301241     WARN  Test worker     d.u.i.k.n.KeYParser       [syntax-error] file:/home/runner/work/key/key/key.core/build/resources/main/de/uka/ilkd/key/proof/rules/ifThenElseRules.key:249:38: mismatched input ')' expecting {'(', '{'} [@1708,7314:7314=')',<147>,249:38] (taclet, rulesOrAxioms, decls, file) 
301241     WARN  Test worker     d.u.i.k.n.KeYParser       [syntax-error] file:/home/runner/work/key/key/key.core/build/resources/main/de/uka/ilkd/key/proof/rules/ifThenElseRules.key:250:42: mismatched input '}' expecting {'(', '{'} [@1731,7381:7381='}',<149>,250:42] (taclet, rulesOrAxioms, decls, file) 
301241     WARN  Test worker     d.u.i.k.n.KeYParser       [syntax-error] file:/home/runner/work/key/key/key.core/build/resources/main/de/uka/ilkd/key/proof/rules/ifThenElseRules.key:251:28: extraneous input '(' expecting {'\lemma', '}', IDENT, '/*!'} [@1741,7416:7416='(',<146>,251:28] (rulesOrAxioms, decls, file) 
301241     WARN  Test worker     d.u.i.k.n.KeYParser       [syntax-error] file:/home/runner/work/key/key/key.core/build/resources/main/de/uka/ilkd/key/proof/rules/ifThenElseRules.key:251:33: mismatched input '->' expecting {'(', '{'} [@1744,7421:7422='->',<158>,251:33] (taclet, rulesOrAxioms, decls, file) 
301242     WARN  Test worker     d.u.i.k.n.KeYParser       [syntax-error] file:/home/runner/work/key/key/key.core/build/resources/main/de/uka/ilkd/key/proof/rules/ifThenElseRules.key:255:14: mismatched input '\ifExintVar' expecting {MODALITY, FORALL, EXISTS, '\if', '\ifEx', 'true', 'false', '(', '{', '@', NOT, SEQARROW, '-', STRING_LITERAL, CHAR_LITERAL, BIN_LITERAL, HEX_LITERAL, IDENT, INT_LITERAL, FLOAT_LITERAL, DOUBLE_LITERAL, REAL_LITERAL} [@1765,7506:7516='\ifExintVar',<188>,255:14] (termorseq, taclet, rulesOrAxioms, decls, file) 
301242     WARN  Test worker     d.u.i.k.n.KeYParser       [syntax-error] file:/home/runner/work/key/key/key.core/build/resources/main/de/uka/ilkd/key/proof/rules/ifThenElseRules.key:255:27: extraneous input '(' expecting {'\lemma', '}', IDENT, '/*!'} [@1768,7519:7519='(',<146>,255:27] (rulesOrAxioms, decls, file) 
301242     WARN  Test worker     d.u.i.k.n.KeYParser       [syntax-error] file:/home/runner/work/key/key/key.core/build/resources/main/de/uka/ilkd/key/proof/rules/ifThenElseRules.key:255:31: mismatched input ')' expecting {'(', '{'} [@1770,7523:7523=')',<147>,255:31] (taclet, rulesOrAxioms, decls, file) 
301242     WARN  Test worker     d.u.i.k.n.KeYParser       [syntax-error] file:/home/runner/work/key/key/key.core/build/resources/main/de/uka/ilkd/key/proof/rules/ifThenElseRules.key:258:52: extraneous input '0' expecting {'\lemma', '}', IDENT, '/*!'} [@1809,7667:7667='0',<184>,258:52] (rulesOrAxioms, decls, file) 
301242     WARN  Test worker     d.u.i.k.n.KeYParser       [syntax-error] file:/home/runner/work/key/key/key.core/build/resources/main/de/uka/ilkd/key/proof/rules/ifThenElseRules.key:258:54: mismatched input 'then' expecting {<EOF>, '\problem', '\chooseContract', '\proofObligation', '\proof'} [@1811,7669:7672='then',<183>,258:54] (file) 
301243     ERROR Test worker     d.u.i.k.s.n.MasterHandlerTest Error reading /home/runner/work/key/key/key.core/build/resources/test/de/uka/ilkd/key/smt/newsmt2/cases/quant1.props de.uka.ilkd.key.proof.io.ProblemLoaderException: line 135:14 mismatched input '\ifExintVar' expecting {MODALITY, FORALL, EXISTS, '\if', '\ifEx', 'true', 'false', '(', '{', '@', NOT, SEQARROW, '-', STRING_LITERAL, CHAR_LITERAL, BIN_LITERAL, HEX_LITERAL, IDENT, INT_LITERAL, FLOAT_LITERAL, DOUBLE_LITERAL, REAL_LITERAL}
line 135:27 extraneous input '(' expecting {'\lemma', '}', IDENT, '/*!'}
line 135:44 mismatched input ')' expecting {'(', '{'}
line 141:14 mismatched input '\ifExintVar' expecting {MODALITY, FORALL, EXISTS, '\if', '\ifEx', 'true', 'false', '(', '{', '@', NOT, SEQARROW, '-', STRING_LITERAL, CHAR_LITERAL, BIN_LITERAL, HEX_LITERAL, IDENT, INT_LITERAL, FLOAT_LITERAL, DOUBLE_LITERAL, REAL_LITERAL}
line 141:27 extraneous input '(' expecting {'\lemma', '}', IDENT, '/*!'}
line 141:41 mismatched input ')' expecting {'(', '{'}
line 148:14 mismatched input '\ifExintVar' expecting {MODALITY, FORALL, EXISTS, '\if', '\ifEx', 'true', 'false', '(', '{', '@', NOT, SEQARROW, '-', STRING_LITERAL, CHAR_LITERAL, BIN_LITERAL, HEX_LITERAL, IDENT, INT_LITERAL, FLOAT_LITERAL, DOUBLE_LITERAL, REAL_LITERAL}
line 148:27 extraneous input '(' expecting {'\lemma', '}', IDENT, '/*!'}
line 148:35 mismatched input '=' expecting {'(', '{'}
line 150:38 mismatched input '}' expecting {'(', '{'}
line 155:14 mismatched input '\ifExintVar' expecting {MODALITY, FORALL, EXISTS, '\if', '\ifEx', 'true', 'false', '(', '{', '@', NOT, SEQARROW, '-', STRING_LITERAL, CHAR_LITERAL, BIN_LITERAL, HEX_LITERAL, IDENT, INT_LITERAL, FLOAT_LITERAL, DOUBLE_LITERAL, REAL_LITERAL}
line 155:27 extraneous input '(' expecting {'\lemma', '}', IDENT, '/*!'}
line 155:35 mismatched input '=' expecting {'(', '{'}
line 157:38 mismatched input '}' expecting {'(', '{'}
line 163:14 mismatched input '\ifExintVar' expecting {MODALITY, FORALL, EXISTS, '\if', '\ifEx', 'true', 'false', '(', '{', '@', NOT, SEQARROW, '-', STRING_LITERAL, CHAR_LITERAL, BIN_LITERAL, HEX_LITERAL, IDENT, INT_LITERAL, FLOAT_LITERAL, DOUBLE_LITERAL, REAL_LITERAL}
line 163:27 extraneous input '(' expecting {'\lemma', '}', IDENT, '/*!'}
line 163:30 mismatched input '=' expecting {'(', '{'}
line 165:38 mismatched input '}' expecting {'(', '{'}
line 171:14 mismatched input '\ifExintVar' expecting {MODALITY, FORALL, EXISTS, '\if', '\ifEx', 'true', 'false', '(', '{', '@', NOT, SEQARROW, '-', STRING_LITERAL, CHAR_LITERAL, BIN_LITERAL, HEX_LITERAL, IDENT, INT_LITERAL, FLOAT_LITERAL, DOUBLE_LITERAL, REAL_LITERAL}
line 171:27 extraneous input '(' expecting {'\lemma', '}', IDENT, '/*!'}
line 171:30 mismatched input '=' expecting {'(', '{'}
line 173:38 mismatched input '}' expecting {'(', '{'}
line 179:14 mismatched input '\ifExintVar' expecting {MODALITY, FORALL, EXISTS, '\if', '\ifEx', 'true', 'false', '(', '{', '@', NOT, SEQARROW, '-', STRING_LITERAL, CHAR_LITERAL, BIN_LITERAL, HEX_LITERAL, IDENT, INT_LITERAL, FLOAT_LITERAL, DOUBLE_LITERAL, REAL_LITERAL}
line 179:27 extraneous input '(' expecting {'\lemma', '}', IDENT, '/*!'}
line 179:32 mismatched input '&' expecting {'(', '{'}
line 181:42 mismatched input '}' expecting {'(', '{'}
line 182:39 mismatched input '}' expecting {'(', '{'}
line 188:14 mismatched input '\ifExintVar' expecting {MODALITY, FORALL, EXISTS, '\if', '\ifEx', 'true', 'false', '(', '{', '@', NOT, SEQARROW, '-', STRING_LITERAL, CHAR_LITERAL, BIN_LITERAL, HEX_LITERAL, IDENT, INT_LITERAL, FLOAT_LITERAL, DOUBLE_LITERAL, REAL_LITERAL}
line 188:27 extraneous input '(' expecting {'\lemma', '}', IDENT, '/*!'}
line 188:32 mismatched input '&' expecting {'(', '{'}
line 190:42 mismatched input '}' expecting {'(', '{'}
line 191:39 mismatched input '}' expecting {'(', '{'}
line 198:14 mismatched input '\ifExintVar' expecting {MODALITY, FORALL, EXISTS, '\if', '\ifEx', 'true', 'false', '(', '{', '@', NOT, SEQARROW, '-', STRING_LITERAL, CHAR_LITERAL, BIN_LITERAL, HEX_LITERAL, IDENT, INT_LITERAL, FLOAT_LITERAL, DOUBLE_LITERAL, REAL_LITERAL}
line 198:27 extraneous input '(' expecting {'\lemma', '}', IDENT, '/*!'}
line 198:32 mismatched input '&' expecting {'(', '{'}
line 200:42 mismatched input '}' expecting {'(', '{'}
line 201:39 mismatched input '}' expecting {'(', '{'}
line 208:14 mismatched input '\ifExintVar' expecting {MODALITY, FORALL, EXISTS, '\if', '\ifEx', 'true', 'false', '(', '{', '@', NOT, SEQARROW, '-', STRING_LITERAL, CHAR_LITERAL, BIN_LITERAL, HEX_LITERAL, IDENT, INT_LITERAL, FLOAT_LITERAL, DOUBLE_LITERAL, REAL_LITERAL}
line 208:27 extraneous input '(' expecting {'\lemma', '}', IDENT, '/*!'}
line 208:32 mismatched input '&' expecting {'(', '{'}
line 210:42 mismatched input '}' expecting {'(', '{'}
line 211:39 mismatched input '}' expecting {'(', '{'}
line 218:14 mismatched input '\ifExintVar' expecting {MODALITY, FORALL, EXISTS, '\if', '\ifEx', 'true', 'false', '(', '{', '@', NOT, SEQARROW, '-', STRING_LITERAL, CHAR_LITERAL, BIN_LITERAL, HEX_LITERAL, IDENT, INT_LITERAL, FLOAT_LITERAL, DOUBLE_LITERAL, REAL_LITERAL}
line 218:27 extraneous input '(' expecting {'\lemma', '}', IDENT, '/*!'}
line 218:31 mismatched input ')' expecting {'(', '{'}
line 220:44 mismatched input ')' expecting {'(', '{'}
line 225:14 mismatched input '\ifExintVar' expecting {MODALITY, FORALL, EXISTS, '\if', '\ifEx', 'true', 'false', '(', '{', '@', NOT, SEQARROW, '-', STRING_LITERAL, CHAR_LITERAL, BIN_LITERAL, HEX_LITERAL, IDENT, INT_LITERAL, FLOAT_LITERAL, DOUBLE_LITERAL, REAL_LITERAL}
line 225:27 extraneous input '(' expecting {'\lemma', '}', IDENT, '/*!'}
line 225:31 mismatched input ')' expecting {'(', '{'}
line 227:44 mismatched input ')' expecting {'(', '{'}
line 233:14 mismatched input '\ifExintVar' expecting {MODALITY, FORALL, EXISTS, '\if', '\ifEx', 'true', 'false', '(', '{', '@', NOT, SEQARROW, '-', STRING_LITERAL, CHAR_LITERAL, BIN_LITERAL, HEX_LITERAL, IDENT, INT_LITERAL, FLOAT_LITERAL, DOUBLE_LITERAL, REAL_LITERAL}
line 233:27 extraneous input '(' expecting {'\lemma', '}', IDENT, '/*!'}
line 233:31 mismatched input ')' expecting {'(', '{'}
line 237:42 mismatched input '}' expecting {'(', '{'}
line 238:34 mismatched input '}' expecting {'(', '{'}
line 239:28 extraneous input '(' expecting {'\lemma', '}', IDENT, '/*!'}
line 239:33 mismatched input '->' expecting {'(', '{'}
line 240:8 extraneous input '\replacewith' expecting {'\lemma', '}', IDENT, '/*!'}
line 240:25 mismatched input ')' expecting {'(', '{'}
line 240:56 mismatched input ')' expecting {'(', '{'}
line 245:14 mismatched input '\ifExintVar' expecting {MODALITY, FORALL, EXISTS, '\if', '\ifEx', 'true', 'false', '(', '{', '@', NOT, SEQARROW, '-', STRING_LITERAL, CHAR_LITERAL, BIN_LITERAL, HEX_LITERAL, IDENT, INT_LITERAL, FLOAT_LITERAL, DOUBLE_LITERAL, REAL_LITERAL}
line 245:27 extraneous input '(' expecting {'\lemma', '}', IDENT, '/*!'}
line 245:31 mismatched input ')' expecting {'(', '{'}
line 248:45 mismatched input '}' expecting {'(', '{'}
line 249:8 extraneous input '\replacewith' expecting {'\lemma', '}', IDENT, '/*!'}
line 249:38 mismatched input ')' expecting {'(', '{'}
line 250:42 mismatched input '}' expecting {'(', '{'}
line 251:28 extraneous input '(' expecting {'\lemma', '}', IDENT, '/*!'}
line 251:33 mismatched input '->' expecting {'(', '{'}
line 255:14 mismatched input '\ifExintVar' expecting {MODALITY, FORALL, EXISTS, '\if', '\ifEx', 'true', 'false', '(', '{', '@', NOT, SEQARROW, '-', STRING_LITERAL, CHAR_LITERAL, BIN_LITERAL, HEX_LITERAL, IDENT, INT_LITERAL, FLOAT_LITERAL, DOUBLE_LITERAL, REAL_LITERAL}
line 255:27 extraneous input '(' expecting {'\lemma', '}', IDENT, '/*!'}
line 255:31 mismatched input ')' expecting {'(', '{'}
line 258:52 extraneous input '0' expecting {'\lemma', '}', IDENT, '/*!'}
line 258:54 mismatched input 'then' expecting {<EOF>, '\problem', '\chooseContract', '\proofObligation', '\proof'}

	at de.uka.ilkd.key.control.AbstractUserInterfaceControl.load(AbstractUserInterfaceControl.java:221)
Caused by: de.uka.ilkd.key.proof.init.ProofInputException: line 135:14 mismatched input '\ifExintVar' expecting {MODALITY, FORALL, EXISTS, '\if', '\ifEx', 'true', 'false', '(', '{', '@', NOT, SEQARROW, '-', STRING_LITERAL, CHAR_LITERAL, BIN_LITERAL, HEX_LITERAL, IDENT, INT_LITERAL, FLOAT_LITERAL, DOUBLE_LITERAL, REAL_LITERAL}
line 135:27 extraneous input '(' expecting {'\lemma', '}', IDENT, '/*!'}
line 135:44 mismatched input ')' expecting {'(', '{'}
line 141:14 mismatched input '\ifExintVar' expecting {MODALITY, FORALL, EXISTS, '\if', '\ifEx', 'true', 'false', '(', '{', '@', NOT, SEQARROW, '-', STRING_LITERAL, CHAR_LITERAL, BIN_LITERAL, HEX_LITERAL, IDENT, INT_LITERAL, FLOAT_LITERAL, DOUBLE_LITERAL, REAL_LITERAL}
line 141:27 extraneous input '(' expecting {'\lemma', '}', IDENT, '/*!'}
line 141:41 mismatched input ')' expecting {'(', '{'}
line 148:14 mismatched input '\ifExintVar' expecting {MODALITY, FORALL, EXISTS, '\if', '\ifEx', 'true', 'false', '(', '{', '@', NOT, SEQARROW, '-', STRING_LITERAL, CHAR_LITERAL, BIN_LITERAL, HEX_LITERAL, IDENT, INT_LITERAL, FLOAT_LITERAL, DOUBLE_LITERAL, REAL_LITERAL}
line 148:27 extraneous input '(' expecting {'\lemma', '}', IDENT, '/*!'}
line 148:35 mismatched input '=' expecting {'(', '{'}
line 150:38 mismatched input '}' expecting {'(', '{'}
line 155:14 mismatched input '\ifExintVar' expecting {MODALITY, FORALL, EXISTS, '\if', '\ifEx', 'true', 'false', '(', '{', '@', NOT, SEQARROW, '-', STRING_LITERAL, CHAR_LITERAL, BIN_LITERAL, HEX_LITERAL, IDENT, INT_LITERAL, FLOAT_LITERAL, DOUBLE_LITERAL, REAL_LITERAL}
line 155:27 extraneous input '(' expecting {'\lemma', '}', IDENT, '/*!'}
line 155:35 mismatched input '=' expecting {'(', '{'}
line 157:38 mismatched input '}' expecting {'(', '{'}
line 163:14 mismatched input '\ifExintVar' expecting {MODALITY, FORALL, EXISTS, '\if', '\ifEx', 'true', 'false', '(', '{', '@', NOT, SEQARROW, '-', STRING_LITERAL, CHAR_LITERAL, BIN_LITERAL, HEX_LITERAL, IDENT, INT_LITERAL, FLOAT_LITERAL, DOUBLE_LITERAL, REAL_LITERAL}
line 163:27 extraneous input '(' expecting {'\lemma', '}', IDENT, '/*!'}
line 163:30 mismatched input '=' expecting {'(', '{'}
line 165:38 mismatched input '}' expecting {'(', '{'}
line 171:14 mismatched input '\ifExintVar' expecting {MODALITY, FORALL, EXISTS, '\if', '\ifEx', 'true', 'false', '(', '{', '@', NOT, SEQARROW, '-', STRING_LITERAL, CHAR_LITERAL, BIN_LITERAL, HEX_LITERAL, IDENT, INT_LITERAL, FLOAT_LITERAL, DOUBLE_LITERAL, REAL_LITERAL}
line 171:27 extraneous input '(' expecting {'\lemma', '}', IDENT, '/*!'}
line 171:30 mismatched input '=' expecting {'(', '{'}
line 173:38 mismatched input '}' expecting {'(', '{'}
line 179:14 mismatched input '\ifExintVar' expecting {MODALITY, FORALL, EXISTS, '\if', '\ifEx', 'true', 'false', '(', '{', '@', NOT, SEQARROW, '-', STRING_LITERAL, CHAR_LITERAL, BIN_LITERAL, HEX_LITERAL, IDENT, INT_LITERAL, FLOAT_LITERAL, DOUBLE_LITERAL, REAL_LITERAL}
line 179:27 extraneous input '(' expecting {'\lemma', '}', IDENT, '/*!'}
line 179:32 mismatched input '&' expecting {'(', '{'}
line 181:42 mismatched input '}' expecting {'(', '{'}
line 182:39 mismatched input '}' expecting {'(', '{'}
line 188:14 mismatched input '\ifExintVar' expecting {MODALITY, FORALL, EXISTS, '\if', '\ifEx', 'true', 'false', '(', '{', '@', NOT, SEQARROW, '-', STRING_LITERAL, CHAR_LITERAL, BIN_LITERAL, HEX_LITERAL, IDENT, INT_LITERAL, FLOAT_LITERAL, DOUBLE_LITERAL, REAL_LITERAL}
line 188:27 extraneous input '(' expecting {'\lemma', '}', IDENT, '/*!'}
line 188:32 mismatched input '&' expecting {'(', '{'}
line 190:42 mismatched input '}' expecting {'(', '{'}
line 191:39 mismatched input '}' expecting {'(', '{'}
line 198:14 mismatched input '\ifExintVar' expecting {MODALITY, FORALL, EXISTS, '\if', '\ifEx', 'true', 'false', '(', '{', '@', NOT, SEQARROW, '-', STRING_LITERAL, CHAR_LITERAL, BIN_LITERAL, HEX_LITERAL, IDENT, INT_LITERAL, FLOAT_LITERAL, DOUBLE_LITERAL, REAL_LITERAL}
line 198:27 extraneous input '(' expecting {'\lemma', '}', IDENT, '/*!'}
line 198:32 mismatched input '&' expecting {'(', '{'}
line 200:42 mismatched input '}' expecting {'(', '{'}
line 201:39 mismatched input '}' expecting {'(', '{'}
line 208:14 mismatched input '\ifExintVar' expecting {MODALITY, FORALL, EXISTS, '\if', '\ifEx', 'true', 'false', '(', '{', '@', NOT, SEQARROW, '-', STRING_LITERAL, CHAR_LITERAL, BIN_LITERAL, HEX_LITERAL, IDENT, INT_LITERAL, FLOAT_LITERAL, DOUBLE_LITERAL, REAL_LITERAL}
line 208:27 extraneous input '(' expecting {'\lemma', '}', IDENT, '/*!'}
line 208:32 mismatched input '&' expecting {'(', '{'}
line 210:42 mismatched input '}' expecting {'(', '{'}
line 211:39 mismatched input '}' expecting {'(', '{'}
line 218:14 mismatched input '\ifExintVar' expecting {MODALITY, FORALL, EXISTS, '\if', '\ifEx', 'true', 'false', '(', '{', '@', NOT, SEQARROW, '-', STRING_LITERAL, CHAR_LITERAL, BIN_LITERAL, HEX_LITERAL, IDENT, INT_LITERAL, FLOAT_LITERAL, DOUBLE_LITERAL, REAL_LITERAL}
line 218:27 extraneous input '(' expecting {'\lemma', '}', IDENT, '/*!'}
line 218:31 mismatched input ')' expecting {'(', '{'}
line 220:44 mismatched input ')' expecting {'(', '{'}
line 225:14 mismatched input '\ifExintVar' expecting {MODALITY, FORALL, EXISTS, '\if', '\ifEx', 'true', 'false', '(', '{', '@', NOT, SEQARROW, '-', STRING_LITERAL, CHAR_LITERAL, BIN_LITERAL, HEX_LITERAL, IDENT, INT_LITERAL, FLOAT_LITERAL, DOUBLE_LITERAL, REAL_LITERAL}
line 225:27 extraneous input '(' expecting {'\lemma', '}', IDENT, '/*!'}
line 225:31 mismatched input ')' expecting {'(', '{'}
line 227:44 mismatched input ')' expecting {'(', '{'}
line 233:14 mismatched input '\ifExintVar' expecting {MODALITY, FORALL, EXISTS, '\if', '\ifEx', 'true', 'false', '(', '{', '@', NOT, SEQARROW, '-', STRING_LITERAL, CHAR_LITERAL, BIN_LITERAL, HEX_LITERAL, IDENT, INT_LITERAL, FLOAT_LITERAL, DOUBLE_LITERAL, REAL_LITERAL}
line 233:27 extraneous input '(' expecting {'\lemma', '}', IDENT, '/*!'}
line 233:31 mismatched input ')' expecting {'(', '{'}
line 237:42 mismatched input '}' expecting {'(', '{'}
line 238:34 mismatched input '}' expecting {'(', '{'}
line 239:28 extraneous input '(' expecting {'\lemma', '}', IDENT, '/*!'}
line 239:33 mismatched input '->' expecting {'(', '{'}
line 240:8 extraneous input '\replacewith' expecting {'\lemma', '}', IDENT, '/*!'}
line 240:25 mismatched input ')' expecting {'(', '{'}
line 240:56 mismatched input ')' expecting {'(', '{'}
line 245:14 mismatched input '\ifExintVar' expecting {MODALITY, FORALL, EXISTS, '\if', '\ifEx', 'true', 'false', '(', '{', '@', NOT, SEQARROW, '-', STRING_LITERAL, CHAR_LITERAL, BIN_LITERAL, HEX_LITERAL, IDENT, INT_LITERAL, FLOAT_LITERAL, DOUBLE_LITERAL, REAL_LITERAL}
line 245:27 extraneous input '(' expecting {'\lemma', '}', IDENT, '/*!'}
line 245:31 mismatched input ')' expecting {'(', '{'}
line 248:45 mismatched input '}' expecting {'(', '{'}
line 249:8 extraneous input '\replacewith' expecting {'\lemma', '}', IDENT, '/*!'}
line 249:38 mismatched input ')' expecting {'(', '{'}
line 250:42 mismatched input '}' expecting {'(', '{'}
line 251:28 extraneous input '(' expecting {'\lemma', '}', IDENT, '/*!'}
line 251:33 mismatched input '->' expecting {'(', '{'}
line 255:14 mismatched input '\ifExintVar' expecting {MODALITY, FORALL, EXISTS, '\if', '\ifEx', 'true', 'false', '(', '{', '@', NOT, SEQARROW, '-', STRING_LITERAL, CHAR_LITERAL, BIN_LITERAL, HEX_LITERAL, IDENT, INT_LITERAL, FLOAT_LITERAL, DOUBLE_LITERAL, REAL_LITERAL}
line 255:27 extraneous input '(' expecting {'\lemma', '}', IDENT, '/*!'}
line 255:31 mismatched input ')' expecting {'(', '{'}
line 258:52 extraneous input '0' expecting {'\lemma', '}', IDENT, '/*!'}
line 258:54 mismatched input 'then' expecting {<EOF>, '\problem', '\chooseContract', '\proofObligation', '\proof'}

	at de.uka.ilkd.key.proof.io.KeYFile.readIncludes(KeYFile.java:210)
Caused by: de.uka.ilkd.key.util.parsing.SyntaxErrorReporter$ParserException: line 135:14 mismatched input '\ifExintVar' expecting {MODALITY, FORALL, EXISTS, '\if', '\ifEx', 'true', 'false', '(', '{', '@', NOT, SEQARROW, '-', STRING_LITERAL, CHAR_LITERAL, BIN_LITERAL, HEX_LITERAL, IDENT, INT_LITERAL, FLOAT_LITERAL, DOUBLE_LITERAL, REAL_LITERAL}
line 135:27 extraneous input '(' expecting {'\lemma', '}', IDENT, '/*!'}
line 135:44 mismatched input ')' expecting {'(', '{'}
line 141:14 mismatched input '\ifExintVar' expecting {MODALITY, FORALL, EXISTS, '\if', '\ifEx', 'true', 'false', '(', '{', '@', NOT, SEQARROW, '-', STRING_LITERAL, CHAR_LITERAL, BIN_LITERAL, HEX_LITERAL, IDENT, INT_LITERAL, FLOAT_LITERAL, DOUBLE_LITERAL, REAL_LITERAL}
line 141:27 extraneous input '(' expecting {'\lemma', '}', IDENT, '/*!'}
line 141:41 mismatched input ')' expecting {'(', '{'}
line 148:14 mismatched input '\ifExintVar' expecting {MODALITY, FORALL, EXISTS, '\if', '\ifEx', 'true', 'false', '(', '{', '@', NOT, SEQARROW, '-', STRING_LITERAL, CHAR_LITERAL, BIN_LITERAL, HEX_LITERAL, IDENT, INT_LITERAL, FLOAT_LITERAL, DOUBLE_LITERAL, REAL_LITERAL}
line 148:27 extraneous input '(' expecting {'\lemma', '}', IDENT, '/*!'}
line 148:35 mismatched input '=' expecting {'(', '{'}
line 150:38 mismatched input '}' expecting {'(', '{'}
line 155:14 mismatched input '\ifExintVar' expecting {MODALITY, FORALL, EXISTS, '\if', '\ifEx', 'true', 'false', '(', '{', '@', NOT, SEQARROW, '-', STRING_LITERAL, CHAR_LITERAL, BIN_LITERAL, HEX_LITERAL, IDENT, INT_LITERAL, FLOAT_LITERAL, DOUBLE_LITERAL, REAL_LITERAL}
line 155:27 extraneous input '(' expecting {'\lemma', '}', IDENT, '/*!'}
line 155:35 mismatched input '=' expecting {'(', '{'}
line 157:38 mismatched input '}' expecting {'(', '{'}
line 163:14 mismatched input '\ifExintVar' expecting {MODALITY, FORALL, EXISTS, '\if', '\ifEx', 'true', 'false', '(', '{', '@', NOT, SEQARROW, '-', STRING_LITERAL, CHAR_LITERAL, BIN_LITERAL, HEX_LITERAL, IDENT, INT_LITERAL, FLOAT_LITERAL, DOUBLE_LITERAL, REAL_LITERAL}
line 163:27 extraneous input '(' expecting {'\lemma', '}', IDENT, '/*!'}
line 163:30 mismatched input '=' expecting {'(', '{'}
line 165:38 mismatched input '}' expecting {'(', '{'}
line 171:14 mismatched input '\ifExintVar' expecting {MODALITY, FORALL, EXISTS, '\if', '\ifEx', 'true', 'false', '(', '{', '@', NOT, SEQARROW, '-', STRING_LITERAL, CHAR_LITERAL, BIN_LITERAL, HEX_LITERAL, IDENT, INT_LITERAL, FLOAT_LITERAL, DOUBLE_LITERAL, REAL_LITERAL}
line 171:27 extraneous input '(' expecting {'\lemma', '}', IDENT, '/*!'}
line 171:30 mismatched input '=' expecting {'(', '{'}
line 173:38 mismatched input '}' expecting {'(', '{'}
line 179:14 mismatched input '\ifExintVar' expecting {MODALITY, FORALL, EXISTS, '\if', '\ifEx', 'true', 'false', '(', '{', '@', NOT, SEQARROW, '-', STRING_LITERAL, CHAR_LITERAL, BIN_LITERAL, HEX_LITERAL, IDENT, INT_LITERAL, FLOAT_LITERAL, DOUBLE_LITERAL, REAL_LITERAL}
line 179:27 extraneous input '(' expecting {'\lemma', '}', IDENT, '/*!'}
line 179:32 mismatched input '&' expecting {'(', '{'}
line 181:42 mismatched input '}' expecting {'(', '{'}
line 182:39 mismatched input '}' expecting {'(', '{'}
line 188:14 mismatched input '\ifExintVar' expecting {MODALITY, FORALL, EXISTS, '\if', '\ifEx', 'true', 'false', '(', '{', '@', NOT, SEQARROW, '-', STRING_LITERAL, CHAR_LITERAL, BIN_LITERAL, HEX_LITERAL, IDENT, INT_LITERAL, FLOAT_LITERAL, DOUBLE_LITERAL, REAL_LITERAL}
line 188:27 extraneous input '(' expecting {'\lemma', '}', IDENT, '/*!'}
line 188:32 mismatched input '&' expecting {'(', '{'}
line 190:42 mismatched input '}' expecting {'(', '{'}
line 191:39 mismatched input '}' expecting {'(', '{'}
line 198:14 mismatched input '\ifExintVar' expecting {MODALITY, FORALL, EXISTS, '\if', '\ifEx', 'true', 'false', '(', '{', '@', NOT, SEQARROW, '-', STRING_LITERAL, CHAR_LITERAL, BIN_LITERAL, HEX_LITERAL, IDENT, INT_LITERAL, FLOAT_LITERAL, DOUBLE_LITERAL, REAL_LITERAL}
line 198:27 extraneous input '(' expecting {'\lemma', '}', IDENT, '/*!'}
line 198:32 mismatched input '&' expecting {'(', '{'}
line 200:42 mismatched input '}' expecting {'(', '{'}
line 201:39 mismatched input '}' expecting {'(', '{'}
line 208:14 mismatched input '\ifExintVar' expecting {MODALITY, FORALL, EXISTS, '\if', '\ifEx', 'true', 'false', '(', '{', '@', NOT, SEQARROW, '-', STRING_LITERAL, CHAR_LITERAL, BIN_LITERAL, HEX_LITERAL, IDENT, INT_LITERAL, FLOAT_LITERAL, DOUBLE_LITERAL, REAL_LITERAL}
line 208:27 extraneous input '(' expecting {'\lemma', '}', IDENT, '/*!'}
line 208:32 mismatched input '&' expecting {'(', '{'}
line 210:42 mismatched input '}' expecting {'(', '{'}
line 211:39 mismatched input '}' expecting {'(', '{'}
line 218:14 mismatched input '\ifExintVar' expecting {MODALITY, FORALL, EXISTS, '\if', '\ifEx', 'true', 'false', '(', '{', '@', NOT, SEQARROW, '-', STRING_LITERAL, CHAR_LITERAL, BIN_LITERAL, HEX_LITERAL, IDENT, INT_LITERAL, FLOAT_LITERAL, DOUBLE_LITERAL, REAL_LITERAL}
line 218:27 extraneous input '(' expecting {'\lemma', '}', IDENT, '/*!'}
line 218:31 mismatched input ')' expecting {'(', '{'}
line 220:44 mismatched input ')' expecting {'(', '{'}
line 225:14 mismatched input '\ifExintVar' expecting {MODALITY, FORALL, EXISTS, '\if', '\ifEx', 'true', 'false', '(', '{', '@', NOT, SEQARROW, '-', STRING_LITERAL, CHAR_LITERAL, BIN_LITERAL, HEX_LITERAL, IDENT, INT_LITERAL, FLOAT_LITERAL, DOUBLE_LITERAL, REAL_LITERAL}
line 225:27 extraneous input '(' expecting {'\lemma', '}', IDENT, '/*!'}
line 225:31 mismatched input ')' expecting {'(', '{'}
line 227:44 mismatched input ')' expecting {'(', '{'}
line 233:14 mismatched input '\ifExintVar' expecting {MODALITY, FORALL, EXISTS, '\if', '\ifEx', 'true', 'false', '(', '{', '@', NOT, SEQARROW, '-', STRING_LITERAL, CHAR_LITERAL, BIN_LITERAL, HEX_LITERAL, IDENT, INT_LITERAL, FLOAT_LITERAL, DOUBLE_LITERAL, REAL_LITERAL}
line 233:27 extraneous input '(' expecting {'\lemma', '}', IDENT, '/*!'}
line 233:31 mismatched input ')' expecting {'(', '{'}
line 237:42 mismatched input '}' expecting {'(', '{'}
line 238:34 mismatched input '}' expecting {'(', '{'}
line 239:28 extraneous input '(' expecting {'\lemma', '}', IDENT, '/*!'}
line 239:33 mismatched input '->' expecting {'(', '{'}
line 240:8 extraneous input '\replacewith' expecting {'\lemma', '}', IDENT, '/*!'}
line 240:25 mismatched input ')' expecting {'(', '{'}
line 240:56 mismatched input ')' expecting {'(', '{'}
line 245:14 mismatched input '\ifExintVar' expecting {MODALITY, FORALL, EXISTS, '\if', '\ifEx', 'true', 'false', '(', '{', '@', NOT, SEQARROW, '-', STRING_LITERAL, CHAR_LITERAL, BIN_LITERAL, HEX_LITERAL, IDENT, INT_LITERAL, FLOAT_LITERAL, DOUBLE_LITERAL, REAL_LITERAL}
line 245:27 extraneous input '(' expecting {'\lemma', '}', IDENT, '/*!'}
line 245:31 mismatched input ')' expecting {'(', '{'}
line 248:45 mismatched input '}' expecting {'(', '{'}
line 249:8 extraneous input '\replacewith' expecting {'\lemma', '}', IDENT, '/*!'}
line 249:38 mismatched input ')' expecting {'(', '{'}
line 250:42 mismatched input '}' expecting {'(', '{'}
line 251:28 extraneous input '(' expecting {'\lemma', '}', IDENT, '/*!'}
line 251:33 mismatched input '->' expecting {'(', '{'}
line 255:14 mismatched input '\ifExintVar' expecting {MODALITY, FORALL, EXISTS, '\if', '\ifEx', 'true', 'false', '(', '{', '@', NOT, SEQARROW, '-', STRING_LITERAL, CHAR_LITERAL, BIN_LITERAL, HEX_LITERAL, IDENT, INT_LITERAL, FLOAT_LITERAL, DOUBLE_LITERAL, REAL_LITERAL}
line 255:27 extraneous input '(' expecting {'\lemma', '}', IDENT, '/*!'}
line 255:31 mismatched input ')' expecting {'(', '{'}
line 258:52 extraneous input '0' expecting {'\lemma', '}', IDENT, '/*!'}
line 258:54 mismatched input 'then' expecting {<EOF>, '\problem', '\chooseContract', '\proofObligation', '\proof'}

	at de.uka.ilkd.key.util.parsing.SyntaxErrorReporter.throwException(SyntaxErrorReporter.java:89)

301290     WARN  Test worker     d.u.i.k.n.KeYParser       [syntax-error] file:/home/runner/work/key/key/key.core/build/resources/main/de/uka/ilkd/key/proof/rules/ifThenElseRules.key:135:14: mismatched input '\ifExintVar' expecting {MODALITY, FORALL, EXISTS, '\if', '\ifEx', 'true', 'false', '(', '{', '@', NOT, SEQARROW, '-', STRING_LITERAL, CHAR_LITERAL, BIN_LITERAL, HEX_LITERAL, IDENT, INT_LITERAL, FLOAT_LITERAL, DOUBLE_LITERAL, REAL_LITERAL} [@745,3563:3573='\ifExintVar',<188>,135:14] (termorseq, taclet, rulesOrAxioms, decls, file) 
301298     WARN  Test worker     d.u.i.k.n.KeYParser       [syntax-error] file:/home/runner/work/key/key/key.core/build/resources/main/de/uka/ilkd/key/proof/rules/ifThenElseRules.key:135:27: extraneous input '(' expecting {'\lemma', '}', IDENT, '/*!'} [@748,3576:3576='(',<146>,135:27] (rulesOrAxioms, decls, file) 
301299     WARN  Test worker     d.u.i.k.n.KeYParser       [syntax-error] file:/home/runner/work/key/key/key.core/build/resources/main/de/uka/ilkd/key/proof/rules/ifThenElseRules.key:135:44: mismatched input ')' expecting {'(', '{'} [@754,3593:3593=')',<147>,135:44] (taclet, rulesOrAxioms, decls, file) 
301299     WARN  Test worker     d.u.i.k.n.KeYParser       [syntax-error] file:/home/runner/work/key/key/key.core/build/resources/main/de/uka/ilkd/key/proof/rules/ifThenElseRules.key:141:14: mismatched input '\ifExintVar' expecting {MODALITY, FORALL, EXISTS, '\if', '\ifEx', 'true', 'false', '(', '{', '@', NOT, SEQARROW, '-', STRING_LITERAL, CHAR_LITERAL, BIN_LITERAL, HEX_LITERAL, IDENT, INT_LITERAL, FLOAT_LITERAL, DOUBLE_LITERAL, REAL_LITERAL} [@780,3716:3726='\ifExintVar',<188>,141:14] (termorseq, taclet, rulesOrAxioms, decls, file) 
301299     WARN  Test worker     d.u.i.k.n.KeYParser       [syntax-error] file:/home/runner/work/key/key/key.core/build/resources/main/de/uka/ilkd/key/proof/rules/ifThenElseRules.key:141:27: extraneous input '(' expecting {'\lemma', '}', IDENT, '/*!'} [@783,3729:3729='(',<146>,141:27] (rulesOrAxioms, decls, file) 
301299     WARN  Test worker     d.u.i.k.n.KeYParser       [syntax-error] file:/home/runner/work/key/key/key.core/build/resources/main/de/uka/ilkd/key/proof/rules/ifThenElseRules.key:141:41: mismatched input ')' expecting {'(', '{'} [@789,3743:3743=')',<147>,141:41] (taclet, rulesOrAxioms, decls, file) 
301299     WARN  Test worker     d.u.i.k.n.KeYParser       [syntax-error] file:/home/runner/work/key/key/key.core/build/resources/main/de/uka/ilkd/key/proof/rules/ifThenElseRules.key:148:14: mismatched input '\ifExintVar' expecting {MODALITY, FORALL, EXISTS, '\if', '\ifEx', 'true', 'false', '(', '{', '@', NOT, SEQARROW, '-', STRING_LITERAL, CHAR_LITERAL, BIN_LITERAL, HEX_LITERAL, IDENT, INT_LITERAL, FLOAT_LITERAL, DOUBLE_LITERAL, REAL_LITERAL} [@819,3896:3906='\ifExintVar',<188>,148:14] (termorseq, taclet, rulesOrAxioms, decls, file) 
301299     WARN  Test worker     d.u.i.k.n.KeYParser       [syntax-error] file:/home/runner/work/key/key/key.core/build/resources/main/de/uka/ilkd/key/proof/rules/ifThenElseRules.key:148:27: extraneous input '(' expecting {'\lemma', '}', IDENT, '/*!'} [@822,3909:3909='(',<146>,148:27] (rulesOrAxioms, decls, file) 
301300     WARN  Test worker     d.u.i.k.n.KeYParser       [syntax-error] file:/home/runner/work/key/key/key.core/build/resources/main/de/uka/ilkd/key/proof/rules/ifThenElseRules.key:148:35: mismatched input '=' expecting {'(', '{'} [@825,3917:3917='=',<159>,148:35] (taclet, rulesOrAxioms, decls, file) 
301300     WARN  Test worker     d.u.i.k.n.KeYParser       [syntax-error] file:/home/runner/work/key/key/key.core/build/resources/main/de/uka/ilkd/key/proof/rules/ifThenElseRules.key:150:38: mismatched input '}' expecting {'(', '{'} [@859,4023:4023='}',<149>,150:38] (taclet, rulesOrAxioms, decls, file) 
301300     WARN  Test worker     d.u.i.k.n.KeYParser       [syntax-error] file:/home/runner/work/key/key/key.core/build/resources/main/de/uka/ilkd/key/proof/rules/ifThenElseRules.key:155:14: mismatched input '\ifExintVar' expecting {MODALITY, FORALL, EXISTS, '\if', '\ifEx', 'true', 'false', '(', '{', '@', NOT, SEQARROW, '-', STRING_LITERAL, CHAR_LITERAL, BIN_LITERAL, HEX_LITERAL, IDENT, INT_LITERAL, FLOAT_LITERAL, DOUBLE_LITERAL, REAL_LITERAL} [@877,4109:4119='\ifExintVar',<188>,155:14] (termorseq, taclet, rulesOrAxioms, decls, file) 
301300     WARN  Test worker     d.u.i.k.n.KeYParser       [syntax-error] file:/home/runner/work/key/key/key.core/build/resources/main/de/uka/ilkd/key/proof/rules/ifThenElseRules.key:155:27: extraneous input '(' expecting {'\lemma', '}', IDENT, '/*!'} [@880,4122:4122='(',<146>,155:27] (rulesOrAxioms, decls, file) 
301300     WARN  Test worker     d.u.i.k.n.KeYParser       [syntax-error] file:/home/runner/work/key/key/key.core/build/resources/main/de/uka/ilkd/key/proof/rules/ifThenElseRules.key:155:35: mismatched input '=' expecting {'(', '{'} [@883,4130:4130='=',<159>,155:35] (taclet, rulesOrAxioms, decls, file) 
301300     WARN  Test worker     d.u.i.k.n.KeYParser       [syntax-error] file:/home/runner/work/key/key/key.core/build/resources/main/de/uka/ilkd/key/proof/rules/ifThenElseRules.key:157:38: mismatched input '}' expecting {'(', '{'} [@917,4230:4230='}',<149>,157:38] (taclet, rulesOrAxioms, decls, file) 
301300     WARN  Test worker     d.u.i.k.n.KeYParser       [syntax-error] file:/home/runner/work/key/key/key.core/build/resources/main/de/uka/ilkd/key/proof/rules/ifThenElseRules.key:163:14: mismatched input '\ifExintVar' expecting {MODALITY, FORALL, EXISTS, '\if', '\ifEx', 'true', 'false', '(', '{', '@', NOT, SEQARROW, '-', STRING_LITERAL, CHAR_LITERAL, BIN_LITERAL, HEX_LITERAL, IDENT, INT_LITERAL, FLOAT_LITERAL, DOUBLE_LITERAL, REAL_LITERAL} [@939,4350:4360='\ifExintVar',<188>,163:14] (termorseq, taclet, rulesOrAxioms, decls, file) 
301301     WARN  Test worker     d.u.i.k.n.KeYParser       [syntax-error] file:/home/runner/work/key/key/key.core/build/resources/main/de/uka/ilkd/key/proof/rules/ifThenElseRules.key:163:27: extraneous input '(' expecting {'\lemma', '}', IDENT, '/*!'} [@942,4363:4363='(',<146>,163:27] (rulesOrAxioms, decls, file) 
301301     WARN  Test worker     d.u.i.k.n.KeYParser       [syntax-error] file:/home/runner/work/key/key/key.core/build/resources/main/de/uka/ilkd/key/proof/rules/ifThenElseRules.key:163:30: mismatched input '=' expecting {'(', '{'} [@945,4366:4366='=',<159>,163:30] (taclet, rulesOrAxioms, decls, file) 
301301     WARN  Test worker     d.u.i.k.n.KeYParser       [syntax-error] file:/home/runner/work/key/key/key.core/build/resources/main/de/uka/ilkd/key/proof/rules/ifThenElseRules.key:165:38: mismatched input '}' expecting {'(', '{'} [@979,4477:4477='}',<149>,165:38] (taclet, rulesOrAxioms, decls, file) 
301301     WARN  Test worker     d.u.i.k.n.KeYParser       [syntax-error] file:/home/runner/work/key/key/key.core/build/resources/main/de/uka/ilkd/key/proof/rules/ifThenElseRules.key:171:14: mismatched input '\ifExintVar' expecting {MODALITY, FORALL, EXISTS, '\if', '\ifEx', 'true', 'false', '(', '{', '@', NOT, SEQARROW, '-', STRING_LITERAL, CHAR_LITERAL, BIN_LITERAL, HEX_LITERAL, IDENT, INT_LITERAL, FLOAT_LITERAL, DOUBLE_LITERAL, REAL_LITERAL} [@1001,4604:4614='\ifExintVar',<188>,171:14] (termorseq, taclet, rulesOrAxioms, decls, file) 
301301     WARN  Test worker     d.u.i.k.n.KeYParser       [syntax-error] file:/home/runner/work/key/key/key.core/build/resources/main/de/uka/ilkd/key/proof/rules/ifThenElseRules.key:171:27: extraneous input '(' expecting {'\lemma', '}', IDENT, '/*!'} [@1004,4617:4617='(',<146>,171:27] (rulesOrAxioms, decls, file) 
301301     WARN  Test worker     d.u.i.k.n.KeYParser       [syntax-error] file:/home/runner/work/key/key/key.core/build/resources/main/de/uka/ilkd/key/proof/rules/ifThenElseRules.key:171:30: mismatched input '=' expecting {'(', '{'} [@1007,4620:4620='=',<159>,171:30] (taclet, rulesOrAxioms, decls, file) 
301301     WARN  Test worker     d.u.i.k.n.KeYParser       [syntax-error] file:/home/runner/work/key/key/key.core/build/resources/main/de/uka/ilkd/key/proof/rules/ifThenElseRules.key:173:38: mismatched input '}' expecting {'(', '{'} [@1041,4725:4725='}',<149>,173:38] (taclet, rulesOrAxioms, decls, file) 
301302     WARN  Test worker     d.u.i.k.n.KeYParser       [syntax-error] file:/home/runner/work/key/key/key.core/build/resources/main/de/uka/ilkd/key/proof/rules/ifThenElseRules.key:179:14: mismatched input '\ifExintVar' expecting {MODALITY, FORALL, EXISTS, '\if', '\ifEx', 'true', 'false', '(', '{', '@', NOT, SEQARROW, '-', STRING_LITERAL, CHAR_LITERAL, BIN_LITERAL, HEX_LITERAL, IDENT, INT_LITERAL, FLOAT_LITERAL, DOUBLE_LITERAL, REAL_LITERAL} [@1063,4848:4858='\ifExintVar',<188>,179:14] (termorseq, taclet, rulesOrAxioms, decls, file) 
301302     WARN  Test worker     d.u.i.k.n.KeYParser       [syntax-error] file:/home/runner/work/key/key/key.core/build/resources/main/de/uka/ilkd/key/proof/rules/ifThenElseRules.key:179:27: extraneous input '(' expecting {'\lemma', '}', IDENT, '/*!'} [@1066,4861:4861='(',<146>,179:27] (rulesOrAxioms, decls, file) 
301302     WARN  Test worker     d.u.i.k.n.KeYParser       [syntax-error] file:/home/runner/work/key/key/key.core/build/resources/main/de/uka/ilkd/key/proof/rules/ifThenElseRules.key:179:32: mismatched input '&' expecting {'(', '{'} [@1069,4866:4866='&',<156>,179:32] (taclet, rulesOrAxioms, decls, file) 
301302     WARN  Test worker     d.u.i.k.n.KeYParser       [syntax-error] file:/home/runner/work/key/key/key.core/build/resources/main/de/uka/ilkd/key/proof/rules/ifThenElseRules.key:181:42: mismatched input '}' expecting {'(', '{'} [@1109,4985:4985='}',<149>,181:42] (taclet, rulesOrAxioms, decls, file) 
301302     WARN  Test worker     d.u.i.k.n.KeYParser       [syntax-error] file:/home/runner/work/key/key/key.core/build/resources/main/de/uka/ilkd/key/proof/rules/ifThenElseRules.key:182:39: mismatched input '}' expecting {'(', '{'} [@1122,5030:5030='}',<149>,182:39] (taclet, rulesOrAxioms, decls, file) 
301302     WARN  Test worker     d.u.i.k.n.KeYParser       [syntax-error] file:/home/runner/work/key/key/key.core/build/resources/main/de/uka/ilkd/key/proof/rules/ifThenElseRules.key:188:14: mismatched input '\ifExintVar' expecting {MODALITY, FORALL, EXISTS, '\if', '\ifEx', 'true', 'false', '(', '{', '@', NOT, SEQARROW, '-', STRING_LITERAL, CHAR_LITERAL, BIN_LITERAL, HEX_LITERAL, IDENT, INT_LITERAL, FLOAT_LITERAL, DOUBLE_LITERAL, REAL_LITERAL} [@1146,5149:5159='\ifExintVar',<188>,188:14] (termorseq, taclet, rulesOrAxioms, decls, file) 
301302     WARN  Test worker     d.u.i.k.n.KeYParser       [syntax-error] file:/home/runner/work/key/key/key.core/build/resources/main/de/uka/ilkd/key/proof/rules/ifThenElseRules.key:188:27: extraneous input '(' expecting {'\lemma', '}', IDENT, '/*!'} [@1149,5162:5162='(',<146>,188:27] (rulesOrAxioms, decls, file) 
301303     WARN  Test worker     d.u.i.k.n.KeYParser       [syntax-error] file:/home/runner/work/key/key/key.core/build/resources/main/de/uka/ilkd/key/proof/rules/ifThenElseRules.key:188:32: mismatched input '&' expecting {'(', '{'} [@1152,5167:5167='&',<156>,188:32] (taclet, rulesOrAxioms, decls, file) 
301303     WARN  Test worker     d.u.i.k.n.KeYParser       [syntax-error] file:/home/runner/work/key/key/key.core/build/resources/main/de/uka/ilkd/key/proof/rules/ifThenElseRules.key:190:42: mismatched input '}' expecting {'(', '{'} [@1192,5280:5280='}',<149>,190:42] (taclet, rulesOrAxioms, decls, file) 
301303     WARN  Test worker     d.u.i.k.n.KeYParser       [syntax-error] file:/home/runner/work/key/key/key.core/build/resources/main/de/uka/ilkd/key/proof/rules/ifThenElseRules.key:191:39: mismatched input '}' expecting {'(', '{'} [@1205,5325:5325='}',<149>,191:39] (taclet, rulesOrAxioms, decls, file) 
301303     WARN  Test worker     d.u.i.k.n.KeYParser       [syntax-error] file:/home/runner/work/key/key/key.core/build/resources/main/de/uka/ilkd/key/proof/rules/ifThenElseRules.key:198:14: mismatched input '\ifExintVar' expecting {MODALITY, FORALL, EXISTS, '\if', '\ifEx', 'true', 'false', '(', '{', '@', NOT, SEQARROW, '-', STRING_LITERAL, CHAR_LITERAL, BIN_LITERAL, HEX_LITERAL, IDENT, INT_LITERAL, FLOAT_LITERAL, DOUBLE_LITERAL, REAL_LITERAL} [@1233,5475:5485='\ifExintVar',<188>,198:14] (termorseq, taclet, rulesOrAxioms, decls, file) 
301303     WARN  Test worker     d.u.i.k.n.KeYParser       [syntax-error] file:/home/runner/work/key/key/key.core/build/resources/main/de/uka/ilkd/key/proof/rules/ifThenElseRules.key:198:27: extraneous input '(' expecting {'\lemma', '}', IDENT, '/*!'} [@1236,5488:5488='(',<146>,198:27] (rulesOrAxioms, decls, file) 
301303     WARN  Test worker     d.u.i.k.n.KeYParser       [syntax-error] file:/home/runner/work/key/key/key.core/build/resources/main/de/uka/ilkd/key/proof/rules/ifThenElseRules.key:198:32: mismatched input '&' expecting {'(', '{'} [@1239,5493:5493='&',<156>,198:32] (taclet, rulesOrAxioms, decls, file) 
301303     WARN  Test worker     d.u.i.k.n.KeYParser       [syntax-error] file:/home/runner/work/key/key/key.core/build/resources/main/de/uka/ilkd/key/proof/rules/ifThenElseRules.key:200:42: mismatched input '}' expecting {'(', '{'} [@1279,5612:5612='}',<149>,200:42] (taclet, rulesOrAxioms, decls, file) 
301303     WARN  Test worker     d.u.i.k.n.KeYParser       [syntax-error] file:/home/runner/work/key/key/key.core/build/resources/main/de/uka/ilkd/key/proof/rules/ifThenElseRules.key:201:39: mismatched input '}' expecting {'(', '{'} [@1292,5657:5657='}',<149>,201:39] (taclet, rulesOrAxioms, decls, file) 
301304     WARN  Test worker     d.u.i.k.n.KeYParser       [syntax-error] file:/home/runner/work/key/key/key.core/build/resources/main/de/uka/ilkd/key/proof/rules/ifThenElseRules.key:208:14: mismatched input '\ifExintVar' expecting {MODALITY, FORALL, EXISTS, '\if', '\ifEx', 'true', 'false', '(', '{', '@', NOT, SEQARROW, '-', STRING_LITERAL, CHAR_LITERAL, BIN_LITERAL, HEX_LITERAL, IDENT, INT_LITERAL, FLOAT_LITERAL, DOUBLE_LITERAL, REAL_LITERAL} [@1320,5817:5827='\ifExintVar',<188>,208:14] (termorseq, taclet, rulesOrAxioms, decls, file) 
301304     WARN  Test worker     d.u.i.k.n.KeYParser       [syntax-error] file:/home/runner/work/key/key/key.core/build/resources/main/de/uka/ilkd/key/proof/rules/ifThenElseRules.key:208:27: extraneous input '(' expecting {'\lemma', '}', IDENT, '/*!'} [@1323,5830:5830='(',<146>,208:27] (rulesOrAxioms, decls, file) 
301304     WARN  Test worker     d.u.i.k.n.KeYParser       [syntax-error] file:/home/runner/work/key/key/key.core/build/resources/main/de/uka/ilkd/key/proof/rules/ifThenElseRules.key:208:32: mismatched input '&' expecting {'(', '{'} [@1326,5835:5835='&',<156>,208:32] (taclet, rulesOrAxioms, decls, file) 
301304     WARN  Test worker     d.u.i.k.n.KeYParser       [syntax-error] file:/home/runner/work/key/key/key.core/build/resources/main/de/uka/ilkd/key/proof/rules/ifThenElseRules.key:210:42: mismatched input '}' expecting {'(', '{'} [@1366,5948:5948='}',<149>,210:42] (taclet, rulesOrAxioms, decls, file) 
301304     WARN  Test worker     d.u.i.k.n.KeYParser       [syntax-error] file:/home/runner/work/key/key/key.core/build/resources/main/de/uka/ilkd/key/proof/rules/ifThenElseRules.key:211:39: mismatched input '}' expecting {'(', '{'} [@1379,5993:5993='}',<149>,211:39] (taclet, rulesOrAxioms, decls, file) 
301304     WARN  Test worker     d.u.i.k.n.KeYParser       [syntax-error] file:/home/runner/work/key/key/key.core/build/resources/main/de/uka/ilkd/key/proof/rules/ifThenElseRules.key:218:14: mismatched input '\ifExintVar' expecting {MODALITY, FORALL, EXISTS, '\if', '\ifEx', 'true', 'false', '(', '{', '@', NOT, SEQARROW, '-', STRING_LITERAL, CHAR_LITERAL, BIN_LITERAL, HEX_LITERAL, IDENT, INT_LITERAL, FLOAT_LITERAL, DOUBLE_LITERAL, REAL_LITERAL} [@1407,6146:6156='\ifExintVar',<188>,218:14] (termorseq, taclet, rulesOrAxioms, decls, file) 
301304     WARN  Test worker     d.u.i.k.n.KeYParser       [syntax-error] file:/home/runner/work/key/key/key.core/build/resources/main/de/uka/ilkd/key/proof/rules/ifThenElseRules.key:218:27: extraneous input '(' expecting {'\lemma', '}', IDENT, '/*!'} [@1410,6159:6159='(',<146>,218:27] (rulesOrAxioms, decls, file) 
301305     WARN  Test worker     d.u.i.k.n.KeYParser       [syntax-error] file:/home/runner/work/key/key/key.core/build/resources/main/de/uka/ilkd/key/proof/rules/ifThenElseRules.key:218:31: mismatched input ')' expecting {'(', '{'} [@1412,6163:6163=')',<147>,218:31] (taclet, rulesOrAxioms, decls, file) 
301305     WARN  Test worker     d.u.i.k.n.KeYParser       [syntax-error] file:/home/runner/work/key/key/key.core/build/resources/main/de/uka/ilkd/key/proof/rules/ifThenElseRules.key:220:44: mismatched input ')' expecting {'(', '{'} [@1444,6275:6275=')',<147>,220:44] (taclet, rulesOrAxioms, decls, file) 
301305     WARN  Test worker     d.u.i.k.n.KeYParser       [syntax-error] file:/home/runner/work/key/key/key.core/build/resources/main/de/uka/ilkd/key/proof/rules/ifThenElseRules.key:225:14: mismatched input '\ifExintVar' expecting {MODALITY, FORALL, EXISTS, '\if', '\ifEx', 'true', 'false', '(', '{', '@', NOT, SEQARROW, '-', STRING_LITERAL, CHAR_LITERAL, BIN_LITERAL, HEX_LITERAL, IDENT, INT_LITERAL, FLOAT_LITERAL, DOUBLE_LITERAL, REAL_LITERAL} [@1471,6389:6399='\ifExintVar',<188>,225:14] (termorseq, taclet, rulesOrAxioms, decls, file) 
301305     WARN  Test worker     d.u.i.k.n.KeYParser       [syntax-error] file:/home/runner/work/key/key/key.core/build/resources/main/de/uka/ilkd/key/proof/rules/ifThenElseRules.key:225:27: extraneous input '(' expecting {'\lemma', '}', IDENT, '/*!'} [@1474,6402:6402='(',<146>,225:27] (rulesOrAxioms, decls, file) 
301305     WARN  Test worker     d.u.i.k.n.KeYParser       [syntax-error] file:/home/runner/work/key/key/key.core/build/resources/main/de/uka/ilkd/key/proof/rules/ifThenElseRules.key:225:31: mismatched input ')' expecting {'(', '{'} [@1476,6406:6406=')',<147>,225:31] (taclet, rulesOrAxioms, decls, file) 
301305     WARN  Test worker     d.u.i.k.n.KeYParser       [syntax-error] file:/home/runner/work/key/key/key.core/build/resources/main/de/uka/ilkd/key/proof/rules/ifThenElseRules.key:227:44: mismatched input ')' expecting {'(', '{'} [@1508,6509:6509=')',<147>,227:44] (taclet, rulesOrAxioms, decls, file) 
301305     WARN  Test worker     d.u.i.k.n.KeYParser       [syntax-error] file:/home/runner/work/key/key/key.core/build/resources/main/de/uka/ilkd/key/proof/rules/ifThenElseRules.key:233:14: mismatched input '\ifExintVar' expecting {MODALITY, FORALL, EXISTS, '\if', '\ifEx', 'true', 'false', '(', '{', '@', NOT, SEQARROW, '-', STRING_LITERAL, CHAR_LITERAL, BIN_LITERAL, HEX_LITERAL, IDENT, INT_LITERAL, FLOAT_LITERAL, DOUBLE_LITERAL, REAL_LITERAL} [@1539,6656:6666='\ifExintVar',<188>,233:14] (termorseq, taclet, rulesOrAxioms, decls, file) 
301306     WARN  Test worker     d.u.i.k.n.KeYParser       [syntax-error] file:/home/runner/work/key/key/key.core/build/resources/main/de/uka/ilkd/key/proof/rules/ifThenElseRules.key:233:27: extraneous input '(' expecting {'\lemma', '}', IDENT, '/*!'} [@1542,6669:6669='(',<146>,233:27] (rulesOrAxioms, decls, file) 
301306     WARN  Test worker     d.u.i.k.n.KeYParser       [syntax-error] file:/home/runner/work/key/key/key.core/build/resources/main/de/uka/ilkd/key/proof/rules/ifThenElseRules.key:233:31: mismatched input ')' expecting {'(', '{'} [@1544,6673:6673=')',<147>,233:31] (taclet, rulesOrAxioms, decls, file) 
301306     WARN  Test worker     d.u.i.k.n.KeYParser       [syntax-error] file:/home/runner/work/key/key/key.core/build/resources/main/de/uka/ilkd/key/proof/rules/ifThenElseRules.key:237:42: mismatched input '}' expecting {'(', '{'} [@1586,6850:6850='}',<149>,237:42] (taclet, rulesOrAxioms, decls, file) 
301306     WARN  Test worker     d.u.i.k.n.KeYParser       [syntax-error] file:/home/runner/work/key/key/key.core/build/resources/main/de/uka/ilkd/key/proof/rules/ifThenElseRules.key:238:34: mismatched input '}' expecting {'(', '{'} [@1599,6891:6891='}',<149>,238:34] (taclet, rulesOrAxioms, decls, file) 
301306     WARN  Test worker     d.u.i.k.n.KeYParser       [syntax-error] file:/home/runner/work/key/key/key.core/build/resources/main/de/uka/ilkd/key/proof/rules/ifThenElseRules.key:239:28: extraneous input '(' expecting {'\lemma', '}', IDENT, '/*!'} [@1608,6925:6925='(',<146>,239:28] (rulesOrAxioms, decls, file) 
301306     WARN  Test worker     d.u.i.k.n.KeYParser       [syntax-error] file:/home/runner/work/key/key/key.core/build/resources/main/de/uka/ilkd/key/proof/rules/ifThenElseRules.key:239:33: mismatched input '->' expecting {'(', '{'} [@1611,6930:6931='->',<158>,239:33] (taclet, rulesOrAxioms, decls, file) 
301306     WARN  Test worker     d.u.i.k.n.KeYParser       [syntax-error] file:/home/runner/work/key/key/key.core/build/resources/main/de/uka/ilkd/key/proof/rules/ifThenElseRules.key:240:8: extraneous input '\replacewith' expecting {'\lemma', '}', IDENT, '/*!'} [@1626,6979:6990='\replacewith',<105>,240:8] (rulesOrAxioms, decls, file) 
301306     WARN  Test worker     d.u.i.k.n.KeYParser       [syntax-error] file:/home/runner/work/key/key/key.core/build/resources/main/de/uka/ilkd/key/proof/rules/ifThenElseRules.key:240:25: mismatched input ')' expecting {'(', '{'} [@1629,6996:6996=')',<147>,240:25] (taclet, rulesOrAxioms, decls, file) 
301307     WARN  Test worker     d.u.i.k.n.KeYParser       [syntax-error] file:/home/runner/work/key/key/key.core/build/resources/main/de/uka/ilkd/key/proof/rules/ifThenElseRules.key:240:56: mismatched input ')' expecting {'(', '{'} [@1642,7027:7027=')',<147>,240:56] (taclet, rulesOrAxioms, decls, file) 
301307     WARN  Test worker     d.u.i.k.n.KeYParser       [syntax-error] file:/home/runner/work/key/key/key.core/build/resources/main/de/uka/ilkd/key/proof/rules/ifThenElseRules.key:245:14: mismatched input '\ifExintVar' expecting {MODALITY, FORALL, EXISTS, '\if', '\ifEx', 'true', 'false', '(', '{', '@', NOT, SEQARROW, '-', STRING_LITERAL, CHAR_LITERAL, BIN_LITERAL, HEX_LITERAL, IDENT, INT_LITERAL, FLOAT_LITERAL, DOUBLE_LITERAL, REAL_LITERAL} [@1658,7109:7119='\ifExintVar',<188>,245:14] (termorseq, taclet, rulesOrAxioms, decls, file) 
301307     WARN  Test worker     d.u.i.k.n.KeYParser       [syntax-error] file:/home/runner/work/key/key/key.core/build/resources/main/de/uka/ilkd/key/proof/rules/ifThenElseRules.key:245:27: extraneous input '(' expecting {'\lemma', '}', IDENT, '/*!'} [@1661,7122:7122='(',<146>,245:27] (rulesOrAxioms, decls, file) 
301307     WARN  Test worker     d.u.i.k.n.KeYParser       [syntax-error] file:/home/runner/work/key/key/key.core/build/resources/main/de/uka/ilkd/key/proof/rules/ifThenElseRules.key:245:31: mismatched input ')' expecting {'(', '{'} [@1663,7126:7126=')',<147>,245:31] (taclet, rulesOrAxioms, decls, file) 
301307     WARN  Test worker     d.u.i.k.n.KeYParser       [syntax-error] file:/home/runner/work/key/key/key.core/build/resources/main/de/uka/ilkd/key/proof/rules/ifThenElseRules.key:248:45: mismatched input '}' expecting {'(', '{'} [@1696,7268:7268='}',<149>,248:45] (taclet, rulesOrAxioms, decls, file) 
301307     WARN  Test worker     d.u.i.k.n.KeYParser       [syntax-error] file:/home/runner/work/key/key/key.core/build/resources/main/de/uka/ilkd/key/proof/rules/ifThenElseRules.key:249:8: extraneous input '\replacewith' expecting {'\lemma', '}', IDENT, '/*!'} [@1701,7284:7295='\replacewith',<105>,249:8] (rulesOrAxioms, decls, file) 
301307     WARN  Test worker     d.u.i.k.n.KeYParser       [syntax-error] file:/home/runner/work/key/key/key.core/build/resources/main/de/uka/ilkd/key/proof/rules/ifThenElseRules.key:249:38: mismatched input ')' expecting {'(', '{'} [@1708,7314:7314=')',<147>,249:38] (taclet, rulesOrAxioms, decls, file) 
301308     WARN  Test worker     d.u.i.k.n.KeYParser       [syntax-error] file:/home/runner/work/key/key/key.core/build/resources/main/de/uka/ilkd/key/proof/rules/ifThenElseRules.key:250:42: mismatched input '}' expecting {'(', '{'} [@1731,7381:7381='}',<149>,250:42] (taclet, rulesOrAxioms, decls, file) 
301308     WARN  Test worker     d.u.i.k.n.KeYParser       [syntax-error] file:/home/runner/work/key/key/key.core/build/resources/main/de/uka/ilkd/key/proof/rules/ifThenElseRules.key:251:28: extraneous input '(' expecting {'\lemma', '}', IDENT, '/*!'} [@1741,7416:7416='(',<146>,251:28] (rulesOrAxioms, decls, file) 
301308     WARN  Test worker     d.u.i.k.n.KeYParser       [syntax-error] file:/home/runner/work/key/key/key.core/build/resources/main/de/uka/ilkd/key/proof/rules/ifThenElseRules.key:251:33: mismatched input '->' expecting {'(', '{'} [@1744,7421:7422='->',<158>,251:33] (taclet, rulesOrAxioms, decls, file) 
301308     WARN  Test worker     d.u.i.k.n.KeYParser       [syntax-error] file:/home/runner/work/key/key/key.core/build/resources/main/de/uka/ilkd/key/proof/rules/ifThenElseRules.key:255:14: mismatched input '\ifExintVar' expecting {MODALITY, FORALL, EXISTS, '\if', '\ifEx', 'true', 'false', '(', '{', '@', NOT, SEQARROW, '-', STRING_LITERAL, CHAR_LITERAL, BIN_LITERAL, HEX_LITERAL, IDENT, INT_LITERAL, FLOAT_LITERAL, DOUBLE_LITERAL, REAL_LITERAL} [@1765,7506:7516='\ifExintVar',<188>,255:14] (termorseq, taclet, rulesOrAxioms, decls, file) 
301308     WARN  Test worker     d.u.i.k.n.KeYParser       [syntax-error] file:/home/runner/work/key/key/key.core/build/resources/main/de/uka/ilkd/key/proof/rules/ifThenElseRules.key:255:27: extraneous input '(' expecting {'\lemma', '}', IDENT, '/*!'} [@1768,7519:7519='(',<146>,255:27] (rulesOrAxioms, decls, file) 
301308     WARN  Test worker     d.u.i.k.n.KeYParser       [syntax-error] file:/home/runner/work/key/key/key.core/build/resources/main/de/uka/ilkd/key/proof/rules/ifThenElseRules.key:255:31: mismatched input ')' expecting {'(', '{'} [@1770,7523:7523=')',<147>,255:31] (taclet, rulesOrAxioms, decls, file) 
301308     WARN  Test worker     d.u.i.k.n.KeYParser       [syntax-error] file:/home/runner/work/key/key/key.core/build/resources/main/de/uka/ilkd/key/proof/rules/ifThenElseRules.key:258:52: extraneous input '0' expecting {'\lemma', '}', IDENT, '/*!'} [@1809,7667:7667='0',<184>,258:52] (rulesOrAxioms, decls, file) 
301308     WARN  Test worker     d.u.i.k.n.KeYParser       [syntax-error] file:/home/runner/work/key/key/key.core/build/resources/main/de/uka/ilkd/key/proof/rules/ifThenElseRules.key:258:54: mismatched input 'then' expecting {<EOF>, '\problem', '\chooseContract', '\proofObligation', '\proof'} [@1811,7669:7672='then',<183>,258:54] (file) 
301309     ERROR Test worker     d.u.i.k.s.n.MasterHandlerTest Error reading /home/runner/work/key/key/key.core/build/resources/test/de/uka/ilkd/key/smt/newsmt2/cases/upd1.props de.uka.ilkd.key.proof.io.ProblemLoaderException: line 135:14 mismatched input '\ifExintVar' expecting {MODALITY, FORALL, EXISTS, '\if', '\ifEx', 'true', 'false', '(', '{', '@', NOT, SEQARROW, '-', STRING_LITERAL, CHAR_LITERAL, BIN_LITERAL, HEX_LITERAL, IDENT, INT_LITERAL, FLOAT_LITERAL, DOUBLE_LITERAL, REAL_LITERAL}
line 135:27 extraneous input '(' expecting {'\lemma', '}', IDENT, '/*!'}
line 135:44 mismatched input ')' expecting {'(', '{'}
line 141:14 mismatched input '\ifExintVar' expecting {MODALITY, FORALL, EXISTS, '\if', '\ifEx', 'true', 'false', '(', '{', '@', NOT, SEQARROW, '-', STRING_LITERAL, CHAR_LITERAL, BIN_LITERAL, HEX_LITERAL, IDENT, INT_LITERAL, FLOAT_LITERAL, DOUBLE_LITERAL, REAL_LITERAL}
line 141:27 extraneous input '(' expecting {'\lemma', '}', IDENT, '/*!'}
line 141:41 mismatched input ')' expecting {'(', '{'}
line 148:14 mismatched input '\ifExintVar' expecting {MODALITY, FORALL, EXISTS, '\if', '\ifEx', 'true', 'false', '(', '{', '@', NOT, SEQARROW, '-', STRING_LITERAL, CHAR_LITERAL, BIN_LITERAL, HEX_LITERAL, IDENT, INT_LITERAL, FLOAT_LITERAL, DOUBLE_LITERAL, REAL_LITERAL}
line 148:27 extraneous input '(' expecting {'\lemma', '}', IDENT, '/*!'}
line 148:35 mismatched input '=' expecting {'(', '{'}
line 150:38 mismatched input '}' expecting {'(', '{'}
line 155:14 mismatched input '\ifExintVar' expecting {MODALITY, FORALL, EXISTS, '\if', '\ifEx', 'true', 'false', '(', '{', '@', NOT, SEQARROW, '-', STRING_LITERAL, CHAR_LITERAL, BIN_LITERAL, HEX_LITERAL, IDENT, INT_LITERAL, FLOAT_LITERAL, DOUBLE_LITERAL, REAL_LITERAL}
line 155:27 extraneous input '(' expecting {'\lemma', '}', IDENT, '/*!'}
line 155:35 mismatched input '=' expecting {'(', '{'}
line 157:38 mismatched input '}' expecting {'(', '{'}
line 163:14 mismatched input '\ifExintVar' expecting {MODALITY, FORALL, EXISTS, '\if', '\ifEx', 'true', 'false', '(', '{', '@', NOT, SEQARROW, '-', STRING_LITERAL, CHAR_LITERAL, BIN_LITERAL, HEX_LITERAL, IDENT, INT_LITERAL, FLOAT_LITERAL, DOUBLE_LITERAL, REAL_LITERAL}
line 163:27 extraneous input '(' expecting {'\lemma', '}', IDENT, '/*!'}
line 163:30 mismatched input '=' expecting {'(', '{'}
line 165:38 mismatched input '}' expecting {'(', '{'}
line 171:14 mismatched input '\ifExintVar' expecting {MODALITY, FORALL, EXISTS, '\if', '\ifEx', 'true', 'false', '(', '{', '@', NOT, SEQARROW, '-', STRING_LITERAL, CHAR_LITERAL, BIN_LITERAL, HEX_LITERAL, IDENT, INT_LITERAL, FLOAT_LITERAL, DOUBLE_LITERAL, REAL_LITERAL}
line 171:27 extraneous input '(' expecting {'\lemma', '}', IDENT, '/*!'}
line 171:30 mismatched input '=' expecting {'(', '{'}
line 173:38 mismatched input '}' expecting {'(', '{'}
line 179:14 mismatched input '\ifExintVar' expecting {MODALITY, FORALL, EXISTS, '\if', '\ifEx', 'true', 'false', '(', '{', '@', NOT, SEQARROW, '-', STRING_LITERAL, CHAR_LITERAL, BIN_LITERAL, HEX_LITERAL, IDENT, INT_LITERAL, FLOAT_LITERAL, DOUBLE_LITERAL, REAL_LITERAL}
line 179:27 extraneous input '(' expecting {'\lemma', '}', IDENT, '/*!'}
line 179:32 mismatched input '&' expecting {'(', '{'}
line 181:42 mismatched input '}' expecting {'(', '{'}
line 182:39 mismatched input '}' expecting {'(', '{'}
line 188:14 mismatched input '\ifExintVar' expecting {MODALITY, FORALL, EXISTS, '\if', '\ifEx', 'true', 'false', '(', '{', '@', NOT, SEQARROW, '-', STRING_LITERAL, CHAR_LITERAL, BIN_LITERAL, HEX_LITERAL, IDENT, INT_LITERAL, FLOAT_LITERAL, DOUBLE_LITERAL, REAL_LITERAL}
line 188:27 extraneous input '(' expecting {'\lemma', '}', IDENT, '/*!'}
line 188:32 mismatched input '&' expecting {'(', '{'}
line 190:42 mismatched input '}' expecting {'(', '{'}
line 191:39 mismatched input '}' expecting {'(', '{'}
line 198:14 mismatched input '\ifExintVar' expecting {MODALITY, FORALL, EXISTS, '\if', '\ifEx', 'true', 'false', '(', '{', '@', NOT, SEQARROW, '-', STRING_LITERAL, CHAR_LITERAL, BIN_LITERAL, HEX_LITERAL, IDENT, INT_LITERAL, FLOAT_LITERAL, DOUBLE_LITERAL, REAL_LITERAL}
line 198:27 extraneous input '(' expecting {'\lemma', '}', IDENT, '/*!'}
line 198:32 mismatched input '&' expecting {'(', '{'}
line 200:42 mismatched input '}' expecting {'(', '{'}
line 201:39 mismatched input '}' expecting {'(', '{'}
line 208:14 mismatched input '\ifExintVar' expecting {MODALITY, FORALL, EXISTS, '\if', '\ifEx', 'true', 'false', '(', '{', '@', NOT, SEQARROW, '-', STRING_LITERAL, CHAR_LITERAL, BIN_LITERAL, HEX_LITERAL, IDENT, INT_LITERAL, FLOAT_LITERAL, DOUBLE_LITERAL, REAL_LITERAL}
line 208:27 extraneous input '(' expecting {'\lemma', '}', IDENT, '/*!'}
line 208:32 mismatched input '&' expecting {'(', '{'}
line 210:42 mismatched input '}' expecting {'(', '{'}
line 211:39 mismatched input '}' expecting {'(', '{'}
line 218:14 mismatched input '\ifExintVar' expecting {MODALITY, FORALL, EXISTS, '\if', '\ifEx', 'true', 'false', '(', '{', '@', NOT, SEQARROW, '-', STRING_LITERAL, CHAR_LITERAL, BIN_LITERAL, HEX_LITERAL, IDENT, INT_LITERAL, FLOAT_LITERAL, DOUBLE_LITERAL, REAL_LITERAL}
line 218:27 extraneous input '(' expecting {'\lemma', '}', IDENT, '/*!'}
line 218:31 mismatched input ')' expecting {'(', '{'}
line 220:44 mismatched input ')' expecting {'(', '{'}
line 225:14 mismatched input '\ifExintVar' expecting {MODALITY, FORALL, EXISTS, '\if', '\ifEx', 'true', 'false', '(', '{', '@', NOT, SEQARROW, '-', STRING_LITERAL, CHAR_LITERAL, BIN_LITERAL, HEX_LITERAL, IDENT, INT_LITERAL, FLOAT_LITERAL, DOUBLE_LITERAL, REAL_LITERAL}
line 225:27 extraneous input '(' expecting {'\lemma', '}', IDENT, '/*!'}
line 225:31 mismatched input ')' expecting {'(', '{'}
line 227:44 mismatched input ')' expecting {'(', '{'}
line 233:14 mismatched input '\ifExintVar' expecting {MODALITY, FORALL, EXISTS, '\if', '\ifEx', 'true', 'false', '(', '{', '@', NOT, SEQARROW, '-', STRING_LITERAL, CHAR_LITERAL, BIN_LITERAL, HEX_LITERAL, IDENT, INT_LITERAL, FLOAT_LITERAL, DOUBLE_LITERAL, REAL_LITERAL}
line 233:27 extraneous input '(' expecting {'\lemma', '}', IDENT, '/*!'}
line 233:31 mismatched input ')' expecting {'(', '{'}
line 237:42 mismatched input '}' expecting {'(', '{'}
line 238:34 mismatched input '}' expecting {'(', '{'}
line 239:28 extraneous input '(' expecting {'\lemma', '}', IDENT, '/*!'}
line 239:33 mismatched input '->' expecting {'(', '{'}
line 240:8 extraneous input '\replacewith' expecting {'\lemma', '}', IDENT, '/*!'}
line 240:25 mismatched input ')' expecting {'(', '{'}
line 240:56 mismatched input ')' expecting {'(', '{'}
line 245:14 mismatched input '\ifExintVar' expecting {MODALITY, FORALL, EXISTS, '\if', '\ifEx', 'true', 'false', '(', '{', '@', NOT, SEQARROW, '-', STRING_LITERAL, CHAR_LITERAL, BIN_LITERAL, HEX_LITERAL, IDENT, INT_LITERAL, FLOAT_LITERAL, DOUBLE_LITERAL, REAL_LITERAL}
line 245:27 extraneous input '(' expecting {'\lemma', '}', IDENT, '/*!'}
line 245:31 mismatched input ')' expecting {'(', '{'}
line 248:45 mismatched input '}' expecting {'(', '{'}
line 249:8 extraneous input '\replacewith' expecting {'\lemma', '}', IDENT, '/*!'}
line 249:38 mismatched input ')' expecting {'(', '{'}
line 250:42 mismatched input '}' expecting {'(', '{'}
line 251:28 extraneous input '(' expecting {'\lemma', '}', IDENT, '/*!'}
line 251:33 mismatched input '->' expecting {'(', '{'}
line 255:14 mismatched input '\ifExintVar' expecting {MODALITY, FORALL, EXISTS, '\if', '\ifEx', 'true', 'false', '(', '{', '@', NOT, SEQARROW, '-', STRING_LITERAL, CHAR_LITERAL, BIN_LITERAL, HEX_LITERAL, IDENT, INT_LITERAL, FLOAT_LITERAL, DOUBLE_LITERAL, REAL_LITERAL}
line 255:27 extraneous input '(' expecting {'\lemma', '}', IDENT, '/*!'}
line 255:31 mismatched input ')' expecting {'(', '{'}
line 258:52 extraneous input '0' expecting {'\lemma', '}', IDENT, '/*!'}
line 258:54 mismatched input 'then' expecting {<EOF>, '\problem', '\chooseContract', '\proofObligation', '\proof'}

	at de.uka.ilkd.key.control.AbstractUserInterfaceControl.load(AbstractUserInterfaceControl.java:221)
Caused by: de.uka.ilkd.key.proof.init.ProofInputException: line 135:14 mismatched input '\ifExintVar' expecting {MODALITY, FORALL, EXISTS, '\if', '\ifEx', 'true', 'false', '(', '{', '@', NOT, SEQARROW, '-', STRING_LITERAL, CHAR_LITERAL, BIN_LITERAL, HEX_LITERAL, IDENT, INT_LITERAL, FLOAT_LITERAL, DOUBLE_LITERAL, REAL_LITERAL}
line 135:27 extraneous input '(' expecting {'\lemma', '}', IDENT, '/*!'}
line 135:44 mismatched input ')' expecting {'(', '{'}
line 141:14 mismatched input '\ifExintVar' expecting {MODALITY, FORALL, EXISTS, '\if', '\ifEx', 'true', 'false', '(', '{', '@', NOT, SEQARROW, '-', STRING_LITERAL, CHAR_LITERAL, BIN_LITERAL, HEX_LITERAL, IDENT, INT_LITERAL, FLOAT_LITERAL, DOUBLE_LITERAL, REAL_LITERAL}
line 141:27 extraneous input '(' expecting {'\lemma', '}', IDENT, '/*!'}
line 141:41 mismatched input ')' expecting {'(', '{'}
line 148:14 mismatched input '\ifExintVar' expecting {MODALITY, FORALL, EXISTS, '\if', '\ifEx', 'true', 'false', '(', '{', '@', NOT, SEQARROW, '-', STRING_LITERAL, CHAR_LITERAL, BIN_LITERAL, HEX_LITERAL, IDENT, INT_LITERAL, FLOAT_LITERAL, DOUBLE_LITERAL, REAL_LITERAL}
line 148:27 extraneous input '(' expecting {'\lemma', '}', IDENT, '/*!'}
line 148:35 mismatched input '=' expecting {'(', '{'}
line 150:38 mismatched input '}' expecting {'(', '{'}
line 155:14 mismatched input '\ifExintVar' expecting {MODALITY, FORALL, EXISTS, '\if', '\ifEx', 'true', 'false', '(', '{', '@', NOT, SEQARROW, '-', STRING_LITERAL, CHAR_LITERAL, BIN_LITERAL, HEX_LITERAL, IDENT, INT_LITERAL, FLOAT_LITERAL, DOUBLE_LITERAL, REAL_LITERAL}
line 155:27 extraneous input '(' expecting {'\lemma', '}', IDENT, '/*!'}
line 155:35 mismatched input '=' expecting {'(', '{'}
line 157:38 mismatched input '}' expecting {'(', '{'}
line 163:14 mismatched input '\ifExintVar' expecting {MODALITY, FORALL, EXISTS, '\if', '\ifEx', 'true', 'false', '(', '{', '@', NOT, SEQARROW, '-', STRING_LITERAL, CHAR_LITERAL, BIN_LITERAL, HEX_LITERAL, IDENT, INT_LITERAL, FLOAT_LITERAL, DOUBLE_LITERAL, REAL_LITERAL}
line 163:27 extraneous input '(' expecting {'\lemma', '}', IDENT, '/*!'}
line 163:30 mismatched input '=' expecting {'(', '{'}
line 165:38 mismatched input '}' expecting {'(', '{'}
line 171:14 mismatched input '\ifExintVar' expecting {MODALITY, FORALL, EXISTS, '\if', '\ifEx', 'true', 'false', '(', '{', '@', NOT, SEQARROW, '-', STRING_LITERAL, CHAR_LITERAL, BIN_LITERAL, HEX_LITERAL, IDENT, INT_LITERAL, FLOAT_LITERAL, DOUBLE_LITERAL, REAL_LITERAL}
line 171:27 extraneous input '(' expecting {'\lemma', '}', IDENT, '/*!'}
line 171:30 mismatched input '=' expecting {'(', '{'}
line 173:38 mismatched input '}' expecting {'(', '{'}
line 179:14 mismatched input '\ifExintVar' expecting {MODALITY, FORALL, EXISTS, '\if', '\ifEx', 'true', 'false', '(', '{', '@', NOT, SEQARROW, '-', STRING_LITERAL, CHAR_LITERAL, BIN_LITERAL, HEX_LITERAL, IDENT, INT_LITERAL, FLOAT_LITERAL, DOUBLE_LITERAL, REAL_LITERAL}
line 179:27 extraneous input '(' expecting {'\lemma', '}', IDENT, '/*!'}
line 179:32 mismatched input '&' expecting {'(', '{'}
line 181:42 mismatched input '}' expecting {'(', '{'}
line 182:39 mismatched input '}' expecting {'(', '{'}
line 188:14 mismatched input '\ifExintVar' expecting {MODALITY, FORALL, EXISTS, '\if', '\ifEx', 'true', 'false', '(', '{', '@', NOT, SEQARROW, '-', STRING_LITERAL, CHAR_LITERAL, BIN_LITERAL, HEX_LITERAL, IDENT, INT_LITERAL, FLOAT_LITERAL, DOUBLE_LITERAL, REAL_LITERAL}
line 188:27 extraneous input '(' expecting {'\lemma', '}', IDENT, '/*!'}
line 188:32 mismatched input '&' expecting {'(', '{'}
line 190:42 mismatched input '}' expecting {'(', '{'}
line 191:39 mismatched input '}' expecting {'(', '{'}
line 198:14 mismatched input '\ifExintVar' expecting {MODALITY, FORALL, EXISTS, '\if', '\ifEx', 'true', 'false', '(', '{', '@', NOT, SEQARROW, '-', STRING_LITERAL, CHAR_LITERAL, BIN_LITERAL, HEX_LITERAL, IDENT, INT_LITERAL, FLOAT_LITERAL, DOUBLE_LITERAL, REAL_LITERAL}
line 198:27 extraneous input '(' expecting {'\lemma', '}', IDENT, '/*!'}
line 198:32 mismatched input '&' expecting {'(', '{'}
line 200:42 mismatched input '}' expecting {'(', '{'}
line 201:39 mismatched input '}' expecting {'(', '{'}
line 208:14 mismatched input '\ifExintVar' expecting {MODALITY, FORALL, EXISTS, '\if', '\ifEx', 'true', 'false', '(', '{', '@', NOT, SEQARROW, '-', STRING_LITERAL, CHAR_LITERAL, BIN_LITERAL, HEX_LITERAL, IDENT, INT_LITERAL, FLOAT_LITERAL, DOUBLE_LITERAL, REAL_LITERAL}
line 208:27 extraneous input '(' expecting {'\lemma', '}', IDENT, '/*!'}
line 208:32 mismatched input '&' expecting {'(', '{'}
line 210:42 mismatched input '}' expecting {'(', '{'}
line 211:39 mismatched input '}' expecting {'(', '{'}
line 218:14 mismatched input '\ifExintVar' expecting {MODALITY, FORALL, EXISTS, '\if', '\ifEx', 'true', 'false', '(', '{', '@', NOT, SEQARROW, '-', STRING_LITERAL, CHAR_LITERAL, BIN_LITERAL, HEX_LITERAL, IDENT, INT_LITERAL, FLOAT_LITERAL, DOUBLE_LITERAL, REAL_LITERAL}
line 218:27 extraneous input '(' expecting {'\lemma', '}', IDENT, '/*!'}
line 218:31 mismatched input ')' expecting {'(', '{'}
line 220:44 mismatched input ')' expecting {'(', '{'}
line 225:14 mismatched input '\ifExintVar' expecting {MODALITY, FORALL, EXISTS, '\if', '\ifEx', 'true', 'false', '(', '{', '@', NOT, SEQARROW, '-', STRING_LITERAL, CHAR_LITERAL, BIN_LITERAL, HEX_LITERAL, IDENT, INT_LITERAL, FLOAT_LITERAL, DOUBLE_LITERAL, REAL_LITERAL}
line 225:27 extraneous input '(' expecting {'\lemma', '}', IDENT, '/*!'}
line 225:31 mismatched input ')' expecting {'(', '{'}
line 227:44 mismatched input ')' expecting {'(', '{'}
line 233:14 mismatched input '\ifExintVar' expecting {MODALITY, FORALL, EXISTS, '\if', '\ifEx', 'true', 'false', '(', '{', '@', NOT, SEQARROW, '-', STRING_LITERAL, CHAR_LITERAL, BIN_LITERAL, HEX_LITERAL, IDENT, INT_LITERAL, FLOAT_LITERAL, DOUBLE_LITERAL, REAL_LITERAL}
line 233:27 extraneous input '(' expecting {'\lemma', '}', IDENT, '/*!'}
line 233:31 mismatched input ')' expecting {'(', '{'}
line 237:42 mismatched input '}' expecting {'(', '{'}
line 238:34 mismatched input '}' expecting {'(', '{'}
line 239:28 extraneous input '(' expecting {'\lemma', '}', IDENT, '/*!'}
line 239:33 mismatched input '->' expecting {'(', '{'}
line 240:8 extraneous input '\replacewith' expecting {'\lemma', '}', IDENT, '/*!'}
line 240:25 mismatched input ')' expecting {'(', '{'}
line 240:56 mismatched input ')' expecting {'(', '{'}
line 245:14 mismatched input '\ifExintVar' expecting {MODALITY, FORALL, EXISTS, '\if', '\ifEx', 'true', 'false', '(', '{', '@', NOT, SEQARROW, '-', STRING_LITERAL, CHAR_LITERAL, BIN_LITERAL, HEX_LITERAL, IDENT, INT_LITERAL, FLOAT_LITERAL, DOUBLE_LITERAL, REAL_LITERAL}
line 245:27 extraneous input '(' expecting {'\lemma', '}', IDENT, '/*!'}
line 245:31 mismatched input ')' expecting {'(', '{'}
line 248:45 mismatched input '}' expecting {'(', '{'}
line 249:8 extraneous input '\replacewith' expecting {'\lemma', '}', IDENT, '/*!'}
line 249:38 mismatched input ')' expecting {'(', '{'}
line 250:42 mismatched input '}' expecting {'(', '{'}
line 251:28 extraneous input '(' expecting {'\lemma', '}', IDENT, '/*!'}
line 251:33 mismatched input '->' expecting {'(', '{'}
line 255:14 mismatched input '\ifExintVar' expecting {MODALITY, FORALL, EXISTS, '\if', '\ifEx', 'true', 'false', '(', '{', '@', NOT, SEQARROW, '-', STRING_LITERAL, CHAR_LITERAL, BIN_LITERAL, HEX_LITERAL, IDENT, INT_LITERAL, FLOAT_LITERAL, DOUBLE_LITERAL, REAL_LITERAL}
line 255:27 extraneous input '(' expecting {'\lemma', '}', IDENT, '/*!'}
line 255:31 mismatched input ')' expecting {'(', '{'}
line 258:52 extraneous input '0' expecting {'\lemma', '}', IDENT, '/*!'}
line 258:54 mismatched input 'then' expecting {<EOF>, '\problem', '\chooseContract', '\proofObligation', '\proof'}

	at de.uka.ilkd.key.proof.io.KeYFile.readIncludes(KeYFile.java:210)
Caused by: de.uka.ilkd.key.util.parsing.SyntaxErrorReporter$ParserException: line 135:14 mismatched input '\ifExintVar' expecting {MODALITY, FORALL, EXISTS, '\if', '\ifEx', 'true', 'false', '(', '{', '@', NOT, SEQARROW, '-', STRING_LITERAL, CHAR_LITERAL, BIN_LITERAL, HEX_LITERAL, IDENT, INT_LITERAL, FLOAT_LITERAL, DOUBLE_LITERAL, REAL_LITERAL}
line 135:27 extraneous input '(' expecting {'\lemma', '}', IDENT, '/*!'}
line 135:44 mismatched input ')' expecting {'(', '{'}
line 141:14 mismatched input '\ifExintVar' expecting {MODALITY, FORALL, EXISTS, '\if', '\ifEx', 'true', 'false', '(', '{', '@', NOT, SEQARROW, '-', STRING_LITERAL, CHAR_LITERAL, BIN_LITERAL, HEX_LITERAL, IDENT, INT_LITERAL, FLOAT_LITERAL, DOUBLE_LITERAL, REAL_LITERAL}
line 141:27 extraneous input '(' expecting {'\lemma', '}', IDENT, '/*!'}
line 141:41 mismatched input ')' expecting {'(', '{'}
line 148:14 mismatched input '\ifExintVar' expecting {MODALITY, FORALL, EXISTS, '\if', '\ifEx', 'true', 'false', '(', '{', '@', NOT, SEQARROW, '-', STRING_LITERAL, CHAR_LITERAL, BIN_LITERAL, HEX_LITERAL, IDENT, INT_LITERAL, FLOAT_LITERAL, DOUBLE_LITERAL, REAL_LITERAL}
line 148:27 extraneous input '(' expecting {'\lemma', '}', IDENT, '/*!'}
line 148:35 mismatched input '=' expecting {'(', '{'}
line 150:38 mismatched input '}' expecting {'(', '{'}
line 155:14 mismatched input '\ifExintVar' expecting {MODALITY, FORALL, EXISTS, '\if', '\ifEx', 'true', 'false', '(', '{', '@', NOT, SEQARROW, '-', STRING_LITERAL, CHAR_LITERAL, BIN_LITERAL, HEX_LITERAL, IDENT, INT_LITERAL, FLOAT_LITERAL, DOUBLE_LITERAL, REAL_LITERAL}
line 155:27 extraneous input '(' expecting {'\lemma', '}', IDENT, '/*!'}
line 155:35 mismatched input '=' expecting {'(', '{'}
line 157:38 mismatched input '}' expecting {'(', '{'}
line 163:14 mismatched input '\ifExintVar' expecting {MODALITY, FORALL, EXISTS, '\if', '\ifEx', 'true', 'false', '(', '{', '@', NOT, SEQARROW, '-', STRING_LITERAL, CHAR_LITERAL, BIN_LITERAL, HEX_LITERAL, IDENT, INT_LITERAL, FLOAT_LITERAL, DOUBLE_LITERAL, REAL_LITERAL}
line 163:27 extraneous input '(' expecting {'\lemma', '}', IDENT, '/*!'}
line 163:30 mismatched input '=' expecting {'(', '{'}
line 165:38 mismatched input '}' expecting {'(', '{'}
line 171:14 mismatched input '\ifExintVar' expecting {MODALITY, FORALL, EXISTS, '\if', '\ifEx', 'true', 'false', '(', '{', '@', NOT, SEQARROW, '-', STRING_LITERAL, CHAR_LITERAL, BIN_LITERAL, HEX_LITERAL, IDENT, INT_LITERAL, FLOAT_LITERAL, DOUBLE_LITERAL, REAL_LITERAL}
line 171:27 extraneous input '(' expecting {'\lemma', '}', IDENT, '/*!'}
line 171:30 mismatched input '=' expecting {'(', '{'}
line 173:38 mismatched input '}' expecting {'(', '{'}
line 179:14 mismatched input '\ifExintVar' expecting {MODALITY, FORALL, EXISTS, '\if', '\ifEx', 'true', 'false', '(', '{', '@', NOT, SEQARROW, '-', STRING_LITERAL, CHAR_LITERAL, BIN_LITERAL, HEX_LITERAL, IDENT, INT_LITERAL, FLOAT_LITERAL, DOUBLE_LITERAL, REAL_LITERAL}
line 179:27 extraneous input '(' expecting {'\lemma', '}', IDENT, '/*!'}
line 179:32 mismatched input '&' expecting {'(', '{'}
line 181:42 mismatched input '}' expecting {'(', '{'}
line 182:39 mismatched input '}' expecting {'(', '{'}
line 188:14 mismatched input '\ifExintVar' expecting {MODALITY, FORALL, EXISTS, '\if', '\ifEx', 'true', 'false', '(', '{', '@', NOT, SEQARROW, '-', STRING_LITERAL, CHAR_LITERAL, BIN_LITERAL, HEX_LITERAL, IDENT, INT_LITERAL, FLOAT_LITERAL, DOUBLE_LITERAL, REAL_LITERAL}
line 188:27 extraneous input '(' expecting {'\lemma', '}', IDENT, '/*!'}
line 188:32 mismatched input '&' expecting {'(', '{'}
line 190:42 mismatched input '}' expecting {'(', '{'}
line 191:39 mismatched input '}' expecting {'(', '{'}
line 198:14 mismatched input '\ifExintVar' expecting {MODALITY, FORALL, EXISTS, '\if', '\ifEx', 'true', 'false', '(', '{', '@', NOT, SEQARROW, '-', STRING_LITERAL, CHAR_LITERAL, BIN_LITERAL, HEX_LITERAL, IDENT, INT_LITERAL, FLOAT_LITERAL, DOUBLE_LITERAL, REAL_LITERAL}
line 198:27 extraneous input '(' expecting {'\lemma', '}', IDENT, '/*!'}
line 198:32 mismatched input '&' expecting {'(', '{'}
line 200:42 mismatched input '}' expecting {'(', '{'}
line 201:39 mismatched input '}' expecting {'(', '{'}
line 208:14 mismatched input '\ifExintVar' expecting {MODALITY, FORALL, EXISTS, '\if', '\ifEx', 'true', 'false', '(', '{', '@', NOT, SEQARROW, '-', STRING_LITERAL, CHAR_LITERAL, BIN_LITERAL, HEX_LITERAL, IDENT, INT_LITERAL, FLOAT_LITERAL, DOUBLE_LITERAL, REAL_LITERAL}
line 208:27 extraneous input '(' expecting {'\lemma', '}', IDENT, '/*!'}
line 208:32 mismatched input '&' expecting {'(', '{'}
line 210:42 mismatched input '}' expecting {'(', '{'}
line 211:39 mismatched input '}' expecting {'(', '{'}
line 218:14 mismatched input '\ifExintVar' expecting {MODALITY, FORALL, EXISTS, '\if', '\ifEx', 'true', 'false', '(', '{', '@', NOT, SEQARROW, '-', STRING_LITERAL, CHAR_LITERAL, BIN_LITERAL, HEX_LITERAL, IDENT, INT_LITERAL, FLOAT_LITERAL, DOUBLE_LITERAL, REAL_LITERAL}
line 218:27 extraneous input '(' expecting {'\lemma', '}', IDENT, '/*!'}
line 218:31 mismatched input ')' expecting {'(', '{'}
line 220:44 mismatched input ')' expecting {'(', '{'}
line 225:14 mismatched input '\ifExintVar' expecting {MODALITY, FORALL, EXISTS, '\if', '\ifEx', 'true', 'false', '(', '{', '@', NOT, SEQARROW, '-', STRING_LITERAL, CHAR_LITERAL, BIN_LITERAL, HEX_LITERAL, IDENT, INT_LITERAL, FLOAT_LITERAL, DOUBLE_LITERAL, REAL_LITERAL}
line 225:27 extraneous input '(' expecting {'\lemma', '}', IDENT, '/*!'}
line 225:31 mismatched input ')' expecting {'(', '{'}
line 227:44 mismatched input ')' expecting {'(', '{'}
line 233:14 mismatched input '\ifExintVar' expecting {MODALITY, FORALL, EXISTS, '\if', '\ifEx', 'true', 'false', '(', '{', '@', NOT, SEQARROW, '-', STRING_LITERAL, CHAR_LITERAL, BIN_LITERAL, HEX_LITERAL, IDENT, INT_LITERAL, FLOAT_LITERAL, DOUBLE_LITERAL, REAL_LITERAL}
line 233:27 extraneous input '(' expecting {'\lemma', '}', IDENT, '/*!'}
line 233:31 mismatched input ')' expecting {'(', '{'}
line 237:42 mismatched input '}' expecting {'(', '{'}
line 238:34 mismatched input '}' expecting {'(', '{'}
line 239:28 extraneous input '(' expecting {'\lemma', '}', IDENT, '/*!'}
line 239:33 mismatched input '->' expecting {'(', '{'}
line 240:8 extraneous input '\replacewith' expecting {'\lemma', '}', IDENT, '/*!'}
line 240:25 mismatched input ')' expecting {'(', '{'}
line 240:56 mismatched input ')' expecting {'(', '{'}
line 245:14 mismatched input '\ifExintVar' expecting {MODALITY, FORALL, EXISTS, '\if', '\ifEx', 'true', 'false', '(', '{', '@', NOT, SEQARROW, '-', STRING_LITERAL, CHAR_LITERAL, BIN_LITERAL, HEX_LITERAL, IDENT, INT_LITERAL, FLOAT_LITERAL, DOUBLE_LITERAL, REAL_LITERAL}
line 245:27 extraneous input '(' expecting {'\lemma', '}', IDENT, '/*!'}
line 245:31 mismatched input ')' expecting {'(', '{'}
line 248:45 mismatched input '}' expecting {'(', '{'}
line 249:8 extraneous input '\replacewith' expecting {'\lemma', '}', IDENT, '/*!'}
line 249:38 mismatched input ')' expecting {'(', '{'}
line 250:42 mismatched input '}' expecting {'(', '{'}
line 251:28 extraneous input '(' expecting {'\lemma', '}', IDENT, '/*!'}
line 251:33 mismatched input '->' expecting {'(', '{'}
line 255:14 mismatched input '\ifExintVar' expecting {MODALITY, FORALL, EXISTS, '\if', '\ifEx', 'true', 'false', '(', '{', '@', NOT, SEQARROW, '-', STRING_LITERAL, CHAR_LITERAL, BIN_LITERAL, HEX_LITERAL, IDENT, INT_LITERAL, FLOAT_LITERAL, DOUBLE_LITERAL, REAL_LITERAL}
line 255:27 extraneous input '(' expecting {'\lemma', '}', IDENT, '/*!'}
line 255:31 mismatched input ')' expecting {'(', '{'}
line 258:52 extraneous input '0' expecting {'\lemma', '}', IDENT, '/*!'}
line 258:54 mismatched input 'then' expecting {<EOF>, '\problem', '\chooseContract', '\proofObligation', '\proof'}

	at de.uka.ilkd.key.util.parsing.SyntaxErrorReporter.throwException(SyntaxErrorReporter.java:89)

301362     WARN  Test worker     d.u.i.k.n.KeYParser       [syntax-error] file:/home/runner/work/key/key/key.core/build/resources/main/de/uka/ilkd/key/proof/rules/ifThenElseRules.key:135:14: mismatched input '\ifExintVar' expecting {MODALITY, FORALL, EXISTS, '\if', '\ifEx', 'true', 'false', '(', '{', '@', NOT, SEQARROW, '-', STRING_LITERAL, CHAR_LITERAL, BIN_LITERAL, HEX_LITERAL, IDENT, INT_LITERAL, FLOAT_LITERAL, DOUBLE_LITERAL, REAL_LITERAL} [@745,3563:3573='\ifExintVar',<188>,135:14] (termorseq, taclet, rulesOrAxioms, decls, file) 
301363     WARN  Test worker     d.u.i.k.n.KeYParser       [syntax-error] file:/home/runner/work/key/key/key.core/build/resources/main/de/uka/ilkd/key/proof/rules/ifThenElseRules.key:135:27: extraneous input '(' expecting {'\lemma', '}', IDENT, '/*!'} [@748,3576:3576='(',<146>,135:27] (rulesOrAxioms, decls, file) 
301363     WARN  Test worker     d.u.i.k.n.KeYParser       [syntax-error] file:/home/runner/work/key/key/key.core/build/resources/main/de/uka/ilkd/key/proof/rules/ifThenElseRules.key:135:44: mismatched input ')' expecting {'(', '{'} [@754,3593:3593=')',<147>,135:44] (taclet, rulesOrAxioms, decls, file) 
301363     WARN  Test worker     d.u.i.k.n.KeYParser       [syntax-error] file:/home/runner/work/key/key/key.core/build/resources/main/de/uka/ilkd/key/proof/rules/ifThenElseRules.key:141:14: mismatched input '\ifExintVar' expecting {MODALITY, FORALL, EXISTS, '\if', '\ifEx', 'true', 'false', '(', '{', '@', NOT, SEQARROW, '-', STRING_LITERAL, CHAR_LITERAL, BIN_LITERAL, HEX_LITERAL, IDENT, INT_LITERAL, FLOAT_LITERAL, DOUBLE_LITERAL, REAL_LITERAL} [@780,3716:3726='\ifExintVar',<188>,141:14] (termorseq, taclet, rulesOrAxioms, decls, file) 
301363     WARN  Test worker     d.u.i.k.n.KeYParser       [syntax-error] file:/home/runner/work/key/key/key.core/build/resources/main/de/uka/ilkd/key/proof/rules/ifThenElseRules.key:141:27: extraneous input '(' expecting {'\lemma', '}', IDENT, '/*!'} [@783,3729:3729='(',<146>,141:27] (rulesOrAxioms, decls, file) 
301363     WARN  Test worker     d.u.i.k.n.KeYParser       [syntax-error] file:/home/runner/work/key/key/key.core/build/resources/main/de/uka/ilkd/key/proof/rules/ifThenElseRules.key:141:41: mismatched input ')' expecting {'(', '{'} [@789,3743:3743=')',<147>,141:41] (taclet, rulesOrAxioms, decls, file) 
301363     WARN  Test worker     d.u.i.k.n.KeYParser       [syntax-error] file:/home/runner/work/key/key/key.core/build/resources/main/de/uka/ilkd/key/proof/rules/ifThenElseRules.key:148:14: mismatched input '\ifExintVar' expecting {MODALITY, FORALL, EXISTS, '\if', '\ifEx', 'true', 'false', '(', '{', '@', NOT, SEQARROW, '-', STRING_LITERAL, CHAR_LITERAL, BIN_LITERAL, HEX_LITERAL, IDENT, INT_LITERAL, FLOAT_LITERAL, DOUBLE_LITERAL, REAL_LITERAL} [@819,3896:3906='\ifExintVar',<188>,148:14] (termorseq, taclet, rulesOrAxioms, decls, file) 
301364     WARN  Test worker     d.u.i.k.n.KeYParser       [syntax-error] file:/home/runner/work/key/key/key.core/build/resources/main/de/uka/ilkd/key/proof/rules/ifThenElseRules.key:148:27: extraneous input '(' expecting {'\lemma', '}', IDENT, '/*!'} [@822,3909:3909='(',<146>,148:27] (rulesOrAxioms, decls, file) 
301364     WARN  Test worker     d.u.i.k.n.KeYParser       [syntax-error] file:/home/runner/work/key/key/key.core/build/resources/main/de/uka/ilkd/key/proof/rules/ifThenElseRules.key:148:35: mismatched input '=' expecting {'(', '{'} [@825,3917:3917='=',<159>,148:35] (taclet, rulesOrAxioms, decls, file) 
301364     WARN  Test worker     d.u.i.k.n.KeYParser       [syntax-error] file:/home/runner/work/key/key/key.core/build/resources/main/de/uka/ilkd/key/proof/rules/ifThenElseRules.key:150:38: mismatched input '}' expecting {'(', '{'} [@859,4023:4023='}',<149>,150:38] (taclet, rulesOrAxioms, decls, file) 
301364     WARN  Test worker     d.u.i.k.n.KeYParser       [syntax-error] file:/home/runner/work/key/key/key.core/build/resources/main/de/uka/ilkd/key/proof/rules/ifThenElseRules.key:155:14: mismatched input '\ifExintVar' expecting {MODALITY, FORALL, EXISTS, '\if', '\ifEx', 'true', 'false', '(', '{', '@', NOT, SEQARROW, '-', STRING_LITERAL, CHAR_LITERAL, BIN_LITERAL, HEX_LITERAL, IDENT, INT_LITERAL, FLOAT_LITERAL, DOUBLE_LITERAL, REAL_LITERAL} [@877,4109:4119='\ifExintVar',<188>,155:14] (termorseq, taclet, rulesOrAxioms, decls, file) 
301364     WARN  Test worker     d.u.i.k.n.KeYParser       [syntax-error] file:/home/runner/work/key/key/key.core/build/resources/main/de/uka/ilkd/key/proof/rules/ifThenElseRules.key:155:27: extraneous input '(' expecting {'\lemma', '}', IDENT, '/*!'} [@880,4122:4122='(',<146>,155:27] (rulesOrAxioms, decls, file) 
301364     WARN  Test worker     d.u.i.k.n.KeYParser       [syntax-error] file:/home/runner/work/key/key/key.core/build/resources/main/de/uka/ilkd/key/proof/rules/ifThenElseRules.key:155:35: mismatched input '=' expecting {'(', '{'} [@883,4130:4130='=',<159>,155:35] (taclet, rulesOrAxioms, decls, file) 
301364     WARN  Test worker     d.u.i.k.n.KeYParser       [syntax-error] file:/home/runner/work/key/key/key.core/build/resources/main/de/uka/ilkd/key/proof/rules/ifThenElseRules.key:157:38: mismatched input '}' expecting {'(', '{'} [@917,4230:4230='}',<149>,157:38] (taclet, rulesOrAxioms, decls, file) 
301365     WARN  Test worker     d.u.i.k.n.KeYParser       [syntax-error] file:/home/runner/work/key/key/key.core/build/resources/main/de/uka/ilkd/key/proof/rules/ifThenElseRules.key:163:14: mismatched input '\ifExintVar' expecting {MODALITY, FORALL, EXISTS, '\if', '\ifEx', 'true', 'false', '(', '{', '@', NOT, SEQARROW, '-', STRING_LITERAL, CHAR_LITERAL, BIN_LITERAL, HEX_LITERAL, IDENT, INT_LITERAL, FLOAT_LITERAL, DOUBLE_LITERAL, REAL_LITERAL} [@939,4350:4360='\ifExintVar',<188>,163:14] (termorseq, taclet, rulesOrAxioms, decls, file) 
301365     WARN  Test worker     d.u.i.k.n.KeYParser       [syntax-error] file:/home/runner/work/key/key/key.core/build/resources/main/de/uka/ilkd/key/proof/rules/ifThenElseRules.key:163:27: extraneous input '(' expecting {'\lemma', '}', IDENT, '/*!'} [@942,4363:4363='(',<146>,163:27] (rulesOrAxioms, decls, file) 
301365     WARN  Test worker     d.u.i.k.n.KeYParser       [syntax-error] file:/home/runner/work/key/key/key.core/build/resources/main/de/uka/ilkd/key/proof/rules/ifThenElseRules.key:163:30: mismatched input '=' expecting {'(', '{'} [@945,4366:4366='=',<159>,163:30] (taclet, rulesOrAxioms, decls, file) 
301365     WARN  Test worker     d.u.i.k.n.KeYParser       [syntax-error] file:/home/runner/work/key/key/key.core/build/resources/main/de/uka/ilkd/key/proof/rules/ifThenElseRules.key:165:38: mismatched input '}' expecting {'(', '{'} [@979,4477:4477='}',<149>,165:38] (taclet, rulesOrAxioms, decls, file) 
301365     WARN  Test worker     d.u.i.k.n.KeYParser       [syntax-error] file:/home/runner/work/key/key/key.core/build/resources/main/de/uka/ilkd/key/proof/rules/ifThenElseRules.key:171:14: mismatched input '\ifExintVar' expecting {MODALITY, FORALL, EXISTS, '\if', '\ifEx', 'true', 'false', '(', '{', '@', NOT, SEQARROW, '-', STRING_LITERAL, CHAR_LITERAL, BIN_LITERAL, HEX_LITERAL, IDENT, INT_LITERAL, FLOAT_LITERAL, DOUBLE_LITERAL, REAL_LITERAL} [@1001,4604:4614='\ifExintVar',<188>,171:14] (termorseq, taclet, rulesOrAxioms, decls, file) 
301365     WARN  Test worker     d.u.i.k.n.KeYParser       [syntax-error] file:/home/runner/work/key/key/key.core/build/resources/main/de/uka/ilkd/key/proof/rules/ifThenElseRules.key:171:27: extraneous input '(' expecting {'\lemma', '}', IDENT, '/*!'} [@1004,4617:4617='(',<146>,171:27] (rulesOrAxioms, decls, file) 
301365     WARN  Test worker     d.u.i.k.n.KeYParser       [syntax-error] file:/home/runner/work/key/key/key.core/build/resources/main/de/uka/ilkd/key/proof/rules/ifThenElseRules.key:171:30: mismatched input '=' expecting {'(', '{'} [@1007,4620:4620='=',<159>,171:30] (taclet, rulesOrAxioms, decls, file) 
301365     WARN  Test worker     d.u.i.k.n.KeYParser       [syntax-error] file:/home/runner/work/key/key/key.core/build/resources/main/de/uka/ilkd/key/proof/rules/ifThenElseRules.key:173:38: mismatched input '}' expecting {'(', '{'} [@1041,4725:4725='}',<149>,173:38] (taclet, rulesOrAxioms, decls, file) 
301366     WARN  Test worker     d.u.i.k.n.KeYParser       [syntax-error] file:/home/runner/work/key/key/key.core/build/resources/main/de/uka/ilkd/key/proof/rules/ifThenElseRules.key:179:14: mismatched input '\ifExintVar' expecting {MODALITY, FORALL, EXISTS, '\if', '\ifEx', 'true', 'false', '(', '{', '@', NOT, SEQARROW, '-', STRING_LITERAL, CHAR_LITERAL, BIN_LITERAL, HEX_LITERAL, IDENT, INT_LITERAL, FLOAT_LITERAL, DOUBLE_LITERAL, REAL_LITERAL} [@1063,4848:4858='\ifExintVar',<188>,179:14] (termorseq, taclet, rulesOrAxioms, decls, file) 
301366     WARN  Test worker     d.u.i.k.n.KeYParser       [syntax-error] file:/home/runner/work/key/key/key.core/build/resources/main/de/uka/ilkd/key/proof/rules/ifThenElseRules.key:179:27: extraneous input '(' expecting {'\lemma', '}', IDENT, '/*!'} [@1066,4861:4861='(',<146>,179:27] (rulesOrAxioms, decls, file) 
301366     WARN  Test worker     d.u.i.k.n.KeYParser       [syntax-error] file:/home/runner/work/key/key/key.core/build/resources/main/de/uka/ilkd/key/proof/rules/ifThenElseRules.key:179:32: mismatched input '&' expecting {'(', '{'} [@1069,4866:4866='&',<156>,179:32] (taclet, rulesOrAxioms, decls, file) 
301366     WARN  Test worker     d.u.i.k.n.KeYParser       [syntax-error] file:/home/runner/work/key/key/key.core/build/resources/main/de/uka/ilkd/key/proof/rules/ifThenElseRules.key:181:42: mismatched input '}' expecting {'(', '{'} [@1109,4985:4985='}',<149>,181:42] (taclet, rulesOrAxioms, decls, file) 
301366     WARN  Test worker     d.u.i.k.n.KeYParser       [syntax-error] file:/home/runner/work/key/key/key.core/build/resources/main/de/uka/ilkd/key/proof/rules/ifThenElseRules.key:182:39: mismatched input '}' expecting {'(', '{'} [@1122,5030:5030='}',<149>,182:39] (taclet, rulesOrAxioms, decls, file) 
301366     WARN  Test worker     d.u.i.k.n.KeYParser       [syntax-error] file:/home/runner/work/key/key/key.core/build/resources/main/de/uka/ilkd/key/proof/rules/ifThenElseRules.key:188:14: mismatched input '\ifExintVar' expecting {MODALITY, FORALL, EXISTS, '\if', '\ifEx', 'true', 'false', '(', '{', '@', NOT, SEQARROW, '-', STRING_LITERAL, CHAR_LITERAL, BIN_LITERAL, HEX_LITERAL, IDENT, INT_LITERAL, FLOAT_LITERAL, DOUBLE_LITERAL, REAL_LITERAL} [@1146,5149:5159='\ifExintVar',<188>,188:14] (termorseq, taclet, rulesOrAxioms, decls, file) 
301366     WARN  Test worker     d.u.i.k.n.KeYParser       [syntax-error] file:/home/runner/work/key/key/key.core/build/resources/main/de/uka/ilkd/key/proof/rules/ifThenElseRules.key:188:27: extraneous input '(' expecting {'\lemma', '}', IDENT, '/*!'} [@1149,5162:5162='(',<146>,188:27] (rulesOrAxioms, decls, file) 
301367     WARN  Test worker     d.u.i.k.n.KeYParser       [syntax-error] file:/home/runner/work/key/key/key.core/build/resources/main/de/uka/ilkd/key/proof/rules/ifThenElseRules.key:188:32: mismatched input '&' expecting {'(', '{'} [@1152,5167:5167='&',<156>,188:32] (taclet, rulesOrAxioms, decls, file) 
301367     WARN  Test worker     d.u.i.k.n.KeYParser       [syntax-error] file:/home/runner/work/key/key/key.core/build/resources/main/de/uka/ilkd/key/proof/rules/ifThenElseRules.key:190:42: mismatched input '}' expecting {'(', '{'} [@1192,5280:5280='}',<149>,190:42] (taclet, rulesOrAxioms, decls, file) 
301367     WARN  Test worker     d.u.i.k.n.KeYParser       [syntax-error] file:/home/runner/work/key/key/key.core/build/resources/main/de/uka/ilkd/key/proof/rules/ifThenElseRules.key:191:39: mismatched input '}' expecting {'(', '{'} [@1205,5325:5325='}',<149>,191:39] (taclet, rulesOrAxioms, decls, file) 
301367     WARN  Test worker     d.u.i.k.n.KeYParser       [syntax-error] file:/home/runner/work/key/key/key.core/build/resources/main/de/uka/ilkd/key/proof/rules/ifThenElseRules.key:198:14: mismatched input '\ifExintVar' expecting {MODALITY, FORALL, EXISTS, '\if', '\ifEx', 'true', 'false', '(', '{', '@', NOT, SEQARROW, '-', STRING_LITERAL, CHAR_LITERAL, BIN_LITERAL, HEX_LITERAL, IDENT, INT_LITERAL, FLOAT_LITERAL, DOUBLE_LITERAL, REAL_LITERAL} [@1233,5475:5485='\ifExintVar',<188>,198:14] (termorseq, taclet, rulesOrAxioms, decls, file) 
301367     WARN  Test worker     d.u.i.k.n.KeYParser       [syntax-error] file:/home/runner/work/key/key/key.core/build/resources/main/de/uka/ilkd/key/proof/rules/ifThenElseRules.key:198:27: extraneous input '(' expecting {'\lemma', '}', IDENT, '/*!'} [@1236,5488:5488='(',<146>,198:27] (rulesOrAxioms, decls, file) 
301367     WARN  Test worker     d.u.i.k.n.KeYParser       [syntax-error] file:/home/runner/work/key/key/key.core/build/resources/main/de/uka/ilkd/key/proof/rules/ifThenElseRules.key:198:32: mismatched input '&' expecting {'(', '{'} [@1239,5493:5493='&',<156>,198:32] (taclet, rulesOrAxioms, decls, file) 
301367     WARN  Test worker     d.u.i.k.n.KeYParser       [syntax-error] file:/home/runner/work/key/key/key.core/build/resources/main/de/uka/ilkd/key/proof/rules/ifThenElseRules.key:200:42: mismatched input '}' expecting {'(', '{'} [@1279,5612:5612='}',<149>,200:42] (taclet, rulesOrAxioms, decls, file) 
301367     WARN  Test worker     d.u.i.k.n.KeYParser       [syntax-error] file:/home/runner/work/key/key/key.core/build/resources/main/de/uka/ilkd/key/proof/rules/ifThenElseRules.key:201:39: mismatched input '}' expecting {'(', '{'} [@1292,5657:5657='}',<149>,201:39] (taclet, rulesOrAxioms, decls, file) 
301368     WARN  Test worker     d.u.i.k.n.KeYParser       [syntax-error] file:/home/runner/work/key/key/key.core/build/resources/main/de/uka/ilkd/key/proof/rules/ifThenElseRules.key:208:14: mismatched input '\ifExintVar' expecting {MODALITY, FORALL, EXISTS, '\if', '\ifEx', 'true', 'false', '(', '{', '@', NOT, SEQARROW, '-', STRING_LITERAL, CHAR_LITERAL, BIN_LITERAL, HEX_LITERAL, IDENT, INT_LITERAL, FLOAT_LITERAL, DOUBLE_LITERAL, REAL_LITERAL} [@1320,5817:5827='\ifExintVar',<188>,208:14] (termorseq, taclet, rulesOrAxioms, decls, file) 
301368     WARN  Test worker     d.u.i.k.n.KeYParser       [syntax-error] file:/home/runner/work/key/key/key.core/build/resources/main/de/uka/ilkd/key/proof/rules/ifThenElseRules.key:208:27: extraneous input '(' expecting {'\lemma', '}', IDENT, '/*!'} [@1323,5830:5830='(',<146>,208:27] (rulesOrAxioms, decls, file) 
301368     WARN  Test worker     d.u.i.k.n.KeYParser       [syntax-error] file:/home/runner/work/key/key/key.core/build/resources/main/de/uka/ilkd/key/proof/rules/ifThenElseRules.key:208:32: mismatched input '&' expecting {'(', '{'} [@1326,5835:5835='&',<156>,208:32] (taclet, rulesOrAxioms, decls, file) 
301368     WARN  Test worker     d.u.i.k.n.KeYParser       [syntax-error] file:/home/runner/work/key/key/key.core/build/resources/main/de/uka/ilkd/key/proof/rules/ifThenElseRules.key:210:42: mismatched input '}' expecting {'(', '{'} [@1366,5948:5948='}',<149>,210:42] (taclet, rulesOrAxioms, decls, file) 
301368     WARN  Test worker     d.u.i.k.n.KeYParser       [syntax-error] file:/home/runner/work/key/key/key.core/build/resources/main/de/uka/ilkd/key/proof/rules/ifThenElseRules.key:211:39: mismatched input '}' expecting {'(', '{'} [@1379,5993:5993='}',<149>,211:39] (taclet, rulesOrAxioms, decls, file) 
301368     WARN  Test worker     d.u.i.k.n.KeYParser       [syntax-error] file:/home/runner/work/key/key/key.core/build/resources/main/de/uka/ilkd/key/proof/rules/ifThenElseRules.key:218:14: mismatched input '\ifExintVar' expecting {MODALITY, FORALL, EXISTS, '\if', '\ifEx', 'true', 'false', '(', '{', '@', NOT, SEQARROW, '-', STRING_LITERAL, CHAR_LITERAL, BIN_LITERAL, HEX_LITERAL, IDENT, INT_LITERAL, FLOAT_LITERAL, DOUBLE_LITERAL, REAL_LITERAL} [@1407,6146:6156='\ifExintVar',<188>,218:14] (termorseq, taclet, rulesOrAxioms, decls, file) 
301368     WARN  Test worker     d.u.i.k.n.KeYParser       [syntax-error] file:/home/runner/work/key/key/key.core/build/resources/main/de/uka/ilkd/key/proof/rules/ifThenElseRules.key:218:27: extraneous input '(' expecting {'\lemma', '}', IDENT, '/*!'} [@1410,6159:6159='(',<146>,218:27] (rulesOrAxioms, decls, file) 
301368     WARN  Test worker     d.u.i.k.n.KeYParser       [syntax-error] file:/home/runner/work/key/key/key.core/build/resources/main/de/uka/ilkd/key/proof/rules/ifThenElseRules.key:218:31: mismatched input ')' expecting {'(', '{'} [@1412,6163:6163=')',<147>,218:31] (taclet, rulesOrAxioms, decls, file) 
301369     WARN  Test worker     d.u.i.k.n.KeYParser       [syntax-error] file:/home/runner/work/key/key/key.core/build/resources/main/de/uka/ilkd/key/proof/rules/ifThenElseRules.key:220:44: mismatched input ')' expecting {'(', '{'} [@1444,6275:6275=')',<147>,220:44] (taclet, rulesOrAxioms, decls, file) 
301369     WARN  Test worker     d.u.i.k.n.KeYParser       [syntax-error] file:/home/runner/work/key/key/key.core/build/resources/main/de/uka/ilkd/key/proof/rules/ifThenElseRules.key:225:14: mismatched input '\ifExintVar' expecting {MODALITY, FORALL, EXISTS, '\if', '\ifEx', 'true', 'false', '(', '{', '@', NOT, SEQARROW, '-', STRING_LITERAL, CHAR_LITERAL, BIN_LITERAL, HEX_LITERAL, IDENT, INT_LITERAL, FLOAT_LITERAL, DOUBLE_LITERAL, REAL_LITERAL} [@1471,6389:6399='\ifExintVar',<188>,225:14] (termorseq, taclet, rulesOrAxioms, decls, file) 
301369     WARN  Test worker     d.u.i.k.n.KeYParser       [syntax-error] file:/home/runner/work/key/key/key.core/build/resources/main/de/uka/ilkd/key/proof/rules/ifThenElseRules.key:225:27: extraneous input '(' expecting {'\lemma', '}', IDENT, '/*!'} [@1474,6402:6402='(',<146>,225:27] (rulesOrAxioms, decls, file) 
301369     WARN  Test worker     d.u.i.k.n.KeYParser       [syntax-error] file:/home/runner/work/key/key/key.core/build/resources/main/de/uka/ilkd/key/proof/rules/ifThenElseRules.key:225:31: mismatched input ')' expecting {'(', '{'} [@1476,6406:6406=')',<147>,225:31] (taclet, rulesOrAxioms, decls, file) 
301369     WARN  Test worker     d.u.i.k.n.KeYParser       [syntax-error] file:/home/runner/work/key/key/key.core/build/resources/main/de/uka/ilkd/key/proof/rules/ifThenElseRules.key:227:44: mismatched input ')' expecting {'(', '{'} [@1508,6509:6509=')',<147>,227:44] (taclet, rulesOrAxioms, decls, file) 
301369     WARN  Test worker     d.u.i.k.n.KeYParser       [syntax-error] file:/home/runner/work/key/key/key.core/build/resources/main/de/uka/ilkd/key/proof/rules/ifThenElseRules.key:233:14: mismatched input '\ifExintVar' expecting {MODALITY, FORALL, EXISTS, '\if', '\ifEx', 'true', 'false', '(', '{', '@', NOT, SEQARROW, '-', STRING_LITERAL, CHAR_LITERAL, BIN_LITERAL, HEX_LITERAL, IDENT, INT_LITERAL, FLOAT_LITERAL, DOUBLE_LITERAL, REAL_LITERAL} [@1539,6656:6666='\ifExintVar',<188>,233:14] (termorseq, taclet, rulesOrAxioms, decls, file) 
301369     WARN  Test worker     d.u.i.k.n.KeYParser       [syntax-error] file:/home/runner/work/key/key/key.core/build/resources/main/de/uka/ilkd/key/proof/rules/ifThenElseRules.key:233:27: extraneous input '(' expecting {'\lemma', '}', IDENT, '/*!'} [@1542,6669:6669='(',<146>,233:27] (rulesOrAxioms, decls, file) 
301369     WARN  Test worker     d.u.i.k.n.KeYParser       [syntax-error] file:/home/runner/work/key/key/key.core/build/resources/main/de/uka/ilkd/key/proof/rules/ifThenElseRules.key:233:31: mismatched input ')' expecting {'(', '{'} [@1544,6673:6673=')',<147>,233:31] (taclet, rulesOrAxioms, decls, file) 
301370     WARN  Test worker     d.u.i.k.n.KeYParser       [syntax-error] file:/home/runner/work/key/key/key.core/build/resources/main/de/uka/ilkd/key/proof/rules/ifThenElseRules.key:237:42: mismatched input '}' expecting {'(', '{'} [@1586,6850:6850='}',<149>,237:42] (taclet, rulesOrAxioms, decls, file) 
301370     WARN  Test worker     d.u.i.k.n.KeYParser       [syntax-error] file:/home/runner/work/key/key/key.core/build/resources/main/de/uka/ilkd/key/proof/rules/ifThenElseRules.key:238:34: mismatched input '}' expecting {'(', '{'} [@1599,6891:6891='}',<149>,238:34] (taclet, rulesOrAxioms, decls, file) 
301370     WARN  Test worker     d.u.i.k.n.KeYParser       [syntax-error] file:/home/runner/work/key/key/key.core/build/resources/main/de/uka/ilkd/key/proof/rules/ifThenElseRules.key:239:28: extraneous input '(' expecting {'\lemma', '}', IDENT, '/*!'} [@1608,6925:6925='(',<146>,239:28] (rulesOrAxioms, decls, file) 
301370     WARN  Test worker     d.u.i.k.n.KeYParser       [syntax-error] file:/home/runner/work/key/key/key.core/build/resources/main/de/uka/ilkd/key/proof/rules/ifThenElseRules.key:239:33: mismatched input '->' expecting {'(', '{'} [@1611,6930:6931='->',<158>,239:33] (taclet, rulesOrAxioms, decls, file) 
301370     WARN  Test worker     d.u.i.k.n.KeYParser       [syntax-error] file:/home/runner/work/key/key/key.core/build/resources/main/de/uka/ilkd/key/proof/rules/ifThenElseRules.key:240:8: extraneous input '\replacewith' expecting {'\lemma', '}', IDENT, '/*!'} [@1626,6979:6990='\replacewith',<105>,240:8] (rulesOrAxioms, decls, file) 
301370     WARN  Test worker     d.u.i.k.n.KeYParser       [syntax-error] file:/home/runner/work/key/key/key.core/build/resources/main/de/uka/ilkd/key/proof/rules/ifThenElseRules.key:240:25: mismatched input ')' expecting {'(', '{'} [@1629,6996:6996=')',<147>,240:25] (taclet, rulesOrAxioms, decls, file) 
301370     WARN  Test worker     d.u.i.k.n.KeYParser       [syntax-error] file:/home/runner/work/key/key/key.core/build/resources/main/de/uka/ilkd/key/proof/rules/ifThenElseRules.key:240:56: mismatched input ')' expecting {'(', '{'} [@1642,7027:7027=')',<147>,240:56] (taclet, rulesOrAxioms, decls, file) 
301370     WARN  Test worker     d.u.i.k.n.KeYParser       [syntax-error] file:/home/runner/work/key/key/key.core/build/resources/main/de/uka/ilkd/key/proof/rules/ifThenElseRules.key:245:14: mismatched input '\ifExintVar' expecting {MODALITY, FORALL, EXISTS, '\if', '\ifEx', 'true', 'false', '(', '{', '@', NOT, SEQARROW, '-', STRING_LITERAL, CHAR_LITERAL, BIN_LITERAL, HEX_LITERAL, IDENT, INT_LITERAL, FLOAT_LITERAL, DOUBLE_LITERAL, REAL_LITERAL} [@1658,7109:7119='\ifExintVar',<188>,245:14] (termorseq, taclet, rulesOrAxioms, decls, file) 
301371     WARN  Test worker     d.u.i.k.n.KeYParser       [syntax-error] file:/home/runner/work/key/key/key.core/build/resources/main/de/uka/ilkd/key/proof/rules/ifThenElseRules.key:245:27: extraneous input '(' expecting {'\lemma', '}', IDENT, '/*!'} [@1661,7122:7122='(',<146>,245:27] (rulesOrAxioms, decls, file) 
301371     WARN  Test worker     d.u.i.k.n.KeYParser       [syntax-error] file:/home/runner/work/key/key/key.core/build/resources/main/de/uka/ilkd/key/proof/rules/ifThenElseRules.key:245:31: mismatched input ')' expecting {'(', '{'} [@1663,7126:7126=')',<147>,245:31] (taclet, rulesOrAxioms, decls, file) 
301371     WARN  Test worker     d.u.i.k.n.KeYParser       [syntax-error] file:/home/runner/work/key/key/key.core/build/resources/main/de/uka/ilkd/key/proof/rules/ifThenElseRules.key:248:45: mismatched input '}' expecting {'(', '{'} [@1696,7268:7268='}',<149>,248:45] (taclet, rulesOrAxioms, decls, file) 
301371     WARN  Test worker     d.u.i.k.n.KeYParser       [syntax-error] file:/home/runner/work/key/key/key.core/build/resources/main/de/uka/ilkd/key/proof/rules/ifThenElseRules.key:249:8: extraneous input '\replacewith' expecting {'\lemma', '}', IDENT, '/*!'} [@1701,7284:7295='\replacewith',<105>,249:8] (rulesOrAxioms, decls, file) 
301371     WARN  Test worker     d.u.i.k.n.KeYParser       [syntax-error] file:/home/runner/work/key/key/key.core/build/resources/main/de/uka/ilkd/key/proof/rules/ifThenElseRules.key:249:38: mismatched input ')' expecting {'(', '{'} [@1708,7314:7314=')',<147>,249:38] (taclet, rulesOrAxioms, decls, file) 
301371     WARN  Test worker     d.u.i.k.n.KeYParser       [syntax-error] file:/home/runner/work/key/key/key.core/build/resources/main/de/uka/ilkd/key/proof/rules/ifThenElseRules.key:250:42: mismatched input '}' expecting {'(', '{'} [@1731,7381:7381='}',<149>,250:42] (taclet, rulesOrAxioms, decls, file) 
301371     WARN  Test worker     d.u.i.k.n.KeYParser       [syntax-error] file:/home/runner/work/key/key/key.core/build/resources/main/de/uka/ilkd/key/proof/rules/ifThenElseRules.key:251:28: extraneous input '(' expecting {'\lemma', '}', IDENT, '/*!'} [@1741,7416:7416='(',<146>,251:28] (rulesOrAxioms, decls, file) 
301371     WARN  Test worker     d.u.i.k.n.KeYParser       [syntax-error] file:/home/runner/work/key/key/key.core/build/resources/main/de/uka/ilkd/key/proof/rules/ifThenElseRules.key:251:33: mismatched input '->' expecting {'(', '{'} [@1744,7421:7422='->',<158>,251:33] (taclet, rulesOrAxioms, decls, file) 
301372     WARN  Test worker     d.u.i.k.n.KeYParser       [syntax-error] file:/home/runner/work/key/key/key.core/build/resources/main/de/uka/ilkd/key/proof/rules/ifThenElseRules.key:255:14: mismatched input '\ifExintVar' expecting {MODALITY, FORALL, EXISTS, '\if', '\ifEx', 'true', 'false', '(', '{', '@', NOT, SEQARROW, '-', STRING_LITERAL, CHAR_LITERAL, BIN_LITERAL, HEX_LITERAL, IDENT, INT_LITERAL, FLOAT_LITERAL, DOUBLE_LITERAL, REAL_LITERAL} [@1765,7506:7516='\ifExintVar',<188>,255:14] (termorseq, taclet, rulesOrAxioms, decls, file) 
301372     WARN  Test worker     d.u.i.k.n.KeYParser       [syntax-error] file:/home/runner/work/key/key/key.core/build/resources/main/de/uka/ilkd/key/proof/rules/ifThenElseRules.key:255:27: extraneous input '(' expecting {'\lemma', '}', IDENT, '/*!'} [@1768,7519:7519='(',<146>,255:27] (rulesOrAxioms, decls, file) 
301372     WARN  Test worker     d.u.i.k.n.KeYParser       [syntax-error] file:/home/runner/work/key/key/key.core/build/resources/main/de/uka/ilkd/key/proof/rules/ifThenElseRules.key:255:31: mismatched input ')' expecting {'(', '{'} [@1770,7523:7523=')',<147>,255:31] (taclet, rulesOrAxioms, decls, file) 
301372     WARN  Test worker     d.u.i.k.n.KeYParser       [syntax-error] file:/home/runner/work/key/key/key.core/build/resources/main/de/uka/ilkd/key/proof/rules/ifThenElseRules.key:258:52: extraneous input '0' expecting {'\lemma', '}', IDENT, '/*!'} [@1809,7667:7667='0',<184>,258:52] (rulesOrAxioms, decls, file) 
301372     WARN  Test worker     d.u.i.k.n.KeYParser       [syntax-error] file:/home/runner/work/key/key/key.core/build/resources/main/de/uka/ilkd/key/proof/rules/ifThenElseRules.key:258:54: mismatched input 'then' expecting {<EOF>, '\problem', '\chooseContract', '\proofObligation', '\proof'} [@1811,7669:7672='then',<183>,258:54] (file) 
301373     ERROR Test worker     d.u.i.k.s.n.MasterHandlerTest Error reading /home/runner/work/key/key/key.core/build/resources/test/de/uka/ilkd/key/smt/newsmt2/cases/ex1.props de.uka.ilkd.key.proof.io.ProblemLoaderException: line 135:14 mismatched input '\ifExintVar' expecting {MODALITY, FORALL, EXISTS, '\if', '\ifEx', 'true', 'false', '(', '{', '@', NOT, SEQARROW, '-', STRING_LITERAL, CHAR_LITERAL, BIN_LITERAL, HEX_LITERAL, IDENT, INT_LITERAL, FLOAT_LITERAL, DOUBLE_LITERAL, REAL_LITERAL}
line 135:27 extraneous input '(' expecting {'\lemma', '}', IDENT, '/*!'}
line 135:44 mismatched input ')' expecting {'(', '{'}
line 141:14 mismatched input '\ifExintVar' expecting {MODALITY, FORALL, EXISTS, '\if', '\ifEx', 'true', 'false', '(', '{', '@', NOT, SEQARROW, '-', STRING_LITERAL, CHAR_LITERAL, BIN_LITERAL, HEX_LITERAL, IDENT, INT_LITERAL, FLOAT_LITERAL, DOUBLE_LITERAL, REAL_LITERAL}
line 141:27 extraneous input '(' expecting {'\lemma', '}', IDENT, '/*!'}
line 141:41 mismatched input ')' expecting {'(', '{'}
line 148:14 mismatched input '\ifExintVar' expecting {MODALITY, FORALL, EXISTS, '\if', '\ifEx', 'true', 'false', '(', '{', '@', NOT, SEQARROW, '-', STRING_LITERAL, CHAR_LITERAL, BIN_LITERAL, HEX_LITERAL, IDENT, INT_LITERAL, FLOAT_LITERAL, DOUBLE_LITERAL, REAL_LITERAL}
line 148:27 extraneous input '(' expecting {'\lemma', '}', IDENT, '/*!'}
line 148:35 mismatched input '=' expecting {'(', '{'}
line 150:38 mismatched input '}' expecting {'(', '{'}
line 155:14 mismatched input '\ifExintVar' expecting {MODALITY, FORALL, EXISTS, '\if', '\ifEx', 'true', 'false', '(', '{', '@', NOT, SEQARROW, '-', STRING_LITERAL, CHAR_LITERAL, BIN_LITERAL, HEX_LITERAL, IDENT, INT_LITERAL, FLOAT_LITERAL, DOUBLE_LITERAL, REAL_LITERAL}
line 155:27 extraneous input '(' expecting {'\lemma', '}', IDENT, '/*!'}
line 155:35 mismatched input '=' expecting {'(', '{'}
line 157:38 mismatched input '}' expecting {'(', '{'}
line 163:14 mismatched input '\ifExintVar' expecting {MODALITY, FORALL, EXISTS, '\if', '\ifEx', 'true', 'false', '(', '{', '@', NOT, SEQARROW, '-', STRING_LITERAL, CHAR_LITERAL, BIN_LITERAL, HEX_LITERAL, IDENT, INT_LITERAL, FLOAT_LITERAL, DOUBLE_LITERAL, REAL_LITERAL}
line 163:27 extraneous input '(' expecting {'\lemma', '}', IDENT, '/*!'}
line 163:30 mismatched input '=' expecting {'(', '{'}
line 165:38 mismatched input '}' expecting {'(', '{'}
line 171:14 mismatched input '\ifExintVar' expecting {MODALITY, FORALL, EXISTS, '\if', '\ifEx', 'true', 'false', '(', '{', '@', NOT, SEQARROW, '-', STRING_LITERAL, CHAR_LITERAL, BIN_LITERAL, HEX_LITERAL, IDENT, INT_LITERAL, FLOAT_LITERAL, DOUBLE_LITERAL, REAL_LITERAL}
line 171:27 extraneous input '(' expecting {'\lemma', '}', IDENT, '/*!'}
line 171:30 mismatched input '=' expecting {'(', '{'}
line 173:38 mismatched input '}' expecting {'(', '{'}
line 179:14 mismatched input '\ifExintVar' expecting {MODALITY, FORALL, EXISTS, '\if', '\ifEx', 'true', 'false', '(', '{', '@', NOT, SEQARROW, '-', STRING_LITERAL, CHAR_LITERAL, BIN_LITERAL, HEX_LITERAL, IDENT, INT_LITERAL, FLOAT_LITERAL, DOUBLE_LITERAL, REAL_LITERAL}
line 179:27 extraneous input '(' expecting {'\lemma', '}', IDENT, '/*!'}
line 179:32 mismatched input '&' expecting {'(', '{'}
line 181:42 mismatched input '}' expecting {'(', '{'}
line 182:39 mismatched input '}' expecting {'(', '{'}
line 188:14 mismatched input '\ifExintVar' expecting {MODALITY, FORALL, EXISTS, '\if', '\ifEx', 'true', 'false', '(', '{', '@', NOT, SEQARROW, '-', STRING_LITERAL, CHAR_LITERAL, BIN_LITERAL, HEX_LITERAL, IDENT, INT_LITERAL, FLOAT_LITERAL, DOUBLE_LITERAL, REAL_LITERAL}
line 188:27 extraneous input '(' expecting {'\lemma', '}', IDENT, '/*!'}
line 188:32 mismatched input '&' expecting {'(', '{'}
line 190:42 mismatched input '}' expecting {'(', '{'}
line 191:39 mismatched input '}' expecting {'(', '{'}
line 198:14 mismatched input '\ifExintVar' expecting {MODALITY, FORALL, EXISTS, '\if', '\ifEx', 'true', 'false', '(', '{', '@', NOT, SEQARROW, '-', STRING_LITERAL, CHAR_LITERAL, BIN_LITERAL, HEX_LITERAL, IDENT, INT_LITERAL, FLOAT_LITERAL, DOUBLE_LITERAL, REAL_LITERAL}
line 198:27 extraneous input '(' expecting {'\lemma', '}', IDENT, '/*!'}
line 198:32 mismatched input '&' expecting {'(', '{'}
line 200:42 mismatched input '}' expecting {'(', '{'}
line 201:39 mismatched input '}' expecting {'(', '{'}
line 208:14 mismatched input '\ifExintVar' expecting {MODALITY, FORALL, EXISTS, '\if', '\ifEx', 'true', 'false', '(', '{', '@', NOT, SEQARROW, '-', STRING_LITERAL, CHAR_LITERAL, BIN_LITERAL, HEX_LITERAL, IDENT, INT_LITERAL, FLOAT_LITERAL, DOUBLE_LITERAL, REAL_LITERAL}
line 208:27 extraneous input '(' expecting {'\lemma', '}', IDENT, '/*!'}
line 208:32 mismatched input '&' expecting {'(', '{'}
line 210:42 mismatched input '}' expecting {'(', '{'}
line 211:39 mismatched input '}' expecting {'(', '{'}
line 218:14 mismatched input '\ifExintVar' expecting {MODALITY, FORALL, EXISTS, '\if', '\ifEx', 'true', 'false', '(', '{', '@', NOT, SEQARROW, '-', STRING_LITERAL, CHAR_LITERAL, BIN_LITERAL, HEX_LITERAL, IDENT, INT_LITERAL, FLOAT_LITERAL, DOUBLE_LITERAL, REAL_LITERAL}
line 218:27 extraneous input '(' expecting {'\lemma', '}', IDENT, '/*!'}
line 218:31 mismatched input ')' expecting {'(', '{'}
line 220:44 mismatched input ')' expecting {'(', '{'}
line 225:14 mismatched input '\ifExintVar' expecting {MODALITY, FORALL, EXISTS, '\if', '\ifEx', 'true', 'false', '(', '{', '@', NOT, SEQARROW, '-', STRING_LITERAL, CHAR_LITERAL, BIN_LITERAL, HEX_LITERAL, IDENT, INT_LITERAL, FLOAT_LITERAL, DOUBLE_LITERAL, REAL_LITERAL}
line 225:27 extraneous input '(' expecting {'\lemma', '}', IDENT, '/*!'}
line 225:31 mismatched input ')' expecting {'(', '{'}
line 227:44 mismatched input ')' expecting {'(', '{'}
line 233:14 mismatched input '\ifExintVar' expecting {MODALITY, FORALL, EXISTS, '\if', '\ifEx', 'true', 'false', '(', '{', '@', NOT, SEQARROW, '-', STRING_LITERAL, CHAR_LITERAL, BIN_LITERAL, HEX_LITERAL, IDENT, INT_LITERAL, FLOAT_LITERAL, DOUBLE_LITERAL, REAL_LITERAL}
line 233:27 extraneous input '(' expecting {'\lemma', '}', IDENT, '/*!'}
line 233:31 mismatched input ')' expecting {'(', '{'}
line 237:42 mismatched input '}' expecting {'(', '{'}
line 238:34 mismatched input '}' expecting {'(', '{'}
line 239:28 extraneous input '(' expecting {'\lemma', '}', IDENT, '/*!'}
line 239:33 mismatched input '->' expecting {'(', '{'}
line 240:8 extraneous input '\replacewith' expecting {'\lemma', '}', IDENT, '/*!'}
line 240:25 mismatched input ')' expecting {'(', '{'}
line 240:56 mismatched input ')' expecting {'(', '{'}
line 245:14 mismatched input '\ifExintVar' expecting {MODALITY, FORALL, EXISTS, '\if', '\ifEx', 'true', 'false', '(', '{', '@', NOT, SEQARROW, '-', STRING_LITERAL, CHAR_LITERAL, BIN_LITERAL, HEX_LITERAL, IDENT, INT_LITERAL, FLOAT_LITERAL, DOUBLE_LITERAL, REAL_LITERAL}
line 245:27 extraneous input '(' expecting {'\lemma', '}', IDENT, '/*!'}
line 245:31 mismatched input ')' expecting {'(', '{'}
line 248:45 mismatched input '}' expecting {'(', '{'}
line 249:8 extraneous input '\replacewith' expecting {'\lemma', '}', IDENT, '/*!'}
line 249:38 mismatched input ')' expecting {'(', '{'}
line 250:42 mismatched input '}' expecting {'(', '{'}
line 251:28 extraneous input '(' expecting {'\lemma', '}', IDENT, '/*!'}
line 251:33 mismatched input '->' expecting {'(', '{'}
line 255:14 mismatched input '\ifExintVar' expecting {MODALITY, FORALL, EXISTS, '\if', '\ifEx', 'true', 'false', '(', '{', '@', NOT, SEQARROW, '-', STRING_LITERAL, CHAR_LITERAL, BIN_LITERAL, HEX_LITERAL, IDENT, INT_LITERAL, FLOAT_LITERAL, DOUBLE_LITERAL, REAL_LITERAL}
line 255:27 extraneous input '(' expecting {'\lemma', '}', IDENT, '/*!'}
line 255:31 mismatched input ')' expecting {'(', '{'}
line 258:52 extraneous input '0' expecting {'\lemma', '}', IDENT, '/*!'}
line 258:54 mismatched input 'then' expecting {<EOF>, '\problem', '\chooseContract', '\proofObligation', '\proof'}

	at de.uka.ilkd.key.control.AbstractUserInterfaceControl.load(AbstractUserInterfaceControl.java:221)
Caused by: de.uka.ilkd.key.proof.init.ProofInputException: line 135:14 mismatched input '\ifExintVar' expecting {MODALITY, FORALL, EXISTS, '\if', '\ifEx', 'true', 'false', '(', '{', '@', NOT, SEQARROW, '-', STRING_LITERAL, CHAR_LITERAL, BIN_LITERAL, HEX_LITERAL, IDENT, INT_LITERAL, FLOAT_LITERAL, DOUBLE_LITERAL, REAL_LITERAL}
line 135:27 extraneous input '(' expecting {'\lemma', '}', IDENT, '/*!'}
line 135:44 mismatched input ')' expecting {'(', '{'}
line 141:14 mismatched input '\ifExintVar' expecting {MODALITY, FORALL, EXISTS, '\if', '\ifEx', 'true', 'false', '(', '{', '@', NOT, SEQARROW, '-', STRING_LITERAL, CHAR_LITERAL, BIN_LITERAL, HEX_LITERAL, IDENT, INT_LITERAL, FLOAT_LITERAL, DOUBLE_LITERAL, REAL_LITERAL}
line 141:27 extraneous input '(' expecting {'\lemma', '}', IDENT, '/*!'}
line 141:41 mismatched input ')' expecting {'(', '{'}
line 148:14 mismatched input '\ifExintVar' expecting {MODALITY, FORALL, EXISTS, '\if', '\ifEx', 'true', 'false', '(', '{', '@', NOT, SEQARROW, '-', STRING_LITERAL, CHAR_LITERAL, BIN_LITERAL, HEX_LITERAL, IDENT, INT_LITERAL, FLOAT_LITERAL, DOUBLE_LITERAL, REAL_LITERAL}
line 148:27 extraneous input '(' expecting {'\lemma', '}', IDENT, '/*!'}
line 148:35 mismatched input '=' expecting {'(', '{'}
line 150:38 mismatched input '}' expecting {'(', '{'}
line 155:14 mismatched input '\ifExintVar' expecting {MODALITY, FORALL, EXISTS, '\if', '\ifEx', 'true', 'false', '(', '{', '@', NOT, SEQARROW, '-', STRING_LITERAL, CHAR_LITERAL, BIN_LITERAL, HEX_LITERAL, IDENT, INT_LITERAL, FLOAT_LITERAL, DOUBLE_LITERAL, REAL_LITERAL}
line 155:27 extraneous input '(' expecting {'\lemma', '}', IDENT, '/*!'}
line 155:35 mismatched input '=' expecting {'(', '{'}
line 157:38 mismatched input '}' expecting {'(', '{'}
line 163:14 mismatched input '\ifExintVar' expecting {MODALITY, FORALL, EXISTS, '\if', '\ifEx', 'true', 'false', '(', '{', '@', NOT, SEQARROW, '-', STRING_LITERAL, CHAR_LITERAL, BIN_LITERAL, HEX_LITERAL, IDENT, INT_LITERAL, FLOAT_LITERAL, DOUBLE_LITERAL, REAL_LITERAL}
line 163:27 extraneous input '(' expecting {'\lemma', '}', IDENT, '/*!'}
line 163:30 mismatched input '=' expecting {'(', '{'}
line 165:38 mismatched input '}' expecting {'(', '{'}
line 171:14 mismatched input '\ifExintVar' expecting {MODALITY, FORALL, EXISTS, '\if', '\ifEx', 'true', 'false', '(', '{', '@', NOT, SEQARROW, '-', STRING_LITERAL, CHAR_LITERAL, BIN_LITERAL, HEX_LITERAL, IDENT, INT_LITERAL, FLOAT_LITERAL, DOUBLE_LITERAL, REAL_LITERAL}
line 171:27 extraneous input '(' expecting {'\lemma', '}', IDENT, '/*!'}
line 171:30 mismatched input '=' expecting {'(', '{'}
line 173:38 mismatched input '}' expecting {'(', '{'}
line 179:14 mismatched input '\ifExintVar' expecting {MODALITY, FORALL, EXISTS, '\if', '\ifEx', 'true', 'false', '(', '{', '@', NOT, SEQARROW, '-', STRING_LITERAL, CHAR_LITERAL, BIN_LITERAL, HEX_LITERAL, IDENT, INT_LITERAL, FLOAT_LITERAL, DOUBLE_LITERAL, REAL_LITERAL}
line 179:27 extraneous input '(' expecting {'\lemma', '}', IDENT, '/*!'}
line 179:32 mismatched input '&' expecting {'(', '{'}
line 181:42 mismatched input '}' expecting {'(', '{'}
line 182:39 mismatched input '}' expecting {'(', '{'}
line 188:14 mismatched input '\ifExintVar' expecting {MODALITY, FORALL, EXISTS, '\if', '\ifEx', 'true', 'false', '(', '{', '@', NOT, SEQARROW, '-', STRING_LITERAL, CHAR_LITERAL, BIN_LITERAL, HEX_LITERAL, IDENT, INT_LITERAL, FLOAT_LITERAL, DOUBLE_LITERAL, REAL_LITERAL}
line 188:27 extraneous input '(' expecting {'\lemma', '}', IDENT, '/*!'}
line 188:32 mismatched input '&' expecting {'(', '{'}
line 190:42 mismatched input '}' expecting {'(', '{'}
line 191:39 mismatched input '}' expecting {'(', '{'}
line 198:14 mismatched input '\ifExintVar' expecting {MODALITY, FORALL, EXISTS, '\if', '\ifEx', 'true', 'false', '(', '{', '@', NOT, SEQARROW, '-', STRING_LITERAL, CHAR_LITERAL, BIN_LITERAL, HEX_LITERAL, IDENT, INT_LITERAL, FLOAT_LITERAL, DOUBLE_LITERAL, REAL_LITERAL}
line 198:27 extraneous input '(' expecting {'\lemma', '}', IDENT, '/*!'}
line 198:32 mismatched input '&' expecting {'(', '{'}
line 200:42 mismatched input '}' expecting {'(', '{'}
line 201:39 mismatched input '}' expecting {'(', '{'}
line 208:14 mismatched input '\ifExintVar' expecting {MODALITY, FORALL, EXISTS, '\if', '\ifEx', 'true', 'false', '(', '{', '@', NOT, SEQARROW, '-', STRING_LITERAL, CHAR_LITERAL, BIN_LITERAL, HEX_LITERAL, IDENT, INT_LITERAL, FLOAT_LITERAL, DOUBLE_LITERAL, REAL_LITERAL}
line 208:27 extraneous input '(' expecting {'\lemma', '}', IDENT, '/*!'}
line 208:32 mismatched input '&' expecting {'(', '{'}
line 210:42 mismatched input '}' expecting {'(', '{'}
line 211:39 mismatched input '}' expecting {'(', '{'}
line 218:14 mismatched input '\ifExintVar' expecting {MODALITY, FORALL, EXISTS, '\if', '\ifEx', 'true', 'false', '(', '{', '@', NOT, SEQARROW, '-', STRING_LITERAL, CHAR_LITERAL, BIN_LITERAL, HEX_LITERAL, IDENT, INT_LITERAL, FLOAT_LITERAL, DOUBLE_LITERAL, REAL_LITERAL}
line 218:27 extraneous input '(' expecting {'\lemma', '}', IDENT, '/*!'}
line 218:31 mismatched input ')' expecting {'(', '{'}
line 220:44 mismatched input ')' expecting {'(', '{'}
line 225:14 mismatched input '\ifExintVar' expecting {MODALITY, FORALL, EXISTS, '\if', '\ifEx', 'true', 'false', '(', '{', '@', NOT, SEQARROW, '-', STRING_LITERAL, CHAR_LITERAL, BIN_LITERAL, HEX_LITERAL, IDENT, INT_LITERAL, FLOAT_LITERAL, DOUBLE_LITERAL, REAL_LITERAL}
line 225:27 extraneous input '(' expecting {'\lemma', '}', IDENT, '/*!'}
line 225:31 mismatched input ')' expecting {'(', '{'}
line 227:44 mismatched input ')' expecting {'(', '{'}
line 233:14 mismatched input '\ifExintVar' expecting {MODALITY, FORALL, EXISTS, '\if', '\ifEx', 'true', 'false', '(', '{', '@', NOT, SEQARROW, '-', STRING_LITERAL, CHAR_LITERAL, BIN_LITERAL, HEX_LITERAL, IDENT, INT_LITERAL, FLOAT_LITERAL, DOUBLE_LITERAL, REAL_LITERAL}
line 233:27 extraneous input '(' expecting {'\lemma', '}', IDENT, '/*!'}
line 233:31 mismatched input ')' expecting {'(', '{'}
line 237:42 mismatched input '}' expecting {'(', '{'}
line 238:34 mismatched input '}' expecting {'(', '{'}
line 239:28 extraneous input '(' expecting {'\lemma', '}', IDENT, '/*!'}
line 239:33 mismatched input '->' expecting {'(', '{'}
line 240:8 extraneous input '\replacewith' expecting {'\lemma', '}', IDENT, '/*!'}
line 240:25 mismatched input ')' expecting {'(', '{'}
line 240:56 mismatched input ')' expecting {'(', '{'}
line 245:14 mismatched input '\ifExintVar' expecting {MODALITY, FORALL, EXISTS, '\if', '\ifEx', 'true', 'false', '(', '{', '@', NOT, SEQARROW, '-', STRING_LITERAL, CHAR_LITERAL, BIN_LITERAL, HEX_LITERAL, IDENT, INT_LITERAL, FLOAT_LITERAL, DOUBLE_LITERAL, REAL_LITERAL}
line 245:27 extraneous input '(' expecting {'\lemma', '}', IDENT, '/*!'}
line 245:31 mismatched input ')' expecting {'(', '{'}
line 248:45 mismatched input '}' expecting {'(', '{'}
line 249:8 extraneous input '\replacewith' expecting {'\lemma', '}', IDENT, '/*!'}
line 249:38 mismatched input ')' expecting {'(', '{'}
line 250:42 mismatched input '}' expecting {'(', '{'}
line 251:28 extraneous input '(' expecting {'\lemma', '}', IDENT, '/*!'}
line 251:33 mismatched input '->' expecting {'(', '{'}
line 255:14 mismatched input '\ifExintVar' expecting {MODALITY, FORALL, EXISTS, '\if', '\ifEx', 'true', 'false', '(', '{', '@', NOT, SEQARROW, '-', STRING_LITERAL, CHAR_LITERAL, BIN_LITERAL, HEX_LITERAL, IDENT, INT_LITERAL, FLOAT_LITERAL, DOUBLE_LITERAL, REAL_LITERAL}
line 255:27 extraneous input '(' expecting {'\lemma', '}', IDENT, '/*!'}
line 255:31 mismatched input ')' expecting {'(', '{'}
line 258:52 extraneous input '0' expecting {'\lemma', '}', IDENT, '/*!'}
line 258:54 mismatched input 'then' expecting {<EOF>, '\problem', '\chooseContract', '\proofObligation', '\proof'}

	at de.uka.ilkd.key.proof.io.KeYFile.readIncludes(KeYFile.java:210)
Caused by: de.uka.ilkd.key.util.parsing.SyntaxErrorReporter$ParserException: line 135:14 mismatched input '\ifExintVar' expecting {MODALITY, FORALL, EXISTS, '\if', '\ifEx', 'true', 'false', '(', '{', '@', NOT, SEQARROW, '-', STRING_LITERAL, CHAR_LITERAL, BIN_LITERAL, HEX_LITERAL, IDENT, INT_LITERAL, FLOAT_LITERAL, DOUBLE_LITERAL, REAL_LITERAL}
line 135:27 extraneous input '(' expecting {'\lemma', '}', IDENT, '/*!'}
line 135:44 mismatched input ')' expecting {'(', '{'}
line 141:14 mismatched input '\ifExintVar' expecting {MODALITY, FORALL, EXISTS, '\if', '\ifEx', 'true', 'false', '(', '{', '@', NOT, SEQARROW, '-', STRING_LITERAL, CHAR_LITERAL, BIN_LITERAL, HEX_LITERAL, IDENT, INT_LITERAL, FLOAT_LITERAL, DOUBLE_LITERAL, REAL_LITERAL}
line 141:27 extraneous input '(' expecting {'\lemma', '}', IDENT, '/*!'}
line 141:41 mismatched input ')' expecting {'(', '{'}
line 148:14 mismatched input '\ifExintVar' expecting {MODALITY, FORALL, EXISTS, '\if', '\ifEx', 'true', 'false', '(', '{', '@', NOT, SEQARROW, '-', STRING_LITERAL, CHAR_LITERAL, BIN_LITERAL, HEX_LITERAL, IDENT, INT_LITERAL, FLOAT_LITERAL, DOUBLE_LITERAL, REAL_LITERAL}
line 148:27 extraneous input '(' expecting {'\lemma', '}', IDENT, '/*!'}
line 148:35 mismatched input '=' expecting {'(', '{'}
line 150:38 mismatched input '}' expecting {'(', '{'}
line 155:14 mismatched input '\ifExintVar' expecting {MODALITY, FORALL, EXISTS, '\if', '\ifEx', 'true', 'false', '(', '{', '@', NOT, SEQARROW, '-', STRING_LITERAL, CHAR_LITERAL, BIN_LITERAL, HEX_LITERAL, IDENT, INT_LITERAL, FLOAT_LITERAL, DOUBLE_LITERAL, REAL_LITERAL}
line 155:27 extraneous input '(' expecting {'\lemma', '}', IDENT, '/*!'}
line 155:35 mismatched input '=' expecting {'(', '{'}
line 157:38 mismatched input '}' expecting {'(', '{'}
line 163:14 mismatched input '\ifExintVar' expecting {MODALITY, FORALL, EXISTS, '\if', '\ifEx', 'true', 'false', '(', '{', '@', NOT, SEQARROW, '-', STRING_LITERAL, CHAR_LITERAL, BIN_LITERAL, HEX_LITERAL, IDENT, INT_LITERAL, FLOAT_LITERAL, DOUBLE_LITERAL, REAL_LITERAL}
line 163:27 extraneous input '(' expecting {'\lemma', '}', IDENT, '/*!'}
line 163:30 mismatched input '=' expecting {'(', '{'}
line 165:38 mismatched input '}' expecting {'(', '{'}
line 171:14 mismatched input '\ifExintVar' expecting {MODALITY, FORALL, EXISTS, '\if', '\ifEx', 'true', 'false', '(', '{', '@', NOT, SEQARROW, '-', STRING_LITERAL, CHAR_LITERAL, BIN_LITERAL, HEX_LITERAL, IDENT, INT_LITERAL, FLOAT_LITERAL, DOUBLE_LITERAL, REAL_LITERAL}
line 171:27 extraneous input '(' expecting {'\lemma', '}', IDENT, '/*!'}
line 171:30 mismatched input '=' expecting {'(', '{'}
line 173:38 mismatched input '}' expecting {'(', '{'}
line 179:14 mismatched input '\ifExintVar' expecting {MODALITY, FORALL, EXISTS, '\if', '\ifEx', 'true', 'false', '(', '{', '@', NOT, SEQARROW, '-', STRING_LITERAL, CHAR_LITERAL, BIN_LITERAL, HEX_LITERAL, IDENT, INT_LITERAL, FLOAT_LITERAL, DOUBLE_LITERAL, REAL_LITERAL}
line 179:27 extraneous input '(' expecting {'\lemma', '}', IDENT, '/*!'}
line 179:32 mismatched input '&' expecting {'(', '{'}
line 181:42 mismatched input '}' expecting {'(', '{'}
line 182:39 mismatched input '}' expecting {'(', '{'}
line 188:14 mismatched input '\ifExintVar' expecting {MODALITY, FORALL, EXISTS, '\if', '\ifEx', 'true', 'false', '(', '{', '@', NOT, SEQARROW, '-', STRING_LITERAL, CHAR_LITERAL, BIN_LITERAL, HEX_LITERAL, IDENT, INT_LITERAL, FLOAT_LITERAL, DOUBLE_LITERAL, REAL_LITERAL}
line 188:27 extraneous input '(' expecting {'\lemma', '}', IDENT, '/*!'}
line 188:32 mismatched input '&' expecting {'(', '{'}
line 190:42 mismatched input '}' expecting {'(', '{'}
line 191:39 mismatched input '}' expecting {'(', '{'}
line 198:14 mismatched input '\ifExintVar' expecting {MODALITY, FORALL, EXISTS, '\if', '\ifEx', 'true', 'false', '(', '{', '@', NOT, SEQARROW, '-', STRING_LITERAL, CHAR_LITERAL, BIN_LITERAL, HEX_LITERAL, IDENT, INT_LITERAL, FLOAT_LITERAL, DOUBLE_LITERAL, REAL_LITERAL}
line 198:27 extraneous input '(' expecting {'\lemma', '}', IDENT, '/*!'}
line 198:32 mismatched input '&' expecting {'(', '{'}
line 200:42 mismatched input '}' expecting {'(', '{'}
line 201:39 mismatched input '}' expecting {'(', '{'}
line 208:14 mismatched input '\ifExintVar' expecting {MODALITY, FORALL, EXISTS, '\if', '\ifEx', 'true', 'false', '(', '{', '@', NOT, SEQARROW, '-', STRING_LITERAL, CHAR_LITERAL, BIN_LITERAL, HEX_LITERAL, IDENT, INT_LITERAL, FLOAT_LITERAL, DOUBLE_LITERAL, REAL_LITERAL}
line 208:27 extraneous input '(' expecting {'\lemma', '}', IDENT, '/*!'}
line 208:32 mismatched input '&' expecting {'(', '{'}
line 210:42 mismatched input '}' expecting {'(', '{'}
line 211:39 mismatched input '}' expecting {'(', '{'}
line 218:14 mismatched input '\ifExintVar' expecting {MODALITY, FORALL, EXISTS, '\if', '\ifEx', 'true', 'false', '(', '{', '@', NOT, SEQARROW, '-', STRING_LITERAL, CHAR_LITERAL, BIN_LITERAL, HEX_LITERAL, IDENT, INT_LITERAL, FLOAT_LITERAL, DOUBLE_LITERAL, REAL_LITERAL}
line 218:27 extraneous input '(' expecting {'\lemma', '}', IDENT, '/*!'}
line 218:31 mismatched input ')' expecting {'(', '{'}
line 220:44 mismatched input ')' expecting {'(', '{'}
line 225:14 mismatched input '\ifExintVar' expecting {MODALITY, FORALL, EXISTS, '\if', '\ifEx', 'true', 'false', '(', '{', '@', NOT, SEQARROW, '-', STRING_LITERAL, CHAR_LITERAL, BIN_LITERAL, HEX_LITERAL, IDENT, INT_LITERAL, FLOAT_LITERAL, DOUBLE_LITERAL, REAL_LITERAL}
line 225:27 extraneous input '(' expecting {'\lemma', '}', IDENT, '/*!'}
line 225:31 mismatched input ')' expecting {'(', '{'}
line 227:44 mismatched input ')' expecting {'(', '{'}
line 233:14 mismatched input '\ifExintVar' expecting {MODALITY, FORALL, EXISTS, '\if', '\ifEx', 'true', 'false', '(', '{', '@', NOT, SEQARROW, '-', STRING_LITERAL, CHAR_LITERAL, BIN_LITERAL, HEX_LITERAL, IDENT, INT_LITERAL, FLOAT_LITERAL, DOUBLE_LITERAL, REAL_LITERAL}
line 233:27 extraneous input '(' expecting {'\lemma', '}', IDENT, '/*!'}
line 233:31 mismatched input ')' expecting {'(', '{'}
line 237:42 mismatched input '}' expecting {'(', '{'}
line 238:34 mismatched input '}' expecting {'(', '{'}
line 239:28 extraneous input '(' expecting {'\lemma', '}', IDENT, '/*!'}
line 239:33 mismatched input '->' expecting {'(', '{'}
line 240:8 extraneous input '\replacewith' expecting {'\lemma', '}', IDENT, '/*!'}
line 240:25 mismatched input ')' expecting {'(', '{'}
line 240:56 mismatched input ')' expecting {'(', '{'}
line 245:14 mismatched input '\ifExintVar' expecting {MODALITY, FORALL, EXISTS, '\if', '\ifEx', 'true', 'false', '(', '{', '@', NOT, SEQARROW, '-', STRING_LITERAL, CHAR_LITERAL, BIN_LITERAL, HEX_LITERAL, IDENT, INT_LITERAL, FLOAT_LITERAL, DOUBLE_LITERAL, REAL_LITERAL}
line 245:27 extraneous input '(' expecting {'\lemma', '}', IDENT, '/*!'}
line 245:31 mismatched input ')' expecting {'(', '{'}
line 248:45 mismatched input '}' expecting {'(', '{'}
line 249:8 extraneous input '\replacewith' expecting {'\lemma', '}', IDENT, '/*!'}
line 249:38 mismatched input ')' expecting {'(', '{'}
line 250:42 mismatched input '}' expecting {'(', '{'}
line 251:28 extraneous input '(' expecting {'\lemma', '}', IDENT, '/*!'}
line 251:33 mismatched input '->' expecting {'(', '{'}
line 255:14 mismatched input '\ifExintVar' expecting {MODALITY, FORALL, EXISTS, '\if', '\ifEx', 'true', 'false', '(', '{', '@', NOT, SEQARROW, '-', STRING_LITERAL, CHAR_LITERAL, BIN_LITERAL, HEX_LITERAL, IDENT, INT_LITERAL, FLOAT_LITERAL, DOUBLE_LITERAL, REAL_LITERAL}
line 255:27 extraneous input '(' expecting {'\lemma', '}', IDENT, '/*!'}
line 255:31 mismatched input ')' expecting {'(', '{'}
line 258:52 extraneous input '0' expecting {'\lemma', '}', IDENT, '/*!'}
line 258:54 mismatched input 'then' expecting {<EOF>, '\problem', '\chooseContract', '\proofObligation', '\proof'}

	at de.uka.ilkd.key.util.parsing.SyntaxErrorReporter.throwException(SyntaxErrorReporter.java:89)

301446     WARN  Test worker     d.u.i.k.n.KeYParser       [syntax-error] file:/home/runner/work/key/key/key.core/build/resources/main/de/uka/ilkd/key/proof/rules/ifThenElseRules.key:135:14: mismatched input '\ifExintVar' expecting {MODALITY, FORALL, EXISTS, '\if', '\ifEx', 'true', 'false', '(', '{', '@', NOT, SEQARROW, '-', STRING_LITERAL, CHAR_LITERAL, BIN_LITERAL, HEX_LITERAL, IDENT, INT_LITERAL, FLOAT_LITERAL, DOUBLE_LITERAL, REAL_LITERAL} [@745,3563:3573='\ifExintVar',<188>,135:14] (termorseq, taclet, rulesOrAxioms, decls, file) 
301458     WARN  Test worker     d.u.i.k.n.KeYParser       [syntax-error] file:/home/runner/work/key/key/key.core/build/resources/main/de/uka/ilkd/key/proof/rules/ifThenElseRules.key:135:27: extraneous input '(' expecting {'\lemma', '}', IDENT, '/*!'} [@748,3576:3576='(',<146>,135:27] (rulesOrAxioms, decls, file) 
301459     WARN  Test worker     d.u.i.k.n.KeYParser       [syntax-error] file:/home/runner/work/key/key/key.core/build/resources/main/de/uka/ilkd/key/proof/rules/ifThenElseRules.key:135:44: mismatched input ')' expecting {'(', '{'} [@754,3593:3593=')',<147>,135:44] (taclet, rulesOrAxioms, decls, file) 
301459     WARN  Test worker     d.u.i.k.n.KeYParser       [syntax-error] file:/home/runner/work/key/key/key.core/build/resources/main/de/uka/ilkd/key/proof/rules/ifThenElseRules.key:141:14: mismatched input '\ifExintVar' expecting {MODALITY, FORALL, EXISTS, '\if', '\ifEx', 'true', 'false', '(', '{', '@', NOT, SEQARROW, '-', STRING_LITERAL, CHAR_LITERAL, BIN_LITERAL, HEX_LITERAL, IDENT, INT_LITERAL, FLOAT_LITERAL, DOUBLE_LITERAL, REAL_LITERAL} [@780,3716:3726='\ifExintVar',<188>,141:14] (termorseq, taclet, rulesOrAxioms, decls, file) 
301459     WARN  Test worker     d.u.i.k.n.KeYParser       [syntax-error] file:/home/runner/work/key/key/key.core/build/resources/main/de/uka/ilkd/key/proof/rules/ifThenElseRules.key:141:27: extraneous input '(' expecting {'\lemma', '}', IDENT, '/*!'} [@783,3729:3729='(',<146>,141:27] (rulesOrAxioms, decls, file) 
301459     WARN  Test worker     d.u.i.k.n.KeYParser       [syntax-error] file:/home/runner/work/key/key/key.core/build/resources/main/de/uka/ilkd/key/proof/rules/ifThenElseRules.key:141:41: mismatched input ')' expecting {'(', '{'} [@789,3743:3743=')',<147>,141:41] (taclet, rulesOrAxioms, decls, file) 
301459     WARN  Test worker     d.u.i.k.n.KeYParser       [syntax-error] file:/home/runner/work/key/key/key.core/build/resources/main/de/uka/ilkd/key/proof/rules/ifThenElseRules.key:148:14: mismatched input '\ifExintVar' expecting {MODALITY, FORALL, EXISTS, '\if', '\ifEx', 'true', 'false', '(', '{', '@', NOT, SEQARROW, '-', STRING_LITERAL, CHAR_LITERAL, BIN_LITERAL, HEX_LITERAL, IDENT, INT_LITERAL, FLOAT_LITERAL, DOUBLE_LITERAL, REAL_LITERAL} [@819,3896:3906='\ifExintVar',<188>,148:14] (termorseq, taclet, rulesOrAxioms, decls, file) 
301459     WARN  Test worker     d.u.i.k.n.KeYParser       [syntax-error] file:/home/runner/work/key/key/key.core/build/resources/main/de/uka/ilkd/key/proof/rules/ifThenElseRules.key:148:27: extraneous input '(' expecting {'\lemma', '}', IDENT, '/*!'} [@822,3909:3909='(',<146>,148:27] (rulesOrAxioms, decls, file) 
301460     WARN  Test worker     d.u.i.k.n.KeYParser       [syntax-error] file:/home/runner/work/key/key/key.core/build/resources/main/de/uka/ilkd/key/proof/rules/ifThenElseRules.key:148:35: mismatched input '=' expecting {'(', '{'} [@825,3917:3917='=',<159>,148:35] (taclet, rulesOrAxioms, decls, file) 
301460     WARN  Test worker     d.u.i.k.n.KeYParser       [syntax-error] file:/home/runner/work/key/key/key.core/build/resources/main/de/uka/ilkd/key/proof/rules/ifThenElseRules.key:150:38: mismatched input '}' expecting {'(', '{'} [@859,4023:4023='}',<149>,150:38] (taclet, rulesOrAxioms, decls, file) 
301460     WARN  Test worker     d.u.i.k.n.KeYParser       [syntax-error] file:/home/runner/work/key/key/key.core/build/resources/main/de/uka/ilkd/key/proof/rules/ifThenElseRules.key:155:14: mismatched input '\ifExintVar' expecting {MODALITY, FORALL, EXISTS, '\if', '\ifEx', 'true', 'false', '(', '{', '@', NOT, SEQARROW, '-', STRING_LITERAL, CHAR_LITERAL, BIN_LITERAL, HEX_LITERAL, IDENT, INT_LITERAL, FLOAT_LITERAL, DOUBLE_LITERAL, REAL_LITERAL} [@877,4109:4119='\ifExintVar',<188>,155:14] (termorseq, taclet, rulesOrAxioms, decls, file) 
301460     WARN  Test worker     d.u.i.k.n.KeYParser       [syntax-error] file:/home/runner/work/key/key/key.core/build/resources/main/de/uka/ilkd/key/proof/rules/ifThenElseRules.key:155:27: extraneous input '(' expecting {'\lemma', '}', IDENT, '/*!'} [@880,4122:4122='(',<146>,155:27] (rulesOrAxioms, decls, file) 
301460     WARN  Test worker     d.u.i.k.n.KeYParser       [syntax-error] file:/home/runner/work/key/key/key.core/build/resources/main/de/uka/ilkd/key/proof/rules/ifThenElseRules.key:155:35: mismatched input '=' expecting {'(', '{'} [@883,4130:4130='=',<159>,155:35] (taclet, rulesOrAxioms, decls, file) 
301460     WARN  Test worker     d.u.i.k.n.KeYParser       [syntax-error] file:/home/runner/work/key/key/key.core/build/resources/main/de/uka/ilkd/key/proof/rules/ifThenElseRules.key:157:38: mismatched input '}' expecting {'(', '{'} [@917,4230:4230='}',<149>,157:38] (taclet, rulesOrAxioms, decls, file) 
301460     WARN  Test worker     d.u.i.k.n.KeYParser       [syntax-error] file:/home/runner/work/key/key/key.core/build/resources/main/de/uka/ilkd/key/proof/rules/ifThenElseRules.key:163:14: mismatched input '\ifExintVar' expecting {MODALITY, FORALL, EXISTS, '\if', '\ifEx', 'true', 'false', '(', '{', '@', NOT, SEQARROW, '-', STRING_LITERAL, CHAR_LITERAL, BIN_LITERAL, HEX_LITERAL, IDENT, INT_LITERAL, FLOAT_LITERAL, DOUBLE_LITERAL, REAL_LITERAL} [@939,4350:4360='\ifExintVar',<188>,163:14] (termorseq, taclet, rulesOrAxioms, decls, file) 
301460     WARN  Test worker     d.u.i.k.n.KeYParser       [syntax-error] file:/home/runner/work/key/key/key.core/build/resources/main/de/uka/ilkd/key/proof/rules/ifThenElseRules.key:163:27: extraneous input '(' expecting {'\lemma', '}', IDENT, '/*!'} [@942,4363:4363='(',<146>,163:27] (rulesOrAxioms, decls, file) 
301461     WARN  Test worker     d.u.i.k.n.KeYParser       [syntax-error] file:/home/runner/work/key/key/key.core/build/resources/main/de/uka/ilkd/key/proof/rules/ifThenElseRules.key:163:30: mismatched input '=' expecting {'(', '{'} [@945,4366:4366='=',<159>,163:30] (taclet, rulesOrAxioms, decls, file) 
301461     WARN  Test worker     d.u.i.k.n.KeYParser       [syntax-error] file:/home/runner/work/key/key/key.core/build/resources/main/de/uka/ilkd/key/proof/rules/ifThenElseRules.key:165:38: mismatched input '}' expecting {'(', '{'} [@979,4477:4477='}',<149>,165:38] (taclet, rulesOrAxioms, decls, file) 
301461     WARN  Test worker     d.u.i.k.n.KeYParser       [syntax-error] file:/home/runner/work/key/key/key.core/build/resources/main/de/uka/ilkd/key/proof/rules/ifThenElseRules.key:171:14: mismatched input '\ifExintVar' expecting {MODALITY, FORALL, EXISTS, '\if', '\ifEx', 'true', 'false', '(', '{', '@', NOT, SEQARROW, '-', STRING_LITERAL, CHAR_LITERAL, BIN_LITERAL, HEX_LITERAL, IDENT, INT_LITERAL, FLOAT_LITERAL, DOUBLE_LITERAL, REAL_LITERAL} [@1001,4604:4614='\ifExintVar',<188>,171:14] (termorseq, taclet, rulesOrAxioms, decls, file) 
301461     WARN  Test worker     d.u.i.k.n.KeYParser       [syntax-error] file:/home/runner/work/key/key/key.core/build/resources/main/de/uka/ilkd/key/proof/rules/ifThenElseRules.key:171:27: extraneous input '(' expecting {'\lemma', '}', IDENT, '/*!'} [@1004,4617:4617='(',<146>,171:27] (rulesOrAxioms, decls, file) 
301461     WARN  Test worker     d.u.i.k.n.KeYParser       [syntax-error] file:/home/runner/work/key/key/key.core/build/resources/main/de/uka/ilkd/key/proof/rules/ifThenElseRules.key:171:30: mismatched input '=' expecting {'(', '{'} [@1007,4620:4620='=',<159>,171:30] (taclet, rulesOrAxioms, decls, file) 
301461     WARN  Test worker     d.u.i.k.n.KeYParser       [syntax-error] file:/home/runner/work/key/key/key.core/build/resources/main/de/uka/ilkd/key/proof/rules/ifThenElseRules.key:173:38: mismatched input '}' expecting {'(', '{'} [@1041,4725:4725='}',<149>,173:38] (taclet, rulesOrAxioms, decls, file) 
301461     WARN  Test worker     d.u.i.k.n.KeYParser       [syntax-error] file:/home/runner/work/key/key/key.core/build/resources/main/de/uka/ilkd/key/proof/rules/ifThenElseRules.key:179:14: mismatched input '\ifExintVar' expecting {MODALITY, FORALL, EXISTS, '\if', '\ifEx', 'true', 'false', '(', '{', '@', NOT, SEQARROW, '-', STRING_LITERAL, CHAR_LITERAL, BIN_LITERAL, HEX_LITERAL, IDENT, INT_LITERAL, FLOAT_LITERAL, DOUBLE_LITERAL, REAL_LITERAL} [@1063,4848:4858='\ifExintVar',<188>,179:14] (termorseq, taclet, rulesOrAxioms, decls, file) 
301461     WARN  Test worker     d.u.i.k.n.KeYParser       [syntax-error] file:/home/runner/work/key/key/key.core/build/resources/main/de/uka/ilkd/key/proof/rules/ifThenElseRules.key:179:27: extraneous input '(' expecting {'\lemma', '}', IDENT, '/*!'} [@1066,4861:4861='(',<146>,179:27] (rulesOrAxioms, decls, file) 
301462     WARN  Test worker     d.u.i.k.n.KeYParser       [syntax-error] file:/home/runner/work/key/key/key.core/build/resources/main/de/uka/ilkd/key/proof/rules/ifThenElseRules.key:179:32: mismatched input '&' expecting {'(', '{'} [@1069,4866:4866='&',<156>,179:32] (taclet, rulesOrAxioms, decls, file) 
301462     WARN  Test worker     d.u.i.k.n.KeYParser       [syntax-error] file:/home/runner/work/key/key/key.core/build/resources/main/de/uka/ilkd/key/proof/rules/ifThenElseRules.key:181:42: mismatched input '}' expecting {'(', '{'} [@1109,4985:4985='}',<149>,181:42] (taclet, rulesOrAxioms, decls, file) 
301462     WARN  Test worker     d.u.i.k.n.KeYParser       [syntax-error] file:/home/runner/work/key/key/key.core/build/resources/main/de/uka/ilkd/key/proof/rules/ifThenElseRules.key:182:39: mismatched input '}' expecting {'(', '{'} [@1122,5030:5030='}',<149>,182:39] (taclet, rulesOrAxioms, decls, file) 
301462     WARN  Test worker     d.u.i.k.n.KeYParser       [syntax-error] file:/home/runner/work/key/key/key.core/build/resources/main/de/uka/ilkd/key/proof/rules/ifThenElseRules.key:188:14: mismatched input '\ifExintVar' expecting {MODALITY, FORALL, EXISTS, '\if', '\ifEx', 'true', 'false', '(', '{', '@', NOT, SEQARROW, '-', STRING_LITERAL, CHAR_LITERAL, BIN_LITERAL, HEX_LITERAL, IDENT, INT_LITERAL, FLOAT_LITERAL, DOUBLE_LITERAL, REAL_LITERAL} [@1146,5149:5159='\ifExintVar',<188>,188:14] (termorseq, taclet, rulesOrAxioms, decls, file) 
301466     WARN  Test worker     d.u.i.k.n.KeYParser       [syntax-error] file:/home/runner/work/key/key/key.core/build/resources/main/de/uka/ilkd/key/proof/rules/ifThenElseRules.key:188:27: extraneous input '(' expecting {'\lemma', '}', IDENT, '/*!'} [@1149,5162:5162='(',<146>,188:27] (rulesOrAxioms, decls, file) 
301466     WARN  Test worker     d.u.i.k.n.KeYParser       [syntax-error] file:/home/runner/work/key/key/key.core/build/resources/main/de/uka/ilkd/key/proof/rules/ifThenElseRules.key:188:32: mismatched input '&' expecting {'(', '{'} [@1152,5167:5167='&',<156>,188:32] (taclet, rulesOrAxioms, decls, file) 
301467     WARN  Test worker     d.u.i.k.n.KeYParser       [syntax-error] file:/home/runner/work/key/key/key.core/build/resources/main/de/uka/ilkd/key/proof/rules/ifThenElseRules.key:190:42: mismatched input '}' expecting {'(', '{'} [@1192,5280:5280='}',<149>,190:42] (taclet, rulesOrAxioms, decls, file) 
301467     WARN  Test worker     d.u.i.k.n.KeYParser       [syntax-error] file:/home/runner/work/key/key/key.core/build/resources/main/de/uka/ilkd/key/proof/rules/ifThenElseRules.key:191:39: mismatched input '}' expecting {'(', '{'} [@1205,5325:5325='}',<149>,191:39] (taclet, rulesOrAxioms, decls, file) 
301467     WARN  Test worker     d.u.i.k.n.KeYParser       [syntax-error] file:/home/runner/work/key/key/key.core/build/resources/main/de/uka/ilkd/key/proof/rules/ifThenElseRules.key:198:14: mismatched input '\ifExintVar' expecting {MODALITY, FORALL, EXISTS, '\if', '\ifEx', 'true', 'false', '(', '{', '@', NOT, SEQARROW, '-', STRING_LITERAL, CHAR_LITERAL, BIN_LITERAL, HEX_LITERAL, IDENT, INT_LITERAL, FLOAT_LITERAL, DOUBLE_LITERAL, REAL_LITERAL} [@1233,5475:5485='\ifExintVar',<188>,198:14] (termorseq, taclet, rulesOrAxioms, decls, file) 
301467     WARN  Test worker     d.u.i.k.n.KeYParser       [syntax-error] file:/home/runner/work/key/key/key.core/build/resources/main/de/uka/ilkd/key/proof/rules/ifThenElseRules.key:198:27: extraneous input '(' expecting {'\lemma', '}', IDENT, '/*!'} [@1236,5488:5488='(',<146>,198:27] (rulesOrAxioms, decls, file) 
301467     WARN  Test worker     d.u.i.k.n.KeYParser       [syntax-error] file:/home/runner/work/key/key/key.core/build/resources/main/de/uka/ilkd/key/proof/rules/ifThenElseRules.key:198:32: mismatched input '&' expecting {'(', '{'} [@1239,5493:5493='&',<156>,198:32] (taclet, rulesOrAxioms, decls, file) 
301467     WARN  Test worker     d.u.i.k.n.KeYParser       [syntax-error] file:/home/runner/work/key/key/key.core/build/resources/main/de/uka/ilkd/key/proof/rules/ifThenElseRules.key:200:42: mismatched input '}' expecting {'(', '{'} [@1279,5612:5612='}',<149>,200:42] (taclet, rulesOrAxioms, decls, file) 
301467     WARN  Test worker     d.u.i.k.n.KeYParser       [syntax-error] file:/home/runner/work/key/key/key.core/build/resources/main/de/uka/ilkd/key/proof/rules/ifThenElseRules.key:201:39: mismatched input '}' expecting {'(', '{'} [@1292,5657:5657='}',<149>,201:39] (taclet, rulesOrAxioms, decls, file) 
301468     WARN  Test worker     d.u.i.k.n.KeYParser       [syntax-error] file:/home/runner/work/key/key/key.core/build/resources/main/de/uka/ilkd/key/proof/rules/ifThenElseRules.key:208:14: mismatched input '\ifExintVar' expecting {MODALITY, FORALL, EXISTS, '\if', '\ifEx', 'true', 'false', '(', '{', '@', NOT, SEQARROW, '-', STRING_LITERAL, CHAR_LITERAL, BIN_LITERAL, HEX_LITERAL, IDENT, INT_LITERAL, FLOAT_LITERAL, DOUBLE_LITERAL, REAL_LITERAL} [@1320,5817:5827='\ifExintVar',<188>,208:14] (termorseq, taclet, rulesOrAxioms, decls, file) 
301468     WARN  Test worker     d.u.i.k.n.KeYParser       [syntax-error] file:/home/runner/work/key/key/key.core/build/resources/main/de/uka/ilkd/key/proof/rules/ifThenElseRules.key:208:27: extraneous input '(' expecting {'\lemma', '}', IDENT, '/*!'} [@1323,5830:5830='(',<146>,208:27] (rulesOrAxioms, decls, file) 
301468     WARN  Test worker     d.u.i.k.n.KeYParser       [syntax-error] file:/home/runner/work/key/key/key.core/build/resources/main/de/uka/ilkd/key/proof/rules/ifThenElseRules.key:208:32: mismatched input '&' expecting {'(', '{'} [@1326,5835:5835='&',<156>,208:32] (taclet, rulesOrAxioms, decls, file) 
301468     WARN  Test worker     d.u.i.k.n.KeYParser       [syntax-error] file:/home/runner/work/key/key/key.core/build/resources/main/de/uka/ilkd/key/proof/rules/ifThenElseRules.key:210:42: mismatched input '}' expecting {'(', '{'} [@1366,5948:5948='}',<149>,210:42] (taclet, rulesOrAxioms, decls, file) 
301468     WARN  Test worker     d.u.i.k.n.KeYParser       [syntax-error] file:/home/runner/work/key/key/key.core/build/resources/main/de/uka/ilkd/key/proof/rules/ifThenElseRules.key:211:39: mismatched input '}' expecting {'(', '{'} [@1379,5993:5993='}',<149>,211:39] (taclet, rulesOrAxioms, decls, file) 
301468     WARN  Test worker     d.u.i.k.n.KeYParser       [syntax-error] file:/home/runner/work/key/key/key.core/build/resources/main/de/uka/ilkd/key/proof/rules/ifThenElseRules.key:218:14: mismatched input '\ifExintVar' expecting {MODALITY, FORALL, EXISTS, '\if', '\ifEx', 'true', 'false', '(', '{', '@', NOT, SEQARROW, '-', STRING_LITERAL, CHAR_LITERAL, BIN_LITERAL, HEX_LITERAL, IDENT, INT_LITERAL, FLOAT_LITERAL, DOUBLE_LITERAL, REAL_LITERAL} [@1407,6146:6156='\ifExintVar',<188>,218:14] (termorseq, taclet, rulesOrAxioms, decls, file) 
301468     WARN  Test worker     d.u.i.k.n.KeYParser       [syntax-error] file:/home/runner/work/key/key/key.core/build/resources/main/de/uka/ilkd/key/proof/rules/ifThenElseRules.key:218:27: extraneous input '(' expecting {'\lemma', '}', IDENT, '/*!'} [@1410,6159:6159='(',<146>,218:27] (rulesOrAxioms, decls, file) 
301468     WARN  Test worker     d.u.i.k.n.KeYParser       [syntax-error] file:/home/runner/work/key/key/key.core/build/resources/main/de/uka/ilkd/key/proof/rules/ifThenElseRules.key:218:31: mismatched input ')' expecting {'(', '{'} [@1412,6163:6163=')',<147>,218:31] (taclet, rulesOrAxioms, decls, file) 
301469     WARN  Test worker     d.u.i.k.n.KeYParser       [syntax-error] file:/home/runner/work/key/key/key.core/build/resources/main/de/uka/ilkd/key/proof/rules/ifThenElseRules.key:220:44: mismatched input ')' expecting {'(', '{'} [@1444,6275:6275=')',<147>,220:44] (taclet, rulesOrAxioms, decls, file) 
301469     WARN  Test worker     d.u.i.k.n.KeYParser       [syntax-error] file:/home/runner/work/key/key/key.core/build/resources/main/de/uka/ilkd/key/proof/rules/ifThenElseRules.key:225:14: mismatched input '\ifExintVar' expecting {MODALITY, FORALL, EXISTS, '\if', '\ifEx', 'true', 'false', '(', '{', '@', NOT, SEQARROW, '-', STRING_LITERAL, CHAR_LITERAL, BIN_LITERAL, HEX_LITERAL, IDENT, INT_LITERAL, FLOAT_LITERAL, DOUBLE_LITERAL, REAL_LITERAL} [@1471,6389:6399='\ifExintVar',<188>,225:14] (termorseq, taclet, rulesOrAxioms, decls, file) 
301469     WARN  Test worker     d.u.i.k.n.KeYParser       [syntax-error] file:/home/runner/work/key/key/key.core/build/resources/main/de/uka/ilkd/key/proof/rules/ifThenElseRules.key:225:27: extraneous input '(' expecting {'\lemma', '}', IDENT, '/*!'} [@1474,6402:6402='(',<146>,225:27] (rulesOrAxioms, decls, file) 
301469     WARN  Test worker     d.u.i.k.n.KeYParser       [syntax-error] file:/home/runner/work/key/key/key.core/build/resources/main/de/uka/ilkd/key/proof/rules/ifThenElseRules.key:225:31: mismatched input ')' expecting {'(', '{'} [@1476,6406:6406=')',<147>,225:31] (taclet, rulesOrAxioms, decls, file) 
301469     WARN  Test worker     d.u.i.k.n.KeYParser       [syntax-error] file:/home/runner/work/key/key/key.core/build/resources/main/de/uka/ilkd/key/proof/rules/ifThenElseRules.key:227:44: mismatched input ')' expecting {'(', '{'} [@1508,6509:6509=')',<147>,227:44] (taclet, rulesOrAxioms, decls, file) 
301469     WARN  Test worker     d.u.i.k.n.KeYParser       [syntax-error] file:/home/runner/work/key/key/key.core/build/resources/main/de/uka/ilkd/key/proof/rules/ifThenElseRules.key:233:14: mismatched input '\ifExintVar' expecting {MODALITY, FORALL, EXISTS, '\if', '\ifEx', 'true', 'false', '(', '{', '@', NOT, SEQARROW, '-', STRING_LITERAL, CHAR_LITERAL, BIN_LITERAL, HEX_LITERAL, IDENT, INT_LITERAL, FLOAT_LITERAL, DOUBLE_LITERAL, REAL_LITERAL} [@1539,6656:6666='\ifExintVar',<188>,233:14] (termorseq, taclet, rulesOrAxioms, decls, file) 
301469     WARN  Test worker     d.u.i.k.n.KeYParser       [syntax-error] file:/home/runner/work/key/key/key.core/build/resources/main/de/uka/ilkd/key/proof/rules/ifThenElseRules.key:233:27: extraneous input '(' expecting {'\lemma', '}', IDENT, '/*!'} [@1542,6669:6669='(',<146>,233:27] (rulesOrAxioms, decls, file) 
301469     WARN  Test worker     d.u.i.k.n.KeYParser       [syntax-error] file:/home/runner/work/key/key/key.core/build/resources/main/de/uka/ilkd/key/proof/rules/ifThenElseRules.key:233:31: mismatched input ')' expecting {'(', '{'} [@1544,6673:6673=')',<147>,233:31] (taclet, rulesOrAxioms, decls, file) 
301470     WARN  Test worker     d.u.i.k.n.KeYParser       [syntax-error] file:/home/runner/work/key/key/key.core/build/resources/main/de/uka/ilkd/key/proof/rules/ifThenElseRules.key:237:42: mismatched input '}' expecting {'(', '{'} [@1586,6850:6850='}',<149>,237:42] (taclet, rulesOrAxioms, decls, file) 
301470     WARN  Test worker     d.u.i.k.n.KeYParser       [syntax-error] file:/home/runner/work/key/key/key.core/build/resources/main/de/uka/ilkd/key/proof/rules/ifThenElseRules.key:238:34: mismatched input '}' expecting {'(', '{'} [@1599,6891:6891='}',<149>,238:34] (taclet, rulesOrAxioms, decls, file) 
301470     WARN  Test worker     d.u.i.k.n.KeYParser       [syntax-error] file:/home/runner/work/key/key/key.core/build/resources/main/de/uka/ilkd/key/proof/rules/ifThenElseRules.key:239:28: extraneous input '(' expecting {'\lemma', '}', IDENT, '/*!'} [@1608,6925:6925='(',<146>,239:28] (rulesOrAxioms, decls, file) 
301470     WARN  Test worker     d.u.i.k.n.KeYParser       [syntax-error] file:/home/runner/work/key/key/key.core/build/resources/main/de/uka/ilkd/key/proof/rules/ifThenElseRules.key:239:33: mismatched input '->' expecting {'(', '{'} [@1611,6930:6931='->',<158>,239:33] (taclet, rulesOrAxioms, decls, file) 
301470     WARN  Test worker     d.u.i.k.n.KeYParser       [syntax-error] file:/home/runner/work/key/key/key.core/build/resources/main/de/uka/ilkd/key/proof/rules/ifThenElseRules.key:240:8: extraneous input '\replacewith' expecting {'\lemma', '}', IDENT, '/*!'} [@1626,6979:6990='\replacewith',<105>,240:8] (rulesOrAxioms, decls, file) 
301470     WARN  Test worker     d.u.i.k.n.KeYParser       [syntax-error] file:/home/runner/work/key/key/key.core/build/resources/main/de/uka/ilkd/key/proof/rules/ifThenElseRules.key:240:25: mismatched input ')' expecting {'(', '{'} [@1629,6996:6996=')',<147>,240:25] (taclet, rulesOrAxioms, decls, file) 
301470     WARN  Test worker     d.u.i.k.n.KeYParser       [syntax-error] file:/home/runner/work/key/key/key.core/build/resources/main/de/uka/ilkd/key/proof/rules/ifThenElseRules.key:240:56: mismatched input ')' expecting {'(', '{'} [@1642,7027:7027=')',<147>,240:56] (taclet, rulesOrAxioms, decls, file) 
301470     WARN  Test worker     d.u.i.k.n.KeYParser       [syntax-error] file:/home/runner/work/key/key/key.core/build/resources/main/de/uka/ilkd/key/proof/rules/ifThenElseRules.key:245:14: mismatched input '\ifExintVar' expecting {MODALITY, FORALL, EXISTS, '\if', '\ifEx', 'true', 'false', '(', '{', '@', NOT, SEQARROW, '-', STRING_LITERAL, CHAR_LITERAL, BIN_LITERAL, HEX_LITERAL, IDENT, INT_LITERAL, FLOAT_LITERAL, DOUBLE_LITERAL, REAL_LITERAL} [@1658,7109:7119='\ifExintVar',<188>,245:14] (termorseq, taclet, rulesOrAxioms, decls, file) 
301470     WARN  Test worker     d.u.i.k.n.KeYParser       [syntax-error] file:/home/runner/work/key/key/key.core/build/resources/main/de/uka/ilkd/key/proof/rules/ifThenElseRules.key:245:27: extraneous input '(' expecting {'\lemma', '}', IDENT, '/*!'} [@1661,7122:7122='(',<146>,245:27] (rulesOrAxioms, decls, file) 
301471     WARN  Test worker     d.u.i.k.n.KeYParser       [syntax-error] file:/home/runner/work/key/key/key.core/build/resources/main/de/uka/ilkd/key/proof/rules/ifThenElseRules.key:245:31: mismatched input ')' expecting {'(', '{'} [@1663,7126:7126=')',<147>,245:31] (taclet, rulesOrAxioms, decls, file) 
301471     WARN  Test worker     d.u.i.k.n.KeYParser       [syntax-error] file:/home/runner/work/key/key/key.core/build/resources/main/de/uka/ilkd/key/proof/rules/ifThenElseRules.key:248:45: mismatched input '}' expecting {'(', '{'} [@1696,7268:7268='}',<149>,248:45] (taclet, rulesOrAxioms, decls, file) 
301471     WARN  Test worker     d.u.i.k.n.KeYParser       [syntax-error] file:/home/runner/work/key/key/key.core/build/resources/main/de/uka/ilkd/key/proof/rules/ifThenElseRules.key:249:8: extraneous input '\replacewith' expecting {'\lemma', '}', IDENT, '/*!'} [@1701,7284:7295='\replacewith',<105>,249:8] (rulesOrAxioms, decls, file) 
301471     WARN  Test worker     d.u.i.k.n.KeYParser       [syntax-error] file:/home/runner/work/key/key/key.core/build/resources/main/de/uka/ilkd/key/proof/rules/ifThenElseRules.key:249:38: mismatched input ')' expecting {'(', '{'} [@1708,7314:7314=')',<147>,249:38] (taclet, rulesOrAxioms, decls, file) 
301471     WARN  Test worker     d.u.i.k.n.KeYParser       [syntax-error] file:/home/runner/work/key/key/key.core/build/resources/main/de/uka/ilkd/key/proof/rules/ifThenElseRules.key:250:42: mismatched input '}' expecting {'(', '{'} [@1731,7381:7381='}',<149>,250:42] (taclet, rulesOrAxioms, decls, file) 
301471     WARN  Test worker     d.u.i.k.n.KeYParser       [syntax-error] file:/home/runner/work/key/key/key.core/build/resources/main/de/uka/ilkd/key/proof/rules/ifThenElseRules.key:251:28: extraneous input '(' expecting {'\lemma', '}', IDENT, '/*!'} [@1741,7416:7416='(',<146>,251:28] (rulesOrAxioms, decls, file) 
301471     WARN  Test worker     d.u.i.k.n.KeYParser       [syntax-error] file:/home/runner/work/key/key/key.core/build/resources/main/de/uka/ilkd/key/proof/rules/ifThenElseRules.key:251:33: mismatched input '->' expecting {'(', '{'} [@1744,7421:7422='->',<158>,251:33] (taclet, rulesOrAxioms, decls, file) 
301471     WARN  Test worker     d.u.i.k.n.KeYParser       [syntax-error] file:/home/runner/work/key/key/key.core/build/resources/main/de/uka/ilkd/key/proof/rules/ifThenElseRules.key:255:14: mismatched input '\ifExintVar' expecting {MODALITY, FORALL, EXISTS, '\if', '\ifEx', 'true', 'false', '(', '{', '@', NOT, SEQARROW, '-', STRING_LITERAL, CHAR_LITERAL, BIN_LITERAL, HEX_LITERAL, IDENT, INT_LITERAL, FLOAT_LITERAL, DOUBLE_LITERAL, REAL_LITERAL} [@1765,7506:7516='\ifExintVar',<188>,255:14] (termorseq, taclet, rulesOrAxioms, decls, file) 
301471     WARN  Test worker     d.u.i.k.n.KeYParser       [syntax-error] file:/home/runner/work/key/key/key.core/build/resources/main/de/uka/ilkd/key/proof/rules/ifThenElseRules.key:255:27: extraneous input '(' expecting {'\lemma', '}', IDENT, '/*!'} [@1768,7519:7519='(',<146>,255:27] (rulesOrAxioms, decls, file) 
301472     WARN  Test worker     d.u.i.k.n.KeYParser       [syntax-error] file:/home/runner/work/key/key/key.core/build/resources/main/de/uka/ilkd/key/proof/rules/ifThenElseRules.key:255:31: mismatched input ')' expecting {'(', '{'} [@1770,7523:7523=')',<147>,255:31] (taclet, rulesOrAxioms, decls, file) 
301472     WARN  Test worker     d.u.i.k.n.KeYParser       [syntax-error] file:/home/runner/work/key/key/key.core/build/resources/main/de/uka/ilkd/key/proof/rules/ifThenElseRules.key:258:52: extraneous input '0' expecting {'\lemma', '}', IDENT, '/*!'} [@1809,7667:7667='0',<184>,258:52] (rulesOrAxioms, decls, file) 
301472     WARN  Test worker     d.u.i.k.n.KeYParser       [syntax-error] file:/home/runner/work/key/key/key.core/build/resources/main/de/uka/ilkd/key/proof/rules/ifThenElseRules.key:258:54: mismatched input 'then' expecting {<EOF>, '\problem', '\chooseContract', '\proofObligation', '\proof'} [@1811,7669:7672='then',<183>,258:54] (file) 
301472     ERROR Test worker     d.u.i.k.s.n.MasterHandlerTest Error reading /home/runner/work/key/key/key.core/build/resources/test/de/uka/ilkd/key/smt/newsmt2/cases/bool3.props de.uka.ilkd.key.proof.io.ProblemLoaderException: line 135:14 mismatched input '\ifExintVar' expecting {MODALITY, FORALL, EXISTS, '\if', '\ifEx', 'true', 'false', '(', '{', '@', NOT, SEQARROW, '-', STRING_LITERAL, CHAR_LITERAL, BIN_LITERAL, HEX_LITERAL, IDENT, INT_LITERAL, FLOAT_LITERAL, DOUBLE_LITERAL, REAL_LITERAL}
line 135:27 extraneous input '(' expecting {'\lemma', '}', IDENT, '/*!'}
line 135:44 mismatched input ')' expecting {'(', '{'}
line 141:14 mismatched input '\ifExintVar' expecting {MODALITY, FORALL, EXISTS, '\if', '\ifEx', 'true', 'false', '(', '{', '@', NOT, SEQARROW, '-', STRING_LITERAL, CHAR_LITERAL, BIN_LITERAL, HEX_LITERAL, IDENT, INT_LITERAL, FLOAT_LITERAL, DOUBLE_LITERAL, REAL_LITERAL}
line 141:27 extraneous input '(' expecting {'\lemma', '}', IDENT, '/*!'}
line 141:41 mismatched input ')' expecting {'(', '{'}
line 148:14 mismatched input '\ifExintVar' expecting {MODALITY, FORALL, EXISTS, '\if', '\ifEx', 'true', 'false', '(', '{', '@', NOT, SEQARROW, '-', STRING_LITERAL, CHAR_LITERAL, BIN_LITERAL, HEX_LITERAL, IDENT, INT_LITERAL, FLOAT_LITERAL, DOUBLE_LITERAL, REAL_LITERAL}
line 148:27 extraneous input '(' expecting {'\lemma', '}', IDENT, '/*!'}
line 148:35 mismatched input '=' expecting {'(', '{'}
line 150:38 mismatched input '}' expecting {'(', '{'}
line 155:14 mismatched input '\ifExintVar' expecting {MODALITY, FORALL, EXISTS, '\if', '\ifEx', 'true', 'false', '(', '{', '@', NOT, SEQARROW, '-', STRING_LITERAL, CHAR_LITERAL, BIN_LITERAL, HEX_LITERAL, IDENT, INT_LITERAL, FLOAT_LITERAL, DOUBLE_LITERAL, REAL_LITERAL}
line 155:27 extraneous input '(' expecting {'\lemma', '}', IDENT, '/*!'}
line 155:35 mismatched input '=' expecting {'(', '{'}
line 157:38 mismatched input '}' expecting {'(', '{'}
line 163:14 mismatched input '\ifExintVar' expecting {MODALITY, FORALL, EXISTS, '\if', '\ifEx', 'true', 'false', '(', '{', '@', NOT, SEQARROW, '-', STRING_LITERAL, CHAR_LITERAL, BIN_LITERAL, HEX_LITERAL, IDENT, INT_LITERAL, FLOAT_LITERAL, DOUBLE_LITERAL, REAL_LITERAL}
line 163:27 extraneous input '(' expecting {'\lemma', '}', IDENT, '/*!'}
line 163:30 mismatched input '=' expecting {'(', '{'}
line 165:38 mismatched input '}' expecting {'(', '{'}
line 171:14 mismatched input '\ifExintVar' expecting {MODALITY, FORALL, EXISTS, '\if', '\ifEx', 'true', 'false', '(', '{', '@', NOT, SEQARROW, '-', STRING_LITERAL, CHAR_LITERAL, BIN_LITERAL, HEX_LITERAL, IDENT, INT_LITERAL, FLOAT_LITERAL, DOUBLE_LITERAL, REAL_LITERAL}
line 171:27 extraneous input '(' expecting {'\lemma', '}', IDENT, '/*!'}
line 171:30 mismatched input '=' expecting {'(', '{'}
line 173:38 mismatched input '}' expecting {'(', '{'}
line 179:14 mismatched input '\ifExintVar' expecting {MODALITY, FORALL, EXISTS, '\if', '\ifEx', 'true', 'false', '(', '{', '@', NOT, SEQARROW, '-', STRING_LITERAL, CHAR_LITERAL, BIN_LITERAL, HEX_LITERAL, IDENT, INT_LITERAL, FLOAT_LITERAL, DOUBLE_LITERAL, REAL_LITERAL}
line 179:27 extraneous input '(' expecting {'\lemma', '}', IDENT, '/*!'}
line 179:32 mismatched input '&' expecting {'(', '{'}
line 181:42 mismatched input '}' expecting {'(', '{'}
line 182:39 mismatched input '}' expecting {'(', '{'}
line 188:14 mismatched input '\ifExintVar' expecting {MODALITY, FORALL, EXISTS, '\if', '\ifEx', 'true', 'false', '(', '{', '@', NOT, SEQARROW, '-', STRING_LITERAL, CHAR_LITERAL, BIN_LITERAL, HEX_LITERAL, IDENT, INT_LITERAL, FLOAT_LITERAL, DOUBLE_LITERAL, REAL_LITERAL}
line 188:27 extraneous input '(' expecting {'\lemma', '}', IDENT, '/*!'}
line 188:32 mismatched input '&' expecting {'(', '{'}
line 190:42 mismatched input '}' expecting {'(', '{'}
line 191:39 mismatched input '}' expecting {'(', '{'}
line 198:14 mismatched input '\ifExintVar' expecting {MODALITY, FORALL, EXISTS, '\if', '\ifEx', 'true', 'false', '(', '{', '@', NOT, SEQARROW, '-', STRING_LITERAL, CHAR_LITERAL, BIN_LITERAL, HEX_LITERAL, IDENT, INT_LITERAL, FLOAT_LITERAL, DOUBLE_LITERAL, REAL_LITERAL}
line 198:27 extraneous input '(' expecting {'\lemma', '}', IDENT, '/*!'}
line 198:32 mismatched input '&' expecting {'(', '{'}
line 200:42 mismatched input '}' expecting {'(', '{'}
line 201:39 mismatched input '}' expecting {'(', '{'}
line 208:14 mismatched input '\ifExintVar' expecting {MODALITY, FORALL, EXISTS, '\if', '\ifEx', 'true', 'false', '(', '{', '@', NOT, SEQARROW, '-', STRING_LITERAL, CHAR_LITERAL, BIN_LITERAL, HEX_LITERAL, IDENT, INT_LITERAL, FLOAT_LITERAL, DOUBLE_LITERAL, REAL_LITERAL}
line 208:27 extraneous input '(' expecting {'\lemma', '}', IDENT, '/*!'}
line 208:32 mismatched input '&' expecting {'(', '{'}
line 210:42 mismatched input '}' expecting {'(', '{'}
line 211:39 mismatched input '}' expecting {'(', '{'}
line 218:14 mismatched input '\ifExintVar' expecting {MODALITY, FORALL, EXISTS, '\if', '\ifEx', 'true', 'false', '(', '{', '@', NOT, SEQARROW, '-', STRING_LITERAL, CHAR_LITERAL, BIN_LITERAL, HEX_LITERAL, IDENT, INT_LITERAL, FLOAT_LITERAL, DOUBLE_LITERAL, REAL_LITERAL}
line 218:27 extraneous input '(' expecting {'\lemma', '}', IDENT, '/*!'}
line 218:31 mismatched input ')' expecting {'(', '{'}
line 220:44 mismatched input ')' expecting {'(', '{'}
line 225:14 mismatched input '\ifExintVar' expecting {MODALITY, FORALL, EXISTS, '\if', '\ifEx', 'true', 'false', '(', '{', '@', NOT, SEQARROW, '-', STRING_LITERAL, CHAR_LITERAL, BIN_LITERAL, HEX_LITERAL, IDENT, INT_LITERAL, FLOAT_LITERAL, DOUBLE_LITERAL, REAL_LITERAL}
line 225:27 extraneous input '(' expecting {'\lemma', '}', IDENT, '/*!'}
line 225:31 mismatched input ')' expecting {'(', '{'}
line 227:44 mismatched input ')' expecting {'(', '{'}
line 233:14 mismatched input '\ifExintVar' expecting {MODALITY, FORALL, EXISTS, '\if', '\ifEx', 'true', 'false', '(', '{', '@', NOT, SEQARROW, '-', STRING_LITERAL, CHAR_LITERAL, BIN_LITERAL, HEX_LITERAL, IDENT, INT_LITERAL, FLOAT_LITERAL, DOUBLE_LITERAL, REAL_LITERAL}
line 233:27 extraneous input '(' expecting {'\lemma', '}', IDENT, '/*!'}
line 233:31 mismatched input ')' expecting {'(', '{'}
line 237:42 mismatched input '}' expecting {'(', '{'}
line 238:34 mismatched input '}' expecting {'(', '{'}
line 239:28 extraneous input '(' expecting {'\lemma', '}', IDENT, '/*!'}
line 239:33 mismatched input '->' expecting {'(', '{'}
line 240:8 extraneous input '\replacewith' expecting {'\lemma', '}', IDENT, '/*!'}
line 240:25 mismatched input ')' expecting {'(', '{'}
line 240:56 mismatched input ')' expecting {'(', '{'}
line 245:14 mismatched input '\ifExintVar' expecting {MODALITY, FORALL, EXISTS, '\if', '\ifEx', 'true', 'false', '(', '{', '@', NOT, SEQARROW, '-', STRING_LITERAL, CHAR_LITERAL, BIN_LITERAL, HEX_LITERAL, IDENT, INT_LITERAL, FLOAT_LITERAL, DOUBLE_LITERAL, REAL_LITERAL}
line 245:27 extraneous input '(' expecting {'\lemma', '}', IDENT, '/*!'}
line 245:31 mismatched input ')' expecting {'(', '{'}
line 248:45 mismatched input '}' expecting {'(', '{'}
line 249:8 extraneous input '\replacewith' expecting {'\lemma', '}', IDENT, '/*!'}
line 249:38 mismatched input ')' expecting {'(', '{'}
line 250:42 mismatched input '}' expecting {'(', '{'}
line 251:28 extraneous input '(' expecting {'\lemma', '}', IDENT, '/*!'}
line 251:33 mismatched input '->' expecting {'(', '{'}
line 255:14 mismatched input '\ifExintVar' expecting {MODALITY, FORALL, EXISTS, '\if', '\ifEx', 'true', 'false', '(', '{', '@', NOT, SEQARROW, '-', STRING_LITERAL, CHAR_LITERAL, BIN_LITERAL, HEX_LITERAL, IDENT, INT_LITERAL, FLOAT_LITERAL, DOUBLE_LITERAL, REAL_LITERAL}
line 255:27 extraneous input '(' expecting {'\lemma', '}', IDENT, '/*!'}
line 255:31 mismatched input ')' expecting {'(', '{'}
line 258:52 extraneous input '0' expecting {'\lemma', '}', IDENT, '/*!'}
line 258:54 mismatched input 'then' expecting {<EOF>, '\problem', '\chooseContract', '\proofObligation', '\proof'}

	at de.uka.ilkd.key.control.AbstractUserInterfaceControl.load(AbstractUserInterfaceControl.java:221)
Caused by: de.uka.ilkd.key.proof.init.ProofInputException: line 135:14 mismatched input '\ifExintVar' expecting {MODALITY, FORALL, EXISTS, '\if', '\ifEx', 'true', 'false', '(', '{', '@', NOT, SEQARROW, '-', STRING_LITERAL, CHAR_LITERAL, BIN_LITERAL, HEX_LITERAL, IDENT, INT_LITERAL, FLOAT_LITERAL, DOUBLE_LITERAL, REAL_LITERAL}
line 135:27 extraneous input '(' expecting {'\lemma', '}', IDENT, '/*!'}
line 135:44 mismatched input ')' expecting {'(', '{'}
line 141:14 mismatched input '\ifExintVar' expecting {MODALITY, FORALL, EXISTS, '\if', '\ifEx', 'true', 'false', '(', '{', '@', NOT, SEQARROW, '-', STRING_LITERAL, CHAR_LITERAL, BIN_LITERAL, HEX_LITERAL, IDENT, INT_LITERAL, FLOAT_LITERAL, DOUBLE_LITERAL, REAL_LITERAL}
line 141:27 extraneous input '(' expecting {'\lemma', '}', IDENT, '/*!'}
line 141:41 mismatched input ')' expecting {'(', '{'}
line 148:14 mismatched input '\ifExintVar' expecting {MODALITY, FORALL, EXISTS, '\if', '\ifEx', 'true', 'false', '(', '{', '@', NOT, SEQARROW, '-', STRING_LITERAL, CHAR_LITERAL, BIN_LITERAL, HEX_LITERAL, IDENT, INT_LITERAL, FLOAT_LITERAL, DOUBLE_LITERAL, REAL_LITERAL}
line 148:27 extraneous input '(' expecting {'\lemma', '}', IDENT, '/*!'}
line 148:35 mismatched input '=' expecting {'(', '{'}
line 150:38 mismatched input '}' expecting {'(', '{'}
line 155:14 mismatched input '\ifExintVar' expecting {MODALITY, FORALL, EXISTS, '\if', '\ifEx', 'true', 'false', '(', '{', '@', NOT, SEQARROW, '-', STRING_LITERAL, CHAR_LITERAL, BIN_LITERAL, HEX_LITERAL, IDENT, INT_LITERAL, FLOAT_LITERAL, DOUBLE_LITERAL, REAL_LITERAL}
line 155:27 extraneous input '(' expecting {'\lemma', '}', IDENT, '/*!'}
line 155:35 mismatched input '=' expecting {'(', '{'}
line 157:38 mismatched input '}' expecting {'(', '{'}
line 163:14 mismatched input '\ifExintVar' expecting {MODALITY, FORALL, EXISTS, '\if', '\ifEx', 'true', 'false', '(', '{', '@', NOT, SEQARROW, '-', STRING_LITERAL, CHAR_LITERAL, BIN_LITERAL, HEX_LITERAL, IDENT, INT_LITERAL, FLOAT_LITERAL, DOUBLE_LITERAL, REAL_LITERAL}
line 163:27 extraneous input '(' expecting {'\lemma', '}', IDENT, '/*!'}
line 163:30 mismatched input '=' expecting {'(', '{'}
line 165:38 mismatched input '}' expecting {'(', '{'}
line 171:14 mismatched input '\ifExintVar' expecting {MODALITY, FORALL, EXISTS, '\if', '\ifEx', 'true', 'false', '(', '{', '@', NOT, SEQARROW, '-', STRING_LITERAL, CHAR_LITERAL, BIN_LITERAL, HEX_LITERAL, IDENT, INT_LITERAL, FLOAT_LITERAL, DOUBLE_LITERAL, REAL_LITERAL}
line 171:27 extraneous input '(' expecting {'\lemma', '}', IDENT, '/*!'}
line 171:30 mismatched input '=' expecting {'(', '{'}
line 173:38 mismatched input '}' expecting {'(', '{'}
line 179:14 mismatched input '\ifExintVar' expecting {MODALITY, FORALL, EXISTS, '\if', '\ifEx', 'true', 'false', '(', '{', '@', NOT, SEQARROW, '-', STRING_LITERAL, CHAR_LITERAL, BIN_LITERAL, HEX_LITERAL, IDENT, INT_LITERAL, FLOAT_LITERAL, DOUBLE_LITERAL, REAL_LITERAL}
line 179:27 extraneous input '(' expecting {'\lemma', '}', IDENT, '/*!'}
line 179:32 mismatched input '&' expecting {'(', '{'}
line 181:42 mismatched input '}' expecting {'(', '{'}
line 182:39 mismatched input '}' expecting {'(', '{'}
line 188:14 mismatched input '\ifExintVar' expecting {MODALITY, FORALL, EXISTS, '\if', '\ifEx', 'true', 'false', '(', '{', '@', NOT, SEQARROW, '-', STRING_LITERAL, CHAR_LITERAL, BIN_LITERAL, HEX_LITERAL, IDENT, INT_LITERAL, FLOAT_LITERAL, DOUBLE_LITERAL, REAL_LITERAL}
line 188:27 extraneous input '(' expecting {'\lemma', '}', IDENT, '/*!'}
line 188:32 mismatched input '&' expecting {'(', '{'}
line 190:42 mismatched input '}' expecting {'(', '{'}
line 191:39 mismatched input '}' expecting {'(', '{'}
line 198:14 mismatched input '\ifExintVar' expecting {MODALITY, FORALL, EXISTS, '\if', '\ifEx', 'true', 'false', '(', '{', '@', NOT, SEQARROW, '-', STRING_LITERAL, CHAR_LITERAL, BIN_LITERAL, HEX_LITERAL, IDENT, INT_LITERAL, FLOAT_LITERAL, DOUBLE_LITERAL, REAL_LITERAL}
line 198:27 extraneous input '(' expecting {'\lemma', '}', IDENT, '/*!'}
line 198:32 mismatched input '&' expecting {'(', '{'}
line 200:42 mismatched input '}' expecting {'(', '{'}
line 201:39 mismatched input '}' expecting {'(', '{'}
line 208:14 mismatched input '\ifExintVar' expecting {MODALITY, FORALL, EXISTS, '\if', '\ifEx', 'true', 'false', '(', '{', '@', NOT, SEQARROW, '-', STRING_LITERAL, CHAR_LITERAL, BIN_LITERAL, HEX_LITERAL, IDENT, INT_LITERAL, FLOAT_LITERAL, DOUBLE_LITERAL, REAL_LITERAL}
line 208:27 extraneous input '(' expecting {'\lemma', '}', IDENT, '/*!'}
line 208:32 mismatched input '&' expecting {'(', '{'}
line 210:42 mismatched input '}' expecting {'(', '{'}
line 211:39 mismatched input '}' expecting {'(', '{'}
line 218:14 mismatched input '\ifExintVar' expecting {MODALITY, FORALL, EXISTS, '\if', '\ifEx', 'true', 'false', '(', '{', '@', NOT, SEQARROW, '-', STRING_LITERAL, CHAR_LITERAL, BIN_LITERAL, HEX_LITERAL, IDENT, INT_LITERAL, FLOAT_LITERAL, DOUBLE_LITERAL, REAL_LITERAL}
line 218:27 extraneous input '(' expecting {'\lemma', '}', IDENT, '/*!'}
line 218:31 mismatched input ')' expecting {'(', '{'}
line 220:44 mismatched input ')' expecting {'(', '{'}
line 225:14 mismatched input '\ifExintVar' expecting {MODALITY, FORALL, EXISTS, '\if', '\ifEx', 'true', 'false', '(', '{', '@', NOT, SEQARROW, '-', STRING_LITERAL, CHAR_LITERAL, BIN_LITERAL, HEX_LITERAL, IDENT, INT_LITERAL, FLOAT_LITERAL, DOUBLE_LITERAL, REAL_LITERAL}
line 225:27 extraneous input '(' expecting {'\lemma', '}', IDENT, '/*!'}
line 225:31 mismatched input ')' expecting {'(', '{'}
line 227:44 mismatched input ')' expecting {'(', '{'}
line 233:14 mismatched input '\ifExintVar' expecting {MODALITY, FORALL, EXISTS, '\if', '\ifEx', 'true', 'false', '(', '{', '@', NOT, SEQARROW, '-', STRING_LITERAL, CHAR_LITERAL, BIN_LITERAL, HEX_LITERAL, IDENT, INT_LITERAL, FLOAT_LITERAL, DOUBLE_LITERAL, REAL_LITERAL}
line 233:27 extraneous input '(' expecting {'\lemma', '}', IDENT, '/*!'}
line 233:31 mismatched input ')' expecting {'(', '{'}
line 237:42 mismatched input '}' expecting {'(', '{'}
line 238:34 mismatched input '}' expecting {'(', '{'}
line 239:28 extraneous input '(' expecting {'\lemma', '}', IDENT, '/*!'}
line 239:33 mismatched input '->' expecting {'(', '{'}
line 240:8 extraneous input '\replacewith' expecting {'\lemma', '}', IDENT, '/*!'}
line 240:25 mismatched input ')' expecting {'(', '{'}
line 240:56 mismatched input ')' expecting {'(', '{'}
line 245:14 mismatched input '\ifExintVar' expecting {MODALITY, FORALL, EXISTS, '\if', '\ifEx', 'true', 'false', '(', '{', '@', NOT, SEQARROW, '-', STRING_LITERAL, CHAR_LITERAL, BIN_LITERAL, HEX_LITERAL, IDENT, INT_LITERAL, FLOAT_LITERAL, DOUBLE_LITERAL, REAL_LITERAL}
line 245:27 extraneous input '(' expecting {'\lemma', '}', IDENT, '/*!'}
line 245:31 mismatched input ')' expecting {'(', '{'}
line 248:45 mismatched input '}' expecting {'(', '{'}
line 249:8 extraneous input '\replacewith' expecting {'\lemma', '}', IDENT, '/*!'}
line 249:38 mismatched input ')' expecting {'(', '{'}
line 250:42 mismatched input '}' expecting {'(', '{'}
line 251:28 extraneous input '(' expecting {'\lemma', '}', IDENT, '/*!'}
line 251:33 mismatched input '->' expecting {'(', '{'}
line 255:14 mismatched input '\ifExintVar' expecting {MODALITY, FORALL, EXISTS, '\if', '\ifEx', 'true', 'false', '(', '{', '@', NOT, SEQARROW, '-', STRING_LITERAL, CHAR_LITERAL, BIN_LITERAL, HEX_LITERAL, IDENT, INT_LITERAL, FLOAT_LITERAL, DOUBLE_LITERAL, REAL_LITERAL}
line 255:27 extraneous input '(' expecting {'\lemma', '}', IDENT, '/*!'}
line 255:31 mismatched input ')' expecting {'(', '{'}
line 258:52 extraneous input '0' expecting {'\lemma', '}', IDENT, '/*!'}
line 258:54 mismatched input 'then' expecting {<EOF>, '\problem', '\chooseContract', '\proofObligation', '\proof'}

	at de.uka.ilkd.key.proof.io.KeYFile.readIncludes(KeYFile.java:210)
Caused by: de.uka.ilkd.key.util.parsing.SyntaxErrorReporter$ParserException: line 135:14 mismatched input '\ifExintVar' expecting {MODALITY, FORALL, EXISTS, '\if', '\ifEx', 'true', 'false', '(', '{', '@', NOT, SEQARROW, '-', STRING_LITERAL, CHAR_LITERAL, BIN_LITERAL, HEX_LITERAL, IDENT, INT_LITERAL, FLOAT_LITERAL, DOUBLE_LITERAL, REAL_LITERAL}
line 135:27 extraneous input '(' expecting {'\lemma', '}', IDENT, '/*!'}
line 135:44 mismatched input ')' expecting {'(', '{'}
line 141:14 mismatched input '\ifExintVar' expecting {MODALITY, FORALL, EXISTS, '\if', '\ifEx', 'true', 'false', '(', '{', '@', NOT, SEQARROW, '-', STRING_LITERAL, CHAR_LITERAL, BIN_LITERAL, HEX_LITERAL, IDENT, INT_LITERAL, FLOAT_LITERAL, DOUBLE_LITERAL, REAL_LITERAL}
line 141:27 extraneous input '(' expecting {'\lemma', '}', IDENT, '/*!'}
line 141:41 mismatched input ')' expecting {'(', '{'}
line 148:14 mismatched input '\ifExintVar' expecting {MODALITY, FORALL, EXISTS, '\if', '\ifEx', 'true', 'false', '(', '{', '@', NOT, SEQARROW, '-', STRING_LITERAL, CHAR_LITERAL, BIN_LITERAL, HEX_LITERAL, IDENT, INT_LITERAL, FLOAT_LITERAL, DOUBLE_LITERAL, REAL_LITERAL}
line 148:27 extraneous input '(' expecting {'\lemma', '}', IDENT, '/*!'}
line 148:35 mismatched input '=' expecting {'(', '{'}
line 150:38 mismatched input '}' expecting {'(', '{'}
line 155:14 mismatched input '\ifExintVar' expecting {MODALITY, FORALL, EXISTS, '\if', '\ifEx', 'true', 'false', '(', '{', '@', NOT, SEQARROW, '-', STRING_LITERAL, CHAR_LITERAL, BIN_LITERAL, HEX_LITERAL, IDENT, INT_LITERAL, FLOAT_LITERAL, DOUBLE_LITERAL, REAL_LITERAL}
line 155:27 extraneous input '(' expecting {'\lemma', '}', IDENT, '/*!'}
line 155:35 mismatched input '=' expecting {'(', '{'}
line 157:38 mismatched input '}' expecting {'(', '{'}
line 163:14 mismatched input '\ifExintVar' expecting {MODALITY, FORALL, EXISTS, '\if', '\ifEx', 'true', 'false', '(', '{', '@', NOT, SEQARROW, '-', STRING_LITERAL, CHAR_LITERAL, BIN_LITERAL, HEX_LITERAL, IDENT, INT_LITERAL, FLOAT_LITERAL, DOUBLE_LITERAL, REAL_LITERAL}
line 163:27 extraneous input '(' expecting {'\lemma', '}', IDENT, '/*!'}
line 163:30 mismatched input '=' expecting {'(', '{'}
line 165:38 mismatched input '}' expecting {'(', '{'}
line 171:14 mismatched input '\ifExintVar' expecting {MODALITY, FORALL, EXISTS, '\if', '\ifEx', 'true', 'false', '(', '{', '@', NOT, SEQARROW, '-', STRING_LITERAL, CHAR_LITERAL, BIN_LITERAL, HEX_LITERAL, IDENT, INT_LITERAL, FLOAT_LITERAL, DOUBLE_LITERAL, REAL_LITERAL}
line 171:27 extraneous input '(' expecting {'\lemma', '}', IDENT, '/*!'}
line 171:30 mismatched input '=' expecting {'(', '{'}
line 173:38 mismatched input '}' expecting {'(', '{'}
line 179:14 mismatched input '\ifExintVar' expecting {MODALITY, FORALL, EXISTS, '\if', '\ifEx', 'true', 'false', '(', '{', '@', NOT, SEQARROW, '-', STRING_LITERAL, CHAR_LITERAL, BIN_LITERAL, HEX_LITERAL, IDENT, INT_LITERAL, FLOAT_LITERAL, DOUBLE_LITERAL, REAL_LITERAL}
line 179:27 extraneous input '(' expecting {'\lemma', '}', IDENT, '/*!'}
line 179:32 mismatched input '&' expecting {'(', '{'}
line 181:42 mismatched input '}' expecting {'(', '{'}
line 182:39 mismatched input '}' expecting {'(', '{'}
line 188:14 mismatched input '\ifExintVar' expecting {MODALITY, FORALL, EXISTS, '\if', '\ifEx', 'true', 'false', '(', '{', '@', NOT, SEQARROW, '-', STRING_LITERAL, CHAR_LITERAL, BIN_LITERAL, HEX_LITERAL, IDENT, INT_LITERAL, FLOAT_LITERAL, DOUBLE_LITERAL, REAL_LITERAL}
line 188:27 extraneous input '(' expecting {'\lemma', '}', IDENT, '/*!'}
line 188:32 mismatched input '&' expecting {'(', '{'}
line 190:42 mismatched input '}' expecting {'(', '{'}
line 191:39 mismatched input '}' expecting {'(', '{'}
line 198:14 mismatched input '\ifExintVar' expecting {MODALITY, FORALL, EXISTS, '\if', '\ifEx', 'true', 'false', '(', '{', '@', NOT, SEQARROW, '-', STRING_LITERAL, CHAR_LITERAL, BIN_LITERAL, HEX_LITERAL, IDENT, INT_LITERAL, FLOAT_LITERAL, DOUBLE_LITERAL, REAL_LITERAL}
line 198:27 extraneous input '(' expecting {'\lemma', '}', IDENT, '/*!'}
line 198:32 mismatched input '&' expecting {'(', '{'}
line 200:42 mismatched input '}' expecting {'(', '{'}
line 201:39 mismatched input '}' expecting {'(', '{'}
line 208:14 mismatched input '\ifExintVar' expecting {MODALITY, FORALL, EXISTS, '\if', '\ifEx', 'true', 'false', '(', '{', '@', NOT, SEQARROW, '-', STRING_LITERAL, CHAR_LITERAL, BIN_LITERAL, HEX_LITERAL, IDENT, INT_LITERAL, FLOAT_LITERAL, DOUBLE_LITERAL, REAL_LITERAL}
line 208:27 extraneous input '(' expecting {'\lemma', '}', IDENT, '/*!'}
line 208:32 mismatched input '&' expecting {'(', '{'}
line 210:42 mismatched input '}' expecting {'(', '{'}
line 211:39 mismatched input '}' expecting {'(', '{'}
line 218:14 mismatched input '\ifExintVar' expecting {MODALITY, FORALL, EXISTS, '\if', '\ifEx', 'true', 'false', '(', '{', '@', NOT, SEQARROW, '-', STRING_LITERAL, CHAR_LITERAL, BIN_LITERAL, HEX_LITERAL, IDENT, INT_LITERAL, FLOAT_LITERAL, DOUBLE_LITERAL, REAL_LITERAL}
line 218:27 extraneous input '(' expecting {'\lemma', '}', IDENT, '/*!'}
line 218:31 mismatched input ')' expecting {'(', '{'}
line 220:44 mismatched input ')' expecting {'(', '{'}
line 225:14 mismatched input '\ifExintVar' expecting {MODALITY, FORALL, EXISTS, '\if', '\ifEx', 'true', 'false', '(', '{', '@', NOT, SEQARROW, '-', STRING_LITERAL, CHAR_LITERAL, BIN_LITERAL, HEX_LITERAL, IDENT, INT_LITERAL, FLOAT_LITERAL, DOUBLE_LITERAL, REAL_LITERAL}
line 225:27 extraneous input '(' expecting {'\lemma', '}', IDENT, '/*!'}
line 225:31 mismatched input ')' expecting {'(', '{'}
line 227:44 mismatched input ')' expecting {'(', '{'}
line 233:14 mismatched input '\ifExintVar' expecting {MODALITY, FORALL, EXISTS, '\if', '\ifEx', 'true', 'false', '(', '{', '@', NOT, SEQARROW, '-', STRING_LITERAL, CHAR_LITERAL, BIN_LITERAL, HEX_LITERAL, IDENT, INT_LITERAL, FLOAT_LITERAL, DOUBLE_LITERAL, REAL_LITERAL}
line 233:27 extraneous input '(' expecting {'\lemma', '}', IDENT, '/*!'}
line 233:31 mismatched input ')' expecting {'(', '{'}
line 237:42 mismatched input '}' expecting {'(', '{'}
line 238:34 mismatched input '}' expecting {'(', '{'}
line 239:28 extraneous input '(' expecting {'\lemma', '}', IDENT, '/*!'}
line 239:33 mismatched input '->' expecting {'(', '{'}
line 240:8 extraneous input '\replacewith' expecting {'\lemma', '}', IDENT, '/*!'}
line 240:25 mismatched input ')' expecting {'(', '{'}
line 240:56 mismatched input ')' expecting {'(', '{'}
line 245:14 mismatched input '\ifExintVar' expecting {MODALITY, FORALL, EXISTS, '\if', '\ifEx', 'true', 'false', '(', '{', '@', NOT, SEQARROW, '-', STRING_LITERAL, CHAR_LITERAL, BIN_LITERAL, HEX_LITERAL, IDENT, INT_LITERAL, FLOAT_LITERAL, DOUBLE_LITERAL, REAL_LITERAL}
line 245:27 extraneous input '(' expecting {'\lemma', '}', IDENT, '/*!'}
line 245:31 mismatched input ')' expecting {'(', '{'}
line 248:45 mismatched input '}' expecting {'(', '{'}
line 249:8 extraneous input '\replacewith' expecting {'\lemma', '}', IDENT, '/*!'}
line 249:38 mismatched input ')' expecting {'(', '{'}
line 250:42 mismatched input '}' expecting {'(', '{'}
line 251:28 extraneous input '(' expecting {'\lemma', '}', IDENT, '/*!'}
line 251:33 mismatched input '->' expecting {'(', '{'}
line 255:14 mismatched input '\ifExintVar' expecting {MODALITY, FORALL, EXISTS, '\if', '\ifEx', 'true', 'false', '(', '{', '@', NOT, SEQARROW, '-', STRING_LITERAL, CHAR_LITERAL, BIN_LITERAL, HEX_LITERAL, IDENT, INT_LITERAL, FLOAT_LITERAL, DOUBLE_LITERAL, REAL_LITERAL}
line 255:27 extraneous input '(' expecting {'\lemma', '}', IDENT, '/*!'}
line 255:31 mismatched input ')' expecting {'(', '{'}
line 258:52 extraneous input '0' expecting {'\lemma', '}', IDENT, '/*!'}
line 258:54 mismatched input 'then' expecting {<EOF>, '\problem', '\chooseContract', '\proofObligation', '\proof'}

	at de.uka.ilkd.key.util.parsing.SyntaxErrorReporter.throwException(SyntaxErrorReporter.java:89)

301511     WARN  Test worker     d.u.i.k.n.KeYParser       [syntax-error] file:/home/runner/work/key/key/key.core/build/resources/main/de/uka/ilkd/key/proof/rules/ifThenElseRules.key:135:14: mismatched input '\ifExintVar' expecting {MODALITY, FORALL, EXISTS, '\if', '\ifEx', 'true', 'false', '(', '{', '@', NOT, SEQARROW, '-', STRING_LITERAL, CHAR_LITERAL, BIN_LITERAL, HEX_LITERAL, IDENT, INT_LITERAL, FLOAT_LITERAL, DOUBLE_LITERAL, REAL_LITERAL} [@745,3563:3573='\ifExintVar',<188>,135:14] (termorseq, taclet, rulesOrAxioms, decls, file) 
301511     WARN  Test worker     d.u.i.k.n.KeYParser       [syntax-error] file:/home/runner/work/key/key/key.core/build/resources/main/de/uka/ilkd/key/proof/rules/ifThenElseRules.key:135:27: extraneous input '(' expecting {'\lemma', '}', IDENT, '/*!'} [@748,3576:3576='(',<146>,135:27] (rulesOrAxioms, decls, file) 
301512     WARN  Test worker     d.u.i.k.n.KeYParser       [syntax-error] file:/home/runner/work/key/key/key.core/build/resources/main/de/uka/ilkd/key/proof/rules/ifThenElseRules.key:135:44: mismatched input ')' expecting {'(', '{'} [@754,3593:3593=')',<147>,135:44] (taclet, rulesOrAxioms, decls, file) 
301512     WARN  Test worker     d.u.i.k.n.KeYParser       [syntax-error] file:/home/runner/work/key/key/key.core/build/resources/main/de/uka/ilkd/key/proof/rules/ifThenElseRules.key:141:14: mismatched input '\ifExintVar' expecting {MODALITY, FORALL, EXISTS, '\if', '\ifEx', 'true', 'false', '(', '{', '@', NOT, SEQARROW, '-', STRING_LITERAL, CHAR_LITERAL, BIN_LITERAL, HEX_LITERAL, IDENT, INT_LITERAL, FLOAT_LITERAL, DOUBLE_LITERAL, REAL_LITERAL} [@780,3716:3726='\ifExintVar',<188>,141:14] (termorseq, taclet, rulesOrAxioms, decls, file) 
301512     WARN  Test worker     d.u.i.k.n.KeYParser       [syntax-error] file:/home/runner/work/key/key/key.core/build/resources/main/de/uka/ilkd/key/proof/rules/ifThenElseRules.key:141:27: extraneous input '(' expecting {'\lemma', '}', IDENT, '/*!'} [@783,3729:3729='(',<146>,141:27] (rulesOrAxioms, decls, file) 
301512     WARN  Test worker     d.u.i.k.n.KeYParser       [syntax-error] file:/home/runner/work/key/key/key.core/build/resources/main/de/uka/ilkd/key/proof/rules/ifThenElseRules.key:141:41: mismatched input ')' expecting {'(', '{'} [@789,3743:3743=')',<147>,141:41] (taclet, rulesOrAxioms, decls, file) 
301512     WARN  Test worker     d.u.i.k.n.KeYParser       [syntax-error] file:/home/runner/work/key/key/key.core/build/resources/main/de/uka/ilkd/key/proof/rules/ifThenElseRules.key:148:14: mismatched input '\ifExintVar' expecting {MODALITY, FORALL, EXISTS, '\if', '\ifEx', 'true', 'false', '(', '{', '@', NOT, SEQARROW, '-', STRING_LITERAL, CHAR_LITERAL, BIN_LITERAL, HEX_LITERAL, IDENT, INT_LITERAL, FLOAT_LITERAL, DOUBLE_LITERAL, REAL_LITERAL} [@819,3896:3906='\ifExintVar',<188>,148:14] (termorseq, taclet, rulesOrAxioms, decls, file) 
301512     WARN  Test worker     d.u.i.k.n.KeYParser       [syntax-error] file:/home/runner/work/key/key/key.core/build/resources/main/de/uka/ilkd/key/proof/rules/ifThenElseRules.key:148:27: extraneous input '(' expecting {'\lemma', '}', IDENT, '/*!'} [@822,3909:3909='(',<146>,148:27] (rulesOrAxioms, decls, file) 
301512     WARN  Test worker     d.u.i.k.n.KeYParser       [syntax-error] file:/home/runner/work/key/key/key.core/build/resources/main/de/uka/ilkd/key/proof/rules/ifThenElseRules.key:148:35: mismatched input '=' expecting {'(', '{'} [@825,3917:3917='=',<159>,148:35] (taclet, rulesOrAxioms, decls, file) 
301513     WARN  Test worker     d.u.i.k.n.KeYParser       [syntax-error] file:/home/runner/work/key/key/key.core/build/resources/main/de/uka/ilkd/key/proof/rules/ifThenElseRules.key:150:38: mismatched input '}' expecting {'(', '{'} [@859,4023:4023='}',<149>,150:38] (taclet, rulesOrAxioms, decls, file) 
301513     WARN  Test worker     d.u.i.k.n.KeYParser       [syntax-error] file:/home/runner/work/key/key/key.core/build/resources/main/de/uka/ilkd/key/proof/rules/ifThenElseRules.key:155:14: mismatched input '\ifExintVar' expecting {MODALITY, FORALL, EXISTS, '\if', '\ifEx', 'true', 'false', '(', '{', '@', NOT, SEQARROW, '-', STRING_LITERAL, CHAR_LITERAL, BIN_LITERAL, HEX_LITERAL, IDENT, INT_LITERAL, FLOAT_LITERAL, DOUBLE_LITERAL, REAL_LITERAL} [@877,4109:4119='\ifExintVar',<188>,155:14] (termorseq, taclet, rulesOrAxioms, decls, file) 
301513     WARN  Test worker     d.u.i.k.n.KeYParser       [syntax-error] file:/home/runner/work/key/key/key.core/build/resources/main/de/uka/ilkd/key/proof/rules/ifThenElseRules.key:155:27: extraneous input '(' expecting {'\lemma', '}', IDENT, '/*!'} [@880,4122:4122='(',<146>,155:27] (rulesOrAxioms, decls, file) 
301513     WARN  Test worker     d.u.i.k.n.KeYParser       [syntax-error] file:/home/runner/work/key/key/key.core/build/resources/main/de/uka/ilkd/key/proof/rules/ifThenElseRules.key:155:35: mismatched input '=' expecting {'(', '{'} [@883,4130:4130='=',<159>,155:35] (taclet, rulesOrAxioms, decls, file) 
301513     WARN  Test worker     d.u.i.k.n.KeYParser       [syntax-error] file:/home/runner/work/key/key/key.core/build/resources/main/de/uka/ilkd/key/proof/rules/ifThenElseRules.key:157:38: mismatched input '}' expecting {'(', '{'} [@917,4230:4230='}',<149>,157:38] (taclet, rulesOrAxioms, decls, file) 
301513     WARN  Test worker     d.u.i.k.n.KeYParser       [syntax-error] file:/home/runner/work/key/key/key.core/build/resources/main/de/uka/ilkd/key/proof/rules/ifThenElseRules.key:163:14: mismatched input '\ifExintVar' expecting {MODALITY, FORALL, EXISTS, '\if', '\ifEx', 'true', 'false', '(', '{', '@', NOT, SEQARROW, '-', STRING_LITERAL, CHAR_LITERAL, BIN_LITERAL, HEX_LITERAL, IDENT, INT_LITERAL, FLOAT_LITERAL, DOUBLE_LITERAL, REAL_LITERAL} [@939,4350:4360='\ifExintVar',<188>,163:14] (termorseq, taclet, rulesOrAxioms, decls, file) 
301513     WARN  Test worker     d.u.i.k.n.KeYParser       [syntax-error] file:/home/runner/work/key/key/key.core/build/resources/main/de/uka/ilkd/key/proof/rules/ifThenElseRules.key:163:27: extraneous input '(' expecting {'\lemma', '}', IDENT, '/*!'} [@942,4363:4363='(',<146>,163:27] (rulesOrAxioms, decls, file) 
301513     WARN  Test worker     d.u.i.k.n.KeYParser       [syntax-error] file:/home/runner/work/key/key/key.core/build/resources/main/de/uka/ilkd/key/proof/rules/ifThenElseRules.key:163:30: mismatched input '=' expecting {'(', '{'} [@945,4366:4366='=',<159>,163:30] (taclet, rulesOrAxioms, decls, file) 
301514     WARN  Test worker     d.u.i.k.n.KeYParser       [syntax-error] file:/home/runner/work/key/key/key.core/build/resources/main/de/uka/ilkd/key/proof/rules/ifThenElseRules.key:165:38: mismatched input '}' expecting {'(', '{'} [@979,4477:4477='}',<149>,165:38] (taclet, rulesOrAxioms, decls, file) 
301514     WARN  Test worker     d.u.i.k.n.KeYParser       [syntax-error] file:/home/runner/work/key/key/key.core/build/resources/main/de/uka/ilkd/key/proof/rules/ifThenElseRules.key:171:14: mismatched input '\ifExintVar' expecting {MODALITY, FORALL, EXISTS, '\if', '\ifEx', 'true', 'false', '(', '{', '@', NOT, SEQARROW, '-', STRING_LITERAL, CHAR_LITERAL, BIN_LITERAL, HEX_LITERAL, IDENT, INT_LITERAL, FLOAT_LITERAL, DOUBLE_LITERAL, REAL_LITERAL} [@1001,4604:4614='\ifExintVar',<188>,171:14] (termorseq, taclet, rulesOrAxioms, decls, file) 
301514     WARN  Test worker     d.u.i.k.n.KeYParser       [syntax-error] file:/home/runner/work/key/key/key.core/build/resources/main/de/uka/ilkd/key/proof/rules/ifThenElseRules.key:171:27: extraneous input '(' expecting {'\lemma', '}', IDENT, '/*!'} [@1004,4617:4617='(',<146>,171:27] (rulesOrAxioms, decls, file) 
301514     WARN  Test worker     d.u.i.k.n.KeYParser       [syntax-error] file:/home/runner/work/key/key/key.core/build/resources/main/de/uka/ilkd/key/proof/rules/ifThenElseRules.key:171:30: mismatched input '=' expecting {'(', '{'} [@1007,4620:4620='=',<159>,171:30] (taclet, rulesOrAxioms, decls, file) 
301514     WARN  Test worker     d.u.i.k.n.KeYParser       [syntax-error] file:/home/runner/work/key/key/key.core/build/resources/main/de/uka/ilkd/key/proof/rules/ifThenElseRules.key:173:38: mismatched input '}' expecting {'(', '{'} [@1041,4725:4725='}',<149>,173:38] (taclet, rulesOrAxioms, decls, file) 
301514     WARN  Test worker     d.u.i.k.n.KeYParser       [syntax-error] file:/home/runner/work/key/key/key.core/build/resources/main/de/uka/ilkd/key/proof/rules/ifThenElseRules.key:179:14: mismatched input '\ifExintVar' expecting {MODALITY, FORALL, EXISTS, '\if', '\ifEx', 'true', 'false', '(', '{', '@', NOT, SEQARROW, '-', STRING_LITERAL, CHAR_LITERAL, BIN_LITERAL, HEX_LITERAL, IDENT, INT_LITERAL, FLOAT_LITERAL, DOUBLE_LITERAL, REAL_LITERAL} [@1063,4848:4858='\ifExintVar',<188>,179:14] (termorseq, taclet, rulesOrAxioms, decls, file) 
301515     WARN  Test worker     d.u.i.k.n.KeYParser       [syntax-error] file:/home/runner/work/key/key/key.core/build/resources/main/de/uka/ilkd/key/proof/rules/ifThenElseRules.key:179:27: extraneous input '(' expecting {'\lemma', '}', IDENT, '/*!'} [@1066,4861:4861='(',<146>,179:27] (rulesOrAxioms, decls, file) 
301515     WARN  Test worker     d.u.i.k.n.KeYParser       [syntax-error] file:/home/runner/work/key/key/key.core/build/resources/main/de/uka/ilkd/key/proof/rules/ifThenElseRules.key:179:32: mismatched input '&' expecting {'(', '{'} [@1069,4866:4866='&',<156>,179:32] (taclet, rulesOrAxioms, decls, file) 
301515     WARN  Test worker     d.u.i.k.n.KeYParser       [syntax-error] file:/home/runner/work/key/key/key.core/build/resources/main/de/uka/ilkd/key/proof/rules/ifThenElseRules.key:181:42: mismatched input '}' expecting {'(', '{'} [@1109,4985:4985='}',<149>,181:42] (taclet, rulesOrAxioms, decls, file) 
301515     WARN  Test worker     d.u.i.k.n.KeYParser       [syntax-error] file:/home/runner/work/key/key/key.core/build/resources/main/de/uka/ilkd/key/proof/rules/ifThenElseRules.key:182:39: mismatched input '}' expecting {'(', '{'} [@1122,5030:5030='}',<149>,182:39] (taclet, rulesOrAxioms, decls, file) 
301515     WARN  Test worker     d.u.i.k.n.KeYParser       [syntax-error] file:/home/runner/work/key/key/key.core/build/resources/main/de/uka/ilkd/key/proof/rules/ifThenElseRules.key:188:14: mismatched input '\ifExintVar' expecting {MODALITY, FORALL, EXISTS, '\if', '\ifEx', 'true', 'false', '(', '{', '@', NOT, SEQARROW, '-', STRING_LITERAL, CHAR_LITERAL, BIN_LITERAL, HEX_LITERAL, IDENT, INT_LITERAL, FLOAT_LITERAL, DOUBLE_LITERAL, REAL_LITERAL} [@1146,5149:5159='\ifExintVar',<188>,188:14] (termorseq, taclet, rulesOrAxioms, decls, file) 
301515     WARN  Test worker     d.u.i.k.n.KeYParser       [syntax-error] file:/home/runner/work/key/key/key.core/build/resources/main/de/uka/ilkd/key/proof/rules/ifThenElseRules.key:188:27: extraneous input '(' expecting {'\lemma', '}', IDENT, '/*!'} [@1149,5162:5162='(',<146>,188:27] (rulesOrAxioms, decls, file) 
301515     WARN  Test worker     d.u.i.k.n.KeYParser       [syntax-error] file:/home/runner/work/key/key/key.core/build/resources/main/de/uka/ilkd/key/proof/rules/ifThenElseRules.key:188:32: mismatched input '&' expecting {'(', '{'} [@1152,5167:5167='&',<156>,188:32] (taclet, rulesOrAxioms, decls, file) 
301515     WARN  Test worker     d.u.i.k.n.KeYParser       [syntax-error] file:/home/runner/work/key/key/key.core/build/resources/main/de/uka/ilkd/key/proof/rules/ifThenElseRules.key:190:42: mismatched input '}' expecting {'(', '{'} [@1192,5280:5280='}',<149>,190:42] (taclet, rulesOrAxioms, decls, file) 
301516     WARN  Test worker     d.u.i.k.n.KeYParser       [syntax-error] file:/home/runner/work/key/key/key.core/build/resources/main/de/uka/ilkd/key/proof/rules/ifThenElseRules.key:191:39: mismatched input '}' expecting {'(', '{'} [@1205,5325:5325='}',<149>,191:39] (taclet, rulesOrAxioms, decls, file) 
301516     WARN  Test worker     d.u.i.k.n.KeYParser       [syntax-error] file:/home/runner/work/key/key/key.core/build/resources/main/de/uka/ilkd/key/proof/rules/ifThenElseRules.key:198:14: mismatched input '\ifExintVar' expecting {MODALITY, FORALL, EXISTS, '\if', '\ifEx', 'true', 'false', '(', '{', '@', NOT, SEQARROW, '-', STRING_LITERAL, CHAR_LITERAL, BIN_LITERAL, HEX_LITERAL, IDENT, INT_LITERAL, FLOAT_LITERAL, DOUBLE_LITERAL, REAL_LITERAL} [@1233,5475:5485='\ifExintVar',<188>,198:14] (termorseq, taclet, rulesOrAxioms, decls, file) 
301516     WARN  Test worker     d.u.i.k.n.KeYParser       [syntax-error] file:/home/runner/work/key/key/key.core/build/resources/main/de/uka/ilkd/key/proof/rules/ifThenElseRules.key:198:27: extraneous input '(' expecting {'\lemma', '}', IDENT, '/*!'} [@1236,5488:5488='(',<146>,198:27] (rulesOrAxioms, decls, file) 
301516     WARN  Test worker     d.u.i.k.n.KeYParser       [syntax-error] file:/home/runner/work/key/key/key.core/build/resources/main/de/uka/ilkd/key/proof/rules/ifThenElseRules.key:198:32: mismatched input '&' expecting {'(', '{'} [@1239,5493:5493='&',<156>,198:32] (taclet, rulesOrAxioms, decls, file) 
301517     WARN  Test worker     d.u.i.k.n.KeYParser       [syntax-error] file:/home/runner/work/key/key/key.core/build/resources/main/de/uka/ilkd/key/proof/rules/ifThenElseRules.key:200:42: mismatched input '}' expecting {'(', '{'} [@1279,5612:5612='}',<149>,200:42] (taclet, rulesOrAxioms, decls, file) 
301517     WARN  Test worker     d.u.i.k.n.KeYParser       [syntax-error] file:/home/runner/work/key/key/key.core/build/resources/main/de/uka/ilkd/key/proof/rules/ifThenElseRules.key:201:39: mismatched input '}' expecting {'(', '{'} [@1292,5657:5657='}',<149>,201:39] (taclet, rulesOrAxioms, decls, file) 
301517     WARN  Test worker     d.u.i.k.n.KeYParser       [syntax-error] file:/home/runner/work/key/key/key.core/build/resources/main/de/uka/ilkd/key/proof/rules/ifThenElseRules.key:208:14: mismatched input '\ifExintVar' expecting {MODALITY, FORALL, EXISTS, '\if', '\ifEx', 'true', 'false', '(', '{', '@', NOT, SEQARROW, '-', STRING_LITERAL, CHAR_LITERAL, BIN_LITERAL, HEX_LITERAL, IDENT, INT_LITERAL, FLOAT_LITERAL, DOUBLE_LITERAL, REAL_LITERAL} [@1320,5817:5827='\ifExintVar',<188>,208:14] (termorseq, taclet, rulesOrAxioms, decls, file) 
301517     WARN  Test worker     d.u.i.k.n.KeYParser       [syntax-error] file:/home/runner/work/key/key/key.core/build/resources/main/de/uka/ilkd/key/proof/rules/ifThenElseRules.key:208:27: extraneous input '(' expecting {'\lemma', '}', IDENT, '/*!'} [@1323,5830:5830='(',<146>,208:27] (rulesOrAxioms, decls, file) 
301517     WARN  Test worker     d.u.i.k.n.KeYParser       [syntax-error] file:/home/runner/work/key/key/key.core/build/resources/main/de/uka/ilkd/key/proof/rules/ifThenElseRules.key:208:32: mismatched input '&' expecting {'(', '{'} [@1326,5835:5835='&',<156>,208:32] (taclet, rulesOrAxioms, decls, file) 
301517     WARN  Test worker     d.u.i.k.n.KeYParser       [syntax-error] file:/home/runner/work/key/key/key.core/build/resources/main/de/uka/ilkd/key/proof/rules/ifThenElseRules.key:210:42: mismatched input '}' expecting {'(', '{'} [@1366,5948:5948='}',<149>,210:42] (taclet, rulesOrAxioms, decls, file) 
301517     WARN  Test worker     d.u.i.k.n.KeYParser       [syntax-error] file:/home/runner/work/key/key/key.core/build/resources/main/de/uka/ilkd/key/proof/rules/ifThenElseRules.key:211:39: mismatched input '}' expecting {'(', '{'} [@1379,5993:5993='}',<149>,211:39] (taclet, rulesOrAxioms, decls, file) 
301517     WARN  Test worker     d.u.i.k.n.KeYParser       [syntax-error] file:/home/runner/work/key/key/key.core/build/resources/main/de/uka/ilkd/key/proof/rules/ifThenElseRules.key:218:14: mismatched input '\ifExintVar' expecting {MODALITY, FORALL, EXISTS, '\if', '\ifEx', 'true', 'false', '(', '{', '@', NOT, SEQARROW, '-', STRING_LITERAL, CHAR_LITERAL, BIN_LITERAL, HEX_LITERAL, IDENT, INT_LITERAL, FLOAT_LITERAL, DOUBLE_LITERAL, REAL_LITERAL} [@1407,6146:6156='\ifExintVar',<188>,218:14] (termorseq, taclet, rulesOrAxioms, decls, file) 
301518     WARN  Test worker     d.u.i.k.n.KeYParser       [syntax-error] file:/home/runner/work/key/key/key.core/build/resources/main/de/uka/ilkd/key/proof/rules/ifThenElseRules.key:218:27: extraneous input '(' expecting {'\lemma', '}', IDENT, '/*!'} [@1410,6159:6159='(',<146>,218:27] (rulesOrAxioms, decls, file) 
301518     WARN  Test worker     d.u.i.k.n.KeYParser       [syntax-error] file:/home/runner/work/key/key/key.core/build/resources/main/de/uka/ilkd/key/proof/rules/ifThenElseRules.key:218:31: mismatched input ')' expecting {'(', '{'} [@1412,6163:6163=')',<147>,218:31] (taclet, rulesOrAxioms, decls, file) 
301518     WARN  Test worker     d.u.i.k.n.KeYParser       [syntax-error] file:/home/runner/work/key/key/key.core/build/resources/main/de/uka/ilkd/key/proof/rules/ifThenElseRules.key:220:44: mismatched input ')' expecting {'(', '{'} [@1444,6275:6275=')',<147>,220:44] (taclet, rulesOrAxioms, decls, file) 
301518     WARN  Test worker     d.u.i.k.n.KeYParser       [syntax-error] file:/home/runner/work/key/key/key.core/build/resources/main/de/uka/ilkd/key/proof/rules/ifThenElseRules.key:225:14: mismatched input '\ifExintVar' expecting {MODALITY, FORALL, EXISTS, '\if', '\ifEx', 'true', 'false', '(', '{', '@', NOT, SEQARROW, '-', STRING_LITERAL, CHAR_LITERAL, BIN_LITERAL, HEX_LITERAL, IDENT, INT_LITERAL, FLOAT_LITERAL, DOUBLE_LITERAL, REAL_LITERAL} [@1471,6389:6399='\ifExintVar',<188>,225:14] (termorseq, taclet, rulesOrAxioms, decls, file) 
301518     WARN  Test worker     d.u.i.k.n.KeYParser       [syntax-error] file:/home/runner/work/key/key/key.core/build/resources/main/de/uka/ilkd/key/proof/rules/ifThenElseRules.key:225:27: extraneous input '(' expecting {'\lemma', '}', IDENT, '/*!'} [@1474,6402:6402='(',<146>,225:27] (rulesOrAxioms, decls, file) 
301518     WARN  Test worker     d.u.i.k.n.KeYParser       [syntax-error] file:/home/runner/work/key/key/key.core/build/resources/main/de/uka/ilkd/key/proof/rules/ifThenElseRules.key:225:31: mismatched input ')' expecting {'(', '{'} [@1476,6406:6406=')',<147>,225:31] (taclet, rulesOrAxioms, decls, file) 
301518     WARN  Test worker     d.u.i.k.n.KeYParser       [syntax-error] file:/home/runner/work/key/key/key.core/build/resources/main/de/uka/ilkd/key/proof/rules/ifThenElseRules.key:227:44: mismatched input ')' expecting {'(', '{'} [@1508,6509:6509=')',<147>,227:44] (taclet, rulesOrAxioms, decls, file) 
301519     WARN  Test worker     d.u.i.k.n.KeYParser       [syntax-error] file:/home/runner/work/key/key/key.core/build/resources/main/de/uka/ilkd/key/proof/rules/ifThenElseRules.key:233:14: mismatched input '\ifExintVar' expecting {MODALITY, FORALL, EXISTS, '\if', '\ifEx', 'true', 'false', '(', '{', '@', NOT, SEQARROW, '-', STRING_LITERAL, CHAR_LITERAL, BIN_LITERAL, HEX_LITERAL, IDENT, INT_LITERAL, FLOAT_LITERAL, DOUBLE_LITERAL, REAL_LITERAL} [@1539,6656:6666='\ifExintVar',<188>,233:14] (termorseq, taclet, rulesOrAxioms, decls, file) 
301519     WARN  Test worker     d.u.i.k.n.KeYParser       [syntax-error] file:/home/runner/work/key/key/key.core/build/resources/main/de/uka/ilkd/key/proof/rules/ifThenElseRules.key:233:27: extraneous input '(' expecting {'\lemma', '}', IDENT, '/*!'} [@1542,6669:6669='(',<146>,233:27] (rulesOrAxioms, decls, file) 
301519     WARN  Test worker     d.u.i.k.n.KeYParser       [syntax-error] file:/home/runner/work/key/key/key.core/build/resources/main/de/uka/ilkd/key/proof/rules/ifThenElseRules.key:233:31: mismatched input ')' expecting {'(', '{'} [@1544,6673:6673=')',<147>,233:31] (taclet, rulesOrAxioms, decls, file) 
301519     WARN  Test worker     d.u.i.k.n.KeYParser       [syntax-error] file:/home/runner/work/key/key/key.core/build/resources/main/de/uka/ilkd/key/proof/rules/ifThenElseRules.key:237:42: mismatched input '}' expecting {'(', '{'} [@1586,6850:6850='}',<149>,237:42] (taclet, rulesOrAxioms, decls, file) 
301519     WARN  Test worker     d.u.i.k.n.KeYParser       [syntax-error] file:/home/runner/work/key/key/key.core/build/resources/main/de/uka/ilkd/key/proof/rules/ifThenElseRules.key:238:34: mismatched input '}' expecting {'(', '{'} [@1599,6891:6891='}',<149>,238:34] (taclet, rulesOrAxioms, decls, file) 
301519     WARN  Test worker     d.u.i.k.n.KeYParser       [syntax-error] file:/home/runner/work/key/key/key.core/build/resources/main/de/uka/ilkd/key/proof/rules/ifThenElseRules.key:239:28: extraneous input '(' expecting {'\lemma', '}', IDENT, '/*!'} [@1608,6925:6925='(',<146>,239:28] (rulesOrAxioms, decls, file) 
301519     WARN  Test worker     d.u.i.k.n.KeYParser       [syntax-error] file:/home/runner/work/key/key/key.core/build/resources/main/de/uka/ilkd/key/proof/rules/ifThenElseRules.key:239:33: mismatched input '->' expecting {'(', '{'} [@1611,6930:6931='->',<158>,239:33] (taclet, rulesOrAxioms, decls, file) 
301519     WARN  Test worker     d.u.i.k.n.KeYParser       [syntax-error] file:/home/runner/work/key/key/key.core/build/resources/main/de/uka/ilkd/key/proof/rules/ifThenElseRules.key:240:8: extraneous input '\replacewith' expecting {'\lemma', '}', IDENT, '/*!'} [@1626,6979:6990='\replacewith',<105>,240:8] (rulesOrAxioms, decls, file) 
301519     WARN  Test worker     d.u.i.k.n.KeYParser       [syntax-error] file:/home/runner/work/key/key/key.core/build/resources/main/de/uka/ilkd/key/proof/rules/ifThenElseRules.key:240:25: mismatched input ')' expecting {'(', '{'} [@1629,6996:6996=')',<147>,240:25] (taclet, rulesOrAxioms, decls, file) 
301520     WARN  Test worker     d.u.i.k.n.KeYParser       [syntax-error] file:/home/runner/work/key/key/key.core/build/resources/main/de/uka/ilkd/key/proof/rules/ifThenElseRules.key:240:56: mismatched input ')' expecting {'(', '{'} [@1642,7027:7027=')',<147>,240:56] (taclet, rulesOrAxioms, decls, file) 
301520     WARN  Test worker     d.u.i.k.n.KeYParser       [syntax-error] file:/home/runner/work/key/key/key.core/build/resources/main/de/uka/ilkd/key/proof/rules/ifThenElseRules.key:245:14: mismatched input '\ifExintVar' expecting {MODALITY, FORALL, EXISTS, '\if', '\ifEx', 'true', 'false', '(', '{', '@', NOT, SEQARROW, '-', STRING_LITERAL, CHAR_LITERAL, BIN_LITERAL, HEX_LITERAL, IDENT, INT_LITERAL, FLOAT_LITERAL, DOUBLE_LITERAL, REAL_LITERAL} [@1658,7109:7119='\ifExintVar',<188>,245:14] (termorseq, taclet, rulesOrAxioms, decls, file) 
301520     WARN  Test worker     d.u.i.k.n.KeYParser       [syntax-error] file:/home/runner/work/key/key/key.core/build/resources/main/de/uka/ilkd/key/proof/rules/ifThenElseRules.key:245:27: extraneous input '(' expecting {'\lemma', '}', IDENT, '/*!'} [@1661,7122:7122='(',<146>,245:27] (rulesOrAxioms, decls, file) 
301520     WARN  Test worker     d.u.i.k.n.KeYParser       [syntax-error] file:/home/runner/work/key/key/key.core/build/resources/main/de/uka/ilkd/key/proof/rules/ifThenElseRules.key:245:31: mismatched input ')' expecting {'(', '{'} [@1663,7126:7126=')',<147>,245:31] (taclet, rulesOrAxioms, decls, file) 
301520     WARN  Test worker     d.u.i.k.n.KeYParser       [syntax-error] file:/home/runner/work/key/key/key.core/build/resources/main/de/uka/ilkd/key/proof/rules/ifThenElseRules.key:248:45: mismatched input '}' expecting {'(', '{'} [@1696,7268:7268='}',<149>,248:45] (taclet, rulesOrAxioms, decls, file) 
301520     WARN  Test worker     d.u.i.k.n.KeYParser       [syntax-error] file:/home/runner/work/key/key/key.core/build/resources/main/de/uka/ilkd/key/proof/rules/ifThenElseRules.key:249:8: extraneous input '\replacewith' expecting {'\lemma', '}', IDENT, '/*!'} [@1701,7284:7295='\replacewith',<105>,249:8] (rulesOrAxioms, decls, file) 
301520     WARN  Test worker     d.u.i.k.n.KeYParser       [syntax-error] file:/home/runner/work/key/key/key.core/build/resources/main/de/uka/ilkd/key/proof/rules/ifThenElseRules.key:249:38: mismatched input ')' expecting {'(', '{'} [@1708,7314:7314=')',<147>,249:38] (taclet, rulesOrAxioms, decls, file) 
301521     WARN  Test worker     d.u.i.k.n.KeYParser       [syntax-error] file:/home/runner/work/key/key/key.core/build/resources/main/de/uka/ilkd/key/proof/rules/ifThenElseRules.key:250:42: mismatched input '}' expecting {'(', '{'} [@1731,7381:7381='}',<149>,250:42] (taclet, rulesOrAxioms, decls, file) 
301521     WARN  Test worker     d.u.i.k.n.KeYParser       [syntax-error] file:/home/runner/work/key/key/key.core/build/resources/main/de/uka/ilkd/key/proof/rules/ifThenElseRules.key:251:28: extraneous input '(' expecting {'\lemma', '}', IDENT, '/*!'} [@1741,7416:7416='(',<146>,251:28] (rulesOrAxioms, decls, file) 
301521     WARN  Test worker     d.u.i.k.n.KeYParser       [syntax-error] file:/home/runner/work/key/key/key.core/build/resources/main/de/uka/ilkd/key/proof/rules/ifThenElseRules.key:251:33: mismatched input '->' expecting {'(', '{'} [@1744,7421:7422='->',<158>,251:33] (taclet, rulesOrAxioms, decls, file) 
301521     WARN  Test worker     d.u.i.k.n.KeYParser       [syntax-error] file:/home/runner/work/key/key/key.core/build/resources/main/de/uka/ilkd/key/proof/rules/ifThenElseRules.key:255:14: mismatched input '\ifExintVar' expecting {MODALITY, FORALL, EXISTS, '\if', '\ifEx', 'true', 'false', '(', '{', '@', NOT, SEQARROW, '-', STRING_LITERAL, CHAR_LITERAL, BIN_LITERAL, HEX_LITERAL, IDENT, INT_LITERAL, FLOAT_LITERAL, DOUBLE_LITERAL, REAL_LITERAL} [@1765,7506:7516='\ifExintVar',<188>,255:14] (termorseq, taclet, rulesOrAxioms, decls, file) 
301521     WARN  Test worker     d.u.i.k.n.KeYParser       [syntax-error] file:/home/runner/work/key/key/key.core/build/resources/main/de/uka/ilkd/key/proof/rules/ifThenElseRules.key:255:27: extraneous input '(' expecting {'\lemma', '}', IDENT, '/*!'} [@1768,7519:7519='(',<146>,255:27] (rulesOrAxioms, decls, file) 
301521     WARN  Test worker     d.u.i.k.n.KeYParser       [syntax-error] file:/home/runner/work/key/key/key.core/build/resources/main/de/uka/ilkd/key/proof/rules/ifThenElseRules.key:255:31: mismatched input ')' expecting {'(', '{'} [@1770,7523:7523=')',<147>,255:31] (taclet, rulesOrAxioms, decls, file) 
301521     WARN  Test worker     d.u.i.k.n.KeYParser       [syntax-error] file:/home/runner/work/key/key/key.core/build/resources/main/de/uka/ilkd/key/proof/rules/ifThenElseRules.key:258:52: extraneous input '0' expecting {'\lemma', '}', IDENT, '/*!'} [@1809,7667:7667='0',<184>,258:52] (rulesOrAxioms, decls, file) 
301521     WARN  Test worker     d.u.i.k.n.KeYParser       [syntax-error] file:/home/runner/work/key/key/key.core/build/resources/main/de/uka/ilkd/key/proof/rules/ifThenElseRules.key:258:54: mismatched input 'then' expecting {<EOF>, '\problem', '\chooseContract', '\proofObligation', '\proof'} [@1811,7669:7672='then',<183>,258:54] (file) 
301522     ERROR Test worker     d.u.i.k.s.n.MasterHandlerTest Error reading /home/runner/work/key/key/key.core/build/resources/test/de/uka/ilkd/key/smt/newsmt2/cases/types1.props de.uka.ilkd.key.proof.io.ProblemLoaderException: line 135:14 mismatched input '\ifExintVar' expecting {MODALITY, FORALL, EXISTS, '\if', '\ifEx', 'true', 'false', '(', '{', '@', NOT, SEQARROW, '-', STRING_LITERAL, CHAR_LITERAL, BIN_LITERAL, HEX_LITERAL, IDENT, INT_LITERAL, FLOAT_LITERAL, DOUBLE_LITERAL, REAL_LITERAL}
line 135:27 extraneous input '(' expecting {'\lemma', '}', IDENT, '/*!'}
line 135:44 mismatched input ')' expecting {'(', '{'}
line 141:14 mismatched input '\ifExintVar' expecting {MODALITY, FORALL, EXISTS, '\if', '\ifEx', 'true', 'false', '(', '{', '@', NOT, SEQARROW, '-', STRING_LITERAL, CHAR_LITERAL, BIN_LITERAL, HEX_LITERAL, IDENT, INT_LITERAL, FLOAT_LITERAL, DOUBLE_LITERAL, REAL_LITERAL}
line 141:27 extraneous input '(' expecting {'\lemma', '}', IDENT, '/*!'}
line 141:41 mismatched input ')' expecting {'(', '{'}
line 148:14 mismatched input '\ifExintVar' expecting {MODALITY, FORALL, EXISTS, '\if', '\ifEx', 'true', 'false', '(', '{', '@', NOT, SEQARROW, '-', STRING_LITERAL, CHAR_LITERAL, BIN_LITERAL, HEX_LITERAL, IDENT, INT_LITERAL, FLOAT_LITERAL, DOUBLE_LITERAL, REAL_LITERAL}
line 148:27 extraneous input '(' expecting {'\lemma', '}', IDENT, '/*!'}
line 148:35 mismatched input '=' expecting {'(', '{'}
line 150:38 mismatched input '}' expecting {'(', '{'}
line 155:14 mismatched input '\ifExintVar' expecting {MODALITY, FORALL, EXISTS, '\if', '\ifEx', 'true', 'false', '(', '{', '@', NOT, SEQARROW, '-', STRING_LITERAL, CHAR_LITERAL, BIN_LITERAL, HEX_LITERAL, IDENT, INT_LITERAL, FLOAT_LITERAL, DOUBLE_LITERAL, REAL_LITERAL}
line 155:27 extraneous input '(' expecting {'\lemma', '}', IDENT, '/*!'}
line 155:35 mismatched input '=' expecting {'(', '{'}
line 157:38 mismatched input '}' expecting {'(', '{'}
line 163:14 mismatched input '\ifExintVar' expecting {MODALITY, FORALL, EXISTS, '\if', '\ifEx', 'true', 'false', '(', '{', '@', NOT, SEQARROW, '-', STRING_LITERAL, CHAR_LITERAL, BIN_LITERAL, HEX_LITERAL, IDENT, INT_LITERAL, FLOAT_LITERAL, DOUBLE_LITERAL, REAL_LITERAL}
line 163:27 extraneous input '(' expecting {'\lemma', '}', IDENT, '/*!'}
line 163:30 mismatched input '=' expecting {'(', '{'}
line 165:38 mismatched input '}' expecting {'(', '{'}
line 171:14 mismatched input '\ifExintVar' expecting {MODALITY, FORALL, EXISTS, '\if', '\ifEx', 'true', 'false', '(', '{', '@', NOT, SEQARROW, '-', STRING_LITERAL, CHAR_LITERAL, BIN_LITERAL, HEX_LITERAL, IDENT, INT_LITERAL, FLOAT_LITERAL, DOUBLE_LITERAL, REAL_LITERAL}
line 171:27 extraneous input '(' expecting {'\lemma', '}', IDENT, '/*!'}
line 171:30 mismatched input '=' expecting {'(', '{'}
line 173:38 mismatched input '}' expecting {'(', '{'}
line 179:14 mismatched input '\ifExintVar' expecting {MODALITY, FORALL, EXISTS, '\if', '\ifEx', 'true', 'false', '(', '{', '@', NOT, SEQARROW, '-', STRING_LITERAL, CHAR_LITERAL, BIN_LITERAL, HEX_LITERAL, IDENT, INT_LITERAL, FLOAT_LITERAL, DOUBLE_LITERAL, REAL_LITERAL}
line 179:27 extraneous input '(' expecting {'\lemma', '}', IDENT, '/*!'}
line 179:32 mismatched input '&' expecting {'(', '{'}
line 181:42 mismatched input '}' expecting {'(', '{'}
line 182:39 mismatched input '}' expecting {'(', '{'}
line 188:14 mismatched input '\ifExintVar' expecting {MODALITY, FORALL, EXISTS, '\if', '\ifEx', 'true', 'false', '(', '{', '@', NOT, SEQARROW, '-', STRING_LITERAL, CHAR_LITERAL, BIN_LITERAL, HEX_LITERAL, IDENT, INT_LITERAL, FLOAT_LITERAL, DOUBLE_LITERAL, REAL_LITERAL}
line 188:27 extraneous input '(' expecting {'\lemma', '}', IDENT, '/*!'}
line 188:32 mismatched input '&' expecting {'(', '{'}
line 190:42 mismatched input '}' expecting {'(', '{'}
line 191:39 mismatched input '}' expecting {'(', '{'}
line 198:14 mismatched input '\ifExintVar' expecting {MODALITY, FORALL, EXISTS, '\if', '\ifEx', 'true', 'false', '(', '{', '@', NOT, SEQARROW, '-', STRING_LITERAL, CHAR_LITERAL, BIN_LITERAL, HEX_LITERAL, IDENT, INT_LITERAL, FLOAT_LITERAL, DOUBLE_LITERAL, REAL_LITERAL}
line 198:27 extraneous input '(' expecting {'\lemma', '}', IDENT, '/*!'}
line 198:32 mismatched input '&' expecting {'(', '{'}
line 200:42 mismatched input '}' expecting {'(', '{'}
line 201:39 mismatched input '}' expecting {'(', '{'}
line 208:14 mismatched input '\ifExintVar' expecting {MODALITY, FORALL, EXISTS, '\if', '\ifEx', 'true', 'false', '(', '{', '@', NOT, SEQARROW, '-', STRING_LITERAL, CHAR_LITERAL, BIN_LITERAL, HEX_LITERAL, IDENT, INT_LITERAL, FLOAT_LITERAL, DOUBLE_LITERAL, REAL_LITERAL}
line 208:27 extraneous input '(' expecting {'\lemma', '}', IDENT, '/*!'}
line 208:32 mismatched input '&' expecting {'(', '{'}
line 210:42 mismatched input '}' expecting {'(', '{'}
line 211:39 mismatched input '}' expecting {'(', '{'}
line 218:14 mismatched input '\ifExintVar' expecting {MODALITY, FORALL, EXISTS, '\if', '\ifEx', 'true', 'false', '(', '{', '@', NOT, SEQARROW, '-', STRING_LITERAL, CHAR_LITERAL, BIN_LITERAL, HEX_LITERAL, IDENT, INT_LITERAL, FLOAT_LITERAL, DOUBLE_LITERAL, REAL_LITERAL}
line 218:27 extraneous input '(' expecting {'\lemma', '}', IDENT, '/*!'}
line 218:31 mismatched input ')' expecting {'(', '{'}
line 220:44 mismatched input ')' expecting {'(', '{'}
line 225:14 mismatched input '\ifExintVar' expecting {MODALITY, FORALL, EXISTS, '\if', '\ifEx', 'true', 'false', '(', '{', '@', NOT, SEQARROW, '-', STRING_LITERAL, CHAR_LITERAL, BIN_LITERAL, HEX_LITERAL, IDENT, INT_LITERAL, FLOAT_LITERAL, DOUBLE_LITERAL, REAL_LITERAL}
line 225:27 extraneous input '(' expecting {'\lemma', '}', IDENT, '/*!'}
line 225:31 mismatched input ')' expecting {'(', '{'}
line 227:44 mismatched input ')' expecting {'(', '{'}
line 233:14 mismatched input '\ifExintVar' expecting {MODALITY, FORALL, EXISTS, '\if', '\ifEx', 'true', 'false', '(', '{', '@', NOT, SEQARROW, '-', STRING_LITERAL, CHAR_LITERAL, BIN_LITERAL, HEX_LITERAL, IDENT, INT_LITERAL, FLOAT_LITERAL, DOUBLE_LITERAL, REAL_LITERAL}
line 233:27 extraneous input '(' expecting {'\lemma', '}', IDENT, '/*!'}
line 233:31 mismatched input ')' expecting {'(', '{'}
line 237:42 mismatched input '}' expecting {'(', '{'}
line 238:34 mismatched input '}' expecting {'(', '{'}
line 239:28 extraneous input '(' expecting {'\lemma', '}', IDENT, '/*!'}
line 239:33 mismatched input '->' expecting {'(', '{'}
line 240:8 extraneous input '\replacewith' expecting {'\lemma', '}', IDENT, '/*!'}
line 240:25 mismatched input ')' expecting {'(', '{'}
line 240:56 mismatched input ')' expecting {'(', '{'}
line 245:14 mismatched input '\ifExintVar' expecting {MODALITY, FORALL, EXISTS, '\if', '\ifEx', 'true', 'false', '(', '{', '@', NOT, SEQARROW, '-', STRING_LITERAL, CHAR_LITERAL, BIN_LITERAL, HEX_LITERAL, IDENT, INT_LITERAL, FLOAT_LITERAL, DOUBLE_LITERAL, REAL_LITERAL}
line 245:27 extraneous input '(' expecting {'\lemma', '}', IDENT, '/*!'}
line 245:31 mismatched input ')' expecting {'(', '{'}
line 248:45 mismatched input '}' expecting {'(', '{'}
line 249:8 extraneous input '\replacewith' expecting {'\lemma', '}', IDENT, '/*!'}
line 249:38 mismatched input ')' expecting {'(', '{'}
line 250:42 mismatched input '}' expecting {'(', '{'}
line 251:28 extraneous input '(' expecting {'\lemma', '}', IDENT, '/*!'}
line 251:33 mismatched input '->' expecting {'(', '{'}
line 255:14 mismatched input '\ifExintVar' expecting {MODALITY, FORALL, EXISTS, '\if', '\ifEx', 'true', 'false', '(', '{', '@', NOT, SEQARROW, '-', STRING_LITERAL, CHAR_LITERAL, BIN_LITERAL, HEX_LITERAL, IDENT, INT_LITERAL, FLOAT_LITERAL, DOUBLE_LITERAL, REAL_LITERAL}
line 255:27 extraneous input '(' expecting {'\lemma', '}', IDENT, '/*!'}
line 255:31 mismatched input ')' expecting {'(', '{'}
line 258:52 extraneous input '0' expecting {'\lemma', '}', IDENT, '/*!'}
line 258:54 mismatched input 'then' expecting {<EOF>, '\problem', '\chooseContract', '\proofObligation', '\proof'}

	at de.uka.ilkd.key.control.AbstractUserInterfaceControl.load(AbstractUserInterfaceControl.java:221)
Caused by: de.uka.ilkd.key.proof.init.ProofInputException: line 135:14 mismatched input '\ifExintVar' expecting {MODALITY, FORALL, EXISTS, '\if', '\ifEx', 'true', 'false', '(', '{', '@', NOT, SEQARROW, '-', STRING_LITERAL, CHAR_LITERAL, BIN_LITERAL, HEX_LITERAL, IDENT, INT_LITERAL, FLOAT_LITERAL, DOUBLE_LITERAL, REAL_LITERAL}
line 135:27 extraneous input '(' expecting {'\lemma', '}', IDENT, '/*!'}
line 135:44 mismatched input ')' expecting {'(', '{'}
line 141:14 mismatched input '\ifExintVar' expecting {MODALITY, FORALL, EXISTS, '\if', '\ifEx', 'true', 'false', '(', '{', '@', NOT, SEQARROW, '-', STRING_LITERAL, CHAR_LITERAL, BIN_LITERAL, HEX_LITERAL, IDENT, INT_LITERAL, FLOAT_LITERAL, DOUBLE_LITERAL, REAL_LITERAL}
line 141:27 extraneous input '(' expecting {'\lemma', '}', IDENT, '/*!'}
line 141:41 mismatched input ')' expecting {'(', '{'}
line 148:14 mismatched input '\ifExintVar' expecting {MODALITY, FORALL, EXISTS, '\if', '\ifEx', 'true', 'false', '(', '{', '@', NOT, SEQARROW, '-', STRING_LITERAL, CHAR_LITERAL, BIN_LITERAL, HEX_LITERAL, IDENT, INT_LITERAL, FLOAT_LITERAL, DOUBLE_LITERAL, REAL_LITERAL}
line 148:27 extraneous input '(' expecting {'\lemma', '}', IDENT, '/*!'}
line 148:35 mismatched input '=' expecting {'(', '{'}
line 150:38 mismatched input '}' expecting {'(', '{'}
line 155:14 mismatched input '\ifExintVar' expecting {MODALITY, FORALL, EXISTS, '\if', '\ifEx', 'true', 'false', '(', '{', '@', NOT, SEQARROW, '-', STRING_LITERAL, CHAR_LITERAL, BIN_LITERAL, HEX_LITERAL, IDENT, INT_LITERAL, FLOAT_LITERAL, DOUBLE_LITERAL, REAL_LITERAL}
line 155:27 extraneous input '(' expecting {'\lemma', '}', IDENT, '/*!'}
line 155:35 mismatched input '=' expecting {'(', '{'}
line 157:38 mismatched input '}' expecting {'(', '{'}
line 163:14 mismatched input '\ifExintVar' expecting {MODALITY, FORALL, EXISTS, '\if', '\ifEx', 'true', 'false', '(', '{', '@', NOT, SEQARROW, '-', STRING_LITERAL, CHAR_LITERAL, BIN_LITERAL, HEX_LITERAL, IDENT, INT_LITERAL, FLOAT_LITERAL, DOUBLE_LITERAL, REAL_LITERAL}
line 163:27 extraneous input '(' expecting {'\lemma', '}', IDENT, '/*!'}
line 163:30 mismatched input '=' expecting {'(', '{'}
line 165:38 mismatched input '}' expecting {'(', '{'}
line 171:14 mismatched input '\ifExintVar' expecting {MODALITY, FORALL, EXISTS, '\if', '\ifEx', 'true', 'false', '(', '{', '@', NOT, SEQARROW, '-', STRING_LITERAL, CHAR_LITERAL, BIN_LITERAL, HEX_LITERAL, IDENT, INT_LITERAL, FLOAT_LITERAL, DOUBLE_LITERAL, REAL_LITERAL}
line 171:27 extraneous input '(' expecting {'\lemma', '}', IDENT, '/*!'}
line 171:30 mismatched input '=' expecting {'(', '{'}
line 173:38 mismatched input '}' expecting {'(', '{'}
line 179:14 mismatched input '\ifExintVar' expecting {MODALITY, FORALL, EXISTS, '\if', '\ifEx', 'true', 'false', '(', '{', '@', NOT, SEQARROW, '-', STRING_LITERAL, CHAR_LITERAL, BIN_LITERAL, HEX_LITERAL, IDENT, INT_LITERAL, FLOAT_LITERAL, DOUBLE_LITERAL, REAL_LITERAL}
line 179:27 extraneous input '(' expecting {'\lemma', '}', IDENT, '/*!'}
line 179:32 mismatched input '&' expecting {'(', '{'}
line 181:42 mismatched input '}' expecting {'(', '{'}
line 182:39 mismatched input '}' expecting {'(', '{'}
line 188:14 mismatched input '\ifExintVar' expecting {MODALITY, FORALL, EXISTS, '\if', '\ifEx', 'true', 'false', '(', '{', '@', NOT, SEQARROW, '-', STRING_LITERAL, CHAR_LITERAL, BIN_LITERAL, HEX_LITERAL, IDENT, INT_LITERAL, FLOAT_LITERAL, DOUBLE_LITERAL, REAL_LITERAL}
line 188:27 extraneous input '(' expecting {'\lemma', '}', IDENT, '/*!'}
line 188:32 mismatched input '&' expecting {'(', '{'}
line 190:42 mismatched input '}' expecting {'(', '{'}
line 191:39 mismatched input '}' expecting {'(', '{'}
line 198:14 mismatched input '\ifExintVar' expecting {MODALITY, FORALL, EXISTS, '\if', '\ifEx', 'true', 'false', '(', '{', '@', NOT, SEQARROW, '-', STRING_LITERAL, CHAR_LITERAL, BIN_LITERAL, HEX_LITERAL, IDENT, INT_LITERAL, FLOAT_LITERAL, DOUBLE_LITERAL, REAL_LITERAL}
line 198:27 extraneous input '(' expecting {'\lemma', '}', IDENT, '/*!'}
line 198:32 mismatched input '&' expecting {'(', '{'}
line 200:42 mismatched input '}' expecting {'(', '{'}
line 201:39 mismatched input '}' expecting {'(', '{'}
line 208:14 mismatched input '\ifExintVar' expecting {MODALITY, FORALL, EXISTS, '\if', '\ifEx', 'true', 'false', '(', '{', '@', NOT, SEQARROW, '-', STRING_LITERAL, CHAR_LITERAL, BIN_LITERAL, HEX_LITERAL, IDENT, INT_LITERAL, FLOAT_LITERAL, DOUBLE_LITERAL, REAL_LITERAL}
line 208:27 extraneous input '(' expecting {'\lemma', '}', IDENT, '/*!'}
line 208:32 mismatched input '&' expecting {'(', '{'}
line 210:42 mismatched input '}' expecting {'(', '{'}
line 211:39 mismatched input '}' expecting {'(', '{'}
line 218:14 mismatched input '\ifExintVar' expecting {MODALITY, FORALL, EXISTS, '\if', '\ifEx', 'true', 'false', '(', '{', '@', NOT, SEQARROW, '-', STRING_LITERAL, CHAR_LITERAL, BIN_LITERAL, HEX_LITERAL, IDENT, INT_LITERAL, FLOAT_LITERAL, DOUBLE_LITERAL, REAL_LITERAL}
line 218:27 extraneous input '(' expecting {'\lemma', '}', IDENT, '/*!'}
line 218:31 mismatched input ')' expecting {'(', '{'}
line 220:44 mismatched input ')' expecting {'(', '{'}
line 225:14 mismatched input '\ifExintVar' expecting {MODALITY, FORALL, EXISTS, '\if', '\ifEx', 'true', 'false', '(', '{', '@', NOT, SEQARROW, '-', STRING_LITERAL, CHAR_LITERAL, BIN_LITERAL, HEX_LITERAL, IDENT, INT_LITERAL, FLOAT_LITERAL, DOUBLE_LITERAL, REAL_LITERAL}
line 225:27 extraneous input '(' expecting {'\lemma', '}', IDENT, '/*!'}
line 225:31 mismatched input ')' expecting {'(', '{'}
line 227:44 mismatched input ')' expecting {'(', '{'}
line 233:14 mismatched input '\ifExintVar' expecting {MODALITY, FORALL, EXISTS, '\if', '\ifEx', 'true', 'false', '(', '{', '@', NOT, SEQARROW, '-', STRING_LITERAL, CHAR_LITERAL, BIN_LITERAL, HEX_LITERAL, IDENT, INT_LITERAL, FLOAT_LITERAL, DOUBLE_LITERAL, REAL_LITERAL}
line 233:27 extraneous input '(' expecting {'\lemma', '}', IDENT, '/*!'}
line 233:31 mismatched input ')' expecting {'(', '{'}
line 237:42 mismatched input '}' expecting {'(', '{'}
line 238:34 mismatched input '}' expecting {'(', '{'}
line 239:28 extraneous input '(' expecting {'\lemma', '}', IDENT, '/*!'}
line 239:33 mismatched input '->' expecting {'(', '{'}
line 240:8 extraneous input '\replacewith' expecting {'\lemma', '}', IDENT, '/*!'}
line 240:25 mismatched input ')' expecting {'(', '{'}
line 240:56 mismatched input ')' expecting {'(', '{'}
line 245:14 mismatched input '\ifExintVar' expecting {MODALITY, FORALL, EXISTS, '\if', '\ifEx', 'true', 'false', '(', '{', '@', NOT, SEQARROW, '-', STRING_LITERAL, CHAR_LITERAL, BIN_LITERAL, HEX_LITERAL, IDENT, INT_LITERAL, FLOAT_LITERAL, DOUBLE_LITERAL, REAL_LITERAL}
line 245:27 extraneous input '(' expecting {'\lemma', '}', IDENT, '/*!'}
line 245:31 mismatched input ')' expecting {'(', '{'}
line 248:45 mismatched input '}' expecting {'(', '{'}
line 249:8 extraneous input '\replacewith' expecting {'\lemma', '}', IDENT, '/*!'}
line 249:38 mismatched input ')' expecting {'(', '{'}
line 250:42 mismatched input '}' expecting {'(', '{'}
line 251:28 extraneous input '(' expecting {'\lemma', '}', IDENT, '/*!'}
line 251:33 mismatched input '->' expecting {'(', '{'}
line 255:14 mismatched input '\ifExintVar' expecting {MODALITY, FORALL, EXISTS, '\if', '\ifEx', 'true', 'false', '(', '{', '@', NOT, SEQARROW, '-', STRING_LITERAL, CHAR_LITERAL, BIN_LITERAL, HEX_LITERAL, IDENT, INT_LITERAL, FLOAT_LITERAL, DOUBLE_LITERAL, REAL_LITERAL}
line 255:27 extraneous input '(' expecting {'\lemma', '}', IDENT, '/*!'}
line 255:31 mismatched input ')' expecting {'(', '{'}
line 258:52 extraneous input '0' expecting {'\lemma', '}', IDENT, '/*!'}
line 258:54 mismatched input 'then' expecting {<EOF>, '\problem', '\chooseContract', '\proofObligation', '\proof'}

	at de.uka.ilkd.key.proof.io.KeYFile.readIncludes(KeYFile.java:210)
Caused by: de.uka.ilkd.key.util.parsing.SyntaxErrorReporter$ParserException: line 135:14 mismatched input '\ifExintVar' expecting {MODALITY, FORALL, EXISTS, '\if', '\ifEx', 'true', 'false', '(', '{', '@', NOT, SEQARROW, '-', STRING_LITERAL, CHAR_LITERAL, BIN_LITERAL, HEX_LITERAL, IDENT, INT_LITERAL, FLOAT_LITERAL, DOUBLE_LITERAL, REAL_LITERAL}
line 135:27 extraneous input '(' expecting {'\lemma', '}', IDENT, '/*!'}
line 135:44 mismatched input ')' expecting {'(', '{'}
line 141:14 mismatched input '\ifExintVar' expecting {MODALITY, FORALL, EXISTS, '\if', '\ifEx', 'true', 'false', '(', '{', '@', NOT, SEQARROW, '-', STRING_LITERAL, CHAR_LITERAL, BIN_LITERAL, HEX_LITERAL, IDENT, INT_LITERAL, FLOAT_LITERAL, DOUBLE_LITERAL, REAL_LITERAL}
line 141:27 extraneous input '(' expecting {'\lemma', '}', IDENT, '/*!'}
line 141:41 mismatched input ')' expecting {'(', '{'}
line 148:14 mismatched input '\ifExintVar' expecting {MODALITY, FORALL, EXISTS, '\if', '\ifEx', 'true', 'false', '(', '{', '@', NOT, SEQARROW, '-', STRING_LITERAL, CHAR_LITERAL, BIN_LITERAL, HEX_LITERAL, IDENT, INT_LITERAL, FLOAT_LITERAL, DOUBLE_LITERAL, REAL_LITERAL}
line 148:27 extraneous input '(' expecting {'\lemma', '}', IDENT, '/*!'}
line 148:35 mismatched input '=' expecting {'(', '{'}
line 150:38 mismatched input '}' expecting {'(', '{'}
line 155:14 mismatched input '\ifExintVar' expecting {MODALITY, FORALL, EXISTS, '\if', '\ifEx', 'true', 'false', '(', '{', '@', NOT, SEQARROW, '-', STRING_LITERAL, CHAR_LITERAL, BIN_LITERAL, HEX_LITERAL, IDENT, INT_LITERAL, FLOAT_LITERAL, DOUBLE_LITERAL, REAL_LITERAL}
line 155:27 extraneous input '(' expecting {'\lemma', '}', IDENT, '/*!'}
line 155:35 mismatched input '=' expecting {'(', '{'}
line 157:38 mismatched input '}' expecting {'(', '{'}
line 163:14 mismatched input '\ifExintVar' expecting {MODALITY, FORALL, EXISTS, '\if', '\ifEx', 'true', 'false', '(', '{', '@', NOT, SEQARROW, '-', STRING_LITERAL, CHAR_LITERAL, BIN_LITERAL, HEX_LITERAL, IDENT, INT_LITERAL, FLOAT_LITERAL, DOUBLE_LITERAL, REAL_LITERAL}
line 163:27 extraneous input '(' expecting {'\lemma', '}', IDENT, '/*!'}
line 163:30 mismatched input '=' expecting {'(', '{'}
line 165:38 mismatched input '}' expecting {'(', '{'}
line 171:14 mismatched input '\ifExintVar' expecting {MODALITY, FORALL, EXISTS, '\if', '\ifEx', 'true', 'false', '(', '{', '@', NOT, SEQARROW, '-', STRING_LITERAL, CHAR_LITERAL, BIN_LITERAL, HEX_LITERAL, IDENT, INT_LITERAL, FLOAT_LITERAL, DOUBLE_LITERAL, REAL_LITERAL}
line 171:27 extraneous input '(' expecting {'\lemma', '}', IDENT, '/*!'}
line 171:30 mismatched input '=' expecting {'(', '{'}
line 173:38 mismatched input '}' expecting {'(', '{'}
line 179:14 mismatched input '\ifExintVar' expecting {MODALITY, FORALL, EXISTS, '\if', '\ifEx', 'true', 'false', '(', '{', '@', NOT, SEQARROW, '-', STRING_LITERAL, CHAR_LITERAL, BIN_LITERAL, HEX_LITERAL, IDENT, INT_LITERAL, FLOAT_LITERAL, DOUBLE_LITERAL, REAL_LITERAL}
line 179:27 extraneous input '(' expecting {'\lemma', '}', IDENT, '/*!'}
line 179:32 mismatched input '&' expecting {'(', '{'}
line 181:42 mismatched input '}' expecting {'(', '{'}
line 182:39 mismatched input '}' expecting {'(', '{'}
line 188:14 mismatched input '\ifExintVar' expecting {MODALITY, FORALL, EXISTS, '\if', '\ifEx', 'true', 'false', '(', '{', '@', NOT, SEQARROW, '-', STRING_LITERAL, CHAR_LITERAL, BIN_LITERAL, HEX_LITERAL, IDENT, INT_LITERAL, FLOAT_LITERAL, DOUBLE_LITERAL, REAL_LITERAL}
line 188:27 extraneous input '(' expecting {'\lemma', '}', IDENT, '/*!'}
line 188:32 mismatched input '&' expecting {'(', '{'}
line 190:42 mismatched input '}' expecting {'(', '{'}
line 191:39 mismatched input '}' expecting {'(', '{'}
line 198:14 mismatched input '\ifExintVar' expecting {MODALITY, FORALL, EXISTS, '\if', '\ifEx', 'true', 'false', '(', '{', '@', NOT, SEQARROW, '-', STRING_LITERAL, CHAR_LITERAL, BIN_LITERAL, HEX_LITERAL, IDENT, INT_LITERAL, FLOAT_LITERAL, DOUBLE_LITERAL, REAL_LITERAL}
line 198:27 extraneous input '(' expecting {'\lemma', '}', IDENT, '/*!'}
line 198:32 mismatched input '&' expecting {'(', '{'}
line 200:42 mismatched input '}' expecting {'(', '{'}
line 201:39 mismatched input '}' expecting {'(', '{'}
line 208:14 mismatched input '\ifExintVar' expecting {MODALITY, FORALL, EXISTS, '\if', '\ifEx', 'true', 'false', '(', '{', '@', NOT, SEQARROW, '-', STRING_LITERAL, CHAR_LITERAL, BIN_LITERAL, HEX_LITERAL, IDENT, INT_LITERAL, FLOAT_LITERAL, DOUBLE_LITERAL, REAL_LITERAL}
line 208:27 extraneous input '(' expecting {'\lemma', '}', IDENT, '/*!'}
line 208:32 mismatched input '&' expecting {'(', '{'}
line 210:42 mismatched input '}' expecting {'(', '{'}
line 211:39 mismatched input '}' expecting {'(', '{'}
line 218:14 mismatched input '\ifExintVar' expecting {MODALITY, FORALL, EXISTS, '\if', '\ifEx', 'true', 'false', '(', '{', '@', NOT, SEQARROW, '-', STRING_LITERAL, CHAR_LITERAL, BIN_LITERAL, HEX_LITERAL, IDENT, INT_LITERAL, FLOAT_LITERAL, DOUBLE_LITERAL, REAL_LITERAL}
line 218:27 extraneous input '(' expecting {'\lemma', '}', IDENT, '/*!'}
line 218:31 mismatched input ')' expecting {'(', '{'}
line 220:44 mismatched input ')' expecting {'(', '{'}
line 225:14 mismatched input '\ifExintVar' expecting {MODALITY, FORALL, EXISTS, '\if', '\ifEx', 'true', 'false', '(', '{', '@', NOT, SEQARROW, '-', STRING_LITERAL, CHAR_LITERAL, BIN_LITERAL, HEX_LITERAL, IDENT, INT_LITERAL, FLOAT_LITERAL, DOUBLE_LITERAL, REAL_LITERAL}
line 225:27 extraneous input '(' expecting {'\lemma', '}', IDENT, '/*!'}
line 225:31 mismatched input ')' expecting {'(', '{'}
line 227:44 mismatched input ')' expecting {'(', '{'}
line 233:14 mismatched input '\ifExintVar' expecting {MODALITY, FORALL, EXISTS, '\if', '\ifEx', 'true', 'false', '(', '{', '@', NOT, SEQARROW, '-', STRING_LITERAL, CHAR_LITERAL, BIN_LITERAL, HEX_LITERAL, IDENT, INT_LITERAL, FLOAT_LITERAL, DOUBLE_LITERAL, REAL_LITERAL}
line 233:27 extraneous input '(' expecting {'\lemma', '}', IDENT, '/*!'}
line 233:31 mismatched input ')' expecting {'(', '{'}
line 237:42 mismatched input '}' expecting {'(', '{'}
line 238:34 mismatched input '}' expecting {'(', '{'}
line 239:28 extraneous input '(' expecting {'\lemma', '}', IDENT, '/*!'}
line 239:33 mismatched input '->' expecting {'(', '{'}
line 240:8 extraneous input '\replacewith' expecting {'\lemma', '}', IDENT, '/*!'}
line 240:25 mismatched input ')' expecting {'(', '{'}
line 240:56 mismatched input ')' expecting {'(', '{'}
line 245:14 mismatched input '\ifExintVar' expecting {MODALITY, FORALL, EXISTS, '\if', '\ifEx', 'true', 'false', '(', '{', '@', NOT, SEQARROW, '-', STRING_LITERAL, CHAR_LITERAL, BIN_LITERAL, HEX_LITERAL, IDENT, INT_LITERAL, FLOAT_LITERAL, DOUBLE_LITERAL, REAL_LITERAL}
line 245:27 extraneous input '(' expecting {'\lemma', '}', IDENT, '/*!'}
line 245:31 mismatched input ')' expecting {'(', '{'}
line 248:45 mismatched input '}' expecting {'(', '{'}
line 249:8 extraneous input '\replacewith' expecting {'\lemma', '}', IDENT, '/*!'}
line 249:38 mismatched input ')' expecting {'(', '{'}
line 250:42 mismatched input '}' expecting {'(', '{'}
line 251:28 extraneous input '(' expecting {'\lemma', '}', IDENT, '/*!'}
line 251:33 mismatched input '->' expecting {'(', '{'}
line 255:14 mismatched input '\ifExintVar' expecting {MODALITY, FORALL, EXISTS, '\if', '\ifEx', 'true', 'false', '(', '{', '@', NOT, SEQARROW, '-', STRING_LITERAL, CHAR_LITERAL, BIN_LITERAL, HEX_LITERAL, IDENT, INT_LITERAL, FLOAT_LITERAL, DOUBLE_LITERAL, REAL_LITERAL}
line 255:27 extraneous input '(' expecting {'\lemma', '}', IDENT, '/*!'}
line 255:31 mismatched input ')' expecting {'(', '{'}
line 258:52 extraneous input '0' expecting {'\lemma', '}', IDENT, '/*!'}
line 258:54 mismatched input 'then' expecting {<EOF>, '\problem', '\chooseContract', '\proofObligation', '\proof'}

	at de.uka.ilkd.key.util.parsing.SyntaxErrorReporter.throwException(SyntaxErrorReporter.java:89)

301577     WARN  Test worker     d.u.i.k.n.KeYParser       [syntax-error] file:/home/runner/work/key/key/key.core/build/resources/main/de/uka/ilkd/key/proof/rules/ifThenElseRules.key:135:14: mismatched input '\ifExintVar' expecting {MODALITY, FORALL, EXISTS, '\if', '\ifEx', 'true', 'false', '(', '{', '@', NOT, SEQARROW, '-', STRING_LITERAL, CHAR_LITERAL, BIN_LITERAL, HEX_LITERAL, IDENT, INT_LITERAL, FLOAT_LITERAL, DOUBLE_LITERAL, REAL_LITERAL} [@745,3563:3573='\ifExintVar',<188>,135:14] (termorseq, taclet, rulesOrAxioms, decls, file) 
301577     WARN  Test worker     d.u.i.k.n.KeYParser       [syntax-error] file:/home/runner/work/key/key/key.core/build/resources/main/de/uka/ilkd/key/proof/rules/ifThenElseRules.key:135:27: extraneous input '(' expecting {'\lemma', '}', IDENT, '/*!'} [@748,3576:3576='(',<146>,135:27] (rulesOrAxioms, decls, file) 
301577     WARN  Test worker     d.u.i.k.n.KeYParser       [syntax-error] file:/home/runner/work/key/key/key.core/build/resources/main/de/uka/ilkd/key/proof/rules/ifThenElseRules.key:135:44: mismatched input ')' expecting {'(', '{'} [@754,3593:3593=')',<147>,135:44] (taclet, rulesOrAxioms, decls, file) 
301577     WARN  Test worker     d.u.i.k.n.KeYParser       [syntax-error] file:/home/runner/work/key/key/key.core/build/resources/main/de/uka/ilkd/key/proof/rules/ifThenElseRules.key:141:14: mismatched input '\ifExintVar' expecting {MODALITY, FORALL, EXISTS, '\if', '\ifEx', 'true', 'false', '(', '{', '@', NOT, SEQARROW, '-', STRING_LITERAL, CHAR_LITERAL, BIN_LITERAL, HEX_LITERAL, IDENT, INT_LITERAL, FLOAT_LITERAL, DOUBLE_LITERAL, REAL_LITERAL} [@780,3716:3726='\ifExintVar',<188>,141:14] (termorseq, taclet, rulesOrAxioms, decls, file) 
301578     WARN  Test worker     d.u.i.k.n.KeYParser       [syntax-error] file:/home/runner/work/key/key/key.core/build/resources/main/de/uka/ilkd/key/proof/rules/ifThenElseRules.key:141:27: extraneous input '(' expecting {'\lemma', '}', IDENT, '/*!'} [@783,3729:3729='(',<146>,141:27] (rulesOrAxioms, decls, file) 
301578     WARN  Test worker     d.u.i.k.n.KeYParser       [syntax-error] file:/home/runner/work/key/key/key.core/build/resources/main/de/uka/ilkd/key/proof/rules/ifThenElseRules.key:141:41: mismatched input ')' expecting {'(', '{'} [@789,3743:3743=')',<147>,141:41] (taclet, rulesOrAxioms, decls, file) 
301578     WARN  Test worker     d.u.i.k.n.KeYParser       [syntax-error] file:/home/runner/work/key/key/key.core/build/resources/main/de/uka/ilkd/key/proof/rules/ifThenElseRules.key:148:14: mismatched input '\ifExintVar' expecting {MODALITY, FORALL, EXISTS, '\if', '\ifEx', 'true', 'false', '(', '{', '@', NOT, SEQARROW, '-', STRING_LITERAL, CHAR_LITERAL, BIN_LITERAL, HEX_LITERAL, IDENT, INT_LITERAL, FLOAT_LITERAL, DOUBLE_LITERAL, REAL_LITERAL} [@819,3896:3906='\ifExintVar',<188>,148:14] (termorseq, taclet, rulesOrAxioms, decls, file) 
301578     WARN  Test worker     d.u.i.k.n.KeYParser       [syntax-error] file:/home/runner/work/key/key/key.core/build/resources/main/de/uka/ilkd/key/proof/rules/ifThenElseRules.key:148:27: extraneous input '(' expecting {'\lemma', '}', IDENT, '/*!'} [@822,3909:3909='(',<146>,148:27] (rulesOrAxioms, decls, file) 
301578     WARN  Test worker     d.u.i.k.n.KeYParser       [syntax-error] file:/home/runner/work/key/key/key.core/build/resources/main/de/uka/ilkd/key/proof/rules/ifThenElseRules.key:148:35: mismatched input '=' expecting {'(', '{'} [@825,3917:3917='=',<159>,148:35] (taclet, rulesOrAxioms, decls, file) 
301578     WARN  Test worker     d.u.i.k.n.KeYParser       [syntax-error] file:/home/runner/work/key/key/key.core/build/resources/main/de/uka/ilkd/key/proof/rules/ifThenElseRules.key:150:38: mismatched input '}' expecting {'(', '{'} [@859,4023:4023='}',<149>,150:38] (taclet, rulesOrAxioms, decls, file) 
301578     WARN  Test worker     d.u.i.k.n.KeYParser       [syntax-error] file:/home/runner/work/key/key/key.core/build/resources/main/de/uka/ilkd/key/proof/rules/ifThenElseRules.key:155:14: mismatched input '\ifExintVar' expecting {MODALITY, FORALL, EXISTS, '\if', '\ifEx', 'true', 'false', '(', '{', '@', NOT, SEQARROW, '-', STRING_LITERAL, CHAR_LITERAL, BIN_LITERAL, HEX_LITERAL, IDENT, INT_LITERAL, FLOAT_LITERAL, DOUBLE_LITERAL, REAL_LITERAL} [@877,4109:4119='\ifExintVar',<188>,155:14] (termorseq, taclet, rulesOrAxioms, decls, file) 
301579     WARN  Test worker     d.u.i.k.n.KeYParser       [syntax-error] file:/home/runner/work/key/key/key.core/build/resources/main/de/uka/ilkd/key/proof/rules/ifThenElseRules.key:155:27: extraneous input '(' expecting {'\lemma', '}', IDENT, '/*!'} [@880,4122:4122='(',<146>,155:27] (rulesOrAxioms, decls, file) 
301579     WARN  Test worker     d.u.i.k.n.KeYParser       [syntax-error] file:/home/runner/work/key/key/key.core/build/resources/main/de/uka/ilkd/key/proof/rules/ifThenElseRules.key:155:35: mismatched input '=' expecting {'(', '{'} [@883,4130:4130='=',<159>,155:35] (taclet, rulesOrAxioms, decls, file) 
301579     WARN  Test worker     d.u.i.k.n.KeYParser       [syntax-error] file:/home/runner/work/key/key/key.core/build/resources/main/de/uka/ilkd/key/proof/rules/ifThenElseRules.key:157:38: mismatched input '}' expecting {'(', '{'} [@917,4230:4230='}',<149>,157:38] (taclet, rulesOrAxioms, decls, file) 
301579     WARN  Test worker     d.u.i.k.n.KeYParser       [syntax-error] file:/home/runner/work/key/key/key.core/build/resources/main/de/uka/ilkd/key/proof/rules/ifThenElseRules.key:163:14: mismatched input '\ifExintVar' expecting {MODALITY, FORALL, EXISTS, '\if', '\ifEx', 'true', 'false', '(', '{', '@', NOT, SEQARROW, '-', STRING_LITERAL, CHAR_LITERAL, BIN_LITERAL, HEX_LITERAL, IDENT, INT_LITERAL, FLOAT_LITERAL, DOUBLE_LITERAL, REAL_LITERAL} [@939,4350:4360='\ifExintVar',<188>,163:14] (termorseq, taclet, rulesOrAxioms, decls, file) 
301579     WARN  Test worker     d.u.i.k.n.KeYParser       [syntax-error] file:/home/runner/work/key/key/key.core/build/resources/main/de/uka/ilkd/key/proof/rules/ifThenElseRules.key:163:27: extraneous input '(' expecting {'\lemma', '}', IDENT, '/*!'} [@942,4363:4363='(',<146>,163:27] (rulesOrAxioms, decls, file) 
301579     WARN  Test worker     d.u.i.k.n.KeYParser       [syntax-error] file:/home/runner/work/key/key/key.core/build/resources/main/de/uka/ilkd/key/proof/rules/ifThenElseRules.key:163:30: mismatched input '=' expecting {'(', '{'} [@945,4366:4366='=',<159>,163:30] (taclet, rulesOrAxioms, decls, file) 
301579     WARN  Test worker     d.u.i.k.n.KeYParser       [syntax-error] file:/home/runner/work/key/key/key.core/build/resources/main/de/uka/ilkd/key/proof/rules/ifThenElseRules.key:165:38: mismatched input '}' expecting {'(', '{'} [@979,4477:4477='}',<149>,165:38] (taclet, rulesOrAxioms, decls, file) 
301579     WARN  Test worker     d.u.i.k.n.KeYParser       [syntax-error] file:/home/runner/work/key/key/key.core/build/resources/main/de/uka/ilkd/key/proof/rules/ifThenElseRules.key:171:14: mismatched input '\ifExintVar' expecting {MODALITY, FORALL, EXISTS, '\if', '\ifEx', 'true', 'false', '(', '{', '@', NOT, SEQARROW, '-', STRING_LITERAL, CHAR_LITERAL, BIN_LITERAL, HEX_LITERAL, IDENT, INT_LITERAL, FLOAT_LITERAL, DOUBLE_LITERAL, REAL_LITERAL} [@1001,4604:4614='\ifExintVar',<188>,171:14] (termorseq, taclet, rulesOrAxioms, decls, file) 
301580     WARN  Test worker     d.u.i.k.n.KeYParser       [syntax-error] file:/home/runner/work/key/key/key.core/build/resources/main/de/uka/ilkd/key/proof/rules/ifThenElseRules.key:171:27: extraneous input '(' expecting {'\lemma', '}', IDENT, '/*!'} [@1004,4617:4617='(',<146>,171:27] (rulesOrAxioms, decls, file) 
301580     WARN  Test worker     d.u.i.k.n.KeYParser       [syntax-error] file:/home/runner/work/key/key/key.core/build/resources/main/de/uka/ilkd/key/proof/rules/ifThenElseRules.key:171:30: mismatched input '=' expecting {'(', '{'} [@1007,4620:4620='=',<159>,171:30] (taclet, rulesOrAxioms, decls, file) 
301580     WARN  Test worker     d.u.i.k.n.KeYParser       [syntax-error] file:/home/runner/work/key/key/key.core/build/resources/main/de/uka/ilkd/key/proof/rules/ifThenElseRules.key:173:38: mismatched input '}' expecting {'(', '{'} [@1041,4725:4725='}',<149>,173:38] (taclet, rulesOrAxioms, decls, file) 
301580     WARN  Test worker     d.u.i.k.n.KeYParser       [syntax-error] file:/home/runner/work/key/key/key.core/build/resources/main/de/uka/ilkd/key/proof/rules/ifThenElseRules.key:179:14: mismatched input '\ifExintVar' expecting {MODALITY, FORALL, EXISTS, '\if', '\ifEx', 'true', 'false', '(', '{', '@', NOT, SEQARROW, '-', STRING_LITERAL, CHAR_LITERAL, BIN_LITERAL, HEX_LITERAL, IDENT, INT_LITERAL, FLOAT_LITERAL, DOUBLE_LITERAL, REAL_LITERAL} [@1063,4848:4858='\ifExintVar',<188>,179:14] (termorseq, taclet, rulesOrAxioms, decls, file) 
301580     WARN  Test worker     d.u.i.k.n.KeYParser       [syntax-error] file:/home/runner/work/key/key/key.core/build/resources/main/de/uka/ilkd/key/proof/rules/ifThenElseRules.key:179:27: extraneous input '(' expecting {'\lemma', '}', IDENT, '/*!'} [@1066,4861:4861='(',<146>,179:27] (rulesOrAxioms, decls, file) 
301580     WARN  Test worker     d.u.i.k.n.KeYParser       [syntax-error] file:/home/runner/work/key/key/key.core/build/resources/main/de/uka/ilkd/key/proof/rules/ifThenElseRules.key:179:32: mismatched input '&' expecting {'(', '{'} [@1069,4866:4866='&',<156>,179:32] (taclet, rulesOrAxioms, decls, file) 
301580     WARN  Test worker     d.u.i.k.n.KeYParser       [syntax-error] file:/home/runner/work/key/key/key.core/build/resources/main/de/uka/ilkd/key/proof/rules/ifThenElseRules.key:181:42: mismatched input '}' expecting {'(', '{'} [@1109,4985:4985='}',<149>,181:42] (taclet, rulesOrAxioms, decls, file) 
301580     WARN  Test worker     d.u.i.k.n.KeYParser       [syntax-error] file:/home/runner/work/key/key/key.core/build/resources/main/de/uka/ilkd/key/proof/rules/ifThenElseRules.key:182:39: mismatched input '}' expecting {'(', '{'} [@1122,5030:5030='}',<149>,182:39] (taclet, rulesOrAxioms, decls, file) 
301581     WARN  Test worker     d.u.i.k.n.KeYParser       [syntax-error] file:/home/runner/work/key/key/key.core/build/resources/main/de/uka/ilkd/key/proof/rules/ifThenElseRules.key:188:14: mismatched input '\ifExintVar' expecting {MODALITY, FORALL, EXISTS, '\if', '\ifEx', 'true', 'false', '(', '{', '@', NOT, SEQARROW, '-', STRING_LITERAL, CHAR_LITERAL, BIN_LITERAL, HEX_LITERAL, IDENT, INT_LITERAL, FLOAT_LITERAL, DOUBLE_LITERAL, REAL_LITERAL} [@1146,5149:5159='\ifExintVar',<188>,188:14] (termorseq, taclet, rulesOrAxioms, decls, file) 
301581     WARN  Test worker     d.u.i.k.n.KeYParser       [syntax-error] file:/home/runner/work/key/key/key.core/build/resources/main/de/uka/ilkd/key/proof/rules/ifThenElseRules.key:188:27: extraneous input '(' expecting {'\lemma', '}', IDENT, '/*!'} [@1149,5162:5162='(',<146>,188:27] (rulesOrAxioms, decls, file) 
301581     WARN  Test worker     d.u.i.k.n.KeYParser       [syntax-error] file:/home/runner/work/key/key/key.core/build/resources/main/de/uka/ilkd/key/proof/rules/ifThenElseRules.key:188:32: mismatched input '&' expecting {'(', '{'} [@1152,5167:5167='&',<156>,188:32] (taclet, rulesOrAxioms, decls, file) 
301581     WARN  Test worker     d.u.i.k.n.KeYParser       [syntax-error] file:/home/runner/work/key/key/key.core/build/resources/main/de/uka/ilkd/key/proof/rules/ifThenElseRules.key:190:42: mismatched input '}' expecting {'(', '{'} [@1192,5280:5280='}',<149>,190:42] (taclet, rulesOrAxioms, decls, file) 
301581     WARN  Test worker     d.u.i.k.n.KeYParser       [syntax-error] file:/home/runner/work/key/key/key.core/build/resources/main/de/uka/ilkd/key/proof/rules/ifThenElseRules.key:191:39: mismatched input '}' expecting {'(', '{'} [@1205,5325:5325='}',<149>,191:39] (taclet, rulesOrAxioms, decls, file) 
301581     WARN  Test worker     d.u.i.k.n.KeYParser       [syntax-error] file:/home/runner/work/key/key/key.core/build/resources/main/de/uka/ilkd/key/proof/rules/ifThenElseRules.key:198:14: mismatched input '\ifExintVar' expecting {MODALITY, FORALL, EXISTS, '\if', '\ifEx', 'true', 'false', '(', '{', '@', NOT, SEQARROW, '-', STRING_LITERAL, CHAR_LITERAL, BIN_LITERAL, HEX_LITERAL, IDENT, INT_LITERAL, FLOAT_LITERAL, DOUBLE_LITERAL, REAL_LITERAL} [@1233,5475:5485='\ifExintVar',<188>,198:14] (termorseq, taclet, rulesOrAxioms, decls, file) 
301581     WARN  Test worker     d.u.i.k.n.KeYParser       [syntax-error] file:/home/runner/work/key/key/key.core/build/resources/main/de/uka/ilkd/key/proof/rules/ifThenElseRules.key:198:27: extraneous input '(' expecting {'\lemma', '}', IDENT, '/*!'} [@1236,5488:5488='(',<146>,198:27] (rulesOrAxioms, decls, file) 
301581     WARN  Test worker     d.u.i.k.n.KeYParser       [syntax-error] file:/home/runner/work/key/key/key.core/build/resources/main/de/uka/ilkd/key/proof/rules/ifThenElseRules.key:198:32: mismatched input '&' expecting {'(', '{'} [@1239,5493:5493='&',<156>,198:32] (taclet, rulesOrAxioms, decls, file) 
301581     WARN  Test worker     d.u.i.k.n.KeYParser       [syntax-error] file:/home/runner/work/key/key/key.core/build/resources/main/de/uka/ilkd/key/proof/rules/ifThenElseRules.key:200:42: mismatched input '}' expecting {'(', '{'} [@1279,5612:5612='}',<149>,200:42] (taclet, rulesOrAxioms, decls, file) 
301582     WARN  Test worker     d.u.i.k.n.KeYParser       [syntax-error] file:/home/runner/work/key/key/key.core/build/resources/main/de/uka/ilkd/key/proof/rules/ifThenElseRules.key:201:39: mismatched input '}' expecting {'(', '{'} [@1292,5657:5657='}',<149>,201:39] (taclet, rulesOrAxioms, decls, file) 
301582     WARN  Test worker     d.u.i.k.n.KeYParser       [syntax-error] file:/home/runner/work/key/key/key.core/build/resources/main/de/uka/ilkd/key/proof/rules/ifThenElseRules.key:208:14: mismatched input '\ifExintVar' expecting {MODALITY, FORALL, EXISTS, '\if', '\ifEx', 'true', 'false', '(', '{', '@', NOT, SEQARROW, '-', STRING_LITERAL, CHAR_LITERAL, BIN_LITERAL, HEX_LITERAL, IDENT, INT_LITERAL, FLOAT_LITERAL, DOUBLE_LITERAL, REAL_LITERAL} [@1320,5817:5827='\ifExintVar',<188>,208:14] (termorseq, taclet, rulesOrAxioms, decls, file) 
301582     WARN  Test worker     d.u.i.k.n.KeYParser       [syntax-error] file:/home/runner/work/key/key/key.core/build/resources/main/de/uka/ilkd/key/proof/rules/ifThenElseRules.key:208:27: extraneous input '(' expecting {'\lemma', '}', IDENT, '/*!'} [@1323,5830:5830='(',<146>,208:27] (rulesOrAxioms, decls, file) 
301582     WARN  Test worker     d.u.i.k.n.KeYParser       [syntax-error] file:/home/runner/work/key/key/key.core/build/resources/main/de/uka/ilkd/key/proof/rules/ifThenElseRules.key:208:32: mismatched input '&' expecting {'(', '{'} [@1326,5835:5835='&',<156>,208:32] (taclet, rulesOrAxioms, decls, file) 
301582     WARN  Test worker     d.u.i.k.n.KeYParser       [syntax-error] file:/home/runner/work/key/key/key.core/build/resources/main/de/uka/ilkd/key/proof/rules/ifThenElseRules.key:210:42: mismatched input '}' expecting {'(', '{'} [@1366,5948:5948='}',<149>,210:42] (taclet, rulesOrAxioms, decls, file) 
301582     WARN  Test worker     d.u.i.k.n.KeYParser       [syntax-error] file:/home/runner/work/key/key/key.core/build/resources/main/de/uka/ilkd/key/proof/rules/ifThenElseRules.key:211:39: mismatched input '}' expecting {'(', '{'} [@1379,5993:5993='}',<149>,211:39] (taclet, rulesOrAxioms, decls, file) 
301582     WARN  Test worker     d.u.i.k.n.KeYParser       [syntax-error] file:/home/runner/work/key/key/key.core/build/resources/main/de/uka/ilkd/key/proof/rules/ifThenElseRules.key:218:14: mismatched input '\ifExintVar' expecting {MODALITY, FORALL, EXISTS, '\if', '\ifEx', 'true', 'false', '(', '{', '@', NOT, SEQARROW, '-', STRING_LITERAL, CHAR_LITERAL, BIN_LITERAL, HEX_LITERAL, IDENT, INT_LITERAL, FLOAT_LITERAL, DOUBLE_LITERAL, REAL_LITERAL} [@1407,6146:6156='\ifExintVar',<188>,218:14] (termorseq, taclet, rulesOrAxioms, decls, file) 
301583     WARN  Test worker     d.u.i.k.n.KeYParser       [syntax-error] file:/home/runner/work/key/key/key.core/build/resources/main/de/uka/ilkd/key/proof/rules/ifThenElseRules.key:218:27: extraneous input '(' expecting {'\lemma', '}', IDENT, '/*!'} [@1410,6159:6159='(',<146>,218:27] (rulesOrAxioms, decls, file) 
301583     WARN  Test worker     d.u.i.k.n.KeYParser       [syntax-error] file:/home/runner/work/key/key/key.core/build/resources/main/de/uka/ilkd/key/proof/rules/ifThenElseRules.key:218:31: mismatched input ')' expecting {'(', '{'} [@1412,6163:6163=')',<147>,218:31] (taclet, rulesOrAxioms, decls, file) 
301583     WARN  Test worker     d.u.i.k.n.KeYParser       [syntax-error] file:/home/runner/work/key/key/key.core/build/resources/main/de/uka/ilkd/key/proof/rules/ifThenElseRules.key:220:44: mismatched input ')' expecting {'(', '{'} [@1444,6275:6275=')',<147>,220:44] (taclet, rulesOrAxioms, decls, file) 
301583     WARN  Test worker     d.u.i.k.n.KeYParser       [syntax-error] file:/home/runner/work/key/key/key.core/build/resources/main/de/uka/ilkd/key/proof/rules/ifThenElseRules.key:225:14: mismatched input '\ifExintVar' expecting {MODALITY, FORALL, EXISTS, '\if', '\ifEx', 'true', 'false', '(', '{', '@', NOT, SEQARROW, '-', STRING_LITERAL, CHAR_LITERAL, BIN_LITERAL, HEX_LITERAL, IDENT, INT_LITERAL, FLOAT_LITERAL, DOUBLE_LITERAL, REAL_LITERAL} [@1471,6389:6399='\ifExintVar',<188>,225:14] (termorseq, taclet, rulesOrAxioms, decls, file) 
301583     WARN  Test worker     d.u.i.k.n.KeYParser       [syntax-error] file:/home/runner/work/key/key/key.core/build/resources/main/de/uka/ilkd/key/proof/rules/ifThenElseRules.key:225:27: extraneous input '(' expecting {'\lemma', '}', IDENT, '/*!'} [@1474,6402:6402='(',<146>,225:27] (rulesOrAxioms, decls, file) 
301583     WARN  Test worker     d.u.i.k.n.KeYParser       [syntax-error] file:/home/runner/work/key/key/key.core/build/resources/main/de/uka/ilkd/key/proof/rules/ifThenElseRules.key:225:31: mismatched input ')' expecting {'(', '{'} [@1476,6406:6406=')',<147>,225:31] (taclet, rulesOrAxioms, decls, file) 
301583     WARN  Test worker     d.u.i.k.n.KeYParser       [syntax-error] file:/home/runner/work/key/key/key.core/build/resources/main/de/uka/ilkd/key/proof/rules/ifThenElseRules.key:227:44: mismatched input ')' expecting {'(', '{'} [@1508,6509:6509=')',<147>,227:44] (taclet, rulesOrAxioms, decls, file) 
301583     WARN  Test worker     d.u.i.k.n.KeYParser       [syntax-error] file:/home/runner/work/key/key/key.core/build/resources/main/de/uka/ilkd/key/proof/rules/ifThenElseRules.key:233:14: mismatched input '\ifExintVar' expecting {MODALITY, FORALL, EXISTS, '\if', '\ifEx', 'true', 'false', '(', '{', '@', NOT, SEQARROW, '-', STRING_LITERAL, CHAR_LITERAL, BIN_LITERAL, HEX_LITERAL, IDENT, INT_LITERAL, FLOAT_LITERAL, DOUBLE_LITERAL, REAL_LITERAL} [@1539,6656:6666='\ifExintVar',<188>,233:14] (termorseq, taclet, rulesOrAxioms, decls, file) 
301584     WARN  Test worker     d.u.i.k.n.KeYParser       [syntax-error] file:/home/runner/work/key/key/key.core/build/resources/main/de/uka/ilkd/key/proof/rules/ifThenElseRules.key:233:27: extraneous input '(' expecting {'\lemma', '}', IDENT, '/*!'} [@1542,6669:6669='(',<146>,233:27] (rulesOrAxioms, decls, file) 
301584     WARN  Test worker     d.u.i.k.n.KeYParser       [syntax-error] file:/home/runner/work/key/key/key.core/build/resources/main/de/uka/ilkd/key/proof/rules/ifThenElseRules.key:233:31: mismatched input ')' expecting {'(', '{'} [@1544,6673:6673=')',<147>,233:31] (taclet, rulesOrAxioms, decls, file) 
301584     WARN  Test worker     d.u.i.k.n.KeYParser       [syntax-error] file:/home/runner/work/key/key/key.core/build/resources/main/de/uka/ilkd/key/proof/rules/ifThenElseRules.key:237:42: mismatched input '}' expecting {'(', '{'} [@1586,6850:6850='}',<149>,237:42] (taclet, rulesOrAxioms, decls, file) 
301584     WARN  Test worker     d.u.i.k.n.KeYParser       [syntax-error] file:/home/runner/work/key/key/key.core/build/resources/main/de/uka/ilkd/key/proof/rules/ifThenElseRules.key:238:34: mismatched input '}' expecting {'(', '{'} [@1599,6891:6891='}',<149>,238:34] (taclet, rulesOrAxioms, decls, file) 
301584     WARN  Test worker     d.u.i.k.n.KeYParser       [syntax-error] file:/home/runner/work/key/key/key.core/build/resources/main/de/uka/ilkd/key/proof/rules/ifThenElseRules.key:239:28: extraneous input '(' expecting {'\lemma', '}', IDENT, '/*!'} [@1608,6925:6925='(',<146>,239:28] (rulesOrAxioms, decls, file) 
301584     WARN  Test worker     d.u.i.k.n.KeYParser       [syntax-error] file:/home/runner/work/key/key/key.core/build/resources/main/de/uka/ilkd/key/proof/rules/ifThenElseRules.key:239:33: mismatched input '->' expecting {'(', '{'} [@1611,6930:6931='->',<158>,239:33] (taclet, rulesOrAxioms, decls, file) 
301584     WARN  Test worker     d.u.i.k.n.KeYParser       [syntax-error] file:/home/runner/work/key/key/key.core/build/resources/main/de/uka/ilkd/key/proof/rules/ifThenElseRules.key:240:8: extraneous input '\replacewith' expecting {'\lemma', '}', IDENT, '/*!'} [@1626,6979:6990='\replacewith',<105>,240:8] (rulesOrAxioms, decls, file) 
301584     WARN  Test worker     d.u.i.k.n.KeYParser       [syntax-error] file:/home/runner/work/key/key/key.core/build/resources/main/de/uka/ilkd/key/proof/rules/ifThenElseRules.key:240:25: mismatched input ')' expecting {'(', '{'} [@1629,6996:6996=')',<147>,240:25] (taclet, rulesOrAxioms, decls, file) 
301584     WARN  Test worker     d.u.i.k.n.KeYParser       [syntax-error] file:/home/runner/work/key/key/key.core/build/resources/main/de/uka/ilkd/key/proof/rules/ifThenElseRules.key:240:56: mismatched input ')' expecting {'(', '{'} [@1642,7027:7027=')',<147>,240:56] (taclet, rulesOrAxioms, decls, file) 
301585     WARN  Test worker     d.u.i.k.n.KeYParser       [syntax-error] file:/home/runner/work/key/key/key.core/build/resources/main/de/uka/ilkd/key/proof/rules/ifThenElseRules.key:245:14: mismatched input '\ifExintVar' expecting {MODALITY, FORALL, EXISTS, '\if', '\ifEx', 'true', 'false', '(', '{', '@', NOT, SEQARROW, '-', STRING_LITERAL, CHAR_LITERAL, BIN_LITERAL, HEX_LITERAL, IDENT, INT_LITERAL, FLOAT_LITERAL, DOUBLE_LITERAL, REAL_LITERAL} [@1658,7109:7119='\ifExintVar',<188>,245:14] (termorseq, taclet, rulesOrAxioms, decls, file) 
301585     WARN  Test worker     d.u.i.k.n.KeYParser       [syntax-error] file:/home/runner/work/key/key/key.core/build/resources/main/de/uka/ilkd/key/proof/rules/ifThenElseRules.key:245:27: extraneous input '(' expecting {'\lemma', '}', IDENT, '/*!'} [@1661,7122:7122='(',<146>,245:27] (rulesOrAxioms, decls, file) 
301585     WARN  Test worker     d.u.i.k.n.KeYParser       [syntax-error] file:/home/runner/work/key/key/key.core/build/resources/main/de/uka/ilkd/key/proof/rules/ifThenElseRules.key:245:31: mismatched input ')' expecting {'(', '{'} [@1663,7126:7126=')',<147>,245:31] (taclet, rulesOrAxioms, decls, file) 
301585     WARN  Test worker     d.u.i.k.n.KeYParser       [syntax-error] file:/home/runner/work/key/key/key.core/build/resources/main/de/uka/ilkd/key/proof/rules/ifThenElseRules.key:248:45: mismatched input '}' expecting {'(', '{'} [@1696,7268:7268='}',<149>,248:45] (taclet, rulesOrAxioms, decls, file) 
301585     WARN  Test worker     d.u.i.k.n.KeYParser       [syntax-error] file:/home/runner/work/key/key/key.core/build/resources/main/de/uka/ilkd/key/proof/rules/ifThenElseRules.key:249:8: extraneous input '\replacewith' expecting {'\lemma', '}', IDENT, '/*!'} [@1701,7284:7295='\replacewith',<105>,249:8] (rulesOrAxioms, decls, file) 
301585     WARN  Test worker     d.u.i.k.n.KeYParser       [syntax-error] file:/home/runner/work/key/key/key.core/build/resources/main/de/uka/ilkd/key/proof/rules/ifThenElseRules.key:249:38: mismatched input ')' expecting {'(', '{'} [@1708,7314:7314=')',<147>,249:38] (taclet, rulesOrAxioms, decls, file) 
301585     WARN  Test worker     d.u.i.k.n.KeYParser       [syntax-error] file:/home/runner/work/key/key/key.core/build/resources/main/de/uka/ilkd/key/proof/rules/ifThenElseRules.key:250:42: mismatched input '}' expecting {'(', '{'} [@1731,7381:7381='}',<149>,250:42] (taclet, rulesOrAxioms, decls, file) 
301585     WARN  Test worker     d.u.i.k.n.KeYParser       [syntax-error] file:/home/runner/work/key/key/key.core/build/resources/main/de/uka/ilkd/key/proof/rules/ifThenElseRules.key:251:28: extraneous input '(' expecting {'\lemma', '}', IDENT, '/*!'} [@1741,7416:7416='(',<146>,251:28] (rulesOrAxioms, decls, file) 
301585     WARN  Test worker     d.u.i.k.n.KeYParser       [syntax-error] file:/home/runner/work/key/key/key.core/build/resources/main/de/uka/ilkd/key/proof/rules/ifThenElseRules.key:251:33: mismatched input '->' expecting {'(', '{'} [@1744,7421:7422='->',<158>,251:33] (taclet, rulesOrAxioms, decls, file) 
301594     WARN  Test worker     d.u.i.k.n.KeYParser       [syntax-error] file:/home/runner/work/key/key/key.core/build/resources/main/de/uka/ilkd/key/proof/rules/ifThenElseRules.key:255:14: mismatched input '\ifExintVar' expecting {MODALITY, FORALL, EXISTS, '\if', '\ifEx', 'true', 'false', '(', '{', '@', NOT, SEQARROW, '-', STRING_LITERAL, CHAR_LITERAL, BIN_LITERAL, HEX_LITERAL, IDENT, INT_LITERAL, FLOAT_LITERAL, DOUBLE_LITERAL, REAL_LITERAL} [@1765,7506:7516='\ifExintVar',<188>,255:14] (termorseq, taclet, rulesOrAxioms, decls, file) 
301595     WARN  Test worker     d.u.i.k.n.KeYParser       [syntax-error] file:/home/runner/work/key/key/key.core/build/resources/main/de/uka/ilkd/key/proof/rules/ifThenElseRules.key:255:27: extraneous input '(' expecting {'\lemma', '}', IDENT, '/*!'} [@1768,7519:7519='(',<146>,255:27] (rulesOrAxioms, decls, file) 
301595     WARN  Test worker     d.u.i.k.n.KeYParser       [syntax-error] file:/home/runner/work/key/key/key.core/build/resources/main/de/uka/ilkd/key/proof/rules/ifThenElseRules.key:255:31: mismatched input ')' expecting {'(', '{'} [@1770,7523:7523=')',<147>,255:31] (taclet, rulesOrAxioms, decls, file) 
301595     WARN  Test worker     d.u.i.k.n.KeYParser       [syntax-error] file:/home/runner/work/key/key/key.core/build/resources/main/de/uka/ilkd/key/proof/rules/ifThenElseRules.key:258:52: extraneous input '0' expecting {'\lemma', '}', IDENT, '/*!'} [@1809,7667:7667='0',<184>,258:52] (rulesOrAxioms, decls, file) 
301595     WARN  Test worker     d.u.i.k.n.KeYParser       [syntax-error] file:/home/runner/work/key/key/key.core/build/resources/main/de/uka/ilkd/key/proof/rules/ifThenElseRules.key:258:54: mismatched input 'then' expecting {<EOF>, '\problem', '\chooseContract', '\proofObligation', '\proof'} [@1811,7669:7672='then',<183>,258:54] (file) 
301595     ERROR Test worker     d.u.i.k.s.n.MasterHandlerTest Error reading /home/runner/work/key/key/key.core/build/resources/test/de/uka/ilkd/key/smt/newsmt2/cases/bool1.props de.uka.ilkd.key.proof.io.ProblemLoaderException: line 135:14 mismatched input '\ifExintVar' expecting {MODALITY, FORALL, EXISTS, '\if', '\ifEx', 'true', 'false', '(', '{', '@', NOT, SEQARROW, '-', STRING_LITERAL, CHAR_LITERAL, BIN_LITERAL, HEX_LITERAL, IDENT, INT_LITERAL, FLOAT_LITERAL, DOUBLE_LITERAL, REAL_LITERAL}
line 135:27 extraneous input '(' expecting {'\lemma', '}', IDENT, '/*!'}
line 135:44 mismatched input ')' expecting {'(', '{'}
line 141:14 mismatched input '\ifExintVar' expecting {MODALITY, FORALL, EXISTS, '\if', '\ifEx', 'true', 'false', '(', '{', '@', NOT, SEQARROW, '-', STRING_LITERAL, CHAR_LITERAL, BIN_LITERAL, HEX_LITERAL, IDENT, INT_LITERAL, FLOAT_LITERAL, DOUBLE_LITERAL, REAL_LITERAL}
line 141:27 extraneous input '(' expecting {'\lemma', '}', IDENT, '/*!'}
line 141:41 mismatched input ')' expecting {'(', '{'}
line 148:14 mismatched input '\ifExintVar' expecting {MODALITY, FORALL, EXISTS, '\if', '\ifEx', 'true', 'false', '(', '{', '@', NOT, SEQARROW, '-', STRING_LITERAL, CHAR_LITERAL, BIN_LITERAL, HEX_LITERAL, IDENT, INT_LITERAL, FLOAT_LITERAL, DOUBLE_LITERAL, REAL_LITERAL}
line 148:27 extraneous input '(' expecting {'\lemma', '}', IDENT, '/*!'}
line 148:35 mismatched input '=' expecting {'(', '{'}
line 150:38 mismatched input '}' expecting {'(', '{'}
line 155:14 mismatched input '\ifExintVar' expecting {MODALITY, FORALL, EXISTS, '\if', '\ifEx', 'true', 'false', '(', '{', '@', NOT, SEQARROW, '-', STRING_LITERAL, CHAR_LITERAL, BIN_LITERAL, HEX_LITERAL, IDENT, INT_LITERAL, FLOAT_LITERAL, DOUBLE_LITERAL, REAL_LITERAL}
line 155:27 extraneous input '(' expecting {'\lemma', '}', IDENT, '/*!'}
line 155:35 mismatched input '=' expecting {'(', '{'}
line 157:38 mismatched input '}' expecting {'(', '{'}
line 163:14 mismatched input '\ifExintVar' expecting {MODALITY, FORALL, EXISTS, '\if', '\ifEx', 'true', 'false', '(', '{', '@', NOT, SEQARROW, '-', STRING_LITERAL, CHAR_LITERAL, BIN_LITERAL, HEX_LITERAL, IDENT, INT_LITERAL, FLOAT_LITERAL, DOUBLE_LITERAL, REAL_LITERAL}
line 163:27 extraneous input '(' expecting {'\lemma', '}', IDENT, '/*!'}
line 163:30 mismatched input '=' expecting {'(', '{'}
line 165:38 mismatched input '}' expecting {'(', '{'}
line 171:14 mismatched input '\ifExintVar' expecting {MODALITY, FORALL, EXISTS, '\if', '\ifEx', 'true', 'false', '(', '{', '@', NOT, SEQARROW, '-', STRING_LITERAL, CHAR_LITERAL, BIN_LITERAL, HEX_LITERAL, IDENT, INT_LITERAL, FLOAT_LITERAL, DOUBLE_LITERAL, REAL_LITERAL}
line 171:27 extraneous input '(' expecting {'\lemma', '}', IDENT, '/*!'}
line 171:30 mismatched input '=' expecting {'(', '{'}
line 173:38 mismatched input '}' expecting {'(', '{'}
line 179:14 mismatched input '\ifExintVar' expecting {MODALITY, FORALL, EXISTS, '\if', '\ifEx', 'true', 'false', '(', '{', '@', NOT, SEQARROW, '-', STRING_LITERAL, CHAR_LITERAL, BIN_LITERAL, HEX_LITERAL, IDENT, INT_LITERAL, FLOAT_LITERAL, DOUBLE_LITERAL, REAL_LITERAL}
line 179:27 extraneous input '(' expecting {'\lemma', '}', IDENT, '/*!'}
line 179:32 mismatched input '&' expecting {'(', '{'}
line 181:42 mismatched input '}' expecting {'(', '{'}
line 182:39 mismatched input '}' expecting {'(', '{'}
line 188:14 mismatched input '\ifExintVar' expecting {MODALITY, FORALL, EXISTS, '\if', '\ifEx', 'true', 'false', '(', '{', '@', NOT, SEQARROW, '-', STRING_LITERAL, CHAR_LITERAL, BIN_LITERAL, HEX_LITERAL, IDENT, INT_LITERAL, FLOAT_LITERAL, DOUBLE_LITERAL, REAL_LITERAL}
line 188:27 extraneous input '(' expecting {'\lemma', '}', IDENT, '/*!'}
line 188:32 mismatched input '&' expecting {'(', '{'}
line 190:42 mismatched input '}' expecting {'(', '{'}
line 191:39 mismatched input '}' expecting {'(', '{'}
line 198:14 mismatched input '\ifExintVar' expecting {MODALITY, FORALL, EXISTS, '\if', '\ifEx', 'true', 'false', '(', '{', '@', NOT, SEQARROW, '-', STRING_LITERAL, CHAR_LITERAL, BIN_LITERAL, HEX_LITERAL, IDENT, INT_LITERAL, FLOAT_LITERAL, DOUBLE_LITERAL, REAL_LITERAL}
line 198:27 extraneous input '(' expecting {'\lemma', '}', IDENT, '/*!'}
line 198:32 mismatched input '&' expecting {'(', '{'}
line 200:42 mismatched input '}' expecting {'(', '{'}
line 201:39 mismatched input '}' expecting {'(', '{'}
line 208:14 mismatched input '\ifExintVar' expecting {MODALITY, FORALL, EXISTS, '\if', '\ifEx', 'true', 'false', '(', '{', '@', NOT, SEQARROW, '-', STRING_LITERAL, CHAR_LITERAL, BIN_LITERAL, HEX_LITERAL, IDENT, INT_LITERAL, FLOAT_LITERAL, DOUBLE_LITERAL, REAL_LITERAL}
line 208:27 extraneous input '(' expecting {'\lemma', '}', IDENT, '/*!'}
line 208:32 mismatched input '&' expecting {'(', '{'}
line 210:42 mismatched input '}' expecting {'(', '{'}
line 211:39 mismatched input '}' expecting {'(', '{'}
line 218:14 mismatched input '\ifExintVar' expecting {MODALITY, FORALL, EXISTS, '\if', '\ifEx', 'true', 'false', '(', '{', '@', NOT, SEQARROW, '-', STRING_LITERAL, CHAR_LITERAL, BIN_LITERAL, HEX_LITERAL, IDENT, INT_LITERAL, FLOAT_LITERAL, DOUBLE_LITERAL, REAL_LITERAL}
line 218:27 extraneous input '(' expecting {'\lemma', '}', IDENT, '/*!'}
line 218:31 mismatched input ')' expecting {'(', '{'}
line 220:44 mismatched input ')' expecting {'(', '{'}
line 225:14 mismatched input '\ifExintVar' expecting {MODALITY, FORALL, EXISTS, '\if', '\ifEx', 'true', 'false', '(', '{', '@', NOT, SEQARROW, '-', STRING_LITERAL, CHAR_LITERAL, BIN_LITERAL, HEX_LITERAL, IDENT, INT_LITERAL, FLOAT_LITERAL, DOUBLE_LITERAL, REAL_LITERAL}
line 225:27 extraneous input '(' expecting {'\lemma', '}', IDENT, '/*!'}
line 225:31 mismatched input ')' expecting {'(', '{'}
line 227:44 mismatched input ')' expecting {'(', '{'}
line 233:14 mismatched input '\ifExintVar' expecting {MODALITY, FORALL, EXISTS, '\if', '\ifEx', 'true', 'false', '(', '{', '@', NOT, SEQARROW, '-', STRING_LITERAL, CHAR_LITERAL, BIN_LITERAL, HEX_LITERAL, IDENT, INT_LITERAL, FLOAT_LITERAL, DOUBLE_LITERAL, REAL_LITERAL}
line 233:27 extraneous input '(' expecting {'\lemma', '}', IDENT, '/*!'}
line 233:31 mismatched input ')' expecting {'(', '{'}
line 237:42 mismatched input '}' expecting {'(', '{'}
line 238:34 mismatched input '}' expecting {'(', '{'}
line 239:28 extraneous input '(' expecting {'\lemma', '}', IDENT, '/*!'}
line 239:33 mismatched input '->' expecting {'(', '{'}
line 240:8 extraneous input '\replacewith' expecting {'\lemma', '}', IDENT, '/*!'}
line 240:25 mismatched input ')' expecting {'(', '{'}
line 240:56 mismatched input ')' expecting {'(', '{'}
line 245:14 mismatched input '\ifExintVar' expecting {MODALITY, FORALL, EXISTS, '\if', '\ifEx', 'true', 'false', '(', '{', '@', NOT, SEQARROW, '-', STRING_LITERAL, CHAR_LITERAL, BIN_LITERAL, HEX_LITERAL, IDENT, INT_LITERAL, FLOAT_LITERAL, DOUBLE_LITERAL, REAL_LITERAL}
line 245:27 extraneous input '(' expecting {'\lemma', '}', IDENT, '/*!'}
line 245:31 mismatched input ')' expecting {'(', '{'}
line 248:45 mismatched input '}' expecting {'(', '{'}
line 249:8 extraneous input '\replacewith' expecting {'\lemma', '}', IDENT, '/*!'}
line 249:38 mismatched input ')' expecting {'(', '{'}
line 250:42 mismatched input '}' expecting {'(', '{'}
line 251:28 extraneous input '(' expecting {'\lemma', '}', IDENT, '/*!'}
line 251:33 mismatched input '->' expecting {'(', '{'}
line 255:14 mismatched input '\ifExintVar' expecting {MODALITY, FORALL, EXISTS, '\if', '\ifEx', 'true', 'false', '(', '{', '@', NOT, SEQARROW, '-', STRING_LITERAL, CHAR_LITERAL, BIN_LITERAL, HEX_LITERAL, IDENT, INT_LITERAL, FLOAT_LITERAL, DOUBLE_LITERAL, REAL_LITERAL}
line 255:27 extraneous input '(' expecting {'\lemma', '}', IDENT, '/*!'}
line 255:31 mismatched input ')' expecting {'(', '{'}
line 258:52 extraneous input '0' expecting {'\lemma', '}', IDENT, '/*!'}
line 258:54 mismatched input 'then' expecting {<EOF>, '\problem', '\chooseContract', '\proofObligation', '\proof'}

	at de.uka.ilkd.key.control.AbstractUserInterfaceControl.load(AbstractUserInterfaceControl.java:221)
Caused by: de.uka.ilkd.key.proof.init.ProofInputException: line 135:14 mismatched input '\ifExintVar' expecting {MODALITY, FORALL, EXISTS, '\if', '\ifEx', 'true', 'false', '(', '{', '@', NOT, SEQARROW, '-', STRING_LITERAL, CHAR_LITERAL, BIN_LITERAL, HEX_LITERAL, IDENT, INT_LITERAL, FLOAT_LITERAL, DOUBLE_LITERAL, REAL_LITERAL}
line 135:27 extraneous input '(' expecting {'\lemma', '}', IDENT, '/*!'}
line 135:44 mismatched input ')' expecting {'(', '{'}
line 141:14 mismatched input '\ifExintVar' expecting {MODALITY, FORALL, EXISTS, '\if', '\ifEx', 'true', 'false', '(', '{', '@', NOT, SEQARROW, '-', STRING_LITERAL, CHAR_LITERAL, BIN_LITERAL, HEX_LITERAL, IDENT, INT_LITERAL, FLOAT_LITERAL, DOUBLE_LITERAL, REAL_LITERAL}
line 141:27 extraneous input '(' expecting {'\lemma', '}', IDENT, '/*!'}
line 141:41 mismatched input ')' expecting {'(', '{'}
line 148:14 mismatched input '\ifExintVar' expecting {MODALITY, FORALL, EXISTS, '\if', '\ifEx', 'true', 'false', '(', '{', '@', NOT, SEQARROW, '-', STRING_LITERAL, CHAR_LITERAL, BIN_LITERAL, HEX_LITERAL, IDENT, INT_LITERAL, FLOAT_LITERAL, DOUBLE_LITERAL, REAL_LITERAL}
line 148:27 extraneous input '(' expecting {'\lemma', '}', IDENT, '/*!'}
line 148:35 mismatched input '=' expecting {'(', '{'}
line 150:38 mismatched input '}' expecting {'(', '{'}
line 155:14 mismatched input '\ifExintVar' expecting {MODALITY, FORALL, EXISTS, '\if', '\ifEx', 'true', 'false', '(', '{', '@', NOT, SEQARROW, '-', STRING_LITERAL, CHAR_LITERAL, BIN_LITERAL, HEX_LITERAL, IDENT, INT_LITERAL, FLOAT_LITERAL, DOUBLE_LITERAL, REAL_LITERAL}
line 155:27 extraneous input '(' expecting {'\lemma', '}', IDENT, '/*!'}
line 155:35 mismatched input '=' expecting {'(', '{'}
line 157:38 mismatched input '}' expecting {'(', '{'}
line 163:14 mismatched input '\ifExintVar' expecting {MODALITY, FORALL, EXISTS, '\if', '\ifEx', 'true', 'false', '(', '{', '@', NOT, SEQARROW, '-', STRING_LITERAL, CHAR_LITERAL, BIN_LITERAL, HEX_LITERAL, IDENT, INT_LITERAL, FLOAT_LITERAL, DOUBLE_LITERAL, REAL_LITERAL}
line 163:27 extraneous input '(' expecting {'\lemma', '}', IDENT, '/*!'}
line 163:30 mismatched input '=' expecting {'(', '{'}
line 165:38 mismatched input '}' expecting {'(', '{'}
line 171:14 mismatched input '\ifExintVar' expecting {MODALITY, FORALL, EXISTS, '\if', '\ifEx', 'true', 'false', '(', '{', '@', NOT, SEQARROW, '-', STRING_LITERAL, CHAR_LITERAL, BIN_LITERAL, HEX_LITERAL, IDENT, INT_LITERAL, FLOAT_LITERAL, DOUBLE_LITERAL, REAL_LITERAL}
line 171:27 extraneous input '(' expecting {'\lemma', '}', IDENT, '/*!'}
line 171:30 mismatched input '=' expecting {'(', '{'}
line 173:38 mismatched input '}' expecting {'(', '{'}
line 179:14 mismatched input '\ifExintVar' expecting {MODALITY, FORALL, EXISTS, '\if', '\ifEx', 'true', 'false', '(', '{', '@', NOT, SEQARROW, '-', STRING_LITERAL, CHAR_LITERAL, BIN_LITERAL, HEX_LITERAL, IDENT, INT_LITERAL, FLOAT_LITERAL, DOUBLE_LITERAL, REAL_LITERAL}
line 179:27 extraneous input '(' expecting {'\lemma', '}', IDENT, '/*!'}
line 179:32 mismatched input '&' expecting {'(', '{'}
line 181:42 mismatched input '}' expecting {'(', '{'}
line 182:39 mismatched input '}' expecting {'(', '{'}
line 188:14 mismatched input '\ifExintVar' expecting {MODALITY, FORALL, EXISTS, '\if', '\ifEx', 'true', 'false', '(', '{', '@', NOT, SEQARROW, '-', STRING_LITERAL, CHAR_LITERAL, BIN_LITERAL, HEX_LITERAL, IDENT, INT_LITERAL, FLOAT_LITERAL, DOUBLE_LITERAL, REAL_LITERAL}
line 188:27 extraneous input '(' expecting {'\lemma', '}', IDENT, '/*!'}
line 188:32 mismatched input '&' expecting {'(', '{'}
line 190:42 mismatched input '}' expecting {'(', '{'}
line 191:39 mismatched input '}' expecting {'(', '{'}
line 198:14 mismatched input '\ifExintVar' expecting {MODALITY, FORALL, EXISTS, '\if', '\ifEx', 'true', 'false', '(', '{', '@', NOT, SEQARROW, '-', STRING_LITERAL, CHAR_LITERAL, BIN_LITERAL, HEX_LITERAL, IDENT, INT_LITERAL, FLOAT_LITERAL, DOUBLE_LITERAL, REAL_LITERAL}
line 198:27 extraneous input '(' expecting {'\lemma', '}', IDENT, '/*!'}
line 198:32 mismatched input '&' expecting {'(', '{'}
line 200:42 mismatched input '}' expecting {'(', '{'}
line 201:39 mismatched input '}' expecting {'(', '{'}
line 208:14 mismatched input '\ifExintVar' expecting {MODALITY, FORALL, EXISTS, '\if', '\ifEx', 'true', 'false', '(', '{', '@', NOT, SEQARROW, '-', STRING_LITERAL, CHAR_LITERAL, BIN_LITERAL, HEX_LITERAL, IDENT, INT_LITERAL, FLOAT_LITERAL, DOUBLE_LITERAL, REAL_LITERAL}
line 208:27 extraneous input '(' expecting {'\lemma', '}', IDENT, '/*!'}
line 208:32 mismatched input '&' expecting {'(', '{'}
line 210:42 mismatched input '}' expecting {'(', '{'}
line 211:39 mismatched input '}' expecting {'(', '{'}
line 218:14 mismatched input '\ifExintVar' expecting {MODALITY, FORALL, EXISTS, '\if', '\ifEx', 'true', 'false', '(', '{', '@', NOT, SEQARROW, '-', STRING_LITERAL, CHAR_LITERAL, BIN_LITERAL, HEX_LITERAL, IDENT, INT_LITERAL, FLOAT_LITERAL, DOUBLE_LITERAL, REAL_LITERAL}
line 218:27 extraneous input '(' expecting {'\lemma', '}', IDENT, '/*!'}
line 218:31 mismatched input ')' expecting {'(', '{'}
line 220:44 mismatched input ')' expecting {'(', '{'}
line 225:14 mismatched input '\ifExintVar' expecting {MODALITY, FORALL, EXISTS, '\if', '\ifEx', 'true', 'false', '(', '{', '@', NOT, SEQARROW, '-', STRING_LITERAL, CHAR_LITERAL, BIN_LITERAL, HEX_LITERAL, IDENT, INT_LITERAL, FLOAT_LITERAL, DOUBLE_LITERAL, REAL_LITERAL}
line 225:27 extraneous input '(' expecting {'\lemma', '}', IDENT, '/*!'}
line 225:31 mismatched input ')' expecting {'(', '{'}
line 227:44 mismatched input ')' expecting {'(', '{'}
line 233:14 mismatched input '\ifExintVar' expecting {MODALITY, FORALL, EXISTS, '\if', '\ifEx', 'true', 'false', '(', '{', '@', NOT, SEQARROW, '-', STRING_LITERAL, CHAR_LITERAL, BIN_LITERAL, HEX_LITERAL, IDENT, INT_LITERAL, FLOAT_LITERAL, DOUBLE_LITERAL, REAL_LITERAL}
line 233:27 extraneous input '(' expecting {'\lemma', '}', IDENT, '/*!'}
line 233:31 mismatched input ')' expecting {'(', '{'}
line 237:42 mismatched input '}' expecting {'(', '{'}
line 238:34 mismatched input '}' expecting {'(', '{'}
line 239:28 extraneous input '(' expecting {'\lemma', '}', IDENT, '/*!'}
line 239:33 mismatched input '->' expecting {'(', '{'}
line 240:8 extraneous input '\replacewith' expecting {'\lemma', '}', IDENT, '/*!'}
line 240:25 mismatched input ')' expecting {'(', '{'}
line 240:56 mismatched input ')' expecting {'(', '{'}
line 245:14 mismatched input '\ifExintVar' expecting {MODALITY, FORALL, EXISTS, '\if', '\ifEx', 'true', 'false', '(', '{', '@', NOT, SEQARROW, '-', STRING_LITERAL, CHAR_LITERAL, BIN_LITERAL, HEX_LITERAL, IDENT, INT_LITERAL, FLOAT_LITERAL, DOUBLE_LITERAL, REAL_LITERAL}
line 245:27 extraneous input '(' expecting {'\lemma', '}', IDENT, '/*!'}
line 245:31 mismatched input ')' expecting {'(', '{'}
line 248:45 mismatched input '}' expecting {'(', '{'}
line 249:8 extraneous input '\replacewith' expecting {'\lemma', '}', IDENT, '/*!'}
line 249:38 mismatched input ')' expecting {'(', '{'}
line 250:42 mismatched input '}' expecting {'(', '{'}
line 251:28 extraneous input '(' expecting {'\lemma', '}', IDENT, '/*!'}
line 251:33 mismatched input '->' expecting {'(', '{'}
line 255:14 mismatched input '\ifExintVar' expecting {MODALITY, FORALL, EXISTS, '\if', '\ifEx', 'true', 'false', '(', '{', '@', NOT, SEQARROW, '-', STRING_LITERAL, CHAR_LITERAL, BIN_LITERAL, HEX_LITERAL, IDENT, INT_LITERAL, FLOAT_LITERAL, DOUBLE_LITERAL, REAL_LITERAL}
line 255:27 extraneous input '(' expecting {'\lemma', '}', IDENT, '/*!'}
line 255:31 mismatched input ')' expecting {'(', '{'}
line 258:52 extraneous input '0' expecting {'\lemma', '}', IDENT, '/*!'}
line 258:54 mismatched input 'then' expecting {<EOF>, '\problem', '\chooseContract', '\proofObligation', '\proof'}

	at de.uka.ilkd.key.proof.io.KeYFile.readIncludes(KeYFile.java:210)
Caused by: de.uka.ilkd.key.util.parsing.SyntaxErrorReporter$ParserException: line 135:14 mismatched input '\ifExintVar' expecting {MODALITY, FORALL, EXISTS, '\if', '\ifEx', 'true', 'false', '(', '{', '@', NOT, SEQARROW, '-', STRING_LITERAL, CHAR_LITERAL, BIN_LITERAL, HEX_LITERAL, IDENT, INT_LITERAL, FLOAT_LITERAL, DOUBLE_LITERAL, REAL_LITERAL}
line 135:27 extraneous input '(' expecting {'\lemma', '}', IDENT, '/*!'}
line 135:44 mismatched input ')' expecting {'(', '{'}
line 141:14 mismatched input '\ifExintVar' expecting {MODALITY, FORALL, EXISTS, '\if', '\ifEx', 'true', 'false', '(', '{', '@', NOT, SEQARROW, '-', STRING_LITERAL, CHAR_LITERAL, BIN_LITERAL, HEX_LITERAL, IDENT, INT_LITERAL, FLOAT_LITERAL, DOUBLE_LITERAL, REAL_LITERAL}
line 141:27 extraneous input '(' expecting {'\lemma', '}', IDENT, '/*!'}
line 141:41 mismatched input ')' expecting {'(', '{'}
line 148:14 mismatched input '\ifExintVar' expecting {MODALITY, FORALL, EXISTS, '\if', '\ifEx', 'true', 'false', '(', '{', '@', NOT, SEQARROW, '-', STRING_LITERAL, CHAR_LITERAL, BIN_LITERAL, HEX_LITERAL, IDENT, INT_LITERAL, FLOAT_LITERAL, DOUBLE_LITERAL, REAL_LITERAL}
line 148:27 extraneous input '(' expecting {'\lemma', '}', IDENT, '/*!'}
line 148:35 mismatched input '=' expecting {'(', '{'}
line 150:38 mismatched input '}' expecting {'(', '{'}
line 155:14 mismatched input '\ifExintVar' expecting {MODALITY, FORALL, EXISTS, '\if', '\ifEx', 'true', 'false', '(', '{', '@', NOT, SEQARROW, '-', STRING_LITERAL, CHAR_LITERAL, BIN_LITERAL, HEX_LITERAL, IDENT, INT_LITERAL, FLOAT_LITERAL, DOUBLE_LITERAL, REAL_LITERAL}
line 155:27 extraneous input '(' expecting {'\lemma', '}', IDENT, '/*!'}
line 155:35 mismatched input '=' expecting {'(', '{'}
line 157:38 mismatched input '}' expecting {'(', '{'}
line 163:14 mismatched input '\ifExintVar' expecting {MODALITY, FORALL, EXISTS, '\if', '\ifEx', 'true', 'false', '(', '{', '@', NOT, SEQARROW, '-', STRING_LITERAL, CHAR_LITERAL, BIN_LITERAL, HEX_LITERAL, IDENT, INT_LITERAL, FLOAT_LITERAL, DOUBLE_LITERAL, REAL_LITERAL}
line 163:27 extraneous input '(' expecting {'\lemma', '}', IDENT, '/*!'}
line 163:30 mismatched input '=' expecting {'(', '{'}
line 165:38 mismatched input '}' expecting {'(', '{'}
line 171:14 mismatched input '\ifExintVar' expecting {MODALITY, FORALL, EXISTS, '\if', '\ifEx', 'true', 'false', '(', '{', '@', NOT, SEQARROW, '-', STRING_LITERAL, CHAR_LITERAL, BIN_LITERAL, HEX_LITERAL, IDENT, INT_LITERAL, FLOAT_LITERAL, DOUBLE_LITERAL, REAL_LITERAL}
line 171:27 extraneous input '(' expecting {'\lemma', '}', IDENT, '/*!'}
line 171:30 mismatched input '=' expecting {'(', '{'}
line 173:38 mismatched input '}' expecting {'(', '{'}
line 179:14 mismatched input '\ifExintVar' expecting {MODALITY, FORALL, EXISTS, '\if', '\ifEx', 'true', 'false', '(', '{', '@', NOT, SEQARROW, '-', STRING_LITERAL, CHAR_LITERAL, BIN_LITERAL, HEX_LITERAL, IDENT, INT_LITERAL, FLOAT_LITERAL, DOUBLE_LITERAL, REAL_LITERAL}
line 179:27 extraneous input '(' expecting {'\lemma', '}', IDENT, '/*!'}
line 179:32 mismatched input '&' expecting {'(', '{'}
line 181:42 mismatched input '}' expecting {'(', '{'}
line 182:39 mismatched input '}' expecting {'(', '{'}
line 188:14 mismatched input '\ifExintVar' expecting {MODALITY, FORALL, EXISTS, '\if', '\ifEx', 'true', 'false', '(', '{', '@', NOT, SEQARROW, '-', STRING_LITERAL, CHAR_LITERAL, BIN_LITERAL, HEX_LITERAL, IDENT, INT_LITERAL, FLOAT_LITERAL, DOUBLE_LITERAL, REAL_LITERAL}
line 188:27 extraneous input '(' expecting {'\lemma', '}', IDENT, '/*!'}
line 188:32 mismatched input '&' expecting {'(', '{'}
line 190:42 mismatched input '}' expecting {'(', '{'}
line 191:39 mismatched input '}' expecting {'(', '{'}
line 198:14 mismatched input '\ifExintVar' expecting {MODALITY, FORALL, EXISTS, '\if', '\ifEx', 'true', 'false', '(', '{', '@', NOT, SEQARROW, '-', STRING_LITERAL, CHAR_LITERAL, BIN_LITERAL, HEX_LITERAL, IDENT, INT_LITERAL, FLOAT_LITERAL, DOUBLE_LITERAL, REAL_LITERAL}
line 198:27 extraneous input '(' expecting {'\lemma', '}', IDENT, '/*!'}
line 198:32 mismatched input '&' expecting {'(', '{'}
line 200:42 mismatched input '}' expecting {'(', '{'}
line 201:39 mismatched input '}' expecting {'(', '{'}
line 208:14 mismatched input '\ifExintVar' expecting {MODALITY, FORALL, EXISTS, '\if', '\ifEx', 'true', 'false', '(', '{', '@', NOT, SEQARROW, '-', STRING_LITERAL, CHAR_LITERAL, BIN_LITERAL, HEX_LITERAL, IDENT, INT_LITERAL, FLOAT_LITERAL, DOUBLE_LITERAL, REAL_LITERAL}
line 208:27 extraneous input '(' expecting {'\lemma', '}', IDENT, '/*!'}
line 208:32 mismatched input '&' expecting {'(', '{'}
line 210:42 mismatched input '}' expecting {'(', '{'}
line 211:39 mismatched input '}' expecting {'(', '{'}
line 218:14 mismatched input '\ifExintVar' expecting {MODALITY, FORALL, EXISTS, '\if', '\ifEx', 'true', 'false', '(', '{', '@', NOT, SEQARROW, '-', STRING_LITERAL, CHAR_LITERAL, BIN_LITERAL, HEX_LITERAL, IDENT, INT_LITERAL, FLOAT_LITERAL, DOUBLE_LITERAL, REAL_LITERAL}
line 218:27 extraneous input '(' expecting {'\lemma', '}', IDENT, '/*!'}
line 218:31 mismatched input ')' expecting {'(', '{'}
line 220:44 mismatched input ')' expecting {'(', '{'}
line 225:14 mismatched input '\ifExintVar' expecting {MODALITY, FORALL, EXISTS, '\if', '\ifEx', 'true', 'false', '(', '{', '@', NOT, SEQARROW, '-', STRING_LITERAL, CHAR_LITERAL, BIN_LITERAL, HEX_LITERAL, IDENT, INT_LITERAL, FLOAT_LITERAL, DOUBLE_LITERAL, REAL_LITERAL}
line 225:27 extraneous input '(' expecting {'\lemma', '}', IDENT, '/*!'}
line 225:31 mismatched input ')' expecting {'(', '{'}
line 227:44 mismatched input ')' expecting {'(', '{'}
line 233:14 mismatched input '\ifExintVar' expecting {MODALITY, FORALL, EXISTS, '\if', '\ifEx', 'true', 'false', '(', '{', '@', NOT, SEQARROW, '-', STRING_LITERAL, CHAR_LITERAL, BIN_LITERAL, HEX_LITERAL, IDENT, INT_LITERAL, FLOAT_LITERAL, DOUBLE_LITERAL, REAL_LITERAL}
line 233:27 extraneous input '(' expecting {'\lemma', '}', IDENT, '/*!'}
line 233:31 mismatched input ')' expecting {'(', '{'}
line 237:42 mismatched input '}' expecting {'(', '{'}
line 238:34 mismatched input '}' expecting {'(', '{'}
line 239:28 extraneous input '(' expecting {'\lemma', '}', IDENT, '/*!'}
line 239:33 mismatched input '->' expecting {'(', '{'}
line 240:8 extraneous input '\replacewith' expecting {'\lemma', '}', IDENT, '/*!'}
line 240:25 mismatched input ')' expecting {'(', '{'}
line 240:56 mismatched input ')' expecting {'(', '{'}
line 245:14 mismatched input '\ifExintVar' expecting {MODALITY, FORALL, EXISTS, '\if', '\ifEx', 'true', 'false', '(', '{', '@', NOT, SEQARROW, '-', STRING_LITERAL, CHAR_LITERAL, BIN_LITERAL, HEX_LITERAL, IDENT, INT_LITERAL, FLOAT_LITERAL, DOUBLE_LITERAL, REAL_LITERAL}
line 245:27 extraneous input '(' expecting {'\lemma', '}', IDENT, '/*!'}
line 245:31 mismatched input ')' expecting {'(', '{'}
line 248:45 mismatched input '}' expecting {'(', '{'}
line 249:8 extraneous input '\replacewith' expecting {'\lemma', '}', IDENT, '/*!'}
line 249:38 mismatched input ')' expecting {'(', '{'}
line 250:42 mismatched input '}' expecting {'(', '{'}
line 251:28 extraneous input '(' expecting {'\lemma', '}', IDENT, '/*!'}
line 251:33 mismatched input '->' expecting {'(', '{'}
line 255:14 mismatched input '\ifExintVar' expecting {MODALITY, FORALL, EXISTS, '\if', '\ifEx', 'true', 'false', '(', '{', '@', NOT, SEQARROW, '-', STRING_LITERAL, CHAR_LITERAL, BIN_LITERAL, HEX_LITERAL, IDENT, INT_LITERAL, FLOAT_LITERAL, DOUBLE_LITERAL, REAL_LITERAL}
line 255:27 extraneous input '(' expecting {'\lemma', '}', IDENT, '/*!'}
line 255:31 mismatched input ')' expecting {'(', '{'}
line 258:52 extraneous input '0' expecting {'\lemma', '}', IDENT, '/*!'}
line 258:54 mismatched input 'then' expecting {<EOF>, '\problem', '\chooseContract', '\proofObligation', '\proof'}

	at de.uka.ilkd.key.util.parsing.SyntaxErrorReporter.throwException(SyntaxErrorReporter.java:89)

301652     WARN  Test worker     d.u.i.k.n.KeYParser       [syntax-error] file:/home/runner/work/key/key/key.core/build/resources/main/de/uka/ilkd/key/proof/rules/ifThenElseRules.key:135:14: mismatched input '\ifExintVar' expecting {MODALITY, FORALL, EXISTS, '\if', '\ifEx', 'true', 'false', '(', '{', '@', NOT, SEQARROW, '-', STRING_LITERAL, CHAR_LITERAL, BIN_LITERAL, HEX_LITERAL, IDENT, INT_LITERAL, FLOAT_LITERAL, DOUBLE_LITERAL, REAL_LITERAL} [@745,3563:3573='\ifExintVar',<188>,135:14] (termorseq, taclet, rulesOrAxioms, decls, file) 
301666     WARN  Test worker     d.u.i.k.n.KeYParser       [syntax-error] file:/home/runner/work/key/key/key.core/build/resources/main/de/uka/ilkd/key/proof/rules/ifThenElseRules.key:135:27: extraneous input '(' expecting {'\lemma', '}', IDENT, '/*!'} [@748,3576:3576='(',<146>,135:27] (rulesOrAxioms, decls, file) 
301667     WARN  Test worker     d.u.i.k.n.KeYParser       [syntax-error] file:/home/runner/work/key/key/key.core/build/resources/main/de/uka/ilkd/key/proof/rules/ifThenElseRules.key:135:44: mismatched input ')' expecting {'(', '{'} [@754,3593:3593=')',<147>,135:44] (taclet, rulesOrAxioms, decls, file) 
301667     WARN  Test worker     d.u.i.k.n.KeYParser       [syntax-error] file:/home/runner/work/key/key/key.core/build/resources/main/de/uka/ilkd/key/proof/rules/ifThenElseRules.key:141:14: mismatched input '\ifExintVar' expecting {MODALITY, FORALL, EXISTS, '\if', '\ifEx', 'true', 'false', '(', '{', '@', NOT, SEQARROW, '-', STRING_LITERAL, CHAR_LITERAL, BIN_LITERAL, HEX_LITERAL, IDENT, INT_LITERAL, FLOAT_LITERAL, DOUBLE_LITERAL, REAL_LITERAL} [@780,3716:3726='\ifExintVar',<188>,141:14] (termorseq, taclet, rulesOrAxioms, decls, file) 
301667     WARN  Test worker     d.u.i.k.n.KeYParser       [syntax-error] file:/home/runner/work/key/key/key.core/build/resources/main/de/uka/ilkd/key/proof/rules/ifThenElseRules.key:141:27: extraneous input '(' expecting {'\lemma', '}', IDENT, '/*!'} [@783,3729:3729='(',<146>,141:27] (rulesOrAxioms, decls, file) 
301667     WARN  Test worker     d.u.i.k.n.KeYParser       [syntax-error] file:/home/runner/work/key/key/key.core/build/resources/main/de/uka/ilkd/key/proof/rules/ifThenElseRules.key:141:41: mismatched input ')' expecting {'(', '{'} [@789,3743:3743=')',<147>,141:41] (taclet, rulesOrAxioms, decls, file) 
301667     WARN  Test worker     d.u.i.k.n.KeYParser       [syntax-error] file:/home/runner/work/key/key/key.core/build/resources/main/de/uka/ilkd/key/proof/rules/ifThenElseRules.key:148:14: mismatched input '\ifExintVar' expecting {MODALITY, FORALL, EXISTS, '\if', '\ifEx', 'true', 'false', '(', '{', '@', NOT, SEQARROW, '-', STRING_LITERAL, CHAR_LITERAL, BIN_LITERAL, HEX_LITERAL, IDENT, INT_LITERAL, FLOAT_LITERAL, DOUBLE_LITERAL, REAL_LITERAL} [@819,3896:3906='\ifExintVar',<188>,148:14] (termorseq, taclet, rulesOrAxioms, decls, file) 
301668     WARN  Test worker     d.u.i.k.n.KeYParser       [syntax-error] file:/home/runner/work/key/key/key.core/build/resources/main/de/uka/ilkd/key/proof/rules/ifThenElseRules.key:148:27: extraneous input '(' expecting {'\lemma', '}', IDENT, '/*!'} [@822,3909:3909='(',<146>,148:27] (rulesOrAxioms, decls, file) 
301668     WARN  Test worker     d.u.i.k.n.KeYParser       [syntax-error] file:/home/runner/work/key/key/key.core/build/resources/main/de/uka/ilkd/key/proof/rules/ifThenElseRules.key:148:35: mismatched input '=' expecting {'(', '{'} [@825,3917:3917='=',<159>,148:35] (taclet, rulesOrAxioms, decls, file) 
301668     WARN  Test worker     d.u.i.k.n.KeYParser       [syntax-error] file:/home/runner/work/key/key/key.core/build/resources/main/de/uka/ilkd/key/proof/rules/ifThenElseRules.key:150:38: mismatched input '}' expecting {'(', '{'} [@859,4023:4023='}',<149>,150:38] (taclet, rulesOrAxioms, decls, file) 
301668     WARN  Test worker     d.u.i.k.n.KeYParser       [syntax-error] file:/home/runner/work/key/key/key.core/build/resources/main/de/uka/ilkd/key/proof/rules/ifThenElseRules.key:155:14: mismatched input '\ifExintVar' expecting {MODALITY, FORALL, EXISTS, '\if', '\ifEx', 'true', 'false', '(', '{', '@', NOT, SEQARROW, '-', STRING_LITERAL, CHAR_LITERAL, BIN_LITERAL, HEX_LITERAL, IDENT, INT_LITERAL, FLOAT_LITERAL, DOUBLE_LITERAL, REAL_LITERAL} [@877,4109:4119='\ifExintVar',<188>,155:14] (termorseq, taclet, rulesOrAxioms, decls, file) 
301668     WARN  Test worker     d.u.i.k.n.KeYParser       [syntax-error] file:/home/runner/work/key/key/key.core/build/resources/main/de/uka/ilkd/key/proof/rules/ifThenElseRules.key:155:27: extraneous input '(' expecting {'\lemma', '}', IDENT, '/*!'} [@880,4122:4122='(',<146>,155:27] (rulesOrAxioms, decls, file) 
301668     WARN  Test worker     d.u.i.k.n.KeYParser       [syntax-error] file:/home/runner/work/key/key/key.core/build/resources/main/de/uka/ilkd/key/proof/rules/ifThenElseRules.key:155:35: mismatched input '=' expecting {'(', '{'} [@883,4130:4130='=',<159>,155:35] (taclet, rulesOrAxioms, decls, file) 
301668     WARN  Test worker     d.u.i.k.n.KeYParser       [syntax-error] file:/home/runner/work/key/key/key.core/build/resources/main/de/uka/ilkd/key/proof/rules/ifThenElseRules.key:157:38: mismatched input '}' expecting {'(', '{'} [@917,4230:4230='}',<149>,157:38] (taclet, rulesOrAxioms, decls, file) 
301668     WARN  Test worker     d.u.i.k.n.KeYParser       [syntax-error] file:/home/runner/work/key/key/key.core/build/resources/main/de/uka/ilkd/key/proof/rules/ifThenElseRules.key:163:14: mismatched input '\ifExintVar' expecting {MODALITY, FORALL, EXISTS, '\if', '\ifEx', 'true', 'false', '(', '{', '@', NOT, SEQARROW, '-', STRING_LITERAL, CHAR_LITERAL, BIN_LITERAL, HEX_LITERAL, IDENT, INT_LITERAL, FLOAT_LITERAL, DOUBLE_LITERAL, REAL_LITERAL} [@939,4350:4360='\ifExintVar',<188>,163:14] (termorseq, taclet, rulesOrAxioms, decls, file) 
301669     WARN  Test worker     d.u.i.k.n.KeYParser       [syntax-error] file:/home/runner/work/key/key/key.core/build/resources/main/de/uka/ilkd/key/proof/rules/ifThenElseRules.key:163:27: extraneous input '(' expecting {'\lemma', '}', IDENT, '/*!'} [@942,4363:4363='(',<146>,163:27] (rulesOrAxioms, decls, file) 
301669     WARN  Test worker     d.u.i.k.n.KeYParser       [syntax-error] file:/home/runner/work/key/key/key.core/build/resources/main/de/uka/ilkd/key/proof/rules/ifThenElseRules.key:163:30: mismatched input '=' expecting {'(', '{'} [@945,4366:4366='=',<159>,163:30] (taclet, rulesOrAxioms, decls, file) 
301669     WARN  Test worker     d.u.i.k.n.KeYParser       [syntax-error] file:/home/runner/work/key/key/key.core/build/resources/main/de/uka/ilkd/key/proof/rules/ifThenElseRules.key:165:38: mismatched input '}' expecting {'(', '{'} [@979,4477:4477='}',<149>,165:38] (taclet, rulesOrAxioms, decls, file) 
301669     WARN  Test worker     d.u.i.k.n.KeYParser       [syntax-error] file:/home/runner/work/key/key/key.core/build/resources/main/de/uka/ilkd/key/proof/rules/ifThenElseRules.key:171:14: mismatched input '\ifExintVar' expecting {MODALITY, FORALL, EXISTS, '\if', '\ifEx', 'true', 'false', '(', '{', '@', NOT, SEQARROW, '-', STRING_LITERAL, CHAR_LITERAL, BIN_LITERAL, HEX_LITERAL, IDENT, INT_LITERAL, FLOAT_LITERAL, DOUBLE_LITERAL, REAL_LITERAL} [@1001,4604:4614='\ifExintVar',<188>,171:14] (termorseq, taclet, rulesOrAxioms, decls, file) 
301669     WARN  Test worker     d.u.i.k.n.KeYParser       [syntax-error] file:/home/runner/work/key/key/key.core/build/resources/main/de/uka/ilkd/key/proof/rules/ifThenElseRules.key:171:27: extraneous input '(' expecting {'\lemma', '}', IDENT, '/*!'} [@1004,4617:4617='(',<146>,171:27] (rulesOrAxioms, decls, file) 
301669     WARN  Test worker     d.u.i.k.n.KeYParser       [syntax-error] file:/home/runner/work/key/key/key.core/build/resources/main/de/uka/ilkd/key/proof/rules/ifThenElseRules.key:171:30: mismatched input '=' expecting {'(', '{'} [@1007,4620:4620='=',<159>,171:30] (taclet, rulesOrAxioms, decls, file) 
301669     WARN  Test worker     d.u.i.k.n.KeYParser       [syntax-error] file:/home/runner/work/key/key/key.core/build/resources/main/de/uka/ilkd/key/proof/rules/ifThenElseRules.key:173:38: mismatched input '}' expecting {'(', '{'} [@1041,4725:4725='}',<149>,173:38] (taclet, rulesOrAxioms, decls, file) 
301669     WARN  Test worker     d.u.i.k.n.KeYParser       [syntax-error] file:/home/runner/work/key/key/key.core/build/resources/main/de/uka/ilkd/key/proof/rules/ifThenElseRules.key:179:14: mismatched input '\ifExintVar' expecting {MODALITY, FORALL, EXISTS, '\if', '\ifEx', 'true', 'false', '(', '{', '@', NOT, SEQARROW, '-', STRING_LITERAL, CHAR_LITERAL, BIN_LITERAL, HEX_LITERAL, IDENT, INT_LITERAL, FLOAT_LITERAL, DOUBLE_LITERAL, REAL_LITERAL} [@1063,4848:4858='\ifExintVar',<188>,179:14] (termorseq, taclet, rulesOrAxioms, decls, file) 
301669     WARN  Test worker     d.u.i.k.n.KeYParser       [syntax-error] file:/home/runner/work/key/key/key.core/build/resources/main/de/uka/ilkd/key/proof/rules/ifThenElseRules.key:179:27: extraneous input '(' expecting {'\lemma', '}', IDENT, '/*!'} [@1066,4861:4861='(',<146>,179:27] (rulesOrAxioms, decls, file) 
301670     WARN  Test worker     d.u.i.k.n.KeYParser       [syntax-error] file:/home/runner/work/key/key/key.core/build/resources/main/de/uka/ilkd/key/proof/rules/ifThenElseRules.key:179:32: mismatched input '&' expecting {'(', '{'} [@1069,4866:4866='&',<156>,179:32] (taclet, rulesOrAxioms, decls, file) 
301670     WARN  Test worker     d.u.i.k.n.KeYParser       [syntax-error] file:/home/runner/work/key/key/key.core/build/resources/main/de/uka/ilkd/key/proof/rules/ifThenElseRules.key:181:42: mismatched input '}' expecting {'(', '{'} [@1109,4985:4985='}',<149>,181:42] (taclet, rulesOrAxioms, decls, file) 
301670     WARN  Test worker     d.u.i.k.n.KeYParser       [syntax-error] file:/home/runner/work/key/key/key.core/build/resources/main/de/uka/ilkd/key/proof/rules/ifThenElseRules.key:182:39: mismatched input '}' expecting {'(', '{'} [@1122,5030:5030='}',<149>,182:39] (taclet, rulesOrAxioms, decls, file) 
301670     WARN  Test worker     d.u.i.k.n.KeYParser       [syntax-error] file:/home/runner/work/key/key/key.core/build/resources/main/de/uka/ilkd/key/proof/rules/ifThenElseRules.key:188:14: mismatched input '\ifExintVar' expecting {MODALITY, FORALL, EXISTS, '\if', '\ifEx', 'true', 'false', '(', '{', '@', NOT, SEQARROW, '-', STRING_LITERAL, CHAR_LITERAL, BIN_LITERAL, HEX_LITERAL, IDENT, INT_LITERAL, FLOAT_LITERAL, DOUBLE_LITERAL, REAL_LITERAL} [@1146,5149:5159='\ifExintVar',<188>,188:14] (termorseq, taclet, rulesOrAxioms, decls, file) 
301670     WARN  Test worker     d.u.i.k.n.KeYParser       [syntax-error] file:/home/runner/work/key/key/key.core/build/resources/main/de/uka/ilkd/key/proof/rules/ifThenElseRules.key:188:27: extraneous input '(' expecting {'\lemma', '}', IDENT, '/*!'} [@1149,5162:5162='(',<146>,188:27] (rulesOrAxioms, decls, file) 
301670     WARN  Test worker     d.u.i.k.n.KeYParser       [syntax-error] file:/home/runner/work/key/key/key.core/build/resources/main/de/uka/ilkd/key/proof/rules/ifThenElseRules.key:188:32: mismatched input '&' expecting {'(', '{'} [@1152,5167:5167='&',<156>,188:32] (taclet, rulesOrAxioms, decls, file) 
301670     WARN  Test worker     d.u.i.k.n.KeYParser       [syntax-error] file:/home/runner/work/key/key/key.core/build/resources/main/de/uka/ilkd/key/proof/rules/ifThenElseRules.key:190:42: mismatched input '}' expecting {'(', '{'} [@1192,5280:5280='}',<149>,190:42] (taclet, rulesOrAxioms, decls, file) 
301670     WARN  Test worker     d.u.i.k.n.KeYParser       [syntax-error] file:/home/runner/work/key/key/key.core/build/resources/main/de/uka/ilkd/key/proof/rules/ifThenElseRules.key:191:39: mismatched input '}' expecting {'(', '{'} [@1205,5325:5325='}',<149>,191:39] (taclet, rulesOrAxioms, decls, file) 
301671     WARN  Test worker     d.u.i.k.n.KeYParser       [syntax-error] file:/home/runner/work/key/key/key.core/build/resources/main/de/uka/ilkd/key/proof/rules/ifThenElseRules.key:198:14: mismatched input '\ifExintVar' expecting {MODALITY, FORALL, EXISTS, '\if', '\ifEx', 'true', 'false', '(', '{', '@', NOT, SEQARROW, '-', STRING_LITERAL, CHAR_LITERAL, BIN_LITERAL, HEX_LITERAL, IDENT, INT_LITERAL, FLOAT_LITERAL, DOUBLE_LITERAL, REAL_LITERAL} [@1233,5475:5485='\ifExintVar',<188>,198:14] (termorseq, taclet, rulesOrAxioms, decls, file) 
301671     WARN  Test worker     d.u.i.k.n.KeYParser       [syntax-error] file:/home/runner/work/key/key/key.core/build/resources/main/de/uka/ilkd/key/proof/rules/ifThenElseRules.key:198:27: extraneous input '(' expecting {'\lemma', '}', IDENT, '/*!'} [@1236,5488:5488='(',<146>,198:27] (rulesOrAxioms, decls, file) 
301671     WARN  Test worker     d.u.i.k.n.KeYParser       [syntax-error] file:/home/runner/work/key/key/key.core/build/resources/main/de/uka/ilkd/key/proof/rules/ifThenElseRules.key:198:32: mismatched input '&' expecting {'(', '{'} [@1239,5493:5493='&',<156>,198:32] (taclet, rulesOrAxioms, decls, file) 
301671     WARN  Test worker     d.u.i.k.n.KeYParser       [syntax-error] file:/home/runner/work/key/key/key.core/build/resources/main/de/uka/ilkd/key/proof/rules/ifThenElseRules.key:200:42: mismatched input '}' expecting {'(', '{'} [@1279,5612:5612='}',<149>,200:42] (taclet, rulesOrAxioms, decls, file) 
301671     WARN  Test worker     d.u.i.k.n.KeYParser       [syntax-error] file:/home/runner/work/key/key/key.core/build/resources/main/de/uka/ilkd/key/proof/rules/ifThenElseRules.key:201:39: mismatched input '}' expecting {'(', '{'} [@1292,5657:5657='}',<149>,201:39] (taclet, rulesOrAxioms, decls, file) 
301671     WARN  Test worker     d.u.i.k.n.KeYParser       [syntax-error] file:/home/runner/work/key/key/key.core/build/resources/main/de/uka/ilkd/key/proof/rules/ifThenElseRules.key:208:14: mismatched input '\ifExintVar' expecting {MODALITY, FORALL, EXISTS, '\if', '\ifEx', 'true', 'false', '(', '{', '@', NOT, SEQARROW, '-', STRING_LITERAL, CHAR_LITERAL, BIN_LITERAL, HEX_LITERAL, IDENT, INT_LITERAL, FLOAT_LITERAL, DOUBLE_LITERAL, REAL_LITERAL} [@1320,5817:5827='\ifExintVar',<188>,208:14] (termorseq, taclet, rulesOrAxioms, decls, file) 
301671     WARN  Test worker     d.u.i.k.n.KeYParser       [syntax-error] file:/home/runner/work/key/key/key.core/build/resources/main/de/uka/ilkd/key/proof/rules/ifThenElseRules.key:208:27: extraneous input '(' expecting {'\lemma', '}', IDENT, '/*!'} [@1323,5830:5830='(',<146>,208:27] (rulesOrAxioms, decls, file) 
301672     WARN  Test worker     d.u.i.k.n.KeYParser       [syntax-error] file:/home/runner/work/key/key/key.core/build/resources/main/de/uka/ilkd/key/proof/rules/ifThenElseRules.key:208:32: mismatched input '&' expecting {'(', '{'} [@1326,5835:5835='&',<156>,208:32] (taclet, rulesOrAxioms, decls, file) 
301672     WARN  Test worker     d.u.i.k.n.KeYParser       [syntax-error] file:/home/runner/work/key/key/key.core/build/resources/main/de/uka/ilkd/key/proof/rules/ifThenElseRules.key:210:42: mismatched input '}' expecting {'(', '{'} [@1366,5948:5948='}',<149>,210:42] (taclet, rulesOrAxioms, decls, file) 
301672     WARN  Test worker     d.u.i.k.n.KeYParser       [syntax-error] file:/home/runner/work/key/key/key.core/build/resources/main/de/uka/ilkd/key/proof/rules/ifThenElseRules.key:211:39: mismatched input '}' expecting {'(', '{'} [@1379,5993:5993='}',<149>,211:39] (taclet, rulesOrAxioms, decls, file) 
301672     WARN  Test worker     d.u.i.k.n.KeYParser       [syntax-error] file:/home/runner/work/key/key/key.core/build/resources/main/de/uka/ilkd/key/proof/rules/ifThenElseRules.key:218:14: mismatched input '\ifExintVar' expecting {MODALITY, FORALL, EXISTS, '\if', '\ifEx', 'true', 'false', '(', '{', '@', NOT, SEQARROW, '-', STRING_LITERAL, CHAR_LITERAL, BIN_LITERAL, HEX_LITERAL, IDENT, INT_LITERAL, FLOAT_LITERAL, DOUBLE_LITERAL, REAL_LITERAL} [@1407,6146:6156='\ifExintVar',<188>,218:14] (termorseq, taclet, rulesOrAxioms, decls, file) 
301672     WARN  Test worker     d.u.i.k.n.KeYParser       [syntax-error] file:/home/runner/work/key/key/key.core/build/resources/main/de/uka/ilkd/key/proof/rules/ifThenElseRules.key:218:27: extraneous input '(' expecting {'\lemma', '}', IDENT, '/*!'} [@1410,6159:6159='(',<146>,218:27] (rulesOrAxioms, decls, file) 
301672     WARN  Test worker     d.u.i.k.n.KeYParser       [syntax-error] file:/home/runner/work/key/key/key.core/build/resources/main/de/uka/ilkd/key/proof/rules/ifThenElseRules.key:218:31: mismatched input ')' expecting {'(', '{'} [@1412,6163:6163=')',<147>,218:31] (taclet, rulesOrAxioms, decls, file) 
301672     WARN  Test worker     d.u.i.k.n.KeYParser       [syntax-error] file:/home/runner/work/key/key/key.core/build/resources/main/de/uka/ilkd/key/proof/rules/ifThenElseRules.key:220:44: mismatched input ')' expecting {'(', '{'} [@1444,6275:6275=')',<147>,220:44] (taclet, rulesOrAxioms, decls, file) 
301672     WARN  Test worker     d.u.i.k.n.KeYParser       [syntax-error] file:/home/runner/work/key/key/key.core/build/resources/main/de/uka/ilkd/key/proof/rules/ifThenElseRules.key:225:14: mismatched input '\ifExintVar' expecting {MODALITY, FORALL, EXISTS, '\if', '\ifEx', 'true', 'false', '(', '{', '@', NOT, SEQARROW, '-', STRING_LITERAL, CHAR_LITERAL, BIN_LITERAL, HEX_LITERAL, IDENT, INT_LITERAL, FLOAT_LITERAL, DOUBLE_LITERAL, REAL_LITERAL} [@1471,6389:6399='\ifExintVar',<188>,225:14] (termorseq, taclet, rulesOrAxioms, decls, file) 
301673     WARN  Test worker     d.u.i.k.n.KeYParser       [syntax-error] file:/home/runner/work/key/key/key.core/build/resources/main/de/uka/ilkd/key/proof/rules/ifThenElseRules.key:225:27: extraneous input '(' expecting {'\lemma', '}', IDENT, '/*!'} [@1474,6402:6402='(',<146>,225:27] (rulesOrAxioms, decls, file) 
301673     WARN  Test worker     d.u.i.k.n.KeYParser       [syntax-error] file:/home/runner/work/key/key/key.core/build/resources/main/de/uka/ilkd/key/proof/rules/ifThenElseRules.key:225:31: mismatched input ')' expecting {'(', '{'} [@1476,6406:6406=')',<147>,225:31] (taclet, rulesOrAxioms, decls, file) 
301673     WARN  Test worker     d.u.i.k.n.KeYParser       [syntax-error] file:/home/runner/work/key/key/key.core/build/resources/main/de/uka/ilkd/key/proof/rules/ifThenElseRules.key:227:44: mismatched input ')' expecting {'(', '{'} [@1508,6509:6509=')',<147>,227:44] (taclet, rulesOrAxioms, decls, file) 
301673     WARN  Test worker     d.u.i.k.n.KeYParser       [syntax-error] file:/home/runner/work/key/key/key.core/build/resources/main/de/uka/ilkd/key/proof/rules/ifThenElseRules.key:233:14: mismatched input '\ifExintVar' expecting {MODALITY, FORALL, EXISTS, '\if', '\ifEx', 'true', 'false', '(', '{', '@', NOT, SEQARROW, '-', STRING_LITERAL, CHAR_LITERAL, BIN_LITERAL, HEX_LITERAL, IDENT, INT_LITERAL, FLOAT_LITERAL, DOUBLE_LITERAL, REAL_LITERAL} [@1539,6656:6666='\ifExintVar',<188>,233:14] (termorseq, taclet, rulesOrAxioms, decls, file) 
301673     WARN  Test worker     d.u.i.k.n.KeYParser       [syntax-error] file:/home/runner/work/key/key/key.core/build/resources/main/de/uka/ilkd/key/proof/rules/ifThenElseRules.key:233:27: extraneous input '(' expecting {'\lemma', '}', IDENT, '/*!'} [@1542,6669:6669='(',<146>,233:27] (rulesOrAxioms, decls, file) 
301673     WARN  Test worker     d.u.i.k.n.KeYParser       [syntax-error] file:/home/runner/work/key/key/key.core/build/resources/main/de/uka/ilkd/key/proof/rules/ifThenElseRules.key:233:31: mismatched input ')' expecting {'(', '{'} [@1544,6673:6673=')',<147>,233:31] (taclet, rulesOrAxioms, decls, file) 
301673     WARN  Test worker     d.u.i.k.n.KeYParser       [syntax-error] file:/home/runner/work/key/key/key.core/build/resources/main/de/uka/ilkd/key/proof/rules/ifThenElseRules.key:237:42: mismatched input '}' expecting {'(', '{'} [@1586,6850:6850='}',<149>,237:42] (taclet, rulesOrAxioms, decls, file) 
301673     WARN  Test worker     d.u.i.k.n.KeYParser       [syntax-error] file:/home/runner/work/key/key/key.core/build/resources/main/de/uka/ilkd/key/proof/rules/ifThenElseRules.key:238:34: mismatched input '}' expecting {'(', '{'} [@1599,6891:6891='}',<149>,238:34] (taclet, rulesOrAxioms, decls, file) 
301674     WARN  Test worker     d.u.i.k.n.KeYParser       [syntax-error] file:/home/runner/work/key/key/key.core/build/resources/main/de/uka/ilkd/key/proof/rules/ifThenElseRules.key:239:28: extraneous input '(' expecting {'\lemma', '}', IDENT, '/*!'} [@1608,6925:6925='(',<146>,239:28] (rulesOrAxioms, decls, file) 
301674     WARN  Test worker     d.u.i.k.n.KeYParser       [syntax-error] file:/home/runner/work/key/key/key.core/build/resources/main/de/uka/ilkd/key/proof/rules/ifThenElseRules.key:239:33: mismatched input '->' expecting {'(', '{'} [@1611,6930:6931='->',<158>,239:33] (taclet, rulesOrAxioms, decls, file) 
301674     WARN  Test worker     d.u.i.k.n.KeYParser       [syntax-error] file:/home/runner/work/key/key/key.core/build/resources/main/de/uka/ilkd/key/proof/rules/ifThenElseRules.key:240:8: extraneous input '\replacewith' expecting {'\lemma', '}', IDENT, '/*!'} [@1626,6979:6990='\replacewith',<105>,240:8] (rulesOrAxioms, decls, file) 
301674     WARN  Test worker     d.u.i.k.n.KeYParser       [syntax-error] file:/home/runner/work/key/key/key.core/build/resources/main/de/uka/ilkd/key/proof/rules/ifThenElseRules.key:240:25: mismatched input ')' expecting {'(', '{'} [@1629,6996:6996=')',<147>,240:25] (taclet, rulesOrAxioms, decls, file) 
301674     WARN  Test worker     d.u.i.k.n.KeYParser       [syntax-error] file:/home/runner/work/key/key/key.core/build/resources/main/de/uka/ilkd/key/proof/rules/ifThenElseRules.key:240:56: mismatched input ')' expecting {'(', '{'} [@1642,7027:7027=')',<147>,240:56] (taclet, rulesOrAxioms, decls, file) 
301674     WARN  Test worker     d.u.i.k.n.KeYParser       [syntax-error] file:/home/runner/work/key/key/key.core/build/resources/main/de/uka/ilkd/key/proof/rules/ifThenElseRules.key:245:14: mismatched input '\ifExintVar' expecting {MODALITY, FORALL, EXISTS, '\if', '\ifEx', 'true', 'false', '(', '{', '@', NOT, SEQARROW, '-', STRING_LITERAL, CHAR_LITERAL, BIN_LITERAL, HEX_LITERAL, IDENT, INT_LITERAL, FLOAT_LITERAL, DOUBLE_LITERAL, REAL_LITERAL} [@1658,7109:7119='\ifExintVar',<188>,245:14] (termorseq, taclet, rulesOrAxioms, decls, file) 
301674     WARN  Test worker     d.u.i.k.n.KeYParser       [syntax-error] file:/home/runner/work/key/key/key.core/build/resources/main/de/uka/ilkd/key/proof/rules/ifThenElseRules.key:245:27: extraneous input '(' expecting {'\lemma', '}', IDENT, '/*!'} [@1661,7122:7122='(',<146>,245:27] (rulesOrAxioms, decls, file) 
301674     WARN  Test worker     d.u.i.k.n.KeYParser       [syntax-error] file:/home/runner/work/key/key/key.core/build/resources/main/de/uka/ilkd/key/proof/rules/ifThenElseRules.key:245:31: mismatched input ')' expecting {'(', '{'} [@1663,7126:7126=')',<147>,245:31] (taclet, rulesOrAxioms, decls, file) 
301674     WARN  Test worker     d.u.i.k.n.KeYParser       [syntax-error] file:/home/runner/work/key/key/key.core/build/resources/main/de/uka/ilkd/key/proof/rules/ifThenElseRules.key:248:45: mismatched input '}' expecting {'(', '{'} [@1696,7268:7268='}',<149>,248:45] (taclet, rulesOrAxioms, decls, file) 
301675     WARN  Test worker     d.u.i.k.n.KeYParser       [syntax-error] file:/home/runner/work/key/key/key.core/build/resources/main/de/uka/ilkd/key/proof/rules/ifThenElseRules.key:249:8: extraneous input '\replacewith' expecting {'\lemma', '}', IDENT, '/*!'} [@1701,7284:7295='\replacewith',<105>,249:8] (rulesOrAxioms, decls, file) 
301675     WARN  Test worker     d.u.i.k.n.KeYParser       [syntax-error] file:/home/runner/work/key/key/key.core/build/resources/main/de/uka/ilkd/key/proof/rules/ifThenElseRules.key:249:38: mismatched input ')' expecting {'(', '{'} [@1708,7314:7314=')',<147>,249:38] (taclet, rulesOrAxioms, decls, file) 
301675     WARN  Test worker     d.u.i.k.n.KeYParser       [syntax-error] file:/home/runner/work/key/key/key.core/build/resources/main/de/uka/ilkd/key/proof/rules/ifThenElseRules.key:250:42: mismatched input '}' expecting {'(', '{'} [@1731,7381:7381='}',<149>,250:42] (taclet, rulesOrAxioms, decls, file) 
301682     WARN  Test worker     d.u.i.k.n.KeYParser       [syntax-error] file:/home/runner/work/key/key/key.core/build/resources/main/de/uka/ilkd/key/proof/rules/ifThenElseRules.key:251:28: extraneous input '(' expecting {'\lemma', '}', IDENT, '/*!'} [@1741,7416:7416='(',<146>,251:28] (rulesOrAxioms, decls, file) 
301682     WARN  Test worker     d.u.i.k.n.KeYParser       [syntax-error] file:/home/runner/work/key/key/key.core/build/resources/main/de/uka/ilkd/key/proof/rules/ifThenElseRules.key:251:33: mismatched input '->' expecting {'(', '{'} [@1744,7421:7422='->',<158>,251:33] (taclet, rulesOrAxioms, decls, file) 
301683     WARN  Test worker     d.u.i.k.n.KeYParser       [syntax-error] file:/home/runner/work/key/key/key.core/build/resources/main/de/uka/ilkd/key/proof/rules/ifThenElseRules.key:255:14: mismatched input '\ifExintVar' expecting {MODALITY, FORALL, EXISTS, '\if', '\ifEx', 'true', 'false', '(', '{', '@', NOT, SEQARROW, '-', STRING_LITERAL, CHAR_LITERAL, BIN_LITERAL, HEX_LITERAL, IDENT, INT_LITERAL, FLOAT_LITERAL, DOUBLE_LITERAL, REAL_LITERAL} [@1765,7506:7516='\ifExintVar',<188>,255:14] (termorseq, taclet, rulesOrAxioms, decls, file) 
301683     WARN  Test worker     d.u.i.k.n.KeYParser       [syntax-error] file:/home/runner/work/key/key/key.core/build/resources/main/de/uka/ilkd/key/proof/rules/ifThenElseRules.key:255:27: extraneous input '(' expecting {'\lemma', '}', IDENT, '/*!'} [@1768,7519:7519='(',<146>,255:27] (rulesOrAxioms, decls, file) 
301683     WARN  Test worker     d.u.i.k.n.KeYParser       [syntax-error] file:/home/runner/work/key/key/key.core/build/resources/main/de/uka/ilkd/key/proof/rules/ifThenElseRules.key:255:31: mismatched input ')' expecting {'(', '{'} [@1770,7523:7523=')',<147>,255:31] (taclet, rulesOrAxioms, decls, file) 
301683     WARN  Test worker     d.u.i.k.n.KeYParser       [syntax-error] file:/home/runner/work/key/key/key.core/build/resources/main/de/uka/ilkd/key/proof/rules/ifThenElseRules.key:258:52: extraneous input '0' expecting {'\lemma', '}', IDENT, '/*!'} [@1809,7667:7667='0',<184>,258:52] (rulesOrAxioms, decls, file) 
301683     WARN  Test worker     d.u.i.k.n.KeYParser       [syntax-error] file:/home/runner/work/key/key/key.core/build/resources/main/de/uka/ilkd/key/proof/rules/ifThenElseRules.key:258:54: mismatched input 'then' expecting {<EOF>, '\problem', '\chooseContract', '\proofObligation', '\proof'} [@1811,7669:7672='then',<183>,258:54] (file) 
301684     ERROR Test worker     d.u.i.k.s.n.MasterHandlerTest Error reading /home/runner/work/key/key/key.core/build/resources/test/de/uka/ilkd/key/smt/newsmt2/cases/cast3.props de.uka.ilkd.key.proof.io.ProblemLoaderException: line 135:14 mismatched input '\ifExintVar' expecting {MODALITY, FORALL, EXISTS, '\if', '\ifEx', 'true', 'false', '(', '{', '@', NOT, SEQARROW, '-', STRING_LITERAL, CHAR_LITERAL, BIN_LITERAL, HEX_LITERAL, IDENT, INT_LITERAL, FLOAT_LITERAL, DOUBLE_LITERAL, REAL_LITERAL}
line 135:27 extraneous input '(' expecting {'\lemma', '}', IDENT, '/*!'}
line 135:44 mismatched input ')' expecting {'(', '{'}
line 141:14 mismatched input '\ifExintVar' expecting {MODALITY, FORALL, EXISTS, '\if', '\ifEx', 'true', 'false', '(', '{', '@', NOT, SEQARROW, '-', STRING_LITERAL, CHAR_LITERAL, BIN_LITERAL, HEX_LITERAL, IDENT, INT_LITERAL, FLOAT_LITERAL, DOUBLE_LITERAL, REAL_LITERAL}
line 141:27 extraneous input '(' expecting {'\lemma', '}', IDENT, '/*!'}
line 141:41 mismatched input ')' expecting {'(', '{'}
line 148:14 mismatched input '\ifExintVar' expecting {MODALITY, FORALL, EXISTS, '\if', '\ifEx', 'true', 'false', '(', '{', '@', NOT, SEQARROW, '-', STRING_LITERAL, CHAR_LITERAL, BIN_LITERAL, HEX_LITERAL, IDENT, INT_LITERAL, FLOAT_LITERAL, DOUBLE_LITERAL, REAL_LITERAL}
line 148:27 extraneous input '(' expecting {'\lemma', '}', IDENT, '/*!'}
line 148:35 mismatched input '=' expecting {'(', '{'}
line 150:38 mismatched input '}' expecting {'(', '{'}
line 155:14 mismatched input '\ifExintVar' expecting {MODALITY, FORALL, EXISTS, '\if', '\ifEx', 'true', 'false', '(', '{', '@', NOT, SEQARROW, '-', STRING_LITERAL, CHAR_LITERAL, BIN_LITERAL, HEX_LITERAL, IDENT, INT_LITERAL, FLOAT_LITERAL, DOUBLE_LITERAL, REAL_LITERAL}
line 155:27 extraneous input '(' expecting {'\lemma', '}', IDENT, '/*!'}
line 155:35 mismatched input '=' expecting {'(', '{'}
line 157:38 mismatched input '}' expecting {'(', '{'}
line 163:14 mismatched input '\ifExintVar' expecting {MODALITY, FORALL, EXISTS, '\if', '\ifEx', 'true', 'false', '(', '{', '@', NOT, SEQARROW, '-', STRING_LITERAL, CHAR_LITERAL, BIN_LITERAL, HEX_LITERAL, IDENT, INT_LITERAL, FLOAT_LITERAL, DOUBLE_LITERAL, REAL_LITERAL}
line 163:27 extraneous input '(' expecting {'\lemma', '}', IDENT, '/*!'}
line 163:30 mismatched input '=' expecting {'(', '{'}
line 165:38 mismatched input '}' expecting {'(', '{'}
line 171:14 mismatched input '\ifExintVar' expecting {MODALITY, FORALL, EXISTS, '\if', '\ifEx', 'true', 'false', '(', '{', '@', NOT, SEQARROW, '-', STRING_LITERAL, CHAR_LITERAL, BIN_LITERAL, HEX_LITERAL, IDENT, INT_LITERAL, FLOAT_LITERAL, DOUBLE_LITERAL, REAL_LITERAL}
line 171:27 extraneous input '(' expecting {'\lemma', '}', IDENT, '/*!'}
line 171:30 mismatched input '=' expecting {'(', '{'}
line 173:38 mismatched input '}' expecting {'(', '{'}
line 179:14 mismatched input '\ifExintVar' expecting {MODALITY, FORALL, EXISTS, '\if', '\ifEx', 'true', 'false', '(', '{', '@', NOT, SEQARROW, '-', STRING_LITERAL, CHAR_LITERAL, BIN_LITERAL, HEX_LITERAL, IDENT, INT_LITERAL, FLOAT_LITERAL, DOUBLE_LITERAL, REAL_LITERAL}
line 179:27 extraneous input '(' expecting {'\lemma', '}', IDENT, '/*!'}
line 179:32 mismatched input '&' expecting {'(', '{'}
line 181:42 mismatched input '}' expecting {'(', '{'}
line 182:39 mismatched input '}' expecting {'(', '{'}
line 188:14 mismatched input '\ifExintVar' expecting {MODALITY, FORALL, EXISTS, '\if', '\ifEx', 'true', 'false', '(', '{', '@', NOT, SEQARROW, '-', STRING_LITERAL, CHAR_LITERAL, BIN_LITERAL, HEX_LITERAL, IDENT, INT_LITERAL, FLOAT_LITERAL, DOUBLE_LITERAL, REAL_LITERAL}
line 188:27 extraneous input '(' expecting {'\lemma', '}', IDENT, '/*!'}
line 188:32 mismatched input '&' expecting {'(', '{'}
line 190:42 mismatched input '}' expecting {'(', '{'}
line 191:39 mismatched input '}' expecting {'(', '{'}
line 198:14 mismatched input '\ifExintVar' expecting {MODALITY, FORALL, EXISTS, '\if', '\ifEx', 'true', 'false', '(', '{', '@', NOT, SEQARROW, '-', STRING_LITERAL, CHAR_LITERAL, BIN_LITERAL, HEX_LITERAL, IDENT, INT_LITERAL, FLOAT_LITERAL, DOUBLE_LITERAL, REAL_LITERAL}
line 198:27 extraneous input '(' expecting {'\lemma', '}', IDENT, '/*!'}
line 198:32 mismatched input '&' expecting {'(', '{'}
line 200:42 mismatched input '}' expecting {'(', '{'}
line 201:39 mismatched input '}' expecting {'(', '{'}
line 208:14 mismatched input '\ifExintVar' expecting {MODALITY, FORALL, EXISTS, '\if', '\ifEx', 'true', 'false', '(', '{', '@', NOT, SEQARROW, '-', STRING_LITERAL, CHAR_LITERAL, BIN_LITERAL, HEX_LITERAL, IDENT, INT_LITERAL, FLOAT_LITERAL, DOUBLE_LITERAL, REAL_LITERAL}
line 208:27 extraneous input '(' expecting {'\lemma', '}', IDENT, '/*!'}
line 208:32 mismatched input '&' expecting {'(', '{'}
line 210:42 mismatched input '}' expecting {'(', '{'}
line 211:39 mismatched input '}' expecting {'(', '{'}
line 218:14 mismatched input '\ifExintVar' expecting {MODALITY, FORALL, EXISTS, '\if', '\ifEx', 'true', 'false', '(', '{', '@', NOT, SEQARROW, '-', STRING_LITERAL, CHAR_LITERAL, BIN_LITERAL, HEX_LITERAL, IDENT, INT_LITERAL, FLOAT_LITERAL, DOUBLE_LITERAL, REAL_LITERAL}
line 218:27 extraneous input '(' expecting {'\lemma', '}', IDENT, '/*!'}
line 218:31 mismatched input ')' expecting {'(', '{'}
line 220:44 mismatched input ')' expecting {'(', '{'}
line 225:14 mismatched input '\ifExintVar' expecting {MODALITY, FORALL, EXISTS, '\if', '\ifEx', 'true', 'false', '(', '{', '@', NOT, SEQARROW, '-', STRING_LITERAL, CHAR_LITERAL, BIN_LITERAL, HEX_LITERAL, IDENT, INT_LITERAL, FLOAT_LITERAL, DOUBLE_LITERAL, REAL_LITERAL}
line 225:27 extraneous input '(' expecting {'\lemma', '}', IDENT, '/*!'}
line 225:31 mismatched input ')' expecting {'(', '{'}
line 227:44 mismatched input ')' expecting {'(', '{'}
line 233:14 mismatched input '\ifExintVar' expecting {MODALITY, FORALL, EXISTS, '\if', '\ifEx', 'true', 'false', '(', '{', '@', NOT, SEQARROW, '-', STRING_LITERAL, CHAR_LITERAL, BIN_LITERAL, HEX_LITERAL, IDENT, INT_LITERAL, FLOAT_LITERAL, DOUBLE_LITERAL, REAL_LITERAL}
line 233:27 extraneous input '(' expecting {'\lemma', '}', IDENT, '/*!'}
line 233:31 mismatched input ')' expecting {'(', '{'}
line 237:42 mismatched input '}' expecting {'(', '{'}
line 238:34 mismatched input '}' expecting {'(', '{'}
line 239:28 extraneous input '(' expecting {'\lemma', '}', IDENT, '/*!'}
line 239:33 mismatched input '->' expecting {'(', '{'}
line 240:8 extraneous input '\replacewith' expecting {'\lemma', '}', IDENT, '/*!'}
line 240:25 mismatched input ')' expecting {'(', '{'}
line 240:56 mismatched input ')' expecting {'(', '{'}
line 245:14 mismatched input '\ifExintVar' expecting {MODALITY, FORALL, EXISTS, '\if', '\ifEx', 'true', 'false', '(', '{', '@', NOT, SEQARROW, '-', STRING_LITERAL, CHAR_LITERAL, BIN_LITERAL, HEX_LITERAL, IDENT, INT_LITERAL, FLOAT_LITERAL, DOUBLE_LITERAL, REAL_LITERAL}
line 245:27 extraneous input '(' expecting {'\lemma', '}', IDENT, '/*!'}
line 245:31 mismatched input ')' expecting {'(', '{'}
line 248:45 mismatched input '}' expecting {'(', '{'}
line 249:8 extraneous input '\replacewith' expecting {'\lemma', '}', IDENT, '/*!'}
line 249:38 mismatched input ')' expecting {'(', '{'}
line 250:42 mismatched input '}' expecting {'(', '{'}
line 251:28 extraneous input '(' expecting {'\lemma', '}', IDENT, '/*!'}
line 251:33 mismatched input '->' expecting {'(', '{'}
line 255:14 mismatched input '\ifExintVar' expecting {MODALITY, FORALL, EXISTS, '\if', '\ifEx', 'true', 'false', '(', '{', '@', NOT, SEQARROW, '-', STRING_LITERAL, CHAR_LITERAL, BIN_LITERAL, HEX_LITERAL, IDENT, INT_LITERAL, FLOAT_LITERAL, DOUBLE_LITERAL, REAL_LITERAL}
line 255:27 extraneous input '(' expecting {'\lemma', '}', IDENT, '/*!'}
line 255:31 mismatched input ')' expecting {'(', '{'}
line 258:52 extraneous input '0' expecting {'\lemma', '}', IDENT, '/*!'}
line 258:54 mismatched input 'then' expecting {<EOF>, '\problem', '\chooseContract', '\proofObligation', '\proof'}

	at de.uka.ilkd.key.control.AbstractUserInterfaceControl.load(AbstractUserInterfaceControl.java:221)
Caused by: de.uka.ilkd.key.proof.init.ProofInputException: line 135:14 mismatched input '\ifExintVar' expecting {MODALITY, FORALL, EXISTS, '\if', '\ifEx', 'true', 'false', '(', '{', '@', NOT, SEQARROW, '-', STRING_LITERAL, CHAR_LITERAL, BIN_LITERAL, HEX_LITERAL, IDENT, INT_LITERAL, FLOAT_LITERAL, DOUBLE_LITERAL, REAL_LITERAL}
line 135:27 extraneous input '(' expecting {'\lemma', '}', IDENT, '/*!'}
line 135:44 mismatched input ')' expecting {'(', '{'}
line 141:14 mismatched input '\ifExintVar' expecting {MODALITY, FORALL, EXISTS, '\if', '\ifEx', 'true', 'false', '(', '{', '@', NOT, SEQARROW, '-', STRING_LITERAL, CHAR_LITERAL, BIN_LITERAL, HEX_LITERAL, IDENT, INT_LITERAL, FLOAT_LITERAL, DOUBLE_LITERAL, REAL_LITERAL}
line 141:27 extraneous input '(' expecting {'\lemma', '}', IDENT, '/*!'}
line 141:41 mismatched input ')' expecting {'(', '{'}
line 148:14 mismatched input '\ifExintVar' expecting {MODALITY, FORALL, EXISTS, '\if', '\ifEx', 'true', 'false', '(', '{', '@', NOT, SEQARROW, '-', STRING_LITERAL, CHAR_LITERAL, BIN_LITERAL, HEX_LITERAL, IDENT, INT_LITERAL, FLOAT_LITERAL, DOUBLE_LITERAL, REAL_LITERAL}
line 148:27 extraneous input '(' expecting {'\lemma', '}', IDENT, '/*!'}
line 148:35 mismatched input '=' expecting {'(', '{'}
line 150:38 mismatched input '}' expecting {'(', '{'}
line 155:14 mismatched input '\ifExintVar' expecting {MODALITY, FORALL, EXISTS, '\if', '\ifEx', 'true', 'false', '(', '{', '@', NOT, SEQARROW, '-', STRING_LITERAL, CHAR_LITERAL, BIN_LITERAL, HEX_LITERAL, IDENT, INT_LITERAL, FLOAT_LITERAL, DOUBLE_LITERAL, REAL_LITERAL}
line 155:27 extraneous input '(' expecting {'\lemma', '}', IDENT, '/*!'}
line 155:35 mismatched input '=' expecting {'(', '{'}
line 157:38 mismatched input '}' expecting {'(', '{'}
line 163:14 mismatched input '\ifExintVar' expecting {MODALITY, FORALL, EXISTS, '\if', '\ifEx', 'true', 'false', '(', '{', '@', NOT, SEQARROW, '-', STRING_LITERAL, CHAR_LITERAL, BIN_LITERAL, HEX_LITERAL, IDENT, INT_LITERAL, FLOAT_LITERAL, DOUBLE_LITERAL, REAL_LITERAL}
line 163:27 extraneous input '(' expecting {'\lemma', '}', IDENT, '/*!'}
line 163:30 mismatched input '=' expecting {'(', '{'}
line 165:38 mismatched input '}' expecting {'(', '{'}
line 171:14 mismatched input '\ifExintVar' expecting {MODALITY, FORALL, EXISTS, '\if', '\ifEx', 'true', 'false', '(', '{', '@', NOT, SEQARROW, '-', STRING_LITERAL, CHAR_LITERAL, BIN_LITERAL, HEX_LITERAL, IDENT, INT_LITERAL, FLOAT_LITERAL, DOUBLE_LITERAL, REAL_LITERAL}
line 171:27 extraneous input '(' expecting {'\lemma', '}', IDENT, '/*!'}
line 171:30 mismatched input '=' expecting {'(', '{'}
line 173:38 mismatched input '}' expecting {'(', '{'}
line 179:14 mismatched input '\ifExintVar' expecting {MODALITY, FORALL, EXISTS, '\if', '\ifEx', 'true', 'false', '(', '{', '@', NOT, SEQARROW, '-', STRING_LITERAL, CHAR_LITERAL, BIN_LITERAL, HEX_LITERAL, IDENT, INT_LITERAL, FLOAT_LITERAL, DOUBLE_LITERAL, REAL_LITERAL}
line 179:27 extraneous input '(' expecting {'\lemma', '}', IDENT, '/*!'}
line 179:32 mismatched input '&' expecting {'(', '{'}
line 181:42 mismatched input '}' expecting {'(', '{'}
line 182:39 mismatched input '}' expecting {'(', '{'}
line 188:14 mismatched input '\ifExintVar' expecting {MODALITY, FORALL, EXISTS, '\if', '\ifEx', 'true', 'false', '(', '{', '@', NOT, SEQARROW, '-', STRING_LITERAL, CHAR_LITERAL, BIN_LITERAL, HEX_LITERAL, IDENT, INT_LITERAL, FLOAT_LITERAL, DOUBLE_LITERAL, REAL_LITERAL}
line 188:27 extraneous input '(' expecting {'\lemma', '}', IDENT, '/*!'}
line 188:32 mismatched input '&' expecting {'(', '{'}
line 190:42 mismatched input '}' expecting {'(', '{'}
line 191:39 mismatched input '}' expecting {'(', '{'}
line 198:14 mismatched input '\ifExintVar' expecting {MODALITY, FORALL, EXISTS, '\if', '\ifEx', 'true', 'false', '(', '{', '@', NOT, SEQARROW, '-', STRING_LITERAL, CHAR_LITERAL, BIN_LITERAL, HEX_LITERAL, IDENT, INT_LITERAL, FLOAT_LITERAL, DOUBLE_LITERAL, REAL_LITERAL}
line 198:27 extraneous input '(' expecting {'\lemma', '}', IDENT, '/*!'}
line 198:32 mismatched input '&' expecting {'(', '{'}
line 200:42 mismatched input '}' expecting {'(', '{'}
line 201:39 mismatched input '}' expecting {'(', '{'}
line 208:14 mismatched input '\ifExintVar' expecting {MODALITY, FORALL, EXISTS, '\if', '\ifEx', 'true', 'false', '(', '{', '@', NOT, SEQARROW, '-', STRING_LITERAL, CHAR_LITERAL, BIN_LITERAL, HEX_LITERAL, IDENT, INT_LITERAL, FLOAT_LITERAL, DOUBLE_LITERAL, REAL_LITERAL}
line 208:27 extraneous input '(' expecting {'\lemma', '}', IDENT, '/*!'}
line 208:32 mismatched input '&' expecting {'(', '{'}
line 210:42 mismatched input '}' expecting {'(', '{'}
line 211:39 mismatched input '}' expecting {'(', '{'}
line 218:14 mismatched input '\ifExintVar' expecting {MODALITY, FORALL, EXISTS, '\if', '\ifEx', 'true', 'false', '(', '{', '@', NOT, SEQARROW, '-', STRING_LITERAL, CHAR_LITERAL, BIN_LITERAL, HEX_LITERAL, IDENT, INT_LITERAL, FLOAT_LITERAL, DOUBLE_LITERAL, REAL_LITERAL}
line 218:27 extraneous input '(' expecting {'\lemma', '}', IDENT, '/*!'}
line 218:31 mismatched input ')' expecting {'(', '{'}
line 220:44 mismatched input ')' expecting {'(', '{'}
line 225:14 mismatched input '\ifExintVar' expecting {MODALITY, FORALL, EXISTS, '\if', '\ifEx', 'true', 'false', '(', '{', '@', NOT, SEQARROW, '-', STRING_LITERAL, CHAR_LITERAL, BIN_LITERAL, HEX_LITERAL, IDENT, INT_LITERAL, FLOAT_LITERAL, DOUBLE_LITERAL, REAL_LITERAL}
line 225:27 extraneous input '(' expecting {'\lemma', '}', IDENT, '/*!'}
line 225:31 mismatched input ')' expecting {'(', '{'}
line 227:44 mismatched input ')' expecting {'(', '{'}
line 233:14 mismatched input '\ifExintVar' expecting {MODALITY, FORALL, EXISTS, '\if', '\ifEx', 'true', 'false', '(', '{', '@', NOT, SEQARROW, '-', STRING_LITERAL, CHAR_LITERAL, BIN_LITERAL, HEX_LITERAL, IDENT, INT_LITERAL, FLOAT_LITERAL, DOUBLE_LITERAL, REAL_LITERAL}
line 233:27 extraneous input '(' expecting {'\lemma', '}', IDENT, '/*!'}
line 233:31 mismatched input ')' expecting {'(', '{'}
line 237:42 mismatched input '}' expecting {'(', '{'}
line 238:34 mismatched input '}' expecting {'(', '{'}
line 239:28 extraneous input '(' expecting {'\lemma', '}', IDENT, '/*!'}
line 239:33 mismatched input '->' expecting {'(', '{'}
line 240:8 extraneous input '\replacewith' expecting {'\lemma', '}', IDENT, '/*!'}
line 240:25 mismatched input ')' expecting {'(', '{'}
line 240:56 mismatched input ')' expecting {'(', '{'}
line 245:14 mismatched input '\ifExintVar' expecting {MODALITY, FORALL, EXISTS, '\if', '\ifEx', 'true', 'false', '(', '{', '@', NOT, SEQARROW, '-', STRING_LITERAL, CHAR_LITERAL, BIN_LITERAL, HEX_LITERAL, IDENT, INT_LITERAL, FLOAT_LITERAL, DOUBLE_LITERAL, REAL_LITERAL}
line 245:27 extraneous input '(' expecting {'\lemma', '}', IDENT, '/*!'}
line 245:31 mismatched input ')' expecting {'(', '{'}
line 248:45 mismatched input '}' expecting {'(', '{'}
line 249:8 extraneous input '\replacewith' expecting {'\lemma', '}', IDENT, '/*!'}
line 249:38 mismatched input ')' expecting {'(', '{'}
line 250:42 mismatched input '}' expecting {'(', '{'}
line 251:28 extraneous input '(' expecting {'\lemma', '}', IDENT, '/*!'}
line 251:33 mismatched input '->' expecting {'(', '{'}
line 255:14 mismatched input '\ifExintVar' expecting {MODALITY, FORALL, EXISTS, '\if', '\ifEx', 'true', 'false', '(', '{', '@', NOT, SEQARROW, '-', STRING_LITERAL, CHAR_LITERAL, BIN_LITERAL, HEX_LITERAL, IDENT, INT_LITERAL, FLOAT_LITERAL, DOUBLE_LITERAL, REAL_LITERAL}
line 255:27 extraneous input '(' expecting {'\lemma', '}', IDENT, '/*!'}
line 255:31 mismatched input ')' expecting {'(', '{'}
line 258:52 extraneous input '0' expecting {'\lemma', '}', IDENT, '/*!'}
line 258:54 mismatched input 'then' expecting {<EOF>, '\problem', '\chooseContract', '\proofObligation', '\proof'}

	at de.uka.ilkd.key.proof.io.KeYFile.readIncludes(KeYFile.java:210)
Caused by: de.uka.ilkd.key.util.parsing.SyntaxErrorReporter$ParserException: line 135:14 mismatched input '\ifExintVar' expecting {MODALITY, FORALL, EXISTS, '\if', '\ifEx', 'true', 'false', '(', '{', '@', NOT, SEQARROW, '-', STRING_LITERAL, CHAR_LITERAL, BIN_LITERAL, HEX_LITERAL, IDENT, INT_LITERAL, FLOAT_LITERAL, DOUBLE_LITERAL, REAL_LITERAL}
line 135:27 extraneous input '(' expecting {'\lemma', '}', IDENT, '/*!'}
line 135:44 mismatched input ')' expecting {'(', '{'}
line 141:14 mismatched input '\ifExintVar' expecting {MODALITY, FORALL, EXISTS, '\if', '\ifEx', 'true', 'false', '(', '{', '@', NOT, SEQARROW, '-', STRING_LITERAL, CHAR_LITERAL, BIN_LITERAL, HEX_LITERAL, IDENT, INT_LITERAL, FLOAT_LITERAL, DOUBLE_LITERAL, REAL_LITERAL}
line 141:27 extraneous input '(' expecting {'\lemma', '}', IDENT, '/*!'}
line 141:41 mismatched input ')' expecting {'(', '{'}
line 148:14 mismatched input '\ifExintVar' expecting {MODALITY, FORALL, EXISTS, '\if', '\ifEx', 'true', 'false', '(', '{', '@', NOT, SEQARROW, '-', STRING_LITERAL, CHAR_LITERAL, BIN_LITERAL, HEX_LITERAL, IDENT, INT_LITERAL, FLOAT_LITERAL, DOUBLE_LITERAL, REAL_LITERAL}
line 148:27 extraneous input '(' expecting {'\lemma', '}', IDENT, '/*!'}
line 148:35 mismatched input '=' expecting {'(', '{'}
line 150:38 mismatched input '}' expecting {'(', '{'}
line 155:14 mismatched input '\ifExintVar' expecting {MODALITY, FORALL, EXISTS, '\if', '\ifEx', 'true', 'false', '(', '{', '@', NOT, SEQARROW, '-', STRING_LITERAL, CHAR_LITERAL, BIN_LITERAL, HEX_LITERAL, IDENT, INT_LITERAL, FLOAT_LITERAL, DOUBLE_LITERAL, REAL_LITERAL}
line 155:27 extraneous input '(' expecting {'\lemma', '}', IDENT, '/*!'}
line 155:35 mismatched input '=' expecting {'(', '{'}
line 157:38 mismatched input '}' expecting {'(', '{'}
line 163:14 mismatched input '\ifExintVar' expecting {MODALITY, FORALL, EXISTS, '\if', '\ifEx', 'true', 'false', '(', '{', '@', NOT, SEQARROW, '-', STRING_LITERAL, CHAR_LITERAL, BIN_LITERAL, HEX_LITERAL, IDENT, INT_LITERAL, FLOAT_LITERAL, DOUBLE_LITERAL, REAL_LITERAL}
line 163:27 extraneous input '(' expecting {'\lemma', '}', IDENT, '/*!'}
line 163:30 mismatched input '=' expecting {'(', '{'}
line 165:38 mismatched input '}' expecting {'(', '{'}
line 171:14 mismatched input '\ifExintVar' expecting {MODALITY, FORALL, EXISTS, '\if', '\ifEx', 'true', 'false', '(', '{', '@', NOT, SEQARROW, '-', STRING_LITERAL, CHAR_LITERAL, BIN_LITERAL, HEX_LITERAL, IDENT, INT_LITERAL, FLOAT_LITERAL, DOUBLE_LITERAL, REAL_LITERAL}
line 171:27 extraneous input '(' expecting {'\lemma', '}', IDENT, '/*!'}
line 171:30 mismatched input '=' expecting {'(', '{'}
line 173:38 mismatched input '}' expecting {'(', '{'}
line 179:14 mismatched input '\ifExintVar' expecting {MODALITY, FORALL, EXISTS, '\if', '\ifEx', 'true', 'false', '(', '{', '@', NOT, SEQARROW, '-', STRING_LITERAL, CHAR_LITERAL, BIN_LITERAL, HEX_LITERAL, IDENT, INT_LITERAL, FLOAT_LITERAL, DOUBLE_LITERAL, REAL_LITERAL}
line 179:27 extraneous input '(' expecting {'\lemma', '}', IDENT, '/*!'}
line 179:32 mismatched input '&' expecting {'(', '{'}
line 181:42 mismatched input '}' expecting {'(', '{'}
line 182:39 mismatched input '}' expecting {'(', '{'}
line 188:14 mismatched input '\ifExintVar' expecting {MODALITY, FORALL, EXISTS, '\if', '\ifEx', 'true', 'false', '(', '{', '@', NOT, SEQARROW, '-', STRING_LITERAL, CHAR_LITERAL, BIN_LITERAL, HEX_LITERAL, IDENT, INT_LITERAL, FLOAT_LITERAL, DOUBLE_LITERAL, REAL_LITERAL}
line 188:27 extraneous input '(' expecting {'\lemma', '}', IDENT, '/*!'}
line 188:32 mismatched input '&' expecting {'(', '{'}
line 190:42 mismatched input '}' expecting {'(', '{'}
line 191:39 mismatched input '}' expecting {'(', '{'}
line 198:14 mismatched input '\ifExintVar' expecting {MODALITY, FORALL, EXISTS, '\if', '\ifEx', 'true', 'false', '(', '{', '@', NOT, SEQARROW, '-', STRING_LITERAL, CHAR_LITERAL, BIN_LITERAL, HEX_LITERAL, IDENT, INT_LITERAL, FLOAT_LITERAL, DOUBLE_LITERAL, REAL_LITERAL}
line 198:27 extraneous input '(' expecting {'\lemma', '}', IDENT, '/*!'}
line 198:32 mismatched input '&' expecting {'(', '{'}
line 200:42 mismatched input '}' expecting {'(', '{'}
line 201:39 mismatched input '}' expecting {'(', '{'}
line 208:14 mismatched input '\ifExintVar' expecting {MODALITY, FORALL, EXISTS, '\if', '\ifEx', 'true', 'false', '(', '{', '@', NOT, SEQARROW, '-', STRING_LITERAL, CHAR_LITERAL, BIN_LITERAL, HEX_LITERAL, IDENT, INT_LITERAL, FLOAT_LITERAL, DOUBLE_LITERAL, REAL_LITERAL}
line 208:27 extraneous input '(' expecting {'\lemma', '}', IDENT, '/*!'}
line 208:32 mismatched input '&' expecting {'(', '{'}
line 210:42 mismatched input '}' expecting {'(', '{'}
line 211:39 mismatched input '}' expecting {'(', '{'}
line 218:14 mismatched input '\ifExintVar' expecting {MODALITY, FORALL, EXISTS, '\if', '\ifEx', 'true', 'false', '(', '{', '@', NOT, SEQARROW, '-', STRING_LITERAL, CHAR_LITERAL, BIN_LITERAL, HEX_LITERAL, IDENT, INT_LITERAL, FLOAT_LITERAL, DOUBLE_LITERAL, REAL_LITERAL}
line 218:27 extraneous input '(' expecting {'\lemma', '}', IDENT, '/*!'}
line 218:31 mismatched input ')' expecting {'(', '{'}
line 220:44 mismatched input ')' expecting {'(', '{'}
line 225:14 mismatched input '\ifExintVar' expecting {MODALITY, FORALL, EXISTS, '\if', '\ifEx', 'true', 'false', '(', '{', '@', NOT, SEQARROW, '-', STRING_LITERAL, CHAR_LITERAL, BIN_LITERAL, HEX_LITERAL, IDENT, INT_LITERAL, FLOAT_LITERAL, DOUBLE_LITERAL, REAL_LITERAL}
line 225:27 extraneous input '(' expecting {'\lemma', '}', IDENT, '/*!'}
line 225:31 mismatched input ')' expecting {'(', '{'}
line 227:44 mismatched input ')' expecting {'(', '{'}
line 233:14 mismatched input '\ifExintVar' expecting {MODALITY, FORALL, EXISTS, '\if', '\ifEx', 'true', 'false', '(', '{', '@', NOT, SEQARROW, '-', STRING_LITERAL, CHAR_LITERAL, BIN_LITERAL, HEX_LITERAL, IDENT, INT_LITERAL, FLOAT_LITERAL, DOUBLE_LITERAL, REAL_LITERAL}
line 233:27 extraneous input '(' expecting {'\lemma', '}', IDENT, '/*!'}
line 233:31 mismatched input ')' expecting {'(', '{'}
line 237:42 mismatched input '}' expecting {'(', '{'}
line 238:34 mismatched input '}' expecting {'(', '{'}
line 239:28 extraneous input '(' expecting {'\lemma', '}', IDENT, '/*!'}
line 239:33 mismatched input '->' expecting {'(', '{'}
line 240:8 extraneous input '\replacewith' expecting {'\lemma', '}', IDENT, '/*!'}
line 240:25 mismatched input ')' expecting {'(', '{'}
line 240:56 mismatched input ')' expecting {'(', '{'}
line 245:14 mismatched input '\ifExintVar' expecting {MODALITY, FORALL, EXISTS, '\if', '\ifEx', 'true', 'false', '(', '{', '@', NOT, SEQARROW, '-', STRING_LITERAL, CHAR_LITERAL, BIN_LITERAL, HEX_LITERAL, IDENT, INT_LITERAL, FLOAT_LITERAL, DOUBLE_LITERAL, REAL_LITERAL}
line 245:27 extraneous input '(' expecting {'\lemma', '}', IDENT, '/*!'}
line 245:31 mismatched input ')' expecting {'(', '{'}
line 248:45 mismatched input '}' expecting {'(', '{'}
line 249:8 extraneous input '\replacewith' expecting {'\lemma', '}', IDENT, '/*!'}
line 249:38 mismatched input ')' expecting {'(', '{'}
line 250:42 mismatched input '}' expecting {'(', '{'}
line 251:28 extraneous input '(' expecting {'\lemma', '}', IDENT, '/*!'}
line 251:33 mismatched input '->' expecting {'(', '{'}
line 255:14 mismatched input '\ifExintVar' expecting {MODALITY, FORALL, EXISTS, '\if', '\ifEx', 'true', 'false', '(', '{', '@', NOT, SEQARROW, '-', STRING_LITERAL, CHAR_LITERAL, BIN_LITERAL, HEX_LITERAL, IDENT, INT_LITERAL, FLOAT_LITERAL, DOUBLE_LITERAL, REAL_LITERAL}
line 255:27 extraneous input '(' expecting {'\lemma', '}', IDENT, '/*!'}
line 255:31 mismatched input ')' expecting {'(', '{'}
line 258:52 extraneous input '0' expecting {'\lemma', '}', IDENT, '/*!'}
line 258:54 mismatched input 'then' expecting {<EOF>, '\problem', '\chooseContract', '\proofObligation', '\proof'}

	at de.uka.ilkd.key.util.parsing.SyntaxErrorReporter.throwException(SyntaxErrorReporter.java:89)

301741     WARN  Test worker     d.u.i.k.n.KeYParser       [syntax-error] file:/home/runner/work/key/key/key.core/build/resources/main/de/uka/ilkd/key/proof/rules/ifThenElseRules.key:135:14: mismatched input '\ifExintVar' expecting {MODALITY, FORALL, EXISTS, '\if', '\ifEx', 'true', 'false', '(', '{', '@', NOT, SEQARROW, '-', STRING_LITERAL, CHAR_LITERAL, BIN_LITERAL, HEX_LITERAL, IDENT, INT_LITERAL, FLOAT_LITERAL, DOUBLE_LITERAL, REAL_LITERAL} [@745,3563:3573='\ifExintVar',<188>,135:14] (termorseq, taclet, rulesOrAxioms, decls, file) 
301741     WARN  Test worker     d.u.i.k.n.KeYParser       [syntax-error] file:/home/runner/work/key/key/key.core/build/resources/main/de/uka/ilkd/key/proof/rules/ifThenElseRules.key:135:27: extraneous input '(' expecting {'\lemma', '}', IDENT, '/*!'} [@748,3576:3576='(',<146>,135:27] (rulesOrAxioms, decls, file) 
301742     WARN  Test worker     d.u.i.k.n.KeYParser       [syntax-error] file:/home/runner/work/key/key/key.core/build/resources/main/de/uka/ilkd/key/proof/rules/ifThenElseRules.key:135:44: mismatched input ')' expecting {'(', '{'} [@754,3593:3593=')',<147>,135:44] (taclet, rulesOrAxioms, decls, file) 
301742     WARN  Test worker     d.u.i.k.n.KeYParser       [syntax-error] file:/home/runner/work/key/key/key.core/build/resources/main/de/uka/ilkd/key/proof/rules/ifThenElseRules.key:141:14: mismatched input '\ifExintVar' expecting {MODALITY, FORALL, EXISTS, '\if', '\ifEx', 'true', 'false', '(', '{', '@', NOT, SEQARROW, '-', STRING_LITERAL, CHAR_LITERAL, BIN_LITERAL, HEX_LITERAL, IDENT, INT_LITERAL, FLOAT_LITERAL, DOUBLE_LITERAL, REAL_LITERAL} [@780,3716:3726='\ifExintVar',<188>,141:14] (termorseq, taclet, rulesOrAxioms, decls, file) 
301742     WARN  Test worker     d.u.i.k.n.KeYParser       [syntax-error] file:/home/runner/work/key/key/key.core/build/resources/main/de/uka/ilkd/key/proof/rules/ifThenElseRules.key:141:27: extraneous input '(' expecting {'\lemma', '}', IDENT, '/*!'} [@783,3729:3729='(',<146>,141:27] (rulesOrAxioms, decls, file) 
301742     WARN  Test worker     d.u.i.k.n.KeYParser       [syntax-error] file:/home/runner/work/key/key/key.core/build/resources/main/de/uka/ilkd/key/proof/rules/ifThenElseRules.key:141:41: mismatched input ')' expecting {'(', '{'} [@789,3743:3743=')',<147>,141:41] (taclet, rulesOrAxioms, decls, file) 
301742     WARN  Test worker     d.u.i.k.n.KeYParser       [syntax-error] file:/home/runner/work/key/key/key.core/build/resources/main/de/uka/ilkd/key/proof/rules/ifThenElseRules.key:148:14: mismatched input '\ifExintVar' expecting {MODALITY, FORALL, EXISTS, '\if', '\ifEx', 'true', 'false', '(', '{', '@', NOT, SEQARROW, '-', STRING_LITERAL, CHAR_LITERAL, BIN_LITERAL, HEX_LITERAL, IDENT, INT_LITERAL, FLOAT_LITERAL, DOUBLE_LITERAL, REAL_LITERAL} [@819,3896:3906='\ifExintVar',<188>,148:14] (termorseq, taclet, rulesOrAxioms, decls, file) 
301742     WARN  Test worker     d.u.i.k.n.KeYParser       [syntax-error] file:/home/runner/work/key/key/key.core/build/resources/main/de/uka/ilkd/key/proof/rules/ifThenElseRules.key:148:27: extraneous input '(' expecting {'\lemma', '}', IDENT, '/*!'} [@822,3909:3909='(',<146>,148:27] (rulesOrAxioms, decls, file) 
301742     WARN  Test worker     d.u.i.k.n.KeYParser       [syntax-error] file:/home/runner/work/key/key/key.core/build/resources/main/de/uka/ilkd/key/proof/rules/ifThenElseRules.key:148:35: mismatched input '=' expecting {'(', '{'} [@825,3917:3917='=',<159>,148:35] (taclet, rulesOrAxioms, decls, file) 
301743     WARN  Test worker     d.u.i.k.n.KeYParser       [syntax-error] file:/home/runner/work/key/key/key.core/build/resources/main/de/uka/ilkd/key/proof/rules/ifThenElseRules.key:150:38: mismatched input '}' expecting {'(', '{'} [@859,4023:4023='}',<149>,150:38] (taclet, rulesOrAxioms, decls, file) 
301743     WARN  Test worker     d.u.i.k.n.KeYParser       [syntax-error] file:/home/runner/work/key/key/key.core/build/resources/main/de/uka/ilkd/key/proof/rules/ifThenElseRules.key:155:14: mismatched input '\ifExintVar' expecting {MODALITY, FORALL, EXISTS, '\if', '\ifEx', 'true', 'false', '(', '{', '@', NOT, SEQARROW, '-', STRING_LITERAL, CHAR_LITERAL, BIN_LITERAL, HEX_LITERAL, IDENT, INT_LITERAL, FLOAT_LITERAL, DOUBLE_LITERAL, REAL_LITERAL} [@877,4109:4119='\ifExintVar',<188>,155:14] (termorseq, taclet, rulesOrAxioms, decls, file) 
301743     WARN  Test worker     d.u.i.k.n.KeYParser       [syntax-error] file:/home/runner/work/key/key/key.core/build/resources/main/de/uka/ilkd/key/proof/rules/ifThenElseRules.key:155:27: extraneous input '(' expecting {'\lemma', '}', IDENT, '/*!'} [@880,4122:4122='(',<146>,155:27] (rulesOrAxioms, decls, file) 
301743     WARN  Test worker     d.u.i.k.n.KeYParser       [syntax-error] file:/home/runner/work/key/key/key.core/build/resources/main/de/uka/ilkd/key/proof/rules/ifThenElseRules.key:155:35: mismatched input '=' expecting {'(', '{'} [@883,4130:4130='=',<159>,155:35] (taclet, rulesOrAxioms, decls, file) 
301743     WARN  Test worker     d.u.i.k.n.KeYParser       [syntax-error] file:/home/runner/work/key/key/key.core/build/resources/main/de/uka/ilkd/key/proof/rules/ifThenElseRules.key:157:38: mismatched input '}' expecting {'(', '{'} [@917,4230:4230='}',<149>,157:38] (taclet, rulesOrAxioms, decls, file) 
301743     WARN  Test worker     d.u.i.k.n.KeYParser       [syntax-error] file:/home/runner/work/key/key/key.core/build/resources/main/de/uka/ilkd/key/proof/rules/ifThenElseRules.key:163:14: mismatched input '\ifExintVar' expecting {MODALITY, FORALL, EXISTS, '\if', '\ifEx', 'true', 'false', '(', '{', '@', NOT, SEQARROW, '-', STRING_LITERAL, CHAR_LITERAL, BIN_LITERAL, HEX_LITERAL, IDENT, INT_LITERAL, FLOAT_LITERAL, DOUBLE_LITERAL, REAL_LITERAL} [@939,4350:4360='\ifExintVar',<188>,163:14] (termorseq, taclet, rulesOrAxioms, decls, file) 
301743     WARN  Test worker     d.u.i.k.n.KeYParser       [syntax-error] file:/home/runner/work/key/key/key.core/build/resources/main/de/uka/ilkd/key/proof/rules/ifThenElseRules.key:163:27: extraneous input '(' expecting {'\lemma', '}', IDENT, '/*!'} [@942,4363:4363='(',<146>,163:27] (rulesOrAxioms, decls, file) 
301743     WARN  Test worker     d.u.i.k.n.KeYParser       [syntax-error] file:/home/runner/work/key/key/key.core/build/resources/main/de/uka/ilkd/key/proof/rules/ifThenElseRules.key:163:30: mismatched input '=' expecting {'(', '{'} [@945,4366:4366='=',<159>,163:30] (taclet, rulesOrAxioms, decls, file) 
301744     WARN  Test worker     d.u.i.k.n.KeYParser       [syntax-error] file:/home/runner/work/key/key/key.core/build/resources/main/de/uka/ilkd/key/proof/rules/ifThenElseRules.key:165:38: mismatched input '}' expecting {'(', '{'} [@979,4477:4477='}',<149>,165:38] (taclet, rulesOrAxioms, decls, file) 
301744     WARN  Test worker     d.u.i.k.n.KeYParser       [syntax-error] file:/home/runner/work/key/key/key.core/build/resources/main/de/uka/ilkd/key/proof/rules/ifThenElseRules.key:171:14: mismatched input '\ifExintVar' expecting {MODALITY, FORALL, EXISTS, '\if', '\ifEx', 'true', 'false', '(', '{', '@', NOT, SEQARROW, '-', STRING_LITERAL, CHAR_LITERAL, BIN_LITERAL, HEX_LITERAL, IDENT, INT_LITERAL, FLOAT_LITERAL, DOUBLE_LITERAL, REAL_LITERAL} [@1001,4604:4614='\ifExintVar',<188>,171:14] (termorseq, taclet, rulesOrAxioms, decls, file) 
301744     WARN  Test worker     d.u.i.k.n.KeYParser       [syntax-error] file:/home/runner/work/key/key/key.core/build/resources/main/de/uka/ilkd/key/proof/rules/ifThenElseRules.key:171:27: extraneous input '(' expecting {'\lemma', '}', IDENT, '/*!'} [@1004,4617:4617='(',<146>,171:27] (rulesOrAxioms, decls, file) 
301744     WARN  Test worker     d.u.i.k.n.KeYParser       [syntax-error] file:/home/runner/work/key/key/key.core/build/resources/main/de/uka/ilkd/key/proof/rules/ifThenElseRules.key:171:30: mismatched input '=' expecting {'(', '{'} [@1007,4620:4620='=',<159>,171:30] (taclet, rulesOrAxioms, decls, file) 
301744     WARN  Test worker     d.u.i.k.n.KeYParser       [syntax-error] file:/home/runner/work/key/key/key.core/build/resources/main/de/uka/ilkd/key/proof/rules/ifThenElseRules.key:173:38: mismatched input '}' expecting {'(', '{'} [@1041,4725:4725='}',<149>,173:38] (taclet, rulesOrAxioms, decls, file) 
301744     WARN  Test worker     d.u.i.k.n.KeYParser       [syntax-error] file:/home/runner/work/key/key/key.core/build/resources/main/de/uka/ilkd/key/proof/rules/ifThenElseRules.key:179:14: mismatched input '\ifExintVar' expecting {MODALITY, FORALL, EXISTS, '\if', '\ifEx', 'true', 'false', '(', '{', '@', NOT, SEQARROW, '-', STRING_LITERAL, CHAR_LITERAL, BIN_LITERAL, HEX_LITERAL, IDENT, INT_LITERAL, FLOAT_LITERAL, DOUBLE_LITERAL, REAL_LITERAL} [@1063,4848:4858='\ifExintVar',<188>,179:14] (termorseq, taclet, rulesOrAxioms, decls, file) 
301744     WARN  Test worker     d.u.i.k.n.KeYParser       [syntax-error] file:/home/runner/work/key/key/key.core/build/resources/main/de/uka/ilkd/key/proof/rules/ifThenElseRules.key:179:27: extraneous input '(' expecting {'\lemma', '}', IDENT, '/*!'} [@1066,4861:4861='(',<146>,179:27] (rulesOrAxioms, decls, file) 
301744     WARN  Test worker     d.u.i.k.n.KeYParser       [syntax-error] file:/home/runner/work/key/key/key.core/build/resources/main/de/uka/ilkd/key/proof/rules/ifThenElseRules.key:179:32: mismatched input '&' expecting {'(', '{'} [@1069,4866:4866='&',<156>,179:32] (taclet, rulesOrAxioms, decls, file) 
301744     WARN  Test worker     d.u.i.k.n.KeYParser       [syntax-error] file:/home/runner/work/key/key/key.core/build/resources/main/de/uka/ilkd/key/proof/rules/ifThenElseRules.key:181:42: mismatched input '}' expecting {'(', '{'} [@1109,4985:4985='}',<149>,181:42] (taclet, rulesOrAxioms, decls, file) 
301745     WARN  Test worker     d.u.i.k.n.KeYParser       [syntax-error] file:/home/runner/work/key/key/key.core/build/resources/main/de/uka/ilkd/key/proof/rules/ifThenElseRules.key:182:39: mismatched input '}' expecting {'(', '{'} [@1122,5030:5030='}',<149>,182:39] (taclet, rulesOrAxioms, decls, file) 
301745     WARN  Test worker     d.u.i.k.n.KeYParser       [syntax-error] file:/home/runner/work/key/key/key.core/build/resources/main/de/uka/ilkd/key/proof/rules/ifThenElseRules.key:188:14: mismatched input '\ifExintVar' expecting {MODALITY, FORALL, EXISTS, '\if', '\ifEx', 'true', 'false', '(', '{', '@', NOT, SEQARROW, '-', STRING_LITERAL, CHAR_LITERAL, BIN_LITERAL, HEX_LITERAL, IDENT, INT_LITERAL, FLOAT_LITERAL, DOUBLE_LITERAL, REAL_LITERAL} [@1146,5149:5159='\ifExintVar',<188>,188:14] (termorseq, taclet, rulesOrAxioms, decls, file) 
301745     WARN  Test worker     d.u.i.k.n.KeYParser       [syntax-error] file:/home/runner/work/key/key/key.core/build/resources/main/de/uka/ilkd/key/proof/rules/ifThenElseRules.key:188:27: extraneous input '(' expecting {'\lemma', '}', IDENT, '/*!'} [@1149,5162:5162='(',<146>,188:27] (rulesOrAxioms, decls, file) 
301745     WARN  Test worker     d.u.i.k.n.KeYParser       [syntax-error] file:/home/runner/work/key/key/key.core/build/resources/main/de/uka/ilkd/key/proof/rules/ifThenElseRules.key:188:32: mismatched input '&' expecting {'(', '{'} [@1152,5167:5167='&',<156>,188:32] (taclet, rulesOrAxioms, decls, file) 
301745     WARN  Test worker     d.u.i.k.n.KeYParser       [syntax-error] file:/home/runner/work/key/key/key.core/build/resources/main/de/uka/ilkd/key/proof/rules/ifThenElseRules.key:190:42: mismatched input '}' expecting {'(', '{'} [@1192,5280:5280='}',<149>,190:42] (taclet, rulesOrAxioms, decls, file) 
301745     WARN  Test worker     d.u.i.k.n.KeYParser       [syntax-error] file:/home/runner/work/key/key/key.core/build/resources/main/de/uka/ilkd/key/proof/rules/ifThenElseRules.key:191:39: mismatched input '}' expecting {'(', '{'} [@1205,5325:5325='}',<149>,191:39] (taclet, rulesOrAxioms, decls, file) 
301745     WARN  Test worker     d.u.i.k.n.KeYParser       [syntax-error] file:/home/runner/work/key/key/key.core/build/resources/main/de/uka/ilkd/key/proof/rules/ifThenElseRules.key:198:14: mismatched input '\ifExintVar' expecting {MODALITY, FORALL, EXISTS, '\if', '\ifEx', 'true', 'false', '(', '{', '@', NOT, SEQARROW, '-', STRING_LITERAL, CHAR_LITERAL, BIN_LITERAL, HEX_LITERAL, IDENT, INT_LITERAL, FLOAT_LITERAL, DOUBLE_LITERAL, REAL_LITERAL} [@1233,5475:5485='\ifExintVar',<188>,198:14] (termorseq, taclet, rulesOrAxioms, decls, file) 
301745     WARN  Test worker     d.u.i.k.n.KeYParser       [syntax-error] file:/home/runner/work/key/key/key.core/build/resources/main/de/uka/ilkd/key/proof/rules/ifThenElseRules.key:198:27: extraneous input '(' expecting {'\lemma', '}', IDENT, '/*!'} [@1236,5488:5488='(',<146>,198:27] (rulesOrAxioms, decls, file) 
301746     WARN  Test worker     d.u.i.k.n.KeYParser       [syntax-error] file:/home/runner/work/key/key/key.core/build/resources/main/de/uka/ilkd/key/proof/rules/ifThenElseRules.key:198:32: mismatched input '&' expecting {'(', '{'} [@1239,5493:5493='&',<156>,198:32] (taclet, rulesOrAxioms, decls, file) 
301746     WARN  Test worker     d.u.i.k.n.KeYParser       [syntax-error] file:/home/runner/work/key/key/key.core/build/resources/main/de/uka/ilkd/key/proof/rules/ifThenElseRules.key:200:42: mismatched input '}' expecting {'(', '{'} [@1279,5612:5612='}',<149>,200:42] (taclet, rulesOrAxioms, decls, file) 
301746     WARN  Test worker     d.u.i.k.n.KeYParser       [syntax-error] file:/home/runner/work/key/key/key.core/build/resources/main/de/uka/ilkd/key/proof/rules/ifThenElseRules.key:201:39: mismatched input '}' expecting {'(', '{'} [@1292,5657:5657='}',<149>,201:39] (taclet, rulesOrAxioms, decls, file) 
301746     WARN  Test worker     d.u.i.k.n.KeYParser       [syntax-error] file:/home/runner/work/key/key/key.core/build/resources/main/de/uka/ilkd/key/proof/rules/ifThenElseRules.key:208:14: mismatched input '\ifExintVar' expecting {MODALITY, FORALL, EXISTS, '\if', '\ifEx', 'true', 'false', '(', '{', '@', NOT, SEQARROW, '-', STRING_LITERAL, CHAR_LITERAL, BIN_LITERAL, HEX_LITERAL, IDENT, INT_LITERAL, FLOAT_LITERAL, DOUBLE_LITERAL, REAL_LITERAL} [@1320,5817:5827='\ifExintVar',<188>,208:14] (termorseq, taclet, rulesOrAxioms, decls, file) 
301746     WARN  Test worker     d.u.i.k.n.KeYParser       [syntax-error] file:/home/runner/work/key/key/key.core/build/resources/main/de/uka/ilkd/key/proof/rules/ifThenElseRules.key:208:27: extraneous input '(' expecting {'\lemma', '}', IDENT, '/*!'} [@1323,5830:5830='(',<146>,208:27] (rulesOrAxioms, decls, file) 
301746     WARN  Test worker     d.u.i.k.n.KeYParser       [syntax-error] file:/home/runner/work/key/key/key.core/build/resources/main/de/uka/ilkd/key/proof/rules/ifThenElseRules.key:208:32: mismatched input '&' expecting {'(', '{'} [@1326,5835:5835='&',<156>,208:32] (taclet, rulesOrAxioms, decls, file) 
301746     WARN  Test worker     d.u.i.k.n.KeYParser       [syntax-error] file:/home/runner/work/key/key/key.core/build/resources/main/de/uka/ilkd/key/proof/rules/ifThenElseRules.key:210:42: mismatched input '}' expecting {'(', '{'} [@1366,5948:5948='}',<149>,210:42] (taclet, rulesOrAxioms, decls, file) 
301746     WARN  Test worker     d.u.i.k.n.KeYParser       [syntax-error] file:/home/runner/work/key/key/key.core/build/resources/main/de/uka/ilkd/key/proof/rules/ifThenElseRules.key:211:39: mismatched input '}' expecting {'(', '{'} [@1379,5993:5993='}',<149>,211:39] (taclet, rulesOrAxioms, decls, file) 
301747     WARN  Test worker     d.u.i.k.n.KeYParser       [syntax-error] file:/home/runner/work/key/key/key.core/build/resources/main/de/uka/ilkd/key/proof/rules/ifThenElseRules.key:218:14: mismatched input '\ifExintVar' expecting {MODALITY, FORALL, EXISTS, '\if', '\ifEx', 'true', 'false', '(', '{', '@', NOT, SEQARROW, '-', STRING_LITERAL, CHAR_LITERAL, BIN_LITERAL, HEX_LITERAL, IDENT, INT_LITERAL, FLOAT_LITERAL, DOUBLE_LITERAL, REAL_LITERAL} [@1407,6146:6156='\ifExintVar',<188>,218:14] (termorseq, taclet, rulesOrAxioms, decls, file) 
301747     WARN  Test worker     d.u.i.k.n.KeYParser       [syntax-error] file:/home/runner/work/key/key/key.core/build/resources/main/de/uka/ilkd/key/proof/rules/ifThenElseRules.key:218:27: extraneous input '(' expecting {'\lemma', '}', IDENT, '/*!'} [@1410,6159:6159='(',<146>,218:27] (rulesOrAxioms, decls, file) 
301747     WARN  Test worker     d.u.i.k.n.KeYParser       [syntax-error] file:/home/runner/work/key/key/key.core/build/resources/main/de/uka/ilkd/key/proof/rules/ifThenElseRules.key:218:31: mismatched input ')' expecting {'(', '{'} [@1412,6163:6163=')',<147>,218:31] (taclet, rulesOrAxioms, decls, file) 
301747     WARN  Test worker     d.u.i.k.n.KeYParser       [syntax-error] file:/home/runner/work/key/key/key.core/build/resources/main/de/uka/ilkd/key/proof/rules/ifThenElseRules.key:220:44: mismatched input ')' expecting {'(', '{'} [@1444,6275:6275=')',<147>,220:44] (taclet, rulesOrAxioms, decls, file) 
301747     WARN  Test worker     d.u.i.k.n.KeYParser       [syntax-error] file:/home/runner/work/key/key/key.core/build/resources/main/de/uka/ilkd/key/proof/rules/ifThenElseRules.key:225:14: mismatched input '\ifExintVar' expecting {MODALITY, FORALL, EXISTS, '\if', '\ifEx', 'true', 'false', '(', '{', '@', NOT, SEQARROW, '-', STRING_LITERAL, CHAR_LITERAL, BIN_LITERAL, HEX_LITERAL, IDENT, INT_LITERAL, FLOAT_LITERAL, DOUBLE_LITERAL, REAL_LITERAL} [@1471,6389:6399='\ifExintVar',<188>,225:14] (termorseq, taclet, rulesOrAxioms, decls, file) 
301747     WARN  Test worker     d.u.i.k.n.KeYParser       [syntax-error] file:/home/runner/work/key/key/key.core/build/resources/main/de/uka/ilkd/key/proof/rules/ifThenElseRules.key:225:27: extraneous input '(' expecting {'\lemma', '}', IDENT, '/*!'} [@1474,6402:6402='(',<146>,225:27] (rulesOrAxioms, decls, file) 
301747     WARN  Test worker     d.u.i.k.n.KeYParser       [syntax-error] file:/home/runner/work/key/key/key.core/build/resources/main/de/uka/ilkd/key/proof/rules/ifThenElseRules.key:225:31: mismatched input ')' expecting {'(', '{'} [@1476,6406:6406=')',<147>,225:31] (taclet, rulesOrAxioms, decls, file) 
301747     WARN  Test worker     d.u.i.k.n.KeYParser       [syntax-error] file:/home/runner/work/key/key/key.core/build/resources/main/de/uka/ilkd/key/proof/rules/ifThenElseRules.key:227:44: mismatched input ')' expecting {'(', '{'} [@1508,6509:6509=')',<147>,227:44] (taclet, rulesOrAxioms, decls, file) 
301748     WARN  Test worker     d.u.i.k.n.KeYParser       [syntax-error] file:/home/runner/work/key/key/key.core/build/resources/main/de/uka/ilkd/key/proof/rules/ifThenElseRules.key:233:14: mismatched input '\ifExintVar' expecting {MODALITY, FORALL, EXISTS, '\if', '\ifEx', 'true', 'false', '(', '{', '@', NOT, SEQARROW, '-', STRING_LITERAL, CHAR_LITERAL, BIN_LITERAL, HEX_LITERAL, IDENT, INT_LITERAL, FLOAT_LITERAL, DOUBLE_LITERAL, REAL_LITERAL} [@1539,6656:6666='\ifExintVar',<188>,233:14] (termorseq, taclet, rulesOrAxioms, decls, file) 
301748     WARN  Test worker     d.u.i.k.n.KeYParser       [syntax-error] file:/home/runner/work/key/key/key.core/build/resources/main/de/uka/ilkd/key/proof/rules/ifThenElseRules.key:233:27: extraneous input '(' expecting {'\lemma', '}', IDENT, '/*!'} [@1542,6669:6669='(',<146>,233:27] (rulesOrAxioms, decls, file) 
301748     WARN  Test worker     d.u.i.k.n.KeYParser       [syntax-error] file:/home/runner/work/key/key/key.core/build/resources/main/de/uka/ilkd/key/proof/rules/ifThenElseRules.key:233:31: mismatched input ')' expecting {'(', '{'} [@1544,6673:6673=')',<147>,233:31] (taclet, rulesOrAxioms, decls, file) 
301748     WARN  Test worker     d.u.i.k.n.KeYParser       [syntax-error] file:/home/runner/work/key/key/key.core/build/resources/main/de/uka/ilkd/key/proof/rules/ifThenElseRules.key:237:42: mismatched input '}' expecting {'(', '{'} [@1586,6850:6850='}',<149>,237:42] (taclet, rulesOrAxioms, decls, file) 
301748     WARN  Test worker     d.u.i.k.n.KeYParser       [syntax-error] file:/home/runner/work/key/key/key.core/build/resources/main/de/uka/ilkd/key/proof/rules/ifThenElseRules.key:238:34: mismatched input '}' expecting {'(', '{'} [@1599,6891:6891='}',<149>,238:34] (taclet, rulesOrAxioms, decls, file) 
301748     WARN  Test worker     d.u.i.k.n.KeYParser       [syntax-error] file:/home/runner/work/key/key/key.core/build/resources/main/de/uka/ilkd/key/proof/rules/ifThenElseRules.key:239:28: extraneous input '(' expecting {'\lemma', '}', IDENT, '/*!'} [@1608,6925:6925='(',<146>,239:28] (rulesOrAxioms, decls, file) 
301748     WARN  Test worker     d.u.i.k.n.KeYParser       [syntax-error] file:/home/runner/work/key/key/key.core/build/resources/main/de/uka/ilkd/key/proof/rules/ifThenElseRules.key:239:33: mismatched input '->' expecting {'(', '{'} [@1611,6930:6931='->',<158>,239:33] (taclet, rulesOrAxioms, decls, file) 
301748     WARN  Test worker     d.u.i.k.n.KeYParser       [syntax-error] file:/home/runner/work/key/key/key.core/build/resources/main/de/uka/ilkd/key/proof/rules/ifThenElseRules.key:240:8: extraneous input '\replacewith' expecting {'\lemma', '}', IDENT, '/*!'} [@1626,6979:6990='\replacewith',<105>,240:8] (rulesOrAxioms, decls, file) 
301749     WARN  Test worker     d.u.i.k.n.KeYParser       [syntax-error] file:/home/runner/work/key/key/key.core/build/resources/main/de/uka/ilkd/key/proof/rules/ifThenElseRules.key:240:25: mismatched input ')' expecting {'(', '{'} [@1629,6996:6996=')',<147>,240:25] (taclet, rulesOrAxioms, decls, file) 
301749     WARN  Test worker     d.u.i.k.n.KeYParser       [syntax-error] file:/home/runner/work/key/key/key.core/build/resources/main/de/uka/ilkd/key/proof/rules/ifThenElseRules.key:240:56: mismatched input ')' expecting {'(', '{'} [@1642,7027:7027=')',<147>,240:56] (taclet, rulesOrAxioms, decls, file) 
301749     WARN  Test worker     d.u.i.k.n.KeYParser       [syntax-error] file:/home/runner/work/key/key/key.core/build/resources/main/de/uka/ilkd/key/proof/rules/ifThenElseRules.key:245:14: mismatched input '\ifExintVar' expecting {MODALITY, FORALL, EXISTS, '\if', '\ifEx', 'true', 'false', '(', '{', '@', NOT, SEQARROW, '-', STRING_LITERAL, CHAR_LITERAL, BIN_LITERAL, HEX_LITERAL, IDENT, INT_LITERAL, FLOAT_LITERAL, DOUBLE_LITERAL, REAL_LITERAL} [@1658,7109:7119='\ifExintVar',<188>,245:14] (termorseq, taclet, rulesOrAxioms, decls, file) 
301749     WARN  Test worker     d.u.i.k.n.KeYParser       [syntax-error] file:/home/runner/work/key/key/key.core/build/resources/main/de/uka/ilkd/key/proof/rules/ifThenElseRules.key:245:27: extraneous input '(' expecting {'\lemma', '}', IDENT, '/*!'} [@1661,7122:7122='(',<146>,245:27] (rulesOrAxioms, decls, file) 
301749     WARN  Test worker     d.u.i.k.n.KeYParser       [syntax-error] file:/home/runner/work/key/key/key.core/build/resources/main/de/uka/ilkd/key/proof/rules/ifThenElseRules.key:245:31: mismatched input ')' expecting {'(', '{'} [@1663,7126:7126=')',<147>,245:31] (taclet, rulesOrAxioms, decls, file) 
301749     WARN  Test worker     d.u.i.k.n.KeYParser       [syntax-error] file:/home/runner/work/key/key/key.core/build/resources/main/de/uka/ilkd/key/proof/rules/ifThenElseRules.key:248:45: mismatched input '}' expecting {'(', '{'} [@1696,7268:7268='}',<149>,248:45] (taclet, rulesOrAxioms, decls, file) 
301749     WARN  Test worker     d.u.i.k.n.KeYParser       [syntax-error] file:/home/runner/work/key/key/key.core/build/resources/main/de/uka/ilkd/key/proof/rules/ifThenElseRules.key:249:8: extraneous input '\replacewith' expecting {'\lemma', '}', IDENT, '/*!'} [@1701,7284:7295='\replacewith',<105>,249:8] (rulesOrAxioms, decls, file) 
301749     WARN  Test worker     d.u.i.k.n.KeYParser       [syntax-error] file:/home/runner/work/key/key/key.core/build/resources/main/de/uka/ilkd/key/proof/rules/ifThenElseRules.key:249:38: mismatched input ')' expecting {'(', '{'} [@1708,7314:7314=')',<147>,249:38] (taclet, rulesOrAxioms, decls, file) 
301749     WARN  Test worker     d.u.i.k.n.KeYParser       [syntax-error] file:/home/runner/work/key/key/key.core/build/resources/main/de/uka/ilkd/key/proof/rules/ifThenElseRules.key:250:42: mismatched input '}' expecting {'(', '{'} [@1731,7381:7381='}',<149>,250:42] (taclet, rulesOrAxioms, decls, file) 
301750     WARN  Test worker     d.u.i.k.n.KeYParser       [syntax-error] file:/home/runner/work/key/key/key.core/build/resources/main/de/uka/ilkd/key/proof/rules/ifThenElseRules.key:251:28: extraneous input '(' expecting {'\lemma', '}', IDENT, '/*!'} [@1741,7416:7416='(',<146>,251:28] (rulesOrAxioms, decls, file) 
301750     WARN  Test worker     d.u.i.k.n.KeYParser       [syntax-error] file:/home/runner/work/key/key/key.core/build/resources/main/de/uka/ilkd/key/proof/rules/ifThenElseRules.key:251:33: mismatched input '->' expecting {'(', '{'} [@1744,7421:7422='->',<158>,251:33] (taclet, rulesOrAxioms, decls, file) 
301750     WARN  Test worker     d.u.i.k.n.KeYParser       [syntax-error] file:/home/runner/work/key/key/key.core/build/resources/main/de/uka/ilkd/key/proof/rules/ifThenElseRules.key:255:14: mismatched input '\ifExintVar' expecting {MODALITY, FORALL, EXISTS, '\if', '\ifEx', 'true', 'false', '(', '{', '@', NOT, SEQARROW, '-', STRING_LITERAL, CHAR_LITERAL, BIN_LITERAL, HEX_LITERAL, IDENT, INT_LITERAL, FLOAT_LITERAL, DOUBLE_LITERAL, REAL_LITERAL} [@1765,7506:7516='\ifExintVar',<188>,255:14] (termorseq, taclet, rulesOrAxioms, decls, file) 
301750     WARN  Test worker     d.u.i.k.n.KeYParser       [syntax-error] file:/home/runner/work/key/key/key.core/build/resources/main/de/uka/ilkd/key/proof/rules/ifThenElseRules.key:255:27: extraneous input '(' expecting {'\lemma', '}', IDENT, '/*!'} [@1768,7519:7519='(',<146>,255:27] (rulesOrAxioms, decls, file) 
301750     WARN  Test worker     d.u.i.k.n.KeYParser       [syntax-error] file:/home/runner/work/key/key/key.core/build/resources/main/de/uka/ilkd/key/proof/rules/ifThenElseRules.key:255:31: mismatched input ')' expecting {'(', '{'} [@1770,7523:7523=')',<147>,255:31] (taclet, rulesOrAxioms, decls, file) 
301750     WARN  Test worker     d.u.i.k.n.KeYParser       [syntax-error] file:/home/runner/work/key/key/key.core/build/resources/main/de/uka/ilkd/key/proof/rules/ifThenElseRules.key:258:52: extraneous input '0' expecting {'\lemma', '}', IDENT, '/*!'} [@1809,7667:7667='0',<184>,258:52] (rulesOrAxioms, decls, file) 
301750     WARN  Test worker     d.u.i.k.n.KeYParser       [syntax-error] file:/home/runner/work/key/key/key.core/build/resources/main/de/uka/ilkd/key/proof/rules/ifThenElseRules.key:258:54: mismatched input 'then' expecting {<EOF>, '\problem', '\chooseContract', '\proofObligation', '\proof'} [@1811,7669:7672='then',<183>,258:54] (file) 
301751     ERROR Test worker     d.u.i.k.s.n.MasterHandlerTest Error reading /home/runner/work/key/key/key.core/build/resources/test/de/uka/ilkd/key/smt/newsmt2/cases/cast2.props de.uka.ilkd.key.proof.io.ProblemLoaderException: line 135:14 mismatched input '\ifExintVar' expecting {MODALITY, FORALL, EXISTS, '\if', '\ifEx', 'true', 'false', '(', '{', '@', NOT, SEQARROW, '-', STRING_LITERAL, CHAR_LITERAL, BIN_LITERAL, HEX_LITERAL, IDENT, INT_LITERAL, FLOAT_LITERAL, DOUBLE_LITERAL, REAL_LITERAL}
line 135:27 extraneous input '(' expecting {'\lemma', '}', IDENT, '/*!'}
line 135:44 mismatched input ')' expecting {'(', '{'}
line 141:14 mismatched input '\ifExintVar' expecting {MODALITY, FORALL, EXISTS, '\if', '\ifEx', 'true', 'false', '(', '{', '@', NOT, SEQARROW, '-', STRING_LITERAL, CHAR_LITERAL, BIN_LITERAL, HEX_LITERAL, IDENT, INT_LITERAL, FLOAT_LITERAL, DOUBLE_LITERAL, REAL_LITERAL}
line 141:27 extraneous input '(' expecting {'\lemma', '}', IDENT, '/*!'}
line 141:41 mismatched input ')' expecting {'(', '{'}
line 148:14 mismatched input '\ifExintVar' expecting {MODALITY, FORALL, EXISTS, '\if', '\ifEx', 'true', 'false', '(', '{', '@', NOT, SEQARROW, '-', STRING_LITERAL, CHAR_LITERAL, BIN_LITERAL, HEX_LITERAL, IDENT, INT_LITERAL, FLOAT_LITERAL, DOUBLE_LITERAL, REAL_LITERAL}
line 148:27 extraneous input '(' expecting {'\lemma', '}', IDENT, '/*!'}
line 148:35 mismatched input '=' expecting {'(', '{'}
line 150:38 mismatched input '}' expecting {'(', '{'}
line 155:14 mismatched input '\ifExintVar' expecting {MODALITY, FORALL, EXISTS, '\if', '\ifEx', 'true', 'false', '(', '{', '@', NOT, SEQARROW, '-', STRING_LITERAL, CHAR_LITERAL, BIN_LITERAL, HEX_LITERAL, IDENT, INT_LITERAL, FLOAT_LITERAL, DOUBLE_LITERAL, REAL_LITERAL}
line 155:27 extraneous input '(' expecting {'\lemma', '}', IDENT, '/*!'}
line 155:35 mismatched input '=' expecting {'(', '{'}
line 157:38 mismatched input '}' expecting {'(', '{'}
line 163:14 mismatched input '\ifExintVar' expecting {MODALITY, FORALL, EXISTS, '\if', '\ifEx', 'true', 'false', '(', '{', '@', NOT, SEQARROW, '-', STRING_LITERAL, CHAR_LITERAL, BIN_LITERAL, HEX_LITERAL, IDENT, INT_LITERAL, FLOAT_LITERAL, DOUBLE_LITERAL, REAL_LITERAL}
line 163:27 extraneous input '(' expecting {'\lemma', '}', IDENT, '/*!'}
line 163:30 mismatched input '=' expecting {'(', '{'}
line 165:38 mismatched input '}' expecting {'(', '{'}
line 171:14 mismatched input '\ifExintVar' expecting {MODALITY, FORALL, EXISTS, '\if', '\ifEx', 'true', 'false', '(', '{', '@', NOT, SEQARROW, '-', STRING_LITERAL, CHAR_LITERAL, BIN_LITERAL, HEX_LITERAL, IDENT, INT_LITERAL, FLOAT_LITERAL, DOUBLE_LITERAL, REAL_LITERAL}
line 171:27 extraneous input '(' expecting {'\lemma', '}', IDENT, '/*!'}
line 171:30 mismatched input '=' expecting {'(', '{'}
line 173:38 mismatched input '}' expecting {'(', '{'}
line 179:14 mismatched input '\ifExintVar' expecting {MODALITY, FORALL, EXISTS, '\if', '\ifEx', 'true', 'false', '(', '{', '@', NOT, SEQARROW, '-', STRING_LITERAL, CHAR_LITERAL, BIN_LITERAL, HEX_LITERAL, IDENT, INT_LITERAL, FLOAT_LITERAL, DOUBLE_LITERAL, REAL_LITERAL}
line 179:27 extraneous input '(' expecting {'\lemma', '}', IDENT, '/*!'}
line 179:32 mismatched input '&' expecting {'(', '{'}
line 181:42 mismatched input '}' expecting {'(', '{'}
line 182:39 mismatched input '}' expecting {'(', '{'}
line 188:14 mismatched input '\ifExintVar' expecting {MODALITY, FORALL, EXISTS, '\if', '\ifEx', 'true', 'false', '(', '{', '@', NOT, SEQARROW, '-', STRING_LITERAL, CHAR_LITERAL, BIN_LITERAL, HEX_LITERAL, IDENT, INT_LITERAL, FLOAT_LITERAL, DOUBLE_LITERAL, REAL_LITERAL}
line 188:27 extraneous input '(' expecting {'\lemma', '}', IDENT, '/*!'}
line 188:32 mismatched input '&' expecting {'(', '{'}
line 190:42 mismatched input '}' expecting {'(', '{'}
line 191:39 mismatched input '}' expecting {'(', '{'}
line 198:14 mismatched input '\ifExintVar' expecting {MODALITY, FORALL, EXISTS, '\if', '\ifEx', 'true', 'false', '(', '{', '@', NOT, SEQARROW, '-', STRING_LITERAL, CHAR_LITERAL, BIN_LITERAL, HEX_LITERAL, IDENT, INT_LITERAL, FLOAT_LITERAL, DOUBLE_LITERAL, REAL_LITERAL}
line 198:27 extraneous input '(' expecting {'\lemma', '}', IDENT, '/*!'}
line 198:32 mismatched input '&' expecting {'(', '{'}
line 200:42 mismatched input '}' expecting {'(', '{'}
line 201:39 mismatched input '}' expecting {'(', '{'}
line 208:14 mismatched input '\ifExintVar' expecting {MODALITY, FORALL, EXISTS, '\if', '\ifEx', 'true', 'false', '(', '{', '@', NOT, SEQARROW, '-', STRING_LITERAL, CHAR_LITERAL, BIN_LITERAL, HEX_LITERAL, IDENT, INT_LITERAL, FLOAT_LITERAL, DOUBLE_LITERAL, REAL_LITERAL}
line 208:27 extraneous input '(' expecting {'\lemma', '}', IDENT, '/*!'}
line 208:32 mismatched input '&' expecting {'(', '{'}
line 210:42 mismatched input '}' expecting {'(', '{'}
line 211:39 mismatched input '}' expecting {'(', '{'}
line 218:14 mismatched input '\ifExintVar' expecting {MODALITY, FORALL, EXISTS, '\if', '\ifEx', 'true', 'false', '(', '{', '@', NOT, SEQARROW, '-', STRING_LITERAL, CHAR_LITERAL, BIN_LITERAL, HEX_LITERAL, IDENT, INT_LITERAL, FLOAT_LITERAL, DOUBLE_LITERAL, REAL_LITERAL}
line 218:27 extraneous input '(' expecting {'\lemma', '}', IDENT, '/*!'}
line 218:31 mismatched input ')' expecting {'(', '{'}
line 220:44 mismatched input ')' expecting {'(', '{'}
line 225:14 mismatched input '\ifExintVar' expecting {MODALITY, FORALL, EXISTS, '\if', '\ifEx', 'true', 'false', '(', '{', '@', NOT, SEQARROW, '-', STRING_LITERAL, CHAR_LITERAL, BIN_LITERAL, HEX_LITERAL, IDENT, INT_LITERAL, FLOAT_LITERAL, DOUBLE_LITERAL, REAL_LITERAL}
line 225:27 extraneous input '(' expecting {'\lemma', '}', IDENT, '/*!'}
line 225:31 mismatched input ')' expecting {'(', '{'}
line 227:44 mismatched input ')' expecting {'(', '{'}
line 233:14 mismatched input '\ifExintVar' expecting {MODALITY, FORALL, EXISTS, '\if', '\ifEx', 'true', 'false', '(', '{', '@', NOT, SEQARROW, '-', STRING_LITERAL, CHAR_LITERAL, BIN_LITERAL, HEX_LITERAL, IDENT, INT_LITERAL, FLOAT_LITERAL, DOUBLE_LITERAL, REAL_LITERAL}
line 233:27 extraneous input '(' expecting {'\lemma', '}', IDENT, '/*!'}
line 233:31 mismatched input ')' expecting {'(', '{'}
line 237:42 mismatched input '}' expecting {'(', '{'}
line 238:34 mismatched input '}' expecting {'(', '{'}
line 239:28 extraneous input '(' expecting {'\lemma', '}', IDENT, '/*!'}
line 239:33 mismatched input '->' expecting {'(', '{'}
line 240:8 extraneous input '\replacewith' expecting {'\lemma', '}', IDENT, '/*!'}
line 240:25 mismatched input ')' expecting {'(', '{'}
line 240:56 mismatched input ')' expecting {'(', '{'}
line 245:14 mismatched input '\ifExintVar' expecting {MODALITY, FORALL, EXISTS, '\if', '\ifEx', 'true', 'false', '(', '{', '@', NOT, SEQARROW, '-', STRING_LITERAL, CHAR_LITERAL, BIN_LITERAL, HEX_LITERAL, IDENT, INT_LITERAL, FLOAT_LITERAL, DOUBLE_LITERAL, REAL_LITERAL}
line 245:27 extraneous input '(' expecting {'\lemma', '}', IDENT, '/*!'}
line 245:31 mismatched input ')' expecting {'(', '{'}
line 248:45 mismatched input '}' expecting {'(', '{'}
line 249:8 extraneous input '\replacewith' expecting {'\lemma', '}', IDENT, '/*!'}
line 249:38 mismatched input ')' expecting {'(', '{'}
line 250:42 mismatched input '}' expecting {'(', '{'}
line 251:28 extraneous input '(' expecting {'\lemma', '}', IDENT, '/*!'}
line 251:33 mismatched input '->' expecting {'(', '{'}
line 255:14 mismatched input '\ifExintVar' expecting {MODALITY, FORALL, EXISTS, '\if', '\ifEx', 'true', 'false', '(', '{', '@', NOT, SEQARROW, '-', STRING_LITERAL, CHAR_LITERAL, BIN_LITERAL, HEX_LITERAL, IDENT, INT_LITERAL, FLOAT_LITERAL, DOUBLE_LITERAL, REAL_LITERAL}
line 255:27 extraneous input '(' expecting {'\lemma', '}', IDENT, '/*!'}
line 255:31 mismatched input ')' expecting {'(', '{'}
line 258:52 extraneous input '0' expecting {'\lemma', '}', IDENT, '/*!'}
line 258:54 mismatched input 'then' expecting {<EOF>, '\problem', '\chooseContract', '\proofObligation', '\proof'}

	at de.uka.ilkd.key.control.AbstractUserInterfaceControl.load(AbstractUserInterfaceControl.java:221)
Caused by: de.uka.ilkd.key.proof.init.ProofInputException: line 135:14 mismatched input '\ifExintVar' expecting {MODALITY, FORALL, EXISTS, '\if', '\ifEx', 'true', 'false', '(', '{', '@', NOT, SEQARROW, '-', STRING_LITERAL, CHAR_LITERAL, BIN_LITERAL, HEX_LITERAL, IDENT, INT_LITERAL, FLOAT_LITERAL, DOUBLE_LITERAL, REAL_LITERAL}
line 135:27 extraneous input '(' expecting {'\lemma', '}', IDENT, '/*!'}
line 135:44 mismatched input ')' expecting {'(', '{'}
line 141:14 mismatched input '\ifExintVar' expecting {MODALITY, FORALL, EXISTS, '\if', '\ifEx', 'true', 'false', '(', '{', '@', NOT, SEQARROW, '-', STRING_LITERAL, CHAR_LITERAL, BIN_LITERAL, HEX_LITERAL, IDENT, INT_LITERAL, FLOAT_LITERAL, DOUBLE_LITERAL, REAL_LITERAL}
line 141:27 extraneous input '(' expecting {'\lemma', '}', IDENT, '/*!'}
line 141:41 mismatched input ')' expecting {'(', '{'}
line 148:14 mismatched input '\ifExintVar' expecting {MODALITY, FORALL, EXISTS, '\if', '\ifEx', 'true', 'false', '(', '{', '@', NOT, SEQARROW, '-', STRING_LITERAL, CHAR_LITERAL, BIN_LITERAL, HEX_LITERAL, IDENT, INT_LITERAL, FLOAT_LITERAL, DOUBLE_LITERAL, REAL_LITERAL}
line 148:27 extraneous input '(' expecting {'\lemma', '}', IDENT, '/*!'}
line 148:35 mismatched input '=' expecting {'(', '{'}
line 150:38 mismatched input '}' expecting {'(', '{'}
line 155:14 mismatched input '\ifExintVar' expecting {MODALITY, FORALL, EXISTS, '\if', '\ifEx', 'true', 'false', '(', '{', '@', NOT, SEQARROW, '-', STRING_LITERAL, CHAR_LITERAL, BIN_LITERAL, HEX_LITERAL, IDENT, INT_LITERAL, FLOAT_LITERAL, DOUBLE_LITERAL, REAL_LITERAL}
line 155:27 extraneous input '(' expecting {'\lemma', '}', IDENT, '/*!'}
line 155:35 mismatched input '=' expecting {'(', '{'}
line 157:38 mismatched input '}' expecting {'(', '{'}
line 163:14 mismatched input '\ifExintVar' expecting {MODALITY, FORALL, EXISTS, '\if', '\ifEx', 'true', 'false', '(', '{', '@', NOT, SEQARROW, '-', STRING_LITERAL, CHAR_LITERAL, BIN_LITERAL, HEX_LITERAL, IDENT, INT_LITERAL, FLOAT_LITERAL, DOUBLE_LITERAL, REAL_LITERAL}
line 163:27 extraneous input '(' expecting {'\lemma', '}', IDENT, '/*!'}
line 163:30 mismatched input '=' expecting {'(', '{'}
line 165:38 mismatched input '}' expecting {'(', '{'}
line 171:14 mismatched input '\ifExintVar' expecting {MODALITY, FORALL, EXISTS, '\if', '\ifEx', 'true', 'false', '(', '{', '@', NOT, SEQARROW, '-', STRING_LITERAL, CHAR_LITERAL, BIN_LITERAL, HEX_LITERAL, IDENT, INT_LITERAL, FLOAT_LITERAL, DOUBLE_LITERAL, REAL_LITERAL}
line 171:27 extraneous input '(' expecting {'\lemma', '}', IDENT, '/*!'}
line 171:30 mismatched input '=' expecting {'(', '{'}
line 173:38 mismatched input '}' expecting {'(', '{'}
line 179:14 mismatched input '\ifExintVar' expecting {MODALITY, FORALL, EXISTS, '\if', '\ifEx', 'true', 'false', '(', '{', '@', NOT, SEQARROW, '-', STRING_LITERAL, CHAR_LITERAL, BIN_LITERAL, HEX_LITERAL, IDENT, INT_LITERAL, FLOAT_LITERAL, DOUBLE_LITERAL, REAL_LITERAL}
line 179:27 extraneous input '(' expecting {'\lemma', '}', IDENT, '/*!'}
line 179:32 mismatched input '&' expecting {'(', '{'}
line 181:42 mismatched input '}' expecting {'(', '{'}
line 182:39 mismatched input '}' expecting {'(', '{'}
line 188:14 mismatched input '\ifExintVar' expecting {MODALITY, FORALL, EXISTS, '\if', '\ifEx', 'true', 'false', '(', '{', '@', NOT, SEQARROW, '-', STRING_LITERAL, CHAR_LITERAL, BIN_LITERAL, HEX_LITERAL, IDENT, INT_LITERAL, FLOAT_LITERAL, DOUBLE_LITERAL, REAL_LITERAL}
line 188:27 extraneous input '(' expecting {'\lemma', '}', IDENT, '/*!'}
line 188:32 mismatched input '&' expecting {'(', '{'}
line 190:42 mismatched input '}' expecting {'(', '{'}
line 191:39 mismatched input '}' expecting {'(', '{'}
line 198:14 mismatched input '\ifExintVar' expecting {MODALITY, FORALL, EXISTS, '\if', '\ifEx', 'true', 'false', '(', '{', '@', NOT, SEQARROW, '-', STRING_LITERAL, CHAR_LITERAL, BIN_LITERAL, HEX_LITERAL, IDENT, INT_LITERAL, FLOAT_LITERAL, DOUBLE_LITERAL, REAL_LITERAL}
line 198:27 extraneous input '(' expecting {'\lemma', '}', IDENT, '/*!'}
line 198:32 mismatched input '&' expecting {'(', '{'}
line 200:42 mismatched input '}' expecting {'(', '{'}
line 201:39 mismatched input '}' expecting {'(', '{'}
line 208:14 mismatched input '\ifExintVar' expecting {MODALITY, FORALL, EXISTS, '\if', '\ifEx', 'true', 'false', '(', '{', '@', NOT, SEQARROW, '-', STRING_LITERAL, CHAR_LITERAL, BIN_LITERAL, HEX_LITERAL, IDENT, INT_LITERAL, FLOAT_LITERAL, DOUBLE_LITERAL, REAL_LITERAL}
line 208:27 extraneous input '(' expecting {'\lemma', '}', IDENT, '/*!'}
line 208:32 mismatched input '&' expecting {'(', '{'}
line 210:42 mismatched input '}' expecting {'(', '{'}
line 211:39 mismatched input '}' expecting {'(', '{'}
line 218:14 mismatched input '\ifExintVar' expecting {MODALITY, FORALL, EXISTS, '\if', '\ifEx', 'true', 'false', '(', '{', '@', NOT, SEQARROW, '-', STRING_LITERAL, CHAR_LITERAL, BIN_LITERAL, HEX_LITERAL, IDENT, INT_LITERAL, FLOAT_LITERAL, DOUBLE_LITERAL, REAL_LITERAL}
line 218:27 extraneous input '(' expecting {'\lemma', '}', IDENT, '/*!'}
line 218:31 mismatched input ')' expecting {'(', '{'}
line 220:44 mismatched input ')' expecting {'(', '{'}
line 225:14 mismatched input '\ifExintVar' expecting {MODALITY, FORALL, EXISTS, '\if', '\ifEx', 'true', 'false', '(', '{', '@', NOT, SEQARROW, '-', STRING_LITERAL, CHAR_LITERAL, BIN_LITERAL, HEX_LITERAL, IDENT, INT_LITERAL, FLOAT_LITERAL, DOUBLE_LITERAL, REAL_LITERAL}
line 225:27 extraneous input '(' expecting {'\lemma', '}', IDENT, '/*!'}
line 225:31 mismatched input ')' expecting {'(', '{'}
line 227:44 mismatched input ')' expecting {'(', '{'}
line 233:14 mismatched input '\ifExintVar' expecting {MODALITY, FORALL, EXISTS, '\if', '\ifEx', 'true', 'false', '(', '{', '@', NOT, SEQARROW, '-', STRING_LITERAL, CHAR_LITERAL, BIN_LITERAL, HEX_LITERAL, IDENT, INT_LITERAL, FLOAT_LITERAL, DOUBLE_LITERAL, REAL_LITERAL}
line 233:27 extraneous input '(' expecting {'\lemma', '}', IDENT, '/*!'}
line 233:31 mismatched input ')' expecting {'(', '{'}
line 237:42 mismatched input '}' expecting {'(', '{'}
line 238:34 mismatched input '}' expecting {'(', '{'}
line 239:28 extraneous input '(' expecting {'\lemma', '}', IDENT, '/*!'}
line 239:33 mismatched input '->' expecting {'(', '{'}
line 240:8 extraneous input '\replacewith' expecting {'\lemma', '}', IDENT, '/*!'}
line 240:25 mismatched input ')' expecting {'(', '{'}
line 240:56 mismatched input ')' expecting {'(', '{'}
line 245:14 mismatched input '\ifExintVar' expecting {MODALITY, FORALL, EXISTS, '\if', '\ifEx', 'true', 'false', '(', '{', '@', NOT, SEQARROW, '-', STRING_LITERAL, CHAR_LITERAL, BIN_LITERAL, HEX_LITERAL, IDENT, INT_LITERAL, FLOAT_LITERAL, DOUBLE_LITERAL, REAL_LITERAL}
line 245:27 extraneous input '(' expecting {'\lemma', '}', IDENT, '/*!'}
line 245:31 mismatched input ')' expecting {'(', '{'}
line 248:45 mismatched input '}' expecting {'(', '{'}
line 249:8 extraneous input '\replacewith' expecting {'\lemma', '}', IDENT, '/*!'}
line 249:38 mismatched input ')' expecting {'(', '{'}
line 250:42 mismatched input '}' expecting {'(', '{'}
line 251:28 extraneous input '(' expecting {'\lemma', '}', IDENT, '/*!'}
line 251:33 mismatched input '->' expecting {'(', '{'}
line 255:14 mismatched input '\ifExintVar' expecting {MODALITY, FORALL, EXISTS, '\if', '\ifEx', 'true', 'false', '(', '{', '@', NOT, SEQARROW, '-', STRING_LITERAL, CHAR_LITERAL, BIN_LITERAL, HEX_LITERAL, IDENT, INT_LITERAL, FLOAT_LITERAL, DOUBLE_LITERAL, REAL_LITERAL}
line 255:27 extraneous input '(' expecting {'\lemma', '}', IDENT, '/*!'}
line 255:31 mismatched input ')' expecting {'(', '{'}
line 258:52 extraneous input '0' expecting {'\lemma', '}', IDENT, '/*!'}
line 258:54 mismatched input 'then' expecting {<EOF>, '\problem', '\chooseContract', '\proofObligation', '\proof'}

	at de.uka.ilkd.key.proof.io.KeYFile.readIncludes(KeYFile.java:210)
Caused by: de.uka.ilkd.key.util.parsing.SyntaxErrorReporter$ParserException: line 135:14 mismatched input '\ifExintVar' expecting {MODALITY, FORALL, EXISTS, '\if', '\ifEx', 'true', 'false', '(', '{', '@', NOT, SEQARROW, '-', STRING_LITERAL, CHAR_LITERAL, BIN_LITERAL, HEX_LITERAL, IDENT, INT_LITERAL, FLOAT_LITERAL, DOUBLE_LITERAL, REAL_LITERAL}
line 135:27 extraneous input '(' expecting {'\lemma', '}', IDENT, '/*!'}
line 135:44 mismatched input ')' expecting {'(', '{'}
line 141:14 mismatched input '\ifExintVar' expecting {MODALITY, FORALL, EXISTS, '\if', '\ifEx', 'true', 'false', '(', '{', '@', NOT, SEQARROW, '-', STRING_LITERAL, CHAR_LITERAL, BIN_LITERAL, HEX_LITERAL, IDENT, INT_LITERAL, FLOAT_LITERAL, DOUBLE_LITERAL, REAL_LITERAL}
line 141:27 extraneous input '(' expecting {'\lemma', '}', IDENT, '/*!'}
line 141:41 mismatched input ')' expecting {'(', '{'}
line 148:14 mismatched input '\ifExintVar' expecting {MODALITY, FORALL, EXISTS, '\if', '\ifEx', 'true', 'false', '(', '{', '@', NOT, SEQARROW, '-', STRING_LITERAL, CHAR_LITERAL, BIN_LITERAL, HEX_LITERAL, IDENT, INT_LITERAL, FLOAT_LITERAL, DOUBLE_LITERAL, REAL_LITERAL}
line 148:27 extraneous input '(' expecting {'\lemma', '}', IDENT, '/*!'}
line 148:35 mismatched input '=' expecting {'(', '{'}
line 150:38 mismatched input '}' expecting {'(', '{'}
line 155:14 mismatched input '\ifExintVar' expecting {MODALITY, FORALL, EXISTS, '\if', '\ifEx', 'true', 'false', '(', '{', '@', NOT, SEQARROW, '-', STRING_LITERAL, CHAR_LITERAL, BIN_LITERAL, HEX_LITERAL, IDENT, INT_LITERAL, FLOAT_LITERAL, DOUBLE_LITERAL, REAL_LITERAL}
line 155:27 extraneous input '(' expecting {'\lemma', '}', IDENT, '/*!'}
line 155:35 mismatched input '=' expecting {'(', '{'}
line 157:38 mismatched input '}' expecting {'(', '{'}
line 163:14 mismatched input '\ifExintVar' expecting {MODALITY, FORALL, EXISTS, '\if', '\ifEx', 'true', 'false', '(', '{', '@', NOT, SEQARROW, '-', STRING_LITERAL, CHAR_LITERAL, BIN_LITERAL, HEX_LITERAL, IDENT, INT_LITERAL, FLOAT_LITERAL, DOUBLE_LITERAL, REAL_LITERAL}
line 163:27 extraneous input '(' expecting {'\lemma', '}', IDENT, '/*!'}
line 163:30 mismatched input '=' expecting {'(', '{'}
line 165:38 mismatched input '}' expecting {'(', '{'}
line 171:14 mismatched input '\ifExintVar' expecting {MODALITY, FORALL, EXISTS, '\if', '\ifEx', 'true', 'false', '(', '{', '@', NOT, SEQARROW, '-', STRING_LITERAL, CHAR_LITERAL, BIN_LITERAL, HEX_LITERAL, IDENT, INT_LITERAL, FLOAT_LITERAL, DOUBLE_LITERAL, REAL_LITERAL}
line 171:27 extraneous input '(' expecting {'\lemma', '}', IDENT, '/*!'}
line 171:30 mismatched input '=' expecting {'(', '{'}
line 173:38 mismatched input '}' expecting {'(', '{'}
line 179:14 mismatched input '\ifExintVar' expecting {MODALITY, FORALL, EXISTS, '\if', '\ifEx', 'true', 'false', '(', '{', '@', NOT, SEQARROW, '-', STRING_LITERAL, CHAR_LITERAL, BIN_LITERAL, HEX_LITERAL, IDENT, INT_LITERAL, FLOAT_LITERAL, DOUBLE_LITERAL, REAL_LITERAL}
line 179:27 extraneous input '(' expecting {'\lemma', '}', IDENT, '/*!'}
line 179:32 mismatched input '&' expecting {'(', '{'}
line 181:42 mismatched input '}' expecting {'(', '{'}
line 182:39 mismatched input '}' expecting {'(', '{'}
line 188:14 mismatched input '\ifExintVar' expecting {MODALITY, FORALL, EXISTS, '\if', '\ifEx', 'true', 'false', '(', '{', '@', NOT, SEQARROW, '-', STRING_LITERAL, CHAR_LITERAL, BIN_LITERAL, HEX_LITERAL, IDENT, INT_LITERAL, FLOAT_LITERAL, DOUBLE_LITERAL, REAL_LITERAL}
line 188:27 extraneous input '(' expecting {'\lemma', '}', IDENT, '/*!'}
line 188:32 mismatched input '&' expecting {'(', '{'}
line 190:42 mismatched input '}' expecting {'(', '{'}
line 191:39 mismatched input '}' expecting {'(', '{'}
line 198:14 mismatched input '\ifExintVar' expecting {MODALITY, FORALL, EXISTS, '\if', '\ifEx', 'true', 'false', '(', '{', '@', NOT, SEQARROW, '-', STRING_LITERAL, CHAR_LITERAL, BIN_LITERAL, HEX_LITERAL, IDENT, INT_LITERAL, FLOAT_LITERAL, DOUBLE_LITERAL, REAL_LITERAL}
line 198:27 extraneous input '(' expecting {'\lemma', '}', IDENT, '/*!'}
line 198:32 mismatched input '&' expecting {'(', '{'}
line 200:42 mismatched input '}' expecting {'(', '{'}
line 201:39 mismatched input '}' expecting {'(', '{'}
line 208:14 mismatched input '\ifExintVar' expecting {MODALITY, FORALL, EXISTS, '\if', '\ifEx', 'true', 'false', '(', '{', '@', NOT, SEQARROW, '-', STRING_LITERAL, CHAR_LITERAL, BIN_LITERAL, HEX_LITERAL, IDENT, INT_LITERAL, FLOAT_LITERAL, DOUBLE_LITERAL, REAL_LITERAL}
line 208:27 extraneous input '(' expecting {'\lemma', '}', IDENT, '/*!'}
line 208:32 mismatched input '&' expecting {'(', '{'}
line 210:42 mismatched input '}' expecting {'(', '{'}
line 211:39 mismatched input '}' expecting {'(', '{'}
line 218:14 mismatched input '\ifExintVar' expecting {MODALITY, FORALL, EXISTS, '\if', '\ifEx', 'true', 'false', '(', '{', '@', NOT, SEQARROW, '-', STRING_LITERAL, CHAR_LITERAL, BIN_LITERAL, HEX_LITERAL, IDENT, INT_LITERAL, FLOAT_LITERAL, DOUBLE_LITERAL, REAL_LITERAL}
line 218:27 extraneous input '(' expecting {'\lemma', '}', IDENT, '/*!'}
line 218:31 mismatched input ')' expecting {'(', '{'}
line 220:44 mismatched input ')' expecting {'(', '{'}
line 225:14 mismatched input '\ifExintVar' expecting {MODALITY, FORALL, EXISTS, '\if', '\ifEx', 'true', 'false', '(', '{', '@', NOT, SEQARROW, '-', STRING_LITERAL, CHAR_LITERAL, BIN_LITERAL, HEX_LITERAL, IDENT, INT_LITERAL, FLOAT_LITERAL, DOUBLE_LITERAL, REAL_LITERAL}
line 225:27 extraneous input '(' expecting {'\lemma', '}', IDENT, '/*!'}
line 225:31 mismatched input ')' expecting {'(', '{'}
line 227:44 mismatched input ')' expecting {'(', '{'}
line 233:14 mismatched input '\ifExintVar' expecting {MODALITY, FORALL, EXISTS, '\if', '\ifEx', 'true', 'false', '(', '{', '@', NOT, SEQARROW, '-', STRING_LITERAL, CHAR_LITERAL, BIN_LITERAL, HEX_LITERAL, IDENT, INT_LITERAL, FLOAT_LITERAL, DOUBLE_LITERAL, REAL_LITERAL}
line 233:27 extraneous input '(' expecting {'\lemma', '}', IDENT, '/*!'}
line 233:31 mismatched input ')' expecting {'(', '{'}
line 237:42 mismatched input '}' expecting {'(', '{'}
line 238:34 mismatched input '}' expecting {'(', '{'}
line 239:28 extraneous input '(' expecting {'\lemma', '}', IDENT, '/*!'}
line 239:33 mismatched input '->' expecting {'(', '{'}
line 240:8 extraneous input '\replacewith' expecting {'\lemma', '}', IDENT, '/*!'}
line 240:25 mismatched input ')' expecting {'(', '{'}
line 240:56 mismatched input ')' expecting {'(', '{'}
line 245:14 mismatched input '\ifExintVar' expecting {MODALITY, FORALL, EXISTS, '\if', '\ifEx', 'true', 'false', '(', '{', '@', NOT, SEQARROW, '-', STRING_LITERAL, CHAR_LITERAL, BIN_LITERAL, HEX_LITERAL, IDENT, INT_LITERAL, FLOAT_LITERAL, DOUBLE_LITERAL, REAL_LITERAL}
line 245:27 extraneous input '(' expecting {'\lemma', '}', IDENT, '/*!'}
line 245:31 mismatched input ')' expecting {'(', '{'}
line 248:45 mismatched input '}' expecting {'(', '{'}
line 249:8 extraneous input '\replacewith' expecting {'\lemma', '}', IDENT, '/*!'}
line 249:38 mismatched input ')' expecting {'(', '{'}
line 250:42 mismatched input '}' expecting {'(', '{'}
line 251:28 extraneous input '(' expecting {'\lemma', '}', IDENT, '/*!'}
line 251:33 mismatched input '->' expecting {'(', '{'}
line 255:14 mismatched input '\ifExintVar' expecting {MODALITY, FORALL, EXISTS, '\if', '\ifEx', 'true', 'false', '(', '{', '@', NOT, SEQARROW, '-', STRING_LITERAL, CHAR_LITERAL, BIN_LITERAL, HEX_LITERAL, IDENT, INT_LITERAL, FLOAT_LITERAL, DOUBLE_LITERAL, REAL_LITERAL}
line 255:27 extraneous input '(' expecting {'\lemma', '}', IDENT, '/*!'}
line 255:31 mismatched input ')' expecting {'(', '{'}
line 258:52 extraneous input '0' expecting {'\lemma', '}', IDENT, '/*!'}
line 258:54 mismatched input 'then' expecting {<EOF>, '\problem', '\chooseContract', '\proofObligation', '\proof'}

	at de.uka.ilkd.key.util.parsing.SyntaxErrorReporter.throwException(SyntaxErrorReporter.java:89)

301795     WARN  Test worker     d.u.i.k.n.KeYParser       [syntax-error] file:/home/runner/work/key/key/key.core/build/resources/main/de/uka/ilkd/key/proof/rules/ifThenElseRules.key:135:14: mismatched input '\ifExintVar' expecting {MODALITY, FORALL, EXISTS, '\if', '\ifEx', 'true', 'false', '(', '{', '@', NOT, SEQARROW, '-', STRING_LITERAL, CHAR_LITERAL, BIN_LITERAL, HEX_LITERAL, IDENT, INT_LITERAL, FLOAT_LITERAL, DOUBLE_LITERAL, REAL_LITERAL} [@745,3563:3573='\ifExintVar',<188>,135:14] (termorseq, taclet, rulesOrAxioms, decls, file) 
301796     WARN  Test worker     d.u.i.k.n.KeYParser       [syntax-error] file:/home/runner/work/key/key/key.core/build/resources/main/de/uka/ilkd/key/proof/rules/ifThenElseRules.key:135:27: extraneous input '(' expecting {'\lemma', '}', IDENT, '/*!'} [@748,3576:3576='(',<146>,135:27] (rulesOrAxioms, decls, file) 
301796     WARN  Test worker     d.u.i.k.n.KeYParser       [syntax-error] file:/home/runner/work/key/key/key.core/build/resources/main/de/uka/ilkd/key/proof/rules/ifThenElseRules.key:135:44: mismatched input ')' expecting {'(', '{'} [@754,3593:3593=')',<147>,135:44] (taclet, rulesOrAxioms, decls, file) 
301796     WARN  Test worker     d.u.i.k.n.KeYParser       [syntax-error] file:/home/runner/work/key/key/key.core/build/resources/main/de/uka/ilkd/key/proof/rules/ifThenElseRules.key:141:14: mismatched input '\ifExintVar' expecting {MODALITY, FORALL, EXISTS, '\if', '\ifEx', 'true', 'false', '(', '{', '@', NOT, SEQARROW, '-', STRING_LITERAL, CHAR_LITERAL, BIN_LITERAL, HEX_LITERAL, IDENT, INT_LITERAL, FLOAT_LITERAL, DOUBLE_LITERAL, REAL_LITERAL} [@780,3716:3726='\ifExintVar',<188>,141:14] (termorseq, taclet, rulesOrAxioms, decls, file) 
301796     WARN  Test worker     d.u.i.k.n.KeYParser       [syntax-error] file:/home/runner/work/key/key/key.core/build/resources/main/de/uka/ilkd/key/proof/rules/ifThenElseRules.key:141:27: extraneous input '(' expecting {'\lemma', '}', IDENT, '/*!'} [@783,3729:3729='(',<146>,141:27] (rulesOrAxioms, decls, file) 
301796     WARN  Test worker     d.u.i.k.n.KeYParser       [syntax-error] file:/home/runner/work/key/key/key.core/build/resources/main/de/uka/ilkd/key/proof/rules/ifThenElseRules.key:141:41: mismatched input ')' expecting {'(', '{'} [@789,3743:3743=')',<147>,141:41] (taclet, rulesOrAxioms, decls, file) 
301796     WARN  Test worker     d.u.i.k.n.KeYParser       [syntax-error] file:/home/runner/work/key/key/key.core/build/resources/main/de/uka/ilkd/key/proof/rules/ifThenElseRules.key:148:14: mismatched input '\ifExintVar' expecting {MODALITY, FORALL, EXISTS, '\if', '\ifEx', 'true', 'false', '(', '{', '@', NOT, SEQARROW, '-', STRING_LITERAL, CHAR_LITERAL, BIN_LITERAL, HEX_LITERAL, IDENT, INT_LITERAL, FLOAT_LITERAL, DOUBLE_LITERAL, REAL_LITERAL} [@819,3896:3906='\ifExintVar',<188>,148:14] (termorseq, taclet, rulesOrAxioms, decls, file) 
301797     WARN  Test worker     d.u.i.k.n.KeYParser       [syntax-error] file:/home/runner/work/key/key/key.core/build/resources/main/de/uka/ilkd/key/proof/rules/ifThenElseRules.key:148:27: extraneous input '(' expecting {'\lemma', '}', IDENT, '/*!'} [@822,3909:3909='(',<146>,148:27] (rulesOrAxioms, decls, file) 
301797     WARN  Test worker     d.u.i.k.n.KeYParser       [syntax-error] file:/home/runner/work/key/key/key.core/build/resources/main/de/uka/ilkd/key/proof/rules/ifThenElseRules.key:148:35: mismatched input '=' expecting {'(', '{'} [@825,3917:3917='=',<159>,148:35] (taclet, rulesOrAxioms, decls, file) 
301797     WARN  Test worker     d.u.i.k.n.KeYParser       [syntax-error] file:/home/runner/work/key/key/key.core/build/resources/main/de/uka/ilkd/key/proof/rules/ifThenElseRules.key:150:38: mismatched input '}' expecting {'(', '{'} [@859,4023:4023='}',<149>,150:38] (taclet, rulesOrAxioms, decls, file) 
301797     WARN  Test worker     d.u.i.k.n.KeYParser       [syntax-error] file:/home/runner/work/key/key/key.core/build/resources/main/de/uka/ilkd/key/proof/rules/ifThenElseRules.key:155:14: mismatched input '\ifExintVar' expecting {MODALITY, FORALL, EXISTS, '\if', '\ifEx', 'true', 'false', '(', '{', '@', NOT, SEQARROW, '-', STRING_LITERAL, CHAR_LITERAL, BIN_LITERAL, HEX_LITERAL, IDENT, INT_LITERAL, FLOAT_LITERAL, DOUBLE_LITERAL, REAL_LITERAL} [@877,4109:4119='\ifExintVar',<188>,155:14] (termorseq, taclet, rulesOrAxioms, decls, file) 
301797     WARN  Test worker     d.u.i.k.n.KeYParser       [syntax-error] file:/home/runner/work/key/key/key.core/build/resources/main/de/uka/ilkd/key/proof/rules/ifThenElseRules.key:155:27: extraneous input '(' expecting {'\lemma', '}', IDENT, '/*!'} [@880,4122:4122='(',<146>,155:27] (rulesOrAxioms, decls, file) 
301797     WARN  Test worker     d.u.i.k.n.KeYParser       [syntax-error] file:/home/runner/work/key/key/key.core/build/resources/main/de/uka/ilkd/key/proof/rules/ifThenElseRules.key:155:35: mismatched input '=' expecting {'(', '{'} [@883,4130:4130='=',<159>,155:35] (taclet, rulesOrAxioms, decls, file) 
301797     WARN  Test worker     d.u.i.k.n.KeYParser       [syntax-error] file:/home/runner/work/key/key/key.core/build/resources/main/de/uka/ilkd/key/proof/rules/ifThenElseRules.key:157:38: mismatched input '}' expecting {'(', '{'} [@917,4230:4230='}',<149>,157:38] (taclet, rulesOrAxioms, decls, file) 
301798     WARN  Test worker     d.u.i.k.n.KeYParser       [syntax-error] file:/home/runner/work/key/key/key.core/build/resources/main/de/uka/ilkd/key/proof/rules/ifThenElseRules.key:163:14: mismatched input '\ifExintVar' expecting {MODALITY, FORALL, EXISTS, '\if', '\ifEx', 'true', 'false', '(', '{', '@', NOT, SEQARROW, '-', STRING_LITERAL, CHAR_LITERAL, BIN_LITERAL, HEX_LITERAL, IDENT, INT_LITERAL, FLOAT_LITERAL, DOUBLE_LITERAL, REAL_LITERAL} [@939,4350:4360='\ifExintVar',<188>,163:14] (termorseq, taclet, rulesOrAxioms, decls, file) 
301798     WARN  Test worker     d.u.i.k.n.KeYParser       [syntax-error] file:/home/runner/work/key/key/key.core/build/resources/main/de/uka/ilkd/key/proof/rules/ifThenElseRules.key:163:27: extraneous input '(' expecting {'\lemma', '}', IDENT, '/*!'} [@942,4363:4363='(',<146>,163:27] (rulesOrAxioms, decls, file) 
301798     WARN  Test worker     d.u.i.k.n.KeYParser       [syntax-error] file:/home/runner/work/key/key/key.core/build/resources/main/de/uka/ilkd/key/proof/rules/ifThenElseRules.key:163:30: mismatched input '=' expecting {'(', '{'} [@945,4366:4366='=',<159>,163:30] (taclet, rulesOrAxioms, decls, file) 
301798     WARN  Test worker     d.u.i.k.n.KeYParser       [syntax-error] file:/home/runner/work/key/key/key.core/build/resources/main/de/uka/ilkd/key/proof/rules/ifThenElseRules.key:165:38: mismatched input '}' expecting {'(', '{'} [@979,4477:4477='}',<149>,165:38] (taclet, rulesOrAxioms, decls, file) 
301798     WARN  Test worker     d.u.i.k.n.KeYParser       [syntax-error] file:/home/runner/work/key/key/key.core/build/resources/main/de/uka/ilkd/key/proof/rules/ifThenElseRules.key:171:14: mismatched input '\ifExintVar' expecting {MODALITY, FORALL, EXISTS, '\if', '\ifEx', 'true', 'false', '(', '{', '@', NOT, SEQARROW, '-', STRING_LITERAL, CHAR_LITERAL, BIN_LITERAL, HEX_LITERAL, IDENT, INT_LITERAL, FLOAT_LITERAL, DOUBLE_LITERAL, REAL_LITERAL} [@1001,4604:4614='\ifExintVar',<188>,171:14] (termorseq, taclet, rulesOrAxioms, decls, file) 
301798     WARN  Test worker     d.u.i.k.n.KeYParser       [syntax-error] file:/home/runner/work/key/key/key.core/build/resources/main/de/uka/ilkd/key/proof/rules/ifThenElseRules.key:171:27: extraneous input '(' expecting {'\lemma', '}', IDENT, '/*!'} [@1004,4617:4617='(',<146>,171:27] (rulesOrAxioms, decls, file) 
301798     WARN  Test worker     d.u.i.k.n.KeYParser       [syntax-error] file:/home/runner/work/key/key/key.core/build/resources/main/de/uka/ilkd/key/proof/rules/ifThenElseRules.key:171:30: mismatched input '=' expecting {'(', '{'} [@1007,4620:4620='=',<159>,171:30] (taclet, rulesOrAxioms, decls, file) 
301798     WARN  Test worker     d.u.i.k.n.KeYParser       [syntax-error] file:/home/runner/work/key/key/key.core/build/resources/main/de/uka/ilkd/key/proof/rules/ifThenElseRules.key:173:38: mismatched input '}' expecting {'(', '{'} [@1041,4725:4725='}',<149>,173:38] (taclet, rulesOrAxioms, decls, file) 
301799     WARN  Test worker     d.u.i.k.n.KeYParser       [syntax-error] file:/home/runner/work/key/key/key.core/build/resources/main/de/uka/ilkd/key/proof/rules/ifThenElseRules.key:179:14: mismatched input '\ifExintVar' expecting {MODALITY, FORALL, EXISTS, '\if', '\ifEx', 'true', 'false', '(', '{', '@', NOT, SEQARROW, '-', STRING_LITERAL, CHAR_LITERAL, BIN_LITERAL, HEX_LITERAL, IDENT, INT_LITERAL, FLOAT_LITERAL, DOUBLE_LITERAL, REAL_LITERAL} [@1063,4848:4858='\ifExintVar',<188>,179:14] (termorseq, taclet, rulesOrAxioms, decls, file) 
301799     WARN  Test worker     d.u.i.k.n.KeYParser       [syntax-error] file:/home/runner/work/key/key/key.core/build/resources/main/de/uka/ilkd/key/proof/rules/ifThenElseRules.key:179:27: extraneous input '(' expecting {'\lemma', '}', IDENT, '/*!'} [@1066,4861:4861='(',<146>,179:27] (rulesOrAxioms, decls, file) 
301799     WARN  Test worker     d.u.i.k.n.KeYParser       [syntax-error] file:/home/runner/work/key/key/key.core/build/resources/main/de/uka/ilkd/key/proof/rules/ifThenElseRules.key:179:32: mismatched input '&' expecting {'(', '{'} [@1069,4866:4866='&',<156>,179:32] (taclet, rulesOrAxioms, decls, file) 
301799     WARN  Test worker     d.u.i.k.n.KeYParser       [syntax-error] file:/home/runner/work/key/key/key.core/build/resources/main/de/uka/ilkd/key/proof/rules/ifThenElseRules.key:181:42: mismatched input '}' expecting {'(', '{'} [@1109,4985:4985='}',<149>,181:42] (taclet, rulesOrAxioms, decls, file) 
301799     WARN  Test worker     d.u.i.k.n.KeYParser       [syntax-error] file:/home/runner/work/key/key/key.core/build/resources/main/de/uka/ilkd/key/proof/rules/ifThenElseRules.key:182:39: mismatched input '}' expecting {'(', '{'} [@1122,5030:5030='}',<149>,182:39] (taclet, rulesOrAxioms, decls, file) 
301799     WARN  Test worker     d.u.i.k.n.KeYParser       [syntax-error] file:/home/runner/work/key/key/key.core/build/resources/main/de/uka/ilkd/key/proof/rules/ifThenElseRules.key:188:14: mismatched input '\ifExintVar' expecting {MODALITY, FORALL, EXISTS, '\if', '\ifEx', 'true', 'false', '(', '{', '@', NOT, SEQARROW, '-', STRING_LITERAL, CHAR_LITERAL, BIN_LITERAL, HEX_LITERAL, IDENT, INT_LITERAL, FLOAT_LITERAL, DOUBLE_LITERAL, REAL_LITERAL} [@1146,5149:5159='\ifExintVar',<188>,188:14] (termorseq, taclet, rulesOrAxioms, decls, file) 
301799     WARN  Test worker     d.u.i.k.n.KeYParser       [syntax-error] file:/home/runner/work/key/key/key.core/build/resources/main/de/uka/ilkd/key/proof/rules/ifThenElseRules.key:188:27: extraneous input '(' expecting {'\lemma', '}', IDENT, '/*!'} [@1149,5162:5162='(',<146>,188:27] (rulesOrAxioms, decls, file) 
301799     WARN  Test worker     d.u.i.k.n.KeYParser       [syntax-error] file:/home/runner/work/key/key/key.core/build/resources/main/de/uka/ilkd/key/proof/rules/ifThenElseRules.key:188:32: mismatched input '&' expecting {'(', '{'} [@1152,5167:5167='&',<156>,188:32] (taclet, rulesOrAxioms, decls, file) 
301799     WARN  Test worker     d.u.i.k.n.KeYParser       [syntax-error] file:/home/runner/work/key/key/key.core/build/resources/main/de/uka/ilkd/key/proof/rules/ifThenElseRules.key:190:42: mismatched input '}' expecting {'(', '{'} [@1192,5280:5280='}',<149>,190:42] (taclet, rulesOrAxioms, decls, file) 
301800     WARN  Test worker     d.u.i.k.n.KeYParser       [syntax-error] file:/home/runner/work/key/key/key.core/build/resources/main/de/uka/ilkd/key/proof/rules/ifThenElseRules.key:191:39: mismatched input '}' expecting {'(', '{'} [@1205,5325:5325='}',<149>,191:39] (taclet, rulesOrAxioms, decls, file) 
301800     WARN  Test worker     d.u.i.k.n.KeYParser       [syntax-error] file:/home/runner/work/key/key/key.core/build/resources/main/de/uka/ilkd/key/proof/rules/ifThenElseRules.key:198:14: mismatched input '\ifExintVar' expecting {MODALITY, FORALL, EXISTS, '\if', '\ifEx', 'true', 'false', '(', '{', '@', NOT, SEQARROW, '-', STRING_LITERAL, CHAR_LITERAL, BIN_LITERAL, HEX_LITERAL, IDENT, INT_LITERAL, FLOAT_LITERAL, DOUBLE_LITERAL, REAL_LITERAL} [@1233,5475:5485='\ifExintVar',<188>,198:14] (termorseq, taclet, rulesOrAxioms, decls, file) 
301800     WARN  Test worker     d.u.i.k.n.KeYParser       [syntax-error] file:/home/runner/work/key/key/key.core/build/resources/main/de/uka/ilkd/key/proof/rules/ifThenElseRules.key:198:27: extraneous input '(' expecting {'\lemma', '}', IDENT, '/*!'} [@1236,5488:5488='(',<146>,198:27] (rulesOrAxioms, decls, file) 
301800     WARN  Test worker     d.u.i.k.n.KeYParser       [syntax-error] file:/home/runner/work/key/key/key.core/build/resources/main/de/uka/ilkd/key/proof/rules/ifThenElseRules.key:198:32: mismatched input '&' expecting {'(', '{'} [@1239,5493:5493='&',<156>,198:32] (taclet, rulesOrAxioms, decls, file) 
301800     WARN  Test worker     d.u.i.k.n.KeYParser       [syntax-error] file:/home/runner/work/key/key/key.core/build/resources/main/de/uka/ilkd/key/proof/rules/ifThenElseRules.key:200:42: mismatched input '}' expecting {'(', '{'} [@1279,5612:5612='}',<149>,200:42] (taclet, rulesOrAxioms, decls, file) 
301800     WARN  Test worker     d.u.i.k.n.KeYParser       [syntax-error] file:/home/runner/work/key/key/key.core/build/resources/main/de/uka/ilkd/key/proof/rules/ifThenElseRules.key:201:39: mismatched input '}' expecting {'(', '{'} [@1292,5657:5657='}',<149>,201:39] (taclet, rulesOrAxioms, decls, file) 
301800     WARN  Test worker     d.u.i.k.n.KeYParser       [syntax-error] file:/home/runner/work/key/key/key.core/build/resources/main/de/uka/ilkd/key/proof/rules/ifThenElseRules.key:208:14: mismatched input '\ifExintVar' expecting {MODALITY, FORALL, EXISTS, '\if', '\ifEx', 'true', 'false', '(', '{', '@', NOT, SEQARROW, '-', STRING_LITERAL, CHAR_LITERAL, BIN_LITERAL, HEX_LITERAL, IDENT, INT_LITERAL, FLOAT_LITERAL, DOUBLE_LITERAL, REAL_LITERAL} [@1320,5817:5827='\ifExintVar',<188>,208:14] (termorseq, taclet, rulesOrAxioms, decls, file) 
301800     WARN  Test worker     d.u.i.k.n.KeYParser       [syntax-error] file:/home/runner/work/key/key/key.core/build/resources/main/de/uka/ilkd/key/proof/rules/ifThenElseRules.key:208:27: extraneous input '(' expecting {'\lemma', '}', IDENT, '/*!'} [@1323,5830:5830='(',<146>,208:27] (rulesOrAxioms, decls, file) 
301801     WARN  Test worker     d.u.i.k.n.KeYParser       [syntax-error] file:/home/runner/work/key/key/key.core/build/resources/main/de/uka/ilkd/key/proof/rules/ifThenElseRules.key:208:32: mismatched input '&' expecting {'(', '{'} [@1326,5835:5835='&',<156>,208:32] (taclet, rulesOrAxioms, decls, file) 
301801     WARN  Test worker     d.u.i.k.n.KeYParser       [syntax-error] file:/home/runner/work/key/key/key.core/build/resources/main/de/uka/ilkd/key/proof/rules/ifThenElseRules.key:210:42: mismatched input '}' expecting {'(', '{'} [@1366,5948:5948='}',<149>,210:42] (taclet, rulesOrAxioms, decls, file) 
301801     WARN  Test worker     d.u.i.k.n.KeYParser       [syntax-error] file:/home/runner/work/key/key/key.core/build/resources/main/de/uka/ilkd/key/proof/rules/ifThenElseRules.key:211:39: mismatched input '}' expecting {'(', '{'} [@1379,5993:5993='}',<149>,211:39] (taclet, rulesOrAxioms, decls, file) 
301801     WARN  Test worker     d.u.i.k.n.KeYParser       [syntax-error] file:/home/runner/work/key/key/key.core/build/resources/main/de/uka/ilkd/key/proof/rules/ifThenElseRules.key:218:14: mismatched input '\ifExintVar' expecting {MODALITY, FORALL, EXISTS, '\if', '\ifEx', 'true', 'false', '(', '{', '@', NOT, SEQARROW, '-', STRING_LITERAL, CHAR_LITERAL, BIN_LITERAL, HEX_LITERAL, IDENT, INT_LITERAL, FLOAT_LITERAL, DOUBLE_LITERAL, REAL_LITERAL} [@1407,6146:6156='\ifExintVar',<188>,218:14] (termorseq, taclet, rulesOrAxioms, decls, file) 
301801     WARN  Test worker     d.u.i.k.n.KeYParser       [syntax-error] file:/home/runner/work/key/key/key.core/build/resources/main/de/uka/ilkd/key/proof/rules/ifThenElseRules.key:218:27: extraneous input '(' expecting {'\lemma', '}', IDENT, '/*!'} [@1410,6159:6159='(',<146>,218:27] (rulesOrAxioms, decls, file) 
301801     WARN  Test worker     d.u.i.k.n.KeYParser       [syntax-error] file:/home/runner/work/key/key/key.core/build/resources/main/de/uka/ilkd/key/proof/rules/ifThenElseRules.key:218:31: mismatched input ')' expecting {'(', '{'} [@1412,6163:6163=')',<147>,218:31] (taclet, rulesOrAxioms, decls, file) 
301801     WARN  Test worker     d.u.i.k.n.KeYParser       [syntax-error] file:/home/runner/work/key/key/key.core/build/resources/main/de/uka/ilkd/key/proof/rules/ifThenElseRules.key:220:44: mismatched input ')' expecting {'(', '{'} [@1444,6275:6275=')',<147>,220:44] (taclet, rulesOrAxioms, decls, file) 
301801     WARN  Test worker     d.u.i.k.n.KeYParser       [syntax-error] file:/home/runner/work/key/key/key.core/build/resources/main/de/uka/ilkd/key/proof/rules/ifThenElseRules.key:225:14: mismatched input '\ifExintVar' expecting {MODALITY, FORALL, EXISTS, '\if', '\ifEx', 'true', 'false', '(', '{', '@', NOT, SEQARROW, '-', STRING_LITERAL, CHAR_LITERAL, BIN_LITERAL, HEX_LITERAL, IDENT, INT_LITERAL, FLOAT_LITERAL, DOUBLE_LITERAL, REAL_LITERAL} [@1471,6389:6399='\ifExintVar',<188>,225:14] (termorseq, taclet, rulesOrAxioms, decls, file) 
301802     WARN  Test worker     d.u.i.k.n.KeYParser       [syntax-error] file:/home/runner/work/key/key/key.core/build/resources/main/de/uka/ilkd/key/proof/rules/ifThenElseRules.key:225:27: extraneous input '(' expecting {'\lemma', '}', IDENT, '/*!'} [@1474,6402:6402='(',<146>,225:27] (rulesOrAxioms, decls, file) 
301802     WARN  Test worker     d.u.i.k.n.KeYParser       [syntax-error] file:/home/runner/work/key/key/key.core/build/resources/main/de/uka/ilkd/key/proof/rules/ifThenElseRules.key:225:31: mismatched input ')' expecting {'(', '{'} [@1476,6406:6406=')',<147>,225:31] (taclet, rulesOrAxioms, decls, file) 
301802     WARN  Test worker     d.u.i.k.n.KeYParser       [syntax-error] file:/home/runner/work/key/key/key.core/build/resources/main/de/uka/ilkd/key/proof/rules/ifThenElseRules.key:227:44: mismatched input ')' expecting {'(', '{'} [@1508,6509:6509=')',<147>,227:44] (taclet, rulesOrAxioms, decls, file) 
301802     WARN  Test worker     d.u.i.k.n.KeYParser       [syntax-error] file:/home/runner/work/key/key/key.core/build/resources/main/de/uka/ilkd/key/proof/rules/ifThenElseRules.key:233:14: mismatched input '\ifExintVar' expecting {MODALITY, FORALL, EXISTS, '\if', '\ifEx', 'true', 'false', '(', '{', '@', NOT, SEQARROW, '-', STRING_LITERAL, CHAR_LITERAL, BIN_LITERAL, HEX_LITERAL, IDENT, INT_LITERAL, FLOAT_LITERAL, DOUBLE_LITERAL, REAL_LITERAL} [@1539,6656:6666='\ifExintVar',<188>,233:14] (termorseq, taclet, rulesOrAxioms, decls, file) 
301802     WARN  Test worker     d.u.i.k.n.KeYParser       [syntax-error] file:/home/runner/work/key/key/key.core/build/resources/main/de/uka/ilkd/key/proof/rules/ifThenElseRules.key:233:27: extraneous input '(' expecting {'\lemma', '}', IDENT, '/*!'} [@1542,6669:6669='(',<146>,233:27] (rulesOrAxioms, decls, file) 
301802     WARN  Test worker     d.u.i.k.n.KeYParser       [syntax-error] file:/home/runner/work/key/key/key.core/build/resources/main/de/uka/ilkd/key/proof/rules/ifThenElseRules.key:233:31: mismatched input ')' expecting {'(', '{'} [@1544,6673:6673=')',<147>,233:31] (taclet, rulesOrAxioms, decls, file) 
301802     WARN  Test worker     d.u.i.k.n.KeYParser       [syntax-error] file:/home/runner/work/key/key/key.core/build/resources/main/de/uka/ilkd/key/proof/rules/ifThenElseRules.key:237:42: mismatched input '}' expecting {'(', '{'} [@1586,6850:6850='}',<149>,237:42] (taclet, rulesOrAxioms, decls, file) 
301802     WARN  Test worker     d.u.i.k.n.KeYParser       [syntax-error] file:/home/runner/work/key/key/key.core/build/resources/main/de/uka/ilkd/key/proof/rules/ifThenElseRules.key:238:34: mismatched input '}' expecting {'(', '{'} [@1599,6891:6891='}',<149>,238:34] (taclet, rulesOrAxioms, decls, file) 
301802     WARN  Test worker     d.u.i.k.n.KeYParser       [syntax-error] file:/home/runner/work/key/key/key.core/build/resources/main/de/uka/ilkd/key/proof/rules/ifThenElseRules.key:239:28: extraneous input '(' expecting {'\lemma', '}', IDENT, '/*!'} [@1608,6925:6925='(',<146>,239:28] (rulesOrAxioms, decls, file) 
301803     WARN  Test worker     d.u.i.k.n.KeYParser       [syntax-error] file:/home/runner/work/key/key/key.core/build/resources/main/de/uka/ilkd/key/proof/rules/ifThenElseRules.key:239:33: mismatched input '->' expecting {'(', '{'} [@1611,6930:6931='->',<158>,239:33] (taclet, rulesOrAxioms, decls, file) 
301803     WARN  Test worker     d.u.i.k.n.KeYParser       [syntax-error] file:/home/runner/work/key/key/key.core/build/resources/main/de/uka/ilkd/key/proof/rules/ifThenElseRules.key:240:8: extraneous input '\replacewith' expecting {'\lemma', '}', IDENT, '/*!'} [@1626,6979:6990='\replacewith',<105>,240:8] (rulesOrAxioms, decls, file) 
301803     WARN  Test worker     d.u.i.k.n.KeYParser       [syntax-error] file:/home/runner/work/key/key/key.core/build/resources/main/de/uka/ilkd/key/proof/rules/ifThenElseRules.key:240:25: mismatched input ')' expecting {'(', '{'} [@1629,6996:6996=')',<147>,240:25] (taclet, rulesOrAxioms, decls, file) 
301803     WARN  Test worker     d.u.i.k.n.KeYParser       [syntax-error] file:/home/runner/work/key/key/key.core/build/resources/main/de/uka/ilkd/key/proof/rules/ifThenElseRules.key:240:56: mismatched input ')' expecting {'(', '{'} [@1642,7027:7027=')',<147>,240:56] (taclet, rulesOrAxioms, decls, file) 
301803     WARN  Test worker     d.u.i.k.n.KeYParser       [syntax-error] file:/home/runner/work/key/key/key.core/build/resources/main/de/uka/ilkd/key/proof/rules/ifThenElseRules.key:245:14: mismatched input '\ifExintVar' expecting {MODALITY, FORALL, EXISTS, '\if', '\ifEx', 'true', 'false', '(', '{', '@', NOT, SEQARROW, '-', STRING_LITERAL, CHAR_LITERAL, BIN_LITERAL, HEX_LITERAL, IDENT, INT_LITERAL, FLOAT_LITERAL, DOUBLE_LITERAL, REAL_LITERAL} [@1658,7109:7119='\ifExintVar',<188>,245:14] (termorseq, taclet, rulesOrAxioms, decls, file) 
301803     WARN  Test worker     d.u.i.k.n.KeYParser       [syntax-error] file:/home/runner/work/key/key/key.core/build/resources/main/de/uka/ilkd/key/proof/rules/ifThenElseRules.key:245:27: extraneous input '(' expecting {'\lemma', '}', IDENT, '/*!'} [@1661,7122:7122='(',<146>,245:27] (rulesOrAxioms, decls, file) 
301803     WARN  Test worker     d.u.i.k.n.KeYParser       [syntax-error] file:/home/runner/work/key/key/key.core/build/resources/main/de/uka/ilkd/key/proof/rules/ifThenElseRules.key:245:31: mismatched input ')' expecting {'(', '{'} [@1663,7126:7126=')',<147>,245:31] (taclet, rulesOrAxioms, decls, file) 
301803     WARN  Test worker     d.u.i.k.n.KeYParser       [syntax-error] file:/home/runner/work/key/key/key.core/build/resources/main/de/uka/ilkd/key/proof/rules/ifThenElseRules.key:248:45: mismatched input '}' expecting {'(', '{'} [@1696,7268:7268='}',<149>,248:45] (taclet, rulesOrAxioms, decls, file) 
301804     WARN  Test worker     d.u.i.k.n.KeYParser       [syntax-error] file:/home/runner/work/key/key/key.core/build/resources/main/de/uka/ilkd/key/proof/rules/ifThenElseRules.key:249:8: extraneous input '\replacewith' expecting {'\lemma', '}', IDENT, '/*!'} [@1701,7284:7295='\replacewith',<105>,249:8] (rulesOrAxioms, decls, file) 
301804     WARN  Test worker     d.u.i.k.n.KeYParser       [syntax-error] file:/home/runner/work/key/key/key.core/build/resources/main/de/uka/ilkd/key/proof/rules/ifThenElseRules.key:249:38: mismatched input ')' expecting {'(', '{'} [@1708,7314:7314=')',<147>,249:38] (taclet, rulesOrAxioms, decls, file) 
301804     WARN  Test worker     d.u.i.k.n.KeYParser       [syntax-error] file:/home/runner/work/key/key/key.core/build/resources/main/de/uka/ilkd/key/proof/rules/ifThenElseRules.key:250:42: mismatched input '}' expecting {'(', '{'} [@1731,7381:7381='}',<149>,250:42] (taclet, rulesOrAxioms, decls, file) 
301804     WARN  Test worker     d.u.i.k.n.KeYParser       [syntax-error] file:/home/runner/work/key/key/key.core/build/resources/main/de/uka/ilkd/key/proof/rules/ifThenElseRules.key:251:28: extraneous input '(' expecting {'\lemma', '}', IDENT, '/*!'} [@1741,7416:7416='(',<146>,251:28] (rulesOrAxioms, decls, file) 
301804     WARN  Test worker     d.u.i.k.n.KeYParser       [syntax-error] file:/home/runner/work/key/key/key.core/build/resources/main/de/uka/ilkd/key/proof/rules/ifThenElseRules.key:251:33: mismatched input '->' expecting {'(', '{'} [@1744,7421:7422='->',<158>,251:33] (taclet, rulesOrAxioms, decls, file) 
301804     WARN  Test worker     d.u.i.k.n.KeYParser       [syntax-error] file:/home/runner/work/key/key/key.core/build/resources/main/de/uka/ilkd/key/proof/rules/ifThenElseRules.key:255:14: mismatched input '\ifExintVar' expecting {MODALITY, FORALL, EXISTS, '\if', '\ifEx', 'true', 'false', '(', '{', '@', NOT, SEQARROW, '-', STRING_LITERAL, CHAR_LITERAL, BIN_LITERAL, HEX_LITERAL, IDENT, INT_LITERAL, FLOAT_LITERAL, DOUBLE_LITERAL, REAL_LITERAL} [@1765,7506:7516='\ifExintVar',<188>,255:14] (termorseq, taclet, rulesOrAxioms, decls, file) 
301804     WARN  Test worker     d.u.i.k.n.KeYParser       [syntax-error] file:/home/runner/work/key/key/key.core/build/resources/main/de/uka/ilkd/key/proof/rules/ifThenElseRules.key:255:27: extraneous input '(' expecting {'\lemma', '}', IDENT, '/*!'} [@1768,7519:7519='(',<146>,255:27] (rulesOrAxioms, decls, file) 
301804     WARN  Test worker     d.u.i.k.n.KeYParser       [syntax-error] file:/home/runner/work/key/key/key.core/build/resources/main/de/uka/ilkd/key/proof/rules/ifThenElseRules.key:255:31: mismatched input ')' expecting {'(', '{'} [@1770,7523:7523=')',<147>,255:31] (taclet, rulesOrAxioms, decls, file) 
301804     WARN  Test worker     d.u.i.k.n.KeYParser       [syntax-error] file:/home/runner/work/key/key/key.core/build/resources/main/de/uka/ilkd/key/proof/rules/ifThenElseRules.key:258:52: extraneous input '0' expecting {'\lemma', '}', IDENT, '/*!'} [@1809,7667:7667='0',<184>,258:52] (rulesOrAxioms, decls, file) 
301805     WARN  Test worker     d.u.i.k.n.KeYParser       [syntax-error] file:/home/runner/work/key/key/key.core/build/resources/main/de/uka/ilkd/key/proof/rules/ifThenElseRules.key:258:54: mismatched input 'then' expecting {<EOF>, '\problem', '\chooseContract', '\proofObligation', '\proof'} [@1811,7669:7672='then',<183>,258:54] (file) 
301805     ERROR Test worker     d.u.i.k.s.n.MasterHandlerTest Error reading /home/runner/work/key/key/key.core/build/resources/test/de/uka/ilkd/key/smt/newsmt2/cases/upd2.props de.uka.ilkd.key.proof.io.ProblemLoaderException: line 135:14 mismatched input '\ifExintVar' expecting {MODALITY, FORALL, EXISTS, '\if', '\ifEx', 'true', 'false', '(', '{', '@', NOT, SEQARROW, '-', STRING_LITERAL, CHAR_LITERAL, BIN_LITERAL, HEX_LITERAL, IDENT, INT_LITERAL, FLOAT_LITERAL, DOUBLE_LITERAL, REAL_LITERAL}
line 135:27 extraneous input '(' expecting {'\lemma', '}', IDENT, '/*!'}
line 135:44 mismatched input ')' expecting {'(', '{'}
line 141:14 mismatched input '\ifExintVar' expecting {MODALITY, FORALL, EXISTS, '\if', '\ifEx', 'true', 'false', '(', '{', '@', NOT, SEQARROW, '-', STRING_LITERAL, CHAR_LITERAL, BIN_LITERAL, HEX_LITERAL, IDENT, INT_LITERAL, FLOAT_LITERAL, DOUBLE_LITERAL, REAL_LITERAL}
line 141:27 extraneous input '(' expecting {'\lemma', '}', IDENT, '/*!'}
line 141:41 mismatched input ')' expecting {'(', '{'}
line 148:14 mismatched input '\ifExintVar' expecting {MODALITY, FORALL, EXISTS, '\if', '\ifEx', 'true', 'false', '(', '{', '@', NOT, SEQARROW, '-', STRING_LITERAL, CHAR_LITERAL, BIN_LITERAL, HEX_LITERAL, IDENT, INT_LITERAL, FLOAT_LITERAL, DOUBLE_LITERAL, REAL_LITERAL}
line 148:27 extraneous input '(' expecting {'\lemma', '}', IDENT, '/*!'}
line 148:35 mismatched input '=' expecting {'(', '{'}
line 150:38 mismatched input '}' expecting {'(', '{'}
line 155:14 mismatched input '\ifExintVar' expecting {MODALITY, FORALL, EXISTS, '\if', '\ifEx', 'true', 'false', '(', '{', '@', NOT, SEQARROW, '-', STRING_LITERAL, CHAR_LITERAL, BIN_LITERAL, HEX_LITERAL, IDENT, INT_LITERAL, FLOAT_LITERAL, DOUBLE_LITERAL, REAL_LITERAL}
line 155:27 extraneous input '(' expecting {'\lemma', '}', IDENT, '/*!'}
line 155:35 mismatched input '=' expecting {'(', '{'}
line 157:38 mismatched input '}' expecting {'(', '{'}
line 163:14 mismatched input '\ifExintVar' expecting {MODALITY, FORALL, EXISTS, '\if', '\ifEx', 'true', 'false', '(', '{', '@', NOT, SEQARROW, '-', STRING_LITERAL, CHAR_LITERAL, BIN_LITERAL, HEX_LITERAL, IDENT, INT_LITERAL, FLOAT_LITERAL, DOUBLE_LITERAL, REAL_LITERAL}
line 163:27 extraneous input '(' expecting {'\lemma', '}', IDENT, '/*!'}
line 163:30 mismatched input '=' expecting {'(', '{'}
line 165:38 mismatched input '}' expecting {'(', '{'}
line 171:14 mismatched input '\ifExintVar' expecting {MODALITY, FORALL, EXISTS, '\if', '\ifEx', 'true', 'false', '(', '{', '@', NOT, SEQARROW, '-', STRING_LITERAL, CHAR_LITERAL, BIN_LITERAL, HEX_LITERAL, IDENT, INT_LITERAL, FLOAT_LITERAL, DOUBLE_LITERAL, REAL_LITERAL}
line 171:27 extraneous input '(' expecting {'\lemma', '}', IDENT, '/*!'}
line 171:30 mismatched input '=' expecting {'(', '{'}
line 173:38 mismatched input '}' expecting {'(', '{'}
line 179:14 mismatched input '\ifExintVar' expecting {MODALITY, FORALL, EXISTS, '\if', '\ifEx', 'true', 'false', '(', '{', '@', NOT, SEQARROW, '-', STRING_LITERAL, CHAR_LITERAL, BIN_LITERAL, HEX_LITERAL, IDENT, INT_LITERAL, FLOAT_LITERAL, DOUBLE_LITERAL, REAL_LITERAL}
line 179:27 extraneous input '(' expecting {'\lemma', '}', IDENT, '/*!'}
line 179:32 mismatched input '&' expecting {'(', '{'}
line 181:42 mismatched input '}' expecting {'(', '{'}
line 182:39 mismatched input '}' expecting {'(', '{'}
line 188:14 mismatched input '\ifExintVar' expecting {MODALITY, FORALL, EXISTS, '\if', '\ifEx', 'true', 'false', '(', '{', '@', NOT, SEQARROW, '-', STRING_LITERAL, CHAR_LITERAL, BIN_LITERAL, HEX_LITERAL, IDENT, INT_LITERAL, FLOAT_LITERAL, DOUBLE_LITERAL, REAL_LITERAL}
line 188:27 extraneous input '(' expecting {'\lemma', '}', IDENT, '/*!'}
line 188:32 mismatched input '&' expecting {'(', '{'}
line 190:42 mismatched input '}' expecting {'(', '{'}
line 191:39 mismatched input '}' expecting {'(', '{'}
line 198:14 mismatched input '\ifExintVar' expecting {MODALITY, FORALL, EXISTS, '\if', '\ifEx', 'true', 'false', '(', '{', '@', NOT, SEQARROW, '-', STRING_LITERAL, CHAR_LITERAL, BIN_LITERAL, HEX_LITERAL, IDENT, INT_LITERAL, FLOAT_LITERAL, DOUBLE_LITERAL, REAL_LITERAL}
line 198:27 extraneous input '(' expecting {'\lemma', '}', IDENT, '/*!'}
line 198:32 mismatched input '&' expecting {'(', '{'}
line 200:42 mismatched input '}' expecting {'(', '{'}
line 201:39 mismatched input '}' expecting {'(', '{'}
line 208:14 mismatched input '\ifExintVar' expecting {MODALITY, FORALL, EXISTS, '\if', '\ifEx', 'true', 'false', '(', '{', '@', NOT, SEQARROW, '-', STRING_LITERAL, CHAR_LITERAL, BIN_LITERAL, HEX_LITERAL, IDENT, INT_LITERAL, FLOAT_LITERAL, DOUBLE_LITERAL, REAL_LITERAL}
line 208:27 extraneous input '(' expecting {'\lemma', '}', IDENT, '/*!'}
line 208:32 mismatched input '&' expecting {'(', '{'}
line 210:42 mismatched input '}' expecting {'(', '{'}
line 211:39 mismatched input '}' expecting {'(', '{'}
line 218:14 mismatched input '\ifExintVar' expecting {MODALITY, FORALL, EXISTS, '\if', '\ifEx', 'true', 'false', '(', '{', '@', NOT, SEQARROW, '-', STRING_LITERAL, CHAR_LITERAL, BIN_LITERAL, HEX_LITERAL, IDENT, INT_LITERAL, FLOAT_LITERAL, DOUBLE_LITERAL, REAL_LITERAL}
line 218:27 extraneous input '(' expecting {'\lemma', '}', IDENT, '/*!'}
line 218:31 mismatched input ')' expecting {'(', '{'}
line 220:44 mismatched input ')' expecting {'(', '{'}
line 225:14 mismatched input '\ifExintVar' expecting {MODALITY, FORALL, EXISTS, '\if', '\ifEx', 'true', 'false', '(', '{', '@', NOT, SEQARROW, '-', STRING_LITERAL, CHAR_LITERAL, BIN_LITERAL, HEX_LITERAL, IDENT, INT_LITERAL, FLOAT_LITERAL, DOUBLE_LITERAL, REAL_LITERAL}
line 225:27 extraneous input '(' expecting {'\lemma', '}', IDENT, '/*!'}
line 225:31 mismatched input ')' expecting {'(', '{'}
line 227:44 mismatched input ')' expecting {'(', '{'}
line 233:14 mismatched input '\ifExintVar' expecting {MODALITY, FORALL, EXISTS, '\if', '\ifEx', 'true', 'false', '(', '{', '@', NOT, SEQARROW, '-', STRING_LITERAL, CHAR_LITERAL, BIN_LITERAL, HEX_LITERAL, IDENT, INT_LITERAL, FLOAT_LITERAL, DOUBLE_LITERAL, REAL_LITERAL}
line 233:27 extraneous input '(' expecting {'\lemma', '}', IDENT, '/*!'}
line 233:31 mismatched input ')' expecting {'(', '{'}
line 237:42 mismatched input '}' expecting {'(', '{'}
line 238:34 mismatched input '}' expecting {'(', '{'}
line 239:28 extraneous input '(' expecting {'\lemma', '}', IDENT, '/*!'}
line 239:33 mismatched input '->' expecting {'(', '{'}
line 240:8 extraneous input '\replacewith' expecting {'\lemma', '}', IDENT, '/*!'}
line 240:25 mismatched input ')' expecting {'(', '{'}
line 240:56 mismatched input ')' expecting {'(', '{'}
line 245:14 mismatched input '\ifExintVar' expecting {MODALITY, FORALL, EXISTS, '\if', '\ifEx', 'true', 'false', '(', '{', '@', NOT, SEQARROW, '-', STRING_LITERAL, CHAR_LITERAL, BIN_LITERAL, HEX_LITERAL, IDENT, INT_LITERAL, FLOAT_LITERAL, DOUBLE_LITERAL, REAL_LITERAL}
line 245:27 extraneous input '(' expecting {'\lemma', '}', IDENT, '/*!'}
line 245:31 mismatched input ')' expecting {'(', '{'}
line 248:45 mismatched input '}' expecting {'(', '{'}
line 249:8 extraneous input '\replacewith' expecting {'\lemma', '}', IDENT, '/*!'}
line 249:38 mismatched input ')' expecting {'(', '{'}
line 250:42 mismatched input '}' expecting {'(', '{'}
line 251:28 extraneous input '(' expecting {'\lemma', '}', IDENT, '/*!'}
line 251:33 mismatched input '->' expecting {'(', '{'}
line 255:14 mismatched input '\ifExintVar' expecting {MODALITY, FORALL, EXISTS, '\if', '\ifEx', 'true', 'false', '(', '{', '@', NOT, SEQARROW, '-', STRING_LITERAL, CHAR_LITERAL, BIN_LITERAL, HEX_LITERAL, IDENT, INT_LITERAL, FLOAT_LITERAL, DOUBLE_LITERAL, REAL_LITERAL}
line 255:27 extraneous input '(' expecting {'\lemma', '}', IDENT, '/*!'}
line 255:31 mismatched input ')' expecting {'(', '{'}
line 258:52 extraneous input '0' expecting {'\lemma', '}', IDENT, '/*!'}
line 258:54 mismatched input 'then' expecting {<EOF>, '\problem', '\chooseContract', '\proofObligation', '\proof'}

	at de.uka.ilkd.key.control.AbstractUserInterfaceControl.load(AbstractUserInterfaceControl.java:221)
Caused by: de.uka.ilkd.key.proof.init.ProofInputException: line 135:14 mismatched input '\ifExintVar' expecting {MODALITY, FORALL, EXISTS, '\if', '\ifEx', 'true', 'false', '(', '{', '@', NOT, SEQARROW, '-', STRING_LITERAL, CHAR_LITERAL, BIN_LITERAL, HEX_LITERAL, IDENT, INT_LITERAL, FLOAT_LITERAL, DOUBLE_LITERAL, REAL_LITERAL}
line 135:27 extraneous input '(' expecting {'\lemma', '}', IDENT, '/*!'}
line 135:44 mismatched input ')' expecting {'(', '{'}
line 141:14 mismatched input '\ifExintVar' expecting {MODALITY, FORALL, EXISTS, '\if', '\ifEx', 'true', 'false', '(', '{', '@', NOT, SEQARROW, '-', STRING_LITERAL, CHAR_LITERAL, BIN_LITERAL, HEX_LITERAL, IDENT, INT_LITERAL, FLOAT_LITERAL, DOUBLE_LITERAL, REAL_LITERAL}
line 141:27 extraneous input '(' expecting {'\lemma', '}', IDENT, '/*!'}
line 141:41 mismatched input ')' expecting {'(', '{'}
line 148:14 mismatched input '\ifExintVar' expecting {MODALITY, FORALL, EXISTS, '\if', '\ifEx', 'true', 'false', '(', '{', '@', NOT, SEQARROW, '-', STRING_LITERAL, CHAR_LITERAL, BIN_LITERAL, HEX_LITERAL, IDENT, INT_LITERAL, FLOAT_LITERAL, DOUBLE_LITERAL, REAL_LITERAL}
line 148:27 extraneous input '(' expecting {'\lemma', '}', IDENT, '/*!'}
line 148:35 mismatched input '=' expecting {'(', '{'}
line 150:38 mismatched input '}' expecting {'(', '{'}
line 155:14 mismatched input '\ifExintVar' expecting {MODALITY, FORALL, EXISTS, '\if', '\ifEx', 'true', 'false', '(', '{', '@', NOT, SEQARROW, '-', STRING_LITERAL, CHAR_LITERAL, BIN_LITERAL, HEX_LITERAL, IDENT, INT_LITERAL, FLOAT_LITERAL, DOUBLE_LITERAL, REAL_LITERAL}
line 155:27 extraneous input '(' expecting {'\lemma', '}', IDENT, '/*!'}
line 155:35 mismatched input '=' expecting {'(', '{'}
line 157:38 mismatched input '}' expecting {'(', '{'}
line 163:14 mismatched input '\ifExintVar' expecting {MODALITY, FORALL, EXISTS, '\if', '\ifEx', 'true', 'false', '(', '{', '@', NOT, SEQARROW, '-', STRING_LITERAL, CHAR_LITERAL, BIN_LITERAL, HEX_LITERAL, IDENT, INT_LITERAL, FLOAT_LITERAL, DOUBLE_LITERAL, REAL_LITERAL}
line 163:27 extraneous input '(' expecting {'\lemma', '}', IDENT, '/*!'}
line 163:30 mismatched input '=' expecting {'(', '{'}
line 165:38 mismatched input '}' expecting {'(', '{'}
line 171:14 mismatched input '\ifExintVar' expecting {MODALITY, FORALL, EXISTS, '\if', '\ifEx', 'true', 'false', '(', '{', '@', NOT, SEQARROW, '-', STRING_LITERAL, CHAR_LITERAL, BIN_LITERAL, HEX_LITERAL, IDENT, INT_LITERAL, FLOAT_LITERAL, DOUBLE_LITERAL, REAL_LITERAL}
line 171:27 extraneous input '(' expecting {'\lemma', '}', IDENT, '/*!'}
line 171:30 mismatched input '=' expecting {'(', '{'}
line 173:38 mismatched input '}' expecting {'(', '{'}
line 179:14 mismatched input '\ifExintVar' expecting {MODALITY, FORALL, EXISTS, '\if', '\ifEx', 'true', 'false', '(', '{', '@', NOT, SEQARROW, '-', STRING_LITERAL, CHAR_LITERAL, BIN_LITERAL, HEX_LITERAL, IDENT, INT_LITERAL, FLOAT_LITERAL, DOUBLE_LITERAL, REAL_LITERAL}
line 179:27 extraneous input '(' expecting {'\lemma', '}', IDENT, '/*!'}
line 179:32 mismatched input '&' expecting {'(', '{'}
line 181:42 mismatched input '}' expecting {'(', '{'}
line 182:39 mismatched input '}' expecting {'(', '{'}
line 188:14 mismatched input '\ifExintVar' expecting {MODALITY, FORALL, EXISTS, '\if', '\ifEx', 'true', 'false', '(', '{', '@', NOT, SEQARROW, '-', STRING_LITERAL, CHAR_LITERAL, BIN_LITERAL, HEX_LITERAL, IDENT, INT_LITERAL, FLOAT_LITERAL, DOUBLE_LITERAL, REAL_LITERAL}
line 188:27 extraneous input '(' expecting {'\lemma', '}', IDENT, '/*!'}
line 188:32 mismatched input '&' expecting {'(', '{'}
line 190:42 mismatched input '}' expecting {'(', '{'}
line 191:39 mismatched input '}' expecting {'(', '{'}
line 198:14 mismatched input '\ifExintVar' expecting {MODALITY, FORALL, EXISTS, '\if', '\ifEx', 'true', 'false', '(', '{', '@', NOT, SEQARROW, '-', STRING_LITERAL, CHAR_LITERAL, BIN_LITERAL, HEX_LITERAL, IDENT, INT_LITERAL, FLOAT_LITERAL, DOUBLE_LITERAL, REAL_LITERAL}
line 198:27 extraneous input '(' expecting {'\lemma', '}', IDENT, '/*!'}
line 198:32 mismatched input '&' expecting {'(', '{'}
line 200:42 mismatched input '}' expecting {'(', '{'}
line 201:39 mismatched input '}' expecting {'(', '{'}
line 208:14 mismatched input '\ifExintVar' expecting {MODALITY, FORALL, EXISTS, '\if', '\ifEx', 'true', 'false', '(', '{', '@', NOT, SEQARROW, '-', STRING_LITERAL, CHAR_LITERAL, BIN_LITERAL, HEX_LITERAL, IDENT, INT_LITERAL, FLOAT_LITERAL, DOUBLE_LITERAL, REAL_LITERAL}
line 208:27 extraneous input '(' expecting {'\lemma', '}', IDENT, '/*!'}
line 208:32 mismatched input '&' expecting {'(', '{'}
line 210:42 mismatched input '}' expecting {'(', '{'}
line 211:39 mismatched input '}' expecting {'(', '{'}
line 218:14 mismatched input '\ifExintVar' expecting {MODALITY, FORALL, EXISTS, '\if', '\ifEx', 'true', 'false', '(', '{', '@', NOT, SEQARROW, '-', STRING_LITERAL, CHAR_LITERAL, BIN_LITERAL, HEX_LITERAL, IDENT, INT_LITERAL, FLOAT_LITERAL, DOUBLE_LITERAL, REAL_LITERAL}
line 218:27 extraneous input '(' expecting {'\lemma', '}', IDENT, '/*!'}
line 218:31 mismatched input ')' expecting {'(', '{'}
line 220:44 mismatched input ')' expecting {'(', '{'}
line 225:14 mismatched input '\ifExintVar' expecting {MODALITY, FORALL, EXISTS, '\if', '\ifEx', 'true', 'false', '(', '{', '@', NOT, SEQARROW, '-', STRING_LITERAL, CHAR_LITERAL, BIN_LITERAL, HEX_LITERAL, IDENT, INT_LITERAL, FLOAT_LITERAL, DOUBLE_LITERAL, REAL_LITERAL}
line 225:27 extraneous input '(' expecting {'\lemma', '}', IDENT, '/*!'}
line 225:31 mismatched input ')' expecting {'(', '{'}
line 227:44 mismatched input ')' expecting {'(', '{'}
line 233:14 mismatched input '\ifExintVar' expecting {MODALITY, FORALL, EXISTS, '\if', '\ifEx', 'true', 'false', '(', '{', '@', NOT, SEQARROW, '-', STRING_LITERAL, CHAR_LITERAL, BIN_LITERAL, HEX_LITERAL, IDENT, INT_LITERAL, FLOAT_LITERAL, DOUBLE_LITERAL, REAL_LITERAL}
line 233:27 extraneous input '(' expecting {'\lemma', '}', IDENT, '/*!'}
line 233:31 mismatched input ')' expecting {'(', '{'}
line 237:42 mismatched input '}' expecting {'(', '{'}
line 238:34 mismatched input '}' expecting {'(', '{'}
line 239:28 extraneous input '(' expecting {'\lemma', '}', IDENT, '/*!'}
line 239:33 mismatched input '->' expecting {'(', '{'}
line 240:8 extraneous input '\replacewith' expecting {'\lemma', '}', IDENT, '/*!'}
line 240:25 mismatched input ')' expecting {'(', '{'}
line 240:56 mismatched input ')' expecting {'(', '{'}
line 245:14 mismatched input '\ifExintVar' expecting {MODALITY, FORALL, EXISTS, '\if', '\ifEx', 'true', 'false', '(', '{', '@', NOT, SEQARROW, '-', STRING_LITERAL, CHAR_LITERAL, BIN_LITERAL, HEX_LITERAL, IDENT, INT_LITERAL, FLOAT_LITERAL, DOUBLE_LITERAL, REAL_LITERAL}
line 245:27 extraneous input '(' expecting {'\lemma', '}', IDENT, '/*!'}
line 245:31 mismatched input ')' expecting {'(', '{'}
line 248:45 mismatched input '}' expecting {'(', '{'}
line 249:8 extraneous input '\replacewith' expecting {'\lemma', '}', IDENT, '/*!'}
line 249:38 mismatched input ')' expecting {'(', '{'}
line 250:42 mismatched input '}' expecting {'(', '{'}
line 251:28 extraneous input '(' expecting {'\lemma', '}', IDENT, '/*!'}
line 251:33 mismatched input '->' expecting {'(', '{'}
line 255:14 mismatched input '\ifExintVar' expecting {MODALITY, FORALL, EXISTS, '\if', '\ifEx', 'true', 'false', '(', '{', '@', NOT, SEQARROW, '-', STRING_LITERAL, CHAR_LITERAL, BIN_LITERAL, HEX_LITERAL, IDENT, INT_LITERAL, FLOAT_LITERAL, DOUBLE_LITERAL, REAL_LITERAL}
line 255:27 extraneous input '(' expecting {'\lemma', '}', IDENT, '/*!'}
line 255:31 mismatched input ')' expecting {'(', '{'}
line 258:52 extraneous input '0' expecting {'\lemma', '}', IDENT, '/*!'}
line 258:54 mismatched input 'then' expecting {<EOF>, '\problem', '\chooseContract', '\proofObligation', '\proof'}

	at de.uka.ilkd.key.proof.io.KeYFile.readIncludes(KeYFile.java:210)
Caused by: de.uka.ilkd.key.util.parsing.SyntaxErrorReporter$ParserException: line 135:14 mismatched input '\ifExintVar' expecting {MODALITY, FORALL, EXISTS, '\if', '\ifEx', 'true', 'false', '(', '{', '@', NOT, SEQARROW, '-', STRING_LITERAL, CHAR_LITERAL, BIN_LITERAL, HEX_LITERAL, IDENT, INT_LITERAL, FLOAT_LITERAL, DOUBLE_LITERAL, REAL_LITERAL}
line 135:27 extraneous input '(' expecting {'\lemma', '}', IDENT, '/*!'}
line 135:44 mismatched input ')' expecting {'(', '{'}
line 141:14 mismatched input '\ifExintVar' expecting {MODALITY, FORALL, EXISTS, '\if', '\ifEx', 'true', 'false', '(', '{', '@', NOT, SEQARROW, '-', STRING_LITERAL, CHAR_LITERAL, BIN_LITERAL, HEX_LITERAL, IDENT, INT_LITERAL, FLOAT_LITERAL, DOUBLE_LITERAL, REAL_LITERAL}
line 141:27 extraneous input '(' expecting {'\lemma', '}', IDENT, '/*!'}
line 141:41 mismatched input ')' expecting {'(', '{'}
line 148:14 mismatched input '\ifExintVar' expecting {MODALITY, FORALL, EXISTS, '\if', '\ifEx', 'true', 'false', '(', '{', '@', NOT, SEQARROW, '-', STRING_LITERAL, CHAR_LITERAL, BIN_LITERAL, HEX_LITERAL, IDENT, INT_LITERAL, FLOAT_LITERAL, DOUBLE_LITERAL, REAL_LITERAL}
line 148:27 extraneous input '(' expecting {'\lemma', '}', IDENT, '/*!'}
line 148:35 mismatched input '=' expecting {'(', '{'}
line 150:38 mismatched input '}' expecting {'(', '{'}
line 155:14 mismatched input '\ifExintVar' expecting {MODALITY, FORALL, EXISTS, '\if', '\ifEx', 'true', 'false', '(', '{', '@', NOT, SEQARROW, '-', STRING_LITERAL, CHAR_LITERAL, BIN_LITERAL, HEX_LITERAL, IDENT, INT_LITERAL, FLOAT_LITERAL, DOUBLE_LITERAL, REAL_LITERAL}
line 155:27 extraneous input '(' expecting {'\lemma', '}', IDENT, '/*!'}
line 155:35 mismatched input '=' expecting {'(', '{'}
line 157:38 mismatched input '}' expecting {'(', '{'}
line 163:14 mismatched input '\ifExintVar' expecting {MODALITY, FORALL, EXISTS, '\if', '\ifEx', 'true', 'false', '(', '{', '@', NOT, SEQARROW, '-', STRING_LITERAL, CHAR_LITERAL, BIN_LITERAL, HEX_LITERAL, IDENT, INT_LITERAL, FLOAT_LITERAL, DOUBLE_LITERAL, REAL_LITERAL}
line 163:27 extraneous input '(' expecting {'\lemma', '}', IDENT, '/*!'}
line 163:30 mismatched input '=' expecting {'(', '{'}
line 165:38 mismatched input '}' expecting {'(', '{'}
line 171:14 mismatched input '\ifExintVar' expecting {MODALITY, FORALL, EXISTS, '\if', '\ifEx', 'true', 'false', '(', '{', '@', NOT, SEQARROW, '-', STRING_LITERAL, CHAR_LITERAL, BIN_LITERAL, HEX_LITERAL, IDENT, INT_LITERAL, FLOAT_LITERAL, DOUBLE_LITERAL, REAL_LITERAL}
line 171:27 extraneous input '(' expecting {'\lemma', '}', IDENT, '/*!'}
line 171:30 mismatched input '=' expecting {'(', '{'}
line 173:38 mismatched input '}' expecting {'(', '{'}
line 179:14 mismatched input '\ifExintVar' expecting {MODALITY, FORALL, EXISTS, '\if', '\ifEx', 'true', 'false', '(', '{', '@', NOT, SEQARROW, '-', STRING_LITERAL, CHAR_LITERAL, BIN_LITERAL, HEX_LITERAL, IDENT, INT_LITERAL, FLOAT_LITERAL, DOUBLE_LITERAL, REAL_LITERAL}
line 179:27 extraneous input '(' expecting {'\lemma', '}', IDENT, '/*!'}
line 179:32 mismatched input '&' expecting {'(', '{'}
line 181:42 mismatched input '}' expecting {'(', '{'}
line 182:39 mismatched input '}' expecting {'(', '{'}
line 188:14 mismatched input '\ifExintVar' expecting {MODALITY, FORALL, EXISTS, '\if', '\ifEx', 'true', 'false', '(', '{', '@', NOT, SEQARROW, '-', STRING_LITERAL, CHAR_LITERAL, BIN_LITERAL, HEX_LITERAL, IDENT, INT_LITERAL, FLOAT_LITERAL, DOUBLE_LITERAL, REAL_LITERAL}
line 188:27 extraneous input '(' expecting {'\lemma', '}', IDENT, '/*!'}
line 188:32 mismatched input '&' expecting {'(', '{'}
line 190:42 mismatched input '}' expecting {'(', '{'}
line 191:39 mismatched input '}' expecting {'(', '{'}
line 198:14 mismatched input '\ifExintVar' expecting {MODALITY, FORALL, EXISTS, '\if', '\ifEx', 'true', 'false', '(', '{', '@', NOT, SEQARROW, '-', STRING_LITERAL, CHAR_LITERAL, BIN_LITERAL, HEX_LITERAL, IDENT, INT_LITERAL, FLOAT_LITERAL, DOUBLE_LITERAL, REAL_LITERAL}
line 198:27 extraneous input '(' expecting {'\lemma', '}', IDENT, '/*!'}
line 198:32 mismatched input '&' expecting {'(', '{'}
line 200:42 mismatched input '}' expecting {'(', '{'}
line 201:39 mismatched input '}' expecting {'(', '{'}
line 208:14 mismatched input '\ifExintVar' expecting {MODALITY, FORALL, EXISTS, '\if', '\ifEx', 'true', 'false', '(', '{', '@', NOT, SEQARROW, '-', STRING_LITERAL, CHAR_LITERAL, BIN_LITERAL, HEX_LITERAL, IDENT, INT_LITERAL, FLOAT_LITERAL, DOUBLE_LITERAL, REAL_LITERAL}
line 208:27 extraneous input '(' expecting {'\lemma', '}', IDENT, '/*!'}
line 208:32 mismatched input '&' expecting {'(', '{'}
line 210:42 mismatched input '}' expecting {'(', '{'}
line 211:39 mismatched input '}' expecting {'(', '{'}
line 218:14 mismatched input '\ifExintVar' expecting {MODALITY, FORALL, EXISTS, '\if', '\ifEx', 'true', 'false', '(', '{', '@', NOT, SEQARROW, '-', STRING_LITERAL, CHAR_LITERAL, BIN_LITERAL, HEX_LITERAL, IDENT, INT_LITERAL, FLOAT_LITERAL, DOUBLE_LITERAL, REAL_LITERAL}
line 218:27 extraneous input '(' expecting {'\lemma', '}', IDENT, '/*!'}
line 218:31 mismatched input ')' expecting {'(', '{'}
line 220:44 mismatched input ')' expecting {'(', '{'}
line 225:14 mismatched input '\ifExintVar' expecting {MODALITY, FORALL, EXISTS, '\if', '\ifEx', 'true', 'false', '(', '{', '@', NOT, SEQARROW, '-', STRING_LITERAL, CHAR_LITERAL, BIN_LITERAL, HEX_LITERAL, IDENT, INT_LITERAL, FLOAT_LITERAL, DOUBLE_LITERAL, REAL_LITERAL}
line 225:27 extraneous input '(' expecting {'\lemma', '}', IDENT, '/*!'}
line 225:31 mismatched input ')' expecting {'(', '{'}
line 227:44 mismatched input ')' expecting {'(', '{'}
line 233:14 mismatched input '\ifExintVar' expecting {MODALITY, FORALL, EXISTS, '\if', '\ifEx', 'true', 'false', '(', '{', '@', NOT, SEQARROW, '-', STRING_LITERAL, CHAR_LITERAL, BIN_LITERAL, HEX_LITERAL, IDENT, INT_LITERAL, FLOAT_LITERAL, DOUBLE_LITERAL, REAL_LITERAL}
line 233:27 extraneous input '(' expecting {'\lemma', '}', IDENT, '/*!'}
line 233:31 mismatched input ')' expecting {'(', '{'}
line 237:42 mismatched input '}' expecting {'(', '{'}
line 238:34 mismatched input '}' expecting {'(', '{'}
line 239:28 extraneous input '(' expecting {'\lemma', '}', IDENT, '/*!'}
line 239:33 mismatched input '->' expecting {'(', '{'}
line 240:8 extraneous input '\replacewith' expecting {'\lemma', '}', IDENT, '/*!'}
line 240:25 mismatched input ')' expecting {'(', '{'}
line 240:56 mismatched input ')' expecting {'(', '{'}
line 245:14 mismatched input '\ifExintVar' expecting {MODALITY, FORALL, EXISTS, '\if', '\ifEx', 'true', 'false', '(', '{', '@', NOT, SEQARROW, '-', STRING_LITERAL, CHAR_LITERAL, BIN_LITERAL, HEX_LITERAL, IDENT, INT_LITERAL, FLOAT_LITERAL, DOUBLE_LITERAL, REAL_LITERAL}
line 245:27 extraneous input '(' expecting {'\lemma', '}', IDENT, '/*!'}
line 245:31 mismatched input ')' expecting {'(', '{'}
line 248:45 mismatched input '}' expecting {'(', '{'}
line 249:8 extraneous input '\replacewith' expecting {'\lemma', '}', IDENT, '/*!'}
line 249:38 mismatched input ')' expecting {'(', '{'}
line 250:42 mismatched input '}' expecting {'(', '{'}
line 251:28 extraneous input '(' expecting {'\lemma', '}', IDENT, '/*!'}
line 251:33 mismatched input '->' expecting {'(', '{'}
line 255:14 mismatched input '\ifExintVar' expecting {MODALITY, FORALL, EXISTS, '\if', '\ifEx', 'true', 'false', '(', '{', '@', NOT, SEQARROW, '-', STRING_LITERAL, CHAR_LITERAL, BIN_LITERAL, HEX_LITERAL, IDENT, INT_LITERAL, FLOAT_LITERAL, DOUBLE_LITERAL, REAL_LITERAL}
line 255:27 extraneous input '(' expecting {'\lemma', '}', IDENT, '/*!'}
line 255:31 mismatched input ')' expecting {'(', '{'}
line 258:52 extraneous input '0' expecting {'\lemma', '}', IDENT, '/*!'}
line 258:54 mismatched input 'then' expecting {<EOF>, '\problem', '\chooseContract', '\proofObligation', '\proof'}

	at de.uka.ilkd.key.util.parsing.SyntaxErrorReporter.throwException(SyntaxErrorReporter.java:89)

301858     WARN  Test worker     d.u.i.k.n.KeYParser       [syntax-error] file:/home/runner/work/key/key/key.core/build/resources/main/de/uka/ilkd/key/proof/rules/ifThenElseRules.key:135:14: mismatched input '\ifExintVar' expecting {MODALITY, FORALL, EXISTS, '\if', '\ifEx', 'true', 'false', '(', '{', '@', NOT, SEQARROW, '-', STRING_LITERAL, CHAR_LITERAL, BIN_LITERAL, HEX_LITERAL, IDENT, INT_LITERAL, FLOAT_LITERAL, DOUBLE_LITERAL, REAL_LITERAL} [@745,3563:3573='\ifExintVar',<188>,135:14] (termorseq, taclet, rulesOrAxioms, decls, file) 
301858     WARN  Test worker     d.u.i.k.n.KeYParser       [syntax-error] file:/home/runner/work/key/key/key.core/build/resources/main/de/uka/ilkd/key/proof/rules/ifThenElseRules.key:135:27: extraneous input '(' expecting {'\lemma', '}', IDENT, '/*!'} [@748,3576:3576='(',<146>,135:27] (rulesOrAxioms, decls, file) 
301859     WARN  Test worker     d.u.i.k.n.KeYParser       [syntax-error] file:/home/runner/work/key/key/key.core/build/resources/main/de/uka/ilkd/key/proof/rules/ifThenElseRules.key:135:44: mismatched input ')' expecting {'(', '{'} [@754,3593:3593=')',<147>,135:44] (taclet, rulesOrAxioms, decls, file) 
301859     WARN  Test worker     d.u.i.k.n.KeYParser       [syntax-error] file:/home/runner/work/key/key/key.core/build/resources/main/de/uka/ilkd/key/proof/rules/ifThenElseRules.key:141:14: mismatched input '\ifExintVar' expecting {MODALITY, FORALL, EXISTS, '\if', '\ifEx', 'true', 'false', '(', '{', '@', NOT, SEQARROW, '-', STRING_LITERAL, CHAR_LITERAL, BIN_LITERAL, HEX_LITERAL, IDENT, INT_LITERAL, FLOAT_LITERAL, DOUBLE_LITERAL, REAL_LITERAL} [@780,3716:3726='\ifExintVar',<188>,141:14] (termorseq, taclet, rulesOrAxioms, decls, file) 
301859     WARN  Test worker     d.u.i.k.n.KeYParser       [syntax-error] file:/home/runner/work/key/key/key.core/build/resources/main/de/uka/ilkd/key/proof/rules/ifThenElseRules.key:141:27: extraneous input '(' expecting {'\lemma', '}', IDENT, '/*!'} [@783,3729:3729='(',<146>,141:27] (rulesOrAxioms, decls, file) 
301859     WARN  Test worker     d.u.i.k.n.KeYParser       [syntax-error] file:/home/runner/work/key/key/key.core/build/resources/main/de/uka/ilkd/key/proof/rules/ifThenElseRules.key:141:41: mismatched input ')' expecting {'(', '{'} [@789,3743:3743=')',<147>,141:41] (taclet, rulesOrAxioms, decls, file) 
301859     WARN  Test worker     d.u.i.k.n.KeYParser       [syntax-error] file:/home/runner/work/key/key/key.core/build/resources/main/de/uka/ilkd/key/proof/rules/ifThenElseRules.key:148:14: mismatched input '\ifExintVar' expecting {MODALITY, FORALL, EXISTS, '\if', '\ifEx', 'true', 'false', '(', '{', '@', NOT, SEQARROW, '-', STRING_LITERAL, CHAR_LITERAL, BIN_LITERAL, HEX_LITERAL, IDENT, INT_LITERAL, FLOAT_LITERAL, DOUBLE_LITERAL, REAL_LITERAL} [@819,3896:3906='\ifExintVar',<188>,148:14] (termorseq, taclet, rulesOrAxioms, decls, file) 
301860     WARN  Test worker     d.u.i.k.n.KeYParser       [syntax-error] file:/home/runner/work/key/key/key.core/build/resources/main/de/uka/ilkd/key/proof/rules/ifThenElseRules.key:148:27: extraneous input '(' expecting {'\lemma', '}', IDENT, '/*!'} [@822,3909:3909='(',<146>,148:27] (rulesOrAxioms, decls, file) 
301860     WARN  Test worker     d.u.i.k.n.KeYParser       [syntax-error] file:/home/runner/work/key/key/key.core/build/resources/main/de/uka/ilkd/key/proof/rules/ifThenElseRules.key:148:35: mismatched input '=' expecting {'(', '{'} [@825,3917:3917='=',<159>,148:35] (taclet, rulesOrAxioms, decls, file) 
301860     WARN  Test worker     d.u.i.k.n.KeYParser       [syntax-error] file:/home/runner/work/key/key/key.core/build/resources/main/de/uka/ilkd/key/proof/rules/ifThenElseRules.key:150:38: mismatched input '}' expecting {'(', '{'} [@859,4023:4023='}',<149>,150:38] (taclet, rulesOrAxioms, decls, file) 
301860     WARN  Test worker     d.u.i.k.n.KeYParser       [syntax-error] file:/home/runner/work/key/key/key.core/build/resources/main/de/uka/ilkd/key/proof/rules/ifThenElseRules.key:155:14: mismatched input '\ifExintVar' expecting {MODALITY, FORALL, EXISTS, '\if', '\ifEx', 'true', 'false', '(', '{', '@', NOT, SEQARROW, '-', STRING_LITERAL, CHAR_LITERAL, BIN_LITERAL, HEX_LITERAL, IDENT, INT_LITERAL, FLOAT_LITERAL, DOUBLE_LITERAL, REAL_LITERAL} [@877,4109:4119='\ifExintVar',<188>,155:14] (termorseq, taclet, rulesOrAxioms, decls, file) 
301860     WARN  Test worker     d.u.i.k.n.KeYParser       [syntax-error] file:/home/runner/work/key/key/key.core/build/resources/main/de/uka/ilkd/key/proof/rules/ifThenElseRules.key:155:27: extraneous input '(' expecting {'\lemma', '}', IDENT, '/*!'} [@880,4122:4122='(',<146>,155:27] (rulesOrAxioms, decls, file) 
301860     WARN  Test worker     d.u.i.k.n.KeYParser       [syntax-error] file:/home/runner/work/key/key/key.core/build/resources/main/de/uka/ilkd/key/proof/rules/ifThenElseRules.key:155:35: mismatched input '=' expecting {'(', '{'} [@883,4130:4130='=',<159>,155:35] (taclet, rulesOrAxioms, decls, file) 
301860     WARN  Test worker     d.u.i.k.n.KeYParser       [syntax-error] file:/home/runner/work/key/key/key.core/build/resources/main/de/uka/ilkd/key/proof/rules/ifThenElseRules.key:157:38: mismatched input '}' expecting {'(', '{'} [@917,4230:4230='}',<149>,157:38] (taclet, rulesOrAxioms, decls, file) 
301861     WARN  Test worker     d.u.i.k.n.KeYParser       [syntax-error] file:/home/runner/work/key/key/key.core/build/resources/main/de/uka/ilkd/key/proof/rules/ifThenElseRules.key:163:14: mismatched input '\ifExintVar' expecting {MODALITY, FORALL, EXISTS, '\if', '\ifEx', 'true', 'false', '(', '{', '@', NOT, SEQARROW, '-', STRING_LITERAL, CHAR_LITERAL, BIN_LITERAL, HEX_LITERAL, IDENT, INT_LITERAL, FLOAT_LITERAL, DOUBLE_LITERAL, REAL_LITERAL} [@939,4350:4360='\ifExintVar',<188>,163:14] (termorseq, taclet, rulesOrAxioms, decls, file) 
301861     WARN  Test worker     d.u.i.k.n.KeYParser       [syntax-error] file:/home/runner/work/key/key/key.core/build/resources/main/de/uka/ilkd/key/proof/rules/ifThenElseRules.key:163:27: extraneous input '(' expecting {'\lemma', '}', IDENT, '/*!'} [@942,4363:4363='(',<146>,163:27] (rulesOrAxioms, decls, file) 
301861     WARN  Test worker     d.u.i.k.n.KeYParser       [syntax-error] file:/home/runner/work/key/key/key.core/build/resources/main/de/uka/ilkd/key/proof/rules/ifThenElseRules.key:163:30: mismatched input '=' expecting {'(', '{'} [@945,4366:4366='=',<159>,163:30] (taclet, rulesOrAxioms, decls, file) 
301861     WARN  Test worker     d.u.i.k.n.KeYParser       [syntax-error] file:/home/runner/work/key/key/key.core/build/resources/main/de/uka/ilkd/key/proof/rules/ifThenElseRules.key:165:38: mismatched input '}' expecting {'(', '{'} [@979,4477:4477='}',<149>,165:38] (taclet, rulesOrAxioms, decls, file) 
301861     WARN  Test worker     d.u.i.k.n.KeYParser       [syntax-error] file:/home/runner/work/key/key/key.core/build/resources/main/de/uka/ilkd/key/proof/rules/ifThenElseRules.key:171:14: mismatched input '\ifExintVar' expecting {MODALITY, FORALL, EXISTS, '\if', '\ifEx', 'true', 'false', '(', '{', '@', NOT, SEQARROW, '-', STRING_LITERAL, CHAR_LITERAL, BIN_LITERAL, HEX_LITERAL, IDENT, INT_LITERAL, FLOAT_LITERAL, DOUBLE_LITERAL, REAL_LITERAL} [@1001,4604:4614='\ifExintVar',<188>,171:14] (termorseq, taclet, rulesOrAxioms, decls, file) 
301861     WARN  Test worker     d.u.i.k.n.KeYParser       [syntax-error] file:/home/runner/work/key/key/key.core/build/resources/main/de/uka/ilkd/key/proof/rules/ifThenElseRules.key:171:27: extraneous input '(' expecting {'\lemma', '}', IDENT, '/*!'} [@1004,4617:4617='(',<146>,171:27] (rulesOrAxioms, decls, file) 
301861     WARN  Test worker     d.u.i.k.n.KeYParser       [syntax-error] file:/home/runner/work/key/key/key.core/build/resources/main/de/uka/ilkd/key/proof/rules/ifThenElseRules.key:171:30: mismatched input '=' expecting {'(', '{'} [@1007,4620:4620='=',<159>,171:30] (taclet, rulesOrAxioms, decls, file) 
301861     WARN  Test worker     d.u.i.k.n.KeYParser       [syntax-error] file:/home/runner/work/key/key/key.core/build/resources/main/de/uka/ilkd/key/proof/rules/ifThenElseRules.key:173:38: mismatched input '}' expecting {'(', '{'} [@1041,4725:4725='}',<149>,173:38] (taclet, rulesOrAxioms, decls, file) 
301862     WARN  Test worker     d.u.i.k.n.KeYParser       [syntax-error] file:/home/runner/work/key/key/key.core/build/resources/main/de/uka/ilkd/key/proof/rules/ifThenElseRules.key:179:14: mismatched input '\ifExintVar' expecting {MODALITY, FORALL, EXISTS, '\if', '\ifEx', 'true', 'false', '(', '{', '@', NOT, SEQARROW, '-', STRING_LITERAL, CHAR_LITERAL, BIN_LITERAL, HEX_LITERAL, IDENT, INT_LITERAL, FLOAT_LITERAL, DOUBLE_LITERAL, REAL_LITERAL} [@1063,4848:4858='\ifExintVar',<188>,179:14] (termorseq, taclet, rulesOrAxioms, decls, file) 
301862     WARN  Test worker     d.u.i.k.n.KeYParser       [syntax-error] file:/home/runner/work/key/key/key.core/build/resources/main/de/uka/ilkd/key/proof/rules/ifThenElseRules.key:179:27: extraneous input '(' expecting {'\lemma', '}', IDENT, '/*!'} [@1066,4861:4861='(',<146>,179:27] (rulesOrAxioms, decls, file) 
301862     WARN  Test worker     d.u.i.k.n.KeYParser       [syntax-error] file:/home/runner/work/key/key/key.core/build/resources/main/de/uka/ilkd/key/proof/rules/ifThenElseRules.key:179:32: mismatched input '&' expecting {'(', '{'} [@1069,4866:4866='&',<156>,179:32] (taclet, rulesOrAxioms, decls, file) 
301862     WARN  Test worker     d.u.i.k.n.KeYParser       [syntax-error] file:/home/runner/work/key/key/key.core/build/resources/main/de/uka/ilkd/key/proof/rules/ifThenElseRules.key:181:42: mismatched input '}' expecting {'(', '{'} [@1109,4985:4985='}',<149>,181:42] (taclet, rulesOrAxioms, decls, file) 
301862     WARN  Test worker     d.u.i.k.n.KeYParser       [syntax-error] file:/home/runner/work/key/key/key.core/build/resources/main/de/uka/ilkd/key/proof/rules/ifThenElseRules.key:182:39: mismatched input '}' expecting {'(', '{'} [@1122,5030:5030='}',<149>,182:39] (taclet, rulesOrAxioms, decls, file) 
301862     WARN  Test worker     d.u.i.k.n.KeYParser       [syntax-error] file:/home/runner/work/key/key/key.core/build/resources/main/de/uka/ilkd/key/proof/rules/ifThenElseRules.key:188:14: mismatched input '\ifExintVar' expecting {MODALITY, FORALL, EXISTS, '\if', '\ifEx', 'true', 'false', '(', '{', '@', NOT, SEQARROW, '-', STRING_LITERAL, CHAR_LITERAL, BIN_LITERAL, HEX_LITERAL, IDENT, INT_LITERAL, FLOAT_LITERAL, DOUBLE_LITERAL, REAL_LITERAL} [@1146,5149:5159='\ifExintVar',<188>,188:14] (termorseq, taclet, rulesOrAxioms, decls, file) 
301862     WARN  Test worker     d.u.i.k.n.KeYParser       [syntax-error] file:/home/runner/work/key/key/key.core/build/resources/main/de/uka/ilkd/key/proof/rules/ifThenElseRules.key:188:27: extraneous input '(' expecting {'\lemma', '}', IDENT, '/*!'} [@1149,5162:5162='(',<146>,188:27] (rulesOrAxioms, decls, file) 
301863     WARN  Test worker     d.u.i.k.n.KeYParser       [syntax-error] file:/home/runner/work/key/key/key.core/build/resources/main/de/uka/ilkd/key/proof/rules/ifThenElseRules.key:188:32: mismatched input '&' expecting {'(', '{'} [@1152,5167:5167='&',<156>,188:32] (taclet, rulesOrAxioms, decls, file) 
301863     WARN  Test worker     d.u.i.k.n.KeYParser       [syntax-error] file:/home/runner/work/key/key/key.core/build/resources/main/de/uka/ilkd/key/proof/rules/ifThenElseRules.key:190:42: mismatched input '}' expecting {'(', '{'} [@1192,5280:5280='}',<149>,190:42] (taclet, rulesOrAxioms, decls, file) 
301863     WARN  Test worker     d.u.i.k.n.KeYParser       [syntax-error] file:/home/runner/work/key/key/key.core/build/resources/main/de/uka/ilkd/key/proof/rules/ifThenElseRules.key:191:39: mismatched input '}' expecting {'(', '{'} [@1205,5325:5325='}',<149>,191:39] (taclet, rulesOrAxioms, decls, file) 
301863     WARN  Test worker     d.u.i.k.n.KeYParser       [syntax-error] file:/home/runner/work/key/key/key.core/build/resources/main/de/uka/ilkd/key/proof/rules/ifThenElseRules.key:198:14: mismatched input '\ifExintVar' expecting {MODALITY, FORALL, EXISTS, '\if', '\ifEx', 'true', 'false', '(', '{', '@', NOT, SEQARROW, '-', STRING_LITERAL, CHAR_LITERAL, BIN_LITERAL, HEX_LITERAL, IDENT, INT_LITERAL, FLOAT_LITERAL, DOUBLE_LITERAL, REAL_LITERAL} [@1233,5475:5485='\ifExintVar',<188>,198:14] (termorseq, taclet, rulesOrAxioms, decls, file) 
301863     WARN  Test worker     d.u.i.k.n.KeYParser       [syntax-error] file:/home/runner/work/key/key/key.core/build/resources/main/de/uka/ilkd/key/proof/rules/ifThenElseRules.key:198:27: extraneous input '(' expecting {'\lemma', '}', IDENT, '/*!'} [@1236,5488:5488='(',<146>,198:27] (rulesOrAxioms, decls, file) 
301863     WARN  Test worker     d.u.i.k.n.KeYParser       [syntax-error] file:/home/runner/work/key/key/key.core/build/resources/main/de/uka/ilkd/key/proof/rules/ifThenElseRules.key:198:32: mismatched input '&' expecting {'(', '{'} [@1239,5493:5493='&',<156>,198:32] (taclet, rulesOrAxioms, decls, file) 
301863     WARN  Test worker     d.u.i.k.n.KeYParser       [syntax-error] file:/home/runner/work/key/key/key.core/build/resources/main/de/uka/ilkd/key/proof/rules/ifThenElseRules.key:200:42: mismatched input '}' expecting {'(', '{'} [@1279,5612:5612='}',<149>,200:42] (taclet, rulesOrAxioms, decls, file) 
301863     WARN  Test worker     d.u.i.k.n.KeYParser       [syntax-error] file:/home/runner/work/key/key/key.core/build/resources/main/de/uka/ilkd/key/proof/rules/ifThenElseRules.key:201:39: mismatched input '}' expecting {'(', '{'} [@1292,5657:5657='}',<149>,201:39] (taclet, rulesOrAxioms, decls, file) 
301863     WARN  Test worker     d.u.i.k.n.KeYParser       [syntax-error] file:/home/runner/work/key/key/key.core/build/resources/main/de/uka/ilkd/key/proof/rules/ifThenElseRules.key:208:14: mismatched input '\ifExintVar' expecting {MODALITY, FORALL, EXISTS, '\if', '\ifEx', 'true', 'false', '(', '{', '@', NOT, SEQARROW, '-', STRING_LITERAL, CHAR_LITERAL, BIN_LITERAL, HEX_LITERAL, IDENT, INT_LITERAL, FLOAT_LITERAL, DOUBLE_LITERAL, REAL_LITERAL} [@1320,5817:5827='\ifExintVar',<188>,208:14] (termorseq, taclet, rulesOrAxioms, decls, file) 
301864     WARN  Test worker     d.u.i.k.n.KeYParser       [syntax-error] file:/home/runner/work/key/key/key.core/build/resources/main/de/uka/ilkd/key/proof/rules/ifThenElseRules.key:208:27: extraneous input '(' expecting {'\lemma', '}', IDENT, '/*!'} [@1323,5830:5830='(',<146>,208:27] (rulesOrAxioms, decls, file) 
301864     WARN  Test worker     d.u.i.k.n.KeYParser       [syntax-error] file:/home/runner/work/key/key/key.core/build/resources/main/de/uka/ilkd/key/proof/rules/ifThenElseRules.key:208:32: mismatched input '&' expecting {'(', '{'} [@1326,5835:5835='&',<156>,208:32] (taclet, rulesOrAxioms, decls, file) 
301864     WARN  Test worker     d.u.i.k.n.KeYParser       [syntax-error] file:/home/runner/work/key/key/key.core/build/resources/main/de/uka/ilkd/key/proof/rules/ifThenElseRules.key:210:42: mismatched input '}' expecting {'(', '{'} [@1366,5948:5948='}',<149>,210:42] (taclet, rulesOrAxioms, decls, file) 
301864     WARN  Test worker     d.u.i.k.n.KeYParser       [syntax-error] file:/home/runner/work/key/key/key.core/build/resources/main/de/uka/ilkd/key/proof/rules/ifThenElseRules.key:211:39: mismatched input '}' expecting {'(', '{'} [@1379,5993:5993='}',<149>,211:39] (taclet, rulesOrAxioms, decls, file) 
301864     WARN  Test worker     d.u.i.k.n.KeYParser       [syntax-error] file:/home/runner/work/key/key/key.core/build/resources/main/de/uka/ilkd/key/proof/rules/ifThenElseRules.key:218:14: mismatched input '\ifExintVar' expecting {MODALITY, FORALL, EXISTS, '\if', '\ifEx', 'true', 'false', '(', '{', '@', NOT, SEQARROW, '-', STRING_LITERAL, CHAR_LITERAL, BIN_LITERAL, HEX_LITERAL, IDENT, INT_LITERAL, FLOAT_LITERAL, DOUBLE_LITERAL, REAL_LITERAL} [@1407,6146:6156='\ifExintVar',<188>,218:14] (termorseq, taclet, rulesOrAxioms, decls, file) 
301864     WARN  Test worker     d.u.i.k.n.KeYParser       [syntax-error] file:/home/runner/work/key/key/key.core/build/resources/main/de/uka/ilkd/key/proof/rules/ifThenElseRules.key:218:27: extraneous input '(' expecting {'\lemma', '}', IDENT, '/*!'} [@1410,6159:6159='(',<146>,218:27] (rulesOrAxioms, decls, file) 
301864     WARN  Test worker     d.u.i.k.n.KeYParser       [syntax-error] file:/home/runner/work/key/key/key.core/build/resources/main/de/uka/ilkd/key/proof/rules/ifThenElseRules.key:218:31: mismatched input ')' expecting {'(', '{'} [@1412,6163:6163=')',<147>,218:31] (taclet, rulesOrAxioms, decls, file) 
301864     WARN  Test worker     d.u.i.k.n.KeYParser       [syntax-error] file:/home/runner/work/key/key/key.core/build/resources/main/de/uka/ilkd/key/proof/rules/ifThenElseRules.key:220:44: mismatched input ')' expecting {'(', '{'} [@1444,6275:6275=')',<147>,220:44] (taclet, rulesOrAxioms, decls, file) 
301864     WARN  Test worker     d.u.i.k.n.KeYParser       [syntax-error] file:/home/runner/work/key/key/key.core/build/resources/main/de/uka/ilkd/key/proof/rules/ifThenElseRules.key:225:14: mismatched input '\ifExintVar' expecting {MODALITY, FORALL, EXISTS, '\if', '\ifEx', 'true', 'false', '(', '{', '@', NOT, SEQARROW, '-', STRING_LITERAL, CHAR_LITERAL, BIN_LITERAL, HEX_LITERAL, IDENT, INT_LITERAL, FLOAT_LITERAL, DOUBLE_LITERAL, REAL_LITERAL} [@1471,6389:6399='\ifExintVar',<188>,225:14] (termorseq, taclet, rulesOrAxioms, decls, file) 
301865     WARN  Test worker     d.u.i.k.n.KeYParser       [syntax-error] file:/home/runner/work/key/key/key.core/build/resources/main/de/uka/ilkd/key/proof/rules/ifThenElseRules.key:225:27: extraneous input '(' expecting {'\lemma', '}', IDENT, '/*!'} [@1474,6402:6402='(',<146>,225:27] (rulesOrAxioms, decls, file) 
301865     WARN  Test worker     d.u.i.k.n.KeYParser       [syntax-error] file:/home/runner/work/key/key/key.core/build/resources/main/de/uka/ilkd/key/proof/rules/ifThenElseRules.key:225:31: mismatched input ')' expecting {'(', '{'} [@1476,6406:6406=')',<147>,225:31] (taclet, rulesOrAxioms, decls, file) 
301865     WARN  Test worker     d.u.i.k.n.KeYParser       [syntax-error] file:/home/runner/work/key/key/key.core/build/resources/main/de/uka/ilkd/key/proof/rules/ifThenElseRules.key:227:44: mismatched input ')' expecting {'(', '{'} [@1508,6509:6509=')',<147>,227:44] (taclet, rulesOrAxioms, decls, file) 
301865     WARN  Test worker     d.u.i.k.n.KeYParser       [syntax-error] file:/home/runner/work/key/key/key.core/build/resources/main/de/uka/ilkd/key/proof/rules/ifThenElseRules.key:233:14: mismatched input '\ifExintVar' expecting {MODALITY, FORALL, EXISTS, '\if', '\ifEx', 'true', 'false', '(', '{', '@', NOT, SEQARROW, '-', STRING_LITERAL, CHAR_LITERAL, BIN_LITERAL, HEX_LITERAL, IDENT, INT_LITERAL, FLOAT_LITERAL, DOUBLE_LITERAL, REAL_LITERAL} [@1539,6656:6666='\ifExintVar',<188>,233:14] (termorseq, taclet, rulesOrAxioms, decls, file) 
301865     WARN  Test worker     d.u.i.k.n.KeYParser       [syntax-error] file:/home/runner/work/key/key/key.core/build/resources/main/de/uka/ilkd/key/proof/rules/ifThenElseRules.key:233:27: extraneous input '(' expecting {'\lemma', '}', IDENT, '/*!'} [@1542,6669:6669='(',<146>,233:27] (rulesOrAxioms, decls, file) 
301865     WARN  Test worker     d.u.i.k.n.KeYParser       [syntax-error] file:/home/runner/work/key/key/key.core/build/resources/main/de/uka/ilkd/key/proof/rules/ifThenElseRules.key:233:31: mismatched input ')' expecting {'(', '{'} [@1544,6673:6673=')',<147>,233:31] (taclet, rulesOrAxioms, decls, file) 
301865     WARN  Test worker     d.u.i.k.n.KeYParser       [syntax-error] file:/home/runner/work/key/key/key.core/build/resources/main/de/uka/ilkd/key/proof/rules/ifThenElseRules.key:237:42: mismatched input '}' expecting {'(', '{'} [@1586,6850:6850='}',<149>,237:42] (taclet, rulesOrAxioms, decls, file) 
301865     WARN  Test worker     d.u.i.k.n.KeYParser       [syntax-error] file:/home/runner/work/key/key/key.core/build/resources/main/de/uka/ilkd/key/proof/rules/ifThenElseRules.key:238:34: mismatched input '}' expecting {'(', '{'} [@1599,6891:6891='}',<149>,238:34] (taclet, rulesOrAxioms, decls, file) 
301865     WARN  Test worker     d.u.i.k.n.KeYParser       [syntax-error] file:/home/runner/work/key/key/key.core/build/resources/main/de/uka/ilkd/key/proof/rules/ifThenElseRules.key:239:28: extraneous input '(' expecting {'\lemma', '}', IDENT, '/*!'} [@1608,6925:6925='(',<146>,239:28] (rulesOrAxioms, decls, file) 
301866     WARN  Test worker     d.u.i.k.n.KeYParser       [syntax-error] file:/home/runner/work/key/key/key.core/build/resources/main/de/uka/ilkd/key/proof/rules/ifThenElseRules.key:239:33: mismatched input '->' expecting {'(', '{'} [@1611,6930:6931='->',<158>,239:33] (taclet, rulesOrAxioms, decls, file) 
301866     WARN  Test worker     d.u.i.k.n.KeYParser       [syntax-error] file:/home/runner/work/key/key/key.core/build/resources/main/de/uka/ilkd/key/proof/rules/ifThenElseRules.key:240:8: extraneous input '\replacewith' expecting {'\lemma', '}', IDENT, '/*!'} [@1626,6979:6990='\replacewith',<105>,240:8] (rulesOrAxioms, decls, file) 
301866     WARN  Test worker     d.u.i.k.n.KeYParser       [syntax-error] file:/home/runner/work/key/key/key.core/build/resources/main/de/uka/ilkd/key/proof/rules/ifThenElseRules.key:240:25: mismatched input ')' expecting {'(', '{'} [@1629,6996:6996=')',<147>,240:25] (taclet, rulesOrAxioms, decls, file) 
301866     WARN  Test worker     d.u.i.k.n.KeYParser       [syntax-error] file:/home/runner/work/key/key/key.core/build/resources/main/de/uka/ilkd/key/proof/rules/ifThenElseRules.key:240:56: mismatched input ')' expecting {'(', '{'} [@1642,7027:7027=')',<147>,240:56] (taclet, rulesOrAxioms, decls, file) 
301866     WARN  Test worker     d.u.i.k.n.KeYParser       [syntax-error] file:/home/runner/work/key/key/key.core/build/resources/main/de/uka/ilkd/key/proof/rules/ifThenElseRules.key:245:14: mismatched input '\ifExintVar' expecting {MODALITY, FORALL, EXISTS, '\if', '\ifEx', 'true', 'false', '(', '{', '@', NOT, SEQARROW, '-', STRING_LITERAL, CHAR_LITERAL, BIN_LITERAL, HEX_LITERAL, IDENT, INT_LITERAL, FLOAT_LITERAL, DOUBLE_LITERAL, REAL_LITERAL} [@1658,7109:7119='\ifExintVar',<188>,245:14] (termorseq, taclet, rulesOrAxioms, decls, file) 
301866     WARN  Test worker     d.u.i.k.n.KeYParser       [syntax-error] file:/home/runner/work/key/key/key.core/build/resources/main/de/uka/ilkd/key/proof/rules/ifThenElseRules.key:245:27: extraneous input '(' expecting {'\lemma', '}', IDENT, '/*!'} [@1661,7122:7122='(',<146>,245:27] (rulesOrAxioms, decls, file) 
301866     WARN  Test worker     d.u.i.k.n.KeYParser       [syntax-error] file:/home/runner/work/key/key/key.core/build/resources/main/de/uka/ilkd/key/proof/rules/ifThenElseRules.key:245:31: mismatched input ')' expecting {'(', '{'} [@1663,7126:7126=')',<147>,245:31] (taclet, rulesOrAxioms, decls, file) 
301866     WARN  Test worker     d.u.i.k.n.KeYParser       [syntax-error] file:/home/runner/work/key/key/key.core/build/resources/main/de/uka/ilkd/key/proof/rules/ifThenElseRules.key:248:45: mismatched input '}' expecting {'(', '{'} [@1696,7268:7268='}',<149>,248:45] (taclet, rulesOrAxioms, decls, file) 
301866     WARN  Test worker     d.u.i.k.n.KeYParser       [syntax-error] file:/home/runner/work/key/key/key.core/build/resources/main/de/uka/ilkd/key/proof/rules/ifThenElseRules.key:249:8: extraneous input '\replacewith' expecting {'\lemma', '}', IDENT, '/*!'} [@1701,7284:7295='\replacewith',<105>,249:8] (rulesOrAxioms, decls, file) 
301867     WARN  Test worker     d.u.i.k.n.KeYParser       [syntax-error] file:/home/runner/work/key/key/key.core/build/resources/main/de/uka/ilkd/key/proof/rules/ifThenElseRules.key:249:38: mismatched input ')' expecting {'(', '{'} [@1708,7314:7314=')',<147>,249:38] (taclet, rulesOrAxioms, decls, file) 
301867     WARN  Test worker     d.u.i.k.n.KeYParser       [syntax-error] file:/home/runner/work/key/key/key.core/build/resources/main/de/uka/ilkd/key/proof/rules/ifThenElseRules.key:250:42: mismatched input '}' expecting {'(', '{'} [@1731,7381:7381='}',<149>,250:42] (taclet, rulesOrAxioms, decls, file) 
301867     WARN  Test worker     d.u.i.k.n.KeYParser       [syntax-error] file:/home/runner/work/key/key/key.core/build/resources/main/de/uka/ilkd/key/proof/rules/ifThenElseRules.key:251:28: extraneous input '(' expecting {'\lemma', '}', IDENT, '/*!'} [@1741,7416:7416='(',<146>,251:28] (rulesOrAxioms, decls, file) 
301867     WARN  Test worker     d.u.i.k.n.KeYParser       [syntax-error] file:/home/runner/work/key/key/key.core/build/resources/main/de/uka/ilkd/key/proof/rules/ifThenElseRules.key:251:33: mismatched input '->' expecting {'(', '{'} [@1744,7421:7422='->',<158>,251:33] (taclet, rulesOrAxioms, decls, file) 
301867     WARN  Test worker     d.u.i.k.n.KeYParser       [syntax-error] file:/home/runner/work/key/key/key.core/build/resources/main/de/uka/ilkd/key/proof/rules/ifThenElseRules.key:255:14: mismatched input '\ifExintVar' expecting {MODALITY, FORALL, EXISTS, '\if', '\ifEx', 'true', 'false', '(', '{', '@', NOT, SEQARROW, '-', STRING_LITERAL, CHAR_LITERAL, BIN_LITERAL, HEX_LITERAL, IDENT, INT_LITERAL, FLOAT_LITERAL, DOUBLE_LITERAL, REAL_LITERAL} [@1765,7506:7516='\ifExintVar',<188>,255:14] (termorseq, taclet, rulesOrAxioms, decls, file) 
301867     WARN  Test worker     d.u.i.k.n.KeYParser       [syntax-error] file:/home/runner/work/key/key/key.core/build/resources/main/de/uka/ilkd/key/proof/rules/ifThenElseRules.key:255:27: extraneous input '(' expecting {'\lemma', '}', IDENT, '/*!'} [@1768,7519:7519='(',<146>,255:27] (rulesOrAxioms, decls, file) 
301867     WARN  Test worker     d.u.i.k.n.KeYParser       [syntax-error] file:/home/runner/work/key/key/key.core/build/resources/main/de/uka/ilkd/key/proof/rules/ifThenElseRules.key:255:31: mismatched input ')' expecting {'(', '{'} [@1770,7523:7523=')',<147>,255:31] (taclet, rulesOrAxioms, decls, file) 
301867     WARN  Test worker     d.u.i.k.n.KeYParser       [syntax-error] file:/home/runner/work/key/key/key.core/build/resources/main/de/uka/ilkd/key/proof/rules/ifThenElseRules.key:258:52: extraneous input '0' expecting {'\lemma', '}', IDENT, '/*!'} [@1809,7667:7667='0',<184>,258:52] (rulesOrAxioms, decls, file) 
301867     WARN  Test worker     d.u.i.k.n.KeYParser       [syntax-error] file:/home/runner/work/key/key/key.core/build/resources/main/de/uka/ilkd/key/proof/rules/ifThenElseRules.key:258:54: mismatched input 'then' expecting {<EOF>, '\problem', '\chooseContract', '\proofObligation', '\proof'} [@1811,7669:7672='then',<183>,258:54] (file) 
301868     ERROR Test worker     d.u.i.k.s.n.MasterHandlerTest Error reading /home/runner/work/key/key/key.core/build/resources/test/de/uka/ilkd/key/smt/newsmt2/cases/float.sqrt2.props de.uka.ilkd.key.proof.io.ProblemLoaderException: line 135:14 mismatched input '\ifExintVar' expecting {MODALITY, FORALL, EXISTS, '\if', '\ifEx', 'true', 'false', '(', '{', '@', NOT, SEQARROW, '-', STRING_LITERAL, CHAR_LITERAL, BIN_LITERAL, HEX_LITERAL, IDENT, INT_LITERAL, FLOAT_LITERAL, DOUBLE_LITERAL, REAL_LITERAL}
line 135:27 extraneous input '(' expecting {'\lemma', '}', IDENT, '/*!'}
line 135:44 mismatched input ')' expecting {'(', '{'}
line 141:14 mismatched input '\ifExintVar' expecting {MODALITY, FORALL, EXISTS, '\if', '\ifEx', 'true', 'false', '(', '{', '@', NOT, SEQARROW, '-', STRING_LITERAL, CHAR_LITERAL, BIN_LITERAL, HEX_LITERAL, IDENT, INT_LITERAL, FLOAT_LITERAL, DOUBLE_LITERAL, REAL_LITERAL}
line 141:27 extraneous input '(' expecting {'\lemma', '}', IDENT, '/*!'}
line 141:41 mismatched input ')' expecting {'(', '{'}
line 148:14 mismatched input '\ifExintVar' expecting {MODALITY, FORALL, EXISTS, '\if', '\ifEx', 'true', 'false', '(', '{', '@', NOT, SEQARROW, '-', STRING_LITERAL, CHAR_LITERAL, BIN_LITERAL, HEX_LITERAL, IDENT, INT_LITERAL, FLOAT_LITERAL, DOUBLE_LITERAL, REAL_LITERAL}
line 148:27 extraneous input '(' expecting {'\lemma', '}', IDENT, '/*!'}
line 148:35 mismatched input '=' expecting {'(', '{'}
line 150:38 mismatched input '}' expecting {'(', '{'}
line 155:14 mismatched input '\ifExintVar' expecting {MODALITY, FORALL, EXISTS, '\if', '\ifEx', 'true', 'false', '(', '{', '@', NOT, SEQARROW, '-', STRING_LITERAL, CHAR_LITERAL, BIN_LITERAL, HEX_LITERAL, IDENT, INT_LITERAL, FLOAT_LITERAL, DOUBLE_LITERAL, REAL_LITERAL}
line 155:27 extraneous input '(' expecting {'\lemma', '}', IDENT, '/*!'}
line 155:35 mismatched input '=' expecting {'(', '{'}
line 157:38 mismatched input '}' expecting {'(', '{'}
line 163:14 mismatched input '\ifExintVar' expecting {MODALITY, FORALL, EXISTS, '\if', '\ifEx', 'true', 'false', '(', '{', '@', NOT, SEQARROW, '-', STRING_LITERAL, CHAR_LITERAL, BIN_LITERAL, HEX_LITERAL, IDENT, INT_LITERAL, FLOAT_LITERAL, DOUBLE_LITERAL, REAL_LITERAL}
line 163:27 extraneous input '(' expecting {'\lemma', '}', IDENT, '/*!'}
line 163:30 mismatched input '=' expecting {'(', '{'}
line 165:38 mismatched input '}' expecting {'(', '{'}
line 171:14 mismatched input '\ifExintVar' expecting {MODALITY, FORALL, EXISTS, '\if', '\ifEx', 'true', 'false', '(', '{', '@', NOT, SEQARROW, '-', STRING_LITERAL, CHAR_LITERAL, BIN_LITERAL, HEX_LITERAL, IDENT, INT_LITERAL, FLOAT_LITERAL, DOUBLE_LITERAL, REAL_LITERAL}
line 171:27 extraneous input '(' expecting {'\lemma', '}', IDENT, '/*!'}
line 171:30 mismatched input '=' expecting {'(', '{'}
line 173:38 mismatched input '}' expecting {'(', '{'}
line 179:14 mismatched input '\ifExintVar' expecting {MODALITY, FORALL, EXISTS, '\if', '\ifEx', 'true', 'false', '(', '{', '@', NOT, SEQARROW, '-', STRING_LITERAL, CHAR_LITERAL, BIN_LITERAL, HEX_LITERAL, IDENT, INT_LITERAL, FLOAT_LITERAL, DOUBLE_LITERAL, REAL_LITERAL}
line 179:27 extraneous input '(' expecting {'\lemma', '}', IDENT, '/*!'}
line 179:32 mismatched input '&' expecting {'(', '{'}
line 181:42 mismatched input '}' expecting {'(', '{'}
line 182:39 mismatched input '}' expecting {'(', '{'}
line 188:14 mismatched input '\ifExintVar' expecting {MODALITY, FORALL, EXISTS, '\if', '\ifEx', 'true', 'false', '(', '{', '@', NOT, SEQARROW, '-', STRING_LITERAL, CHAR_LITERAL, BIN_LITERAL, HEX_LITERAL, IDENT, INT_LITERAL, FLOAT_LITERAL, DOUBLE_LITERAL, REAL_LITERAL}
line 188:27 extraneous input '(' expecting {'\lemma', '}', IDENT, '/*!'}
line 188:32 mismatched input '&' expecting {'(', '{'}
line 190:42 mismatched input '}' expecting {'(', '{'}
line 191:39 mismatched input '}' expecting {'(', '{'}
line 198:14 mismatched input '\ifExintVar' expecting {MODALITY, FORALL, EXISTS, '\if', '\ifEx', 'true', 'false', '(', '{', '@', NOT, SEQARROW, '-', STRING_LITERAL, CHAR_LITERAL, BIN_LITERAL, HEX_LITERAL, IDENT, INT_LITERAL, FLOAT_LITERAL, DOUBLE_LITERAL, REAL_LITERAL}
line 198:27 extraneous input '(' expecting {'\lemma', '}', IDENT, '/*!'}
line 198:32 mismatched input '&' expecting {'(', '{'}
line 200:42 mismatched input '}' expecting {'(', '{'}
line 201:39 mismatched input '}' expecting {'(', '{'}
line 208:14 mismatched input '\ifExintVar' expecting {MODALITY, FORALL, EXISTS, '\if', '\ifEx', 'true', 'false', '(', '{', '@', NOT, SEQARROW, '-', STRING_LITERAL, CHAR_LITERAL, BIN_LITERAL, HEX_LITERAL, IDENT, INT_LITERAL, FLOAT_LITERAL, DOUBLE_LITERAL, REAL_LITERAL}
line 208:27 extraneous input '(' expecting {'\lemma', '}', IDENT, '/*!'}
line 208:32 mismatched input '&' expecting {'(', '{'}
line 210:42 mismatched input '}' expecting {'(', '{'}
line 211:39 mismatched input '}' expecting {'(', '{'}
line 218:14 mismatched input '\ifExintVar' expecting {MODALITY, FORALL, EXISTS, '\if', '\ifEx', 'true', 'false', '(', '{', '@', NOT, SEQARROW, '-', STRING_LITERAL, CHAR_LITERAL, BIN_LITERAL, HEX_LITERAL, IDENT, INT_LITERAL, FLOAT_LITERAL, DOUBLE_LITERAL, REAL_LITERAL}
line 218:27 extraneous input '(' expecting {'\lemma', '}', IDENT, '/*!'}
line 218:31 mismatched input ')' expecting {'(', '{'}
line 220:44 mismatched input ')' expecting {'(', '{'}
line 225:14 mismatched input '\ifExintVar' expecting {MODALITY, FORALL, EXISTS, '\if', '\ifEx', 'true', 'false', '(', '{', '@', NOT, SEQARROW, '-', STRING_LITERAL, CHAR_LITERAL, BIN_LITERAL, HEX_LITERAL, IDENT, INT_LITERAL, FLOAT_LITERAL, DOUBLE_LITERAL, REAL_LITERAL}
line 225:27 extraneous input '(' expecting {'\lemma', '}', IDENT, '/*!'}
line 225:31 mismatched input ')' expecting {'(', '{'}
line 227:44 mismatched input ')' expecting {'(', '{'}
line 233:14 mismatched input '\ifExintVar' expecting {MODALITY, FORALL, EXISTS, '\if', '\ifEx', 'true', 'false', '(', '{', '@', NOT, SEQARROW, '-', STRING_LITERAL, CHAR_LITERAL, BIN_LITERAL, HEX_LITERAL, IDENT, INT_LITERAL, FLOAT_LITERAL, DOUBLE_LITERAL, REAL_LITERAL}
line 233:27 extraneous input '(' expecting {'\lemma', '}', IDENT, '/*!'}
line 233:31 mismatched input ')' expecting {'(', '{'}
line 237:42 mismatched input '}' expecting {'(', '{'}
line 238:34 mismatched input '}' expecting {'(', '{'}
line 239:28 extraneous input '(' expecting {'\lemma', '}', IDENT, '/*!'}
line 239:33 mismatched input '->' expecting {'(', '{'}
line 240:8 extraneous input '\replacewith' expecting {'\lemma', '}', IDENT, '/*!'}
line 240:25 mismatched input ')' expecting {'(', '{'}
line 240:56 mismatched input ')' expecting {'(', '{'}
line 245:14 mismatched input '\ifExintVar' expecting {MODALITY, FORALL, EXISTS, '\if', '\ifEx', 'true', 'false', '(', '{', '@', NOT, SEQARROW, '-', STRING_LITERAL, CHAR_LITERAL, BIN_LITERAL, HEX_LITERAL, IDENT, INT_LITERAL, FLOAT_LITERAL, DOUBLE_LITERAL, REAL_LITERAL}
line 245:27 extraneous input '(' expecting {'\lemma', '}', IDENT, '/*!'}
line 245:31 mismatched input ')' expecting {'(', '{'}
line 248:45 mismatched input '}' expecting {'(', '{'}
line 249:8 extraneous input '\replacewith' expecting {'\lemma', '}', IDENT, '/*!'}
line 249:38 mismatched input ')' expecting {'(', '{'}
line 250:42 mismatched input '}' expecting {'(', '{'}
line 251:28 extraneous input '(' expecting {'\lemma', '}', IDENT, '/*!'}
line 251:33 mismatched input '->' expecting {'(', '{'}
line 255:14 mismatched input '\ifExintVar' expecting {MODALITY, FORALL, EXISTS, '\if', '\ifEx', 'true', 'false', '(', '{', '@', NOT, SEQARROW, '-', STRING_LITERAL, CHAR_LITERAL, BIN_LITERAL, HEX_LITERAL, IDENT, INT_LITERAL, FLOAT_LITERAL, DOUBLE_LITERAL, REAL_LITERAL}
line 255:27 extraneous input '(' expecting {'\lemma', '}', IDENT, '/*!'}
line 255:31 mismatched input ')' expecting {'(', '{'}
line 258:52 extraneous input '0' expecting {'\lemma', '}', IDENT, '/*!'}
line 258:54 mismatched input 'then' expecting {<EOF>, '\problem', '\chooseContract', '\proofObligation', '\proof'}

	at de.uka.ilkd.key.control.AbstractUserInterfaceControl.load(AbstractUserInterfaceControl.java:221)
Caused by: de.uka.ilkd.key.proof.init.ProofInputException: line 135:14 mismatched input '\ifExintVar' expecting {MODALITY, FORALL, EXISTS, '\if', '\ifEx', 'true', 'false', '(', '{', '@', NOT, SEQARROW, '-', STRING_LITERAL, CHAR_LITERAL, BIN_LITERAL, HEX_LITERAL, IDENT, INT_LITERAL, FLOAT_LITERAL, DOUBLE_LITERAL, REAL_LITERAL}
line 135:27 extraneous input '(' expecting {'\lemma', '}', IDENT, '/*!'}
line 135:44 mismatched input ')' expecting {'(', '{'}
line 141:14 mismatched input '\ifExintVar' expecting {MODALITY, FORALL, EXISTS, '\if', '\ifEx', 'true', 'false', '(', '{', '@', NOT, SEQARROW, '-', STRING_LITERAL, CHAR_LITERAL, BIN_LITERAL, HEX_LITERAL, IDENT, INT_LITERAL, FLOAT_LITERAL, DOUBLE_LITERAL, REAL_LITERAL}
line 141:27 extraneous input '(' expecting {'\lemma', '}', IDENT, '/*!'}
line 141:41 mismatched input ')' expecting {'(', '{'}
line 148:14 mismatched input '\ifExintVar' expecting {MODALITY, FORALL, EXISTS, '\if', '\ifEx', 'true', 'false', '(', '{', '@', NOT, SEQARROW, '-', STRING_LITERAL, CHAR_LITERAL, BIN_LITERAL, HEX_LITERAL, IDENT, INT_LITERAL, FLOAT_LITERAL, DOUBLE_LITERAL, REAL_LITERAL}
line 148:27 extraneous input '(' expecting {'\lemma', '}', IDENT, '/*!'}
line 148:35 mismatched input '=' expecting {'(', '{'}
line 150:38 mismatched input '}' expecting {'(', '{'}
line 155:14 mismatched input '\ifExintVar' expecting {MODALITY, FORALL, EXISTS, '\if', '\ifEx', 'true', 'false', '(', '{', '@', NOT, SEQARROW, '-', STRING_LITERAL, CHAR_LITERAL, BIN_LITERAL, HEX_LITERAL, IDENT, INT_LITERAL, FLOAT_LITERAL, DOUBLE_LITERAL, REAL_LITERAL}
line 155:27 extraneous input '(' expecting {'\lemma', '}', IDENT, '/*!'}
line 155:35 mismatched input '=' expecting {'(', '{'}
line 157:38 mismatched input '}' expecting {'(', '{'}
line 163:14 mismatched input '\ifExintVar' expecting {MODALITY, FORALL, EXISTS, '\if', '\ifEx', 'true', 'false', '(', '{', '@', NOT, SEQARROW, '-', STRING_LITERAL, CHAR_LITERAL, BIN_LITERAL, HEX_LITERAL, IDENT, INT_LITERAL, FLOAT_LITERAL, DOUBLE_LITERAL, REAL_LITERAL}
line 163:27 extraneous input '(' expecting {'\lemma', '}', IDENT, '/*!'}
line 163:30 mismatched input '=' expecting {'(', '{'}
line 165:38 mismatched input '}' expecting {'(', '{'}
line 171:14 mismatched input '\ifExintVar' expecting {MODALITY, FORALL, EXISTS, '\if', '\ifEx', 'true', 'false', '(', '{', '@', NOT, SEQARROW, '-', STRING_LITERAL, CHAR_LITERAL, BIN_LITERAL, HEX_LITERAL, IDENT, INT_LITERAL, FLOAT_LITERAL, DOUBLE_LITERAL, REAL_LITERAL}
line 171:27 extraneous input '(' expecting {'\lemma', '}', IDENT, '/*!'}
line 171:30 mismatched input '=' expecting {'(', '{'}
line 173:38 mismatched input '}' expecting {'(', '{'}
line 179:14 mismatched input '\ifExintVar' expecting {MODALITY, FORALL, EXISTS, '\if', '\ifEx', 'true', 'false', '(', '{', '@', NOT, SEQARROW, '-', STRING_LITERAL, CHAR_LITERAL, BIN_LITERAL, HEX_LITERAL, IDENT, INT_LITERAL, FLOAT_LITERAL, DOUBLE_LITERAL, REAL_LITERAL}
line 179:27 extraneous input '(' expecting {'\lemma', '}', IDENT, '/*!'}
line 179:32 mismatched input '&' expecting {'(', '{'}
line 181:42 mismatched input '}' expecting {'(', '{'}
line 182:39 mismatched input '}' expecting {'(', '{'}
line 188:14 mismatched input '\ifExintVar' expecting {MODALITY, FORALL, EXISTS, '\if', '\ifEx', 'true', 'false', '(', '{', '@', NOT, SEQARROW, '-', STRING_LITERAL, CHAR_LITERAL, BIN_LITERAL, HEX_LITERAL, IDENT, INT_LITERAL, FLOAT_LITERAL, DOUBLE_LITERAL, REAL_LITERAL}
line 188:27 extraneous input '(' expecting {'\lemma', '}', IDENT, '/*!'}
line 188:32 mismatched input '&' expecting {'(', '{'}
line 190:42 mismatched input '}' expecting {'(', '{'}
line 191:39 mismatched input '}' expecting {'(', '{'}
line 198:14 mismatched input '\ifExintVar' expecting {MODALITY, FORALL, EXISTS, '\if', '\ifEx', 'true', 'false', '(', '{', '@', NOT, SEQARROW, '-', STRING_LITERAL, CHAR_LITERAL, BIN_LITERAL, HEX_LITERAL, IDENT, INT_LITERAL, FLOAT_LITERAL, DOUBLE_LITERAL, REAL_LITERAL}
line 198:27 extraneous input '(' expecting {'\lemma', '}', IDENT, '/*!'}
line 198:32 mismatched input '&' expecting {'(', '{'}
line 200:42 mismatched input '}' expecting {'(', '{'}
line 201:39 mismatched input '}' expecting {'(', '{'}
line 208:14 mismatched input '\ifExintVar' expecting {MODALITY, FORALL, EXISTS, '\if', '\ifEx', 'true', 'false', '(', '{', '@', NOT, SEQARROW, '-', STRING_LITERAL, CHAR_LITERAL, BIN_LITERAL, HEX_LITERAL, IDENT, INT_LITERAL, FLOAT_LITERAL, DOUBLE_LITERAL, REAL_LITERAL}
line 208:27 extraneous input '(' expecting {'\lemma', '}', IDENT, '/*!'}
line 208:32 mismatched input '&' expecting {'(', '{'}
line 210:42 mismatched input '}' expecting {'(', '{'}
line 211:39 mismatched input '}' expecting {'(', '{'}
line 218:14 mismatched input '\ifExintVar' expecting {MODALITY, FORALL, EXISTS, '\if', '\ifEx', 'true', 'false', '(', '{', '@', NOT, SEQARROW, '-', STRING_LITERAL, CHAR_LITERAL, BIN_LITERAL, HEX_LITERAL, IDENT, INT_LITERAL, FLOAT_LITERAL, DOUBLE_LITERAL, REAL_LITERAL}
line 218:27 extraneous input '(' expecting {'\lemma', '}', IDENT, '/*!'}
line 218:31 mismatched input ')' expecting {'(', '{'}
line 220:44 mismatched input ')' expecting {'(', '{'}
line 225:14 mismatched input '\ifExintVar' expecting {MODALITY, FORALL, EXISTS, '\if', '\ifEx', 'true', 'false', '(', '{', '@', NOT, SEQARROW, '-', STRING_LITERAL, CHAR_LITERAL, BIN_LITERAL, HEX_LITERAL, IDENT, INT_LITERAL, FLOAT_LITERAL, DOUBLE_LITERAL, REAL_LITERAL}
line 225:27 extraneous input '(' expecting {'\lemma', '}', IDENT, '/*!'}
line 225:31 mismatched input ')' expecting {'(', '{'}
line 227:44 mismatched input ')' expecting {'(', '{'}
line 233:14 mismatched input '\ifExintVar' expecting {MODALITY, FORALL, EXISTS, '\if', '\ifEx', 'true', 'false', '(', '{', '@', NOT, SEQARROW, '-', STRING_LITERAL, CHAR_LITERAL, BIN_LITERAL, HEX_LITERAL, IDENT, INT_LITERAL, FLOAT_LITERAL, DOUBLE_LITERAL, REAL_LITERAL}
line 233:27 extraneous input '(' expecting {'\lemma', '}', IDENT, '/*!'}
line 233:31 mismatched input ')' expecting {'(', '{'}
line 237:42 mismatched input '}' expecting {'(', '{'}
line 238:34 mismatched input '}' expecting {'(', '{'}
line 239:28 extraneous input '(' expecting {'\lemma', '}', IDENT, '/*!'}
line 239:33 mismatched input '->' expecting {'(', '{'}
line 240:8 extraneous input '\replacewith' expecting {'\lemma', '}', IDENT, '/*!'}
line 240:25 mismatched input ')' expecting {'(', '{'}
line 240:56 mismatched input ')' expecting {'(', '{'}
line 245:14 mismatched input '\ifExintVar' expecting {MODALITY, FORALL, EXISTS, '\if', '\ifEx', 'true', 'false', '(', '{', '@', NOT, SEQARROW, '-', STRING_LITERAL, CHAR_LITERAL, BIN_LITERAL, HEX_LITERAL, IDENT, INT_LITERAL, FLOAT_LITERAL, DOUBLE_LITERAL, REAL_LITERAL}
line 245:27 extraneous input '(' expecting {'\lemma', '}', IDENT, '/*!'}
line 245:31 mismatched input ')' expecting {'(', '{'}
line 248:45 mismatched input '}' expecting {'(', '{'}
line 249:8 extraneous input '\replacewith' expecting {'\lemma', '}', IDENT, '/*!'}
line 249:38 mismatched input ')' expecting {'(', '{'}
line 250:42 mismatched input '}' expecting {'(', '{'}
line 251:28 extraneous input '(' expecting {'\lemma', '}', IDENT, '/*!'}
line 251:33 mismatched input '->' expecting {'(', '{'}
line 255:14 mismatched input '\ifExintVar' expecting {MODALITY, FORALL, EXISTS, '\if', '\ifEx', 'true', 'false', '(', '{', '@', NOT, SEQARROW, '-', STRING_LITERAL, CHAR_LITERAL, BIN_LITERAL, HEX_LITERAL, IDENT, INT_LITERAL, FLOAT_LITERAL, DOUBLE_LITERAL, REAL_LITERAL}
line 255:27 extraneous input '(' expecting {'\lemma', '}', IDENT, '/*!'}
line 255:31 mismatched input ')' expecting {'(', '{'}
line 258:52 extraneous input '0' expecting {'\lemma', '}', IDENT, '/*!'}
line 258:54 mismatched input 'then' expecting {<EOF>, '\problem', '\chooseContract', '\proofObligation', '\proof'}

	at de.uka.ilkd.key.proof.io.KeYFile.readIncludes(KeYFile.java:210)
Caused by: de.uka.ilkd.key.util.parsing.SyntaxErrorReporter$ParserException: line 135:14 mismatched input '\ifExintVar' expecting {MODALITY, FORALL, EXISTS, '\if', '\ifEx', 'true', 'false', '(', '{', '@', NOT, SEQARROW, '-', STRING_LITERAL, CHAR_LITERAL, BIN_LITERAL, HEX_LITERAL, IDENT, INT_LITERAL, FLOAT_LITERAL, DOUBLE_LITERAL, REAL_LITERAL}
line 135:27 extraneous input '(' expecting {'\lemma', '}', IDENT, '/*!'}
line 135:44 mismatched input ')' expecting {'(', '{'}
line 141:14 mismatched input '\ifExintVar' expecting {MODALITY, FORALL, EXISTS, '\if', '\ifEx', 'true', 'false', '(', '{', '@', NOT, SEQARROW, '-', STRING_LITERAL, CHAR_LITERAL, BIN_LITERAL, HEX_LITERAL, IDENT, INT_LITERAL, FLOAT_LITERAL, DOUBLE_LITERAL, REAL_LITERAL}
line 141:27 extraneous input '(' expecting {'\lemma', '}', IDENT, '/*!'}
line 141:41 mismatched input ')' expecting {'(', '{'}
line 148:14 mismatched input '\ifExintVar' expecting {MODALITY, FORALL, EXISTS, '\if', '\ifEx', 'true', 'false', '(', '{', '@', NOT, SEQARROW, '-', STRING_LITERAL, CHAR_LITERAL, BIN_LITERAL, HEX_LITERAL, IDENT, INT_LITERAL, FLOAT_LITERAL, DOUBLE_LITERAL, REAL_LITERAL}
line 148:27 extraneous input '(' expecting {'\lemma', '}', IDENT, '/*!'}
line 148:35 mismatched input '=' expecting {'(', '{'}
line 150:38 mismatched input '}' expecting {'(', '{'}
line 155:14 mismatched input '\ifExintVar' expecting {MODALITY, FORALL, EXISTS, '\if', '\ifEx', 'true', 'false', '(', '{', '@', NOT, SEQARROW, '-', STRING_LITERAL, CHAR_LITERAL, BIN_LITERAL, HEX_LITERAL, IDENT, INT_LITERAL, FLOAT_LITERAL, DOUBLE_LITERAL, REAL_LITERAL}
line 155:27 extraneous input '(' expecting {'\lemma', '}', IDENT, '/*!'}
line 155:35 mismatched input '=' expecting {'(', '{'}
line 157:38 mismatched input '}' expecting {'(', '{'}
line 163:14 mismatched input '\ifExintVar' expecting {MODALITY, FORALL, EXISTS, '\if', '\ifEx', 'true', 'false', '(', '{', '@', NOT, SEQARROW, '-', STRING_LITERAL, CHAR_LITERAL, BIN_LITERAL, HEX_LITERAL, IDENT, INT_LITERAL, FLOAT_LITERAL, DOUBLE_LITERAL, REAL_LITERAL}
line 163:27 extraneous input '(' expecting {'\lemma', '}', IDENT, '/*!'}
line 163:30 mismatched input '=' expecting {'(', '{'}
line 165:38 mismatched input '}' expecting {'(', '{'}
line 171:14 mismatched input '\ifExintVar' expecting {MODALITY, FORALL, EXISTS, '\if', '\ifEx', 'true', 'false', '(', '{', '@', NOT, SEQARROW, '-', STRING_LITERAL, CHAR_LITERAL, BIN_LITERAL, HEX_LITERAL, IDENT, INT_LITERAL, FLOAT_LITERAL, DOUBLE_LITERAL, REAL_LITERAL}
line 171:27 extraneous input '(' expecting {'\lemma', '}', IDENT, '/*!'}
line 171:30 mismatched input '=' expecting {'(', '{'}
line 173:38 mismatched input '}' expecting {'(', '{'}
line 179:14 mismatched input '\ifExintVar' expecting {MODALITY, FORALL, EXISTS, '\if', '\ifEx', 'true', 'false', '(', '{', '@', NOT, SEQARROW, '-', STRING_LITERAL, CHAR_LITERAL, BIN_LITERAL, HEX_LITERAL, IDENT, INT_LITERAL, FLOAT_LITERAL, DOUBLE_LITERAL, REAL_LITERAL}
line 179:27 extraneous input '(' expecting {'\lemma', '}', IDENT, '/*!'}
line 179:32 mismatched input '&' expecting {'(', '{'}
line 181:42 mismatched input '}' expecting {'(', '{'}
line 182:39 mismatched input '}' expecting {'(', '{'}
line 188:14 mismatched input '\ifExintVar' expecting {MODALITY, FORALL, EXISTS, '\if', '\ifEx', 'true', 'false', '(', '{', '@', NOT, SEQARROW, '-', STRING_LITERAL, CHAR_LITERAL, BIN_LITERAL, HEX_LITERAL, IDENT, INT_LITERAL, FLOAT_LITERAL, DOUBLE_LITERAL, REAL_LITERAL}
line 188:27 extraneous input '(' expecting {'\lemma', '}', IDENT, '/*!'}
line 188:32 mismatched input '&' expecting {'(', '{'}
line 190:42 mismatched input '}' expecting {'(', '{'}
line 191:39 mismatched input '}' expecting {'(', '{'}
line 198:14 mismatched input '\ifExintVar' expecting {MODALITY, FORALL, EXISTS, '\if', '\ifEx', 'true', 'false', '(', '{', '@', NOT, SEQARROW, '-', STRING_LITERAL, CHAR_LITERAL, BIN_LITERAL, HEX_LITERAL, IDENT, INT_LITERAL, FLOAT_LITERAL, DOUBLE_LITERAL, REAL_LITERAL}
line 198:27 extraneous input '(' expecting {'\lemma', '}', IDENT, '/*!'}
line 198:32 mismatched input '&' expecting {'(', '{'}
line 200:42 mismatched input '}' expecting {'(', '{'}
line 201:39 mismatched input '}' expecting {'(', '{'}
line 208:14 mismatched input '\ifExintVar' expecting {MODALITY, FORALL, EXISTS, '\if', '\ifEx', 'true', 'false', '(', '{', '@', NOT, SEQARROW, '-', STRING_LITERAL, CHAR_LITERAL, BIN_LITERAL, HEX_LITERAL, IDENT, INT_LITERAL, FLOAT_LITERAL, DOUBLE_LITERAL, REAL_LITERAL}
line 208:27 extraneous input '(' expecting {'\lemma', '}', IDENT, '/*!'}
line 208:32 mismatched input '&' expecting {'(', '{'}
line 210:42 mismatched input '}' expecting {'(', '{'}
line 211:39 mismatched input '}' expecting {'(', '{'}
line 218:14 mismatched input '\ifExintVar' expecting {MODALITY, FORALL, EXISTS, '\if', '\ifEx', 'true', 'false', '(', '{', '@', NOT, SEQARROW, '-', STRING_LITERAL, CHAR_LITERAL, BIN_LITERAL, HEX_LITERAL, IDENT, INT_LITERAL, FLOAT_LITERAL, DOUBLE_LITERAL, REAL_LITERAL}
line 218:27 extraneous input '(' expecting {'\lemma', '}', IDENT, '/*!'}
line 218:31 mismatched input ')' expecting {'(', '{'}
line 220:44 mismatched input ')' expecting {'(', '{'}
line 225:14 mismatched input '\ifExintVar' expecting {MODALITY, FORALL, EXISTS, '\if', '\ifEx', 'true', 'false', '(', '{', '@', NOT, SEQARROW, '-', STRING_LITERAL, CHAR_LITERAL, BIN_LITERAL, HEX_LITERAL, IDENT, INT_LITERAL, FLOAT_LITERAL, DOUBLE_LITERAL, REAL_LITERAL}
line 225:27 extraneous input '(' expecting {'\lemma', '}', IDENT, '/*!'}
line 225:31 mismatched input ')' expecting {'(', '{'}
line 227:44 mismatched input ')' expecting {'(', '{'}
line 233:14 mismatched input '\ifExintVar' expecting {MODALITY, FORALL, EXISTS, '\if', '\ifEx', 'true', 'false', '(', '{', '@', NOT, SEQARROW, '-', STRING_LITERAL, CHAR_LITERAL, BIN_LITERAL, HEX_LITERAL, IDENT, INT_LITERAL, FLOAT_LITERAL, DOUBLE_LITERAL, REAL_LITERAL}
line 233:27 extraneous input '(' expecting {'\lemma', '}', IDENT, '/*!'}
line 233:31 mismatched input ')' expecting {'(', '{'}
line 237:42 mismatched input '}' expecting {'(', '{'}
line 238:34 mismatched input '}' expecting {'(', '{'}
line 239:28 extraneous input '(' expecting {'\lemma', '}', IDENT, '/*!'}
line 239:33 mismatched input '->' expecting {'(', '{'}
line 240:8 extraneous input '\replacewith' expecting {'\lemma', '}', IDENT, '/*!'}
line 240:25 mismatched input ')' expecting {'(', '{'}
line 240:56 mismatched input ')' expecting {'(', '{'}
line 245:14 mismatched input '\ifExintVar' expecting {MODALITY, FORALL, EXISTS, '\if', '\ifEx', 'true', 'false', '(', '{', '@', NOT, SEQARROW, '-', STRING_LITERAL, CHAR_LITERAL, BIN_LITERAL, HEX_LITERAL, IDENT, INT_LITERAL, FLOAT_LITERAL, DOUBLE_LITERAL, REAL_LITERAL}
line 245:27 extraneous input '(' expecting {'\lemma', '}', IDENT, '/*!'}
line 245:31 mismatched input ')' expecting {'(', '{'}
line 248:45 mismatched input '}' expecting {'(', '{'}
line 249:8 extraneous input '\replacewith' expecting {'\lemma', '}', IDENT, '/*!'}
line 249:38 mismatched input ')' expecting {'(', '{'}
line 250:42 mismatched input '}' expecting {'(', '{'}
line 251:28 extraneous input '(' expecting {'\lemma', '}', IDENT, '/*!'}
line 251:33 mismatched input '->' expecting {'(', '{'}
line 255:14 mismatched input '\ifExintVar' expecting {MODALITY, FORALL, EXISTS, '\if', '\ifEx', 'true', 'false', '(', '{', '@', NOT, SEQARROW, '-', STRING_LITERAL, CHAR_LITERAL, BIN_LITERAL, HEX_LITERAL, IDENT, INT_LITERAL, FLOAT_LITERAL, DOUBLE_LITERAL, REAL_LITERAL}
line 255:27 extraneous input '(' expecting {'\lemma', '}', IDENT, '/*!'}
line 255:31 mismatched input ')' expecting {'(', '{'}
line 258:52 extraneous input '0' expecting {'\lemma', '}', IDENT, '/*!'}
line 258:54 mismatched input 'then' expecting {<EOF>, '\problem', '\chooseContract', '\proofObligation', '\proof'}

	at de.uka.ilkd.key.util.parsing.SyntaxErrorReporter.throwException(SyntaxErrorReporter.java:89)

301907     WARN  Test worker     d.u.i.k.n.KeYParser       [syntax-error] file:/home/runner/work/key/key/key.core/build/resources/main/de/uka/ilkd/key/proof/rules/ifThenElseRules.key:135:14: mismatched input '\ifExintVar' expecting {MODALITY, FORALL, EXISTS, '\if', '\ifEx', 'true', 'false', '(', '{', '@', NOT, SEQARROW, '-', STRING_LITERAL, CHAR_LITERAL, BIN_LITERAL, HEX_LITERAL, IDENT, INT_LITERAL, FLOAT_LITERAL, DOUBLE_LITERAL, REAL_LITERAL} [@745,3563:3573='\ifExintVar',<188>,135:14] (termorseq, taclet, rulesOrAxioms, decls, file) 
301908     WARN  Test worker     d.u.i.k.n.KeYParser       [syntax-error] file:/home/runner/work/key/key/key.core/build/resources/main/de/uka/ilkd/key/proof/rules/ifThenElseRules.key:135:27: extraneous input '(' expecting {'\lemma', '}', IDENT, '/*!'} [@748,3576:3576='(',<146>,135:27] (rulesOrAxioms, decls, file) 
301908     WARN  Test worker     d.u.i.k.n.KeYParser       [syntax-error] file:/home/runner/work/key/key/key.core/build/resources/main/de/uka/ilkd/key/proof/rules/ifThenElseRules.key:135:44: mismatched input ')' expecting {'(', '{'} [@754,3593:3593=')',<147>,135:44] (taclet, rulesOrAxioms, decls, file) 
301908     WARN  Test worker     d.u.i.k.n.KeYParser       [syntax-error] file:/home/runner/work/key/key/key.core/build/resources/main/de/uka/ilkd/key/proof/rules/ifThenElseRules.key:141:14: mismatched input '\ifExintVar' expecting {MODALITY, FORALL, EXISTS, '\if', '\ifEx', 'true', 'false', '(', '{', '@', NOT, SEQARROW, '-', STRING_LITERAL, CHAR_LITERAL, BIN_LITERAL, HEX_LITERAL, IDENT, INT_LITERAL, FLOAT_LITERAL, DOUBLE_LITERAL, REAL_LITERAL} [@780,3716:3726='\ifExintVar',<188>,141:14] (termorseq, taclet, rulesOrAxioms, decls, file) 
301908     WARN  Test worker     d.u.i.k.n.KeYParser       [syntax-error] file:/home/runner/work/key/key/key.core/build/resources/main/de/uka/ilkd/key/proof/rules/ifThenElseRules.key:141:27: extraneous input '(' expecting {'\lemma', '}', IDENT, '/*!'} [@783,3729:3729='(',<146>,141:27] (rulesOrAxioms, decls, file) 
301908     WARN  Test worker     d.u.i.k.n.KeYParser       [syntax-error] file:/home/runner/work/key/key/key.core/build/resources/main/de/uka/ilkd/key/proof/rules/ifThenElseRules.key:141:41: mismatched input ')' expecting {'(', '{'} [@789,3743:3743=')',<147>,141:41] (taclet, rulesOrAxioms, decls, file) 
301908     WARN  Test worker     d.u.i.k.n.KeYParser       [syntax-error] file:/home/runner/work/key/key/key.core/build/resources/main/de/uka/ilkd/key/proof/rules/ifThenElseRules.key:148:14: mismatched input '\ifExintVar' expecting {MODALITY, FORALL, EXISTS, '\if', '\ifEx', 'true', 'false', '(', '{', '@', NOT, SEQARROW, '-', STRING_LITERAL, CHAR_LITERAL, BIN_LITERAL, HEX_LITERAL, IDENT, INT_LITERAL, FLOAT_LITERAL, DOUBLE_LITERAL, REAL_LITERAL} [@819,3896:3906='\ifExintVar',<188>,148:14] (termorseq, taclet, rulesOrAxioms, decls, file) 
301908     WARN  Test worker     d.u.i.k.n.KeYParser       [syntax-error] file:/home/runner/work/key/key/key.core/build/resources/main/de/uka/ilkd/key/proof/rules/ifThenElseRules.key:148:27: extraneous input '(' expecting {'\lemma', '}', IDENT, '/*!'} [@822,3909:3909='(',<146>,148:27] (rulesOrAxioms, decls, file) 
301909     WARN  Test worker     d.u.i.k.n.KeYParser       [syntax-error] file:/home/runner/work/key/key/key.core/build/resources/main/de/uka/ilkd/key/proof/rules/ifThenElseRules.key:148:35: mismatched input '=' expecting {'(', '{'} [@825,3917:3917='=',<159>,148:35] (taclet, rulesOrAxioms, decls, file) 
301909     WARN  Test worker     d.u.i.k.n.KeYParser       [syntax-error] file:/home/runner/work/key/key/key.core/build/resources/main/de/uka/ilkd/key/proof/rules/ifThenElseRules.key:150:38: mismatched input '}' expecting {'(', '{'} [@859,4023:4023='}',<149>,150:38] (taclet, rulesOrAxioms, decls, file) 
301909     WARN  Test worker     d.u.i.k.n.KeYParser       [syntax-error] file:/home/runner/work/key/key/key.core/build/resources/main/de/uka/ilkd/key/proof/rules/ifThenElseRules.key:155:14: mismatched input '\ifExintVar' expecting {MODALITY, FORALL, EXISTS, '\if', '\ifEx', 'true', 'false', '(', '{', '@', NOT, SEQARROW, '-', STRING_LITERAL, CHAR_LITERAL, BIN_LITERAL, HEX_LITERAL, IDENT, INT_LITERAL, FLOAT_LITERAL, DOUBLE_LITERAL, REAL_LITERAL} [@877,4109:4119='\ifExintVar',<188>,155:14] (termorseq, taclet, rulesOrAxioms, decls, file) 
301909     WARN  Test worker     d.u.i.k.n.KeYParser       [syntax-error] file:/home/runner/work/key/key/key.core/build/resources/main/de/uka/ilkd/key/proof/rules/ifThenElseRules.key:155:27: extraneous input '(' expecting {'\lemma', '}', IDENT, '/*!'} [@880,4122:4122='(',<146>,155:27] (rulesOrAxioms, decls, file) 
301909     WARN  Test worker     d.u.i.k.n.KeYParser       [syntax-error] file:/home/runner/work/key/key/key.core/build/resources/main/de/uka/ilkd/key/proof/rules/ifThenElseRules.key:155:35: mismatched input '=' expecting {'(', '{'} [@883,4130:4130='=',<159>,155:35] (taclet, rulesOrAxioms, decls, file) 
301909     WARN  Test worker     d.u.i.k.n.KeYParser       [syntax-error] file:/home/runner/work/key/key/key.core/build/resources/main/de/uka/ilkd/key/proof/rules/ifThenElseRules.key:157:38: mismatched input '}' expecting {'(', '{'} [@917,4230:4230='}',<149>,157:38] (taclet, rulesOrAxioms, decls, file) 
301909     WARN  Test worker     d.u.i.k.n.KeYParser       [syntax-error] file:/home/runner/work/key/key/key.core/build/resources/main/de/uka/ilkd/key/proof/rules/ifThenElseRules.key:163:14: mismatched input '\ifExintVar' expecting {MODALITY, FORALL, EXISTS, '\if', '\ifEx', 'true', 'false', '(', '{', '@', NOT, SEQARROW, '-', STRING_LITERAL, CHAR_LITERAL, BIN_LITERAL, HEX_LITERAL, IDENT, INT_LITERAL, FLOAT_LITERAL, DOUBLE_LITERAL, REAL_LITERAL} [@939,4350:4360='\ifExintVar',<188>,163:14] (termorseq, taclet, rulesOrAxioms, decls, file) 
301909     WARN  Test worker     d.u.i.k.n.KeYParser       [syntax-error] file:/home/runner/work/key/key/key.core/build/resources/main/de/uka/ilkd/key/proof/rules/ifThenElseRules.key:163:27: extraneous input '(' expecting {'\lemma', '}', IDENT, '/*!'} [@942,4363:4363='(',<146>,163:27] (rulesOrAxioms, decls, file) 
301910     WARN  Test worker     d.u.i.k.n.KeYParser       [syntax-error] file:/home/runner/work/key/key/key.core/build/resources/main/de/uka/ilkd/key/proof/rules/ifThenElseRules.key:163:30: mismatched input '=' expecting {'(', '{'} [@945,4366:4366='=',<159>,163:30] (taclet, rulesOrAxioms, decls, file) 
301910     WARN  Test worker     d.u.i.k.n.KeYParser       [syntax-error] file:/home/runner/work/key/key/key.core/build/resources/main/de/uka/ilkd/key/proof/rules/ifThenElseRules.key:165:38: mismatched input '}' expecting {'(', '{'} [@979,4477:4477='}',<149>,165:38] (taclet, rulesOrAxioms, decls, file) 
301910     WARN  Test worker     d.u.i.k.n.KeYParser       [syntax-error] file:/home/runner/work/key/key/key.core/build/resources/main/de/uka/ilkd/key/proof/rules/ifThenElseRules.key:171:14: mismatched input '\ifExintVar' expecting {MODALITY, FORALL, EXISTS, '\if', '\ifEx', 'true', 'false', '(', '{', '@', NOT, SEQARROW, '-', STRING_LITERAL, CHAR_LITERAL, BIN_LITERAL, HEX_LITERAL, IDENT, INT_LITERAL, FLOAT_LITERAL, DOUBLE_LITERAL, REAL_LITERAL} [@1001,4604:4614='\ifExintVar',<188>,171:14] (termorseq, taclet, rulesOrAxioms, decls, file) 
301910     WARN  Test worker     d.u.i.k.n.KeYParser       [syntax-error] file:/home/runner/work/key/key/key.core/build/resources/main/de/uka/ilkd/key/proof/rules/ifThenElseRules.key:171:27: extraneous input '(' expecting {'\lemma', '}', IDENT, '/*!'} [@1004,4617:4617='(',<146>,171:27] (rulesOrAxioms, decls, file) 
301910     WARN  Test worker     d.u.i.k.n.KeYParser       [syntax-error] file:/home/runner/work/key/key/key.core/build/resources/main/de/uka/ilkd/key/proof/rules/ifThenElseRules.key:171:30: mismatched input '=' expecting {'(', '{'} [@1007,4620:4620='=',<159>,171:30] (taclet, rulesOrAxioms, decls, file) 
301910     WARN  Test worker     d.u.i.k.n.KeYParser       [syntax-error] file:/home/runner/work/key/key/key.core/build/resources/main/de/uka/ilkd/key/proof/rules/ifThenElseRules.key:173:38: mismatched input '}' expecting {'(', '{'} [@1041,4725:4725='}',<149>,173:38] (taclet, rulesOrAxioms, decls, file) 
301910     WARN  Test worker     d.u.i.k.n.KeYParser       [syntax-error] file:/home/runner/work/key/key/key.core/build/resources/main/de/uka/ilkd/key/proof/rules/ifThenElseRules.key:179:14: mismatched input '\ifExintVar' expecting {MODALITY, FORALL, EXISTS, '\if', '\ifEx', 'true', 'false', '(', '{', '@', NOT, SEQARROW, '-', STRING_LITERAL, CHAR_LITERAL, BIN_LITERAL, HEX_LITERAL, IDENT, INT_LITERAL, FLOAT_LITERAL, DOUBLE_LITERAL, REAL_LITERAL} [@1063,4848:4858='\ifExintVar',<188>,179:14] (termorseq, taclet, rulesOrAxioms, decls, file) 
301910     WARN  Test worker     d.u.i.k.n.KeYParser       [syntax-error] file:/home/runner/work/key/key/key.core/build/resources/main/de/uka/ilkd/key/proof/rules/ifThenElseRules.key:179:27: extraneous input '(' expecting {'\lemma', '}', IDENT, '/*!'} [@1066,4861:4861='(',<146>,179:27] (rulesOrAxioms, decls, file) 
301911     WARN  Test worker     d.u.i.k.n.KeYParser       [syntax-error] file:/home/runner/work/key/key/key.core/build/resources/main/de/uka/ilkd/key/proof/rules/ifThenElseRules.key:179:32: mismatched input '&' expecting {'(', '{'} [@1069,4866:4866='&',<156>,179:32] (taclet, rulesOrAxioms, decls, file) 
301911     WARN  Test worker     d.u.i.k.n.KeYParser       [syntax-error] file:/home/runner/work/key/key/key.core/build/resources/main/de/uka/ilkd/key/proof/rules/ifThenElseRules.key:181:42: mismatched input '}' expecting {'(', '{'} [@1109,4985:4985='}',<149>,181:42] (taclet, rulesOrAxioms, decls, file) 
301911     WARN  Test worker     d.u.i.k.n.KeYParser       [syntax-error] file:/home/runner/work/key/key/key.core/build/resources/main/de/uka/ilkd/key/proof/rules/ifThenElseRules.key:182:39: mismatched input '}' expecting {'(', '{'} [@1122,5030:5030='}',<149>,182:39] (taclet, rulesOrAxioms, decls, file) 
301911     WARN  Test worker     d.u.i.k.n.KeYParser       [syntax-error] file:/home/runner/work/key/key/key.core/build/resources/main/de/uka/ilkd/key/proof/rules/ifThenElseRules.key:188:14: mismatched input '\ifExintVar' expecting {MODALITY, FORALL, EXISTS, '\if', '\ifEx', 'true', 'false', '(', '{', '@', NOT, SEQARROW, '-', STRING_LITERAL, CHAR_LITERAL, BIN_LITERAL, HEX_LITERAL, IDENT, INT_LITERAL, FLOAT_LITERAL, DOUBLE_LITERAL, REAL_LITERAL} [@1146,5149:5159='\ifExintVar',<188>,188:14] (termorseq, taclet, rulesOrAxioms, decls, file) 
301911     WARN  Test worker     d.u.i.k.n.KeYParser       [syntax-error] file:/home/runner/work/key/key/key.core/build/resources/main/de/uka/ilkd/key/proof/rules/ifThenElseRules.key:188:27: extraneous input '(' expecting {'\lemma', '}', IDENT, '/*!'} [@1149,5162:5162='(',<146>,188:27] (rulesOrAxioms, decls, file) 
301911     WARN  Test worker     d.u.i.k.n.KeYParser       [syntax-error] file:/home/runner/work/key/key/key.core/build/resources/main/de/uka/ilkd/key/proof/rules/ifThenElseRules.key:188:32: mismatched input '&' expecting {'(', '{'} [@1152,5167:5167='&',<156>,188:32] (taclet, rulesOrAxioms, decls, file) 
301911     WARN  Test worker     d.u.i.k.n.KeYParser       [syntax-error] file:/home/runner/work/key/key/key.core/build/resources/main/de/uka/ilkd/key/proof/rules/ifThenElseRules.key:190:42: mismatched input '}' expecting {'(', '{'} [@1192,5280:5280='}',<149>,190:42] (taclet, rulesOrAxioms, decls, file) 
301911     WARN  Test worker     d.u.i.k.n.KeYParser       [syntax-error] file:/home/runner/work/key/key/key.core/build/resources/main/de/uka/ilkd/key/proof/rules/ifThenElseRules.key:191:39: mismatched input '}' expecting {'(', '{'} [@1205,5325:5325='}',<149>,191:39] (taclet, rulesOrAxioms, decls, file) 
301911     WARN  Test worker     d.u.i.k.n.KeYParser       [syntax-error] file:/home/runner/work/key/key/key.core/build/resources/main/de/uka/ilkd/key/proof/rules/ifThenElseRules.key:198:14: mismatched input '\ifExintVar' expecting {MODALITY, FORALL, EXISTS, '\if', '\ifEx', 'true', 'false', '(', '{', '@', NOT, SEQARROW, '-', STRING_LITERAL, CHAR_LITERAL, BIN_LITERAL, HEX_LITERAL, IDENT, INT_LITERAL, FLOAT_LITERAL, DOUBLE_LITERAL, REAL_LITERAL} [@1233,5475:5485='\ifExintVar',<188>,198:14] (termorseq, taclet, rulesOrAxioms, decls, file) 
301912     WARN  Test worker     d.u.i.k.n.KeYParser       [syntax-error] file:/home/runner/work/key/key/key.core/build/resources/main/de/uka/ilkd/key/proof/rules/ifThenElseRules.key:198:27: extraneous input '(' expecting {'\lemma', '}', IDENT, '/*!'} [@1236,5488:5488='(',<146>,198:27] (rulesOrAxioms, decls, file) 
301912     WARN  Test worker     d.u.i.k.n.KeYParser       [syntax-error] file:/home/runner/work/key/key/key.core/build/resources/main/de/uka/ilkd/key/proof/rules/ifThenElseRules.key:198:32: mismatched input '&' expecting {'(', '{'} [@1239,5493:5493='&',<156>,198:32] (taclet, rulesOrAxioms, decls, file) 
301912     WARN  Test worker     d.u.i.k.n.KeYParser       [syntax-error] file:/home/runner/work/key/key/key.core/build/resources/main/de/uka/ilkd/key/proof/rules/ifThenElseRules.key:200:42: mismatched input '}' expecting {'(', '{'} [@1279,5612:5612='}',<149>,200:42] (taclet, rulesOrAxioms, decls, file) 
301912     WARN  Test worker     d.u.i.k.n.KeYParser       [syntax-error] file:/home/runner/work/key/key/key.core/build/resources/main/de/uka/ilkd/key/proof/rules/ifThenElseRules.key:201:39: mismatched input '}' expecting {'(', '{'} [@1292,5657:5657='}',<149>,201:39] (taclet, rulesOrAxioms, decls, file) 
301912     WARN  Test worker     d.u.i.k.n.KeYParser       [syntax-error] file:/home/runner/work/key/key/key.core/build/resources/main/de/uka/ilkd/key/proof/rules/ifThenElseRules.key:208:14: mismatched input '\ifExintVar' expecting {MODALITY, FORALL, EXISTS, '\if', '\ifEx', 'true', 'false', '(', '{', '@', NOT, SEQARROW, '-', STRING_LITERAL, CHAR_LITERAL, BIN_LITERAL, HEX_LITERAL, IDENT, INT_LITERAL, FLOAT_LITERAL, DOUBLE_LITERAL, REAL_LITERAL} [@1320,5817:5827='\ifExintVar',<188>,208:14] (termorseq, taclet, rulesOrAxioms, decls, file) 
301912     WARN  Test worker     d.u.i.k.n.KeYParser       [syntax-error] file:/home/runner/work/key/key/key.core/build/resources/main/de/uka/ilkd/key/proof/rules/ifThenElseRules.key:208:27: extraneous input '(' expecting {'\lemma', '}', IDENT, '/*!'} [@1323,5830:5830='(',<146>,208:27] (rulesOrAxioms, decls, file) 
301912     WARN  Test worker     d.u.i.k.n.KeYParser       [syntax-error] file:/home/runner/work/key/key/key.core/build/resources/main/de/uka/ilkd/key/proof/rules/ifThenElseRules.key:208:32: mismatched input '&' expecting {'(', '{'} [@1326,5835:5835='&',<156>,208:32] (taclet, rulesOrAxioms, decls, file) 
301912     WARN  Test worker     d.u.i.k.n.KeYParser       [syntax-error] file:/home/runner/work/key/key/key.core/build/resources/main/de/uka/ilkd/key/proof/rules/ifThenElseRules.key:210:42: mismatched input '}' expecting {'(', '{'} [@1366,5948:5948='}',<149>,210:42] (taclet, rulesOrAxioms, decls, file) 
301913     WARN  Test worker     d.u.i.k.n.KeYParser       [syntax-error] file:/home/runner/work/key/key/key.core/build/resources/main/de/uka/ilkd/key/proof/rules/ifThenElseRules.key:211:39: mismatched input '}' expecting {'(', '{'} [@1379,5993:5993='}',<149>,211:39] (taclet, rulesOrAxioms, decls, file) 
301913     WARN  Test worker     d.u.i.k.n.KeYParser       [syntax-error] file:/home/runner/work/key/key/key.core/build/resources/main/de/uka/ilkd/key/proof/rules/ifThenElseRules.key:218:14: mismatched input '\ifExintVar' expecting {MODALITY, FORALL, EXISTS, '\if', '\ifEx', 'true', 'false', '(', '{', '@', NOT, SEQARROW, '-', STRING_LITERAL, CHAR_LITERAL, BIN_LITERAL, HEX_LITERAL, IDENT, INT_LITERAL, FLOAT_LITERAL, DOUBLE_LITERAL, REAL_LITERAL} [@1407,6146:6156='\ifExintVar',<188>,218:14] (termorseq, taclet, rulesOrAxioms, decls, file) 
301913     WARN  Test worker     d.u.i.k.n.KeYParser       [syntax-error] file:/home/runner/work/key/key/key.core/build/resources/main/de/uka/ilkd/key/proof/rules/ifThenElseRules.key:218:27: extraneous input '(' expecting {'\lemma', '}', IDENT, '/*!'} [@1410,6159:6159='(',<146>,218:27] (rulesOrAxioms, decls, file) 
301913     WARN  Test worker     d.u.i.k.n.KeYParser       [syntax-error] file:/home/runner/work/key/key/key.core/build/resources/main/de/uka/ilkd/key/proof/rules/ifThenElseRules.key:218:31: mismatched input ')' expecting {'(', '{'} [@1412,6163:6163=')',<147>,218:31] (taclet, rulesOrAxioms, decls, file) 
301913     WARN  Test worker     d.u.i.k.n.KeYParser       [syntax-error] file:/home/runner/work/key/key/key.core/build/resources/main/de/uka/ilkd/key/proof/rules/ifThenElseRules.key:220:44: mismatched input ')' expecting {'(', '{'} [@1444,6275:6275=')',<147>,220:44] (taclet, rulesOrAxioms, decls, file) 
301913     WARN  Test worker     d.u.i.k.n.KeYParser       [syntax-error] file:/home/runner/work/key/key/key.core/build/resources/main/de/uka/ilkd/key/proof/rules/ifThenElseRules.key:225:14: mismatched input '\ifExintVar' expecting {MODALITY, FORALL, EXISTS, '\if', '\ifEx', 'true', 'false', '(', '{', '@', NOT, SEQARROW, '-', STRING_LITERAL, CHAR_LITERAL, BIN_LITERAL, HEX_LITERAL, IDENT, INT_LITERAL, FLOAT_LITERAL, DOUBLE_LITERAL, REAL_LITERAL} [@1471,6389:6399='\ifExintVar',<188>,225:14] (termorseq, taclet, rulesOrAxioms, decls, file) 
301913     WARN  Test worker     d.u.i.k.n.KeYParser       [syntax-error] file:/home/runner/work/key/key/key.core/build/resources/main/de/uka/ilkd/key/proof/rules/ifThenElseRules.key:225:27: extraneous input '(' expecting {'\lemma', '}', IDENT, '/*!'} [@1474,6402:6402='(',<146>,225:27] (rulesOrAxioms, decls, file) 
301913     WARN  Test worker     d.u.i.k.n.KeYParser       [syntax-error] file:/home/runner/work/key/key/key.core/build/resources/main/de/uka/ilkd/key/proof/rules/ifThenElseRules.key:225:31: mismatched input ')' expecting {'(', '{'} [@1476,6406:6406=')',<147>,225:31] (taclet, rulesOrAxioms, decls, file) 
301913     WARN  Test worker     d.u.i.k.n.KeYParser       [syntax-error] file:/home/runner/work/key/key/key.core/build/resources/main/de/uka/ilkd/key/proof/rules/ifThenElseRules.key:227:44: mismatched input ')' expecting {'(', '{'} [@1508,6509:6509=')',<147>,227:44] (taclet, rulesOrAxioms, decls, file) 
301914     WARN  Test worker     d.u.i.k.n.KeYParser       [syntax-error] file:/home/runner/work/key/key/key.core/build/resources/main/de/uka/ilkd/key/proof/rules/ifThenElseRules.key:233:14: mismatched input '\ifExintVar' expecting {MODALITY, FORALL, EXISTS, '\if', '\ifEx', 'true', 'false', '(', '{', '@', NOT, SEQARROW, '-', STRING_LITERAL, CHAR_LITERAL, BIN_LITERAL, HEX_LITERAL, IDENT, INT_LITERAL, FLOAT_LITERAL, DOUBLE_LITERAL, REAL_LITERAL} [@1539,6656:6666='\ifExintVar',<188>,233:14] (termorseq, taclet, rulesOrAxioms, decls, file) 
301914     WARN  Test worker     d.u.i.k.n.KeYParser       [syntax-error] file:/home/runner/work/key/key/key.core/build/resources/main/de/uka/ilkd/key/proof/rules/ifThenElseRules.key:233:27: extraneous input '(' expecting {'\lemma', '}', IDENT, '/*!'} [@1542,6669:6669='(',<146>,233:27] (rulesOrAxioms, decls, file) 
301914     WARN  Test worker     d.u.i.k.n.KeYParser       [syntax-error] file:/home/runner/work/key/key/key.core/build/resources/main/de/uka/ilkd/key/proof/rules/ifThenElseRules.key:233:31: mismatched input ')' expecting {'(', '{'} [@1544,6673:6673=')',<147>,233:31] (taclet, rulesOrAxioms, decls, file) 
301914     WARN  Test worker     d.u.i.k.n.KeYParser       [syntax-error] file:/home/runner/work/key/key/key.core/build/resources/main/de/uka/ilkd/key/proof/rules/ifThenElseRules.key:237:42: mismatched input '}' expecting {'(', '{'} [@1586,6850:6850='}',<149>,237:42] (taclet, rulesOrAxioms, decls, file) 
301914     WARN  Test worker     d.u.i.k.n.KeYParser       [syntax-error] file:/home/runner/work/key/key/key.core/build/resources/main/de/uka/ilkd/key/proof/rules/ifThenElseRules.key:238:34: mismatched input '}' expecting {'(', '{'} [@1599,6891:6891='}',<149>,238:34] (taclet, rulesOrAxioms, decls, file) 
301914     WARN  Test worker     d.u.i.k.n.KeYParser       [syntax-error] file:/home/runner/work/key/key/key.core/build/resources/main/de/uka/ilkd/key/proof/rules/ifThenElseRules.key:239:28: extraneous input '(' expecting {'\lemma', '}', IDENT, '/*!'} [@1608,6925:6925='(',<146>,239:28] (rulesOrAxioms, decls, file) 
301914     WARN  Test worker     d.u.i.k.n.KeYParser       [syntax-error] file:/home/runner/work/key/key/key.core/build/resources/main/de/uka/ilkd/key/proof/rules/ifThenElseRules.key:239:33: mismatched input '->' expecting {'(', '{'} [@1611,6930:6931='->',<158>,239:33] (taclet, rulesOrAxioms, decls, file) 
301914     WARN  Test worker     d.u.i.k.n.KeYParser       [syntax-error] file:/home/runner/work/key/key/key.core/build/resources/main/de/uka/ilkd/key/proof/rules/ifThenElseRules.key:240:8: extraneous input '\replacewith' expecting {'\lemma', '}', IDENT, '/*!'} [@1626,6979:6990='\replacewith',<105>,240:8] (rulesOrAxioms, decls, file) 
301915     WARN  Test worker     d.u.i.k.n.KeYParser       [syntax-error] file:/home/runner/work/key/key/key.core/build/resources/main/de/uka/ilkd/key/proof/rules/ifThenElseRules.key:240:25: mismatched input ')' expecting {'(', '{'} [@1629,6996:6996=')',<147>,240:25] (taclet, rulesOrAxioms, decls, file) 
301915     WARN  Test worker     d.u.i.k.n.KeYParser       [syntax-error] file:/home/runner/work/key/key/key.core/build/resources/main/de/uka/ilkd/key/proof/rules/ifThenElseRules.key:240:56: mismatched input ')' expecting {'(', '{'} [@1642,7027:7027=')',<147>,240:56] (taclet, rulesOrAxioms, decls, file) 
301915     WARN  Test worker     d.u.i.k.n.KeYParser       [syntax-error] file:/home/runner/work/key/key/key.core/build/resources/main/de/uka/ilkd/key/proof/rules/ifThenElseRules.key:245:14: mismatched input '\ifExintVar' expecting {MODALITY, FORALL, EXISTS, '\if', '\ifEx', 'true', 'false', '(', '{', '@', NOT, SEQARROW, '-', STRING_LITERAL, CHAR_LITERAL, BIN_LITERAL, HEX_LITERAL, IDENT, INT_LITERAL, FLOAT_LITERAL, DOUBLE_LITERAL, REAL_LITERAL} [@1658,7109:7119='\ifExintVar',<188>,245:14] (termorseq, taclet, rulesOrAxioms, decls, file) 
301915     WARN  Test worker     d.u.i.k.n.KeYParser       [syntax-error] file:/home/runner/work/key/key/key.core/build/resources/main/de/uka/ilkd/key/proof/rules/ifThenElseRules.key:245:27: extraneous input '(' expecting {'\lemma', '}', IDENT, '/*!'} [@1661,7122:7122='(',<146>,245:27] (rulesOrAxioms, decls, file) 
301915     WARN  Test worker     d.u.i.k.n.KeYParser       [syntax-error] file:/home/runner/work/key/key/key.core/build/resources/main/de/uka/ilkd/key/proof/rules/ifThenElseRules.key:245:31: mismatched input ')' expecting {'(', '{'} [@1663,7126:7126=')',<147>,245:31] (taclet, rulesOrAxioms, decls, file) 
301915     WARN  Test worker     d.u.i.k.n.KeYParser       [syntax-error] file:/home/runner/work/key/key/key.core/build/resources/main/de/uka/ilkd/key/proof/rules/ifThenElseRules.key:248:45: mismatched input '}' expecting {'(', '{'} [@1696,7268:7268='}',<149>,248:45] (taclet, rulesOrAxioms, decls, file) 
301915     WARN  Test worker     d.u.i.k.n.KeYParser       [syntax-error] file:/home/runner/work/key/key/key.core/build/resources/main/de/uka/ilkd/key/proof/rules/ifThenElseRules.key:249:8: extraneous input '\replacewith' expecting {'\lemma', '}', IDENT, '/*!'} [@1701,7284:7295='\replacewith',<105>,249:8] (rulesOrAxioms, decls, file) 
301915     WARN  Test worker     d.u.i.k.n.KeYParser       [syntax-error] file:/home/runner/work/key/key/key.core/build/resources/main/de/uka/ilkd/key/proof/rules/ifThenElseRules.key:249:38: mismatched input ')' expecting {'(', '{'} [@1708,7314:7314=')',<147>,249:38] (taclet, rulesOrAxioms, decls, file) 
301915     WARN  Test worker     d.u.i.k.n.KeYParser       [syntax-error] file:/home/runner/work/key/key/key.core/build/resources/main/de/uka/ilkd/key/proof/rules/ifThenElseRules.key:250:42: mismatched input '}' expecting {'(', '{'} [@1731,7381:7381='}',<149>,250:42] (taclet, rulesOrAxioms, decls, file) 
301915     WARN  Test worker     d.u.i.k.n.KeYParser       [syntax-error] file:/home/runner/work/key/key/key.core/build/resources/main/de/uka/ilkd/key/proof/rules/ifThenElseRules.key:251:28: extraneous input '(' expecting {'\lemma', '}', IDENT, '/*!'} [@1741,7416:7416='(',<146>,251:28] (rulesOrAxioms, decls, file) 
301916     WARN  Test worker     d.u.i.k.n.KeYParser       [syntax-error] file:/home/runner/work/key/key/key.core/build/resources/main/de/uka/ilkd/key/proof/rules/ifThenElseRules.key:251:33: mismatched input '->' expecting {'(', '{'} [@1744,7421:7422='->',<158>,251:33] (taclet, rulesOrAxioms, decls, file) 
301916     WARN  Test worker     d.u.i.k.n.KeYParser       [syntax-error] file:/home/runner/work/key/key/key.core/build/resources/main/de/uka/ilkd/key/proof/rules/ifThenElseRules.key:255:14: mismatched input '\ifExintVar' expecting {MODALITY, FORALL, EXISTS, '\if', '\ifEx', 'true', 'false', '(', '{', '@', NOT, SEQARROW, '-', STRING_LITERAL, CHAR_LITERAL, BIN_LITERAL, HEX_LITERAL, IDENT, INT_LITERAL, FLOAT_LITERAL, DOUBLE_LITERAL, REAL_LITERAL} [@1765,7506:7516='\ifExintVar',<188>,255:14] (termorseq, taclet, rulesOrAxioms, decls, file) 
301916     WARN  Test worker     d.u.i.k.n.KeYParser       [syntax-error] file:/home/runner/work/key/key/key.core/build/resources/main/de/uka/ilkd/key/proof/rules/ifThenElseRules.key:255:27: extraneous input '(' expecting {'\lemma', '}', IDENT, '/*!'} [@1768,7519:7519='(',<146>,255:27] (rulesOrAxioms, decls, file) 
301916     WARN  Test worker     d.u.i.k.n.KeYParser       [syntax-error] file:/home/runner/work/key/key/key.core/build/resources/main/de/uka/ilkd/key/proof/rules/ifThenElseRules.key:255:31: mismatched input ')' expecting {'(', '{'} [@1770,7523:7523=')',<147>,255:31] (taclet, rulesOrAxioms, decls, file) 
301916     WARN  Test worker     d.u.i.k.n.KeYParser       [syntax-error] file:/home/runner/work/key/key/key.core/build/resources/main/de/uka/ilkd/key/proof/rules/ifThenElseRules.key:258:52: extraneous input '0' expecting {'\lemma', '}', IDENT, '/*!'} [@1809,7667:7667='0',<184>,258:52] (rulesOrAxioms, decls, file) 
301916     WARN  Test worker     d.u.i.k.n.KeYParser       [syntax-error] file:/home/runner/work/key/key/key.core/build/resources/main/de/uka/ilkd/key/proof/rules/ifThenElseRules.key:258:54: mismatched input 'then' expecting {<EOF>, '\problem', '\chooseContract', '\proofObligation', '\proof'} [@1811,7669:7672='then',<183>,258:54] (file) 
301917     ERROR Test worker     d.u.i.k.s.n.MasterHandlerTest Error reading /home/runner/work/key/key/key.core/build/resources/test/de/uka/ilkd/key/smt/newsmt2/cases/ite1.props de.uka.ilkd.key.proof.io.ProblemLoaderException: line 135:14 mismatched input '\ifExintVar' expecting {MODALITY, FORALL, EXISTS, '\if', '\ifEx', 'true', 'false', '(', '{', '@', NOT, SEQARROW, '-', STRING_LITERAL, CHAR_LITERAL, BIN_LITERAL, HEX_LITERAL, IDENT, INT_LITERAL, FLOAT_LITERAL, DOUBLE_LITERAL, REAL_LITERAL}
line 135:27 extraneous input '(' expecting {'\lemma', '}', IDENT, '/*!'}
line 135:44 mismatched input ')' expecting {'(', '{'}
line 141:14 mismatched input '\ifExintVar' expecting {MODALITY, FORALL, EXISTS, '\if', '\ifEx', 'true', 'false', '(', '{', '@', NOT, SEQARROW, '-', STRING_LITERAL, CHAR_LITERAL, BIN_LITERAL, HEX_LITERAL, IDENT, INT_LITERAL, FLOAT_LITERAL, DOUBLE_LITERAL, REAL_LITERAL}
line 141:27 extraneous input '(' expecting {'\lemma', '}', IDENT, '/*!'}
line 141:41 mismatched input ')' expecting {'(', '{'}
line 148:14 mismatched input '\ifExintVar' expecting {MODALITY, FORALL, EXISTS, '\if', '\ifEx', 'true', 'false', '(', '{', '@', NOT, SEQARROW, '-', STRING_LITERAL, CHAR_LITERAL, BIN_LITERAL, HEX_LITERAL, IDENT, INT_LITERAL, FLOAT_LITERAL, DOUBLE_LITERAL, REAL_LITERAL}
line 148:27 extraneous input '(' expecting {'\lemma', '}', IDENT, '/*!'}
line 148:35 mismatched input '=' expecting {'(', '{'}
line 150:38 mismatched input '}' expecting {'(', '{'}
line 155:14 mismatched input '\ifExintVar' expecting {MODALITY, FORALL, EXISTS, '\if', '\ifEx', 'true', 'false', '(', '{', '@', NOT, SEQARROW, '-', STRING_LITERAL, CHAR_LITERAL, BIN_LITERAL, HEX_LITERAL, IDENT, INT_LITERAL, FLOAT_LITERAL, DOUBLE_LITERAL, REAL_LITERAL}
line 155:27 extraneous input '(' expecting {'\lemma', '}', IDENT, '/*!'}
line 155:35 mismatched input '=' expecting {'(', '{'}
line 157:38 mismatched input '}' expecting {'(', '{'}
line 163:14 mismatched input '\ifExintVar' expecting {MODALITY, FORALL, EXISTS, '\if', '\ifEx', 'true', 'false', '(', '{', '@', NOT, SEQARROW, '-', STRING_LITERAL, CHAR_LITERAL, BIN_LITERAL, HEX_LITERAL, IDENT, INT_LITERAL, FLOAT_LITERAL, DOUBLE_LITERAL, REAL_LITERAL}
line 163:27 extraneous input '(' expecting {'\lemma', '}', IDENT, '/*!'}
line 163:30 mismatched input '=' expecting {'(', '{'}
line 165:38 mismatched input '}' expecting {'(', '{'}
line 171:14 mismatched input '\ifExintVar' expecting {MODALITY, FORALL, EXISTS, '\if', '\ifEx', 'true', 'false', '(', '{', '@', NOT, SEQARROW, '-', STRING_LITERAL, CHAR_LITERAL, BIN_LITERAL, HEX_LITERAL, IDENT, INT_LITERAL, FLOAT_LITERAL, DOUBLE_LITERAL, REAL_LITERAL}
line 171:27 extraneous input '(' expecting {'\lemma', '}', IDENT, '/*!'}
line 171:30 mismatched input '=' expecting {'(', '{'}
line 173:38 mismatched input '}' expecting {'(', '{'}
line 179:14 mismatched input '\ifExintVar' expecting {MODALITY, FORALL, EXISTS, '\if', '\ifEx', 'true', 'false', '(', '{', '@', NOT, SEQARROW, '-', STRING_LITERAL, CHAR_LITERAL, BIN_LITERAL, HEX_LITERAL, IDENT, INT_LITERAL, FLOAT_LITERAL, DOUBLE_LITERAL, REAL_LITERAL}
line 179:27 extraneous input '(' expecting {'\lemma', '}', IDENT, '/*!'}
line 179:32 mismatched input '&' expecting {'(', '{'}
line 181:42 mismatched input '}' expecting {'(', '{'}
line 182:39 mismatched input '}' expecting {'(', '{'}
line 188:14 mismatched input '\ifExintVar' expecting {MODALITY, FORALL, EXISTS, '\if', '\ifEx', 'true', 'false', '(', '{', '@', NOT, SEQARROW, '-', STRING_LITERAL, CHAR_LITERAL, BIN_LITERAL, HEX_LITERAL, IDENT, INT_LITERAL, FLOAT_LITERAL, DOUBLE_LITERAL, REAL_LITERAL}
line 188:27 extraneous input '(' expecting {'\lemma', '}', IDENT, '/*!'}
line 188:32 mismatched input '&' expecting {'(', '{'}
line 190:42 mismatched input '}' expecting {'(', '{'}
line 191:39 mismatched input '}' expecting {'(', '{'}
line 198:14 mismatched input '\ifExintVar' expecting {MODALITY, FORALL, EXISTS, '\if', '\ifEx', 'true', 'false', '(', '{', '@', NOT, SEQARROW, '-', STRING_LITERAL, CHAR_LITERAL, BIN_LITERAL, HEX_LITERAL, IDENT, INT_LITERAL, FLOAT_LITERAL, DOUBLE_LITERAL, REAL_LITERAL}
line 198:27 extraneous input '(' expecting {'\lemma', '}', IDENT, '/*!'}
line 198:32 mismatched input '&' expecting {'(', '{'}
line 200:42 mismatched input '}' expecting {'(', '{'}
line 201:39 mismatched input '}' expecting {'(', '{'}
line 208:14 mismatched input '\ifExintVar' expecting {MODALITY, FORALL, EXISTS, '\if', '\ifEx', 'true', 'false', '(', '{', '@', NOT, SEQARROW, '-', STRING_LITERAL, CHAR_LITERAL, BIN_LITERAL, HEX_LITERAL, IDENT, INT_LITERAL, FLOAT_LITERAL, DOUBLE_LITERAL, REAL_LITERAL}
line 208:27 extraneous input '(' expecting {'\lemma', '}', IDENT, '/*!'}
line 208:32 mismatched input '&' expecting {'(', '{'}
line 210:42 mismatched input '}' expecting {'(', '{'}
line 211:39 mismatched input '}' expecting {'(', '{'}
line 218:14 mismatched input '\ifExintVar' expecting {MODALITY, FORALL, EXISTS, '\if', '\ifEx', 'true', 'false', '(', '{', '@', NOT, SEQARROW, '-', STRING_LITERAL, CHAR_LITERAL, BIN_LITERAL, HEX_LITERAL, IDENT, INT_LITERAL, FLOAT_LITERAL, DOUBLE_LITERAL, REAL_LITERAL}
line 218:27 extraneous input '(' expecting {'\lemma', '}', IDENT, '/*!'}
line 218:31 mismatched input ')' expecting {'(', '{'}
line 220:44 mismatched input ')' expecting {'(', '{'}
line 225:14 mismatched input '\ifExintVar' expecting {MODALITY, FORALL, EXISTS, '\if', '\ifEx', 'true', 'false', '(', '{', '@', NOT, SEQARROW, '-', STRING_LITERAL, CHAR_LITERAL, BIN_LITERAL, HEX_LITERAL, IDENT, INT_LITERAL, FLOAT_LITERAL, DOUBLE_LITERAL, REAL_LITERAL}
line 225:27 extraneous input '(' expecting {'\lemma', '}', IDENT, '/*!'}
line 225:31 mismatched input ')' expecting {'(', '{'}
line 227:44 mismatched input ')' expecting {'(', '{'}
line 233:14 mismatched input '\ifExintVar' expecting {MODALITY, FORALL, EXISTS, '\if', '\ifEx', 'true', 'false', '(', '{', '@', NOT, SEQARROW, '-', STRING_LITERAL, CHAR_LITERAL, BIN_LITERAL, HEX_LITERAL, IDENT, INT_LITERAL, FLOAT_LITERAL, DOUBLE_LITERAL, REAL_LITERAL}
line 233:27 extraneous input '(' expecting {'\lemma', '}', IDENT, '/*!'}
line 233:31 mismatched input ')' expecting {'(', '{'}
line 237:42 mismatched input '}' expecting {'(', '{'}
line 238:34 mismatched input '}' expecting {'(', '{'}
line 239:28 extraneous input '(' expecting {'\lemma', '}', IDENT, '/*!'}
line 239:33 mismatched input '->' expecting {'(', '{'}
line 240:8 extraneous input '\replacewith' expecting {'\lemma', '}', IDENT, '/*!'}
line 240:25 mismatched input ')' expecting {'(', '{'}
line 240:56 mismatched input ')' expecting {'(', '{'}
line 245:14 mismatched input '\ifExintVar' expecting {MODALITY, FORALL, EXISTS, '\if', '\ifEx', 'true', 'false', '(', '{', '@', NOT, SEQARROW, '-', STRING_LITERAL, CHAR_LITERAL, BIN_LITERAL, HEX_LITERAL, IDENT, INT_LITERAL, FLOAT_LITERAL, DOUBLE_LITERAL, REAL_LITERAL}
line 245:27 extraneous input '(' expecting {'\lemma', '}', IDENT, '/*!'}
line 245:31 mismatched input ')' expecting {'(', '{'}
line 248:45 mismatched input '}' expecting {'(', '{'}
line 249:8 extraneous input '\replacewith' expecting {'\lemma', '}', IDENT, '/*!'}
line 249:38 mismatched input ')' expecting {'(', '{'}
line 250:42 mismatched input '}' expecting {'(', '{'}
line 251:28 extraneous input '(' expecting {'\lemma', '}', IDENT, '/*!'}
line 251:33 mismatched input '->' expecting {'(', '{'}
line 255:14 mismatched input '\ifExintVar' expecting {MODALITY, FORALL, EXISTS, '\if', '\ifEx', 'true', 'false', '(', '{', '@', NOT, SEQARROW, '-', STRING_LITERAL, CHAR_LITERAL, BIN_LITERAL, HEX_LITERAL, IDENT, INT_LITERAL, FLOAT_LITERAL, DOUBLE_LITERAL, REAL_LITERAL}
line 255:27 extraneous input '(' expecting {'\lemma', '}', IDENT, '/*!'}
line 255:31 mismatched input ')' expecting {'(', '{'}
line 258:52 extraneous input '0' expecting {'\lemma', '}', IDENT, '/*!'}
line 258:54 mismatched input 'then' expecting {<EOF>, '\problem', '\chooseContract', '\proofObligation', '\proof'}

	at de.uka.ilkd.key.control.AbstractUserInterfaceControl.load(AbstractUserInterfaceControl.java:221)
Caused by: de.uka.ilkd.key.proof.init.ProofInputException: line 135:14 mismatched input '\ifExintVar' expecting {MODALITY, FORALL, EXISTS, '\if', '\ifEx', 'true', 'false', '(', '{', '@', NOT, SEQARROW, '-', STRING_LITERAL, CHAR_LITERAL, BIN_LITERAL, HEX_LITERAL, IDENT, INT_LITERAL, FLOAT_LITERAL, DOUBLE_LITERAL, REAL_LITERAL}
line 135:27 extraneous input '(' expecting {'\lemma', '}', IDENT, '/*!'}
line 135:44 mismatched input ')' expecting {'(', '{'}
line 141:14 mismatched input '\ifExintVar' expecting {MODALITY, FORALL, EXISTS, '\if', '\ifEx', 'true', 'false', '(', '{', '@', NOT, SEQARROW, '-', STRING_LITERAL, CHAR_LITERAL, BIN_LITERAL, HEX_LITERAL, IDENT, INT_LITERAL, FLOAT_LITERAL, DOUBLE_LITERAL, REAL_LITERAL}
line 141:27 extraneous input '(' expecting {'\lemma', '}', IDENT, '/*!'}
line 141:41 mismatched input ')' expecting {'(', '{'}
line 148:14 mismatched input '\ifExintVar' expecting {MODALITY, FORALL, EXISTS, '\if', '\ifEx', 'true', 'false', '(', '{', '@', NOT, SEQARROW, '-', STRING_LITERAL, CHAR_LITERAL, BIN_LITERAL, HEX_LITERAL, IDENT, INT_LITERAL, FLOAT_LITERAL, DOUBLE_LITERAL, REAL_LITERAL}
line 148:27 extraneous input '(' expecting {'\lemma', '}', IDENT, '/*!'}
line 148:35 mismatched input '=' expecting {'(', '{'}
line 150:38 mismatched input '}' expecting {'(', '{'}
line 155:14 mismatched input '\ifExintVar' expecting {MODALITY, FORALL, EXISTS, '\if', '\ifEx', 'true', 'false', '(', '{', '@', NOT, SEQARROW, '-', STRING_LITERAL, CHAR_LITERAL, BIN_LITERAL, HEX_LITERAL, IDENT, INT_LITERAL, FLOAT_LITERAL, DOUBLE_LITERAL, REAL_LITERAL}
line 155:27 extraneous input '(' expecting {'\lemma', '}', IDENT, '/*!'}
line 155:35 mismatched input '=' expecting {'(', '{'}
line 157:38 mismatched input '}' expecting {'(', '{'}
line 163:14 mismatched input '\ifExintVar' expecting {MODALITY, FORALL, EXISTS, '\if', '\ifEx', 'true', 'false', '(', '{', '@', NOT, SEQARROW, '-', STRING_LITERAL, CHAR_LITERAL, BIN_LITERAL, HEX_LITERAL, IDENT, INT_LITERAL, FLOAT_LITERAL, DOUBLE_LITERAL, REAL_LITERAL}
line 163:27 extraneous input '(' expecting {'\lemma', '}', IDENT, '/*!'}
line 163:30 mismatched input '=' expecting {'(', '{'}
line 165:38 mismatched input '}' expecting {'(', '{'}
line 171:14 mismatched input '\ifExintVar' expecting {MODALITY, FORALL, EXISTS, '\if', '\ifEx', 'true', 'false', '(', '{', '@', NOT, SEQARROW, '-', STRING_LITERAL, CHAR_LITERAL, BIN_LITERAL, HEX_LITERAL, IDENT, INT_LITERAL, FLOAT_LITERAL, DOUBLE_LITERAL, REAL_LITERAL}
line 171:27 extraneous input '(' expecting {'\lemma', '}', IDENT, '/*!'}
line 171:30 mismatched input '=' expecting {'(', '{'}
line 173:38 mismatched input '}' expecting {'(', '{'}
line 179:14 mismatched input '\ifExintVar' expecting {MODALITY, FORALL, EXISTS, '\if', '\ifEx', 'true', 'false', '(', '{', '@', NOT, SEQARROW, '-', STRING_LITERAL, CHAR_LITERAL, BIN_LITERAL, HEX_LITERAL, IDENT, INT_LITERAL, FLOAT_LITERAL, DOUBLE_LITERAL, REAL_LITERAL}
line 179:27 extraneous input '(' expecting {'\lemma', '}', IDENT, '/*!'}
line 179:32 mismatched input '&' expecting {'(', '{'}
line 181:42 mismatched input '}' expecting {'(', '{'}
line 182:39 mismatched input '}' expecting {'(', '{'}
line 188:14 mismatched input '\ifExintVar' expecting {MODALITY, FORALL, EXISTS, '\if', '\ifEx', 'true', 'false', '(', '{', '@', NOT, SEQARROW, '-', STRING_LITERAL, CHAR_LITERAL, BIN_LITERAL, HEX_LITERAL, IDENT, INT_LITERAL, FLOAT_LITERAL, DOUBLE_LITERAL, REAL_LITERAL}
line 188:27 extraneous input '(' expecting {'\lemma', '}', IDENT, '/*!'}
line 188:32 mismatched input '&' expecting {'(', '{'}
line 190:42 mismatched input '}' expecting {'(', '{'}
line 191:39 mismatched input '}' expecting {'(', '{'}
line 198:14 mismatched input '\ifExintVar' expecting {MODALITY, FORALL, EXISTS, '\if', '\ifEx', 'true', 'false', '(', '{', '@', NOT, SEQARROW, '-', STRING_LITERAL, CHAR_LITERAL, BIN_LITERAL, HEX_LITERAL, IDENT, INT_LITERAL, FLOAT_LITERAL, DOUBLE_LITERAL, REAL_LITERAL}
line 198:27 extraneous input '(' expecting {'\lemma', '}', IDENT, '/*!'}
line 198:32 mismatched input '&' expecting {'(', '{'}
line 200:42 mismatched input '}' expecting {'(', '{'}
line 201:39 mismatched input '}' expecting {'(', '{'}
line 208:14 mismatched input '\ifExintVar' expecting {MODALITY, FORALL, EXISTS, '\if', '\ifEx', 'true', 'false', '(', '{', '@', NOT, SEQARROW, '-', STRING_LITERAL, CHAR_LITERAL, BIN_LITERAL, HEX_LITERAL, IDENT, INT_LITERAL, FLOAT_LITERAL, DOUBLE_LITERAL, REAL_LITERAL}
line 208:27 extraneous input '(' expecting {'\lemma', '}', IDENT, '/*!'}
line 208:32 mismatched input '&' expecting {'(', '{'}
line 210:42 mismatched input '}' expecting {'(', '{'}
line 211:39 mismatched input '}' expecting {'(', '{'}
line 218:14 mismatched input '\ifExintVar' expecting {MODALITY, FORALL, EXISTS, '\if', '\ifEx', 'true', 'false', '(', '{', '@', NOT, SEQARROW, '-', STRING_LITERAL, CHAR_LITERAL, BIN_LITERAL, HEX_LITERAL, IDENT, INT_LITERAL, FLOAT_LITERAL, DOUBLE_LITERAL, REAL_LITERAL}
line 218:27 extraneous input '(' expecting {'\lemma', '}', IDENT, '/*!'}
line 218:31 mismatched input ')' expecting {'(', '{'}
line 220:44 mismatched input ')' expecting {'(', '{'}
line 225:14 mismatched input '\ifExintVar' expecting {MODALITY, FORALL, EXISTS, '\if', '\ifEx', 'true', 'false', '(', '{', '@', NOT, SEQARROW, '-', STRING_LITERAL, CHAR_LITERAL, BIN_LITERAL, HEX_LITERAL, IDENT, INT_LITERAL, FLOAT_LITERAL, DOUBLE_LITERAL, REAL_LITERAL}
line 225:27 extraneous input '(' expecting {'\lemma', '}', IDENT, '/*!'}
line 225:31 mismatched input ')' expecting {'(', '{'}
line 227:44 mismatched input ')' expecting {'(', '{'}
line 233:14 mismatched input '\ifExintVar' expecting {MODALITY, FORALL, EXISTS, '\if', '\ifEx', 'true', 'false', '(', '{', '@', NOT, SEQARROW, '-', STRING_LITERAL, CHAR_LITERAL, BIN_LITERAL, HEX_LITERAL, IDENT, INT_LITERAL, FLOAT_LITERAL, DOUBLE_LITERAL, REAL_LITERAL}
line 233:27 extraneous input '(' expecting {'\lemma', '}', IDENT, '/*!'}
line 233:31 mismatched input ')' expecting {'(', '{'}
line 237:42 mismatched input '}' expecting {'(', '{'}
line 238:34 mismatched input '}' expecting {'(', '{'}
line 239:28 extraneous input '(' expecting {'\lemma', '}', IDENT, '/*!'}
line 239:33 mismatched input '->' expecting {'(', '{'}
line 240:8 extraneous input '\replacewith' expecting {'\lemma', '}', IDENT, '/*!'}
line 240:25 mismatched input ')' expecting {'(', '{'}
line 240:56 mismatched input ')' expecting {'(', '{'}
line 245:14 mismatched input '\ifExintVar' expecting {MODALITY, FORALL, EXISTS, '\if', '\ifEx', 'true', 'false', '(', '{', '@', NOT, SEQARROW, '-', STRING_LITERAL, CHAR_LITERAL, BIN_LITERAL, HEX_LITERAL, IDENT, INT_LITERAL, FLOAT_LITERAL, DOUBLE_LITERAL, REAL_LITERAL}
line 245:27 extraneous input '(' expecting {'\lemma', '}', IDENT, '/*!'}
line 245:31 mismatched input ')' expecting {'(', '{'}
line 248:45 mismatched input '}' expecting {'(', '{'}
line 249:8 extraneous input '\replacewith' expecting {'\lemma', '}', IDENT, '/*!'}
line 249:38 mismatched input ')' expecting {'(', '{'}
line 250:42 mismatched input '}' expecting {'(', '{'}
line 251:28 extraneous input '(' expecting {'\lemma', '}', IDENT, '/*!'}
line 251:33 mismatched input '->' expecting {'(', '{'}
line 255:14 mismatched input '\ifExintVar' expecting {MODALITY, FORALL, EXISTS, '\if', '\ifEx', 'true', 'false', '(', '{', '@', NOT, SEQARROW, '-', STRING_LITERAL, CHAR_LITERAL, BIN_LITERAL, HEX_LITERAL, IDENT, INT_LITERAL, FLOAT_LITERAL, DOUBLE_LITERAL, REAL_LITERAL}
line 255:27 extraneous input '(' expecting {'\lemma', '}', IDENT, '/*!'}
line 255:31 mismatched input ')' expecting {'(', '{'}
line 258:52 extraneous input '0' expecting {'\lemma', '}', IDENT, '/*!'}
line 258:54 mismatched input 'then' expecting {<EOF>, '\problem', '\chooseContract', '\proofObligation', '\proof'}

	at de.uka.ilkd.key.proof.io.KeYFile.readIncludes(KeYFile.java:210)
Caused by: de.uka.ilkd.key.util.parsing.SyntaxErrorReporter$ParserException: line 135:14 mismatched input '\ifExintVar' expecting {MODALITY, FORALL, EXISTS, '\if', '\ifEx', 'true', 'false', '(', '{', '@', NOT, SEQARROW, '-', STRING_LITERAL, CHAR_LITERAL, BIN_LITERAL, HEX_LITERAL, IDENT, INT_LITERAL, FLOAT_LITERAL, DOUBLE_LITERAL, REAL_LITERAL}
line 135:27 extraneous input '(' expecting {'\lemma', '}', IDENT, '/*!'}
line 135:44 mismatched input ')' expecting {'(', '{'}
line 141:14 mismatched input '\ifExintVar' expecting {MODALITY, FORALL, EXISTS, '\if', '\ifEx', 'true', 'false', '(', '{', '@', NOT, SEQARROW, '-', STRING_LITERAL, CHAR_LITERAL, BIN_LITERAL, HEX_LITERAL, IDENT, INT_LITERAL, FLOAT_LITERAL, DOUBLE_LITERAL, REAL_LITERAL}
line 141:27 extraneous input '(' expecting {'\lemma', '}', IDENT, '/*!'}
line 141:41 mismatched input ')' expecting {'(', '{'}
line 148:14 mismatched input '\ifExintVar' expecting {MODALITY, FORALL, EXISTS, '\if', '\ifEx', 'true', 'false', '(', '{', '@', NOT, SEQARROW, '-', STRING_LITERAL, CHAR_LITERAL, BIN_LITERAL, HEX_LITERAL, IDENT, INT_LITERAL, FLOAT_LITERAL, DOUBLE_LITERAL, REAL_LITERAL}
line 148:27 extraneous input '(' expecting {'\lemma', '}', IDENT, '/*!'}
line 148:35 mismatched input '=' expecting {'(', '{'}
line 150:38 mismatched input '}' expecting {'(', '{'}
line 155:14 mismatched input '\ifExintVar' expecting {MODALITY, FORALL, EXISTS, '\if', '\ifEx', 'true', 'false', '(', '{', '@', NOT, SEQARROW, '-', STRING_LITERAL, CHAR_LITERAL, BIN_LITERAL, HEX_LITERAL, IDENT, INT_LITERAL, FLOAT_LITERAL, DOUBLE_LITERAL, REAL_LITERAL}
line 155:27 extraneous input '(' expecting {'\lemma', '}', IDENT, '/*!'}
line 155:35 mismatched input '=' expecting {'(', '{'}
line 157:38 mismatched input '}' expecting {'(', '{'}
line 163:14 mismatched input '\ifExintVar' expecting {MODALITY, FORALL, EXISTS, '\if', '\ifEx', 'true', 'false', '(', '{', '@', NOT, SEQARROW, '-', STRING_LITERAL, CHAR_LITERAL, BIN_LITERAL, HEX_LITERAL, IDENT, INT_LITERAL, FLOAT_LITERAL, DOUBLE_LITERAL, REAL_LITERAL}
line 163:27 extraneous input '(' expecting {'\lemma', '}', IDENT, '/*!'}
line 163:30 mismatched input '=' expecting {'(', '{'}
line 165:38 mismatched input '}' expecting {'(', '{'}
line 171:14 mismatched input '\ifExintVar' expecting {MODALITY, FORALL, EXISTS, '\if', '\ifEx', 'true', 'false', '(', '{', '@', NOT, SEQARROW, '-', STRING_LITERAL, CHAR_LITERAL, BIN_LITERAL, HEX_LITERAL, IDENT, INT_LITERAL, FLOAT_LITERAL, DOUBLE_LITERAL, REAL_LITERAL}
line 171:27 extraneous input '(' expecting {'\lemma', '}', IDENT, '/*!'}
line 171:30 mismatched input '=' expecting {'(', '{'}
line 173:38 mismatched input '}' expecting {'(', '{'}
line 179:14 mismatched input '\ifExintVar' expecting {MODALITY, FORALL, EXISTS, '\if', '\ifEx', 'true', 'false', '(', '{', '@', NOT, SEQARROW, '-', STRING_LITERAL, CHAR_LITERAL, BIN_LITERAL, HEX_LITERAL, IDENT, INT_LITERAL, FLOAT_LITERAL, DOUBLE_LITERAL, REAL_LITERAL}
line 179:27 extraneous input '(' expecting {'\lemma', '}', IDENT, '/*!'}
line 179:32 mismatched input '&' expecting {'(', '{'}
line 181:42 mismatched input '}' expecting {'(', '{'}
line 182:39 mismatched input '}' expecting {'(', '{'}
line 188:14 mismatched input '\ifExintVar' expecting {MODALITY, FORALL, EXISTS, '\if', '\ifEx', 'true', 'false', '(', '{', '@', NOT, SEQARROW, '-', STRING_LITERAL, CHAR_LITERAL, BIN_LITERAL, HEX_LITERAL, IDENT, INT_LITERAL, FLOAT_LITERAL, DOUBLE_LITERAL, REAL_LITERAL}
line 188:27 extraneous input '(' expecting {'\lemma', '}', IDENT, '/*!'}
line 188:32 mismatched input '&' expecting {'(', '{'}
line 190:42 mismatched input '}' expecting {'(', '{'}
line 191:39 mismatched input '}' expecting {'(', '{'}
line 198:14 mismatched input '\ifExintVar' expecting {MODALITY, FORALL, EXISTS, '\if', '\ifEx', 'true', 'false', '(', '{', '@', NOT, SEQARROW, '-', STRING_LITERAL, CHAR_LITERAL, BIN_LITERAL, HEX_LITERAL, IDENT, INT_LITERAL, FLOAT_LITERAL, DOUBLE_LITERAL, REAL_LITERAL}
line 198:27 extraneous input '(' expecting {'\lemma', '}', IDENT, '/*!'}
line 198:32 mismatched input '&' expecting {'(', '{'}
line 200:42 mismatched input '}' expecting {'(', '{'}
line 201:39 mismatched input '}' expecting {'(', '{'}
line 208:14 mismatched input '\ifExintVar' expecting {MODALITY, FORALL, EXISTS, '\if', '\ifEx', 'true', 'false', '(', '{', '@', NOT, SEQARROW, '-', STRING_LITERAL, CHAR_LITERAL, BIN_LITERAL, HEX_LITERAL, IDENT, INT_LITERAL, FLOAT_LITERAL, DOUBLE_LITERAL, REAL_LITERAL}
line 208:27 extraneous input '(' expecting {'\lemma', '}', IDENT, '/*!'}
line 208:32 mismatched input '&' expecting {'(', '{'}
line 210:42 mismatched input '}' expecting {'(', '{'}
line 211:39 mismatched input '}' expecting {'(', '{'}
line 218:14 mismatched input '\ifExintVar' expecting {MODALITY, FORALL, EXISTS, '\if', '\ifEx', 'true', 'false', '(', '{', '@', NOT, SEQARROW, '-', STRING_LITERAL, CHAR_LITERAL, BIN_LITERAL, HEX_LITERAL, IDENT, INT_LITERAL, FLOAT_LITERAL, DOUBLE_LITERAL, REAL_LITERAL}
line 218:27 extraneous input '(' expecting {'\lemma', '}', IDENT, '/*!'}
line 218:31 mismatched input ')' expecting {'(', '{'}
line 220:44 mismatched input ')' expecting {'(', '{'}
line 225:14 mismatched input '\ifExintVar' expecting {MODALITY, FORALL, EXISTS, '\if', '\ifEx', 'true', 'false', '(', '{', '@', NOT, SEQARROW, '-', STRING_LITERAL, CHAR_LITERAL, BIN_LITERAL, HEX_LITERAL, IDENT, INT_LITERAL, FLOAT_LITERAL, DOUBLE_LITERAL, REAL_LITERAL}
line 225:27 extraneous input '(' expecting {'\lemma', '}', IDENT, '/*!'}
line 225:31 mismatched input ')' expecting {'(', '{'}
line 227:44 mismatched input ')' expecting {'(', '{'}
line 233:14 mismatched input '\ifExintVar' expecting {MODALITY, FORALL, EXISTS, '\if', '\ifEx', 'true', 'false', '(', '{', '@', NOT, SEQARROW, '-', STRING_LITERAL, CHAR_LITERAL, BIN_LITERAL, HEX_LITERAL, IDENT, INT_LITERAL, FLOAT_LITERAL, DOUBLE_LITERAL, REAL_LITERAL}
line 233:27 extraneous input '(' expecting {'\lemma', '}', IDENT, '/*!'}
line 233:31 mismatched input ')' expecting {'(', '{'}
line 237:42 mismatched input '}' expecting {'(', '{'}
line 238:34 mismatched input '}' expecting {'(', '{'}
line 239:28 extraneous input '(' expecting {'\lemma', '}', IDENT, '/*!'}
line 239:33 mismatched input '->' expecting {'(', '{'}
line 240:8 extraneous input '\replacewith' expecting {'\lemma', '}', IDENT, '/*!'}
line 240:25 mismatched input ')' expecting {'(', '{'}
line 240:56 mismatched input ')' expecting {'(', '{'}
line 245:14 mismatched input '\ifExintVar' expecting {MODALITY, FORALL, EXISTS, '\if', '\ifEx', 'true', 'false', '(', '{', '@', NOT, SEQARROW, '-', STRING_LITERAL, CHAR_LITERAL, BIN_LITERAL, HEX_LITERAL, IDENT, INT_LITERAL, FLOAT_LITERAL, DOUBLE_LITERAL, REAL_LITERAL}
line 245:27 extraneous input '(' expecting {'\lemma', '}', IDENT, '/*!'}
line 245:31 mismatched input ')' expecting {'(', '{'}
line 248:45 mismatched input '}' expecting {'(', '{'}
line 249:8 extraneous input '\replacewith' expecting {'\lemma', '}', IDENT, '/*!'}
line 249:38 mismatched input ')' expecting {'(', '{'}
line 250:42 mismatched input '}' expecting {'(', '{'}
line 251:28 extraneous input '(' expecting {'\lemma', '}', IDENT, '/*!'}
line 251:33 mismatched input '->' expecting {'(', '{'}
line 255:14 mismatched input '\ifExintVar' expecting {MODALITY, FORALL, EXISTS, '\if', '\ifEx', 'true', 'false', '(', '{', '@', NOT, SEQARROW, '-', STRING_LITERAL, CHAR_LITERAL, BIN_LITERAL, HEX_LITERAL, IDENT, INT_LITERAL, FLOAT_LITERAL, DOUBLE_LITERAL, REAL_LITERAL}
line 255:27 extraneous input '(' expecting {'\lemma', '}', IDENT, '/*!'}
line 255:31 mismatched input ')' expecting {'(', '{'}
line 258:52 extraneous input '0' expecting {'\lemma', '}', IDENT, '/*!'}
line 258:54 mismatched input 'then' expecting {<EOF>, '\problem', '\chooseContract', '\proofObligation', '\proof'}

	at de.uka.ilkd.key.util.parsing.SyntaxErrorReporter.throwException(SyntaxErrorReporter.java:89)

301967     WARN  Test worker     d.u.i.k.n.KeYParser       [syntax-error] file:/home/runner/work/key/key/key.core/build/resources/main/de/uka/ilkd/key/proof/rules/ifThenElseRules.key:135:14: mismatched input '\ifExintVar' expecting {MODALITY, FORALL, EXISTS, '\if', '\ifEx', 'true', 'false', '(', '{', '@', NOT, SEQARROW, '-', STRING_LITERAL, CHAR_LITERAL, BIN_LITERAL, HEX_LITERAL, IDENT, INT_LITERAL, FLOAT_LITERAL, DOUBLE_LITERAL, REAL_LITERAL} [@745,3563:3573='\ifExintVar',<188>,135:14] (termorseq, taclet, rulesOrAxioms, decls, file) 
301978     WARN  Test worker     d.u.i.k.n.KeYParser       [syntax-error] file:/home/runner/work/key/key/key.core/build/resources/main/de/uka/ilkd/key/proof/rules/ifThenElseRules.key:135:27: extraneous input '(' expecting {'\lemma', '}', IDENT, '/*!'} [@748,3576:3576='(',<146>,135:27] (rulesOrAxioms, decls, file) 
301979     WARN  Test worker     d.u.i.k.n.KeYParser       [syntax-error] file:/home/runner/work/key/key/key.core/build/resources/main/de/uka/ilkd/key/proof/rules/ifThenElseRules.key:135:44: mismatched input ')' expecting {'(', '{'} [@754,3593:3593=')',<147>,135:44] (taclet, rulesOrAxioms, decls, file) 
301979     WARN  Test worker     d.u.i.k.n.KeYParser       [syntax-error] file:/home/runner/work/key/key/key.core/build/resources/main/de/uka/ilkd/key/proof/rules/ifThenElseRules.key:141:14: mismatched input '\ifExintVar' expecting {MODALITY, FORALL, EXISTS, '\if', '\ifEx', 'true', 'false', '(', '{', '@', NOT, SEQARROW, '-', STRING_LITERAL, CHAR_LITERAL, BIN_LITERAL, HEX_LITERAL, IDENT, INT_LITERAL, FLOAT_LITERAL, DOUBLE_LITERAL, REAL_LITERAL} [@780,3716:3726='\ifExintVar',<188>,141:14] (termorseq, taclet, rulesOrAxioms, decls, file) 
301979     WARN  Test worker     d.u.i.k.n.KeYParser       [syntax-error] file:/home/runner/work/key/key/key.core/build/resources/main/de/uka/ilkd/key/proof/rules/ifThenElseRules.key:141:27: extraneous input '(' expecting {'\lemma', '}', IDENT, '/*!'} [@783,3729:3729='(',<146>,141:27] (rulesOrAxioms, decls, file) 
301979     WARN  Test worker     d.u.i.k.n.KeYParser       [syntax-error] file:/home/runner/work/key/key/key.core/build/resources/main/de/uka/ilkd/key/proof/rules/ifThenElseRules.key:141:41: mismatched input ')' expecting {'(', '{'} [@789,3743:3743=')',<147>,141:41] (taclet, rulesOrAxioms, decls, file) 
301979     WARN  Test worker     d.u.i.k.n.KeYParser       [syntax-error] file:/home/runner/work/key/key/key.core/build/resources/main/de/uka/ilkd/key/proof/rules/ifThenElseRules.key:148:14: mismatched input '\ifExintVar' expecting {MODALITY, FORALL, EXISTS, '\if', '\ifEx', 'true', 'false', '(', '{', '@', NOT, SEQARROW, '-', STRING_LITERAL, CHAR_LITERAL, BIN_LITERAL, HEX_LITERAL, IDENT, INT_LITERAL, FLOAT_LITERAL, DOUBLE_LITERAL, REAL_LITERAL} [@819,3896:3906='\ifExintVar',<188>,148:14] (termorseq, taclet, rulesOrAxioms, decls, file) 
301979     WARN  Test worker     d.u.i.k.n.KeYParser       [syntax-error] file:/home/runner/work/key/key/key.core/build/resources/main/de/uka/ilkd/key/proof/rules/ifThenElseRules.key:148:27: extraneous input '(' expecting {'\lemma', '}', IDENT, '/*!'} [@822,3909:3909='(',<146>,148:27] (rulesOrAxioms, decls, file) 
301979     WARN  Test worker     d.u.i.k.n.KeYParser       [syntax-error] file:/home/runner/work/key/key/key.core/build/resources/main/de/uka/ilkd/key/proof/rules/ifThenElseRules.key:148:35: mismatched input '=' expecting {'(', '{'} [@825,3917:3917='=',<159>,148:35] (taclet, rulesOrAxioms, decls, file) 
301980     WARN  Test worker     d.u.i.k.n.KeYParser       [syntax-error] file:/home/runner/work/key/key/key.core/build/resources/main/de/uka/ilkd/key/proof/rules/ifThenElseRules.key:150:38: mismatched input '}' expecting {'(', '{'} [@859,4023:4023='}',<149>,150:38] (taclet, rulesOrAxioms, decls, file) 
301980     WARN  Test worker     d.u.i.k.n.KeYParser       [syntax-error] file:/home/runner/work/key/key/key.core/build/resources/main/de/uka/ilkd/key/proof/rules/ifThenElseRules.key:155:14: mismatched input '\ifExintVar' expecting {MODALITY, FORALL, EXISTS, '\if', '\ifEx', 'true', 'false', '(', '{', '@', NOT, SEQARROW, '-', STRING_LITERAL, CHAR_LITERAL, BIN_LITERAL, HEX_LITERAL, IDENT, INT_LITERAL, FLOAT_LITERAL, DOUBLE_LITERAL, REAL_LITERAL} [@877,4109:4119='\ifExintVar',<188>,155:14] (termorseq, taclet, rulesOrAxioms, decls, file) 
301980     WARN  Test worker     d.u.i.k.n.KeYParser       [syntax-error] file:/home/runner/work/key/key/key.core/build/resources/main/de/uka/ilkd/key/proof/rules/ifThenElseRules.key:155:27: extraneous input '(' expecting {'\lemma', '}', IDENT, '/*!'} [@880,4122:4122='(',<146>,155:27] (rulesOrAxioms, decls, file) 
301980     WARN  Test worker     d.u.i.k.n.KeYParser       [syntax-error] file:/home/runner/work/key/key/key.core/build/resources/main/de/uka/ilkd/key/proof/rules/ifThenElseRules.key:155:35: mismatched input '=' expecting {'(', '{'} [@883,4130:4130='=',<159>,155:35] (taclet, rulesOrAxioms, decls, file) 
301980     WARN  Test worker     d.u.i.k.n.KeYParser       [syntax-error] file:/home/runner/work/key/key/key.core/build/resources/main/de/uka/ilkd/key/proof/rules/ifThenElseRules.key:157:38: mismatched input '}' expecting {'(', '{'} [@917,4230:4230='}',<149>,157:38] (taclet, rulesOrAxioms, decls, file) 
301980     WARN  Test worker     d.u.i.k.n.KeYParser       [syntax-error] file:/home/runner/work/key/key/key.core/build/resources/main/de/uka/ilkd/key/proof/rules/ifThenElseRules.key:163:14: mismatched input '\ifExintVar' expecting {MODALITY, FORALL, EXISTS, '\if', '\ifEx', 'true', 'false', '(', '{', '@', NOT, SEQARROW, '-', STRING_LITERAL, CHAR_LITERAL, BIN_LITERAL, HEX_LITERAL, IDENT, INT_LITERAL, FLOAT_LITERAL, DOUBLE_LITERAL, REAL_LITERAL} [@939,4350:4360='\ifExintVar',<188>,163:14] (termorseq, taclet, rulesOrAxioms, decls, file) 
301980     WARN  Test worker     d.u.i.k.n.KeYParser       [syntax-error] file:/home/runner/work/key/key/key.core/build/resources/main/de/uka/ilkd/key/proof/rules/ifThenElseRules.key:163:27: extraneous input '(' expecting {'\lemma', '}', IDENT, '/*!'} [@942,4363:4363='(',<146>,163:27] (rulesOrAxioms, decls, file) 
301980     WARN  Test worker     d.u.i.k.n.KeYParser       [syntax-error] file:/home/runner/work/key/key/key.core/build/resources/main/de/uka/ilkd/key/proof/rules/ifThenElseRules.key:163:30: mismatched input '=' expecting {'(', '{'} [@945,4366:4366='=',<159>,163:30] (taclet, rulesOrAxioms, decls, file) 
301981     WARN  Test worker     d.u.i.k.n.KeYParser       [syntax-error] file:/home/runner/work/key/key/key.core/build/resources/main/de/uka/ilkd/key/proof/rules/ifThenElseRules.key:165:38: mismatched input '}' expecting {'(', '{'} [@979,4477:4477='}',<149>,165:38] (taclet, rulesOrAxioms, decls, file) 
301981     WARN  Test worker     d.u.i.k.n.KeYParser       [syntax-error] file:/home/runner/work/key/key/key.core/build/resources/main/de/uka/ilkd/key/proof/rules/ifThenElseRules.key:171:14: mismatched input '\ifExintVar' expecting {MODALITY, FORALL, EXISTS, '\if', '\ifEx', 'true', 'false', '(', '{', '@', NOT, SEQARROW, '-', STRING_LITERAL, CHAR_LITERAL, BIN_LITERAL, HEX_LITERAL, IDENT, INT_LITERAL, FLOAT_LITERAL, DOUBLE_LITERAL, REAL_LITERAL} [@1001,4604:4614='\ifExintVar',<188>,171:14] (termorseq, taclet, rulesOrAxioms, decls, file) 
301981     WARN  Test worker     d.u.i.k.n.KeYParser       [syntax-error] file:/home/runner/work/key/key/key.core/build/resources/main/de/uka/ilkd/key/proof/rules/ifThenElseRules.key:171:27: extraneous input '(' expecting {'\lemma', '}', IDENT, '/*!'} [@1004,4617:4617='(',<146>,171:27] (rulesOrAxioms, decls, file) 
301981     WARN  Test worker     d.u.i.k.n.KeYParser       [syntax-error] file:/home/runner/work/key/key/key.core/build/resources/main/de/uka/ilkd/key/proof/rules/ifThenElseRules.key:171:30: mismatched input '=' expecting {'(', '{'} [@1007,4620:4620='=',<159>,171:30] (taclet, rulesOrAxioms, decls, file) 
301981     WARN  Test worker     d.u.i.k.n.KeYParser       [syntax-error] file:/home/runner/work/key/key/key.core/build/resources/main/de/uka/ilkd/key/proof/rules/ifThenElseRules.key:173:38: mismatched input '}' expecting {'(', '{'} [@1041,4725:4725='}',<149>,173:38] (taclet, rulesOrAxioms, decls, file) 
301981     WARN  Test worker     d.u.i.k.n.KeYParser       [syntax-error] file:/home/runner/work/key/key/key.core/build/resources/main/de/uka/ilkd/key/proof/rules/ifThenElseRules.key:179:14: mismatched input '\ifExintVar' expecting {MODALITY, FORALL, EXISTS, '\if', '\ifEx', 'true', 'false', '(', '{', '@', NOT, SEQARROW, '-', STRING_LITERAL, CHAR_LITERAL, BIN_LITERAL, HEX_LITERAL, IDENT, INT_LITERAL, FLOAT_LITERAL, DOUBLE_LITERAL, REAL_LITERAL} [@1063,4848:4858='\ifExintVar',<188>,179:14] (termorseq, taclet, rulesOrAxioms, decls, file) 
301981     WARN  Test worker     d.u.i.k.n.KeYParser       [syntax-error] file:/home/runner/work/key/key/key.core/build/resources/main/de/uka/ilkd/key/proof/rules/ifThenElseRules.key:179:27: extraneous input '(' expecting {'\lemma', '}', IDENT, '/*!'} [@1066,4861:4861='(',<146>,179:27] (rulesOrAxioms, decls, file) 
301981     WARN  Test worker     d.u.i.k.n.KeYParser       [syntax-error] file:/home/runner/work/key/key/key.core/build/resources/main/de/uka/ilkd/key/proof/rules/ifThenElseRules.key:179:32: mismatched input '&' expecting {'(', '{'} [@1069,4866:4866='&',<156>,179:32] (taclet, rulesOrAxioms, decls, file) 
301981     WARN  Test worker     d.u.i.k.n.KeYParser       [syntax-error] file:/home/runner/work/key/key/key.core/build/resources/main/de/uka/ilkd/key/proof/rules/ifThenElseRules.key:181:42: mismatched input '}' expecting {'(', '{'} [@1109,4985:4985='}',<149>,181:42] (taclet, rulesOrAxioms, decls, file) 
301982     WARN  Test worker     d.u.i.k.n.KeYParser       [syntax-error] file:/home/runner/work/key/key/key.core/build/resources/main/de/uka/ilkd/key/proof/rules/ifThenElseRules.key:182:39: mismatched input '}' expecting {'(', '{'} [@1122,5030:5030='}',<149>,182:39] (taclet, rulesOrAxioms, decls, file) 
301982     WARN  Test worker     d.u.i.k.n.KeYParser       [syntax-error] file:/home/runner/work/key/key/key.core/build/resources/main/de/uka/ilkd/key/proof/rules/ifThenElseRules.key:188:14: mismatched input '\ifExintVar' expecting {MODALITY, FORALL, EXISTS, '\if', '\ifEx', 'true', 'false', '(', '{', '@', NOT, SEQARROW, '-', STRING_LITERAL, CHAR_LITERAL, BIN_LITERAL, HEX_LITERAL, IDENT, INT_LITERAL, FLOAT_LITERAL, DOUBLE_LITERAL, REAL_LITERAL} [@1146,5149:5159='\ifExintVar',<188>,188:14] (termorseq, taclet, rulesOrAxioms, decls, file) 
301982     WARN  Test worker     d.u.i.k.n.KeYParser       [syntax-error] file:/home/runner/work/key/key/key.core/build/resources/main/de/uka/ilkd/key/proof/rules/ifThenElseRules.key:188:27: extraneous input '(' expecting {'\lemma', '}', IDENT, '/*!'} [@1149,5162:5162='(',<146>,188:27] (rulesOrAxioms, decls, file) 
301982     WARN  Test worker     d.u.i.k.n.KeYParser       [syntax-error] file:/home/runner/work/key/key/key.core/build/resources/main/de/uka/ilkd/key/proof/rules/ifThenElseRules.key:188:32: mismatched input '&' expecting {'(', '{'} [@1152,5167:5167='&',<156>,188:32] (taclet, rulesOrAxioms, decls, file) 
301982     WARN  Test worker     d.u.i.k.n.KeYParser       [syntax-error] file:/home/runner/work/key/key/key.core/build/resources/main/de/uka/ilkd/key/proof/rules/ifThenElseRules.key:190:42: mismatched input '}' expecting {'(', '{'} [@1192,5280:5280='}',<149>,190:42] (taclet, rulesOrAxioms, decls, file) 
301982     WARN  Test worker     d.u.i.k.n.KeYParser       [syntax-error] file:/home/runner/work/key/key/key.core/build/resources/main/de/uka/ilkd/key/proof/rules/ifThenElseRules.key:191:39: mismatched input '}' expecting {'(', '{'} [@1205,5325:5325='}',<149>,191:39] (taclet, rulesOrAxioms, decls, file) 
301982     WARN  Test worker     d.u.i.k.n.KeYParser       [syntax-error] file:/home/runner/work/key/key/key.core/build/resources/main/de/uka/ilkd/key/proof/rules/ifThenElseRules.key:198:14: mismatched input '\ifExintVar' expecting {MODALITY, FORALL, EXISTS, '\if', '\ifEx', 'true', 'false', '(', '{', '@', NOT, SEQARROW, '-', STRING_LITERAL, CHAR_LITERAL, BIN_LITERAL, HEX_LITERAL, IDENT, INT_LITERAL, FLOAT_LITERAL, DOUBLE_LITERAL, REAL_LITERAL} [@1233,5475:5485='\ifExintVar',<188>,198:14] (termorseq, taclet, rulesOrAxioms, decls, file) 
301982     WARN  Test worker     d.u.i.k.n.KeYParser       [syntax-error] file:/home/runner/work/key/key/key.core/build/resources/main/de/uka/ilkd/key/proof/rules/ifThenElseRules.key:198:27: extraneous input '(' expecting {'\lemma', '}', IDENT, '/*!'} [@1236,5488:5488='(',<146>,198:27] (rulesOrAxioms, decls, file) 
301983     WARN  Test worker     d.u.i.k.n.KeYParser       [syntax-error] file:/home/runner/work/key/key/key.core/build/resources/main/de/uka/ilkd/key/proof/rules/ifThenElseRules.key:198:32: mismatched input '&' expecting {'(', '{'} [@1239,5493:5493='&',<156>,198:32] (taclet, rulesOrAxioms, decls, file) 
301983     WARN  Test worker     d.u.i.k.n.KeYParser       [syntax-error] file:/home/runner/work/key/key/key.core/build/resources/main/de/uka/ilkd/key/proof/rules/ifThenElseRules.key:200:42: mismatched input '}' expecting {'(', '{'} [@1279,5612:5612='}',<149>,200:42] (taclet, rulesOrAxioms, decls, file) 
301983     WARN  Test worker     d.u.i.k.n.KeYParser       [syntax-error] file:/home/runner/work/key/key/key.core/build/resources/main/de/uka/ilkd/key/proof/rules/ifThenElseRules.key:201:39: mismatched input '}' expecting {'(', '{'} [@1292,5657:5657='}',<149>,201:39] (taclet, rulesOrAxioms, decls, file) 
301983     WARN  Test worker     d.u.i.k.n.KeYParser       [syntax-error] file:/home/runner/work/key/key/key.core/build/resources/main/de/uka/ilkd/key/proof/rules/ifThenElseRules.key:208:14: mismatched input '\ifExintVar' expecting {MODALITY, FORALL, EXISTS, '\if', '\ifEx', 'true', 'false', '(', '{', '@', NOT, SEQARROW, '-', STRING_LITERAL, CHAR_LITERAL, BIN_LITERAL, HEX_LITERAL, IDENT, INT_LITERAL, FLOAT_LITERAL, DOUBLE_LITERAL, REAL_LITERAL} [@1320,5817:5827='\ifExintVar',<188>,208:14] (termorseq, taclet, rulesOrAxioms, decls, file) 
301983     WARN  Test worker     d.u.i.k.n.KeYParser       [syntax-error] file:/home/runner/work/key/key/key.core/build/resources/main/de/uka/ilkd/key/proof/rules/ifThenElseRules.key:208:27: extraneous input '(' expecting {'\lemma', '}', IDENT, '/*!'} [@1323,5830:5830='(',<146>,208:27] (rulesOrAxioms, decls, file) 
301983     WARN  Test worker     d.u.i.k.n.KeYParser       [syntax-error] file:/home/runner/work/key/key/key.core/build/resources/main/de/uka/ilkd/key/proof/rules/ifThenElseRules.key:208:32: mismatched input '&' expecting {'(', '{'} [@1326,5835:5835='&',<156>,208:32] (taclet, rulesOrAxioms, decls, file) 
301983     WARN  Test worker     d.u.i.k.n.KeYParser       [syntax-error] file:/home/runner/work/key/key/key.core/build/resources/main/de/uka/ilkd/key/proof/rules/ifThenElseRules.key:210:42: mismatched input '}' expecting {'(', '{'} [@1366,5948:5948='}',<149>,210:42] (taclet, rulesOrAxioms, decls, file) 
301983     WARN  Test worker     d.u.i.k.n.KeYParser       [syntax-error] file:/home/runner/work/key/key/key.core/build/resources/main/de/uka/ilkd/key/proof/rules/ifThenElseRules.key:211:39: mismatched input '}' expecting {'(', '{'} [@1379,5993:5993='}',<149>,211:39] (taclet, rulesOrAxioms, decls, file) 
301983     WARN  Test worker     d.u.i.k.n.KeYParser       [syntax-error] file:/home/runner/work/key/key/key.core/build/resources/main/de/uka/ilkd/key/proof/rules/ifThenElseRules.key:218:14: mismatched input '\ifExintVar' expecting {MODALITY, FORALL, EXISTS, '\if', '\ifEx', 'true', 'false', '(', '{', '@', NOT, SEQARROW, '-', STRING_LITERAL, CHAR_LITERAL, BIN_LITERAL, HEX_LITERAL, IDENT, INT_LITERAL, FLOAT_LITERAL, DOUBLE_LITERAL, REAL_LITERAL} [@1407,6146:6156='\ifExintVar',<188>,218:14] (termorseq, taclet, rulesOrAxioms, decls, file) 
301984     WARN  Test worker     d.u.i.k.n.KeYParser       [syntax-error] file:/home/runner/work/key/key/key.core/build/resources/main/de/uka/ilkd/key/proof/rules/ifThenElseRules.key:218:27: extraneous input '(' expecting {'\lemma', '}', IDENT, '/*!'} [@1410,6159:6159='(',<146>,218:27] (rulesOrAxioms, decls, file) 
301984     WARN  Test worker     d.u.i.k.n.KeYParser       [syntax-error] file:/home/runner/work/key/key/key.core/build/resources/main/de/uka/ilkd/key/proof/rules/ifThenElseRules.key:218:31: mismatched input ')' expecting {'(', '{'} [@1412,6163:6163=')',<147>,218:31] (taclet, rulesOrAxioms, decls, file) 
301984     WARN  Test worker     d.u.i.k.n.KeYParser       [syntax-error] file:/home/runner/work/key/key/key.core/build/resources/main/de/uka/ilkd/key/proof/rules/ifThenElseRules.key:220:44: mismatched input ')' expecting {'(', '{'} [@1444,6275:6275=')',<147>,220:44] (taclet, rulesOrAxioms, decls, file) 
301984     WARN  Test worker     d.u.i.k.n.KeYParser       [syntax-error] file:/home/runner/work/key/key/key.core/build/resources/main/de/uka/ilkd/key/proof/rules/ifThenElseRules.key:225:14: mismatched input '\ifExintVar' expecting {MODALITY, FORALL, EXISTS, '\if', '\ifEx', 'true', 'false', '(', '{', '@', NOT, SEQARROW, '-', STRING_LITERAL, CHAR_LITERAL, BIN_LITERAL, HEX_LITERAL, IDENT, INT_LITERAL, FLOAT_LITERAL, DOUBLE_LITERAL, REAL_LITERAL} [@1471,6389:6399='\ifExintVar',<188>,225:14] (termorseq, taclet, rulesOrAxioms, decls, file) 
301984     WARN  Test worker     d.u.i.k.n.KeYParser       [syntax-error] file:/home/runner/work/key/key/key.core/build/resources/main/de/uka/ilkd/key/proof/rules/ifThenElseRules.key:225:27: extraneous input '(' expecting {'\lemma', '}', IDENT, '/*!'} [@1474,6402:6402='(',<146>,225:27] (rulesOrAxioms, decls, file) 
301984     WARN  Test worker     d.u.i.k.n.KeYParser       [syntax-error] file:/home/runner/work/key/key/key.core/build/resources/main/de/uka/ilkd/key/proof/rules/ifThenElseRules.key:225:31: mismatched input ')' expecting {'(', '{'} [@1476,6406:6406=')',<147>,225:31] (taclet, rulesOrAxioms, decls, file) 
301984     WARN  Test worker     d.u.i.k.n.KeYParser       [syntax-error] file:/home/runner/work/key/key/key.core/build/resources/main/de/uka/ilkd/key/proof/rules/ifThenElseRules.key:227:44: mismatched input ')' expecting {'(', '{'} [@1508,6509:6509=')',<147>,227:44] (taclet, rulesOrAxioms, decls, file) 
301984     WARN  Test worker     d.u.i.k.n.KeYParser       [syntax-error] file:/home/runner/work/key/key/key.core/build/resources/main/de/uka/ilkd/key/proof/rules/ifThenElseRules.key:233:14: mismatched input '\ifExintVar' expecting {MODALITY, FORALL, EXISTS, '\if', '\ifEx', 'true', 'false', '(', '{', '@', NOT, SEQARROW, '-', STRING_LITERAL, CHAR_LITERAL, BIN_LITERAL, HEX_LITERAL, IDENT, INT_LITERAL, FLOAT_LITERAL, DOUBLE_LITERAL, REAL_LITERAL} [@1539,6656:6666='\ifExintVar',<188>,233:14] (termorseq, taclet, rulesOrAxioms, decls, file) 
301985     WARN  Test worker     d.u.i.k.n.KeYParser       [syntax-error] file:/home/runner/work/key/key/key.core/build/resources/main/de/uka/ilkd/key/proof/rules/ifThenElseRules.key:233:27: extraneous input '(' expecting {'\lemma', '}', IDENT, '/*!'} [@1542,6669:6669='(',<146>,233:27] (rulesOrAxioms, decls, file) 
301985     WARN  Test worker     d.u.i.k.n.KeYParser       [syntax-error] file:/home/runner/work/key/key/key.core/build/resources/main/de/uka/ilkd/key/proof/rules/ifThenElseRules.key:233:31: mismatched input ')' expecting {'(', '{'} [@1544,6673:6673=')',<147>,233:31] (taclet, rulesOrAxioms, decls, file) 
301985     WARN  Test worker     d.u.i.k.n.KeYParser       [syntax-error] file:/home/runner/work/key/key/key.core/build/resources/main/de/uka/ilkd/key/proof/rules/ifThenElseRules.key:237:42: mismatched input '}' expecting {'(', '{'} [@1586,6850:6850='}',<149>,237:42] (taclet, rulesOrAxioms, decls, file) 
301985     WARN  Test worker     d.u.i.k.n.KeYParser       [syntax-error] file:/home/runner/work/key/key/key.core/build/resources/main/de/uka/ilkd/key/proof/rules/ifThenElseRules.key:238:34: mismatched input '}' expecting {'(', '{'} [@1599,6891:6891='}',<149>,238:34] (taclet, rulesOrAxioms, decls, file) 
301985     WARN  Test worker     d.u.i.k.n.KeYParser       [syntax-error] file:/home/runner/work/key/key/key.core/build/resources/main/de/uka/ilkd/key/proof/rules/ifThenElseRules.key:239:28: extraneous input '(' expecting {'\lemma', '}', IDENT, '/*!'} [@1608,6925:6925='(',<146>,239:28] (rulesOrAxioms, decls, file) 
301985     WARN  Test worker     d.u.i.k.n.KeYParser       [syntax-error] file:/home/runner/work/key/key/key.core/build/resources/main/de/uka/ilkd/key/proof/rules/ifThenElseRules.key:239:33: mismatched input '->' expecting {'(', '{'} [@1611,6930:6931='->',<158>,239:33] (taclet, rulesOrAxioms, decls, file) 
301985     WARN  Test worker     d.u.i.k.n.KeYParser       [syntax-error] file:/home/runner/work/key/key/key.core/build/resources/main/de/uka/ilkd/key/proof/rules/ifThenElseRules.key:240:8: extraneous input '\replacewith' expecting {'\lemma', '}', IDENT, '/*!'} [@1626,6979:6990='\replacewith',<105>,240:8] (rulesOrAxioms, decls, file) 
301985     WARN  Test worker     d.u.i.k.n.KeYParser       [syntax-error] file:/home/runner/work/key/key/key.core/build/resources/main/de/uka/ilkd/key/proof/rules/ifThenElseRules.key:240:25: mismatched input ')' expecting {'(', '{'} [@1629,6996:6996=')',<147>,240:25] (taclet, rulesOrAxioms, decls, file) 
301985     WARN  Test worker     d.u.i.k.n.KeYParser       [syntax-error] file:/home/runner/work/key/key/key.core/build/resources/main/de/uka/ilkd/key/proof/rules/ifThenElseRules.key:240:56: mismatched input ')' expecting {'(', '{'} [@1642,7027:7027=')',<147>,240:56] (taclet, rulesOrAxioms, decls, file) 
301985     WARN  Test worker     d.u.i.k.n.KeYParser       [syntax-error] file:/home/runner/work/key/key/key.core/build/resources/main/de/uka/ilkd/key/proof/rules/ifThenElseRules.key:245:14: mismatched input '\ifExintVar' expecting {MODALITY, FORALL, EXISTS, '\if', '\ifEx', 'true', 'false', '(', '{', '@', NOT, SEQARROW, '-', STRING_LITERAL, CHAR_LITERAL, BIN_LITERAL, HEX_LITERAL, IDENT, INT_LITERAL, FLOAT_LITERAL, DOUBLE_LITERAL, REAL_LITERAL} [@1658,7109:7119='\ifExintVar',<188>,245:14] (termorseq, taclet, rulesOrAxioms, decls, file) 
301986     WARN  Test worker     d.u.i.k.n.KeYParser       [syntax-error] file:/home/runner/work/key/key/key.core/build/resources/main/de/uka/ilkd/key/proof/rules/ifThenElseRules.key:245:27: extraneous input '(' expecting {'\lemma', '}', IDENT, '/*!'} [@1661,7122:7122='(',<146>,245:27] (rulesOrAxioms, decls, file) 
301986     WARN  Test worker     d.u.i.k.n.KeYParser       [syntax-error] file:/home/runner/work/key/key/key.core/build/resources/main/de/uka/ilkd/key/proof/rules/ifThenElseRules.key:245:31: mismatched input ')' expecting {'(', '{'} [@1663,7126:7126=')',<147>,245:31] (taclet, rulesOrAxioms, decls, file) 
301986     WARN  Test worker     d.u.i.k.n.KeYParser       [syntax-error] file:/home/runner/work/key/key/key.core/build/resources/main/de/uka/ilkd/key/proof/rules/ifThenElseRules.key:248:45: mismatched input '}' expecting {'(', '{'} [@1696,7268:7268='}',<149>,248:45] (taclet, rulesOrAxioms, decls, file) 
301986     WARN  Test worker     d.u.i.k.n.KeYParser       [syntax-error] file:/home/runner/work/key/key/key.core/build/resources/main/de/uka/ilkd/key/proof/rules/ifThenElseRules.key:249:8: extraneous input '\replacewith' expecting {'\lemma', '}', IDENT, '/*!'} [@1701,7284:7295='\replacewith',<105>,249:8] (rulesOrAxioms, decls, file) 
301986     WARN  Test worker     d.u.i.k.n.KeYParser       [syntax-error] file:/home/runner/work/key/key/key.core/build/resources/main/de/uka/ilkd/key/proof/rules/ifThenElseRules.key:249:38: mismatched input ')' expecting {'(', '{'} [@1708,7314:7314=')',<147>,249:38] (taclet, rulesOrAxioms, decls, file) 
301986     WARN  Test worker     d.u.i.k.n.KeYParser       [syntax-error] file:/home/runner/work/key/key/key.core/build/resources/main/de/uka/ilkd/key/proof/rules/ifThenElseRules.key:250:42: mismatched input '}' expecting {'(', '{'} [@1731,7381:7381='}',<149>,250:42] (taclet, rulesOrAxioms, decls, file) 
301986     WARN  Test worker     d.u.i.k.n.KeYParser       [syntax-error] file:/home/runner/work/key/key/key.core/build/resources/main/de/uka/ilkd/key/proof/rules/ifThenElseRules.key:251:28: extraneous input '(' expecting {'\lemma', '}', IDENT, '/*!'} [@1741,7416:7416='(',<146>,251:28] (rulesOrAxioms, decls, file) 
301986     WARN  Test worker     d.u.i.k.n.KeYParser       [syntax-error] file:/home/runner/work/key/key/key.core/build/resources/main/de/uka/ilkd/key/proof/rules/ifThenElseRules.key:251:33: mismatched input '->' expecting {'(', '{'} [@1744,7421:7422='->',<158>,251:33] (taclet, rulesOrAxioms, decls, file) 
301986     WARN  Test worker     d.u.i.k.n.KeYParser       [syntax-error] file:/home/runner/work/key/key/key.core/build/resources/main/de/uka/ilkd/key/proof/rules/ifThenElseRules.key:255:14: mismatched input '\ifExintVar' expecting {MODALITY, FORALL, EXISTS, '\if', '\ifEx', 'true', 'false', '(', '{', '@', NOT, SEQARROW, '-', STRING_LITERAL, CHAR_LITERAL, BIN_LITERAL, HEX_LITERAL, IDENT, INT_LITERAL, FLOAT_LITERAL, DOUBLE_LITERAL, REAL_LITERAL} [@1765,7506:7516='\ifExintVar',<188>,255:14] (termorseq, taclet, rulesOrAxioms, decls, file) 
301987     WARN  Test worker     d.u.i.k.n.KeYParser       [syntax-error] file:/home/runner/work/key/key/key.core/build/resources/main/de/uka/ilkd/key/proof/rules/ifThenElseRules.key:255:27: extraneous input '(' expecting {'\lemma', '}', IDENT, '/*!'} [@1768,7519:7519='(',<146>,255:27] (rulesOrAxioms, decls, file) 
301987     WARN  Test worker     d.u.i.k.n.KeYParser       [syntax-error] file:/home/runner/work/key/key/key.core/build/resources/main/de/uka/ilkd/key/proof/rules/ifThenElseRules.key:255:31: mismatched input ')' expecting {'(', '{'} [@1770,7523:7523=')',<147>,255:31] (taclet, rulesOrAxioms, decls, file) 
301987     WARN  Test worker     d.u.i.k.n.KeYParser       [syntax-error] file:/home/runner/work/key/key/key.core/build/resources/main/de/uka/ilkd/key/proof/rules/ifThenElseRules.key:258:52: extraneous input '0' expecting {'\lemma', '}', IDENT, '/*!'} [@1809,7667:7667='0',<184>,258:52] (rulesOrAxioms, decls, file) 
301987     WARN  Test worker     d.u.i.k.n.KeYParser       [syntax-error] file:/home/runner/work/key/key/key.core/build/resources/main/de/uka/ilkd/key/proof/rules/ifThenElseRules.key:258:54: mismatched input 'then' expecting {<EOF>, '\problem', '\chooseContract', '\proofObligation', '\proof'} [@1811,7669:7672='then',<183>,258:54] (file) 
301988     ERROR Test worker     d.u.i.k.s.n.MasterHandlerTest Error reading /home/runner/work/key/key/key.core/build/resources/test/de/uka/ilkd/key/smt/newsmt2/cases/float1.props de.uka.ilkd.key.proof.io.ProblemLoaderException: line 135:14 mismatched input '\ifExintVar' expecting {MODALITY, FORALL, EXISTS, '\if', '\ifEx', 'true', 'false', '(', '{', '@', NOT, SEQARROW, '-', STRING_LITERAL, CHAR_LITERAL, BIN_LITERAL, HEX_LITERAL, IDENT, INT_LITERAL, FLOAT_LITERAL, DOUBLE_LITERAL, REAL_LITERAL}
line 135:27 extraneous input '(' expecting {'\lemma', '}', IDENT, '/*!'}
line 135:44 mismatched input ')' expecting {'(', '{'}
line 141:14 mismatched input '\ifExintVar' expecting {MODALITY, FORALL, EXISTS, '\if', '\ifEx', 'true', 'false', '(', '{', '@', NOT, SEQARROW, '-', STRING_LITERAL, CHAR_LITERAL, BIN_LITERAL, HEX_LITERAL, IDENT, INT_LITERAL, FLOAT_LITERAL, DOUBLE_LITERAL, REAL_LITERAL}
line 141:27 extraneous input '(' expecting {'\lemma', '}', IDENT, '/*!'}
line 141:41 mismatched input ')' expecting {'(', '{'}
line 148:14 mismatched input '\ifExintVar' expecting {MODALITY, FORALL, EXISTS, '\if', '\ifEx', 'true', 'false', '(', '{', '@', NOT, SEQARROW, '-', STRING_LITERAL, CHAR_LITERAL, BIN_LITERAL, HEX_LITERAL, IDENT, INT_LITERAL, FLOAT_LITERAL, DOUBLE_LITERAL, REAL_LITERAL}
line 148:27 extraneous input '(' expecting {'\lemma', '}', IDENT, '/*!'}
line 148:35 mismatched input '=' expecting {'(', '{'}
line 150:38 mismatched input '}' expecting {'(', '{'}
line 155:14 mismatched input '\ifExintVar' expecting {MODALITY, FORALL, EXISTS, '\if', '\ifEx', 'true', 'false', '(', '{', '@', NOT, SEQARROW, '-', STRING_LITERAL, CHAR_LITERAL, BIN_LITERAL, HEX_LITERAL, IDENT, INT_LITERAL, FLOAT_LITERAL, DOUBLE_LITERAL, REAL_LITERAL}
line 155:27 extraneous input '(' expecting {'\lemma', '}', IDENT, '/*!'}
line 155:35 mismatched input '=' expecting {'(', '{'}
line 157:38 mismatched input '}' expecting {'(', '{'}
line 163:14 mismatched input '\ifExintVar' expecting {MODALITY, FORALL, EXISTS, '\if', '\ifEx', 'true', 'false', '(', '{', '@', NOT, SEQARROW, '-', STRING_LITERAL, CHAR_LITERAL, BIN_LITERAL, HEX_LITERAL, IDENT, INT_LITERAL, FLOAT_LITERAL, DOUBLE_LITERAL, REAL_LITERAL}
line 163:27 extraneous input '(' expecting {'\lemma', '}', IDENT, '/*!'}
line 163:30 mismatched input '=' expecting {'(', '{'}
line 165:38 mismatched input '}' expecting {'(', '{'}
line 171:14 mismatched input '\ifExintVar' expecting {MODALITY, FORALL, EXISTS, '\if', '\ifEx', 'true', 'false', '(', '{', '@', NOT, SEQARROW, '-', STRING_LITERAL, CHAR_LITERAL, BIN_LITERAL, HEX_LITERAL, IDENT, INT_LITERAL, FLOAT_LITERAL, DOUBLE_LITERAL, REAL_LITERAL}
line 171:27 extraneous input '(' expecting {'\lemma', '}', IDENT, '/*!'}
line 171:30 mismatched input '=' expecting {'(', '{'}
line 173:38 mismatched input '}' expecting {'(', '{'}
line 179:14 mismatched input '\ifExintVar' expecting {MODALITY, FORALL, EXISTS, '\if', '\ifEx', 'true', 'false', '(', '{', '@', NOT, SEQARROW, '-', STRING_LITERAL, CHAR_LITERAL, BIN_LITERAL, HEX_LITERAL, IDENT, INT_LITERAL, FLOAT_LITERAL, DOUBLE_LITERAL, REAL_LITERAL}
line 179:27 extraneous input '(' expecting {'\lemma', '}', IDENT, '/*!'}
line 179:32 mismatched input '&' expecting {'(', '{'}
line 181:42 mismatched input '}' expecting {'(', '{'}
line 182:39 mismatched input '}' expecting {'(', '{'}
line 188:14 mismatched input '\ifExintVar' expecting {MODALITY, FORALL, EXISTS, '\if', '\ifEx', 'true', 'false', '(', '{', '@', NOT, SEQARROW, '-', STRING_LITERAL, CHAR_LITERAL, BIN_LITERAL, HEX_LITERAL, IDENT, INT_LITERAL, FLOAT_LITERAL, DOUBLE_LITERAL, REAL_LITERAL}
line 188:27 extraneous input '(' expecting {'\lemma', '}', IDENT, '/*!'}
line 188:32 mismatched input '&' expecting {'(', '{'}
line 190:42 mismatched input '}' expecting {'(', '{'}
line 191:39 mismatched input '}' expecting {'(', '{'}
line 198:14 mismatched input '\ifExintVar' expecting {MODALITY, FORALL, EXISTS, '\if', '\ifEx', 'true', 'false', '(', '{', '@', NOT, SEQARROW, '-', STRING_LITERAL, CHAR_LITERAL, BIN_LITERAL, HEX_LITERAL, IDENT, INT_LITERAL, FLOAT_LITERAL, DOUBLE_LITERAL, REAL_LITERAL}
line 198:27 extraneous input '(' expecting {'\lemma', '}', IDENT, '/*!'}
line 198:32 mismatched input '&' expecting {'(', '{'}
line 200:42 mismatched input '}' expecting {'(', '{'}
line 201:39 mismatched input '}' expecting {'(', '{'}
line 208:14 mismatched input '\ifExintVar' expecting {MODALITY, FORALL, EXISTS, '\if', '\ifEx', 'true', 'false', '(', '{', '@', NOT, SEQARROW, '-', STRING_LITERAL, CHAR_LITERAL, BIN_LITERAL, HEX_LITERAL, IDENT, INT_LITERAL, FLOAT_LITERAL, DOUBLE_LITERAL, REAL_LITERAL}
line 208:27 extraneous input '(' expecting {'\lemma', '}', IDENT, '/*!'}
line 208:32 mismatched input '&' expecting {'(', '{'}
line 210:42 mismatched input '}' expecting {'(', '{'}
line 211:39 mismatched input '}' expecting {'(', '{'}
line 218:14 mismatched input '\ifExintVar' expecting {MODALITY, FORALL, EXISTS, '\if', '\ifEx', 'true', 'false', '(', '{', '@', NOT, SEQARROW, '-', STRING_LITERAL, CHAR_LITERAL, BIN_LITERAL, HEX_LITERAL, IDENT, INT_LITERAL, FLOAT_LITERAL, DOUBLE_LITERAL, REAL_LITERAL}
line 218:27 extraneous input '(' expecting {'\lemma', '}', IDENT, '/*!'}
line 218:31 mismatched input ')' expecting {'(', '{'}
line 220:44 mismatched input ')' expecting {'(', '{'}
line 225:14 mismatched input '\ifExintVar' expecting {MODALITY, FORALL, EXISTS, '\if', '\ifEx', 'true', 'false', '(', '{', '@', NOT, SEQARROW, '-', STRING_LITERAL, CHAR_LITERAL, BIN_LITERAL, HEX_LITERAL, IDENT, INT_LITERAL, FLOAT_LITERAL, DOUBLE_LITERAL, REAL_LITERAL}
line 225:27 extraneous input '(' expecting {'\lemma', '}', IDENT, '/*!'}
line 225:31 mismatched input ')' expecting {'(', '{'}
line 227:44 mismatched input ')' expecting {'(', '{'}
line 233:14 mismatched input '\ifExintVar' expecting {MODALITY, FORALL, EXISTS, '\if', '\ifEx', 'true', 'false', '(', '{', '@', NOT, SEQARROW, '-', STRING_LITERAL, CHAR_LITERAL, BIN_LITERAL, HEX_LITERAL, IDENT, INT_LITERAL, FLOAT_LITERAL, DOUBLE_LITERAL, REAL_LITERAL}
line 233:27 extraneous input '(' expecting {'\lemma', '}', IDENT, '/*!'}
line 233:31 mismatched input ')' expecting {'(', '{'}
line 237:42 mismatched input '}' expecting {'(', '{'}
line 238:34 mismatched input '}' expecting {'(', '{'}
line 239:28 extraneous input '(' expecting {'\lemma', '}', IDENT, '/*!'}
line 239:33 mismatched input '->' expecting {'(', '{'}
line 240:8 extraneous input '\replacewith' expecting {'\lemma', '}', IDENT, '/*!'}
line 240:25 mismatched input ')' expecting {'(', '{'}
line 240:56 mismatched input ')' expecting {'(', '{'}
line 245:14 mismatched input '\ifExintVar' expecting {MODALITY, FORALL, EXISTS, '\if', '\ifEx', 'true', 'false', '(', '{', '@', NOT, SEQARROW, '-', STRING_LITERAL, CHAR_LITERAL, BIN_LITERAL, HEX_LITERAL, IDENT, INT_LITERAL, FLOAT_LITERAL, DOUBLE_LITERAL, REAL_LITERAL}
line 245:27 extraneous input '(' expecting {'\lemma', '}', IDENT, '/*!'}
line 245:31 mismatched input ')' expecting {'(', '{'}
line 248:45 mismatched input '}' expecting {'(', '{'}
line 249:8 extraneous input '\replacewith' expecting {'\lemma', '}', IDENT, '/*!'}
line 249:38 mismatched input ')' expecting {'(', '{'}
line 250:42 mismatched input '}' expecting {'(', '{'}
line 251:28 extraneous input '(' expecting {'\lemma', '}', IDENT, '/*!'}
line 251:33 mismatched input '->' expecting {'(', '{'}
line 255:14 mismatched input '\ifExintVar' expecting {MODALITY, FORALL, EXISTS, '\if', '\ifEx', 'true', 'false', '(', '{', '@', NOT, SEQARROW, '-', STRING_LITERAL, CHAR_LITERAL, BIN_LITERAL, HEX_LITERAL, IDENT, INT_LITERAL, FLOAT_LITERAL, DOUBLE_LITERAL, REAL_LITERAL}
line 255:27 extraneous input '(' expecting {'\lemma', '}', IDENT, '/*!'}
line 255:31 mismatched input ')' expecting {'(', '{'}
line 258:52 extraneous input '0' expecting {'\lemma', '}', IDENT, '/*!'}
line 258:54 mismatched input 'then' expecting {<EOF>, '\problem', '\chooseContract', '\proofObligation', '\proof'}

	at de.uka.ilkd.key.control.AbstractUserInterfaceControl.load(AbstractUserInterfaceControl.java:221)
Caused by: de.uka.ilkd.key.proof.init.ProofInputException: line 135:14 mismatched input '\ifExintVar' expecting {MODALITY, FORALL, EXISTS, '\if', '\ifEx', 'true', 'false', '(', '{', '@', NOT, SEQARROW, '-', STRING_LITERAL, CHAR_LITERAL, BIN_LITERAL, HEX_LITERAL, IDENT, INT_LITERAL, FLOAT_LITERAL, DOUBLE_LITERAL, REAL_LITERAL}
line 135:27 extraneous input '(' expecting {'\lemma', '}', IDENT, '/*!'}
line 135:44 mismatched input ')' expecting {'(', '{'}
line 141:14 mismatched input '\ifExintVar' expecting {MODALITY, FORALL, EXISTS, '\if', '\ifEx', 'true', 'false', '(', '{', '@', NOT, SEQARROW, '-', STRING_LITERAL, CHAR_LITERAL, BIN_LITERAL, HEX_LITERAL, IDENT, INT_LITERAL, FLOAT_LITERAL, DOUBLE_LITERAL, REAL_LITERAL}
line 141:27 extraneous input '(' expecting {'\lemma', '}', IDENT, '/*!'}
line 141:41 mismatched input ')' expecting {'(', '{'}
line 148:14 mismatched input '\ifExintVar' expecting {MODALITY, FORALL, EXISTS, '\if', '\ifEx', 'true', 'false', '(', '{', '@', NOT, SEQARROW, '-', STRING_LITERAL, CHAR_LITERAL, BIN_LITERAL, HEX_LITERAL, IDENT, INT_LITERAL, FLOAT_LITERAL, DOUBLE_LITERAL, REAL_LITERAL}
line 148:27 extraneous input '(' expecting {'\lemma', '}', IDENT, '/*!'}
line 148:35 mismatched input '=' expecting {'(', '{'}
line 150:38 mismatched input '}' expecting {'(', '{'}
line 155:14 mismatched input '\ifExintVar' expecting {MODALITY, FORALL, EXISTS, '\if', '\ifEx', 'true', 'false', '(', '{', '@', NOT, SEQARROW, '-', STRING_LITERAL, CHAR_LITERAL, BIN_LITERAL, HEX_LITERAL, IDENT, INT_LITERAL, FLOAT_LITERAL, DOUBLE_LITERAL, REAL_LITERAL}
line 155:27 extraneous input '(' expecting {'\lemma', '}', IDENT, '/*!'}
line 155:35 mismatched input '=' expecting {'(', '{'}
line 157:38 mismatched input '}' expecting {'(', '{'}
line 163:14 mismatched input '\ifExintVar' expecting {MODALITY, FORALL, EXISTS, '\if', '\ifEx', 'true', 'false', '(', '{', '@', NOT, SEQARROW, '-', STRING_LITERAL, CHAR_LITERAL, BIN_LITERAL, HEX_LITERAL, IDENT, INT_LITERAL, FLOAT_LITERAL, DOUBLE_LITERAL, REAL_LITERAL}
line 163:27 extraneous input '(' expecting {'\lemma', '}', IDENT, '/*!'}
line 163:30 mismatched input '=' expecting {'(', '{'}
line 165:38 mismatched input '}' expecting {'(', '{'}
line 171:14 mismatched input '\ifExintVar' expecting {MODALITY, FORALL, EXISTS, '\if', '\ifEx', 'true', 'false', '(', '{', '@', NOT, SEQARROW, '-', STRING_LITERAL, CHAR_LITERAL, BIN_LITERAL, HEX_LITERAL, IDENT, INT_LITERAL, FLOAT_LITERAL, DOUBLE_LITERAL, REAL_LITERAL}
line 171:27 extraneous input '(' expecting {'\lemma', '}', IDENT, '/*!'}
line 171:30 mismatched input '=' expecting {'(', '{'}
line 173:38 mismatched input '}' expecting {'(', '{'}
line 179:14 mismatched input '\ifExintVar' expecting {MODALITY, FORALL, EXISTS, '\if', '\ifEx', 'true', 'false', '(', '{', '@', NOT, SEQARROW, '-', STRING_LITERAL, CHAR_LITERAL, BIN_LITERAL, HEX_LITERAL, IDENT, INT_LITERAL, FLOAT_LITERAL, DOUBLE_LITERAL, REAL_LITERAL}
line 179:27 extraneous input '(' expecting {'\lemma', '}', IDENT, '/*!'}
line 179:32 mismatched input '&' expecting {'(', '{'}
line 181:42 mismatched input '}' expecting {'(', '{'}
line 182:39 mismatched input '}' expecting {'(', '{'}
line 188:14 mismatched input '\ifExintVar' expecting {MODALITY, FORALL, EXISTS, '\if', '\ifEx', 'true', 'false', '(', '{', '@', NOT, SEQARROW, '-', STRING_LITERAL, CHAR_LITERAL, BIN_LITERAL, HEX_LITERAL, IDENT, INT_LITERAL, FLOAT_LITERAL, DOUBLE_LITERAL, REAL_LITERAL}
line 188:27 extraneous input '(' expecting {'\lemma', '}', IDENT, '/*!'}
line 188:32 mismatched input '&' expecting {'(', '{'}
line 190:42 mismatched input '}' expecting {'(', '{'}
line 191:39 mismatched input '}' expecting {'(', '{'}
line 198:14 mismatched input '\ifExintVar' expecting {MODALITY, FORALL, EXISTS, '\if', '\ifEx', 'true', 'false', '(', '{', '@', NOT, SEQARROW, '-', STRING_LITERAL, CHAR_LITERAL, BIN_LITERAL, HEX_LITERAL, IDENT, INT_LITERAL, FLOAT_LITERAL, DOUBLE_LITERAL, REAL_LITERAL}
line 198:27 extraneous input '(' expecting {'\lemma', '}', IDENT, '/*!'}
line 198:32 mismatched input '&' expecting {'(', '{'}
line 200:42 mismatched input '}' expecting {'(', '{'}
line 201:39 mismatched input '}' expecting {'(', '{'}
line 208:14 mismatched input '\ifExintVar' expecting {MODALITY, FORALL, EXISTS, '\if', '\ifEx', 'true', 'false', '(', '{', '@', NOT, SEQARROW, '-', STRING_LITERAL, CHAR_LITERAL, BIN_LITERAL, HEX_LITERAL, IDENT, INT_LITERAL, FLOAT_LITERAL, DOUBLE_LITERAL, REAL_LITERAL}
line 208:27 extraneous input '(' expecting {'\lemma', '}', IDENT, '/*!'}
line 208:32 mismatched input '&' expecting {'(', '{'}
line 210:42 mismatched input '}' expecting {'(', '{'}
line 211:39 mismatched input '}' expecting {'(', '{'}
line 218:14 mismatched input '\ifExintVar' expecting {MODALITY, FORALL, EXISTS, '\if', '\ifEx', 'true', 'false', '(', '{', '@', NOT, SEQARROW, '-', STRING_LITERAL, CHAR_LITERAL, BIN_LITERAL, HEX_LITERAL, IDENT, INT_LITERAL, FLOAT_LITERAL, DOUBLE_LITERAL, REAL_LITERAL}
line 218:27 extraneous input '(' expecting {'\lemma', '}', IDENT, '/*!'}
line 218:31 mismatched input ')' expecting {'(', '{'}
line 220:44 mismatched input ')' expecting {'(', '{'}
line 225:14 mismatched input '\ifExintVar' expecting {MODALITY, FORALL, EXISTS, '\if', '\ifEx', 'true', 'false', '(', '{', '@', NOT, SEQARROW, '-', STRING_LITERAL, CHAR_LITERAL, BIN_LITERAL, HEX_LITERAL, IDENT, INT_LITERAL, FLOAT_LITERAL, DOUBLE_LITERAL, REAL_LITERAL}
line 225:27 extraneous input '(' expecting {'\lemma', '}', IDENT, '/*!'}
line 225:31 mismatched input ')' expecting {'(', '{'}
line 227:44 mismatched input ')' expecting {'(', '{'}
line 233:14 mismatched input '\ifExintVar' expecting {MODALITY, FORALL, EXISTS, '\if', '\ifEx', 'true', 'false', '(', '{', '@', NOT, SEQARROW, '-', STRING_LITERAL, CHAR_LITERAL, BIN_LITERAL, HEX_LITERAL, IDENT, INT_LITERAL, FLOAT_LITERAL, DOUBLE_LITERAL, REAL_LITERAL}
line 233:27 extraneous input '(' expecting {'\lemma', '}', IDENT, '/*!'}
line 233:31 mismatched input ')' expecting {'(', '{'}
line 237:42 mismatched input '}' expecting {'(', '{'}
line 238:34 mismatched input '}' expecting {'(', '{'}
line 239:28 extraneous input '(' expecting {'\lemma', '}', IDENT, '/*!'}
line 239:33 mismatched input '->' expecting {'(', '{'}
line 240:8 extraneous input '\replacewith' expecting {'\lemma', '}', IDENT, '/*!'}
line 240:25 mismatched input ')' expecting {'(', '{'}
line 240:56 mismatched input ')' expecting {'(', '{'}
line 245:14 mismatched input '\ifExintVar' expecting {MODALITY, FORALL, EXISTS, '\if', '\ifEx', 'true', 'false', '(', '{', '@', NOT, SEQARROW, '-', STRING_LITERAL, CHAR_LITERAL, BIN_LITERAL, HEX_LITERAL, IDENT, INT_LITERAL, FLOAT_LITERAL, DOUBLE_LITERAL, REAL_LITERAL}
line 245:27 extraneous input '(' expecting {'\lemma', '}', IDENT, '/*!'}
line 245:31 mismatched input ')' expecting {'(', '{'}
line 248:45 mismatched input '}' expecting {'(', '{'}
line 249:8 extraneous input '\replacewith' expecting {'\lemma', '}', IDENT, '/*!'}
line 249:38 mismatched input ')' expecting {'(', '{'}
line 250:42 mismatched input '}' expecting {'(', '{'}
line 251:28 extraneous input '(' expecting {'\lemma', '}', IDENT, '/*!'}
line 251:33 mismatched input '->' expecting {'(', '{'}
line 255:14 mismatched input '\ifExintVar' expecting {MODALITY, FORALL, EXISTS, '\if', '\ifEx', 'true', 'false', '(', '{', '@', NOT, SEQARROW, '-', STRING_LITERAL, CHAR_LITERAL, BIN_LITERAL, HEX_LITERAL, IDENT, INT_LITERAL, FLOAT_LITERAL, DOUBLE_LITERAL, REAL_LITERAL}
line 255:27 extraneous input '(' expecting {'\lemma', '}', IDENT, '/*!'}
line 255:31 mismatched input ')' expecting {'(', '{'}
line 258:52 extraneous input '0' expecting {'\lemma', '}', IDENT, '/*!'}
line 258:54 mismatched input 'then' expecting {<EOF>, '\problem', '\chooseContract', '\proofObligation', '\proof'}

	at de.uka.ilkd.key.proof.io.KeYFile.readIncludes(KeYFile.java:210)
Caused by: de.uka.ilkd.key.util.parsing.SyntaxErrorReporter$ParserException: line 135:14 mismatched input '\ifExintVar' expecting {MODALITY, FORALL, EXISTS, '\if', '\ifEx', 'true', 'false', '(', '{', '@', NOT, SEQARROW, '-', STRING_LITERAL, CHAR_LITERAL, BIN_LITERAL, HEX_LITERAL, IDENT, INT_LITERAL, FLOAT_LITERAL, DOUBLE_LITERAL, REAL_LITERAL}
line 135:27 extraneous input '(' expecting {'\lemma', '}', IDENT, '/*!'}
line 135:44 mismatched input ')' expecting {'(', '{'}
line 141:14 mismatched input '\ifExintVar' expecting {MODALITY, FORALL, EXISTS, '\if', '\ifEx', 'true', 'false', '(', '{', '@', NOT, SEQARROW, '-', STRING_LITERAL, CHAR_LITERAL, BIN_LITERAL, HEX_LITERAL, IDENT, INT_LITERAL, FLOAT_LITERAL, DOUBLE_LITERAL, REAL_LITERAL}
line 141:27 extraneous input '(' expecting {'\lemma', '}', IDENT, '/*!'}
line 141:41 mismatched input ')' expecting {'(', '{'}
line 148:14 mismatched input '\ifExintVar' expecting {MODALITY, FORALL, EXISTS, '\if', '\ifEx', 'true', 'false', '(', '{', '@', NOT, SEQARROW, '-', STRING_LITERAL, CHAR_LITERAL, BIN_LITERAL, HEX_LITERAL, IDENT, INT_LITERAL, FLOAT_LITERAL, DOUBLE_LITERAL, REAL_LITERAL}
line 148:27 extraneous input '(' expecting {'\lemma', '}', IDENT, '/*!'}
line 148:35 mismatched input '=' expecting {'(', '{'}
line 150:38 mismatched input '}' expecting {'(', '{'}
line 155:14 mismatched input '\ifExintVar' expecting {MODALITY, FORALL, EXISTS, '\if', '\ifEx', 'true', 'false', '(', '{', '@', NOT, SEQARROW, '-', STRING_LITERAL, CHAR_LITERAL, BIN_LITERAL, HEX_LITERAL, IDENT, INT_LITERAL, FLOAT_LITERAL, DOUBLE_LITERAL, REAL_LITERAL}
line 155:27 extraneous input '(' expecting {'\lemma', '}', IDENT, '/*!'}
line 155:35 mismatched input '=' expecting {'(', '{'}
line 157:38 mismatched input '}' expecting {'(', '{'}
line 163:14 mismatched input '\ifExintVar' expecting {MODALITY, FORALL, EXISTS, '\if', '\ifEx', 'true', 'false', '(', '{', '@', NOT, SEQARROW, '-', STRING_LITERAL, CHAR_LITERAL, BIN_LITERAL, HEX_LITERAL, IDENT, INT_LITERAL, FLOAT_LITERAL, DOUBLE_LITERAL, REAL_LITERAL}
line 163:27 extraneous input '(' expecting {'\lemma', '}', IDENT, '/*!'}
line 163:30 mismatched input '=' expecting {'(', '{'}
line 165:38 mismatched input '}' expecting {'(', '{'}
line 171:14 mismatched input '\ifExintVar' expecting {MODALITY, FORALL, EXISTS, '\if', '\ifEx', 'true', 'false', '(', '{', '@', NOT, SEQARROW, '-', STRING_LITERAL, CHAR_LITERAL, BIN_LITERAL, HEX_LITERAL, IDENT, INT_LITERAL, FLOAT_LITERAL, DOUBLE_LITERAL, REAL_LITERAL}
line 171:27 extraneous input '(' expecting {'\lemma', '}', IDENT, '/*!'}
line 171:30 mismatched input '=' expecting {'(', '{'}
line 173:38 mismatched input '}' expecting {'(', '{'}
line 179:14 mismatched input '\ifExintVar' expecting {MODALITY, FORALL, EXISTS, '\if', '\ifEx', 'true', 'false', '(', '{', '@', NOT, SEQARROW, '-', STRING_LITERAL, CHAR_LITERAL, BIN_LITERAL, HEX_LITERAL, IDENT, INT_LITERAL, FLOAT_LITERAL, DOUBLE_LITERAL, REAL_LITERAL}
line 179:27 extraneous input '(' expecting {'\lemma', '}', IDENT, '/*!'}
line 179:32 mismatched input '&' expecting {'(', '{'}
line 181:42 mismatched input '}' expecting {'(', '{'}
line 182:39 mismatched input '}' expecting {'(', '{'}
line 188:14 mismatched input '\ifExintVar' expecting {MODALITY, FORALL, EXISTS, '\if', '\ifEx', 'true', 'false', '(', '{', '@', NOT, SEQARROW, '-', STRING_LITERAL, CHAR_LITERAL, BIN_LITERAL, HEX_LITERAL, IDENT, INT_LITERAL, FLOAT_LITERAL, DOUBLE_LITERAL, REAL_LITERAL}
line 188:27 extraneous input '(' expecting {'\lemma', '}', IDENT, '/*!'}
line 188:32 mismatched input '&' expecting {'(', '{'}
line 190:42 mismatched input '}' expecting {'(', '{'}
line 191:39 mismatched input '}' expecting {'(', '{'}
line 198:14 mismatched input '\ifExintVar' expecting {MODALITY, FORALL, EXISTS, '\if', '\ifEx', 'true', 'false', '(', '{', '@', NOT, SEQARROW, '-', STRING_LITERAL, CHAR_LITERAL, BIN_LITERAL, HEX_LITERAL, IDENT, INT_LITERAL, FLOAT_LITERAL, DOUBLE_LITERAL, REAL_LITERAL}
line 198:27 extraneous input '(' expecting {'\lemma', '}', IDENT, '/*!'}
line 198:32 mismatched input '&' expecting {'(', '{'}
line 200:42 mismatched input '}' expecting {'(', '{'}
line 201:39 mismatched input '}' expecting {'(', '{'}
line 208:14 mismatched input '\ifExintVar' expecting {MODALITY, FORALL, EXISTS, '\if', '\ifEx', 'true', 'false', '(', '{', '@', NOT, SEQARROW, '-', STRING_LITERAL, CHAR_LITERAL, BIN_LITERAL, HEX_LITERAL, IDENT, INT_LITERAL, FLOAT_LITERAL, DOUBLE_LITERAL, REAL_LITERAL}
line 208:27 extraneous input '(' expecting {'\lemma', '}', IDENT, '/*!'}
line 208:32 mismatched input '&' expecting {'(', '{'}
line 210:42 mismatched input '}' expecting {'(', '{'}
line 211:39 mismatched input '}' expecting {'(', '{'}
line 218:14 mismatched input '\ifExintVar' expecting {MODALITY, FORALL, EXISTS, '\if', '\ifEx', 'true', 'false', '(', '{', '@', NOT, SEQARROW, '-', STRING_LITERAL, CHAR_LITERAL, BIN_LITERAL, HEX_LITERAL, IDENT, INT_LITERAL, FLOAT_LITERAL, DOUBLE_LITERAL, REAL_LITERAL}
line 218:27 extraneous input '(' expecting {'\lemma', '}', IDENT, '/*!'}
line 218:31 mismatched input ')' expecting {'(', '{'}
line 220:44 mismatched input ')' expecting {'(', '{'}
line 225:14 mismatched input '\ifExintVar' expecting {MODALITY, FORALL, EXISTS, '\if', '\ifEx', 'true', 'false', '(', '{', '@', NOT, SEQARROW, '-', STRING_LITERAL, CHAR_LITERAL, BIN_LITERAL, HEX_LITERAL, IDENT, INT_LITERAL, FLOAT_LITERAL, DOUBLE_LITERAL, REAL_LITERAL}
line 225:27 extraneous input '(' expecting {'\lemma', '}', IDENT, '/*!'}
line 225:31 mismatched input ')' expecting {'(', '{'}
line 227:44 mismatched input ')' expecting {'(', '{'}
line 233:14 mismatched input '\ifExintVar' expecting {MODALITY, FORALL, EXISTS, '\if', '\ifEx', 'true', 'false', '(', '{', '@', NOT, SEQARROW, '-', STRING_LITERAL, CHAR_LITERAL, BIN_LITERAL, HEX_LITERAL, IDENT, INT_LITERAL, FLOAT_LITERAL, DOUBLE_LITERAL, REAL_LITERAL}
line 233:27 extraneous input '(' expecting {'\lemma', '}', IDENT, '/*!'}
line 233:31 mismatched input ')' expecting {'(', '{'}
line 237:42 mismatched input '}' expecting {'(', '{'}
line 238:34 mismatched input '}' expecting {'(', '{'}
line 239:28 extraneous input '(' expecting {'\lemma', '}', IDENT, '/*!'}
line 239:33 mismatched input '->' expecting {'(', '{'}
line 240:8 extraneous input '\replacewith' expecting {'\lemma', '}', IDENT, '/*!'}
line 240:25 mismatched input ')' expecting {'(', '{'}
line 240:56 mismatched input ')' expecting {'(', '{'}
line 245:14 mismatched input '\ifExintVar' expecting {MODALITY, FORALL, EXISTS, '\if', '\ifEx', 'true', 'false', '(', '{', '@', NOT, SEQARROW, '-', STRING_LITERAL, CHAR_LITERAL, BIN_LITERAL, HEX_LITERAL, IDENT, INT_LITERAL, FLOAT_LITERAL, DOUBLE_LITERAL, REAL_LITERAL}
line 245:27 extraneous input '(' expecting {'\lemma', '}', IDENT, '/*!'}
line 245:31 mismatched input ')' expecting {'(', '{'}
line 248:45 mismatched input '}' expecting {'(', '{'}
line 249:8 extraneous input '\replacewith' expecting {'\lemma', '}', IDENT, '/*!'}
line 249:38 mismatched input ')' expecting {'(', '{'}
line 250:42 mismatched input '}' expecting {'(', '{'}
line 251:28 extraneous input '(' expecting {'\lemma', '}', IDENT, '/*!'}
line 251:33 mismatched input '->' expecting {'(', '{'}
line 255:14 mismatched input '\ifExintVar' expecting {MODALITY, FORALL, EXISTS, '\if', '\ifEx', 'true', 'false', '(', '{', '@', NOT, SEQARROW, '-', STRING_LITERAL, CHAR_LITERAL, BIN_LITERAL, HEX_LITERAL, IDENT, INT_LITERAL, FLOAT_LITERAL, DOUBLE_LITERAL, REAL_LITERAL}
line 255:27 extraneous input '(' expecting {'\lemma', '}', IDENT, '/*!'}
line 255:31 mismatched input ')' expecting {'(', '{'}
line 258:52 extraneous input '0' expecting {'\lemma', '}', IDENT, '/*!'}
line 258:54 mismatched input 'then' expecting {<EOF>, '\problem', '\chooseContract', '\proofObligation', '\proof'}

	at de.uka.ilkd.key.util.parsing.SyntaxErrorReporter.throwException(SyntaxErrorReporter.java:89)

302045     WARN  Test worker     d.u.i.k.n.KeYParser       [syntax-error] file:/home/runner/work/key/key/key.core/build/resources/main/de/uka/ilkd/key/proof/rules/ifThenElseRules.key:135:14: mismatched input '\ifExintVar' expecting {MODALITY, FORALL, EXISTS, '\if', '\ifEx', 'true', 'false', '(', '{', '@', NOT, SEQARROW, '-', STRING_LITERAL, CHAR_LITERAL, BIN_LITERAL, HEX_LITERAL, IDENT, INT_LITERAL, FLOAT_LITERAL, DOUBLE_LITERAL, REAL_LITERAL} [@745,3563:3573='\ifExintVar',<188>,135:14] (termorseq, taclet, rulesOrAxioms, decls, file) 
302046     WARN  Test worker     d.u.i.k.n.KeYParser       [syntax-error] file:/home/runner/work/key/key/key.core/build/resources/main/de/uka/ilkd/key/proof/rules/ifThenElseRules.key:135:27: extraneous input '(' expecting {'\lemma', '}', IDENT, '/*!'} [@748,3576:3576='(',<146>,135:27] (rulesOrAxioms, decls, file) 
302046     WARN  Test worker     d.u.i.k.n.KeYParser       [syntax-error] file:/home/runner/work/key/key/key.core/build/resources/main/de/uka/ilkd/key/proof/rules/ifThenElseRules.key:135:44: mismatched input ')' expecting {'(', '{'} [@754,3593:3593=')',<147>,135:44] (taclet, rulesOrAxioms, decls, file) 
302046     WARN  Test worker     d.u.i.k.n.KeYParser       [syntax-error] file:/home/runner/work/key/key/key.core/build/resources/main/de/uka/ilkd/key/proof/rules/ifThenElseRules.key:141:14: mismatched input '\ifExintVar' expecting {MODALITY, FORALL, EXISTS, '\if', '\ifEx', 'true', 'false', '(', '{', '@', NOT, SEQARROW, '-', STRING_LITERAL, CHAR_LITERAL, BIN_LITERAL, HEX_LITERAL, IDENT, INT_LITERAL, FLOAT_LITERAL, DOUBLE_LITERAL, REAL_LITERAL} [@780,3716:3726='\ifExintVar',<188>,141:14] (termorseq, taclet, rulesOrAxioms, decls, file) 
302046     WARN  Test worker     d.u.i.k.n.KeYParser       [syntax-error] file:/home/runner/work/key/key/key.core/build/resources/main/de/uka/ilkd/key/proof/rules/ifThenElseRules.key:141:27: extraneous input '(' expecting {'\lemma', '}', IDENT, '/*!'} [@783,3729:3729='(',<146>,141:27] (rulesOrAxioms, decls, file) 
302047     WARN  Test worker     d.u.i.k.n.KeYParser       [syntax-error] file:/home/runner/work/key/key/key.core/build/resources/main/de/uka/ilkd/key/proof/rules/ifThenElseRules.key:141:41: mismatched input ')' expecting {'(', '{'} [@789,3743:3743=')',<147>,141:41] (taclet, rulesOrAxioms, decls, file) 
302047     WARN  Test worker     d.u.i.k.n.KeYParser       [syntax-error] file:/home/runner/work/key/key/key.core/build/resources/main/de/uka/ilkd/key/proof/rules/ifThenElseRules.key:148:14: mismatched input '\ifExintVar' expecting {MODALITY, FORALL, EXISTS, '\if', '\ifEx', 'true', 'false', '(', '{', '@', NOT, SEQARROW, '-', STRING_LITERAL, CHAR_LITERAL, BIN_LITERAL, HEX_LITERAL, IDENT, INT_LITERAL, FLOAT_LITERAL, DOUBLE_LITERAL, REAL_LITERAL} [@819,3896:3906='\ifExintVar',<188>,148:14] (termorseq, taclet, rulesOrAxioms, decls, file) 
302047     WARN  Test worker     d.u.i.k.n.KeYParser       [syntax-error] file:/home/runner/work/key/key/key.core/build/resources/main/de/uka/ilkd/key/proof/rules/ifThenElseRules.key:148:27: extraneous input '(' expecting {'\lemma', '}', IDENT, '/*!'} [@822,3909:3909='(',<146>,148:27] (rulesOrAxioms, decls, file) 
302047     WARN  Test worker     d.u.i.k.n.KeYParser       [syntax-error] file:/home/runner/work/key/key/key.core/build/resources/main/de/uka/ilkd/key/proof/rules/ifThenElseRules.key:148:35: mismatched input '=' expecting {'(', '{'} [@825,3917:3917='=',<159>,148:35] (taclet, rulesOrAxioms, decls, file) 
302047     WARN  Test worker     d.u.i.k.n.KeYParser       [syntax-error] file:/home/runner/work/key/key/key.core/build/resources/main/de/uka/ilkd/key/proof/rules/ifThenElseRules.key:150:38: mismatched input '}' expecting {'(', '{'} [@859,4023:4023='}',<149>,150:38] (taclet, rulesOrAxioms, decls, file) 
302047     WARN  Test worker     d.u.i.k.n.KeYParser       [syntax-error] file:/home/runner/work/key/key/key.core/build/resources/main/de/uka/ilkd/key/proof/rules/ifThenElseRules.key:155:14: mismatched input '\ifExintVar' expecting {MODALITY, FORALL, EXISTS, '\if', '\ifEx', 'true', 'false', '(', '{', '@', NOT, SEQARROW, '-', STRING_LITERAL, CHAR_LITERAL, BIN_LITERAL, HEX_LITERAL, IDENT, INT_LITERAL, FLOAT_LITERAL, DOUBLE_LITERAL, REAL_LITERAL} [@877,4109:4119='\ifExintVar',<188>,155:14] (termorseq, taclet, rulesOrAxioms, decls, file) 
302047     WARN  Test worker     d.u.i.k.n.KeYParser       [syntax-error] file:/home/runner/work/key/key/key.core/build/resources/main/de/uka/ilkd/key/proof/rules/ifThenElseRules.key:155:27: extraneous input '(' expecting {'\lemma', '}', IDENT, '/*!'} [@880,4122:4122='(',<146>,155:27] (rulesOrAxioms, decls, file) 
302047     WARN  Test worker     d.u.i.k.n.KeYParser       [syntax-error] file:/home/runner/work/key/key/key.core/build/resources/main/de/uka/ilkd/key/proof/rules/ifThenElseRules.key:155:35: mismatched input '=' expecting {'(', '{'} [@883,4130:4130='=',<159>,155:35] (taclet, rulesOrAxioms, decls, file) 
302047     WARN  Test worker     d.u.i.k.n.KeYParser       [syntax-error] file:/home/runner/work/key/key/key.core/build/resources/main/de/uka/ilkd/key/proof/rules/ifThenElseRules.key:157:38: mismatched input '}' expecting {'(', '{'} [@917,4230:4230='}',<149>,157:38] (taclet, rulesOrAxioms, decls, file) 
302048     WARN  Test worker     d.u.i.k.n.KeYParser       [syntax-error] file:/home/runner/work/key/key/key.core/build/resources/main/de/uka/ilkd/key/proof/rules/ifThenElseRules.key:163:14: mismatched input '\ifExintVar' expecting {MODALITY, FORALL, EXISTS, '\if', '\ifEx', 'true', 'false', '(', '{', '@', NOT, SEQARROW, '-', STRING_LITERAL, CHAR_LITERAL, BIN_LITERAL, HEX_LITERAL, IDENT, INT_LITERAL, FLOAT_LITERAL, DOUBLE_LITERAL, REAL_LITERAL} [@939,4350:4360='\ifExintVar',<188>,163:14] (termorseq, taclet, rulesOrAxioms, decls, file) 
302048     WARN  Test worker     d.u.i.k.n.KeYParser       [syntax-error] file:/home/runner/work/key/key/key.core/build/resources/main/de/uka/ilkd/key/proof/rules/ifThenElseRules.key:163:27: extraneous input '(' expecting {'\lemma', '}', IDENT, '/*!'} [@942,4363:4363='(',<146>,163:27] (rulesOrAxioms, decls, file) 
302048     WARN  Test worker     d.u.i.k.n.KeYParser       [syntax-error] file:/home/runner/work/key/key/key.core/build/resources/main/de/uka/ilkd/key/proof/rules/ifThenElseRules.key:163:30: mismatched input '=' expecting {'(', '{'} [@945,4366:4366='=',<159>,163:30] (taclet, rulesOrAxioms, decls, file) 
302048     WARN  Test worker     d.u.i.k.n.KeYParser       [syntax-error] file:/home/runner/work/key/key/key.core/build/resources/main/de/uka/ilkd/key/proof/rules/ifThenElseRules.key:165:38: mismatched input '}' expecting {'(', '{'} [@979,4477:4477='}',<149>,165:38] (taclet, rulesOrAxioms, decls, file) 
302048     WARN  Test worker     d.u.i.k.n.KeYParser       [syntax-error] file:/home/runner/work/key/key/key.core/build/resources/main/de/uka/ilkd/key/proof/rules/ifThenElseRules.key:171:14: mismatched input '\ifExintVar' expecting {MODALITY, FORALL, EXISTS, '\if', '\ifEx', 'true', 'false', '(', '{', '@', NOT, SEQARROW, '-', STRING_LITERAL, CHAR_LITERAL, BIN_LITERAL, HEX_LITERAL, IDENT, INT_LITERAL, FLOAT_LITERAL, DOUBLE_LITERAL, REAL_LITERAL} [@1001,4604:4614='\ifExintVar',<188>,171:14] (termorseq, taclet, rulesOrAxioms, decls, file) 
302048     WARN  Test worker     d.u.i.k.n.KeYParser       [syntax-error] file:/home/runner/work/key/key/key.core/build/resources/main/de/uka/ilkd/key/proof/rules/ifThenElseRules.key:171:27: extraneous input '(' expecting {'\lemma', '}', IDENT, '/*!'} [@1004,4617:4617='(',<146>,171:27] (rulesOrAxioms, decls, file) 
302048     WARN  Test worker     d.u.i.k.n.KeYParser       [syntax-error] file:/home/runner/work/key/key/key.core/build/resources/main/de/uka/ilkd/key/proof/rules/ifThenElseRules.key:171:30: mismatched input '=' expecting {'(', '{'} [@1007,4620:4620='=',<159>,171:30] (taclet, rulesOrAxioms, decls, file) 
302048     WARN  Test worker     d.u.i.k.n.KeYParser       [syntax-error] file:/home/runner/work/key/key/key.core/build/resources/main/de/uka/ilkd/key/proof/rules/ifThenElseRules.key:173:38: mismatched input '}' expecting {'(', '{'} [@1041,4725:4725='}',<149>,173:38] (taclet, rulesOrAxioms, decls, file) 
302049     WARN  Test worker     d.u.i.k.n.KeYParser       [syntax-error] file:/home/runner/work/key/key/key.core/build/resources/main/de/uka/ilkd/key/proof/rules/ifThenElseRules.key:179:14: mismatched input '\ifExintVar' expecting {MODALITY, FORALL, EXISTS, '\if', '\ifEx', 'true', 'false', '(', '{', '@', NOT, SEQARROW, '-', STRING_LITERAL, CHAR_LITERAL, BIN_LITERAL, HEX_LITERAL, IDENT, INT_LITERAL, FLOAT_LITERAL, DOUBLE_LITERAL, REAL_LITERAL} [@1063,4848:4858='\ifExintVar',<188>,179:14] (termorseq, taclet, rulesOrAxioms, decls, file) 
302049     WARN  Test worker     d.u.i.k.n.KeYParser       [syntax-error] file:/home/runner/work/key/key/key.core/build/resources/main/de/uka/ilkd/key/proof/rules/ifThenElseRules.key:179:27: extraneous input '(' expecting {'\lemma', '}', IDENT, '/*!'} [@1066,4861:4861='(',<146>,179:27] (rulesOrAxioms, decls, file) 
302049     WARN  Test worker     d.u.i.k.n.KeYParser       [syntax-error] file:/home/runner/work/key/key/key.core/build/resources/main/de/uka/ilkd/key/proof/rules/ifThenElseRules.key:179:32: mismatched input '&' expecting {'(', '{'} [@1069,4866:4866='&',<156>,179:32] (taclet, rulesOrAxioms, decls, file) 
302049     WARN  Test worker     d.u.i.k.n.KeYParser       [syntax-error] file:/home/runner/work/key/key/key.core/build/resources/main/de/uka/ilkd/key/proof/rules/ifThenElseRules.key:181:42: mismatched input '}' expecting {'(', '{'} [@1109,4985:4985='}',<149>,181:42] (taclet, rulesOrAxioms, decls, file) 
302049     WARN  Test worker     d.u.i.k.n.KeYParser       [syntax-error] file:/home/runner/work/key/key/key.core/build/resources/main/de/uka/ilkd/key/proof/rules/ifThenElseRules.key:182:39: mismatched input '}' expecting {'(', '{'} [@1122,5030:5030='}',<149>,182:39] (taclet, rulesOrAxioms, decls, file) 
302049     WARN  Test worker     d.u.i.k.n.KeYParser       [syntax-error] file:/home/runner/work/key/key/key.core/build/resources/main/de/uka/ilkd/key/proof/rules/ifThenElseRules.key:188:14: mismatched input '\ifExintVar' expecting {MODALITY, FORALL, EXISTS, '\if', '\ifEx', 'true', 'false', '(', '{', '@', NOT, SEQARROW, '-', STRING_LITERAL, CHAR_LITERAL, BIN_LITERAL, HEX_LITERAL, IDENT, INT_LITERAL, FLOAT_LITERAL, DOUBLE_LITERAL, REAL_LITERAL} [@1146,5149:5159='\ifExintVar',<188>,188:14] (termorseq, taclet, rulesOrAxioms, decls, file) 
302049     WARN  Test worker     d.u.i.k.n.KeYParser       [syntax-error] file:/home/runner/work/key/key/key.core/build/resources/main/de/uka/ilkd/key/proof/rules/ifThenElseRules.key:188:27: extraneous input '(' expecting {'\lemma', '}', IDENT, '/*!'} [@1149,5162:5162='(',<146>,188:27] (rulesOrAxioms, decls, file) 
302049     WARN  Test worker     d.u.i.k.n.KeYParser       [syntax-error] file:/home/runner/work/key/key/key.core/build/resources/main/de/uka/ilkd/key/proof/rules/ifThenElseRules.key:188:32: mismatched input '&' expecting {'(', '{'} [@1152,5167:5167='&',<156>,188:32] (taclet, rulesOrAxioms, decls, file) 
302049     WARN  Test worker     d.u.i.k.n.KeYParser       [syntax-error] file:/home/runner/work/key/key/key.core/build/resources/main/de/uka/ilkd/key/proof/rules/ifThenElseRules.key:190:42: mismatched input '}' expecting {'(', '{'} [@1192,5280:5280='}',<149>,190:42] (taclet, rulesOrAxioms, decls, file) 
302050     WARN  Test worker     d.u.i.k.n.KeYParser       [syntax-error] file:/home/runner/work/key/key/key.core/build/resources/main/de/uka/ilkd/key/proof/rules/ifThenElseRules.key:191:39: mismatched input '}' expecting {'(', '{'} [@1205,5325:5325='}',<149>,191:39] (taclet, rulesOrAxioms, decls, file) 
302050     WARN  Test worker     d.u.i.k.n.KeYParser       [syntax-error] file:/home/runner/work/key/key/key.core/build/resources/main/de/uka/ilkd/key/proof/rules/ifThenElseRules.key:198:14: mismatched input '\ifExintVar' expecting {MODALITY, FORALL, EXISTS, '\if', '\ifEx', 'true', 'false', '(', '{', '@', NOT, SEQARROW, '-', STRING_LITERAL, CHAR_LITERAL, BIN_LITERAL, HEX_LITERAL, IDENT, INT_LITERAL, FLOAT_LITERAL, DOUBLE_LITERAL, REAL_LITERAL} [@1233,5475:5485='\ifExintVar',<188>,198:14] (termorseq, taclet, rulesOrAxioms, decls, file) 
302050     WARN  Test worker     d.u.i.k.n.KeYParser       [syntax-error] file:/home/runner/work/key/key/key.core/build/resources/main/de/uka/ilkd/key/proof/rules/ifThenElseRules.key:198:27: extraneous input '(' expecting {'\lemma', '}', IDENT, '/*!'} [@1236,5488:5488='(',<146>,198:27] (rulesOrAxioms, decls, file) 
302050     WARN  Test worker     d.u.i.k.n.KeYParser       [syntax-error] file:/home/runner/work/key/key/key.core/build/resources/main/de/uka/ilkd/key/proof/rules/ifThenElseRules.key:198:32: mismatched input '&' expecting {'(', '{'} [@1239,5493:5493='&',<156>,198:32] (taclet, rulesOrAxioms, decls, file) 
302050     WARN  Test worker     d.u.i.k.n.KeYParser       [syntax-error] file:/home/runner/work/key/key/key.core/build/resources/main/de/uka/ilkd/key/proof/rules/ifThenElseRules.key:200:42: mismatched input '}' expecting {'(', '{'} [@1279,5612:5612='}',<149>,200:42] (taclet, rulesOrAxioms, decls, file) 
302050     WARN  Test worker     d.u.i.k.n.KeYParser       [syntax-error] file:/home/runner/work/key/key/key.core/build/resources/main/de/uka/ilkd/key/proof/rules/ifThenElseRules.key:201:39: mismatched input '}' expecting {'(', '{'} [@1292,5657:5657='}',<149>,201:39] (taclet, rulesOrAxioms, decls, file) 
302050     WARN  Test worker     d.u.i.k.n.KeYParser       [syntax-error] file:/home/runner/work/key/key/key.core/build/resources/main/de/uka/ilkd/key/proof/rules/ifThenElseRules.key:208:14: mismatched input '\ifExintVar' expecting {MODALITY, FORALL, EXISTS, '\if', '\ifEx', 'true', 'false', '(', '{', '@', NOT, SEQARROW, '-', STRING_LITERAL, CHAR_LITERAL, BIN_LITERAL, HEX_LITERAL, IDENT, INT_LITERAL, FLOAT_LITERAL, DOUBLE_LITERAL, REAL_LITERAL} [@1320,5817:5827='\ifExintVar',<188>,208:14] (termorseq, taclet, rulesOrAxioms, decls, file) 
302050     WARN  Test worker     d.u.i.k.n.KeYParser       [syntax-error] file:/home/runner/work/key/key/key.core/build/resources/main/de/uka/ilkd/key/proof/rules/ifThenElseRules.key:208:27: extraneous input '(' expecting {'\lemma', '}', IDENT, '/*!'} [@1323,5830:5830='(',<146>,208:27] (rulesOrAxioms, decls, file) 
302051     WARN  Test worker     d.u.i.k.n.KeYParser       [syntax-error] file:/home/runner/work/key/key/key.core/build/resources/main/de/uka/ilkd/key/proof/rules/ifThenElseRules.key:208:32: mismatched input '&' expecting {'(', '{'} [@1326,5835:5835='&',<156>,208:32] (taclet, rulesOrAxioms, decls, file) 
302051     WARN  Test worker     d.u.i.k.n.KeYParser       [syntax-error] file:/home/runner/work/key/key/key.core/build/resources/main/de/uka/ilkd/key/proof/rules/ifThenElseRules.key:210:42: mismatched input '}' expecting {'(', '{'} [@1366,5948:5948='}',<149>,210:42] (taclet, rulesOrAxioms, decls, file) 
302051     WARN  Test worker     d.u.i.k.n.KeYParser       [syntax-error] file:/home/runner/work/key/key/key.core/build/resources/main/de/uka/ilkd/key/proof/rules/ifThenElseRules.key:211:39: mismatched input '}' expecting {'(', '{'} [@1379,5993:5993='}',<149>,211:39] (taclet, rulesOrAxioms, decls, file) 
302051     WARN  Test worker     d.u.i.k.n.KeYParser       [syntax-error] file:/home/runner/work/key/key/key.core/build/resources/main/de/uka/ilkd/key/proof/rules/ifThenElseRules.key:218:14: mismatched input '\ifExintVar' expecting {MODALITY, FORALL, EXISTS, '\if', '\ifEx', 'true', 'false', '(', '{', '@', NOT, SEQARROW, '-', STRING_LITERAL, CHAR_LITERAL, BIN_LITERAL, HEX_LITERAL, IDENT, INT_LITERAL, FLOAT_LITERAL, DOUBLE_LITERAL, REAL_LITERAL} [@1407,6146:6156='\ifExintVar',<188>,218:14] (termorseq, taclet, rulesOrAxioms, decls, file) 
302051     WARN  Test worker     d.u.i.k.n.KeYParser       [syntax-error] file:/home/runner/work/key/key/key.core/build/resources/main/de/uka/ilkd/key/proof/rules/ifThenElseRules.key:218:27: extraneous input '(' expecting {'\lemma', '}', IDENT, '/*!'} [@1410,6159:6159='(',<146>,218:27] (rulesOrAxioms, decls, file) 
302051     WARN  Test worker     d.u.i.k.n.KeYParser       [syntax-error] file:/home/runner/work/key/key/key.core/build/resources/main/de/uka/ilkd/key/proof/rules/ifThenElseRules.key:218:31: mismatched input ')' expecting {'(', '{'} [@1412,6163:6163=')',<147>,218:31] (taclet, rulesOrAxioms, decls, file) 
302051     WARN  Test worker     d.u.i.k.n.KeYParser       [syntax-error] file:/home/runner/work/key/key/key.core/build/resources/main/de/uka/ilkd/key/proof/rules/ifThenElseRules.key:220:44: mismatched input ')' expecting {'(', '{'} [@1444,6275:6275=')',<147>,220:44] (taclet, rulesOrAxioms, decls, file) 
302051     WARN  Test worker     d.u.i.k.n.KeYParser       [syntax-error] file:/home/runner/work/key/key/key.core/build/resources/main/de/uka/ilkd/key/proof/rules/ifThenElseRules.key:225:14: mismatched input '\ifExintVar' expecting {MODALITY, FORALL, EXISTS, '\if', '\ifEx', 'true', 'false', '(', '{', '@', NOT, SEQARROW, '-', STRING_LITERAL, CHAR_LITERAL, BIN_LITERAL, HEX_LITERAL, IDENT, INT_LITERAL, FLOAT_LITERAL, DOUBLE_LITERAL, REAL_LITERAL} [@1471,6389:6399='\ifExintVar',<188>,225:14] (termorseq, taclet, rulesOrAxioms, decls, file) 
302051     WARN  Test worker     d.u.i.k.n.KeYParser       [syntax-error] file:/home/runner/work/key/key/key.core/build/resources/main/de/uka/ilkd/key/proof/rules/ifThenElseRules.key:225:27: extraneous input '(' expecting {'\lemma', '}', IDENT, '/*!'} [@1474,6402:6402='(',<146>,225:27] (rulesOrAxioms, decls, file) 
302052     WARN  Test worker     d.u.i.k.n.KeYParser       [syntax-error] file:/home/runner/work/key/key/key.core/build/resources/main/de/uka/ilkd/key/proof/rules/ifThenElseRules.key:225:31: mismatched input ')' expecting {'(', '{'} [@1476,6406:6406=')',<147>,225:31] (taclet, rulesOrAxioms, decls, file) 
302052     WARN  Test worker     d.u.i.k.n.KeYParser       [syntax-error] file:/home/runner/work/key/key/key.core/build/resources/main/de/uka/ilkd/key/proof/rules/ifThenElseRules.key:227:44: mismatched input ')' expecting {'(', '{'} [@1508,6509:6509=')',<147>,227:44] (taclet, rulesOrAxioms, decls, file) 
302052     WARN  Test worker     d.u.i.k.n.KeYParser       [syntax-error] file:/home/runner/work/key/key/key.core/build/resources/main/de/uka/ilkd/key/proof/rules/ifThenElseRules.key:233:14: mismatched input '\ifExintVar' expecting {MODALITY, FORALL, EXISTS, '\if', '\ifEx', 'true', 'false', '(', '{', '@', NOT, SEQARROW, '-', STRING_LITERAL, CHAR_LITERAL, BIN_LITERAL, HEX_LITERAL, IDENT, INT_LITERAL, FLOAT_LITERAL, DOUBLE_LITERAL, REAL_LITERAL} [@1539,6656:6666='\ifExintVar',<188>,233:14] (termorseq, taclet, rulesOrAxioms, decls, file) 
302052     WARN  Test worker     d.u.i.k.n.KeYParser       [syntax-error] file:/home/runner/work/key/key/key.core/build/resources/main/de/uka/ilkd/key/proof/rules/ifThenElseRules.key:233:27: extraneous input '(' expecting {'\lemma', '}', IDENT, '/*!'} [@1542,6669:6669='(',<146>,233:27] (rulesOrAxioms, decls, file) 
302052     WARN  Test worker     d.u.i.k.n.KeYParser       [syntax-error] file:/home/runner/work/key/key/key.core/build/resources/main/de/uka/ilkd/key/proof/rules/ifThenElseRules.key:233:31: mismatched input ')' expecting {'(', '{'} [@1544,6673:6673=')',<147>,233:31] (taclet, rulesOrAxioms, decls, file) 
302052     WARN  Test worker     d.u.i.k.n.KeYParser       [syntax-error] file:/home/runner/work/key/key/key.core/build/resources/main/de/uka/ilkd/key/proof/rules/ifThenElseRules.key:237:42: mismatched input '}' expecting {'(', '{'} [@1586,6850:6850='}',<149>,237:42] (taclet, rulesOrAxioms, decls, file) 
302052     WARN  Test worker     d.u.i.k.n.KeYParser       [syntax-error] file:/home/runner/work/key/key/key.core/build/resources/main/de/uka/ilkd/key/proof/rules/ifThenElseRules.key:238:34: mismatched input '}' expecting {'(', '{'} [@1599,6891:6891='}',<149>,238:34] (taclet, rulesOrAxioms, decls, file) 
302052     WARN  Test worker     d.u.i.k.n.KeYParser       [syntax-error] file:/home/runner/work/key/key/key.core/build/resources/main/de/uka/ilkd/key/proof/rules/ifThenElseRules.key:239:28: extraneous input '(' expecting {'\lemma', '}', IDENT, '/*!'} [@1608,6925:6925='(',<146>,239:28] (rulesOrAxioms, decls, file) 
302052     WARN  Test worker     d.u.i.k.n.KeYParser       [syntax-error] file:/home/runner/work/key/key/key.core/build/resources/main/de/uka/ilkd/key/proof/rules/ifThenElseRules.key:239:33: mismatched input '->' expecting {'(', '{'} [@1611,6930:6931='->',<158>,239:33] (taclet, rulesOrAxioms, decls, file) 
302052     WARN  Test worker     d.u.i.k.n.KeYParser       [syntax-error] file:/home/runner/work/key/key/key.core/build/resources/main/de/uka/ilkd/key/proof/rules/ifThenElseRules.key:240:8: extraneous input '\replacewith' expecting {'\lemma', '}', IDENT, '/*!'} [@1626,6979:6990='\replacewith',<105>,240:8] (rulesOrAxioms, decls, file) 
302053     WARN  Test worker     d.u.i.k.n.KeYParser       [syntax-error] file:/home/runner/work/key/key/key.core/build/resources/main/de/uka/ilkd/key/proof/rules/ifThenElseRules.key:240:25: mismatched input ')' expecting {'(', '{'} [@1629,6996:6996=')',<147>,240:25] (taclet, rulesOrAxioms, decls, file) 
302053     WARN  Test worker     d.u.i.k.n.KeYParser       [syntax-error] file:/home/runner/work/key/key/key.core/build/resources/main/de/uka/ilkd/key/proof/rules/ifThenElseRules.key:240:56: mismatched input ')' expecting {'(', '{'} [@1642,7027:7027=')',<147>,240:56] (taclet, rulesOrAxioms, decls, file) 
302053     WARN  Test worker     d.u.i.k.n.KeYParser       [syntax-error] file:/home/runner/work/key/key/key.core/build/resources/main/de/uka/ilkd/key/proof/rules/ifThenElseRules.key:245:14: mismatched input '\ifExintVar' expecting {MODALITY, FORALL, EXISTS, '\if', '\ifEx', 'true', 'false', '(', '{', '@', NOT, SEQARROW, '-', STRING_LITERAL, CHAR_LITERAL, BIN_LITERAL, HEX_LITERAL, IDENT, INT_LITERAL, FLOAT_LITERAL, DOUBLE_LITERAL, REAL_LITERAL} [@1658,7109:7119='\ifExintVar',<188>,245:14] (termorseq, taclet, rulesOrAxioms, decls, file) 
302053     WARN  Test worker     d.u.i.k.n.KeYParser       [syntax-error] file:/home/runner/work/key/key/key.core/build/resources/main/de/uka/ilkd/key/proof/rules/ifThenElseRules.key:245:27: extraneous input '(' expecting {'\lemma', '}', IDENT, '/*!'} [@1661,7122:7122='(',<146>,245:27] (rulesOrAxioms, decls, file) 
302053     WARN  Test worker     d.u.i.k.n.KeYParser       [syntax-error] file:/home/runner/work/key/key/key.core/build/resources/main/de/uka/ilkd/key/proof/rules/ifThenElseRules.key:245:31: mismatched input ')' expecting {'(', '{'} [@1663,7126:7126=')',<147>,245:31] (taclet, rulesOrAxioms, decls, file) 
302053     WARN  Test worker     d.u.i.k.n.KeYParser       [syntax-error] file:/home/runner/work/key/key/key.core/build/resources/main/de/uka/ilkd/key/proof/rules/ifThenElseRules.key:248:45: mismatched input '}' expecting {'(', '{'} [@1696,7268:7268='}',<149>,248:45] (taclet, rulesOrAxioms, decls, file) 
302053     WARN  Test worker     d.u.i.k.n.KeYParser       [syntax-error] file:/home/runner/work/key/key/key.core/build/resources/main/de/uka/ilkd/key/proof/rules/ifThenElseRules.key:249:8: extraneous input '\replacewith' expecting {'\lemma', '}', IDENT, '/*!'} [@1701,7284:7295='\replacewith',<105>,249:8] (rulesOrAxioms, decls, file) 
302053     WARN  Test worker     d.u.i.k.n.KeYParser       [syntax-error] file:/home/runner/work/key/key/key.core/build/resources/main/de/uka/ilkd/key/proof/rules/ifThenElseRules.key:249:38: mismatched input ')' expecting {'(', '{'} [@1708,7314:7314=')',<147>,249:38] (taclet, rulesOrAxioms, decls, file) 
302053     WARN  Test worker     d.u.i.k.n.KeYParser       [syntax-error] file:/home/runner/work/key/key/key.core/build/resources/main/de/uka/ilkd/key/proof/rules/ifThenElseRules.key:250:42: mismatched input '}' expecting {'(', '{'} [@1731,7381:7381='}',<149>,250:42] (taclet, rulesOrAxioms, decls, file) 
302054     WARN  Test worker     d.u.i.k.n.KeYParser       [syntax-error] file:/home/runner/work/key/key/key.core/build/resources/main/de/uka/ilkd/key/proof/rules/ifThenElseRules.key:251:28: extraneous input '(' expecting {'\lemma', '}', IDENT, '/*!'} [@1741,7416:7416='(',<146>,251:28] (rulesOrAxioms, decls, file) 
302054     WARN  Test worker     d.u.i.k.n.KeYParser       [syntax-error] file:/home/runner/work/key/key/key.core/build/resources/main/de/uka/ilkd/key/proof/rules/ifThenElseRules.key:251:33: mismatched input '->' expecting {'(', '{'} [@1744,7421:7422='->',<158>,251:33] (taclet, rulesOrAxioms, decls, file) 
302054     WARN  Test worker     d.u.i.k.n.KeYParser       [syntax-error] file:/home/runner/work/key/key/key.core/build/resources/main/de/uka/ilkd/key/proof/rules/ifThenElseRules.key:255:14: mismatched input '\ifExintVar' expecting {MODALITY, FORALL, EXISTS, '\if', '\ifEx', 'true', 'false', '(', '{', '@', NOT, SEQARROW, '-', STRING_LITERAL, CHAR_LITERAL, BIN_LITERAL, HEX_LITERAL, IDENT, INT_LITERAL, FLOAT_LITERAL, DOUBLE_LITERAL, REAL_LITERAL} [@1765,7506:7516='\ifExintVar',<188>,255:14] (termorseq, taclet, rulesOrAxioms, decls, file) 
302054     WARN  Test worker     d.u.i.k.n.KeYParser       [syntax-error] file:/home/runner/work/key/key/key.core/build/resources/main/de/uka/ilkd/key/proof/rules/ifThenElseRules.key:255:27: extraneous input '(' expecting {'\lemma', '}', IDENT, '/*!'} [@1768,7519:7519='(',<146>,255:27] (rulesOrAxioms, decls, file) 
302054     WARN  Test worker     d.u.i.k.n.KeYParser       [syntax-error] file:/home/runner/work/key/key/key.core/build/resources/main/de/uka/ilkd/key/proof/rules/ifThenElseRules.key:255:31: mismatched input ')' expecting {'(', '{'} [@1770,7523:7523=')',<147>,255:31] (taclet, rulesOrAxioms, decls, file) 
302054     WARN  Test worker     d.u.i.k.n.KeYParser       [syntax-error] file:/home/runner/work/key/key/key.core/build/resources/main/de/uka/ilkd/key/proof/rules/ifThenElseRules.key:258:52: extraneous input '0' expecting {'\lemma', '}', IDENT, '/*!'} [@1809,7667:7667='0',<184>,258:52] (rulesOrAxioms, decls, file) 
302054     WARN  Test worker     d.u.i.k.n.KeYParser       [syntax-error] file:/home/runner/work/key/key/key.core/build/resources/main/de/uka/ilkd/key/proof/rules/ifThenElseRules.key:258:54: mismatched input 'then' expecting {<EOF>, '\problem', '\chooseContract', '\proofObligation', '\proof'} [@1811,7669:7672='then',<183>,258:54] (file) 
302055     ERROR Test worker     d.u.i.k.s.n.MasterHandlerTest Error reading /home/runner/work/key/key/key.core/build/resources/test/de/uka/ilkd/key/smt/newsmt2/cases/float2.props de.uka.ilkd.key.proof.io.ProblemLoaderException: line 135:14 mismatched input '\ifExintVar' expecting {MODALITY, FORALL, EXISTS, '\if', '\ifEx', 'true', 'false', '(', '{', '@', NOT, SEQARROW, '-', STRING_LITERAL, CHAR_LITERAL, BIN_LITERAL, HEX_LITERAL, IDENT, INT_LITERAL, FLOAT_LITERAL, DOUBLE_LITERAL, REAL_LITERAL}
line 135:27 extraneous input '(' expecting {'\lemma', '}', IDENT, '/*!'}
line 135:44 mismatched input ')' expecting {'(', '{'}
line 141:14 mismatched input '\ifExintVar' expecting {MODALITY, FORALL, EXISTS, '\if', '\ifEx', 'true', 'false', '(', '{', '@', NOT, SEQARROW, '-', STRING_LITERAL, CHAR_LITERAL, BIN_LITERAL, HEX_LITERAL, IDENT, INT_LITERAL, FLOAT_LITERAL, DOUBLE_LITERAL, REAL_LITERAL}
line 141:27 extraneous input '(' expecting {'\lemma', '}', IDENT, '/*!'}
line 141:41 mismatched input ')' expecting {'(', '{'}
line 148:14 mismatched input '\ifExintVar' expecting {MODALITY, FORALL, EXISTS, '\if', '\ifEx', 'true', 'false', '(', '{', '@', NOT, SEQARROW, '-', STRING_LITERAL, CHAR_LITERAL, BIN_LITERAL, HEX_LITERAL, IDENT, INT_LITERAL, FLOAT_LITERAL, DOUBLE_LITERAL, REAL_LITERAL}
line 148:27 extraneous input '(' expecting {'\lemma', '}', IDENT, '/*!'}
line 148:35 mismatched input '=' expecting {'(', '{'}
line 150:38 mismatched input '}' expecting {'(', '{'}
line 155:14 mismatched input '\ifExintVar' expecting {MODALITY, FORALL, EXISTS, '\if', '\ifEx', 'true', 'false', '(', '{', '@', NOT, SEQARROW, '-', STRING_LITERAL, CHAR_LITERAL, BIN_LITERAL, HEX_LITERAL, IDENT, INT_LITERAL, FLOAT_LITERAL, DOUBLE_LITERAL, REAL_LITERAL}
line 155:27 extraneous input '(' expecting {'\lemma', '}', IDENT, '/*!'}
line 155:35 mismatched input '=' expecting {'(', '{'}
line 157:38 mismatched input '}' expecting {'(', '{'}
line 163:14 mismatched input '\ifExintVar' expecting {MODALITY, FORALL, EXISTS, '\if', '\ifEx', 'true', 'false', '(', '{', '@', NOT, SEQARROW, '-', STRING_LITERAL, CHAR_LITERAL, BIN_LITERAL, HEX_LITERAL, IDENT, INT_LITERAL, FLOAT_LITERAL, DOUBLE_LITERAL, REAL_LITERAL}
line 163:27 extraneous input '(' expecting {'\lemma', '}', IDENT, '/*!'}
line 163:30 mismatched input '=' expecting {'(', '{'}
line 165:38 mismatched input '}' expecting {'(', '{'}
line 171:14 mismatched input '\ifExintVar' expecting {MODALITY, FORALL, EXISTS, '\if', '\ifEx', 'true', 'false', '(', '{', '@', NOT, SEQARROW, '-', STRING_LITERAL, CHAR_LITERAL, BIN_LITERAL, HEX_LITERAL, IDENT, INT_LITERAL, FLOAT_LITERAL, DOUBLE_LITERAL, REAL_LITERAL}
line 171:27 extraneous input '(' expecting {'\lemma', '}', IDENT, '/*!'}
line 171:30 mismatched input '=' expecting {'(', '{'}
line 173:38 mismatched input '}' expecting {'(', '{'}
line 179:14 mismatched input '\ifExintVar' expecting {MODALITY, FORALL, EXISTS, '\if', '\ifEx', 'true', 'false', '(', '{', '@', NOT, SEQARROW, '-', STRING_LITERAL, CHAR_LITERAL, BIN_LITERAL, HEX_LITERAL, IDENT, INT_LITERAL, FLOAT_LITERAL, DOUBLE_LITERAL, REAL_LITERAL}
line 179:27 extraneous input '(' expecting {'\lemma', '}', IDENT, '/*!'}
line 179:32 mismatched input '&' expecting {'(', '{'}
line 181:42 mismatched input '}' expecting {'(', '{'}
line 182:39 mismatched input '}' expecting {'(', '{'}
line 188:14 mismatched input '\ifExintVar' expecting {MODALITY, FORALL, EXISTS, '\if', '\ifEx', 'true', 'false', '(', '{', '@', NOT, SEQARROW, '-', STRING_LITERAL, CHAR_LITERAL, BIN_LITERAL, HEX_LITERAL, IDENT, INT_LITERAL, FLOAT_LITERAL, DOUBLE_LITERAL, REAL_LITERAL}
line 188:27 extraneous input '(' expecting {'\lemma', '}', IDENT, '/*!'}
line 188:32 mismatched input '&' expecting {'(', '{'}
line 190:42 mismatched input '}' expecting {'(', '{'}
line 191:39 mismatched input '}' expecting {'(', '{'}
line 198:14 mismatched input '\ifExintVar' expecting {MODALITY, FORALL, EXISTS, '\if', '\ifEx', 'true', 'false', '(', '{', '@', NOT, SEQARROW, '-', STRING_LITERAL, CHAR_LITERAL, BIN_LITERAL, HEX_LITERAL, IDENT, INT_LITERAL, FLOAT_LITERAL, DOUBLE_LITERAL, REAL_LITERAL}
line 198:27 extraneous input '(' expecting {'\lemma', '}', IDENT, '/*!'}
line 198:32 mismatched input '&' expecting {'(', '{'}
line 200:42 mismatched input '}' expecting {'(', '{'}
line 201:39 mismatched input '}' expecting {'(', '{'}
line 208:14 mismatched input '\ifExintVar' expecting {MODALITY, FORALL, EXISTS, '\if', '\ifEx', 'true', 'false', '(', '{', '@', NOT, SEQARROW, '-', STRING_LITERAL, CHAR_LITERAL, BIN_LITERAL, HEX_LITERAL, IDENT, INT_LITERAL, FLOAT_LITERAL, DOUBLE_LITERAL, REAL_LITERAL}
line 208:27 extraneous input '(' expecting {'\lemma', '}', IDENT, '/*!'}
line 208:32 mismatched input '&' expecting {'(', '{'}
line 210:42 mismatched input '}' expecting {'(', '{'}
line 211:39 mismatched input '}' expecting {'(', '{'}
line 218:14 mismatched input '\ifExintVar' expecting {MODALITY, FORALL, EXISTS, '\if', '\ifEx', 'true', 'false', '(', '{', '@', NOT, SEQARROW, '-', STRING_LITERAL, CHAR_LITERAL, BIN_LITERAL, HEX_LITERAL, IDENT, INT_LITERAL, FLOAT_LITERAL, DOUBLE_LITERAL, REAL_LITERAL}
line 218:27 extraneous input '(' expecting {'\lemma', '}', IDENT, '/*!'}
line 218:31 mismatched input ')' expecting {'(', '{'}
line 220:44 mismatched input ')' expecting {'(', '{'}
line 225:14 mismatched input '\ifExintVar' expecting {MODALITY, FORALL, EXISTS, '\if', '\ifEx', 'true', 'false', '(', '{', '@', NOT, SEQARROW, '-', STRING_LITERAL, CHAR_LITERAL, BIN_LITERAL, HEX_LITERAL, IDENT, INT_LITERAL, FLOAT_LITERAL, DOUBLE_LITERAL, REAL_LITERAL}
line 225:27 extraneous input '(' expecting {'\lemma', '}', IDENT, '/*!'}
line 225:31 mismatched input ')' expecting {'(', '{'}
line 227:44 mismatched input ')' expecting {'(', '{'}
line 233:14 mismatched input '\ifExintVar' expecting {MODALITY, FORALL, EXISTS, '\if', '\ifEx', 'true', 'false', '(', '{', '@', NOT, SEQARROW, '-', STRING_LITERAL, CHAR_LITERAL, BIN_LITERAL, HEX_LITERAL, IDENT, INT_LITERAL, FLOAT_LITERAL, DOUBLE_LITERAL, REAL_LITERAL}
line 233:27 extraneous input '(' expecting {'\lemma', '}', IDENT, '/*!'}
line 233:31 mismatched input ')' expecting {'(', '{'}
line 237:42 mismatched input '}' expecting {'(', '{'}
line 238:34 mismatched input '}' expecting {'(', '{'}
line 239:28 extraneous input '(' expecting {'\lemma', '}', IDENT, '/*!'}
line 239:33 mismatched input '->' expecting {'(', '{'}
line 240:8 extraneous input '\replacewith' expecting {'\lemma', '}', IDENT, '/*!'}
line 240:25 mismatched input ')' expecting {'(', '{'}
line 240:56 mismatched input ')' expecting {'(', '{'}
line 245:14 mismatched input '\ifExintVar' expecting {MODALITY, FORALL, EXISTS, '\if', '\ifEx', 'true', 'false', '(', '{', '@', NOT, SEQARROW, '-', STRING_LITERAL, CHAR_LITERAL, BIN_LITERAL, HEX_LITERAL, IDENT, INT_LITERAL, FLOAT_LITERAL, DOUBLE_LITERAL, REAL_LITERAL}
line 245:27 extraneous input '(' expecting {'\lemma', '}', IDENT, '/*!'}
line 245:31 mismatched input ')' expecting {'(', '{'}
line 248:45 mismatched input '}' expecting {'(', '{'}
line 249:8 extraneous input '\replacewith' expecting {'\lemma', '}', IDENT, '/*!'}
line 249:38 mismatched input ')' expecting {'(', '{'}
line 250:42 mismatched input '}' expecting {'(', '{'}
line 251:28 extraneous input '(' expecting {'\lemma', '}', IDENT, '/*!'}
line 251:33 mismatched input '->' expecting {'(', '{'}
line 255:14 mismatched input '\ifExintVar' expecting {MODALITY, FORALL, EXISTS, '\if', '\ifEx', 'true', 'false', '(', '{', '@', NOT, SEQARROW, '-', STRING_LITERAL, CHAR_LITERAL, BIN_LITERAL, HEX_LITERAL, IDENT, INT_LITERAL, FLOAT_LITERAL, DOUBLE_LITERAL, REAL_LITERAL}
line 255:27 extraneous input '(' expecting {'\lemma', '}', IDENT, '/*!'}
line 255:31 mismatched input ')' expecting {'(', '{'}
line 258:52 extraneous input '0' expecting {'\lemma', '}', IDENT, '/*!'}
line 258:54 mismatched input 'then' expecting {<EOF>, '\problem', '\chooseContract', '\proofObligation', '\proof'}

	at de.uka.ilkd.key.control.AbstractUserInterfaceControl.load(AbstractUserInterfaceControl.java:221)
Caused by: de.uka.ilkd.key.proof.init.ProofInputException: line 135:14 mismatched input '\ifExintVar' expecting {MODALITY, FORALL, EXISTS, '\if', '\ifEx', 'true', 'false', '(', '{', '@', NOT, SEQARROW, '-', STRING_LITERAL, CHAR_LITERAL, BIN_LITERAL, HEX_LITERAL, IDENT, INT_LITERAL, FLOAT_LITERAL, DOUBLE_LITERAL, REAL_LITERAL}
line 135:27 extraneous input '(' expecting {'\lemma', '}', IDENT, '/*!'}
line 135:44 mismatched input ')' expecting {'(', '{'}
line 141:14 mismatched input '\ifExintVar' expecting {MODALITY, FORALL, EXISTS, '\if', '\ifEx', 'true', 'false', '(', '{', '@', NOT, SEQARROW, '-', STRING_LITERAL, CHAR_LITERAL, BIN_LITERAL, HEX_LITERAL, IDENT, INT_LITERAL, FLOAT_LITERAL, DOUBLE_LITERAL, REAL_LITERAL}
line 141:27 extraneous input '(' expecting {'\lemma', '}', IDENT, '/*!'}
line 141:41 mismatched input ')' expecting {'(', '{'}
line 148:14 mismatched input '\ifExintVar' expecting {MODALITY, FORALL, EXISTS, '\if', '\ifEx', 'true', 'false', '(', '{', '@', NOT, SEQARROW, '-', STRING_LITERAL, CHAR_LITERAL, BIN_LITERAL, HEX_LITERAL, IDENT, INT_LITERAL, FLOAT_LITERAL, DOUBLE_LITERAL, REAL_LITERAL}
line 148:27 extraneous input '(' expecting {'\lemma', '}', IDENT, '/*!'}
line 148:35 mismatched input '=' expecting {'(', '{'}
line 150:38 mismatched input '}' expecting {'(', '{'}
line 155:14 mismatched input '\ifExintVar' expecting {MODALITY, FORALL, EXISTS, '\if', '\ifEx', 'true', 'false', '(', '{', '@', NOT, SEQARROW, '-', STRING_LITERAL, CHAR_LITERAL, BIN_LITERAL, HEX_LITERAL, IDENT, INT_LITERAL, FLOAT_LITERAL, DOUBLE_LITERAL, REAL_LITERAL}
line 155:27 extraneous input '(' expecting {'\lemma', '}', IDENT, '/*!'}
line 155:35 mismatched input '=' expecting {'(', '{'}
line 157:38 mismatched input '}' expecting {'(', '{'}
line 163:14 mismatched input '\ifExintVar' expecting {MODALITY, FORALL, EXISTS, '\if', '\ifEx', 'true', 'false', '(', '{', '@', NOT, SEQARROW, '-', STRING_LITERAL, CHAR_LITERAL, BIN_LITERAL, HEX_LITERAL, IDENT, INT_LITERAL, FLOAT_LITERAL, DOUBLE_LITERAL, REAL_LITERAL}
line 163:27 extraneous input '(' expecting {'\lemma', '}', IDENT, '/*!'}
line 163:30 mismatched input '=' expecting {'(', '{'}
line 165:38 mismatched input '}' expecting {'(', '{'}
line 171:14 mismatched input '\ifExintVar' expecting {MODALITY, FORALL, EXISTS, '\if', '\ifEx', 'true', 'false', '(', '{', '@', NOT, SEQARROW, '-', STRING_LITERAL, CHAR_LITERAL, BIN_LITERAL, HEX_LITERAL, IDENT, INT_LITERAL, FLOAT_LITERAL, DOUBLE_LITERAL, REAL_LITERAL}
line 171:27 extraneous input '(' expecting {'\lemma', '}', IDENT, '/*!'}
line 171:30 mismatched input '=' expecting {'(', '{'}
line 173:38 mismatched input '}' expecting {'(', '{'}
line 179:14 mismatched input '\ifExintVar' expecting {MODALITY, FORALL, EXISTS, '\if', '\ifEx', 'true', 'false', '(', '{', '@', NOT, SEQARROW, '-', STRING_LITERAL, CHAR_LITERAL, BIN_LITERAL, HEX_LITERAL, IDENT, INT_LITERAL, FLOAT_LITERAL, DOUBLE_LITERAL, REAL_LITERAL}
line 179:27 extraneous input '(' expecting {'\lemma', '}', IDENT, '/*!'}
line 179:32 mismatched input '&' expecting {'(', '{'}
line 181:42 mismatched input '}' expecting {'(', '{'}
line 182:39 mismatched input '}' expecting {'(', '{'}
line 188:14 mismatched input '\ifExintVar' expecting {MODALITY, FORALL, EXISTS, '\if', '\ifEx', 'true', 'false', '(', '{', '@', NOT, SEQARROW, '-', STRING_LITERAL, CHAR_LITERAL, BIN_LITERAL, HEX_LITERAL, IDENT, INT_LITERAL, FLOAT_LITERAL, DOUBLE_LITERAL, REAL_LITERAL}
line 188:27 extraneous input '(' expecting {'\lemma', '}', IDENT, '/*!'}
line 188:32 mismatched input '&' expecting {'(', '{'}
line 190:42 mismatched input '}' expecting {'(', '{'}
line 191:39 mismatched input '}' expecting {'(', '{'}
line 198:14 mismatched input '\ifExintVar' expecting {MODALITY, FORALL, EXISTS, '\if', '\ifEx', 'true', 'false', '(', '{', '@', NOT, SEQARROW, '-', STRING_LITERAL, CHAR_LITERAL, BIN_LITERAL, HEX_LITERAL, IDENT, INT_LITERAL, FLOAT_LITERAL, DOUBLE_LITERAL, REAL_LITERAL}
line 198:27 extraneous input '(' expecting {'\lemma', '}', IDENT, '/*!'}
line 198:32 mismatched input '&' expecting {'(', '{'}
line 200:42 mismatched input '}' expecting {'(', '{'}
line 201:39 mismatched input '}' expecting {'(', '{'}
line 208:14 mismatched input '\ifExintVar' expecting {MODALITY, FORALL, EXISTS, '\if', '\ifEx', 'true', 'false', '(', '{', '@', NOT, SEQARROW, '-', STRING_LITERAL, CHAR_LITERAL, BIN_LITERAL, HEX_LITERAL, IDENT, INT_LITERAL, FLOAT_LITERAL, DOUBLE_LITERAL, REAL_LITERAL}
line 208:27 extraneous input '(' expecting {'\lemma', '}', IDENT, '/*!'}
line 208:32 mismatched input '&' expecting {'(', '{'}
line 210:42 mismatched input '}' expecting {'(', '{'}
line 211:39 mismatched input '}' expecting {'(', '{'}
line 218:14 mismatched input '\ifExintVar' expecting {MODALITY, FORALL, EXISTS, '\if', '\ifEx', 'true', 'false', '(', '{', '@', NOT, SEQARROW, '-', STRING_LITERAL, CHAR_LITERAL, BIN_LITERAL, HEX_LITERAL, IDENT, INT_LITERAL, FLOAT_LITERAL, DOUBLE_LITERAL, REAL_LITERAL}
line 218:27 extraneous input '(' expecting {'\lemma', '}', IDENT, '/*!'}
line 218:31 mismatched input ')' expecting {'(', '{'}
line 220:44 mismatched input ')' expecting {'(', '{'}
line 225:14 mismatched input '\ifExintVar' expecting {MODALITY, FORALL, EXISTS, '\if', '\ifEx', 'true', 'false', '(', '{', '@', NOT, SEQARROW, '-', STRING_LITERAL, CHAR_LITERAL, BIN_LITERAL, HEX_LITERAL, IDENT, INT_LITERAL, FLOAT_LITERAL, DOUBLE_LITERAL, REAL_LITERAL}
line 225:27 extraneous input '(' expecting {'\lemma', '}', IDENT, '/*!'}
line 225:31 mismatched input ')' expecting {'(', '{'}
line 227:44 mismatched input ')' expecting {'(', '{'}
line 233:14 mismatched input '\ifExintVar' expecting {MODALITY, FORALL, EXISTS, '\if', '\ifEx', 'true', 'false', '(', '{', '@', NOT, SEQARROW, '-', STRING_LITERAL, CHAR_LITERAL, BIN_LITERAL, HEX_LITERAL, IDENT, INT_LITERAL, FLOAT_LITERAL, DOUBLE_LITERAL, REAL_LITERAL}
line 233:27 extraneous input '(' expecting {'\lemma', '}', IDENT, '/*!'}
line 233:31 mismatched input ')' expecting {'(', '{'}
line 237:42 mismatched input '}' expecting {'(', '{'}
line 238:34 mismatched input '}' expecting {'(', '{'}
line 239:28 extraneous input '(' expecting {'\lemma', '}', IDENT, '/*!'}
line 239:33 mismatched input '->' expecting {'(', '{'}
line 240:8 extraneous input '\replacewith' expecting {'\lemma', '}', IDENT, '/*!'}
line 240:25 mismatched input ')' expecting {'(', '{'}
line 240:56 mismatched input ')' expecting {'(', '{'}
line 245:14 mismatched input '\ifExintVar' expecting {MODALITY, FORALL, EXISTS, '\if', '\ifEx', 'true', 'false', '(', '{', '@', NOT, SEQARROW, '-', STRING_LITERAL, CHAR_LITERAL, BIN_LITERAL, HEX_LITERAL, IDENT, INT_LITERAL, FLOAT_LITERAL, DOUBLE_LITERAL, REAL_LITERAL}
line 245:27 extraneous input '(' expecting {'\lemma', '}', IDENT, '/*!'}
line 245:31 mismatched input ')' expecting {'(', '{'}
line 248:45 mismatched input '}' expecting {'(', '{'}
line 249:8 extraneous input '\replacewith' expecting {'\lemma', '}', IDENT, '/*!'}
line 249:38 mismatched input ')' expecting {'(', '{'}
line 250:42 mismatched input '}' expecting {'(', '{'}
line 251:28 extraneous input '(' expecting {'\lemma', '}', IDENT, '/*!'}
line 251:33 mismatched input '->' expecting {'(', '{'}
line 255:14 mismatched input '\ifExintVar' expecting {MODALITY, FORALL, EXISTS, '\if', '\ifEx', 'true', 'false', '(', '{', '@', NOT, SEQARROW, '-', STRING_LITERAL, CHAR_LITERAL, BIN_LITERAL, HEX_LITERAL, IDENT, INT_LITERAL, FLOAT_LITERAL, DOUBLE_LITERAL, REAL_LITERAL}
line 255:27 extraneous input '(' expecting {'\lemma', '}', IDENT, '/*!'}
line 255:31 mismatched input ')' expecting {'(', '{'}
line 258:52 extraneous input '0' expecting {'\lemma', '}', IDENT, '/*!'}
line 258:54 mismatched input 'then' expecting {<EOF>, '\problem', '\chooseContract', '\proofObligation', '\proof'}

	at de.uka.ilkd.key.proof.io.KeYFile.readIncludes(KeYFile.java:210)
Caused by: de.uka.ilkd.key.util.parsing.SyntaxErrorReporter$ParserException: line 135:14 mismatched input '\ifExintVar' expecting {MODALITY, FORALL, EXISTS, '\if', '\ifEx', 'true', 'false', '(', '{', '@', NOT, SEQARROW, '-', STRING_LITERAL, CHAR_LITERAL, BIN_LITERAL, HEX_LITERAL, IDENT, INT_LITERAL, FLOAT_LITERAL, DOUBLE_LITERAL, REAL_LITERAL}
line 135:27 extraneous input '(' expecting {'\lemma', '}', IDENT, '/*!'}
line 135:44 mismatched input ')' expecting {'(', '{'}
line 141:14 mismatched input '\ifExintVar' expecting {MODALITY, FORALL, EXISTS, '\if', '\ifEx', 'true', 'false', '(', '{', '@', NOT, SEQARROW, '-', STRING_LITERAL, CHAR_LITERAL, BIN_LITERAL, HEX_LITERAL, IDENT, INT_LITERAL, FLOAT_LITERAL, DOUBLE_LITERAL, REAL_LITERAL}
line 141:27 extraneous input '(' expecting {'\lemma', '}', IDENT, '/*!'}
line 141:41 mismatched input ')' expecting {'(', '{'}
line 148:14 mismatched input '\ifExintVar' expecting {MODALITY, FORALL, EXISTS, '\if', '\ifEx', 'true', 'false', '(', '{', '@', NOT, SEQARROW, '-', STRING_LITERAL, CHAR_LITERAL, BIN_LITERAL, HEX_LITERAL, IDENT, INT_LITERAL, FLOAT_LITERAL, DOUBLE_LITERAL, REAL_LITERAL}
line 148:27 extraneous input '(' expecting {'\lemma', '}', IDENT, '/*!'}
line 148:35 mismatched input '=' expecting {'(', '{'}
line 150:38 mismatched input '}' expecting {'(', '{'}
line 155:14 mismatched input '\ifExintVar' expecting {MODALITY, FORALL, EXISTS, '\if', '\ifEx', 'true', 'false', '(', '{', '@', NOT, SEQARROW, '-', STRING_LITERAL, CHAR_LITERAL, BIN_LITERAL, HEX_LITERAL, IDENT, INT_LITERAL, FLOAT_LITERAL, DOUBLE_LITERAL, REAL_LITERAL}
line 155:27 extraneous input '(' expecting {'\lemma', '}', IDENT, '/*!'}
line 155:35 mismatched input '=' expecting {'(', '{'}
line 157:38 mismatched input '}' expecting {'(', '{'}
line 163:14 mismatched input '\ifExintVar' expecting {MODALITY, FORALL, EXISTS, '\if', '\ifEx', 'true', 'false', '(', '{', '@', NOT, SEQARROW, '-', STRING_LITERAL, CHAR_LITERAL, BIN_LITERAL, HEX_LITERAL, IDENT, INT_LITERAL, FLOAT_LITERAL, DOUBLE_LITERAL, REAL_LITERAL}
line 163:27 extraneous input '(' expecting {'\lemma', '}', IDENT, '/*!'}
line 163:30 mismatched input '=' expecting {'(', '{'}
line 165:38 mismatched input '}' expecting {'(', '{'}
line 171:14 mismatched input '\ifExintVar' expecting {MODALITY, FORALL, EXISTS, '\if', '\ifEx', 'true', 'false', '(', '{', '@', NOT, SEQARROW, '-', STRING_LITERAL, CHAR_LITERAL, BIN_LITERAL, HEX_LITERAL, IDENT, INT_LITERAL, FLOAT_LITERAL, DOUBLE_LITERAL, REAL_LITERAL}
line 171:27 extraneous input '(' expecting {'\lemma', '}', IDENT, '/*!'}
line 171:30 mismatched input '=' expecting {'(', '{'}
line 173:38 mismatched input '}' expecting {'(', '{'}
line 179:14 mismatched input '\ifExintVar' expecting {MODALITY, FORALL, EXISTS, '\if', '\ifEx', 'true', 'false', '(', '{', '@', NOT, SEQARROW, '-', STRING_LITERAL, CHAR_LITERAL, BIN_LITERAL, HEX_LITERAL, IDENT, INT_LITERAL, FLOAT_LITERAL, DOUBLE_LITERAL, REAL_LITERAL}
line 179:27 extraneous input '(' expecting {'\lemma', '}', IDENT, '/*!'}
line 179:32 mismatched input '&' expecting {'(', '{'}
line 181:42 mismatched input '}' expecting {'(', '{'}
line 182:39 mismatched input '}' expecting {'(', '{'}
line 188:14 mismatched input '\ifExintVar' expecting {MODALITY, FORALL, EXISTS, '\if', '\ifEx', 'true', 'false', '(', '{', '@', NOT, SEQARROW, '-', STRING_LITERAL, CHAR_LITERAL, BIN_LITERAL, HEX_LITERAL, IDENT, INT_LITERAL, FLOAT_LITERAL, DOUBLE_LITERAL, REAL_LITERAL}
line 188:27 extraneous input '(' expecting {'\lemma', '}', IDENT, '/*!'}
line 188:32 mismatched input '&' expecting {'(', '{'}
line 190:42 mismatched input '}' expecting {'(', '{'}
line 191:39 mismatched input '}' expecting {'(', '{'}
line 198:14 mismatched input '\ifExintVar' expecting {MODALITY, FORALL, EXISTS, '\if', '\ifEx', 'true', 'false', '(', '{', '@', NOT, SEQARROW, '-', STRING_LITERAL, CHAR_LITERAL, BIN_LITERAL, HEX_LITERAL, IDENT, INT_LITERAL, FLOAT_LITERAL, DOUBLE_LITERAL, REAL_LITERAL}
line 198:27 extraneous input '(' expecting {'\lemma', '}', IDENT, '/*!'}
line 198:32 mismatched input '&' expecting {'(', '{'}
line 200:42 mismatched input '}' expecting {'(', '{'}
line 201:39 mismatched input '}' expecting {'(', '{'}
line 208:14 mismatched input '\ifExintVar' expecting {MODALITY, FORALL, EXISTS, '\if', '\ifEx', 'true', 'false', '(', '{', '@', NOT, SEQARROW, '-', STRING_LITERAL, CHAR_LITERAL, BIN_LITERAL, HEX_LITERAL, IDENT, INT_LITERAL, FLOAT_LITERAL, DOUBLE_LITERAL, REAL_LITERAL}
line 208:27 extraneous input '(' expecting {'\lemma', '}', IDENT, '/*!'}
line 208:32 mismatched input '&' expecting {'(', '{'}
line 210:42 mismatched input '}' expecting {'(', '{'}
line 211:39 mismatched input '}' expecting {'(', '{'}
line 218:14 mismatched input '\ifExintVar' expecting {MODALITY, FORALL, EXISTS, '\if', '\ifEx', 'true', 'false', '(', '{', '@', NOT, SEQARROW, '-', STRING_LITERAL, CHAR_LITERAL, BIN_LITERAL, HEX_LITERAL, IDENT, INT_LITERAL, FLOAT_LITERAL, DOUBLE_LITERAL, REAL_LITERAL}
line 218:27 extraneous input '(' expecting {'\lemma', '}', IDENT, '/*!'}
line 218:31 mismatched input ')' expecting {'(', '{'}
line 220:44 mismatched input ')' expecting {'(', '{'}
line 225:14 mismatched input '\ifExintVar' expecting {MODALITY, FORALL, EXISTS, '\if', '\ifEx', 'true', 'false', '(', '{', '@', NOT, SEQARROW, '-', STRING_LITERAL, CHAR_LITERAL, BIN_LITERAL, HEX_LITERAL, IDENT, INT_LITERAL, FLOAT_LITERAL, DOUBLE_LITERAL, REAL_LITERAL}
line 225:27 extraneous input '(' expecting {'\lemma', '}', IDENT, '/*!'}
line 225:31 mismatched input ')' expecting {'(', '{'}
line 227:44 mismatched input ')' expecting {'(', '{'}
line 233:14 mismatched input '\ifExintVar' expecting {MODALITY, FORALL, EXISTS, '\if', '\ifEx', 'true', 'false', '(', '{', '@', NOT, SEQARROW, '-', STRING_LITERAL, CHAR_LITERAL, BIN_LITERAL, HEX_LITERAL, IDENT, INT_LITERAL, FLOAT_LITERAL, DOUBLE_LITERAL, REAL_LITERAL}
line 233:27 extraneous input '(' expecting {'\lemma', '}', IDENT, '/*!'}
line 233:31 mismatched input ')' expecting {'(', '{'}
line 237:42 mismatched input '}' expecting {'(', '{'}
line 238:34 mismatched input '}' expecting {'(', '{'}
line 239:28 extraneous input '(' expecting {'\lemma', '}', IDENT, '/*!'}
line 239:33 mismatched input '->' expecting {'(', '{'}
line 240:8 extraneous input '\replacewith' expecting {'\lemma', '}', IDENT, '/*!'}
line 240:25 mismatched input ')' expecting {'(', '{'}
line 240:56 mismatched input ')' expecting {'(', '{'}
line 245:14 mismatched input '\ifExintVar' expecting {MODALITY, FORALL, EXISTS, '\if', '\ifEx', 'true', 'false', '(', '{', '@', NOT, SEQARROW, '-', STRING_LITERAL, CHAR_LITERAL, BIN_LITERAL, HEX_LITERAL, IDENT, INT_LITERAL, FLOAT_LITERAL, DOUBLE_LITERAL, REAL_LITERAL}
line 245:27 extraneous input '(' expecting {'\lemma', '}', IDENT, '/*!'}
line 245:31 mismatched input ')' expecting {'(', '{'}
line 248:45 mismatched input '}' expecting {'(', '{'}
line 249:8 extraneous input '\replacewith' expecting {'\lemma', '}', IDENT, '/*!'}
line 249:38 mismatched input ')' expecting {'(', '{'}
line 250:42 mismatched input '}' expecting {'(', '{'}
line 251:28 extraneous input '(' expecting {'\lemma', '}', IDENT, '/*!'}
line 251:33 mismatched input '->' expecting {'(', '{'}
line 255:14 mismatched input '\ifExintVar' expecting {MODALITY, FORALL, EXISTS, '\if', '\ifEx', 'true', 'false', '(', '{', '@', NOT, SEQARROW, '-', STRING_LITERAL, CHAR_LITERAL, BIN_LITERAL, HEX_LITERAL, IDENT, INT_LITERAL, FLOAT_LITERAL, DOUBLE_LITERAL, REAL_LITERAL}
line 255:27 extraneous input '(' expecting {'\lemma', '}', IDENT, '/*!'}
line 255:31 mismatched input ')' expecting {'(', '{'}
line 258:52 extraneous input '0' expecting {'\lemma', '}', IDENT, '/*!'}
line 258:54 mismatched input 'then' expecting {<EOF>, '\problem', '\chooseContract', '\proofObligation', '\proof'}

	at de.uka.ilkd.key.util.parsing.SyntaxErrorReporter.throwException(SyntaxErrorReporter.java:89)

302117     WARN  Test worker     d.u.i.k.n.KeYParser       [syntax-error] file:/home/runner/work/key/key/key.core/build/resources/main/de/uka/ilkd/key/proof/rules/ifThenElseRules.key:135:14: mismatched input '\ifExintVar' expecting {MODALITY, FORALL, EXISTS, '\if', '\ifEx', 'true', 'false', '(', '{', '@', NOT, SEQARROW, '-', STRING_LITERAL, CHAR_LITERAL, BIN_LITERAL, HEX_LITERAL, IDENT, INT_LITERAL, FLOAT_LITERAL, DOUBLE_LITERAL, REAL_LITERAL} [@745,3563:3573='\ifExintVar',<188>,135:14] (termorseq, taclet, rulesOrAxioms, decls, file) 
302118     WARN  Test worker     d.u.i.k.n.KeYParser       [syntax-error] file:/home/runner/work/key/key/key.core/build/resources/main/de/uka/ilkd/key/proof/rules/ifThenElseRules.key:135:27: extraneous input '(' expecting {'\lemma', '}', IDENT, '/*!'} [@748,3576:3576='(',<146>,135:27] (rulesOrAxioms, decls, file) 
302118     WARN  Test worker     d.u.i.k.n.KeYParser       [syntax-error] file:/home/runner/work/key/key/key.core/build/resources/main/de/uka/ilkd/key/proof/rules/ifThenElseRules.key:135:44: mismatched input ')' expecting {'(', '{'} [@754,3593:3593=')',<147>,135:44] (taclet, rulesOrAxioms, decls, file) 
302118     WARN  Test worker     d.u.i.k.n.KeYParser       [syntax-error] file:/home/runner/work/key/key/key.core/build/resources/main/de/uka/ilkd/key/proof/rules/ifThenElseRules.key:141:14: mismatched input '\ifExintVar' expecting {MODALITY, FORALL, EXISTS, '\if', '\ifEx', 'true', 'false', '(', '{', '@', NOT, SEQARROW, '-', STRING_LITERAL, CHAR_LITERAL, BIN_LITERAL, HEX_LITERAL, IDENT, INT_LITERAL, FLOAT_LITERAL, DOUBLE_LITERAL, REAL_LITERAL} [@780,3716:3726='\ifExintVar',<188>,141:14] (termorseq, taclet, rulesOrAxioms, decls, file) 
302118     WARN  Test worker     d.u.i.k.n.KeYParser       [syntax-error] file:/home/runner/work/key/key/key.core/build/resources/main/de/uka/ilkd/key/proof/rules/ifThenElseRules.key:141:27: extraneous input '(' expecting {'\lemma', '}', IDENT, '/*!'} [@783,3729:3729='(',<146>,141:27] (rulesOrAxioms, decls, file) 
302118     WARN  Test worker     d.u.i.k.n.KeYParser       [syntax-error] file:/home/runner/work/key/key/key.core/build/resources/main/de/uka/ilkd/key/proof/rules/ifThenElseRules.key:141:41: mismatched input ')' expecting {'(', '{'} [@789,3743:3743=')',<147>,141:41] (taclet, rulesOrAxioms, decls, file) 
302118     WARN  Test worker     d.u.i.k.n.KeYParser       [syntax-error] file:/home/runner/work/key/key/key.core/build/resources/main/de/uka/ilkd/key/proof/rules/ifThenElseRules.key:148:14: mismatched input '\ifExintVar' expecting {MODALITY, FORALL, EXISTS, '\if', '\ifEx', 'true', 'false', '(', '{', '@', NOT, SEQARROW, '-', STRING_LITERAL, CHAR_LITERAL, BIN_LITERAL, HEX_LITERAL, IDENT, INT_LITERAL, FLOAT_LITERAL, DOUBLE_LITERAL, REAL_LITERAL} [@819,3896:3906='\ifExintVar',<188>,148:14] (termorseq, taclet, rulesOrAxioms, decls, file) 
302118     WARN  Test worker     d.u.i.k.n.KeYParser       [syntax-error] file:/home/runner/work/key/key/key.core/build/resources/main/de/uka/ilkd/key/proof/rules/ifThenElseRules.key:148:27: extraneous input '(' expecting {'\lemma', '}', IDENT, '/*!'} [@822,3909:3909='(',<146>,148:27] (rulesOrAxioms, decls, file) 
302119     WARN  Test worker     d.u.i.k.n.KeYParser       [syntax-error] file:/home/runner/work/key/key/key.core/build/resources/main/de/uka/ilkd/key/proof/rules/ifThenElseRules.key:148:35: mismatched input '=' expecting {'(', '{'} [@825,3917:3917='=',<159>,148:35] (taclet, rulesOrAxioms, decls, file) 
302119     WARN  Test worker     d.u.i.k.n.KeYParser       [syntax-error] file:/home/runner/work/key/key/key.core/build/resources/main/de/uka/ilkd/key/proof/rules/ifThenElseRules.key:150:38: mismatched input '}' expecting {'(', '{'} [@859,4023:4023='}',<149>,150:38] (taclet, rulesOrAxioms, decls, file) 
302119     WARN  Test worker     d.u.i.k.n.KeYParser       [syntax-error] file:/home/runner/work/key/key/key.core/build/resources/main/de/uka/ilkd/key/proof/rules/ifThenElseRules.key:155:14: mismatched input '\ifExintVar' expecting {MODALITY, FORALL, EXISTS, '\if', '\ifEx', 'true', 'false', '(', '{', '@', NOT, SEQARROW, '-', STRING_LITERAL, CHAR_LITERAL, BIN_LITERAL, HEX_LITERAL, IDENT, INT_LITERAL, FLOAT_LITERAL, DOUBLE_LITERAL, REAL_LITERAL} [@877,4109:4119='\ifExintVar',<188>,155:14] (termorseq, taclet, rulesOrAxioms, decls, file) 
302119     WARN  Test worker     d.u.i.k.n.KeYParser       [syntax-error] file:/home/runner/work/key/key/key.core/build/resources/main/de/uka/ilkd/key/proof/rules/ifThenElseRules.key:155:27: extraneous input '(' expecting {'\lemma', '}', IDENT, '/*!'} [@880,4122:4122='(',<146>,155:27] (rulesOrAxioms, decls, file) 
302119     WARN  Test worker     d.u.i.k.n.KeYParser       [syntax-error] file:/home/runner/work/key/key/key.core/build/resources/main/de/uka/ilkd/key/proof/rules/ifThenElseRules.key:155:35: mismatched input '=' expecting {'(', '{'} [@883,4130:4130='=',<159>,155:35] (taclet, rulesOrAxioms, decls, file) 
302119     WARN  Test worker     d.u.i.k.n.KeYParser       [syntax-error] file:/home/runner/work/key/key/key.core/build/resources/main/de/uka/ilkd/key/proof/rules/ifThenElseRules.key:157:38: mismatched input '}' expecting {'(', '{'} [@917,4230:4230='}',<149>,157:38] (taclet, rulesOrAxioms, decls, file) 
302119     WARN  Test worker     d.u.i.k.n.KeYParser       [syntax-error] file:/home/runner/work/key/key/key.core/build/resources/main/de/uka/ilkd/key/proof/rules/ifThenElseRules.key:163:14: mismatched input '\ifExintVar' expecting {MODALITY, FORALL, EXISTS, '\if', '\ifEx', 'true', 'false', '(', '{', '@', NOT, SEQARROW, '-', STRING_LITERAL, CHAR_LITERAL, BIN_LITERAL, HEX_LITERAL, IDENT, INT_LITERAL, FLOAT_LITERAL, DOUBLE_LITERAL, REAL_LITERAL} [@939,4350:4360='\ifExintVar',<188>,163:14] (termorseq, taclet, rulesOrAxioms, decls, file) 
302119     WARN  Test worker     d.u.i.k.n.KeYParser       [syntax-error] file:/home/runner/work/key/key/key.core/build/resources/main/de/uka/ilkd/key/proof/rules/ifThenElseRules.key:163:27: extraneous input '(' expecting {'\lemma', '}', IDENT, '/*!'} [@942,4363:4363='(',<146>,163:27] (rulesOrAxioms, decls, file) 
302119     WARN  Test worker     d.u.i.k.n.KeYParser       [syntax-error] file:/home/runner/work/key/key/key.core/build/resources/main/de/uka/ilkd/key/proof/rules/ifThenElseRules.key:163:30: mismatched input '=' expecting {'(', '{'} [@945,4366:4366='=',<159>,163:30] (taclet, rulesOrAxioms, decls, file) 
302120     WARN  Test worker     d.u.i.k.n.KeYParser       [syntax-error] file:/home/runner/work/key/key/key.core/build/resources/main/de/uka/ilkd/key/proof/rules/ifThenElseRules.key:165:38: mismatched input '}' expecting {'(', '{'} [@979,4477:4477='}',<149>,165:38] (taclet, rulesOrAxioms, decls, file) 
302120     WARN  Test worker     d.u.i.k.n.KeYParser       [syntax-error] file:/home/runner/work/key/key/key.core/build/resources/main/de/uka/ilkd/key/proof/rules/ifThenElseRules.key:171:14: mismatched input '\ifExintVar' expecting {MODALITY, FORALL, EXISTS, '\if', '\ifEx', 'true', 'false', '(', '{', '@', NOT, SEQARROW, '-', STRING_LITERAL, CHAR_LITERAL, BIN_LITERAL, HEX_LITERAL, IDENT, INT_LITERAL, FLOAT_LITERAL, DOUBLE_LITERAL, REAL_LITERAL} [@1001,4604:4614='\ifExintVar',<188>,171:14] (termorseq, taclet, rulesOrAxioms, decls, file) 
302120     WARN  Test worker     d.u.i.k.n.KeYParser       [syntax-error] file:/home/runner/work/key/key/key.core/build/resources/main/de/uka/ilkd/key/proof/rules/ifThenElseRules.key:171:27: extraneous input '(' expecting {'\lemma', '}', IDENT, '/*!'} [@1004,4617:4617='(',<146>,171:27] (rulesOrAxioms, decls, file) 
302120     WARN  Test worker     d.u.i.k.n.KeYParser       [syntax-error] file:/home/runner/work/key/key/key.core/build/resources/main/de/uka/ilkd/key/proof/rules/ifThenElseRules.key:171:30: mismatched input '=' expecting {'(', '{'} [@1007,4620:4620='=',<159>,171:30] (taclet, rulesOrAxioms, decls, file) 
302120     WARN  Test worker     d.u.i.k.n.KeYParser       [syntax-error] file:/home/runner/work/key/key/key.core/build/resources/main/de/uka/ilkd/key/proof/rules/ifThenElseRules.key:173:38: mismatched input '}' expecting {'(', '{'} [@1041,4725:4725='}',<149>,173:38] (taclet, rulesOrAxioms, decls, file) 
302120     WARN  Test worker     d.u.i.k.n.KeYParser       [syntax-error] file:/home/runner/work/key/key/key.core/build/resources/main/de/uka/ilkd/key/proof/rules/ifThenElseRules.key:179:14: mismatched input '\ifExintVar' expecting {MODALITY, FORALL, EXISTS, '\if', '\ifEx', 'true', 'false', '(', '{', '@', NOT, SEQARROW, '-', STRING_LITERAL, CHAR_LITERAL, BIN_LITERAL, HEX_LITERAL, IDENT, INT_LITERAL, FLOAT_LITERAL, DOUBLE_LITERAL, REAL_LITERAL} [@1063,4848:4858='\ifExintVar',<188>,179:14] (termorseq, taclet, rulesOrAxioms, decls, file) 
302120     WARN  Test worker     d.u.i.k.n.KeYParser       [syntax-error] file:/home/runner/work/key/key/key.core/build/resources/main/de/uka/ilkd/key/proof/rules/ifThenElseRules.key:179:27: extraneous input '(' expecting {'\lemma', '}', IDENT, '/*!'} [@1066,4861:4861='(',<146>,179:27] (rulesOrAxioms, decls, file) 
302120     WARN  Test worker     d.u.i.k.n.KeYParser       [syntax-error] file:/home/runner/work/key/key/key.core/build/resources/main/de/uka/ilkd/key/proof/rules/ifThenElseRules.key:179:32: mismatched input '&' expecting {'(', '{'} [@1069,4866:4866='&',<156>,179:32] (taclet, rulesOrAxioms, decls, file) 
302120     WARN  Test worker     d.u.i.k.n.KeYParser       [syntax-error] file:/home/runner/work/key/key/key.core/build/resources/main/de/uka/ilkd/key/proof/rules/ifThenElseRules.key:181:42: mismatched input '}' expecting {'(', '{'} [@1109,4985:4985='}',<149>,181:42] (taclet, rulesOrAxioms, decls, file) 
302121     WARN  Test worker     d.u.i.k.n.KeYParser       [syntax-error] file:/home/runner/work/key/key/key.core/build/resources/main/de/uka/ilkd/key/proof/rules/ifThenElseRules.key:182:39: mismatched input '}' expecting {'(', '{'} [@1122,5030:5030='}',<149>,182:39] (taclet, rulesOrAxioms, decls, file) 
302121     WARN  Test worker     d.u.i.k.n.KeYParser       [syntax-error] file:/home/runner/work/key/key/key.core/build/resources/main/de/uka/ilkd/key/proof/rules/ifThenElseRules.key:188:14: mismatched input '\ifExintVar' expecting {MODALITY, FORALL, EXISTS, '\if', '\ifEx', 'true', 'false', '(', '{', '@', NOT, SEQARROW, '-', STRING_LITERAL, CHAR_LITERAL, BIN_LITERAL, HEX_LITERAL, IDENT, INT_LITERAL, FLOAT_LITERAL, DOUBLE_LITERAL, REAL_LITERAL} [@1146,5149:5159='\ifExintVar',<188>,188:14] (termorseq, taclet, rulesOrAxioms, decls, file) 
302121     WARN  Test worker     d.u.i.k.n.KeYParser       [syntax-error] file:/home/runner/work/key/key/key.core/build/resources/main/de/uka/ilkd/key/proof/rules/ifThenElseRules.key:188:27: extraneous input '(' expecting {'\lemma', '}', IDENT, '/*!'} [@1149,5162:5162='(',<146>,188:27] (rulesOrAxioms, decls, file) 
302121     WARN  Test worker     d.u.i.k.n.KeYParser       [syntax-error] file:/home/runner/work/key/key/key.core/build/resources/main/de/uka/ilkd/key/proof/rules/ifThenElseRules.key:188:32: mismatched input '&' expecting {'(', '{'} [@1152,5167:5167='&',<156>,188:32] (taclet, rulesOrAxioms, decls, file) 
302121     WARN  Test worker     d.u.i.k.n.KeYParser       [syntax-error] file:/home/runner/work/key/key/key.core/build/resources/main/de/uka/ilkd/key/proof/rules/ifThenElseRules.key:190:42: mismatched input '}' expecting {'(', '{'} [@1192,5280:5280='}',<149>,190:42] (taclet, rulesOrAxioms, decls, file) 
302121     WARN  Test worker     d.u.i.k.n.KeYParser       [syntax-error] file:/home/runner/work/key/key/key.core/build/resources/main/de/uka/ilkd/key/proof/rules/ifThenElseRules.key:191:39: mismatched input '}' expecting {'(', '{'} [@1205,5325:5325='}',<149>,191:39] (taclet, rulesOrAxioms, decls, file) 
302121     WARN  Test worker     d.u.i.k.n.KeYParser       [syntax-error] file:/home/runner/work/key/key/key.core/build/resources/main/de/uka/ilkd/key/proof/rules/ifThenElseRules.key:198:14: mismatched input '\ifExintVar' expecting {MODALITY, FORALL, EXISTS, '\if', '\ifEx', 'true', 'false', '(', '{', '@', NOT, SEQARROW, '-', STRING_LITERAL, CHAR_LITERAL, BIN_LITERAL, HEX_LITERAL, IDENT, INT_LITERAL, FLOAT_LITERAL, DOUBLE_LITERAL, REAL_LITERAL} [@1233,5475:5485='\ifExintVar',<188>,198:14] (termorseq, taclet, rulesOrAxioms, decls, file) 
302121     WARN  Test worker     d.u.i.k.n.KeYParser       [syntax-error] file:/home/runner/work/key/key/key.core/build/resources/main/de/uka/ilkd/key/proof/rules/ifThenElseRules.key:198:27: extraneous input '(' expecting {'\lemma', '}', IDENT, '/*!'} [@1236,5488:5488='(',<146>,198:27] (rulesOrAxioms, decls, file) 
302121     WARN  Test worker     d.u.i.k.n.KeYParser       [syntax-error] file:/home/runner/work/key/key/key.core/build/resources/main/de/uka/ilkd/key/proof/rules/ifThenElseRules.key:198:32: mismatched input '&' expecting {'(', '{'} [@1239,5493:5493='&',<156>,198:32] (taclet, rulesOrAxioms, decls, file) 
302122     WARN  Test worker     d.u.i.k.n.KeYParser       [syntax-error] file:/home/runner/work/key/key/key.core/build/resources/main/de/uka/ilkd/key/proof/rules/ifThenElseRules.key:200:42: mismatched input '}' expecting {'(', '{'} [@1279,5612:5612='}',<149>,200:42] (taclet, rulesOrAxioms, decls, file) 
302126     WARN  Test worker     d.u.i.k.n.KeYParser       [syntax-error] file:/home/runner/work/key/key/key.core/build/resources/main/de/uka/ilkd/key/proof/rules/ifThenElseRules.key:201:39: mismatched input '}' expecting {'(', '{'} [@1292,5657:5657='}',<149>,201:39] (taclet, rulesOrAxioms, decls, file) 
302126     WARN  Test worker     d.u.i.k.n.KeYParser       [syntax-error] file:/home/runner/work/key/key/key.core/build/resources/main/de/uka/ilkd/key/proof/rules/ifThenElseRules.key:208:14: mismatched input '\ifExintVar' expecting {MODALITY, FORALL, EXISTS, '\if', '\ifEx', 'true', 'false', '(', '{', '@', NOT, SEQARROW, '-', STRING_LITERAL, CHAR_LITERAL, BIN_LITERAL, HEX_LITERAL, IDENT, INT_LITERAL, FLOAT_LITERAL, DOUBLE_LITERAL, REAL_LITERAL} [@1320,5817:5827='\ifExintVar',<188>,208:14] (termorseq, taclet, rulesOrAxioms, decls, file) 
302127     WARN  Test worker     d.u.i.k.n.KeYParser       [syntax-error] file:/home/runner/work/key/key/key.core/build/resources/main/de/uka/ilkd/key/proof/rules/ifThenElseRules.key:208:27: extraneous input '(' expecting {'\lemma', '}', IDENT, '/*!'} [@1323,5830:5830='(',<146>,208:27] (rulesOrAxioms, decls, file) 
302127     WARN  Test worker     d.u.i.k.n.KeYParser       [syntax-error] file:/home/runner/work/key/key/key.core/build/resources/main/de/uka/ilkd/key/proof/rules/ifThenElseRules.key:208:32: mismatched input '&' expecting {'(', '{'} [@1326,5835:5835='&',<156>,208:32] (taclet, rulesOrAxioms, decls, file) 
302127     WARN  Test worker     d.u.i.k.n.KeYParser       [syntax-error] file:/home/runner/work/key/key/key.core/build/resources/main/de/uka/ilkd/key/proof/rules/ifThenElseRules.key:210:42: mismatched input '}' expecting {'(', '{'} [@1366,5948:5948='}',<149>,210:42] (taclet, rulesOrAxioms, decls, file) 
302127     WARN  Test worker     d.u.i.k.n.KeYParser       [syntax-error] file:/home/runner/work/key/key/key.core/build/resources/main/de/uka/ilkd/key/proof/rules/ifThenElseRules.key:211:39: mismatched input '}' expecting {'(', '{'} [@1379,5993:5993='}',<149>,211:39] (taclet, rulesOrAxioms, decls, file) 
302127     WARN  Test worker     d.u.i.k.n.KeYParser       [syntax-error] file:/home/runner/work/key/key/key.core/build/resources/main/de/uka/ilkd/key/proof/rules/ifThenElseRules.key:218:14: mismatched input '\ifExintVar' expecting {MODALITY, FORALL, EXISTS, '\if', '\ifEx', 'true', 'false', '(', '{', '@', NOT, SEQARROW, '-', STRING_LITERAL, CHAR_LITERAL, BIN_LITERAL, HEX_LITERAL, IDENT, INT_LITERAL, FLOAT_LITERAL, DOUBLE_LITERAL, REAL_LITERAL} [@1407,6146:6156='\ifExintVar',<188>,218:14] (termorseq, taclet, rulesOrAxioms, decls, file) 
302127     WARN  Test worker     d.u.i.k.n.KeYParser       [syntax-error] file:/home/runner/work/key/key/key.core/build/resources/main/de/uka/ilkd/key/proof/rules/ifThenElseRules.key:218:27: extraneous input '(' expecting {'\lemma', '}', IDENT, '/*!'} [@1410,6159:6159='(',<146>,218:27] (rulesOrAxioms, decls, file) 
302127     WARN  Test worker     d.u.i.k.n.KeYParser       [syntax-error] file:/home/runner/work/key/key/key.core/build/resources/main/de/uka/ilkd/key/proof/rules/ifThenElseRules.key:218:31: mismatched input ')' expecting {'(', '{'} [@1412,6163:6163=')',<147>,218:31] (taclet, rulesOrAxioms, decls, file) 
302127     WARN  Test worker     d.u.i.k.n.KeYParser       [syntax-error] file:/home/runner/work/key/key/key.core/build/resources/main/de/uka/ilkd/key/proof/rules/ifThenElseRules.key:220:44: mismatched input ')' expecting {'(', '{'} [@1444,6275:6275=')',<147>,220:44] (taclet, rulesOrAxioms, decls, file) 
302128     WARN  Test worker     d.u.i.k.n.KeYParser       [syntax-error] file:/home/runner/work/key/key/key.core/build/resources/main/de/uka/ilkd/key/proof/rules/ifThenElseRules.key:225:14: mismatched input '\ifExintVar' expecting {MODALITY, FORALL, EXISTS, '\if', '\ifEx', 'true', 'false', '(', '{', '@', NOT, SEQARROW, '-', STRING_LITERAL, CHAR_LITERAL, BIN_LITERAL, HEX_LITERAL, IDENT, INT_LITERAL, FLOAT_LITERAL, DOUBLE_LITERAL, REAL_LITERAL} [@1471,6389:6399='\ifExintVar',<188>,225:14] (termorseq, taclet, rulesOrAxioms, decls, file) 
302128     WARN  Test worker     d.u.i.k.n.KeYParser       [syntax-error] file:/home/runner/work/key/key/key.core/build/resources/main/de/uka/ilkd/key/proof/rules/ifThenElseRules.key:225:27: extraneous input '(' expecting {'\lemma', '}', IDENT, '/*!'} [@1474,6402:6402='(',<146>,225:27] (rulesOrAxioms, decls, file) 
302128     WARN  Test worker     d.u.i.k.n.KeYParser       [syntax-error] file:/home/runner/work/key/key/key.core/build/resources/main/de/uka/ilkd/key/proof/rules/ifThenElseRules.key:225:31: mismatched input ')' expecting {'(', '{'} [@1476,6406:6406=')',<147>,225:31] (taclet, rulesOrAxioms, decls, file) 
302128     WARN  Test worker     d.u.i.k.n.KeYParser       [syntax-error] file:/home/runner/work/key/key/key.core/build/resources/main/de/uka/ilkd/key/proof/rules/ifThenElseRules.key:227:44: mismatched input ')' expecting {'(', '{'} [@1508,6509:6509=')',<147>,227:44] (taclet, rulesOrAxioms, decls, file) 
302128     WARN  Test worker     d.u.i.k.n.KeYParser       [syntax-error] file:/home/runner/work/key/key/key.core/build/resources/main/de/uka/ilkd/key/proof/rules/ifThenElseRules.key:233:14: mismatched input '\ifExintVar' expecting {MODALITY, FORALL, EXISTS, '\if', '\ifEx', 'true', 'false', '(', '{', '@', NOT, SEQARROW, '-', STRING_LITERAL, CHAR_LITERAL, BIN_LITERAL, HEX_LITERAL, IDENT, INT_LITERAL, FLOAT_LITERAL, DOUBLE_LITERAL, REAL_LITERAL} [@1539,6656:6666='\ifExintVar',<188>,233:14] (termorseq, taclet, rulesOrAxioms, decls, file) 
302128     WARN  Test worker     d.u.i.k.n.KeYParser       [syntax-error] file:/home/runner/work/key/key/key.core/build/resources/main/de/uka/ilkd/key/proof/rules/ifThenElseRules.key:233:27: extraneous input '(' expecting {'\lemma', '}', IDENT, '/*!'} [@1542,6669:6669='(',<146>,233:27] (rulesOrAxioms, decls, file) 
302128     WARN  Test worker     d.u.i.k.n.KeYParser       [syntax-error] file:/home/runner/work/key/key/key.core/build/resources/main/de/uka/ilkd/key/proof/rules/ifThenElseRules.key:233:31: mismatched input ')' expecting {'(', '{'} [@1544,6673:6673=')',<147>,233:31] (taclet, rulesOrAxioms, decls, file) 
302128     WARN  Test worker     d.u.i.k.n.KeYParser       [syntax-error] file:/home/runner/work/key/key/key.core/build/resources/main/de/uka/ilkd/key/proof/rules/ifThenElseRules.key:237:42: mismatched input '}' expecting {'(', '{'} [@1586,6850:6850='}',<149>,237:42] (taclet, rulesOrAxioms, decls, file) 
302128     WARN  Test worker     d.u.i.k.n.KeYParser       [syntax-error] file:/home/runner/work/key/key/key.core/build/resources/main/de/uka/ilkd/key/proof/rules/ifThenElseRules.key:238:34: mismatched input '}' expecting {'(', '{'} [@1599,6891:6891='}',<149>,238:34] (taclet, rulesOrAxioms, decls, file) 
302129     WARN  Test worker     d.u.i.k.n.KeYParser       [syntax-error] file:/home/runner/work/key/key/key.core/build/resources/main/de/uka/ilkd/key/proof/rules/ifThenElseRules.key:239:28: extraneous input '(' expecting {'\lemma', '}', IDENT, '/*!'} [@1608,6925:6925='(',<146>,239:28] (rulesOrAxioms, decls, file) 
302129     WARN  Test worker     d.u.i.k.n.KeYParser       [syntax-error] file:/home/runner/work/key/key/key.core/build/resources/main/de/uka/ilkd/key/proof/rules/ifThenElseRules.key:239:33: mismatched input '->' expecting {'(', '{'} [@1611,6930:6931='->',<158>,239:33] (taclet, rulesOrAxioms, decls, file) 
302129     WARN  Test worker     d.u.i.k.n.KeYParser       [syntax-error] file:/home/runner/work/key/key/key.core/build/resources/main/de/uka/ilkd/key/proof/rules/ifThenElseRules.key:240:8: extraneous input '\replacewith' expecting {'\lemma', '}', IDENT, '/*!'} [@1626,6979:6990='\replacewith',<105>,240:8] (rulesOrAxioms, decls, file) 
302129     WARN  Test worker     d.u.i.k.n.KeYParser       [syntax-error] file:/home/runner/work/key/key/key.core/build/resources/main/de/uka/ilkd/key/proof/rules/ifThenElseRules.key:240:25: mismatched input ')' expecting {'(', '{'} [@1629,6996:6996=')',<147>,240:25] (taclet, rulesOrAxioms, decls, file) 
302129     WARN  Test worker     d.u.i.k.n.KeYParser       [syntax-error] file:/home/runner/work/key/key/key.core/build/resources/main/de/uka/ilkd/key/proof/rules/ifThenElseRules.key:240:56: mismatched input ')' expecting {'(', '{'} [@1642,7027:7027=')',<147>,240:56] (taclet, rulesOrAxioms, decls, file) 
302129     WARN  Test worker     d.u.i.k.n.KeYParser       [syntax-error] file:/home/runner/work/key/key/key.core/build/resources/main/de/uka/ilkd/key/proof/rules/ifThenElseRules.key:245:14: mismatched input '\ifExintVar' expecting {MODALITY, FORALL, EXISTS, '\if', '\ifEx', 'true', 'false', '(', '{', '@', NOT, SEQARROW, '-', STRING_LITERAL, CHAR_LITERAL, BIN_LITERAL, HEX_LITERAL, IDENT, INT_LITERAL, FLOAT_LITERAL, DOUBLE_LITERAL, REAL_LITERAL} [@1658,7109:7119='\ifExintVar',<188>,245:14] (termorseq, taclet, rulesOrAxioms, decls, file) 
302129     WARN  Test worker     d.u.i.k.n.KeYParser       [syntax-error] file:/home/runner/work/key/key/key.core/build/resources/main/de/uka/ilkd/key/proof/rules/ifThenElseRules.key:245:27: extraneous input '(' expecting {'\lemma', '}', IDENT, '/*!'} [@1661,7122:7122='(',<146>,245:27] (rulesOrAxioms, decls, file) 
302129     WARN  Test worker     d.u.i.k.n.KeYParser       [syntax-error] file:/home/runner/work/key/key/key.core/build/resources/main/de/uka/ilkd/key/proof/rules/ifThenElseRules.key:245:31: mismatched input ')' expecting {'(', '{'} [@1663,7126:7126=')',<147>,245:31] (taclet, rulesOrAxioms, decls, file) 
302129     WARN  Test worker     d.u.i.k.n.KeYParser       [syntax-error] file:/home/runner/work/key/key/key.core/build/resources/main/de/uka/ilkd/key/proof/rules/ifThenElseRules.key:248:45: mismatched input '}' expecting {'(', '{'} [@1696,7268:7268='}',<149>,248:45] (taclet, rulesOrAxioms, decls, file) 
302130     WARN  Test worker     d.u.i.k.n.KeYParser       [syntax-error] file:/home/runner/work/key/key/key.core/build/resources/main/de/uka/ilkd/key/proof/rules/ifThenElseRules.key:249:8: extraneous input '\replacewith' expecting {'\lemma', '}', IDENT, '/*!'} [@1701,7284:7295='\replacewith',<105>,249:8] (rulesOrAxioms, decls, file) 
302130     WARN  Test worker     d.u.i.k.n.KeYParser       [syntax-error] file:/home/runner/work/key/key/key.core/build/resources/main/de/uka/ilkd/key/proof/rules/ifThenElseRules.key:249:38: mismatched input ')' expecting {'(', '{'} [@1708,7314:7314=')',<147>,249:38] (taclet, rulesOrAxioms, decls, file) 
302130     WARN  Test worker     d.u.i.k.n.KeYParser       [syntax-error] file:/home/runner/work/key/key/key.core/build/resources/main/de/uka/ilkd/key/proof/rules/ifThenElseRules.key:250:42: mismatched input '}' expecting {'(', '{'} [@1731,7381:7381='}',<149>,250:42] (taclet, rulesOrAxioms, decls, file) 
302130     WARN  Test worker     d.u.i.k.n.KeYParser       [syntax-error] file:/home/runner/work/key/key/key.core/build/resources/main/de/uka/ilkd/key/proof/rules/ifThenElseRules.key:251:28: extraneous input '(' expecting {'\lemma', '}', IDENT, '/*!'} [@1741,7416:7416='(',<146>,251:28] (rulesOrAxioms, decls, file) 
302130     WARN  Test worker     d.u.i.k.n.KeYParser       [syntax-error] file:/home/runner/work/key/key/key.core/build/resources/main/de/uka/ilkd/key/proof/rules/ifThenElseRules.key:251:33: mismatched input '->' expecting {'(', '{'} [@1744,7421:7422='->',<158>,251:33] (taclet, rulesOrAxioms, decls, file) 
302130     WARN  Test worker     d.u.i.k.n.KeYParser       [syntax-error] file:/home/runner/work/key/key/key.core/build/resources/main/de/uka/ilkd/key/proof/rules/ifThenElseRules.key:255:14: mismatched input '\ifExintVar' expecting {MODALITY, FORALL, EXISTS, '\if', '\ifEx', 'true', 'false', '(', '{', '@', NOT, SEQARROW, '-', STRING_LITERAL, CHAR_LITERAL, BIN_LITERAL, HEX_LITERAL, IDENT, INT_LITERAL, FLOAT_LITERAL, DOUBLE_LITERAL, REAL_LITERAL} [@1765,7506:7516='\ifExintVar',<188>,255:14] (termorseq, taclet, rulesOrAxioms, decls, file) 
302130     WARN  Test worker     d.u.i.k.n.KeYParser       [syntax-error] file:/home/runner/work/key/key/key.core/build/resources/main/de/uka/ilkd/key/proof/rules/ifThenElseRules.key:255:27: extraneous input '(' expecting {'\lemma', '}', IDENT, '/*!'} [@1768,7519:7519='(',<146>,255:27] (rulesOrAxioms, decls, file) 
302130     WARN  Test worker     d.u.i.k.n.KeYParser       [syntax-error] file:/home/runner/work/key/key/key.core/build/resources/main/de/uka/ilkd/key/proof/rules/ifThenElseRules.key:255:31: mismatched input ')' expecting {'(', '{'} [@1770,7523:7523=')',<147>,255:31] (taclet, rulesOrAxioms, decls, file) 
302130     WARN  Test worker     d.u.i.k.n.KeYParser       [syntax-error] file:/home/runner/work/key/key/key.core/build/resources/main/de/uka/ilkd/key/proof/rules/ifThenElseRules.key:258:52: extraneous input '0' expecting {'\lemma', '}', IDENT, '/*!'} [@1809,7667:7667='0',<184>,258:52] (rulesOrAxioms, decls, file) 
302131     WARN  Test worker     d.u.i.k.n.KeYParser       [syntax-error] file:/home/runner/work/key/key/key.core/build/resources/main/de/uka/ilkd/key/proof/rules/ifThenElseRules.key:258:54: mismatched input 'then' expecting {<EOF>, '\problem', '\chooseContract', '\proofObligation', '\proof'} [@1811,7669:7672='then',<183>,258:54] (file) 
302131     ERROR Test worker     d.u.i.k.s.n.MasterHandlerTest Error reading /home/runner/work/key/key/key.core/build/resources/test/de/uka/ilkd/key/smt/newsmt2/cases/bool2.props de.uka.ilkd.key.proof.io.ProblemLoaderException: line 135:14 mismatched input '\ifExintVar' expecting {MODALITY, FORALL, EXISTS, '\if', '\ifEx', 'true', 'false', '(', '{', '@', NOT, SEQARROW, '-', STRING_LITERAL, CHAR_LITERAL, BIN_LITERAL, HEX_LITERAL, IDENT, INT_LITERAL, FLOAT_LITERAL, DOUBLE_LITERAL, REAL_LITERAL}
line 135:27 extraneous input '(' expecting {'\lemma', '}', IDENT, '/*!'}
line 135:44 mismatched input ')' expecting {'(', '{'}
line 141:14 mismatched input '\ifExintVar' expecting {MODALITY, FORALL, EXISTS, '\if', '\ifEx', 'true', 'false', '(', '{', '@', NOT, SEQARROW, '-', STRING_LITERAL, CHAR_LITERAL, BIN_LITERAL, HEX_LITERAL, IDENT, INT_LITERAL, FLOAT_LITERAL, DOUBLE_LITERAL, REAL_LITERAL}
line 141:27 extraneous input '(' expecting {'\lemma', '}', IDENT, '/*!'}
line 141:41 mismatched input ')' expecting {'(', '{'}
line 148:14 mismatched input '\ifExintVar' expecting {MODALITY, FORALL, EXISTS, '\if', '\ifEx', 'true', 'false', '(', '{', '@', NOT, SEQARROW, '-', STRING_LITERAL, CHAR_LITERAL, BIN_LITERAL, HEX_LITERAL, IDENT, INT_LITERAL, FLOAT_LITERAL, DOUBLE_LITERAL, REAL_LITERAL}
line 148:27 extraneous input '(' expecting {'\lemma', '}', IDENT, '/*!'}
line 148:35 mismatched input '=' expecting {'(', '{'}
line 150:38 mismatched input '}' expecting {'(', '{'}
line 155:14 mismatched input '\ifExintVar' expecting {MODALITY, FORALL, EXISTS, '\if', '\ifEx', 'true', 'false', '(', '{', '@', NOT, SEQARROW, '-', STRING_LITERAL, CHAR_LITERAL, BIN_LITERAL, HEX_LITERAL, IDENT, INT_LITERAL, FLOAT_LITERAL, DOUBLE_LITERAL, REAL_LITERAL}
line 155:27 extraneous input '(' expecting {'\lemma', '}', IDENT, '/*!'}
line 155:35 mismatched input '=' expecting {'(', '{'}
line 157:38 mismatched input '}' expecting {'(', '{'}
line 163:14 mismatched input '\ifExintVar' expecting {MODALITY, FORALL, EXISTS, '\if', '\ifEx', 'true', 'false', '(', '{', '@', NOT, SEQARROW, '-', STRING_LITERAL, CHAR_LITERAL, BIN_LITERAL, HEX_LITERAL, IDENT, INT_LITERAL, FLOAT_LITERAL, DOUBLE_LITERAL, REAL_LITERAL}
line 163:27 extraneous input '(' expecting {'\lemma', '}', IDENT, '/*!'}
line 163:30 mismatched input '=' expecting {'(', '{'}
line 165:38 mismatched input '}' expecting {'(', '{'}
line 171:14 mismatched input '\ifExintVar' expecting {MODALITY, FORALL, EXISTS, '\if', '\ifEx', 'true', 'false', '(', '{', '@', NOT, SEQARROW, '-', STRING_LITERAL, CHAR_LITERAL, BIN_LITERAL, HEX_LITERAL, IDENT, INT_LITERAL, FLOAT_LITERAL, DOUBLE_LITERAL, REAL_LITERAL}
line 171:27 extraneous input '(' expecting {'\lemma', '}', IDENT, '/*!'}
line 171:30 mismatched input '=' expecting {'(', '{'}
line 173:38 mismatched input '}' expecting {'(', '{'}
line 179:14 mismatched input '\ifExintVar' expecting {MODALITY, FORALL, EXISTS, '\if', '\ifEx', 'true', 'false', '(', '{', '@', NOT, SEQARROW, '-', STRING_LITERAL, CHAR_LITERAL, BIN_LITERAL, HEX_LITERAL, IDENT, INT_LITERAL, FLOAT_LITERAL, DOUBLE_LITERAL, REAL_LITERAL}
line 179:27 extraneous input '(' expecting {'\lemma', '}', IDENT, '/*!'}
line 179:32 mismatched input '&' expecting {'(', '{'}
line 181:42 mismatched input '}' expecting {'(', '{'}
line 182:39 mismatched input '}' expecting {'(', '{'}
line 188:14 mismatched input '\ifExintVar' expecting {MODALITY, FORALL, EXISTS, '\if', '\ifEx', 'true', 'false', '(', '{', '@', NOT, SEQARROW, '-', STRING_LITERAL, CHAR_LITERAL, BIN_LITERAL, HEX_LITERAL, IDENT, INT_LITERAL, FLOAT_LITERAL, DOUBLE_LITERAL, REAL_LITERAL}
line 188:27 extraneous input '(' expecting {'\lemma', '}', IDENT, '/*!'}
line 188:32 mismatched input '&' expecting {'(', '{'}
line 190:42 mismatched input '}' expecting {'(', '{'}
line 191:39 mismatched input '}' expecting {'(', '{'}
line 198:14 mismatched input '\ifExintVar' expecting {MODALITY, FORALL, EXISTS, '\if', '\ifEx', 'true', 'false', '(', '{', '@', NOT, SEQARROW, '-', STRING_LITERAL, CHAR_LITERAL, BIN_LITERAL, HEX_LITERAL, IDENT, INT_LITERAL, FLOAT_LITERAL, DOUBLE_LITERAL, REAL_LITERAL}
line 198:27 extraneous input '(' expecting {'\lemma', '}', IDENT, '/*!'}
line 198:32 mismatched input '&' expecting {'(', '{'}
line 200:42 mismatched input '}' expecting {'(', '{'}
line 201:39 mismatched input '}' expecting {'(', '{'}
line 208:14 mismatched input '\ifExintVar' expecting {MODALITY, FORALL, EXISTS, '\if', '\ifEx', 'true', 'false', '(', '{', '@', NOT, SEQARROW, '-', STRING_LITERAL, CHAR_LITERAL, BIN_LITERAL, HEX_LITERAL, IDENT, INT_LITERAL, FLOAT_LITERAL, DOUBLE_LITERAL, REAL_LITERAL}
line 208:27 extraneous input '(' expecting {'\lemma', '}', IDENT, '/*!'}
line 208:32 mismatched input '&' expecting {'(', '{'}
line 210:42 mismatched input '}' expecting {'(', '{'}
line 211:39 mismatched input '}' expecting {'(', '{'}
line 218:14 mismatched input '\ifExintVar' expecting {MODALITY, FORALL, EXISTS, '\if', '\ifEx', 'true', 'false', '(', '{', '@', NOT, SEQARROW, '-', STRING_LITERAL, CHAR_LITERAL, BIN_LITERAL, HEX_LITERAL, IDENT, INT_LITERAL, FLOAT_LITERAL, DOUBLE_LITERAL, REAL_LITERAL}
line 218:27 extraneous input '(' expecting {'\lemma', '}', IDENT, '/*!'}
line 218:31 mismatched input ')' expecting {'(', '{'}
line 220:44 mismatched input ')' expecting {'(', '{'}
line 225:14 mismatched input '\ifExintVar' expecting {MODALITY, FORALL, EXISTS, '\if', '\ifEx', 'true', 'false', '(', '{', '@', NOT, SEQARROW, '-', STRING_LITERAL, CHAR_LITERAL, BIN_LITERAL, HEX_LITERAL, IDENT, INT_LITERAL, FLOAT_LITERAL, DOUBLE_LITERAL, REAL_LITERAL}
line 225:27 extraneous input '(' expecting {'\lemma', '}', IDENT, '/*!'}
line 225:31 mismatched input ')' expecting {'(', '{'}
line 227:44 mismatched input ')' expecting {'(', '{'}
line 233:14 mismatched input '\ifExintVar' expecting {MODALITY, FORALL, EXISTS, '\if', '\ifEx', 'true', 'false', '(', '{', '@', NOT, SEQARROW, '-', STRING_LITERAL, CHAR_LITERAL, BIN_LITERAL, HEX_LITERAL, IDENT, INT_LITERAL, FLOAT_LITERAL, DOUBLE_LITERAL, REAL_LITERAL}
line 233:27 extraneous input '(' expecting {'\lemma', '}', IDENT, '/*!'}
line 233:31 mismatched input ')' expecting {'(', '{'}
line 237:42 mismatched input '}' expecting {'(', '{'}
line 238:34 mismatched input '}' expecting {'(', '{'}
line 239:28 extraneous input '(' expecting {'\lemma', '}', IDENT, '/*!'}
line 239:33 mismatched input '->' expecting {'(', '{'}
line 240:8 extraneous input '\replacewith' expecting {'\lemma', '}', IDENT, '/*!'}
line 240:25 mismatched input ')' expecting {'(', '{'}
line 240:56 mismatched input ')' expecting {'(', '{'}
line 245:14 mismatched input '\ifExintVar' expecting {MODALITY, FORALL, EXISTS, '\if', '\ifEx', 'true', 'false', '(', '{', '@', NOT, SEQARROW, '-', STRING_LITERAL, CHAR_LITERAL, BIN_LITERAL, HEX_LITERAL, IDENT, INT_LITERAL, FLOAT_LITERAL, DOUBLE_LITERAL, REAL_LITERAL}
line 245:27 extraneous input '(' expecting {'\lemma', '}', IDENT, '/*!'}
line 245:31 mismatched input ')' expecting {'(', '{'}
line 248:45 mismatched input '}' expecting {'(', '{'}
line 249:8 extraneous input '\replacewith' expecting {'\lemma', '}', IDENT, '/*!'}
line 249:38 mismatched input ')' expecting {'(', '{'}
line 250:42 mismatched input '}' expecting {'(', '{'}
line 251:28 extraneous input '(' expecting {'\lemma', '}', IDENT, '/*!'}
line 251:33 mismatched input '->' expecting {'(', '{'}
line 255:14 mismatched input '\ifExintVar' expecting {MODALITY, FORALL, EXISTS, '\if', '\ifEx', 'true', 'false', '(', '{', '@', NOT, SEQARROW, '-', STRING_LITERAL, CHAR_LITERAL, BIN_LITERAL, HEX_LITERAL, IDENT, INT_LITERAL, FLOAT_LITERAL, DOUBLE_LITERAL, REAL_LITERAL}
line 255:27 extraneous input '(' expecting {'\lemma', '}', IDENT, '/*!'}
line 255:31 mismatched input ')' expecting {'(', '{'}
line 258:52 extraneous input '0' expecting {'\lemma', '}', IDENT, '/*!'}
line 258:54 mismatched input 'then' expecting {<EOF>, '\problem', '\chooseContract', '\proofObligation', '\proof'}

	at de.uka.ilkd.key.control.AbstractUserInterfaceControl.load(AbstractUserInterfaceControl.java:221)
Caused by: de.uka.ilkd.key.proof.init.ProofInputException: line 135:14 mismatched input '\ifExintVar' expecting {MODALITY, FORALL, EXISTS, '\if', '\ifEx', 'true', 'false', '(', '{', '@', NOT, SEQARROW, '-', STRING_LITERAL, CHAR_LITERAL, BIN_LITERAL, HEX_LITERAL, IDENT, INT_LITERAL, FLOAT_LITERAL, DOUBLE_LITERAL, REAL_LITERAL}
line 135:27 extraneous input '(' expecting {'\lemma', '}', IDENT, '/*!'}
line 135:44 mismatched input ')' expecting {'(', '{'}
line 141:14 mismatched input '\ifExintVar' expecting {MODALITY, FORALL, EXISTS, '\if', '\ifEx', 'true', 'false', '(', '{', '@', NOT, SEQARROW, '-', STRING_LITERAL, CHAR_LITERAL, BIN_LITERAL, HEX_LITERAL, IDENT, INT_LITERAL, FLOAT_LITERAL, DOUBLE_LITERAL, REAL_LITERAL}
line 141:27 extraneous input '(' expecting {'\lemma', '}', IDENT, '/*!'}
line 141:41 mismatched input ')' expecting {'(', '{'}
line 148:14 mismatched input '\ifExintVar' expecting {MODALITY, FORALL, EXISTS, '\if', '\ifEx', 'true', 'false', '(', '{', '@', NOT, SEQARROW, '-', STRING_LITERAL, CHAR_LITERAL, BIN_LITERAL, HEX_LITERAL, IDENT, INT_LITERAL, FLOAT_LITERAL, DOUBLE_LITERAL, REAL_LITERAL}
line 148:27 extraneous input '(' expecting {'\lemma', '}', IDENT, '/*!'}
line 148:35 mismatched input '=' expecting {'(', '{'}
line 150:38 mismatched input '}' expecting {'(', '{'}
line 155:14 mismatched input '\ifExintVar' expecting {MODALITY, FORALL, EXISTS, '\if', '\ifEx', 'true', 'false', '(', '{', '@', NOT, SEQARROW, '-', STRING_LITERAL, CHAR_LITERAL, BIN_LITERAL, HEX_LITERAL, IDENT, INT_LITERAL, FLOAT_LITERAL, DOUBLE_LITERAL, REAL_LITERAL}
line 155:27 extraneous input '(' expecting {'\lemma', '}', IDENT, '/*!'}
line 155:35 mismatched input '=' expecting {'(', '{'}
line 157:38 mismatched input '}' expecting {'(', '{'}
line 163:14 mismatched input '\ifExintVar' expecting {MODALITY, FORALL, EXISTS, '\if', '\ifEx', 'true', 'false', '(', '{', '@', NOT, SEQARROW, '-', STRING_LITERAL, CHAR_LITERAL, BIN_LITERAL, HEX_LITERAL, IDENT, INT_LITERAL, FLOAT_LITERAL, DOUBLE_LITERAL, REAL_LITERAL}
line 163:27 extraneous input '(' expecting {'\lemma', '}', IDENT, '/*!'}
line 163:30 mismatched input '=' expecting {'(', '{'}
line 165:38 mismatched input '}' expecting {'(', '{'}
line 171:14 mismatched input '\ifExintVar' expecting {MODALITY, FORALL, EXISTS, '\if', '\ifEx', 'true', 'false', '(', '{', '@', NOT, SEQARROW, '-', STRING_LITERAL, CHAR_LITERAL, BIN_LITERAL, HEX_LITERAL, IDENT, INT_LITERAL, FLOAT_LITERAL, DOUBLE_LITERAL, REAL_LITERAL}
line 171:27 extraneous input '(' expecting {'\lemma', '}', IDENT, '/*!'}
line 171:30 mismatched input '=' expecting {'(', '{'}
line 173:38 mismatched input '}' expecting {'(', '{'}
line 179:14 mismatched input '\ifExintVar' expecting {MODALITY, FORALL, EXISTS, '\if', '\ifEx', 'true', 'false', '(', '{', '@', NOT, SEQARROW, '-', STRING_LITERAL, CHAR_LITERAL, BIN_LITERAL, HEX_LITERAL, IDENT, INT_LITERAL, FLOAT_LITERAL, DOUBLE_LITERAL, REAL_LITERAL}
line 179:27 extraneous input '(' expecting {'\lemma', '}', IDENT, '/*!'}
line 179:32 mismatched input '&' expecting {'(', '{'}
line 181:42 mismatched input '}' expecting {'(', '{'}
line 182:39 mismatched input '}' expecting {'(', '{'}
line 188:14 mismatched input '\ifExintVar' expecting {MODALITY, FORALL, EXISTS, '\if', '\ifEx', 'true', 'false', '(', '{', '@', NOT, SEQARROW, '-', STRING_LITERAL, CHAR_LITERAL, BIN_LITERAL, HEX_LITERAL, IDENT, INT_LITERAL, FLOAT_LITERAL, DOUBLE_LITERAL, REAL_LITERAL}
line 188:27 extraneous input '(' expecting {'\lemma', '}', IDENT, '/*!'}
line 188:32 mismatched input '&' expecting {'(', '{'}
line 190:42 mismatched input '}' expecting {'(', '{'}
line 191:39 mismatched input '}' expecting {'(', '{'}
line 198:14 mismatched input '\ifExintVar' expecting {MODALITY, FORALL, EXISTS, '\if', '\ifEx', 'true', 'false', '(', '{', '@', NOT, SEQARROW, '-', STRING_LITERAL, CHAR_LITERAL, BIN_LITERAL, HEX_LITERAL, IDENT, INT_LITERAL, FLOAT_LITERAL, DOUBLE_LITERAL, REAL_LITERAL}
line 198:27 extraneous input '(' expecting {'\lemma', '}', IDENT, '/*!'}
line 198:32 mismatched input '&' expecting {'(', '{'}
line 200:42 mismatched input '}' expecting {'(', '{'}
line 201:39 mismatched input '}' expecting {'(', '{'}
line 208:14 mismatched input '\ifExintVar' expecting {MODALITY, FORALL, EXISTS, '\if', '\ifEx', 'true', 'false', '(', '{', '@', NOT, SEQARROW, '-', STRING_LITERAL, CHAR_LITERAL, BIN_LITERAL, HEX_LITERAL, IDENT, INT_LITERAL, FLOAT_LITERAL, DOUBLE_LITERAL, REAL_LITERAL}
line 208:27 extraneous input '(' expecting {'\lemma', '}', IDENT, '/*!'}
line 208:32 mismatched input '&' expecting {'(', '{'}
line 210:42 mismatched input '}' expecting {'(', '{'}
line 211:39 mismatched input '}' expecting {'(', '{'}
line 218:14 mismatched input '\ifExintVar' expecting {MODALITY, FORALL, EXISTS, '\if', '\ifEx', 'true', 'false', '(', '{', '@', NOT, SEQARROW, '-', STRING_LITERAL, CHAR_LITERAL, BIN_LITERAL, HEX_LITERAL, IDENT, INT_LITERAL, FLOAT_LITERAL, DOUBLE_LITERAL, REAL_LITERAL}
line 218:27 extraneous input '(' expecting {'\lemma', '}', IDENT, '/*!'}
line 218:31 mismatched input ')' expecting {'(', '{'}
line 220:44 mismatched input ')' expecting {'(', '{'}
line 225:14 mismatched input '\ifExintVar' expecting {MODALITY, FORALL, EXISTS, '\if', '\ifEx', 'true', 'false', '(', '{', '@', NOT, SEQARROW, '-', STRING_LITERAL, CHAR_LITERAL, BIN_LITERAL, HEX_LITERAL, IDENT, INT_LITERAL, FLOAT_LITERAL, DOUBLE_LITERAL, REAL_LITERAL}
line 225:27 extraneous input '(' expecting {'\lemma', '}', IDENT, '/*!'}
line 225:31 mismatched input ')' expecting {'(', '{'}
line 227:44 mismatched input ')' expecting {'(', '{'}
line 233:14 mismatched input '\ifExintVar' expecting {MODALITY, FORALL, EXISTS, '\if', '\ifEx', 'true', 'false', '(', '{', '@', NOT, SEQARROW, '-', STRING_LITERAL, CHAR_LITERAL, BIN_LITERAL, HEX_LITERAL, IDENT, INT_LITERAL, FLOAT_LITERAL, DOUBLE_LITERAL, REAL_LITERAL}
line 233:27 extraneous input '(' expecting {'\lemma', '}', IDENT, '/*!'}
line 233:31 mismatched input ')' expecting {'(', '{'}
line 237:42 mismatched input '}' expecting {'(', '{'}
line 238:34 mismatched input '}' expecting {'(', '{'}
line 239:28 extraneous input '(' expecting {'\lemma', '}', IDENT, '/*!'}
line 239:33 mismatched input '->' expecting {'(', '{'}
line 240:8 extraneous input '\replacewith' expecting {'\lemma', '}', IDENT, '/*!'}
line 240:25 mismatched input ')' expecting {'(', '{'}
line 240:56 mismatched input ')' expecting {'(', '{'}
line 245:14 mismatched input '\ifExintVar' expecting {MODALITY, FORALL, EXISTS, '\if', '\ifEx', 'true', 'false', '(', '{', '@', NOT, SEQARROW, '-', STRING_LITERAL, CHAR_LITERAL, BIN_LITERAL, HEX_LITERAL, IDENT, INT_LITERAL, FLOAT_LITERAL, DOUBLE_LITERAL, REAL_LITERAL}
line 245:27 extraneous input '(' expecting {'\lemma', '}', IDENT, '/*!'}
line 245:31 mismatched input ')' expecting {'(', '{'}
line 248:45 mismatched input '}' expecting {'(', '{'}
line 249:8 extraneous input '\replacewith' expecting {'\lemma', '}', IDENT, '/*!'}
line 249:38 mismatched input ')' expecting {'(', '{'}
line 250:42 mismatched input '}' expecting {'(', '{'}
line 251:28 extraneous input '(' expecting {'\lemma', '}', IDENT, '/*!'}
line 251:33 mismatched input '->' expecting {'(', '{'}
line 255:14 mismatched input '\ifExintVar' expecting {MODALITY, FORALL, EXISTS, '\if', '\ifEx', 'true', 'false', '(', '{', '@', NOT, SEQARROW, '-', STRING_LITERAL, CHAR_LITERAL, BIN_LITERAL, HEX_LITERAL, IDENT, INT_LITERAL, FLOAT_LITERAL, DOUBLE_LITERAL, REAL_LITERAL}
line 255:27 extraneous input '(' expecting {'\lemma', '}', IDENT, '/*!'}
line 255:31 mismatched input ')' expecting {'(', '{'}
line 258:52 extraneous input '0' expecting {'\lemma', '}', IDENT, '/*!'}
line 258:54 mismatched input 'then' expecting {<EOF>, '\problem', '\chooseContract', '\proofObligation', '\proof'}

	at de.uka.ilkd.key.proof.io.KeYFile.readIncludes(KeYFile.java:210)
Caused by: de.uka.ilkd.key.util.parsing.SyntaxErrorReporter$ParserException: line 135:14 mismatched input '\ifExintVar' expecting {MODALITY, FORALL, EXISTS, '\if', '\ifEx', 'true', 'false', '(', '{', '@', NOT, SEQARROW, '-', STRING_LITERAL, CHAR_LITERAL, BIN_LITERAL, HEX_LITERAL, IDENT, INT_LITERAL, FLOAT_LITERAL, DOUBLE_LITERAL, REAL_LITERAL}
line 135:27 extraneous input '(' expecting {'\lemma', '}', IDENT, '/*!'}
line 135:44 mismatched input ')' expecting {'(', '{'}
line 141:14 mismatched input '\ifExintVar' expecting {MODALITY, FORALL, EXISTS, '\if', '\ifEx', 'true', 'false', '(', '{', '@', NOT, SEQARROW, '-', STRING_LITERAL, CHAR_LITERAL, BIN_LITERAL, HEX_LITERAL, IDENT, INT_LITERAL, FLOAT_LITERAL, DOUBLE_LITERAL, REAL_LITERAL}
line 141:27 extraneous input '(' expecting {'\lemma', '}', IDENT, '/*!'}
line 141:41 mismatched input ')' expecting {'(', '{'}
line 148:14 mismatched input '\ifExintVar' expecting {MODALITY, FORALL, EXISTS, '\if', '\ifEx', 'true', 'false', '(', '{', '@', NOT, SEQARROW, '-', STRING_LITERAL, CHAR_LITERAL, BIN_LITERAL, HEX_LITERAL, IDENT, INT_LITERAL, FLOAT_LITERAL, DOUBLE_LITERAL, REAL_LITERAL}
line 148:27 extraneous input '(' expecting {'\lemma', '}', IDENT, '/*!'}
line 148:35 mismatched input '=' expecting {'(', '{'}
line 150:38 mismatched input '}' expecting {'(', '{'}
line 155:14 mismatched input '\ifExintVar' expecting {MODALITY, FORALL, EXISTS, '\if', '\ifEx', 'true', 'false', '(', '{', '@', NOT, SEQARROW, '-', STRING_LITERAL, CHAR_LITERAL, BIN_LITERAL, HEX_LITERAL, IDENT, INT_LITERAL, FLOAT_LITERAL, DOUBLE_LITERAL, REAL_LITERAL}
line 155:27 extraneous input '(' expecting {'\lemma', '}', IDENT, '/*!'}
line 155:35 mismatched input '=' expecting {'(', '{'}
line 157:38 mismatched input '}' expecting {'(', '{'}
line 163:14 mismatched input '\ifExintVar' expecting {MODALITY, FORALL, EXISTS, '\if', '\ifEx', 'true', 'false', '(', '{', '@', NOT, SEQARROW, '-', STRING_LITERAL, CHAR_LITERAL, BIN_LITERAL, HEX_LITERAL, IDENT, INT_LITERAL, FLOAT_LITERAL, DOUBLE_LITERAL, REAL_LITERAL}
line 163:27 extraneous input '(' expecting {'\lemma', '}', IDENT, '/*!'}
line 163:30 mismatched input '=' expecting {'(', '{'}
line 165:38 mismatched input '}' expecting {'(', '{'}
line 171:14 mismatched input '\ifExintVar' expecting {MODALITY, FORALL, EXISTS, '\if', '\ifEx', 'true', 'false', '(', '{', '@', NOT, SEQARROW, '-', STRING_LITERAL, CHAR_LITERAL, BIN_LITERAL, HEX_LITERAL, IDENT, INT_LITERAL, FLOAT_LITERAL, DOUBLE_LITERAL, REAL_LITERAL}
line 171:27 extraneous input '(' expecting {'\lemma', '}', IDENT, '/*!'}
line 171:30 mismatched input '=' expecting {'(', '{'}
line 173:38 mismatched input '}' expecting {'(', '{'}
line 179:14 mismatched input '\ifExintVar' expecting {MODALITY, FORALL, EXISTS, '\if', '\ifEx', 'true', 'false', '(', '{', '@', NOT, SEQARROW, '-', STRING_LITERAL, CHAR_LITERAL, BIN_LITERAL, HEX_LITERAL, IDENT, INT_LITERAL, FLOAT_LITERAL, DOUBLE_LITERAL, REAL_LITERAL}
line 179:27 extraneous input '(' expecting {'\lemma', '}', IDENT, '/*!'}
line 179:32 mismatched input '&' expecting {'(', '{'}
line 181:42 mismatched input '}' expecting {'(', '{'}
line 182:39 mismatched input '}' expecting {'(', '{'}
line 188:14 mismatched input '\ifExintVar' expecting {MODALITY, FORALL, EXISTS, '\if', '\ifEx', 'true', 'false', '(', '{', '@', NOT, SEQARROW, '-', STRING_LITERAL, CHAR_LITERAL, BIN_LITERAL, HEX_LITERAL, IDENT, INT_LITERAL, FLOAT_LITERAL, DOUBLE_LITERAL, REAL_LITERAL}
line 188:27 extraneous input '(' expecting {'\lemma', '}', IDENT, '/*!'}
line 188:32 mismatched input '&' expecting {'(', '{'}
line 190:42 mismatched input '}' expecting {'(', '{'}
line 191:39 mismatched input '}' expecting {'(', '{'}
line 198:14 mismatched input '\ifExintVar' expecting {MODALITY, FORALL, EXISTS, '\if', '\ifEx', 'true', 'false', '(', '{', '@', NOT, SEQARROW, '-', STRING_LITERAL, CHAR_LITERAL, BIN_LITERAL, HEX_LITERAL, IDENT, INT_LITERAL, FLOAT_LITERAL, DOUBLE_LITERAL, REAL_LITERAL}
line 198:27 extraneous input '(' expecting {'\lemma', '}', IDENT, '/*!'}
line 198:32 mismatched input '&' expecting {'(', '{'}
line 200:42 mismatched input '}' expecting {'(', '{'}
line 201:39 mismatched input '}' expecting {'(', '{'}
line 208:14 mismatched input '\ifExintVar' expecting {MODALITY, FORALL, EXISTS, '\if', '\ifEx', 'true', 'false', '(', '{', '@', NOT, SEQARROW, '-', STRING_LITERAL, CHAR_LITERAL, BIN_LITERAL, HEX_LITERAL, IDENT, INT_LITERAL, FLOAT_LITERAL, DOUBLE_LITERAL, REAL_LITERAL}
line 208:27 extraneous input '(' expecting {'\lemma', '}', IDENT, '/*!'}
line 208:32 mismatched input '&' expecting {'(', '{'}
line 210:42 mismatched input '}' expecting {'(', '{'}
line 211:39 mismatched input '}' expecting {'(', '{'}
line 218:14 mismatched input '\ifExintVar' expecting {MODALITY, FORALL, EXISTS, '\if', '\ifEx', 'true', 'false', '(', '{', '@', NOT, SEQARROW, '-', STRING_LITERAL, CHAR_LITERAL, BIN_LITERAL, HEX_LITERAL, IDENT, INT_LITERAL, FLOAT_LITERAL, DOUBLE_LITERAL, REAL_LITERAL}
line 218:27 extraneous input '(' expecting {'\lemma', '}', IDENT, '/*!'}
line 218:31 mismatched input ')' expecting {'(', '{'}
line 220:44 mismatched input ')' expecting {'(', '{'}
line 225:14 mismatched input '\ifExintVar' expecting {MODALITY, FORALL, EXISTS, '\if', '\ifEx', 'true', 'false', '(', '{', '@', NOT, SEQARROW, '-', STRING_LITERAL, CHAR_LITERAL, BIN_LITERAL, HEX_LITERAL, IDENT, INT_LITERAL, FLOAT_LITERAL, DOUBLE_LITERAL, REAL_LITERAL}
line 225:27 extraneous input '(' expecting {'\lemma', '}', IDENT, '/*!'}
line 225:31 mismatched input ')' expecting {'(', '{'}
line 227:44 mismatched input ')' expecting {'(', '{'}
line 233:14 mismatched input '\ifExintVar' expecting {MODALITY, FORALL, EXISTS, '\if', '\ifEx', 'true', 'false', '(', '{', '@', NOT, SEQARROW, '-', STRING_LITERAL, CHAR_LITERAL, BIN_LITERAL, HEX_LITERAL, IDENT, INT_LITERAL, FLOAT_LITERAL, DOUBLE_LITERAL, REAL_LITERAL}
line 233:27 extraneous input '(' expecting {'\lemma', '}', IDENT, '/*!'}
line 233:31 mismatched input ')' expecting {'(', '{'}
line 237:42 mismatched input '}' expecting {'(', '{'}
line 238:34 mismatched input '}' expecting {'(', '{'}
line 239:28 extraneous input '(' expecting {'\lemma', '}', IDENT, '/*!'}
line 239:33 mismatched input '->' expecting {'(', '{'}
line 240:8 extraneous input '\replacewith' expecting {'\lemma', '}', IDENT, '/*!'}
line 240:25 mismatched input ')' expecting {'(', '{'}
line 240:56 mismatched input ')' expecting {'(', '{'}
line 245:14 mismatched input '\ifExintVar' expecting {MODALITY, FORALL, EXISTS, '\if', '\ifEx', 'true', 'false', '(', '{', '@', NOT, SEQARROW, '-', STRING_LITERAL, CHAR_LITERAL, BIN_LITERAL, HEX_LITERAL, IDENT, INT_LITERAL, FLOAT_LITERAL, DOUBLE_LITERAL, REAL_LITERAL}
line 245:27 extraneous input '(' expecting {'\lemma', '}', IDENT, '/*!'}
line 245:31 mismatched input ')' expecting {'(', '{'}
line 248:45 mismatched input '}' expecting {'(', '{'}
line 249:8 extraneous input '\replacewith' expecting {'\lemma', '}', IDENT, '/*!'}
line 249:38 mismatched input ')' expecting {'(', '{'}
line 250:42 mismatched input '}' expecting {'(', '{'}
line 251:28 extraneous input '(' expecting {'\lemma', '}', IDENT, '/*!'}
line 251:33 mismatched input '->' expecting {'(', '{'}
line 255:14 mismatched input '\ifExintVar' expecting {MODALITY, FORALL, EXISTS, '\if', '\ifEx', 'true', 'false', '(', '{', '@', NOT, SEQARROW, '-', STRING_LITERAL, CHAR_LITERAL, BIN_LITERAL, HEX_LITERAL, IDENT, INT_LITERAL, FLOAT_LITERAL, DOUBLE_LITERAL, REAL_LITERAL}
line 255:27 extraneous input '(' expecting {'\lemma', '}', IDENT, '/*!'}
line 255:31 mismatched input ')' expecting {'(', '{'}
line 258:52 extraneous input '0' expecting {'\lemma', '}', IDENT, '/*!'}
line 258:54 mismatched input 'then' expecting {<EOF>, '\problem', '\chooseContract', '\proofObligation', '\proof'}

	at de.uka.ilkd.key.util.parsing.SyntaxErrorReporter.throwException(SyntaxErrorReporter.java:89)

302183     WARN  Test worker     d.u.i.k.n.KeYParser       [syntax-error] file:/home/runner/work/key/key/key.core/build/resources/main/de/uka/ilkd/key/proof/rules/ifThenElseRules.key:135:14: mismatched input '\ifExintVar' expecting {MODALITY, FORALL, EXISTS, '\if', '\ifEx', 'true', 'false', '(', '{', '@', NOT, SEQARROW, '-', STRING_LITERAL, CHAR_LITERAL, BIN_LITERAL, HEX_LITERAL, IDENT, INT_LITERAL, FLOAT_LITERAL, DOUBLE_LITERAL, REAL_LITERAL} [@745,3563:3573='\ifExintVar',<188>,135:14] (termorseq, taclet, rulesOrAxioms, decls, file) 
302190     WARN  Test worker     d.u.i.k.n.KeYParser       [syntax-error] file:/home/runner/work/key/key/key.core/build/resources/main/de/uka/ilkd/key/proof/rules/ifThenElseRules.key:135:27: extraneous input '(' expecting {'\lemma', '}', IDENT, '/*!'} [@748,3576:3576='(',<146>,135:27] (rulesOrAxioms, decls, file) 
302191     WARN  Test worker     d.u.i.k.n.KeYParser       [syntax-error] file:/home/runner/work/key/key/key.core/build/resources/main/de/uka/ilkd/key/proof/rules/ifThenElseRules.key:135:44: mismatched input ')' expecting {'(', '{'} [@754,3593:3593=')',<147>,135:44] (taclet, rulesOrAxioms, decls, file) 
302191     WARN  Test worker     d.u.i.k.n.KeYParser       [syntax-error] file:/home/runner/work/key/key/key.core/build/resources/main/de/uka/ilkd/key/proof/rules/ifThenElseRules.key:141:14: mismatched input '\ifExintVar' expecting {MODALITY, FORALL, EXISTS, '\if', '\ifEx', 'true', 'false', '(', '{', '@', NOT, SEQARROW, '-', STRING_LITERAL, CHAR_LITERAL, BIN_LITERAL, HEX_LITERAL, IDENT, INT_LITERAL, FLOAT_LITERAL, DOUBLE_LITERAL, REAL_LITERAL} [@780,3716:3726='\ifExintVar',<188>,141:14] (termorseq, taclet, rulesOrAxioms, decls, file) 
302191     WARN  Test worker     d.u.i.k.n.KeYParser       [syntax-error] file:/home/runner/work/key/key/key.core/build/resources/main/de/uka/ilkd/key/proof/rules/ifThenElseRules.key:141:27: extraneous input '(' expecting {'\lemma', '}', IDENT, '/*!'} [@783,3729:3729='(',<146>,141:27] (rulesOrAxioms, decls, file) 
302191     WARN  Test worker     d.u.i.k.n.KeYParser       [syntax-error] file:/home/runner/work/key/key/key.core/build/resources/main/de/uka/ilkd/key/proof/rules/ifThenElseRules.key:141:41: mismatched input ')' expecting {'(', '{'} [@789,3743:3743=')',<147>,141:41] (taclet, rulesOrAxioms, decls, file) 
302191     WARN  Test worker     d.u.i.k.n.KeYParser       [syntax-error] file:/home/runner/work/key/key/key.core/build/resources/main/de/uka/ilkd/key/proof/rules/ifThenElseRules.key:148:14: mismatched input '\ifExintVar' expecting {MODALITY, FORALL, EXISTS, '\if', '\ifEx', 'true', 'false', '(', '{', '@', NOT, SEQARROW, '-', STRING_LITERAL, CHAR_LITERAL, BIN_LITERAL, HEX_LITERAL, IDENT, INT_LITERAL, FLOAT_LITERAL, DOUBLE_LITERAL, REAL_LITERAL} [@819,3896:3906='\ifExintVar',<188>,148:14] (termorseq, taclet, rulesOrAxioms, decls, file) 
302191     WARN  Test worker     d.u.i.k.n.KeYParser       [syntax-error] file:/home/runner/work/key/key/key.core/build/resources/main/de/uka/ilkd/key/proof/rules/ifThenElseRules.key:148:27: extraneous input '(' expecting {'\lemma', '}', IDENT, '/*!'} [@822,3909:3909='(',<146>,148:27] (rulesOrAxioms, decls, file) 
302191     WARN  Test worker     d.u.i.k.n.KeYParser       [syntax-error] file:/home/runner/work/key/key/key.core/build/resources/main/de/uka/ilkd/key/proof/rules/ifThenElseRules.key:148:35: mismatched input '=' expecting {'(', '{'} [@825,3917:3917='=',<159>,148:35] (taclet, rulesOrAxioms, decls, file) 
302191     WARN  Test worker     d.u.i.k.n.KeYParser       [syntax-error] file:/home/runner/work/key/key/key.core/build/resources/main/de/uka/ilkd/key/proof/rules/ifThenElseRules.key:150:38: mismatched input '}' expecting {'(', '{'} [@859,4023:4023='}',<149>,150:38] (taclet, rulesOrAxioms, decls, file) 
302192     WARN  Test worker     d.u.i.k.n.KeYParser       [syntax-error] file:/home/runner/work/key/key/key.core/build/resources/main/de/uka/ilkd/key/proof/rules/ifThenElseRules.key:155:14: mismatched input '\ifExintVar' expecting {MODALITY, FORALL, EXISTS, '\if', '\ifEx', 'true', 'false', '(', '{', '@', NOT, SEQARROW, '-', STRING_LITERAL, CHAR_LITERAL, BIN_LITERAL, HEX_LITERAL, IDENT, INT_LITERAL, FLOAT_LITERAL, DOUBLE_LITERAL, REAL_LITERAL} [@877,4109:4119='\ifExintVar',<188>,155:14] (termorseq, taclet, rulesOrAxioms, decls, file) 
302192     WARN  Test worker     d.u.i.k.n.KeYParser       [syntax-error] file:/home/runner/work/key/key/key.core/build/resources/main/de/uka/ilkd/key/proof/rules/ifThenElseRules.key:155:27: extraneous input '(' expecting {'\lemma', '}', IDENT, '/*!'} [@880,4122:4122='(',<146>,155:27] (rulesOrAxioms, decls, file) 
302192     WARN  Test worker     d.u.i.k.n.KeYParser       [syntax-error] file:/home/runner/work/key/key/key.core/build/resources/main/de/uka/ilkd/key/proof/rules/ifThenElseRules.key:155:35: mismatched input '=' expecting {'(', '{'} [@883,4130:4130='=',<159>,155:35] (taclet, rulesOrAxioms, decls, file) 
302192     WARN  Test worker     d.u.i.k.n.KeYParser       [syntax-error] file:/home/runner/work/key/key/key.core/build/resources/main/de/uka/ilkd/key/proof/rules/ifThenElseRules.key:157:38: mismatched input '}' expecting {'(', '{'} [@917,4230:4230='}',<149>,157:38] (taclet, rulesOrAxioms, decls, file) 
302192     WARN  Test worker     d.u.i.k.n.KeYParser       [syntax-error] file:/home/runner/work/key/key/key.core/build/resources/main/de/uka/ilkd/key/proof/rules/ifThenElseRules.key:163:14: mismatched input '\ifExintVar' expecting {MODALITY, FORALL, EXISTS, '\if', '\ifEx', 'true', 'false', '(', '{', '@', NOT, SEQARROW, '-', STRING_LITERAL, CHAR_LITERAL, BIN_LITERAL, HEX_LITERAL, IDENT, INT_LITERAL, FLOAT_LITERAL, DOUBLE_LITERAL, REAL_LITERAL} [@939,4350:4360='\ifExintVar',<188>,163:14] (termorseq, taclet, rulesOrAxioms, decls, file) 
302192     WARN  Test worker     d.u.i.k.n.KeYParser       [syntax-error] file:/home/runner/work/key/key/key.core/build/resources/main/de/uka/ilkd/key/proof/rules/ifThenElseRules.key:163:27: extraneous input '(' expecting {'\lemma', '}', IDENT, '/*!'} [@942,4363:4363='(',<146>,163:27] (rulesOrAxioms, decls, file) 
302192     WARN  Test worker     d.u.i.k.n.KeYParser       [syntax-error] file:/home/runner/work/key/key/key.core/build/resources/main/de/uka/ilkd/key/proof/rules/ifThenElseRules.key:163:30: mismatched input '=' expecting {'(', '{'} [@945,4366:4366='=',<159>,163:30] (taclet, rulesOrAxioms, decls, file) 
302192     WARN  Test worker     d.u.i.k.n.KeYParser       [syntax-error] file:/home/runner/work/key/key/key.core/build/resources/main/de/uka/ilkd/key/proof/rules/ifThenElseRules.key:165:38: mismatched input '}' expecting {'(', '{'} [@979,4477:4477='}',<149>,165:38] (taclet, rulesOrAxioms, decls, file) 
302193     WARN  Test worker     d.u.i.k.n.KeYParser       [syntax-error] file:/home/runner/work/key/key/key.core/build/resources/main/de/uka/ilkd/key/proof/rules/ifThenElseRules.key:171:14: mismatched input '\ifExintVar' expecting {MODALITY, FORALL, EXISTS, '\if', '\ifEx', 'true', 'false', '(', '{', '@', NOT, SEQARROW, '-', STRING_LITERAL, CHAR_LITERAL, BIN_LITERAL, HEX_LITERAL, IDENT, INT_LITERAL, FLOAT_LITERAL, DOUBLE_LITERAL, REAL_LITERAL} [@1001,4604:4614='\ifExintVar',<188>,171:14] (termorseq, taclet, rulesOrAxioms, decls, file) 
302193     WARN  Test worker     d.u.i.k.n.KeYParser       [syntax-error] file:/home/runner/work/key/key/key.core/build/resources/main/de/uka/ilkd/key/proof/rules/ifThenElseRules.key:171:27: extraneous input '(' expecting {'\lemma', '}', IDENT, '/*!'} [@1004,4617:4617='(',<146>,171:27] (rulesOrAxioms, decls, file) 
302193     WARN  Test worker     d.u.i.k.n.KeYParser       [syntax-error] file:/home/runner/work/key/key/key.core/build/resources/main/de/uka/ilkd/key/proof/rules/ifThenElseRules.key:171:30: mismatched input '=' expecting {'(', '{'} [@1007,4620:4620='=',<159>,171:30] (taclet, rulesOrAxioms, decls, file) 
302193     WARN  Test worker     d.u.i.k.n.KeYParser       [syntax-error] file:/home/runner/work/key/key/key.core/build/resources/main/de/uka/ilkd/key/proof/rules/ifThenElseRules.key:173:38: mismatched input '}' expecting {'(', '{'} [@1041,4725:4725='}',<149>,173:38] (taclet, rulesOrAxioms, decls, file) 
302193     WARN  Test worker     d.u.i.k.n.KeYParser       [syntax-error] file:/home/runner/work/key/key/key.core/build/resources/main/de/uka/ilkd/key/proof/rules/ifThenElseRules.key:179:14: mismatched input '\ifExintVar' expecting {MODALITY, FORALL, EXISTS, '\if', '\ifEx', 'true', 'false', '(', '{', '@', NOT, SEQARROW, '-', STRING_LITERAL, CHAR_LITERAL, BIN_LITERAL, HEX_LITERAL, IDENT, INT_LITERAL, FLOAT_LITERAL, DOUBLE_LITERAL, REAL_LITERAL} [@1063,4848:4858='\ifExintVar',<188>,179:14] (termorseq, taclet, rulesOrAxioms, decls, file) 
302193     WARN  Test worker     d.u.i.k.n.KeYParser       [syntax-error] file:/home/runner/work/key/key/key.core/build/resources/main/de/uka/ilkd/key/proof/rules/ifThenElseRules.key:179:27: extraneous input '(' expecting {'\lemma', '}', IDENT, '/*!'} [@1066,4861:4861='(',<146>,179:27] (rulesOrAxioms, decls, file) 
302193     WARN  Test worker     d.u.i.k.n.KeYParser       [syntax-error] file:/home/runner/work/key/key/key.core/build/resources/main/de/uka/ilkd/key/proof/rules/ifThenElseRules.key:179:32: mismatched input '&' expecting {'(', '{'} [@1069,4866:4866='&',<156>,179:32] (taclet, rulesOrAxioms, decls, file) 
302193     WARN  Test worker     d.u.i.k.n.KeYParser       [syntax-error] file:/home/runner/work/key/key/key.core/build/resources/main/de/uka/ilkd/key/proof/rules/ifThenElseRules.key:181:42: mismatched input '}' expecting {'(', '{'} [@1109,4985:4985='}',<149>,181:42] (taclet, rulesOrAxioms, decls, file) 
302193     WARN  Test worker     d.u.i.k.n.KeYParser       [syntax-error] file:/home/runner/work/key/key/key.core/build/resources/main/de/uka/ilkd/key/proof/rules/ifThenElseRules.key:182:39: mismatched input '}' expecting {'(', '{'} [@1122,5030:5030='}',<149>,182:39] (taclet, rulesOrAxioms, decls, file) 
302194     WARN  Test worker     d.u.i.k.n.KeYParser       [syntax-error] file:/home/runner/work/key/key/key.core/build/resources/main/de/uka/ilkd/key/proof/rules/ifThenElseRules.key:188:14: mismatched input '\ifExintVar' expecting {MODALITY, FORALL, EXISTS, '\if', '\ifEx', 'true', 'false', '(', '{', '@', NOT, SEQARROW, '-', STRING_LITERAL, CHAR_LITERAL, BIN_LITERAL, HEX_LITERAL, IDENT, INT_LITERAL, FLOAT_LITERAL, DOUBLE_LITERAL, REAL_LITERAL} [@1146,5149:5159='\ifExintVar',<188>,188:14] (termorseq, taclet, rulesOrAxioms, decls, file) 
302194     WARN  Test worker     d.u.i.k.n.KeYParser       [syntax-error] file:/home/runner/work/key/key/key.core/build/resources/main/de/uka/ilkd/key/proof/rules/ifThenElseRules.key:188:27: extraneous input '(' expecting {'\lemma', '}', IDENT, '/*!'} [@1149,5162:5162='(',<146>,188:27] (rulesOrAxioms, decls, file) 
302194     WARN  Test worker     d.u.i.k.n.KeYParser       [syntax-error] file:/home/runner/work/key/key/key.core/build/resources/main/de/uka/ilkd/key/proof/rules/ifThenElseRules.key:188:32: mismatched input '&' expecting {'(', '{'} [@1152,5167:5167='&',<156>,188:32] (taclet, rulesOrAxioms, decls, file) 
302194     WARN  Test worker     d.u.i.k.n.KeYParser       [syntax-error] file:/home/runner/work/key/key/key.core/build/resources/main/de/uka/ilkd/key/proof/rules/ifThenElseRules.key:190:42: mismatched input '}' expecting {'(', '{'} [@1192,5280:5280='}',<149>,190:42] (taclet, rulesOrAxioms, decls, file) 
302194     WARN  Test worker     d.u.i.k.n.KeYParser       [syntax-error] file:/home/runner/work/key/key/key.core/build/resources/main/de/uka/ilkd/key/proof/rules/ifThenElseRules.key:191:39: mismatched input '}' expecting {'(', '{'} [@1205,5325:5325='}',<149>,191:39] (taclet, rulesOrAxioms, decls, file) 
302194     WARN  Test worker     d.u.i.k.n.KeYParser       [syntax-error] file:/home/runner/work/key/key/key.core/build/resources/main/de/uka/ilkd/key/proof/rules/ifThenElseRules.key:198:14: mismatched input '\ifExintVar' expecting {MODALITY, FORALL, EXISTS, '\if', '\ifEx', 'true', 'false', '(', '{', '@', NOT, SEQARROW, '-', STRING_LITERAL, CHAR_LITERAL, BIN_LITERAL, HEX_LITERAL, IDENT, INT_LITERAL, FLOAT_LITERAL, DOUBLE_LITERAL, REAL_LITERAL} [@1233,5475:5485='\ifExintVar',<188>,198:14] (termorseq, taclet, rulesOrAxioms, decls, file) 
302194     WARN  Test worker     d.u.i.k.n.KeYParser       [syntax-error] file:/home/runner/work/key/key/key.core/build/resources/main/de/uka/ilkd/key/proof/rules/ifThenElseRules.key:198:27: extraneous input '(' expecting {'\lemma', '}', IDENT, '/*!'} [@1236,5488:5488='(',<146>,198:27] (rulesOrAxioms, decls, file) 
302194     WARN  Test worker     d.u.i.k.n.KeYParser       [syntax-error] file:/home/runner/work/key/key/key.core/build/resources/main/de/uka/ilkd/key/proof/rules/ifThenElseRules.key:198:32: mismatched input '&' expecting {'(', '{'} [@1239,5493:5493='&',<156>,198:32] (taclet, rulesOrAxioms, decls, file) 
302195     WARN  Test worker     d.u.i.k.n.KeYParser       [syntax-error] file:/home/runner/work/key/key/key.core/build/resources/main/de/uka/ilkd/key/proof/rules/ifThenElseRules.key:200:42: mismatched input '}' expecting {'(', '{'} [@1279,5612:5612='}',<149>,200:42] (taclet, rulesOrAxioms, decls, file) 
302195     WARN  Test worker     d.u.i.k.n.KeYParser       [syntax-error] file:/home/runner/work/key/key/key.core/build/resources/main/de/uka/ilkd/key/proof/rules/ifThenElseRules.key:201:39: mismatched input '}' expecting {'(', '{'} [@1292,5657:5657='}',<149>,201:39] (taclet, rulesOrAxioms, decls, file) 
302195     WARN  Test worker     d.u.i.k.n.KeYParser       [syntax-error] file:/home/runner/work/key/key/key.core/build/resources/main/de/uka/ilkd/key/proof/rules/ifThenElseRules.key:208:14: mismatched input '\ifExintVar' expecting {MODALITY, FORALL, EXISTS, '\if', '\ifEx', 'true', 'false', '(', '{', '@', NOT, SEQARROW, '-', STRING_LITERAL, CHAR_LITERAL, BIN_LITERAL, HEX_LITERAL, IDENT, INT_LITERAL, FLOAT_LITERAL, DOUBLE_LITERAL, REAL_LITERAL} [@1320,5817:5827='\ifExintVar',<188>,208:14] (termorseq, taclet, rulesOrAxioms, decls, file) 
302195     WARN  Test worker     d.u.i.k.n.KeYParser       [syntax-error] file:/home/runner/work/key/key/key.core/build/resources/main/de/uka/ilkd/key/proof/rules/ifThenElseRules.key:208:27: extraneous input '(' expecting {'\lemma', '}', IDENT, '/*!'} [@1323,5830:5830='(',<146>,208:27] (rulesOrAxioms, decls, file) 
302195     WARN  Test worker     d.u.i.k.n.KeYParser       [syntax-error] file:/home/runner/work/key/key/key.core/build/resources/main/de/uka/ilkd/key/proof/rules/ifThenElseRules.key:208:32: mismatched input '&' expecting {'(', '{'} [@1326,5835:5835='&',<156>,208:32] (taclet, rulesOrAxioms, decls, file) 
302195     WARN  Test worker     d.u.i.k.n.KeYParser       [syntax-error] file:/home/runner/work/key/key/key.core/build/resources/main/de/uka/ilkd/key/proof/rules/ifThenElseRules.key:210:42: mismatched input '}' expecting {'(', '{'} [@1366,5948:5948='}',<149>,210:42] (taclet, rulesOrAxioms, decls, file) 
302195     WARN  Test worker     d.u.i.k.n.KeYParser       [syntax-error] file:/home/runner/work/key/key/key.core/build/resources/main/de/uka/ilkd/key/proof/rules/ifThenElseRules.key:211:39: mismatched input '}' expecting {'(', '{'} [@1379,5993:5993='}',<149>,211:39] (taclet, rulesOrAxioms, decls, file) 
302195     WARN  Test worker     d.u.i.k.n.KeYParser       [syntax-error] file:/home/runner/work/key/key/key.core/build/resources/main/de/uka/ilkd/key/proof/rules/ifThenElseRules.key:218:14: mismatched input '\ifExintVar' expecting {MODALITY, FORALL, EXISTS, '\if', '\ifEx', 'true', 'false', '(', '{', '@', NOT, SEQARROW, '-', STRING_LITERAL, CHAR_LITERAL, BIN_LITERAL, HEX_LITERAL, IDENT, INT_LITERAL, FLOAT_LITERAL, DOUBLE_LITERAL, REAL_LITERAL} [@1407,6146:6156='\ifExintVar',<188>,218:14] (termorseq, taclet, rulesOrAxioms, decls, file) 
302195     WARN  Test worker     d.u.i.k.n.KeYParser       [syntax-error] file:/home/runner/work/key/key/key.core/build/resources/main/de/uka/ilkd/key/proof/rules/ifThenElseRules.key:218:27: extraneous input '(' expecting {'\lemma', '}', IDENT, '/*!'} [@1410,6159:6159='(',<146>,218:27] (rulesOrAxioms, decls, file) 
302196     WARN  Test worker     d.u.i.k.n.KeYParser       [syntax-error] file:/home/runner/work/key/key/key.core/build/resources/main/de/uka/ilkd/key/proof/rules/ifThenElseRules.key:218:31: mismatched input ')' expecting {'(', '{'} [@1412,6163:6163=')',<147>,218:31] (taclet, rulesOrAxioms, decls, file) 
302196     WARN  Test worker     d.u.i.k.n.KeYParser       [syntax-error] file:/home/runner/work/key/key/key.core/build/resources/main/de/uka/ilkd/key/proof/rules/ifThenElseRules.key:220:44: mismatched input ')' expecting {'(', '{'} [@1444,6275:6275=')',<147>,220:44] (taclet, rulesOrAxioms, decls, file) 
302196     WARN  Test worker     d.u.i.k.n.KeYParser       [syntax-error] file:/home/runner/work/key/key/key.core/build/resources/main/de/uka/ilkd/key/proof/rules/ifThenElseRules.key:225:14: mismatched input '\ifExintVar' expecting {MODALITY, FORALL, EXISTS, '\if', '\ifEx', 'true', 'false', '(', '{', '@', NOT, SEQARROW, '-', STRING_LITERAL, CHAR_LITERAL, BIN_LITERAL, HEX_LITERAL, IDENT, INT_LITERAL, FLOAT_LITERAL, DOUBLE_LITERAL, REAL_LITERAL} [@1471,6389:6399='\ifExintVar',<188>,225:14] (termorseq, taclet, rulesOrAxioms, decls, file) 
302196     WARN  Test worker     d.u.i.k.n.KeYParser       [syntax-error] file:/home/runner/work/key/key/key.core/build/resources/main/de/uka/ilkd/key/proof/rules/ifThenElseRules.key:225:27: extraneous input '(' expecting {'\lemma', '}', IDENT, '/*!'} [@1474,6402:6402='(',<146>,225:27] (rulesOrAxioms, decls, file) 
302196     WARN  Test worker     d.u.i.k.n.KeYParser       [syntax-error] file:/home/runner/work/key/key/key.core/build/resources/main/de/uka/ilkd/key/proof/rules/ifThenElseRules.key:225:31: mismatched input ')' expecting {'(', '{'} [@1476,6406:6406=')',<147>,225:31] (taclet, rulesOrAxioms, decls, file) 
302196     WARN  Test worker     d.u.i.k.n.KeYParser       [syntax-error] file:/home/runner/work/key/key/key.core/build/resources/main/de/uka/ilkd/key/proof/rules/ifThenElseRules.key:227:44: mismatched input ')' expecting {'(', '{'} [@1508,6509:6509=')',<147>,227:44] (taclet, rulesOrAxioms, decls, file) 
302196     WARN  Test worker     d.u.i.k.n.KeYParser       [syntax-error] file:/home/runner/work/key/key/key.core/build/resources/main/de/uka/ilkd/key/proof/rules/ifThenElseRules.key:233:14: mismatched input '\ifExintVar' expecting {MODALITY, FORALL, EXISTS, '\if', '\ifEx', 'true', 'false', '(', '{', '@', NOT, SEQARROW, '-', STRING_LITERAL, CHAR_LITERAL, BIN_LITERAL, HEX_LITERAL, IDENT, INT_LITERAL, FLOAT_LITERAL, DOUBLE_LITERAL, REAL_LITERAL} [@1539,6656:6666='\ifExintVar',<188>,233:14] (termorseq, taclet, rulesOrAxioms, decls, file) 
302196     WARN  Test worker     d.u.i.k.n.KeYParser       [syntax-error] file:/home/runner/work/key/key/key.core/build/resources/main/de/uka/ilkd/key/proof/rules/ifThenElseRules.key:233:27: extraneous input '(' expecting {'\lemma', '}', IDENT, '/*!'} [@1542,6669:6669='(',<146>,233:27] (rulesOrAxioms, decls, file) 
302196     WARN  Test worker     d.u.i.k.n.KeYParser       [syntax-error] file:/home/runner/work/key/key/key.core/build/resources/main/de/uka/ilkd/key/proof/rules/ifThenElseRules.key:233:31: mismatched input ')' expecting {'(', '{'} [@1544,6673:6673=')',<147>,233:31] (taclet, rulesOrAxioms, decls, file) 
302197     WARN  Test worker     d.u.i.k.n.KeYParser       [syntax-error] file:/home/runner/work/key/key/key.core/build/resources/main/de/uka/ilkd/key/proof/rules/ifThenElseRules.key:237:42: mismatched input '}' expecting {'(', '{'} [@1586,6850:6850='}',<149>,237:42] (taclet, rulesOrAxioms, decls, file) 
302197     WARN  Test worker     d.u.i.k.n.KeYParser       [syntax-error] file:/home/runner/work/key/key/key.core/build/resources/main/de/uka/ilkd/key/proof/rules/ifThenElseRules.key:238:34: mismatched input '}' expecting {'(', '{'} [@1599,6891:6891='}',<149>,238:34] (taclet, rulesOrAxioms, decls, file) 
302197     WARN  Test worker     d.u.i.k.n.KeYParser       [syntax-error] file:/home/runner/work/key/key/key.core/build/resources/main/de/uka/ilkd/key/proof/rules/ifThenElseRules.key:239:28: extraneous input '(' expecting {'\lemma', '}', IDENT, '/*!'} [@1608,6925:6925='(',<146>,239:28] (rulesOrAxioms, decls, file) 
302197     WARN  Test worker     d.u.i.k.n.KeYParser       [syntax-error] file:/home/runner/work/key/key/key.core/build/resources/main/de/uka/ilkd/key/proof/rules/ifThenElseRules.key:239:33: mismatched input '->' expecting {'(', '{'} [@1611,6930:6931='->',<158>,239:33] (taclet, rulesOrAxioms, decls, file) 
302197     WARN  Test worker     d.u.i.k.n.KeYParser       [syntax-error] file:/home/runner/work/key/key/key.core/build/resources/main/de/uka/ilkd/key/proof/rules/ifThenElseRules.key:240:8: extraneous input '\replacewith' expecting {'\lemma', '}', IDENT, '/*!'} [@1626,6979:6990='\replacewith',<105>,240:8] (rulesOrAxioms, decls, file) 
302197     WARN  Test worker     d.u.i.k.n.KeYParser       [syntax-error] file:/home/runner/work/key/key/key.core/build/resources/main/de/uka/ilkd/key/proof/rules/ifThenElseRules.key:240:25: mismatched input ')' expecting {'(', '{'} [@1629,6996:6996=')',<147>,240:25] (taclet, rulesOrAxioms, decls, file) 
302197     WARN  Test worker     d.u.i.k.n.KeYParser       [syntax-error] file:/home/runner/work/key/key/key.core/build/resources/main/de/uka/ilkd/key/proof/rules/ifThenElseRules.key:240:56: mismatched input ')' expecting {'(', '{'} [@1642,7027:7027=')',<147>,240:56] (taclet, rulesOrAxioms, decls, file) 
302197     WARN  Test worker     d.u.i.k.n.KeYParser       [syntax-error] file:/home/runner/work/key/key/key.core/build/resources/main/de/uka/ilkd/key/proof/rules/ifThenElseRules.key:245:14: mismatched input '\ifExintVar' expecting {MODALITY, FORALL, EXISTS, '\if', '\ifEx', 'true', 'false', '(', '{', '@', NOT, SEQARROW, '-', STRING_LITERAL, CHAR_LITERAL, BIN_LITERAL, HEX_LITERAL, IDENT, INT_LITERAL, FLOAT_LITERAL, DOUBLE_LITERAL, REAL_LITERAL} [@1658,7109:7119='\ifExintVar',<188>,245:14] (termorseq, taclet, rulesOrAxioms, decls, file) 
302197     WARN  Test worker     d.u.i.k.n.KeYParser       [syntax-error] file:/home/runner/work/key/key/key.core/build/resources/main/de/uka/ilkd/key/proof/rules/ifThenElseRules.key:245:27: extraneous input '(' expecting {'\lemma', '}', IDENT, '/*!'} [@1661,7122:7122='(',<146>,245:27] (rulesOrAxioms, decls, file) 
302197     WARN  Test worker     d.u.i.k.n.KeYParser       [syntax-error] file:/home/runner/work/key/key/key.core/build/resources/main/de/uka/ilkd/key/proof/rules/ifThenElseRules.key:245:31: mismatched input ')' expecting {'(', '{'} [@1663,7126:7126=')',<147>,245:31] (taclet, rulesOrAxioms, decls, file) 
302198     WARN  Test worker     d.u.i.k.n.KeYParser       [syntax-error] file:/home/runner/work/key/key/key.core/build/resources/main/de/uka/ilkd/key/proof/rules/ifThenElseRules.key:248:45: mismatched input '}' expecting {'(', '{'} [@1696,7268:7268='}',<149>,248:45] (taclet, rulesOrAxioms, decls, file) 
302198     WARN  Test worker     d.u.i.k.n.KeYParser       [syntax-error] file:/home/runner/work/key/key/key.core/build/resources/main/de/uka/ilkd/key/proof/rules/ifThenElseRules.key:249:8: extraneous input '\replacewith' expecting {'\lemma', '}', IDENT, '/*!'} [@1701,7284:7295='\replacewith',<105>,249:8] (rulesOrAxioms, decls, file) 
302198     WARN  Test worker     d.u.i.k.n.KeYParser       [syntax-error] file:/home/runner/work/key/key/key.core/build/resources/main/de/uka/ilkd/key/proof/rules/ifThenElseRules.key:249:38: mismatched input ')' expecting {'(', '{'} [@1708,7314:7314=')',<147>,249:38] (taclet, rulesOrAxioms, decls, file) 
302198     WARN  Test worker     d.u.i.k.n.KeYParser       [syntax-error] file:/home/runner/work/key/key/key.core/build/resources/main/de/uka/ilkd/key/proof/rules/ifThenElseRules.key:250:42: mismatched input '}' expecting {'(', '{'} [@1731,7381:7381='}',<149>,250:42] (taclet, rulesOrAxioms, decls, file) 
302198     WARN  Test worker     d.u.i.k.n.KeYParser       [syntax-error] file:/home/runner/work/key/key/key.core/build/resources/main/de/uka/ilkd/key/proof/rules/ifThenElseRules.key:251:28: extraneous input '(' expecting {'\lemma', '}', IDENT, '/*!'} [@1741,7416:7416='(',<146>,251:28] (rulesOrAxioms, decls, file) 
302198     WARN  Test worker     d.u.i.k.n.KeYParser       [syntax-error] file:/home/runner/work/key/key/key.core/build/resources/main/de/uka/ilkd/key/proof/rules/ifThenElseRules.key:251:33: mismatched input '->' expecting {'(', '{'} [@1744,7421:7422='->',<158>,251:33] (taclet, rulesOrAxioms, decls, file) 
302198     WARN  Test worker     d.u.i.k.n.KeYParser       [syntax-error] file:/home/runner/work/key/key/key.core/build/resources/main/de/uka/ilkd/key/proof/rules/ifThenElseRules.key:255:14: mismatched input '\ifExintVar' expecting {MODALITY, FORALL, EXISTS, '\if', '\ifEx', 'true', 'false', '(', '{', '@', NOT, SEQARROW, '-', STRING_LITERAL, CHAR_LITERAL, BIN_LITERAL, HEX_LITERAL, IDENT, INT_LITERAL, FLOAT_LITERAL, DOUBLE_LITERAL, REAL_LITERAL} [@1765,7506:7516='\ifExintVar',<188>,255:14] (termorseq, taclet, rulesOrAxioms, decls, file) 
302198     WARN  Test worker     d.u.i.k.n.KeYParser       [syntax-error] file:/home/runner/work/key/key/key.core/build/resources/main/de/uka/ilkd/key/proof/rules/ifThenElseRules.key:255:27: extraneous input '(' expecting {'\lemma', '}', IDENT, '/*!'} [@1768,7519:7519='(',<146>,255:27] (rulesOrAxioms, decls, file) 
302198     WARN  Test worker     d.u.i.k.n.KeYParser       [syntax-error] file:/home/runner/work/key/key/key.core/build/resources/main/de/uka/ilkd/key/proof/rules/ifThenElseRules.key:255:31: mismatched input ')' expecting {'(', '{'} [@1770,7523:7523=')',<147>,255:31] (taclet, rulesOrAxioms, decls, file) 
302199     WARN  Test worker     d.u.i.k.n.KeYParser       [syntax-error] file:/home/runner/work/key/key/key.core/build/resources/main/de/uka/ilkd/key/proof/rules/ifThenElseRules.key:258:52: extraneous input '0' expecting {'\lemma', '}', IDENT, '/*!'} [@1809,7667:7667='0',<184>,258:52] (rulesOrAxioms, decls, file) 
302199     WARN  Test worker     d.u.i.k.n.KeYParser       [syntax-error] file:/home/runner/work/key/key/key.core/build/resources/main/de/uka/ilkd/key/proof/rules/ifThenElseRules.key:258:54: mismatched input 'then' expecting {<EOF>, '\problem', '\chooseContract', '\proofObligation', '\proof'} [@1811,7669:7672='then',<183>,258:54] (file) 
302199     ERROR Test worker     d.u.i.k.s.n.MasterHandlerTest Error reading /home/runner/work/key/key/key.core/build/resources/test/de/uka/ilkd/key/smt/newsmt2/cases/cast1.props de.uka.ilkd.key.proof.io.ProblemLoaderException: line 135:14 mismatched input '\ifExintVar' expecting {MODALITY, FORALL, EXISTS, '\if', '\ifEx', 'true', 'false', '(', '{', '@', NOT, SEQARROW, '-', STRING_LITERAL, CHAR_LITERAL, BIN_LITERAL, HEX_LITERAL, IDENT, INT_LITERAL, FLOAT_LITERAL, DOUBLE_LITERAL, REAL_LITERAL}
line 135:27 extraneous input '(' expecting {'\lemma', '}', IDENT, '/*!'}
line 135:44 mismatched input ')' expecting {'(', '{'}
line 141:14 mismatched input '\ifExintVar' expecting {MODALITY, FORALL, EXISTS, '\if', '\ifEx', 'true', 'false', '(', '{', '@', NOT, SEQARROW, '-', STRING_LITERAL, CHAR_LITERAL, BIN_LITERAL, HEX_LITERAL, IDENT, INT_LITERAL, FLOAT_LITERAL, DOUBLE_LITERAL, REAL_LITERAL}
line 141:27 extraneous input '(' expecting {'\lemma', '}', IDENT, '/*!'}
line 141:41 mismatched input ')' expecting {'(', '{'}
line 148:14 mismatched input '\ifExintVar' expecting {MODALITY, FORALL, EXISTS, '\if', '\ifEx', 'true', 'false', '(', '{', '@', NOT, SEQARROW, '-', STRING_LITERAL, CHAR_LITERAL, BIN_LITERAL, HEX_LITERAL, IDENT, INT_LITERAL, FLOAT_LITERAL, DOUBLE_LITERAL, REAL_LITERAL}
line 148:27 extraneous input '(' expecting {'\lemma', '}', IDENT, '/*!'}
line 148:35 mismatched input '=' expecting {'(', '{'}
line 150:38 mismatched input '}' expecting {'(', '{'}
line 155:14 mismatched input '\ifExintVar' expecting {MODALITY, FORALL, EXISTS, '\if', '\ifEx', 'true', 'false', '(', '{', '@', NOT, SEQARROW, '-', STRING_LITERAL, CHAR_LITERAL, BIN_LITERAL, HEX_LITERAL, IDENT, INT_LITERAL, FLOAT_LITERAL, DOUBLE_LITERAL, REAL_LITERAL}
line 155:27 extraneous input '(' expecting {'\lemma', '}', IDENT, '/*!'}
line 155:35 mismatched input '=' expecting {'(', '{'}
line 157:38 mismatched input '}' expecting {'(', '{'}
line 163:14 mismatched input '\ifExintVar' expecting {MODALITY, FORALL, EXISTS, '\if', '\ifEx', 'true', 'false', '(', '{', '@', NOT, SEQARROW, '-', STRING_LITERAL, CHAR_LITERAL, BIN_LITERAL, HEX_LITERAL, IDENT, INT_LITERAL, FLOAT_LITERAL, DOUBLE_LITERAL, REAL_LITERAL}
line 163:27 extraneous input '(' expecting {'\lemma', '}', IDENT, '/*!'}
line 163:30 mismatched input '=' expecting {'(', '{'}
line 165:38 mismatched input '}' expecting {'(', '{'}
line 171:14 mismatched input '\ifExintVar' expecting {MODALITY, FORALL, EXISTS, '\if', '\ifEx', 'true', 'false', '(', '{', '@', NOT, SEQARROW, '-', STRING_LITERAL, CHAR_LITERAL, BIN_LITERAL, HEX_LITERAL, IDENT, INT_LITERAL, FLOAT_LITERAL, DOUBLE_LITERAL, REAL_LITERAL}
line 171:27 extraneous input '(' expecting {'\lemma', '}', IDENT, '/*!'}
line 171:30 mismatched input '=' expecting {'(', '{'}
line 173:38 mismatched input '}' expecting {'(', '{'}
line 179:14 mismatched input '\ifExintVar' expecting {MODALITY, FORALL, EXISTS, '\if', '\ifEx', 'true', 'false', '(', '{', '@', NOT, SEQARROW, '-', STRING_LITERAL, CHAR_LITERAL, BIN_LITERAL, HEX_LITERAL, IDENT, INT_LITERAL, FLOAT_LITERAL, DOUBLE_LITERAL, REAL_LITERAL}
line 179:27 extraneous input '(' expecting {'\lemma', '}', IDENT, '/*!'}
line 179:32 mismatched input '&' expecting {'(', '{'}
line 181:42 mismatched input '}' expecting {'(', '{'}
line 182:39 mismatched input '}' expecting {'(', '{'}
line 188:14 mismatched input '\ifExintVar' expecting {MODALITY, FORALL, EXISTS, '\if', '\ifEx', 'true', 'false', '(', '{', '@', NOT, SEQARROW, '-', STRING_LITERAL, CHAR_LITERAL, BIN_LITERAL, HEX_LITERAL, IDENT, INT_LITERAL, FLOAT_LITERAL, DOUBLE_LITERAL, REAL_LITERAL}
line 188:27 extraneous input '(' expecting {'\lemma', '}', IDENT, '/*!'}
line 188:32 mismatched input '&' expecting {'(', '{'}
line 190:42 mismatched input '}' expecting {'(', '{'}
line 191:39 mismatched input '}' expecting {'(', '{'}
line 198:14 mismatched input '\ifExintVar' expecting {MODALITY, FORALL, EXISTS, '\if', '\ifEx', 'true', 'false', '(', '{', '@', NOT, SEQARROW, '-', STRING_LITERAL, CHAR_LITERAL, BIN_LITERAL, HEX_LITERAL, IDENT, INT_LITERAL, FLOAT_LITERAL, DOUBLE_LITERAL, REAL_LITERAL}
line 198:27 extraneous input '(' expecting {'\lemma', '}', IDENT, '/*!'}
line 198:32 mismatched input '&' expecting {'(', '{'}
line 200:42 mismatched input '}' expecting {'(', '{'}
line 201:39 mismatched input '}' expecting {'(', '{'}
line 208:14 mismatched input '\ifExintVar' expecting {MODALITY, FORALL, EXISTS, '\if', '\ifEx', 'true', 'false', '(', '{', '@', NOT, SEQARROW, '-', STRING_LITERAL, CHAR_LITERAL, BIN_LITERAL, HEX_LITERAL, IDENT, INT_LITERAL, FLOAT_LITERAL, DOUBLE_LITERAL, REAL_LITERAL}
line 208:27 extraneous input '(' expecting {'\lemma', '}', IDENT, '/*!'}
line 208:32 mismatched input '&' expecting {'(', '{'}
line 210:42 mismatched input '}' expecting {'(', '{'}
line 211:39 mismatched input '}' expecting {'(', '{'}
line 218:14 mismatched input '\ifExintVar' expecting {MODALITY, FORALL, EXISTS, '\if', '\ifEx', 'true', 'false', '(', '{', '@', NOT, SEQARROW, '-', STRING_LITERAL, CHAR_LITERAL, BIN_LITERAL, HEX_LITERAL, IDENT, INT_LITERAL, FLOAT_LITERAL, DOUBLE_LITERAL, REAL_LITERAL}
line 218:27 extraneous input '(' expecting {'\lemma', '}', IDENT, '/*!'}
line 218:31 mismatched input ')' expecting {'(', '{'}
line 220:44 mismatched input ')' expecting {'(', '{'}
line 225:14 mismatched input '\ifExintVar' expecting {MODALITY, FORALL, EXISTS, '\if', '\ifEx', 'true', 'false', '(', '{', '@', NOT, SEQARROW, '-', STRING_LITERAL, CHAR_LITERAL, BIN_LITERAL, HEX_LITERAL, IDENT, INT_LITERAL, FLOAT_LITERAL, DOUBLE_LITERAL, REAL_LITERAL}
line 225:27 extraneous input '(' expecting {'\lemma', '}', IDENT, '/*!'}
line 225:31 mismatched input ')' expecting {'(', '{'}
line 227:44 mismatched input ')' expecting {'(', '{'}
line 233:14 mismatched input '\ifExintVar' expecting {MODALITY, FORALL, EXISTS, '\if', '\ifEx', 'true', 'false', '(', '{', '@', NOT, SEQARROW, '-', STRING_LITERAL, CHAR_LITERAL, BIN_LITERAL, HEX_LITERAL, IDENT, INT_LITERAL, FLOAT_LITERAL, DOUBLE_LITERAL, REAL_LITERAL}
line 233:27 extraneous input '(' expecting {'\lemma', '}', IDENT, '/*!'}
line 233:31 mismatched input ')' expecting {'(', '{'}
line 237:42 mismatched input '}' expecting {'(', '{'}
line 238:34 mismatched input '}' expecting {'(', '{'}
line 239:28 extraneous input '(' expecting {'\lemma', '}', IDENT, '/*!'}
line 239:33 mismatched input '->' expecting {'(', '{'}
line 240:8 extraneous input '\replacewith' expecting {'\lemma', '}', IDENT, '/*!'}
line 240:25 mismatched input ')' expecting {'(', '{'}
line 240:56 mismatched input ')' expecting {'(', '{'}
line 245:14 mismatched input '\ifExintVar' expecting {MODALITY, FORALL, EXISTS, '\if', '\ifEx', 'true', 'false', '(', '{', '@', NOT, SEQARROW, '-', STRING_LITERAL, CHAR_LITERAL, BIN_LITERAL, HEX_LITERAL, IDENT, INT_LITERAL, FLOAT_LITERAL, DOUBLE_LITERAL, REAL_LITERAL}
line 245:27 extraneous input '(' expecting {'\lemma', '}', IDENT, '/*!'}
line 245:31 mismatched input ')' expecting {'(', '{'}
line 248:45 mismatched input '}' expecting {'(', '{'}
line 249:8 extraneous input '\replacewith' expecting {'\lemma', '}', IDENT, '/*!'}
line 249:38 mismatched input ')' expecting {'(', '{'}
line 250:42 mismatched input '}' expecting {'(', '{'}
line 251:28 extraneous input '(' expecting {'\lemma', '}', IDENT, '/*!'}
line 251:33 mismatched input '->' expecting {'(', '{'}
line 255:14 mismatched input '\ifExintVar' expecting {MODALITY, FORALL, EXISTS, '\if', '\ifEx', 'true', 'false', '(', '{', '@', NOT, SEQARROW, '-', STRING_LITERAL, CHAR_LITERAL, BIN_LITERAL, HEX_LITERAL, IDENT, INT_LITERAL, FLOAT_LITERAL, DOUBLE_LITERAL, REAL_LITERAL}
line 255:27 extraneous input '(' expecting {'\lemma', '}', IDENT, '/*!'}
line 255:31 mismatched input ')' expecting {'(', '{'}
line 258:52 extraneous input '0' expecting {'\lemma', '}', IDENT, '/*!'}
line 258:54 mismatched input 'then' expecting {<EOF>, '\problem', '\chooseContract', '\proofObligation', '\proof'}

	at de.uka.ilkd.key.control.AbstractUserInterfaceControl.load(AbstractUserInterfaceControl.java:221)
Caused by: de.uka.ilkd.key.proof.init.ProofInputException: line 135:14 mismatched input '\ifExintVar' expecting {MODALITY, FORALL, EXISTS, '\if', '\ifEx', 'true', 'false', '(', '{', '@', NOT, SEQARROW, '-', STRING_LITERAL, CHAR_LITERAL, BIN_LITERAL, HEX_LITERAL, IDENT, INT_LITERAL, FLOAT_LITERAL, DOUBLE_LITERAL, REAL_LITERAL}
line 135:27 extraneous input '(' expecting {'\lemma', '}', IDENT, '/*!'}
line 135:44 mismatched input ')' expecting {'(', '{'}
line 141:14 mismatched input '\ifExintVar' expecting {MODALITY, FORALL, EXISTS, '\if', '\ifEx', 'true', 'false', '(', '{', '@', NOT, SEQARROW, '-', STRING_LITERAL, CHAR_LITERAL, BIN_LITERAL, HEX_LITERAL, IDENT, INT_LITERAL, FLOAT_LITERAL, DOUBLE_LITERAL, REAL_LITERAL}
line 141:27 extraneous input '(' expecting {'\lemma', '}', IDENT, '/*!'}
line 141:41 mismatched input ')' expecting {'(', '{'}
line 148:14 mismatched input '\ifExintVar' expecting {MODALITY, FORALL, EXISTS, '\if', '\ifEx', 'true', 'false', '(', '{', '@', NOT, SEQARROW, '-', STRING_LITERAL, CHAR_LITERAL, BIN_LITERAL, HEX_LITERAL, IDENT, INT_LITERAL, FLOAT_LITERAL, DOUBLE_LITERAL, REAL_LITERAL}
line 148:27 extraneous input '(' expecting {'\lemma', '}', IDENT, '/*!'}
line 148:35 mismatched input '=' expecting {'(', '{'}
line 150:38 mismatched input '}' expecting {'(', '{'}
line 155:14 mismatched input '\ifExintVar' expecting {MODALITY, FORALL, EXISTS, '\if', '\ifEx', 'true', 'false', '(', '{', '@', NOT, SEQARROW, '-', STRING_LITERAL, CHAR_LITERAL, BIN_LITERAL, HEX_LITERAL, IDENT, INT_LITERAL, FLOAT_LITERAL, DOUBLE_LITERAL, REAL_LITERAL}
line 155:27 extraneous input '(' expecting {'\lemma', '}', IDENT, '/*!'}
line 155:35 mismatched input '=' expecting {'(', '{'}
line 157:38 mismatched input '}' expecting {'(', '{'}
line 163:14 mismatched input '\ifExintVar' expecting {MODALITY, FORALL, EXISTS, '\if', '\ifEx', 'true', 'false', '(', '{', '@', NOT, SEQARROW, '-', STRING_LITERAL, CHAR_LITERAL, BIN_LITERAL, HEX_LITERAL, IDENT, INT_LITERAL, FLOAT_LITERAL, DOUBLE_LITERAL, REAL_LITERAL}
line 163:27 extraneous input '(' expecting {'\lemma', '}', IDENT, '/*!'}
line 163:30 mismatched input '=' expecting {'(', '{'}
line 165:38 mismatched input '}' expecting {'(', '{'}
line 171:14 mismatched input '\ifExintVar' expecting {MODALITY, FORALL, EXISTS, '\if', '\ifEx', 'true', 'false', '(', '{', '@', NOT, SEQARROW, '-', STRING_LITERAL, CHAR_LITERAL, BIN_LITERAL, HEX_LITERAL, IDENT, INT_LITERAL, FLOAT_LITERAL, DOUBLE_LITERAL, REAL_LITERAL}
line 171:27 extraneous input '(' expecting {'\lemma', '}', IDENT, '/*!'}
line 171:30 mismatched input '=' expecting {'(', '{'}
line 173:38 mismatched input '}' expecting {'(', '{'}
line 179:14 mismatched input '\ifExintVar' expecting {MODALITY, FORALL, EXISTS, '\if', '\ifEx', 'true', 'false', '(', '{', '@', NOT, SEQARROW, '-', STRING_LITERAL, CHAR_LITERAL, BIN_LITERAL, HEX_LITERAL, IDENT, INT_LITERAL, FLOAT_LITERAL, DOUBLE_LITERAL, REAL_LITERAL}
line 179:27 extraneous input '(' expecting {'\lemma', '}', IDENT, '/*!'}
line 179:32 mismatched input '&' expecting {'(', '{'}
line 181:42 mismatched input '}' expecting {'(', '{'}
line 182:39 mismatched input '}' expecting {'(', '{'}
line 188:14 mismatched input '\ifExintVar' expecting {MODALITY, FORALL, EXISTS, '\if', '\ifEx', 'true', 'false', '(', '{', '@', NOT, SEQARROW, '-', STRING_LITERAL, CHAR_LITERAL, BIN_LITERAL, HEX_LITERAL, IDENT, INT_LITERAL, FLOAT_LITERAL, DOUBLE_LITERAL, REAL_LITERAL}
line 188:27 extraneous input '(' expecting {'\lemma', '}', IDENT, '/*!'}
line 188:32 mismatched input '&' expecting {'(', '{'}
line 190:42 mismatched input '}' expecting {'(', '{'}
line 191:39 mismatched input '}' expecting {'(', '{'}
line 198:14 mismatched input '\ifExintVar' expecting {MODALITY, FORALL, EXISTS, '\if', '\ifEx', 'true', 'false', '(', '{', '@', NOT, SEQARROW, '-', STRING_LITERAL, CHAR_LITERAL, BIN_LITERAL, HEX_LITERAL, IDENT, INT_LITERAL, FLOAT_LITERAL, DOUBLE_LITERAL, REAL_LITERAL}
line 198:27 extraneous input '(' expecting {'\lemma', '}', IDENT, '/*!'}
line 198:32 mismatched input '&' expecting {'(', '{'}
line 200:42 mismatched input '}' expecting {'(', '{'}
line 201:39 mismatched input '}' expecting {'(', '{'}
line 208:14 mismatched input '\ifExintVar' expecting {MODALITY, FORALL, EXISTS, '\if', '\ifEx', 'true', 'false', '(', '{', '@', NOT, SEQARROW, '-', STRING_LITERAL, CHAR_LITERAL, BIN_LITERAL, HEX_LITERAL, IDENT, INT_LITERAL, FLOAT_LITERAL, DOUBLE_LITERAL, REAL_LITERAL}
line 208:27 extraneous input '(' expecting {'\lemma', '}', IDENT, '/*!'}
line 208:32 mismatched input '&' expecting {'(', '{'}
line 210:42 mismatched input '}' expecting {'(', '{'}
line 211:39 mismatched input '}' expecting {'(', '{'}
line 218:14 mismatched input '\ifExintVar' expecting {MODALITY, FORALL, EXISTS, '\if', '\ifEx', 'true', 'false', '(', '{', '@', NOT, SEQARROW, '-', STRING_LITERAL, CHAR_LITERAL, BIN_LITERAL, HEX_LITERAL, IDENT, INT_LITERAL, FLOAT_LITERAL, DOUBLE_LITERAL, REAL_LITERAL}
line 218:27 extraneous input '(' expecting {'\lemma', '}', IDENT, '/*!'}
line 218:31 mismatched input ')' expecting {'(', '{'}
line 220:44 mismatched input ')' expecting {'(', '{'}
line 225:14 mismatched input '\ifExintVar' expecting {MODALITY, FORALL, EXISTS, '\if', '\ifEx', 'true', 'false', '(', '{', '@', NOT, SEQARROW, '-', STRING_LITERAL, CHAR_LITERAL, BIN_LITERAL, HEX_LITERAL, IDENT, INT_LITERAL, FLOAT_LITERAL, DOUBLE_LITERAL, REAL_LITERAL}
line 225:27 extraneous input '(' expecting {'\lemma', '}', IDENT, '/*!'}
line 225:31 mismatched input ')' expecting {'(', '{'}
line 227:44 mismatched input ')' expecting {'(', '{'}
line 233:14 mismatched input '\ifExintVar' expecting {MODALITY, FORALL, EXISTS, '\if', '\ifEx', 'true', 'false', '(', '{', '@', NOT, SEQARROW, '-', STRING_LITERAL, CHAR_LITERAL, BIN_LITERAL, HEX_LITERAL, IDENT, INT_LITERAL, FLOAT_LITERAL, DOUBLE_LITERAL, REAL_LITERAL}
line 233:27 extraneous input '(' expecting {'\lemma', '}', IDENT, '/*!'}
line 233:31 mismatched input ')' expecting {'(', '{'}
line 237:42 mismatched input '}' expecting {'(', '{'}
line 238:34 mismatched input '}' expecting {'(', '{'}
line 239:28 extraneous input '(' expecting {'\lemma', '}', IDENT, '/*!'}
line 239:33 mismatched input '->' expecting {'(', '{'}
line 240:8 extraneous input '\replacewith' expecting {'\lemma', '}', IDENT, '/*!'}
line 240:25 mismatched input ')' expecting {'(', '{'}
line 240:56 mismatched input ')' expecting {'(', '{'}
line 245:14 mismatched input '\ifExintVar' expecting {MODALITY, FORALL, EXISTS, '\if', '\ifEx', 'true', 'false', '(', '{', '@', NOT, SEQARROW, '-', STRING_LITERAL, CHAR_LITERAL, BIN_LITERAL, HEX_LITERAL, IDENT, INT_LITERAL, FLOAT_LITERAL, DOUBLE_LITERAL, REAL_LITERAL}
line 245:27 extraneous input '(' expecting {'\lemma', '}', IDENT, '/*!'}
line 245:31 mismatched input ')' expecting {'(', '{'}
line 248:45 mismatched input '}' expecting {'(', '{'}
line 249:8 extraneous input '\replacewith' expecting {'\lemma', '}', IDENT, '/*!'}
line 249:38 mismatched input ')' expecting {'(', '{'}
line 250:42 mismatched input '}' expecting {'(', '{'}
line 251:28 extraneous input '(' expecting {'\lemma', '}', IDENT, '/*!'}
line 251:33 mismatched input '->' expecting {'(', '{'}
line 255:14 mismatched input '\ifExintVar' expecting {MODALITY, FORALL, EXISTS, '\if', '\ifEx', 'true', 'false', '(', '{', '@', NOT, SEQARROW, '-', STRING_LITERAL, CHAR_LITERAL, BIN_LITERAL, HEX_LITERAL, IDENT, INT_LITERAL, FLOAT_LITERAL, DOUBLE_LITERAL, REAL_LITERAL}
line 255:27 extraneous input '(' expecting {'\lemma', '}', IDENT, '/*!'}
line 255:31 mismatched input ')' expecting {'(', '{'}
line 258:52 extraneous input '0' expecting {'\lemma', '}', IDENT, '/*!'}
line 258:54 mismatched input 'then' expecting {<EOF>, '\problem', '\chooseContract', '\proofObligation', '\proof'}

	at de.uka.ilkd.key.proof.io.KeYFile.readIncludes(KeYFile.java:210)
Caused by: de.uka.ilkd.key.util.parsing.SyntaxErrorReporter$ParserException: line 135:14 mismatched input '\ifExintVar' expecting {MODALITY, FORALL, EXISTS, '\if', '\ifEx', 'true', 'false', '(', '{', '@', NOT, SEQARROW, '-', STRING_LITERAL, CHAR_LITERAL, BIN_LITERAL, HEX_LITERAL, IDENT, INT_LITERAL, FLOAT_LITERAL, DOUBLE_LITERAL, REAL_LITERAL}
line 135:27 extraneous input '(' expecting {'\lemma', '}', IDENT, '/*!'}
line 135:44 mismatched input ')' expecting {'(', '{'}
line 141:14 mismatched input '\ifExintVar' expecting {MODALITY, FORALL, EXISTS, '\if', '\ifEx', 'true', 'false', '(', '{', '@', NOT, SEQARROW, '-', STRING_LITERAL, CHAR_LITERAL, BIN_LITERAL, HEX_LITERAL, IDENT, INT_LITERAL, FLOAT_LITERAL, DOUBLE_LITERAL, REAL_LITERAL}
line 141:27 extraneous input '(' expecting {'\lemma', '}', IDENT, '/*!'}
line 141:41 mismatched input ')' expecting {'(', '{'}
line 148:14 mismatched input '\ifExintVar' expecting {MODALITY, FORALL, EXISTS, '\if', '\ifEx', 'true', 'false', '(', '{', '@', NOT, SEQARROW, '-', STRING_LITERAL, CHAR_LITERAL, BIN_LITERAL, HEX_LITERAL, IDENT, INT_LITERAL, FLOAT_LITERAL, DOUBLE_LITERAL, REAL_LITERAL}
line 148:27 extraneous input '(' expecting {'\lemma', '}', IDENT, '/*!'}
line 148:35 mismatched input '=' expecting {'(', '{'}
line 150:38 mismatched input '}' expecting {'(', '{'}
line 155:14 mismatched input '\ifExintVar' expecting {MODALITY, FORALL, EXISTS, '\if', '\ifEx', 'true', 'false', '(', '{', '@', NOT, SEQARROW, '-', STRING_LITERAL, CHAR_LITERAL, BIN_LITERAL, HEX_LITERAL, IDENT, INT_LITERAL, FLOAT_LITERAL, DOUBLE_LITERAL, REAL_LITERAL}
line 155:27 extraneous input '(' expecting {'\lemma', '}', IDENT, '/*!'}
line 155:35 mismatched input '=' expecting {'(', '{'}
line 157:38 mismatched input '}' expecting {'(', '{'}
line 163:14 mismatched input '\ifExintVar' expecting {MODALITY, FORALL, EXISTS, '\if', '\ifEx', 'true', 'false', '(', '{', '@', NOT, SEQARROW, '-', STRING_LITERAL, CHAR_LITERAL, BIN_LITERAL, HEX_LITERAL, IDENT, INT_LITERAL, FLOAT_LITERAL, DOUBLE_LITERAL, REAL_LITERAL}
line 163:27 extraneous input '(' expecting {'\lemma', '}', IDENT, '/*!'}
line 163:30 mismatched input '=' expecting {'(', '{'}
line 165:38 mismatched input '}' expecting {'(', '{'}
line 171:14 mismatched input '\ifExintVar' expecting {MODALITY, FORALL, EXISTS, '\if', '\ifEx', 'true', 'false', '(', '{', '@', NOT, SEQARROW, '-', STRING_LITERAL, CHAR_LITERAL, BIN_LITERAL, HEX_LITERAL, IDENT, INT_LITERAL, FLOAT_LITERAL, DOUBLE_LITERAL, REAL_LITERAL}
line 171:27 extraneous input '(' expecting {'\lemma', '}', IDENT, '/*!'}
line 171:30 mismatched input '=' expecting {'(', '{'}
line 173:38 mismatched input '}' expecting {'(', '{'}
line 179:14 mismatched input '\ifExintVar' expecting {MODALITY, FORALL, EXISTS, '\if', '\ifEx', 'true', 'false', '(', '{', '@', NOT, SEQARROW, '-', STRING_LITERAL, CHAR_LITERAL, BIN_LITERAL, HEX_LITERAL, IDENT, INT_LITERAL, FLOAT_LITERAL, DOUBLE_LITERAL, REAL_LITERAL}
line 179:27 extraneous input '(' expecting {'\lemma', '}', IDENT, '/*!'}
line 179:32 mismatched input '&' expecting {'(', '{'}
line 181:42 mismatched input '}' expecting {'(', '{'}
line 182:39 mismatched input '}' expecting {'(', '{'}
line 188:14 mismatched input '\ifExintVar' expecting {MODALITY, FORALL, EXISTS, '\if', '\ifEx', 'true', 'false', '(', '{', '@', NOT, SEQARROW, '-', STRING_LITERAL, CHAR_LITERAL, BIN_LITERAL, HEX_LITERAL, IDENT, INT_LITERAL, FLOAT_LITERAL, DOUBLE_LITERAL, REAL_LITERAL}
line 188:27 extraneous input '(' expecting {'\lemma', '}', IDENT, '/*!'}
line 188:32 mismatched input '&' expecting {'(', '{'}
line 190:42 mismatched input '}' expecting {'(', '{'}
line 191:39 mismatched input '}' expecting {'(', '{'}
line 198:14 mismatched input '\ifExintVar' expecting {MODALITY, FORALL, EXISTS, '\if', '\ifEx', 'true', 'false', '(', '{', '@', NOT, SEQARROW, '-', STRING_LITERAL, CHAR_LITERAL, BIN_LITERAL, HEX_LITERAL, IDENT, INT_LITERAL, FLOAT_LITERAL, DOUBLE_LITERAL, REAL_LITERAL}
line 198:27 extraneous input '(' expecting {'\lemma', '}', IDENT, '/*!'}
line 198:32 mismatched input '&' expecting {'(', '{'}
line 200:42 mismatched input '}' expecting {'(', '{'}
line 201:39 mismatched input '}' expecting {'(', '{'}
line 208:14 mismatched input '\ifExintVar' expecting {MODALITY, FORALL, EXISTS, '\if', '\ifEx', 'true', 'false', '(', '{', '@', NOT, SEQARROW, '-', STRING_LITERAL, CHAR_LITERAL, BIN_LITERAL, HEX_LITERAL, IDENT, INT_LITERAL, FLOAT_LITERAL, DOUBLE_LITERAL, REAL_LITERAL}
line 208:27 extraneous input '(' expecting {'\lemma', '}', IDENT, '/*!'}
line 208:32 mismatched input '&' expecting {'(', '{'}
line 210:42 mismatched input '}' expecting {'(', '{'}
line 211:39 mismatched input '}' expecting {'(', '{'}
line 218:14 mismatched input '\ifExintVar' expecting {MODALITY, FORALL, EXISTS, '\if', '\ifEx', 'true', 'false', '(', '{', '@', NOT, SEQARROW, '-', STRING_LITERAL, CHAR_LITERAL, BIN_LITERAL, HEX_LITERAL, IDENT, INT_LITERAL, FLOAT_LITERAL, DOUBLE_LITERAL, REAL_LITERAL}
line 218:27 extraneous input '(' expecting {'\lemma', '}', IDENT, '/*!'}
line 218:31 mismatched input ')' expecting {'(', '{'}
line 220:44 mismatched input ')' expecting {'(', '{'}
line 225:14 mismatched input '\ifExintVar' expecting {MODALITY, FORALL, EXISTS, '\if', '\ifEx', 'true', 'false', '(', '{', '@', NOT, SEQARROW, '-', STRING_LITERAL, CHAR_LITERAL, BIN_LITERAL, HEX_LITERAL, IDENT, INT_LITERAL, FLOAT_LITERAL, DOUBLE_LITERAL, REAL_LITERAL}
line 225:27 extraneous input '(' expecting {'\lemma', '}', IDENT, '/*!'}
line 225:31 mismatched input ')' expecting {'(', '{'}
line 227:44 mismatched input ')' expecting {'(', '{'}
line 233:14 mismatched input '\ifExintVar' expecting {MODALITY, FORALL, EXISTS, '\if', '\ifEx', 'true', 'false', '(', '{', '@', NOT, SEQARROW, '-', STRING_LITERAL, CHAR_LITERAL, BIN_LITERAL, HEX_LITERAL, IDENT, INT_LITERAL, FLOAT_LITERAL, DOUBLE_LITERAL, REAL_LITERAL}
line 233:27 extraneous input '(' expecting {'\lemma', '}', IDENT, '/*!'}
line 233:31 mismatched input ')' expecting {'(', '{'}
line 237:42 mismatched input '}' expecting {'(', '{'}
line 238:34 mismatched input '}' expecting {'(', '{'}
line 239:28 extraneous input '(' expecting {'\lemma', '}', IDENT, '/*!'}
line 239:33 mismatched input '->' expecting {'(', '{'}
line 240:8 extraneous input '\replacewith' expecting {'\lemma', '}', IDENT, '/*!'}
line 240:25 mismatched input ')' expecting {'(', '{'}
line 240:56 mismatched input ')' expecting {'(', '{'}
line 245:14 mismatched input '\ifExintVar' expecting {MODALITY, FORALL, EXISTS, '\if', '\ifEx', 'true', 'false', '(', '{', '@', NOT, SEQARROW, '-', STRING_LITERAL, CHAR_LITERAL, BIN_LITERAL, HEX_LITERAL, IDENT, INT_LITERAL, FLOAT_LITERAL, DOUBLE_LITERAL, REAL_LITERAL}
line 245:27 extraneous input '(' expecting {'\lemma', '}', IDENT, '/*!'}
line 245:31 mismatched input ')' expecting {'(', '{'}
line 248:45 mismatched input '}' expecting {'(', '{'}
line 249:8 extraneous input '\replacewith' expecting {'\lemma', '}', IDENT, '/*!'}
line 249:38 mismatched input ')' expecting {'(', '{'}
line 250:42 mismatched input '}' expecting {'(', '{'}
line 251:28 extraneous input '(' expecting {'\lemma', '}', IDENT, '/*!'}
line 251:33 mismatched input '->' expecting {'(', '{'}
line 255:14 mismatched input '\ifExintVar' expecting {MODALITY, FORALL, EXISTS, '\if', '\ifEx', 'true', 'false', '(', '{', '@', NOT, SEQARROW, '-', STRING_LITERAL, CHAR_LITERAL, BIN_LITERAL, HEX_LITERAL, IDENT, INT_LITERAL, FLOAT_LITERAL, DOUBLE_LITERAL, REAL_LITERAL}
line 255:27 extraneous input '(' expecting {'\lemma', '}', IDENT, '/*!'}
line 255:31 mismatched input ')' expecting {'(', '{'}
line 258:52 extraneous input '0' expecting {'\lemma', '}', IDENT, '/*!'}
line 258:54 mismatched input 'then' expecting {<EOF>, '\problem', '\chooseContract', '\proofObligation', '\proof'}

	at de.uka.ilkd.key.util.parsing.SyntaxErrorReporter.throwException(SyntaxErrorReporter.java:89)

302261     WARN  Test worker     d.u.i.k.n.KeYParser       [syntax-error] file:/home/runner/work/key/key/key.core/build/resources/main/de/uka/ilkd/key/proof/rules/ifThenElseRules.key:135:14: mismatched input '\ifExintVar' expecting {MODALITY, FORALL, EXISTS, '\if', '\ifEx', 'true', 'false', '(', '{', '@', NOT, SEQARROW, '-', STRING_LITERAL, CHAR_LITERAL, BIN_LITERAL, HEX_LITERAL, IDENT, INT_LITERAL, FLOAT_LITERAL, DOUBLE_LITERAL, REAL_LITERAL} [@745,3563:3573='\ifExintVar',<188>,135:14] (termorseq, taclet, rulesOrAxioms, decls, file) 
302270     WARN  Test worker     d.u.i.k.n.KeYParser       [syntax-error] file:/home/runner/work/key/key/key.core/build/resources/main/de/uka/ilkd/key/proof/rules/ifThenElseRules.key:135:27: extraneous input '(' expecting {'\lemma', '}', IDENT, '/*!'} [@748,3576:3576='(',<146>,135:27] (rulesOrAxioms, decls, file) 
302271     WARN  Test worker     d.u.i.k.n.KeYParser       [syntax-error] file:/home/runner/work/key/key/key.core/build/resources/main/de/uka/ilkd/key/proof/rules/ifThenElseRules.key:135:44: mismatched input ')' expecting {'(', '{'} [@754,3593:3593=')',<147>,135:44] (taclet, rulesOrAxioms, decls, file) 
302271     WARN  Test worker     d.u.i.k.n.KeYParser       [syntax-error] file:/home/runner/work/key/key/key.core/build/resources/main/de/uka/ilkd/key/proof/rules/ifThenElseRules.key:141:14: mismatched input '\ifExintVar' expecting {MODALITY, FORALL, EXISTS, '\if', '\ifEx', 'true', 'false', '(', '{', '@', NOT, SEQARROW, '-', STRING_LITERAL, CHAR_LITERAL, BIN_LITERAL, HEX_LITERAL, IDENT, INT_LITERAL, FLOAT_LITERAL, DOUBLE_LITERAL, REAL_LITERAL} [@780,3716:3726='\ifExintVar',<188>,141:14] (termorseq, taclet, rulesOrAxioms, decls, file) 
302271     WARN  Test worker     d.u.i.k.n.KeYParser       [syntax-error] file:/home/runner/work/key/key/key.core/build/resources/main/de/uka/ilkd/key/proof/rules/ifThenElseRules.key:141:27: extraneous input '(' expecting {'\lemma', '}', IDENT, '/*!'} [@783,3729:3729='(',<146>,141:27] (rulesOrAxioms, decls, file) 
302271     WARN  Test worker     d.u.i.k.n.KeYParser       [syntax-error] file:/home/runner/work/key/key/key.core/build/resources/main/de/uka/ilkd/key/proof/rules/ifThenElseRules.key:141:41: mismatched input ')' expecting {'(', '{'} [@789,3743:3743=')',<147>,141:41] (taclet, rulesOrAxioms, decls, file) 
302271     WARN  Test worker     d.u.i.k.n.KeYParser       [syntax-error] file:/home/runner/work/key/key/key.core/build/resources/main/de/uka/ilkd/key/proof/rules/ifThenElseRules.key:148:14: mismatched input '\ifExintVar' expecting {MODALITY, FORALL, EXISTS, '\if', '\ifEx', 'true', 'false', '(', '{', '@', NOT, SEQARROW, '-', STRING_LITERAL, CHAR_LITERAL, BIN_LITERAL, HEX_LITERAL, IDENT, INT_LITERAL, FLOAT_LITERAL, DOUBLE_LITERAL, REAL_LITERAL} [@819,3896:3906='\ifExintVar',<188>,148:14] (termorseq, taclet, rulesOrAxioms, decls, file) 
302271     WARN  Test worker     d.u.i.k.n.KeYParser       [syntax-error] file:/home/runner/work/key/key/key.core/build/resources/main/de/uka/ilkd/key/proof/rules/ifThenElseRules.key:148:27: extraneous input '(' expecting {'\lemma', '}', IDENT, '/*!'} [@822,3909:3909='(',<146>,148:27] (rulesOrAxioms, decls, file) 
302272     WARN  Test worker     d.u.i.k.n.KeYParser       [syntax-error] file:/home/runner/work/key/key/key.core/build/resources/main/de/uka/ilkd/key/proof/rules/ifThenElseRules.key:148:35: mismatched input '=' expecting {'(', '{'} [@825,3917:3917='=',<159>,148:35] (taclet, rulesOrAxioms, decls, file) 
302272     WARN  Test worker     d.u.i.k.n.KeYParser       [syntax-error] file:/home/runner/work/key/key/key.core/build/resources/main/de/uka/ilkd/key/proof/rules/ifThenElseRules.key:150:38: mismatched input '}' expecting {'(', '{'} [@859,4023:4023='}',<149>,150:38] (taclet, rulesOrAxioms, decls, file) 
302272     WARN  Test worker     d.u.i.k.n.KeYParser       [syntax-error] file:/home/runner/work/key/key/key.core/build/resources/main/de/uka/ilkd/key/proof/rules/ifThenElseRules.key:155:14: mismatched input '\ifExintVar' expecting {MODALITY, FORALL, EXISTS, '\if', '\ifEx', 'true', 'false', '(', '{', '@', NOT, SEQARROW, '-', STRING_LITERAL, CHAR_LITERAL, BIN_LITERAL, HEX_LITERAL, IDENT, INT_LITERAL, FLOAT_LITERAL, DOUBLE_LITERAL, REAL_LITERAL} [@877,4109:4119='\ifExintVar',<188>,155:14] (termorseq, taclet, rulesOrAxioms, decls, file) 
302272     WARN  Test worker     d.u.i.k.n.KeYParser       [syntax-error] file:/home/runner/work/key/key/key.core/build/resources/main/de/uka/ilkd/key/proof/rules/ifThenElseRules.key:155:27: extraneous input '(' expecting {'\lemma', '}', IDENT, '/*!'} [@880,4122:4122='(',<146>,155:27] (rulesOrAxioms, decls, file) 
302272     WARN  Test worker     d.u.i.k.n.KeYParser       [syntax-error] file:/home/runner/work/key/key/key.core/build/resources/main/de/uka/ilkd/key/proof/rules/ifThenElseRules.key:155:35: mismatched input '=' expecting {'(', '{'} [@883,4130:4130='=',<159>,155:35] (taclet, rulesOrAxioms, decls, file) 
302272     WARN  Test worker     d.u.i.k.n.KeYParser       [syntax-error] file:/home/runner/work/key/key/key.core/build/resources/main/de/uka/ilkd/key/proof/rules/ifThenElseRules.key:157:38: mismatched input '}' expecting {'(', '{'} [@917,4230:4230='}',<149>,157:38] (taclet, rulesOrAxioms, decls, file) 
302272     WARN  Test worker     d.u.i.k.n.KeYParser       [syntax-error] file:/home/runner/work/key/key/key.core/build/resources/main/de/uka/ilkd/key/proof/rules/ifThenElseRules.key:163:14: mismatched input '\ifExintVar' expecting {MODALITY, FORALL, EXISTS, '\if', '\ifEx', 'true', 'false', '(', '{', '@', NOT, SEQARROW, '-', STRING_LITERAL, CHAR_LITERAL, BIN_LITERAL, HEX_LITERAL, IDENT, INT_LITERAL, FLOAT_LITERAL, DOUBLE_LITERAL, REAL_LITERAL} [@939,4350:4360='\ifExintVar',<188>,163:14] (termorseq, taclet, rulesOrAxioms, decls, file) 
302272     WARN  Test worker     d.u.i.k.n.KeYParser       [syntax-error] file:/home/runner/work/key/key/key.core/build/resources/main/de/uka/ilkd/key/proof/rules/ifThenElseRules.key:163:27: extraneous input '(' expecting {'\lemma', '}', IDENT, '/*!'} [@942,4363:4363='(',<146>,163:27] (rulesOrAxioms, decls, file) 
302273     WARN  Test worker     d.u.i.k.n.KeYParser       [syntax-error] file:/home/runner/work/key/key/key.core/build/resources/main/de/uka/ilkd/key/proof/rules/ifThenElseRules.key:163:30: mismatched input '=' expecting {'(', '{'} [@945,4366:4366='=',<159>,163:30] (taclet, rulesOrAxioms, decls, file) 
302273     WARN  Test worker     d.u.i.k.n.KeYParser       [syntax-error] file:/home/runner/work/key/key/key.core/build/resources/main/de/uka/ilkd/key/proof/rules/ifThenElseRules.key:165:38: mismatched input '}' expecting {'(', '{'} [@979,4477:4477='}',<149>,165:38] (taclet, rulesOrAxioms, decls, file) 
302273     WARN  Test worker     d.u.i.k.n.KeYParser       [syntax-error] file:/home/runner/work/key/key/key.core/build/resources/main/de/uka/ilkd/key/proof/rules/ifThenElseRules.key:171:14: mismatched input '\ifExintVar' expecting {MODALITY, FORALL, EXISTS, '\if', '\ifEx', 'true', 'false', '(', '{', '@', NOT, SEQARROW, '-', STRING_LITERAL, CHAR_LITERAL, BIN_LITERAL, HEX_LITERAL, IDENT, INT_LITERAL, FLOAT_LITERAL, DOUBLE_LITERAL, REAL_LITERAL} [@1001,4604:4614='\ifExintVar',<188>,171:14] (termorseq, taclet, rulesOrAxioms, decls, file) 
302273     WARN  Test worker     d.u.i.k.n.KeYParser       [syntax-error] file:/home/runner/work/key/key/key.core/build/resources/main/de/uka/ilkd/key/proof/rules/ifThenElseRules.key:171:27: extraneous input '(' expecting {'\lemma', '}', IDENT, '/*!'} [@1004,4617:4617='(',<146>,171:27] (rulesOrAxioms, decls, file) 
302273     WARN  Test worker     d.u.i.k.n.KeYParser       [syntax-error] file:/home/runner/work/key/key/key.core/build/resources/main/de/uka/ilkd/key/proof/rules/ifThenElseRules.key:171:30: mismatched input '=' expecting {'(', '{'} [@1007,4620:4620='=',<159>,171:30] (taclet, rulesOrAxioms, decls, file) 
302273     WARN  Test worker     d.u.i.k.n.KeYParser       [syntax-error] file:/home/runner/work/key/key/key.core/build/resources/main/de/uka/ilkd/key/proof/rules/ifThenElseRules.key:173:38: mismatched input '}' expecting {'(', '{'} [@1041,4725:4725='}',<149>,173:38] (taclet, rulesOrAxioms, decls, file) 
302273     WARN  Test worker     d.u.i.k.n.KeYParser       [syntax-error] file:/home/runner/work/key/key/key.core/build/resources/main/de/uka/ilkd/key/proof/rules/ifThenElseRules.key:179:14: mismatched input '\ifExintVar' expecting {MODALITY, FORALL, EXISTS, '\if', '\ifEx', 'true', 'false', '(', '{', '@', NOT, SEQARROW, '-', STRING_LITERAL, CHAR_LITERAL, BIN_LITERAL, HEX_LITERAL, IDENT, INT_LITERAL, FLOAT_LITERAL, DOUBLE_LITERAL, REAL_LITERAL} [@1063,4848:4858='\ifExintVar',<188>,179:14] (termorseq, taclet, rulesOrAxioms, decls, file) 
302273     WARN  Test worker     d.u.i.k.n.KeYParser       [syntax-error] file:/home/runner/work/key/key/key.core/build/resources/main/de/uka/ilkd/key/proof/rules/ifThenElseRules.key:179:27: extraneous input '(' expecting {'\lemma', '}', IDENT, '/*!'} [@1066,4861:4861='(',<146>,179:27] (rulesOrAxioms, decls, file) 
302274     WARN  Test worker     d.u.i.k.n.KeYParser       [syntax-error] file:/home/runner/work/key/key/key.core/build/resources/main/de/uka/ilkd/key/proof/rules/ifThenElseRules.key:179:32: mismatched input '&' expecting {'(', '{'} [@1069,4866:4866='&',<156>,179:32] (taclet, rulesOrAxioms, decls, file) 
302274     WARN  Test worker     d.u.i.k.n.KeYParser       [syntax-error] file:/home/runner/work/key/key/key.core/build/resources/main/de/uka/ilkd/key/proof/rules/ifThenElseRules.key:181:42: mismatched input '}' expecting {'(', '{'} [@1109,4985:4985='}',<149>,181:42] (taclet, rulesOrAxioms, decls, file) 
302274     WARN  Test worker     d.u.i.k.n.KeYParser       [syntax-error] file:/home/runner/work/key/key/key.core/build/resources/main/de/uka/ilkd/key/proof/rules/ifThenElseRules.key:182:39: mismatched input '}' expecting {'(', '{'} [@1122,5030:5030='}',<149>,182:39] (taclet, rulesOrAxioms, decls, file) 
302274     WARN  Test worker     d.u.i.k.n.KeYParser       [syntax-error] file:/home/runner/work/key/key/key.core/build/resources/main/de/uka/ilkd/key/proof/rules/ifThenElseRules.key:188:14: mismatched input '\ifExintVar' expecting {MODALITY, FORALL, EXISTS, '\if', '\ifEx', 'true', 'false', '(', '{', '@', NOT, SEQARROW, '-', STRING_LITERAL, CHAR_LITERAL, BIN_LITERAL, HEX_LITERAL, IDENT, INT_LITERAL, FLOAT_LITERAL, DOUBLE_LITERAL, REAL_LITERAL} [@1146,5149:5159='\ifExintVar',<188>,188:14] (termorseq, taclet, rulesOrAxioms, decls, file) 
302274     WARN  Test worker     d.u.i.k.n.KeYParser       [syntax-error] file:/home/runner/work/key/key/key.core/build/resources/main/de/uka/ilkd/key/proof/rules/ifThenElseRules.key:188:27: extraneous input '(' expecting {'\lemma', '}', IDENT, '/*!'} [@1149,5162:5162='(',<146>,188:27] (rulesOrAxioms, decls, file) 
302274     WARN  Test worker     d.u.i.k.n.KeYParser       [syntax-error] file:/home/runner/work/key/key/key.core/build/resources/main/de/uka/ilkd/key/proof/rules/ifThenElseRules.key:188:32: mismatched input '&' expecting {'(', '{'} [@1152,5167:5167='&',<156>,188:32] (taclet, rulesOrAxioms, decls, file) 
302274     WARN  Test worker     d.u.i.k.n.KeYParser       [syntax-error] file:/home/runner/work/key/key/key.core/build/resources/main/de/uka/ilkd/key/proof/rules/ifThenElseRules.key:190:42: mismatched input '}' expecting {'(', '{'} [@1192,5280:5280='}',<149>,190:42] (taclet, rulesOrAxioms, decls, file) 
302274     WARN  Test worker     d.u.i.k.n.KeYParser       [syntax-error] file:/home/runner/work/key/key/key.core/build/resources/main/de/uka/ilkd/key/proof/rules/ifThenElseRules.key:191:39: mismatched input '}' expecting {'(', '{'} [@1205,5325:5325='}',<149>,191:39] (taclet, rulesOrAxioms, decls, file) 
302274     WARN  Test worker     d.u.i.k.n.KeYParser       [syntax-error] file:/home/runner/work/key/key/key.core/build/resources/main/de/uka/ilkd/key/proof/rules/ifThenElseRules.key:198:14: mismatched input '\ifExintVar' expecting {MODALITY, FORALL, EXISTS, '\if', '\ifEx', 'true', 'false', '(', '{', '@', NOT, SEQARROW, '-', STRING_LITERAL, CHAR_LITERAL, BIN_LITERAL, HEX_LITERAL, IDENT, INT_LITERAL, FLOAT_LITERAL, DOUBLE_LITERAL, REAL_LITERAL} [@1233,5475:5485='\ifExintVar',<188>,198:14] (termorseq, taclet, rulesOrAxioms, decls, file) 
302275     WARN  Test worker     d.u.i.k.n.KeYParser       [syntax-error] file:/home/runner/work/key/key/key.core/build/resources/main/de/uka/ilkd/key/proof/rules/ifThenElseRules.key:198:27: extraneous input '(' expecting {'\lemma', '}', IDENT, '/*!'} [@1236,5488:5488='(',<146>,198:27] (rulesOrAxioms, decls, file) 
302275     WARN  Test worker     d.u.i.k.n.KeYParser       [syntax-error] file:/home/runner/work/key/key/key.core/build/resources/main/de/uka/ilkd/key/proof/rules/ifThenElseRules.key:198:32: mismatched input '&' expecting {'(', '{'} [@1239,5493:5493='&',<156>,198:32] (taclet, rulesOrAxioms, decls, file) 
302275     WARN  Test worker     d.u.i.k.n.KeYParser       [syntax-error] file:/home/runner/work/key/key/key.core/build/resources/main/de/uka/ilkd/key/proof/rules/ifThenElseRules.key:200:42: mismatched input '}' expecting {'(', '{'} [@1279,5612:5612='}',<149>,200:42] (taclet, rulesOrAxioms, decls, file) 
302275     WARN  Test worker     d.u.i.k.n.KeYParser       [syntax-error] file:/home/runner/work/key/key/key.core/build/resources/main/de/uka/ilkd/key/proof/rules/ifThenElseRules.key:201:39: mismatched input '}' expecting {'(', '{'} [@1292,5657:5657='}',<149>,201:39] (taclet, rulesOrAxioms, decls, file) 
302275     WARN  Test worker     d.u.i.k.n.KeYParser       [syntax-error] file:/home/runner/work/key/key/key.core/build/resources/main/de/uka/ilkd/key/proof/rules/ifThenElseRules.key:208:14: mismatched input '\ifExintVar' expecting {MODALITY, FORALL, EXISTS, '\if', '\ifEx', 'true', 'false', '(', '{', '@', NOT, SEQARROW, '-', STRING_LITERAL, CHAR_LITERAL, BIN_LITERAL, HEX_LITERAL, IDENT, INT_LITERAL, FLOAT_LITERAL, DOUBLE_LITERAL, REAL_LITERAL} [@1320,5817:5827='\ifExintVar',<188>,208:14] (termorseq, taclet, rulesOrAxioms, decls, file) 
302275     WARN  Test worker     d.u.i.k.n.KeYParser       [syntax-error] file:/home/runner/work/key/key/key.core/build/resources/main/de/uka/ilkd/key/proof/rules/ifThenElseRules.key:208:27: extraneous input '(' expecting {'\lemma', '}', IDENT, '/*!'} [@1323,5830:5830='(',<146>,208:27] (rulesOrAxioms, decls, file) 
302275     WARN  Test worker     d.u.i.k.n.KeYParser       [syntax-error] file:/home/runner/work/key/key/key.core/build/resources/main/de/uka/ilkd/key/proof/rules/ifThenElseRules.key:208:32: mismatched input '&' expecting {'(', '{'} [@1326,5835:5835='&',<156>,208:32] (taclet, rulesOrAxioms, decls, file) 
302275     WARN  Test worker     d.u.i.k.n.KeYParser       [syntax-error] file:/home/runner/work/key/key/key.core/build/resources/main/de/uka/ilkd/key/proof/rules/ifThenElseRules.key:210:42: mismatched input '}' expecting {'(', '{'} [@1366,5948:5948='}',<149>,210:42] (taclet, rulesOrAxioms, decls, file) 
302275     WARN  Test worker     d.u.i.k.n.KeYParser       [syntax-error] file:/home/runner/work/key/key/key.core/build/resources/main/de/uka/ilkd/key/proof/rules/ifThenElseRules.key:211:39: mismatched input '}' expecting {'(', '{'} [@1379,5993:5993='}',<149>,211:39] (taclet, rulesOrAxioms, decls, file) 
302276     WARN  Test worker     d.u.i.k.n.KeYParser       [syntax-error] file:/home/runner/work/key/key/key.core/build/resources/main/de/uka/ilkd/key/proof/rules/ifThenElseRules.key:218:14: mismatched input '\ifExintVar' expecting {MODALITY, FORALL, EXISTS, '\if', '\ifEx', 'true', 'false', '(', '{', '@', NOT, SEQARROW, '-', STRING_LITERAL, CHAR_LITERAL, BIN_LITERAL, HEX_LITERAL, IDENT, INT_LITERAL, FLOAT_LITERAL, DOUBLE_LITERAL, REAL_LITERAL} [@1407,6146:6156='\ifExintVar',<188>,218:14] (termorseq, taclet, rulesOrAxioms, decls, file) 
302276     WARN  Test worker     d.u.i.k.n.KeYParser       [syntax-error] file:/home/runner/work/key/key/key.core/build/resources/main/de/uka/ilkd/key/proof/rules/ifThenElseRules.key:218:27: extraneous input '(' expecting {'\lemma', '}', IDENT, '/*!'} [@1410,6159:6159='(',<146>,218:27] (rulesOrAxioms, decls, file) 
302276     WARN  Test worker     d.u.i.k.n.KeYParser       [syntax-error] file:/home/runner/work/key/key/key.core/build/resources/main/de/uka/ilkd/key/proof/rules/ifThenElseRules.key:218:31: mismatched input ')' expecting {'(', '{'} [@1412,6163:6163=')',<147>,218:31] (taclet, rulesOrAxioms, decls, file) 
302276     WARN  Test worker     d.u.i.k.n.KeYParser       [syntax-error] file:/home/runner/work/key/key/key.core/build/resources/main/de/uka/ilkd/key/proof/rules/ifThenElseRules.key:220:44: mismatched input ')' expecting {'(', '{'} [@1444,6275:6275=')',<147>,220:44] (taclet, rulesOrAxioms, decls, file) 
302276     WARN  Test worker     d.u.i.k.n.KeYParser       [syntax-error] file:/home/runner/work/key/key/key.core/build/resources/main/de/uka/ilkd/key/proof/rules/ifThenElseRules.key:225:14: mismatched input '\ifExintVar' expecting {MODALITY, FORALL, EXISTS, '\if', '\ifEx', 'true', 'false', '(', '{', '@', NOT, SEQARROW, '-', STRING_LITERAL, CHAR_LITERAL, BIN_LITERAL, HEX_LITERAL, IDENT, INT_LITERAL, FLOAT_LITERAL, DOUBLE_LITERAL, REAL_LITERAL} [@1471,6389:6399='\ifExintVar',<188>,225:14] (termorseq, taclet, rulesOrAxioms, decls, file) 
302276     WARN  Test worker     d.u.i.k.n.KeYParser       [syntax-error] file:/home/runner/work/key/key/key.core/build/resources/main/de/uka/ilkd/key/proof/rules/ifThenElseRules.key:225:27: extraneous input '(' expecting {'\lemma', '}', IDENT, '/*!'} [@1474,6402:6402='(',<146>,225:27] (rulesOrAxioms, decls, file) 
302276     WARN  Test worker     d.u.i.k.n.KeYParser       [syntax-error] file:/home/runner/work/key/key/key.core/build/resources/main/de/uka/ilkd/key/proof/rules/ifThenElseRules.key:225:31: mismatched input ')' expecting {'(', '{'} [@1476,6406:6406=')',<147>,225:31] (taclet, rulesOrAxioms, decls, file) 
302276     WARN  Test worker     d.u.i.k.n.KeYParser       [syntax-error] file:/home/runner/work/key/key/key.core/build/resources/main/de/uka/ilkd/key/proof/rules/ifThenElseRules.key:227:44: mismatched input ')' expecting {'(', '{'} [@1508,6509:6509=')',<147>,227:44] (taclet, rulesOrAxioms, decls, file) 
302276     WARN  Test worker     d.u.i.k.n.KeYParser       [syntax-error] file:/home/runner/work/key/key/key.core/build/resources/main/de/uka/ilkd/key/proof/rules/ifThenElseRules.key:233:14: mismatched input '\ifExintVar' expecting {MODALITY, FORALL, EXISTS, '\if', '\ifEx', 'true', 'false', '(', '{', '@', NOT, SEQARROW, '-', STRING_LITERAL, CHAR_LITERAL, BIN_LITERAL, HEX_LITERAL, IDENT, INT_LITERAL, FLOAT_LITERAL, DOUBLE_LITERAL, REAL_LITERAL} [@1539,6656:6666='\ifExintVar',<188>,233:14] (termorseq, taclet, rulesOrAxioms, decls, file) 
302277     WARN  Test worker     d.u.i.k.n.KeYParser       [syntax-error] file:/home/runner/work/key/key/key.core/build/resources/main/de/uka/ilkd/key/proof/rules/ifThenElseRules.key:233:27: extraneous input '(' expecting {'\lemma', '}', IDENT, '/*!'} [@1542,6669:6669='(',<146>,233:27] (rulesOrAxioms, decls, file) 
302277     WARN  Test worker     d.u.i.k.n.KeYParser       [syntax-error] file:/home/runner/work/key/key/key.core/build/resources/main/de/uka/ilkd/key/proof/rules/ifThenElseRules.key:233:31: mismatched input ')' expecting {'(', '{'} [@1544,6673:6673=')',<147>,233:31] (taclet, rulesOrAxioms, decls, file) 
302277     WARN  Test worker     d.u.i.k.n.KeYParser       [syntax-error] file:/home/runner/work/key/key/key.core/build/resources/main/de/uka/ilkd/key/proof/rules/ifThenElseRules.key:237:42: mismatched input '}' expecting {'(', '{'} [@1586,6850:6850='}',<149>,237:42] (taclet, rulesOrAxioms, decls, file) 
302277     WARN  Test worker     d.u.i.k.n.KeYParser       [syntax-error] file:/home/runner/work/key/key/key.core/build/resources/main/de/uka/ilkd/key/proof/rules/ifThenElseRules.key:238:34: mismatched input '}' expecting {'(', '{'} [@1599,6891:6891='}',<149>,238:34] (taclet, rulesOrAxioms, decls, file) 
302286     WARN  Test worker     d.u.i.k.n.KeYParser       [syntax-error] file:/home/runner/work/key/key/key.core/build/resources/main/de/uka/ilkd/key/proof/rules/ifThenElseRules.key:239:28: extraneous input '(' expecting {'\lemma', '}', IDENT, '/*!'} [@1608,6925:6925='(',<146>,239:28] (rulesOrAxioms, decls, file) 
302287     WARN  Test worker     d.u.i.k.n.KeYParser       [syntax-error] file:/home/runner/work/key/key/key.core/build/resources/main/de/uka/ilkd/key/proof/rules/ifThenElseRules.key:239:33: mismatched input '->' expecting {'(', '{'} [@1611,6930:6931='->',<158>,239:33] (taclet, rulesOrAxioms, decls, file) 
302287     WARN  Test worker     d.u.i.k.n.KeYParser       [syntax-error] file:/home/runner/work/key/key/key.core/build/resources/main/de/uka/ilkd/key/proof/rules/ifThenElseRules.key:240:8: extraneous input '\replacewith' expecting {'\lemma', '}', IDENT, '/*!'} [@1626,6979:6990='\replacewith',<105>,240:8] (rulesOrAxioms, decls, file) 
302287     WARN  Test worker     d.u.i.k.n.KeYParser       [syntax-error] file:/home/runner/work/key/key/key.core/build/resources/main/de/uka/ilkd/key/proof/rules/ifThenElseRules.key:240:25: mismatched input ')' expecting {'(', '{'} [@1629,6996:6996=')',<147>,240:25] (taclet, rulesOrAxioms, decls, file) 
302287     WARN  Test worker     d.u.i.k.n.KeYParser       [syntax-error] file:/home/runner/work/key/key/key.core/build/resources/main/de/uka/ilkd/key/proof/rules/ifThenElseRules.key:240:56: mismatched input ')' expecting {'(', '{'} [@1642,7027:7027=')',<147>,240:56] (taclet, rulesOrAxioms, decls, file) 
302287     WARN  Test worker     d.u.i.k.n.KeYParser       [syntax-error] file:/home/runner/work/key/key/key.core/build/resources/main/de/uka/ilkd/key/proof/rules/ifThenElseRules.key:245:14: mismatched input '\ifExintVar' expecting {MODALITY, FORALL, EXISTS, '\if', '\ifEx', 'true', 'false', '(', '{', '@', NOT, SEQARROW, '-', STRING_LITERAL, CHAR_LITERAL, BIN_LITERAL, HEX_LITERAL, IDENT, INT_LITERAL, FLOAT_LITERAL, DOUBLE_LITERAL, REAL_LITERAL} [@1658,7109:7119='\ifExintVar',<188>,245:14] (termorseq, taclet, rulesOrAxioms, decls, file) 
302287     WARN  Test worker     d.u.i.k.n.KeYParser       [syntax-error] file:/home/runner/work/key/key/key.core/build/resources/main/de/uka/ilkd/key/proof/rules/ifThenElseRules.key:245:27: extraneous input '(' expecting {'\lemma', '}', IDENT, '/*!'} [@1661,7122:7122='(',<146>,245:27] (rulesOrAxioms, decls, file) 
302287     WARN  Test worker     d.u.i.k.n.KeYParser       [syntax-error] file:/home/runner/work/key/key/key.core/build/resources/main/de/uka/ilkd/key/proof/rules/ifThenElseRules.key:245:31: mismatched input ')' expecting {'(', '{'} [@1663,7126:7126=')',<147>,245:31] (taclet, rulesOrAxioms, decls, file) 
302287     WARN  Test worker     d.u.i.k.n.KeYParser       [syntax-error] file:/home/runner/work/key/key/key.core/build/resources/main/de/uka/ilkd/key/proof/rules/ifThenElseRules.key:248:45: mismatched input '}' expecting {'(', '{'} [@1696,7268:7268='}',<149>,248:45] (taclet, rulesOrAxioms, decls, file) 
302287     WARN  Test worker     d.u.i.k.n.KeYParser       [syntax-error] file:/home/runner/work/key/key/key.core/build/resources/main/de/uka/ilkd/key/proof/rules/ifThenElseRules.key:249:8: extraneous input '\replacewith' expecting {'\lemma', '}', IDENT, '/*!'} [@1701,7284:7295='\replacewith',<105>,249:8] (rulesOrAxioms, decls, file) 
302288     WARN  Test worker     d.u.i.k.n.KeYParser       [syntax-error] file:/home/runner/work/key/key/key.core/build/resources/main/de/uka/ilkd/key/proof/rules/ifThenElseRules.key:249:38: mismatched input ')' expecting {'(', '{'} [@1708,7314:7314=')',<147>,249:38] (taclet, rulesOrAxioms, decls, file) 
302288     WARN  Test worker     d.u.i.k.n.KeYParser       [syntax-error] file:/home/runner/work/key/key/key.core/build/resources/main/de/uka/ilkd/key/proof/rules/ifThenElseRules.key:250:42: mismatched input '}' expecting {'(', '{'} [@1731,7381:7381='}',<149>,250:42] (taclet, rulesOrAxioms, decls, file) 
302288     WARN  Test worker     d.u.i.k.n.KeYParser       [syntax-error] file:/home/runner/work/key/key/key.core/build/resources/main/de/uka/ilkd/key/proof/rules/ifThenElseRules.key:251:28: extraneous input '(' expecting {'\lemma', '}', IDENT, '/*!'} [@1741,7416:7416='(',<146>,251:28] (rulesOrAxioms, decls, file) 
302288     WARN  Test worker     d.u.i.k.n.KeYParser       [syntax-error] file:/home/runner/work/key/key/key.core/build/resources/main/de/uka/ilkd/key/proof/rules/ifThenElseRules.key:251:33: mismatched input '->' expecting {'(', '{'} [@1744,7421:7422='->',<158>,251:33] (taclet, rulesOrAxioms, decls, file) 
302288     WARN  Test worker     d.u.i.k.n.KeYParser       [syntax-error] file:/home/runner/work/key/key/key.core/build/resources/main/de/uka/ilkd/key/proof/rules/ifThenElseRules.key:255:14: mismatched input '\ifExintVar' expecting {MODALITY, FORALL, EXISTS, '\if', '\ifEx', 'true', 'false', '(', '{', '@', NOT, SEQARROW, '-', STRING_LITERAL, CHAR_LITERAL, BIN_LITERAL, HEX_LITERAL, IDENT, INT_LITERAL, FLOAT_LITERAL, DOUBLE_LITERAL, REAL_LITERAL} [@1765,7506:7516='\ifExintVar',<188>,255:14] (termorseq, taclet, rulesOrAxioms, decls, file) 
302288     WARN  Test worker     d.u.i.k.n.KeYParser       [syntax-error] file:/home/runner/work/key/key/key.core/build/resources/main/de/uka/ilkd/key/proof/rules/ifThenElseRules.key:255:27: extraneous input '(' expecting {'\lemma', '}', IDENT, '/*!'} [@1768,7519:7519='(',<146>,255:27] (rulesOrAxioms, decls, file) 
302288     WARN  Test worker     d.u.i.k.n.KeYParser       [syntax-error] file:/home/runner/work/key/key/key.core/build/resources/main/de/uka/ilkd/key/proof/rules/ifThenElseRules.key:255:31: mismatched input ')' expecting {'(', '{'} [@1770,7523:7523=')',<147>,255:31] (taclet, rulesOrAxioms, decls, file) 
302288     WARN  Test worker     d.u.i.k.n.KeYParser       [syntax-error] file:/home/runner/work/key/key/key.core/build/resources/main/de/uka/ilkd/key/proof/rules/ifThenElseRules.key:258:52: extraneous input '0' expecting {'\lemma', '}', IDENT, '/*!'} [@1809,7667:7667='0',<184>,258:52] (rulesOrAxioms, decls, file) 
302288     WARN  Test worker     d.u.i.k.n.KeYParser       [syntax-error] file:/home/runner/work/key/key/key.core/build/resources/main/de/uka/ilkd/key/proof/rules/ifThenElseRules.key:258:54: mismatched input 'then' expecting {<EOF>, '\problem', '\chooseContract', '\proofObligation', '\proof'} [@1811,7669:7672='then',<183>,258:54] (file) 
302289     ERROR Test worker     d.u.i.k.s.n.MasterHandlerTest Error reading /home/runner/work/key/key/key.core/build/resources/test/de/uka/ilkd/key/smt/newsmt2/cases/float.eq.props de.uka.ilkd.key.proof.io.ProblemLoaderException: line 135:14 mismatched input '\ifExintVar' expecting {MODALITY, FORALL, EXISTS, '\if', '\ifEx', 'true', 'false', '(', '{', '@', NOT, SEQARROW, '-', STRING_LITERAL, CHAR_LITERAL, BIN_LITERAL, HEX_LITERAL, IDENT, INT_LITERAL, FLOAT_LITERAL, DOUBLE_LITERAL, REAL_LITERAL}
line 135:27 extraneous input '(' expecting {'\lemma', '}', IDENT, '/*!'}
line 135:44 mismatched input ')' expecting {'(', '{'}
line 141:14 mismatched input '\ifExintVar' expecting {MODALITY, FORALL, EXISTS, '\if', '\ifEx', 'true', 'false', '(', '{', '@', NOT, SEQARROW, '-', STRING_LITERAL, CHAR_LITERAL, BIN_LITERAL, HEX_LITERAL, IDENT, INT_LITERAL, FLOAT_LITERAL, DOUBLE_LITERAL, REAL_LITERAL}
line 141:27 extraneous input '(' expecting {'\lemma', '}', IDENT, '/*!'}
line 141:41 mismatched input ')' expecting {'(', '{'}
line 148:14 mismatched input '\ifExintVar' expecting {MODALITY, FORALL, EXISTS, '\if', '\ifEx', 'true', 'false', '(', '{', '@', NOT, SEQARROW, '-', STRING_LITERAL, CHAR_LITERAL, BIN_LITERAL, HEX_LITERAL, IDENT, INT_LITERAL, FLOAT_LITERAL, DOUBLE_LITERAL, REAL_LITERAL}
line 148:27 extraneous input '(' expecting {'\lemma', '}', IDENT, '/*!'}
line 148:35 mismatched input '=' expecting {'(', '{'}
line 150:38 mismatched input '}' expecting {'(', '{'}
line 155:14 mismatched input '\ifExintVar' expecting {MODALITY, FORALL, EXISTS, '\if', '\ifEx', 'true', 'false', '(', '{', '@', NOT, SEQARROW, '-', STRING_LITERAL, CHAR_LITERAL, BIN_LITERAL, HEX_LITERAL, IDENT, INT_LITERAL, FLOAT_LITERAL, DOUBLE_LITERAL, REAL_LITERAL}
line 155:27 extraneous input '(' expecting {'\lemma', '}', IDENT, '/*!'}
line 155:35 mismatched input '=' expecting {'(', '{'}
line 157:38 mismatched input '}' expecting {'(', '{'}
line 163:14 mismatched input '\ifExintVar' expecting {MODALITY, FORALL, EXISTS, '\if', '\ifEx', 'true', 'false', '(', '{', '@', NOT, SEQARROW, '-', STRING_LITERAL, CHAR_LITERAL, BIN_LITERAL, HEX_LITERAL, IDENT, INT_LITERAL, FLOAT_LITERAL, DOUBLE_LITERAL, REAL_LITERAL}
line 163:27 extraneous input '(' expecting {'\lemma', '}', IDENT, '/*!'}
line 163:30 mismatched input '=' expecting {'(', '{'}
line 165:38 mismatched input '}' expecting {'(', '{'}
line 171:14 mismatched input '\ifExintVar' expecting {MODALITY, FORALL, EXISTS, '\if', '\ifEx', 'true', 'false', '(', '{', '@', NOT, SEQARROW, '-', STRING_LITERAL, CHAR_LITERAL, BIN_LITERAL, HEX_LITERAL, IDENT, INT_LITERAL, FLOAT_LITERAL, DOUBLE_LITERAL, REAL_LITERAL}
line 171:27 extraneous input '(' expecting {'\lemma', '}', IDENT, '/*!'}
line 171:30 mismatched input '=' expecting {'(', '{'}
line 173:38 mismatched input '}' expecting {'(', '{'}
line 179:14 mismatched input '\ifExintVar' expecting {MODALITY, FORALL, EXISTS, '\if', '\ifEx', 'true', 'false', '(', '{', '@', NOT, SEQARROW, '-', STRING_LITERAL, CHAR_LITERAL, BIN_LITERAL, HEX_LITERAL, IDENT, INT_LITERAL, FLOAT_LITERAL, DOUBLE_LITERAL, REAL_LITERAL}
line 179:27 extraneous input '(' expecting {'\lemma', '}', IDENT, '/*!'}
line 179:32 mismatched input '&' expecting {'(', '{'}
line 181:42 mismatched input '}' expecting {'(', '{'}
line 182:39 mismatched input '}' expecting {'(', '{'}
line 188:14 mismatched input '\ifExintVar' expecting {MODALITY, FORALL, EXISTS, '\if', '\ifEx', 'true', 'false', '(', '{', '@', NOT, SEQARROW, '-', STRING_LITERAL, CHAR_LITERAL, BIN_LITERAL, HEX_LITERAL, IDENT, INT_LITERAL, FLOAT_LITERAL, DOUBLE_LITERAL, REAL_LITERAL}
line 188:27 extraneous input '(' expecting {'\lemma', '}', IDENT, '/*!'}
line 188:32 mismatched input '&' expecting {'(', '{'}
line 190:42 mismatched input '}' expecting {'(', '{'}
line 191:39 mismatched input '}' expecting {'(', '{'}
line 198:14 mismatched input '\ifExintVar' expecting {MODALITY, FORALL, EXISTS, '\if', '\ifEx', 'true', 'false', '(', '{', '@', NOT, SEQARROW, '-', STRING_LITERAL, CHAR_LITERAL, BIN_LITERAL, HEX_LITERAL, IDENT, INT_LITERAL, FLOAT_LITERAL, DOUBLE_LITERAL, REAL_LITERAL}
line 198:27 extraneous input '(' expecting {'\lemma', '}', IDENT, '/*!'}
line 198:32 mismatched input '&' expecting {'(', '{'}
line 200:42 mismatched input '}' expecting {'(', '{'}
line 201:39 mismatched input '}' expecting {'(', '{'}
line 208:14 mismatched input '\ifExintVar' expecting {MODALITY, FORALL, EXISTS, '\if', '\ifEx', 'true', 'false', '(', '{', '@', NOT, SEQARROW, '-', STRING_LITERAL, CHAR_LITERAL, BIN_LITERAL, HEX_LITERAL, IDENT, INT_LITERAL, FLOAT_LITERAL, DOUBLE_LITERAL, REAL_LITERAL}
line 208:27 extraneous input '(' expecting {'\lemma', '}', IDENT, '/*!'}
line 208:32 mismatched input '&' expecting {'(', '{'}
line 210:42 mismatched input '}' expecting {'(', '{'}
line 211:39 mismatched input '}' expecting {'(', '{'}
line 218:14 mismatched input '\ifExintVar' expecting {MODALITY, FORALL, EXISTS, '\if', '\ifEx', 'true', 'false', '(', '{', '@', NOT, SEQARROW, '-', STRING_LITERAL, CHAR_LITERAL, BIN_LITERAL, HEX_LITERAL, IDENT, INT_LITERAL, FLOAT_LITERAL, DOUBLE_LITERAL, REAL_LITERAL}
line 218:27 extraneous input '(' expecting {'\lemma', '}', IDENT, '/*!'}
line 218:31 mismatched input ')' expecting {'(', '{'}
line 220:44 mismatched input ')' expecting {'(', '{'}
line 225:14 mismatched input '\ifExintVar' expecting {MODALITY, FORALL, EXISTS, '\if', '\ifEx', 'true', 'false', '(', '{', '@', NOT, SEQARROW, '-', STRING_LITERAL, CHAR_LITERAL, BIN_LITERAL, HEX_LITERAL, IDENT, INT_LITERAL, FLOAT_LITERAL, DOUBLE_LITERAL, REAL_LITERAL}
line 225:27 extraneous input '(' expecting {'\lemma', '}', IDENT, '/*!'}
line 225:31 mismatched input ')' expecting {'(', '{'}
line 227:44 mismatched input ')' expecting {'(', '{'}
line 233:14 mismatched input '\ifExintVar' expecting {MODALITY, FORALL, EXISTS, '\if', '\ifEx', 'true', 'false', '(', '{', '@', NOT, SEQARROW, '-', STRING_LITERAL, CHAR_LITERAL, BIN_LITERAL, HEX_LITERAL, IDENT, INT_LITERAL, FLOAT_LITERAL, DOUBLE_LITERAL, REAL_LITERAL}
line 233:27 extraneous input '(' expecting {'\lemma', '}', IDENT, '/*!'}
line 233:31 mismatched input ')' expecting {'(', '{'}
line 237:42 mismatched input '}' expecting {'(', '{'}
line 238:34 mismatched input '}' expecting {'(', '{'}
line 239:28 extraneous input '(' expecting {'\lemma', '}', IDENT, '/*!'}
line 239:33 mismatched input '->' expecting {'(', '{'}
line 240:8 extraneous input '\replacewith' expecting {'\lemma', '}', IDENT, '/*!'}
line 240:25 mismatched input ')' expecting {'(', '{'}
line 240:56 mismatched input ')' expecting {'(', '{'}
line 245:14 mismatched input '\ifExintVar' expecting {MODALITY, FORALL, EXISTS, '\if', '\ifEx', 'true', 'false', '(', '{', '@', NOT, SEQARROW, '-', STRING_LITERAL, CHAR_LITERAL, BIN_LITERAL, HEX_LITERAL, IDENT, INT_LITERAL, FLOAT_LITERAL, DOUBLE_LITERAL, REAL_LITERAL}
line 245:27 extraneous input '(' expecting {'\lemma', '}', IDENT, '/*!'}
line 245:31 mismatched input ')' expecting {'(', '{'}
line 248:45 mismatched input '}' expecting {'(', '{'}
line 249:8 extraneous input '\replacewith' expecting {'\lemma', '}', IDENT, '/*!'}
line 249:38 mismatched input ')' expecting {'(', '{'}
line 250:42 mismatched input '}' expecting {'(', '{'}
line 251:28 extraneous input '(' expecting {'\lemma', '}', IDENT, '/*!'}
line 251:33 mismatched input '->' expecting {'(', '{'}
line 255:14 mismatched input '\ifExintVar' expecting {MODALITY, FORALL, EXISTS, '\if', '\ifEx', 'true', 'false', '(', '{', '@', NOT, SEQARROW, '-', STRING_LITERAL, CHAR_LITERAL, BIN_LITERAL, HEX_LITERAL, IDENT, INT_LITERAL, FLOAT_LITERAL, DOUBLE_LITERAL, REAL_LITERAL}
line 255:27 extraneous input '(' expecting {'\lemma', '}', IDENT, '/*!'}
line 255:31 mismatched input ')' expecting {'(', '{'}
line 258:52 extraneous input '0' expecting {'\lemma', '}', IDENT, '/*!'}
line 258:54 mismatched input 'then' expecting {<EOF>, '\problem', '\chooseContract', '\proofObligation', '\proof'}

	at de.uka.ilkd.key.control.AbstractUserInterfaceControl.load(AbstractUserInterfaceControl.java:221)
Caused by: de.uka.ilkd.key.proof.init.ProofInputException: line 135:14 mismatched input '\ifExintVar' expecting {MODALITY, FORALL, EXISTS, '\if', '\ifEx', 'true', 'false', '(', '{', '@', NOT, SEQARROW, '-', STRING_LITERAL, CHAR_LITERAL, BIN_LITERAL, HEX_LITERAL, IDENT, INT_LITERAL, FLOAT_LITERAL, DOUBLE_LITERAL, REAL_LITERAL}
line 135:27 extraneous input '(' expecting {'\lemma', '}', IDENT, '/*!'}
line 135:44 mismatched input ')' expecting {'(', '{'}
line 141:14 mismatched input '\ifExintVar' expecting {MODALITY, FORALL, EXISTS, '\if', '\ifEx', 'true', 'false', '(', '{', '@', NOT, SEQARROW, '-', STRING_LITERAL, CHAR_LITERAL, BIN_LITERAL, HEX_LITERAL, IDENT, INT_LITERAL, FLOAT_LITERAL, DOUBLE_LITERAL, REAL_LITERAL}
line 141:27 extraneous input '(' expecting {'\lemma', '}', IDENT, '/*!'}
line 141:41 mismatched input ')' expecting {'(', '{'}
line 148:14 mismatched input '\ifExintVar' expecting {MODALITY, FORALL, EXISTS, '\if', '\ifEx', 'true', 'false', '(', '{', '@', NOT, SEQARROW, '-', STRING_LITERAL, CHAR_LITERAL, BIN_LITERAL, HEX_LITERAL, IDENT, INT_LITERAL, FLOAT_LITERAL, DOUBLE_LITERAL, REAL_LITERAL}
line 148:27 extraneous input '(' expecting {'\lemma', '}', IDENT, '/*!'}
line 148:35 mismatched input '=' expecting {'(', '{'}
line 150:38 mismatched input '}' expecting {'(', '{'}
line 155:14 mismatched input '\ifExintVar' expecting {MODALITY, FORALL, EXISTS, '\if', '\ifEx', 'true', 'false', '(', '{', '@', NOT, SEQARROW, '-', STRING_LITERAL, CHAR_LITERAL, BIN_LITERAL, HEX_LITERAL, IDENT, INT_LITERAL, FLOAT_LITERAL, DOUBLE_LITERAL, REAL_LITERAL}
line 155:27 extraneous input '(' expecting {'\lemma', '}', IDENT, '/*!'}
line 155:35 mismatched input '=' expecting {'(', '{'}
line 157:38 mismatched input '}' expecting {'(', '{'}
line 163:14 mismatched input '\ifExintVar' expecting {MODALITY, FORALL, EXISTS, '\if', '\ifEx', 'true', 'false', '(', '{', '@', NOT, SEQARROW, '-', STRING_LITERAL, CHAR_LITERAL, BIN_LITERAL, HEX_LITERAL, IDENT, INT_LITERAL, FLOAT_LITERAL, DOUBLE_LITERAL, REAL_LITERAL}
line 163:27 extraneous input '(' expecting {'\lemma', '}', IDENT, '/*!'}
line 163:30 mismatched input '=' expecting {'(', '{'}
line 165:38 mismatched input '}' expecting {'(', '{'}
line 171:14 mismatched input '\ifExintVar' expecting {MODALITY, FORALL, EXISTS, '\if', '\ifEx', 'true', 'false', '(', '{', '@', NOT, SEQARROW, '-', STRING_LITERAL, CHAR_LITERAL, BIN_LITERAL, HEX_LITERAL, IDENT, INT_LITERAL, FLOAT_LITERAL, DOUBLE_LITERAL, REAL_LITERAL}
line 171:27 extraneous input '(' expecting {'\lemma', '}', IDENT, '/*!'}
line 171:30 mismatched input '=' expecting {'(', '{'}
line 173:38 mismatched input '}' expecting {'(', '{'}
line 179:14 mismatched input '\ifExintVar' expecting {MODALITY, FORALL, EXISTS, '\if', '\ifEx', 'true', 'false', '(', '{', '@', NOT, SEQARROW, '-', STRING_LITERAL, CHAR_LITERAL, BIN_LITERAL, HEX_LITERAL, IDENT, INT_LITERAL, FLOAT_LITERAL, DOUBLE_LITERAL, REAL_LITERAL}
line 179:27 extraneous input '(' expecting {'\lemma', '}', IDENT, '/*!'}
line 179:32 mismatched input '&' expecting {'(', '{'}
line 181:42 mismatched input '}' expecting {'(', '{'}
line 182:39 mismatched input '}' expecting {'(', '{'}
line 188:14 mismatched input '\ifExintVar' expecting {MODALITY, FORALL, EXISTS, '\if', '\ifEx', 'true', 'false', '(', '{', '@', NOT, SEQARROW, '-', STRING_LITERAL, CHAR_LITERAL, BIN_LITERAL, HEX_LITERAL, IDENT, INT_LITERAL, FLOAT_LITERAL, DOUBLE_LITERAL, REAL_LITERAL}
line 188:27 extraneous input '(' expecting {'\lemma', '}', IDENT, '/*!'}
line 188:32 mismatched input '&' expecting {'(', '{'}
line 190:42 mismatched input '}' expecting {'(', '{'}
line 191:39 mismatched input '}' expecting {'(', '{'}
line 198:14 mismatched input '\ifExintVar' expecting {MODALITY, FORALL, EXISTS, '\if', '\ifEx', 'true', 'false', '(', '{', '@', NOT, SEQARROW, '-', STRING_LITERAL, CHAR_LITERAL, BIN_LITERAL, HEX_LITERAL, IDENT, INT_LITERAL, FLOAT_LITERAL, DOUBLE_LITERAL, REAL_LITERAL}
line 198:27 extraneous input '(' expecting {'\lemma', '}', IDENT, '/*!'}
line 198:32 mismatched input '&' expecting {'(', '{'}
line 200:42 mismatched input '}' expecting {'(', '{'}
line 201:39 mismatched input '}' expecting {'(', '{'}
line 208:14 mismatched input '\ifExintVar' expecting {MODALITY, FORALL, EXISTS, '\if', '\ifEx', 'true', 'false', '(', '{', '@', NOT, SEQARROW, '-', STRING_LITERAL, CHAR_LITERAL, BIN_LITERAL, HEX_LITERAL, IDENT, INT_LITERAL, FLOAT_LITERAL, DOUBLE_LITERAL, REAL_LITERAL}
line 208:27 extraneous input '(' expecting {'\lemma', '}', IDENT, '/*!'}
line 208:32 mismatched input '&' expecting {'(', '{'}
line 210:42 mismatched input '}' expecting {'(', '{'}
line 211:39 mismatched input '}' expecting {'(', '{'}
line 218:14 mismatched input '\ifExintVar' expecting {MODALITY, FORALL, EXISTS, '\if', '\ifEx', 'true', 'false', '(', '{', '@', NOT, SEQARROW, '-', STRING_LITERAL, CHAR_LITERAL, BIN_LITERAL, HEX_LITERAL, IDENT, INT_LITERAL, FLOAT_LITERAL, DOUBLE_LITERAL, REAL_LITERAL}
line 218:27 extraneous input '(' expecting {'\lemma', '}', IDENT, '/*!'}
line 218:31 mismatched input ')' expecting {'(', '{'}
line 220:44 mismatched input ')' expecting {'(', '{'}
line 225:14 mismatched input '\ifExintVar' expecting {MODALITY, FORALL, EXISTS, '\if', '\ifEx', 'true', 'false', '(', '{', '@', NOT, SEQARROW, '-', STRING_LITERAL, CHAR_LITERAL, BIN_LITERAL, HEX_LITERAL, IDENT, INT_LITERAL, FLOAT_LITERAL, DOUBLE_LITERAL, REAL_LITERAL}
line 225:27 extraneous input '(' expecting {'\lemma', '}', IDENT, '/*!'}
line 225:31 mismatched input ')' expecting {'(', '{'}
line 227:44 mismatched input ')' expecting {'(', '{'}
line 233:14 mismatched input '\ifExintVar' expecting {MODALITY, FORALL, EXISTS, '\if', '\ifEx', 'true', 'false', '(', '{', '@', NOT, SEQARROW, '-', STRING_LITERAL, CHAR_LITERAL, BIN_LITERAL, HEX_LITERAL, IDENT, INT_LITERAL, FLOAT_LITERAL, DOUBLE_LITERAL, REAL_LITERAL}
line 233:27 extraneous input '(' expecting {'\lemma', '}', IDENT, '/*!'}
line 233:31 mismatched input ')' expecting {'(', '{'}
line 237:42 mismatched input '}' expecting {'(', '{'}
line 238:34 mismatched input '}' expecting {'(', '{'}
line 239:28 extraneous input '(' expecting {'\lemma', '}', IDENT, '/*!'}
line 239:33 mismatched input '->' expecting {'(', '{'}
line 240:8 extraneous input '\replacewith' expecting {'\lemma', '}', IDENT, '/*!'}
line 240:25 mismatched input ')' expecting {'(', '{'}
line 240:56 mismatched input ')' expecting {'(', '{'}
line 245:14 mismatched input '\ifExintVar' expecting {MODALITY, FORALL, EXISTS, '\if', '\ifEx', 'true', 'false', '(', '{', '@', NOT, SEQARROW, '-', STRING_LITERAL, CHAR_LITERAL, BIN_LITERAL, HEX_LITERAL, IDENT, INT_LITERAL, FLOAT_LITERAL, DOUBLE_LITERAL, REAL_LITERAL}
line 245:27 extraneous input '(' expecting {'\lemma', '}', IDENT, '/*!'}
line 245:31 mismatched input ')' expecting {'(', '{'}
line 248:45 mismatched input '}' expecting {'(', '{'}
line 249:8 extraneous input '\replacewith' expecting {'\lemma', '}', IDENT, '/*!'}
line 249:38 mismatched input ')' expecting {'(', '{'}
line 250:42 mismatched input '}' expecting {'(', '{'}
line 251:28 extraneous input '(' expecting {'\lemma', '}', IDENT, '/*!'}
line 251:33 mismatched input '->' expecting {'(', '{'}
line 255:14 mismatched input '\ifExintVar' expecting {MODALITY, FORALL, EXISTS, '\if', '\ifEx', 'true', 'false', '(', '{', '@', NOT, SEQARROW, '-', STRING_LITERAL, CHAR_LITERAL, BIN_LITERAL, HEX_LITERAL, IDENT, INT_LITERAL, FLOAT_LITERAL, DOUBLE_LITERAL, REAL_LITERAL}
line 255:27 extraneous input '(' expecting {'\lemma', '}', IDENT, '/*!'}
line 255:31 mismatched input ')' expecting {'(', '{'}
line 258:52 extraneous input '0' expecting {'\lemma', '}', IDENT, '/*!'}
line 258:54 mismatched input 'then' expecting {<EOF>, '\problem', '\chooseContract', '\proofObligation', '\proof'}

	at de.uka.ilkd.key.proof.io.KeYFile.readIncludes(KeYFile.java:210)
Caused by: de.uka.ilkd.key.util.parsing.SyntaxErrorReporter$ParserException: line 135:14 mismatched input '\ifExintVar' expecting {MODALITY, FORALL, EXISTS, '\if', '\ifEx', 'true', 'false', '(', '{', '@', NOT, SEQARROW, '-', STRING_LITERAL, CHAR_LITERAL, BIN_LITERAL, HEX_LITERAL, IDENT, INT_LITERAL, FLOAT_LITERAL, DOUBLE_LITERAL, REAL_LITERAL}
line 135:27 extraneous input '(' expecting {'\lemma', '}', IDENT, '/*!'}
line 135:44 mismatched input ')' expecting {'(', '{'}
line 141:14 mismatched input '\ifExintVar' expecting {MODALITY, FORALL, EXISTS, '\if', '\ifEx', 'true', 'false', '(', '{', '@', NOT, SEQARROW, '-', STRING_LITERAL, CHAR_LITERAL, BIN_LITERAL, HEX_LITERAL, IDENT, INT_LITERAL, FLOAT_LITERAL, DOUBLE_LITERAL, REAL_LITERAL}
line 141:27 extraneous input '(' expecting {'\lemma', '}', IDENT, '/*!'}
line 141:41 mismatched input ')' expecting {'(', '{'}
line 148:14 mismatched input '\ifExintVar' expecting {MODALITY, FORALL, EXISTS, '\if', '\ifEx', 'true', 'false', '(', '{', '@', NOT, SEQARROW, '-', STRING_LITERAL, CHAR_LITERAL, BIN_LITERAL, HEX_LITERAL, IDENT, INT_LITERAL, FLOAT_LITERAL, DOUBLE_LITERAL, REAL_LITERAL}
line 148:27 extraneous input '(' expecting {'\lemma', '}', IDENT, '/*!'}
line 148:35 mismatched input '=' expecting {'(', '{'}
line 150:38 mismatched input '}' expecting {'(', '{'}
line 155:14 mismatched input '\ifExintVar' expecting {MODALITY, FORALL, EXISTS, '\if', '\ifEx', 'true', 'false', '(', '{', '@', NOT, SEQARROW, '-', STRING_LITERAL, CHAR_LITERAL, BIN_LITERAL, HEX_LITERAL, IDENT, INT_LITERAL, FLOAT_LITERAL, DOUBLE_LITERAL, REAL_LITERAL}
line 155:27 extraneous input '(' expecting {'\lemma', '}', IDENT, '/*!'}
line 155:35 mismatched input '=' expecting {'(', '{'}
line 157:38 mismatched input '}' expecting {'(', '{'}
line 163:14 mismatched input '\ifExintVar' expecting {MODALITY, FORALL, EXISTS, '\if', '\ifEx', 'true', 'false', '(', '{', '@', NOT, SEQARROW, '-', STRING_LITERAL, CHAR_LITERAL, BIN_LITERAL, HEX_LITERAL, IDENT, INT_LITERAL, FLOAT_LITERAL, DOUBLE_LITERAL, REAL_LITERAL}
line 163:27 extraneous input '(' expecting {'\lemma', '}', IDENT, '/*!'}
line 163:30 mismatched input '=' expecting {'(', '{'}
line 165:38 mismatched input '}' expecting {'(', '{'}
line 171:14 mismatched input '\ifExintVar' expecting {MODALITY, FORALL, EXISTS, '\if', '\ifEx', 'true', 'false', '(', '{', '@', NOT, SEQARROW, '-', STRING_LITERAL, CHAR_LITERAL, BIN_LITERAL, HEX_LITERAL, IDENT, INT_LITERAL, FLOAT_LITERAL, DOUBLE_LITERAL, REAL_LITERAL}
line 171:27 extraneous input '(' expecting {'\lemma', '}', IDENT, '/*!'}
line 171:30 mismatched input '=' expecting {'(', '{'}
line 173:38 mismatched input '}' expecting {'(', '{'}
line 179:14 mismatched input '\ifExintVar' expecting {MODALITY, FORALL, EXISTS, '\if', '\ifEx', 'true', 'false', '(', '{', '@', NOT, SEQARROW, '-', STRING_LITERAL, CHAR_LITERAL, BIN_LITERAL, HEX_LITERAL, IDENT, INT_LITERAL, FLOAT_LITERAL, DOUBLE_LITERAL, REAL_LITERAL}
line 179:27 extraneous input '(' expecting {'\lemma', '}', IDENT, '/*!'}
line 179:32 mismatched input '&' expecting {'(', '{'}
line 181:42 mismatched input '}' expecting {'(', '{'}
line 182:39 mismatched input '}' expecting {'(', '{'}
line 188:14 mismatched input '\ifExintVar' expecting {MODALITY, FORALL, EXISTS, '\if', '\ifEx', 'true', 'false', '(', '{', '@', NOT, SEQARROW, '-', STRING_LITERAL, CHAR_LITERAL, BIN_LITERAL, HEX_LITERAL, IDENT, INT_LITERAL, FLOAT_LITERAL, DOUBLE_LITERAL, REAL_LITERAL}
line 188:27 extraneous input '(' expecting {'\lemma', '}', IDENT, '/*!'}
line 188:32 mismatched input '&' expecting {'(', '{'}
line 190:42 mismatched input '}' expecting {'(', '{'}
line 191:39 mismatched input '}' expecting {'(', '{'}
line 198:14 mismatched input '\ifExintVar' expecting {MODALITY, FORALL, EXISTS, '\if', '\ifEx', 'true', 'false', '(', '{', '@', NOT, SEQARROW, '-', STRING_LITERAL, CHAR_LITERAL, BIN_LITERAL, HEX_LITERAL, IDENT, INT_LITERAL, FLOAT_LITERAL, DOUBLE_LITERAL, REAL_LITERAL}
line 198:27 extraneous input '(' expecting {'\lemma', '}', IDENT, '/*!'}
line 198:32 mismatched input '&' expecting {'(', '{'}
line 200:42 mismatched input '}' expecting {'(', '{'}
line 201:39 mismatched input '}' expecting {'(', '{'}
line 208:14 mismatched input '\ifExintVar' expecting {MODALITY, FORALL, EXISTS, '\if', '\ifEx', 'true', 'false', '(', '{', '@', NOT, SEQARROW, '-', STRING_LITERAL, CHAR_LITERAL, BIN_LITERAL, HEX_LITERAL, IDENT, INT_LITERAL, FLOAT_LITERAL, DOUBLE_LITERAL, REAL_LITERAL}
line 208:27 extraneous input '(' expecting {'\lemma', '}', IDENT, '/*!'}
line 208:32 mismatched input '&' expecting {'(', '{'}
line 210:42 mismatched input '}' expecting {'(', '{'}
line 211:39 mismatched input '}' expecting {'(', '{'}
line 218:14 mismatched input '\ifExintVar' expecting {MODALITY, FORALL, EXISTS, '\if', '\ifEx', 'true', 'false', '(', '{', '@', NOT, SEQARROW, '-', STRING_LITERAL, CHAR_LITERAL, BIN_LITERAL, HEX_LITERAL, IDENT, INT_LITERAL, FLOAT_LITERAL, DOUBLE_LITERAL, REAL_LITERAL}
line 218:27 extraneous input '(' expecting {'\lemma', '}', IDENT, '/*!'}
line 218:31 mismatched input ')' expecting {'(', '{'}
line 220:44 mismatched input ')' expecting {'(', '{'}
line 225:14 mismatched input '\ifExintVar' expecting {MODALITY, FORALL, EXISTS, '\if', '\ifEx', 'true', 'false', '(', '{', '@', NOT, SEQARROW, '-', STRING_LITERAL, CHAR_LITERAL, BIN_LITERAL, HEX_LITERAL, IDENT, INT_LITERAL, FLOAT_LITERAL, DOUBLE_LITERAL, REAL_LITERAL}
line 225:27 extraneous input '(' expecting {'\lemma', '}', IDENT, '/*!'}
line 225:31 mismatched input ')' expecting {'(', '{'}
line 227:44 mismatched input ')' expecting {'(', '{'}
line 233:14 mismatched input '\ifExintVar' expecting {MODALITY, FORALL, EXISTS, '\if', '\ifEx', 'true', 'false', '(', '{', '@', NOT, SEQARROW, '-', STRING_LITERAL, CHAR_LITERAL, BIN_LITERAL, HEX_LITERAL, IDENT, INT_LITERAL, FLOAT_LITERAL, DOUBLE_LITERAL, REAL_LITERAL}
line 233:27 extraneous input '(' expecting {'\lemma', '}', IDENT, '/*!'}
line 233:31 mismatched input ')' expecting {'(', '{'}
line 237:42 mismatched input '}' expecting {'(', '{'}
line 238:34 mismatched input '}' expecting {'(', '{'}
line 239:28 extraneous input '(' expecting {'\lemma', '}', IDENT, '/*!'}
line 239:33 mismatched input '->' expecting {'(', '{'}
line 240:8 extraneous input '\replacewith' expecting {'\lemma', '}', IDENT, '/*!'}
line 240:25 mismatched input ')' expecting {'(', '{'}
line 240:56 mismatched input ')' expecting {'(', '{'}
line 245:14 mismatched input '\ifExintVar' expecting {MODALITY, FORALL, EXISTS, '\if', '\ifEx', 'true', 'false', '(', '{', '@', NOT, SEQARROW, '-', STRING_LITERAL, CHAR_LITERAL, BIN_LITERAL, HEX_LITERAL, IDENT, INT_LITERAL, FLOAT_LITERAL, DOUBLE_LITERAL, REAL_LITERAL}
line 245:27 extraneous input '(' expecting {'\lemma', '}', IDENT, '/*!'}
line 245:31 mismatched input ')' expecting {'(', '{'}
line 248:45 mismatched input '}' expecting {'(', '{'}
line 249:8 extraneous input '\replacewith' expecting {'\lemma', '}', IDENT, '/*!'}
line 249:38 mismatched input ')' expecting {'(', '{'}
line 250:42 mismatched input '}' expecting {'(', '{'}
line 251:28 extraneous input '(' expecting {'\lemma', '}', IDENT, '/*!'}
line 251:33 mismatched input '->' expecting {'(', '{'}
line 255:14 mismatched input '\ifExintVar' expecting {MODALITY, FORALL, EXISTS, '\if', '\ifEx', 'true', 'false', '(', '{', '@', NOT, SEQARROW, '-', STRING_LITERAL, CHAR_LITERAL, BIN_LITERAL, HEX_LITERAL, IDENT, INT_LITERAL, FLOAT_LITERAL, DOUBLE_LITERAL, REAL_LITERAL}
line 255:27 extraneous input '(' expecting {'\lemma', '}', IDENT, '/*!'}
line 255:31 mismatched input ')' expecting {'(', '{'}
line 258:52 extraneous input '0' expecting {'\lemma', '}', IDENT, '/*!'}
line 258:54 mismatched input 'then' expecting {<EOF>, '\problem', '\chooseContract', '\proofObligation', '\proof'}

	at de.uka.ilkd.key.util.parsing.SyntaxErrorReporter.throwException(SyntaxErrorReporter.java:89)

302340     WARN  Test worker     d.u.i.k.n.KeYParser       [syntax-error] file:/home/runner/work/key/key/key.core/build/resources/main/de/uka/ilkd/key/proof/rules/ifThenElseRules.key:135:14: mismatched input '\ifExintVar' expecting {MODALITY, FORALL, EXISTS, '\if', '\ifEx', 'true', 'false', '(', '{', '@', NOT, SEQARROW, '-', STRING_LITERAL, CHAR_LITERAL, BIN_LITERAL, HEX_LITERAL, IDENT, INT_LITERAL, FLOAT_LITERAL, DOUBLE_LITERAL, REAL_LITERAL} [@745,3563:3573='\ifExintVar',<188>,135:14] (termorseq, taclet, rulesOrAxioms, decls, file) 
302340     WARN  Test worker     d.u.i.k.n.KeYParser       [syntax-error] file:/home/runner/work/key/key/key.core/build/resources/main/de/uka/ilkd/key/proof/rules/ifThenElseRules.key:135:27: extraneous input '(' expecting {'\lemma', '}', IDENT, '/*!'} [@748,3576:3576='(',<146>,135:27] (rulesOrAxioms, decls, file) 
302340     WARN  Test worker     d.u.i.k.n.KeYParser       [syntax-error] file:/home/runner/work/key/key/key.core/build/resources/main/de/uka/ilkd/key/proof/rules/ifThenElseRules.key:135:44: mismatched input ')' expecting {'(', '{'} [@754,3593:3593=')',<147>,135:44] (taclet, rulesOrAxioms, decls, file) 
302340     WARN  Test worker     d.u.i.k.n.KeYParser       [syntax-error] file:/home/runner/work/key/key/key.core/build/resources/main/de/uka/ilkd/key/proof/rules/ifThenElseRules.key:141:14: mismatched input '\ifExintVar' expecting {MODALITY, FORALL, EXISTS, '\if', '\ifEx', 'true', 'false', '(', '{', '@', NOT, SEQARROW, '-', STRING_LITERAL, CHAR_LITERAL, BIN_LITERAL, HEX_LITERAL, IDENT, INT_LITERAL, FLOAT_LITERAL, DOUBLE_LITERAL, REAL_LITERAL} [@780,3716:3726='\ifExintVar',<188>,141:14] (termorseq, taclet, rulesOrAxioms, decls, file) 
302340     WARN  Test worker     d.u.i.k.n.KeYParser       [syntax-error] file:/home/runner/work/key/key/key.core/build/resources/main/de/uka/ilkd/key/proof/rules/ifThenElseRules.key:141:27: extraneous input '(' expecting {'\lemma', '}', IDENT, '/*!'} [@783,3729:3729='(',<146>,141:27] (rulesOrAxioms, decls, file) 
302340     WARN  Test worker     d.u.i.k.n.KeYParser       [syntax-error] file:/home/runner/work/key/key/key.core/build/resources/main/de/uka/ilkd/key/proof/rules/ifThenElseRules.key:141:41: mismatched input ')' expecting {'(', '{'} [@789,3743:3743=')',<147>,141:41] (taclet, rulesOrAxioms, decls, file) 
302340     WARN  Test worker     d.u.i.k.n.KeYParser       [syntax-error] file:/home/runner/work/key/key/key.core/build/resources/main/de/uka/ilkd/key/proof/rules/ifThenElseRules.key:148:14: mismatched input '\ifExintVar' expecting {MODALITY, FORALL, EXISTS, '\if', '\ifEx', 'true', 'false', '(', '{', '@', NOT, SEQARROW, '-', STRING_LITERAL, CHAR_LITERAL, BIN_LITERAL, HEX_LITERAL, IDENT, INT_LITERAL, FLOAT_LITERAL, DOUBLE_LITERAL, REAL_LITERAL} [@819,3896:3906='\ifExintVar',<188>,148:14] (termorseq, taclet, rulesOrAxioms, decls, file) 
302340     WARN  Test worker     d.u.i.k.n.KeYParser       [syntax-error] file:/home/runner/work/key/key/key.core/build/resources/main/de/uka/ilkd/key/proof/rules/ifThenElseRules.key:148:27: extraneous input '(' expecting {'\lemma', '}', IDENT, '/*!'} [@822,3909:3909='(',<146>,148:27] (rulesOrAxioms, decls, file) 
302340     WARN  Test worker     d.u.i.k.n.KeYParser       [syntax-error] file:/home/runner/work/key/key/key.core/build/resources/main/de/uka/ilkd/key/proof/rules/ifThenElseRules.key:148:35: mismatched input '=' expecting {'(', '{'} [@825,3917:3917='=',<159>,148:35] (taclet, rulesOrAxioms, decls, file) 
302340     WARN  Test worker     d.u.i.k.n.KeYParser       [syntax-error] file:/home/runner/work/key/key/key.core/build/resources/main/de/uka/ilkd/key/proof/rules/ifThenElseRules.key:150:38: mismatched input '}' expecting {'(', '{'} [@859,4023:4023='}',<149>,150:38] (taclet, rulesOrAxioms, decls, file) 
302340     WARN  Test worker     d.u.i.k.n.KeYParser       [syntax-error] file:/home/runner/work/key/key/key.core/build/resources/main/de/uka/ilkd/key/proof/rules/ifThenElseRules.key:155:14: mismatched input '\ifExintVar' expecting {MODALITY, FORALL, EXISTS, '\if', '\ifEx', 'true', 'false', '(', '{', '@', NOT, SEQARROW, '-', STRING_LITERAL, CHAR_LITERAL, BIN_LITERAL, HEX_LITERAL, IDENT, INT_LITERAL, FLOAT_LITERAL, DOUBLE_LITERAL, REAL_LITERAL} [@877,4109:4119='\ifExintVar',<188>,155:14] (termorseq, taclet, rulesOrAxioms, decls, file) 
302340     WARN  Test worker     d.u.i.k.n.KeYParser       [syntax-error] file:/home/runner/work/key/key/key.core/build/resources/main/de/uka/ilkd/key/proof/rules/ifThenElseRules.key:155:27: extraneous input '(' expecting {'\lemma', '}', IDENT, '/*!'} [@880,4122:4122='(',<146>,155:27] (rulesOrAxioms, decls, file) 
302340     WARN  Test worker     d.u.i.k.n.KeYParser       [syntax-error] file:/home/runner/work/key/key/key.core/build/resources/main/de/uka/ilkd/key/proof/rules/ifThenElseRules.key:155:35: mismatched input '=' expecting {'(', '{'} [@883,4130:4130='=',<159>,155:35] (taclet, rulesOrAxioms, decls, file) 
302340     WARN  Test worker     d.u.i.k.n.KeYParser       [syntax-error] file:/home/runner/work/key/key/key.core/build/resources/main/de/uka/ilkd/key/proof/rules/ifThenElseRules.key:157:38: mismatched input '}' expecting {'(', '{'} [@917,4230:4230='}',<149>,157:38] (taclet, rulesOrAxioms, decls, file) 
302340     WARN  Test worker     d.u.i.k.n.KeYParser       [syntax-error] file:/home/runner/work/key/key/key.core/build/resources/main/de/uka/ilkd/key/proof/rules/ifThenElseRules.key:163:14: mismatched input '\ifExintVar' expecting {MODALITY, FORALL, EXISTS, '\if', '\ifEx', 'true', 'false', '(', '{', '@', NOT, SEQARROW, '-', STRING_LITERAL, CHAR_LITERAL, BIN_LITERAL, HEX_LITERAL, IDENT, INT_LITERAL, FLOAT_LITERAL, DOUBLE_LITERAL, REAL_LITERAL} [@939,4350:4360='\ifExintVar',<188>,163:14] (termorseq, taclet, rulesOrAxioms, decls, file) 
302340     WARN  Test worker     d.u.i.k.n.KeYParser       [syntax-error] file:/home/runner/work/key/key/key.core/build/resources/main/de/uka/ilkd/key/proof/rules/ifThenElseRules.key:163:27: extraneous input '(' expecting {'\lemma', '}', IDENT, '/*!'} [@942,4363:4363='(',<146>,163:27] (rulesOrAxioms, decls, file) 
302340     WARN  Test worker     d.u.i.k.n.KeYParser       [syntax-error] file:/home/runner/work/key/key/key.core/build/resources/main/de/uka/ilkd/key/proof/rules/ifThenElseRules.key:163:30: mismatched input '=' expecting {'(', '{'} [@945,4366:4366='=',<159>,163:30] (taclet, rulesOrAxioms, decls, file) 
302340     WARN  Test worker     d.u.i.k.n.KeYParser       [syntax-error] file:/home/runner/work/key/key/key.core/build/resources/main/de/uka/ilkd/key/proof/rules/ifThenElseRules.key:165:38: mismatched input '}' expecting {'(', '{'} [@979,4477:4477='}',<149>,165:38] (taclet, rulesOrAxioms, decls, file) 
302340     WARN  Test worker     d.u.i.k.n.KeYParser       [syntax-error] file:/home/runner/work/key/key/key.core/build/resources/main/de/uka/ilkd/key/proof/rules/ifThenElseRules.key:171:14: mismatched input '\ifExintVar' expecting {MODALITY, FORALL, EXISTS, '\if', '\ifEx', 'true', 'false', '(', '{', '@', NOT, SEQARROW, '-', STRING_LITERAL, CHAR_LITERAL, BIN_LITERAL, HEX_LITERAL, IDENT, INT_LITERAL, FLOAT_LITERAL, DOUBLE_LITERAL, REAL_LITERAL} [@1001,4604:4614='\ifExintVar',<188>,171:14] (termorseq, taclet, rulesOrAxioms, decls, file) 
302340     WARN  Test worker     d.u.i.k.n.KeYParser       [syntax-error] file:/home/runner/work/key/key/key.core/build/resources/main/de/uka/ilkd/key/proof/rules/ifThenElseRules.key:171:27: extraneous input '(' expecting {'\lemma', '}', IDENT, '/*!'} [@1004,4617:4617='(',<146>,171:27] (rulesOrAxioms, decls, file) 
302340     WARN  Test worker     d.u.i.k.n.KeYParser       [syntax-error] file:/home/runner/work/key/key/key.core/build/resources/main/de/uka/ilkd/key/proof/rules/ifThenElseRules.key:171:30: mismatched input '=' expecting {'(', '{'} [@1007,4620:4620='=',<159>,171:30] (taclet, rulesOrAxioms, decls, file) 
302340     WARN  Test worker     d.u.i.k.n.KeYParser       [syntax-error] file:/home/runner/work/key/key/key.core/build/resources/main/de/uka/ilkd/key/proof/rules/ifThenElseRules.key:173:38: mismatched input '}' expecting {'(', '{'} [@1041,4725:4725='}',<149>,173:38] (taclet, rulesOrAxioms, decls, file) 
302341     WARN  Test worker     d.u.i.k.n.KeYParser       [syntax-error] file:/home/runner/work/key/key/key.core/build/resources/main/de/uka/ilkd/key/proof/rules/ifThenElseRules.key:179:14: mismatched input '\ifExintVar' expecting {MODALITY, FORALL, EXISTS, '\if', '\ifEx', 'true', 'false', '(', '{', '@', NOT, SEQARROW, '-', STRING_LITERAL, CHAR_LITERAL, BIN_LITERAL, HEX_LITERAL, IDENT, INT_LITERAL, FLOAT_LITERAL, DOUBLE_LITERAL, REAL_LITERAL} [@1063,4848:4858='\ifExintVar',<188>,179:14] (termorseq, taclet, rulesOrAxioms, decls, file) 
302341     WARN  Test worker     d.u.i.k.n.KeYParser       [syntax-error] file:/home/runner/work/key/key/key.core/build/resources/main/de/uka/ilkd/key/proof/rules/ifThenElseRules.key:179:27: extraneous input '(' expecting {'\lemma', '}', IDENT, '/*!'} [@1066,4861:4861='(',<146>,179:27] (rulesOrAxioms, decls, file) 
302341     WARN  Test worker     d.u.i.k.n.KeYParser       [syntax-error] file:/home/runner/work/key/key/key.core/build/resources/main/de/uka/ilkd/key/proof/rules/ifThenElseRules.key:179:32: mismatched input '&' expecting {'(', '{'} [@1069,4866:4866='&',<156>,179:32] (taclet, rulesOrAxioms, decls, file) 
302341     WARN  Test worker     d.u.i.k.n.KeYParser       [syntax-error] file:/home/runner/work/key/key/key.core/build/resources/main/de/uka/ilkd/key/proof/rules/ifThenElseRules.key:181:42: mismatched input '}' expecting {'(', '{'} [@1109,4985:4985='}',<149>,181:42] (taclet, rulesOrAxioms, decls, file) 
302341     WARN  Test worker     d.u.i.k.n.KeYParser       [syntax-error] file:/home/runner/work/key/key/key.core/build/resources/main/de/uka/ilkd/key/proof/rules/ifThenElseRules.key:182:39: mismatched input '}' expecting {'(', '{'} [@1122,5030:5030='}',<149>,182:39] (taclet, rulesOrAxioms, decls, file) 
302341     WARN  Test worker     d.u.i.k.n.KeYParser       [syntax-error] file:/home/runner/work/key/key/key.core/build/resources/main/de/uka/ilkd/key/proof/rules/ifThenElseRules.key:188:14: mismatched input '\ifExintVar' expecting {MODALITY, FORALL, EXISTS, '\if', '\ifEx', 'true', 'false', '(', '{', '@', NOT, SEQARROW, '-', STRING_LITERAL, CHAR_LITERAL, BIN_LITERAL, HEX_LITERAL, IDENT, INT_LITERAL, FLOAT_LITERAL, DOUBLE_LITERAL, REAL_LITERAL} [@1146,5149:5159='\ifExintVar',<188>,188:14] (termorseq, taclet, rulesOrAxioms, decls, file) 
302341     WARN  Test worker     d.u.i.k.n.KeYParser       [syntax-error] file:/home/runner/work/key/key/key.core/build/resources/main/de/uka/ilkd/key/proof/rules/ifThenElseRules.key:188:27: extraneous input '(' expecting {'\lemma', '}', IDENT, '/*!'} [@1149,5162:5162='(',<146>,188:27] (rulesOrAxioms, decls, file) 
302341     WARN  Test worker     d.u.i.k.n.KeYParser       [syntax-error] file:/home/runner/work/key/key/key.core/build/resources/main/de/uka/ilkd/key/proof/rules/ifThenElseRules.key:188:32: mismatched input '&' expecting {'(', '{'} [@1152,5167:5167='&',<156>,188:32] (taclet, rulesOrAxioms, decls, file) 
302341     WARN  Test worker     d.u.i.k.n.KeYParser       [syntax-error] file:/home/runner/work/key/key/key.core/build/resources/main/de/uka/ilkd/key/proof/rules/ifThenElseRules.key:190:42: mismatched input '}' expecting {'(', '{'} [@1192,5280:5280='}',<149>,190:42] (taclet, rulesOrAxioms, decls, file) 
302341     WARN  Test worker     d.u.i.k.n.KeYParser       [syntax-error] file:/home/runner/work/key/key/key.core/build/resources/main/de/uka/ilkd/key/proof/rules/ifThenElseRules.key:191:39: mismatched input '}' expecting {'(', '{'} [@1205,5325:5325='}',<149>,191:39] (taclet, rulesOrAxioms, decls, file) 
302341     WARN  Test worker     d.u.i.k.n.KeYParser       [syntax-error] file:/home/runner/work/key/key/key.core/build/resources/main/de/uka/ilkd/key/proof/rules/ifThenElseRules.key:198:14: mismatched input '\ifExintVar' expecting {MODALITY, FORALL, EXISTS, '\if', '\ifEx', 'true', 'false', '(', '{', '@', NOT, SEQARROW, '-', STRING_LITERAL, CHAR_LITERAL, BIN_LITERAL, HEX_LITERAL, IDENT, INT_LITERAL, FLOAT_LITERAL, DOUBLE_LITERAL, REAL_LITERAL} [@1233,5475:5485='\ifExintVar',<188>,198:14] (termorseq, taclet, rulesOrAxioms, decls, file) 
302341     WARN  Test worker     d.u.i.k.n.KeYParser       [syntax-error] file:/home/runner/work/key/key/key.core/build/resources/main/de/uka/ilkd/key/proof/rules/ifThenElseRules.key:198:27: extraneous input '(' expecting {'\lemma', '}', IDENT, '/*!'} [@1236,5488:5488='(',<146>,198:27] (rulesOrAxioms, decls, file) 
302341     WARN  Test worker     d.u.i.k.n.KeYParser       [syntax-error] file:/home/runner/work/key/key/key.core/build/resources/main/de/uka/ilkd/key/proof/rules/ifThenElseRules.key:198:32: mismatched input '&' expecting {'(', '{'} [@1239,5493:5493='&',<156>,198:32] (taclet, rulesOrAxioms, decls, file) 
302341     WARN  Test worker     d.u.i.k.n.KeYParser       [syntax-error] file:/home/runner/work/key/key/key.core/build/resources/main/de/uka/ilkd/key/proof/rules/ifThenElseRules.key:200:42: mismatched input '}' expecting {'(', '{'} [@1279,5612:5612='}',<149>,200:42] (taclet, rulesOrAxioms, decls, file) 
302341     WARN  Test worker     d.u.i.k.n.KeYParser       [syntax-error] file:/home/runner/work/key/key/key.core/build/resources/main/de/uka/ilkd/key/proof/rules/ifThenElseRules.key:201:39: mismatched input '}' expecting {'(', '{'} [@1292,5657:5657='}',<149>,201:39] (taclet, rulesOrAxioms, decls, file) 
302341     WARN  Test worker     d.u.i.k.n.KeYParser       [syntax-error] file:/home/runner/work/key/key/key.core/build/resources/main/de/uka/ilkd/key/proof/rules/ifThenElseRules.key:208:14: mismatched input '\ifExintVar' expecting {MODALITY, FORALL, EXISTS, '\if', '\ifEx', 'true', 'false', '(', '{', '@', NOT, SEQARROW, '-', STRING_LITERAL, CHAR_LITERAL, BIN_LITERAL, HEX_LITERAL, IDENT, INT_LITERAL, FLOAT_LITERAL, DOUBLE_LITERAL, REAL_LITERAL} [@1320,5817:5827='\ifExintVar',<188>,208:14] (termorseq, taclet, rulesOrAxioms, decls, file) 
302342     WARN  Test worker     d.u.i.k.n.KeYParser       [syntax-error] file:/home/runner/work/key/key/key.core/build/resources/main/de/uka/ilkd/key/proof/rules/ifThenElseRules.key:208:27: extraneous input '(' expecting {'\lemma', '}', IDENT, '/*!'} [@1323,5830:5830='(',<146>,208:27] (rulesOrAxioms, decls, file) 
302342     WARN  Test worker     d.u.i.k.n.KeYParser       [syntax-error] file:/home/runner/work/key/key/key.core/build/resources/main/de/uka/ilkd/key/proof/rules/ifThenElseRules.key:208:32: mismatched input '&' expecting {'(', '{'} [@1326,5835:5835='&',<156>,208:32] (taclet, rulesOrAxioms, decls, file) 
302342     WARN  Test worker     d.u.i.k.n.KeYParser       [syntax-error] file:/home/runner/work/key/key/key.core/build/resources/main/de/uka/ilkd/key/proof/rules/ifThenElseRules.key:210:42: mismatched input '}' expecting {'(', '{'} [@1366,5948:5948='}',<149>,210:42] (taclet, rulesOrAxioms, decls, file) 
302342     WARN  Test worker     d.u.i.k.n.KeYParser       [syntax-error] file:/home/runner/work/key/key/key.core/build/resources/main/de/uka/ilkd/key/proof/rules/ifThenElseRules.key:211:39: mismatched input '}' expecting {'(', '{'} [@1379,5993:5993='}',<149>,211:39] (taclet, rulesOrAxioms, decls, file) 
302342     WARN  Test worker     d.u.i.k.n.KeYParser       [syntax-error] file:/home/runner/work/key/key/key.core/build/resources/main/de/uka/ilkd/key/proof/rules/ifThenElseRules.key:218:14: mismatched input '\ifExintVar' expecting {MODALITY, FORALL, EXISTS, '\if', '\ifEx', 'true', 'false', '(', '{', '@', NOT, SEQARROW, '-', STRING_LITERAL, CHAR_LITERAL, BIN_LITERAL, HEX_LITERAL, IDENT, INT_LITERAL, FLOAT_LITERAL, DOUBLE_LITERAL, REAL_LITERAL} [@1407,6146:6156='\ifExintVar',<188>,218:14] (termorseq, taclet, rulesOrAxioms, decls, file) 
302342     WARN  Test worker     d.u.i.k.n.KeYParser       [syntax-error] file:/home/runner/work/key/key/key.core/build/resources/main/de/uka/ilkd/key/proof/rules/ifThenElseRules.key:218:27: extraneous input '(' expecting {'\lemma', '}', IDENT, '/*!'} [@1410,6159:6159='(',<146>,218:27] (rulesOrAxioms, decls, file) 
302342     WARN  Test worker     d.u.i.k.n.KeYParser       [syntax-error] file:/home/runner/work/key/key/key.core/build/resources/main/de/uka/ilkd/key/proof/rules/ifThenElseRules.key:218:31: mismatched input ')' expecting {'(', '{'} [@1412,6163:6163=')',<147>,218:31] (taclet, rulesOrAxioms, decls, file) 
302342     WARN  Test worker     d.u.i.k.n.KeYParser       [syntax-error] file:/home/runner/work/key/key/key.core/build/resources/main/de/uka/ilkd/key/proof/rules/ifThenElseRules.key:220:44: mismatched input ')' expecting {'(', '{'} [@1444,6275:6275=')',<147>,220:44] (taclet, rulesOrAxioms, decls, file) 
302342     WARN  Test worker     d.u.i.k.n.KeYParser       [syntax-error] file:/home/runner/work/key/key/key.core/build/resources/main/de/uka/ilkd/key/proof/rules/ifThenElseRules.key:225:14: mismatched input '\ifExintVar' expecting {MODALITY, FORALL, EXISTS, '\if', '\ifEx', 'true', 'false', '(', '{', '@', NOT, SEQARROW, '-', STRING_LITERAL, CHAR_LITERAL, BIN_LITERAL, HEX_LITERAL, IDENT, INT_LITERAL, FLOAT_LITERAL, DOUBLE_LITERAL, REAL_LITERAL} [@1471,6389:6399='\ifExintVar',<188>,225:14] (termorseq, taclet, rulesOrAxioms, decls, file) 
302342     WARN  Test worker     d.u.i.k.n.KeYParser       [syntax-error] file:/home/runner/work/key/key/key.core/build/resources/main/de/uka/ilkd/key/proof/rules/ifThenElseRules.key:225:27: extraneous input '(' expecting {'\lemma', '}', IDENT, '/*!'} [@1474,6402:6402='(',<146>,225:27] (rulesOrAxioms, decls, file) 
302342     WARN  Test worker     d.u.i.k.n.KeYParser       [syntax-error] file:/home/runner/work/key/key/key.core/build/resources/main/de/uka/ilkd/key/proof/rules/ifThenElseRules.key:225:31: mismatched input ')' expecting {'(', '{'} [@1476,6406:6406=')',<147>,225:31] (taclet, rulesOrAxioms, decls, file) 
302342     WARN  Test worker     d.u.i.k.n.KeYParser       [syntax-error] file:/home/runner/work/key/key/key.core/build/resources/main/de/uka/ilkd/key/proof/rules/ifThenElseRules.key:227:44: mismatched input ')' expecting {'(', '{'} [@1508,6509:6509=')',<147>,227:44] (taclet, rulesOrAxioms, decls, file) 
302342     WARN  Test worker     d.u.i.k.n.KeYParser       [syntax-error] file:/home/runner/work/key/key/key.core/build/resources/main/de/uka/ilkd/key/proof/rules/ifThenElseRules.key:233:14: mismatched input '\ifExintVar' expecting {MODALITY, FORALL, EXISTS, '\if', '\ifEx', 'true', 'false', '(', '{', '@', NOT, SEQARROW, '-', STRING_LITERAL, CHAR_LITERAL, BIN_LITERAL, HEX_LITERAL, IDENT, INT_LITERAL, FLOAT_LITERAL, DOUBLE_LITERAL, REAL_LITERAL} [@1539,6656:6666='\ifExintVar',<188>,233:14] (termorseq, taclet, rulesOrAxioms, decls, file) 
302342     WARN  Test worker     d.u.i.k.n.KeYParser       [syntax-error] file:/home/runner/work/key/key/key.core/build/resources/main/de/uka/ilkd/key/proof/rules/ifThenElseRules.key:233:27: extraneous input '(' expecting {'\lemma', '}', IDENT, '/*!'} [@1542,6669:6669='(',<146>,233:27] (rulesOrAxioms, decls, file) 
302342     WARN  Test worker     d.u.i.k.n.KeYParser       [syntax-error] file:/home/runner/work/key/key/key.core/build/resources/main/de/uka/ilkd/key/proof/rules/ifThenElseRules.key:233:31: mismatched input ')' expecting {'(', '{'} [@1544,6673:6673=')',<147>,233:31] (taclet, rulesOrAxioms, decls, file) 
302342     WARN  Test worker     d.u.i.k.n.KeYParser       [syntax-error] file:/home/runner/work/key/key/key.core/build/resources/main/de/uka/ilkd/key/proof/rules/ifThenElseRules.key:237:42: mismatched input '}' expecting {'(', '{'} [@1586,6850:6850='}',<149>,237:42] (taclet, rulesOrAxioms, decls, file) 
302342     WARN  Test worker     d.u.i.k.n.KeYParser       [syntax-error] file:/home/runner/work/key/key/key.core/build/resources/main/de/uka/ilkd/key/proof/rules/ifThenElseRules.key:238:34: mismatched input '}' expecting {'(', '{'} [@1599,6891:6891='}',<149>,238:34] (taclet, rulesOrAxioms, decls, file) 
302342     WARN  Test worker     d.u.i.k.n.KeYParser       [syntax-error] file:/home/runner/work/key/key/key.core/build/resources/main/de/uka/ilkd/key/proof/rules/ifThenElseRules.key:239:28: extraneous input '(' expecting {'\lemma', '}', IDENT, '/*!'} [@1608,6925:6925='(',<146>,239:28] (rulesOrAxioms, decls, file) 
302343     WARN  Test worker     d.u.i.k.n.KeYParser       [syntax-error] file:/home/runner/work/key/key/key.core/build/resources/main/de/uka/ilkd/key/proof/rules/ifThenElseRules.key:239:33: mismatched input '->' expecting {'(', '{'} [@1611,6930:6931='->',<158>,239:33] (taclet, rulesOrAxioms, decls, file) 
302343     WARN  Test worker     d.u.i.k.n.KeYParser       [syntax-error] file:/home/runner/work/key/key/key.core/build/resources/main/de/uka/ilkd/key/proof/rules/ifThenElseRules.key:240:8: extraneous input '\replacewith' expecting {'\lemma', '}', IDENT, '/*!'} [@1626,6979:6990='\replacewith',<105>,240:8] (rulesOrAxioms, decls, file) 
302343     WARN  Test worker     d.u.i.k.n.KeYParser       [syntax-error] file:/home/runner/work/key/key/key.core/build/resources/main/de/uka/ilkd/key/proof/rules/ifThenElseRules.key:240:25: mismatched input ')' expecting {'(', '{'} [@1629,6996:6996=')',<147>,240:25] (taclet, rulesOrAxioms, decls, file) 
302343     WARN  Test worker     d.u.i.k.n.KeYParser       [syntax-error] file:/home/runner/work/key/key/key.core/build/resources/main/de/uka/ilkd/key/proof/rules/ifThenElseRules.key:240:56: mismatched input ')' expecting {'(', '{'} [@1642,7027:7027=')',<147>,240:56] (taclet, rulesOrAxioms, decls, file) 
302343     WARN  Test worker     d.u.i.k.n.KeYParser       [syntax-error] file:/home/runner/work/key/key/key.core/build/resources/main/de/uka/ilkd/key/proof/rules/ifThenElseRules.key:245:14: mismatched input '\ifExintVar' expecting {MODALITY, FORALL, EXISTS, '\if', '\ifEx', 'true', 'false', '(', '{', '@', NOT, SEQARROW, '-', STRING_LITERAL, CHAR_LITERAL, BIN_LITERAL, HEX_LITERAL, IDENT, INT_LITERAL, FLOAT_LITERAL, DOUBLE_LITERAL, REAL_LITERAL} [@1658,7109:7119='\ifExintVar',<188>,245:14] (termorseq, taclet, rulesOrAxioms, decls, file) 
302343     WARN  Test worker     d.u.i.k.n.KeYParser       [syntax-error] file:/home/runner/work/key/key/key.core/build/resources/main/de/uka/ilkd/key/proof/rules/ifThenElseRules.key:245:27: extraneous input '(' expecting {'\lemma', '}', IDENT, '/*!'} [@1661,7122:7122='(',<146>,245:27] (rulesOrAxioms, decls, file) 
302343     WARN  Test worker     d.u.i.k.n.KeYParser       [syntax-error] file:/home/runner/work/key/key/key.core/build/resources/main/de/uka/ilkd/key/proof/rules/ifThenElseRules.key:245:31: mismatched input ')' expecting {'(', '{'} [@1663,7126:7126=')',<147>,245:31] (taclet, rulesOrAxioms, decls, file) 
302343     WARN  Test worker     d.u.i.k.n.KeYParser       [syntax-error] file:/home/runner/work/key/key/key.core/build/resources/main/de/uka/ilkd/key/proof/rules/ifThenElseRules.key:248:45: mismatched input '}' expecting {'(', '{'} [@1696,7268:7268='}',<149>,248:45] (taclet, rulesOrAxioms, decls, file) 
302343     WARN  Test worker     d.u.i.k.n.KeYParser       [syntax-error] file:/home/runner/work/key/key/key.core/build/resources/main/de/uka/ilkd/key/proof/rules/ifThenElseRules.key:249:8: extraneous input '\replacewith' expecting {'\lemma', '}', IDENT, '/*!'} [@1701,7284:7295='\replacewith',<105>,249:8] (rulesOrAxioms, decls, file) 
302343     WARN  Test worker     d.u.i.k.n.KeYParser       [syntax-error] file:/home/runner/work/key/key/key.core/build/resources/main/de/uka/ilkd/key/proof/rules/ifThenElseRules.key:249:38: mismatched input ')' expecting {'(', '{'} [@1708,7314:7314=')',<147>,249:38] (taclet, rulesOrAxioms, decls, file) 
302343     WARN  Test worker     d.u.i.k.n.KeYParser       [syntax-error] file:/home/runner/work/key/key/key.core/build/resources/main/de/uka/ilkd/key/proof/rules/ifThenElseRules.key:250:42: mismatched input '}' expecting {'(', '{'} [@1731,7381:7381='}',<149>,250:42] (taclet, rulesOrAxioms, decls, file) 
302350     WARN  Test worker     d.u.i.k.n.KeYParser       [syntax-error] file:/home/runner/work/key/key/key.core/build/resources/main/de/uka/ilkd/key/proof/rules/ifThenElseRules.key:251:28: extraneous input '(' expecting {'\lemma', '}', IDENT, '/*!'} [@1741,7416:7416='(',<146>,251:28] (rulesOrAxioms, decls, file) 
302350     WARN  Test worker     d.u.i.k.n.KeYParser       [syntax-error] file:/home/runner/work/key/key/key.core/build/resources/main/de/uka/ilkd/key/proof/rules/ifThenElseRules.key:251:33: mismatched input '->' expecting {'(', '{'} [@1744,7421:7422='->',<158>,251:33] (taclet, rulesOrAxioms, decls, file) 
302350     WARN  Test worker     d.u.i.k.n.KeYParser       [syntax-error] file:/home/runner/work/key/key/key.core/build/resources/main/de/uka/ilkd/key/proof/rules/ifThenElseRules.key:255:14: mismatched input '\ifExintVar' expecting {MODALITY, FORALL, EXISTS, '\if', '\ifEx', 'true', 'false', '(', '{', '@', NOT, SEQARROW, '-', STRING_LITERAL, CHAR_LITERAL, BIN_LITERAL, HEX_LITERAL, IDENT, INT_LITERAL, FLOAT_LITERAL, DOUBLE_LITERAL, REAL_LITERAL} [@1765,7506:7516='\ifExintVar',<188>,255:14] (termorseq, taclet, rulesOrAxioms, decls, file) 
302350     WARN  Test worker     d.u.i.k.n.KeYParser       [syntax-error] file:/home/runner/work/key/key/key.core/build/resources/main/de/uka/ilkd/key/proof/rules/ifThenElseRules.key:255:27: extraneous input '(' expecting {'\lemma', '}', IDENT, '/*!'} [@1768,7519:7519='(',<146>,255:27] (rulesOrAxioms, decls, file) 
302351     WARN  Test worker     d.u.i.k.n.KeYParser       [syntax-error] file:/home/runner/work/key/key/key.core/build/resources/main/de/uka/ilkd/key/proof/rules/ifThenElseRules.key:255:31: mismatched input ')' expecting {'(', '{'} [@1770,7523:7523=')',<147>,255:31] (taclet, rulesOrAxioms, decls, file) 
302351     WARN  Test worker     d.u.i.k.n.KeYParser       [syntax-error] file:/home/runner/work/key/key/key.core/build/resources/main/de/uka/ilkd/key/proof/rules/ifThenElseRules.key:258:52: extraneous input '0' expecting {'\lemma', '}', IDENT, '/*!'} [@1809,7667:7667='0',<184>,258:52] (rulesOrAxioms, decls, file) 
302352     WARN  Test worker     d.u.i.k.n.KeYParser       [syntax-error] file:/home/runner/work/key/key/key.core/build/resources/main/de/uka/ilkd/key/proof/rules/ifThenElseRules.key:258:54: mismatched input 'then' expecting {<EOF>, '\problem', '\chooseContract', '\proofObligation', '\proof'} [@1811,7669:7672='then',<183>,258:54] (file) 
302353     ERROR Test worker     d.u.i.k.s.n.MasterHandlerTest Error reading /home/runner/work/key/key/key.core/build/resources/test/de/uka/ilkd/key/smt/newsmt2/cases/types2.props de.uka.ilkd.key.proof.io.ProblemLoaderException: line 135:14 mismatched input '\ifExintVar' expecting {MODALITY, FORALL, EXISTS, '\if', '\ifEx', 'true', 'false', '(', '{', '@', NOT, SEQARROW, '-', STRING_LITERAL, CHAR_LITERAL, BIN_LITERAL, HEX_LITERAL, IDENT, INT_LITERAL, FLOAT_LITERAL, DOUBLE_LITERAL, REAL_LITERAL}
line 135:27 extraneous input '(' expecting {'\lemma', '}', IDENT, '/*!'}
line 135:44 mismatched input ')' expecting {'(', '{'}
line 141:14 mismatched input '\ifExintVar' expecting {MODALITY, FORALL, EXISTS, '\if', '\ifEx', 'true', 'false', '(', '{', '@', NOT, SEQARROW, '-', STRING_LITERAL, CHAR_LITERAL, BIN_LITERAL, HEX_LITERAL, IDENT, INT_LITERAL, FLOAT_LITERAL, DOUBLE_LITERAL, REAL_LITERAL}
line 141:27 extraneous input '(' expecting {'\lemma', '}', IDENT, '/*!'}
line 141:41 mismatched input ')' expecting {'(', '{'}
line 148:14 mismatched input '\ifExintVar' expecting {MODALITY, FORALL, EXISTS, '\if', '\ifEx', 'true', 'false', '(', '{', '@', NOT, SEQARROW, '-', STRING_LITERAL, CHAR_LITERAL, BIN_LITERAL, HEX_LITERAL, IDENT, INT_LITERAL, FLOAT_LITERAL, DOUBLE_LITERAL, REAL_LITERAL}
line 148:27 extraneous input '(' expecting {'\lemma', '}', IDENT, '/*!'}
line 148:35 mismatched input '=' expecting {'(', '{'}
line 150:38 mismatched input '}' expecting {'(', '{'}
line 155:14 mismatched input '\ifExintVar' expecting {MODALITY, FORALL, EXISTS, '\if', '\ifEx', 'true', 'false', '(', '{', '@', NOT, SEQARROW, '-', STRING_LITERAL, CHAR_LITERAL, BIN_LITERAL, HEX_LITERAL, IDENT, INT_LITERAL, FLOAT_LITERAL, DOUBLE_LITERAL, REAL_LITERAL}
line 155:27 extraneous input '(' expecting {'\lemma', '}', IDENT, '/*!'}
line 155:35 mismatched input '=' expecting {'(', '{'}
line 157:38 mismatched input '}' expecting {'(', '{'}
line 163:14 mismatched input '\ifExintVar' expecting {MODALITY, FORALL, EXISTS, '\if', '\ifEx', 'true', 'false', '(', '{', '@', NOT, SEQARROW, '-', STRING_LITERAL, CHAR_LITERAL, BIN_LITERAL, HEX_LITERAL, IDENT, INT_LITERAL, FLOAT_LITERAL, DOUBLE_LITERAL, REAL_LITERAL}
line 163:27 extraneous input '(' expecting {'\lemma', '}', IDENT, '/*!'}
line 163:30 mismatched input '=' expecting {'(', '{'}
line 165:38 mismatched input '}' expecting {'(', '{'}
line 171:14 mismatched input '\ifExintVar' expecting {MODALITY, FORALL, EXISTS, '\if', '\ifEx', 'true', 'false', '(', '{', '@', NOT, SEQARROW, '-', STRING_LITERAL, CHAR_LITERAL, BIN_LITERAL, HEX_LITERAL, IDENT, INT_LITERAL, FLOAT_LITERAL, DOUBLE_LITERAL, REAL_LITERAL}
line 171:27 extraneous input '(' expecting {'\lemma', '}', IDENT, '/*!'}
line 171:30 mismatched input '=' expecting {'(', '{'}
line 173:38 mismatched input '}' expecting {'(', '{'}
line 179:14 mismatched input '\ifExintVar' expecting {MODALITY, FORALL, EXISTS, '\if', '\ifEx', 'true', 'false', '(', '{', '@', NOT, SEQARROW, '-', STRING_LITERAL, CHAR_LITERAL, BIN_LITERAL, HEX_LITERAL, IDENT, INT_LITERAL, FLOAT_LITERAL, DOUBLE_LITERAL, REAL_LITERAL}
line 179:27 extraneous input '(' expecting {'\lemma', '}', IDENT, '/*!'}
line 179:32 mismatched input '&' expecting {'(', '{'}
line 181:42 mismatched input '}' expecting {'(', '{'}
line 182:39 mismatched input '}' expecting {'(', '{'}
line 188:14 mismatched input '\ifExintVar' expecting {MODALITY, FORALL, EXISTS, '\if', '\ifEx', 'true', 'false', '(', '{', '@', NOT, SEQARROW, '-', STRING_LITERAL, CHAR_LITERAL, BIN_LITERAL, HEX_LITERAL, IDENT, INT_LITERAL, FLOAT_LITERAL, DOUBLE_LITERAL, REAL_LITERAL}
line 188:27 extraneous input '(' expecting {'\lemma', '}', IDENT, '/*!'}
line 188:32 mismatched input '&' expecting {'(', '{'}
line 190:42 mismatched input '}' expecting {'(', '{'}
line 191:39 mismatched input '}' expecting {'(', '{'}
line 198:14 mismatched input '\ifExintVar' expecting {MODALITY, FORALL, EXISTS, '\if', '\ifEx', 'true', 'false', '(', '{', '@', NOT, SEQARROW, '-', STRING_LITERAL, CHAR_LITERAL, BIN_LITERAL, HEX_LITERAL, IDENT, INT_LITERAL, FLOAT_LITERAL, DOUBLE_LITERAL, REAL_LITERAL}
line 198:27 extraneous input '(' expecting {'\lemma', '}', IDENT, '/*!'}
line 198:32 mismatched input '&' expecting {'(', '{'}
line 200:42 mismatched input '}' expecting {'(', '{'}
line 201:39 mismatched input '}' expecting {'(', '{'}
line 208:14 mismatched input '\ifExintVar' expecting {MODALITY, FORALL, EXISTS, '\if', '\ifEx', 'true', 'false', '(', '{', '@', NOT, SEQARROW, '-', STRING_LITERAL, CHAR_LITERAL, BIN_LITERAL, HEX_LITERAL, IDENT, INT_LITERAL, FLOAT_LITERAL, DOUBLE_LITERAL, REAL_LITERAL}
line 208:27 extraneous input '(' expecting {'\lemma', '}', IDENT, '/*!'}
line 208:32 mismatched input '&' expecting {'(', '{'}
line 210:42 mismatched input '}' expecting {'(', '{'}
line 211:39 mismatched input '}' expecting {'(', '{'}
line 218:14 mismatched input '\ifExintVar' expecting {MODALITY, FORALL, EXISTS, '\if', '\ifEx', 'true', 'false', '(', '{', '@', NOT, SEQARROW, '-', STRING_LITERAL, CHAR_LITERAL, BIN_LITERAL, HEX_LITERAL, IDENT, INT_LITERAL, FLOAT_LITERAL, DOUBLE_LITERAL, REAL_LITERAL}
line 218:27 extraneous input '(' expecting {'\lemma', '}', IDENT, '/*!'}
line 218:31 mismatched input ')' expecting {'(', '{'}
line 220:44 mismatched input ')' expecting {'(', '{'}
line 225:14 mismatched input '\ifExintVar' expecting {MODALITY, FORALL, EXISTS, '\if', '\ifEx', 'true', 'false', '(', '{', '@', NOT, SEQARROW, '-', STRING_LITERAL, CHAR_LITERAL, BIN_LITERAL, HEX_LITERAL, IDENT, INT_LITERAL, FLOAT_LITERAL, DOUBLE_LITERAL, REAL_LITERAL}
line 225:27 extraneous input '(' expecting {'\lemma', '}', IDENT, '/*!'}
line 225:31 mismatched input ')' expecting {'(', '{'}
line 227:44 mismatched input ')' expecting {'(', '{'}
line 233:14 mismatched input '\ifExintVar' expecting {MODALITY, FORALL, EXISTS, '\if', '\ifEx', 'true', 'false', '(', '{', '@', NOT, SEQARROW, '-', STRING_LITERAL, CHAR_LITERAL, BIN_LITERAL, HEX_LITERAL, IDENT, INT_LITERAL, FLOAT_LITERAL, DOUBLE_LITERAL, REAL_LITERAL}
line 233:27 extraneous input '(' expecting {'\lemma', '}', IDENT, '/*!'}
line 233:31 mismatched input ')' expecting {'(', '{'}
line 237:42 mismatched input '}' expecting {'(', '{'}
line 238:34 mismatched input '}' expecting {'(', '{'}
line 239:28 extraneous input '(' expecting {'\lemma', '}', IDENT, '/*!'}
line 239:33 mismatched input '->' expecting {'(', '{'}
line 240:8 extraneous input '\replacewith' expecting {'\lemma', '}', IDENT, '/*!'}
line 240:25 mismatched input ')' expecting {'(', '{'}
line 240:56 mismatched input ')' expecting {'(', '{'}
line 245:14 mismatched input '\ifExintVar' expecting {MODALITY, FORALL, EXISTS, '\if', '\ifEx', 'true', 'false', '(', '{', '@', NOT, SEQARROW, '-', STRING_LITERAL, CHAR_LITERAL, BIN_LITERAL, HEX_LITERAL, IDENT, INT_LITERAL, FLOAT_LITERAL, DOUBLE_LITERAL, REAL_LITERAL}
line 245:27 extraneous input '(' expecting {'\lemma', '}', IDENT, '/*!'}
line 245:31 mismatched input ')' expecting {'(', '{'}
line 248:45 mismatched input '}' expecting {'(', '{'}
line 249:8 extraneous input '\replacewith' expecting {'\lemma', '}', IDENT, '/*!'}
line 249:38 mismatched input ')' expecting {'(', '{'}
line 250:42 mismatched input '}' expecting {'(', '{'}
line 251:28 extraneous input '(' expecting {'\lemma', '}', IDENT, '/*!'}
line 251:33 mismatched input '->' expecting {'(', '{'}
line 255:14 mismatched input '\ifExintVar' expecting {MODALITY, FORALL, EXISTS, '\if', '\ifEx', 'true', 'false', '(', '{', '@', NOT, SEQARROW, '-', STRING_LITERAL, CHAR_LITERAL, BIN_LITERAL, HEX_LITERAL, IDENT, INT_LITERAL, FLOAT_LITERAL, DOUBLE_LITERAL, REAL_LITERAL}
line 255:27 extraneous input '(' expecting {'\lemma', '}', IDENT, '/*!'}
line 255:31 mismatched input ')' expecting {'(', '{'}
line 258:52 extraneous input '0' expecting {'\lemma', '}', IDENT, '/*!'}
line 258:54 mismatched input 'then' expecting {<EOF>, '\problem', '\chooseContract', '\proofObligation', '\proof'}

	at de.uka.ilkd.key.control.AbstractUserInterfaceControl.load(AbstractUserInterfaceControl.java:221)
Caused by: de.uka.ilkd.key.proof.init.ProofInputException: line 135:14 mismatched input '\ifExintVar' expecting {MODALITY, FORALL, EXISTS, '\if', '\ifEx', 'true', 'false', '(', '{', '@', NOT, SEQARROW, '-', STRING_LITERAL, CHAR_LITERAL, BIN_LITERAL, HEX_LITERAL, IDENT, INT_LITERAL, FLOAT_LITERAL, DOUBLE_LITERAL, REAL_LITERAL}
line 135:27 extraneous input '(' expecting {'\lemma', '}', IDENT, '/*!'}
line 135:44 mismatched input ')' expecting {'(', '{'}
line 141:14 mismatched input '\ifExintVar' expecting {MODALITY, FORALL, EXISTS, '\if', '\ifEx', 'true', 'false', '(', '{', '@', NOT, SEQARROW, '-', STRING_LITERAL, CHAR_LITERAL, BIN_LITERAL, HEX_LITERAL, IDENT, INT_LITERAL, FLOAT_LITERAL, DOUBLE_LITERAL, REAL_LITERAL}
line 141:27 extraneous input '(' expecting {'\lemma', '}', IDENT, '/*!'}
line 141:41 mismatched input ')' expecting {'(', '{'}
line 148:14 mismatched input '\ifExintVar' expecting {MODALITY, FORALL, EXISTS, '\if', '\ifEx', 'true', 'false', '(', '{', '@', NOT, SEQARROW, '-', STRING_LITERAL, CHAR_LITERAL, BIN_LITERAL, HEX_LITERAL, IDENT, INT_LITERAL, FLOAT_LITERAL, DOUBLE_LITERAL, REAL_LITERAL}
line 148:27 extraneous input '(' expecting {'\lemma', '}', IDENT, '/*!'}
line 148:35 mismatched input '=' expecting {'(', '{'}
line 150:38 mismatched input '}' expecting {'(', '{'}
line 155:14 mismatched input '\ifExintVar' expecting {MODALITY, FORALL, EXISTS, '\if', '\ifEx', 'true', 'false', '(', '{', '@', NOT, SEQARROW, '-', STRING_LITERAL, CHAR_LITERAL, BIN_LITERAL, HEX_LITERAL, IDENT, INT_LITERAL, FLOAT_LITERAL, DOUBLE_LITERAL, REAL_LITERAL}
line 155:27 extraneous input '(' expecting {'\lemma', '}', IDENT, '/*!'}
line 155:35 mismatched input '=' expecting {'(', '{'}
line 157:38 mismatched input '}' expecting {'(', '{'}
line 163:14 mismatched input '\ifExintVar' expecting {MODALITY, FORALL, EXISTS, '\if', '\ifEx', 'true', 'false', '(', '{', '@', NOT, SEQARROW, '-', STRING_LITERAL, CHAR_LITERAL, BIN_LITERAL, HEX_LITERAL, IDENT, INT_LITERAL, FLOAT_LITERAL, DOUBLE_LITERAL, REAL_LITERAL}
line 163:27 extraneous input '(' expecting {'\lemma', '}', IDENT, '/*!'}
line 163:30 mismatched input '=' expecting {'(', '{'}
line 165:38 mismatched input '}' expecting {'(', '{'}
line 171:14 mismatched input '\ifExintVar' expecting {MODALITY, FORALL, EXISTS, '\if', '\ifEx', 'true', 'false', '(', '{', '@', NOT, SEQARROW, '-', STRING_LITERAL, CHAR_LITERAL, BIN_LITERAL, HEX_LITERAL, IDENT, INT_LITERAL, FLOAT_LITERAL, DOUBLE_LITERAL, REAL_LITERAL}
line 171:27 extraneous input '(' expecting {'\lemma', '}', IDENT, '/*!'}
line 171:30 mismatched input '=' expecting {'(', '{'}
line 173:38 mismatched input '}' expecting {'(', '{'}
line 179:14 mismatched input '\ifExintVar' expecting {MODALITY, FORALL, EXISTS, '\if', '\ifEx', 'true', 'false', '(', '{', '@', NOT, SEQARROW, '-', STRING_LITERAL, CHAR_LITERAL, BIN_LITERAL, HEX_LITERAL, IDENT, INT_LITERAL, FLOAT_LITERAL, DOUBLE_LITERAL, REAL_LITERAL}
line 179:27 extraneous input '(' expecting {'\lemma', '}', IDENT, '/*!'}
line 179:32 mismatched input '&' expecting {'(', '{'}
line 181:42 mismatched input '}' expecting {'(', '{'}
line 182:39 mismatched input '}' expecting {'(', '{'}
line 188:14 mismatched input '\ifExintVar' expecting {MODALITY, FORALL, EXISTS, '\if', '\ifEx', 'true', 'false', '(', '{', '@', NOT, SEQARROW, '-', STRING_LITERAL, CHAR_LITERAL, BIN_LITERAL, HEX_LITERAL, IDENT, INT_LITERAL, FLOAT_LITERAL, DOUBLE_LITERAL, REAL_LITERAL}
line 188:27 extraneous input '(' expecting {'\lemma', '}', IDENT, '/*!'}
line 188:32 mismatched input '&' expecting {'(', '{'}
line 190:42 mismatched input '}' expecting {'(', '{'}
line 191:39 mismatched input '}' expecting {'(', '{'}
line 198:14 mismatched input '\ifExintVar' expecting {MODALITY, FORALL, EXISTS, '\if', '\ifEx', 'true', 'false', '(', '{', '@', NOT, SEQARROW, '-', STRING_LITERAL, CHAR_LITERAL, BIN_LITERAL, HEX_LITERAL, IDENT, INT_LITERAL, FLOAT_LITERAL, DOUBLE_LITERAL, REAL_LITERAL}
line 198:27 extraneous input '(' expecting {'\lemma', '}', IDENT, '/*!'}
line 198:32 mismatched input '&' expecting {'(', '{'}
line 200:42 mismatched input '}' expecting {'(', '{'}
line 201:39 mismatched input '}' expecting {'(', '{'}
line 208:14 mismatched input '\ifExintVar' expecting {MODALITY, FORALL, EXISTS, '\if', '\ifEx', 'true', 'false', '(', '{', '@', NOT, SEQARROW, '-', STRING_LITERAL, CHAR_LITERAL, BIN_LITERAL, HEX_LITERAL, IDENT, INT_LITERAL, FLOAT_LITERAL, DOUBLE_LITERAL, REAL_LITERAL}
line 208:27 extraneous input '(' expecting {'\lemma', '}', IDENT, '/*!'}
line 208:32 mismatched input '&' expecting {'(', '{'}
line 210:42 mismatched input '}' expecting {'(', '{'}
line 211:39 mismatched input '}' expecting {'(', '{'}
line 218:14 mismatched input '\ifExintVar' expecting {MODALITY, FORALL, EXISTS, '\if', '\ifEx', 'true', 'false', '(', '{', '@', NOT, SEQARROW, '-', STRING_LITERAL, CHAR_LITERAL, BIN_LITERAL, HEX_LITERAL, IDENT, INT_LITERAL, FLOAT_LITERAL, DOUBLE_LITERAL, REAL_LITERAL}
line 218:27 extraneous input '(' expecting {'\lemma', '}', IDENT, '/*!'}
line 218:31 mismatched input ')' expecting {'(', '{'}
line 220:44 mismatched input ')' expecting {'(', '{'}
line 225:14 mismatched input '\ifExintVar' expecting {MODALITY, FORALL, EXISTS, '\if', '\ifEx', 'true', 'false', '(', '{', '@', NOT, SEQARROW, '-', STRING_LITERAL, CHAR_LITERAL, BIN_LITERAL, HEX_LITERAL, IDENT, INT_LITERAL, FLOAT_LITERAL, DOUBLE_LITERAL, REAL_LITERAL}
line 225:27 extraneous input '(' expecting {'\lemma', '}', IDENT, '/*!'}
line 225:31 mismatched input ')' expecting {'(', '{'}
line 227:44 mismatched input ')' expecting {'(', '{'}
line 233:14 mismatched input '\ifExintVar' expecting {MODALITY, FORALL, EXISTS, '\if', '\ifEx', 'true', 'false', '(', '{', '@', NOT, SEQARROW, '-', STRING_LITERAL, CHAR_LITERAL, BIN_LITERAL, HEX_LITERAL, IDENT, INT_LITERAL, FLOAT_LITERAL, DOUBLE_LITERAL, REAL_LITERAL}
line 233:27 extraneous input '(' expecting {'\lemma', '}', IDENT, '/*!'}
line 233:31 mismatched input ')' expecting {'(', '{'}
line 237:42 mismatched input '}' expecting {'(', '{'}
line 238:34 mismatched input '}' expecting {'(', '{'}
line 239:28 extraneous input '(' expecting {'\lemma', '}', IDENT, '/*!'}
line 239:33 mismatched input '->' expecting {'(', '{'}
line 240:8 extraneous input '\replacewith' expecting {'\lemma', '}', IDENT, '/*!'}
line 240:25 mismatched input ')' expecting {'(', '{'}
line 240:56 mismatched input ')' expecting {'(', '{'}
line 245:14 mismatched input '\ifExintVar' expecting {MODALITY, FORALL, EXISTS, '\if', '\ifEx', 'true', 'false', '(', '{', '@', NOT, SEQARROW, '-', STRING_LITERAL, CHAR_LITERAL, BIN_LITERAL, HEX_LITERAL, IDENT, INT_LITERAL, FLOAT_LITERAL, DOUBLE_LITERAL, REAL_LITERAL}
line 245:27 extraneous input '(' expecting {'\lemma', '}', IDENT, '/*!'}
line 245:31 mismatched input ')' expecting {'(', '{'}
line 248:45 mismatched input '}' expecting {'(', '{'}
line 249:8 extraneous input '\replacewith' expecting {'\lemma', '}', IDENT, '/*!'}
line 249:38 mismatched input ')' expecting {'(', '{'}
line 250:42 mismatched input '}' expecting {'(', '{'}
line 251:28 extraneous input '(' expecting {'\lemma', '}', IDENT, '/*!'}
line 251:33 mismatched input '->' expecting {'(', '{'}
line 255:14 mismatched input '\ifExintVar' expecting {MODALITY, FORALL, EXISTS, '\if', '\ifEx', 'true', 'false', '(', '{', '@', NOT, SEQARROW, '-', STRING_LITERAL, CHAR_LITERAL, BIN_LITERAL, HEX_LITERAL, IDENT, INT_LITERAL, FLOAT_LITERAL, DOUBLE_LITERAL, REAL_LITERAL}
line 255:27 extraneous input '(' expecting {'\lemma', '}', IDENT, '/*!'}
line 255:31 mismatched input ')' expecting {'(', '{'}
line 258:52 extraneous input '0' expecting {'\lemma', '}', IDENT, '/*!'}
line 258:54 mismatched input 'then' expecting {<EOF>, '\problem', '\chooseContract', '\proofObligation', '\proof'}

	at de.uka.ilkd.key.proof.io.KeYFile.readIncludes(KeYFile.java:210)
Caused by: de.uka.ilkd.key.util.parsing.SyntaxErrorReporter$ParserException: line 135:14 mismatched input '\ifExintVar' expecting {MODALITY, FORALL, EXISTS, '\if', '\ifEx', 'true', 'false', '(', '{', '@', NOT, SEQARROW, '-', STRING_LITERAL, CHAR_LITERAL, BIN_LITERAL, HEX_LITERAL, IDENT, INT_LITERAL, FLOAT_LITERAL, DOUBLE_LITERAL, REAL_LITERAL}
line 135:27 extraneous input '(' expecting {'\lemma', '}', IDENT, '/*!'}
line 135:44 mismatched input ')' expecting {'(', '{'}
line 141:14 mismatched input '\ifExintVar' expecting {MODALITY, FORALL, EXISTS, '\if', '\ifEx', 'true', 'false', '(', '{', '@', NOT, SEQARROW, '-', STRING_LITERAL, CHAR_LITERAL, BIN_LITERAL, HEX_LITERAL, IDENT, INT_LITERAL, FLOAT_LITERAL, DOUBLE_LITERAL, REAL_LITERAL}
line 141:27 extraneous input '(' expecting {'\lemma', '}', IDENT, '/*!'}
line 141:41 mismatched input ')' expecting {'(', '{'}
line 148:14 mismatched input '\ifExintVar' expecting {MODALITY, FORALL, EXISTS, '\if', '\ifEx', 'true', 'false', '(', '{', '@', NOT, SEQARROW, '-', STRING_LITERAL, CHAR_LITERAL, BIN_LITERAL, HEX_LITERAL, IDENT, INT_LITERAL, FLOAT_LITERAL, DOUBLE_LITERAL, REAL_LITERAL}
line 148:27 extraneous input '(' expecting {'\lemma', '}', IDENT, '/*!'}
line 148:35 mismatched input '=' expecting {'(', '{'}
line 150:38 mismatched input '}' expecting {'(', '{'}
line 155:14 mismatched input '\ifExintVar' expecting {MODALITY, FORALL, EXISTS, '\if', '\ifEx', 'true', 'false', '(', '{', '@', NOT, SEQARROW, '-', STRING_LITERAL, CHAR_LITERAL, BIN_LITERAL, HEX_LITERAL, IDENT, INT_LITERAL, FLOAT_LITERAL, DOUBLE_LITERAL, REAL_LITERAL}
line 155:27 extraneous input '(' expecting {'\lemma', '}', IDENT, '/*!'}
line 155:35 mismatched input '=' expecting {'(', '{'}
line 157:38 mismatched input '}' expecting {'(', '{'}
line 163:14 mismatched input '\ifExintVar' expecting {MODALITY, FORALL, EXISTS, '\if', '\ifEx', 'true', 'false', '(', '{', '@', NOT, SEQARROW, '-', STRING_LITERAL, CHAR_LITERAL, BIN_LITERAL, HEX_LITERAL, IDENT, INT_LITERAL, FLOAT_LITERAL, DOUBLE_LITERAL, REAL_LITERAL}
line 163:27 extraneous input '(' expecting {'\lemma', '}', IDENT, '/*!'}
line 163:30 mismatched input '=' expecting {'(', '{'}
line 165:38 mismatched input '}' expecting {'(', '{'}
line 171:14 mismatched input '\ifExintVar' expecting {MODALITY, FORALL, EXISTS, '\if', '\ifEx', 'true', 'false', '(', '{', '@', NOT, SEQARROW, '-', STRING_LITERAL, CHAR_LITERAL, BIN_LITERAL, HEX_LITERAL, IDENT, INT_LITERAL, FLOAT_LITERAL, DOUBLE_LITERAL, REAL_LITERAL}
line 171:27 extraneous input '(' expecting {'\lemma', '}', IDENT, '/*!'}
line 171:30 mismatched input '=' expecting {'(', '{'}
line 173:38 mismatched input '}' expecting {'(', '{'}
line 179:14 mismatched input '\ifExintVar' expecting {MODALITY, FORALL, EXISTS, '\if', '\ifEx', 'true', 'false', '(', '{', '@', NOT, SEQARROW, '-', STRING_LITERAL, CHAR_LITERAL, BIN_LITERAL, HEX_LITERAL, IDENT, INT_LITERAL, FLOAT_LITERAL, DOUBLE_LITERAL, REAL_LITERAL}
line 179:27 extraneous input '(' expecting {'\lemma', '}', IDENT, '/*!'}
line 179:32 mismatched input '&' expecting {'(', '{'}
line 181:42 mismatched input '}' expecting {'(', '{'}
line 182:39 mismatched input '}' expecting {'(', '{'}
line 188:14 mismatched input '\ifExintVar' expecting {MODALITY, FORALL, EXISTS, '\if', '\ifEx', 'true', 'false', '(', '{', '@', NOT, SEQARROW, '-', STRING_LITERAL, CHAR_LITERAL, BIN_LITERAL, HEX_LITERAL, IDENT, INT_LITERAL, FLOAT_LITERAL, DOUBLE_LITERAL, REAL_LITERAL}
line 188:27 extraneous input '(' expecting {'\lemma', '}', IDENT, '/*!'}
line 188:32 mismatched input '&' expecting {'(', '{'}
line 190:42 mismatched input '}' expecting {'(', '{'}
line 191:39 mismatched input '}' expecting {'(', '{'}
line 198:14 mismatched input '\ifExintVar' expecting {MODALITY, FORALL, EXISTS, '\if', '\ifEx', 'true', 'false', '(', '{', '@', NOT, SEQARROW, '-', STRING_LITERAL, CHAR_LITERAL, BIN_LITERAL, HEX_LITERAL, IDENT, INT_LITERAL, FLOAT_LITERAL, DOUBLE_LITERAL, REAL_LITERAL}
line 198:27 extraneous input '(' expecting {'\lemma', '}', IDENT, '/*!'}
line 198:32 mismatched input '&' expecting {'(', '{'}
line 200:42 mismatched input '}' expecting {'(', '{'}
line 201:39 mismatched input '}' expecting {'(', '{'}
line 208:14 mismatched input '\ifExintVar' expecting {MODALITY, FORALL, EXISTS, '\if', '\ifEx', 'true', 'false', '(', '{', '@', NOT, SEQARROW, '-', STRING_LITERAL, CHAR_LITERAL, BIN_LITERAL, HEX_LITERAL, IDENT, INT_LITERAL, FLOAT_LITERAL, DOUBLE_LITERAL, REAL_LITERAL}
line 208:27 extraneous input '(' expecting {'\lemma', '}', IDENT, '/*!'}
line 208:32 mismatched input '&' expecting {'(', '{'}
line 210:42 mismatched input '}' expecting {'(', '{'}
line 211:39 mismatched input '}' expecting {'(', '{'}
line 218:14 mismatched input '\ifExintVar' expecting {MODALITY, FORALL, EXISTS, '\if', '\ifEx', 'true', 'false', '(', '{', '@', NOT, SEQARROW, '-', STRING_LITERAL, CHAR_LITERAL, BIN_LITERAL, HEX_LITERAL, IDENT, INT_LITERAL, FLOAT_LITERAL, DOUBLE_LITERAL, REAL_LITERAL}
line 218:27 extraneous input '(' expecting {'\lemma', '}', IDENT, '/*!'}
line 218:31 mismatched input ')' expecting {'(', '{'}
line 220:44 mismatched input ')' expecting {'(', '{'}
line 225:14 mismatched input '\ifExintVar' expecting {MODALITY, FORALL, EXISTS, '\if', '\ifEx', 'true', 'false', '(', '{', '@', NOT, SEQARROW, '-', STRING_LITERAL, CHAR_LITERAL, BIN_LITERAL, HEX_LITERAL, IDENT, INT_LITERAL, FLOAT_LITERAL, DOUBLE_LITERAL, REAL_LITERAL}
line 225:27 extraneous input '(' expecting {'\lemma', '}', IDENT, '/*!'}
line 225:31 mismatched input ')' expecting {'(', '{'}
line 227:44 mismatched input ')' expecting {'(', '{'}
line 233:14 mismatched input '\ifExintVar' expecting {MODALITY, FORALL, EXISTS, '\if', '\ifEx', 'true', 'false', '(', '{', '@', NOT, SEQARROW, '-', STRING_LITERAL, CHAR_LITERAL, BIN_LITERAL, HEX_LITERAL, IDENT, INT_LITERAL, FLOAT_LITERAL, DOUBLE_LITERAL, REAL_LITERAL}
line 233:27 extraneous input '(' expecting {'\lemma', '}', IDENT, '/*!'}
line 233:31 mismatched input ')' expecting {'(', '{'}
line 237:42 mismatched input '}' expecting {'(', '{'}
line 238:34 mismatched input '}' expecting {'(', '{'}
line 239:28 extraneous input '(' expecting {'\lemma', '}', IDENT, '/*!'}
line 239:33 mismatched input '->' expecting {'(', '{'}
line 240:8 extraneous input '\replacewith' expecting {'\lemma', '}', IDENT, '/*!'}
line 240:25 mismatched input ')' expecting {'(', '{'}
line 240:56 mismatched input ')' expecting {'(', '{'}
line 245:14 mismatched input '\ifExintVar' expecting {MODALITY, FORALL, EXISTS, '\if', '\ifEx', 'true', 'false', '(', '{', '@', NOT, SEQARROW, '-', STRING_LITERAL, CHAR_LITERAL, BIN_LITERAL, HEX_LITERAL, IDENT, INT_LITERAL, FLOAT_LITERAL, DOUBLE_LITERAL, REAL_LITERAL}
line 245:27 extraneous input '(' expecting {'\lemma', '}', IDENT, '/*!'}
line 245:31 mismatched input ')' expecting {'(', '{'}
line 248:45 mismatched input '}' expecting {'(', '{'}
line 249:8 extraneous input '\replacewith' expecting {'\lemma', '}', IDENT, '/*!'}
line 249:38 mismatched input ')' expecting {'(', '{'}
line 250:42 mismatched input '}' expecting {'(', '{'}
line 251:28 extraneous input '(' expecting {'\lemma', '}', IDENT, '/*!'}
line 251:33 mismatched input '->' expecting {'(', '{'}
line 255:14 mismatched input '\ifExintVar' expecting {MODALITY, FORALL, EXISTS, '\if', '\ifEx', 'true', 'false', '(', '{', '@', NOT, SEQARROW, '-', STRING_LITERAL, CHAR_LITERAL, BIN_LITERAL, HEX_LITERAL, IDENT, INT_LITERAL, FLOAT_LITERAL, DOUBLE_LITERAL, REAL_LITERAL}
line 255:27 extraneous input '(' expecting {'\lemma', '}', IDENT, '/*!'}
line 255:31 mismatched input ')' expecting {'(', '{'}
line 258:52 extraneous input '0' expecting {'\lemma', '}', IDENT, '/*!'}
line 258:54 mismatched input 'then' expecting {<EOF>, '\problem', '\chooseContract', '\proofObligation', '\proof'}

	at de.uka.ilkd.key.util.parsing.SyntaxErrorReporter.throwException(SyntaxErrorReporter.java:89)

302398     WARN  Test worker     d.u.i.k.n.KeYParser       [syntax-error] file:/home/runner/work/key/key/key.core/build/resources/main/de/uka/ilkd/key/proof/rules/ifThenElseRules.key:135:14: mismatched input '\ifExintVar' expecting {MODALITY, FORALL, EXISTS, '\if', '\ifEx', 'true', 'false', '(', '{', '@', NOT, SEQARROW, '-', STRING_LITERAL, CHAR_LITERAL, BIN_LITERAL, HEX_LITERAL, IDENT, INT_LITERAL, FLOAT_LITERAL, DOUBLE_LITERAL, REAL_LITERAL} [@745,3563:3573='\ifExintVar',<188>,135:14] (termorseq, taclet, rulesOrAxioms, decls, file) 
302406     WARN  Test worker     d.u.i.k.n.KeYParser       [syntax-error] file:/home/runner/work/key/key/key.core/build/resources/main/de/uka/ilkd/key/proof/rules/ifThenElseRules.key:135:27: extraneous input '(' expecting {'\lemma', '}', IDENT, '/*!'} [@748,3576:3576='(',<146>,135:27] (rulesOrAxioms, decls, file) 
302407     WARN  Test worker     d.u.i.k.n.KeYParser       [syntax-error] file:/home/runner/work/key/key/key.core/build/resources/main/de/uka/ilkd/key/proof/rules/ifThenElseRules.key:135:44: mismatched input ')' expecting {'(', '{'} [@754,3593:3593=')',<147>,135:44] (taclet, rulesOrAxioms, decls, file) 
302407     WARN  Test worker     d.u.i.k.n.KeYParser       [syntax-error] file:/home/runner/work/key/key/key.core/build/resources/main/de/uka/ilkd/key/proof/rules/ifThenElseRules.key:141:14: mismatched input '\ifExintVar' expecting {MODALITY, FORALL, EXISTS, '\if', '\ifEx', 'true', 'false', '(', '{', '@', NOT, SEQARROW, '-', STRING_LITERAL, CHAR_LITERAL, BIN_LITERAL, HEX_LITERAL, IDENT, INT_LITERAL, FLOAT_LITERAL, DOUBLE_LITERAL, REAL_LITERAL} [@780,3716:3726='\ifExintVar',<188>,141:14] (termorseq, taclet, rulesOrAxioms, decls, file) 
302407     WARN  Test worker     d.u.i.k.n.KeYParser       [syntax-error] file:/home/runner/work/key/key/key.core/build/resources/main/de/uka/ilkd/key/proof/rules/ifThenElseRules.key:141:27: extraneous input '(' expecting {'\lemma', '}', IDENT, '/*!'} [@783,3729:3729='(',<146>,141:27] (rulesOrAxioms, decls, file) 
302407     WARN  Test worker     d.u.i.k.n.KeYParser       [syntax-error] file:/home/runner/work/key/key/key.core/build/resources/main/de/uka/ilkd/key/proof/rules/ifThenElseRules.key:141:41: mismatched input ')' expecting {'(', '{'} [@789,3743:3743=')',<147>,141:41] (taclet, rulesOrAxioms, decls, file) 
302407     WARN  Test worker     d.u.i.k.n.KeYParser       [syntax-error] file:/home/runner/work/key/key/key.core/build/resources/main/de/uka/ilkd/key/proof/rules/ifThenElseRules.key:148:14: mismatched input '\ifExintVar' expecting {MODALITY, FORALL, EXISTS, '\if', '\ifEx', 'true', 'false', '(', '{', '@', NOT, SEQARROW, '-', STRING_LITERAL, CHAR_LITERAL, BIN_LITERAL, HEX_LITERAL, IDENT, INT_LITERAL, FLOAT_LITERAL, DOUBLE_LITERAL, REAL_LITERAL} [@819,3896:3906='\ifExintVar',<188>,148:14] (termorseq, taclet, rulesOrAxioms, decls, file) 
302407     WARN  Test worker     d.u.i.k.n.KeYParser       [syntax-error] file:/home/runner/work/key/key/key.core/build/resources/main/de/uka/ilkd/key/proof/rules/ifThenElseRules.key:148:27: extraneous input '(' expecting {'\lemma', '}', IDENT, '/*!'} [@822,3909:3909='(',<146>,148:27] (rulesOrAxioms, decls, file) 
302407     WARN  Test worker     d.u.i.k.n.KeYParser       [syntax-error] file:/home/runner/work/key/key/key.core/build/resources/main/de/uka/ilkd/key/proof/rules/ifThenElseRules.key:148:35: mismatched input '=' expecting {'(', '{'} [@825,3917:3917='=',<159>,148:35] (taclet, rulesOrAxioms, decls, file) 
302407     WARN  Test worker     d.u.i.k.n.KeYParser       [syntax-error] file:/home/runner/work/key/key/key.core/build/resources/main/de/uka/ilkd/key/proof/rules/ifThenElseRules.key:150:38: mismatched input '}' expecting {'(', '{'} [@859,4023:4023='}',<149>,150:38] (taclet, rulesOrAxioms, decls, file) 
302408     WARN  Test worker     d.u.i.k.n.KeYParser       [syntax-error] file:/home/runner/work/key/key/key.core/build/resources/main/de/uka/ilkd/key/proof/rules/ifThenElseRules.key:155:14: mismatched input '\ifExintVar' expecting {MODALITY, FORALL, EXISTS, '\if', '\ifEx', 'true', 'false', '(', '{', '@', NOT, SEQARROW, '-', STRING_LITERAL, CHAR_LITERAL, BIN_LITERAL, HEX_LITERAL, IDENT, INT_LITERAL, FLOAT_LITERAL, DOUBLE_LITERAL, REAL_LITERAL} [@877,4109:4119='\ifExintVar',<188>,155:14] (termorseq, taclet, rulesOrAxioms, decls, file) 
302408     WARN  Test worker     d.u.i.k.n.KeYParser       [syntax-error] file:/home/runner/work/key/key/key.core/build/resources/main/de/uka/ilkd/key/proof/rules/ifThenElseRules.key:155:27: extraneous input '(' expecting {'\lemma', '}', IDENT, '/*!'} [@880,4122:4122='(',<146>,155:27] (rulesOrAxioms, decls, file) 
302408     WARN  Test worker     d.u.i.k.n.KeYParser       [syntax-error] file:/home/runner/work/key/key/key.core/build/resources/main/de/uka/ilkd/key/proof/rules/ifThenElseRules.key:155:35: mismatched input '=' expecting {'(', '{'} [@883,4130:4130='=',<159>,155:35] (taclet, rulesOrAxioms, decls, file) 
302408     WARN  Test worker     d.u.i.k.n.KeYParser       [syntax-error] file:/home/runner/work/key/key/key.core/build/resources/main/de/uka/ilkd/key/proof/rules/ifThenElseRules.key:157:38: mismatched input '}' expecting {'(', '{'} [@917,4230:4230='}',<149>,157:38] (taclet, rulesOrAxioms, decls, file) 
302408     WARN  Test worker     d.u.i.k.n.KeYParser       [syntax-error] file:/home/runner/work/key/key/key.core/build/resources/main/de/uka/ilkd/key/proof/rules/ifThenElseRules.key:163:14: mismatched input '\ifExintVar' expecting {MODALITY, FORALL, EXISTS, '\if', '\ifEx', 'true', 'false', '(', '{', '@', NOT, SEQARROW, '-', STRING_LITERAL, CHAR_LITERAL, BIN_LITERAL, HEX_LITERAL, IDENT, INT_LITERAL, FLOAT_LITERAL, DOUBLE_LITERAL, REAL_LITERAL} [@939,4350:4360='\ifExintVar',<188>,163:14] (termorseq, taclet, rulesOrAxioms, decls, file) 
302408     WARN  Test worker     d.u.i.k.n.KeYParser       [syntax-error] file:/home/runner/work/key/key/key.core/build/resources/main/de/uka/ilkd/key/proof/rules/ifThenElseRules.key:163:27: extraneous input '(' expecting {'\lemma', '}', IDENT, '/*!'} [@942,4363:4363='(',<146>,163:27] (rulesOrAxioms, decls, file) 
302408     WARN  Test worker     d.u.i.k.n.KeYParser       [syntax-error] file:/home/runner/work/key/key/key.core/build/resources/main/de/uka/ilkd/key/proof/rules/ifThenElseRules.key:163:30: mismatched input '=' expecting {'(', '{'} [@945,4366:4366='=',<159>,163:30] (taclet, rulesOrAxioms, decls, file) 
302408     WARN  Test worker     d.u.i.k.n.KeYParser       [syntax-error] file:/home/runner/work/key/key/key.core/build/resources/main/de/uka/ilkd/key/proof/rules/ifThenElseRules.key:165:38: mismatched input '}' expecting {'(', '{'} [@979,4477:4477='}',<149>,165:38] (taclet, rulesOrAxioms, decls, file) 
302409     WARN  Test worker     d.u.i.k.n.KeYParser       [syntax-error] file:/home/runner/work/key/key/key.core/build/resources/main/de/uka/ilkd/key/proof/rules/ifThenElseRules.key:171:14: mismatched input '\ifExintVar' expecting {MODALITY, FORALL, EXISTS, '\if', '\ifEx', 'true', 'false', '(', '{', '@', NOT, SEQARROW, '-', STRING_LITERAL, CHAR_LITERAL, BIN_LITERAL, HEX_LITERAL, IDENT, INT_LITERAL, FLOAT_LITERAL, DOUBLE_LITERAL, REAL_LITERAL} [@1001,4604:4614='\ifExintVar',<188>,171:14] (termorseq, taclet, rulesOrAxioms, decls, file) 
302409     WARN  Test worker     d.u.i.k.n.KeYParser       [syntax-error] file:/home/runner/work/key/key/key.core/build/resources/main/de/uka/ilkd/key/proof/rules/ifThenElseRules.key:171:27: extraneous input '(' expecting {'\lemma', '}', IDENT, '/*!'} [@1004,4617:4617='(',<146>,171:27] (rulesOrAxioms, decls, file) 
302409     WARN  Test worker     d.u.i.k.n.KeYParser       [syntax-error] file:/home/runner/work/key/key/key.core/build/resources/main/de/uka/ilkd/key/proof/rules/ifThenElseRules.key:171:30: mismatched input '=' expecting {'(', '{'} [@1007,4620:4620='=',<159>,171:30] (taclet, rulesOrAxioms, decls, file) 
302409     WARN  Test worker     d.u.i.k.n.KeYParser       [syntax-error] file:/home/runner/work/key/key/key.core/build/resources/main/de/uka/ilkd/key/proof/rules/ifThenElseRules.key:173:38: mismatched input '}' expecting {'(', '{'} [@1041,4725:4725='}',<149>,173:38] (taclet, rulesOrAxioms, decls, file) 
302409     WARN  Test worker     d.u.i.k.n.KeYParser       [syntax-error] file:/home/runner/work/key/key/key.core/build/resources/main/de/uka/ilkd/key/proof/rules/ifThenElseRules.key:179:14: mismatched input '\ifExintVar' expecting {MODALITY, FORALL, EXISTS, '\if', '\ifEx', 'true', 'false', '(', '{', '@', NOT, SEQARROW, '-', STRING_LITERAL, CHAR_LITERAL, BIN_LITERAL, HEX_LITERAL, IDENT, INT_LITERAL, FLOAT_LITERAL, DOUBLE_LITERAL, REAL_LITERAL} [@1063,4848:4858='\ifExintVar',<188>,179:14] (termorseq, taclet, rulesOrAxioms, decls, file) 
302409     WARN  Test worker     d.u.i.k.n.KeYParser       [syntax-error] file:/home/runner/work/key/key/key.core/build/resources/main/de/uka/ilkd/key/proof/rules/ifThenElseRules.key:179:27: extraneous input '(' expecting {'\lemma', '}', IDENT, '/*!'} [@1066,4861:4861='(',<146>,179:27] (rulesOrAxioms, decls, file) 
302409     WARN  Test worker     d.u.i.k.n.KeYParser       [syntax-error] file:/home/runner/work/key/key/key.core/build/resources/main/de/uka/ilkd/key/proof/rules/ifThenElseRules.key:179:32: mismatched input '&' expecting {'(', '{'} [@1069,4866:4866='&',<156>,179:32] (taclet, rulesOrAxioms, decls, file) 
302409     WARN  Test worker     d.u.i.k.n.KeYParser       [syntax-error] file:/home/runner/work/key/key/key.core/build/resources/main/de/uka/ilkd/key/proof/rules/ifThenElseRules.key:181:42: mismatched input '}' expecting {'(', '{'} [@1109,4985:4985='}',<149>,181:42] (taclet, rulesOrAxioms, decls, file) 
302409     WARN  Test worker     d.u.i.k.n.KeYParser       [syntax-error] file:/home/runner/work/key/key/key.core/build/resources/main/de/uka/ilkd/key/proof/rules/ifThenElseRules.key:182:39: mismatched input '}' expecting {'(', '{'} [@1122,5030:5030='}',<149>,182:39] (taclet, rulesOrAxioms, decls, file) 
302410     WARN  Test worker     d.u.i.k.n.KeYParser       [syntax-error] file:/home/runner/work/key/key/key.core/build/resources/main/de/uka/ilkd/key/proof/rules/ifThenElseRules.key:188:14: mismatched input '\ifExintVar' expecting {MODALITY, FORALL, EXISTS, '\if', '\ifEx', 'true', 'false', '(', '{', '@', NOT, SEQARROW, '-', STRING_LITERAL, CHAR_LITERAL, BIN_LITERAL, HEX_LITERAL, IDENT, INT_LITERAL, FLOAT_LITERAL, DOUBLE_LITERAL, REAL_LITERAL} [@1146,5149:5159='\ifExintVar',<188>,188:14] (termorseq, taclet, rulesOrAxioms, decls, file) 
302410     WARN  Test worker     d.u.i.k.n.KeYParser       [syntax-error] file:/home/runner/work/key/key/key.core/build/resources/main/de/uka/ilkd/key/proof/rules/ifThenElseRules.key:188:27: extraneous input '(' expecting {'\lemma', '}', IDENT, '/*!'} [@1149,5162:5162='(',<146>,188:27] (rulesOrAxioms, decls, file) 
302410     WARN  Test worker     d.u.i.k.n.KeYParser       [syntax-error] file:/home/runner/work/key/key/key.core/build/resources/main/de/uka/ilkd/key/proof/rules/ifThenElseRules.key:188:32: mismatched input '&' expecting {'(', '{'} [@1152,5167:5167='&',<156>,188:32] (taclet, rulesOrAxioms, decls, file) 
302410     WARN  Test worker     d.u.i.k.n.KeYParser       [syntax-error] file:/home/runner/work/key/key/key.core/build/resources/main/de/uka/ilkd/key/proof/rules/ifThenElseRules.key:190:42: mismatched input '}' expecting {'(', '{'} [@1192,5280:5280='}',<149>,190:42] (taclet, rulesOrAxioms, decls, file) 
302410     WARN  Test worker     d.u.i.k.n.KeYParser       [syntax-error] file:/home/runner/work/key/key/key.core/build/resources/main/de/uka/ilkd/key/proof/rules/ifThenElseRules.key:191:39: mismatched input '}' expecting {'(', '{'} [@1205,5325:5325='}',<149>,191:39] (taclet, rulesOrAxioms, decls, file) 
302410     WARN  Test worker     d.u.i.k.n.KeYParser       [syntax-error] file:/home/runner/work/key/key/key.core/build/resources/main/de/uka/ilkd/key/proof/rules/ifThenElseRules.key:198:14: mismatched input '\ifExintVar' expecting {MODALITY, FORALL, EXISTS, '\if', '\ifEx', 'true', 'false', '(', '{', '@', NOT, SEQARROW, '-', STRING_LITERAL, CHAR_LITERAL, BIN_LITERAL, HEX_LITERAL, IDENT, INT_LITERAL, FLOAT_LITERAL, DOUBLE_LITERAL, REAL_LITERAL} [@1233,5475:5485='\ifExintVar',<188>,198:14] (termorseq, taclet, rulesOrAxioms, decls, file) 
302410     WARN  Test worker     d.u.i.k.n.KeYParser       [syntax-error] file:/home/runner/work/key/key/key.core/build/resources/main/de/uka/ilkd/key/proof/rules/ifThenElseRules.key:198:27: extraneous input '(' expecting {'\lemma', '}', IDENT, '/*!'} [@1236,5488:5488='(',<146>,198:27] (rulesOrAxioms, decls, file) 
302410     WARN  Test worker     d.u.i.k.n.KeYParser       [syntax-error] file:/home/runner/work/key/key/key.core/build/resources/main/de/uka/ilkd/key/proof/rules/ifThenElseRules.key:198:32: mismatched input '&' expecting {'(', '{'} [@1239,5493:5493='&',<156>,198:32] (taclet, rulesOrAxioms, decls, file) 
302410     WARN  Test worker     d.u.i.k.n.KeYParser       [syntax-error] file:/home/runner/work/key/key/key.core/build/resources/main/de/uka/ilkd/key/proof/rules/ifThenElseRules.key:200:42: mismatched input '}' expecting {'(', '{'} [@1279,5612:5612='}',<149>,200:42] (taclet, rulesOrAxioms, decls, file) 
302411     WARN  Test worker     d.u.i.k.n.KeYParser       [syntax-error] file:/home/runner/work/key/key/key.core/build/resources/main/de/uka/ilkd/key/proof/rules/ifThenElseRules.key:201:39: mismatched input '}' expecting {'(', '{'} [@1292,5657:5657='}',<149>,201:39] (taclet, rulesOrAxioms, decls, file) 
302411     WARN  Test worker     d.u.i.k.n.KeYParser       [syntax-error] file:/home/runner/work/key/key/key.core/build/resources/main/de/uka/ilkd/key/proof/rules/ifThenElseRules.key:208:14: mismatched input '\ifExintVar' expecting {MODALITY, FORALL, EXISTS, '\if', '\ifEx', 'true', 'false', '(', '{', '@', NOT, SEQARROW, '-', STRING_LITERAL, CHAR_LITERAL, BIN_LITERAL, HEX_LITERAL, IDENT, INT_LITERAL, FLOAT_LITERAL, DOUBLE_LITERAL, REAL_LITERAL} [@1320,5817:5827='\ifExintVar',<188>,208:14] (termorseq, taclet, rulesOrAxioms, decls, file) 
302411     WARN  Test worker     d.u.i.k.n.KeYParser       [syntax-error] file:/home/runner/work/key/key/key.core/build/resources/main/de/uka/ilkd/key/proof/rules/ifThenElseRules.key:208:27: extraneous input '(' expecting {'\lemma', '}', IDENT, '/*!'} [@1323,5830:5830='(',<146>,208:27] (rulesOrAxioms, decls, file) 
302411     WARN  Test worker     d.u.i.k.n.KeYParser       [syntax-error] file:/home/runner/work/key/key/key.core/build/resources/main/de/uka/ilkd/key/proof/rules/ifThenElseRules.key:208:32: mismatched input '&' expecting {'(', '{'} [@1326,5835:5835='&',<156>,208:32] (taclet, rulesOrAxioms, decls, file) 
302411     WARN  Test worker     d.u.i.k.n.KeYParser       [syntax-error] file:/home/runner/work/key/key/key.core/build/resources/main/de/uka/ilkd/key/proof/rules/ifThenElseRules.key:210:42: mismatched input '}' expecting {'(', '{'} [@1366,5948:5948='}',<149>,210:42] (taclet, rulesOrAxioms, decls, file) 
302411     WARN  Test worker     d.u.i.k.n.KeYParser       [syntax-error] file:/home/runner/work/key/key/key.core/build/resources/main/de/uka/ilkd/key/proof/rules/ifThenElseRules.key:211:39: mismatched input '}' expecting {'(', '{'} [@1379,5993:5993='}',<149>,211:39] (taclet, rulesOrAxioms, decls, file) 
302411     WARN  Test worker     d.u.i.k.n.KeYParser       [syntax-error] file:/home/runner/work/key/key/key.core/build/resources/main/de/uka/ilkd/key/proof/rules/ifThenElseRules.key:218:14: mismatched input '\ifExintVar' expecting {MODALITY, FORALL, EXISTS, '\if', '\ifEx', 'true', 'false', '(', '{', '@', NOT, SEQARROW, '-', STRING_LITERAL, CHAR_LITERAL, BIN_LITERAL, HEX_LITERAL, IDENT, INT_LITERAL, FLOAT_LITERAL, DOUBLE_LITERAL, REAL_LITERAL} [@1407,6146:6156='\ifExintVar',<188>,218:14] (termorseq, taclet, rulesOrAxioms, decls, file) 
302411     WARN  Test worker     d.u.i.k.n.KeYParser       [syntax-error] file:/home/runner/work/key/key/key.core/build/resources/main/de/uka/ilkd/key/proof/rules/ifThenElseRules.key:218:27: extraneous input '(' expecting {'\lemma', '}', IDENT, '/*!'} [@1410,6159:6159='(',<146>,218:27] (rulesOrAxioms, decls, file) 
302411     WARN  Test worker     d.u.i.k.n.KeYParser       [syntax-error] file:/home/runner/work/key/key/key.core/build/resources/main/de/uka/ilkd/key/proof/rules/ifThenElseRules.key:218:31: mismatched input ')' expecting {'(', '{'} [@1412,6163:6163=')',<147>,218:31] (taclet, rulesOrAxioms, decls, file) 
302412     WARN  Test worker     d.u.i.k.n.KeYParser       [syntax-error] file:/home/runner/work/key/key/key.core/build/resources/main/de/uka/ilkd/key/proof/rules/ifThenElseRules.key:220:44: mismatched input ')' expecting {'(', '{'} [@1444,6275:6275=')',<147>,220:44] (taclet, rulesOrAxioms, decls, file) 
302412     WARN  Test worker     d.u.i.k.n.KeYParser       [syntax-error] file:/home/runner/work/key/key/key.core/build/resources/main/de/uka/ilkd/key/proof/rules/ifThenElseRules.key:225:14: mismatched input '\ifExintVar' expecting {MODALITY, FORALL, EXISTS, '\if', '\ifEx', 'true', 'false', '(', '{', '@', NOT, SEQARROW, '-', STRING_LITERAL, CHAR_LITERAL, BIN_LITERAL, HEX_LITERAL, IDENT, INT_LITERAL, FLOAT_LITERAL, DOUBLE_LITERAL, REAL_LITERAL} [@1471,6389:6399='\ifExintVar',<188>,225:14] (termorseq, taclet, rulesOrAxioms, decls, file) 
302412     WARN  Test worker     d.u.i.k.n.KeYParser       [syntax-error] file:/home/runner/work/key/key/key.core/build/resources/main/de/uka/ilkd/key/proof/rules/ifThenElseRules.key:225:27: extraneous input '(' expecting {'\lemma', '}', IDENT, '/*!'} [@1474,6402:6402='(',<146>,225:27] (rulesOrAxioms, decls, file) 
302412     WARN  Test worker     d.u.i.k.n.KeYParser       [syntax-error] file:/home/runner/work/key/key/key.core/build/resources/main/de/uka/ilkd/key/proof/rules/ifThenElseRules.key:225:31: mismatched input ')' expecting {'(', '{'} [@1476,6406:6406=')',<147>,225:31] (taclet, rulesOrAxioms, decls, file) 
302412     WARN  Test worker     d.u.i.k.n.KeYParser       [syntax-error] file:/home/runner/work/key/key/key.core/build/resources/main/de/uka/ilkd/key/proof/rules/ifThenElseRules.key:227:44: mismatched input ')' expecting {'(', '{'} [@1508,6509:6509=')',<147>,227:44] (taclet, rulesOrAxioms, decls, file) 
302412     WARN  Test worker     d.u.i.k.n.KeYParser       [syntax-error] file:/home/runner/work/key/key/key.core/build/resources/main/de/uka/ilkd/key/proof/rules/ifThenElseRules.key:233:14: mismatched input '\ifExintVar' expecting {MODALITY, FORALL, EXISTS, '\if', '\ifEx', 'true', 'false', '(', '{', '@', NOT, SEQARROW, '-', STRING_LITERAL, CHAR_LITERAL, BIN_LITERAL, HEX_LITERAL, IDENT, INT_LITERAL, FLOAT_LITERAL, DOUBLE_LITERAL, REAL_LITERAL} [@1539,6656:6666='\ifExintVar',<188>,233:14] (termorseq, taclet, rulesOrAxioms, decls, file) 
302412     WARN  Test worker     d.u.i.k.n.KeYParser       [syntax-error] file:/home/runner/work/key/key/key.core/build/resources/main/de/uka/ilkd/key/proof/rules/ifThenElseRules.key:233:27: extraneous input '(' expecting {'\lemma', '}', IDENT, '/*!'} [@1542,6669:6669='(',<146>,233:27] (rulesOrAxioms, decls, file) 
302412     WARN  Test worker     d.u.i.k.n.KeYParser       [syntax-error] file:/home/runner/work/key/key/key.core/build/resources/main/de/uka/ilkd/key/proof/rules/ifThenElseRules.key:233:31: mismatched input ')' expecting {'(', '{'} [@1544,6673:6673=')',<147>,233:31] (taclet, rulesOrAxioms, decls, file) 
302412     WARN  Test worker     d.u.i.k.n.KeYParser       [syntax-error] file:/home/runner/work/key/key/key.core/build/resources/main/de/uka/ilkd/key/proof/rules/ifThenElseRules.key:237:42: mismatched input '}' expecting {'(', '{'} [@1586,6850:6850='}',<149>,237:42] (taclet, rulesOrAxioms, decls, file) 
302417     WARN  Test worker     d.u.i.k.n.KeYParser       [syntax-error] file:/home/runner/work/key/key/key.core/build/resources/main/de/uka/ilkd/key/proof/rules/ifThenElseRules.key:238:34: mismatched input '}' expecting {'(', '{'} [@1599,6891:6891='}',<149>,238:34] (taclet, rulesOrAxioms, decls, file) 
302433     WARN  Test worker     d.u.i.k.n.KeYParser       [syntax-error] file:/home/runner/work/key/key/key.core/build/resources/main/de/uka/ilkd/key/proof/rules/ifThenElseRules.key:239:28: extraneous input '(' expecting {'\lemma', '}', IDENT, '/*!'} [@1608,6925:6925='(',<146>,239:28] (rulesOrAxioms, decls, file) 
302433     WARN  Test worker     d.u.i.k.n.KeYParser       [syntax-error] file:/home/runner/work/key/key/key.core/build/resources/main/de/uka/ilkd/key/proof/rules/ifThenElseRules.key:239:33: mismatched input '->' expecting {'(', '{'} [@1611,6930:6931='->',<158>,239:33] (taclet, rulesOrAxioms, decls, file) 
302433     WARN  Test worker     d.u.i.k.n.KeYParser       [syntax-error] file:/home/runner/work/key/key/key.core/build/resources/main/de/uka/ilkd/key/proof/rules/ifThenElseRules.key:240:8: extraneous input '\replacewith' expecting {'\lemma', '}', IDENT, '/*!'} [@1626,6979:6990='\replacewith',<105>,240:8] (rulesOrAxioms, decls, file) 
302433     WARN  Test worker     d.u.i.k.n.KeYParser       [syntax-error] file:/home/runner/work/key/key/key.core/build/resources/main/de/uka/ilkd/key/proof/rules/ifThenElseRules.key:240:25: mismatched input ')' expecting {'(', '{'} [@1629,6996:6996=')',<147>,240:25] (taclet, rulesOrAxioms, decls, file) 
302433     WARN  Test worker     d.u.i.k.n.KeYParser       [syntax-error] file:/home/runner/work/key/key/key.core/build/resources/main/de/uka/ilkd/key/proof/rules/ifThenElseRules.key:240:56: mismatched input ')' expecting {'(', '{'} [@1642,7027:7027=')',<147>,240:56] (taclet, rulesOrAxioms, decls, file) 
302433     WARN  Test worker     d.u.i.k.n.KeYParser       [syntax-error] file:/home/runner/work/key/key/key.core/build/resources/main/de/uka/ilkd/key/proof/rules/ifThenElseRules.key:245:14: mismatched input '\ifExintVar' expecting {MODALITY, FORALL, EXISTS, '\if', '\ifEx', 'true', 'false', '(', '{', '@', NOT, SEQARROW, '-', STRING_LITERAL, CHAR_LITERAL, BIN_LITERAL, HEX_LITERAL, IDENT, INT_LITERAL, FLOAT_LITERAL, DOUBLE_LITERAL, REAL_LITERAL} [@1658,7109:7119='\ifExintVar',<188>,245:14] (termorseq, taclet, rulesOrAxioms, decls, file) 
302433     WARN  Test worker     d.u.i.k.n.KeYParser       [syntax-error] file:/home/runner/work/key/key/key.core/build/resources/main/de/uka/ilkd/key/proof/rules/ifThenElseRules.key:245:27: extraneous input '(' expecting {'\lemma', '}', IDENT, '/*!'} [@1661,7122:7122='(',<146>,245:27] (rulesOrAxioms, decls, file) 
302433     WARN  Test worker     d.u.i.k.n.KeYParser       [syntax-error] file:/home/runner/work/key/key/key.core/build/resources/main/de/uka/ilkd/key/proof/rules/ifThenElseRules.key:245:31: mismatched input ')' expecting {'(', '{'} [@1663,7126:7126=')',<147>,245:31] (taclet, rulesOrAxioms, decls, file) 
302433     WARN  Test worker     d.u.i.k.n.KeYParser       [syntax-error] file:/home/runner/work/key/key/key.core/build/resources/main/de/uka/ilkd/key/proof/rules/ifThenElseRules.key:248:45: mismatched input '}' expecting {'(', '{'} [@1696,7268:7268='}',<149>,248:45] (taclet, rulesOrAxioms, decls, file) 
302433     WARN  Test worker     d.u.i.k.n.KeYParser       [syntax-error] file:/home/runner/work/key/key/key.core/build/resources/main/de/uka/ilkd/key/proof/rules/ifThenElseRules.key:249:8: extraneous input '\replacewith' expecting {'\lemma', '}', IDENT, '/*!'} [@1701,7284:7295='\replacewith',<105>,249:8] (rulesOrAxioms, decls, file) 
302433     WARN  Test worker     d.u.i.k.n.KeYParser       [syntax-error] file:/home/runner/work/key/key/key.core/build/resources/main/de/uka/ilkd/key/proof/rules/ifThenElseRules.key:249:38: mismatched input ')' expecting {'(', '{'} [@1708,7314:7314=')',<147>,249:38] (taclet, rulesOrAxioms, decls, file) 
302433     WARN  Test worker     d.u.i.k.n.KeYParser       [syntax-error] file:/home/runner/work/key/key/key.core/build/resources/main/de/uka/ilkd/key/proof/rules/ifThenElseRules.key:250:42: mismatched input '}' expecting {'(', '{'} [@1731,7381:7381='}',<149>,250:42] (taclet, rulesOrAxioms, decls, file) 
302433     WARN  Test worker     d.u.i.k.n.KeYParser       [syntax-error] file:/home/runner/work/key/key/key.core/build/resources/main/de/uka/ilkd/key/proof/rules/ifThenElseRules.key:251:28: extraneous input '(' expecting {'\lemma', '}', IDENT, '/*!'} [@1741,7416:7416='(',<146>,251:28] (rulesOrAxioms, decls, file) 
302433     WARN  Test worker     d.u.i.k.n.KeYParser       [syntax-error] file:/home/runner/work/key/key/key.core/build/resources/main/de/uka/ilkd/key/proof/rules/ifThenElseRules.key:251:33: mismatched input '->' expecting {'(', '{'} [@1744,7421:7422='->',<158>,251:33] (taclet, rulesOrAxioms, decls, file) 
302433     WARN  Test worker     d.u.i.k.n.KeYParser       [syntax-error] file:/home/runner/work/key/key/key.core/build/resources/main/de/uka/ilkd/key/proof/rules/ifThenElseRules.key:255:14: mismatched input '\ifExintVar' expecting {MODALITY, FORALL, EXISTS, '\if', '\ifEx', 'true', 'false', '(', '{', '@', NOT, SEQARROW, '-', STRING_LITERAL, CHAR_LITERAL, BIN_LITERAL, HEX_LITERAL, IDENT, INT_LITERAL, FLOAT_LITERAL, DOUBLE_LITERAL, REAL_LITERAL} [@1765,7506:7516='\ifExintVar',<188>,255:14] (termorseq, taclet, rulesOrAxioms, decls, file) 
302433     WARN  Test worker     d.u.i.k.n.KeYParser       [syntax-error] file:/home/runner/work/key/key/key.core/build/resources/main/de/uka/ilkd/key/proof/rules/ifThenElseRules.key:255:27: extraneous input '(' expecting {'\lemma', '}', IDENT, '/*!'} [@1768,7519:7519='(',<146>,255:27] (rulesOrAxioms, decls, file) 
302434     WARN  Test worker     d.u.i.k.n.KeYParser       [syntax-error] file:/home/runner/work/key/key/key.core/build/resources/main/de/uka/ilkd/key/proof/rules/ifThenElseRules.key:255:31: mismatched input ')' expecting {'(', '{'} [@1770,7523:7523=')',<147>,255:31] (taclet, rulesOrAxioms, decls, file) 
302434     WARN  Test worker     d.u.i.k.n.KeYParser       [syntax-error] file:/home/runner/work/key/key/key.core/build/resources/main/de/uka/ilkd/key/proof/rules/ifThenElseRules.key:258:52: extraneous input '0' expecting {'\lemma', '}', IDENT, '/*!'} [@1809,7667:7667='0',<184>,258:52] (rulesOrAxioms, decls, file) 
302434     WARN  Test worker     d.u.i.k.n.KeYParser       [syntax-error] file:/home/runner/work/key/key/key.core/build/resources/main/de/uka/ilkd/key/proof/rules/ifThenElseRules.key:258:54: mismatched input 'then' expecting {<EOF>, '\problem', '\chooseContract', '\proofObligation', '\proof'} [@1811,7669:7672='then',<183>,258:54] (file) 
302434     ERROR Test worker     d.u.i.k.s.n.MasterHandlerTest Error reading /home/runner/work/key/key/key.core/build/resources/test/de/uka/ilkd/key/smt/newsmt2/cases/float.sinDouble.props de.uka.ilkd.key.proof.io.ProblemLoaderException: line 135:14 mismatched input '\ifExintVar' expecting {MODALITY, FORALL, EXISTS, '\if', '\ifEx', 'true', 'false', '(', '{', '@', NOT, SEQARROW, '-', STRING_LITERAL, CHAR_LITERAL, BIN_LITERAL, HEX_LITERAL, IDENT, INT_LITERAL, FLOAT_LITERAL, DOUBLE_LITERAL, REAL_LITERAL}
line 135:27 extraneous input '(' expecting {'\lemma', '}', IDENT, '/*!'}
line 135:44 mismatched input ')' expecting {'(', '{'}
line 141:14 mismatched input '\ifExintVar' expecting {MODALITY, FORALL, EXISTS, '\if', '\ifEx', 'true', 'false', '(', '{', '@', NOT, SEQARROW, '-', STRING_LITERAL, CHAR_LITERAL, BIN_LITERAL, HEX_LITERAL, IDENT, INT_LITERAL, FLOAT_LITERAL, DOUBLE_LITERAL, REAL_LITERAL}
line 141:27 extraneous input '(' expecting {'\lemma', '}', IDENT, '/*!'}
line 141:41 mismatched input ')' expecting {'(', '{'}
line 148:14 mismatched input '\ifExintVar' expecting {MODALITY, FORALL, EXISTS, '\if', '\ifEx', 'true', 'false', '(', '{', '@', NOT, SEQARROW, '-', STRING_LITERAL, CHAR_LITERAL, BIN_LITERAL, HEX_LITERAL, IDENT, INT_LITERAL, FLOAT_LITERAL, DOUBLE_LITERAL, REAL_LITERAL}
line 148:27 extraneous input '(' expecting {'\lemma', '}', IDENT, '/*!'}
line 148:35 mismatched input '=' expecting {'(', '{'}
line 150:38 mismatched input '}' expecting {'(', '{'}
line 155:14 mismatched input '\ifExintVar' expecting {MODALITY, FORALL, EXISTS, '\if', '\ifEx', 'true', 'false', '(', '{', '@', NOT, SEQARROW, '-', STRING_LITERAL, CHAR_LITERAL, BIN_LITERAL, HEX_LITERAL, IDENT, INT_LITERAL, FLOAT_LITERAL, DOUBLE_LITERAL, REAL_LITERAL}
line 155:27 extraneous input '(' expecting {'\lemma', '}', IDENT, '/*!'}
line 155:35 mismatched input '=' expecting {'(', '{'}
line 157:38 mismatched input '}' expecting {'(', '{'}
line 163:14 mismatched input '\ifExintVar' expecting {MODALITY, FORALL, EXISTS, '\if', '\ifEx', 'true', 'false', '(', '{', '@', NOT, SEQARROW, '-', STRING_LITERAL, CHAR_LITERAL, BIN_LITERAL, HEX_LITERAL, IDENT, INT_LITERAL, FLOAT_LITERAL, DOUBLE_LITERAL, REAL_LITERAL}
line 163:27 extraneous input '(' expecting {'\lemma', '}', IDENT, '/*!'}
line 163:30 mismatched input '=' expecting {'(', '{'}
line 165:38 mismatched input '}' expecting {'(', '{'}
line 171:14 mismatched input '\ifExintVar' expecting {MODALITY, FORALL, EXISTS, '\if', '\ifEx', 'true', 'false', '(', '{', '@', NOT, SEQARROW, '-', STRING_LITERAL, CHAR_LITERAL, BIN_LITERAL, HEX_LITERAL, IDENT, INT_LITERAL, FLOAT_LITERAL, DOUBLE_LITERAL, REAL_LITERAL}
line 171:27 extraneous input '(' expecting {'\lemma', '}', IDENT, '/*!'}
line 171:30 mismatched input '=' expecting {'(', '{'}
line 173:38 mismatched input '}' expecting {'(', '{'}
line 179:14 mismatched input '\ifExintVar' expecting {MODALITY, FORALL, EXISTS, '\if', '\ifEx', 'true', 'false', '(', '{', '@', NOT, SEQARROW, '-', STRING_LITERAL, CHAR_LITERAL, BIN_LITERAL, HEX_LITERAL, IDENT, INT_LITERAL, FLOAT_LITERAL, DOUBLE_LITERAL, REAL_LITERAL}
line 179:27 extraneous input '(' expecting {'\lemma', '}', IDENT, '/*!'}
line 179:32 mismatched input '&' expecting {'(', '{'}
line 181:42 mismatched input '}' expecting {'(', '{'}
line 182:39 mismatched input '}' expecting {'(', '{'}
line 188:14 mismatched input '\ifExintVar' expecting {MODALITY, FORALL, EXISTS, '\if', '\ifEx', 'true', 'false', '(', '{', '@', NOT, SEQARROW, '-', STRING_LITERAL, CHAR_LITERAL, BIN_LITERAL, HEX_LITERAL, IDENT, INT_LITERAL, FLOAT_LITERAL, DOUBLE_LITERAL, REAL_LITERAL}
line 188:27 extraneous input '(' expecting {'\lemma', '}', IDENT, '/*!'}
line 188:32 mismatched input '&' expecting {'(', '{'}
line 190:42 mismatched input '}' expecting {'(', '{'}
line 191:39 mismatched input '}' expecting {'(', '{'}
line 198:14 mismatched input '\ifExintVar' expecting {MODALITY, FORALL, EXISTS, '\if', '\ifEx', 'true', 'false', '(', '{', '@', NOT, SEQARROW, '-', STRING_LITERAL, CHAR_LITERAL, BIN_LITERAL, HEX_LITERAL, IDENT, INT_LITERAL, FLOAT_LITERAL, DOUBLE_LITERAL, REAL_LITERAL}
line 198:27 extraneous input '(' expecting {'\lemma', '}', IDENT, '/*!'}
line 198:32 mismatched input '&' expecting {'(', '{'}
line 200:42 mismatched input '}' expecting {'(', '{'}
line 201:39 mismatched input '}' expecting {'(', '{'}
line 208:14 mismatched input '\ifExintVar' expecting {MODALITY, FORALL, EXISTS, '\if', '\ifEx', 'true', 'false', '(', '{', '@', NOT, SEQARROW, '-', STRING_LITERAL, CHAR_LITERAL, BIN_LITERAL, HEX_LITERAL, IDENT, INT_LITERAL, FLOAT_LITERAL, DOUBLE_LITERAL, REAL_LITERAL}
line 208:27 extraneous input '(' expecting {'\lemma', '}', IDENT, '/*!'}
line 208:32 mismatched input '&' expecting {'(', '{'}
line 210:42 mismatched input '}' expecting {'(', '{'}
line 211:39 mismatched input '}' expecting {'(', '{'}
line 218:14 mismatched input '\ifExintVar' expecting {MODALITY, FORALL, EXISTS, '\if', '\ifEx', 'true', 'false', '(', '{', '@', NOT, SEQARROW, '-', STRING_LITERAL, CHAR_LITERAL, BIN_LITERAL, HEX_LITERAL, IDENT, INT_LITERAL, FLOAT_LITERAL, DOUBLE_LITERAL, REAL_LITERAL}
line 218:27 extraneous input '(' expecting {'\lemma', '}', IDENT, '/*!'}
line 218:31 mismatched input ')' expecting {'(', '{'}
line 220:44 mismatched input ')' expecting {'(', '{'}
line 225:14 mismatched input '\ifExintVar' expecting {MODALITY, FORALL, EXISTS, '\if', '\ifEx', 'true', 'false', '(', '{', '@', NOT, SEQARROW, '-', STRING_LITERAL, CHAR_LITERAL, BIN_LITERAL, HEX_LITERAL, IDENT, INT_LITERAL, FLOAT_LITERAL, DOUBLE_LITERAL, REAL_LITERAL}
line 225:27 extraneous input '(' expecting {'\lemma', '}', IDENT, '/*!'}
line 225:31 mismatched input ')' expecting {'(', '{'}
line 227:44 mismatched input ')' expecting {'(', '{'}
line 233:14 mismatched input '\ifExintVar' expecting {MODALITY, FORALL, EXISTS, '\if', '\ifEx', 'true', 'false', '(', '{', '@', NOT, SEQARROW, '-', STRING_LITERAL, CHAR_LITERAL, BIN_LITERAL, HEX_LITERAL, IDENT, INT_LITERAL, FLOAT_LITERAL, DOUBLE_LITERAL, REAL_LITERAL}
line 233:27 extraneous input '(' expecting {'\lemma', '}', IDENT, '/*!'}
line 233:31 mismatched input ')' expecting {'(', '{'}
line 237:42 mismatched input '}' expecting {'(', '{'}
line 238:34 mismatched input '}' expecting {'(', '{'}
line 239:28 extraneous input '(' expecting {'\lemma', '}', IDENT, '/*!'}
line 239:33 mismatched input '->' expecting {'(', '{'}
line 240:8 extraneous input '\replacewith' expecting {'\lemma', '}', IDENT, '/*!'}
line 240:25 mismatched input ')' expecting {'(', '{'}
line 240:56 mismatched input ')' expecting {'(', '{'}
line 245:14 mismatched input '\ifExintVar' expecting {MODALITY, FORALL, EXISTS, '\if', '\ifEx', 'true', 'false', '(', '{', '@', NOT, SEQARROW, '-', STRING_LITERAL, CHAR_LITERAL, BIN_LITERAL, HEX_LITERAL, IDENT, INT_LITERAL, FLOAT_LITERAL, DOUBLE_LITERAL, REAL_LITERAL}
line 245:27 extraneous input '(' expecting {'\lemma', '}', IDENT, '/*!'}
line 245:31 mismatched input ')' expecting {'(', '{'}
line 248:45 mismatched input '}' expecting {'(', '{'}
line 249:8 extraneous input '\replacewith' expecting {'\lemma', '}', IDENT, '/*!'}
line 249:38 mismatched input ')' expecting {'(', '{'}
line 250:42 mismatched input '}' expecting {'(', '{'}
line 251:28 extraneous input '(' expecting {'\lemma', '}', IDENT, '/*!'}
line 251:33 mismatched input '->' expecting {'(', '{'}
line 255:14 mismatched input '\ifExintVar' expecting {MODALITY, FORALL, EXISTS, '\if', '\ifEx', 'true', 'false', '(', '{', '@', NOT, SEQARROW, '-', STRING_LITERAL, CHAR_LITERAL, BIN_LITERAL, HEX_LITERAL, IDENT, INT_LITERAL, FLOAT_LITERAL, DOUBLE_LITERAL, REAL_LITERAL}
line 255:27 extraneous input '(' expecting {'\lemma', '}', IDENT, '/*!'}
line 255:31 mismatched input ')' expecting {'(', '{'}
line 258:52 extraneous input '0' expecting {'\lemma', '}', IDENT, '/*!'}
line 258:54 mismatched input 'then' expecting {<EOF>, '\problem', '\chooseContract', '\proofObligation', '\proof'}

	at de.uka.ilkd.key.control.AbstractUserInterfaceControl.load(AbstractUserInterfaceControl.java:221)
Caused by: de.uka.ilkd.key.proof.init.ProofInputException: line 135:14 mismatched input '\ifExintVar' expecting {MODALITY, FORALL, EXISTS, '\if', '\ifEx', 'true', 'false', '(', '{', '@', NOT, SEQARROW, '-', STRING_LITERAL, CHAR_LITERAL, BIN_LITERAL, HEX_LITERAL, IDENT, INT_LITERAL, FLOAT_LITERAL, DOUBLE_LITERAL, REAL_LITERAL}
line 135:27 extraneous input '(' expecting {'\lemma', '}', IDENT, '/*!'}
line 135:44 mismatched input ')' expecting {'(', '{'}
line 141:14 mismatched input '\ifExintVar' expecting {MODALITY, FORALL, EXISTS, '\if', '\ifEx', 'true', 'false', '(', '{', '@', NOT, SEQARROW, '-', STRING_LITERAL, CHAR_LITERAL, BIN_LITERAL, HEX_LITERAL, IDENT, INT_LITERAL, FLOAT_LITERAL, DOUBLE_LITERAL, REAL_LITERAL}
line 141:27 extraneous input '(' expecting {'\lemma', '}', IDENT, '/*!'}
line 141:41 mismatched input ')' expecting {'(', '{'}
line 148:14 mismatched input '\ifExintVar' expecting {MODALITY, FORALL, EXISTS, '\if', '\ifEx', 'true', 'false', '(', '{', '@', NOT, SEQARROW, '-', STRING_LITERAL, CHAR_LITERAL, BIN_LITERAL, HEX_LITERAL, IDENT, INT_LITERAL, FLOAT_LITERAL, DOUBLE_LITERAL, REAL_LITERAL}
line 148:27 extraneous input '(' expecting {'\lemma', '}', IDENT, '/*!'}
line 148:35 mismatched input '=' expecting {'(', '{'}
line 150:38 mismatched input '}' expecting {'(', '{'}
line 155:14 mismatched input '\ifExintVar' expecting {MODALITY, FORALL, EXISTS, '\if', '\ifEx', 'true', 'false', '(', '{', '@', NOT, SEQARROW, '-', STRING_LITERAL, CHAR_LITERAL, BIN_LITERAL, HEX_LITERAL, IDENT, INT_LITERAL, FLOAT_LITERAL, DOUBLE_LITERAL, REAL_LITERAL}
line 155:27 extraneous input '(' expecting {'\lemma', '}', IDENT, '/*!'}
line 155:35 mismatched input '=' expecting {'(', '{'}
line 157:38 mismatched input '}' expecting {'(', '{'}
line 163:14 mismatched input '\ifExintVar' expecting {MODALITY, FORALL, EXISTS, '\if', '\ifEx', 'true', 'false', '(', '{', '@', NOT, SEQARROW, '-', STRING_LITERAL, CHAR_LITERAL, BIN_LITERAL, HEX_LITERAL, IDENT, INT_LITERAL, FLOAT_LITERAL, DOUBLE_LITERAL, REAL_LITERAL}
line 163:27 extraneous input '(' expecting {'\lemma', '}', IDENT, '/*!'}
line 163:30 mismatched input '=' expecting {'(', '{'}
line 165:38 mismatched input '}' expecting {'(', '{'}
line 171:14 mismatched input '\ifExintVar' expecting {MODALITY, FORALL, EXISTS, '\if', '\ifEx', 'true', 'false', '(', '{', '@', NOT, SEQARROW, '-', STRING_LITERAL, CHAR_LITERAL, BIN_LITERAL, HEX_LITERAL, IDENT, INT_LITERAL, FLOAT_LITERAL, DOUBLE_LITERAL, REAL_LITERAL}
line 171:27 extraneous input '(' expecting {'\lemma', '}', IDENT, '/*!'}
line 171:30 mismatched input '=' expecting {'(', '{'}
line 173:38 mismatched input '}' expecting {'(', '{'}
line 179:14 mismatched input '\ifExintVar' expecting {MODALITY, FORALL, EXISTS, '\if', '\ifEx', 'true', 'false', '(', '{', '@', NOT, SEQARROW, '-', STRING_LITERAL, CHAR_LITERAL, BIN_LITERAL, HEX_LITERAL, IDENT, INT_LITERAL, FLOAT_LITERAL, DOUBLE_LITERAL, REAL_LITERAL}
line 179:27 extraneous input '(' expecting {'\lemma', '}', IDENT, '/*!'}
line 179:32 mismatched input '&' expecting {'(', '{'}
line 181:42 mismatched input '}' expecting {'(', '{'}
line 182:39 mismatched input '}' expecting {'(', '{'}
line 188:14 mismatched input '\ifExintVar' expecting {MODALITY, FORALL, EXISTS, '\if', '\ifEx', 'true', 'false', '(', '{', '@', NOT, SEQARROW, '-', STRING_LITERAL, CHAR_LITERAL, BIN_LITERAL, HEX_LITERAL, IDENT, INT_LITERAL, FLOAT_LITERAL, DOUBLE_LITERAL, REAL_LITERAL}
line 188:27 extraneous input '(' expecting {'\lemma', '}', IDENT, '/*!'}
line 188:32 mismatched input '&' expecting {'(', '{'}
line 190:42 mismatched input '}' expecting {'(', '{'}
line 191:39 mismatched input '}' expecting {'(', '{'}
line 198:14 mismatched input '\ifExintVar' expecting {MODALITY, FORALL, EXISTS, '\if', '\ifEx', 'true', 'false', '(', '{', '@', NOT, SEQARROW, '-', STRING_LITERAL, CHAR_LITERAL, BIN_LITERAL, HEX_LITERAL, IDENT, INT_LITERAL, FLOAT_LITERAL, DOUBLE_LITERAL, REAL_LITERAL}
line 198:27 extraneous input '(' expecting {'\lemma', '}', IDENT, '/*!'}
line 198:32 mismatched input '&' expecting {'(', '{'}
line 200:42 mismatched input '}' expecting {'(', '{'}
line 201:39 mismatched input '}' expecting {'(', '{'}
line 208:14 mismatched input '\ifExintVar' expecting {MODALITY, FORALL, EXISTS, '\if', '\ifEx', 'true', 'false', '(', '{', '@', NOT, SEQARROW, '-', STRING_LITERAL, CHAR_LITERAL, BIN_LITERAL, HEX_LITERAL, IDENT, INT_LITERAL, FLOAT_LITERAL, DOUBLE_LITERAL, REAL_LITERAL}
line 208:27 extraneous input '(' expecting {'\lemma', '}', IDENT, '/*!'}
line 208:32 mismatched input '&' expecting {'(', '{'}
line 210:42 mismatched input '}' expecting {'(', '{'}
line 211:39 mismatched input '}' expecting {'(', '{'}
line 218:14 mismatched input '\ifExintVar' expecting {MODALITY, FORALL, EXISTS, '\if', '\ifEx', 'true', 'false', '(', '{', '@', NOT, SEQARROW, '-', STRING_LITERAL, CHAR_LITERAL, BIN_LITERAL, HEX_LITERAL, IDENT, INT_LITERAL, FLOAT_LITERAL, DOUBLE_LITERAL, REAL_LITERAL}
line 218:27 extraneous input '(' expecting {'\lemma', '}', IDENT, '/*!'}
line 218:31 mismatched input ')' expecting {'(', '{'}
line 220:44 mismatched input ')' expecting {'(', '{'}
line 225:14 mismatched input '\ifExintVar' expecting {MODALITY, FORALL, EXISTS, '\if', '\ifEx', 'true', 'false', '(', '{', '@', NOT, SEQARROW, '-', STRING_LITERAL, CHAR_LITERAL, BIN_LITERAL, HEX_LITERAL, IDENT, INT_LITERAL, FLOAT_LITERAL, DOUBLE_LITERAL, REAL_LITERAL}
line 225:27 extraneous input '(' expecting {'\lemma', '}', IDENT, '/*!'}
line 225:31 mismatched input ')' expecting {'(', '{'}
line 227:44 mismatched input ')' expecting {'(', '{'}
line 233:14 mismatched input '\ifExintVar' expecting {MODALITY, FORALL, EXISTS, '\if', '\ifEx', 'true', 'false', '(', '{', '@', NOT, SEQARROW, '-', STRING_LITERAL, CHAR_LITERAL, BIN_LITERAL, HEX_LITERAL, IDENT, INT_LITERAL, FLOAT_LITERAL, DOUBLE_LITERAL, REAL_LITERAL}
line 233:27 extraneous input '(' expecting {'\lemma', '}', IDENT, '/*!'}
line 233:31 mismatched input ')' expecting {'(', '{'}
line 237:42 mismatched input '}' expecting {'(', '{'}
line 238:34 mismatched input '}' expecting {'(', '{'}
line 239:28 extraneous input '(' expecting {'\lemma', '}', IDENT, '/*!'}
line 239:33 mismatched input '->' expecting {'(', '{'}
line 240:8 extraneous input '\replacewith' expecting {'\lemma', '}', IDENT, '/*!'}
line 240:25 mismatched input ')' expecting {'(', '{'}
line 240:56 mismatched input ')' expecting {'(', '{'}
line 245:14 mismatched input '\ifExintVar' expecting {MODALITY, FORALL, EXISTS, '\if', '\ifEx', 'true', 'false', '(', '{', '@', NOT, SEQARROW, '-', STRING_LITERAL, CHAR_LITERAL, BIN_LITERAL, HEX_LITERAL, IDENT, INT_LITERAL, FLOAT_LITERAL, DOUBLE_LITERAL, REAL_LITERAL}
line 245:27 extraneous input '(' expecting {'\lemma', '}', IDENT, '/*!'}
line 245:31 mismatched input ')' expecting {'(', '{'}
line 248:45 mismatched input '}' expecting {'(', '{'}
line 249:8 extraneous input '\replacewith' expecting {'\lemma', '}', IDENT, '/*!'}
line 249:38 mismatched input ')' expecting {'(', '{'}
line 250:42 mismatched input '}' expecting {'(', '{'}
line 251:28 extraneous input '(' expecting {'\lemma', '}', IDENT, '/*!'}
line 251:33 mismatched input '->' expecting {'(', '{'}
line 255:14 mismatched input '\ifExintVar' expecting {MODALITY, FORALL, EXISTS, '\if', '\ifEx', 'true', 'false', '(', '{', '@', NOT, SEQARROW, '-', STRING_LITERAL, CHAR_LITERAL, BIN_LITERAL, HEX_LITERAL, IDENT, INT_LITERAL, FLOAT_LITERAL, DOUBLE_LITERAL, REAL_LITERAL}
line 255:27 extraneous input '(' expecting {'\lemma', '}', IDENT, '/*!'}
line 255:31 mismatched input ')' expecting {'(', '{'}
line 258:52 extraneous input '0' expecting {'\lemma', '}', IDENT, '/*!'}
line 258:54 mismatched input 'then' expecting {<EOF>, '\problem', '\chooseContract', '\proofObligation', '\proof'}

	at de.uka.ilkd.key.proof.io.KeYFile.readIncludes(KeYFile.java:210)
Caused by: de.uka.ilkd.key.util.parsing.SyntaxErrorReporter$ParserException: line 135:14 mismatched input '\ifExintVar' expecting {MODALITY, FORALL, EXISTS, '\if', '\ifEx', 'true', 'false', '(', '{', '@', NOT, SEQARROW, '-', STRING_LITERAL, CHAR_LITERAL, BIN_LITERAL, HEX_LITERAL, IDENT, INT_LITERAL, FLOAT_LITERAL, DOUBLE_LITERAL, REAL_LITERAL}
line 135:27 extraneous input '(' expecting {'\lemma', '}', IDENT, '/*!'}
line 135:44 mismatched input ')' expecting {'(', '{'}
line 141:14 mismatched input '\ifExintVar' expecting {MODALITY, FORALL, EXISTS, '\if', '\ifEx', 'true', 'false', '(', '{', '@', NOT, SEQARROW, '-', STRING_LITERAL, CHAR_LITERAL, BIN_LITERAL, HEX_LITERAL, IDENT, INT_LITERAL, FLOAT_LITERAL, DOUBLE_LITERAL, REAL_LITERAL}
line 141:27 extraneous input '(' expecting {'\lemma', '}', IDENT, '/*!'}
line 141:41 mismatched input ')' expecting {'(', '{'}
line 148:14 mismatched input '\ifExintVar' expecting {MODALITY, FORALL, EXISTS, '\if', '\ifEx', 'true', 'false', '(', '{', '@', NOT, SEQARROW, '-', STRING_LITERAL, CHAR_LITERAL, BIN_LITERAL, HEX_LITERAL, IDENT, INT_LITERAL, FLOAT_LITERAL, DOUBLE_LITERAL, REAL_LITERAL}
line 148:27 extraneous input '(' expecting {'\lemma', '}', IDENT, '/*!'}
line 148:35 mismatched input '=' expecting {'(', '{'}
line 150:38 mismatched input '}' expecting {'(', '{'}
line 155:14 mismatched input '\ifExintVar' expecting {MODALITY, FORALL, EXISTS, '\if', '\ifEx', 'true', 'false', '(', '{', '@', NOT, SEQARROW, '-', STRING_LITERAL, CHAR_LITERAL, BIN_LITERAL, HEX_LITERAL, IDENT, INT_LITERAL, FLOAT_LITERAL, DOUBLE_LITERAL, REAL_LITERAL}
line 155:27 extraneous input '(' expecting {'\lemma', '}', IDENT, '/*!'}
line 155:35 mismatched input '=' expecting {'(', '{'}
line 157:38 mismatched input '}' expecting {'(', '{'}
line 163:14 mismatched input '\ifExintVar' expecting {MODALITY, FORALL, EXISTS, '\if', '\ifEx', 'true', 'false', '(', '{', '@', NOT, SEQARROW, '-', STRING_LITERAL, CHAR_LITERAL, BIN_LITERAL, HEX_LITERAL, IDENT, INT_LITERAL, FLOAT_LITERAL, DOUBLE_LITERAL, REAL_LITERAL}
line 163:27 extraneous input '(' expecting {'\lemma', '}', IDENT, '/*!'}
line 163:30 mismatched input '=' expecting {'(', '{'}
line 165:38 mismatched input '}' expecting {'(', '{'}
line 171:14 mismatched input '\ifExintVar' expecting {MODALITY, FORALL, EXISTS, '\if', '\ifEx', 'true', 'false', '(', '{', '@', NOT, SEQARROW, '-', STRING_LITERAL, CHAR_LITERAL, BIN_LITERAL, HEX_LITERAL, IDENT, INT_LITERAL, FLOAT_LITERAL, DOUBLE_LITERAL, REAL_LITERAL}
line 171:27 extraneous input '(' expecting {'\lemma', '}', IDENT, '/*!'}
line 171:30 mismatched input '=' expecting {'(', '{'}
line 173:38 mismatched input '}' expecting {'(', '{'}
line 179:14 mismatched input '\ifExintVar' expecting {MODALITY, FORALL, EXISTS, '\if', '\ifEx', 'true', 'false', '(', '{', '@', NOT, SEQARROW, '-', STRING_LITERAL, CHAR_LITERAL, BIN_LITERAL, HEX_LITERAL, IDENT, INT_LITERAL, FLOAT_LITERAL, DOUBLE_LITERAL, REAL_LITERAL}
line 179:27 extraneous input '(' expecting {'\lemma', '}', IDENT, '/*!'}
line 179:32 mismatched input '&' expecting {'(', '{'}
line 181:42 mismatched input '}' expecting {'(', '{'}
line 182:39 mismatched input '}' expecting {'(', '{'}
line 188:14 mismatched input '\ifExintVar' expecting {MODALITY, FORALL, EXISTS, '\if', '\ifEx', 'true', 'false', '(', '{', '@', NOT, SEQARROW, '-', STRING_LITERAL, CHAR_LITERAL, BIN_LITERAL, HEX_LITERAL, IDENT, INT_LITERAL, FLOAT_LITERAL, DOUBLE_LITERAL, REAL_LITERAL}
line 188:27 extraneous input '(' expecting {'\lemma', '}', IDENT, '/*!'}
line 188:32 mismatched input '&' expecting {'(', '{'}
line 190:42 mismatched input '}' expecting {'(', '{'}
line 191:39 mismatched input '}' expecting {'(', '{'}
line 198:14 mismatched input '\ifExintVar' expecting {MODALITY, FORALL, EXISTS, '\if', '\ifEx', 'true', 'false', '(', '{', '@', NOT, SEQARROW, '-', STRING_LITERAL, CHAR_LITERAL, BIN_LITERAL, HEX_LITERAL, IDENT, INT_LITERAL, FLOAT_LITERAL, DOUBLE_LITERAL, REAL_LITERAL}
line 198:27 extraneous input '(' expecting {'\lemma', '}', IDENT, '/*!'}
line 198:32 mismatched input '&' expecting {'(', '{'}
line 200:42 mismatched input '}' expecting {'(', '{'}
line 201:39 mismatched input '}' expecting {'(', '{'}
line 208:14 mismatched input '\ifExintVar' expecting {MODALITY, FORALL, EXISTS, '\if', '\ifEx', 'true', 'false', '(', '{', '@', NOT, SEQARROW, '-', STRING_LITERAL, CHAR_LITERAL, BIN_LITERAL, HEX_LITERAL, IDENT, INT_LITERAL, FLOAT_LITERAL, DOUBLE_LITERAL, REAL_LITERAL}
line 208:27 extraneous input '(' expecting {'\lemma', '}', IDENT, '/*!'}
line 208:32 mismatched input '&' expecting {'(', '{'}
line 210:42 mismatched input '}' expecting {'(', '{'}
line 211:39 mismatched input '}' expecting {'(', '{'}
line 218:14 mismatched input '\ifExintVar' expecting {MODALITY, FORALL, EXISTS, '\if', '\ifEx', 'true', 'false', '(', '{', '@', NOT, SEQARROW, '-', STRING_LITERAL, CHAR_LITERAL, BIN_LITERAL, HEX_LITERAL, IDENT, INT_LITERAL, FLOAT_LITERAL, DOUBLE_LITERAL, REAL_LITERAL}
line 218:27 extraneous input '(' expecting {'\lemma', '}', IDENT, '/*!'}
line 218:31 mismatched input ')' expecting {'(', '{'}
line 220:44 mismatched input ')' expecting {'(', '{'}
line 225:14 mismatched input '\ifExintVar' expecting {MODALITY, FORALL, EXISTS, '\if', '\ifEx', 'true', 'false', '(', '{', '@', NOT, SEQARROW, '-', STRING_LITERAL, CHAR_LITERAL, BIN_LITERAL, HEX_LITERAL, IDENT, INT_LITERAL, FLOAT_LITERAL, DOUBLE_LITERAL, REAL_LITERAL}
line 225:27 extraneous input '(' expecting {'\lemma', '}', IDENT, '/*!'}
line 225:31 mismatched input ')' expecting {'(', '{'}
line 227:44 mismatched input ')' expecting {'(', '{'}
line 233:14 mismatched input '\ifExintVar' expecting {MODALITY, FORALL, EXISTS, '\if', '\ifEx', 'true', 'false', '(', '{', '@', NOT, SEQARROW, '-', STRING_LITERAL, CHAR_LITERAL, BIN_LITERAL, HEX_LITERAL, IDENT, INT_LITERAL, FLOAT_LITERAL, DOUBLE_LITERAL, REAL_LITERAL}
line 233:27 extraneous input '(' expecting {'\lemma', '}', IDENT, '/*!'}
line 233:31 mismatched input ')' expecting {'(', '{'}
line 237:42 mismatched input '}' expecting {'(', '{'}
line 238:34 mismatched input '}' expecting {'(', '{'}
line 239:28 extraneous input '(' expecting {'\lemma', '}', IDENT, '/*!'}
line 239:33 mismatched input '->' expecting {'(', '{'}
line 240:8 extraneous input '\replacewith' expecting {'\lemma', '}', IDENT, '/*!'}
line 240:25 mismatched input ')' expecting {'(', '{'}
line 240:56 mismatched input ')' expecting {'(', '{'}
line 245:14 mismatched input '\ifExintVar' expecting {MODALITY, FORALL, EXISTS, '\if', '\ifEx', 'true', 'false', '(', '{', '@', NOT, SEQARROW, '-', STRING_LITERAL, CHAR_LITERAL, BIN_LITERAL, HEX_LITERAL, IDENT, INT_LITERAL, FLOAT_LITERAL, DOUBLE_LITERAL, REAL_LITERAL}
line 245:27 extraneous input '(' expecting {'\lemma', '}', IDENT, '/*!'}
line 245:31 mismatched input ')' expecting {'(', '{'}
line 248:45 mismatched input '}' expecting {'(', '{'}
line 249:8 extraneous input '\replacewith' expecting {'\lemma', '}', IDENT, '/*!'}
line 249:38 mismatched input ')' expecting {'(', '{'}
line 250:42 mismatched input '}' expecting {'(', '{'}
line 251:28 extraneous input '(' expecting {'\lemma', '}', IDENT, '/*!'}
line 251:33 mismatched input '->' expecting {'(', '{'}
line 255:14 mismatched input '\ifExintVar' expecting {MODALITY, FORALL, EXISTS, '\if', '\ifEx', 'true', 'false', '(', '{', '@', NOT, SEQARROW, '-', STRING_LITERAL, CHAR_LITERAL, BIN_LITERAL, HEX_LITERAL, IDENT, INT_LITERAL, FLOAT_LITERAL, DOUBLE_LITERAL, REAL_LITERAL}
line 255:27 extraneous input '(' expecting {'\lemma', '}', IDENT, '/*!'}
line 255:31 mismatched input ')' expecting {'(', '{'}
line 258:52 extraneous input '0' expecting {'\lemma', '}', IDENT, '/*!'}
line 258:54 mismatched input 'then' expecting {<EOF>, '\problem', '\chooseContract', '\proofObligation', '\proof'}

	at de.uka.ilkd.key.util.parsing.SyntaxErrorReporter.throwException(SyntaxErrorReporter.java:89)

302454     WARN  Test worker     d.u.i.k.n.KeYParser       [syntax-error] file:/home/runner/work/key/key/key.core/build/resources/main/de/uka/ilkd/key/proof/rules/ifThenElseRules.key:135:14: mismatched input '\ifExintVar' expecting {MODALITY, FORALL, EXISTS, '\if', '\ifEx', 'true', 'false', '(', '{', '@', NOT, SEQARROW, '-', STRING_LITERAL, CHAR_LITERAL, BIN_LITERAL, HEX_LITERAL, IDENT, INT_LITERAL, FLOAT_LITERAL, DOUBLE_LITERAL, REAL_LITERAL} [@745,3563:3573='\ifExintVar',<188>,135:14] (termorseq, taclet, rulesOrAxioms, decls, file) 
302454     WARN  Test worker     d.u.i.k.n.KeYParser       [syntax-error] file:/home/runner/work/key/key/key.core/build/resources/main/de/uka/ilkd/key/proof/rules/ifThenElseRules.key:135:27: extraneous input '(' expecting {'\lemma', '}', IDENT, '/*!'} [@748,3576:3576='(',<146>,135:27] (rulesOrAxioms, decls, file) 
302454     WARN  Test worker     d.u.i.k.n.KeYParser       [syntax-error] file:/home/runner/work/key/key/key.core/build/resources/main/de/uka/ilkd/key/proof/rules/ifThenElseRules.key:135:44: mismatched input ')' expecting {'(', '{'} [@754,3593:3593=')',<147>,135:44] (taclet, rulesOrAxioms, decls, file) 
302454     WARN  Test worker     d.u.i.k.n.KeYParser       [syntax-error] file:/home/runner/work/key/key/key.core/build/resources/main/de/uka/ilkd/key/proof/rules/ifThenElseRules.key:141:14: mismatched input '\ifExintVar' expecting {MODALITY, FORALL, EXISTS, '\if', '\ifEx', 'true', 'false', '(', '{', '@', NOT, SEQARROW, '-', STRING_LITERAL, CHAR_LITERAL, BIN_LITERAL, HEX_LITERAL, IDENT, INT_LITERAL, FLOAT_LITERAL, DOUBLE_LITERAL, REAL_LITERAL} [@780,3716:3726='\ifExintVar',<188>,141:14] (termorseq, taclet, rulesOrAxioms, decls, file) 
302454     WARN  Test worker     d.u.i.k.n.KeYParser       [syntax-error] file:/home/runner/work/key/key/key.core/build/resources/main/de/uka/ilkd/key/proof/rules/ifThenElseRules.key:141:27: extraneous input '(' expecting {'\lemma', '}', IDENT, '/*!'} [@783,3729:3729='(',<146>,141:27] (rulesOrAxioms, decls, file) 
302454     WARN  Test worker     d.u.i.k.n.KeYParser       [syntax-error] file:/home/runner/work/key/key/key.core/build/resources/main/de/uka/ilkd/key/proof/rules/ifThenElseRules.key:141:41: mismatched input ')' expecting {'(', '{'} [@789,3743:3743=')',<147>,141:41] (taclet, rulesOrAxioms, decls, file) 
302454     WARN  Test worker     d.u.i.k.n.KeYParser       [syntax-error] file:/home/runner/work/key/key/key.core/build/resources/main/de/uka/ilkd/key/proof/rules/ifThenElseRules.key:148:14: mismatched input '\ifExintVar' expecting {MODALITY, FORALL, EXISTS, '\if', '\ifEx', 'true', 'false', '(', '{', '@', NOT, SEQARROW, '-', STRING_LITERAL, CHAR_LITERAL, BIN_LITERAL, HEX_LITERAL, IDENT, INT_LITERAL, FLOAT_LITERAL, DOUBLE_LITERAL, REAL_LITERAL} [@819,3896:3906='\ifExintVar',<188>,148:14] (termorseq, taclet, rulesOrAxioms, decls, file) 
302454     WARN  Test worker     d.u.i.k.n.KeYParser       [syntax-error] file:/home/runner/work/key/key/key.core/build/resources/main/de/uka/ilkd/key/proof/rules/ifThenElseRules.key:148:27: extraneous input '(' expecting {'\lemma', '}', IDENT, '/*!'} [@822,3909:3909='(',<146>,148:27] (rulesOrAxioms, decls, file) 
302454     WARN  Test worker     d.u.i.k.n.KeYParser       [syntax-error] file:/home/runner/work/key/key/key.core/build/resources/main/de/uka/ilkd/key/proof/rules/ifThenElseRules.key:148:35: mismatched input '=' expecting {'(', '{'} [@825,3917:3917='=',<159>,148:35] (taclet, rulesOrAxioms, decls, file) 
302454     WARN  Test worker     d.u.i.k.n.KeYParser       [syntax-error] file:/home/runner/work/key/key/key.core/build/resources/main/de/uka/ilkd/key/proof/rules/ifThenElseRules.key:150:38: mismatched input '}' expecting {'(', '{'} [@859,4023:4023='}',<149>,150:38] (taclet, rulesOrAxioms, decls, file) 
302454     WARN  Test worker     d.u.i.k.n.KeYParser       [syntax-error] file:/home/runner/work/key/key/key.core/build/resources/main/de/uka/ilkd/key/proof/rules/ifThenElseRules.key:155:14: mismatched input '\ifExintVar' expecting {MODALITY, FORALL, EXISTS, '\if', '\ifEx', 'true', 'false', '(', '{', '@', NOT, SEQARROW, '-', STRING_LITERAL, CHAR_LITERAL, BIN_LITERAL, HEX_LITERAL, IDENT, INT_LITERAL, FLOAT_LITERAL, DOUBLE_LITERAL, REAL_LITERAL} [@877,4109:4119='\ifExintVar',<188>,155:14] (termorseq, taclet, rulesOrAxioms, decls, file) 
302454     WARN  Test worker     d.u.i.k.n.KeYParser       [syntax-error] file:/home/runner/work/key/key/key.core/build/resources/main/de/uka/ilkd/key/proof/rules/ifThenElseRules.key:155:27: extraneous input '(' expecting {'\lemma', '}', IDENT, '/*!'} [@880,4122:4122='(',<146>,155:27] (rulesOrAxioms, decls, file) 
302454     WARN  Test worker     d.u.i.k.n.KeYParser       [syntax-error] file:/home/runner/work/key/key/key.core/build/resources/main/de/uka/ilkd/key/proof/rules/ifThenElseRules.key:155:35: mismatched input '=' expecting {'(', '{'} [@883,4130:4130='=',<159>,155:35] (taclet, rulesOrAxioms, decls, file) 
302454     WARN  Test worker     d.u.i.k.n.KeYParser       [syntax-error] file:/home/runner/work/key/key/key.core/build/resources/main/de/uka/ilkd/key/proof/rules/ifThenElseRules.key:157:38: mismatched input '}' expecting {'(', '{'} [@917,4230:4230='}',<149>,157:38] (taclet, rulesOrAxioms, decls, file) 
302454     WARN  Test worker     d.u.i.k.n.KeYParser       [syntax-error] file:/home/runner/work/key/key/key.core/build/resources/main/de/uka/ilkd/key/proof/rules/ifThenElseRules.key:163:14: mismatched input '\ifExintVar' expecting {MODALITY, FORALL, EXISTS, '\if', '\ifEx', 'true', 'false', '(', '{', '@', NOT, SEQARROW, '-', STRING_LITERAL, CHAR_LITERAL, BIN_LITERAL, HEX_LITERAL, IDENT, INT_LITERAL, FLOAT_LITERAL, DOUBLE_LITERAL, REAL_LITERAL} [@939,4350:4360='\ifExintVar',<188>,163:14] (termorseq, taclet, rulesOrAxioms, decls, file) 
302454     WARN  Test worker     d.u.i.k.n.KeYParser       [syntax-error] file:/home/runner/work/key/key/key.core/build/resources/main/de/uka/ilkd/key/proof/rules/ifThenElseRules.key:163:27: extraneous input '(' expecting {'\lemma', '}', IDENT, '/*!'} [@942,4363:4363='(',<146>,163:27] (rulesOrAxioms, decls, file) 
302454     WARN  Test worker     d.u.i.k.n.KeYParser       [syntax-error] file:/home/runner/work/key/key/key.core/build/resources/main/de/uka/ilkd/key/proof/rules/ifThenElseRules.key:163:30: mismatched input '=' expecting {'(', '{'} [@945,4366:4366='=',<159>,163:30] (taclet, rulesOrAxioms, decls, file) 
302454     WARN  Test worker     d.u.i.k.n.KeYParser       [syntax-error] file:/home/runner/work/key/key/key.core/build/resources/main/de/uka/ilkd/key/proof/rules/ifThenElseRules.key:165:38: mismatched input '}' expecting {'(', '{'} [@979,4477:4477='}',<149>,165:38] (taclet, rulesOrAxioms, decls, file) 
302454     WARN  Test worker     d.u.i.k.n.KeYParser       [syntax-error] file:/home/runner/work/key/key/key.core/build/resources/main/de/uka/ilkd/key/proof/rules/ifThenElseRules.key:171:14: mismatched input '\ifExintVar' expecting {MODALITY, FORALL, EXISTS, '\if', '\ifEx', 'true', 'false', '(', '{', '@', NOT, SEQARROW, '-', STRING_LITERAL, CHAR_LITERAL, BIN_LITERAL, HEX_LITERAL, IDENT, INT_LITERAL, FLOAT_LITERAL, DOUBLE_LITERAL, REAL_LITERAL} [@1001,4604:4614='\ifExintVar',<188>,171:14] (termorseq, taclet, rulesOrAxioms, decls, file) 
302454     WARN  Test worker     d.u.i.k.n.KeYParser       [syntax-error] file:/home/runner/work/key/key/key.core/build/resources/main/de/uka/ilkd/key/proof/rules/ifThenElseRules.key:171:27: extraneous input '(' expecting {'\lemma', '}', IDENT, '/*!'} [@1004,4617:4617='(',<146>,171:27] (rulesOrAxioms, decls, file) 
302454     WARN  Test worker     d.u.i.k.n.KeYParser       [syntax-error] file:/home/runner/work/key/key/key.core/build/resources/main/de/uka/ilkd/key/proof/rules/ifThenElseRules.key:171:30: mismatched input '=' expecting {'(', '{'} [@1007,4620:4620='=',<159>,171:30] (taclet, rulesOrAxioms, decls, file) 
302454     WARN  Test worker     d.u.i.k.n.KeYParser       [syntax-error] file:/home/runner/work/key/key/key.core/build/resources/main/de/uka/ilkd/key/proof/rules/ifThenElseRules.key:173:38: mismatched input '}' expecting {'(', '{'} [@1041,4725:4725='}',<149>,173:38] (taclet, rulesOrAxioms, decls, file) 
302454     WARN  Test worker     d.u.i.k.n.KeYParser       [syntax-error] file:/home/runner/work/key/key/key.core/build/resources/main/de/uka/ilkd/key/proof/rules/ifThenElseRules.key:179:14: mismatched input '\ifExintVar' expecting {MODALITY, FORALL, EXISTS, '\if', '\ifEx', 'true', 'false', '(', '{', '@', NOT, SEQARROW, '-', STRING_LITERAL, CHAR_LITERAL, BIN_LITERAL, HEX_LITERAL, IDENT, INT_LITERAL, FLOAT_LITERAL, DOUBLE_LITERAL, REAL_LITERAL} [@1063,4848:4858='\ifExintVar',<188>,179:14] (termorseq, taclet, rulesOrAxioms, decls, file) 
302454     WARN  Test worker     d.u.i.k.n.KeYParser       [syntax-error] file:/home/runner/work/key/key/key.core/build/resources/main/de/uka/ilkd/key/proof/rules/ifThenElseRules.key:179:27: extraneous input '(' expecting {'\lemma', '}', IDENT, '/*!'} [@1066,4861:4861='(',<146>,179:27] (rulesOrAxioms, decls, file) 
302454     WARN  Test worker     d.u.i.k.n.KeYParser       [syntax-error] file:/home/runner/work/key/key/key.core/build/resources/main/de/uka/ilkd/key/proof/rules/ifThenElseRules.key:179:32: mismatched input '&' expecting {'(', '{'} [@1069,4866:4866='&',<156>,179:32] (taclet, rulesOrAxioms, decls, file) 
302454     WARN  Test worker     d.u.i.k.n.KeYParser       [syntax-error] file:/home/runner/work/key/key/key.core/build/resources/main/de/uka/ilkd/key/proof/rules/ifThenElseRules.key:181:42: mismatched input '}' expecting {'(', '{'} [@1109,4985:4985='}',<149>,181:42] (taclet, rulesOrAxioms, decls, file) 
302454     WARN  Test worker     d.u.i.k.n.KeYParser       [syntax-error] file:/home/runner/work/key/key/key.core/build/resources/main/de/uka/ilkd/key/proof/rules/ifThenElseRules.key:182:39: mismatched input '}' expecting {'(', '{'} [@1122,5030:5030='}',<149>,182:39] (taclet, rulesOrAxioms, decls, file) 
302454     WARN  Test worker     d.u.i.k.n.KeYParser       [syntax-error] file:/home/runner/work/key/key/key.core/build/resources/main/de/uka/ilkd/key/proof/rules/ifThenElseRules.key:188:14: mismatched input '\ifExintVar' expecting {MODALITY, FORALL, EXISTS, '\if', '\ifEx', 'true', 'false', '(', '{', '@', NOT, SEQARROW, '-', STRING_LITERAL, CHAR_LITERAL, BIN_LITERAL, HEX_LITERAL, IDENT, INT_LITERAL, FLOAT_LITERAL, DOUBLE_LITERAL, REAL_LITERAL} [@1146,5149:5159='\ifExintVar',<188>,188:14] (termorseq, taclet, rulesOrAxioms, decls, file) 
302455     WARN  Test worker     d.u.i.k.n.KeYParser       [syntax-error] file:/home/runner/work/key/key/key.core/build/resources/main/de/uka/ilkd/key/proof/rules/ifThenElseRules.key:188:27: extraneous input '(' expecting {'\lemma', '}', IDENT, '/*!'} [@1149,5162:5162='(',<146>,188:27] (rulesOrAxioms, decls, file) 
302455     WARN  Test worker     d.u.i.k.n.KeYParser       [syntax-error] file:/home/runner/work/key/key/key.core/build/resources/main/de/uka/ilkd/key/proof/rules/ifThenElseRules.key:188:32: mismatched input '&' expecting {'(', '{'} [@1152,5167:5167='&',<156>,188:32] (taclet, rulesOrAxioms, decls, file) 
302455     WARN  Test worker     d.u.i.k.n.KeYParser       [syntax-error] file:/home/runner/work/key/key/key.core/build/resources/main/de/uka/ilkd/key/proof/rules/ifThenElseRules.key:190:42: mismatched input '}' expecting {'(', '{'} [@1192,5280:5280='}',<149>,190:42] (taclet, rulesOrAxioms, decls, file) 
302455     WARN  Test worker     d.u.i.k.n.KeYParser       [syntax-error] file:/home/runner/work/key/key/key.core/build/resources/main/de/uka/ilkd/key/proof/rules/ifThenElseRules.key:191:39: mismatched input '}' expecting {'(', '{'} [@1205,5325:5325='}',<149>,191:39] (taclet, rulesOrAxioms, decls, file) 
302455     WARN  Test worker     d.u.i.k.n.KeYParser       [syntax-error] file:/home/runner/work/key/key/key.core/build/resources/main/de/uka/ilkd/key/proof/rules/ifThenElseRules.key:198:14: mismatched input '\ifExintVar' expecting {MODALITY, FORALL, EXISTS, '\if', '\ifEx', 'true', 'false', '(', '{', '@', NOT, SEQARROW, '-', STRING_LITERAL, CHAR_LITERAL, BIN_LITERAL, HEX_LITERAL, IDENT, INT_LITERAL, FLOAT_LITERAL, DOUBLE_LITERAL, REAL_LITERAL} [@1233,5475:5485='\ifExintVar',<188>,198:14] (termorseq, taclet, rulesOrAxioms, decls, file) 
302455     WARN  Test worker     d.u.i.k.n.KeYParser       [syntax-error] file:/home/runner/work/key/key/key.core/build/resources/main/de/uka/ilkd/key/proof/rules/ifThenElseRules.key:198:27: extraneous input '(' expecting {'\lemma', '}', IDENT, '/*!'} [@1236,5488:5488='(',<146>,198:27] (rulesOrAxioms, decls, file) 
302455     WARN  Test worker     d.u.i.k.n.KeYParser       [syntax-error] file:/home/runner/work/key/key/key.core/build/resources/main/de/uka/ilkd/key/proof/rules/ifThenElseRules.key:198:32: mismatched input '&' expecting {'(', '{'} [@1239,5493:5493='&',<156>,198:32] (taclet, rulesOrAxioms, decls, file) 
302455     WARN  Test worker     d.u.i.k.n.KeYParser       [syntax-error] file:/home/runner/work/key/key/key.core/build/resources/main/de/uka/ilkd/key/proof/rules/ifThenElseRules.key:200:42: mismatched input '}' expecting {'(', '{'} [@1279,5612:5612='}',<149>,200:42] (taclet, rulesOrAxioms, decls, file) 
302455     WARN  Test worker     d.u.i.k.n.KeYParser       [syntax-error] file:/home/runner/work/key/key/key.core/build/resources/main/de/uka/ilkd/key/proof/rules/ifThenElseRules.key:201:39: mismatched input '}' expecting {'(', '{'} [@1292,5657:5657='}',<149>,201:39] (taclet, rulesOrAxioms, decls, file) 
302455     WARN  Test worker     d.u.i.k.n.KeYParser       [syntax-error] file:/home/runner/work/key/key/key.core/build/resources/main/de/uka/ilkd/key/proof/rules/ifThenElseRules.key:208:14: mismatched input '\ifExintVar' expecting {MODALITY, FORALL, EXISTS, '\if', '\ifEx', 'true', 'false', '(', '{', '@', NOT, SEQARROW, '-', STRING_LITERAL, CHAR_LITERAL, BIN_LITERAL, HEX_LITERAL, IDENT, INT_LITERAL, FLOAT_LITERAL, DOUBLE_LITERAL, REAL_LITERAL} [@1320,5817:5827='\ifExintVar',<188>,208:14] (termorseq, taclet, rulesOrAxioms, decls, file) 
302455     WARN  Test worker     d.u.i.k.n.KeYParser       [syntax-error] file:/home/runner/work/key/key/key.core/build/resources/main/de/uka/ilkd/key/proof/rules/ifThenElseRules.key:208:27: extraneous input '(' expecting {'\lemma', '}', IDENT, '/*!'} [@1323,5830:5830='(',<146>,208:27] (rulesOrAxioms, decls, file) 
302455     WARN  Test worker     d.u.i.k.n.KeYParser       [syntax-error] file:/home/runner/work/key/key/key.core/build/resources/main/de/uka/ilkd/key/proof/rules/ifThenElseRules.key:208:32: mismatched input '&' expecting {'(', '{'} [@1326,5835:5835='&',<156>,208:32] (taclet, rulesOrAxioms, decls, file) 
302455     WARN  Test worker     d.u.i.k.n.KeYParser       [syntax-error] file:/home/runner/work/key/key/key.core/build/resources/main/de/uka/ilkd/key/proof/rules/ifThenElseRules.key:210:42: mismatched input '}' expecting {'(', '{'} [@1366,5948:5948='}',<149>,210:42] (taclet, rulesOrAxioms, decls, file) 
302455     WARN  Test worker     d.u.i.k.n.KeYParser       [syntax-error] file:/home/runner/work/key/key/key.core/build/resources/main/de/uka/ilkd/key/proof/rules/ifThenElseRules.key:211:39: mismatched input '}' expecting {'(', '{'} [@1379,5993:5993='}',<149>,211:39] (taclet, rulesOrAxioms, decls, file) 
302455     WARN  Test worker     d.u.i.k.n.KeYParser       [syntax-error] file:/home/runner/work/key/key/key.core/build/resources/main/de/uka/ilkd/key/proof/rules/ifThenElseRules.key:218:14: mismatched input '\ifExintVar' expecting {MODALITY, FORALL, EXISTS, '\if', '\ifEx', 'true', 'false', '(', '{', '@', NOT, SEQARROW, '-', STRING_LITERAL, CHAR_LITERAL, BIN_LITERAL, HEX_LITERAL, IDENT, INT_LITERAL, FLOAT_LITERAL, DOUBLE_LITERAL, REAL_LITERAL} [@1407,6146:6156='\ifExintVar',<188>,218:14] (termorseq, taclet, rulesOrAxioms, decls, file) 
302455     WARN  Test worker     d.u.i.k.n.KeYParser       [syntax-error] file:/home/runner/work/key/key/key.core/build/resources/main/de/uka/ilkd/key/proof/rules/ifThenElseRules.key:218:27: extraneous input '(' expecting {'\lemma', '}', IDENT, '/*!'} [@1410,6159:6159='(',<146>,218:27] (rulesOrAxioms, decls, file) 
302455     WARN  Test worker     d.u.i.k.n.KeYParser       [syntax-error] file:/home/runner/work/key/key/key.core/build/resources/main/de/uka/ilkd/key/proof/rules/ifThenElseRules.key:218:31: mismatched input ')' expecting {'(', '{'} [@1412,6163:6163=')',<147>,218:31] (taclet, rulesOrAxioms, decls, file) 
302455     WARN  Test worker     d.u.i.k.n.KeYParser       [syntax-error] file:/home/runner/work/key/key/key.core/build/resources/main/de/uka/ilkd/key/proof/rules/ifThenElseRules.key:220:44: mismatched input ')' expecting {'(', '{'} [@1444,6275:6275=')',<147>,220:44] (taclet, rulesOrAxioms, decls, file) 
302455     WARN  Test worker     d.u.i.k.n.KeYParser       [syntax-error] file:/home/runner/work/key/key/key.core/build/resources/main/de/uka/ilkd/key/proof/rules/ifThenElseRules.key:225:14: mismatched input '\ifExintVar' expecting {MODALITY, FORALL, EXISTS, '\if', '\ifEx', 'true', 'false', '(', '{', '@', NOT, SEQARROW, '-', STRING_LITERAL, CHAR_LITERAL, BIN_LITERAL, HEX_LITERAL, IDENT, INT_LITERAL, FLOAT_LITERAL, DOUBLE_LITERAL, REAL_LITERAL} [@1471,6389:6399='\ifExintVar',<188>,225:14] (termorseq, taclet, rulesOrAxioms, decls, file) 
302455     WARN  Test worker     d.u.i.k.n.KeYParser       [syntax-error] file:/home/runner/work/key/key/key.core/build/resources/main/de/uka/ilkd/key/proof/rules/ifThenElseRules.key:225:27: extraneous input '(' expecting {'\lemma', '}', IDENT, '/*!'} [@1474,6402:6402='(',<146>,225:27] (rulesOrAxioms, decls, file) 
302455     WARN  Test worker     d.u.i.k.n.KeYParser       [syntax-error] file:/home/runner/work/key/key/key.core/build/resources/main/de/uka/ilkd/key/proof/rules/ifThenElseRules.key:225:31: mismatched input ')' expecting {'(', '{'} [@1476,6406:6406=')',<147>,225:31] (taclet, rulesOrAxioms, decls, file) 
302455     WARN  Test worker     d.u.i.k.n.KeYParser       [syntax-error] file:/home/runner/work/key/key/key.core/build/resources/main/de/uka/ilkd/key/proof/rules/ifThenElseRules.key:227:44: mismatched input ')' expecting {'(', '{'} [@1508,6509:6509=')',<147>,227:44] (taclet, rulesOrAxioms, decls, file) 
302455     WARN  Test worker     d.u.i.k.n.KeYParser       [syntax-error] file:/home/runner/work/key/key/key.core/build/resources/main/de/uka/ilkd/key/proof/rules/ifThenElseRules.key:233:14: mismatched input '\ifExintVar' expecting {MODALITY, FORALL, EXISTS, '\if', '\ifEx', 'true', 'false', '(', '{', '@', NOT, SEQARROW, '-', STRING_LITERAL, CHAR_LITERAL, BIN_LITERAL, HEX_LITERAL, IDENT, INT_LITERAL, FLOAT_LITERAL, DOUBLE_LITERAL, REAL_LITERAL} [@1539,6656:6666='\ifExintVar',<188>,233:14] (termorseq, taclet, rulesOrAxioms, decls, file) 
302455     WARN  Test worker     d.u.i.k.n.KeYParser       [syntax-error] file:/home/runner/work/key/key/key.core/build/resources/main/de/uka/ilkd/key/proof/rules/ifThenElseRules.key:233:27: extraneous input '(' expecting {'\lemma', '}', IDENT, '/*!'} [@1542,6669:6669='(',<146>,233:27] (rulesOrAxioms, decls, file) 
302455     WARN  Test worker     d.u.i.k.n.KeYParser       [syntax-error] file:/home/runner/work/key/key/key.core/build/resources/main/de/uka/ilkd/key/proof/rules/ifThenElseRules.key:233:31: mismatched input ')' expecting {'(', '{'} [@1544,6673:6673=')',<147>,233:31] (taclet, rulesOrAxioms, decls, file) 
302455     WARN  Test worker     d.u.i.k.n.KeYParser       [syntax-error] file:/home/runner/work/key/key/key.core/build/resources/main/de/uka/ilkd/key/proof/rules/ifThenElseRules.key:237:42: mismatched input '}' expecting {'(', '{'} [@1586,6850:6850='}',<149>,237:42] (taclet, rulesOrAxioms, decls, file) 
302455     WARN  Test worker     d.u.i.k.n.KeYParser       [syntax-error] file:/home/runner/work/key/key/key.core/build/resources/main/de/uka/ilkd/key/proof/rules/ifThenElseRules.key:238:34: mismatched input '}' expecting {'(', '{'} [@1599,6891:6891='}',<149>,238:34] (taclet, rulesOrAxioms, decls, file) 
302455     WARN  Test worker     d.u.i.k.n.KeYParser       [syntax-error] file:/home/runner/work/key/key/key.core/build/resources/main/de/uka/ilkd/key/proof/rules/ifThenElseRules.key:239:28: extraneous input '(' expecting {'\lemma', '}', IDENT, '/*!'} [@1608,6925:6925='(',<146>,239:28] (rulesOrAxioms, decls, file) 
302455     WARN  Test worker     d.u.i.k.n.KeYParser       [syntax-error] file:/home/runner/work/key/key/key.core/build/resources/main/de/uka/ilkd/key/proof/rules/ifThenElseRules.key:239:33: mismatched input '->' expecting {'(', '{'} [@1611,6930:6931='->',<158>,239:33] (taclet, rulesOrAxioms, decls, file) 
302455     WARN  Test worker     d.u.i.k.n.KeYParser       [syntax-error] file:/home/runner/work/key/key/key.core/build/resources/main/de/uka/ilkd/key/proof/rules/ifThenElseRules.key:240:8: extraneous input '\replacewith' expecting {'\lemma', '}', IDENT, '/*!'} [@1626,6979:6990='\replacewith',<105>,240:8] (rulesOrAxioms, decls, file) 
302455     WARN  Test worker     d.u.i.k.n.KeYParser       [syntax-error] file:/home/runner/work/key/key/key.core/build/resources/main/de/uka/ilkd/key/proof/rules/ifThenElseRules.key:240:25: mismatched input ')' expecting {'(', '{'} [@1629,6996:6996=')',<147>,240:25] (taclet, rulesOrAxioms, decls, file) 
302455     WARN  Test worker     d.u.i.k.n.KeYParser       [syntax-error] file:/home/runner/work/key/key/key.core/build/resources/main/de/uka/ilkd/key/proof/rules/ifThenElseRules.key:240:56: mismatched input ')' expecting {'(', '{'} [@1642,7027:7027=')',<147>,240:56] (taclet, rulesOrAxioms, decls, file) 
302455     WARN  Test worker     d.u.i.k.n.KeYParser       [syntax-error] file:/home/runner/work/key/key/key.core/build/resources/main/de/uka/ilkd/key/proof/rules/ifThenElseRules.key:245:14: mismatched input '\ifExintVar' expecting {MODALITY, FORALL, EXISTS, '\if', '\ifEx', 'true', 'false', '(', '{', '@', NOT, SEQARROW, '-', STRING_LITERAL, CHAR_LITERAL, BIN_LITERAL, HEX_LITERAL, IDENT, INT_LITERAL, FLOAT_LITERAL, DOUBLE_LITERAL, REAL_LITERAL} [@1658,7109:7119='\ifExintVar',<188>,245:14] (termorseq, taclet, rulesOrAxioms, decls, file) 
302455     WARN  Test worker     d.u.i.k.n.KeYParser       [syntax-error] file:/home/runner/work/key/key/key.core/build/resources/main/de/uka/ilkd/key/proof/rules/ifThenElseRules.key:245:27: extraneous input '(' expecting {'\lemma', '}', IDENT, '/*!'} [@1661,7122:7122='(',<146>,245:27] (rulesOrAxioms, decls, file) 
302455     WARN  Test worker     d.u.i.k.n.KeYParser       [syntax-error] file:/home/runner/work/key/key/key.core/build/resources/main/de/uka/ilkd/key/proof/rules/ifThenElseRules.key:245:31: mismatched input ')' expecting {'(', '{'} [@1663,7126:7126=')',<147>,245:31] (taclet, rulesOrAxioms, decls, file) 
302455     WARN  Test worker     d.u.i.k.n.KeYParser       [syntax-error] file:/home/runner/work/key/key/key.core/build/resources/main/de/uka/ilkd/key/proof/rules/ifThenElseRules.key:248:45: mismatched input '}' expecting {'(', '{'} [@1696,7268:7268='}',<149>,248:45] (taclet, rulesOrAxioms, decls, file) 
302455     WARN  Test worker     d.u.i.k.n.KeYParser       [syntax-error] file:/home/runner/work/key/key/key.core/build/resources/main/de/uka/ilkd/key/proof/rules/ifThenElseRules.key:249:8: extraneous input '\replacewith' expecting {'\lemma', '}', IDENT, '/*!'} [@1701,7284:7295='\replacewith',<105>,249:8] (rulesOrAxioms, decls, file) 
302455     WARN  Test worker     d.u.i.k.n.KeYParser       [syntax-error] file:/home/runner/work/key/key/key.core/build/resources/main/de/uka/ilkd/key/proof/rules/ifThenElseRules.key:249:38: mismatched input ')' expecting {'(', '{'} [@1708,7314:7314=')',<147>,249:38] (taclet, rulesOrAxioms, decls, file) 
302455     WARN  Test worker     d.u.i.k.n.KeYParser       [syntax-error] file:/home/runner/work/key/key/key.core/build/resources/main/de/uka/ilkd/key/proof/rules/ifThenElseRules.key:250:42: mismatched input '}' expecting {'(', '{'} [@1731,7381:7381='}',<149>,250:42] (taclet, rulesOrAxioms, decls, file) 
302455     WARN  Test worker     d.u.i.k.n.KeYParser       [syntax-error] file:/home/runner/work/key/key/key.core/build/resources/main/de/uka/ilkd/key/proof/rules/ifThenElseRules.key:251:28: extraneous input '(' expecting {'\lemma', '}', IDENT, '/*!'} [@1741,7416:7416='(',<146>,251:28] (rulesOrAxioms, decls, file) 
302455     WARN  Test worker     d.u.i.k.n.KeYParser       [syntax-error] file:/home/runner/work/key/key/key.core/build/resources/main/de/uka/ilkd/key/proof/rules/ifThenElseRules.key:251:33: mismatched input '->' expecting {'(', '{'} [@1744,7421:7422='->',<158>,251:33] (taclet, rulesOrAxioms, decls, file) 
302455     WARN  Test worker     d.u.i.k.n.KeYParser       [syntax-error] file:/home/runner/work/key/key/key.core/build/resources/main/de/uka/ilkd/key/proof/rules/ifThenElseRules.key:255:14: mismatched input '\ifExintVar' expecting {MODALITY, FORALL, EXISTS, '\if', '\ifEx', 'true', 'false', '(', '{', '@', NOT, SEQARROW, '-', STRING_LITERAL, CHAR_LITERAL, BIN_LITERAL, HEX_LITERAL, IDENT, INT_LITERAL, FLOAT_LITERAL, DOUBLE_LITERAL, REAL_LITERAL} [@1765,7506:7516='\ifExintVar',<188>,255:14] (termorseq, taclet, rulesOrAxioms, decls, file) 
302455     WARN  Test worker     d.u.i.k.n.KeYParser       [syntax-error] file:/home/runner/work/key/key/key.core/build/resources/main/de/uka/ilkd/key/proof/rules/ifThenElseRules.key:255:27: extraneous input '(' expecting {'\lemma', '}', IDENT, '/*!'} [@1768,7519:7519='(',<146>,255:27] (rulesOrAxioms, decls, file) 
302455     WARN  Test worker     d.u.i.k.n.KeYParser       [syntax-error] file:/home/runner/work/key/key/key.core/build/resources/main/de/uka/ilkd/key/proof/rules/ifThenElseRules.key:255:31: mismatched input ')' expecting {'(', '{'} [@1770,7523:7523=')',<147>,255:31] (taclet, rulesOrAxioms, decls, file) 
302455     WARN  Test worker     d.u.i.k.n.KeYParser       [syntax-error] file:/home/runner/work/key/key/key.core/build/resources/main/de/uka/ilkd/key/proof/rules/ifThenElseRules.key:258:52: extraneous input '0' expecting {'\lemma', '}', IDENT, '/*!'} [@1809,7667:7667='0',<184>,258:52] (rulesOrAxioms, decls, file) 
302455     WARN  Test worker     d.u.i.k.n.KeYParser       [syntax-error] file:/home/runner/work/key/key/key.core/build/resources/main/de/uka/ilkd/key/proof/rules/ifThenElseRules.key:258:54: mismatched input 'then' expecting {<EOF>, '\problem', '\chooseContract', '\proofObligation', '\proof'} [@1811,7669:7672='then',<183>,258:54] (file) 
302456     ERROR Test worker     d.u.i.k.s.n.MasterHandlerTest Error reading /home/runner/work/key/key/key.core/build/resources/test/de/uka/ilkd/key/smt/newsmt2/cases/float.sqrt1.props de.uka.ilkd.key.proof.io.ProblemLoaderException: line 135:14 mismatched input '\ifExintVar' expecting {MODALITY, FORALL, EXISTS, '\if', '\ifEx', 'true', 'false', '(', '{', '@', NOT, SEQARROW, '-', STRING_LITERAL, CHAR_LITERAL, BIN_LITERAL, HEX_LITERAL, IDENT, INT_LITERAL, FLOAT_LITERAL, DOUBLE_LITERAL, REAL_LITERAL}
line 135:27 extraneous input '(' expecting {'\lemma', '}', IDENT, '/*!'}
line 135:44 mismatched input ')' expecting {'(', '{'}
line 141:14 mismatched input '\ifExintVar' expecting {MODALITY, FORALL, EXISTS, '\if', '\ifEx', 'true', 'false', '(', '{', '@', NOT, SEQARROW, '-', STRING_LITERAL, CHAR_LITERAL, BIN_LITERAL, HEX_LITERAL, IDENT, INT_LITERAL, FLOAT_LITERAL, DOUBLE_LITERAL, REAL_LITERAL}
line 141:27 extraneous input '(' expecting {'\lemma', '}', IDENT, '/*!'}
line 141:41 mismatched input ')' expecting {'(', '{'}
line 148:14 mismatched input '\ifExintVar' expecting {MODALITY, FORALL, EXISTS, '\if', '\ifEx', 'true', 'false', '(', '{', '@', NOT, SEQARROW, '-', STRING_LITERAL, CHAR_LITERAL, BIN_LITERAL, HEX_LITERAL, IDENT, INT_LITERAL, FLOAT_LITERAL, DOUBLE_LITERAL, REAL_LITERAL}
line 148:27 extraneous input '(' expecting {'\lemma', '}', IDENT, '/*!'}
line 148:35 mismatched input '=' expecting {'(', '{'}
line 150:38 mismatched input '}' expecting {'(', '{'}
line 155:14 mismatched input '\ifExintVar' expecting {MODALITY, FORALL, EXISTS, '\if', '\ifEx', 'true', 'false', '(', '{', '@', NOT, SEQARROW, '-', STRING_LITERAL, CHAR_LITERAL, BIN_LITERAL, HEX_LITERAL, IDENT, INT_LITERAL, FLOAT_LITERAL, DOUBLE_LITERAL, REAL_LITERAL}
line 155:27 extraneous input '(' expecting {'\lemma', '}', IDENT, '/*!'}
line 155:35 mismatched input '=' expecting {'(', '{'}
line 157:38 mismatched input '}' expecting {'(', '{'}
line 163:14 mismatched input '\ifExintVar' expecting {MODALITY, FORALL, EXISTS, '\if', '\ifEx', 'true', 'false', '(', '{', '@', NOT, SEQARROW, '-', STRING_LITERAL, CHAR_LITERAL, BIN_LITERAL, HEX_LITERAL, IDENT, INT_LITERAL, FLOAT_LITERAL, DOUBLE_LITERAL, REAL_LITERAL}
line 163:27 extraneous input '(' expecting {'\lemma', '}', IDENT, '/*!'}
line 163:30 mismatched input '=' expecting {'(', '{'}
line 165:38 mismatched input '}' expecting {'(', '{'}
line 171:14 mismatched input '\ifExintVar' expecting {MODALITY, FORALL, EXISTS, '\if', '\ifEx', 'true', 'false', '(', '{', '@', NOT, SEQARROW, '-', STRING_LITERAL, CHAR_LITERAL, BIN_LITERAL, HEX_LITERAL, IDENT, INT_LITERAL, FLOAT_LITERAL, DOUBLE_LITERAL, REAL_LITERAL}
line 171:27 extraneous input '(' expecting {'\lemma', '}', IDENT, '/*!'}
line 171:30 mismatched input '=' expecting {'(', '{'}
line 173:38 mismatched input '}' expecting {'(', '{'}
line 179:14 mismatched input '\ifExintVar' expecting {MODALITY, FORALL, EXISTS, '\if', '\ifEx', 'true', 'false', '(', '{', '@', NOT, SEQARROW, '-', STRING_LITERAL, CHAR_LITERAL, BIN_LITERAL, HEX_LITERAL, IDENT, INT_LITERAL, FLOAT_LITERAL, DOUBLE_LITERAL, REAL_LITERAL}
line 179:27 extraneous input '(' expecting {'\lemma', '}', IDENT, '/*!'}
line 179:32 mismatched input '&' expecting {'(', '{'}
line 181:42 mismatched input '}' expecting {'(', '{'}
line 182:39 mismatched input '}' expecting {'(', '{'}
line 188:14 mismatched input '\ifExintVar' expecting {MODALITY, FORALL, EXISTS, '\if', '\ifEx', 'true', 'false', '(', '{', '@', NOT, SEQARROW, '-', STRING_LITERAL, CHAR_LITERAL, BIN_LITERAL, HEX_LITERAL, IDENT, INT_LITERAL, FLOAT_LITERAL, DOUBLE_LITERAL, REAL_LITERAL}
line 188:27 extraneous input '(' expecting {'\lemma', '}', IDENT, '/*!'}
line 188:32 mismatched input '&' expecting {'(', '{'}
line 190:42 mismatched input '}' expecting {'(', '{'}
line 191:39 mismatched input '}' expecting {'(', '{'}
line 198:14 mismatched input '\ifExintVar' expecting {MODALITY, FORALL, EXISTS, '\if', '\ifEx', 'true', 'false', '(', '{', '@', NOT, SEQARROW, '-', STRING_LITERAL, CHAR_LITERAL, BIN_LITERAL, HEX_LITERAL, IDENT, INT_LITERAL, FLOAT_LITERAL, DOUBLE_LITERAL, REAL_LITERAL}
line 198:27 extraneous input '(' expecting {'\lemma', '}', IDENT, '/*!'}
line 198:32 mismatched input '&' expecting {'(', '{'}
line 200:42 mismatched input '}' expecting {'(', '{'}
line 201:39 mismatched input '}' expecting {'(', '{'}
line 208:14 mismatched input '\ifExintVar' expecting {MODALITY, FORALL, EXISTS, '\if', '\ifEx', 'true', 'false', '(', '{', '@', NOT, SEQARROW, '-', STRING_LITERAL, CHAR_LITERAL, BIN_LITERAL, HEX_LITERAL, IDENT, INT_LITERAL, FLOAT_LITERAL, DOUBLE_LITERAL, REAL_LITERAL}
line 208:27 extraneous input '(' expecting {'\lemma', '}', IDENT, '/*!'}
line 208:32 mismatched input '&' expecting {'(', '{'}
line 210:42 mismatched input '}' expecting {'(', '{'}
line 211:39 mismatched input '}' expecting {'(', '{'}
line 218:14 mismatched input '\ifExintVar' expecting {MODALITY, FORALL, EXISTS, '\if', '\ifEx', 'true', 'false', '(', '{', '@', NOT, SEQARROW, '-', STRING_LITERAL, CHAR_LITERAL, BIN_LITERAL, HEX_LITERAL, IDENT, INT_LITERAL, FLOAT_LITERAL, DOUBLE_LITERAL, REAL_LITERAL}
line 218:27 extraneous input '(' expecting {'\lemma', '}', IDENT, '/*!'}
line 218:31 mismatched input ')' expecting {'(', '{'}
line 220:44 mismatched input ')' expecting {'(', '{'}
line 225:14 mismatched input '\ifExintVar' expecting {MODALITY, FORALL, EXISTS, '\if', '\ifEx', 'true', 'false', '(', '{', '@', NOT, SEQARROW, '-', STRING_LITERAL, CHAR_LITERAL, BIN_LITERAL, HEX_LITERAL, IDENT, INT_LITERAL, FLOAT_LITERAL, DOUBLE_LITERAL, REAL_LITERAL}
line 225:27 extraneous input '(' expecting {'\lemma', '}', IDENT, '/*!'}
line 225:31 mismatched input ')' expecting {'(', '{'}
line 227:44 mismatched input ')' expecting {'(', '{'}
line 233:14 mismatched input '\ifExintVar' expecting {MODALITY, FORALL, EXISTS, '\if', '\ifEx', 'true', 'false', '(', '{', '@', NOT, SEQARROW, '-', STRING_LITERAL, CHAR_LITERAL, BIN_LITERAL, HEX_LITERAL, IDENT, INT_LITERAL, FLOAT_LITERAL, DOUBLE_LITERAL, REAL_LITERAL}
line 233:27 extraneous input '(' expecting {'\lemma', '}', IDENT, '/*!'}
line 233:31 mismatched input ')' expecting {'(', '{'}
line 237:42 mismatched input '}' expecting {'(', '{'}
line 238:34 mismatched input '}' expecting {'(', '{'}
line 239:28 extraneous input '(' expecting {'\lemma', '}', IDENT, '/*!'}
line 239:33 mismatched input '->' expecting {'(', '{'}
line 240:8 extraneous input '\replacewith' expecting {'\lemma', '}', IDENT, '/*!'}
line 240:25 mismatched input ')' expecting {'(', '{'}
line 240:56 mismatched input ')' expecting {'(', '{'}
line 245:14 mismatched input '\ifExintVar' expecting {MODALITY, FORALL, EXISTS, '\if', '\ifEx', 'true', 'false', '(', '{', '@', NOT, SEQARROW, '-', STRING_LITERAL, CHAR_LITERAL, BIN_LITERAL, HEX_LITERAL, IDENT, INT_LITERAL, FLOAT_LITERAL, DOUBLE_LITERAL, REAL_LITERAL}
line 245:27 extraneous input '(' expecting {'\lemma', '}', IDENT, '/*!'}
line 245:31 mismatched input ')' expecting {'(', '{'}
line 248:45 mismatched input '}' expecting {'(', '{'}
line 249:8 extraneous input '\replacewith' expecting {'\lemma', '}', IDENT, '/*!'}
line 249:38 mismatched input ')' expecting {'(', '{'}
line 250:42 mismatched input '}' expecting {'(', '{'}
line 251:28 extraneous input '(' expecting {'\lemma', '}', IDENT, '/*!'}
line 251:33 mismatched input '->' expecting {'(', '{'}
line 255:14 mismatched input '\ifExintVar' expecting {MODALITY, FORALL, EXISTS, '\if', '\ifEx', 'true', 'false', '(', '{', '@', NOT, SEQARROW, '-', STRING_LITERAL, CHAR_LITERAL, BIN_LITERAL, HEX_LITERAL, IDENT, INT_LITERAL, FLOAT_LITERAL, DOUBLE_LITERAL, REAL_LITERAL}
line 255:27 extraneous input '(' expecting {'\lemma', '}', IDENT, '/*!'}
line 255:31 mismatched input ')' expecting {'(', '{'}
line 258:52 extraneous input '0' expecting {'\lemma', '}', IDENT, '/*!'}
line 258:54 mismatched input 'then' expecting {<EOF>, '\problem', '\chooseContract', '\proofObligation', '\proof'}

	at de.uka.ilkd.key.control.AbstractUserInterfaceControl.load(AbstractUserInterfaceControl.java:221)
Caused by: de.uka.ilkd.key.proof.init.ProofInputException: line 135:14 mismatched input '\ifExintVar' expecting {MODALITY, FORALL, EXISTS, '\if', '\ifEx', 'true', 'false', '(', '{', '@', NOT, SEQARROW, '-', STRING_LITERAL, CHAR_LITERAL, BIN_LITERAL, HEX_LITERAL, IDENT, INT_LITERAL, FLOAT_LITERAL, DOUBLE_LITERAL, REAL_LITERAL}
line 135:27 extraneous input '(' expecting {'\lemma', '}', IDENT, '/*!'}
line 135:44 mismatched input ')' expecting {'(', '{'}
line 141:14 mismatched input '\ifExintVar' expecting {MODALITY, FORALL, EXISTS, '\if', '\ifEx', 'true', 'false', '(', '{', '@', NOT, SEQARROW, '-', STRING_LITERAL, CHAR_LITERAL, BIN_LITERAL, HEX_LITERAL, IDENT, INT_LITERAL, FLOAT_LITERAL, DOUBLE_LITERAL, REAL_LITERAL}
line 141:27 extraneous input '(' expecting {'\lemma', '}', IDENT, '/*!'}
line 141:41 mismatched input ')' expecting {'(', '{'}
line 148:14 mismatched input '\ifExintVar' expecting {MODALITY, FORALL, EXISTS, '\if', '\ifEx', 'true', 'false', '(', '{', '@', NOT, SEQARROW, '-', STRING_LITERAL, CHAR_LITERAL, BIN_LITERAL, HEX_LITERAL, IDENT, INT_LITERAL, FLOAT_LITERAL, DOUBLE_LITERAL, REAL_LITERAL}
line 148:27 extraneous input '(' expecting {'\lemma', '}', IDENT, '/*!'}
line 148:35 mismatched input '=' expecting {'(', '{'}
line 150:38 mismatched input '}' expecting {'(', '{'}
line 155:14 mismatched input '\ifExintVar' expecting {MODALITY, FORALL, EXISTS, '\if', '\ifEx', 'true', 'false', '(', '{', '@', NOT, SEQARROW, '-', STRING_LITERAL, CHAR_LITERAL, BIN_LITERAL, HEX_LITERAL, IDENT, INT_LITERAL, FLOAT_LITERAL, DOUBLE_LITERAL, REAL_LITERAL}
line 155:27 extraneous input '(' expecting {'\lemma', '}', IDENT, '/*!'}
line 155:35 mismatched input '=' expecting {'(', '{'}
line 157:38 mismatched input '}' expecting {'(', '{'}
line 163:14 mismatched input '\ifExintVar' expecting {MODALITY, FORALL, EXISTS, '\if', '\ifEx', 'true', 'false', '(', '{', '@', NOT, SEQARROW, '-', STRING_LITERAL, CHAR_LITERAL, BIN_LITERAL, HEX_LITERAL, IDENT, INT_LITERAL, FLOAT_LITERAL, DOUBLE_LITERAL, REAL_LITERAL}
line 163:27 extraneous input '(' expecting {'\lemma', '}', IDENT, '/*!'}
line 163:30 mismatched input '=' expecting {'(', '{'}
line 165:38 mismatched input '}' expecting {'(', '{'}
line 171:14 mismatched input '\ifExintVar' expecting {MODALITY, FORALL, EXISTS, '\if', '\ifEx', 'true', 'false', '(', '{', '@', NOT, SEQARROW, '-', STRING_LITERAL, CHAR_LITERAL, BIN_LITERAL, HEX_LITERAL, IDENT, INT_LITERAL, FLOAT_LITERAL, DOUBLE_LITERAL, REAL_LITERAL}
line 171:27 extraneous input '(' expecting {'\lemma', '}', IDENT, '/*!'}
line 171:30 mismatched input '=' expecting {'(', '{'}
line 173:38 mismatched input '}' expecting {'(', '{'}
line 179:14 mismatched input '\ifExintVar' expecting {MODALITY, FORALL, EXISTS, '\if', '\ifEx', 'true', 'false', '(', '{', '@', NOT, SEQARROW, '-', STRING_LITERAL, CHAR_LITERAL, BIN_LITERAL, HEX_LITERAL, IDENT, INT_LITERAL, FLOAT_LITERAL, DOUBLE_LITERAL, REAL_LITERAL}
line 179:27 extraneous input '(' expecting {'\lemma', '}', IDENT, '/*!'}
line 179:32 mismatched input '&' expecting {'(', '{'}
line 181:42 mismatched input '}' expecting {'(', '{'}
line 182:39 mismatched input '}' expecting {'(', '{'}
line 188:14 mismatched input '\ifExintVar' expecting {MODALITY, FORALL, EXISTS, '\if', '\ifEx', 'true', 'false', '(', '{', '@', NOT, SEQARROW, '-', STRING_LITERAL, CHAR_LITERAL, BIN_LITERAL, HEX_LITERAL, IDENT, INT_LITERAL, FLOAT_LITERAL, DOUBLE_LITERAL, REAL_LITERAL}
line 188:27 extraneous input '(' expecting {'\lemma', '}', IDENT, '/*!'}
line 188:32 mismatched input '&' expecting {'(', '{'}
line 190:42 mismatched input '}' expecting {'(', '{'}
line 191:39 mismatched input '}' expecting {'(', '{'}
line 198:14 mismatched input '\ifExintVar' expecting {MODALITY, FORALL, EXISTS, '\if', '\ifEx', 'true', 'false', '(', '{', '@', NOT, SEQARROW, '-', STRING_LITERAL, CHAR_LITERAL, BIN_LITERAL, HEX_LITERAL, IDENT, INT_LITERAL, FLOAT_LITERAL, DOUBLE_LITERAL, REAL_LITERAL}
line 198:27 extraneous input '(' expecting {'\lemma', '}', IDENT, '/*!'}
line 198:32 mismatched input '&' expecting {'(', '{'}
line 200:42 mismatched input '}' expecting {'(', '{'}
line 201:39 mismatched input '}' expecting {'(', '{'}
line 208:14 mismatched input '\ifExintVar' expecting {MODALITY, FORALL, EXISTS, '\if', '\ifEx', 'true', 'false', '(', '{', '@', NOT, SEQARROW, '-', STRING_LITERAL, CHAR_LITERAL, BIN_LITERAL, HEX_LITERAL, IDENT, INT_LITERAL, FLOAT_LITERAL, DOUBLE_LITERAL, REAL_LITERAL}
line 208:27 extraneous input '(' expecting {'\lemma', '}', IDENT, '/*!'}
line 208:32 mismatched input '&' expecting {'(', '{'}
line 210:42 mismatched input '}' expecting {'(', '{'}
line 211:39 mismatched input '}' expecting {'(', '{'}
line 218:14 mismatched input '\ifExintVar' expecting {MODALITY, FORALL, EXISTS, '\if', '\ifEx', 'true', 'false', '(', '{', '@', NOT, SEQARROW, '-', STRING_LITERAL, CHAR_LITERAL, BIN_LITERAL, HEX_LITERAL, IDENT, INT_LITERAL, FLOAT_LITERAL, DOUBLE_LITERAL, REAL_LITERAL}
line 218:27 extraneous input '(' expecting {'\lemma', '}', IDENT, '/*!'}
line 218:31 mismatched input ')' expecting {'(', '{'}
line 220:44 mismatched input ')' expecting {'(', '{'}
line 225:14 mismatched input '\ifExintVar' expecting {MODALITY, FORALL, EXISTS, '\if', '\ifEx', 'true', 'false', '(', '{', '@', NOT, SEQARROW, '-', STRING_LITERAL, CHAR_LITERAL, BIN_LITERAL, HEX_LITERAL, IDENT, INT_LITERAL, FLOAT_LITERAL, DOUBLE_LITERAL, REAL_LITERAL}
line 225:27 extraneous input '(' expecting {'\lemma', '}', IDENT, '/*!'}
line 225:31 mismatched input ')' expecting {'(', '{'}
line 227:44 mismatched input ')' expecting {'(', '{'}
line 233:14 mismatched input '\ifExintVar' expecting {MODALITY, FORALL, EXISTS, '\if', '\ifEx', 'true', 'false', '(', '{', '@', NOT, SEQARROW, '-', STRING_LITERAL, CHAR_LITERAL, BIN_LITERAL, HEX_LITERAL, IDENT, INT_LITERAL, FLOAT_LITERAL, DOUBLE_LITERAL, REAL_LITERAL}
line 233:27 extraneous input '(' expecting {'\lemma', '}', IDENT, '/*!'}
line 233:31 mismatched input ')' expecting {'(', '{'}
line 237:42 mismatched input '}' expecting {'(', '{'}
line 238:34 mismatched input '}' expecting {'(', '{'}
line 239:28 extraneous input '(' expecting {'\lemma', '}', IDENT, '/*!'}
line 239:33 mismatched input '->' expecting {'(', '{'}
line 240:8 extraneous input '\replacewith' expecting {'\lemma', '}', IDENT, '/*!'}
line 240:25 mismatched input ')' expecting {'(', '{'}
line 240:56 mismatched input ')' expecting {'(', '{'}
line 245:14 mismatched input '\ifExintVar' expecting {MODALITY, FORALL, EXISTS, '\if', '\ifEx', 'true', 'false', '(', '{', '@', NOT, SEQARROW, '-', STRING_LITERAL, CHAR_LITERAL, BIN_LITERAL, HEX_LITERAL, IDENT, INT_LITERAL, FLOAT_LITERAL, DOUBLE_LITERAL, REAL_LITERAL}
line 245:27 extraneous input '(' expecting {'\lemma', '}', IDENT, '/*!'}
line 245:31 mismatched input ')' expecting {'(', '{'}
line 248:45 mismatched input '}' expecting {'(', '{'}
line 249:8 extraneous input '\replacewith' expecting {'\lemma', '}', IDENT, '/*!'}
line 249:38 mismatched input ')' expecting {'(', '{'}
line 250:42 mismatched input '}' expecting {'(', '{'}
line 251:28 extraneous input '(' expecting {'\lemma', '}', IDENT, '/*!'}
line 251:33 mismatched input '->' expecting {'(', '{'}
line 255:14 mismatched input '\ifExintVar' expecting {MODALITY, FORALL, EXISTS, '\if', '\ifEx', 'true', 'false', '(', '{', '@', NOT, SEQARROW, '-', STRING_LITERAL, CHAR_LITERAL, BIN_LITERAL, HEX_LITERAL, IDENT, INT_LITERAL, FLOAT_LITERAL, DOUBLE_LITERAL, REAL_LITERAL}
line 255:27 extraneous input '(' expecting {'\lemma', '}', IDENT, '/*!'}
line 255:31 mismatched input ')' expecting {'(', '{'}
line 258:52 extraneous input '0' expecting {'\lemma', '}', IDENT, '/*!'}
line 258:54 mismatched input 'then' expecting {<EOF>, '\problem', '\chooseContract', '\proofObligation', '\proof'}

	at de.uka.ilkd.key.proof.io.KeYFile.readIncludes(KeYFile.java:210)
Caused by: de.uka.ilkd.key.util.parsing.SyntaxErrorReporter$ParserException: line 135:14 mismatched input '\ifExintVar' expecting {MODALITY, FORALL, EXISTS, '\if', '\ifEx', 'true', 'false', '(', '{', '@', NOT, SEQARROW, '-', STRING_LITERAL, CHAR_LITERAL, BIN_LITERAL, HEX_LITERAL, IDENT, INT_LITERAL, FLOAT_LITERAL, DOUBLE_LITERAL, REAL_LITERAL}
line 135:27 extraneous input '(' expecting {'\lemma', '}', IDENT, '/*!'}
line 135:44 mismatched input ')' expecting {'(', '{'}
line 141:14 mismatched input '\ifExintVar' expecting {MODALITY, FORALL, EXISTS, '\if', '\ifEx', 'true', 'false', '(', '{', '@', NOT, SEQARROW, '-', STRING_LITERAL, CHAR_LITERAL, BIN_LITERAL, HEX_LITERAL, IDENT, INT_LITERAL, FLOAT_LITERAL, DOUBLE_LITERAL, REAL_LITERAL}
line 141:27 extraneous input '(' expecting {'\lemma', '}', IDENT, '/*!'}
line 141:41 mismatched input ')' expecting {'(', '{'}
line 148:14 mismatched input '\ifExintVar' expecting {MODALITY, FORALL, EXISTS, '\if', '\ifEx', 'true', 'false', '(', '{', '@', NOT, SEQARROW, '-', STRING_LITERAL, CHAR_LITERAL, BIN_LITERAL, HEX_LITERAL, IDENT, INT_LITERAL, FLOAT_LITERAL, DOUBLE_LITERAL, REAL_LITERAL}
line 148:27 extraneous input '(' expecting {'\lemma', '}', IDENT, '/*!'}
line 148:35 mismatched input '=' expecting {'(', '{'}
line 150:38 mismatched input '}' expecting {'(', '{'}
line 155:14 mismatched input '\ifExintVar' expecting {MODALITY, FORALL, EXISTS, '\if', '\ifEx', 'true', 'false', '(', '{', '@', NOT, SEQARROW, '-', STRING_LITERAL, CHAR_LITERAL, BIN_LITERAL, HEX_LITERAL, IDENT, INT_LITERAL, FLOAT_LITERAL, DOUBLE_LITERAL, REAL_LITERAL}
line 155:27 extraneous input '(' expecting {'\lemma', '}', IDENT, '/*!'}
line 155:35 mismatched input '=' expecting {'(', '{'}
line 157:38 mismatched input '}' expecting {'(', '{'}
line 163:14 mismatched input '\ifExintVar' expecting {MODALITY, FORALL, EXISTS, '\if', '\ifEx', 'true', 'false', '(', '{', '@', NOT, SEQARROW, '-', STRING_LITERAL, CHAR_LITERAL, BIN_LITERAL, HEX_LITERAL, IDENT, INT_LITERAL, FLOAT_LITERAL, DOUBLE_LITERAL, REAL_LITERAL}
line 163:27 extraneous input '(' expecting {'\lemma', '}', IDENT, '/*!'}
line 163:30 mismatched input '=' expecting {'(', '{'}
line 165:38 mismatched input '}' expecting {'(', '{'}
line 171:14 mismatched input '\ifExintVar' expecting {MODALITY, FORALL, EXISTS, '\if', '\ifEx', 'true', 'false', '(', '{', '@', NOT, SEQARROW, '-', STRING_LITERAL, CHAR_LITERAL, BIN_LITERAL, HEX_LITERAL, IDENT, INT_LITERAL, FLOAT_LITERAL, DOUBLE_LITERAL, REAL_LITERAL}
line 171:27 extraneous input '(' expecting {'\lemma', '}', IDENT, '/*!'}
line 171:30 mismatched input '=' expecting {'(', '{'}
line 173:38 mismatched input '}' expecting {'(', '{'}
line 179:14 mismatched input '\ifExintVar' expecting {MODALITY, FORALL, EXISTS, '\if', '\ifEx', 'true', 'false', '(', '{', '@', NOT, SEQARROW, '-', STRING_LITERAL, CHAR_LITERAL, BIN_LITERAL, HEX_LITERAL, IDENT, INT_LITERAL, FLOAT_LITERAL, DOUBLE_LITERAL, REAL_LITERAL}
line 179:27 extraneous input '(' expecting {'\lemma', '}', IDENT, '/*!'}
line 179:32 mismatched input '&' expecting {'(', '{'}
line 181:42 mismatched input '}' expecting {'(', '{'}
line 182:39 mismatched input '}' expecting {'(', '{'}
line 188:14 mismatched input '\ifExintVar' expecting {MODALITY, FORALL, EXISTS, '\if', '\ifEx', 'true', 'false', '(', '{', '@', NOT, SEQARROW, '-', STRING_LITERAL, CHAR_LITERAL, BIN_LITERAL, HEX_LITERAL, IDENT, INT_LITERAL, FLOAT_LITERAL, DOUBLE_LITERAL, REAL_LITERAL}
line 188:27 extraneous input '(' expecting {'\lemma', '}', IDENT, '/*!'}
line 188:32 mismatched input '&' expecting {'(', '{'}
line 190:42 mismatched input '}' expecting {'(', '{'}
line 191:39 mismatched input '}' expecting {'(', '{'}
line 198:14 mismatched input '\ifExintVar' expecting {MODALITY, FORALL, EXISTS, '\if', '\ifEx', 'true', 'false', '(', '{', '@', NOT, SEQARROW, '-', STRING_LITERAL, CHAR_LITERAL, BIN_LITERAL, HEX_LITERAL, IDENT, INT_LITERAL, FLOAT_LITERAL, DOUBLE_LITERAL, REAL_LITERAL}
line 198:27 extraneous input '(' expecting {'\lemma', '}', IDENT, '/*!'}
line 198:32 mismatched input '&' expecting {'(', '{'}
line 200:42 mismatched input '}' expecting {'(', '{'}
line 201:39 mismatched input '}' expecting {'(', '{'}
line 208:14 mismatched input '\ifExintVar' expecting {MODALITY, FORALL, EXISTS, '\if', '\ifEx', 'true', 'false', '(', '{', '@', NOT, SEQARROW, '-', STRING_LITERAL, CHAR_LITERAL, BIN_LITERAL, HEX_LITERAL, IDENT, INT_LITERAL, FLOAT_LITERAL, DOUBLE_LITERAL, REAL_LITERAL}
line 208:27 extraneous input '(' expecting {'\lemma', '}', IDENT, '/*!'}
line 208:32 mismatched input '&' expecting {'(', '{'}
line 210:42 mismatched input '}' expecting {'(', '{'}
line 211:39 mismatched input '}' expecting {'(', '{'}
line 218:14 mismatched input '\ifExintVar' expecting {MODALITY, FORALL, EXISTS, '\if', '\ifEx', 'true', 'false', '(', '{', '@', NOT, SEQARROW, '-', STRING_LITERAL, CHAR_LITERAL, BIN_LITERAL, HEX_LITERAL, IDENT, INT_LITERAL, FLOAT_LITERAL, DOUBLE_LITERAL, REAL_LITERAL}
line 218:27 extraneous input '(' expecting {'\lemma', '}', IDENT, '/*!'}
line 218:31 mismatched input ')' expecting {'(', '{'}
line 220:44 mismatched input ')' expecting {'(', '{'}
line 225:14 mismatched input '\ifExintVar' expecting {MODALITY, FORALL, EXISTS, '\if', '\ifEx', 'true', 'false', '(', '{', '@', NOT, SEQARROW, '-', STRING_LITERAL, CHAR_LITERAL, BIN_LITERAL, HEX_LITERAL, IDENT, INT_LITERAL, FLOAT_LITERAL, DOUBLE_LITERAL, REAL_LITERAL}
line 225:27 extraneous input '(' expecting {'\lemma', '}', IDENT, '/*!'}
line 225:31 mismatched input ')' expecting {'(', '{'}
line 227:44 mismatched input ')' expecting {'(', '{'}
line 233:14 mismatched input '\ifExintVar' expecting {MODALITY, FORALL, EXISTS, '\if', '\ifEx', 'true', 'false', '(', '{', '@', NOT, SEQARROW, '-', STRING_LITERAL, CHAR_LITERAL, BIN_LITERAL, HEX_LITERAL, IDENT, INT_LITERAL, FLOAT_LITERAL, DOUBLE_LITERAL, REAL_LITERAL}
line 233:27 extraneous input '(' expecting {'\lemma', '}', IDENT, '/*!'}
line 233:31 mismatched input ')' expecting {'(', '{'}
line 237:42 mismatched input '}' expecting {'(', '{'}
line 238:34 mismatched input '}' expecting {'(', '{'}
line 239:28 extraneous input '(' expecting {'\lemma', '}', IDENT, '/*!'}
line 239:33 mismatched input '->' expecting {'(', '{'}
line 240:8 extraneous input '\replacewith' expecting {'\lemma', '}', IDENT, '/*!'}
line 240:25 mismatched input ')' expecting {'(', '{'}
line 240:56 mismatched input ')' expecting {'(', '{'}
line 245:14 mismatched input '\ifExintVar' expecting {MODALITY, FORALL, EXISTS, '\if', '\ifEx', 'true', 'false', '(', '{', '@', NOT, SEQARROW, '-', STRING_LITERAL, CHAR_LITERAL, BIN_LITERAL, HEX_LITERAL, IDENT, INT_LITERAL, FLOAT_LITERAL, DOUBLE_LITERAL, REAL_LITERAL}
line 245:27 extraneous input '(' expecting {'\lemma', '}', IDENT, '/*!'}
line 245:31 mismatched input ')' expecting {'(', '{'}
line 248:45 mismatched input '}' expecting {'(', '{'}
line 249:8 extraneous input '\replacewith' expecting {'\lemma', '}', IDENT, '/*!'}
line 249:38 mismatched input ')' expecting {'(', '{'}
line 250:42 mismatched input '}' expecting {'(', '{'}
line 251:28 extraneous input '(' expecting {'\lemma', '}', IDENT, '/*!'}
line 251:33 mismatched input '->' expecting {'(', '{'}
line 255:14 mismatched input '\ifExintVar' expecting {MODALITY, FORALL, EXISTS, '\if', '\ifEx', 'true', 'false', '(', '{', '@', NOT, SEQARROW, '-', STRING_LITERAL, CHAR_LITERAL, BIN_LITERAL, HEX_LITERAL, IDENT, INT_LITERAL, FLOAT_LITERAL, DOUBLE_LITERAL, REAL_LITERAL}
line 255:27 extraneous input '(' expecting {'\lemma', '}', IDENT, '/*!'}
line 255:31 mismatched input ')' expecting {'(', '{'}
line 258:52 extraneous input '0' expecting {'\lemma', '}', IDENT, '/*!'}
line 258:54 mismatched input 'then' expecting {<EOF>, '\problem', '\chooseContract', '\proofObligation', '\proof'}

	at de.uka.ilkd.key.util.parsing.SyntaxErrorReporter.throwException(SyntaxErrorReporter.java:89)

302475     WARN  Test worker     d.u.i.k.n.KeYParser       [syntax-error] file:/home/runner/work/key/key/key.core/build/resources/main/de/uka/ilkd/key/proof/rules/ifThenElseRules.key:135:14: mismatched input '\ifExintVar' expecting {MODALITY, FORALL, EXISTS, '\if', '\ifEx', 'true', 'false', '(', '{', '@', NOT, SEQARROW, '-', STRING_LITERAL, CHAR_LITERAL, BIN_LITERAL, HEX_LITERAL, IDENT, INT_LITERAL, FLOAT_LITERAL, DOUBLE_LITERAL, REAL_LITERAL} [@745,3563:3573='\ifExintVar',<188>,135:14] (termorseq, taclet, rulesOrAxioms, decls, file) 
302475     WARN  Test worker     d.u.i.k.n.KeYParser       [syntax-error] file:/home/runner/work/key/key/key.core/build/resources/main/de/uka/ilkd/key/proof/rules/ifThenElseRules.key:135:27: extraneous input '(' expecting {'\lemma', '}', IDENT, '/*!'} [@748,3576:3576='(',<146>,135:27] (rulesOrAxioms, decls, file) 
302475     WARN  Test worker     d.u.i.k.n.KeYParser       [syntax-error] file:/home/runner/work/key/key/key.core/build/resources/main/de/uka/ilkd/key/proof/rules/ifThenElseRules.key:135:44: mismatched input ')' expecting {'(', '{'} [@754,3593:3593=')',<147>,135:44] (taclet, rulesOrAxioms, decls, file) 
302475     WARN  Test worker     d.u.i.k.n.KeYParser       [syntax-error] file:/home/runner/work/key/key/key.core/build/resources/main/de/uka/ilkd/key/proof/rules/ifThenElseRules.key:141:14: mismatched input '\ifExintVar' expecting {MODALITY, FORALL, EXISTS, '\if', '\ifEx', 'true', 'false', '(', '{', '@', NOT, SEQARROW, '-', STRING_LITERAL, CHAR_LITERAL, BIN_LITERAL, HEX_LITERAL, IDENT, INT_LITERAL, FLOAT_LITERAL, DOUBLE_LITERAL, REAL_LITERAL} [@780,3716:3726='\ifExintVar',<188>,141:14] (termorseq, taclet, rulesOrAxioms, decls, file) 
302475     WARN  Test worker     d.u.i.k.n.KeYParser       [syntax-error] file:/home/runner/work/key/key/key.core/build/resources/main/de/uka/ilkd/key/proof/rules/ifThenElseRules.key:141:27: extraneous input '(' expecting {'\lemma', '}', IDENT, '/*!'} [@783,3729:3729='(',<146>,141:27] (rulesOrAxioms, decls, file) 
302475     WARN  Test worker     d.u.i.k.n.KeYParser       [syntax-error] file:/home/runner/work/key/key/key.core/build/resources/main/de/uka/ilkd/key/proof/rules/ifThenElseRules.key:141:41: mismatched input ')' expecting {'(', '{'} [@789,3743:3743=')',<147>,141:41] (taclet, rulesOrAxioms, decls, file) 
302475     WARN  Test worker     d.u.i.k.n.KeYParser       [syntax-error] file:/home/runner/work/key/key/key.core/build/resources/main/de/uka/ilkd/key/proof/rules/ifThenElseRules.key:148:14: mismatched input '\ifExintVar' expecting {MODALITY, FORALL, EXISTS, '\if', '\ifEx', 'true', 'false', '(', '{', '@', NOT, SEQARROW, '-', STRING_LITERAL, CHAR_LITERAL, BIN_LITERAL, HEX_LITERAL, IDENT, INT_LITERAL, FLOAT_LITERAL, DOUBLE_LITERAL, REAL_LITERAL} [@819,3896:3906='\ifExintVar',<188>,148:14] (termorseq, taclet, rulesOrAxioms, decls, file) 
302475     WARN  Test worker     d.u.i.k.n.KeYParser       [syntax-error] file:/home/runner/work/key/key/key.core/build/resources/main/de/uka/ilkd/key/proof/rules/ifThenElseRules.key:148:27: extraneous input '(' expecting {'\lemma', '}', IDENT, '/*!'} [@822,3909:3909='(',<146>,148:27] (rulesOrAxioms, decls, file) 
302475     WARN  Test worker     d.u.i.k.n.KeYParser       [syntax-error] file:/home/runner/work/key/key/key.core/build/resources/main/de/uka/ilkd/key/proof/rules/ifThenElseRules.key:148:35: mismatched input '=' expecting {'(', '{'} [@825,3917:3917='=',<159>,148:35] (taclet, rulesOrAxioms, decls, file) 
302475     WARN  Test worker     d.u.i.k.n.KeYParser       [syntax-error] file:/home/runner/work/key/key/key.core/build/resources/main/de/uka/ilkd/key/proof/rules/ifThenElseRules.key:150:38: mismatched input '}' expecting {'(', '{'} [@859,4023:4023='}',<149>,150:38] (taclet, rulesOrAxioms, decls, file) 
302475     WARN  Test worker     d.u.i.k.n.KeYParser       [syntax-error] file:/home/runner/work/key/key/key.core/build/resources/main/de/uka/ilkd/key/proof/rules/ifThenElseRules.key:155:14: mismatched input '\ifExintVar' expecting {MODALITY, FORALL, EXISTS, '\if', '\ifEx', 'true', 'false', '(', '{', '@', NOT, SEQARROW, '-', STRING_LITERAL, CHAR_LITERAL, BIN_LITERAL, HEX_LITERAL, IDENT, INT_LITERAL, FLOAT_LITERAL, DOUBLE_LITERAL, REAL_LITERAL} [@877,4109:4119='\ifExintVar',<188>,155:14] (termorseq, taclet, rulesOrAxioms, decls, file) 
302475     WARN  Test worker     d.u.i.k.n.KeYParser       [syntax-error] file:/home/runner/work/key/key/key.core/build/resources/main/de/uka/ilkd/key/proof/rules/ifThenElseRules.key:155:27: extraneous input '(' expecting {'\lemma', '}', IDENT, '/*!'} [@880,4122:4122='(',<146>,155:27] (rulesOrAxioms, decls, file) 
302475     WARN  Test worker     d.u.i.k.n.KeYParser       [syntax-error] file:/home/runner/work/key/key/key.core/build/resources/main/de/uka/ilkd/key/proof/rules/ifThenElseRules.key:155:35: mismatched input '=' expecting {'(', '{'} [@883,4130:4130='=',<159>,155:35] (taclet, rulesOrAxioms, decls, file) 
302475     WARN  Test worker     d.u.i.k.n.KeYParser       [syntax-error] file:/home/runner/work/key/key/key.core/build/resources/main/de/uka/ilkd/key/proof/rules/ifThenElseRules.key:157:38: mismatched input '}' expecting {'(', '{'} [@917,4230:4230='}',<149>,157:38] (taclet, rulesOrAxioms, decls, file) 
302475     WARN  Test worker     d.u.i.k.n.KeYParser       [syntax-error] file:/home/runner/work/key/key/key.core/build/resources/main/de/uka/ilkd/key/proof/rules/ifThenElseRules.key:163:14: mismatched input '\ifExintVar' expecting {MODALITY, FORALL, EXISTS, '\if', '\ifEx', 'true', 'false', '(', '{', '@', NOT, SEQARROW, '-', STRING_LITERAL, CHAR_LITERAL, BIN_LITERAL, HEX_LITERAL, IDENT, INT_LITERAL, FLOAT_LITERAL, DOUBLE_LITERAL, REAL_LITERAL} [@939,4350:4360='\ifExintVar',<188>,163:14] (termorseq, taclet, rulesOrAxioms, decls, file) 
302475     WARN  Test worker     d.u.i.k.n.KeYParser       [syntax-error] file:/home/runner/work/key/key/key.core/build/resources/main/de/uka/ilkd/key/proof/rules/ifThenElseRules.key:163:27: extraneous input '(' expecting {'\lemma', '}', IDENT, '/*!'} [@942,4363:4363='(',<146>,163:27] (rulesOrAxioms, decls, file) 
302476     WARN  Test worker     d.u.i.k.n.KeYParser       [syntax-error] file:/home/runner/work/key/key/key.core/build/resources/main/de/uka/ilkd/key/proof/rules/ifThenElseRules.key:163:30: mismatched input '=' expecting {'(', '{'} [@945,4366:4366='=',<159>,163:30] (taclet, rulesOrAxioms, decls, file) 
302476     WARN  Test worker     d.u.i.k.n.KeYParser       [syntax-error] file:/home/runner/work/key/key/key.core/build/resources/main/de/uka/ilkd/key/proof/rules/ifThenElseRules.key:165:38: mismatched input '}' expecting {'(', '{'} [@979,4477:4477='}',<149>,165:38] (taclet, rulesOrAxioms, decls, file) 
302476     WARN  Test worker     d.u.i.k.n.KeYParser       [syntax-error] file:/home/runner/work/key/key/key.core/build/resources/main/de/uka/ilkd/key/proof/rules/ifThenElseRules.key:171:14: mismatched input '\ifExintVar' expecting {MODALITY, FORALL, EXISTS, '\if', '\ifEx', 'true', 'false', '(', '{', '@', NOT, SEQARROW, '-', STRING_LITERAL, CHAR_LITERAL, BIN_LITERAL, HEX_LITERAL, IDENT, INT_LITERAL, FLOAT_LITERAL, DOUBLE_LITERAL, REAL_LITERAL} [@1001,4604:4614='\ifExintVar',<188>,171:14] (termorseq, taclet, rulesOrAxioms, decls, file) 
302476     WARN  Test worker     d.u.i.k.n.KeYParser       [syntax-error] file:/home/runner/work/key/key/key.core/build/resources/main/de/uka/ilkd/key/proof/rules/ifThenElseRules.key:171:27: extraneous input '(' expecting {'\lemma', '}', IDENT, '/*!'} [@1004,4617:4617='(',<146>,171:27] (rulesOrAxioms, decls, file) 
302476     WARN  Test worker     d.u.i.k.n.KeYParser       [syntax-error] file:/home/runner/work/key/key/key.core/build/resources/main/de/uka/ilkd/key/proof/rules/ifThenElseRules.key:171:30: mismatched input '=' expecting {'(', '{'} [@1007,4620:4620='=',<159>,171:30] (taclet, rulesOrAxioms, decls, file) 
302476     WARN  Test worker     d.u.i.k.n.KeYParser       [syntax-error] file:/home/runner/work/key/key/key.core/build/resources/main/de/uka/ilkd/key/proof/rules/ifThenElseRules.key:173:38: mismatched input '}' expecting {'(', '{'} [@1041,4725:4725='}',<149>,173:38] (taclet, rulesOrAxioms, decls, file) 
302476     WARN  Test worker     d.u.i.k.n.KeYParser       [syntax-error] file:/home/runner/work/key/key/key.core/build/resources/main/de/uka/ilkd/key/proof/rules/ifThenElseRules.key:179:14: mismatched input '\ifExintVar' expecting {MODALITY, FORALL, EXISTS, '\if', '\ifEx', 'true', 'false', '(', '{', '@', NOT, SEQARROW, '-', STRING_LITERAL, CHAR_LITERAL, BIN_LITERAL, HEX_LITERAL, IDENT, INT_LITERAL, FLOAT_LITERAL, DOUBLE_LITERAL, REAL_LITERAL} [@1063,4848:4858='\ifExintVar',<188>,179:14] (termorseq, taclet, rulesOrAxioms, decls, file) 
302476     WARN  Test worker     d.u.i.k.n.KeYParser       [syntax-error] file:/home/runner/work/key/key/key.core/build/resources/main/de/uka/ilkd/key/proof/rules/ifThenElseRules.key:179:27: extraneous input '(' expecting {'\lemma', '}', IDENT, '/*!'} [@1066,4861:4861='(',<146>,179:27] (rulesOrAxioms, decls, file) 
302476     WARN  Test worker     d.u.i.k.n.KeYParser       [syntax-error] file:/home/runner/work/key/key/key.core/build/resources/main/de/uka/ilkd/key/proof/rules/ifThenElseRules.key:179:32: mismatched input '&' expecting {'(', '{'} [@1069,4866:4866='&',<156>,179:32] (taclet, rulesOrAxioms, decls, file) 
302476     WARN  Test worker     d.u.i.k.n.KeYParser       [syntax-error] file:/home/runner/work/key/key/key.core/build/resources/main/de/uka/ilkd/key/proof/rules/ifThenElseRules.key:181:42: mismatched input '}' expecting {'(', '{'} [@1109,4985:4985='}',<149>,181:42] (taclet, rulesOrAxioms, decls, file) 
302476     WARN  Test worker     d.u.i.k.n.KeYParser       [syntax-error] file:/home/runner/work/key/key/key.core/build/resources/main/de/uka/ilkd/key/proof/rules/ifThenElseRules.key:182:39: mismatched input '}' expecting {'(', '{'} [@1122,5030:5030='}',<149>,182:39] (taclet, rulesOrAxioms, decls, file) 
302476     WARN  Test worker     d.u.i.k.n.KeYParser       [syntax-error] file:/home/runner/work/key/key/key.core/build/resources/main/de/uka/ilkd/key/proof/rules/ifThenElseRules.key:188:14: mismatched input '\ifExintVar' expecting {MODALITY, FORALL, EXISTS, '\if', '\ifEx', 'true', 'false', '(', '{', '@', NOT, SEQARROW, '-', STRING_LITERAL, CHAR_LITERAL, BIN_LITERAL, HEX_LITERAL, IDENT, INT_LITERAL, FLOAT_LITERAL, DOUBLE_LITERAL, REAL_LITERAL} [@1146,5149:5159='\ifExintVar',<188>,188:14] (termorseq, taclet, rulesOrAxioms, decls, file) 
302476     WARN  Test worker     d.u.i.k.n.KeYParser       [syntax-error] file:/home/runner/work/key/key/key.core/build/resources/main/de/uka/ilkd/key/proof/rules/ifThenElseRules.key:188:27: extraneous input '(' expecting {'\lemma', '}', IDENT, '/*!'} [@1149,5162:5162='(',<146>,188:27] (rulesOrAxioms, decls, file) 
302476     WARN  Test worker     d.u.i.k.n.KeYParser       [syntax-error] file:/home/runner/work/key/key/key.core/build/resources/main/de/uka/ilkd/key/proof/rules/ifThenElseRules.key:188:32: mismatched input '&' expecting {'(', '{'} [@1152,5167:5167='&',<156>,188:32] (taclet, rulesOrAxioms, decls, file) 
302476     WARN  Test worker     d.u.i.k.n.KeYParser       [syntax-error] file:/home/runner/work/key/key/key.core/build/resources/main/de/uka/ilkd/key/proof/rules/ifThenElseRules.key:190:42: mismatched input '}' expecting {'(', '{'} [@1192,5280:5280='}',<149>,190:42] (taclet, rulesOrAxioms, decls, file) 
302476     WARN  Test worker     d.u.i.k.n.KeYParser       [syntax-error] file:/home/runner/work/key/key/key.core/build/resources/main/de/uka/ilkd/key/proof/rules/ifThenElseRules.key:191:39: mismatched input '}' expecting {'(', '{'} [@1205,5325:5325='}',<149>,191:39] (taclet, rulesOrAxioms, decls, file) 
302476     WARN  Test worker     d.u.i.k.n.KeYParser       [syntax-error] file:/home/runner/work/key/key/key.core/build/resources/main/de/uka/ilkd/key/proof/rules/ifThenElseRules.key:198:14: mismatched input '\ifExintVar' expecting {MODALITY, FORALL, EXISTS, '\if', '\ifEx', 'true', 'false', '(', '{', '@', NOT, SEQARROW, '-', STRING_LITERAL, CHAR_LITERAL, BIN_LITERAL, HEX_LITERAL, IDENT, INT_LITERAL, FLOAT_LITERAL, DOUBLE_LITERAL, REAL_LITERAL} [@1233,5475:5485='\ifExintVar',<188>,198:14] (termorseq, taclet, rulesOrAxioms, decls, file) 
302476     WARN  Test worker     d.u.i.k.n.KeYParser       [syntax-error] file:/home/runner/work/key/key/key.core/build/resources/main/de/uka/ilkd/key/proof/rules/ifThenElseRules.key:198:27: extraneous input '(' expecting {'\lemma', '}', IDENT, '/*!'} [@1236,5488:5488='(',<146>,198:27] (rulesOrAxioms, decls, file) 
302476     WARN  Test worker     d.u.i.k.n.KeYParser       [syntax-error] file:/home/runner/work/key/key/key.core/build/resources/main/de/uka/ilkd/key/proof/rules/ifThenElseRules.key:198:32: mismatched input '&' expecting {'(', '{'} [@1239,5493:5493='&',<156>,198:32] (taclet, rulesOrAxioms, decls, file) 
302476     WARN  Test worker     d.u.i.k.n.KeYParser       [syntax-error] file:/home/runner/work/key/key/key.core/build/resources/main/de/uka/ilkd/key/proof/rules/ifThenElseRules.key:200:42: mismatched input '}' expecting {'(', '{'} [@1279,5612:5612='}',<149>,200:42] (taclet, rulesOrAxioms, decls, file) 
302476     WARN  Test worker     d.u.i.k.n.KeYParser       [syntax-error] file:/home/runner/work/key/key/key.core/build/resources/main/de/uka/ilkd/key/proof/rules/ifThenElseRules.key:201:39: mismatched input '}' expecting {'(', '{'} [@1292,5657:5657='}',<149>,201:39] (taclet, rulesOrAxioms, decls, file) 
302476     WARN  Test worker     d.u.i.k.n.KeYParser       [syntax-error] file:/home/runner/work/key/key/key.core/build/resources/main/de/uka/ilkd/key/proof/rules/ifThenElseRules.key:208:14: mismatched input '\ifExintVar' expecting {MODALITY, FORALL, EXISTS, '\if', '\ifEx', 'true', 'false', '(', '{', '@', NOT, SEQARROW, '-', STRING_LITERAL, CHAR_LITERAL, BIN_LITERAL, HEX_LITERAL, IDENT, INT_LITERAL, FLOAT_LITERAL, DOUBLE_LITERAL, REAL_LITERAL} [@1320,5817:5827='\ifExintVar',<188>,208:14] (termorseq, taclet, rulesOrAxioms, decls, file) 
302476     WARN  Test worker     d.u.i.k.n.KeYParser       [syntax-error] file:/home/runner/work/key/key/key.core/build/resources/main/de/uka/ilkd/key/proof/rules/ifThenElseRules.key:208:27: extraneous input '(' expecting {'\lemma', '}', IDENT, '/*!'} [@1323,5830:5830='(',<146>,208:27] (rulesOrAxioms, decls, file) 
302476     WARN  Test worker     d.u.i.k.n.KeYParser       [syntax-error] file:/home/runner/work/key/key/key.core/build/resources/main/de/uka/ilkd/key/proof/rules/ifThenElseRules.key:208:32: mismatched input '&' expecting {'(', '{'} [@1326,5835:5835='&',<156>,208:32] (taclet, rulesOrAxioms, decls, file) 
302476     WARN  Test worker     d.u.i.k.n.KeYParser       [syntax-error] file:/home/runner/work/key/key/key.core/build/resources/main/de/uka/ilkd/key/proof/rules/ifThenElseRules.key:210:42: mismatched input '}' expecting {'(', '{'} [@1366,5948:5948='}',<149>,210:42] (taclet, rulesOrAxioms, decls, file) 
302476     WARN  Test worker     d.u.i.k.n.KeYParser       [syntax-error] file:/home/runner/work/key/key/key.core/build/resources/main/de/uka/ilkd/key/proof/rules/ifThenElseRules.key:211:39: mismatched input '}' expecting {'(', '{'} [@1379,5993:5993='}',<149>,211:39] (taclet, rulesOrAxioms, decls, file) 
302476     WARN  Test worker     d.u.i.k.n.KeYParser       [syntax-error] file:/home/runner/work/key/key/key.core/build/resources/main/de/uka/ilkd/key/proof/rules/ifThenElseRules.key:218:14: mismatched input '\ifExintVar' expecting {MODALITY, FORALL, EXISTS, '\if', '\ifEx', 'true', 'false', '(', '{', '@', NOT, SEQARROW, '-', STRING_LITERAL, CHAR_LITERAL, BIN_LITERAL, HEX_LITERAL, IDENT, INT_LITERAL, FLOAT_LITERAL, DOUBLE_LITERAL, REAL_LITERAL} [@1407,6146:6156='\ifExintVar',<188>,218:14] (termorseq, taclet, rulesOrAxioms, decls, file) 
302476     WARN  Test worker     d.u.i.k.n.KeYParser       [syntax-error] file:/home/runner/work/key/key/key.core/build/resources/main/de/uka/ilkd/key/proof/rules/ifThenElseRules.key:218:27: extraneous input '(' expecting {'\lemma', '}', IDENT, '/*!'} [@1410,6159:6159='(',<146>,218:27] (rulesOrAxioms, decls, file) 
302476     WARN  Test worker     d.u.i.k.n.KeYParser       [syntax-error] file:/home/runner/work/key/key/key.core/build/resources/main/de/uka/ilkd/key/proof/rules/ifThenElseRules.key:218:31: mismatched input ')' expecting {'(', '{'} [@1412,6163:6163=')',<147>,218:31] (taclet, rulesOrAxioms, decls, file) 
302476     WARN  Test worker     d.u.i.k.n.KeYParser       [syntax-error] file:/home/runner/work/key/key/key.core/build/resources/main/de/uka/ilkd/key/proof/rules/ifThenElseRules.key:220:44: mismatched input ')' expecting {'(', '{'} [@1444,6275:6275=')',<147>,220:44] (taclet, rulesOrAxioms, decls, file) 
302476     WARN  Test worker     d.u.i.k.n.KeYParser       [syntax-error] file:/home/runner/work/key/key/key.core/build/resources/main/de/uka/ilkd/key/proof/rules/ifThenElseRules.key:225:14: mismatched input '\ifExintVar' expecting {MODALITY, FORALL, EXISTS, '\if', '\ifEx', 'true', 'false', '(', '{', '@', NOT, SEQARROW, '-', STRING_LITERAL, CHAR_LITERAL, BIN_LITERAL, HEX_LITERAL, IDENT, INT_LITERAL, FLOAT_LITERAL, DOUBLE_LITERAL, REAL_LITERAL} [@1471,6389:6399='\ifExintVar',<188>,225:14] (termorseq, taclet, rulesOrAxioms, decls, file) 
302476     WARN  Test worker     d.u.i.k.n.KeYParser       [syntax-error] file:/home/runner/work/key/key/key.core/build/resources/main/de/uka/ilkd/key/proof/rules/ifThenElseRules.key:225:27: extraneous input '(' expecting {'\lemma', '}', IDENT, '/*!'} [@1474,6402:6402='(',<146>,225:27] (rulesOrAxioms, decls, file) 
302476     WARN  Test worker     d.u.i.k.n.KeYParser       [syntax-error] file:/home/runner/work/key/key/key.core/build/resources/main/de/uka/ilkd/key/proof/rules/ifThenElseRules.key:225:31: mismatched input ')' expecting {'(', '{'} [@1476,6406:6406=')',<147>,225:31] (taclet, rulesOrAxioms, decls, file) 
302476     WARN  Test worker     d.u.i.k.n.KeYParser       [syntax-error] file:/home/runner/work/key/key/key.core/build/resources/main/de/uka/ilkd/key/proof/rules/ifThenElseRules.key:227:44: mismatched input ')' expecting {'(', '{'} [@1508,6509:6509=')',<147>,227:44] (taclet, rulesOrAxioms, decls, file) 
302476     WARN  Test worker     d.u.i.k.n.KeYParser       [syntax-error] file:/home/runner/work/key/key/key.core/build/resources/main/de/uka/ilkd/key/proof/rules/ifThenElseRules.key:233:14: mismatched input '\ifExintVar' expecting {MODALITY, FORALL, EXISTS, '\if', '\ifEx', 'true', 'false', '(', '{', '@', NOT, SEQARROW, '-', STRING_LITERAL, CHAR_LITERAL, BIN_LITERAL, HEX_LITERAL, IDENT, INT_LITERAL, FLOAT_LITERAL, DOUBLE_LITERAL, REAL_LITERAL} [@1539,6656:6666='\ifExintVar',<188>,233:14] (termorseq, taclet, rulesOrAxioms, decls, file) 
302476     WARN  Test worker     d.u.i.k.n.KeYParser       [syntax-error] file:/home/runner/work/key/key/key.core/build/resources/main/de/uka/ilkd/key/proof/rules/ifThenElseRules.key:233:27: extraneous input '(' expecting {'\lemma', '}', IDENT, '/*!'} [@1542,6669:6669='(',<146>,233:27] (rulesOrAxioms, decls, file) 
302476     WARN  Test worker     d.u.i.k.n.KeYParser       [syntax-error] file:/home/runner/work/key/key/key.core/build/resources/main/de/uka/ilkd/key/proof/rules/ifThenElseRules.key:233:31: mismatched input ')' expecting {'(', '{'} [@1544,6673:6673=')',<147>,233:31] (taclet, rulesOrAxioms, decls, file) 
302476     WARN  Test worker     d.u.i.k.n.KeYParser       [syntax-error] file:/home/runner/work/key/key/key.core/build/resources/main/de/uka/ilkd/key/proof/rules/ifThenElseRules.key:237:42: mismatched input '}' expecting {'(', '{'} [@1586,6850:6850='}',<149>,237:42] (taclet, rulesOrAxioms, decls, file) 
302476     WARN  Test worker     d.u.i.k.n.KeYParser       [syntax-error] file:/home/runner/work/key/key/key.core/build/resources/main/de/uka/ilkd/key/proof/rules/ifThenElseRules.key:238:34: mismatched input '}' expecting {'(', '{'} [@1599,6891:6891='}',<149>,238:34] (taclet, rulesOrAxioms, decls, file) 
302476     WARN  Test worker     d.u.i.k.n.KeYParser       [syntax-error] file:/home/runner/work/key/key/key.core/build/resources/main/de/uka/ilkd/key/proof/rules/ifThenElseRules.key:239:28: extraneous input '(' expecting {'\lemma', '}', IDENT, '/*!'} [@1608,6925:6925='(',<146>,239:28] (rulesOrAxioms, decls, file) 
302476     WARN  Test worker     d.u.i.k.n.KeYParser       [syntax-error] file:/home/runner/work/key/key/key.core/build/resources/main/de/uka/ilkd/key/proof/rules/ifThenElseRules.key:239:33: mismatched input '->' expecting {'(', '{'} [@1611,6930:6931='->',<158>,239:33] (taclet, rulesOrAxioms, decls, file) 
302476     WARN  Test worker     d.u.i.k.n.KeYParser       [syntax-error] file:/home/runner/work/key/key/key.core/build/resources/main/de/uka/ilkd/key/proof/rules/ifThenElseRules.key:240:8: extraneous input '\replacewith' expecting {'\lemma', '}', IDENT, '/*!'} [@1626,6979:6990='\replacewith',<105>,240:8] (rulesOrAxioms, decls, file) 
302476     WARN  Test worker     d.u.i.k.n.KeYParser       [syntax-error] file:/home/runner/work/key/key/key.core/build/resources/main/de/uka/ilkd/key/proof/rules/ifThenElseRules.key:240:25: mismatched input ')' expecting {'(', '{'} [@1629,6996:6996=')',<147>,240:25] (taclet, rulesOrAxioms, decls, file) 
302476     WARN  Test worker     d.u.i.k.n.KeYParser       [syntax-error] file:/home/runner/work/key/key/key.core/build/resources/main/de/uka/ilkd/key/proof/rules/ifThenElseRules.key:240:56: mismatched input ')' expecting {'(', '{'} [@1642,7027:7027=')',<147>,240:56] (taclet, rulesOrAxioms, decls, file) 
302477     WARN  Test worker     d.u.i.k.n.KeYParser       [syntax-error] file:/home/runner/work/key/key/key.core/build/resources/main/de/uka/ilkd/key/proof/rules/ifThenElseRules.key:245:14: mismatched input '\ifExintVar' expecting {MODALITY, FORALL, EXISTS, '\if', '\ifEx', 'true', 'false', '(', '{', '@', NOT, SEQARROW, '-', STRING_LITERAL, CHAR_LITERAL, BIN_LITERAL, HEX_LITERAL, IDENT, INT_LITERAL, FLOAT_LITERAL, DOUBLE_LITERAL, REAL_LITERAL} [@1658,7109:7119='\ifExintVar',<188>,245:14] (termorseq, taclet, rulesOrAxioms, decls, file) 
302477     WARN  Test worker     d.u.i.k.n.KeYParser       [syntax-error] file:/home/runner/work/key/key/key.core/build/resources/main/de/uka/ilkd/key/proof/rules/ifThenElseRules.key:245:27: extraneous input '(' expecting {'\lemma', '}', IDENT, '/*!'} [@1661,7122:7122='(',<146>,245:27] (rulesOrAxioms, decls, file) 
302477     WARN  Test worker     d.u.i.k.n.KeYParser       [syntax-error] file:/home/runner/work/key/key/key.core/build/resources/main/de/uka/ilkd/key/proof/rules/ifThenElseRules.key:245:31: mismatched input ')' expecting {'(', '{'} [@1663,7126:7126=')',<147>,245:31] (taclet, rulesOrAxioms, decls, file) 
302477     WARN  Test worker     d.u.i.k.n.KeYParser       [syntax-error] file:/home/runner/work/key/key/key.core/build/resources/main/de/uka/ilkd/key/proof/rules/ifThenElseRules.key:248:45: mismatched input '}' expecting {'(', '{'} [@1696,7268:7268='}',<149>,248:45] (taclet, rulesOrAxioms, decls, file) 
302477     WARN  Test worker     d.u.i.k.n.KeYParser       [syntax-error] file:/home/runner/work/key/key/key.core/build/resources/main/de/uka/ilkd/key/proof/rules/ifThenElseRules.key:249:8: extraneous input '\replacewith' expecting {'\lemma', '}', IDENT, '/*!'} [@1701,7284:7295='\replacewith',<105>,249:8] (rulesOrAxioms, decls, file) 
302477     WARN  Test worker     d.u.i.k.n.KeYParser       [syntax-error] file:/home/runner/work/key/key/key.core/build/resources/main/de/uka/ilkd/key/proof/rules/ifThenElseRules.key:249:38: mismatched input ')' expecting {'(', '{'} [@1708,7314:7314=')',<147>,249:38] (taclet, rulesOrAxioms, decls, file) 
302477     WARN  Test worker     d.u.i.k.n.KeYParser       [syntax-error] file:/home/runner/work/key/key/key.core/build/resources/main/de/uka/ilkd/key/proof/rules/ifThenElseRules.key:250:42: mismatched input '}' expecting {'(', '{'} [@1731,7381:7381='}',<149>,250:42] (taclet, rulesOrAxioms, decls, file) 
302477     WARN  Test worker     d.u.i.k.n.KeYParser       [syntax-error] file:/home/runner/work/key/key/key.core/build/resources/main/de/uka/ilkd/key/proof/rules/ifThenElseRules.key:251:28: extraneous input '(' expecting {'\lemma', '}', IDENT, '/*!'} [@1741,7416:7416='(',<146>,251:28] (rulesOrAxioms, decls, file) 
302477     WARN  Test worker     d.u.i.k.n.KeYParser       [syntax-error] file:/home/runner/work/key/key/key.core/build/resources/main/de/uka/ilkd/key/proof/rules/ifThenElseRules.key:251:33: mismatched input '->' expecting {'(', '{'} [@1744,7421:7422='->',<158>,251:33] (taclet, rulesOrAxioms, decls, file) 
302477     WARN  Test worker     d.u.i.k.n.KeYParser       [syntax-error] file:/home/runner/work/key/key/key.core/build/resources/main/de/uka/ilkd/key/proof/rules/ifThenElseRules.key:255:14: mismatched input '\ifExintVar' expecting {MODALITY, FORALL, EXISTS, '\if', '\ifEx', 'true', 'false', '(', '{', '@', NOT, SEQARROW, '-', STRING_LITERAL, CHAR_LITERAL, BIN_LITERAL, HEX_LITERAL, IDENT, INT_LITERAL, FLOAT_LITERAL, DOUBLE_LITERAL, REAL_LITERAL} [@1765,7506:7516='\ifExintVar',<188>,255:14] (termorseq, taclet, rulesOrAxioms, decls, file) 
302477     WARN  Test worker     d.u.i.k.n.KeYParser       [syntax-error] file:/home/runner/work/key/key/key.core/build/resources/main/de/uka/ilkd/key/proof/rules/ifThenElseRules.key:255:27: extraneous input '(' expecting {'\lemma', '}', IDENT, '/*!'} [@1768,7519:7519='(',<146>,255:27] (rulesOrAxioms, decls, file) 
302477     WARN  Test worker     d.u.i.k.n.KeYParser       [syntax-error] file:/home/runner/work/key/key/key.core/build/resources/main/de/uka/ilkd/key/proof/rules/ifThenElseRules.key:255:31: mismatched input ')' expecting {'(', '{'} [@1770,7523:7523=')',<147>,255:31] (taclet, rulesOrAxioms, decls, file) 
302477     WARN  Test worker     d.u.i.k.n.KeYParser       [syntax-error] file:/home/runner/work/key/key/key.core/build/resources/main/de/uka/ilkd/key/proof/rules/ifThenElseRules.key:258:52: extraneous input '0' expecting {'\lemma', '}', IDENT, '/*!'} [@1809,7667:7667='0',<184>,258:52] (rulesOrAxioms, decls, file) 
302477     WARN  Test worker     d.u.i.k.n.KeYParser       [syntax-error] file:/home/runner/work/key/key/key.core/build/resources/main/de/uka/ilkd/key/proof/rules/ifThenElseRules.key:258:54: mismatched input 'then' expecting {<EOF>, '\problem', '\chooseContract', '\proofObligation', '\proof'} [@1811,7669:7672='then',<183>,258:54] (file) 
302477     ERROR Test worker     d.u.i.k.s.n.MasterHandlerTest Error reading /home/runner/work/key/key/key.core/build/resources/test/de/uka/ilkd/key/smt/newsmt2/cases/uninterpreted1.props de.uka.ilkd.key.proof.io.ProblemLoaderException: line 135:14 mismatched input '\ifExintVar' expecting {MODALITY, FORALL, EXISTS, '\if', '\ifEx', 'true', 'false', '(', '{', '@', NOT, SEQARROW, '-', STRING_LITERAL, CHAR_LITERAL, BIN_LITERAL, HEX_LITERAL, IDENT, INT_LITERAL, FLOAT_LITERAL, DOUBLE_LITERAL, REAL_LITERAL}
line 135:27 extraneous input '(' expecting {'\lemma', '}', IDENT, '/*!'}
line 135:44 mismatched input ')' expecting {'(', '{'}
line 141:14 mismatched input '\ifExintVar' expecting {MODALITY, FORALL, EXISTS, '\if', '\ifEx', 'true', 'false', '(', '{', '@', NOT, SEQARROW, '-', STRING_LITERAL, CHAR_LITERAL, BIN_LITERAL, HEX_LITERAL, IDENT, INT_LITERAL, FLOAT_LITERAL, DOUBLE_LITERAL, REAL_LITERAL}
line 141:27 extraneous input '(' expecting {'\lemma', '}', IDENT, '/*!'}
line 141:41 mismatched input ')' expecting {'(', '{'}
line 148:14 mismatched input '\ifExintVar' expecting {MODALITY, FORALL, EXISTS, '\if', '\ifEx', 'true', 'false', '(', '{', '@', NOT, SEQARROW, '-', STRING_LITERAL, CHAR_LITERAL, BIN_LITERAL, HEX_LITERAL, IDENT, INT_LITERAL, FLOAT_LITERAL, DOUBLE_LITERAL, REAL_LITERAL}
line 148:27 extraneous input '(' expecting {'\lemma', '}', IDENT, '/*!'}
line 148:35 mismatched input '=' expecting {'(', '{'}
line 150:38 mismatched input '}' expecting {'(', '{'}
line 155:14 mismatched input '\ifExintVar' expecting {MODALITY, FORALL, EXISTS, '\if', '\ifEx', 'true', 'false', '(', '{', '@', NOT, SEQARROW, '-', STRING_LITERAL, CHAR_LITERAL, BIN_LITERAL, HEX_LITERAL, IDENT, INT_LITERAL, FLOAT_LITERAL, DOUBLE_LITERAL, REAL_LITERAL}
line 155:27 extraneous input '(' expecting {'\lemma', '}', IDENT, '/*!'}
line 155:35 mismatched input '=' expecting {'(', '{'}
line 157:38 mismatched input '}' expecting {'(', '{'}
line 163:14 mismatched input '\ifExintVar' expecting {MODALITY, FORALL, EXISTS, '\if', '\ifEx', 'true', 'false', '(', '{', '@', NOT, SEQARROW, '-', STRING_LITERAL, CHAR_LITERAL, BIN_LITERAL, HEX_LITERAL, IDENT, INT_LITERAL, FLOAT_LITERAL, DOUBLE_LITERAL, REAL_LITERAL}
line 163:27 extraneous input '(' expecting {'\lemma', '}', IDENT, '/*!'}
line 163:30 mismatched input '=' expecting {'(', '{'}
line 165:38 mismatched input '}' expecting {'(', '{'}
line 171:14 mismatched input '\ifExintVar' expecting {MODALITY, FORALL, EXISTS, '\if', '\ifEx', 'true', 'false', '(', '{', '@', NOT, SEQARROW, '-', STRING_LITERAL, CHAR_LITERAL, BIN_LITERAL, HEX_LITERAL, IDENT, INT_LITERAL, FLOAT_LITERAL, DOUBLE_LITERAL, REAL_LITERAL}
line 171:27 extraneous input '(' expecting {'\lemma', '}', IDENT, '/*!'}
line 171:30 mismatched input '=' expecting {'(', '{'}
line 173:38 mismatched input '}' expecting {'(', '{'}
line 179:14 mismatched input '\ifExintVar' expecting {MODALITY, FORALL, EXISTS, '\if', '\ifEx', 'true', 'false', '(', '{', '@', NOT, SEQARROW, '-', STRING_LITERAL, CHAR_LITERAL, BIN_LITERAL, HEX_LITERAL, IDENT, INT_LITERAL, FLOAT_LITERAL, DOUBLE_LITERAL, REAL_LITERAL}
line 179:27 extraneous input '(' expecting {'\lemma', '}', IDENT, '/*!'}
line 179:32 mismatched input '&' expecting {'(', '{'}
line 181:42 mismatched input '}' expecting {'(', '{'}
line 182:39 mismatched input '}' expecting {'(', '{'}
line 188:14 mismatched input '\ifExintVar' expecting {MODALITY, FORALL, EXISTS, '\if', '\ifEx', 'true', 'false', '(', '{', '@', NOT, SEQARROW, '-', STRING_LITERAL, CHAR_LITERAL, BIN_LITERAL, HEX_LITERAL, IDENT, INT_LITERAL, FLOAT_LITERAL, DOUBLE_LITERAL, REAL_LITERAL}
line 188:27 extraneous input '(' expecting {'\lemma', '}', IDENT, '/*!'}
line 188:32 mismatched input '&' expecting {'(', '{'}
line 190:42 mismatched input '}' expecting {'(', '{'}
line 191:39 mismatched input '}' expecting {'(', '{'}
line 198:14 mismatched input '\ifExintVar' expecting {MODALITY, FORALL, EXISTS, '\if', '\ifEx', 'true', 'false', '(', '{', '@', NOT, SEQARROW, '-', STRING_LITERAL, CHAR_LITERAL, BIN_LITERAL, HEX_LITERAL, IDENT, INT_LITERAL, FLOAT_LITERAL, DOUBLE_LITERAL, REAL_LITERAL}
line 198:27 extraneous input '(' expecting {'\lemma', '}', IDENT, '/*!'}
line 198:32 mismatched input '&' expecting {'(', '{'}
line 200:42 mismatched input '}' expecting {'(', '{'}
line 201:39 mismatched input '}' expecting {'(', '{'}
line 208:14 mismatched input '\ifExintVar' expecting {MODALITY, FORALL, EXISTS, '\if', '\ifEx', 'true', 'false', '(', '{', '@', NOT, SEQARROW, '-', STRING_LITERAL, CHAR_LITERAL, BIN_LITERAL, HEX_LITERAL, IDENT, INT_LITERAL, FLOAT_LITERAL, DOUBLE_LITERAL, REAL_LITERAL}
line 208:27 extraneous input '(' expecting {'\lemma', '}', IDENT, '/*!'}
line 208:32 mismatched input '&' expecting {'(', '{'}
line 210:42 mismatched input '}' expecting {'(', '{'}
line 211:39 mismatched input '}' expecting {'(', '{'}
line 218:14 mismatched input '\ifExintVar' expecting {MODALITY, FORALL, EXISTS, '\if', '\ifEx', 'true', 'false', '(', '{', '@', NOT, SEQARROW, '-', STRING_LITERAL, CHAR_LITERAL, BIN_LITERAL, HEX_LITERAL, IDENT, INT_LITERAL, FLOAT_LITERAL, DOUBLE_LITERAL, REAL_LITERAL}
line 218:27 extraneous input '(' expecting {'\lemma', '}', IDENT, '/*!'}
line 218:31 mismatched input ')' expecting {'(', '{'}
line 220:44 mismatched input ')' expecting {'(', '{'}
line 225:14 mismatched input '\ifExintVar' expecting {MODALITY, FORALL, EXISTS, '\if', '\ifEx', 'true', 'false', '(', '{', '@', NOT, SEQARROW, '-', STRING_LITERAL, CHAR_LITERAL, BIN_LITERAL, HEX_LITERAL, IDENT, INT_LITERAL, FLOAT_LITERAL, DOUBLE_LITERAL, REAL_LITERAL}
line 225:27 extraneous input '(' expecting {'\lemma', '}', IDENT, '/*!'}
line 225:31 mismatched input ')' expecting {'(', '{'}
line 227:44 mismatched input ')' expecting {'(', '{'}
line 233:14 mismatched input '\ifExintVar' expecting {MODALITY, FORALL, EXISTS, '\if', '\ifEx', 'true', 'false', '(', '{', '@', NOT, SEQARROW, '-', STRING_LITERAL, CHAR_LITERAL, BIN_LITERAL, HEX_LITERAL, IDENT, INT_LITERAL, FLOAT_LITERAL, DOUBLE_LITERAL, REAL_LITERAL}
line 233:27 extraneous input '(' expecting {'\lemma', '}', IDENT, '/*!'}
line 233:31 mismatched input ')' expecting {'(', '{'}
line 237:42 mismatched input '}' expecting {'(', '{'}
line 238:34 mismatched input '}' expecting {'(', '{'}
line 239:28 extraneous input '(' expecting {'\lemma', '}', IDENT, '/*!'}
line 239:33 mismatched input '->' expecting {'(', '{'}
line 240:8 extraneous input '\replacewith' expecting {'\lemma', '}', IDENT, '/*!'}
line 240:25 mismatched input ')' expecting {'(', '{'}
line 240:56 mismatched input ')' expecting {'(', '{'}
line 245:14 mismatched input '\ifExintVar' expecting {MODALITY, FORALL, EXISTS, '\if', '\ifEx', 'true', 'false', '(', '{', '@', NOT, SEQARROW, '-', STRING_LITERAL, CHAR_LITERAL, BIN_LITERAL, HEX_LITERAL, IDENT, INT_LITERAL, FLOAT_LITERAL, DOUBLE_LITERAL, REAL_LITERAL}
line 245:27 extraneous input '(' expecting {'\lemma', '}', IDENT, '/*!'}
line 245:31 mismatched input ')' expecting {'(', '{'}
line 248:45 mismatched input '}' expecting {'(', '{'}
line 249:8 extraneous input '\replacewith' expecting {'\lemma', '}', IDENT, '/*!'}
line 249:38 mismatched input ')' expecting {'(', '{'}
line 250:42 mismatched input '}' expecting {'(', '{'}
line 251:28 extraneous input '(' expecting {'\lemma', '}', IDENT, '/*!'}
line 251:33 mismatched input '->' expecting {'(', '{'}
line 255:14 mismatched input '\ifExintVar' expecting {MODALITY, FORALL, EXISTS, '\if', '\ifEx', 'true', 'false', '(', '{', '@', NOT, SEQARROW, '-', STRING_LITERAL, CHAR_LITERAL, BIN_LITERAL, HEX_LITERAL, IDENT, INT_LITERAL, FLOAT_LITERAL, DOUBLE_LITERAL, REAL_LITERAL}
line 255:27 extraneous input '(' expecting {'\lemma', '}', IDENT, '/*!'}
line 255:31 mismatched input ')' expecting {'(', '{'}
line 258:52 extraneous input '0' expecting {'\lemma', '}', IDENT, '/*!'}
line 258:54 mismatched input 'then' expecting {<EOF>, '\problem', '\chooseContract', '\proofObligation', '\proof'}

	at de.uka.ilkd.key.control.AbstractUserInterfaceControl.load(AbstractUserInterfaceControl.java:221)
Caused by: de.uka.ilkd.key.proof.init.ProofInputException: line 135:14 mismatched input '\ifExintVar' expecting {MODALITY, FORALL, EXISTS, '\if', '\ifEx', 'true', 'false', '(', '{', '@', NOT, SEQARROW, '-', STRING_LITERAL, CHAR_LITERAL, BIN_LITERAL, HEX_LITERAL, IDENT, INT_LITERAL, FLOAT_LITERAL, DOUBLE_LITERAL, REAL_LITERAL}
line 135:27 extraneous input '(' expecting {'\lemma', '}', IDENT, '/*!'}
line 135:44 mismatched input ')' expecting {'(', '{'}
line 141:14 mismatched input '\ifExintVar' expecting {MODALITY, FORALL, EXISTS, '\if', '\ifEx', 'true', 'false', '(', '{', '@', NOT, SEQARROW, '-', STRING_LITERAL, CHAR_LITERAL, BIN_LITERAL, HEX_LITERAL, IDENT, INT_LITERAL, FLOAT_LITERAL, DOUBLE_LITERAL, REAL_LITERAL}
line 141:27 extraneous input '(' expecting {'\lemma', '}', IDENT, '/*!'}
line 141:41 mismatched input ')' expecting {'(', '{'}
line 148:14 mismatched input '\ifExintVar' expecting {MODALITY, FORALL, EXISTS, '\if', '\ifEx', 'true', 'false', '(', '{', '@', NOT, SEQARROW, '-', STRING_LITERAL, CHAR_LITERAL, BIN_LITERAL, HEX_LITERAL, IDENT, INT_LITERAL, FLOAT_LITERAL, DOUBLE_LITERAL, REAL_LITERAL}
line 148:27 extraneous input '(' expecting {'\lemma', '}', IDENT, '/*!'}
line 148:35 mismatched input '=' expecting {'(', '{'}
line 150:38 mismatched input '}' expecting {'(', '{'}
line 155:14 mismatched input '\ifExintVar' expecting {MODALITY, FORALL, EXISTS, '\if', '\ifEx', 'true', 'false', '(', '{', '@', NOT, SEQARROW, '-', STRING_LITERAL, CHAR_LITERAL, BIN_LITERAL, HEX_LITERAL, IDENT, INT_LITERAL, FLOAT_LITERAL, DOUBLE_LITERAL, REAL_LITERAL}
line 155:27 extraneous input '(' expecting {'\lemma', '}', IDENT, '/*!'}
line 155:35 mismatched input '=' expecting {'(', '{'}
line 157:38 mismatched input '}' expecting {'(', '{'}
line 163:14 mismatched input '\ifExintVar' expecting {MODALITY, FORALL, EXISTS, '\if', '\ifEx', 'true', 'false', '(', '{', '@', NOT, SEQARROW, '-', STRING_LITERAL, CHAR_LITERAL, BIN_LITERAL, HEX_LITERAL, IDENT, INT_LITERAL, FLOAT_LITERAL, DOUBLE_LITERAL, REAL_LITERAL}
line 163:27 extraneous input '(' expecting {'\lemma', '}', IDENT, '/*!'}
line 163:30 mismatched input '=' expecting {'(', '{'}
line 165:38 mismatched input '}' expecting {'(', '{'}
line 171:14 mismatched input '\ifExintVar' expecting {MODALITY, FORALL, EXISTS, '\if', '\ifEx', 'true', 'false', '(', '{', '@', NOT, SEQARROW, '-', STRING_LITERAL, CHAR_LITERAL, BIN_LITERAL, HEX_LITERAL, IDENT, INT_LITERAL, FLOAT_LITERAL, DOUBLE_LITERAL, REAL_LITERAL}
line 171:27 extraneous input '(' expecting {'\lemma', '}', IDENT, '/*!'}
line 171:30 mismatched input '=' expecting {'(', '{'}
line 173:38 mismatched input '}' expecting {'(', '{'}
line 179:14 mismatched input '\ifExintVar' expecting {MODALITY, FORALL, EXISTS, '\if', '\ifEx', 'true', 'false', '(', '{', '@', NOT, SEQARROW, '-', STRING_LITERAL, CHAR_LITERAL, BIN_LITERAL, HEX_LITERAL, IDENT, INT_LITERAL, FLOAT_LITERAL, DOUBLE_LITERAL, REAL_LITERAL}
line 179:27 extraneous input '(' expecting {'\lemma', '}', IDENT, '/*!'}
line 179:32 mismatched input '&' expecting {'(', '{'}
line 181:42 mismatched input '}' expecting {'(', '{'}
line 182:39 mismatched input '}' expecting {'(', '{'}
line 188:14 mismatched input '\ifExintVar' expecting {MODALITY, FORALL, EXISTS, '\if', '\ifEx', 'true', 'false', '(', '{', '@', NOT, SEQARROW, '-', STRING_LITERAL, CHAR_LITERAL, BIN_LITERAL, HEX_LITERAL, IDENT, INT_LITERAL, FLOAT_LITERAL, DOUBLE_LITERAL, REAL_LITERAL}
line 188:27 extraneous input '(' expecting {'\lemma', '}', IDENT, '/*!'}
line 188:32 mismatched input '&' expecting {'(', '{'}
line 190:42 mismatched input '}' expecting {'(', '{'}
line 191:39 mismatched input '}' expecting {'(', '{'}
line 198:14 mismatched input '\ifExintVar' expecting {MODALITY, FORALL, EXISTS, '\if', '\ifEx', 'true', 'false', '(', '{', '@', NOT, SEQARROW, '-', STRING_LITERAL, CHAR_LITERAL, BIN_LITERAL, HEX_LITERAL, IDENT, INT_LITERAL, FLOAT_LITERAL, DOUBLE_LITERAL, REAL_LITERAL}
line 198:27 extraneous input '(' expecting {'\lemma', '}', IDENT, '/*!'}
line 198:32 mismatched input '&' expecting {'(', '{'}
line 200:42 mismatched input '}' expecting {'(', '{'}
line 201:39 mismatched input '}' expecting {'(', '{'}
line 208:14 mismatched input '\ifExintVar' expecting {MODALITY, FORALL, EXISTS, '\if', '\ifEx', 'true', 'false', '(', '{', '@', NOT, SEQARROW, '-', STRING_LITERAL, CHAR_LITERAL, BIN_LITERAL, HEX_LITERAL, IDENT, INT_LITERAL, FLOAT_LITERAL, DOUBLE_LITERAL, REAL_LITERAL}
line 208:27 extraneous input '(' expecting {'\lemma', '}', IDENT, '/*!'}
line 208:32 mismatched input '&' expecting {'(', '{'}
line 210:42 mismatched input '}' expecting {'(', '{'}
line 211:39 mismatched input '}' expecting {'(', '{'}
line 218:14 mismatched input '\ifExintVar' expecting {MODALITY, FORALL, EXISTS, '\if', '\ifEx', 'true', 'false', '(', '{', '@', NOT, SEQARROW, '-', STRING_LITERAL, CHAR_LITERAL, BIN_LITERAL, HEX_LITERAL, IDENT, INT_LITERAL, FLOAT_LITERAL, DOUBLE_LITERAL, REAL_LITERAL}
line 218:27 extraneous input '(' expecting {'\lemma', '}', IDENT, '/*!'}
line 218:31 mismatched input ')' expecting {'(', '{'}
line 220:44 mismatched input ')' expecting {'(', '{'}
line 225:14 mismatched input '\ifExintVar' expecting {MODALITY, FORALL, EXISTS, '\if', '\ifEx', 'true', 'false', '(', '{', '@', NOT, SEQARROW, '-', STRING_LITERAL, CHAR_LITERAL, BIN_LITERAL, HEX_LITERAL, IDENT, INT_LITERAL, FLOAT_LITERAL, DOUBLE_LITERAL, REAL_LITERAL}
line 225:27 extraneous input '(' expecting {'\lemma', '}', IDENT, '/*!'}
line 225:31 mismatched input ')' expecting {'(', '{'}
line 227:44 mismatched input ')' expecting {'(', '{'}
line 233:14 mismatched input '\ifExintVar' expecting {MODALITY, FORALL, EXISTS, '\if', '\ifEx', 'true', 'false', '(', '{', '@', NOT, SEQARROW, '-', STRING_LITERAL, CHAR_LITERAL, BIN_LITERAL, HEX_LITERAL, IDENT, INT_LITERAL, FLOAT_LITERAL, DOUBLE_LITERAL, REAL_LITERAL}
line 233:27 extraneous input '(' expecting {'\lemma', '}', IDENT, '/*!'}
line 233:31 mismatched input ')' expecting {'(', '{'}
line 237:42 mismatched input '}' expecting {'(', '{'}
line 238:34 mismatched input '}' expecting {'(', '{'}
line 239:28 extraneous input '(' expecting {'\lemma', '}', IDENT, '/*!'}
line 239:33 mismatched input '->' expecting {'(', '{'}
line 240:8 extraneous input '\replacewith' expecting {'\lemma', '}', IDENT, '/*!'}
line 240:25 mismatched input ')' expecting {'(', '{'}
line 240:56 mismatched input ')' expecting {'(', '{'}
line 245:14 mismatched input '\ifExintVar' expecting {MODALITY, FORALL, EXISTS, '\if', '\ifEx', 'true', 'false', '(', '{', '@', NOT, SEQARROW, '-', STRING_LITERAL, CHAR_LITERAL, BIN_LITERAL, HEX_LITERAL, IDENT, INT_LITERAL, FLOAT_LITERAL, DOUBLE_LITERAL, REAL_LITERAL}
line 245:27 extraneous input '(' expecting {'\lemma', '}', IDENT, '/*!'}
line 245:31 mismatched input ')' expecting {'(', '{'}
line 248:45 mismatched input '}' expecting {'(', '{'}
line 249:8 extraneous input '\replacewith' expecting {'\lemma', '}', IDENT, '/*!'}
line 249:38 mismatched input ')' expecting {'(', '{'}
line 250:42 mismatched input '}' expecting {'(', '{'}
line 251:28 extraneous input '(' expecting {'\lemma', '}', IDENT, '/*!'}
line 251:33 mismatched input '->' expecting {'(', '{'}
line 255:14 mismatched input '\ifExintVar' expecting {MODALITY, FORALL, EXISTS, '\if', '\ifEx', 'true', 'false', '(', '{', '@', NOT, SEQARROW, '-', STRING_LITERAL, CHAR_LITERAL, BIN_LITERAL, HEX_LITERAL, IDENT, INT_LITERAL, FLOAT_LITERAL, DOUBLE_LITERAL, REAL_LITERAL}
line 255:27 extraneous input '(' expecting {'\lemma', '}', IDENT, '/*!'}
line 255:31 mismatched input ')' expecting {'(', '{'}
line 258:52 extraneous input '0' expecting {'\lemma', '}', IDENT, '/*!'}
line 258:54 mismatched input 'then' expecting {<EOF>, '\problem', '\chooseContract', '\proofObligation', '\proof'}

	at de.uka.ilkd.key.proof.io.KeYFile.readIncludes(KeYFile.java:210)
Caused by: de.uka.ilkd.key.util.parsing.SyntaxErrorReporter$ParserException: line 135:14 mismatched input '\ifExintVar' expecting {MODALITY, FORALL, EXISTS, '\if', '\ifEx', 'true', 'false', '(', '{', '@', NOT, SEQARROW, '-', STRING_LITERAL, CHAR_LITERAL, BIN_LITERAL, HEX_LITERAL, IDENT, INT_LITERAL, FLOAT_LITERAL, DOUBLE_LITERAL, REAL_LITERAL}
line 135:27 extraneous input '(' expecting {'\lemma', '}', IDENT, '/*!'}
line 135:44 mismatched input ')' expecting {'(', '{'}
line 141:14 mismatched input '\ifExintVar' expecting {MODALITY, FORALL, EXISTS, '\if', '\ifEx', 'true', 'false', '(', '{', '@', NOT, SEQARROW, '-', STRING_LITERAL, CHAR_LITERAL, BIN_LITERAL, HEX_LITERAL, IDENT, INT_LITERAL, FLOAT_LITERAL, DOUBLE_LITERAL, REAL_LITERAL}
line 141:27 extraneous input '(' expecting {'\lemma', '}', IDENT, '/*!'}
line 141:41 mismatched input ')' expecting {'(', '{'}
line 148:14 mismatched input '\ifExintVar' expecting {MODALITY, FORALL, EXISTS, '\if', '\ifEx', 'true', 'false', '(', '{', '@', NOT, SEQARROW, '-', STRING_LITERAL, CHAR_LITERAL, BIN_LITERAL, HEX_LITERAL, IDENT, INT_LITERAL, FLOAT_LITERAL, DOUBLE_LITERAL, REAL_LITERAL}
line 148:27 extraneous input '(' expecting {'\lemma', '}', IDENT, '/*!'}
line 148:35 mismatched input '=' expecting {'(', '{'}
line 150:38 mismatched input '}' expecting {'(', '{'}
line 155:14 mismatched input '\ifExintVar' expecting {MODALITY, FORALL, EXISTS, '\if', '\ifEx', 'true', 'false', '(', '{', '@', NOT, SEQARROW, '-', STRING_LITERAL, CHAR_LITERAL, BIN_LITERAL, HEX_LITERAL, IDENT, INT_LITERAL, FLOAT_LITERAL, DOUBLE_LITERAL, REAL_LITERAL}
line 155:27 extraneous input '(' expecting {'\lemma', '}', IDENT, '/*!'}
line 155:35 mismatched input '=' expecting {'(', '{'}
line 157:38 mismatched input '}' expecting {'(', '{'}
line 163:14 mismatched input '\ifExintVar' expecting {MODALITY, FORALL, EXISTS, '\if', '\ifEx', 'true', 'false', '(', '{', '@', NOT, SEQARROW, '-', STRING_LITERAL, CHAR_LITERAL, BIN_LITERAL, HEX_LITERAL, IDENT, INT_LITERAL, FLOAT_LITERAL, DOUBLE_LITERAL, REAL_LITERAL}
line 163:27 extraneous input '(' expecting {'\lemma', '}', IDENT, '/*!'}
line 163:30 mismatched input '=' expecting {'(', '{'}
line 165:38 mismatched input '}' expecting {'(', '{'}
line 171:14 mismatched input '\ifExintVar' expecting {MODALITY, FORALL, EXISTS, '\if', '\ifEx', 'true', 'false', '(', '{', '@', NOT, SEQARROW, '-', STRING_LITERAL, CHAR_LITERAL, BIN_LITERAL, HEX_LITERAL, IDENT, INT_LITERAL, FLOAT_LITERAL, DOUBLE_LITERAL, REAL_LITERAL}
line 171:27 extraneous input '(' expecting {'\lemma', '}', IDENT, '/*!'}
line 171:30 mismatched input '=' expecting {'(', '{'}
line 173:38 mismatched input '}' expecting {'(', '{'}
line 179:14 mismatched input '\ifExintVar' expecting {MODALITY, FORALL, EXISTS, '\if', '\ifEx', 'true', 'false', '(', '{', '@', NOT, SEQARROW, '-', STRING_LITERAL, CHAR_LITERAL, BIN_LITERAL, HEX_LITERAL, IDENT, INT_LITERAL, FLOAT_LITERAL, DOUBLE_LITERAL, REAL_LITERAL}
line 179:27 extraneous input '(' expecting {'\lemma', '}', IDENT, '/*!'}
line 179:32 mismatched input '&' expecting {'(', '{'}
line 181:42 mismatched input '}' expecting {'(', '{'}
line 182:39 mismatched input '}' expecting {'(', '{'}
line 188:14 mismatched input '\ifExintVar' expecting {MODALITY, FORALL, EXISTS, '\if', '\ifEx', 'true', 'false', '(', '{', '@', NOT, SEQARROW, '-', STRING_LITERAL, CHAR_LITERAL, BIN_LITERAL, HEX_LITERAL, IDENT, INT_LITERAL, FLOAT_LITERAL, DOUBLE_LITERAL, REAL_LITERAL}
line 188:27 extraneous input '(' expecting {'\lemma', '}', IDENT, '/*!'}
line 188:32 mismatched input '&' expecting {'(', '{'}
line 190:42 mismatched input '}' expecting {'(', '{'}
line 191:39 mismatched input '}' expecting {'(', '{'}
line 198:14 mismatched input '\ifExintVar' expecting {MODALITY, FORALL, EXISTS, '\if', '\ifEx', 'true', 'false', '(', '{', '@', NOT, SEQARROW, '-', STRING_LITERAL, CHAR_LITERAL, BIN_LITERAL, HEX_LITERAL, IDENT, INT_LITERAL, FLOAT_LITERAL, DOUBLE_LITERAL, REAL_LITERAL}
line 198:27 extraneous input '(' expecting {'\lemma', '}', IDENT, '/*!'}
line 198:32 mismatched input '&' expecting {'(', '{'}
line 200:42 mismatched input '}' expecting {'(', '{'}
line 201:39 mismatched input '}' expecting {'(', '{'}
line 208:14 mismatched input '\ifExintVar' expecting {MODALITY, FORALL, EXISTS, '\if', '\ifEx', 'true', 'false', '(', '{', '@', NOT, SEQARROW, '-', STRING_LITERAL, CHAR_LITERAL, BIN_LITERAL, HEX_LITERAL, IDENT, INT_LITERAL, FLOAT_LITERAL, DOUBLE_LITERAL, REAL_LITERAL}
line 208:27 extraneous input '(' expecting {'\lemma', '}', IDENT, '/*!'}
line 208:32 mismatched input '&' expecting {'(', '{'}
line 210:42 mismatched input '}' expecting {'(', '{'}
line 211:39 mismatched input '}' expecting {'(', '{'}
line 218:14 mismatched input '\ifExintVar' expecting {MODALITY, FORALL, EXISTS, '\if', '\ifEx', 'true', 'false', '(', '{', '@', NOT, SEQARROW, '-', STRING_LITERAL, CHAR_LITERAL, BIN_LITERAL, HEX_LITERAL, IDENT, INT_LITERAL, FLOAT_LITERAL, DOUBLE_LITERAL, REAL_LITERAL}
line 218:27 extraneous input '(' expecting {'\lemma', '}', IDENT, '/*!'}
line 218:31 mismatched input ')' expecting {'(', '{'}
line 220:44 mismatched input ')' expecting {'(', '{'}
line 225:14 mismatched input '\ifExintVar' expecting {MODALITY, FORALL, EXISTS, '\if', '\ifEx', 'true', 'false', '(', '{', '@', NOT, SEQARROW, '-', STRING_LITERAL, CHAR_LITERAL, BIN_LITERAL, HEX_LITERAL, IDENT, INT_LITERAL, FLOAT_LITERAL, DOUBLE_LITERAL, REAL_LITERAL}
line 225:27 extraneous input '(' expecting {'\lemma', '}', IDENT, '/*!'}
line 225:31 mismatched input ')' expecting {'(', '{'}
line 227:44 mismatched input ')' expecting {'(', '{'}
line 233:14 mismatched input '\ifExintVar' expecting {MODALITY, FORALL, EXISTS, '\if', '\ifEx', 'true', 'false', '(', '{', '@', NOT, SEQARROW, '-', STRING_LITERAL, CHAR_LITERAL, BIN_LITERAL, HEX_LITERAL, IDENT, INT_LITERAL, FLOAT_LITERAL, DOUBLE_LITERAL, REAL_LITERAL}
line 233:27 extraneous input '(' expecting {'\lemma', '}', IDENT, '/*!'}
line 233:31 mismatched input ')' expecting {'(', '{'}
line 237:42 mismatched input '}' expecting {'(', '{'}
line 238:34 mismatched input '}' expecting {'(', '{'}
line 239:28 extraneous input '(' expecting {'\lemma', '}', IDENT, '/*!'}
line 239:33 mismatched input '->' expecting {'(', '{'}
line 240:8 extraneous input '\replacewith' expecting {'\lemma', '}', IDENT, '/*!'}
line 240:25 mismatched input ')' expecting {'(', '{'}
line 240:56 mismatched input ')' expecting {'(', '{'}
line 245:14 mismatched input '\ifExintVar' expecting {MODALITY, FORALL, EXISTS, '\if', '\ifEx', 'true', 'false', '(', '{', '@', NOT, SEQARROW, '-', STRING_LITERAL, CHAR_LITERAL, BIN_LITERAL, HEX_LITERAL, IDENT, INT_LITERAL, FLOAT_LITERAL, DOUBLE_LITERAL, REAL_LITERAL}
line 245:27 extraneous input '(' expecting {'\lemma', '}', IDENT, '/*!'}
line 245:31 mismatched input ')' expecting {'(', '{'}
line 248:45 mismatched input '}' expecting {'(', '{'}
line 249:8 extraneous input '\replacewith' expecting {'\lemma', '}', IDENT, '/*!'}
line 249:38 mismatched input ')' expecting {'(', '{'}
line 250:42 mismatched input '}' expecting {'(', '{'}
line 251:28 extraneous input '(' expecting {'\lemma', '}', IDENT, '/*!'}
line 251:33 mismatched input '->' expecting {'(', '{'}
line 255:14 mismatched input '\ifExintVar' expecting {MODALITY, FORALL, EXISTS, '\if', '\ifEx', 'true', 'false', '(', '{', '@', NOT, SEQARROW, '-', STRING_LITERAL, CHAR_LITERAL, BIN_LITERAL, HEX_LITERAL, IDENT, INT_LITERAL, FLOAT_LITERAL, DOUBLE_LITERAL, REAL_LITERAL}
line 255:27 extraneous input '(' expecting {'\lemma', '}', IDENT, '/*!'}
line 255:31 mismatched input ')' expecting {'(', '{'}
line 258:52 extraneous input '0' expecting {'\lemma', '}', IDENT, '/*!'}
line 258:54 mismatched input 'then' expecting {<EOF>, '\problem', '\chooseContract', '\proofObligation', '\proof'}

	at de.uka.ilkd.key.util.parsing.SyntaxErrorReporter.throwException(SyntaxErrorReporter.java:89)

302497     WARN  Test worker     d.u.i.k.n.KeYParser       [syntax-error] file:/home/runner/work/key/key/key.core/build/resources/main/de/uka/ilkd/key/proof/rules/ifThenElseRules.key:135:14: mismatched input '\ifExintVar' expecting {MODALITY, FORALL, EXISTS, '\if', '\ifEx', 'true', 'false', '(', '{', '@', NOT, SEQARROW, '-', STRING_LITERAL, CHAR_LITERAL, BIN_LITERAL, HEX_LITERAL, IDENT, INT_LITERAL, FLOAT_LITERAL, DOUBLE_LITERAL, REAL_LITERAL} [@745,3563:3573='\ifExintVar',<188>,135:14] (termorseq, taclet, rulesOrAxioms, decls, file) 
302497     WARN  Test worker     d.u.i.k.n.KeYParser       [syntax-error] file:/home/runner/work/key/key/key.core/build/resources/main/de/uka/ilkd/key/proof/rules/ifThenElseRules.key:135:27: extraneous input '(' expecting {'\lemma', '}', IDENT, '/*!'} [@748,3576:3576='(',<146>,135:27] (rulesOrAxioms, decls, file) 
302497     WARN  Test worker     d.u.i.k.n.KeYParser       [syntax-error] file:/home/runner/work/key/key/key.core/build/resources/main/de/uka/ilkd/key/proof/rules/ifThenElseRules.key:135:44: mismatched input ')' expecting {'(', '{'} [@754,3593:3593=')',<147>,135:44] (taclet, rulesOrAxioms, decls, file) 
302497     WARN  Test worker     d.u.i.k.n.KeYParser       [syntax-error] file:/home/runner/work/key/key/key.core/build/resources/main/de/uka/ilkd/key/proof/rules/ifThenElseRules.key:141:14: mismatched input '\ifExintVar' expecting {MODALITY, FORALL, EXISTS, '\if', '\ifEx', 'true', 'false', '(', '{', '@', NOT, SEQARROW, '-', STRING_LITERAL, CHAR_LITERAL, BIN_LITERAL, HEX_LITERAL, IDENT, INT_LITERAL, FLOAT_LITERAL, DOUBLE_LITERAL, REAL_LITERAL} [@780,3716:3726='\ifExintVar',<188>,141:14] (termorseq, taclet, rulesOrAxioms, decls, file) 
302497     WARN  Test worker     d.u.i.k.n.KeYParser       [syntax-error] file:/home/runner/work/key/key/key.core/build/resources/main/de/uka/ilkd/key/proof/rules/ifThenElseRules.key:141:27: extraneous input '(' expecting {'\lemma', '}', IDENT, '/*!'} [@783,3729:3729='(',<146>,141:27] (rulesOrAxioms, decls, file) 
302497     WARN  Test worker     d.u.i.k.n.KeYParser       [syntax-error] file:/home/runner/work/key/key/key.core/build/resources/main/de/uka/ilkd/key/proof/rules/ifThenElseRules.key:141:41: mismatched input ')' expecting {'(', '{'} [@789,3743:3743=')',<147>,141:41] (taclet, rulesOrAxioms, decls, file) 
302497     WARN  Test worker     d.u.i.k.n.KeYParser       [syntax-error] file:/home/runner/work/key/key/key.core/build/resources/main/de/uka/ilkd/key/proof/rules/ifThenElseRules.key:148:14: mismatched input '\ifExintVar' expecting {MODALITY, FORALL, EXISTS, '\if', '\ifEx', 'true', 'false', '(', '{', '@', NOT, SEQARROW, '-', STRING_LITERAL, CHAR_LITERAL, BIN_LITERAL, HEX_LITERAL, IDENT, INT_LITERAL, FLOAT_LITERAL, DOUBLE_LITERAL, REAL_LITERAL} [@819,3896:3906='\ifExintVar',<188>,148:14] (termorseq, taclet, rulesOrAxioms, decls, file) 
302497     WARN  Test worker     d.u.i.k.n.KeYParser       [syntax-error] file:/home/runner/work/key/key/key.core/build/resources/main/de/uka/ilkd/key/proof/rules/ifThenElseRules.key:148:27: extraneous input '(' expecting {'\lemma', '}', IDENT, '/*!'} [@822,3909:3909='(',<146>,148:27] (rulesOrAxioms, decls, file) 
302497     WARN  Test worker     d.u.i.k.n.KeYParser       [syntax-error] file:/home/runner/work/key/key/key.core/build/resources/main/de/uka/ilkd/key/proof/rules/ifThenElseRules.key:148:35: mismatched input '=' expecting {'(', '{'} [@825,3917:3917='=',<159>,148:35] (taclet, rulesOrAxioms, decls, file) 
302497     WARN  Test worker     d.u.i.k.n.KeYParser       [syntax-error] file:/home/runner/work/key/key/key.core/build/resources/main/de/uka/ilkd/key/proof/rules/ifThenElseRules.key:150:38: mismatched input '}' expecting {'(', '{'} [@859,4023:4023='}',<149>,150:38] (taclet, rulesOrAxioms, decls, file) 
302497     WARN  Test worker     d.u.i.k.n.KeYParser       [syntax-error] file:/home/runner/work/key/key/key.core/build/resources/main/de/uka/ilkd/key/proof/rules/ifThenElseRules.key:155:14: mismatched input '\ifExintVar' expecting {MODALITY, FORALL, EXISTS, '\if', '\ifEx', 'true', 'false', '(', '{', '@', NOT, SEQARROW, '-', STRING_LITERAL, CHAR_LITERAL, BIN_LITERAL, HEX_LITERAL, IDENT, INT_LITERAL, FLOAT_LITERAL, DOUBLE_LITERAL, REAL_LITERAL} [@877,4109:4119='\ifExintVar',<188>,155:14] (termorseq, taclet, rulesOrAxioms, decls, file) 
302497     WARN  Test worker     d.u.i.k.n.KeYParser       [syntax-error] file:/home/runner/work/key/key/key.core/build/resources/main/de/uka/ilkd/key/proof/rules/ifThenElseRules.key:155:27: extraneous input '(' expecting {'\lemma', '}', IDENT, '/*!'} [@880,4122:4122='(',<146>,155:27] (rulesOrAxioms, decls, file) 
302497     WARN  Test worker     d.u.i.k.n.KeYParser       [syntax-error] file:/home/runner/work/key/key/key.core/build/resources/main/de/uka/ilkd/key/proof/rules/ifThenElseRules.key:155:35: mismatched input '=' expecting {'(', '{'} [@883,4130:4130='=',<159>,155:35] (taclet, rulesOrAxioms, decls, file) 
302497     WARN  Test worker     d.u.i.k.n.KeYParser       [syntax-error] file:/home/runner/work/key/key/key.core/build/resources/main/de/uka/ilkd/key/proof/rules/ifThenElseRules.key:157:38: mismatched input '}' expecting {'(', '{'} [@917,4230:4230='}',<149>,157:38] (taclet, rulesOrAxioms, decls, file) 
302497     WARN  Test worker     d.u.i.k.n.KeYParser       [syntax-error] file:/home/runner/work/key/key/key.core/build/resources/main/de/uka/ilkd/key/proof/rules/ifThenElseRules.key:163:14: mismatched input '\ifExintVar' expecting {MODALITY, FORALL, EXISTS, '\if', '\ifEx', 'true', 'false', '(', '{', '@', NOT, SEQARROW, '-', STRING_LITERAL, CHAR_LITERAL, BIN_LITERAL, HEX_LITERAL, IDENT, INT_LITERAL, FLOAT_LITERAL, DOUBLE_LITERAL, REAL_LITERAL} [@939,4350:4360='\ifExintVar',<188>,163:14] (termorseq, taclet, rulesOrAxioms, decls, file) 
302497     WARN  Test worker     d.u.i.k.n.KeYParser       [syntax-error] file:/home/runner/work/key/key/key.core/build/resources/main/de/uka/ilkd/key/proof/rules/ifThenElseRules.key:163:27: extraneous input '(' expecting {'\lemma', '}', IDENT, '/*!'} [@942,4363:4363='(',<146>,163:27] (rulesOrAxioms, decls, file) 
302497     WARN  Test worker     d.u.i.k.n.KeYParser       [syntax-error] file:/home/runner/work/key/key/key.core/build/resources/main/de/uka/ilkd/key/proof/rules/ifThenElseRules.key:163:30: mismatched input '=' expecting {'(', '{'} [@945,4366:4366='=',<159>,163:30] (taclet, rulesOrAxioms, decls, file) 
302497     WARN  Test worker     d.u.i.k.n.KeYParser       [syntax-error] file:/home/runner/work/key/key/key.core/build/resources/main/de/uka/ilkd/key/proof/rules/ifThenElseRules.key:165:38: mismatched input '}' expecting {'(', '{'} [@979,4477:4477='}',<149>,165:38] (taclet, rulesOrAxioms, decls, file) 
302497     WARN  Test worker     d.u.i.k.n.KeYParser       [syntax-error] file:/home/runner/work/key/key/key.core/build/resources/main/de/uka/ilkd/key/proof/rules/ifThenElseRules.key:171:14: mismatched input '\ifExintVar' expecting {MODALITY, FORALL, EXISTS, '\if', '\ifEx', 'true', 'false', '(', '{', '@', NOT, SEQARROW, '-', STRING_LITERAL, CHAR_LITERAL, BIN_LITERAL, HEX_LITERAL, IDENT, INT_LITERAL, FLOAT_LITERAL, DOUBLE_LITERAL, REAL_LITERAL} [@1001,4604:4614='\ifExintVar',<188>,171:14] (termorseq, taclet, rulesOrAxioms, decls, file) 
302497     WARN  Test worker     d.u.i.k.n.KeYParser       [syntax-error] file:/home/runner/work/key/key/key.core/build/resources/main/de/uka/ilkd/key/proof/rules/ifThenElseRules.key:171:27: extraneous input '(' expecting {'\lemma', '}', IDENT, '/*!'} [@1004,4617:4617='(',<146>,171:27] (rulesOrAxioms, decls, file) 
302497     WARN  Test worker     d.u.i.k.n.KeYParser       [syntax-error] file:/home/runner/work/key/key/key.core/build/resources/main/de/uka/ilkd/key/proof/rules/ifThenElseRules.key:171:30: mismatched input '=' expecting {'(', '{'} [@1007,4620:4620='=',<159>,171:30] (taclet, rulesOrAxioms, decls, file) 
302497     WARN  Test worker     d.u.i.k.n.KeYParser       [syntax-error] file:/home/runner/work/key/key/key.core/build/resources/main/de/uka/ilkd/key/proof/rules/ifThenElseRules.key:173:38: mismatched input '}' expecting {'(', '{'} [@1041,4725:4725='}',<149>,173:38] (taclet, rulesOrAxioms, decls, file) 
302497     WARN  Test worker     d.u.i.k.n.KeYParser       [syntax-error] file:/home/runner/work/key/key/key.core/build/resources/main/de/uka/ilkd/key/proof/rules/ifThenElseRules.key:179:14: mismatched input '\ifExintVar' expecting {MODALITY, FORALL, EXISTS, '\if', '\ifEx', 'true', 'false', '(', '{', '@', NOT, SEQARROW, '-', STRING_LITERAL, CHAR_LITERAL, BIN_LITERAL, HEX_LITERAL, IDENT, INT_LITERAL, FLOAT_LITERAL, DOUBLE_LITERAL, REAL_LITERAL} [@1063,4848:4858='\ifExintVar',<188>,179:14] (termorseq, taclet, rulesOrAxioms, decls, file) 
302497     WARN  Test worker     d.u.i.k.n.KeYParser       [syntax-error] file:/home/runner/work/key/key/key.core/build/resources/main/de/uka/ilkd/key/proof/rules/ifThenElseRules.key:179:27: extraneous input '(' expecting {'\lemma', '}', IDENT, '/*!'} [@1066,4861:4861='(',<146>,179:27] (rulesOrAxioms, decls, file) 
302497     WARN  Test worker     d.u.i.k.n.KeYParser       [syntax-error] file:/home/runner/work/key/key/key.core/build/resources/main/de/uka/ilkd/key/proof/rules/ifThenElseRules.key:179:32: mismatched input '&' expecting {'(', '{'} [@1069,4866:4866='&',<156>,179:32] (taclet, rulesOrAxioms, decls, file) 
302497     WARN  Test worker     d.u.i.k.n.KeYParser       [syntax-error] file:/home/runner/work/key/key/key.core/build/resources/main/de/uka/ilkd/key/proof/rules/ifThenElseRules.key:181:42: mismatched input '}' expecting {'(', '{'} [@1109,4985:4985='}',<149>,181:42] (taclet, rulesOrAxioms, decls, file) 
302497     WARN  Test worker     d.u.i.k.n.KeYParser       [syntax-error] file:/home/runner/work/key/key/key.core/build/resources/main/de/uka/ilkd/key/proof/rules/ifThenElseRules.key:182:39: mismatched input '}' expecting {'(', '{'} [@1122,5030:5030='}',<149>,182:39] (taclet, rulesOrAxioms, decls, file) 
302497     WARN  Test worker     d.u.i.k.n.KeYParser       [syntax-error] file:/home/runner/work/key/key/key.core/build/resources/main/de/uka/ilkd/key/proof/rules/ifThenElseRules.key:188:14: mismatched input '\ifExintVar' expecting {MODALITY, FORALL, EXISTS, '\if', '\ifEx', 'true', 'false', '(', '{', '@', NOT, SEQARROW, '-', STRING_LITERAL, CHAR_LITERAL, BIN_LITERAL, HEX_LITERAL, IDENT, INT_LITERAL, FLOAT_LITERAL, DOUBLE_LITERAL, REAL_LITERAL} [@1146,5149:5159='\ifExintVar',<188>,188:14] (termorseq, taclet, rulesOrAxioms, decls, file) 
302498     WARN  Test worker     d.u.i.k.n.KeYParser       [syntax-error] file:/home/runner/work/key/key/key.core/build/resources/main/de/uka/ilkd/key/proof/rules/ifThenElseRules.key:188:27: extraneous input '(' expecting {'\lemma', '}', IDENT, '/*!'} [@1149,5162:5162='(',<146>,188:27] (rulesOrAxioms, decls, file) 
302498     WARN  Test worker     d.u.i.k.n.KeYParser       [syntax-error] file:/home/runner/work/key/key/key.core/build/resources/main/de/uka/ilkd/key/proof/rules/ifThenElseRules.key:188:32: mismatched input '&' expecting {'(', '{'} [@1152,5167:5167='&',<156>,188:32] (taclet, rulesOrAxioms, decls, file) 
302498     WARN  Test worker     d.u.i.k.n.KeYParser       [syntax-error] file:/home/runner/work/key/key/key.core/build/resources/main/de/uka/ilkd/key/proof/rules/ifThenElseRules.key:190:42: mismatched input '}' expecting {'(', '{'} [@1192,5280:5280='}',<149>,190:42] (taclet, rulesOrAxioms, decls, file) 
302498     WARN  Test worker     d.u.i.k.n.KeYParser       [syntax-error] file:/home/runner/work/key/key/key.core/build/resources/main/de/uka/ilkd/key/proof/rules/ifThenElseRules.key:191:39: mismatched input '}' expecting {'(', '{'} [@1205,5325:5325='}',<149>,191:39] (taclet, rulesOrAxioms, decls, file) 
302498     WARN  Test worker     d.u.i.k.n.KeYParser       [syntax-error] file:/home/runner/work/key/key/key.core/build/resources/main/de/uka/ilkd/key/proof/rules/ifThenElseRules.key:198:14: mismatched input '\ifExintVar' expecting {MODALITY, FORALL, EXISTS, '\if', '\ifEx', 'true', 'false', '(', '{', '@', NOT, SEQARROW, '-', STRING_LITERAL, CHAR_LITERAL, BIN_LITERAL, HEX_LITERAL, IDENT, INT_LITERAL, FLOAT_LITERAL, DOUBLE_LITERAL, REAL_LITERAL} [@1233,5475:5485='\ifExintVar',<188>,198:14] (termorseq, taclet, rulesOrAxioms, decls, file) 
302498     WARN  Test worker     d.u.i.k.n.KeYParser       [syntax-error] file:/home/runner/work/key/key/key.core/build/resources/main/de/uka/ilkd/key/proof/rules/ifThenElseRules.key:198:27: extraneous input '(' expecting {'\lemma', '}', IDENT, '/*!'} [@1236,5488:5488='(',<146>,198:27] (rulesOrAxioms, decls, file) 
302498     WARN  Test worker     d.u.i.k.n.KeYParser       [syntax-error] file:/home/runner/work/key/key/key.core/build/resources/main/de/uka/ilkd/key/proof/rules/ifThenElseRules.key:198:32: mismatched input '&' expecting {'(', '{'} [@1239,5493:5493='&',<156>,198:32] (taclet, rulesOrAxioms, decls, file) 
302498     WARN  Test worker     d.u.i.k.n.KeYParser       [syntax-error] file:/home/runner/work/key/key/key.core/build/resources/main/de/uka/ilkd/key/proof/rules/ifThenElseRules.key:200:42: mismatched input '}' expecting {'(', '{'} [@1279,5612:5612='}',<149>,200:42] (taclet, rulesOrAxioms, decls, file) 
302498     WARN  Test worker     d.u.i.k.n.KeYParser       [syntax-error] file:/home/runner/work/key/key/key.core/build/resources/main/de/uka/ilkd/key/proof/rules/ifThenElseRules.key:201:39: mismatched input '}' expecting {'(', '{'} [@1292,5657:5657='}',<149>,201:39] (taclet, rulesOrAxioms, decls, file) 
302498     WARN  Test worker     d.u.i.k.n.KeYParser       [syntax-error] file:/home/runner/work/key/key/key.core/build/resources/main/de/uka/ilkd/key/proof/rules/ifThenElseRules.key:208:14: mismatched input '\ifExintVar' expecting {MODALITY, FORALL, EXISTS, '\if', '\ifEx', 'true', 'false', '(', '{', '@', NOT, SEQARROW, '-', STRING_LITERAL, CHAR_LITERAL, BIN_LITERAL, HEX_LITERAL, IDENT, INT_LITERAL, FLOAT_LITERAL, DOUBLE_LITERAL, REAL_LITERAL} [@1320,5817:5827='\ifExintVar',<188>,208:14] (termorseq, taclet, rulesOrAxioms, decls, file) 
302498     WARN  Test worker     d.u.i.k.n.KeYParser       [syntax-error] file:/home/runner/work/key/key/key.core/build/resources/main/de/uka/ilkd/key/proof/rules/ifThenElseRules.key:208:27: extraneous input '(' expecting {'\lemma', '}', IDENT, '/*!'} [@1323,5830:5830='(',<146>,208:27] (rulesOrAxioms, decls, file) 
302498     WARN  Test worker     d.u.i.k.n.KeYParser       [syntax-error] file:/home/runner/work/key/key/key.core/build/resources/main/de/uka/ilkd/key/proof/rules/ifThenElseRules.key:208:32: mismatched input '&' expecting {'(', '{'} [@1326,5835:5835='&',<156>,208:32] (taclet, rulesOrAxioms, decls, file) 
302498     WARN  Test worker     d.u.i.k.n.KeYParser       [syntax-error] file:/home/runner/work/key/key/key.core/build/resources/main/de/uka/ilkd/key/proof/rules/ifThenElseRules.key:210:42: mismatched input '}' expecting {'(', '{'} [@1366,5948:5948='}',<149>,210:42] (taclet, rulesOrAxioms, decls, file) 
302498     WARN  Test worker     d.u.i.k.n.KeYParser       [syntax-error] file:/home/runner/work/key/key/key.core/build/resources/main/de/uka/ilkd/key/proof/rules/ifThenElseRules.key:211:39: mismatched input '}' expecting {'(', '{'} [@1379,5993:5993='}',<149>,211:39] (taclet, rulesOrAxioms, decls, file) 
302498     WARN  Test worker     d.u.i.k.n.KeYParser       [syntax-error] file:/home/runner/work/key/key/key.core/build/resources/main/de/uka/ilkd/key/proof/rules/ifThenElseRules.key:218:14: mismatched input '\ifExintVar' expecting {MODALITY, FORALL, EXISTS, '\if', '\ifEx', 'true', 'false', '(', '{', '@', NOT, SEQARROW, '-', STRING_LITERAL, CHAR_LITERAL, BIN_LITERAL, HEX_LITERAL, IDENT, INT_LITERAL, FLOAT_LITERAL, DOUBLE_LITERAL, REAL_LITERAL} [@1407,6146:6156='\ifExintVar',<188>,218:14] (termorseq, taclet, rulesOrAxioms, decls, file) 
302498     WARN  Test worker     d.u.i.k.n.KeYParser       [syntax-error] file:/home/runner/work/key/key/key.core/build/resources/main/de/uka/ilkd/key/proof/rules/ifThenElseRules.key:218:27: extraneous input '(' expecting {'\lemma', '}', IDENT, '/*!'} [@1410,6159:6159='(',<146>,218:27] (rulesOrAxioms, decls, file) 
302498     WARN  Test worker     d.u.i.k.n.KeYParser       [syntax-error] file:/home/runner/work/key/key/key.core/build/resources/main/de/uka/ilkd/key/proof/rules/ifThenElseRules.key:218:31: mismatched input ')' expecting {'(', '{'} [@1412,6163:6163=')',<147>,218:31] (taclet, rulesOrAxioms, decls, file) 
302498     WARN  Test worker     d.u.i.k.n.KeYParser       [syntax-error] file:/home/runner/work/key/key/key.core/build/resources/main/de/uka/ilkd/key/proof/rules/ifThenElseRules.key:220:44: mismatched input ')' expecting {'(', '{'} [@1444,6275:6275=')',<147>,220:44] (taclet, rulesOrAxioms, decls, file) 
302498     WARN  Test worker     d.u.i.k.n.KeYParser       [syntax-error] file:/home/runner/work/key/key/key.core/build/resources/main/de/uka/ilkd/key/proof/rules/ifThenElseRules.key:225:14: mismatched input '\ifExintVar' expecting {MODALITY, FORALL, EXISTS, '\if', '\ifEx', 'true', 'false', '(', '{', '@', NOT, SEQARROW, '-', STRING_LITERAL, CHAR_LITERAL, BIN_LITERAL, HEX_LITERAL, IDENT, INT_LITERAL, FLOAT_LITERAL, DOUBLE_LITERAL, REAL_LITERAL} [@1471,6389:6399='\ifExintVar',<188>,225:14] (termorseq, taclet, rulesOrAxioms, decls, file) 
302498     WARN  Test worker     d.u.i.k.n.KeYParser       [syntax-error] file:/home/runner/work/key/key/key.core/build/resources/main/de/uka/ilkd/key/proof/rules/ifThenElseRules.key:225:27: extraneous input '(' expecting {'\lemma', '}', IDENT, '/*!'} [@1474,6402:6402='(',<146>,225:27] (rulesOrAxioms, decls, file) 
302498     WARN  Test worker     d.u.i.k.n.KeYParser       [syntax-error] file:/home/runner/work/key/key/key.core/build/resources/main/de/uka/ilkd/key/proof/rules/ifThenElseRules.key:225:31: mismatched input ')' expecting {'(', '{'} [@1476,6406:6406=')',<147>,225:31] (taclet, rulesOrAxioms, decls, file) 
302498     WARN  Test worker     d.u.i.k.n.KeYParser       [syntax-error] file:/home/runner/work/key/key/key.core/build/resources/main/de/uka/ilkd/key/proof/rules/ifThenElseRules.key:227:44: mismatched input ')' expecting {'(', '{'} [@1508,6509:6509=')',<147>,227:44] (taclet, rulesOrAxioms, decls, file) 
302498     WARN  Test worker     d.u.i.k.n.KeYParser       [syntax-error] file:/home/runner/work/key/key/key.core/build/resources/main/de/uka/ilkd/key/proof/rules/ifThenElseRules.key:233:14: mismatched input '\ifExintVar' expecting {MODALITY, FORALL, EXISTS, '\if', '\ifEx', 'true', 'false', '(', '{', '@', NOT, SEQARROW, '-', STRING_LITERAL, CHAR_LITERAL, BIN_LITERAL, HEX_LITERAL, IDENT, INT_LITERAL, FLOAT_LITERAL, DOUBLE_LITERAL, REAL_LITERAL} [@1539,6656:6666='\ifExintVar',<188>,233:14] (termorseq, taclet, rulesOrAxioms, decls, file) 
302498     WARN  Test worker     d.u.i.k.n.KeYParser       [syntax-error] file:/home/runner/work/key/key/key.core/build/resources/main/de/uka/ilkd/key/proof/rules/ifThenElseRules.key:233:27: extraneous input '(' expecting {'\lemma', '}', IDENT, '/*!'} [@1542,6669:6669='(',<146>,233:27] (rulesOrAxioms, decls, file) 
302498     WARN  Test worker     d.u.i.k.n.KeYParser       [syntax-error] file:/home/runner/work/key/key/key.core/build/resources/main/de/uka/ilkd/key/proof/rules/ifThenElseRules.key:233:31: mismatched input ')' expecting {'(', '{'} [@1544,6673:6673=')',<147>,233:31] (taclet, rulesOrAxioms, decls, file) 
302498     WARN  Test worker     d.u.i.k.n.KeYParser       [syntax-error] file:/home/runner/work/key/key/key.core/build/resources/main/de/uka/ilkd/key/proof/rules/ifThenElseRules.key:237:42: mismatched input '}' expecting {'(', '{'} [@1586,6850:6850='}',<149>,237:42] (taclet, rulesOrAxioms, decls, file) 
302498     WARN  Test worker     d.u.i.k.n.KeYParser       [syntax-error] file:/home/runner/work/key/key/key.core/build/resources/main/de/uka/ilkd/key/proof/rules/ifThenElseRules.key:238:34: mismatched input '}' expecting {'(', '{'} [@1599,6891:6891='}',<149>,238:34] (taclet, rulesOrAxioms, decls, file) 
302498     WARN  Test worker     d.u.i.k.n.KeYParser       [syntax-error] file:/home/runner/work/key/key/key.core/build/resources/main/de/uka/ilkd/key/proof/rules/ifThenElseRules.key:239:28: extraneous input '(' expecting {'\lemma', '}', IDENT, '/*!'} [@1608,6925:6925='(',<146>,239:28] (rulesOrAxioms, decls, file) 
302498     WARN  Test worker     d.u.i.k.n.KeYParser       [syntax-error] file:/home/runner/work/key/key/key.core/build/resources/main/de/uka/ilkd/key/proof/rules/ifThenElseRules.key:239:33: mismatched input '->' expecting {'(', '{'} [@1611,6930:6931='->',<158>,239:33] (taclet, rulesOrAxioms, decls, file) 
302498     WARN  Test worker     d.u.i.k.n.KeYParser       [syntax-error] file:/home/runner/work/key/key/key.core/build/resources/main/de/uka/ilkd/key/proof/rules/ifThenElseRules.key:240:8: extraneous input '\replacewith' expecting {'\lemma', '}', IDENT, '/*!'} [@1626,6979:6990='\replacewith',<105>,240:8] (rulesOrAxioms, decls, file) 
302498     WARN  Test worker     d.u.i.k.n.KeYParser       [syntax-error] file:/home/runner/work/key/key/key.core/build/resources/main/de/uka/ilkd/key/proof/rules/ifThenElseRules.key:240:25: mismatched input ')' expecting {'(', '{'} [@1629,6996:6996=')',<147>,240:25] (taclet, rulesOrAxioms, decls, file) 
302498     WARN  Test worker     d.u.i.k.n.KeYParser       [syntax-error] file:/home/runner/work/key/key/key.core/build/resources/main/de/uka/ilkd/key/proof/rules/ifThenElseRules.key:240:56: mismatched input ')' expecting {'(', '{'} [@1642,7027:7027=')',<147>,240:56] (taclet, rulesOrAxioms, decls, file) 
302498     WARN  Test worker     d.u.i.k.n.KeYParser       [syntax-error] file:/home/runner/work/key/key/key.core/build/resources/main/de/uka/ilkd/key/proof/rules/ifThenElseRules.key:245:14: mismatched input '\ifExintVar' expecting {MODALITY, FORALL, EXISTS, '\if', '\ifEx', 'true', 'false', '(', '{', '@', NOT, SEQARROW, '-', STRING_LITERAL, CHAR_LITERAL, BIN_LITERAL, HEX_LITERAL, IDENT, INT_LITERAL, FLOAT_LITERAL, DOUBLE_LITERAL, REAL_LITERAL} [@1658,7109:7119='\ifExintVar',<188>,245:14] (termorseq, taclet, rulesOrAxioms, decls, file) 
302498     WARN  Test worker     d.u.i.k.n.KeYParser       [syntax-error] file:/home/runner/work/key/key/key.core/build/resources/main/de/uka/ilkd/key/proof/rules/ifThenElseRules.key:245:27: extraneous input '(' expecting {'\lemma', '}', IDENT, '/*!'} [@1661,7122:7122='(',<146>,245:27] (rulesOrAxioms, decls, file) 
302498     WARN  Test worker     d.u.i.k.n.KeYParser       [syntax-error] file:/home/runner/work/key/key/key.core/build/resources/main/de/uka/ilkd/key/proof/rules/ifThenElseRules.key:245:31: mismatched input ')' expecting {'(', '{'} [@1663,7126:7126=')',<147>,245:31] (taclet, rulesOrAxioms, decls, file) 
302498     WARN  Test worker     d.u.i.k.n.KeYParser       [syntax-error] file:/home/runner/work/key/key/key.core/build/resources/main/de/uka/ilkd/key/proof/rules/ifThenElseRules.key:248:45: mismatched input '}' expecting {'(', '{'} [@1696,7268:7268='}',<149>,248:45] (taclet, rulesOrAxioms, decls, file) 
302498     WARN  Test worker     d.u.i.k.n.KeYParser       [syntax-error] file:/home/runner/work/key/key/key.core/build/resources/main/de/uka/ilkd/key/proof/rules/ifThenElseRules.key:249:8: extraneous input '\replacewith' expecting {'\lemma', '}', IDENT, '/*!'} [@1701,7284:7295='\replacewith',<105>,249:8] (rulesOrAxioms, decls, file) 
302498     WARN  Test worker     d.u.i.k.n.KeYParser       [syntax-error] file:/home/runner/work/key/key/key.core/build/resources/main/de/uka/ilkd/key/proof/rules/ifThenElseRules.key:249:38: mismatched input ')' expecting {'(', '{'} [@1708,7314:7314=')',<147>,249:38] (taclet, rulesOrAxioms, decls, file) 
302498     WARN  Test worker     d.u.i.k.n.KeYParser       [syntax-error] file:/home/runner/work/key/key/key.core/build/resources/main/de/uka/ilkd/key/proof/rules/ifThenElseRules.key:250:42: mismatched input '}' expecting {'(', '{'} [@1731,7381:7381='}',<149>,250:42] (taclet, rulesOrAxioms, decls, file) 
302498     WARN  Test worker     d.u.i.k.n.KeYParser       [syntax-error] file:/home/runner/work/key/key/key.core/build/resources/main/de/uka/ilkd/key/proof/rules/ifThenElseRules.key:251:28: extraneous input '(' expecting {'\lemma', '}', IDENT, '/*!'} [@1741,7416:7416='(',<146>,251:28] (rulesOrAxioms, decls, file) 
302498     WARN  Test worker     d.u.i.k.n.KeYParser       [syntax-error] file:/home/runner/work/key/key/key.core/build/resources/main/de/uka/ilkd/key/proof/rules/ifThenElseRules.key:251:33: mismatched input '->' expecting {'(', '{'} [@1744,7421:7422='->',<158>,251:33] (taclet, rulesOrAxioms, decls, file) 
302498     WARN  Test worker     d.u.i.k.n.KeYParser       [syntax-error] file:/home/runner/work/key/key/key.core/build/resources/main/de/uka/ilkd/key/proof/rules/ifThenElseRules.key:255:14: mismatched input '\ifExintVar' expecting {MODALITY, FORALL, EXISTS, '\if', '\ifEx', 'true', 'false', '(', '{', '@', NOT, SEQARROW, '-', STRING_LITERAL, CHAR_LITERAL, BIN_LITERAL, HEX_LITERAL, IDENT, INT_LITERAL, FLOAT_LITERAL, DOUBLE_LITERAL, REAL_LITERAL} [@1765,7506:7516='\ifExintVar',<188>,255:14] (termorseq, taclet, rulesOrAxioms, decls, file) 
302498     WARN  Test worker     d.u.i.k.n.KeYParser       [syntax-error] file:/home/runner/work/key/key/key.core/build/resources/main/de/uka/ilkd/key/proof/rules/ifThenElseRules.key:255:27: extraneous input '(' expecting {'\lemma', '}', IDENT, '/*!'} [@1768,7519:7519='(',<146>,255:27] (rulesOrAxioms, decls, file) 
302498     WARN  Test worker     d.u.i.k.n.KeYParser       [syntax-error] file:/home/runner/work/key/key/key.core/build/resources/main/de/uka/ilkd/key/proof/rules/ifThenElseRules.key:255:31: mismatched input ')' expecting {'(', '{'} [@1770,7523:7523=')',<147>,255:31] (taclet, rulesOrAxioms, decls, file) 
302498     WARN  Test worker     d.u.i.k.n.KeYParser       [syntax-error] file:/home/runner/work/key/key/key.core/build/resources/main/de/uka/ilkd/key/proof/rules/ifThenElseRules.key:258:52: extraneous input '0' expecting {'\lemma', '}', IDENT, '/*!'} [@1809,7667:7667='0',<184>,258:52] (rulesOrAxioms, decls, file) 
302499     WARN  Test worker     d.u.i.k.n.KeYParser       [syntax-error] file:/home/runner/work/key/key/key.core/build/resources/main/de/uka/ilkd/key/proof/rules/ifThenElseRules.key:258:54: mismatched input 'then' expecting {<EOF>, '\problem', '\chooseContract', '\proofObligation', '\proof'} [@1811,7669:7672='then',<183>,258:54] (file) 
302499     ERROR Test worker     d.u.i.k.s.n.MasterHandlerTest Error reading /home/runner/work/key/key/key.core/build/resources/test/de/uka/ilkd/key/smt/newsmt2/cases/ex2.props de.uka.ilkd.key.proof.io.ProblemLoaderException: line 135:14 mismatched input '\ifExintVar' expecting {MODALITY, FORALL, EXISTS, '\if', '\ifEx', 'true', 'false', '(', '{', '@', NOT, SEQARROW, '-', STRING_LITERAL, CHAR_LITERAL, BIN_LITERAL, HEX_LITERAL, IDENT, INT_LITERAL, FLOAT_LITERAL, DOUBLE_LITERAL, REAL_LITERAL}
line 135:27 extraneous input '(' expecting {'\lemma', '}', IDENT, '/*!'}
line 135:44 mismatched input ')' expecting {'(', '{'}
line 141:14 mismatched input '\ifExintVar' expecting {MODALITY, FORALL, EXISTS, '\if', '\ifEx', 'true', 'false', '(', '{', '@', NOT, SEQARROW, '-', STRING_LITERAL, CHAR_LITERAL, BIN_LITERAL, HEX_LITERAL, IDENT, INT_LITERAL, FLOAT_LITERAL, DOUBLE_LITERAL, REAL_LITERAL}
line 141:27 extraneous input '(' expecting {'\lemma', '}', IDENT, '/*!'}
line 141:41 mismatched input ')' expecting {'(', '{'}
line 148:14 mismatched input '\ifExintVar' expecting {MODALITY, FORALL, EXISTS, '\if', '\ifEx', 'true', 'false', '(', '{', '@', NOT, SEQARROW, '-', STRING_LITERAL, CHAR_LITERAL, BIN_LITERAL, HEX_LITERAL, IDENT, INT_LITERAL, FLOAT_LITERAL, DOUBLE_LITERAL, REAL_LITERAL}
line 148:27 extraneous input '(' expecting {'\lemma', '}', IDENT, '/*!'}
line 148:35 mismatched input '=' expecting {'(', '{'}
line 150:38 mismatched input '}' expecting {'(', '{'}
line 155:14 mismatched input '\ifExintVar' expecting {MODALITY, FORALL, EXISTS, '\if', '\ifEx', 'true', 'false', '(', '{', '@', NOT, SEQARROW, '-', STRING_LITERAL, CHAR_LITERAL, BIN_LITERAL, HEX_LITERAL, IDENT, INT_LITERAL, FLOAT_LITERAL, DOUBLE_LITERAL, REAL_LITERAL}
line 155:27 extraneous input '(' expecting {'\lemma', '}', IDENT, '/*!'}
line 155:35 mismatched input '=' expecting {'(', '{'}
line 157:38 mismatched input '}' expecting {'(', '{'}
line 163:14 mismatched input '\ifExintVar' expecting {MODALITY, FORALL, EXISTS, '\if', '\ifEx', 'true', 'false', '(', '{', '@', NOT, SEQARROW, '-', STRING_LITERAL, CHAR_LITERAL, BIN_LITERAL, HEX_LITERAL, IDENT, INT_LITERAL, FLOAT_LITERAL, DOUBLE_LITERAL, REAL_LITERAL}
line 163:27 extraneous input '(' expecting {'\lemma', '}', IDENT, '/*!'}
line 163:30 mismatched input '=' expecting {'(', '{'}
line 165:38 mismatched input '}' expecting {'(', '{'}
line 171:14 mismatched input '\ifExintVar' expecting {MODALITY, FORALL, EXISTS, '\if', '\ifEx', 'true', 'false', '(', '{', '@', NOT, SEQARROW, '-', STRING_LITERAL, CHAR_LITERAL, BIN_LITERAL, HEX_LITERAL, IDENT, INT_LITERAL, FLOAT_LITERAL, DOUBLE_LITERAL, REAL_LITERAL}
line 171:27 extraneous input '(' expecting {'\lemma', '}', IDENT, '/*!'}
line 171:30 mismatched input '=' expecting {'(', '{'}
line 173:38 mismatched input '}' expecting {'(', '{'}
line 179:14 mismatched input '\ifExintVar' expecting {MODALITY, FORALL, EXISTS, '\if', '\ifEx', 'true', 'false', '(', '{', '@', NOT, SEQARROW, '-', STRING_LITERAL, CHAR_LITERAL, BIN_LITERAL, HEX_LITERAL, IDENT, INT_LITERAL, FLOAT_LITERAL, DOUBLE_LITERAL, REAL_LITERAL}
line 179:27 extraneous input '(' expecting {'\lemma', '}', IDENT, '/*!'}
line 179:32 mismatched input '&' expecting {'(', '{'}
line 181:42 mismatched input '}' expecting {'(', '{'}
line 182:39 mismatched input '}' expecting {'(', '{'}
line 188:14 mismatched input '\ifExintVar' expecting {MODALITY, FORALL, EXISTS, '\if', '\ifEx', 'true', 'false', '(', '{', '@', NOT, SEQARROW, '-', STRING_LITERAL, CHAR_LITERAL, BIN_LITERAL, HEX_LITERAL, IDENT, INT_LITERAL, FLOAT_LITERAL, DOUBLE_LITERAL, REAL_LITERAL}
line 188:27 extraneous input '(' expecting {'\lemma', '}', IDENT, '/*!'}
line 188:32 mismatched input '&' expecting {'(', '{'}
line 190:42 mismatched input '}' expecting {'(', '{'}
line 191:39 mismatched input '}' expecting {'(', '{'}
line 198:14 mismatched input '\ifExintVar' expecting {MODALITY, FORALL, EXISTS, '\if', '\ifEx', 'true', 'false', '(', '{', '@', NOT, SEQARROW, '-', STRING_LITERAL, CHAR_LITERAL, BIN_LITERAL, HEX_LITERAL, IDENT, INT_LITERAL, FLOAT_LITERAL, DOUBLE_LITERAL, REAL_LITERAL}
line 198:27 extraneous input '(' expecting {'\lemma', '}', IDENT, '/*!'}
line 198:32 mismatched input '&' expecting {'(', '{'}
line 200:42 mismatched input '}' expecting {'(', '{'}
line 201:39 mismatched input '}' expecting {'(', '{'}
line 208:14 mismatched input '\ifExintVar' expecting {MODALITY, FORALL, EXISTS, '\if', '\ifEx', 'true', 'false', '(', '{', '@', NOT, SEQARROW, '-', STRING_LITERAL, CHAR_LITERAL, BIN_LITERAL, HEX_LITERAL, IDENT, INT_LITERAL, FLOAT_LITERAL, DOUBLE_LITERAL, REAL_LITERAL}
line 208:27 extraneous input '(' expecting {'\lemma', '}', IDENT, '/*!'}
line 208:32 mismatched input '&' expecting {'(', '{'}
line 210:42 mismatched input '}' expecting {'(', '{'}
line 211:39 mismatched input '}' expecting {'(', '{'}
line 218:14 mismatched input '\ifExintVar' expecting {MODALITY, FORALL, EXISTS, '\if', '\ifEx', 'true', 'false', '(', '{', '@', NOT, SEQARROW, '-', STRING_LITERAL, CHAR_LITERAL, BIN_LITERAL, HEX_LITERAL, IDENT, INT_LITERAL, FLOAT_LITERAL, DOUBLE_LITERAL, REAL_LITERAL}
line 218:27 extraneous input '(' expecting {'\lemma', '}', IDENT, '/*!'}
line 218:31 mismatched input ')' expecting {'(', '{'}
line 220:44 mismatched input ')' expecting {'(', '{'}
line 225:14 mismatched input '\ifExintVar' expecting {MODALITY, FORALL, EXISTS, '\if', '\ifEx', 'true', 'false', '(', '{', '@', NOT, SEQARROW, '-', STRING_LITERAL, CHAR_LITERAL, BIN_LITERAL, HEX_LITERAL, IDENT, INT_LITERAL, FLOAT_LITERAL, DOUBLE_LITERAL, REAL_LITERAL}
line 225:27 extraneous input '(' expecting {'\lemma', '}', IDENT, '/*!'}
line 225:31 mismatched input ')' expecting {'(', '{'}
line 227:44 mismatched input ')' expecting {'(', '{'}
line 233:14 mismatched input '\ifExintVar' expecting {MODALITY, FORALL, EXISTS, '\if', '\ifEx', 'true', 'false', '(', '{', '@', NOT, SEQARROW, '-', STRING_LITERAL, CHAR_LITERAL, BIN_LITERAL, HEX_LITERAL, IDENT, INT_LITERAL, FLOAT_LITERAL, DOUBLE_LITERAL, REAL_LITERAL}
line 233:27 extraneous input '(' expecting {'\lemma', '}', IDENT, '/*!'}
line 233:31 mismatched input ')' expecting {'(', '{'}
line 237:42 mismatched input '}' expecting {'(', '{'}
line 238:34 mismatched input '}' expecting {'(', '{'}
line 239:28 extraneous input '(' expecting {'\lemma', '}', IDENT, '/*!'}
line 239:33 mismatched input '->' expecting {'(', '{'}
line 240:8 extraneous input '\replacewith' expecting {'\lemma', '}', IDENT, '/*!'}
line 240:25 mismatched input ')' expecting {'(', '{'}
line 240:56 mismatched input ')' expecting {'(', '{'}
line 245:14 mismatched input '\ifExintVar' expecting {MODALITY, FORALL, EXISTS, '\if', '\ifEx', 'true', 'false', '(', '{', '@', NOT, SEQARROW, '-', STRING_LITERAL, CHAR_LITERAL, BIN_LITERAL, HEX_LITERAL, IDENT, INT_LITERAL, FLOAT_LITERAL, DOUBLE_LITERAL, REAL_LITERAL}
line 245:27 extraneous input '(' expecting {'\lemma', '}', IDENT, '/*!'}
line 245:31 mismatched input ')' expecting {'(', '{'}
line 248:45 mismatched input '}' expecting {'(', '{'}
line 249:8 extraneous input '\replacewith' expecting {'\lemma', '}', IDENT, '/*!'}
line 249:38 mismatched input ')' expecting {'(', '{'}
line 250:42 mismatched input '}' expecting {'(', '{'}
line 251:28 extraneous input '(' expecting {'\lemma', '}', IDENT, '/*!'}
line 251:33 mismatched input '->' expecting {'(', '{'}
line 255:14 mismatched input '\ifExintVar' expecting {MODALITY, FORALL, EXISTS, '\if', '\ifEx', 'true', 'false', '(', '{', '@', NOT, SEQARROW, '-', STRING_LITERAL, CHAR_LITERAL, BIN_LITERAL, HEX_LITERAL, IDENT, INT_LITERAL, FLOAT_LITERAL, DOUBLE_LITERAL, REAL_LITERAL}
line 255:27 extraneous input '(' expecting {'\lemma', '}', IDENT, '/*!'}
line 255:31 mismatched input ')' expecting {'(', '{'}
line 258:52 extraneous input '0' expecting {'\lemma', '}', IDENT, '/*!'}
line 258:54 mismatched input 'then' expecting {<EOF>, '\problem', '\chooseContract', '\proofObligation', '\proof'}

	at de.uka.ilkd.key.control.AbstractUserInterfaceControl.load(AbstractUserInterfaceControl.java:221)
Caused by: de.uka.ilkd.key.proof.init.ProofInputException: line 135:14 mismatched input '\ifExintVar' expecting {MODALITY, FORALL, EXISTS, '\if', '\ifEx', 'true', 'false', '(', '{', '@', NOT, SEQARROW, '-', STRING_LITERAL, CHAR_LITERAL, BIN_LITERAL, HEX_LITERAL, IDENT, INT_LITERAL, FLOAT_LITERAL, DOUBLE_LITERAL, REAL_LITERAL}
line 135:27 extraneous input '(' expecting {'\lemma', '}', IDENT, '/*!'}
line 135:44 mismatched input ')' expecting {'(', '{'}
line 141:14 mismatched input '\ifExintVar' expecting {MODALITY, FORALL, EXISTS, '\if', '\ifEx', 'true', 'false', '(', '{', '@', NOT, SEQARROW, '-', STRING_LITERAL, CHAR_LITERAL, BIN_LITERAL, HEX_LITERAL, IDENT, INT_LITERAL, FLOAT_LITERAL, DOUBLE_LITERAL, REAL_LITERAL}
line 141:27 extraneous input '(' expecting {'\lemma', '}', IDENT, '/*!'}
line 141:41 mismatched input ')' expecting {'(', '{'}
line 148:14 mismatched input '\ifExintVar' expecting {MODALITY, FORALL, EXISTS, '\if', '\ifEx', 'true', 'false', '(', '{', '@', NOT, SEQARROW, '-', STRING_LITERAL, CHAR_LITERAL, BIN_LITERAL, HEX_LITERAL, IDENT, INT_LITERAL, FLOAT_LITERAL, DOUBLE_LITERAL, REAL_LITERAL}
line 148:27 extraneous input '(' expecting {'\lemma', '}', IDENT, '/*!'}
line 148:35 mismatched input '=' expecting {'(', '{'}
line 150:38 mismatched input '}' expecting {'(', '{'}
line 155:14 mismatched input '\ifExintVar' expecting {MODALITY, FORALL, EXISTS, '\if', '\ifEx', 'true', 'false', '(', '{', '@', NOT, SEQARROW, '-', STRING_LITERAL, CHAR_LITERAL, BIN_LITERAL, HEX_LITERAL, IDENT, INT_LITERAL, FLOAT_LITERAL, DOUBLE_LITERAL, REAL_LITERAL}
line 155:27 extraneous input '(' expecting {'\lemma', '}', IDENT, '/*!'}
line 155:35 mismatched input '=' expecting {'(', '{'}
line 157:38 mismatched input '}' expecting {'(', '{'}
line 163:14 mismatched input '\ifExintVar' expecting {MODALITY, FORALL, EXISTS, '\if', '\ifEx', 'true', 'false', '(', '{', '@', NOT, SEQARROW, '-', STRING_LITERAL, CHAR_LITERAL, BIN_LITERAL, HEX_LITERAL, IDENT, INT_LITERAL, FLOAT_LITERAL, DOUBLE_LITERAL, REAL_LITERAL}
line 163:27 extraneous input '(' expecting {'\lemma', '}', IDENT, '/*!'}
line 163:30 mismatched input '=' expecting {'(', '{'}
line 165:38 mismatched input '}' expecting {'(', '{'}
line 171:14 mismatched input '\ifExintVar' expecting {MODALITY, FORALL, EXISTS, '\if', '\ifEx', 'true', 'false', '(', '{', '@', NOT, SEQARROW, '-', STRING_LITERAL, CHAR_LITERAL, BIN_LITERAL, HEX_LITERAL, IDENT, INT_LITERAL, FLOAT_LITERAL, DOUBLE_LITERAL, REAL_LITERAL}
line 171:27 extraneous input '(' expecting {'\lemma', '}', IDENT, '/*!'}
line 171:30 mismatched input '=' expecting {'(', '{'}
line 173:38 mismatched input '}' expecting {'(', '{'}
line 179:14 mismatched input '\ifExintVar' expecting {MODALITY, FORALL, EXISTS, '\if', '\ifEx', 'true', 'false', '(', '{', '@', NOT, SEQARROW, '-', STRING_LITERAL, CHAR_LITERAL, BIN_LITERAL, HEX_LITERAL, IDENT, INT_LITERAL, FLOAT_LITERAL, DOUBLE_LITERAL, REAL_LITERAL}
line 179:27 extraneous input '(' expecting {'\lemma', '}', IDENT, '/*!'}
line 179:32 mismatched input '&' expecting {'(', '{'}
line 181:42 mismatched input '}' expecting {'(', '{'}
line 182:39 mismatched input '}' expecting {'(', '{'}
line 188:14 mismatched input '\ifExintVar' expecting {MODALITY, FORALL, EXISTS, '\if', '\ifEx', 'true', 'false', '(', '{', '@', NOT, SEQARROW, '-', STRING_LITERAL, CHAR_LITERAL, BIN_LITERAL, HEX_LITERAL, IDENT, INT_LITERAL, FLOAT_LITERAL, DOUBLE_LITERAL, REAL_LITERAL}
line 188:27 extraneous input '(' expecting {'\lemma', '}', IDENT, '/*!'}
line 188:32 mismatched input '&' expecting {'(', '{'}
line 190:42 mismatched input '}' expecting {'(', '{'}
line 191:39 mismatched input '}' expecting {'(', '{'}
line 198:14 mismatched input '\ifExintVar' expecting {MODALITY, FORALL, EXISTS, '\if', '\ifEx', 'true', 'false', '(', '{', '@', NOT, SEQARROW, '-', STRING_LITERAL, CHAR_LITERAL, BIN_LITERAL, HEX_LITERAL, IDENT, INT_LITERAL, FLOAT_LITERAL, DOUBLE_LITERAL, REAL_LITERAL}
line 198:27 extraneous input '(' expecting {'\lemma', '}', IDENT, '/*!'}
line 198:32 mismatched input '&' expecting {'(', '{'}
line 200:42 mismatched input '}' expecting {'(', '{'}
line 201:39 mismatched input '}' expecting {'(', '{'}
line 208:14 mismatched input '\ifExintVar' expecting {MODALITY, FORALL, EXISTS, '\if', '\ifEx', 'true', 'false', '(', '{', '@', NOT, SEQARROW, '-', STRING_LITERAL, CHAR_LITERAL, BIN_LITERAL, HEX_LITERAL, IDENT, INT_LITERAL, FLOAT_LITERAL, DOUBLE_LITERAL, REAL_LITERAL}
line 208:27 extraneous input '(' expecting {'\lemma', '}', IDENT, '/*!'}
line 208:32 mismatched input '&' expecting {'(', '{'}
line 210:42 mismatched input '}' expecting {'(', '{'}
line 211:39 mismatched input '}' expecting {'(', '{'}
line 218:14 mismatched input '\ifExintVar' expecting {MODALITY, FORALL, EXISTS, '\if', '\ifEx', 'true', 'false', '(', '{', '@', NOT, SEQARROW, '-', STRING_LITERAL, CHAR_LITERAL, BIN_LITERAL, HEX_LITERAL, IDENT, INT_LITERAL, FLOAT_LITERAL, DOUBLE_LITERAL, REAL_LITERAL}
line 218:27 extraneous input '(' expecting {'\lemma', '}', IDENT, '/*!'}
line 218:31 mismatched input ')' expecting {'(', '{'}
line 220:44 mismatched input ')' expecting {'(', '{'}
line 225:14 mismatched input '\ifExintVar' expecting {MODALITY, FORALL, EXISTS, '\if', '\ifEx', 'true', 'false', '(', '{', '@', NOT, SEQARROW, '-', STRING_LITERAL, CHAR_LITERAL, BIN_LITERAL, HEX_LITERAL, IDENT, INT_LITERAL, FLOAT_LITERAL, DOUBLE_LITERAL, REAL_LITERAL}
line 225:27 extraneous input '(' expecting {'\lemma', '}', IDENT, '/*!'}
line 225:31 mismatched input ')' expecting {'(', '{'}
line 227:44 mismatched input ')' expecting {'(', '{'}
line 233:14 mismatched input '\ifExintVar' expecting {MODALITY, FORALL, EXISTS, '\if', '\ifEx', 'true', 'false', '(', '{', '@', NOT, SEQARROW, '-', STRING_LITERAL, CHAR_LITERAL, BIN_LITERAL, HEX_LITERAL, IDENT, INT_LITERAL, FLOAT_LITERAL, DOUBLE_LITERAL, REAL_LITERAL}
line 233:27 extraneous input '(' expecting {'\lemma', '}', IDENT, '/*!'}
line 233:31 mismatched input ')' expecting {'(', '{'}
line 237:42 mismatched input '}' expecting {'(', '{'}
line 238:34 mismatched input '}' expecting {'(', '{'}
line 239:28 extraneous input '(' expecting {'\lemma', '}', IDENT, '/*!'}
line 239:33 mismatched input '->' expecting {'(', '{'}
line 240:8 extraneous input '\replacewith' expecting {'\lemma', '}', IDENT, '/*!'}
line 240:25 mismatched input ')' expecting {'(', '{'}
line 240:56 mismatched input ')' expecting {'(', '{'}
line 245:14 mismatched input '\ifExintVar' expecting {MODALITY, FORALL, EXISTS, '\if', '\ifEx', 'true', 'false', '(', '{', '@', NOT, SEQARROW, '-', STRING_LITERAL, CHAR_LITERAL, BIN_LITERAL, HEX_LITERAL, IDENT, INT_LITERAL, FLOAT_LITERAL, DOUBLE_LITERAL, REAL_LITERAL}
line 245:27 extraneous input '(' expecting {'\lemma', '}', IDENT, '/*!'}
line 245:31 mismatched input ')' expecting {'(', '{'}
line 248:45 mismatched input '}' expecting {'(', '{'}
line 249:8 extraneous input '\replacewith' expecting {'\lemma', '}', IDENT, '/*!'}
line 249:38 mismatched input ')' expecting {'(', '{'}
line 250:42 mismatched input '}' expecting {'(', '{'}
line 251:28 extraneous input '(' expecting {'\lemma', '}', IDENT, '/*!'}
line 251:33 mismatched input '->' expecting {'(', '{'}
line 255:14 mismatched input '\ifExintVar' expecting {MODALITY, FORALL, EXISTS, '\if', '\ifEx', 'true', 'false', '(', '{', '@', NOT, SEQARROW, '-', STRING_LITERAL, CHAR_LITERAL, BIN_LITERAL, HEX_LITERAL, IDENT, INT_LITERAL, FLOAT_LITERAL, DOUBLE_LITERAL, REAL_LITERAL}
line 255:27 extraneous input '(' expecting {'\lemma', '}', IDENT, '/*!'}
line 255:31 mismatched input ')' expecting {'(', '{'}
line 258:52 extraneous input '0' expecting {'\lemma', '}', IDENT, '/*!'}
line 258:54 mismatched input 'then' expecting {<EOF>, '\problem', '\chooseContract', '\proofObligation', '\proof'}

	at de.uka.ilkd.key.proof.io.KeYFile.readIncludes(KeYFile.java:210)
Caused by: de.uka.ilkd.key.util.parsing.SyntaxErrorReporter$ParserException: line 135:14 mismatched input '\ifExintVar' expecting {MODALITY, FORALL, EXISTS, '\if', '\ifEx', 'true', 'false', '(', '{', '@', NOT, SEQARROW, '-', STRING_LITERAL, CHAR_LITERAL, BIN_LITERAL, HEX_LITERAL, IDENT, INT_LITERAL, FLOAT_LITERAL, DOUBLE_LITERAL, REAL_LITERAL}
line 135:27 extraneous input '(' expecting {'\lemma', '}', IDENT, '/*!'}
line 135:44 mismatched input ')' expecting {'(', '{'}
line 141:14 mismatched input '\ifExintVar' expecting {MODALITY, FORALL, EXISTS, '\if', '\ifEx', 'true', 'false', '(', '{', '@', NOT, SEQARROW, '-', STRING_LITERAL, CHAR_LITERAL, BIN_LITERAL, HEX_LITERAL, IDENT, INT_LITERAL, FLOAT_LITERAL, DOUBLE_LITERAL, REAL_LITERAL}
line 141:27 extraneous input '(' expecting {'\lemma', '}', IDENT, '/*!'}
line 141:41 mismatched input ')' expecting {'(', '{'}
line 148:14 mismatched input '\ifExintVar' expecting {MODALITY, FORALL, EXISTS, '\if', '\ifEx', 'true', 'false', '(', '{', '@', NOT, SEQARROW, '-', STRING_LITERAL, CHAR_LITERAL, BIN_LITERAL, HEX_LITERAL, IDENT, INT_LITERAL, FLOAT_LITERAL, DOUBLE_LITERAL, REAL_LITERAL}
line 148:27 extraneous input '(' expecting {'\lemma', '}', IDENT, '/*!'}
line 148:35 mismatched input '=' expecting {'(', '{'}
line 150:38 mismatched input '}' expecting {'(', '{'}
line 155:14 mismatched input '\ifExintVar' expecting {MODALITY, FORALL, EXISTS, '\if', '\ifEx', 'true', 'false', '(', '{', '@', NOT, SEQARROW, '-', STRING_LITERAL, CHAR_LITERAL, BIN_LITERAL, HEX_LITERAL, IDENT, INT_LITERAL, FLOAT_LITERAL, DOUBLE_LITERAL, REAL_LITERAL}
line 155:27 extraneous input '(' expecting {'\lemma', '}', IDENT, '/*!'}
line 155:35 mismatched input '=' expecting {'(', '{'}
line 157:38 mismatched input '}' expecting {'(', '{'}
line 163:14 mismatched input '\ifExintVar' expecting {MODALITY, FORALL, EXISTS, '\if', '\ifEx', 'true', 'false', '(', '{', '@', NOT, SEQARROW, '-', STRING_LITERAL, CHAR_LITERAL, BIN_LITERAL, HEX_LITERAL, IDENT, INT_LITERAL, FLOAT_LITERAL, DOUBLE_LITERAL, REAL_LITERAL}
line 163:27 extraneous input '(' expecting {'\lemma', '}', IDENT, '/*!'}
line 163:30 mismatched input '=' expecting {'(', '{'}
line 165:38 mismatched input '}' expecting {'(', '{'}
line 171:14 mismatched input '\ifExintVar' expecting {MODALITY, FORALL, EXISTS, '\if', '\ifEx', 'true', 'false', '(', '{', '@', NOT, SEQARROW, '-', STRING_LITERAL, CHAR_LITERAL, BIN_LITERAL, HEX_LITERAL, IDENT, INT_LITERAL, FLOAT_LITERAL, DOUBLE_LITERAL, REAL_LITERAL}
line 171:27 extraneous input '(' expecting {'\lemma', '}', IDENT, '/*!'}
line 171:30 mismatched input '=' expecting {'(', '{'}
line 173:38 mismatched input '}' expecting {'(', '{'}
line 179:14 mismatched input '\ifExintVar' expecting {MODALITY, FORALL, EXISTS, '\if', '\ifEx', 'true', 'false', '(', '{', '@', NOT, SEQARROW, '-', STRING_LITERAL, CHAR_LITERAL, BIN_LITERAL, HEX_LITERAL, IDENT, INT_LITERAL, FLOAT_LITERAL, DOUBLE_LITERAL, REAL_LITERAL}
line 179:27 extraneous input '(' expecting {'\lemma', '}', IDENT, '/*!'}
line 179:32 mismatched input '&' expecting {'(', '{'}
line 181:42 mismatched input '}' expecting {'(', '{'}
line 182:39 mismatched input '}' expecting {'(', '{'}
line 188:14 mismatched input '\ifExintVar' expecting {MODALITY, FORALL, EXISTS, '\if', '\ifEx', 'true', 'false', '(', '{', '@', NOT, SEQARROW, '-', STRING_LITERAL, CHAR_LITERAL, BIN_LITERAL, HEX_LITERAL, IDENT, INT_LITERAL, FLOAT_LITERAL, DOUBLE_LITERAL, REAL_LITERAL}
line 188:27 extraneous input '(' expecting {'\lemma', '}', IDENT, '/*!'}
line 188:32 mismatched input '&' expecting {'(', '{'}
line 190:42 mismatched input '}' expecting {'(', '{'}
line 191:39 mismatched input '}' expecting {'(', '{'}
line 198:14 mismatched input '\ifExintVar' expecting {MODALITY, FORALL, EXISTS, '\if', '\ifEx', 'true', 'false', '(', '{', '@', NOT, SEQARROW, '-', STRING_LITERAL, CHAR_LITERAL, BIN_LITERAL, HEX_LITERAL, IDENT, INT_LITERAL, FLOAT_LITERAL, DOUBLE_LITERAL, REAL_LITERAL}
line 198:27 extraneous input '(' expecting {'\lemma', '}', IDENT, '/*!'}
line 198:32 mismatched input '&' expecting {'(', '{'}
line 200:42 mismatched input '}' expecting {'(', '{'}
line 201:39 mismatched input '}' expecting {'(', '{'}
line 208:14 mismatched input '\ifExintVar' expecting {MODALITY, FORALL, EXISTS, '\if', '\ifEx', 'true', 'false', '(', '{', '@', NOT, SEQARROW, '-', STRING_LITERAL, CHAR_LITERAL, BIN_LITERAL, HEX_LITERAL, IDENT, INT_LITERAL, FLOAT_LITERAL, DOUBLE_LITERAL, REAL_LITERAL}
line 208:27 extraneous input '(' expecting {'\lemma', '}', IDENT, '/*!'}
line 208:32 mismatched input '&' expecting {'(', '{'}
line 210:42 mismatched input '}' expecting {'(', '{'}
line 211:39 mismatched input '}' expecting {'(', '{'}
line 218:14 mismatched input '\ifExintVar' expecting {MODALITY, FORALL, EXISTS, '\if', '\ifEx', 'true', 'false', '(', '{', '@', NOT, SEQARROW, '-', STRING_LITERAL, CHAR_LITERAL, BIN_LITERAL, HEX_LITERAL, IDENT, INT_LITERAL, FLOAT_LITERAL, DOUBLE_LITERAL, REAL_LITERAL}
line 218:27 extraneous input '(' expecting {'\lemma', '}', IDENT, '/*!'}
line 218:31 mismatched input ')' expecting {'(', '{'}
line 220:44 mismatched input ')' expecting {'(', '{'}
line 225:14 mismatched input '\ifExintVar' expecting {MODALITY, FORALL, EXISTS, '\if', '\ifEx', 'true', 'false', '(', '{', '@', NOT, SEQARROW, '-', STRING_LITERAL, CHAR_LITERAL, BIN_LITERAL, HEX_LITERAL, IDENT, INT_LITERAL, FLOAT_LITERAL, DOUBLE_LITERAL, REAL_LITERAL}
line 225:27 extraneous input '(' expecting {'\lemma', '}', IDENT, '/*!'}
line 225:31 mismatched input ')' expecting {'(', '{'}
line 227:44 mismatched input ')' expecting {'(', '{'}
line 233:14 mismatched input '\ifExintVar' expecting {MODALITY, FORALL, EXISTS, '\if', '\ifEx', 'true', 'false', '(', '{', '@', NOT, SEQARROW, '-', STRING_LITERAL, CHAR_LITERAL, BIN_LITERAL, HEX_LITERAL, IDENT, INT_LITERAL, FLOAT_LITERAL, DOUBLE_LITERAL, REAL_LITERAL}
line 233:27 extraneous input '(' expecting {'\lemma', '}', IDENT, '/*!'}
line 233:31 mismatched input ')' expecting {'(', '{'}
line 237:42 mismatched input '}' expecting {'(', '{'}
line 238:34 mismatched input '}' expecting {'(', '{'}
line 239:28 extraneous input '(' expecting {'\lemma', '}', IDENT, '/*!'}
line 239:33 mismatched input '->' expecting {'(', '{'}
line 240:8 extraneous input '\replacewith' expecting {'\lemma', '}', IDENT, '/*!'}
line 240:25 mismatched input ')' expecting {'(', '{'}
line 240:56 mismatched input ')' expecting {'(', '{'}
line 245:14 mismatched input '\ifExintVar' expecting {MODALITY, FORALL, EXISTS, '\if', '\ifEx', 'true', 'false', '(', '{', '@', NOT, SEQARROW, '-', STRING_LITERAL, CHAR_LITERAL, BIN_LITERAL, HEX_LITERAL, IDENT, INT_LITERAL, FLOAT_LITERAL, DOUBLE_LITERAL, REAL_LITERAL}
line 245:27 extraneous input '(' expecting {'\lemma', '}', IDENT, '/*!'}
line 245:31 mismatched input ')' expecting {'(', '{'}
line 248:45 mismatched input '}' expecting {'(', '{'}
line 249:8 extraneous input '\replacewith' expecting {'\lemma', '}', IDENT, '/*!'}
line 249:38 mismatched input ')' expecting {'(', '{'}
line 250:42 mismatched input '}' expecting {'(', '{'}
line 251:28 extraneous input '(' expecting {'\lemma', '}', IDENT, '/*!'}
line 251:33 mismatched input '->' expecting {'(', '{'}
line 255:14 mismatched input '\ifExintVar' expecting {MODALITY, FORALL, EXISTS, '\if', '\ifEx', 'true', 'false', '(', '{', '@', NOT, SEQARROW, '-', STRING_LITERAL, CHAR_LITERAL, BIN_LITERAL, HEX_LITERAL, IDENT, INT_LITERAL, FLOAT_LITERAL, DOUBLE_LITERAL, REAL_LITERAL}
line 255:27 extraneous input '(' expecting {'\lemma', '}', IDENT, '/*!'}
line 255:31 mismatched input ')' expecting {'(', '{'}
line 258:52 extraneous input '0' expecting {'\lemma', '}', IDENT, '/*!'}
line 258:54 mismatched input 'then' expecting {<EOF>, '\problem', '\chooseContract', '\proofObligation', '\proof'}

	at de.uka.ilkd.key.util.parsing.SyntaxErrorReporter.throwException(SyntaxErrorReporter.java:89)

302538     WARN  Test worker     d.u.i.k.n.KeYParser       [syntax-error] file:/home/runner/work/key/key/key.core/build/resources/main/de/uka/ilkd/key/proof/rules/ifThenElseRules.key:135:14: mismatched input '\ifExintVar' expecting {MODALITY, FORALL, EXISTS, '\if', '\ifEx', 'true', 'false', '(', '{', '@', NOT, SEQARROW, '-', STRING_LITERAL, CHAR_LITERAL, BIN_LITERAL, HEX_LITERAL, IDENT, INT_LITERAL, FLOAT_LITERAL, DOUBLE_LITERAL, REAL_LITERAL} [@745,3563:3573='\ifExintVar',<188>,135:14] (termorseq, taclet, rulesOrAxioms, decls, file) 
302538     WARN  Test worker     d.u.i.k.n.KeYParser       [syntax-error] file:/home/runner/work/key/key/key.core/build/resources/main/de/uka/ilkd/key/proof/rules/ifThenElseRules.key:135:27: extraneous input '(' expecting {'\lemma', '}', IDENT, '/*!'} [@748,3576:3576='(',<146>,135:27] (rulesOrAxioms, decls, file) 
302539     WARN  Test worker     d.u.i.k.n.KeYParser       [syntax-error] file:/home/runner/work/key/key/key.core/build/resources/main/de/uka/ilkd/key/proof/rules/ifThenElseRules.key:135:44: mismatched input ')' expecting {'(', '{'} [@754,3593:3593=')',<147>,135:44] (taclet, rulesOrAxioms, decls, file) 
302539     WARN  Test worker     d.u.i.k.n.KeYParser       [syntax-error] file:/home/runner/work/key/key/key.core/build/resources/main/de/uka/ilkd/key/proof/rules/ifThenElseRules.key:141:14: mismatched input '\ifExintVar' expecting {MODALITY, FORALL, EXISTS, '\if', '\ifEx', 'true', 'false', '(', '{', '@', NOT, SEQARROW, '-', STRING_LITERAL, CHAR_LITERAL, BIN_LITERAL, HEX_LITERAL, IDENT, INT_LITERAL, FLOAT_LITERAL, DOUBLE_LITERAL, REAL_LITERAL} [@780,3716:3726='\ifExintVar',<188>,141:14] (termorseq, taclet, rulesOrAxioms, decls, file) 
302539     WARN  Test worker     d.u.i.k.n.KeYParser       [syntax-error] file:/home/runner/work/key/key/key.core/build/resources/main/de/uka/ilkd/key/proof/rules/ifThenElseRules.key:141:27: extraneous input '(' expecting {'\lemma', '}', IDENT, '/*!'} [@783,3729:3729='(',<146>,141:27] (rulesOrAxioms, decls, file) 
302539     WARN  Test worker     d.u.i.k.n.KeYParser       [syntax-error] file:/home/runner/work/key/key/key.core/build/resources/main/de/uka/ilkd/key/proof/rules/ifThenElseRules.key:141:41: mismatched input ')' expecting {'(', '{'} [@789,3743:3743=')',<147>,141:41] (taclet, rulesOrAxioms, decls, file) 
302539     WARN  Test worker     d.u.i.k.n.KeYParser       [syntax-error] file:/home/runner/work/key/key/key.core/build/resources/main/de/uka/ilkd/key/proof/rules/ifThenElseRules.key:148:14: mismatched input '\ifExintVar' expecting {MODALITY, FORALL, EXISTS, '\if', '\ifEx', 'true', 'false', '(', '{', '@', NOT, SEQARROW, '-', STRING_LITERAL, CHAR_LITERAL, BIN_LITERAL, HEX_LITERAL, IDENT, INT_LITERAL, FLOAT_LITERAL, DOUBLE_LITERAL, REAL_LITERAL} [@819,3896:3906='\ifExintVar',<188>,148:14] (termorseq, taclet, rulesOrAxioms, decls, file) 
302539     WARN  Test worker     d.u.i.k.n.KeYParser       [syntax-error] file:/home/runner/work/key/key/key.core/build/resources/main/de/uka/ilkd/key/proof/rules/ifThenElseRules.key:148:27: extraneous input '(' expecting {'\lemma', '}', IDENT, '/*!'} [@822,3909:3909='(',<146>,148:27] (rulesOrAxioms, decls, file) 
302539     WARN  Test worker     d.u.i.k.n.KeYParser       [syntax-error] file:/home/runner/work/key/key/key.core/build/resources/main/de/uka/ilkd/key/proof/rules/ifThenElseRules.key:148:35: mismatched input '=' expecting {'(', '{'} [@825,3917:3917='=',<159>,148:35] (taclet, rulesOrAxioms, decls, file) 
302539     WARN  Test worker     d.u.i.k.n.KeYParser       [syntax-error] file:/home/runner/work/key/key/key.core/build/resources/main/de/uka/ilkd/key/proof/rules/ifThenElseRules.key:150:38: mismatched input '}' expecting {'(', '{'} [@859,4023:4023='}',<149>,150:38] (taclet, rulesOrAxioms, decls, file) 
302539     WARN  Test worker     d.u.i.k.n.KeYParser       [syntax-error] file:/home/runner/work/key/key/key.core/build/resources/main/de/uka/ilkd/key/proof/rules/ifThenElseRules.key:155:14: mismatched input '\ifExintVar' expecting {MODALITY, FORALL, EXISTS, '\if', '\ifEx', 'true', 'false', '(', '{', '@', NOT, SEQARROW, '-', STRING_LITERAL, CHAR_LITERAL, BIN_LITERAL, HEX_LITERAL, IDENT, INT_LITERAL, FLOAT_LITERAL, DOUBLE_LITERAL, REAL_LITERAL} [@877,4109:4119='\ifExintVar',<188>,155:14] (termorseq, taclet, rulesOrAxioms, decls, file) 
302539     WARN  Test worker     d.u.i.k.n.KeYParser       [syntax-error] file:/home/runner/work/key/key/key.core/build/resources/main/de/uka/ilkd/key/proof/rules/ifThenElseRules.key:155:27: extraneous input '(' expecting {'\lemma', '}', IDENT, '/*!'} [@880,4122:4122='(',<146>,155:27] (rulesOrAxioms, decls, file) 
302539     WARN  Test worker     d.u.i.k.n.KeYParser       [syntax-error] file:/home/runner/work/key/key/key.core/build/resources/main/de/uka/ilkd/key/proof/rules/ifThenElseRules.key:155:35: mismatched input '=' expecting {'(', '{'} [@883,4130:4130='=',<159>,155:35] (taclet, rulesOrAxioms, decls, file) 
302539     WARN  Test worker     d.u.i.k.n.KeYParser       [syntax-error] file:/home/runner/work/key/key/key.core/build/resources/main/de/uka/ilkd/key/proof/rules/ifThenElseRules.key:157:38: mismatched input '}' expecting {'(', '{'} [@917,4230:4230='}',<149>,157:38] (taclet, rulesOrAxioms, decls, file) 
302539     WARN  Test worker     d.u.i.k.n.KeYParser       [syntax-error] file:/home/runner/work/key/key/key.core/build/resources/main/de/uka/ilkd/key/proof/rules/ifThenElseRules.key:163:14: mismatched input '\ifExintVar' expecting {MODALITY, FORALL, EXISTS, '\if', '\ifEx', 'true', 'false', '(', '{', '@', NOT, SEQARROW, '-', STRING_LITERAL, CHAR_LITERAL, BIN_LITERAL, HEX_LITERAL, IDENT, INT_LITERAL, FLOAT_LITERAL, DOUBLE_LITERAL, REAL_LITERAL} [@939,4350:4360='\ifExintVar',<188>,163:14] (termorseq, taclet, rulesOrAxioms, decls, file) 
302539     WARN  Test worker     d.u.i.k.n.KeYParser       [syntax-error] file:/home/runner/work/key/key/key.core/build/resources/main/de/uka/ilkd/key/proof/rules/ifThenElseRules.key:163:27: extraneous input '(' expecting {'\lemma', '}', IDENT, '/*!'} [@942,4363:4363='(',<146>,163:27] (rulesOrAxioms, decls, file) 
302539     WARN  Test worker     d.u.i.k.n.KeYParser       [syntax-error] file:/home/runner/work/key/key/key.core/build/resources/main/de/uka/ilkd/key/proof/rules/ifThenElseRules.key:163:30: mismatched input '=' expecting {'(', '{'} [@945,4366:4366='=',<159>,163:30] (taclet, rulesOrAxioms, decls, file) 
302539     WARN  Test worker     d.u.i.k.n.KeYParser       [syntax-error] file:/home/runner/work/key/key/key.core/build/resources/main/de/uka/ilkd/key/proof/rules/ifThenElseRules.key:165:38: mismatched input '}' expecting {'(', '{'} [@979,4477:4477='}',<149>,165:38] (taclet, rulesOrAxioms, decls, file) 
302539     WARN  Test worker     d.u.i.k.n.KeYParser       [syntax-error] file:/home/runner/work/key/key/key.core/build/resources/main/de/uka/ilkd/key/proof/rules/ifThenElseRules.key:171:14: mismatched input '\ifExintVar' expecting {MODALITY, FORALL, EXISTS, '\if', '\ifEx', 'true', 'false', '(', '{', '@', NOT, SEQARROW, '-', STRING_LITERAL, CHAR_LITERAL, BIN_LITERAL, HEX_LITERAL, IDENT, INT_LITERAL, FLOAT_LITERAL, DOUBLE_LITERAL, REAL_LITERAL} [@1001,4604:4614='\ifExintVar',<188>,171:14] (termorseq, taclet, rulesOrAxioms, decls, file) 
302539     WARN  Test worker     d.u.i.k.n.KeYParser       [syntax-error] file:/home/runner/work/key/key/key.core/build/resources/main/de/uka/ilkd/key/proof/rules/ifThenElseRules.key:171:27: extraneous input '(' expecting {'\lemma', '}', IDENT, '/*!'} [@1004,4617:4617='(',<146>,171:27] (rulesOrAxioms, decls, file) 
302539     WARN  Test worker     d.u.i.k.n.KeYParser       [syntax-error] file:/home/runner/work/key/key/key.core/build/resources/main/de/uka/ilkd/key/proof/rules/ifThenElseRules.key:171:30: mismatched input '=' expecting {'(', '{'} [@1007,4620:4620='=',<159>,171:30] (taclet, rulesOrAxioms, decls, file) 
302539     WARN  Test worker     d.u.i.k.n.KeYParser       [syntax-error] file:/home/runner/work/key/key/key.core/build/resources/main/de/uka/ilkd/key/proof/rules/ifThenElseRules.key:173:38: mismatched input '}' expecting {'(', '{'} [@1041,4725:4725='}',<149>,173:38] (taclet, rulesOrAxioms, decls, file) 
302539     WARN  Test worker     d.u.i.k.n.KeYParser       [syntax-error] file:/home/runner/work/key/key/key.core/build/resources/main/de/uka/ilkd/key/proof/rules/ifThenElseRules.key:179:14: mismatched input '\ifExintVar' expecting {MODALITY, FORALL, EXISTS, '\if', '\ifEx', 'true', 'false', '(', '{', '@', NOT, SEQARROW, '-', STRING_LITERAL, CHAR_LITERAL, BIN_LITERAL, HEX_LITERAL, IDENT, INT_LITERAL, FLOAT_LITERAL, DOUBLE_LITERAL, REAL_LITERAL} [@1063,4848:4858='\ifExintVar',<188>,179:14] (termorseq, taclet, rulesOrAxioms, decls, file) 
302539     WARN  Test worker     d.u.i.k.n.KeYParser       [syntax-error] file:/home/runner/work/key/key/key.core/build/resources/main/de/uka/ilkd/key/proof/rules/ifThenElseRules.key:179:27: extraneous input '(' expecting {'\lemma', '}', IDENT, '/*!'} [@1066,4861:4861='(',<146>,179:27] (rulesOrAxioms, decls, file) 
302539     WARN  Test worker     d.u.i.k.n.KeYParser       [syntax-error] file:/home/runner/work/key/key/key.core/build/resources/main/de/uka/ilkd/key/proof/rules/ifThenElseRules.key:179:32: mismatched input '&' expecting {'(', '{'} [@1069,4866:4866='&',<156>,179:32] (taclet, rulesOrAxioms, decls, file) 
302539     WARN  Test worker     d.u.i.k.n.KeYParser       [syntax-error] file:/home/runner/work/key/key/key.core/build/resources/main/de/uka/ilkd/key/proof/rules/ifThenElseRules.key:181:42: mismatched input '}' expecting {'(', '{'} [@1109,4985:4985='}',<149>,181:42] (taclet, rulesOrAxioms, decls, file) 
302539     WARN  Test worker     d.u.i.k.n.KeYParser       [syntax-error] file:/home/runner/work/key/key/key.core/build/resources/main/de/uka/ilkd/key/proof/rules/ifThenElseRules.key:182:39: mismatched input '}' expecting {'(', '{'} [@1122,5030:5030='}',<149>,182:39] (taclet, rulesOrAxioms, decls, file) 
302539     WARN  Test worker     d.u.i.k.n.KeYParser       [syntax-error] file:/home/runner/work/key/key/key.core/build/resources/main/de/uka/ilkd/key/proof/rules/ifThenElseRules.key:188:14: mismatched input '\ifExintVar' expecting {MODALITY, FORALL, EXISTS, '\if', '\ifEx', 'true', 'false', '(', '{', '@', NOT, SEQARROW, '-', STRING_LITERAL, CHAR_LITERAL, BIN_LITERAL, HEX_LITERAL, IDENT, INT_LITERAL, FLOAT_LITERAL, DOUBLE_LITERAL, REAL_LITERAL} [@1146,5149:5159='\ifExintVar',<188>,188:14] (termorseq, taclet, rulesOrAxioms, decls, file) 
302539     WARN  Test worker     d.u.i.k.n.KeYParser       [syntax-error] file:/home/runner/work/key/key/key.core/build/resources/main/de/uka/ilkd/key/proof/rules/ifThenElseRules.key:188:27: extraneous input '(' expecting {'\lemma', '}', IDENT, '/*!'} [@1149,5162:5162='(',<146>,188:27] (rulesOrAxioms, decls, file) 
302539     WARN  Test worker     d.u.i.k.n.KeYParser       [syntax-error] file:/home/runner/work/key/key/key.core/build/resources/main/de/uka/ilkd/key/proof/rules/ifThenElseRules.key:188:32: mismatched input '&' expecting {'(', '{'} [@1152,5167:5167='&',<156>,188:32] (taclet, rulesOrAxioms, decls, file) 
302539     WARN  Test worker     d.u.i.k.n.KeYParser       [syntax-error] file:/home/runner/work/key/key/key.core/build/resources/main/de/uka/ilkd/key/proof/rules/ifThenElseRules.key:190:42: mismatched input '}' expecting {'(', '{'} [@1192,5280:5280='}',<149>,190:42] (taclet, rulesOrAxioms, decls, file) 
302539     WARN  Test worker     d.u.i.k.n.KeYParser       [syntax-error] file:/home/runner/work/key/key/key.core/build/resources/main/de/uka/ilkd/key/proof/rules/ifThenElseRules.key:191:39: mismatched input '}' expecting {'(', '{'} [@1205,5325:5325='}',<149>,191:39] (taclet, rulesOrAxioms, decls, file) 
302539     WARN  Test worker     d.u.i.k.n.KeYParser       [syntax-error] file:/home/runner/work/key/key/key.core/build/resources/main/de/uka/ilkd/key/proof/rules/ifThenElseRules.key:198:14: mismatched input '\ifExintVar' expecting {MODALITY, FORALL, EXISTS, '\if', '\ifEx', 'true', 'false', '(', '{', '@', NOT, SEQARROW, '-', STRING_LITERAL, CHAR_LITERAL, BIN_LITERAL, HEX_LITERAL, IDENT, INT_LITERAL, FLOAT_LITERAL, DOUBLE_LITERAL, REAL_LITERAL} [@1233,5475:5485='\ifExintVar',<188>,198:14] (termorseq, taclet, rulesOrAxioms, decls, file) 
302539     WARN  Test worker     d.u.i.k.n.KeYParser       [syntax-error] file:/home/runner/work/key/key/key.core/build/resources/main/de/uka/ilkd/key/proof/rules/ifThenElseRules.key:198:27: extraneous input '(' expecting {'\lemma', '}', IDENT, '/*!'} [@1236,5488:5488='(',<146>,198:27] (rulesOrAxioms, decls, file) 
302539     WARN  Test worker     d.u.i.k.n.KeYParser       [syntax-error] file:/home/runner/work/key/key/key.core/build/resources/main/de/uka/ilkd/key/proof/rules/ifThenElseRules.key:198:32: mismatched input '&' expecting {'(', '{'} [@1239,5493:5493='&',<156>,198:32] (taclet, rulesOrAxioms, decls, file) 
302539     WARN  Test worker     d.u.i.k.n.KeYParser       [syntax-error] file:/home/runner/work/key/key/key.core/build/resources/main/de/uka/ilkd/key/proof/rules/ifThenElseRules.key:200:42: mismatched input '}' expecting {'(', '{'} [@1279,5612:5612='}',<149>,200:42] (taclet, rulesOrAxioms, decls, file) 
302539     WARN  Test worker     d.u.i.k.n.KeYParser       [syntax-error] file:/home/runner/work/key/key/key.core/build/resources/main/de/uka/ilkd/key/proof/rules/ifThenElseRules.key:201:39: mismatched input '}' expecting {'(', '{'} [@1292,5657:5657='}',<149>,201:39] (taclet, rulesOrAxioms, decls, file) 
302539     WARN  Test worker     d.u.i.k.n.KeYParser       [syntax-error] file:/home/runner/work/key/key/key.core/build/resources/main/de/uka/ilkd/key/proof/rules/ifThenElseRules.key:208:14: mismatched input '\ifExintVar' expecting {MODALITY, FORALL, EXISTS, '\if', '\ifEx', 'true', 'false', '(', '{', '@', NOT, SEQARROW, '-', STRING_LITERAL, CHAR_LITERAL, BIN_LITERAL, HEX_LITERAL, IDENT, INT_LITERAL, FLOAT_LITERAL, DOUBLE_LITERAL, REAL_LITERAL} [@1320,5817:5827='\ifExintVar',<188>,208:14] (termorseq, taclet, rulesOrAxioms, decls, file) 
302539     WARN  Test worker     d.u.i.k.n.KeYParser       [syntax-error] file:/home/runner/work/key/key/key.core/build/resources/main/de/uka/ilkd/key/proof/rules/ifThenElseRules.key:208:27: extraneous input '(' expecting {'\lemma', '}', IDENT, '/*!'} [@1323,5830:5830='(',<146>,208:27] (rulesOrAxioms, decls, file) 
302539     WARN  Test worker     d.u.i.k.n.KeYParser       [syntax-error] file:/home/runner/work/key/key/key.core/build/resources/main/de/uka/ilkd/key/proof/rules/ifThenElseRules.key:208:32: mismatched input '&' expecting {'(', '{'} [@1326,5835:5835='&',<156>,208:32] (taclet, rulesOrAxioms, decls, file) 
302539     WARN  Test worker     d.u.i.k.n.KeYParser       [syntax-error] file:/home/runner/work/key/key/key.core/build/resources/main/de/uka/ilkd/key/proof/rules/ifThenElseRules.key:210:42: mismatched input '}' expecting {'(', '{'} [@1366,5948:5948='}',<149>,210:42] (taclet, rulesOrAxioms, decls, file) 
302539     WARN  Test worker     d.u.i.k.n.KeYParser       [syntax-error] file:/home/runner/work/key/key/key.core/build/resources/main/de/uka/ilkd/key/proof/rules/ifThenElseRules.key:211:39: mismatched input '}' expecting {'(', '{'} [@1379,5993:5993='}',<149>,211:39] (taclet, rulesOrAxioms, decls, file) 
302539     WARN  Test worker     d.u.i.k.n.KeYParser       [syntax-error] file:/home/runner/work/key/key/key.core/build/resources/main/de/uka/ilkd/key/proof/rules/ifThenElseRules.key:218:14: mismatched input '\ifExintVar' expecting {MODALITY, FORALL, EXISTS, '\if', '\ifEx', 'true', 'false', '(', '{', '@', NOT, SEQARROW, '-', STRING_LITERAL, CHAR_LITERAL, BIN_LITERAL, HEX_LITERAL, IDENT, INT_LITERAL, FLOAT_LITERAL, DOUBLE_LITERAL, REAL_LITERAL} [@1407,6146:6156='\ifExintVar',<188>,218:14] (termorseq, taclet, rulesOrAxioms, decls, file) 
302539     WARN  Test worker     d.u.i.k.n.KeYParser       [syntax-error] file:/home/runner/work/key/key/key.core/build/resources/main/de/uka/ilkd/key/proof/rules/ifThenElseRules.key:218:27: extraneous input '(' expecting {'\lemma', '}', IDENT, '/*!'} [@1410,6159:6159='(',<146>,218:27] (rulesOrAxioms, decls, file) 
302539     WARN  Test worker     d.u.i.k.n.KeYParser       [syntax-error] file:/home/runner/work/key/key/key.core/build/resources/main/de/uka/ilkd/key/proof/rules/ifThenElseRules.key:218:31: mismatched input ')' expecting {'(', '{'} [@1412,6163:6163=')',<147>,218:31] (taclet, rulesOrAxioms, decls, file) 
302539     WARN  Test worker     d.u.i.k.n.KeYParser       [syntax-error] file:/home/runner/work/key/key/key.core/build/resources/main/de/uka/ilkd/key/proof/rules/ifThenElseRules.key:220:44: mismatched input ')' expecting {'(', '{'} [@1444,6275:6275=')',<147>,220:44] (taclet, rulesOrAxioms, decls, file) 
302539     WARN  Test worker     d.u.i.k.n.KeYParser       [syntax-error] file:/home/runner/work/key/key/key.core/build/resources/main/de/uka/ilkd/key/proof/rules/ifThenElseRules.key:225:14: mismatched input '\ifExintVar' expecting {MODALITY, FORALL, EXISTS, '\if', '\ifEx', 'true', 'false', '(', '{', '@', NOT, SEQARROW, '-', STRING_LITERAL, CHAR_LITERAL, BIN_LITERAL, HEX_LITERAL, IDENT, INT_LITERAL, FLOAT_LITERAL, DOUBLE_LITERAL, REAL_LITERAL} [@1471,6389:6399='\ifExintVar',<188>,225:14] (termorseq, taclet, rulesOrAxioms, decls, file) 
302540     WARN  Test worker     d.u.i.k.n.KeYParser       [syntax-error] file:/home/runner/work/key/key/key.core/build/resources/main/de/uka/ilkd/key/proof/rules/ifThenElseRules.key:225:27: extraneous input '(' expecting {'\lemma', '}', IDENT, '/*!'} [@1474,6402:6402='(',<146>,225:27] (rulesOrAxioms, decls, file) 
302540     WARN  Test worker     d.u.i.k.n.KeYParser       [syntax-error] file:/home/runner/work/key/key/key.core/build/resources/main/de/uka/ilkd/key/proof/rules/ifThenElseRules.key:225:31: mismatched input ')' expecting {'(', '{'} [@1476,6406:6406=')',<147>,225:31] (taclet, rulesOrAxioms, decls, file) 
302540     WARN  Test worker     d.u.i.k.n.KeYParser       [syntax-error] file:/home/runner/work/key/key/key.core/build/resources/main/de/uka/ilkd/key/proof/rules/ifThenElseRules.key:227:44: mismatched input ')' expecting {'(', '{'} [@1508,6509:6509=')',<147>,227:44] (taclet, rulesOrAxioms, decls, file) 
302540     WARN  Test worker     d.u.i.k.n.KeYParser       [syntax-error] file:/home/runner/work/key/key/key.core/build/resources/main/de/uka/ilkd/key/proof/rules/ifThenElseRules.key:233:14: mismatched input '\ifExintVar' expecting {MODALITY, FORALL, EXISTS, '\if', '\ifEx', 'true', 'false', '(', '{', '@', NOT, SEQARROW, '-', STRING_LITERAL, CHAR_LITERAL, BIN_LITERAL, HEX_LITERAL, IDENT, INT_LITERAL, FLOAT_LITERAL, DOUBLE_LITERAL, REAL_LITERAL} [@1539,6656:6666='\ifExintVar',<188>,233:14] (termorseq, taclet, rulesOrAxioms, decls, file) 
302540     WARN  Test worker     d.u.i.k.n.KeYParser       [syntax-error] file:/home/runner/work/key/key/key.core/build/resources/main/de/uka/ilkd/key/proof/rules/ifThenElseRules.key:233:27: extraneous input '(' expecting {'\lemma', '}', IDENT, '/*!'} [@1542,6669:6669='(',<146>,233:27] (rulesOrAxioms, decls, file) 
302540     WARN  Test worker     d.u.i.k.n.KeYParser       [syntax-error] file:/home/runner/work/key/key/key.core/build/resources/main/de/uka/ilkd/key/proof/rules/ifThenElseRules.key:233:31: mismatched input ')' expecting {'(', '{'} [@1544,6673:6673=')',<147>,233:31] (taclet, rulesOrAxioms, decls, file) 
302540     WARN  Test worker     d.u.i.k.n.KeYParser       [syntax-error] file:/home/runner/work/key/key/key.core/build/resources/main/de/uka/ilkd/key/proof/rules/ifThenElseRules.key:237:42: mismatched input '}' expecting {'(', '{'} [@1586,6850:6850='}',<149>,237:42] (taclet, rulesOrAxioms, decls, file) 
302540     WARN  Test worker     d.u.i.k.n.KeYParser       [syntax-error] file:/home/runner/work/key/key/key.core/build/resources/main/de/uka/ilkd/key/proof/rules/ifThenElseRules.key:238:34: mismatched input '}' expecting {'(', '{'} [@1599,6891:6891='}',<149>,238:34] (taclet, rulesOrAxioms, decls, file) 
302540     WARN  Test worker     d.u.i.k.n.KeYParser       [syntax-error] file:/home/runner/work/key/key/key.core/build/resources/main/de/uka/ilkd/key/proof/rules/ifThenElseRules.key:239:28: extraneous input '(' expecting {'\lemma', '}', IDENT, '/*!'} [@1608,6925:6925='(',<146>,239:28] (rulesOrAxioms, decls, file) 
302540     WARN  Test worker     d.u.i.k.n.KeYParser       [syntax-error] file:/home/runner/work/key/key/key.core/build/resources/main/de/uka/ilkd/key/proof/rules/ifThenElseRules.key:239:33: mismatched input '->' expecting {'(', '{'} [@1611,6930:6931='->',<158>,239:33] (taclet, rulesOrAxioms, decls, file) 
302540     WARN  Test worker     d.u.i.k.n.KeYParser       [syntax-error] file:/home/runner/work/key/key/key.core/build/resources/main/de/uka/ilkd/key/proof/rules/ifThenElseRules.key:240:8: extraneous input '\replacewith' expecting {'\lemma', '}', IDENT, '/*!'} [@1626,6979:6990='\replacewith',<105>,240:8] (rulesOrAxioms, decls, file) 
302540     WARN  Test worker     d.u.i.k.n.KeYParser       [syntax-error] file:/home/runner/work/key/key/key.core/build/resources/main/de/uka/ilkd/key/proof/rules/ifThenElseRules.key:240:25: mismatched input ')' expecting {'(', '{'} [@1629,6996:6996=')',<147>,240:25] (taclet, rulesOrAxioms, decls, file) 
302540     WARN  Test worker     d.u.i.k.n.KeYParser       [syntax-error] file:/home/runner/work/key/key/key.core/build/resources/main/de/uka/ilkd/key/proof/rules/ifThenElseRules.key:240:56: mismatched input ')' expecting {'(', '{'} [@1642,7027:7027=')',<147>,240:56] (taclet, rulesOrAxioms, decls, file) 
302540     WARN  Test worker     d.u.i.k.n.KeYParser       [syntax-error] file:/home/runner/work/key/key/key.core/build/resources/main/de/uka/ilkd/key/proof/rules/ifThenElseRules.key:245:14: mismatched input '\ifExintVar' expecting {MODALITY, FORALL, EXISTS, '\if', '\ifEx', 'true', 'false', '(', '{', '@', NOT, SEQARROW, '-', STRING_LITERAL, CHAR_LITERAL, BIN_LITERAL, HEX_LITERAL, IDENT, INT_LITERAL, FLOAT_LITERAL, DOUBLE_LITERAL, REAL_LITERAL} [@1658,7109:7119='\ifExintVar',<188>,245:14] (termorseq, taclet, rulesOrAxioms, decls, file) 
302540     WARN  Test worker     d.u.i.k.n.KeYParser       [syntax-error] file:/home/runner/work/key/key/key.core/build/resources/main/de/uka/ilkd/key/proof/rules/ifThenElseRules.key:245:27: extraneous input '(' expecting {'\lemma', '}', IDENT, '/*!'} [@1661,7122:7122='(',<146>,245:27] (rulesOrAxioms, decls, file) 
302540     WARN  Test worker     d.u.i.k.n.KeYParser       [syntax-error] file:/home/runner/work/key/key/key.core/build/resources/main/de/uka/ilkd/key/proof/rules/ifThenElseRules.key:245:31: mismatched input ')' expecting {'(', '{'} [@1663,7126:7126=')',<147>,245:31] (taclet, rulesOrAxioms, decls, file) 
302540     WARN  Test worker     d.u.i.k.n.KeYParser       [syntax-error] file:/home/runner/work/key/key/key.core/build/resources/main/de/uka/ilkd/key/proof/rules/ifThenElseRules.key:248:45: mismatched input '}' expecting {'(', '{'} [@1696,7268:7268='}',<149>,248:45] (taclet, rulesOrAxioms, decls, file) 
302540     WARN  Test worker     d.u.i.k.n.KeYParser       [syntax-error] file:/home/runner/work/key/key/key.core/build/resources/main/de/uka/ilkd/key/proof/rules/ifThenElseRules.key:249:8: extraneous input '\replacewith' expecting {'\lemma', '}', IDENT, '/*!'} [@1701,7284:7295='\replacewith',<105>,249:8] (rulesOrAxioms, decls, file) 
302540     WARN  Test worker     d.u.i.k.n.KeYParser       [syntax-error] file:/home/runner/work/key/key/key.core/build/resources/main/de/uka/ilkd/key/proof/rules/ifThenElseRules.key:249:38: mismatched input ')' expecting {'(', '{'} [@1708,7314:7314=')',<147>,249:38] (taclet, rulesOrAxioms, decls, file) 
302540     WARN  Test worker     d.u.i.k.n.KeYParser       [syntax-error] file:/home/runner/work/key/key/key.core/build/resources/main/de/uka/ilkd/key/proof/rules/ifThenElseRules.key:250:42: mismatched input '}' expecting {'(', '{'} [@1731,7381:7381='}',<149>,250:42] (taclet, rulesOrAxioms, decls, file) 
302540     WARN  Test worker     d.u.i.k.n.KeYParser       [syntax-error] file:/home/runner/work/key/key/key.core/build/resources/main/de/uka/ilkd/key/proof/rules/ifThenElseRules.key:251:28: extraneous input '(' expecting {'\lemma', '}', IDENT, '/*!'} [@1741,7416:7416='(',<146>,251:28] (rulesOrAxioms, decls, file) 
302540     WARN  Test worker     d.u.i.k.n.KeYParser       [syntax-error] file:/home/runner/work/key/key/key.core/build/resources/main/de/uka/ilkd/key/proof/rules/ifThenElseRules.key:251:33: mismatched input '->' expecting {'(', '{'} [@1744,7421:7422='->',<158>,251:33] (taclet, rulesOrAxioms, decls, file) 
302540     WARN  Test worker     d.u.i.k.n.KeYParser       [syntax-error] file:/home/runner/work/key/key/key.core/build/resources/main/de/uka/ilkd/key/proof/rules/ifThenElseRules.key:255:14: mismatched input '\ifExintVar' expecting {MODALITY, FORALL, EXISTS, '\if', '\ifEx', 'true', 'false', '(', '{', '@', NOT, SEQARROW, '-', STRING_LITERAL, CHAR_LITERAL, BIN_LITERAL, HEX_LITERAL, IDENT, INT_LITERAL, FLOAT_LITERAL, DOUBLE_LITERAL, REAL_LITERAL} [@1765,7506:7516='\ifExintVar',<188>,255:14] (termorseq, taclet, rulesOrAxioms, decls, file) 
302540     WARN  Test worker     d.u.i.k.n.KeYParser       [syntax-error] file:/home/runner/work/key/key/key.core/build/resources/main/de/uka/ilkd/key/proof/rules/ifThenElseRules.key:255:27: extraneous input '(' expecting {'\lemma', '}', IDENT, '/*!'} [@1768,7519:7519='(',<146>,255:27] (rulesOrAxioms, decls, file) 
302540     WARN  Test worker     d.u.i.k.n.KeYParser       [syntax-error] file:/home/runner/work/key/key/key.core/build/resources/main/de/uka/ilkd/key/proof/rules/ifThenElseRules.key:255:31: mismatched input ')' expecting {'(', '{'} [@1770,7523:7523=')',<147>,255:31] (taclet, rulesOrAxioms, decls, file) 
302540     WARN  Test worker     d.u.i.k.n.KeYParser       [syntax-error] file:/home/runner/work/key/key/key.core/build/resources/main/de/uka/ilkd/key/proof/rules/ifThenElseRules.key:258:52: extraneous input '0' expecting {'\lemma', '}', IDENT, '/*!'} [@1809,7667:7667='0',<184>,258:52] (rulesOrAxioms, decls, file) 
302540     WARN  Test worker     d.u.i.k.n.KeYParser       [syntax-error] file:/home/runner/work/key/key/key.core/build/resources/main/de/uka/ilkd/key/proof/rules/ifThenElseRules.key:258:54: mismatched input 'then' expecting {<EOF>, '\problem', '\chooseContract', '\proofObligation', '\proof'} [@1811,7669:7672='then',<183>,258:54] (file) 
302540     ERROR Test worker     d.u.i.k.s.n.MasterHandlerTest Error reading /home/runner/work/key/key/key.core/build/resources/test/de/uka/ilkd/key/smt/newsmt2/cases/int1.props de.uka.ilkd.key.proof.io.ProblemLoaderException: line 135:14 mismatched input '\ifExintVar' expecting {MODALITY, FORALL, EXISTS, '\if', '\ifEx', 'true', 'false', '(', '{', '@', NOT, SEQARROW, '-', STRING_LITERAL, CHAR_LITERAL, BIN_LITERAL, HEX_LITERAL, IDENT, INT_LITERAL, FLOAT_LITERAL, DOUBLE_LITERAL, REAL_LITERAL}
line 135:27 extraneous input '(' expecting {'\lemma', '}', IDENT, '/*!'}
line 135:44 mismatched input ')' expecting {'(', '{'}
line 141:14 mismatched input '\ifExintVar' expecting {MODALITY, FORALL, EXISTS, '\if', '\ifEx', 'true', 'false', '(', '{', '@', NOT, SEQARROW, '-', STRING_LITERAL, CHAR_LITERAL, BIN_LITERAL, HEX_LITERAL, IDENT, INT_LITERAL, FLOAT_LITERAL, DOUBLE_LITERAL, REAL_LITERAL}
line 141:27 extraneous input '(' expecting {'\lemma', '}', IDENT, '/*!'}
line 141:41 mismatched input ')' expecting {'(', '{'}
line 148:14 mismatched input '\ifExintVar' expecting {MODALITY, FORALL, EXISTS, '\if', '\ifEx', 'true', 'false', '(', '{', '@', NOT, SEQARROW, '-', STRING_LITERAL, CHAR_LITERAL, BIN_LITERAL, HEX_LITERAL, IDENT, INT_LITERAL, FLOAT_LITERAL, DOUBLE_LITERAL, REAL_LITERAL}
line 148:27 extraneous input '(' expecting {'\lemma', '}', IDENT, '/*!'}
line 148:35 mismatched input '=' expecting {'(', '{'}
line 150:38 mismatched input '}' expecting {'(', '{'}
line 155:14 mismatched input '\ifExintVar' expecting {MODALITY, FORALL, EXISTS, '\if', '\ifEx', 'true', 'false', '(', '{', '@', NOT, SEQARROW, '-', STRING_LITERAL, CHAR_LITERAL, BIN_LITERAL, HEX_LITERAL, IDENT, INT_LITERAL, FLOAT_LITERAL, DOUBLE_LITERAL, REAL_LITERAL}
line 155:27 extraneous input '(' expecting {'\lemma', '}', IDENT, '/*!'}
line 155:35 mismatched input '=' expecting {'(', '{'}
line 157:38 mismatched input '}' expecting {'(', '{'}
line 163:14 mismatched input '\ifExintVar' expecting {MODALITY, FORALL, EXISTS, '\if', '\ifEx', 'true', 'false', '(', '{', '@', NOT, SEQARROW, '-', STRING_LITERAL, CHAR_LITERAL, BIN_LITERAL, HEX_LITERAL, IDENT, INT_LITERAL, FLOAT_LITERAL, DOUBLE_LITERAL, REAL_LITERAL}
line 163:27 extraneous input '(' expecting {'\lemma', '}', IDENT, '/*!'}
line 163:30 mismatched input '=' expecting {'(', '{'}
line 165:38 mismatched input '}' expecting {'(', '{'}
line 171:14 mismatched input '\ifExintVar' expecting {MODALITY, FORALL, EXISTS, '\if', '\ifEx', 'true', 'false', '(', '{', '@', NOT, SEQARROW, '-', STRING_LITERAL, CHAR_LITERAL, BIN_LITERAL, HEX_LITERAL, IDENT, INT_LITERAL, FLOAT_LITERAL, DOUBLE_LITERAL, REAL_LITERAL}
line 171:27 extraneous input '(' expecting {'\lemma', '}', IDENT, '/*!'}
line 171:30 mismatched input '=' expecting {'(', '{'}
line 173:38 mismatched input '}' expecting {'(', '{'}
line 179:14 mismatched input '\ifExintVar' expecting {MODALITY, FORALL, EXISTS, '\if', '\ifEx', 'true', 'false', '(', '{', '@', NOT, SEQARROW, '-', STRING_LITERAL, CHAR_LITERAL, BIN_LITERAL, HEX_LITERAL, IDENT, INT_LITERAL, FLOAT_LITERAL, DOUBLE_LITERAL, REAL_LITERAL}
line 179:27 extraneous input '(' expecting {'\lemma', '}', IDENT, '/*!'}
line 179:32 mismatched input '&' expecting {'(', '{'}
line 181:42 mismatched input '}' expecting {'(', '{'}
line 182:39 mismatched input '}' expecting {'(', '{'}
line 188:14 mismatched input '\ifExintVar' expecting {MODALITY, FORALL, EXISTS, '\if', '\ifEx', 'true', 'false', '(', '{', '@', NOT, SEQARROW, '-', STRING_LITERAL, CHAR_LITERAL, BIN_LITERAL, HEX_LITERAL, IDENT, INT_LITERAL, FLOAT_LITERAL, DOUBLE_LITERAL, REAL_LITERAL}
line 188:27 extraneous input '(' expecting {'\lemma', '}', IDENT, '/*!'}
line 188:32 mismatched input '&' expecting {'(', '{'}
line 190:42 mismatched input '}' expecting {'(', '{'}
line 191:39 mismatched input '}' expecting {'(', '{'}
line 198:14 mismatched input '\ifExintVar' expecting {MODALITY, FORALL, EXISTS, '\if', '\ifEx', 'true', 'false', '(', '{', '@', NOT, SEQARROW, '-', STRING_LITERAL, CHAR_LITERAL, BIN_LITERAL, HEX_LITERAL, IDENT, INT_LITERAL, FLOAT_LITERAL, DOUBLE_LITERAL, REAL_LITERAL}
line 198:27 extraneous input '(' expecting {'\lemma', '}', IDENT, '/*!'}
line 198:32 mismatched input '&' expecting {'(', '{'}
line 200:42 mismatched input '}' expecting {'(', '{'}
line 201:39 mismatched input '}' expecting {'(', '{'}
line 208:14 mismatched input '\ifExintVar' expecting {MODALITY, FORALL, EXISTS, '\if', '\ifEx', 'true', 'false', '(', '{', '@', NOT, SEQARROW, '-', STRING_LITERAL, CHAR_LITERAL, BIN_LITERAL, HEX_LITERAL, IDENT, INT_LITERAL, FLOAT_LITERAL, DOUBLE_LITERAL, REAL_LITERAL}
line 208:27 extraneous input '(' expecting {'\lemma', '}', IDENT, '/*!'}
line 208:32 mismatched input '&' expecting {'(', '{'}
line 210:42 mismatched input '}' expecting {'(', '{'}
line 211:39 mismatched input '}' expecting {'(', '{'}
line 218:14 mismatched input '\ifExintVar' expecting {MODALITY, FORALL, EXISTS, '\if', '\ifEx', 'true', 'false', '(', '{', '@', NOT, SEQARROW, '-', STRING_LITERAL, CHAR_LITERAL, BIN_LITERAL, HEX_LITERAL, IDENT, INT_LITERAL, FLOAT_LITERAL, DOUBLE_LITERAL, REAL_LITERAL}
line 218:27 extraneous input '(' expecting {'\lemma', '}', IDENT, '/*!'}
line 218:31 mismatched input ')' expecting {'(', '{'}
line 220:44 mismatched input ')' expecting {'(', '{'}
line 225:14 mismatched input '\ifExintVar' expecting {MODALITY, FORALL, EXISTS, '\if', '\ifEx', 'true', 'false', '(', '{', '@', NOT, SEQARROW, '-', STRING_LITERAL, CHAR_LITERAL, BIN_LITERAL, HEX_LITERAL, IDENT, INT_LITERAL, FLOAT_LITERAL, DOUBLE_LITERAL, REAL_LITERAL}
line 225:27 extraneous input '(' expecting {'\lemma', '}', IDENT, '/*!'}
line 225:31 mismatched input ')' expecting {'(', '{'}
line 227:44 mismatched input ')' expecting {'(', '{'}
line 233:14 mismatched input '\ifExintVar' expecting {MODALITY, FORALL, EXISTS, '\if', '\ifEx', 'true', 'false', '(', '{', '@', NOT, SEQARROW, '-', STRING_LITERAL, CHAR_LITERAL, BIN_LITERAL, HEX_LITERAL, IDENT, INT_LITERAL, FLOAT_LITERAL, DOUBLE_LITERAL, REAL_LITERAL}
line 233:27 extraneous input '(' expecting {'\lemma', '}', IDENT, '/*!'}
line 233:31 mismatched input ')' expecting {'(', '{'}
line 237:42 mismatched input '}' expecting {'(', '{'}
line 238:34 mismatched input '}' expecting {'(', '{'}
line 239:28 extraneous input '(' expecting {'\lemma', '}', IDENT, '/*!'}
line 239:33 mismatched input '->' expecting {'(', '{'}
line 240:8 extraneous input '\replacewith' expecting {'\lemma', '}', IDENT, '/*!'}
line 240:25 mismatched input ')' expecting {'(', '{'}
line 240:56 mismatched input ')' expecting {'(', '{'}
line 245:14 mismatched input '\ifExintVar' expecting {MODALITY, FORALL, EXISTS, '\if', '\ifEx', 'true', 'false', '(', '{', '@', NOT, SEQARROW, '-', STRING_LITERAL, CHAR_LITERAL, BIN_LITERAL, HEX_LITERAL, IDENT, INT_LITERAL, FLOAT_LITERAL, DOUBLE_LITERAL, REAL_LITERAL}
line 245:27 extraneous input '(' expecting {'\lemma', '}', IDENT, '/*!'}
line 245:31 mismatched input ')' expecting {'(', '{'}
line 248:45 mismatched input '}' expecting {'(', '{'}
line 249:8 extraneous input '\replacewith' expecting {'\lemma', '}', IDENT, '/*!'}
line 249:38 mismatched input ')' expecting {'(', '{'}
line 250:42 mismatched input '}' expecting {'(', '{'}
line 251:28 extraneous input '(' expecting {'\lemma', '}', IDENT, '/*!'}
line 251:33 mismatched input '->' expecting {'(', '{'}
line 255:14 mismatched input '\ifExintVar' expecting {MODALITY, FORALL, EXISTS, '\if', '\ifEx', 'true', 'false', '(', '{', '@', NOT, SEQARROW, '-', STRING_LITERAL, CHAR_LITERAL, BIN_LITERAL, HEX_LITERAL, IDENT, INT_LITERAL, FLOAT_LITERAL, DOUBLE_LITERAL, REAL_LITERAL}
line 255:27 extraneous input '(' expecting {'\lemma', '}', IDENT, '/*!'}
line 255:31 mismatched input ')' expecting {'(', '{'}
line 258:52 extraneous input '0' expecting {'\lemma', '}', IDENT, '/*!'}
line 258:54 mismatched input 'then' expecting {<EOF>, '\problem', '\chooseContract', '\proofObligation', '\proof'}

	at de.uka.ilkd.key.control.AbstractUserInterfaceControl.load(AbstractUserInterfaceControl.java:221)
Caused by: de.uka.ilkd.key.proof.init.ProofInputException: line 135:14 mismatched input '\ifExintVar' expecting {MODALITY, FORALL, EXISTS, '\if', '\ifEx', 'true', 'false', '(', '{', '@', NOT, SEQARROW, '-', STRING_LITERAL, CHAR_LITERAL, BIN_LITERAL, HEX_LITERAL, IDENT, INT_LITERAL, FLOAT_LITERAL, DOUBLE_LITERAL, REAL_LITERAL}
line 135:27 extraneous input '(' expecting {'\lemma', '}', IDENT, '/*!'}
line 135:44 mismatched input ')' expecting {'(', '{'}
line 141:14 mismatched input '\ifExintVar' expecting {MODALITY, FORALL, EXISTS, '\if', '\ifEx', 'true', 'false', '(', '{', '@', NOT, SEQARROW, '-', STRING_LITERAL, CHAR_LITERAL, BIN_LITERAL, HEX_LITERAL, IDENT, INT_LITERAL, FLOAT_LITERAL, DOUBLE_LITERAL, REAL_LITERAL}
line 141:27 extraneous input '(' expecting {'\lemma', '}', IDENT, '/*!'}
line 141:41 mismatched input ')' expecting {'(', '{'}
line 148:14 mismatched input '\ifExintVar' expecting {MODALITY, FORALL, EXISTS, '\if', '\ifEx', 'true', 'false', '(', '{', '@', NOT, SEQARROW, '-', STRING_LITERAL, CHAR_LITERAL, BIN_LITERAL, HEX_LITERAL, IDENT, INT_LITERAL, FLOAT_LITERAL, DOUBLE_LITERAL, REAL_LITERAL}
line 148:27 extraneous input '(' expecting {'\lemma', '}', IDENT, '/*!'}
line 148:35 mismatched input '=' expecting {'(', '{'}
line 150:38 mismatched input '}' expecting {'(', '{'}
line 155:14 mismatched input '\ifExintVar' expecting {MODALITY, FORALL, EXISTS, '\if', '\ifEx', 'true', 'false', '(', '{', '@', NOT, SEQARROW, '-', STRING_LITERAL, CHAR_LITERAL, BIN_LITERAL, HEX_LITERAL, IDENT, INT_LITERAL, FLOAT_LITERAL, DOUBLE_LITERAL, REAL_LITERAL}
line 155:27 extraneous input '(' expecting {'\lemma', '}', IDENT, '/*!'}
line 155:35 mismatched input '=' expecting {'(', '{'}
line 157:38 mismatched input '}' expecting {'(', '{'}
line 163:14 mismatched input '\ifExintVar' expecting {MODALITY, FORALL, EXISTS, '\if', '\ifEx', 'true', 'false', '(', '{', '@', NOT, SEQARROW, '-', STRING_LITERAL, CHAR_LITERAL, BIN_LITERAL, HEX_LITERAL, IDENT, INT_LITERAL, FLOAT_LITERAL, DOUBLE_LITERAL, REAL_LITERAL}
line 163:27 extraneous input '(' expecting {'\lemma', '}', IDENT, '/*!'}
line 163:30 mismatched input '=' expecting {'(', '{'}
line 165:38 mismatched input '}' expecting {'(', '{'}
line 171:14 mismatched input '\ifExintVar' expecting {MODALITY, FORALL, EXISTS, '\if', '\ifEx', 'true', 'false', '(', '{', '@', NOT, SEQARROW, '-', STRING_LITERAL, CHAR_LITERAL, BIN_LITERAL, HEX_LITERAL, IDENT, INT_LITERAL, FLOAT_LITERAL, DOUBLE_LITERAL, REAL_LITERAL}
line 171:27 extraneous input '(' expecting {'\lemma', '}', IDENT, '/*!'}
line 171:30 mismatched input '=' expecting {'(', '{'}
line 173:38 mismatched input '}' expecting {'(', '{'}
line 179:14 mismatched input '\ifExintVar' expecting {MODALITY, FORALL, EXISTS, '\if', '\ifEx', 'true', 'false', '(', '{', '@', NOT, SEQARROW, '-', STRING_LITERAL, CHAR_LITERAL, BIN_LITERAL, HEX_LITERAL, IDENT, INT_LITERAL, FLOAT_LITERAL, DOUBLE_LITERAL, REAL_LITERAL}
line 179:27 extraneous input '(' expecting {'\lemma', '}', IDENT, '/*!'}
line 179:32 mismatched input '&' expecting {'(', '{'}
line 181:42 mismatched input '}' expecting {'(', '{'}
line 182:39 mismatched input '}' expecting {'(', '{'}
line 188:14 mismatched input '\ifExintVar' expecting {MODALITY, FORALL, EXISTS, '\if', '\ifEx', 'true', 'false', '(', '{', '@', NOT, SEQARROW, '-', STRING_LITERAL, CHAR_LITERAL, BIN_LITERAL, HEX_LITERAL, IDENT, INT_LITERAL, FLOAT_LITERAL, DOUBLE_LITERAL, REAL_LITERAL}
line 188:27 extraneous input '(' expecting {'\lemma', '}', IDENT, '/*!'}
line 188:32 mismatched input '&' expecting {'(', '{'}
line 190:42 mismatched input '}' expecting {'(', '{'}
line 191:39 mismatched input '}' expecting {'(', '{'}
line 198:14 mismatched input '\ifExintVar' expecting {MODALITY, FORALL, EXISTS, '\if', '\ifEx', 'true', 'false', '(', '{', '@', NOT, SEQARROW, '-', STRING_LITERAL, CHAR_LITERAL, BIN_LITERAL, HEX_LITERAL, IDENT, INT_LITERAL, FLOAT_LITERAL, DOUBLE_LITERAL, REAL_LITERAL}
line 198:27 extraneous input '(' expecting {'\lemma', '}', IDENT, '/*!'}
line 198:32 mismatched input '&' expecting {'(', '{'}
line 200:42 mismatched input '}' expecting {'(', '{'}
line 201:39 mismatched input '}' expecting {'(', '{'}
line 208:14 mismatched input '\ifExintVar' expecting {MODALITY, FORALL, EXISTS, '\if', '\ifEx', 'true', 'false', '(', '{', '@', NOT, SEQARROW, '-', STRING_LITERAL, CHAR_LITERAL, BIN_LITERAL, HEX_LITERAL, IDENT, INT_LITERAL, FLOAT_LITERAL, DOUBLE_LITERAL, REAL_LITERAL}
line 208:27 extraneous input '(' expecting {'\lemma', '}', IDENT, '/*!'}
line 208:32 mismatched input '&' expecting {'(', '{'}
line 210:42 mismatched input '}' expecting {'(', '{'}
line 211:39 mismatched input '}' expecting {'(', '{'}
line 218:14 mismatched input '\ifExintVar' expecting {MODALITY, FORALL, EXISTS, '\if', '\ifEx', 'true', 'false', '(', '{', '@', NOT, SEQARROW, '-', STRING_LITERAL, CHAR_LITERAL, BIN_LITERAL, HEX_LITERAL, IDENT, INT_LITERAL, FLOAT_LITERAL, DOUBLE_LITERAL, REAL_LITERAL}
line 218:27 extraneous input '(' expecting {'\lemma', '}', IDENT, '/*!'}
line 218:31 mismatched input ')' expecting {'(', '{'}
line 220:44 mismatched input ')' expecting {'(', '{'}
line 225:14 mismatched input '\ifExintVar' expecting {MODALITY, FORALL, EXISTS, '\if', '\ifEx', 'true', 'false', '(', '{', '@', NOT, SEQARROW, '-', STRING_LITERAL, CHAR_LITERAL, BIN_LITERAL, HEX_LITERAL, IDENT, INT_LITERAL, FLOAT_LITERAL, DOUBLE_LITERAL, REAL_LITERAL}
line 225:27 extraneous input '(' expecting {'\lemma', '}', IDENT, '/*!'}
line 225:31 mismatched input ')' expecting {'(', '{'}
line 227:44 mismatched input ')' expecting {'(', '{'}
line 233:14 mismatched input '\ifExintVar' expecting {MODALITY, FORALL, EXISTS, '\if', '\ifEx', 'true', 'false', '(', '{', '@', NOT, SEQARROW, '-', STRING_LITERAL, CHAR_LITERAL, BIN_LITERAL, HEX_LITERAL, IDENT, INT_LITERAL, FLOAT_LITERAL, DOUBLE_LITERAL, REAL_LITERAL}
line 233:27 extraneous input '(' expecting {'\lemma', '}', IDENT, '/*!'}
line 233:31 mismatched input ')' expecting {'(', '{'}
line 237:42 mismatched input '}' expecting {'(', '{'}
line 238:34 mismatched input '}' expecting {'(', '{'}
line 239:28 extraneous input '(' expecting {'\lemma', '}', IDENT, '/*!'}
line 239:33 mismatched input '->' expecting {'(', '{'}
line 240:8 extraneous input '\replacewith' expecting {'\lemma', '}', IDENT, '/*!'}
line 240:25 mismatched input ')' expecting {'(', '{'}
line 240:56 mismatched input ')' expecting {'(', '{'}
line 245:14 mismatched input '\ifExintVar' expecting {MODALITY, FORALL, EXISTS, '\if', '\ifEx', 'true', 'false', '(', '{', '@', NOT, SEQARROW, '-', STRING_LITERAL, CHAR_LITERAL, BIN_LITERAL, HEX_LITERAL, IDENT, INT_LITERAL, FLOAT_LITERAL, DOUBLE_LITERAL, REAL_LITERAL}
line 245:27 extraneous input '(' expecting {'\lemma', '}', IDENT, '/*!'}
line 245:31 mismatched input ')' expecting {'(', '{'}
line 248:45 mismatched input '}' expecting {'(', '{'}
line 249:8 extraneous input '\replacewith' expecting {'\lemma', '}', IDENT, '/*!'}
line 249:38 mismatched input ')' expecting {'(', '{'}
line 250:42 mismatched input '}' expecting {'(', '{'}
line 251:28 extraneous input '(' expecting {'\lemma', '}', IDENT, '/*!'}
line 251:33 mismatched input '->' expecting {'(', '{'}
line 255:14 mismatched input '\ifExintVar' expecting {MODALITY, FORALL, EXISTS, '\if', '\ifEx', 'true', 'false', '(', '{', '@', NOT, SEQARROW, '-', STRING_LITERAL, CHAR_LITERAL, BIN_LITERAL, HEX_LITERAL, IDENT, INT_LITERAL, FLOAT_LITERAL, DOUBLE_LITERAL, REAL_LITERAL}
line 255:27 extraneous input '(' expecting {'\lemma', '}', IDENT, '/*!'}
line 255:31 mismatched input ')' expecting {'(', '{'}
line 258:52 extraneous input '0' expecting {'\lemma', '}', IDENT, '/*!'}
line 258:54 mismatched input 'then' expecting {<EOF>, '\problem', '\chooseContract', '\proofObligation', '\proof'}

	at de.uka.ilkd.key.proof.io.KeYFile.readIncludes(KeYFile.java:210)
Caused by: de.uka.ilkd.key.util.parsing.SyntaxErrorReporter$ParserException: line 135:14 mismatched input '\ifExintVar' expecting {MODALITY, FORALL, EXISTS, '\if', '\ifEx', 'true', 'false', '(', '{', '@', NOT, SEQARROW, '-', STRING_LITERAL, CHAR_LITERAL, BIN_LITERAL, HEX_LITERAL, IDENT, INT_LITERAL, FLOAT_LITERAL, DOUBLE_LITERAL, REAL_LITERAL}
line 135:27 extraneous input '(' expecting {'\lemma', '}', IDENT, '/*!'}
line 135:44 mismatched input ')' expecting {'(', '{'}
line 141:14 mismatched input '\ifExintVar' expecting {MODALITY, FORALL, EXISTS, '\if', '\ifEx', 'true', 'false', '(', '{', '@', NOT, SEQARROW, '-', STRING_LITERAL, CHAR_LITERAL, BIN_LITERAL, HEX_LITERAL, IDENT, INT_LITERAL, FLOAT_LITERAL, DOUBLE_LITERAL, REAL_LITERAL}
line 141:27 extraneous input '(' expecting {'\lemma', '}', IDENT, '/*!'}
line 141:41 mismatched input ')' expecting {'(', '{'}
line 148:14 mismatched input '\ifExintVar' expecting {MODALITY, FORALL, EXISTS, '\if', '\ifEx', 'true', 'false', '(', '{', '@', NOT, SEQARROW, '-', STRING_LITERAL, CHAR_LITERAL, BIN_LITERAL, HEX_LITERAL, IDENT, INT_LITERAL, FLOAT_LITERAL, DOUBLE_LITERAL, REAL_LITERAL}
line 148:27 extraneous input '(' expecting {'\lemma', '}', IDENT, '/*!'}
line 148:35 mismatched input '=' expecting {'(', '{'}
line 150:38 mismatched input '}' expecting {'(', '{'}
line 155:14 mismatched input '\ifExintVar' expecting {MODALITY, FORALL, EXISTS, '\if', '\ifEx', 'true', 'false', '(', '{', '@', NOT, SEQARROW, '-', STRING_LITERAL, CHAR_LITERAL, BIN_LITERAL, HEX_LITERAL, IDENT, INT_LITERAL, FLOAT_LITERAL, DOUBLE_LITERAL, REAL_LITERAL}
line 155:27 extraneous input '(' expecting {'\lemma', '}', IDENT, '/*!'}
line 155:35 mismatched input '=' expecting {'(', '{'}
line 157:38 mismatched input '}' expecting {'(', '{'}
line 163:14 mismatched input '\ifExintVar' expecting {MODALITY, FORALL, EXISTS, '\if', '\ifEx', 'true', 'false', '(', '{', '@', NOT, SEQARROW, '-', STRING_LITERAL, CHAR_LITERAL, BIN_LITERAL, HEX_LITERAL, IDENT, INT_LITERAL, FLOAT_LITERAL, DOUBLE_LITERAL, REAL_LITERAL}
line 163:27 extraneous input '(' expecting {'\lemma', '}', IDENT, '/*!'}
line 163:30 mismatched input '=' expecting {'(', '{'}
line 165:38 mismatched input '}' expecting {'(', '{'}
line 171:14 mismatched input '\ifExintVar' expecting {MODALITY, FORALL, EXISTS, '\if', '\ifEx', 'true', 'false', '(', '{', '@', NOT, SEQARROW, '-', STRING_LITERAL, CHAR_LITERAL, BIN_LITERAL, HEX_LITERAL, IDENT, INT_LITERAL, FLOAT_LITERAL, DOUBLE_LITERAL, REAL_LITERAL}
line 171:27 extraneous input '(' expecting {'\lemma', '}', IDENT, '/*!'}
line 171:30 mismatched input '=' expecting {'(', '{'}
line 173:38 mismatched input '}' expecting {'(', '{'}
line 179:14 mismatched input '\ifExintVar' expecting {MODALITY, FORALL, EXISTS, '\if', '\ifEx', 'true', 'false', '(', '{', '@', NOT, SEQARROW, '-', STRING_LITERAL, CHAR_LITERAL, BIN_LITERAL, HEX_LITERAL, IDENT, INT_LITERAL, FLOAT_LITERAL, DOUBLE_LITERAL, REAL_LITERAL}
line 179:27 extraneous input '(' expecting {'\lemma', '}', IDENT, '/*!'}
line 179:32 mismatched input '&' expecting {'(', '{'}
line 181:42 mismatched input '}' expecting {'(', '{'}
line 182:39 mismatched input '}' expecting {'(', '{'}
line 188:14 mismatched input '\ifExintVar' expecting {MODALITY, FORALL, EXISTS, '\if', '\ifEx', 'true', 'false', '(', '{', '@', NOT, SEQARROW, '-', STRING_LITERAL, CHAR_LITERAL, BIN_LITERAL, HEX_LITERAL, IDENT, INT_LITERAL, FLOAT_LITERAL, DOUBLE_LITERAL, REAL_LITERAL}
line 188:27 extraneous input '(' expecting {'\lemma', '}', IDENT, '/*!'}
line 188:32 mismatched input '&' expecting {'(', '{'}
line 190:42 mismatched input '}' expecting {'(', '{'}
line 191:39 mismatched input '}' expecting {'(', '{'}
line 198:14 mismatched input '\ifExintVar' expecting {MODALITY, FORALL, EXISTS, '\if', '\ifEx', 'true', 'false', '(', '{', '@', NOT, SEQARROW, '-', STRING_LITERAL, CHAR_LITERAL, BIN_LITERAL, HEX_LITERAL, IDENT, INT_LITERAL, FLOAT_LITERAL, DOUBLE_LITERAL, REAL_LITERAL}
line 198:27 extraneous input '(' expecting {'\lemma', '}', IDENT, '/*!'}
line 198:32 mismatched input '&' expecting {'(', '{'}
line 200:42 mismatched input '}' expecting {'(', '{'}
line 201:39 mismatched input '}' expecting {'(', '{'}
line 208:14 mismatched input '\ifExintVar' expecting {MODALITY, FORALL, EXISTS, '\if', '\ifEx', 'true', 'false', '(', '{', '@', NOT, SEQARROW, '-', STRING_LITERAL, CHAR_LITERAL, BIN_LITERAL, HEX_LITERAL, IDENT, INT_LITERAL, FLOAT_LITERAL, DOUBLE_LITERAL, REAL_LITERAL}
line 208:27 extraneous input '(' expecting {'\lemma', '}', IDENT, '/*!'}
line 208:32 mismatched input '&' expecting {'(', '{'}
line 210:42 mismatched input '}' expecting {'(', '{'}
line 211:39 mismatched input '}' expecting {'(', '{'}
line 218:14 mismatched input '\ifExintVar' expecting {MODALITY, FORALL, EXISTS, '\if', '\ifEx', 'true', 'false', '(', '{', '@', NOT, SEQARROW, '-', STRING_LITERAL, CHAR_LITERAL, BIN_LITERAL, HEX_LITERAL, IDENT, INT_LITERAL, FLOAT_LITERAL, DOUBLE_LITERAL, REAL_LITERAL}
line 218:27 extraneous input '(' expecting {'\lemma', '}', IDENT, '/*!'}
line 218:31 mismatched input ')' expecting {'(', '{'}
line 220:44 mismatched input ')' expecting {'(', '{'}
line 225:14 mismatched input '\ifExintVar' expecting {MODALITY, FORALL, EXISTS, '\if', '\ifEx', 'true', 'false', '(', '{', '@', NOT, SEQARROW, '-', STRING_LITERAL, CHAR_LITERAL, BIN_LITERAL, HEX_LITERAL, IDENT, INT_LITERAL, FLOAT_LITERAL, DOUBLE_LITERAL, REAL_LITERAL}
line 225:27 extraneous input '(' expecting {'\lemma', '}', IDENT, '/*!'}
line 225:31 mismatched input ')' expecting {'(', '{'}
line 227:44 mismatched input ')' expecting {'(', '{'}
line 233:14 mismatched input '\ifExintVar' expecting {MODALITY, FORALL, EXISTS, '\if', '\ifEx', 'true', 'false', '(', '{', '@', NOT, SEQARROW, '-', STRING_LITERAL, CHAR_LITERAL, BIN_LITERAL, HEX_LITERAL, IDENT, INT_LITERAL, FLOAT_LITERAL, DOUBLE_LITERAL, REAL_LITERAL}
line 233:27 extraneous input '(' expecting {'\lemma', '}', IDENT, '/*!'}
line 233:31 mismatched input ')' expecting {'(', '{'}
line 237:42 mismatched input '}' expecting {'(', '{'}
line 238:34 mismatched input '}' expecting {'(', '{'}
line 239:28 extraneous input '(' expecting {'\lemma', '}', IDENT, '/*!'}
line 239:33 mismatched input '->' expecting {'(', '{'}
line 240:8 extraneous input '\replacewith' expecting {'\lemma', '}', IDENT, '/*!'}
line 240:25 mismatched input ')' expecting {'(', '{'}
line 240:56 mismatched input ')' expecting {'(', '{'}
line 245:14 mismatched input '\ifExintVar' expecting {MODALITY, FORALL, EXISTS, '\if', '\ifEx', 'true', 'false', '(', '{', '@', NOT, SEQARROW, '-', STRING_LITERAL, CHAR_LITERAL, BIN_LITERAL, HEX_LITERAL, IDENT, INT_LITERAL, FLOAT_LITERAL, DOUBLE_LITERAL, REAL_LITERAL}
line 245:27 extraneous input '(' expecting {'\lemma', '}', IDENT, '/*!'}
line 245:31 mismatched input ')' expecting {'(', '{'}
line 248:45 mismatched input '}' expecting {'(', '{'}
line 249:8 extraneous input '\replacewith' expecting {'\lemma', '}', IDENT, '/*!'}
line 249:38 mismatched input ')' expecting {'(', '{'}
line 250:42 mismatched input '}' expecting {'(', '{'}
line 251:28 extraneous input '(' expecting {'\lemma', '}', IDENT, '/*!'}
line 251:33 mismatched input '->' expecting {'(', '{'}
line 255:14 mismatched input '\ifExintVar' expecting {MODALITY, FORALL, EXISTS, '\if', '\ifEx', 'true', 'false', '(', '{', '@', NOT, SEQARROW, '-', STRING_LITERAL, CHAR_LITERAL, BIN_LITERAL, HEX_LITERAL, IDENT, INT_LITERAL, FLOAT_LITERAL, DOUBLE_LITERAL, REAL_LITERAL}
line 255:27 extraneous input '(' expecting {'\lemma', '}', IDENT, '/*!'}
line 255:31 mismatched input ')' expecting {'(', '{'}
line 258:52 extraneous input '0' expecting {'\lemma', '}', IDENT, '/*!'}
line 258:54 mismatched input 'then' expecting {<EOF>, '\problem', '\chooseContract', '\proofObligation', '\proof'}

	at de.uka.ilkd.key.util.parsing.SyntaxErrorReporter.throwException(SyntaxErrorReporter.java:89)

302574     WARN  Test worker     d.u.i.k.n.KeYParser       [syntax-error] file:/home/runner/work/key/key/key.core/build/resources/main/de/uka/ilkd/key/proof/rules/ifThenElseRules.key:135:14: mismatched input '\ifExintVar' expecting {MODALITY, FORALL, EXISTS, '\if', '\ifEx', 'true', 'false', '(', '{', '@', NOT, SEQARROW, '-', STRING_LITERAL, CHAR_LITERAL, BIN_LITERAL, HEX_LITERAL, IDENT, INT_LITERAL, FLOAT_LITERAL, DOUBLE_LITERAL, REAL_LITERAL} [@745,3563:3573='\ifExintVar',<188>,135:14] (termorseq, taclet, rulesOrAxioms, decls, file) 
302574     WARN  Test worker     d.u.i.k.n.KeYParser       [syntax-error] file:/home/runner/work/key/key/key.core/build/resources/main/de/uka/ilkd/key/proof/rules/ifThenElseRules.key:135:27: extraneous input '(' expecting {'\lemma', '}', IDENT, '/*!'} [@748,3576:3576='(',<146>,135:27] (rulesOrAxioms, decls, file) 
302574     WARN  Test worker     d.u.i.k.n.KeYParser       [syntax-error] file:/home/runner/work/key/key/key.core/build/resources/main/de/uka/ilkd/key/proof/rules/ifThenElseRules.key:135:44: mismatched input ')' expecting {'(', '{'} [@754,3593:3593=')',<147>,135:44] (taclet, rulesOrAxioms, decls, file) 
302574     WARN  Test worker     d.u.i.k.n.KeYParser       [syntax-error] file:/home/runner/work/key/key/key.core/build/resources/main/de/uka/ilkd/key/proof/rules/ifThenElseRules.key:141:14: mismatched input '\ifExintVar' expecting {MODALITY, FORALL, EXISTS, '\if', '\ifEx', 'true', 'false', '(', '{', '@', NOT, SEQARROW, '-', STRING_LITERAL, CHAR_LITERAL, BIN_LITERAL, HEX_LITERAL, IDENT, INT_LITERAL, FLOAT_LITERAL, DOUBLE_LITERAL, REAL_LITERAL} [@780,3716:3726='\ifExintVar',<188>,141:14] (termorseq, taclet, rulesOrAxioms, decls, file) 
302574     WARN  Test worker     d.u.i.k.n.KeYParser       [syntax-error] file:/home/runner/work/key/key/key.core/build/resources/main/de/uka/ilkd/key/proof/rules/ifThenElseRules.key:141:27: extraneous input '(' expecting {'\lemma', '}', IDENT, '/*!'} [@783,3729:3729='(',<146>,141:27] (rulesOrAxioms, decls, file) 
302574     WARN  Test worker     d.u.i.k.n.KeYParser       [syntax-error] file:/home/runner/work/key/key/key.core/build/resources/main/de/uka/ilkd/key/proof/rules/ifThenElseRules.key:141:41: mismatched input ')' expecting {'(', '{'} [@789,3743:3743=')',<147>,141:41] (taclet, rulesOrAxioms, decls, file) 
302574     WARN  Test worker     d.u.i.k.n.KeYParser       [syntax-error] file:/home/runner/work/key/key/key.core/build/resources/main/de/uka/ilkd/key/proof/rules/ifThenElseRules.key:148:14: mismatched input '\ifExintVar' expecting {MODALITY, FORALL, EXISTS, '\if', '\ifEx', 'true', 'false', '(', '{', '@', NOT, SEQARROW, '-', STRING_LITERAL, CHAR_LITERAL, BIN_LITERAL, HEX_LITERAL, IDENT, INT_LITERAL, FLOAT_LITERAL, DOUBLE_LITERAL, REAL_LITERAL} [@819,3896:3906='\ifExintVar',<188>,148:14] (termorseq, taclet, rulesOrAxioms, decls, file) 
302574     WARN  Test worker     d.u.i.k.n.KeYParser       [syntax-error] file:/home/runner/work/key/key/key.core/build/resources/main/de/uka/ilkd/key/proof/rules/ifThenElseRules.key:148:27: extraneous input '(' expecting {'\lemma', '}', IDENT, '/*!'} [@822,3909:3909='(',<146>,148:27] (rulesOrAxioms, decls, file) 
302574     WARN  Test worker     d.u.i.k.n.KeYParser       [syntax-error] file:/home/runner/work/key/key/key.core/build/resources/main/de/uka/ilkd/key/proof/rules/ifThenElseRules.key:148:35: mismatched input '=' expecting {'(', '{'} [@825,3917:3917='=',<159>,148:35] (taclet, rulesOrAxioms, decls, file) 
302574     WARN  Test worker     d.u.i.k.n.KeYParser       [syntax-error] file:/home/runner/work/key/key/key.core/build/resources/main/de/uka/ilkd/key/proof/rules/ifThenElseRules.key:150:38: mismatched input '}' expecting {'(', '{'} [@859,4023:4023='}',<149>,150:38] (taclet, rulesOrAxioms, decls, file) 
302574     WARN  Test worker     d.u.i.k.n.KeYParser       [syntax-error] file:/home/runner/work/key/key/key.core/build/resources/main/de/uka/ilkd/key/proof/rules/ifThenElseRules.key:155:14: mismatched input '\ifExintVar' expecting {MODALITY, FORALL, EXISTS, '\if', '\ifEx', 'true', 'false', '(', '{', '@', NOT, SEQARROW, '-', STRING_LITERAL, CHAR_LITERAL, BIN_LITERAL, HEX_LITERAL, IDENT, INT_LITERAL, FLOAT_LITERAL, DOUBLE_LITERAL, REAL_LITERAL} [@877,4109:4119='\ifExintVar',<188>,155:14] (termorseq, taclet, rulesOrAxioms, decls, file) 
302574     WARN  Test worker     d.u.i.k.n.KeYParser       [syntax-error] file:/home/runner/work/key/key/key.core/build/resources/main/de/uka/ilkd/key/proof/rules/ifThenElseRules.key:155:27: extraneous input '(' expecting {'\lemma', '}', IDENT, '/*!'} [@880,4122:4122='(',<146>,155:27] (rulesOrAxioms, decls, file) 
302574     WARN  Test worker     d.u.i.k.n.KeYParser       [syntax-error] file:/home/runner/work/key/key/key.core/build/resources/main/de/uka/ilkd/key/proof/rules/ifThenElseRules.key:155:35: mismatched input '=' expecting {'(', '{'} [@883,4130:4130='=',<159>,155:35] (taclet, rulesOrAxioms, decls, file) 
302574     WARN  Test worker     d.u.i.k.n.KeYParser       [syntax-error] file:/home/runner/work/key/key/key.core/build/resources/main/de/uka/ilkd/key/proof/rules/ifThenElseRules.key:157:38: mismatched input '}' expecting {'(', '{'} [@917,4230:4230='}',<149>,157:38] (taclet, rulesOrAxioms, decls, file) 
302574     WARN  Test worker     d.u.i.k.n.KeYParser       [syntax-error] file:/home/runner/work/key/key/key.core/build/resources/main/de/uka/ilkd/key/proof/rules/ifThenElseRules.key:163:14: mismatched input '\ifExintVar' expecting {MODALITY, FORALL, EXISTS, '\if', '\ifEx', 'true', 'false', '(', '{', '@', NOT, SEQARROW, '-', STRING_LITERAL, CHAR_LITERAL, BIN_LITERAL, HEX_LITERAL, IDENT, INT_LITERAL, FLOAT_LITERAL, DOUBLE_LITERAL, REAL_LITERAL} [@939,4350:4360='\ifExintVar',<188>,163:14] (termorseq, taclet, rulesOrAxioms, decls, file) 
302574     WARN  Test worker     d.u.i.k.n.KeYParser       [syntax-error] file:/home/runner/work/key/key/key.core/build/resources/main/de/uka/ilkd/key/proof/rules/ifThenElseRules.key:163:27: extraneous input '(' expecting {'\lemma', '}', IDENT, '/*!'} [@942,4363:4363='(',<146>,163:27] (rulesOrAxioms, decls, file) 
302574     WARN  Test worker     d.u.i.k.n.KeYParser       [syntax-error] file:/home/runner/work/key/key/key.core/build/resources/main/de/uka/ilkd/key/proof/rules/ifThenElseRules.key:163:30: mismatched input '=' expecting {'(', '{'} [@945,4366:4366='=',<159>,163:30] (taclet, rulesOrAxioms, decls, file) 
302574     WARN  Test worker     d.u.i.k.n.KeYParser       [syntax-error] file:/home/runner/work/key/key/key.core/build/resources/main/de/uka/ilkd/key/proof/rules/ifThenElseRules.key:165:38: mismatched input '}' expecting {'(', '{'} [@979,4477:4477='}',<149>,165:38] (taclet, rulesOrAxioms, decls, file) 
302574     WARN  Test worker     d.u.i.k.n.KeYParser       [syntax-error] file:/home/runner/work/key/key/key.core/build/resources/main/de/uka/ilkd/key/proof/rules/ifThenElseRules.key:171:14: mismatched input '\ifExintVar' expecting {MODALITY, FORALL, EXISTS, '\if', '\ifEx', 'true', 'false', '(', '{', '@', NOT, SEQARROW, '-', STRING_LITERAL, CHAR_LITERAL, BIN_LITERAL, HEX_LITERAL, IDENT, INT_LITERAL, FLOAT_LITERAL, DOUBLE_LITERAL, REAL_LITERAL} [@1001,4604:4614='\ifExintVar',<188>,171:14] (termorseq, taclet, rulesOrAxioms, decls, file) 
302574     WARN  Test worker     d.u.i.k.n.KeYParser       [syntax-error] file:/home/runner/work/key/key/key.core/build/resources/main/de/uka/ilkd/key/proof/rules/ifThenElseRules.key:171:27: extraneous input '(' expecting {'\lemma', '}', IDENT, '/*!'} [@1004,4617:4617='(',<146>,171:27] (rulesOrAxioms, decls, file) 
302574     WARN  Test worker     d.u.i.k.n.KeYParser       [syntax-error] file:/home/runner/work/key/key/key.core/build/resources/main/de/uka/ilkd/key/proof/rules/ifThenElseRules.key:171:30: mismatched input '=' expecting {'(', '{'} [@1007,4620:4620='=',<159>,171:30] (taclet, rulesOrAxioms, decls, file) 
302574     WARN  Test worker     d.u.i.k.n.KeYParser       [syntax-error] file:/home/runner/work/key/key/key.core/build/resources/main/de/uka/ilkd/key/proof/rules/ifThenElseRules.key:173:38: mismatched input '}' expecting {'(', '{'} [@1041,4725:4725='}',<149>,173:38] (taclet, rulesOrAxioms, decls, file) 
302574     WARN  Test worker     d.u.i.k.n.KeYParser       [syntax-error] file:/home/runner/work/key/key/key.core/build/resources/main/de/uka/ilkd/key/proof/rules/ifThenElseRules.key:179:14: mismatched input '\ifExintVar' expecting {MODALITY, FORALL, EXISTS, '\if', '\ifEx', 'true', 'false', '(', '{', '@', NOT, SEQARROW, '-', STRING_LITERAL, CHAR_LITERAL, BIN_LITERAL, HEX_LITERAL, IDENT, INT_LITERAL, FLOAT_LITERAL, DOUBLE_LITERAL, REAL_LITERAL} [@1063,4848:4858='\ifExintVar',<188>,179:14] (termorseq, taclet, rulesOrAxioms, decls, file) 
302574     WARN  Test worker     d.u.i.k.n.KeYParser       [syntax-error] file:/home/runner/work/key/key/key.core/build/resources/main/de/uka/ilkd/key/proof/rules/ifThenElseRules.key:179:27: extraneous input '(' expecting {'\lemma', '}', IDENT, '/*!'} [@1066,4861:4861='(',<146>,179:27] (rulesOrAxioms, decls, file) 
302574     WARN  Test worker     d.u.i.k.n.KeYParser       [syntax-error] file:/home/runner/work/key/key/key.core/build/resources/main/de/uka/ilkd/key/proof/rules/ifThenElseRules.key:179:32: mismatched input '&' expecting {'(', '{'} [@1069,4866:4866='&',<156>,179:32] (taclet, rulesOrAxioms, decls, file) 
302574     WARN  Test worker     d.u.i.k.n.KeYParser       [syntax-error] file:/home/runner/work/key/key/key.core/build/resources/main/de/uka/ilkd/key/proof/rules/ifThenElseRules.key:181:42: mismatched input '}' expecting {'(', '{'} [@1109,4985:4985='}',<149>,181:42] (taclet, rulesOrAxioms, decls, file) 
302574     WARN  Test worker     d.u.i.k.n.KeYParser       [syntax-error] file:/home/runner/work/key/key/key.core/build/resources/main/de/uka/ilkd/key/proof/rules/ifThenElseRules.key:182:39: mismatched input '}' expecting {'(', '{'} [@1122,5030:5030='}',<149>,182:39] (taclet, rulesOrAxioms, decls, file) 
302574     WARN  Test worker     d.u.i.k.n.KeYParser       [syntax-error] file:/home/runner/work/key/key/key.core/build/resources/main/de/uka/ilkd/key/proof/rules/ifThenElseRules.key:188:14: mismatched input '\ifExintVar' expecting {MODALITY, FORALL, EXISTS, '\if', '\ifEx', 'true', 'false', '(', '{', '@', NOT, SEQARROW, '-', STRING_LITERAL, CHAR_LITERAL, BIN_LITERAL, HEX_LITERAL, IDENT, INT_LITERAL, FLOAT_LITERAL, DOUBLE_LITERAL, REAL_LITERAL} [@1146,5149:5159='\ifExintVar',<188>,188:14] (termorseq, taclet, rulesOrAxioms, decls, file) 
302575     WARN  Test worker     d.u.i.k.n.KeYParser       [syntax-error] file:/home/runner/work/key/key/key.core/build/resources/main/de/uka/ilkd/key/proof/rules/ifThenElseRules.key:188:27: extraneous input '(' expecting {'\lemma', '}', IDENT, '/*!'} [@1149,5162:5162='(',<146>,188:27] (rulesOrAxioms, decls, file) 
302575     WARN  Test worker     d.u.i.k.n.KeYParser       [syntax-error] file:/home/runner/work/key/key/key.core/build/resources/main/de/uka/ilkd/key/proof/rules/ifThenElseRules.key:188:32: mismatched input '&' expecting {'(', '{'} [@1152,5167:5167='&',<156>,188:32] (taclet, rulesOrAxioms, decls, file) 
302575     WARN  Test worker     d.u.i.k.n.KeYParser       [syntax-error] file:/home/runner/work/key/key/key.core/build/resources/main/de/uka/ilkd/key/proof/rules/ifThenElseRules.key:190:42: mismatched input '}' expecting {'(', '{'} [@1192,5280:5280='}',<149>,190:42] (taclet, rulesOrAxioms, decls, file) 
302575     WARN  Test worker     d.u.i.k.n.KeYParser       [syntax-error] file:/home/runner/work/key/key/key.core/build/resources/main/de/uka/ilkd/key/proof/rules/ifThenElseRules.key:191:39: mismatched input '}' expecting {'(', '{'} [@1205,5325:5325='}',<149>,191:39] (taclet, rulesOrAxioms, decls, file) 
302575     WARN  Test worker     d.u.i.k.n.KeYParser       [syntax-error] file:/home/runner/work/key/key/key.core/build/resources/main/de/uka/ilkd/key/proof/rules/ifThenElseRules.key:198:14: mismatched input '\ifExintVar' expecting {MODALITY, FORALL, EXISTS, '\if', '\ifEx', 'true', 'false', '(', '{', '@', NOT, SEQARROW, '-', STRING_LITERAL, CHAR_LITERAL, BIN_LITERAL, HEX_LITERAL, IDENT, INT_LITERAL, FLOAT_LITERAL, DOUBLE_LITERAL, REAL_LITERAL} [@1233,5475:5485='\ifExintVar',<188>,198:14] (termorseq, taclet, rulesOrAxioms, decls, file) 
302575     WARN  Test worker     d.u.i.k.n.KeYParser       [syntax-error] file:/home/runner/work/key/key/key.core/build/resources/main/de/uka/ilkd/key/proof/rules/ifThenElseRules.key:198:27: extraneous input '(' expecting {'\lemma', '}', IDENT, '/*!'} [@1236,5488:5488='(',<146>,198:27] (rulesOrAxioms, decls, file) 
302575     WARN  Test worker     d.u.i.k.n.KeYParser       [syntax-error] file:/home/runner/work/key/key/key.core/build/resources/main/de/uka/ilkd/key/proof/rules/ifThenElseRules.key:198:32: mismatched input '&' expecting {'(', '{'} [@1239,5493:5493='&',<156>,198:32] (taclet, rulesOrAxioms, decls, file) 
302575     WARN  Test worker     d.u.i.k.n.KeYParser       [syntax-error] file:/home/runner/work/key/key/key.core/build/resources/main/de/uka/ilkd/key/proof/rules/ifThenElseRules.key:200:42: mismatched input '}' expecting {'(', '{'} [@1279,5612:5612='}',<149>,200:42] (taclet, rulesOrAxioms, decls, file) 
302575     WARN  Test worker     d.u.i.k.n.KeYParser       [syntax-error] file:/home/runner/work/key/key/key.core/build/resources/main/de/uka/ilkd/key/proof/rules/ifThenElseRules.key:201:39: mismatched input '}' expecting {'(', '{'} [@1292,5657:5657='}',<149>,201:39] (taclet, rulesOrAxioms, decls, file) 
302575     WARN  Test worker     d.u.i.k.n.KeYParser       [syntax-error] file:/home/runner/work/key/key/key.core/build/resources/main/de/uka/ilkd/key/proof/rules/ifThenElseRules.key:208:14: mismatched input '\ifExintVar' expecting {MODALITY, FORALL, EXISTS, '\if', '\ifEx', 'true', 'false', '(', '{', '@', NOT, SEQARROW, '-', STRING_LITERAL, CHAR_LITERAL, BIN_LITERAL, HEX_LITERAL, IDENT, INT_LITERAL, FLOAT_LITERAL, DOUBLE_LITERAL, REAL_LITERAL} [@1320,5817:5827='\ifExintVar',<188>,208:14] (termorseq, taclet, rulesOrAxioms, decls, file) 
302575     WARN  Test worker     d.u.i.k.n.KeYParser       [syntax-error] file:/home/runner/work/key/key/key.core/build/resources/main/de/uka/ilkd/key/proof/rules/ifThenElseRules.key:208:27: extraneous input '(' expecting {'\lemma', '}', IDENT, '/*!'} [@1323,5830:5830='(',<146>,208:27] (rulesOrAxioms, decls, file) 
302575     WARN  Test worker     d.u.i.k.n.KeYParser       [syntax-error] file:/home/runner/work/key/key/key.core/build/resources/main/de/uka/ilkd/key/proof/rules/ifThenElseRules.key:208:32: mismatched input '&' expecting {'(', '{'} [@1326,5835:5835='&',<156>,208:32] (taclet, rulesOrAxioms, decls, file) 
302575     WARN  Test worker     d.u.i.k.n.KeYParser       [syntax-error] file:/home/runner/work/key/key/key.core/build/resources/main/de/uka/ilkd/key/proof/rules/ifThenElseRules.key:210:42: mismatched input '}' expecting {'(', '{'} [@1366,5948:5948='}',<149>,210:42] (taclet, rulesOrAxioms, decls, file) 
302575     WARN  Test worker     d.u.i.k.n.KeYParser       [syntax-error] file:/home/runner/work/key/key/key.core/build/resources/main/de/uka/ilkd/key/proof/rules/ifThenElseRules.key:211:39: mismatched input '}' expecting {'(', '{'} [@1379,5993:5993='}',<149>,211:39] (taclet, rulesOrAxioms, decls, file) 
302575     WARN  Test worker     d.u.i.k.n.KeYParser       [syntax-error] file:/home/runner/work/key/key/key.core/build/resources/main/de/uka/ilkd/key/proof/rules/ifThenElseRules.key:218:14: mismatched input '\ifExintVar' expecting {MODALITY, FORALL, EXISTS, '\if', '\ifEx', 'true', 'false', '(', '{', '@', NOT, SEQARROW, '-', STRING_LITERAL, CHAR_LITERAL, BIN_LITERAL, HEX_LITERAL, IDENT, INT_LITERAL, FLOAT_LITERAL, DOUBLE_LITERAL, REAL_LITERAL} [@1407,6146:6156='\ifExintVar',<188>,218:14] (termorseq, taclet, rulesOrAxioms, decls, file) 
302575     WARN  Test worker     d.u.i.k.n.KeYParser       [syntax-error] file:/home/runner/work/key/key/key.core/build/resources/main/de/uka/ilkd/key/proof/rules/ifThenElseRules.key:218:27: extraneous input '(' expecting {'\lemma', '}', IDENT, '/*!'} [@1410,6159:6159='(',<146>,218:27] (rulesOrAxioms, decls, file) 
302575     WARN  Test worker     d.u.i.k.n.KeYParser       [syntax-error] file:/home/runner/work/key/key/key.core/build/resources/main/de/uka/ilkd/key/proof/rules/ifThenElseRules.key:218:31: mismatched input ')' expecting {'(', '{'} [@1412,6163:6163=')',<147>,218:31] (taclet, rulesOrAxioms, decls, file) 
302575     WARN  Test worker     d.u.i.k.n.KeYParser       [syntax-error] file:/home/runner/work/key/key/key.core/build/resources/main/de/uka/ilkd/key/proof/rules/ifThenElseRules.key:220:44: mismatched input ')' expecting {'(', '{'} [@1444,6275:6275=')',<147>,220:44] (taclet, rulesOrAxioms, decls, file) 
302575     WARN  Test worker     d.u.i.k.n.KeYParser       [syntax-error] file:/home/runner/work/key/key/key.core/build/resources/main/de/uka/ilkd/key/proof/rules/ifThenElseRules.key:225:14: mismatched input '\ifExintVar' expecting {MODALITY, FORALL, EXISTS, '\if', '\ifEx', 'true', 'false', '(', '{', '@', NOT, SEQARROW, '-', STRING_LITERAL, CHAR_LITERAL, BIN_LITERAL, HEX_LITERAL, IDENT, INT_LITERAL, FLOAT_LITERAL, DOUBLE_LITERAL, REAL_LITERAL} [@1471,6389:6399='\ifExintVar',<188>,225:14] (termorseq, taclet, rulesOrAxioms, decls, file) 
302575     WARN  Test worker     d.u.i.k.n.KeYParser       [syntax-error] file:/home/runner/work/key/key/key.core/build/resources/main/de/uka/ilkd/key/proof/rules/ifThenElseRules.key:225:27: extraneous input '(' expecting {'\lemma', '}', IDENT, '/*!'} [@1474,6402:6402='(',<146>,225:27] (rulesOrAxioms, decls, file) 
302575     WARN  Test worker     d.u.i.k.n.KeYParser       [syntax-error] file:/home/runner/work/key/key/key.core/build/resources/main/de/uka/ilkd/key/proof/rules/ifThenElseRules.key:225:31: mismatched input ')' expecting {'(', '{'} [@1476,6406:6406=')',<147>,225:31] (taclet, rulesOrAxioms, decls, file) 
302575     WARN  Test worker     d.u.i.k.n.KeYParser       [syntax-error] file:/home/runner/work/key/key/key.core/build/resources/main/de/uka/ilkd/key/proof/rules/ifThenElseRules.key:227:44: mismatched input ')' expecting {'(', '{'} [@1508,6509:6509=')',<147>,227:44] (taclet, rulesOrAxioms, decls, file) 
302575     WARN  Test worker     d.u.i.k.n.KeYParser       [syntax-error] file:/home/runner/work/key/key/key.core/build/resources/main/de/uka/ilkd/key/proof/rules/ifThenElseRules.key:233:14: mismatched input '\ifExintVar' expecting {MODALITY, FORALL, EXISTS, '\if', '\ifEx', 'true', 'false', '(', '{', '@', NOT, SEQARROW, '-', STRING_LITERAL, CHAR_LITERAL, BIN_LITERAL, HEX_LITERAL, IDENT, INT_LITERAL, FLOAT_LITERAL, DOUBLE_LITERAL, REAL_LITERAL} [@1539,6656:6666='\ifExintVar',<188>,233:14] (termorseq, taclet, rulesOrAxioms, decls, file) 
302575     WARN  Test worker     d.u.i.k.n.KeYParser       [syntax-error] file:/home/runner/work/key/key/key.core/build/resources/main/de/uka/ilkd/key/proof/rules/ifThenElseRules.key:233:27: extraneous input '(' expecting {'\lemma', '}', IDENT, '/*!'} [@1542,6669:6669='(',<146>,233:27] (rulesOrAxioms, decls, file) 
302575     WARN  Test worker     d.u.i.k.n.KeYParser       [syntax-error] file:/home/runner/work/key/key/key.core/build/resources/main/de/uka/ilkd/key/proof/rules/ifThenElseRules.key:233:31: mismatched input ')' expecting {'(', '{'} [@1544,6673:6673=')',<147>,233:31] (taclet, rulesOrAxioms, decls, file) 
302575     WARN  Test worker     d.u.i.k.n.KeYParser       [syntax-error] file:/home/runner/work/key/key/key.core/build/resources/main/de/uka/ilkd/key/proof/rules/ifThenElseRules.key:237:42: mismatched input '}' expecting {'(', '{'} [@1586,6850:6850='}',<149>,237:42] (taclet, rulesOrAxioms, decls, file) 
302575     WARN  Test worker     d.u.i.k.n.KeYParser       [syntax-error] file:/home/runner/work/key/key/key.core/build/resources/main/de/uka/ilkd/key/proof/rules/ifThenElseRules.key:238:34: mismatched input '}' expecting {'(', '{'} [@1599,6891:6891='}',<149>,238:34] (taclet, rulesOrAxioms, decls, file) 
302575     WARN  Test worker     d.u.i.k.n.KeYParser       [syntax-error] file:/home/runner/work/key/key/key.core/build/resources/main/de/uka/ilkd/key/proof/rules/ifThenElseRules.key:239:28: extraneous input '(' expecting {'\lemma', '}', IDENT, '/*!'} [@1608,6925:6925='(',<146>,239:28] (rulesOrAxioms, decls, file) 
302575     WARN  Test worker     d.u.i.k.n.KeYParser       [syntax-error] file:/home/runner/work/key/key/key.core/build/resources/main/de/uka/ilkd/key/proof/rules/ifThenElseRules.key:239:33: mismatched input '->' expecting {'(', '{'} [@1611,6930:6931='->',<158>,239:33] (taclet, rulesOrAxioms, decls, file) 
302575     WARN  Test worker     d.u.i.k.n.KeYParser       [syntax-error] file:/home/runner/work/key/key/key.core/build/resources/main/de/uka/ilkd/key/proof/rules/ifThenElseRules.key:240:8: extraneous input '\replacewith' expecting {'\lemma', '}', IDENT, '/*!'} [@1626,6979:6990='\replacewith',<105>,240:8] (rulesOrAxioms, decls, file) 
302575     WARN  Test worker     d.u.i.k.n.KeYParser       [syntax-error] file:/home/runner/work/key/key/key.core/build/resources/main/de/uka/ilkd/key/proof/rules/ifThenElseRules.key:240:25: mismatched input ')' expecting {'(', '{'} [@1629,6996:6996=')',<147>,240:25] (taclet, rulesOrAxioms, decls, file) 
302575     WARN  Test worker     d.u.i.k.n.KeYParser       [syntax-error] file:/home/runner/work/key/key/key.core/build/resources/main/de/uka/ilkd/key/proof/rules/ifThenElseRules.key:240:56: mismatched input ')' expecting {'(', '{'} [@1642,7027:7027=')',<147>,240:56] (taclet, rulesOrAxioms, decls, file) 
302575     WARN  Test worker     d.u.i.k.n.KeYParser       [syntax-error] file:/home/runner/work/key/key/key.core/build/resources/main/de/uka/ilkd/key/proof/rules/ifThenElseRules.key:245:14: mismatched input '\ifExintVar' expecting {MODALITY, FORALL, EXISTS, '\if', '\ifEx', 'true', 'false', '(', '{', '@', NOT, SEQARROW, '-', STRING_LITERAL, CHAR_LITERAL, BIN_LITERAL, HEX_LITERAL, IDENT, INT_LITERAL, FLOAT_LITERAL, DOUBLE_LITERAL, REAL_LITERAL} [@1658,7109:7119='\ifExintVar',<188>,245:14] (termorseq, taclet, rulesOrAxioms, decls, file) 
302575     WARN  Test worker     d.u.i.k.n.KeYParser       [syntax-error] file:/home/runner/work/key/key/key.core/build/resources/main/de/uka/ilkd/key/proof/rules/ifThenElseRules.key:245:27: extraneous input '(' expecting {'\lemma', '}', IDENT, '/*!'} [@1661,7122:7122='(',<146>,245:27] (rulesOrAxioms, decls, file) 
302575     WARN  Test worker     d.u.i.k.n.KeYParser       [syntax-error] file:/home/runner/work/key/key/key.core/build/resources/main/de/uka/ilkd/key/proof/rules/ifThenElseRules.key:245:31: mismatched input ')' expecting {'(', '{'} [@1663,7126:7126=')',<147>,245:31] (taclet, rulesOrAxioms, decls, file) 
302575     WARN  Test worker     d.u.i.k.n.KeYParser       [syntax-error] file:/home/runner/work/key/key/key.core/build/resources/main/de/uka/ilkd/key/proof/rules/ifThenElseRules.key:248:45: mismatched input '}' expecting {'(', '{'} [@1696,7268:7268='}',<149>,248:45] (taclet, rulesOrAxioms, decls, file) 
302575     WARN  Test worker     d.u.i.k.n.KeYParser       [syntax-error] file:/home/runner/work/key/key/key.core/build/resources/main/de/uka/ilkd/key/proof/rules/ifThenElseRules.key:249:8: extraneous input '\replacewith' expecting {'\lemma', '}', IDENT, '/*!'} [@1701,7284:7295='\replacewith',<105>,249:8] (rulesOrAxioms, decls, file) 
302575     WARN  Test worker     d.u.i.k.n.KeYParser       [syntax-error] file:/home/runner/work/key/key/key.core/build/resources/main/de/uka/ilkd/key/proof/rules/ifThenElseRules.key:249:38: mismatched input ')' expecting {'(', '{'} [@1708,7314:7314=')',<147>,249:38] (taclet, rulesOrAxioms, decls, file) 
302575     WARN  Test worker     d.u.i.k.n.KeYParser       [syntax-error] file:/home/runner/work/key/key/key.core/build/resources/main/de/uka/ilkd/key/proof/rules/ifThenElseRules.key:250:42: mismatched input '}' expecting {'(', '{'} [@1731,7381:7381='}',<149>,250:42] (taclet, rulesOrAxioms, decls, file) 
302575     WARN  Test worker     d.u.i.k.n.KeYParser       [syntax-error] file:/home/runner/work/key/key/key.core/build/resources/main/de/uka/ilkd/key/proof/rules/ifThenElseRules.key:251:28: extraneous input '(' expecting {'\lemma', '}', IDENT, '/*!'} [@1741,7416:7416='(',<146>,251:28] (rulesOrAxioms, decls, file) 
302575     WARN  Test worker     d.u.i.k.n.KeYParser       [syntax-error] file:/home/runner/work/key/key/key.core/build/resources/main/de/uka/ilkd/key/proof/rules/ifThenElseRules.key:251:33: mismatched input '->' expecting {'(', '{'} [@1744,7421:7422='->',<158>,251:33] (taclet, rulesOrAxioms, decls, file) 
302575     WARN  Test worker     d.u.i.k.n.KeYParser       [syntax-error] file:/home/runner/work/key/key/key.core/build/resources/main/de/uka/ilkd/key/proof/rules/ifThenElseRules.key:255:14: mismatched input '\ifExintVar' expecting {MODALITY, FORALL, EXISTS, '\if', '\ifEx', 'true', 'false', '(', '{', '@', NOT, SEQARROW, '-', STRING_LITERAL, CHAR_LITERAL, BIN_LITERAL, HEX_LITERAL, IDENT, INT_LITERAL, FLOAT_LITERAL, DOUBLE_LITERAL, REAL_LITERAL} [@1765,7506:7516='\ifExintVar',<188>,255:14] (termorseq, taclet, rulesOrAxioms, decls, file) 
302575     WARN  Test worker     d.u.i.k.n.KeYParser       [syntax-error] file:/home/runner/work/key/key/key.core/build/resources/main/de/uka/ilkd/key/proof/rules/ifThenElseRules.key:255:27: extraneous input '(' expecting {'\lemma', '}', IDENT, '/*!'} [@1768,7519:7519='(',<146>,255:27] (rulesOrAxioms, decls, file) 
302575     WARN  Test worker     d.u.i.k.n.KeYParser       [syntax-error] file:/home/runner/work/key/key/key.core/build/resources/main/de/uka/ilkd/key/proof/rules/ifThenElseRules.key:255:31: mismatched input ')' expecting {'(', '{'} [@1770,7523:7523=')',<147>,255:31] (taclet, rulesOrAxioms, decls, file) 
302575     WARN  Test worker     d.u.i.k.n.KeYParser       [syntax-error] file:/home/runner/work/key/key/key.core/build/resources/main/de/uka/ilkd/key/proof/rules/ifThenElseRules.key:258:52: extraneous input '0' expecting {'\lemma', '}', IDENT, '/*!'} [@1809,7667:7667='0',<184>,258:52] (rulesOrAxioms, decls, file) 
302575     WARN  Test worker     d.u.i.k.n.KeYParser       [syntax-error] file:/home/runner/work/key/key/key.core/build/resources/main/de/uka/ilkd/key/proof/rules/ifThenElseRules.key:258:54: mismatched input 'then' expecting {<EOF>, '\problem', '\chooseContract', '\proofObligation', '\proof'} [@1811,7669:7672='then',<183>,258:54] (file) 
302576     ERROR Test worker     d.u.i.k.s.n.MasterHandlerTest Error reading /home/runner/work/key/key/key.core/build/resources/test/de/uka/ilkd/key/smt/newsmt2/cases/quant2.props de.uka.ilkd.key.proof.io.ProblemLoaderException: line 135:14 mismatched input '\ifExintVar' expecting {MODALITY, FORALL, EXISTS, '\if', '\ifEx', 'true', 'false', '(', '{', '@', NOT, SEQARROW, '-', STRING_LITERAL, CHAR_LITERAL, BIN_LITERAL, HEX_LITERAL, IDENT, INT_LITERAL, FLOAT_LITERAL, DOUBLE_LITERAL, REAL_LITERAL}
line 135:27 extraneous input '(' expecting {'\lemma', '}', IDENT, '/*!'}
line 135:44 mismatched input ')' expecting {'(', '{'}
line 141:14 mismatched input '\ifExintVar' expecting {MODALITY, FORALL, EXISTS, '\if', '\ifEx', 'true', 'false', '(', '{', '@', NOT, SEQARROW, '-', STRING_LITERAL, CHAR_LITERAL, BIN_LITERAL, HEX_LITERAL, IDENT, INT_LITERAL, FLOAT_LITERAL, DOUBLE_LITERAL, REAL_LITERAL}
line 141:27 extraneous input '(' expecting {'\lemma', '}', IDENT, '/*!'}
line 141:41 mismatched input ')' expecting {'(', '{'}
line 148:14 mismatched input '\ifExintVar' expecting {MODALITY, FORALL, EXISTS, '\if', '\ifEx', 'true', 'false', '(', '{', '@', NOT, SEQARROW, '-', STRING_LITERAL, CHAR_LITERAL, BIN_LITERAL, HEX_LITERAL, IDENT, INT_LITERAL, FLOAT_LITERAL, DOUBLE_LITERAL, REAL_LITERAL}
line 148:27 extraneous input '(' expecting {'\lemma', '}', IDENT, '/*!'}
line 148:35 mismatched input '=' expecting {'(', '{'}
line 150:38 mismatched input '}' expecting {'(', '{'}
line 155:14 mismatched input '\ifExintVar' expecting {MODALITY, FORALL, EXISTS, '\if', '\ifEx', 'true', 'false', '(', '{', '@', NOT, SEQARROW, '-', STRING_LITERAL, CHAR_LITERAL, BIN_LITERAL, HEX_LITERAL, IDENT, INT_LITERAL, FLOAT_LITERAL, DOUBLE_LITERAL, REAL_LITERAL}
line 155:27 extraneous input '(' expecting {'\lemma', '}', IDENT, '/*!'}
line 155:35 mismatched input '=' expecting {'(', '{'}
line 157:38 mismatched input '}' expecting {'(', '{'}
line 163:14 mismatched input '\ifExintVar' expecting {MODALITY, FORALL, EXISTS, '\if', '\ifEx', 'true', 'false', '(', '{', '@', NOT, SEQARROW, '-', STRING_LITERAL, CHAR_LITERAL, BIN_LITERAL, HEX_LITERAL, IDENT, INT_LITERAL, FLOAT_LITERAL, DOUBLE_LITERAL, REAL_LITERAL}
line 163:27 extraneous input '(' expecting {'\lemma', '}', IDENT, '/*!'}
line 163:30 mismatched input '=' expecting {'(', '{'}
line 165:38 mismatched input '}' expecting {'(', '{'}
line 171:14 mismatched input '\ifExintVar' expecting {MODALITY, FORALL, EXISTS, '\if', '\ifEx', 'true', 'false', '(', '{', '@', NOT, SEQARROW, '-', STRING_LITERAL, CHAR_LITERAL, BIN_LITERAL, HEX_LITERAL, IDENT, INT_LITERAL, FLOAT_LITERAL, DOUBLE_LITERAL, REAL_LITERAL}
line 171:27 extraneous input '(' expecting {'\lemma', '}', IDENT, '/*!'}
line 171:30 mismatched input '=' expecting {'(', '{'}
line 173:38 mismatched input '}' expecting {'(', '{'}
line 179:14 mismatched input '\ifExintVar' expecting {MODALITY, FORALL, EXISTS, '\if', '\ifEx', 'true', 'false', '(', '{', '@', NOT, SEQARROW, '-', STRING_LITERAL, CHAR_LITERAL, BIN_LITERAL, HEX_LITERAL, IDENT, INT_LITERAL, FLOAT_LITERAL, DOUBLE_LITERAL, REAL_LITERAL}
line 179:27 extraneous input '(' expecting {'\lemma', '}', IDENT, '/*!'}
line 179:32 mismatched input '&' expecting {'(', '{'}
line 181:42 mismatched input '}' expecting {'(', '{'}
line 182:39 mismatched input '}' expecting {'(', '{'}
line 188:14 mismatched input '\ifExintVar' expecting {MODALITY, FORALL, EXISTS, '\if', '\ifEx', 'true', 'false', '(', '{', '@', NOT, SEQARROW, '-', STRING_LITERAL, CHAR_LITERAL, BIN_LITERAL, HEX_LITERAL, IDENT, INT_LITERAL, FLOAT_LITERAL, DOUBLE_LITERAL, REAL_LITERAL}
line 188:27 extraneous input '(' expecting {'\lemma', '}', IDENT, '/*!'}
line 188:32 mismatched input '&' expecting {'(', '{'}
line 190:42 mismatched input '}' expecting {'(', '{'}
line 191:39 mismatched input '}' expecting {'(', '{'}
line 198:14 mismatched input '\ifExintVar' expecting {MODALITY, FORALL, EXISTS, '\if', '\ifEx', 'true', 'false', '(', '{', '@', NOT, SEQARROW, '-', STRING_LITERAL, CHAR_LITERAL, BIN_LITERAL, HEX_LITERAL, IDENT, INT_LITERAL, FLOAT_LITERAL, DOUBLE_LITERAL, REAL_LITERAL}
line 198:27 extraneous input '(' expecting {'\lemma', '}', IDENT, '/*!'}
line 198:32 mismatched input '&' expecting {'(', '{'}
line 200:42 mismatched input '}' expecting {'(', '{'}
line 201:39 mismatched input '}' expecting {'(', '{'}
line 208:14 mismatched input '\ifExintVar' expecting {MODALITY, FORALL, EXISTS, '\if', '\ifEx', 'true', 'false', '(', '{', '@', NOT, SEQARROW, '-', STRING_LITERAL, CHAR_LITERAL, BIN_LITERAL, HEX_LITERAL, IDENT, INT_LITERAL, FLOAT_LITERAL, DOUBLE_LITERAL, REAL_LITERAL}
line 208:27 extraneous input '(' expecting {'\lemma', '}', IDENT, '/*!'}
line 208:32 mismatched input '&' expecting {'(', '{'}
line 210:42 mismatched input '}' expecting {'(', '{'}
line 211:39 mismatched input '}' expecting {'(', '{'}
line 218:14 mismatched input '\ifExintVar' expecting {MODALITY, FORALL, EXISTS, '\if', '\ifEx', 'true', 'false', '(', '{', '@', NOT, SEQARROW, '-', STRING_LITERAL, CHAR_LITERAL, BIN_LITERAL, HEX_LITERAL, IDENT, INT_LITERAL, FLOAT_LITERAL, DOUBLE_LITERAL, REAL_LITERAL}
line 218:27 extraneous input '(' expecting {'\lemma', '}', IDENT, '/*!'}
line 218:31 mismatched input ')' expecting {'(', '{'}
line 220:44 mismatched input ')' expecting {'(', '{'}
line 225:14 mismatched input '\ifExintVar' expecting {MODALITY, FORALL, EXISTS, '\if', '\ifEx', 'true', 'false', '(', '{', '@', NOT, SEQARROW, '-', STRING_LITERAL, CHAR_LITERAL, BIN_LITERAL, HEX_LITERAL, IDENT, INT_LITERAL, FLOAT_LITERAL, DOUBLE_LITERAL, REAL_LITERAL}
line 225:27 extraneous input '(' expecting {'\lemma', '}', IDENT, '/*!'}
line 225:31 mismatched input ')' expecting {'(', '{'}
line 227:44 mismatched input ')' expecting {'(', '{'}
line 233:14 mismatched input '\ifExintVar' expecting {MODALITY, FORALL, EXISTS, '\if', '\ifEx', 'true', 'false', '(', '{', '@', NOT, SEQARROW, '-', STRING_LITERAL, CHAR_LITERAL, BIN_LITERAL, HEX_LITERAL, IDENT, INT_LITERAL, FLOAT_LITERAL, DOUBLE_LITERAL, REAL_LITERAL}
line 233:27 extraneous input '(' expecting {'\lemma', '}', IDENT, '/*!'}
line 233:31 mismatched input ')' expecting {'(', '{'}
line 237:42 mismatched input '}' expecting {'(', '{'}
line 238:34 mismatched input '}' expecting {'(', '{'}
line 239:28 extraneous input '(' expecting {'\lemma', '}', IDENT, '/*!'}
line 239:33 mismatched input '->' expecting {'(', '{'}
line 240:8 extraneous input '\replacewith' expecting {'\lemma', '}', IDENT, '/*!'}
line 240:25 mismatched input ')' expecting {'(', '{'}
line 240:56 mismatched input ')' expecting {'(', '{'}
line 245:14 mismatched input '\ifExintVar' expecting {MODALITY, FORALL, EXISTS, '\if', '\ifEx', 'true', 'false', '(', '{', '@', NOT, SEQARROW, '-', STRING_LITERAL, CHAR_LITERAL, BIN_LITERAL, HEX_LITERAL, IDENT, INT_LITERAL, FLOAT_LITERAL, DOUBLE_LITERAL, REAL_LITERAL}
line 245:27 extraneous input '(' expecting {'\lemma', '}', IDENT, '/*!'}
line 245:31 mismatched input ')' expecting {'(', '{'}
line 248:45 mismatched input '}' expecting {'(', '{'}
line 249:8 extraneous input '\replacewith' expecting {'\lemma', '}', IDENT, '/*!'}
line 249:38 mismatched input ')' expecting {'(', '{'}
line 250:42 mismatched input '}' expecting {'(', '{'}
line 251:28 extraneous input '(' expecting {'\lemma', '}', IDENT, '/*!'}
line 251:33 mismatched input '->' expecting {'(', '{'}
line 255:14 mismatched input '\ifExintVar' expecting {MODALITY, FORALL, EXISTS, '\if', '\ifEx', 'true', 'false', '(', '{', '@', NOT, SEQARROW, '-', STRING_LITERAL, CHAR_LITERAL, BIN_LITERAL, HEX_LITERAL, IDENT, INT_LITERAL, FLOAT_LITERAL, DOUBLE_LITERAL, REAL_LITERAL}
line 255:27 extraneous input '(' expecting {'\lemma', '}', IDENT, '/*!'}
line 255:31 mismatched input ')' expecting {'(', '{'}
line 258:52 extraneous input '0' expecting {'\lemma', '}', IDENT, '/*!'}
line 258:54 mismatched input 'then' expecting {<EOF>, '\problem', '\chooseContract', '\proofObligation', '\proof'}

	at de.uka.ilkd.key.control.AbstractUserInterfaceControl.load(AbstractUserInterfaceControl.java:221)
Caused by: de.uka.ilkd.key.proof.init.ProofInputException: line 135:14 mismatched input '\ifExintVar' expecting {MODALITY, FORALL, EXISTS, '\if', '\ifEx', 'true', 'false', '(', '{', '@', NOT, SEQARROW, '-', STRING_LITERAL, CHAR_LITERAL, BIN_LITERAL, HEX_LITERAL, IDENT, INT_LITERAL, FLOAT_LITERAL, DOUBLE_LITERAL, REAL_LITERAL}
line 135:27 extraneous input '(' expecting {'\lemma', '}', IDENT, '/*!'}
line 135:44 mismatched input ')' expecting {'(', '{'}
line 141:14 mismatched input '\ifExintVar' expecting {MODALITY, FORALL, EXISTS, '\if', '\ifEx', 'true', 'false', '(', '{', '@', NOT, SEQARROW, '-', STRING_LITERAL, CHAR_LITERAL, BIN_LITERAL, HEX_LITERAL, IDENT, INT_LITERAL, FLOAT_LITERAL, DOUBLE_LITERAL, REAL_LITERAL}
line 141:27 extraneous input '(' expecting {'\lemma', '}', IDENT, '/*!'}
line 141:41 mismatched input ')' expecting {'(', '{'}
line 148:14 mismatched input '\ifExintVar' expecting {MODALITY, FORALL, EXISTS, '\if', '\ifEx', 'true', 'false', '(', '{', '@', NOT, SEQARROW, '-', STRING_LITERAL, CHAR_LITERAL, BIN_LITERAL, HEX_LITERAL, IDENT, INT_LITERAL, FLOAT_LITERAL, DOUBLE_LITERAL, REAL_LITERAL}
line 148:27 extraneous input '(' expecting {'\lemma', '}', IDENT, '/*!'}
line 148:35 mismatched input '=' expecting {'(', '{'}
line 150:38 mismatched input '}' expecting {'(', '{'}
line 155:14 mismatched input '\ifExintVar' expecting {MODALITY, FORALL, EXISTS, '\if', '\ifEx', 'true', 'false', '(', '{', '@', NOT, SEQARROW, '-', STRING_LITERAL, CHAR_LITERAL, BIN_LITERAL, HEX_LITERAL, IDENT, INT_LITERAL, FLOAT_LITERAL, DOUBLE_LITERAL, REAL_LITERAL}
line 155:27 extraneous input '(' expecting {'\lemma', '}', IDENT, '/*!'}
line 155:35 mismatched input '=' expecting {'(', '{'}
line 157:38 mismatched input '}' expecting {'(', '{'}
line 163:14 mismatched input '\ifExintVar' expecting {MODALITY, FORALL, EXISTS, '\if', '\ifEx', 'true', 'false', '(', '{', '@', NOT, SEQARROW, '-', STRING_LITERAL, CHAR_LITERAL, BIN_LITERAL, HEX_LITERAL, IDENT, INT_LITERAL, FLOAT_LITERAL, DOUBLE_LITERAL, REAL_LITERAL}
line 163:27 extraneous input '(' expecting {'\lemma', '}', IDENT, '/*!'}
line 163:30 mismatched input '=' expecting {'(', '{'}
line 165:38 mismatched input '}' expecting {'(', '{'}
line 171:14 mismatched input '\ifExintVar' expecting {MODALITY, FORALL, EXISTS, '\if', '\ifEx', 'true', 'false', '(', '{', '@', NOT, SEQARROW, '-', STRING_LITERAL, CHAR_LITERAL, BIN_LITERAL, HEX_LITERAL, IDENT, INT_LITERAL, FLOAT_LITERAL, DOUBLE_LITERAL, REAL_LITERAL}
line 171:27 extraneous input '(' expecting {'\lemma', '}', IDENT, '/*!'}
line 171:30 mismatched input '=' expecting {'(', '{'}
line 173:38 mismatched input '}' expecting {'(', '{'}
line 179:14 mismatched input '\ifExintVar' expecting {MODALITY, FORALL, EXISTS, '\if', '\ifEx', 'true', 'false', '(', '{', '@', NOT, SEQARROW, '-', STRING_LITERAL, CHAR_LITERAL, BIN_LITERAL, HEX_LITERAL, IDENT, INT_LITERAL, FLOAT_LITERAL, DOUBLE_LITERAL, REAL_LITERAL}
line 179:27 extraneous input '(' expecting {'\lemma', '}', IDENT, '/*!'}
line 179:32 mismatched input '&' expecting {'(', '{'}
line 181:42 mismatched input '}' expecting {'(', '{'}
line 182:39 mismatched input '}' expecting {'(', '{'}
line 188:14 mismatched input '\ifExintVar' expecting {MODALITY, FORALL, EXISTS, '\if', '\ifEx', 'true', 'false', '(', '{', '@', NOT, SEQARROW, '-', STRING_LITERAL, CHAR_LITERAL, BIN_LITERAL, HEX_LITERAL, IDENT, INT_LITERAL, FLOAT_LITERAL, DOUBLE_LITERAL, REAL_LITERAL}
line 188:27 extraneous input '(' expecting {'\lemma', '}', IDENT, '/*!'}
line 188:32 mismatched input '&' expecting {'(', '{'}
line 190:42 mismatched input '}' expecting {'(', '{'}
line 191:39 mismatched input '}' expecting {'(', '{'}
line 198:14 mismatched input '\ifExintVar' expecting {MODALITY, FORALL, EXISTS, '\if', '\ifEx', 'true', 'false', '(', '{', '@', NOT, SEQARROW, '-', STRING_LITERAL, CHAR_LITERAL, BIN_LITERAL, HEX_LITERAL, IDENT, INT_LITERAL, FLOAT_LITERAL, DOUBLE_LITERAL, REAL_LITERAL}
line 198:27 extraneous input '(' expecting {'\lemma', '}', IDENT, '/*!'}
line 198:32 mismatched input '&' expecting {'(', '{'}
line 200:42 mismatched input '}' expecting {'(', '{'}
line 201:39 mismatched input '}' expecting {'(', '{'}
line 208:14 mismatched input '\ifExintVar' expecting {MODALITY, FORALL, EXISTS, '\if', '\ifEx', 'true', 'false', '(', '{', '@', NOT, SEQARROW, '-', STRING_LITERAL, CHAR_LITERAL, BIN_LITERAL, HEX_LITERAL, IDENT, INT_LITERAL, FLOAT_LITERAL, DOUBLE_LITERAL, REAL_LITERAL}
line 208:27 extraneous input '(' expecting {'\lemma', '}', IDENT, '/*!'}
line 208:32 mismatched input '&' expecting {'(', '{'}
line 210:42 mismatched input '}' expecting {'(', '{'}
line 211:39 mismatched input '}' expecting {'(', '{'}
line 218:14 mismatched input '\ifExintVar' expecting {MODALITY, FORALL, EXISTS, '\if', '\ifEx', 'true', 'false', '(', '{', '@', NOT, SEQARROW, '-', STRING_LITERAL, CHAR_LITERAL, BIN_LITERAL, HEX_LITERAL, IDENT, INT_LITERAL, FLOAT_LITERAL, DOUBLE_LITERAL, REAL_LITERAL}
line 218:27 extraneous input '(' expecting {'\lemma', '}', IDENT, '/*!'}
line 218:31 mismatched input ')' expecting {'(', '{'}
line 220:44 mismatched input ')' expecting {'(', '{'}
line 225:14 mismatched input '\ifExintVar' expecting {MODALITY, FORALL, EXISTS, '\if', '\ifEx', 'true', 'false', '(', '{', '@', NOT, SEQARROW, '-', STRING_LITERAL, CHAR_LITERAL, BIN_LITERAL, HEX_LITERAL, IDENT, INT_LITERAL, FLOAT_LITERAL, DOUBLE_LITERAL, REAL_LITERAL}
line 225:27 extraneous input '(' expecting {'\lemma', '}', IDENT, '/*!'}
line 225:31 mismatched input ')' expecting {'(', '{'}
line 227:44 mismatched input ')' expecting {'(', '{'}
line 233:14 mismatched input '\ifExintVar' expecting {MODALITY, FORALL, EXISTS, '\if', '\ifEx', 'true', 'false', '(', '{', '@', NOT, SEQARROW, '-', STRING_LITERAL, CHAR_LITERAL, BIN_LITERAL, HEX_LITERAL, IDENT, INT_LITERAL, FLOAT_LITERAL, DOUBLE_LITERAL, REAL_LITERAL}
line 233:27 extraneous input '(' expecting {'\lemma', '}', IDENT, '/*!'}
line 233:31 mismatched input ')' expecting {'(', '{'}
line 237:42 mismatched input '}' expecting {'(', '{'}
line 238:34 mismatched input '}' expecting {'(', '{'}
line 239:28 extraneous input '(' expecting {'\lemma', '}', IDENT, '/*!'}
line 239:33 mismatched input '->' expecting {'(', '{'}
line 240:8 extraneous input '\replacewith' expecting {'\lemma', '}', IDENT, '/*!'}
line 240:25 mismatched input ')' expecting {'(', '{'}
line 240:56 mismatched input ')' expecting {'(', '{'}
line 245:14 mismatched input '\ifExintVar' expecting {MODALITY, FORALL, EXISTS, '\if', '\ifEx', 'true', 'false', '(', '{', '@', NOT, SEQARROW, '-', STRING_LITERAL, CHAR_LITERAL, BIN_LITERAL, HEX_LITERAL, IDENT, INT_LITERAL, FLOAT_LITERAL, DOUBLE_LITERAL, REAL_LITERAL}
line 245:27 extraneous input '(' expecting {'\lemma', '}', IDENT, '/*!'}
line 245:31 mismatched input ')' expecting {'(', '{'}
line 248:45 mismatched input '}' expecting {'(', '{'}
line 249:8 extraneous input '\replacewith' expecting {'\lemma', '}', IDENT, '/*!'}
line 249:38 mismatched input ')' expecting {'(', '{'}
line 250:42 mismatched input '}' expecting {'(', '{'}
line 251:28 extraneous input '(' expecting {'\lemma', '}', IDENT, '/*!'}
line 251:33 mismatched input '->' expecting {'(', '{'}
line 255:14 mismatched input '\ifExintVar' expecting {MODALITY, FORALL, EXISTS, '\if', '\ifEx', 'true', 'false', '(', '{', '@', NOT, SEQARROW, '-', STRING_LITERAL, CHAR_LITERAL, BIN_LITERAL, HEX_LITERAL, IDENT, INT_LITERAL, FLOAT_LITERAL, DOUBLE_LITERAL, REAL_LITERAL}
line 255:27 extraneous input '(' expecting {'\lemma', '}', IDENT, '/*!'}
line 255:31 mismatched input ')' expecting {'(', '{'}
line 258:52 extraneous input '0' expecting {'\lemma', '}', IDENT, '/*!'}
line 258:54 mismatched input 'then' expecting {<EOF>, '\problem', '\chooseContract', '\proofObligation', '\proof'}

	at de.uka.ilkd.key.proof.io.KeYFile.readIncludes(KeYFile.java:210)
Caused by: de.uka.ilkd.key.util.parsing.SyntaxErrorReporter$ParserException: line 135:14 mismatched input '\ifExintVar' expecting {MODALITY, FORALL, EXISTS, '\if', '\ifEx', 'true', 'false', '(', '{', '@', NOT, SEQARROW, '-', STRING_LITERAL, CHAR_LITERAL, BIN_LITERAL, HEX_LITERAL, IDENT, INT_LITERAL, FLOAT_LITERAL, DOUBLE_LITERAL, REAL_LITERAL}
line 135:27 extraneous input '(' expecting {'\lemma', '}', IDENT, '/*!'}
line 135:44 mismatched input ')' expecting {'(', '{'}
line 141:14 mismatched input '\ifExintVar' expecting {MODALITY, FORALL, EXISTS, '\if', '\ifEx', 'true', 'false', '(', '{', '@', NOT, SEQARROW, '-', STRING_LITERAL, CHAR_LITERAL, BIN_LITERAL, HEX_LITERAL, IDENT, INT_LITERAL, FLOAT_LITERAL, DOUBLE_LITERAL, REAL_LITERAL}
line 141:27 extraneous input '(' expecting {'\lemma', '}', IDENT, '/*!'}
line 141:41 mismatched input ')' expecting {'(', '{'}
line 148:14 mismatched input '\ifExintVar' expecting {MODALITY, FORALL, EXISTS, '\if', '\ifEx', 'true', 'false', '(', '{', '@', NOT, SEQARROW, '-', STRING_LITERAL, CHAR_LITERAL, BIN_LITERAL, HEX_LITERAL, IDENT, INT_LITERAL, FLOAT_LITERAL, DOUBLE_LITERAL, REAL_LITERAL}
line 148:27 extraneous input '(' expecting {'\lemma', '}', IDENT, '/*!'}
line 148:35 mismatched input '=' expecting {'(', '{'}
line 150:38 mismatched input '}' expecting {'(', '{'}
line 155:14 mismatched input '\ifExintVar' expecting {MODALITY, FORALL, EXISTS, '\if', '\ifEx', 'true', 'false', '(', '{', '@', NOT, SEQARROW, '-', STRING_LITERAL, CHAR_LITERAL, BIN_LITERAL, HEX_LITERAL, IDENT, INT_LITERAL, FLOAT_LITERAL, DOUBLE_LITERAL, REAL_LITERAL}
line 155:27 extraneous input '(' expecting {'\lemma', '}', IDENT, '/*!'}
line 155:35 mismatched input '=' expecting {'(', '{'}
line 157:38 mismatched input '}' expecting {'(', '{'}
line 163:14 mismatched input '\ifExintVar' expecting {MODALITY, FORALL, EXISTS, '\if', '\ifEx', 'true', 'false', '(', '{', '@', NOT, SEQARROW, '-', STRING_LITERAL, CHAR_LITERAL, BIN_LITERAL, HEX_LITERAL, IDENT, INT_LITERAL, FLOAT_LITERAL, DOUBLE_LITERAL, REAL_LITERAL}
line 163:27 extraneous input '(' expecting {'\lemma', '}', IDENT, '/*!'}
line 163:30 mismatched input '=' expecting {'(', '{'}
line 165:38 mismatched input '}' expecting {'(', '{'}
line 171:14 mismatched input '\ifExintVar' expecting {MODALITY, FORALL, EXISTS, '\if', '\ifEx', 'true', 'false', '(', '{', '@', NOT, SEQARROW, '-', STRING_LITERAL, CHAR_LITERAL, BIN_LITERAL, HEX_LITERAL, IDENT, INT_LITERAL, FLOAT_LITERAL, DOUBLE_LITERAL, REAL_LITERAL}
line 171:27 extraneous input '(' expecting {'\lemma', '}', IDENT, '/*!'}
line 171:30 mismatched input '=' expecting {'(', '{'}
line 173:38 mismatched input '}' expecting {'(', '{'}
line 179:14 mismatched input '\ifExintVar' expecting {MODALITY, FORALL, EXISTS, '\if', '\ifEx', 'true', 'false', '(', '{', '@', NOT, SEQARROW, '-', STRING_LITERAL, CHAR_LITERAL, BIN_LITERAL, HEX_LITERAL, IDENT, INT_LITERAL, FLOAT_LITERAL, DOUBLE_LITERAL, REAL_LITERAL}
line 179:27 extraneous input '(' expecting {'\lemma', '}', IDENT, '/*!'}
line 179:32 mismatched input '&' expecting {'(', '{'}
line 181:42 mismatched input '}' expecting {'(', '{'}
line 182:39 mismatched input '}' expecting {'(', '{'}
line 188:14 mismatched input '\ifExintVar' expecting {MODALITY, FORALL, EXISTS, '\if', '\ifEx', 'true', 'false', '(', '{', '@', NOT, SEQARROW, '-', STRING_LITERAL, CHAR_LITERAL, BIN_LITERAL, HEX_LITERAL, IDENT, INT_LITERAL, FLOAT_LITERAL, DOUBLE_LITERAL, REAL_LITERAL}
line 188:27 extraneous input '(' expecting {'\lemma', '}', IDENT, '/*!'}
line 188:32 mismatched input '&' expecting {'(', '{'}
line 190:42 mismatched input '}' expecting {'(', '{'}
line 191:39 mismatched input '}' expecting {'(', '{'}
line 198:14 mismatched input '\ifExintVar' expecting {MODALITY, FORALL, EXISTS, '\if', '\ifEx', 'true', 'false', '(', '{', '@', NOT, SEQARROW, '-', STRING_LITERAL, CHAR_LITERAL, BIN_LITERAL, HEX_LITERAL, IDENT, INT_LITERAL, FLOAT_LITERAL, DOUBLE_LITERAL, REAL_LITERAL}
line 198:27 extraneous input '(' expecting {'\lemma', '}', IDENT, '/*!'}
line 198:32 mismatched input '&' expecting {'(', '{'}
line 200:42 mismatched input '}' expecting {'(', '{'}
line 201:39 mismatched input '}' expecting {'(', '{'}
line 208:14 mismatched input '\ifExintVar' expecting {MODALITY, FORALL, EXISTS, '\if', '\ifEx', 'true', 'false', '(', '{', '@', NOT, SEQARROW, '-', STRING_LITERAL, CHAR_LITERAL, BIN_LITERAL, HEX_LITERAL, IDENT, INT_LITERAL, FLOAT_LITERAL, DOUBLE_LITERAL, REAL_LITERAL}
line 208:27 extraneous input '(' expecting {'\lemma', '}', IDENT, '/*!'}
line 208:32 mismatched input '&' expecting {'(', '{'}
line 210:42 mismatched input '}' expecting {'(', '{'}
line 211:39 mismatched input '}' expecting {'(', '{'}
line 218:14 mismatched input '\ifExintVar' expecting {MODALITY, FORALL, EXISTS, '\if', '\ifEx', 'true', 'false', '(', '{', '@', NOT, SEQARROW, '-', STRING_LITERAL, CHAR_LITERAL, BIN_LITERAL, HEX_LITERAL, IDENT, INT_LITERAL, FLOAT_LITERAL, DOUBLE_LITERAL, REAL_LITERAL}
line 218:27 extraneous input '(' expecting {'\lemma', '}', IDENT, '/*!'}
line 218:31 mismatched input ')' expecting {'(', '{'}
line 220:44 mismatched input ')' expecting {'(', '{'}
line 225:14 mismatched input '\ifExintVar' expecting {MODALITY, FORALL, EXISTS, '\if', '\ifEx', 'true', 'false', '(', '{', '@', NOT, SEQARROW, '-', STRING_LITERAL, CHAR_LITERAL, BIN_LITERAL, HEX_LITERAL, IDENT, INT_LITERAL, FLOAT_LITERAL, DOUBLE_LITERAL, REAL_LITERAL}
line 225:27 extraneous input '(' expecting {'\lemma', '}', IDENT, '/*!'}
line 225:31 mismatched input ')' expecting {'(', '{'}
line 227:44 mismatched input ')' expecting {'(', '{'}
line 233:14 mismatched input '\ifExintVar' expecting {MODALITY, FORALL, EXISTS, '\if', '\ifEx', 'true', 'false', '(', '{', '@', NOT, SEQARROW, '-', STRING_LITERAL, CHAR_LITERAL, BIN_LITERAL, HEX_LITERAL, IDENT, INT_LITERAL, FLOAT_LITERAL, DOUBLE_LITERAL, REAL_LITERAL}
line 233:27 extraneous input '(' expecting {'\lemma', '}', IDENT, '/*!'}
line 233:31 mismatched input ')' expecting {'(', '{'}
line 237:42 mismatched input '}' expecting {'(', '{'}
line 238:34 mismatched input '}' expecting {'(', '{'}
line 239:28 extraneous input '(' expecting {'\lemma', '}', IDENT, '/*!'}
line 239:33 mismatched input '->' expecting {'(', '{'}
line 240:8 extraneous input '\replacewith' expecting {'\lemma', '}', IDENT, '/*!'}
line 240:25 mismatched input ')' expecting {'(', '{'}
line 240:56 mismatched input ')' expecting {'(', '{'}
line 245:14 mismatched input '\ifExintVar' expecting {MODALITY, FORALL, EXISTS, '\if', '\ifEx', 'true', 'false', '(', '{', '@', NOT, SEQARROW, '-', STRING_LITERAL, CHAR_LITERAL, BIN_LITERAL, HEX_LITERAL, IDENT, INT_LITERAL, FLOAT_LITERAL, DOUBLE_LITERAL, REAL_LITERAL}
line 245:27 extraneous input '(' expecting {'\lemma', '}', IDENT, '/*!'}
line 245:31 mismatched input ')' expecting {'(', '{'}
line 248:45 mismatched input '}' expecting {'(', '{'}
line 249:8 extraneous input '\replacewith' expecting {'\lemma', '}', IDENT, '/*!'}
line 249:38 mismatched input ')' expecting {'(', '{'}
line 250:42 mismatched input '}' expecting {'(', '{'}
line 251:28 extraneous input '(' expecting {'\lemma', '}', IDENT, '/*!'}
line 251:33 mismatched input '->' expecting {'(', '{'}
line 255:14 mismatched input '\ifExintVar' expecting {MODALITY, FORALL, EXISTS, '\if', '\ifEx', 'true', 'false', '(', '{', '@', NOT, SEQARROW, '-', STRING_LITERAL, CHAR_LITERAL, BIN_LITERAL, HEX_LITERAL, IDENT, INT_LITERAL, FLOAT_LITERAL, DOUBLE_LITERAL, REAL_LITERAL}
line 255:27 extraneous input '(' expecting {'\lemma', '}', IDENT, '/*!'}
line 255:31 mismatched input ')' expecting {'(', '{'}
line 258:52 extraneous input '0' expecting {'\lemma', '}', IDENT, '/*!'}
line 258:54 mismatched input 'then' expecting {<EOF>, '\problem', '\chooseContract', '\proofObligation', '\proof'}

	at de.uka.ilkd.key.util.parsing.SyntaxErrorReporter.throwException(SyntaxErrorReporter.java:89)

302639     WARN  Test worker     d.u.i.k.n.KeYParser       [syntax-error] file:/home/runner/work/key/key/key.core/build/resources/main/de/uka/ilkd/key/proof/rules/ifThenElseRules.key:135:14: mismatched input '\ifExintVar' expecting {MODALITY, FORALL, EXISTS, '\if', '\ifEx', 'true', 'false', '(', '{', '@', NOT, SEQARROW, '-', STRING_LITERAL, CHAR_LITERAL, BIN_LITERAL, HEX_LITERAL, IDENT, INT_LITERAL, FLOAT_LITERAL, DOUBLE_LITERAL, REAL_LITERAL} [@745,3563:3573='\ifExintVar',<188>,135:14] (termorseq, taclet, rulesOrAxioms, decls, file) 
302639     WARN  Test worker     d.u.i.k.n.KeYParser       [syntax-error] file:/home/runner/work/key/key/key.core/build/resources/main/de/uka/ilkd/key/proof/rules/ifThenElseRules.key:135:27: extraneous input '(' expecting {'\lemma', '}', IDENT, '/*!'} [@748,3576:3576='(',<146>,135:27] (rulesOrAxioms, decls, file) 
302639     WARN  Test worker     d.u.i.k.n.KeYParser       [syntax-error] file:/home/runner/work/key/key/key.core/build/resources/main/de/uka/ilkd/key/proof/rules/ifThenElseRules.key:135:44: mismatched input ')' expecting {'(', '{'} [@754,3593:3593=')',<147>,135:44] (taclet, rulesOrAxioms, decls, file) 
302639     WARN  Test worker     d.u.i.k.n.KeYParser       [syntax-error] file:/home/runner/work/key/key/key.core/build/resources/main/de/uka/ilkd/key/proof/rules/ifThenElseRules.key:141:14: mismatched input '\ifExintVar' expecting {MODALITY, FORALL, EXISTS, '\if', '\ifEx', 'true', 'false', '(', '{', '@', NOT, SEQARROW, '-', STRING_LITERAL, CHAR_LITERAL, BIN_LITERAL, HEX_LITERAL, IDENT, INT_LITERAL, FLOAT_LITERAL, DOUBLE_LITERAL, REAL_LITERAL} [@780,3716:3726='\ifExintVar',<188>,141:14] (termorseq, taclet, rulesOrAxioms, decls, file) 
302639     WARN  Test worker     d.u.i.k.n.KeYParser       [syntax-error] file:/home/runner/work/key/key/key.core/build/resources/main/de/uka/ilkd/key/proof/rules/ifThenElseRules.key:141:27: extraneous input '(' expecting {'\lemma', '}', IDENT, '/*!'} [@783,3729:3729='(',<146>,141:27] (rulesOrAxioms, decls, file) 
302639     WARN  Test worker     d.u.i.k.n.KeYParser       [syntax-error] file:/home/runner/work/key/key/key.core/build/resources/main/de/uka/ilkd/key/proof/rules/ifThenElseRules.key:141:41: mismatched input ')' expecting {'(', '{'} [@789,3743:3743=')',<147>,141:41] (taclet, rulesOrAxioms, decls, file) 
302639     WARN  Test worker     d.u.i.k.n.KeYParser       [syntax-error] file:/home/runner/work/key/key/key.core/build/resources/main/de/uka/ilkd/key/proof/rules/ifThenElseRules.key:148:14: mismatched input '\ifExintVar' expecting {MODALITY, FORALL, EXISTS, '\if', '\ifEx', 'true', 'false', '(', '{', '@', NOT, SEQARROW, '-', STRING_LITERAL, CHAR_LITERAL, BIN_LITERAL, HEX_LITERAL, IDENT, INT_LITERAL, FLOAT_LITERAL, DOUBLE_LITERAL, REAL_LITERAL} [@819,3896:3906='\ifExintVar',<188>,148:14] (termorseq, taclet, rulesOrAxioms, decls, file) 
302639     WARN  Test worker     d.u.i.k.n.KeYParser       [syntax-error] file:/home/runner/work/key/key/key.core/build/resources/main/de/uka/ilkd/key/proof/rules/ifThenElseRules.key:148:27: extraneous input '(' expecting {'\lemma', '}', IDENT, '/*!'} [@822,3909:3909='(',<146>,148:27] (rulesOrAxioms, decls, file) 
302639     WARN  Test worker     d.u.i.k.n.KeYParser       [syntax-error] file:/home/runner/work/key/key/key.core/build/resources/main/de/uka/ilkd/key/proof/rules/ifThenElseRules.key:148:35: mismatched input '=' expecting {'(', '{'} [@825,3917:3917='=',<159>,148:35] (taclet, rulesOrAxioms, decls, file) 
302639     WARN  Test worker     d.u.i.k.n.KeYParser       [syntax-error] file:/home/runner/work/key/key/key.core/build/resources/main/de/uka/ilkd/key/proof/rules/ifThenElseRules.key:150:38: mismatched input '}' expecting {'(', '{'} [@859,4023:4023='}',<149>,150:38] (taclet, rulesOrAxioms, decls, file) 
302640     WARN  Test worker     d.u.i.k.n.KeYParser       [syntax-error] file:/home/runner/work/key/key/key.core/build/resources/main/de/uka/ilkd/key/proof/rules/ifThenElseRules.key:155:14: mismatched input '\ifExintVar' expecting {MODALITY, FORALL, EXISTS, '\if', '\ifEx', 'true', 'false', '(', '{', '@', NOT, SEQARROW, '-', STRING_LITERAL, CHAR_LITERAL, BIN_LITERAL, HEX_LITERAL, IDENT, INT_LITERAL, FLOAT_LITERAL, DOUBLE_LITERAL, REAL_LITERAL} [@877,4109:4119='\ifExintVar',<188>,155:14] (termorseq, taclet, rulesOrAxioms, decls, file) 
302640     WARN  Test worker     d.u.i.k.n.KeYParser       [syntax-error] file:/home/runner/work/key/key/key.core/build/resources/main/de/uka/ilkd/key/proof/rules/ifThenElseRules.key:155:27: extraneous input '(' expecting {'\lemma', '}', IDENT, '/*!'} [@880,4122:4122='(',<146>,155:27] (rulesOrAxioms, decls, file) 
302640     WARN  Test worker     d.u.i.k.n.KeYParser       [syntax-error] file:/home/runner/work/key/key/key.core/build/resources/main/de/uka/ilkd/key/proof/rules/ifThenElseRules.key:155:35: mismatched input '=' expecting {'(', '{'} [@883,4130:4130='=',<159>,155:35] (taclet, rulesOrAxioms, decls, file) 
302640     WARN  Test worker     d.u.i.k.n.KeYParser       [syntax-error] file:/home/runner/work/key/key/key.core/build/resources/main/de/uka/ilkd/key/proof/rules/ifThenElseRules.key:157:38: mismatched input '}' expecting {'(', '{'} [@917,4230:4230='}',<149>,157:38] (taclet, rulesOrAxioms, decls, file) 
302640     WARN  Test worker     d.u.i.k.n.KeYParser       [syntax-error] file:/home/runner/work/key/key/key.core/build/resources/main/de/uka/ilkd/key/proof/rules/ifThenElseRules.key:163:14: mismatched input '\ifExintVar' expecting {MODALITY, FORALL, EXISTS, '\if', '\ifEx', 'true', 'false', '(', '{', '@', NOT, SEQARROW, '-', STRING_LITERAL, CHAR_LITERAL, BIN_LITERAL, HEX_LITERAL, IDENT, INT_LITERAL, FLOAT_LITERAL, DOUBLE_LITERAL, REAL_LITERAL} [@939,4350:4360='\ifExintVar',<188>,163:14] (termorseq, taclet, rulesOrAxioms, decls, file) 
302640     WARN  Test worker     d.u.i.k.n.KeYParser       [syntax-error] file:/home/runner/work/key/key/key.core/build/resources/main/de/uka/ilkd/key/proof/rules/ifThenElseRules.key:163:27: extraneous input '(' expecting {'\lemma', '}', IDENT, '/*!'} [@942,4363:4363='(',<146>,163:27] (rulesOrAxioms, decls, file) 
302640     WARN  Test worker     d.u.i.k.n.KeYParser       [syntax-error] file:/home/runner/work/key/key/key.core/build/resources/main/de/uka/ilkd/key/proof/rules/ifThenElseRules.key:163:30: mismatched input '=' expecting {'(', '{'} [@945,4366:4366='=',<159>,163:30] (taclet, rulesOrAxioms, decls, file) 
302640     WARN  Test worker     d.u.i.k.n.KeYParser       [syntax-error] file:/home/runner/work/key/key/key.core/build/resources/main/de/uka/ilkd/key/proof/rules/ifThenElseRules.key:165:38: mismatched input '}' expecting {'(', '{'} [@979,4477:4477='}',<149>,165:38] (taclet, rulesOrAxioms, decls, file) 
302640     WARN  Test worker     d.u.i.k.n.KeYParser       [syntax-error] file:/home/runner/work/key/key/key.core/build/resources/main/de/uka/ilkd/key/proof/rules/ifThenElseRules.key:171:14: mismatched input '\ifExintVar' expecting {MODALITY, FORALL, EXISTS, '\if', '\ifEx', 'true', 'false', '(', '{', '@', NOT, SEQARROW, '-', STRING_LITERAL, CHAR_LITERAL, BIN_LITERAL, HEX_LITERAL, IDENT, INT_LITERAL, FLOAT_LITERAL, DOUBLE_LITERAL, REAL_LITERAL} [@1001,4604:4614='\ifExintVar',<188>,171:14] (termorseq, taclet, rulesOrAxioms, decls, file) 
302640     WARN  Test worker     d.u.i.k.n.KeYParser       [syntax-error] file:/home/runner/work/key/key/key.core/build/resources/main/de/uka/ilkd/key/proof/rules/ifThenElseRules.key:171:27: extraneous input '(' expecting {'\lemma', '}', IDENT, '/*!'} [@1004,4617:4617='(',<146>,171:27] (rulesOrAxioms, decls, file) 
302640     WARN  Test worker     d.u.i.k.n.KeYParser       [syntax-error] file:/home/runner/work/key/key/key.core/build/resources/main/de/uka/ilkd/key/proof/rules/ifThenElseRules.key:171:30: mismatched input '=' expecting {'(', '{'} [@1007,4620:4620='=',<159>,171:30] (taclet, rulesOrAxioms, decls, file) 
302640     WARN  Test worker     d.u.i.k.n.KeYParser       [syntax-error] file:/home/runner/work/key/key/key.core/build/resources/main/de/uka/ilkd/key/proof/rules/ifThenElseRules.key:173:38: mismatched input '}' expecting {'(', '{'} [@1041,4725:4725='}',<149>,173:38] (taclet, rulesOrAxioms, decls, file) 
302640     WARN  Test worker     d.u.i.k.n.KeYParser       [syntax-error] file:/home/runner/work/key/key/key.core/build/resources/main/de/uka/ilkd/key/proof/rules/ifThenElseRules.key:179:14: mismatched input '\ifExintVar' expecting {MODALITY, FORALL, EXISTS, '\if', '\ifEx', 'true', 'false', '(', '{', '@', NOT, SEQARROW, '-', STRING_LITERAL, CHAR_LITERAL, BIN_LITERAL, HEX_LITERAL, IDENT, INT_LITERAL, FLOAT_LITERAL, DOUBLE_LITERAL, REAL_LITERAL} [@1063,4848:4858='\ifExintVar',<188>,179:14] (termorseq, taclet, rulesOrAxioms, decls, file) 
302640     WARN  Test worker     d.u.i.k.n.KeYParser       [syntax-error] file:/home/runner/work/key/key/key.core/build/resources/main/de/uka/ilkd/key/proof/rules/ifThenElseRules.key:179:27: extraneous input '(' expecting {'\lemma', '}', IDENT, '/*!'} [@1066,4861:4861='(',<146>,179:27] (rulesOrAxioms, decls, file) 
302640     WARN  Test worker     d.u.i.k.n.KeYParser       [syntax-error] file:/home/runner/work/key/key/key.core/build/resources/main/de/uka/ilkd/key/proof/rules/ifThenElseRules.key:179:32: mismatched input '&' expecting {'(', '{'} [@1069,4866:4866='&',<156>,179:32] (taclet, rulesOrAxioms, decls, file) 
302640     WARN  Test worker     d.u.i.k.n.KeYParser       [syntax-error] file:/home/runner/work/key/key/key.core/build/resources/main/de/uka/ilkd/key/proof/rules/ifThenElseRules.key:181:42: mismatched input '}' expecting {'(', '{'} [@1109,4985:4985='}',<149>,181:42] (taclet, rulesOrAxioms, decls, file) 
302640     WARN  Test worker     d.u.i.k.n.KeYParser       [syntax-error] file:/home/runner/work/key/key/key.core/build/resources/main/de/uka/ilkd/key/proof/rules/ifThenElseRules.key:182:39: mismatched input '}' expecting {'(', '{'} [@1122,5030:5030='}',<149>,182:39] (taclet, rulesOrAxioms, decls, file) 
302640     WARN  Test worker     d.u.i.k.n.KeYParser       [syntax-error] file:/home/runner/work/key/key/key.core/build/resources/main/de/uka/ilkd/key/proof/rules/ifThenElseRules.key:188:14: mismatched input '\ifExintVar' expecting {MODALITY, FORALL, EXISTS, '\if', '\ifEx', 'true', 'false', '(', '{', '@', NOT, SEQARROW, '-', STRING_LITERAL, CHAR_LITERAL, BIN_LITERAL, HEX_LITERAL, IDENT, INT_LITERAL, FLOAT_LITERAL, DOUBLE_LITERAL, REAL_LITERAL} [@1146,5149:5159='\ifExintVar',<188>,188:14] (termorseq, taclet, rulesOrAxioms, decls, file) 
302640     WARN  Test worker     d.u.i.k.n.KeYParser       [syntax-error] file:/home/runner/work/key/key/key.core/build/resources/main/de/uka/ilkd/key/proof/rules/ifThenElseRules.key:188:27: extraneous input '(' expecting {'\lemma', '}', IDENT, '/*!'} [@1149,5162:5162='(',<146>,188:27] (rulesOrAxioms, decls, file) 
302640     WARN  Test worker     d.u.i.k.n.KeYParser       [syntax-error] file:/home/runner/work/key/key/key.core/build/resources/main/de/uka/ilkd/key/proof/rules/ifThenElseRules.key:188:32: mismatched input '&' expecting {'(', '{'} [@1152,5167:5167='&',<156>,188:32] (taclet, rulesOrAxioms, decls, file) 
302640     WARN  Test worker     d.u.i.k.n.KeYParser       [syntax-error] file:/home/runner/work/key/key/key.core/build/resources/main/de/uka/ilkd/key/proof/rules/ifThenElseRules.key:190:42: mismatched input '}' expecting {'(', '{'} [@1192,5280:5280='}',<149>,190:42] (taclet, rulesOrAxioms, decls, file) 
302640     WARN  Test worker     d.u.i.k.n.KeYParser       [syntax-error] file:/home/runner/work/key/key/key.core/build/resources/main/de/uka/ilkd/key/proof/rules/ifThenElseRules.key:191:39: mismatched input '}' expecting {'(', '{'} [@1205,5325:5325='}',<149>,191:39] (taclet, rulesOrAxioms, decls, file) 
302640     WARN  Test worker     d.u.i.k.n.KeYParser       [syntax-error] file:/home/runner/work/key/key/key.core/build/resources/main/de/uka/ilkd/key/proof/rules/ifThenElseRules.key:198:14: mismatched input '\ifExintVar' expecting {MODALITY, FORALL, EXISTS, '\if', '\ifEx', 'true', 'false', '(', '{', '@', NOT, SEQARROW, '-', STRING_LITERAL, CHAR_LITERAL, BIN_LITERAL, HEX_LITERAL, IDENT, INT_LITERAL, FLOAT_LITERAL, DOUBLE_LITERAL, REAL_LITERAL} [@1233,5475:5485='\ifExintVar',<188>,198:14] (termorseq, taclet, rulesOrAxioms, decls, file) 
302640     WARN  Test worker     d.u.i.k.n.KeYParser       [syntax-error] file:/home/runner/work/key/key/key.core/build/resources/main/de/uka/ilkd/key/proof/rules/ifThenElseRules.key:198:27: extraneous input '(' expecting {'\lemma', '}', IDENT, '/*!'} [@1236,5488:5488='(',<146>,198:27] (rulesOrAxioms, decls, file) 
302640     WARN  Test worker     d.u.i.k.n.KeYParser       [syntax-error] file:/home/runner/work/key/key/key.core/build/resources/main/de/uka/ilkd/key/proof/rules/ifThenElseRules.key:198:32: mismatched input '&' expecting {'(', '{'} [@1239,5493:5493='&',<156>,198:32] (taclet, rulesOrAxioms, decls, file) 
302640     WARN  Test worker     d.u.i.k.n.KeYParser       [syntax-error] file:/home/runner/work/key/key/key.core/build/resources/main/de/uka/ilkd/key/proof/rules/ifThenElseRules.key:200:42: mismatched input '}' expecting {'(', '{'} [@1279,5612:5612='}',<149>,200:42] (taclet, rulesOrAxioms, decls, file) 
302640     WARN  Test worker     d.u.i.k.n.KeYParser       [syntax-error] file:/home/runner/work/key/key/key.core/build/resources/main/de/uka/ilkd/key/proof/rules/ifThenElseRules.key:201:39: mismatched input '}' expecting {'(', '{'} [@1292,5657:5657='}',<149>,201:39] (taclet, rulesOrAxioms, decls, file) 
302640     WARN  Test worker     d.u.i.k.n.KeYParser       [syntax-error] file:/home/runner/work/key/key/key.core/build/resources/main/de/uka/ilkd/key/proof/rules/ifThenElseRules.key:208:14: mismatched input '\ifExintVar' expecting {MODALITY, FORALL, EXISTS, '\if', '\ifEx', 'true', 'false', '(', '{', '@', NOT, SEQARROW, '-', STRING_LITERAL, CHAR_LITERAL, BIN_LITERAL, HEX_LITERAL, IDENT, INT_LITERAL, FLOAT_LITERAL, DOUBLE_LITERAL, REAL_LITERAL} [@1320,5817:5827='\ifExintVar',<188>,208:14] (termorseq, taclet, rulesOrAxioms, decls, file) 
302640     WARN  Test worker     d.u.i.k.n.KeYParser       [syntax-error] file:/home/runner/work/key/key/key.core/build/resources/main/de/uka/ilkd/key/proof/rules/ifThenElseRules.key:208:27: extraneous input '(' expecting {'\lemma', '}', IDENT, '/*!'} [@1323,5830:5830='(',<146>,208:27] (rulesOrAxioms, decls, file) 
302640     WARN  Test worker     d.u.i.k.n.KeYParser       [syntax-error] file:/home/runner/work/key/key/key.core/build/resources/main/de/uka/ilkd/key/proof/rules/ifThenElseRules.key:208:32: mismatched input '&' expecting {'(', '{'} [@1326,5835:5835='&',<156>,208:32] (taclet, rulesOrAxioms, decls, file) 
302640     WARN  Test worker     d.u.i.k.n.KeYParser       [syntax-error] file:/home/runner/work/key/key/key.core/build/resources/main/de/uka/ilkd/key/proof/rules/ifThenElseRules.key:210:42: mismatched input '}' expecting {'(', '{'} [@1366,5948:5948='}',<149>,210:42] (taclet, rulesOrAxioms, decls, file) 
302640     WARN  Test worker     d.u.i.k.n.KeYParser       [syntax-error] file:/home/runner/work/key/key/key.core/build/resources/main/de/uka/ilkd/key/proof/rules/ifThenElseRules.key:211:39: mismatched input '}' expecting {'(', '{'} [@1379,5993:5993='}',<149>,211:39] (taclet, rulesOrAxioms, decls, file) 
302640     WARN  Test worker     d.u.i.k.n.KeYParser       [syntax-error] file:/home/runner/work/key/key/key.core/build/resources/main/de/uka/ilkd/key/proof/rules/ifThenElseRules.key:218:14: mismatched input '\ifExintVar' expecting {MODALITY, FORALL, EXISTS, '\if', '\ifEx', 'true', 'false', '(', '{', '@', NOT, SEQARROW, '-', STRING_LITERAL, CHAR_LITERAL, BIN_LITERAL, HEX_LITERAL, IDENT, INT_LITERAL, FLOAT_LITERAL, DOUBLE_LITERAL, REAL_LITERAL} [@1407,6146:6156='\ifExintVar',<188>,218:14] (termorseq, taclet, rulesOrAxioms, decls, file) 
302640     WARN  Test worker     d.u.i.k.n.KeYParser       [syntax-error] file:/home/runner/work/key/key/key.core/build/resources/main/de/uka/ilkd/key/proof/rules/ifThenElseRules.key:218:27: extraneous input '(' expecting {'\lemma', '}', IDENT, '/*!'} [@1410,6159:6159='(',<146>,218:27] (rulesOrAxioms, decls, file) 
302640     WARN  Test worker     d.u.i.k.n.KeYParser       [syntax-error] file:/home/runner/work/key/key/key.core/build/resources/main/de/uka/ilkd/key/proof/rules/ifThenElseRules.key:218:31: mismatched input ')' expecting {'(', '{'} [@1412,6163:6163=')',<147>,218:31] (taclet, rulesOrAxioms, decls, file) 
302640     WARN  Test worker     d.u.i.k.n.KeYParser       [syntax-error] file:/home/runner/work/key/key/key.core/build/resources/main/de/uka/ilkd/key/proof/rules/ifThenElseRules.key:220:44: mismatched input ')' expecting {'(', '{'} [@1444,6275:6275=')',<147>,220:44] (taclet, rulesOrAxioms, decls, file) 
302640     WARN  Test worker     d.u.i.k.n.KeYParser       [syntax-error] file:/home/runner/work/key/key/key.core/build/resources/main/de/uka/ilkd/key/proof/rules/ifThenElseRules.key:225:14: mismatched input '\ifExintVar' expecting {MODALITY, FORALL, EXISTS, '\if', '\ifEx', 'true', 'false', '(', '{', '@', NOT, SEQARROW, '-', STRING_LITERAL, CHAR_LITERAL, BIN_LITERAL, HEX_LITERAL, IDENT, INT_LITERAL, FLOAT_LITERAL, DOUBLE_LITERAL, REAL_LITERAL} [@1471,6389:6399='\ifExintVar',<188>,225:14] (termorseq, taclet, rulesOrAxioms, decls, file) 
302640     WARN  Test worker     d.u.i.k.n.KeYParser       [syntax-error] file:/home/runner/work/key/key/key.core/build/resources/main/de/uka/ilkd/key/proof/rules/ifThenElseRules.key:225:27: extraneous input '(' expecting {'\lemma', '}', IDENT, '/*!'} [@1474,6402:6402='(',<146>,225:27] (rulesOrAxioms, decls, file) 
302640     WARN  Test worker     d.u.i.k.n.KeYParser       [syntax-error] file:/home/runner/work/key/key/key.core/build/resources/main/de/uka/ilkd/key/proof/rules/ifThenElseRules.key:225:31: mismatched input ')' expecting {'(', '{'} [@1476,6406:6406=')',<147>,225:31] (taclet, rulesOrAxioms, decls, file) 
302640     WARN  Test worker     d.u.i.k.n.KeYParser       [syntax-error] file:/home/runner/work/key/key/key.core/build/resources/main/de/uka/ilkd/key/proof/rules/ifThenElseRules.key:227:44: mismatched input ')' expecting {'(', '{'} [@1508,6509:6509=')',<147>,227:44] (taclet, rulesOrAxioms, decls, file) 
302640     WARN  Test worker     d.u.i.k.n.KeYParser       [syntax-error] file:/home/runner/work/key/key/key.core/build/resources/main/de/uka/ilkd/key/proof/rules/ifThenElseRules.key:233:14: mismatched input '\ifExintVar' expecting {MODALITY, FORALL, EXISTS, '\if', '\ifEx', 'true', 'false', '(', '{', '@', NOT, SEQARROW, '-', STRING_LITERAL, CHAR_LITERAL, BIN_LITERAL, HEX_LITERAL, IDENT, INT_LITERAL, FLOAT_LITERAL, DOUBLE_LITERAL, REAL_LITERAL} [@1539,6656:6666='\ifExintVar',<188>,233:14] (termorseq, taclet, rulesOrAxioms, decls, file) 
302640     WARN  Test worker     d.u.i.k.n.KeYParser       [syntax-error] file:/home/runner/work/key/key/key.core/build/resources/main/de/uka/ilkd/key/proof/rules/ifThenElseRules.key:233:27: extraneous input '(' expecting {'\lemma', '}', IDENT, '/*!'} [@1542,6669:6669='(',<146>,233:27] (rulesOrAxioms, decls, file) 
302640     WARN  Test worker     d.u.i.k.n.KeYParser       [syntax-error] file:/home/runner/work/key/key/key.core/build/resources/main/de/uka/ilkd/key/proof/rules/ifThenElseRules.key:233:31: mismatched input ')' expecting {'(', '{'} [@1544,6673:6673=')',<147>,233:31] (taclet, rulesOrAxioms, decls, file) 
302640     WARN  Test worker     d.u.i.k.n.KeYParser       [syntax-error] file:/home/runner/work/key/key/key.core/build/resources/main/de/uka/ilkd/key/proof/rules/ifThenElseRules.key:237:42: mismatched input '}' expecting {'(', '{'} [@1586,6850:6850='}',<149>,237:42] (taclet, rulesOrAxioms, decls, file) 
302641     WARN  Test worker     d.u.i.k.n.KeYParser       [syntax-error] file:/home/runner/work/key/key/key.core/build/resources/main/de/uka/ilkd/key/proof/rules/ifThenElseRules.key:238:34: mismatched input '}' expecting {'(', '{'} [@1599,6891:6891='}',<149>,238:34] (taclet, rulesOrAxioms, decls, file) 
302641     WARN  Test worker     d.u.i.k.n.KeYParser       [syntax-error] file:/home/runner/work/key/key/key.core/build/resources/main/de/uka/ilkd/key/proof/rules/ifThenElseRules.key:239:28: extraneous input '(' expecting {'\lemma', '}', IDENT, '/*!'} [@1608,6925:6925='(',<146>,239:28] (rulesOrAxioms, decls, file) 
302641     WARN  Test worker     d.u.i.k.n.KeYParser       [syntax-error] file:/home/runner/work/key/key/key.core/build/resources/main/de/uka/ilkd/key/proof/rules/ifThenElseRules.key:239:33: mismatched input '->' expecting {'(', '{'} [@1611,6930:6931='->',<158>,239:33] (taclet, rulesOrAxioms, decls, file) 
302641     WARN  Test worker     d.u.i.k.n.KeYParser       [syntax-error] file:/home/runner/work/key/key/key.core/build/resources/main/de/uka/ilkd/key/proof/rules/ifThenElseRules.key:240:8: extraneous input '\replacewith' expecting {'\lemma', '}', IDENT, '/*!'} [@1626,6979:6990='\replacewith',<105>,240:8] (rulesOrAxioms, decls, file) 
302641     WARN  Test worker     d.u.i.k.n.KeYParser       [syntax-error] file:/home/runner/work/key/key/key.core/build/resources/main/de/uka/ilkd/key/proof/rules/ifThenElseRules.key:240:25: mismatched input ')' expecting {'(', '{'} [@1629,6996:6996=')',<147>,240:25] (taclet, rulesOrAxioms, decls, file) 
302641     WARN  Test worker     d.u.i.k.n.KeYParser       [syntax-error] file:/home/runner/work/key/key/key.core/build/resources/main/de/uka/ilkd/key/proof/rules/ifThenElseRules.key:240:56: mismatched input ')' expecting {'(', '{'} [@1642,7027:7027=')',<147>,240:56] (taclet, rulesOrAxioms, decls, file) 
302641     WARN  Test worker     d.u.i.k.n.KeYParser       [syntax-error] file:/home/runner/work/key/key/key.core/build/resources/main/de/uka/ilkd/key/proof/rules/ifThenElseRules.key:245:14: mismatched input '\ifExintVar' expecting {MODALITY, FORALL, EXISTS, '\if', '\ifEx', 'true', 'false', '(', '{', '@', NOT, SEQARROW, '-', STRING_LITERAL, CHAR_LITERAL, BIN_LITERAL, HEX_LITERAL, IDENT, INT_LITERAL, FLOAT_LITERAL, DOUBLE_LITERAL, REAL_LITERAL} [@1658,7109:7119='\ifExintVar',<188>,245:14] (termorseq, taclet, rulesOrAxioms, decls, file) 
302641     WARN  Test worker     d.u.i.k.n.KeYParser       [syntax-error] file:/home/runner/work/key/key/key.core/build/resources/main/de/uka/ilkd/key/proof/rules/ifThenElseRules.key:245:27: extraneous input '(' expecting {'\lemma', '}', IDENT, '/*!'} [@1661,7122:7122='(',<146>,245:27] (rulesOrAxioms, decls, file) 
302641     WARN  Test worker     d.u.i.k.n.KeYParser       [syntax-error] file:/home/runner/work/key/key/key.core/build/resources/main/de/uka/ilkd/key/proof/rules/ifThenElseRules.key:245:31: mismatched input ')' expecting {'(', '{'} [@1663,7126:7126=')',<147>,245:31] (taclet, rulesOrAxioms, decls, file) 
302641     WARN  Test worker     d.u.i.k.n.KeYParser       [syntax-error] file:/home/runner/work/key/key/key.core/build/resources/main/de/uka/ilkd/key/proof/rules/ifThenElseRules.key:248:45: mismatched input '}' expecting {'(', '{'} [@1696,7268:7268='}',<149>,248:45] (taclet, rulesOrAxioms, decls, file) 
302641     WARN  Test worker     d.u.i.k.n.KeYParser       [syntax-error] file:/home/runner/work/key/key/key.core/build/resources/main/de/uka/ilkd/key/proof/rules/ifThenElseRules.key:249:8: extraneous input '\replacewith' expecting {'\lemma', '}', IDENT, '/*!'} [@1701,7284:7295='\replacewith',<105>,249:8] (rulesOrAxioms, decls, file) 
302641     WARN  Test worker     d.u.i.k.n.KeYParser       [syntax-error] file:/home/runner/work/key/key/key.core/build/resources/main/de/uka/ilkd/key/proof/rules/ifThenElseRules.key:249:38: mismatched input ')' expecting {'(', '{'} [@1708,7314:7314=')',<147>,249:38] (taclet, rulesOrAxioms, decls, file) 
302641     WARN  Test worker     d.u.i.k.n.KeYParser       [syntax-error] file:/home/runner/work/key/key/key.core/build/resources/main/de/uka/ilkd/key/proof/rules/ifThenElseRules.key:250:42: mismatched input '}' expecting {'(', '{'} [@1731,7381:7381='}',<149>,250:42] (taclet, rulesOrAxioms, decls, file) 
302641     WARN  Test worker     d.u.i.k.n.KeYParser       [syntax-error] file:/home/runner/work/key/key/key.core/build/resources/main/de/uka/ilkd/key/proof/rules/ifThenElseRules.key:251:28: extraneous input '(' expecting {'\lemma', '}', IDENT, '/*!'} [@1741,7416:7416='(',<146>,251:28] (rulesOrAxioms, decls, file) 
302641     WARN  Test worker     d.u.i.k.n.KeYParser       [syntax-error] file:/home/runner/work/key/key/key.core/build/resources/main/de/uka/ilkd/key/proof/rules/ifThenElseRules.key:251:33: mismatched input '->' expecting {'(', '{'} [@1744,7421:7422='->',<158>,251:33] (taclet, rulesOrAxioms, decls, file) 
302641     WARN  Test worker     d.u.i.k.n.KeYParser       [syntax-error] file:/home/runner/work/key/key/key.core/build/resources/main/de/uka/ilkd/key/proof/rules/ifThenElseRules.key:255:14: mismatched input '\ifExintVar' expecting {MODALITY, FORALL, EXISTS, '\if', '\ifEx', 'true', 'false', '(', '{', '@', NOT, SEQARROW, '-', STRING_LITERAL, CHAR_LITERAL, BIN_LITERAL, HEX_LITERAL, IDENT, INT_LITERAL, FLOAT_LITERAL, DOUBLE_LITERAL, REAL_LITERAL} [@1765,7506:7516='\ifExintVar',<188>,255:14] (termorseq, taclet, rulesOrAxioms, decls, file) 
302641     WARN  Test worker     d.u.i.k.n.KeYParser       [syntax-error] file:/home/runner/work/key/key/key.core/build/resources/main/de/uka/ilkd/key/proof/rules/ifThenElseRules.key:255:27: extraneous input '(' expecting {'\lemma', '}', IDENT, '/*!'} [@1768,7519:7519='(',<146>,255:27] (rulesOrAxioms, decls, file) 
302641     WARN  Test worker     d.u.i.k.n.KeYParser       [syntax-error] file:/home/runner/work/key/key/key.core/build/resources/main/de/uka/ilkd/key/proof/rules/ifThenElseRules.key:255:31: mismatched input ')' expecting {'(', '{'} [@1770,7523:7523=')',<147>,255:31] (taclet, rulesOrAxioms, decls, file) 
302641     WARN  Test worker     d.u.i.k.n.KeYParser       [syntax-error] file:/home/runner/work/key/key/key.core/build/resources/main/de/uka/ilkd/key/proof/rules/ifThenElseRules.key:258:52: extraneous input '0' expecting {'\lemma', '}', IDENT, '/*!'} [@1809,7667:7667='0',<184>,258:52] (rulesOrAxioms, decls, file) 
302641     WARN  Test worker     d.u.i.k.n.KeYParser       [syntax-error] file:/home/runner/work/key/key/key.core/build/resources/main/de/uka/ilkd/key/proof/rules/ifThenElseRules.key:258:54: mismatched input 'then' expecting {<EOF>, '\problem', '\chooseContract', '\proofObligation', '\proof'} [@1811,7669:7672='then',<183>,258:54] (file) 
302641     ERROR Test worker     d.u.i.k.s.n.MasterHandlerTest Error reading /home/runner/work/key/key/key.core/build/resources/test/de/uka/ilkd/key/smt/newsmt2/cases/heap1.props de.uka.ilkd.key.proof.io.ProblemLoaderException: line 135:14 mismatched input '\ifExintVar' expecting {MODALITY, FORALL, EXISTS, '\if', '\ifEx', 'true', 'false', '(', '{', '@', NOT, SEQARROW, '-', STRING_LITERAL, CHAR_LITERAL, BIN_LITERAL, HEX_LITERAL, IDENT, INT_LITERAL, FLOAT_LITERAL, DOUBLE_LITERAL, REAL_LITERAL}
line 135:27 extraneous input '(' expecting {'\lemma', '}', IDENT, '/*!'}
line 135:44 mismatched input ')' expecting {'(', '{'}
line 141:14 mismatched input '\ifExintVar' expecting {MODALITY, FORALL, EXISTS, '\if', '\ifEx', 'true', 'false', '(', '{', '@', NOT, SEQARROW, '-', STRING_LITERAL, CHAR_LITERAL, BIN_LITERAL, HEX_LITERAL, IDENT, INT_LITERAL, FLOAT_LITERAL, DOUBLE_LITERAL, REAL_LITERAL}
line 141:27 extraneous input '(' expecting {'\lemma', '}', IDENT, '/*!'}
line 141:41 mismatched input ')' expecting {'(', '{'}
line 148:14 mismatched input '\ifExintVar' expecting {MODALITY, FORALL, EXISTS, '\if', '\ifEx', 'true', 'false', '(', '{', '@', NOT, SEQARROW, '-', STRING_LITERAL, CHAR_LITERAL, BIN_LITERAL, HEX_LITERAL, IDENT, INT_LITERAL, FLOAT_LITERAL, DOUBLE_LITERAL, REAL_LITERAL}
line 148:27 extraneous input '(' expecting {'\lemma', '}', IDENT, '/*!'}
line 148:35 mismatched input '=' expecting {'(', '{'}
line 150:38 mismatched input '}' expecting {'(', '{'}
line 155:14 mismatched input '\ifExintVar' expecting {MODALITY, FORALL, EXISTS, '\if', '\ifEx', 'true', 'false', '(', '{', '@', NOT, SEQARROW, '-', STRING_LITERAL, CHAR_LITERAL, BIN_LITERAL, HEX_LITERAL, IDENT, INT_LITERAL, FLOAT_LITERAL, DOUBLE_LITERAL, REAL_LITERAL}
line 155:27 extraneous input '(' expecting {'\lemma', '}', IDENT, '/*!'}
line 155:35 mismatched input '=' expecting {'(', '{'}
line 157:38 mismatched input '}' expecting {'(', '{'}
line 163:14 mismatched input '\ifExintVar' expecting {MODALITY, FORALL, EXISTS, '\if', '\ifEx', 'true', 'false', '(', '{', '@', NOT, SEQARROW, '-', STRING_LITERAL, CHAR_LITERAL, BIN_LITERAL, HEX_LITERAL, IDENT, INT_LITERAL, FLOAT_LITERAL, DOUBLE_LITERAL, REAL_LITERAL}
line 163:27 extraneous input '(' expecting {'\lemma', '}', IDENT, '/*!'}
line 163:30 mismatched input '=' expecting {'(', '{'}
line 165:38 mismatched input '}' expecting {'(', '{'}
line 171:14 mismatched input '\ifExintVar' expecting {MODALITY, FORALL, EXISTS, '\if', '\ifEx', 'true', 'false', '(', '{', '@', NOT, SEQARROW, '-', STRING_LITERAL, CHAR_LITERAL, BIN_LITERAL, HEX_LITERAL, IDENT, INT_LITERAL, FLOAT_LITERAL, DOUBLE_LITERAL, REAL_LITERAL}
line 171:27 extraneous input '(' expecting {'\lemma', '}', IDENT, '/*!'}
line 171:30 mismatched input '=' expecting {'(', '{'}
line 173:38 mismatched input '}' expecting {'(', '{'}
line 179:14 mismatched input '\ifExintVar' expecting {MODALITY, FORALL, EXISTS, '\if', '\ifEx', 'true', 'false', '(', '{', '@', NOT, SEQARROW, '-', STRING_LITERAL, CHAR_LITERAL, BIN_LITERAL, HEX_LITERAL, IDENT, INT_LITERAL, FLOAT_LITERAL, DOUBLE_LITERAL, REAL_LITERAL}
line 179:27 extraneous input '(' expecting {'\lemma', '}', IDENT, '/*!'}
line 179:32 mismatched input '&' expecting {'(', '{'}
line 181:42 mismatched input '}' expecting {'(', '{'}
line 182:39 mismatched input '}' expecting {'(', '{'}
line 188:14 mismatched input '\ifExintVar' expecting {MODALITY, FORALL, EXISTS, '\if', '\ifEx', 'true', 'false', '(', '{', '@', NOT, SEQARROW, '-', STRING_LITERAL, CHAR_LITERAL, BIN_LITERAL, HEX_LITERAL, IDENT, INT_LITERAL, FLOAT_LITERAL, DOUBLE_LITERAL, REAL_LITERAL}
line 188:27 extraneous input '(' expecting {'\lemma', '}', IDENT, '/*!'}
line 188:32 mismatched input '&' expecting {'(', '{'}
line 190:42 mismatched input '}' expecting {'(', '{'}
line 191:39 mismatched input '}' expecting {'(', '{'}
line 198:14 mismatched input '\ifExintVar' expecting {MODALITY, FORALL, EXISTS, '\if', '\ifEx', 'true', 'false', '(', '{', '@', NOT, SEQARROW, '-', STRING_LITERAL, CHAR_LITERAL, BIN_LITERAL, HEX_LITERAL, IDENT, INT_LITERAL, FLOAT_LITERAL, DOUBLE_LITERAL, REAL_LITERAL}
line 198:27 extraneous input '(' expecting {'\lemma', '}', IDENT, '/*!'}
line 198:32 mismatched input '&' expecting {'(', '{'}
line 200:42 mismatched input '}' expecting {'(', '{'}
line 201:39 mismatched input '}' expecting {'(', '{'}
line 208:14 mismatched input '\ifExintVar' expecting {MODALITY, FORALL, EXISTS, '\if', '\ifEx', 'true', 'false', '(', '{', '@', NOT, SEQARROW, '-', STRING_LITERAL, CHAR_LITERAL, BIN_LITERAL, HEX_LITERAL, IDENT, INT_LITERAL, FLOAT_LITERAL, DOUBLE_LITERAL, REAL_LITERAL}
line 208:27 extraneous input '(' expecting {'\lemma', '}', IDENT, '/*!'}
line 208:32 mismatched input '&' expecting {'(', '{'}
line 210:42 mismatched input '}' expecting {'(', '{'}
line 211:39 mismatched input '}' expecting {'(', '{'}
line 218:14 mismatched input '\ifExintVar' expecting {MODALITY, FORALL, EXISTS, '\if', '\ifEx', 'true', 'false', '(', '{', '@', NOT, SEQARROW, '-', STRING_LITERAL, CHAR_LITERAL, BIN_LITERAL, HEX_LITERAL, IDENT, INT_LITERAL, FLOAT_LITERAL, DOUBLE_LITERAL, REAL_LITERAL}
line 218:27 extraneous input '(' expecting {'\lemma', '}', IDENT, '/*!'}
line 218:31 mismatched input ')' expecting {'(', '{'}
line 220:44 mismatched input ')' expecting {'(', '{'}
line 225:14 mismatched input '\ifExintVar' expecting {MODALITY, FORALL, EXISTS, '\if', '\ifEx', 'true', 'false', '(', '{', '@', NOT, SEQARROW, '-', STRING_LITERAL, CHAR_LITERAL, BIN_LITERAL, HEX_LITERAL, IDENT, INT_LITERAL, FLOAT_LITERAL, DOUBLE_LITERAL, REAL_LITERAL}
line 225:27 extraneous input '(' expecting {'\lemma', '}', IDENT, '/*!'}
line 225:31 mismatched input ')' expecting {'(', '{'}
line 227:44 mismatched input ')' expecting {'(', '{'}
line 233:14 mismatched input '\ifExintVar' expecting {MODALITY, FORALL, EXISTS, '\if', '\ifEx', 'true', 'false', '(', '{', '@', NOT, SEQARROW, '-', STRING_LITERAL, CHAR_LITERAL, BIN_LITERAL, HEX_LITERAL, IDENT, INT_LITERAL, FLOAT_LITERAL, DOUBLE_LITERAL, REAL_LITERAL}
line 233:27 extraneous input '(' expecting {'\lemma', '}', IDENT, '/*!'}
line 233:31 mismatched input ')' expecting {'(', '{'}
line 237:42 mismatched input '}' expecting {'(', '{'}
line 238:34 mismatched input '}' expecting {'(', '{'}
line 239:28 extraneous input '(' expecting {'\lemma', '}', IDENT, '/*!'}
line 239:33 mismatched input '->' expecting {'(', '{'}
line 240:8 extraneous input '\replacewith' expecting {'\lemma', '}', IDENT, '/*!'}
line 240:25 mismatched input ')' expecting {'(', '{'}
line 240:56 mismatched input ')' expecting {'(', '{'}
line 245:14 mismatched input '\ifExintVar' expecting {MODALITY, FORALL, EXISTS, '\if', '\ifEx', 'true', 'false', '(', '{', '@', NOT, SEQARROW, '-', STRING_LITERAL, CHAR_LITERAL, BIN_LITERAL, HEX_LITERAL, IDENT, INT_LITERAL, FLOAT_LITERAL, DOUBLE_LITERAL, REAL_LITERAL}
line 245:27 extraneous input '(' expecting {'\lemma', '}', IDENT, '/*!'}
line 245:31 mismatched input ')' expecting {'(', '{'}
line 248:45 mismatched input '}' expecting {'(', '{'}
line 249:8 extraneous input '\replacewith' expecting {'\lemma', '}', IDENT, '/*!'}
line 249:38 mismatched input ')' expecting {'(', '{'}
line 250:42 mismatched input '}' expecting {'(', '{'}
line 251:28 extraneous input '(' expecting {'\lemma', '}', IDENT, '/*!'}
line 251:33 mismatched input '->' expecting {'(', '{'}
line 255:14 mismatched input '\ifExintVar' expecting {MODALITY, FORALL, EXISTS, '\if', '\ifEx', 'true', 'false', '(', '{', '@', NOT, SEQARROW, '-', STRING_LITERAL, CHAR_LITERAL, BIN_LITERAL, HEX_LITERAL, IDENT, INT_LITERAL, FLOAT_LITERAL, DOUBLE_LITERAL, REAL_LITERAL}
line 255:27 extraneous input '(' expecting {'\lemma', '}', IDENT, '/*!'}
line 255:31 mismatched input ')' expecting {'(', '{'}
line 258:52 extraneous input '0' expecting {'\lemma', '}', IDENT, '/*!'}
line 258:54 mismatched input 'then' expecting {<EOF>, '\problem', '\chooseContract', '\proofObligation', '\proof'}

	at de.uka.ilkd.key.control.AbstractUserInterfaceControl.load(AbstractUserInterfaceControl.java:221)
Caused by: de.uka.ilkd.key.proof.init.ProofInputException: line 135:14 mismatched input '\ifExintVar' expecting {MODALITY, FORALL, EXISTS, '\if', '\ifEx', 'true', 'false', '(', '{', '@', NOT, SEQARROW, '-', STRING_LITERAL, CHAR_LITERAL, BIN_LITERAL, HEX_LITERAL, IDENT, INT_LITERAL, FLOAT_LITERAL, DOUBLE_LITERAL, REAL_LITERAL}
line 135:27 extraneous input '(' expecting {'\lemma', '}', IDENT, '/*!'}
line 135:44 mismatched input ')' expecting {'(', '{'}
line 141:14 mismatched input '\ifExintVar' expecting {MODALITY, FORALL, EXISTS, '\if', '\ifEx', 'true', 'false', '(', '{', '@', NOT, SEQARROW, '-', STRING_LITERAL, CHAR_LITERAL, BIN_LITERAL, HEX_LITERAL, IDENT, INT_LITERAL, FLOAT_LITERAL, DOUBLE_LITERAL, REAL_LITERAL}
line 141:27 extraneous input '(' expecting {'\lemma', '}', IDENT, '/*!'}
line 141:41 mismatched input ')' expecting {'(', '{'}
line 148:14 mismatched input '\ifExintVar' expecting {MODALITY, FORALL, EXISTS, '\if', '\ifEx', 'true', 'false', '(', '{', '@', NOT, SEQARROW, '-', STRING_LITERAL, CHAR_LITERAL, BIN_LITERAL, HEX_LITERAL, IDENT, INT_LITERAL, FLOAT_LITERAL, DOUBLE_LITERAL, REAL_LITERAL}
line 148:27 extraneous input '(' expecting {'\lemma', '}', IDENT, '/*!'}
line 148:35 mismatched input '=' expecting {'(', '{'}
line 150:38 mismatched input '}' expecting {'(', '{'}
line 155:14 mismatched input '\ifExintVar' expecting {MODALITY, FORALL, EXISTS, '\if', '\ifEx', 'true', 'false', '(', '{', '@', NOT, SEQARROW, '-', STRING_LITERAL, CHAR_LITERAL, BIN_LITERAL, HEX_LITERAL, IDENT, INT_LITERAL, FLOAT_LITERAL, DOUBLE_LITERAL, REAL_LITERAL}
line 155:27 extraneous input '(' expecting {'\lemma', '}', IDENT, '/*!'}
line 155:35 mismatched input '=' expecting {'(', '{'}
line 157:38 mismatched input '}' expecting {'(', '{'}
line 163:14 mismatched input '\ifExintVar' expecting {MODALITY, FORALL, EXISTS, '\if', '\ifEx', 'true', 'false', '(', '{', '@', NOT, SEQARROW, '-', STRING_LITERAL, CHAR_LITERAL, BIN_LITERAL, HEX_LITERAL, IDENT, INT_LITERAL, FLOAT_LITERAL, DOUBLE_LITERAL, REAL_LITERAL}
line 163:27 extraneous input '(' expecting {'\lemma', '}', IDENT, '/*!'}
line 163:30 mismatched input '=' expecting {'(', '{'}
line 165:38 mismatched input '}' expecting {'(', '{'}
line 171:14 mismatched input '\ifExintVar' expecting {MODALITY, FORALL, EXISTS, '\if', '\ifEx', 'true', 'false', '(', '{', '@', NOT, SEQARROW, '-', STRING_LITERAL, CHAR_LITERAL, BIN_LITERAL, HEX_LITERAL, IDENT, INT_LITERAL, FLOAT_LITERAL, DOUBLE_LITERAL, REAL_LITERAL}
line 171:27 extraneous input '(' expecting {'\lemma', '}', IDENT, '/*!'}
line 171:30 mismatched input '=' expecting {'(', '{'}
line 173:38 mismatched input '}' expecting {'(', '{'}
line 179:14 mismatched input '\ifExintVar' expecting {MODALITY, FORALL, EXISTS, '\if', '\ifEx', 'true', 'false', '(', '{', '@', NOT, SEQARROW, '-', STRING_LITERAL, CHAR_LITERAL, BIN_LITERAL, HEX_LITERAL, IDENT, INT_LITERAL, FLOAT_LITERAL, DOUBLE_LITERAL, REAL_LITERAL}
line 179:27 extraneous input '(' expecting {'\lemma', '}', IDENT, '/*!'}
line 179:32 mismatched input '&' expecting {'(', '{'}
line 181:42 mismatched input '}' expecting {'(', '{'}
line 182:39 mismatched input '}' expecting {'(', '{'}
line 188:14 mismatched input '\ifExintVar' expecting {MODALITY, FORALL, EXISTS, '\if', '\ifEx', 'true', 'false', '(', '{', '@', NOT, SEQARROW, '-', STRING_LITERAL, CHAR_LITERAL, BIN_LITERAL, HEX_LITERAL, IDENT, INT_LITERAL, FLOAT_LITERAL, DOUBLE_LITERAL, REAL_LITERAL}
line 188:27 extraneous input '(' expecting {'\lemma', '}', IDENT, '/*!'}
line 188:32 mismatched input '&' expecting {'(', '{'}
line 190:42 mismatched input '}' expecting {'(', '{'}
line 191:39 mismatched input '}' expecting {'(', '{'}
line 198:14 mismatched input '\ifExintVar' expecting {MODALITY, FORALL, EXISTS, '\if', '\ifEx', 'true', 'false', '(', '{', '@', NOT, SEQARROW, '-', STRING_LITERAL, CHAR_LITERAL, BIN_LITERAL, HEX_LITERAL, IDENT, INT_LITERAL, FLOAT_LITERAL, DOUBLE_LITERAL, REAL_LITERAL}
line 198:27 extraneous input '(' expecting {'\lemma', '}', IDENT, '/*!'}
line 198:32 mismatched input '&' expecting {'(', '{'}
line 200:42 mismatched input '}' expecting {'(', '{'}
line 201:39 mismatched input '}' expecting {'(', '{'}
line 208:14 mismatched input '\ifExintVar' expecting {MODALITY, FORALL, EXISTS, '\if', '\ifEx', 'true', 'false', '(', '{', '@', NOT, SEQARROW, '-', STRING_LITERAL, CHAR_LITERAL, BIN_LITERAL, HEX_LITERAL, IDENT, INT_LITERAL, FLOAT_LITERAL, DOUBLE_LITERAL, REAL_LITERAL}
line 208:27 extraneous input '(' expecting {'\lemma', '}', IDENT, '/*!'}
line 208:32 mismatched input '&' expecting {'(', '{'}
line 210:42 mismatched input '}' expecting {'(', '{'}
line 211:39 mismatched input '}' expecting {'(', '{'}
line 218:14 mismatched input '\ifExintVar' expecting {MODALITY, FORALL, EXISTS, '\if', '\ifEx', 'true', 'false', '(', '{', '@', NOT, SEQARROW, '-', STRING_LITERAL, CHAR_LITERAL, BIN_LITERAL, HEX_LITERAL, IDENT, INT_LITERAL, FLOAT_LITERAL, DOUBLE_LITERAL, REAL_LITERAL}
line 218:27 extraneous input '(' expecting {'\lemma', '}', IDENT, '/*!'}
line 218:31 mismatched input ')' expecting {'(', '{'}
line 220:44 mismatched input ')' expecting {'(', '{'}
line 225:14 mismatched input '\ifExintVar' expecting {MODALITY, FORALL, EXISTS, '\if', '\ifEx', 'true', 'false', '(', '{', '@', NOT, SEQARROW, '-', STRING_LITERAL, CHAR_LITERAL, BIN_LITERAL, HEX_LITERAL, IDENT, INT_LITERAL, FLOAT_LITERAL, DOUBLE_LITERAL, REAL_LITERAL}
line 225:27 extraneous input '(' expecting {'\lemma', '}', IDENT, '/*!'}
line 225:31 mismatched input ')' expecting {'(', '{'}
line 227:44 mismatched input ')' expecting {'(', '{'}
line 233:14 mismatched input '\ifExintVar' expecting {MODALITY, FORALL, EXISTS, '\if', '\ifEx', 'true', 'false', '(', '{', '@', NOT, SEQARROW, '-', STRING_LITERAL, CHAR_LITERAL, BIN_LITERAL, HEX_LITERAL, IDENT, INT_LITERAL, FLOAT_LITERAL, DOUBLE_LITERAL, REAL_LITERAL}
line 233:27 extraneous input '(' expecting {'\lemma', '}', IDENT, '/*!'}
line 233:31 mismatched input ')' expecting {'(', '{'}
line 237:42 mismatched input '}' expecting {'(', '{'}
line 238:34 mismatched input '}' expecting {'(', '{'}
line 239:28 extraneous input '(' expecting {'\lemma', '}', IDENT, '/*!'}
line 239:33 mismatched input '->' expecting {'(', '{'}
line 240:8 extraneous input '\replacewith' expecting {'\lemma', '}', IDENT, '/*!'}
line 240:25 mismatched input ')' expecting {'(', '{'}
line 240:56 mismatched input ')' expecting {'(', '{'}
line 245:14 mismatched input '\ifExintVar' expecting {MODALITY, FORALL, EXISTS, '\if', '\ifEx', 'true', 'false', '(', '{', '@', NOT, SEQARROW, '-', STRING_LITERAL, CHAR_LITERAL, BIN_LITERAL, HEX_LITERAL, IDENT, INT_LITERAL, FLOAT_LITERAL, DOUBLE_LITERAL, REAL_LITERAL}
line 245:27 extraneous input '(' expecting {'\lemma', '}', IDENT, '/*!'}
line 245:31 mismatched input ')' expecting {'(', '{'}
line 248:45 mismatched input '}' expecting {'(', '{'}
line 249:8 extraneous input '\replacewith' expecting {'\lemma', '}', IDENT, '/*!'}
line 249:38 mismatched input ')' expecting {'(', '{'}
line 250:42 mismatched input '}' expecting {'(', '{'}
line 251:28 extraneous input '(' expecting {'\lemma', '}', IDENT, '/*!'}
line 251:33 mismatched input '->' expecting {'(', '{'}
line 255:14 mismatched input '\ifExintVar' expecting {MODALITY, FORALL, EXISTS, '\if', '\ifEx', 'true', 'false', '(', '{', '@', NOT, SEQARROW, '-', STRING_LITERAL, CHAR_LITERAL, BIN_LITERAL, HEX_LITERAL, IDENT, INT_LITERAL, FLOAT_LITERAL, DOUBLE_LITERAL, REAL_LITERAL}
line 255:27 extraneous input '(' expecting {'\lemma', '}', IDENT, '/*!'}
line 255:31 mismatched input ')' expecting {'(', '{'}
line 258:52 extraneous input '0' expecting {'\lemma', '}', IDENT, '/*!'}
line 258:54 mismatched input 'then' expecting {<EOF>, '\problem', '\chooseContract', '\proofObligation', '\proof'}

	at de.uka.ilkd.key.proof.io.KeYFile.readIncludes(KeYFile.java:210)
Caused by: de.uka.ilkd.key.util.parsing.SyntaxErrorReporter$ParserException: line 135:14 mismatched input '\ifExintVar' expecting {MODALITY, FORALL, EXISTS, '\if', '\ifEx', 'true', 'false', '(', '{', '@', NOT, SEQARROW, '-', STRING_LITERAL, CHAR_LITERAL, BIN_LITERAL, HEX_LITERAL, IDENT, INT_LITERAL, FLOAT_LITERAL, DOUBLE_LITERAL, REAL_LITERAL}
line 135:27 extraneous input '(' expecting {'\lemma', '}', IDENT, '/*!'}
line 135:44 mismatched input ')' expecting {'(', '{'}
line 141:14 mismatched input '\ifExintVar' expecting {MODALITY, FORALL, EXISTS, '\if', '\ifEx', 'true', 'false', '(', '{', '@', NOT, SEQARROW, '-', STRING_LITERAL, CHAR_LITERAL, BIN_LITERAL, HEX_LITERAL, IDENT, INT_LITERAL, FLOAT_LITERAL, DOUBLE_LITERAL, REAL_LITERAL}
line 141:27 extraneous input '(' expecting {'\lemma', '}', IDENT, '/*!'}
line 141:41 mismatched input ')' expecting {'(', '{'}
line 148:14 mismatched input '\ifExintVar' expecting {MODALITY, FORALL, EXISTS, '\if', '\ifEx', 'true', 'false', '(', '{', '@', NOT, SEQARROW, '-', STRING_LITERAL, CHAR_LITERAL, BIN_LITERAL, HEX_LITERAL, IDENT, INT_LITERAL, FLOAT_LITERAL, DOUBLE_LITERAL, REAL_LITERAL}
line 148:27 extraneous input '(' expecting {'\lemma', '}', IDENT, '/*!'}
line 148:35 mismatched input '=' expecting {'(', '{'}
line 150:38 mismatched input '}' expecting {'(', '{'}
line 155:14 mismatched input '\ifExintVar' expecting {MODALITY, FORALL, EXISTS, '\if', '\ifEx', 'true', 'false', '(', '{', '@', NOT, SEQARROW, '-', STRING_LITERAL, CHAR_LITERAL, BIN_LITERAL, HEX_LITERAL, IDENT, INT_LITERAL, FLOAT_LITERAL, DOUBLE_LITERAL, REAL_LITERAL}
line 155:27 extraneous input '(' expecting {'\lemma', '}', IDENT, '/*!'}
line 155:35 mismatched input '=' expecting {'(', '{'}
line 157:38 mismatched input '}' expecting {'(', '{'}
line 163:14 mismatched input '\ifExintVar' expecting {MODALITY, FORALL, EXISTS, '\if', '\ifEx', 'true', 'false', '(', '{', '@', NOT, SEQARROW, '-', STRING_LITERAL, CHAR_LITERAL, BIN_LITERAL, HEX_LITERAL, IDENT, INT_LITERAL, FLOAT_LITERAL, DOUBLE_LITERAL, REAL_LITERAL}
line 163:27 extraneous input '(' expecting {'\lemma', '}', IDENT, '/*!'}
line 163:30 mismatched input '=' expecting {'(', '{'}
line 165:38 mismatched input '}' expecting {'(', '{'}
line 171:14 mismatched input '\ifExintVar' expecting {MODALITY, FORALL, EXISTS, '\if', '\ifEx', 'true', 'false', '(', '{', '@', NOT, SEQARROW, '-', STRING_LITERAL, CHAR_LITERAL, BIN_LITERAL, HEX_LITERAL, IDENT, INT_LITERAL, FLOAT_LITERAL, DOUBLE_LITERAL, REAL_LITERAL}
line 171:27 extraneous input '(' expecting {'\lemma', '}', IDENT, '/*!'}
line 171:30 mismatched input '=' expecting {'(', '{'}
line 173:38 mismatched input '}' expecting {'(', '{'}
line 179:14 mismatched input '\ifExintVar' expecting {MODALITY, FORALL, EXISTS, '\if', '\ifEx', 'true', 'false', '(', '{', '@', NOT, SEQARROW, '-', STRING_LITERAL, CHAR_LITERAL, BIN_LITERAL, HEX_LITERAL, IDENT, INT_LITERAL, FLOAT_LITERAL, DOUBLE_LITERAL, REAL_LITERAL}
line 179:27 extraneous input '(' expecting {'\lemma', '}', IDENT, '/*!'}
line 179:32 mismatched input '&' expecting {'(', '{'}
line 181:42 mismatched input '}' expecting {'(', '{'}
line 182:39 mismatched input '}' expecting {'(', '{'}
line 188:14 mismatched input '\ifExintVar' expecting {MODALITY, FORALL, EXISTS, '\if', '\ifEx', 'true', 'false', '(', '{', '@', NOT, SEQARROW, '-', STRING_LITERAL, CHAR_LITERAL, BIN_LITERAL, HEX_LITERAL, IDENT, INT_LITERAL, FLOAT_LITERAL, DOUBLE_LITERAL, REAL_LITERAL}
line 188:27 extraneous input '(' expecting {'\lemma', '}', IDENT, '/*!'}
line 188:32 mismatched input '&' expecting {'(', '{'}
line 190:42 mismatched input '}' expecting {'(', '{'}
line 191:39 mismatched input '}' expecting {'(', '{'}
line 198:14 mismatched input '\ifExintVar' expecting {MODALITY, FORALL, EXISTS, '\if', '\ifEx', 'true', 'false', '(', '{', '@', NOT, SEQARROW, '-', STRING_LITERAL, CHAR_LITERAL, BIN_LITERAL, HEX_LITERAL, IDENT, INT_LITERAL, FLOAT_LITERAL, DOUBLE_LITERAL, REAL_LITERAL}
line 198:27 extraneous input '(' expecting {'\lemma', '}', IDENT, '/*!'}
line 198:32 mismatched input '&' expecting {'(', '{'}
line 200:42 mismatched input '}' expecting {'(', '{'}
line 201:39 mismatched input '}' expecting {'(', '{'}
line 208:14 mismatched input '\ifExintVar' expecting {MODALITY, FORALL, EXISTS, '\if', '\ifEx', 'true', 'false', '(', '{', '@', NOT, SEQARROW, '-', STRING_LITERAL, CHAR_LITERAL, BIN_LITERAL, HEX_LITERAL, IDENT, INT_LITERAL, FLOAT_LITERAL, DOUBLE_LITERAL, REAL_LITERAL}
line 208:27 extraneous input '(' expecting {'\lemma', '}', IDENT, '/*!'}
line 208:32 mismatched input '&' expecting {'(', '{'}
line 210:42 mismatched input '}' expecting {'(', '{'}
line 211:39 mismatched input '}' expecting {'(', '{'}
line 218:14 mismatched input '\ifExintVar' expecting {MODALITY, FORALL, EXISTS, '\if', '\ifEx', 'true', 'false', '(', '{', '@', NOT, SEQARROW, '-', STRING_LITERAL, CHAR_LITERAL, BIN_LITERAL, HEX_LITERAL, IDENT, INT_LITERAL, FLOAT_LITERAL, DOUBLE_LITERAL, REAL_LITERAL}
line 218:27 extraneous input '(' expecting {'\lemma', '}', IDENT, '/*!'}
line 218:31 mismatched input ')' expecting {'(', '{'}
line 220:44 mismatched input ')' expecting {'(', '{'}
line 225:14 mismatched input '\ifExintVar' expecting {MODALITY, FORALL, EXISTS, '\if', '\ifEx', 'true', 'false', '(', '{', '@', NOT, SEQARROW, '-', STRING_LITERAL, CHAR_LITERAL, BIN_LITERAL, HEX_LITERAL, IDENT, INT_LITERAL, FLOAT_LITERAL, DOUBLE_LITERAL, REAL_LITERAL}
line 225:27 extraneous input '(' expecting {'\lemma', '}', IDENT, '/*!'}
line 225:31 mismatched input ')' expecting {'(', '{'}
line 227:44 mismatched input ')' expecting {'(', '{'}
line 233:14 mismatched input '\ifExintVar' expecting {MODALITY, FORALL, EXISTS, '\if', '\ifEx', 'true', 'false', '(', '{', '@', NOT, SEQARROW, '-', STRING_LITERAL, CHAR_LITERAL, BIN_LITERAL, HEX_LITERAL, IDENT, INT_LITERAL, FLOAT_LITERAL, DOUBLE_LITERAL, REAL_LITERAL}
line 233:27 extraneous input '(' expecting {'\lemma', '}', IDENT, '/*!'}
line 233:31 mismatched input ')' expecting {'(', '{'}
line 237:42 mismatched input '}' expecting {'(', '{'}
line 238:34 mismatched input '}' expecting {'(', '{'}
line 239:28 extraneous input '(' expecting {'\lemma', '}', IDENT, '/*!'}
line 239:33 mismatched input '->' expecting {'(', '{'}
line 240:8 extraneous input '\replacewith' expecting {'\lemma', '}', IDENT, '/*!'}
line 240:25 mismatched input ')' expecting {'(', '{'}
line 240:56 mismatched input ')' expecting {'(', '{'}
line 245:14 mismatched input '\ifExintVar' expecting {MODALITY, FORALL, EXISTS, '\if', '\ifEx', 'true', 'false', '(', '{', '@', NOT, SEQARROW, '-', STRING_LITERAL, CHAR_LITERAL, BIN_LITERAL, HEX_LITERAL, IDENT, INT_LITERAL, FLOAT_LITERAL, DOUBLE_LITERAL, REAL_LITERAL}
line 245:27 extraneous input '(' expecting {'\lemma', '}', IDENT, '/*!'}
line 245:31 mismatched input ')' expecting {'(', '{'}
line 248:45 mismatched input '}' expecting {'(', '{'}
line 249:8 extraneous input '\replacewith' expecting {'\lemma', '}', IDENT, '/*!'}
line 249:38 mismatched input ')' expecting {'(', '{'}
line 250:42 mismatched input '}' expecting {'(', '{'}
line 251:28 extraneous input '(' expecting {'\lemma', '}', IDENT, '/*!'}
line 251:33 mismatched input '->' expecting {'(', '{'}
line 255:14 mismatched input '\ifExintVar' expecting {MODALITY, FORALL, EXISTS, '\if', '\ifEx', 'true', 'false', '(', '{', '@', NOT, SEQARROW, '-', STRING_LITERAL, CHAR_LITERAL, BIN_LITERAL, HEX_LITERAL, IDENT, INT_LITERAL, FLOAT_LITERAL, DOUBLE_LITERAL, REAL_LITERAL}
line 255:27 extraneous input '(' expecting {'\lemma', '}', IDENT, '/*!'}
line 255:31 mismatched input ')' expecting {'(', '{'}
line 258:52 extraneous input '0' expecting {'\lemma', '}', IDENT, '/*!'}
line 258:54 mismatched input 'then' expecting {<EOF>, '\problem', '\chooseContract', '\proofObligation', '\proof'}

	at de.uka.ilkd.key.util.parsing.SyntaxErrorReporter.throwException(SyntaxErrorReporter.java:89)

302661     WARN  Test worker     d.u.i.k.n.KeYParser       [syntax-error] file:/home/runner/work/key/key/key.core/build/resources/main/de/uka/ilkd/key/proof/rules/ifThenElseRules.key:135:14: mismatched input '\ifExintVar' expecting {MODALITY, FORALL, EXISTS, '\if', '\ifEx', 'true', 'false', '(', '{', '@', NOT, SEQARROW, '-', STRING_LITERAL, CHAR_LITERAL, BIN_LITERAL, HEX_LITERAL, IDENT, INT_LITERAL, FLOAT_LITERAL, DOUBLE_LITERAL, REAL_LITERAL} [@745,3563:3573='\ifExintVar',<188>,135:14] (termorseq, taclet, rulesOrAxioms, decls, file) 
302661     WARN  Test worker     d.u.i.k.n.KeYParser       [syntax-error] file:/home/runner/work/key/key/key.core/build/resources/main/de/uka/ilkd/key/proof/rules/ifThenElseRules.key:135:27: extraneous input '(' expecting {'\lemma', '}', IDENT, '/*!'} [@748,3576:3576='(',<146>,135:27] (rulesOrAxioms, decls, file) 
302661     WARN  Test worker     d.u.i.k.n.KeYParser       [syntax-error] file:/home/runner/work/key/key/key.core/build/resources/main/de/uka/ilkd/key/proof/rules/ifThenElseRules.key:135:44: mismatched input ')' expecting {'(', '{'} [@754,3593:3593=')',<147>,135:44] (taclet, rulesOrAxioms, decls, file) 
302661     WARN  Test worker     d.u.i.k.n.KeYParser       [syntax-error] file:/home/runner/work/key/key/key.core/build/resources/main/de/uka/ilkd/key/proof/rules/ifThenElseRules.key:141:14: mismatched input '\ifExintVar' expecting {MODALITY, FORALL, EXISTS, '\if', '\ifEx', 'true', 'false', '(', '{', '@', NOT, SEQARROW, '-', STRING_LITERAL, CHAR_LITERAL, BIN_LITERAL, HEX_LITERAL, IDENT, INT_LITERAL, FLOAT_LITERAL, DOUBLE_LITERAL, REAL_LITERAL} [@780,3716:3726='\ifExintVar',<188>,141:14] (termorseq, taclet, rulesOrAxioms, decls, file) 
302661     WARN  Test worker     d.u.i.k.n.KeYParser       [syntax-error] file:/home/runner/work/key/key/key.core/build/resources/main/de/uka/ilkd/key/proof/rules/ifThenElseRules.key:141:27: extraneous input '(' expecting {'\lemma', '}', IDENT, '/*!'} [@783,3729:3729='(',<146>,141:27] (rulesOrAxioms, decls, file) 
302661     WARN  Test worker     d.u.i.k.n.KeYParser       [syntax-error] file:/home/runner/work/key/key/key.core/build/resources/main/de/uka/ilkd/key/proof/rules/ifThenElseRules.key:141:41: mismatched input ')' expecting {'(', '{'} [@789,3743:3743=')',<147>,141:41] (taclet, rulesOrAxioms, decls, file) 
302661     WARN  Test worker     d.u.i.k.n.KeYParser       [syntax-error] file:/home/runner/work/key/key/key.core/build/resources/main/de/uka/ilkd/key/proof/rules/ifThenElseRules.key:148:14: mismatched input '\ifExintVar' expecting {MODALITY, FORALL, EXISTS, '\if', '\ifEx', 'true', 'false', '(', '{', '@', NOT, SEQARROW, '-', STRING_LITERAL, CHAR_LITERAL, BIN_LITERAL, HEX_LITERAL, IDENT, INT_LITERAL, FLOAT_LITERAL, DOUBLE_LITERAL, REAL_LITERAL} [@819,3896:3906='\ifExintVar',<188>,148:14] (termorseq, taclet, rulesOrAxioms, decls, file) 
302661     WARN  Test worker     d.u.i.k.n.KeYParser       [syntax-error] file:/home/runner/work/key/key/key.core/build/resources/main/de/uka/ilkd/key/proof/rules/ifThenElseRules.key:148:27: extraneous input '(' expecting {'\lemma', '}', IDENT, '/*!'} [@822,3909:3909='(',<146>,148:27] (rulesOrAxioms, decls, file) 
302661     WARN  Test worker     d.u.i.k.n.KeYParser       [syntax-error] file:/home/runner/work/key/key/key.core/build/resources/main/de/uka/ilkd/key/proof/rules/ifThenElseRules.key:148:35: mismatched input '=' expecting {'(', '{'} [@825,3917:3917='=',<159>,148:35] (taclet, rulesOrAxioms, decls, file) 
302661     WARN  Test worker     d.u.i.k.n.KeYParser       [syntax-error] file:/home/runner/work/key/key/key.core/build/resources/main/de/uka/ilkd/key/proof/rules/ifThenElseRules.key:150:38: mismatched input '}' expecting {'(', '{'} [@859,4023:4023='}',<149>,150:38] (taclet, rulesOrAxioms, decls, file) 
302661     WARN  Test worker     d.u.i.k.n.KeYParser       [syntax-error] file:/home/runner/work/key/key/key.core/build/resources/main/de/uka/ilkd/key/proof/rules/ifThenElseRules.key:155:14: mismatched input '\ifExintVar' expecting {MODALITY, FORALL, EXISTS, '\if', '\ifEx', 'true', 'false', '(', '{', '@', NOT, SEQARROW, '-', STRING_LITERAL, CHAR_LITERAL, BIN_LITERAL, HEX_LITERAL, IDENT, INT_LITERAL, FLOAT_LITERAL, DOUBLE_LITERAL, REAL_LITERAL} [@877,4109:4119='\ifExintVar',<188>,155:14] (termorseq, taclet, rulesOrAxioms, decls, file) 
302661     WARN  Test worker     d.u.i.k.n.KeYParser       [syntax-error] file:/home/runner/work/key/key/key.core/build/resources/main/de/uka/ilkd/key/proof/rules/ifThenElseRules.key:155:27: extraneous input '(' expecting {'\lemma', '}', IDENT, '/*!'} [@880,4122:4122='(',<146>,155:27] (rulesOrAxioms, decls, file) 
302661     WARN  Test worker     d.u.i.k.n.KeYParser       [syntax-error] file:/home/runner/work/key/key/key.core/build/resources/main/de/uka/ilkd/key/proof/rules/ifThenElseRules.key:155:35: mismatched input '=' expecting {'(', '{'} [@883,4130:4130='=',<159>,155:35] (taclet, rulesOrAxioms, decls, file) 
302661     WARN  Test worker     d.u.i.k.n.KeYParser       [syntax-error] file:/home/runner/work/key/key/key.core/build/resources/main/de/uka/ilkd/key/proof/rules/ifThenElseRules.key:157:38: mismatched input '}' expecting {'(', '{'} [@917,4230:4230='}',<149>,157:38] (taclet, rulesOrAxioms, decls, file) 
302661     WARN  Test worker     d.u.i.k.n.KeYParser       [syntax-error] file:/home/runner/work/key/key/key.core/build/resources/main/de/uka/ilkd/key/proof/rules/ifThenElseRules.key:163:14: mismatched input '\ifExintVar' expecting {MODALITY, FORALL, EXISTS, '\if', '\ifEx', 'true', 'false', '(', '{', '@', NOT, SEQARROW, '-', STRING_LITERAL, CHAR_LITERAL, BIN_LITERAL, HEX_LITERAL, IDENT, INT_LITERAL, FLOAT_LITERAL, DOUBLE_LITERAL, REAL_LITERAL} [@939,4350:4360='\ifExintVar',<188>,163:14] (termorseq, taclet, rulesOrAxioms, decls, file) 
302661     WARN  Test worker     d.u.i.k.n.KeYParser       [syntax-error] file:/home/runner/work/key/key/key.core/build/resources/main/de/uka/ilkd/key/proof/rules/ifThenElseRules.key:163:27: extraneous input '(' expecting {'\lemma', '}', IDENT, '/*!'} [@942,4363:4363='(',<146>,163:27] (rulesOrAxioms, decls, file) 
302661     WARN  Test worker     d.u.i.k.n.KeYParser       [syntax-error] file:/home/runner/work/key/key/key.core/build/resources/main/de/uka/ilkd/key/proof/rules/ifThenElseRules.key:163:30: mismatched input '=' expecting {'(', '{'} [@945,4366:4366='=',<159>,163:30] (taclet, rulesOrAxioms, decls, file) 
302661     WARN  Test worker     d.u.i.k.n.KeYParser       [syntax-error] file:/home/runner/work/key/key/key.core/build/resources/main/de/uka/ilkd/key/proof/rules/ifThenElseRules.key:165:38: mismatched input '}' expecting {'(', '{'} [@979,4477:4477='}',<149>,165:38] (taclet, rulesOrAxioms, decls, file) 
302661     WARN  Test worker     d.u.i.k.n.KeYParser       [syntax-error] file:/home/runner/work/key/key/key.core/build/resources/main/de/uka/ilkd/key/proof/rules/ifThenElseRules.key:171:14: mismatched input '\ifExintVar' expecting {MODALITY, FORALL, EXISTS, '\if', '\ifEx', 'true', 'false', '(', '{', '@', NOT, SEQARROW, '-', STRING_LITERAL, CHAR_LITERAL, BIN_LITERAL, HEX_LITERAL, IDENT, INT_LITERAL, FLOAT_LITERAL, DOUBLE_LITERAL, REAL_LITERAL} [@1001,4604:4614='\ifExintVar',<188>,171:14] (termorseq, taclet, rulesOrAxioms, decls, file) 
302661     WARN  Test worker     d.u.i.k.n.KeYParser       [syntax-error] file:/home/runner/work/key/key/key.core/build/resources/main/de/uka/ilkd/key/proof/rules/ifThenElseRules.key:171:27: extraneous input '(' expecting {'\lemma', '}', IDENT, '/*!'} [@1004,4617:4617='(',<146>,171:27] (rulesOrAxioms, decls, file) 
302661     WARN  Test worker     d.u.i.k.n.KeYParser       [syntax-error] file:/home/runner/work/key/key/key.core/build/resources/main/de/uka/ilkd/key/proof/rules/ifThenElseRules.key:171:30: mismatched input '=' expecting {'(', '{'} [@1007,4620:4620='=',<159>,171:30] (taclet, rulesOrAxioms, decls, file) 
302661     WARN  Test worker     d.u.i.k.n.KeYParser       [syntax-error] file:/home/runner/work/key/key/key.core/build/resources/main/de/uka/ilkd/key/proof/rules/ifThenElseRules.key:173:38: mismatched input '}' expecting {'(', '{'} [@1041,4725:4725='}',<149>,173:38] (taclet, rulesOrAxioms, decls, file) 
302661     WARN  Test worker     d.u.i.k.n.KeYParser       [syntax-error] file:/home/runner/work/key/key/key.core/build/resources/main/de/uka/ilkd/key/proof/rules/ifThenElseRules.key:179:14: mismatched input '\ifExintVar' expecting {MODALITY, FORALL, EXISTS, '\if', '\ifEx', 'true', 'false', '(', '{', '@', NOT, SEQARROW, '-', STRING_LITERAL, CHAR_LITERAL, BIN_LITERAL, HEX_LITERAL, IDENT, INT_LITERAL, FLOAT_LITERAL, DOUBLE_LITERAL, REAL_LITERAL} [@1063,4848:4858='\ifExintVar',<188>,179:14] (termorseq, taclet, rulesOrAxioms, decls, file) 
302661     WARN  Test worker     d.u.i.k.n.KeYParser       [syntax-error] file:/home/runner/work/key/key/key.core/build/resources/main/de/uka/ilkd/key/proof/rules/ifThenElseRules.key:179:27: extraneous input '(' expecting {'\lemma', '}', IDENT, '/*!'} [@1066,4861:4861='(',<146>,179:27] (rulesOrAxioms, decls, file) 
302661     WARN  Test worker     d.u.i.k.n.KeYParser       [syntax-error] file:/home/runner/work/key/key/key.core/build/resources/main/de/uka/ilkd/key/proof/rules/ifThenElseRules.key:179:32: mismatched input '&' expecting {'(', '{'} [@1069,4866:4866='&',<156>,179:32] (taclet, rulesOrAxioms, decls, file) 
302662     WARN  Test worker     d.u.i.k.n.KeYParser       [syntax-error] file:/home/runner/work/key/key/key.core/build/resources/main/de/uka/ilkd/key/proof/rules/ifThenElseRules.key:181:42: mismatched input '}' expecting {'(', '{'} [@1109,4985:4985='}',<149>,181:42] (taclet, rulesOrAxioms, decls, file) 
302662     WARN  Test worker     d.u.i.k.n.KeYParser       [syntax-error] file:/home/runner/work/key/key/key.core/build/resources/main/de/uka/ilkd/key/proof/rules/ifThenElseRules.key:182:39: mismatched input '}' expecting {'(', '{'} [@1122,5030:5030='}',<149>,182:39] (taclet, rulesOrAxioms, decls, file) 
302662     WARN  Test worker     d.u.i.k.n.KeYParser       [syntax-error] file:/home/runner/work/key/key/key.core/build/resources/main/de/uka/ilkd/key/proof/rules/ifThenElseRules.key:188:14: mismatched input '\ifExintVar' expecting {MODALITY, FORALL, EXISTS, '\if', '\ifEx', 'true', 'false', '(', '{', '@', NOT, SEQARROW, '-', STRING_LITERAL, CHAR_LITERAL, BIN_LITERAL, HEX_LITERAL, IDENT, INT_LITERAL, FLOAT_LITERAL, DOUBLE_LITERAL, REAL_LITERAL} [@1146,5149:5159='\ifExintVar',<188>,188:14] (termorseq, taclet, rulesOrAxioms, decls, file) 
302662     WARN  Test worker     d.u.i.k.n.KeYParser       [syntax-error] file:/home/runner/work/key/key/key.core/build/resources/main/de/uka/ilkd/key/proof/rules/ifThenElseRules.key:188:27: extraneous input '(' expecting {'\lemma', '}', IDENT, '/*!'} [@1149,5162:5162='(',<146>,188:27] (rulesOrAxioms, decls, file) 
302662     WARN  Test worker     d.u.i.k.n.KeYParser       [syntax-error] file:/home/runner/work/key/key/key.core/build/resources/main/de/uka/ilkd/key/proof/rules/ifThenElseRules.key:188:32: mismatched input '&' expecting {'(', '{'} [@1152,5167:5167='&',<156>,188:32] (taclet, rulesOrAxioms, decls, file) 
302662     WARN  Test worker     d.u.i.k.n.KeYParser       [syntax-error] file:/home/runner/work/key/key/key.core/build/resources/main/de/uka/ilkd/key/proof/rules/ifThenElseRules.key:190:42: mismatched input '}' expecting {'(', '{'} [@1192,5280:5280='}',<149>,190:42] (taclet, rulesOrAxioms, decls, file) 
302662     WARN  Test worker     d.u.i.k.n.KeYParser       [syntax-error] file:/home/runner/work/key/key/key.core/build/resources/main/de/uka/ilkd/key/proof/rules/ifThenElseRules.key:191:39: mismatched input '}' expecting {'(', '{'} [@1205,5325:5325='}',<149>,191:39] (taclet, rulesOrAxioms, decls, file) 
302662     WARN  Test worker     d.u.i.k.n.KeYParser       [syntax-error] file:/home/runner/work/key/key/key.core/build/resources/main/de/uka/ilkd/key/proof/rules/ifThenElseRules.key:198:14: mismatched input '\ifExintVar' expecting {MODALITY, FORALL, EXISTS, '\if', '\ifEx', 'true', 'false', '(', '{', '@', NOT, SEQARROW, '-', STRING_LITERAL, CHAR_LITERAL, BIN_LITERAL, HEX_LITERAL, IDENT, INT_LITERAL, FLOAT_LITERAL, DOUBLE_LITERAL, REAL_LITERAL} [@1233,5475:5485='\ifExintVar',<188>,198:14] (termorseq, taclet, rulesOrAxioms, decls, file) 
302662     WARN  Test worker     d.u.i.k.n.KeYParser       [syntax-error] file:/home/runner/work/key/key/key.core/build/resources/main/de/uka/ilkd/key/proof/rules/ifThenElseRules.key:198:27: extraneous input '(' expecting {'\lemma', '}', IDENT, '/*!'} [@1236,5488:5488='(',<146>,198:27] (rulesOrAxioms, decls, file) 
302662     WARN  Test worker     d.u.i.k.n.KeYParser       [syntax-error] file:/home/runner/work/key/key/key.core/build/resources/main/de/uka/ilkd/key/proof/rules/ifThenElseRules.key:198:32: mismatched input '&' expecting {'(', '{'} [@1239,5493:5493='&',<156>,198:32] (taclet, rulesOrAxioms, decls, file) 
302662     WARN  Test worker     d.u.i.k.n.KeYParser       [syntax-error] file:/home/runner/work/key/key/key.core/build/resources/main/de/uka/ilkd/key/proof/rules/ifThenElseRules.key:200:42: mismatched input '}' expecting {'(', '{'} [@1279,5612:5612='}',<149>,200:42] (taclet, rulesOrAxioms, decls, file) 
302662     WARN  Test worker     d.u.i.k.n.KeYParser       [syntax-error] file:/home/runner/work/key/key/key.core/build/resources/main/de/uka/ilkd/key/proof/rules/ifThenElseRules.key:201:39: mismatched input '}' expecting {'(', '{'} [@1292,5657:5657='}',<149>,201:39] (taclet, rulesOrAxioms, decls, file) 
302662     WARN  Test worker     d.u.i.k.n.KeYParser       [syntax-error] file:/home/runner/work/key/key/key.core/build/resources/main/de/uka/ilkd/key/proof/rules/ifThenElseRules.key:208:14: mismatched input '\ifExintVar' expecting {MODALITY, FORALL, EXISTS, '\if', '\ifEx', 'true', 'false', '(', '{', '@', NOT, SEQARROW, '-', STRING_LITERAL, CHAR_LITERAL, BIN_LITERAL, HEX_LITERAL, IDENT, INT_LITERAL, FLOAT_LITERAL, DOUBLE_LITERAL, REAL_LITERAL} [@1320,5817:5827='\ifExintVar',<188>,208:14] (termorseq, taclet, rulesOrAxioms, decls, file) 
302662     WARN  Test worker     d.u.i.k.n.KeYParser       [syntax-error] file:/home/runner/work/key/key/key.core/build/resources/main/de/uka/ilkd/key/proof/rules/ifThenElseRules.key:208:27: extraneous input '(' expecting {'\lemma', '}', IDENT, '/*!'} [@1323,5830:5830='(',<146>,208:27] (rulesOrAxioms, decls, file) 
302662     WARN  Test worker     d.u.i.k.n.KeYParser       [syntax-error] file:/home/runner/work/key/key/key.core/build/resources/main/de/uka/ilkd/key/proof/rules/ifThenElseRules.key:208:32: mismatched input '&' expecting {'(', '{'} [@1326,5835:5835='&',<156>,208:32] (taclet, rulesOrAxioms, decls, file) 
302662     WARN  Test worker     d.u.i.k.n.KeYParser       [syntax-error] file:/home/runner/work/key/key/key.core/build/resources/main/de/uka/ilkd/key/proof/rules/ifThenElseRules.key:210:42: mismatched input '}' expecting {'(', '{'} [@1366,5948:5948='}',<149>,210:42] (taclet, rulesOrAxioms, decls, file) 
302662     WARN  Test worker     d.u.i.k.n.KeYParser       [syntax-error] file:/home/runner/work/key/key/key.core/build/resources/main/de/uka/ilkd/key/proof/rules/ifThenElseRules.key:211:39: mismatched input '}' expecting {'(', '{'} [@1379,5993:5993='}',<149>,211:39] (taclet, rulesOrAxioms, decls, file) 
302662     WARN  Test worker     d.u.i.k.n.KeYParser       [syntax-error] file:/home/runner/work/key/key/key.core/build/resources/main/de/uka/ilkd/key/proof/rules/ifThenElseRules.key:218:14: mismatched input '\ifExintVar' expecting {MODALITY, FORALL, EXISTS, '\if', '\ifEx', 'true', 'false', '(', '{', '@', NOT, SEQARROW, '-', STRING_LITERAL, CHAR_LITERAL, BIN_LITERAL, HEX_LITERAL, IDENT, INT_LITERAL, FLOAT_LITERAL, DOUBLE_LITERAL, REAL_LITERAL} [@1407,6146:6156='\ifExintVar',<188>,218:14] (termorseq, taclet, rulesOrAxioms, decls, file) 
302662     WARN  Test worker     d.u.i.k.n.KeYParser       [syntax-error] file:/home/runner/work/key/key/key.core/build/resources/main/de/uka/ilkd/key/proof/rules/ifThenElseRules.key:218:27: extraneous input '(' expecting {'\lemma', '}', IDENT, '/*!'} [@1410,6159:6159='(',<146>,218:27] (rulesOrAxioms, decls, file) 
302662     WARN  Test worker     d.u.i.k.n.KeYParser       [syntax-error] file:/home/runner/work/key/key/key.core/build/resources/main/de/uka/ilkd/key/proof/rules/ifThenElseRules.key:218:31: mismatched input ')' expecting {'(', '{'} [@1412,6163:6163=')',<147>,218:31] (taclet, rulesOrAxioms, decls, file) 
302662     WARN  Test worker     d.u.i.k.n.KeYParser       [syntax-error] file:/home/runner/work/key/key/key.core/build/resources/main/de/uka/ilkd/key/proof/rules/ifThenElseRules.key:220:44: mismatched input ')' expecting {'(', '{'} [@1444,6275:6275=')',<147>,220:44] (taclet, rulesOrAxioms, decls, file) 
302662     WARN  Test worker     d.u.i.k.n.KeYParser       [syntax-error] file:/home/runner/work/key/key/key.core/build/resources/main/de/uka/ilkd/key/proof/rules/ifThenElseRules.key:225:14: mismatched input '\ifExintVar' expecting {MODALITY, FORALL, EXISTS, '\if', '\ifEx', 'true', 'false', '(', '{', '@', NOT, SEQARROW, '-', STRING_LITERAL, CHAR_LITERAL, BIN_LITERAL, HEX_LITERAL, IDENT, INT_LITERAL, FLOAT_LITERAL, DOUBLE_LITERAL, REAL_LITERAL} [@1471,6389:6399='\ifExintVar',<188>,225:14] (termorseq, taclet, rulesOrAxioms, decls, file) 
302662     WARN  Test worker     d.u.i.k.n.KeYParser       [syntax-error] file:/home/runner/work/key/key/key.core/build/resources/main/de/uka/ilkd/key/proof/rules/ifThenElseRules.key:225:27: extraneous input '(' expecting {'\lemma', '}', IDENT, '/*!'} [@1474,6402:6402='(',<146>,225:27] (rulesOrAxioms, decls, file) 
302662     WARN  Test worker     d.u.i.k.n.KeYParser       [syntax-error] file:/home/runner/work/key/key/key.core/build/resources/main/de/uka/ilkd/key/proof/rules/ifThenElseRules.key:225:31: mismatched input ')' expecting {'(', '{'} [@1476,6406:6406=')',<147>,225:31] (taclet, rulesOrAxioms, decls, file) 
302662     WARN  Test worker     d.u.i.k.n.KeYParser       [syntax-error] file:/home/runner/work/key/key/key.core/build/resources/main/de/uka/ilkd/key/proof/rules/ifThenElseRules.key:227:44: mismatched input ')' expecting {'(', '{'} [@1508,6509:6509=')',<147>,227:44] (taclet, rulesOrAxioms, decls, file) 
302662     WARN  Test worker     d.u.i.k.n.KeYParser       [syntax-error] file:/home/runner/work/key/key/key.core/build/resources/main/de/uka/ilkd/key/proof/rules/ifThenElseRules.key:233:14: mismatched input '\ifExintVar' expecting {MODALITY, FORALL, EXISTS, '\if', '\ifEx', 'true', 'false', '(', '{', '@', NOT, SEQARROW, '-', STRING_LITERAL, CHAR_LITERAL, BIN_LITERAL, HEX_LITERAL, IDENT, INT_LITERAL, FLOAT_LITERAL, DOUBLE_LITERAL, REAL_LITERAL} [@1539,6656:6666='\ifExintVar',<188>,233:14] (termorseq, taclet, rulesOrAxioms, decls, file) 
302662     WARN  Test worker     d.u.i.k.n.KeYParser       [syntax-error] file:/home/runner/work/key/key/key.core/build/resources/main/de/uka/ilkd/key/proof/rules/ifThenElseRules.key:233:27: extraneous input '(' expecting {'\lemma', '}', IDENT, '/*!'} [@1542,6669:6669='(',<146>,233:27] (rulesOrAxioms, decls, file) 
302662     WARN  Test worker     d.u.i.k.n.KeYParser       [syntax-error] file:/home/runner/work/key/key/key.core/build/resources/main/de/uka/ilkd/key/proof/rules/ifThenElseRules.key:233:31: mismatched input ')' expecting {'(', '{'} [@1544,6673:6673=')',<147>,233:31] (taclet, rulesOrAxioms, decls, file) 
302662     WARN  Test worker     d.u.i.k.n.KeYParser       [syntax-error] file:/home/runner/work/key/key/key.core/build/resources/main/de/uka/ilkd/key/proof/rules/ifThenElseRules.key:237:42: mismatched input '}' expecting {'(', '{'} [@1586,6850:6850='}',<149>,237:42] (taclet, rulesOrAxioms, decls, file) 
302662     WARN  Test worker     d.u.i.k.n.KeYParser       [syntax-error] file:/home/runner/work/key/key/key.core/build/resources/main/de/uka/ilkd/key/proof/rules/ifThenElseRules.key:238:34: mismatched input '}' expecting {'(', '{'} [@1599,6891:6891='}',<149>,238:34] (taclet, rulesOrAxioms, decls, file) 
302662     WARN  Test worker     d.u.i.k.n.KeYParser       [syntax-error] file:/home/runner/work/key/key/key.core/build/resources/main/de/uka/ilkd/key/proof/rules/ifThenElseRules.key:239:28: extraneous input '(' expecting {'\lemma', '}', IDENT, '/*!'} [@1608,6925:6925='(',<146>,239:28] (rulesOrAxioms, decls, file) 
302662     WARN  Test worker     d.u.i.k.n.KeYParser       [syntax-error] file:/home/runner/work/key/key/key.core/build/resources/main/de/uka/ilkd/key/proof/rules/ifThenElseRules.key:239:33: mismatched input '->' expecting {'(', '{'} [@1611,6930:6931='->',<158>,239:33] (taclet, rulesOrAxioms, decls, file) 
302662     WARN  Test worker     d.u.i.k.n.KeYParser       [syntax-error] file:/home/runner/work/key/key/key.core/build/resources/main/de/uka/ilkd/key/proof/rules/ifThenElseRules.key:240:8: extraneous input '\replacewith' expecting {'\lemma', '}', IDENT, '/*!'} [@1626,6979:6990='\replacewith',<105>,240:8] (rulesOrAxioms, decls, file) 
302662     WARN  Test worker     d.u.i.k.n.KeYParser       [syntax-error] file:/home/runner/work/key/key/key.core/build/resources/main/de/uka/ilkd/key/proof/rules/ifThenElseRules.key:240:25: mismatched input ')' expecting {'(', '{'} [@1629,6996:6996=')',<147>,240:25] (taclet, rulesOrAxioms, decls, file) 
302662     WARN  Test worker     d.u.i.k.n.KeYParser       [syntax-error] file:/home/runner/work/key/key/key.core/build/resources/main/de/uka/ilkd/key/proof/rules/ifThenElseRules.key:240:56: mismatched input ')' expecting {'(', '{'} [@1642,7027:7027=')',<147>,240:56] (taclet, rulesOrAxioms, decls, file) 
302662     WARN  Test worker     d.u.i.k.n.KeYParser       [syntax-error] file:/home/runner/work/key/key/key.core/build/resources/main/de/uka/ilkd/key/proof/rules/ifThenElseRules.key:245:14: mismatched input '\ifExintVar' expecting {MODALITY, FORALL, EXISTS, '\if', '\ifEx', 'true', 'false', '(', '{', '@', NOT, SEQARROW, '-', STRING_LITERAL, CHAR_LITERAL, BIN_LITERAL, HEX_LITERAL, IDENT, INT_LITERAL, FLOAT_LITERAL, DOUBLE_LITERAL, REAL_LITERAL} [@1658,7109:7119='\ifExintVar',<188>,245:14] (termorseq, taclet, rulesOrAxioms, decls, file) 
302662     WARN  Test worker     d.u.i.k.n.KeYParser       [syntax-error] file:/home/runner/work/key/key/key.core/build/resources/main/de/uka/ilkd/key/proof/rules/ifThenElseRules.key:245:27: extraneous input '(' expecting {'\lemma', '}', IDENT, '/*!'} [@1661,7122:7122='(',<146>,245:27] (rulesOrAxioms, decls, file) 
302662     WARN  Test worker     d.u.i.k.n.KeYParser       [syntax-error] file:/home/runner/work/key/key/key.core/build/resources/main/de/uka/ilkd/key/proof/rules/ifThenElseRules.key:245:31: mismatched input ')' expecting {'(', '{'} [@1663,7126:7126=')',<147>,245:31] (taclet, rulesOrAxioms, decls, file) 
302662     WARN  Test worker     d.u.i.k.n.KeYParser       [syntax-error] file:/home/runner/work/key/key/key.core/build/resources/main/de/uka/ilkd/key/proof/rules/ifThenElseRules.key:248:45: mismatched input '}' expecting {'(', '{'} [@1696,7268:7268='}',<149>,248:45] (taclet, rulesOrAxioms, decls, file) 
302662     WARN  Test worker     d.u.i.k.n.KeYParser       [syntax-error] file:/home/runner/work/key/key/key.core/build/resources/main/de/uka/ilkd/key/proof/rules/ifThenElseRules.key:249:8: extraneous input '\replacewith' expecting {'\lemma', '}', IDENT, '/*!'} [@1701,7284:7295='\replacewith',<105>,249:8] (rulesOrAxioms, decls, file) 
302662     WARN  Test worker     d.u.i.k.n.KeYParser       [syntax-error] file:/home/runner/work/key/key/key.core/build/resources/main/de/uka/ilkd/key/proof/rules/ifThenElseRules.key:249:38: mismatched input ')' expecting {'(', '{'} [@1708,7314:7314=')',<147>,249:38] (taclet, rulesOrAxioms, decls, file) 
302662     WARN  Test worker     d.u.i.k.n.KeYParser       [syntax-error] file:/home/runner/work/key/key/key.core/build/resources/main/de/uka/ilkd/key/proof/rules/ifThenElseRules.key:250:42: mismatched input '}' expecting {'(', '{'} [@1731,7381:7381='}',<149>,250:42] (taclet, rulesOrAxioms, decls, file) 
302662     WARN  Test worker     d.u.i.k.n.KeYParser       [syntax-error] file:/home/runner/work/key/key/key.core/build/resources/main/de/uka/ilkd/key/proof/rules/ifThenElseRules.key:251:28: extraneous input '(' expecting {'\lemma', '}', IDENT, '/*!'} [@1741,7416:7416='(',<146>,251:28] (rulesOrAxioms, decls, file) 
302662     WARN  Test worker     d.u.i.k.n.KeYParser       [syntax-error] file:/home/runner/work/key/key/key.core/build/resources/main/de/uka/ilkd/key/proof/rules/ifThenElseRules.key:251:33: mismatched input '->' expecting {'(', '{'} [@1744,7421:7422='->',<158>,251:33] (taclet, rulesOrAxioms, decls, file) 
302662     WARN  Test worker     d.u.i.k.n.KeYParser       [syntax-error] file:/home/runner/work/key/key/key.core/build/resources/main/de/uka/ilkd/key/proof/rules/ifThenElseRules.key:255:14: mismatched input '\ifExintVar' expecting {MODALITY, FORALL, EXISTS, '\if', '\ifEx', 'true', 'false', '(', '{', '@', NOT, SEQARROW, '-', STRING_LITERAL, CHAR_LITERAL, BIN_LITERAL, HEX_LITERAL, IDENT, INT_LITERAL, FLOAT_LITERAL, DOUBLE_LITERAL, REAL_LITERAL} [@1765,7506:7516='\ifExintVar',<188>,255:14] (termorseq, taclet, rulesOrAxioms, decls, file) 
302662     WARN  Test worker     d.u.i.k.n.KeYParser       [syntax-error] file:/home/runner/work/key/key/key.core/build/resources/main/de/uka/ilkd/key/proof/rules/ifThenElseRules.key:255:27: extraneous input '(' expecting {'\lemma', '}', IDENT, '/*!'} [@1768,7519:7519='(',<146>,255:27] (rulesOrAxioms, decls, file) 
302662     WARN  Test worker     d.u.i.k.n.KeYParser       [syntax-error] file:/home/runner/work/key/key/key.core/build/resources/main/de/uka/ilkd/key/proof/rules/ifThenElseRules.key:255:31: mismatched input ')' expecting {'(', '{'} [@1770,7523:7523=')',<147>,255:31] (taclet, rulesOrAxioms, decls, file) 
302662     WARN  Test worker     d.u.i.k.n.KeYParser       [syntax-error] file:/home/runner/work/key/key/key.core/build/resources/main/de/uka/ilkd/key/proof/rules/ifThenElseRules.key:258:52: extraneous input '0' expecting {'\lemma', '}', IDENT, '/*!'} [@1809,7667:7667='0',<184>,258:52] (rulesOrAxioms, decls, file) 
302662     WARN  Test worker     d.u.i.k.n.KeYParser       [syntax-error] file:/home/runner/work/key/key/key.core/build/resources/main/de/uka/ilkd/key/proof/rules/ifThenElseRules.key:258:54: mismatched input 'then' expecting {<EOF>, '\problem', '\chooseContract', '\proofObligation', '\proof'} [@1811,7669:7672='then',<183>,258:54] (file) 
302663     ERROR Test worker     d.u.i.k.s.n.MasterHandlerTest Error reading /home/runner/work/key/key/key.core/build/resources/test/de/uka/ilkd/key/smt/newsmt2/cases/quant1.props de.uka.ilkd.key.proof.io.ProblemLoaderException: line 135:14 mismatched input '\ifExintVar' expecting {MODALITY, FORALL, EXISTS, '\if', '\ifEx', 'true', 'false', '(', '{', '@', NOT, SEQARROW, '-', STRING_LITERAL, CHAR_LITERAL, BIN_LITERAL, HEX_LITERAL, IDENT, INT_LITERAL, FLOAT_LITERAL, DOUBLE_LITERAL, REAL_LITERAL}
line 135:27 extraneous input '(' expecting {'\lemma', '}', IDENT, '/*!'}
line 135:44 mismatched input ')' expecting {'(', '{'}
line 141:14 mismatched input '\ifExintVar' expecting {MODALITY, FORALL, EXISTS, '\if', '\ifEx', 'true', 'false', '(', '{', '@', NOT, SEQARROW, '-', STRING_LITERAL, CHAR_LITERAL, BIN_LITERAL, HEX_LITERAL, IDENT, INT_LITERAL, FLOAT_LITERAL, DOUBLE_LITERAL, REAL_LITERAL}
line 141:27 extraneous input '(' expecting {'\lemma', '}', IDENT, '/*!'}
line 141:41 mismatched input ')' expecting {'(', '{'}
line 148:14 mismatched input '\ifExintVar' expecting {MODALITY, FORALL, EXISTS, '\if', '\ifEx', 'true', 'false', '(', '{', '@', NOT, SEQARROW, '-', STRING_LITERAL, CHAR_LITERAL, BIN_LITERAL, HEX_LITERAL, IDENT, INT_LITERAL, FLOAT_LITERAL, DOUBLE_LITERAL, REAL_LITERAL}
line 148:27 extraneous input '(' expecting {'\lemma', '}', IDENT, '/*!'}
line 148:35 mismatched input '=' expecting {'(', '{'}
line 150:38 mismatched input '}' expecting {'(', '{'}
line 155:14 mismatched input '\ifExintVar' expecting {MODALITY, FORALL, EXISTS, '\if', '\ifEx', 'true', 'false', '(', '{', '@', NOT, SEQARROW, '-', STRING_LITERAL, CHAR_LITERAL, BIN_LITERAL, HEX_LITERAL, IDENT, INT_LITERAL, FLOAT_LITERAL, DOUBLE_LITERAL, REAL_LITERAL}
line 155:27 extraneous input '(' expecting {'\lemma', '}', IDENT, '/*!'}
line 155:35 mismatched input '=' expecting {'(', '{'}
line 157:38 mismatched input '}' expecting {'(', '{'}
line 163:14 mismatched input '\ifExintVar' expecting {MODALITY, FORALL, EXISTS, '\if', '\ifEx', 'true', 'false', '(', '{', '@', NOT, SEQARROW, '-', STRING_LITERAL, CHAR_LITERAL, BIN_LITERAL, HEX_LITERAL, IDENT, INT_LITERAL, FLOAT_LITERAL, DOUBLE_LITERAL, REAL_LITERAL}
line 163:27 extraneous input '(' expecting {'\lemma', '}', IDENT, '/*!'}
line 163:30 mismatched input '=' expecting {'(', '{'}
line 165:38 mismatched input '}' expecting {'(', '{'}
line 171:14 mismatched input '\ifExintVar' expecting {MODALITY, FORALL, EXISTS, '\if', '\ifEx', 'true', 'false', '(', '{', '@', NOT, SEQARROW, '-', STRING_LITERAL, CHAR_LITERAL, BIN_LITERAL, HEX_LITERAL, IDENT, INT_LITERAL, FLOAT_LITERAL, DOUBLE_LITERAL, REAL_LITERAL}
line 171:27 extraneous input '(' expecting {'\lemma', '}', IDENT, '/*!'}
line 171:30 mismatched input '=' expecting {'(', '{'}
line 173:38 mismatched input '}' expecting {'(', '{'}
line 179:14 mismatched input '\ifExintVar' expecting {MODALITY, FORALL, EXISTS, '\if', '\ifEx', 'true', 'false', '(', '{', '@', NOT, SEQARROW, '-', STRING_LITERAL, CHAR_LITERAL, BIN_LITERAL, HEX_LITERAL, IDENT, INT_LITERAL, FLOAT_LITERAL, DOUBLE_LITERAL, REAL_LITERAL}
line 179:27 extraneous input '(' expecting {'\lemma', '}', IDENT, '/*!'}
line 179:32 mismatched input '&' expecting {'(', '{'}
line 181:42 mismatched input '}' expecting {'(', '{'}
line 182:39 mismatched input '}' expecting {'(', '{'}
line 188:14 mismatched input '\ifExintVar' expecting {MODALITY, FORALL, EXISTS, '\if', '\ifEx', 'true', 'false', '(', '{', '@', NOT, SEQARROW, '-', STRING_LITERAL, CHAR_LITERAL, BIN_LITERAL, HEX_LITERAL, IDENT, INT_LITERAL, FLOAT_LITERAL, DOUBLE_LITERAL, REAL_LITERAL}
line 188:27 extraneous input '(' expecting {'\lemma', '}', IDENT, '/*!'}
line 188:32 mismatched input '&' expecting {'(', '{'}
line 190:42 mismatched input '}' expecting {'(', '{'}
line 191:39 mismatched input '}' expecting {'(', '{'}
line 198:14 mismatched input '\ifExintVar' expecting {MODALITY, FORALL, EXISTS, '\if', '\ifEx', 'true', 'false', '(', '{', '@', NOT, SEQARROW, '-', STRING_LITERAL, CHAR_LITERAL, BIN_LITERAL, HEX_LITERAL, IDENT, INT_LITERAL, FLOAT_LITERAL, DOUBLE_LITERAL, REAL_LITERAL}
line 198:27 extraneous input '(' expecting {'\lemma', '}', IDENT, '/*!'}
line 198:32 mismatched input '&' expecting {'(', '{'}
line 200:42 mismatched input '}' expecting {'(', '{'}
line 201:39 mismatched input '}' expecting {'(', '{'}
line 208:14 mismatched input '\ifExintVar' expecting {MODALITY, FORALL, EXISTS, '\if', '\ifEx', 'true', 'false', '(', '{', '@', NOT, SEQARROW, '-', STRING_LITERAL, CHAR_LITERAL, BIN_LITERAL, HEX_LITERAL, IDENT, INT_LITERAL, FLOAT_LITERAL, DOUBLE_LITERAL, REAL_LITERAL}
line 208:27 extraneous input '(' expecting {'\lemma', '}', IDENT, '/*!'}
line 208:32 mismatched input '&' expecting {'(', '{'}
line 210:42 mismatched input '}' expecting {'(', '{'}
line 211:39 mismatched input '}' expecting {'(', '{'}
line 218:14 mismatched input '\ifExintVar' expecting {MODALITY, FORALL, EXISTS, '\if', '\ifEx', 'true', 'false', '(', '{', '@', NOT, SEQARROW, '-', STRING_LITERAL, CHAR_LITERAL, BIN_LITERAL, HEX_LITERAL, IDENT, INT_LITERAL, FLOAT_LITERAL, DOUBLE_LITERAL, REAL_LITERAL}
line 218:27 extraneous input '(' expecting {'\lemma', '}', IDENT, '/*!'}
line 218:31 mismatched input ')' expecting {'(', '{'}
line 220:44 mismatched input ')' expecting {'(', '{'}
line 225:14 mismatched input '\ifExintVar' expecting {MODALITY, FORALL, EXISTS, '\if', '\ifEx', 'true', 'false', '(', '{', '@', NOT, SEQARROW, '-', STRING_LITERAL, CHAR_LITERAL, BIN_LITERAL, HEX_LITERAL, IDENT, INT_LITERAL, FLOAT_LITERAL, DOUBLE_LITERAL, REAL_LITERAL}
line 225:27 extraneous input '(' expecting {'\lemma', '}', IDENT, '/*!'}
line 225:31 mismatched input ')' expecting {'(', '{'}
line 227:44 mismatched input ')' expecting {'(', '{'}
line 233:14 mismatched input '\ifExintVar' expecting {MODALITY, FORALL, EXISTS, '\if', '\ifEx', 'true', 'false', '(', '{', '@', NOT, SEQARROW, '-', STRING_LITERAL, CHAR_LITERAL, BIN_LITERAL, HEX_LITERAL, IDENT, INT_LITERAL, FLOAT_LITERAL, DOUBLE_LITERAL, REAL_LITERAL}
line 233:27 extraneous input '(' expecting {'\lemma', '}', IDENT, '/*!'}
line 233:31 mismatched input ')' expecting {'(', '{'}
line 237:42 mismatched input '}' expecting {'(', '{'}
line 238:34 mismatched input '}' expecting {'(', '{'}
line 239:28 extraneous input '(' expecting {'\lemma', '}', IDENT, '/*!'}
line 239:33 mismatched input '->' expecting {'(', '{'}
line 240:8 extraneous input '\replacewith' expecting {'\lemma', '}', IDENT, '/*!'}
line 240:25 mismatched input ')' expecting {'(', '{'}
line 240:56 mismatched input ')' expecting {'(', '{'}
line 245:14 mismatched input '\ifExintVar' expecting {MODALITY, FORALL, EXISTS, '\if', '\ifEx', 'true', 'false', '(', '{', '@', NOT, SEQARROW, '-', STRING_LITERAL, CHAR_LITERAL, BIN_LITERAL, HEX_LITERAL, IDENT, INT_LITERAL, FLOAT_LITERAL, DOUBLE_LITERAL, REAL_LITERAL}
line 245:27 extraneous input '(' expecting {'\lemma', '}', IDENT, '/*!'}
line 245:31 mismatched input ')' expecting {'(', '{'}
line 248:45 mismatched input '}' expecting {'(', '{'}
line 249:8 extraneous input '\replacewith' expecting {'\lemma', '}', IDENT, '/*!'}
line 249:38 mismatched input ')' expecting {'(', '{'}
line 250:42 mismatched input '}' expecting {'(', '{'}
line 251:28 extraneous input '(' expecting {'\lemma', '}', IDENT, '/*!'}
line 251:33 mismatched input '->' expecting {'(', '{'}
line 255:14 mismatched input '\ifExintVar' expecting {MODALITY, FORALL, EXISTS, '\if', '\ifEx', 'true', 'false', '(', '{', '@', NOT, SEQARROW, '-', STRING_LITERAL, CHAR_LITERAL, BIN_LITERAL, HEX_LITERAL, IDENT, INT_LITERAL, FLOAT_LITERAL, DOUBLE_LITERAL, REAL_LITERAL}
line 255:27 extraneous input '(' expecting {'\lemma', '}', IDENT, '/*!'}
line 255:31 mismatched input ')' expecting {'(', '{'}
line 258:52 extraneous input '0' expecting {'\lemma', '}', IDENT, '/*!'}
line 258:54 mismatched input 'then' expecting {<EOF>, '\problem', '\chooseContract', '\proofObligation', '\proof'}

	at de.uka.ilkd.key.control.AbstractUserInterfaceControl.load(AbstractUserInterfaceControl.java:221)
Caused by: de.uka.ilkd.key.proof.init.ProofInputException: line 135:14 mismatched input '\ifExintVar' expecting {MODALITY, FORALL, EXISTS, '\if', '\ifEx', 'true', 'false', '(', '{', '@', NOT, SEQARROW, '-', STRING_LITERAL, CHAR_LITERAL, BIN_LITERAL, HEX_LITERAL, IDENT, INT_LITERAL, FLOAT_LITERAL, DOUBLE_LITERAL, REAL_LITERAL}
line 135:27 extraneous input '(' expecting {'\lemma', '}', IDENT, '/*!'}
line 135:44 mismatched input ')' expecting {'(', '{'}
line 141:14 mismatched input '\ifExintVar' expecting {MODALITY, FORALL, EXISTS, '\if', '\ifEx', 'true', 'false', '(', '{', '@', NOT, SEQARROW, '-', STRING_LITERAL, CHAR_LITERAL, BIN_LITERAL, HEX_LITERAL, IDENT, INT_LITERAL, FLOAT_LITERAL, DOUBLE_LITERAL, REAL_LITERAL}
line 141:27 extraneous input '(' expecting {'\lemma', '}', IDENT, '/*!'}
line 141:41 mismatched input ')' expecting {'(', '{'}
line 148:14 mismatched input '\ifExintVar' expecting {MODALITY, FORALL, EXISTS, '\if', '\ifEx', 'true', 'false', '(', '{', '@', NOT, SEQARROW, '-', STRING_LITERAL, CHAR_LITERAL, BIN_LITERAL, HEX_LITERAL, IDENT, INT_LITERAL, FLOAT_LITERAL, DOUBLE_LITERAL, REAL_LITERAL}
line 148:27 extraneous input '(' expecting {'\lemma', '}', IDENT, '/*!'}
line 148:35 mismatched input '=' expecting {'(', '{'}
line 150:38 mismatched input '}' expecting {'(', '{'}
line 155:14 mismatched input '\ifExintVar' expecting {MODALITY, FORALL, EXISTS, '\if', '\ifEx', 'true', 'false', '(', '{', '@', NOT, SEQARROW, '-', STRING_LITERAL, CHAR_LITERAL, BIN_LITERAL, HEX_LITERAL, IDENT, INT_LITERAL, FLOAT_LITERAL, DOUBLE_LITERAL, REAL_LITERAL}
line 155:27 extraneous input '(' expecting {'\lemma', '}', IDENT, '/*!'}
line 155:35 mismatched input '=' expecting {'(', '{'}
line 157:38 mismatched input '}' expecting {'(', '{'}
line 163:14 mismatched input '\ifExintVar' expecting {MODALITY, FORALL, EXISTS, '\if', '\ifEx', 'true', 'false', '(', '{', '@', NOT, SEQARROW, '-', STRING_LITERAL, CHAR_LITERAL, BIN_LITERAL, HEX_LITERAL, IDENT, INT_LITERAL, FLOAT_LITERAL, DOUBLE_LITERAL, REAL_LITERAL}
line 163:27 extraneous input '(' expecting {'\lemma', '}', IDENT, '/*!'}
line 163:30 mismatched input '=' expecting {'(', '{'}
line 165:38 mismatched input '}' expecting {'(', '{'}
line 171:14 mismatched input '\ifExintVar' expecting {MODALITY, FORALL, EXISTS, '\if', '\ifEx', 'true', 'false', '(', '{', '@', NOT, SEQARROW, '-', STRING_LITERAL, CHAR_LITERAL, BIN_LITERAL, HEX_LITERAL, IDENT, INT_LITERAL, FLOAT_LITERAL, DOUBLE_LITERAL, REAL_LITERAL}
line 171:27 extraneous input '(' expecting {'\lemma', '}', IDENT, '/*!'}
line 171:30 mismatched input '=' expecting {'(', '{'}
line 173:38 mismatched input '}' expecting {'(', '{'}
line 179:14 mismatched input '\ifExintVar' expecting {MODALITY, FORALL, EXISTS, '\if', '\ifEx', 'true', 'false', '(', '{', '@', NOT, SEQARROW, '-', STRING_LITERAL, CHAR_LITERAL, BIN_LITERAL, HEX_LITERAL, IDENT, INT_LITERAL, FLOAT_LITERAL, DOUBLE_LITERAL, REAL_LITERAL}
line 179:27 extraneous input '(' expecting {'\lemma', '}', IDENT, '/*!'}
line 179:32 mismatched input '&' expecting {'(', '{'}
line 181:42 mismatched input '}' expecting {'(', '{'}
line 182:39 mismatched input '}' expecting {'(', '{'}
line 188:14 mismatched input '\ifExintVar' expecting {MODALITY, FORALL, EXISTS, '\if', '\ifEx', 'true', 'false', '(', '{', '@', NOT, SEQARROW, '-', STRING_LITERAL, CHAR_LITERAL, BIN_LITERAL, HEX_LITERAL, IDENT, INT_LITERAL, FLOAT_LITERAL, DOUBLE_LITERAL, REAL_LITERAL}
line 188:27 extraneous input '(' expecting {'\lemma', '}', IDENT, '/*!'}
line 188:32 mismatched input '&' expecting {'(', '{'}
line 190:42 mismatched input '}' expecting {'(', '{'}
line 191:39 mismatched input '}' expecting {'(', '{'}
line 198:14 mismatched input '\ifExintVar' expecting {MODALITY, FORALL, EXISTS, '\if', '\ifEx', 'true', 'false', '(', '{', '@', NOT, SEQARROW, '-', STRING_LITERAL, CHAR_LITERAL, BIN_LITERAL, HEX_LITERAL, IDENT, INT_LITERAL, FLOAT_LITERAL, DOUBLE_LITERAL, REAL_LITERAL}
line 198:27 extraneous input '(' expecting {'\lemma', '}', IDENT, '/*!'}
line 198:32 mismatched input '&' expecting {'(', '{'}
line 200:42 mismatched input '}' expecting {'(', '{'}
line 201:39 mismatched input '}' expecting {'(', '{'}
line 208:14 mismatched input '\ifExintVar' expecting {MODALITY, FORALL, EXISTS, '\if', '\ifEx', 'true', 'false', '(', '{', '@', NOT, SEQARROW, '-', STRING_LITERAL, CHAR_LITERAL, BIN_LITERAL, HEX_LITERAL, IDENT, INT_LITERAL, FLOAT_LITERAL, DOUBLE_LITERAL, REAL_LITERAL}
line 208:27 extraneous input '(' expecting {'\lemma', '}', IDENT, '/*!'}
line 208:32 mismatched input '&' expecting {'(', '{'}
line 210:42 mismatched input '}' expecting {'(', '{'}
line 211:39 mismatched input '}' expecting {'(', '{'}
line 218:14 mismatched input '\ifExintVar' expecting {MODALITY, FORALL, EXISTS, '\if', '\ifEx', 'true', 'false', '(', '{', '@', NOT, SEQARROW, '-', STRING_LITERAL, CHAR_LITERAL, BIN_LITERAL, HEX_LITERAL, IDENT, INT_LITERAL, FLOAT_LITERAL, DOUBLE_LITERAL, REAL_LITERAL}
line 218:27 extraneous input '(' expecting {'\lemma', '}', IDENT, '/*!'}
line 218:31 mismatched input ')' expecting {'(', '{'}
line 220:44 mismatched input ')' expecting {'(', '{'}
line 225:14 mismatched input '\ifExintVar' expecting {MODALITY, FORALL, EXISTS, '\if', '\ifEx', 'true', 'false', '(', '{', '@', NOT, SEQARROW, '-', STRING_LITERAL, CHAR_LITERAL, BIN_LITERAL, HEX_LITERAL, IDENT, INT_LITERAL, FLOAT_LITERAL, DOUBLE_LITERAL, REAL_LITERAL}
line 225:27 extraneous input '(' expecting {'\lemma', '}', IDENT, '/*!'}
line 225:31 mismatched input ')' expecting {'(', '{'}
line 227:44 mismatched input ')' expecting {'(', '{'}
line 233:14 mismatched input '\ifExintVar' expecting {MODALITY, FORALL, EXISTS, '\if', '\ifEx', 'true', 'false', '(', '{', '@', NOT, SEQARROW, '-', STRING_LITERAL, CHAR_LITERAL, BIN_LITERAL, HEX_LITERAL, IDENT, INT_LITERAL, FLOAT_LITERAL, DOUBLE_LITERAL, REAL_LITERAL}
line 233:27 extraneous input '(' expecting {'\lemma', '}', IDENT, '/*!'}
line 233:31 mismatched input ')' expecting {'(', '{'}
line 237:42 mismatched input '}' expecting {'(', '{'}
line 238:34 mismatched input '}' expecting {'(', '{'}
line 239:28 extraneous input '(' expecting {'\lemma', '}', IDENT, '/*!'}
line 239:33 mismatched input '->' expecting {'(', '{'}
line 240:8 extraneous input '\replacewith' expecting {'\lemma', '}', IDENT, '/*!'}
line 240:25 mismatched input ')' expecting {'(', '{'}
line 240:56 mismatched input ')' expecting {'(', '{'}
line 245:14 mismatched input '\ifExintVar' expecting {MODALITY, FORALL, EXISTS, '\if', '\ifEx', 'true', 'false', '(', '{', '@', NOT, SEQARROW, '-', STRING_LITERAL, CHAR_LITERAL, BIN_LITERAL, HEX_LITERAL, IDENT, INT_LITERAL, FLOAT_LITERAL, DOUBLE_LITERAL, REAL_LITERAL}
line 245:27 extraneous input '(' expecting {'\lemma', '}', IDENT, '/*!'}
line 245:31 mismatched input ')' expecting {'(', '{'}
line 248:45 mismatched input '}' expecting {'(', '{'}
line 249:8 extraneous input '\replacewith' expecting {'\lemma', '}', IDENT, '/*!'}
line 249:38 mismatched input ')' expecting {'(', '{'}
line 250:42 mismatched input '}' expecting {'(', '{'}
line 251:28 extraneous input '(' expecting {'\lemma', '}', IDENT, '/*!'}
line 251:33 mismatched input '->' expecting {'(', '{'}
line 255:14 mismatched input '\ifExintVar' expecting {MODALITY, FORALL, EXISTS, '\if', '\ifEx', 'true', 'false', '(', '{', '@', NOT, SEQARROW, '-', STRING_LITERAL, CHAR_LITERAL, BIN_LITERAL, HEX_LITERAL, IDENT, INT_LITERAL, FLOAT_LITERAL, DOUBLE_LITERAL, REAL_LITERAL}
line 255:27 extraneous input '(' expecting {'\lemma', '}', IDENT, '/*!'}
line 255:31 mismatched input ')' expecting {'(', '{'}
line 258:52 extraneous input '0' expecting {'\lemma', '}', IDENT, '/*!'}
line 258:54 mismatched input 'then' expecting {<EOF>, '\problem', '\chooseContract', '\proofObligation', '\proof'}

	at de.uka.ilkd.key.proof.io.KeYFile.readIncludes(KeYFile.java:210)
Caused by: de.uka.ilkd.key.util.parsing.SyntaxErrorReporter$ParserException: line 135:14 mismatched input '\ifExintVar' expecting {MODALITY, FORALL, EXISTS, '\if', '\ifEx', 'true', 'false', '(', '{', '@', NOT, SEQARROW, '-', STRING_LITERAL, CHAR_LITERAL, BIN_LITERAL, HEX_LITERAL, IDENT, INT_LITERAL, FLOAT_LITERAL, DOUBLE_LITERAL, REAL_LITERAL}
line 135:27 extraneous input '(' expecting {'\lemma', '}', IDENT, '/*!'}
line 135:44 mismatched input ')' expecting {'(', '{'}
line 141:14 mismatched input '\ifExintVar' expecting {MODALITY, FORALL, EXISTS, '\if', '\ifEx', 'true', 'false', '(', '{', '@', NOT, SEQARROW, '-', STRING_LITERAL, CHAR_LITERAL, BIN_LITERAL, HEX_LITERAL, IDENT, INT_LITERAL, FLOAT_LITERAL, DOUBLE_LITERAL, REAL_LITERAL}
line 141:27 extraneous input '(' expecting {'\lemma', '}', IDENT, '/*!'}
line 141:41 mismatched input ')' expecting {'(', '{'}
line 148:14 mismatched input '\ifExintVar' expecting {MODALITY, FORALL, EXISTS, '\if', '\ifEx', 'true', 'false', '(', '{', '@', NOT, SEQARROW, '-', STRING_LITERAL, CHAR_LITERAL, BIN_LITERAL, HEX_LITERAL, IDENT, INT_LITERAL, FLOAT_LITERAL, DOUBLE_LITERAL, REAL_LITERAL}
line 148:27 extraneous input '(' expecting {'\lemma', '}', IDENT, '/*!'}
line 148:35 mismatched input '=' expecting {'(', '{'}
line 150:38 mismatched input '}' expecting {'(', '{'}
line 155:14 mismatched input '\ifExintVar' expecting {MODALITY, FORALL, EXISTS, '\if', '\ifEx', 'true', 'false', '(', '{', '@', NOT, SEQARROW, '-', STRING_LITERAL, CHAR_LITERAL, BIN_LITERAL, HEX_LITERAL, IDENT, INT_LITERAL, FLOAT_LITERAL, DOUBLE_LITERAL, REAL_LITERAL}
line 155:27 extraneous input '(' expecting {'\lemma', '}', IDENT, '/*!'}
line 155:35 mismatched input '=' expecting {'(', '{'}
line 157:38 mismatched input '}' expecting {'(', '{'}
line 163:14 mismatched input '\ifExintVar' expecting {MODALITY, FORALL, EXISTS, '\if', '\ifEx', 'true', 'false', '(', '{', '@', NOT, SEQARROW, '-', STRING_LITERAL, CHAR_LITERAL, BIN_LITERAL, HEX_LITERAL, IDENT, INT_LITERAL, FLOAT_LITERAL, DOUBLE_LITERAL, REAL_LITERAL}
line 163:27 extraneous input '(' expecting {'\lemma', '}', IDENT, '/*!'}
line 163:30 mismatched input '=' expecting {'(', '{'}
line 165:38 mismatched input '}' expecting {'(', '{'}
line 171:14 mismatched input '\ifExintVar' expecting {MODALITY, FORALL, EXISTS, '\if', '\ifEx', 'true', 'false', '(', '{', '@', NOT, SEQARROW, '-', STRING_LITERAL, CHAR_LITERAL, BIN_LITERAL, HEX_LITERAL, IDENT, INT_LITERAL, FLOAT_LITERAL, DOUBLE_LITERAL, REAL_LITERAL}
line 171:27 extraneous input '(' expecting {'\lemma', '}', IDENT, '/*!'}
line 171:30 mismatched input '=' expecting {'(', '{'}
line 173:38 mismatched input '}' expecting {'(', '{'}
line 179:14 mismatched input '\ifExintVar' expecting {MODALITY, FORALL, EXISTS, '\if', '\ifEx', 'true', 'false', '(', '{', '@', NOT, SEQARROW, '-', STRING_LITERAL, CHAR_LITERAL, BIN_LITERAL, HEX_LITERAL, IDENT, INT_LITERAL, FLOAT_LITERAL, DOUBLE_LITERAL, REAL_LITERAL}
line 179:27 extraneous input '(' expecting {'\lemma', '}', IDENT, '/*!'}
line 179:32 mismatched input '&' expecting {'(', '{'}
line 181:42 mismatched input '}' expecting {'(', '{'}
line 182:39 mismatched input '}' expecting {'(', '{'}
line 188:14 mismatched input '\ifExintVar' expecting {MODALITY, FORALL, EXISTS, '\if', '\ifEx', 'true', 'false', '(', '{', '@', NOT, SEQARROW, '-', STRING_LITERAL, CHAR_LITERAL, BIN_LITERAL, HEX_LITERAL, IDENT, INT_LITERAL, FLOAT_LITERAL, DOUBLE_LITERAL, REAL_LITERAL}
line 188:27 extraneous input '(' expecting {'\lemma', '}', IDENT, '/*!'}
line 188:32 mismatched input '&' expecting {'(', '{'}
line 190:42 mismatched input '}' expecting {'(', '{'}
line 191:39 mismatched input '}' expecting {'(', '{'}
line 198:14 mismatched input '\ifExintVar' expecting {MODALITY, FORALL, EXISTS, '\if', '\ifEx', 'true', 'false', '(', '{', '@', NOT, SEQARROW, '-', STRING_LITERAL, CHAR_LITERAL, BIN_LITERAL, HEX_LITERAL, IDENT, INT_LITERAL, FLOAT_LITERAL, DOUBLE_LITERAL, REAL_LITERAL}
line 198:27 extraneous input '(' expecting {'\lemma', '}', IDENT, '/*!'}
line 198:32 mismatched input '&' expecting {'(', '{'}
line 200:42 mismatched input '}' expecting {'(', '{'}
line 201:39 mismatched input '}' expecting {'(', '{'}
line 208:14 mismatched input '\ifExintVar' expecting {MODALITY, FORALL, EXISTS, '\if', '\ifEx', 'true', 'false', '(', '{', '@', NOT, SEQARROW, '-', STRING_LITERAL, CHAR_LITERAL, BIN_LITERAL, HEX_LITERAL, IDENT, INT_LITERAL, FLOAT_LITERAL, DOUBLE_LITERAL, REAL_LITERAL}
line 208:27 extraneous input '(' expecting {'\lemma', '}', IDENT, '/*!'}
line 208:32 mismatched input '&' expecting {'(', '{'}
line 210:42 mismatched input '}' expecting {'(', '{'}
line 211:39 mismatched input '}' expecting {'(', '{'}
line 218:14 mismatched input '\ifExintVar' expecting {MODALITY, FORALL, EXISTS, '\if', '\ifEx', 'true', 'false', '(', '{', '@', NOT, SEQARROW, '-', STRING_LITERAL, CHAR_LITERAL, BIN_LITERAL, HEX_LITERAL, IDENT, INT_LITERAL, FLOAT_LITERAL, DOUBLE_LITERAL, REAL_LITERAL}
line 218:27 extraneous input '(' expecting {'\lemma', '}', IDENT, '/*!'}
line 218:31 mismatched input ')' expecting {'(', '{'}
line 220:44 mismatched input ')' expecting {'(', '{'}
line 225:14 mismatched input '\ifExintVar' expecting {MODALITY, FORALL, EXISTS, '\if', '\ifEx', 'true', 'false', '(', '{', '@', NOT, SEQARROW, '-', STRING_LITERAL, CHAR_LITERAL, BIN_LITERAL, HEX_LITERAL, IDENT, INT_LITERAL, FLOAT_LITERAL, DOUBLE_LITERAL, REAL_LITERAL}
line 225:27 extraneous input '(' expecting {'\lemma', '}', IDENT, '/*!'}
line 225:31 mismatched input ')' expecting {'(', '{'}
line 227:44 mismatched input ')' expecting {'(', '{'}
line 233:14 mismatched input '\ifExintVar' expecting {MODALITY, FORALL, EXISTS, '\if', '\ifEx', 'true', 'false', '(', '{', '@', NOT, SEQARROW, '-', STRING_LITERAL, CHAR_LITERAL, BIN_LITERAL, HEX_LITERAL, IDENT, INT_LITERAL, FLOAT_LITERAL, DOUBLE_LITERAL, REAL_LITERAL}
line 233:27 extraneous input '(' expecting {'\lemma', '}', IDENT, '/*!'}
line 233:31 mismatched input ')' expecting {'(', '{'}
line 237:42 mismatched input '}' expecting {'(', '{'}
line 238:34 mismatched input '}' expecting {'(', '{'}
line 239:28 extraneous input '(' expecting {'\lemma', '}', IDENT, '/*!'}
line 239:33 mismatched input '->' expecting {'(', '{'}
line 240:8 extraneous input '\replacewith' expecting {'\lemma', '}', IDENT, '/*!'}
line 240:25 mismatched input ')' expecting {'(', '{'}
line 240:56 mismatched input ')' expecting {'(', '{'}
line 245:14 mismatched input '\ifExintVar' expecting {MODALITY, FORALL, EXISTS, '\if', '\ifEx', 'true', 'false', '(', '{', '@', NOT, SEQARROW, '-', STRING_LITERAL, CHAR_LITERAL, BIN_LITERAL, HEX_LITERAL, IDENT, INT_LITERAL, FLOAT_LITERAL, DOUBLE_LITERAL, REAL_LITERAL}
line 245:27 extraneous input '(' expecting {'\lemma', '}', IDENT, '/*!'}
line 245:31 mismatched input ')' expecting {'(', '{'}
line 248:45 mismatched input '}' expecting {'(', '{'}
line 249:8 extraneous input '\replacewith' expecting {'\lemma', '}', IDENT, '/*!'}
line 249:38 mismatched input ')' expecting {'(', '{'}
line 250:42 mismatched input '}' expecting {'(', '{'}
line 251:28 extraneous input '(' expecting {'\lemma', '}', IDENT, '/*!'}
line 251:33 mismatched input '->' expecting {'(', '{'}
line 255:14 mismatched input '\ifExintVar' expecting {MODALITY, FORALL, EXISTS, '\if', '\ifEx', 'true', 'false', '(', '{', '@', NOT, SEQARROW, '-', STRING_LITERAL, CHAR_LITERAL, BIN_LITERAL, HEX_LITERAL, IDENT, INT_LITERAL, FLOAT_LITERAL, DOUBLE_LITERAL, REAL_LITERAL}
line 255:27 extraneous input '(' expecting {'\lemma', '}', IDENT, '/*!'}
line 255:31 mismatched input ')' expecting {'(', '{'}
line 258:52 extraneous input '0' expecting {'\lemma', '}', IDENT, '/*!'}
line 258:54 mismatched input 'then' expecting {<EOF>, '\problem', '\chooseContract', '\proofObligation', '\proof'}

	at de.uka.ilkd.key.util.parsing.SyntaxErrorReporter.throwException(SyntaxErrorReporter.java:89)

302693     WARN  Test worker     d.u.i.k.n.KeYParser       [syntax-error] file:/home/runner/work/key/key/key.core/build/resources/main/de/uka/ilkd/key/proof/rules/ifThenElseRules.key:135:14: mismatched input '\ifExintVar' expecting {MODALITY, FORALL, EXISTS, '\if', '\ifEx', 'true', 'false', '(', '{', '@', NOT, SEQARROW, '-', STRING_LITERAL, CHAR_LITERAL, BIN_LITERAL, HEX_LITERAL, IDENT, INT_LITERAL, FLOAT_LITERAL, DOUBLE_LITERAL, REAL_LITERAL} [@745,3563:3573='\ifExintVar',<188>,135:14] (termorseq, taclet, rulesOrAxioms, decls, file) 
302693     WARN  Test worker     d.u.i.k.n.KeYParser       [syntax-error] file:/home/runner/work/key/key/key.core/build/resources/main/de/uka/ilkd/key/proof/rules/ifThenElseRules.key:135:27: extraneous input '(' expecting {'\lemma', '}', IDENT, '/*!'} [@748,3576:3576='(',<146>,135:27] (rulesOrAxioms, decls, file) 
302693     WARN  Test worker     d.u.i.k.n.KeYParser       [syntax-error] file:/home/runner/work/key/key/key.core/build/resources/main/de/uka/ilkd/key/proof/rules/ifThenElseRules.key:135:44: mismatched input ')' expecting {'(', '{'} [@754,3593:3593=')',<147>,135:44] (taclet, rulesOrAxioms, decls, file) 
302693     WARN  Test worker     d.u.i.k.n.KeYParser       [syntax-error] file:/home/runner/work/key/key/key.core/build/resources/main/de/uka/ilkd/key/proof/rules/ifThenElseRules.key:141:14: mismatched input '\ifExintVar' expecting {MODALITY, FORALL, EXISTS, '\if', '\ifEx', 'true', 'false', '(', '{', '@', NOT, SEQARROW, '-', STRING_LITERAL, CHAR_LITERAL, BIN_LITERAL, HEX_LITERAL, IDENT, INT_LITERAL, FLOAT_LITERAL, DOUBLE_LITERAL, REAL_LITERAL} [@780,3716:3726='\ifExintVar',<188>,141:14] (termorseq, taclet, rulesOrAxioms, decls, file) 
302693     WARN  Test worker     d.u.i.k.n.KeYParser       [syntax-error] file:/home/runner/work/key/key/key.core/build/resources/main/de/uka/ilkd/key/proof/rules/ifThenElseRules.key:141:27: extraneous input '(' expecting {'\lemma', '}', IDENT, '/*!'} [@783,3729:3729='(',<146>,141:27] (rulesOrAxioms, decls, file) 
302693     WARN  Test worker     d.u.i.k.n.KeYParser       [syntax-error] file:/home/runner/work/key/key/key.core/build/resources/main/de/uka/ilkd/key/proof/rules/ifThenElseRules.key:141:41: mismatched input ')' expecting {'(', '{'} [@789,3743:3743=')',<147>,141:41] (taclet, rulesOrAxioms, decls, file) 
302693     WARN  Test worker     d.u.i.k.n.KeYParser       [syntax-error] file:/home/runner/work/key/key/key.core/build/resources/main/de/uka/ilkd/key/proof/rules/ifThenElseRules.key:148:14: mismatched input '\ifExintVar' expecting {MODALITY, FORALL, EXISTS, '\if', '\ifEx', 'true', 'false', '(', '{', '@', NOT, SEQARROW, '-', STRING_LITERAL, CHAR_LITERAL, BIN_LITERAL, HEX_LITERAL, IDENT, INT_LITERAL, FLOAT_LITERAL, DOUBLE_LITERAL, REAL_LITERAL} [@819,3896:3906='\ifExintVar',<188>,148:14] (termorseq, taclet, rulesOrAxioms, decls, file) 
302693     WARN  Test worker     d.u.i.k.n.KeYParser       [syntax-error] file:/home/runner/work/key/key/key.core/build/resources/main/de/uka/ilkd/key/proof/rules/ifThenElseRules.key:148:27: extraneous input '(' expecting {'\lemma', '}', IDENT, '/*!'} [@822,3909:3909='(',<146>,148:27] (rulesOrAxioms, decls, file) 
302693     WARN  Test worker     d.u.i.k.n.KeYParser       [syntax-error] file:/home/runner/work/key/key/key.core/build/resources/main/de/uka/ilkd/key/proof/rules/ifThenElseRules.key:148:35: mismatched input '=' expecting {'(', '{'} [@825,3917:3917='=',<159>,148:35] (taclet, rulesOrAxioms, decls, file) 
302693     WARN  Test worker     d.u.i.k.n.KeYParser       [syntax-error] file:/home/runner/work/key/key/key.core/build/resources/main/de/uka/ilkd/key/proof/rules/ifThenElseRules.key:150:38: mismatched input '}' expecting {'(', '{'} [@859,4023:4023='}',<149>,150:38] (taclet, rulesOrAxioms, decls, file) 
302693     WARN  Test worker     d.u.i.k.n.KeYParser       [syntax-error] file:/home/runner/work/key/key/key.core/build/resources/main/de/uka/ilkd/key/proof/rules/ifThenElseRules.key:155:14: mismatched input '\ifExintVar' expecting {MODALITY, FORALL, EXISTS, '\if', '\ifEx', 'true', 'false', '(', '{', '@', NOT, SEQARROW, '-', STRING_LITERAL, CHAR_LITERAL, BIN_LITERAL, HEX_LITERAL, IDENT, INT_LITERAL, FLOAT_LITERAL, DOUBLE_LITERAL, REAL_LITERAL} [@877,4109:4119='\ifExintVar',<188>,155:14] (termorseq, taclet, rulesOrAxioms, decls, file) 
302693     WARN  Test worker     d.u.i.k.n.KeYParser       [syntax-error] file:/home/runner/work/key/key/key.core/build/resources/main/de/uka/ilkd/key/proof/rules/ifThenElseRules.key:155:27: extraneous input '(' expecting {'\lemma', '}', IDENT, '/*!'} [@880,4122:4122='(',<146>,155:27] (rulesOrAxioms, decls, file) 
302693     WARN  Test worker     d.u.i.k.n.KeYParser       [syntax-error] file:/home/runner/work/key/key/key.core/build/resources/main/de/uka/ilkd/key/proof/rules/ifThenElseRules.key:155:35: mismatched input '=' expecting {'(', '{'} [@883,4130:4130='=',<159>,155:35] (taclet, rulesOrAxioms, decls, file) 
302693     WARN  Test worker     d.u.i.k.n.KeYParser       [syntax-error] file:/home/runner/work/key/key/key.core/build/resources/main/de/uka/ilkd/key/proof/rules/ifThenElseRules.key:157:38: mismatched input '}' expecting {'(', '{'} [@917,4230:4230='}',<149>,157:38] (taclet, rulesOrAxioms, decls, file) 
302693     WARN  Test worker     d.u.i.k.n.KeYParser       [syntax-error] file:/home/runner/work/key/key/key.core/build/resources/main/de/uka/ilkd/key/proof/rules/ifThenElseRules.key:163:14: mismatched input '\ifExintVar' expecting {MODALITY, FORALL, EXISTS, '\if', '\ifEx', 'true', 'false', '(', '{', '@', NOT, SEQARROW, '-', STRING_LITERAL, CHAR_LITERAL, BIN_LITERAL, HEX_LITERAL, IDENT, INT_LITERAL, FLOAT_LITERAL, DOUBLE_LITERAL, REAL_LITERAL} [@939,4350:4360='\ifExintVar',<188>,163:14] (termorseq, taclet, rulesOrAxioms, decls, file) 
302693     WARN  Test worker     d.u.i.k.n.KeYParser       [syntax-error] file:/home/runner/work/key/key/key.core/build/resources/main/de/uka/ilkd/key/proof/rules/ifThenElseRules.key:163:27: extraneous input '(' expecting {'\lemma', '}', IDENT, '/*!'} [@942,4363:4363='(',<146>,163:27] (rulesOrAxioms, decls, file) 
302693     WARN  Test worker     d.u.i.k.n.KeYParser       [syntax-error] file:/home/runner/work/key/key/key.core/build/resources/main/de/uka/ilkd/key/proof/rules/ifThenElseRules.key:163:30: mismatched input '=' expecting {'(', '{'} [@945,4366:4366='=',<159>,163:30] (taclet, rulesOrAxioms, decls, file) 
302693     WARN  Test worker     d.u.i.k.n.KeYParser       [syntax-error] file:/home/runner/work/key/key/key.core/build/resources/main/de/uka/ilkd/key/proof/rules/ifThenElseRules.key:165:38: mismatched input '}' expecting {'(', '{'} [@979,4477:4477='}',<149>,165:38] (taclet, rulesOrAxioms, decls, file) 
302693     WARN  Test worker     d.u.i.k.n.KeYParser       [syntax-error] file:/home/runner/work/key/key/key.core/build/resources/main/de/uka/ilkd/key/proof/rules/ifThenElseRules.key:171:14: mismatched input '\ifExintVar' expecting {MODALITY, FORALL, EXISTS, '\if', '\ifEx', 'true', 'false', '(', '{', '@', NOT, SEQARROW, '-', STRING_LITERAL, CHAR_LITERAL, BIN_LITERAL, HEX_LITERAL, IDENT, INT_LITERAL, FLOAT_LITERAL, DOUBLE_LITERAL, REAL_LITERAL} [@1001,4604:4614='\ifExintVar',<188>,171:14] (termorseq, taclet, rulesOrAxioms, decls, file) 
302693     WARN  Test worker     d.u.i.k.n.KeYParser       [syntax-error] file:/home/runner/work/key/key/key.core/build/resources/main/de/uka/ilkd/key/proof/rules/ifThenElseRules.key:171:27: extraneous input '(' expecting {'\lemma', '}', IDENT, '/*!'} [@1004,4617:4617='(',<146>,171:27] (rulesOrAxioms, decls, file) 
302693     WARN  Test worker     d.u.i.k.n.KeYParser       [syntax-error] file:/home/runner/work/key/key/key.core/build/resources/main/de/uka/ilkd/key/proof/rules/ifThenElseRules.key:171:30: mismatched input '=' expecting {'(', '{'} [@1007,4620:4620='=',<159>,171:30] (taclet, rulesOrAxioms, decls, file) 
302693     WARN  Test worker     d.u.i.k.n.KeYParser       [syntax-error] file:/home/runner/work/key/key/key.core/build/resources/main/de/uka/ilkd/key/proof/rules/ifThenElseRules.key:173:38: mismatched input '}' expecting {'(', '{'} [@1041,4725:4725='}',<149>,173:38] (taclet, rulesOrAxioms, decls, file) 
302693     WARN  Test worker     d.u.i.k.n.KeYParser       [syntax-error] file:/home/runner/work/key/key/key.core/build/resources/main/de/uka/ilkd/key/proof/rules/ifThenElseRules.key:179:14: mismatched input '\ifExintVar' expecting {MODALITY, FORALL, EXISTS, '\if', '\ifEx', 'true', 'false', '(', '{', '@', NOT, SEQARROW, '-', STRING_LITERAL, CHAR_LITERAL, BIN_LITERAL, HEX_LITERAL, IDENT, INT_LITERAL, FLOAT_LITERAL, DOUBLE_LITERAL, REAL_LITERAL} [@1063,4848:4858='\ifExintVar',<188>,179:14] (termorseq, taclet, rulesOrAxioms, decls, file) 
302693     WARN  Test worker     d.u.i.k.n.KeYParser       [syntax-error] file:/home/runner/work/key/key/key.core/build/resources/main/de/uka/ilkd/key/proof/rules/ifThenElseRules.key:179:27: extraneous input '(' expecting {'\lemma', '}', IDENT, '/*!'} [@1066,4861:4861='(',<146>,179:27] (rulesOrAxioms, decls, file) 
302693     WARN  Test worker     d.u.i.k.n.KeYParser       [syntax-error] file:/home/runner/work/key/key/key.core/build/resources/main/de/uka/ilkd/key/proof/rules/ifThenElseRules.key:179:32: mismatched input '&' expecting {'(', '{'} [@1069,4866:4866='&',<156>,179:32] (taclet, rulesOrAxioms, decls, file) 
302693     WARN  Test worker     d.u.i.k.n.KeYParser       [syntax-error] file:/home/runner/work/key/key/key.core/build/resources/main/de/uka/ilkd/key/proof/rules/ifThenElseRules.key:181:42: mismatched input '}' expecting {'(', '{'} [@1109,4985:4985='}',<149>,181:42] (taclet, rulesOrAxioms, decls, file) 
302693     WARN  Test worker     d.u.i.k.n.KeYParser       [syntax-error] file:/home/runner/work/key/key/key.core/build/resources/main/de/uka/ilkd/key/proof/rules/ifThenElseRules.key:182:39: mismatched input '}' expecting {'(', '{'} [@1122,5030:5030='}',<149>,182:39] (taclet, rulesOrAxioms, decls, file) 
302693     WARN  Test worker     d.u.i.k.n.KeYParser       [syntax-error] file:/home/runner/work/key/key/key.core/build/resources/main/de/uka/ilkd/key/proof/rules/ifThenElseRules.key:188:14: mismatched input '\ifExintVar' expecting {MODALITY, FORALL, EXISTS, '\if', '\ifEx', 'true', 'false', '(', '{', '@', NOT, SEQARROW, '-', STRING_LITERAL, CHAR_LITERAL, BIN_LITERAL, HEX_LITERAL, IDENT, INT_LITERAL, FLOAT_LITERAL, DOUBLE_LITERAL, REAL_LITERAL} [@1146,5149:5159='\ifExintVar',<188>,188:14] (termorseq, taclet, rulesOrAxioms, decls, file) 
302693     WARN  Test worker     d.u.i.k.n.KeYParser       [syntax-error] file:/home/runner/work/key/key/key.core/build/resources/main/de/uka/ilkd/key/proof/rules/ifThenElseRules.key:188:27: extraneous input '(' expecting {'\lemma', '}', IDENT, '/*!'} [@1149,5162:5162='(',<146>,188:27] (rulesOrAxioms, decls, file) 
302693     WARN  Test worker     d.u.i.k.n.KeYParser       [syntax-error] file:/home/runner/work/key/key/key.core/build/resources/main/de/uka/ilkd/key/proof/rules/ifThenElseRules.key:188:32: mismatched input '&' expecting {'(', '{'} [@1152,5167:5167='&',<156>,188:32] (taclet, rulesOrAxioms, decls, file) 
302693     WARN  Test worker     d.u.i.k.n.KeYParser       [syntax-error] file:/home/runner/work/key/key/key.core/build/resources/main/de/uka/ilkd/key/proof/rules/ifThenElseRules.key:190:42: mismatched input '}' expecting {'(', '{'} [@1192,5280:5280='}',<149>,190:42] (taclet, rulesOrAxioms, decls, file) 
302693     WARN  Test worker     d.u.i.k.n.KeYParser       [syntax-error] file:/home/runner/work/key/key/key.core/build/resources/main/de/uka/ilkd/key/proof/rules/ifThenElseRules.key:191:39: mismatched input '}' expecting {'(', '{'} [@1205,5325:5325='}',<149>,191:39] (taclet, rulesOrAxioms, decls, file) 
302693     WARN  Test worker     d.u.i.k.n.KeYParser       [syntax-error] file:/home/runner/work/key/key/key.core/build/resources/main/de/uka/ilkd/key/proof/rules/ifThenElseRules.key:198:14: mismatched input '\ifExintVar' expecting {MODALITY, FORALL, EXISTS, '\if', '\ifEx', 'true', 'false', '(', '{', '@', NOT, SEQARROW, '-', STRING_LITERAL, CHAR_LITERAL, BIN_LITERAL, HEX_LITERAL, IDENT, INT_LITERAL, FLOAT_LITERAL, DOUBLE_LITERAL, REAL_LITERAL} [@1233,5475:5485='\ifExintVar',<188>,198:14] (termorseq, taclet, rulesOrAxioms, decls, file) 
302693     WARN  Test worker     d.u.i.k.n.KeYParser       [syntax-error] file:/home/runner/work/key/key/key.core/build/resources/main/de/uka/ilkd/key/proof/rules/ifThenElseRules.key:198:27: extraneous input '(' expecting {'\lemma', '}', IDENT, '/*!'} [@1236,5488:5488='(',<146>,198:27] (rulesOrAxioms, decls, file) 
302693     WARN  Test worker     d.u.i.k.n.KeYParser       [syntax-error] file:/home/runner/work/key/key/key.core/build/resources/main/de/uka/ilkd/key/proof/rules/ifThenElseRules.key:198:32: mismatched input '&' expecting {'(', '{'} [@1239,5493:5493='&',<156>,198:32] (taclet, rulesOrAxioms, decls, file) 
302693     WARN  Test worker     d.u.i.k.n.KeYParser       [syntax-error] file:/home/runner/work/key/key/key.core/build/resources/main/de/uka/ilkd/key/proof/rules/ifThenElseRules.key:200:42: mismatched input '}' expecting {'(', '{'} [@1279,5612:5612='}',<149>,200:42] (taclet, rulesOrAxioms, decls, file) 
302693     WARN  Test worker     d.u.i.k.n.KeYParser       [syntax-error] file:/home/runner/work/key/key/key.core/build/resources/main/de/uka/ilkd/key/proof/rules/ifThenElseRules.key:201:39: mismatched input '}' expecting {'(', '{'} [@1292,5657:5657='}',<149>,201:39] (taclet, rulesOrAxioms, decls, file) 
302693     WARN  Test worker     d.u.i.k.n.KeYParser       [syntax-error] file:/home/runner/work/key/key/key.core/build/resources/main/de/uka/ilkd/key/proof/rules/ifThenElseRules.key:208:14: mismatched input '\ifExintVar' expecting {MODALITY, FORALL, EXISTS, '\if', '\ifEx', 'true', 'false', '(', '{', '@', NOT, SEQARROW, '-', STRING_LITERAL, CHAR_LITERAL, BIN_LITERAL, HEX_LITERAL, IDENT, INT_LITERAL, FLOAT_LITERAL, DOUBLE_LITERAL, REAL_LITERAL} [@1320,5817:5827='\ifExintVar',<188>,208:14] (termorseq, taclet, rulesOrAxioms, decls, file) 
302693     WARN  Test worker     d.u.i.k.n.KeYParser       [syntax-error] file:/home/runner/work/key/key/key.core/build/resources/main/de/uka/ilkd/key/proof/rules/ifThenElseRules.key:208:27: extraneous input '(' expecting {'\lemma', '}', IDENT, '/*!'} [@1323,5830:5830='(',<146>,208:27] (rulesOrAxioms, decls, file) 
302693     WARN  Test worker     d.u.i.k.n.KeYParser       [syntax-error] file:/home/runner/work/key/key/key.core/build/resources/main/de/uka/ilkd/key/proof/rules/ifThenElseRules.key:208:32: mismatched input '&' expecting {'(', '{'} [@1326,5835:5835='&',<156>,208:32] (taclet, rulesOrAxioms, decls, file) 
302693     WARN  Test worker     d.u.i.k.n.KeYParser       [syntax-error] file:/home/runner/work/key/key/key.core/build/resources/main/de/uka/ilkd/key/proof/rules/ifThenElseRules.key:210:42: mismatched input '}' expecting {'(', '{'} [@1366,5948:5948='}',<149>,210:42] (taclet, rulesOrAxioms, decls, file) 
302693     WARN  Test worker     d.u.i.k.n.KeYParser       [syntax-error] file:/home/runner/work/key/key/key.core/build/resources/main/de/uka/ilkd/key/proof/rules/ifThenElseRules.key:211:39: mismatched input '}' expecting {'(', '{'} [@1379,5993:5993='}',<149>,211:39] (taclet, rulesOrAxioms, decls, file) 
302694     WARN  Test worker     d.u.i.k.n.KeYParser       [syntax-error] file:/home/runner/work/key/key/key.core/build/resources/main/de/uka/ilkd/key/proof/rules/ifThenElseRules.key:218:14: mismatched input '\ifExintVar' expecting {MODALITY, FORALL, EXISTS, '\if', '\ifEx', 'true', 'false', '(', '{', '@', NOT, SEQARROW, '-', STRING_LITERAL, CHAR_LITERAL, BIN_LITERAL, HEX_LITERAL, IDENT, INT_LITERAL, FLOAT_LITERAL, DOUBLE_LITERAL, REAL_LITERAL} [@1407,6146:6156='\ifExintVar',<188>,218:14] (termorseq, taclet, rulesOrAxioms, decls, file) 
302694     WARN  Test worker     d.u.i.k.n.KeYParser       [syntax-error] file:/home/runner/work/key/key/key.core/build/resources/main/de/uka/ilkd/key/proof/rules/ifThenElseRules.key:218:27: extraneous input '(' expecting {'\lemma', '}', IDENT, '/*!'} [@1410,6159:6159='(',<146>,218:27] (rulesOrAxioms, decls, file) 
302694     WARN  Test worker     d.u.i.k.n.KeYParser       [syntax-error] file:/home/runner/work/key/key/key.core/build/resources/main/de/uka/ilkd/key/proof/rules/ifThenElseRules.key:218:31: mismatched input ')' expecting {'(', '{'} [@1412,6163:6163=')',<147>,218:31] (taclet, rulesOrAxioms, decls, file) 
302694     WARN  Test worker     d.u.i.k.n.KeYParser       [syntax-error] file:/home/runner/work/key/key/key.core/build/resources/main/de/uka/ilkd/key/proof/rules/ifThenElseRules.key:220:44: mismatched input ')' expecting {'(', '{'} [@1444,6275:6275=')',<147>,220:44] (taclet, rulesOrAxioms, decls, file) 
302694     WARN  Test worker     d.u.i.k.n.KeYParser       [syntax-error] file:/home/runner/work/key/key/key.core/build/resources/main/de/uka/ilkd/key/proof/rules/ifThenElseRules.key:225:14: mismatched input '\ifExintVar' expecting {MODALITY, FORALL, EXISTS, '\if', '\ifEx', 'true', 'false', '(', '{', '@', NOT, SEQARROW, '-', STRING_LITERAL, CHAR_LITERAL, BIN_LITERAL, HEX_LITERAL, IDENT, INT_LITERAL, FLOAT_LITERAL, DOUBLE_LITERAL, REAL_LITERAL} [@1471,6389:6399='\ifExintVar',<188>,225:14] (termorseq, taclet, rulesOrAxioms, decls, file) 
302694     WARN  Test worker     d.u.i.k.n.KeYParser       [syntax-error] file:/home/runner/work/key/key/key.core/build/resources/main/de/uka/ilkd/key/proof/rules/ifThenElseRules.key:225:27: extraneous input '(' expecting {'\lemma', '}', IDENT, '/*!'} [@1474,6402:6402='(',<146>,225:27] (rulesOrAxioms, decls, file) 
302694     WARN  Test worker     d.u.i.k.n.KeYParser       [syntax-error] file:/home/runner/work/key/key/key.core/build/resources/main/de/uka/ilkd/key/proof/rules/ifThenElseRules.key:225:31: mismatched input ')' expecting {'(', '{'} [@1476,6406:6406=')',<147>,225:31] (taclet, rulesOrAxioms, decls, file) 
302694     WARN  Test worker     d.u.i.k.n.KeYParser       [syntax-error] file:/home/runner/work/key/key/key.core/build/resources/main/de/uka/ilkd/key/proof/rules/ifThenElseRules.key:227:44: mismatched input ')' expecting {'(', '{'} [@1508,6509:6509=')',<147>,227:44] (taclet, rulesOrAxioms, decls, file) 
302694     WARN  Test worker     d.u.i.k.n.KeYParser       [syntax-error] file:/home/runner/work/key/key/key.core/build/resources/main/de/uka/ilkd/key/proof/rules/ifThenElseRules.key:233:14: mismatched input '\ifExintVar' expecting {MODALITY, FORALL, EXISTS, '\if', '\ifEx', 'true', 'false', '(', '{', '@', NOT, SEQARROW, '-', STRING_LITERAL, CHAR_LITERAL, BIN_LITERAL, HEX_LITERAL, IDENT, INT_LITERAL, FLOAT_LITERAL, DOUBLE_LITERAL, REAL_LITERAL} [@1539,6656:6666='\ifExintVar',<188>,233:14] (termorseq, taclet, rulesOrAxioms, decls, file) 
302694     WARN  Test worker     d.u.i.k.n.KeYParser       [syntax-error] file:/home/runner/work/key/key/key.core/build/resources/main/de/uka/ilkd/key/proof/rules/ifThenElseRules.key:233:27: extraneous input '(' expecting {'\lemma', '}', IDENT, '/*!'} [@1542,6669:6669='(',<146>,233:27] (rulesOrAxioms, decls, file) 
302694     WARN  Test worker     d.u.i.k.n.KeYParser       [syntax-error] file:/home/runner/work/key/key/key.core/build/resources/main/de/uka/ilkd/key/proof/rules/ifThenElseRules.key:233:31: mismatched input ')' expecting {'(', '{'} [@1544,6673:6673=')',<147>,233:31] (taclet, rulesOrAxioms, decls, file) 
302694     WARN  Test worker     d.u.i.k.n.KeYParser       [syntax-error] file:/home/runner/work/key/key/key.core/build/resources/main/de/uka/ilkd/key/proof/rules/ifThenElseRules.key:237:42: mismatched input '}' expecting {'(', '{'} [@1586,6850:6850='}',<149>,237:42] (taclet, rulesOrAxioms, decls, file) 
302694     WARN  Test worker     d.u.i.k.n.KeYParser       [syntax-error] file:/home/runner/work/key/key/key.core/build/resources/main/de/uka/ilkd/key/proof/rules/ifThenElseRules.key:238:34: mismatched input '}' expecting {'(', '{'} [@1599,6891:6891='}',<149>,238:34] (taclet, rulesOrAxioms, decls, file) 
302694     WARN  Test worker     d.u.i.k.n.KeYParser       [syntax-error] file:/home/runner/work/key/key/key.core/build/resources/main/de/uka/ilkd/key/proof/rules/ifThenElseRules.key:239:28: extraneous input '(' expecting {'\lemma', '}', IDENT, '/*!'} [@1608,6925:6925='(',<146>,239:28] (rulesOrAxioms, decls, file) 
302694     WARN  Test worker     d.u.i.k.n.KeYParser       [syntax-error] file:/home/runner/work/key/key/key.core/build/resources/main/de/uka/ilkd/key/proof/rules/ifThenElseRules.key:239:33: mismatched input '->' expecting {'(', '{'} [@1611,6930:6931='->',<158>,239:33] (taclet, rulesOrAxioms, decls, file) 
302694     WARN  Test worker     d.u.i.k.n.KeYParser       [syntax-error] file:/home/runner/work/key/key/key.core/build/resources/main/de/uka/ilkd/key/proof/rules/ifThenElseRules.key:240:8: extraneous input '\replacewith' expecting {'\lemma', '}', IDENT, '/*!'} [@1626,6979:6990='\replacewith',<105>,240:8] (rulesOrAxioms, decls, file) 
302694     WARN  Test worker     d.u.i.k.n.KeYParser       [syntax-error] file:/home/runner/work/key/key/key.core/build/resources/main/de/uka/ilkd/key/proof/rules/ifThenElseRules.key:240:25: mismatched input ')' expecting {'(', '{'} [@1629,6996:6996=')',<147>,240:25] (taclet, rulesOrAxioms, decls, file) 
302694     WARN  Test worker     d.u.i.k.n.KeYParser       [syntax-error] file:/home/runner/work/key/key/key.core/build/resources/main/de/uka/ilkd/key/proof/rules/ifThenElseRules.key:240:56: mismatched input ')' expecting {'(', '{'} [@1642,7027:7027=')',<147>,240:56] (taclet, rulesOrAxioms, decls, file) 
302694     WARN  Test worker     d.u.i.k.n.KeYParser       [syntax-error] file:/home/runner/work/key/key/key.core/build/resources/main/de/uka/ilkd/key/proof/rules/ifThenElseRules.key:245:14: mismatched input '\ifExintVar' expecting {MODALITY, FORALL, EXISTS, '\if', '\ifEx', 'true', 'false', '(', '{', '@', NOT, SEQARROW, '-', STRING_LITERAL, CHAR_LITERAL, BIN_LITERAL, HEX_LITERAL, IDENT, INT_LITERAL, FLOAT_LITERAL, DOUBLE_LITERAL, REAL_LITERAL} [@1658,7109:7119='\ifExintVar',<188>,245:14] (termorseq, taclet, rulesOrAxioms, decls, file) 
302694     WARN  Test worker     d.u.i.k.n.KeYParser       [syntax-error] file:/home/runner/work/key/key/key.core/build/resources/main/de/uka/ilkd/key/proof/rules/ifThenElseRules.key:245:27: extraneous input '(' expecting {'\lemma', '}', IDENT, '/*!'} [@1661,7122:7122='(',<146>,245:27] (rulesOrAxioms, decls, file) 
302694     WARN  Test worker     d.u.i.k.n.KeYParser       [syntax-error] file:/home/runner/work/key/key/key.core/build/resources/main/de/uka/ilkd/key/proof/rules/ifThenElseRules.key:245:31: mismatched input ')' expecting {'(', '{'} [@1663,7126:7126=')',<147>,245:31] (taclet, rulesOrAxioms, decls, file) 
302694     WARN  Test worker     d.u.i.k.n.KeYParser       [syntax-error] file:/home/runner/work/key/key/key.core/build/resources/main/de/uka/ilkd/key/proof/rules/ifThenElseRules.key:248:45: mismatched input '}' expecting {'(', '{'} [@1696,7268:7268='}',<149>,248:45] (taclet, rulesOrAxioms, decls, file) 
302694     WARN  Test worker     d.u.i.k.n.KeYParser       [syntax-error] file:/home/runner/work/key/key/key.core/build/resources/main/de/uka/ilkd/key/proof/rules/ifThenElseRules.key:249:8: extraneous input '\replacewith' expecting {'\lemma', '}', IDENT, '/*!'} [@1701,7284:7295='\replacewith',<105>,249:8] (rulesOrAxioms, decls, file) 
302694     WARN  Test worker     d.u.i.k.n.KeYParser       [syntax-error] file:/home/runner/work/key/key/key.core/build/resources/main/de/uka/ilkd/key/proof/rules/ifThenElseRules.key:249:38: mismatched input ')' expecting {'(', '{'} [@1708,7314:7314=')',<147>,249:38] (taclet, rulesOrAxioms, decls, file) 
302694     WARN  Test worker     d.u.i.k.n.KeYParser       [syntax-error] file:/home/runner/work/key/key/key.core/build/resources/main/de/uka/ilkd/key/proof/rules/ifThenElseRules.key:250:42: mismatched input '}' expecting {'(', '{'} [@1731,7381:7381='}',<149>,250:42] (taclet, rulesOrAxioms, decls, file) 
302694     WARN  Test worker     d.u.i.k.n.KeYParser       [syntax-error] file:/home/runner/work/key/key/key.core/build/resources/main/de/uka/ilkd/key/proof/rules/ifThenElseRules.key:251:28: extraneous input '(' expecting {'\lemma', '}', IDENT, '/*!'} [@1741,7416:7416='(',<146>,251:28] (rulesOrAxioms, decls, file) 
302694     WARN  Test worker     d.u.i.k.n.KeYParser       [syntax-error] file:/home/runner/work/key/key/key.core/build/resources/main/de/uka/ilkd/key/proof/rules/ifThenElseRules.key:251:33: mismatched input '->' expecting {'(', '{'} [@1744,7421:7422='->',<158>,251:33] (taclet, rulesOrAxioms, decls, file) 
302694     WARN  Test worker     d.u.i.k.n.KeYParser       [syntax-error] file:/home/runner/work/key/key/key.core/build/resources/main/de/uka/ilkd/key/proof/rules/ifThenElseRules.key:255:14: mismatched input '\ifExintVar' expecting {MODALITY, FORALL, EXISTS, '\if', '\ifEx', 'true', 'false', '(', '{', '@', NOT, SEQARROW, '-', STRING_LITERAL, CHAR_LITERAL, BIN_LITERAL, HEX_LITERAL, IDENT, INT_LITERAL, FLOAT_LITERAL, DOUBLE_LITERAL, REAL_LITERAL} [@1765,7506:7516='\ifExintVar',<188>,255:14] (termorseq, taclet, rulesOrAxioms, decls, file) 
302694     WARN  Test worker     d.u.i.k.n.KeYParser       [syntax-error] file:/home/runner/work/key/key/key.core/build/resources/main/de/uka/ilkd/key/proof/rules/ifThenElseRules.key:255:27: extraneous input '(' expecting {'\lemma', '}', IDENT, '/*!'} [@1768,7519:7519='(',<146>,255:27] (rulesOrAxioms, decls, file) 
302694     WARN  Test worker     d.u.i.k.n.KeYParser       [syntax-error] file:/home/runner/work/key/key/key.core/build/resources/main/de/uka/ilkd/key/proof/rules/ifThenElseRules.key:255:31: mismatched input ')' expecting {'(', '{'} [@1770,7523:7523=')',<147>,255:31] (taclet, rulesOrAxioms, decls, file) 
302694     WARN  Test worker     d.u.i.k.n.KeYParser       [syntax-error] file:/home/runner/work/key/key/key.core/build/resources/main/de/uka/ilkd/key/proof/rules/ifThenElseRules.key:258:52: extraneous input '0' expecting {'\lemma', '}', IDENT, '/*!'} [@1809,7667:7667='0',<184>,258:52] (rulesOrAxioms, decls, file) 
302694     WARN  Test worker     d.u.i.k.n.KeYParser       [syntax-error] file:/home/runner/work/key/key/key.core/build/resources/main/de/uka/ilkd/key/proof/rules/ifThenElseRules.key:258:54: mismatched input 'then' expecting {<EOF>, '\problem', '\chooseContract', '\proofObligation', '\proof'} [@1811,7669:7672='then',<183>,258:54] (file) 
302695     ERROR Test worker     d.u.i.k.s.n.MasterHandlerTest Error reading /home/runner/work/key/key/key.core/build/resources/test/de/uka/ilkd/key/smt/newsmt2/cases/upd1.props de.uka.ilkd.key.proof.io.ProblemLoaderException: line 135:14 mismatched input '\ifExintVar' expecting {MODALITY, FORALL, EXISTS, '\if', '\ifEx', 'true', 'false', '(', '{', '@', NOT, SEQARROW, '-', STRING_LITERAL, CHAR_LITERAL, BIN_LITERAL, HEX_LITERAL, IDENT, INT_LITERAL, FLOAT_LITERAL, DOUBLE_LITERAL, REAL_LITERAL}
line 135:27 extraneous input '(' expecting {'\lemma', '}', IDENT, '/*!'}
line 135:44 mismatched input ')' expecting {'(', '{'}
line 141:14 mismatched input '\ifExintVar' expecting {MODALITY, FORALL, EXISTS, '\if', '\ifEx', 'true', 'false', '(', '{', '@', NOT, SEQARROW, '-', STRING_LITERAL, CHAR_LITERAL, BIN_LITERAL, HEX_LITERAL, IDENT, INT_LITERAL, FLOAT_LITERAL, DOUBLE_LITERAL, REAL_LITERAL}
line 141:27 extraneous input '(' expecting {'\lemma', '}', IDENT, '/*!'}
line 141:41 mismatched input ')' expecting {'(', '{'}
line 148:14 mismatched input '\ifExintVar' expecting {MODALITY, FORALL, EXISTS, '\if', '\ifEx', 'true', 'false', '(', '{', '@', NOT, SEQARROW, '-', STRING_LITERAL, CHAR_LITERAL, BIN_LITERAL, HEX_LITERAL, IDENT, INT_LITERAL, FLOAT_LITERAL, DOUBLE_LITERAL, REAL_LITERAL}
line 148:27 extraneous input '(' expecting {'\lemma', '}', IDENT, '/*!'}
line 148:35 mismatched input '=' expecting {'(', '{'}
line 150:38 mismatched input '}' expecting {'(', '{'}
line 155:14 mismatched input '\ifExintVar' expecting {MODALITY, FORALL, EXISTS, '\if', '\ifEx', 'true', 'false', '(', '{', '@', NOT, SEQARROW, '-', STRING_LITERAL, CHAR_LITERAL, BIN_LITERAL, HEX_LITERAL, IDENT, INT_LITERAL, FLOAT_LITERAL, DOUBLE_LITERAL, REAL_LITERAL}
line 155:27 extraneous input '(' expecting {'\lemma', '}', IDENT, '/*!'}
line 155:35 mismatched input '=' expecting {'(', '{'}
line 157:38 mismatched input '}' expecting {'(', '{'}
line 163:14 mismatched input '\ifExintVar' expecting {MODALITY, FORALL, EXISTS, '\if', '\ifEx', 'true', 'false', '(', '{', '@', NOT, SEQARROW, '-', STRING_LITERAL, CHAR_LITERAL, BIN_LITERAL, HEX_LITERAL, IDENT, INT_LITERAL, FLOAT_LITERAL, DOUBLE_LITERAL, REAL_LITERAL}
line 163:27 extraneous input '(' expecting {'\lemma', '}', IDENT, '/*!'}
line 163:30 mismatched input '=' expecting {'(', '{'}
line 165:38 mismatched input '}' expecting {'(', '{'}
line 171:14 mismatched input '\ifExintVar' expecting {MODALITY, FORALL, EXISTS, '\if', '\ifEx', 'true', 'false', '(', '{', '@', NOT, SEQARROW, '-', STRING_LITERAL, CHAR_LITERAL, BIN_LITERAL, HEX_LITERAL, IDENT, INT_LITERAL, FLOAT_LITERAL, DOUBLE_LITERAL, REAL_LITERAL}
line 171:27 extraneous input '(' expecting {'\lemma', '}', IDENT, '/*!'}
line 171:30 mismatched input '=' expecting {'(', '{'}
line 173:38 mismatched input '}' expecting {'(', '{'}
line 179:14 mismatched input '\ifExintVar' expecting {MODALITY, FORALL, EXISTS, '\if', '\ifEx', 'true', 'false', '(', '{', '@', NOT, SEQARROW, '-', STRING_LITERAL, CHAR_LITERAL, BIN_LITERAL, HEX_LITERAL, IDENT, INT_LITERAL, FLOAT_LITERAL, DOUBLE_LITERAL, REAL_LITERAL}
line 179:27 extraneous input '(' expecting {'\lemma', '}', IDENT, '/*!'}
line 179:32 mismatched input '&' expecting {'(', '{'}
line 181:42 mismatched input '}' expecting {'(', '{'}
line 182:39 mismatched input '}' expecting {'(', '{'}
line 188:14 mismatched input '\ifExintVar' expecting {MODALITY, FORALL, EXISTS, '\if', '\ifEx', 'true', 'false', '(', '{', '@', NOT, SEQARROW, '-', STRING_LITERAL, CHAR_LITERAL, BIN_LITERAL, HEX_LITERAL, IDENT, INT_LITERAL, FLOAT_LITERAL, DOUBLE_LITERAL, REAL_LITERAL}
line 188:27 extraneous input '(' expecting {'\lemma', '}', IDENT, '/*!'}
line 188:32 mismatched input '&' expecting {'(', '{'}
line 190:42 mismatched input '}' expecting {'(', '{'}
line 191:39 mismatched input '}' expecting {'(', '{'}
line 198:14 mismatched input '\ifExintVar' expecting {MODALITY, FORALL, EXISTS, '\if', '\ifEx', 'true', 'false', '(', '{', '@', NOT, SEQARROW, '-', STRING_LITERAL, CHAR_LITERAL, BIN_LITERAL, HEX_LITERAL, IDENT, INT_LITERAL, FLOAT_LITERAL, DOUBLE_LITERAL, REAL_LITERAL}
line 198:27 extraneous input '(' expecting {'\lemma', '}', IDENT, '/*!'}
line 198:32 mismatched input '&' expecting {'(', '{'}
line 200:42 mismatched input '}' expecting {'(', '{'}
line 201:39 mismatched input '}' expecting {'(', '{'}
line 208:14 mismatched input '\ifExintVar' expecting {MODALITY, FORALL, EXISTS, '\if', '\ifEx', 'true', 'false', '(', '{', '@', NOT, SEQARROW, '-', STRING_LITERAL, CHAR_LITERAL, BIN_LITERAL, HEX_LITERAL, IDENT, INT_LITERAL, FLOAT_LITERAL, DOUBLE_LITERAL, REAL_LITERAL}
line 208:27 extraneous input '(' expecting {'\lemma', '}', IDENT, '/*!'}
line 208:32 mismatched input '&' expecting {'(', '{'}
line 210:42 mismatched input '}' expecting {'(', '{'}
line 211:39 mismatched input '}' expecting {'(', '{'}
line 218:14 mismatched input '\ifExintVar' expecting {MODALITY, FORALL, EXISTS, '\if', '\ifEx', 'true', 'false', '(', '{', '@', NOT, SEQARROW, '-', STRING_LITERAL, CHAR_LITERAL, BIN_LITERAL, HEX_LITERAL, IDENT, INT_LITERAL, FLOAT_LITERAL, DOUBLE_LITERAL, REAL_LITERAL}
line 218:27 extraneous input '(' expecting {'\lemma', '}', IDENT, '/*!'}
line 218:31 mismatched input ')' expecting {'(', '{'}
line 220:44 mismatched input ')' expecting {'(', '{'}
line 225:14 mismatched input '\ifExintVar' expecting {MODALITY, FORALL, EXISTS, '\if', '\ifEx', 'true', 'false', '(', '{', '@', NOT, SEQARROW, '-', STRING_LITERAL, CHAR_LITERAL, BIN_LITERAL, HEX_LITERAL, IDENT, INT_LITERAL, FLOAT_LITERAL, DOUBLE_LITERAL, REAL_LITERAL}
line 225:27 extraneous input '(' expecting {'\lemma', '}', IDENT, '/*!'}
line 225:31 mismatched input ')' expecting {'(', '{'}
line 227:44 mismatched input ')' expecting {'(', '{'}
line 233:14 mismatched input '\ifExintVar' expecting {MODALITY, FORALL, EXISTS, '\if', '\ifEx', 'true', 'false', '(', '{', '@', NOT, SEQARROW, '-', STRING_LITERAL, CHAR_LITERAL, BIN_LITERAL, HEX_LITERAL, IDENT, INT_LITERAL, FLOAT_LITERAL, DOUBLE_LITERAL, REAL_LITERAL}
line 233:27 extraneous input '(' expecting {'\lemma', '}', IDENT, '/*!'}
line 233:31 mismatched input ')' expecting {'(', '{'}
line 237:42 mismatched input '}' expecting {'(', '{'}
line 238:34 mismatched input '}' expecting {'(', '{'}
line 239:28 extraneous input '(' expecting {'\lemma', '}', IDENT, '/*!'}
line 239:33 mismatched input '->' expecting {'(', '{'}
line 240:8 extraneous input '\replacewith' expecting {'\lemma', '}', IDENT, '/*!'}
line 240:25 mismatched input ')' expecting {'(', '{'}
line 240:56 mismatched input ')' expecting {'(', '{'}
line 245:14 mismatched input '\ifExintVar' expecting {MODALITY, FORALL, EXISTS, '\if', '\ifEx', 'true', 'false', '(', '{', '@', NOT, SEQARROW, '-', STRING_LITERAL, CHAR_LITERAL, BIN_LITERAL, HEX_LITERAL, IDENT, INT_LITERAL, FLOAT_LITERAL, DOUBLE_LITERAL, REAL_LITERAL}
line 245:27 extraneous input '(' expecting {'\lemma', '}', IDENT, '/*!'}
line 245:31 mismatched input ')' expecting {'(', '{'}
line 248:45 mismatched input '}' expecting {'(', '{'}
line 249:8 extraneous input '\replacewith' expecting {'\lemma', '}', IDENT, '/*!'}
line 249:38 mismatched input ')' expecting {'(', '{'}
line 250:42 mismatched input '}' expecting {'(', '{'}
line 251:28 extraneous input '(' expecting {'\lemma', '}', IDENT, '/*!'}
line 251:33 mismatched input '->' expecting {'(', '{'}
line 255:14 mismatched input '\ifExintVar' expecting {MODALITY, FORALL, EXISTS, '\if', '\ifEx', 'true', 'false', '(', '{', '@', NOT, SEQARROW, '-', STRING_LITERAL, CHAR_LITERAL, BIN_LITERAL, HEX_LITERAL, IDENT, INT_LITERAL, FLOAT_LITERAL, DOUBLE_LITERAL, REAL_LITERAL}
line 255:27 extraneous input '(' expecting {'\lemma', '}', IDENT, '/*!'}
line 255:31 mismatched input ')' expecting {'(', '{'}
line 258:52 extraneous input '0' expecting {'\lemma', '}', IDENT, '/*!'}
line 258:54 mismatched input 'then' expecting {<EOF>, '\problem', '\chooseContract', '\proofObligation', '\proof'}

	at de.uka.ilkd.key.control.AbstractUserInterfaceControl.load(AbstractUserInterfaceControl.java:221)
Caused by: de.uka.ilkd.key.proof.init.ProofInputException: line 135:14 mismatched input '\ifExintVar' expecting {MODALITY, FORALL, EXISTS, '\if', '\ifEx', 'true', 'false', '(', '{', '@', NOT, SEQARROW, '-', STRING_LITERAL, CHAR_LITERAL, BIN_LITERAL, HEX_LITERAL, IDENT, INT_LITERAL, FLOAT_LITERAL, DOUBLE_LITERAL, REAL_LITERAL}
line 135:27 extraneous input '(' expecting {'\lemma', '}', IDENT, '/*!'}
line 135:44 mismatched input ')' expecting {'(', '{'}
line 141:14 mismatched input '\ifExintVar' expecting {MODALITY, FORALL, EXISTS, '\if', '\ifEx', 'true', 'false', '(', '{', '@', NOT, SEQARROW, '-', STRING_LITERAL, CHAR_LITERAL, BIN_LITERAL, HEX_LITERAL, IDENT, INT_LITERAL, FLOAT_LITERAL, DOUBLE_LITERAL, REAL_LITERAL}
line 141:27 extraneous input '(' expecting {'\lemma', '}', IDENT, '/*!'}
line 141:41 mismatched input ')' expecting {'(', '{'}
line 148:14 mismatched input '\ifExintVar' expecting {MODALITY, FORALL, EXISTS, '\if', '\ifEx', 'true', 'false', '(', '{', '@', NOT, SEQARROW, '-', STRING_LITERAL, CHAR_LITERAL, BIN_LITERAL, HEX_LITERAL, IDENT, INT_LITERAL, FLOAT_LITERAL, DOUBLE_LITERAL, REAL_LITERAL}
line 148:27 extraneous input '(' expecting {'\lemma', '}', IDENT, '/*!'}
line 148:35 mismatched input '=' expecting {'(', '{'}
line 150:38 mismatched input '}' expecting {'(', '{'}
line 155:14 mismatched input '\ifExintVar' expecting {MODALITY, FORALL, EXISTS, '\if', '\ifEx', 'true', 'false', '(', '{', '@', NOT, SEQARROW, '-', STRING_LITERAL, CHAR_LITERAL, BIN_LITERAL, HEX_LITERAL, IDENT, INT_LITERAL, FLOAT_LITERAL, DOUBLE_LITERAL, REAL_LITERAL}
line 155:27 extraneous input '(' expecting {'\lemma', '}', IDENT, '/*!'}
line 155:35 mismatched input '=' expecting {'(', '{'}
line 157:38 mismatched input '}' expecting {'(', '{'}
line 163:14 mismatched input '\ifExintVar' expecting {MODALITY, FORALL, EXISTS, '\if', '\ifEx', 'true', 'false', '(', '{', '@', NOT, SEQARROW, '-', STRING_LITERAL, CHAR_LITERAL, BIN_LITERAL, HEX_LITERAL, IDENT, INT_LITERAL, FLOAT_LITERAL, DOUBLE_LITERAL, REAL_LITERAL}
line 163:27 extraneous input '(' expecting {'\lemma', '}', IDENT, '/*!'}
line 163:30 mismatched input '=' expecting {'(', '{'}
line 165:38 mismatched input '}' expecting {'(', '{'}
line 171:14 mismatched input '\ifExintVar' expecting {MODALITY, FORALL, EXISTS, '\if', '\ifEx', 'true', 'false', '(', '{', '@', NOT, SEQARROW, '-', STRING_LITERAL, CHAR_LITERAL, BIN_LITERAL, HEX_LITERAL, IDENT, INT_LITERAL, FLOAT_LITERAL, DOUBLE_LITERAL, REAL_LITERAL}
line 171:27 extraneous input '(' expecting {'\lemma', '}', IDENT, '/*!'}
line 171:30 mismatched input '=' expecting {'(', '{'}
line 173:38 mismatched input '}' expecting {'(', '{'}
line 179:14 mismatched input '\ifExintVar' expecting {MODALITY, FORALL, EXISTS, '\if', '\ifEx', 'true', 'false', '(', '{', '@', NOT, SEQARROW, '-', STRING_LITERAL, CHAR_LITERAL, BIN_LITERAL, HEX_LITERAL, IDENT, INT_LITERAL, FLOAT_LITERAL, DOUBLE_LITERAL, REAL_LITERAL}
line 179:27 extraneous input '(' expecting {'\lemma', '}', IDENT, '/*!'}
line 179:32 mismatched input '&' expecting {'(', '{'}
line 181:42 mismatched input '}' expecting {'(', '{'}
line 182:39 mismatched input '}' expecting {'(', '{'}
line 188:14 mismatched input '\ifExintVar' expecting {MODALITY, FORALL, EXISTS, '\if', '\ifEx', 'true', 'false', '(', '{', '@', NOT, SEQARROW, '-', STRING_LITERAL, CHAR_LITERAL, BIN_LITERAL, HEX_LITERAL, IDENT, INT_LITERAL, FLOAT_LITERAL, DOUBLE_LITERAL, REAL_LITERAL}
line 188:27 extraneous input '(' expecting {'\lemma', '}', IDENT, '/*!'}
line 188:32 mismatched input '&' expecting {'(', '{'}
line 190:42 mismatched input '}' expecting {'(', '{'}
line 191:39 mismatched input '}' expecting {'(', '{'}
line 198:14 mismatched input '\ifExintVar' expecting {MODALITY, FORALL, EXISTS, '\if', '\ifEx', 'true', 'false', '(', '{', '@', NOT, SEQARROW, '-', STRING_LITERAL, CHAR_LITERAL, BIN_LITERAL, HEX_LITERAL, IDENT, INT_LITERAL, FLOAT_LITERAL, DOUBLE_LITERAL, REAL_LITERAL}
line 198:27 extraneous input '(' expecting {'\lemma', '}', IDENT, '/*!'}
line 198:32 mismatched input '&' expecting {'(', '{'}
line 200:42 mismatched input '}' expecting {'(', '{'}
line 201:39 mismatched input '}' expecting {'(', '{'}
line 208:14 mismatched input '\ifExintVar' expecting {MODALITY, FORALL, EXISTS, '\if', '\ifEx', 'true', 'false', '(', '{', '@', NOT, SEQARROW, '-', STRING_LITERAL, CHAR_LITERAL, BIN_LITERAL, HEX_LITERAL, IDENT, INT_LITERAL, FLOAT_LITERAL, DOUBLE_LITERAL, REAL_LITERAL}
line 208:27 extraneous input '(' expecting {'\lemma', '}', IDENT, '/*!'}
line 208:32 mismatched input '&' expecting {'(', '{'}
line 210:42 mismatched input '}' expecting {'(', '{'}
line 211:39 mismatched input '}' expecting {'(', '{'}
line 218:14 mismatched input '\ifExintVar' expecting {MODALITY, FORALL, EXISTS, '\if', '\ifEx', 'true', 'false', '(', '{', '@', NOT, SEQARROW, '-', STRING_LITERAL, CHAR_LITERAL, BIN_LITERAL, HEX_LITERAL, IDENT, INT_LITERAL, FLOAT_LITERAL, DOUBLE_LITERAL, REAL_LITERAL}
line 218:27 extraneous input '(' expecting {'\lemma', '}', IDENT, '/*!'}
line 218:31 mismatched input ')' expecting {'(', '{'}
line 220:44 mismatched input ')' expecting {'(', '{'}
line 225:14 mismatched input '\ifExintVar' expecting {MODALITY, FORALL, EXISTS, '\if', '\ifEx', 'true', 'false', '(', '{', '@', NOT, SEQARROW, '-', STRING_LITERAL, CHAR_LITERAL, BIN_LITERAL, HEX_LITERAL, IDENT, INT_LITERAL, FLOAT_LITERAL, DOUBLE_LITERAL, REAL_LITERAL}
line 225:27 extraneous input '(' expecting {'\lemma', '}', IDENT, '/*!'}
line 225:31 mismatched input ')' expecting {'(', '{'}
line 227:44 mismatched input ')' expecting {'(', '{'}
line 233:14 mismatched input '\ifExintVar' expecting {MODALITY, FORALL, EXISTS, '\if', '\ifEx', 'true', 'false', '(', '{', '@', NOT, SEQARROW, '-', STRING_LITERAL, CHAR_LITERAL, BIN_LITERAL, HEX_LITERAL, IDENT, INT_LITERAL, FLOAT_LITERAL, DOUBLE_LITERAL, REAL_LITERAL}
line 233:27 extraneous input '(' expecting {'\lemma', '}', IDENT, '/*!'}
line 233:31 mismatched input ')' expecting {'(', '{'}
line 237:42 mismatched input '}' expecting {'(', '{'}
line 238:34 mismatched input '}' expecting {'(', '{'}
line 239:28 extraneous input '(' expecting {'\lemma', '}', IDENT, '/*!'}
line 239:33 mismatched input '->' expecting {'(', '{'}
line 240:8 extraneous input '\replacewith' expecting {'\lemma', '}', IDENT, '/*!'}
line 240:25 mismatched input ')' expecting {'(', '{'}
line 240:56 mismatched input ')' expecting {'(', '{'}
line 245:14 mismatched input '\ifExintVar' expecting {MODALITY, FORALL, EXISTS, '\if', '\ifEx', 'true', 'false', '(', '{', '@', NOT, SEQARROW, '-', STRING_LITERAL, CHAR_LITERAL, BIN_LITERAL, HEX_LITERAL, IDENT, INT_LITERAL, FLOAT_LITERAL, DOUBLE_LITERAL, REAL_LITERAL}
line 245:27 extraneous input '(' expecting {'\lemma', '}', IDENT, '/*!'}
line 245:31 mismatched input ')' expecting {'(', '{'}
line 248:45 mismatched input '}' expecting {'(', '{'}
line 249:8 extraneous input '\replacewith' expecting {'\lemma', '}', IDENT, '/*!'}
line 249:38 mismatched input ')' expecting {'(', '{'}
line 250:42 mismatched input '}' expecting {'(', '{'}
line 251:28 extraneous input '(' expecting {'\lemma', '}', IDENT, '/*!'}
line 251:33 mismatched input '->' expecting {'(', '{'}
line 255:14 mismatched input '\ifExintVar' expecting {MODALITY, FORALL, EXISTS, '\if', '\ifEx', 'true', 'false', '(', '{', '@', NOT, SEQARROW, '-', STRING_LITERAL, CHAR_LITERAL, BIN_LITERAL, HEX_LITERAL, IDENT, INT_LITERAL, FLOAT_LITERAL, DOUBLE_LITERAL, REAL_LITERAL}
line 255:27 extraneous input '(' expecting {'\lemma', '}', IDENT, '/*!'}
line 255:31 mismatched input ')' expecting {'(', '{'}
line 258:52 extraneous input '0' expecting {'\lemma', '}', IDENT, '/*!'}
line 258:54 mismatched input 'then' expecting {<EOF>, '\problem', '\chooseContract', '\proofObligation', '\proof'}

	at de.uka.ilkd.key.proof.io.KeYFile.readIncludes(KeYFile.java:210)
Caused by: de.uka.ilkd.key.util.parsing.SyntaxErrorReporter$ParserException: line 135:14 mismatched input '\ifExintVar' expecting {MODALITY, FORALL, EXISTS, '\if', '\ifEx', 'true', 'false', '(', '{', '@', NOT, SEQARROW, '-', STRING_LITERAL, CHAR_LITERAL, BIN_LITERAL, HEX_LITERAL, IDENT, INT_LITERAL, FLOAT_LITERAL, DOUBLE_LITERAL, REAL_LITERAL}
line 135:27 extraneous input '(' expecting {'\lemma', '}', IDENT, '/*!'}
line 135:44 mismatched input ')' expecting {'(', '{'}
line 141:14 mismatched input '\ifExintVar' expecting {MODALITY, FORALL, EXISTS, '\if', '\ifEx', 'true', 'false', '(', '{', '@', NOT, SEQARROW, '-', STRING_LITERAL, CHAR_LITERAL, BIN_LITERAL, HEX_LITERAL, IDENT, INT_LITERAL, FLOAT_LITERAL, DOUBLE_LITERAL, REAL_LITERAL}
line 141:27 extraneous input '(' expecting {'\lemma', '}', IDENT, '/*!'}
line 141:41 mismatched input ')' expecting {'(', '{'}
line 148:14 mismatched input '\ifExintVar' expecting {MODALITY, FORALL, EXISTS, '\if', '\ifEx', 'true', 'false', '(', '{', '@', NOT, SEQARROW, '-', STRING_LITERAL, CHAR_LITERAL, BIN_LITERAL, HEX_LITERAL, IDENT, INT_LITERAL, FLOAT_LITERAL, DOUBLE_LITERAL, REAL_LITERAL}
line 148:27 extraneous input '(' expecting {'\lemma', '}', IDENT, '/*!'}
line 148:35 mismatched input '=' expecting {'(', '{'}
line 150:38 mismatched input '}' expecting {'(', '{'}
line 155:14 mismatched input '\ifExintVar' expecting {MODALITY, FORALL, EXISTS, '\if', '\ifEx', 'true', 'false', '(', '{', '@', NOT, SEQARROW, '-', STRING_LITERAL, CHAR_LITERAL, BIN_LITERAL, HEX_LITERAL, IDENT, INT_LITERAL, FLOAT_LITERAL, DOUBLE_LITERAL, REAL_LITERAL}
line 155:27 extraneous input '(' expecting {'\lemma', '}', IDENT, '/*!'}
line 155:35 mismatched input '=' expecting {'(', '{'}
line 157:38 mismatched input '}' expecting {'(', '{'}
line 163:14 mismatched input '\ifExintVar' expecting {MODALITY, FORALL, EXISTS, '\if', '\ifEx', 'true', 'false', '(', '{', '@', NOT, SEQARROW, '-', STRING_LITERAL, CHAR_LITERAL, BIN_LITERAL, HEX_LITERAL, IDENT, INT_LITERAL, FLOAT_LITERAL, DOUBLE_LITERAL, REAL_LITERAL}
line 163:27 extraneous input '(' expecting {'\lemma', '}', IDENT, '/*!'}
line 163:30 mismatched input '=' expecting {'(', '{'}
line 165:38 mismatched input '}' expecting {'(', '{'}
line 171:14 mismatched input '\ifExintVar' expecting {MODALITY, FORALL, EXISTS, '\if', '\ifEx', 'true', 'false', '(', '{', '@', NOT, SEQARROW, '-', STRING_LITERAL, CHAR_LITERAL, BIN_LITERAL, HEX_LITERAL, IDENT, INT_LITERAL, FLOAT_LITERAL, DOUBLE_LITERAL, REAL_LITERAL}
line 171:27 extraneous input '(' expecting {'\lemma', '}', IDENT, '/*!'}
line 171:30 mismatched input '=' expecting {'(', '{'}
line 173:38 mismatched input '}' expecting {'(', '{'}
line 179:14 mismatched input '\ifExintVar' expecting {MODALITY, FORALL, EXISTS, '\if', '\ifEx', 'true', 'false', '(', '{', '@', NOT, SEQARROW, '-', STRING_LITERAL, CHAR_LITERAL, BIN_LITERAL, HEX_LITERAL, IDENT, INT_LITERAL, FLOAT_LITERAL, DOUBLE_LITERAL, REAL_LITERAL}
line 179:27 extraneous input '(' expecting {'\lemma', '}', IDENT, '/*!'}
line 179:32 mismatched input '&' expecting {'(', '{'}
line 181:42 mismatched input '}' expecting {'(', '{'}
line 182:39 mismatched input '}' expecting {'(', '{'}
line 188:14 mismatched input '\ifExintVar' expecting {MODALITY, FORALL, EXISTS, '\if', '\ifEx', 'true', 'false', '(', '{', '@', NOT, SEQARROW, '-', STRING_LITERAL, CHAR_LITERAL, BIN_LITERAL, HEX_LITERAL, IDENT, INT_LITERAL, FLOAT_LITERAL, DOUBLE_LITERAL, REAL_LITERAL}
line 188:27 extraneous input '(' expecting {'\lemma', '}', IDENT, '/*!'}
line 188:32 mismatched input '&' expecting {'(', '{'}
line 190:42 mismatched input '}' expecting {'(', '{'}
line 191:39 mismatched input '}' expecting {'(', '{'}
line 198:14 mismatched input '\ifExintVar' expecting {MODALITY, FORALL, EXISTS, '\if', '\ifEx', 'true', 'false', '(', '{', '@', NOT, SEQARROW, '-', STRING_LITERAL, CHAR_LITERAL, BIN_LITERAL, HEX_LITERAL, IDENT, INT_LITERAL, FLOAT_LITERAL, DOUBLE_LITERAL, REAL_LITERAL}
line 198:27 extraneous input '(' expecting {'\lemma', '}', IDENT, '/*!'}
line 198:32 mismatched input '&' expecting {'(', '{'}
line 200:42 mismatched input '}' expecting {'(', '{'}
line 201:39 mismatched input '}' expecting {'(', '{'}
line 208:14 mismatched input '\ifExintVar' expecting {MODALITY, FORALL, EXISTS, '\if', '\ifEx', 'true', 'false', '(', '{', '@', NOT, SEQARROW, '-', STRING_LITERAL, CHAR_LITERAL, BIN_LITERAL, HEX_LITERAL, IDENT, INT_LITERAL, FLOAT_LITERAL, DOUBLE_LITERAL, REAL_LITERAL}
line 208:27 extraneous input '(' expecting {'\lemma', '}', IDENT, '/*!'}
line 208:32 mismatched input '&' expecting {'(', '{'}
line 210:42 mismatched input '}' expecting {'(', '{'}
line 211:39 mismatched input '}' expecting {'(', '{'}
line 218:14 mismatched input '\ifExintVar' expecting {MODALITY, FORALL, EXISTS, '\if', '\ifEx', 'true', 'false', '(', '{', '@', NOT, SEQARROW, '-', STRING_LITERAL, CHAR_LITERAL, BIN_LITERAL, HEX_LITERAL, IDENT, INT_LITERAL, FLOAT_LITERAL, DOUBLE_LITERAL, REAL_LITERAL}
line 218:27 extraneous input '(' expecting {'\lemma', '}', IDENT, '/*!'}
line 218:31 mismatched input ')' expecting {'(', '{'}
line 220:44 mismatched input ')' expecting {'(', '{'}
line 225:14 mismatched input '\ifExintVar' expecting {MODALITY, FORALL, EXISTS, '\if', '\ifEx', 'true', 'false', '(', '{', '@', NOT, SEQARROW, '-', STRING_LITERAL, CHAR_LITERAL, BIN_LITERAL, HEX_LITERAL, IDENT, INT_LITERAL, FLOAT_LITERAL, DOUBLE_LITERAL, REAL_LITERAL}
line 225:27 extraneous input '(' expecting {'\lemma', '}', IDENT, '/*!'}
line 225:31 mismatched input ')' expecting {'(', '{'}
line 227:44 mismatched input ')' expecting {'(', '{'}
line 233:14 mismatched input '\ifExintVar' expecting {MODALITY, FORALL, EXISTS, '\if', '\ifEx', 'true', 'false', '(', '{', '@', NOT, SEQARROW, '-', STRING_LITERAL, CHAR_LITERAL, BIN_LITERAL, HEX_LITERAL, IDENT, INT_LITERAL, FLOAT_LITERAL, DOUBLE_LITERAL, REAL_LITERAL}
line 233:27 extraneous input '(' expecting {'\lemma', '}', IDENT, '/*!'}
line 233:31 mismatched input ')' expecting {'(', '{'}
line 237:42 mismatched input '}' expecting {'(', '{'}
line 238:34 mismatched input '}' expecting {'(', '{'}
line 239:28 extraneous input '(' expecting {'\lemma', '}', IDENT, '/*!'}
line 239:33 mismatched input '->' expecting {'(', '{'}
line 240:8 extraneous input '\replacewith' expecting {'\lemma', '}', IDENT, '/*!'}
line 240:25 mismatched input ')' expecting {'(', '{'}
line 240:56 mismatched input ')' expecting {'(', '{'}
line 245:14 mismatched input '\ifExintVar' expecting {MODALITY, FORALL, EXISTS, '\if', '\ifEx', 'true', 'false', '(', '{', '@', NOT, SEQARROW, '-', STRING_LITERAL, CHAR_LITERAL, BIN_LITERAL, HEX_LITERAL, IDENT, INT_LITERAL, FLOAT_LITERAL, DOUBLE_LITERAL, REAL_LITERAL}
line 245:27 extraneous input '(' expecting {'\lemma', '}', IDENT, '/*!'}
line 245:31 mismatched input ')' expecting {'(', '{'}
line 248:45 mismatched input '}' expecting {'(', '{'}
line 249:8 extraneous input '\replacewith' expecting {'\lemma', '}', IDENT, '/*!'}
line 249:38 mismatched input ')' expecting {'(', '{'}
line 250:42 mismatched input '}' expecting {'(', '{'}
line 251:28 extraneous input '(' expecting {'\lemma', '}', IDENT, '/*!'}
line 251:33 mismatched input '->' expecting {'(', '{'}
line 255:14 mismatched input '\ifExintVar' expecting {MODALITY, FORALL, EXISTS, '\if', '\ifEx', 'true', 'false', '(', '{', '@', NOT, SEQARROW, '-', STRING_LITERAL, CHAR_LITERAL, BIN_LITERAL, HEX_LITERAL, IDENT, INT_LITERAL, FLOAT_LITERAL, DOUBLE_LITERAL, REAL_LITERAL}
line 255:27 extraneous input '(' expecting {'\lemma', '}', IDENT, '/*!'}
line 255:31 mismatched input ')' expecting {'(', '{'}
line 258:52 extraneous input '0' expecting {'\lemma', '}', IDENT, '/*!'}
line 258:54 mismatched input 'then' expecting {<EOF>, '\problem', '\chooseContract', '\proofObligation', '\proof'}

	at de.uka.ilkd.key.util.parsing.SyntaxErrorReporter.throwException(SyntaxErrorReporter.java:89)

302718     WARN  Test worker     d.u.i.k.n.KeYParser       [syntax-error] file:/home/runner/work/key/key/key.core/build/resources/main/de/uka/ilkd/key/proof/rules/ifThenElseRules.key:135:14: mismatched input '\ifExintVar' expecting {MODALITY, FORALL, EXISTS, '\if', '\ifEx', 'true', 'false', '(', '{', '@', NOT, SEQARROW, '-', STRING_LITERAL, CHAR_LITERAL, BIN_LITERAL, HEX_LITERAL, IDENT, INT_LITERAL, FLOAT_LITERAL, DOUBLE_LITERAL, REAL_LITERAL} [@745,3563:3573='\ifExintVar',<188>,135:14] (termorseq, taclet, rulesOrAxioms, decls, file) 
302718     WARN  Test worker     d.u.i.k.n.KeYParser       [syntax-error] file:/home/runner/work/key/key/key.core/build/resources/main/de/uka/ilkd/key/proof/rules/ifThenElseRules.key:135:27: extraneous input '(' expecting {'\lemma', '}', IDENT, '/*!'} [@748,3576:3576='(',<146>,135:27] (rulesOrAxioms, decls, file) 
302718     WARN  Test worker     d.u.i.k.n.KeYParser       [syntax-error] file:/home/runner/work/key/key/key.core/build/resources/main/de/uka/ilkd/key/proof/rules/ifThenElseRules.key:135:44: mismatched input ')' expecting {'(', '{'} [@754,3593:3593=')',<147>,135:44] (taclet, rulesOrAxioms, decls, file) 
302718     WARN  Test worker     d.u.i.k.n.KeYParser       [syntax-error] file:/home/runner/work/key/key/key.core/build/resources/main/de/uka/ilkd/key/proof/rules/ifThenElseRules.key:141:14: mismatched input '\ifExintVar' expecting {MODALITY, FORALL, EXISTS, '\if', '\ifEx', 'true', 'false', '(', '{', '@', NOT, SEQARROW, '-', STRING_LITERAL, CHAR_LITERAL, BIN_LITERAL, HEX_LITERAL, IDENT, INT_LITERAL, FLOAT_LITERAL, DOUBLE_LITERAL, REAL_LITERAL} [@780,3716:3726='\ifExintVar',<188>,141:14] (termorseq, taclet, rulesOrAxioms, decls, file) 
302718     WARN  Test worker     d.u.i.k.n.KeYParser       [syntax-error] file:/home/runner/work/key/key/key.core/build/resources/main/de/uka/ilkd/key/proof/rules/ifThenElseRules.key:141:27: extraneous input '(' expecting {'\lemma', '}', IDENT, '/*!'} [@783,3729:3729='(',<146>,141:27] (rulesOrAxioms, decls, file) 
302718     WARN  Test worker     d.u.i.k.n.KeYParser       [syntax-error] file:/home/runner/work/key/key/key.core/build/resources/main/de/uka/ilkd/key/proof/rules/ifThenElseRules.key:141:41: mismatched input ')' expecting {'(', '{'} [@789,3743:3743=')',<147>,141:41] (taclet, rulesOrAxioms, decls, file) 
302718     WARN  Test worker     d.u.i.k.n.KeYParser       [syntax-error] file:/home/runner/work/key/key/key.core/build/resources/main/de/uka/ilkd/key/proof/rules/ifThenElseRules.key:148:14: mismatched input '\ifExintVar' expecting {MODALITY, FORALL, EXISTS, '\if', '\ifEx', 'true', 'false', '(', '{', '@', NOT, SEQARROW, '-', STRING_LITERAL, CHAR_LITERAL, BIN_LITERAL, HEX_LITERAL, IDENT, INT_LITERAL, FLOAT_LITERAL, DOUBLE_LITERAL, REAL_LITERAL} [@819,3896:3906='\ifExintVar',<188>,148:14] (termorseq, taclet, rulesOrAxioms, decls, file) 
302718     WARN  Test worker     d.u.i.k.n.KeYParser       [syntax-error] file:/home/runner/work/key/key/key.core/build/resources/main/de/uka/ilkd/key/proof/rules/ifThenElseRules.key:148:27: extraneous input '(' expecting {'\lemma', '}', IDENT, '/*!'} [@822,3909:3909='(',<146>,148:27] (rulesOrAxioms, decls, file) 
302718     WARN  Test worker     d.u.i.k.n.KeYParser       [syntax-error] file:/home/runner/work/key/key/key.core/build/resources/main/de/uka/ilkd/key/proof/rules/ifThenElseRules.key:148:35: mismatched input '=' expecting {'(', '{'} [@825,3917:3917='=',<159>,148:35] (taclet, rulesOrAxioms, decls, file) 
302718     WARN  Test worker     d.u.i.k.n.KeYParser       [syntax-error] file:/home/runner/work/key/key/key.core/build/resources/main/de/uka/ilkd/key/proof/rules/ifThenElseRules.key:150:38: mismatched input '}' expecting {'(', '{'} [@859,4023:4023='}',<149>,150:38] (taclet, rulesOrAxioms, decls, file) 
302718     WARN  Test worker     d.u.i.k.n.KeYParser       [syntax-error] file:/home/runner/work/key/key/key.core/build/resources/main/de/uka/ilkd/key/proof/rules/ifThenElseRules.key:155:14: mismatched input '\ifExintVar' expecting {MODALITY, FORALL, EXISTS, '\if', '\ifEx', 'true', 'false', '(', '{', '@', NOT, SEQARROW, '-', STRING_LITERAL, CHAR_LITERAL, BIN_LITERAL, HEX_LITERAL, IDENT, INT_LITERAL, FLOAT_LITERAL, DOUBLE_LITERAL, REAL_LITERAL} [@877,4109:4119='\ifExintVar',<188>,155:14] (termorseq, taclet, rulesOrAxioms, decls, file) 
302718     WARN  Test worker     d.u.i.k.n.KeYParser       [syntax-error] file:/home/runner/work/key/key/key.core/build/resources/main/de/uka/ilkd/key/proof/rules/ifThenElseRules.key:155:27: extraneous input '(' expecting {'\lemma', '}', IDENT, '/*!'} [@880,4122:4122='(',<146>,155:27] (rulesOrAxioms, decls, file) 
302718     WARN  Test worker     d.u.i.k.n.KeYParser       [syntax-error] file:/home/runner/work/key/key/key.core/build/resources/main/de/uka/ilkd/key/proof/rules/ifThenElseRules.key:155:35: mismatched input '=' expecting {'(', '{'} [@883,4130:4130='=',<159>,155:35] (taclet, rulesOrAxioms, decls, file) 
302718     WARN  Test worker     d.u.i.k.n.KeYParser       [syntax-error] file:/home/runner/work/key/key/key.core/build/resources/main/de/uka/ilkd/key/proof/rules/ifThenElseRules.key:157:38: mismatched input '}' expecting {'(', '{'} [@917,4230:4230='}',<149>,157:38] (taclet, rulesOrAxioms, decls, file) 
302718     WARN  Test worker     d.u.i.k.n.KeYParser       [syntax-error] file:/home/runner/work/key/key/key.core/build/resources/main/de/uka/ilkd/key/proof/rules/ifThenElseRules.key:163:14: mismatched input '\ifExintVar' expecting {MODALITY, FORALL, EXISTS, '\if', '\ifEx', 'true', 'false', '(', '{', '@', NOT, SEQARROW, '-', STRING_LITERAL, CHAR_LITERAL, BIN_LITERAL, HEX_LITERAL, IDENT, INT_LITERAL, FLOAT_LITERAL, DOUBLE_LITERAL, REAL_LITERAL} [@939,4350:4360='\ifExintVar',<188>,163:14] (termorseq, taclet, rulesOrAxioms, decls, file) 
302718     WARN  Test worker     d.u.i.k.n.KeYParser       [syntax-error] file:/home/runner/work/key/key/key.core/build/resources/main/de/uka/ilkd/key/proof/rules/ifThenElseRules.key:163:27: extraneous input '(' expecting {'\lemma', '}', IDENT, '/*!'} [@942,4363:4363='(',<146>,163:27] (rulesOrAxioms, decls, file) 
302718     WARN  Test worker     d.u.i.k.n.KeYParser       [syntax-error] file:/home/runner/work/key/key/key.core/build/resources/main/de/uka/ilkd/key/proof/rules/ifThenElseRules.key:163:30: mismatched input '=' expecting {'(', '{'} [@945,4366:4366='=',<159>,163:30] (taclet, rulesOrAxioms, decls, file) 
302718     WARN  Test worker     d.u.i.k.n.KeYParser       [syntax-error] file:/home/runner/work/key/key/key.core/build/resources/main/de/uka/ilkd/key/proof/rules/ifThenElseRules.key:165:38: mismatched input '}' expecting {'(', '{'} [@979,4477:4477='}',<149>,165:38] (taclet, rulesOrAxioms, decls, file) 
302718     WARN  Test worker     d.u.i.k.n.KeYParser       [syntax-error] file:/home/runner/work/key/key/key.core/build/resources/main/de/uka/ilkd/key/proof/rules/ifThenElseRules.key:171:14: mismatched input '\ifExintVar' expecting {MODALITY, FORALL, EXISTS, '\if', '\ifEx', 'true', 'false', '(', '{', '@', NOT, SEQARROW, '-', STRING_LITERAL, CHAR_LITERAL, BIN_LITERAL, HEX_LITERAL, IDENT, INT_LITERAL, FLOAT_LITERAL, DOUBLE_LITERAL, REAL_LITERAL} [@1001,4604:4614='\ifExintVar',<188>,171:14] (termorseq, taclet, rulesOrAxioms, decls, file) 
302718     WARN  Test worker     d.u.i.k.n.KeYParser       [syntax-error] file:/home/runner/work/key/key/key.core/build/resources/main/de/uka/ilkd/key/proof/rules/ifThenElseRules.key:171:27: extraneous input '(' expecting {'\lemma', '}', IDENT, '/*!'} [@1004,4617:4617='(',<146>,171:27] (rulesOrAxioms, decls, file) 
302718     WARN  Test worker     d.u.i.k.n.KeYParser       [syntax-error] file:/home/runner/work/key/key/key.core/build/resources/main/de/uka/ilkd/key/proof/rules/ifThenElseRules.key:171:30: mismatched input '=' expecting {'(', '{'} [@1007,4620:4620='=',<159>,171:30] (taclet, rulesOrAxioms, decls, file) 
302718     WARN  Test worker     d.u.i.k.n.KeYParser       [syntax-error] file:/home/runner/work/key/key/key.core/build/resources/main/de/uka/ilkd/key/proof/rules/ifThenElseRules.key:173:38: mismatched input '}' expecting {'(', '{'} [@1041,4725:4725='}',<149>,173:38] (taclet, rulesOrAxioms, decls, file) 
302718     WARN  Test worker     d.u.i.k.n.KeYParser       [syntax-error] file:/home/runner/work/key/key/key.core/build/resources/main/de/uka/ilkd/key/proof/rules/ifThenElseRules.key:179:14: mismatched input '\ifExintVar' expecting {MODALITY, FORALL, EXISTS, '\if', '\ifEx', 'true', 'false', '(', '{', '@', NOT, SEQARROW, '-', STRING_LITERAL, CHAR_LITERAL, BIN_LITERAL, HEX_LITERAL, IDENT, INT_LITERAL, FLOAT_LITERAL, DOUBLE_LITERAL, REAL_LITERAL} [@1063,4848:4858='\ifExintVar',<188>,179:14] (termorseq, taclet, rulesOrAxioms, decls, file) 
302718     WARN  Test worker     d.u.i.k.n.KeYParser       [syntax-error] file:/home/runner/work/key/key/key.core/build/resources/main/de/uka/ilkd/key/proof/rules/ifThenElseRules.key:179:27: extraneous input '(' expecting {'\lemma', '}', IDENT, '/*!'} [@1066,4861:4861='(',<146>,179:27] (rulesOrAxioms, decls, file) 
302719     WARN  Test worker     d.u.i.k.n.KeYParser       [syntax-error] file:/home/runner/work/key/key/key.core/build/resources/main/de/uka/ilkd/key/proof/rules/ifThenElseRules.key:179:32: mismatched input '&' expecting {'(', '{'} [@1069,4866:4866='&',<156>,179:32] (taclet, rulesOrAxioms, decls, file) 
302719     WARN  Test worker     d.u.i.k.n.KeYParser       [syntax-error] file:/home/runner/work/key/key/key.core/build/resources/main/de/uka/ilkd/key/proof/rules/ifThenElseRules.key:181:42: mismatched input '}' expecting {'(', '{'} [@1109,4985:4985='}',<149>,181:42] (taclet, rulesOrAxioms, decls, file) 
302719     WARN  Test worker     d.u.i.k.n.KeYParser       [syntax-error] file:/home/runner/work/key/key/key.core/build/resources/main/de/uka/ilkd/key/proof/rules/ifThenElseRules.key:182:39: mismatched input '}' expecting {'(', '{'} [@1122,5030:5030='}',<149>,182:39] (taclet, rulesOrAxioms, decls, file) 
302719     WARN  Test worker     d.u.i.k.n.KeYParser       [syntax-error] file:/home/runner/work/key/key/key.core/build/resources/main/de/uka/ilkd/key/proof/rules/ifThenElseRules.key:188:14: mismatched input '\ifExintVar' expecting {MODALITY, FORALL, EXISTS, '\if', '\ifEx', 'true', 'false', '(', '{', '@', NOT, SEQARROW, '-', STRING_LITERAL, CHAR_LITERAL, BIN_LITERAL, HEX_LITERAL, IDENT, INT_LITERAL, FLOAT_LITERAL, DOUBLE_LITERAL, REAL_LITERAL} [@1146,5149:5159='\ifExintVar',<188>,188:14] (termorseq, taclet, rulesOrAxioms, decls, file) 
302719     WARN  Test worker     d.u.i.k.n.KeYParser       [syntax-error] file:/home/runner/work/key/key/key.core/build/resources/main/de/uka/ilkd/key/proof/rules/ifThenElseRules.key:188:27: extraneous input '(' expecting {'\lemma', '}', IDENT, '/*!'} [@1149,5162:5162='(',<146>,188:27] (rulesOrAxioms, decls, file) 
302719     WARN  Test worker     d.u.i.k.n.KeYParser       [syntax-error] file:/home/runner/work/key/key/key.core/build/resources/main/de/uka/ilkd/key/proof/rules/ifThenElseRules.key:188:32: mismatched input '&' expecting {'(', '{'} [@1152,5167:5167='&',<156>,188:32] (taclet, rulesOrAxioms, decls, file) 
302719     WARN  Test worker     d.u.i.k.n.KeYParser       [syntax-error] file:/home/runner/work/key/key/key.core/build/resources/main/de/uka/ilkd/key/proof/rules/ifThenElseRules.key:190:42: mismatched input '}' expecting {'(', '{'} [@1192,5280:5280='}',<149>,190:42] (taclet, rulesOrAxioms, decls, file) 
302719     WARN  Test worker     d.u.i.k.n.KeYParser       [syntax-error] file:/home/runner/work/key/key/key.core/build/resources/main/de/uka/ilkd/key/proof/rules/ifThenElseRules.key:191:39: mismatched input '}' expecting {'(', '{'} [@1205,5325:5325='}',<149>,191:39] (taclet, rulesOrAxioms, decls, file) 
302719     WARN  Test worker     d.u.i.k.n.KeYParser       [syntax-error] file:/home/runner/work/key/key/key.core/build/resources/main/de/uka/ilkd/key/proof/rules/ifThenElseRules.key:198:14: mismatched input '\ifExintVar' expecting {MODALITY, FORALL, EXISTS, '\if', '\ifEx', 'true', 'false', '(', '{', '@', NOT, SEQARROW, '-', STRING_LITERAL, CHAR_LITERAL, BIN_LITERAL, HEX_LITERAL, IDENT, INT_LITERAL, FLOAT_LITERAL, DOUBLE_LITERAL, REAL_LITERAL} [@1233,5475:5485='\ifExintVar',<188>,198:14] (termorseq, taclet, rulesOrAxioms, decls, file) 
302719     WARN  Test worker     d.u.i.k.n.KeYParser       [syntax-error] file:/home/runner/work/key/key/key.core/build/resources/main/de/uka/ilkd/key/proof/rules/ifThenElseRules.key:198:27: extraneous input '(' expecting {'\lemma', '}', IDENT, '/*!'} [@1236,5488:5488='(',<146>,198:27] (rulesOrAxioms, decls, file) 
302719     WARN  Test worker     d.u.i.k.n.KeYParser       [syntax-error] file:/home/runner/work/key/key/key.core/build/resources/main/de/uka/ilkd/key/proof/rules/ifThenElseRules.key:198:32: mismatched input '&' expecting {'(', '{'} [@1239,5493:5493='&',<156>,198:32] (taclet, rulesOrAxioms, decls, file) 
302719     WARN  Test worker     d.u.i.k.n.KeYParser       [syntax-error] file:/home/runner/work/key/key/key.core/build/resources/main/de/uka/ilkd/key/proof/rules/ifThenElseRules.key:200:42: mismatched input '}' expecting {'(', '{'} [@1279,5612:5612='}',<149>,200:42] (taclet, rulesOrAxioms, decls, file) 
302719     WARN  Test worker     d.u.i.k.n.KeYParser       [syntax-error] file:/home/runner/work/key/key/key.core/build/resources/main/de/uka/ilkd/key/proof/rules/ifThenElseRules.key:201:39: mismatched input '}' expecting {'(', '{'} [@1292,5657:5657='}',<149>,201:39] (taclet, rulesOrAxioms, decls, file) 
302719     WARN  Test worker     d.u.i.k.n.KeYParser       [syntax-error] file:/home/runner/work/key/key/key.core/build/resources/main/de/uka/ilkd/key/proof/rules/ifThenElseRules.key:208:14: mismatched input '\ifExintVar' expecting {MODALITY, FORALL, EXISTS, '\if', '\ifEx', 'true', 'false', '(', '{', '@', NOT, SEQARROW, '-', STRING_LITERAL, CHAR_LITERAL, BIN_LITERAL, HEX_LITERAL, IDENT, INT_LITERAL, FLOAT_LITERAL, DOUBLE_LITERAL, REAL_LITERAL} [@1320,5817:5827='\ifExintVar',<188>,208:14] (termorseq, taclet, rulesOrAxioms, decls, file) 
302719     WARN  Test worker     d.u.i.k.n.KeYParser       [syntax-error] file:/home/runner/work/key/key/key.core/build/resources/main/de/uka/ilkd/key/proof/rules/ifThenElseRules.key:208:27: extraneous input '(' expecting {'\lemma', '}', IDENT, '/*!'} [@1323,5830:5830='(',<146>,208:27] (rulesOrAxioms, decls, file) 
302719     WARN  Test worker     d.u.i.k.n.KeYParser       [syntax-error] file:/home/runner/work/key/key/key.core/build/resources/main/de/uka/ilkd/key/proof/rules/ifThenElseRules.key:208:32: mismatched input '&' expecting {'(', '{'} [@1326,5835:5835='&',<156>,208:32] (taclet, rulesOrAxioms, decls, file) 
302719     WARN  Test worker     d.u.i.k.n.KeYParser       [syntax-error] file:/home/runner/work/key/key/key.core/build/resources/main/de/uka/ilkd/key/proof/rules/ifThenElseRules.key:210:42: mismatched input '}' expecting {'(', '{'} [@1366,5948:5948='}',<149>,210:42] (taclet, rulesOrAxioms, decls, file) 
302719     WARN  Test worker     d.u.i.k.n.KeYParser       [syntax-error] file:/home/runner/work/key/key/key.core/build/resources/main/de/uka/ilkd/key/proof/rules/ifThenElseRules.key:211:39: mismatched input '}' expecting {'(', '{'} [@1379,5993:5993='}',<149>,211:39] (taclet, rulesOrAxioms, decls, file) 
302719     WARN  Test worker     d.u.i.k.n.KeYParser       [syntax-error] file:/home/runner/work/key/key/key.core/build/resources/main/de/uka/ilkd/key/proof/rules/ifThenElseRules.key:218:14: mismatched input '\ifExintVar' expecting {MODALITY, FORALL, EXISTS, '\if', '\ifEx', 'true', 'false', '(', '{', '@', NOT, SEQARROW, '-', STRING_LITERAL, CHAR_LITERAL, BIN_LITERAL, HEX_LITERAL, IDENT, INT_LITERAL, FLOAT_LITERAL, DOUBLE_LITERAL, REAL_LITERAL} [@1407,6146:6156='\ifExintVar',<188>,218:14] (termorseq, taclet, rulesOrAxioms, decls, file) 
302719     WARN  Test worker     d.u.i.k.n.KeYParser       [syntax-error] file:/home/runner/work/key/key/key.core/build/resources/main/de/uka/ilkd/key/proof/rules/ifThenElseRules.key:218:27: extraneous input '(' expecting {'\lemma', '}', IDENT, '/*!'} [@1410,6159:6159='(',<146>,218:27] (rulesOrAxioms, decls, file) 
302719     WARN  Test worker     d.u.i.k.n.KeYParser       [syntax-error] file:/home/runner/work/key/key/key.core/build/resources/main/de/uka/ilkd/key/proof/rules/ifThenElseRules.key:218:31: mismatched input ')' expecting {'(', '{'} [@1412,6163:6163=')',<147>,218:31] (taclet, rulesOrAxioms, decls, file) 
302719     WARN  Test worker     d.u.i.k.n.KeYParser       [syntax-error] file:/home/runner/work/key/key/key.core/build/resources/main/de/uka/ilkd/key/proof/rules/ifThenElseRules.key:220:44: mismatched input ')' expecting {'(', '{'} [@1444,6275:6275=')',<147>,220:44] (taclet, rulesOrAxioms, decls, file) 
302719     WARN  Test worker     d.u.i.k.n.KeYParser       [syntax-error] file:/home/runner/work/key/key/key.core/build/resources/main/de/uka/ilkd/key/proof/rules/ifThenElseRules.key:225:14: mismatched input '\ifExintVar' expecting {MODALITY, FORALL, EXISTS, '\if', '\ifEx', 'true', 'false', '(', '{', '@', NOT, SEQARROW, '-', STRING_LITERAL, CHAR_LITERAL, BIN_LITERAL, HEX_LITERAL, IDENT, INT_LITERAL, FLOAT_LITERAL, DOUBLE_LITERAL, REAL_LITERAL} [@1471,6389:6399='\ifExintVar',<188>,225:14] (termorseq, taclet, rulesOrAxioms, decls, file) 
302719     WARN  Test worker     d.u.i.k.n.KeYParser       [syntax-error] file:/home/runner/work/key/key/key.core/build/resources/main/de/uka/ilkd/key/proof/rules/ifThenElseRules.key:225:27: extraneous input '(' expecting {'\lemma', '}', IDENT, '/*!'} [@1474,6402:6402='(',<146>,225:27] (rulesOrAxioms, decls, file) 
302719     WARN  Test worker     d.u.i.k.n.KeYParser       [syntax-error] file:/home/runner/work/key/key/key.core/build/resources/main/de/uka/ilkd/key/proof/rules/ifThenElseRules.key:225:31: mismatched input ')' expecting {'(', '{'} [@1476,6406:6406=')',<147>,225:31] (taclet, rulesOrAxioms, decls, file) 
302719     WARN  Test worker     d.u.i.k.n.KeYParser       [syntax-error] file:/home/runner/work/key/key/key.core/build/resources/main/de/uka/ilkd/key/proof/rules/ifThenElseRules.key:227:44: mismatched input ')' expecting {'(', '{'} [@1508,6509:6509=')',<147>,227:44] (taclet, rulesOrAxioms, decls, file) 
302719     WARN  Test worker     d.u.i.k.n.KeYParser       [syntax-error] file:/home/runner/work/key/key/key.core/build/resources/main/de/uka/ilkd/key/proof/rules/ifThenElseRules.key:233:14: mismatched input '\ifExintVar' expecting {MODALITY, FORALL, EXISTS, '\if', '\ifEx', 'true', 'false', '(', '{', '@', NOT, SEQARROW, '-', STRING_LITERAL, CHAR_LITERAL, BIN_LITERAL, HEX_LITERAL, IDENT, INT_LITERAL, FLOAT_LITERAL, DOUBLE_LITERAL, REAL_LITERAL} [@1539,6656:6666='\ifExintVar',<188>,233:14] (termorseq, taclet, rulesOrAxioms, decls, file) 
302719     WARN  Test worker     d.u.i.k.n.KeYParser       [syntax-error] file:/home/runner/work/key/key/key.core/build/resources/main/de/uka/ilkd/key/proof/rules/ifThenElseRules.key:233:27: extraneous input '(' expecting {'\lemma', '}', IDENT, '/*!'} [@1542,6669:6669='(',<146>,233:27] (rulesOrAxioms, decls, file) 
302719     WARN  Test worker     d.u.i.k.n.KeYParser       [syntax-error] file:/home/runner/work/key/key/key.core/build/resources/main/de/uka/ilkd/key/proof/rules/ifThenElseRules.key:233:31: mismatched input ')' expecting {'(', '{'} [@1544,6673:6673=')',<147>,233:31] (taclet, rulesOrAxioms, decls, file) 
302719     WARN  Test worker     d.u.i.k.n.KeYParser       [syntax-error] file:/home/runner/work/key/key/key.core/build/resources/main/de/uka/ilkd/key/proof/rules/ifThenElseRules.key:237:42: mismatched input '}' expecting {'(', '{'} [@1586,6850:6850='}',<149>,237:42] (taclet, rulesOrAxioms, decls, file) 
302719     WARN  Test worker     d.u.i.k.n.KeYParser       [syntax-error] file:/home/runner/work/key/key/key.core/build/resources/main/de/uka/ilkd/key/proof/rules/ifThenElseRules.key:238:34: mismatched input '}' expecting {'(', '{'} [@1599,6891:6891='}',<149>,238:34] (taclet, rulesOrAxioms, decls, file) 
302719     WARN  Test worker     d.u.i.k.n.KeYParser       [syntax-error] file:/home/runner/work/key/key/key.core/build/resources/main/de/uka/ilkd/key/proof/rules/ifThenElseRules.key:239:28: extraneous input '(' expecting {'\lemma', '}', IDENT, '/*!'} [@1608,6925:6925='(',<146>,239:28] (rulesOrAxioms, decls, file) 
302719     WARN  Test worker     d.u.i.k.n.KeYParser       [syntax-error] file:/home/runner/work/key/key/key.core/build/resources/main/de/uka/ilkd/key/proof/rules/ifThenElseRules.key:239:33: mismatched input '->' expecting {'(', '{'} [@1611,6930:6931='->',<158>,239:33] (taclet, rulesOrAxioms, decls, file) 
302719     WARN  Test worker     d.u.i.k.n.KeYParser       [syntax-error] file:/home/runner/work/key/key/key.core/build/resources/main/de/uka/ilkd/key/proof/rules/ifThenElseRules.key:240:8: extraneous input '\replacewith' expecting {'\lemma', '}', IDENT, '/*!'} [@1626,6979:6990='\replacewith',<105>,240:8] (rulesOrAxioms, decls, file) 
302719     WARN  Test worker     d.u.i.k.n.KeYParser       [syntax-error] file:/home/runner/work/key/key/key.core/build/resources/main/de/uka/ilkd/key/proof/rules/ifThenElseRules.key:240:25: mismatched input ')' expecting {'(', '{'} [@1629,6996:6996=')',<147>,240:25] (taclet, rulesOrAxioms, decls, file) 
302719     WARN  Test worker     d.u.i.k.n.KeYParser       [syntax-error] file:/home/runner/work/key/key/key.core/build/resources/main/de/uka/ilkd/key/proof/rules/ifThenElseRules.key:240:56: mismatched input ')' expecting {'(', '{'} [@1642,7027:7027=')',<147>,240:56] (taclet, rulesOrAxioms, decls, file) 
302719     WARN  Test worker     d.u.i.k.n.KeYParser       [syntax-error] file:/home/runner/work/key/key/key.core/build/resources/main/de/uka/ilkd/key/proof/rules/ifThenElseRules.key:245:14: mismatched input '\ifExintVar' expecting {MODALITY, FORALL, EXISTS, '\if', '\ifEx', 'true', 'false', '(', '{', '@', NOT, SEQARROW, '-', STRING_LITERAL, CHAR_LITERAL, BIN_LITERAL, HEX_LITERAL, IDENT, INT_LITERAL, FLOAT_LITERAL, DOUBLE_LITERAL, REAL_LITERAL} [@1658,7109:7119='\ifExintVar',<188>,245:14] (termorseq, taclet, rulesOrAxioms, decls, file) 
302719     WARN  Test worker     d.u.i.k.n.KeYParser       [syntax-error] file:/home/runner/work/key/key/key.core/build/resources/main/de/uka/ilkd/key/proof/rules/ifThenElseRules.key:245:27: extraneous input '(' expecting {'\lemma', '}', IDENT, '/*!'} [@1661,7122:7122='(',<146>,245:27] (rulesOrAxioms, decls, file) 
302719     WARN  Test worker     d.u.i.k.n.KeYParser       [syntax-error] file:/home/runner/work/key/key/key.core/build/resources/main/de/uka/ilkd/key/proof/rules/ifThenElseRules.key:245:31: mismatched input ')' expecting {'(', '{'} [@1663,7126:7126=')',<147>,245:31] (taclet, rulesOrAxioms, decls, file) 
302719     WARN  Test worker     d.u.i.k.n.KeYParser       [syntax-error] file:/home/runner/work/key/key/key.core/build/resources/main/de/uka/ilkd/key/proof/rules/ifThenElseRules.key:248:45: mismatched input '}' expecting {'(', '{'} [@1696,7268:7268='}',<149>,248:45] (taclet, rulesOrAxioms, decls, file) 
302719     WARN  Test worker     d.u.i.k.n.KeYParser       [syntax-error] file:/home/runner/work/key/key/key.core/build/resources/main/de/uka/ilkd/key/proof/rules/ifThenElseRules.key:249:8: extraneous input '\replacewith' expecting {'\lemma', '}', IDENT, '/*!'} [@1701,7284:7295='\replacewith',<105>,249:8] (rulesOrAxioms, decls, file) 
302719     WARN  Test worker     d.u.i.k.n.KeYParser       [syntax-error] file:/home/runner/work/key/key/key.core/build/resources/main/de/uka/ilkd/key/proof/rules/ifThenElseRules.key:249:38: mismatched input ')' expecting {'(', '{'} [@1708,7314:7314=')',<147>,249:38] (taclet, rulesOrAxioms, decls, file) 
302719     WARN  Test worker     d.u.i.k.n.KeYParser       [syntax-error] file:/home/runner/work/key/key/key.core/build/resources/main/de/uka/ilkd/key/proof/rules/ifThenElseRules.key:250:42: mismatched input '}' expecting {'(', '{'} [@1731,7381:7381='}',<149>,250:42] (taclet, rulesOrAxioms, decls, file) 
302719     WARN  Test worker     d.u.i.k.n.KeYParser       [syntax-error] file:/home/runner/work/key/key/key.core/build/resources/main/de/uka/ilkd/key/proof/rules/ifThenElseRules.key:251:28: extraneous input '(' expecting {'\lemma', '}', IDENT, '/*!'} [@1741,7416:7416='(',<146>,251:28] (rulesOrAxioms, decls, file) 
302719     WARN  Test worker     d.u.i.k.n.KeYParser       [syntax-error] file:/home/runner/work/key/key/key.core/build/resources/main/de/uka/ilkd/key/proof/rules/ifThenElseRules.key:251:33: mismatched input '->' expecting {'(', '{'} [@1744,7421:7422='->',<158>,251:33] (taclet, rulesOrAxioms, decls, file) 
302719     WARN  Test worker     d.u.i.k.n.KeYParser       [syntax-error] file:/home/runner/work/key/key/key.core/build/resources/main/de/uka/ilkd/key/proof/rules/ifThenElseRules.key:255:14: mismatched input '\ifExintVar' expecting {MODALITY, FORALL, EXISTS, '\if', '\ifEx', 'true', 'false', '(', '{', '@', NOT, SEQARROW, '-', STRING_LITERAL, CHAR_LITERAL, BIN_LITERAL, HEX_LITERAL, IDENT, INT_LITERAL, FLOAT_LITERAL, DOUBLE_LITERAL, REAL_LITERAL} [@1765,7506:7516='\ifExintVar',<188>,255:14] (termorseq, taclet, rulesOrAxioms, decls, file) 
302719     WARN  Test worker     d.u.i.k.n.KeYParser       [syntax-error] file:/home/runner/work/key/key/key.core/build/resources/main/de/uka/ilkd/key/proof/rules/ifThenElseRules.key:255:27: extraneous input '(' expecting {'\lemma', '}', IDENT, '/*!'} [@1768,7519:7519='(',<146>,255:27] (rulesOrAxioms, decls, file) 
302719     WARN  Test worker     d.u.i.k.n.KeYParser       [syntax-error] file:/home/runner/work/key/key/key.core/build/resources/main/de/uka/ilkd/key/proof/rules/ifThenElseRules.key:255:31: mismatched input ')' expecting {'(', '{'} [@1770,7523:7523=')',<147>,255:31] (taclet, rulesOrAxioms, decls, file) 
302719     WARN  Test worker     d.u.i.k.n.KeYParser       [syntax-error] file:/home/runner/work/key/key/key.core/build/resources/main/de/uka/ilkd/key/proof/rules/ifThenElseRules.key:258:52: extraneous input '0' expecting {'\lemma', '}', IDENT, '/*!'} [@1809,7667:7667='0',<184>,258:52] (rulesOrAxioms, decls, file) 
302720     WARN  Test worker     d.u.i.k.n.KeYParser       [syntax-error] file:/home/runner/work/key/key/key.core/build/resources/main/de/uka/ilkd/key/proof/rules/ifThenElseRules.key:258:54: mismatched input 'then' expecting {<EOF>, '\problem', '\chooseContract', '\proofObligation', '\proof'} [@1811,7669:7672='then',<183>,258:54] (file) 
302720     ERROR Test worker     d.u.i.k.s.n.MasterHandlerTest Error reading /home/runner/work/key/key/key.core/build/resources/test/de/uka/ilkd/key/smt/newsmt2/cases/ex1.props de.uka.ilkd.key.proof.io.ProblemLoaderException: line 135:14 mismatched input '\ifExintVar' expecting {MODALITY, FORALL, EXISTS, '\if', '\ifEx', 'true', 'false', '(', '{', '@', NOT, SEQARROW, '-', STRING_LITERAL, CHAR_LITERAL, BIN_LITERAL, HEX_LITERAL, IDENT, INT_LITERAL, FLOAT_LITERAL, DOUBLE_LITERAL, REAL_LITERAL}
line 135:27 extraneous input '(' expecting {'\lemma', '}', IDENT, '/*!'}
line 135:44 mismatched input ')' expecting {'(', '{'}
line 141:14 mismatched input '\ifExintVar' expecting {MODALITY, FORALL, EXISTS, '\if', '\ifEx', 'true', 'false', '(', '{', '@', NOT, SEQARROW, '-', STRING_LITERAL, CHAR_LITERAL, BIN_LITERAL, HEX_LITERAL, IDENT, INT_LITERAL, FLOAT_LITERAL, DOUBLE_LITERAL, REAL_LITERAL}
line 141:27 extraneous input '(' expecting {'\lemma', '}', IDENT, '/*!'}
line 141:41 mismatched input ')' expecting {'(', '{'}
line 148:14 mismatched input '\ifExintVar' expecting {MODALITY, FORALL, EXISTS, '\if', '\ifEx', 'true', 'false', '(', '{', '@', NOT, SEQARROW, '-', STRING_LITERAL, CHAR_LITERAL, BIN_LITERAL, HEX_LITERAL, IDENT, INT_LITERAL, FLOAT_LITERAL, DOUBLE_LITERAL, REAL_LITERAL}
line 148:27 extraneous input '(' expecting {'\lemma', '}', IDENT, '/*!'}
line 148:35 mismatched input '=' expecting {'(', '{'}
line 150:38 mismatched input '}' expecting {'(', '{'}
line 155:14 mismatched input '\ifExintVar' expecting {MODALITY, FORALL, EXISTS, '\if', '\ifEx', 'true', 'false', '(', '{', '@', NOT, SEQARROW, '-', STRING_LITERAL, CHAR_LITERAL, BIN_LITERAL, HEX_LITERAL, IDENT, INT_LITERAL, FLOAT_LITERAL, DOUBLE_LITERAL, REAL_LITERAL}
line 155:27 extraneous input '(' expecting {'\lemma', '}', IDENT, '/*!'}
line 155:35 mismatched input '=' expecting {'(', '{'}
line 157:38 mismatched input '}' expecting {'(', '{'}
line 163:14 mismatched input '\ifExintVar' expecting {MODALITY, FORALL, EXISTS, '\if', '\ifEx', 'true', 'false', '(', '{', '@', NOT, SEQARROW, '-', STRING_LITERAL, CHAR_LITERAL, BIN_LITERAL, HEX_LITERAL, IDENT, INT_LITERAL, FLOAT_LITERAL, DOUBLE_LITERAL, REAL_LITERAL}
line 163:27 extraneous input '(' expecting {'\lemma', '}', IDENT, '/*!'}
line 163:30 mismatched input '=' expecting {'(', '{'}
line 165:38 mismatched input '}' expecting {'(', '{'}
line 171:14 mismatched input '\ifExintVar' expecting {MODALITY, FORALL, EXISTS, '\if', '\ifEx', 'true', 'false', '(', '{', '@', NOT, SEQARROW, '-', STRING_LITERAL, CHAR_LITERAL, BIN_LITERAL, HEX_LITERAL, IDENT, INT_LITERAL, FLOAT_LITERAL, DOUBLE_LITERAL, REAL_LITERAL}
line 171:27 extraneous input '(' expecting {'\lemma', '}', IDENT, '/*!'}
line 171:30 mismatched input '=' expecting {'(', '{'}
line 173:38 mismatched input '}' expecting {'(', '{'}
line 179:14 mismatched input '\ifExintVar' expecting {MODALITY, FORALL, EXISTS, '\if', '\ifEx', 'true', 'false', '(', '{', '@', NOT, SEQARROW, '-', STRING_LITERAL, CHAR_LITERAL, BIN_LITERAL, HEX_LITERAL, IDENT, INT_LITERAL, FLOAT_LITERAL, DOUBLE_LITERAL, REAL_LITERAL}
line 179:27 extraneous input '(' expecting {'\lemma', '}', IDENT, '/*!'}
line 179:32 mismatched input '&' expecting {'(', '{'}
line 181:42 mismatched input '}' expecting {'(', '{'}
line 182:39 mismatched input '}' expecting {'(', '{'}
line 188:14 mismatched input '\ifExintVar' expecting {MODALITY, FORALL, EXISTS, '\if', '\ifEx', 'true', 'false', '(', '{', '@', NOT, SEQARROW, '-', STRING_LITERAL, CHAR_LITERAL, BIN_LITERAL, HEX_LITERAL, IDENT, INT_LITERAL, FLOAT_LITERAL, DOUBLE_LITERAL, REAL_LITERAL}
line 188:27 extraneous input '(' expecting {'\lemma', '}', IDENT, '/*!'}
line 188:32 mismatched input '&' expecting {'(', '{'}
line 190:42 mismatched input '}' expecting {'(', '{'}
line 191:39 mismatched input '}' expecting {'(', '{'}
line 198:14 mismatched input '\ifExintVar' expecting {MODALITY, FORALL, EXISTS, '\if', '\ifEx', 'true', 'false', '(', '{', '@', NOT, SEQARROW, '-', STRING_LITERAL, CHAR_LITERAL, BIN_LITERAL, HEX_LITERAL, IDENT, INT_LITERAL, FLOAT_LITERAL, DOUBLE_LITERAL, REAL_LITERAL}
line 198:27 extraneous input '(' expecting {'\lemma', '}', IDENT, '/*!'}
line 198:32 mismatched input '&' expecting {'(', '{'}
line 200:42 mismatched input '}' expecting {'(', '{'}
line 201:39 mismatched input '}' expecting {'(', '{'}
line 208:14 mismatched input '\ifExintVar' expecting {MODALITY, FORALL, EXISTS, '\if', '\ifEx', 'true', 'false', '(', '{', '@', NOT, SEQARROW, '-', STRING_LITERAL, CHAR_LITERAL, BIN_LITERAL, HEX_LITERAL, IDENT, INT_LITERAL, FLOAT_LITERAL, DOUBLE_LITERAL, REAL_LITERAL}
line 208:27 extraneous input '(' expecting {'\lemma', '}', IDENT, '/*!'}
line 208:32 mismatched input '&' expecting {'(', '{'}
line 210:42 mismatched input '}' expecting {'(', '{'}
line 211:39 mismatched input '}' expecting {'(', '{'}
line 218:14 mismatched input '\ifExintVar' expecting {MODALITY, FORALL, EXISTS, '\if', '\ifEx', 'true', 'false', '(', '{', '@', NOT, SEQARROW, '-', STRING_LITERAL, CHAR_LITERAL, BIN_LITERAL, HEX_LITERAL, IDENT, INT_LITERAL, FLOAT_LITERAL, DOUBLE_LITERAL, REAL_LITERAL}
line 218:27 extraneous input '(' expecting {'\lemma', '}', IDENT, '/*!'}
line 218:31 mismatched input ')' expecting {'(', '{'}
line 220:44 mismatched input ')' expecting {'(', '{'}
line 225:14 mismatched input '\ifExintVar' expecting {MODALITY, FORALL, EXISTS, '\if', '\ifEx', 'true', 'false', '(', '{', '@', NOT, SEQARROW, '-', STRING_LITERAL, CHAR_LITERAL, BIN_LITERAL, HEX_LITERAL, IDENT, INT_LITERAL, FLOAT_LITERAL, DOUBLE_LITERAL, REAL_LITERAL}
line 225:27 extraneous input '(' expecting {'\lemma', '}', IDENT, '/*!'}
line 225:31 mismatched input ')' expecting {'(', '{'}
line 227:44 mismatched input ')' expecting {'(', '{'}
line 233:14 mismatched input '\ifExintVar' expecting {MODALITY, FORALL, EXISTS, '\if', '\ifEx', 'true', 'false', '(', '{', '@', NOT, SEQARROW, '-', STRING_LITERAL, CHAR_LITERAL, BIN_LITERAL, HEX_LITERAL, IDENT, INT_LITERAL, FLOAT_LITERAL, DOUBLE_LITERAL, REAL_LITERAL}
line 233:27 extraneous input '(' expecting {'\lemma', '}', IDENT, '/*!'}
line 233:31 mismatched input ')' expecting {'(', '{'}
line 237:42 mismatched input '}' expecting {'(', '{'}
line 238:34 mismatched input '}' expecting {'(', '{'}
line 239:28 extraneous input '(' expecting {'\lemma', '}', IDENT, '/*!'}
line 239:33 mismatched input '->' expecting {'(', '{'}
line 240:8 extraneous input '\replacewith' expecting {'\lemma', '}', IDENT, '/*!'}
line 240:25 mismatched input ')' expecting {'(', '{'}
line 240:56 mismatched input ')' expecting {'(', '{'}
line 245:14 mismatched input '\ifExintVar' expecting {MODALITY, FORALL, EXISTS, '\if', '\ifEx', 'true', 'false', '(', '{', '@', NOT, SEQARROW, '-', STRING_LITERAL, CHAR_LITERAL, BIN_LITERAL, HEX_LITERAL, IDENT, INT_LITERAL, FLOAT_LITERAL, DOUBLE_LITERAL, REAL_LITERAL}
line 245:27 extraneous input '(' expecting {'\lemma', '}', IDENT, '/*!'}
line 245:31 mismatched input ')' expecting {'(', '{'}
line 248:45 mismatched input '}' expecting {'(', '{'}
line 249:8 extraneous input '\replacewith' expecting {'\lemma', '}', IDENT, '/*!'}
line 249:38 mismatched input ')' expecting {'(', '{'}
line 250:42 mismatched input '}' expecting {'(', '{'}
line 251:28 extraneous input '(' expecting {'\lemma', '}', IDENT, '/*!'}
line 251:33 mismatched input '->' expecting {'(', '{'}
line 255:14 mismatched input '\ifExintVar' expecting {MODALITY, FORALL, EXISTS, '\if', '\ifEx', 'true', 'false', '(', '{', '@', NOT, SEQARROW, '-', STRING_LITERAL, CHAR_LITERAL, BIN_LITERAL, HEX_LITERAL, IDENT, INT_LITERAL, FLOAT_LITERAL, DOUBLE_LITERAL, REAL_LITERAL}
line 255:27 extraneous input '(' expecting {'\lemma', '}', IDENT, '/*!'}
line 255:31 mismatched input ')' expecting {'(', '{'}
line 258:52 extraneous input '0' expecting {'\lemma', '}', IDENT, '/*!'}
line 258:54 mismatched input 'then' expecting {<EOF>, '\problem', '\chooseContract', '\proofObligation', '\proof'}

	at de.uka.ilkd.key.control.AbstractUserInterfaceControl.load(AbstractUserInterfaceControl.java:221)
Caused by: de.uka.ilkd.key.proof.init.ProofInputException: line 135:14 mismatched input '\ifExintVar' expecting {MODALITY, FORALL, EXISTS, '\if', '\ifEx', 'true', 'false', '(', '{', '@', NOT, SEQARROW, '-', STRING_LITERAL, CHAR_LITERAL, BIN_LITERAL, HEX_LITERAL, IDENT, INT_LITERAL, FLOAT_LITERAL, DOUBLE_LITERAL, REAL_LITERAL}
line 135:27 extraneous input '(' expecting {'\lemma', '}', IDENT, '/*!'}
line 135:44 mismatched input ')' expecting {'(', '{'}
line 141:14 mismatched input '\ifExintVar' expecting {MODALITY, FORALL, EXISTS, '\if', '\ifEx', 'true', 'false', '(', '{', '@', NOT, SEQARROW, '-', STRING_LITERAL, CHAR_LITERAL, BIN_LITERAL, HEX_LITERAL, IDENT, INT_LITERAL, FLOAT_LITERAL, DOUBLE_LITERAL, REAL_LITERAL}
line 141:27 extraneous input '(' expecting {'\lemma', '}', IDENT, '/*!'}
line 141:41 mismatched input ')' expecting {'(', '{'}
line 148:14 mismatched input '\ifExintVar' expecting {MODALITY, FORALL, EXISTS, '\if', '\ifEx', 'true', 'false', '(', '{', '@', NOT, SEQARROW, '-', STRING_LITERAL, CHAR_LITERAL, BIN_LITERAL, HEX_LITERAL, IDENT, INT_LITERAL, FLOAT_LITERAL, DOUBLE_LITERAL, REAL_LITERAL}
line 148:27 extraneous input '(' expecting {'\lemma', '}', IDENT, '/*!'}
line 148:35 mismatched input '=' expecting {'(', '{'}
line 150:38 mismatched input '}' expecting {'(', '{'}
line 155:14 mismatched input '\ifExintVar' expecting {MODALITY, FORALL, EXISTS, '\if', '\ifEx', 'true', 'false', '(', '{', '@', NOT, SEQARROW, '-', STRING_LITERAL, CHAR_LITERAL, BIN_LITERAL, HEX_LITERAL, IDENT, INT_LITERAL, FLOAT_LITERAL, DOUBLE_LITERAL, REAL_LITERAL}
line 155:27 extraneous input '(' expecting {'\lemma', '}', IDENT, '/*!'}
line 155:35 mismatched input '=' expecting {'(', '{'}
line 157:38 mismatched input '}' expecting {'(', '{'}
line 163:14 mismatched input '\ifExintVar' expecting {MODALITY, FORALL, EXISTS, '\if', '\ifEx', 'true', 'false', '(', '{', '@', NOT, SEQARROW, '-', STRING_LITERAL, CHAR_LITERAL, BIN_LITERAL, HEX_LITERAL, IDENT, INT_LITERAL, FLOAT_LITERAL, DOUBLE_LITERAL, REAL_LITERAL}
line 163:27 extraneous input '(' expecting {'\lemma', '}', IDENT, '/*!'}
line 163:30 mismatched input '=' expecting {'(', '{'}
line 165:38 mismatched input '}' expecting {'(', '{'}
line 171:14 mismatched input '\ifExintVar' expecting {MODALITY, FORALL, EXISTS, '\if', '\ifEx', 'true', 'false', '(', '{', '@', NOT, SEQARROW, '-', STRING_LITERAL, CHAR_LITERAL, BIN_LITERAL, HEX_LITERAL, IDENT, INT_LITERAL, FLOAT_LITERAL, DOUBLE_LITERAL, REAL_LITERAL}
line 171:27 extraneous input '(' expecting {'\lemma', '}', IDENT, '/*!'}
line 171:30 mismatched input '=' expecting {'(', '{'}
line 173:38 mismatched input '}' expecting {'(', '{'}
line 179:14 mismatched input '\ifExintVar' expecting {MODALITY, FORALL, EXISTS, '\if', '\ifEx', 'true', 'false', '(', '{', '@', NOT, SEQARROW, '-', STRING_LITERAL, CHAR_LITERAL, BIN_LITERAL, HEX_LITERAL, IDENT, INT_LITERAL, FLOAT_LITERAL, DOUBLE_LITERAL, REAL_LITERAL}
line 179:27 extraneous input '(' expecting {'\lemma', '}', IDENT, '/*!'}
line 179:32 mismatched input '&' expecting {'(', '{'}
line 181:42 mismatched input '}' expecting {'(', '{'}
line 182:39 mismatched input '}' expecting {'(', '{'}
line 188:14 mismatched input '\ifExintVar' expecting {MODALITY, FORALL, EXISTS, '\if', '\ifEx', 'true', 'false', '(', '{', '@', NOT, SEQARROW, '-', STRING_LITERAL, CHAR_LITERAL, BIN_LITERAL, HEX_LITERAL, IDENT, INT_LITERAL, FLOAT_LITERAL, DOUBLE_LITERAL, REAL_LITERAL}
line 188:27 extraneous input '(' expecting {'\lemma', '}', IDENT, '/*!'}
line 188:32 mismatched input '&' expecting {'(', '{'}
line 190:42 mismatched input '}' expecting {'(', '{'}
line 191:39 mismatched input '}' expecting {'(', '{'}
line 198:14 mismatched input '\ifExintVar' expecting {MODALITY, FORALL, EXISTS, '\if', '\ifEx', 'true', 'false', '(', '{', '@', NOT, SEQARROW, '-', STRING_LITERAL, CHAR_LITERAL, BIN_LITERAL, HEX_LITERAL, IDENT, INT_LITERAL, FLOAT_LITERAL, DOUBLE_LITERAL, REAL_LITERAL}
line 198:27 extraneous input '(' expecting {'\lemma', '}', IDENT, '/*!'}
line 198:32 mismatched input '&' expecting {'(', '{'}
line 200:42 mismatched input '}' expecting {'(', '{'}
line 201:39 mismatched input '}' expecting {'(', '{'}
line 208:14 mismatched input '\ifExintVar' expecting {MODALITY, FORALL, EXISTS, '\if', '\ifEx', 'true', 'false', '(', '{', '@', NOT, SEQARROW, '-', STRING_LITERAL, CHAR_LITERAL, BIN_LITERAL, HEX_LITERAL, IDENT, INT_LITERAL, FLOAT_LITERAL, DOUBLE_LITERAL, REAL_LITERAL}
line 208:27 extraneous input '(' expecting {'\lemma', '}', IDENT, '/*!'}
line 208:32 mismatched input '&' expecting {'(', '{'}
line 210:42 mismatched input '}' expecting {'(', '{'}
line 211:39 mismatched input '}' expecting {'(', '{'}
line 218:14 mismatched input '\ifExintVar' expecting {MODALITY, FORALL, EXISTS, '\if', '\ifEx', 'true', 'false', '(', '{', '@', NOT, SEQARROW, '-', STRING_LITERAL, CHAR_LITERAL, BIN_LITERAL, HEX_LITERAL, IDENT, INT_LITERAL, FLOAT_LITERAL, DOUBLE_LITERAL, REAL_LITERAL}
line 218:27 extraneous input '(' expecting {'\lemma', '}', IDENT, '/*!'}
line 218:31 mismatched input ')' expecting {'(', '{'}
line 220:44 mismatched input ')' expecting {'(', '{'}
line 225:14 mismatched input '\ifExintVar' expecting {MODALITY, FORALL, EXISTS, '\if', '\ifEx', 'true', 'false', '(', '{', '@', NOT, SEQARROW, '-', STRING_LITERAL, CHAR_LITERAL, BIN_LITERAL, HEX_LITERAL, IDENT, INT_LITERAL, FLOAT_LITERAL, DOUBLE_LITERAL, REAL_LITERAL}
line 225:27 extraneous input '(' expecting {'\lemma', '}', IDENT, '/*!'}
line 225:31 mismatched input ')' expecting {'(', '{'}
line 227:44 mismatched input ')' expecting {'(', '{'}
line 233:14 mismatched input '\ifExintVar' expecting {MODALITY, FORALL, EXISTS, '\if', '\ifEx', 'true', 'false', '(', '{', '@', NOT, SEQARROW, '-', STRING_LITERAL, CHAR_LITERAL, BIN_LITERAL, HEX_LITERAL, IDENT, INT_LITERAL, FLOAT_LITERAL, DOUBLE_LITERAL, REAL_LITERAL}
line 233:27 extraneous input '(' expecting {'\lemma', '}', IDENT, '/*!'}
line 233:31 mismatched input ')' expecting {'(', '{'}
line 237:42 mismatched input '}' expecting {'(', '{'}
line 238:34 mismatched input '}' expecting {'(', '{'}
line 239:28 extraneous input '(' expecting {'\lemma', '}', IDENT, '/*!'}
line 239:33 mismatched input '->' expecting {'(', '{'}
line 240:8 extraneous input '\replacewith' expecting {'\lemma', '}', IDENT, '/*!'}
line 240:25 mismatched input ')' expecting {'(', '{'}
line 240:56 mismatched input ')' expecting {'(', '{'}
line 245:14 mismatched input '\ifExintVar' expecting {MODALITY, FORALL, EXISTS, '\if', '\ifEx', 'true', 'false', '(', '{', '@', NOT, SEQARROW, '-', STRING_LITERAL, CHAR_LITERAL, BIN_LITERAL, HEX_LITERAL, IDENT, INT_LITERAL, FLOAT_LITERAL, DOUBLE_LITERAL, REAL_LITERAL}
line 245:27 extraneous input '(' expecting {'\lemma', '}', IDENT, '/*!'}
line 245:31 mismatched input ')' expecting {'(', '{'}
line 248:45 mismatched input '}' expecting {'(', '{'}
line 249:8 extraneous input '\replacewith' expecting {'\lemma', '}', IDENT, '/*!'}
line 249:38 mismatched input ')' expecting {'(', '{'}
line 250:42 mismatched input '}' expecting {'(', '{'}
line 251:28 extraneous input '(' expecting {'\lemma', '}', IDENT, '/*!'}
line 251:33 mismatched input '->' expecting {'(', '{'}
line 255:14 mismatched input '\ifExintVar' expecting {MODALITY, FORALL, EXISTS, '\if', '\ifEx', 'true', 'false', '(', '{', '@', NOT, SEQARROW, '-', STRING_LITERAL, CHAR_LITERAL, BIN_LITERAL, HEX_LITERAL, IDENT, INT_LITERAL, FLOAT_LITERAL, DOUBLE_LITERAL, REAL_LITERAL}
line 255:27 extraneous input '(' expecting {'\lemma', '}', IDENT, '/*!'}
line 255:31 mismatched input ')' expecting {'(', '{'}
line 258:52 extraneous input '0' expecting {'\lemma', '}', IDENT, '/*!'}
line 258:54 mismatched input 'then' expecting {<EOF>, '\problem', '\chooseContract', '\proofObligation', '\proof'}

	at de.uka.ilkd.key.proof.io.KeYFile.readIncludes(KeYFile.java:210)
Caused by: de.uka.ilkd.key.util.parsing.SyntaxErrorReporter$ParserException: line 135:14 mismatched input '\ifExintVar' expecting {MODALITY, FORALL, EXISTS, '\if', '\ifEx', 'true', 'false', '(', '{', '@', NOT, SEQARROW, '-', STRING_LITERAL, CHAR_LITERAL, BIN_LITERAL, HEX_LITERAL, IDENT, INT_LITERAL, FLOAT_LITERAL, DOUBLE_LITERAL, REAL_LITERAL}
line 135:27 extraneous input '(' expecting {'\lemma', '}', IDENT, '/*!'}
line 135:44 mismatched input ')' expecting {'(', '{'}
line 141:14 mismatched input '\ifExintVar' expecting {MODALITY, FORALL, EXISTS, '\if', '\ifEx', 'true', 'false', '(', '{', '@', NOT, SEQARROW, '-', STRING_LITERAL, CHAR_LITERAL, BIN_LITERAL, HEX_LITERAL, IDENT, INT_LITERAL, FLOAT_LITERAL, DOUBLE_LITERAL, REAL_LITERAL}
line 141:27 extraneous input '(' expecting {'\lemma', '}', IDENT, '/*!'}
line 141:41 mismatched input ')' expecting {'(', '{'}
line 148:14 mismatched input '\ifExintVar' expecting {MODALITY, FORALL, EXISTS, '\if', '\ifEx', 'true', 'false', '(', '{', '@', NOT, SEQARROW, '-', STRING_LITERAL, CHAR_LITERAL, BIN_LITERAL, HEX_LITERAL, IDENT, INT_LITERAL, FLOAT_LITERAL, DOUBLE_LITERAL, REAL_LITERAL}
line 148:27 extraneous input '(' expecting {'\lemma', '}', IDENT, '/*!'}
line 148:35 mismatched input '=' expecting {'(', '{'}
line 150:38 mismatched input '}' expecting {'(', '{'}
line 155:14 mismatched input '\ifExintVar' expecting {MODALITY, FORALL, EXISTS, '\if', '\ifEx', 'true', 'false', '(', '{', '@', NOT, SEQARROW, '-', STRING_LITERAL, CHAR_LITERAL, BIN_LITERAL, HEX_LITERAL, IDENT, INT_LITERAL, FLOAT_LITERAL, DOUBLE_LITERAL, REAL_LITERAL}
line 155:27 extraneous input '(' expecting {'\lemma', '}', IDENT, '/*!'}
line 155:35 mismatched input '=' expecting {'(', '{'}
line 157:38 mismatched input '}' expecting {'(', '{'}
line 163:14 mismatched input '\ifExintVar' expecting {MODALITY, FORALL, EXISTS, '\if', '\ifEx', 'true', 'false', '(', '{', '@', NOT, SEQARROW, '-', STRING_LITERAL, CHAR_LITERAL, BIN_LITERAL, HEX_LITERAL, IDENT, INT_LITERAL, FLOAT_LITERAL, DOUBLE_LITERAL, REAL_LITERAL}
line 163:27 extraneous input '(' expecting {'\lemma', '}', IDENT, '/*!'}
line 163:30 mismatched input '=' expecting {'(', '{'}
line 165:38 mismatched input '}' expecting {'(', '{'}
line 171:14 mismatched input '\ifExintVar' expecting {MODALITY, FORALL, EXISTS, '\if', '\ifEx', 'true', 'false', '(', '{', '@', NOT, SEQARROW, '-', STRING_LITERAL, CHAR_LITERAL, BIN_LITERAL, HEX_LITERAL, IDENT, INT_LITERAL, FLOAT_LITERAL, DOUBLE_LITERAL, REAL_LITERAL}
line 171:27 extraneous input '(' expecting {'\lemma', '}', IDENT, '/*!'}
line 171:30 mismatched input '=' expecting {'(', '{'}
line 173:38 mismatched input '}' expecting {'(', '{'}
line 179:14 mismatched input '\ifExintVar' expecting {MODALITY, FORALL, EXISTS, '\if', '\ifEx', 'true', 'false', '(', '{', '@', NOT, SEQARROW, '-', STRING_LITERAL, CHAR_LITERAL, BIN_LITERAL, HEX_LITERAL, IDENT, INT_LITERAL, FLOAT_LITERAL, DOUBLE_LITERAL, REAL_LITERAL}
line 179:27 extraneous input '(' expecting {'\lemma', '}', IDENT, '/*!'}
line 179:32 mismatched input '&' expecting {'(', '{'}
line 181:42 mismatched input '}' expecting {'(', '{'}
line 182:39 mismatched input '}' expecting {'(', '{'}
line 188:14 mismatched input '\ifExintVar' expecting {MODALITY, FORALL, EXISTS, '\if', '\ifEx', 'true', 'false', '(', '{', '@', NOT, SEQARROW, '-', STRING_LITERAL, CHAR_LITERAL, BIN_LITERAL, HEX_LITERAL, IDENT, INT_LITERAL, FLOAT_LITERAL, DOUBLE_LITERAL, REAL_LITERAL}
line 188:27 extraneous input '(' expecting {'\lemma', '}', IDENT, '/*!'}
line 188:32 mismatched input '&' expecting {'(', '{'}
line 190:42 mismatched input '}' expecting {'(', '{'}
line 191:39 mismatched input '}' expecting {'(', '{'}
line 198:14 mismatched input '\ifExintVar' expecting {MODALITY, FORALL, EXISTS, '\if', '\ifEx', 'true', 'false', '(', '{', '@', NOT, SEQARROW, '-', STRING_LITERAL, CHAR_LITERAL, BIN_LITERAL, HEX_LITERAL, IDENT, INT_LITERAL, FLOAT_LITERAL, DOUBLE_LITERAL, REAL_LITERAL}
line 198:27 extraneous input '(' expecting {'\lemma', '}', IDENT, '/*!'}
line 198:32 mismatched input '&' expecting {'(', '{'}
line 200:42 mismatched input '}' expecting {'(', '{'}
line 201:39 mismatched input '}' expecting {'(', '{'}
line 208:14 mismatched input '\ifExintVar' expecting {MODALITY, FORALL, EXISTS, '\if', '\ifEx', 'true', 'false', '(', '{', '@', NOT, SEQARROW, '-', STRING_LITERAL, CHAR_LITERAL, BIN_LITERAL, HEX_LITERAL, IDENT, INT_LITERAL, FLOAT_LITERAL, DOUBLE_LITERAL, REAL_LITERAL}
line 208:27 extraneous input '(' expecting {'\lemma', '}', IDENT, '/*!'}
line 208:32 mismatched input '&' expecting {'(', '{'}
line 210:42 mismatched input '}' expecting {'(', '{'}
line 211:39 mismatched input '}' expecting {'(', '{'}
line 218:14 mismatched input '\ifExintVar' expecting {MODALITY, FORALL, EXISTS, '\if', '\ifEx', 'true', 'false', '(', '{', '@', NOT, SEQARROW, '-', STRING_LITERAL, CHAR_LITERAL, BIN_LITERAL, HEX_LITERAL, IDENT, INT_LITERAL, FLOAT_LITERAL, DOUBLE_LITERAL, REAL_LITERAL}
line 218:27 extraneous input '(' expecting {'\lemma', '}', IDENT, '/*!'}
line 218:31 mismatched input ')' expecting {'(', '{'}
line 220:44 mismatched input ')' expecting {'(', '{'}
line 225:14 mismatched input '\ifExintVar' expecting {MODALITY, FORALL, EXISTS, '\if', '\ifEx', 'true', 'false', '(', '{', '@', NOT, SEQARROW, '-', STRING_LITERAL, CHAR_LITERAL, BIN_LITERAL, HEX_LITERAL, IDENT, INT_LITERAL, FLOAT_LITERAL, DOUBLE_LITERAL, REAL_LITERAL}
line 225:27 extraneous input '(' expecting {'\lemma', '}', IDENT, '/*!'}
line 225:31 mismatched input ')' expecting {'(', '{'}
line 227:44 mismatched input ')' expecting {'(', '{'}
line 233:14 mismatched input '\ifExintVar' expecting {MODALITY, FORALL, EXISTS, '\if', '\ifEx', 'true', 'false', '(', '{', '@', NOT, SEQARROW, '-', STRING_LITERAL, CHAR_LITERAL, BIN_LITERAL, HEX_LITERAL, IDENT, INT_LITERAL, FLOAT_LITERAL, DOUBLE_LITERAL, REAL_LITERAL}
line 233:27 extraneous input '(' expecting {'\lemma', '}', IDENT, '/*!'}
line 233:31 mismatched input ')' expecting {'(', '{'}
line 237:42 mismatched input '}' expecting {'(', '{'}
line 238:34 mismatched input '}' expecting {'(', '{'}
line 239:28 extraneous input '(' expecting {'\lemma', '}', IDENT, '/*!'}
line 239:33 mismatched input '->' expecting {'(', '{'}
line 240:8 extraneous input '\replacewith' expecting {'\lemma', '}', IDENT, '/*!'}
line 240:25 mismatched input ')' expecting {'(', '{'}
line 240:56 mismatched input ')' expecting {'(', '{'}
line 245:14 mismatched input '\ifExintVar' expecting {MODALITY, FORALL, EXISTS, '\if', '\ifEx', 'true', 'false', '(', '{', '@', NOT, SEQARROW, '-', STRING_LITERAL, CHAR_LITERAL, BIN_LITERAL, HEX_LITERAL, IDENT, INT_LITERAL, FLOAT_LITERAL, DOUBLE_LITERAL, REAL_LITERAL}
line 245:27 extraneous input '(' expecting {'\lemma', '}', IDENT, '/*!'}
line 245:31 mismatched input ')' expecting {'(', '{'}
line 248:45 mismatched input '}' expecting {'(', '{'}
line 249:8 extraneous input '\replacewith' expecting {'\lemma', '}', IDENT, '/*!'}
line 249:38 mismatched input ')' expecting {'(', '{'}
line 250:42 mismatched input '}' expecting {'(', '{'}
line 251:28 extraneous input '(' expecting {'\lemma', '}', IDENT, '/*!'}
line 251:33 mismatched input '->' expecting {'(', '{'}
line 255:14 mismatched input '\ifExintVar' expecting {MODALITY, FORALL, EXISTS, '\if', '\ifEx', 'true', 'false', '(', '{', '@', NOT, SEQARROW, '-', STRING_LITERAL, CHAR_LITERAL, BIN_LITERAL, HEX_LITERAL, IDENT, INT_LITERAL, FLOAT_LITERAL, DOUBLE_LITERAL, REAL_LITERAL}
line 255:27 extraneous input '(' expecting {'\lemma', '}', IDENT, '/*!'}
line 255:31 mismatched input ')' expecting {'(', '{'}
line 258:52 extraneous input '0' expecting {'\lemma', '}', IDENT, '/*!'}
line 258:54 mismatched input 'then' expecting {<EOF>, '\problem', '\chooseContract', '\proofObligation', '\proof'}

	at de.uka.ilkd.key.util.parsing.SyntaxErrorReporter.throwException(SyntaxErrorReporter.java:89)

302750     WARN  Test worker     d.u.i.k.n.KeYParser       [syntax-error] file:/home/runner/work/key/key/key.core/build/resources/main/de/uka/ilkd/key/proof/rules/ifThenElseRules.key:135:14: mismatched input '\ifExintVar' expecting {MODALITY, FORALL, EXISTS, '\if', '\ifEx', 'true', 'false', '(', '{', '@', NOT, SEQARROW, '-', STRING_LITERAL, CHAR_LITERAL, BIN_LITERAL, HEX_LITERAL, IDENT, INT_LITERAL, FLOAT_LITERAL, DOUBLE_LITERAL, REAL_LITERAL} [@745,3563:3573='\ifExintVar',<188>,135:14] (termorseq, taclet, rulesOrAxioms, decls, file) 
302750     WARN  Test worker     d.u.i.k.n.KeYParser       [syntax-error] file:/home/runner/work/key/key/key.core/build/resources/main/de/uka/ilkd/key/proof/rules/ifThenElseRules.key:135:27: extraneous input '(' expecting {'\lemma', '}', IDENT, '/*!'} [@748,3576:3576='(',<146>,135:27] (rulesOrAxioms, decls, file) 
302751     WARN  Test worker     d.u.i.k.n.KeYParser       [syntax-error] file:/home/runner/work/key/key/key.core/build/resources/main/de/uka/ilkd/key/proof/rules/ifThenElseRules.key:135:44: mismatched input ')' expecting {'(', '{'} [@754,3593:3593=')',<147>,135:44] (taclet, rulesOrAxioms, decls, file) 
302751     WARN  Test worker     d.u.i.k.n.KeYParser       [syntax-error] file:/home/runner/work/key/key/key.core/build/resources/main/de/uka/ilkd/key/proof/rules/ifThenElseRules.key:141:14: mismatched input '\ifExintVar' expecting {MODALITY, FORALL, EXISTS, '\if', '\ifEx', 'true', 'false', '(', '{', '@', NOT, SEQARROW, '-', STRING_LITERAL, CHAR_LITERAL, BIN_LITERAL, HEX_LITERAL, IDENT, INT_LITERAL, FLOAT_LITERAL, DOUBLE_LITERAL, REAL_LITERAL} [@780,3716:3726='\ifExintVar',<188>,141:14] (termorseq, taclet, rulesOrAxioms, decls, file) 
302751     WARN  Test worker     d.u.i.k.n.KeYParser       [syntax-error] file:/home/runner/work/key/key/key.core/build/resources/main/de/uka/ilkd/key/proof/rules/ifThenElseRules.key:141:27: extraneous input '(' expecting {'\lemma', '}', IDENT, '/*!'} [@783,3729:3729='(',<146>,141:27] (rulesOrAxioms, decls, file) 
302751     WARN  Test worker     d.u.i.k.n.KeYParser       [syntax-error] file:/home/runner/work/key/key/key.core/build/resources/main/de/uka/ilkd/key/proof/rules/ifThenElseRules.key:141:41: mismatched input ')' expecting {'(', '{'} [@789,3743:3743=')',<147>,141:41] (taclet, rulesOrAxioms, decls, file) 
302751     WARN  Test worker     d.u.i.k.n.KeYParser       [syntax-error] file:/home/runner/work/key/key/key.core/build/resources/main/de/uka/ilkd/key/proof/rules/ifThenElseRules.key:148:14: mismatched input '\ifExintVar' expecting {MODALITY, FORALL, EXISTS, '\if', '\ifEx', 'true', 'false', '(', '{', '@', NOT, SEQARROW, '-', STRING_LITERAL, CHAR_LITERAL, BIN_LITERAL, HEX_LITERAL, IDENT, INT_LITERAL, FLOAT_LITERAL, DOUBLE_LITERAL, REAL_LITERAL} [@819,3896:3906='\ifExintVar',<188>,148:14] (termorseq, taclet, rulesOrAxioms, decls, file) 
302751     WARN  Test worker     d.u.i.k.n.KeYParser       [syntax-error] file:/home/runner/work/key/key/key.core/build/resources/main/de/uka/ilkd/key/proof/rules/ifThenElseRules.key:148:27: extraneous input '(' expecting {'\lemma', '}', IDENT, '/*!'} [@822,3909:3909='(',<146>,148:27] (rulesOrAxioms, decls, file) 
302751     WARN  Test worker     d.u.i.k.n.KeYParser       [syntax-error] file:/home/runner/work/key/key/key.core/build/resources/main/de/uka/ilkd/key/proof/rules/ifThenElseRules.key:148:35: mismatched input '=' expecting {'(', '{'} [@825,3917:3917='=',<159>,148:35] (taclet, rulesOrAxioms, decls, file) 
302751     WARN  Test worker     d.u.i.k.n.KeYParser       [syntax-error] file:/home/runner/work/key/key/key.core/build/resources/main/de/uka/ilkd/key/proof/rules/ifThenElseRules.key:150:38: mismatched input '}' expecting {'(', '{'} [@859,4023:4023='}',<149>,150:38] (taclet, rulesOrAxioms, decls, file) 
302751     WARN  Test worker     d.u.i.k.n.KeYParser       [syntax-error] file:/home/runner/work/key/key/key.core/build/resources/main/de/uka/ilkd/key/proof/rules/ifThenElseRules.key:155:14: mismatched input '\ifExintVar' expecting {MODALITY, FORALL, EXISTS, '\if', '\ifEx', 'true', 'false', '(', '{', '@', NOT, SEQARROW, '-', STRING_LITERAL, CHAR_LITERAL, BIN_LITERAL, HEX_LITERAL, IDENT, INT_LITERAL, FLOAT_LITERAL, DOUBLE_LITERAL, REAL_LITERAL} [@877,4109:4119='\ifExintVar',<188>,155:14] (termorseq, taclet, rulesOrAxioms, decls, file) 
302751     WARN  Test worker     d.u.i.k.n.KeYParser       [syntax-error] file:/home/runner/work/key/key/key.core/build/resources/main/de/uka/ilkd/key/proof/rules/ifThenElseRules.key:155:27: extraneous input '(' expecting {'\lemma', '}', IDENT, '/*!'} [@880,4122:4122='(',<146>,155:27] (rulesOrAxioms, decls, file) 
302751     WARN  Test worker     d.u.i.k.n.KeYParser       [syntax-error] file:/home/runner/work/key/key/key.core/build/resources/main/de/uka/ilkd/key/proof/rules/ifThenElseRules.key:155:35: mismatched input '=' expecting {'(', '{'} [@883,4130:4130='=',<159>,155:35] (taclet, rulesOrAxioms, decls, file) 
302751     WARN  Test worker     d.u.i.k.n.KeYParser       [syntax-error] file:/home/runner/work/key/key/key.core/build/resources/main/de/uka/ilkd/key/proof/rules/ifThenElseRules.key:157:38: mismatched input '}' expecting {'(', '{'} [@917,4230:4230='}',<149>,157:38] (taclet, rulesOrAxioms, decls, file) 
302751     WARN  Test worker     d.u.i.k.n.KeYParser       [syntax-error] file:/home/runner/work/key/key/key.core/build/resources/main/de/uka/ilkd/key/proof/rules/ifThenElseRules.key:163:14: mismatched input '\ifExintVar' expecting {MODALITY, FORALL, EXISTS, '\if', '\ifEx', 'true', 'false', '(', '{', '@', NOT, SEQARROW, '-', STRING_LITERAL, CHAR_LITERAL, BIN_LITERAL, HEX_LITERAL, IDENT, INT_LITERAL, FLOAT_LITERAL, DOUBLE_LITERAL, REAL_LITERAL} [@939,4350:4360='\ifExintVar',<188>,163:14] (termorseq, taclet, rulesOrAxioms, decls, file) 
302751     WARN  Test worker     d.u.i.k.n.KeYParser       [syntax-error] file:/home/runner/work/key/key/key.core/build/resources/main/de/uka/ilkd/key/proof/rules/ifThenElseRules.key:163:27: extraneous input '(' expecting {'\lemma', '}', IDENT, '/*!'} [@942,4363:4363='(',<146>,163:27] (rulesOrAxioms, decls, file) 
302751     WARN  Test worker     d.u.i.k.n.KeYParser       [syntax-error] file:/home/runner/work/key/key/key.core/build/resources/main/de/uka/ilkd/key/proof/rules/ifThenElseRules.key:163:30: mismatched input '=' expecting {'(', '{'} [@945,4366:4366='=',<159>,163:30] (taclet, rulesOrAxioms, decls, file) 
302751     WARN  Test worker     d.u.i.k.n.KeYParser       [syntax-error] file:/home/runner/work/key/key/key.core/build/resources/main/de/uka/ilkd/key/proof/rules/ifThenElseRules.key:165:38: mismatched input '}' expecting {'(', '{'} [@979,4477:4477='}',<149>,165:38] (taclet, rulesOrAxioms, decls, file) 
302751     WARN  Test worker     d.u.i.k.n.KeYParser       [syntax-error] file:/home/runner/work/key/key/key.core/build/resources/main/de/uka/ilkd/key/proof/rules/ifThenElseRules.key:171:14: mismatched input '\ifExintVar' expecting {MODALITY, FORALL, EXISTS, '\if', '\ifEx', 'true', 'false', '(', '{', '@', NOT, SEQARROW, '-', STRING_LITERAL, CHAR_LITERAL, BIN_LITERAL, HEX_LITERAL, IDENT, INT_LITERAL, FLOAT_LITERAL, DOUBLE_LITERAL, REAL_LITERAL} [@1001,4604:4614='\ifExintVar',<188>,171:14] (termorseq, taclet, rulesOrAxioms, decls, file) 
302751     WARN  Test worker     d.u.i.k.n.KeYParser       [syntax-error] file:/home/runner/work/key/key/key.core/build/resources/main/de/uka/ilkd/key/proof/rules/ifThenElseRules.key:171:27: extraneous input '(' expecting {'\lemma', '}', IDENT, '/*!'} [@1004,4617:4617='(',<146>,171:27] (rulesOrAxioms, decls, file) 
302751     WARN  Test worker     d.u.i.k.n.KeYParser       [syntax-error] file:/home/runner/work/key/key/key.core/build/resources/main/de/uka/ilkd/key/proof/rules/ifThenElseRules.key:171:30: mismatched input '=' expecting {'(', '{'} [@1007,4620:4620='=',<159>,171:30] (taclet, rulesOrAxioms, decls, file) 
302751     WARN  Test worker     d.u.i.k.n.KeYParser       [syntax-error] file:/home/runner/work/key/key/key.core/build/resources/main/de/uka/ilkd/key/proof/rules/ifThenElseRules.key:173:38: mismatched input '}' expecting {'(', '{'} [@1041,4725:4725='}',<149>,173:38] (taclet, rulesOrAxioms, decls, file) 
302751     WARN  Test worker     d.u.i.k.n.KeYParser       [syntax-error] file:/home/runner/work/key/key/key.core/build/resources/main/de/uka/ilkd/key/proof/rules/ifThenElseRules.key:179:14: mismatched input '\ifExintVar' expecting {MODALITY, FORALL, EXISTS, '\if', '\ifEx', 'true', 'false', '(', '{', '@', NOT, SEQARROW, '-', STRING_LITERAL, CHAR_LITERAL, BIN_LITERAL, HEX_LITERAL, IDENT, INT_LITERAL, FLOAT_LITERAL, DOUBLE_LITERAL, REAL_LITERAL} [@1063,4848:4858='\ifExintVar',<188>,179:14] (termorseq, taclet, rulesOrAxioms, decls, file) 
302751     WARN  Test worker     d.u.i.k.n.KeYParser       [syntax-error] file:/home/runner/work/key/key/key.core/build/resources/main/de/uka/ilkd/key/proof/rules/ifThenElseRules.key:179:27: extraneous input '(' expecting {'\lemma', '}', IDENT, '/*!'} [@1066,4861:4861='(',<146>,179:27] (rulesOrAxioms, decls, file) 
302751     WARN  Test worker     d.u.i.k.n.KeYParser       [syntax-error] file:/home/runner/work/key/key/key.core/build/resources/main/de/uka/ilkd/key/proof/rules/ifThenElseRules.key:179:32: mismatched input '&' expecting {'(', '{'} [@1069,4866:4866='&',<156>,179:32] (taclet, rulesOrAxioms, decls, file) 
302751     WARN  Test worker     d.u.i.k.n.KeYParser       [syntax-error] file:/home/runner/work/key/key/key.core/build/resources/main/de/uka/ilkd/key/proof/rules/ifThenElseRules.key:181:42: mismatched input '}' expecting {'(', '{'} [@1109,4985:4985='}',<149>,181:42] (taclet, rulesOrAxioms, decls, file) 
302751     WARN  Test worker     d.u.i.k.n.KeYParser       [syntax-error] file:/home/runner/work/key/key/key.core/build/resources/main/de/uka/ilkd/key/proof/rules/ifThenElseRules.key:182:39: mismatched input '}' expecting {'(', '{'} [@1122,5030:5030='}',<149>,182:39] (taclet, rulesOrAxioms, decls, file) 
302751     WARN  Test worker     d.u.i.k.n.KeYParser       [syntax-error] file:/home/runner/work/key/key/key.core/build/resources/main/de/uka/ilkd/key/proof/rules/ifThenElseRules.key:188:14: mismatched input '\ifExintVar' expecting {MODALITY, FORALL, EXISTS, '\if', '\ifEx', 'true', 'false', '(', '{', '@', NOT, SEQARROW, '-', STRING_LITERAL, CHAR_LITERAL, BIN_LITERAL, HEX_LITERAL, IDENT, INT_LITERAL, FLOAT_LITERAL, DOUBLE_LITERAL, REAL_LITERAL} [@1146,5149:5159='\ifExintVar',<188>,188:14] (termorseq, taclet, rulesOrAxioms, decls, file) 
302751     WARN  Test worker     d.u.i.k.n.KeYParser       [syntax-error] file:/home/runner/work/key/key/key.core/build/resources/main/de/uka/ilkd/key/proof/rules/ifThenElseRules.key:188:27: extraneous input '(' expecting {'\lemma', '}', IDENT, '/*!'} [@1149,5162:5162='(',<146>,188:27] (rulesOrAxioms, decls, file) 
302751     WARN  Test worker     d.u.i.k.n.KeYParser       [syntax-error] file:/home/runner/work/key/key/key.core/build/resources/main/de/uka/ilkd/key/proof/rules/ifThenElseRules.key:188:32: mismatched input '&' expecting {'(', '{'} [@1152,5167:5167='&',<156>,188:32] (taclet, rulesOrAxioms, decls, file) 
302751     WARN  Test worker     d.u.i.k.n.KeYParser       [syntax-error] file:/home/runner/work/key/key/key.core/build/resources/main/de/uka/ilkd/key/proof/rules/ifThenElseRules.key:190:42: mismatched input '}' expecting {'(', '{'} [@1192,5280:5280='}',<149>,190:42] (taclet, rulesOrAxioms, decls, file) 
302751     WARN  Test worker     d.u.i.k.n.KeYParser       [syntax-error] file:/home/runner/work/key/key/key.core/build/resources/main/de/uka/ilkd/key/proof/rules/ifThenElseRules.key:191:39: mismatched input '}' expecting {'(', '{'} [@1205,5325:5325='}',<149>,191:39] (taclet, rulesOrAxioms, decls, file) 
302751     WARN  Test worker     d.u.i.k.n.KeYParser       [syntax-error] file:/home/runner/work/key/key/key.core/build/resources/main/de/uka/ilkd/key/proof/rules/ifThenElseRules.key:198:14: mismatched input '\ifExintVar' expecting {MODALITY, FORALL, EXISTS, '\if', '\ifEx', 'true', 'false', '(', '{', '@', NOT, SEQARROW, '-', STRING_LITERAL, CHAR_LITERAL, BIN_LITERAL, HEX_LITERAL, IDENT, INT_LITERAL, FLOAT_LITERAL, DOUBLE_LITERAL, REAL_LITERAL} [@1233,5475:5485='\ifExintVar',<188>,198:14] (termorseq, taclet, rulesOrAxioms, decls, file) 
302751     WARN  Test worker     d.u.i.k.n.KeYParser       [syntax-error] file:/home/runner/work/key/key/key.core/build/resources/main/de/uka/ilkd/key/proof/rules/ifThenElseRules.key:198:27: extraneous input '(' expecting {'\lemma', '}', IDENT, '/*!'} [@1236,5488:5488='(',<146>,198:27] (rulesOrAxioms, decls, file) 
302751     WARN  Test worker     d.u.i.k.n.KeYParser       [syntax-error] file:/home/runner/work/key/key/key.core/build/resources/main/de/uka/ilkd/key/proof/rules/ifThenElseRules.key:198:32: mismatched input '&' expecting {'(', '{'} [@1239,5493:5493='&',<156>,198:32] (taclet, rulesOrAxioms, decls, file) 
302751     WARN  Test worker     d.u.i.k.n.KeYParser       [syntax-error] file:/home/runner/work/key/key/key.core/build/resources/main/de/uka/ilkd/key/proof/rules/ifThenElseRules.key:200:42: mismatched input '}' expecting {'(', '{'} [@1279,5612:5612='}',<149>,200:42] (taclet, rulesOrAxioms, decls, file) 
302751     WARN  Test worker     d.u.i.k.n.KeYParser       [syntax-error] file:/home/runner/work/key/key/key.core/build/resources/main/de/uka/ilkd/key/proof/rules/ifThenElseRules.key:201:39: mismatched input '}' expecting {'(', '{'} [@1292,5657:5657='}',<149>,201:39] (taclet, rulesOrAxioms, decls, file) 
302751     WARN  Test worker     d.u.i.k.n.KeYParser       [syntax-error] file:/home/runner/work/key/key/key.core/build/resources/main/de/uka/ilkd/key/proof/rules/ifThenElseRules.key:208:14: mismatched input '\ifExintVar' expecting {MODALITY, FORALL, EXISTS, '\if', '\ifEx', 'true', 'false', '(', '{', '@', NOT, SEQARROW, '-', STRING_LITERAL, CHAR_LITERAL, BIN_LITERAL, HEX_LITERAL, IDENT, INT_LITERAL, FLOAT_LITERAL, DOUBLE_LITERAL, REAL_LITERAL} [@1320,5817:5827='\ifExintVar',<188>,208:14] (termorseq, taclet, rulesOrAxioms, decls, file) 
302751     WARN  Test worker     d.u.i.k.n.KeYParser       [syntax-error] file:/home/runner/work/key/key/key.core/build/resources/main/de/uka/ilkd/key/proof/rules/ifThenElseRules.key:208:27: extraneous input '(' expecting {'\lemma', '}', IDENT, '/*!'} [@1323,5830:5830='(',<146>,208:27] (rulesOrAxioms, decls, file) 
302751     WARN  Test worker     d.u.i.k.n.KeYParser       [syntax-error] file:/home/runner/work/key/key/key.core/build/resources/main/de/uka/ilkd/key/proof/rules/ifThenElseRules.key:208:32: mismatched input '&' expecting {'(', '{'} [@1326,5835:5835='&',<156>,208:32] (taclet, rulesOrAxioms, decls, file) 
302751     WARN  Test worker     d.u.i.k.n.KeYParser       [syntax-error] file:/home/runner/work/key/key/key.core/build/resources/main/de/uka/ilkd/key/proof/rules/ifThenElseRules.key:210:42: mismatched input '}' expecting {'(', '{'} [@1366,5948:5948='}',<149>,210:42] (taclet, rulesOrAxioms, decls, file) 
302751     WARN  Test worker     d.u.i.k.n.KeYParser       [syntax-error] file:/home/runner/work/key/key/key.core/build/resources/main/de/uka/ilkd/key/proof/rules/ifThenElseRules.key:211:39: mismatched input '}' expecting {'(', '{'} [@1379,5993:5993='}',<149>,211:39] (taclet, rulesOrAxioms, decls, file) 
302752     WARN  Test worker     d.u.i.k.n.KeYParser       [syntax-error] file:/home/runner/work/key/key/key.core/build/resources/main/de/uka/ilkd/key/proof/rules/ifThenElseRules.key:218:14: mismatched input '\ifExintVar' expecting {MODALITY, FORALL, EXISTS, '\if', '\ifEx', 'true', 'false', '(', '{', '@', NOT, SEQARROW, '-', STRING_LITERAL, CHAR_LITERAL, BIN_LITERAL, HEX_LITERAL, IDENT, INT_LITERAL, FLOAT_LITERAL, DOUBLE_LITERAL, REAL_LITERAL} [@1407,6146:6156='\ifExintVar',<188>,218:14] (termorseq, taclet, rulesOrAxioms, decls, file) 
302752     WARN  Test worker     d.u.i.k.n.KeYParser       [syntax-error] file:/home/runner/work/key/key/key.core/build/resources/main/de/uka/ilkd/key/proof/rules/ifThenElseRules.key:218:27: extraneous input '(' expecting {'\lemma', '}', IDENT, '/*!'} [@1410,6159:6159='(',<146>,218:27] (rulesOrAxioms, decls, file) 
302752     WARN  Test worker     d.u.i.k.n.KeYParser       [syntax-error] file:/home/runner/work/key/key/key.core/build/resources/main/de/uka/ilkd/key/proof/rules/ifThenElseRules.key:218:31: mismatched input ')' expecting {'(', '{'} [@1412,6163:6163=')',<147>,218:31] (taclet, rulesOrAxioms, decls, file) 
302752     WARN  Test worker     d.u.i.k.n.KeYParser       [syntax-error] file:/home/runner/work/key/key/key.core/build/resources/main/de/uka/ilkd/key/proof/rules/ifThenElseRules.key:220:44: mismatched input ')' expecting {'(', '{'} [@1444,6275:6275=')',<147>,220:44] (taclet, rulesOrAxioms, decls, file) 
302752     WARN  Test worker     d.u.i.k.n.KeYParser       [syntax-error] file:/home/runner/work/key/key/key.core/build/resources/main/de/uka/ilkd/key/proof/rules/ifThenElseRules.key:225:14: mismatched input '\ifExintVar' expecting {MODALITY, FORALL, EXISTS, '\if', '\ifEx', 'true', 'false', '(', '{', '@', NOT, SEQARROW, '-', STRING_LITERAL, CHAR_LITERAL, BIN_LITERAL, HEX_LITERAL, IDENT, INT_LITERAL, FLOAT_LITERAL, DOUBLE_LITERAL, REAL_LITERAL} [@1471,6389:6399='\ifExintVar',<188>,225:14] (termorseq, taclet, rulesOrAxioms, decls, file) 
302752     WARN  Test worker     d.u.i.k.n.KeYParser       [syntax-error] file:/home/runner/work/key/key/key.core/build/resources/main/de/uka/ilkd/key/proof/rules/ifThenElseRules.key:225:27: extraneous input '(' expecting {'\lemma', '}', IDENT, '/*!'} [@1474,6402:6402='(',<146>,225:27] (rulesOrAxioms, decls, file) 
302752     WARN  Test worker     d.u.i.k.n.KeYParser       [syntax-error] file:/home/runner/work/key/key/key.core/build/resources/main/de/uka/ilkd/key/proof/rules/ifThenElseRules.key:225:31: mismatched input ')' expecting {'(', '{'} [@1476,6406:6406=')',<147>,225:31] (taclet, rulesOrAxioms, decls, file) 
302752     WARN  Test worker     d.u.i.k.n.KeYParser       [syntax-error] file:/home/runner/work/key/key/key.core/build/resources/main/de/uka/ilkd/key/proof/rules/ifThenElseRules.key:227:44: mismatched input ')' expecting {'(', '{'} [@1508,6509:6509=')',<147>,227:44] (taclet, rulesOrAxioms, decls, file) 
302752     WARN  Test worker     d.u.i.k.n.KeYParser       [syntax-error] file:/home/runner/work/key/key/key.core/build/resources/main/de/uka/ilkd/key/proof/rules/ifThenElseRules.key:233:14: mismatched input '\ifExintVar' expecting {MODALITY, FORALL, EXISTS, '\if', '\ifEx', 'true', 'false', '(', '{', '@', NOT, SEQARROW, '-', STRING_LITERAL, CHAR_LITERAL, BIN_LITERAL, HEX_LITERAL, IDENT, INT_LITERAL, FLOAT_LITERAL, DOUBLE_LITERAL, REAL_LITERAL} [@1539,6656:6666='\ifExintVar',<188>,233:14] (termorseq, taclet, rulesOrAxioms, decls, file) 
302752     WARN  Test worker     d.u.i.k.n.KeYParser       [syntax-error] file:/home/runner/work/key/key/key.core/build/resources/main/de/uka/ilkd/key/proof/rules/ifThenElseRules.key:233:27: extraneous input '(' expecting {'\lemma', '}', IDENT, '/*!'} [@1542,6669:6669='(',<146>,233:27] (rulesOrAxioms, decls, file) 
302752     WARN  Test worker     d.u.i.k.n.KeYParser       [syntax-error] file:/home/runner/work/key/key/key.core/build/resources/main/de/uka/ilkd/key/proof/rules/ifThenElseRules.key:233:31: mismatched input ')' expecting {'(', '{'} [@1544,6673:6673=')',<147>,233:31] (taclet, rulesOrAxioms, decls, file) 
302752     WARN  Test worker     d.u.i.k.n.KeYParser       [syntax-error] file:/home/runner/work/key/key/key.core/build/resources/main/de/uka/ilkd/key/proof/rules/ifThenElseRules.key:237:42: mismatched input '}' expecting {'(', '{'} [@1586,6850:6850='}',<149>,237:42] (taclet, rulesOrAxioms, decls, file) 
302752     WARN  Test worker     d.u.i.k.n.KeYParser       [syntax-error] file:/home/runner/work/key/key/key.core/build/resources/main/de/uka/ilkd/key/proof/rules/ifThenElseRules.key:238:34: mismatched input '}' expecting {'(', '{'} [@1599,6891:6891='}',<149>,238:34] (taclet, rulesOrAxioms, decls, file) 
302752     WARN  Test worker     d.u.i.k.n.KeYParser       [syntax-error] file:/home/runner/work/key/key/key.core/build/resources/main/de/uka/ilkd/key/proof/rules/ifThenElseRules.key:239:28: extraneous input '(' expecting {'\lemma', '}', IDENT, '/*!'} [@1608,6925:6925='(',<146>,239:28] (rulesOrAxioms, decls, file) 
302752     WARN  Test worker     d.u.i.k.n.KeYParser       [syntax-error] file:/home/runner/work/key/key/key.core/build/resources/main/de/uka/ilkd/key/proof/rules/ifThenElseRules.key:239:33: mismatched input '->' expecting {'(', '{'} [@1611,6930:6931='->',<158>,239:33] (taclet, rulesOrAxioms, decls, file) 
302752     WARN  Test worker     d.u.i.k.n.KeYParser       [syntax-error] file:/home/runner/work/key/key/key.core/build/resources/main/de/uka/ilkd/key/proof/rules/ifThenElseRules.key:240:8: extraneous input '\replacewith' expecting {'\lemma', '}', IDENT, '/*!'} [@1626,6979:6990='\replacewith',<105>,240:8] (rulesOrAxioms, decls, file) 
302752     WARN  Test worker     d.u.i.k.n.KeYParser       [syntax-error] file:/home/runner/work/key/key/key.core/build/resources/main/de/uka/ilkd/key/proof/rules/ifThenElseRules.key:240:25: mismatched input ')' expecting {'(', '{'} [@1629,6996:6996=')',<147>,240:25] (taclet, rulesOrAxioms, decls, file) 
302752     WARN  Test worker     d.u.i.k.n.KeYParser       [syntax-error] file:/home/runner/work/key/key/key.core/build/resources/main/de/uka/ilkd/key/proof/rules/ifThenElseRules.key:240:56: mismatched input ')' expecting {'(', '{'} [@1642,7027:7027=')',<147>,240:56] (taclet, rulesOrAxioms, decls, file) 
302752     WARN  Test worker     d.u.i.k.n.KeYParser       [syntax-error] file:/home/runner/work/key/key/key.core/build/resources/main/de/uka/ilkd/key/proof/rules/ifThenElseRules.key:245:14: mismatched input '\ifExintVar' expecting {MODALITY, FORALL, EXISTS, '\if', '\ifEx', 'true', 'false', '(', '{', '@', NOT, SEQARROW, '-', STRING_LITERAL, CHAR_LITERAL, BIN_LITERAL, HEX_LITERAL, IDENT, INT_LITERAL, FLOAT_LITERAL, DOUBLE_LITERAL, REAL_LITERAL} [@1658,7109:7119='\ifExintVar',<188>,245:14] (termorseq, taclet, rulesOrAxioms, decls, file) 
302752     WARN  Test worker     d.u.i.k.n.KeYParser       [syntax-error] file:/home/runner/work/key/key/key.core/build/resources/main/de/uka/ilkd/key/proof/rules/ifThenElseRules.key:245:27: extraneous input '(' expecting {'\lemma', '}', IDENT, '/*!'} [@1661,7122:7122='(',<146>,245:27] (rulesOrAxioms, decls, file) 
302752     WARN  Test worker     d.u.i.k.n.KeYParser       [syntax-error] file:/home/runner/work/key/key/key.core/build/resources/main/de/uka/ilkd/key/proof/rules/ifThenElseRules.key:245:31: mismatched input ')' expecting {'(', '{'} [@1663,7126:7126=')',<147>,245:31] (taclet, rulesOrAxioms, decls, file) 
302752     WARN  Test worker     d.u.i.k.n.KeYParser       [syntax-error] file:/home/runner/work/key/key/key.core/build/resources/main/de/uka/ilkd/key/proof/rules/ifThenElseRules.key:248:45: mismatched input '}' expecting {'(', '{'} [@1696,7268:7268='}',<149>,248:45] (taclet, rulesOrAxioms, decls, file) 
302752     WARN  Test worker     d.u.i.k.n.KeYParser       [syntax-error] file:/home/runner/work/key/key/key.core/build/resources/main/de/uka/ilkd/key/proof/rules/ifThenElseRules.key:249:8: extraneous input '\replacewith' expecting {'\lemma', '}', IDENT, '/*!'} [@1701,7284:7295='\replacewith',<105>,249:8] (rulesOrAxioms, decls, file) 
302752     WARN  Test worker     d.u.i.k.n.KeYParser       [syntax-error] file:/home/runner/work/key/key/key.core/build/resources/main/de/uka/ilkd/key/proof/rules/ifThenElseRules.key:249:38: mismatched input ')' expecting {'(', '{'} [@1708,7314:7314=')',<147>,249:38] (taclet, rulesOrAxioms, decls, file) 
302752     WARN  Test worker     d.u.i.k.n.KeYParser       [syntax-error] file:/home/runner/work/key/key/key.core/build/resources/main/de/uka/ilkd/key/proof/rules/ifThenElseRules.key:250:42: mismatched input '}' expecting {'(', '{'} [@1731,7381:7381='}',<149>,250:42] (taclet, rulesOrAxioms, decls, file) 
302752     WARN  Test worker     d.u.i.k.n.KeYParser       [syntax-error] file:/home/runner/work/key/key/key.core/build/resources/main/de/uka/ilkd/key/proof/rules/ifThenElseRules.key:251:28: extraneous input '(' expecting {'\lemma', '}', IDENT, '/*!'} [@1741,7416:7416='(',<146>,251:28] (rulesOrAxioms, decls, file) 
302752     WARN  Test worker     d.u.i.k.n.KeYParser       [syntax-error] file:/home/runner/work/key/key/key.core/build/resources/main/de/uka/ilkd/key/proof/rules/ifThenElseRules.key:251:33: mismatched input '->' expecting {'(', '{'} [@1744,7421:7422='->',<158>,251:33] (taclet, rulesOrAxioms, decls, file) 
302752     WARN  Test worker     d.u.i.k.n.KeYParser       [syntax-error] file:/home/runner/work/key/key/key.core/build/resources/main/de/uka/ilkd/key/proof/rules/ifThenElseRules.key:255:14: mismatched input '\ifExintVar' expecting {MODALITY, FORALL, EXISTS, '\if', '\ifEx', 'true', 'false', '(', '{', '@', NOT, SEQARROW, '-', STRING_LITERAL, CHAR_LITERAL, BIN_LITERAL, HEX_LITERAL, IDENT, INT_LITERAL, FLOAT_LITERAL, DOUBLE_LITERAL, REAL_LITERAL} [@1765,7506:7516='\ifExintVar',<188>,255:14] (termorseq, taclet, rulesOrAxioms, decls, file) 
302752     WARN  Test worker     d.u.i.k.n.KeYParser       [syntax-error] file:/home/runner/work/key/key/key.core/build/resources/main/de/uka/ilkd/key/proof/rules/ifThenElseRules.key:255:27: extraneous input '(' expecting {'\lemma', '}', IDENT, '/*!'} [@1768,7519:7519='(',<146>,255:27] (rulesOrAxioms, decls, file) 
302752     WARN  Test worker     d.u.i.k.n.KeYParser       [syntax-error] file:/home/runner/work/key/key/key.core/build/resources/main/de/uka/ilkd/key/proof/rules/ifThenElseRules.key:255:31: mismatched input ')' expecting {'(', '{'} [@1770,7523:7523=')',<147>,255:31] (taclet, rulesOrAxioms, decls, file) 
302752     WARN  Test worker     d.u.i.k.n.KeYParser       [syntax-error] file:/home/runner/work/key/key/key.core/build/resources/main/de/uka/ilkd/key/proof/rules/ifThenElseRules.key:258:52: extraneous input '0' expecting {'\lemma', '}', IDENT, '/*!'} [@1809,7667:7667='0',<184>,258:52] (rulesOrAxioms, decls, file) 
302752     WARN  Test worker     d.u.i.k.n.KeYParser       [syntax-error] file:/home/runner/work/key/key/key.core/build/resources/main/de/uka/ilkd/key/proof/rules/ifThenElseRules.key:258:54: mismatched input 'then' expecting {<EOF>, '\problem', '\chooseContract', '\proofObligation', '\proof'} [@1811,7669:7672='then',<183>,258:54] (file) 
302753     ERROR Test worker     d.u.i.k.s.n.MasterHandlerTest Error reading /home/runner/work/key/key/key.core/build/resources/test/de/uka/ilkd/key/smt/newsmt2/cases/bool3.props de.uka.ilkd.key.proof.io.ProblemLoaderException: line 135:14 mismatched input '\ifExintVar' expecting {MODALITY, FORALL, EXISTS, '\if', '\ifEx', 'true', 'false', '(', '{', '@', NOT, SEQARROW, '-', STRING_LITERAL, CHAR_LITERAL, BIN_LITERAL, HEX_LITERAL, IDENT, INT_LITERAL, FLOAT_LITERAL, DOUBLE_LITERAL, REAL_LITERAL}
line 135:27 extraneous input '(' expecting {'\lemma', '}', IDENT, '/*!'}
line 135:44 mismatched input ')' expecting {'(', '{'}
line 141:14 mismatched input '\ifExintVar' expecting {MODALITY, FORALL, EXISTS, '\if', '\ifEx', 'true', 'false', '(', '{', '@', NOT, SEQARROW, '-', STRING_LITERAL, CHAR_LITERAL, BIN_LITERAL, HEX_LITERAL, IDENT, INT_LITERAL, FLOAT_LITERAL, DOUBLE_LITERAL, REAL_LITERAL}
line 141:27 extraneous input '(' expecting {'\lemma', '}', IDENT, '/*!'}
line 141:41 mismatched input ')' expecting {'(', '{'}
line 148:14 mismatched input '\ifExintVar' expecting {MODALITY, FORALL, EXISTS, '\if', '\ifEx', 'true', 'false', '(', '{', '@', NOT, SEQARROW, '-', STRING_LITERAL, CHAR_LITERAL, BIN_LITERAL, HEX_LITERAL, IDENT, INT_LITERAL, FLOAT_LITERAL, DOUBLE_LITERAL, REAL_LITERAL}
line 148:27 extraneous input '(' expecting {'\lemma', '}', IDENT, '/*!'}
line 148:35 mismatched input '=' expecting {'(', '{'}
line 150:38 mismatched input '}' expecting {'(', '{'}
line 155:14 mismatched input '\ifExintVar' expecting {MODALITY, FORALL, EXISTS, '\if', '\ifEx', 'true', 'false', '(', '{', '@', NOT, SEQARROW, '-', STRING_LITERAL, CHAR_LITERAL, BIN_LITERAL, HEX_LITERAL, IDENT, INT_LITERAL, FLOAT_LITERAL, DOUBLE_LITERAL, REAL_LITERAL}
line 155:27 extraneous input '(' expecting {'\lemma', '}', IDENT, '/*!'}
line 155:35 mismatched input '=' expecting {'(', '{'}
line 157:38 mismatched input '}' expecting {'(', '{'}
line 163:14 mismatched input '\ifExintVar' expecting {MODALITY, FORALL, EXISTS, '\if', '\ifEx', 'true', 'false', '(', '{', '@', NOT, SEQARROW, '-', STRING_LITERAL, CHAR_LITERAL, BIN_LITERAL, HEX_LITERAL, IDENT, INT_LITERAL, FLOAT_LITERAL, DOUBLE_LITERAL, REAL_LITERAL}
line 163:27 extraneous input '(' expecting {'\lemma', '}', IDENT, '/*!'}
line 163:30 mismatched input '=' expecting {'(', '{'}
line 165:38 mismatched input '}' expecting {'(', '{'}
line 171:14 mismatched input '\ifExintVar' expecting {MODALITY, FORALL, EXISTS, '\if', '\ifEx', 'true', 'false', '(', '{', '@', NOT, SEQARROW, '-', STRING_LITERAL, CHAR_LITERAL, BIN_LITERAL, HEX_LITERAL, IDENT, INT_LITERAL, FLOAT_LITERAL, DOUBLE_LITERAL, REAL_LITERAL}
line 171:27 extraneous input '(' expecting {'\lemma', '}', IDENT, '/*!'}
line 171:30 mismatched input '=' expecting {'(', '{'}
line 173:38 mismatched input '}' expecting {'(', '{'}
line 179:14 mismatched input '\ifExintVar' expecting {MODALITY, FORALL, EXISTS, '\if', '\ifEx', 'true', 'false', '(', '{', '@', NOT, SEQARROW, '-', STRING_LITERAL, CHAR_LITERAL, BIN_LITERAL, HEX_LITERAL, IDENT, INT_LITERAL, FLOAT_LITERAL, DOUBLE_LITERAL, REAL_LITERAL}
line 179:27 extraneous input '(' expecting {'\lemma', '}', IDENT, '/*!'}
line 179:32 mismatched input '&' expecting {'(', '{'}
line 181:42 mismatched input '}' expecting {'(', '{'}
line 182:39 mismatched input '}' expecting {'(', '{'}
line 188:14 mismatched input '\ifExintVar' expecting {MODALITY, FORALL, EXISTS, '\if', '\ifEx', 'true', 'false', '(', '{', '@', NOT, SEQARROW, '-', STRING_LITERAL, CHAR_LITERAL, BIN_LITERAL, HEX_LITERAL, IDENT, INT_LITERAL, FLOAT_LITERAL, DOUBLE_LITERAL, REAL_LITERAL}
line 188:27 extraneous input '(' expecting {'\lemma', '}', IDENT, '/*!'}
line 188:32 mismatched input '&' expecting {'(', '{'}
line 190:42 mismatched input '}' expecting {'(', '{'}
line 191:39 mismatched input '}' expecting {'(', '{'}
line 198:14 mismatched input '\ifExintVar' expecting {MODALITY, FORALL, EXISTS, '\if', '\ifEx', 'true', 'false', '(', '{', '@', NOT, SEQARROW, '-', STRING_LITERAL, CHAR_LITERAL, BIN_LITERAL, HEX_LITERAL, IDENT, INT_LITERAL, FLOAT_LITERAL, DOUBLE_LITERAL, REAL_LITERAL}
line 198:27 extraneous input '(' expecting {'\lemma', '}', IDENT, '/*!'}
line 198:32 mismatched input '&' expecting {'(', '{'}
line 200:42 mismatched input '}' expecting {'(', '{'}
line 201:39 mismatched input '}' expecting {'(', '{'}
line 208:14 mismatched input '\ifExintVar' expecting {MODALITY, FORALL, EXISTS, '\if', '\ifEx', 'true', 'false', '(', '{', '@', NOT, SEQARROW, '-', STRING_LITERAL, CHAR_LITERAL, BIN_LITERAL, HEX_LITERAL, IDENT, INT_LITERAL, FLOAT_LITERAL, DOUBLE_LITERAL, REAL_LITERAL}
line 208:27 extraneous input '(' expecting {'\lemma', '}', IDENT, '/*!'}
line 208:32 mismatched input '&' expecting {'(', '{'}
line 210:42 mismatched input '}' expecting {'(', '{'}
line 211:39 mismatched input '}' expecting {'(', '{'}
line 218:14 mismatched input '\ifExintVar' expecting {MODALITY, FORALL, EXISTS, '\if', '\ifEx', 'true', 'false', '(', '{', '@', NOT, SEQARROW, '-', STRING_LITERAL, CHAR_LITERAL, BIN_LITERAL, HEX_LITERAL, IDENT, INT_LITERAL, FLOAT_LITERAL, DOUBLE_LITERAL, REAL_LITERAL}
line 218:27 extraneous input '(' expecting {'\lemma', '}', IDENT, '/*!'}
line 218:31 mismatched input ')' expecting {'(', '{'}
line 220:44 mismatched input ')' expecting {'(', '{'}
line 225:14 mismatched input '\ifExintVar' expecting {MODALITY, FORALL, EXISTS, '\if', '\ifEx', 'true', 'false', '(', '{', '@', NOT, SEQARROW, '-', STRING_LITERAL, CHAR_LITERAL, BIN_LITERAL, HEX_LITERAL, IDENT, INT_LITERAL, FLOAT_LITERAL, DOUBLE_LITERAL, REAL_LITERAL}
line 225:27 extraneous input '(' expecting {'\lemma', '}', IDENT, '/*!'}
line 225:31 mismatched input ')' expecting {'(', '{'}
line 227:44 mismatched input ')' expecting {'(', '{'}
line 233:14 mismatched input '\ifExintVar' expecting {MODALITY, FORALL, EXISTS, '\if', '\ifEx', 'true', 'false', '(', '{', '@', NOT, SEQARROW, '-', STRING_LITERAL, CHAR_LITERAL, BIN_LITERAL, HEX_LITERAL, IDENT, INT_LITERAL, FLOAT_LITERAL, DOUBLE_LITERAL, REAL_LITERAL}
line 233:27 extraneous input '(' expecting {'\lemma', '}', IDENT, '/*!'}
line 233:31 mismatched input ')' expecting {'(', '{'}
line 237:42 mismatched input '}' expecting {'(', '{'}
line 238:34 mismatched input '}' expecting {'(', '{'}
line 239:28 extraneous input '(' expecting {'\lemma', '}', IDENT, '/*!'}
line 239:33 mismatched input '->' expecting {'(', '{'}
line 240:8 extraneous input '\replacewith' expecting {'\lemma', '}', IDENT, '/*!'}
line 240:25 mismatched input ')' expecting {'(', '{'}
line 240:56 mismatched input ')' expecting {'(', '{'}
line 245:14 mismatched input '\ifExintVar' expecting {MODALITY, FORALL, EXISTS, '\if', '\ifEx', 'true', 'false', '(', '{', '@', NOT, SEQARROW, '-', STRING_LITERAL, CHAR_LITERAL, BIN_LITERAL, HEX_LITERAL, IDENT, INT_LITERAL, FLOAT_LITERAL, DOUBLE_LITERAL, REAL_LITERAL}
line 245:27 extraneous input '(' expecting {'\lemma', '}', IDENT, '/*!'}
line 245:31 mismatched input ')' expecting {'(', '{'}
line 248:45 mismatched input '}' expecting {'(', '{'}
line 249:8 extraneous input '\replacewith' expecting {'\lemma', '}', IDENT, '/*!'}
line 249:38 mismatched input ')' expecting {'(', '{'}
line 250:42 mismatched input '}' expecting {'(', '{'}
line 251:28 extraneous input '(' expecting {'\lemma', '}', IDENT, '/*!'}
line 251:33 mismatched input '->' expecting {'(', '{'}
line 255:14 mismatched input '\ifExintVar' expecting {MODALITY, FORALL, EXISTS, '\if', '\ifEx', 'true', 'false', '(', '{', '@', NOT, SEQARROW, '-', STRING_LITERAL, CHAR_LITERAL, BIN_LITERAL, HEX_LITERAL, IDENT, INT_LITERAL, FLOAT_LITERAL, DOUBLE_LITERAL, REAL_LITERAL}
line 255:27 extraneous input '(' expecting {'\lemma', '}', IDENT, '/*!'}
line 255:31 mismatched input ')' expecting {'(', '{'}
line 258:52 extraneous input '0' expecting {'\lemma', '}', IDENT, '/*!'}
line 258:54 mismatched input 'then' expecting {<EOF>, '\problem', '\chooseContract', '\proofObligation', '\proof'}

	at de.uka.ilkd.key.control.AbstractUserInterfaceControl.load(AbstractUserInterfaceControl.java:221)
Caused by: de.uka.ilkd.key.proof.init.ProofInputException: line 135:14 mismatched input '\ifExintVar' expecting {MODALITY, FORALL, EXISTS, '\if', '\ifEx', 'true', 'false', '(', '{', '@', NOT, SEQARROW, '-', STRING_LITERAL, CHAR_LITERAL, BIN_LITERAL, HEX_LITERAL, IDENT, INT_LITERAL, FLOAT_LITERAL, DOUBLE_LITERAL, REAL_LITERAL}
line 135:27 extraneous input '(' expecting {'\lemma', '}', IDENT, '/*!'}
line 135:44 mismatched input ')' expecting {'(', '{'}
line 141:14 mismatched input '\ifExintVar' expecting {MODALITY, FORALL, EXISTS, '\if', '\ifEx', 'true', 'false', '(', '{', '@', NOT, SEQARROW, '-', STRING_LITERAL, CHAR_LITERAL, BIN_LITERAL, HEX_LITERAL, IDENT, INT_LITERAL, FLOAT_LITERAL, DOUBLE_LITERAL, REAL_LITERAL}
line 141:27 extraneous input '(' expecting {'\lemma', '}', IDENT, '/*!'}
line 141:41 mismatched input ')' expecting {'(', '{'}
line 148:14 mismatched input '\ifExintVar' expecting {MODALITY, FORALL, EXISTS, '\if', '\ifEx', 'true', 'false', '(', '{', '@', NOT, SEQARROW, '-', STRING_LITERAL, CHAR_LITERAL, BIN_LITERAL, HEX_LITERAL, IDENT, INT_LITERAL, FLOAT_LITERAL, DOUBLE_LITERAL, REAL_LITERAL}
line 148:27 extraneous input '(' expecting {'\lemma', '}', IDENT, '/*!'}
line 148:35 mismatched input '=' expecting {'(', '{'}
line 150:38 mismatched input '}' expecting {'(', '{'}
line 155:14 mismatched input '\ifExintVar' expecting {MODALITY, FORALL, EXISTS, '\if', '\ifEx', 'true', 'false', '(', '{', '@', NOT, SEQARROW, '-', STRING_LITERAL, CHAR_LITERAL, BIN_LITERAL, HEX_LITERAL, IDENT, INT_LITERAL, FLOAT_LITERAL, DOUBLE_LITERAL, REAL_LITERAL}
line 155:27 extraneous input '(' expecting {'\lemma', '}', IDENT, '/*!'}
line 155:35 mismatched input '=' expecting {'(', '{'}
line 157:38 mismatched input '}' expecting {'(', '{'}
line 163:14 mismatched input '\ifExintVar' expecting {MODALITY, FORALL, EXISTS, '\if', '\ifEx', 'true', 'false', '(', '{', '@', NOT, SEQARROW, '-', STRING_LITERAL, CHAR_LITERAL, BIN_LITERAL, HEX_LITERAL, IDENT, INT_LITERAL, FLOAT_LITERAL, DOUBLE_LITERAL, REAL_LITERAL}
line 163:27 extraneous input '(' expecting {'\lemma', '}', IDENT, '/*!'}
line 163:30 mismatched input '=' expecting {'(', '{'}
line 165:38 mismatched input '}' expecting {'(', '{'}
line 171:14 mismatched input '\ifExintVar' expecting {MODALITY, FORALL, EXISTS, '\if', '\ifEx', 'true', 'false', '(', '{', '@', NOT, SEQARROW, '-', STRING_LITERAL, CHAR_LITERAL, BIN_LITERAL, HEX_LITERAL, IDENT, INT_LITERAL, FLOAT_LITERAL, DOUBLE_LITERAL, REAL_LITERAL}
line 171:27 extraneous input '(' expecting {'\lemma', '}', IDENT, '/*!'}
line 171:30 mismatched input '=' expecting {'(', '{'}
line 173:38 mismatched input '}' expecting {'(', '{'}
line 179:14 mismatched input '\ifExintVar' expecting {MODALITY, FORALL, EXISTS, '\if', '\ifEx', 'true', 'false', '(', '{', '@', NOT, SEQARROW, '-', STRING_LITERAL, CHAR_LITERAL, BIN_LITERAL, HEX_LITERAL, IDENT, INT_LITERAL, FLOAT_LITERAL, DOUBLE_LITERAL, REAL_LITERAL}
line 179:27 extraneous input '(' expecting {'\lemma', '}', IDENT, '/*!'}
line 179:32 mismatched input '&' expecting {'(', '{'}
line 181:42 mismatched input '}' expecting {'(', '{'}
line 182:39 mismatched input '}' expecting {'(', '{'}
line 188:14 mismatched input '\ifExintVar' expecting {MODALITY, FORALL, EXISTS, '\if', '\ifEx', 'true', 'false', '(', '{', '@', NOT, SEQARROW, '-', STRING_LITERAL, CHAR_LITERAL, BIN_LITERAL, HEX_LITERAL, IDENT, INT_LITERAL, FLOAT_LITERAL, DOUBLE_LITERAL, REAL_LITERAL}
line 188:27 extraneous input '(' expecting {'\lemma', '}', IDENT, '/*!'}
line 188:32 mismatched input '&' expecting {'(', '{'}
line 190:42 mismatched input '}' expecting {'(', '{'}
line 191:39 mismatched input '}' expecting {'(', '{'}
line 198:14 mismatched input '\ifExintVar' expecting {MODALITY, FORALL, EXISTS, '\if', '\ifEx', 'true', 'false', '(', '{', '@', NOT, SEQARROW, '-', STRING_LITERAL, CHAR_LITERAL, BIN_LITERAL, HEX_LITERAL, IDENT, INT_LITERAL, FLOAT_LITERAL, DOUBLE_LITERAL, REAL_LITERAL}
line 198:27 extraneous input '(' expecting {'\lemma', '}', IDENT, '/*!'}
line 198:32 mismatched input '&' expecting {'(', '{'}
line 200:42 mismatched input '}' expecting {'(', '{'}
line 201:39 mismatched input '}' expecting {'(', '{'}
line 208:14 mismatched input '\ifExintVar' expecting {MODALITY, FORALL, EXISTS, '\if', '\ifEx', 'true', 'false', '(', '{', '@', NOT, SEQARROW, '-', STRING_LITERAL, CHAR_LITERAL, BIN_LITERAL, HEX_LITERAL, IDENT, INT_LITERAL, FLOAT_LITERAL, DOUBLE_LITERAL, REAL_LITERAL}
line 208:27 extraneous input '(' expecting {'\lemma', '}', IDENT, '/*!'}
line 208:32 mismatched input '&' expecting {'(', '{'}
line 210:42 mismatched input '}' expecting {'(', '{'}
line 211:39 mismatched input '}' expecting {'(', '{'}
line 218:14 mismatched input '\ifExintVar' expecting {MODALITY, FORALL, EXISTS, '\if', '\ifEx', 'true', 'false', '(', '{', '@', NOT, SEQARROW, '-', STRING_LITERAL, CHAR_LITERAL, BIN_LITERAL, HEX_LITERAL, IDENT, INT_LITERAL, FLOAT_LITERAL, DOUBLE_LITERAL, REAL_LITERAL}
line 218:27 extraneous input '(' expecting {'\lemma', '}', IDENT, '/*!'}
line 218:31 mismatched input ')' expecting {'(', '{'}
line 220:44 mismatched input ')' expecting {'(', '{'}
line 225:14 mismatched input '\ifExintVar' expecting {MODALITY, FORALL, EXISTS, '\if', '\ifEx', 'true', 'false', '(', '{', '@', NOT, SEQARROW, '-', STRING_LITERAL, CHAR_LITERAL, BIN_LITERAL, HEX_LITERAL, IDENT, INT_LITERAL, FLOAT_LITERAL, DOUBLE_LITERAL, REAL_LITERAL}
line 225:27 extraneous input '(' expecting {'\lemma', '}', IDENT, '/*!'}
line 225:31 mismatched input ')' expecting {'(', '{'}
line 227:44 mismatched input ')' expecting {'(', '{'}
line 233:14 mismatched input '\ifExintVar' expecting {MODALITY, FORALL, EXISTS, '\if', '\ifEx', 'true', 'false', '(', '{', '@', NOT, SEQARROW, '-', STRING_LITERAL, CHAR_LITERAL, BIN_LITERAL, HEX_LITERAL, IDENT, INT_LITERAL, FLOAT_LITERAL, DOUBLE_LITERAL, REAL_LITERAL}
line 233:27 extraneous input '(' expecting {'\lemma', '}', IDENT, '/*!'}
line 233:31 mismatched input ')' expecting {'(', '{'}
line 237:42 mismatched input '}' expecting {'(', '{'}
line 238:34 mismatched input '}' expecting {'(', '{'}
line 239:28 extraneous input '(' expecting {'\lemma', '}', IDENT, '/*!'}
line 239:33 mismatched input '->' expecting {'(', '{'}
line 240:8 extraneous input '\replacewith' expecting {'\lemma', '}', IDENT, '/*!'}
line 240:25 mismatched input ')' expecting {'(', '{'}
line 240:56 mismatched input ')' expecting {'(', '{'}
line 245:14 mismatched input '\ifExintVar' expecting {MODALITY, FORALL, EXISTS, '\if', '\ifEx', 'true', 'false', '(', '{', '@', NOT, SEQARROW, '-', STRING_LITERAL, CHAR_LITERAL, BIN_LITERAL, HEX_LITERAL, IDENT, INT_LITERAL, FLOAT_LITERAL, DOUBLE_LITERAL, REAL_LITERAL}
line 245:27 extraneous input '(' expecting {'\lemma', '}', IDENT, '/*!'}
line 245:31 mismatched input ')' expecting {'(', '{'}
line 248:45 mismatched input '}' expecting {'(', '{'}
line 249:8 extraneous input '\replacewith' expecting {'\lemma', '}', IDENT, '/*!'}
line 249:38 mismatched input ')' expecting {'(', '{'}
line 250:42 mismatched input '}' expecting {'(', '{'}
line 251:28 extraneous input '(' expecting {'\lemma', '}', IDENT, '/*!'}
line 251:33 mismatched input '->' expecting {'(', '{'}
line 255:14 mismatched input '\ifExintVar' expecting {MODALITY, FORALL, EXISTS, '\if', '\ifEx', 'true', 'false', '(', '{', '@', NOT, SEQARROW, '-', STRING_LITERAL, CHAR_LITERAL, BIN_LITERAL, HEX_LITERAL, IDENT, INT_LITERAL, FLOAT_LITERAL, DOUBLE_LITERAL, REAL_LITERAL}
line 255:27 extraneous input '(' expecting {'\lemma', '}', IDENT, '/*!'}
line 255:31 mismatched input ')' expecting {'(', '{'}
line 258:52 extraneous input '0' expecting {'\lemma', '}', IDENT, '/*!'}
line 258:54 mismatched input 'then' expecting {<EOF>, '\problem', '\chooseContract', '\proofObligation', '\proof'}

	at de.uka.ilkd.key.proof.io.KeYFile.readIncludes(KeYFile.java:210)
Caused by: de.uka.ilkd.key.util.parsing.SyntaxErrorReporter$ParserException: line 135:14 mismatched input '\ifExintVar' expecting {MODALITY, FORALL, EXISTS, '\if', '\ifEx', 'true', 'false', '(', '{', '@', NOT, SEQARROW, '-', STRING_LITERAL, CHAR_LITERAL, BIN_LITERAL, HEX_LITERAL, IDENT, INT_LITERAL, FLOAT_LITERAL, DOUBLE_LITERAL, REAL_LITERAL}
line 135:27 extraneous input '(' expecting {'\lemma', '}', IDENT, '/*!'}
line 135:44 mismatched input ')' expecting {'(', '{'}
line 141:14 mismatched input '\ifExintVar' expecting {MODALITY, FORALL, EXISTS, '\if', '\ifEx', 'true', 'false', '(', '{', '@', NOT, SEQARROW, '-', STRING_LITERAL, CHAR_LITERAL, BIN_LITERAL, HEX_LITERAL, IDENT, INT_LITERAL, FLOAT_LITERAL, DOUBLE_LITERAL, REAL_LITERAL}
line 141:27 extraneous input '(' expecting {'\lemma', '}', IDENT, '/*!'}
line 141:41 mismatched input ')' expecting {'(', '{'}
line 148:14 mismatched input '\ifExintVar' expecting {MODALITY, FORALL, EXISTS, '\if', '\ifEx', 'true', 'false', '(', '{', '@', NOT, SEQARROW, '-', STRING_LITERAL, CHAR_LITERAL, BIN_LITERAL, HEX_LITERAL, IDENT, INT_LITERAL, FLOAT_LITERAL, DOUBLE_LITERAL, REAL_LITERAL}
line 148:27 extraneous input '(' expecting {'\lemma', '}', IDENT, '/*!'}
line 148:35 mismatched input '=' expecting {'(', '{'}
line 150:38 mismatched input '}' expecting {'(', '{'}
line 155:14 mismatched input '\ifExintVar' expecting {MODALITY, FORALL, EXISTS, '\if', '\ifEx', 'true', 'false', '(', '{', '@', NOT, SEQARROW, '-', STRING_LITERAL, CHAR_LITERAL, BIN_LITERAL, HEX_LITERAL, IDENT, INT_LITERAL, FLOAT_LITERAL, DOUBLE_LITERAL, REAL_LITERAL}
line 155:27 extraneous input '(' expecting {'\lemma', '}', IDENT, '/*!'}
line 155:35 mismatched input '=' expecting {'(', '{'}
line 157:38 mismatched input '}' expecting {'(', '{'}
line 163:14 mismatched input '\ifExintVar' expecting {MODALITY, FORALL, EXISTS, '\if', '\ifEx', 'true', 'false', '(', '{', '@', NOT, SEQARROW, '-', STRING_LITERAL, CHAR_LITERAL, BIN_LITERAL, HEX_LITERAL, IDENT, INT_LITERAL, FLOAT_LITERAL, DOUBLE_LITERAL, REAL_LITERAL}
line 163:27 extraneous input '(' expecting {'\lemma', '}', IDENT, '/*!'}
line 163:30 mismatched input '=' expecting {'(', '{'}
line 165:38 mismatched input '}' expecting {'(', '{'}
line 171:14 mismatched input '\ifExintVar' expecting {MODALITY, FORALL, EXISTS, '\if', '\ifEx', 'true', 'false', '(', '{', '@', NOT, SEQARROW, '-', STRING_LITERAL, CHAR_LITERAL, BIN_LITERAL, HEX_LITERAL, IDENT, INT_LITERAL, FLOAT_LITERAL, DOUBLE_LITERAL, REAL_LITERAL}
line 171:27 extraneous input '(' expecting {'\lemma', '}', IDENT, '/*!'}
line 171:30 mismatched input '=' expecting {'(', '{'}
line 173:38 mismatched input '}' expecting {'(', '{'}
line 179:14 mismatched input '\ifExintVar' expecting {MODALITY, FORALL, EXISTS, '\if', '\ifEx', 'true', 'false', '(', '{', '@', NOT, SEQARROW, '-', STRING_LITERAL, CHAR_LITERAL, BIN_LITERAL, HEX_LITERAL, IDENT, INT_LITERAL, FLOAT_LITERAL, DOUBLE_LITERAL, REAL_LITERAL}
line 179:27 extraneous input '(' expecting {'\lemma', '}', IDENT, '/*!'}
line 179:32 mismatched input '&' expecting {'(', '{'}
line 181:42 mismatched input '}' expecting {'(', '{'}
line 182:39 mismatched input '}' expecting {'(', '{'}
line 188:14 mismatched input '\ifExintVar' expecting {MODALITY, FORALL, EXISTS, '\if', '\ifEx', 'true', 'false', '(', '{', '@', NOT, SEQARROW, '-', STRING_LITERAL, CHAR_LITERAL, BIN_LITERAL, HEX_LITERAL, IDENT, INT_LITERAL, FLOAT_LITERAL, DOUBLE_LITERAL, REAL_LITERAL}
line 188:27 extraneous input '(' expecting {'\lemma', '}', IDENT, '/*!'}
line 188:32 mismatched input '&' expecting {'(', '{'}
line 190:42 mismatched input '}' expecting {'(', '{'}
line 191:39 mismatched input '}' expecting {'(', '{'}
line 198:14 mismatched input '\ifExintVar' expecting {MODALITY, FORALL, EXISTS, '\if', '\ifEx', 'true', 'false', '(', '{', '@', NOT, SEQARROW, '-', STRING_LITERAL, CHAR_LITERAL, BIN_LITERAL, HEX_LITERAL, IDENT, INT_LITERAL, FLOAT_LITERAL, DOUBLE_LITERAL, REAL_LITERAL}
line 198:27 extraneous input '(' expecting {'\lemma', '}', IDENT, '/*!'}
line 198:32 mismatched input '&' expecting {'(', '{'}
line 200:42 mismatched input '}' expecting {'(', '{'}
line 201:39 mismatched input '}' expecting {'(', '{'}
line 208:14 mismatched input '\ifExintVar' expecting {MODALITY, FORALL, EXISTS, '\if', '\ifEx', 'true', 'false', '(', '{', '@', NOT, SEQARROW, '-', STRING_LITERAL, CHAR_LITERAL, BIN_LITERAL, HEX_LITERAL, IDENT, INT_LITERAL, FLOAT_LITERAL, DOUBLE_LITERAL, REAL_LITERAL}
line 208:27 extraneous input '(' expecting {'\lemma', '}', IDENT, '/*!'}
line 208:32 mismatched input '&' expecting {'(', '{'}
line 210:42 mismatched input '}' expecting {'(', '{'}
line 211:39 mismatched input '}' expecting {'(', '{'}
line 218:14 mismatched input '\ifExintVar' expecting {MODALITY, FORALL, EXISTS, '\if', '\ifEx', 'true', 'false', '(', '{', '@', NOT, SEQARROW, '-', STRING_LITERAL, CHAR_LITERAL, BIN_LITERAL, HEX_LITERAL, IDENT, INT_LITERAL, FLOAT_LITERAL, DOUBLE_LITERAL, REAL_LITERAL}
line 218:27 extraneous input '(' expecting {'\lemma', '}', IDENT, '/*!'}
line 218:31 mismatched input ')' expecting {'(', '{'}
line 220:44 mismatched input ')' expecting {'(', '{'}
line 225:14 mismatched input '\ifExintVar' expecting {MODALITY, FORALL, EXISTS, '\if', '\ifEx', 'true', 'false', '(', '{', '@', NOT, SEQARROW, '-', STRING_LITERAL, CHAR_LITERAL, BIN_LITERAL, HEX_LITERAL, IDENT, INT_LITERAL, FLOAT_LITERAL, DOUBLE_LITERAL, REAL_LITERAL}
line 225:27 extraneous input '(' expecting {'\lemma', '}', IDENT, '/*!'}
line 225:31 mismatched input ')' expecting {'(', '{'}
line 227:44 mismatched input ')' expecting {'(', '{'}
line 233:14 mismatched input '\ifExintVar' expecting {MODALITY, FORALL, EXISTS, '\if', '\ifEx', 'true', 'false', '(', '{', '@', NOT, SEQARROW, '-', STRING_LITERAL, CHAR_LITERAL, BIN_LITERAL, HEX_LITERAL, IDENT, INT_LITERAL, FLOAT_LITERAL, DOUBLE_LITERAL, REAL_LITERAL}
line 233:27 extraneous input '(' expecting {'\lemma', '}', IDENT, '/*!'}
line 233:31 mismatched input ')' expecting {'(', '{'}
line 237:42 mismatched input '}' expecting {'(', '{'}
line 238:34 mismatched input '}' expecting {'(', '{'}
line 239:28 extraneous input '(' expecting {'\lemma', '}', IDENT, '/*!'}
line 239:33 mismatched input '->' expecting {'(', '{'}
line 240:8 extraneous input '\replacewith' expecting {'\lemma', '}', IDENT, '/*!'}
line 240:25 mismatched input ')' expecting {'(', '{'}
line 240:56 mismatched input ')' expecting {'(', '{'}
line 245:14 mismatched input '\ifExintVar' expecting {MODALITY, FORALL, EXISTS, '\if', '\ifEx', 'true', 'false', '(', '{', '@', NOT, SEQARROW, '-', STRING_LITERAL, CHAR_LITERAL, BIN_LITERAL, HEX_LITERAL, IDENT, INT_LITERAL, FLOAT_LITERAL, DOUBLE_LITERAL, REAL_LITERAL}
line 245:27 extraneous input '(' expecting {'\lemma', '}', IDENT, '/*!'}
line 245:31 mismatched input ')' expecting {'(', '{'}
line 248:45 mismatched input '}' expecting {'(', '{'}
line 249:8 extraneous input '\replacewith' expecting {'\lemma', '}', IDENT, '/*!'}
line 249:38 mismatched input ')' expecting {'(', '{'}
line 250:42 mismatched input '}' expecting {'(', '{'}
line 251:28 extraneous input '(' expecting {'\lemma', '}', IDENT, '/*!'}
line 251:33 mismatched input '->' expecting {'(', '{'}
line 255:14 mismatched input '\ifExintVar' expecting {MODALITY, FORALL, EXISTS, '\if', '\ifEx', 'true', 'false', '(', '{', '@', NOT, SEQARROW, '-', STRING_LITERAL, CHAR_LITERAL, BIN_LITERAL, HEX_LITERAL, IDENT, INT_LITERAL, FLOAT_LITERAL, DOUBLE_LITERAL, REAL_LITERAL}
line 255:27 extraneous input '(' expecting {'\lemma', '}', IDENT, '/*!'}
line 255:31 mismatched input ')' expecting {'(', '{'}
line 258:52 extraneous input '0' expecting {'\lemma', '}', IDENT, '/*!'}
line 258:54 mismatched input 'then' expecting {<EOF>, '\problem', '\chooseContract', '\proofObligation', '\proof'}

	at de.uka.ilkd.key.util.parsing.SyntaxErrorReporter.throwException(SyntaxErrorReporter.java:89)

302772     WARN  Test worker     d.u.i.k.n.KeYParser       [syntax-error] file:/home/runner/work/key/key/key.core/build/resources/main/de/uka/ilkd/key/proof/rules/ifThenElseRules.key:135:14: mismatched input '\ifExintVar' expecting {MODALITY, FORALL, EXISTS, '\if', '\ifEx', 'true', 'false', '(', '{', '@', NOT, SEQARROW, '-', STRING_LITERAL, CHAR_LITERAL, BIN_LITERAL, HEX_LITERAL, IDENT, INT_LITERAL, FLOAT_LITERAL, DOUBLE_LITERAL, REAL_LITERAL} [@745,3563:3573='\ifExintVar',<188>,135:14] (termorseq, taclet, rulesOrAxioms, decls, file) 
302772     WARN  Test worker     d.u.i.k.n.KeYParser       [syntax-error] file:/home/runner/work/key/key/key.core/build/resources/main/de/uka/ilkd/key/proof/rules/ifThenElseRules.key:135:27: extraneous input '(' expecting {'\lemma', '}', IDENT, '/*!'} [@748,3576:3576='(',<146>,135:27] (rulesOrAxioms, decls, file) 
302772     WARN  Test worker     d.u.i.k.n.KeYParser       [syntax-error] file:/home/runner/work/key/key/key.core/build/resources/main/de/uka/ilkd/key/proof/rules/ifThenElseRules.key:135:44: mismatched input ')' expecting {'(', '{'} [@754,3593:3593=')',<147>,135:44] (taclet, rulesOrAxioms, decls, file) 
302772     WARN  Test worker     d.u.i.k.n.KeYParser       [syntax-error] file:/home/runner/work/key/key/key.core/build/resources/main/de/uka/ilkd/key/proof/rules/ifThenElseRules.key:141:14: mismatched input '\ifExintVar' expecting {MODALITY, FORALL, EXISTS, '\if', '\ifEx', 'true', 'false', '(', '{', '@', NOT, SEQARROW, '-', STRING_LITERAL, CHAR_LITERAL, BIN_LITERAL, HEX_LITERAL, IDENT, INT_LITERAL, FLOAT_LITERAL, DOUBLE_LITERAL, REAL_LITERAL} [@780,3716:3726='\ifExintVar',<188>,141:14] (termorseq, taclet, rulesOrAxioms, decls, file) 
302772     WARN  Test worker     d.u.i.k.n.KeYParser       [syntax-error] file:/home/runner/work/key/key/key.core/build/resources/main/de/uka/ilkd/key/proof/rules/ifThenElseRules.key:141:27: extraneous input '(' expecting {'\lemma', '}', IDENT, '/*!'} [@783,3729:3729='(',<146>,141:27] (rulesOrAxioms, decls, file) 
302772     WARN  Test worker     d.u.i.k.n.KeYParser       [syntax-error] file:/home/runner/work/key/key/key.core/build/resources/main/de/uka/ilkd/key/proof/rules/ifThenElseRules.key:141:41: mismatched input ')' expecting {'(', '{'} [@789,3743:3743=')',<147>,141:41] (taclet, rulesOrAxioms, decls, file) 
302772     WARN  Test worker     d.u.i.k.n.KeYParser       [syntax-error] file:/home/runner/work/key/key/key.core/build/resources/main/de/uka/ilkd/key/proof/rules/ifThenElseRules.key:148:14: mismatched input '\ifExintVar' expecting {MODALITY, FORALL, EXISTS, '\if', '\ifEx', 'true', 'false', '(', '{', '@', NOT, SEQARROW, '-', STRING_LITERAL, CHAR_LITERAL, BIN_LITERAL, HEX_LITERAL, IDENT, INT_LITERAL, FLOAT_LITERAL, DOUBLE_LITERAL, REAL_LITERAL} [@819,3896:3906='\ifExintVar',<188>,148:14] (termorseq, taclet, rulesOrAxioms, decls, file) 
302772     WARN  Test worker     d.u.i.k.n.KeYParser       [syntax-error] file:/home/runner/work/key/key/key.core/build/resources/main/de/uka/ilkd/key/proof/rules/ifThenElseRules.key:148:27: extraneous input '(' expecting {'\lemma', '}', IDENT, '/*!'} [@822,3909:3909='(',<146>,148:27] (rulesOrAxioms, decls, file) 
302772     WARN  Test worker     d.u.i.k.n.KeYParser       [syntax-error] file:/home/runner/work/key/key/key.core/build/resources/main/de/uka/ilkd/key/proof/rules/ifThenElseRules.key:148:35: mismatched input '=' expecting {'(', '{'} [@825,3917:3917='=',<159>,148:35] (taclet, rulesOrAxioms, decls, file) 
302772     WARN  Test worker     d.u.i.k.n.KeYParser       [syntax-error] file:/home/runner/work/key/key/key.core/build/resources/main/de/uka/ilkd/key/proof/rules/ifThenElseRules.key:150:38: mismatched input '}' expecting {'(', '{'} [@859,4023:4023='}',<149>,150:38] (taclet, rulesOrAxioms, decls, file) 
302773     WARN  Test worker     d.u.i.k.n.KeYParser       [syntax-error] file:/home/runner/work/key/key/key.core/build/resources/main/de/uka/ilkd/key/proof/rules/ifThenElseRules.key:155:14: mismatched input '\ifExintVar' expecting {MODALITY, FORALL, EXISTS, '\if', '\ifEx', 'true', 'false', '(', '{', '@', NOT, SEQARROW, '-', STRING_LITERAL, CHAR_LITERAL, BIN_LITERAL, HEX_LITERAL, IDENT, INT_LITERAL, FLOAT_LITERAL, DOUBLE_LITERAL, REAL_LITERAL} [@877,4109:4119='\ifExintVar',<188>,155:14] (termorseq, taclet, rulesOrAxioms, decls, file) 
302773     WARN  Test worker     d.u.i.k.n.KeYParser       [syntax-error] file:/home/runner/work/key/key/key.core/build/resources/main/de/uka/ilkd/key/proof/rules/ifThenElseRules.key:155:27: extraneous input '(' expecting {'\lemma', '}', IDENT, '/*!'} [@880,4122:4122='(',<146>,155:27] (rulesOrAxioms, decls, file) 
302773     WARN  Test worker     d.u.i.k.n.KeYParser       [syntax-error] file:/home/runner/work/key/key/key.core/build/resources/main/de/uka/ilkd/key/proof/rules/ifThenElseRules.key:155:35: mismatched input '=' expecting {'(', '{'} [@883,4130:4130='=',<159>,155:35] (taclet, rulesOrAxioms, decls, file) 
302773     WARN  Test worker     d.u.i.k.n.KeYParser       [syntax-error] file:/home/runner/work/key/key/key.core/build/resources/main/de/uka/ilkd/key/proof/rules/ifThenElseRules.key:157:38: mismatched input '}' expecting {'(', '{'} [@917,4230:4230='}',<149>,157:38] (taclet, rulesOrAxioms, decls, file) 
302773     WARN  Test worker     d.u.i.k.n.KeYParser       [syntax-error] file:/home/runner/work/key/key/key.core/build/resources/main/de/uka/ilkd/key/proof/rules/ifThenElseRules.key:163:14: mismatched input '\ifExintVar' expecting {MODALITY, FORALL, EXISTS, '\if', '\ifEx', 'true', 'false', '(', '{', '@', NOT, SEQARROW, '-', STRING_LITERAL, CHAR_LITERAL, BIN_LITERAL, HEX_LITERAL, IDENT, INT_LITERAL, FLOAT_LITERAL, DOUBLE_LITERAL, REAL_LITERAL} [@939,4350:4360='\ifExintVar',<188>,163:14] (termorseq, taclet, rulesOrAxioms, decls, file) 
302773     WARN  Test worker     d.u.i.k.n.KeYParser       [syntax-error] file:/home/runner/work/key/key/key.core/build/resources/main/de/uka/ilkd/key/proof/rules/ifThenElseRules.key:163:27: extraneous input '(' expecting {'\lemma', '}', IDENT, '/*!'} [@942,4363:4363='(',<146>,163:27] (rulesOrAxioms, decls, file) 
302773     WARN  Test worker     d.u.i.k.n.KeYParser       [syntax-error] file:/home/runner/work/key/key/key.core/build/resources/main/de/uka/ilkd/key/proof/rules/ifThenElseRules.key:163:30: mismatched input '=' expecting {'(', '{'} [@945,4366:4366='=',<159>,163:30] (taclet, rulesOrAxioms, decls, file) 
302773     WARN  Test worker     d.u.i.k.n.KeYParser       [syntax-error] file:/home/runner/work/key/key/key.core/build/resources/main/de/uka/ilkd/key/proof/rules/ifThenElseRules.key:165:38: mismatched input '}' expecting {'(', '{'} [@979,4477:4477='}',<149>,165:38] (taclet, rulesOrAxioms, decls, file) 
302773     WARN  Test worker     d.u.i.k.n.KeYParser       [syntax-error] file:/home/runner/work/key/key/key.core/build/resources/main/de/uka/ilkd/key/proof/rules/ifThenElseRules.key:171:14: mismatched input '\ifExintVar' expecting {MODALITY, FORALL, EXISTS, '\if', '\ifEx', 'true', 'false', '(', '{', '@', NOT, SEQARROW, '-', STRING_LITERAL, CHAR_LITERAL, BIN_LITERAL, HEX_LITERAL, IDENT, INT_LITERAL, FLOAT_LITERAL, DOUBLE_LITERAL, REAL_LITERAL} [@1001,4604:4614='\ifExintVar',<188>,171:14] (termorseq, taclet, rulesOrAxioms, decls, file) 
302773     WARN  Test worker     d.u.i.k.n.KeYParser       [syntax-error] file:/home/runner/work/key/key/key.core/build/resources/main/de/uka/ilkd/key/proof/rules/ifThenElseRules.key:171:27: extraneous input '(' expecting {'\lemma', '}', IDENT, '/*!'} [@1004,4617:4617='(',<146>,171:27] (rulesOrAxioms, decls, file) 
302773     WARN  Test worker     d.u.i.k.n.KeYParser       [syntax-error] file:/home/runner/work/key/key/key.core/build/resources/main/de/uka/ilkd/key/proof/rules/ifThenElseRules.key:171:30: mismatched input '=' expecting {'(', '{'} [@1007,4620:4620='=',<159>,171:30] (taclet, rulesOrAxioms, decls, file) 
302773     WARN  Test worker     d.u.i.k.n.KeYParser       [syntax-error] file:/home/runner/work/key/key/key.core/build/resources/main/de/uka/ilkd/key/proof/rules/ifThenElseRules.key:173:38: mismatched input '}' expecting {'(', '{'} [@1041,4725:4725='}',<149>,173:38] (taclet, rulesOrAxioms, decls, file) 
302773     WARN  Test worker     d.u.i.k.n.KeYParser       [syntax-error] file:/home/runner/work/key/key/key.core/build/resources/main/de/uka/ilkd/key/proof/rules/ifThenElseRules.key:179:14: mismatched input '\ifExintVar' expecting {MODALITY, FORALL, EXISTS, '\if', '\ifEx', 'true', 'false', '(', '{', '@', NOT, SEQARROW, '-', STRING_LITERAL, CHAR_LITERAL, BIN_LITERAL, HEX_LITERAL, IDENT, INT_LITERAL, FLOAT_LITERAL, DOUBLE_LITERAL, REAL_LITERAL} [@1063,4848:4858='\ifExintVar',<188>,179:14] (termorseq, taclet, rulesOrAxioms, decls, file) 
302773     WARN  Test worker     d.u.i.k.n.KeYParser       [syntax-error] file:/home/runner/work/key/key/key.core/build/resources/main/de/uka/ilkd/key/proof/rules/ifThenElseRules.key:179:27: extraneous input '(' expecting {'\lemma', '}', IDENT, '/*!'} [@1066,4861:4861='(',<146>,179:27] (rulesOrAxioms, decls, file) 
302773     WARN  Test worker     d.u.i.k.n.KeYParser       [syntax-error] file:/home/runner/work/key/key/key.core/build/resources/main/de/uka/ilkd/key/proof/rules/ifThenElseRules.key:179:32: mismatched input '&' expecting {'(', '{'} [@1069,4866:4866='&',<156>,179:32] (taclet, rulesOrAxioms, decls, file) 
302773     WARN  Test worker     d.u.i.k.n.KeYParser       [syntax-error] file:/home/runner/work/key/key/key.core/build/resources/main/de/uka/ilkd/key/proof/rules/ifThenElseRules.key:181:42: mismatched input '}' expecting {'(', '{'} [@1109,4985:4985='}',<149>,181:42] (taclet, rulesOrAxioms, decls, file) 
302773     WARN  Test worker     d.u.i.k.n.KeYParser       [syntax-error] file:/home/runner/work/key/key/key.core/build/resources/main/de/uka/ilkd/key/proof/rules/ifThenElseRules.key:182:39: mismatched input '}' expecting {'(', '{'} [@1122,5030:5030='}',<149>,182:39] (taclet, rulesOrAxioms, decls, file) 
302773     WARN  Test worker     d.u.i.k.n.KeYParser       [syntax-error] file:/home/runner/work/key/key/key.core/build/resources/main/de/uka/ilkd/key/proof/rules/ifThenElseRules.key:188:14: mismatched input '\ifExintVar' expecting {MODALITY, FORALL, EXISTS, '\if', '\ifEx', 'true', 'false', '(', '{', '@', NOT, SEQARROW, '-', STRING_LITERAL, CHAR_LITERAL, BIN_LITERAL, HEX_LITERAL, IDENT, INT_LITERAL, FLOAT_LITERAL, DOUBLE_LITERAL, REAL_LITERAL} [@1146,5149:5159='\ifExintVar',<188>,188:14] (termorseq, taclet, rulesOrAxioms, decls, file) 
302773     WARN  Test worker     d.u.i.k.n.KeYParser       [syntax-error] file:/home/runner/work/key/key/key.core/build/resources/main/de/uka/ilkd/key/proof/rules/ifThenElseRules.key:188:27: extraneous input '(' expecting {'\lemma', '}', IDENT, '/*!'} [@1149,5162:5162='(',<146>,188:27] (rulesOrAxioms, decls, file) 
302773     WARN  Test worker     d.u.i.k.n.KeYParser       [syntax-error] file:/home/runner/work/key/key/key.core/build/resources/main/de/uka/ilkd/key/proof/rules/ifThenElseRules.key:188:32: mismatched input '&' expecting {'(', '{'} [@1152,5167:5167='&',<156>,188:32] (taclet, rulesOrAxioms, decls, file) 
302773     WARN  Test worker     d.u.i.k.n.KeYParser       [syntax-error] file:/home/runner/work/key/key/key.core/build/resources/main/de/uka/ilkd/key/proof/rules/ifThenElseRules.key:190:42: mismatched input '}' expecting {'(', '{'} [@1192,5280:5280='}',<149>,190:42] (taclet, rulesOrAxioms, decls, file) 
302773     WARN  Test worker     d.u.i.k.n.KeYParser       [syntax-error] file:/home/runner/work/key/key/key.core/build/resources/main/de/uka/ilkd/key/proof/rules/ifThenElseRules.key:191:39: mismatched input '}' expecting {'(', '{'} [@1205,5325:5325='}',<149>,191:39] (taclet, rulesOrAxioms, decls, file) 
302773     WARN  Test worker     d.u.i.k.n.KeYParser       [syntax-error] file:/home/runner/work/key/key/key.core/build/resources/main/de/uka/ilkd/key/proof/rules/ifThenElseRules.key:198:14: mismatched input '\ifExintVar' expecting {MODALITY, FORALL, EXISTS, '\if', '\ifEx', 'true', 'false', '(', '{', '@', NOT, SEQARROW, '-', STRING_LITERAL, CHAR_LITERAL, BIN_LITERAL, HEX_LITERAL, IDENT, INT_LITERAL, FLOAT_LITERAL, DOUBLE_LITERAL, REAL_LITERAL} [@1233,5475:5485='\ifExintVar',<188>,198:14] (termorseq, taclet, rulesOrAxioms, decls, file) 
302773     WARN  Test worker     d.u.i.k.n.KeYParser       [syntax-error] file:/home/runner/work/key/key/key.core/build/resources/main/de/uka/ilkd/key/proof/rules/ifThenElseRules.key:198:27: extraneous input '(' expecting {'\lemma', '}', IDENT, '/*!'} [@1236,5488:5488='(',<146>,198:27] (rulesOrAxioms, decls, file) 
302773     WARN  Test worker     d.u.i.k.n.KeYParser       [syntax-error] file:/home/runner/work/key/key/key.core/build/resources/main/de/uka/ilkd/key/proof/rules/ifThenElseRules.key:198:32: mismatched input '&' expecting {'(', '{'} [@1239,5493:5493='&',<156>,198:32] (taclet, rulesOrAxioms, decls, file) 
302774     WARN  Test worker     d.u.i.k.n.KeYParser       [syntax-error] file:/home/runner/work/key/key/key.core/build/resources/main/de/uka/ilkd/key/proof/rules/ifThenElseRules.key:200:42: mismatched input '}' expecting {'(', '{'} [@1279,5612:5612='}',<149>,200:42] (taclet, rulesOrAxioms, decls, file) 
302774     WARN  Test worker     d.u.i.k.n.KeYParser       [syntax-error] file:/home/runner/work/key/key/key.core/build/resources/main/de/uka/ilkd/key/proof/rules/ifThenElseRules.key:201:39: mismatched input '}' expecting {'(', '{'} [@1292,5657:5657='}',<149>,201:39] (taclet, rulesOrAxioms, decls, file) 
302774     WARN  Test worker     d.u.i.k.n.KeYParser       [syntax-error] file:/home/runner/work/key/key/key.core/build/resources/main/de/uka/ilkd/key/proof/rules/ifThenElseRules.key:208:14: mismatched input '\ifExintVar' expecting {MODALITY, FORALL, EXISTS, '\if', '\ifEx', 'true', 'false', '(', '{', '@', NOT, SEQARROW, '-', STRING_LITERAL, CHAR_LITERAL, BIN_LITERAL, HEX_LITERAL, IDENT, INT_LITERAL, FLOAT_LITERAL, DOUBLE_LITERAL, REAL_LITERAL} [@1320,5817:5827='\ifExintVar',<188>,208:14] (termorseq, taclet, rulesOrAxioms, decls, file) 
302774     WARN  Test worker     d.u.i.k.n.KeYParser       [syntax-error] file:/home/runner/work/key/key/key.core/build/resources/main/de/uka/ilkd/key/proof/rules/ifThenElseRules.key:208:27: extraneous input '(' expecting {'\lemma', '}', IDENT, '/*!'} [@1323,5830:5830='(',<146>,208:27] (rulesOrAxioms, decls, file) 
302774     WARN  Test worker     d.u.i.k.n.KeYParser       [syntax-error] file:/home/runner/work/key/key/key.core/build/resources/main/de/uka/ilkd/key/proof/rules/ifThenElseRules.key:208:32: mismatched input '&' expecting {'(', '{'} [@1326,5835:5835='&',<156>,208:32] (taclet, rulesOrAxioms, decls, file) 
302774     WARN  Test worker     d.u.i.k.n.KeYParser       [syntax-error] file:/home/runner/work/key/key/key.core/build/resources/main/de/uka/ilkd/key/proof/rules/ifThenElseRules.key:210:42: mismatched input '}' expecting {'(', '{'} [@1366,5948:5948='}',<149>,210:42] (taclet, rulesOrAxioms, decls, file) 
302774     WARN  Test worker     d.u.i.k.n.KeYParser       [syntax-error] file:/home/runner/work/key/key/key.core/build/resources/main/de/uka/ilkd/key/proof/rules/ifThenElseRules.key:211:39: mismatched input '}' expecting {'(', '{'} [@1379,5993:5993='}',<149>,211:39] (taclet, rulesOrAxioms, decls, file) 
302774     WARN  Test worker     d.u.i.k.n.KeYParser       [syntax-error] file:/home/runner/work/key/key/key.core/build/resources/main/de/uka/ilkd/key/proof/rules/ifThenElseRules.key:218:14: mismatched input '\ifExintVar' expecting {MODALITY, FORALL, EXISTS, '\if', '\ifEx', 'true', 'false', '(', '{', '@', NOT, SEQARROW, '-', STRING_LITERAL, CHAR_LITERAL, BIN_LITERAL, HEX_LITERAL, IDENT, INT_LITERAL, FLOAT_LITERAL, DOUBLE_LITERAL, REAL_LITERAL} [@1407,6146:6156='\ifExintVar',<188>,218:14] (termorseq, taclet, rulesOrAxioms, decls, file) 
302774     WARN  Test worker     d.u.i.k.n.KeYParser       [syntax-error] file:/home/runner/work/key/key/key.core/build/resources/main/de/uka/ilkd/key/proof/rules/ifThenElseRules.key:218:27: extraneous input '(' expecting {'\lemma', '}', IDENT, '/*!'} [@1410,6159:6159='(',<146>,218:27] (rulesOrAxioms, decls, file) 
302774     WARN  Test worker     d.u.i.k.n.KeYParser       [syntax-error] file:/home/runner/work/key/key/key.core/build/resources/main/de/uka/ilkd/key/proof/rules/ifThenElseRules.key:218:31: mismatched input ')' expecting {'(', '{'} [@1412,6163:6163=')',<147>,218:31] (taclet, rulesOrAxioms, decls, file) 
302774     WARN  Test worker     d.u.i.k.n.KeYParser       [syntax-error] file:/home/runner/work/key/key/key.core/build/resources/main/de/uka/ilkd/key/proof/rules/ifThenElseRules.key:220:44: mismatched input ')' expecting {'(', '{'} [@1444,6275:6275=')',<147>,220:44] (taclet, rulesOrAxioms, decls, file) 
302774     WARN  Test worker     d.u.i.k.n.KeYParser       [syntax-error] file:/home/runner/work/key/key/key.core/build/resources/main/de/uka/ilkd/key/proof/rules/ifThenElseRules.key:225:14: mismatched input '\ifExintVar' expecting {MODALITY, FORALL, EXISTS, '\if', '\ifEx', 'true', 'false', '(', '{', '@', NOT, SEQARROW, '-', STRING_LITERAL, CHAR_LITERAL, BIN_LITERAL, HEX_LITERAL, IDENT, INT_LITERAL, FLOAT_LITERAL, DOUBLE_LITERAL, REAL_LITERAL} [@1471,6389:6399='\ifExintVar',<188>,225:14] (termorseq, taclet, rulesOrAxioms, decls, file) 
302774     WARN  Test worker     d.u.i.k.n.KeYParser       [syntax-error] file:/home/runner/work/key/key/key.core/build/resources/main/de/uka/ilkd/key/proof/rules/ifThenElseRules.key:225:27: extraneous input '(' expecting {'\lemma', '}', IDENT, '/*!'} [@1474,6402:6402='(',<146>,225:27] (rulesOrAxioms, decls, file) 
302774     WARN  Test worker     d.u.i.k.n.KeYParser       [syntax-error] file:/home/runner/work/key/key/key.core/build/resources/main/de/uka/ilkd/key/proof/rules/ifThenElseRules.key:225:31: mismatched input ')' expecting {'(', '{'} [@1476,6406:6406=')',<147>,225:31] (taclet, rulesOrAxioms, decls, file) 
302774     WARN  Test worker     d.u.i.k.n.KeYParser       [syntax-error] file:/home/runner/work/key/key/key.core/build/resources/main/de/uka/ilkd/key/proof/rules/ifThenElseRules.key:227:44: mismatched input ')' expecting {'(', '{'} [@1508,6509:6509=')',<147>,227:44] (taclet, rulesOrAxioms, decls, file) 
302774     WARN  Test worker     d.u.i.k.n.KeYParser       [syntax-error] file:/home/runner/work/key/key/key.core/build/resources/main/de/uka/ilkd/key/proof/rules/ifThenElseRules.key:233:14: mismatched input '\ifExintVar' expecting {MODALITY, FORALL, EXISTS, '\if', '\ifEx', 'true', 'false', '(', '{', '@', NOT, SEQARROW, '-', STRING_LITERAL, CHAR_LITERAL, BIN_LITERAL, HEX_LITERAL, IDENT, INT_LITERAL, FLOAT_LITERAL, DOUBLE_LITERAL, REAL_LITERAL} [@1539,6656:6666='\ifExintVar',<188>,233:14] (termorseq, taclet, rulesOrAxioms, decls, file) 
302774     WARN  Test worker     d.u.i.k.n.KeYParser       [syntax-error] file:/home/runner/work/key/key/key.core/build/resources/main/de/uka/ilkd/key/proof/rules/ifThenElseRules.key:233:27: extraneous input '(' expecting {'\lemma', '}', IDENT, '/*!'} [@1542,6669:6669='(',<146>,233:27] (rulesOrAxioms, decls, file) 
302774     WARN  Test worker     d.u.i.k.n.KeYParser       [syntax-error] file:/home/runner/work/key/key/key.core/build/resources/main/de/uka/ilkd/key/proof/rules/ifThenElseRules.key:233:31: mismatched input ')' expecting {'(', '{'} [@1544,6673:6673=')',<147>,233:31] (taclet, rulesOrAxioms, decls, file) 
302774     WARN  Test worker     d.u.i.k.n.KeYParser       [syntax-error] file:/home/runner/work/key/key/key.core/build/resources/main/de/uka/ilkd/key/proof/rules/ifThenElseRules.key:237:42: mismatched input '}' expecting {'(', '{'} [@1586,6850:6850='}',<149>,237:42] (taclet, rulesOrAxioms, decls, file) 
302774     WARN  Test worker     d.u.i.k.n.KeYParser       [syntax-error] file:/home/runner/work/key/key/key.core/build/resources/main/de/uka/ilkd/key/proof/rules/ifThenElseRules.key:238:34: mismatched input '}' expecting {'(', '{'} [@1599,6891:6891='}',<149>,238:34] (taclet, rulesOrAxioms, decls, file) 
302774     WARN  Test worker     d.u.i.k.n.KeYParser       [syntax-error] file:/home/runner/work/key/key/key.core/build/resources/main/de/uka/ilkd/key/proof/rules/ifThenElseRules.key:239:28: extraneous input '(' expecting {'\lemma', '}', IDENT, '/*!'} [@1608,6925:6925='(',<146>,239:28] (rulesOrAxioms, decls, file) 
302774     WARN  Test worker     d.u.i.k.n.KeYParser       [syntax-error] file:/home/runner/work/key/key/key.core/build/resources/main/de/uka/ilkd/key/proof/rules/ifThenElseRules.key:239:33: mismatched input '->' expecting {'(', '{'} [@1611,6930:6931='->',<158>,239:33] (taclet, rulesOrAxioms, decls, file) 
302774     WARN  Test worker     d.u.i.k.n.KeYParser       [syntax-error] file:/home/runner/work/key/key/key.core/build/resources/main/de/uka/ilkd/key/proof/rules/ifThenElseRules.key:240:8: extraneous input '\replacewith' expecting {'\lemma', '}', IDENT, '/*!'} [@1626,6979:6990='\replacewith',<105>,240:8] (rulesOrAxioms, decls, file) 
302774     WARN  Test worker     d.u.i.k.n.KeYParser       [syntax-error] file:/home/runner/work/key/key/key.core/build/resources/main/de/uka/ilkd/key/proof/rules/ifThenElseRules.key:240:25: mismatched input ')' expecting {'(', '{'} [@1629,6996:6996=')',<147>,240:25] (taclet, rulesOrAxioms, decls, file) 
302774     WARN  Test worker     d.u.i.k.n.KeYParser       [syntax-error] file:/home/runner/work/key/key/key.core/build/resources/main/de/uka/ilkd/key/proof/rules/ifThenElseRules.key:240:56: mismatched input ')' expecting {'(', '{'} [@1642,7027:7027=')',<147>,240:56] (taclet, rulesOrAxioms, decls, file) 
302774     WARN  Test worker     d.u.i.k.n.KeYParser       [syntax-error] file:/home/runner/work/key/key/key.core/build/resources/main/de/uka/ilkd/key/proof/rules/ifThenElseRules.key:245:14: mismatched input '\ifExintVar' expecting {MODALITY, FORALL, EXISTS, '\if', '\ifEx', 'true', 'false', '(', '{', '@', NOT, SEQARROW, '-', STRING_LITERAL, CHAR_LITERAL, BIN_LITERAL, HEX_LITERAL, IDENT, INT_LITERAL, FLOAT_LITERAL, DOUBLE_LITERAL, REAL_LITERAL} [@1658,7109:7119='\ifExintVar',<188>,245:14] (termorseq, taclet, rulesOrAxioms, decls, file) 
302774     WARN  Test worker     d.u.i.k.n.KeYParser       [syntax-error] file:/home/runner/work/key/key/key.core/build/resources/main/de/uka/ilkd/key/proof/rules/ifThenElseRules.key:245:27: extraneous input '(' expecting {'\lemma', '}', IDENT, '/*!'} [@1661,7122:7122='(',<146>,245:27] (rulesOrAxioms, decls, file) 
302774     WARN  Test worker     d.u.i.k.n.KeYParser       [syntax-error] file:/home/runner/work/key/key/key.core/build/resources/main/de/uka/ilkd/key/proof/rules/ifThenElseRules.key:245:31: mismatched input ')' expecting {'(', '{'} [@1663,7126:7126=')',<147>,245:31] (taclet, rulesOrAxioms, decls, file) 
302774     WARN  Test worker     d.u.i.k.n.KeYParser       [syntax-error] file:/home/runner/work/key/key/key.core/build/resources/main/de/uka/ilkd/key/proof/rules/ifThenElseRules.key:248:45: mismatched input '}' expecting {'(', '{'} [@1696,7268:7268='}',<149>,248:45] (taclet, rulesOrAxioms, decls, file) 
302774     WARN  Test worker     d.u.i.k.n.KeYParser       [syntax-error] file:/home/runner/work/key/key/key.core/build/resources/main/de/uka/ilkd/key/proof/rules/ifThenElseRules.key:249:8: extraneous input '\replacewith' expecting {'\lemma', '}', IDENT, '/*!'} [@1701,7284:7295='\replacewith',<105>,249:8] (rulesOrAxioms, decls, file) 
302774     WARN  Test worker     d.u.i.k.n.KeYParser       [syntax-error] file:/home/runner/work/key/key/key.core/build/resources/main/de/uka/ilkd/key/proof/rules/ifThenElseRules.key:249:38: mismatched input ')' expecting {'(', '{'} [@1708,7314:7314=')',<147>,249:38] (taclet, rulesOrAxioms, decls, file) 
302774     WARN  Test worker     d.u.i.k.n.KeYParser       [syntax-error] file:/home/runner/work/key/key/key.core/build/resources/main/de/uka/ilkd/key/proof/rules/ifThenElseRules.key:250:42: mismatched input '}' expecting {'(', '{'} [@1731,7381:7381='}',<149>,250:42] (taclet, rulesOrAxioms, decls, file) 
302774     WARN  Test worker     d.u.i.k.n.KeYParser       [syntax-error] file:/home/runner/work/key/key/key.core/build/resources/main/de/uka/ilkd/key/proof/rules/ifThenElseRules.key:251:28: extraneous input '(' expecting {'\lemma', '}', IDENT, '/*!'} [@1741,7416:7416='(',<146>,251:28] (rulesOrAxioms, decls, file) 
302774     WARN  Test worker     d.u.i.k.n.KeYParser       [syntax-error] file:/home/runner/work/key/key/key.core/build/resources/main/de/uka/ilkd/key/proof/rules/ifThenElseRules.key:251:33: mismatched input '->' expecting {'(', '{'} [@1744,7421:7422='->',<158>,251:33] (taclet, rulesOrAxioms, decls, file) 
302775     WARN  Test worker     d.u.i.k.n.KeYParser       [syntax-error] file:/home/runner/work/key/key/key.core/build/resources/main/de/uka/ilkd/key/proof/rules/ifThenElseRules.key:255:14: mismatched input '\ifExintVar' expecting {MODALITY, FORALL, EXISTS, '\if', '\ifEx', 'true', 'false', '(', '{', '@', NOT, SEQARROW, '-', STRING_LITERAL, CHAR_LITERAL, BIN_LITERAL, HEX_LITERAL, IDENT, INT_LITERAL, FLOAT_LITERAL, DOUBLE_LITERAL, REAL_LITERAL} [@1765,7506:7516='\ifExintVar',<188>,255:14] (termorseq, taclet, rulesOrAxioms, decls, file) 
302775     WARN  Test worker     d.u.i.k.n.KeYParser       [syntax-error] file:/home/runner/work/key/key/key.core/build/resources/main/de/uka/ilkd/key/proof/rules/ifThenElseRules.key:255:27: extraneous input '(' expecting {'\lemma', '}', IDENT, '/*!'} [@1768,7519:7519='(',<146>,255:27] (rulesOrAxioms, decls, file) 
302775     WARN  Test worker     d.u.i.k.n.KeYParser       [syntax-error] file:/home/runner/work/key/key/key.core/build/resources/main/de/uka/ilkd/key/proof/rules/ifThenElseRules.key:255:31: mismatched input ')' expecting {'(', '{'} [@1770,7523:7523=')',<147>,255:31] (taclet, rulesOrAxioms, decls, file) 
302775     WARN  Test worker     d.u.i.k.n.KeYParser       [syntax-error] file:/home/runner/work/key/key/key.core/build/resources/main/de/uka/ilkd/key/proof/rules/ifThenElseRules.key:258:52: extraneous input '0' expecting {'\lemma', '}', IDENT, '/*!'} [@1809,7667:7667='0',<184>,258:52] (rulesOrAxioms, decls, file) 
302775     WARN  Test worker     d.u.i.k.n.KeYParser       [syntax-error] file:/home/runner/work/key/key/key.core/build/resources/main/de/uka/ilkd/key/proof/rules/ifThenElseRules.key:258:54: mismatched input 'then' expecting {<EOF>, '\problem', '\chooseContract', '\proofObligation', '\proof'} [@1811,7669:7672='then',<183>,258:54] (file) 
302775     ERROR Test worker     d.u.i.k.s.n.MasterHandlerTest Error reading /home/runner/work/key/key/key.core/build/resources/test/de/uka/ilkd/key/smt/newsmt2/cases/types1.props de.uka.ilkd.key.proof.io.ProblemLoaderException: line 135:14 mismatched input '\ifExintVar' expecting {MODALITY, FORALL, EXISTS, '\if', '\ifEx', 'true', 'false', '(', '{', '@', NOT, SEQARROW, '-', STRING_LITERAL, CHAR_LITERAL, BIN_LITERAL, HEX_LITERAL, IDENT, INT_LITERAL, FLOAT_LITERAL, DOUBLE_LITERAL, REAL_LITERAL}
line 135:27 extraneous input '(' expecting {'\lemma', '}', IDENT, '/*!'}
line 135:44 mismatched input ')' expecting {'(', '{'}
line 141:14 mismatched input '\ifExintVar' expecting {MODALITY, FORALL, EXISTS, '\if', '\ifEx', 'true', 'false', '(', '{', '@', NOT, SEQARROW, '-', STRING_LITERAL, CHAR_LITERAL, BIN_LITERAL, HEX_LITERAL, IDENT, INT_LITERAL, FLOAT_LITERAL, DOUBLE_LITERAL, REAL_LITERAL}
line 141:27 extraneous input '(' expecting {'\lemma', '}', IDENT, '/*!'}
line 141:41 mismatched input ')' expecting {'(', '{'}
line 148:14 mismatched input '\ifExintVar' expecting {MODALITY, FORALL, EXISTS, '\if', '\ifEx', 'true', 'false', '(', '{', '@', NOT, SEQARROW, '-', STRING_LITERAL, CHAR_LITERAL, BIN_LITERAL, HEX_LITERAL, IDENT, INT_LITERAL, FLOAT_LITERAL, DOUBLE_LITERAL, REAL_LITERAL}
line 148:27 extraneous input '(' expecting {'\lemma', '}', IDENT, '/*!'}
line 148:35 mismatched input '=' expecting {'(', '{'}
line 150:38 mismatched input '}' expecting {'(', '{'}
line 155:14 mismatched input '\ifExintVar' expecting {MODALITY, FORALL, EXISTS, '\if', '\ifEx', 'true', 'false', '(', '{', '@', NOT, SEQARROW, '-', STRING_LITERAL, CHAR_LITERAL, BIN_LITERAL, HEX_LITERAL, IDENT, INT_LITERAL, FLOAT_LITERAL, DOUBLE_LITERAL, REAL_LITERAL}
line 155:27 extraneous input '(' expecting {'\lemma', '}', IDENT, '/*!'}
line 155:35 mismatched input '=' expecting {'(', '{'}
line 157:38 mismatched input '}' expecting {'(', '{'}
line 163:14 mismatched input '\ifExintVar' expecting {MODALITY, FORALL, EXISTS, '\if', '\ifEx', 'true', 'false', '(', '{', '@', NOT, SEQARROW, '-', STRING_LITERAL, CHAR_LITERAL, BIN_LITERAL, HEX_LITERAL, IDENT, INT_LITERAL, FLOAT_LITERAL, DOUBLE_LITERAL, REAL_LITERAL}
line 163:27 extraneous input '(' expecting {'\lemma', '}', IDENT, '/*!'}
line 163:30 mismatched input '=' expecting {'(', '{'}
line 165:38 mismatched input '}' expecting {'(', '{'}
line 171:14 mismatched input '\ifExintVar' expecting {MODALITY, FORALL, EXISTS, '\if', '\ifEx', 'true', 'false', '(', '{', '@', NOT, SEQARROW, '-', STRING_LITERAL, CHAR_LITERAL, BIN_LITERAL, HEX_LITERAL, IDENT, INT_LITERAL, FLOAT_LITERAL, DOUBLE_LITERAL, REAL_LITERAL}
line 171:27 extraneous input '(' expecting {'\lemma', '}', IDENT, '/*!'}
line 171:30 mismatched input '=' expecting {'(', '{'}
line 173:38 mismatched input '}' expecting {'(', '{'}
line 179:14 mismatched input '\ifExintVar' expecting {MODALITY, FORALL, EXISTS, '\if', '\ifEx', 'true', 'false', '(', '{', '@', NOT, SEQARROW, '-', STRING_LITERAL, CHAR_LITERAL, BIN_LITERAL, HEX_LITERAL, IDENT, INT_LITERAL, FLOAT_LITERAL, DOUBLE_LITERAL, REAL_LITERAL}
line 179:27 extraneous input '(' expecting {'\lemma', '}', IDENT, '/*!'}
line 179:32 mismatched input '&' expecting {'(', '{'}
line 181:42 mismatched input '}' expecting {'(', '{'}
line 182:39 mismatched input '}' expecting {'(', '{'}
line 188:14 mismatched input '\ifExintVar' expecting {MODALITY, FORALL, EXISTS, '\if', '\ifEx', 'true', 'false', '(', '{', '@', NOT, SEQARROW, '-', STRING_LITERAL, CHAR_LITERAL, BIN_LITERAL, HEX_LITERAL, IDENT, INT_LITERAL, FLOAT_LITERAL, DOUBLE_LITERAL, REAL_LITERAL}
line 188:27 extraneous input '(' expecting {'\lemma', '}', IDENT, '/*!'}
line 188:32 mismatched input '&' expecting {'(', '{'}
line 190:42 mismatched input '}' expecting {'(', '{'}
line 191:39 mismatched input '}' expecting {'(', '{'}
line 198:14 mismatched input '\ifExintVar' expecting {MODALITY, FORALL, EXISTS, '\if', '\ifEx', 'true', 'false', '(', '{', '@', NOT, SEQARROW, '-', STRING_LITERAL, CHAR_LITERAL, BIN_LITERAL, HEX_LITERAL, IDENT, INT_LITERAL, FLOAT_LITERAL, DOUBLE_LITERAL, REAL_LITERAL}
line 198:27 extraneous input '(' expecting {'\lemma', '}', IDENT, '/*!'}
line 198:32 mismatched input '&' expecting {'(', '{'}
line 200:42 mismatched input '}' expecting {'(', '{'}
line 201:39 mismatched input '}' expecting {'(', '{'}
line 208:14 mismatched input '\ifExintVar' expecting {MODALITY, FORALL, EXISTS, '\if', '\ifEx', 'true', 'false', '(', '{', '@', NOT, SEQARROW, '-', STRING_LITERAL, CHAR_LITERAL, BIN_LITERAL, HEX_LITERAL, IDENT, INT_LITERAL, FLOAT_LITERAL, DOUBLE_LITERAL, REAL_LITERAL}
line 208:27 extraneous input '(' expecting {'\lemma', '}', IDENT, '/*!'}
line 208:32 mismatched input '&' expecting {'(', '{'}
line 210:42 mismatched input '}' expecting {'(', '{'}
line 211:39 mismatched input '}' expecting {'(', '{'}
line 218:14 mismatched input '\ifExintVar' expecting {MODALITY, FORALL, EXISTS, '\if', '\ifEx', 'true', 'false', '(', '{', '@', NOT, SEQARROW, '-', STRING_LITERAL, CHAR_LITERAL, BIN_LITERAL, HEX_LITERAL, IDENT, INT_LITERAL, FLOAT_LITERAL, DOUBLE_LITERAL, REAL_LITERAL}
line 218:27 extraneous input '(' expecting {'\lemma', '}', IDENT, '/*!'}
line 218:31 mismatched input ')' expecting {'(', '{'}
line 220:44 mismatched input ')' expecting {'(', '{'}
line 225:14 mismatched input '\ifExintVar' expecting {MODALITY, FORALL, EXISTS, '\if', '\ifEx', 'true', 'false', '(', '{', '@', NOT, SEQARROW, '-', STRING_LITERAL, CHAR_LITERAL, BIN_LITERAL, HEX_LITERAL, IDENT, INT_LITERAL, FLOAT_LITERAL, DOUBLE_LITERAL, REAL_LITERAL}
line 225:27 extraneous input '(' expecting {'\lemma', '}', IDENT, '/*!'}
line 225:31 mismatched input ')' expecting {'(', '{'}
line 227:44 mismatched input ')' expecting {'(', '{'}
line 233:14 mismatched input '\ifExintVar' expecting {MODALITY, FORALL, EXISTS, '\if', '\ifEx', 'true', 'false', '(', '{', '@', NOT, SEQARROW, '-', STRING_LITERAL, CHAR_LITERAL, BIN_LITERAL, HEX_LITERAL, IDENT, INT_LITERAL, FLOAT_LITERAL, DOUBLE_LITERAL, REAL_LITERAL}
line 233:27 extraneous input '(' expecting {'\lemma', '}', IDENT, '/*!'}
line 233:31 mismatched input ')' expecting {'(', '{'}
line 237:42 mismatched input '}' expecting {'(', '{'}
line 238:34 mismatched input '}' expecting {'(', '{'}
line 239:28 extraneous input '(' expecting {'\lemma', '}', IDENT, '/*!'}
line 239:33 mismatched input '->' expecting {'(', '{'}
line 240:8 extraneous input '\replacewith' expecting {'\lemma', '}', IDENT, '/*!'}
line 240:25 mismatched input ')' expecting {'(', '{'}
line 240:56 mismatched input ')' expecting {'(', '{'}
line 245:14 mismatched input '\ifExintVar' expecting {MODALITY, FORALL, EXISTS, '\if', '\ifEx', 'true', 'false', '(', '{', '@', NOT, SEQARROW, '-', STRING_LITERAL, CHAR_LITERAL, BIN_LITERAL, HEX_LITERAL, IDENT, INT_LITERAL, FLOAT_LITERAL, DOUBLE_LITERAL, REAL_LITERAL}
line 245:27 extraneous input '(' expecting {'\lemma', '}', IDENT, '/*!'}
line 245:31 mismatched input ')' expecting {'(', '{'}
line 248:45 mismatched input '}' expecting {'(', '{'}
line 249:8 extraneous input '\replacewith' expecting {'\lemma', '}', IDENT, '/*!'}
line 249:38 mismatched input ')' expecting {'(', '{'}
line 250:42 mismatched input '}' expecting {'(', '{'}
line 251:28 extraneous input '(' expecting {'\lemma', '}', IDENT, '/*!'}
line 251:33 mismatched input '->' expecting {'(', '{'}
line 255:14 mismatched input '\ifExintVar' expecting {MODALITY, FORALL, EXISTS, '\if', '\ifEx', 'true', 'false', '(', '{', '@', NOT, SEQARROW, '-', STRING_LITERAL, CHAR_LITERAL, BIN_LITERAL, HEX_LITERAL, IDENT, INT_LITERAL, FLOAT_LITERAL, DOUBLE_LITERAL, REAL_LITERAL}
line 255:27 extraneous input '(' expecting {'\lemma', '}', IDENT, '/*!'}
line 255:31 mismatched input ')' expecting {'(', '{'}
line 258:52 extraneous input '0' expecting {'\lemma', '}', IDENT, '/*!'}
line 258:54 mismatched input 'then' expecting {<EOF>, '\problem', '\chooseContract', '\proofObligation', '\proof'}

	at de.uka.ilkd.key.control.AbstractUserInterfaceControl.load(AbstractUserInterfaceControl.java:221)
Caused by: de.uka.ilkd.key.proof.init.ProofInputException: line 135:14 mismatched input '\ifExintVar' expecting {MODALITY, FORALL, EXISTS, '\if', '\ifEx', 'true', 'false', '(', '{', '@', NOT, SEQARROW, '-', STRING_LITERAL, CHAR_LITERAL, BIN_LITERAL, HEX_LITERAL, IDENT, INT_LITERAL, FLOAT_LITERAL, DOUBLE_LITERAL, REAL_LITERAL}
line 135:27 extraneous input '(' expecting {'\lemma', '}', IDENT, '/*!'}
line 135:44 mismatched input ')' expecting {'(', '{'}
line 141:14 mismatched input '\ifExintVar' expecting {MODALITY, FORALL, EXISTS, '\if', '\ifEx', 'true', 'false', '(', '{', '@', NOT, SEQARROW, '-', STRING_LITERAL, CHAR_LITERAL, BIN_LITERAL, HEX_LITERAL, IDENT, INT_LITERAL, FLOAT_LITERAL, DOUBLE_LITERAL, REAL_LITERAL}
line 141:27 extraneous input '(' expecting {'\lemma', '}', IDENT, '/*!'}
line 141:41 mismatched input ')' expecting {'(', '{'}
line 148:14 mismatched input '\ifExintVar' expecting {MODALITY, FORALL, EXISTS, '\if', '\ifEx', 'true', 'false', '(', '{', '@', NOT, SEQARROW, '-', STRING_LITERAL, CHAR_LITERAL, BIN_LITERAL, HEX_LITERAL, IDENT, INT_LITERAL, FLOAT_LITERAL, DOUBLE_LITERAL, REAL_LITERAL}
line 148:27 extraneous input '(' expecting {'\lemma', '}', IDENT, '/*!'}
line 148:35 mismatched input '=' expecting {'(', '{'}
line 150:38 mismatched input '}' expecting {'(', '{'}
line 155:14 mismatched input '\ifExintVar' expecting {MODALITY, FORALL, EXISTS, '\if', '\ifEx', 'true', 'false', '(', '{', '@', NOT, SEQARROW, '-', STRING_LITERAL, CHAR_LITERAL, BIN_LITERAL, HEX_LITERAL, IDENT, INT_LITERAL, FLOAT_LITERAL, DOUBLE_LITERAL, REAL_LITERAL}
line 155:27 extraneous input '(' expecting {'\lemma', '}', IDENT, '/*!'}
line 155:35 mismatched input '=' expecting {'(', '{'}
line 157:38 mismatched input '}' expecting {'(', '{'}
line 163:14 mismatched input '\ifExintVar' expecting {MODALITY, FORALL, EXISTS, '\if', '\ifEx', 'true', 'false', '(', '{', '@', NOT, SEQARROW, '-', STRING_LITERAL, CHAR_LITERAL, BIN_LITERAL, HEX_LITERAL, IDENT, INT_LITERAL, FLOAT_LITERAL, DOUBLE_LITERAL, REAL_LITERAL}
line 163:27 extraneous input '(' expecting {'\lemma', '}', IDENT, '/*!'}
line 163:30 mismatched input '=' expecting {'(', '{'}
line 165:38 mismatched input '}' expecting {'(', '{'}
line 171:14 mismatched input '\ifExintVar' expecting {MODALITY, FORALL, EXISTS, '\if', '\ifEx', 'true', 'false', '(', '{', '@', NOT, SEQARROW, '-', STRING_LITERAL, CHAR_LITERAL, BIN_LITERAL, HEX_LITERAL, IDENT, INT_LITERAL, FLOAT_LITERAL, DOUBLE_LITERAL, REAL_LITERAL}
line 171:27 extraneous input '(' expecting {'\lemma', '}', IDENT, '/*!'}
line 171:30 mismatched input '=' expecting {'(', '{'}
line 173:38 mismatched input '}' expecting {'(', '{'}
line 179:14 mismatched input '\ifExintVar' expecting {MODALITY, FORALL, EXISTS, '\if', '\ifEx', 'true', 'false', '(', '{', '@', NOT, SEQARROW, '-', STRING_LITERAL, CHAR_LITERAL, BIN_LITERAL, HEX_LITERAL, IDENT, INT_LITERAL, FLOAT_LITERAL, DOUBLE_LITERAL, REAL_LITERAL}
line 179:27 extraneous input '(' expecting {'\lemma', '}', IDENT, '/*!'}
line 179:32 mismatched input '&' expecting {'(', '{'}
line 181:42 mismatched input '}' expecting {'(', '{'}
line 182:39 mismatched input '}' expecting {'(', '{'}
line 188:14 mismatched input '\ifExintVar' expecting {MODALITY, FORALL, EXISTS, '\if', '\ifEx', 'true', 'false', '(', '{', '@', NOT, SEQARROW, '-', STRING_LITERAL, CHAR_LITERAL, BIN_LITERAL, HEX_LITERAL, IDENT, INT_LITERAL, FLOAT_LITERAL, DOUBLE_LITERAL, REAL_LITERAL}
line 188:27 extraneous input '(' expecting {'\lemma', '}', IDENT, '/*!'}
line 188:32 mismatched input '&' expecting {'(', '{'}
line 190:42 mismatched input '}' expecting {'(', '{'}
line 191:39 mismatched input '}' expecting {'(', '{'}
line 198:14 mismatched input '\ifExintVar' expecting {MODALITY, FORALL, EXISTS, '\if', '\ifEx', 'true', 'false', '(', '{', '@', NOT, SEQARROW, '-', STRING_LITERAL, CHAR_LITERAL, BIN_LITERAL, HEX_LITERAL, IDENT, INT_LITERAL, FLOAT_LITERAL, DOUBLE_LITERAL, REAL_LITERAL}
line 198:27 extraneous input '(' expecting {'\lemma', '}', IDENT, '/*!'}
line 198:32 mismatched input '&' expecting {'(', '{'}
line 200:42 mismatched input '}' expecting {'(', '{'}
line 201:39 mismatched input '}' expecting {'(', '{'}
line 208:14 mismatched input '\ifExintVar' expecting {MODALITY, FORALL, EXISTS, '\if', '\ifEx', 'true', 'false', '(', '{', '@', NOT, SEQARROW, '-', STRING_LITERAL, CHAR_LITERAL, BIN_LITERAL, HEX_LITERAL, IDENT, INT_LITERAL, FLOAT_LITERAL, DOUBLE_LITERAL, REAL_LITERAL}
line 208:27 extraneous input '(' expecting {'\lemma', '}', IDENT, '/*!'}
line 208:32 mismatched input '&' expecting {'(', '{'}
line 210:42 mismatched input '}' expecting {'(', '{'}
line 211:39 mismatched input '}' expecting {'(', '{'}
line 218:14 mismatched input '\ifExintVar' expecting {MODALITY, FORALL, EXISTS, '\if', '\ifEx', 'true', 'false', '(', '{', '@', NOT, SEQARROW, '-', STRING_LITERAL, CHAR_LITERAL, BIN_LITERAL, HEX_LITERAL, IDENT, INT_LITERAL, FLOAT_LITERAL, DOUBLE_LITERAL, REAL_LITERAL}
line 218:27 extraneous input '(' expecting {'\lemma', '}', IDENT, '/*!'}
line 218:31 mismatched input ')' expecting {'(', '{'}
line 220:44 mismatched input ')' expecting {'(', '{'}
line 225:14 mismatched input '\ifExintVar' expecting {MODALITY, FORALL, EXISTS, '\if', '\ifEx', 'true', 'false', '(', '{', '@', NOT, SEQARROW, '-', STRING_LITERAL, CHAR_LITERAL, BIN_LITERAL, HEX_LITERAL, IDENT, INT_LITERAL, FLOAT_LITERAL, DOUBLE_LITERAL, REAL_LITERAL}
line 225:27 extraneous input '(' expecting {'\lemma', '}', IDENT, '/*!'}
line 225:31 mismatched input ')' expecting {'(', '{'}
line 227:44 mismatched input ')' expecting {'(', '{'}
line 233:14 mismatched input '\ifExintVar' expecting {MODALITY, FORALL, EXISTS, '\if', '\ifEx', 'true', 'false', '(', '{', '@', NOT, SEQARROW, '-', STRING_LITERAL, CHAR_LITERAL, BIN_LITERAL, HEX_LITERAL, IDENT, INT_LITERAL, FLOAT_LITERAL, DOUBLE_LITERAL, REAL_LITERAL}
line 233:27 extraneous input '(' expecting {'\lemma', '}', IDENT, '/*!'}
line 233:31 mismatched input ')' expecting {'(', '{'}
line 237:42 mismatched input '}' expecting {'(', '{'}
line 238:34 mismatched input '}' expecting {'(', '{'}
line 239:28 extraneous input '(' expecting {'\lemma', '}', IDENT, '/*!'}
line 239:33 mismatched input '->' expecting {'(', '{'}
line 240:8 extraneous input '\replacewith' expecting {'\lemma', '}', IDENT, '/*!'}
line 240:25 mismatched input ')' expecting {'(', '{'}
line 240:56 mismatched input ')' expecting {'(', '{'}
line 245:14 mismatched input '\ifExintVar' expecting {MODALITY, FORALL, EXISTS, '\if', '\ifEx', 'true', 'false', '(', '{', '@', NOT, SEQARROW, '-', STRING_LITERAL, CHAR_LITERAL, BIN_LITERAL, HEX_LITERAL, IDENT, INT_LITERAL, FLOAT_LITERAL, DOUBLE_LITERAL, REAL_LITERAL}
line 245:27 extraneous input '(' expecting {'\lemma', '}', IDENT, '/*!'}
line 245:31 mismatched input ')' expecting {'(', '{'}
line 248:45 mismatched input '}' expecting {'(', '{'}
line 249:8 extraneous input '\replacewith' expecting {'\lemma', '}', IDENT, '/*!'}
line 249:38 mismatched input ')' expecting {'(', '{'}
line 250:42 mismatched input '}' expecting {'(', '{'}
line 251:28 extraneous input '(' expecting {'\lemma', '}', IDENT, '/*!'}
line 251:33 mismatched input '->' expecting {'(', '{'}
line 255:14 mismatched input '\ifExintVar' expecting {MODALITY, FORALL, EXISTS, '\if', '\ifEx', 'true', 'false', '(', '{', '@', NOT, SEQARROW, '-', STRING_LITERAL, CHAR_LITERAL, BIN_LITERAL, HEX_LITERAL, IDENT, INT_LITERAL, FLOAT_LITERAL, DOUBLE_LITERAL, REAL_LITERAL}
line 255:27 extraneous input '(' expecting {'\lemma', '}', IDENT, '/*!'}
line 255:31 mismatched input ')' expecting {'(', '{'}
line 258:52 extraneous input '0' expecting {'\lemma', '}', IDENT, '/*!'}
line 258:54 mismatched input 'then' expecting {<EOF>, '\problem', '\chooseContract', '\proofObligation', '\proof'}

	at de.uka.ilkd.key.proof.io.KeYFile.readIncludes(KeYFile.java:210)
Caused by: de.uka.ilkd.key.util.parsing.SyntaxErrorReporter$ParserException: line 135:14 mismatched input '\ifExintVar' expecting {MODALITY, FORALL, EXISTS, '\if', '\ifEx', 'true', 'false', '(', '{', '@', NOT, SEQARROW, '-', STRING_LITERAL, CHAR_LITERAL, BIN_LITERAL, HEX_LITERAL, IDENT, INT_LITERAL, FLOAT_LITERAL, DOUBLE_LITERAL, REAL_LITERAL}
line 135:27 extraneous input '(' expecting {'\lemma', '}', IDENT, '/*!'}
line 135:44 mismatched input ')' expecting {'(', '{'}
line 141:14 mismatched input '\ifExintVar' expecting {MODALITY, FORALL, EXISTS, '\if', '\ifEx', 'true', 'false', '(', '{', '@', NOT, SEQARROW, '-', STRING_LITERAL, CHAR_LITERAL, BIN_LITERAL, HEX_LITERAL, IDENT, INT_LITERAL, FLOAT_LITERAL, DOUBLE_LITERAL, REAL_LITERAL}
line 141:27 extraneous input '(' expecting {'\lemma', '}', IDENT, '/*!'}
line 141:41 mismatched input ')' expecting {'(', '{'}
line 148:14 mismatched input '\ifExintVar' expecting {MODALITY, FORALL, EXISTS, '\if', '\ifEx', 'true', 'false', '(', '{', '@', NOT, SEQARROW, '-', STRING_LITERAL, CHAR_LITERAL, BIN_LITERAL, HEX_LITERAL, IDENT, INT_LITERAL, FLOAT_LITERAL, DOUBLE_LITERAL, REAL_LITERAL}
line 148:27 extraneous input '(' expecting {'\lemma', '}', IDENT, '/*!'}
line 148:35 mismatched input '=' expecting {'(', '{'}
line 150:38 mismatched input '}' expecting {'(', '{'}
line 155:14 mismatched input '\ifExintVar' expecting {MODALITY, FORALL, EXISTS, '\if', '\ifEx', 'true', 'false', '(', '{', '@', NOT, SEQARROW, '-', STRING_LITERAL, CHAR_LITERAL, BIN_LITERAL, HEX_LITERAL, IDENT, INT_LITERAL, FLOAT_LITERAL, DOUBLE_LITERAL, REAL_LITERAL}
line 155:27 extraneous input '(' expecting {'\lemma', '}', IDENT, '/*!'}
line 155:35 mismatched input '=' expecting {'(', '{'}
line 157:38 mismatched input '}' expecting {'(', '{'}
line 163:14 mismatched input '\ifExintVar' expecting {MODALITY, FORALL, EXISTS, '\if', '\ifEx', 'true', 'false', '(', '{', '@', NOT, SEQARROW, '-', STRING_LITERAL, CHAR_LITERAL, BIN_LITERAL, HEX_LITERAL, IDENT, INT_LITERAL, FLOAT_LITERAL, DOUBLE_LITERAL, REAL_LITERAL}
line 163:27 extraneous input '(' expecting {'\lemma', '}', IDENT, '/*!'}
line 163:30 mismatched input '=' expecting {'(', '{'}
line 165:38 mismatched input '}' expecting {'(', '{'}
line 171:14 mismatched input '\ifExintVar' expecting {MODALITY, FORALL, EXISTS, '\if', '\ifEx', 'true', 'false', '(', '{', '@', NOT, SEQARROW, '-', STRING_LITERAL, CHAR_LITERAL, BIN_LITERAL, HEX_LITERAL, IDENT, INT_LITERAL, FLOAT_LITERAL, DOUBLE_LITERAL, REAL_LITERAL}
line 171:27 extraneous input '(' expecting {'\lemma', '}', IDENT, '/*!'}
line 171:30 mismatched input '=' expecting {'(', '{'}
line 173:38 mismatched input '}' expecting {'(', '{'}
line 179:14 mismatched input '\ifExintVar' expecting {MODALITY, FORALL, EXISTS, '\if', '\ifEx', 'true', 'false', '(', '{', '@', NOT, SEQARROW, '-', STRING_LITERAL, CHAR_LITERAL, BIN_LITERAL, HEX_LITERAL, IDENT, INT_LITERAL, FLOAT_LITERAL, DOUBLE_LITERAL, REAL_LITERAL}
line 179:27 extraneous input '(' expecting {'\lemma', '}', IDENT, '/*!'}
line 179:32 mismatched input '&' expecting {'(', '{'}
line 181:42 mismatched input '}' expecting {'(', '{'}
line 182:39 mismatched input '}' expecting {'(', '{'}
line 188:14 mismatched input '\ifExintVar' expecting {MODALITY, FORALL, EXISTS, '\if', '\ifEx', 'true', 'false', '(', '{', '@', NOT, SEQARROW, '-', STRING_LITERAL, CHAR_LITERAL, BIN_LITERAL, HEX_LITERAL, IDENT, INT_LITERAL, FLOAT_LITERAL, DOUBLE_LITERAL, REAL_LITERAL}
line 188:27 extraneous input '(' expecting {'\lemma', '}', IDENT, '/*!'}
line 188:32 mismatched input '&' expecting {'(', '{'}
line 190:42 mismatched input '}' expecting {'(', '{'}
line 191:39 mismatched input '}' expecting {'(', '{'}
line 198:14 mismatched input '\ifExintVar' expecting {MODALITY, FORALL, EXISTS, '\if', '\ifEx', 'true', 'false', '(', '{', '@', NOT, SEQARROW, '-', STRING_LITERAL, CHAR_LITERAL, BIN_LITERAL, HEX_LITERAL, IDENT, INT_LITERAL, FLOAT_LITERAL, DOUBLE_LITERAL, REAL_LITERAL}
line 198:27 extraneous input '(' expecting {'\lemma', '}', IDENT, '/*!'}
line 198:32 mismatched input '&' expecting {'(', '{'}
line 200:42 mismatched input '}' expecting {'(', '{'}
line 201:39 mismatched input '}' expecting {'(', '{'}
line 208:14 mismatched input '\ifExintVar' expecting {MODALITY, FORALL, EXISTS, '\if', '\ifEx', 'true', 'false', '(', '{', '@', NOT, SEQARROW, '-', STRING_LITERAL, CHAR_LITERAL, BIN_LITERAL, HEX_LITERAL, IDENT, INT_LITERAL, FLOAT_LITERAL, DOUBLE_LITERAL, REAL_LITERAL}
line 208:27 extraneous input '(' expecting {'\lemma', '}', IDENT, '/*!'}
line 208:32 mismatched input '&' expecting {'(', '{'}
line 210:42 mismatched input '}' expecting {'(', '{'}
line 211:39 mismatched input '}' expecting {'(', '{'}
line 218:14 mismatched input '\ifExintVar' expecting {MODALITY, FORALL, EXISTS, '\if', '\ifEx', 'true', 'false', '(', '{', '@', NOT, SEQARROW, '-', STRING_LITERAL, CHAR_LITERAL, BIN_LITERAL, HEX_LITERAL, IDENT, INT_LITERAL, FLOAT_LITERAL, DOUBLE_LITERAL, REAL_LITERAL}
line 218:27 extraneous input '(' expecting {'\lemma', '}', IDENT, '/*!'}
line 218:31 mismatched input ')' expecting {'(', '{'}
line 220:44 mismatched input ')' expecting {'(', '{'}
line 225:14 mismatched input '\ifExintVar' expecting {MODALITY, FORALL, EXISTS, '\if', '\ifEx', 'true', 'false', '(', '{', '@', NOT, SEQARROW, '-', STRING_LITERAL, CHAR_LITERAL, BIN_LITERAL, HEX_LITERAL, IDENT, INT_LITERAL, FLOAT_LITERAL, DOUBLE_LITERAL, REAL_LITERAL}
line 225:27 extraneous input '(' expecting {'\lemma', '}', IDENT, '/*!'}
line 225:31 mismatched input ')' expecting {'(', '{'}
line 227:44 mismatched input ')' expecting {'(', '{'}
line 233:14 mismatched input '\ifExintVar' expecting {MODALITY, FORALL, EXISTS, '\if', '\ifEx', 'true', 'false', '(', '{', '@', NOT, SEQARROW, '-', STRING_LITERAL, CHAR_LITERAL, BIN_LITERAL, HEX_LITERAL, IDENT, INT_LITERAL, FLOAT_LITERAL, DOUBLE_LITERAL, REAL_LITERAL}
line 233:27 extraneous input '(' expecting {'\lemma', '}', IDENT, '/*!'}
line 233:31 mismatched input ')' expecting {'(', '{'}
line 237:42 mismatched input '}' expecting {'(', '{'}
line 238:34 mismatched input '}' expecting {'(', '{'}
line 239:28 extraneous input '(' expecting {'\lemma', '}', IDENT, '/*!'}
line 239:33 mismatched input '->' expecting {'(', '{'}
line 240:8 extraneous input '\replacewith' expecting {'\lemma', '}', IDENT, '/*!'}
line 240:25 mismatched input ')' expecting {'(', '{'}
line 240:56 mismatched input ')' expecting {'(', '{'}
line 245:14 mismatched input '\ifExintVar' expecting {MODALITY, FORALL, EXISTS, '\if', '\ifEx', 'true', 'false', '(', '{', '@', NOT, SEQARROW, '-', STRING_LITERAL, CHAR_LITERAL, BIN_LITERAL, HEX_LITERAL, IDENT, INT_LITERAL, FLOAT_LITERAL, DOUBLE_LITERAL, REAL_LITERAL}
line 245:27 extraneous input '(' expecting {'\lemma', '}', IDENT, '/*!'}
line 245:31 mismatched input ')' expecting {'(', '{'}
line 248:45 mismatched input '}' expecting {'(', '{'}
line 249:8 extraneous input '\replacewith' expecting {'\lemma', '}', IDENT, '/*!'}
line 249:38 mismatched input ')' expecting {'(', '{'}
line 250:42 mismatched input '}' expecting {'(', '{'}
line 251:28 extraneous input '(' expecting {'\lemma', '}', IDENT, '/*!'}
line 251:33 mismatched input '->' expecting {'(', '{'}
line 255:14 mismatched input '\ifExintVar' expecting {MODALITY, FORALL, EXISTS, '\if', '\ifEx', 'true', 'false', '(', '{', '@', NOT, SEQARROW, '-', STRING_LITERAL, CHAR_LITERAL, BIN_LITERAL, HEX_LITERAL, IDENT, INT_LITERAL, FLOAT_LITERAL, DOUBLE_LITERAL, REAL_LITERAL}
line 255:27 extraneous input '(' expecting {'\lemma', '}', IDENT, '/*!'}
line 255:31 mismatched input ')' expecting {'(', '{'}
line 258:52 extraneous input '0' expecting {'\lemma', '}', IDENT, '/*!'}
line 258:54 mismatched input 'then' expecting {<EOF>, '\problem', '\chooseContract', '\proofObligation', '\proof'}

	at de.uka.ilkd.key.util.parsing.SyntaxErrorReporter.throwException(SyntaxErrorReporter.java:89)

302805     WARN  Test worker     d.u.i.k.n.KeYParser       [syntax-error] file:/home/runner/work/key/key/key.core/build/resources/main/de/uka/ilkd/key/proof/rules/ifThenElseRules.key:135:14: mismatched input '\ifExintVar' expecting {MODALITY, FORALL, EXISTS, '\if', '\ifEx', 'true', 'false', '(', '{', '@', NOT, SEQARROW, '-', STRING_LITERAL, CHAR_LITERAL, BIN_LITERAL, HEX_LITERAL, IDENT, INT_LITERAL, FLOAT_LITERAL, DOUBLE_LITERAL, REAL_LITERAL} [@745,3563:3573='\ifExintVar',<188>,135:14] (termorseq, taclet, rulesOrAxioms, decls, file) 
302806     WARN  Test worker     d.u.i.k.n.KeYParser       [syntax-error] file:/home/runner/work/key/key/key.core/build/resources/main/de/uka/ilkd/key/proof/rules/ifThenElseRules.key:135:27: extraneous input '(' expecting {'\lemma', '}', IDENT, '/*!'} [@748,3576:3576='(',<146>,135:27] (rulesOrAxioms, decls, file) 
302806     WARN  Test worker     d.u.i.k.n.KeYParser       [syntax-error] file:/home/runner/work/key/key/key.core/build/resources/main/de/uka/ilkd/key/proof/rules/ifThenElseRules.key:135:44: mismatched input ')' expecting {'(', '{'} [@754,3593:3593=')',<147>,135:44] (taclet, rulesOrAxioms, decls, file) 
302806     WARN  Test worker     d.u.i.k.n.KeYParser       [syntax-error] file:/home/runner/work/key/key/key.core/build/resources/main/de/uka/ilkd/key/proof/rules/ifThenElseRules.key:141:14: mismatched input '\ifExintVar' expecting {MODALITY, FORALL, EXISTS, '\if', '\ifEx', 'true', 'false', '(', '{', '@', NOT, SEQARROW, '-', STRING_LITERAL, CHAR_LITERAL, BIN_LITERAL, HEX_LITERAL, IDENT, INT_LITERAL, FLOAT_LITERAL, DOUBLE_LITERAL, REAL_LITERAL} [@780,3716:3726='\ifExintVar',<188>,141:14] (termorseq, taclet, rulesOrAxioms, decls, file) 
302806     WARN  Test worker     d.u.i.k.n.KeYParser       [syntax-error] file:/home/runner/work/key/key/key.core/build/resources/main/de/uka/ilkd/key/proof/rules/ifThenElseRules.key:141:27: extraneous input '(' expecting {'\lemma', '}', IDENT, '/*!'} [@783,3729:3729='(',<146>,141:27] (rulesOrAxioms, decls, file) 
302806     WARN  Test worker     d.u.i.k.n.KeYParser       [syntax-error] file:/home/runner/work/key/key/key.core/build/resources/main/de/uka/ilkd/key/proof/rules/ifThenElseRules.key:141:41: mismatched input ')' expecting {'(', '{'} [@789,3743:3743=')',<147>,141:41] (taclet, rulesOrAxioms, decls, file) 
302807     WARN  Test worker     d.u.i.k.n.KeYParser       [syntax-error] file:/home/runner/work/key/key/key.core/build/resources/main/de/uka/ilkd/key/proof/rules/ifThenElseRules.key:148:14: mismatched input '\ifExintVar' expecting {MODALITY, FORALL, EXISTS, '\if', '\ifEx', 'true', 'false', '(', '{', '@', NOT, SEQARROW, '-', STRING_LITERAL, CHAR_LITERAL, BIN_LITERAL, HEX_LITERAL, IDENT, INT_LITERAL, FLOAT_LITERAL, DOUBLE_LITERAL, REAL_LITERAL} [@819,3896:3906='\ifExintVar',<188>,148:14] (termorseq, taclet, rulesOrAxioms, decls, file) 
302807     WARN  Test worker     d.u.i.k.n.KeYParser       [syntax-error] file:/home/runner/work/key/key/key.core/build/resources/main/de/uka/ilkd/key/proof/rules/ifThenElseRules.key:148:27: extraneous input '(' expecting {'\lemma', '}', IDENT, '/*!'} [@822,3909:3909='(',<146>,148:27] (rulesOrAxioms, decls, file) 
302807     WARN  Test worker     d.u.i.k.n.KeYParser       [syntax-error] file:/home/runner/work/key/key/key.core/build/resources/main/de/uka/ilkd/key/proof/rules/ifThenElseRules.key:148:35: mismatched input '=' expecting {'(', '{'} [@825,3917:3917='=',<159>,148:35] (taclet, rulesOrAxioms, decls, file) 
302807     WARN  Test worker     d.u.i.k.n.KeYParser       [syntax-error] file:/home/runner/work/key/key/key.core/build/resources/main/de/uka/ilkd/key/proof/rules/ifThenElseRules.key:150:38: mismatched input '}' expecting {'(', '{'} [@859,4023:4023='}',<149>,150:38] (taclet, rulesOrAxioms, decls, file) 
302807     WARN  Test worker     d.u.i.k.n.KeYParser       [syntax-error] file:/home/runner/work/key/key/key.core/build/resources/main/de/uka/ilkd/key/proof/rules/ifThenElseRules.key:155:14: mismatched input '\ifExintVar' expecting {MODALITY, FORALL, EXISTS, '\if', '\ifEx', 'true', 'false', '(', '{', '@', NOT, SEQARROW, '-', STRING_LITERAL, CHAR_LITERAL, BIN_LITERAL, HEX_LITERAL, IDENT, INT_LITERAL, FLOAT_LITERAL, DOUBLE_LITERAL, REAL_LITERAL} [@877,4109:4119='\ifExintVar',<188>,155:14] (termorseq, taclet, rulesOrAxioms, decls, file) 
302808     WARN  Test worker     d.u.i.k.n.KeYParser       [syntax-error] file:/home/runner/work/key/key/key.core/build/resources/main/de/uka/ilkd/key/proof/rules/ifThenElseRules.key:155:27: extraneous input '(' expecting {'\lemma', '}', IDENT, '/*!'} [@880,4122:4122='(',<146>,155:27] (rulesOrAxioms, decls, file) 
302808     WARN  Test worker     d.u.i.k.n.KeYParser       [syntax-error] file:/home/runner/work/key/key/key.core/build/resources/main/de/uka/ilkd/key/proof/rules/ifThenElseRules.key:155:35: mismatched input '=' expecting {'(', '{'} [@883,4130:4130='=',<159>,155:35] (taclet, rulesOrAxioms, decls, file) 
302808     WARN  Test worker     d.u.i.k.n.KeYParser       [syntax-error] file:/home/runner/work/key/key/key.core/build/resources/main/de/uka/ilkd/key/proof/rules/ifThenElseRules.key:157:38: mismatched input '}' expecting {'(', '{'} [@917,4230:4230='}',<149>,157:38] (taclet, rulesOrAxioms, decls, file) 
302808     WARN  Test worker     d.u.i.k.n.KeYParser       [syntax-error] file:/home/runner/work/key/key/key.core/build/resources/main/de/uka/ilkd/key/proof/rules/ifThenElseRules.key:163:14: mismatched input '\ifExintVar' expecting {MODALITY, FORALL, EXISTS, '\if', '\ifEx', 'true', 'false', '(', '{', '@', NOT, SEQARROW, '-', STRING_LITERAL, CHAR_LITERAL, BIN_LITERAL, HEX_LITERAL, IDENT, INT_LITERAL, FLOAT_LITERAL, DOUBLE_LITERAL, REAL_LITERAL} [@939,4350:4360='\ifExintVar',<188>,163:14] (termorseq, taclet, rulesOrAxioms, decls, file) 
302808     WARN  Test worker     d.u.i.k.n.KeYParser       [syntax-error] file:/home/runner/work/key/key/key.core/build/resources/main/de/uka/ilkd/key/proof/rules/ifThenElseRules.key:163:27: extraneous input '(' expecting {'\lemma', '}', IDENT, '/*!'} [@942,4363:4363='(',<146>,163:27] (rulesOrAxioms, decls, file) 
302808     WARN  Test worker     d.u.i.k.n.KeYParser       [syntax-error] file:/home/runner/work/key/key/key.core/build/resources/main/de/uka/ilkd/key/proof/rules/ifThenElseRules.key:163:30: mismatched input '=' expecting {'(', '{'} [@945,4366:4366='=',<159>,163:30] (taclet, rulesOrAxioms, decls, file) 
302808     WARN  Test worker     d.u.i.k.n.KeYParser       [syntax-error] file:/home/runner/work/key/key/key.core/build/resources/main/de/uka/ilkd/key/proof/rules/ifThenElseRules.key:165:38: mismatched input '}' expecting {'(', '{'} [@979,4477:4477='}',<149>,165:38] (taclet, rulesOrAxioms, decls, file) 
302808     WARN  Test worker     d.u.i.k.n.KeYParser       [syntax-error] file:/home/runner/work/key/key/key.core/build/resources/main/de/uka/ilkd/key/proof/rules/ifThenElseRules.key:171:14: mismatched input '\ifExintVar' expecting {MODALITY, FORALL, EXISTS, '\if', '\ifEx', 'true', 'false', '(', '{', '@', NOT, SEQARROW, '-', STRING_LITERAL, CHAR_LITERAL, BIN_LITERAL, HEX_LITERAL, IDENT, INT_LITERAL, FLOAT_LITERAL, DOUBLE_LITERAL, REAL_LITERAL} [@1001,4604:4614='\ifExintVar',<188>,171:14] (termorseq, taclet, rulesOrAxioms, decls, file) 
302808     WARN  Test worker     d.u.i.k.n.KeYParser       [syntax-error] file:/home/runner/work/key/key/key.core/build/resources/main/de/uka/ilkd/key/proof/rules/ifThenElseRules.key:171:27: extraneous input '(' expecting {'\lemma', '}', IDENT, '/*!'} [@1004,4617:4617='(',<146>,171:27] (rulesOrAxioms, decls, file) 
302809     WARN  Test worker     d.u.i.k.n.KeYParser       [syntax-error] file:/home/runner/work/key/key/key.core/build/resources/main/de/uka/ilkd/key/proof/rules/ifThenElseRules.key:171:30: mismatched input '=' expecting {'(', '{'} [@1007,4620:4620='=',<159>,171:30] (taclet, rulesOrAxioms, decls, file) 
302809     WARN  Test worker     d.u.i.k.n.KeYParser       [syntax-error] file:/home/runner/work/key/key/key.core/build/resources/main/de/uka/ilkd/key/proof/rules/ifThenElseRules.key:173:38: mismatched input '}' expecting {'(', '{'} [@1041,4725:4725='}',<149>,173:38] (taclet, rulesOrAxioms, decls, file) 
302809     WARN  Test worker     d.u.i.k.n.KeYParser       [syntax-error] file:/home/runner/work/key/key/key.core/build/resources/main/de/uka/ilkd/key/proof/rules/ifThenElseRules.key:179:14: mismatched input '\ifExintVar' expecting {MODALITY, FORALL, EXISTS, '\if', '\ifEx', 'true', 'false', '(', '{', '@', NOT, SEQARROW, '-', STRING_LITERAL, CHAR_LITERAL, BIN_LITERAL, HEX_LITERAL, IDENT, INT_LITERAL, FLOAT_LITERAL, DOUBLE_LITERAL, REAL_LITERAL} [@1063,4848:4858='\ifExintVar',<188>,179:14] (termorseq, taclet, rulesOrAxioms, decls, file) 
302809     WARN  Test worker     d.u.i.k.n.KeYParser       [syntax-error] file:/home/runner/work/key/key/key.core/build/resources/main/de/uka/ilkd/key/proof/rules/ifThenElseRules.key:179:27: extraneous input '(' expecting {'\lemma', '}', IDENT, '/*!'} [@1066,4861:4861='(',<146>,179:27] (rulesOrAxioms, decls, file) 
302809     WARN  Test worker     d.u.i.k.n.KeYParser       [syntax-error] file:/home/runner/work/key/key/key.core/build/resources/main/de/uka/ilkd/key/proof/rules/ifThenElseRules.key:179:32: mismatched input '&' expecting {'(', '{'} [@1069,4866:4866='&',<156>,179:32] (taclet, rulesOrAxioms, decls, file) 
302809     WARN  Test worker     d.u.i.k.n.KeYParser       [syntax-error] file:/home/runner/work/key/key/key.core/build/resources/main/de/uka/ilkd/key/proof/rules/ifThenElseRules.key:181:42: mismatched input '}' expecting {'(', '{'} [@1109,4985:4985='}',<149>,181:42] (taclet, rulesOrAxioms, decls, file) 
302809     WARN  Test worker     d.u.i.k.n.KeYParser       [syntax-error] file:/home/runner/work/key/key/key.core/build/resources/main/de/uka/ilkd/key/proof/rules/ifThenElseRules.key:182:39: mismatched input '}' expecting {'(', '{'} [@1122,5030:5030='}',<149>,182:39] (taclet, rulesOrAxioms, decls, file) 
302809     WARN  Test worker     d.u.i.k.n.KeYParser       [syntax-error] file:/home/runner/work/key/key/key.core/build/resources/main/de/uka/ilkd/key/proof/rules/ifThenElseRules.key:188:14: mismatched input '\ifExintVar' expecting {MODALITY, FORALL, EXISTS, '\if', '\ifEx', 'true', 'false', '(', '{', '@', NOT, SEQARROW, '-', STRING_LITERAL, CHAR_LITERAL, BIN_LITERAL, HEX_LITERAL, IDENT, INT_LITERAL, FLOAT_LITERAL, DOUBLE_LITERAL, REAL_LITERAL} [@1146,5149:5159='\ifExintVar',<188>,188:14] (termorseq, taclet, rulesOrAxioms, decls, file) 
302809     WARN  Test worker     d.u.i.k.n.KeYParser       [syntax-error] file:/home/runner/work/key/key/key.core/build/resources/main/de/uka/ilkd/key/proof/rules/ifThenElseRules.key:188:27: extraneous input '(' expecting {'\lemma', '}', IDENT, '/*!'} [@1149,5162:5162='(',<146>,188:27] (rulesOrAxioms, decls, file) 
302810     WARN  Test worker     d.u.i.k.n.KeYParser       [syntax-error] file:/home/runner/work/key/key/key.core/build/resources/main/de/uka/ilkd/key/proof/rules/ifThenElseRules.key:188:32: mismatched input '&' expecting {'(', '{'} [@1152,5167:5167='&',<156>,188:32] (taclet, rulesOrAxioms, decls, file) 
302810     WARN  Test worker     d.u.i.k.n.KeYParser       [syntax-error] file:/home/runner/work/key/key/key.core/build/resources/main/de/uka/ilkd/key/proof/rules/ifThenElseRules.key:190:42: mismatched input '}' expecting {'(', '{'} [@1192,5280:5280='}',<149>,190:42] (taclet, rulesOrAxioms, decls, file) 
302810     WARN  Test worker     d.u.i.k.n.KeYParser       [syntax-error] file:/home/runner/work/key/key/key.core/build/resources/main/de/uka/ilkd/key/proof/rules/ifThenElseRules.key:191:39: mismatched input '}' expecting {'(', '{'} [@1205,5325:5325='}',<149>,191:39] (taclet, rulesOrAxioms, decls, file) 
302810     WARN  Test worker     d.u.i.k.n.KeYParser       [syntax-error] file:/home/runner/work/key/key/key.core/build/resources/main/de/uka/ilkd/key/proof/rules/ifThenElseRules.key:198:14: mismatched input '\ifExintVar' expecting {MODALITY, FORALL, EXISTS, '\if', '\ifEx', 'true', 'false', '(', '{', '@', NOT, SEQARROW, '-', STRING_LITERAL, CHAR_LITERAL, BIN_LITERAL, HEX_LITERAL, IDENT, INT_LITERAL, FLOAT_LITERAL, DOUBLE_LITERAL, REAL_LITERAL} [@1233,5475:5485='\ifExintVar',<188>,198:14] (termorseq, taclet, rulesOrAxioms, decls, file) 
302810     WARN  Test worker     d.u.i.k.n.KeYParser       [syntax-error] file:/home/runner/work/key/key/key.core/build/resources/main/de/uka/ilkd/key/proof/rules/ifThenElseRules.key:198:27: extraneous input '(' expecting {'\lemma', '}', IDENT, '/*!'} [@1236,5488:5488='(',<146>,198:27] (rulesOrAxioms, decls, file) 
302810     WARN  Test worker     d.u.i.k.n.KeYParser       [syntax-error] file:/home/runner/work/key/key/key.core/build/resources/main/de/uka/ilkd/key/proof/rules/ifThenElseRules.key:198:32: mismatched input '&' expecting {'(', '{'} [@1239,5493:5493='&',<156>,198:32] (taclet, rulesOrAxioms, decls, file) 
302810     WARN  Test worker     d.u.i.k.n.KeYParser       [syntax-error] file:/home/runner/work/key/key/key.core/build/resources/main/de/uka/ilkd/key/proof/rules/ifThenElseRules.key:200:42: mismatched input '}' expecting {'(', '{'} [@1279,5612:5612='}',<149>,200:42] (taclet, rulesOrAxioms, decls, file) 
302810     WARN  Test worker     d.u.i.k.n.KeYParser       [syntax-error] file:/home/runner/work/key/key/key.core/build/resources/main/de/uka/ilkd/key/proof/rules/ifThenElseRules.key:201:39: mismatched input '}' expecting {'(', '{'} [@1292,5657:5657='}',<149>,201:39] (taclet, rulesOrAxioms, decls, file) 
302810     WARN  Test worker     d.u.i.k.n.KeYParser       [syntax-error] file:/home/runner/work/key/key/key.core/build/resources/main/de/uka/ilkd/key/proof/rules/ifThenElseRules.key:208:14: mismatched input '\ifExintVar' expecting {MODALITY, FORALL, EXISTS, '\if', '\ifEx', 'true', 'false', '(', '{', '@', NOT, SEQARROW, '-', STRING_LITERAL, CHAR_LITERAL, BIN_LITERAL, HEX_LITERAL, IDENT, INT_LITERAL, FLOAT_LITERAL, DOUBLE_LITERAL, REAL_LITERAL} [@1320,5817:5827='\ifExintVar',<188>,208:14] (termorseq, taclet, rulesOrAxioms, decls, file) 
302811     WARN  Test worker     d.u.i.k.n.KeYParser       [syntax-error] file:/home/runner/work/key/key/key.core/build/resources/main/de/uka/ilkd/key/proof/rules/ifThenElseRules.key:208:27: extraneous input '(' expecting {'\lemma', '}', IDENT, '/*!'} [@1323,5830:5830='(',<146>,208:27] (rulesOrAxioms, decls, file) 
302811     WARN  Test worker     d.u.i.k.n.KeYParser       [syntax-error] file:/home/runner/work/key/key/key.core/build/resources/main/de/uka/ilkd/key/proof/rules/ifThenElseRules.key:208:32: mismatched input '&' expecting {'(', '{'} [@1326,5835:5835='&',<156>,208:32] (taclet, rulesOrAxioms, decls, file) 
302811     WARN  Test worker     d.u.i.k.n.KeYParser       [syntax-error] file:/home/runner/work/key/key/key.core/build/resources/main/de/uka/ilkd/key/proof/rules/ifThenElseRules.key:210:42: mismatched input '}' expecting {'(', '{'} [@1366,5948:5948='}',<149>,210:42] (taclet, rulesOrAxioms, decls, file) 
302811     WARN  Test worker     d.u.i.k.n.KeYParser       [syntax-error] file:/home/runner/work/key/key/key.core/build/resources/main/de/uka/ilkd/key/proof/rules/ifThenElseRules.key:211:39: mismatched input '}' expecting {'(', '{'} [@1379,5993:5993='}',<149>,211:39] (taclet, rulesOrAxioms, decls, file) 
302811     WARN  Test worker     d.u.i.k.n.KeYParser       [syntax-error] file:/home/runner/work/key/key/key.core/build/resources/main/de/uka/ilkd/key/proof/rules/ifThenElseRules.key:218:14: mismatched input '\ifExintVar' expecting {MODALITY, FORALL, EXISTS, '\if', '\ifEx', 'true', 'false', '(', '{', '@', NOT, SEQARROW, '-', STRING_LITERAL, CHAR_LITERAL, BIN_LITERAL, HEX_LITERAL, IDENT, INT_LITERAL, FLOAT_LITERAL, DOUBLE_LITERAL, REAL_LITERAL} [@1407,6146:6156='\ifExintVar',<188>,218:14] (termorseq, taclet, rulesOrAxioms, decls, file) 
302811     WARN  Test worker     d.u.i.k.n.KeYParser       [syntax-error] file:/home/runner/work/key/key/key.core/build/resources/main/de/uka/ilkd/key/proof/rules/ifThenElseRules.key:218:27: extraneous input '(' expecting {'\lemma', '}', IDENT, '/*!'} [@1410,6159:6159='(',<146>,218:27] (rulesOrAxioms, decls, file) 
302811     WARN  Test worker     d.u.i.k.n.KeYParser       [syntax-error] file:/home/runner/work/key/key/key.core/build/resources/main/de/uka/ilkd/key/proof/rules/ifThenElseRules.key:218:31: mismatched input ')' expecting {'(', '{'} [@1412,6163:6163=')',<147>,218:31] (taclet, rulesOrAxioms, decls, file) 
302811     WARN  Test worker     d.u.i.k.n.KeYParser       [syntax-error] file:/home/runner/work/key/key/key.core/build/resources/main/de/uka/ilkd/key/proof/rules/ifThenElseRules.key:220:44: mismatched input ')' expecting {'(', '{'} [@1444,6275:6275=')',<147>,220:44] (taclet, rulesOrAxioms, decls, file) 
302811     WARN  Test worker     d.u.i.k.n.KeYParser       [syntax-error] file:/home/runner/work/key/key/key.core/build/resources/main/de/uka/ilkd/key/proof/rules/ifThenElseRules.key:225:14: mismatched input '\ifExintVar' expecting {MODALITY, FORALL, EXISTS, '\if', '\ifEx', 'true', 'false', '(', '{', '@', NOT, SEQARROW, '-', STRING_LITERAL, CHAR_LITERAL, BIN_LITERAL, HEX_LITERAL, IDENT, INT_LITERAL, FLOAT_LITERAL, DOUBLE_LITERAL, REAL_LITERAL} [@1471,6389:6399='\ifExintVar',<188>,225:14] (termorseq, taclet, rulesOrAxioms, decls, file) 
302812     WARN  Test worker     d.u.i.k.n.KeYParser       [syntax-error] file:/home/runner/work/key/key/key.core/build/resources/main/de/uka/ilkd/key/proof/rules/ifThenElseRules.key:225:27: extraneous input '(' expecting {'\lemma', '}', IDENT, '/*!'} [@1474,6402:6402='(',<146>,225:27] (rulesOrAxioms, decls, file) 
302812     WARN  Test worker     d.u.i.k.n.KeYParser       [syntax-error] file:/home/runner/work/key/key/key.core/build/resources/main/de/uka/ilkd/key/proof/rules/ifThenElseRules.key:225:31: mismatched input ')' expecting {'(', '{'} [@1476,6406:6406=')',<147>,225:31] (taclet, rulesOrAxioms, decls, file) 
302812     WARN  Test worker     d.u.i.k.n.KeYParser       [syntax-error] file:/home/runner/work/key/key/key.core/build/resources/main/de/uka/ilkd/key/proof/rules/ifThenElseRules.key:227:44: mismatched input ')' expecting {'(', '{'} [@1508,6509:6509=')',<147>,227:44] (taclet, rulesOrAxioms, decls, file) 
302812     WARN  Test worker     d.u.i.k.n.KeYParser       [syntax-error] file:/home/runner/work/key/key/key.core/build/resources/main/de/uka/ilkd/key/proof/rules/ifThenElseRules.key:233:14: mismatched input '\ifExintVar' expecting {MODALITY, FORALL, EXISTS, '\if', '\ifEx', 'true', 'false', '(', '{', '@', NOT, SEQARROW, '-', STRING_LITERAL, CHAR_LITERAL, BIN_LITERAL, HEX_LITERAL, IDENT, INT_LITERAL, FLOAT_LITERAL, DOUBLE_LITERAL, REAL_LITERAL} [@1539,6656:6666='\ifExintVar',<188>,233:14] (termorseq, taclet, rulesOrAxioms, decls, file) 
302812     WARN  Test worker     d.u.i.k.n.KeYParser       [syntax-error] file:/home/runner/work/key/key/key.core/build/resources/main/de/uka/ilkd/key/proof/rules/ifThenElseRules.key:233:27: extraneous input '(' expecting {'\lemma', '}', IDENT, '/*!'} [@1542,6669:6669='(',<146>,233:27] (rulesOrAxioms, decls, file) 
302812     WARN  Test worker     d.u.i.k.n.KeYParser       [syntax-error] file:/home/runner/work/key/key/key.core/build/resources/main/de/uka/ilkd/key/proof/rules/ifThenElseRules.key:233:31: mismatched input ')' expecting {'(', '{'} [@1544,6673:6673=')',<147>,233:31] (taclet, rulesOrAxioms, decls, file) 
302812     WARN  Test worker     d.u.i.k.n.KeYParser       [syntax-error] file:/home/runner/work/key/key/key.core/build/resources/main/de/uka/ilkd/key/proof/rules/ifThenElseRules.key:237:42: mismatched input '}' expecting {'(', '{'} [@1586,6850:6850='}',<149>,237:42] (taclet, rulesOrAxioms, decls, file) 
302812     WARN  Test worker     d.u.i.k.n.KeYParser       [syntax-error] file:/home/runner/work/key/key/key.core/build/resources/main/de/uka/ilkd/key/proof/rules/ifThenElseRules.key:238:34: mismatched input '}' expecting {'(', '{'} [@1599,6891:6891='}',<149>,238:34] (taclet, rulesOrAxioms, decls, file) 
302812     WARN  Test worker     d.u.i.k.n.KeYParser       [syntax-error] file:/home/runner/work/key/key/key.core/build/resources/main/de/uka/ilkd/key/proof/rules/ifThenElseRules.key:239:28: extraneous input '(' expecting {'\lemma', '}', IDENT, '/*!'} [@1608,6925:6925='(',<146>,239:28] (rulesOrAxioms, decls, file) 
302813     WARN  Test worker     d.u.i.k.n.KeYParser       [syntax-error] file:/home/runner/work/key/key/key.core/build/resources/main/de/uka/ilkd/key/proof/rules/ifThenElseRules.key:239:33: mismatched input '->' expecting {'(', '{'} [@1611,6930:6931='->',<158>,239:33] (taclet, rulesOrAxioms, decls, file) 
302813     WARN  Test worker     d.u.i.k.n.KeYParser       [syntax-error] file:/home/runner/work/key/key/key.core/build/resources/main/de/uka/ilkd/key/proof/rules/ifThenElseRules.key:240:8: extraneous input '\replacewith' expecting {'\lemma', '}', IDENT, '/*!'} [@1626,6979:6990='\replacewith',<105>,240:8] (rulesOrAxioms, decls, file) 
302813     WARN  Test worker     d.u.i.k.n.KeYParser       [syntax-error] file:/home/runner/work/key/key/key.core/build/resources/main/de/uka/ilkd/key/proof/rules/ifThenElseRules.key:240:25: mismatched input ')' expecting {'(', '{'} [@1629,6996:6996=')',<147>,240:25] (taclet, rulesOrAxioms, decls, file) 
302813     WARN  Test worker     d.u.i.k.n.KeYParser       [syntax-error] file:/home/runner/work/key/key/key.core/build/resources/main/de/uka/ilkd/key/proof/rules/ifThenElseRules.key:240:56: mismatched input ')' expecting {'(', '{'} [@1642,7027:7027=')',<147>,240:56] (taclet, rulesOrAxioms, decls, file) 
302813     WARN  Test worker     d.u.i.k.n.KeYParser       [syntax-error] file:/home/runner/work/key/key/key.core/build/resources/main/de/uka/ilkd/key/proof/rules/ifThenElseRules.key:245:14: mismatched input '\ifExintVar' expecting {MODALITY, FORALL, EXISTS, '\if', '\ifEx', 'true', 'false', '(', '{', '@', NOT, SEQARROW, '-', STRING_LITERAL, CHAR_LITERAL, BIN_LITERAL, HEX_LITERAL, IDENT, INT_LITERAL, FLOAT_LITERAL, DOUBLE_LITERAL, REAL_LITERAL} [@1658,7109:7119='\ifExintVar',<188>,245:14] (termorseq, taclet, rulesOrAxioms, decls, file) 
302813     WARN  Test worker     d.u.i.k.n.KeYParser       [syntax-error] file:/home/runner/work/key/key/key.core/build/resources/main/de/uka/ilkd/key/proof/rules/ifThenElseRules.key:245:27: extraneous input '(' expecting {'\lemma', '}', IDENT, '/*!'} [@1661,7122:7122='(',<146>,245:27] (rulesOrAxioms, decls, file) 
302813     WARN  Test worker     d.u.i.k.n.KeYParser       [syntax-error] file:/home/runner/work/key/key/key.core/build/resources/main/de/uka/ilkd/key/proof/rules/ifThenElseRules.key:245:31: mismatched input ')' expecting {'(', '{'} [@1663,7126:7126=')',<147>,245:31] (taclet, rulesOrAxioms, decls, file) 
302813     WARN  Test worker     d.u.i.k.n.KeYParser       [syntax-error] file:/home/runner/work/key/key/key.core/build/resources/main/de/uka/ilkd/key/proof/rules/ifThenElseRules.key:248:45: mismatched input '}' expecting {'(', '{'} [@1696,7268:7268='}',<149>,248:45] (taclet, rulesOrAxioms, decls, file) 
302813     WARN  Test worker     d.u.i.k.n.KeYParser       [syntax-error] file:/home/runner/work/key/key/key.core/build/resources/main/de/uka/ilkd/key/proof/rules/ifThenElseRules.key:249:8: extraneous input '\replacewith' expecting {'\lemma', '}', IDENT, '/*!'} [@1701,7284:7295='\replacewith',<105>,249:8] (rulesOrAxioms, decls, file) 
302813     WARN  Test worker     d.u.i.k.n.KeYParser       [syntax-error] file:/home/runner/work/key/key/key.core/build/resources/main/de/uka/ilkd/key/proof/rules/ifThenElseRules.key:249:38: mismatched input ')' expecting {'(', '{'} [@1708,7314:7314=')',<147>,249:38] (taclet, rulesOrAxioms, decls, file) 
302814     WARN  Test worker     d.u.i.k.n.KeYParser       [syntax-error] file:/home/runner/work/key/key/key.core/build/resources/main/de/uka/ilkd/key/proof/rules/ifThenElseRules.key:250:42: mismatched input '}' expecting {'(', '{'} [@1731,7381:7381='}',<149>,250:42] (taclet, rulesOrAxioms, decls, file) 
302814     WARN  Test worker     d.u.i.k.n.KeYParser       [syntax-error] file:/home/runner/work/key/key/key.core/build/resources/main/de/uka/ilkd/key/proof/rules/ifThenElseRules.key:251:28: extraneous input '(' expecting {'\lemma', '}', IDENT, '/*!'} [@1741,7416:7416='(',<146>,251:28] (rulesOrAxioms, decls, file) 
302814     WARN  Test worker     d.u.i.k.n.KeYParser       [syntax-error] file:/home/runner/work/key/key/key.core/build/resources/main/de/uka/ilkd/key/proof/rules/ifThenElseRules.key:251:33: mismatched input '->' expecting {'(', '{'} [@1744,7421:7422='->',<158>,251:33] (taclet, rulesOrAxioms, decls, file) 
302814     WARN  Test worker     d.u.i.k.n.KeYParser       [syntax-error] file:/home/runner/work/key/key/key.core/build/resources/main/de/uka/ilkd/key/proof/rules/ifThenElseRules.key:255:14: mismatched input '\ifExintVar' expecting {MODALITY, FORALL, EXISTS, '\if', '\ifEx', 'true', 'false', '(', '{', '@', NOT, SEQARROW, '-', STRING_LITERAL, CHAR_LITERAL, BIN_LITERAL, HEX_LITERAL, IDENT, INT_LITERAL, FLOAT_LITERAL, DOUBLE_LITERAL, REAL_LITERAL} [@1765,7506:7516='\ifExintVar',<188>,255:14] (termorseq, taclet, rulesOrAxioms, decls, file) 
302814     WARN  Test worker     d.u.i.k.n.KeYParser       [syntax-error] file:/home/runner/work/key/key/key.core/build/resources/main/de/uka/ilkd/key/proof/rules/ifThenElseRules.key:255:27: extraneous input '(' expecting {'\lemma', '}', IDENT, '/*!'} [@1768,7519:7519='(',<146>,255:27] (rulesOrAxioms, decls, file) 
302815     WARN  Test worker     d.u.i.k.n.KeYParser       [syntax-error] file:/home/runner/work/key/key/key.core/build/resources/main/de/uka/ilkd/key/proof/rules/ifThenElseRules.key:255:31: mismatched input ')' expecting {'(', '{'} [@1770,7523:7523=')',<147>,255:31] (taclet, rulesOrAxioms, decls, file) 
302815     WARN  Test worker     d.u.i.k.n.KeYParser       [syntax-error] file:/home/runner/work/key/key/key.core/build/resources/main/de/uka/ilkd/key/proof/rules/ifThenElseRules.key:258:52: extraneous input '0' expecting {'\lemma', '}', IDENT, '/*!'} [@1809,7667:7667='0',<184>,258:52] (rulesOrAxioms, decls, file) 
302815     WARN  Test worker     d.u.i.k.n.KeYParser       [syntax-error] file:/home/runner/work/key/key/key.core/build/resources/main/de/uka/ilkd/key/proof/rules/ifThenElseRules.key:258:54: mismatched input 'then' expecting {<EOF>, '\problem', '\chooseContract', '\proofObligation', '\proof'} [@1811,7669:7672='then',<183>,258:54] (file) 
302815     ERROR Test worker     d.u.i.k.s.n.MasterHandlerTest Error reading /home/runner/work/key/key/key.core/build/resources/test/de/uka/ilkd/key/smt/newsmt2/cases/bool1.props de.uka.ilkd.key.proof.io.ProblemLoaderException: line 135:14 mismatched input '\ifExintVar' expecting {MODALITY, FORALL, EXISTS, '\if', '\ifEx', 'true', 'false', '(', '{', '@', NOT, SEQARROW, '-', STRING_LITERAL, CHAR_LITERAL, BIN_LITERAL, HEX_LITERAL, IDENT, INT_LITERAL, FLOAT_LITERAL, DOUBLE_LITERAL, REAL_LITERAL}
line 135:27 extraneous input '(' expecting {'\lemma', '}', IDENT, '/*!'}
line 135:44 mismatched input ')' expecting {'(', '{'}
line 141:14 mismatched input '\ifExintVar' expecting {MODALITY, FORALL, EXISTS, '\if', '\ifEx', 'true', 'false', '(', '{', '@', NOT, SEQARROW, '-', STRING_LITERAL, CHAR_LITERAL, BIN_LITERAL, HEX_LITERAL, IDENT, INT_LITERAL, FLOAT_LITERAL, DOUBLE_LITERAL, REAL_LITERAL}
line 141:27 extraneous input '(' expecting {'\lemma', '}', IDENT, '/*!'}
line 141:41 mismatched input ')' expecting {'(', '{'}
line 148:14 mismatched input '\ifExintVar' expecting {MODALITY, FORALL, EXISTS, '\if', '\ifEx', 'true', 'false', '(', '{', '@', NOT, SEQARROW, '-', STRING_LITERAL, CHAR_LITERAL, BIN_LITERAL, HEX_LITERAL, IDENT, INT_LITERAL, FLOAT_LITERAL, DOUBLE_LITERAL, REAL_LITERAL}
line 148:27 extraneous input '(' expecting {'\lemma', '}', IDENT, '/*!'}
line 148:35 mismatched input '=' expecting {'(', '{'}
line 150:38 mismatched input '}' expecting {'(', '{'}
line 155:14 mismatched input '\ifExintVar' expecting {MODALITY, FORALL, EXISTS, '\if', '\ifEx', 'true', 'false', '(', '{', '@', NOT, SEQARROW, '-', STRING_LITERAL, CHAR_LITERAL, BIN_LITERAL, HEX_LITERAL, IDENT, INT_LITERAL, FLOAT_LITERAL, DOUBLE_LITERAL, REAL_LITERAL}
line 155:27 extraneous input '(' expecting {'\lemma', '}', IDENT, '/*!'}
line 155:35 mismatched input '=' expecting {'(', '{'}
line 157:38 mismatched input '}' expecting {'(', '{'}
line 163:14 mismatched input '\ifExintVar' expecting {MODALITY, FORALL, EXISTS, '\if', '\ifEx', 'true', 'false', '(', '{', '@', NOT, SEQARROW, '-', STRING_LITERAL, CHAR_LITERAL, BIN_LITERAL, HEX_LITERAL, IDENT, INT_LITERAL, FLOAT_LITERAL, DOUBLE_LITERAL, REAL_LITERAL}
line 163:27 extraneous input '(' expecting {'\lemma', '}', IDENT, '/*!'}
line 163:30 mismatched input '=' expecting {'(', '{'}
line 165:38 mismatched input '}' expecting {'(', '{'}
line 171:14 mismatched input '\ifExintVar' expecting {MODALITY, FORALL, EXISTS, '\if', '\ifEx', 'true', 'false', '(', '{', '@', NOT, SEQARROW, '-', STRING_LITERAL, CHAR_LITERAL, BIN_LITERAL, HEX_LITERAL, IDENT, INT_LITERAL, FLOAT_LITERAL, DOUBLE_LITERAL, REAL_LITERAL}
line 171:27 extraneous input '(' expecting {'\lemma', '}', IDENT, '/*!'}
line 171:30 mismatched input '=' expecting {'(', '{'}
line 173:38 mismatched input '}' expecting {'(', '{'}
line 179:14 mismatched input '\ifExintVar' expecting {MODALITY, FORALL, EXISTS, '\if', '\ifEx', 'true', 'false', '(', '{', '@', NOT, SEQARROW, '-', STRING_LITERAL, CHAR_LITERAL, BIN_LITERAL, HEX_LITERAL, IDENT, INT_LITERAL, FLOAT_LITERAL, DOUBLE_LITERAL, REAL_LITERAL}
line 179:27 extraneous input '(' expecting {'\lemma', '}', IDENT, '/*!'}
line 179:32 mismatched input '&' expecting {'(', '{'}
line 181:42 mismatched input '}' expecting {'(', '{'}
line 182:39 mismatched input '}' expecting {'(', '{'}
line 188:14 mismatched input '\ifExintVar' expecting {MODALITY, FORALL, EXISTS, '\if', '\ifEx', 'true', 'false', '(', '{', '@', NOT, SEQARROW, '-', STRING_LITERAL, CHAR_LITERAL, BIN_LITERAL, HEX_LITERAL, IDENT, INT_LITERAL, FLOAT_LITERAL, DOUBLE_LITERAL, REAL_LITERAL}
line 188:27 extraneous input '(' expecting {'\lemma', '}', IDENT, '/*!'}
line 188:32 mismatched input '&' expecting {'(', '{'}
line 190:42 mismatched input '}' expecting {'(', '{'}
line 191:39 mismatched input '}' expecting {'(', '{'}
line 198:14 mismatched input '\ifExintVar' expecting {MODALITY, FORALL, EXISTS, '\if', '\ifEx', 'true', 'false', '(', '{', '@', NOT, SEQARROW, '-', STRING_LITERAL, CHAR_LITERAL, BIN_LITERAL, HEX_LITERAL, IDENT, INT_LITERAL, FLOAT_LITERAL, DOUBLE_LITERAL, REAL_LITERAL}
line 198:27 extraneous input '(' expecting {'\lemma', '}', IDENT, '/*!'}
line 198:32 mismatched input '&' expecting {'(', '{'}
line 200:42 mismatched input '}' expecting {'(', '{'}
line 201:39 mismatched input '}' expecting {'(', '{'}
line 208:14 mismatched input '\ifExintVar' expecting {MODALITY, FORALL, EXISTS, '\if', '\ifEx', 'true', 'false', '(', '{', '@', NOT, SEQARROW, '-', STRING_LITERAL, CHAR_LITERAL, BIN_LITERAL, HEX_LITERAL, IDENT, INT_LITERAL, FLOAT_LITERAL, DOUBLE_LITERAL, REAL_LITERAL}
line 208:27 extraneous input '(' expecting {'\lemma', '}', IDENT, '/*!'}
line 208:32 mismatched input '&' expecting {'(', '{'}
line 210:42 mismatched input '}' expecting {'(', '{'}
line 211:39 mismatched input '}' expecting {'(', '{'}
line 218:14 mismatched input '\ifExintVar' expecting {MODALITY, FORALL, EXISTS, '\if', '\ifEx', 'true', 'false', '(', '{', '@', NOT, SEQARROW, '-', STRING_LITERAL, CHAR_LITERAL, BIN_LITERAL, HEX_LITERAL, IDENT, INT_LITERAL, FLOAT_LITERAL, DOUBLE_LITERAL, REAL_LITERAL}
line 218:27 extraneous input '(' expecting {'\lemma', '}', IDENT, '/*!'}
line 218:31 mismatched input ')' expecting {'(', '{'}
line 220:44 mismatched input ')' expecting {'(', '{'}
line 225:14 mismatched input '\ifExintVar' expecting {MODALITY, FORALL, EXISTS, '\if', '\ifEx', 'true', 'false', '(', '{', '@', NOT, SEQARROW, '-', STRING_LITERAL, CHAR_LITERAL, BIN_LITERAL, HEX_LITERAL, IDENT, INT_LITERAL, FLOAT_LITERAL, DOUBLE_LITERAL, REAL_LITERAL}
line 225:27 extraneous input '(' expecting {'\lemma', '}', IDENT, '/*!'}
line 225:31 mismatched input ')' expecting {'(', '{'}
line 227:44 mismatched input ')' expecting {'(', '{'}
line 233:14 mismatched input '\ifExintVar' expecting {MODALITY, FORALL, EXISTS, '\if', '\ifEx', 'true', 'false', '(', '{', '@', NOT, SEQARROW, '-', STRING_LITERAL, CHAR_LITERAL, BIN_LITERAL, HEX_LITERAL, IDENT, INT_LITERAL, FLOAT_LITERAL, DOUBLE_LITERAL, REAL_LITERAL}
line 233:27 extraneous input '(' expecting {'\lemma', '}', IDENT, '/*!'}
line 233:31 mismatched input ')' expecting {'(', '{'}
line 237:42 mismatched input '}' expecting {'(', '{'}
line 238:34 mismatched input '}' expecting {'(', '{'}
line 239:28 extraneous input '(' expecting {'\lemma', '}', IDENT, '/*!'}
line 239:33 mismatched input '->' expecting {'(', '{'}
line 240:8 extraneous input '\replacewith' expecting {'\lemma', '}', IDENT, '/*!'}
line 240:25 mismatched input ')' expecting {'(', '{'}
line 240:56 mismatched input ')' expecting {'(', '{'}
line 245:14 mismatched input '\ifExintVar' expecting {MODALITY, FORALL, EXISTS, '\if', '\ifEx', 'true', 'false', '(', '{', '@', NOT, SEQARROW, '-', STRING_LITERAL, CHAR_LITERAL, BIN_LITERAL, HEX_LITERAL, IDENT, INT_LITERAL, FLOAT_LITERAL, DOUBLE_LITERAL, REAL_LITERAL}
line 245:27 extraneous input '(' expecting {'\lemma', '}', IDENT, '/*!'}
line 245:31 mismatched input ')' expecting {'(', '{'}
line 248:45 mismatched input '}' expecting {'(', '{'}
line 249:8 extraneous input '\replacewith' expecting {'\lemma', '}', IDENT, '/*!'}
line 249:38 mismatched input ')' expecting {'(', '{'}
line 250:42 mismatched input '}' expecting {'(', '{'}
line 251:28 extraneous input '(' expecting {'\lemma', '}', IDENT, '/*!'}
line 251:33 mismatched input '->' expecting {'(', '{'}
line 255:14 mismatched input '\ifExintVar' expecting {MODALITY, FORALL, EXISTS, '\if', '\ifEx', 'true', 'false', '(', '{', '@', NOT, SEQARROW, '-', STRING_LITERAL, CHAR_LITERAL, BIN_LITERAL, HEX_LITERAL, IDENT, INT_LITERAL, FLOAT_LITERAL, DOUBLE_LITERAL, REAL_LITERAL}
line 255:27 extraneous input '(' expecting {'\lemma', '}', IDENT, '/*!'}
line 255:31 mismatched input ')' expecting {'(', '{'}
line 258:52 extraneous input '0' expecting {'\lemma', '}', IDENT, '/*!'}
line 258:54 mismatched input 'then' expecting {<EOF>, '\problem', '\chooseContract', '\proofObligation', '\proof'}

	at de.uka.ilkd.key.control.AbstractUserInterfaceControl.load(AbstractUserInterfaceControl.java:221)
Caused by: de.uka.ilkd.key.proof.init.ProofInputException: line 135:14 mismatched input '\ifExintVar' expecting {MODALITY, FORALL, EXISTS, '\if', '\ifEx', 'true', 'false', '(', '{', '@', NOT, SEQARROW, '-', STRING_LITERAL, CHAR_LITERAL, BIN_LITERAL, HEX_LITERAL, IDENT, INT_LITERAL, FLOAT_LITERAL, DOUBLE_LITERAL, REAL_LITERAL}
line 135:27 extraneous input '(' expecting {'\lemma', '}', IDENT, '/*!'}
line 135:44 mismatched input ')' expecting {'(', '{'}
line 141:14 mismatched input '\ifExintVar' expecting {MODALITY, FORALL, EXISTS, '\if', '\ifEx', 'true', 'false', '(', '{', '@', NOT, SEQARROW, '-', STRING_LITERAL, CHAR_LITERAL, BIN_LITERAL, HEX_LITERAL, IDENT, INT_LITERAL, FLOAT_LITERAL, DOUBLE_LITERAL, REAL_LITERAL}
line 141:27 extraneous input '(' expecting {'\lemma', '}', IDENT, '/*!'}
line 141:41 mismatched input ')' expecting {'(', '{'}
line 148:14 mismatched input '\ifExintVar' expecting {MODALITY, FORALL, EXISTS, '\if', '\ifEx', 'true', 'false', '(', '{', '@', NOT, SEQARROW, '-', STRING_LITERAL, CHAR_LITERAL, BIN_LITERAL, HEX_LITERAL, IDENT, INT_LITERAL, FLOAT_LITERAL, DOUBLE_LITERAL, REAL_LITERAL}
line 148:27 extraneous input '(' expecting {'\lemma', '}', IDENT, '/*!'}
line 148:35 mismatched input '=' expecting {'(', '{'}
line 150:38 mismatched input '}' expecting {'(', '{'}
line 155:14 mismatched input '\ifExintVar' expecting {MODALITY, FORALL, EXISTS, '\if', '\ifEx', 'true', 'false', '(', '{', '@', NOT, SEQARROW, '-', STRING_LITERAL, CHAR_LITERAL, BIN_LITERAL, HEX_LITERAL, IDENT, INT_LITERAL, FLOAT_LITERAL, DOUBLE_LITERAL, REAL_LITERAL}
line 155:27 extraneous input '(' expecting {'\lemma', '}', IDENT, '/*!'}
line 155:35 mismatched input '=' expecting {'(', '{'}
line 157:38 mismatched input '}' expecting {'(', '{'}
line 163:14 mismatched input '\ifExintVar' expecting {MODALITY, FORALL, EXISTS, '\if', '\ifEx', 'true', 'false', '(', '{', '@', NOT, SEQARROW, '-', STRING_LITERAL, CHAR_LITERAL, BIN_LITERAL, HEX_LITERAL, IDENT, INT_LITERAL, FLOAT_LITERAL, DOUBLE_LITERAL, REAL_LITERAL}
line 163:27 extraneous input '(' expecting {'\lemma', '}', IDENT, '/*!'}
line 163:30 mismatched input '=' expecting {'(', '{'}
line 165:38 mismatched input '}' expecting {'(', '{'}
line 171:14 mismatched input '\ifExintVar' expecting {MODALITY, FORALL, EXISTS, '\if', '\ifEx', 'true', 'false', '(', '{', '@', NOT, SEQARROW, '-', STRING_LITERAL, CHAR_LITERAL, BIN_LITERAL, HEX_LITERAL, IDENT, INT_LITERAL, FLOAT_LITERAL, DOUBLE_LITERAL, REAL_LITERAL}
line 171:27 extraneous input '(' expecting {'\lemma', '}', IDENT, '/*!'}
line 171:30 mismatched input '=' expecting {'(', '{'}
line 173:38 mismatched input '}' expecting {'(', '{'}
line 179:14 mismatched input '\ifExintVar' expecting {MODALITY, FORALL, EXISTS, '\if', '\ifEx', 'true', 'false', '(', '{', '@', NOT, SEQARROW, '-', STRING_LITERAL, CHAR_LITERAL, BIN_LITERAL, HEX_LITERAL, IDENT, INT_LITERAL, FLOAT_LITERAL, DOUBLE_LITERAL, REAL_LITERAL}
line 179:27 extraneous input '(' expecting {'\lemma', '}', IDENT, '/*!'}
line 179:32 mismatched input '&' expecting {'(', '{'}
line 181:42 mismatched input '}' expecting {'(', '{'}
line 182:39 mismatched input '}' expecting {'(', '{'}
line 188:14 mismatched input '\ifExintVar' expecting {MODALITY, FORALL, EXISTS, '\if', '\ifEx', 'true', 'false', '(', '{', '@', NOT, SEQARROW, '-', STRING_LITERAL, CHAR_LITERAL, BIN_LITERAL, HEX_LITERAL, IDENT, INT_LITERAL, FLOAT_LITERAL, DOUBLE_LITERAL, REAL_LITERAL}
line 188:27 extraneous input '(' expecting {'\lemma', '}', IDENT, '/*!'}
line 188:32 mismatched input '&' expecting {'(', '{'}
line 190:42 mismatched input '}' expecting {'(', '{'}
line 191:39 mismatched input '}' expecting {'(', '{'}
line 198:14 mismatched input '\ifExintVar' expecting {MODALITY, FORALL, EXISTS, '\if', '\ifEx', 'true', 'false', '(', '{', '@', NOT, SEQARROW, '-', STRING_LITERAL, CHAR_LITERAL, BIN_LITERAL, HEX_LITERAL, IDENT, INT_LITERAL, FLOAT_LITERAL, DOUBLE_LITERAL, REAL_LITERAL}
line 198:27 extraneous input '(' expecting {'\lemma', '}', IDENT, '/*!'}
line 198:32 mismatched input '&' expecting {'(', '{'}
line 200:42 mismatched input '}' expecting {'(', '{'}
line 201:39 mismatched input '}' expecting {'(', '{'}
line 208:14 mismatched input '\ifExintVar' expecting {MODALITY, FORALL, EXISTS, '\if', '\ifEx', 'true', 'false', '(', '{', '@', NOT, SEQARROW, '-', STRING_LITERAL, CHAR_LITERAL, BIN_LITERAL, HEX_LITERAL, IDENT, INT_LITERAL, FLOAT_LITERAL, DOUBLE_LITERAL, REAL_LITERAL}
line 208:27 extraneous input '(' expecting {'\lemma', '}', IDENT, '/*!'}
line 208:32 mismatched input '&' expecting {'(', '{'}
line 210:42 mismatched input '}' expecting {'(', '{'}
line 211:39 mismatched input '}' expecting {'(', '{'}
line 218:14 mismatched input '\ifExintVar' expecting {MODALITY, FORALL, EXISTS, '\if', '\ifEx', 'true', 'false', '(', '{', '@', NOT, SEQARROW, '-', STRING_LITERAL, CHAR_LITERAL, BIN_LITERAL, HEX_LITERAL, IDENT, INT_LITERAL, FLOAT_LITERAL, DOUBLE_LITERAL, REAL_LITERAL}
line 218:27 extraneous input '(' expecting {'\lemma', '}', IDENT, '/*!'}
line 218:31 mismatched input ')' expecting {'(', '{'}
line 220:44 mismatched input ')' expecting {'(', '{'}
line 225:14 mismatched input '\ifExintVar' expecting {MODALITY, FORALL, EXISTS, '\if', '\ifEx', 'true', 'false', '(', '{', '@', NOT, SEQARROW, '-', STRING_LITERAL, CHAR_LITERAL, BIN_LITERAL, HEX_LITERAL, IDENT, INT_LITERAL, FLOAT_LITERAL, DOUBLE_LITERAL, REAL_LITERAL}
line 225:27 extraneous input '(' expecting {'\lemma', '}', IDENT, '/*!'}
line 225:31 mismatched input ')' expecting {'(', '{'}
line 227:44 mismatched input ')' expecting {'(', '{'}
line 233:14 mismatched input '\ifExintVar' expecting {MODALITY, FORALL, EXISTS, '\if', '\ifEx', 'true', 'false', '(', '{', '@', NOT, SEQARROW, '-', STRING_LITERAL, CHAR_LITERAL, BIN_LITERAL, HEX_LITERAL, IDENT, INT_LITERAL, FLOAT_LITERAL, DOUBLE_LITERAL, REAL_LITERAL}
line 233:27 extraneous input '(' expecting {'\lemma', '}', IDENT, '/*!'}
line 233:31 mismatched input ')' expecting {'(', '{'}
line 237:42 mismatched input '}' expecting {'(', '{'}
line 238:34 mismatched input '}' expecting {'(', '{'}
line 239:28 extraneous input '(' expecting {'\lemma', '}', IDENT, '/*!'}
line 239:33 mismatched input '->' expecting {'(', '{'}
line 240:8 extraneous input '\replacewith' expecting {'\lemma', '}', IDENT, '/*!'}
line 240:25 mismatched input ')' expecting {'(', '{'}
line 240:56 mismatched input ')' expecting {'(', '{'}
line 245:14 mismatched input '\ifExintVar' expecting {MODALITY, FORALL, EXISTS, '\if', '\ifEx', 'true', 'false', '(', '{', '@', NOT, SEQARROW, '-', STRING_LITERAL, CHAR_LITERAL, BIN_LITERAL, HEX_LITERAL, IDENT, INT_LITERAL, FLOAT_LITERAL, DOUBLE_LITERAL, REAL_LITERAL}
line 245:27 extraneous input '(' expecting {'\lemma', '}', IDENT, '/*!'}
line 245:31 mismatched input ')' expecting {'(', '{'}
line 248:45 mismatched input '}' expecting {'(', '{'}
line 249:8 extraneous input '\replacewith' expecting {'\lemma', '}', IDENT, '/*!'}
line 249:38 mismatched input ')' expecting {'(', '{'}
line 250:42 mismatched input '}' expecting {'(', '{'}
line 251:28 extraneous input '(' expecting {'\lemma', '}', IDENT, '/*!'}
line 251:33 mismatched input '->' expecting {'(', '{'}
line 255:14 mismatched input '\ifExintVar' expecting {MODALITY, FORALL, EXISTS, '\if', '\ifEx', 'true', 'false', '(', '{', '@', NOT, SEQARROW, '-', STRING_LITERAL, CHAR_LITERAL, BIN_LITERAL, HEX_LITERAL, IDENT, INT_LITERAL, FLOAT_LITERAL, DOUBLE_LITERAL, REAL_LITERAL}
line 255:27 extraneous input '(' expecting {'\lemma', '}', IDENT, '/*!'}
line 255:31 mismatched input ')' expecting {'(', '{'}
line 258:52 extraneous input '0' expecting {'\lemma', '}', IDENT, '/*!'}
line 258:54 mismatched input 'then' expecting {<EOF>, '\problem', '\chooseContract', '\proofObligation', '\proof'}

	at de.uka.ilkd.key.proof.io.KeYFile.readIncludes(KeYFile.java:210)
Caused by: de.uka.ilkd.key.util.parsing.SyntaxErrorReporter$ParserException: line 135:14 mismatched input '\ifExintVar' expecting {MODALITY, FORALL, EXISTS, '\if', '\ifEx', 'true', 'false', '(', '{', '@', NOT, SEQARROW, '-', STRING_LITERAL, CHAR_LITERAL, BIN_LITERAL, HEX_LITERAL, IDENT, INT_LITERAL, FLOAT_LITERAL, DOUBLE_LITERAL, REAL_LITERAL}
line 135:27 extraneous input '(' expecting {'\lemma', '}', IDENT, '/*!'}
line 135:44 mismatched input ')' expecting {'(', '{'}
line 141:14 mismatched input '\ifExintVar' expecting {MODALITY, FORALL, EXISTS, '\if', '\ifEx', 'true', 'false', '(', '{', '@', NOT, SEQARROW, '-', STRING_LITERAL, CHAR_LITERAL, BIN_LITERAL, HEX_LITERAL, IDENT, INT_LITERAL, FLOAT_LITERAL, DOUBLE_LITERAL, REAL_LITERAL}
line 141:27 extraneous input '(' expecting {'\lemma', '}', IDENT, '/*!'}
line 141:41 mismatched input ')' expecting {'(', '{'}
line 148:14 mismatched input '\ifExintVar' expecting {MODALITY, FORALL, EXISTS, '\if', '\ifEx', 'true', 'false', '(', '{', '@', NOT, SEQARROW, '-', STRING_LITERAL, CHAR_LITERAL, BIN_LITERAL, HEX_LITERAL, IDENT, INT_LITERAL, FLOAT_LITERAL, DOUBLE_LITERAL, REAL_LITERAL}
line 148:27 extraneous input '(' expecting {'\lemma', '}', IDENT, '/*!'}
line 148:35 mismatched input '=' expecting {'(', '{'}
line 150:38 mismatched input '}' expecting {'(', '{'}
line 155:14 mismatched input '\ifExintVar' expecting {MODALITY, FORALL, EXISTS, '\if', '\ifEx', 'true', 'false', '(', '{', '@', NOT, SEQARROW, '-', STRING_LITERAL, CHAR_LITERAL, BIN_LITERAL, HEX_LITERAL, IDENT, INT_LITERAL, FLOAT_LITERAL, DOUBLE_LITERAL, REAL_LITERAL}
line 155:27 extraneous input '(' expecting {'\lemma', '}', IDENT, '/*!'}
line 155:35 mismatched input '=' expecting {'(', '{'}
line 157:38 mismatched input '}' expecting {'(', '{'}
line 163:14 mismatched input '\ifExintVar' expecting {MODALITY, FORALL, EXISTS, '\if', '\ifEx', 'true', 'false', '(', '{', '@', NOT, SEQARROW, '-', STRING_LITERAL, CHAR_LITERAL, BIN_LITERAL, HEX_LITERAL, IDENT, INT_LITERAL, FLOAT_LITERAL, DOUBLE_LITERAL, REAL_LITERAL}
line 163:27 extraneous input '(' expecting {'\lemma', '}', IDENT, '/*!'}
line 163:30 mismatched input '=' expecting {'(', '{'}
line 165:38 mismatched input '}' expecting {'(', '{'}
line 171:14 mismatched input '\ifExintVar' expecting {MODALITY, FORALL, EXISTS, '\if', '\ifEx', 'true', 'false', '(', '{', '@', NOT, SEQARROW, '-', STRING_LITERAL, CHAR_LITERAL, BIN_LITERAL, HEX_LITERAL, IDENT, INT_LITERAL, FLOAT_LITERAL, DOUBLE_LITERAL, REAL_LITERAL}
line 171:27 extraneous input '(' expecting {'\lemma', '}', IDENT, '/*!'}
line 171:30 mismatched input '=' expecting {'(', '{'}
line 173:38 mismatched input '}' expecting {'(', '{'}
line 179:14 mismatched input '\ifExintVar' expecting {MODALITY, FORALL, EXISTS, '\if', '\ifEx', 'true', 'false', '(', '{', '@', NOT, SEQARROW, '-', STRING_LITERAL, CHAR_LITERAL, BIN_LITERAL, HEX_LITERAL, IDENT, INT_LITERAL, FLOAT_LITERAL, DOUBLE_LITERAL, REAL_LITERAL}
line 179:27 extraneous input '(' expecting {'\lemma', '}', IDENT, '/*!'}
line 179:32 mismatched input '&' expecting {'(', '{'}
line 181:42 mismatched input '}' expecting {'(', '{'}
line 182:39 mismatched input '}' expecting {'(', '{'}
line 188:14 mismatched input '\ifExintVar' expecting {MODALITY, FORALL, EXISTS, '\if', '\ifEx', 'true', 'false', '(', '{', '@', NOT, SEQARROW, '-', STRING_LITERAL, CHAR_LITERAL, BIN_LITERAL, HEX_LITERAL, IDENT, INT_LITERAL, FLOAT_LITERAL, DOUBLE_LITERAL, REAL_LITERAL}
line 188:27 extraneous input '(' expecting {'\lemma', '}', IDENT, '/*!'}
line 188:32 mismatched input '&' expecting {'(', '{'}
line 190:42 mismatched input '}' expecting {'(', '{'}
line 191:39 mismatched input '}' expecting {'(', '{'}
line 198:14 mismatched input '\ifExintVar' expecting {MODALITY, FORALL, EXISTS, '\if', '\ifEx', 'true', 'false', '(', '{', '@', NOT, SEQARROW, '-', STRING_LITERAL, CHAR_LITERAL, BIN_LITERAL, HEX_LITERAL, IDENT, INT_LITERAL, FLOAT_LITERAL, DOUBLE_LITERAL, REAL_LITERAL}
line 198:27 extraneous input '(' expecting {'\lemma', '}', IDENT, '/*!'}
line 198:32 mismatched input '&' expecting {'(', '{'}
line 200:42 mismatched input '}' expecting {'(', '{'}
line 201:39 mismatched input '}' expecting {'(', '{'}
line 208:14 mismatched input '\ifExintVar' expecting {MODALITY, FORALL, EXISTS, '\if', '\ifEx', 'true', 'false', '(', '{', '@', NOT, SEQARROW, '-', STRING_LITERAL, CHAR_LITERAL, BIN_LITERAL, HEX_LITERAL, IDENT, INT_LITERAL, FLOAT_LITERAL, DOUBLE_LITERAL, REAL_LITERAL}
line 208:27 extraneous input '(' expecting {'\lemma', '}', IDENT, '/*!'}
line 208:32 mismatched input '&' expecting {'(', '{'}
line 210:42 mismatched input '}' expecting {'(', '{'}
line 211:39 mismatched input '}' expecting {'(', '{'}
line 218:14 mismatched input '\ifExintVar' expecting {MODALITY, FORALL, EXISTS, '\if', '\ifEx', 'true', 'false', '(', '{', '@', NOT, SEQARROW, '-', STRING_LITERAL, CHAR_LITERAL, BIN_LITERAL, HEX_LITERAL, IDENT, INT_LITERAL, FLOAT_LITERAL, DOUBLE_LITERAL, REAL_LITERAL}
line 218:27 extraneous input '(' expecting {'\lemma', '}', IDENT, '/*!'}
line 218:31 mismatched input ')' expecting {'(', '{'}
line 220:44 mismatched input ')' expecting {'(', '{'}
line 225:14 mismatched input '\ifExintVar' expecting {MODALITY, FORALL, EXISTS, '\if', '\ifEx', 'true', 'false', '(', '{', '@', NOT, SEQARROW, '-', STRING_LITERAL, CHAR_LITERAL, BIN_LITERAL, HEX_LITERAL, IDENT, INT_LITERAL, FLOAT_LITERAL, DOUBLE_LITERAL, REAL_LITERAL}
line 225:27 extraneous input '(' expecting {'\lemma', '}', IDENT, '/*!'}
line 225:31 mismatched input ')' expecting {'(', '{'}
line 227:44 mismatched input ')' expecting {'(', '{'}
line 233:14 mismatched input '\ifExintVar' expecting {MODALITY, FORALL, EXISTS, '\if', '\ifEx', 'true', 'false', '(', '{', '@', NOT, SEQARROW, '-', STRING_LITERAL, CHAR_LITERAL, BIN_LITERAL, HEX_LITERAL, IDENT, INT_LITERAL, FLOAT_LITERAL, DOUBLE_LITERAL, REAL_LITERAL}
line 233:27 extraneous input '(' expecting {'\lemma', '}', IDENT, '/*!'}
line 233:31 mismatched input ')' expecting {'(', '{'}
line 237:42 mismatched input '}' expecting {'(', '{'}
line 238:34 mismatched input '}' expecting {'(', '{'}
line 239:28 extraneous input '(' expecting {'\lemma', '}', IDENT, '/*!'}
line 239:33 mismatched input '->' expecting {'(', '{'}
line 240:8 extraneous input '\replacewith' expecting {'\lemma', '}', IDENT, '/*!'}
line 240:25 mismatched input ')' expecting {'(', '{'}
line 240:56 mismatched input ')' expecting {'(', '{'}
line 245:14 mismatched input '\ifExintVar' expecting {MODALITY, FORALL, EXISTS, '\if', '\ifEx', 'true', 'false', '(', '{', '@', NOT, SEQARROW, '-', STRING_LITERAL, CHAR_LITERAL, BIN_LITERAL, HEX_LITERAL, IDENT, INT_LITERAL, FLOAT_LITERAL, DOUBLE_LITERAL, REAL_LITERAL}
line 245:27 extraneous input '(' expecting {'\lemma', '}', IDENT, '/*!'}
line 245:31 mismatched input ')' expecting {'(', '{'}
line 248:45 mismatched input '}' expecting {'(', '{'}
line 249:8 extraneous input '\replacewith' expecting {'\lemma', '}', IDENT, '/*!'}
line 249:38 mismatched input ')' expecting {'(', '{'}
line 250:42 mismatched input '}' expecting {'(', '{'}
line 251:28 extraneous input '(' expecting {'\lemma', '}', IDENT, '/*!'}
line 251:33 mismatched input '->' expecting {'(', '{'}
line 255:14 mismatched input '\ifExintVar' expecting {MODALITY, FORALL, EXISTS, '\if', '\ifEx', 'true', 'false', '(', '{', '@', NOT, SEQARROW, '-', STRING_LITERAL, CHAR_LITERAL, BIN_LITERAL, HEX_LITERAL, IDENT, INT_LITERAL, FLOAT_LITERAL, DOUBLE_LITERAL, REAL_LITERAL}
line 255:27 extraneous input '(' expecting {'\lemma', '}', IDENT, '/*!'}
line 255:31 mismatched input ')' expecting {'(', '{'}
line 258:52 extraneous input '0' expecting {'\lemma', '}', IDENT, '/*!'}
line 258:54 mismatched input 'then' expecting {<EOF>, '\problem', '\chooseContract', '\proofObligation', '\proof'}

	at de.uka.ilkd.key.util.parsing.SyntaxErrorReporter.throwException(SyntaxErrorReporter.java:89)

302866     WARN  Test worker     d.u.i.k.n.KeYParser       [syntax-error] file:/home/runner/work/key/key/key.core/build/resources/main/de/uka/ilkd/key/proof/rules/ifThenElseRules.key:135:14: mismatched input '\ifExintVar' expecting {MODALITY, FORALL, EXISTS, '\if', '\ifEx', 'true', 'false', '(', '{', '@', NOT, SEQARROW, '-', STRING_LITERAL, CHAR_LITERAL, BIN_LITERAL, HEX_LITERAL, IDENT, INT_LITERAL, FLOAT_LITERAL, DOUBLE_LITERAL, REAL_LITERAL} [@745,3563:3573='\ifExintVar',<188>,135:14] (termorseq, taclet, rulesOrAxioms, decls, file) 
302866     WARN  Test worker     d.u.i.k.n.KeYParser       [syntax-error] file:/home/runner/work/key/key/key.core/build/resources/main/de/uka/ilkd/key/proof/rules/ifThenElseRules.key:135:27: extraneous input '(' expecting {'\lemma', '}', IDENT, '/*!'} [@748,3576:3576='(',<146>,135:27] (rulesOrAxioms, decls, file) 
302866     WARN  Test worker     d.u.i.k.n.KeYParser       [syntax-error] file:/home/runner/work/key/key/key.core/build/resources/main/de/uka/ilkd/key/proof/rules/ifThenElseRules.key:135:44: mismatched input ')' expecting {'(', '{'} [@754,3593:3593=')',<147>,135:44] (taclet, rulesOrAxioms, decls, file) 
302867     WARN  Test worker     d.u.i.k.n.KeYParser       [syntax-error] file:/home/runner/work/key/key/key.core/build/resources/main/de/uka/ilkd/key/proof/rules/ifThenElseRules.key:141:14: mismatched input '\ifExintVar' expecting {MODALITY, FORALL, EXISTS, '\if', '\ifEx', 'true', 'false', '(', '{', '@', NOT, SEQARROW, '-', STRING_LITERAL, CHAR_LITERAL, BIN_LITERAL, HEX_LITERAL, IDENT, INT_LITERAL, FLOAT_LITERAL, DOUBLE_LITERAL, REAL_LITERAL} [@780,3716:3726='\ifExintVar',<188>,141:14] (termorseq, taclet, rulesOrAxioms, decls, file) 
302867     WARN  Test worker     d.u.i.k.n.KeYParser       [syntax-error] file:/home/runner/work/key/key/key.core/build/resources/main/de/uka/ilkd/key/proof/rules/ifThenElseRules.key:141:27: extraneous input '(' expecting {'\lemma', '}', IDENT, '/*!'} [@783,3729:3729='(',<146>,141:27] (rulesOrAxioms, decls, file) 
302867     WARN  Test worker     d.u.i.k.n.KeYParser       [syntax-error] file:/home/runner/work/key/key/key.core/build/resources/main/de/uka/ilkd/key/proof/rules/ifThenElseRules.key:141:41: mismatched input ')' expecting {'(', '{'} [@789,3743:3743=')',<147>,141:41] (taclet, rulesOrAxioms, decls, file) 
302867     WARN  Test worker     d.u.i.k.n.KeYParser       [syntax-error] file:/home/runner/work/key/key/key.core/build/resources/main/de/uka/ilkd/key/proof/rules/ifThenElseRules.key:148:14: mismatched input '\ifExintVar' expecting {MODALITY, FORALL, EXISTS, '\if', '\ifEx', 'true', 'false', '(', '{', '@', NOT, SEQARROW, '-', STRING_LITERAL, CHAR_LITERAL, BIN_LITERAL, HEX_LITERAL, IDENT, INT_LITERAL, FLOAT_LITERAL, DOUBLE_LITERAL, REAL_LITERAL} [@819,3896:3906='\ifExintVar',<188>,148:14] (termorseq, taclet, rulesOrAxioms, decls, file) 
302867     WARN  Test worker     d.u.i.k.n.KeYParser       [syntax-error] file:/home/runner/work/key/key/key.core/build/resources/main/de/uka/ilkd/key/proof/rules/ifThenElseRules.key:148:27: extraneous input '(' expecting {'\lemma', '}', IDENT, '/*!'} [@822,3909:3909='(',<146>,148:27] (rulesOrAxioms, decls, file) 
302867     WARN  Test worker     d.u.i.k.n.KeYParser       [syntax-error] file:/home/runner/work/key/key/key.core/build/resources/main/de/uka/ilkd/key/proof/rules/ifThenElseRules.key:148:35: mismatched input '=' expecting {'(', '{'} [@825,3917:3917='=',<159>,148:35] (taclet, rulesOrAxioms, decls, file) 
302867     WARN  Test worker     d.u.i.k.n.KeYParser       [syntax-error] file:/home/runner/work/key/key/key.core/build/resources/main/de/uka/ilkd/key/proof/rules/ifThenElseRules.key:150:38: mismatched input '}' expecting {'(', '{'} [@859,4023:4023='}',<149>,150:38] (taclet, rulesOrAxioms, decls, file) 
302867     WARN  Test worker     d.u.i.k.n.KeYParser       [syntax-error] file:/home/runner/work/key/key/key.core/build/resources/main/de/uka/ilkd/key/proof/rules/ifThenElseRules.key:155:14: mismatched input '\ifExintVar' expecting {MODALITY, FORALL, EXISTS, '\if', '\ifEx', 'true', 'false', '(', '{', '@', NOT, SEQARROW, '-', STRING_LITERAL, CHAR_LITERAL, BIN_LITERAL, HEX_LITERAL, IDENT, INT_LITERAL, FLOAT_LITERAL, DOUBLE_LITERAL, REAL_LITERAL} [@877,4109:4119='\ifExintVar',<188>,155:14] (termorseq, taclet, rulesOrAxioms, decls, file) 
302868     WARN  Test worker     d.u.i.k.n.KeYParser       [syntax-error] file:/home/runner/work/key/key/key.core/build/resources/main/de/uka/ilkd/key/proof/rules/ifThenElseRules.key:155:27: extraneous input '(' expecting {'\lemma', '}', IDENT, '/*!'} [@880,4122:4122='(',<146>,155:27] (rulesOrAxioms, decls, file) 
302868     WARN  Test worker     d.u.i.k.n.KeYParser       [syntax-error] file:/home/runner/work/key/key/key.core/build/resources/main/de/uka/ilkd/key/proof/rules/ifThenElseRules.key:155:35: mismatched input '=' expecting {'(', '{'} [@883,4130:4130='=',<159>,155:35] (taclet, rulesOrAxioms, decls, file) 
302868     WARN  Test worker     d.u.i.k.n.KeYParser       [syntax-error] file:/home/runner/work/key/key/key.core/build/resources/main/de/uka/ilkd/key/proof/rules/ifThenElseRules.key:157:38: mismatched input '}' expecting {'(', '{'} [@917,4230:4230='}',<149>,157:38] (taclet, rulesOrAxioms, decls, file) 
302868     WARN  Test worker     d.u.i.k.n.KeYParser       [syntax-error] file:/home/runner/work/key/key/key.core/build/resources/main/de/uka/ilkd/key/proof/rules/ifThenElseRules.key:163:14: mismatched input '\ifExintVar' expecting {MODALITY, FORALL, EXISTS, '\if', '\ifEx', 'true', 'false', '(', '{', '@', NOT, SEQARROW, '-', STRING_LITERAL, CHAR_LITERAL, BIN_LITERAL, HEX_LITERAL, IDENT, INT_LITERAL, FLOAT_LITERAL, DOUBLE_LITERAL, REAL_LITERAL} [@939,4350:4360='\ifExintVar',<188>,163:14] (termorseq, taclet, rulesOrAxioms, decls, file) 
302868     WARN  Test worker     d.u.i.k.n.KeYParser       [syntax-error] file:/home/runner/work/key/key/key.core/build/resources/main/de/uka/ilkd/key/proof/rules/ifThenElseRules.key:163:27: extraneous input '(' expecting {'\lemma', '}', IDENT, '/*!'} [@942,4363:4363='(',<146>,163:27] (rulesOrAxioms, decls, file) 
302868     WARN  Test worker     d.u.i.k.n.KeYParser       [syntax-error] file:/home/runner/work/key/key/key.core/build/resources/main/de/uka/ilkd/key/proof/rules/ifThenElseRules.key:163:30: mismatched input '=' expecting {'(', '{'} [@945,4366:4366='=',<159>,163:30] (taclet, rulesOrAxioms, decls, file) 
302868     WARN  Test worker     d.u.i.k.n.KeYParser       [syntax-error] file:/home/runner/work/key/key/key.core/build/resources/main/de/uka/ilkd/key/proof/rules/ifThenElseRules.key:165:38: mismatched input '}' expecting {'(', '{'} [@979,4477:4477='}',<149>,165:38] (taclet, rulesOrAxioms, decls, file) 
302868     WARN  Test worker     d.u.i.k.n.KeYParser       [syntax-error] file:/home/runner/work/key/key/key.core/build/resources/main/de/uka/ilkd/key/proof/rules/ifThenElseRules.key:171:14: mismatched input '\ifExintVar' expecting {MODALITY, FORALL, EXISTS, '\if', '\ifEx', 'true', 'false', '(', '{', '@', NOT, SEQARROW, '-', STRING_LITERAL, CHAR_LITERAL, BIN_LITERAL, HEX_LITERAL, IDENT, INT_LITERAL, FLOAT_LITERAL, DOUBLE_LITERAL, REAL_LITERAL} [@1001,4604:4614='\ifExintVar',<188>,171:14] (termorseq, taclet, rulesOrAxioms, decls, file) 
302868     WARN  Test worker     d.u.i.k.n.KeYParser       [syntax-error] file:/home/runner/work/key/key/key.core/build/resources/main/de/uka/ilkd/key/proof/rules/ifThenElseRules.key:171:27: extraneous input '(' expecting {'\lemma', '}', IDENT, '/*!'} [@1004,4617:4617='(',<146>,171:27] (rulesOrAxioms, decls, file) 
302869     WARN  Test worker     d.u.i.k.n.KeYParser       [syntax-error] file:/home/runner/work/key/key/key.core/build/resources/main/de/uka/ilkd/key/proof/rules/ifThenElseRules.key:171:30: mismatched input '=' expecting {'(', '{'} [@1007,4620:4620='=',<159>,171:30] (taclet, rulesOrAxioms, decls, file) 
302869     WARN  Test worker     d.u.i.k.n.KeYParser       [syntax-error] file:/home/runner/work/key/key/key.core/build/resources/main/de/uka/ilkd/key/proof/rules/ifThenElseRules.key:173:38: mismatched input '}' expecting {'(', '{'} [@1041,4725:4725='}',<149>,173:38] (taclet, rulesOrAxioms, decls, file) 
302869     WARN  Test worker     d.u.i.k.n.KeYParser       [syntax-error] file:/home/runner/work/key/key/key.core/build/resources/main/de/uka/ilkd/key/proof/rules/ifThenElseRules.key:179:14: mismatched input '\ifExintVar' expecting {MODALITY, FORALL, EXISTS, '\if', '\ifEx', 'true', 'false', '(', '{', '@', NOT, SEQARROW, '-', STRING_LITERAL, CHAR_LITERAL, BIN_LITERAL, HEX_LITERAL, IDENT, INT_LITERAL, FLOAT_LITERAL, DOUBLE_LITERAL, REAL_LITERAL} [@1063,4848:4858='\ifExintVar',<188>,179:14] (termorseq, taclet, rulesOrAxioms, decls, file) 
302869     WARN  Test worker     d.u.i.k.n.KeYParser       [syntax-error] file:/home/runner/work/key/key/key.core/build/resources/main/de/uka/ilkd/key/proof/rules/ifThenElseRules.key:179:27: extraneous input '(' expecting {'\lemma', '}', IDENT, '/*!'} [@1066,4861:4861='(',<146>,179:27] (rulesOrAxioms, decls, file) 
302869     WARN  Test worker     d.u.i.k.n.KeYParser       [syntax-error] file:/home/runner/work/key/key/key.core/build/resources/main/de/uka/ilkd/key/proof/rules/ifThenElseRules.key:179:32: mismatched input '&' expecting {'(', '{'} [@1069,4866:4866='&',<156>,179:32] (taclet, rulesOrAxioms, decls, file) 
302869     WARN  Test worker     d.u.i.k.n.KeYParser       [syntax-error] file:/home/runner/work/key/key/key.core/build/resources/main/de/uka/ilkd/key/proof/rules/ifThenElseRules.key:181:42: mismatched input '}' expecting {'(', '{'} [@1109,4985:4985='}',<149>,181:42] (taclet, rulesOrAxioms, decls, file) 
302869     WARN  Test worker     d.u.i.k.n.KeYParser       [syntax-error] file:/home/runner/work/key/key/key.core/build/resources/main/de/uka/ilkd/key/proof/rules/ifThenElseRules.key:182:39: mismatched input '}' expecting {'(', '{'} [@1122,5030:5030='}',<149>,182:39] (taclet, rulesOrAxioms, decls, file) 
302869     WARN  Test worker     d.u.i.k.n.KeYParser       [syntax-error] file:/home/runner/work/key/key/key.core/build/resources/main/de/uka/ilkd/key/proof/rules/ifThenElseRules.key:188:14: mismatched input '\ifExintVar' expecting {MODALITY, FORALL, EXISTS, '\if', '\ifEx', 'true', 'false', '(', '{', '@', NOT, SEQARROW, '-', STRING_LITERAL, CHAR_LITERAL, BIN_LITERAL, HEX_LITERAL, IDENT, INT_LITERAL, FLOAT_LITERAL, DOUBLE_LITERAL, REAL_LITERAL} [@1146,5149:5159='\ifExintVar',<188>,188:14] (termorseq, taclet, rulesOrAxioms, decls, file) 
302869     WARN  Test worker     d.u.i.k.n.KeYParser       [syntax-error] file:/home/runner/work/key/key/key.core/build/resources/main/de/uka/ilkd/key/proof/rules/ifThenElseRules.key:188:27: extraneous input '(' expecting {'\lemma', '}', IDENT, '/*!'} [@1149,5162:5162='(',<146>,188:27] (rulesOrAxioms, decls, file) 
302870     WARN  Test worker     d.u.i.k.n.KeYParser       [syntax-error] file:/home/runner/work/key/key/key.core/build/resources/main/de/uka/ilkd/key/proof/rules/ifThenElseRules.key:188:32: mismatched input '&' expecting {'(', '{'} [@1152,5167:5167='&',<156>,188:32] (taclet, rulesOrAxioms, decls, file) 
302870     WARN  Test worker     d.u.i.k.n.KeYParser       [syntax-error] file:/home/runner/work/key/key/key.core/build/resources/main/de/uka/ilkd/key/proof/rules/ifThenElseRules.key:190:42: mismatched input '}' expecting {'(', '{'} [@1192,5280:5280='}',<149>,190:42] (taclet, rulesOrAxioms, decls, file) 
302870     WARN  Test worker     d.u.i.k.n.KeYParser       [syntax-error] file:/home/runner/work/key/key/key.core/build/resources/main/de/uka/ilkd/key/proof/rules/ifThenElseRules.key:191:39: mismatched input '}' expecting {'(', '{'} [@1205,5325:5325='}',<149>,191:39] (taclet, rulesOrAxioms, decls, file) 
302870     WARN  Test worker     d.u.i.k.n.KeYParser       [syntax-error] file:/home/runner/work/key/key/key.core/build/resources/main/de/uka/ilkd/key/proof/rules/ifThenElseRules.key:198:14: mismatched input '\ifExintVar' expecting {MODALITY, FORALL, EXISTS, '\if', '\ifEx', 'true', 'false', '(', '{', '@', NOT, SEQARROW, '-', STRING_LITERAL, CHAR_LITERAL, BIN_LITERAL, HEX_LITERAL, IDENT, INT_LITERAL, FLOAT_LITERAL, DOUBLE_LITERAL, REAL_LITERAL} [@1233,5475:5485='\ifExintVar',<188>,198:14] (termorseq, taclet, rulesOrAxioms, decls, file) 
302870     WARN  Test worker     d.u.i.k.n.KeYParser       [syntax-error] file:/home/runner/work/key/key/key.core/build/resources/main/de/uka/ilkd/key/proof/rules/ifThenElseRules.key:198:27: extraneous input '(' expecting {'\lemma', '}', IDENT, '/*!'} [@1236,5488:5488='(',<146>,198:27] (rulesOrAxioms, decls, file) 
302870     WARN  Test worker     d.u.i.k.n.KeYParser       [syntax-error] file:/home/runner/work/key/key/key.core/build/resources/main/de/uka/ilkd/key/proof/rules/ifThenElseRules.key:198:32: mismatched input '&' expecting {'(', '{'} [@1239,5493:5493='&',<156>,198:32] (taclet, rulesOrAxioms, decls, file) 
302870     WARN  Test worker     d.u.i.k.n.KeYParser       [syntax-error] file:/home/runner/work/key/key/key.core/build/resources/main/de/uka/ilkd/key/proof/rules/ifThenElseRules.key:200:42: mismatched input '}' expecting {'(', '{'} [@1279,5612:5612='}',<149>,200:42] (taclet, rulesOrAxioms, decls, file) 
302870     WARN  Test worker     d.u.i.k.n.KeYParser       [syntax-error] file:/home/runner/work/key/key/key.core/build/resources/main/de/uka/ilkd/key/proof/rules/ifThenElseRules.key:201:39: mismatched input '}' expecting {'(', '{'} [@1292,5657:5657='}',<149>,201:39] (taclet, rulesOrAxioms, decls, file) 
302870     WARN  Test worker     d.u.i.k.n.KeYParser       [syntax-error] file:/home/runner/work/key/key/key.core/build/resources/main/de/uka/ilkd/key/proof/rules/ifThenElseRules.key:208:14: mismatched input '\ifExintVar' expecting {MODALITY, FORALL, EXISTS, '\if', '\ifEx', 'true', 'false', '(', '{', '@', NOT, SEQARROW, '-', STRING_LITERAL, CHAR_LITERAL, BIN_LITERAL, HEX_LITERAL, IDENT, INT_LITERAL, FLOAT_LITERAL, DOUBLE_LITERAL, REAL_LITERAL} [@1320,5817:5827='\ifExintVar',<188>,208:14] (termorseq, taclet, rulesOrAxioms, decls, file) 
302871     WARN  Test worker     d.u.i.k.n.KeYParser       [syntax-error] file:/home/runner/work/key/key/key.core/build/resources/main/de/uka/ilkd/key/proof/rules/ifThenElseRules.key:208:27: extraneous input '(' expecting {'\lemma', '}', IDENT, '/*!'} [@1323,5830:5830='(',<146>,208:27] (rulesOrAxioms, decls, file) 
302871     WARN  Test worker     d.u.i.k.n.KeYParser       [syntax-error] file:/home/runner/work/key/key/key.core/build/resources/main/de/uka/ilkd/key/proof/rules/ifThenElseRules.key:208:32: mismatched input '&' expecting {'(', '{'} [@1326,5835:5835='&',<156>,208:32] (taclet, rulesOrAxioms, decls, file) 
302871     WARN  Test worker     d.u.i.k.n.KeYParser       [syntax-error] file:/home/runner/work/key/key/key.core/build/resources/main/de/uka/ilkd/key/proof/rules/ifThenElseRules.key:210:42: mismatched input '}' expecting {'(', '{'} [@1366,5948:5948='}',<149>,210:42] (taclet, rulesOrAxioms, decls, file) 
302871     WARN  Test worker     d.u.i.k.n.KeYParser       [syntax-error] file:/home/runner/work/key/key/key.core/build/resources/main/de/uka/ilkd/key/proof/rules/ifThenElseRules.key:211:39: mismatched input '}' expecting {'(', '{'} [@1379,5993:5993='}',<149>,211:39] (taclet, rulesOrAxioms, decls, file) 
302871     WARN  Test worker     d.u.i.k.n.KeYParser       [syntax-error] file:/home/runner/work/key/key/key.core/build/resources/main/de/uka/ilkd/key/proof/rules/ifThenElseRules.key:218:14: mismatched input '\ifExintVar' expecting {MODALITY, FORALL, EXISTS, '\if', '\ifEx', 'true', 'false', '(', '{', '@', NOT, SEQARROW, '-', STRING_LITERAL, CHAR_LITERAL, BIN_LITERAL, HEX_LITERAL, IDENT, INT_LITERAL, FLOAT_LITERAL, DOUBLE_LITERAL, REAL_LITERAL} [@1407,6146:6156='\ifExintVar',<188>,218:14] (termorseq, taclet, rulesOrAxioms, decls, file) 
302871     WARN  Test worker     d.u.i.k.n.KeYParser       [syntax-error] file:/home/runner/work/key/key/key.core/build/resources/main/de/uka/ilkd/key/proof/rules/ifThenElseRules.key:218:27: extraneous input '(' expecting {'\lemma', '}', IDENT, '/*!'} [@1410,6159:6159='(',<146>,218:27] (rulesOrAxioms, decls, file) 
302871     WARN  Test worker     d.u.i.k.n.KeYParser       [syntax-error] file:/home/runner/work/key/key/key.core/build/resources/main/de/uka/ilkd/key/proof/rules/ifThenElseRules.key:218:31: mismatched input ')' expecting {'(', '{'} [@1412,6163:6163=')',<147>,218:31] (taclet, rulesOrAxioms, decls, file) 
302871     WARN  Test worker     d.u.i.k.n.KeYParser       [syntax-error] file:/home/runner/work/key/key/key.core/build/resources/main/de/uka/ilkd/key/proof/rules/ifThenElseRules.key:220:44: mismatched input ')' expecting {'(', '{'} [@1444,6275:6275=')',<147>,220:44] (taclet, rulesOrAxioms, decls, file) 
302871     WARN  Test worker     d.u.i.k.n.KeYParser       [syntax-error] file:/home/runner/work/key/key/key.core/build/resources/main/de/uka/ilkd/key/proof/rules/ifThenElseRules.key:225:14: mismatched input '\ifExintVar' expecting {MODALITY, FORALL, EXISTS, '\if', '\ifEx', 'true', 'false', '(', '{', '@', NOT, SEQARROW, '-', STRING_LITERAL, CHAR_LITERAL, BIN_LITERAL, HEX_LITERAL, IDENT, INT_LITERAL, FLOAT_LITERAL, DOUBLE_LITERAL, REAL_LITERAL} [@1471,6389:6399='\ifExintVar',<188>,225:14] (termorseq, taclet, rulesOrAxioms, decls, file) 
302872     WARN  Test worker     d.u.i.k.n.KeYParser       [syntax-error] file:/home/runner/work/key/key/key.core/build/resources/main/de/uka/ilkd/key/proof/rules/ifThenElseRules.key:225:27: extraneous input '(' expecting {'\lemma', '}', IDENT, '/*!'} [@1474,6402:6402='(',<146>,225:27] (rulesOrAxioms, decls, file) 
302872     WARN  Test worker     d.u.i.k.n.KeYParser       [syntax-error] file:/home/runner/work/key/key/key.core/build/resources/main/de/uka/ilkd/key/proof/rules/ifThenElseRules.key:225:31: mismatched input ')' expecting {'(', '{'} [@1476,6406:6406=')',<147>,225:31] (taclet, rulesOrAxioms, decls, file) 
302872     WARN  Test worker     d.u.i.k.n.KeYParser       [syntax-error] file:/home/runner/work/key/key/key.core/build/resources/main/de/uka/ilkd/key/proof/rules/ifThenElseRules.key:227:44: mismatched input ')' expecting {'(', '{'} [@1508,6509:6509=')',<147>,227:44] (taclet, rulesOrAxioms, decls, file) 
302872     WARN  Test worker     d.u.i.k.n.KeYParser       [syntax-error] file:/home/runner/work/key/key/key.core/build/resources/main/de/uka/ilkd/key/proof/rules/ifThenElseRules.key:233:14: mismatched input '\ifExintVar' expecting {MODALITY, FORALL, EXISTS, '\if', '\ifEx', 'true', 'false', '(', '{', '@', NOT, SEQARROW, '-', STRING_LITERAL, CHAR_LITERAL, BIN_LITERAL, HEX_LITERAL, IDENT, INT_LITERAL, FLOAT_LITERAL, DOUBLE_LITERAL, REAL_LITERAL} [@1539,6656:6666='\ifExintVar',<188>,233:14] (termorseq, taclet, rulesOrAxioms, decls, file) 
302872     WARN  Test worker     d.u.i.k.n.KeYParser       [syntax-error] file:/home/runner/work/key/key/key.core/build/resources/main/de/uka/ilkd/key/proof/rules/ifThenElseRules.key:233:27: extraneous input '(' expecting {'\lemma', '}', IDENT, '/*!'} [@1542,6669:6669='(',<146>,233:27] (rulesOrAxioms, decls, file) 
302872     WARN  Test worker     d.u.i.k.n.KeYParser       [syntax-error] file:/home/runner/work/key/key/key.core/build/resources/main/de/uka/ilkd/key/proof/rules/ifThenElseRules.key:233:31: mismatched input ')' expecting {'(', '{'} [@1544,6673:6673=')',<147>,233:31] (taclet, rulesOrAxioms, decls, file) 
302872     WARN  Test worker     d.u.i.k.n.KeYParser       [syntax-error] file:/home/runner/work/key/key/key.core/build/resources/main/de/uka/ilkd/key/proof/rules/ifThenElseRules.key:237:42: mismatched input '}' expecting {'(', '{'} [@1586,6850:6850='}',<149>,237:42] (taclet, rulesOrAxioms, decls, file) 
302872     WARN  Test worker     d.u.i.k.n.KeYParser       [syntax-error] file:/home/runner/work/key/key/key.core/build/resources/main/de/uka/ilkd/key/proof/rules/ifThenElseRules.key:238:34: mismatched input '}' expecting {'(', '{'} [@1599,6891:6891='}',<149>,238:34] (taclet, rulesOrAxioms, decls, file) 
302872     WARN  Test worker     d.u.i.k.n.KeYParser       [syntax-error] file:/home/runner/work/key/key/key.core/build/resources/main/de/uka/ilkd/key/proof/rules/ifThenElseRules.key:239:28: extraneous input '(' expecting {'\lemma', '}', IDENT, '/*!'} [@1608,6925:6925='(',<146>,239:28] (rulesOrAxioms, decls, file) 
302873     WARN  Test worker     d.u.i.k.n.KeYParser       [syntax-error] file:/home/runner/work/key/key/key.core/build/resources/main/de/uka/ilkd/key/proof/rules/ifThenElseRules.key:239:33: mismatched input '->' expecting {'(', '{'} [@1611,6930:6931='->',<158>,239:33] (taclet, rulesOrAxioms, decls, file) 
302873     WARN  Test worker     d.u.i.k.n.KeYParser       [syntax-error] file:/home/runner/work/key/key/key.core/build/resources/main/de/uka/ilkd/key/proof/rules/ifThenElseRules.key:240:8: extraneous input '\replacewith' expecting {'\lemma', '}', IDENT, '/*!'} [@1626,6979:6990='\replacewith',<105>,240:8] (rulesOrAxioms, decls, file) 
302873     WARN  Test worker     d.u.i.k.n.KeYParser       [syntax-error] file:/home/runner/work/key/key/key.core/build/resources/main/de/uka/ilkd/key/proof/rules/ifThenElseRules.key:240:25: mismatched input ')' expecting {'(', '{'} [@1629,6996:6996=')',<147>,240:25] (taclet, rulesOrAxioms, decls, file) 
302873     WARN  Test worker     d.u.i.k.n.KeYParser       [syntax-error] file:/home/runner/work/key/key/key.core/build/resources/main/de/uka/ilkd/key/proof/rules/ifThenElseRules.key:240:56: mismatched input ')' expecting {'(', '{'} [@1642,7027:7027=')',<147>,240:56] (taclet, rulesOrAxioms, decls, file) 
302873     WARN  Test worker     d.u.i.k.n.KeYParser       [syntax-error] file:/home/runner/work/key/key/key.core/build/resources/main/de/uka/ilkd/key/proof/rules/ifThenElseRules.key:245:14: mismatched input '\ifExintVar' expecting {MODALITY, FORALL, EXISTS, '\if', '\ifEx', 'true', 'false', '(', '{', '@', NOT, SEQARROW, '-', STRING_LITERAL, CHAR_LITERAL, BIN_LITERAL, HEX_LITERAL, IDENT, INT_LITERAL, FLOAT_LITERAL, DOUBLE_LITERAL, REAL_LITERAL} [@1658,7109:7119='\ifExintVar',<188>,245:14] (termorseq, taclet, rulesOrAxioms, decls, file) 
302873     WARN  Test worker     d.u.i.k.n.KeYParser       [syntax-error] file:/home/runner/work/key/key/key.core/build/resources/main/de/uka/ilkd/key/proof/rules/ifThenElseRules.key:245:27: extraneous input '(' expecting {'\lemma', '}', IDENT, '/*!'} [@1661,7122:7122='(',<146>,245:27] (rulesOrAxioms, decls, file) 
302873     WARN  Test worker     d.u.i.k.n.KeYParser       [syntax-error] file:/home/runner/work/key/key/key.core/build/resources/main/de/uka/ilkd/key/proof/rules/ifThenElseRules.key:245:31: mismatched input ')' expecting {'(', '{'} [@1663,7126:7126=')',<147>,245:31] (taclet, rulesOrAxioms, decls, file) 
302873     WARN  Test worker     d.u.i.k.n.KeYParser       [syntax-error] file:/home/runner/work/key/key/key.core/build/resources/main/de/uka/ilkd/key/proof/rules/ifThenElseRules.key:248:45: mismatched input '}' expecting {'(', '{'} [@1696,7268:7268='}',<149>,248:45] (taclet, rulesOrAxioms, decls, file) 
302873     WARN  Test worker     d.u.i.k.n.KeYParser       [syntax-error] file:/home/runner/work/key/key/key.core/build/resources/main/de/uka/ilkd/key/proof/rules/ifThenElseRules.key:249:8: extraneous input '\replacewith' expecting {'\lemma', '}', IDENT, '/*!'} [@1701,7284:7295='\replacewith',<105>,249:8] (rulesOrAxioms, decls, file) 
302873     WARN  Test worker     d.u.i.k.n.KeYParser       [syntax-error] file:/home/runner/work/key/key/key.core/build/resources/main/de/uka/ilkd/key/proof/rules/ifThenElseRules.key:249:38: mismatched input ')' expecting {'(', '{'} [@1708,7314:7314=')',<147>,249:38] (taclet, rulesOrAxioms, decls, file) 
302874     WARN  Test worker     d.u.i.k.n.KeYParser       [syntax-error] file:/home/runner/work/key/key/key.core/build/resources/main/de/uka/ilkd/key/proof/rules/ifThenElseRules.key:250:42: mismatched input '}' expecting {'(', '{'} [@1731,7381:7381='}',<149>,250:42] (taclet, rulesOrAxioms, decls, file) 
302874     WARN  Test worker     d.u.i.k.n.KeYParser       [syntax-error] file:/home/runner/work/key/key/key.core/build/resources/main/de/uka/ilkd/key/proof/rules/ifThenElseRules.key:251:28: extraneous input '(' expecting {'\lemma', '}', IDENT, '/*!'} [@1741,7416:7416='(',<146>,251:28] (rulesOrAxioms, decls, file) 
302874     WARN  Test worker     d.u.i.k.n.KeYParser       [syntax-error] file:/home/runner/work/key/key/key.core/build/resources/main/de/uka/ilkd/key/proof/rules/ifThenElseRules.key:251:33: mismatched input '->' expecting {'(', '{'} [@1744,7421:7422='->',<158>,251:33] (taclet, rulesOrAxioms, decls, file) 
302874     WARN  Test worker     d.u.i.k.n.KeYParser       [syntax-error] file:/home/runner/work/key/key/key.core/build/resources/main/de/uka/ilkd/key/proof/rules/ifThenElseRules.key:255:14: mismatched input '\ifExintVar' expecting {MODALITY, FORALL, EXISTS, '\if', '\ifEx', 'true', 'false', '(', '{', '@', NOT, SEQARROW, '-', STRING_LITERAL, CHAR_LITERAL, BIN_LITERAL, HEX_LITERAL, IDENT, INT_LITERAL, FLOAT_LITERAL, DOUBLE_LITERAL, REAL_LITERAL} [@1765,7506:7516='\ifExintVar',<188>,255:14] (termorseq, taclet, rulesOrAxioms, decls, file) 
302874     WARN  Test worker     d.u.i.k.n.KeYParser       [syntax-error] file:/home/runner/work/key/key/key.core/build/resources/main/de/uka/ilkd/key/proof/rules/ifThenElseRules.key:255:27: extraneous input '(' expecting {'\lemma', '}', IDENT, '/*!'} [@1768,7519:7519='(',<146>,255:27] (rulesOrAxioms, decls, file) 
302874     WARN  Test worker     d.u.i.k.n.KeYParser       [syntax-error] file:/home/runner/work/key/key/key.core/build/resources/main/de/uka/ilkd/key/proof/rules/ifThenElseRules.key:255:31: mismatched input ')' expecting {'(', '{'} [@1770,7523:7523=')',<147>,255:31] (taclet, rulesOrAxioms, decls, file) 
302874     WARN  Test worker     d.u.i.k.n.KeYParser       [syntax-error] file:/home/runner/work/key/key/key.core/build/resources/main/de/uka/ilkd/key/proof/rules/ifThenElseRules.key:258:52: extraneous input '0' expecting {'\lemma', '}', IDENT, '/*!'} [@1809,7667:7667='0',<184>,258:52] (rulesOrAxioms, decls, file) 
302874     WARN  Test worker     d.u.i.k.n.KeYParser       [syntax-error] file:/home/runner/work/key/key/key.core/build/resources/main/de/uka/ilkd/key/proof/rules/ifThenElseRules.key:258:54: mismatched input 'then' expecting {<EOF>, '\problem', '\chooseContract', '\proofObligation', '\proof'} [@1811,7669:7672='then',<183>,258:54] (file) 
302875     ERROR Test worker     d.u.i.k.s.n.MasterHandlerTest Error reading /home/runner/work/key/key/key.core/build/resources/test/de/uka/ilkd/key/smt/newsmt2/cases/cast3.props de.uka.ilkd.key.proof.io.ProblemLoaderException: line 135:14 mismatched input '\ifExintVar' expecting {MODALITY, FORALL, EXISTS, '\if', '\ifEx', 'true', 'false', '(', '{', '@', NOT, SEQARROW, '-', STRING_LITERAL, CHAR_LITERAL, BIN_LITERAL, HEX_LITERAL, IDENT, INT_LITERAL, FLOAT_LITERAL, DOUBLE_LITERAL, REAL_LITERAL}
line 135:27 extraneous input '(' expecting {'\lemma', '}', IDENT, '/*!'}
line 135:44 mismatched input ')' expecting {'(', '{'}
line 141:14 mismatched input '\ifExintVar' expecting {MODALITY, FORALL, EXISTS, '\if', '\ifEx', 'true', 'false', '(', '{', '@', NOT, SEQARROW, '-', STRING_LITERAL, CHAR_LITERAL, BIN_LITERAL, HEX_LITERAL, IDENT, INT_LITERAL, FLOAT_LITERAL, DOUBLE_LITERAL, REAL_LITERAL}
line 141:27 extraneous input '(' expecting {'\lemma', '}', IDENT, '/*!'}
line 141:41 mismatched input ')' expecting {'(', '{'}
line 148:14 mismatched input '\ifExintVar' expecting {MODALITY, FORALL, EXISTS, '\if', '\ifEx', 'true', 'false', '(', '{', '@', NOT, SEQARROW, '-', STRING_LITERAL, CHAR_LITERAL, BIN_LITERAL, HEX_LITERAL, IDENT, INT_LITERAL, FLOAT_LITERAL, DOUBLE_LITERAL, REAL_LITERAL}
line 148:27 extraneous input '(' expecting {'\lemma', '}', IDENT, '/*!'}
line 148:35 mismatched input '=' expecting {'(', '{'}
line 150:38 mismatched input '}' expecting {'(', '{'}
line 155:14 mismatched input '\ifExintVar' expecting {MODALITY, FORALL, EXISTS, '\if', '\ifEx', 'true', 'false', '(', '{', '@', NOT, SEQARROW, '-', STRING_LITERAL, CHAR_LITERAL, BIN_LITERAL, HEX_LITERAL, IDENT, INT_LITERAL, FLOAT_LITERAL, DOUBLE_LITERAL, REAL_LITERAL}
line 155:27 extraneous input '(' expecting {'\lemma', '}', IDENT, '/*!'}
line 155:35 mismatched input '=' expecting {'(', '{'}
line 157:38 mismatched input '}' expecting {'(', '{'}
line 163:14 mismatched input '\ifExintVar' expecting {MODALITY, FORALL, EXISTS, '\if', '\ifEx', 'true', 'false', '(', '{', '@', NOT, SEQARROW, '-', STRING_LITERAL, CHAR_LITERAL, BIN_LITERAL, HEX_LITERAL, IDENT, INT_LITERAL, FLOAT_LITERAL, DOUBLE_LITERAL, REAL_LITERAL}
line 163:27 extraneous input '(' expecting {'\lemma', '}', IDENT, '/*!'}
line 163:30 mismatched input '=' expecting {'(', '{'}
line 165:38 mismatched input '}' expecting {'(', '{'}
line 171:14 mismatched input '\ifExintVar' expecting {MODALITY, FORALL, EXISTS, '\if', '\ifEx', 'true', 'false', '(', '{', '@', NOT, SEQARROW, '-', STRING_LITERAL, CHAR_LITERAL, BIN_LITERAL, HEX_LITERAL, IDENT, INT_LITERAL, FLOAT_LITERAL, DOUBLE_LITERAL, REAL_LITERAL}
line 171:27 extraneous input '(' expecting {'\lemma', '}', IDENT, '/*!'}
line 171:30 mismatched input '=' expecting {'(', '{'}
line 173:38 mismatched input '}' expecting {'(', '{'}
line 179:14 mismatched input '\ifExintVar' expecting {MODALITY, FORALL, EXISTS, '\if', '\ifEx', 'true', 'false', '(', '{', '@', NOT, SEQARROW, '-', STRING_LITERAL, CHAR_LITERAL, BIN_LITERAL, HEX_LITERAL, IDENT, INT_LITERAL, FLOAT_LITERAL, DOUBLE_LITERAL, REAL_LITERAL}
line 179:27 extraneous input '(' expecting {'\lemma', '}', IDENT, '/*!'}
line 179:32 mismatched input '&' expecting {'(', '{'}
line 181:42 mismatched input '}' expecting {'(', '{'}
line 182:39 mismatched input '}' expecting {'(', '{'}
line 188:14 mismatched input '\ifExintVar' expecting {MODALITY, FORALL, EXISTS, '\if', '\ifEx', 'true', 'false', '(', '{', '@', NOT, SEQARROW, '-', STRING_LITERAL, CHAR_LITERAL, BIN_LITERAL, HEX_LITERAL, IDENT, INT_LITERAL, FLOAT_LITERAL, DOUBLE_LITERAL, REAL_LITERAL}
line 188:27 extraneous input '(' expecting {'\lemma', '}', IDENT, '/*!'}
line 188:32 mismatched input '&' expecting {'(', '{'}
line 190:42 mismatched input '}' expecting {'(', '{'}
line 191:39 mismatched input '}' expecting {'(', '{'}
line 198:14 mismatched input '\ifExintVar' expecting {MODALITY, FORALL, EXISTS, '\if', '\ifEx', 'true', 'false', '(', '{', '@', NOT, SEQARROW, '-', STRING_LITERAL, CHAR_LITERAL, BIN_LITERAL, HEX_LITERAL, IDENT, INT_LITERAL, FLOAT_LITERAL, DOUBLE_LITERAL, REAL_LITERAL}
line 198:27 extraneous input '(' expecting {'\lemma', '}', IDENT, '/*!'}
line 198:32 mismatched input '&' expecting {'(', '{'}
line 200:42 mismatched input '}' expecting {'(', '{'}
line 201:39 mismatched input '}' expecting {'(', '{'}
line 208:14 mismatched input '\ifExintVar' expecting {MODALITY, FORALL, EXISTS, '\if', '\ifEx', 'true', 'false', '(', '{', '@', NOT, SEQARROW, '-', STRING_LITERAL, CHAR_LITERAL, BIN_LITERAL, HEX_LITERAL, IDENT, INT_LITERAL, FLOAT_LITERAL, DOUBLE_LITERAL, REAL_LITERAL}
line 208:27 extraneous input '(' expecting {'\lemma', '}', IDENT, '/*!'}
line 208:32 mismatched input '&' expecting {'(', '{'}
line 210:42 mismatched input '}' expecting {'(', '{'}
line 211:39 mismatched input '}' expecting {'(', '{'}
line 218:14 mismatched input '\ifExintVar' expecting {MODALITY, FORALL, EXISTS, '\if', '\ifEx', 'true', 'false', '(', '{', '@', NOT, SEQARROW, '-', STRING_LITERAL, CHAR_LITERAL, BIN_LITERAL, HEX_LITERAL, IDENT, INT_LITERAL, FLOAT_LITERAL, DOUBLE_LITERAL, REAL_LITERAL}
line 218:27 extraneous input '(' expecting {'\lemma', '}', IDENT, '/*!'}
line 218:31 mismatched input ')' expecting {'(', '{'}
line 220:44 mismatched input ')' expecting {'(', '{'}
line 225:14 mismatched input '\ifExintVar' expecting {MODALITY, FORALL, EXISTS, '\if', '\ifEx', 'true', 'false', '(', '{', '@', NOT, SEQARROW, '-', STRING_LITERAL, CHAR_LITERAL, BIN_LITERAL, HEX_LITERAL, IDENT, INT_LITERAL, FLOAT_LITERAL, DOUBLE_LITERAL, REAL_LITERAL}
line 225:27 extraneous input '(' expecting {'\lemma', '}', IDENT, '/*!'}
line 225:31 mismatched input ')' expecting {'(', '{'}
line 227:44 mismatched input ')' expecting {'(', '{'}
line 233:14 mismatched input '\ifExintVar' expecting {MODALITY, FORALL, EXISTS, '\if', '\ifEx', 'true', 'false', '(', '{', '@', NOT, SEQARROW, '-', STRING_LITERAL, CHAR_LITERAL, BIN_LITERAL, HEX_LITERAL, IDENT, INT_LITERAL, FLOAT_LITERAL, DOUBLE_LITERAL, REAL_LITERAL}
line 233:27 extraneous input '(' expecting {'\lemma', '}', IDENT, '/*!'}
line 233:31 mismatched input ')' expecting {'(', '{'}
line 237:42 mismatched input '}' expecting {'(', '{'}
line 238:34 mismatched input '}' expecting {'(', '{'}
line 239:28 extraneous input '(' expecting {'\lemma', '}', IDENT, '/*!'}
line 239:33 mismatched input '->' expecting {'(', '{'}
line 240:8 extraneous input '\replacewith' expecting {'\lemma', '}', IDENT, '/*!'}
line 240:25 mismatched input ')' expecting {'(', '{'}
line 240:56 mismatched input ')' expecting {'(', '{'}
line 245:14 mismatched input '\ifExintVar' expecting {MODALITY, FORALL, EXISTS, '\if', '\ifEx', 'true', 'false', '(', '{', '@', NOT, SEQARROW, '-', STRING_LITERAL, CHAR_LITERAL, BIN_LITERAL, HEX_LITERAL, IDENT, INT_LITERAL, FLOAT_LITERAL, DOUBLE_LITERAL, REAL_LITERAL}
line 245:27 extraneous input '(' expecting {'\lemma', '}', IDENT, '/*!'}
line 245:31 mismatched input ')' expecting {'(', '{'}
line 248:45 mismatched input '}' expecting {'(', '{'}
line 249:8 extraneous input '\replacewith' expecting {'\lemma', '}', IDENT, '/*!'}
line 249:38 mismatched input ')' expecting {'(', '{'}
line 250:42 mismatched input '}' expecting {'(', '{'}
line 251:28 extraneous input '(' expecting {'\lemma', '}', IDENT, '/*!'}
line 251:33 mismatched input '->' expecting {'(', '{'}
line 255:14 mismatched input '\ifExintVar' expecting {MODALITY, FORALL, EXISTS, '\if', '\ifEx', 'true', 'false', '(', '{', '@', NOT, SEQARROW, '-', STRING_LITERAL, CHAR_LITERAL, BIN_LITERAL, HEX_LITERAL, IDENT, INT_LITERAL, FLOAT_LITERAL, DOUBLE_LITERAL, REAL_LITERAL}
line 255:27 extraneous input '(' expecting {'\lemma', '}', IDENT, '/*!'}
line 255:31 mismatched input ')' expecting {'(', '{'}
line 258:52 extraneous input '0' expecting {'\lemma', '}', IDENT, '/*!'}
line 258:54 mismatched input 'then' expecting {<EOF>, '\problem', '\chooseContract', '\proofObligation', '\proof'}

	at de.uka.ilkd.key.control.AbstractUserInterfaceControl.load(AbstractUserInterfaceControl.java:221)
Caused by: de.uka.ilkd.key.proof.init.ProofInputException: line 135:14 mismatched input '\ifExintVar' expecting {MODALITY, FORALL, EXISTS, '\if', '\ifEx', 'true', 'false', '(', '{', '@', NOT, SEQARROW, '-', STRING_LITERAL, CHAR_LITERAL, BIN_LITERAL, HEX_LITERAL, IDENT, INT_LITERAL, FLOAT_LITERAL, DOUBLE_LITERAL, REAL_LITERAL}
line 135:27 extraneous input '(' expecting {'\lemma', '}', IDENT, '/*!'}
line 135:44 mismatched input ')' expecting {'(', '{'}
line 141:14 mismatched input '\ifExintVar' expecting {MODALITY, FORALL, EXISTS, '\if', '\ifEx', 'true', 'false', '(', '{', '@', NOT, SEQARROW, '-', STRING_LITERAL, CHAR_LITERAL, BIN_LITERAL, HEX_LITERAL, IDENT, INT_LITERAL, FLOAT_LITERAL, DOUBLE_LITERAL, REAL_LITERAL}
line 141:27 extraneous input '(' expecting {'\lemma', '}', IDENT, '/*!'}
line 141:41 mismatched input ')' expecting {'(', '{'}
line 148:14 mismatched input '\ifExintVar' expecting {MODALITY, FORALL, EXISTS, '\if', '\ifEx', 'true', 'false', '(', '{', '@', NOT, SEQARROW, '-', STRING_LITERAL, CHAR_LITERAL, BIN_LITERAL, HEX_LITERAL, IDENT, INT_LITERAL, FLOAT_LITERAL, DOUBLE_LITERAL, REAL_LITERAL}
line 148:27 extraneous input '(' expecting {'\lemma', '}', IDENT, '/*!'}
line 148:35 mismatched input '=' expecting {'(', '{'}
line 150:38 mismatched input '}' expecting {'(', '{'}
line 155:14 mismatched input '\ifExintVar' expecting {MODALITY, FORALL, EXISTS, '\if', '\ifEx', 'true', 'false', '(', '{', '@', NOT, SEQARROW, '-', STRING_LITERAL, CHAR_LITERAL, BIN_LITERAL, HEX_LITERAL, IDENT, INT_LITERAL, FLOAT_LITERAL, DOUBLE_LITERAL, REAL_LITERAL}
line 155:27 extraneous input '(' expecting {'\lemma', '}', IDENT, '/*!'}
line 155:35 mismatched input '=' expecting {'(', '{'}
line 157:38 mismatched input '}' expecting {'(', '{'}
line 163:14 mismatched input '\ifExintVar' expecting {MODALITY, FORALL, EXISTS, '\if', '\ifEx', 'true', 'false', '(', '{', '@', NOT, SEQARROW, '-', STRING_LITERAL, CHAR_LITERAL, BIN_LITERAL, HEX_LITERAL, IDENT, INT_LITERAL, FLOAT_LITERAL, DOUBLE_LITERAL, REAL_LITERAL}
line 163:27 extraneous input '(' expecting {'\lemma', '}', IDENT, '/*!'}
line 163:30 mismatched input '=' expecting {'(', '{'}
line 165:38 mismatched input '}' expecting {'(', '{'}
line 171:14 mismatched input '\ifExintVar' expecting {MODALITY, FORALL, EXISTS, '\if', '\ifEx', 'true', 'false', '(', '{', '@', NOT, SEQARROW, '-', STRING_LITERAL, CHAR_LITERAL, BIN_LITERAL, HEX_LITERAL, IDENT, INT_LITERAL, FLOAT_LITERAL, DOUBLE_LITERAL, REAL_LITERAL}
line 171:27 extraneous input '(' expecting {'\lemma', '}', IDENT, '/*!'}
line 171:30 mismatched input '=' expecting {'(', '{'}
line 173:38 mismatched input '}' expecting {'(', '{'}
line 179:14 mismatched input '\ifExintVar' expecting {MODALITY, FORALL, EXISTS, '\if', '\ifEx', 'true', 'false', '(', '{', '@', NOT, SEQARROW, '-', STRING_LITERAL, CHAR_LITERAL, BIN_LITERAL, HEX_LITERAL, IDENT, INT_LITERAL, FLOAT_LITERAL, DOUBLE_LITERAL, REAL_LITERAL}
line 179:27 extraneous input '(' expecting {'\lemma', '}', IDENT, '/*!'}
line 179:32 mismatched input '&' expecting {'(', '{'}
line 181:42 mismatched input '}' expecting {'(', '{'}
line 182:39 mismatched input '}' expecting {'(', '{'}
line 188:14 mismatched input '\ifExintVar' expecting {MODALITY, FORALL, EXISTS, '\if', '\ifEx', 'true', 'false', '(', '{', '@', NOT, SEQARROW, '-', STRING_LITERAL, CHAR_LITERAL, BIN_LITERAL, HEX_LITERAL, IDENT, INT_LITERAL, FLOAT_LITERAL, DOUBLE_LITERAL, REAL_LITERAL}
line 188:27 extraneous input '(' expecting {'\lemma', '}', IDENT, '/*!'}
line 188:32 mismatched input '&' expecting {'(', '{'}
line 190:42 mismatched input '}' expecting {'(', '{'}
line 191:39 mismatched input '}' expecting {'(', '{'}
line 198:14 mismatched input '\ifExintVar' expecting {MODALITY, FORALL, EXISTS, '\if', '\ifEx', 'true', 'false', '(', '{', '@', NOT, SEQARROW, '-', STRING_LITERAL, CHAR_LITERAL, BIN_LITERAL, HEX_LITERAL, IDENT, INT_LITERAL, FLOAT_LITERAL, DOUBLE_LITERAL, REAL_LITERAL}
line 198:27 extraneous input '(' expecting {'\lemma', '}', IDENT, '/*!'}
line 198:32 mismatched input '&' expecting {'(', '{'}
line 200:42 mismatched input '}' expecting {'(', '{'}
line 201:39 mismatched input '}' expecting {'(', '{'}
line 208:14 mismatched input '\ifExintVar' expecting {MODALITY, FORALL, EXISTS, '\if', '\ifEx', 'true', 'false', '(', '{', '@', NOT, SEQARROW, '-', STRING_LITERAL, CHAR_LITERAL, BIN_LITERAL, HEX_LITERAL, IDENT, INT_LITERAL, FLOAT_LITERAL, DOUBLE_LITERAL, REAL_LITERAL}
line 208:27 extraneous input '(' expecting {'\lemma', '}', IDENT, '/*!'}
line 208:32 mismatched input '&' expecting {'(', '{'}
line 210:42 mismatched input '}' expecting {'(', '{'}
line 211:39 mismatched input '}' expecting {'(', '{'}
line 218:14 mismatched input '\ifExintVar' expecting {MODALITY, FORALL, EXISTS, '\if', '\ifEx', 'true', 'false', '(', '{', '@', NOT, SEQARROW, '-', STRING_LITERAL, CHAR_LITERAL, BIN_LITERAL, HEX_LITERAL, IDENT, INT_LITERAL, FLOAT_LITERAL, DOUBLE_LITERAL, REAL_LITERAL}
line 218:27 extraneous input '(' expecting {'\lemma', '}', IDENT, '/*!'}
line 218:31 mismatched input ')' expecting {'(', '{'}
line 220:44 mismatched input ')' expecting {'(', '{'}
line 225:14 mismatched input '\ifExintVar' expecting {MODALITY, FORALL, EXISTS, '\if', '\ifEx', 'true', 'false', '(', '{', '@', NOT, SEQARROW, '-', STRING_LITERAL, CHAR_LITERAL, BIN_LITERAL, HEX_LITERAL, IDENT, INT_LITERAL, FLOAT_LITERAL, DOUBLE_LITERAL, REAL_LITERAL}
line 225:27 extraneous input '(' expecting {'\lemma', '}', IDENT, '/*!'}
line 225:31 mismatched input ')' expecting {'(', '{'}
line 227:44 mismatched input ')' expecting {'(', '{'}
line 233:14 mismatched input '\ifExintVar' expecting {MODALITY, FORALL, EXISTS, '\if', '\ifEx', 'true', 'false', '(', '{', '@', NOT, SEQARROW, '-', STRING_LITERAL, CHAR_LITERAL, BIN_LITERAL, HEX_LITERAL, IDENT, INT_LITERAL, FLOAT_LITERAL, DOUBLE_LITERAL, REAL_LITERAL}
line 233:27 extraneous input '(' expecting {'\lemma', '}', IDENT, '/*!'}
line 233:31 mismatched input ')' expecting {'(', '{'}
line 237:42 mismatched input '}' expecting {'(', '{'}
line 238:34 mismatched input '}' expecting {'(', '{'}
line 239:28 extraneous input '(' expecting {'\lemma', '}', IDENT, '/*!'}
line 239:33 mismatched input '->' expecting {'(', '{'}
line 240:8 extraneous input '\replacewith' expecting {'\lemma', '}', IDENT, '/*!'}
line 240:25 mismatched input ')' expecting {'(', '{'}
line 240:56 mismatched input ')' expecting {'(', '{'}
line 245:14 mismatched input '\ifExintVar' expecting {MODALITY, FORALL, EXISTS, '\if', '\ifEx', 'true', 'false', '(', '{', '@', NOT, SEQARROW, '-', STRING_LITERAL, CHAR_LITERAL, BIN_LITERAL, HEX_LITERAL, IDENT, INT_LITERAL, FLOAT_LITERAL, DOUBLE_LITERAL, REAL_LITERAL}
line 245:27 extraneous input '(' expecting {'\lemma', '}', IDENT, '/*!'}
line 245:31 mismatched input ')' expecting {'(', '{'}
line 248:45 mismatched input '}' expecting {'(', '{'}
line 249:8 extraneous input '\replacewith' expecting {'\lemma', '}', IDENT, '/*!'}
line 249:38 mismatched input ')' expecting {'(', '{'}
line 250:42 mismatched input '}' expecting {'(', '{'}
line 251:28 extraneous input '(' expecting {'\lemma', '}', IDENT, '/*!'}
line 251:33 mismatched input '->' expecting {'(', '{'}
line 255:14 mismatched input '\ifExintVar' expecting {MODALITY, FORALL, EXISTS, '\if', '\ifEx', 'true', 'false', '(', '{', '@', NOT, SEQARROW, '-', STRING_LITERAL, CHAR_LITERAL, BIN_LITERAL, HEX_LITERAL, IDENT, INT_LITERAL, FLOAT_LITERAL, DOUBLE_LITERAL, REAL_LITERAL}
line 255:27 extraneous input '(' expecting {'\lemma', '}', IDENT, '/*!'}
line 255:31 mismatched input ')' expecting {'(', '{'}
line 258:52 extraneous input '0' expecting {'\lemma', '}', IDENT, '/*!'}
line 258:54 mismatched input 'then' expecting {<EOF>, '\problem', '\chooseContract', '\proofObligation', '\proof'}

	at de.uka.ilkd.key.proof.io.KeYFile.readIncludes(KeYFile.java:210)
Caused by: de.uka.ilkd.key.util.parsing.SyntaxErrorReporter$ParserException: line 135:14 mismatched input '\ifExintVar' expecting {MODALITY, FORALL, EXISTS, '\if', '\ifEx', 'true', 'false', '(', '{', '@', NOT, SEQARROW, '-', STRING_LITERAL, CHAR_LITERAL, BIN_LITERAL, HEX_LITERAL, IDENT, INT_LITERAL, FLOAT_LITERAL, DOUBLE_LITERAL, REAL_LITERAL}
line 135:27 extraneous input '(' expecting {'\lemma', '}', IDENT, '/*!'}
line 135:44 mismatched input ')' expecting {'(', '{'}
line 141:14 mismatched input '\ifExintVar' expecting {MODALITY, FORALL, EXISTS, '\if', '\ifEx', 'true', 'false', '(', '{', '@', NOT, SEQARROW, '-', STRING_LITERAL, CHAR_LITERAL, BIN_LITERAL, HEX_LITERAL, IDENT, INT_LITERAL, FLOAT_LITERAL, DOUBLE_LITERAL, REAL_LITERAL}
line 141:27 extraneous input '(' expecting {'\lemma', '}', IDENT, '/*!'}
line 141:41 mismatched input ')' expecting {'(', '{'}
line 148:14 mismatched input '\ifExintVar' expecting {MODALITY, FORALL, EXISTS, '\if', '\ifEx', 'true', 'false', '(', '{', '@', NOT, SEQARROW, '-', STRING_LITERAL, CHAR_LITERAL, BIN_LITERAL, HEX_LITERAL, IDENT, INT_LITERAL, FLOAT_LITERAL, DOUBLE_LITERAL, REAL_LITERAL}
line 148:27 extraneous input '(' expecting {'\lemma', '}', IDENT, '/*!'}
line 148:35 mismatched input '=' expecting {'(', '{'}
line 150:38 mismatched input '}' expecting {'(', '{'}
line 155:14 mismatched input '\ifExintVar' expecting {MODALITY, FORALL, EXISTS, '\if', '\ifEx', 'true', 'false', '(', '{', '@', NOT, SEQARROW, '-', STRING_LITERAL, CHAR_LITERAL, BIN_LITERAL, HEX_LITERAL, IDENT, INT_LITERAL, FLOAT_LITERAL, DOUBLE_LITERAL, REAL_LITERAL}
line 155:27 extraneous input '(' expecting {'\lemma', '}', IDENT, '/*!'}
line 155:35 mismatched input '=' expecting {'(', '{'}
line 157:38 mismatched input '}' expecting {'(', '{'}
line 163:14 mismatched input '\ifExintVar' expecting {MODALITY, FORALL, EXISTS, '\if', '\ifEx', 'true', 'false', '(', '{', '@', NOT, SEQARROW, '-', STRING_LITERAL, CHAR_LITERAL, BIN_LITERAL, HEX_LITERAL, IDENT, INT_LITERAL, FLOAT_LITERAL, DOUBLE_LITERAL, REAL_LITERAL}
line 163:27 extraneous input '(' expecting {'\lemma', '}', IDENT, '/*!'}
line 163:30 mismatched input '=' expecting {'(', '{'}
line 165:38 mismatched input '}' expecting {'(', '{'}
line 171:14 mismatched input '\ifExintVar' expecting {MODALITY, FORALL, EXISTS, '\if', '\ifEx', 'true', 'false', '(', '{', '@', NOT, SEQARROW, '-', STRING_LITERAL, CHAR_LITERAL, BIN_LITERAL, HEX_LITERAL, IDENT, INT_LITERAL, FLOAT_LITERAL, DOUBLE_LITERAL, REAL_LITERAL}
line 171:27 extraneous input '(' expecting {'\lemma', '}', IDENT, '/*!'}
line 171:30 mismatched input '=' expecting {'(', '{'}
line 173:38 mismatched input '}' expecting {'(', '{'}
line 179:14 mismatched input '\ifExintVar' expecting {MODALITY, FORALL, EXISTS, '\if', '\ifEx', 'true', 'false', '(', '{', '@', NOT, SEQARROW, '-', STRING_LITERAL, CHAR_LITERAL, BIN_LITERAL, HEX_LITERAL, IDENT, INT_LITERAL, FLOAT_LITERAL, DOUBLE_LITERAL, REAL_LITERAL}
line 179:27 extraneous input '(' expecting {'\lemma', '}', IDENT, '/*!'}
line 179:32 mismatched input '&' expecting {'(', '{'}
line 181:42 mismatched input '}' expecting {'(', '{'}
line 182:39 mismatched input '}' expecting {'(', '{'}
line 188:14 mismatched input '\ifExintVar' expecting {MODALITY, FORALL, EXISTS, '\if', '\ifEx', 'true', 'false', '(', '{', '@', NOT, SEQARROW, '-', STRING_LITERAL, CHAR_LITERAL, BIN_LITERAL, HEX_LITERAL, IDENT, INT_LITERAL, FLOAT_LITERAL, DOUBLE_LITERAL, REAL_LITERAL}
line 188:27 extraneous input '(' expecting {'\lemma', '}', IDENT, '/*!'}
line 188:32 mismatched input '&' expecting {'(', '{'}
line 190:42 mismatched input '}' expecting {'(', '{'}
line 191:39 mismatched input '}' expecting {'(', '{'}
line 198:14 mismatched input '\ifExintVar' expecting {MODALITY, FORALL, EXISTS, '\if', '\ifEx', 'true', 'false', '(', '{', '@', NOT, SEQARROW, '-', STRING_LITERAL, CHAR_LITERAL, BIN_LITERAL, HEX_LITERAL, IDENT, INT_LITERAL, FLOAT_LITERAL, DOUBLE_LITERAL, REAL_LITERAL}
line 198:27 extraneous input '(' expecting {'\lemma', '}', IDENT, '/*!'}
line 198:32 mismatched input '&' expecting {'(', '{'}
line 200:42 mismatched input '}' expecting {'(', '{'}
line 201:39 mismatched input '}' expecting {'(', '{'}
line 208:14 mismatched input '\ifExintVar' expecting {MODALITY, FORALL, EXISTS, '\if', '\ifEx', 'true', 'false', '(', '{', '@', NOT, SEQARROW, '-', STRING_LITERAL, CHAR_LITERAL, BIN_LITERAL, HEX_LITERAL, IDENT, INT_LITERAL, FLOAT_LITERAL, DOUBLE_LITERAL, REAL_LITERAL}
line 208:27 extraneous input '(' expecting {'\lemma', '}', IDENT, '/*!'}
line 208:32 mismatched input '&' expecting {'(', '{'}
line 210:42 mismatched input '}' expecting {'(', '{'}
line 211:39 mismatched input '}' expecting {'(', '{'}
line 218:14 mismatched input '\ifExintVar' expecting {MODALITY, FORALL, EXISTS, '\if', '\ifEx', 'true', 'false', '(', '{', '@', NOT, SEQARROW, '-', STRING_LITERAL, CHAR_LITERAL, BIN_LITERAL, HEX_LITERAL, IDENT, INT_LITERAL, FLOAT_LITERAL, DOUBLE_LITERAL, REAL_LITERAL}
line 218:27 extraneous input '(' expecting {'\lemma', '}', IDENT, '/*!'}
line 218:31 mismatched input ')' expecting {'(', '{'}
line 220:44 mismatched input ')' expecting {'(', '{'}
line 225:14 mismatched input '\ifExintVar' expecting {MODALITY, FORALL, EXISTS, '\if', '\ifEx', 'true', 'false', '(', '{', '@', NOT, SEQARROW, '-', STRING_LITERAL, CHAR_LITERAL, BIN_LITERAL, HEX_LITERAL, IDENT, INT_LITERAL, FLOAT_LITERAL, DOUBLE_LITERAL, REAL_LITERAL}
line 225:27 extraneous input '(' expecting {'\lemma', '}', IDENT, '/*!'}
line 225:31 mismatched input ')' expecting {'(', '{'}
line 227:44 mismatched input ')' expecting {'(', '{'}
line 233:14 mismatched input '\ifExintVar' expecting {MODALITY, FORALL, EXISTS, '\if', '\ifEx', 'true', 'false', '(', '{', '@', NOT, SEQARROW, '-', STRING_LITERAL, CHAR_LITERAL, BIN_LITERAL, HEX_LITERAL, IDENT, INT_LITERAL, FLOAT_LITERAL, DOUBLE_LITERAL, REAL_LITERAL}
line 233:27 extraneous input '(' expecting {'\lemma', '}', IDENT, '/*!'}
line 233:31 mismatched input ')' expecting {'(', '{'}
line 237:42 mismatched input '}' expecting {'(', '{'}
line 238:34 mismatched input '}' expecting {'(', '{'}
line 239:28 extraneous input '(' expecting {'\lemma', '}', IDENT, '/*!'}
line 239:33 mismatched input '->' expecting {'(', '{'}
line 240:8 extraneous input '\replacewith' expecting {'\lemma', '}', IDENT, '/*!'}
line 240:25 mismatched input ')' expecting {'(', '{'}
line 240:56 mismatched input ')' expecting {'(', '{'}
line 245:14 mismatched input '\ifExintVar' expecting {MODALITY, FORALL, EXISTS, '\if', '\ifEx', 'true', 'false', '(', '{', '@', NOT, SEQARROW, '-', STRING_LITERAL, CHAR_LITERAL, BIN_LITERAL, HEX_LITERAL, IDENT, INT_LITERAL, FLOAT_LITERAL, DOUBLE_LITERAL, REAL_LITERAL}
line 245:27 extraneous input '(' expecting {'\lemma', '}', IDENT, '/*!'}
line 245:31 mismatched input ')' expecting {'(', '{'}
line 248:45 mismatched input '}' expecting {'(', '{'}
line 249:8 extraneous input '\replacewith' expecting {'\lemma', '}', IDENT, '/*!'}
line 249:38 mismatched input ')' expecting {'(', '{'}
line 250:42 mismatched input '}' expecting {'(', '{'}
line 251:28 extraneous input '(' expecting {'\lemma', '}', IDENT, '/*!'}
line 251:33 mismatched input '->' expecting {'(', '{'}
line 255:14 mismatched input '\ifExintVar' expecting {MODALITY, FORALL, EXISTS, '\if', '\ifEx', 'true', 'false', '(', '{', '@', NOT, SEQARROW, '-', STRING_LITERAL, CHAR_LITERAL, BIN_LITERAL, HEX_LITERAL, IDENT, INT_LITERAL, FLOAT_LITERAL, DOUBLE_LITERAL, REAL_LITERAL}
line 255:27 extraneous input '(' expecting {'\lemma', '}', IDENT, '/*!'}
line 255:31 mismatched input ')' expecting {'(', '{'}
line 258:52 extraneous input '0' expecting {'\lemma', '}', IDENT, '/*!'}
line 258:54 mismatched input 'then' expecting {<EOF>, '\problem', '\chooseContract', '\proofObligation', '\proof'}

	at de.uka.ilkd.key.util.parsing.SyntaxErrorReporter.throwException(SyntaxErrorReporter.java:89)

302907     WARN  Test worker     d.u.i.k.n.KeYParser       [syntax-error] file:/home/runner/work/key/key/key.core/build/resources/main/de/uka/ilkd/key/proof/rules/ifThenElseRules.key:135:14: mismatched input '\ifExintVar' expecting {MODALITY, FORALL, EXISTS, '\if', '\ifEx', 'true', 'false', '(', '{', '@', NOT, SEQARROW, '-', STRING_LITERAL, CHAR_LITERAL, BIN_LITERAL, HEX_LITERAL, IDENT, INT_LITERAL, FLOAT_LITERAL, DOUBLE_LITERAL, REAL_LITERAL} [@745,3563:3573='\ifExintVar',<188>,135:14] (termorseq, taclet, rulesOrAxioms, decls, file) 
302907     WARN  Test worker     d.u.i.k.n.KeYParser       [syntax-error] file:/home/runner/work/key/key/key.core/build/resources/main/de/uka/ilkd/key/proof/rules/ifThenElseRules.key:135:27: extraneous input '(' expecting {'\lemma', '}', IDENT, '/*!'} [@748,3576:3576='(',<146>,135:27] (rulesOrAxioms, decls, file) 
302907     WARN  Test worker     d.u.i.k.n.KeYParser       [syntax-error] file:/home/runner/work/key/key/key.core/build/resources/main/de/uka/ilkd/key/proof/rules/ifThenElseRules.key:135:44: mismatched input ')' expecting {'(', '{'} [@754,3593:3593=')',<147>,135:44] (taclet, rulesOrAxioms, decls, file) 
302907     WARN  Test worker     d.u.i.k.n.KeYParser       [syntax-error] file:/home/runner/work/key/key/key.core/build/resources/main/de/uka/ilkd/key/proof/rules/ifThenElseRules.key:141:14: mismatched input '\ifExintVar' expecting {MODALITY, FORALL, EXISTS, '\if', '\ifEx', 'true', 'false', '(', '{', '@', NOT, SEQARROW, '-', STRING_LITERAL, CHAR_LITERAL, BIN_LITERAL, HEX_LITERAL, IDENT, INT_LITERAL, FLOAT_LITERAL, DOUBLE_LITERAL, REAL_LITERAL} [@780,3716:3726='\ifExintVar',<188>,141:14] (termorseq, taclet, rulesOrAxioms, decls, file) 
302908     WARN  Test worker     d.u.i.k.n.KeYParser       [syntax-error] file:/home/runner/work/key/key/key.core/build/resources/main/de/uka/ilkd/key/proof/rules/ifThenElseRules.key:141:27: extraneous input '(' expecting {'\lemma', '}', IDENT, '/*!'} [@783,3729:3729='(',<146>,141:27] (rulesOrAxioms, decls, file) 
302908     WARN  Test worker     d.u.i.k.n.KeYParser       [syntax-error] file:/home/runner/work/key/key/key.core/build/resources/main/de/uka/ilkd/key/proof/rules/ifThenElseRules.key:141:41: mismatched input ')' expecting {'(', '{'} [@789,3743:3743=')',<147>,141:41] (taclet, rulesOrAxioms, decls, file) 
302908     WARN  Test worker     d.u.i.k.n.KeYParser       [syntax-error] file:/home/runner/work/key/key/key.core/build/resources/main/de/uka/ilkd/key/proof/rules/ifThenElseRules.key:148:14: mismatched input '\ifExintVar' expecting {MODALITY, FORALL, EXISTS, '\if', '\ifEx', 'true', 'false', '(', '{', '@', NOT, SEQARROW, '-', STRING_LITERAL, CHAR_LITERAL, BIN_LITERAL, HEX_LITERAL, IDENT, INT_LITERAL, FLOAT_LITERAL, DOUBLE_LITERAL, REAL_LITERAL} [@819,3896:3906='\ifExintVar',<188>,148:14] (termorseq, taclet, rulesOrAxioms, decls, file) 
302908     WARN  Test worker     d.u.i.k.n.KeYParser       [syntax-error] file:/home/runner/work/key/key/key.core/build/resources/main/de/uka/ilkd/key/proof/rules/ifThenElseRules.key:148:27: extraneous input '(' expecting {'\lemma', '}', IDENT, '/*!'} [@822,3909:3909='(',<146>,148:27] (rulesOrAxioms, decls, file) 
302908     WARN  Test worker     d.u.i.k.n.KeYParser       [syntax-error] file:/home/runner/work/key/key/key.core/build/resources/main/de/uka/ilkd/key/proof/rules/ifThenElseRules.key:148:35: mismatched input '=' expecting {'(', '{'} [@825,3917:3917='=',<159>,148:35] (taclet, rulesOrAxioms, decls, file) 
302908     WARN  Test worker     d.u.i.k.n.KeYParser       [syntax-error] file:/home/runner/work/key/key/key.core/build/resources/main/de/uka/ilkd/key/proof/rules/ifThenElseRules.key:150:38: mismatched input '}' expecting {'(', '{'} [@859,4023:4023='}',<149>,150:38] (taclet, rulesOrAxioms, decls, file) 
302908     WARN  Test worker     d.u.i.k.n.KeYParser       [syntax-error] file:/home/runner/work/key/key/key.core/build/resources/main/de/uka/ilkd/key/proof/rules/ifThenElseRules.key:155:14: mismatched input '\ifExintVar' expecting {MODALITY, FORALL, EXISTS, '\if', '\ifEx', 'true', 'false', '(', '{', '@', NOT, SEQARROW, '-', STRING_LITERAL, CHAR_LITERAL, BIN_LITERAL, HEX_LITERAL, IDENT, INT_LITERAL, FLOAT_LITERAL, DOUBLE_LITERAL, REAL_LITERAL} [@877,4109:4119='\ifExintVar',<188>,155:14] (termorseq, taclet, rulesOrAxioms, decls, file) 
302908     WARN  Test worker     d.u.i.k.n.KeYParser       [syntax-error] file:/home/runner/work/key/key/key.core/build/resources/main/de/uka/ilkd/key/proof/rules/ifThenElseRules.key:155:27: extraneous input '(' expecting {'\lemma', '}', IDENT, '/*!'} [@880,4122:4122='(',<146>,155:27] (rulesOrAxioms, decls, file) 
302909     WARN  Test worker     d.u.i.k.n.KeYParser       [syntax-error] file:/home/runner/work/key/key/key.core/build/resources/main/de/uka/ilkd/key/proof/rules/ifThenElseRules.key:155:35: mismatched input '=' expecting {'(', '{'} [@883,4130:4130='=',<159>,155:35] (taclet, rulesOrAxioms, decls, file) 
302909     WARN  Test worker     d.u.i.k.n.KeYParser       [syntax-error] file:/home/runner/work/key/key/key.core/build/resources/main/de/uka/ilkd/key/proof/rules/ifThenElseRules.key:157:38: mismatched input '}' expecting {'(', '{'} [@917,4230:4230='}',<149>,157:38] (taclet, rulesOrAxioms, decls, file) 
302909     WARN  Test worker     d.u.i.k.n.KeYParser       [syntax-error] file:/home/runner/work/key/key/key.core/build/resources/main/de/uka/ilkd/key/proof/rules/ifThenElseRules.key:163:14: mismatched input '\ifExintVar' expecting {MODALITY, FORALL, EXISTS, '\if', '\ifEx', 'true', 'false', '(', '{', '@', NOT, SEQARROW, '-', STRING_LITERAL, CHAR_LITERAL, BIN_LITERAL, HEX_LITERAL, IDENT, INT_LITERAL, FLOAT_LITERAL, DOUBLE_LITERAL, REAL_LITERAL} [@939,4350:4360='\ifExintVar',<188>,163:14] (termorseq, taclet, rulesOrAxioms, decls, file) 
302909     WARN  Test worker     d.u.i.k.n.KeYParser       [syntax-error] file:/home/runner/work/key/key/key.core/build/resources/main/de/uka/ilkd/key/proof/rules/ifThenElseRules.key:163:27: extraneous input '(' expecting {'\lemma', '}', IDENT, '/*!'} [@942,4363:4363='(',<146>,163:27] (rulesOrAxioms, decls, file) 
302909     WARN  Test worker     d.u.i.k.n.KeYParser       [syntax-error] file:/home/runner/work/key/key/key.core/build/resources/main/de/uka/ilkd/key/proof/rules/ifThenElseRules.key:163:30: mismatched input '=' expecting {'(', '{'} [@945,4366:4366='=',<159>,163:30] (taclet, rulesOrAxioms, decls, file) 
302909     WARN  Test worker     d.u.i.k.n.KeYParser       [syntax-error] file:/home/runner/work/key/key/key.core/build/resources/main/de/uka/ilkd/key/proof/rules/ifThenElseRules.key:165:38: mismatched input '}' expecting {'(', '{'} [@979,4477:4477='}',<149>,165:38] (taclet, rulesOrAxioms, decls, file) 
302909     WARN  Test worker     d.u.i.k.n.KeYParser       [syntax-error] file:/home/runner/work/key/key/key.core/build/resources/main/de/uka/ilkd/key/proof/rules/ifThenElseRules.key:171:14: mismatched input '\ifExintVar' expecting {MODALITY, FORALL, EXISTS, '\if', '\ifEx', 'true', 'false', '(', '{', '@', NOT, SEQARROW, '-', STRING_LITERAL, CHAR_LITERAL, BIN_LITERAL, HEX_LITERAL, IDENT, INT_LITERAL, FLOAT_LITERAL, DOUBLE_LITERAL, REAL_LITERAL} [@1001,4604:4614='\ifExintVar',<188>,171:14] (termorseq, taclet, rulesOrAxioms, decls, file) 
302909     WARN  Test worker     d.u.i.k.n.KeYParser       [syntax-error] file:/home/runner/work/key/key/key.core/build/resources/main/de/uka/ilkd/key/proof/rules/ifThenElseRules.key:171:27: extraneous input '(' expecting {'\lemma', '}', IDENT, '/*!'} [@1004,4617:4617='(',<146>,171:27] (rulesOrAxioms, decls, file) 
302909     WARN  Test worker     d.u.i.k.n.KeYParser       [syntax-error] file:/home/runner/work/key/key/key.core/build/resources/main/de/uka/ilkd/key/proof/rules/ifThenElseRules.key:171:30: mismatched input '=' expecting {'(', '{'} [@1007,4620:4620='=',<159>,171:30] (taclet, rulesOrAxioms, decls, file) 
302910     WARN  Test worker     d.u.i.k.n.KeYParser       [syntax-error] file:/home/runner/work/key/key/key.core/build/resources/main/de/uka/ilkd/key/proof/rules/ifThenElseRules.key:173:38: mismatched input '}' expecting {'(', '{'} [@1041,4725:4725='}',<149>,173:38] (taclet, rulesOrAxioms, decls, file) 
302910     WARN  Test worker     d.u.i.k.n.KeYParser       [syntax-error] file:/home/runner/work/key/key/key.core/build/resources/main/de/uka/ilkd/key/proof/rules/ifThenElseRules.key:179:14: mismatched input '\ifExintVar' expecting {MODALITY, FORALL, EXISTS, '\if', '\ifEx', 'true', 'false', '(', '{', '@', NOT, SEQARROW, '-', STRING_LITERAL, CHAR_LITERAL, BIN_LITERAL, HEX_LITERAL, IDENT, INT_LITERAL, FLOAT_LITERAL, DOUBLE_LITERAL, REAL_LITERAL} [@1063,4848:4858='\ifExintVar',<188>,179:14] (termorseq, taclet, rulesOrAxioms, decls, file) 
302910     WARN  Test worker     d.u.i.k.n.KeYParser       [syntax-error] file:/home/runner/work/key/key/key.core/build/resources/main/de/uka/ilkd/key/proof/rules/ifThenElseRules.key:179:27: extraneous input '(' expecting {'\lemma', '}', IDENT, '/*!'} [@1066,4861:4861='(',<146>,179:27] (rulesOrAxioms, decls, file) 
302910     WARN  Test worker     d.u.i.k.n.KeYParser       [syntax-error] file:/home/runner/work/key/key/key.core/build/resources/main/de/uka/ilkd/key/proof/rules/ifThenElseRules.key:179:32: mismatched input '&' expecting {'(', '{'} [@1069,4866:4866='&',<156>,179:32] (taclet, rulesOrAxioms, decls, file) 
302910     WARN  Test worker     d.u.i.k.n.KeYParser       [syntax-error] file:/home/runner/work/key/key/key.core/build/resources/main/de/uka/ilkd/key/proof/rules/ifThenElseRules.key:181:42: mismatched input '}' expecting {'(', '{'} [@1109,4985:4985='}',<149>,181:42] (taclet, rulesOrAxioms, decls, file) 
302910     WARN  Test worker     d.u.i.k.n.KeYParser       [syntax-error] file:/home/runner/work/key/key/key.core/build/resources/main/de/uka/ilkd/key/proof/rules/ifThenElseRules.key:182:39: mismatched input '}' expecting {'(', '{'} [@1122,5030:5030='}',<149>,182:39] (taclet, rulesOrAxioms, decls, file) 
302910     WARN  Test worker     d.u.i.k.n.KeYParser       [syntax-error] file:/home/runner/work/key/key/key.core/build/resources/main/de/uka/ilkd/key/proof/rules/ifThenElseRules.key:188:14: mismatched input '\ifExintVar' expecting {MODALITY, FORALL, EXISTS, '\if', '\ifEx', 'true', 'false', '(', '{', '@', NOT, SEQARROW, '-', STRING_LITERAL, CHAR_LITERAL, BIN_LITERAL, HEX_LITERAL, IDENT, INT_LITERAL, FLOAT_LITERAL, DOUBLE_LITERAL, REAL_LITERAL} [@1146,5149:5159='\ifExintVar',<188>,188:14] (termorseq, taclet, rulesOrAxioms, decls, file) 
302910     WARN  Test worker     d.u.i.k.n.KeYParser       [syntax-error] file:/home/runner/work/key/key/key.core/build/resources/main/de/uka/ilkd/key/proof/rules/ifThenElseRules.key:188:27: extraneous input '(' expecting {'\lemma', '}', IDENT, '/*!'} [@1149,5162:5162='(',<146>,188:27] (rulesOrAxioms, decls, file) 
302911     WARN  Test worker     d.u.i.k.n.KeYParser       [syntax-error] file:/home/runner/work/key/key/key.core/build/resources/main/de/uka/ilkd/key/proof/rules/ifThenElseRules.key:188:32: mismatched input '&' expecting {'(', '{'} [@1152,5167:5167='&',<156>,188:32] (taclet, rulesOrAxioms, decls, file) 
302911     WARN  Test worker     d.u.i.k.n.KeYParser       [syntax-error] file:/home/runner/work/key/key/key.core/build/resources/main/de/uka/ilkd/key/proof/rules/ifThenElseRules.key:190:42: mismatched input '}' expecting {'(', '{'} [@1192,5280:5280='}',<149>,190:42] (taclet, rulesOrAxioms, decls, file) 
302911     WARN  Test worker     d.u.i.k.n.KeYParser       [syntax-error] file:/home/runner/work/key/key/key.core/build/resources/main/de/uka/ilkd/key/proof/rules/ifThenElseRules.key:191:39: mismatched input '}' expecting {'(', '{'} [@1205,5325:5325='}',<149>,191:39] (taclet, rulesOrAxioms, decls, file) 
302911     WARN  Test worker     d.u.i.k.n.KeYParser       [syntax-error] file:/home/runner/work/key/key/key.core/build/resources/main/de/uka/ilkd/key/proof/rules/ifThenElseRules.key:198:14: mismatched input '\ifExintVar' expecting {MODALITY, FORALL, EXISTS, '\if', '\ifEx', 'true', 'false', '(', '{', '@', NOT, SEQARROW, '-', STRING_LITERAL, CHAR_LITERAL, BIN_LITERAL, HEX_LITERAL, IDENT, INT_LITERAL, FLOAT_LITERAL, DOUBLE_LITERAL, REAL_LITERAL} [@1233,5475:5485='\ifExintVar',<188>,198:14] (termorseq, taclet, rulesOrAxioms, decls, file) 
302911     WARN  Test worker     d.u.i.k.n.KeYParser       [syntax-error] file:/home/runner/work/key/key/key.core/build/resources/main/de/uka/ilkd/key/proof/rules/ifThenElseRules.key:198:27: extraneous input '(' expecting {'\lemma', '}', IDENT, '/*!'} [@1236,5488:5488='(',<146>,198:27] (rulesOrAxioms, decls, file) 
302911     WARN  Test worker     d.u.i.k.n.KeYParser       [syntax-error] file:/home/runner/work/key/key/key.core/build/resources/main/de/uka/ilkd/key/proof/rules/ifThenElseRules.key:198:32: mismatched input '&' expecting {'(', '{'} [@1239,5493:5493='&',<156>,198:32] (taclet, rulesOrAxioms, decls, file) 
302911     WARN  Test worker     d.u.i.k.n.KeYParser       [syntax-error] file:/home/runner/work/key/key/key.core/build/resources/main/de/uka/ilkd/key/proof/rules/ifThenElseRules.key:200:42: mismatched input '}' expecting {'(', '{'} [@1279,5612:5612='}',<149>,200:42] (taclet, rulesOrAxioms, decls, file) 
302911     WARN  Test worker     d.u.i.k.n.KeYParser       [syntax-error] file:/home/runner/work/key/key/key.core/build/resources/main/de/uka/ilkd/key/proof/rules/ifThenElseRules.key:201:39: mismatched input '}' expecting {'(', '{'} [@1292,5657:5657='}',<149>,201:39] (taclet, rulesOrAxioms, decls, file) 
302911     WARN  Test worker     d.u.i.k.n.KeYParser       [syntax-error] file:/home/runner/work/key/key/key.core/build/resources/main/de/uka/ilkd/key/proof/rules/ifThenElseRules.key:208:14: mismatched input '\ifExintVar' expecting {MODALITY, FORALL, EXISTS, '\if', '\ifEx', 'true', 'false', '(', '{', '@', NOT, SEQARROW, '-', STRING_LITERAL, CHAR_LITERAL, BIN_LITERAL, HEX_LITERAL, IDENT, INT_LITERAL, FLOAT_LITERAL, DOUBLE_LITERAL, REAL_LITERAL} [@1320,5817:5827='\ifExintVar',<188>,208:14] (termorseq, taclet, rulesOrAxioms, decls, file) 
302912     WARN  Test worker     d.u.i.k.n.KeYParser       [syntax-error] file:/home/runner/work/key/key/key.core/build/resources/main/de/uka/ilkd/key/proof/rules/ifThenElseRules.key:208:27: extraneous input '(' expecting {'\lemma', '}', IDENT, '/*!'} [@1323,5830:5830='(',<146>,208:27] (rulesOrAxioms, decls, file) 
302912     WARN  Test worker     d.u.i.k.n.KeYParser       [syntax-error] file:/home/runner/work/key/key/key.core/build/resources/main/de/uka/ilkd/key/proof/rules/ifThenElseRules.key:208:32: mismatched input '&' expecting {'(', '{'} [@1326,5835:5835='&',<156>,208:32] (taclet, rulesOrAxioms, decls, file) 
302912     WARN  Test worker     d.u.i.k.n.KeYParser       [syntax-error] file:/home/runner/work/key/key/key.core/build/resources/main/de/uka/ilkd/key/proof/rules/ifThenElseRules.key:210:42: mismatched input '}' expecting {'(', '{'} [@1366,5948:5948='}',<149>,210:42] (taclet, rulesOrAxioms, decls, file) 
302912     WARN  Test worker     d.u.i.k.n.KeYParser       [syntax-error] file:/home/runner/work/key/key/key.core/build/resources/main/de/uka/ilkd/key/proof/rules/ifThenElseRules.key:211:39: mismatched input '}' expecting {'(', '{'} [@1379,5993:5993='}',<149>,211:39] (taclet, rulesOrAxioms, decls, file) 
302912     WARN  Test worker     d.u.i.k.n.KeYParser       [syntax-error] file:/home/runner/work/key/key/key.core/build/resources/main/de/uka/ilkd/key/proof/rules/ifThenElseRules.key:218:14: mismatched input '\ifExintVar' expecting {MODALITY, FORALL, EXISTS, '\if', '\ifEx', 'true', 'false', '(', '{', '@', NOT, SEQARROW, '-', STRING_LITERAL, CHAR_LITERAL, BIN_LITERAL, HEX_LITERAL, IDENT, INT_LITERAL, FLOAT_LITERAL, DOUBLE_LITERAL, REAL_LITERAL} [@1407,6146:6156='\ifExintVar',<188>,218:14] (termorseq, taclet, rulesOrAxioms, decls, file) 
302912     WARN  Test worker     d.u.i.k.n.KeYParser       [syntax-error] file:/home/runner/work/key/key/key.core/build/resources/main/de/uka/ilkd/key/proof/rules/ifThenElseRules.key:218:27: extraneous input '(' expecting {'\lemma', '}', IDENT, '/*!'} [@1410,6159:6159='(',<146>,218:27] (rulesOrAxioms, decls, file) 
302912     WARN  Test worker     d.u.i.k.n.KeYParser       [syntax-error] file:/home/runner/work/key/key/key.core/build/resources/main/de/uka/ilkd/key/proof/rules/ifThenElseRules.key:218:31: mismatched input ')' expecting {'(', '{'} [@1412,6163:6163=')',<147>,218:31] (taclet, rulesOrAxioms, decls, file) 
302912     WARN  Test worker     d.u.i.k.n.KeYParser       [syntax-error] file:/home/runner/work/key/key/key.core/build/resources/main/de/uka/ilkd/key/proof/rules/ifThenElseRules.key:220:44: mismatched input ')' expecting {'(', '{'} [@1444,6275:6275=')',<147>,220:44] (taclet, rulesOrAxioms, decls, file) 
302912     WARN  Test worker     d.u.i.k.n.KeYParser       [syntax-error] file:/home/runner/work/key/key/key.core/build/resources/main/de/uka/ilkd/key/proof/rules/ifThenElseRules.key:225:14: mismatched input '\ifExintVar' expecting {MODALITY, FORALL, EXISTS, '\if', '\ifEx', 'true', 'false', '(', '{', '@', NOT, SEQARROW, '-', STRING_LITERAL, CHAR_LITERAL, BIN_LITERAL, HEX_LITERAL, IDENT, INT_LITERAL, FLOAT_LITERAL, DOUBLE_LITERAL, REAL_LITERAL} [@1471,6389:6399='\ifExintVar',<188>,225:14] (termorseq, taclet, rulesOrAxioms, decls, file) 
302913     WARN  Test worker     d.u.i.k.n.KeYParser       [syntax-error] file:/home/runner/work/key/key/key.core/build/resources/main/de/uka/ilkd/key/proof/rules/ifThenElseRules.key:225:27: extraneous input '(' expecting {'\lemma', '}', IDENT, '/*!'} [@1474,6402:6402='(',<146>,225:27] (rulesOrAxioms, decls, file) 
302913     WARN  Test worker     d.u.i.k.n.KeYParser       [syntax-error] file:/home/runner/work/key/key/key.core/build/resources/main/de/uka/ilkd/key/proof/rules/ifThenElseRules.key:225:31: mismatched input ')' expecting {'(', '{'} [@1476,6406:6406=')',<147>,225:31] (taclet, rulesOrAxioms, decls, file) 
302913     WARN  Test worker     d.u.i.k.n.KeYParser       [syntax-error] file:/home/runner/work/key/key/key.core/build/resources/main/de/uka/ilkd/key/proof/rules/ifThenElseRules.key:227:44: mismatched input ')' expecting {'(', '{'} [@1508,6509:6509=')',<147>,227:44] (taclet, rulesOrAxioms, decls, file) 
302913     WARN  Test worker     d.u.i.k.n.KeYParser       [syntax-error] file:/home/runner/work/key/key/key.core/build/resources/main/de/uka/ilkd/key/proof/rules/ifThenElseRules.key:233:14: mismatched input '\ifExintVar' expecting {MODALITY, FORALL, EXISTS, '\if', '\ifEx', 'true', 'false', '(', '{', '@', NOT, SEQARROW, '-', STRING_LITERAL, CHAR_LITERAL, BIN_LITERAL, HEX_LITERAL, IDENT, INT_LITERAL, FLOAT_LITERAL, DOUBLE_LITERAL, REAL_LITERAL} [@1539,6656:6666='\ifExintVar',<188>,233:14] (termorseq, taclet, rulesOrAxioms, decls, file) 
302913     WARN  Test worker     d.u.i.k.n.KeYParser       [syntax-error] file:/home/runner/work/key/key/key.core/build/resources/main/de/uka/ilkd/key/proof/rules/ifThenElseRules.key:233:27: extraneous input '(' expecting {'\lemma', '}', IDENT, '/*!'} [@1542,6669:6669='(',<146>,233:27] (rulesOrAxioms, decls, file) 
302913     WARN  Test worker     d.u.i.k.n.KeYParser       [syntax-error] file:/home/runner/work/key/key/key.core/build/resources/main/de/uka/ilkd/key/proof/rules/ifThenElseRules.key:233:31: mismatched input ')' expecting {'(', '{'} [@1544,6673:6673=')',<147>,233:31] (taclet, rulesOrAxioms, decls, file) 
302913     WARN  Test worker     d.u.i.k.n.KeYParser       [syntax-error] file:/home/runner/work/key/key/key.core/build/resources/main/de/uka/ilkd/key/proof/rules/ifThenElseRules.key:237:42: mismatched input '}' expecting {'(', '{'} [@1586,6850:6850='}',<149>,237:42] (taclet, rulesOrAxioms, decls, file) 
302913     WARN  Test worker     d.u.i.k.n.KeYParser       [syntax-error] file:/home/runner/work/key/key/key.core/build/resources/main/de/uka/ilkd/key/proof/rules/ifThenElseRules.key:238:34: mismatched input '}' expecting {'(', '{'} [@1599,6891:6891='}',<149>,238:34] (taclet, rulesOrAxioms, decls, file) 
302913     WARN  Test worker     d.u.i.k.n.KeYParser       [syntax-error] file:/home/runner/work/key/key/key.core/build/resources/main/de/uka/ilkd/key/proof/rules/ifThenElseRules.key:239:28: extraneous input '(' expecting {'\lemma', '}', IDENT, '/*!'} [@1608,6925:6925='(',<146>,239:28] (rulesOrAxioms, decls, file) 
302913     WARN  Test worker     d.u.i.k.n.KeYParser       [syntax-error] file:/home/runner/work/key/key/key.core/build/resources/main/de/uka/ilkd/key/proof/rules/ifThenElseRules.key:239:33: mismatched input '->' expecting {'(', '{'} [@1611,6930:6931='->',<158>,239:33] (taclet, rulesOrAxioms, decls, file) 
302914     WARN  Test worker     d.u.i.k.n.KeYParser       [syntax-error] file:/home/runner/work/key/key/key.core/build/resources/main/de/uka/ilkd/key/proof/rules/ifThenElseRules.key:240:8: extraneous input '\replacewith' expecting {'\lemma', '}', IDENT, '/*!'} [@1626,6979:6990='\replacewith',<105>,240:8] (rulesOrAxioms, decls, file) 
302914     WARN  Test worker     d.u.i.k.n.KeYParser       [syntax-error] file:/home/runner/work/key/key/key.core/build/resources/main/de/uka/ilkd/key/proof/rules/ifThenElseRules.key:240:25: mismatched input ')' expecting {'(', '{'} [@1629,6996:6996=')',<147>,240:25] (taclet, rulesOrAxioms, decls, file) 
302914     WARN  Test worker     d.u.i.k.n.KeYParser       [syntax-error] file:/home/runner/work/key/key/key.core/build/resources/main/de/uka/ilkd/key/proof/rules/ifThenElseRules.key:240:56: mismatched input ')' expecting {'(', '{'} [@1642,7027:7027=')',<147>,240:56] (taclet, rulesOrAxioms, decls, file) 
302914     WARN  Test worker     d.u.i.k.n.KeYParser       [syntax-error] file:/home/runner/work/key/key/key.core/build/resources/main/de/uka/ilkd/key/proof/rules/ifThenElseRules.key:245:14: mismatched input '\ifExintVar' expecting {MODALITY, FORALL, EXISTS, '\if', '\ifEx', 'true', 'false', '(', '{', '@', NOT, SEQARROW, '-', STRING_LITERAL, CHAR_LITERAL, BIN_LITERAL, HEX_LITERAL, IDENT, INT_LITERAL, FLOAT_LITERAL, DOUBLE_LITERAL, REAL_LITERAL} [@1658,7109:7119='\ifExintVar',<188>,245:14] (termorseq, taclet, rulesOrAxioms, decls, file) 
302914     WARN  Test worker     d.u.i.k.n.KeYParser       [syntax-error] file:/home/runner/work/key/key/key.core/build/resources/main/de/uka/ilkd/key/proof/rules/ifThenElseRules.key:245:27: extraneous input '(' expecting {'\lemma', '}', IDENT, '/*!'} [@1661,7122:7122='(',<146>,245:27] (rulesOrAxioms, decls, file) 
302914     WARN  Test worker     d.u.i.k.n.KeYParser       [syntax-error] file:/home/runner/work/key/key/key.core/build/resources/main/de/uka/ilkd/key/proof/rules/ifThenElseRules.key:245:31: mismatched input ')' expecting {'(', '{'} [@1663,7126:7126=')',<147>,245:31] (taclet, rulesOrAxioms, decls, file) 
302915     WARN  Test worker     d.u.i.k.n.KeYParser       [syntax-error] file:/home/runner/work/key/key/key.core/build/resources/main/de/uka/ilkd/key/proof/rules/ifThenElseRules.key:248:45: mismatched input '}' expecting {'(', '{'} [@1696,7268:7268='}',<149>,248:45] (taclet, rulesOrAxioms, decls, file) 
302915     WARN  Test worker     d.u.i.k.n.KeYParser       [syntax-error] file:/home/runner/work/key/key/key.core/build/resources/main/de/uka/ilkd/key/proof/rules/ifThenElseRules.key:249:8: extraneous input '\replacewith' expecting {'\lemma', '}', IDENT, '/*!'} [@1701,7284:7295='\replacewith',<105>,249:8] (rulesOrAxioms, decls, file) 
302915     WARN  Test worker     d.u.i.k.n.KeYParser       [syntax-error] file:/home/runner/work/key/key/key.core/build/resources/main/de/uka/ilkd/key/proof/rules/ifThenElseRules.key:249:38: mismatched input ')' expecting {'(', '{'} [@1708,7314:7314=')',<147>,249:38] (taclet, rulesOrAxioms, decls, file) 
302915     WARN  Test worker     d.u.i.k.n.KeYParser       [syntax-error] file:/home/runner/work/key/key/key.core/build/resources/main/de/uka/ilkd/key/proof/rules/ifThenElseRules.key:250:42: mismatched input '}' expecting {'(', '{'} [@1731,7381:7381='}',<149>,250:42] (taclet, rulesOrAxioms, decls, file) 
302915     WARN  Test worker     d.u.i.k.n.KeYParser       [syntax-error] file:/home/runner/work/key/key/key.core/build/resources/main/de/uka/ilkd/key/proof/rules/ifThenElseRules.key:251:28: extraneous input '(' expecting {'\lemma', '}', IDENT, '/*!'} [@1741,7416:7416='(',<146>,251:28] (rulesOrAxioms, decls, file) 
302915     WARN  Test worker     d.u.i.k.n.KeYParser       [syntax-error] file:/home/runner/work/key/key/key.core/build/resources/main/de/uka/ilkd/key/proof/rules/ifThenElseRules.key:251:33: mismatched input '->' expecting {'(', '{'} [@1744,7421:7422='->',<158>,251:33] (taclet, rulesOrAxioms, decls, file) 
302915     WARN  Test worker     d.u.i.k.n.KeYParser       [syntax-error] file:/home/runner/work/key/key/key.core/build/resources/main/de/uka/ilkd/key/proof/rules/ifThenElseRules.key:255:14: mismatched input '\ifExintVar' expecting {MODALITY, FORALL, EXISTS, '\if', '\ifEx', 'true', 'false', '(', '{', '@', NOT, SEQARROW, '-', STRING_LITERAL, CHAR_LITERAL, BIN_LITERAL, HEX_LITERAL, IDENT, INT_LITERAL, FLOAT_LITERAL, DOUBLE_LITERAL, REAL_LITERAL} [@1765,7506:7516='\ifExintVar',<188>,255:14] (termorseq, taclet, rulesOrAxioms, decls, file) 
302916     WARN  Test worker     d.u.i.k.n.KeYParser       [syntax-error] file:/home/runner/work/key/key/key.core/build/resources/main/de/uka/ilkd/key/proof/rules/ifThenElseRules.key:255:27: extraneous input '(' expecting {'\lemma', '}', IDENT, '/*!'} [@1768,7519:7519='(',<146>,255:27] (rulesOrAxioms, decls, file) 
302916     WARN  Test worker     d.u.i.k.n.KeYParser       [syntax-error] file:/home/runner/work/key/key/key.core/build/resources/main/de/uka/ilkd/key/proof/rules/ifThenElseRules.key:255:31: mismatched input ')' expecting {'(', '{'} [@1770,7523:7523=')',<147>,255:31] (taclet, rulesOrAxioms, decls, file) 
302916     WARN  Test worker     d.u.i.k.n.KeYParser       [syntax-error] file:/home/runner/work/key/key/key.core/build/resources/main/de/uka/ilkd/key/proof/rules/ifThenElseRules.key:258:52: extraneous input '0' expecting {'\lemma', '}', IDENT, '/*!'} [@1809,7667:7667='0',<184>,258:52] (rulesOrAxioms, decls, file) 
302916     WARN  Test worker     d.u.i.k.n.KeYParser       [syntax-error] file:/home/runner/work/key/key/key.core/build/resources/main/de/uka/ilkd/key/proof/rules/ifThenElseRules.key:258:54: mismatched input 'then' expecting {<EOF>, '\problem', '\chooseContract', '\proofObligation', '\proof'} [@1811,7669:7672='then',<183>,258:54] (file) 
302916     ERROR Test worker     d.u.i.k.s.n.MasterHandlerTest Error reading /home/runner/work/key/key/key.core/build/resources/test/de/uka/ilkd/key/smt/newsmt2/cases/cast2.props de.uka.ilkd.key.proof.io.ProblemLoaderException: line 135:14 mismatched input '\ifExintVar' expecting {MODALITY, FORALL, EXISTS, '\if', '\ifEx', 'true', 'false', '(', '{', '@', NOT, SEQARROW, '-', STRING_LITERAL, CHAR_LITERAL, BIN_LITERAL, HEX_LITERAL, IDENT, INT_LITERAL, FLOAT_LITERAL, DOUBLE_LITERAL, REAL_LITERAL}
line 135:27 extraneous input '(' expecting {'\lemma', '}', IDENT, '/*!'}
line 135:44 mismatched input ')' expecting {'(', '{'}
line 141:14 mismatched input '\ifExintVar' expecting {MODALITY, FORALL, EXISTS, '\if', '\ifEx', 'true', 'false', '(', '{', '@', NOT, SEQARROW, '-', STRING_LITERAL, CHAR_LITERAL, BIN_LITERAL, HEX_LITERAL, IDENT, INT_LITERAL, FLOAT_LITERAL, DOUBLE_LITERAL, REAL_LITERAL}
line 141:27 extraneous input '(' expecting {'\lemma', '}', IDENT, '/*!'}
line 141:41 mismatched input ')' expecting {'(', '{'}
line 148:14 mismatched input '\ifExintVar' expecting {MODALITY, FORALL, EXISTS, '\if', '\ifEx', 'true', 'false', '(', '{', '@', NOT, SEQARROW, '-', STRING_LITERAL, CHAR_LITERAL, BIN_LITERAL, HEX_LITERAL, IDENT, INT_LITERAL, FLOAT_LITERAL, DOUBLE_LITERAL, REAL_LITERAL}
line 148:27 extraneous input '(' expecting {'\lemma', '}', IDENT, '/*!'}
line 148:35 mismatched input '=' expecting {'(', '{'}
line 150:38 mismatched input '}' expecting {'(', '{'}
line 155:14 mismatched input '\ifExintVar' expecting {MODALITY, FORALL, EXISTS, '\if', '\ifEx', 'true', 'false', '(', '{', '@', NOT, SEQARROW, '-', STRING_LITERAL, CHAR_LITERAL, BIN_LITERAL, HEX_LITERAL, IDENT, INT_LITERAL, FLOAT_LITERAL, DOUBLE_LITERAL, REAL_LITERAL}
line 155:27 extraneous input '(' expecting {'\lemma', '}', IDENT, '/*!'}
line 155:35 mismatched input '=' expecting {'(', '{'}
line 157:38 mismatched input '}' expecting {'(', '{'}
line 163:14 mismatched input '\ifExintVar' expecting {MODALITY, FORALL, EXISTS, '\if', '\ifEx', 'true', 'false', '(', '{', '@', NOT, SEQARROW, '-', STRING_LITERAL, CHAR_LITERAL, BIN_LITERAL, HEX_LITERAL, IDENT, INT_LITERAL, FLOAT_LITERAL, DOUBLE_LITERAL, REAL_LITERAL}
line 163:27 extraneous input '(' expecting {'\lemma', '}', IDENT, '/*!'}
line 163:30 mismatched input '=' expecting {'(', '{'}
line 165:38 mismatched input '}' expecting {'(', '{'}
line 171:14 mismatched input '\ifExintVar' expecting {MODALITY, FORALL, EXISTS, '\if', '\ifEx', 'true', 'false', '(', '{', '@', NOT, SEQARROW, '-', STRING_LITERAL, CHAR_LITERAL, BIN_LITERAL, HEX_LITERAL, IDENT, INT_LITERAL, FLOAT_LITERAL, DOUBLE_LITERAL, REAL_LITERAL}
line 171:27 extraneous input '(' expecting {'\lemma', '}', IDENT, '/*!'}
line 171:30 mismatched input '=' expecting {'(', '{'}
line 173:38 mismatched input '}' expecting {'(', '{'}
line 179:14 mismatched input '\ifExintVar' expecting {MODALITY, FORALL, EXISTS, '\if', '\ifEx', 'true', 'false', '(', '{', '@', NOT, SEQARROW, '-', STRING_LITERAL, CHAR_LITERAL, BIN_LITERAL, HEX_LITERAL, IDENT, INT_LITERAL, FLOAT_LITERAL, DOUBLE_LITERAL, REAL_LITERAL}
line 179:27 extraneous input '(' expecting {'\lemma', '}', IDENT, '/*!'}
line 179:32 mismatched input '&' expecting {'(', '{'}
line 181:42 mismatched input '}' expecting {'(', '{'}
line 182:39 mismatched input '}' expecting {'(', '{'}
line 188:14 mismatched input '\ifExintVar' expecting {MODALITY, FORALL, EXISTS, '\if', '\ifEx', 'true', 'false', '(', '{', '@', NOT, SEQARROW, '-', STRING_LITERAL, CHAR_LITERAL, BIN_LITERAL, HEX_LITERAL, IDENT, INT_LITERAL, FLOAT_LITERAL, DOUBLE_LITERAL, REAL_LITERAL}
line 188:27 extraneous input '(' expecting {'\lemma', '}', IDENT, '/*!'}
line 188:32 mismatched input '&' expecting {'(', '{'}
line 190:42 mismatched input '}' expecting {'(', '{'}
line 191:39 mismatched input '}' expecting {'(', '{'}
line 198:14 mismatched input '\ifExintVar' expecting {MODALITY, FORALL, EXISTS, '\if', '\ifEx', 'true', 'false', '(', '{', '@', NOT, SEQARROW, '-', STRING_LITERAL, CHAR_LITERAL, BIN_LITERAL, HEX_LITERAL, IDENT, INT_LITERAL, FLOAT_LITERAL, DOUBLE_LITERAL, REAL_LITERAL}
line 198:27 extraneous input '(' expecting {'\lemma', '}', IDENT, '/*!'}
line 198:32 mismatched input '&' expecting {'(', '{'}
line 200:42 mismatched input '}' expecting {'(', '{'}
line 201:39 mismatched input '}' expecting {'(', '{'}
line 208:14 mismatched input '\ifExintVar' expecting {MODALITY, FORALL, EXISTS, '\if', '\ifEx', 'true', 'false', '(', '{', '@', NOT, SEQARROW, '-', STRING_LITERAL, CHAR_LITERAL, BIN_LITERAL, HEX_LITERAL, IDENT, INT_LITERAL, FLOAT_LITERAL, DOUBLE_LITERAL, REAL_LITERAL}
line 208:27 extraneous input '(' expecting {'\lemma', '}', IDENT, '/*!'}
line 208:32 mismatched input '&' expecting {'(', '{'}
line 210:42 mismatched input '}' expecting {'(', '{'}
line 211:39 mismatched input '}' expecting {'(', '{'}
line 218:14 mismatched input '\ifExintVar' expecting {MODALITY, FORALL, EXISTS, '\if', '\ifEx', 'true', 'false', '(', '{', '@', NOT, SEQARROW, '-', STRING_LITERAL, CHAR_LITERAL, BIN_LITERAL, HEX_LITERAL, IDENT, INT_LITERAL, FLOAT_LITERAL, DOUBLE_LITERAL, REAL_LITERAL}
line 218:27 extraneous input '(' expecting {'\lemma', '}', IDENT, '/*!'}
line 218:31 mismatched input ')' expecting {'(', '{'}
line 220:44 mismatched input ')' expecting {'(', '{'}
line 225:14 mismatched input '\ifExintVar' expecting {MODALITY, FORALL, EXISTS, '\if', '\ifEx', 'true', 'false', '(', '{', '@', NOT, SEQARROW, '-', STRING_LITERAL, CHAR_LITERAL, BIN_LITERAL, HEX_LITERAL, IDENT, INT_LITERAL, FLOAT_LITERAL, DOUBLE_LITERAL, REAL_LITERAL}
line 225:27 extraneous input '(' expecting {'\lemma', '}', IDENT, '/*!'}
line 225:31 mismatched input ')' expecting {'(', '{'}
line 227:44 mismatched input ')' expecting {'(', '{'}
line 233:14 mismatched input '\ifExintVar' expecting {MODALITY, FORALL, EXISTS, '\if', '\ifEx', 'true', 'false', '(', '{', '@', NOT, SEQARROW, '-', STRING_LITERAL, CHAR_LITERAL, BIN_LITERAL, HEX_LITERAL, IDENT, INT_LITERAL, FLOAT_LITERAL, DOUBLE_LITERAL, REAL_LITERAL}
line 233:27 extraneous input '(' expecting {'\lemma', '}', IDENT, '/*!'}
line 233:31 mismatched input ')' expecting {'(', '{'}
line 237:42 mismatched input '}' expecting {'(', '{'}
line 238:34 mismatched input '}' expecting {'(', '{'}
line 239:28 extraneous input '(' expecting {'\lemma', '}', IDENT, '/*!'}
line 239:33 mismatched input '->' expecting {'(', '{'}
line 240:8 extraneous input '\replacewith' expecting {'\lemma', '}', IDENT, '/*!'}
line 240:25 mismatched input ')' expecting {'(', '{'}
line 240:56 mismatched input ')' expecting {'(', '{'}
line 245:14 mismatched input '\ifExintVar' expecting {MODALITY, FORALL, EXISTS, '\if', '\ifEx', 'true', 'false', '(', '{', '@', NOT, SEQARROW, '-', STRING_LITERAL, CHAR_LITERAL, BIN_LITERAL, HEX_LITERAL, IDENT, INT_LITERAL, FLOAT_LITERAL, DOUBLE_LITERAL, REAL_LITERAL}
line 245:27 extraneous input '(' expecting {'\lemma', '}', IDENT, '/*!'}
line 245:31 mismatched input ')' expecting {'(', '{'}
line 248:45 mismatched input '}' expecting {'(', '{'}
line 249:8 extraneous input '\replacewith' expecting {'\lemma', '}', IDENT, '/*!'}
line 249:38 mismatched input ')' expecting {'(', '{'}
line 250:42 mismatched input '}' expecting {'(', '{'}
line 251:28 extraneous input '(' expecting {'\lemma', '}', IDENT, '/*!'}
line 251:33 mismatched input '->' expecting {'(', '{'}
line 255:14 mismatched input '\ifExintVar' expecting {MODALITY, FORALL, EXISTS, '\if', '\ifEx', 'true', 'false', '(', '{', '@', NOT, SEQARROW, '-', STRING_LITERAL, CHAR_LITERAL, BIN_LITERAL, HEX_LITERAL, IDENT, INT_LITERAL, FLOAT_LITERAL, DOUBLE_LITERAL, REAL_LITERAL}
line 255:27 extraneous input '(' expecting {'\lemma', '}', IDENT, '/*!'}
line 255:31 mismatched input ')' expecting {'(', '{'}
line 258:52 extraneous input '0' expecting {'\lemma', '}', IDENT, '/*!'}
line 258:54 mismatched input 'then' expecting {<EOF>, '\problem', '\chooseContract', '\proofObligation', '\proof'}

	at de.uka.ilkd.key.control.AbstractUserInterfaceControl.load(AbstractUserInterfaceControl.java:221)
Caused by: de.uka.ilkd.key.proof.init.ProofInputException: line 135:14 mismatched input '\ifExintVar' expecting {MODALITY, FORALL, EXISTS, '\if', '\ifEx', 'true', 'false', '(', '{', '@', NOT, SEQARROW, '-', STRING_LITERAL, CHAR_LITERAL, BIN_LITERAL, HEX_LITERAL, IDENT, INT_LITERAL, FLOAT_LITERAL, DOUBLE_LITERAL, REAL_LITERAL}
line 135:27 extraneous input '(' expecting {'\lemma', '}', IDENT, '/*!'}
line 135:44 mismatched input ')' expecting {'(', '{'}
line 141:14 mismatched input '\ifExintVar' expecting {MODALITY, FORALL, EXISTS, '\if', '\ifEx', 'true', 'false', '(', '{', '@', NOT, SEQARROW, '-', STRING_LITERAL, CHAR_LITERAL, BIN_LITERAL, HEX_LITERAL, IDENT, INT_LITERAL, FLOAT_LITERAL, DOUBLE_LITERAL, REAL_LITERAL}
line 141:27 extraneous input '(' expecting {'\lemma', '}', IDENT, '/*!'}
line 141:41 mismatched input ')' expecting {'(', '{'}
line 148:14 mismatched input '\ifExintVar' expecting {MODALITY, FORALL, EXISTS, '\if', '\ifEx', 'true', 'false', '(', '{', '@', NOT, SEQARROW, '-', STRING_LITERAL, CHAR_LITERAL, BIN_LITERAL, HEX_LITERAL, IDENT, INT_LITERAL, FLOAT_LITERAL, DOUBLE_LITERAL, REAL_LITERAL}
line 148:27 extraneous input '(' expecting {'\lemma', '}', IDENT, '/*!'}
line 148:35 mismatched input '=' expecting {'(', '{'}
line 150:38 mismatched input '}' expecting {'(', '{'}
line 155:14 mismatched input '\ifExintVar' expecting {MODALITY, FORALL, EXISTS, '\if', '\ifEx', 'true', 'false', '(', '{', '@', NOT, SEQARROW, '-', STRING_LITERAL, CHAR_LITERAL, BIN_LITERAL, HEX_LITERAL, IDENT, INT_LITERAL, FLOAT_LITERAL, DOUBLE_LITERAL, REAL_LITERAL}
line 155:27 extraneous input '(' expecting {'\lemma', '}', IDENT, '/*!'}
line 155:35 mismatched input '=' expecting {'(', '{'}
line 157:38 mismatched input '}' expecting {'(', '{'}
line 163:14 mismatched input '\ifExintVar' expecting {MODALITY, FORALL, EXISTS, '\if', '\ifEx', 'true', 'false', '(', '{', '@', NOT, SEQARROW, '-', STRING_LITERAL, CHAR_LITERAL, BIN_LITERAL, HEX_LITERAL, IDENT, INT_LITERAL, FLOAT_LITERAL, DOUBLE_LITERAL, REAL_LITERAL}
line 163:27 extraneous input '(' expecting {'\lemma', '}', IDENT, '/*!'}
line 163:30 mismatched input '=' expecting {'(', '{'}
line 165:38 mismatched input '}' expecting {'(', '{'}
line 171:14 mismatched input '\ifExintVar' expecting {MODALITY, FORALL, EXISTS, '\if', '\ifEx', 'true', 'false', '(', '{', '@', NOT, SEQARROW, '-', STRING_LITERAL, CHAR_LITERAL, BIN_LITERAL, HEX_LITERAL, IDENT, INT_LITERAL, FLOAT_LITERAL, DOUBLE_LITERAL, REAL_LITERAL}
line 171:27 extraneous input '(' expecting {'\lemma', '}', IDENT, '/*!'}
line 171:30 mismatched input '=' expecting {'(', '{'}
line 173:38 mismatched input '}' expecting {'(', '{'}
line 179:14 mismatched input '\ifExintVar' expecting {MODALITY, FORALL, EXISTS, '\if', '\ifEx', 'true', 'false', '(', '{', '@', NOT, SEQARROW, '-', STRING_LITERAL, CHAR_LITERAL, BIN_LITERAL, HEX_LITERAL, IDENT, INT_LITERAL, FLOAT_LITERAL, DOUBLE_LITERAL, REAL_LITERAL}
line 179:27 extraneous input '(' expecting {'\lemma', '}', IDENT, '/*!'}
line 179:32 mismatched input '&' expecting {'(', '{'}
line 181:42 mismatched input '}' expecting {'(', '{'}
line 182:39 mismatched input '}' expecting {'(', '{'}
line 188:14 mismatched input '\ifExintVar' expecting {MODALITY, FORALL, EXISTS, '\if', '\ifEx', 'true', 'false', '(', '{', '@', NOT, SEQARROW, '-', STRING_LITERAL, CHAR_LITERAL, BIN_LITERAL, HEX_LITERAL, IDENT, INT_LITERAL, FLOAT_LITERAL, DOUBLE_LITERAL, REAL_LITERAL}
line 188:27 extraneous input '(' expecting {'\lemma', '}', IDENT, '/*!'}
line 188:32 mismatched input '&' expecting {'(', '{'}
line 190:42 mismatched input '}' expecting {'(', '{'}
line 191:39 mismatched input '}' expecting {'(', '{'}
line 198:14 mismatched input '\ifExintVar' expecting {MODALITY, FORALL, EXISTS, '\if', '\ifEx', 'true', 'false', '(', '{', '@', NOT, SEQARROW, '-', STRING_LITERAL, CHAR_LITERAL, BIN_LITERAL, HEX_LITERAL, IDENT, INT_LITERAL, FLOAT_LITERAL, DOUBLE_LITERAL, REAL_LITERAL}
line 198:27 extraneous input '(' expecting {'\lemma', '}', IDENT, '/*!'}
line 198:32 mismatched input '&' expecting {'(', '{'}
line 200:42 mismatched input '}' expecting {'(', '{'}
line 201:39 mismatched input '}' expecting {'(', '{'}
line 208:14 mismatched input '\ifExintVar' expecting {MODALITY, FORALL, EXISTS, '\if', '\ifEx', 'true', 'false', '(', '{', '@', NOT, SEQARROW, '-', STRING_LITERAL, CHAR_LITERAL, BIN_LITERAL, HEX_LITERAL, IDENT, INT_LITERAL, FLOAT_LITERAL, DOUBLE_LITERAL, REAL_LITERAL}
line 208:27 extraneous input '(' expecting {'\lemma', '}', IDENT, '/*!'}
line 208:32 mismatched input '&' expecting {'(', '{'}
line 210:42 mismatched input '}' expecting {'(', '{'}
line 211:39 mismatched input '}' expecting {'(', '{'}
line 218:14 mismatched input '\ifExintVar' expecting {MODALITY, FORALL, EXISTS, '\if', '\ifEx', 'true', 'false', '(', '{', '@', NOT, SEQARROW, '-', STRING_LITERAL, CHAR_LITERAL, BIN_LITERAL, HEX_LITERAL, IDENT, INT_LITERAL, FLOAT_LITERAL, DOUBLE_LITERAL, REAL_LITERAL}
line 218:27 extraneous input '(' expecting {'\lemma', '}', IDENT, '/*!'}
line 218:31 mismatched input ')' expecting {'(', '{'}
line 220:44 mismatched input ')' expecting {'(', '{'}
line 225:14 mismatched input '\ifExintVar' expecting {MODALITY, FORALL, EXISTS, '\if', '\ifEx', 'true', 'false', '(', '{', '@', NOT, SEQARROW, '-', STRING_LITERAL, CHAR_LITERAL, BIN_LITERAL, HEX_LITERAL, IDENT, INT_LITERAL, FLOAT_LITERAL, DOUBLE_LITERAL, REAL_LITERAL}
line 225:27 extraneous input '(' expecting {'\lemma', '}', IDENT, '/*!'}
line 225:31 mismatched input ')' expecting {'(', '{'}
line 227:44 mismatched input ')' expecting {'(', '{'}
line 233:14 mismatched input '\ifExintVar' expecting {MODALITY, FORALL, EXISTS, '\if', '\ifEx', 'true', 'false', '(', '{', '@', NOT, SEQARROW, '-', STRING_LITERAL, CHAR_LITERAL, BIN_LITERAL, HEX_LITERAL, IDENT, INT_LITERAL, FLOAT_LITERAL, DOUBLE_LITERAL, REAL_LITERAL}
line 233:27 extraneous input '(' expecting {'\lemma', '}', IDENT, '/*!'}
line 233:31 mismatched input ')' expecting {'(', '{'}
line 237:42 mismatched input '}' expecting {'(', '{'}
line 238:34 mismatched input '}' expecting {'(', '{'}
line 239:28 extraneous input '(' expecting {'\lemma', '}', IDENT, '/*!'}
line 239:33 mismatched input '->' expecting {'(', '{'}
line 240:8 extraneous input '\replacewith' expecting {'\lemma', '}', IDENT, '/*!'}
line 240:25 mismatched input ')' expecting {'(', '{'}
line 240:56 mismatched input ')' expecting {'(', '{'}
line 245:14 mismatched input '\ifExintVar' expecting {MODALITY, FORALL, EXISTS, '\if', '\ifEx', 'true', 'false', '(', '{', '@', NOT, SEQARROW, '-', STRING_LITERAL, CHAR_LITERAL, BIN_LITERAL, HEX_LITERAL, IDENT, INT_LITERAL, FLOAT_LITERAL, DOUBLE_LITERAL, REAL_LITERAL}
line 245:27 extraneous input '(' expecting {'\lemma', '}', IDENT, '/*!'}
line 245:31 mismatched input ')' expecting {'(', '{'}
line 248:45 mismatched input '}' expecting {'(', '{'}
line 249:8 extraneous input '\replacewith' expecting {'\lemma', '}', IDENT, '/*!'}
line 249:38 mismatched input ')' expecting {'(', '{'}
line 250:42 mismatched input '}' expecting {'(', '{'}
line 251:28 extraneous input '(' expecting {'\lemma', '}', IDENT, '/*!'}
line 251:33 mismatched input '->' expecting {'(', '{'}
line 255:14 mismatched input '\ifExintVar' expecting {MODALITY, FORALL, EXISTS, '\if', '\ifEx', 'true', 'false', '(', '{', '@', NOT, SEQARROW, '-', STRING_LITERAL, CHAR_LITERAL, BIN_LITERAL, HEX_LITERAL, IDENT, INT_LITERAL, FLOAT_LITERAL, DOUBLE_LITERAL, REAL_LITERAL}
line 255:27 extraneous input '(' expecting {'\lemma', '}', IDENT, '/*!'}
line 255:31 mismatched input ')' expecting {'(', '{'}
line 258:52 extraneous input '0' expecting {'\lemma', '}', IDENT, '/*!'}
line 258:54 mismatched input 'then' expecting {<EOF>, '\problem', '\chooseContract', '\proofObligation', '\proof'}

	at de.uka.ilkd.key.proof.io.KeYFile.readIncludes(KeYFile.java:210)
Caused by: de.uka.ilkd.key.util.parsing.SyntaxErrorReporter$ParserException: line 135:14 mismatched input '\ifExintVar' expecting {MODALITY, FORALL, EXISTS, '\if', '\ifEx', 'true', 'false', '(', '{', '@', NOT, SEQARROW, '-', STRING_LITERAL, CHAR_LITERAL, BIN_LITERAL, HEX_LITERAL, IDENT, INT_LITERAL, FLOAT_LITERAL, DOUBLE_LITERAL, REAL_LITERAL}
line 135:27 extraneous input '(' expecting {'\lemma', '}', IDENT, '/*!'}
line 135:44 mismatched input ')' expecting {'(', '{'}
line 141:14 mismatched input '\ifExintVar' expecting {MODALITY, FORALL, EXISTS, '\if', '\ifEx', 'true', 'false', '(', '{', '@', NOT, SEQARROW, '-', STRING_LITERAL, CHAR_LITERAL, BIN_LITERAL, HEX_LITERAL, IDENT, INT_LITERAL, FLOAT_LITERAL, DOUBLE_LITERAL, REAL_LITERAL}
line 141:27 extraneous input '(' expecting {'\lemma', '}', IDENT, '/*!'}
line 141:41 mismatched input ')' expecting {'(', '{'}
line 148:14 mismatched input '\ifExintVar' expecting {MODALITY, FORALL, EXISTS, '\if', '\ifEx', 'true', 'false', '(', '{', '@', NOT, SEQARROW, '-', STRING_LITERAL, CHAR_LITERAL, BIN_LITERAL, HEX_LITERAL, IDENT, INT_LITERAL, FLOAT_LITERAL, DOUBLE_LITERAL, REAL_LITERAL}
line 148:27 extraneous input '(' expecting {'\lemma', '}', IDENT, '/*!'}
line 148:35 mismatched input '=' expecting {'(', '{'}
line 150:38 mismatched input '}' expecting {'(', '{'}
line 155:14 mismatched input '\ifExintVar' expecting {MODALITY, FORALL, EXISTS, '\if', '\ifEx', 'true', 'false', '(', '{', '@', NOT, SEQARROW, '-', STRING_LITERAL, CHAR_LITERAL, BIN_LITERAL, HEX_LITERAL, IDENT, INT_LITERAL, FLOAT_LITERAL, DOUBLE_LITERAL, REAL_LITERAL}
line 155:27 extraneous input '(' expecting {'\lemma', '}', IDENT, '/*!'}
line 155:35 mismatched input '=' expecting {'(', '{'}
line 157:38 mismatched input '}' expecting {'(', '{'}
line 163:14 mismatched input '\ifExintVar' expecting {MODALITY, FORALL, EXISTS, '\if', '\ifEx', 'true', 'false', '(', '{', '@', NOT, SEQARROW, '-', STRING_LITERAL, CHAR_LITERAL, BIN_LITERAL, HEX_LITERAL, IDENT, INT_LITERAL, FLOAT_LITERAL, DOUBLE_LITERAL, REAL_LITERAL}
line 163:27 extraneous input '(' expecting {'\lemma', '}', IDENT, '/*!'}
line 163:30 mismatched input '=' expecting {'(', '{'}
line 165:38 mismatched input '}' expecting {'(', '{'}
line 171:14 mismatched input '\ifExintVar' expecting {MODALITY, FORALL, EXISTS, '\if', '\ifEx', 'true', 'false', '(', '{', '@', NOT, SEQARROW, '-', STRING_LITERAL, CHAR_LITERAL, BIN_LITERAL, HEX_LITERAL, IDENT, INT_LITERAL, FLOAT_LITERAL, DOUBLE_LITERAL, REAL_LITERAL}
line 171:27 extraneous input '(' expecting {'\lemma', '}', IDENT, '/*!'}
line 171:30 mismatched input '=' expecting {'(', '{'}
line 173:38 mismatched input '}' expecting {'(', '{'}
line 179:14 mismatched input '\ifExintVar' expecting {MODALITY, FORALL, EXISTS, '\if', '\ifEx', 'true', 'false', '(', '{', '@', NOT, SEQARROW, '-', STRING_LITERAL, CHAR_LITERAL, BIN_LITERAL, HEX_LITERAL, IDENT, INT_LITERAL, FLOAT_LITERAL, DOUBLE_LITERAL, REAL_LITERAL}
line 179:27 extraneous input '(' expecting {'\lemma', '}', IDENT, '/*!'}
line 179:32 mismatched input '&' expecting {'(', '{'}
line 181:42 mismatched input '}' expecting {'(', '{'}
line 182:39 mismatched input '}' expecting {'(', '{'}
line 188:14 mismatched input '\ifExintVar' expecting {MODALITY, FORALL, EXISTS, '\if', '\ifEx', 'true', 'false', '(', '{', '@', NOT, SEQARROW, '-', STRING_LITERAL, CHAR_LITERAL, BIN_LITERAL, HEX_LITERAL, IDENT, INT_LITERAL, FLOAT_LITERAL, DOUBLE_LITERAL, REAL_LITERAL}
line 188:27 extraneous input '(' expecting {'\lemma', '}', IDENT, '/*!'}
line 188:32 mismatched input '&' expecting {'(', '{'}
line 190:42 mismatched input '}' expecting {'(', '{'}
line 191:39 mismatched input '}' expecting {'(', '{'}
line 198:14 mismatched input '\ifExintVar' expecting {MODALITY, FORALL, EXISTS, '\if', '\ifEx', 'true', 'false', '(', '{', '@', NOT, SEQARROW, '-', STRING_LITERAL, CHAR_LITERAL, BIN_LITERAL, HEX_LITERAL, IDENT, INT_LITERAL, FLOAT_LITERAL, DOUBLE_LITERAL, REAL_LITERAL}
line 198:27 extraneous input '(' expecting {'\lemma', '}', IDENT, '/*!'}
line 198:32 mismatched input '&' expecting {'(', '{'}
line 200:42 mismatched input '}' expecting {'(', '{'}
line 201:39 mismatched input '}' expecting {'(', '{'}
line 208:14 mismatched input '\ifExintVar' expecting {MODALITY, FORALL, EXISTS, '\if', '\ifEx', 'true', 'false', '(', '{', '@', NOT, SEQARROW, '-', STRING_LITERAL, CHAR_LITERAL, BIN_LITERAL, HEX_LITERAL, IDENT, INT_LITERAL, FLOAT_LITERAL, DOUBLE_LITERAL, REAL_LITERAL}
line 208:27 extraneous input '(' expecting {'\lemma', '}', IDENT, '/*!'}
line 208:32 mismatched input '&' expecting {'(', '{'}
line 210:42 mismatched input '}' expecting {'(', '{'}
line 211:39 mismatched input '}' expecting {'(', '{'}
line 218:14 mismatched input '\ifExintVar' expecting {MODALITY, FORALL, EXISTS, '\if', '\ifEx', 'true', 'false', '(', '{', '@', NOT, SEQARROW, '-', STRING_LITERAL, CHAR_LITERAL, BIN_LITERAL, HEX_LITERAL, IDENT, INT_LITERAL, FLOAT_LITERAL, DOUBLE_LITERAL, REAL_LITERAL}
line 218:27 extraneous input '(' expecting {'\lemma', '}', IDENT, '/*!'}
line 218:31 mismatched input ')' expecting {'(', '{'}
line 220:44 mismatched input ')' expecting {'(', '{'}
line 225:14 mismatched input '\ifExintVar' expecting {MODALITY, FORALL, EXISTS, '\if', '\ifEx', 'true', 'false', '(', '{', '@', NOT, SEQARROW, '-', STRING_LITERAL, CHAR_LITERAL, BIN_LITERAL, HEX_LITERAL, IDENT, INT_LITERAL, FLOAT_LITERAL, DOUBLE_LITERAL, REAL_LITERAL}
line 225:27 extraneous input '(' expecting {'\lemma', '}', IDENT, '/*!'}
line 225:31 mismatched input ')' expecting {'(', '{'}
line 227:44 mismatched input ')' expecting {'(', '{'}
line 233:14 mismatched input '\ifExintVar' expecting {MODALITY, FORALL, EXISTS, '\if', '\ifEx', 'true', 'false', '(', '{', '@', NOT, SEQARROW, '-', STRING_LITERAL, CHAR_LITERAL, BIN_LITERAL, HEX_LITERAL, IDENT, INT_LITERAL, FLOAT_LITERAL, DOUBLE_LITERAL, REAL_LITERAL}
line 233:27 extraneous input '(' expecting {'\lemma', '}', IDENT, '/*!'}
line 233:31 mismatched input ')' expecting {'(', '{'}
line 237:42 mismatched input '}' expecting {'(', '{'}
line 238:34 mismatched input '}' expecting {'(', '{'}
line 239:28 extraneous input '(' expecting {'\lemma', '}', IDENT, '/*!'}
line 239:33 mismatched input '->' expecting {'(', '{'}
line 240:8 extraneous input '\replacewith' expecting {'\lemma', '}', IDENT, '/*!'}
line 240:25 mismatched input ')' expecting {'(', '{'}
line 240:56 mismatched input ')' expecting {'(', '{'}
line 245:14 mismatched input '\ifExintVar' expecting {MODALITY, FORALL, EXISTS, '\if', '\ifEx', 'true', 'false', '(', '{', '@', NOT, SEQARROW, '-', STRING_LITERAL, CHAR_LITERAL, BIN_LITERAL, HEX_LITERAL, IDENT, INT_LITERAL, FLOAT_LITERAL, DOUBLE_LITERAL, REAL_LITERAL}
line 245:27 extraneous input '(' expecting {'\lemma', '}', IDENT, '/*!'}
line 245:31 mismatched input ')' expecting {'(', '{'}
line 248:45 mismatched input '}' expecting {'(', '{'}
line 249:8 extraneous input '\replacewith' expecting {'\lemma', '}', IDENT, '/*!'}
line 249:38 mismatched input ')' expecting {'(', '{'}
line 250:42 mismatched input '}' expecting {'(', '{'}
line 251:28 extraneous input '(' expecting {'\lemma', '}', IDENT, '/*!'}
line 251:33 mismatched input '->' expecting {'(', '{'}
line 255:14 mismatched input '\ifExintVar' expecting {MODALITY, FORALL, EXISTS, '\if', '\ifEx', 'true', 'false', '(', '{', '@', NOT, SEQARROW, '-', STRING_LITERAL, CHAR_LITERAL, BIN_LITERAL, HEX_LITERAL, IDENT, INT_LITERAL, FLOAT_LITERAL, DOUBLE_LITERAL, REAL_LITERAL}
line 255:27 extraneous input '(' expecting {'\lemma', '}', IDENT, '/*!'}
line 255:31 mismatched input ')' expecting {'(', '{'}
line 258:52 extraneous input '0' expecting {'\lemma', '}', IDENT, '/*!'}
line 258:54 mismatched input 'then' expecting {<EOF>, '\problem', '\chooseContract', '\proofObligation', '\proof'}

	at de.uka.ilkd.key.util.parsing.SyntaxErrorReporter.throwException(SyntaxErrorReporter.java:89)

302952     WARN  Test worker     d.u.i.k.n.KeYParser       [syntax-error] file:/home/runner/work/key/key/key.core/build/resources/main/de/uka/ilkd/key/proof/rules/ifThenElseRules.key:135:14: mismatched input '\ifExintVar' expecting {MODALITY, FORALL, EXISTS, '\if', '\ifEx', 'true', 'false', '(', '{', '@', NOT, SEQARROW, '-', STRING_LITERAL, CHAR_LITERAL, BIN_LITERAL, HEX_LITERAL, IDENT, INT_LITERAL, FLOAT_LITERAL, DOUBLE_LITERAL, REAL_LITERAL} [@745,3563:3573='\ifExintVar',<188>,135:14] (termorseq, taclet, rulesOrAxioms, decls, file) 
302952     WARN  Test worker     d.u.i.k.n.KeYParser       [syntax-error] file:/home/runner/work/key/key/key.core/build/resources/main/de/uka/ilkd/key/proof/rules/ifThenElseRules.key:135:27: extraneous input '(' expecting {'\lemma', '}', IDENT, '/*!'} [@748,3576:3576='(',<146>,135:27] (rulesOrAxioms, decls, file) 
302952     WARN  Test worker     d.u.i.k.n.KeYParser       [syntax-error] file:/home/runner/work/key/key/key.core/build/resources/main/de/uka/ilkd/key/proof/rules/ifThenElseRules.key:135:44: mismatched input ')' expecting {'(', '{'} [@754,3593:3593=')',<147>,135:44] (taclet, rulesOrAxioms, decls, file) 
302952     WARN  Test worker     d.u.i.k.n.KeYParser       [syntax-error] file:/home/runner/work/key/key/key.core/build/resources/main/de/uka/ilkd/key/proof/rules/ifThenElseRules.key:141:14: mismatched input '\ifExintVar' expecting {MODALITY, FORALL, EXISTS, '\if', '\ifEx', 'true', 'false', '(', '{', '@', NOT, SEQARROW, '-', STRING_LITERAL, CHAR_LITERAL, BIN_LITERAL, HEX_LITERAL, IDENT, INT_LITERAL, FLOAT_LITERAL, DOUBLE_LITERAL, REAL_LITERAL} [@780,3716:3726='\ifExintVar',<188>,141:14] (termorseq, taclet, rulesOrAxioms, decls, file) 
302952     WARN  Test worker     d.u.i.k.n.KeYParser       [syntax-error] file:/home/runner/work/key/key/key.core/build/resources/main/de/uka/ilkd/key/proof/rules/ifThenElseRules.key:141:27: extraneous input '(' expecting {'\lemma', '}', IDENT, '/*!'} [@783,3729:3729='(',<146>,141:27] (rulesOrAxioms, decls, file) 
302952     WARN  Test worker     d.u.i.k.n.KeYParser       [syntax-error] file:/home/runner/work/key/key/key.core/build/resources/main/de/uka/ilkd/key/proof/rules/ifThenElseRules.key:141:41: mismatched input ')' expecting {'(', '{'} [@789,3743:3743=')',<147>,141:41] (taclet, rulesOrAxioms, decls, file) 
302952     WARN  Test worker     d.u.i.k.n.KeYParser       [syntax-error] file:/home/runner/work/key/key/key.core/build/resources/main/de/uka/ilkd/key/proof/rules/ifThenElseRules.key:148:14: mismatched input '\ifExintVar' expecting {MODALITY, FORALL, EXISTS, '\if', '\ifEx', 'true', 'false', '(', '{', '@', NOT, SEQARROW, '-', STRING_LITERAL, CHAR_LITERAL, BIN_LITERAL, HEX_LITERAL, IDENT, INT_LITERAL, FLOAT_LITERAL, DOUBLE_LITERAL, REAL_LITERAL} [@819,3896:3906='\ifExintVar',<188>,148:14] (termorseq, taclet, rulesOrAxioms, decls, file) 
302953     WARN  Test worker     d.u.i.k.n.KeYParser       [syntax-error] file:/home/runner/work/key/key/key.core/build/resources/main/de/uka/ilkd/key/proof/rules/ifThenElseRules.key:148:27: extraneous input '(' expecting {'\lemma', '}', IDENT, '/*!'} [@822,3909:3909='(',<146>,148:27] (rulesOrAxioms, decls, file) 
302953     WARN  Test worker     d.u.i.k.n.KeYParser       [syntax-error] file:/home/runner/work/key/key/key.core/build/resources/main/de/uka/ilkd/key/proof/rules/ifThenElseRules.key:148:35: mismatched input '=' expecting {'(', '{'} [@825,3917:3917='=',<159>,148:35] (taclet, rulesOrAxioms, decls, file) 
302953     WARN  Test worker     d.u.i.k.n.KeYParser       [syntax-error] file:/home/runner/work/key/key/key.core/build/resources/main/de/uka/ilkd/key/proof/rules/ifThenElseRules.key:150:38: mismatched input '}' expecting {'(', '{'} [@859,4023:4023='}',<149>,150:38] (taclet, rulesOrAxioms, decls, file) 
302953     WARN  Test worker     d.u.i.k.n.KeYParser       [syntax-error] file:/home/runner/work/key/key/key.core/build/resources/main/de/uka/ilkd/key/proof/rules/ifThenElseRules.key:155:14: mismatched input '\ifExintVar' expecting {MODALITY, FORALL, EXISTS, '\if', '\ifEx', 'true', 'false', '(', '{', '@', NOT, SEQARROW, '-', STRING_LITERAL, CHAR_LITERAL, BIN_LITERAL, HEX_LITERAL, IDENT, INT_LITERAL, FLOAT_LITERAL, DOUBLE_LITERAL, REAL_LITERAL} [@877,4109:4119='\ifExintVar',<188>,155:14] (termorseq, taclet, rulesOrAxioms, decls, file) 
302953     WARN  Test worker     d.u.i.k.n.KeYParser       [syntax-error] file:/home/runner/work/key/key/key.core/build/resources/main/de/uka/ilkd/key/proof/rules/ifThenElseRules.key:155:27: extraneous input '(' expecting {'\lemma', '}', IDENT, '/*!'} [@880,4122:4122='(',<146>,155:27] (rulesOrAxioms, decls, file) 
302953     WARN  Test worker     d.u.i.k.n.KeYParser       [syntax-error] file:/home/runner/work/key/key/key.core/build/resources/main/de/uka/ilkd/key/proof/rules/ifThenElseRules.key:155:35: mismatched input '=' expecting {'(', '{'} [@883,4130:4130='=',<159>,155:35] (taclet, rulesOrAxioms, decls, file) 
302953     WARN  Test worker     d.u.i.k.n.KeYParser       [syntax-error] file:/home/runner/work/key/key/key.core/build/resources/main/de/uka/ilkd/key/proof/rules/ifThenElseRules.key:157:38: mismatched input '}' expecting {'(', '{'} [@917,4230:4230='}',<149>,157:38] (taclet, rulesOrAxioms, decls, file) 
302953     WARN  Test worker     d.u.i.k.n.KeYParser       [syntax-error] file:/home/runner/work/key/key/key.core/build/resources/main/de/uka/ilkd/key/proof/rules/ifThenElseRules.key:163:14: mismatched input '\ifExintVar' expecting {MODALITY, FORALL, EXISTS, '\if', '\ifEx', 'true', 'false', '(', '{', '@', NOT, SEQARROW, '-', STRING_LITERAL, CHAR_LITERAL, BIN_LITERAL, HEX_LITERAL, IDENT, INT_LITERAL, FLOAT_LITERAL, DOUBLE_LITERAL, REAL_LITERAL} [@939,4350:4360='\ifExintVar',<188>,163:14] (termorseq, taclet, rulesOrAxioms, decls, file) 
302954     WARN  Test worker     d.u.i.k.n.KeYParser       [syntax-error] file:/home/runner/work/key/key/key.core/build/resources/main/de/uka/ilkd/key/proof/rules/ifThenElseRules.key:163:27: extraneous input '(' expecting {'\lemma', '}', IDENT, '/*!'} [@942,4363:4363='(',<146>,163:27] (rulesOrAxioms, decls, file) 
302954     WARN  Test worker     d.u.i.k.n.KeYParser       [syntax-error] file:/home/runner/work/key/key/key.core/build/resources/main/de/uka/ilkd/key/proof/rules/ifThenElseRules.key:163:30: mismatched input '=' expecting {'(', '{'} [@945,4366:4366='=',<159>,163:30] (taclet, rulesOrAxioms, decls, file) 
302954     WARN  Test worker     d.u.i.k.n.KeYParser       [syntax-error] file:/home/runner/work/key/key/key.core/build/resources/main/de/uka/ilkd/key/proof/rules/ifThenElseRules.key:165:38: mismatched input '}' expecting {'(', '{'} [@979,4477:4477='}',<149>,165:38] (taclet, rulesOrAxioms, decls, file) 
302954     WARN  Test worker     d.u.i.k.n.KeYParser       [syntax-error] file:/home/runner/work/key/key/key.core/build/resources/main/de/uka/ilkd/key/proof/rules/ifThenElseRules.key:171:14: mismatched input '\ifExintVar' expecting {MODALITY, FORALL, EXISTS, '\if', '\ifEx', 'true', 'false', '(', '{', '@', NOT, SEQARROW, '-', STRING_LITERAL, CHAR_LITERAL, BIN_LITERAL, HEX_LITERAL, IDENT, INT_LITERAL, FLOAT_LITERAL, DOUBLE_LITERAL, REAL_LITERAL} [@1001,4604:4614='\ifExintVar',<188>,171:14] (termorseq, taclet, rulesOrAxioms, decls, file) 
302954     WARN  Test worker     d.u.i.k.n.KeYParser       [syntax-error] file:/home/runner/work/key/key/key.core/build/resources/main/de/uka/ilkd/key/proof/rules/ifThenElseRules.key:171:27: extraneous input '(' expecting {'\lemma', '}', IDENT, '/*!'} [@1004,4617:4617='(',<146>,171:27] (rulesOrAxioms, decls, file) 
302954     WARN  Test worker     d.u.i.k.n.KeYParser       [syntax-error] file:/home/runner/work/key/key/key.core/build/resources/main/de/uka/ilkd/key/proof/rules/ifThenElseRules.key:171:30: mismatched input '=' expecting {'(', '{'} [@1007,4620:4620='=',<159>,171:30] (taclet, rulesOrAxioms, decls, file) 
302954     WARN  Test worker     d.u.i.k.n.KeYParser       [syntax-error] file:/home/runner/work/key/key/key.core/build/resources/main/de/uka/ilkd/key/proof/rules/ifThenElseRules.key:173:38: mismatched input '}' expecting {'(', '{'} [@1041,4725:4725='}',<149>,173:38] (taclet, rulesOrAxioms, decls, file) 
302954     WARN  Test worker     d.u.i.k.n.KeYParser       [syntax-error] file:/home/runner/work/key/key/key.core/build/resources/main/de/uka/ilkd/key/proof/rules/ifThenElseRules.key:179:14: mismatched input '\ifExintVar' expecting {MODALITY, FORALL, EXISTS, '\if', '\ifEx', 'true', 'false', '(', '{', '@', NOT, SEQARROW, '-', STRING_LITERAL, CHAR_LITERAL, BIN_LITERAL, HEX_LITERAL, IDENT, INT_LITERAL, FLOAT_LITERAL, DOUBLE_LITERAL, REAL_LITERAL} [@1063,4848:4858='\ifExintVar',<188>,179:14] (termorseq, taclet, rulesOrAxioms, decls, file) 
302955     WARN  Test worker     d.u.i.k.n.KeYParser       [syntax-error] file:/home/runner/work/key/key/key.core/build/resources/main/de/uka/ilkd/key/proof/rules/ifThenElseRules.key:179:27: extraneous input '(' expecting {'\lemma', '}', IDENT, '/*!'} [@1066,4861:4861='(',<146>,179:27] (rulesOrAxioms, decls, file) 
302955     WARN  Test worker     d.u.i.k.n.KeYParser       [syntax-error] file:/home/runner/work/key/key/key.core/build/resources/main/de/uka/ilkd/key/proof/rules/ifThenElseRules.key:179:32: mismatched input '&' expecting {'(', '{'} [@1069,4866:4866='&',<156>,179:32] (taclet, rulesOrAxioms, decls, file) 
302955     WARN  Test worker     d.u.i.k.n.KeYParser       [syntax-error] file:/home/runner/work/key/key/key.core/build/resources/main/de/uka/ilkd/key/proof/rules/ifThenElseRules.key:181:42: mismatched input '}' expecting {'(', '{'} [@1109,4985:4985='}',<149>,181:42] (taclet, rulesOrAxioms, decls, file) 
302955     WARN  Test worker     d.u.i.k.n.KeYParser       [syntax-error] file:/home/runner/work/key/key/key.core/build/resources/main/de/uka/ilkd/key/proof/rules/ifThenElseRules.key:182:39: mismatched input '}' expecting {'(', '{'} [@1122,5030:5030='}',<149>,182:39] (taclet, rulesOrAxioms, decls, file) 
302955     WARN  Test worker     d.u.i.k.n.KeYParser       [syntax-error] file:/home/runner/work/key/key/key.core/build/resources/main/de/uka/ilkd/key/proof/rules/ifThenElseRules.key:188:14: mismatched input '\ifExintVar' expecting {MODALITY, FORALL, EXISTS, '\if', '\ifEx', 'true', 'false', '(', '{', '@', NOT, SEQARROW, '-', STRING_LITERAL, CHAR_LITERAL, BIN_LITERAL, HEX_LITERAL, IDENT, INT_LITERAL, FLOAT_LITERAL, DOUBLE_LITERAL, REAL_LITERAL} [@1146,5149:5159='\ifExintVar',<188>,188:14] (termorseq, taclet, rulesOrAxioms, decls, file) 
302955     WARN  Test worker     d.u.i.k.n.KeYParser       [syntax-error] file:/home/runner/work/key/key/key.core/build/resources/main/de/uka/ilkd/key/proof/rules/ifThenElseRules.key:188:27: extraneous input '(' expecting {'\lemma', '}', IDENT, '/*!'} [@1149,5162:5162='(',<146>,188:27] (rulesOrAxioms, decls, file) 
302955     WARN  Test worker     d.u.i.k.n.KeYParser       [syntax-error] file:/home/runner/work/key/key/key.core/build/resources/main/de/uka/ilkd/key/proof/rules/ifThenElseRules.key:188:32: mismatched input '&' expecting {'(', '{'} [@1152,5167:5167='&',<156>,188:32] (taclet, rulesOrAxioms, decls, file) 
302955     WARN  Test worker     d.u.i.k.n.KeYParser       [syntax-error] file:/home/runner/work/key/key/key.core/build/resources/main/de/uka/ilkd/key/proof/rules/ifThenElseRules.key:190:42: mismatched input '}' expecting {'(', '{'} [@1192,5280:5280='}',<149>,190:42] (taclet, rulesOrAxioms, decls, file) 
302955     WARN  Test worker     d.u.i.k.n.KeYParser       [syntax-error] file:/home/runner/work/key/key/key.core/build/resources/main/de/uka/ilkd/key/proof/rules/ifThenElseRules.key:191:39: mismatched input '}' expecting {'(', '{'} [@1205,5325:5325='}',<149>,191:39] (taclet, rulesOrAxioms, decls, file) 
302956     WARN  Test worker     d.u.i.k.n.KeYParser       [syntax-error] file:/home/runner/work/key/key/key.core/build/resources/main/de/uka/ilkd/key/proof/rules/ifThenElseRules.key:198:14: mismatched input '\ifExintVar' expecting {MODALITY, FORALL, EXISTS, '\if', '\ifEx', 'true', 'false', '(', '{', '@', NOT, SEQARROW, '-', STRING_LITERAL, CHAR_LITERAL, BIN_LITERAL, HEX_LITERAL, IDENT, INT_LITERAL, FLOAT_LITERAL, DOUBLE_LITERAL, REAL_LITERAL} [@1233,5475:5485='\ifExintVar',<188>,198:14] (termorseq, taclet, rulesOrAxioms, decls, file) 
302956     WARN  Test worker     d.u.i.k.n.KeYParser       [syntax-error] file:/home/runner/work/key/key/key.core/build/resources/main/de/uka/ilkd/key/proof/rules/ifThenElseRules.key:198:27: extraneous input '(' expecting {'\lemma', '}', IDENT, '/*!'} [@1236,5488:5488='(',<146>,198:27] (rulesOrAxioms, decls, file) 
302956     WARN  Test worker     d.u.i.k.n.KeYParser       [syntax-error] file:/home/runner/work/key/key/key.core/build/resources/main/de/uka/ilkd/key/proof/rules/ifThenElseRules.key:198:32: mismatched input '&' expecting {'(', '{'} [@1239,5493:5493='&',<156>,198:32] (taclet, rulesOrAxioms, decls, file) 
302956     WARN  Test worker     d.u.i.k.n.KeYParser       [syntax-error] file:/home/runner/work/key/key/key.core/build/resources/main/de/uka/ilkd/key/proof/rules/ifThenElseRules.key:200:42: mismatched input '}' expecting {'(', '{'} [@1279,5612:5612='}',<149>,200:42] (taclet, rulesOrAxioms, decls, file) 
302956     WARN  Test worker     d.u.i.k.n.KeYParser       [syntax-error] file:/home/runner/work/key/key/key.core/build/resources/main/de/uka/ilkd/key/proof/rules/ifThenElseRules.key:201:39: mismatched input '}' expecting {'(', '{'} [@1292,5657:5657='}',<149>,201:39] (taclet, rulesOrAxioms, decls, file) 
302956     WARN  Test worker     d.u.i.k.n.KeYParser       [syntax-error] file:/home/runner/work/key/key/key.core/build/resources/main/de/uka/ilkd/key/proof/rules/ifThenElseRules.key:208:14: mismatched input '\ifExintVar' expecting {MODALITY, FORALL, EXISTS, '\if', '\ifEx', 'true', 'false', '(', '{', '@', NOT, SEQARROW, '-', STRING_LITERAL, CHAR_LITERAL, BIN_LITERAL, HEX_LITERAL, IDENT, INT_LITERAL, FLOAT_LITERAL, DOUBLE_LITERAL, REAL_LITERAL} [@1320,5817:5827='\ifExintVar',<188>,208:14] (termorseq, taclet, rulesOrAxioms, decls, file) 
302956     WARN  Test worker     d.u.i.k.n.KeYParser       [syntax-error] file:/home/runner/work/key/key/key.core/build/resources/main/de/uka/ilkd/key/proof/rules/ifThenElseRules.key:208:27: extraneous input '(' expecting {'\lemma', '}', IDENT, '/*!'} [@1323,5830:5830='(',<146>,208:27] (rulesOrAxioms, decls, file) 
302956     WARN  Test worker     d.u.i.k.n.KeYParser       [syntax-error] file:/home/runner/work/key/key/key.core/build/resources/main/de/uka/ilkd/key/proof/rules/ifThenElseRules.key:208:32: mismatched input '&' expecting {'(', '{'} [@1326,5835:5835='&',<156>,208:32] (taclet, rulesOrAxioms, decls, file) 
302956     WARN  Test worker     d.u.i.k.n.KeYParser       [syntax-error] file:/home/runner/work/key/key/key.core/build/resources/main/de/uka/ilkd/key/proof/rules/ifThenElseRules.key:210:42: mismatched input '}' expecting {'(', '{'} [@1366,5948:5948='}',<149>,210:42] (taclet, rulesOrAxioms, decls, file) 
302957     WARN  Test worker     d.u.i.k.n.KeYParser       [syntax-error] file:/home/runner/work/key/key/key.core/build/resources/main/de/uka/ilkd/key/proof/rules/ifThenElseRules.key:211:39: mismatched input '}' expecting {'(', '{'} [@1379,5993:5993='}',<149>,211:39] (taclet, rulesOrAxioms, decls, file) 
302957     WARN  Test worker     d.u.i.k.n.KeYParser       [syntax-error] file:/home/runner/work/key/key/key.core/build/resources/main/de/uka/ilkd/key/proof/rules/ifThenElseRules.key:218:14: mismatched input '\ifExintVar' expecting {MODALITY, FORALL, EXISTS, '\if', '\ifEx', 'true', 'false', '(', '{', '@', NOT, SEQARROW, '-', STRING_LITERAL, CHAR_LITERAL, BIN_LITERAL, HEX_LITERAL, IDENT, INT_LITERAL, FLOAT_LITERAL, DOUBLE_LITERAL, REAL_LITERAL} [@1407,6146:6156='\ifExintVar',<188>,218:14] (termorseq, taclet, rulesOrAxioms, decls, file) 
302957     WARN  Test worker     d.u.i.k.n.KeYParser       [syntax-error] file:/home/runner/work/key/key/key.core/build/resources/main/de/uka/ilkd/key/proof/rules/ifThenElseRules.key:218:27: extraneous input '(' expecting {'\lemma', '}', IDENT, '/*!'} [@1410,6159:6159='(',<146>,218:27] (rulesOrAxioms, decls, file) 
302957     WARN  Test worker     d.u.i.k.n.KeYParser       [syntax-error] file:/home/runner/work/key/key/key.core/build/resources/main/de/uka/ilkd/key/proof/rules/ifThenElseRules.key:218:31: mismatched input ')' expecting {'(', '{'} [@1412,6163:6163=')',<147>,218:31] (taclet, rulesOrAxioms, decls, file) 
302957     WARN  Test worker     d.u.i.k.n.KeYParser       [syntax-error] file:/home/runner/work/key/key/key.core/build/resources/main/de/uka/ilkd/key/proof/rules/ifThenElseRules.key:220:44: mismatched input ')' expecting {'(', '{'} [@1444,6275:6275=')',<147>,220:44] (taclet, rulesOrAxioms, decls, file) 
302957     WARN  Test worker     d.u.i.k.n.KeYParser       [syntax-error] file:/home/runner/work/key/key/key.core/build/resources/main/de/uka/ilkd/key/proof/rules/ifThenElseRules.key:225:14: mismatched input '\ifExintVar' expecting {MODALITY, FORALL, EXISTS, '\if', '\ifEx', 'true', 'false', '(', '{', '@', NOT, SEQARROW, '-', STRING_LITERAL, CHAR_LITERAL, BIN_LITERAL, HEX_LITERAL, IDENT, INT_LITERAL, FLOAT_LITERAL, DOUBLE_LITERAL, REAL_LITERAL} [@1471,6389:6399='\ifExintVar',<188>,225:14] (termorseq, taclet, rulesOrAxioms, decls, file) 
302957     WARN  Test worker     d.u.i.k.n.KeYParser       [syntax-error] file:/home/runner/work/key/key/key.core/build/resources/main/de/uka/ilkd/key/proof/rules/ifThenElseRules.key:225:27: extraneous input '(' expecting {'\lemma', '}', IDENT, '/*!'} [@1474,6402:6402='(',<146>,225:27] (rulesOrAxioms, decls, file) 
302957     WARN  Test worker     d.u.i.k.n.KeYParser       [syntax-error] file:/home/runner/work/key/key/key.core/build/resources/main/de/uka/ilkd/key/proof/rules/ifThenElseRules.key:225:31: mismatched input ')' expecting {'(', '{'} [@1476,6406:6406=')',<147>,225:31] (taclet, rulesOrAxioms, decls, file) 
302957     WARN  Test worker     d.u.i.k.n.KeYParser       [syntax-error] file:/home/runner/work/key/key/key.core/build/resources/main/de/uka/ilkd/key/proof/rules/ifThenElseRules.key:227:44: mismatched input ')' expecting {'(', '{'} [@1508,6509:6509=')',<147>,227:44] (taclet, rulesOrAxioms, decls, file) 
302958     WARN  Test worker     d.u.i.k.n.KeYParser       [syntax-error] file:/home/runner/work/key/key/key.core/build/resources/main/de/uka/ilkd/key/proof/rules/ifThenElseRules.key:233:14: mismatched input '\ifExintVar' expecting {MODALITY, FORALL, EXISTS, '\if', '\ifEx', 'true', 'false', '(', '{', '@', NOT, SEQARROW, '-', STRING_LITERAL, CHAR_LITERAL, BIN_LITERAL, HEX_LITERAL, IDENT, INT_LITERAL, FLOAT_LITERAL, DOUBLE_LITERAL, REAL_LITERAL} [@1539,6656:6666='\ifExintVar',<188>,233:14] (termorseq, taclet, rulesOrAxioms, decls, file) 
302958     WARN  Test worker     d.u.i.k.n.KeYParser       [syntax-error] file:/home/runner/work/key/key/key.core/build/resources/main/de/uka/ilkd/key/proof/rules/ifThenElseRules.key:233:27: extraneous input '(' expecting {'\lemma', '}', IDENT, '/*!'} [@1542,6669:6669='(',<146>,233:27] (rulesOrAxioms, decls, file) 
302958     WARN  Test worker     d.u.i.k.n.KeYParser       [syntax-error] file:/home/runner/work/key/key/key.core/build/resources/main/de/uka/ilkd/key/proof/rules/ifThenElseRules.key:233:31: mismatched input ')' expecting {'(', '{'} [@1544,6673:6673=')',<147>,233:31] (taclet, rulesOrAxioms, decls, file) 
302958     WARN  Test worker     d.u.i.k.n.KeYParser       [syntax-error] file:/home/runner/work/key/key/key.core/build/resources/main/de/uka/ilkd/key/proof/rules/ifThenElseRules.key:237:42: mismatched input '}' expecting {'(', '{'} [@1586,6850:6850='}',<149>,237:42] (taclet, rulesOrAxioms, decls, file) 
302958     WARN  Test worker     d.u.i.k.n.KeYParser       [syntax-error] file:/home/runner/work/key/key/key.core/build/resources/main/de/uka/ilkd/key/proof/rules/ifThenElseRules.key:238:34: mismatched input '}' expecting {'(', '{'} [@1599,6891:6891='}',<149>,238:34] (taclet, rulesOrAxioms, decls, file) 
302958     WARN  Test worker     d.u.i.k.n.KeYParser       [syntax-error] file:/home/runner/work/key/key/key.core/build/resources/main/de/uka/ilkd/key/proof/rules/ifThenElseRules.key:239:28: extraneous input '(' expecting {'\lemma', '}', IDENT, '/*!'} [@1608,6925:6925='(',<146>,239:28] (rulesOrAxioms, decls, file) 
302958     WARN  Test worker     d.u.i.k.n.KeYParser       [syntax-error] file:/home/runner/work/key/key/key.core/build/resources/main/de/uka/ilkd/key/proof/rules/ifThenElseRules.key:239:33: mismatched input '->' expecting {'(', '{'} [@1611,6930:6931='->',<158>,239:33] (taclet, rulesOrAxioms, decls, file) 
302958     WARN  Test worker     d.u.i.k.n.KeYParser       [syntax-error] file:/home/runner/work/key/key/key.core/build/resources/main/de/uka/ilkd/key/proof/rules/ifThenElseRules.key:240:8: extraneous input '\replacewith' expecting {'\lemma', '}', IDENT, '/*!'} [@1626,6979:6990='\replacewith',<105>,240:8] (rulesOrAxioms, decls, file) 
302958     WARN  Test worker     d.u.i.k.n.KeYParser       [syntax-error] file:/home/runner/work/key/key/key.core/build/resources/main/de/uka/ilkd/key/proof/rules/ifThenElseRules.key:240:25: mismatched input ')' expecting {'(', '{'} [@1629,6996:6996=')',<147>,240:25] (taclet, rulesOrAxioms, decls, file) 
302959     WARN  Test worker     d.u.i.k.n.KeYParser       [syntax-error] file:/home/runner/work/key/key/key.core/build/resources/main/de/uka/ilkd/key/proof/rules/ifThenElseRules.key:240:56: mismatched input ')' expecting {'(', '{'} [@1642,7027:7027=')',<147>,240:56] (taclet, rulesOrAxioms, decls, file) 
302959     WARN  Test worker     d.u.i.k.n.KeYParser       [syntax-error] file:/home/runner/work/key/key/key.core/build/resources/main/de/uka/ilkd/key/proof/rules/ifThenElseRules.key:245:14: mismatched input '\ifExintVar' expecting {MODALITY, FORALL, EXISTS, '\if', '\ifEx', 'true', 'false', '(', '{', '@', NOT, SEQARROW, '-', STRING_LITERAL, CHAR_LITERAL, BIN_LITERAL, HEX_LITERAL, IDENT, INT_LITERAL, FLOAT_LITERAL, DOUBLE_LITERAL, REAL_LITERAL} [@1658,7109:7119='\ifExintVar',<188>,245:14] (termorseq, taclet, rulesOrAxioms, decls, file) 
302959     WARN  Test worker     d.u.i.k.n.KeYParser       [syntax-error] file:/home/runner/work/key/key/key.core/build/resources/main/de/uka/ilkd/key/proof/rules/ifThenElseRules.key:245:27: extraneous input '(' expecting {'\lemma', '}', IDENT, '/*!'} [@1661,7122:7122='(',<146>,245:27] (rulesOrAxioms, decls, file) 
302959     WARN  Test worker     d.u.i.k.n.KeYParser       [syntax-error] file:/home/runner/work/key/key/key.core/build/resources/main/de/uka/ilkd/key/proof/rules/ifThenElseRules.key:245:31: mismatched input ')' expecting {'(', '{'} [@1663,7126:7126=')',<147>,245:31] (taclet, rulesOrAxioms, decls, file) 
302959     WARN  Test worker     d.u.i.k.n.KeYParser       [syntax-error] file:/home/runner/work/key/key/key.core/build/resources/main/de/uka/ilkd/key/proof/rules/ifThenElseRules.key:248:45: mismatched input '}' expecting {'(', '{'} [@1696,7268:7268='}',<149>,248:45] (taclet, rulesOrAxioms, decls, file) 
302959     WARN  Test worker     d.u.i.k.n.KeYParser       [syntax-error] file:/home/runner/work/key/key/key.core/build/resources/main/de/uka/ilkd/key/proof/rules/ifThenElseRules.key:249:8: extraneous input '\replacewith' expecting {'\lemma', '}', IDENT, '/*!'} [@1701,7284:7295='\replacewith',<105>,249:8] (rulesOrAxioms, decls, file) 
302959     WARN  Test worker     d.u.i.k.n.KeYParser       [syntax-error] file:/home/runner/work/key/key/key.core/build/resources/main/de/uka/ilkd/key/proof/rules/ifThenElseRules.key:249:38: mismatched input ')' expecting {'(', '{'} [@1708,7314:7314=')',<147>,249:38] (taclet, rulesOrAxioms, decls, file) 
302959     WARN  Test worker     d.u.i.k.n.KeYParser       [syntax-error] file:/home/runner/work/key/key/key.core/build/resources/main/de/uka/ilkd/key/proof/rules/ifThenElseRules.key:250:42: mismatched input '}' expecting {'(', '{'} [@1731,7381:7381='}',<149>,250:42] (taclet, rulesOrAxioms, decls, file) 
302959     WARN  Test worker     d.u.i.k.n.KeYParser       [syntax-error] file:/home/runner/work/key/key/key.core/build/resources/main/de/uka/ilkd/key/proof/rules/ifThenElseRules.key:251:28: extraneous input '(' expecting {'\lemma', '}', IDENT, '/*!'} [@1741,7416:7416='(',<146>,251:28] (rulesOrAxioms, decls, file) 
302959     WARN  Test worker     d.u.i.k.n.KeYParser       [syntax-error] file:/home/runner/work/key/key/key.core/build/resources/main/de/uka/ilkd/key/proof/rules/ifThenElseRules.key:251:33: mismatched input '->' expecting {'(', '{'} [@1744,7421:7422='->',<158>,251:33] (taclet, rulesOrAxioms, decls, file) 
302960     WARN  Test worker     d.u.i.k.n.KeYParser       [syntax-error] file:/home/runner/work/key/key/key.core/build/resources/main/de/uka/ilkd/key/proof/rules/ifThenElseRules.key:255:14: mismatched input '\ifExintVar' expecting {MODALITY, FORALL, EXISTS, '\if', '\ifEx', 'true', 'false', '(', '{', '@', NOT, SEQARROW, '-', STRING_LITERAL, CHAR_LITERAL, BIN_LITERAL, HEX_LITERAL, IDENT, INT_LITERAL, FLOAT_LITERAL, DOUBLE_LITERAL, REAL_LITERAL} [@1765,7506:7516='\ifExintVar',<188>,255:14] (termorseq, taclet, rulesOrAxioms, decls, file) 
302960     WARN  Test worker     d.u.i.k.n.KeYParser       [syntax-error] file:/home/runner/work/key/key/key.core/build/resources/main/de/uka/ilkd/key/proof/rules/ifThenElseRules.key:255:27: extraneous input '(' expecting {'\lemma', '}', IDENT, '/*!'} [@1768,7519:7519='(',<146>,255:27] (rulesOrAxioms, decls, file) 
302960     WARN  Test worker     d.u.i.k.n.KeYParser       [syntax-error] file:/home/runner/work/key/key/key.core/build/resources/main/de/uka/ilkd/key/proof/rules/ifThenElseRules.key:255:31: mismatched input ')' expecting {'(', '{'} [@1770,7523:7523=')',<147>,255:31] (taclet, rulesOrAxioms, decls, file) 
302960     WARN  Test worker     d.u.i.k.n.KeYParser       [syntax-error] file:/home/runner/work/key/key/key.core/build/resources/main/de/uka/ilkd/key/proof/rules/ifThenElseRules.key:258:52: extraneous input '0' expecting {'\lemma', '}', IDENT, '/*!'} [@1809,7667:7667='0',<184>,258:52] (rulesOrAxioms, decls, file) 
302960     WARN  Test worker     d.u.i.k.n.KeYParser       [syntax-error] file:/home/runner/work/key/key/key.core/build/resources/main/de/uka/ilkd/key/proof/rules/ifThenElseRules.key:258:54: mismatched input 'then' expecting {<EOF>, '\problem', '\chooseContract', '\proofObligation', '\proof'} [@1811,7669:7672='then',<183>,258:54] (file) 
302960     ERROR Test worker     d.u.i.k.s.n.MasterHandlerTest Error reading /home/runner/work/key/key/key.core/build/resources/test/de/uka/ilkd/key/smt/newsmt2/cases/upd2.props de.uka.ilkd.key.proof.io.ProblemLoaderException: line 135:14 mismatched input '\ifExintVar' expecting {MODALITY, FORALL, EXISTS, '\if', '\ifEx', 'true', 'false', '(', '{', '@', NOT, SEQARROW, '-', STRING_LITERAL, CHAR_LITERAL, BIN_LITERAL, HEX_LITERAL, IDENT, INT_LITERAL, FLOAT_LITERAL, DOUBLE_LITERAL, REAL_LITERAL}
line 135:27 extraneous input '(' expecting {'\lemma', '}', IDENT, '/*!'}
line 135:44 mismatched input ')' expecting {'(', '{'}
line 141:14 mismatched input '\ifExintVar' expecting {MODALITY, FORALL, EXISTS, '\if', '\ifEx', 'true', 'false', '(', '{', '@', NOT, SEQARROW, '-', STRING_LITERAL, CHAR_LITERAL, BIN_LITERAL, HEX_LITERAL, IDENT, INT_LITERAL, FLOAT_LITERAL, DOUBLE_LITERAL, REAL_LITERAL}
line 141:27 extraneous input '(' expecting {'\lemma', '}', IDENT, '/*!'}
line 141:41 mismatched input ')' expecting {'(', '{'}
line 148:14 mismatched input '\ifExintVar' expecting {MODALITY, FORALL, EXISTS, '\if', '\ifEx', 'true', 'false', '(', '{', '@', NOT, SEQARROW, '-', STRING_LITERAL, CHAR_LITERAL, BIN_LITERAL, HEX_LITERAL, IDENT, INT_LITERAL, FLOAT_LITERAL, DOUBLE_LITERAL, REAL_LITERAL}
line 148:27 extraneous input '(' expecting {'\lemma', '}', IDENT, '/*!'}
line 148:35 mismatched input '=' expecting {'(', '{'}
line 150:38 mismatched input '}' expecting {'(', '{'}
line 155:14 mismatched input '\ifExintVar' expecting {MODALITY, FORALL, EXISTS, '\if', '\ifEx', 'true', 'false', '(', '{', '@', NOT, SEQARROW, '-', STRING_LITERAL, CHAR_LITERAL, BIN_LITERAL, HEX_LITERAL, IDENT, INT_LITERAL, FLOAT_LITERAL, DOUBLE_LITERAL, REAL_LITERAL}
line 155:27 extraneous input '(' expecting {'\lemma', '}', IDENT, '/*!'}
line 155:35 mismatched input '=' expecting {'(', '{'}
line 157:38 mismatched input '}' expecting {'(', '{'}
line 163:14 mismatched input '\ifExintVar' expecting {MODALITY, FORALL, EXISTS, '\if', '\ifEx', 'true', 'false', '(', '{', '@', NOT, SEQARROW, '-', STRING_LITERAL, CHAR_LITERAL, BIN_LITERAL, HEX_LITERAL, IDENT, INT_LITERAL, FLOAT_LITERAL, DOUBLE_LITERAL, REAL_LITERAL}
line 163:27 extraneous input '(' expecting {'\lemma', '}', IDENT, '/*!'}
line 163:30 mismatched input '=' expecting {'(', '{'}
line 165:38 mismatched input '}' expecting {'(', '{'}
line 171:14 mismatched input '\ifExintVar' expecting {MODALITY, FORALL, EXISTS, '\if', '\ifEx', 'true', 'false', '(', '{', '@', NOT, SEQARROW, '-', STRING_LITERAL, CHAR_LITERAL, BIN_LITERAL, HEX_LITERAL, IDENT, INT_LITERAL, FLOAT_LITERAL, DOUBLE_LITERAL, REAL_LITERAL}
line 171:27 extraneous input '(' expecting {'\lemma', '}', IDENT, '/*!'}
line 171:30 mismatched input '=' expecting {'(', '{'}
line 173:38 mismatched input '}' expecting {'(', '{'}
line 179:14 mismatched input '\ifExintVar' expecting {MODALITY, FORALL, EXISTS, '\if', '\ifEx', 'true', 'false', '(', '{', '@', NOT, SEQARROW, '-', STRING_LITERAL, CHAR_LITERAL, BIN_LITERAL, HEX_LITERAL, IDENT, INT_LITERAL, FLOAT_LITERAL, DOUBLE_LITERAL, REAL_LITERAL}
line 179:27 extraneous input '(' expecting {'\lemma', '}', IDENT, '/*!'}
line 179:32 mismatched input '&' expecting {'(', '{'}
line 181:42 mismatched input '}' expecting {'(', '{'}
line 182:39 mismatched input '}' expecting {'(', '{'}
line 188:14 mismatched input '\ifExintVar' expecting {MODALITY, FORALL, EXISTS, '\if', '\ifEx', 'true', 'false', '(', '{', '@', NOT, SEQARROW, '-', STRING_LITERAL, CHAR_LITERAL, BIN_LITERAL, HEX_LITERAL, IDENT, INT_LITERAL, FLOAT_LITERAL, DOUBLE_LITERAL, REAL_LITERAL}
line 188:27 extraneous input '(' expecting {'\lemma', '}', IDENT, '/*!'}
line 188:32 mismatched input '&' expecting {'(', '{'}
line 190:42 mismatched input '}' expecting {'(', '{'}
line 191:39 mismatched input '}' expecting {'(', '{'}
line 198:14 mismatched input '\ifExintVar' expecting {MODALITY, FORALL, EXISTS, '\if', '\ifEx', 'true', 'false', '(', '{', '@', NOT, SEQARROW, '-', STRING_LITERAL, CHAR_LITERAL, BIN_LITERAL, HEX_LITERAL, IDENT, INT_LITERAL, FLOAT_LITERAL, DOUBLE_LITERAL, REAL_LITERAL}
line 198:27 extraneous input '(' expecting {'\lemma', '}', IDENT, '/*!'}
line 198:32 mismatched input '&' expecting {'(', '{'}
line 200:42 mismatched input '}' expecting {'(', '{'}
line 201:39 mismatched input '}' expecting {'(', '{'}
line 208:14 mismatched input '\ifExintVar' expecting {MODALITY, FORALL, EXISTS, '\if', '\ifEx', 'true', 'false', '(', '{', '@', NOT, SEQARROW, '-', STRING_LITERAL, CHAR_LITERAL, BIN_LITERAL, HEX_LITERAL, IDENT, INT_LITERAL, FLOAT_LITERAL, DOUBLE_LITERAL, REAL_LITERAL}
line 208:27 extraneous input '(' expecting {'\lemma', '}', IDENT, '/*!'}
line 208:32 mismatched input '&' expecting {'(', '{'}
line 210:42 mismatched input '}' expecting {'(', '{'}
line 211:39 mismatched input '}' expecting {'(', '{'}
line 218:14 mismatched input '\ifExintVar' expecting {MODALITY, FORALL, EXISTS, '\if', '\ifEx', 'true', 'false', '(', '{', '@', NOT, SEQARROW, '-', STRING_LITERAL, CHAR_LITERAL, BIN_LITERAL, HEX_LITERAL, IDENT, INT_LITERAL, FLOAT_LITERAL, DOUBLE_LITERAL, REAL_LITERAL}
line 218:27 extraneous input '(' expecting {'\lemma', '}', IDENT, '/*!'}
line 218:31 mismatched input ')' expecting {'(', '{'}
line 220:44 mismatched input ')' expecting {'(', '{'}
line 225:14 mismatched input '\ifExintVar' expecting {MODALITY, FORALL, EXISTS, '\if', '\ifEx', 'true', 'false', '(', '{', '@', NOT, SEQARROW, '-', STRING_LITERAL, CHAR_LITERAL, BIN_LITERAL, HEX_LITERAL, IDENT, INT_LITERAL, FLOAT_LITERAL, DOUBLE_LITERAL, REAL_LITERAL}
line 225:27 extraneous input '(' expecting {'\lemma', '}', IDENT, '/*!'}
line 225:31 mismatched input ')' expecting {'(', '{'}
line 227:44 mismatched input ')' expecting {'(', '{'}
line 233:14 mismatched input '\ifExintVar' expecting {MODALITY, FORALL, EXISTS, '\if', '\ifEx', 'true', 'false', '(', '{', '@', NOT, SEQARROW, '-', STRING_LITERAL, CHAR_LITERAL, BIN_LITERAL, HEX_LITERAL, IDENT, INT_LITERAL, FLOAT_LITERAL, DOUBLE_LITERAL, REAL_LITERAL}
line 233:27 extraneous input '(' expecting {'\lemma', '}', IDENT, '/*!'}
line 233:31 mismatched input ')' expecting {'(', '{'}
line 237:42 mismatched input '}' expecting {'(', '{'}
line 238:34 mismatched input '}' expecting {'(', '{'}
line 239:28 extraneous input '(' expecting {'\lemma', '}', IDENT, '/*!'}
line 239:33 mismatched input '->' expecting {'(', '{'}
line 240:8 extraneous input '\replacewith' expecting {'\lemma', '}', IDENT, '/*!'}
line 240:25 mismatched input ')' expecting {'(', '{'}
line 240:56 mismatched input ')' expecting {'(', '{'}
line 245:14 mismatched input '\ifExintVar' expecting {MODALITY, FORALL, EXISTS, '\if', '\ifEx', 'true', 'false', '(', '{', '@', NOT, SEQARROW, '-', STRING_LITERAL, CHAR_LITERAL, BIN_LITERAL, HEX_LITERAL, IDENT, INT_LITERAL, FLOAT_LITERAL, DOUBLE_LITERAL, REAL_LITERAL}
line 245:27 extraneous input '(' expecting {'\lemma', '}', IDENT, '/*!'}
line 245:31 mismatched input ')' expecting {'(', '{'}
line 248:45 mismatched input '}' expecting {'(', '{'}
line 249:8 extraneous input '\replacewith' expecting {'\lemma', '}', IDENT, '/*!'}
line 249:38 mismatched input ')' expecting {'(', '{'}
line 250:42 mismatched input '}' expecting {'(', '{'}
line 251:28 extraneous input '(' expecting {'\lemma', '}', IDENT, '/*!'}
line 251:33 mismatched input '->' expecting {'(', '{'}
line 255:14 mismatched input '\ifExintVar' expecting {MODALITY, FORALL, EXISTS, '\if', '\ifEx', 'true', 'false', '(', '{', '@', NOT, SEQARROW, '-', STRING_LITERAL, CHAR_LITERAL, BIN_LITERAL, HEX_LITERAL, IDENT, INT_LITERAL, FLOAT_LITERAL, DOUBLE_LITERAL, REAL_LITERAL}
line 255:27 extraneous input '(' expecting {'\lemma', '}', IDENT, '/*!'}
line 255:31 mismatched input ')' expecting {'(', '{'}
line 258:52 extraneous input '0' expecting {'\lemma', '}', IDENT, '/*!'}
line 258:54 mismatched input 'then' expecting {<EOF>, '\problem', '\chooseContract', '\proofObligation', '\proof'}

	at de.uka.ilkd.key.control.AbstractUserInterfaceControl.load(AbstractUserInterfaceControl.java:221)
Caused by: de.uka.ilkd.key.proof.init.ProofInputException: line 135:14 mismatched input '\ifExintVar' expecting {MODALITY, FORALL, EXISTS, '\if', '\ifEx', 'true', 'false', '(', '{', '@', NOT, SEQARROW, '-', STRING_LITERAL, CHAR_LITERAL, BIN_LITERAL, HEX_LITERAL, IDENT, INT_LITERAL, FLOAT_LITERAL, DOUBLE_LITERAL, REAL_LITERAL}
line 135:27 extraneous input '(' expecting {'\lemma', '}', IDENT, '/*!'}
line 135:44 mismatched input ')' expecting {'(', '{'}
line 141:14 mismatched input '\ifExintVar' expecting {MODALITY, FORALL, EXISTS, '\if', '\ifEx', 'true', 'false', '(', '{', '@', NOT, SEQARROW, '-', STRING_LITERAL, CHAR_LITERAL, BIN_LITERAL, HEX_LITERAL, IDENT, INT_LITERAL, FLOAT_LITERAL, DOUBLE_LITERAL, REAL_LITERAL}
line 141:27 extraneous input '(' expecting {'\lemma', '}', IDENT, '/*!'}
line 141:41 mismatched input ')' expecting {'(', '{'}
line 148:14 mismatched input '\ifExintVar' expecting {MODALITY, FORALL, EXISTS, '\if', '\ifEx', 'true', 'false', '(', '{', '@', NOT, SEQARROW, '-', STRING_LITERAL, CHAR_LITERAL, BIN_LITERAL, HEX_LITERAL, IDENT, INT_LITERAL, FLOAT_LITERAL, DOUBLE_LITERAL, REAL_LITERAL}
line 148:27 extraneous input '(' expecting {'\lemma', '}', IDENT, '/*!'}
line 148:35 mismatched input '=' expecting {'(', '{'}
line 150:38 mismatched input '}' expecting {'(', '{'}
line 155:14 mismatched input '\ifExintVar' expecting {MODALITY, FORALL, EXISTS, '\if', '\ifEx', 'true', 'false', '(', '{', '@', NOT, SEQARROW, '-', STRING_LITERAL, CHAR_LITERAL, BIN_LITERAL, HEX_LITERAL, IDENT, INT_LITERAL, FLOAT_LITERAL, DOUBLE_LITERAL, REAL_LITERAL}
line 155:27 extraneous input '(' expecting {'\lemma', '}', IDENT, '/*!'}
line 155:35 mismatched input '=' expecting {'(', '{'}
line 157:38 mismatched input '}' expecting {'(', '{'}
line 163:14 mismatched input '\ifExintVar' expecting {MODALITY, FORALL, EXISTS, '\if', '\ifEx', 'true', 'false', '(', '{', '@', NOT, SEQARROW, '-', STRING_LITERAL, CHAR_LITERAL, BIN_LITERAL, HEX_LITERAL, IDENT, INT_LITERAL, FLOAT_LITERAL, DOUBLE_LITERAL, REAL_LITERAL}
line 163:27 extraneous input '(' expecting {'\lemma', '}', IDENT, '/*!'}
line 163:30 mismatched input '=' expecting {'(', '{'}
line 165:38 mismatched input '}' expecting {'(', '{'}
line 171:14 mismatched input '\ifExintVar' expecting {MODALITY, FORALL, EXISTS, '\if', '\ifEx', 'true', 'false', '(', '{', '@', NOT, SEQARROW, '-', STRING_LITERAL, CHAR_LITERAL, BIN_LITERAL, HEX_LITERAL, IDENT, INT_LITERAL, FLOAT_LITERAL, DOUBLE_LITERAL, REAL_LITERAL}
line 171:27 extraneous input '(' expecting {'\lemma', '}', IDENT, '/*!'}
line 171:30 mismatched input '=' expecting {'(', '{'}
line 173:38 mismatched input '}' expecting {'(', '{'}
line 179:14 mismatched input '\ifExintVar' expecting {MODALITY, FORALL, EXISTS, '\if', '\ifEx', 'true', 'false', '(', '{', '@', NOT, SEQARROW, '-', STRING_LITERAL, CHAR_LITERAL, BIN_LITERAL, HEX_LITERAL, IDENT, INT_LITERAL, FLOAT_LITERAL, DOUBLE_LITERAL, REAL_LITERAL}
line 179:27 extraneous input '(' expecting {'\lemma', '}', IDENT, '/*!'}
line 179:32 mismatched input '&' expecting {'(', '{'}
line 181:42 mismatched input '}' expecting {'(', '{'}
line 182:39 mismatched input '}' expecting {'(', '{'}
line 188:14 mismatched input '\ifExintVar' expecting {MODALITY, FORALL, EXISTS, '\if', '\ifEx', 'true', 'false', '(', '{', '@', NOT, SEQARROW, '-', STRING_LITERAL, CHAR_LITERAL, BIN_LITERAL, HEX_LITERAL, IDENT, INT_LITERAL, FLOAT_LITERAL, DOUBLE_LITERAL, REAL_LITERAL}
line 188:27 extraneous input '(' expecting {'\lemma', '}', IDENT, '/*!'}
line 188:32 mismatched input '&' expecting {'(', '{'}
line 190:42 mismatched input '}' expecting {'(', '{'}
line 191:39 mismatched input '}' expecting {'(', '{'}
line 198:14 mismatched input '\ifExintVar' expecting {MODALITY, FORALL, EXISTS, '\if', '\ifEx', 'true', 'false', '(', '{', '@', NOT, SEQARROW, '-', STRING_LITERAL, CHAR_LITERAL, BIN_LITERAL, HEX_LITERAL, IDENT, INT_LITERAL, FLOAT_LITERAL, DOUBLE_LITERAL, REAL_LITERAL}
line 198:27 extraneous input '(' expecting {'\lemma', '}', IDENT, '/*!'}
line 198:32 mismatched input '&' expecting {'(', '{'}
line 200:42 mismatched input '}' expecting {'(', '{'}
line 201:39 mismatched input '}' expecting {'(', '{'}
line 208:14 mismatched input '\ifExintVar' expecting {MODALITY, FORALL, EXISTS, '\if', '\ifEx', 'true', 'false', '(', '{', '@', NOT, SEQARROW, '-', STRING_LITERAL, CHAR_LITERAL, BIN_LITERAL, HEX_LITERAL, IDENT, INT_LITERAL, FLOAT_LITERAL, DOUBLE_LITERAL, REAL_LITERAL}
line 208:27 extraneous input '(' expecting {'\lemma', '}', IDENT, '/*!'}
line 208:32 mismatched input '&' expecting {'(', '{'}
line 210:42 mismatched input '}' expecting {'(', '{'}
line 211:39 mismatched input '}' expecting {'(', '{'}
line 218:14 mismatched input '\ifExintVar' expecting {MODALITY, FORALL, EXISTS, '\if', '\ifEx', 'true', 'false', '(', '{', '@', NOT, SEQARROW, '-', STRING_LITERAL, CHAR_LITERAL, BIN_LITERAL, HEX_LITERAL, IDENT, INT_LITERAL, FLOAT_LITERAL, DOUBLE_LITERAL, REAL_LITERAL}
line 218:27 extraneous input '(' expecting {'\lemma', '}', IDENT, '/*!'}
line 218:31 mismatched input ')' expecting {'(', '{'}
line 220:44 mismatched input ')' expecting {'(', '{'}
line 225:14 mismatched input '\ifExintVar' expecting {MODALITY, FORALL, EXISTS, '\if', '\ifEx', 'true', 'false', '(', '{', '@', NOT, SEQARROW, '-', STRING_LITERAL, CHAR_LITERAL, BIN_LITERAL, HEX_LITERAL, IDENT, INT_LITERAL, FLOAT_LITERAL, DOUBLE_LITERAL, REAL_LITERAL}
line 225:27 extraneous input '(' expecting {'\lemma', '}', IDENT, '/*!'}
line 225:31 mismatched input ')' expecting {'(', '{'}
line 227:44 mismatched input ')' expecting {'(', '{'}
line 233:14 mismatched input '\ifExintVar' expecting {MODALITY, FORALL, EXISTS, '\if', '\ifEx', 'true', 'false', '(', '{', '@', NOT, SEQARROW, '-', STRING_LITERAL, CHAR_LITERAL, BIN_LITERAL, HEX_LITERAL, IDENT, INT_LITERAL, FLOAT_LITERAL, DOUBLE_LITERAL, REAL_LITERAL}
line 233:27 extraneous input '(' expecting {'\lemma', '}', IDENT, '/*!'}
line 233:31 mismatched input ')' expecting {'(', '{'}
line 237:42 mismatched input '}' expecting {'(', '{'}
line 238:34 mismatched input '}' expecting {'(', '{'}
line 239:28 extraneous input '(' expecting {'\lemma', '}', IDENT, '/*!'}
line 239:33 mismatched input '->' expecting {'(', '{'}
line 240:8 extraneous input '\replacewith' expecting {'\lemma', '}', IDENT, '/*!'}
line 240:25 mismatched input ')' expecting {'(', '{'}
line 240:56 mismatched input ')' expecting {'(', '{'}
line 245:14 mismatched input '\ifExintVar' expecting {MODALITY, FORALL, EXISTS, '\if', '\ifEx', 'true', 'false', '(', '{', '@', NOT, SEQARROW, '-', STRING_LITERAL, CHAR_LITERAL, BIN_LITERAL, HEX_LITERAL, IDENT, INT_LITERAL, FLOAT_LITERAL, DOUBLE_LITERAL, REAL_LITERAL}
line 245:27 extraneous input '(' expecting {'\lemma', '}', IDENT, '/*!'}
line 245:31 mismatched input ')' expecting {'(', '{'}
line 248:45 mismatched input '}' expecting {'(', '{'}
line 249:8 extraneous input '\replacewith' expecting {'\lemma', '}', IDENT, '/*!'}
line 249:38 mismatched input ')' expecting {'(', '{'}
line 250:42 mismatched input '}' expecting {'(', '{'}
line 251:28 extraneous input '(' expecting {'\lemma', '}', IDENT, '/*!'}
line 251:33 mismatched input '->' expecting {'(', '{'}
line 255:14 mismatched input '\ifExintVar' expecting {MODALITY, FORALL, EXISTS, '\if', '\ifEx', 'true', 'false', '(', '{', '@', NOT, SEQARROW, '-', STRING_LITERAL, CHAR_LITERAL, BIN_LITERAL, HEX_LITERAL, IDENT, INT_LITERAL, FLOAT_LITERAL, DOUBLE_LITERAL, REAL_LITERAL}
line 255:27 extraneous input '(' expecting {'\lemma', '}', IDENT, '/*!'}
line 255:31 mismatched input ')' expecting {'(', '{'}
line 258:52 extraneous input '0' expecting {'\lemma', '}', IDENT, '/*!'}
line 258:54 mismatched input 'then' expecting {<EOF>, '\problem', '\chooseContract', '\proofObligation', '\proof'}

	at de.uka.ilkd.key.proof.io.KeYFile.readIncludes(KeYFile.java:210)
Caused by: de.uka.ilkd.key.util.parsing.SyntaxErrorReporter$ParserException: line 135:14 mismatched input '\ifExintVar' expecting {MODALITY, FORALL, EXISTS, '\if', '\ifEx', 'true', 'false', '(', '{', '@', NOT, SEQARROW, '-', STRING_LITERAL, CHAR_LITERAL, BIN_LITERAL, HEX_LITERAL, IDENT, INT_LITERAL, FLOAT_LITERAL, DOUBLE_LITERAL, REAL_LITERAL}
line 135:27 extraneous input '(' expecting {'\lemma', '}', IDENT, '/*!'}
line 135:44 mismatched input ')' expecting {'(', '{'}
line 141:14 mismatched input '\ifExintVar' expecting {MODALITY, FORALL, EXISTS, '\if', '\ifEx', 'true', 'false', '(', '{', '@', NOT, SEQARROW, '-', STRING_LITERAL, CHAR_LITERAL, BIN_LITERAL, HEX_LITERAL, IDENT, INT_LITERAL, FLOAT_LITERAL, DOUBLE_LITERAL, REAL_LITERAL}
line 141:27 extraneous input '(' expecting {'\lemma', '}', IDENT, '/*!'}
line 141:41 mismatched input ')' expecting {'(', '{'}
line 148:14 mismatched input '\ifExintVar' expecting {MODALITY, FORALL, EXISTS, '\if', '\ifEx', 'true', 'false', '(', '{', '@', NOT, SEQARROW, '-', STRING_LITERAL, CHAR_LITERAL, BIN_LITERAL, HEX_LITERAL, IDENT, INT_LITERAL, FLOAT_LITERAL, DOUBLE_LITERAL, REAL_LITERAL}
line 148:27 extraneous input '(' expecting {'\lemma', '}', IDENT, '/*!'}
line 148:35 mismatched input '=' expecting {'(', '{'}
line 150:38 mismatched input '}' expecting {'(', '{'}
line 155:14 mismatched input '\ifExintVar' expecting {MODALITY, FORALL, EXISTS, '\if', '\ifEx', 'true', 'false', '(', '{', '@', NOT, SEQARROW, '-', STRING_LITERAL, CHAR_LITERAL, BIN_LITERAL, HEX_LITERAL, IDENT, INT_LITERAL, FLOAT_LITERAL, DOUBLE_LITERAL, REAL_LITERAL}
line 155:27 extraneous input '(' expecting {'\lemma', '}', IDENT, '/*!'}
line 155:35 mismatched input '=' expecting {'(', '{'}
line 157:38 mismatched input '}' expecting {'(', '{'}
line 163:14 mismatched input '\ifExintVar' expecting {MODALITY, FORALL, EXISTS, '\if', '\ifEx', 'true', 'false', '(', '{', '@', NOT, SEQARROW, '-', STRING_LITERAL, CHAR_LITERAL, BIN_LITERAL, HEX_LITERAL, IDENT, INT_LITERAL, FLOAT_LITERAL, DOUBLE_LITERAL, REAL_LITERAL}
line 163:27 extraneous input '(' expecting {'\lemma', '}', IDENT, '/*!'}
line 163:30 mismatched input '=' expecting {'(', '{'}
line 165:38 mismatched input '}' expecting {'(', '{'}
line 171:14 mismatched input '\ifExintVar' expecting {MODALITY, FORALL, EXISTS, '\if', '\ifEx', 'true', 'false', '(', '{', '@', NOT, SEQARROW, '-', STRING_LITERAL, CHAR_LITERAL, BIN_LITERAL, HEX_LITERAL, IDENT, INT_LITERAL, FLOAT_LITERAL, DOUBLE_LITERAL, REAL_LITERAL}
line 171:27 extraneous input '(' expecting {'\lemma', '}', IDENT, '/*!'}
line 171:30 mismatched input '=' expecting {'(', '{'}
line 173:38 mismatched input '}' expecting {'(', '{'}
line 179:14 mismatched input '\ifExintVar' expecting {MODALITY, FORALL, EXISTS, '\if', '\ifEx', 'true', 'false', '(', '{', '@', NOT, SEQARROW, '-', STRING_LITERAL, CHAR_LITERAL, BIN_LITERAL, HEX_LITERAL, IDENT, INT_LITERAL, FLOAT_LITERAL, DOUBLE_LITERAL, REAL_LITERAL}
line 179:27 extraneous input '(' expecting {'\lemma', '}', IDENT, '/*!'}
line 179:32 mismatched input '&' expecting {'(', '{'}
line 181:42 mismatched input '}' expecting {'(', '{'}
line 182:39 mismatched input '}' expecting {'(', '{'}
line 188:14 mismatched input '\ifExintVar' expecting {MODALITY, FORALL, EXISTS, '\if', '\ifEx', 'true', 'false', '(', '{', '@', NOT, SEQARROW, '-', STRING_LITERAL, CHAR_LITERAL, BIN_LITERAL, HEX_LITERAL, IDENT, INT_LITERAL, FLOAT_LITERAL, DOUBLE_LITERAL, REAL_LITERAL}
line 188:27 extraneous input '(' expecting {'\lemma', '}', IDENT, '/*!'}
line 188:32 mismatched input '&' expecting {'(', '{'}
line 190:42 mismatched input '}' expecting {'(', '{'}
line 191:39 mismatched input '}' expecting {'(', '{'}
line 198:14 mismatched input '\ifExintVar' expecting {MODALITY, FORALL, EXISTS, '\if', '\ifEx', 'true', 'false', '(', '{', '@', NOT, SEQARROW, '-', STRING_LITERAL, CHAR_LITERAL, BIN_LITERAL, HEX_LITERAL, IDENT, INT_LITERAL, FLOAT_LITERAL, DOUBLE_LITERAL, REAL_LITERAL}
line 198:27 extraneous input '(' expecting {'\lemma', '}', IDENT, '/*!'}
line 198:32 mismatched input '&' expecting {'(', '{'}
line 200:42 mismatched input '}' expecting {'(', '{'}
line 201:39 mismatched input '}' expecting {'(', '{'}
line 208:14 mismatched input '\ifExintVar' expecting {MODALITY, FORALL, EXISTS, '\if', '\ifEx', 'true', 'false', '(', '{', '@', NOT, SEQARROW, '-', STRING_LITERAL, CHAR_LITERAL, BIN_LITERAL, HEX_LITERAL, IDENT, INT_LITERAL, FLOAT_LITERAL, DOUBLE_LITERAL, REAL_LITERAL}
line 208:27 extraneous input '(' expecting {'\lemma', '}', IDENT, '/*!'}
line 208:32 mismatched input '&' expecting {'(', '{'}
line 210:42 mismatched input '}' expecting {'(', '{'}
line 211:39 mismatched input '}' expecting {'(', '{'}
line 218:14 mismatched input '\ifExintVar' expecting {MODALITY, FORALL, EXISTS, '\if', '\ifEx', 'true', 'false', '(', '{', '@', NOT, SEQARROW, '-', STRING_LITERAL, CHAR_LITERAL, BIN_LITERAL, HEX_LITERAL, IDENT, INT_LITERAL, FLOAT_LITERAL, DOUBLE_LITERAL, REAL_LITERAL}
line 218:27 extraneous input '(' expecting {'\lemma', '}', IDENT, '/*!'}
line 218:31 mismatched input ')' expecting {'(', '{'}
line 220:44 mismatched input ')' expecting {'(', '{'}
line 225:14 mismatched input '\ifExintVar' expecting {MODALITY, FORALL, EXISTS, '\if', '\ifEx', 'true', 'false', '(', '{', '@', NOT, SEQARROW, '-', STRING_LITERAL, CHAR_LITERAL, BIN_LITERAL, HEX_LITERAL, IDENT, INT_LITERAL, FLOAT_LITERAL, DOUBLE_LITERAL, REAL_LITERAL}
line 225:27 extraneous input '(' expecting {'\lemma', '}', IDENT, '/*!'}
line 225:31 mismatched input ')' expecting {'(', '{'}
line 227:44 mismatched input ')' expecting {'(', '{'}
line 233:14 mismatched input '\ifExintVar' expecting {MODALITY, FORALL, EXISTS, '\if', '\ifEx', 'true', 'false', '(', '{', '@', NOT, SEQARROW, '-', STRING_LITERAL, CHAR_LITERAL, BIN_LITERAL, HEX_LITERAL, IDENT, INT_LITERAL, FLOAT_LITERAL, DOUBLE_LITERAL, REAL_LITERAL}
line 233:27 extraneous input '(' expecting {'\lemma', '}', IDENT, '/*!'}
line 233:31 mismatched input ')' expecting {'(', '{'}
line 237:42 mismatched input '}' expecting {'(', '{'}
line 238:34 mismatched input '}' expecting {'(', '{'}
line 239:28 extraneous input '(' expecting {'\lemma', '}', IDENT, '/*!'}
line 239:33 mismatched input '->' expecting {'(', '{'}
line 240:8 extraneous input '\replacewith' expecting {'\lemma', '}', IDENT, '/*!'}
line 240:25 mismatched input ')' expecting {'(', '{'}
line 240:56 mismatched input ')' expecting {'(', '{'}
line 245:14 mismatched input '\ifExintVar' expecting {MODALITY, FORALL, EXISTS, '\if', '\ifEx', 'true', 'false', '(', '{', '@', NOT, SEQARROW, '-', STRING_LITERAL, CHAR_LITERAL, BIN_LITERAL, HEX_LITERAL, IDENT, INT_LITERAL, FLOAT_LITERAL, DOUBLE_LITERAL, REAL_LITERAL}
line 245:27 extraneous input '(' expecting {'\lemma', '}', IDENT, '/*!'}
line 245:31 mismatched input ')' expecting {'(', '{'}
line 248:45 mismatched input '}' expecting {'(', '{'}
line 249:8 extraneous input '\replacewith' expecting {'\lemma', '}', IDENT, '/*!'}
line 249:38 mismatched input ')' expecting {'(', '{'}
line 250:42 mismatched input '}' expecting {'(', '{'}
line 251:28 extraneous input '(' expecting {'\lemma', '}', IDENT, '/*!'}
line 251:33 mismatched input '->' expecting {'(', '{'}
line 255:14 mismatched input '\ifExintVar' expecting {MODALITY, FORALL, EXISTS, '\if', '\ifEx', 'true', 'false', '(', '{', '@', NOT, SEQARROW, '-', STRING_LITERAL, CHAR_LITERAL, BIN_LITERAL, HEX_LITERAL, IDENT, INT_LITERAL, FLOAT_LITERAL, DOUBLE_LITERAL, REAL_LITERAL}
line 255:27 extraneous input '(' expecting {'\lemma', '}', IDENT, '/*!'}
line 255:31 mismatched input ')' expecting {'(', '{'}
line 258:52 extraneous input '0' expecting {'\lemma', '}', IDENT, '/*!'}
line 258:54 mismatched input 'then' expecting {<EOF>, '\problem', '\chooseContract', '\proofObligation', '\proof'}

	at de.uka.ilkd.key.util.parsing.SyntaxErrorReporter.throwException(SyntaxErrorReporter.java:89)

302994     WARN  Test worker     d.u.i.k.n.KeYParser       [syntax-error] file:/home/runner/work/key/key/key.core/build/resources/main/de/uka/ilkd/key/proof/rules/ifThenElseRules.key:135:14: mismatched input '\ifExintVar' expecting {MODALITY, FORALL, EXISTS, '\if', '\ifEx', 'true', 'false', '(', '{', '@', NOT, SEQARROW, '-', STRING_LITERAL, CHAR_LITERAL, BIN_LITERAL, HEX_LITERAL, IDENT, INT_LITERAL, FLOAT_LITERAL, DOUBLE_LITERAL, REAL_LITERAL} [@745,3563:3573='\ifExintVar',<188>,135:14] (termorseq, taclet, rulesOrAxioms, decls, file) 
302995     WARN  Test worker     d.u.i.k.n.KeYParser       [syntax-error] file:/home/runner/work/key/key/key.core/build/resources/main/de/uka/ilkd/key/proof/rules/ifThenElseRules.key:135:27: extraneous input '(' expecting {'\lemma', '}', IDENT, '/*!'} [@748,3576:3576='(',<146>,135:27] (rulesOrAxioms, decls, file) 
302995     WARN  Test worker     d.u.i.k.n.KeYParser       [syntax-error] file:/home/runner/work/key/key/key.core/build/resources/main/de/uka/ilkd/key/proof/rules/ifThenElseRules.key:135:44: mismatched input ')' expecting {'(', '{'} [@754,3593:3593=')',<147>,135:44] (taclet, rulesOrAxioms, decls, file) 
302995     WARN  Test worker     d.u.i.k.n.KeYParser       [syntax-error] file:/home/runner/work/key/key/key.core/build/resources/main/de/uka/ilkd/key/proof/rules/ifThenElseRules.key:141:14: mismatched input '\ifExintVar' expecting {MODALITY, FORALL, EXISTS, '\if', '\ifEx', 'true', 'false', '(', '{', '@', NOT, SEQARROW, '-', STRING_LITERAL, CHAR_LITERAL, BIN_LITERAL, HEX_LITERAL, IDENT, INT_LITERAL, FLOAT_LITERAL, DOUBLE_LITERAL, REAL_LITERAL} [@780,3716:3726='\ifExintVar',<188>,141:14] (termorseq, taclet, rulesOrAxioms, decls, file) 
302995     WARN  Test worker     d.u.i.k.n.KeYParser       [syntax-error] file:/home/runner/work/key/key/key.core/build/resources/main/de/uka/ilkd/key/proof/rules/ifThenElseRules.key:141:27: extraneous input '(' expecting {'\lemma', '}', IDENT, '/*!'} [@783,3729:3729='(',<146>,141:27] (rulesOrAxioms, decls, file) 
302995     WARN  Test worker     d.u.i.k.n.KeYParser       [syntax-error] file:/home/runner/work/key/key/key.core/build/resources/main/de/uka/ilkd/key/proof/rules/ifThenElseRules.key:141:41: mismatched input ')' expecting {'(', '{'} [@789,3743:3743=')',<147>,141:41] (taclet, rulesOrAxioms, decls, file) 
302995     WARN  Test worker     d.u.i.k.n.KeYParser       [syntax-error] file:/home/runner/work/key/key/key.core/build/resources/main/de/uka/ilkd/key/proof/rules/ifThenElseRules.key:148:14: mismatched input '\ifExintVar' expecting {MODALITY, FORALL, EXISTS, '\if', '\ifEx', 'true', 'false', '(', '{', '@', NOT, SEQARROW, '-', STRING_LITERAL, CHAR_LITERAL, BIN_LITERAL, HEX_LITERAL, IDENT, INT_LITERAL, FLOAT_LITERAL, DOUBLE_LITERAL, REAL_LITERAL} [@819,3896:3906='\ifExintVar',<188>,148:14] (termorseq, taclet, rulesOrAxioms, decls, file) 
302995     WARN  Test worker     d.u.i.k.n.KeYParser       [syntax-error] file:/home/runner/work/key/key/key.core/build/resources/main/de/uka/ilkd/key/proof/rules/ifThenElseRules.key:148:27: extraneous input '(' expecting {'\lemma', '}', IDENT, '/*!'} [@822,3909:3909='(',<146>,148:27] (rulesOrAxioms, decls, file) 
302995     WARN  Test worker     d.u.i.k.n.KeYParser       [syntax-error] file:/home/runner/work/key/key/key.core/build/resources/main/de/uka/ilkd/key/proof/rules/ifThenElseRules.key:148:35: mismatched input '=' expecting {'(', '{'} [@825,3917:3917='=',<159>,148:35] (taclet, rulesOrAxioms, decls, file) 
302996     WARN  Test worker     d.u.i.k.n.KeYParser       [syntax-error] file:/home/runner/work/key/key/key.core/build/resources/main/de/uka/ilkd/key/proof/rules/ifThenElseRules.key:150:38: mismatched input '}' expecting {'(', '{'} [@859,4023:4023='}',<149>,150:38] (taclet, rulesOrAxioms, decls, file) 
302996     WARN  Test worker     d.u.i.k.n.KeYParser       [syntax-error] file:/home/runner/work/key/key/key.core/build/resources/main/de/uka/ilkd/key/proof/rules/ifThenElseRules.key:155:14: mismatched input '\ifExintVar' expecting {MODALITY, FORALL, EXISTS, '\if', '\ifEx', 'true', 'false', '(', '{', '@', NOT, SEQARROW, '-', STRING_LITERAL, CHAR_LITERAL, BIN_LITERAL, HEX_LITERAL, IDENT, INT_LITERAL, FLOAT_LITERAL, DOUBLE_LITERAL, REAL_LITERAL} [@877,4109:4119='\ifExintVar',<188>,155:14] (termorseq, taclet, rulesOrAxioms, decls, file) 
302996     WARN  Test worker     d.u.i.k.n.KeYParser       [syntax-error] file:/home/runner/work/key/key/key.core/build/resources/main/de/uka/ilkd/key/proof/rules/ifThenElseRules.key:155:27: extraneous input '(' expecting {'\lemma', '}', IDENT, '/*!'} [@880,4122:4122='(',<146>,155:27] (rulesOrAxioms, decls, file) 
302996     WARN  Test worker     d.u.i.k.n.KeYParser       [syntax-error] file:/home/runner/work/key/key/key.core/build/resources/main/de/uka/ilkd/key/proof/rules/ifThenElseRules.key:155:35: mismatched input '=' expecting {'(', '{'} [@883,4130:4130='=',<159>,155:35] (taclet, rulesOrAxioms, decls, file) 
302996     WARN  Test worker     d.u.i.k.n.KeYParser       [syntax-error] file:/home/runner/work/key/key/key.core/build/resources/main/de/uka/ilkd/key/proof/rules/ifThenElseRules.key:157:38: mismatched input '}' expecting {'(', '{'} [@917,4230:4230='}',<149>,157:38] (taclet, rulesOrAxioms, decls, file) 
302996     WARN  Test worker     d.u.i.k.n.KeYParser       [syntax-error] file:/home/runner/work/key/key/key.core/build/resources/main/de/uka/ilkd/key/proof/rules/ifThenElseRules.key:163:14: mismatched input '\ifExintVar' expecting {MODALITY, FORALL, EXISTS, '\if', '\ifEx', 'true', 'false', '(', '{', '@', NOT, SEQARROW, '-', STRING_LITERAL, CHAR_LITERAL, BIN_LITERAL, HEX_LITERAL, IDENT, INT_LITERAL, FLOAT_LITERAL, DOUBLE_LITERAL, REAL_LITERAL} [@939,4350:4360='\ifExintVar',<188>,163:14] (termorseq, taclet, rulesOrAxioms, decls, file) 
302996     WARN  Test worker     d.u.i.k.n.KeYParser       [syntax-error] file:/home/runner/work/key/key/key.core/build/resources/main/de/uka/ilkd/key/proof/rules/ifThenElseRules.key:163:27: extraneous input '(' expecting {'\lemma', '}', IDENT, '/*!'} [@942,4363:4363='(',<146>,163:27] (rulesOrAxioms, decls, file) 
302996     WARN  Test worker     d.u.i.k.n.KeYParser       [syntax-error] file:/home/runner/work/key/key/key.core/build/resources/main/de/uka/ilkd/key/proof/rules/ifThenElseRules.key:163:30: mismatched input '=' expecting {'(', '{'} [@945,4366:4366='=',<159>,163:30] (taclet, rulesOrAxioms, decls, file) 
302996     WARN  Test worker     d.u.i.k.n.KeYParser       [syntax-error] file:/home/runner/work/key/key/key.core/build/resources/main/de/uka/ilkd/key/proof/rules/ifThenElseRules.key:165:38: mismatched input '}' expecting {'(', '{'} [@979,4477:4477='}',<149>,165:38] (taclet, rulesOrAxioms, decls, file) 
302997     WARN  Test worker     d.u.i.k.n.KeYParser       [syntax-error] file:/home/runner/work/key/key/key.core/build/resources/main/de/uka/ilkd/key/proof/rules/ifThenElseRules.key:171:14: mismatched input '\ifExintVar' expecting {MODALITY, FORALL, EXISTS, '\if', '\ifEx', 'true', 'false', '(', '{', '@', NOT, SEQARROW, '-', STRING_LITERAL, CHAR_LITERAL, BIN_LITERAL, HEX_LITERAL, IDENT, INT_LITERAL, FLOAT_LITERAL, DOUBLE_LITERAL, REAL_LITERAL} [@1001,4604:4614='\ifExintVar',<188>,171:14] (termorseq, taclet, rulesOrAxioms, decls, file) 
302997     WARN  Test worker     d.u.i.k.n.KeYParser       [syntax-error] file:/home/runner/work/key/key/key.core/build/resources/main/de/uka/ilkd/key/proof/rules/ifThenElseRules.key:171:27: extraneous input '(' expecting {'\lemma', '}', IDENT, '/*!'} [@1004,4617:4617='(',<146>,171:27] (rulesOrAxioms, decls, file) 
302997     WARN  Test worker     d.u.i.k.n.KeYParser       [syntax-error] file:/home/runner/work/key/key/key.core/build/resources/main/de/uka/ilkd/key/proof/rules/ifThenElseRules.key:171:30: mismatched input '=' expecting {'(', '{'} [@1007,4620:4620='=',<159>,171:30] (taclet, rulesOrAxioms, decls, file) 
302997     WARN  Test worker     d.u.i.k.n.KeYParser       [syntax-error] file:/home/runner/work/key/key/key.core/build/resources/main/de/uka/ilkd/key/proof/rules/ifThenElseRules.key:173:38: mismatched input '}' expecting {'(', '{'} [@1041,4725:4725='}',<149>,173:38] (taclet, rulesOrAxioms, decls, file) 
302998     WARN  Test worker     d.u.i.k.n.KeYParser       [syntax-error] file:/home/runner/work/key/key/key.core/build/resources/main/de/uka/ilkd/key/proof/rules/ifThenElseRules.key:179:14: mismatched input '\ifExintVar' expecting {MODALITY, FORALL, EXISTS, '\if', '\ifEx', 'true', 'false', '(', '{', '@', NOT, SEQARROW, '-', STRING_LITERAL, CHAR_LITERAL, BIN_LITERAL, HEX_LITERAL, IDENT, INT_LITERAL, FLOAT_LITERAL, DOUBLE_LITERAL, REAL_LITERAL} [@1063,4848:4858='\ifExintVar',<188>,179:14] (termorseq, taclet, rulesOrAxioms, decls, file) 
302998     WARN  Test worker     d.u.i.k.n.KeYParser       [syntax-error] file:/home/runner/work/key/key/key.core/build/resources/main/de/uka/ilkd/key/proof/rules/ifThenElseRules.key:179:27: extraneous input '(' expecting {'\lemma', '}', IDENT, '/*!'} [@1066,4861:4861='(',<146>,179:27] (rulesOrAxioms, decls, file) 
302998     WARN  Test worker     d.u.i.k.n.KeYParser       [syntax-error] file:/home/runner/work/key/key/key.core/build/resources/main/de/uka/ilkd/key/proof/rules/ifThenElseRules.key:179:32: mismatched input '&' expecting {'(', '{'} [@1069,4866:4866='&',<156>,179:32] (taclet, rulesOrAxioms, decls, file) 
302998     WARN  Test worker     d.u.i.k.n.KeYParser       [syntax-error] file:/home/runner/work/key/key/key.core/build/resources/main/de/uka/ilkd/key/proof/rules/ifThenElseRules.key:181:42: mismatched input '}' expecting {'(', '{'} [@1109,4985:4985='}',<149>,181:42] (taclet, rulesOrAxioms, decls, file) 
302998     WARN  Test worker     d.u.i.k.n.KeYParser       [syntax-error] file:/home/runner/work/key/key/key.core/build/resources/main/de/uka/ilkd/key/proof/rules/ifThenElseRules.key:182:39: mismatched input '}' expecting {'(', '{'} [@1122,5030:5030='}',<149>,182:39] (taclet, rulesOrAxioms, decls, file) 
302998     WARN  Test worker     d.u.i.k.n.KeYParser       [syntax-error] file:/home/runner/work/key/key/key.core/build/resources/main/de/uka/ilkd/key/proof/rules/ifThenElseRules.key:188:14: mismatched input '\ifExintVar' expecting {MODALITY, FORALL, EXISTS, '\if', '\ifEx', 'true', 'false', '(', '{', '@', NOT, SEQARROW, '-', STRING_LITERAL, CHAR_LITERAL, BIN_LITERAL, HEX_LITERAL, IDENT, INT_LITERAL, FLOAT_LITERAL, DOUBLE_LITERAL, REAL_LITERAL} [@1146,5149:5159='\ifExintVar',<188>,188:14] (termorseq, taclet, rulesOrAxioms, decls, file) 
302998     WARN  Test worker     d.u.i.k.n.KeYParser       [syntax-error] file:/home/runner/work/key/key/key.core/build/resources/main/de/uka/ilkd/key/proof/rules/ifThenElseRules.key:188:27: extraneous input '(' expecting {'\lemma', '}', IDENT, '/*!'} [@1149,5162:5162='(',<146>,188:27] (rulesOrAxioms, decls, file) 
302999     WARN  Test worker     d.u.i.k.n.KeYParser       [syntax-error] file:/home/runner/work/key/key/key.core/build/resources/main/de/uka/ilkd/key/proof/rules/ifThenElseRules.key:188:32: mismatched input '&' expecting {'(', '{'} [@1152,5167:5167='&',<156>,188:32] (taclet, rulesOrAxioms, decls, file) 
302999     WARN  Test worker     d.u.i.k.n.KeYParser       [syntax-error] file:/home/runner/work/key/key/key.core/build/resources/main/de/uka/ilkd/key/proof/rules/ifThenElseRules.key:190:42: mismatched input '}' expecting {'(', '{'} [@1192,5280:5280='}',<149>,190:42] (taclet, rulesOrAxioms, decls, file) 
302999     WARN  Test worker     d.u.i.k.n.KeYParser       [syntax-error] file:/home/runner/work/key/key/key.core/build/resources/main/de/uka/ilkd/key/proof/rules/ifThenElseRules.key:191:39: mismatched input '}' expecting {'(', '{'} [@1205,5325:5325='}',<149>,191:39] (taclet, rulesOrAxioms, decls, file) 
302999     WARN  Test worker     d.u.i.k.n.KeYParser       [syntax-error] file:/home/runner/work/key/key/key.core/build/resources/main/de/uka/ilkd/key/proof/rules/ifThenElseRules.key:198:14: mismatched input '\ifExintVar' expecting {MODALITY, FORALL, EXISTS, '\if', '\ifEx', 'true', 'false', '(', '{', '@', NOT, SEQARROW, '-', STRING_LITERAL, CHAR_LITERAL, BIN_LITERAL, HEX_LITERAL, IDENT, INT_LITERAL, FLOAT_LITERAL, DOUBLE_LITERAL, REAL_LITERAL} [@1233,5475:5485='\ifExintVar',<188>,198:14] (termorseq, taclet, rulesOrAxioms, decls, file) 
302999     WARN  Test worker     d.u.i.k.n.KeYParser       [syntax-error] file:/home/runner/work/key/key/key.core/build/resources/main/de/uka/ilkd/key/proof/rules/ifThenElseRules.key:198:27: extraneous input '(' expecting {'\lemma', '}', IDENT, '/*!'} [@1236,5488:5488='(',<146>,198:27] (rulesOrAxioms, decls, file) 
302999     WARN  Test worker     d.u.i.k.n.KeYParser       [syntax-error] file:/home/runner/work/key/key/key.core/build/resources/main/de/uka/ilkd/key/proof/rules/ifThenElseRules.key:198:32: mismatched input '&' expecting {'(', '{'} [@1239,5493:5493='&',<156>,198:32] (taclet, rulesOrAxioms, decls, file) 
302999     WARN  Test worker     d.u.i.k.n.KeYParser       [syntax-error] file:/home/runner/work/key/key/key.core/build/resources/main/de/uka/ilkd/key/proof/rules/ifThenElseRules.key:200:42: mismatched input '}' expecting {'(', '{'} [@1279,5612:5612='}',<149>,200:42] (taclet, rulesOrAxioms, decls, file) 
302999     WARN  Test worker     d.u.i.k.n.KeYParser       [syntax-error] file:/home/runner/work/key/key/key.core/build/resources/main/de/uka/ilkd/key/proof/rules/ifThenElseRules.key:201:39: mismatched input '}' expecting {'(', '{'} [@1292,5657:5657='}',<149>,201:39] (taclet, rulesOrAxioms, decls, file) 
302999     WARN  Test worker     d.u.i.k.n.KeYParser       [syntax-error] file:/home/runner/work/key/key/key.core/build/resources/main/de/uka/ilkd/key/proof/rules/ifThenElseRules.key:208:14: mismatched input '\ifExintVar' expecting {MODALITY, FORALL, EXISTS, '\if', '\ifEx', 'true', 'false', '(', '{', '@', NOT, SEQARROW, '-', STRING_LITERAL, CHAR_LITERAL, BIN_LITERAL, HEX_LITERAL, IDENT, INT_LITERAL, FLOAT_LITERAL, DOUBLE_LITERAL, REAL_LITERAL} [@1320,5817:5827='\ifExintVar',<188>,208:14] (termorseq, taclet, rulesOrAxioms, decls, file) 
303000     WARN  Test worker     d.u.i.k.n.KeYParser       [syntax-error] file:/home/runner/work/key/key/key.core/build/resources/main/de/uka/ilkd/key/proof/rules/ifThenElseRules.key:208:27: extraneous input '(' expecting {'\lemma', '}', IDENT, '/*!'} [@1323,5830:5830='(',<146>,208:27] (rulesOrAxioms, decls, file) 
303000     WARN  Test worker     d.u.i.k.n.KeYParser       [syntax-error] file:/home/runner/work/key/key/key.core/build/resources/main/de/uka/ilkd/key/proof/rules/ifThenElseRules.key:208:32: mismatched input '&' expecting {'(', '{'} [@1326,5835:5835='&',<156>,208:32] (taclet, rulesOrAxioms, decls, file) 
303000     WARN  Test worker     d.u.i.k.n.KeYParser       [syntax-error] file:/home/runner/work/key/key/key.core/build/resources/main/de/uka/ilkd/key/proof/rules/ifThenElseRules.key:210:42: mismatched input '}' expecting {'(', '{'} [@1366,5948:5948='}',<149>,210:42] (taclet, rulesOrAxioms, decls, file) 
303000     WARN  Test worker     d.u.i.k.n.KeYParser       [syntax-error] file:/home/runner/work/key/key/key.core/build/resources/main/de/uka/ilkd/key/proof/rules/ifThenElseRules.key:211:39: mismatched input '}' expecting {'(', '{'} [@1379,5993:5993='}',<149>,211:39] (taclet, rulesOrAxioms, decls, file) 
303000     WARN  Test worker     d.u.i.k.n.KeYParser       [syntax-error] file:/home/runner/work/key/key/key.core/build/resources/main/de/uka/ilkd/key/proof/rules/ifThenElseRules.key:218:14: mismatched input '\ifExintVar' expecting {MODALITY, FORALL, EXISTS, '\if', '\ifEx', 'true', 'false', '(', '{', '@', NOT, SEQARROW, '-', STRING_LITERAL, CHAR_LITERAL, BIN_LITERAL, HEX_LITERAL, IDENT, INT_LITERAL, FLOAT_LITERAL, DOUBLE_LITERAL, REAL_LITERAL} [@1407,6146:6156='\ifExintVar',<188>,218:14] (termorseq, taclet, rulesOrAxioms, decls, file) 
303000     WARN  Test worker     d.u.i.k.n.KeYParser       [syntax-error] file:/home/runner/work/key/key/key.core/build/resources/main/de/uka/ilkd/key/proof/rules/ifThenElseRules.key:218:27: extraneous input '(' expecting {'\lemma', '}', IDENT, '/*!'} [@1410,6159:6159='(',<146>,218:27] (rulesOrAxioms, decls, file) 
303000     WARN  Test worker     d.u.i.k.n.KeYParser       [syntax-error] file:/home/runner/work/key/key/key.core/build/resources/main/de/uka/ilkd/key/proof/rules/ifThenElseRules.key:218:31: mismatched input ')' expecting {'(', '{'} [@1412,6163:6163=')',<147>,218:31] (taclet, rulesOrAxioms, decls, file) 
303000     WARN  Test worker     d.u.i.k.n.KeYParser       [syntax-error] file:/home/runner/work/key/key/key.core/build/resources/main/de/uka/ilkd/key/proof/rules/ifThenElseRules.key:220:44: mismatched input ')' expecting {'(', '{'} [@1444,6275:6275=')',<147>,220:44] (taclet, rulesOrAxioms, decls, file) 
303000     WARN  Test worker     d.u.i.k.n.KeYParser       [syntax-error] file:/home/runner/work/key/key/key.core/build/resources/main/de/uka/ilkd/key/proof/rules/ifThenElseRules.key:225:14: mismatched input '\ifExintVar' expecting {MODALITY, FORALL, EXISTS, '\if', '\ifEx', 'true', 'false', '(', '{', '@', NOT, SEQARROW, '-', STRING_LITERAL, CHAR_LITERAL, BIN_LITERAL, HEX_LITERAL, IDENT, INT_LITERAL, FLOAT_LITERAL, DOUBLE_LITERAL, REAL_LITERAL} [@1471,6389:6399='\ifExintVar',<188>,225:14] (termorseq, taclet, rulesOrAxioms, decls, file) 
303001     WARN  Test worker     d.u.i.k.n.KeYParser       [syntax-error] file:/home/runner/work/key/key/key.core/build/resources/main/de/uka/ilkd/key/proof/rules/ifThenElseRules.key:225:27: extraneous input '(' expecting {'\lemma', '}', IDENT, '/*!'} [@1474,6402:6402='(',<146>,225:27] (rulesOrAxioms, decls, file) 
303001     WARN  Test worker     d.u.i.k.n.KeYParser       [syntax-error] file:/home/runner/work/key/key/key.core/build/resources/main/de/uka/ilkd/key/proof/rules/ifThenElseRules.key:225:31: mismatched input ')' expecting {'(', '{'} [@1476,6406:6406=')',<147>,225:31] (taclet, rulesOrAxioms, decls, file) 
303001     WARN  Test worker     d.u.i.k.n.KeYParser       [syntax-error] file:/home/runner/work/key/key/key.core/build/resources/main/de/uka/ilkd/key/proof/rules/ifThenElseRules.key:227:44: mismatched input ')' expecting {'(', '{'} [@1508,6509:6509=')',<147>,227:44] (taclet, rulesOrAxioms, decls, file) 
303001     WARN  Test worker     d.u.i.k.n.KeYParser       [syntax-error] file:/home/runner/work/key/key/key.core/build/resources/main/de/uka/ilkd/key/proof/rules/ifThenElseRules.key:233:14: mismatched input '\ifExintVar' expecting {MODALITY, FORALL, EXISTS, '\if', '\ifEx', 'true', 'false', '(', '{', '@', NOT, SEQARROW, '-', STRING_LITERAL, CHAR_LITERAL, BIN_LITERAL, HEX_LITERAL, IDENT, INT_LITERAL, FLOAT_LITERAL, DOUBLE_LITERAL, REAL_LITERAL} [@1539,6656:6666='\ifExintVar',<188>,233:14] (termorseq, taclet, rulesOrAxioms, decls, file) 
303001     WARN  Test worker     d.u.i.k.n.KeYParser       [syntax-error] file:/home/runner/work/key/key/key.core/build/resources/main/de/uka/ilkd/key/proof/rules/ifThenElseRules.key:233:27: extraneous input '(' expecting {'\lemma', '}', IDENT, '/*!'} [@1542,6669:6669='(',<146>,233:27] (rulesOrAxioms, decls, file) 
303001     WARN  Test worker     d.u.i.k.n.KeYParser       [syntax-error] file:/home/runner/work/key/key/key.core/build/resources/main/de/uka/ilkd/key/proof/rules/ifThenElseRules.key:233:31: mismatched input ')' expecting {'(', '{'} [@1544,6673:6673=')',<147>,233:31] (taclet, rulesOrAxioms, decls, file) 
303001     WARN  Test worker     d.u.i.k.n.KeYParser       [syntax-error] file:/home/runner/work/key/key/key.core/build/resources/main/de/uka/ilkd/key/proof/rules/ifThenElseRules.key:237:42: mismatched input '}' expecting {'(', '{'} [@1586,6850:6850='}',<149>,237:42] (taclet, rulesOrAxioms, decls, file) 
303001     WARN  Test worker     d.u.i.k.n.KeYParser       [syntax-error] file:/home/runner/work/key/key/key.core/build/resources/main/de/uka/ilkd/key/proof/rules/ifThenElseRules.key:238:34: mismatched input '}' expecting {'(', '{'} [@1599,6891:6891='}',<149>,238:34] (taclet, rulesOrAxioms, decls, file) 
303001     WARN  Test worker     d.u.i.k.n.KeYParser       [syntax-error] file:/home/runner/work/key/key/key.core/build/resources/main/de/uka/ilkd/key/proof/rules/ifThenElseRules.key:239:28: extraneous input '(' expecting {'\lemma', '}', IDENT, '/*!'} [@1608,6925:6925='(',<146>,239:28] (rulesOrAxioms, decls, file) 
303002     WARN  Test worker     d.u.i.k.n.KeYParser       [syntax-error] file:/home/runner/work/key/key/key.core/build/resources/main/de/uka/ilkd/key/proof/rules/ifThenElseRules.key:239:33: mismatched input '->' expecting {'(', '{'} [@1611,6930:6931='->',<158>,239:33] (taclet, rulesOrAxioms, decls, file) 
303002     WARN  Test worker     d.u.i.k.n.KeYParser       [syntax-error] file:/home/runner/work/key/key/key.core/build/resources/main/de/uka/ilkd/key/proof/rules/ifThenElseRules.key:240:8: extraneous input '\replacewith' expecting {'\lemma', '}', IDENT, '/*!'} [@1626,6979:6990='\replacewith',<105>,240:8] (rulesOrAxioms, decls, file) 
303002     WARN  Test worker     d.u.i.k.n.KeYParser       [syntax-error] file:/home/runner/work/key/key/key.core/build/resources/main/de/uka/ilkd/key/proof/rules/ifThenElseRules.key:240:25: mismatched input ')' expecting {'(', '{'} [@1629,6996:6996=')',<147>,240:25] (taclet, rulesOrAxioms, decls, file) 
303002     WARN  Test worker     d.u.i.k.n.KeYParser       [syntax-error] file:/home/runner/work/key/key/key.core/build/resources/main/de/uka/ilkd/key/proof/rules/ifThenElseRules.key:240:56: mismatched input ')' expecting {'(', '{'} [@1642,7027:7027=')',<147>,240:56] (taclet, rulesOrAxioms, decls, file) 
303002     WARN  Test worker     d.u.i.k.n.KeYParser       [syntax-error] file:/home/runner/work/key/key/key.core/build/resources/main/de/uka/ilkd/key/proof/rules/ifThenElseRules.key:245:14: mismatched input '\ifExintVar' expecting {MODALITY, FORALL, EXISTS, '\if', '\ifEx', 'true', 'false', '(', '{', '@', NOT, SEQARROW, '-', STRING_LITERAL, CHAR_LITERAL, BIN_LITERAL, HEX_LITERAL, IDENT, INT_LITERAL, FLOAT_LITERAL, DOUBLE_LITERAL, REAL_LITERAL} [@1658,7109:7119='\ifExintVar',<188>,245:14] (termorseq, taclet, rulesOrAxioms, decls, file) 
303002     WARN  Test worker     d.u.i.k.n.KeYParser       [syntax-error] file:/home/runner/work/key/key/key.core/build/resources/main/de/uka/ilkd/key/proof/rules/ifThenElseRules.key:245:27: extraneous input '(' expecting {'\lemma', '}', IDENT, '/*!'} [@1661,7122:7122='(',<146>,245:27] (rulesOrAxioms, decls, file) 
303002     WARN  Test worker     d.u.i.k.n.KeYParser       [syntax-error] file:/home/runner/work/key/key/key.core/build/resources/main/de/uka/ilkd/key/proof/rules/ifThenElseRules.key:245:31: mismatched input ')' expecting {'(', '{'} [@1663,7126:7126=')',<147>,245:31] (taclet, rulesOrAxioms, decls, file) 
303002     WARN  Test worker     d.u.i.k.n.KeYParser       [syntax-error] file:/home/runner/work/key/key/key.core/build/resources/main/de/uka/ilkd/key/proof/rules/ifThenElseRules.key:248:45: mismatched input '}' expecting {'(', '{'} [@1696,7268:7268='}',<149>,248:45] (taclet, rulesOrAxioms, decls, file) 
303002     WARN  Test worker     d.u.i.k.n.KeYParser       [syntax-error] file:/home/runner/work/key/key/key.core/build/resources/main/de/uka/ilkd/key/proof/rules/ifThenElseRules.key:249:8: extraneous input '\replacewith' expecting {'\lemma', '}', IDENT, '/*!'} [@1701,7284:7295='\replacewith',<105>,249:8] (rulesOrAxioms, decls, file) 
303003     WARN  Test worker     d.u.i.k.n.KeYParser       [syntax-error] file:/home/runner/work/key/key/key.core/build/resources/main/de/uka/ilkd/key/proof/rules/ifThenElseRules.key:249:38: mismatched input ')' expecting {'(', '{'} [@1708,7314:7314=')',<147>,249:38] (taclet, rulesOrAxioms, decls, file) 
303003     WARN  Test worker     d.u.i.k.n.KeYParser       [syntax-error] file:/home/runner/work/key/key/key.core/build/resources/main/de/uka/ilkd/key/proof/rules/ifThenElseRules.key:250:42: mismatched input '}' expecting {'(', '{'} [@1731,7381:7381='}',<149>,250:42] (taclet, rulesOrAxioms, decls, file) 
303003     WARN  Test worker     d.u.i.k.n.KeYParser       [syntax-error] file:/home/runner/work/key/key/key.core/build/resources/main/de/uka/ilkd/key/proof/rules/ifThenElseRules.key:251:28: extraneous input '(' expecting {'\lemma', '}', IDENT, '/*!'} [@1741,7416:7416='(',<146>,251:28] (rulesOrAxioms, decls, file) 
303003     WARN  Test worker     d.u.i.k.n.KeYParser       [syntax-error] file:/home/runner/work/key/key/key.core/build/resources/main/de/uka/ilkd/key/proof/rules/ifThenElseRules.key:251:33: mismatched input '->' expecting {'(', '{'} [@1744,7421:7422='->',<158>,251:33] (taclet, rulesOrAxioms, decls, file) 
303003     WARN  Test worker     d.u.i.k.n.KeYParser       [syntax-error] file:/home/runner/work/key/key/key.core/build/resources/main/de/uka/ilkd/key/proof/rules/ifThenElseRules.key:255:14: mismatched input '\ifExintVar' expecting {MODALITY, FORALL, EXISTS, '\if', '\ifEx', 'true', 'false', '(', '{', '@', NOT, SEQARROW, '-', STRING_LITERAL, CHAR_LITERAL, BIN_LITERAL, HEX_LITERAL, IDENT, INT_LITERAL, FLOAT_LITERAL, DOUBLE_LITERAL, REAL_LITERAL} [@1765,7506:7516='\ifExintVar',<188>,255:14] (termorseq, taclet, rulesOrAxioms, decls, file) 
303003     WARN  Test worker     d.u.i.k.n.KeYParser       [syntax-error] file:/home/runner/work/key/key/key.core/build/resources/main/de/uka/ilkd/key/proof/rules/ifThenElseRules.key:255:27: extraneous input '(' expecting {'\lemma', '}', IDENT, '/*!'} [@1768,7519:7519='(',<146>,255:27] (rulesOrAxioms, decls, file) 
303003     WARN  Test worker     d.u.i.k.n.KeYParser       [syntax-error] file:/home/runner/work/key/key/key.core/build/resources/main/de/uka/ilkd/key/proof/rules/ifThenElseRules.key:255:31: mismatched input ')' expecting {'(', '{'} [@1770,7523:7523=')',<147>,255:31] (taclet, rulesOrAxioms, decls, file) 
303003     WARN  Test worker     d.u.i.k.n.KeYParser       [syntax-error] file:/home/runner/work/key/key/key.core/build/resources/main/de/uka/ilkd/key/proof/rules/ifThenElseRules.key:258:52: extraneous input '0' expecting {'\lemma', '}', IDENT, '/*!'} [@1809,7667:7667='0',<184>,258:52] (rulesOrAxioms, decls, file) 
303003     WARN  Test worker     d.u.i.k.n.KeYParser       [syntax-error] file:/home/runner/work/key/key/key.core/build/resources/main/de/uka/ilkd/key/proof/rules/ifThenElseRules.key:258:54: mismatched input 'then' expecting {<EOF>, '\problem', '\chooseContract', '\proofObligation', '\proof'} [@1811,7669:7672='then',<183>,258:54] (file) 
303004     ERROR Test worker     d.u.i.k.s.n.MasterHandlerTest Error reading /home/runner/work/key/key/key.core/build/resources/test/de/uka/ilkd/key/smt/newsmt2/cases/float.sqrt2.props de.uka.ilkd.key.proof.io.ProblemLoaderException: line 135:14 mismatched input '\ifExintVar' expecting {MODALITY, FORALL, EXISTS, '\if', '\ifEx', 'true', 'false', '(', '{', '@', NOT, SEQARROW, '-', STRING_LITERAL, CHAR_LITERAL, BIN_LITERAL, HEX_LITERAL, IDENT, INT_LITERAL, FLOAT_LITERAL, DOUBLE_LITERAL, REAL_LITERAL}
line 135:27 extraneous input '(' expecting {'\lemma', '}', IDENT, '/*!'}
line 135:44 mismatched input ')' expecting {'(', '{'}
line 141:14 mismatched input '\ifExintVar' expecting {MODALITY, FORALL, EXISTS, '\if', '\ifEx', 'true', 'false', '(', '{', '@', NOT, SEQARROW, '-', STRING_LITERAL, CHAR_LITERAL, BIN_LITERAL, HEX_LITERAL, IDENT, INT_LITERAL, FLOAT_LITERAL, DOUBLE_LITERAL, REAL_LITERAL}
line 141:27 extraneous input '(' expecting {'\lemma', '}', IDENT, '/*!'}
line 141:41 mismatched input ')' expecting {'(', '{'}
line 148:14 mismatched input '\ifExintVar' expecting {MODALITY, FORALL, EXISTS, '\if', '\ifEx', 'true', 'false', '(', '{', '@', NOT, SEQARROW, '-', STRING_LITERAL, CHAR_LITERAL, BIN_LITERAL, HEX_LITERAL, IDENT, INT_LITERAL, FLOAT_LITERAL, DOUBLE_LITERAL, REAL_LITERAL}
line 148:27 extraneous input '(' expecting {'\lemma', '}', IDENT, '/*!'}
line 148:35 mismatched input '=' expecting {'(', '{'}
line 150:38 mismatched input '}' expecting {'(', '{'}
line 155:14 mismatched input '\ifExintVar' expecting {MODALITY, FORALL, EXISTS, '\if', '\ifEx', 'true', 'false', '(', '{', '@', NOT, SEQARROW, '-', STRING_LITERAL, CHAR_LITERAL, BIN_LITERAL, HEX_LITERAL, IDENT, INT_LITERAL, FLOAT_LITERAL, DOUBLE_LITERAL, REAL_LITERAL}
line 155:27 extraneous input '(' expecting {'\lemma', '}', IDENT, '/*!'}
line 155:35 mismatched input '=' expecting {'(', '{'}
line 157:38 mismatched input '}' expecting {'(', '{'}
line 163:14 mismatched input '\ifExintVar' expecting {MODALITY, FORALL, EXISTS, '\if', '\ifEx', 'true', 'false', '(', '{', '@', NOT, SEQARROW, '-', STRING_LITERAL, CHAR_LITERAL, BIN_LITERAL, HEX_LITERAL, IDENT, INT_LITERAL, FLOAT_LITERAL, DOUBLE_LITERAL, REAL_LITERAL}
line 163:27 extraneous input '(' expecting {'\lemma', '}', IDENT, '/*!'}
line 163:30 mismatched input '=' expecting {'(', '{'}
line 165:38 mismatched input '}' expecting {'(', '{'}
line 171:14 mismatched input '\ifExintVar' expecting {MODALITY, FORALL, EXISTS, '\if', '\ifEx', 'true', 'false', '(', '{', '@', NOT, SEQARROW, '-', STRING_LITERAL, CHAR_LITERAL, BIN_LITERAL, HEX_LITERAL, IDENT, INT_LITERAL, FLOAT_LITERAL, DOUBLE_LITERAL, REAL_LITERAL}
line 171:27 extraneous input '(' expecting {'\lemma', '}', IDENT, '/*!'}
line 171:30 mismatched input '=' expecting {'(', '{'}
line 173:38 mismatched input '}' expecting {'(', '{'}
line 179:14 mismatched input '\ifExintVar' expecting {MODALITY, FORALL, EXISTS, '\if', '\ifEx', 'true', 'false', '(', '{', '@', NOT, SEQARROW, '-', STRING_LITERAL, CHAR_LITERAL, BIN_LITERAL, HEX_LITERAL, IDENT, INT_LITERAL, FLOAT_LITERAL, DOUBLE_LITERAL, REAL_LITERAL}
line 179:27 extraneous input '(' expecting {'\lemma', '}', IDENT, '/*!'}
line 179:32 mismatched input '&' expecting {'(', '{'}
line 181:42 mismatched input '}' expecting {'(', '{'}
line 182:39 mismatched input '}' expecting {'(', '{'}
line 188:14 mismatched input '\ifExintVar' expecting {MODALITY, FORALL, EXISTS, '\if', '\ifEx', 'true', 'false', '(', '{', '@', NOT, SEQARROW, '-', STRING_LITERAL, CHAR_LITERAL, BIN_LITERAL, HEX_LITERAL, IDENT, INT_LITERAL, FLOAT_LITERAL, DOUBLE_LITERAL, REAL_LITERAL}
line 188:27 extraneous input '(' expecting {'\lemma', '}', IDENT, '/*!'}
line 188:32 mismatched input '&' expecting {'(', '{'}
line 190:42 mismatched input '}' expecting {'(', '{'}
line 191:39 mismatched input '}' expecting {'(', '{'}
line 198:14 mismatched input '\ifExintVar' expecting {MODALITY, FORALL, EXISTS, '\if', '\ifEx', 'true', 'false', '(', '{', '@', NOT, SEQARROW, '-', STRING_LITERAL, CHAR_LITERAL, BIN_LITERAL, HEX_LITERAL, IDENT, INT_LITERAL, FLOAT_LITERAL, DOUBLE_LITERAL, REAL_LITERAL}
line 198:27 extraneous input '(' expecting {'\lemma', '}', IDENT, '/*!'}
line 198:32 mismatched input '&' expecting {'(', '{'}
line 200:42 mismatched input '}' expecting {'(', '{'}
line 201:39 mismatched input '}' expecting {'(', '{'}
line 208:14 mismatched input '\ifExintVar' expecting {MODALITY, FORALL, EXISTS, '\if', '\ifEx', 'true', 'false', '(', '{', '@', NOT, SEQARROW, '-', STRING_LITERAL, CHAR_LITERAL, BIN_LITERAL, HEX_LITERAL, IDENT, INT_LITERAL, FLOAT_LITERAL, DOUBLE_LITERAL, REAL_LITERAL}
line 208:27 extraneous input '(' expecting {'\lemma', '}', IDENT, '/*!'}
line 208:32 mismatched input '&' expecting {'(', '{'}
line 210:42 mismatched input '}' expecting {'(', '{'}
line 211:39 mismatched input '}' expecting {'(', '{'}
line 218:14 mismatched input '\ifExintVar' expecting {MODALITY, FORALL, EXISTS, '\if', '\ifEx', 'true', 'false', '(', '{', '@', NOT, SEQARROW, '-', STRING_LITERAL, CHAR_LITERAL, BIN_LITERAL, HEX_LITERAL, IDENT, INT_LITERAL, FLOAT_LITERAL, DOUBLE_LITERAL, REAL_LITERAL}
line 218:27 extraneous input '(' expecting {'\lemma', '}', IDENT, '/*!'}
line 218:31 mismatched input ')' expecting {'(', '{'}
line 220:44 mismatched input ')' expecting {'(', '{'}
line 225:14 mismatched input '\ifExintVar' expecting {MODALITY, FORALL, EXISTS, '\if', '\ifEx', 'true', 'false', '(', '{', '@', NOT, SEQARROW, '-', STRING_LITERAL, CHAR_LITERAL, BIN_LITERAL, HEX_LITERAL, IDENT, INT_LITERAL, FLOAT_LITERAL, DOUBLE_LITERAL, REAL_LITERAL}
line 225:27 extraneous input '(' expecting {'\lemma', '}', IDENT, '/*!'}
line 225:31 mismatched input ')' expecting {'(', '{'}
line 227:44 mismatched input ')' expecting {'(', '{'}
line 233:14 mismatched input '\ifExintVar' expecting {MODALITY, FORALL, EXISTS, '\if', '\ifEx', 'true', 'false', '(', '{', '@', NOT, SEQARROW, '-', STRING_LITERAL, CHAR_LITERAL, BIN_LITERAL, HEX_LITERAL, IDENT, INT_LITERAL, FLOAT_LITERAL, DOUBLE_LITERAL, REAL_LITERAL}
line 233:27 extraneous input '(' expecting {'\lemma', '}', IDENT, '/*!'}
line 233:31 mismatched input ')' expecting {'(', '{'}
line 237:42 mismatched input '}' expecting {'(', '{'}
line 238:34 mismatched input '}' expecting {'(', '{'}
line 239:28 extraneous input '(' expecting {'\lemma', '}', IDENT, '/*!'}
line 239:33 mismatched input '->' expecting {'(', '{'}
line 240:8 extraneous input '\replacewith' expecting {'\lemma', '}', IDENT, '/*!'}
line 240:25 mismatched input ')' expecting {'(', '{'}
line 240:56 mismatched input ')' expecting {'(', '{'}
line 245:14 mismatched input '\ifExintVar' expecting {MODALITY, FORALL, EXISTS, '\if', '\ifEx', 'true', 'false', '(', '{', '@', NOT, SEQARROW, '-', STRING_LITERAL, CHAR_LITERAL, BIN_LITERAL, HEX_LITERAL, IDENT, INT_LITERAL, FLOAT_LITERAL, DOUBLE_LITERAL, REAL_LITERAL}
line 245:27 extraneous input '(' expecting {'\lemma', '}', IDENT, '/*!'}
line 245:31 mismatched input ')' expecting {'(', '{'}
line 248:45 mismatched input '}' expecting {'(', '{'}
line 249:8 extraneous input '\replacewith' expecting {'\lemma', '}', IDENT, '/*!'}
line 249:38 mismatched input ')' expecting {'(', '{'}
line 250:42 mismatched input '}' expecting {'(', '{'}
line 251:28 extraneous input '(' expecting {'\lemma', '}', IDENT, '/*!'}
line 251:33 mismatched input '->' expecting {'(', '{'}
line 255:14 mismatched input '\ifExintVar' expecting {MODALITY, FORALL, EXISTS, '\if', '\ifEx', 'true', 'false', '(', '{', '@', NOT, SEQARROW, '-', STRING_LITERAL, CHAR_LITERAL, BIN_LITERAL, HEX_LITERAL, IDENT, INT_LITERAL, FLOAT_LITERAL, DOUBLE_LITERAL, REAL_LITERAL}
line 255:27 extraneous input '(' expecting {'\lemma', '}', IDENT, '/*!'}
line 255:31 mismatched input ')' expecting {'(', '{'}
line 258:52 extraneous input '0' expecting {'\lemma', '}', IDENT, '/*!'}
line 258:54 mismatched input 'then' expecting {<EOF>, '\problem', '\chooseContract', '\proofObligation', '\proof'}

	at de.uka.ilkd.key.control.AbstractUserInterfaceControl.load(AbstractUserInterfaceControl.java:221)
Caused by: de.uka.ilkd.key.proof.init.ProofInputException: line 135:14 mismatched input '\ifExintVar' expecting {MODALITY, FORALL, EXISTS, '\if', '\ifEx', 'true', 'false', '(', '{', '@', NOT, SEQARROW, '-', STRING_LITERAL, CHAR_LITERAL, BIN_LITERAL, HEX_LITERAL, IDENT, INT_LITERAL, FLOAT_LITERAL, DOUBLE_LITERAL, REAL_LITERAL}
line 135:27 extraneous input '(' expecting {'\lemma', '}', IDENT, '/*!'}
line 135:44 mismatched input ')' expecting {'(', '{'}
line 141:14 mismatched input '\ifExintVar' expecting {MODALITY, FORALL, EXISTS, '\if', '\ifEx', 'true', 'false', '(', '{', '@', NOT, SEQARROW, '-', STRING_LITERAL, CHAR_LITERAL, BIN_LITERAL, HEX_LITERAL, IDENT, INT_LITERAL, FLOAT_LITERAL, DOUBLE_LITERAL, REAL_LITERAL}
line 141:27 extraneous input '(' expecting {'\lemma', '}', IDENT, '/*!'}
line 141:41 mismatched input ')' expecting {'(', '{'}
line 148:14 mismatched input '\ifExintVar' expecting {MODALITY, FORALL, EXISTS, '\if', '\ifEx', 'true', 'false', '(', '{', '@', NOT, SEQARROW, '-', STRING_LITERAL, CHAR_LITERAL, BIN_LITERAL, HEX_LITERAL, IDENT, INT_LITERAL, FLOAT_LITERAL, DOUBLE_LITERAL, REAL_LITERAL}
line 148:27 extraneous input '(' expecting {'\lemma', '}', IDENT, '/*!'}
line 148:35 mismatched input '=' expecting {'(', '{'}
line 150:38 mismatched input '}' expecting {'(', '{'}
line 155:14 mismatched input '\ifExintVar' expecting {MODALITY, FORALL, EXISTS, '\if', '\ifEx', 'true', 'false', '(', '{', '@', NOT, SEQARROW, '-', STRING_LITERAL, CHAR_LITERAL, BIN_LITERAL, HEX_LITERAL, IDENT, INT_LITERAL, FLOAT_LITERAL, DOUBLE_LITERAL, REAL_LITERAL}
line 155:27 extraneous input '(' expecting {'\lemma', '}', IDENT, '/*!'}
line 155:35 mismatched input '=' expecting {'(', '{'}
line 157:38 mismatched input '}' expecting {'(', '{'}
line 163:14 mismatched input '\ifExintVar' expecting {MODALITY, FORALL, EXISTS, '\if', '\ifEx', 'true', 'false', '(', '{', '@', NOT, SEQARROW, '-', STRING_LITERAL, CHAR_LITERAL, BIN_LITERAL, HEX_LITERAL, IDENT, INT_LITERAL, FLOAT_LITERAL, DOUBLE_LITERAL, REAL_LITERAL}
line 163:27 extraneous input '(' expecting {'\lemma', '}', IDENT, '/*!'}
line 163:30 mismatched input '=' expecting {'(', '{'}
line 165:38 mismatched input '}' expecting {'(', '{'}
line 171:14 mismatched input '\ifExintVar' expecting {MODALITY, FORALL, EXISTS, '\if', '\ifEx', 'true', 'false', '(', '{', '@', NOT, SEQARROW, '-', STRING_LITERAL, CHAR_LITERAL, BIN_LITERAL, HEX_LITERAL, IDENT, INT_LITERAL, FLOAT_LITERAL, DOUBLE_LITERAL, REAL_LITERAL}
line 171:27 extraneous input '(' expecting {'\lemma', '}', IDENT, '/*!'}
line 171:30 mismatched input '=' expecting {'(', '{'}
line 173:38 mismatched input '}' expecting {'(', '{'}
line 179:14 mismatched input '\ifExintVar' expecting {MODALITY, FORALL, EXISTS, '\if', '\ifEx', 'true', 'false', '(', '{', '@', NOT, SEQARROW, '-', STRING_LITERAL, CHAR_LITERAL, BIN_LITERAL, HEX_LITERAL, IDENT, INT_LITERAL, FLOAT_LITERAL, DOUBLE_LITERAL, REAL_LITERAL}
line 179:27 extraneous input '(' expecting {'\lemma', '}', IDENT, '/*!'}
line 179:32 mismatched input '&' expecting {'(', '{'}
line 181:42 mismatched input '}' expecting {'(', '{'}
line 182:39 mismatched input '}' expecting {'(', '{'}
line 188:14 mismatched input '\ifExintVar' expecting {MODALITY, FORALL, EXISTS, '\if', '\ifEx', 'true', 'false', '(', '{', '@', NOT, SEQARROW, '-', STRING_LITERAL, CHAR_LITERAL, BIN_LITERAL, HEX_LITERAL, IDENT, INT_LITERAL, FLOAT_LITERAL, DOUBLE_LITERAL, REAL_LITERAL}
line 188:27 extraneous input '(' expecting {'\lemma', '}', IDENT, '/*!'}
line 188:32 mismatched input '&' expecting {'(', '{'}
line 190:42 mismatched input '}' expecting {'(', '{'}
line 191:39 mismatched input '}' expecting {'(', '{'}
line 198:14 mismatched input '\ifExintVar' expecting {MODALITY, FORALL, EXISTS, '\if', '\ifEx', 'true', 'false', '(', '{', '@', NOT, SEQARROW, '-', STRING_LITERAL, CHAR_LITERAL, BIN_LITERAL, HEX_LITERAL, IDENT, INT_LITERAL, FLOAT_LITERAL, DOUBLE_LITERAL, REAL_LITERAL}
line 198:27 extraneous input '(' expecting {'\lemma', '}', IDENT, '/*!'}
line 198:32 mismatched input '&' expecting {'(', '{'}
line 200:42 mismatched input '}' expecting {'(', '{'}
line 201:39 mismatched input '}' expecting {'(', '{'}
line 208:14 mismatched input '\ifExintVar' expecting {MODALITY, FORALL, EXISTS, '\if', '\ifEx', 'true', 'false', '(', '{', '@', NOT, SEQARROW, '-', STRING_LITERAL, CHAR_LITERAL, BIN_LITERAL, HEX_LITERAL, IDENT, INT_LITERAL, FLOAT_LITERAL, DOUBLE_LITERAL, REAL_LITERAL}
line 208:27 extraneous input '(' expecting {'\lemma', '}', IDENT, '/*!'}
line 208:32 mismatched input '&' expecting {'(', '{'}
line 210:42 mismatched input '}' expecting {'(', '{'}
line 211:39 mismatched input '}' expecting {'(', '{'}
line 218:14 mismatched input '\ifExintVar' expecting {MODALITY, FORALL, EXISTS, '\if', '\ifEx', 'true', 'false', '(', '{', '@', NOT, SEQARROW, '-', STRING_LITERAL, CHAR_LITERAL, BIN_LITERAL, HEX_LITERAL, IDENT, INT_LITERAL, FLOAT_LITERAL, DOUBLE_LITERAL, REAL_LITERAL}
line 218:27 extraneous input '(' expecting {'\lemma', '}', IDENT, '/*!'}
line 218:31 mismatched input ')' expecting {'(', '{'}
line 220:44 mismatched input ')' expecting {'(', '{'}
line 225:14 mismatched input '\ifExintVar' expecting {MODALITY, FORALL, EXISTS, '\if', '\ifEx', 'true', 'false', '(', '{', '@', NOT, SEQARROW, '-', STRING_LITERAL, CHAR_LITERAL, BIN_LITERAL, HEX_LITERAL, IDENT, INT_LITERAL, FLOAT_LITERAL, DOUBLE_LITERAL, REAL_LITERAL}
line 225:27 extraneous input '(' expecting {'\lemma', '}', IDENT, '/*!'}
line 225:31 mismatched input ')' expecting {'(', '{'}
line 227:44 mismatched input ')' expecting {'(', '{'}
line 233:14 mismatched input '\ifExintVar' expecting {MODALITY, FORALL, EXISTS, '\if', '\ifEx', 'true', 'false', '(', '{', '@', NOT, SEQARROW, '-', STRING_LITERAL, CHAR_LITERAL, BIN_LITERAL, HEX_LITERAL, IDENT, INT_LITERAL, FLOAT_LITERAL, DOUBLE_LITERAL, REAL_LITERAL}
line 233:27 extraneous input '(' expecting {'\lemma', '}', IDENT, '/*!'}
line 233:31 mismatched input ')' expecting {'(', '{'}
line 237:42 mismatched input '}' expecting {'(', '{'}
line 238:34 mismatched input '}' expecting {'(', '{'}
line 239:28 extraneous input '(' expecting {'\lemma', '}', IDENT, '/*!'}
line 239:33 mismatched input '->' expecting {'(', '{'}
line 240:8 extraneous input '\replacewith' expecting {'\lemma', '}', IDENT, '/*!'}
line 240:25 mismatched input ')' expecting {'(', '{'}
line 240:56 mismatched input ')' expecting {'(', '{'}
line 245:14 mismatched input '\ifExintVar' expecting {MODALITY, FORALL, EXISTS, '\if', '\ifEx', 'true', 'false', '(', '{', '@', NOT, SEQARROW, '-', STRING_LITERAL, CHAR_LITERAL, BIN_LITERAL, HEX_LITERAL, IDENT, INT_LITERAL, FLOAT_LITERAL, DOUBLE_LITERAL, REAL_LITERAL}
line 245:27 extraneous input '(' expecting {'\lemma', '}', IDENT, '/*!'}
line 245:31 mismatched input ')' expecting {'(', '{'}
line 248:45 mismatched input '}' expecting {'(', '{'}
line 249:8 extraneous input '\replacewith' expecting {'\lemma', '}', IDENT, '/*!'}
line 249:38 mismatched input ')' expecting {'(', '{'}
line 250:42 mismatched input '}' expecting {'(', '{'}
line 251:28 extraneous input '(' expecting {'\lemma', '}', IDENT, '/*!'}
line 251:33 mismatched input '->' expecting {'(', '{'}
line 255:14 mismatched input '\ifExintVar' expecting {MODALITY, FORALL, EXISTS, '\if', '\ifEx', 'true', 'false', '(', '{', '@', NOT, SEQARROW, '-', STRING_LITERAL, CHAR_LITERAL, BIN_LITERAL, HEX_LITERAL, IDENT, INT_LITERAL, FLOAT_LITERAL, DOUBLE_LITERAL, REAL_LITERAL}
line 255:27 extraneous input '(' expecting {'\lemma', '}', IDENT, '/*!'}
line 255:31 mismatched input ')' expecting {'(', '{'}
line 258:52 extraneous input '0' expecting {'\lemma', '}', IDENT, '/*!'}
line 258:54 mismatched input 'then' expecting {<EOF>, '\problem', '\chooseContract', '\proofObligation', '\proof'}

	at de.uka.ilkd.key.proof.io.KeYFile.readIncludes(KeYFile.java:210)
Caused by: de.uka.ilkd.key.util.parsing.SyntaxErrorReporter$ParserException: line 135:14 mismatched input '\ifExintVar' expecting {MODALITY, FORALL, EXISTS, '\if', '\ifEx', 'true', 'false', '(', '{', '@', NOT, SEQARROW, '-', STRING_LITERAL, CHAR_LITERAL, BIN_LITERAL, HEX_LITERAL, IDENT, INT_LITERAL, FLOAT_LITERAL, DOUBLE_LITERAL, REAL_LITERAL}
line 135:27 extraneous input '(' expecting {'\lemma', '}', IDENT, '/*!'}
line 135:44 mismatched input ')' expecting {'(', '{'}
line 141:14 mismatched input '\ifExintVar' expecting {MODALITY, FORALL, EXISTS, '\if', '\ifEx', 'true', 'false', '(', '{', '@', NOT, SEQARROW, '-', STRING_LITERAL, CHAR_LITERAL, BIN_LITERAL, HEX_LITERAL, IDENT, INT_LITERAL, FLOAT_LITERAL, DOUBLE_LITERAL, REAL_LITERAL}
line 141:27 extraneous input '(' expecting {'\lemma', '}', IDENT, '/*!'}
line 141:41 mismatched input ')' expecting {'(', '{'}
line 148:14 mismatched input '\ifExintVar' expecting {MODALITY, FORALL, EXISTS, '\if', '\ifEx', 'true', 'false', '(', '{', '@', NOT, SEQARROW, '-', STRING_LITERAL, CHAR_LITERAL, BIN_LITERAL, HEX_LITERAL, IDENT, INT_LITERAL, FLOAT_LITERAL, DOUBLE_LITERAL, REAL_LITERAL}
line 148:27 extraneous input '(' expecting {'\lemma', '}', IDENT, '/*!'}
line 148:35 mismatched input '=' expecting {'(', '{'}
line 150:38 mismatched input '}' expecting {'(', '{'}
line 155:14 mismatched input '\ifExintVar' expecting {MODALITY, FORALL, EXISTS, '\if', '\ifEx', 'true', 'false', '(', '{', '@', NOT, SEQARROW, '-', STRING_LITERAL, CHAR_LITERAL, BIN_LITERAL, HEX_LITERAL, IDENT, INT_LITERAL, FLOAT_LITERAL, DOUBLE_LITERAL, REAL_LITERAL}
line 155:27 extraneous input '(' expecting {'\lemma', '}', IDENT, '/*!'}
line 155:35 mismatched input '=' expecting {'(', '{'}
line 157:38 mismatched input '}' expecting {'(', '{'}
line 163:14 mismatched input '\ifExintVar' expecting {MODALITY, FORALL, EXISTS, '\if', '\ifEx', 'true', 'false', '(', '{', '@', NOT, SEQARROW, '-', STRING_LITERAL, CHAR_LITERAL, BIN_LITERAL, HEX_LITERAL, IDENT, INT_LITERAL, FLOAT_LITERAL, DOUBLE_LITERAL, REAL_LITERAL}
line 163:27 extraneous input '(' expecting {'\lemma', '}', IDENT, '/*!'}
line 163:30 mismatched input '=' expecting {'(', '{'}
line 165:38 mismatched input '}' expecting {'(', '{'}
line 171:14 mismatched input '\ifExintVar' expecting {MODALITY, FORALL, EXISTS, '\if', '\ifEx', 'true', 'false', '(', '{', '@', NOT, SEQARROW, '-', STRING_LITERAL, CHAR_LITERAL, BIN_LITERAL, HEX_LITERAL, IDENT, INT_LITERAL, FLOAT_LITERAL, DOUBLE_LITERAL, REAL_LITERAL}
line 171:27 extraneous input '(' expecting {'\lemma', '}', IDENT, '/*!'}
line 171:30 mismatched input '=' expecting {'(', '{'}
line 173:38 mismatched input '}' expecting {'(', '{'}
line 179:14 mismatched input '\ifExintVar' expecting {MODALITY, FORALL, EXISTS, '\if', '\ifEx', 'true', 'false', '(', '{', '@', NOT, SEQARROW, '-', STRING_LITERAL, CHAR_LITERAL, BIN_LITERAL, HEX_LITERAL, IDENT, INT_LITERAL, FLOAT_LITERAL, DOUBLE_LITERAL, REAL_LITERAL}
line 179:27 extraneous input '(' expecting {'\lemma', '}', IDENT, '/*!'}
line 179:32 mismatched input '&' expecting {'(', '{'}
line 181:42 mismatched input '}' expecting {'(', '{'}
line 182:39 mismatched input '}' expecting {'(', '{'}
line 188:14 mismatched input '\ifExintVar' expecting {MODALITY, FORALL, EXISTS, '\if', '\ifEx', 'true', 'false', '(', '{', '@', NOT, SEQARROW, '-', STRING_LITERAL, CHAR_LITERAL, BIN_LITERAL, HEX_LITERAL, IDENT, INT_LITERAL, FLOAT_LITERAL, DOUBLE_LITERAL, REAL_LITERAL}
line 188:27 extraneous input '(' expecting {'\lemma', '}', IDENT, '/*!'}
line 188:32 mismatched input '&' expecting {'(', '{'}
line 190:42 mismatched input '}' expecting {'(', '{'}
line 191:39 mismatched input '}' expecting {'(', '{'}
line 198:14 mismatched input '\ifExintVar' expecting {MODALITY, FORALL, EXISTS, '\if', '\ifEx', 'true', 'false', '(', '{', '@', NOT, SEQARROW, '-', STRING_LITERAL, CHAR_LITERAL, BIN_LITERAL, HEX_LITERAL, IDENT, INT_LITERAL, FLOAT_LITERAL, DOUBLE_LITERAL, REAL_LITERAL}
line 198:27 extraneous input '(' expecting {'\lemma', '}', IDENT, '/*!'}
line 198:32 mismatched input '&' expecting {'(', '{'}
line 200:42 mismatched input '}' expecting {'(', '{'}
line 201:39 mismatched input '}' expecting {'(', '{'}
line 208:14 mismatched input '\ifExintVar' expecting {MODALITY, FORALL, EXISTS, '\if', '\ifEx', 'true', 'false', '(', '{', '@', NOT, SEQARROW, '-', STRING_LITERAL, CHAR_LITERAL, BIN_LITERAL, HEX_LITERAL, IDENT, INT_LITERAL, FLOAT_LITERAL, DOUBLE_LITERAL, REAL_LITERAL}
line 208:27 extraneous input '(' expecting {'\lemma', '}', IDENT, '/*!'}
line 208:32 mismatched input '&' expecting {'(', '{'}
line 210:42 mismatched input '}' expecting {'(', '{'}
line 211:39 mismatched input '}' expecting {'(', '{'}
line 218:14 mismatched input '\ifExintVar' expecting {MODALITY, FORALL, EXISTS, '\if', '\ifEx', 'true', 'false', '(', '{', '@', NOT, SEQARROW, '-', STRING_LITERAL, CHAR_LITERAL, BIN_LITERAL, HEX_LITERAL, IDENT, INT_LITERAL, FLOAT_LITERAL, DOUBLE_LITERAL, REAL_LITERAL}
line 218:27 extraneous input '(' expecting {'\lemma', '}', IDENT, '/*!'}
line 218:31 mismatched input ')' expecting {'(', '{'}
line 220:44 mismatched input ')' expecting {'(', '{'}
line 225:14 mismatched input '\ifExintVar' expecting {MODALITY, FORALL, EXISTS, '\if', '\ifEx', 'true', 'false', '(', '{', '@', NOT, SEQARROW, '-', STRING_LITERAL, CHAR_LITERAL, BIN_LITERAL, HEX_LITERAL, IDENT, INT_LITERAL, FLOAT_LITERAL, DOUBLE_LITERAL, REAL_LITERAL}
line 225:27 extraneous input '(' expecting {'\lemma', '}', IDENT, '/*!'}
line 225:31 mismatched input ')' expecting {'(', '{'}
line 227:44 mismatched input ')' expecting {'(', '{'}
line 233:14 mismatched input '\ifExintVar' expecting {MODALITY, FORALL, EXISTS, '\if', '\ifEx', 'true', 'false', '(', '{', '@', NOT, SEQARROW, '-', STRING_LITERAL, CHAR_LITERAL, BIN_LITERAL, HEX_LITERAL, IDENT, INT_LITERAL, FLOAT_LITERAL, DOUBLE_LITERAL, REAL_LITERAL}
line 233:27 extraneous input '(' expecting {'\lemma', '}', IDENT, '/*!'}
line 233:31 mismatched input ')' expecting {'(', '{'}
line 237:42 mismatched input '}' expecting {'(', '{'}
line 238:34 mismatched input '}' expecting {'(', '{'}
line 239:28 extraneous input '(' expecting {'\lemma', '}', IDENT, '/*!'}
line 239:33 mismatched input '->' expecting {'(', '{'}
line 240:8 extraneous input '\replacewith' expecting {'\lemma', '}', IDENT, '/*!'}
line 240:25 mismatched input ')' expecting {'(', '{'}
line 240:56 mismatched input ')' expecting {'(', '{'}
line 245:14 mismatched input '\ifExintVar' expecting {MODALITY, FORALL, EXISTS, '\if', '\ifEx', 'true', 'false', '(', '{', '@', NOT, SEQARROW, '-', STRING_LITERAL, CHAR_LITERAL, BIN_LITERAL, HEX_LITERAL, IDENT, INT_LITERAL, FLOAT_LITERAL, DOUBLE_LITERAL, REAL_LITERAL}
line 245:27 extraneous input '(' expecting {'\lemma', '}', IDENT, '/*!'}
line 245:31 mismatched input ')' expecting {'(', '{'}
line 248:45 mismatched input '}' expecting {'(', '{'}
line 249:8 extraneous input '\replacewith' expecting {'\lemma', '}', IDENT, '/*!'}
line 249:38 mismatched input ')' expecting {'(', '{'}
line 250:42 mismatched input '}' expecting {'(', '{'}
line 251:28 extraneous input '(' expecting {'\lemma', '}', IDENT, '/*!'}
line 251:33 mismatched input '->' expecting {'(', '{'}
line 255:14 mismatched input '\ifExintVar' expecting {MODALITY, FORALL, EXISTS, '\if', '\ifEx', 'true', 'false', '(', '{', '@', NOT, SEQARROW, '-', STRING_LITERAL, CHAR_LITERAL, BIN_LITERAL, HEX_LITERAL, IDENT, INT_LITERAL, FLOAT_LITERAL, DOUBLE_LITERAL, REAL_LITERAL}
line 255:27 extraneous input '(' expecting {'\lemma', '}', IDENT, '/*!'}
line 255:31 mismatched input ')' expecting {'(', '{'}
line 258:52 extraneous input '0' expecting {'\lemma', '}', IDENT, '/*!'}
line 258:54 mismatched input 'then' expecting {<EOF>, '\problem', '\chooseContract', '\proofObligation', '\proof'}

	at de.uka.ilkd.key.util.parsing.SyntaxErrorReporter.throwException(SyntaxErrorReporter.java:89)

303065     WARN  Test worker     d.u.i.k.n.KeYParser       [syntax-error] file:/home/runner/work/key/key/key.core/build/resources/main/de/uka/ilkd/key/proof/rules/ifThenElseRules.key:135:14: mismatched input '\ifExintVar' expecting {MODALITY, FORALL, EXISTS, '\if', '\ifEx', 'true', 'false', '(', '{', '@', NOT, SEQARROW, '-', STRING_LITERAL, CHAR_LITERAL, BIN_LITERAL, HEX_LITERAL, IDENT, INT_LITERAL, FLOAT_LITERAL, DOUBLE_LITERAL, REAL_LITERAL} [@745,3563:3573='\ifExintVar',<188>,135:14] (termorseq, taclet, rulesOrAxioms, decls, file) 
303070     WARN  Test worker     d.u.i.k.n.KeYParser       [syntax-error] file:/home/runner/work/key/key/key.core/build/resources/main/de/uka/ilkd/key/proof/rules/ifThenElseRules.key:135:27: extraneous input '(' expecting {'\lemma', '}', IDENT, '/*!'} [@748,3576:3576='(',<146>,135:27] (rulesOrAxioms, decls, file) 
303071     WARN  Test worker     d.u.i.k.n.KeYParser       [syntax-error] file:/home/runner/work/key/key/key.core/build/resources/main/de/uka/ilkd/key/proof/rules/ifThenElseRules.key:135:44: mismatched input ')' expecting {'(', '{'} [@754,3593:3593=')',<147>,135:44] (taclet, rulesOrAxioms, decls, file) 
303071     WARN  Test worker     d.u.i.k.n.KeYParser       [syntax-error] file:/home/runner/work/key/key/key.core/build/resources/main/de/uka/ilkd/key/proof/rules/ifThenElseRules.key:141:14: mismatched input '\ifExintVar' expecting {MODALITY, FORALL, EXISTS, '\if', '\ifEx', 'true', 'false', '(', '{', '@', NOT, SEQARROW, '-', STRING_LITERAL, CHAR_LITERAL, BIN_LITERAL, HEX_LITERAL, IDENT, INT_LITERAL, FLOAT_LITERAL, DOUBLE_LITERAL, REAL_LITERAL} [@780,3716:3726='\ifExintVar',<188>,141:14] (termorseq, taclet, rulesOrAxioms, decls, file) 
303071     WARN  Test worker     d.u.i.k.n.KeYParser       [syntax-error] file:/home/runner/work/key/key/key.core/build/resources/main/de/uka/ilkd/key/proof/rules/ifThenElseRules.key:141:27: extraneous input '(' expecting {'\lemma', '}', IDENT, '/*!'} [@783,3729:3729='(',<146>,141:27] (rulesOrAxioms, decls, file) 
303071     WARN  Test worker     d.u.i.k.n.KeYParser       [syntax-error] file:/home/runner/work/key/key/key.core/build/resources/main/de/uka/ilkd/key/proof/rules/ifThenElseRules.key:141:41: mismatched input ')' expecting {'(', '{'} [@789,3743:3743=')',<147>,141:41] (taclet, rulesOrAxioms, decls, file) 
303071     WARN  Test worker     d.u.i.k.n.KeYParser       [syntax-error] file:/home/runner/work/key/key/key.core/build/resources/main/de/uka/ilkd/key/proof/rules/ifThenElseRules.key:148:14: mismatched input '\ifExintVar' expecting {MODALITY, FORALL, EXISTS, '\if', '\ifEx', 'true', 'false', '(', '{', '@', NOT, SEQARROW, '-', STRING_LITERAL, CHAR_LITERAL, BIN_LITERAL, HEX_LITERAL, IDENT, INT_LITERAL, FLOAT_LITERAL, DOUBLE_LITERAL, REAL_LITERAL} [@819,3896:3906='\ifExintVar',<188>,148:14] (termorseq, taclet, rulesOrAxioms, decls, file) 
303071     WARN  Test worker     d.u.i.k.n.KeYParser       [syntax-error] file:/home/runner/work/key/key/key.core/build/resources/main/de/uka/ilkd/key/proof/rules/ifThenElseRules.key:148:27: extraneous input '(' expecting {'\lemma', '}', IDENT, '/*!'} [@822,3909:3909='(',<146>,148:27] (rulesOrAxioms, decls, file) 
303071     WARN  Test worker     d.u.i.k.n.KeYParser       [syntax-error] file:/home/runner/work/key/key/key.core/build/resources/main/de/uka/ilkd/key/proof/rules/ifThenElseRules.key:148:35: mismatched input '=' expecting {'(', '{'} [@825,3917:3917='=',<159>,148:35] (taclet, rulesOrAxioms, decls, file) 
303071     WARN  Test worker     d.u.i.k.n.KeYParser       [syntax-error] file:/home/runner/work/key/key/key.core/build/resources/main/de/uka/ilkd/key/proof/rules/ifThenElseRules.key:150:38: mismatched input '}' expecting {'(', '{'} [@859,4023:4023='}',<149>,150:38] (taclet, rulesOrAxioms, decls, file) 
303072     WARN  Test worker     d.u.i.k.n.KeYParser       [syntax-error] file:/home/runner/work/key/key/key.core/build/resources/main/de/uka/ilkd/key/proof/rules/ifThenElseRules.key:155:14: mismatched input '\ifExintVar' expecting {MODALITY, FORALL, EXISTS, '\if', '\ifEx', 'true', 'false', '(', '{', '@', NOT, SEQARROW, '-', STRING_LITERAL, CHAR_LITERAL, BIN_LITERAL, HEX_LITERAL, IDENT, INT_LITERAL, FLOAT_LITERAL, DOUBLE_LITERAL, REAL_LITERAL} [@877,4109:4119='\ifExintVar',<188>,155:14] (termorseq, taclet, rulesOrAxioms, decls, file) 
303072     WARN  Test worker     d.u.i.k.n.KeYParser       [syntax-error] file:/home/runner/work/key/key/key.core/build/resources/main/de/uka/ilkd/key/proof/rules/ifThenElseRules.key:155:27: extraneous input '(' expecting {'\lemma', '}', IDENT, '/*!'} [@880,4122:4122='(',<146>,155:27] (rulesOrAxioms, decls, file) 
303072     WARN  Test worker     d.u.i.k.n.KeYParser       [syntax-error] file:/home/runner/work/key/key/key.core/build/resources/main/de/uka/ilkd/key/proof/rules/ifThenElseRules.key:155:35: mismatched input '=' expecting {'(', '{'} [@883,4130:4130='=',<159>,155:35] (taclet, rulesOrAxioms, decls, file) 
303072     WARN  Test worker     d.u.i.k.n.KeYParser       [syntax-error] file:/home/runner/work/key/key/key.core/build/resources/main/de/uka/ilkd/key/proof/rules/ifThenElseRules.key:157:38: mismatched input '}' expecting {'(', '{'} [@917,4230:4230='}',<149>,157:38] (taclet, rulesOrAxioms, decls, file) 
303072     WARN  Test worker     d.u.i.k.n.KeYParser       [syntax-error] file:/home/runner/work/key/key/key.core/build/resources/main/de/uka/ilkd/key/proof/rules/ifThenElseRules.key:163:14: mismatched input '\ifExintVar' expecting {MODALITY, FORALL, EXISTS, '\if', '\ifEx', 'true', 'false', '(', '{', '@', NOT, SEQARROW, '-', STRING_LITERAL, CHAR_LITERAL, BIN_LITERAL, HEX_LITERAL, IDENT, INT_LITERAL, FLOAT_LITERAL, DOUBLE_LITERAL, REAL_LITERAL} [@939,4350:4360='\ifExintVar',<188>,163:14] (termorseq, taclet, rulesOrAxioms, decls, file) 
303072     WARN  Test worker     d.u.i.k.n.KeYParser       [syntax-error] file:/home/runner/work/key/key/key.core/build/resources/main/de/uka/ilkd/key/proof/rules/ifThenElseRules.key:163:27: extraneous input '(' expecting {'\lemma', '}', IDENT, '/*!'} [@942,4363:4363='(',<146>,163:27] (rulesOrAxioms, decls, file) 
303072     WARN  Test worker     d.u.i.k.n.KeYParser       [syntax-error] file:/home/runner/work/key/key/key.core/build/resources/main/de/uka/ilkd/key/proof/rules/ifThenElseRules.key:163:30: mismatched input '=' expecting {'(', '{'} [@945,4366:4366='=',<159>,163:30] (taclet, rulesOrAxioms, decls, file) 
303072     WARN  Test worker     d.u.i.k.n.KeYParser       [syntax-error] file:/home/runner/work/key/key/key.core/build/resources/main/de/uka/ilkd/key/proof/rules/ifThenElseRules.key:165:38: mismatched input '}' expecting {'(', '{'} [@979,4477:4477='}',<149>,165:38] (taclet, rulesOrAxioms, decls, file) 
303072     WARN  Test worker     d.u.i.k.n.KeYParser       [syntax-error] file:/home/runner/work/key/key/key.core/build/resources/main/de/uka/ilkd/key/proof/rules/ifThenElseRules.key:171:14: mismatched input '\ifExintVar' expecting {MODALITY, FORALL, EXISTS, '\if', '\ifEx', 'true', 'false', '(', '{', '@', NOT, SEQARROW, '-', STRING_LITERAL, CHAR_LITERAL, BIN_LITERAL, HEX_LITERAL, IDENT, INT_LITERAL, FLOAT_LITERAL, DOUBLE_LITERAL, REAL_LITERAL} [@1001,4604:4614='\ifExintVar',<188>,171:14] (termorseq, taclet, rulesOrAxioms, decls, file) 
303073     WARN  Test worker     d.u.i.k.n.KeYParser       [syntax-error] file:/home/runner/work/key/key/key.core/build/resources/main/de/uka/ilkd/key/proof/rules/ifThenElseRules.key:171:27: extraneous input '(' expecting {'\lemma', '}', IDENT, '/*!'} [@1004,4617:4617='(',<146>,171:27] (rulesOrAxioms, decls, file) 
303073     WARN  Test worker     d.u.i.k.n.KeYParser       [syntax-error] file:/home/runner/work/key/key/key.core/build/resources/main/de/uka/ilkd/key/proof/rules/ifThenElseRules.key:171:30: mismatched input '=' expecting {'(', '{'} [@1007,4620:4620='=',<159>,171:30] (taclet, rulesOrAxioms, decls, file) 
303073     WARN  Test worker     d.u.i.k.n.KeYParser       [syntax-error] file:/home/runner/work/key/key/key.core/build/resources/main/de/uka/ilkd/key/proof/rules/ifThenElseRules.key:173:38: mismatched input '}' expecting {'(', '{'} [@1041,4725:4725='}',<149>,173:38] (taclet, rulesOrAxioms, decls, file) 
303073     WARN  Test worker     d.u.i.k.n.KeYParser       [syntax-error] file:/home/runner/work/key/key/key.core/build/resources/main/de/uka/ilkd/key/proof/rules/ifThenElseRules.key:179:14: mismatched input '\ifExintVar' expecting {MODALITY, FORALL, EXISTS, '\if', '\ifEx', 'true', 'false', '(', '{', '@', NOT, SEQARROW, '-', STRING_LITERAL, CHAR_LITERAL, BIN_LITERAL, HEX_LITERAL, IDENT, INT_LITERAL, FLOAT_LITERAL, DOUBLE_LITERAL, REAL_LITERAL} [@1063,4848:4858='\ifExintVar',<188>,179:14] (termorseq, taclet, rulesOrAxioms, decls, file) 
303073     WARN  Test worker     d.u.i.k.n.KeYParser       [syntax-error] file:/home/runner/work/key/key/key.core/build/resources/main/de/uka/ilkd/key/proof/rules/ifThenElseRules.key:179:27: extraneous input '(' expecting {'\lemma', '}', IDENT, '/*!'} [@1066,4861:4861='(',<146>,179:27] (rulesOrAxioms, decls, file) 
303073     WARN  Test worker     d.u.i.k.n.KeYParser       [syntax-error] file:/home/runner/work/key/key/key.core/build/resources/main/de/uka/ilkd/key/proof/rules/ifThenElseRules.key:179:32: mismatched input '&' expecting {'(', '{'} [@1069,4866:4866='&',<156>,179:32] (taclet, rulesOrAxioms, decls, file) 
303073     WARN  Test worker     d.u.i.k.n.KeYParser       [syntax-error] file:/home/runner/work/key/key/key.core/build/resources/main/de/uka/ilkd/key/proof/rules/ifThenElseRules.key:181:42: mismatched input '}' expecting {'(', '{'} [@1109,4985:4985='}',<149>,181:42] (taclet, rulesOrAxioms, decls, file) 
303073     WARN  Test worker     d.u.i.k.n.KeYParser       [syntax-error] file:/home/runner/work/key/key/key.core/build/resources/main/de/uka/ilkd/key/proof/rules/ifThenElseRules.key:182:39: mismatched input '}' expecting {'(', '{'} [@1122,5030:5030='}',<149>,182:39] (taclet, rulesOrAxioms, decls, file) 
303073     WARN  Test worker     d.u.i.k.n.KeYParser       [syntax-error] file:/home/runner/work/key/key/key.core/build/resources/main/de/uka/ilkd/key/proof/rules/ifThenElseRules.key:188:14: mismatched input '\ifExintVar' expecting {MODALITY, FORALL, EXISTS, '\if', '\ifEx', 'true', 'false', '(', '{', '@', NOT, SEQARROW, '-', STRING_LITERAL, CHAR_LITERAL, BIN_LITERAL, HEX_LITERAL, IDENT, INT_LITERAL, FLOAT_LITERAL, DOUBLE_LITERAL, REAL_LITERAL} [@1146,5149:5159='\ifExintVar',<188>,188:14] (termorseq, taclet, rulesOrAxioms, decls, file) 
303074     WARN  Test worker     d.u.i.k.n.KeYParser       [syntax-error] file:/home/runner/work/key/key/key.core/build/resources/main/de/uka/ilkd/key/proof/rules/ifThenElseRules.key:188:27: extraneous input '(' expecting {'\lemma', '}', IDENT, '/*!'} [@1149,5162:5162='(',<146>,188:27] (rulesOrAxioms, decls, file) 
303074     WARN  Test worker     d.u.i.k.n.KeYParser       [syntax-error] file:/home/runner/work/key/key/key.core/build/resources/main/de/uka/ilkd/key/proof/rules/ifThenElseRules.key:188:32: mismatched input '&' expecting {'(', '{'} [@1152,5167:5167='&',<156>,188:32] (taclet, rulesOrAxioms, decls, file) 
303074     WARN  Test worker     d.u.i.k.n.KeYParser       [syntax-error] file:/home/runner/work/key/key/key.core/build/resources/main/de/uka/ilkd/key/proof/rules/ifThenElseRules.key:190:42: mismatched input '}' expecting {'(', '{'} [@1192,5280:5280='}',<149>,190:42] (taclet, rulesOrAxioms, decls, file) 
303074     WARN  Test worker     d.u.i.k.n.KeYParser       [syntax-error] file:/home/runner/work/key/key/key.core/build/resources/main/de/uka/ilkd/key/proof/rules/ifThenElseRules.key:191:39: mismatched input '}' expecting {'(', '{'} [@1205,5325:5325='}',<149>,191:39] (taclet, rulesOrAxioms, decls, file) 
303074     WARN  Test worker     d.u.i.k.n.KeYParser       [syntax-error] file:/home/runner/work/key/key/key.core/build/resources/main/de/uka/ilkd/key/proof/rules/ifThenElseRules.key:198:14: mismatched input '\ifExintVar' expecting {MODALITY, FORALL, EXISTS, '\if', '\ifEx', 'true', 'false', '(', '{', '@', NOT, SEQARROW, '-', STRING_LITERAL, CHAR_LITERAL, BIN_LITERAL, HEX_LITERAL, IDENT, INT_LITERAL, FLOAT_LITERAL, DOUBLE_LITERAL, REAL_LITERAL} [@1233,5475:5485='\ifExintVar',<188>,198:14] (termorseq, taclet, rulesOrAxioms, decls, file) 
303074     WARN  Test worker     d.u.i.k.n.KeYParser       [syntax-error] file:/home/runner/work/key/key/key.core/build/resources/main/de/uka/ilkd/key/proof/rules/ifThenElseRules.key:198:27: extraneous input '(' expecting {'\lemma', '}', IDENT, '/*!'} [@1236,5488:5488='(',<146>,198:27] (rulesOrAxioms, decls, file) 
303074     WARN  Test worker     d.u.i.k.n.KeYParser       [syntax-error] file:/home/runner/work/key/key/key.core/build/resources/main/de/uka/ilkd/key/proof/rules/ifThenElseRules.key:198:32: mismatched input '&' expecting {'(', '{'} [@1239,5493:5493='&',<156>,198:32] (taclet, rulesOrAxioms, decls, file) 
303074     WARN  Test worker     d.u.i.k.n.KeYParser       [syntax-error] file:/home/runner/work/key/key/key.core/build/resources/main/de/uka/ilkd/key/proof/rules/ifThenElseRules.key:200:42: mismatched input '}' expecting {'(', '{'} [@1279,5612:5612='}',<149>,200:42] (taclet, rulesOrAxioms, decls, file) 
303074     WARN  Test worker     d.u.i.k.n.KeYParser       [syntax-error] file:/home/runner/work/key/key/key.core/build/resources/main/de/uka/ilkd/key/proof/rules/ifThenElseRules.key:201:39: mismatched input '}' expecting {'(', '{'} [@1292,5657:5657='}',<149>,201:39] (taclet, rulesOrAxioms, decls, file) 
303075     WARN  Test worker     d.u.i.k.n.KeYParser       [syntax-error] file:/home/runner/work/key/key/key.core/build/resources/main/de/uka/ilkd/key/proof/rules/ifThenElseRules.key:208:14: mismatched input '\ifExintVar' expecting {MODALITY, FORALL, EXISTS, '\if', '\ifEx', 'true', 'false', '(', '{', '@', NOT, SEQARROW, '-', STRING_LITERAL, CHAR_LITERAL, BIN_LITERAL, HEX_LITERAL, IDENT, INT_LITERAL, FLOAT_LITERAL, DOUBLE_LITERAL, REAL_LITERAL} [@1320,5817:5827='\ifExintVar',<188>,208:14] (termorseq, taclet, rulesOrAxioms, decls, file) 
303075     WARN  Test worker     d.u.i.k.n.KeYParser       [syntax-error] file:/home/runner/work/key/key/key.core/build/resources/main/de/uka/ilkd/key/proof/rules/ifThenElseRules.key:208:27: extraneous input '(' expecting {'\lemma', '}', IDENT, '/*!'} [@1323,5830:5830='(',<146>,208:27] (rulesOrAxioms, decls, file) 
303075     WARN  Test worker     d.u.i.k.n.KeYParser       [syntax-error] file:/home/runner/work/key/key/key.core/build/resources/main/de/uka/ilkd/key/proof/rules/ifThenElseRules.key:208:32: mismatched input '&' expecting {'(', '{'} [@1326,5835:5835='&',<156>,208:32] (taclet, rulesOrAxioms, decls, file) 
303075     WARN  Test worker     d.u.i.k.n.KeYParser       [syntax-error] file:/home/runner/work/key/key/key.core/build/resources/main/de/uka/ilkd/key/proof/rules/ifThenElseRules.key:210:42: mismatched input '}' expecting {'(', '{'} [@1366,5948:5948='}',<149>,210:42] (taclet, rulesOrAxioms, decls, file) 
303075     WARN  Test worker     d.u.i.k.n.KeYParser       [syntax-error] file:/home/runner/work/key/key/key.core/build/resources/main/de/uka/ilkd/key/proof/rules/ifThenElseRules.key:211:39: mismatched input '}' expecting {'(', '{'} [@1379,5993:5993='}',<149>,211:39] (taclet, rulesOrAxioms, decls, file) 
303075     WARN  Test worker     d.u.i.k.n.KeYParser       [syntax-error] file:/home/runner/work/key/key/key.core/build/resources/main/de/uka/ilkd/key/proof/rules/ifThenElseRules.key:218:14: mismatched input '\ifExintVar' expecting {MODALITY, FORALL, EXISTS, '\if', '\ifEx', 'true', 'false', '(', '{', '@', NOT, SEQARROW, '-', STRING_LITERAL, CHAR_LITERAL, BIN_LITERAL, HEX_LITERAL, IDENT, INT_LITERAL, FLOAT_LITERAL, DOUBLE_LITERAL, REAL_LITERAL} [@1407,6146:6156='\ifExintVar',<188>,218:14] (termorseq, taclet, rulesOrAxioms, decls, file) 
303075     WARN  Test worker     d.u.i.k.n.KeYParser       [syntax-error] file:/home/runner/work/key/key/key.core/build/resources/main/de/uka/ilkd/key/proof/rules/ifThenElseRules.key:218:27: extraneous input '(' expecting {'\lemma', '}', IDENT, '/*!'} [@1410,6159:6159='(',<146>,218:27] (rulesOrAxioms, decls, file) 
303077     WARN  Test worker     d.u.i.k.n.KeYParser       [syntax-error] file:/home/runner/work/key/key/key.core/build/resources/main/de/uka/ilkd/key/proof/rules/ifThenElseRules.key:218:31: mismatched input ')' expecting {'(', '{'} [@1412,6163:6163=')',<147>,218:31] (taclet, rulesOrAxioms, decls, file) 
303077     WARN  Test worker     d.u.i.k.n.KeYParser       [syntax-error] file:/home/runner/work/key/key/key.core/build/resources/main/de/uka/ilkd/key/proof/rules/ifThenElseRules.key:220:44: mismatched input ')' expecting {'(', '{'} [@1444,6275:6275=')',<147>,220:44] (taclet, rulesOrAxioms, decls, file) 
303077     WARN  Test worker     d.u.i.k.n.KeYParser       [syntax-error] file:/home/runner/work/key/key/key.core/build/resources/main/de/uka/ilkd/key/proof/rules/ifThenElseRules.key:225:14: mismatched input '\ifExintVar' expecting {MODALITY, FORALL, EXISTS, '\if', '\ifEx', 'true', 'false', '(', '{', '@', NOT, SEQARROW, '-', STRING_LITERAL, CHAR_LITERAL, BIN_LITERAL, HEX_LITERAL, IDENT, INT_LITERAL, FLOAT_LITERAL, DOUBLE_LITERAL, REAL_LITERAL} [@1471,6389:6399='\ifExintVar',<188>,225:14] (termorseq, taclet, rulesOrAxioms, decls, file) 
303077     WARN  Test worker     d.u.i.k.n.KeYParser       [syntax-error] file:/home/runner/work/key/key/key.core/build/resources/main/de/uka/ilkd/key/proof/rules/ifThenElseRules.key:225:27: extraneous input '(' expecting {'\lemma', '}', IDENT, '/*!'} [@1474,6402:6402='(',<146>,225:27] (rulesOrAxioms, decls, file) 
303077     WARN  Test worker     d.u.i.k.n.KeYParser       [syntax-error] file:/home/runner/work/key/key/key.core/build/resources/main/de/uka/ilkd/key/proof/rules/ifThenElseRules.key:225:31: mismatched input ')' expecting {'(', '{'} [@1476,6406:6406=')',<147>,225:31] (taclet, rulesOrAxioms, decls, file) 
303077     WARN  Test worker     d.u.i.k.n.KeYParser       [syntax-error] file:/home/runner/work/key/key/key.core/build/resources/main/de/uka/ilkd/key/proof/rules/ifThenElseRules.key:227:44: mismatched input ')' expecting {'(', '{'} [@1508,6509:6509=')',<147>,227:44] (taclet, rulesOrAxioms, decls, file) 
303077     WARN  Test worker     d.u.i.k.n.KeYParser       [syntax-error] file:/home/runner/work/key/key/key.core/build/resources/main/de/uka/ilkd/key/proof/rules/ifThenElseRules.key:233:14: mismatched input '\ifExintVar' expecting {MODALITY, FORALL, EXISTS, '\if', '\ifEx', 'true', 'false', '(', '{', '@', NOT, SEQARROW, '-', STRING_LITERAL, CHAR_LITERAL, BIN_LITERAL, HEX_LITERAL, IDENT, INT_LITERAL, FLOAT_LITERAL, DOUBLE_LITERAL, REAL_LITERAL} [@1539,6656:6666='\ifExintVar',<188>,233:14] (termorseq, taclet, rulesOrAxioms, decls, file) 
303078     WARN  Test worker     d.u.i.k.n.KeYParser       [syntax-error] file:/home/runner/work/key/key/key.core/build/resources/main/de/uka/ilkd/key/proof/rules/ifThenElseRules.key:233:27: extraneous input '(' expecting {'\lemma', '}', IDENT, '/*!'} [@1542,6669:6669='(',<146>,233:27] (rulesOrAxioms, decls, file) 
303081     WARN  Test worker     d.u.i.k.n.KeYParser       [syntax-error] file:/home/runner/work/key/key/key.core/build/resources/main/de/uka/ilkd/key/proof/rules/ifThenElseRules.key:233:31: mismatched input ')' expecting {'(', '{'} [@1544,6673:6673=')',<147>,233:31] (taclet, rulesOrAxioms, decls, file) 
303081     WARN  Test worker     d.u.i.k.n.KeYParser       [syntax-error] file:/home/runner/work/key/key/key.core/build/resources/main/de/uka/ilkd/key/proof/rules/ifThenElseRules.key:237:42: mismatched input '}' expecting {'(', '{'} [@1586,6850:6850='}',<149>,237:42] (taclet, rulesOrAxioms, decls, file) 
303081     WARN  Test worker     d.u.i.k.n.KeYParser       [syntax-error] file:/home/runner/work/key/key/key.core/build/resources/main/de/uka/ilkd/key/proof/rules/ifThenElseRules.key:238:34: mismatched input '}' expecting {'(', '{'} [@1599,6891:6891='}',<149>,238:34] (taclet, rulesOrAxioms, decls, file) 
303081     WARN  Test worker     d.u.i.k.n.KeYParser       [syntax-error] file:/home/runner/work/key/key/key.core/build/resources/main/de/uka/ilkd/key/proof/rules/ifThenElseRules.key:239:28: extraneous input '(' expecting {'\lemma', '}', IDENT, '/*!'} [@1608,6925:6925='(',<146>,239:28] (rulesOrAxioms, decls, file) 
303081     WARN  Test worker     d.u.i.k.n.KeYParser       [syntax-error] file:/home/runner/work/key/key/key.core/build/resources/main/de/uka/ilkd/key/proof/rules/ifThenElseRules.key:239:33: mismatched input '->' expecting {'(', '{'} [@1611,6930:6931='->',<158>,239:33] (taclet, rulesOrAxioms, decls, file) 
303081     WARN  Test worker     d.u.i.k.n.KeYParser       [syntax-error] file:/home/runner/work/key/key/key.core/build/resources/main/de/uka/ilkd/key/proof/rules/ifThenElseRules.key:240:8: extraneous input '\replacewith' expecting {'\lemma', '}', IDENT, '/*!'} [@1626,6979:6990='\replacewith',<105>,240:8] (rulesOrAxioms, decls, file) 
303081     WARN  Test worker     d.u.i.k.n.KeYParser       [syntax-error] file:/home/runner/work/key/key/key.core/build/resources/main/de/uka/ilkd/key/proof/rules/ifThenElseRules.key:240:25: mismatched input ')' expecting {'(', '{'} [@1629,6996:6996=')',<147>,240:25] (taclet, rulesOrAxioms, decls, file) 
303081     WARN  Test worker     d.u.i.k.n.KeYParser       [syntax-error] file:/home/runner/work/key/key/key.core/build/resources/main/de/uka/ilkd/key/proof/rules/ifThenElseRules.key:240:56: mismatched input ')' expecting {'(', '{'} [@1642,7027:7027=')',<147>,240:56] (taclet, rulesOrAxioms, decls, file) 
303081     WARN  Test worker     d.u.i.k.n.KeYParser       [syntax-error] file:/home/runner/work/key/key/key.core/build/resources/main/de/uka/ilkd/key/proof/rules/ifThenElseRules.key:245:14: mismatched input '\ifExintVar' expecting {MODALITY, FORALL, EXISTS, '\if', '\ifEx', 'true', 'false', '(', '{', '@', NOT, SEQARROW, '-', STRING_LITERAL, CHAR_LITERAL, BIN_LITERAL, HEX_LITERAL, IDENT, INT_LITERAL, FLOAT_LITERAL, DOUBLE_LITERAL, REAL_LITERAL} [@1658,7109:7119='\ifExintVar',<188>,245:14] (termorseq, taclet, rulesOrAxioms, decls, file) 
303082     WARN  Test worker     d.u.i.k.n.KeYParser       [syntax-error] file:/home/runner/work/key/key/key.core/build/resources/main/de/uka/ilkd/key/proof/rules/ifThenElseRules.key:245:27: extraneous input '(' expecting {'\lemma', '}', IDENT, '/*!'} [@1661,7122:7122='(',<146>,245:27] (rulesOrAxioms, decls, file) 
303082     WARN  Test worker     d.u.i.k.n.KeYParser       [syntax-error] file:/home/runner/work/key/key/key.core/build/resources/main/de/uka/ilkd/key/proof/rules/ifThenElseRules.key:245:31: mismatched input ')' expecting {'(', '{'} [@1663,7126:7126=')',<147>,245:31] (taclet, rulesOrAxioms, decls, file) 
303082     WARN  Test worker     d.u.i.k.n.KeYParser       [syntax-error] file:/home/runner/work/key/key/key.core/build/resources/main/de/uka/ilkd/key/proof/rules/ifThenElseRules.key:248:45: mismatched input '}' expecting {'(', '{'} [@1696,7268:7268='}',<149>,248:45] (taclet, rulesOrAxioms, decls, file) 
303082     WARN  Test worker     d.u.i.k.n.KeYParser       [syntax-error] file:/home/runner/work/key/key/key.core/build/resources/main/de/uka/ilkd/key/proof/rules/ifThenElseRules.key:249:8: extraneous input '\replacewith' expecting {'\lemma', '}', IDENT, '/*!'} [@1701,7284:7295='\replacewith',<105>,249:8] (rulesOrAxioms, decls, file) 
303082     WARN  Test worker     d.u.i.k.n.KeYParser       [syntax-error] file:/home/runner/work/key/key/key.core/build/resources/main/de/uka/ilkd/key/proof/rules/ifThenElseRules.key:249:38: mismatched input ')' expecting {'(', '{'} [@1708,7314:7314=')',<147>,249:38] (taclet, rulesOrAxioms, decls, file) 
303082     WARN  Test worker     d.u.i.k.n.KeYParser       [syntax-error] file:/home/runner/work/key/key/key.core/build/resources/main/de/uka/ilkd/key/proof/rules/ifThenElseRules.key:250:42: mismatched input '}' expecting {'(', '{'} [@1731,7381:7381='}',<149>,250:42] (taclet, rulesOrAxioms, decls, file) 
303082     WARN  Test worker     d.u.i.k.n.KeYParser       [syntax-error] file:/home/runner/work/key/key/key.core/build/resources/main/de/uka/ilkd/key/proof/rules/ifThenElseRules.key:251:28: extraneous input '(' expecting {'\lemma', '}', IDENT, '/*!'} [@1741,7416:7416='(',<146>,251:28] (rulesOrAxioms, decls, file) 
303082     WARN  Test worker     d.u.i.k.n.KeYParser       [syntax-error] file:/home/runner/work/key/key/key.core/build/resources/main/de/uka/ilkd/key/proof/rules/ifThenElseRules.key:251:33: mismatched input '->' expecting {'(', '{'} [@1744,7421:7422='->',<158>,251:33] (taclet, rulesOrAxioms, decls, file) 
303082     WARN  Test worker     d.u.i.k.n.KeYParser       [syntax-error] file:/home/runner/work/key/key/key.core/build/resources/main/de/uka/ilkd/key/proof/rules/ifThenElseRules.key:255:14: mismatched input '\ifExintVar' expecting {MODALITY, FORALL, EXISTS, '\if', '\ifEx', 'true', 'false', '(', '{', '@', NOT, SEQARROW, '-', STRING_LITERAL, CHAR_LITERAL, BIN_LITERAL, HEX_LITERAL, IDENT, INT_LITERAL, FLOAT_LITERAL, DOUBLE_LITERAL, REAL_LITERAL} [@1765,7506:7516='\ifExintVar',<188>,255:14] (termorseq, taclet, rulesOrAxioms, decls, file) 
303083     WARN  Test worker     d.u.i.k.n.KeYParser       [syntax-error] file:/home/runner/work/key/key/key.core/build/resources/main/de/uka/ilkd/key/proof/rules/ifThenElseRules.key:255:27: extraneous input '(' expecting {'\lemma', '}', IDENT, '/*!'} [@1768,7519:7519='(',<146>,255:27] (rulesOrAxioms, decls, file) 
303083     WARN  Test worker     d.u.i.k.n.KeYParser       [syntax-error] file:/home/runner/work/key/key/key.core/build/resources/main/de/uka/ilkd/key/proof/rules/ifThenElseRules.key:255:31: mismatched input ')' expecting {'(', '{'} [@1770,7523:7523=')',<147>,255:31] (taclet, rulesOrAxioms, decls, file) 
303083     WARN  Test worker     d.u.i.k.n.KeYParser       [syntax-error] file:/home/runner/work/key/key/key.core/build/resources/main/de/uka/ilkd/key/proof/rules/ifThenElseRules.key:258:52: extraneous input '0' expecting {'\lemma', '}', IDENT, '/*!'} [@1809,7667:7667='0',<184>,258:52] (rulesOrAxioms, decls, file) 
303083     WARN  Test worker     d.u.i.k.n.KeYParser       [syntax-error] file:/home/runner/work/key/key/key.core/build/resources/main/de/uka/ilkd/key/proof/rules/ifThenElseRules.key:258:54: mismatched input 'then' expecting {<EOF>, '\problem', '\chooseContract', '\proofObligation', '\proof'} [@1811,7669:7672='then',<183>,258:54] (file) 
303083     ERROR Test worker     d.u.i.k.s.n.MasterHandlerTest Error reading /home/runner/work/key/key/key.core/build/resources/test/de/uka/ilkd/key/smt/newsmt2/cases/ite1.props de.uka.ilkd.key.proof.io.ProblemLoaderException: line 135:14 mismatched input '\ifExintVar' expecting {MODALITY, FORALL, EXISTS, '\if', '\ifEx', 'true', 'false', '(', '{', '@', NOT, SEQARROW, '-', STRING_LITERAL, CHAR_LITERAL, BIN_LITERAL, HEX_LITERAL, IDENT, INT_LITERAL, FLOAT_LITERAL, DOUBLE_LITERAL, REAL_LITERAL}
line 135:27 extraneous input '(' expecting {'\lemma', '}', IDENT, '/*!'}
line 135:44 mismatched input ')' expecting {'(', '{'}
line 141:14 mismatched input '\ifExintVar' expecting {MODALITY, FORALL, EXISTS, '\if', '\ifEx', 'true', 'false', '(', '{', '@', NOT, SEQARROW, '-', STRING_LITERAL, CHAR_LITERAL, BIN_LITERAL, HEX_LITERAL, IDENT, INT_LITERAL, FLOAT_LITERAL, DOUBLE_LITERAL, REAL_LITERAL}
line 141:27 extraneous input '(' expecting {'\lemma', '}', IDENT, '/*!'}
line 141:41 mismatched input ')' expecting {'(', '{'}
line 148:14 mismatched input '\ifExintVar' expecting {MODALITY, FORALL, EXISTS, '\if', '\ifEx', 'true', 'false', '(', '{', '@', NOT, SEQARROW, '-', STRING_LITERAL, CHAR_LITERAL, BIN_LITERAL, HEX_LITERAL, IDENT, INT_LITERAL, FLOAT_LITERAL, DOUBLE_LITERAL, REAL_LITERAL}
line 148:27 extraneous input '(' expecting {'\lemma', '}', IDENT, '/*!'}
line 148:35 mismatched input '=' expecting {'(', '{'}
line 150:38 mismatched input '}' expecting {'(', '{'}
line 155:14 mismatched input '\ifExintVar' expecting {MODALITY, FORALL, EXISTS, '\if', '\ifEx', 'true', 'false', '(', '{', '@', NOT, SEQARROW, '-', STRING_LITERAL, CHAR_LITERAL, BIN_LITERAL, HEX_LITERAL, IDENT, INT_LITERAL, FLOAT_LITERAL, DOUBLE_LITERAL, REAL_LITERAL}
line 155:27 extraneous input '(' expecting {'\lemma', '}', IDENT, '/*!'}
line 155:35 mismatched input '=' expecting {'(', '{'}
line 157:38 mismatched input '}' expecting {'(', '{'}
line 163:14 mismatched input '\ifExintVar' expecting {MODALITY, FORALL, EXISTS, '\if', '\ifEx', 'true', 'false', '(', '{', '@', NOT, SEQARROW, '-', STRING_LITERAL, CHAR_LITERAL, BIN_LITERAL, HEX_LITERAL, IDENT, INT_LITERAL, FLOAT_LITERAL, DOUBLE_LITERAL, REAL_LITERAL}
line 163:27 extraneous input '(' expecting {'\lemma', '}', IDENT, '/*!'}
line 163:30 mismatched input '=' expecting {'(', '{'}
line 165:38 mismatched input '}' expecting {'(', '{'}
line 171:14 mismatched input '\ifExintVar' expecting {MODALITY, FORALL, EXISTS, '\if', '\ifEx', 'true', 'false', '(', '{', '@', NOT, SEQARROW, '-', STRING_LITERAL, CHAR_LITERAL, BIN_LITERAL, HEX_LITERAL, IDENT, INT_LITERAL, FLOAT_LITERAL, DOUBLE_LITERAL, REAL_LITERAL}
line 171:27 extraneous input '(' expecting {'\lemma', '}', IDENT, '/*!'}
line 171:30 mismatched input '=' expecting {'(', '{'}
line 173:38 mismatched input '}' expecting {'(', '{'}
line 179:14 mismatched input '\ifExintVar' expecting {MODALITY, FORALL, EXISTS, '\if', '\ifEx', 'true', 'false', '(', '{', '@', NOT, SEQARROW, '-', STRING_LITERAL, CHAR_LITERAL, BIN_LITERAL, HEX_LITERAL, IDENT, INT_LITERAL, FLOAT_LITERAL, DOUBLE_LITERAL, REAL_LITERAL}
line 179:27 extraneous input '(' expecting {'\lemma', '}', IDENT, '/*!'}
line 179:32 mismatched input '&' expecting {'(', '{'}
line 181:42 mismatched input '}' expecting {'(', '{'}
line 182:39 mismatched input '}' expecting {'(', '{'}
line 188:14 mismatched input '\ifExintVar' expecting {MODALITY, FORALL, EXISTS, '\if', '\ifEx', 'true', 'false', '(', '{', '@', NOT, SEQARROW, '-', STRING_LITERAL, CHAR_LITERAL, BIN_LITERAL, HEX_LITERAL, IDENT, INT_LITERAL, FLOAT_LITERAL, DOUBLE_LITERAL, REAL_LITERAL}
line 188:27 extraneous input '(' expecting {'\lemma', '}', IDENT, '/*!'}
line 188:32 mismatched input '&' expecting {'(', '{'}
line 190:42 mismatched input '}' expecting {'(', '{'}
line 191:39 mismatched input '}' expecting {'(', '{'}
line 198:14 mismatched input '\ifExintVar' expecting {MODALITY, FORALL, EXISTS, '\if', '\ifEx', 'true', 'false', '(', '{', '@', NOT, SEQARROW, '-', STRING_LITERAL, CHAR_LITERAL, BIN_LITERAL, HEX_LITERAL, IDENT, INT_LITERAL, FLOAT_LITERAL, DOUBLE_LITERAL, REAL_LITERAL}
line 198:27 extraneous input '(' expecting {'\lemma', '}', IDENT, '/*!'}
line 198:32 mismatched input '&' expecting {'(', '{'}
line 200:42 mismatched input '}' expecting {'(', '{'}
line 201:39 mismatched input '}' expecting {'(', '{'}
line 208:14 mismatched input '\ifExintVar' expecting {MODALITY, FORALL, EXISTS, '\if', '\ifEx', 'true', 'false', '(', '{', '@', NOT, SEQARROW, '-', STRING_LITERAL, CHAR_LITERAL, BIN_LITERAL, HEX_LITERAL, IDENT, INT_LITERAL, FLOAT_LITERAL, DOUBLE_LITERAL, REAL_LITERAL}
line 208:27 extraneous input '(' expecting {'\lemma', '}', IDENT, '/*!'}
line 208:32 mismatched input '&' expecting {'(', '{'}
line 210:42 mismatched input '}' expecting {'(', '{'}
line 211:39 mismatched input '}' expecting {'(', '{'}
line 218:14 mismatched input '\ifExintVar' expecting {MODALITY, FORALL, EXISTS, '\if', '\ifEx', 'true', 'false', '(', '{', '@', NOT, SEQARROW, '-', STRING_LITERAL, CHAR_LITERAL, BIN_LITERAL, HEX_LITERAL, IDENT, INT_LITERAL, FLOAT_LITERAL, DOUBLE_LITERAL, REAL_LITERAL}
line 218:27 extraneous input '(' expecting {'\lemma', '}', IDENT, '/*!'}
line 218:31 mismatched input ')' expecting {'(', '{'}
line 220:44 mismatched input ')' expecting {'(', '{'}
line 225:14 mismatched input '\ifExintVar' expecting {MODALITY, FORALL, EXISTS, '\if', '\ifEx', 'true', 'false', '(', '{', '@', NOT, SEQARROW, '-', STRING_LITERAL, CHAR_LITERAL, BIN_LITERAL, HEX_LITERAL, IDENT, INT_LITERAL, FLOAT_LITERAL, DOUBLE_LITERAL, REAL_LITERAL}
line 225:27 extraneous input '(' expecting {'\lemma', '}', IDENT, '/*!'}
line 225:31 mismatched input ')' expecting {'(', '{'}
line 227:44 mismatched input ')' expecting {'(', '{'}
line 233:14 mismatched input '\ifExintVar' expecting {MODALITY, FORALL, EXISTS, '\if', '\ifEx', 'true', 'false', '(', '{', '@', NOT, SEQARROW, '-', STRING_LITERAL, CHAR_LITERAL, BIN_LITERAL, HEX_LITERAL, IDENT, INT_LITERAL, FLOAT_LITERAL, DOUBLE_LITERAL, REAL_LITERAL}
line 233:27 extraneous input '(' expecting {'\lemma', '}', IDENT, '/*!'}
line 233:31 mismatched input ')' expecting {'(', '{'}
line 237:42 mismatched input '}' expecting {'(', '{'}
line 238:34 mismatched input '}' expecting {'(', '{'}
line 239:28 extraneous input '(' expecting {'\lemma', '}', IDENT, '/*!'}
line 239:33 mismatched input '->' expecting {'(', '{'}
line 240:8 extraneous input '\replacewith' expecting {'\lemma', '}', IDENT, '/*!'}
line 240:25 mismatched input ')' expecting {'(', '{'}
line 240:56 mismatched input ')' expecting {'(', '{'}
line 245:14 mismatched input '\ifExintVar' expecting {MODALITY, FORALL, EXISTS, '\if', '\ifEx', 'true', 'false', '(', '{', '@', NOT, SEQARROW, '-', STRING_LITERAL, CHAR_LITERAL, BIN_LITERAL, HEX_LITERAL, IDENT, INT_LITERAL, FLOAT_LITERAL, DOUBLE_LITERAL, REAL_LITERAL}
line 245:27 extraneous input '(' expecting {'\lemma', '}', IDENT, '/*!'}
line 245:31 mismatched input ')' expecting {'(', '{'}
line 248:45 mismatched input '}' expecting {'(', '{'}
line 249:8 extraneous input '\replacewith' expecting {'\lemma', '}', IDENT, '/*!'}
line 249:38 mismatched input ')' expecting {'(', '{'}
line 250:42 mismatched input '}' expecting {'(', '{'}
line 251:28 extraneous input '(' expecting {'\lemma', '}', IDENT, '/*!'}
line 251:33 mismatched input '->' expecting {'(', '{'}
line 255:14 mismatched input '\ifExintVar' expecting {MODALITY, FORALL, EXISTS, '\if', '\ifEx', 'true', 'false', '(', '{', '@', NOT, SEQARROW, '-', STRING_LITERAL, CHAR_LITERAL, BIN_LITERAL, HEX_LITERAL, IDENT, INT_LITERAL, FLOAT_LITERAL, DOUBLE_LITERAL, REAL_LITERAL}
line 255:27 extraneous input '(' expecting {'\lemma', '}', IDENT, '/*!'}
line 255:31 mismatched input ')' expecting {'(', '{'}
line 258:52 extraneous input '0' expecting {'\lemma', '}', IDENT, '/*!'}
line 258:54 mismatched input 'then' expecting {<EOF>, '\problem', '\chooseContract', '\proofObligation', '\proof'}

	at de.uka.ilkd.key.control.AbstractUserInterfaceControl.load(AbstractUserInterfaceControl.java:221)
Caused by: de.uka.ilkd.key.proof.init.ProofInputException: line 135:14 mismatched input '\ifExintVar' expecting {MODALITY, FORALL, EXISTS, '\if', '\ifEx', 'true', 'false', '(', '{', '@', NOT, SEQARROW, '-', STRING_LITERAL, CHAR_LITERAL, BIN_LITERAL, HEX_LITERAL, IDENT, INT_LITERAL, FLOAT_LITERAL, DOUBLE_LITERAL, REAL_LITERAL}
line 135:27 extraneous input '(' expecting {'\lemma', '}', IDENT, '/*!'}
line 135:44 mismatched input ')' expecting {'(', '{'}
line 141:14 mismatched input '\ifExintVar' expecting {MODALITY, FORALL, EXISTS, '\if', '\ifEx', 'true', 'false', '(', '{', '@', NOT, SEQARROW, '-', STRING_LITERAL, CHAR_LITERAL, BIN_LITERAL, HEX_LITERAL, IDENT, INT_LITERAL, FLOAT_LITERAL, DOUBLE_LITERAL, REAL_LITERAL}
line 141:27 extraneous input '(' expecting {'\lemma', '}', IDENT, '/*!'}
line 141:41 mismatched input ')' expecting {'(', '{'}
line 148:14 mismatched input '\ifExintVar' expecting {MODALITY, FORALL, EXISTS, '\if', '\ifEx', 'true', 'false', '(', '{', '@', NOT, SEQARROW, '-', STRING_LITERAL, CHAR_LITERAL, BIN_LITERAL, HEX_LITERAL, IDENT, INT_LITERAL, FLOAT_LITERAL, DOUBLE_LITERAL, REAL_LITERAL}
line 148:27 extraneous input '(' expecting {'\lemma', '}', IDENT, '/*!'}
line 148:35 mismatched input '=' expecting {'(', '{'}
line 150:38 mismatched input '}' expecting {'(', '{'}
line 155:14 mismatched input '\ifExintVar' expecting {MODALITY, FORALL, EXISTS, '\if', '\ifEx', 'true', 'false', '(', '{', '@', NOT, SEQARROW, '-', STRING_LITERAL, CHAR_LITERAL, BIN_LITERAL, HEX_LITERAL, IDENT, INT_LITERAL, FLOAT_LITERAL, DOUBLE_LITERAL, REAL_LITERAL}
line 155:27 extraneous input '(' expecting {'\lemma', '}', IDENT, '/*!'}
line 155:35 mismatched input '=' expecting {'(', '{'}
line 157:38 mismatched input '}' expecting {'(', '{'}
line 163:14 mismatched input '\ifExintVar' expecting {MODALITY, FORALL, EXISTS, '\if', '\ifEx', 'true', 'false', '(', '{', '@', NOT, SEQARROW, '-', STRING_LITERAL, CHAR_LITERAL, BIN_LITERAL, HEX_LITERAL, IDENT, INT_LITERAL, FLOAT_LITERAL, DOUBLE_LITERAL, REAL_LITERAL}
line 163:27 extraneous input '(' expecting {'\lemma', '}', IDENT, '/*!'}
line 163:30 mismatched input '=' expecting {'(', '{'}
line 165:38 mismatched input '}' expecting {'(', '{'}
line 171:14 mismatched input '\ifExintVar' expecting {MODALITY, FORALL, EXISTS, '\if', '\ifEx', 'true', 'false', '(', '{', '@', NOT, SEQARROW, '-', STRING_LITERAL, CHAR_LITERAL, BIN_LITERAL, HEX_LITERAL, IDENT, INT_LITERAL, FLOAT_LITERAL, DOUBLE_LITERAL, REAL_LITERAL}
line 171:27 extraneous input '(' expecting {'\lemma', '}', IDENT, '/*!'}
line 171:30 mismatched input '=' expecting {'(', '{'}
line 173:38 mismatched input '}' expecting {'(', '{'}
line 179:14 mismatched input '\ifExintVar' expecting {MODALITY, FORALL, EXISTS, '\if', '\ifEx', 'true', 'false', '(', '{', '@', NOT, SEQARROW, '-', STRING_LITERAL, CHAR_LITERAL, BIN_LITERAL, HEX_LITERAL, IDENT, INT_LITERAL, FLOAT_LITERAL, DOUBLE_LITERAL, REAL_LITERAL}
line 179:27 extraneous input '(' expecting {'\lemma', '}', IDENT, '/*!'}
line 179:32 mismatched input '&' expecting {'(', '{'}
line 181:42 mismatched input '}' expecting {'(', '{'}
line 182:39 mismatched input '}' expecting {'(', '{'}
line 188:14 mismatched input '\ifExintVar' expecting {MODALITY, FORALL, EXISTS, '\if', '\ifEx', 'true', 'false', '(', '{', '@', NOT, SEQARROW, '-', STRING_LITERAL, CHAR_LITERAL, BIN_LITERAL, HEX_LITERAL, IDENT, INT_LITERAL, FLOAT_LITERAL, DOUBLE_LITERAL, REAL_LITERAL}
line 188:27 extraneous input '(' expecting {'\lemma', '}', IDENT, '/*!'}
line 188:32 mismatched input '&' expecting {'(', '{'}
line 190:42 mismatched input '}' expecting {'(', '{'}
line 191:39 mismatched input '}' expecting {'(', '{'}
line 198:14 mismatched input '\ifExintVar' expecting {MODALITY, FORALL, EXISTS, '\if', '\ifEx', 'true', 'false', '(', '{', '@', NOT, SEQARROW, '-', STRING_LITERAL, CHAR_LITERAL, BIN_LITERAL, HEX_LITERAL, IDENT, INT_LITERAL, FLOAT_LITERAL, DOUBLE_LITERAL, REAL_LITERAL}
line 198:27 extraneous input '(' expecting {'\lemma', '}', IDENT, '/*!'}
line 198:32 mismatched input '&' expecting {'(', '{'}
line 200:42 mismatched input '}' expecting {'(', '{'}
line 201:39 mismatched input '}' expecting {'(', '{'}
line 208:14 mismatched input '\ifExintVar' expecting {MODALITY, FORALL, EXISTS, '\if', '\ifEx', 'true', 'false', '(', '{', '@', NOT, SEQARROW, '-', STRING_LITERAL, CHAR_LITERAL, BIN_LITERAL, HEX_LITERAL, IDENT, INT_LITERAL, FLOAT_LITERAL, DOUBLE_LITERAL, REAL_LITERAL}
line 208:27 extraneous input '(' expecting {'\lemma', '}', IDENT, '/*!'}
line 208:32 mismatched input '&' expecting {'(', '{'}
line 210:42 mismatched input '}' expecting {'(', '{'}
line 211:39 mismatched input '}' expecting {'(', '{'}
line 218:14 mismatched input '\ifExintVar' expecting {MODALITY, FORALL, EXISTS, '\if', '\ifEx', 'true', 'false', '(', '{', '@', NOT, SEQARROW, '-', STRING_LITERAL, CHAR_LITERAL, BIN_LITERAL, HEX_LITERAL, IDENT, INT_LITERAL, FLOAT_LITERAL, DOUBLE_LITERAL, REAL_LITERAL}
line 218:27 extraneous input '(' expecting {'\lemma', '}', IDENT, '/*!'}
line 218:31 mismatched input ')' expecting {'(', '{'}
line 220:44 mismatched input ')' expecting {'(', '{'}
line 225:14 mismatched input '\ifExintVar' expecting {MODALITY, FORALL, EXISTS, '\if', '\ifEx', 'true', 'false', '(', '{', '@', NOT, SEQARROW, '-', STRING_LITERAL, CHAR_LITERAL, BIN_LITERAL, HEX_LITERAL, IDENT, INT_LITERAL, FLOAT_LITERAL, DOUBLE_LITERAL, REAL_LITERAL}
line 225:27 extraneous input '(' expecting {'\lemma', '}', IDENT, '/*!'}
line 225:31 mismatched input ')' expecting {'(', '{'}
line 227:44 mismatched input ')' expecting {'(', '{'}
line 233:14 mismatched input '\ifExintVar' expecting {MODALITY, FORALL, EXISTS, '\if', '\ifEx', 'true', 'false', '(', '{', '@', NOT, SEQARROW, '-', STRING_LITERAL, CHAR_LITERAL, BIN_LITERAL, HEX_LITERAL, IDENT, INT_LITERAL, FLOAT_LITERAL, DOUBLE_LITERAL, REAL_LITERAL}
line 233:27 extraneous input '(' expecting {'\lemma', '}', IDENT, '/*!'}
line 233:31 mismatched input ')' expecting {'(', '{'}
line 237:42 mismatched input '}' expecting {'(', '{'}
line 238:34 mismatched input '}' expecting {'(', '{'}
line 239:28 extraneous input '(' expecting {'\lemma', '}', IDENT, '/*!'}
line 239:33 mismatched input '->' expecting {'(', '{'}
line 240:8 extraneous input '\replacewith' expecting {'\lemma', '}', IDENT, '/*!'}
line 240:25 mismatched input ')' expecting {'(', '{'}
line 240:56 mismatched input ')' expecting {'(', '{'}
line 245:14 mismatched input '\ifExintVar' expecting {MODALITY, FORALL, EXISTS, '\if', '\ifEx', 'true', 'false', '(', '{', '@', NOT, SEQARROW, '-', STRING_LITERAL, CHAR_LITERAL, BIN_LITERAL, HEX_LITERAL, IDENT, INT_LITERAL, FLOAT_LITERAL, DOUBLE_LITERAL, REAL_LITERAL}
line 245:27 extraneous input '(' expecting {'\lemma', '}', IDENT, '/*!'}
line 245:31 mismatched input ')' expecting {'(', '{'}
line 248:45 mismatched input '}' expecting {'(', '{'}
line 249:8 extraneous input '\replacewith' expecting {'\lemma', '}', IDENT, '/*!'}
line 249:38 mismatched input ')' expecting {'(', '{'}
line 250:42 mismatched input '}' expecting {'(', '{'}
line 251:28 extraneous input '(' expecting {'\lemma', '}', IDENT, '/*!'}
line 251:33 mismatched input '->' expecting {'(', '{'}
line 255:14 mismatched input '\ifExintVar' expecting {MODALITY, FORALL, EXISTS, '\if', '\ifEx', 'true', 'false', '(', '{', '@', NOT, SEQARROW, '-', STRING_LITERAL, CHAR_LITERAL, BIN_LITERAL, HEX_LITERAL, IDENT, INT_LITERAL, FLOAT_LITERAL, DOUBLE_LITERAL, REAL_LITERAL}
line 255:27 extraneous input '(' expecting {'\lemma', '}', IDENT, '/*!'}
line 255:31 mismatched input ')' expecting {'(', '{'}
line 258:52 extraneous input '0' expecting {'\lemma', '}', IDENT, '/*!'}
line 258:54 mismatched input 'then' expecting {<EOF>, '\problem', '\chooseContract', '\proofObligation', '\proof'}

	at de.uka.ilkd.key.proof.io.KeYFile.readIncludes(KeYFile.java:210)
Caused by: de.uka.ilkd.key.util.parsing.SyntaxErrorReporter$ParserException: line 135:14 mismatched input '\ifExintVar' expecting {MODALITY, FORALL, EXISTS, '\if', '\ifEx', 'true', 'false', '(', '{', '@', NOT, SEQARROW, '-', STRING_LITERAL, CHAR_LITERAL, BIN_LITERAL, HEX_LITERAL, IDENT, INT_LITERAL, FLOAT_LITERAL, DOUBLE_LITERAL, REAL_LITERAL}
line 135:27 extraneous input '(' expecting {'\lemma', '}', IDENT, '/*!'}
line 135:44 mismatched input ')' expecting {'(', '{'}
line 141:14 mismatched input '\ifExintVar' expecting {MODALITY, FORALL, EXISTS, '\if', '\ifEx', 'true', 'false', '(', '{', '@', NOT, SEQARROW, '-', STRING_LITERAL, CHAR_LITERAL, BIN_LITERAL, HEX_LITERAL, IDENT, INT_LITERAL, FLOAT_LITERAL, DOUBLE_LITERAL, REAL_LITERAL}
line 141:27 extraneous input '(' expecting {'\lemma', '}', IDENT, '/*!'}
line 141:41 mismatched input ')' expecting {'(', '{'}
line 148:14 mismatched input '\ifExintVar' expecting {MODALITY, FORALL, EXISTS, '\if', '\ifEx', 'true', 'false', '(', '{', '@', NOT, SEQARROW, '-', STRING_LITERAL, CHAR_LITERAL, BIN_LITERAL, HEX_LITERAL, IDENT, INT_LITERAL, FLOAT_LITERAL, DOUBLE_LITERAL, REAL_LITERAL}
line 148:27 extraneous input '(' expecting {'\lemma', '}', IDENT, '/*!'}
line 148:35 mismatched input '=' expecting {'(', '{'}
line 150:38 mismatched input '}' expecting {'(', '{'}
line 155:14 mismatched input '\ifExintVar' expecting {MODALITY, FORALL, EXISTS, '\if', '\ifEx', 'true', 'false', '(', '{', '@', NOT, SEQARROW, '-', STRING_LITERAL, CHAR_LITERAL, BIN_LITERAL, HEX_LITERAL, IDENT, INT_LITERAL, FLOAT_LITERAL, DOUBLE_LITERAL, REAL_LITERAL}
line 155:27 extraneous input '(' expecting {'\lemma', '}', IDENT, '/*!'}
line 155:35 mismatched input '=' expecting {'(', '{'}
line 157:38 mismatched input '}' expecting {'(', '{'}
line 163:14 mismatched input '\ifExintVar' expecting {MODALITY, FORALL, EXISTS, '\if', '\ifEx', 'true', 'false', '(', '{', '@', NOT, SEQARROW, '-', STRING_LITERAL, CHAR_LITERAL, BIN_LITERAL, HEX_LITERAL, IDENT, INT_LITERAL, FLOAT_LITERAL, DOUBLE_LITERAL, REAL_LITERAL}
line 163:27 extraneous input '(' expecting {'\lemma', '}', IDENT, '/*!'}
line 163:30 mismatched input '=' expecting {'(', '{'}
line 165:38 mismatched input '}' expecting {'(', '{'}
line 171:14 mismatched input '\ifExintVar' expecting {MODALITY, FORALL, EXISTS, '\if', '\ifEx', 'true', 'false', '(', '{', '@', NOT, SEQARROW, '-', STRING_LITERAL, CHAR_LITERAL, BIN_LITERAL, HEX_LITERAL, IDENT, INT_LITERAL, FLOAT_LITERAL, DOUBLE_LITERAL, REAL_LITERAL}
line 171:27 extraneous input '(' expecting {'\lemma', '}', IDENT, '/*!'}
line 171:30 mismatched input '=' expecting {'(', '{'}
line 173:38 mismatched input '}' expecting {'(', '{'}
line 179:14 mismatched input '\ifExintVar' expecting {MODALITY, FORALL, EXISTS, '\if', '\ifEx', 'true', 'false', '(', '{', '@', NOT, SEQARROW, '-', STRING_LITERAL, CHAR_LITERAL, BIN_LITERAL, HEX_LITERAL, IDENT, INT_LITERAL, FLOAT_LITERAL, DOUBLE_LITERAL, REAL_LITERAL}
line 179:27 extraneous input '(' expecting {'\lemma', '}', IDENT, '/*!'}
line 179:32 mismatched input '&' expecting {'(', '{'}
line 181:42 mismatched input '}' expecting {'(', '{'}
line 182:39 mismatched input '}' expecting {'(', '{'}
line 188:14 mismatched input '\ifExintVar' expecting {MODALITY, FORALL, EXISTS, '\if', '\ifEx', 'true', 'false', '(', '{', '@', NOT, SEQARROW, '-', STRING_LITERAL, CHAR_LITERAL, BIN_LITERAL, HEX_LITERAL, IDENT, INT_LITERAL, FLOAT_LITERAL, DOUBLE_LITERAL, REAL_LITERAL}
line 188:27 extraneous input '(' expecting {'\lemma', '}', IDENT, '/*!'}
line 188:32 mismatched input '&' expecting {'(', '{'}
line 190:42 mismatched input '}' expecting {'(', '{'}
line 191:39 mismatched input '}' expecting {'(', '{'}
line 198:14 mismatched input '\ifExintVar' expecting {MODALITY, FORALL, EXISTS, '\if', '\ifEx', 'true', 'false', '(', '{', '@', NOT, SEQARROW, '-', STRING_LITERAL, CHAR_LITERAL, BIN_LITERAL, HEX_LITERAL, IDENT, INT_LITERAL, FLOAT_LITERAL, DOUBLE_LITERAL, REAL_LITERAL}
line 198:27 extraneous input '(' expecting {'\lemma', '}', IDENT, '/*!'}
line 198:32 mismatched input '&' expecting {'(', '{'}
line 200:42 mismatched input '}' expecting {'(', '{'}
line 201:39 mismatched input '}' expecting {'(', '{'}
line 208:14 mismatched input '\ifExintVar' expecting {MODALITY, FORALL, EXISTS, '\if', '\ifEx', 'true', 'false', '(', '{', '@', NOT, SEQARROW, '-', STRING_LITERAL, CHAR_LITERAL, BIN_LITERAL, HEX_LITERAL, IDENT, INT_LITERAL, FLOAT_LITERAL, DOUBLE_LITERAL, REAL_LITERAL}
line 208:27 extraneous input '(' expecting {'\lemma', '}', IDENT, '/*!'}
line 208:32 mismatched input '&' expecting {'(', '{'}
line 210:42 mismatched input '}' expecting {'(', '{'}
line 211:39 mismatched input '}' expecting {'(', '{'}
line 218:14 mismatched input '\ifExintVar' expecting {MODALITY, FORALL, EXISTS, '\if', '\ifEx', 'true', 'false', '(', '{', '@', NOT, SEQARROW, '-', STRING_LITERAL, CHAR_LITERAL, BIN_LITERAL, HEX_LITERAL, IDENT, INT_LITERAL, FLOAT_LITERAL, DOUBLE_LITERAL, REAL_LITERAL}
line 218:27 extraneous input '(' expecting {'\lemma', '}', IDENT, '/*!'}
line 218:31 mismatched input ')' expecting {'(', '{'}
line 220:44 mismatched input ')' expecting {'(', '{'}
line 225:14 mismatched input '\ifExintVar' expecting {MODALITY, FORALL, EXISTS, '\if', '\ifEx', 'true', 'false', '(', '{', '@', NOT, SEQARROW, '-', STRING_LITERAL, CHAR_LITERAL, BIN_LITERAL, HEX_LITERAL, IDENT, INT_LITERAL, FLOAT_LITERAL, DOUBLE_LITERAL, REAL_LITERAL}
line 225:27 extraneous input '(' expecting {'\lemma', '}', IDENT, '/*!'}
line 225:31 mismatched input ')' expecting {'(', '{'}
line 227:44 mismatched input ')' expecting {'(', '{'}
line 233:14 mismatched input '\ifExintVar' expecting {MODALITY, FORALL, EXISTS, '\if', '\ifEx', 'true', 'false', '(', '{', '@', NOT, SEQARROW, '-', STRING_LITERAL, CHAR_LITERAL, BIN_LITERAL, HEX_LITERAL, IDENT, INT_LITERAL, FLOAT_LITERAL, DOUBLE_LITERAL, REAL_LITERAL}
line 233:27 extraneous input '(' expecting {'\lemma', '}', IDENT, '/*!'}
line 233:31 mismatched input ')' expecting {'(', '{'}
line 237:42 mismatched input '}' expecting {'(', '{'}
line 238:34 mismatched input '}' expecting {'(', '{'}
line 239:28 extraneous input '(' expecting {'\lemma', '}', IDENT, '/*!'}
line 239:33 mismatched input '->' expecting {'(', '{'}
line 240:8 extraneous input '\replacewith' expecting {'\lemma', '}', IDENT, '/*!'}
line 240:25 mismatched input ')' expecting {'(', '{'}
line 240:56 mismatched input ')' expecting {'(', '{'}
line 245:14 mismatched input '\ifExintVar' expecting {MODALITY, FORALL, EXISTS, '\if', '\ifEx', 'true', 'false', '(', '{', '@', NOT, SEQARROW, '-', STRING_LITERAL, CHAR_LITERAL, BIN_LITERAL, HEX_LITERAL, IDENT, INT_LITERAL, FLOAT_LITERAL, DOUBLE_LITERAL, REAL_LITERAL}
line 245:27 extraneous input '(' expecting {'\lemma', '}', IDENT, '/*!'}
line 245:31 mismatched input ')' expecting {'(', '{'}
line 248:45 mismatched input '}' expecting {'(', '{'}
line 249:8 extraneous input '\replacewith' expecting {'\lemma', '}', IDENT, '/*!'}
line 249:38 mismatched input ')' expecting {'(', '{'}
line 250:42 mismatched input '}' expecting {'(', '{'}
line 251:28 extraneous input '(' expecting {'\lemma', '}', IDENT, '/*!'}
line 251:33 mismatched input '->' expecting {'(', '{'}
line 255:14 mismatched input '\ifExintVar' expecting {MODALITY, FORALL, EXISTS, '\if', '\ifEx', 'true', 'false', '(', '{', '@', NOT, SEQARROW, '-', STRING_LITERAL, CHAR_LITERAL, BIN_LITERAL, HEX_LITERAL, IDENT, INT_LITERAL, FLOAT_LITERAL, DOUBLE_LITERAL, REAL_LITERAL}
line 255:27 extraneous input '(' expecting {'\lemma', '}', IDENT, '/*!'}
line 255:31 mismatched input ')' expecting {'(', '{'}
line 258:52 extraneous input '0' expecting {'\lemma', '}', IDENT, '/*!'}
line 258:54 mismatched input 'then' expecting {<EOF>, '\problem', '\chooseContract', '\proofObligation', '\proof'}

	at de.uka.ilkd.key.util.parsing.SyntaxErrorReporter.throwException(SyntaxErrorReporter.java:89)

303113     WARN  Test worker     d.u.i.k.n.KeYParser       [syntax-error] file:/home/runner/work/key/key/key.core/build/resources/main/de/uka/ilkd/key/proof/rules/ifThenElseRules.key:135:14: mismatched input '\ifExintVar' expecting {MODALITY, FORALL, EXISTS, '\if', '\ifEx', 'true', 'false', '(', '{', '@', NOT, SEQARROW, '-', STRING_LITERAL, CHAR_LITERAL, BIN_LITERAL, HEX_LITERAL, IDENT, INT_LITERAL, FLOAT_LITERAL, DOUBLE_LITERAL, REAL_LITERAL} [@745,3563:3573='\ifExintVar',<188>,135:14] (termorseq, taclet, rulesOrAxioms, decls, file) 
303114     WARN  Test worker     d.u.i.k.n.KeYParser       [syntax-error] file:/home/runner/work/key/key/key.core/build/resources/main/de/uka/ilkd/key/proof/rules/ifThenElseRules.key:135:27: extraneous input '(' expecting {'\lemma', '}', IDENT, '/*!'} [@748,3576:3576='(',<146>,135:27] (rulesOrAxioms, decls, file) 
303114     WARN  Test worker     d.u.i.k.n.KeYParser       [syntax-error] file:/home/runner/work/key/key/key.core/build/resources/main/de/uka/ilkd/key/proof/rules/ifThenElseRules.key:135:44: mismatched input ')' expecting {'(', '{'} [@754,3593:3593=')',<147>,135:44] (taclet, rulesOrAxioms, decls, file) 
303114     WARN  Test worker     d.u.i.k.n.KeYParser       [syntax-error] file:/home/runner/work/key/key/key.core/build/resources/main/de/uka/ilkd/key/proof/rules/ifThenElseRules.key:141:14: mismatched input '\ifExintVar' expecting {MODALITY, FORALL, EXISTS, '\if', '\ifEx', 'true', 'false', '(', '{', '@', NOT, SEQARROW, '-', STRING_LITERAL, CHAR_LITERAL, BIN_LITERAL, HEX_LITERAL, IDENT, INT_LITERAL, FLOAT_LITERAL, DOUBLE_LITERAL, REAL_LITERAL} [@780,3716:3726='\ifExintVar',<188>,141:14] (termorseq, taclet, rulesOrAxioms, decls, file) 
303114     WARN  Test worker     d.u.i.k.n.KeYParser       [syntax-error] file:/home/runner/work/key/key/key.core/build/resources/main/de/uka/ilkd/key/proof/rules/ifThenElseRules.key:141:27: extraneous input '(' expecting {'\lemma', '}', IDENT, '/*!'} [@783,3729:3729='(',<146>,141:27] (rulesOrAxioms, decls, file) 
303126     WARN  Test worker     d.u.i.k.n.KeYParser       [syntax-error] file:/home/runner/work/key/key/key.core/build/resources/main/de/uka/ilkd/key/proof/rules/ifThenElseRules.key:141:41: mismatched input ')' expecting {'(', '{'} [@789,3743:3743=')',<147>,141:41] (taclet, rulesOrAxioms, decls, file) 
303127     WARN  Test worker     d.u.i.k.n.KeYParser       [syntax-error] file:/home/runner/work/key/key/key.core/build/resources/main/de/uka/ilkd/key/proof/rules/ifThenElseRules.key:148:14: mismatched input '\ifExintVar' expecting {MODALITY, FORALL, EXISTS, '\if', '\ifEx', 'true', 'false', '(', '{', '@', NOT, SEQARROW, '-', STRING_LITERAL, CHAR_LITERAL, BIN_LITERAL, HEX_LITERAL, IDENT, INT_LITERAL, FLOAT_LITERAL, DOUBLE_LITERAL, REAL_LITERAL} [@819,3896:3906='\ifExintVar',<188>,148:14] (termorseq, taclet, rulesOrAxioms, decls, file) 
303127     WARN  Test worker     d.u.i.k.n.KeYParser       [syntax-error] file:/home/runner/work/key/key/key.core/build/resources/main/de/uka/ilkd/key/proof/rules/ifThenElseRules.key:148:27: extraneous input '(' expecting {'\lemma', '}', IDENT, '/*!'} [@822,3909:3909='(',<146>,148:27] (rulesOrAxioms, decls, file) 
303127     WARN  Test worker     d.u.i.k.n.KeYParser       [syntax-error] file:/home/runner/work/key/key/key.core/build/resources/main/de/uka/ilkd/key/proof/rules/ifThenElseRules.key:148:35: mismatched input '=' expecting {'(', '{'} [@825,3917:3917='=',<159>,148:35] (taclet, rulesOrAxioms, decls, file) 
303127     WARN  Test worker     d.u.i.k.n.KeYParser       [syntax-error] file:/home/runner/work/key/key/key.core/build/resources/main/de/uka/ilkd/key/proof/rules/ifThenElseRules.key:150:38: mismatched input '}' expecting {'(', '{'} [@859,4023:4023='}',<149>,150:38] (taclet, rulesOrAxioms, decls, file) 
303127     WARN  Test worker     d.u.i.k.n.KeYParser       [syntax-error] file:/home/runner/work/key/key/key.core/build/resources/main/de/uka/ilkd/key/proof/rules/ifThenElseRules.key:155:14: mismatched input '\ifExintVar' expecting {MODALITY, FORALL, EXISTS, '\if', '\ifEx', 'true', 'false', '(', '{', '@', NOT, SEQARROW, '-', STRING_LITERAL, CHAR_LITERAL, BIN_LITERAL, HEX_LITERAL, IDENT, INT_LITERAL, FLOAT_LITERAL, DOUBLE_LITERAL, REAL_LITERAL} [@877,4109:4119='\ifExintVar',<188>,155:14] (termorseq, taclet, rulesOrAxioms, decls, file) 
303127     WARN  Test worker     d.u.i.k.n.KeYParser       [syntax-error] file:/home/runner/work/key/key/key.core/build/resources/main/de/uka/ilkd/key/proof/rules/ifThenElseRules.key:155:27: extraneous input '(' expecting {'\lemma', '}', IDENT, '/*!'} [@880,4122:4122='(',<146>,155:27] (rulesOrAxioms, decls, file) 
303127     WARN  Test worker     d.u.i.k.n.KeYParser       [syntax-error] file:/home/runner/work/key/key/key.core/build/resources/main/de/uka/ilkd/key/proof/rules/ifThenElseRules.key:155:35: mismatched input '=' expecting {'(', '{'} [@883,4130:4130='=',<159>,155:35] (taclet, rulesOrAxioms, decls, file) 
303127     WARN  Test worker     d.u.i.k.n.KeYParser       [syntax-error] file:/home/runner/work/key/key/key.core/build/resources/main/de/uka/ilkd/key/proof/rules/ifThenElseRules.key:157:38: mismatched input '}' expecting {'(', '{'} [@917,4230:4230='}',<149>,157:38] (taclet, rulesOrAxioms, decls, file) 
303127     WARN  Test worker     d.u.i.k.n.KeYParser       [syntax-error] file:/home/runner/work/key/key/key.core/build/resources/main/de/uka/ilkd/key/proof/rules/ifThenElseRules.key:163:14: mismatched input '\ifExintVar' expecting {MODALITY, FORALL, EXISTS, '\if', '\ifEx', 'true', 'false', '(', '{', '@', NOT, SEQARROW, '-', STRING_LITERAL, CHAR_LITERAL, BIN_LITERAL, HEX_LITERAL, IDENT, INT_LITERAL, FLOAT_LITERAL, DOUBLE_LITERAL, REAL_LITERAL} [@939,4350:4360='\ifExintVar',<188>,163:14] (termorseq, taclet, rulesOrAxioms, decls, file) 
303128     WARN  Test worker     d.u.i.k.n.KeYParser       [syntax-error] file:/home/runner/work/key/key/key.core/build/resources/main/de/uka/ilkd/key/proof/rules/ifThenElseRules.key:163:27: extraneous input '(' expecting {'\lemma', '}', IDENT, '/*!'} [@942,4363:4363='(',<146>,163:27] (rulesOrAxioms, decls, file) 
303128     WARN  Test worker     d.u.i.k.n.KeYParser       [syntax-error] file:/home/runner/work/key/key/key.core/build/resources/main/de/uka/ilkd/key/proof/rules/ifThenElseRules.key:163:30: mismatched input '=' expecting {'(', '{'} [@945,4366:4366='=',<159>,163:30] (taclet, rulesOrAxioms, decls, file) 
303128     WARN  Test worker     d.u.i.k.n.KeYParser       [syntax-error] file:/home/runner/work/key/key/key.core/build/resources/main/de/uka/ilkd/key/proof/rules/ifThenElseRules.key:165:38: mismatched input '}' expecting {'(', '{'} [@979,4477:4477='}',<149>,165:38] (taclet, rulesOrAxioms, decls, file) 
303128     WARN  Test worker     d.u.i.k.n.KeYParser       [syntax-error] file:/home/runner/work/key/key/key.core/build/resources/main/de/uka/ilkd/key/proof/rules/ifThenElseRules.key:171:14: mismatched input '\ifExintVar' expecting {MODALITY, FORALL, EXISTS, '\if', '\ifEx', 'true', 'false', '(', '{', '@', NOT, SEQARROW, '-', STRING_LITERAL, CHAR_LITERAL, BIN_LITERAL, HEX_LITERAL, IDENT, INT_LITERAL, FLOAT_LITERAL, DOUBLE_LITERAL, REAL_LITERAL} [@1001,4604:4614='\ifExintVar',<188>,171:14] (termorseq, taclet, rulesOrAxioms, decls, file) 
303128     WARN  Test worker     d.u.i.k.n.KeYParser       [syntax-error] file:/home/runner/work/key/key/key.core/build/resources/main/de/uka/ilkd/key/proof/rules/ifThenElseRules.key:171:27: extraneous input '(' expecting {'\lemma', '}', IDENT, '/*!'} [@1004,4617:4617='(',<146>,171:27] (rulesOrAxioms, decls, file) 
303128     WARN  Test worker     d.u.i.k.n.KeYParser       [syntax-error] file:/home/runner/work/key/key/key.core/build/resources/main/de/uka/ilkd/key/proof/rules/ifThenElseRules.key:171:30: mismatched input '=' expecting {'(', '{'} [@1007,4620:4620='=',<159>,171:30] (taclet, rulesOrAxioms, decls, file) 
303128     WARN  Test worker     d.u.i.k.n.KeYParser       [syntax-error] file:/home/runner/work/key/key/key.core/build/resources/main/de/uka/ilkd/key/proof/rules/ifThenElseRules.key:173:38: mismatched input '}' expecting {'(', '{'} [@1041,4725:4725='}',<149>,173:38] (taclet, rulesOrAxioms, decls, file) 
303128     WARN  Test worker     d.u.i.k.n.KeYParser       [syntax-error] file:/home/runner/work/key/key/key.core/build/resources/main/de/uka/ilkd/key/proof/rules/ifThenElseRules.key:179:14: mismatched input '\ifExintVar' expecting {MODALITY, FORALL, EXISTS, '\if', '\ifEx', 'true', 'false', '(', '{', '@', NOT, SEQARROW, '-', STRING_LITERAL, CHAR_LITERAL, BIN_LITERAL, HEX_LITERAL, IDENT, INT_LITERAL, FLOAT_LITERAL, DOUBLE_LITERAL, REAL_LITERAL} [@1063,4848:4858='\ifExintVar',<188>,179:14] (termorseq, taclet, rulesOrAxioms, decls, file) 
303129     WARN  Test worker     d.u.i.k.n.KeYParser       [syntax-error] file:/home/runner/work/key/key/key.core/build/resources/main/de/uka/ilkd/key/proof/rules/ifThenElseRules.key:179:27: extraneous input '(' expecting {'\lemma', '}', IDENT, '/*!'} [@1066,4861:4861='(',<146>,179:27] (rulesOrAxioms, decls, file) 
303129     WARN  Test worker     d.u.i.k.n.KeYParser       [syntax-error] file:/home/runner/work/key/key/key.core/build/resources/main/de/uka/ilkd/key/proof/rules/ifThenElseRules.key:179:32: mismatched input '&' expecting {'(', '{'} [@1069,4866:4866='&',<156>,179:32] (taclet, rulesOrAxioms, decls, file) 
303129     WARN  Test worker     d.u.i.k.n.KeYParser       [syntax-error] file:/home/runner/work/key/key/key.core/build/resources/main/de/uka/ilkd/key/proof/rules/ifThenElseRules.key:181:42: mismatched input '}' expecting {'(', '{'} [@1109,4985:4985='}',<149>,181:42] (taclet, rulesOrAxioms, decls, file) 
303129     WARN  Test worker     d.u.i.k.n.KeYParser       [syntax-error] file:/home/runner/work/key/key/key.core/build/resources/main/de/uka/ilkd/key/proof/rules/ifThenElseRules.key:182:39: mismatched input '}' expecting {'(', '{'} [@1122,5030:5030='}',<149>,182:39] (taclet, rulesOrAxioms, decls, file) 
303129     WARN  Test worker     d.u.i.k.n.KeYParser       [syntax-error] file:/home/runner/work/key/key/key.core/build/resources/main/de/uka/ilkd/key/proof/rules/ifThenElseRules.key:188:14: mismatched input '\ifExintVar' expecting {MODALITY, FORALL, EXISTS, '\if', '\ifEx', 'true', 'false', '(', '{', '@', NOT, SEQARROW, '-', STRING_LITERAL, CHAR_LITERAL, BIN_LITERAL, HEX_LITERAL, IDENT, INT_LITERAL, FLOAT_LITERAL, DOUBLE_LITERAL, REAL_LITERAL} [@1146,5149:5159='\ifExintVar',<188>,188:14] (termorseq, taclet, rulesOrAxioms, decls, file) 
303129     WARN  Test worker     d.u.i.k.n.KeYParser       [syntax-error] file:/home/runner/work/key/key/key.core/build/resources/main/de/uka/ilkd/key/proof/rules/ifThenElseRules.key:188:27: extraneous input '(' expecting {'\lemma', '}', IDENT, '/*!'} [@1149,5162:5162='(',<146>,188:27] (rulesOrAxioms, decls, file) 
303129     WARN  Test worker     d.u.i.k.n.KeYParser       [syntax-error] file:/home/runner/work/key/key/key.core/build/resources/main/de/uka/ilkd/key/proof/rules/ifThenElseRules.key:188:32: mismatched input '&' expecting {'(', '{'} [@1152,5167:5167='&',<156>,188:32] (taclet, rulesOrAxioms, decls, file) 
303129     WARN  Test worker     d.u.i.k.n.KeYParser       [syntax-error] file:/home/runner/work/key/key/key.core/build/resources/main/de/uka/ilkd/key/proof/rules/ifThenElseRules.key:190:42: mismatched input '}' expecting {'(', '{'} [@1192,5280:5280='}',<149>,190:42] (taclet, rulesOrAxioms, decls, file) 
303129     WARN  Test worker     d.u.i.k.n.KeYParser       [syntax-error] file:/home/runner/work/key/key/key.core/build/resources/main/de/uka/ilkd/key/proof/rules/ifThenElseRules.key:191:39: mismatched input '}' expecting {'(', '{'} [@1205,5325:5325='}',<149>,191:39] (taclet, rulesOrAxioms, decls, file) 
303129     WARN  Test worker     d.u.i.k.n.KeYParser       [syntax-error] file:/home/runner/work/key/key/key.core/build/resources/main/de/uka/ilkd/key/proof/rules/ifThenElseRules.key:198:14: mismatched input '\ifExintVar' expecting {MODALITY, FORALL, EXISTS, '\if', '\ifEx', 'true', 'false', '(', '{', '@', NOT, SEQARROW, '-', STRING_LITERAL, CHAR_LITERAL, BIN_LITERAL, HEX_LITERAL, IDENT, INT_LITERAL, FLOAT_LITERAL, DOUBLE_LITERAL, REAL_LITERAL} [@1233,5475:5485='\ifExintVar',<188>,198:14] (termorseq, taclet, rulesOrAxioms, decls, file) 
303130     WARN  Test worker     d.u.i.k.n.KeYParser       [syntax-error] file:/home/runner/work/key/key/key.core/build/resources/main/de/uka/ilkd/key/proof/rules/ifThenElseRules.key:198:27: extraneous input '(' expecting {'\lemma', '}', IDENT, '/*!'} [@1236,5488:5488='(',<146>,198:27] (rulesOrAxioms, decls, file) 
303130     WARN  Test worker     d.u.i.k.n.KeYParser       [syntax-error] file:/home/runner/work/key/key/key.core/build/resources/main/de/uka/ilkd/key/proof/rules/ifThenElseRules.key:198:32: mismatched input '&' expecting {'(', '{'} [@1239,5493:5493='&',<156>,198:32] (taclet, rulesOrAxioms, decls, file) 
303130     WARN  Test worker     d.u.i.k.n.KeYParser       [syntax-error] file:/home/runner/work/key/key/key.core/build/resources/main/de/uka/ilkd/key/proof/rules/ifThenElseRules.key:200:42: mismatched input '}' expecting {'(', '{'} [@1279,5612:5612='}',<149>,200:42] (taclet, rulesOrAxioms, decls, file) 
303130     WARN  Test worker     d.u.i.k.n.KeYParser       [syntax-error] file:/home/runner/work/key/key/key.core/build/resources/main/de/uka/ilkd/key/proof/rules/ifThenElseRules.key:201:39: mismatched input '}' expecting {'(', '{'} [@1292,5657:5657='}',<149>,201:39] (taclet, rulesOrAxioms, decls, file) 
303130     WARN  Test worker     d.u.i.k.n.KeYParser       [syntax-error] file:/home/runner/work/key/key/key.core/build/resources/main/de/uka/ilkd/key/proof/rules/ifThenElseRules.key:208:14: mismatched input '\ifExintVar' expecting {MODALITY, FORALL, EXISTS, '\if', '\ifEx', 'true', 'false', '(', '{', '@', NOT, SEQARROW, '-', STRING_LITERAL, CHAR_LITERAL, BIN_LITERAL, HEX_LITERAL, IDENT, INT_LITERAL, FLOAT_LITERAL, DOUBLE_LITERAL, REAL_LITERAL} [@1320,5817:5827='\ifExintVar',<188>,208:14] (termorseq, taclet, rulesOrAxioms, decls, file) 
303130     WARN  Test worker     d.u.i.k.n.KeYParser       [syntax-error] file:/home/runner/work/key/key/key.core/build/resources/main/de/uka/ilkd/key/proof/rules/ifThenElseRules.key:208:27: extraneous input '(' expecting {'\lemma', '}', IDENT, '/*!'} [@1323,5830:5830='(',<146>,208:27] (rulesOrAxioms, decls, file) 
303130     WARN  Test worker     d.u.i.k.n.KeYParser       [syntax-error] file:/home/runner/work/key/key/key.core/build/resources/main/de/uka/ilkd/key/proof/rules/ifThenElseRules.key:208:32: mismatched input '&' expecting {'(', '{'} [@1326,5835:5835='&',<156>,208:32] (taclet, rulesOrAxioms, decls, file) 
303130     WARN  Test worker     d.u.i.k.n.KeYParser       [syntax-error] file:/home/runner/work/key/key/key.core/build/resources/main/de/uka/ilkd/key/proof/rules/ifThenElseRules.key:210:42: mismatched input '}' expecting {'(', '{'} [@1366,5948:5948='}',<149>,210:42] (taclet, rulesOrAxioms, decls, file) 
303131     WARN  Test worker     d.u.i.k.n.KeYParser       [syntax-error] file:/home/runner/work/key/key/key.core/build/resources/main/de/uka/ilkd/key/proof/rules/ifThenElseRules.key:211:39: mismatched input '}' expecting {'(', '{'} [@1379,5993:5993='}',<149>,211:39] (taclet, rulesOrAxioms, decls, file) 
303131     WARN  Test worker     d.u.i.k.n.KeYParser       [syntax-error] file:/home/runner/work/key/key/key.core/build/resources/main/de/uka/ilkd/key/proof/rules/ifThenElseRules.key:218:14: mismatched input '\ifExintVar' expecting {MODALITY, FORALL, EXISTS, '\if', '\ifEx', 'true', 'false', '(', '{', '@', NOT, SEQARROW, '-', STRING_LITERAL, CHAR_LITERAL, BIN_LITERAL, HEX_LITERAL, IDENT, INT_LITERAL, FLOAT_LITERAL, DOUBLE_LITERAL, REAL_LITERAL} [@1407,6146:6156='\ifExintVar',<188>,218:14] (termorseq, taclet, rulesOrAxioms, decls, file) 
303131     WARN  Test worker     d.u.i.k.n.KeYParser       [syntax-error] file:/home/runner/work/key/key/key.core/build/resources/main/de/uka/ilkd/key/proof/rules/ifThenElseRules.key:218:27: extraneous input '(' expecting {'\lemma', '}', IDENT, '/*!'} [@1410,6159:6159='(',<146>,218:27] (rulesOrAxioms, decls, file) 
303131     WARN  Test worker     d.u.i.k.n.KeYParser       [syntax-error] file:/home/runner/work/key/key/key.core/build/resources/main/de/uka/ilkd/key/proof/rules/ifThenElseRules.key:218:31: mismatched input ')' expecting {'(', '{'} [@1412,6163:6163=')',<147>,218:31] (taclet, rulesOrAxioms, decls, file) 
303131     WARN  Test worker     d.u.i.k.n.KeYParser       [syntax-error] file:/home/runner/work/key/key/key.core/build/resources/main/de/uka/ilkd/key/proof/rules/ifThenElseRules.key:220:44: mismatched input ')' expecting {'(', '{'} [@1444,6275:6275=')',<147>,220:44] (taclet, rulesOrAxioms, decls, file) 
303131     WARN  Test worker     d.u.i.k.n.KeYParser       [syntax-error] file:/home/runner/work/key/key/key.core/build/resources/main/de/uka/ilkd/key/proof/rules/ifThenElseRules.key:225:14: mismatched input '\ifExintVar' expecting {MODALITY, FORALL, EXISTS, '\if', '\ifEx', 'true', 'false', '(', '{', '@', NOT, SEQARROW, '-', STRING_LITERAL, CHAR_LITERAL, BIN_LITERAL, HEX_LITERAL, IDENT, INT_LITERAL, FLOAT_LITERAL, DOUBLE_LITERAL, REAL_LITERAL} [@1471,6389:6399='\ifExintVar',<188>,225:14] (termorseq, taclet, rulesOrAxioms, decls, file) 
303131     WARN  Test worker     d.u.i.k.n.KeYParser       [syntax-error] file:/home/runner/work/key/key/key.core/build/resources/main/de/uka/ilkd/key/proof/rules/ifThenElseRules.key:225:27: extraneous input '(' expecting {'\lemma', '}', IDENT, '/*!'} [@1474,6402:6402='(',<146>,225:27] (rulesOrAxioms, decls, file) 
303131     WARN  Test worker     d.u.i.k.n.KeYParser       [syntax-error] file:/home/runner/work/key/key/key.core/build/resources/main/de/uka/ilkd/key/proof/rules/ifThenElseRules.key:225:31: mismatched input ')' expecting {'(', '{'} [@1476,6406:6406=')',<147>,225:31] (taclet, rulesOrAxioms, decls, file) 
303131     WARN  Test worker     d.u.i.k.n.KeYParser       [syntax-error] file:/home/runner/work/key/key/key.core/build/resources/main/de/uka/ilkd/key/proof/rules/ifThenElseRules.key:227:44: mismatched input ')' expecting {'(', '{'} [@1508,6509:6509=')',<147>,227:44] (taclet, rulesOrAxioms, decls, file) 
303132     WARN  Test worker     d.u.i.k.n.KeYParser       [syntax-error] file:/home/runner/work/key/key/key.core/build/resources/main/de/uka/ilkd/key/proof/rules/ifThenElseRules.key:233:14: mismatched input '\ifExintVar' expecting {MODALITY, FORALL, EXISTS, '\if', '\ifEx', 'true', 'false', '(', '{', '@', NOT, SEQARROW, '-', STRING_LITERAL, CHAR_LITERAL, BIN_LITERAL, HEX_LITERAL, IDENT, INT_LITERAL, FLOAT_LITERAL, DOUBLE_LITERAL, REAL_LITERAL} [@1539,6656:6666='\ifExintVar',<188>,233:14] (termorseq, taclet, rulesOrAxioms, decls, file) 
303132     WARN  Test worker     d.u.i.k.n.KeYParser       [syntax-error] file:/home/runner/work/key/key/key.core/build/resources/main/de/uka/ilkd/key/proof/rules/ifThenElseRules.key:233:27: extraneous input '(' expecting {'\lemma', '}', IDENT, '/*!'} [@1542,6669:6669='(',<146>,233:27] (rulesOrAxioms, decls, file) 
303132     WARN  Test worker     d.u.i.k.n.KeYParser       [syntax-error] file:/home/runner/work/key/key/key.core/build/resources/main/de/uka/ilkd/key/proof/rules/ifThenElseRules.key:233:31: mismatched input ')' expecting {'(', '{'} [@1544,6673:6673=')',<147>,233:31] (taclet, rulesOrAxioms, decls, file) 
303132     WARN  Test worker     d.u.i.k.n.KeYParser       [syntax-error] file:/home/runner/work/key/key/key.core/build/resources/main/de/uka/ilkd/key/proof/rules/ifThenElseRules.key:237:42: mismatched input '}' expecting {'(', '{'} [@1586,6850:6850='}',<149>,237:42] (taclet, rulesOrAxioms, decls, file) 
303132     WARN  Test worker     d.u.i.k.n.KeYParser       [syntax-error] file:/home/runner/work/key/key/key.core/build/resources/main/de/uka/ilkd/key/proof/rules/ifThenElseRules.key:238:34: mismatched input '}' expecting {'(', '{'} [@1599,6891:6891='}',<149>,238:34] (taclet, rulesOrAxioms, decls, file) 
303132     WARN  Test worker     d.u.i.k.n.KeYParser       [syntax-error] file:/home/runner/work/key/key/key.core/build/resources/main/de/uka/ilkd/key/proof/rules/ifThenElseRules.key:239:28: extraneous input '(' expecting {'\lemma', '}', IDENT, '/*!'} [@1608,6925:6925='(',<146>,239:28] (rulesOrAxioms, decls, file) 
303132     WARN  Test worker     d.u.i.k.n.KeYParser       [syntax-error] file:/home/runner/work/key/key/key.core/build/resources/main/de/uka/ilkd/key/proof/rules/ifThenElseRules.key:239:33: mismatched input '->' expecting {'(', '{'} [@1611,6930:6931='->',<158>,239:33] (taclet, rulesOrAxioms, decls, file) 
303132     WARN  Test worker     d.u.i.k.n.KeYParser       [syntax-error] file:/home/runner/work/key/key/key.core/build/resources/main/de/uka/ilkd/key/proof/rules/ifThenElseRules.key:240:8: extraneous input '\replacewith' expecting {'\lemma', '}', IDENT, '/*!'} [@1626,6979:6990='\replacewith',<105>,240:8] (rulesOrAxioms, decls, file) 
303132     WARN  Test worker     d.u.i.k.n.KeYParser       [syntax-error] file:/home/runner/work/key/key/key.core/build/resources/main/de/uka/ilkd/key/proof/rules/ifThenElseRules.key:240:25: mismatched input ')' expecting {'(', '{'} [@1629,6996:6996=')',<147>,240:25] (taclet, rulesOrAxioms, decls, file) 
303132     WARN  Test worker     d.u.i.k.n.KeYParser       [syntax-error] file:/home/runner/work/key/key/key.core/build/resources/main/de/uka/ilkd/key/proof/rules/ifThenElseRules.key:240:56: mismatched input ')' expecting {'(', '{'} [@1642,7027:7027=')',<147>,240:56] (taclet, rulesOrAxioms, decls, file) 
303133     WARN  Test worker     d.u.i.k.n.KeYParser       [syntax-error] file:/home/runner/work/key/key/key.core/build/resources/main/de/uka/ilkd/key/proof/rules/ifThenElseRules.key:245:14: mismatched input '\ifExintVar' expecting {MODALITY, FORALL, EXISTS, '\if', '\ifEx', 'true', 'false', '(', '{', '@', NOT, SEQARROW, '-', STRING_LITERAL, CHAR_LITERAL, BIN_LITERAL, HEX_LITERAL, IDENT, INT_LITERAL, FLOAT_LITERAL, DOUBLE_LITERAL, REAL_LITERAL} [@1658,7109:7119='\ifExintVar',<188>,245:14] (termorseq, taclet, rulesOrAxioms, decls, file) 
303133     WARN  Test worker     d.u.i.k.n.KeYParser       [syntax-error] file:/home/runner/work/key/key/key.core/build/resources/main/de/uka/ilkd/key/proof/rules/ifThenElseRules.key:245:27: extraneous input '(' expecting {'\lemma', '}', IDENT, '/*!'} [@1661,7122:7122='(',<146>,245:27] (rulesOrAxioms, decls, file) 
303133     WARN  Test worker     d.u.i.k.n.KeYParser       [syntax-error] file:/home/runner/work/key/key/key.core/build/resources/main/de/uka/ilkd/key/proof/rules/ifThenElseRules.key:245:31: mismatched input ')' expecting {'(', '{'} [@1663,7126:7126=')',<147>,245:31] (taclet, rulesOrAxioms, decls, file) 
303133     WARN  Test worker     d.u.i.k.n.KeYParser       [syntax-error] file:/home/runner/work/key/key/key.core/build/resources/main/de/uka/ilkd/key/proof/rules/ifThenElseRules.key:248:45: mismatched input '}' expecting {'(', '{'} [@1696,7268:7268='}',<149>,248:45] (taclet, rulesOrAxioms, decls, file) 
303133     WARN  Test worker     d.u.i.k.n.KeYParser       [syntax-error] file:/home/runner/work/key/key/key.core/build/resources/main/de/uka/ilkd/key/proof/rules/ifThenElseRules.key:249:8: extraneous input '\replacewith' expecting {'\lemma', '}', IDENT, '/*!'} [@1701,7284:7295='\replacewith',<105>,249:8] (rulesOrAxioms, decls, file) 
303133     WARN  Test worker     d.u.i.k.n.KeYParser       [syntax-error] file:/home/runner/work/key/key/key.core/build/resources/main/de/uka/ilkd/key/proof/rules/ifThenElseRules.key:249:38: mismatched input ')' expecting {'(', '{'} [@1708,7314:7314=')',<147>,249:38] (taclet, rulesOrAxioms, decls, file) 
303133     WARN  Test worker     d.u.i.k.n.KeYParser       [syntax-error] file:/home/runner/work/key/key/key.core/build/resources/main/de/uka/ilkd/key/proof/rules/ifThenElseRules.key:250:42: mismatched input '}' expecting {'(', '{'} [@1731,7381:7381='}',<149>,250:42] (taclet, rulesOrAxioms, decls, file) 
303133     WARN  Test worker     d.u.i.k.n.KeYParser       [syntax-error] file:/home/runner/work/key/key/key.core/build/resources/main/de/uka/ilkd/key/proof/rules/ifThenElseRules.key:251:28: extraneous input '(' expecting {'\lemma', '}', IDENT, '/*!'} [@1741,7416:7416='(',<146>,251:28] (rulesOrAxioms, decls, file) 
303133     WARN  Test worker     d.u.i.k.n.KeYParser       [syntax-error] file:/home/runner/work/key/key/key.core/build/resources/main/de/uka/ilkd/key/proof/rules/ifThenElseRules.key:251:33: mismatched input '->' expecting {'(', '{'} [@1744,7421:7422='->',<158>,251:33] (taclet, rulesOrAxioms, decls, file) 
303133     WARN  Test worker     d.u.i.k.n.KeYParser       [syntax-error] file:/home/runner/work/key/key/key.core/build/resources/main/de/uka/ilkd/key/proof/rules/ifThenElseRules.key:255:14: mismatched input '\ifExintVar' expecting {MODALITY, FORALL, EXISTS, '\if', '\ifEx', 'true', 'false', '(', '{', '@', NOT, SEQARROW, '-', STRING_LITERAL, CHAR_LITERAL, BIN_LITERAL, HEX_LITERAL, IDENT, INT_LITERAL, FLOAT_LITERAL, DOUBLE_LITERAL, REAL_LITERAL} [@1765,7506:7516='\ifExintVar',<188>,255:14] (termorseq, taclet, rulesOrAxioms, decls, file) 
303134     WARN  Test worker     d.u.i.k.n.KeYParser       [syntax-error] file:/home/runner/work/key/key/key.core/build/resources/main/de/uka/ilkd/key/proof/rules/ifThenElseRules.key:255:27: extraneous input '(' expecting {'\lemma', '}', IDENT, '/*!'} [@1768,7519:7519='(',<146>,255:27] (rulesOrAxioms, decls, file) 
303134     WARN  Test worker     d.u.i.k.n.KeYParser       [syntax-error] file:/home/runner/work/key/key/key.core/build/resources/main/de/uka/ilkd/key/proof/rules/ifThenElseRules.key:255:31: mismatched input ')' expecting {'(', '{'} [@1770,7523:7523=')',<147>,255:31] (taclet, rulesOrAxioms, decls, file) 
303134     WARN  Test worker     d.u.i.k.n.KeYParser       [syntax-error] file:/home/runner/work/key/key/key.core/build/resources/main/de/uka/ilkd/key/proof/rules/ifThenElseRules.key:258:52: extraneous input '0' expecting {'\lemma', '}', IDENT, '/*!'} [@1809,7667:7667='0',<184>,258:52] (rulesOrAxioms, decls, file) 
303134     WARN  Test worker     d.u.i.k.n.KeYParser       [syntax-error] file:/home/runner/work/key/key/key.core/build/resources/main/de/uka/ilkd/key/proof/rules/ifThenElseRules.key:258:54: mismatched input 'then' expecting {<EOF>, '\problem', '\chooseContract', '\proofObligation', '\proof'} [@1811,7669:7672='then',<183>,258:54] (file) 
303134     ERROR Test worker     d.u.i.k.s.n.MasterHandlerTest Error reading /home/runner/work/key/key/key.core/build/resources/test/de/uka/ilkd/key/smt/newsmt2/cases/float1.props de.uka.ilkd.key.proof.io.ProblemLoaderException: line 135:14 mismatched input '\ifExintVar' expecting {MODALITY, FORALL, EXISTS, '\if', '\ifEx', 'true', 'false', '(', '{', '@', NOT, SEQARROW, '-', STRING_LITERAL, CHAR_LITERAL, BIN_LITERAL, HEX_LITERAL, IDENT, INT_LITERAL, FLOAT_LITERAL, DOUBLE_LITERAL, REAL_LITERAL}
line 135:27 extraneous input '(' expecting {'\lemma', '}', IDENT, '/*!'}
line 135:44 mismatched input ')' expecting {'(', '{'}
line 141:14 mismatched input '\ifExintVar' expecting {MODALITY, FORALL, EXISTS, '\if', '\ifEx', 'true', 'false', '(', '{', '@', NOT, SEQARROW, '-', STRING_LITERAL, CHAR_LITERAL, BIN_LITERAL, HEX_LITERAL, IDENT, INT_LITERAL, FLOAT_LITERAL, DOUBLE_LITERAL, REAL_LITERAL}
line 141:27 extraneous input '(' expecting {'\lemma', '}', IDENT, '/*!'}
line 141:41 mismatched input ')' expecting {'(', '{'}
line 148:14 mismatched input '\ifExintVar' expecting {MODALITY, FORALL, EXISTS, '\if', '\ifEx', 'true', 'false', '(', '{', '@', NOT, SEQARROW, '-', STRING_LITERAL, CHAR_LITERAL, BIN_LITERAL, HEX_LITERAL, IDENT, INT_LITERAL, FLOAT_LITERAL, DOUBLE_LITERAL, REAL_LITERAL}
line 148:27 extraneous input '(' expecting {'\lemma', '}', IDENT, '/*!'}
line 148:35 mismatched input '=' expecting {'(', '{'}
line 150:38 mismatched input '}' expecting {'(', '{'}
line 155:14 mismatched input '\ifExintVar' expecting {MODALITY, FORALL, EXISTS, '\if', '\ifEx', 'true', 'false', '(', '{', '@', NOT, SEQARROW, '-', STRING_LITERAL, CHAR_LITERAL, BIN_LITERAL, HEX_LITERAL, IDENT, INT_LITERAL, FLOAT_LITERAL, DOUBLE_LITERAL, REAL_LITERAL}
line 155:27 extraneous input '(' expecting {'\lemma', '}', IDENT, '/*!'}
line 155:35 mismatched input '=' expecting {'(', '{'}
line 157:38 mismatched input '}' expecting {'(', '{'}
line 163:14 mismatched input '\ifExintVar' expecting {MODALITY, FORALL, EXISTS, '\if', '\ifEx', 'true', 'false', '(', '{', '@', NOT, SEQARROW, '-', STRING_LITERAL, CHAR_LITERAL, BIN_LITERAL, HEX_LITERAL, IDENT, INT_LITERAL, FLOAT_LITERAL, DOUBLE_LITERAL, REAL_LITERAL}
line 163:27 extraneous input '(' expecting {'\lemma', '}', IDENT, '/*!'}
line 163:30 mismatched input '=' expecting {'(', '{'}
line 165:38 mismatched input '}' expecting {'(', '{'}
line 171:14 mismatched input '\ifExintVar' expecting {MODALITY, FORALL, EXISTS, '\if', '\ifEx', 'true', 'false', '(', '{', '@', NOT, SEQARROW, '-', STRING_LITERAL, CHAR_LITERAL, BIN_LITERAL, HEX_LITERAL, IDENT, INT_LITERAL, FLOAT_LITERAL, DOUBLE_LITERAL, REAL_LITERAL}
line 171:27 extraneous input '(' expecting {'\lemma', '}', IDENT, '/*!'}
line 171:30 mismatched input '=' expecting {'(', '{'}
line 173:38 mismatched input '}' expecting {'(', '{'}
line 179:14 mismatched input '\ifExintVar' expecting {MODALITY, FORALL, EXISTS, '\if', '\ifEx', 'true', 'false', '(', '{', '@', NOT, SEQARROW, '-', STRING_LITERAL, CHAR_LITERAL, BIN_LITERAL, HEX_LITERAL, IDENT, INT_LITERAL, FLOAT_LITERAL, DOUBLE_LITERAL, REAL_LITERAL}
line 179:27 extraneous input '(' expecting {'\lemma', '}', IDENT, '/*!'}
line 179:32 mismatched input '&' expecting {'(', '{'}
line 181:42 mismatched input '}' expecting {'(', '{'}
line 182:39 mismatched input '}' expecting {'(', '{'}
line 188:14 mismatched input '\ifExintVar' expecting {MODALITY, FORALL, EXISTS, '\if', '\ifEx', 'true', 'false', '(', '{', '@', NOT, SEQARROW, '-', STRING_LITERAL, CHAR_LITERAL, BIN_LITERAL, HEX_LITERAL, IDENT, INT_LITERAL, FLOAT_LITERAL, DOUBLE_LITERAL, REAL_LITERAL}
line 188:27 extraneous input '(' expecting {'\lemma', '}', IDENT, '/*!'}
line 188:32 mismatched input '&' expecting {'(', '{'}
line 190:42 mismatched input '}' expecting {'(', '{'}
line 191:39 mismatched input '}' expecting {'(', '{'}
line 198:14 mismatched input '\ifExintVar' expecting {MODALITY, FORALL, EXISTS, '\if', '\ifEx', 'true', 'false', '(', '{', '@', NOT, SEQARROW, '-', STRING_LITERAL, CHAR_LITERAL, BIN_LITERAL, HEX_LITERAL, IDENT, INT_LITERAL, FLOAT_LITERAL, DOUBLE_LITERAL, REAL_LITERAL}
line 198:27 extraneous input '(' expecting {'\lemma', '}', IDENT, '/*!'}
line 198:32 mismatched input '&' expecting {'(', '{'}
line 200:42 mismatched input '}' expecting {'(', '{'}
line 201:39 mismatched input '}' expecting {'(', '{'}
line 208:14 mismatched input '\ifExintVar' expecting {MODALITY, FORALL, EXISTS, '\if', '\ifEx', 'true', 'false', '(', '{', '@', NOT, SEQARROW, '-', STRING_LITERAL, CHAR_LITERAL, BIN_LITERAL, HEX_LITERAL, IDENT, INT_LITERAL, FLOAT_LITERAL, DOUBLE_LITERAL, REAL_LITERAL}
line 208:27 extraneous input '(' expecting {'\lemma', '}', IDENT, '/*!'}
line 208:32 mismatched input '&' expecting {'(', '{'}
line 210:42 mismatched input '}' expecting {'(', '{'}
line 211:39 mismatched input '}' expecting {'(', '{'}
line 218:14 mismatched input '\ifExintVar' expecting {MODALITY, FORALL, EXISTS, '\if', '\ifEx', 'true', 'false', '(', '{', '@', NOT, SEQARROW, '-', STRING_LITERAL, CHAR_LITERAL, BIN_LITERAL, HEX_LITERAL, IDENT, INT_LITERAL, FLOAT_LITERAL, DOUBLE_LITERAL, REAL_LITERAL}
line 218:27 extraneous input '(' expecting {'\lemma', '}', IDENT, '/*!'}
line 218:31 mismatched input ')' expecting {'(', '{'}
line 220:44 mismatched input ')' expecting {'(', '{'}
line 225:14 mismatched input '\ifExintVar' expecting {MODALITY, FORALL, EXISTS, '\if', '\ifEx', 'true', 'false', '(', '{', '@', NOT, SEQARROW, '-', STRING_LITERAL, CHAR_LITERAL, BIN_LITERAL, HEX_LITERAL, IDENT, INT_LITERAL, FLOAT_LITERAL, DOUBLE_LITERAL, REAL_LITERAL}
line 225:27 extraneous input '(' expecting {'\lemma', '}', IDENT, '/*!'}
line 225:31 mismatched input ')' expecting {'(', '{'}
line 227:44 mismatched input ')' expecting {'(', '{'}
line 233:14 mismatched input '\ifExintVar' expecting {MODALITY, FORALL, EXISTS, '\if', '\ifEx', 'true', 'false', '(', '{', '@', NOT, SEQARROW, '-', STRING_LITERAL, CHAR_LITERAL, BIN_LITERAL, HEX_LITERAL, IDENT, INT_LITERAL, FLOAT_LITERAL, DOUBLE_LITERAL, REAL_LITERAL}
line 233:27 extraneous input '(' expecting {'\lemma', '}', IDENT, '/*!'}
line 233:31 mismatched input ')' expecting {'(', '{'}
line 237:42 mismatched input '}' expecting {'(', '{'}
line 238:34 mismatched input '}' expecting {'(', '{'}
line 239:28 extraneous input '(' expecting {'\lemma', '}', IDENT, '/*!'}
line 239:33 mismatched input '->' expecting {'(', '{'}
line 240:8 extraneous input '\replacewith' expecting {'\lemma', '}', IDENT, '/*!'}
line 240:25 mismatched input ')' expecting {'(', '{'}
line 240:56 mismatched input ')' expecting {'(', '{'}
line 245:14 mismatched input '\ifExintVar' expecting {MODALITY, FORALL, EXISTS, '\if', '\ifEx', 'true', 'false', '(', '{', '@', NOT, SEQARROW, '-', STRING_LITERAL, CHAR_LITERAL, BIN_LITERAL, HEX_LITERAL, IDENT, INT_LITERAL, FLOAT_LITERAL, DOUBLE_LITERAL, REAL_LITERAL}
line 245:27 extraneous input '(' expecting {'\lemma', '}', IDENT, '/*!'}
line 245:31 mismatched input ')' expecting {'(', '{'}
line 248:45 mismatched input '}' expecting {'(', '{'}
line 249:8 extraneous input '\replacewith' expecting {'\lemma', '}', IDENT, '/*!'}
line 249:38 mismatched input ')' expecting {'(', '{'}
line 250:42 mismatched input '}' expecting {'(', '{'}
line 251:28 extraneous input '(' expecting {'\lemma', '}', IDENT, '/*!'}
line 251:33 mismatched input '->' expecting {'(', '{'}
line 255:14 mismatched input '\ifExintVar' expecting {MODALITY, FORALL, EXISTS, '\if', '\ifEx', 'true', 'false', '(', '{', '@', NOT, SEQARROW, '-', STRING_LITERAL, CHAR_LITERAL, BIN_LITERAL, HEX_LITERAL, IDENT, INT_LITERAL, FLOAT_LITERAL, DOUBLE_LITERAL, REAL_LITERAL}
line 255:27 extraneous input '(' expecting {'\lemma', '}', IDENT, '/*!'}
line 255:31 mismatched input ')' expecting {'(', '{'}
line 258:52 extraneous input '0' expecting {'\lemma', '}', IDENT, '/*!'}
line 258:54 mismatched input 'then' expecting {<EOF>, '\problem', '\chooseContract', '\proofObligation', '\proof'}

	at de.uka.ilkd.key.control.AbstractUserInterfaceControl.load(AbstractUserInterfaceControl.java:221)
Caused by: de.uka.ilkd.key.proof.init.ProofInputException: line 135:14 mismatched input '\ifExintVar' expecting {MODALITY, FORALL, EXISTS, '\if', '\ifEx', 'true', 'false', '(', '{', '@', NOT, SEQARROW, '-', STRING_LITERAL, CHAR_LITERAL, BIN_LITERAL, HEX_LITERAL, IDENT, INT_LITERAL, FLOAT_LITERAL, DOUBLE_LITERAL, REAL_LITERAL}
line 135:27 extraneous input '(' expecting {'\lemma', '}', IDENT, '/*!'}
line 135:44 mismatched input ')' expecting {'(', '{'}
line 141:14 mismatched input '\ifExintVar' expecting {MODALITY, FORALL, EXISTS, '\if', '\ifEx', 'true', 'false', '(', '{', '@', NOT, SEQARROW, '-', STRING_LITERAL, CHAR_LITERAL, BIN_LITERAL, HEX_LITERAL, IDENT, INT_LITERAL, FLOAT_LITERAL, DOUBLE_LITERAL, REAL_LITERAL}
line 141:27 extraneous input '(' expecting {'\lemma', '}', IDENT, '/*!'}
line 141:41 mismatched input ')' expecting {'(', '{'}
line 148:14 mismatched input '\ifExintVar' expecting {MODALITY, FORALL, EXISTS, '\if', '\ifEx', 'true', 'false', '(', '{', '@', NOT, SEQARROW, '-', STRING_LITERAL, CHAR_LITERAL, BIN_LITERAL, HEX_LITERAL, IDENT, INT_LITERAL, FLOAT_LITERAL, DOUBLE_LITERAL, REAL_LITERAL}
line 148:27 extraneous input '(' expecting {'\lemma', '}', IDENT, '/*!'}
line 148:35 mismatched input '=' expecting {'(', '{'}
line 150:38 mismatched input '}' expecting {'(', '{'}
line 155:14 mismatched input '\ifExintVar' expecting {MODALITY, FORALL, EXISTS, '\if', '\ifEx', 'true', 'false', '(', '{', '@', NOT, SEQARROW, '-', STRING_LITERAL, CHAR_LITERAL, BIN_LITERAL, HEX_LITERAL, IDENT, INT_LITERAL, FLOAT_LITERAL, DOUBLE_LITERAL, REAL_LITERAL}
line 155:27 extraneous input '(' expecting {'\lemma', '}', IDENT, '/*!'}
line 155:35 mismatched input '=' expecting {'(', '{'}
line 157:38 mismatched input '}' expecting {'(', '{'}
line 163:14 mismatched input '\ifExintVar' expecting {MODALITY, FORALL, EXISTS, '\if', '\ifEx', 'true', 'false', '(', '{', '@', NOT, SEQARROW, '-', STRING_LITERAL, CHAR_LITERAL, BIN_LITERAL, HEX_LITERAL, IDENT, INT_LITERAL, FLOAT_LITERAL, DOUBLE_LITERAL, REAL_LITERAL}
line 163:27 extraneous input '(' expecting {'\lemma', '}', IDENT, '/*!'}
line 163:30 mismatched input '=' expecting {'(', '{'}
line 165:38 mismatched input '}' expecting {'(', '{'}
line 171:14 mismatched input '\ifExintVar' expecting {MODALITY, FORALL, EXISTS, '\if', '\ifEx', 'true', 'false', '(', '{', '@', NOT, SEQARROW, '-', STRING_LITERAL, CHAR_LITERAL, BIN_LITERAL, HEX_LITERAL, IDENT, INT_LITERAL, FLOAT_LITERAL, DOUBLE_LITERAL, REAL_LITERAL}
line 171:27 extraneous input '(' expecting {'\lemma', '}', IDENT, '/*!'}
line 171:30 mismatched input '=' expecting {'(', '{'}
line 173:38 mismatched input '}' expecting {'(', '{'}
line 179:14 mismatched input '\ifExintVar' expecting {MODALITY, FORALL, EXISTS, '\if', '\ifEx', 'true', 'false', '(', '{', '@', NOT, SEQARROW, '-', STRING_LITERAL, CHAR_LITERAL, BIN_LITERAL, HEX_LITERAL, IDENT, INT_LITERAL, FLOAT_LITERAL, DOUBLE_LITERAL, REAL_LITERAL}
line 179:27 extraneous input '(' expecting {'\lemma', '}', IDENT, '/*!'}
line 179:32 mismatched input '&' expecting {'(', '{'}
line 181:42 mismatched input '}' expecting {'(', '{'}
line 182:39 mismatched input '}' expecting {'(', '{'}
line 188:14 mismatched input '\ifExintVar' expecting {MODALITY, FORALL, EXISTS, '\if', '\ifEx', 'true', 'false', '(', '{', '@', NOT, SEQARROW, '-', STRING_LITERAL, CHAR_LITERAL, BIN_LITERAL, HEX_LITERAL, IDENT, INT_LITERAL, FLOAT_LITERAL, DOUBLE_LITERAL, REAL_LITERAL}
line 188:27 extraneous input '(' expecting {'\lemma', '}', IDENT, '/*!'}
line 188:32 mismatched input '&' expecting {'(', '{'}
line 190:42 mismatched input '}' expecting {'(', '{'}
line 191:39 mismatched input '}' expecting {'(', '{'}
line 198:14 mismatched input '\ifExintVar' expecting {MODALITY, FORALL, EXISTS, '\if', '\ifEx', 'true', 'false', '(', '{', '@', NOT, SEQARROW, '-', STRING_LITERAL, CHAR_LITERAL, BIN_LITERAL, HEX_LITERAL, IDENT, INT_LITERAL, FLOAT_LITERAL, DOUBLE_LITERAL, REAL_LITERAL}
line 198:27 extraneous input '(' expecting {'\lemma', '}', IDENT, '/*!'}
line 198:32 mismatched input '&' expecting {'(', '{'}
line 200:42 mismatched input '}' expecting {'(', '{'}
line 201:39 mismatched input '}' expecting {'(', '{'}
line 208:14 mismatched input '\ifExintVar' expecting {MODALITY, FORALL, EXISTS, '\if', '\ifEx', 'true', 'false', '(', '{', '@', NOT, SEQARROW, '-', STRING_LITERAL, CHAR_LITERAL, BIN_LITERAL, HEX_LITERAL, IDENT, INT_LITERAL, FLOAT_LITERAL, DOUBLE_LITERAL, REAL_LITERAL}
line 208:27 extraneous input '(' expecting {'\lemma', '}', IDENT, '/*!'}
line 208:32 mismatched input '&' expecting {'(', '{'}
line 210:42 mismatched input '}' expecting {'(', '{'}
line 211:39 mismatched input '}' expecting {'(', '{'}
line 218:14 mismatched input '\ifExintVar' expecting {MODALITY, FORALL, EXISTS, '\if', '\ifEx', 'true', 'false', '(', '{', '@', NOT, SEQARROW, '-', STRING_LITERAL, CHAR_LITERAL, BIN_LITERAL, HEX_LITERAL, IDENT, INT_LITERAL, FLOAT_LITERAL, DOUBLE_LITERAL, REAL_LITERAL}
line 218:27 extraneous input '(' expecting {'\lemma', '}', IDENT, '/*!'}
line 218:31 mismatched input ')' expecting {'(', '{'}
line 220:44 mismatched input ')' expecting {'(', '{'}
line 225:14 mismatched input '\ifExintVar' expecting {MODALITY, FORALL, EXISTS, '\if', '\ifEx', 'true', 'false', '(', '{', '@', NOT, SEQARROW, '-', STRING_LITERAL, CHAR_LITERAL, BIN_LITERAL, HEX_LITERAL, IDENT, INT_LITERAL, FLOAT_LITERAL, DOUBLE_LITERAL, REAL_LITERAL}
line 225:27 extraneous input '(' expecting {'\lemma', '}', IDENT, '/*!'}
line 225:31 mismatched input ')' expecting {'(', '{'}
line 227:44 mismatched input ')' expecting {'(', '{'}
line 233:14 mismatched input '\ifExintVar' expecting {MODALITY, FORALL, EXISTS, '\if', '\ifEx', 'true', 'false', '(', '{', '@', NOT, SEQARROW, '-', STRING_LITERAL, CHAR_LITERAL, BIN_LITERAL, HEX_LITERAL, IDENT, INT_LITERAL, FLOAT_LITERAL, DOUBLE_LITERAL, REAL_LITERAL}
line 233:27 extraneous input '(' expecting {'\lemma', '}', IDENT, '/*!'}
line 233:31 mismatched input ')' expecting {'(', '{'}
line 237:42 mismatched input '}' expecting {'(', '{'}
line 238:34 mismatched input '}' expecting {'(', '{'}
line 239:28 extraneous input '(' expecting {'\lemma', '}', IDENT, '/*!'}
line 239:33 mismatched input '->' expecting {'(', '{'}
line 240:8 extraneous input '\replacewith' expecting {'\lemma', '}', IDENT, '/*!'}
line 240:25 mismatched input ')' expecting {'(', '{'}
line 240:56 mismatched input ')' expecting {'(', '{'}
line 245:14 mismatched input '\ifExintVar' expecting {MODALITY, FORALL, EXISTS, '\if', '\ifEx', 'true', 'false', '(', '{', '@', NOT, SEQARROW, '-', STRING_LITERAL, CHAR_LITERAL, BIN_LITERAL, HEX_LITERAL, IDENT, INT_LITERAL, FLOAT_LITERAL, DOUBLE_LITERAL, REAL_LITERAL}
line 245:27 extraneous input '(' expecting {'\lemma', '}', IDENT, '/*!'}
line 245:31 mismatched input ')' expecting {'(', '{'}
line 248:45 mismatched input '}' expecting {'(', '{'}
line 249:8 extraneous input '\replacewith' expecting {'\lemma', '}', IDENT, '/*!'}
line 249:38 mismatched input ')' expecting {'(', '{'}
line 250:42 mismatched input '}' expecting {'(', '{'}
line 251:28 extraneous input '(' expecting {'\lemma', '}', IDENT, '/*!'}
line 251:33 mismatched input '->' expecting {'(', '{'}
line 255:14 mismatched input '\ifExintVar' expecting {MODALITY, FORALL, EXISTS, '\if', '\ifEx', 'true', 'false', '(', '{', '@', NOT, SEQARROW, '-', STRING_LITERAL, CHAR_LITERAL, BIN_LITERAL, HEX_LITERAL, IDENT, INT_LITERAL, FLOAT_LITERAL, DOUBLE_LITERAL, REAL_LITERAL}
line 255:27 extraneous input '(' expecting {'\lemma', '}', IDENT, '/*!'}
line 255:31 mismatched input ')' expecting {'(', '{'}
line 258:52 extraneous input '0' expecting {'\lemma', '}', IDENT, '/*!'}
line 258:54 mismatched input 'then' expecting {<EOF>, '\problem', '\chooseContract', '\proofObligation', '\proof'}

	at de.uka.ilkd.key.proof.io.KeYFile.readIncludes(KeYFile.java:210)
Caused by: de.uka.ilkd.key.util.parsing.SyntaxErrorReporter$ParserException: line 135:14 mismatched input '\ifExintVar' expecting {MODALITY, FORALL, EXISTS, '\if', '\ifEx', 'true', 'false', '(', '{', '@', NOT, SEQARROW, '-', STRING_LITERAL, CHAR_LITERAL, BIN_LITERAL, HEX_LITERAL, IDENT, INT_LITERAL, FLOAT_LITERAL, DOUBLE_LITERAL, REAL_LITERAL}
line 135:27 extraneous input '(' expecting {'\lemma', '}', IDENT, '/*!'}
line 135:44 mismatched input ')' expecting {'(', '{'}
line 141:14 mismatched input '\ifExintVar' expecting {MODALITY, FORALL, EXISTS, '\if', '\ifEx', 'true', 'false', '(', '{', '@', NOT, SEQARROW, '-', STRING_LITERAL, CHAR_LITERAL, BIN_LITERAL, HEX_LITERAL, IDENT, INT_LITERAL, FLOAT_LITERAL, DOUBLE_LITERAL, REAL_LITERAL}
line 141:27 extraneous input '(' expecting {'\lemma', '}', IDENT, '/*!'}
line 141:41 mismatched input ')' expecting {'(', '{'}
line 148:14 mismatched input '\ifExintVar' expecting {MODALITY, FORALL, EXISTS, '\if', '\ifEx', 'true', 'false', '(', '{', '@', NOT, SEQARROW, '-', STRING_LITERAL, CHAR_LITERAL, BIN_LITERAL, HEX_LITERAL, IDENT, INT_LITERAL, FLOAT_LITERAL, DOUBLE_LITERAL, REAL_LITERAL}
line 148:27 extraneous input '(' expecting {'\lemma', '}', IDENT, '/*!'}
line 148:35 mismatched input '=' expecting {'(', '{'}
line 150:38 mismatched input '}' expecting {'(', '{'}
line 155:14 mismatched input '\ifExintVar' expecting {MODALITY, FORALL, EXISTS, '\if', '\ifEx', 'true', 'false', '(', '{', '@', NOT, SEQARROW, '-', STRING_LITERAL, CHAR_LITERAL, BIN_LITERAL, HEX_LITERAL, IDENT, INT_LITERAL, FLOAT_LITERAL, DOUBLE_LITERAL, REAL_LITERAL}
line 155:27 extraneous input '(' expecting {'\lemma', '}', IDENT, '/*!'}
line 155:35 mismatched input '=' expecting {'(', '{'}
line 157:38 mismatched input '}' expecting {'(', '{'}
line 163:14 mismatched input '\ifExintVar' expecting {MODALITY, FORALL, EXISTS, '\if', '\ifEx', 'true', 'false', '(', '{', '@', NOT, SEQARROW, '-', STRING_LITERAL, CHAR_LITERAL, BIN_LITERAL, HEX_LITERAL, IDENT, INT_LITERAL, FLOAT_LITERAL, DOUBLE_LITERAL, REAL_LITERAL}
line 163:27 extraneous input '(' expecting {'\lemma', '}', IDENT, '/*!'}
line 163:30 mismatched input '=' expecting {'(', '{'}
line 165:38 mismatched input '}' expecting {'(', '{'}
line 171:14 mismatched input '\ifExintVar' expecting {MODALITY, FORALL, EXISTS, '\if', '\ifEx', 'true', 'false', '(', '{', '@', NOT, SEQARROW, '-', STRING_LITERAL, CHAR_LITERAL, BIN_LITERAL, HEX_LITERAL, IDENT, INT_LITERAL, FLOAT_LITERAL, DOUBLE_LITERAL, REAL_LITERAL}
line 171:27 extraneous input '(' expecting {'\lemma', '}', IDENT, '/*!'}
line 171:30 mismatched input '=' expecting {'(', '{'}
line 173:38 mismatched input '}' expecting {'(', '{'}
line 179:14 mismatched input '\ifExintVar' expecting {MODALITY, FORALL, EXISTS, '\if', '\ifEx', 'true', 'false', '(', '{', '@', NOT, SEQARROW, '-', STRING_LITERAL, CHAR_LITERAL, BIN_LITERAL, HEX_LITERAL, IDENT, INT_LITERAL, FLOAT_LITERAL, DOUBLE_LITERAL, REAL_LITERAL}
line 179:27 extraneous input '(' expecting {'\lemma', '}', IDENT, '/*!'}
line 179:32 mismatched input '&' expecting {'(', '{'}
line 181:42 mismatched input '}' expecting {'(', '{'}
line 182:39 mismatched input '}' expecting {'(', '{'}
line 188:14 mismatched input '\ifExintVar' expecting {MODALITY, FORALL, EXISTS, '\if', '\ifEx', 'true', 'false', '(', '{', '@', NOT, SEQARROW, '-', STRING_LITERAL, CHAR_LITERAL, BIN_LITERAL, HEX_LITERAL, IDENT, INT_LITERAL, FLOAT_LITERAL, DOUBLE_LITERAL, REAL_LITERAL}
line 188:27 extraneous input '(' expecting {'\lemma', '}', IDENT, '/*!'}
line 188:32 mismatched input '&' expecting {'(', '{'}
line 190:42 mismatched input '}' expecting {'(', '{'}
line 191:39 mismatched input '}' expecting {'(', '{'}
line 198:14 mismatched input '\ifExintVar' expecting {MODALITY, FORALL, EXISTS, '\if', '\ifEx', 'true', 'false', '(', '{', '@', NOT, SEQARROW, '-', STRING_LITERAL, CHAR_LITERAL, BIN_LITERAL, HEX_LITERAL, IDENT, INT_LITERAL, FLOAT_LITERAL, DOUBLE_LITERAL, REAL_LITERAL}
line 198:27 extraneous input '(' expecting {'\lemma', '}', IDENT, '/*!'}
line 198:32 mismatched input '&' expecting {'(', '{'}
line 200:42 mismatched input '}' expecting {'(', '{'}
line 201:39 mismatched input '}' expecting {'(', '{'}
line 208:14 mismatched input '\ifExintVar' expecting {MODALITY, FORALL, EXISTS, '\if', '\ifEx', 'true', 'false', '(', '{', '@', NOT, SEQARROW, '-', STRING_LITERAL, CHAR_LITERAL, BIN_LITERAL, HEX_LITERAL, IDENT, INT_LITERAL, FLOAT_LITERAL, DOUBLE_LITERAL, REAL_LITERAL}
line 208:27 extraneous input '(' expecting {'\lemma', '}', IDENT, '/*!'}
line 208:32 mismatched input '&' expecting {'(', '{'}
line 210:42 mismatched input '}' expecting {'(', '{'}
line 211:39 mismatched input '}' expecting {'(', '{'}
line 218:14 mismatched input '\ifExintVar' expecting {MODALITY, FORALL, EXISTS, '\if', '\ifEx', 'true', 'false', '(', '{', '@', NOT, SEQARROW, '-', STRING_LITERAL, CHAR_LITERAL, BIN_LITERAL, HEX_LITERAL, IDENT, INT_LITERAL, FLOAT_LITERAL, DOUBLE_LITERAL, REAL_LITERAL}
line 218:27 extraneous input '(' expecting {'\lemma', '}', IDENT, '/*!'}
line 218:31 mismatched input ')' expecting {'(', '{'}
line 220:44 mismatched input ')' expecting {'(', '{'}
line 225:14 mismatched input '\ifExintVar' expecting {MODALITY, FORALL, EXISTS, '\if', '\ifEx', 'true', 'false', '(', '{', '@', NOT, SEQARROW, '-', STRING_LITERAL, CHAR_LITERAL, BIN_LITERAL, HEX_LITERAL, IDENT, INT_LITERAL, FLOAT_LITERAL, DOUBLE_LITERAL, REAL_LITERAL}
line 225:27 extraneous input '(' expecting {'\lemma', '}', IDENT, '/*!'}
line 225:31 mismatched input ')' expecting {'(', '{'}
line 227:44 mismatched input ')' expecting {'(', '{'}
line 233:14 mismatched input '\ifExintVar' expecting {MODALITY, FORALL, EXISTS, '\if', '\ifEx', 'true', 'false', '(', '{', '@', NOT, SEQARROW, '-', STRING_LITERAL, CHAR_LITERAL, BIN_LITERAL, HEX_LITERAL, IDENT, INT_LITERAL, FLOAT_LITERAL, DOUBLE_LITERAL, REAL_LITERAL}
line 233:27 extraneous input '(' expecting {'\lemma', '}', IDENT, '/*!'}
line 233:31 mismatched input ')' expecting {'(', '{'}
line 237:42 mismatched input '}' expecting {'(', '{'}
line 238:34 mismatched input '}' expecting {'(', '{'}
line 239:28 extraneous input '(' expecting {'\lemma', '}', IDENT, '/*!'}
line 239:33 mismatched input '->' expecting {'(', '{'}
line 240:8 extraneous input '\replacewith' expecting {'\lemma', '}', IDENT, '/*!'}
line 240:25 mismatched input ')' expecting {'(', '{'}
line 240:56 mismatched input ')' expecting {'(', '{'}
line 245:14 mismatched input '\ifExintVar' expecting {MODALITY, FORALL, EXISTS, '\if', '\ifEx', 'true', 'false', '(', '{', '@', NOT, SEQARROW, '-', STRING_LITERAL, CHAR_LITERAL, BIN_LITERAL, HEX_LITERAL, IDENT, INT_LITERAL, FLOAT_LITERAL, DOUBLE_LITERAL, REAL_LITERAL}
line 245:27 extraneous input '(' expecting {'\lemma', '}', IDENT, '/*!'}
line 245:31 mismatched input ')' expecting {'(', '{'}
line 248:45 mismatched input '}' expecting {'(', '{'}
line 249:8 extraneous input '\replacewith' expecting {'\lemma', '}', IDENT, '/*!'}
line 249:38 mismatched input ')' expecting {'(', '{'}
line 250:42 mismatched input '}' expecting {'(', '{'}
line 251:28 extraneous input '(' expecting {'\lemma', '}', IDENT, '/*!'}
line 251:33 mismatched input '->' expecting {'(', '{'}
line 255:14 mismatched input '\ifExintVar' expecting {MODALITY, FORALL, EXISTS, '\if', '\ifEx', 'true', 'false', '(', '{', '@', NOT, SEQARROW, '-', STRING_LITERAL, CHAR_LITERAL, BIN_LITERAL, HEX_LITERAL, IDENT, INT_LITERAL, FLOAT_LITERAL, DOUBLE_LITERAL, REAL_LITERAL}
line 255:27 extraneous input '(' expecting {'\lemma', '}', IDENT, '/*!'}
line 255:31 mismatched input ')' expecting {'(', '{'}
line 258:52 extraneous input '0' expecting {'\lemma', '}', IDENT, '/*!'}
line 258:54 mismatched input 'then' expecting {<EOF>, '\problem', '\chooseContract', '\proofObligation', '\proof'}

	at de.uka.ilkd.key.util.parsing.SyntaxErrorReporter.throwException(SyntaxErrorReporter.java:89)

303170     WARN  Test worker     d.u.i.k.n.KeYParser       [syntax-error] file:/home/runner/work/key/key/key.core/build/resources/main/de/uka/ilkd/key/proof/rules/ifThenElseRules.key:135:14: mismatched input '\ifExintVar' expecting {MODALITY, FORALL, EXISTS, '\if', '\ifEx', 'true', 'false', '(', '{', '@', NOT, SEQARROW, '-', STRING_LITERAL, CHAR_LITERAL, BIN_LITERAL, HEX_LITERAL, IDENT, INT_LITERAL, FLOAT_LITERAL, DOUBLE_LITERAL, REAL_LITERAL} [@745,3563:3573='\ifExintVar',<188>,135:14] (termorseq, taclet, rulesOrAxioms, decls, file) 
303170     WARN  Test worker     d.u.i.k.n.KeYParser       [syntax-error] file:/home/runner/work/key/key/key.core/build/resources/main/de/uka/ilkd/key/proof/rules/ifThenElseRules.key:135:27: extraneous input '(' expecting {'\lemma', '}', IDENT, '/*!'} [@748,3576:3576='(',<146>,135:27] (rulesOrAxioms, decls, file) 
303171     WARN  Test worker     d.u.i.k.n.KeYParser       [syntax-error] file:/home/runner/work/key/key/key.core/build/resources/main/de/uka/ilkd/key/proof/rules/ifThenElseRules.key:135:44: mismatched input ')' expecting {'(', '{'} [@754,3593:3593=')',<147>,135:44] (taclet, rulesOrAxioms, decls, file) 
303171     WARN  Test worker     d.u.i.k.n.KeYParser       [syntax-error] file:/home/runner/work/key/key/key.core/build/resources/main/de/uka/ilkd/key/proof/rules/ifThenElseRules.key:141:14: mismatched input '\ifExintVar' expecting {MODALITY, FORALL, EXISTS, '\if', '\ifEx', 'true', 'false', '(', '{', '@', NOT, SEQARROW, '-', STRING_LITERAL, CHAR_LITERAL, BIN_LITERAL, HEX_LITERAL, IDENT, INT_LITERAL, FLOAT_LITERAL, DOUBLE_LITERAL, REAL_LITERAL} [@780,3716:3726='\ifExintVar',<188>,141:14] (termorseq, taclet, rulesOrAxioms, decls, file) 
303171     WARN  Test worker     d.u.i.k.n.KeYParser       [syntax-error] file:/home/runner/work/key/key/key.core/build/resources/main/de/uka/ilkd/key/proof/rules/ifThenElseRules.key:141:27: extraneous input '(' expecting {'\lemma', '}', IDENT, '/*!'} [@783,3729:3729='(',<146>,141:27] (rulesOrAxioms, decls, file) 
303171     WARN  Test worker     d.u.i.k.n.KeYParser       [syntax-error] file:/home/runner/work/key/key/key.core/build/resources/main/de/uka/ilkd/key/proof/rules/ifThenElseRules.key:141:41: mismatched input ')' expecting {'(', '{'} [@789,3743:3743=')',<147>,141:41] (taclet, rulesOrAxioms, decls, file) 
303171     WARN  Test worker     d.u.i.k.n.KeYParser       [syntax-error] file:/home/runner/work/key/key/key.core/build/resources/main/de/uka/ilkd/key/proof/rules/ifThenElseRules.key:148:14: mismatched input '\ifExintVar' expecting {MODALITY, FORALL, EXISTS, '\if', '\ifEx', 'true', 'false', '(', '{', '@', NOT, SEQARROW, '-', STRING_LITERAL, CHAR_LITERAL, BIN_LITERAL, HEX_LITERAL, IDENT, INT_LITERAL, FLOAT_LITERAL, DOUBLE_LITERAL, REAL_LITERAL} [@819,3896:3906='\ifExintVar',<188>,148:14] (termorseq, taclet, rulesOrAxioms, decls, file) 
303171     WARN  Test worker     d.u.i.k.n.KeYParser       [syntax-error] file:/home/runner/work/key/key/key.core/build/resources/main/de/uka/ilkd/key/proof/rules/ifThenElseRules.key:148:27: extraneous input '(' expecting {'\lemma', '}', IDENT, '/*!'} [@822,3909:3909='(',<146>,148:27] (rulesOrAxioms, decls, file) 
303171     WARN  Test worker     d.u.i.k.n.KeYParser       [syntax-error] file:/home/runner/work/key/key/key.core/build/resources/main/de/uka/ilkd/key/proof/rules/ifThenElseRules.key:148:35: mismatched input '=' expecting {'(', '{'} [@825,3917:3917='=',<159>,148:35] (taclet, rulesOrAxioms, decls, file) 
303171     WARN  Test worker     d.u.i.k.n.KeYParser       [syntax-error] file:/home/runner/work/key/key/key.core/build/resources/main/de/uka/ilkd/key/proof/rules/ifThenElseRules.key:150:38: mismatched input '}' expecting {'(', '{'} [@859,4023:4023='}',<149>,150:38] (taclet, rulesOrAxioms, decls, file) 
303172     WARN  Test worker     d.u.i.k.n.KeYParser       [syntax-error] file:/home/runner/work/key/key/key.core/build/resources/main/de/uka/ilkd/key/proof/rules/ifThenElseRules.key:155:14: mismatched input '\ifExintVar' expecting {MODALITY, FORALL, EXISTS, '\if', '\ifEx', 'true', 'false', '(', '{', '@', NOT, SEQARROW, '-', STRING_LITERAL, CHAR_LITERAL, BIN_LITERAL, HEX_LITERAL, IDENT, INT_LITERAL, FLOAT_LITERAL, DOUBLE_LITERAL, REAL_LITERAL} [@877,4109:4119='\ifExintVar',<188>,155:14] (termorseq, taclet, rulesOrAxioms, decls, file) 
303172     WARN  Test worker     d.u.i.k.n.KeYParser       [syntax-error] file:/home/runner/work/key/key/key.core/build/resources/main/de/uka/ilkd/key/proof/rules/ifThenElseRules.key:155:27: extraneous input '(' expecting {'\lemma', '}', IDENT, '/*!'} [@880,4122:4122='(',<146>,155:27] (rulesOrAxioms, decls, file) 
303172     WARN  Test worker     d.u.i.k.n.KeYParser       [syntax-error] file:/home/runner/work/key/key/key.core/build/resources/main/de/uka/ilkd/key/proof/rules/ifThenElseRules.key:155:35: mismatched input '=' expecting {'(', '{'} [@883,4130:4130='=',<159>,155:35] (taclet, rulesOrAxioms, decls, file) 
303172     WARN  Test worker     d.u.i.k.n.KeYParser       [syntax-error] file:/home/runner/work/key/key/key.core/build/resources/main/de/uka/ilkd/key/proof/rules/ifThenElseRules.key:157:38: mismatched input '}' expecting {'(', '{'} [@917,4230:4230='}',<149>,157:38] (taclet, rulesOrAxioms, decls, file) 
303172     WARN  Test worker     d.u.i.k.n.KeYParser       [syntax-error] file:/home/runner/work/key/key/key.core/build/resources/main/de/uka/ilkd/key/proof/rules/ifThenElseRules.key:163:14: mismatched input '\ifExintVar' expecting {MODALITY, FORALL, EXISTS, '\if', '\ifEx', 'true', 'false', '(', '{', '@', NOT, SEQARROW, '-', STRING_LITERAL, CHAR_LITERAL, BIN_LITERAL, HEX_LITERAL, IDENT, INT_LITERAL, FLOAT_LITERAL, DOUBLE_LITERAL, REAL_LITERAL} [@939,4350:4360='\ifExintVar',<188>,163:14] (termorseq, taclet, rulesOrAxioms, decls, file) 
303172     WARN  Test worker     d.u.i.k.n.KeYParser       [syntax-error] file:/home/runner/work/key/key/key.core/build/resources/main/de/uka/ilkd/key/proof/rules/ifThenElseRules.key:163:27: extraneous input '(' expecting {'\lemma', '}', IDENT, '/*!'} [@942,4363:4363='(',<146>,163:27] (rulesOrAxioms, decls, file) 
303172     WARN  Test worker     d.u.i.k.n.KeYParser       [syntax-error] file:/home/runner/work/key/key/key.core/build/resources/main/de/uka/ilkd/key/proof/rules/ifThenElseRules.key:163:30: mismatched input '=' expecting {'(', '{'} [@945,4366:4366='=',<159>,163:30] (taclet, rulesOrAxioms, decls, file) 
303172     WARN  Test worker     d.u.i.k.n.KeYParser       [syntax-error] file:/home/runner/work/key/key/key.core/build/resources/main/de/uka/ilkd/key/proof/rules/ifThenElseRules.key:165:38: mismatched input '}' expecting {'(', '{'} [@979,4477:4477='}',<149>,165:38] (taclet, rulesOrAxioms, decls, file) 
303172     WARN  Test worker     d.u.i.k.n.KeYParser       [syntax-error] file:/home/runner/work/key/key/key.core/build/resources/main/de/uka/ilkd/key/proof/rules/ifThenElseRules.key:171:14: mismatched input '\ifExintVar' expecting {MODALITY, FORALL, EXISTS, '\if', '\ifEx', 'true', 'false', '(', '{', '@', NOT, SEQARROW, '-', STRING_LITERAL, CHAR_LITERAL, BIN_LITERAL, HEX_LITERAL, IDENT, INT_LITERAL, FLOAT_LITERAL, DOUBLE_LITERAL, REAL_LITERAL} [@1001,4604:4614='\ifExintVar',<188>,171:14] (termorseq, taclet, rulesOrAxioms, decls, file) 
303173     WARN  Test worker     d.u.i.k.n.KeYParser       [syntax-error] file:/home/runner/work/key/key/key.core/build/resources/main/de/uka/ilkd/key/proof/rules/ifThenElseRules.key:171:27: extraneous input '(' expecting {'\lemma', '}', IDENT, '/*!'} [@1004,4617:4617='(',<146>,171:27] (rulesOrAxioms, decls, file) 
303173     WARN  Test worker     d.u.i.k.n.KeYParser       [syntax-error] file:/home/runner/work/key/key/key.core/build/resources/main/de/uka/ilkd/key/proof/rules/ifThenElseRules.key:171:30: mismatched input '=' expecting {'(', '{'} [@1007,4620:4620='=',<159>,171:30] (taclet, rulesOrAxioms, decls, file) 
303173     WARN  Test worker     d.u.i.k.n.KeYParser       [syntax-error] file:/home/runner/work/key/key/key.core/build/resources/main/de/uka/ilkd/key/proof/rules/ifThenElseRules.key:173:38: mismatched input '}' expecting {'(', '{'} [@1041,4725:4725='}',<149>,173:38] (taclet, rulesOrAxioms, decls, file) 
303173     WARN  Test worker     d.u.i.k.n.KeYParser       [syntax-error] file:/home/runner/work/key/key/key.core/build/resources/main/de/uka/ilkd/key/proof/rules/ifThenElseRules.key:179:14: mismatched input '\ifExintVar' expecting {MODALITY, FORALL, EXISTS, '\if', '\ifEx', 'true', 'false', '(', '{', '@', NOT, SEQARROW, '-', STRING_LITERAL, CHAR_LITERAL, BIN_LITERAL, HEX_LITERAL, IDENT, INT_LITERAL, FLOAT_LITERAL, DOUBLE_LITERAL, REAL_LITERAL} [@1063,4848:4858='\ifExintVar',<188>,179:14] (termorseq, taclet, rulesOrAxioms, decls, file) 
303173     WARN  Test worker     d.u.i.k.n.KeYParser       [syntax-error] file:/home/runner/work/key/key/key.core/build/resources/main/de/uka/ilkd/key/proof/rules/ifThenElseRules.key:179:27: extraneous input '(' expecting {'\lemma', '}', IDENT, '/*!'} [@1066,4861:4861='(',<146>,179:27] (rulesOrAxioms, decls, file) 
303173     WARN  Test worker     d.u.i.k.n.KeYParser       [syntax-error] file:/home/runner/work/key/key/key.core/build/resources/main/de/uka/ilkd/key/proof/rules/ifThenElseRules.key:179:32: mismatched input '&' expecting {'(', '{'} [@1069,4866:4866='&',<156>,179:32] (taclet, rulesOrAxioms, decls, file) 
303173     WARN  Test worker     d.u.i.k.n.KeYParser       [syntax-error] file:/home/runner/work/key/key/key.core/build/resources/main/de/uka/ilkd/key/proof/rules/ifThenElseRules.key:181:42: mismatched input '}' expecting {'(', '{'} [@1109,4985:4985='}',<149>,181:42] (taclet, rulesOrAxioms, decls, file) 
303173     WARN  Test worker     d.u.i.k.n.KeYParser       [syntax-error] file:/home/runner/work/key/key/key.core/build/resources/main/de/uka/ilkd/key/proof/rules/ifThenElseRules.key:182:39: mismatched input '}' expecting {'(', '{'} [@1122,5030:5030='}',<149>,182:39] (taclet, rulesOrAxioms, decls, file) 
303173     WARN  Test worker     d.u.i.k.n.KeYParser       [syntax-error] file:/home/runner/work/key/key/key.core/build/resources/main/de/uka/ilkd/key/proof/rules/ifThenElseRules.key:188:14: mismatched input '\ifExintVar' expecting {MODALITY, FORALL, EXISTS, '\if', '\ifEx', 'true', 'false', '(', '{', '@', NOT, SEQARROW, '-', STRING_LITERAL, CHAR_LITERAL, BIN_LITERAL, HEX_LITERAL, IDENT, INT_LITERAL, FLOAT_LITERAL, DOUBLE_LITERAL, REAL_LITERAL} [@1146,5149:5159='\ifExintVar',<188>,188:14] (termorseq, taclet, rulesOrAxioms, decls, file) 
303174     WARN  Test worker     d.u.i.k.n.KeYParser       [syntax-error] file:/home/runner/work/key/key/key.core/build/resources/main/de/uka/ilkd/key/proof/rules/ifThenElseRules.key:188:27: extraneous input '(' expecting {'\lemma', '}', IDENT, '/*!'} [@1149,5162:5162='(',<146>,188:27] (rulesOrAxioms, decls, file) 
303174     WARN  Test worker     d.u.i.k.n.KeYParser       [syntax-error] file:/home/runner/work/key/key/key.core/build/resources/main/de/uka/ilkd/key/proof/rules/ifThenElseRules.key:188:32: mismatched input '&' expecting {'(', '{'} [@1152,5167:5167='&',<156>,188:32] (taclet, rulesOrAxioms, decls, file) 
303174     WARN  Test worker     d.u.i.k.n.KeYParser       [syntax-error] file:/home/runner/work/key/key/key.core/build/resources/main/de/uka/ilkd/key/proof/rules/ifThenElseRules.key:190:42: mismatched input '}' expecting {'(', '{'} [@1192,5280:5280='}',<149>,190:42] (taclet, rulesOrAxioms, decls, file) 
303174     WARN  Test worker     d.u.i.k.n.KeYParser       [syntax-error] file:/home/runner/work/key/key/key.core/build/resources/main/de/uka/ilkd/key/proof/rules/ifThenElseRules.key:191:39: mismatched input '}' expecting {'(', '{'} [@1205,5325:5325='}',<149>,191:39] (taclet, rulesOrAxioms, decls, file) 
303174     WARN  Test worker     d.u.i.k.n.KeYParser       [syntax-error] file:/home/runner/work/key/key/key.core/build/resources/main/de/uka/ilkd/key/proof/rules/ifThenElseRules.key:198:14: mismatched input '\ifExintVar' expecting {MODALITY, FORALL, EXISTS, '\if', '\ifEx', 'true', 'false', '(', '{', '@', NOT, SEQARROW, '-', STRING_LITERAL, CHAR_LITERAL, BIN_LITERAL, HEX_LITERAL, IDENT, INT_LITERAL, FLOAT_LITERAL, DOUBLE_LITERAL, REAL_LITERAL} [@1233,5475:5485='\ifExintVar',<188>,198:14] (termorseq, taclet, rulesOrAxioms, decls, file) 
303174     WARN  Test worker     d.u.i.k.n.KeYParser       [syntax-error] file:/home/runner/work/key/key/key.core/build/resources/main/de/uka/ilkd/key/proof/rules/ifThenElseRules.key:198:27: extraneous input '(' expecting {'\lemma', '}', IDENT, '/*!'} [@1236,5488:5488='(',<146>,198:27] (rulesOrAxioms, decls, file) 
303174     WARN  Test worker     d.u.i.k.n.KeYParser       [syntax-error] file:/home/runner/work/key/key/key.core/build/resources/main/de/uka/ilkd/key/proof/rules/ifThenElseRules.key:198:32: mismatched input '&' expecting {'(', '{'} [@1239,5493:5493='&',<156>,198:32] (taclet, rulesOrAxioms, decls, file) 
303174     WARN  Test worker     d.u.i.k.n.KeYParser       [syntax-error] file:/home/runner/work/key/key/key.core/build/resources/main/de/uka/ilkd/key/proof/rules/ifThenElseRules.key:200:42: mismatched input '}' expecting {'(', '{'} [@1279,5612:5612='}',<149>,200:42] (taclet, rulesOrAxioms, decls, file) 
303174     WARN  Test worker     d.u.i.k.n.KeYParser       [syntax-error] file:/home/runner/work/key/key/key.core/build/resources/main/de/uka/ilkd/key/proof/rules/ifThenElseRules.key:201:39: mismatched input '}' expecting {'(', '{'} [@1292,5657:5657='}',<149>,201:39] (taclet, rulesOrAxioms, decls, file) 
303175     WARN  Test worker     d.u.i.k.n.KeYParser       [syntax-error] file:/home/runner/work/key/key/key.core/build/resources/main/de/uka/ilkd/key/proof/rules/ifThenElseRules.key:208:14: mismatched input '\ifExintVar' expecting {MODALITY, FORALL, EXISTS, '\if', '\ifEx', 'true', 'false', '(', '{', '@', NOT, SEQARROW, '-', STRING_LITERAL, CHAR_LITERAL, BIN_LITERAL, HEX_LITERAL, IDENT, INT_LITERAL, FLOAT_LITERAL, DOUBLE_LITERAL, REAL_LITERAL} [@1320,5817:5827='\ifExintVar',<188>,208:14] (termorseq, taclet, rulesOrAxioms, decls, file) 
303175     WARN  Test worker     d.u.i.k.n.KeYParser       [syntax-error] file:/home/runner/work/key/key/key.core/build/resources/main/de/uka/ilkd/key/proof/rules/ifThenElseRules.key:208:27: extraneous input '(' expecting {'\lemma', '}', IDENT, '/*!'} [@1323,5830:5830='(',<146>,208:27] (rulesOrAxioms, decls, file) 
303175     WARN  Test worker     d.u.i.k.n.KeYParser       [syntax-error] file:/home/runner/work/key/key/key.core/build/resources/main/de/uka/ilkd/key/proof/rules/ifThenElseRules.key:208:32: mismatched input '&' expecting {'(', '{'} [@1326,5835:5835='&',<156>,208:32] (taclet, rulesOrAxioms, decls, file) 
303175     WARN  Test worker     d.u.i.k.n.KeYParser       [syntax-error] file:/home/runner/work/key/key/key.core/build/resources/main/de/uka/ilkd/key/proof/rules/ifThenElseRules.key:210:42: mismatched input '}' expecting {'(', '{'} [@1366,5948:5948='}',<149>,210:42] (taclet, rulesOrAxioms, decls, file) 
303175     WARN  Test worker     d.u.i.k.n.KeYParser       [syntax-error] file:/home/runner/work/key/key/key.core/build/resources/main/de/uka/ilkd/key/proof/rules/ifThenElseRules.key:211:39: mismatched input '}' expecting {'(', '{'} [@1379,5993:5993='}',<149>,211:39] (taclet, rulesOrAxioms, decls, file) 
303175     WARN  Test worker     d.u.i.k.n.KeYParser       [syntax-error] file:/home/runner/work/key/key/key.core/build/resources/main/de/uka/ilkd/key/proof/rules/ifThenElseRules.key:218:14: mismatched input '\ifExintVar' expecting {MODALITY, FORALL, EXISTS, '\if', '\ifEx', 'true', 'false', '(', '{', '@', NOT, SEQARROW, '-', STRING_LITERAL, CHAR_LITERAL, BIN_LITERAL, HEX_LITERAL, IDENT, INT_LITERAL, FLOAT_LITERAL, DOUBLE_LITERAL, REAL_LITERAL} [@1407,6146:6156='\ifExintVar',<188>,218:14] (termorseq, taclet, rulesOrAxioms, decls, file) 
303175     WARN  Test worker     d.u.i.k.n.KeYParser       [syntax-error] file:/home/runner/work/key/key/key.core/build/resources/main/de/uka/ilkd/key/proof/rules/ifThenElseRules.key:218:27: extraneous input '(' expecting {'\lemma', '}', IDENT, '/*!'} [@1410,6159:6159='(',<146>,218:27] (rulesOrAxioms, decls, file) 
303175     WARN  Test worker     d.u.i.k.n.KeYParser       [syntax-error] file:/home/runner/work/key/key/key.core/build/resources/main/de/uka/ilkd/key/proof/rules/ifThenElseRules.key:218:31: mismatched input ')' expecting {'(', '{'} [@1412,6163:6163=')',<147>,218:31] (taclet, rulesOrAxioms, decls, file) 
303175     WARN  Test worker     d.u.i.k.n.KeYParser       [syntax-error] file:/home/runner/work/key/key/key.core/build/resources/main/de/uka/ilkd/key/proof/rules/ifThenElseRules.key:220:44: mismatched input ')' expecting {'(', '{'} [@1444,6275:6275=')',<147>,220:44] (taclet, rulesOrAxioms, decls, file) 
303176     WARN  Test worker     d.u.i.k.n.KeYParser       [syntax-error] file:/home/runner/work/key/key/key.core/build/resources/main/de/uka/ilkd/key/proof/rules/ifThenElseRules.key:225:14: mismatched input '\ifExintVar' expecting {MODALITY, FORALL, EXISTS, '\if', '\ifEx', 'true', 'false', '(', '{', '@', NOT, SEQARROW, '-', STRING_LITERAL, CHAR_LITERAL, BIN_LITERAL, HEX_LITERAL, IDENT, INT_LITERAL, FLOAT_LITERAL, DOUBLE_LITERAL, REAL_LITERAL} [@1471,6389:6399='\ifExintVar',<188>,225:14] (termorseq, taclet, rulesOrAxioms, decls, file) 
303176     WARN  Test worker     d.u.i.k.n.KeYParser       [syntax-error] file:/home/runner/work/key/key/key.core/build/resources/main/de/uka/ilkd/key/proof/rules/ifThenElseRules.key:225:27: extraneous input '(' expecting {'\lemma', '}', IDENT, '/*!'} [@1474,6402:6402='(',<146>,225:27] (rulesOrAxioms, decls, file) 
303176     WARN  Test worker     d.u.i.k.n.KeYParser       [syntax-error] file:/home/runner/work/key/key/key.core/build/resources/main/de/uka/ilkd/key/proof/rules/ifThenElseRules.key:225:31: mismatched input ')' expecting {'(', '{'} [@1476,6406:6406=')',<147>,225:31] (taclet, rulesOrAxioms, decls, file) 
303176     WARN  Test worker     d.u.i.k.n.KeYParser       [syntax-error] file:/home/runner/work/key/key/key.core/build/resources/main/de/uka/ilkd/key/proof/rules/ifThenElseRules.key:227:44: mismatched input ')' expecting {'(', '{'} [@1508,6509:6509=')',<147>,227:44] (taclet, rulesOrAxioms, decls, file) 
303176     WARN  Test worker     d.u.i.k.n.KeYParser       [syntax-error] file:/home/runner/work/key/key/key.core/build/resources/main/de/uka/ilkd/key/proof/rules/ifThenElseRules.key:233:14: mismatched input '\ifExintVar' expecting {MODALITY, FORALL, EXISTS, '\if', '\ifEx', 'true', 'false', '(', '{', '@', NOT, SEQARROW, '-', STRING_LITERAL, CHAR_LITERAL, BIN_LITERAL, HEX_LITERAL, IDENT, INT_LITERAL, FLOAT_LITERAL, DOUBLE_LITERAL, REAL_LITERAL} [@1539,6656:6666='\ifExintVar',<188>,233:14] (termorseq, taclet, rulesOrAxioms, decls, file) 
303176     WARN  Test worker     d.u.i.k.n.KeYParser       [syntax-error] file:/home/runner/work/key/key/key.core/build/resources/main/de/uka/ilkd/key/proof/rules/ifThenElseRules.key:233:27: extraneous input '(' expecting {'\lemma', '}', IDENT, '/*!'} [@1542,6669:6669='(',<146>,233:27] (rulesOrAxioms, decls, file) 
303176     WARN  Test worker     d.u.i.k.n.KeYParser       [syntax-error] file:/home/runner/work/key/key/key.core/build/resources/main/de/uka/ilkd/key/proof/rules/ifThenElseRules.key:233:31: mismatched input ')' expecting {'(', '{'} [@1544,6673:6673=')',<147>,233:31] (taclet, rulesOrAxioms, decls, file) 
303176     WARN  Test worker     d.u.i.k.n.KeYParser       [syntax-error] file:/home/runner/work/key/key/key.core/build/resources/main/de/uka/ilkd/key/proof/rules/ifThenElseRules.key:237:42: mismatched input '}' expecting {'(', '{'} [@1586,6850:6850='}',<149>,237:42] (taclet, rulesOrAxioms, decls, file) 
303176     WARN  Test worker     d.u.i.k.n.KeYParser       [syntax-error] file:/home/runner/work/key/key/key.core/build/resources/main/de/uka/ilkd/key/proof/rules/ifThenElseRules.key:238:34: mismatched input '}' expecting {'(', '{'} [@1599,6891:6891='}',<149>,238:34] (taclet, rulesOrAxioms, decls, file) 
303177     WARN  Test worker     d.u.i.k.n.KeYParser       [syntax-error] file:/home/runner/work/key/key/key.core/build/resources/main/de/uka/ilkd/key/proof/rules/ifThenElseRules.key:239:28: extraneous input '(' expecting {'\lemma', '}', IDENT, '/*!'} [@1608,6925:6925='(',<146>,239:28] (rulesOrAxioms, decls, file) 
303177     WARN  Test worker     d.u.i.k.n.KeYParser       [syntax-error] file:/home/runner/work/key/key/key.core/build/resources/main/de/uka/ilkd/key/proof/rules/ifThenElseRules.key:239:33: mismatched input '->' expecting {'(', '{'} [@1611,6930:6931='->',<158>,239:33] (taclet, rulesOrAxioms, decls, file) 
303177     WARN  Test worker     d.u.i.k.n.KeYParser       [syntax-error] file:/home/runner/work/key/key/key.core/build/resources/main/de/uka/ilkd/key/proof/rules/ifThenElseRules.key:240:8: extraneous input '\replacewith' expecting {'\lemma', '}', IDENT, '/*!'} [@1626,6979:6990='\replacewith',<105>,240:8] (rulesOrAxioms, decls, file) 
303177     WARN  Test worker     d.u.i.k.n.KeYParser       [syntax-error] file:/home/runner/work/key/key/key.core/build/resources/main/de/uka/ilkd/key/proof/rules/ifThenElseRules.key:240:25: mismatched input ')' expecting {'(', '{'} [@1629,6996:6996=')',<147>,240:25] (taclet, rulesOrAxioms, decls, file) 
303177     WARN  Test worker     d.u.i.k.n.KeYParser       [syntax-error] file:/home/runner/work/key/key/key.core/build/resources/main/de/uka/ilkd/key/proof/rules/ifThenElseRules.key:240:56: mismatched input ')' expecting {'(', '{'} [@1642,7027:7027=')',<147>,240:56] (taclet, rulesOrAxioms, decls, file) 
303177     WARN  Test worker     d.u.i.k.n.KeYParser       [syntax-error] file:/home/runner/work/key/key/key.core/build/resources/main/de/uka/ilkd/key/proof/rules/ifThenElseRules.key:245:14: mismatched input '\ifExintVar' expecting {MODALITY, FORALL, EXISTS, '\if', '\ifEx', 'true', 'false', '(', '{', '@', NOT, SEQARROW, '-', STRING_LITERAL, CHAR_LITERAL, BIN_LITERAL, HEX_LITERAL, IDENT, INT_LITERAL, FLOAT_LITERAL, DOUBLE_LITERAL, REAL_LITERAL} [@1658,7109:7119='\ifExintVar',<188>,245:14] (termorseq, taclet, rulesOrAxioms, decls, file) 
303177     WARN  Test worker     d.u.i.k.n.KeYParser       [syntax-error] file:/home/runner/work/key/key/key.core/build/resources/main/de/uka/ilkd/key/proof/rules/ifThenElseRules.key:245:27: extraneous input '(' expecting {'\lemma', '}', IDENT, '/*!'} [@1661,7122:7122='(',<146>,245:27] (rulesOrAxioms, decls, file) 
303177     WARN  Test worker     d.u.i.k.n.KeYParser       [syntax-error] file:/home/runner/work/key/key/key.core/build/resources/main/de/uka/ilkd/key/proof/rules/ifThenElseRules.key:245:31: mismatched input ')' expecting {'(', '{'} [@1663,7126:7126=')',<147>,245:31] (taclet, rulesOrAxioms, decls, file) 
303177     WARN  Test worker     d.u.i.k.n.KeYParser       [syntax-error] file:/home/runner/work/key/key/key.core/build/resources/main/de/uka/ilkd/key/proof/rules/ifThenElseRules.key:248:45: mismatched input '}' expecting {'(', '{'} [@1696,7268:7268='}',<149>,248:45] (taclet, rulesOrAxioms, decls, file) 
303177     WARN  Test worker     d.u.i.k.n.KeYParser       [syntax-error] file:/home/runner/work/key/key/key.core/build/resources/main/de/uka/ilkd/key/proof/rules/ifThenElseRules.key:249:8: extraneous input '\replacewith' expecting {'\lemma', '}', IDENT, '/*!'} [@1701,7284:7295='\replacewith',<105>,249:8] (rulesOrAxioms, decls, file) 
303178     WARN  Test worker     d.u.i.k.n.KeYParser       [syntax-error] file:/home/runner/work/key/key/key.core/build/resources/main/de/uka/ilkd/key/proof/rules/ifThenElseRules.key:249:38: mismatched input ')' expecting {'(', '{'} [@1708,7314:7314=')',<147>,249:38] (taclet, rulesOrAxioms, decls, file) 
303178     WARN  Test worker     d.u.i.k.n.KeYParser       [syntax-error] file:/home/runner/work/key/key/key.core/build/resources/main/de/uka/ilkd/key/proof/rules/ifThenElseRules.key:250:42: mismatched input '}' expecting {'(', '{'} [@1731,7381:7381='}',<149>,250:42] (taclet, rulesOrAxioms, decls, file) 
303178     WARN  Test worker     d.u.i.k.n.KeYParser       [syntax-error] file:/home/runner/work/key/key/key.core/build/resources/main/de/uka/ilkd/key/proof/rules/ifThenElseRules.key:251:28: extraneous input '(' expecting {'\lemma', '}', IDENT, '/*!'} [@1741,7416:7416='(',<146>,251:28] (rulesOrAxioms, decls, file) 
303178     WARN  Test worker     d.u.i.k.n.KeYParser       [syntax-error] file:/home/runner/work/key/key/key.core/build/resources/main/de/uka/ilkd/key/proof/rules/ifThenElseRules.key:251:33: mismatched input '->' expecting {'(', '{'} [@1744,7421:7422='->',<158>,251:33] (taclet, rulesOrAxioms, decls, file) 
303178     WARN  Test worker     d.u.i.k.n.KeYParser       [syntax-error] file:/home/runner/work/key/key/key.core/build/resources/main/de/uka/ilkd/key/proof/rules/ifThenElseRules.key:255:14: mismatched input '\ifExintVar' expecting {MODALITY, FORALL, EXISTS, '\if', '\ifEx', 'true', 'false', '(', '{', '@', NOT, SEQARROW, '-', STRING_LITERAL, CHAR_LITERAL, BIN_LITERAL, HEX_LITERAL, IDENT, INT_LITERAL, FLOAT_LITERAL, DOUBLE_LITERAL, REAL_LITERAL} [@1765,7506:7516='\ifExintVar',<188>,255:14] (termorseq, taclet, rulesOrAxioms, decls, file) 
303178     WARN  Test worker     d.u.i.k.n.KeYParser       [syntax-error] file:/home/runner/work/key/key/key.core/build/resources/main/de/uka/ilkd/key/proof/rules/ifThenElseRules.key:255:27: extraneous input '(' expecting {'\lemma', '}', IDENT, '/*!'} [@1768,7519:7519='(',<146>,255:27] (rulesOrAxioms, decls, file) 
303178     WARN  Test worker     d.u.i.k.n.KeYParser       [syntax-error] file:/home/runner/work/key/key/key.core/build/resources/main/de/uka/ilkd/key/proof/rules/ifThenElseRules.key:255:31: mismatched input ')' expecting {'(', '{'} [@1770,7523:7523=')',<147>,255:31] (taclet, rulesOrAxioms, decls, file) 
303178     WARN  Test worker     d.u.i.k.n.KeYParser       [syntax-error] file:/home/runner/work/key/key/key.core/build/resources/main/de/uka/ilkd/key/proof/rules/ifThenElseRules.key:258:52: extraneous input '0' expecting {'\lemma', '}', IDENT, '/*!'} [@1809,7667:7667='0',<184>,258:52] (rulesOrAxioms, decls, file) 
303178     WARN  Test worker     d.u.i.k.n.KeYParser       [syntax-error] file:/home/runner/work/key/key/key.core/build/resources/main/de/uka/ilkd/key/proof/rules/ifThenElseRules.key:258:54: mismatched input 'then' expecting {<EOF>, '\problem', '\chooseContract', '\proofObligation', '\proof'} [@1811,7669:7672='then',<183>,258:54] (file) 
303179     ERROR Test worker     d.u.i.k.s.n.MasterHandlerTest Error reading /home/runner/work/key/key/key.core/build/resources/test/de/uka/ilkd/key/smt/newsmt2/cases/float2.props de.uka.ilkd.key.proof.io.ProblemLoaderException: line 135:14 mismatched input '\ifExintVar' expecting {MODALITY, FORALL, EXISTS, '\if', '\ifEx', 'true', 'false', '(', '{', '@', NOT, SEQARROW, '-', STRING_LITERAL, CHAR_LITERAL, BIN_LITERAL, HEX_LITERAL, IDENT, INT_LITERAL, FLOAT_LITERAL, DOUBLE_LITERAL, REAL_LITERAL}
line 135:27 extraneous input '(' expecting {'\lemma', '}', IDENT, '/*!'}
line 135:44 mismatched input ')' expecting {'(', '{'}
line 141:14 mismatched input '\ifExintVar' expecting {MODALITY, FORALL, EXISTS, '\if', '\ifEx', 'true', 'false', '(', '{', '@', NOT, SEQARROW, '-', STRING_LITERAL, CHAR_LITERAL, BIN_LITERAL, HEX_LITERAL, IDENT, INT_LITERAL, FLOAT_LITERAL, DOUBLE_LITERAL, REAL_LITERAL}
line 141:27 extraneous input '(' expecting {'\lemma', '}', IDENT, '/*!'}
line 141:41 mismatched input ')' expecting {'(', '{'}
line 148:14 mismatched input '\ifExintVar' expecting {MODALITY, FORALL, EXISTS, '\if', '\ifEx', 'true', 'false', '(', '{', '@', NOT, SEQARROW, '-', STRING_LITERAL, CHAR_LITERAL, BIN_LITERAL, HEX_LITERAL, IDENT, INT_LITERAL, FLOAT_LITERAL, DOUBLE_LITERAL, REAL_LITERAL}
line 148:27 extraneous input '(' expecting {'\lemma', '}', IDENT, '/*!'}
line 148:35 mismatched input '=' expecting {'(', '{'}
line 150:38 mismatched input '}' expecting {'(', '{'}
line 155:14 mismatched input '\ifExintVar' expecting {MODALITY, FORALL, EXISTS, '\if', '\ifEx', 'true', 'false', '(', '{', '@', NOT, SEQARROW, '-', STRING_LITERAL, CHAR_LITERAL, BIN_LITERAL, HEX_LITERAL, IDENT, INT_LITERAL, FLOAT_LITERAL, DOUBLE_LITERAL, REAL_LITERAL}
line 155:27 extraneous input '(' expecting {'\lemma', '}', IDENT, '/*!'}
line 155:35 mismatched input '=' expecting {'(', '{'}
line 157:38 mismatched input '}' expecting {'(', '{'}
line 163:14 mismatched input '\ifExintVar' expecting {MODALITY, FORALL, EXISTS, '\if', '\ifEx', 'true', 'false', '(', '{', '@', NOT, SEQARROW, '-', STRING_LITERAL, CHAR_LITERAL, BIN_LITERAL, HEX_LITERAL, IDENT, INT_LITERAL, FLOAT_LITERAL, DOUBLE_LITERAL, REAL_LITERAL}
line 163:27 extraneous input '(' expecting {'\lemma', '}', IDENT, '/*!'}
line 163:30 mismatched input '=' expecting {'(', '{'}
line 165:38 mismatched input '}' expecting {'(', '{'}
line 171:14 mismatched input '\ifExintVar' expecting {MODALITY, FORALL, EXISTS, '\if', '\ifEx', 'true', 'false', '(', '{', '@', NOT, SEQARROW, '-', STRING_LITERAL, CHAR_LITERAL, BIN_LITERAL, HEX_LITERAL, IDENT, INT_LITERAL, FLOAT_LITERAL, DOUBLE_LITERAL, REAL_LITERAL}
line 171:27 extraneous input '(' expecting {'\lemma', '}', IDENT, '/*!'}
line 171:30 mismatched input '=' expecting {'(', '{'}
line 173:38 mismatched input '}' expecting {'(', '{'}
line 179:14 mismatched input '\ifExintVar' expecting {MODALITY, FORALL, EXISTS, '\if', '\ifEx', 'true', 'false', '(', '{', '@', NOT, SEQARROW, '-', STRING_LITERAL, CHAR_LITERAL, BIN_LITERAL, HEX_LITERAL, IDENT, INT_LITERAL, FLOAT_LITERAL, DOUBLE_LITERAL, REAL_LITERAL}
line 179:27 extraneous input '(' expecting {'\lemma', '}', IDENT, '/*!'}
line 179:32 mismatched input '&' expecting {'(', '{'}
line 181:42 mismatched input '}' expecting {'(', '{'}
line 182:39 mismatched input '}' expecting {'(', '{'}
line 188:14 mismatched input '\ifExintVar' expecting {MODALITY, FORALL, EXISTS, '\if', '\ifEx', 'true', 'false', '(', '{', '@', NOT, SEQARROW, '-', STRING_LITERAL, CHAR_LITERAL, BIN_LITERAL, HEX_LITERAL, IDENT, INT_LITERAL, FLOAT_LITERAL, DOUBLE_LITERAL, REAL_LITERAL}
line 188:27 extraneous input '(' expecting {'\lemma', '}', IDENT, '/*!'}
line 188:32 mismatched input '&' expecting {'(', '{'}
line 190:42 mismatched input '}' expecting {'(', '{'}
line 191:39 mismatched input '}' expecting {'(', '{'}
line 198:14 mismatched input '\ifExintVar' expecting {MODALITY, FORALL, EXISTS, '\if', '\ifEx', 'true', 'false', '(', '{', '@', NOT, SEQARROW, '-', STRING_LITERAL, CHAR_LITERAL, BIN_LITERAL, HEX_LITERAL, IDENT, INT_LITERAL, FLOAT_LITERAL, DOUBLE_LITERAL, REAL_LITERAL}
line 198:27 extraneous input '(' expecting {'\lemma', '}', IDENT, '/*!'}
line 198:32 mismatched input '&' expecting {'(', '{'}
line 200:42 mismatched input '}' expecting {'(', '{'}
line 201:39 mismatched input '}' expecting {'(', '{'}
line 208:14 mismatched input '\ifExintVar' expecting {MODALITY, FORALL, EXISTS, '\if', '\ifEx', 'true', 'false', '(', '{', '@', NOT, SEQARROW, '-', STRING_LITERAL, CHAR_LITERAL, BIN_LITERAL, HEX_LITERAL, IDENT, INT_LITERAL, FLOAT_LITERAL, DOUBLE_LITERAL, REAL_LITERAL}
line 208:27 extraneous input '(' expecting {'\lemma', '}', IDENT, '/*!'}
line 208:32 mismatched input '&' expecting {'(', '{'}
line 210:42 mismatched input '}' expecting {'(', '{'}
line 211:39 mismatched input '}' expecting {'(', '{'}
line 218:14 mismatched input '\ifExintVar' expecting {MODALITY, FORALL, EXISTS, '\if', '\ifEx', 'true', 'false', '(', '{', '@', NOT, SEQARROW, '-', STRING_LITERAL, CHAR_LITERAL, BIN_LITERAL, HEX_LITERAL, IDENT, INT_LITERAL, FLOAT_LITERAL, DOUBLE_LITERAL, REAL_LITERAL}
line 218:27 extraneous input '(' expecting {'\lemma', '}', IDENT, '/*!'}
line 218:31 mismatched input ')' expecting {'(', '{'}
line 220:44 mismatched input ')' expecting {'(', '{'}
line 225:14 mismatched input '\ifExintVar' expecting {MODALITY, FORALL, EXISTS, '\if', '\ifEx', 'true', 'false', '(', '{', '@', NOT, SEQARROW, '-', STRING_LITERAL, CHAR_LITERAL, BIN_LITERAL, HEX_LITERAL, IDENT, INT_LITERAL, FLOAT_LITERAL, DOUBLE_LITERAL, REAL_LITERAL}
line 225:27 extraneous input '(' expecting {'\lemma', '}', IDENT, '/*!'}
line 225:31 mismatched input ')' expecting {'(', '{'}
line 227:44 mismatched input ')' expecting {'(', '{'}
line 233:14 mismatched input '\ifExintVar' expecting {MODALITY, FORALL, EXISTS, '\if', '\ifEx', 'true', 'false', '(', '{', '@', NOT, SEQARROW, '-', STRING_LITERAL, CHAR_LITERAL, BIN_LITERAL, HEX_LITERAL, IDENT, INT_LITERAL, FLOAT_LITERAL, DOUBLE_LITERAL, REAL_LITERAL}
line 233:27 extraneous input '(' expecting {'\lemma', '}', IDENT, '/*!'}
line 233:31 mismatched input ')' expecting {'(', '{'}
line 237:42 mismatched input '}' expecting {'(', '{'}
line 238:34 mismatched input '}' expecting {'(', '{'}
line 239:28 extraneous input '(' expecting {'\lemma', '}', IDENT, '/*!'}
line 239:33 mismatched input '->' expecting {'(', '{'}
line 240:8 extraneous input '\replacewith' expecting {'\lemma', '}', IDENT, '/*!'}
line 240:25 mismatched input ')' expecting {'(', '{'}
line 240:56 mismatched input ')' expecting {'(', '{'}
line 245:14 mismatched input '\ifExintVar' expecting {MODALITY, FORALL, EXISTS, '\if', '\ifEx', 'true', 'false', '(', '{', '@', NOT, SEQARROW, '-', STRING_LITERAL, CHAR_LITERAL, BIN_LITERAL, HEX_LITERAL, IDENT, INT_LITERAL, FLOAT_LITERAL, DOUBLE_LITERAL, REAL_LITERAL}
line 245:27 extraneous input '(' expecting {'\lemma', '}', IDENT, '/*!'}
line 245:31 mismatched input ')' expecting {'(', '{'}
line 248:45 mismatched input '}' expecting {'(', '{'}
line 249:8 extraneous input '\replacewith' expecting {'\lemma', '}', IDENT, '/*!'}
line 249:38 mismatched input ')' expecting {'(', '{'}
line 250:42 mismatched input '}' expecting {'(', '{'}
line 251:28 extraneous input '(' expecting {'\lemma', '}', IDENT, '/*!'}
line 251:33 mismatched input '->' expecting {'(', '{'}
line 255:14 mismatched input '\ifExintVar' expecting {MODALITY, FORALL, EXISTS, '\if', '\ifEx', 'true', 'false', '(', '{', '@', NOT, SEQARROW, '-', STRING_LITERAL, CHAR_LITERAL, BIN_LITERAL, HEX_LITERAL, IDENT, INT_LITERAL, FLOAT_LITERAL, DOUBLE_LITERAL, REAL_LITERAL}
line 255:27 extraneous input '(' expecting {'\lemma', '}', IDENT, '/*!'}
line 255:31 mismatched input ')' expecting {'(', '{'}
line 258:52 extraneous input '0' expecting {'\lemma', '}', IDENT, '/*!'}
line 258:54 mismatched input 'then' expecting {<EOF>, '\problem', '\chooseContract', '\proofObligation', '\proof'}

	at de.uka.ilkd.key.control.AbstractUserInterfaceControl.load(AbstractUserInterfaceControl.java:221)
Caused by: de.uka.ilkd.key.proof.init.ProofInputException: line 135:14 mismatched input '\ifExintVar' expecting {MODALITY, FORALL, EXISTS, '\if', '\ifEx', 'true', 'false', '(', '{', '@', NOT, SEQARROW, '-', STRING_LITERAL, CHAR_LITERAL, BIN_LITERAL, HEX_LITERAL, IDENT, INT_LITERAL, FLOAT_LITERAL, DOUBLE_LITERAL, REAL_LITERAL}
line 135:27 extraneous input '(' expecting {'\lemma', '}', IDENT, '/*!'}
line 135:44 mismatched input ')' expecting {'(', '{'}
line 141:14 mismatched input '\ifExintVar' expecting {MODALITY, FORALL, EXISTS, '\if', '\ifEx', 'true', 'false', '(', '{', '@', NOT, SEQARROW, '-', STRING_LITERAL, CHAR_LITERAL, BIN_LITERAL, HEX_LITERAL, IDENT, INT_LITERAL, FLOAT_LITERAL, DOUBLE_LITERAL, REAL_LITERAL}
line 141:27 extraneous input '(' expecting {'\lemma', '}', IDENT, '/*!'}
line 141:41 mismatched input ')' expecting {'(', '{'}
line 148:14 mismatched input '\ifExintVar' expecting {MODALITY, FORALL, EXISTS, '\if', '\ifEx', 'true', 'false', '(', '{', '@', NOT, SEQARROW, '-', STRING_LITERAL, CHAR_LITERAL, BIN_LITERAL, HEX_LITERAL, IDENT, INT_LITERAL, FLOAT_LITERAL, DOUBLE_LITERAL, REAL_LITERAL}
line 148:27 extraneous input '(' expecting {'\lemma', '}', IDENT, '/*!'}
line 148:35 mismatched input '=' expecting {'(', '{'}
line 150:38 mismatched input '}' expecting {'(', '{'}
line 155:14 mismatched input '\ifExintVar' expecting {MODALITY, FORALL, EXISTS, '\if', '\ifEx', 'true', 'false', '(', '{', '@', NOT, SEQARROW, '-', STRING_LITERAL, CHAR_LITERAL, BIN_LITERAL, HEX_LITERAL, IDENT, INT_LITERAL, FLOAT_LITERAL, DOUBLE_LITERAL, REAL_LITERAL}
line 155:27 extraneous input '(' expecting {'\lemma', '}', IDENT, '/*!'}
line 155:35 mismatched input '=' expecting {'(', '{'}
line 157:38 mismatched input '}' expecting {'(', '{'}
line 163:14 mismatched input '\ifExintVar' expecting {MODALITY, FORALL, EXISTS, '\if', '\ifEx', 'true', 'false', '(', '{', '@', NOT, SEQARROW, '-', STRING_LITERAL, CHAR_LITERAL, BIN_LITERAL, HEX_LITERAL, IDENT, INT_LITERAL, FLOAT_LITERAL, DOUBLE_LITERAL, REAL_LITERAL}
line 163:27 extraneous input '(' expecting {'\lemma', '}', IDENT, '/*!'}
line 163:30 mismatched input '=' expecting {'(', '{'}
line 165:38 mismatched input '}' expecting {'(', '{'}
line 171:14 mismatched input '\ifExintVar' expecting {MODALITY, FORALL, EXISTS, '\if', '\ifEx', 'true', 'false', '(', '{', '@', NOT, SEQARROW, '-', STRING_LITERAL, CHAR_LITERAL, BIN_LITERAL, HEX_LITERAL, IDENT, INT_LITERAL, FLOAT_LITERAL, DOUBLE_LITERAL, REAL_LITERAL}
line 171:27 extraneous input '(' expecting {'\lemma', '}', IDENT, '/*!'}
line 171:30 mismatched input '=' expecting {'(', '{'}
line 173:38 mismatched input '}' expecting {'(', '{'}
line 179:14 mismatched input '\ifExintVar' expecting {MODALITY, FORALL, EXISTS, '\if', '\ifEx', 'true', 'false', '(', '{', '@', NOT, SEQARROW, '-', STRING_LITERAL, CHAR_LITERAL, BIN_LITERAL, HEX_LITERAL, IDENT, INT_LITERAL, FLOAT_LITERAL, DOUBLE_LITERAL, REAL_LITERAL}
line 179:27 extraneous input '(' expecting {'\lemma', '}', IDENT, '/*!'}
line 179:32 mismatched input '&' expecting {'(', '{'}
line 181:42 mismatched input '}' expecting {'(', '{'}
line 182:39 mismatched input '}' expecting {'(', '{'}
line 188:14 mismatched input '\ifExintVar' expecting {MODALITY, FORALL, EXISTS, '\if', '\ifEx', 'true', 'false', '(', '{', '@', NOT, SEQARROW, '-', STRING_LITERAL, CHAR_LITERAL, BIN_LITERAL, HEX_LITERAL, IDENT, INT_LITERAL, FLOAT_LITERAL, DOUBLE_LITERAL, REAL_LITERAL}
line 188:27 extraneous input '(' expecting {'\lemma', '}', IDENT, '/*!'}
line 188:32 mismatched input '&' expecting {'(', '{'}
line 190:42 mismatched input '}' expecting {'(', '{'}
line 191:39 mismatched input '}' expecting {'(', '{'}
line 198:14 mismatched input '\ifExintVar' expecting {MODALITY, FORALL, EXISTS, '\if', '\ifEx', 'true', 'false', '(', '{', '@', NOT, SEQARROW, '-', STRING_LITERAL, CHAR_LITERAL, BIN_LITERAL, HEX_LITERAL, IDENT, INT_LITERAL, FLOAT_LITERAL, DOUBLE_LITERAL, REAL_LITERAL}
line 198:27 extraneous input '(' expecting {'\lemma', '}', IDENT, '/*!'}
line 198:32 mismatched input '&' expecting {'(', '{'}
line 200:42 mismatched input '}' expecting {'(', '{'}
line 201:39 mismatched input '}' expecting {'(', '{'}
line 208:14 mismatched input '\ifExintVar' expecting {MODALITY, FORALL, EXISTS, '\if', '\ifEx', 'true', 'false', '(', '{', '@', NOT, SEQARROW, '-', STRING_LITERAL, CHAR_LITERAL, BIN_LITERAL, HEX_LITERAL, IDENT, INT_LITERAL, FLOAT_LITERAL, DOUBLE_LITERAL, REAL_LITERAL}
line 208:27 extraneous input '(' expecting {'\lemma', '}', IDENT, '/*!'}
line 208:32 mismatched input '&' expecting {'(', '{'}
line 210:42 mismatched input '}' expecting {'(', '{'}
line 211:39 mismatched input '}' expecting {'(', '{'}
line 218:14 mismatched input '\ifExintVar' expecting {MODALITY, FORALL, EXISTS, '\if', '\ifEx', 'true', 'false', '(', '{', '@', NOT, SEQARROW, '-', STRING_LITERAL, CHAR_LITERAL, BIN_LITERAL, HEX_LITERAL, IDENT, INT_LITERAL, FLOAT_LITERAL, DOUBLE_LITERAL, REAL_LITERAL}
line 218:27 extraneous input '(' expecting {'\lemma', '}', IDENT, '/*!'}
line 218:31 mismatched input ')' expecting {'(', '{'}
line 220:44 mismatched input ')' expecting {'(', '{'}
line 225:14 mismatched input '\ifExintVar' expecting {MODALITY, FORALL, EXISTS, '\if', '\ifEx', 'true', 'false', '(', '{', '@', NOT, SEQARROW, '-', STRING_LITERAL, CHAR_LITERAL, BIN_LITERAL, HEX_LITERAL, IDENT, INT_LITERAL, FLOAT_LITERAL, DOUBLE_LITERAL, REAL_LITERAL}
line 225:27 extraneous input '(' expecting {'\lemma', '}', IDENT, '/*!'}
line 225:31 mismatched input ')' expecting {'(', '{'}
line 227:44 mismatched input ')' expecting {'(', '{'}
line 233:14 mismatched input '\ifExintVar' expecting {MODALITY, FORALL, EXISTS, '\if', '\ifEx', 'true', 'false', '(', '{', '@', NOT, SEQARROW, '-', STRING_LITERAL, CHAR_LITERAL, BIN_LITERAL, HEX_LITERAL, IDENT, INT_LITERAL, FLOAT_LITERAL, DOUBLE_LITERAL, REAL_LITERAL}
line 233:27 extraneous input '(' expecting {'\lemma', '}', IDENT, '/*!'}
line 233:31 mismatched input ')' expecting {'(', '{'}
line 237:42 mismatched input '}' expecting {'(', '{'}
line 238:34 mismatched input '}' expecting {'(', '{'}
line 239:28 extraneous input '(' expecting {'\lemma', '}', IDENT, '/*!'}
line 239:33 mismatched input '->' expecting {'(', '{'}
line 240:8 extraneous input '\replacewith' expecting {'\lemma', '}', IDENT, '/*!'}
line 240:25 mismatched input ')' expecting {'(', '{'}
line 240:56 mismatched input ')' expecting {'(', '{'}
line 245:14 mismatched input '\ifExintVar' expecting {MODALITY, FORALL, EXISTS, '\if', '\ifEx', 'true', 'false', '(', '{', '@', NOT, SEQARROW, '-', STRING_LITERAL, CHAR_LITERAL, BIN_LITERAL, HEX_LITERAL, IDENT, INT_LITERAL, FLOAT_LITERAL, DOUBLE_LITERAL, REAL_LITERAL}
line 245:27 extraneous input '(' expecting {'\lemma', '}', IDENT, '/*!'}
line 245:31 mismatched input ')' expecting {'(', '{'}
line 248:45 mismatched input '}' expecting {'(', '{'}
line 249:8 extraneous input '\replacewith' expecting {'\lemma', '}', IDENT, '/*!'}
line 249:38 mismatched input ')' expecting {'(', '{'}
line 250:42 mismatched input '}' expecting {'(', '{'}
line 251:28 extraneous input '(' expecting {'\lemma', '}', IDENT, '/*!'}
line 251:33 mismatched input '->' expecting {'(', '{'}
line 255:14 mismatched input '\ifExintVar' expecting {MODALITY, FORALL, EXISTS, '\if', '\ifEx', 'true', 'false', '(', '{', '@', NOT, SEQARROW, '-', STRING_LITERAL, CHAR_LITERAL, BIN_LITERAL, HEX_LITERAL, IDENT, INT_LITERAL, FLOAT_LITERAL, DOUBLE_LITERAL, REAL_LITERAL}
line 255:27 extraneous input '(' expecting {'\lemma', '}', IDENT, '/*!'}
line 255:31 mismatched input ')' expecting {'(', '{'}
line 258:52 extraneous input '0' expecting {'\lemma', '}', IDENT, '/*!'}
line 258:54 mismatched input 'then' expecting {<EOF>, '\problem', '\chooseContract', '\proofObligation', '\proof'}

	at de.uka.ilkd.key.proof.io.KeYFile.readIncludes(KeYFile.java:210)
Caused by: de.uka.ilkd.key.util.parsing.SyntaxErrorReporter$ParserException: line 135:14 mismatched input '\ifExintVar' expecting {MODALITY, FORALL, EXISTS, '\if', '\ifEx', 'true', 'false', '(', '{', '@', NOT, SEQARROW, '-', STRING_LITERAL, CHAR_LITERAL, BIN_LITERAL, HEX_LITERAL, IDENT, INT_LITERAL, FLOAT_LITERAL, DOUBLE_LITERAL, REAL_LITERAL}
line 135:27 extraneous input '(' expecting {'\lemma', '}', IDENT, '/*!'}
line 135:44 mismatched input ')' expecting {'(', '{'}
line 141:14 mismatched input '\ifExintVar' expecting {MODALITY, FORALL, EXISTS, '\if', '\ifEx', 'true', 'false', '(', '{', '@', NOT, SEQARROW, '-', STRING_LITERAL, CHAR_LITERAL, BIN_LITERAL, HEX_LITERAL, IDENT, INT_LITERAL, FLOAT_LITERAL, DOUBLE_LITERAL, REAL_LITERAL}
line 141:27 extraneous input '(' expecting {'\lemma', '}', IDENT, '/*!'}
line 141:41 mismatched input ')' expecting {'(', '{'}
line 148:14 mismatched input '\ifExintVar' expecting {MODALITY, FORALL, EXISTS, '\if', '\ifEx', 'true', 'false', '(', '{', '@', NOT, SEQARROW, '-', STRING_LITERAL, CHAR_LITERAL, BIN_LITERAL, HEX_LITERAL, IDENT, INT_LITERAL, FLOAT_LITERAL, DOUBLE_LITERAL, REAL_LITERAL}
line 148:27 extraneous input '(' expecting {'\lemma', '}', IDENT, '/*!'}
line 148:35 mismatched input '=' expecting {'(', '{'}
line 150:38 mismatched input '}' expecting {'(', '{'}
line 155:14 mismatched input '\ifExintVar' expecting {MODALITY, FORALL, EXISTS, '\if', '\ifEx', 'true', 'false', '(', '{', '@', NOT, SEQARROW, '-', STRING_LITERAL, CHAR_LITERAL, BIN_LITERAL, HEX_LITERAL, IDENT, INT_LITERAL, FLOAT_LITERAL, DOUBLE_LITERAL, REAL_LITERAL}
line 155:27 extraneous input '(' expecting {'\lemma', '}', IDENT, '/*!'}
line 155:35 mismatched input '=' expecting {'(', '{'}
line 157:38 mismatched input '}' expecting {'(', '{'}
line 163:14 mismatched input '\ifExintVar' expecting {MODALITY, FORALL, EXISTS, '\if', '\ifEx', 'true', 'false', '(', '{', '@', NOT, SEQARROW, '-', STRING_LITERAL, CHAR_LITERAL, BIN_LITERAL, HEX_LITERAL, IDENT, INT_LITERAL, FLOAT_LITERAL, DOUBLE_LITERAL, REAL_LITERAL}
line 163:27 extraneous input '(' expecting {'\lemma', '}', IDENT, '/*!'}
line 163:30 mismatched input '=' expecting {'(', '{'}
line 165:38 mismatched input '}' expecting {'(', '{'}
line 171:14 mismatched input '\ifExintVar' expecting {MODALITY, FORALL, EXISTS, '\if', '\ifEx', 'true', 'false', '(', '{', '@', NOT, SEQARROW, '-', STRING_LITERAL, CHAR_LITERAL, BIN_LITERAL, HEX_LITERAL, IDENT, INT_LITERAL, FLOAT_LITERAL, DOUBLE_LITERAL, REAL_LITERAL}
line 171:27 extraneous input '(' expecting {'\lemma', '}', IDENT, '/*!'}
line 171:30 mismatched input '=' expecting {'(', '{'}
line 173:38 mismatched input '}' expecting {'(', '{'}
line 179:14 mismatched input '\ifExintVar' expecting {MODALITY, FORALL, EXISTS, '\if', '\ifEx', 'true', 'false', '(', '{', '@', NOT, SEQARROW, '-', STRING_LITERAL, CHAR_LITERAL, BIN_LITERAL, HEX_LITERAL, IDENT, INT_LITERAL, FLOAT_LITERAL, DOUBLE_LITERAL, REAL_LITERAL}
line 179:27 extraneous input '(' expecting {'\lemma', '}', IDENT, '/*!'}
line 179:32 mismatched input '&' expecting {'(', '{'}
line 181:42 mismatched input '}' expecting {'(', '{'}
line 182:39 mismatched input '}' expecting {'(', '{'}
line 188:14 mismatched input '\ifExintVar' expecting {MODALITY, FORALL, EXISTS, '\if', '\ifEx', 'true', 'false', '(', '{', '@', NOT, SEQARROW, '-', STRING_LITERAL, CHAR_LITERAL, BIN_LITERAL, HEX_LITERAL, IDENT, INT_LITERAL, FLOAT_LITERAL, DOUBLE_LITERAL, REAL_LITERAL}
line 188:27 extraneous input '(' expecting {'\lemma', '}', IDENT, '/*!'}
line 188:32 mismatched input '&' expecting {'(', '{'}
line 190:42 mismatched input '}' expecting {'(', '{'}
line 191:39 mismatched input '}' expecting {'(', '{'}
line 198:14 mismatched input '\ifExintVar' expecting {MODALITY, FORALL, EXISTS, '\if', '\ifEx', 'true', 'false', '(', '{', '@', NOT, SEQARROW, '-', STRING_LITERAL, CHAR_LITERAL, BIN_LITERAL, HEX_LITERAL, IDENT, INT_LITERAL, FLOAT_LITERAL, DOUBLE_LITERAL, REAL_LITERAL}
line 198:27 extraneous input '(' expecting {'\lemma', '}', IDENT, '/*!'}
line 198:32 mismatched input '&' expecting {'(', '{'}
line 200:42 mismatched input '}' expecting {'(', '{'}
line 201:39 mismatched input '}' expecting {'(', '{'}
line 208:14 mismatched input '\ifExintVar' expecting {MODALITY, FORALL, EXISTS, '\if', '\ifEx', 'true', 'false', '(', '{', '@', NOT, SEQARROW, '-', STRING_LITERAL, CHAR_LITERAL, BIN_LITERAL, HEX_LITERAL, IDENT, INT_LITERAL, FLOAT_LITERAL, DOUBLE_LITERAL, REAL_LITERAL}
line 208:27 extraneous input '(' expecting {'\lemma', '}', IDENT, '/*!'}
line 208:32 mismatched input '&' expecting {'(', '{'}
line 210:42 mismatched input '}' expecting {'(', '{'}
line 211:39 mismatched input '}' expecting {'(', '{'}
line 218:14 mismatched input '\ifExintVar' expecting {MODALITY, FORALL, EXISTS, '\if', '\ifEx', 'true', 'false', '(', '{', '@', NOT, SEQARROW, '-', STRING_LITERAL, CHAR_LITERAL, BIN_LITERAL, HEX_LITERAL, IDENT, INT_LITERAL, FLOAT_LITERAL, DOUBLE_LITERAL, REAL_LITERAL}
line 218:27 extraneous input '(' expecting {'\lemma', '}', IDENT, '/*!'}
line 218:31 mismatched input ')' expecting {'(', '{'}
line 220:44 mismatched input ')' expecting {'(', '{'}
line 225:14 mismatched input '\ifExintVar' expecting {MODALITY, FORALL, EXISTS, '\if', '\ifEx', 'true', 'false', '(', '{', '@', NOT, SEQARROW, '-', STRING_LITERAL, CHAR_LITERAL, BIN_LITERAL, HEX_LITERAL, IDENT, INT_LITERAL, FLOAT_LITERAL, DOUBLE_LITERAL, REAL_LITERAL}
line 225:27 extraneous input '(' expecting {'\lemma', '}', IDENT, '/*!'}
line 225:31 mismatched input ')' expecting {'(', '{'}
line 227:44 mismatched input ')' expecting {'(', '{'}
line 233:14 mismatched input '\ifExintVar' expecting {MODALITY, FORALL, EXISTS, '\if', '\ifEx', 'true', 'false', '(', '{', '@', NOT, SEQARROW, '-', STRING_LITERAL, CHAR_LITERAL, BIN_LITERAL, HEX_LITERAL, IDENT, INT_LITERAL, FLOAT_LITERAL, DOUBLE_LITERAL, REAL_LITERAL}
line 233:27 extraneous input '(' expecting {'\lemma', '}', IDENT, '/*!'}
line 233:31 mismatched input ')' expecting {'(', '{'}
line 237:42 mismatched input '}' expecting {'(', '{'}
line 238:34 mismatched input '}' expecting {'(', '{'}
line 239:28 extraneous input '(' expecting {'\lemma', '}', IDENT, '/*!'}
line 239:33 mismatched input '->' expecting {'(', '{'}
line 240:8 extraneous input '\replacewith' expecting {'\lemma', '}', IDENT, '/*!'}
line 240:25 mismatched input ')' expecting {'(', '{'}
line 240:56 mismatched input ')' expecting {'(', '{'}
line 245:14 mismatched input '\ifExintVar' expecting {MODALITY, FORALL, EXISTS, '\if', '\ifEx', 'true', 'false', '(', '{', '@', NOT, SEQARROW, '-', STRING_LITERAL, CHAR_LITERAL, BIN_LITERAL, HEX_LITERAL, IDENT, INT_LITERAL, FLOAT_LITERAL, DOUBLE_LITERAL, REAL_LITERAL}
line 245:27 extraneous input '(' expecting {'\lemma', '}', IDENT, '/*!'}
line 245:31 mismatched input ')' expecting {'(', '{'}
line 248:45 mismatched input '}' expecting {'(', '{'}
line 249:8 extraneous input '\replacewith' expecting {'\lemma', '}', IDENT, '/*!'}
line 249:38 mismatched input ')' expecting {'(', '{'}
line 250:42 mismatched input '}' expecting {'(', '{'}
line 251:28 extraneous input '(' expecting {'\lemma', '}', IDENT, '/*!'}
line 251:33 mismatched input '->' expecting {'(', '{'}
line 255:14 mismatched input '\ifExintVar' expecting {MODALITY, FORALL, EXISTS, '\if', '\ifEx', 'true', 'false', '(', '{', '@', NOT, SEQARROW, '-', STRING_LITERAL, CHAR_LITERAL, BIN_LITERAL, HEX_LITERAL, IDENT, INT_LITERAL, FLOAT_LITERAL, DOUBLE_LITERAL, REAL_LITERAL}
line 255:27 extraneous input '(' expecting {'\lemma', '}', IDENT, '/*!'}
line 255:31 mismatched input ')' expecting {'(', '{'}
line 258:52 extraneous input '0' expecting {'\lemma', '}', IDENT, '/*!'}
line 258:54 mismatched input 'then' expecting {<EOF>, '\problem', '\chooseContract', '\proofObligation', '\proof'}

	at de.uka.ilkd.key.util.parsing.SyntaxErrorReporter.throwException(SyntaxErrorReporter.java:89)

]]></system-out>
  <system-err><![CDATA[]]></system-err>
</testsuite>
