<?xml version="1.0" encoding="UTF-8"?>
<testsuite name="de.uka.ilkd.key.macros.scripts.ScriptLineParserTest" tests="1" skipped="0" failures="0" errors="0" timestamp="2023-02-06T16:34:12" hostname="fv-az280-76" time="0.005">
  <properties/>
  <testcase name="test()" classname="de.uka.ilkd.key.macros.scripts.ScriptLineParserTest" time="0.005"/>
  <system-out><![CDATA[]]></system-out>
  <system-err><![CDATA[]]></system-err>
</testsuite>
