<?xml version="1.0" encoding="UTF-8"?>
<testsuite name="org.key_project.util.testcase.collection.TestMapAsListFromIntegerToString" tests="7" skipped="0" failures="0" errors="0" timestamp="2023-02-23T19:59:46" hostname="fv-az444-826" time="0.047">
  <properties/>
  <testcase name="testMapCanContainSameValueWithDifferentKeys()" classname="org.key_project.util.testcase.collection.TestMapAsListFromIntegerToString" time="0.01"/>
  <testcase name="testSpecialCases()" classname="org.key_project.util.testcase.collection.TestMapAsListFromIntegerToString" time="0.0"/>
  <testcase name="testRemoveAllMappingToSpecifiedValue()" classname="org.key_project.util.testcase.collection.TestMapAsListFromIntegerToString" time="0.009"/>
  <testcase name="testMapEntriesAreTheSameThatHaveBeenPutInside()" classname="org.key_project.util.testcase.collection.TestMapAsListFromIntegerToString" time="0.015"/>
  <testcase name="testRemoveOneMappingWithSpecifiedKey()" classname="org.key_project.util.testcase.collection.TestMapAsListFromIntegerToString" time="0.001"/>
  <testcase name="testReplaceIfSameKeyWithNewValueIsPutInMap()" classname="org.key_project.util.testcase.collection.TestMapAsListFromIntegerToString" time="0.001"/>
  <testcase name="testImmutability()" classname="org.key_project.util.testcase.collection.TestMapAsListFromIntegerToString" time="0.001"/>
  <system-out><![CDATA[]]></system-out>
  <system-err><![CDATA[]]></system-err>
</testsuite>
