<?xml version="1.0" encoding="UTF-8"?>
<testsuite name="de.uka.ilkd.key.gui.plugins.javac.JavaCompilerCheckFacadeTest" tests="1" skipped="0" failures="0" errors="0" timestamp="2023-03-22T10:50:35" hostname="fv-az487-0" time="0.674">
  <properties/>
  <testcase name="compile1()" classname="de.uka.ilkd.key.gui.plugins.javac.JavaCompilerCheckFacadeTest" time="0.674"/>
  <system-out><![CDATA[/home/runner/work/key/key/key.ui/examples/firstTouch/06-BinarySearch/src
10:50:35,071 |-INFO in ch.qos.logback.classic.LoggerContext[default] - This is logback-classic version 1.4.5
10:50:35,088 |-INFO in ch.qos.logback.classic.LoggerContext[default] - Could NOT find resource [logback-test.xml]
10:50:35,092 |-INFO in ch.qos.logback.classic.LoggerContext[default] - Found resource [logback.xml] at [file:/home/runner/work/key/key/key.ui/build/resources/test/logback.xml]
10:50:35,092 |-WARN in ch.qos.logback.classic.util.DefaultJoranConfigurator@fade1fc - Resource [logback.xml] occurs multiple times on the classpath.
10:50:35,092 |-WARN in ch.qos.logback.classic.util.DefaultJoranConfigurator@fade1fc - Resource [logback.xml] occurs at [file:/home/runner/work/key/key/key.ui/build/resources/test/logback.xml]
10:50:35,092 |-WARN in ch.qos.logback.classic.util.DefaultJoranConfigurator@fade1fc - Resource [logback.xml] occurs at [jar:file:/home/runner/work/key/key/key.ui/build/libs/key.ui-2.11.0.jar!/logback.xml]
10:50:35,092 |-WARN in ch.qos.logback.classic.util.DefaultJoranConfigurator@fade1fc - Resource [logback.xml] occurs at [file:/home/runner/work/key/key/key.ui/build/resources/main/logback.xml]
10:50:35,177 |-INFO in ch.qos.logback.core.model.processor.AppenderModelHandler - Processing appender named [STDOUT]
10:50:35,177 |-INFO in ch.qos.logback.core.model.processor.AppenderModelHandler - About to instantiate appender of type [ch.qos.logback.core.ConsoleAppender]
10:50:35,182 |-WARN in ch.qos.logback.core.model.processor.ImplicitModelHandler - Ignoring unknown property [file] in [ch.qos.logback.core.ConsoleAppender]
10:50:35,182 |-WARN in ch.qos.logback.core.model.processor.ImplicitModelHandler - Ignoring unknown property [append] in [ch.qos.logback.core.ConsoleAppender]
10:50:35,183 |-INFO in ch.qos.logback.core.model.processor.ImplicitModelHandler - Assuming default type [ch.qos.logback.classic.encoder.PatternLayoutEncoder] for [encoder] property
10:50:35,197 |-INFO in ch.qos.logback.classic.model.processor.RootLoggerModelHandler - Setting level of ROOT logger to WARN
10:50:35,198 |-INFO in ch.qos.logback.core.model.processor.AppenderRefModelHandler - Attaching appender named [STDOUT] to Logger[ROOT]
10:50:35,198 |-INFO in ch.qos.logback.core.model.processor.DefaultProcessor@67c2e933 - End of configuration.
10:50:35,199 |-INFO in ch.qos.logback.classic.joran.JoranConfigurator@41dd05a - Registering current configuration as safe fallback point

]]></system-out>
  <system-err><![CDATA[]]></system-err>
</testsuite>
